<?xml version="1.0" encoding="UTF-8"?>
<testsuite xmlns:xsi="http://www.w3.org/2001/XMLSchema-instance" xsi:noNamespaceSchemaLocation="https://maven.apache.org/surefire/maven-failsafe-plugin/xsd/failsafe-test-report.xsd" version="3.0.2" name="io.apicurio.tests.serdes.apicurio.AvroSerdeIT" time="50.457" tests="21" errors="3" skipped="2" failures="0">
  <properties>
    <property name="java.specification.version" value="17"/>
    <property name="sun.jnu.encoding" value="UTF-8"/>
    <property name="java.class.path" value="/home/runner/work/apicurio-testing/apicurio-testing/clusters/ci419/namespaces/inmemory/tests/integration/apicurio-registry/integration-tests/target/test-classes:/home/runner/work/apicurio-testing/apicurio-testing/clusters/ci419/namespaces/inmemory/tests/integration/apicurio-registry/integration-tests/target/apicurio-registry-integration-tests-3.0.9.jar:/home/runner/.m2/repository/io/quarkus/quarkus-junit5/3.15.4/quarkus-junit5-3.15.4.jar:/home/runner/.m2/repository/io/quarkus/quarkus-bootstrap-core/3.15.4/quarkus-bootstrap-core-3.15.4.jar:/home/runner/.m2/repository/io/quarkus/quarkus-classloader-commons/3.15.4/quarkus-classloader-commons-3.15.4.jar:/home/runner/.m2/repository/io/quarkus/quarkus-bootstrap-app-model/3.15.4/quarkus-bootstrap-app-model-3.15.4.jar:/home/runner/.m2/repository/io/smallrye/common/smallrye-common-io/2.6.1/smallrye-common-io-2.6.1.jar:/home/runner/.m2/repository/org/eclipse/sisu/org.eclipse.sisu.inject/0.9.0.M3/org.eclipse.sisu.inject-0.9.0.M3.jar:/home/runner/.m2/repository/io/quarkus/quarkus-test-common/3.15.4/quarkus-test-common-3.15.4.jar:/home/runner/.m2/repository/io/quarkus/quarkus-core-deployment/3.15.4/quarkus-core-deployment-3.15.4.jar:/home/runner/.m2/repository/org/aesh/readline/2.6/readline-2.6.jar:/home/runner/.m2/repository/org/fusesource/jansi/jansi/2.4.0/jansi-2.4.0.jar:/home/runner/.m2/repository/org/aesh/aesh/2.8.2/aesh-2.8.2.jar:/home/runner/.m2/repository/io/quarkus/gizmo/gizmo/1.8.0/gizmo-1.8.0.jar:/home/runner/.m2/repository/org/ow2/asm/asm-util/9.7/asm-util-9.7.jar:/home/runner/.m2/repository/org/ow2/asm/asm-analysis/9.7/asm-analysis-9.7.jar:/home/runner/.m2/repository/org/ow2/asm/asm-commons/9.7/asm-commons-9.7.jar:/home/runner/.m2/repository/org/ow2/asm/asm-tree/9.7/asm-tree-9.7.jar:/home/runner/.m2/repository/io/quarkus/quarkus-hibernate-validator-spi/3.15.4/quarkus-hibernate-validator-spi-3.15.4.jar:/home/runner/.m2/repository/io/quarkus/quarkus-class-change-agent/3.15.4/quarkus-class-change-agent-3.15.4.jar:/home/runner/.m2/repository/io/quarkus/quarkus-devtools-utilities/3.15.4/quarkus-devtools-utilities-3.15.4.jar:/home/runner/.m2/repository/io/quarkus/quarkus-builder/3.15.4/quarkus-builder-3.15.4.jar:/home/runner/.m2/repository/org/graalvm/sdk/nativeimage/23.1.2/nativeimage-23.1.2.jar:/home/runner/.m2/repository/org/graalvm/sdk/word/23.1.2/word-23.1.2.jar:/home/runner/.m2/repository/io/quarkus/quarkus-bootstrap-maven-resolver/3.15.4/quarkus-bootstrap-maven-resolver-3.15.4.jar:/home/runner/.m2/repository/io/smallrye/beanbag/smallrye-beanbag-maven/1.5.2/smallrye-beanbag-maven-1.5.2.jar:/home/runner/.m2/repository/io/smallrye/beanbag/smallrye-beanbag-sisu/1.5.2/smallrye-beanbag-sisu-1.5.2.jar:/home/runner/.m2/repository/io/smallrye/beanbag/smallrye-beanbag/1.5.2/smallrye-beanbag-1.5.2.jar:/home/runner/.m2/repository/javax/inject/javax.inject/1/javax.inject-1.jar:/home/runner/.m2/repository/org/apache/maven/maven-artifact/3.9.8/maven-artifact-3.9.8.jar:/home/runner/.m2/repository/org/apache/maven/maven-builder-support/3.9.8/maven-builder-support-3.9.8.jar:/home/runner/.m2/repository/org/apache/maven/maven-model/3.9.8/maven-model-3.9.8.jar:/home/runner/.m2/repository/org/apache/maven/maven-model-builder/3.9.8/maven-model-builder-3.9.8.jar:/home/runner/.m2/repository/org/apache/maven/maven-repository-metadata/3.9.8/maven-repository-metadata-3.9.8.jar:/home/runner/.m2/repository/org/apache/maven/maven-settings/3.9.8/maven-settings-3.9.8.jar:/home/runner/.m2/repository/org/apache/maven/resolver/maven-resolver-api/1.9.22/maven-resolver-api-1.9.22.jar:/home/runner/.m2/repository/org/apache/maven/resolver/maven-resolver-impl/1.9.22/maven-resolver-impl-1.9.22.jar:/home/runner/.m2/repository/org/apache/maven/resolver/maven-resolver-named-locks/1.9.22/maven-resolver-named-locks-1.9.22.jar:/home/runner/.m2/repository/org/apache/maven/resolver/maven-resolver-spi/1.9.22/maven-resolver-spi-1.9.22.jar:/home/runner/.m2/repository/org/apache/maven/resolver/maven-resolver-util/1.9.22/maven-resolver-util-1.9.22.jar:/home/runner/.m2/repository/org/apache/maven/resolver/maven-resolver-transport-http/1.9.20/maven-resolver-transport-http-1.9.20.jar:/home/runner/.m2/repository/org/apache/maven/wagon/wagon-provider-api/3.5.3/wagon-provider-api-3.5.3.jar:/home/runner/.m2/repository/org/apache/maven/wagon/wagon-http-shared/3.5.3/wagon-http-shared-3.5.3.jar:/home/runner/.m2/repository/org/codehaus/plexus/plexus-interpolation/1.26/plexus-interpolation-1.26.jar:/home/runner/.m2/repository/org/codehaus/plexus/plexus-utils/3.5.1/plexus-utils-3.5.1.jar:/home/runner/.m2/repository/org/codehaus/plexus/plexus-xml/4.0.1/plexus-xml-4.0.1.jar:/home/runner/.m2/repository/org/apache/maven/maven-xml-impl/4.0.0-alpha-5/maven-xml-impl-4.0.0-alpha-5.jar:/home/runner/.m2/repository/org/apache/maven/maven-api-xml/4.0.0-alpha-5/maven-api-xml-4.0.0-alpha-5.jar:/home/runner/.m2/repository/org/apache/maven/maven-api-meta/4.0.0-alpha-5/maven-api-meta-4.0.0-alpha-5.jar:/home/runner/.m2/repository/org/codehaus/plexus/plexus-cipher/2.0/plexus-cipher-2.0.jar:/home/runner/.m2/repository/org/codehaus/plexus/plexus-sec-dispatcher/2.0/plexus-sec-dispatcher-2.0.jar:/home/runner/.m2/repository/org/apache/maven/maven-embedder/3.9.8/maven-embedder-3.9.8.jar:/home/runner/.m2/repository/org/apache/maven/maven-core/3.9.8/maven-core-3.9.8.jar:/home/runner/.m2/repository/org/codehaus/plexus/plexus-component-annotations/2.1.0/plexus-component-annotations-2.1.0.jar:/home/runner/.m2/repository/org/apache/maven/maven-plugin-api/3.9.8/maven-plugin-api-3.9.8.jar:/home/runner/.m2/repository/org/apache/maven/shared/maven-shared-utils/3.4.2/maven-shared-utils-3.4.2.jar:/home/runner/.m2/repository/com/google/inject/guice/5.1.0/guice-5.1.0.jar:/home/runner/.m2/repository/aopalliance/aopalliance/1.0/aopalliance-1.0.jar:/home/runner/.m2/repository/javax/annotation/javax.annotation-api/1.3.2/javax.annotation-api-1.3.2.jar:/home/runner/.m2/repository/org/codehaus/plexus/plexus-classworlds/2.6.0/plexus-classworlds-2.6.0.jar:/home/runner/.m2/repository/commons-cli/commons-cli/1.8.0/commons-cli-1.8.0.jar:/home/runner/.m2/repository/org/eclipse/sisu/org.eclipse.sisu.plexus/0.9.0.M3/org.eclipse.sisu.plexus-0.9.0.M3.jar:/home/runner/.m2/repository/org/apache/maven/maven-settings-builder/3.9.8/maven-settings-builder-3.9.8.jar:/home/runner/.m2/repository/org/apache/maven/maven-resolver-provider/3.9.8/maven-resolver-provider-3.9.8.jar:/home/runner/.m2/repository/org/apache/maven/resolver/maven-resolver-connector-basic/1.9.22/maven-resolver-connector-basic-1.9.22.jar:/home/runner/.m2/repository/org/apache/maven/resolver/maven-resolver-transport-wagon/1.9.22/maven-resolver-transport-wagon-1.9.22.jar:/home/runner/.m2/repository/org/apache/maven/wagon/wagon-http/3.5.3/wagon-http-3.5.3.jar:/home/runner/.m2/repository/org/apache/maven/wagon/wagon-file/3.5.3/wagon-file-3.5.3.jar:/home/runner/.m2/repository/io/quarkus/quarkus-bootstrap-gradle-resolver/3.15.4/quarkus-bootstrap-gradle-resolver-3.15.4.jar:/home/runner/.m2/repository/io/smallrye/jandex/3.2.3/jandex-3.2.3.jar:/home/runner/.m2/repository/org/jboss/logging/commons-logging-jboss-logging/1.0.0.Final/commons-logging-jboss-logging-1.0.0.Final.jar:/home/runner/.m2/repository/io/quarkus/quarkus-junit5-properties/3.15.4/quarkus-junit5-properties-3.15.4.jar:/home/runner/.m2/repository/org/junit/jupiter/junit-jupiter/5.10.3/junit-jupiter-5.10.3.jar:/home/runner/.m2/repository/org/junit/jupiter/junit-jupiter-api/5.10.3/junit-jupiter-api-5.10.3.jar:/home/runner/.m2/repository/org/junit/jupiter/junit-jupiter-params/5.10.3/junit-jupiter-params-5.10.3.jar:/home/runner/.m2/repository/org/junit/jupiter/junit-jupiter-engine/5.10.3/junit-jupiter-engine-5.10.3.jar:/home/runner/.m2/repository/io/quarkus/quarkus-core/3.15.4/quarkus-core-3.15.4.jar:/home/runner/.m2/repository/jakarta/enterprise/jakarta.enterprise.cdi-api/4.1.0/jakarta.enterprise.cdi-api-4.1.0.jar:/home/runner/.m2/repository/jakarta/enterprise/jakarta.enterprise.lang-model/4.1.0/jakarta.enterprise.lang-model-4.1.0.jar:/home/runner/.m2/repository/jakarta/el/jakarta.el-api/5.0.1/jakarta.el-api-5.0.1.jar:/home/runner/.m2/repository/jakarta/interceptor/jakarta.interceptor-api/2.2.0/jakarta.interceptor-api-2.2.0.jar:/home/runner/.m2/repository/jakarta/inject/jakarta.inject-api/2.0.1/jakarta.inject-api-2.0.1.jar:/home/runner/.m2/repository/io/smallrye/common/smallrye-common-os/2.6.1/smallrye-common-os-2.6.1.jar:/home/runner/.m2/repository/io/quarkus/quarkus-ide-launcher/3.15.4/quarkus-ide-launcher-3.15.4.jar:/home/runner/.m2/repository/io/quarkus/quarkus-development-mode-spi/3.15.4/quarkus-development-mode-spi-3.15.4.jar:/home/runner/.m2/repository/io/smallrye/config/smallrye-config/3.9.1/smallrye-config-3.9.1.jar:/home/runner/.m2/repository/io/smallrye/config/smallrye-config-core/3.9.1/smallrye-config-core-3.9.1.jar:/home/runner/.m2/repository/io/smallrye/common/smallrye-common-annotation/2.6.1/smallrye-common-annotation-2.6.1.jar:/home/runner/.m2/repository/io/smallrye/common/smallrye-common-classloader/2.6.1/smallrye-common-classloader-2.6.1.jar:/home/runner/.m2/repository/io/smallrye/config/smallrye-config-common/3.9.1/smallrye-config-common-3.9.1.jar:/home/runner/.m2/repository/org/jboss/logging/jboss-logging/3.6.0.Final/jboss-logging-3.6.0.Final.jar:/home/runner/.m2/repository/org/jboss/logmanager/jboss-logmanager/3.1.1.Final/jboss-logmanager-3.1.1.Final.jar:/home/runner/.m2/repository/io/smallrye/common/smallrye-common-constraint/2.6.1/smallrye-common-constraint-2.6.1.jar:/home/runner/.m2/repository/io/smallrye/common/smallrye-common-cpu/2.6.1/smallrye-common-cpu-2.6.1.jar:/home/runner/.m2/repository/io/smallrye/common/smallrye-common-expression/2.6.1/smallrye-common-expression-2.6.1.jar:/home/runner/.m2/repository/io/smallrye/common/smallrye-common-function/2.6.1/smallrye-common-function-2.6.1.jar:/home/runner/.m2/repository/io/smallrye/common/smallrye-common-net/2.6.1/smallrye-common-net-2.6.1.jar:/home/runner/.m2/repository/io/smallrye/common/smallrye-common-ref/2.6.1/smallrye-common-ref-2.6.1.jar:/home/runner/.m2/repository/jakarta/json/jakarta.json-api/2.1.3/jakarta.json-api-2.1.3.jar:/home/runner/.m2/repository/org/eclipse/parsson/parsson/1.1.7/parsson-1.1.7.jar:/home/runner/.m2/repository/org/jboss/logging/jboss-logging-annotations/3.0.1.Final/jboss-logging-annotations-3.0.1.Final.jar:/home/runner/.m2/repository/org/jboss/threads/jboss-threads/3.6.1.Final/jboss-threads-3.6.1.Final.jar:/home/runner/.m2/repository/org/jboss/slf4j/slf4j-jboss-logmanager/2.0.0.Final/slf4j-jboss-logmanager-2.0.0.Final.jar:/home/runner/.m2/repository/org/wildfly/common/wildfly-common/1.7.0.Final/wildfly-common-1.7.0.Final.jar:/home/runner/.m2/repository/io/quarkus/quarkus-bootstrap-runner/3.15.4/quarkus-bootstrap-runner-3.15.4.jar:/home/runner/.m2/repository/io/github/crac/org-crac/0.1.3/org-crac-0.1.3.jar:/home/runner/.m2/repository/io/quarkus/quarkus-fs-util/0.0.10/quarkus-fs-util-0.0.10.jar:/home/runner/.m2/repository/org/jboss/marshalling/jboss-marshalling/2.2.1.Final/jboss-marshalling-2.2.1.Final.jar:/home/runner/.m2/repository/io/fabric8/kubernetes-client/6.13.5/kubernetes-client-6.13.5.jar:/home/runner/.m2/repository/io/fabric8/kubernetes-client-api/6.13.5/kubernetes-client-api-6.13.5.jar:/home/runner/.m2/repository/io/fabric8/kubernetes-model-core/6.13.5/kubernetes-model-core-6.13.5.jar:/home/runner/.m2/repository/io/fabric8/kubernetes-model-common/6.13.5/kubernetes-model-common-6.13.5.jar:/home/runner/.m2/repository/io/fabric8/kubernetes-model-gatewayapi/6.13.5/kubernetes-model-gatewayapi-6.13.5.jar:/home/runner/.m2/repository/io/fabric8/kubernetes-model-resource/6.13.5/kubernetes-model-resource-6.13.5.jar:/home/runner/.m2/repository/io/fabric8/kubernetes-model-rbac/6.13.5/kubernetes-model-rbac-6.13.5.jar:/home/runner/.m2/repository/io/fabric8/kubernetes-model-admissionregistration/6.13.5/kubernetes-model-admissionregistration-6.13.5.jar:/home/runner/.m2/repository/io/fabric8/kubernetes-model-apps/6.13.5/kubernetes-model-apps-6.13.5.jar:/home/runner/.m2/repository/io/fabric8/kubernetes-model-autoscaling/6.13.5/kubernetes-model-autoscaling-6.13.5.jar:/home/runner/.m2/repository/io/fabric8/kubernetes-model-apiextensions/6.13.5/kubernetes-model-apiextensions-6.13.5.jar:/home/runner/.m2/repository/io/fabric8/kubernetes-model-batch/6.13.5/kubernetes-model-batch-6.13.5.jar:/home/runner/.m2/repository/io/fabric8/kubernetes-model-certificates/6.13.5/kubernetes-model-certificates-6.13.5.jar:/home/runner/.m2/repository/io/fabric8/kubernetes-model-coordination/6.13.5/kubernetes-model-coordination-6.13.5.jar:/home/runner/.m2/repository/io/fabric8/kubernetes-model-discovery/6.13.5/kubernetes-model-discovery-6.13.5.jar:/home/runner/.m2/repository/io/fabric8/kubernetes-model-events/6.13.5/kubernetes-model-events-6.13.5.jar:/home/runner/.m2/repository/io/fabric8/kubernetes-model-extensions/6.13.5/kubernetes-model-extensions-6.13.5.jar:/home/runner/.m2/repository/io/fabric8/kubernetes-model-flowcontrol/6.13.5/kubernetes-model-flowcontrol-6.13.5.jar:/home/runner/.m2/repository/io/fabric8/kubernetes-model-networking/6.13.5/kubernetes-model-networking-6.13.5.jar:/home/runner/.m2/repository/io/fabric8/kubernetes-model-metrics/6.13.5/kubernetes-model-metrics-6.13.5.jar:/home/runner/.m2/repository/io/fabric8/kubernetes-model-policy/6.13.5/kubernetes-model-policy-6.13.5.jar:/home/runner/.m2/repository/io/fabric8/kubernetes-model-scheduling/6.13.5/kubernetes-model-scheduling-6.13.5.jar:/home/runner/.m2/repository/io/fabric8/kubernetes-model-storageclass/6.13.5/kubernetes-model-storageclass-6.13.5.jar:/home/runner/.m2/repository/io/fabric8/kubernetes-model-node/6.13.5/kubernetes-model-node-6.13.5.jar:/home/runner/.m2/repository/org/snakeyaml/snakeyaml-engine/2.7/snakeyaml-engine-2.7.jar:/home/runner/.m2/repository/com/fasterxml/jackson/dataformat/jackson-dataformat-yaml/2.15.2/jackson-dataformat-yaml-2.15.2.jar:/home/runner/.m2/repository/com/fasterxml/jackson/datatype/jackson-datatype-jsr310/2.17.2/jackson-datatype-jsr310-2.17.2.jar:/home/runner/.m2/repository/io/fabric8/zjsonpatch/0.3.0/zjsonpatch-0.3.0.jar:/home/runner/.m2/repository/io/fabric8/kubernetes-httpclient-vertx/6.13.5/kubernetes-httpclient-vertx-6.13.5.jar:/home/runner/.m2/repository/io/vertx/vertx-web-client/4.5.13/vertx-web-client-4.5.13.jar:/home/runner/.m2/repository/io/vertx/vertx-web-common/4.5.13/vertx-web-common-4.5.13.jar:/home/runner/.m2/repository/io/vertx/vertx-auth-common/4.5.13/vertx-auth-common-4.5.13.jar:/home/runner/.m2/repository/io/vertx/vertx-uri-template/4.5.13/vertx-uri-template-4.5.13.jar:/home/runner/.m2/repository/io/fabric8/openshift-client/6.13.5/openshift-client-6.13.5.jar:/home/runner/.m2/repository/io/fabric8/openshift-client-api/6.13.5/openshift-client-api-6.13.5.jar:/home/runner/.m2/repository/io/fabric8/openshift-model/6.13.5/openshift-model-6.13.5.jar:/home/runner/.m2/repository/io/fabric8/openshift-model-clusterautoscaling/6.13.5/openshift-model-clusterautoscaling-6.13.5.jar:/home/runner/.m2/repository/io/fabric8/openshift-model-operator/6.13.5/openshift-model-operator-6.13.5.jar:/home/runner/.m2/repository/io/fabric8/openshift-model-operatorhub/6.13.5/openshift-model-operatorhub-6.13.5.jar:/home/runner/.m2/repository/io/fabric8/openshift-model-machine/6.13.5/openshift-model-machine-6.13.5.jar:/home/runner/.m2/repository/io/fabric8/openshift-model-whereabouts/6.13.5/openshift-model-whereabouts-6.13.5.jar:/home/runner/.m2/repository/io/fabric8/openshift-model-monitoring/6.13.5/openshift-model-monitoring-6.13.5.jar:/home/runner/.m2/repository/io/fabric8/openshift-model-storageversionmigrator/6.13.5/openshift-model-storageversionmigrator-6.13.5.jar:/home/runner/.m2/repository/io/fabric8/openshift-model-tuned/6.13.5/openshift-model-tuned-6.13.5.jar:/home/runner/.m2/repository/io/fabric8/openshift-model-console/6.13.5/openshift-model-console-6.13.5.jar:/home/runner/.m2/repository/io/fabric8/openshift-model-config/6.13.5/openshift-model-config-6.13.5.jar:/home/runner/.m2/repository/io/fabric8/openshift-model-machineconfig/6.13.5/openshift-model-machineconfig-6.13.5.jar:/home/runner/.m2/repository/io/fabric8/openshift-model-miscellaneous/6.13.5/openshift-model-miscellaneous-6.13.5.jar:/home/runner/.m2/repository/io/fabric8/openshift-model-hive/6.13.5/openshift-model-hive-6.13.5.jar:/home/runner/.m2/repository/io/fabric8/openshift-model-installer/6.13.5/openshift-model-installer-6.13.5.jar:/home/runner/.m2/repository/com/github/mifmif/generex/1.0.2/generex-1.0.2.jar:/home/runner/.m2/repository/dk/brics/automaton/automaton/1.11-8/automaton-1.11-8.jar:/home/runner/.m2/repository/org/junit/platform/junit-platform-launcher/1.10.3/junit-platform-launcher-1.10.3.jar:/home/runner/.m2/repository/org/junit/platform/junit-platform-engine/1.10.3/junit-platform-engine-1.10.3.jar:/home/runner/.m2/repository/org/opentest4j/opentest4j/1.3.0/opentest4j-1.3.0.jar:/home/runner/.m2/repository/org/junit/platform/junit-platform-commons/1.10.3/junit-platform-commons-1.10.3.jar:/home/runner/.m2/repository/org/apiguardian/apiguardian-api/1.1.2/apiguardian-api-1.1.2.jar:/home/runner/.m2/repository/jakarta/ws/rs/jakarta.ws.rs-api/3.1.0/jakarta.ws.rs-api-3.1.0.jar:/home/runner/work/apicurio-testing/apicurio-testing/clusters/ci419/namespaces/inmemory/tests/integration/apicurio-registry/java-sdk/target/apicurio-registry-java-sdk-3.0.9.jar:/home/runner/.m2/repository/com/microsoft/kiota/microsoft-kiota-abstractions/1.8.4/microsoft-kiota-abstractions-1.8.4.jar:/home/runner/.m2/repository/io/github/std-uritemplate/std-uritemplate/2.0.0/std-uritemplate-2.0.0.jar:/home/runner/.m2/repository/io/kiota/kiota-http-jdk/0.0.21/kiota-http-jdk-0.0.21.jar:/home/runner/.m2/repository/io/kiota/kiota-http-vertx/0.0.21/kiota-http-vertx-0.0.21.jar:/home/runner/.m2/repository/io/kiota/kiota-serialization-jackson/0.0.21/kiota-serialization-jackson-0.0.21.jar:/home/runner/.m2/repository/com/microsoft/kiota/microsoft-kiota-serialization-text/1.8.4/microsoft-kiota-serialization-text-1.8.4.jar:/home/runner/.m2/repository/com/microsoft/kiota/microsoft-kiota-serialization-form/1.8.4/microsoft-kiota-serialization-form-1.8.4.jar:/home/runner/.m2/repository/com/microsoft/kiota/microsoft-kiota-serialization-multipart/1.8.4/microsoft-kiota-serialization-multipart-1.8.4.jar:/home/runner/.m2/repository/jakarta/annotation/jakarta.annotation-api/3.0.0/jakarta.annotation-api-3.0.0.jar:/home/runner/.m2/repository/io/vertx/vertx-auth-oauth2/4.5.13/vertx-auth-oauth2-4.5.13.jar:/home/runner/work/apicurio-testing/apicurio-testing/clusters/ci419/namespaces/inmemory/tests/integration/apicurio-registry/java-sdk-v2/target/apicurio-registry-v2-java-sdk-3.0.9.jar:/home/runner/work/apicurio-testing/apicurio-testing/clusters/ci419/namespaces/inmemory/tests/integration/apicurio-registry/utils/kafka/target/apicurio-registry-utils-kafka-3.0.9-tests.jar:/home/runner/.m2/repository/org/eclipse/microprofile/config/microprofile-config-api/3.1/microprofile-config-api-3.1.jar:/home/runner/.m2/repository/org/apache/kafka/kafka-clients/3.9.0/kafka-clients-3.9.0.jar:/home/runner/.m2/repository/com/github/luben/zstd-jni/1.5.6-4/zstd-jni-1.5.6-4.jar:/home/runner/.m2/repository/org/lz4/lz4-java/1.8.0/lz4-java-1.8.0.jar:/home/runner/.m2/repository/org/xerial/snappy/snappy-java/1.1.10.5/snappy-java-1.1.10.5.jar:/home/runner/.m2/repository/org/slf4j/slf4j-api/2.0.6/slf4j-api-2.0.6.jar:/home/runner/work/apicurio-testing/apicurio-testing/clusters/ci419/namespaces/inmemory/tests/integration/apicurio-registry/utils/tests/target/apicurio-registry-utils-tests-3.0.9.jar:/home/runner/work/apicurio-testing/apicurio-testing/clusters/ci419/namespaces/inmemory/tests/integration/apicurio-registry/common/target/apicurio-registry-common-3.0.9.jar:/home/runner/.m2/repository/jakarta/validation/jakarta.validation-api/3.0.2/jakarta.validation-api-3.0.2.jar:/home/runner/.m2/repository/com/github/dasniko/testcontainers-keycloak/3.6.0/testcontainers-keycloak-3.6.0.jar:/home/runner/.m2/repository/org/testcontainers/testcontainers/1.20.1/testcontainers-1.20.1.jar:/home/runner/.m2/repository/org/rnorth/duct-tape/duct-tape/1.0.8/duct-tape-1.0.8.jar:/home/runner/.m2/repository/org/jetbrains/annotations/24.1.0/annotations-24.1.0.jar:/home/runner/.m2/repository/com/github/docker-java/docker-java-transport-zerodep/3.4.0/docker-java-transport-zerodep-3.4.0.jar:/home/runner/.m2/repository/com/github/docker-java/docker-java-transport/3.4.0/docker-java-transport-3.4.0.jar:/home/runner/.m2/repository/net/java/dev/jna/jna/5.8.0/jna-5.8.0.jar:/home/runner/.m2/repository/io/quarkus/quarkus-junit4-mock/3.15.4/quarkus-junit4-mock-3.15.4.jar:/home/runner/.m2/repository/org/jboss/shrinkwrap/shrinkwrap-api/2.0.0-beta-2/shrinkwrap-api-2.0.0-beta-2.jar:/home/runner/.m2/repository/org/jboss/shrinkwrap/shrinkwrap-impl-base/2.0.0-beta-2/shrinkwrap-impl-base-2.0.0-beta-2.jar:/home/runner/.m2/repository/org/jboss/shrinkwrap/shrinkwrap-spi/2.0.0-beta-2/shrinkwrap-spi-2.0.0-beta-2.jar:/home/runner/.m2/repository/org/keycloak/keycloak-admin-client/25.0.6/keycloak-admin-client-25.0.6.jar:/home/runner/.m2/repository/org/keycloak/keycloak-core/25.0.6/keycloak-core-25.0.6.jar:/home/runner/.m2/repository/org/keycloak/keycloak-common/25.0.6/keycloak-common-25.0.6.jar:/home/runner/.m2/repository/org/jboss/resteasy/resteasy-client/6.2.9.Final/resteasy-client-6.2.9.Final.jar:/home/runner/.m2/repository/org/jboss/resteasy/resteasy-client-api/6.2.9.Final/resteasy-client-api-6.2.9.Final.jar:/home/runner/.m2/repository/org/jboss/resteasy/resteasy-core-spi/6.2.9.Final/resteasy-core-spi-6.2.9.Final.jar:/home/runner/.m2/repository/org/jboss/resteasy/resteasy-core/6.2.9.Final/resteasy-core-6.2.9.Final.jar:/home/runner/.m2/repository/org/eclipse/angus/angus-activation/2.0.2/angus-activation-2.0.2.jar:/home/runner/.m2/repository/com/ibm/async/asyncutil/0.1.0/asyncutil-0.1.0.jar:/home/runner/.m2/repository/org/reactivestreams/reactive-streams/1.0.4/reactive-streams-1.0.4.jar:/home/runner/.m2/repository/org/jboss/resteasy/resteasy-multipart-provider/6.2.9.Final/resteasy-multipart-provider-6.2.9.Final.jar:/home/runner/.m2/repository/jakarta/mail/jakarta.mail-api/2.1.2/jakarta.mail-api-2.1.2.jar:/home/runner/.m2/repository/org/eclipse/angus/angus-mail/2.0.3/angus-mail-2.0.3.jar:/home/runner/.m2/repository/org/apache/james/apache-mime4j-dom/0.8.11/apache-mime4j-dom-0.8.11.jar:/home/runner/.m2/repository/org/apache/james/apache-mime4j-core/0.8.11/apache-mime4j-core-0.8.11.jar:/home/runner/.m2/repository/org/apache/james/apache-mime4j-storage/0.8.11/apache-mime4j-storage-0.8.11.jar:/home/runner/.m2/repository/org/jboss/resteasy/resteasy-jackson2-provider/6.2.9.Final/resteasy-jackson2-provider-6.2.9.Final.jar:/home/runner/.m2/repository/com/fasterxml/jackson/jakarta/rs/jackson-jakarta-rs-base/2.17.2/jackson-jakarta-rs-base-2.17.2.jar:/home/runner/.m2/repository/com/fasterxml/jackson/jakarta/rs/jackson-jakarta-rs-json-provider/2.17.2/jackson-jakarta-rs-json-provider-2.17.2.jar:/home/runner/.m2/repository/com/fasterxml/jackson/module/jackson-module-jakarta-xmlbind-annotations/2.17.2/jackson-module-jakarta-xmlbind-annotations-2.17.2.jar:/home/runner/.m2/repository/com/github/java-json-tools/json-patch/1.13/json-patch-1.13.jar:/home/runner/.m2/repository/com/github/java-json-tools/msg-simple/1.2/msg-simple-1.2.jar:/home/runner/.m2/repository/com/github/java-json-tools/btf/1.3/btf-1.3.jar:/home/runner/.m2/repository/com/github/java-json-tools/jackson-coreutils/2.0/jackson-coreutils-2.0.jar:/home/runner/.m2/repository/org/jboss/resteasy/resteasy-jaxb-provider/6.2.9.Final/resteasy-jaxb-provider-6.2.9.Final.jar:/home/runner/.m2/repository/org/glassfish/jaxb/codemodel/4.0.3/codemodel-4.0.3.jar:/home/runner/.m2/repository/org/glassfish/jaxb/jaxb-core/4.0.5/jaxb-core-4.0.5.jar:/home/runner/.m2/repository/org/glassfish/jaxb/jaxb-jxc/4.0.3/jaxb-jxc-4.0.3.jar:/home/runner/.m2/repository/org/glassfish/jaxb/jaxb-runtime/4.0.5/jaxb-runtime-4.0.5.jar:/home/runner/.m2/repository/org/glassfish/jaxb/txw2/4.0.5/txw2-4.0.5.jar:/home/runner/.m2/repository/org/glassfish/jaxb/jaxb-xjc/4.0.3/jaxb-xjc-4.0.3.jar:/home/runner/.m2/repository/org/glassfish/jaxb/xsom/4.0.3/xsom-4.0.3.jar:/home/runner/.m2/repository/com/sun/istack/istack-commons-runtime/4.1.2/istack-commons-runtime-4.1.2.jar:/home/runner/.m2/repository/com/sun/istack/istack-commons-tools/4.1.2/istack-commons-tools-4.1.2.jar:/home/runner/.m2/repository/com/sun/xml/bind/external/relaxng-datatype/4.0.3/relaxng-datatype-4.0.3.jar:/home/runner/.m2/repository/com/sun/xml/bind/external/rngom/4.0.3/rngom-4.0.3.jar:/home/runner/.m2/repository/org/testcontainers/mssqlserver/1.20.1/mssqlserver-1.20.1.jar:/home/runner/.m2/repository/org/testcontainers/jdbc/1.20.1/jdbc-1.20.1.jar:/home/runner/.m2/repository/org/testcontainers/database-commons/1.20.1/database-commons-1.20.1.jar:/home/runner/.m2/repository/org/testcontainers/mysql/1.20.1/mysql-1.20.1.jar:/home/runner/.m2/repository/io/strimzi/strimzi-test-container/0.107.0/strimzi-test-container-0.107.0.jar:/home/runner/.m2/repository/org/testcontainers/toxiproxy/1.20.1/toxiproxy-1.20.1.jar:/home/runner/.m2/repository/com/github/docker-java/docker-java-api/3.4.0/docker-java-api-3.4.0.jar:/home/runner/.m2/repository/eu/rekawek/toxiproxy/toxiproxy-java/2.1.7/toxiproxy-java-2.1.7.jar:/home/runner/.m2/repository/junit/junit/4.13.2/junit-4.13.2.jar:/home/runner/.m2/repository/org/hamcrest/hamcrest-core/1.3/hamcrest-core-1.3.jar:/home/runner/.m2/repository/org/testcontainers/pulsar/1.20.4/pulsar-1.20.4.jar:/home/runner/.m2/repository/io/debezium/debezium-testing-testcontainers/2.6.2.Final/debezium-testing-testcontainers-2.6.2.Final.jar:/home/runner/.m2/repository/org/testcontainers/kafka/1.20.1/kafka-1.20.1.jar:/home/runner/.m2/repository/com/squareup/okhttp3/okhttp/4.8.1/okhttp-4.8.1.jar:/home/runner/.m2/repository/com/squareup/okio/okio/3.10.2/okio-3.10.2.jar:/home/runner/.m2/repository/com/squareup/okio/okio-jvm/3.10.2/okio-jvm-3.10.2.jar:/home/runner/.m2/repository/org/jetbrains/kotlin/kotlin-stdlib/2.0.10/kotlin-stdlib-2.0.10.jar:/home/runner/.m2/repository/org/awaitility/awaitility/4.2.2/awaitility-4.2.2.jar:/home/runner/.m2/repository/org/testcontainers/mongodb/1.20.1/mongodb-1.20.1.jar:/home/runner/.m2/repository/org/testcontainers/oracle-xe/1.20.1/oracle-xe-1.20.1.jar:/home/runner/.m2/repository/org/testcontainers/postgresql/1.20.1/postgresql-1.20.1.jar:/home/runner/.m2/repository/org/wiremock/wiremock/3.0.1/wiremock-3.0.1.jar:/home/runner/.m2/repository/org/eclipse/jetty/jetty-server/11.0.15/jetty-server-11.0.15.jar:/home/runner/.m2/repository/org/eclipse/jetty/toolchain/jetty-jakarta-servlet-api/5.0.2/jetty-jakarta-servlet-api-5.0.2.jar:/home/runner/.m2/repository/org/eclipse/jetty/jetty-http/11.0.15/jetty-http-11.0.15.jar:/home/runner/.m2/repository/org/eclipse/jetty/jetty-io/11.0.15/jetty-io-11.0.15.jar:/home/runner/.m2/repository/org/eclipse/jetty/jetty-servlet/11.0.15/jetty-servlet-11.0.15.jar:/home/runner/.m2/repository/org/eclipse/jetty/jetty-security/11.0.15/jetty-security-11.0.15.jar:/home/runner/.m2/repository/org/eclipse/jetty/jetty-servlets/11.0.15/jetty-servlets-11.0.15.jar:/home/runner/.m2/repository/org/eclipse/jetty/jetty-util/11.0.15/jetty-util-11.0.15.jar:/home/runner/.m2/repository/org/eclipse/jetty/jetty-webapp/11.0.15/jetty-webapp-11.0.15.jar:/home/runner/.m2/repository/org/eclipse/jetty/jetty-xml/11.0.15/jetty-xml-11.0.15.jar:/home/runner/.m2/repository/org/eclipse/jetty/jetty-proxy/11.0.15/jetty-proxy-11.0.15.jar:/home/runner/.m2/repository/org/eclipse/jetty/jetty-client/11.0.15/jetty-client-11.0.15.jar:/home/runner/.m2/repository/org/eclipse/jetty/http2/http2-server/11.0.15/http2-server-11.0.15.jar:/home/runner/.m2/repository/org/eclipse/jetty/http2/http2-common/11.0.15/http2-common-11.0.15.jar:/home/runner/.m2/repository/org/eclipse/jetty/http2/http2-hpack/11.0.15/http2-hpack-11.0.15.jar:/home/runner/.m2/repository/org/eclipse/jetty/jetty-alpn-server/11.0.15/jetty-alpn-server-11.0.15.jar:/home/runner/.m2/repository/org/eclipse/jetty/jetty-alpn-java-server/11.0.15/jetty-alpn-java-server-11.0.15.jar:/home/runner/.m2/repository/org/eclipse/jetty/jetty-alpn-java-client/11.0.15/jetty-alpn-java-client-11.0.15.jar:/home/runner/.m2/repository/org/eclipse/jetty/jetty-alpn-client/11.0.15/jetty-alpn-client-11.0.15.jar:/home/runner/.m2/repository/org/apache/httpcomponents/client5/httpclient5/5.2.1/httpclient5-5.2.1.jar:/home/runner/.m2/repository/org/apache/httpcomponents/core5/httpcore5/5.2/httpcore5-5.2.jar:/home/runner/.m2/repository/org/apache/httpcomponents/core5/httpcore5-h2/5.2/httpcore5-h2-5.2.jar:/home/runner/.m2/repository/org/xmlunit/xmlunit-core/2.9.1/xmlunit-core-2.9.1.jar:/home/runner/.m2/repository/jakarta/xml/bind/jakarta.xml.bind-api/4.0.2/jakarta.xml.bind-api-4.0.2.jar:/home/runner/.m2/repository/jakarta/activation/jakarta.activation-api/2.1.3/jakarta.activation-api-2.1.3.jar:/home/runner/.m2/repository/org/xmlunit/xmlunit-legacy/2.9.1/xmlunit-legacy-2.9.1.jar:/home/runner/.m2/repository/org/xmlunit/xmlunit-placeholders/2.9.1/xmlunit-placeholders-2.9.1.jar:/home/runner/.m2/repository/net/javacrumbs/json-unit/json-unit-core/2.38.0/json-unit-core-2.38.0.jar:/home/runner/.m2/repository/com/jayway/jsonpath/json-path/2.8.0/json-path-2.8.0.jar:/home/runner/.m2/repository/net/minidev/json-smart/2.4.10/json-smart-2.4.10.jar:/home/runner/.m2/repository/net/minidev/accessors-smart/2.4.9/accessors-smart-2.4.9.jar:/home/runner/.m2/repository/org/ow2/asm/asm/9.7/asm-9.7.jar:/home/runner/.m2/repository/net/sf/jopt-simple/jopt-simple/5.0.4/jopt-simple-5.0.4.jar:/home/runner/.m2/repository/com/github/jknack/handlebars/4.3.1/handlebars-4.3.1.jar:/home/runner/.m2/repository/com/github/jknack/handlebars-helpers/4.3.1/handlebars-helpers-4.3.1.jar:/home/runner/.m2/repository/commons-fileupload/commons-fileupload/1.5/commons-fileupload-1.5.jar:/home/runner/.m2/repository/com/networknt/json-schema-validator/1.5.5/json-schema-validator-1.5.5.jar:/home/runner/.m2/repository/com/ethlo/time/itu/1.10.3/itu-1.10.3.jar:/home/runner/.m2/repository/io/quarkus/quarkus-smallrye-jwt-build/3.15.4/quarkus-smallrye-jwt-build-3.15.4.jar:/home/runner/.m2/repository/io/smallrye/smallrye-jwt-build/4.5.3/smallrye-jwt-build-4.5.3.jar:/home/runner/.m2/repository/org/eclipse/microprofile/jwt/microprofile-jwt-auth-api/2.1/microprofile-jwt-auth-api-2.1.jar:/home/runner/.m2/repository/org/bitbucket/b_c/jose4j/0.9.6/jose4j-0.9.6.jar:/home/runner/.m2/repository/io/smallrye/smallrye-jwt-common/4.5.3/smallrye-jwt-common-4.5.3.jar:/home/runner/.m2/repository/io/quarkus/quarkus-jsonp/3.15.4/quarkus-jsonp-3.15.4.jar:/home/runner/.m2/repository/io/quarkus/quarkus-arc/3.15.4/quarkus-arc-3.15.4.jar:/home/runner/.m2/repository/io/quarkus/arc/arc/3.15.4/arc-3.15.4.jar:/home/runner/.m2/repository/jakarta/transaction/jakarta.transaction-api/2.0.1/jakarta.transaction-api-2.0.1.jar:/home/runner/.m2/repository/io/smallrye/reactive/mutiny/2.6.2/mutiny-2.6.2.jar:/home/runner/.m2/repository/org/jctools/jctools-core/4.0.5/jctools-core-4.0.5.jar:/home/runner/.m2/repository/org/eclipse/microprofile/context-propagation/microprofile-context-propagation-api/1.3/microprofile-context-propagation-api-1.3.jar:/home/runner/.m2/repository/io/apicurio/apicurio-common-rest-client-common/0.1.18.Final/apicurio-common-rest-client-common-0.1.18.Final.jar:/home/runner/work/apicurio-testing/apicurio-testing/clusters/ci419/namespaces/inmemory/tests/integration/apicurio-registry/utils/maven-plugin/target/apicurio-registry-maven-plugin-3.0.9.jar:/home/runner/.m2/repository/com/fasterxml/jackson/core/jackson-databind/2.17.2/jackson-databind-2.17.2.jar:/home/runner/.m2/repository/org/apache/avro/avro/1.12.0/avro-1.12.0.jar:/home/runner/.m2/repository/com/google/protobuf/protobuf-java/3.25.8/protobuf-java-3.25.8.jar:/home/runner/.m2/repository/com/google/protobuf/protobuf-java-util/3.25.8/protobuf-java-util-3.25.8.jar:/home/runner/.m2/repository/com/google/code/findbugs/jsr305/3.0.2/jsr305-3.0.2.jar:/home/runner/.m2/repository/com/google/code/gson/gson/2.11.0/gson-2.11.0.jar:/home/runner/.m2/repository/com/google/errorprone/error_prone_annotations/2.30.0/error_prone_annotations-2.30.0.jar:/home/runner/.m2/repository/com/google/j2objc/j2objc-annotations/2.8/j2objc-annotations-2.8.jar:/home/runner/work/apicurio-testing/apicurio-testing/clusters/ci419/namespaces/inmemory/tests/integration/apicurio-registry/schema-util/util-provider/target/apicurio-registry-schema-util-provider-3.0.9.jar:/home/runner/work/apicurio-testing/apicurio-testing/clusters/ci419/namespaces/inmemory/tests/integration/apicurio-registry/schema-util/common/target/apicurio-registry-schema-util-common-3.0.9.jar:/home/runner/.m2/repository/com/fasterxml/jackson/module/jackson-module-parameter-names/2.17.2/jackson-module-parameter-names-2.17.2.jar:/home/runner/.m2/repository/com/fasterxml/jackson/datatype/jackson-datatype-json-org/2.18.2/jackson-datatype-json-org-2.18.2.jar:/home/runner/work/apicurio-testing/apicurio-testing/clusters/ci419/namespaces/inmemory/tests/integration/apicurio-registry/schema-util/json/target/apicurio-registry-schema-util-json-3.0.9.jar:/home/runner/.m2/repository/com/github/erosb/everit-json-schema/1.14.5/everit-json-schema-1.14.5.jar:/home/runner/.m2/repository/commons-validator/commons-validator/1.9.0/commons-validator-1.9.0.jar:/home/runner/.m2/repository/commons-digester/commons-digester/2.1/commons-digester-2.1.jar:/home/runner/.m2/repository/commons-collections/commons-collections/3.2.2/commons-collections-3.2.2.jar:/home/runner/.m2/repository/com/damnhandy/handy-uri-templates/2.1.8/handy-uri-templates-2.1.8.jar:/home/runner/.m2/repository/joda-time/joda-time/2.10.2/joda-time-2.10.2.jar:/home/runner/.m2/repository/com/github/erosb/json-sKema/0.20.0/json-sKema-0.20.0.jar:/home/runner/.m2/repository/io/vertx/vertx-json-schema/4.5.13/vertx-json-schema-4.5.13.jar:/home/runner/work/apicurio-testing/apicurio-testing/clusters/ci419/namespaces/inmemory/tests/integration/apicurio-registry/schema-util/protobuf/target/apicurio-registry-schema-util-protobuf-3.0.9.jar:/home/runner/work/apicurio-testing/apicurio-testing/clusters/ci419/namespaces/inmemory/tests/integration/apicurio-registry/utils/protobuf-schema-utilities/target/apicurio-registry-protobuf-schema-utilities-3.0.9.jar:/home/runner/.m2/repository/com/google/api/grpc/proto-google-common-protos/2.52.0/proto-google-common-protos-2.52.0.jar:/home/runner/.m2/repository/com/squareup/wire/wire-schema-jvm/5.1.0/wire-schema-jvm-5.1.0.jar:/home/runner/.m2/repository/com/squareup/javapoet/1.13.0/javapoet-1.13.0.jar:/home/runner/.m2/repository/com/squareup/kotlinpoet-jvm/1.18.1/kotlinpoet-jvm-1.18.1.jar:/home/runner/.m2/repository/org/jetbrains/kotlin/kotlin-reflect/2.0.10/kotlin-reflect-2.0.10.jar:/home/runner/.m2/repository/com/squareup/wire/wire-runtime-jvm/5.1.0/wire-runtime-jvm-5.1.0.jar:/home/runner/.m2/repository/com/ibm/icu/icu4j/76.1/icu4j-76.1.jar:/home/runner/.m2/repository/com/squareup/okio/okio-fakefilesystem/3.10.2/okio-fakefilesystem-3.10.2.jar:/home/runner/.m2/repository/com/squareup/okio/okio-fakefilesystem-jvm/3.10.2/okio-fakefilesystem-jvm-3.10.2.jar:/home/runner/.m2/repository/org/jetbrains/kotlinx/kotlinx-datetime-jvm/0.6.1/kotlinx-datetime-jvm-0.6.1.jar:/home/runner/work/apicurio-testing/apicurio-testing/clusters/ci419/namespaces/inmemory/tests/integration/apicurio-registry/schema-util/asyncapi/target/apicurio-registry-schema-util-asyncapi-3.0.9.jar:/home/runner/work/apicurio-testing/apicurio-testing/clusters/ci419/namespaces/inmemory/tests/integration/apicurio-registry/schema-util/avro/target/apicurio-registry-schema-util-avro-3.0.9.jar:/home/runner/work/apicurio-testing/apicurio-testing/clusters/ci419/namespaces/inmemory/tests/integration/apicurio-registry/schema-util/graphql/target/apicurio-registry-schema-util-graphql-3.0.9.jar:/home/runner/.m2/repository/com/graphql-java/graphql-java/22.3/graphql-java-22.3.jar:/home/runner/.m2/repository/com/graphql-java/java-dataloader/3.3.0/java-dataloader-3.3.0.jar:/home/runner/work/apicurio-testing/apicurio-testing/clusters/ci419/namespaces/inmemory/tests/integration/apicurio-registry/schema-util/kconnect/target/apicurio-registry-schema-util-kconnect-3.0.9.jar:/home/runner/work/apicurio-testing/apicurio-testing/clusters/ci419/namespaces/inmemory/tests/integration/apicurio-registry/schema-util/openapi/target/apicurio-registry-schema-util-openapi-3.0.9.jar:/home/runner/.m2/repository/io/apicurio/apicurio-data-models/2.2.1/apicurio-data-models-2.2.1.jar:/home/runner/.m2/repository/org/openapitools/openapidiff/openapi-diff-core/2.0.1/openapi-diff-core-2.0.1.jar:/home/runner/.m2/repository/io/swagger/parser/v3/swagger-parser/2.0.28/swagger-parser-2.0.28.jar:/home/runner/.m2/repository/io/swagger/parser/v3/swagger-parser-v2-converter/2.0.28/swagger-parser-v2-converter-2.0.28.jar:/home/runner/.m2/repository/io/swagger/swagger-core/1.6.3/swagger-core-1.6.3.jar:/home/runner/.m2/repository/io/swagger/swagger-models/1.6.3/swagger-models-1.6.3.jar:/home/runner/.m2/repository/io/swagger/swagger-annotations/1.6.3/swagger-annotations-1.6.3.jar:/home/runner/.m2/repository/io/swagger/swagger-parser/1.0.56/swagger-parser-1.0.56.jar:/home/runner/.m2/repository/io/swagger/swagger-compat-spec-parser/1.0.56/swagger-compat-spec-parser-1.0.56.jar:/home/runner/.m2/repository/com/github/java-json-tools/json-schema-validator/2.2.14/json-schema-validator-2.2.14.jar:/home/runner/.m2/repository/com/github/java-json-tools/jackson-coreutils-equivalence/1.0/jackson-coreutils-equivalence-1.0.jar:/home/runner/.m2/repository/com/github/java-json-tools/json-schema-core/1.2.14/json-schema-core-1.2.14.jar:/home/runner/.m2/repository/com/github/java-json-tools/uri-template/0.10/uri-template-0.10.jar:/home/runner/.m2/repository/com/sun/mail/mailapi/1.6.2/mailapi-1.6.2.jar:/home/runner/.m2/repository/com/googlecode/libphonenumber/libphonenumber/8.11.1/libphonenumber-8.11.1.jar:/home/runner/.m2/repository/com/j2html/j2html/1.5.0/j2html-1.5.0.jar:/home/runner/.m2/repository/org/apache/commons/commons-collections4/4.4/commons-collections4-4.4.jar:/home/runner/.m2/repository/commons-httpclient/commons-httpclient/3.1/commons-httpclient-3.1.jar:/home/runner/.m2/repository/io/swagger/parser/v3/swagger-parser-v3/2.1.25/swagger-parser-v3-2.1.25.jar:/home/runner/.m2/repository/io/swagger/core/v3/swagger-models/2.2.28/swagger-models-2.2.28.jar:/home/runner/.m2/repository/io/swagger/core/v3/swagger-core/2.2.28/swagger-core-2.2.28.jar:/home/runner/.m2/repository/io/swagger/parser/v3/swagger-parser-core/2.1.25/swagger-parser-core-2.1.25.jar:/home/runner/.m2/repository/io/swagger/parser/v3/swagger-parser-safe-url-resolver/2.1.25/swagger-parser-safe-url-resolver-2.1.25.jar:/home/runner/work/apicurio-testing/apicurio-testing/clusters/ci419/namespaces/inmemory/tests/integration/apicurio-registry/schema-util/wsdl/target/apicurio-registry-schema-util-wsdl-3.0.9.jar:/home/runner/.m2/repository/wsdl4j/wsdl4j/1.6.3/wsdl4j-1.6.3.jar:/home/runner/work/apicurio-testing/apicurio-testing/clusters/ci419/namespaces/inmemory/tests/integration/apicurio-registry/schema-util/xml/target/apicurio-registry-schema-util-xml-3.0.9.jar:/home/runner/.m2/repository/org/apache/santuario/xmlsec/4.0.3/xmlsec-4.0.3.jar:/home/runner/.m2/repository/com/fasterxml/woodstox/woodstox-core/7.1.0/woodstox-core-7.1.0.jar:/home/runner/.m2/repository/org/codehaus/woodstox/stax2-api/4.2.2/stax2-api-4.2.2.jar:/home/runner/work/apicurio-testing/apicurio-testing/clusters/ci419/namespaces/inmemory/tests/integration/apicurio-registry/schema-util/xsd/target/apicurio-registry-schema-util-xsd-3.0.9.jar:/home/runner/work/apicurio-testing/apicurio-testing/clusters/ci419/namespaces/inmemory/tests/integration/apicurio-registry/serdes/kafka/jsonschema-serde/target/apicurio-registry-jsonschema-serde-kafka-3.0.9.jar:/home/runner/work/apicurio-testing/apicurio-testing/clusters/ci419/namespaces/inmemory/tests/integration/apicurio-registry/serdes/kafka/serde-kafka-common/target/apicurio-registry-serde-kafka-common-3.0.9.jar:/home/runner/work/apicurio-testing/apicurio-testing/clusters/ci419/namespaces/inmemory/tests/integration/apicurio-registry/serdes/generic/serde-common/target/apicurio-registry-serde-common-3.0.9.jar:/home/runner/work/apicurio-testing/apicurio-testing/clusters/ci419/namespaces/inmemory/tests/integration/apicurio-registry/schema-resolver/target/apicurio-registry-schema-resolver-3.0.9.jar:/home/runner/work/apicurio-testing/apicurio-testing/clusters/ci419/namespaces/inmemory/tests/integration/apicurio-registry/serdes/generic/serde-common-jsonschema/target/apicurio-registry-serde-common-jsonschema-3.0.9.jar:/home/runner/.m2/repository/org/json/json/20250107/json-20250107.jar:/home/runner/work/apicurio-testing/apicurio-testing/clusters/ci419/namespaces/inmemory/tests/integration/apicurio-registry/serdes/kafka/avro-serde/target/apicurio-registry-avro-serde-kafka-3.0.9.jar:/home/runner/work/apicurio-testing/apicurio-testing/clusters/ci419/namespaces/inmemory/tests/integration/apicurio-registry/serdes/generic/serde-common-avro/target/apicurio-registry-serde-common-avro-3.0.9.jar:/home/runner/work/apicurio-testing/apicurio-testing/clusters/ci419/namespaces/inmemory/tests/integration/apicurio-registry/serdes/kafka/protobuf-serde/target/apicurio-registry-protobuf-serde-kafka-3.0.9.jar:/home/runner/work/apicurio-testing/apicurio-testing/clusters/ci419/namespaces/inmemory/tests/integration/apicurio-registry/serdes/generic/serde-common-protobuf/target/apicurio-registry-serde-common-protobuf-3.0.9.jar:/home/runner/.m2/repository/com/squareup/wire/wire-schema/5.1.0/wire-schema-5.1.0.jar:/home/runner/.m2/repository/com/squareup/wire/wire-runtime/5.1.0/wire-runtime-5.1.0.jar:/home/runner/work/apicurio-testing/apicurio-testing/clusters/ci419/namespaces/inmemory/tests/integration/apicurio-registry/serdes/pulsar/avro-serde/target/apicurio-registry-avro-serde-pulsar-3.0.9.jar:/home/runner/.m2/repository/org/apache/pulsar/pulsar-functions-api/3.3.4/pulsar-functions-api-3.3.4.jar:/home/runner/work/apicurio-testing/apicurio-testing/clusters/ci419/namespaces/inmemory/tests/integration/apicurio-registry/serdes/nats/avro-serde/target/apicurio-registry-avro-serde-nats-3.0.9.jar:/home/runner/.m2/repository/io/nats/jnats/2.20.5/jnats-2.20.5.jar:/home/runner/.m2/repository/net/i2p/crypto/eddsa/0.3.0/eddsa-0.3.0.jar:/home/runner/work/apicurio-testing/apicurio-testing/clusters/ci419/namespaces/inmemory/tests/integration/apicurio-registry/utils/converter/target/apicurio-registry-utils-converter-3.0.9.jar:/home/runner/.m2/repository/org/apache/kafka/connect-api/3.9.1/connect-api-3.9.1.jar:/home/runner/.m2/repository/javax/ws/rs/javax.ws.rs-api/2.1.1/javax.ws.rs-api-2.1.1.jar:/home/runner/.m2/repository/org/apache/kafka/connect-json/3.9.1/connect-json-3.9.1.jar:/home/runner/.m2/repository/com/fasterxml/jackson/datatype/jackson-datatype-jdk8/2.17.2/jackson-datatype-jdk8-2.17.2.jar:/home/runner/.m2/repository/com/fasterxml/jackson/module/jackson-module-afterburner/2.17.2/jackson-module-afterburner-2.17.2.jar:/home/runner/work/apicurio-testing/apicurio-testing/clusters/ci419/namespaces/inmemory/tests/integration/apicurio-registry/utils/kafka/target/apicurio-registry-utils-kafka-3.0.9.jar:/home/runner/.m2/repository/org/apache/pulsar/pulsar-client/3.3.4/pulsar-client-3.3.4.jar:/home/runner/.m2/repository/org/apache/pulsar/pulsar-client-api/3.3.4/pulsar-client-api-3.3.4.jar:/home/runner/.m2/repository/org/apache/pulsar/pulsar-client-admin-api/3.3.4/pulsar-client-admin-api-3.3.4.jar:/home/runner/.m2/repository/org/apache/pulsar/bouncy-castle-bc/3.3.4/bouncy-castle-bc-3.3.4-pkg.jar:/home/runner/.m2/repository/org/bouncycastle/bcpkix-jdk18on/1.78.1/bcpkix-jdk18on-1.78.1.jar:/home/runner/.m2/repository/org/bouncycastle/bcutil-jdk18on/1.78.1/bcutil-jdk18on-1.78.1.jar:/home/runner/.m2/repository/org/bouncycastle/bcprov-jdk18on/1.78.1/bcprov-jdk18on-1.78.1.jar:/home/runner/.m2/repository/io/opentelemetry/opentelemetry-api/1.39.0/opentelemetry-api-1.39.0.jar:/home/runner/.m2/repository/io/opentelemetry/opentelemetry-context/1.39.0/opentelemetry-context-1.39.0.jar:/home/runner/.m2/repository/io/opentelemetry/opentelemetry-api-incubator/1.39.0-alpha/opentelemetry-api-incubator-1.39.0-alpha.jar:/home/runner/.m2/repository/com/fasterxml/jackson/core/jackson-annotations/2.17.2/jackson-annotations-2.17.2.jar:/home/runner/.m2/repository/javax/validation/validation-api/1.1.0.Final/validation-api-1.1.0.Final.jar:/home/runner/.m2/repository/io/confluent/kafka-avro-serializer/7.9.0/kafka-avro-serializer-7.9.0.jar:/home/runner/.m2/repository/org/apache/commons/commons-compress/1.27.0/commons-compress-1.27.0.jar:/home/runner/.m2/repository/io/confluent/kafka-schema-serializer/7.9.0/kafka-schema-serializer-7.9.0.jar:/home/runner/.m2/repository/com/fasterxml/jackson/dataformat/jackson-dataformat-csv/2.17.2/jackson-dataformat-csv-2.17.2.jar:/home/runner/.m2/repository/io/confluent/kafka-schema-registry-client/7.9.0/kafka-schema-registry-client-7.9.0.jar:/home/runner/.m2/repository/org/yaml/snakeyaml/2.2/snakeyaml-2.2.jar:/home/runner/.m2/repository/io/swagger/core/v3/swagger-annotations/2.1.10/swagger-annotations-2.1.10.jar:/home/runner/.m2/repository/com/google/guava/guava/33.2.1-jre/guava-33.2.1-jre.jar:/home/runner/.m2/repository/com/google/guava/failureaccess/1.0.1/failureaccess-1.0.1.jar:/home/runner/.m2/repository/org/checkerframework/checker-qual/3.46.0/checker-qual-3.46.0.jar:/home/runner/.m2/repository/io/confluent/logredactor/1.0.12/logredactor-1.0.12.jar:/home/runner/.m2/repository/com/google/re2j/re2j/1.6/re2j-1.6.jar:/home/runner/.m2/repository/io/confluent/logredactor-metrics/1.0.12/logredactor-metrics-1.0.12.jar:/home/runner/.m2/repository/com/eclipsesource/minimal-json/minimal-json/0.9.5/minimal-json-0.9.5.jar:/home/runner/.m2/repository/io/confluent/common-utils/7.9.0/common-utils-7.9.0.jar:/home/runner/.m2/repository/io/confluent/kafka-connect-avro-converter/7.9.0/kafka-connect-avro-converter-7.9.0.jar:/home/runner/.m2/repository/io/confluent/kafka-connect-avro-data/7.9.0/kafka-connect-avro-data-7.9.0.jar:/home/runner/.m2/repository/io/confluent/kafka-schema-converter/7.9.0/kafka-schema-converter-7.9.0.jar:/home/runner/.m2/repository/io/rest-assured/rest-assured/5.5.0/rest-assured-5.5.0.jar:/home/runner/.m2/repository/org/apache/groovy/groovy/4.0.22/groovy-4.0.22.jar:/home/runner/.m2/repository/org/apache/groovy/groovy-xml/4.0.22/groovy-xml-4.0.22.jar:/home/runner/.m2/repository/org/apache/httpcomponents/httpclient/4.5.14/httpclient-4.5.14.jar:/home/runner/.m2/repository/org/apache/httpcomponents/httpcore/4.4.16/httpcore-4.4.16.jar:/home/runner/.m2/repository/org/apache/httpcomponents/httpmime/4.5.14/httpmime-4.5.14.jar:/home/runner/.m2/repository/org/hamcrest/hamcrest/2.2/hamcrest-2.2.jar:/home/runner/.m2/repository/org/ccil/cowan/tagsoup/tagsoup/1.2.1/tagsoup-1.2.1.jar:/home/runner/.m2/repository/io/rest-assured/json-path/5.5.0/json-path-5.5.0.jar:/home/runner/.m2/repository/org/apache/groovy/groovy-json/4.0.22/groovy-json-4.0.22.jar:/home/runner/.m2/repository/io/rest-assured/rest-assured-common/5.5.0/rest-assured-common-5.5.0.jar:/home/runner/.m2/repository/io/rest-assured/xml-path/5.5.0/xml-path-5.5.0.jar:/home/runner/.m2/repository/io/zonky/test/embedded-postgres/2.1.0/embedded-postgres-2.1.0.jar:/home/runner/.m2/repository/io/zonky/test/postgres/embedded-postgres-binaries-windows-amd64/14.15.0/embedded-postgres-binaries-windows-amd64-14.15.0.jar:/home/runner/.m2/repository/io/zonky/test/postgres/embedded-postgres-binaries-darwin-amd64/14.15.0/embedded-postgres-binaries-darwin-amd64-14.15.0.jar:/home/runner/.m2/repository/io/zonky/test/postgres/embedded-postgres-binaries-linux-amd64/14.15.0/embedded-postgres-binaries-linux-amd64-14.15.0.jar:/home/runner/.m2/repository/io/zonky/test/postgres/embedded-postgres-binaries-linux-amd64-alpine/14.15.0/embedded-postgres-binaries-linux-amd64-alpine-14.15.0.jar:/home/runner/.m2/repository/org/apache/commons/commons-lang3/3.14.0/commons-lang3-3.14.0.jar:/home/runner/.m2/repository/org/tukaani/xz/1.10/xz-1.10.jar:/home/runner/.m2/repository/commons-codec/commons-codec/1.18.0/commons-codec-1.18.0.jar:/home/runner/.m2/repository/org/postgresql/postgresql/42.7.4/postgresql-42.7.4.jar:/home/runner/.m2/repository/commons-io/commons-io/2.16.1/commons-io-2.16.1.jar:/home/runner/work/apicurio-testing/apicurio-testing/clusters/ci419/namespaces/inmemory/tests/integration/apicurio-registry/utils/importexport/target/apicurio-registry-utils-import-export-3.0.9.jar:/home/runner/.m2/repository/io/vertx/vertx-core/4.5.13/vertx-core-4.5.13.jar:/home/runner/.m2/repository/io/netty/netty-common/4.1.118.Final/netty-common-4.1.118.Final.jar:/home/runner/.m2/repository/io/netty/netty-buffer/4.1.118.Final/netty-buffer-4.1.118.Final.jar:/home/runner/.m2/repository/io/netty/netty-transport/4.1.118.Final/netty-transport-4.1.118.Final.jar:/home/runner/.m2/repository/io/netty/netty-handler/4.1.118.Final/netty-handler-4.1.118.Final.jar:/home/runner/.m2/repository/io/netty/netty-transport-native-unix-common/4.1.118.Final/netty-transport-native-unix-common-4.1.118.Final.jar:/home/runner/.m2/repository/io/netty/netty-codec/4.1.118.Final/netty-codec-4.1.118.Final.jar:/home/runner/.m2/repository/io/netty/netty-handler-proxy/4.1.118.Final/netty-handler-proxy-4.1.118.Final.jar:/home/runner/.m2/repository/io/netty/netty-codec-socks/4.1.118.Final/netty-codec-socks-4.1.118.Final.jar:/home/runner/.m2/repository/io/netty/netty-codec-http/4.1.118.Final/netty-codec-http-4.1.118.Final.jar:/home/runner/.m2/repository/io/netty/netty-codec-http2/4.1.118.Final/netty-codec-http2-4.1.118.Final.jar:/home/runner/.m2/repository/io/netty/netty-resolver/4.1.118.Final/netty-resolver-4.1.118.Final.jar:/home/runner/.m2/repository/io/netty/netty-resolver-dns/4.1.118.Final/netty-resolver-dns-4.1.118.Final.jar:/home/runner/.m2/repository/io/netty/netty-codec-dns/4.1.118.Final/netty-codec-dns-4.1.118.Final.jar:/home/runner/.m2/repository/com/fasterxml/jackson/core/jackson-core/2.17.2/jackson-core-2.17.2.jar:"/>
    <property name="java.vm.vendor" value="Eclipse Adoptium"/>
    <property name="maven.javadoc.skip" value="true"/>
    <property name="sun.arch.data.model" value="64"/>
    <property name="java.vendor.url" value="https://adoptium.net/"/>
    <property name="user.timezone" value="Etc/UTC"/>
    <property name="os.name" value="Linux"/>
    <property name="java.vm.specification.version" value="17"/>
    <property name="sun.java.launcher" value="SUN_STANDARD"/>
    <property name="quarkus.http.test-port" value="80"/>
    <property name="sun.boot.library.path" value="/usr/lib/jvm/temurin-17-jdk-amd64/lib"/>
    <property name="sun.java.command" value="/home/runner/work/apicurio-testing/apicurio-testing/clusters/ci419/namespaces/inmemory/tests/integration/apicurio-registry/integration-tests/target/surefire/surefirebooter-20250731022035064_3.jar /home/runner/work/apicurio-testing/apicurio-testing/clusters/ci419/namespaces/inmemory/tests/integration/apicurio-registry/integration-tests/target/surefire 2025-07-31T02-20-35_009-jvmRun1 surefire-20250731022035064_1tmp surefire_0-20250731022035064_2tmp"/>
    <property name="maven.home" value="/home/runner/.m2/wrapper/dists/apache-maven-3.9.8-bin/4fnp1ql35bgk2a0p7m31ovbgb0/apache-maven-3.9.8"/>
    <property name="jdk.debug" value="release"/>
    <property name="surefire.test.class.path" value="/home/runner/work/apicurio-testing/apicurio-testing/clusters/ci419/namespaces/inmemory/tests/integration/apicurio-registry/integration-tests/target/test-classes:/home/runner/work/apicurio-testing/apicurio-testing/clusters/ci419/namespaces/inmemory/tests/integration/apicurio-registry/integration-tests/target/apicurio-registry-integration-tests-3.0.9.jar:/home/runner/.m2/repository/io/quarkus/quarkus-junit5/3.15.4/quarkus-junit5-3.15.4.jar:/home/runner/.m2/repository/io/quarkus/quarkus-bootstrap-core/3.15.4/quarkus-bootstrap-core-3.15.4.jar:/home/runner/.m2/repository/io/quarkus/quarkus-classloader-commons/3.15.4/quarkus-classloader-commons-3.15.4.jar:/home/runner/.m2/repository/io/quarkus/quarkus-bootstrap-app-model/3.15.4/quarkus-bootstrap-app-model-3.15.4.jar:/home/runner/.m2/repository/io/smallrye/common/smallrye-common-io/2.6.1/smallrye-common-io-2.6.1.jar:/home/runner/.m2/repository/org/eclipse/sisu/org.eclipse.sisu.inject/0.9.0.M3/org.eclipse.sisu.inject-0.9.0.M3.jar:/home/runner/.m2/repository/io/quarkus/quarkus-test-common/3.15.4/quarkus-test-common-3.15.4.jar:/home/runner/.m2/repository/io/quarkus/quarkus-core-deployment/3.15.4/quarkus-core-deployment-3.15.4.jar:/home/runner/.m2/repository/org/aesh/readline/2.6/readline-2.6.jar:/home/runner/.m2/repository/org/fusesource/jansi/jansi/2.4.0/jansi-2.4.0.jar:/home/runner/.m2/repository/org/aesh/aesh/2.8.2/aesh-2.8.2.jar:/home/runner/.m2/repository/io/quarkus/gizmo/gizmo/1.8.0/gizmo-1.8.0.jar:/home/runner/.m2/repository/org/ow2/asm/asm-util/9.7/asm-util-9.7.jar:/home/runner/.m2/repository/org/ow2/asm/asm-analysis/9.7/asm-analysis-9.7.jar:/home/runner/.m2/repository/org/ow2/asm/asm-commons/9.7/asm-commons-9.7.jar:/home/runner/.m2/repository/org/ow2/asm/asm-tree/9.7/asm-tree-9.7.jar:/home/runner/.m2/repository/io/quarkus/quarkus-hibernate-validator-spi/3.15.4/quarkus-hibernate-validator-spi-3.15.4.jar:/home/runner/.m2/repository/io/quarkus/quarkus-class-change-agent/3.15.4/quarkus-class-change-agent-3.15.4.jar:/home/runner/.m2/repository/io/quarkus/quarkus-devtools-utilities/3.15.4/quarkus-devtools-utilities-3.15.4.jar:/home/runner/.m2/repository/io/quarkus/quarkus-builder/3.15.4/quarkus-builder-3.15.4.jar:/home/runner/.m2/repository/org/graalvm/sdk/nativeimage/23.1.2/nativeimage-23.1.2.jar:/home/runner/.m2/repository/org/graalvm/sdk/word/23.1.2/word-23.1.2.jar:/home/runner/.m2/repository/io/quarkus/quarkus-bootstrap-maven-resolver/3.15.4/quarkus-bootstrap-maven-resolver-3.15.4.jar:/home/runner/.m2/repository/io/smallrye/beanbag/smallrye-beanbag-maven/1.5.2/smallrye-beanbag-maven-1.5.2.jar:/home/runner/.m2/repository/io/smallrye/beanbag/smallrye-beanbag-sisu/1.5.2/smallrye-beanbag-sisu-1.5.2.jar:/home/runner/.m2/repository/io/smallrye/beanbag/smallrye-beanbag/1.5.2/smallrye-beanbag-1.5.2.jar:/home/runner/.m2/repository/javax/inject/javax.inject/1/javax.inject-1.jar:/home/runner/.m2/repository/org/apache/maven/maven-artifact/3.9.8/maven-artifact-3.9.8.jar:/home/runner/.m2/repository/org/apache/maven/maven-builder-support/3.9.8/maven-builder-support-3.9.8.jar:/home/runner/.m2/repository/org/apache/maven/maven-model/3.9.8/maven-model-3.9.8.jar:/home/runner/.m2/repository/org/apache/maven/maven-model-builder/3.9.8/maven-model-builder-3.9.8.jar:/home/runner/.m2/repository/org/apache/maven/maven-repository-metadata/3.9.8/maven-repository-metadata-3.9.8.jar:/home/runner/.m2/repository/org/apache/maven/maven-settings/3.9.8/maven-settings-3.9.8.jar:/home/runner/.m2/repository/org/apache/maven/resolver/maven-resolver-api/1.9.22/maven-resolver-api-1.9.22.jar:/home/runner/.m2/repository/org/apache/maven/resolver/maven-resolver-impl/1.9.22/maven-resolver-impl-1.9.22.jar:/home/runner/.m2/repository/org/apache/maven/resolver/maven-resolver-named-locks/1.9.22/maven-resolver-named-locks-1.9.22.jar:/home/runner/.m2/repository/org/apache/maven/resolver/maven-resolver-spi/1.9.22/maven-resolver-spi-1.9.22.jar:/home/runner/.m2/repository/org/apache/maven/resolver/maven-resolver-util/1.9.22/maven-resolver-util-1.9.22.jar:/home/runner/.m2/repository/org/apache/maven/resolver/maven-resolver-transport-http/1.9.20/maven-resolver-transport-http-1.9.20.jar:/home/runner/.m2/repository/org/apache/maven/wagon/wagon-provider-api/3.5.3/wagon-provider-api-3.5.3.jar:/home/runner/.m2/repository/org/apache/maven/wagon/wagon-http-shared/3.5.3/wagon-http-shared-3.5.3.jar:/home/runner/.m2/repository/org/codehaus/plexus/plexus-interpolation/1.26/plexus-interpolation-1.26.jar:/home/runner/.m2/repository/org/codehaus/plexus/plexus-utils/3.5.1/plexus-utils-3.5.1.jar:/home/runner/.m2/repository/org/codehaus/plexus/plexus-xml/4.0.1/plexus-xml-4.0.1.jar:/home/runner/.m2/repository/org/apache/maven/maven-xml-impl/4.0.0-alpha-5/maven-xml-impl-4.0.0-alpha-5.jar:/home/runner/.m2/repository/org/apache/maven/maven-api-xml/4.0.0-alpha-5/maven-api-xml-4.0.0-alpha-5.jar:/home/runner/.m2/repository/org/apache/maven/maven-api-meta/4.0.0-alpha-5/maven-api-meta-4.0.0-alpha-5.jar:/home/runner/.m2/repository/org/codehaus/plexus/plexus-cipher/2.0/plexus-cipher-2.0.jar:/home/runner/.m2/repository/org/codehaus/plexus/plexus-sec-dispatcher/2.0/plexus-sec-dispatcher-2.0.jar:/home/runner/.m2/repository/org/apache/maven/maven-embedder/3.9.8/maven-embedder-3.9.8.jar:/home/runner/.m2/repository/org/apache/maven/maven-core/3.9.8/maven-core-3.9.8.jar:/home/runner/.m2/repository/org/codehaus/plexus/plexus-component-annotations/2.1.0/plexus-component-annotations-2.1.0.jar:/home/runner/.m2/repository/org/apache/maven/maven-plugin-api/3.9.8/maven-plugin-api-3.9.8.jar:/home/runner/.m2/repository/org/apache/maven/shared/maven-shared-utils/3.4.2/maven-shared-utils-3.4.2.jar:/home/runner/.m2/repository/com/google/inject/guice/5.1.0/guice-5.1.0.jar:/home/runner/.m2/repository/aopalliance/aopalliance/1.0/aopalliance-1.0.jar:/home/runner/.m2/repository/javax/annotation/javax.annotation-api/1.3.2/javax.annotation-api-1.3.2.jar:/home/runner/.m2/repository/org/codehaus/plexus/plexus-classworlds/2.6.0/plexus-classworlds-2.6.0.jar:/home/runner/.m2/repository/commons-cli/commons-cli/1.8.0/commons-cli-1.8.0.jar:/home/runner/.m2/repository/org/eclipse/sisu/org.eclipse.sisu.plexus/0.9.0.M3/org.eclipse.sisu.plexus-0.9.0.M3.jar:/home/runner/.m2/repository/org/apache/maven/maven-settings-builder/3.9.8/maven-settings-builder-3.9.8.jar:/home/runner/.m2/repository/org/apache/maven/maven-resolver-provider/3.9.8/maven-resolver-provider-3.9.8.jar:/home/runner/.m2/repository/org/apache/maven/resolver/maven-resolver-connector-basic/1.9.22/maven-resolver-connector-basic-1.9.22.jar:/home/runner/.m2/repository/org/apache/maven/resolver/maven-resolver-transport-wagon/1.9.22/maven-resolver-transport-wagon-1.9.22.jar:/home/runner/.m2/repository/org/apache/maven/wagon/wagon-http/3.5.3/wagon-http-3.5.3.jar:/home/runner/.m2/repository/org/apache/maven/wagon/wagon-file/3.5.3/wagon-file-3.5.3.jar:/home/runner/.m2/repository/io/quarkus/quarkus-bootstrap-gradle-resolver/3.15.4/quarkus-bootstrap-gradle-resolver-3.15.4.jar:/home/runner/.m2/repository/io/smallrye/jandex/3.2.3/jandex-3.2.3.jar:/home/runner/.m2/repository/org/jboss/logging/commons-logging-jboss-logging/1.0.0.Final/commons-logging-jboss-logging-1.0.0.Final.jar:/home/runner/.m2/repository/io/quarkus/quarkus-junit5-properties/3.15.4/quarkus-junit5-properties-3.15.4.jar:/home/runner/.m2/repository/org/junit/jupiter/junit-jupiter/5.10.3/junit-jupiter-5.10.3.jar:/home/runner/.m2/repository/org/junit/jupiter/junit-jupiter-api/5.10.3/junit-jupiter-api-5.10.3.jar:/home/runner/.m2/repository/org/junit/jupiter/junit-jupiter-params/5.10.3/junit-jupiter-params-5.10.3.jar:/home/runner/.m2/repository/org/junit/jupiter/junit-jupiter-engine/5.10.3/junit-jupiter-engine-5.10.3.jar:/home/runner/.m2/repository/io/quarkus/quarkus-core/3.15.4/quarkus-core-3.15.4.jar:/home/runner/.m2/repository/jakarta/enterprise/jakarta.enterprise.cdi-api/4.1.0/jakarta.enterprise.cdi-api-4.1.0.jar:/home/runner/.m2/repository/jakarta/enterprise/jakarta.enterprise.lang-model/4.1.0/jakarta.enterprise.lang-model-4.1.0.jar:/home/runner/.m2/repository/jakarta/el/jakarta.el-api/5.0.1/jakarta.el-api-5.0.1.jar:/home/runner/.m2/repository/jakarta/interceptor/jakarta.interceptor-api/2.2.0/jakarta.interceptor-api-2.2.0.jar:/home/runner/.m2/repository/jakarta/inject/jakarta.inject-api/2.0.1/jakarta.inject-api-2.0.1.jar:/home/runner/.m2/repository/io/smallrye/common/smallrye-common-os/2.6.1/smallrye-common-os-2.6.1.jar:/home/runner/.m2/repository/io/quarkus/quarkus-ide-launcher/3.15.4/quarkus-ide-launcher-3.15.4.jar:/home/runner/.m2/repository/io/quarkus/quarkus-development-mode-spi/3.15.4/quarkus-development-mode-spi-3.15.4.jar:/home/runner/.m2/repository/io/smallrye/config/smallrye-config/3.9.1/smallrye-config-3.9.1.jar:/home/runner/.m2/repository/io/smallrye/config/smallrye-config-core/3.9.1/smallrye-config-core-3.9.1.jar:/home/runner/.m2/repository/io/smallrye/common/smallrye-common-annotation/2.6.1/smallrye-common-annotation-2.6.1.jar:/home/runner/.m2/repository/io/smallrye/common/smallrye-common-classloader/2.6.1/smallrye-common-classloader-2.6.1.jar:/home/runner/.m2/repository/io/smallrye/config/smallrye-config-common/3.9.1/smallrye-config-common-3.9.1.jar:/home/runner/.m2/repository/org/jboss/logging/jboss-logging/3.6.0.Final/jboss-logging-3.6.0.Final.jar:/home/runner/.m2/repository/org/jboss/logmanager/jboss-logmanager/3.1.1.Final/jboss-logmanager-3.1.1.Final.jar:/home/runner/.m2/repository/io/smallrye/common/smallrye-common-constraint/2.6.1/smallrye-common-constraint-2.6.1.jar:/home/runner/.m2/repository/io/smallrye/common/smallrye-common-cpu/2.6.1/smallrye-common-cpu-2.6.1.jar:/home/runner/.m2/repository/io/smallrye/common/smallrye-common-expression/2.6.1/smallrye-common-expression-2.6.1.jar:/home/runner/.m2/repository/io/smallrye/common/smallrye-common-function/2.6.1/smallrye-common-function-2.6.1.jar:/home/runner/.m2/repository/io/smallrye/common/smallrye-common-net/2.6.1/smallrye-common-net-2.6.1.jar:/home/runner/.m2/repository/io/smallrye/common/smallrye-common-ref/2.6.1/smallrye-common-ref-2.6.1.jar:/home/runner/.m2/repository/jakarta/json/jakarta.json-api/2.1.3/jakarta.json-api-2.1.3.jar:/home/runner/.m2/repository/org/eclipse/parsson/parsson/1.1.7/parsson-1.1.7.jar:/home/runner/.m2/repository/org/jboss/logging/jboss-logging-annotations/3.0.1.Final/jboss-logging-annotations-3.0.1.Final.jar:/home/runner/.m2/repository/org/jboss/threads/jboss-threads/3.6.1.Final/jboss-threads-3.6.1.Final.jar:/home/runner/.m2/repository/org/jboss/slf4j/slf4j-jboss-logmanager/2.0.0.Final/slf4j-jboss-logmanager-2.0.0.Final.jar:/home/runner/.m2/repository/org/wildfly/common/wildfly-common/1.7.0.Final/wildfly-common-1.7.0.Final.jar:/home/runner/.m2/repository/io/quarkus/quarkus-bootstrap-runner/3.15.4/quarkus-bootstrap-runner-3.15.4.jar:/home/runner/.m2/repository/io/github/crac/org-crac/0.1.3/org-crac-0.1.3.jar:/home/runner/.m2/repository/io/quarkus/quarkus-fs-util/0.0.10/quarkus-fs-util-0.0.10.jar:/home/runner/.m2/repository/org/jboss/marshalling/jboss-marshalling/2.2.1.Final/jboss-marshalling-2.2.1.Final.jar:/home/runner/.m2/repository/io/fabric8/kubernetes-client/6.13.5/kubernetes-client-6.13.5.jar:/home/runner/.m2/repository/io/fabric8/kubernetes-client-api/6.13.5/kubernetes-client-api-6.13.5.jar:/home/runner/.m2/repository/io/fabric8/kubernetes-model-core/6.13.5/kubernetes-model-core-6.13.5.jar:/home/runner/.m2/repository/io/fabric8/kubernetes-model-common/6.13.5/kubernetes-model-common-6.13.5.jar:/home/runner/.m2/repository/io/fabric8/kubernetes-model-gatewayapi/6.13.5/kubernetes-model-gatewayapi-6.13.5.jar:/home/runner/.m2/repository/io/fabric8/kubernetes-model-resource/6.13.5/kubernetes-model-resource-6.13.5.jar:/home/runner/.m2/repository/io/fabric8/kubernetes-model-rbac/6.13.5/kubernetes-model-rbac-6.13.5.jar:/home/runner/.m2/repository/io/fabric8/kubernetes-model-admissionregistration/6.13.5/kubernetes-model-admissionregistration-6.13.5.jar:/home/runner/.m2/repository/io/fabric8/kubernetes-model-apps/6.13.5/kubernetes-model-apps-6.13.5.jar:/home/runner/.m2/repository/io/fabric8/kubernetes-model-autoscaling/6.13.5/kubernetes-model-autoscaling-6.13.5.jar:/home/runner/.m2/repository/io/fabric8/kubernetes-model-apiextensions/6.13.5/kubernetes-model-apiextensions-6.13.5.jar:/home/runner/.m2/repository/io/fabric8/kubernetes-model-batch/6.13.5/kubernetes-model-batch-6.13.5.jar:/home/runner/.m2/repository/io/fabric8/kubernetes-model-certificates/6.13.5/kubernetes-model-certificates-6.13.5.jar:/home/runner/.m2/repository/io/fabric8/kubernetes-model-coordination/6.13.5/kubernetes-model-coordination-6.13.5.jar:/home/runner/.m2/repository/io/fabric8/kubernetes-model-discovery/6.13.5/kubernetes-model-discovery-6.13.5.jar:/home/runner/.m2/repository/io/fabric8/kubernetes-model-events/6.13.5/kubernetes-model-events-6.13.5.jar:/home/runner/.m2/repository/io/fabric8/kubernetes-model-extensions/6.13.5/kubernetes-model-extensions-6.13.5.jar:/home/runner/.m2/repository/io/fabric8/kubernetes-model-flowcontrol/6.13.5/kubernetes-model-flowcontrol-6.13.5.jar:/home/runner/.m2/repository/io/fabric8/kubernetes-model-networking/6.13.5/kubernetes-model-networking-6.13.5.jar:/home/runner/.m2/repository/io/fabric8/kubernetes-model-metrics/6.13.5/kubernetes-model-metrics-6.13.5.jar:/home/runner/.m2/repository/io/fabric8/kubernetes-model-policy/6.13.5/kubernetes-model-policy-6.13.5.jar:/home/runner/.m2/repository/io/fabric8/kubernetes-model-scheduling/6.13.5/kubernetes-model-scheduling-6.13.5.jar:/home/runner/.m2/repository/io/fabric8/kubernetes-model-storageclass/6.13.5/kubernetes-model-storageclass-6.13.5.jar:/home/runner/.m2/repository/io/fabric8/kubernetes-model-node/6.13.5/kubernetes-model-node-6.13.5.jar:/home/runner/.m2/repository/org/snakeyaml/snakeyaml-engine/2.7/snakeyaml-engine-2.7.jar:/home/runner/.m2/repository/com/fasterxml/jackson/dataformat/jackson-dataformat-yaml/2.15.2/jackson-dataformat-yaml-2.15.2.jar:/home/runner/.m2/repository/com/fasterxml/jackson/datatype/jackson-datatype-jsr310/2.17.2/jackson-datatype-jsr310-2.17.2.jar:/home/runner/.m2/repository/io/fabric8/zjsonpatch/0.3.0/zjsonpatch-0.3.0.jar:/home/runner/.m2/repository/io/fabric8/kubernetes-httpclient-vertx/6.13.5/kubernetes-httpclient-vertx-6.13.5.jar:/home/runner/.m2/repository/io/vertx/vertx-web-client/4.5.13/vertx-web-client-4.5.13.jar:/home/runner/.m2/repository/io/vertx/vertx-web-common/4.5.13/vertx-web-common-4.5.13.jar:/home/runner/.m2/repository/io/vertx/vertx-auth-common/4.5.13/vertx-auth-common-4.5.13.jar:/home/runner/.m2/repository/io/vertx/vertx-uri-template/4.5.13/vertx-uri-template-4.5.13.jar:/home/runner/.m2/repository/io/fabric8/openshift-client/6.13.5/openshift-client-6.13.5.jar:/home/runner/.m2/repository/io/fabric8/openshift-client-api/6.13.5/openshift-client-api-6.13.5.jar:/home/runner/.m2/repository/io/fabric8/openshift-model/6.13.5/openshift-model-6.13.5.jar:/home/runner/.m2/repository/io/fabric8/openshift-model-clusterautoscaling/6.13.5/openshift-model-clusterautoscaling-6.13.5.jar:/home/runner/.m2/repository/io/fabric8/openshift-model-operator/6.13.5/openshift-model-operator-6.13.5.jar:/home/runner/.m2/repository/io/fabric8/openshift-model-operatorhub/6.13.5/openshift-model-operatorhub-6.13.5.jar:/home/runner/.m2/repository/io/fabric8/openshift-model-machine/6.13.5/openshift-model-machine-6.13.5.jar:/home/runner/.m2/repository/io/fabric8/openshift-model-whereabouts/6.13.5/openshift-model-whereabouts-6.13.5.jar:/home/runner/.m2/repository/io/fabric8/openshift-model-monitoring/6.13.5/openshift-model-monitoring-6.13.5.jar:/home/runner/.m2/repository/io/fabric8/openshift-model-storageversionmigrator/6.13.5/openshift-model-storageversionmigrator-6.13.5.jar:/home/runner/.m2/repository/io/fabric8/openshift-model-tuned/6.13.5/openshift-model-tuned-6.13.5.jar:/home/runner/.m2/repository/io/fabric8/openshift-model-console/6.13.5/openshift-model-console-6.13.5.jar:/home/runner/.m2/repository/io/fabric8/openshift-model-config/6.13.5/openshift-model-config-6.13.5.jar:/home/runner/.m2/repository/io/fabric8/openshift-model-machineconfig/6.13.5/openshift-model-machineconfig-6.13.5.jar:/home/runner/.m2/repository/io/fabric8/openshift-model-miscellaneous/6.13.5/openshift-model-miscellaneous-6.13.5.jar:/home/runner/.m2/repository/io/fabric8/openshift-model-hive/6.13.5/openshift-model-hive-6.13.5.jar:/home/runner/.m2/repository/io/fabric8/openshift-model-installer/6.13.5/openshift-model-installer-6.13.5.jar:/home/runner/.m2/repository/com/github/mifmif/generex/1.0.2/generex-1.0.2.jar:/home/runner/.m2/repository/dk/brics/automaton/automaton/1.11-8/automaton-1.11-8.jar:/home/runner/.m2/repository/org/junit/platform/junit-platform-launcher/1.10.3/junit-platform-launcher-1.10.3.jar:/home/runner/.m2/repository/org/junit/platform/junit-platform-engine/1.10.3/junit-platform-engine-1.10.3.jar:/home/runner/.m2/repository/org/opentest4j/opentest4j/1.3.0/opentest4j-1.3.0.jar:/home/runner/.m2/repository/org/junit/platform/junit-platform-commons/1.10.3/junit-platform-commons-1.10.3.jar:/home/runner/.m2/repository/org/apiguardian/apiguardian-api/1.1.2/apiguardian-api-1.1.2.jar:/home/runner/.m2/repository/jakarta/ws/rs/jakarta.ws.rs-api/3.1.0/jakarta.ws.rs-api-3.1.0.jar:/home/runner/work/apicurio-testing/apicurio-testing/clusters/ci419/namespaces/inmemory/tests/integration/apicurio-registry/java-sdk/target/apicurio-registry-java-sdk-3.0.9.jar:/home/runner/.m2/repository/com/microsoft/kiota/microsoft-kiota-abstractions/1.8.4/microsoft-kiota-abstractions-1.8.4.jar:/home/runner/.m2/repository/io/github/std-uritemplate/std-uritemplate/2.0.0/std-uritemplate-2.0.0.jar:/home/runner/.m2/repository/io/kiota/kiota-http-jdk/0.0.21/kiota-http-jdk-0.0.21.jar:/home/runner/.m2/repository/io/kiota/kiota-http-vertx/0.0.21/kiota-http-vertx-0.0.21.jar:/home/runner/.m2/repository/io/kiota/kiota-serialization-jackson/0.0.21/kiota-serialization-jackson-0.0.21.jar:/home/runner/.m2/repository/com/microsoft/kiota/microsoft-kiota-serialization-text/1.8.4/microsoft-kiota-serialization-text-1.8.4.jar:/home/runner/.m2/repository/com/microsoft/kiota/microsoft-kiota-serialization-form/1.8.4/microsoft-kiota-serialization-form-1.8.4.jar:/home/runner/.m2/repository/com/microsoft/kiota/microsoft-kiota-serialization-multipart/1.8.4/microsoft-kiota-serialization-multipart-1.8.4.jar:/home/runner/.m2/repository/jakarta/annotation/jakarta.annotation-api/3.0.0/jakarta.annotation-api-3.0.0.jar:/home/runner/.m2/repository/io/vertx/vertx-auth-oauth2/4.5.13/vertx-auth-oauth2-4.5.13.jar:/home/runner/work/apicurio-testing/apicurio-testing/clusters/ci419/namespaces/inmemory/tests/integration/apicurio-registry/java-sdk-v2/target/apicurio-registry-v2-java-sdk-3.0.9.jar:/home/runner/work/apicurio-testing/apicurio-testing/clusters/ci419/namespaces/inmemory/tests/integration/apicurio-registry/utils/kafka/target/apicurio-registry-utils-kafka-3.0.9-tests.jar:/home/runner/.m2/repository/org/eclipse/microprofile/config/microprofile-config-api/3.1/microprofile-config-api-3.1.jar:/home/runner/.m2/repository/org/apache/kafka/kafka-clients/3.9.0/kafka-clients-3.9.0.jar:/home/runner/.m2/repository/com/github/luben/zstd-jni/1.5.6-4/zstd-jni-1.5.6-4.jar:/home/runner/.m2/repository/org/lz4/lz4-java/1.8.0/lz4-java-1.8.0.jar:/home/runner/.m2/repository/org/xerial/snappy/snappy-java/1.1.10.5/snappy-java-1.1.10.5.jar:/home/runner/.m2/repository/org/slf4j/slf4j-api/2.0.6/slf4j-api-2.0.6.jar:/home/runner/work/apicurio-testing/apicurio-testing/clusters/ci419/namespaces/inmemory/tests/integration/apicurio-registry/utils/tests/target/apicurio-registry-utils-tests-3.0.9.jar:/home/runner/work/apicurio-testing/apicurio-testing/clusters/ci419/namespaces/inmemory/tests/integration/apicurio-registry/common/target/apicurio-registry-common-3.0.9.jar:/home/runner/.m2/repository/jakarta/validation/jakarta.validation-api/3.0.2/jakarta.validation-api-3.0.2.jar:/home/runner/.m2/repository/com/github/dasniko/testcontainers-keycloak/3.6.0/testcontainers-keycloak-3.6.0.jar:/home/runner/.m2/repository/org/testcontainers/testcontainers/1.20.1/testcontainers-1.20.1.jar:/home/runner/.m2/repository/org/rnorth/duct-tape/duct-tape/1.0.8/duct-tape-1.0.8.jar:/home/runner/.m2/repository/org/jetbrains/annotations/24.1.0/annotations-24.1.0.jar:/home/runner/.m2/repository/com/github/docker-java/docker-java-transport-zerodep/3.4.0/docker-java-transport-zerodep-3.4.0.jar:/home/runner/.m2/repository/com/github/docker-java/docker-java-transport/3.4.0/docker-java-transport-3.4.0.jar:/home/runner/.m2/repository/net/java/dev/jna/jna/5.8.0/jna-5.8.0.jar:/home/runner/.m2/repository/io/quarkus/quarkus-junit4-mock/3.15.4/quarkus-junit4-mock-3.15.4.jar:/home/runner/.m2/repository/org/jboss/shrinkwrap/shrinkwrap-api/2.0.0-beta-2/shrinkwrap-api-2.0.0-beta-2.jar:/home/runner/.m2/repository/org/jboss/shrinkwrap/shrinkwrap-impl-base/2.0.0-beta-2/shrinkwrap-impl-base-2.0.0-beta-2.jar:/home/runner/.m2/repository/org/jboss/shrinkwrap/shrinkwrap-spi/2.0.0-beta-2/shrinkwrap-spi-2.0.0-beta-2.jar:/home/runner/.m2/repository/org/keycloak/keycloak-admin-client/25.0.6/keycloak-admin-client-25.0.6.jar:/home/runner/.m2/repository/org/keycloak/keycloak-core/25.0.6/keycloak-core-25.0.6.jar:/home/runner/.m2/repository/org/keycloak/keycloak-common/25.0.6/keycloak-common-25.0.6.jar:/home/runner/.m2/repository/org/jboss/resteasy/resteasy-client/6.2.9.Final/resteasy-client-6.2.9.Final.jar:/home/runner/.m2/repository/org/jboss/resteasy/resteasy-client-api/6.2.9.Final/resteasy-client-api-6.2.9.Final.jar:/home/runner/.m2/repository/org/jboss/resteasy/resteasy-core-spi/6.2.9.Final/resteasy-core-spi-6.2.9.Final.jar:/home/runner/.m2/repository/org/jboss/resteasy/resteasy-core/6.2.9.Final/resteasy-core-6.2.9.Final.jar:/home/runner/.m2/repository/org/eclipse/angus/angus-activation/2.0.2/angus-activation-2.0.2.jar:/home/runner/.m2/repository/com/ibm/async/asyncutil/0.1.0/asyncutil-0.1.0.jar:/home/runner/.m2/repository/org/reactivestreams/reactive-streams/1.0.4/reactive-streams-1.0.4.jar:/home/runner/.m2/repository/org/jboss/resteasy/resteasy-multipart-provider/6.2.9.Final/resteasy-multipart-provider-6.2.9.Final.jar:/home/runner/.m2/repository/jakarta/mail/jakarta.mail-api/2.1.2/jakarta.mail-api-2.1.2.jar:/home/runner/.m2/repository/org/eclipse/angus/angus-mail/2.0.3/angus-mail-2.0.3.jar:/home/runner/.m2/repository/org/apache/james/apache-mime4j-dom/0.8.11/apache-mime4j-dom-0.8.11.jar:/home/runner/.m2/repository/org/apache/james/apache-mime4j-core/0.8.11/apache-mime4j-core-0.8.11.jar:/home/runner/.m2/repository/org/apache/james/apache-mime4j-storage/0.8.11/apache-mime4j-storage-0.8.11.jar:/home/runner/.m2/repository/org/jboss/resteasy/resteasy-jackson2-provider/6.2.9.Final/resteasy-jackson2-provider-6.2.9.Final.jar:/home/runner/.m2/repository/com/fasterxml/jackson/jakarta/rs/jackson-jakarta-rs-base/2.17.2/jackson-jakarta-rs-base-2.17.2.jar:/home/runner/.m2/repository/com/fasterxml/jackson/jakarta/rs/jackson-jakarta-rs-json-provider/2.17.2/jackson-jakarta-rs-json-provider-2.17.2.jar:/home/runner/.m2/repository/com/fasterxml/jackson/module/jackson-module-jakarta-xmlbind-annotations/2.17.2/jackson-module-jakarta-xmlbind-annotations-2.17.2.jar:/home/runner/.m2/repository/com/github/java-json-tools/json-patch/1.13/json-patch-1.13.jar:/home/runner/.m2/repository/com/github/java-json-tools/msg-simple/1.2/msg-simple-1.2.jar:/home/runner/.m2/repository/com/github/java-json-tools/btf/1.3/btf-1.3.jar:/home/runner/.m2/repository/com/github/java-json-tools/jackson-coreutils/2.0/jackson-coreutils-2.0.jar:/home/runner/.m2/repository/org/jboss/resteasy/resteasy-jaxb-provider/6.2.9.Final/resteasy-jaxb-provider-6.2.9.Final.jar:/home/runner/.m2/repository/org/glassfish/jaxb/codemodel/4.0.3/codemodel-4.0.3.jar:/home/runner/.m2/repository/org/glassfish/jaxb/jaxb-core/4.0.5/jaxb-core-4.0.5.jar:/home/runner/.m2/repository/org/glassfish/jaxb/jaxb-jxc/4.0.3/jaxb-jxc-4.0.3.jar:/home/runner/.m2/repository/org/glassfish/jaxb/jaxb-runtime/4.0.5/jaxb-runtime-4.0.5.jar:/home/runner/.m2/repository/org/glassfish/jaxb/txw2/4.0.5/txw2-4.0.5.jar:/home/runner/.m2/repository/org/glassfish/jaxb/jaxb-xjc/4.0.3/jaxb-xjc-4.0.3.jar:/home/runner/.m2/repository/org/glassfish/jaxb/xsom/4.0.3/xsom-4.0.3.jar:/home/runner/.m2/repository/com/sun/istack/istack-commons-runtime/4.1.2/istack-commons-runtime-4.1.2.jar:/home/runner/.m2/repository/com/sun/istack/istack-commons-tools/4.1.2/istack-commons-tools-4.1.2.jar:/home/runner/.m2/repository/com/sun/xml/bind/external/relaxng-datatype/4.0.3/relaxng-datatype-4.0.3.jar:/home/runner/.m2/repository/com/sun/xml/bind/external/rngom/4.0.3/rngom-4.0.3.jar:/home/runner/.m2/repository/org/testcontainers/mssqlserver/1.20.1/mssqlserver-1.20.1.jar:/home/runner/.m2/repository/org/testcontainers/jdbc/1.20.1/jdbc-1.20.1.jar:/home/runner/.m2/repository/org/testcontainers/database-commons/1.20.1/database-commons-1.20.1.jar:/home/runner/.m2/repository/org/testcontainers/mysql/1.20.1/mysql-1.20.1.jar:/home/runner/.m2/repository/io/strimzi/strimzi-test-container/0.107.0/strimzi-test-container-0.107.0.jar:/home/runner/.m2/repository/org/testcontainers/toxiproxy/1.20.1/toxiproxy-1.20.1.jar:/home/runner/.m2/repository/com/github/docker-java/docker-java-api/3.4.0/docker-java-api-3.4.0.jar:/home/runner/.m2/repository/eu/rekawek/toxiproxy/toxiproxy-java/2.1.7/toxiproxy-java-2.1.7.jar:/home/runner/.m2/repository/junit/junit/4.13.2/junit-4.13.2.jar:/home/runner/.m2/repository/org/hamcrest/hamcrest-core/1.3/hamcrest-core-1.3.jar:/home/runner/.m2/repository/org/testcontainers/pulsar/1.20.4/pulsar-1.20.4.jar:/home/runner/.m2/repository/io/debezium/debezium-testing-testcontainers/2.6.2.Final/debezium-testing-testcontainers-2.6.2.Final.jar:/home/runner/.m2/repository/org/testcontainers/kafka/1.20.1/kafka-1.20.1.jar:/home/runner/.m2/repository/com/squareup/okhttp3/okhttp/4.8.1/okhttp-4.8.1.jar:/home/runner/.m2/repository/com/squareup/okio/okio/3.10.2/okio-3.10.2.jar:/home/runner/.m2/repository/com/squareup/okio/okio-jvm/3.10.2/okio-jvm-3.10.2.jar:/home/runner/.m2/repository/org/jetbrains/kotlin/kotlin-stdlib/2.0.10/kotlin-stdlib-2.0.10.jar:/home/runner/.m2/repository/org/awaitility/awaitility/4.2.2/awaitility-4.2.2.jar:/home/runner/.m2/repository/org/testcontainers/mongodb/1.20.1/mongodb-1.20.1.jar:/home/runner/.m2/repository/org/testcontainers/oracle-xe/1.20.1/oracle-xe-1.20.1.jar:/home/runner/.m2/repository/org/testcontainers/postgresql/1.20.1/postgresql-1.20.1.jar:/home/runner/.m2/repository/org/wiremock/wiremock/3.0.1/wiremock-3.0.1.jar:/home/runner/.m2/repository/org/eclipse/jetty/jetty-server/11.0.15/jetty-server-11.0.15.jar:/home/runner/.m2/repository/org/eclipse/jetty/toolchain/jetty-jakarta-servlet-api/5.0.2/jetty-jakarta-servlet-api-5.0.2.jar:/home/runner/.m2/repository/org/eclipse/jetty/jetty-http/11.0.15/jetty-http-11.0.15.jar:/home/runner/.m2/repository/org/eclipse/jetty/jetty-io/11.0.15/jetty-io-11.0.15.jar:/home/runner/.m2/repository/org/eclipse/jetty/jetty-servlet/11.0.15/jetty-servlet-11.0.15.jar:/home/runner/.m2/repository/org/eclipse/jetty/jetty-security/11.0.15/jetty-security-11.0.15.jar:/home/runner/.m2/repository/org/eclipse/jetty/jetty-servlets/11.0.15/jetty-servlets-11.0.15.jar:/home/runner/.m2/repository/org/eclipse/jetty/jetty-util/11.0.15/jetty-util-11.0.15.jar:/home/runner/.m2/repository/org/eclipse/jetty/jetty-webapp/11.0.15/jetty-webapp-11.0.15.jar:/home/runner/.m2/repository/org/eclipse/jetty/jetty-xml/11.0.15/jetty-xml-11.0.15.jar:/home/runner/.m2/repository/org/eclipse/jetty/jetty-proxy/11.0.15/jetty-proxy-11.0.15.jar:/home/runner/.m2/repository/org/eclipse/jetty/jetty-client/11.0.15/jetty-client-11.0.15.jar:/home/runner/.m2/repository/org/eclipse/jetty/http2/http2-server/11.0.15/http2-server-11.0.15.jar:/home/runner/.m2/repository/org/eclipse/jetty/http2/http2-common/11.0.15/http2-common-11.0.15.jar:/home/runner/.m2/repository/org/eclipse/jetty/http2/http2-hpack/11.0.15/http2-hpack-11.0.15.jar:/home/runner/.m2/repository/org/eclipse/jetty/jetty-alpn-server/11.0.15/jetty-alpn-server-11.0.15.jar:/home/runner/.m2/repository/org/eclipse/jetty/jetty-alpn-java-server/11.0.15/jetty-alpn-java-server-11.0.15.jar:/home/runner/.m2/repository/org/eclipse/jetty/jetty-alpn-java-client/11.0.15/jetty-alpn-java-client-11.0.15.jar:/home/runner/.m2/repository/org/eclipse/jetty/jetty-alpn-client/11.0.15/jetty-alpn-client-11.0.15.jar:/home/runner/.m2/repository/org/apache/httpcomponents/client5/httpclient5/5.2.1/httpclient5-5.2.1.jar:/home/runner/.m2/repository/org/apache/httpcomponents/core5/httpcore5/5.2/httpcore5-5.2.jar:/home/runner/.m2/repository/org/apache/httpcomponents/core5/httpcore5-h2/5.2/httpcore5-h2-5.2.jar:/home/runner/.m2/repository/org/xmlunit/xmlunit-core/2.9.1/xmlunit-core-2.9.1.jar:/home/runner/.m2/repository/jakarta/xml/bind/jakarta.xml.bind-api/4.0.2/jakarta.xml.bind-api-4.0.2.jar:/home/runner/.m2/repository/jakarta/activation/jakarta.activation-api/2.1.3/jakarta.activation-api-2.1.3.jar:/home/runner/.m2/repository/org/xmlunit/xmlunit-legacy/2.9.1/xmlunit-legacy-2.9.1.jar:/home/runner/.m2/repository/org/xmlunit/xmlunit-placeholders/2.9.1/xmlunit-placeholders-2.9.1.jar:/home/runner/.m2/repository/net/javacrumbs/json-unit/json-unit-core/2.38.0/json-unit-core-2.38.0.jar:/home/runner/.m2/repository/com/jayway/jsonpath/json-path/2.8.0/json-path-2.8.0.jar:/home/runner/.m2/repository/net/minidev/json-smart/2.4.10/json-smart-2.4.10.jar:/home/runner/.m2/repository/net/minidev/accessors-smart/2.4.9/accessors-smart-2.4.9.jar:/home/runner/.m2/repository/org/ow2/asm/asm/9.7/asm-9.7.jar:/home/runner/.m2/repository/net/sf/jopt-simple/jopt-simple/5.0.4/jopt-simple-5.0.4.jar:/home/runner/.m2/repository/com/github/jknack/handlebars/4.3.1/handlebars-4.3.1.jar:/home/runner/.m2/repository/com/github/jknack/handlebars-helpers/4.3.1/handlebars-helpers-4.3.1.jar:/home/runner/.m2/repository/commons-fileupload/commons-fileupload/1.5/commons-fileupload-1.5.jar:/home/runner/.m2/repository/com/networknt/json-schema-validator/1.5.5/json-schema-validator-1.5.5.jar:/home/runner/.m2/repository/com/ethlo/time/itu/1.10.3/itu-1.10.3.jar:/home/runner/.m2/repository/io/quarkus/quarkus-smallrye-jwt-build/3.15.4/quarkus-smallrye-jwt-build-3.15.4.jar:/home/runner/.m2/repository/io/smallrye/smallrye-jwt-build/4.5.3/smallrye-jwt-build-4.5.3.jar:/home/runner/.m2/repository/org/eclipse/microprofile/jwt/microprofile-jwt-auth-api/2.1/microprofile-jwt-auth-api-2.1.jar:/home/runner/.m2/repository/org/bitbucket/b_c/jose4j/0.9.6/jose4j-0.9.6.jar:/home/runner/.m2/repository/io/smallrye/smallrye-jwt-common/4.5.3/smallrye-jwt-common-4.5.3.jar:/home/runner/.m2/repository/io/quarkus/quarkus-jsonp/3.15.4/quarkus-jsonp-3.15.4.jar:/home/runner/.m2/repository/io/quarkus/quarkus-arc/3.15.4/quarkus-arc-3.15.4.jar:/home/runner/.m2/repository/io/quarkus/arc/arc/3.15.4/arc-3.15.4.jar:/home/runner/.m2/repository/jakarta/transaction/jakarta.transaction-api/2.0.1/jakarta.transaction-api-2.0.1.jar:/home/runner/.m2/repository/io/smallrye/reactive/mutiny/2.6.2/mutiny-2.6.2.jar:/home/runner/.m2/repository/org/jctools/jctools-core/4.0.5/jctools-core-4.0.5.jar:/home/runner/.m2/repository/org/eclipse/microprofile/context-propagation/microprofile-context-propagation-api/1.3/microprofile-context-propagation-api-1.3.jar:/home/runner/.m2/repository/io/apicurio/apicurio-common-rest-client-common/0.1.18.Final/apicurio-common-rest-client-common-0.1.18.Final.jar:/home/runner/work/apicurio-testing/apicurio-testing/clusters/ci419/namespaces/inmemory/tests/integration/apicurio-registry/utils/maven-plugin/target/apicurio-registry-maven-plugin-3.0.9.jar:/home/runner/.m2/repository/com/fasterxml/jackson/core/jackson-databind/2.17.2/jackson-databind-2.17.2.jar:/home/runner/.m2/repository/org/apache/avro/avro/1.12.0/avro-1.12.0.jar:/home/runner/.m2/repository/com/google/protobuf/protobuf-java/3.25.8/protobuf-java-3.25.8.jar:/home/runner/.m2/repository/com/google/protobuf/protobuf-java-util/3.25.8/protobuf-java-util-3.25.8.jar:/home/runner/.m2/repository/com/google/code/findbugs/jsr305/3.0.2/jsr305-3.0.2.jar:/home/runner/.m2/repository/com/google/code/gson/gson/2.11.0/gson-2.11.0.jar:/home/runner/.m2/repository/com/google/errorprone/error_prone_annotations/2.30.0/error_prone_annotations-2.30.0.jar:/home/runner/.m2/repository/com/google/j2objc/j2objc-annotations/2.8/j2objc-annotations-2.8.jar:/home/runner/work/apicurio-testing/apicurio-testing/clusters/ci419/namespaces/inmemory/tests/integration/apicurio-registry/schema-util/util-provider/target/apicurio-registry-schema-util-provider-3.0.9.jar:/home/runner/work/apicurio-testing/apicurio-testing/clusters/ci419/namespaces/inmemory/tests/integration/apicurio-registry/schema-util/common/target/apicurio-registry-schema-util-common-3.0.9.jar:/home/runner/.m2/repository/com/fasterxml/jackson/module/jackson-module-parameter-names/2.17.2/jackson-module-parameter-names-2.17.2.jar:/home/runner/.m2/repository/com/fasterxml/jackson/datatype/jackson-datatype-json-org/2.18.2/jackson-datatype-json-org-2.18.2.jar:/home/runner/work/apicurio-testing/apicurio-testing/clusters/ci419/namespaces/inmemory/tests/integration/apicurio-registry/schema-util/json/target/apicurio-registry-schema-util-json-3.0.9.jar:/home/runner/.m2/repository/com/github/erosb/everit-json-schema/1.14.5/everit-json-schema-1.14.5.jar:/home/runner/.m2/repository/commons-validator/commons-validator/1.9.0/commons-validator-1.9.0.jar:/home/runner/.m2/repository/commons-digester/commons-digester/2.1/commons-digester-2.1.jar:/home/runner/.m2/repository/commons-collections/commons-collections/3.2.2/commons-collections-3.2.2.jar:/home/runner/.m2/repository/com/damnhandy/handy-uri-templates/2.1.8/handy-uri-templates-2.1.8.jar:/home/runner/.m2/repository/joda-time/joda-time/2.10.2/joda-time-2.10.2.jar:/home/runner/.m2/repository/com/github/erosb/json-sKema/0.20.0/json-sKema-0.20.0.jar:/home/runner/.m2/repository/io/vertx/vertx-json-schema/4.5.13/vertx-json-schema-4.5.13.jar:/home/runner/work/apicurio-testing/apicurio-testing/clusters/ci419/namespaces/inmemory/tests/integration/apicurio-registry/schema-util/protobuf/target/apicurio-registry-schema-util-protobuf-3.0.9.jar:/home/runner/work/apicurio-testing/apicurio-testing/clusters/ci419/namespaces/inmemory/tests/integration/apicurio-registry/utils/protobuf-schema-utilities/target/apicurio-registry-protobuf-schema-utilities-3.0.9.jar:/home/runner/.m2/repository/com/google/api/grpc/proto-google-common-protos/2.52.0/proto-google-common-protos-2.52.0.jar:/home/runner/.m2/repository/com/squareup/wire/wire-schema-jvm/5.1.0/wire-schema-jvm-5.1.0.jar:/home/runner/.m2/repository/com/squareup/javapoet/1.13.0/javapoet-1.13.0.jar:/home/runner/.m2/repository/com/squareup/kotlinpoet-jvm/1.18.1/kotlinpoet-jvm-1.18.1.jar:/home/runner/.m2/repository/org/jetbrains/kotlin/kotlin-reflect/2.0.10/kotlin-reflect-2.0.10.jar:/home/runner/.m2/repository/com/squareup/wire/wire-runtime-jvm/5.1.0/wire-runtime-jvm-5.1.0.jar:/home/runner/.m2/repository/com/ibm/icu/icu4j/76.1/icu4j-76.1.jar:/home/runner/.m2/repository/com/squareup/okio/okio-fakefilesystem/3.10.2/okio-fakefilesystem-3.10.2.jar:/home/runner/.m2/repository/com/squareup/okio/okio-fakefilesystem-jvm/3.10.2/okio-fakefilesystem-jvm-3.10.2.jar:/home/runner/.m2/repository/org/jetbrains/kotlinx/kotlinx-datetime-jvm/0.6.1/kotlinx-datetime-jvm-0.6.1.jar:/home/runner/work/apicurio-testing/apicurio-testing/clusters/ci419/namespaces/inmemory/tests/integration/apicurio-registry/schema-util/asyncapi/target/apicurio-registry-schema-util-asyncapi-3.0.9.jar:/home/runner/work/apicurio-testing/apicurio-testing/clusters/ci419/namespaces/inmemory/tests/integration/apicurio-registry/schema-util/avro/target/apicurio-registry-schema-util-avro-3.0.9.jar:/home/runner/work/apicurio-testing/apicurio-testing/clusters/ci419/namespaces/inmemory/tests/integration/apicurio-registry/schema-util/graphql/target/apicurio-registry-schema-util-graphql-3.0.9.jar:/home/runner/.m2/repository/com/graphql-java/graphql-java/22.3/graphql-java-22.3.jar:/home/runner/.m2/repository/com/graphql-java/java-dataloader/3.3.0/java-dataloader-3.3.0.jar:/home/runner/work/apicurio-testing/apicurio-testing/clusters/ci419/namespaces/inmemory/tests/integration/apicurio-registry/schema-util/kconnect/target/apicurio-registry-schema-util-kconnect-3.0.9.jar:/home/runner/work/apicurio-testing/apicurio-testing/clusters/ci419/namespaces/inmemory/tests/integration/apicurio-registry/schema-util/openapi/target/apicurio-registry-schema-util-openapi-3.0.9.jar:/home/runner/.m2/repository/io/apicurio/apicurio-data-models/2.2.1/apicurio-data-models-2.2.1.jar:/home/runner/.m2/repository/org/openapitools/openapidiff/openapi-diff-core/2.0.1/openapi-diff-core-2.0.1.jar:/home/runner/.m2/repository/io/swagger/parser/v3/swagger-parser/2.0.28/swagger-parser-2.0.28.jar:/home/runner/.m2/repository/io/swagger/parser/v3/swagger-parser-v2-converter/2.0.28/swagger-parser-v2-converter-2.0.28.jar:/home/runner/.m2/repository/io/swagger/swagger-core/1.6.3/swagger-core-1.6.3.jar:/home/runner/.m2/repository/io/swagger/swagger-models/1.6.3/swagger-models-1.6.3.jar:/home/runner/.m2/repository/io/swagger/swagger-annotations/1.6.3/swagger-annotations-1.6.3.jar:/home/runner/.m2/repository/io/swagger/swagger-parser/1.0.56/swagger-parser-1.0.56.jar:/home/runner/.m2/repository/io/swagger/swagger-compat-spec-parser/1.0.56/swagger-compat-spec-parser-1.0.56.jar:/home/runner/.m2/repository/com/github/java-json-tools/json-schema-validator/2.2.14/json-schema-validator-2.2.14.jar:/home/runner/.m2/repository/com/github/java-json-tools/jackson-coreutils-equivalence/1.0/jackson-coreutils-equivalence-1.0.jar:/home/runner/.m2/repository/com/github/java-json-tools/json-schema-core/1.2.14/json-schema-core-1.2.14.jar:/home/runner/.m2/repository/com/github/java-json-tools/uri-template/0.10/uri-template-0.10.jar:/home/runner/.m2/repository/com/sun/mail/mailapi/1.6.2/mailapi-1.6.2.jar:/home/runner/.m2/repository/com/googlecode/libphonenumber/libphonenumber/8.11.1/libphonenumber-8.11.1.jar:/home/runner/.m2/repository/com/j2html/j2html/1.5.0/j2html-1.5.0.jar:/home/runner/.m2/repository/org/apache/commons/commons-collections4/4.4/commons-collections4-4.4.jar:/home/runner/.m2/repository/commons-httpclient/commons-httpclient/3.1/commons-httpclient-3.1.jar:/home/runner/.m2/repository/io/swagger/parser/v3/swagger-parser-v3/2.1.25/swagger-parser-v3-2.1.25.jar:/home/runner/.m2/repository/io/swagger/core/v3/swagger-models/2.2.28/swagger-models-2.2.28.jar:/home/runner/.m2/repository/io/swagger/core/v3/swagger-core/2.2.28/swagger-core-2.2.28.jar:/home/runner/.m2/repository/io/swagger/parser/v3/swagger-parser-core/2.1.25/swagger-parser-core-2.1.25.jar:/home/runner/.m2/repository/io/swagger/parser/v3/swagger-parser-safe-url-resolver/2.1.25/swagger-parser-safe-url-resolver-2.1.25.jar:/home/runner/work/apicurio-testing/apicurio-testing/clusters/ci419/namespaces/inmemory/tests/integration/apicurio-registry/schema-util/wsdl/target/apicurio-registry-schema-util-wsdl-3.0.9.jar:/home/runner/.m2/repository/wsdl4j/wsdl4j/1.6.3/wsdl4j-1.6.3.jar:/home/runner/work/apicurio-testing/apicurio-testing/clusters/ci419/namespaces/inmemory/tests/integration/apicurio-registry/schema-util/xml/target/apicurio-registry-schema-util-xml-3.0.9.jar:/home/runner/.m2/repository/org/apache/santuario/xmlsec/4.0.3/xmlsec-4.0.3.jar:/home/runner/.m2/repository/com/fasterxml/woodstox/woodstox-core/7.1.0/woodstox-core-7.1.0.jar:/home/runner/.m2/repository/org/codehaus/woodstox/stax2-api/4.2.2/stax2-api-4.2.2.jar:/home/runner/work/apicurio-testing/apicurio-testing/clusters/ci419/namespaces/inmemory/tests/integration/apicurio-registry/schema-util/xsd/target/apicurio-registry-schema-util-xsd-3.0.9.jar:/home/runner/work/apicurio-testing/apicurio-testing/clusters/ci419/namespaces/inmemory/tests/integration/apicurio-registry/serdes/kafka/jsonschema-serde/target/apicurio-registry-jsonschema-serde-kafka-3.0.9.jar:/home/runner/work/apicurio-testing/apicurio-testing/clusters/ci419/namespaces/inmemory/tests/integration/apicurio-registry/serdes/kafka/serde-kafka-common/target/apicurio-registry-serde-kafka-common-3.0.9.jar:/home/runner/work/apicurio-testing/apicurio-testing/clusters/ci419/namespaces/inmemory/tests/integration/apicurio-registry/serdes/generic/serde-common/target/apicurio-registry-serde-common-3.0.9.jar:/home/runner/work/apicurio-testing/apicurio-testing/clusters/ci419/namespaces/inmemory/tests/integration/apicurio-registry/schema-resolver/target/apicurio-registry-schema-resolver-3.0.9.jar:/home/runner/work/apicurio-testing/apicurio-testing/clusters/ci419/namespaces/inmemory/tests/integration/apicurio-registry/serdes/generic/serde-common-jsonschema/target/apicurio-registry-serde-common-jsonschema-3.0.9.jar:/home/runner/.m2/repository/org/json/json/20250107/json-20250107.jar:/home/runner/work/apicurio-testing/apicurio-testing/clusters/ci419/namespaces/inmemory/tests/integration/apicurio-registry/serdes/kafka/avro-serde/target/apicurio-registry-avro-serde-kafka-3.0.9.jar:/home/runner/work/apicurio-testing/apicurio-testing/clusters/ci419/namespaces/inmemory/tests/integration/apicurio-registry/serdes/generic/serde-common-avro/target/apicurio-registry-serde-common-avro-3.0.9.jar:/home/runner/work/apicurio-testing/apicurio-testing/clusters/ci419/namespaces/inmemory/tests/integration/apicurio-registry/serdes/kafka/protobuf-serde/target/apicurio-registry-protobuf-serde-kafka-3.0.9.jar:/home/runner/work/apicurio-testing/apicurio-testing/clusters/ci419/namespaces/inmemory/tests/integration/apicurio-registry/serdes/generic/serde-common-protobuf/target/apicurio-registry-serde-common-protobuf-3.0.9.jar:/home/runner/.m2/repository/com/squareup/wire/wire-schema/5.1.0/wire-schema-5.1.0.jar:/home/runner/.m2/repository/com/squareup/wire/wire-runtime/5.1.0/wire-runtime-5.1.0.jar:/home/runner/work/apicurio-testing/apicurio-testing/clusters/ci419/namespaces/inmemory/tests/integration/apicurio-registry/serdes/pulsar/avro-serde/target/apicurio-registry-avro-serde-pulsar-3.0.9.jar:/home/runner/.m2/repository/org/apache/pulsar/pulsar-functions-api/3.3.4/pulsar-functions-api-3.3.4.jar:/home/runner/work/apicurio-testing/apicurio-testing/clusters/ci419/namespaces/inmemory/tests/integration/apicurio-registry/serdes/nats/avro-serde/target/apicurio-registry-avro-serde-nats-3.0.9.jar:/home/runner/.m2/repository/io/nats/jnats/2.20.5/jnats-2.20.5.jar:/home/runner/.m2/repository/net/i2p/crypto/eddsa/0.3.0/eddsa-0.3.0.jar:/home/runner/work/apicurio-testing/apicurio-testing/clusters/ci419/namespaces/inmemory/tests/integration/apicurio-registry/utils/converter/target/apicurio-registry-utils-converter-3.0.9.jar:/home/runner/.m2/repository/org/apache/kafka/connect-api/3.9.1/connect-api-3.9.1.jar:/home/runner/.m2/repository/javax/ws/rs/javax.ws.rs-api/2.1.1/javax.ws.rs-api-2.1.1.jar:/home/runner/.m2/repository/org/apache/kafka/connect-json/3.9.1/connect-json-3.9.1.jar:/home/runner/.m2/repository/com/fasterxml/jackson/datatype/jackson-datatype-jdk8/2.17.2/jackson-datatype-jdk8-2.17.2.jar:/home/runner/.m2/repository/com/fasterxml/jackson/module/jackson-module-afterburner/2.17.2/jackson-module-afterburner-2.17.2.jar:/home/runner/work/apicurio-testing/apicurio-testing/clusters/ci419/namespaces/inmemory/tests/integration/apicurio-registry/utils/kafka/target/apicurio-registry-utils-kafka-3.0.9.jar:/home/runner/.m2/repository/org/apache/pulsar/pulsar-client/3.3.4/pulsar-client-3.3.4.jar:/home/runner/.m2/repository/org/apache/pulsar/pulsar-client-api/3.3.4/pulsar-client-api-3.3.4.jar:/home/runner/.m2/repository/org/apache/pulsar/pulsar-client-admin-api/3.3.4/pulsar-client-admin-api-3.3.4.jar:/home/runner/.m2/repository/org/apache/pulsar/bouncy-castle-bc/3.3.4/bouncy-castle-bc-3.3.4-pkg.jar:/home/runner/.m2/repository/org/bouncycastle/bcpkix-jdk18on/1.78.1/bcpkix-jdk18on-1.78.1.jar:/home/runner/.m2/repository/org/bouncycastle/bcutil-jdk18on/1.78.1/bcutil-jdk18on-1.78.1.jar:/home/runner/.m2/repository/org/bouncycastle/bcprov-jdk18on/1.78.1/bcprov-jdk18on-1.78.1.jar:/home/runner/.m2/repository/io/opentelemetry/opentelemetry-api/1.39.0/opentelemetry-api-1.39.0.jar:/home/runner/.m2/repository/io/opentelemetry/opentelemetry-context/1.39.0/opentelemetry-context-1.39.0.jar:/home/runner/.m2/repository/io/opentelemetry/opentelemetry-api-incubator/1.39.0-alpha/opentelemetry-api-incubator-1.39.0-alpha.jar:/home/runner/.m2/repository/com/fasterxml/jackson/core/jackson-annotations/2.17.2/jackson-annotations-2.17.2.jar:/home/runner/.m2/repository/javax/validation/validation-api/1.1.0.Final/validation-api-1.1.0.Final.jar:/home/runner/.m2/repository/io/confluent/kafka-avro-serializer/7.9.0/kafka-avro-serializer-7.9.0.jar:/home/runner/.m2/repository/org/apache/commons/commons-compress/1.27.0/commons-compress-1.27.0.jar:/home/runner/.m2/repository/io/confluent/kafka-schema-serializer/7.9.0/kafka-schema-serializer-7.9.0.jar:/home/runner/.m2/repository/com/fasterxml/jackson/dataformat/jackson-dataformat-csv/2.17.2/jackson-dataformat-csv-2.17.2.jar:/home/runner/.m2/repository/io/confluent/kafka-schema-registry-client/7.9.0/kafka-schema-registry-client-7.9.0.jar:/home/runner/.m2/repository/org/yaml/snakeyaml/2.2/snakeyaml-2.2.jar:/home/runner/.m2/repository/io/swagger/core/v3/swagger-annotations/2.1.10/swagger-annotations-2.1.10.jar:/home/runner/.m2/repository/com/google/guava/guava/33.2.1-jre/guava-33.2.1-jre.jar:/home/runner/.m2/repository/com/google/guava/failureaccess/1.0.1/failureaccess-1.0.1.jar:/home/runner/.m2/repository/org/checkerframework/checker-qual/3.46.0/checker-qual-3.46.0.jar:/home/runner/.m2/repository/io/confluent/logredactor/1.0.12/logredactor-1.0.12.jar:/home/runner/.m2/repository/com/google/re2j/re2j/1.6/re2j-1.6.jar:/home/runner/.m2/repository/io/confluent/logredactor-metrics/1.0.12/logredactor-metrics-1.0.12.jar:/home/runner/.m2/repository/com/eclipsesource/minimal-json/minimal-json/0.9.5/minimal-json-0.9.5.jar:/home/runner/.m2/repository/io/confluent/common-utils/7.9.0/common-utils-7.9.0.jar:/home/runner/.m2/repository/io/confluent/kafka-connect-avro-converter/7.9.0/kafka-connect-avro-converter-7.9.0.jar:/home/runner/.m2/repository/io/confluent/kafka-connect-avro-data/7.9.0/kafka-connect-avro-data-7.9.0.jar:/home/runner/.m2/repository/io/confluent/kafka-schema-converter/7.9.0/kafka-schema-converter-7.9.0.jar:/home/runner/.m2/repository/io/rest-assured/rest-assured/5.5.0/rest-assured-5.5.0.jar:/home/runner/.m2/repository/org/apache/groovy/groovy/4.0.22/groovy-4.0.22.jar:/home/runner/.m2/repository/org/apache/groovy/groovy-xml/4.0.22/groovy-xml-4.0.22.jar:/home/runner/.m2/repository/org/apache/httpcomponents/httpclient/4.5.14/httpclient-4.5.14.jar:/home/runner/.m2/repository/org/apache/httpcomponents/httpcore/4.4.16/httpcore-4.4.16.jar:/home/runner/.m2/repository/org/apache/httpcomponents/httpmime/4.5.14/httpmime-4.5.14.jar:/home/runner/.m2/repository/org/hamcrest/hamcrest/2.2/hamcrest-2.2.jar:/home/runner/.m2/repository/org/ccil/cowan/tagsoup/tagsoup/1.2.1/tagsoup-1.2.1.jar:/home/runner/.m2/repository/io/rest-assured/json-path/5.5.0/json-path-5.5.0.jar:/home/runner/.m2/repository/org/apache/groovy/groovy-json/4.0.22/groovy-json-4.0.22.jar:/home/runner/.m2/repository/io/rest-assured/rest-assured-common/5.5.0/rest-assured-common-5.5.0.jar:/home/runner/.m2/repository/io/rest-assured/xml-path/5.5.0/xml-path-5.5.0.jar:/home/runner/.m2/repository/io/zonky/test/embedded-postgres/2.1.0/embedded-postgres-2.1.0.jar:/home/runner/.m2/repository/io/zonky/test/postgres/embedded-postgres-binaries-windows-amd64/14.15.0/embedded-postgres-binaries-windows-amd64-14.15.0.jar:/home/runner/.m2/repository/io/zonky/test/postgres/embedded-postgres-binaries-darwin-amd64/14.15.0/embedded-postgres-binaries-darwin-amd64-14.15.0.jar:/home/runner/.m2/repository/io/zonky/test/postgres/embedded-postgres-binaries-linux-amd64/14.15.0/embedded-postgres-binaries-linux-amd64-14.15.0.jar:/home/runner/.m2/repository/io/zonky/test/postgres/embedded-postgres-binaries-linux-amd64-alpine/14.15.0/embedded-postgres-binaries-linux-amd64-alpine-14.15.0.jar:/home/runner/.m2/repository/org/apache/commons/commons-lang3/3.14.0/commons-lang3-3.14.0.jar:/home/runner/.m2/repository/org/tukaani/xz/1.10/xz-1.10.jar:/home/runner/.m2/repository/commons-codec/commons-codec/1.18.0/commons-codec-1.18.0.jar:/home/runner/.m2/repository/org/postgresql/postgresql/42.7.4/postgresql-42.7.4.jar:/home/runner/.m2/repository/commons-io/commons-io/2.16.1/commons-io-2.16.1.jar:/home/runner/work/apicurio-testing/apicurio-testing/clusters/ci419/namespaces/inmemory/tests/integration/apicurio-registry/utils/importexport/target/apicurio-registry-utils-import-export-3.0.9.jar:/home/runner/.m2/repository/io/vertx/vertx-core/4.5.13/vertx-core-4.5.13.jar:/home/runner/.m2/repository/io/netty/netty-common/4.1.118.Final/netty-common-4.1.118.Final.jar:/home/runner/.m2/repository/io/netty/netty-buffer/4.1.118.Final/netty-buffer-4.1.118.Final.jar:/home/runner/.m2/repository/io/netty/netty-transport/4.1.118.Final/netty-transport-4.1.118.Final.jar:/home/runner/.m2/repository/io/netty/netty-handler/4.1.118.Final/netty-handler-4.1.118.Final.jar:/home/runner/.m2/repository/io/netty/netty-transport-native-unix-common/4.1.118.Final/netty-transport-native-unix-common-4.1.118.Final.jar:/home/runner/.m2/repository/io/netty/netty-codec/4.1.118.Final/netty-codec-4.1.118.Final.jar:/home/runner/.m2/repository/io/netty/netty-handler-proxy/4.1.118.Final/netty-handler-proxy-4.1.118.Final.jar:/home/runner/.m2/repository/io/netty/netty-codec-socks/4.1.118.Final/netty-codec-socks-4.1.118.Final.jar:/home/runner/.m2/repository/io/netty/netty-codec-http/4.1.118.Final/netty-codec-http-4.1.118.Final.jar:/home/runner/.m2/repository/io/netty/netty-codec-http2/4.1.118.Final/netty-codec-http2-4.1.118.Final.jar:/home/runner/.m2/repository/io/netty/netty-resolver/4.1.118.Final/netty-resolver-4.1.118.Final.jar:/home/runner/.m2/repository/io/netty/netty-resolver-dns/4.1.118.Final/netty-resolver-dns-4.1.118.Final.jar:/home/runner/.m2/repository/io/netty/netty-codec-dns/4.1.118.Final/netty-codec-dns-4.1.118.Final.jar:/home/runner/.m2/repository/com/fasterxml/jackson/core/jackson-core/2.17.2/jackson-core-2.17.2.jar:"/>
    <property name="sun.cpu.endian" value="little"/>
    <property name="user.home" value="/home/runner"/>
    <property name="user.language" value="en"/>
    <property name="jboss.log-version" value="false"/>
    <property name="java.specification.vendor" value="Oracle Corporation"/>
    <property name="java.version.date" value="2025-07-15"/>
    <property name="java.home" value="/usr/lib/jvm/temurin-17-jdk-amd64"/>
    <property name="file.separator" value="/"/>
    <property name="basedir" value="/home/runner/work/apicurio-testing/apicurio-testing/clusters/ci419/namespaces/inmemory/tests/integration/apicurio-registry/integration-tests"/>
    <property name="java.vm.compressedOopsMode" value="32-bit"/>
    <property name="line.separator" value="&#10;"/>
    <property name="java.specification.name" value="Java Platform API Specification"/>
    <property name="java.vm.specification.vendor" value="Oracle Corporation"/>
    <property name="quarkus.http.test-host" value="registry-app-inmemory.apps.ci419.apicurio-testing.org"/>
    <property name="surefire.real.class.path" value="/home/runner/work/apicurio-testing/apicurio-testing/clusters/ci419/namespaces/inmemory/tests/integration/apicurio-registry/integration-tests/target/surefire/surefirebooter-20250731022035064_3.jar"/>
    <property name="sun.management.compiler" value="HotSpot 64-Bit Tiered Compilers"/>
    <property name="org.eclipse.jetty.http.HttpGenerator.STRICT" value="true"/>
    <property name="java.runtime.version" value="17.0.16+8"/>
    <property name="user.name" value="runner"/>
    <property name="path.separator" value=":"/>
    <property name="os.version" value="6.8.0-1031-azure"/>
    <property name="java.runtime.name" value="OpenJDK Runtime Environment"/>
    <property name="file.encoding" value="UTF-8"/>
    <property name="jnidispatch.path" value="/home/runner/.cache/JNA/temp/jna7018364848464739540.tmp"/>
    <property name="java.vm.name" value="OpenJDK 64-Bit Server VM"/>
    <property name="jna.platform.library.path" value="/usr/lib/x86_64-linux-gnu:/lib/x86_64-linux-gnu:/usr/lib64:/lib64:/usr/lib:/lib:/lib32:/usr/local/lib:/usr/lib/x86_64-linux-gnu/libfakeroot"/>
    <property name="java.vendor.version" value="Temurin-17.0.16+8"/>
    <property name="quarkus.oidc.token-path" value="https://keycloak-inmemory.apps.ci419.apicurio-testing.org/realms/registry/protocol/openid-connect/token"/>
    <property name="quarkus.http.host" value="registry-app-inmemory.apps.ci419.apicurio-testing.org"/>
    <property name="localRepository" value="/home/runner/.m2/repository"/>
    <property name="javax.xml.xpath.XPathFactory:http://java.sun.com/jaxp/xpath/dom" value="com.sun.org.apache.xpath.internal.jaxp.XPathFactoryImpl"/>
    <property name="jna.loaded" value="true"/>
    <property name="java.vendor.url.bug" value="https://github.com/adoptium/adoptium-support/issues"/>
    <property name="jetty.git.hash" value="5bc5e562c8d05c5862505aebe5cf83a61bdbcb96"/>
    <property name="java.io.tmpdir" value="/tmp"/>
    <property name="quarkus.http.test-protocol" value="http"/>
    <property name="java.version" value="17.0.16"/>
    <property name="user.dir" value="/home/runner/work/apicurio-testing/apicurio-testing/clusters/ci419/namespaces/inmemory/tests/integration/apicurio-registry/integration-tests"/>
    <property name="os.arch" value="amd64"/>
    <property name="groups" value="( smoke | serdes | acceptance | ui)"/>
    <property name="java.vm.specification.name" value="Java Virtual Machine Specification"/>
    <property name="native.encoding" value="UTF-8"/>
    <property name="java.util.logging.manager" value="org.jboss.logmanager.LogManager"/>
    <property name="java.library.path" value="/usr/java/packages/lib:/usr/lib64:/lib64:/lib:/usr/lib"/>
    <property name="jdk.console" value="java.base"/>
    <property name="java.vm.info" value="mixed mode, sharing"/>
    <property name="java.vendor" value="Eclipse Adoptium"/>
    <property name="java.vm.version" value="17.0.16+8"/>
    <property name="java.specification.maintenance.version" value="1"/>
    <property name="sun.io.unicode.encoding" value="UnicodeLittle"/>
    <property name="javax.xml.transform.TransformerFactory" value="com.sun.org.apache.xalan.internal.xsltc.trax.TransformerFactoryImpl"/>
    <property name="java.class.version" value="61.0"/>
  </properties>
  <testcase name="testGlobalIdInHeaders" classname="io.apicurio.tests.serdes.apicurio.AvroSerdeIT" time="3.423">
    <system-out><![CDATA[2025-07-31 02:20:45,532 INFO  [io.api.tes.ser.api.AvroSerdeIT] (main) RestAssured configured with http://registry-app-inmemory.apps.ci419.apicurio-testing.org:80/apis/registry/v3
2025-07-31 02:20:45,533 INFO  [io.api.tes.uti.KafkaFacade] (main) Starting kafka container
2025-07-31 02:20:45,594 INFO  [org.tes.ima.PullPolicy] (main) Image pull policy will be performed by: DefaultPullPolicy()
2025-07-31 02:20:45,596 INFO  [org.tes.uti.ImageNameSubstitutor] (main) Image name substitution will be performed by: DefaultImageNameSubstitutor (composite of 'ConfigurationFileImageNameSubstitutor' and 'PrefixingImageNameSubstitutor')
2025-07-31 02:20:45,606 INFO  [org.tes.DockerClientFactory] (main) Testcontainers version: 1.20.1
2025-07-31 02:20:46,083 INFO  [org.tes.doc.DockerClientProviderStrategy] (main) Found Docker environment with local Unix socket (unix:///var/run/docker.sock)
2025-07-31 02:20:46,091 INFO  [org.tes.DockerClientFactory] (main) Docker host IP address is localhost
2025-07-31 02:20:46,112 INFO  [org.tes.DockerClientFactory] (main) Connected to docker: 
  Server Version: 28.0.4
  API Version: 1.48
  Operating System: Ubuntu 22.04.5 LTS
  Total Memory: 7944 MB
2025-07-31 02:20:46,153 INFO  [tc.tes.8.1] (main) Pulling docker image: testcontainers/ryuk:0.8.1. Please be patient; this may take some time but only needs to be done once.
2025-07-31 02:20:46,441 INFO  [tc.tes.8.1] (docker-java-stream-1689030468) Starting to pull image
2025-07-31 02:20:46,458 INFO  [tc.tes.8.1] (docker-java-stream-1689030468) Pulling image layers:  0 pending,  0 downloaded,  0 extracted, (0 bytes/0 bytes)
2025-07-31 02:20:46,616 INFO  [tc.tes.8.1] (docker-java-stream-1689030468) Pulling image layers:  2 pending,  1 downloaded,  0 extracted, (350 KB/? MB)
2025-07-31 02:20:46,627 INFO  [tc.tes.8.1] (docker-java-stream-1689030468) Pulling image layers:  1 pending,  2 downloaded,  0 extracted, (3 MB/? MB)
2025-07-31 02:20:46,627 INFO  [tc.tes.8.1] (docker-java-stream-1689030468) Pulling image layers:  0 pending,  3 downloaded,  0 extracted, (3 MB/6 MB)
2025-07-31 02:20:46,741 INFO  [tc.tes.8.1] (docker-java-stream-1689030468) Pulling image layers:  0 pending,  3 downloaded,  1 extracted, (3 MB/6 MB)
2025-07-31 02:20:47,767 INFO  [tc.tes.8.1] (docker-java-stream-1689030468) Pulling image layers:  0 pending,  3 downloaded,  2 extracted, (3 MB/6 MB)
2025-07-31 02:20:47,831 INFO  [tc.tes.8.1] (docker-java-stream-1689030468) Pulling image layers:  0 pending,  3 downloaded,  3 extracted, (6 MB/6 MB)
2025-07-31 02:20:47,838 INFO  [tc.tes.8.1] (docker-java-stream-1689030468) Pull complete. 3 layers, pulled in 1s (downloaded 6 MB at 6 MB/s)
2025-07-31 02:20:47,838 INFO  [tc.tes.8.1] (main) Image testcontainers/ryuk:0.8.1 pull took PT1.68433453S
2025-07-31 02:20:47,858 INFO  [tc.tes.8.1] (main) Creating container for image: testcontainers/ryuk:0.8.1
2025-07-31 02:20:47,940 INFO  [tc.tes.8.1] (main) Container testcontainers/ryuk:0.8.1 is starting: 1780207d2dea3967ea5686ded16d4159e783234af23d72f3fd7c1e72d757ab3e
2025-07-31 02:20:48,265 INFO  [tc.tes.8.1] (main) Container testcontainers/ryuk:0.8.1 started in PT0.407100285S
2025-07-31 02:20:48,270 INFO  [org.tes.uti.RyukResourceReaper] (main) Ryuk started - will monitor and terminate Testcontainers containers on JVM exit
2025-07-31 02:20:48,271 INFO  [org.tes.DockerClientFactory] (main) Checking the system...
2025-07-31 02:20:48,271 INFO  [org.tes.DockerClientFactory] (main) ✔︎ Docker server version should be at least 1.6.0
2025-07-31 02:20:48,274 INFO  [io.str.tes.con.KafkaVersionService] (main) Latest release of Kafka is:LogicalKafkaVersionEntity{version='3.7.1', image='quay.io/strimzi-test-container/test-container:0.107.0-kafka-3.7.1'}
2025-07-31 02:20:48,274 INFO  [io.str.tes.con.KafkaVersionService] (main) Latest release of Kafka is:LogicalKafkaVersionEntity{version='3.7.1', image='quay.io/strimzi-test-container/test-container:0.107.0-kafka-3.7.1'}
2025-07-31 02:20:48,274 INFO  [io.str.tes.con.KafkaVersionService] (main) No Kafka version specified. Using latest release: quay.io/strimzi-test-container/test-container:0.107.0-kafka-3.7.1
2025-07-31 02:20:48,277 INFO  [tc.qua.io/.107.0-k.7.1] (main) Pulling docker image: quay.io/strimzi-test-container/test-container:0.107.0-kafka-3.7.1. Please be patient; this may take some time but only needs to be done once.
2025-07-31 02:20:48,869 INFO  [tc.qua.io/.107.0-k.7.1] (docker-java-stream--720530420) Starting to pull image
2025-07-31 02:20:48,870 INFO  [tc.qua.io/.107.0-k.7.1] (docker-java-stream--720530420) Pulling image layers:  0 pending,  0 downloaded,  0 extracted, (0 bytes/0 bytes)
2025-07-31 02:20:49,281 INFO  [tc.qua.io/.107.0-k.7.1] (docker-java-stream--720530420) Pulling image layers:  4 pending,  1 downloaded,  0 extracted, (365 KB/? MB)
2025-07-31 02:20:51,077 INFO  [tc.qua.io/.107.0-k.7.1] (docker-java-stream--720530420) Pulling image layers:  3 pending,  2 downloaded,  0 extracted, (106 MB/? MB)
2025-07-31 02:20:51,207 INFO  [tc.qua.io/.107.0-k.7.1] (docker-java-stream--720530420) Pulling image layers:  2 pending,  3 downloaded,  0 extracted, (108 MB/? MB)
2025-07-31 02:20:55,400 INFO  [tc.qua.io/.107.0-k.7.1] (docker-java-stream--720530420) Pulling image layers:  1 pending,  4 downloaded,  0 extracted, (206 MB/? MB)
2025-07-31 02:21:00,749 INFO  [tc.qua.io/.107.0-k.7.1] (docker-java-stream--720530420) Pulling image layers:  0 pending,  5 downloaded,  0 extracted, (226 MB/231 MB)
2025-07-31 02:21:01,586 INFO  [tc.qua.io/.107.0-k.7.1] (docker-java-stream--720530420) Pulling image layers:  0 pending,  5 downloaded,  1 extracted, (227 MB/231 MB)
2025-07-31 02:21:03,827 INFO  [tc.qua.io/.107.0-k.7.1] (docker-java-stream--720530420) Pulling image layers:  0 pending,  5 downloaded,  2 extracted, (229 MB/231 MB)
2025-07-31 02:21:05,370 INFO  [tc.qua.io/.107.0-k.7.1] (docker-java-stream--720530420) Pulling image layers:  0 pending,  5 downloaded,  3 extracted, (229 MB/231 MB)
2025-07-31 02:21:06,381 INFO  [tc.qua.io/.107.0-k.7.1] (docker-java-stream--720530420) Pulling image layers:  0 pending,  5 downloaded,  4 extracted, (231 MB/231 MB)
2025-07-31 02:21:06,396 INFO  [tc.qua.io/.107.0-k.7.1] (docker-java-stream--720530420) Pulling image layers:  0 pending,  5 downloaded,  5 extracted, (231 MB/231 MB)
2025-07-31 02:21:06,403 INFO  [tc.qua.io/.107.0-k.7.1] (docker-java-stream--720530420) Pull complete. 5 layers, pulled in 17s (downloaded 231 MB at 13 MB/s)
2025-07-31 02:21:06,403 INFO  [tc.qua.io/.107.0-k.7.1] (main) Image quay.io/strimzi-test-container/test-container:0.107.0-kafka-3.7.1 pull took PT18.126351082S
2025-07-31 02:21:06,406 INFO  [tc.qua.io/.107.0-k.7.1] (main) Creating container for image: quay.io/strimzi-test-container/test-container:0.107.0-kafka-3.7.1
2025-07-31 02:21:06,485 INFO  [tc.qua.io/.107.0-k.7.1] (main) Container quay.io/strimzi-test-container/test-container:0.107.0-kafka-3.7.1 is starting: 605b4ea3d12f8e3d0229b71d8e9e50aaf132f9f32636fc701b68567fff7e8982
2025-07-31 02:21:06,662 INFO  [io.str.tes.con.StrimziKafkaContainer] (main) Mapped port: 32770
2025-07-31 02:21:06,662 INFO  [io.str.tes.con.StrimziKafkaContainer] (main) This is all advertised listeners for Kafka PLAINTEXT://localhost:32770,BROKER1://172.18.0.2:9093
2025-07-31 02:21:06,663 INFO  [io.str.tes.con.StrimziKafkaContainer] (main) Using internal ZooKeeper 'zookeeper.connect=localhost:2181.'
2025-07-31 02:21:06,664 INFO  [io.str.tes.con.StrimziKafkaContainer] (main) Copying command to 'STARTER_SCRIPT' script.
2025-07-31 02:21:10,589 INFO  [tc.qua.io/.107.0-k.7.1] (main) Container quay.io/strimzi-test-container/test-container:0.107.0-kafka-3.7.1 started in PT4.182614161S
2025-07-31 02:21:10,592 INFO  [io.api.tes.uti.TestSeparator] (main) ############################################################################
2025-07-31 02:21:10,593 INFO  [io.api.tes.uti.TestSeparator] (main) io.apicurio.tests.serdes.apicurio.AvroSerdeIT.testGlobalIdInHeaders-STARTED
2025-07-31 02:21:10,604 INFO  [org.apa.kaf.cli.adm.AdminClientConfig] (main) AdminClientConfig values: 
	auto.include.jmx.reporter = true
	bootstrap.controllers = []
	bootstrap.servers = [PLAINTEXT://localhost:32770]
	client.dns.lookup = use_all_dns_ips
	client.id = 
	connections.max.idle.ms = 10000
	default.api.timeout.ms = 60000
	enable.metrics.push = true
	metadata.max.age.ms = 300000
	metadata.recovery.strategy = none
	metric.reporters = []
	metrics.num.samples = 2
	metrics.recording.level = INFO
	metrics.sample.window.ms = 30000
	receive.buffer.bytes = 65536
	reconnect.backoff.max.ms = 1000
	reconnect.backoff.ms = 50
	request.timeout.ms = 5000
	retries = 2147483647
	retry.backoff.max.ms = 1000
	retry.backoff.ms = 100
	sasl.client.callback.handler.class = null
	sasl.jaas.config = null
	sasl.kerberos.kinit.cmd = /usr/bin/kinit
	sasl.kerberos.min.time.before.relogin = 60000
	sasl.kerberos.service.name = null
	sasl.kerberos.ticket.renew.jitter = 0.05
	sasl.kerberos.ticket.renew.window.factor = 0.8
	sasl.login.callback.handler.class = null
	sasl.login.class = null
	sasl.login.connect.timeout.ms = null
	sasl.login.read.timeout.ms = null
	sasl.login.refresh.buffer.seconds = 300
	sasl.login.refresh.min.period.seconds = 60
	sasl.login.refresh.window.factor = 0.8
	sasl.login.refresh.window.jitter = 0.05
	sasl.login.retry.backoff.max.ms = 10000
	sasl.login.retry.backoff.ms = 100
	sasl.mechanism = GSSAPI
	sasl.oauthbearer.clock.skew.seconds = 30
	sasl.oauthbearer.expected.audience = null
	sasl.oauthbearer.expected.issuer = null
	sasl.oauthbearer.header.urlencode = false
	sasl.oauthbearer.jwks.endpoint.refresh.ms = 3600000
	sasl.oauthbearer.jwks.endpoint.retry.backoff.max.ms = 10000
	sasl.oauthbearer.jwks.endpoint.retry.backoff.ms = 100
	sasl.oauthbearer.jwks.endpoint.url = null
	sasl.oauthbearer.scope.claim.name = scope
	sasl.oauthbearer.sub.claim.name = sub
	sasl.oauthbearer.token.endpoint.url = null
	security.protocol = PLAINTEXT
	security.providers = null
	send.buffer.bytes = 131072
	socket.connection.setup.timeout.max.ms = 30000
	socket.connection.setup.timeout.ms = 10000
	ssl.cipher.suites = null
	ssl.enabled.protocols = [TLSv1.2, TLSv1.3]
	ssl.endpoint.identification.algorithm = https
	ssl.engine.factory.class = null
	ssl.key.password = null
	ssl.keymanager.algorithm = SunX509
	ssl.keystore.certificate.chain = null
	ssl.keystore.key = null
	ssl.keystore.location = null
	ssl.keystore.password = null
	ssl.keystore.type = JKS
	ssl.protocol = TLSv1.3
	ssl.provider = null
	ssl.secure.random.implementation = null
	ssl.trustmanager.algorithm = PKIX
	ssl.truststore.certificates = null
	ssl.truststore.location = null
	ssl.truststore.password = null
	ssl.truststore.type = JKS

2025-07-31 02:21:10,911 INFO  [org.apa.kaf.com.uti.AppInfoParser] (main) Kafka version: 3.9.0
2025-07-31 02:21:10,912 INFO  [org.apa.kaf.com.uti.AppInfoParser] (main) Kafka commitId: 84caaa6e9da06435
2025-07-31 02:21:10,912 INFO  [org.apa.kaf.com.uti.AppInfoParser] (main) Kafka startTimeMs: 1753928470910
2025-07-31 02:21:10,976 INFO  [org.apa.kaf.cli.pro.ProducerConfig] (main) ProducerConfig values: 
	acks = -1
	auto.include.jmx.reporter = true
	batch.size = 16384
	bootstrap.servers = [PLAINTEXT://localhost:32770]
	buffer.memory = 33554432
	client.dns.lookup = use_all_dns_ips
	client.id = Producer-topic-0dc7d4bc_b989_486c_a06d_81fa499578e4
	compression.gzip.level = -1
	compression.lz4.level = 9
	compression.type = none
	compression.zstd.level = 3
	connections.max.idle.ms = 10000
	delivery.timeout.ms = 120000
	enable.idempotence = true
	enable.metrics.push = true
	interceptor.classes = []
	key.serializer = class org.apache.kafka.common.serialization.StringSerializer
	linger.ms = 0
	max.block.ms = 60000
	max.in.flight.requests.per.connection = 5
	max.request.size = 1048576
	metadata.max.age.ms = 300000
	metadata.max.idle.ms = 300000
	metadata.recovery.strategy = none
	metric.reporters = []
	metrics.num.samples = 2
	metrics.recording.level = INFO
	metrics.sample.window.ms = 30000
	partitioner.adaptive.partitioning.enable = true
	partitioner.availability.timeout.ms = 0
	partitioner.class = null
	partitioner.ignore.keys = false
	receive.buffer.bytes = 32768
	reconnect.backoff.max.ms = 1000
	reconnect.backoff.ms = 50
	request.timeout.ms = 5000
	retries = 2147483647
	retry.backoff.max.ms = 1000
	retry.backoff.ms = 100
	sasl.client.callback.handler.class = null
	sasl.jaas.config = null
	sasl.kerberos.kinit.cmd = /usr/bin/kinit
	sasl.kerberos.min.time.before.relogin = 60000
	sasl.kerberos.service.name = null
	sasl.kerberos.ticket.renew.jitter = 0.05
	sasl.kerberos.ticket.renew.window.factor = 0.8
	sasl.login.callback.handler.class = null
	sasl.login.class = null
	sasl.login.connect.timeout.ms = null
	sasl.login.read.timeout.ms = null
	sasl.login.refresh.buffer.seconds = 300
	sasl.login.refresh.min.period.seconds = 60
	sasl.login.refresh.window.factor = 0.8
	sasl.login.refresh.window.jitter = 0.05
	sasl.login.retry.backoff.max.ms = 10000
	sasl.login.retry.backoff.ms = 100
	sasl.mechanism = GSSAPI
	sasl.oauthbearer.clock.skew.seconds = 30
	sasl.oauthbearer.expected.audience = null
	sasl.oauthbearer.expected.issuer = null
	sasl.oauthbearer.header.urlencode = false
	sasl.oauthbearer.jwks.endpoint.refresh.ms = 3600000
	sasl.oauthbearer.jwks.endpoint.retry.backoff.max.ms = 10000
	sasl.oauthbearer.jwks.endpoint.retry.backoff.ms = 100
	sasl.oauthbearer.jwks.endpoint.url = null
	sasl.oauthbearer.scope.claim.name = scope
	sasl.oauthbearer.sub.claim.name = sub
	sasl.oauthbearer.token.endpoint.url = null
	security.protocol = PLAINTEXT
	security.providers = null
	send.buffer.bytes = 131072
	socket.connection.setup.timeout.max.ms = 30000
	socket.connection.setup.timeout.ms = 10000
	ssl.cipher.suites = null
	ssl.enabled.protocols = [TLSv1.2, TLSv1.3]
	ssl.endpoint.identification.algorithm = https
	ssl.engine.factory.class = null
	ssl.key.password = null
	ssl.keymanager.algorithm = SunX509
	ssl.keystore.certificate.chain = null
	ssl.keystore.key = null
	ssl.keystore.location = null
	ssl.keystore.password = null
	ssl.keystore.type = JKS
	ssl.protocol = TLSv1.3
	ssl.provider = null
	ssl.secure.random.implementation = null
	ssl.trustmanager.algorithm = PKIX
	ssl.truststore.certificates = null
	ssl.truststore.location = null
	ssl.truststore.password = null
	ssl.truststore.type = JKS
	transaction.timeout.ms = 60000
	transactional.id = null
	value.serializer = class io.apicurio.registry.serde.avro.AvroKafkaSerializer

2025-07-31 02:21:11,049 INFO  [org.apa.kaf.com.tel.int.KafkaMetricsCollector] (main) initializing Kafka metrics collector
2025-07-31 02:21:11,078 INFO  [org.apa.kaf.cli.pro.KafkaProducer] (main) [Producer clientId=Producer-topic-0dc7d4bc_b989_486c_a06d_81fa499578e4] Instantiated an idempotent producer.
2025-07-31 02:21:11,132 INFO  [org.apa.kaf.cli.pro.ProducerConfig] (main) These configurations '[apicurio.registry.url, apicurio.registry.auto-register, apicurio.registry.use-id, apicurio.registry.artifact-resolver-strategy]' were supplied but are not used yet.
2025-07-31 02:21:11,133 INFO  [org.apa.kaf.com.uti.AppInfoParser] (main) Kafka version: 3.9.0
2025-07-31 02:21:11,133 INFO  [org.apa.kaf.com.uti.AppInfoParser] (main) Kafka commitId: 84caaa6e9da06435
2025-07-31 02:21:11,133 INFO  [org.apa.kaf.com.uti.AppInfoParser] (main) Kafka startTimeMs: 1753928471133
2025-07-31 02:21:11,135 INFO  [io.api.tes.ser.api.SimpleSerdesTesterBuilder$SimpleSerdesTester] (main) Using producer configuration: {apicurio.registry.url=http://registry-app-inmemory.apps.ci419.apicurio-testing.org:80/apis/registry/v3, apicurio.registry.auto-register=true, apicurio.registry.use-id=globalId, apicurio.registry.artifact-resolver-strategy=io.apicurio.registry.serde.strategy.TopicIdStrategy, value.serializer=io.apicurio.registry.serde.avro.AvroKafkaSerializer, request.timeout.ms=5000, acks=all, bootstrap.servers=PLAINTEXT://localhost:32770, connections.max.idle.ms=10000, key.serializer=org.apache.kafka.common.serialization.StringSerializer, client.id=Producer-topic-0dc7d4bc_b989_486c_a06d_81fa499578e4}
2025-07-31 02:21:11,135 INFO  [io.api.tes.ser.api.SimpleSerdesTesterBuilder$SimpleSerdesTester] (main) Using consumer configuration: {apicurio.registry.use-id=globalId}
2025-07-31 02:21:11,145 INFO  [io.api.tes.ser.api.KafkaSerdesTester] (Thread-120) Sending message {"key11753928470954": "value-0"} to topic topic-0dc7d4bc_b989_486c_a06d_81fa499578e4
2025-07-31 02:21:11,596 WARN  [org.apa.kaf.cli.NetworkClient] (kafka-producer-network-thread | Producer-topic-0dc7d4bc_b989_486c_a06d_81fa499578e4) [Producer clientId=Producer-topic-0dc7d4bc_b989_486c_a06d_81fa499578e4] The metadata response from the cluster reported a recoverable issue with correlation id 2 : {topic-0dc7d4bc_b989_486c_a06d_81fa499578e4=LEADER_NOT_AVAILABLE}
2025-07-31 02:21:11,597 INFO  [org.apa.kaf.cli.Metadata] (kafka-producer-network-thread | Producer-topic-0dc7d4bc_b989_486c_a06d_81fa499578e4) [Producer clientId=Producer-topic-0dc7d4bc_b989_486c_a06d_81fa499578e4] Cluster ID: mFm4H5CuSae4mNeWY74G7g
2025-07-31 02:21:11,763 INFO  [org.apa.kaf.cli.pro.int.TransactionManager] (kafka-producer-network-thread | Producer-topic-0dc7d4bc_b989_486c_a06d_81fa499578e4) [Producer clientId=Producer-topic-0dc7d4bc_b989_486c_a06d_81fa499578e4] ProducerId set to 0 with epoch 0
2025-07-31 02:21:11,776 WARN  [org.apa.kaf.cli.NetworkClient] (kafka-producer-network-thread | Producer-topic-0dc7d4bc_b989_486c_a06d_81fa499578e4) [Producer clientId=Producer-topic-0dc7d4bc_b989_486c_a06d_81fa499578e4] The metadata response from the cluster reported a recoverable issue with correlation id 8 : {topic-0dc7d4bc_b989_486c_a06d_81fa499578e4=LEADER_NOT_AVAILABLE}
2025-07-31 02:21:12,132 INFO  [io.api.tes.ser.api.KafkaSerdesTester] (Thread-120) Sending message {"key11753928470954": "value-1"} to topic topic-0dc7d4bc_b989_486c_a06d_81fa499578e4
2025-07-31 02:21:12,138 INFO  [io.api.tes.ser.api.KafkaSerdesTester] (Thread-120) Sending message {"key11753928470954": "value-2"} to topic topic-0dc7d4bc_b989_486c_a06d_81fa499578e4
2025-07-31 02:21:12,141 INFO  [io.api.tes.ser.api.KafkaSerdesTester] (Thread-120) Sending message {"key11753928470954": "value-3"} to topic topic-0dc7d4bc_b989_486c_a06d_81fa499578e4
2025-07-31 02:21:12,145 INFO  [io.api.tes.ser.api.KafkaSerdesTester] (Thread-120) Sending message {"key11753928470954": "value-4"} to topic topic-0dc7d4bc_b989_486c_a06d_81fa499578e4
2025-07-31 02:21:12,149 INFO  [io.api.tes.ser.api.KafkaSerdesTester] (Thread-120) Sending message {"key11753928470954": "value-5"} to topic topic-0dc7d4bc_b989_486c_a06d_81fa499578e4
2025-07-31 02:21:12,153 INFO  [io.api.tes.ser.api.KafkaSerdesTester] (Thread-120) Sending message {"key11753928470954": "value-6"} to topic topic-0dc7d4bc_b989_486c_a06d_81fa499578e4
2025-07-31 02:21:12,157 INFO  [io.api.tes.ser.api.KafkaSerdesTester] (Thread-120) Sending message {"key11753928470954": "value-7"} to topic topic-0dc7d4bc_b989_486c_a06d_81fa499578e4
2025-07-31 02:21:12,161 INFO  [io.api.tes.ser.api.KafkaSerdesTester] (Thread-120) Sending message {"key11753928470954": "value-8"} to topic topic-0dc7d4bc_b989_486c_a06d_81fa499578e4
2025-07-31 02:21:12,167 INFO  [io.api.tes.ser.api.KafkaSerdesTester] (Thread-120) Sending message {"key11753928470954": "value-9"} to topic topic-0dc7d4bc_b989_486c_a06d_81fa499578e4
2025-07-31 02:21:12,170 INFO  [io.api.tes.ser.api.KafkaSerdesTester] (Thread-120) Produced 10 messages
2025-07-31 02:21:12,171 INFO  [org.apa.kaf.cli.pro.KafkaProducer] (Thread-120) [Producer clientId=Producer-topic-0dc7d4bc_b989_486c_a06d_81fa499578e4] Closing the Kafka producer with timeoutMillis = 9223372036854775807 ms.
2025-07-31 02:21:12,191 INFO  [org.apa.kaf.com.met.Metrics] (Thread-120) Metrics scheduler closed
2025-07-31 02:21:12,191 INFO  [org.apa.kaf.com.met.Metrics] (Thread-120) Closing reporter org.apache.kafka.common.metrics.JmxReporter
2025-07-31 02:21:12,191 INFO  [org.apa.kaf.com.met.Metrics] (Thread-120) Closing reporter org.apache.kafka.common.telemetry.internals.ClientTelemetryReporter
2025-07-31 02:21:12,191 INFO  [org.apa.kaf.com.met.Metrics] (Thread-120) Metrics reporters closed
2025-07-31 02:21:12,192 INFO  [org.apa.kaf.com.uti.AppInfoParser] (Thread-120) App info kafka.producer for Producer-topic-0dc7d4bc_b989_486c_a06d_81fa499578e4 unregistered
2025-07-31 02:21:12,254 INFO  [org.apa.kaf.cli.con.ConsumerConfig] (main) ConsumerConfig values: 
	allow.auto.create.topics = true
	auto.commit.interval.ms = 500
	auto.include.jmx.reporter = true
	auto.offset.reset = earliest
	bootstrap.servers = [PLAINTEXT://localhost:32770]
	check.crcs = true
	client.dns.lookup = use_all_dns_ips
	client.id = consumer-Consumer-topic-0dc7d4bc_b989_486c_a06d_81fa499578e4-1
	client.rack = 
	connections.max.idle.ms = 10000
	default.api.timeout.ms = 60000
	enable.auto.commit = true
	enable.metrics.push = true
	exclude.internal.topics = true
	fetch.max.bytes = 52428800
	fetch.max.wait.ms = 500
	fetch.min.bytes = 1
	group.id = Consumer-topic-0dc7d4bc_b989_486c_a06d_81fa499578e4
	group.instance.id = null
	group.protocol = classic
	group.remote.assignor = null
	heartbeat.interval.ms = 3000
	interceptor.classes = []
	internal.leave.group.on.close = true
	internal.throw.on.fetch.stable.offset.unsupported = false
	isolation.level = read_uncommitted
	key.deserializer = class org.apache.kafka.common.serialization.StringDeserializer
	max.partition.fetch.bytes = 1048576
	max.poll.interval.ms = 300000
	max.poll.records = 500
	metadata.max.age.ms = 300000
	metadata.recovery.strategy = none
	metric.reporters = []
	metrics.num.samples = 2
	metrics.recording.level = INFO
	metrics.sample.window.ms = 30000
	partition.assignment.strategy = [class org.apache.kafka.clients.consumer.RangeAssignor, class org.apache.kafka.clients.consumer.CooperativeStickyAssignor]
	receive.buffer.bytes = 65536
	reconnect.backoff.max.ms = 1000
	reconnect.backoff.ms = 50
	request.timeout.ms = 5000
	retry.backoff.max.ms = 1000
	retry.backoff.ms = 100
	sasl.client.callback.handler.class = null
	sasl.jaas.config = null
	sasl.kerberos.kinit.cmd = /usr/bin/kinit
	sasl.kerberos.min.time.before.relogin = 60000
	sasl.kerberos.service.name = null
	sasl.kerberos.ticket.renew.jitter = 0.05
	sasl.kerberos.ticket.renew.window.factor = 0.8
	sasl.login.callback.handler.class = null
	sasl.login.class = null
	sasl.login.connect.timeout.ms = null
	sasl.login.read.timeout.ms = null
	sasl.login.refresh.buffer.seconds = 300
	sasl.login.refresh.min.period.seconds = 60
	sasl.login.refresh.window.factor = 0.8
	sasl.login.refresh.window.jitter = 0.05
	sasl.login.retry.backoff.max.ms = 10000
	sasl.login.retry.backoff.ms = 100
	sasl.mechanism = GSSAPI
	sasl.oauthbearer.clock.skew.seconds = 30
	sasl.oauthbearer.expected.audience = null
	sasl.oauthbearer.expected.issuer = null
	sasl.oauthbearer.header.urlencode = false
	sasl.oauthbearer.jwks.endpoint.refresh.ms = 3600000
	sasl.oauthbearer.jwks.endpoint.retry.backoff.max.ms = 10000
	sasl.oauthbearer.jwks.endpoint.retry.backoff.ms = 100
	sasl.oauthbearer.jwks.endpoint.url = null
	sasl.oauthbearer.scope.claim.name = scope
	sasl.oauthbearer.sub.claim.name = sub
	sasl.oauthbearer.token.endpoint.url = null
	security.protocol = PLAINTEXT
	security.providers = null
	send.buffer.bytes = 131072
	session.timeout.ms = 45000
	socket.connection.setup.timeout.max.ms = 30000
	socket.connection.setup.timeout.ms = 10000
	ssl.cipher.suites = null
	ssl.enabled.protocols = [TLSv1.2, TLSv1.3]
	ssl.endpoint.identification.algorithm = https
	ssl.engine.factory.class = null
	ssl.key.password = null
	ssl.keymanager.algorithm = SunX509
	ssl.keystore.certificate.chain = null
	ssl.keystore.key = null
	ssl.keystore.location = null
	ssl.keystore.password = null
	ssl.keystore.type = JKS
	ssl.protocol = TLSv1.3
	ssl.provider = null
	ssl.secure.random.implementation = null
	ssl.trustmanager.algorithm = PKIX
	ssl.truststore.certificates = null
	ssl.truststore.location = null
	ssl.truststore.password = null
	ssl.truststore.type = JKS
	value.deserializer = class io.apicurio.registry.serde.avro.AvroKafkaDeserializer

2025-07-31 02:21:12,264 INFO  [org.apa.kaf.com.tel.int.KafkaMetricsCollector] (main) initializing Kafka metrics collector
2025-07-31 02:21:12,311 INFO  [org.apa.kaf.cli.con.ConsumerConfig] (main) These configurations '[apicurio.registry.url, apicurio.registry.use-id]' were supplied but are not used yet.
2025-07-31 02:21:12,311 INFO  [org.apa.kaf.com.uti.AppInfoParser] (main) Kafka version: 3.9.0
2025-07-31 02:21:12,311 INFO  [org.apa.kaf.com.uti.AppInfoParser] (main) Kafka commitId: 84caaa6e9da06435
2025-07-31 02:21:12,311 INFO  [org.apa.kaf.com.uti.AppInfoParser] (main) Kafka startTimeMs: 1753928472311
2025-07-31 02:21:12,313 INFO  [org.apa.kaf.cli.con.int.ClassicKafkaConsumer] (Thread-123) [Consumer clientId=consumer-Consumer-topic-0dc7d4bc_b989_486c_a06d_81fa499578e4-1, groupId=Consumer-topic-0dc7d4bc_b989_486c_a06d_81fa499578e4] Subscribed to topic(s): topic-0dc7d4bc_b989_486c_a06d_81fa499578e4
2025-07-31 02:21:12,331 INFO  [org.apa.kaf.cli.Metadata] (Thread-123) [Consumer clientId=consumer-Consumer-topic-0dc7d4bc_b989_486c_a06d_81fa499578e4-1, groupId=Consumer-topic-0dc7d4bc_b989_486c_a06d_81fa499578e4] Cluster ID: mFm4H5CuSae4mNeWY74G7g
2025-07-31 02:21:13,213 INFO  [org.apa.kaf.cli.con.int.ConsumerCoordinator] (Thread-123) [Consumer clientId=consumer-Consumer-topic-0dc7d4bc_b989_486c_a06d_81fa499578e4-1, groupId=Consumer-topic-0dc7d4bc_b989_486c_a06d_81fa499578e4] Discovered group coordinator localhost:32770 (id: 2147483647 rack: null)
2025-07-31 02:21:13,218 INFO  [org.apa.kaf.cli.con.int.ConsumerCoordinator] (Thread-123) [Consumer clientId=consumer-Consumer-topic-0dc7d4bc_b989_486c_a06d_81fa499578e4-1, groupId=Consumer-topic-0dc7d4bc_b989_486c_a06d_81fa499578e4] (Re-)joining group
2025-07-31 02:21:13,254 INFO  [org.apa.kaf.cli.con.int.ConsumerCoordinator] (Thread-123) [Consumer clientId=consumer-Consumer-topic-0dc7d4bc_b989_486c_a06d_81fa499578e4-1, groupId=Consumer-topic-0dc7d4bc_b989_486c_a06d_81fa499578e4] Request joining group due to: need to re-join with the given member-id: consumer-Consumer-topic-0dc7d4bc_b989_486c_a06d_81fa499578e4-1-898cdc2f-0873-4420-8b1b-2169863df032
2025-07-31 02:21:13,255 INFO  [org.apa.kaf.cli.con.int.ConsumerCoordinator] (Thread-123) [Consumer clientId=consumer-Consumer-topic-0dc7d4bc_b989_486c_a06d_81fa499578e4-1, groupId=Consumer-topic-0dc7d4bc_b989_486c_a06d_81fa499578e4] (Re-)joining group
2025-07-31 02:21:13,273 INFO  [org.apa.kaf.cli.con.int.ConsumerCoordinator] (Thread-123) [Consumer clientId=consumer-Consumer-topic-0dc7d4bc_b989_486c_a06d_81fa499578e4-1, groupId=Consumer-topic-0dc7d4bc_b989_486c_a06d_81fa499578e4] Successfully joined group with generation Generation{generationId=1, memberId='consumer-Consumer-topic-0dc7d4bc_b989_486c_a06d_81fa499578e4-1-898cdc2f-0873-4420-8b1b-2169863df032', protocol='range'}
2025-07-31 02:21:13,280 INFO  [org.apa.kaf.cli.con.int.ConsumerCoordinator] (Thread-123) [Consumer clientId=consumer-Consumer-topic-0dc7d4bc_b989_486c_a06d_81fa499578e4-1, groupId=Consumer-topic-0dc7d4bc_b989_486c_a06d_81fa499578e4] Finished assignment for group at generation 1: {consumer-Consumer-topic-0dc7d4bc_b989_486c_a06d_81fa499578e4-1-898cdc2f-0873-4420-8b1b-2169863df032=Assignment(partitions=[topic-0dc7d4bc_b989_486c_a06d_81fa499578e4-0])}
2025-07-31 02:21:13,304 INFO  [org.apa.kaf.cli.con.int.ConsumerCoordinator] (Thread-123) [Consumer clientId=consumer-Consumer-topic-0dc7d4bc_b989_486c_a06d_81fa499578e4-1, groupId=Consumer-topic-0dc7d4bc_b989_486c_a06d_81fa499578e4] Successfully synced group in generation Generation{generationId=1, memberId='consumer-Consumer-topic-0dc7d4bc_b989_486c_a06d_81fa499578e4-1-898cdc2f-0873-4420-8b1b-2169863df032', protocol='range'}
2025-07-31 02:21:13,305 INFO  [org.apa.kaf.cli.con.int.ConsumerCoordinator] (Thread-123) [Consumer clientId=consumer-Consumer-topic-0dc7d4bc_b989_486c_a06d_81fa499578e4-1, groupId=Consumer-topic-0dc7d4bc_b989_486c_a06d_81fa499578e4] Notifying assignor about the new Assignment(partitions=[topic-0dc7d4bc_b989_486c_a06d_81fa499578e4-0])
2025-07-31 02:21:13,307 INFO  [org.apa.kaf.cli.con.int.ConsumerRebalanceListenerInvoker] (Thread-123) [Consumer clientId=consumer-Consumer-topic-0dc7d4bc_b989_486c_a06d_81fa499578e4-1, groupId=Consumer-topic-0dc7d4bc_b989_486c_a06d_81fa499578e4] Adding newly assigned partitions: topic-0dc7d4bc_b989_486c_a06d_81fa499578e4-0
2025-07-31 02:21:13,315 INFO  [io.api.tes.ser.api.KafkaSerdesTester] (Thread-123) None found
2025-07-31 02:21:13,324 INFO  [org.apa.kaf.cli.con.int.ConsumerCoordinator] (Thread-123) [Consumer clientId=consumer-Consumer-topic-0dc7d4bc_b989_486c_a06d_81fa499578e4-1, groupId=Consumer-topic-0dc7d4bc_b989_486c_a06d_81fa499578e4] Found no committed offset for partition topic-0dc7d4bc_b989_486c_a06d_81fa499578e4-0
2025-07-31 02:21:13,357 INFO  [org.apa.kaf.cli.con.int.SubscriptionState] (Thread-123) [Consumer clientId=consumer-Consumer-topic-0dc7d4bc_b989_486c_a06d_81fa499578e4-1, groupId=Consumer-topic-0dc7d4bc_b989_486c_a06d_81fa499578e4] Resetting offset for partition topic-0dc7d4bc_b989_486c_a06d_81fa499578e4-0 to position FetchPosition{offset=0, offsetEpoch=Optional.empty, currentLeader=LeaderAndEpoch{leader=Optional[localhost:32770 (id: 0 rack: null)], epoch=0}}.
2025-07-31 02:21:13,468 INFO  [io.api.tes.ser.api.KafkaSerdesTester] (Thread-123) topic-0dc7d4bc_b989_486c_a06d_81fa499578e4 0 0 {"key11753928470954": "value-0"}
2025-07-31 02:21:13,468 INFO  [io.api.tes.ser.api.KafkaSerdesTester] (Thread-123) topic-0dc7d4bc_b989_486c_a06d_81fa499578e4 0 1 {"key11753928470954": "value-1"}
2025-07-31 02:21:13,469 INFO  [io.api.tes.ser.api.KafkaSerdesTester] (Thread-123) topic-0dc7d4bc_b989_486c_a06d_81fa499578e4 0 2 {"key11753928470954": "value-2"}
2025-07-31 02:21:13,469 INFO  [io.api.tes.ser.api.KafkaSerdesTester] (Thread-123) topic-0dc7d4bc_b989_486c_a06d_81fa499578e4 0 3 {"key11753928470954": "value-3"}
2025-07-31 02:21:13,469 INFO  [io.api.tes.ser.api.KafkaSerdesTester] (Thread-123) topic-0dc7d4bc_b989_486c_a06d_81fa499578e4 0 4 {"key11753928470954": "value-4"}
2025-07-31 02:21:13,469 INFO  [io.api.tes.ser.api.KafkaSerdesTester] (Thread-123) topic-0dc7d4bc_b989_486c_a06d_81fa499578e4 0 5 {"key11753928470954": "value-5"}
2025-07-31 02:21:13,469 INFO  [io.api.tes.ser.api.KafkaSerdesTester] (Thread-123) topic-0dc7d4bc_b989_486c_a06d_81fa499578e4 0 6 {"key11753928470954": "value-6"}
2025-07-31 02:21:13,470 INFO  [io.api.tes.ser.api.KafkaSerdesTester] (Thread-123) topic-0dc7d4bc_b989_486c_a06d_81fa499578e4 0 7 {"key11753928470954": "value-7"}
2025-07-31 02:21:13,470 INFO  [io.api.tes.ser.api.KafkaSerdesTester] (Thread-123) topic-0dc7d4bc_b989_486c_a06d_81fa499578e4 0 8 {"key11753928470954": "value-8"}
2025-07-31 02:21:13,470 INFO  [io.api.tes.ser.api.KafkaSerdesTester] (Thread-123) topic-0dc7d4bc_b989_486c_a06d_81fa499578e4 0 9 {"key11753928470954": "value-9"}
2025-07-31 02:21:13,470 INFO  [io.api.tes.ser.api.KafkaSerdesTester] (Thread-123) Consumed 10 messages
2025-07-31 02:21:13,511 INFO  [org.apa.kaf.cli.con.int.ConsumerRebalanceListenerInvoker] (Thread-123) [Consumer clientId=consumer-Consumer-topic-0dc7d4bc_b989_486c_a06d_81fa499578e4-1, groupId=Consumer-topic-0dc7d4bc_b989_486c_a06d_81fa499578e4] Revoke previously assigned partitions topic-0dc7d4bc_b989_486c_a06d_81fa499578e4-0
2025-07-31 02:21:13,511 INFO  [org.apa.kaf.cli.con.int.ConsumerCoordinator] (Thread-123) [Consumer clientId=consumer-Consumer-topic-0dc7d4bc_b989_486c_a06d_81fa499578e4-1, groupId=Consumer-topic-0dc7d4bc_b989_486c_a06d_81fa499578e4] Member consumer-Consumer-topic-0dc7d4bc_b989_486c_a06d_81fa499578e4-1-898cdc2f-0873-4420-8b1b-2169863df032 sending LeaveGroup request to coordinator localhost:32770 (id: 2147483647 rack: null) due to the consumer is being closed
2025-07-31 02:21:13,517 INFO  [org.apa.kaf.cli.con.int.ConsumerCoordinator] (Thread-123) [Consumer clientId=consumer-Consumer-topic-0dc7d4bc_b989_486c_a06d_81fa499578e4-1, groupId=Consumer-topic-0dc7d4bc_b989_486c_a06d_81fa499578e4] Resetting generation and member id due to: consumer pro-actively leaving the group
2025-07-31 02:21:13,517 INFO  [org.apa.kaf.cli.con.int.ConsumerCoordinator] (Thread-123) [Consumer clientId=consumer-Consumer-topic-0dc7d4bc_b989_486c_a06d_81fa499578e4-1, groupId=Consumer-topic-0dc7d4bc_b989_486c_a06d_81fa499578e4] Request joining group due to: consumer pro-actively leaving the group
2025-07-31 02:21:13,993 INFO  [org.apa.kaf.com.met.Metrics] (Thread-123) Metrics scheduler closed
2025-07-31 02:21:13,994 INFO  [org.apa.kaf.com.met.Metrics] (Thread-123) Closing reporter org.apache.kafka.common.metrics.JmxReporter
2025-07-31 02:21:13,994 INFO  [org.apa.kaf.com.met.Metrics] (Thread-123) Closing reporter org.apache.kafka.common.telemetry.internals.ClientTelemetryReporter
2025-07-31 02:21:13,994 INFO  [org.apa.kaf.com.met.Metrics] (Thread-123) Metrics reporters closed
2025-07-31 02:21:14,006 INFO  [org.apa.kaf.com.uti.AppInfoParser] (Thread-123) App info kafka.consumer for consumer-Consumer-topic-0dc7d4bc_b989_486c_a06d_81fa499578e4-1 unregistered
2025-07-31 02:21:14,011 INFO  [io.api.tes.uti.TestSeparator] (main) io.apicurio.tests.serdes.apicurio.AvroSerdeIT.testGlobalIdInHeaders-FINISHED
2025-07-31 02:21:14,012 INFO  [io.api.tes.uti.TestSeparator] (main) ############################################################################
]]></system-out>
  </testcase>
  <testcase name="testSimpleTopicIdStrategyFindLatest" classname="io.apicurio.tests.serdes.apicurio.AvroSerdeIT" time="1.792">
    <system-out><![CDATA[2025-07-31 02:21:14,016 INFO  [io.api.tes.uti.TestSeparator] (main) ############################################################################
2025-07-31 02:21:14,016 INFO  [io.api.tes.uti.TestSeparator] (main) io.apicurio.tests.serdes.apicurio.AvroSerdeIT.testSimpleTopicIdStrategyFindLatest-STARTED
2025-07-31 02:21:14,018 INFO  [io.api.tes.ser.api.AvroSerdeIT] (main) Registering Avro Schema: {"type":"record","name":"myrecordapicurio1","fields":[{"name":"key11753928474016","type":"string"}]}
2025-07-31 02:21:15,065 INFO  [org.apa.kaf.cli.pro.ProducerConfig] (main) ProducerConfig values: 
	acks = -1
	auto.include.jmx.reporter = true
	batch.size = 16384
	bootstrap.servers = [PLAINTEXT://localhost:32770]
	buffer.memory = 33554432
	client.dns.lookup = use_all_dns_ips
	client.id = Producer-topic-e3170dc5_5416_4997_80e3_8bd7efb90cce
	compression.gzip.level = -1
	compression.lz4.level = 9
	compression.type = none
	compression.zstd.level = 3
	connections.max.idle.ms = 10000
	delivery.timeout.ms = 120000
	enable.idempotence = true
	enable.metrics.push = true
	interceptor.classes = []
	key.serializer = class org.apache.kafka.common.serialization.StringSerializer
	linger.ms = 0
	max.block.ms = 60000
	max.in.flight.requests.per.connection = 5
	max.request.size = 1048576
	metadata.max.age.ms = 300000
	metadata.max.idle.ms = 300000
	metadata.recovery.strategy = none
	metric.reporters = []
	metrics.num.samples = 2
	metrics.recording.level = INFO
	metrics.sample.window.ms = 30000
	partitioner.adaptive.partitioning.enable = true
	partitioner.availability.timeout.ms = 0
	partitioner.class = null
	partitioner.ignore.keys = false
	receive.buffer.bytes = 32768
	reconnect.backoff.max.ms = 1000
	reconnect.backoff.ms = 50
	request.timeout.ms = 5000
	retries = 2147483647
	retry.backoff.max.ms = 1000
	retry.backoff.ms = 100
	sasl.client.callback.handler.class = null
	sasl.jaas.config = null
	sasl.kerberos.kinit.cmd = /usr/bin/kinit
	sasl.kerberos.min.time.before.relogin = 60000
	sasl.kerberos.service.name = null
	sasl.kerberos.ticket.renew.jitter = 0.05
	sasl.kerberos.ticket.renew.window.factor = 0.8
	sasl.login.callback.handler.class = null
	sasl.login.class = null
	sasl.login.connect.timeout.ms = null
	sasl.login.read.timeout.ms = null
	sasl.login.refresh.buffer.seconds = 300
	sasl.login.refresh.min.period.seconds = 60
	sasl.login.refresh.window.factor = 0.8
	sasl.login.refresh.window.jitter = 0.05
	sasl.login.retry.backoff.max.ms = 10000
	sasl.login.retry.backoff.ms = 100
	sasl.mechanism = GSSAPI
	sasl.oauthbearer.clock.skew.seconds = 30
	sasl.oauthbearer.expected.audience = null
	sasl.oauthbearer.expected.issuer = null
	sasl.oauthbearer.header.urlencode = false
	sasl.oauthbearer.jwks.endpoint.refresh.ms = 3600000
	sasl.oauthbearer.jwks.endpoint.retry.backoff.max.ms = 10000
	sasl.oauthbearer.jwks.endpoint.retry.backoff.ms = 100
	sasl.oauthbearer.jwks.endpoint.url = null
	sasl.oauthbearer.scope.claim.name = scope
	sasl.oauthbearer.sub.claim.name = sub
	sasl.oauthbearer.token.endpoint.url = null
	security.protocol = PLAINTEXT
	security.providers = null
	send.buffer.bytes = 131072
	socket.connection.setup.timeout.max.ms = 30000
	socket.connection.setup.timeout.ms = 10000
	ssl.cipher.suites = null
	ssl.enabled.protocols = [TLSv1.2, TLSv1.3]
	ssl.endpoint.identification.algorithm = https
	ssl.engine.factory.class = null
	ssl.key.password = null
	ssl.keymanager.algorithm = SunX509
	ssl.keystore.certificate.chain = null
	ssl.keystore.key = null
	ssl.keystore.location = null
	ssl.keystore.password = null
	ssl.keystore.type = JKS
	ssl.protocol = TLSv1.3
	ssl.provider = null
	ssl.secure.random.implementation = null
	ssl.trustmanager.algorithm = PKIX
	ssl.truststore.certificates = null
	ssl.truststore.location = null
	ssl.truststore.password = null
	ssl.truststore.type = JKS
	transaction.timeout.ms = 60000
	transactional.id = null
	value.serializer = class io.apicurio.registry.serde.avro.AvroKafkaSerializer

2025-07-31 02:21:15,066 INFO  [org.apa.kaf.com.tel.int.KafkaMetricsCollector] (main) initializing Kafka metrics collector
2025-07-31 02:21:15,070 INFO  [org.apa.kaf.cli.pro.KafkaProducer] (main) [Producer clientId=Producer-topic-e3170dc5_5416_4997_80e3_8bd7efb90cce] Instantiated an idempotent producer.
2025-07-31 02:21:15,077 INFO  [org.apa.kaf.cli.pro.ProducerConfig] (main) These configurations '[apicurio.registry.find-latest, apicurio.registry.artifact.group-id, apicurio.registry.url, apicurio.registry.artifact-resolver-strategy]' were supplied but are not used yet.
2025-07-31 02:21:15,077 INFO  [org.apa.kaf.com.uti.AppInfoParser] (main) Kafka version: 3.9.0
2025-07-31 02:21:15,077 INFO  [org.apa.kaf.com.uti.AppInfoParser] (main) Kafka commitId: 84caaa6e9da06435
2025-07-31 02:21:15,077 INFO  [org.apa.kaf.com.uti.AppInfoParser] (main) Kafka startTimeMs: 1753928475077
2025-07-31 02:21:15,077 INFO  [io.api.tes.ser.api.SimpleSerdesTesterBuilder$SimpleSerdesTester] (main) Using producer configuration: {apicurio.registry.find-latest=true, apicurio.registry.artifact.group-id=topic-e3170dc5_5416_4997_80e3_8bd7efb90cce, apicurio.registry.url=http://registry-app-inmemory.apps.ci419.apicurio-testing.org:80/apis/registry/v3, apicurio.registry.artifact-resolver-strategy=io.apicurio.registry.serde.strategy.SimpleTopicIdStrategy, value.serializer=io.apicurio.registry.serde.avro.AvroKafkaSerializer, request.timeout.ms=5000, acks=all, bootstrap.servers=PLAINTEXT://localhost:32770, connections.max.idle.ms=10000, key.serializer=org.apache.kafka.common.serialization.StringSerializer, client.id=Producer-topic-e3170dc5_5416_4997_80e3_8bd7efb90cce}
2025-07-31 02:21:15,077 INFO  [io.api.tes.ser.api.SimpleSerdesTesterBuilder$SimpleSerdesTester] (main) Using consumer configuration: {}
2025-07-31 02:21:15,080 INFO  [io.api.tes.ser.api.KafkaSerdesTester] (Thread-126) Sending message {"key11753928474016": "value-0"} to topic topic-e3170dc5_5416_4997_80e3_8bd7efb90cce
2025-07-31 02:21:15,091 INFO  [org.apa.kaf.cli.Metadata] (kafka-producer-network-thread | Producer-topic-e3170dc5_5416_4997_80e3_8bd7efb90cce) [Producer clientId=Producer-topic-e3170dc5_5416_4997_80e3_8bd7efb90cce] Cluster ID: mFm4H5CuSae4mNeWY74G7g
2025-07-31 02:21:15,094 INFO  [org.apa.kaf.cli.pro.int.TransactionManager] (kafka-producer-network-thread | Producer-topic-e3170dc5_5416_4997_80e3_8bd7efb90cce) [Producer clientId=Producer-topic-e3170dc5_5416_4997_80e3_8bd7efb90cce] ProducerId set to 1 with epoch 0
2025-07-31 02:21:15,158 INFO  [io.api.tes.ser.api.KafkaSerdesTester] (Thread-126) Sending message {"key11753928474016": "value-1"} to topic topic-e3170dc5_5416_4997_80e3_8bd7efb90cce
2025-07-31 02:21:15,161 INFO  [io.api.tes.ser.api.KafkaSerdesTester] (Thread-126) Sending message {"key11753928474016": "value-2"} to topic topic-e3170dc5_5416_4997_80e3_8bd7efb90cce
2025-07-31 02:21:15,164 INFO  [io.api.tes.ser.api.KafkaSerdesTester] (Thread-126) Sending message {"key11753928474016": "value-3"} to topic topic-e3170dc5_5416_4997_80e3_8bd7efb90cce
2025-07-31 02:21:15,166 INFO  [io.api.tes.ser.api.KafkaSerdesTester] (Thread-126) Sending message {"key11753928474016": "value-4"} to topic topic-e3170dc5_5416_4997_80e3_8bd7efb90cce
2025-07-31 02:21:15,169 INFO  [io.api.tes.ser.api.KafkaSerdesTester] (Thread-126) Sending message {"key11753928474016": "value-5"} to topic topic-e3170dc5_5416_4997_80e3_8bd7efb90cce
2025-07-31 02:21:15,171 INFO  [io.api.tes.ser.api.KafkaSerdesTester] (Thread-126) Sending message {"key11753928474016": "value-6"} to topic topic-e3170dc5_5416_4997_80e3_8bd7efb90cce
2025-07-31 02:21:15,176 INFO  [io.api.tes.ser.api.KafkaSerdesTester] (Thread-126) Sending message {"key11753928474016": "value-7"} to topic topic-e3170dc5_5416_4997_80e3_8bd7efb90cce
2025-07-31 02:21:15,179 INFO  [io.api.tes.ser.api.KafkaSerdesTester] (Thread-126) Sending message {"key11753928474016": "value-8"} to topic topic-e3170dc5_5416_4997_80e3_8bd7efb90cce
2025-07-31 02:21:15,181 INFO  [io.api.tes.ser.api.KafkaSerdesTester] (Thread-126) Sending message {"key11753928474016": "value-9"} to topic topic-e3170dc5_5416_4997_80e3_8bd7efb90cce
2025-07-31 02:21:15,183 INFO  [io.api.tes.ser.api.KafkaSerdesTester] (Thread-126) Produced 10 messages
2025-07-31 02:21:15,183 INFO  [org.apa.kaf.cli.pro.KafkaProducer] (Thread-126) [Producer clientId=Producer-topic-e3170dc5_5416_4997_80e3_8bd7efb90cce] Closing the Kafka producer with timeoutMillis = 9223372036854775807 ms.
2025-07-31 02:21:15,191 INFO  [org.apa.kaf.com.met.Metrics] (Thread-126) Metrics scheduler closed
2025-07-31 02:21:15,191 INFO  [org.apa.kaf.com.met.Metrics] (Thread-126) Closing reporter org.apache.kafka.common.metrics.JmxReporter
2025-07-31 02:21:15,191 INFO  [org.apa.kaf.com.met.Metrics] (Thread-126) Closing reporter org.apache.kafka.common.telemetry.internals.ClientTelemetryReporter
2025-07-31 02:21:15,191 INFO  [org.apa.kaf.com.met.Metrics] (Thread-126) Metrics reporters closed
2025-07-31 02:21:15,192 INFO  [org.apa.kaf.com.uti.AppInfoParser] (Thread-126) App info kafka.producer for Producer-topic-e3170dc5_5416_4997_80e3_8bd7efb90cce unregistered
2025-07-31 02:21:15,192 INFO  [org.apa.kaf.cli.con.ConsumerConfig] (main) ConsumerConfig values: 
	allow.auto.create.topics = true
	auto.commit.interval.ms = 500
	auto.include.jmx.reporter = true
	auto.offset.reset = earliest
	bootstrap.servers = [PLAINTEXT://localhost:32770]
	check.crcs = true
	client.dns.lookup = use_all_dns_ips
	client.id = consumer-Consumer-topic-e3170dc5_5416_4997_80e3_8bd7efb90cce-2
	client.rack = 
	connections.max.idle.ms = 10000
	default.api.timeout.ms = 60000
	enable.auto.commit = true
	enable.metrics.push = true
	exclude.internal.topics = true
	fetch.max.bytes = 52428800
	fetch.max.wait.ms = 500
	fetch.min.bytes = 1
	group.id = Consumer-topic-e3170dc5_5416_4997_80e3_8bd7efb90cce
	group.instance.id = null
	group.protocol = classic
	group.remote.assignor = null
	heartbeat.interval.ms = 3000
	interceptor.classes = []
	internal.leave.group.on.close = true
	internal.throw.on.fetch.stable.offset.unsupported = false
	isolation.level = read_uncommitted
	key.deserializer = class org.apache.kafka.common.serialization.StringDeserializer
	max.partition.fetch.bytes = 1048576
	max.poll.interval.ms = 300000
	max.poll.records = 500
	metadata.max.age.ms = 300000
	metadata.recovery.strategy = none
	metric.reporters = []
	metrics.num.samples = 2
	metrics.recording.level = INFO
	metrics.sample.window.ms = 30000
	partition.assignment.strategy = [class org.apache.kafka.clients.consumer.RangeAssignor, class org.apache.kafka.clients.consumer.CooperativeStickyAssignor]
	receive.buffer.bytes = 65536
	reconnect.backoff.max.ms = 1000
	reconnect.backoff.ms = 50
	request.timeout.ms = 5000
	retry.backoff.max.ms = 1000
	retry.backoff.ms = 100
	sasl.client.callback.handler.class = null
	sasl.jaas.config = null
	sasl.kerberos.kinit.cmd = /usr/bin/kinit
	sasl.kerberos.min.time.before.relogin = 60000
	sasl.kerberos.service.name = null
	sasl.kerberos.ticket.renew.jitter = 0.05
	sasl.kerberos.ticket.renew.window.factor = 0.8
	sasl.login.callback.handler.class = null
	sasl.login.class = null
	sasl.login.connect.timeout.ms = null
	sasl.login.read.timeout.ms = null
	sasl.login.refresh.buffer.seconds = 300
	sasl.login.refresh.min.period.seconds = 60
	sasl.login.refresh.window.factor = 0.8
	sasl.login.refresh.window.jitter = 0.05
	sasl.login.retry.backoff.max.ms = 10000
	sasl.login.retry.backoff.ms = 100
	sasl.mechanism = GSSAPI
	sasl.oauthbearer.clock.skew.seconds = 30
	sasl.oauthbearer.expected.audience = null
	sasl.oauthbearer.expected.issuer = null
	sasl.oauthbearer.header.urlencode = false
	sasl.oauthbearer.jwks.endpoint.refresh.ms = 3600000
	sasl.oauthbearer.jwks.endpoint.retry.backoff.max.ms = 10000
	sasl.oauthbearer.jwks.endpoint.retry.backoff.ms = 100
	sasl.oauthbearer.jwks.endpoint.url = null
	sasl.oauthbearer.scope.claim.name = scope
	sasl.oauthbearer.sub.claim.name = sub
	sasl.oauthbearer.token.endpoint.url = null
	security.protocol = PLAINTEXT
	security.providers = null
	send.buffer.bytes = 131072
	session.timeout.ms = 45000
	socket.connection.setup.timeout.max.ms = 30000
	socket.connection.setup.timeout.ms = 10000
	ssl.cipher.suites = null
	ssl.enabled.protocols = [TLSv1.2, TLSv1.3]
	ssl.endpoint.identification.algorithm = https
	ssl.engine.factory.class = null
	ssl.key.password = null
	ssl.keymanager.algorithm = SunX509
	ssl.keystore.certificate.chain = null
	ssl.keystore.key = null
	ssl.keystore.location = null
	ssl.keystore.password = null
	ssl.keystore.type = JKS
	ssl.protocol = TLSv1.3
	ssl.provider = null
	ssl.secure.random.implementation = null
	ssl.trustmanager.algorithm = PKIX
	ssl.truststore.certificates = null
	ssl.truststore.location = null
	ssl.truststore.password = null
	ssl.truststore.type = JKS
	value.deserializer = class io.apicurio.registry.serde.avro.AvroKafkaDeserializer

2025-07-31 02:21:15,193 INFO  [org.apa.kaf.com.tel.int.KafkaMetricsCollector] (main) initializing Kafka metrics collector
2025-07-31 02:21:15,208 INFO  [org.apa.kaf.cli.con.ConsumerConfig] (main) These configurations '[apicurio.registry.url]' were supplied but are not used yet.
2025-07-31 02:21:15,208 INFO  [org.apa.kaf.com.uti.AppInfoParser] (main) Kafka version: 3.9.0
2025-07-31 02:21:15,208 INFO  [org.apa.kaf.com.uti.AppInfoParser] (main) Kafka commitId: 84caaa6e9da06435
2025-07-31 02:21:15,209 INFO  [org.apa.kaf.com.uti.AppInfoParser] (main) Kafka startTimeMs: 1753928475208
2025-07-31 02:21:15,210 INFO  [org.apa.kaf.cli.con.int.ClassicKafkaConsumer] (Thread-129) [Consumer clientId=consumer-Consumer-topic-e3170dc5_5416_4997_80e3_8bd7efb90cce-2, groupId=Consumer-topic-e3170dc5_5416_4997_80e3_8bd7efb90cce] Subscribed to topic(s): topic-e3170dc5_5416_4997_80e3_8bd7efb90cce
2025-07-31 02:21:15,224 INFO  [org.apa.kaf.cli.Metadata] (Thread-129) [Consumer clientId=consumer-Consumer-topic-e3170dc5_5416_4997_80e3_8bd7efb90cce-2, groupId=Consumer-topic-e3170dc5_5416_4997_80e3_8bd7efb90cce] Cluster ID: mFm4H5CuSae4mNeWY74G7g
2025-07-31 02:21:15,225 INFO  [org.apa.kaf.cli.con.int.ConsumerCoordinator] (Thread-129) [Consumer clientId=consumer-Consumer-topic-e3170dc5_5416_4997_80e3_8bd7efb90cce-2, groupId=Consumer-topic-e3170dc5_5416_4997_80e3_8bd7efb90cce] Discovered group coordinator localhost:32770 (id: 2147483647 rack: null)
2025-07-31 02:21:15,228 INFO  [org.apa.kaf.cli.con.int.ConsumerCoordinator] (Thread-129) [Consumer clientId=consumer-Consumer-topic-e3170dc5_5416_4997_80e3_8bd7efb90cce-2, groupId=Consumer-topic-e3170dc5_5416_4997_80e3_8bd7efb90cce] (Re-)joining group
2025-07-31 02:21:15,235 INFO  [org.apa.kaf.cli.con.int.ConsumerCoordinator] (Thread-129) [Consumer clientId=consumer-Consumer-topic-e3170dc5_5416_4997_80e3_8bd7efb90cce-2, groupId=Consumer-topic-e3170dc5_5416_4997_80e3_8bd7efb90cce] Request joining group due to: need to re-join with the given member-id: consumer-Consumer-topic-e3170dc5_5416_4997_80e3_8bd7efb90cce-2-3f42b03e-6618-41d1-bc06-aab5fa2c041e
2025-07-31 02:21:15,236 INFO  [org.apa.kaf.cli.con.int.ConsumerCoordinator] (Thread-129) [Consumer clientId=consumer-Consumer-topic-e3170dc5_5416_4997_80e3_8bd7efb90cce-2, groupId=Consumer-topic-e3170dc5_5416_4997_80e3_8bd7efb90cce] (Re-)joining group
2025-07-31 02:21:15,239 INFO  [org.apa.kaf.cli.con.int.ConsumerCoordinator] (Thread-129) [Consumer clientId=consumer-Consumer-topic-e3170dc5_5416_4997_80e3_8bd7efb90cce-2, groupId=Consumer-topic-e3170dc5_5416_4997_80e3_8bd7efb90cce] Successfully joined group with generation Generation{generationId=1, memberId='consumer-Consumer-topic-e3170dc5_5416_4997_80e3_8bd7efb90cce-2-3f42b03e-6618-41d1-bc06-aab5fa2c041e', protocol='range'}
2025-07-31 02:21:15,240 INFO  [org.apa.kaf.cli.con.int.ConsumerCoordinator] (Thread-129) [Consumer clientId=consumer-Consumer-topic-e3170dc5_5416_4997_80e3_8bd7efb90cce-2, groupId=Consumer-topic-e3170dc5_5416_4997_80e3_8bd7efb90cce] Finished assignment for group at generation 1: {consumer-Consumer-topic-e3170dc5_5416_4997_80e3_8bd7efb90cce-2-3f42b03e-6618-41d1-bc06-aab5fa2c041e=Assignment(partitions=[topic-e3170dc5_5416_4997_80e3_8bd7efb90cce-0])}
2025-07-31 02:21:15,244 INFO  [org.apa.kaf.cli.con.int.ConsumerCoordinator] (kafka-coordinator-heartbeat-thread | Consumer-topic-e3170dc5_5416_4997_80e3_8bd7efb90cce) [Consumer clientId=consumer-Consumer-topic-e3170dc5_5416_4997_80e3_8bd7efb90cce-2, groupId=Consumer-topic-e3170dc5_5416_4997_80e3_8bd7efb90cce] Successfully synced group in generation Generation{generationId=1, memberId='consumer-Consumer-topic-e3170dc5_5416_4997_80e3_8bd7efb90cce-2-3f42b03e-6618-41d1-bc06-aab5fa2c041e', protocol='range'}
2025-07-31 02:21:15,244 INFO  [org.apa.kaf.cli.con.int.ConsumerCoordinator] (Thread-129) [Consumer clientId=consumer-Consumer-topic-e3170dc5_5416_4997_80e3_8bd7efb90cce-2, groupId=Consumer-topic-e3170dc5_5416_4997_80e3_8bd7efb90cce] Notifying assignor about the new Assignment(partitions=[topic-e3170dc5_5416_4997_80e3_8bd7efb90cce-0])
2025-07-31 02:21:15,244 INFO  [org.apa.kaf.cli.con.int.ConsumerRebalanceListenerInvoker] (Thread-129) [Consumer clientId=consumer-Consumer-topic-e3170dc5_5416_4997_80e3_8bd7efb90cce-2, groupId=Consumer-topic-e3170dc5_5416_4997_80e3_8bd7efb90cce] Adding newly assigned partitions: topic-e3170dc5_5416_4997_80e3_8bd7efb90cce-0
2025-07-31 02:21:15,246 INFO  [org.apa.kaf.cli.con.int.ConsumerCoordinator] (Thread-129) [Consumer clientId=consumer-Consumer-topic-e3170dc5_5416_4997_80e3_8bd7efb90cce-2, groupId=Consumer-topic-e3170dc5_5416_4997_80e3_8bd7efb90cce] Found no committed offset for partition topic-e3170dc5_5416_4997_80e3_8bd7efb90cce-0
2025-07-31 02:21:15,251 INFO  [org.apa.kaf.cli.con.int.SubscriptionState] (Thread-129) [Consumer clientId=consumer-Consumer-topic-e3170dc5_5416_4997_80e3_8bd7efb90cce-2, groupId=Consumer-topic-e3170dc5_5416_4997_80e3_8bd7efb90cce] Resetting offset for partition topic-e3170dc5_5416_4997_80e3_8bd7efb90cce-0 to position FetchPosition{offset=0, offsetEpoch=Optional.empty, currentLeader=LeaderAndEpoch{leader=Optional[localhost:32770 (id: 0 rack: null)], epoch=0}}.
2025-07-31 02:21:15,294 INFO  [io.api.tes.ser.api.KafkaSerdesTester] (Thread-129) topic-e3170dc5_5416_4997_80e3_8bd7efb90cce 0 0 {"key11753928474016": "value-0"}
2025-07-31 02:21:15,295 INFO  [io.api.tes.ser.api.KafkaSerdesTester] (Thread-129) topic-e3170dc5_5416_4997_80e3_8bd7efb90cce 0 1 {"key11753928474016": "value-1"}
2025-07-31 02:21:15,295 INFO  [io.api.tes.ser.api.KafkaSerdesTester] (Thread-129) topic-e3170dc5_5416_4997_80e3_8bd7efb90cce 0 2 {"key11753928474016": "value-2"}
2025-07-31 02:21:15,295 INFO  [io.api.tes.ser.api.KafkaSerdesTester] (Thread-129) topic-e3170dc5_5416_4997_80e3_8bd7efb90cce 0 3 {"key11753928474016": "value-3"}
2025-07-31 02:21:15,295 INFO  [io.api.tes.ser.api.KafkaSerdesTester] (Thread-129) topic-e3170dc5_5416_4997_80e3_8bd7efb90cce 0 4 {"key11753928474016": "value-4"}
2025-07-31 02:21:15,295 INFO  [io.api.tes.ser.api.KafkaSerdesTester] (Thread-129) topic-e3170dc5_5416_4997_80e3_8bd7efb90cce 0 5 {"key11753928474016": "value-5"}
2025-07-31 02:21:15,296 INFO  [io.api.tes.ser.api.KafkaSerdesTester] (Thread-129) topic-e3170dc5_5416_4997_80e3_8bd7efb90cce 0 6 {"key11753928474016": "value-6"}
2025-07-31 02:21:15,296 INFO  [io.api.tes.ser.api.KafkaSerdesTester] (Thread-129) topic-e3170dc5_5416_4997_80e3_8bd7efb90cce 0 7 {"key11753928474016": "value-7"}
2025-07-31 02:21:15,297 INFO  [io.api.tes.ser.api.KafkaSerdesTester] (Thread-129) topic-e3170dc5_5416_4997_80e3_8bd7efb90cce 0 8 {"key11753928474016": "value-8"}
2025-07-31 02:21:15,297 INFO  [io.api.tes.ser.api.KafkaSerdesTester] (Thread-129) topic-e3170dc5_5416_4997_80e3_8bd7efb90cce 0 9 {"key11753928474016": "value-9"}
2025-07-31 02:21:15,297 INFO  [io.api.tes.ser.api.KafkaSerdesTester] (Thread-129) Consumed 10 messages
2025-07-31 02:21:15,302 INFO  [org.apa.kaf.cli.con.int.ConsumerRebalanceListenerInvoker] (Thread-129) [Consumer clientId=consumer-Consumer-topic-e3170dc5_5416_4997_80e3_8bd7efb90cce-2, groupId=Consumer-topic-e3170dc5_5416_4997_80e3_8bd7efb90cce] Revoke previously assigned partitions topic-e3170dc5_5416_4997_80e3_8bd7efb90cce-0
2025-07-31 02:21:15,302 INFO  [org.apa.kaf.cli.con.int.ConsumerCoordinator] (Thread-129) [Consumer clientId=consumer-Consumer-topic-e3170dc5_5416_4997_80e3_8bd7efb90cce-2, groupId=Consumer-topic-e3170dc5_5416_4997_80e3_8bd7efb90cce] Member consumer-Consumer-topic-e3170dc5_5416_4997_80e3_8bd7efb90cce-2-3f42b03e-6618-41d1-bc06-aab5fa2c041e sending LeaveGroup request to coordinator localhost:32770 (id: 2147483647 rack: null) due to the consumer is being closed
2025-07-31 02:21:15,302 INFO  [org.apa.kaf.cli.con.int.ConsumerCoordinator] (Thread-129) [Consumer clientId=consumer-Consumer-topic-e3170dc5_5416_4997_80e3_8bd7efb90cce-2, groupId=Consumer-topic-e3170dc5_5416_4997_80e3_8bd7efb90cce] Resetting generation and member id due to: consumer pro-actively leaving the group
2025-07-31 02:21:15,303 INFO  [org.apa.kaf.cli.con.int.ConsumerCoordinator] (Thread-129) [Consumer clientId=consumer-Consumer-topic-e3170dc5_5416_4997_80e3_8bd7efb90cce-2, groupId=Consumer-topic-e3170dc5_5416_4997_80e3_8bd7efb90cce] Request joining group due to: consumer pro-actively leaving the group
2025-07-31 02:21:15,800 INFO  [org.apa.kaf.com.met.Metrics] (Thread-129) Metrics scheduler closed
2025-07-31 02:21:15,800 INFO  [org.apa.kaf.com.met.Metrics] (Thread-129) Closing reporter org.apache.kafka.common.metrics.JmxReporter
2025-07-31 02:21:15,800 INFO  [org.apa.kaf.com.met.Metrics] (Thread-129) Closing reporter org.apache.kafka.common.telemetry.internals.ClientTelemetryReporter
2025-07-31 02:21:15,800 INFO  [org.apa.kaf.com.met.Metrics] (Thread-129) Metrics reporters closed
2025-07-31 02:21:15,804 INFO  [org.apa.kaf.com.uti.AppInfoParser] (Thread-129) App info kafka.consumer for consumer-Consumer-topic-e3170dc5_5416_4997_80e3_8bd7efb90cce-2 unregistered
2025-07-31 02:21:15,805 INFO  [io.api.tes.uti.TestSeparator] (main) io.apicurio.tests.serdes.apicurio.AvroSerdeIT.testSimpleTopicIdStrategyFindLatest-FINISHED
2025-07-31 02:21:15,805 INFO  [io.api.tes.uti.TestSeparator] (main) ############################################################################
]]></system-out>
  </testcase>
  <testcase name="testWrongSchema" classname="io.apicurio.tests.serdes.apicurio.AvroSerdeIT" time="1.108">
    <system-out><![CDATA[2025-07-31 02:21:15,812 INFO  [io.api.tes.uti.TestSeparator] (main) ############################################################################
2025-07-31 02:21:15,812 INFO  [io.api.tes.uti.TestSeparator] (main) io.apicurio.tests.serdes.apicurio.AvroSerdeIT.testWrongSchema-STARTED
2025-07-31 02:21:16,856 INFO  [org.apa.kaf.cli.pro.ProducerConfig] (main) ProducerConfig values: 
	acks = -1
	auto.include.jmx.reporter = true
	batch.size = 16384
	bootstrap.servers = [PLAINTEXT://localhost:32770]
	buffer.memory = 33554432
	client.dns.lookup = use_all_dns_ips
	client.id = Producer-s28f1444ex6790x47f0x92f2xc747cc0a8d00
	compression.gzip.level = -1
	compression.lz4.level = 9
	compression.type = none
	compression.zstd.level = 3
	connections.max.idle.ms = 10000
	delivery.timeout.ms = 120000
	enable.idempotence = true
	enable.metrics.push = true
	interceptor.classes = []
	key.serializer = class org.apache.kafka.common.serialization.StringSerializer
	linger.ms = 0
	max.block.ms = 60000
	max.in.flight.requests.per.connection = 5
	max.request.size = 1048576
	metadata.max.age.ms = 300000
	metadata.max.idle.ms = 300000
	metadata.recovery.strategy = none
	metric.reporters = []
	metrics.num.samples = 2
	metrics.recording.level = INFO
	metrics.sample.window.ms = 30000
	partitioner.adaptive.partitioning.enable = true
	partitioner.availability.timeout.ms = 0
	partitioner.class = null
	partitioner.ignore.keys = false
	receive.buffer.bytes = 32768
	reconnect.backoff.max.ms = 1000
	reconnect.backoff.ms = 50
	request.timeout.ms = 5000
	retries = 2147483647
	retry.backoff.max.ms = 1000
	retry.backoff.ms = 100
	sasl.client.callback.handler.class = null
	sasl.jaas.config = null
	sasl.kerberos.kinit.cmd = /usr/bin/kinit
	sasl.kerberos.min.time.before.relogin = 60000
	sasl.kerberos.service.name = null
	sasl.kerberos.ticket.renew.jitter = 0.05
	sasl.kerberos.ticket.renew.window.factor = 0.8
	sasl.login.callback.handler.class = null
	sasl.login.class = null
	sasl.login.connect.timeout.ms = null
	sasl.login.read.timeout.ms = null
	sasl.login.refresh.buffer.seconds = 300
	sasl.login.refresh.min.period.seconds = 60
	sasl.login.refresh.window.factor = 0.8
	sasl.login.refresh.window.jitter = 0.05
	sasl.login.retry.backoff.max.ms = 10000
	sasl.login.retry.backoff.ms = 100
	sasl.mechanism = GSSAPI
	sasl.oauthbearer.clock.skew.seconds = 30
	sasl.oauthbearer.expected.audience = null
	sasl.oauthbearer.expected.issuer = null
	sasl.oauthbearer.header.urlencode = false
	sasl.oauthbearer.jwks.endpoint.refresh.ms = 3600000
	sasl.oauthbearer.jwks.endpoint.retry.backoff.max.ms = 10000
	sasl.oauthbearer.jwks.endpoint.retry.backoff.ms = 100
	sasl.oauthbearer.jwks.endpoint.url = null
	sasl.oauthbearer.scope.claim.name = scope
	sasl.oauthbearer.sub.claim.name = sub
	sasl.oauthbearer.token.endpoint.url = null
	security.protocol = PLAINTEXT
	security.providers = null
	send.buffer.bytes = 131072
	socket.connection.setup.timeout.max.ms = 30000
	socket.connection.setup.timeout.ms = 10000
	ssl.cipher.suites = null
	ssl.enabled.protocols = [TLSv1.2, TLSv1.3]
	ssl.endpoint.identification.algorithm = https
	ssl.engine.factory.class = null
	ssl.key.password = null
	ssl.keymanager.algorithm = SunX509
	ssl.keystore.certificate.chain = null
	ssl.keystore.key = null
	ssl.keystore.location = null
	ssl.keystore.password = null
	ssl.keystore.type = JKS
	ssl.protocol = TLSv1.3
	ssl.provider = null
	ssl.secure.random.implementation = null
	ssl.trustmanager.algorithm = PKIX
	ssl.truststore.certificates = null
	ssl.truststore.location = null
	ssl.truststore.password = null
	ssl.truststore.type = JKS
	transaction.timeout.ms = 60000
	transactional.id = null
	value.serializer = class io.apicurio.registry.serde.avro.AvroKafkaSerializer

2025-07-31 02:21:16,857 INFO  [org.apa.kaf.com.tel.int.KafkaMetricsCollector] (main) initializing Kafka metrics collector
2025-07-31 02:21:16,861 INFO  [org.apa.kaf.cli.pro.KafkaProducer] (main) [Producer clientId=Producer-s28f1444ex6790x47f0x92f2xc747cc0a8d00] Instantiated an idempotent producer.
2025-07-31 02:21:16,866 INFO  [org.apa.kaf.cli.pro.ProducerConfig] (main) These configurations '[apicurio.registry.find-latest, apicurio.registry.url, apicurio.registry.artifact-resolver-strategy]' were supplied but are not used yet.
2025-07-31 02:21:16,866 INFO  [org.apa.kaf.com.uti.AppInfoParser] (main) Kafka version: 3.9.0
2025-07-31 02:21:16,866 INFO  [org.apa.kaf.com.uti.AppInfoParser] (main) Kafka commitId: 84caaa6e9da06435
2025-07-31 02:21:16,866 INFO  [org.apa.kaf.com.uti.AppInfoParser] (main) Kafka startTimeMs: 1753928476866
2025-07-31 02:21:16,870 INFO  [io.api.tes.ser.api.KafkaSerdesTester] (Thread-132) Sending message {"keyB": "value-0"} to topic s28f1444ex6790x47f0x92f2xc747cc0a8d00
2025-07-31 02:21:16,873 INFO  [org.apa.kaf.cli.Metadata] (kafka-producer-network-thread | Producer-s28f1444ex6790x47f0x92f2xc747cc0a8d00) [Producer clientId=Producer-s28f1444ex6790x47f0x92f2xc747cc0a8d00] Cluster ID: mFm4H5CuSae4mNeWY74G7g
2025-07-31 02:21:16,874 INFO  [org.apa.kaf.cli.pro.int.TransactionManager] (kafka-producer-network-thread | Producer-s28f1444ex6790x47f0x92f2xc747cc0a8d00) [Producer clientId=Producer-s28f1444ex6790x47f0x92f2xc747cc0a8d00] ProducerId set to 2 with epoch 0
2025-07-31 02:21:16,910 INFO  [org.apa.kaf.cli.pro.KafkaProducer] (Thread-132) [Producer clientId=Producer-s28f1444ex6790x47f0x92f2xc747cc0a8d00] Closing the Kafka producer with timeoutMillis = 9223372036854775807 ms.
2025-07-31 02:21:16,913 INFO  [org.apa.kaf.com.met.Metrics] (Thread-132) Metrics scheduler closed
2025-07-31 02:21:16,913 INFO  [org.apa.kaf.com.met.Metrics] (Thread-132) Closing reporter org.apache.kafka.common.metrics.JmxReporter
2025-07-31 02:21:16,913 INFO  [org.apa.kaf.com.met.Metrics] (Thread-132) Closing reporter org.apache.kafka.common.telemetry.internals.ClientTelemetryReporter
2025-07-31 02:21:16,913 INFO  [org.apa.kaf.com.met.Metrics] (Thread-132) Metrics reporters closed
2025-07-31 02:21:16,913 INFO  [org.apa.kaf.com.uti.AppInfoParser] (Thread-132) App info kafka.producer for Producer-s28f1444ex6790x47f0x92f2xc747cc0a8d00 unregistered
2025-07-31 02:21:16,914 INFO  [io.api.tes.uti.TestSeparator] (main) io.apicurio.tests.serdes.apicurio.AvroSerdeIT.testWrongSchema-FINISHED
2025-07-31 02:21:16,914 INFO  [io.api.tes.uti.TestSeparator] (main) ############################################################################
]]></system-out>
    <system-err><![CDATA[io.apicurio.registry.rest.client.models.ProblemDetails
	at io.apicurio.registry.rest.client.models.ProblemDetails.createFromDiscriminatorValue(ProblemDetails.java:58)
	at io.kiota.serialization.json.JsonParseNode.getObjectValue(JsonParseNode.java:247)
	at io.kiota.http.vertx.VertXRequestAdapter.lambda$throwIfFailedResponse$0(VertXRequestAdapter.java:400)
	at com.microsoft.kiota.ApiExceptionBuilder.<init>(ApiExceptionBuilder.java:26)
	at io.kiota.http.vertx.VertXRequestAdapter.throwIfFailedResponse(VertXRequestAdapter.java:399)
	at io.kiota.http.vertx.VertXRequestAdapter.send(VertXRequestAdapter.java:170)
	at io.apicurio.registry.rest.client.groups.item.artifacts.item.versions.item.WithVersionExpressionItemRequestBuilder.get(WithVersionExpressionItemRequestBuilder.java:128)
	at io.apicurio.registry.rest.client.groups.item.artifacts.item.versions.item.WithVersionExpressionItemRequestBuilder.get(WithVersionExpressionItemRequestBuilder.java:111)
	at io.apicurio.registry.resolver.DefaultSchemaResolver.resolveByCoordinates(DefaultSchemaResolver.java:469)
	at io.apicurio.registry.resolver.DefaultSchemaResolver.lambda$resolveSchemaByArtifactReferenceCached$12(DefaultSchemaResolver.java:451)
	at io.apicurio.registry.resolver.ERCache.lambda$getValue$0(ERCache.java:181)
	at io.apicurio.registry.resolver.ERCache.retry(ERCache.java:234)
	at io.apicurio.registry.resolver.ERCache.getValue(ERCache.java:180)
	at io.apicurio.registry.resolver.ERCache.getByArtifactCoordinates(ERCache.java:165)
	at io.apicurio.registry.resolver.DefaultSchemaResolver.resolveSchemaByArtifactReferenceCached(DefaultSchemaResolver.java:449)
	at io.apicurio.registry.resolver.DefaultSchemaResolver.resolveSchemaByCoordinates(DefaultSchemaResolver.java:201)
	at io.apicurio.registry.resolver.DefaultSchemaResolver.getSchemaFromRegistry(DefaultSchemaResolver.java:134)
	at io.apicurio.registry.resolver.DefaultSchemaResolver.lambda$resolveSchema$0(DefaultSchemaResolver.java:86)
	at java.base/java.util.Optional.orElseGet(Optional.java:364)
	at io.apicurio.registry.resolver.DefaultSchemaResolver.resolveSchema(DefaultSchemaResolver.java:86)
	at io.apicurio.registry.serde.AbstractSerializer.serializeData(AbstractSerializer.java:62)
	at io.apicurio.registry.serde.KafkaSerializer.serialize(KafkaSerializer.java:77)
	at org.apache.kafka.clients.producer.KafkaProducer.doSend(KafkaProducer.java:1046)
	at org.apache.kafka.clients.producer.KafkaProducer.send(KafkaProducer.java:993)
	at org.apache.kafka.clients.producer.KafkaProducer.send(KafkaProducer.java:875)
	at io.apicurio.tests.serdes.apicurio.KafkaSerdesTester.lambda$produceMessages$3(KafkaSerdesTester.java:138)
	at java.base/java.util.concurrent.CompletableFuture$AsyncSupply.run(CompletableFuture.java:1768)
	at java.base/java.lang.Thread.run(Thread.java:840)
]]></system-err>
  </testcase>
  <testcase name="testAvroJSON" classname="io.apicurio.tests.serdes.apicurio.AvroSerdeIT" time="0.893">
    <system-out><![CDATA[2025-07-31 02:21:16,917 INFO  [io.api.tes.uti.TestSeparator] (main) ############################################################################
2025-07-31 02:21:16,917 INFO  [io.api.tes.uti.TestSeparator] (main) io.apicurio.tests.serdes.apicurio.AvroSerdeIT.testAvroJSON-STARTED
2025-07-31 02:21:16,923 INFO  [org.apa.kaf.cli.pro.ProducerConfig] (main) ProducerConfig values: 
	acks = -1
	auto.include.jmx.reporter = true
	batch.size = 16384
	bootstrap.servers = [PLAINTEXT://localhost:32770]
	buffer.memory = 33554432
	client.dns.lookup = use_all_dns_ips
	client.id = Producer-topic-3c2696d5_896d_4d35_994b_293d2bff181d
	compression.gzip.level = -1
	compression.lz4.level = 9
	compression.type = none
	compression.zstd.level = 3
	connections.max.idle.ms = 10000
	delivery.timeout.ms = 120000
	enable.idempotence = true
	enable.metrics.push = true
	interceptor.classes = []
	key.serializer = class org.apache.kafka.common.serialization.StringSerializer
	linger.ms = 0
	max.block.ms = 60000
	max.in.flight.requests.per.connection = 5
	max.request.size = 1048576
	metadata.max.age.ms = 300000
	metadata.max.idle.ms = 300000
	metadata.recovery.strategy = none
	metric.reporters = []
	metrics.num.samples = 2
	metrics.recording.level = INFO
	metrics.sample.window.ms = 30000
	partitioner.adaptive.partitioning.enable = true
	partitioner.availability.timeout.ms = 0
	partitioner.class = null
	partitioner.ignore.keys = false
	receive.buffer.bytes = 32768
	reconnect.backoff.max.ms = 1000
	reconnect.backoff.ms = 50
	request.timeout.ms = 5000
	retries = 2147483647
	retry.backoff.max.ms = 1000
	retry.backoff.ms = 100
	sasl.client.callback.handler.class = null
	sasl.jaas.config = null
	sasl.kerberos.kinit.cmd = /usr/bin/kinit
	sasl.kerberos.min.time.before.relogin = 60000
	sasl.kerberos.service.name = null
	sasl.kerberos.ticket.renew.jitter = 0.05
	sasl.kerberos.ticket.renew.window.factor = 0.8
	sasl.login.callback.handler.class = null
	sasl.login.class = null
	sasl.login.connect.timeout.ms = null
	sasl.login.read.timeout.ms = null
	sasl.login.refresh.buffer.seconds = 300
	sasl.login.refresh.min.period.seconds = 60
	sasl.login.refresh.window.factor = 0.8
	sasl.login.refresh.window.jitter = 0.05
	sasl.login.retry.backoff.max.ms = 10000
	sasl.login.retry.backoff.ms = 100
	sasl.mechanism = GSSAPI
	sasl.oauthbearer.clock.skew.seconds = 30
	sasl.oauthbearer.expected.audience = null
	sasl.oauthbearer.expected.issuer = null
	sasl.oauthbearer.header.urlencode = false
	sasl.oauthbearer.jwks.endpoint.refresh.ms = 3600000
	sasl.oauthbearer.jwks.endpoint.retry.backoff.max.ms = 10000
	sasl.oauthbearer.jwks.endpoint.retry.backoff.ms = 100
	sasl.oauthbearer.jwks.endpoint.url = null
	sasl.oauthbearer.scope.claim.name = scope
	sasl.oauthbearer.sub.claim.name = sub
	sasl.oauthbearer.token.endpoint.url = null
	security.protocol = PLAINTEXT
	security.providers = null
	send.buffer.bytes = 131072
	socket.connection.setup.timeout.max.ms = 30000
	socket.connection.setup.timeout.ms = 10000
	ssl.cipher.suites = null
	ssl.enabled.protocols = [TLSv1.2, TLSv1.3]
	ssl.endpoint.identification.algorithm = https
	ssl.engine.factory.class = null
	ssl.key.password = null
	ssl.keymanager.algorithm = SunX509
	ssl.keystore.certificate.chain = null
	ssl.keystore.key = null
	ssl.keystore.location = null
	ssl.keystore.password = null
	ssl.keystore.type = JKS
	ssl.protocol = TLSv1.3
	ssl.provider = null
	ssl.secure.random.implementation = null
	ssl.trustmanager.algorithm = PKIX
	ssl.truststore.certificates = null
	ssl.truststore.location = null
	ssl.truststore.password = null
	ssl.truststore.type = JKS
	transaction.timeout.ms = 60000
	transactional.id = null
	value.serializer = class io.apicurio.registry.serde.avro.AvroKafkaSerializer

2025-07-31 02:21:16,924 INFO  [org.apa.kaf.com.tel.int.KafkaMetricsCollector] (main) initializing Kafka metrics collector
2025-07-31 02:21:16,938 INFO  [org.apa.kaf.cli.pro.KafkaProducer] (main) [Producer clientId=Producer-topic-3c2696d5_896d_4d35_994b_293d2bff181d] Instantiated an idempotent producer.
2025-07-31 02:21:16,948 INFO  [org.apa.kaf.cli.pro.ProducerConfig] (main) These configurations '[apicurio.registry.avro.encoding, apicurio.registry.url, apicurio.registry.auto-register, apicurio.registry.artifact-resolver-strategy]' were supplied but are not used yet.
2025-07-31 02:21:16,949 INFO  [org.apa.kaf.com.uti.AppInfoParser] (main) Kafka version: 3.9.0
2025-07-31 02:21:16,949 INFO  [org.apa.kaf.com.uti.AppInfoParser] (main) Kafka commitId: 84caaa6e9da06435
2025-07-31 02:21:16,949 INFO  [org.apa.kaf.com.uti.AppInfoParser] (main) Kafka startTimeMs: 1753928476949
2025-07-31 02:21:16,952 INFO  [io.api.tes.ser.api.SimpleSerdesTesterBuilder$SimpleSerdesTester] (main) Using producer configuration: {apicurio.registry.avro.encoding=JSON, apicurio.registry.url=http://registry-app-inmemory.apps.ci419.apicurio-testing.org:80/apis/registry/v3, apicurio.registry.auto-register=true, apicurio.registry.artifact-resolver-strategy=io.apicurio.registry.serde.strategy.TopicIdStrategy, value.serializer=io.apicurio.registry.serde.avro.AvroKafkaSerializer, request.timeout.ms=5000, acks=all, bootstrap.servers=PLAINTEXT://localhost:32770, connections.max.idle.ms=10000, key.serializer=org.apache.kafka.common.serialization.StringSerializer, client.id=Producer-topic-3c2696d5_896d_4d35_994b_293d2bff181d}
2025-07-31 02:21:16,952 INFO  [io.api.tes.ser.api.SimpleSerdesTesterBuilder$SimpleSerdesTester] (main) Using consumer configuration: {apicurio.registry.avro.encoding=JSON}
2025-07-31 02:21:16,952 INFO  [io.api.tes.ser.api.KafkaSerdesTester] (Thread-135) Sending message {"bar": "value-0"} to topic topic-3c2696d5_896d_4d35_994b_293d2bff181d
2025-07-31 02:21:16,979 WARN  [org.apa.kaf.cli.NetworkClient] (kafka-producer-network-thread | Producer-topic-3c2696d5_896d_4d35_994b_293d2bff181d) [Producer clientId=Producer-topic-3c2696d5_896d_4d35_994b_293d2bff181d] The metadata response from the cluster reported a recoverable issue with correlation id 2 : {topic-3c2696d5_896d_4d35_994b_293d2bff181d=LEADER_NOT_AVAILABLE}
2025-07-31 02:21:16,980 INFO  [org.apa.kaf.cli.Metadata] (kafka-producer-network-thread | Producer-topic-3c2696d5_896d_4d35_994b_293d2bff181d) [Producer clientId=Producer-topic-3c2696d5_896d_4d35_994b_293d2bff181d] Cluster ID: mFm4H5CuSae4mNeWY74G7g
2025-07-31 02:21:16,983 INFO  [org.apa.kaf.cli.pro.int.TransactionManager] (kafka-producer-network-thread | Producer-topic-3c2696d5_896d_4d35_994b_293d2bff181d) [Producer clientId=Producer-topic-3c2696d5_896d_4d35_994b_293d2bff181d] ProducerId set to 3 with epoch 0
2025-07-31 02:21:17,141 INFO  [io.api.tes.ser.api.KafkaSerdesTester] (Thread-135) Sending message {"bar": "value-1"} to topic topic-3c2696d5_896d_4d35_994b_293d2bff181d
2025-07-31 02:21:17,144 INFO  [io.api.tes.ser.api.KafkaSerdesTester] (Thread-135) Sending message {"bar": "value-2"} to topic topic-3c2696d5_896d_4d35_994b_293d2bff181d
2025-07-31 02:21:17,147 INFO  [io.api.tes.ser.api.KafkaSerdesTester] (Thread-135) Sending message {"bar": "value-3"} to topic topic-3c2696d5_896d_4d35_994b_293d2bff181d
2025-07-31 02:21:17,149 INFO  [io.api.tes.ser.api.KafkaSerdesTester] (Thread-135) Sending message {"bar": "value-4"} to topic topic-3c2696d5_896d_4d35_994b_293d2bff181d
2025-07-31 02:21:17,152 INFO  [io.api.tes.ser.api.KafkaSerdesTester] (Thread-135) Sending message {"bar": "value-5"} to topic topic-3c2696d5_896d_4d35_994b_293d2bff181d
2025-07-31 02:21:17,154 INFO  [io.api.tes.ser.api.KafkaSerdesTester] (Thread-135) Sending message {"bar": "value-6"} to topic topic-3c2696d5_896d_4d35_994b_293d2bff181d
2025-07-31 02:21:17,156 INFO  [io.api.tes.ser.api.KafkaSerdesTester] (Thread-135) Sending message {"bar": "value-7"} to topic topic-3c2696d5_896d_4d35_994b_293d2bff181d
2025-07-31 02:21:17,158 INFO  [io.api.tes.ser.api.KafkaSerdesTester] (Thread-135) Sending message {"bar": "value-8"} to topic topic-3c2696d5_896d_4d35_994b_293d2bff181d
2025-07-31 02:21:17,161 INFO  [io.api.tes.ser.api.KafkaSerdesTester] (Thread-135) Sending message {"bar": "value-9"} to topic topic-3c2696d5_896d_4d35_994b_293d2bff181d
2025-07-31 02:21:17,163 INFO  [io.api.tes.ser.api.KafkaSerdesTester] (Thread-135) Produced 10 messages
2025-07-31 02:21:17,163 INFO  [org.apa.kaf.cli.pro.KafkaProducer] (Thread-135) [Producer clientId=Producer-topic-3c2696d5_896d_4d35_994b_293d2bff181d] Closing the Kafka producer with timeoutMillis = 9223372036854775807 ms.
2025-07-31 02:21:17,166 INFO  [org.apa.kaf.com.met.Metrics] (Thread-135) Metrics scheduler closed
2025-07-31 02:21:17,166 INFO  [org.apa.kaf.com.met.Metrics] (Thread-135) Closing reporter org.apache.kafka.common.metrics.JmxReporter
2025-07-31 02:21:17,167 INFO  [org.apa.kaf.com.met.Metrics] (Thread-135) Closing reporter org.apache.kafka.common.telemetry.internals.ClientTelemetryReporter
2025-07-31 02:21:17,167 INFO  [org.apa.kaf.com.met.Metrics] (Thread-135) Metrics reporters closed
2025-07-31 02:21:17,167 INFO  [org.apa.kaf.com.uti.AppInfoParser] (Thread-135) App info kafka.producer for Producer-topic-3c2696d5_896d_4d35_994b_293d2bff181d unregistered
2025-07-31 02:21:17,196 INFO  [org.apa.kaf.cli.con.ConsumerConfig] (main) ConsumerConfig values: 
	allow.auto.create.topics = true
	auto.commit.interval.ms = 500
	auto.include.jmx.reporter = true
	auto.offset.reset = earliest
	bootstrap.servers = [PLAINTEXT://localhost:32770]
	check.crcs = true
	client.dns.lookup = use_all_dns_ips
	client.id = consumer-Consumer-topic-3c2696d5_896d_4d35_994b_293d2bff181d-3
	client.rack = 
	connections.max.idle.ms = 10000
	default.api.timeout.ms = 60000
	enable.auto.commit = true
	enable.metrics.push = true
	exclude.internal.topics = true
	fetch.max.bytes = 52428800
	fetch.max.wait.ms = 500
	fetch.min.bytes = 1
	group.id = Consumer-topic-3c2696d5_896d_4d35_994b_293d2bff181d
	group.instance.id = null
	group.protocol = classic
	group.remote.assignor = null
	heartbeat.interval.ms = 3000
	interceptor.classes = []
	internal.leave.group.on.close = true
	internal.throw.on.fetch.stable.offset.unsupported = false
	isolation.level = read_uncommitted
	key.deserializer = class org.apache.kafka.common.serialization.StringDeserializer
	max.partition.fetch.bytes = 1048576
	max.poll.interval.ms = 300000
	max.poll.records = 500
	metadata.max.age.ms = 300000
	metadata.recovery.strategy = none
	metric.reporters = []
	metrics.num.samples = 2
	metrics.recording.level = INFO
	metrics.sample.window.ms = 30000
	partition.assignment.strategy = [class org.apache.kafka.clients.consumer.RangeAssignor, class org.apache.kafka.clients.consumer.CooperativeStickyAssignor]
	receive.buffer.bytes = 65536
	reconnect.backoff.max.ms = 1000
	reconnect.backoff.ms = 50
	request.timeout.ms = 5000
	retry.backoff.max.ms = 1000
	retry.backoff.ms = 100
	sasl.client.callback.handler.class = null
	sasl.jaas.config = null
	sasl.kerberos.kinit.cmd = /usr/bin/kinit
	sasl.kerberos.min.time.before.relogin = 60000
	sasl.kerberos.service.name = null
	sasl.kerberos.ticket.renew.jitter = 0.05
	sasl.kerberos.ticket.renew.window.factor = 0.8
	sasl.login.callback.handler.class = null
	sasl.login.class = null
	sasl.login.connect.timeout.ms = null
	sasl.login.read.timeout.ms = null
	sasl.login.refresh.buffer.seconds = 300
	sasl.login.refresh.min.period.seconds = 60
	sasl.login.refresh.window.factor = 0.8
	sasl.login.refresh.window.jitter = 0.05
	sasl.login.retry.backoff.max.ms = 10000
	sasl.login.retry.backoff.ms = 100
	sasl.mechanism = GSSAPI
	sasl.oauthbearer.clock.skew.seconds = 30
	sasl.oauthbearer.expected.audience = null
	sasl.oauthbearer.expected.issuer = null
	sasl.oauthbearer.header.urlencode = false
	sasl.oauthbearer.jwks.endpoint.refresh.ms = 3600000
	sasl.oauthbearer.jwks.endpoint.retry.backoff.max.ms = 10000
	sasl.oauthbearer.jwks.endpoint.retry.backoff.ms = 100
	sasl.oauthbearer.jwks.endpoint.url = null
	sasl.oauthbearer.scope.claim.name = scope
	sasl.oauthbearer.sub.claim.name = sub
	sasl.oauthbearer.token.endpoint.url = null
	security.protocol = PLAINTEXT
	security.providers = null
	send.buffer.bytes = 131072
	session.timeout.ms = 45000
	socket.connection.setup.timeout.max.ms = 30000
	socket.connection.setup.timeout.ms = 10000
	ssl.cipher.suites = null
	ssl.enabled.protocols = [TLSv1.2, TLSv1.3]
	ssl.endpoint.identification.algorithm = https
	ssl.engine.factory.class = null
	ssl.key.password = null
	ssl.keymanager.algorithm = SunX509
	ssl.keystore.certificate.chain = null
	ssl.keystore.key = null
	ssl.keystore.location = null
	ssl.keystore.password = null
	ssl.keystore.type = JKS
	ssl.protocol = TLSv1.3
	ssl.provider = null
	ssl.secure.random.implementation = null
	ssl.trustmanager.algorithm = PKIX
	ssl.truststore.certificates = null
	ssl.truststore.location = null
	ssl.truststore.password = null
	ssl.truststore.type = JKS
	value.deserializer = class io.apicurio.registry.serde.avro.AvroKafkaDeserializer

2025-07-31 02:21:17,196 INFO  [org.apa.kaf.com.tel.int.KafkaMetricsCollector] (main) initializing Kafka metrics collector
2025-07-31 02:21:17,201 INFO  [org.apa.kaf.cli.con.ConsumerConfig] (main) These configurations '[apicurio.registry.avro.encoding, apicurio.registry.url]' were supplied but are not used yet.
2025-07-31 02:21:17,201 INFO  [org.apa.kaf.com.uti.AppInfoParser] (main) Kafka version: 3.9.0
2025-07-31 02:21:17,201 INFO  [org.apa.kaf.com.uti.AppInfoParser] (main) Kafka commitId: 84caaa6e9da06435
2025-07-31 02:21:17,201 INFO  [org.apa.kaf.com.uti.AppInfoParser] (main) Kafka startTimeMs: 1753928477201
2025-07-31 02:21:17,204 INFO  [org.apa.kaf.cli.con.int.ClassicKafkaConsumer] (Thread-138) [Consumer clientId=consumer-Consumer-topic-3c2696d5_896d_4d35_994b_293d2bff181d-3, groupId=Consumer-topic-3c2696d5_896d_4d35_994b_293d2bff181d] Subscribed to topic(s): topic-3c2696d5_896d_4d35_994b_293d2bff181d
2025-07-31 02:21:17,212 INFO  [org.apa.kaf.cli.Metadata] (Thread-138) [Consumer clientId=consumer-Consumer-topic-3c2696d5_896d_4d35_994b_293d2bff181d-3, groupId=Consumer-topic-3c2696d5_896d_4d35_994b_293d2bff181d] Cluster ID: mFm4H5CuSae4mNeWY74G7g
2025-07-31 02:21:17,214 INFO  [org.apa.kaf.cli.con.int.ConsumerCoordinator] (Thread-138) [Consumer clientId=consumer-Consumer-topic-3c2696d5_896d_4d35_994b_293d2bff181d-3, groupId=Consumer-topic-3c2696d5_896d_4d35_994b_293d2bff181d] Discovered group coordinator localhost:32770 (id: 2147483647 rack: null)
2025-07-31 02:21:17,220 INFO  [org.apa.kaf.cli.con.int.ConsumerCoordinator] (Thread-138) [Consumer clientId=consumer-Consumer-topic-3c2696d5_896d_4d35_994b_293d2bff181d-3, groupId=Consumer-topic-3c2696d5_896d_4d35_994b_293d2bff181d] (Re-)joining group
2025-07-31 02:21:17,229 INFO  [org.apa.kaf.cli.con.int.ConsumerCoordinator] (Thread-138) [Consumer clientId=consumer-Consumer-topic-3c2696d5_896d_4d35_994b_293d2bff181d-3, groupId=Consumer-topic-3c2696d5_896d_4d35_994b_293d2bff181d] Request joining group due to: need to re-join with the given member-id: consumer-Consumer-topic-3c2696d5_896d_4d35_994b_293d2bff181d-3-c2b39027-ca3c-49ec-a197-daf1948a55a3
2025-07-31 02:21:17,229 INFO  [org.apa.kaf.cli.con.int.ConsumerCoordinator] (Thread-138) [Consumer clientId=consumer-Consumer-topic-3c2696d5_896d_4d35_994b_293d2bff181d-3, groupId=Consumer-topic-3c2696d5_896d_4d35_994b_293d2bff181d] (Re-)joining group
2025-07-31 02:21:17,244 INFO  [org.apa.kaf.cli.con.int.ConsumerCoordinator] (Thread-138) [Consumer clientId=consumer-Consumer-topic-3c2696d5_896d_4d35_994b_293d2bff181d-3, groupId=Consumer-topic-3c2696d5_896d_4d35_994b_293d2bff181d] Successfully joined group with generation Generation{generationId=1, memberId='consumer-Consumer-topic-3c2696d5_896d_4d35_994b_293d2bff181d-3-c2b39027-ca3c-49ec-a197-daf1948a55a3', protocol='range'}
2025-07-31 02:21:17,245 INFO  [org.apa.kaf.cli.con.int.ConsumerCoordinator] (Thread-138) [Consumer clientId=consumer-Consumer-topic-3c2696d5_896d_4d35_994b_293d2bff181d-3, groupId=Consumer-topic-3c2696d5_896d_4d35_994b_293d2bff181d] Finished assignment for group at generation 1: {consumer-Consumer-topic-3c2696d5_896d_4d35_994b_293d2bff181d-3-c2b39027-ca3c-49ec-a197-daf1948a55a3=Assignment(partitions=[topic-3c2696d5_896d_4d35_994b_293d2bff181d-0])}
2025-07-31 02:21:17,252 INFO  [org.apa.kaf.cli.con.int.ConsumerCoordinator] (Thread-138) [Consumer clientId=consumer-Consumer-topic-3c2696d5_896d_4d35_994b_293d2bff181d-3, groupId=Consumer-topic-3c2696d5_896d_4d35_994b_293d2bff181d] Successfully synced group in generation Generation{generationId=1, memberId='consumer-Consumer-topic-3c2696d5_896d_4d35_994b_293d2bff181d-3-c2b39027-ca3c-49ec-a197-daf1948a55a3', protocol='range'}
2025-07-31 02:21:17,253 INFO  [org.apa.kaf.cli.con.int.ConsumerCoordinator] (Thread-138) [Consumer clientId=consumer-Consumer-topic-3c2696d5_896d_4d35_994b_293d2bff181d-3, groupId=Consumer-topic-3c2696d5_896d_4d35_994b_293d2bff181d] Notifying assignor about the new Assignment(partitions=[topic-3c2696d5_896d_4d35_994b_293d2bff181d-0])
2025-07-31 02:21:17,253 INFO  [org.apa.kaf.cli.con.int.ConsumerRebalanceListenerInvoker] (Thread-138) [Consumer clientId=consumer-Consumer-topic-3c2696d5_896d_4d35_994b_293d2bff181d-3, groupId=Consumer-topic-3c2696d5_896d_4d35_994b_293d2bff181d] Adding newly assigned partitions: topic-3c2696d5_896d_4d35_994b_293d2bff181d-0
2025-07-31 02:21:17,255 INFO  [org.apa.kaf.cli.con.int.ConsumerCoordinator] (Thread-138) [Consumer clientId=consumer-Consumer-topic-3c2696d5_896d_4d35_994b_293d2bff181d-3, groupId=Consumer-topic-3c2696d5_896d_4d35_994b_293d2bff181d] Found no committed offset for partition topic-3c2696d5_896d_4d35_994b_293d2bff181d-0
2025-07-31 02:21:17,258 INFO  [org.apa.kaf.cli.con.int.SubscriptionState] (Thread-138) [Consumer clientId=consumer-Consumer-topic-3c2696d5_896d_4d35_994b_293d2bff181d-3, groupId=Consumer-topic-3c2696d5_896d_4d35_994b_293d2bff181d] Resetting offset for partition topic-3c2696d5_896d_4d35_994b_293d2bff181d-0 to position FetchPosition{offset=0, offsetEpoch=Optional.empty, currentLeader=LeaderAndEpoch{leader=Optional[localhost:32770 (id: 0 rack: null)], epoch=0}}.
2025-07-31 02:21:17,299 INFO  [io.api.tes.ser.api.KafkaSerdesTester] (Thread-138) topic-3c2696d5_896d_4d35_994b_293d2bff181d 0 0 {"bar": "value-0"}
2025-07-31 02:21:17,300 INFO  [io.api.tes.ser.api.KafkaSerdesTester] (Thread-138) topic-3c2696d5_896d_4d35_994b_293d2bff181d 0 1 {"bar": "value-1"}
2025-07-31 02:21:17,300 INFO  [io.api.tes.ser.api.KafkaSerdesTester] (Thread-138) topic-3c2696d5_896d_4d35_994b_293d2bff181d 0 2 {"bar": "value-2"}
2025-07-31 02:21:17,300 INFO  [io.api.tes.ser.api.KafkaSerdesTester] (Thread-138) topic-3c2696d5_896d_4d35_994b_293d2bff181d 0 3 {"bar": "value-3"}
2025-07-31 02:21:17,300 INFO  [io.api.tes.ser.api.KafkaSerdesTester] (Thread-138) topic-3c2696d5_896d_4d35_994b_293d2bff181d 0 4 {"bar": "value-4"}
2025-07-31 02:21:17,300 INFO  [io.api.tes.ser.api.KafkaSerdesTester] (Thread-138) topic-3c2696d5_896d_4d35_994b_293d2bff181d 0 5 {"bar": "value-5"}
2025-07-31 02:21:17,300 INFO  [io.api.tes.ser.api.KafkaSerdesTester] (Thread-138) topic-3c2696d5_896d_4d35_994b_293d2bff181d 0 6 {"bar": "value-6"}
2025-07-31 02:21:17,300 INFO  [io.api.tes.ser.api.KafkaSerdesTester] (Thread-138) topic-3c2696d5_896d_4d35_994b_293d2bff181d 0 7 {"bar": "value-7"}
2025-07-31 02:21:17,300 INFO  [io.api.tes.ser.api.KafkaSerdesTester] (Thread-138) topic-3c2696d5_896d_4d35_994b_293d2bff181d 0 8 {"bar": "value-8"}
2025-07-31 02:21:17,300 INFO  [io.api.tes.ser.api.KafkaSerdesTester] (Thread-138) topic-3c2696d5_896d_4d35_994b_293d2bff181d 0 9 {"bar": "value-9"}
2025-07-31 02:21:17,301 INFO  [io.api.tes.ser.api.KafkaSerdesTester] (Thread-138) Consumed 10 messages
2025-07-31 02:21:17,303 INFO  [org.apa.kaf.cli.con.int.ConsumerRebalanceListenerInvoker] (Thread-138) [Consumer clientId=consumer-Consumer-topic-3c2696d5_896d_4d35_994b_293d2bff181d-3, groupId=Consumer-topic-3c2696d5_896d_4d35_994b_293d2bff181d] Revoke previously assigned partitions topic-3c2696d5_896d_4d35_994b_293d2bff181d-0
2025-07-31 02:21:17,304 INFO  [org.apa.kaf.cli.con.int.ConsumerCoordinator] (Thread-138) [Consumer clientId=consumer-Consumer-topic-3c2696d5_896d_4d35_994b_293d2bff181d-3, groupId=Consumer-topic-3c2696d5_896d_4d35_994b_293d2bff181d] Member consumer-Consumer-topic-3c2696d5_896d_4d35_994b_293d2bff181d-3-c2b39027-ca3c-49ec-a197-daf1948a55a3 sending LeaveGroup request to coordinator localhost:32770 (id: 2147483647 rack: null) due to the consumer is being closed
2025-07-31 02:21:17,304 INFO  [org.apa.kaf.cli.con.int.ConsumerCoordinator] (Thread-138) [Consumer clientId=consumer-Consumer-topic-3c2696d5_896d_4d35_994b_293d2bff181d-3, groupId=Consumer-topic-3c2696d5_896d_4d35_994b_293d2bff181d] Resetting generation and member id due to: consumer pro-actively leaving the group
2025-07-31 02:21:17,304 INFO  [org.apa.kaf.cli.con.int.ConsumerCoordinator] (Thread-138) [Consumer clientId=consumer-Consumer-topic-3c2696d5_896d_4d35_994b_293d2bff181d-3, groupId=Consumer-topic-3c2696d5_896d_4d35_994b_293d2bff181d] Request joining group due to: consumer pro-actively leaving the group
2025-07-31 02:21:17,803 INFO  [org.apa.kaf.com.met.Metrics] (Thread-138) Metrics scheduler closed
2025-07-31 02:21:17,803 INFO  [org.apa.kaf.com.met.Metrics] (Thread-138) Closing reporter org.apache.kafka.common.metrics.JmxReporter
2025-07-31 02:21:17,803 INFO  [org.apa.kaf.com.met.Metrics] (Thread-138) Closing reporter org.apache.kafka.common.telemetry.internals.ClientTelemetryReporter
2025-07-31 02:21:17,803 INFO  [org.apa.kaf.com.met.Metrics] (Thread-138) Metrics reporters closed
2025-07-31 02:21:17,808 INFO  [org.apa.kaf.com.uti.AppInfoParser] (Thread-138) App info kafka.consumer for consumer-Consumer-topic-3c2696d5_896d_4d35_994b_293d2bff181d-3 unregistered
2025-07-31 02:21:17,809 INFO  [io.api.tes.uti.TestSeparator] (main) io.apicurio.tests.serdes.apicurio.AvroSerdeIT.testAvroJSON-FINISHED
2025-07-31 02:21:17,809 INFO  [io.api.tes.uti.TestSeparator] (main) ############################################################################
]]></system-out>
  </testcase>
  <testcase name="testTopicIdStrategyAutoRegister" classname="io.apicurio.tests.serdes.apicurio.AvroSerdeIT" time="0.883">
    <system-out><![CDATA[2025-07-31 02:21:17,812 INFO  [io.api.tes.uti.TestSeparator] (main) ############################################################################
2025-07-31 02:21:17,812 INFO  [io.api.tes.uti.TestSeparator] (main) io.apicurio.tests.serdes.apicurio.AvroSerdeIT.testTopicIdStrategyAutoRegister-STARTED
2025-07-31 02:21:17,819 INFO  [org.apa.kaf.cli.pro.ProducerConfig] (main) ProducerConfig values: 
	acks = -1
	auto.include.jmx.reporter = true
	batch.size = 16384
	bootstrap.servers = [PLAINTEXT://localhost:32770]
	buffer.memory = 33554432
	client.dns.lookup = use_all_dns_ips
	client.id = Producer-topic-947e8895_44e8_4c14_ab1b_10de7d3479d2
	compression.gzip.level = -1
	compression.lz4.level = 9
	compression.type = none
	compression.zstd.level = 3
	connections.max.idle.ms = 10000
	delivery.timeout.ms = 120000
	enable.idempotence = true
	enable.metrics.push = true
	interceptor.classes = []
	key.serializer = class org.apache.kafka.common.serialization.StringSerializer
	linger.ms = 0
	max.block.ms = 60000
	max.in.flight.requests.per.connection = 5
	max.request.size = 1048576
	metadata.max.age.ms = 300000
	metadata.max.idle.ms = 300000
	metadata.recovery.strategy = none
	metric.reporters = []
	metrics.num.samples = 2
	metrics.recording.level = INFO
	metrics.sample.window.ms = 30000
	partitioner.adaptive.partitioning.enable = true
	partitioner.availability.timeout.ms = 0
	partitioner.class = null
	partitioner.ignore.keys = false
	receive.buffer.bytes = 32768
	reconnect.backoff.max.ms = 1000
	reconnect.backoff.ms = 50
	request.timeout.ms = 5000
	retries = 2147483647
	retry.backoff.max.ms = 1000
	retry.backoff.ms = 100
	sasl.client.callback.handler.class = null
	sasl.jaas.config = null
	sasl.kerberos.kinit.cmd = /usr/bin/kinit
	sasl.kerberos.min.time.before.relogin = 60000
	sasl.kerberos.service.name = null
	sasl.kerberos.ticket.renew.jitter = 0.05
	sasl.kerberos.ticket.renew.window.factor = 0.8
	sasl.login.callback.handler.class = null
	sasl.login.class = null
	sasl.login.connect.timeout.ms = null
	sasl.login.read.timeout.ms = null
	sasl.login.refresh.buffer.seconds = 300
	sasl.login.refresh.min.period.seconds = 60
	sasl.login.refresh.window.factor = 0.8
	sasl.login.refresh.window.jitter = 0.05
	sasl.login.retry.backoff.max.ms = 10000
	sasl.login.retry.backoff.ms = 100
	sasl.mechanism = GSSAPI
	sasl.oauthbearer.clock.skew.seconds = 30
	sasl.oauthbearer.expected.audience = null
	sasl.oauthbearer.expected.issuer = null
	sasl.oauthbearer.header.urlencode = false
	sasl.oauthbearer.jwks.endpoint.refresh.ms = 3600000
	sasl.oauthbearer.jwks.endpoint.retry.backoff.max.ms = 10000
	sasl.oauthbearer.jwks.endpoint.retry.backoff.ms = 100
	sasl.oauthbearer.jwks.endpoint.url = null
	sasl.oauthbearer.scope.claim.name = scope
	sasl.oauthbearer.sub.claim.name = sub
	sasl.oauthbearer.token.endpoint.url = null
	security.protocol = PLAINTEXT
	security.providers = null
	send.buffer.bytes = 131072
	socket.connection.setup.timeout.max.ms = 30000
	socket.connection.setup.timeout.ms = 10000
	ssl.cipher.suites = null
	ssl.enabled.protocols = [TLSv1.2, TLSv1.3]
	ssl.endpoint.identification.algorithm = https
	ssl.engine.factory.class = null
	ssl.key.password = null
	ssl.keymanager.algorithm = SunX509
	ssl.keystore.certificate.chain = null
	ssl.keystore.key = null
	ssl.keystore.location = null
	ssl.keystore.password = null
	ssl.keystore.type = JKS
	ssl.protocol = TLSv1.3
	ssl.provider = null
	ssl.secure.random.implementation = null
	ssl.trustmanager.algorithm = PKIX
	ssl.truststore.certificates = null
	ssl.truststore.location = null
	ssl.truststore.password = null
	ssl.truststore.type = JKS
	transaction.timeout.ms = 60000
	transactional.id = null
	value.serializer = class io.apicurio.registry.serde.avro.AvroKafkaSerializer

2025-07-31 02:21:17,819 INFO  [org.apa.kaf.com.tel.int.KafkaMetricsCollector] (main) initializing Kafka metrics collector
2025-07-31 02:21:17,833 INFO  [org.apa.kaf.cli.pro.KafkaProducer] (main) [Producer clientId=Producer-topic-947e8895_44e8_4c14_ab1b_10de7d3479d2] Instantiated an idempotent producer.
2025-07-31 02:21:17,842 INFO  [org.apa.kaf.cli.pro.ProducerConfig] (main) These configurations '[apicurio.registry.url, apicurio.registry.auto-register, apicurio.registry.artifact-resolver-strategy]' were supplied but are not used yet.
2025-07-31 02:21:17,847 INFO  [org.apa.kaf.com.uti.AppInfoParser] (main) Kafka version: 3.9.0
2025-07-31 02:21:17,847 INFO  [org.apa.kaf.com.uti.AppInfoParser] (main) Kafka commitId: 84caaa6e9da06435
2025-07-31 02:21:17,847 INFO  [org.apa.kaf.com.uti.AppInfoParser] (main) Kafka startTimeMs: 1753928477842
2025-07-31 02:21:17,847 INFO  [io.api.tes.ser.api.SimpleSerdesTesterBuilder$SimpleSerdesTester] (main) Using producer configuration: {apicurio.registry.url=http://registry-app-inmemory.apps.ci419.apicurio-testing.org:80/apis/registry/v3, apicurio.registry.auto-register=true, apicurio.registry.artifact-resolver-strategy=io.apicurio.registry.serde.strategy.TopicIdStrategy, value.serializer=io.apicurio.registry.serde.avro.AvroKafkaSerializer, request.timeout.ms=5000, acks=all, bootstrap.servers=PLAINTEXT://localhost:32770, connections.max.idle.ms=10000, key.serializer=org.apache.kafka.common.serialization.StringSerializer, client.id=Producer-topic-947e8895_44e8_4c14_ab1b_10de7d3479d2}
2025-07-31 02:21:17,848 INFO  [io.api.tes.ser.api.SimpleSerdesTesterBuilder$SimpleSerdesTester] (main) Using consumer configuration: {}
2025-07-31 02:21:17,849 INFO  [io.api.tes.ser.api.KafkaSerdesTester] (Thread-141) Sending message {"key11753928477815": "value-0"} to topic topic-947e8895_44e8_4c14_ab1b_10de7d3479d2
2025-07-31 02:21:17,866 WARN  [org.apa.kaf.cli.NetworkClient] (kafka-producer-network-thread | Producer-topic-947e8895_44e8_4c14_ab1b_10de7d3479d2) [Producer clientId=Producer-topic-947e8895_44e8_4c14_ab1b_10de7d3479d2] The metadata response from the cluster reported a recoverable issue with correlation id 2 : {topic-947e8895_44e8_4c14_ab1b_10de7d3479d2=LEADER_NOT_AVAILABLE}
2025-07-31 02:21:17,866 INFO  [org.apa.kaf.cli.Metadata] (kafka-producer-network-thread | Producer-topic-947e8895_44e8_4c14_ab1b_10de7d3479d2) [Producer clientId=Producer-topic-947e8895_44e8_4c14_ab1b_10de7d3479d2] Cluster ID: mFm4H5CuSae4mNeWY74G7g
2025-07-31 02:21:17,866 INFO  [org.apa.kaf.cli.pro.int.TransactionManager] (kafka-producer-network-thread | Producer-topic-947e8895_44e8_4c14_ab1b_10de7d3479d2) [Producer clientId=Producer-topic-947e8895_44e8_4c14_ab1b_10de7d3479d2] ProducerId set to 4 with epoch 0
2025-07-31 02:21:18,024 INFO  [io.api.tes.ser.api.KafkaSerdesTester] (Thread-141) Sending message {"key11753928477815": "value-1"} to topic topic-947e8895_44e8_4c14_ab1b_10de7d3479d2
2025-07-31 02:21:18,029 INFO  [io.api.tes.ser.api.KafkaSerdesTester] (Thread-141) Sending message {"key11753928477815": "value-2"} to topic topic-947e8895_44e8_4c14_ab1b_10de7d3479d2
2025-07-31 02:21:18,035 INFO  [io.api.tes.ser.api.KafkaSerdesTester] (Thread-141) Sending message {"key11753928477815": "value-3"} to topic topic-947e8895_44e8_4c14_ab1b_10de7d3479d2
2025-07-31 02:21:18,038 INFO  [io.api.tes.ser.api.KafkaSerdesTester] (Thread-141) Sending message {"key11753928477815": "value-4"} to topic topic-947e8895_44e8_4c14_ab1b_10de7d3479d2
2025-07-31 02:21:18,042 INFO  [io.api.tes.ser.api.KafkaSerdesTester] (Thread-141) Sending message {"key11753928477815": "value-5"} to topic topic-947e8895_44e8_4c14_ab1b_10de7d3479d2
2025-07-31 02:21:18,044 INFO  [io.api.tes.ser.api.KafkaSerdesTester] (Thread-141) Sending message {"key11753928477815": "value-6"} to topic topic-947e8895_44e8_4c14_ab1b_10de7d3479d2
2025-07-31 02:21:18,047 INFO  [io.api.tes.ser.api.KafkaSerdesTester] (Thread-141) Sending message {"key11753928477815": "value-7"} to topic topic-947e8895_44e8_4c14_ab1b_10de7d3479d2
2025-07-31 02:21:18,049 INFO  [io.api.tes.ser.api.KafkaSerdesTester] (Thread-141) Sending message {"key11753928477815": "value-8"} to topic topic-947e8895_44e8_4c14_ab1b_10de7d3479d2
2025-07-31 02:21:18,052 INFO  [io.api.tes.ser.api.KafkaSerdesTester] (Thread-141) Sending message {"key11753928477815": "value-9"} to topic topic-947e8895_44e8_4c14_ab1b_10de7d3479d2
2025-07-31 02:21:18,054 INFO  [io.api.tes.ser.api.KafkaSerdesTester] (Thread-141) Produced 10 messages
2025-07-31 02:21:18,054 INFO  [org.apa.kaf.cli.pro.KafkaProducer] (Thread-141) [Producer clientId=Producer-topic-947e8895_44e8_4c14_ab1b_10de7d3479d2] Closing the Kafka producer with timeoutMillis = 9223372036854775807 ms.
2025-07-31 02:21:18,057 INFO  [org.apa.kaf.com.met.Metrics] (Thread-141) Metrics scheduler closed
2025-07-31 02:21:18,057 INFO  [org.apa.kaf.com.met.Metrics] (Thread-141) Closing reporter org.apache.kafka.common.metrics.JmxReporter
2025-07-31 02:21:18,057 INFO  [org.apa.kaf.com.met.Metrics] (Thread-141) Closing reporter org.apache.kafka.common.telemetry.internals.ClientTelemetryReporter
2025-07-31 02:21:18,057 INFO  [org.apa.kaf.com.met.Metrics] (Thread-141) Metrics reporters closed
2025-07-31 02:21:18,058 INFO  [org.apa.kaf.com.uti.AppInfoParser] (Thread-141) App info kafka.producer for Producer-topic-947e8895_44e8_4c14_ab1b_10de7d3479d2 unregistered
2025-07-31 02:21:18,085 INFO  [org.apa.kaf.cli.con.ConsumerConfig] (main) ConsumerConfig values: 
	allow.auto.create.topics = true
	auto.commit.interval.ms = 500
	auto.include.jmx.reporter = true
	auto.offset.reset = earliest
	bootstrap.servers = [PLAINTEXT://localhost:32770]
	check.crcs = true
	client.dns.lookup = use_all_dns_ips
	client.id = consumer-Consumer-topic-947e8895_44e8_4c14_ab1b_10de7d3479d2-4
	client.rack = 
	connections.max.idle.ms = 10000
	default.api.timeout.ms = 60000
	enable.auto.commit = true
	enable.metrics.push = true
	exclude.internal.topics = true
	fetch.max.bytes = 52428800
	fetch.max.wait.ms = 500
	fetch.min.bytes = 1
	group.id = Consumer-topic-947e8895_44e8_4c14_ab1b_10de7d3479d2
	group.instance.id = null
	group.protocol = classic
	group.remote.assignor = null
	heartbeat.interval.ms = 3000
	interceptor.classes = []
	internal.leave.group.on.close = true
	internal.throw.on.fetch.stable.offset.unsupported = false
	isolation.level = read_uncommitted
	key.deserializer = class org.apache.kafka.common.serialization.StringDeserializer
	max.partition.fetch.bytes = 1048576
	max.poll.interval.ms = 300000
	max.poll.records = 500
	metadata.max.age.ms = 300000
	metadata.recovery.strategy = none
	metric.reporters = []
	metrics.num.samples = 2
	metrics.recording.level = INFO
	metrics.sample.window.ms = 30000
	partition.assignment.strategy = [class org.apache.kafka.clients.consumer.RangeAssignor, class org.apache.kafka.clients.consumer.CooperativeStickyAssignor]
	receive.buffer.bytes = 65536
	reconnect.backoff.max.ms = 1000
	reconnect.backoff.ms = 50
	request.timeout.ms = 5000
	retry.backoff.max.ms = 1000
	retry.backoff.ms = 100
	sasl.client.callback.handler.class = null
	sasl.jaas.config = null
	sasl.kerberos.kinit.cmd = /usr/bin/kinit
	sasl.kerberos.min.time.before.relogin = 60000
	sasl.kerberos.service.name = null
	sasl.kerberos.ticket.renew.jitter = 0.05
	sasl.kerberos.ticket.renew.window.factor = 0.8
	sasl.login.callback.handler.class = null
	sasl.login.class = null
	sasl.login.connect.timeout.ms = null
	sasl.login.read.timeout.ms = null
	sasl.login.refresh.buffer.seconds = 300
	sasl.login.refresh.min.period.seconds = 60
	sasl.login.refresh.window.factor = 0.8
	sasl.login.refresh.window.jitter = 0.05
	sasl.login.retry.backoff.max.ms = 10000
	sasl.login.retry.backoff.ms = 100
	sasl.mechanism = GSSAPI
	sasl.oauthbearer.clock.skew.seconds = 30
	sasl.oauthbearer.expected.audience = null
	sasl.oauthbearer.expected.issuer = null
	sasl.oauthbearer.header.urlencode = false
	sasl.oauthbearer.jwks.endpoint.refresh.ms = 3600000
	sasl.oauthbearer.jwks.endpoint.retry.backoff.max.ms = 10000
	sasl.oauthbearer.jwks.endpoint.retry.backoff.ms = 100
	sasl.oauthbearer.jwks.endpoint.url = null
	sasl.oauthbearer.scope.claim.name = scope
	sasl.oauthbearer.sub.claim.name = sub
	sasl.oauthbearer.token.endpoint.url = null
	security.protocol = PLAINTEXT
	security.providers = null
	send.buffer.bytes = 131072
	session.timeout.ms = 45000
	socket.connection.setup.timeout.max.ms = 30000
	socket.connection.setup.timeout.ms = 10000
	ssl.cipher.suites = null
	ssl.enabled.protocols = [TLSv1.2, TLSv1.3]
	ssl.endpoint.identification.algorithm = https
	ssl.engine.factory.class = null
	ssl.key.password = null
	ssl.keymanager.algorithm = SunX509
	ssl.keystore.certificate.chain = null
	ssl.keystore.key = null
	ssl.keystore.location = null
	ssl.keystore.password = null
	ssl.keystore.type = JKS
	ssl.protocol = TLSv1.3
	ssl.provider = null
	ssl.secure.random.implementation = null
	ssl.trustmanager.algorithm = PKIX
	ssl.truststore.certificates = null
	ssl.truststore.location = null
	ssl.truststore.password = null
	ssl.truststore.type = JKS
	value.deserializer = class io.apicurio.registry.serde.avro.AvroKafkaDeserializer

2025-07-31 02:21:18,086 INFO  [org.apa.kaf.com.tel.int.KafkaMetricsCollector] (main) initializing Kafka metrics collector
2025-07-31 02:21:18,091 INFO  [org.apa.kaf.cli.con.ConsumerConfig] (main) These configurations '[apicurio.registry.url]' were supplied but are not used yet.
2025-07-31 02:21:18,092 INFO  [org.apa.kaf.com.uti.AppInfoParser] (main) Kafka version: 3.9.0
2025-07-31 02:21:18,092 INFO  [org.apa.kaf.com.uti.AppInfoParser] (main) Kafka commitId: 84caaa6e9da06435
2025-07-31 02:21:18,092 INFO  [org.apa.kaf.com.uti.AppInfoParser] (main) Kafka startTimeMs: 1753928478092
2025-07-31 02:21:18,093 INFO  [org.apa.kaf.cli.con.int.ClassicKafkaConsumer] (Thread-144) [Consumer clientId=consumer-Consumer-topic-947e8895_44e8_4c14_ab1b_10de7d3479d2-4, groupId=Consumer-topic-947e8895_44e8_4c14_ab1b_10de7d3479d2] Subscribed to topic(s): topic-947e8895_44e8_4c14_ab1b_10de7d3479d2
2025-07-31 02:21:18,101 INFO  [org.apa.kaf.cli.Metadata] (Thread-144) [Consumer clientId=consumer-Consumer-topic-947e8895_44e8_4c14_ab1b_10de7d3479d2-4, groupId=Consumer-topic-947e8895_44e8_4c14_ab1b_10de7d3479d2] Cluster ID: mFm4H5CuSae4mNeWY74G7g
2025-07-31 02:21:18,103 INFO  [org.apa.kaf.cli.con.int.ConsumerCoordinator] (Thread-144) [Consumer clientId=consumer-Consumer-topic-947e8895_44e8_4c14_ab1b_10de7d3479d2-4, groupId=Consumer-topic-947e8895_44e8_4c14_ab1b_10de7d3479d2] Discovered group coordinator localhost:32770 (id: 2147483647 rack: null)
2025-07-31 02:21:18,105 INFO  [org.apa.kaf.cli.con.int.ConsumerCoordinator] (Thread-144) [Consumer clientId=consumer-Consumer-topic-947e8895_44e8_4c14_ab1b_10de7d3479d2-4, groupId=Consumer-topic-947e8895_44e8_4c14_ab1b_10de7d3479d2] (Re-)joining group
2025-07-31 02:21:18,108 INFO  [org.apa.kaf.cli.con.int.ConsumerCoordinator] (Thread-144) [Consumer clientId=consumer-Consumer-topic-947e8895_44e8_4c14_ab1b_10de7d3479d2-4, groupId=Consumer-topic-947e8895_44e8_4c14_ab1b_10de7d3479d2] Request joining group due to: need to re-join with the given member-id: consumer-Consumer-topic-947e8895_44e8_4c14_ab1b_10de7d3479d2-4-abdfad49-5704-40a8-8027-fccef50895b7
2025-07-31 02:21:18,108 INFO  [org.apa.kaf.cli.con.int.ConsumerCoordinator] (Thread-144) [Consumer clientId=consumer-Consumer-topic-947e8895_44e8_4c14_ab1b_10de7d3479d2-4, groupId=Consumer-topic-947e8895_44e8_4c14_ab1b_10de7d3479d2] (Re-)joining group
2025-07-31 02:21:18,112 INFO  [org.apa.kaf.cli.con.int.ConsumerCoordinator] (Thread-144) [Consumer clientId=consumer-Consumer-topic-947e8895_44e8_4c14_ab1b_10de7d3479d2-4, groupId=Consumer-topic-947e8895_44e8_4c14_ab1b_10de7d3479d2] Successfully joined group with generation Generation{generationId=1, memberId='consumer-Consumer-topic-947e8895_44e8_4c14_ab1b_10de7d3479d2-4-abdfad49-5704-40a8-8027-fccef50895b7', protocol='range'}
2025-07-31 02:21:18,112 INFO  [org.apa.kaf.cli.con.int.ConsumerCoordinator] (Thread-144) [Consumer clientId=consumer-Consumer-topic-947e8895_44e8_4c14_ab1b_10de7d3479d2-4, groupId=Consumer-topic-947e8895_44e8_4c14_ab1b_10de7d3479d2] Finished assignment for group at generation 1: {consumer-Consumer-topic-947e8895_44e8_4c14_ab1b_10de7d3479d2-4-abdfad49-5704-40a8-8027-fccef50895b7=Assignment(partitions=[topic-947e8895_44e8_4c14_ab1b_10de7d3479d2-0])}
2025-07-31 02:21:18,116 INFO  [org.apa.kaf.cli.con.int.ConsumerCoordinator] (Thread-144) [Consumer clientId=consumer-Consumer-topic-947e8895_44e8_4c14_ab1b_10de7d3479d2-4, groupId=Consumer-topic-947e8895_44e8_4c14_ab1b_10de7d3479d2] Successfully synced group in generation Generation{generationId=1, memberId='consumer-Consumer-topic-947e8895_44e8_4c14_ab1b_10de7d3479d2-4-abdfad49-5704-40a8-8027-fccef50895b7', protocol='range'}
2025-07-31 02:21:18,116 INFO  [org.apa.kaf.cli.con.int.ConsumerCoordinator] (Thread-144) [Consumer clientId=consumer-Consumer-topic-947e8895_44e8_4c14_ab1b_10de7d3479d2-4, groupId=Consumer-topic-947e8895_44e8_4c14_ab1b_10de7d3479d2] Notifying assignor about the new Assignment(partitions=[topic-947e8895_44e8_4c14_ab1b_10de7d3479d2-0])
2025-07-31 02:21:18,116 INFO  [org.apa.kaf.cli.con.int.ConsumerRebalanceListenerInvoker] (Thread-144) [Consumer clientId=consumer-Consumer-topic-947e8895_44e8_4c14_ab1b_10de7d3479d2-4, groupId=Consumer-topic-947e8895_44e8_4c14_ab1b_10de7d3479d2] Adding newly assigned partitions: topic-947e8895_44e8_4c14_ab1b_10de7d3479d2-0
2025-07-31 02:21:18,117 INFO  [org.apa.kaf.cli.con.int.ConsumerCoordinator] (Thread-144) [Consumer clientId=consumer-Consumer-topic-947e8895_44e8_4c14_ab1b_10de7d3479d2-4, groupId=Consumer-topic-947e8895_44e8_4c14_ab1b_10de7d3479d2] Found no committed offset for partition topic-947e8895_44e8_4c14_ab1b_10de7d3479d2-0
2025-07-31 02:21:18,121 INFO  [org.apa.kaf.cli.con.int.SubscriptionState] (Thread-144) [Consumer clientId=consumer-Consumer-topic-947e8895_44e8_4c14_ab1b_10de7d3479d2-4, groupId=Consumer-topic-947e8895_44e8_4c14_ab1b_10de7d3479d2] Resetting offset for partition topic-947e8895_44e8_4c14_ab1b_10de7d3479d2-0 to position FetchPosition{offset=0, offsetEpoch=Optional.empty, currentLeader=LeaderAndEpoch{leader=Optional[localhost:32770 (id: 0 rack: null)], epoch=0}}.
2025-07-31 02:21:18,162 INFO  [io.api.tes.ser.api.KafkaSerdesTester] (Thread-144) topic-947e8895_44e8_4c14_ab1b_10de7d3479d2 0 0 {"key11753928477815": "value-0"}
2025-07-31 02:21:18,163 INFO  [io.api.tes.ser.api.KafkaSerdesTester] (Thread-144) topic-947e8895_44e8_4c14_ab1b_10de7d3479d2 0 1 {"key11753928477815": "value-1"}
2025-07-31 02:21:18,163 INFO  [io.api.tes.ser.api.KafkaSerdesTester] (Thread-144) topic-947e8895_44e8_4c14_ab1b_10de7d3479d2 0 2 {"key11753928477815": "value-2"}
2025-07-31 02:21:18,164 INFO  [io.api.tes.ser.api.KafkaSerdesTester] (Thread-144) topic-947e8895_44e8_4c14_ab1b_10de7d3479d2 0 3 {"key11753928477815": "value-3"}
2025-07-31 02:21:18,164 INFO  [io.api.tes.ser.api.KafkaSerdesTester] (Thread-144) topic-947e8895_44e8_4c14_ab1b_10de7d3479d2 0 4 {"key11753928477815": "value-4"}
2025-07-31 02:21:18,164 INFO  [io.api.tes.ser.api.KafkaSerdesTester] (Thread-144) topic-947e8895_44e8_4c14_ab1b_10de7d3479d2 0 5 {"key11753928477815": "value-5"}
2025-07-31 02:21:18,164 INFO  [io.api.tes.ser.api.KafkaSerdesTester] (Thread-144) topic-947e8895_44e8_4c14_ab1b_10de7d3479d2 0 6 {"key11753928477815": "value-6"}
2025-07-31 02:21:18,165 INFO  [io.api.tes.ser.api.KafkaSerdesTester] (Thread-144) topic-947e8895_44e8_4c14_ab1b_10de7d3479d2 0 7 {"key11753928477815": "value-7"}
2025-07-31 02:21:18,165 INFO  [io.api.tes.ser.api.KafkaSerdesTester] (Thread-144) topic-947e8895_44e8_4c14_ab1b_10de7d3479d2 0 8 {"key11753928477815": "value-8"}
2025-07-31 02:21:18,165 INFO  [io.api.tes.ser.api.KafkaSerdesTester] (Thread-144) topic-947e8895_44e8_4c14_ab1b_10de7d3479d2 0 9 {"key11753928477815": "value-9"}
2025-07-31 02:21:18,165 INFO  [io.api.tes.ser.api.KafkaSerdesTester] (Thread-144) Consumed 10 messages
2025-07-31 02:21:18,168 INFO  [org.apa.kaf.cli.con.int.ConsumerRebalanceListenerInvoker] (Thread-144) [Consumer clientId=consumer-Consumer-topic-947e8895_44e8_4c14_ab1b_10de7d3479d2-4, groupId=Consumer-topic-947e8895_44e8_4c14_ab1b_10de7d3479d2] Revoke previously assigned partitions topic-947e8895_44e8_4c14_ab1b_10de7d3479d2-0
2025-07-31 02:21:18,169 INFO  [org.apa.kaf.cli.con.int.ConsumerCoordinator] (Thread-144) [Consumer clientId=consumer-Consumer-topic-947e8895_44e8_4c14_ab1b_10de7d3479d2-4, groupId=Consumer-topic-947e8895_44e8_4c14_ab1b_10de7d3479d2] Member consumer-Consumer-topic-947e8895_44e8_4c14_ab1b_10de7d3479d2-4-abdfad49-5704-40a8-8027-fccef50895b7 sending LeaveGroup request to coordinator localhost:32770 (id: 2147483647 rack: null) due to the consumer is being closed
2025-07-31 02:21:18,169 INFO  [org.apa.kaf.cli.con.int.ConsumerCoordinator] (Thread-144) [Consumer clientId=consumer-Consumer-topic-947e8895_44e8_4c14_ab1b_10de7d3479d2-4, groupId=Consumer-topic-947e8895_44e8_4c14_ab1b_10de7d3479d2] Resetting generation and member id due to: consumer pro-actively leaving the group
2025-07-31 02:21:18,169 INFO  [org.apa.kaf.cli.con.int.ConsumerCoordinator] (Thread-144) [Consumer clientId=consumer-Consumer-topic-947e8895_44e8_4c14_ab1b_10de7d3479d2-4, groupId=Consumer-topic-947e8895_44e8_4c14_ab1b_10de7d3479d2] Request joining group due to: consumer pro-actively leaving the group
2025-07-31 02:21:18,666 INFO  [org.apa.kaf.com.met.Metrics] (Thread-144) Metrics scheduler closed
2025-07-31 02:21:18,666 INFO  [org.apa.kaf.com.met.Metrics] (Thread-144) Closing reporter org.apache.kafka.common.metrics.JmxReporter
2025-07-31 02:21:18,666 INFO  [org.apa.kaf.com.met.Metrics] (Thread-144) Closing reporter org.apache.kafka.common.telemetry.internals.ClientTelemetryReporter
2025-07-31 02:21:18,666 INFO  [org.apa.kaf.com.met.Metrics] (Thread-144) Metrics reporters closed
2025-07-31 02:21:18,670 INFO  [org.apa.kaf.com.uti.AppInfoParser] (Thread-144) App info kafka.consumer for consumer-Consumer-topic-947e8895_44e8_4c14_ab1b_10de7d3479d2-4 unregistered
2025-07-31 02:21:18,693 INFO  [io.api.tes.uti.TestSeparator] (main) io.apicurio.tests.serdes.apicurio.AvroSerdeIT.testTopicIdStrategyAutoRegister-FINISHED
2025-07-31 02:21:18,693 INFO  [io.api.tes.uti.TestSeparator] (main) ############################################################################
]]></system-out>
  </testcase>
  <testcase name="testRecordIdStrategydFindLatest" classname="io.apicurio.tests.serdes.apicurio.AvroSerdeIT" time="1.737">
    <system-out><![CDATA[2025-07-31 02:21:18,695 INFO  [io.api.tes.uti.TestSeparator] (main) ############################################################################
2025-07-31 02:21:18,695 INFO  [io.api.tes.uti.TestSeparator] (main) io.apicurio.tests.serdes.apicurio.AvroSerdeIT.testRecordIdStrategydFindLatest-STARTED
2025-07-31 02:21:18,700 INFO  [io.api.tes.ser.api.AvroSerdeIT] (main) Registering Avro Schema: {"type":"record","name":"sfe8450b9xd9b7x4d5dxa945x4ea82438e0fd","namespace":"sc53f9bdexcc6cx4a63xaf3exa250f17f960e","fields":[{"name":"key11753928478695","type":"string"}]}
2025-07-31 02:21:19,731 INFO  [org.apa.kaf.cli.pro.ProducerConfig] (main) ProducerConfig values: 
	acks = -1
	auto.include.jmx.reporter = true
	batch.size = 16384
	bootstrap.servers = [PLAINTEXT://localhost:32770]
	buffer.memory = 33554432
	client.dns.lookup = use_all_dns_ips
	client.id = Producer-topic-e5ae7b0a_6a7f_4456_92b9_c09a33ea11e4
	compression.gzip.level = -1
	compression.lz4.level = 9
	compression.type = none
	compression.zstd.level = 3
	connections.max.idle.ms = 10000
	delivery.timeout.ms = 120000
	enable.idempotence = true
	enable.metrics.push = true
	interceptor.classes = []
	key.serializer = class org.apache.kafka.common.serialization.StringSerializer
	linger.ms = 0
	max.block.ms = 60000
	max.in.flight.requests.per.connection = 5
	max.request.size = 1048576
	metadata.max.age.ms = 300000
	metadata.max.idle.ms = 300000
	metadata.recovery.strategy = none
	metric.reporters = []
	metrics.num.samples = 2
	metrics.recording.level = INFO
	metrics.sample.window.ms = 30000
	partitioner.adaptive.partitioning.enable = true
	partitioner.availability.timeout.ms = 0
	partitioner.class = null
	partitioner.ignore.keys = false
	receive.buffer.bytes = 32768
	reconnect.backoff.max.ms = 1000
	reconnect.backoff.ms = 50
	request.timeout.ms = 5000
	retries = 2147483647
	retry.backoff.max.ms = 1000
	retry.backoff.ms = 100
	sasl.client.callback.handler.class = null
	sasl.jaas.config = null
	sasl.kerberos.kinit.cmd = /usr/bin/kinit
	sasl.kerberos.min.time.before.relogin = 60000
	sasl.kerberos.service.name = null
	sasl.kerberos.ticket.renew.jitter = 0.05
	sasl.kerberos.ticket.renew.window.factor = 0.8
	sasl.login.callback.handler.class = null
	sasl.login.class = null
	sasl.login.connect.timeout.ms = null
	sasl.login.read.timeout.ms = null
	sasl.login.refresh.buffer.seconds = 300
	sasl.login.refresh.min.period.seconds = 60
	sasl.login.refresh.window.factor = 0.8
	sasl.login.refresh.window.jitter = 0.05
	sasl.login.retry.backoff.max.ms = 10000
	sasl.login.retry.backoff.ms = 100
	sasl.mechanism = GSSAPI
	sasl.oauthbearer.clock.skew.seconds = 30
	sasl.oauthbearer.expected.audience = null
	sasl.oauthbearer.expected.issuer = null
	sasl.oauthbearer.header.urlencode = false
	sasl.oauthbearer.jwks.endpoint.refresh.ms = 3600000
	sasl.oauthbearer.jwks.endpoint.retry.backoff.max.ms = 10000
	sasl.oauthbearer.jwks.endpoint.retry.backoff.ms = 100
	sasl.oauthbearer.jwks.endpoint.url = null
	sasl.oauthbearer.scope.claim.name = scope
	sasl.oauthbearer.sub.claim.name = sub
	sasl.oauthbearer.token.endpoint.url = null
	security.protocol = PLAINTEXT
	security.providers = null
	send.buffer.bytes = 131072
	socket.connection.setup.timeout.max.ms = 30000
	socket.connection.setup.timeout.ms = 10000
	ssl.cipher.suites = null
	ssl.enabled.protocols = [TLSv1.2, TLSv1.3]
	ssl.endpoint.identification.algorithm = https
	ssl.engine.factory.class = null
	ssl.key.password = null
	ssl.keymanager.algorithm = SunX509
	ssl.keystore.certificate.chain = null
	ssl.keystore.key = null
	ssl.keystore.location = null
	ssl.keystore.password = null
	ssl.keystore.type = JKS
	ssl.protocol = TLSv1.3
	ssl.provider = null
	ssl.secure.random.implementation = null
	ssl.trustmanager.algorithm = PKIX
	ssl.truststore.certificates = null
	ssl.truststore.location = null
	ssl.truststore.password = null
	ssl.truststore.type = JKS
	transaction.timeout.ms = 60000
	transactional.id = null
	value.serializer = class io.apicurio.registry.serde.avro.AvroKafkaSerializer

2025-07-31 02:21:19,731 INFO  [org.apa.kaf.com.tel.int.KafkaMetricsCollector] (main) initializing Kafka metrics collector
2025-07-31 02:21:19,735 INFO  [org.apa.kaf.cli.pro.KafkaProducer] (main) [Producer clientId=Producer-topic-e5ae7b0a_6a7f_4456_92b9_c09a33ea11e4] Instantiated an idempotent producer.
2025-07-31 02:21:19,737 INFO  [org.apa.kaf.cli.pro.ProducerConfig] (main) These configurations '[apicurio.registry.find-latest, apicurio.registry.url, apicurio.registry.artifact-resolver-strategy]' were supplied but are not used yet.
2025-07-31 02:21:19,737 INFO  [org.apa.kaf.com.uti.AppInfoParser] (main) Kafka version: 3.9.0
2025-07-31 02:21:19,737 INFO  [org.apa.kaf.com.uti.AppInfoParser] (main) Kafka commitId: 84caaa6e9da06435
2025-07-31 02:21:19,737 INFO  [org.apa.kaf.com.uti.AppInfoParser] (main) Kafka startTimeMs: 1753928479737
2025-07-31 02:21:19,737 INFO  [io.api.tes.ser.api.SimpleSerdesTesterBuilder$SimpleSerdesTester] (main) Using producer configuration: {apicurio.registry.find-latest=true, apicurio.registry.url=http://registry-app-inmemory.apps.ci419.apicurio-testing.org:80/apis/registry/v3, apicurio.registry.artifact-resolver-strategy=io.apicurio.registry.serde.avro.strategy.RecordIdStrategy, value.serializer=io.apicurio.registry.serde.avro.AvroKafkaSerializer, request.timeout.ms=5000, acks=all, bootstrap.servers=PLAINTEXT://localhost:32770, connections.max.idle.ms=10000, key.serializer=org.apache.kafka.common.serialization.StringSerializer, client.id=Producer-topic-e5ae7b0a_6a7f_4456_92b9_c09a33ea11e4}
2025-07-31 02:21:19,737 INFO  [io.api.tes.ser.api.SimpleSerdesTesterBuilder$SimpleSerdesTester] (main) Using consumer configuration: {}
2025-07-31 02:21:19,739 INFO  [io.api.tes.ser.api.KafkaSerdesTester] (Thread-147) Sending message {"key11753928478695": "value-0"} to topic topic-e5ae7b0a_6a7f_4456_92b9_c09a33ea11e4
2025-07-31 02:21:19,746 INFO  [org.apa.kaf.cli.Metadata] (kafka-producer-network-thread | Producer-topic-e5ae7b0a_6a7f_4456_92b9_c09a33ea11e4) [Producer clientId=Producer-topic-e5ae7b0a_6a7f_4456_92b9_c09a33ea11e4] Cluster ID: mFm4H5CuSae4mNeWY74G7g
2025-07-31 02:21:19,748 INFO  [org.apa.kaf.cli.pro.int.TransactionManager] (kafka-producer-network-thread | Producer-topic-e5ae7b0a_6a7f_4456_92b9_c09a33ea11e4) [Producer clientId=Producer-topic-e5ae7b0a_6a7f_4456_92b9_c09a33ea11e4] ProducerId set to 5 with epoch 0
2025-07-31 02:21:19,804 INFO  [io.api.tes.ser.api.KafkaSerdesTester] (Thread-147) Sending message {"key11753928478695": "value-1"} to topic topic-e5ae7b0a_6a7f_4456_92b9_c09a33ea11e4
2025-07-31 02:21:19,806 INFO  [io.api.tes.ser.api.KafkaSerdesTester] (Thread-147) Sending message {"key11753928478695": "value-2"} to topic topic-e5ae7b0a_6a7f_4456_92b9_c09a33ea11e4
2025-07-31 02:21:19,811 INFO  [io.api.tes.ser.api.KafkaSerdesTester] (Thread-147) Sending message {"key11753928478695": "value-3"} to topic topic-e5ae7b0a_6a7f_4456_92b9_c09a33ea11e4
2025-07-31 02:21:19,813 INFO  [io.api.tes.ser.api.KafkaSerdesTester] (Thread-147) Sending message {"key11753928478695": "value-4"} to topic topic-e5ae7b0a_6a7f_4456_92b9_c09a33ea11e4
2025-07-31 02:21:19,816 INFO  [io.api.tes.ser.api.KafkaSerdesTester] (Thread-147) Sending message {"key11753928478695": "value-5"} to topic topic-e5ae7b0a_6a7f_4456_92b9_c09a33ea11e4
2025-07-31 02:21:19,818 INFO  [io.api.tes.ser.api.KafkaSerdesTester] (Thread-147) Sending message {"key11753928478695": "value-6"} to topic topic-e5ae7b0a_6a7f_4456_92b9_c09a33ea11e4
2025-07-31 02:21:19,820 INFO  [io.api.tes.ser.api.KafkaSerdesTester] (Thread-147) Sending message {"key11753928478695": "value-7"} to topic topic-e5ae7b0a_6a7f_4456_92b9_c09a33ea11e4
2025-07-31 02:21:19,822 INFO  [io.api.tes.ser.api.KafkaSerdesTester] (Thread-147) Sending message {"key11753928478695": "value-8"} to topic topic-e5ae7b0a_6a7f_4456_92b9_c09a33ea11e4
2025-07-31 02:21:19,824 INFO  [io.api.tes.ser.api.KafkaSerdesTester] (Thread-147) Sending message {"key11753928478695": "value-9"} to topic topic-e5ae7b0a_6a7f_4456_92b9_c09a33ea11e4
2025-07-31 02:21:19,826 INFO  [io.api.tes.ser.api.KafkaSerdesTester] (Thread-147) Produced 10 messages
2025-07-31 02:21:19,826 INFO  [org.apa.kaf.cli.pro.KafkaProducer] (Thread-147) [Producer clientId=Producer-topic-e5ae7b0a_6a7f_4456_92b9_c09a33ea11e4] Closing the Kafka producer with timeoutMillis = 9223372036854775807 ms.
2025-07-31 02:21:19,829 INFO  [org.apa.kaf.com.met.Metrics] (Thread-147) Metrics scheduler closed
2025-07-31 02:21:19,829 INFO  [org.apa.kaf.com.met.Metrics] (Thread-147) Closing reporter org.apache.kafka.common.metrics.JmxReporter
2025-07-31 02:21:19,829 INFO  [org.apa.kaf.com.met.Metrics] (Thread-147) Closing reporter org.apache.kafka.common.telemetry.internals.ClientTelemetryReporter
2025-07-31 02:21:19,829 INFO  [org.apa.kaf.com.met.Metrics] (Thread-147) Metrics reporters closed
2025-07-31 02:21:19,832 INFO  [org.apa.kaf.com.uti.AppInfoParser] (Thread-147) App info kafka.producer for Producer-topic-e5ae7b0a_6a7f_4456_92b9_c09a33ea11e4 unregistered
2025-07-31 02:21:19,833 INFO  [org.apa.kaf.cli.con.ConsumerConfig] (main) ConsumerConfig values: 
	allow.auto.create.topics = true
	auto.commit.interval.ms = 500
	auto.include.jmx.reporter = true
	auto.offset.reset = earliest
	bootstrap.servers = [PLAINTEXT://localhost:32770]
	check.crcs = true
	client.dns.lookup = use_all_dns_ips
	client.id = consumer-Consumer-topic-e5ae7b0a_6a7f_4456_92b9_c09a33ea11e4-5
	client.rack = 
	connections.max.idle.ms = 10000
	default.api.timeout.ms = 60000
	enable.auto.commit = true
	enable.metrics.push = true
	exclude.internal.topics = true
	fetch.max.bytes = 52428800
	fetch.max.wait.ms = 500
	fetch.min.bytes = 1
	group.id = Consumer-topic-e5ae7b0a_6a7f_4456_92b9_c09a33ea11e4
	group.instance.id = null
	group.protocol = classic
	group.remote.assignor = null
	heartbeat.interval.ms = 3000
	interceptor.classes = []
	internal.leave.group.on.close = true
	internal.throw.on.fetch.stable.offset.unsupported = false
	isolation.level = read_uncommitted
	key.deserializer = class org.apache.kafka.common.serialization.StringDeserializer
	max.partition.fetch.bytes = 1048576
	max.poll.interval.ms = 300000
	max.poll.records = 500
	metadata.max.age.ms = 300000
	metadata.recovery.strategy = none
	metric.reporters = []
	metrics.num.samples = 2
	metrics.recording.level = INFO
	metrics.sample.window.ms = 30000
	partition.assignment.strategy = [class org.apache.kafka.clients.consumer.RangeAssignor, class org.apache.kafka.clients.consumer.CooperativeStickyAssignor]
	receive.buffer.bytes = 65536
	reconnect.backoff.max.ms = 1000
	reconnect.backoff.ms = 50
	request.timeout.ms = 5000
	retry.backoff.max.ms = 1000
	retry.backoff.ms = 100
	sasl.client.callback.handler.class = null
	sasl.jaas.config = null
	sasl.kerberos.kinit.cmd = /usr/bin/kinit
	sasl.kerberos.min.time.before.relogin = 60000
	sasl.kerberos.service.name = null
	sasl.kerberos.ticket.renew.jitter = 0.05
	sasl.kerberos.ticket.renew.window.factor = 0.8
	sasl.login.callback.handler.class = null
	sasl.login.class = null
	sasl.login.connect.timeout.ms = null
	sasl.login.read.timeout.ms = null
	sasl.login.refresh.buffer.seconds = 300
	sasl.login.refresh.min.period.seconds = 60
	sasl.login.refresh.window.factor = 0.8
	sasl.login.refresh.window.jitter = 0.05
	sasl.login.retry.backoff.max.ms = 10000
	sasl.login.retry.backoff.ms = 100
	sasl.mechanism = GSSAPI
	sasl.oauthbearer.clock.skew.seconds = 30
	sasl.oauthbearer.expected.audience = null
	sasl.oauthbearer.expected.issuer = null
	sasl.oauthbearer.header.urlencode = false
	sasl.oauthbearer.jwks.endpoint.refresh.ms = 3600000
	sasl.oauthbearer.jwks.endpoint.retry.backoff.max.ms = 10000
	sasl.oauthbearer.jwks.endpoint.retry.backoff.ms = 100
	sasl.oauthbearer.jwks.endpoint.url = null
	sasl.oauthbearer.scope.claim.name = scope
	sasl.oauthbearer.sub.claim.name = sub
	sasl.oauthbearer.token.endpoint.url = null
	security.protocol = PLAINTEXT
	security.providers = null
	send.buffer.bytes = 131072
	session.timeout.ms = 45000
	socket.connection.setup.timeout.max.ms = 30000
	socket.connection.setup.timeout.ms = 10000
	ssl.cipher.suites = null
	ssl.enabled.protocols = [TLSv1.2, TLSv1.3]
	ssl.endpoint.identification.algorithm = https
	ssl.engine.factory.class = null
	ssl.key.password = null
	ssl.keymanager.algorithm = SunX509
	ssl.keystore.certificate.chain = null
	ssl.keystore.key = null
	ssl.keystore.location = null
	ssl.keystore.password = null
	ssl.keystore.type = JKS
	ssl.protocol = TLSv1.3
	ssl.provider = null
	ssl.secure.random.implementation = null
	ssl.trustmanager.algorithm = PKIX
	ssl.truststore.certificates = null
	ssl.truststore.location = null
	ssl.truststore.password = null
	ssl.truststore.type = JKS
	value.deserializer = class io.apicurio.registry.serde.avro.AvroKafkaDeserializer

2025-07-31 02:21:19,833 INFO  [org.apa.kaf.com.tel.int.KafkaMetricsCollector] (main) initializing Kafka metrics collector
2025-07-31 02:21:19,852 INFO  [org.apa.kaf.cli.con.ConsumerConfig] (main) These configurations '[apicurio.registry.url]' were supplied but are not used yet.
2025-07-31 02:21:19,852 INFO  [org.apa.kaf.com.uti.AppInfoParser] (main) Kafka version: 3.9.0
2025-07-31 02:21:19,852 INFO  [org.apa.kaf.com.uti.AppInfoParser] (main) Kafka commitId: 84caaa6e9da06435
2025-07-31 02:21:19,852 INFO  [org.apa.kaf.com.uti.AppInfoParser] (main) Kafka startTimeMs: 1753928479852
2025-07-31 02:21:19,854 INFO  [org.apa.kaf.cli.con.int.ClassicKafkaConsumer] (Thread-150) [Consumer clientId=consumer-Consumer-topic-e5ae7b0a_6a7f_4456_92b9_c09a33ea11e4-5, groupId=Consumer-topic-e5ae7b0a_6a7f_4456_92b9_c09a33ea11e4] Subscribed to topic(s): topic-e5ae7b0a_6a7f_4456_92b9_c09a33ea11e4
2025-07-31 02:21:19,864 INFO  [org.apa.kaf.cli.Metadata] (Thread-150) [Consumer clientId=consumer-Consumer-topic-e5ae7b0a_6a7f_4456_92b9_c09a33ea11e4-5, groupId=Consumer-topic-e5ae7b0a_6a7f_4456_92b9_c09a33ea11e4] Cluster ID: mFm4H5CuSae4mNeWY74G7g
2025-07-31 02:21:19,865 INFO  [org.apa.kaf.cli.con.int.ConsumerCoordinator] (Thread-150) [Consumer clientId=consumer-Consumer-topic-e5ae7b0a_6a7f_4456_92b9_c09a33ea11e4-5, groupId=Consumer-topic-e5ae7b0a_6a7f_4456_92b9_c09a33ea11e4] Discovered group coordinator localhost:32770 (id: 2147483647 rack: null)
2025-07-31 02:21:19,872 INFO  [org.apa.kaf.cli.con.int.ConsumerCoordinator] (Thread-150) [Consumer clientId=consumer-Consumer-topic-e5ae7b0a_6a7f_4456_92b9_c09a33ea11e4-5, groupId=Consumer-topic-e5ae7b0a_6a7f_4456_92b9_c09a33ea11e4] (Re-)joining group
2025-07-31 02:21:19,878 INFO  [org.apa.kaf.cli.con.int.ConsumerCoordinator] (Thread-150) [Consumer clientId=consumer-Consumer-topic-e5ae7b0a_6a7f_4456_92b9_c09a33ea11e4-5, groupId=Consumer-topic-e5ae7b0a_6a7f_4456_92b9_c09a33ea11e4] Request joining group due to: need to re-join with the given member-id: consumer-Consumer-topic-e5ae7b0a_6a7f_4456_92b9_c09a33ea11e4-5-06b0cf51-5f51-43ca-89b8-908a87c2d6f9
2025-07-31 02:21:19,878 INFO  [org.apa.kaf.cli.con.int.ConsumerCoordinator] (Thread-150) [Consumer clientId=consumer-Consumer-topic-e5ae7b0a_6a7f_4456_92b9_c09a33ea11e4-5, groupId=Consumer-topic-e5ae7b0a_6a7f_4456_92b9_c09a33ea11e4] (Re-)joining group
2025-07-31 02:21:19,881 INFO  [org.apa.kaf.cli.con.int.ConsumerCoordinator] (Thread-150) [Consumer clientId=consumer-Consumer-topic-e5ae7b0a_6a7f_4456_92b9_c09a33ea11e4-5, groupId=Consumer-topic-e5ae7b0a_6a7f_4456_92b9_c09a33ea11e4] Successfully joined group with generation Generation{generationId=1, memberId='consumer-Consumer-topic-e5ae7b0a_6a7f_4456_92b9_c09a33ea11e4-5-06b0cf51-5f51-43ca-89b8-908a87c2d6f9', protocol='range'}
2025-07-31 02:21:19,881 INFO  [org.apa.kaf.cli.con.int.ConsumerCoordinator] (Thread-150) [Consumer clientId=consumer-Consumer-topic-e5ae7b0a_6a7f_4456_92b9_c09a33ea11e4-5, groupId=Consumer-topic-e5ae7b0a_6a7f_4456_92b9_c09a33ea11e4] Finished assignment for group at generation 1: {consumer-Consumer-topic-e5ae7b0a_6a7f_4456_92b9_c09a33ea11e4-5-06b0cf51-5f51-43ca-89b8-908a87c2d6f9=Assignment(partitions=[topic-e5ae7b0a_6a7f_4456_92b9_c09a33ea11e4-0])}
2025-07-31 02:21:19,884 INFO  [org.apa.kaf.cli.con.int.ConsumerCoordinator] (Thread-150) [Consumer clientId=consumer-Consumer-topic-e5ae7b0a_6a7f_4456_92b9_c09a33ea11e4-5, groupId=Consumer-topic-e5ae7b0a_6a7f_4456_92b9_c09a33ea11e4] Successfully synced group in generation Generation{generationId=1, memberId='consumer-Consumer-topic-e5ae7b0a_6a7f_4456_92b9_c09a33ea11e4-5-06b0cf51-5f51-43ca-89b8-908a87c2d6f9', protocol='range'}
2025-07-31 02:21:19,884 INFO  [org.apa.kaf.cli.con.int.ConsumerCoordinator] (Thread-150) [Consumer clientId=consumer-Consumer-topic-e5ae7b0a_6a7f_4456_92b9_c09a33ea11e4-5, groupId=Consumer-topic-e5ae7b0a_6a7f_4456_92b9_c09a33ea11e4] Notifying assignor about the new Assignment(partitions=[topic-e5ae7b0a_6a7f_4456_92b9_c09a33ea11e4-0])
2025-07-31 02:21:19,884 INFO  [org.apa.kaf.cli.con.int.ConsumerRebalanceListenerInvoker] (Thread-150) [Consumer clientId=consumer-Consumer-topic-e5ae7b0a_6a7f_4456_92b9_c09a33ea11e4-5, groupId=Consumer-topic-e5ae7b0a_6a7f_4456_92b9_c09a33ea11e4] Adding newly assigned partitions: topic-e5ae7b0a_6a7f_4456_92b9_c09a33ea11e4-0
2025-07-31 02:21:19,885 INFO  [org.apa.kaf.cli.con.int.ConsumerCoordinator] (Thread-150) [Consumer clientId=consumer-Consumer-topic-e5ae7b0a_6a7f_4456_92b9_c09a33ea11e4-5, groupId=Consumer-topic-e5ae7b0a_6a7f_4456_92b9_c09a33ea11e4] Found no committed offset for partition topic-e5ae7b0a_6a7f_4456_92b9_c09a33ea11e4-0
2025-07-31 02:21:19,886 INFO  [org.apa.kaf.cli.con.int.SubscriptionState] (Thread-150) [Consumer clientId=consumer-Consumer-topic-e5ae7b0a_6a7f_4456_92b9_c09a33ea11e4-5, groupId=Consumer-topic-e5ae7b0a_6a7f_4456_92b9_c09a33ea11e4] Resetting offset for partition topic-e5ae7b0a_6a7f_4456_92b9_c09a33ea11e4-0 to position FetchPosition{offset=0, offsetEpoch=Optional.empty, currentLeader=LeaderAndEpoch{leader=Optional[localhost:32770 (id: 0 rack: null)], epoch=0}}.
2025-07-31 02:21:19,922 INFO  [io.api.tes.ser.api.KafkaSerdesTester] (Thread-150) topic-e5ae7b0a_6a7f_4456_92b9_c09a33ea11e4 0 0 {"key11753928478695": "value-0"}
2025-07-31 02:21:19,922 INFO  [io.api.tes.ser.api.KafkaSerdesTester] (Thread-150) topic-e5ae7b0a_6a7f_4456_92b9_c09a33ea11e4 0 1 {"key11753928478695": "value-1"}
2025-07-31 02:21:19,922 INFO  [io.api.tes.ser.api.KafkaSerdesTester] (Thread-150) topic-e5ae7b0a_6a7f_4456_92b9_c09a33ea11e4 0 2 {"key11753928478695": "value-2"}
2025-07-31 02:21:19,922 INFO  [io.api.tes.ser.api.KafkaSerdesTester] (Thread-150) topic-e5ae7b0a_6a7f_4456_92b9_c09a33ea11e4 0 3 {"key11753928478695": "value-3"}
2025-07-31 02:21:19,922 INFO  [io.api.tes.ser.api.KafkaSerdesTester] (Thread-150) topic-e5ae7b0a_6a7f_4456_92b9_c09a33ea11e4 0 4 {"key11753928478695": "value-4"}
2025-07-31 02:21:19,922 INFO  [io.api.tes.ser.api.KafkaSerdesTester] (Thread-150) topic-e5ae7b0a_6a7f_4456_92b9_c09a33ea11e4 0 5 {"key11753928478695": "value-5"}
2025-07-31 02:21:19,922 INFO  [io.api.tes.ser.api.KafkaSerdesTester] (Thread-150) topic-e5ae7b0a_6a7f_4456_92b9_c09a33ea11e4 0 6 {"key11753928478695": "value-6"}
2025-07-31 02:21:19,922 INFO  [io.api.tes.ser.api.KafkaSerdesTester] (Thread-150) topic-e5ae7b0a_6a7f_4456_92b9_c09a33ea11e4 0 7 {"key11753928478695": "value-7"}
2025-07-31 02:21:19,922 INFO  [io.api.tes.ser.api.KafkaSerdesTester] (Thread-150) topic-e5ae7b0a_6a7f_4456_92b9_c09a33ea11e4 0 8 {"key11753928478695": "value-8"}
2025-07-31 02:21:19,923 INFO  [io.api.tes.ser.api.KafkaSerdesTester] (Thread-150) topic-e5ae7b0a_6a7f_4456_92b9_c09a33ea11e4 0 9 {"key11753928478695": "value-9"}
2025-07-31 02:21:19,923 INFO  [io.api.tes.ser.api.KafkaSerdesTester] (Thread-150) Consumed 10 messages
2025-07-31 02:21:19,926 INFO  [org.apa.kaf.cli.con.int.ConsumerRebalanceListenerInvoker] (Thread-150) [Consumer clientId=consumer-Consumer-topic-e5ae7b0a_6a7f_4456_92b9_c09a33ea11e4-5, groupId=Consumer-topic-e5ae7b0a_6a7f_4456_92b9_c09a33ea11e4] Revoke previously assigned partitions topic-e5ae7b0a_6a7f_4456_92b9_c09a33ea11e4-0
2025-07-31 02:21:19,926 INFO  [org.apa.kaf.cli.con.int.ConsumerCoordinator] (Thread-150) [Consumer clientId=consumer-Consumer-topic-e5ae7b0a_6a7f_4456_92b9_c09a33ea11e4-5, groupId=Consumer-topic-e5ae7b0a_6a7f_4456_92b9_c09a33ea11e4] Member consumer-Consumer-topic-e5ae7b0a_6a7f_4456_92b9_c09a33ea11e4-5-06b0cf51-5f51-43ca-89b8-908a87c2d6f9 sending LeaveGroup request to coordinator localhost:32770 (id: 2147483647 rack: null) due to the consumer is being closed
2025-07-31 02:21:19,927 INFO  [org.apa.kaf.cli.con.int.ConsumerCoordinator] (Thread-150) [Consumer clientId=consumer-Consumer-topic-e5ae7b0a_6a7f_4456_92b9_c09a33ea11e4-5, groupId=Consumer-topic-e5ae7b0a_6a7f_4456_92b9_c09a33ea11e4] Resetting generation and member id due to: consumer pro-actively leaving the group
2025-07-31 02:21:19,927 INFO  [org.apa.kaf.cli.con.int.ConsumerCoordinator] (Thread-150) [Consumer clientId=consumer-Consumer-topic-e5ae7b0a_6a7f_4456_92b9_c09a33ea11e4-5, groupId=Consumer-topic-e5ae7b0a_6a7f_4456_92b9_c09a33ea11e4] Request joining group due to: consumer pro-actively leaving the group
2025-07-31 02:21:20,425 INFO  [org.apa.kaf.com.met.Metrics] (Thread-150) Metrics scheduler closed
2025-07-31 02:21:20,425 INFO  [org.apa.kaf.com.met.Metrics] (Thread-150) Closing reporter org.apache.kafka.common.metrics.JmxReporter
2025-07-31 02:21:20,425 INFO  [org.apa.kaf.com.met.Metrics] (Thread-150) Closing reporter org.apache.kafka.common.telemetry.internals.ClientTelemetryReporter
2025-07-31 02:21:20,425 INFO  [org.apa.kaf.com.met.Metrics] (Thread-150) Metrics reporters closed
2025-07-31 02:21:20,430 INFO  [org.apa.kaf.com.uti.AppInfoParser] (Thread-150) App info kafka.consumer for consumer-Consumer-topic-e5ae7b0a_6a7f_4456_92b9_c09a33ea11e4-5 unregistered
2025-07-31 02:21:20,431 INFO  [io.api.tes.uti.TestSeparator] (main) io.apicurio.tests.serdes.apicurio.AvroSerdeIT.testRecordIdStrategydFindLatest-FINISHED
2025-07-31 02:21:20,431 INFO  [io.api.tes.uti.TestSeparator] (main) ############################################################################
]]></system-out>
  </testcase>
  <testcase name="testReflectAutoRegister" classname="io.apicurio.tests.serdes.apicurio.AvroSerdeIT" time="0.896">
    <system-out><![CDATA[2025-07-31 02:21:20,435 INFO  [io.api.tes.uti.TestSeparator] (main) ############################################################################
2025-07-31 02:21:20,435 INFO  [io.api.tes.uti.TestSeparator] (main) io.apicurio.tests.serdes.apicurio.AvroSerdeIT.testReflectAutoRegister-STARTED
2025-07-31 02:21:20,440 INFO  [org.apa.kaf.cli.pro.ProducerConfig] (main) ProducerConfig values: 
	acks = -1
	auto.include.jmx.reporter = true
	batch.size = 16384
	bootstrap.servers = [PLAINTEXT://localhost:32770]
	buffer.memory = 33554432
	client.dns.lookup = use_all_dns_ips
	client.id = Producer-topic-9ddb95aa_b25d_4601_bbcd_c53a34df3579
	compression.gzip.level = -1
	compression.lz4.level = 9
	compression.type = none
	compression.zstd.level = 3
	connections.max.idle.ms = 10000
	delivery.timeout.ms = 120000
	enable.idempotence = true
	enable.metrics.push = true
	interceptor.classes = []
	key.serializer = class org.apache.kafka.common.serialization.StringSerializer
	linger.ms = 0
	max.block.ms = 60000
	max.in.flight.requests.per.connection = 5
	max.request.size = 1048576
	metadata.max.age.ms = 300000
	metadata.max.idle.ms = 300000
	metadata.recovery.strategy = none
	metric.reporters = []
	metrics.num.samples = 2
	metrics.recording.level = INFO
	metrics.sample.window.ms = 30000
	partitioner.adaptive.partitioning.enable = true
	partitioner.availability.timeout.ms = 0
	partitioner.class = null
	partitioner.ignore.keys = false
	receive.buffer.bytes = 32768
	reconnect.backoff.max.ms = 1000
	reconnect.backoff.ms = 50
	request.timeout.ms = 5000
	retries = 2147483647
	retry.backoff.max.ms = 1000
	retry.backoff.ms = 100
	sasl.client.callback.handler.class = null
	sasl.jaas.config = null
	sasl.kerberos.kinit.cmd = /usr/bin/kinit
	sasl.kerberos.min.time.before.relogin = 60000
	sasl.kerberos.service.name = null
	sasl.kerberos.ticket.renew.jitter = 0.05
	sasl.kerberos.ticket.renew.window.factor = 0.8
	sasl.login.callback.handler.class = null
	sasl.login.class = null
	sasl.login.connect.timeout.ms = null
	sasl.login.read.timeout.ms = null
	sasl.login.refresh.buffer.seconds = 300
	sasl.login.refresh.min.period.seconds = 60
	sasl.login.refresh.window.factor = 0.8
	sasl.login.refresh.window.jitter = 0.05
	sasl.login.retry.backoff.max.ms = 10000
	sasl.login.retry.backoff.ms = 100
	sasl.mechanism = GSSAPI
	sasl.oauthbearer.clock.skew.seconds = 30
	sasl.oauthbearer.expected.audience = null
	sasl.oauthbearer.expected.issuer = null
	sasl.oauthbearer.header.urlencode = false
	sasl.oauthbearer.jwks.endpoint.refresh.ms = 3600000
	sasl.oauthbearer.jwks.endpoint.retry.backoff.max.ms = 10000
	sasl.oauthbearer.jwks.endpoint.retry.backoff.ms = 100
	sasl.oauthbearer.jwks.endpoint.url = null
	sasl.oauthbearer.scope.claim.name = scope
	sasl.oauthbearer.sub.claim.name = sub
	sasl.oauthbearer.token.endpoint.url = null
	security.protocol = PLAINTEXT
	security.providers = null
	send.buffer.bytes = 131072
	socket.connection.setup.timeout.max.ms = 30000
	socket.connection.setup.timeout.ms = 10000
	ssl.cipher.suites = null
	ssl.enabled.protocols = [TLSv1.2, TLSv1.3]
	ssl.endpoint.identification.algorithm = https
	ssl.engine.factory.class = null
	ssl.key.password = null
	ssl.keymanager.algorithm = SunX509
	ssl.keystore.certificate.chain = null
	ssl.keystore.key = null
	ssl.keystore.location = null
	ssl.keystore.password = null
	ssl.keystore.type = JKS
	ssl.protocol = TLSv1.3
	ssl.provider = null
	ssl.secure.random.implementation = null
	ssl.trustmanager.algorithm = PKIX
	ssl.truststore.certificates = null
	ssl.truststore.location = null
	ssl.truststore.password = null
	ssl.truststore.type = JKS
	transaction.timeout.ms = 60000
	transactional.id = null
	value.serializer = class io.apicurio.registry.serde.avro.AvroKafkaSerializer

2025-07-31 02:21:20,440 INFO  [org.apa.kaf.com.tel.int.KafkaMetricsCollector] (main) initializing Kafka metrics collector
2025-07-31 02:21:20,467 INFO  [org.apa.kaf.cli.pro.KafkaProducer] (main) [Producer clientId=Producer-topic-9ddb95aa_b25d_4601_bbcd_c53a34df3579] Instantiated an idempotent producer.
2025-07-31 02:21:20,473 INFO  [org.apa.kaf.cli.pro.ProducerConfig] (main) These configurations '[apicurio.registry.url, apicurio.registry.auto-register, apicurio.registry.artifact-resolver-strategy, apicurio.registry.avro-datum-provider]' were supplied but are not used yet.
2025-07-31 02:21:20,473 INFO  [org.apa.kaf.com.uti.AppInfoParser] (main) Kafka version: 3.9.0
2025-07-31 02:21:20,473 INFO  [org.apa.kaf.com.uti.AppInfoParser] (main) Kafka commitId: 84caaa6e9da06435
2025-07-31 02:21:20,473 INFO  [org.apa.kaf.com.uti.AppInfoParser] (main) Kafka startTimeMs: 1753928480473
2025-07-31 02:21:20,473 INFO  [io.api.tes.ser.api.SimpleSerdesTesterBuilder$SimpleSerdesTester] (main) Using producer configuration: {apicurio.registry.url=http://registry-app-inmemory.apps.ci419.apicurio-testing.org:80/apis/registry/v3, apicurio.registry.auto-register=true, apicurio.registry.artifact-resolver-strategy=io.apicurio.registry.serde.strategy.TopicIdStrategy, value.serializer=io.apicurio.registry.serde.avro.AvroKafkaSerializer, request.timeout.ms=5000, acks=all, bootstrap.servers=PLAINTEXT://localhost:32770, connections.max.idle.ms=10000, key.serializer=org.apache.kafka.common.serialization.StringSerializer, apicurio.registry.avro-datum-provider=io.apicurio.registry.serde.avro.ReflectAvroDatumProvider, client.id=Producer-topic-9ddb95aa_b25d_4601_bbcd_c53a34df3579}
2025-07-31 02:21:20,473 INFO  [io.api.tes.ser.api.SimpleSerdesTesterBuilder$SimpleSerdesTester] (main) Using consumer configuration: {apicurio.registry.avro-datum-provider=io.apicurio.registry.serde.avro.ReflectAvroDatumProvider}
2025-07-31 02:21:20,475 INFO  [io.api.tes.ser.api.KafkaSerdesTester] (Thread-153) Sending message io.apicurio.tests.common.serdes.TestObject@3dbd29cb to topic topic-9ddb95aa_b25d_4601_bbcd_c53a34df3579
2025-07-31 02:21:20,484 WARN  [org.apa.kaf.cli.NetworkClient] (kafka-producer-network-thread | Producer-topic-9ddb95aa_b25d_4601_bbcd_c53a34df3579) [Producer clientId=Producer-topic-9ddb95aa_b25d_4601_bbcd_c53a34df3579] The metadata response from the cluster reported a recoverable issue with correlation id 2 : {topic-9ddb95aa_b25d_4601_bbcd_c53a34df3579=LEADER_NOT_AVAILABLE}
2025-07-31 02:21:20,484 INFO  [org.apa.kaf.cli.Metadata] (kafka-producer-network-thread | Producer-topic-9ddb95aa_b25d_4601_bbcd_c53a34df3579) [Producer clientId=Producer-topic-9ddb95aa_b25d_4601_bbcd_c53a34df3579] Cluster ID: mFm4H5CuSae4mNeWY74G7g
2025-07-31 02:21:20,487 INFO  [org.apa.kaf.cli.pro.int.TransactionManager] (kafka-producer-network-thread | Producer-topic-9ddb95aa_b25d_4601_bbcd_c53a34df3579) [Producer clientId=Producer-topic-9ddb95aa_b25d_4601_bbcd_c53a34df3579] ProducerId set to 6 with epoch 0
2025-07-31 02:21:20,652 INFO  [io.api.tes.ser.api.KafkaSerdesTester] (Thread-153) Sending message io.apicurio.tests.common.serdes.TestObject@3dbd29cb to topic topic-9ddb95aa_b25d_4601_bbcd_c53a34df3579
2025-07-31 02:21:20,655 INFO  [io.api.tes.ser.api.KafkaSerdesTester] (Thread-153) Sending message io.apicurio.tests.common.serdes.TestObject@3dbd29cb to topic topic-9ddb95aa_b25d_4601_bbcd_c53a34df3579
2025-07-31 02:21:20,657 INFO  [io.api.tes.ser.api.KafkaSerdesTester] (Thread-153) Sending message io.apicurio.tests.common.serdes.TestObject@3dbd29cb to topic topic-9ddb95aa_b25d_4601_bbcd_c53a34df3579
2025-07-31 02:21:20,660 INFO  [io.api.tes.ser.api.KafkaSerdesTester] (Thread-153) Sending message io.apicurio.tests.common.serdes.TestObject@3dbd29cb to topic topic-9ddb95aa_b25d_4601_bbcd_c53a34df3579
2025-07-31 02:21:20,662 INFO  [io.api.tes.ser.api.KafkaSerdesTester] (Thread-153) Sending message io.apicurio.tests.common.serdes.TestObject@3dbd29cb to topic topic-9ddb95aa_b25d_4601_bbcd_c53a34df3579
2025-07-31 02:21:20,664 INFO  [io.api.tes.ser.api.KafkaSerdesTester] (Thread-153) Sending message io.apicurio.tests.common.serdes.TestObject@3dbd29cb to topic topic-9ddb95aa_b25d_4601_bbcd_c53a34df3579
2025-07-31 02:21:20,668 INFO  [io.api.tes.ser.api.KafkaSerdesTester] (Thread-153) Sending message io.apicurio.tests.common.serdes.TestObject@3dbd29cb to topic topic-9ddb95aa_b25d_4601_bbcd_c53a34df3579
2025-07-31 02:21:20,670 INFO  [io.api.tes.ser.api.KafkaSerdesTester] (Thread-153) Sending message io.apicurio.tests.common.serdes.TestObject@3dbd29cb to topic topic-9ddb95aa_b25d_4601_bbcd_c53a34df3579
2025-07-31 02:21:20,673 INFO  [io.api.tes.ser.api.KafkaSerdesTester] (Thread-153) Sending message io.apicurio.tests.common.serdes.TestObject@3dbd29cb to topic topic-9ddb95aa_b25d_4601_bbcd_c53a34df3579
2025-07-31 02:21:20,675 INFO  [io.api.tes.ser.api.KafkaSerdesTester] (Thread-153) Produced 10 messages
2025-07-31 02:21:20,675 INFO  [org.apa.kaf.cli.pro.KafkaProducer] (Thread-153) [Producer clientId=Producer-topic-9ddb95aa_b25d_4601_bbcd_c53a34df3579] Closing the Kafka producer with timeoutMillis = 9223372036854775807 ms.
2025-07-31 02:21:20,679 INFO  [org.apa.kaf.com.met.Metrics] (Thread-153) Metrics scheduler closed
2025-07-31 02:21:20,679 INFO  [org.apa.kaf.com.met.Metrics] (Thread-153) Closing reporter org.apache.kafka.common.metrics.JmxReporter
2025-07-31 02:21:20,680 INFO  [org.apa.kaf.com.met.Metrics] (Thread-153) Closing reporter org.apache.kafka.common.telemetry.internals.ClientTelemetryReporter
2025-07-31 02:21:20,680 INFO  [org.apa.kaf.com.met.Metrics] (Thread-153) Metrics reporters closed
2025-07-31 02:21:20,681 INFO  [org.apa.kaf.com.uti.AppInfoParser] (Thread-153) App info kafka.producer for Producer-topic-9ddb95aa_b25d_4601_bbcd_c53a34df3579 unregistered
2025-07-31 02:21:20,708 INFO  [org.apa.kaf.cli.con.ConsumerConfig] (main) ConsumerConfig values: 
	allow.auto.create.topics = true
	auto.commit.interval.ms = 500
	auto.include.jmx.reporter = true
	auto.offset.reset = earliest
	bootstrap.servers = [PLAINTEXT://localhost:32770]
	check.crcs = true
	client.dns.lookup = use_all_dns_ips
	client.id = consumer-Consumer-topic-9ddb95aa_b25d_4601_bbcd_c53a34df3579-6
	client.rack = 
	connections.max.idle.ms = 10000
	default.api.timeout.ms = 60000
	enable.auto.commit = true
	enable.metrics.push = true
	exclude.internal.topics = true
	fetch.max.bytes = 52428800
	fetch.max.wait.ms = 500
	fetch.min.bytes = 1
	group.id = Consumer-topic-9ddb95aa_b25d_4601_bbcd_c53a34df3579
	group.instance.id = null
	group.protocol = classic
	group.remote.assignor = null
	heartbeat.interval.ms = 3000
	interceptor.classes = []
	internal.leave.group.on.close = true
	internal.throw.on.fetch.stable.offset.unsupported = false
	isolation.level = read_uncommitted
	key.deserializer = class org.apache.kafka.common.serialization.StringDeserializer
	max.partition.fetch.bytes = 1048576
	max.poll.interval.ms = 300000
	max.poll.records = 500
	metadata.max.age.ms = 300000
	metadata.recovery.strategy = none
	metric.reporters = []
	metrics.num.samples = 2
	metrics.recording.level = INFO
	metrics.sample.window.ms = 30000
	partition.assignment.strategy = [class org.apache.kafka.clients.consumer.RangeAssignor, class org.apache.kafka.clients.consumer.CooperativeStickyAssignor]
	receive.buffer.bytes = 65536
	reconnect.backoff.max.ms = 1000
	reconnect.backoff.ms = 50
	request.timeout.ms = 5000
	retry.backoff.max.ms = 1000
	retry.backoff.ms = 100
	sasl.client.callback.handler.class = null
	sasl.jaas.config = null
	sasl.kerberos.kinit.cmd = /usr/bin/kinit
	sasl.kerberos.min.time.before.relogin = 60000
	sasl.kerberos.service.name = null
	sasl.kerberos.ticket.renew.jitter = 0.05
	sasl.kerberos.ticket.renew.window.factor = 0.8
	sasl.login.callback.handler.class = null
	sasl.login.class = null
	sasl.login.connect.timeout.ms = null
	sasl.login.read.timeout.ms = null
	sasl.login.refresh.buffer.seconds = 300
	sasl.login.refresh.min.period.seconds = 60
	sasl.login.refresh.window.factor = 0.8
	sasl.login.refresh.window.jitter = 0.05
	sasl.login.retry.backoff.max.ms = 10000
	sasl.login.retry.backoff.ms = 100
	sasl.mechanism = GSSAPI
	sasl.oauthbearer.clock.skew.seconds = 30
	sasl.oauthbearer.expected.audience = null
	sasl.oauthbearer.expected.issuer = null
	sasl.oauthbearer.header.urlencode = false
	sasl.oauthbearer.jwks.endpoint.refresh.ms = 3600000
	sasl.oauthbearer.jwks.endpoint.retry.backoff.max.ms = 10000
	sasl.oauthbearer.jwks.endpoint.retry.backoff.ms = 100
	sasl.oauthbearer.jwks.endpoint.url = null
	sasl.oauthbearer.scope.claim.name = scope
	sasl.oauthbearer.sub.claim.name = sub
	sasl.oauthbearer.token.endpoint.url = null
	security.protocol = PLAINTEXT
	security.providers = null
	send.buffer.bytes = 131072
	session.timeout.ms = 45000
	socket.connection.setup.timeout.max.ms = 30000
	socket.connection.setup.timeout.ms = 10000
	ssl.cipher.suites = null
	ssl.enabled.protocols = [TLSv1.2, TLSv1.3]
	ssl.endpoint.identification.algorithm = https
	ssl.engine.factory.class = null
	ssl.key.password = null
	ssl.keymanager.algorithm = SunX509
	ssl.keystore.certificate.chain = null
	ssl.keystore.key = null
	ssl.keystore.location = null
	ssl.keystore.password = null
	ssl.keystore.type = JKS
	ssl.protocol = TLSv1.3
	ssl.provider = null
	ssl.secure.random.implementation = null
	ssl.trustmanager.algorithm = PKIX
	ssl.truststore.certificates = null
	ssl.truststore.location = null
	ssl.truststore.password = null
	ssl.truststore.type = JKS
	value.deserializer = class io.apicurio.registry.serde.avro.AvroKafkaDeserializer

2025-07-31 02:21:20,708 INFO  [org.apa.kaf.com.tel.int.KafkaMetricsCollector] (main) initializing Kafka metrics collector
2025-07-31 02:21:20,715 INFO  [org.apa.kaf.cli.con.ConsumerConfig] (main) These configurations '[apicurio.registry.url, apicurio.registry.avro-datum-provider]' were supplied but are not used yet.
2025-07-31 02:21:20,715 INFO  [org.apa.kaf.com.uti.AppInfoParser] (main) Kafka version: 3.9.0
2025-07-31 02:21:20,715 INFO  [org.apa.kaf.com.uti.AppInfoParser] (main) Kafka commitId: 84caaa6e9da06435
2025-07-31 02:21:20,715 INFO  [org.apa.kaf.com.uti.AppInfoParser] (main) Kafka startTimeMs: 1753928480715
2025-07-31 02:21:20,716 INFO  [org.apa.kaf.cli.con.int.ClassicKafkaConsumer] (Thread-156) [Consumer clientId=consumer-Consumer-topic-9ddb95aa_b25d_4601_bbcd_c53a34df3579-6, groupId=Consumer-topic-9ddb95aa_b25d_4601_bbcd_c53a34df3579] Subscribed to topic(s): topic-9ddb95aa_b25d_4601_bbcd_c53a34df3579
2025-07-31 02:21:20,724 INFO  [org.apa.kaf.cli.Metadata] (Thread-156) [Consumer clientId=consumer-Consumer-topic-9ddb95aa_b25d_4601_bbcd_c53a34df3579-6, groupId=Consumer-topic-9ddb95aa_b25d_4601_bbcd_c53a34df3579] Cluster ID: mFm4H5CuSae4mNeWY74G7g
2025-07-31 02:21:20,726 INFO  [org.apa.kaf.cli.con.int.ConsumerCoordinator] (Thread-156) [Consumer clientId=consumer-Consumer-topic-9ddb95aa_b25d_4601_bbcd_c53a34df3579-6, groupId=Consumer-topic-9ddb95aa_b25d_4601_bbcd_c53a34df3579] Discovered group coordinator localhost:32770 (id: 2147483647 rack: null)
2025-07-31 02:21:20,727 INFO  [org.apa.kaf.cli.con.int.ConsumerCoordinator] (Thread-156) [Consumer clientId=consumer-Consumer-topic-9ddb95aa_b25d_4601_bbcd_c53a34df3579-6, groupId=Consumer-topic-9ddb95aa_b25d_4601_bbcd_c53a34df3579] (Re-)joining group
2025-07-31 02:21:20,738 INFO  [org.apa.kaf.cli.con.int.ConsumerCoordinator] (Thread-156) [Consumer clientId=consumer-Consumer-topic-9ddb95aa_b25d_4601_bbcd_c53a34df3579-6, groupId=Consumer-topic-9ddb95aa_b25d_4601_bbcd_c53a34df3579] Request joining group due to: need to re-join with the given member-id: consumer-Consumer-topic-9ddb95aa_b25d_4601_bbcd_c53a34df3579-6-ee9f1ca1-4f59-4250-9850-50a04c29acb5
2025-07-31 02:21:20,738 INFO  [org.apa.kaf.cli.con.int.ConsumerCoordinator] (Thread-156) [Consumer clientId=consumer-Consumer-topic-9ddb95aa_b25d_4601_bbcd_c53a34df3579-6, groupId=Consumer-topic-9ddb95aa_b25d_4601_bbcd_c53a34df3579] (Re-)joining group
2025-07-31 02:21:20,746 INFO  [org.apa.kaf.cli.con.int.ConsumerCoordinator] (Thread-156) [Consumer clientId=consumer-Consumer-topic-9ddb95aa_b25d_4601_bbcd_c53a34df3579-6, groupId=Consumer-topic-9ddb95aa_b25d_4601_bbcd_c53a34df3579] Successfully joined group with generation Generation{generationId=1, memberId='consumer-Consumer-topic-9ddb95aa_b25d_4601_bbcd_c53a34df3579-6-ee9f1ca1-4f59-4250-9850-50a04c29acb5', protocol='range'}
2025-07-31 02:21:20,747 INFO  [org.apa.kaf.cli.con.int.ConsumerCoordinator] (Thread-156) [Consumer clientId=consumer-Consumer-topic-9ddb95aa_b25d_4601_bbcd_c53a34df3579-6, groupId=Consumer-topic-9ddb95aa_b25d_4601_bbcd_c53a34df3579] Finished assignment for group at generation 1: {consumer-Consumer-topic-9ddb95aa_b25d_4601_bbcd_c53a34df3579-6-ee9f1ca1-4f59-4250-9850-50a04c29acb5=Assignment(partitions=[topic-9ddb95aa_b25d_4601_bbcd_c53a34df3579-0])}
2025-07-31 02:21:20,761 INFO  [org.apa.kaf.cli.con.int.ConsumerCoordinator] (Thread-156) [Consumer clientId=consumer-Consumer-topic-9ddb95aa_b25d_4601_bbcd_c53a34df3579-6, groupId=Consumer-topic-9ddb95aa_b25d_4601_bbcd_c53a34df3579] Successfully synced group in generation Generation{generationId=1, memberId='consumer-Consumer-topic-9ddb95aa_b25d_4601_bbcd_c53a34df3579-6-ee9f1ca1-4f59-4250-9850-50a04c29acb5', protocol='range'}
2025-07-31 02:21:20,761 INFO  [org.apa.kaf.cli.con.int.ConsumerCoordinator] (Thread-156) [Consumer clientId=consumer-Consumer-topic-9ddb95aa_b25d_4601_bbcd_c53a34df3579-6, groupId=Consumer-topic-9ddb95aa_b25d_4601_bbcd_c53a34df3579] Notifying assignor about the new Assignment(partitions=[topic-9ddb95aa_b25d_4601_bbcd_c53a34df3579-0])
2025-07-31 02:21:20,761 INFO  [org.apa.kaf.cli.con.int.ConsumerRebalanceListenerInvoker] (Thread-156) [Consumer clientId=consumer-Consumer-topic-9ddb95aa_b25d_4601_bbcd_c53a34df3579-6, groupId=Consumer-topic-9ddb95aa_b25d_4601_bbcd_c53a34df3579] Adding newly assigned partitions: topic-9ddb95aa_b25d_4601_bbcd_c53a34df3579-0
2025-07-31 02:21:20,767 INFO  [org.apa.kaf.cli.con.int.ConsumerCoordinator] (Thread-156) [Consumer clientId=consumer-Consumer-topic-9ddb95aa_b25d_4601_bbcd_c53a34df3579-6, groupId=Consumer-topic-9ddb95aa_b25d_4601_bbcd_c53a34df3579] Found no committed offset for partition topic-9ddb95aa_b25d_4601_bbcd_c53a34df3579-0
2025-07-31 02:21:20,770 INFO  [org.apa.kaf.cli.con.int.SubscriptionState] (Thread-156) [Consumer clientId=consumer-Consumer-topic-9ddb95aa_b25d_4601_bbcd_c53a34df3579-6, groupId=Consumer-topic-9ddb95aa_b25d_4601_bbcd_c53a34df3579] Resetting offset for partition topic-9ddb95aa_b25d_4601_bbcd_c53a34df3579-0 to position FetchPosition{offset=0, offsetEpoch=Optional.empty, currentLeader=LeaderAndEpoch{leader=Optional[localhost:32770 (id: 0 rack: null)], epoch=0}}.
2025-07-31 02:21:20,820 INFO  [io.api.tes.ser.api.KafkaSerdesTester] (Thread-156) topic-9ddb95aa_b25d_4601_bbcd_c53a34df3579 0 0 io.apicurio.tests.common.serdes.TestObject@3dbd29cb
2025-07-31 02:21:20,820 INFO  [io.api.tes.ser.api.KafkaSerdesTester] (Thread-156) topic-9ddb95aa_b25d_4601_bbcd_c53a34df3579 0 1 io.apicurio.tests.common.serdes.TestObject@3dbd29cb
2025-07-31 02:21:20,820 INFO  [io.api.tes.ser.api.KafkaSerdesTester] (Thread-156) topic-9ddb95aa_b25d_4601_bbcd_c53a34df3579 0 2 io.apicurio.tests.common.serdes.TestObject@3dbd29cb
2025-07-31 02:21:20,820 INFO  [io.api.tes.ser.api.KafkaSerdesTester] (Thread-156) topic-9ddb95aa_b25d_4601_bbcd_c53a34df3579 0 3 io.apicurio.tests.common.serdes.TestObject@3dbd29cb
2025-07-31 02:21:20,820 INFO  [io.api.tes.ser.api.KafkaSerdesTester] (Thread-156) topic-9ddb95aa_b25d_4601_bbcd_c53a34df3579 0 4 io.apicurio.tests.common.serdes.TestObject@3dbd29cb
2025-07-31 02:21:20,820 INFO  [io.api.tes.ser.api.KafkaSerdesTester] (Thread-156) topic-9ddb95aa_b25d_4601_bbcd_c53a34df3579 0 5 io.apicurio.tests.common.serdes.TestObject@3dbd29cb
2025-07-31 02:21:20,820 INFO  [io.api.tes.ser.api.KafkaSerdesTester] (Thread-156) topic-9ddb95aa_b25d_4601_bbcd_c53a34df3579 0 6 io.apicurio.tests.common.serdes.TestObject@3dbd29cb
2025-07-31 02:21:20,820 INFO  [io.api.tes.ser.api.KafkaSerdesTester] (Thread-156) topic-9ddb95aa_b25d_4601_bbcd_c53a34df3579 0 7 io.apicurio.tests.common.serdes.TestObject@3dbd29cb
2025-07-31 02:21:20,820 INFO  [io.api.tes.ser.api.KafkaSerdesTester] (Thread-156) topic-9ddb95aa_b25d_4601_bbcd_c53a34df3579 0 8 io.apicurio.tests.common.serdes.TestObject@3dbd29cb
2025-07-31 02:21:20,820 INFO  [io.api.tes.ser.api.KafkaSerdesTester] (Thread-156) topic-9ddb95aa_b25d_4601_bbcd_c53a34df3579 0 9 io.apicurio.tests.common.serdes.TestObject@3dbd29cb
2025-07-31 02:21:20,820 INFO  [io.api.tes.ser.api.KafkaSerdesTester] (Thread-156) Consumed 10 messages
2025-07-31 02:21:20,826 INFO  [org.apa.kaf.cli.con.int.ConsumerRebalanceListenerInvoker] (Thread-156) [Consumer clientId=consumer-Consumer-topic-9ddb95aa_b25d_4601_bbcd_c53a34df3579-6, groupId=Consumer-topic-9ddb95aa_b25d_4601_bbcd_c53a34df3579] Revoke previously assigned partitions topic-9ddb95aa_b25d_4601_bbcd_c53a34df3579-0
2025-07-31 02:21:20,827 INFO  [org.apa.kaf.cli.con.int.ConsumerCoordinator] (Thread-156) [Consumer clientId=consumer-Consumer-topic-9ddb95aa_b25d_4601_bbcd_c53a34df3579-6, groupId=Consumer-topic-9ddb95aa_b25d_4601_bbcd_c53a34df3579] Member consumer-Consumer-topic-9ddb95aa_b25d_4601_bbcd_c53a34df3579-6-ee9f1ca1-4f59-4250-9850-50a04c29acb5 sending LeaveGroup request to coordinator localhost:32770 (id: 2147483647 rack: null) due to the consumer is being closed
2025-07-31 02:21:20,829 INFO  [org.apa.kaf.cli.con.int.ConsumerCoordinator] (Thread-156) [Consumer clientId=consumer-Consumer-topic-9ddb95aa_b25d_4601_bbcd_c53a34df3579-6, groupId=Consumer-topic-9ddb95aa_b25d_4601_bbcd_c53a34df3579] Resetting generation and member id due to: consumer pro-actively leaving the group
2025-07-31 02:21:20,829 INFO  [org.apa.kaf.cli.con.int.ConsumerCoordinator] (Thread-156) [Consumer clientId=consumer-Consumer-topic-9ddb95aa_b25d_4601_bbcd_c53a34df3579-6, groupId=Consumer-topic-9ddb95aa_b25d_4601_bbcd_c53a34df3579] Request joining group due to: consumer pro-actively leaving the group
2025-07-31 02:21:21,324 INFO  [org.apa.kaf.com.met.Metrics] (Thread-156) Metrics scheduler closed
2025-07-31 02:21:21,324 INFO  [org.apa.kaf.com.met.Metrics] (Thread-156) Closing reporter org.apache.kafka.common.metrics.JmxReporter
2025-07-31 02:21:21,324 INFO  [org.apa.kaf.com.met.Metrics] (Thread-156) Closing reporter org.apache.kafka.common.telemetry.internals.ClientTelemetryReporter
2025-07-31 02:21:21,324 INFO  [org.apa.kaf.com.met.Metrics] (Thread-156) Metrics reporters closed
2025-07-31 02:21:21,327 INFO  [org.apa.kaf.com.uti.AppInfoParser] (Thread-156) App info kafka.consumer for consumer-Consumer-topic-9ddb95aa_b25d_4601_bbcd_c53a34df3579-6 unregistered
2025-07-31 02:21:21,327 INFO  [io.api.tes.uti.TestSeparator] (main) io.apicurio.tests.serdes.apicurio.AvroSerdeIT.testReflectAutoRegister-FINISHED
2025-07-31 02:21:21,327 INFO  [io.api.tes.uti.TestSeparator] (main) ############################################################################
]]></system-out>
  </testcase>
  <testcase name="testArtifactNotFound" classname="io.apicurio.tests.serdes.apicurio.AvroSerdeIT" time="0.223">
    <system-out><![CDATA[2025-07-31 02:21:21,332 INFO  [io.api.tes.uti.TestSeparator] (main) ############################################################################
2025-07-31 02:21:21,332 INFO  [io.api.tes.uti.TestSeparator] (main) io.apicurio.tests.serdes.apicurio.AvroSerdeIT.testArtifactNotFound-STARTED
2025-07-31 02:21:21,333 INFO  [org.apa.kaf.cli.pro.ProducerConfig] (main) ProducerConfig values: 
	acks = -1
	auto.include.jmx.reporter = true
	batch.size = 16384
	bootstrap.servers = [PLAINTEXT://localhost:32770]
	buffer.memory = 33554432
	client.dns.lookup = use_all_dns_ips
	client.id = Producer-s7d68ce3bxccfax4621xaadcx8570f379f12a
	compression.gzip.level = -1
	compression.lz4.level = 9
	compression.type = none
	compression.zstd.level = 3
	connections.max.idle.ms = 10000
	delivery.timeout.ms = 120000
	enable.idempotence = true
	enable.metrics.push = true
	interceptor.classes = []
	key.serializer = class org.apache.kafka.common.serialization.StringSerializer
	linger.ms = 0
	max.block.ms = 60000
	max.in.flight.requests.per.connection = 5
	max.request.size = 1048576
	metadata.max.age.ms = 300000
	metadata.max.idle.ms = 300000
	metadata.recovery.strategy = none
	metric.reporters = []
	metrics.num.samples = 2
	metrics.recording.level = INFO
	metrics.sample.window.ms = 30000
	partitioner.adaptive.partitioning.enable = true
	partitioner.availability.timeout.ms = 0
	partitioner.class = null
	partitioner.ignore.keys = false
	receive.buffer.bytes = 32768
	reconnect.backoff.max.ms = 1000
	reconnect.backoff.ms = 50
	request.timeout.ms = 5000
	retries = 2147483647
	retry.backoff.max.ms = 1000
	retry.backoff.ms = 100
	sasl.client.callback.handler.class = null
	sasl.jaas.config = null
	sasl.kerberos.kinit.cmd = /usr/bin/kinit
	sasl.kerberos.min.time.before.relogin = 60000
	sasl.kerberos.service.name = null
	sasl.kerberos.ticket.renew.jitter = 0.05
	sasl.kerberos.ticket.renew.window.factor = 0.8
	sasl.login.callback.handler.class = null
	sasl.login.class = null
	sasl.login.connect.timeout.ms = null
	sasl.login.read.timeout.ms = null
	sasl.login.refresh.buffer.seconds = 300
	sasl.login.refresh.min.period.seconds = 60
	sasl.login.refresh.window.factor = 0.8
	sasl.login.refresh.window.jitter = 0.05
	sasl.login.retry.backoff.max.ms = 10000
	sasl.login.retry.backoff.ms = 100
	sasl.mechanism = GSSAPI
	sasl.oauthbearer.clock.skew.seconds = 30
	sasl.oauthbearer.expected.audience = null
	sasl.oauthbearer.expected.issuer = null
	sasl.oauthbearer.header.urlencode = false
	sasl.oauthbearer.jwks.endpoint.refresh.ms = 3600000
	sasl.oauthbearer.jwks.endpoint.retry.backoff.max.ms = 10000
	sasl.oauthbearer.jwks.endpoint.retry.backoff.ms = 100
	sasl.oauthbearer.jwks.endpoint.url = null
	sasl.oauthbearer.scope.claim.name = scope
	sasl.oauthbearer.sub.claim.name = sub
	sasl.oauthbearer.token.endpoint.url = null
	security.protocol = PLAINTEXT
	security.providers = null
	send.buffer.bytes = 131072
	socket.connection.setup.timeout.max.ms = 30000
	socket.connection.setup.timeout.ms = 10000
	ssl.cipher.suites = null
	ssl.enabled.protocols = [TLSv1.2, TLSv1.3]
	ssl.endpoint.identification.algorithm = https
	ssl.engine.factory.class = null
	ssl.key.password = null
	ssl.keymanager.algorithm = SunX509
	ssl.keystore.certificate.chain = null
	ssl.keystore.key = null
	ssl.keystore.location = null
	ssl.keystore.password = null
	ssl.keystore.type = JKS
	ssl.protocol = TLSv1.3
	ssl.provider = null
	ssl.secure.random.implementation = null
	ssl.trustmanager.algorithm = PKIX
	ssl.truststore.certificates = null
	ssl.truststore.location = null
	ssl.truststore.password = null
	ssl.truststore.type = JKS
	transaction.timeout.ms = 60000
	transactional.id = null
	value.serializer = class io.apicurio.registry.serde.avro.AvroKafkaSerializer

2025-07-31 02:21:21,342 INFO  [org.apa.kaf.com.tel.int.KafkaMetricsCollector] (main) initializing Kafka metrics collector
2025-07-31 02:21:21,359 INFO  [org.apa.kaf.cli.pro.KafkaProducer] (main) [Producer clientId=Producer-s7d68ce3bxccfax4621xaadcx8570f379f12a] Instantiated an idempotent producer.
2025-07-31 02:21:21,371 INFO  [org.apa.kaf.cli.pro.ProducerConfig] (main) These configurations '[apicurio.registry.url, apicurio.registry.artifact-resolver-strategy]' were supplied but are not used yet.
2025-07-31 02:21:21,371 INFO  [org.apa.kaf.com.uti.AppInfoParser] (main) Kafka version: 3.9.0
2025-07-31 02:21:21,371 INFO  [org.apa.kaf.com.uti.AppInfoParser] (main) Kafka commitId: 84caaa6e9da06435
2025-07-31 02:21:21,371 INFO  [org.apa.kaf.com.uti.AppInfoParser] (main) Kafka startTimeMs: 1753928481371
2025-07-31 02:21:21,372 INFO  [io.api.tes.ser.api.KafkaSerdesTester] (Thread-159) Sending message {"keyB": "value-0"} to topic s7d68ce3bxccfax4621xaadcx8570f379f12a
2025-07-31 02:21:21,391 WARN  [org.apa.kaf.cli.NetworkClient] (kafka-producer-network-thread | Producer-s7d68ce3bxccfax4621xaadcx8570f379f12a) [Producer clientId=Producer-s7d68ce3bxccfax4621xaadcx8570f379f12a] The metadata response from the cluster reported a recoverable issue with correlation id 2 : {s7d68ce3bxccfax4621xaadcx8570f379f12a=LEADER_NOT_AVAILABLE}
2025-07-31 02:21:21,391 INFO  [org.apa.kaf.cli.Metadata] (kafka-producer-network-thread | Producer-s7d68ce3bxccfax4621xaadcx8570f379f12a) [Producer clientId=Producer-s7d68ce3bxccfax4621xaadcx8570f379f12a] Cluster ID: mFm4H5CuSae4mNeWY74G7g
2025-07-31 02:21:21,393 INFO  [org.apa.kaf.cli.pro.int.TransactionManager] (kafka-producer-network-thread | Producer-s7d68ce3bxccfax4621xaadcx8570f379f12a) [Producer clientId=Producer-s7d68ce3bxccfax4621xaadcx8570f379f12a] ProducerId set to 7 with epoch 0
2025-07-31 02:21:21,508 INFO  [DefaultSchemaResolver] (Thread-159) Retrieving schema content using string: {"type":"record","name":"myrecord","namespace":"mygroup","fields":[{"name":"keyB","type":"string"}]}
2025-07-31 02:21:21,546 INFO  [org.apa.kaf.cli.pro.KafkaProducer] (Thread-159) [Producer clientId=Producer-s7d68ce3bxccfax4621xaadcx8570f379f12a] Closing the Kafka producer with timeoutMillis = 9223372036854775807 ms.
2025-07-31 02:21:21,548 INFO  [org.apa.kaf.com.met.Metrics] (Thread-159) Metrics scheduler closed
2025-07-31 02:21:21,548 INFO  [org.apa.kaf.com.met.Metrics] (Thread-159) Closing reporter org.apache.kafka.common.metrics.JmxReporter
2025-07-31 02:21:21,548 INFO  [org.apa.kaf.com.met.Metrics] (Thread-159) Closing reporter org.apache.kafka.common.telemetry.internals.ClientTelemetryReporter
2025-07-31 02:21:21,548 INFO  [org.apa.kaf.com.met.Metrics] (Thread-159) Metrics reporters closed
2025-07-31 02:21:21,549 INFO  [org.apa.kaf.com.uti.AppInfoParser] (Thread-159) App info kafka.producer for Producer-s7d68ce3bxccfax4621xaadcx8570f379f12a unregistered
2025-07-31 02:21:21,550 INFO  [io.api.tes.uti.TestSeparator] (main) io.apicurio.tests.serdes.apicurio.AvroSerdeIT.testArtifactNotFound-FINISHED
2025-07-31 02:21:21,550 INFO  [io.api.tes.uti.TestSeparator] (main) ############################################################################
]]></system-out>
    <system-err><![CDATA[java.lang.RuntimeException: Could not resolve artifact reference by content: {"type":"record","name":"myrecord","namespace":"mygroup","fields":[{"name":"keyB","type":"string"}]}&ArtifactReference [groupId=default, artifactId=s7d68ce3bxccfax4621xaadcx8570f379f12a-value, version=null, globalId=null, contentId=null, contentHash=null]
	at io.apicurio.registry.resolver.DefaultSchemaResolver.lambda$handleResolveSchemaByContent$5(DefaultSchemaResolver.java:300)
	at io.apicurio.registry.resolver.ERCache.lambda$getValue$0(ERCache.java:181)
	at io.apicurio.registry.resolver.ERCache.retry(ERCache.java:234)
	at io.apicurio.registry.resolver.ERCache.getValue(ERCache.java:180)
	at io.apicurio.registry.resolver.ERCache.getByContent(ERCache.java:154)
	at io.apicurio.registry.resolver.DefaultSchemaResolver.handleResolveSchemaByContent(DefaultSchemaResolver.java:269)
	at io.apicurio.registry.resolver.DefaultSchemaResolver.getSchemaFromRegistry(DefaultSchemaResolver.java:142)
	at io.apicurio.registry.resolver.DefaultSchemaResolver.lambda$resolveSchema$0(DefaultSchemaResolver.java:86)
	at java.base/java.util.Optional.orElseGet(Optional.java:364)
	at io.apicurio.registry.resolver.DefaultSchemaResolver.resolveSchema(DefaultSchemaResolver.java:86)
	at io.apicurio.registry.serde.AbstractSerializer.serializeData(AbstractSerializer.java:62)
	at io.apicurio.registry.serde.KafkaSerializer.serialize(KafkaSerializer.java:77)
	at org.apache.kafka.clients.producer.KafkaProducer.doSend(KafkaProducer.java:1046)
	at org.apache.kafka.clients.producer.KafkaProducer.send(KafkaProducer.java:993)
	at org.apache.kafka.clients.producer.KafkaProducer.send(KafkaProducer.java:875)
	at io.apicurio.tests.serdes.apicurio.KafkaSerdesTester.lambda$produceMessages$3(KafkaSerdesTester.java:138)
	at java.base/java.util.concurrent.CompletableFuture$AsyncSupply.run(CompletableFuture.java:1768)
	at java.base/java.lang.Thread.run(Thread.java:840)
]]></system-err>
  </testcase>
  <testcase name="testAvroSerDesFailDifferentSchemaByRecordName" classname="io.apicurio.tests.serdes.apicurio.AvroSerdeIT" time="1.077">
    <system-out><![CDATA[2025-07-31 02:21:21,554 INFO  [io.api.tes.uti.TestSeparator] (main) ############################################################################
2025-07-31 02:21:21,554 INFO  [io.api.tes.uti.TestSeparator] (main) io.apicurio.tests.serdes.apicurio.AvroSerdeIT.testAvroSerDesFailDifferentSchemaByRecordName-STARTED
2025-07-31 02:21:22,590 INFO  [org.apa.kaf.cli.pro.ProducerConfig] (main) ProducerConfig values: 
	acks = -1
	auto.include.jmx.reporter = true
	batch.size = 16384
	bootstrap.servers = [PLAINTEXT://localhost:32770]
	buffer.memory = 33554432
	client.dns.lookup = use_all_dns_ips
	client.id = Producer-topic-9f5c008b_76e2_4ab0_ba42_ecb362e977d1
	compression.gzip.level = -1
	compression.lz4.level = 9
	compression.type = none
	compression.zstd.level = 3
	connections.max.idle.ms = 10000
	delivery.timeout.ms = 120000
	enable.idempotence = true
	enable.metrics.push = true
	interceptor.classes = []
	key.serializer = class org.apache.kafka.common.serialization.StringSerializer
	linger.ms = 0
	max.block.ms = 60000
	max.in.flight.requests.per.connection = 5
	max.request.size = 1048576
	metadata.max.age.ms = 300000
	metadata.max.idle.ms = 300000
	metadata.recovery.strategy = none
	metric.reporters = []
	metrics.num.samples = 2
	metrics.recording.level = INFO
	metrics.sample.window.ms = 30000
	partitioner.adaptive.partitioning.enable = true
	partitioner.availability.timeout.ms = 0
	partitioner.class = null
	partitioner.ignore.keys = false
	receive.buffer.bytes = 32768
	reconnect.backoff.max.ms = 1000
	reconnect.backoff.ms = 50
	request.timeout.ms = 5000
	retries = 2147483647
	retry.backoff.max.ms = 1000
	retry.backoff.ms = 100
	sasl.client.callback.handler.class = null
	sasl.jaas.config = null
	sasl.kerberos.kinit.cmd = /usr/bin/kinit
	sasl.kerberos.min.time.before.relogin = 60000
	sasl.kerberos.service.name = null
	sasl.kerberos.ticket.renew.jitter = 0.05
	sasl.kerberos.ticket.renew.window.factor = 0.8
	sasl.login.callback.handler.class = null
	sasl.login.class = null
	sasl.login.connect.timeout.ms = null
	sasl.login.read.timeout.ms = null
	sasl.login.refresh.buffer.seconds = 300
	sasl.login.refresh.min.period.seconds = 60
	sasl.login.refresh.window.factor = 0.8
	sasl.login.refresh.window.jitter = 0.05
	sasl.login.retry.backoff.max.ms = 10000
	sasl.login.retry.backoff.ms = 100
	sasl.mechanism = GSSAPI
	sasl.oauthbearer.clock.skew.seconds = 30
	sasl.oauthbearer.expected.audience = null
	sasl.oauthbearer.expected.issuer = null
	sasl.oauthbearer.header.urlencode = false
	sasl.oauthbearer.jwks.endpoint.refresh.ms = 3600000
	sasl.oauthbearer.jwks.endpoint.retry.backoff.max.ms = 10000
	sasl.oauthbearer.jwks.endpoint.retry.backoff.ms = 100
	sasl.oauthbearer.jwks.endpoint.url = null
	sasl.oauthbearer.scope.claim.name = scope
	sasl.oauthbearer.sub.claim.name = sub
	sasl.oauthbearer.token.endpoint.url = null
	security.protocol = PLAINTEXT
	security.providers = null
	send.buffer.bytes = 131072
	socket.connection.setup.timeout.max.ms = 30000
	socket.connection.setup.timeout.ms = 10000
	ssl.cipher.suites = null
	ssl.enabled.protocols = [TLSv1.2, TLSv1.3]
	ssl.endpoint.identification.algorithm = https
	ssl.engine.factory.class = null
	ssl.key.password = null
	ssl.keymanager.algorithm = SunX509
	ssl.keystore.certificate.chain = null
	ssl.keystore.key = null
	ssl.keystore.location = null
	ssl.keystore.password = null
	ssl.keystore.type = JKS
	ssl.protocol = TLSv1.3
	ssl.provider = null
	ssl.secure.random.implementation = null
	ssl.trustmanager.algorithm = PKIX
	ssl.truststore.certificates = null
	ssl.truststore.location = null
	ssl.truststore.password = null
	ssl.truststore.type = JKS
	transaction.timeout.ms = 60000
	transactional.id = null
	value.serializer = class io.apicurio.registry.serde.avro.AvroKafkaSerializer

2025-07-31 02:21:22,591 INFO  [org.apa.kaf.com.tel.int.KafkaMetricsCollector] (main) initializing Kafka metrics collector
2025-07-31 02:21:22,594 INFO  [org.apa.kaf.cli.pro.KafkaProducer] (main) [Producer clientId=Producer-topic-9f5c008b_76e2_4ab0_ba42_ecb362e977d1] Instantiated an idempotent producer.
2025-07-31 02:21:22,596 INFO  [org.apa.kaf.cli.pro.ProducerConfig] (main) These configurations '[apicurio.registry.find-latest, apicurio.registry.url, apicurio.registry.artifact-resolver-strategy]' were supplied but are not used yet.
2025-07-31 02:21:22,596 INFO  [org.apa.kaf.com.uti.AppInfoParser] (main) Kafka version: 3.9.0
2025-07-31 02:21:22,596 INFO  [org.apa.kaf.com.uti.AppInfoParser] (main) Kafka commitId: 84caaa6e9da06435
2025-07-31 02:21:22,596 INFO  [org.apa.kaf.com.uti.AppInfoParser] (main) Kafka startTimeMs: 1753928482596
2025-07-31 02:21:22,599 INFO  [io.api.tes.ser.api.KafkaSerdesTester] (Thread-162) Sending message {"keyB": "value-0"} to topic topic-9f5c008b_76e2_4ab0_ba42_ecb362e977d1
2025-07-31 02:21:22,602 INFO  [org.apa.kaf.cli.Metadata] (kafka-producer-network-thread | Producer-topic-9f5c008b_76e2_4ab0_ba42_ecb362e977d1) [Producer clientId=Producer-topic-9f5c008b_76e2_4ab0_ba42_ecb362e977d1] Cluster ID: mFm4H5CuSae4mNeWY74G7g
2025-07-31 02:21:22,606 INFO  [org.apa.kaf.cli.pro.int.TransactionManager] (kafka-producer-network-thread | Producer-topic-9f5c008b_76e2_4ab0_ba42_ecb362e977d1) [Producer clientId=Producer-topic-9f5c008b_76e2_4ab0_ba42_ecb362e977d1] ProducerId set to 8 with epoch 0
2025-07-31 02:21:22,627 INFO  [org.apa.kaf.cli.pro.KafkaProducer] (Thread-162) [Producer clientId=Producer-topic-9f5c008b_76e2_4ab0_ba42_ecb362e977d1] Closing the Kafka producer with timeoutMillis = 9223372036854775807 ms.
2025-07-31 02:21:22,628 INFO  [org.apa.kaf.com.met.Metrics] (Thread-162) Metrics scheduler closed
2025-07-31 02:21:22,628 INFO  [org.apa.kaf.com.met.Metrics] (Thread-162) Closing reporter org.apache.kafka.common.metrics.JmxReporter
2025-07-31 02:21:22,628 INFO  [org.apa.kaf.com.met.Metrics] (Thread-162) Closing reporter org.apache.kafka.common.telemetry.internals.ClientTelemetryReporter
2025-07-31 02:21:22,629 INFO  [org.apa.kaf.com.met.Metrics] (Thread-162) Metrics reporters closed
2025-07-31 02:21:22,629 INFO  [org.apa.kaf.com.uti.AppInfoParser] (Thread-162) App info kafka.producer for Producer-topic-9f5c008b_76e2_4ab0_ba42_ecb362e977d1 unregistered
2025-07-31 02:21:22,629 INFO  [io.api.tes.uti.TestSeparator] (main) io.apicurio.tests.serdes.apicurio.AvroSerdeIT.testAvroSerDesFailDifferentSchemaByRecordName-FINISHED
2025-07-31 02:21:22,629 INFO  [io.api.tes.uti.TestSeparator] (main) ############################################################################
]]></system-out>
    <system-err><![CDATA[io.apicurio.registry.rest.client.models.ProblemDetails
	at io.apicurio.registry.rest.client.models.ProblemDetails.createFromDiscriminatorValue(ProblemDetails.java:58)
	at io.kiota.serialization.json.JsonParseNode.getObjectValue(JsonParseNode.java:247)
	at io.kiota.http.vertx.VertXRequestAdapter.lambda$throwIfFailedResponse$0(VertXRequestAdapter.java:400)
	at com.microsoft.kiota.ApiExceptionBuilder.<init>(ApiExceptionBuilder.java:26)
	at io.kiota.http.vertx.VertXRequestAdapter.throwIfFailedResponse(VertXRequestAdapter.java:399)
	at io.kiota.http.vertx.VertXRequestAdapter.send(VertXRequestAdapter.java:170)
	at io.apicurio.registry.rest.client.groups.item.artifacts.item.versions.item.WithVersionExpressionItemRequestBuilder.get(WithVersionExpressionItemRequestBuilder.java:128)
	at io.apicurio.registry.rest.client.groups.item.artifacts.item.versions.item.WithVersionExpressionItemRequestBuilder.get(WithVersionExpressionItemRequestBuilder.java:111)
	at io.apicurio.registry.resolver.DefaultSchemaResolver.resolveByCoordinates(DefaultSchemaResolver.java:469)
	at io.apicurio.registry.resolver.DefaultSchemaResolver.lambda$resolveSchemaByArtifactReferenceCached$12(DefaultSchemaResolver.java:451)
	at io.apicurio.registry.resolver.ERCache.lambda$getValue$0(ERCache.java:181)
	at io.apicurio.registry.resolver.ERCache.retry(ERCache.java:234)
	at io.apicurio.registry.resolver.ERCache.getValue(ERCache.java:180)
	at io.apicurio.registry.resolver.ERCache.getByArtifactCoordinates(ERCache.java:165)
	at io.apicurio.registry.resolver.DefaultSchemaResolver.resolveSchemaByArtifactReferenceCached(DefaultSchemaResolver.java:449)
	at io.apicurio.registry.resolver.DefaultSchemaResolver.resolveSchemaByCoordinates(DefaultSchemaResolver.java:201)
	at io.apicurio.registry.resolver.DefaultSchemaResolver.getSchemaFromRegistry(DefaultSchemaResolver.java:134)
	at io.apicurio.registry.resolver.DefaultSchemaResolver.lambda$resolveSchema$0(DefaultSchemaResolver.java:86)
	at java.base/java.util.Optional.orElseGet(Optional.java:364)
	at io.apicurio.registry.resolver.DefaultSchemaResolver.resolveSchema(DefaultSchemaResolver.java:86)
	at io.apicurio.registry.serde.AbstractSerializer.serializeData(AbstractSerializer.java:62)
	at io.apicurio.registry.serde.KafkaSerializer.serialize(KafkaSerializer.java:77)
	at org.apache.kafka.clients.producer.KafkaProducer.doSend(KafkaProducer.java:1046)
	at org.apache.kafka.clients.producer.KafkaProducer.send(KafkaProducer.java:993)
	at org.apache.kafka.clients.producer.KafkaProducer.send(KafkaProducer.java:875)
	at io.apicurio.tests.serdes.apicurio.KafkaSerdesTester.lambda$produceMessages$3(KafkaSerdesTester.java:138)
	at java.base/java.util.concurrent.CompletableFuture$AsyncSupply.run(CompletableFuture.java:1768)
	at java.base/java.lang.Thread.run(Thread.java:840)
]]></system-err>
  </testcase>
  <testcase name="testTopicIdStrategyFindLatest" classname="io.apicurio.tests.serdes.apicurio.AvroSerdeIT" time="1.761">
    <system-out><![CDATA[2025-07-31 02:21:22,635 INFO  [io.api.tes.uti.TestSeparator] (main) ############################################################################
2025-07-31 02:21:22,635 INFO  [io.api.tes.uti.TestSeparator] (main) io.apicurio.tests.serdes.apicurio.AvroSerdeIT.testTopicIdStrategyFindLatest-STARTED
2025-07-31 02:21:22,636 INFO  [io.api.tes.ser.api.AvroSerdeIT] (main) Registering Avro Schema: {"type":"record","name":"myrecordapicurio1","fields":[{"name":"key11753928482635","type":"string"}]}
2025-07-31 02:21:23,674 INFO  [org.apa.kaf.cli.pro.ProducerConfig] (main) ProducerConfig values: 
	acks = -1
	auto.include.jmx.reporter = true
	batch.size = 16384
	bootstrap.servers = [PLAINTEXT://localhost:32770]
	buffer.memory = 33554432
	client.dns.lookup = use_all_dns_ips
	client.id = Producer-topic-428a9cf8_9884_40ff_af44_f8fbc1c7c9a2
	compression.gzip.level = -1
	compression.lz4.level = 9
	compression.type = none
	compression.zstd.level = 3
	connections.max.idle.ms = 10000
	delivery.timeout.ms = 120000
	enable.idempotence = true
	enable.metrics.push = true
	interceptor.classes = []
	key.serializer = class org.apache.kafka.common.serialization.StringSerializer
	linger.ms = 0
	max.block.ms = 60000
	max.in.flight.requests.per.connection = 5
	max.request.size = 1048576
	metadata.max.age.ms = 300000
	metadata.max.idle.ms = 300000
	metadata.recovery.strategy = none
	metric.reporters = []
	metrics.num.samples = 2
	metrics.recording.level = INFO
	metrics.sample.window.ms = 30000
	partitioner.adaptive.partitioning.enable = true
	partitioner.availability.timeout.ms = 0
	partitioner.class = null
	partitioner.ignore.keys = false
	receive.buffer.bytes = 32768
	reconnect.backoff.max.ms = 1000
	reconnect.backoff.ms = 50
	request.timeout.ms = 5000
	retries = 2147483647
	retry.backoff.max.ms = 1000
	retry.backoff.ms = 100
	sasl.client.callback.handler.class = null
	sasl.jaas.config = null
	sasl.kerberos.kinit.cmd = /usr/bin/kinit
	sasl.kerberos.min.time.before.relogin = 60000
	sasl.kerberos.service.name = null
	sasl.kerberos.ticket.renew.jitter = 0.05
	sasl.kerberos.ticket.renew.window.factor = 0.8
	sasl.login.callback.handler.class = null
	sasl.login.class = null
	sasl.login.connect.timeout.ms = null
	sasl.login.read.timeout.ms = null
	sasl.login.refresh.buffer.seconds = 300
	sasl.login.refresh.min.period.seconds = 60
	sasl.login.refresh.window.factor = 0.8
	sasl.login.refresh.window.jitter = 0.05
	sasl.login.retry.backoff.max.ms = 10000
	sasl.login.retry.backoff.ms = 100
	sasl.mechanism = GSSAPI
	sasl.oauthbearer.clock.skew.seconds = 30
	sasl.oauthbearer.expected.audience = null
	sasl.oauthbearer.expected.issuer = null
	sasl.oauthbearer.header.urlencode = false
	sasl.oauthbearer.jwks.endpoint.refresh.ms = 3600000
	sasl.oauthbearer.jwks.endpoint.retry.backoff.max.ms = 10000
	sasl.oauthbearer.jwks.endpoint.retry.backoff.ms = 100
	sasl.oauthbearer.jwks.endpoint.url = null
	sasl.oauthbearer.scope.claim.name = scope
	sasl.oauthbearer.sub.claim.name = sub
	sasl.oauthbearer.token.endpoint.url = null
	security.protocol = PLAINTEXT
	security.providers = null
	send.buffer.bytes = 131072
	socket.connection.setup.timeout.max.ms = 30000
	socket.connection.setup.timeout.ms = 10000
	ssl.cipher.suites = null
	ssl.enabled.protocols = [TLSv1.2, TLSv1.3]
	ssl.endpoint.identification.algorithm = https
	ssl.engine.factory.class = null
	ssl.key.password = null
	ssl.keymanager.algorithm = SunX509
	ssl.keystore.certificate.chain = null
	ssl.keystore.key = null
	ssl.keystore.location = null
	ssl.keystore.password = null
	ssl.keystore.type = JKS
	ssl.protocol = TLSv1.3
	ssl.provider = null
	ssl.secure.random.implementation = null
	ssl.trustmanager.algorithm = PKIX
	ssl.truststore.certificates = null
	ssl.truststore.location = null
	ssl.truststore.password = null
	ssl.truststore.type = JKS
	transaction.timeout.ms = 60000
	transactional.id = null
	value.serializer = class io.apicurio.registry.serde.avro.AvroKafkaSerializer

2025-07-31 02:21:23,674 INFO  [org.apa.kaf.com.tel.int.KafkaMetricsCollector] (main) initializing Kafka metrics collector
2025-07-31 02:21:23,678 INFO  [org.apa.kaf.cli.pro.KafkaProducer] (main) [Producer clientId=Producer-topic-428a9cf8_9884_40ff_af44_f8fbc1c7c9a2] Instantiated an idempotent producer.
2025-07-31 02:21:23,680 INFO  [org.apa.kaf.cli.pro.ProducerConfig] (main) These configurations '[apicurio.registry.find-latest, apicurio.registry.url, apicurio.registry.artifact-resolver-strategy]' were supplied but are not used yet.
2025-07-31 02:21:23,680 INFO  [org.apa.kaf.com.uti.AppInfoParser] (main) Kafka version: 3.9.0
2025-07-31 02:21:23,681 INFO  [org.apa.kaf.com.uti.AppInfoParser] (main) Kafka commitId: 84caaa6e9da06435
2025-07-31 02:21:23,681 INFO  [org.apa.kaf.com.uti.AppInfoParser] (main) Kafka startTimeMs: 1753928483680
2025-07-31 02:21:23,681 INFO  [io.api.tes.ser.api.SimpleSerdesTesterBuilder$SimpleSerdesTester] (main) Using producer configuration: {apicurio.registry.find-latest=true, apicurio.registry.url=http://registry-app-inmemory.apps.ci419.apicurio-testing.org:80/apis/registry/v3, apicurio.registry.artifact-resolver-strategy=io.apicurio.registry.serde.strategy.TopicIdStrategy, value.serializer=io.apicurio.registry.serde.avro.AvroKafkaSerializer, request.timeout.ms=5000, acks=all, bootstrap.servers=PLAINTEXT://localhost:32770, connections.max.idle.ms=10000, key.serializer=org.apache.kafka.common.serialization.StringSerializer, client.id=Producer-topic-428a9cf8_9884_40ff_af44_f8fbc1c7c9a2}
2025-07-31 02:21:23,681 INFO  [io.api.tes.ser.api.SimpleSerdesTesterBuilder$SimpleSerdesTester] (main) Using consumer configuration: {}
2025-07-31 02:21:23,682 INFO  [io.api.tes.ser.api.KafkaSerdesTester] (Thread-165) Sending message {"key11753928482635": "value-0"} to topic topic-428a9cf8_9884_40ff_af44_f8fbc1c7c9a2
2025-07-31 02:21:23,687 INFO  [org.apa.kaf.cli.Metadata] (kafka-producer-network-thread | Producer-topic-428a9cf8_9884_40ff_af44_f8fbc1c7c9a2) [Producer clientId=Producer-topic-428a9cf8_9884_40ff_af44_f8fbc1c7c9a2] Cluster ID: mFm4H5CuSae4mNeWY74G7g
2025-07-31 02:21:23,689 INFO  [org.apa.kaf.cli.pro.int.TransactionManager] (kafka-producer-network-thread | Producer-topic-428a9cf8_9884_40ff_af44_f8fbc1c7c9a2) [Producer clientId=Producer-topic-428a9cf8_9884_40ff_af44_f8fbc1c7c9a2] ProducerId set to 9 with epoch 0
2025-07-31 02:21:23,748 INFO  [io.api.tes.ser.api.KafkaSerdesTester] (Thread-165) Sending message {"key11753928482635": "value-1"} to topic topic-428a9cf8_9884_40ff_af44_f8fbc1c7c9a2
2025-07-31 02:21:23,750 INFO  [io.api.tes.ser.api.KafkaSerdesTester] (Thread-165) Sending message {"key11753928482635": "value-2"} to topic topic-428a9cf8_9884_40ff_af44_f8fbc1c7c9a2
2025-07-31 02:21:23,754 INFO  [io.api.tes.ser.api.KafkaSerdesTester] (Thread-165) Sending message {"key11753928482635": "value-3"} to topic topic-428a9cf8_9884_40ff_af44_f8fbc1c7c9a2
2025-07-31 02:21:23,758 INFO  [io.api.tes.ser.api.KafkaSerdesTester] (Thread-165) Sending message {"key11753928482635": "value-4"} to topic topic-428a9cf8_9884_40ff_af44_f8fbc1c7c9a2
2025-07-31 02:21:23,759 INFO  [io.api.tes.ser.api.KafkaSerdesTester] (Thread-165) Sending message {"key11753928482635": "value-5"} to topic topic-428a9cf8_9884_40ff_af44_f8fbc1c7c9a2
2025-07-31 02:21:23,761 INFO  [io.api.tes.ser.api.KafkaSerdesTester] (Thread-165) Sending message {"key11753928482635": "value-6"} to topic topic-428a9cf8_9884_40ff_af44_f8fbc1c7c9a2
2025-07-31 02:21:23,762 INFO  [io.api.tes.ser.api.KafkaSerdesTester] (Thread-165) Sending message {"key11753928482635": "value-7"} to topic topic-428a9cf8_9884_40ff_af44_f8fbc1c7c9a2
2025-07-31 02:21:23,764 INFO  [io.api.tes.ser.api.KafkaSerdesTester] (Thread-165) Sending message {"key11753928482635": "value-8"} to topic topic-428a9cf8_9884_40ff_af44_f8fbc1c7c9a2
2025-07-31 02:21:23,765 INFO  [io.api.tes.ser.api.KafkaSerdesTester] (Thread-165) Sending message {"key11753928482635": "value-9"} to topic topic-428a9cf8_9884_40ff_af44_f8fbc1c7c9a2
2025-07-31 02:21:23,767 INFO  [io.api.tes.ser.api.KafkaSerdesTester] (Thread-165) Produced 10 messages
2025-07-31 02:21:23,767 INFO  [org.apa.kaf.cli.pro.KafkaProducer] (Thread-165) [Producer clientId=Producer-topic-428a9cf8_9884_40ff_af44_f8fbc1c7c9a2] Closing the Kafka producer with timeoutMillis = 9223372036854775807 ms.
2025-07-31 02:21:23,771 INFO  [org.apa.kaf.com.met.Metrics] (Thread-165) Metrics scheduler closed
2025-07-31 02:21:23,771 INFO  [org.apa.kaf.com.met.Metrics] (Thread-165) Closing reporter org.apache.kafka.common.metrics.JmxReporter
2025-07-31 02:21:23,771 INFO  [org.apa.kaf.com.met.Metrics] (Thread-165) Closing reporter org.apache.kafka.common.telemetry.internals.ClientTelemetryReporter
2025-07-31 02:21:23,771 INFO  [org.apa.kaf.com.met.Metrics] (Thread-165) Metrics reporters closed
2025-07-31 02:21:23,771 INFO  [org.apa.kaf.com.uti.AppInfoParser] (Thread-165) App info kafka.producer for Producer-topic-428a9cf8_9884_40ff_af44_f8fbc1c7c9a2 unregistered
2025-07-31 02:21:23,774 INFO  [org.apa.kaf.cli.con.ConsumerConfig] (main) ConsumerConfig values: 
	allow.auto.create.topics = true
	auto.commit.interval.ms = 500
	auto.include.jmx.reporter = true
	auto.offset.reset = earliest
	bootstrap.servers = [PLAINTEXT://localhost:32770]
	check.crcs = true
	client.dns.lookup = use_all_dns_ips
	client.id = consumer-Consumer-topic-428a9cf8_9884_40ff_af44_f8fbc1c7c9a2-7
	client.rack = 
	connections.max.idle.ms = 10000
	default.api.timeout.ms = 60000
	enable.auto.commit = true
	enable.metrics.push = true
	exclude.internal.topics = true
	fetch.max.bytes = 52428800
	fetch.max.wait.ms = 500
	fetch.min.bytes = 1
	group.id = Consumer-topic-428a9cf8_9884_40ff_af44_f8fbc1c7c9a2
	group.instance.id = null
	group.protocol = classic
	group.remote.assignor = null
	heartbeat.interval.ms = 3000
	interceptor.classes = []
	internal.leave.group.on.close = true
	internal.throw.on.fetch.stable.offset.unsupported = false
	isolation.level = read_uncommitted
	key.deserializer = class org.apache.kafka.common.serialization.StringDeserializer
	max.partition.fetch.bytes = 1048576
	max.poll.interval.ms = 300000
	max.poll.records = 500
	metadata.max.age.ms = 300000
	metadata.recovery.strategy = none
	metric.reporters = []
	metrics.num.samples = 2
	metrics.recording.level = INFO
	metrics.sample.window.ms = 30000
	partition.assignment.strategy = [class org.apache.kafka.clients.consumer.RangeAssignor, class org.apache.kafka.clients.consumer.CooperativeStickyAssignor]
	receive.buffer.bytes = 65536
	reconnect.backoff.max.ms = 1000
	reconnect.backoff.ms = 50
	request.timeout.ms = 5000
	retry.backoff.max.ms = 1000
	retry.backoff.ms = 100
	sasl.client.callback.handler.class = null
	sasl.jaas.config = null
	sasl.kerberos.kinit.cmd = /usr/bin/kinit
	sasl.kerberos.min.time.before.relogin = 60000
	sasl.kerberos.service.name = null
	sasl.kerberos.ticket.renew.jitter = 0.05
	sasl.kerberos.ticket.renew.window.factor = 0.8
	sasl.login.callback.handler.class = null
	sasl.login.class = null
	sasl.login.connect.timeout.ms = null
	sasl.login.read.timeout.ms = null
	sasl.login.refresh.buffer.seconds = 300
	sasl.login.refresh.min.period.seconds = 60
	sasl.login.refresh.window.factor = 0.8
	sasl.login.refresh.window.jitter = 0.05
	sasl.login.retry.backoff.max.ms = 10000
	sasl.login.retry.backoff.ms = 100
	sasl.mechanism = GSSAPI
	sasl.oauthbearer.clock.skew.seconds = 30
	sasl.oauthbearer.expected.audience = null
	sasl.oauthbearer.expected.issuer = null
	sasl.oauthbearer.header.urlencode = false
	sasl.oauthbearer.jwks.endpoint.refresh.ms = 3600000
	sasl.oauthbearer.jwks.endpoint.retry.backoff.max.ms = 10000
	sasl.oauthbearer.jwks.endpoint.retry.backoff.ms = 100
	sasl.oauthbearer.jwks.endpoint.url = null
	sasl.oauthbearer.scope.claim.name = scope
	sasl.oauthbearer.sub.claim.name = sub
	sasl.oauthbearer.token.endpoint.url = null
	security.protocol = PLAINTEXT
	security.providers = null
	send.buffer.bytes = 131072
	session.timeout.ms = 45000
	socket.connection.setup.timeout.max.ms = 30000
	socket.connection.setup.timeout.ms = 10000
	ssl.cipher.suites = null
	ssl.enabled.protocols = [TLSv1.2, TLSv1.3]
	ssl.endpoint.identification.algorithm = https
	ssl.engine.factory.class = null
	ssl.key.password = null
	ssl.keymanager.algorithm = SunX509
	ssl.keystore.certificate.chain = null
	ssl.keystore.key = null
	ssl.keystore.location = null
	ssl.keystore.password = null
	ssl.keystore.type = JKS
	ssl.protocol = TLSv1.3
	ssl.provider = null
	ssl.secure.random.implementation = null
	ssl.trustmanager.algorithm = PKIX
	ssl.truststore.certificates = null
	ssl.truststore.location = null
	ssl.truststore.password = null
	ssl.truststore.type = JKS
	value.deserializer = class io.apicurio.registry.serde.avro.AvroKafkaDeserializer

2025-07-31 02:21:23,774 INFO  [org.apa.kaf.com.tel.int.KafkaMetricsCollector] (main) initializing Kafka metrics collector
2025-07-31 02:21:23,792 INFO  [org.apa.kaf.cli.con.ConsumerConfig] (main) These configurations '[apicurio.registry.url]' were supplied but are not used yet.
2025-07-31 02:21:23,792 INFO  [org.apa.kaf.com.uti.AppInfoParser] (main) Kafka version: 3.9.0
2025-07-31 02:21:23,793 INFO  [org.apa.kaf.com.uti.AppInfoParser] (main) Kafka commitId: 84caaa6e9da06435
2025-07-31 02:21:23,793 INFO  [org.apa.kaf.com.uti.AppInfoParser] (main) Kafka startTimeMs: 1753928483792
2025-07-31 02:21:23,793 INFO  [org.apa.kaf.cli.con.int.ClassicKafkaConsumer] (Thread-168) [Consumer clientId=consumer-Consumer-topic-428a9cf8_9884_40ff_af44_f8fbc1c7c9a2-7, groupId=Consumer-topic-428a9cf8_9884_40ff_af44_f8fbc1c7c9a2] Subscribed to topic(s): topic-428a9cf8_9884_40ff_af44_f8fbc1c7c9a2
2025-07-31 02:21:23,806 INFO  [org.apa.kaf.cli.Metadata] (Thread-168) [Consumer clientId=consumer-Consumer-topic-428a9cf8_9884_40ff_af44_f8fbc1c7c9a2-7, groupId=Consumer-topic-428a9cf8_9884_40ff_af44_f8fbc1c7c9a2] Cluster ID: mFm4H5CuSae4mNeWY74G7g
2025-07-31 02:21:23,806 INFO  [org.apa.kaf.cli.con.int.ConsumerCoordinator] (Thread-168) [Consumer clientId=consumer-Consumer-topic-428a9cf8_9884_40ff_af44_f8fbc1c7c9a2-7, groupId=Consumer-topic-428a9cf8_9884_40ff_af44_f8fbc1c7c9a2] Discovered group coordinator localhost:32770 (id: 2147483647 rack: null)
2025-07-31 02:21:23,812 INFO  [org.apa.kaf.cli.con.int.ConsumerCoordinator] (Thread-168) [Consumer clientId=consumer-Consumer-topic-428a9cf8_9884_40ff_af44_f8fbc1c7c9a2-7, groupId=Consumer-topic-428a9cf8_9884_40ff_af44_f8fbc1c7c9a2] (Re-)joining group
2025-07-31 02:21:23,817 INFO  [org.apa.kaf.cli.con.int.ConsumerCoordinator] (Thread-168) [Consumer clientId=consumer-Consumer-topic-428a9cf8_9884_40ff_af44_f8fbc1c7c9a2-7, groupId=Consumer-topic-428a9cf8_9884_40ff_af44_f8fbc1c7c9a2] Request joining group due to: need to re-join with the given member-id: consumer-Consumer-topic-428a9cf8_9884_40ff_af44_f8fbc1c7c9a2-7-3f737dfe-2a9e-4228-bdb4-83f676c3a372
2025-07-31 02:21:23,817 INFO  [org.apa.kaf.cli.con.int.ConsumerCoordinator] (Thread-168) [Consumer clientId=consumer-Consumer-topic-428a9cf8_9884_40ff_af44_f8fbc1c7c9a2-7, groupId=Consumer-topic-428a9cf8_9884_40ff_af44_f8fbc1c7c9a2] (Re-)joining group
2025-07-31 02:21:23,829 INFO  [org.apa.kaf.cli.con.int.ConsumerCoordinator] (Thread-168) [Consumer clientId=consumer-Consumer-topic-428a9cf8_9884_40ff_af44_f8fbc1c7c9a2-7, groupId=Consumer-topic-428a9cf8_9884_40ff_af44_f8fbc1c7c9a2] Successfully joined group with generation Generation{generationId=1, memberId='consumer-Consumer-topic-428a9cf8_9884_40ff_af44_f8fbc1c7c9a2-7-3f737dfe-2a9e-4228-bdb4-83f676c3a372', protocol='range'}
2025-07-31 02:21:23,831 INFO  [org.apa.kaf.cli.con.int.ConsumerCoordinator] (Thread-168) [Consumer clientId=consumer-Consumer-topic-428a9cf8_9884_40ff_af44_f8fbc1c7c9a2-7, groupId=Consumer-topic-428a9cf8_9884_40ff_af44_f8fbc1c7c9a2] Finished assignment for group at generation 1: {consumer-Consumer-topic-428a9cf8_9884_40ff_af44_f8fbc1c7c9a2-7-3f737dfe-2a9e-4228-bdb4-83f676c3a372=Assignment(partitions=[topic-428a9cf8_9884_40ff_af44_f8fbc1c7c9a2-0])}
2025-07-31 02:21:23,834 INFO  [org.apa.kaf.cli.con.int.ConsumerCoordinator] (Thread-168) [Consumer clientId=consumer-Consumer-topic-428a9cf8_9884_40ff_af44_f8fbc1c7c9a2-7, groupId=Consumer-topic-428a9cf8_9884_40ff_af44_f8fbc1c7c9a2] Successfully synced group in generation Generation{generationId=1, memberId='consumer-Consumer-topic-428a9cf8_9884_40ff_af44_f8fbc1c7c9a2-7-3f737dfe-2a9e-4228-bdb4-83f676c3a372', protocol='range'}
2025-07-31 02:21:23,834 INFO  [org.apa.kaf.cli.con.int.ConsumerCoordinator] (Thread-168) [Consumer clientId=consumer-Consumer-topic-428a9cf8_9884_40ff_af44_f8fbc1c7c9a2-7, groupId=Consumer-topic-428a9cf8_9884_40ff_af44_f8fbc1c7c9a2] Notifying assignor about the new Assignment(partitions=[topic-428a9cf8_9884_40ff_af44_f8fbc1c7c9a2-0])
2025-07-31 02:21:23,834 INFO  [org.apa.kaf.cli.con.int.ConsumerRebalanceListenerInvoker] (Thread-168) [Consumer clientId=consumer-Consumer-topic-428a9cf8_9884_40ff_af44_f8fbc1c7c9a2-7, groupId=Consumer-topic-428a9cf8_9884_40ff_af44_f8fbc1c7c9a2] Adding newly assigned partitions: topic-428a9cf8_9884_40ff_af44_f8fbc1c7c9a2-0
2025-07-31 02:21:23,835 INFO  [org.apa.kaf.cli.con.int.ConsumerCoordinator] (Thread-168) [Consumer clientId=consumer-Consumer-topic-428a9cf8_9884_40ff_af44_f8fbc1c7c9a2-7, groupId=Consumer-topic-428a9cf8_9884_40ff_af44_f8fbc1c7c9a2] Found no committed offset for partition topic-428a9cf8_9884_40ff_af44_f8fbc1c7c9a2-0
2025-07-31 02:21:23,841 INFO  [org.apa.kaf.cli.con.int.SubscriptionState] (Thread-168) [Consumer clientId=consumer-Consumer-topic-428a9cf8_9884_40ff_af44_f8fbc1c7c9a2-7, groupId=Consumer-topic-428a9cf8_9884_40ff_af44_f8fbc1c7c9a2] Resetting offset for partition topic-428a9cf8_9884_40ff_af44_f8fbc1c7c9a2-0 to position FetchPosition{offset=0, offsetEpoch=Optional.empty, currentLeader=LeaderAndEpoch{leader=Optional[localhost:32770 (id: 0 rack: null)], epoch=0}}.
2025-07-31 02:21:23,880 INFO  [io.api.tes.ser.api.KafkaSerdesTester] (Thread-168) topic-428a9cf8_9884_40ff_af44_f8fbc1c7c9a2 0 0 {"key11753928482635": "value-0"}
2025-07-31 02:21:23,880 INFO  [io.api.tes.ser.api.KafkaSerdesTester] (Thread-168) topic-428a9cf8_9884_40ff_af44_f8fbc1c7c9a2 0 1 {"key11753928482635": "value-1"}
2025-07-31 02:21:23,880 INFO  [io.api.tes.ser.api.KafkaSerdesTester] (Thread-168) topic-428a9cf8_9884_40ff_af44_f8fbc1c7c9a2 0 2 {"key11753928482635": "value-2"}
2025-07-31 02:21:23,881 INFO  [io.api.tes.ser.api.KafkaSerdesTester] (Thread-168) topic-428a9cf8_9884_40ff_af44_f8fbc1c7c9a2 0 3 {"key11753928482635": "value-3"}
2025-07-31 02:21:23,881 INFO  [io.api.tes.ser.api.KafkaSerdesTester] (Thread-168) topic-428a9cf8_9884_40ff_af44_f8fbc1c7c9a2 0 4 {"key11753928482635": "value-4"}
2025-07-31 02:21:23,881 INFO  [io.api.tes.ser.api.KafkaSerdesTester] (Thread-168) topic-428a9cf8_9884_40ff_af44_f8fbc1c7c9a2 0 5 {"key11753928482635": "value-5"}
2025-07-31 02:21:23,881 INFO  [io.api.tes.ser.api.KafkaSerdesTester] (Thread-168) topic-428a9cf8_9884_40ff_af44_f8fbc1c7c9a2 0 6 {"key11753928482635": "value-6"}
2025-07-31 02:21:23,881 INFO  [io.api.tes.ser.api.KafkaSerdesTester] (Thread-168) topic-428a9cf8_9884_40ff_af44_f8fbc1c7c9a2 0 7 {"key11753928482635": "value-7"}
2025-07-31 02:21:23,881 INFO  [io.api.tes.ser.api.KafkaSerdesTester] (Thread-168) topic-428a9cf8_9884_40ff_af44_f8fbc1c7c9a2 0 8 {"key11753928482635": "value-8"}
2025-07-31 02:21:23,881 INFO  [io.api.tes.ser.api.KafkaSerdesTester] (Thread-168) topic-428a9cf8_9884_40ff_af44_f8fbc1c7c9a2 0 9 {"key11753928482635": "value-9"}
2025-07-31 02:21:23,881 INFO  [io.api.tes.ser.api.KafkaSerdesTester] (Thread-168) Consumed 10 messages
2025-07-31 02:21:23,888 INFO  [org.apa.kaf.cli.con.int.ConsumerRebalanceListenerInvoker] (Thread-168) [Consumer clientId=consumer-Consumer-topic-428a9cf8_9884_40ff_af44_f8fbc1c7c9a2-7, groupId=Consumer-topic-428a9cf8_9884_40ff_af44_f8fbc1c7c9a2] Revoke previously assigned partitions topic-428a9cf8_9884_40ff_af44_f8fbc1c7c9a2-0
2025-07-31 02:21:23,888 INFO  [org.apa.kaf.cli.con.int.ConsumerCoordinator] (Thread-168) [Consumer clientId=consumer-Consumer-topic-428a9cf8_9884_40ff_af44_f8fbc1c7c9a2-7, groupId=Consumer-topic-428a9cf8_9884_40ff_af44_f8fbc1c7c9a2] Member consumer-Consumer-topic-428a9cf8_9884_40ff_af44_f8fbc1c7c9a2-7-3f737dfe-2a9e-4228-bdb4-83f676c3a372 sending LeaveGroup request to coordinator localhost:32770 (id: 2147483647 rack: null) due to the consumer is being closed
2025-07-31 02:21:23,889 INFO  [org.apa.kaf.cli.con.int.ConsumerCoordinator] (Thread-168) [Consumer clientId=consumer-Consumer-topic-428a9cf8_9884_40ff_af44_f8fbc1c7c9a2-7, groupId=Consumer-topic-428a9cf8_9884_40ff_af44_f8fbc1c7c9a2] Resetting generation and member id due to: consumer pro-actively leaving the group
2025-07-31 02:21:23,889 INFO  [org.apa.kaf.cli.con.int.ConsumerCoordinator] (Thread-168) [Consumer clientId=consumer-Consumer-topic-428a9cf8_9884_40ff_af44_f8fbc1c7c9a2-7, groupId=Consumer-topic-428a9cf8_9884_40ff_af44_f8fbc1c7c9a2] Request joining group due to: consumer pro-actively leaving the group
2025-07-31 02:21:24,386 INFO  [org.apa.kaf.com.met.Metrics] (Thread-168) Metrics scheduler closed
2025-07-31 02:21:24,386 INFO  [org.apa.kaf.com.met.Metrics] (Thread-168) Closing reporter org.apache.kafka.common.metrics.JmxReporter
2025-07-31 02:21:24,386 INFO  [org.apa.kaf.com.met.Metrics] (Thread-168) Closing reporter org.apache.kafka.common.telemetry.internals.ClientTelemetryReporter
2025-07-31 02:21:24,386 INFO  [org.apa.kaf.com.met.Metrics] (Thread-168) Metrics reporters closed
2025-07-31 02:21:24,390 INFO  [org.apa.kaf.com.uti.AppInfoParser] (Thread-168) App info kafka.consumer for consumer-Consumer-topic-428a9cf8_9884_40ff_af44_f8fbc1c7c9a2-7 unregistered
2025-07-31 02:21:24,390 INFO  [io.api.tes.uti.TestSeparator] (main) io.apicurio.tests.serdes.apicurio.AvroSerdeIT.testTopicIdStrategyFindLatest-FINISHED
2025-07-31 02:21:24,390 INFO  [io.api.tes.uti.TestSeparator] (main) ############################################################################
]]></system-out>
  </testcase>
  <testcase name="testAvroUnionWithSpecificReader" classname="io.apicurio.tests.serdes.apicurio.AvroSerdeIT" time="0.256">
    <error message="java.lang.RuntimeException: io.apicurio.registry.rest.client.models.RuleViolationProblemDetails" type="java.util.concurrent.ExecutionException"><![CDATA[java.util.concurrent.ExecutionException: java.lang.RuntimeException: io.apicurio.registry.rest.client.models.RuleViolationProblemDetails
	at java.base/java.util.concurrent.CompletableFuture.reportGet(CompletableFuture.java:396)
	at java.base/java.util.concurrent.CompletableFuture.get(CompletableFuture.java:2096)
	at io.apicurio.tests.serdes.apicurio.KafkaSerdesTester.produceMessages(KafkaSerdesTester.java:160)
	at io.apicurio.tests.serdes.apicurio.KafkaSerdesTester.produceMessages(KafkaSerdesTester.java:123)
	at io.apicurio.tests.serdes.apicurio.SimpleSerdesTesterBuilder$SimpleSerdesTester.test(SimpleSerdesTesterBuilder.java:139)
	at io.apicurio.tests.serdes.apicurio.AvroSerdeIT.testAvroUnionWithSpecificReader(AvroSerdeIT.java:838)
	at java.base/java.lang.reflect.Method.invoke(Method.java:569)
	at java.base/java.util.ArrayList.forEach(ArrayList.java:1511)
	at java.base/java.util.ArrayList.forEach(ArrayList.java:1511)
Caused by: java.lang.RuntimeException: io.apicurio.registry.rest.client.models.RuleViolationProblemDetails
	at io.apicurio.registry.resolver.ERCache.retry(ERCache.java:249)
	at io.apicurio.registry.resolver.ERCache.getValue(ERCache.java:180)
	at io.apicurio.registry.resolver.ERCache.getByContent(ERCache.java:154)
	at io.apicurio.registry.resolver.DefaultSchemaResolver.handleAutoCreateArtifact(DefaultSchemaResolver.java:319)
	at io.apicurio.registry.resolver.DefaultSchemaResolver.getSchemaFromRegistry(DefaultSchemaResolver.java:124)
	at io.apicurio.registry.resolver.DefaultSchemaResolver.lambda$resolveSchema$0(DefaultSchemaResolver.java:86)
	at java.base/java.util.Optional.orElseGet(Optional.java:364)
	at io.apicurio.registry.resolver.DefaultSchemaResolver.resolveSchema(DefaultSchemaResolver.java:86)
	at io.apicurio.registry.serde.AbstractSerializer.serializeData(AbstractSerializer.java:62)
	at io.apicurio.registry.serde.KafkaSerializer.serialize(KafkaSerializer.java:77)
	at org.apache.kafka.clients.producer.KafkaProducer.doSend(KafkaProducer.java:1046)
	at org.apache.kafka.clients.producer.KafkaProducer.send(KafkaProducer.java:993)
	at org.apache.kafka.clients.producer.KafkaProducer.send(KafkaProducer.java:875)
	at io.apicurio.tests.serdes.apicurio.KafkaSerdesTester.lambda$produceMessages$3(KafkaSerdesTester.java:138)
	at java.base/java.util.concurrent.CompletableFuture$AsyncSupply.run(CompletableFuture.java:1768)
	at java.base/java.lang.Thread.run(Thread.java:840)
Caused by: io.apicurio.registry.rest.client.models.RuleViolationProblemDetails
	at io.apicurio.registry.rest.client.models.RuleViolationProblemDetails.createFromDiscriminatorValue(RuleViolationProblemDetails.java:62)
	at io.kiota.serialization.json.JsonParseNode.getObjectValue(JsonParseNode.java:247)
	at io.kiota.http.vertx.VertXRequestAdapter.lambda$throwIfFailedResponse$0(VertXRequestAdapter.java:400)
	at com.microsoft.kiota.ApiExceptionBuilder.<init>(ApiExceptionBuilder.java:26)
	at io.kiota.http.vertx.VertXRequestAdapter.throwIfFailedResponse(VertXRequestAdapter.java:399)
	at io.kiota.http.vertx.VertXRequestAdapter.send(VertXRequestAdapter.java:170)
	at io.apicurio.registry.rest.client.groups.item.artifacts.ArtifactsRequestBuilder.post(ArtifactsRequestBuilder.java:130)
	at io.apicurio.registry.resolver.DefaultSchemaResolver.lambda$handleAutoCreateArtifact$7(DefaultSchemaResolver.java:335)
	at io.apicurio.registry.resolver.ERCache.lambda$getValue$0(ERCache.java:181)
	at io.apicurio.registry.resolver.ERCache.retry(ERCache.java:234)
	... 15 more
]]></error>
    <system-out><![CDATA[2025-07-31 02:21:24,392 INFO  [io.api.tes.uti.TestSeparator] (main) ############################################################################
2025-07-31 02:21:24,392 INFO  [io.api.tes.uti.TestSeparator] (main) io.apicurio.tests.serdes.apicurio.AvroSerdeIT.testAvroUnionWithSpecificReader-STARTED
2025-07-31 02:21:24,404 INFO  [org.apa.kaf.cli.pro.ProducerConfig] (main) ProducerConfig values: 
	acks = -1
	auto.include.jmx.reporter = true
	batch.size = 16384
	bootstrap.servers = [PLAINTEXT://localhost:32770]
	buffer.memory = 33554432
	client.dns.lookup = use_all_dns_ips
	client.id = Producer-topic-db702310_6d22_4bfb_ae76_5ef9b20c7290
	compression.gzip.level = -1
	compression.lz4.level = 9
	compression.type = none
	compression.zstd.level = 3
	connections.max.idle.ms = 10000
	delivery.timeout.ms = 120000
	enable.idempotence = true
	enable.metrics.push = true
	interceptor.classes = []
	key.serializer = class org.apache.kafka.common.serialization.StringSerializer
	linger.ms = 0
	max.block.ms = 60000
	max.in.flight.requests.per.connection = 5
	max.request.size = 1048576
	metadata.max.age.ms = 300000
	metadata.max.idle.ms = 300000
	metadata.recovery.strategy = none
	metric.reporters = []
	metrics.num.samples = 2
	metrics.recording.level = INFO
	metrics.sample.window.ms = 30000
	partitioner.adaptive.partitioning.enable = true
	partitioner.availability.timeout.ms = 0
	partitioner.class = null
	partitioner.ignore.keys = false
	receive.buffer.bytes = 32768
	reconnect.backoff.max.ms = 1000
	reconnect.backoff.ms = 50
	request.timeout.ms = 5000
	retries = 2147483647
	retry.backoff.max.ms = 1000
	retry.backoff.ms = 100
	sasl.client.callback.handler.class = null
	sasl.jaas.config = null
	sasl.kerberos.kinit.cmd = /usr/bin/kinit
	sasl.kerberos.min.time.before.relogin = 60000
	sasl.kerberos.service.name = null
	sasl.kerberos.ticket.renew.jitter = 0.05
	sasl.kerberos.ticket.renew.window.factor = 0.8
	sasl.login.callback.handler.class = null
	sasl.login.class = null
	sasl.login.connect.timeout.ms = null
	sasl.login.read.timeout.ms = null
	sasl.login.refresh.buffer.seconds = 300
	sasl.login.refresh.min.period.seconds = 60
	sasl.login.refresh.window.factor = 0.8
	sasl.login.refresh.window.jitter = 0.05
	sasl.login.retry.backoff.max.ms = 10000
	sasl.login.retry.backoff.ms = 100
	sasl.mechanism = GSSAPI
	sasl.oauthbearer.clock.skew.seconds = 30
	sasl.oauthbearer.expected.audience = null
	sasl.oauthbearer.expected.issuer = null
	sasl.oauthbearer.header.urlencode = false
	sasl.oauthbearer.jwks.endpoint.refresh.ms = 3600000
	sasl.oauthbearer.jwks.endpoint.retry.backoff.max.ms = 10000
	sasl.oauthbearer.jwks.endpoint.retry.backoff.ms = 100
	sasl.oauthbearer.jwks.endpoint.url = null
	sasl.oauthbearer.scope.claim.name = scope
	sasl.oauthbearer.sub.claim.name = sub
	sasl.oauthbearer.token.endpoint.url = null
	security.protocol = PLAINTEXT
	security.providers = null
	send.buffer.bytes = 131072
	socket.connection.setup.timeout.max.ms = 30000
	socket.connection.setup.timeout.ms = 10000
	ssl.cipher.suites = null
	ssl.enabled.protocols = [TLSv1.2, TLSv1.3]
	ssl.endpoint.identification.algorithm = https
	ssl.engine.factory.class = null
	ssl.key.password = null
	ssl.keymanager.algorithm = SunX509
	ssl.keystore.certificate.chain = null
	ssl.keystore.key = null
	ssl.keystore.location = null
	ssl.keystore.password = null
	ssl.keystore.type = JKS
	ssl.protocol = TLSv1.3
	ssl.provider = null
	ssl.secure.random.implementation = null
	ssl.trustmanager.algorithm = PKIX
	ssl.truststore.certificates = null
	ssl.truststore.location = null
	ssl.truststore.password = null
	ssl.truststore.type = JKS
	transaction.timeout.ms = 60000
	transactional.id = null
	value.serializer = class io.apicurio.registry.serde.avro.AvroKafkaSerializer

2025-07-31 02:21:24,404 INFO  [org.apa.kaf.com.tel.int.KafkaMetricsCollector] (main) initializing Kafka metrics collector
2025-07-31 02:21:24,416 INFO  [org.apa.kaf.cli.pro.KafkaProducer] (main) [Producer clientId=Producer-topic-db702310_6d22_4bfb_ae76_5ef9b20c7290] Instantiated an idempotent producer.
2025-07-31 02:21:24,420 INFO  [org.apa.kaf.cli.pro.ProducerConfig] (main) These configurations '[apicurio.registry.url, apicurio.registry.auto-register, apicurio.registry.artifact-resolver-strategy]' were supplied but are not used yet.
2025-07-31 02:21:24,421 INFO  [org.apa.kaf.com.uti.AppInfoParser] (main) Kafka version: 3.9.0
2025-07-31 02:21:24,421 INFO  [org.apa.kaf.com.uti.AppInfoParser] (main) Kafka commitId: 84caaa6e9da06435
2025-07-31 02:21:24,421 INFO  [org.apa.kaf.com.uti.AppInfoParser] (main) Kafka startTimeMs: 1753928484420
2025-07-31 02:21:24,421 INFO  [io.api.tes.ser.api.SimpleSerdesTesterBuilder$SimpleSerdesTester] (main) Using producer configuration: {apicurio.registry.url=http://registry-app-inmemory.apps.ci419.apicurio-testing.org:80/apis/registry/v3, apicurio.registry.auto-register=true, apicurio.registry.artifact-resolver-strategy=io.apicurio.registry.serde.strategy.TopicIdStrategy, value.serializer=io.apicurio.registry.serde.avro.AvroKafkaSerializer, request.timeout.ms=5000, acks=all, bootstrap.servers=PLAINTEXT://localhost:32770, connections.max.idle.ms=10000, key.serializer=org.apache.kafka.common.serialization.StringSerializer, client.id=Producer-topic-db702310_6d22_4bfb_ae76_5ef9b20c7290}
2025-07-31 02:21:24,421 INFO  [io.api.tes.ser.api.SimpleSerdesTesterBuilder$SimpleSerdesTester] (main) Using consumer configuration: {}
2025-07-31 02:21:24,422 INFO  [io.api.tes.ser.api.KafkaSerdesTester] (Thread-171) Sending message {"id": "record-0"} to topic topic-db702310_6d22_4bfb_ae76_5ef9b20c7290
2025-07-31 02:21:24,438 WARN  [org.apa.kaf.cli.NetworkClient] (kafka-producer-network-thread | Producer-topic-db702310_6d22_4bfb_ae76_5ef9b20c7290) [Producer clientId=Producer-topic-db702310_6d22_4bfb_ae76_5ef9b20c7290] The metadata response from the cluster reported a recoverable issue with correlation id 2 : {topic-db702310_6d22_4bfb_ae76_5ef9b20c7290=LEADER_NOT_AVAILABLE}
2025-07-31 02:21:24,439 INFO  [org.apa.kaf.cli.Metadata] (kafka-producer-network-thread | Producer-topic-db702310_6d22_4bfb_ae76_5ef9b20c7290) [Producer clientId=Producer-topic-db702310_6d22_4bfb_ae76_5ef9b20c7290] Cluster ID: mFm4H5CuSae4mNeWY74G7g
2025-07-31 02:21:24,441 INFO  [org.apa.kaf.cli.pro.int.TransactionManager] (kafka-producer-network-thread | Producer-topic-db702310_6d22_4bfb_ae76_5ef9b20c7290) [Producer clientId=Producer-topic-db702310_6d22_4bfb_ae76_5ef9b20c7290] ProducerId set to 10 with epoch 0
2025-07-31 02:21:24,600 INFO  [io.api.tes.ser.api.KafkaSerdesTester] (Thread-171) Sending message {"value": 1} to topic topic-db702310_6d22_4bfb_ae76_5ef9b20c7290
2025-07-31 02:21:24,639 INFO  [org.apa.kaf.cli.pro.KafkaProducer] (Thread-171) [Producer clientId=Producer-topic-db702310_6d22_4bfb_ae76_5ef9b20c7290] Closing the Kafka producer with timeoutMillis = 9223372036854775807 ms.
2025-07-31 02:21:24,641 INFO  [org.apa.kaf.com.met.Metrics] (Thread-171) Metrics scheduler closed
2025-07-31 02:21:24,641 INFO  [org.apa.kaf.com.met.Metrics] (Thread-171) Closing reporter org.apache.kafka.common.metrics.JmxReporter
2025-07-31 02:21:24,641 INFO  [org.apa.kaf.com.met.Metrics] (Thread-171) Closing reporter org.apache.kafka.common.telemetry.internals.ClientTelemetryReporter
2025-07-31 02:21:24,641 INFO  [org.apa.kaf.com.met.Metrics] (Thread-171) Metrics reporters closed
2025-07-31 02:21:24,642 INFO  [org.apa.kaf.com.uti.AppInfoParser] (Thread-171) App info kafka.producer for Producer-topic-db702310_6d22_4bfb_ae76_5ef9b20c7290 unregistered
2025-07-31 02:21:24,646 INFO  [io.api.tes.uti.TestSeparator] (main) io.apicurio.tests.serdes.apicurio.AvroSerdeIT.testAvroUnionWithSpecificReader-FINISHED
2025-07-31 02:21:24,646 INFO  [io.api.tes.uti.TestSeparator] (main) ############################################################################
]]></system-out>
    <system-err><![CDATA[io.apicurio.registry.rest.client.models.RuleViolationProblemDetails
	at io.apicurio.registry.rest.client.models.RuleViolationProblemDetails.createFromDiscriminatorValue(RuleViolationProblemDetails.java:62)
	at io.kiota.serialization.json.JsonParseNode.getObjectValue(JsonParseNode.java:247)
	at io.kiota.http.vertx.VertXRequestAdapter.lambda$throwIfFailedResponse$0(VertXRequestAdapter.java:400)
	at com.microsoft.kiota.ApiExceptionBuilder.<init>(ApiExceptionBuilder.java:26)
	at io.kiota.http.vertx.VertXRequestAdapter.throwIfFailedResponse(VertXRequestAdapter.java:399)
	at io.kiota.http.vertx.VertXRequestAdapter.send(VertXRequestAdapter.java:170)
	at io.apicurio.registry.rest.client.groups.item.artifacts.ArtifactsRequestBuilder.post(ArtifactsRequestBuilder.java:130)
	at io.apicurio.registry.resolver.DefaultSchemaResolver.lambda$handleAutoCreateArtifact$7(DefaultSchemaResolver.java:335)
	at io.apicurio.registry.resolver.ERCache.lambda$getValue$0(ERCache.java:181)
	at io.apicurio.registry.resolver.ERCache.retry(ERCache.java:234)
	at io.apicurio.registry.resolver.ERCache.getValue(ERCache.java:180)
	at io.apicurio.registry.resolver.ERCache.getByContent(ERCache.java:154)
	at io.apicurio.registry.resolver.DefaultSchemaResolver.handleAutoCreateArtifact(DefaultSchemaResolver.java:319)
	at io.apicurio.registry.resolver.DefaultSchemaResolver.getSchemaFromRegistry(DefaultSchemaResolver.java:124)
	at io.apicurio.registry.resolver.DefaultSchemaResolver.lambda$resolveSchema$0(DefaultSchemaResolver.java:86)
	at java.base/java.util.Optional.orElseGet(Optional.java:364)
	at io.apicurio.registry.resolver.DefaultSchemaResolver.resolveSchema(DefaultSchemaResolver.java:86)
	at io.apicurio.registry.serde.AbstractSerializer.serializeData(AbstractSerializer.java:62)
	at io.apicurio.registry.serde.KafkaSerializer.serialize(KafkaSerializer.java:77)
	at org.apache.kafka.clients.producer.KafkaProducer.doSend(KafkaProducer.java:1046)
	at org.apache.kafka.clients.producer.KafkaProducer.send(KafkaProducer.java:993)
	at org.apache.kafka.clients.producer.KafkaProducer.send(KafkaProducer.java:875)
	at io.apicurio.tests.serdes.apicurio.KafkaSerdesTester.lambda$produceMessages$3(KafkaSerdesTester.java:138)
	at java.base/java.util.concurrent.CompletableFuture$AsyncSupply.run(CompletableFuture.java:1768)
	at java.base/java.lang.Thread.run(Thread.java:840)
]]></system-err>
  </testcase>
  <testcase name="testEvolveAvroApicurioReusingClient" classname="io.apicurio.tests.serdes.apicurio.AvroSerdeIT" time="1.23">
    <error type="io.apicurio.registry.rest.client.models.RuleViolationProblemDetails"><![CDATA[io.apicurio.registry.rest.client.models.RuleViolationProblemDetails
	at io.apicurio.registry.rest.client.models.RuleViolationProblemDetails.createFromDiscriminatorValue(RuleViolationProblemDetails.java:62)
	at io.kiota.serialization.json.JsonParseNode.getObjectValue(JsonParseNode.java:247)
	at io.kiota.http.vertx.VertXRequestAdapter.lambda$throwIfFailedResponse$0(VertXRequestAdapter.java:400)
	at com.microsoft.kiota.ApiExceptionBuilder.<init>(ApiExceptionBuilder.java:26)
	at io.kiota.http.vertx.VertXRequestAdapter.throwIfFailedResponse(VertXRequestAdapter.java:399)
	at io.kiota.http.vertx.VertXRequestAdapter.send(VertXRequestAdapter.java:170)
	at io.apicurio.registry.rest.client.groups.item.artifacts.item.versions.VersionsRequestBuilder.post(VersionsRequestBuilder.java:117)
	at io.apicurio.registry.rest.client.groups.item.artifacts.item.versions.VersionsRequestBuilder.post(VersionsRequestBuilder.java:94)
	at io.apicurio.tests.ApicurioRegistryBaseIT.createArtifactVersion(ApicurioRegistryBaseIT.java:153)
	at io.apicurio.tests.serdes.apicurio.AvroSerdeIT.evolveSchemaTest(AvroSerdeIT.java:337)
	at io.apicurio.tests.serdes.apicurio.AvroSerdeIT.testEvolveAvroApicurioReusingClient(AvroSerdeIT.java:281)
	at java.base/java.lang.reflect.Method.invoke(Method.java:569)
	at java.base/java.util.ArrayList.forEach(ArrayList.java:1511)
	at java.base/java.util.ArrayList.forEach(ArrayList.java:1511)
]]></error>
    <system-out><![CDATA[2025-07-31 02:21:24,651 INFO  [io.api.tes.uti.TestSeparator] (main) ############################################################################
2025-07-31 02:21:24,651 INFO  [io.api.tes.uti.TestSeparator] (main) io.apicurio.tests.serdes.apicurio.AvroSerdeIT.testEvolveAvroApicurioReusingClient-STARTED
2025-07-31 02:21:24,654 INFO  [io.api.tes.ser.api.AvroSerdeIT] (main) Registering Avro Schema: {"type":"record","name":"sc21d7467x4bd5x4e05xb467xb9fc42cc4623","namespace":"ns_d46d3207_b08b_481d_bc96_d9256de67565","fields":[{"name":"key11753928484652","type":"string"}]}
2025-07-31 02:21:25,710 INFO  [org.apa.kaf.cli.pro.ProducerConfig] (main) ProducerConfig values: 
	acks = -1
	auto.include.jmx.reporter = true
	batch.size = 16384
	bootstrap.servers = [PLAINTEXT://localhost:32770]
	buffer.memory = 33554432
	client.dns.lookup = use_all_dns_ips
	client.id = Producer-topic-c9b7d503_a809_4140_aef3_a1a062637eb9
	compression.gzip.level = -1
	compression.lz4.level = 9
	compression.type = none
	compression.zstd.level = 3
	connections.max.idle.ms = 10000
	delivery.timeout.ms = 120000
	enable.idempotence = true
	enable.metrics.push = true
	interceptor.classes = []
	key.serializer = class org.apache.kafka.common.serialization.StringSerializer
	linger.ms = 0
	max.block.ms = 60000
	max.in.flight.requests.per.connection = 5
	max.request.size = 1048576
	metadata.max.age.ms = 300000
	metadata.max.idle.ms = 300000
	metadata.recovery.strategy = none
	metric.reporters = []
	metrics.num.samples = 2
	metrics.recording.level = INFO
	metrics.sample.window.ms = 30000
	partitioner.adaptive.partitioning.enable = true
	partitioner.availability.timeout.ms = 0
	partitioner.class = null
	partitioner.ignore.keys = false
	receive.buffer.bytes = 32768
	reconnect.backoff.max.ms = 1000
	reconnect.backoff.ms = 50
	request.timeout.ms = 5000
	retries = 2147483647
	retry.backoff.max.ms = 1000
	retry.backoff.ms = 100
	sasl.client.callback.handler.class = null
	sasl.jaas.config = null
	sasl.kerberos.kinit.cmd = /usr/bin/kinit
	sasl.kerberos.min.time.before.relogin = 60000
	sasl.kerberos.service.name = null
	sasl.kerberos.ticket.renew.jitter = 0.05
	sasl.kerberos.ticket.renew.window.factor = 0.8
	sasl.login.callback.handler.class = null
	sasl.login.class = null
	sasl.login.connect.timeout.ms = null
	sasl.login.read.timeout.ms = null
	sasl.login.refresh.buffer.seconds = 300
	sasl.login.refresh.min.period.seconds = 60
	sasl.login.refresh.window.factor = 0.8
	sasl.login.refresh.window.jitter = 0.05
	sasl.login.retry.backoff.max.ms = 10000
	sasl.login.retry.backoff.ms = 100
	sasl.mechanism = GSSAPI
	sasl.oauthbearer.clock.skew.seconds = 30
	sasl.oauthbearer.expected.audience = null
	sasl.oauthbearer.expected.issuer = null
	sasl.oauthbearer.header.urlencode = false
	sasl.oauthbearer.jwks.endpoint.refresh.ms = 3600000
	sasl.oauthbearer.jwks.endpoint.retry.backoff.max.ms = 10000
	sasl.oauthbearer.jwks.endpoint.retry.backoff.ms = 100
	sasl.oauthbearer.jwks.endpoint.url = null
	sasl.oauthbearer.scope.claim.name = scope
	sasl.oauthbearer.sub.claim.name = sub
	sasl.oauthbearer.token.endpoint.url = null
	security.protocol = PLAINTEXT
	security.providers = null
	send.buffer.bytes = 131072
	socket.connection.setup.timeout.max.ms = 30000
	socket.connection.setup.timeout.ms = 10000
	ssl.cipher.suites = null
	ssl.enabled.protocols = [TLSv1.2, TLSv1.3]
	ssl.endpoint.identification.algorithm = https
	ssl.engine.factory.class = null
	ssl.key.password = null
	ssl.keymanager.algorithm = SunX509
	ssl.keystore.certificate.chain = null
	ssl.keystore.key = null
	ssl.keystore.location = null
	ssl.keystore.password = null
	ssl.keystore.type = JKS
	ssl.protocol = TLSv1.3
	ssl.provider = null
	ssl.secure.random.implementation = null
	ssl.trustmanager.algorithm = PKIX
	ssl.truststore.certificates = null
	ssl.truststore.location = null
	ssl.truststore.password = null
	ssl.truststore.type = JKS
	transaction.timeout.ms = 60000
	transactional.id = null
	value.serializer = class io.apicurio.registry.serde.avro.AvroKafkaSerializer

2025-07-31 02:21:25,710 INFO  [org.apa.kaf.com.tel.int.KafkaMetricsCollector] (main) initializing Kafka metrics collector
2025-07-31 02:21:25,713 INFO  [org.apa.kaf.cli.pro.KafkaProducer] (main) [Producer clientId=Producer-topic-c9b7d503_a809_4140_aef3_a1a062637eb9] Instantiated an idempotent producer.
2025-07-31 02:21:25,715 INFO  [org.apa.kaf.cli.pro.ProducerConfig] (main) These configurations '[apicurio.registry.url, apicurio.registry.artifact-resolver-strategy]' were supplied but are not used yet.
2025-07-31 02:21:25,715 INFO  [org.apa.kaf.com.uti.AppInfoParser] (main) Kafka version: 3.9.0
2025-07-31 02:21:25,715 INFO  [org.apa.kaf.com.uti.AppInfoParser] (main) Kafka commitId: 84caaa6e9da06435
2025-07-31 02:21:25,715 INFO  [org.apa.kaf.com.uti.AppInfoParser] (main) Kafka startTimeMs: 1753928485715
2025-07-31 02:21:25,716 INFO  [org.apa.kaf.cli.con.ConsumerConfig] (main) ConsumerConfig values: 
	allow.auto.create.topics = true
	auto.commit.interval.ms = 500
	auto.include.jmx.reporter = true
	auto.offset.reset = earliest
	bootstrap.servers = [PLAINTEXT://localhost:32770]
	check.crcs = true
	client.dns.lookup = use_all_dns_ips
	client.id = consumer-Consumer-topic-c9b7d503_a809_4140_aef3_a1a062637eb9-8
	client.rack = 
	connections.max.idle.ms = 10000
	default.api.timeout.ms = 60000
	enable.auto.commit = true
	enable.metrics.push = true
	exclude.internal.topics = true
	fetch.max.bytes = 52428800
	fetch.max.wait.ms = 500
	fetch.min.bytes = 1
	group.id = Consumer-topic-c9b7d503_a809_4140_aef3_a1a062637eb9
	group.instance.id = null
	group.protocol = classic
	group.remote.assignor = null
	heartbeat.interval.ms = 3000
	interceptor.classes = []
	internal.leave.group.on.close = true
	internal.throw.on.fetch.stable.offset.unsupported = false
	isolation.level = read_uncommitted
	key.deserializer = class org.apache.kafka.common.serialization.StringDeserializer
	max.partition.fetch.bytes = 1048576
	max.poll.interval.ms = 300000
	max.poll.records = 500
	metadata.max.age.ms = 300000
	metadata.recovery.strategy = none
	metric.reporters = []
	metrics.num.samples = 2
	metrics.recording.level = INFO
	metrics.sample.window.ms = 30000
	partition.assignment.strategy = [class org.apache.kafka.clients.consumer.RangeAssignor, class org.apache.kafka.clients.consumer.CooperativeStickyAssignor]
	receive.buffer.bytes = 65536
	reconnect.backoff.max.ms = 1000
	reconnect.backoff.ms = 50
	request.timeout.ms = 5000
	retry.backoff.max.ms = 1000
	retry.backoff.ms = 100
	sasl.client.callback.handler.class = null
	sasl.jaas.config = null
	sasl.kerberos.kinit.cmd = /usr/bin/kinit
	sasl.kerberos.min.time.before.relogin = 60000
	sasl.kerberos.service.name = null
	sasl.kerberos.ticket.renew.jitter = 0.05
	sasl.kerberos.ticket.renew.window.factor = 0.8
	sasl.login.callback.handler.class = null
	sasl.login.class = null
	sasl.login.connect.timeout.ms = null
	sasl.login.read.timeout.ms = null
	sasl.login.refresh.buffer.seconds = 300
	sasl.login.refresh.min.period.seconds = 60
	sasl.login.refresh.window.factor = 0.8
	sasl.login.refresh.window.jitter = 0.05
	sasl.login.retry.backoff.max.ms = 10000
	sasl.login.retry.backoff.ms = 100
	sasl.mechanism = GSSAPI
	sasl.oauthbearer.clock.skew.seconds = 30
	sasl.oauthbearer.expected.audience = null
	sasl.oauthbearer.expected.issuer = null
	sasl.oauthbearer.header.urlencode = false
	sasl.oauthbearer.jwks.endpoint.refresh.ms = 3600000
	sasl.oauthbearer.jwks.endpoint.retry.backoff.max.ms = 10000
	sasl.oauthbearer.jwks.endpoint.retry.backoff.ms = 100
	sasl.oauthbearer.jwks.endpoint.url = null
	sasl.oauthbearer.scope.claim.name = scope
	sasl.oauthbearer.sub.claim.name = sub
	sasl.oauthbearer.token.endpoint.url = null
	security.protocol = PLAINTEXT
	security.providers = null
	send.buffer.bytes = 131072
	session.timeout.ms = 45000
	socket.connection.setup.timeout.max.ms = 30000
	socket.connection.setup.timeout.ms = 10000
	ssl.cipher.suites = null
	ssl.enabled.protocols = [TLSv1.2, TLSv1.3]
	ssl.endpoint.identification.algorithm = https
	ssl.engine.factory.class = null
	ssl.key.password = null
	ssl.keymanager.algorithm = SunX509
	ssl.keystore.certificate.chain = null
	ssl.keystore.key = null
	ssl.keystore.location = null
	ssl.keystore.password = null
	ssl.keystore.type = JKS
	ssl.protocol = TLSv1.3
	ssl.provider = null
	ssl.secure.random.implementation = null
	ssl.trustmanager.algorithm = PKIX
	ssl.truststore.certificates = null
	ssl.truststore.location = null
	ssl.truststore.password = null
	ssl.truststore.type = JKS
	value.deserializer = class io.apicurio.registry.serde.avro.AvroKafkaDeserializer

2025-07-31 02:21:25,717 INFO  [org.apa.kaf.com.tel.int.KafkaMetricsCollector] (main) initializing Kafka metrics collector
2025-07-31 02:21:25,722 INFO  [org.apa.kaf.cli.Metadata] (kafka-producer-network-thread | Producer-topic-c9b7d503_a809_4140_aef3_a1a062637eb9) [Producer clientId=Producer-topic-c9b7d503_a809_4140_aef3_a1a062637eb9] Cluster ID: mFm4H5CuSae4mNeWY74G7g
2025-07-31 02:21:25,723 INFO  [org.apa.kaf.cli.con.ConsumerConfig] (main) These configurations '[apicurio.registry.url]' were supplied but are not used yet.
2025-07-31 02:21:25,724 INFO  [org.apa.kaf.com.uti.AppInfoParser] (main) Kafka version: 3.9.0
2025-07-31 02:21:25,724 INFO  [org.apa.kaf.com.uti.AppInfoParser] (main) Kafka commitId: 84caaa6e9da06435
2025-07-31 02:21:25,724 INFO  [org.apa.kaf.com.uti.AppInfoParser] (main) Kafka startTimeMs: 1753928485723
2025-07-31 02:21:25,725 INFO  [org.apa.kaf.cli.pro.int.TransactionManager] (kafka-producer-network-thread | Producer-topic-c9b7d503_a809_4140_aef3_a1a062637eb9) [Producer clientId=Producer-topic-c9b7d503_a809_4140_aef3_a1a062637eb9] ProducerId set to 11 with epoch 0
2025-07-31 02:21:25,726 INFO  [io.api.tes.ser.api.KafkaSerdesTester] (Thread-176) Sending message {"key11753928484652": "value-0"} to topic topic-c9b7d503_a809_4140_aef3_a1a062637eb9
2025-07-31 02:21:25,733 INFO  [DefaultSchemaResolver] (Thread-176) Retrieving schema content using string: {"type":"record","name":"sc21d7467x4bd5x4e05xb467xb9fc42cc4623","namespace":"ns_d46d3207_b08b_481d_bc96_d9256de67565","fields":[{"name":"key11753928484652","type":"string"}]}
2025-07-31 02:21:25,761 INFO  [io.api.tes.ser.api.KafkaSerdesTester] (Thread-176) Sending message {"key11753928484652": "value-1"} to topic topic-c9b7d503_a809_4140_aef3_a1a062637eb9
2025-07-31 02:21:25,764 INFO  [io.api.tes.ser.api.KafkaSerdesTester] (Thread-176) Sending message {"key11753928484652": "value-2"} to topic topic-c9b7d503_a809_4140_aef3_a1a062637eb9
2025-07-31 02:21:25,767 INFO  [io.api.tes.ser.api.KafkaSerdesTester] (Thread-176) Sending message {"key11753928484652": "value-3"} to topic topic-c9b7d503_a809_4140_aef3_a1a062637eb9
2025-07-31 02:21:25,769 INFO  [io.api.tes.ser.api.KafkaSerdesTester] (Thread-176) Sending message {"key11753928484652": "value-4"} to topic topic-c9b7d503_a809_4140_aef3_a1a062637eb9
2025-07-31 02:21:25,771 INFO  [io.api.tes.ser.api.KafkaSerdesTester] (Thread-176) Sending message {"key11753928484652": "value-5"} to topic topic-c9b7d503_a809_4140_aef3_a1a062637eb9
2025-07-31 02:21:25,773 INFO  [io.api.tes.ser.api.KafkaSerdesTester] (Thread-176) Sending message {"key11753928484652": "value-6"} to topic topic-c9b7d503_a809_4140_aef3_a1a062637eb9
2025-07-31 02:21:25,775 INFO  [io.api.tes.ser.api.KafkaSerdesTester] (Thread-176) Sending message {"key11753928484652": "value-7"} to topic topic-c9b7d503_a809_4140_aef3_a1a062637eb9
2025-07-31 02:21:25,777 INFO  [io.api.tes.ser.api.KafkaSerdesTester] (Thread-176) Sending message {"key11753928484652": "value-8"} to topic topic-c9b7d503_a809_4140_aef3_a1a062637eb9
2025-07-31 02:21:25,779 INFO  [io.api.tes.ser.api.KafkaSerdesTester] (Thread-176) Sending message {"key11753928484652": "value-9"} to topic topic-c9b7d503_a809_4140_aef3_a1a062637eb9
2025-07-31 02:21:25,781 INFO  [io.api.tes.ser.api.KafkaSerdesTester] (Thread-176) Produced 10 messages
2025-07-31 02:21:25,782 INFO  [org.apa.kaf.cli.con.int.ClassicKafkaConsumer] (Thread-177) [Consumer clientId=consumer-Consumer-topic-c9b7d503_a809_4140_aef3_a1a062637eb9-8, groupId=Consumer-topic-c9b7d503_a809_4140_aef3_a1a062637eb9] Subscribed to topic(s): topic-c9b7d503_a809_4140_aef3_a1a062637eb9
2025-07-31 02:21:25,790 INFO  [org.apa.kaf.cli.Metadata] (Thread-177) [Consumer clientId=consumer-Consumer-topic-c9b7d503_a809_4140_aef3_a1a062637eb9-8, groupId=Consumer-topic-c9b7d503_a809_4140_aef3_a1a062637eb9] Cluster ID: mFm4H5CuSae4mNeWY74G7g
2025-07-31 02:21:25,792 INFO  [org.apa.kaf.cli.con.int.ConsumerCoordinator] (Thread-177) [Consumer clientId=consumer-Consumer-topic-c9b7d503_a809_4140_aef3_a1a062637eb9-8, groupId=Consumer-topic-c9b7d503_a809_4140_aef3_a1a062637eb9] Discovered group coordinator localhost:32770 (id: 2147483647 rack: null)
2025-07-31 02:21:25,794 INFO  [org.apa.kaf.cli.con.int.ConsumerCoordinator] (Thread-177) [Consumer clientId=consumer-Consumer-topic-c9b7d503_a809_4140_aef3_a1a062637eb9-8, groupId=Consumer-topic-c9b7d503_a809_4140_aef3_a1a062637eb9] (Re-)joining group
2025-07-31 02:21:25,801 INFO  [org.apa.kaf.cli.con.int.ConsumerCoordinator] (Thread-177) [Consumer clientId=consumer-Consumer-topic-c9b7d503_a809_4140_aef3_a1a062637eb9-8, groupId=Consumer-topic-c9b7d503_a809_4140_aef3_a1a062637eb9] Request joining group due to: need to re-join with the given member-id: consumer-Consumer-topic-c9b7d503_a809_4140_aef3_a1a062637eb9-8-4c58dbda-5f7e-4cfd-8885-e09b0fb26000
2025-07-31 02:21:25,801 INFO  [org.apa.kaf.cli.con.int.ConsumerCoordinator] (Thread-177) [Consumer clientId=consumer-Consumer-topic-c9b7d503_a809_4140_aef3_a1a062637eb9-8, groupId=Consumer-topic-c9b7d503_a809_4140_aef3_a1a062637eb9] (Re-)joining group
2025-07-31 02:21:25,804 INFO  [org.apa.kaf.cli.con.int.ConsumerCoordinator] (Thread-177) [Consumer clientId=consumer-Consumer-topic-c9b7d503_a809_4140_aef3_a1a062637eb9-8, groupId=Consumer-topic-c9b7d503_a809_4140_aef3_a1a062637eb9] Successfully joined group with generation Generation{generationId=1, memberId='consumer-Consumer-topic-c9b7d503_a809_4140_aef3_a1a062637eb9-8-4c58dbda-5f7e-4cfd-8885-e09b0fb26000', protocol='range'}
2025-07-31 02:21:25,804 INFO  [org.apa.kaf.cli.con.int.ConsumerCoordinator] (Thread-177) [Consumer clientId=consumer-Consumer-topic-c9b7d503_a809_4140_aef3_a1a062637eb9-8, groupId=Consumer-topic-c9b7d503_a809_4140_aef3_a1a062637eb9] Finished assignment for group at generation 1: {consumer-Consumer-topic-c9b7d503_a809_4140_aef3_a1a062637eb9-8-4c58dbda-5f7e-4cfd-8885-e09b0fb26000=Assignment(partitions=[topic-c9b7d503_a809_4140_aef3_a1a062637eb9-0])}
2025-07-31 02:21:25,808 INFO  [org.apa.kaf.cli.con.int.ConsumerCoordinator] (Thread-177) [Consumer clientId=consumer-Consumer-topic-c9b7d503_a809_4140_aef3_a1a062637eb9-8, groupId=Consumer-topic-c9b7d503_a809_4140_aef3_a1a062637eb9] Successfully synced group in generation Generation{generationId=1, memberId='consumer-Consumer-topic-c9b7d503_a809_4140_aef3_a1a062637eb9-8-4c58dbda-5f7e-4cfd-8885-e09b0fb26000', protocol='range'}
2025-07-31 02:21:25,808 INFO  [org.apa.kaf.cli.con.int.ConsumerCoordinator] (Thread-177) [Consumer clientId=consumer-Consumer-topic-c9b7d503_a809_4140_aef3_a1a062637eb9-8, groupId=Consumer-topic-c9b7d503_a809_4140_aef3_a1a062637eb9] Notifying assignor about the new Assignment(partitions=[topic-c9b7d503_a809_4140_aef3_a1a062637eb9-0])
2025-07-31 02:21:25,808 INFO  [org.apa.kaf.cli.con.int.ConsumerRebalanceListenerInvoker] (Thread-177) [Consumer clientId=consumer-Consumer-topic-c9b7d503_a809_4140_aef3_a1a062637eb9-8, groupId=Consumer-topic-c9b7d503_a809_4140_aef3_a1a062637eb9] Adding newly assigned partitions: topic-c9b7d503_a809_4140_aef3_a1a062637eb9-0
2025-07-31 02:21:25,809 INFO  [org.apa.kaf.cli.con.int.ConsumerCoordinator] (Thread-177) [Consumer clientId=consumer-Consumer-topic-c9b7d503_a809_4140_aef3_a1a062637eb9-8, groupId=Consumer-topic-c9b7d503_a809_4140_aef3_a1a062637eb9] Found no committed offset for partition topic-c9b7d503_a809_4140_aef3_a1a062637eb9-0
2025-07-31 02:21:25,816 INFO  [org.apa.kaf.cli.con.int.SubscriptionState] (Thread-177) [Consumer clientId=consumer-Consumer-topic-c9b7d503_a809_4140_aef3_a1a062637eb9-8, groupId=Consumer-topic-c9b7d503_a809_4140_aef3_a1a062637eb9] Resetting offset for partition topic-c9b7d503_a809_4140_aef3_a1a062637eb9-0 to position FetchPosition{offset=0, offsetEpoch=Optional.empty, currentLeader=LeaderAndEpoch{leader=Optional[localhost:32770 (id: 0 rack: null)], epoch=0}}.
2025-07-31 02:21:25,858 INFO  [io.api.tes.ser.api.KafkaSerdesTester] (Thread-177) topic-c9b7d503_a809_4140_aef3_a1a062637eb9 0 0 {"key11753928484652": "value-0"}
2025-07-31 02:21:25,858 INFO  [io.api.tes.ser.api.KafkaSerdesTester] (Thread-177) topic-c9b7d503_a809_4140_aef3_a1a062637eb9 0 1 {"key11753928484652": "value-1"}
2025-07-31 02:21:25,858 INFO  [io.api.tes.ser.api.KafkaSerdesTester] (Thread-177) topic-c9b7d503_a809_4140_aef3_a1a062637eb9 0 2 {"key11753928484652": "value-2"}
2025-07-31 02:21:25,858 INFO  [io.api.tes.ser.api.KafkaSerdesTester] (Thread-177) topic-c9b7d503_a809_4140_aef3_a1a062637eb9 0 3 {"key11753928484652": "value-3"}
2025-07-31 02:21:25,858 INFO  [io.api.tes.ser.api.KafkaSerdesTester] (Thread-177) topic-c9b7d503_a809_4140_aef3_a1a062637eb9 0 4 {"key11753928484652": "value-4"}
2025-07-31 02:21:25,858 INFO  [io.api.tes.ser.api.KafkaSerdesTester] (Thread-177) topic-c9b7d503_a809_4140_aef3_a1a062637eb9 0 5 {"key11753928484652": "value-5"}
2025-07-31 02:21:25,858 INFO  [io.api.tes.ser.api.KafkaSerdesTester] (Thread-177) topic-c9b7d503_a809_4140_aef3_a1a062637eb9 0 6 {"key11753928484652": "value-6"}
2025-07-31 02:21:25,858 INFO  [io.api.tes.ser.api.KafkaSerdesTester] (Thread-177) topic-c9b7d503_a809_4140_aef3_a1a062637eb9 0 7 {"key11753928484652": "value-7"}
2025-07-31 02:21:25,860 INFO  [io.api.tes.ser.api.KafkaSerdesTester] (Thread-177) topic-c9b7d503_a809_4140_aef3_a1a062637eb9 0 8 {"key11753928484652": "value-8"}
2025-07-31 02:21:25,860 INFO  [io.api.tes.ser.api.KafkaSerdesTester] (Thread-177) topic-c9b7d503_a809_4140_aef3_a1a062637eb9 0 9 {"key11753928484652": "value-9"}
2025-07-31 02:21:25,860 INFO  [io.api.tes.ser.api.KafkaSerdesTester] (Thread-177) Consumed 10 messages
2025-07-31 02:21:25,861 INFO  [io.api.tes.ser.api.AvroSerdeIT] (main) Registering Avro Schema 2: {"type":"record","name":"sc21d7467x4bd5x4e05xb467xb9fc42cc4623","namespace":"ns_d46d3207_b08b_481d_bc96_d9256de67565","fields":[{"name":"key11753928484652","type":"string"},{"name":"key21753928485860","type":"string"}]}
2025-07-31 02:21:25,880 INFO  [io.api.tes.uti.TestSeparator] (main) io.apicurio.tests.serdes.apicurio.AvroSerdeIT.testEvolveAvroApicurioReusingClient-FINISHED
2025-07-31 02:21:25,880 INFO  [io.api.tes.uti.TestSeparator] (main) ############################################################################
]]></system-out>
  </testcase>
  <testcase name="testProducerUsesDefaultConsumerUsesGlobalId" classname="io.apicurio.tests.serdes.apicurio.AvroSerdeIT" time="0.0">
    <skipped message="void io.apicurio.tests.serdes.apicurio.AvroSerdeIT.testProducerUsesDefaultConsumerUsesGlobalId() throws java.lang.Exception is @Disabled"/>
  </testcase>
  <testcase name="testEvolveAvroApicurio" classname="io.apicurio.tests.serdes.apicurio.AvroSerdeIT" time="1.741">
    <error type="io.apicurio.registry.rest.client.models.RuleViolationProblemDetails"><![CDATA[io.apicurio.registry.rest.client.models.RuleViolationProblemDetails
	at io.apicurio.registry.rest.client.models.RuleViolationProblemDetails.createFromDiscriminatorValue(RuleViolationProblemDetails.java:62)
	at io.kiota.serialization.json.JsonParseNode.getObjectValue(JsonParseNode.java:247)
	at io.kiota.http.vertx.VertXRequestAdapter.lambda$throwIfFailedResponse$0(VertXRequestAdapter.java:400)
	at com.microsoft.kiota.ApiExceptionBuilder.<init>(ApiExceptionBuilder.java:26)
	at io.kiota.http.vertx.VertXRequestAdapter.throwIfFailedResponse(VertXRequestAdapter.java:399)
	at io.kiota.http.vertx.VertXRequestAdapter.send(VertXRequestAdapter.java:170)
	at io.apicurio.registry.rest.client.groups.item.artifacts.item.versions.VersionsRequestBuilder.post(VersionsRequestBuilder.java:117)
	at io.apicurio.registry.rest.client.groups.item.artifacts.item.versions.VersionsRequestBuilder.post(VersionsRequestBuilder.java:94)
	at io.apicurio.tests.ApicurioRegistryBaseIT.createArtifactVersion(ApicurioRegistryBaseIT.java:153)
	at io.apicurio.tests.serdes.apicurio.AvroSerdeIT.evolveSchemaTest(AvroSerdeIT.java:337)
	at io.apicurio.tests.serdes.apicurio.AvroSerdeIT.testEvolveAvroApicurio(AvroSerdeIT.java:275)
	at java.base/java.lang.reflect.Method.invoke(Method.java:569)
	at java.base/java.util.ArrayList.forEach(ArrayList.java:1511)
	at java.base/java.util.ArrayList.forEach(ArrayList.java:1511)
]]></error>
    <system-out><![CDATA[2025-07-31 02:21:25,887 INFO  [io.api.tes.uti.TestSeparator] (main) ############################################################################
2025-07-31 02:21:25,887 INFO  [io.api.tes.uti.TestSeparator] (main) io.apicurio.tests.serdes.apicurio.AvroSerdeIT.testEvolveAvroApicurio-STARTED
2025-07-31 02:21:25,890 INFO  [io.api.tes.ser.api.AvroSerdeIT] (main) Registering Avro Schema: {"type":"record","name":"sd9e76e3fxc93fx4d2dxae83xafcfccff918e","namespace":"ns_d76a8fdb_d9fa_453f_b8f8_4611bdd597b4","fields":[{"name":"key11753928485889","type":"string"}]}
2025-07-31 02:21:26,923 INFO  [org.apa.kaf.cli.pro.ProducerConfig] (main) ProducerConfig values: 
	acks = -1
	auto.include.jmx.reporter = true
	batch.size = 16384
	bootstrap.servers = [PLAINTEXT://localhost:32770]
	buffer.memory = 33554432
	client.dns.lookup = use_all_dns_ips
	client.id = Producer-topic-32f8d6bd_4e0d_4a6a_9c34_3a52c21398ab
	compression.gzip.level = -1
	compression.lz4.level = 9
	compression.type = none
	compression.zstd.level = 3
	connections.max.idle.ms = 10000
	delivery.timeout.ms = 120000
	enable.idempotence = true
	enable.metrics.push = true
	interceptor.classes = []
	key.serializer = class org.apache.kafka.common.serialization.StringSerializer
	linger.ms = 0
	max.block.ms = 60000
	max.in.flight.requests.per.connection = 5
	max.request.size = 1048576
	metadata.max.age.ms = 300000
	metadata.max.idle.ms = 300000
	metadata.recovery.strategy = none
	metric.reporters = []
	metrics.num.samples = 2
	metrics.recording.level = INFO
	metrics.sample.window.ms = 30000
	partitioner.adaptive.partitioning.enable = true
	partitioner.availability.timeout.ms = 0
	partitioner.class = null
	partitioner.ignore.keys = false
	receive.buffer.bytes = 32768
	reconnect.backoff.max.ms = 1000
	reconnect.backoff.ms = 50
	request.timeout.ms = 5000
	retries = 2147483647
	retry.backoff.max.ms = 1000
	retry.backoff.ms = 100
	sasl.client.callback.handler.class = null
	sasl.jaas.config = null
	sasl.kerberos.kinit.cmd = /usr/bin/kinit
	sasl.kerberos.min.time.before.relogin = 60000
	sasl.kerberos.service.name = null
	sasl.kerberos.ticket.renew.jitter = 0.05
	sasl.kerberos.ticket.renew.window.factor = 0.8
	sasl.login.callback.handler.class = null
	sasl.login.class = null
	sasl.login.connect.timeout.ms = null
	sasl.login.read.timeout.ms = null
	sasl.login.refresh.buffer.seconds = 300
	sasl.login.refresh.min.period.seconds = 60
	sasl.login.refresh.window.factor = 0.8
	sasl.login.refresh.window.jitter = 0.05
	sasl.login.retry.backoff.max.ms = 10000
	sasl.login.retry.backoff.ms = 100
	sasl.mechanism = GSSAPI
	sasl.oauthbearer.clock.skew.seconds = 30
	sasl.oauthbearer.expected.audience = null
	sasl.oauthbearer.expected.issuer = null
	sasl.oauthbearer.header.urlencode = false
	sasl.oauthbearer.jwks.endpoint.refresh.ms = 3600000
	sasl.oauthbearer.jwks.endpoint.retry.backoff.max.ms = 10000
	sasl.oauthbearer.jwks.endpoint.retry.backoff.ms = 100
	sasl.oauthbearer.jwks.endpoint.url = null
	sasl.oauthbearer.scope.claim.name = scope
	sasl.oauthbearer.sub.claim.name = sub
	sasl.oauthbearer.token.endpoint.url = null
	security.protocol = PLAINTEXT
	security.providers = null
	send.buffer.bytes = 131072
	socket.connection.setup.timeout.max.ms = 30000
	socket.connection.setup.timeout.ms = 10000
	ssl.cipher.suites = null
	ssl.enabled.protocols = [TLSv1.2, TLSv1.3]
	ssl.endpoint.identification.algorithm = https
	ssl.engine.factory.class = null
	ssl.key.password = null
	ssl.keymanager.algorithm = SunX509
	ssl.keystore.certificate.chain = null
	ssl.keystore.key = null
	ssl.keystore.location = null
	ssl.keystore.password = null
	ssl.keystore.type = JKS
	ssl.protocol = TLSv1.3
	ssl.provider = null
	ssl.secure.random.implementation = null
	ssl.trustmanager.algorithm = PKIX
	ssl.truststore.certificates = null
	ssl.truststore.location = null
	ssl.truststore.password = null
	ssl.truststore.type = JKS
	transaction.timeout.ms = 60000
	transactional.id = null
	value.serializer = class io.apicurio.registry.serde.avro.AvroKafkaSerializer

2025-07-31 02:21:26,924 INFO  [org.apa.kaf.com.tel.int.KafkaMetricsCollector] (main) initializing Kafka metrics collector
2025-07-31 02:21:26,932 INFO  [org.apa.kaf.cli.pro.KafkaProducer] (main) [Producer clientId=Producer-topic-32f8d6bd_4e0d_4a6a_9c34_3a52c21398ab] Instantiated an idempotent producer.
2025-07-31 02:21:26,933 INFO  [org.apa.kaf.cli.pro.ProducerConfig] (main) These configurations '[apicurio.registry.url, apicurio.registry.artifact-resolver-strategy]' were supplied but are not used yet.
2025-07-31 02:21:26,934 INFO  [org.apa.kaf.com.uti.AppInfoParser] (main) Kafka version: 3.9.0
2025-07-31 02:21:26,934 INFO  [org.apa.kaf.com.uti.AppInfoParser] (main) Kafka commitId: 84caaa6e9da06435
2025-07-31 02:21:26,934 INFO  [org.apa.kaf.com.uti.AppInfoParser] (main) Kafka startTimeMs: 1753928486933
2025-07-31 02:21:26,935 INFO  [org.apa.kaf.cli.con.ConsumerConfig] (main) ConsumerConfig values: 
	allow.auto.create.topics = true
	auto.commit.interval.ms = 500
	auto.include.jmx.reporter = true
	auto.offset.reset = earliest
	bootstrap.servers = [PLAINTEXT://localhost:32770]
	check.crcs = true
	client.dns.lookup = use_all_dns_ips
	client.id = consumer-Consumer-topic-32f8d6bd_4e0d_4a6a_9c34_3a52c21398ab-9
	client.rack = 
	connections.max.idle.ms = 10000
	default.api.timeout.ms = 60000
	enable.auto.commit = true
	enable.metrics.push = true
	exclude.internal.topics = true
	fetch.max.bytes = 52428800
	fetch.max.wait.ms = 500
	fetch.min.bytes = 1
	group.id = Consumer-topic-32f8d6bd_4e0d_4a6a_9c34_3a52c21398ab
	group.instance.id = null
	group.protocol = classic
	group.remote.assignor = null
	heartbeat.interval.ms = 3000
	interceptor.classes = []
	internal.leave.group.on.close = true
	internal.throw.on.fetch.stable.offset.unsupported = false
	isolation.level = read_uncommitted
	key.deserializer = class org.apache.kafka.common.serialization.StringDeserializer
	max.partition.fetch.bytes = 1048576
	max.poll.interval.ms = 300000
	max.poll.records = 500
	metadata.max.age.ms = 300000
	metadata.recovery.strategy = none
	metric.reporters = []
	metrics.num.samples = 2
	metrics.recording.level = INFO
	metrics.sample.window.ms = 30000
	partition.assignment.strategy = [class org.apache.kafka.clients.consumer.RangeAssignor, class org.apache.kafka.clients.consumer.CooperativeStickyAssignor]
	receive.buffer.bytes = 65536
	reconnect.backoff.max.ms = 1000
	reconnect.backoff.ms = 50
	request.timeout.ms = 5000
	retry.backoff.max.ms = 1000
	retry.backoff.ms = 100
	sasl.client.callback.handler.class = null
	sasl.jaas.config = null
	sasl.kerberos.kinit.cmd = /usr/bin/kinit
	sasl.kerberos.min.time.before.relogin = 60000
	sasl.kerberos.service.name = null
	sasl.kerberos.ticket.renew.jitter = 0.05
	sasl.kerberos.ticket.renew.window.factor = 0.8
	sasl.login.callback.handler.class = null
	sasl.login.class = null
	sasl.login.connect.timeout.ms = null
	sasl.login.read.timeout.ms = null
	sasl.login.refresh.buffer.seconds = 300
	sasl.login.refresh.min.period.seconds = 60
	sasl.login.refresh.window.factor = 0.8
	sasl.login.refresh.window.jitter = 0.05
	sasl.login.retry.backoff.max.ms = 10000
	sasl.login.retry.backoff.ms = 100
	sasl.mechanism = GSSAPI
	sasl.oauthbearer.clock.skew.seconds = 30
	sasl.oauthbearer.expected.audience = null
	sasl.oauthbearer.expected.issuer = null
	sasl.oauthbearer.header.urlencode = false
	sasl.oauthbearer.jwks.endpoint.refresh.ms = 3600000
	sasl.oauthbearer.jwks.endpoint.retry.backoff.max.ms = 10000
	sasl.oauthbearer.jwks.endpoint.retry.backoff.ms = 100
	sasl.oauthbearer.jwks.endpoint.url = null
	sasl.oauthbearer.scope.claim.name = scope
	sasl.oauthbearer.sub.claim.name = sub
	sasl.oauthbearer.token.endpoint.url = null
	security.protocol = PLAINTEXT
	security.providers = null
	send.buffer.bytes = 131072
	session.timeout.ms = 45000
	socket.connection.setup.timeout.max.ms = 30000
	socket.connection.setup.timeout.ms = 10000
	ssl.cipher.suites = null
	ssl.enabled.protocols = [TLSv1.2, TLSv1.3]
	ssl.endpoint.identification.algorithm = https
	ssl.engine.factory.class = null
	ssl.key.password = null
	ssl.keymanager.algorithm = SunX509
	ssl.keystore.certificate.chain = null
	ssl.keystore.key = null
	ssl.keystore.location = null
	ssl.keystore.password = null
	ssl.keystore.type = JKS
	ssl.protocol = TLSv1.3
	ssl.provider = null
	ssl.secure.random.implementation = null
	ssl.trustmanager.algorithm = PKIX
	ssl.truststore.certificates = null
	ssl.truststore.location = null
	ssl.truststore.password = null
	ssl.truststore.type = JKS
	value.deserializer = class io.apicurio.registry.serde.avro.AvroKafkaDeserializer

2025-07-31 02:21:26,935 INFO  [org.apa.kaf.com.tel.int.KafkaMetricsCollector] (main) initializing Kafka metrics collector
2025-07-31 02:21:26,941 INFO  [org.apa.kaf.cli.con.ConsumerConfig] (main) These configurations '[apicurio.registry.url]' were supplied but are not used yet.
2025-07-31 02:21:26,941 INFO  [org.apa.kaf.com.uti.AppInfoParser] (main) Kafka version: 3.9.0
2025-07-31 02:21:26,941 INFO  [org.apa.kaf.com.uti.AppInfoParser] (main) Kafka commitId: 84caaa6e9da06435
2025-07-31 02:21:26,941 INFO  [org.apa.kaf.com.uti.AppInfoParser] (main) Kafka startTimeMs: 1753928486941
2025-07-31 02:21:26,942 INFO  [org.apa.kaf.cli.Metadata] (kafka-producer-network-thread | Producer-topic-32f8d6bd_4e0d_4a6a_9c34_3a52c21398ab) [Producer clientId=Producer-topic-32f8d6bd_4e0d_4a6a_9c34_3a52c21398ab] Cluster ID: mFm4H5CuSae4mNeWY74G7g
2025-07-31 02:21:26,942 INFO  [io.api.tes.ser.api.KafkaSerdesTester] (Thread-182) Sending message {"key11753928485889": "value-0"} to topic topic-32f8d6bd_4e0d_4a6a_9c34_3a52c21398ab
2025-07-31 02:21:26,946 INFO  [org.apa.kaf.cli.pro.int.TransactionManager] (kafka-producer-network-thread | Producer-topic-32f8d6bd_4e0d_4a6a_9c34_3a52c21398ab) [Producer clientId=Producer-topic-32f8d6bd_4e0d_4a6a_9c34_3a52c21398ab] ProducerId set to 12 with epoch 0
2025-07-31 02:21:26,955 INFO  [DefaultSchemaResolver] (Thread-182) Retrieving schema content using string: {"type":"record","name":"sd9e76e3fxc93fx4d2dxae83xafcfccff918e","namespace":"ns_d76a8fdb_d9fa_453f_b8f8_4611bdd597b4","fields":[{"name":"key11753928485889","type":"string"}]}
2025-07-31 02:21:26,984 INFO  [io.api.tes.ser.api.KafkaSerdesTester] (Thread-182) Sending message {"key11753928485889": "value-1"} to topic topic-32f8d6bd_4e0d_4a6a_9c34_3a52c21398ab
2025-07-31 02:21:26,988 INFO  [io.api.tes.ser.api.KafkaSerdesTester] (Thread-182) Sending message {"key11753928485889": "value-2"} to topic topic-32f8d6bd_4e0d_4a6a_9c34_3a52c21398ab
2025-07-31 02:21:26,991 INFO  [io.api.tes.ser.api.KafkaSerdesTester] (Thread-182) Sending message {"key11753928485889": "value-3"} to topic topic-32f8d6bd_4e0d_4a6a_9c34_3a52c21398ab
2025-07-31 02:21:26,993 INFO  [io.api.tes.ser.api.KafkaSerdesTester] (Thread-182) Sending message {"key11753928485889": "value-4"} to topic topic-32f8d6bd_4e0d_4a6a_9c34_3a52c21398ab
2025-07-31 02:21:26,995 INFO  [io.api.tes.ser.api.KafkaSerdesTester] (Thread-182) Sending message {"key11753928485889": "value-5"} to topic topic-32f8d6bd_4e0d_4a6a_9c34_3a52c21398ab
2025-07-31 02:21:26,996 INFO  [io.api.tes.ser.api.KafkaSerdesTester] (Thread-182) Sending message {"key11753928485889": "value-6"} to topic topic-32f8d6bd_4e0d_4a6a_9c34_3a52c21398ab
2025-07-31 02:21:26,998 INFO  [io.api.tes.ser.api.KafkaSerdesTester] (Thread-182) Sending message {"key11753928485889": "value-7"} to topic topic-32f8d6bd_4e0d_4a6a_9c34_3a52c21398ab
2025-07-31 02:21:26,999 INFO  [io.api.tes.ser.api.KafkaSerdesTester] (Thread-182) Sending message {"key11753928485889": "value-8"} to topic topic-32f8d6bd_4e0d_4a6a_9c34_3a52c21398ab
2025-07-31 02:21:27,002 INFO  [io.api.tes.ser.api.KafkaSerdesTester] (Thread-182) Sending message {"key11753928485889": "value-9"} to topic topic-32f8d6bd_4e0d_4a6a_9c34_3a52c21398ab
2025-07-31 02:21:27,004 INFO  [io.api.tes.ser.api.KafkaSerdesTester] (Thread-182) Produced 10 messages
2025-07-31 02:21:27,004 INFO  [org.apa.kaf.cli.pro.KafkaProducer] (Thread-182) [Producer clientId=Producer-topic-32f8d6bd_4e0d_4a6a_9c34_3a52c21398ab] Closing the Kafka producer with timeoutMillis = 9223372036854775807 ms.
2025-07-31 02:21:27,008 INFO  [org.apa.kaf.com.met.Metrics] (Thread-182) Metrics scheduler closed
2025-07-31 02:21:27,009 INFO  [org.apa.kaf.com.met.Metrics] (Thread-182) Closing reporter org.apache.kafka.common.metrics.JmxReporter
2025-07-31 02:21:27,009 INFO  [org.apa.kaf.com.met.Metrics] (Thread-182) Closing reporter org.apache.kafka.common.telemetry.internals.ClientTelemetryReporter
2025-07-31 02:21:27,009 INFO  [org.apa.kaf.com.met.Metrics] (Thread-182) Metrics reporters closed
2025-07-31 02:21:27,009 INFO  [org.apa.kaf.com.uti.AppInfoParser] (Thread-182) App info kafka.producer for Producer-topic-32f8d6bd_4e0d_4a6a_9c34_3a52c21398ab unregistered
2025-07-31 02:21:27,012 INFO  [org.apa.kaf.cli.con.int.ClassicKafkaConsumer] (Thread-183) [Consumer clientId=consumer-Consumer-topic-32f8d6bd_4e0d_4a6a_9c34_3a52c21398ab-9, groupId=Consumer-topic-32f8d6bd_4e0d_4a6a_9c34_3a52c21398ab] Subscribed to topic(s): topic-32f8d6bd_4e0d_4a6a_9c34_3a52c21398ab
2025-07-31 02:21:27,023 INFO  [org.apa.kaf.cli.Metadata] (Thread-183) [Consumer clientId=consumer-Consumer-topic-32f8d6bd_4e0d_4a6a_9c34_3a52c21398ab-9, groupId=Consumer-topic-32f8d6bd_4e0d_4a6a_9c34_3a52c21398ab] Cluster ID: mFm4H5CuSae4mNeWY74G7g
2025-07-31 02:21:27,023 INFO  [org.apa.kaf.cli.con.int.ConsumerCoordinator] (Thread-183) [Consumer clientId=consumer-Consumer-topic-32f8d6bd_4e0d_4a6a_9c34_3a52c21398ab-9, groupId=Consumer-topic-32f8d6bd_4e0d_4a6a_9c34_3a52c21398ab] Discovered group coordinator localhost:32770 (id: 2147483647 rack: null)
2025-07-31 02:21:27,035 INFO  [org.apa.kaf.cli.con.int.ConsumerCoordinator] (Thread-183) [Consumer clientId=consumer-Consumer-topic-32f8d6bd_4e0d_4a6a_9c34_3a52c21398ab-9, groupId=Consumer-topic-32f8d6bd_4e0d_4a6a_9c34_3a52c21398ab] (Re-)joining group
2025-07-31 02:21:27,040 INFO  [org.apa.kaf.cli.con.int.ConsumerCoordinator] (Thread-183) [Consumer clientId=consumer-Consumer-topic-32f8d6bd_4e0d_4a6a_9c34_3a52c21398ab-9, groupId=Consumer-topic-32f8d6bd_4e0d_4a6a_9c34_3a52c21398ab] Request joining group due to: need to re-join with the given member-id: consumer-Consumer-topic-32f8d6bd_4e0d_4a6a_9c34_3a52c21398ab-9-af718566-9e33-413e-8f77-7c891e6b2ea9
2025-07-31 02:21:27,040 INFO  [org.apa.kaf.cli.con.int.ConsumerCoordinator] (Thread-183) [Consumer clientId=consumer-Consumer-topic-32f8d6bd_4e0d_4a6a_9c34_3a52c21398ab-9, groupId=Consumer-topic-32f8d6bd_4e0d_4a6a_9c34_3a52c21398ab] (Re-)joining group
2025-07-31 02:21:27,043 INFO  [org.apa.kaf.cli.con.int.ConsumerCoordinator] (Thread-183) [Consumer clientId=consumer-Consumer-topic-32f8d6bd_4e0d_4a6a_9c34_3a52c21398ab-9, groupId=Consumer-topic-32f8d6bd_4e0d_4a6a_9c34_3a52c21398ab] Successfully joined group with generation Generation{generationId=1, memberId='consumer-Consumer-topic-32f8d6bd_4e0d_4a6a_9c34_3a52c21398ab-9-af718566-9e33-413e-8f77-7c891e6b2ea9', protocol='range'}
2025-07-31 02:21:27,043 INFO  [org.apa.kaf.cli.con.int.ConsumerCoordinator] (Thread-183) [Consumer clientId=consumer-Consumer-topic-32f8d6bd_4e0d_4a6a_9c34_3a52c21398ab-9, groupId=Consumer-topic-32f8d6bd_4e0d_4a6a_9c34_3a52c21398ab] Finished assignment for group at generation 1: {consumer-Consumer-topic-32f8d6bd_4e0d_4a6a_9c34_3a52c21398ab-9-af718566-9e33-413e-8f77-7c891e6b2ea9=Assignment(partitions=[topic-32f8d6bd_4e0d_4a6a_9c34_3a52c21398ab-0])}
2025-07-31 02:21:27,047 INFO  [org.apa.kaf.cli.con.int.ConsumerCoordinator] (Thread-183) [Consumer clientId=consumer-Consumer-topic-32f8d6bd_4e0d_4a6a_9c34_3a52c21398ab-9, groupId=Consumer-topic-32f8d6bd_4e0d_4a6a_9c34_3a52c21398ab] Successfully synced group in generation Generation{generationId=1, memberId='consumer-Consumer-topic-32f8d6bd_4e0d_4a6a_9c34_3a52c21398ab-9-af718566-9e33-413e-8f77-7c891e6b2ea9', protocol='range'}
2025-07-31 02:21:27,048 INFO  [org.apa.kaf.cli.con.int.ConsumerCoordinator] (Thread-183) [Consumer clientId=consumer-Consumer-topic-32f8d6bd_4e0d_4a6a_9c34_3a52c21398ab-9, groupId=Consumer-topic-32f8d6bd_4e0d_4a6a_9c34_3a52c21398ab] Notifying assignor about the new Assignment(partitions=[topic-32f8d6bd_4e0d_4a6a_9c34_3a52c21398ab-0])
2025-07-31 02:21:27,048 INFO  [org.apa.kaf.cli.con.int.ConsumerRebalanceListenerInvoker] (Thread-183) [Consumer clientId=consumer-Consumer-topic-32f8d6bd_4e0d_4a6a_9c34_3a52c21398ab-9, groupId=Consumer-topic-32f8d6bd_4e0d_4a6a_9c34_3a52c21398ab] Adding newly assigned partitions: topic-32f8d6bd_4e0d_4a6a_9c34_3a52c21398ab-0
2025-07-31 02:21:27,049 INFO  [org.apa.kaf.cli.con.int.ConsumerCoordinator] (Thread-183) [Consumer clientId=consumer-Consumer-topic-32f8d6bd_4e0d_4a6a_9c34_3a52c21398ab-9, groupId=Consumer-topic-32f8d6bd_4e0d_4a6a_9c34_3a52c21398ab] Found no committed offset for partition topic-32f8d6bd_4e0d_4a6a_9c34_3a52c21398ab-0
2025-07-31 02:21:27,064 INFO  [org.apa.kaf.cli.con.int.SubscriptionState] (Thread-183) [Consumer clientId=consumer-Consumer-topic-32f8d6bd_4e0d_4a6a_9c34_3a52c21398ab-9, groupId=Consumer-topic-32f8d6bd_4e0d_4a6a_9c34_3a52c21398ab] Resetting offset for partition topic-32f8d6bd_4e0d_4a6a_9c34_3a52c21398ab-0 to position FetchPosition{offset=0, offsetEpoch=Optional.empty, currentLeader=LeaderAndEpoch{leader=Optional[localhost:32770 (id: 0 rack: null)], epoch=0}}.
2025-07-31 02:21:27,102 INFO  [io.api.tes.ser.api.KafkaSerdesTester] (Thread-183) topic-32f8d6bd_4e0d_4a6a_9c34_3a52c21398ab 0 0 {"key11753928485889": "value-0"}
2025-07-31 02:21:27,102 INFO  [io.api.tes.ser.api.KafkaSerdesTester] (Thread-183) topic-32f8d6bd_4e0d_4a6a_9c34_3a52c21398ab 0 1 {"key11753928485889": "value-1"}
2025-07-31 02:21:27,104 INFO  [io.api.tes.ser.api.KafkaSerdesTester] (Thread-183) topic-32f8d6bd_4e0d_4a6a_9c34_3a52c21398ab 0 2 {"key11753928485889": "value-2"}
2025-07-31 02:21:27,104 INFO  [io.api.tes.ser.api.KafkaSerdesTester] (Thread-183) topic-32f8d6bd_4e0d_4a6a_9c34_3a52c21398ab 0 3 {"key11753928485889": "value-3"}
2025-07-31 02:21:27,104 INFO  [io.api.tes.ser.api.KafkaSerdesTester] (Thread-183) topic-32f8d6bd_4e0d_4a6a_9c34_3a52c21398ab 0 4 {"key11753928485889": "value-4"}
2025-07-31 02:21:27,104 INFO  [io.api.tes.ser.api.KafkaSerdesTester] (Thread-183) topic-32f8d6bd_4e0d_4a6a_9c34_3a52c21398ab 0 5 {"key11753928485889": "value-5"}
2025-07-31 02:21:27,104 INFO  [io.api.tes.ser.api.KafkaSerdesTester] (Thread-183) topic-32f8d6bd_4e0d_4a6a_9c34_3a52c21398ab 0 6 {"key11753928485889": "value-6"}
2025-07-31 02:21:27,104 INFO  [io.api.tes.ser.api.KafkaSerdesTester] (Thread-183) topic-32f8d6bd_4e0d_4a6a_9c34_3a52c21398ab 0 7 {"key11753928485889": "value-7"}
2025-07-31 02:21:27,104 INFO  [io.api.tes.ser.api.KafkaSerdesTester] (Thread-183) topic-32f8d6bd_4e0d_4a6a_9c34_3a52c21398ab 0 8 {"key11753928485889": "value-8"}
2025-07-31 02:21:27,105 INFO  [io.api.tes.ser.api.KafkaSerdesTester] (Thread-183) topic-32f8d6bd_4e0d_4a6a_9c34_3a52c21398ab 0 9 {"key11753928485889": "value-9"}
2025-07-31 02:21:27,105 INFO  [io.api.tes.ser.api.KafkaSerdesTester] (Thread-183) Consumed 10 messages
2025-07-31 02:21:27,108 INFO  [org.apa.kaf.cli.con.int.ConsumerRebalanceListenerInvoker] (Thread-183) [Consumer clientId=consumer-Consumer-topic-32f8d6bd_4e0d_4a6a_9c34_3a52c21398ab-9, groupId=Consumer-topic-32f8d6bd_4e0d_4a6a_9c34_3a52c21398ab] Revoke previously assigned partitions topic-32f8d6bd_4e0d_4a6a_9c34_3a52c21398ab-0
2025-07-31 02:21:27,108 INFO  [org.apa.kaf.cli.con.int.ConsumerCoordinator] (Thread-183) [Consumer clientId=consumer-Consumer-topic-32f8d6bd_4e0d_4a6a_9c34_3a52c21398ab-9, groupId=Consumer-topic-32f8d6bd_4e0d_4a6a_9c34_3a52c21398ab] Member consumer-Consumer-topic-32f8d6bd_4e0d_4a6a_9c34_3a52c21398ab-9-af718566-9e33-413e-8f77-7c891e6b2ea9 sending LeaveGroup request to coordinator localhost:32770 (id: 2147483647 rack: null) due to the consumer is being closed
2025-07-31 02:21:27,109 INFO  [org.apa.kaf.cli.con.int.ConsumerCoordinator] (Thread-183) [Consumer clientId=consumer-Consumer-topic-32f8d6bd_4e0d_4a6a_9c34_3a52c21398ab-9, groupId=Consumer-topic-32f8d6bd_4e0d_4a6a_9c34_3a52c21398ab] Resetting generation and member id due to: consumer pro-actively leaving the group
2025-07-31 02:21:27,109 INFO  [org.apa.kaf.cli.con.int.ConsumerCoordinator] (Thread-183) [Consumer clientId=consumer-Consumer-topic-32f8d6bd_4e0d_4a6a_9c34_3a52c21398ab-9, groupId=Consumer-topic-32f8d6bd_4e0d_4a6a_9c34_3a52c21398ab] Request joining group due to: consumer pro-actively leaving the group
2025-07-31 02:21:27,605 INFO  [org.apa.kaf.com.met.Metrics] (Thread-183) Metrics scheduler closed
2025-07-31 02:21:27,605 INFO  [org.apa.kaf.com.met.Metrics] (Thread-183) Closing reporter org.apache.kafka.common.metrics.JmxReporter
2025-07-31 02:21:27,605 INFO  [org.apa.kaf.com.met.Metrics] (Thread-183) Closing reporter org.apache.kafka.common.telemetry.internals.ClientTelemetryReporter
2025-07-31 02:21:27,605 INFO  [org.apa.kaf.com.met.Metrics] (Thread-183) Metrics reporters closed
2025-07-31 02:21:27,607 INFO  [org.apa.kaf.com.uti.AppInfoParser] (Thread-183) App info kafka.consumer for consumer-Consumer-topic-32f8d6bd_4e0d_4a6a_9c34_3a52c21398ab-9 unregistered
2025-07-31 02:21:27,608 INFO  [io.api.tes.ser.api.AvroSerdeIT] (main) Registering Avro Schema 2: {"type":"record","name":"sd9e76e3fxc93fx4d2dxae83xafcfccff918e","namespace":"ns_d76a8fdb_d9fa_453f_b8f8_4611bdd597b4","fields":[{"name":"key11753928485889","type":"string"},{"name":"key21753928487607","type":"string"}]}
2025-07-31 02:21:27,626 INFO  [io.api.tes.uti.TestSeparator] (main) io.apicurio.tests.serdes.apicurio.AvroSerdeIT.testEvolveAvroApicurio-FINISHED
2025-07-31 02:21:27,626 INFO  [io.api.tes.uti.TestSeparator] (main) ############################################################################
]]></system-out>
  </testcase>
  <testcase name="testTopicRecordIdStrategydFindLatest" classname="io.apicurio.tests.serdes.apicurio.AvroSerdeIT" time="1.74">
    <system-out><![CDATA[2025-07-31 02:21:27,628 INFO  [io.api.tes.uti.TestSeparator] (main) ############################################################################
2025-07-31 02:21:27,628 INFO  [io.api.tes.uti.TestSeparator] (main) io.apicurio.tests.serdes.apicurio.AvroSerdeIT.testTopicRecordIdStrategydFindLatest-STARTED
2025-07-31 02:21:27,629 INFO  [io.api.tes.ser.api.AvroSerdeIT] (main) Registering Avro Schema: {"type":"record","name":"s2ce4e5bfxe2f2x4a53xbd21x42c47eb67757","namespace":"s47e231a6xf07fx4417x9d81xa525b1ed101d","fields":[{"name":"key11753928487628","type":"string"}]}
2025-07-31 02:21:28,661 INFO  [org.apa.kaf.cli.pro.ProducerConfig] (main) ProducerConfig values: 
	acks = -1
	auto.include.jmx.reporter = true
	batch.size = 16384
	bootstrap.servers = [PLAINTEXT://localhost:32770]
	buffer.memory = 33554432
	client.dns.lookup = use_all_dns_ips
	client.id = Producer-topic-0def0dd0_9e64_4b63_8f9a_7800d8693774
	compression.gzip.level = -1
	compression.lz4.level = 9
	compression.type = none
	compression.zstd.level = 3
	connections.max.idle.ms = 10000
	delivery.timeout.ms = 120000
	enable.idempotence = true
	enable.metrics.push = true
	interceptor.classes = []
	key.serializer = class org.apache.kafka.common.serialization.StringSerializer
	linger.ms = 0
	max.block.ms = 60000
	max.in.flight.requests.per.connection = 5
	max.request.size = 1048576
	metadata.max.age.ms = 300000
	metadata.max.idle.ms = 300000
	metadata.recovery.strategy = none
	metric.reporters = []
	metrics.num.samples = 2
	metrics.recording.level = INFO
	metrics.sample.window.ms = 30000
	partitioner.adaptive.partitioning.enable = true
	partitioner.availability.timeout.ms = 0
	partitioner.class = null
	partitioner.ignore.keys = false
	receive.buffer.bytes = 32768
	reconnect.backoff.max.ms = 1000
	reconnect.backoff.ms = 50
	request.timeout.ms = 5000
	retries = 2147483647
	retry.backoff.max.ms = 1000
	retry.backoff.ms = 100
	sasl.client.callback.handler.class = null
	sasl.jaas.config = null
	sasl.kerberos.kinit.cmd = /usr/bin/kinit
	sasl.kerberos.min.time.before.relogin = 60000
	sasl.kerberos.service.name = null
	sasl.kerberos.ticket.renew.jitter = 0.05
	sasl.kerberos.ticket.renew.window.factor = 0.8
	sasl.login.callback.handler.class = null
	sasl.login.class = null
	sasl.login.connect.timeout.ms = null
	sasl.login.read.timeout.ms = null
	sasl.login.refresh.buffer.seconds = 300
	sasl.login.refresh.min.period.seconds = 60
	sasl.login.refresh.window.factor = 0.8
	sasl.login.refresh.window.jitter = 0.05
	sasl.login.retry.backoff.max.ms = 10000
	sasl.login.retry.backoff.ms = 100
	sasl.mechanism = GSSAPI
	sasl.oauthbearer.clock.skew.seconds = 30
	sasl.oauthbearer.expected.audience = null
	sasl.oauthbearer.expected.issuer = null
	sasl.oauthbearer.header.urlencode = false
	sasl.oauthbearer.jwks.endpoint.refresh.ms = 3600000
	sasl.oauthbearer.jwks.endpoint.retry.backoff.max.ms = 10000
	sasl.oauthbearer.jwks.endpoint.retry.backoff.ms = 100
	sasl.oauthbearer.jwks.endpoint.url = null
	sasl.oauthbearer.scope.claim.name = scope
	sasl.oauthbearer.sub.claim.name = sub
	sasl.oauthbearer.token.endpoint.url = null
	security.protocol = PLAINTEXT
	security.providers = null
	send.buffer.bytes = 131072
	socket.connection.setup.timeout.max.ms = 30000
	socket.connection.setup.timeout.ms = 10000
	ssl.cipher.suites = null
	ssl.enabled.protocols = [TLSv1.2, TLSv1.3]
	ssl.endpoint.identification.algorithm = https
	ssl.engine.factory.class = null
	ssl.key.password = null
	ssl.keymanager.algorithm = SunX509
	ssl.keystore.certificate.chain = null
	ssl.keystore.key = null
	ssl.keystore.location = null
	ssl.keystore.password = null
	ssl.keystore.type = JKS
	ssl.protocol = TLSv1.3
	ssl.provider = null
	ssl.secure.random.implementation = null
	ssl.trustmanager.algorithm = PKIX
	ssl.truststore.certificates = null
	ssl.truststore.location = null
	ssl.truststore.password = null
	ssl.truststore.type = JKS
	transaction.timeout.ms = 60000
	transactional.id = null
	value.serializer = class io.apicurio.registry.serde.avro.AvroKafkaSerializer

2025-07-31 02:21:28,661 INFO  [org.apa.kaf.com.tel.int.KafkaMetricsCollector] (main) initializing Kafka metrics collector
2025-07-31 02:21:28,667 INFO  [org.apa.kaf.cli.pro.KafkaProducer] (main) [Producer clientId=Producer-topic-0def0dd0_9e64_4b63_8f9a_7800d8693774] Instantiated an idempotent producer.
2025-07-31 02:21:28,669 INFO  [org.apa.kaf.cli.pro.ProducerConfig] (main) These configurations '[apicurio.registry.find-latest, apicurio.registry.url, apicurio.registry.artifact-resolver-strategy]' were supplied but are not used yet.
2025-07-31 02:21:28,669 INFO  [org.apa.kaf.com.uti.AppInfoParser] (main) Kafka version: 3.9.0
2025-07-31 02:21:28,669 INFO  [org.apa.kaf.com.uti.AppInfoParser] (main) Kafka commitId: 84caaa6e9da06435
2025-07-31 02:21:28,669 INFO  [org.apa.kaf.com.uti.AppInfoParser] (main) Kafka startTimeMs: 1753928488669
2025-07-31 02:21:28,669 INFO  [io.api.tes.ser.api.SimpleSerdesTesterBuilder$SimpleSerdesTester] (main) Using producer configuration: {apicurio.registry.find-latest=true, apicurio.registry.url=http://registry-app-inmemory.apps.ci419.apicurio-testing.org:80/apis/registry/v3, apicurio.registry.artifact-resolver-strategy=io.apicurio.registry.serde.avro.strategy.TopicRecordIdStrategy, value.serializer=io.apicurio.registry.serde.avro.AvroKafkaSerializer, request.timeout.ms=5000, acks=all, bootstrap.servers=PLAINTEXT://localhost:32770, connections.max.idle.ms=10000, key.serializer=org.apache.kafka.common.serialization.StringSerializer, client.id=Producer-topic-0def0dd0_9e64_4b63_8f9a_7800d8693774}
2025-07-31 02:21:28,669 INFO  [io.api.tes.ser.api.SimpleSerdesTesterBuilder$SimpleSerdesTester] (main) Using consumer configuration: {}
2025-07-31 02:21:28,671 INFO  [io.api.tes.ser.api.KafkaSerdesTester] (Thread-186) Sending message {"key11753928487628": "value-0"} to topic topic-0def0dd0_9e64_4b63_8f9a_7800d8693774
2025-07-31 02:21:28,677 INFO  [org.apa.kaf.cli.Metadata] (kafka-producer-network-thread | Producer-topic-0def0dd0_9e64_4b63_8f9a_7800d8693774) [Producer clientId=Producer-topic-0def0dd0_9e64_4b63_8f9a_7800d8693774] Cluster ID: mFm4H5CuSae4mNeWY74G7g
2025-07-31 02:21:28,681 INFO  [org.apa.kaf.cli.pro.int.TransactionManager] (kafka-producer-network-thread | Producer-topic-0def0dd0_9e64_4b63_8f9a_7800d8693774) [Producer clientId=Producer-topic-0def0dd0_9e64_4b63_8f9a_7800d8693774] ProducerId set to 13 with epoch 0
2025-07-31 02:21:28,730 INFO  [io.api.tes.ser.api.KafkaSerdesTester] (Thread-186) Sending message {"key11753928487628": "value-1"} to topic topic-0def0dd0_9e64_4b63_8f9a_7800d8693774
2025-07-31 02:21:28,732 INFO  [io.api.tes.ser.api.KafkaSerdesTester] (Thread-186) Sending message {"key11753928487628": "value-2"} to topic topic-0def0dd0_9e64_4b63_8f9a_7800d8693774
2025-07-31 02:21:28,733 INFO  [io.api.tes.ser.api.KafkaSerdesTester] (Thread-186) Sending message {"key11753928487628": "value-3"} to topic topic-0def0dd0_9e64_4b63_8f9a_7800d8693774
2025-07-31 02:21:28,734 INFO  [io.api.tes.ser.api.KafkaSerdesTester] (Thread-186) Sending message {"key11753928487628": "value-4"} to topic topic-0def0dd0_9e64_4b63_8f9a_7800d8693774
2025-07-31 02:21:28,736 INFO  [io.api.tes.ser.api.KafkaSerdesTester] (Thread-186) Sending message {"key11753928487628": "value-5"} to topic topic-0def0dd0_9e64_4b63_8f9a_7800d8693774
2025-07-31 02:21:28,737 INFO  [io.api.tes.ser.api.KafkaSerdesTester] (Thread-186) Sending message {"key11753928487628": "value-6"} to topic topic-0def0dd0_9e64_4b63_8f9a_7800d8693774
2025-07-31 02:21:28,738 INFO  [io.api.tes.ser.api.KafkaSerdesTester] (Thread-186) Sending message {"key11753928487628": "value-7"} to topic topic-0def0dd0_9e64_4b63_8f9a_7800d8693774
2025-07-31 02:21:28,742 INFO  [io.api.tes.ser.api.KafkaSerdesTester] (Thread-186) Sending message {"key11753928487628": "value-8"} to topic topic-0def0dd0_9e64_4b63_8f9a_7800d8693774
2025-07-31 02:21:28,745 INFO  [io.api.tes.ser.api.KafkaSerdesTester] (Thread-186) Sending message {"key11753928487628": "value-9"} to topic topic-0def0dd0_9e64_4b63_8f9a_7800d8693774
2025-07-31 02:21:28,747 INFO  [io.api.tes.ser.api.KafkaSerdesTester] (Thread-186) Produced 10 messages
2025-07-31 02:21:28,747 INFO  [org.apa.kaf.cli.pro.KafkaProducer] (Thread-186) [Producer clientId=Producer-topic-0def0dd0_9e64_4b63_8f9a_7800d8693774] Closing the Kafka producer with timeoutMillis = 9223372036854775807 ms.
2025-07-31 02:21:28,749 INFO  [org.apa.kaf.com.met.Metrics] (Thread-186) Metrics scheduler closed
2025-07-31 02:21:28,749 INFO  [org.apa.kaf.com.met.Metrics] (Thread-186) Closing reporter org.apache.kafka.common.metrics.JmxReporter
2025-07-31 02:21:28,749 INFO  [org.apa.kaf.com.met.Metrics] (Thread-186) Closing reporter org.apache.kafka.common.telemetry.internals.ClientTelemetryReporter
2025-07-31 02:21:28,749 INFO  [org.apa.kaf.com.met.Metrics] (Thread-186) Metrics reporters closed
2025-07-31 02:21:28,749 INFO  [org.apa.kaf.com.uti.AppInfoParser] (Thread-186) App info kafka.producer for Producer-topic-0def0dd0_9e64_4b63_8f9a_7800d8693774 unregistered
2025-07-31 02:21:28,751 INFO  [org.apa.kaf.cli.con.ConsumerConfig] (main) ConsumerConfig values: 
	allow.auto.create.topics = true
	auto.commit.interval.ms = 500
	auto.include.jmx.reporter = true
	auto.offset.reset = earliest
	bootstrap.servers = [PLAINTEXT://localhost:32770]
	check.crcs = true
	client.dns.lookup = use_all_dns_ips
	client.id = consumer-Consumer-topic-0def0dd0_9e64_4b63_8f9a_7800d8693774-10
	client.rack = 
	connections.max.idle.ms = 10000
	default.api.timeout.ms = 60000
	enable.auto.commit = true
	enable.metrics.push = true
	exclude.internal.topics = true
	fetch.max.bytes = 52428800
	fetch.max.wait.ms = 500
	fetch.min.bytes = 1
	group.id = Consumer-topic-0def0dd0_9e64_4b63_8f9a_7800d8693774
	group.instance.id = null
	group.protocol = classic
	group.remote.assignor = null
	heartbeat.interval.ms = 3000
	interceptor.classes = []
	internal.leave.group.on.close = true
	internal.throw.on.fetch.stable.offset.unsupported = false
	isolation.level = read_uncommitted
	key.deserializer = class org.apache.kafka.common.serialization.StringDeserializer
	max.partition.fetch.bytes = 1048576
	max.poll.interval.ms = 300000
	max.poll.records = 500
	metadata.max.age.ms = 300000
	metadata.recovery.strategy = none
	metric.reporters = []
	metrics.num.samples = 2
	metrics.recording.level = INFO
	metrics.sample.window.ms = 30000
	partition.assignment.strategy = [class org.apache.kafka.clients.consumer.RangeAssignor, class org.apache.kafka.clients.consumer.CooperativeStickyAssignor]
	receive.buffer.bytes = 65536
	reconnect.backoff.max.ms = 1000
	reconnect.backoff.ms = 50
	request.timeout.ms = 5000
	retry.backoff.max.ms = 1000
	retry.backoff.ms = 100
	sasl.client.callback.handler.class = null
	sasl.jaas.config = null
	sasl.kerberos.kinit.cmd = /usr/bin/kinit
	sasl.kerberos.min.time.before.relogin = 60000
	sasl.kerberos.service.name = null
	sasl.kerberos.ticket.renew.jitter = 0.05
	sasl.kerberos.ticket.renew.window.factor = 0.8
	sasl.login.callback.handler.class = null
	sasl.login.class = null
	sasl.login.connect.timeout.ms = null
	sasl.login.read.timeout.ms = null
	sasl.login.refresh.buffer.seconds = 300
	sasl.login.refresh.min.period.seconds = 60
	sasl.login.refresh.window.factor = 0.8
	sasl.login.refresh.window.jitter = 0.05
	sasl.login.retry.backoff.max.ms = 10000
	sasl.login.retry.backoff.ms = 100
	sasl.mechanism = GSSAPI
	sasl.oauthbearer.clock.skew.seconds = 30
	sasl.oauthbearer.expected.audience = null
	sasl.oauthbearer.expected.issuer = null
	sasl.oauthbearer.header.urlencode = false
	sasl.oauthbearer.jwks.endpoint.refresh.ms = 3600000
	sasl.oauthbearer.jwks.endpoint.retry.backoff.max.ms = 10000
	sasl.oauthbearer.jwks.endpoint.retry.backoff.ms = 100
	sasl.oauthbearer.jwks.endpoint.url = null
	sasl.oauthbearer.scope.claim.name = scope
	sasl.oauthbearer.sub.claim.name = sub
	sasl.oauthbearer.token.endpoint.url = null
	security.protocol = PLAINTEXT
	security.providers = null
	send.buffer.bytes = 131072
	session.timeout.ms = 45000
	socket.connection.setup.timeout.max.ms = 30000
	socket.connection.setup.timeout.ms = 10000
	ssl.cipher.suites = null
	ssl.enabled.protocols = [TLSv1.2, TLSv1.3]
	ssl.endpoint.identification.algorithm = https
	ssl.engine.factory.class = null
	ssl.key.password = null
	ssl.keymanager.algorithm = SunX509
	ssl.keystore.certificate.chain = null
	ssl.keystore.key = null
	ssl.keystore.location = null
	ssl.keystore.password = null
	ssl.keystore.type = JKS
	ssl.protocol = TLSv1.3
	ssl.provider = null
	ssl.secure.random.implementation = null
	ssl.trustmanager.algorithm = PKIX
	ssl.truststore.certificates = null
	ssl.truststore.location = null
	ssl.truststore.password = null
	ssl.truststore.type = JKS
	value.deserializer = class io.apicurio.registry.serde.avro.AvroKafkaDeserializer

2025-07-31 02:21:28,751 INFO  [org.apa.kaf.com.tel.int.KafkaMetricsCollector] (main) initializing Kafka metrics collector
2025-07-31 02:21:28,761 INFO  [org.apa.kaf.cli.con.ConsumerConfig] (main) These configurations '[apicurio.registry.url]' were supplied but are not used yet.
2025-07-31 02:21:28,762 INFO  [org.apa.kaf.com.uti.AppInfoParser] (main) Kafka version: 3.9.0
2025-07-31 02:21:28,762 INFO  [org.apa.kaf.com.uti.AppInfoParser] (main) Kafka commitId: 84caaa6e9da06435
2025-07-31 02:21:28,762 INFO  [org.apa.kaf.com.uti.AppInfoParser] (main) Kafka startTimeMs: 1753928488761
2025-07-31 02:21:28,763 INFO  [org.apa.kaf.cli.con.int.ClassicKafkaConsumer] (Thread-189) [Consumer clientId=consumer-Consumer-topic-0def0dd0_9e64_4b63_8f9a_7800d8693774-10, groupId=Consumer-topic-0def0dd0_9e64_4b63_8f9a_7800d8693774] Subscribed to topic(s): topic-0def0dd0_9e64_4b63_8f9a_7800d8693774
2025-07-31 02:21:28,772 INFO  [org.apa.kaf.cli.Metadata] (Thread-189) [Consumer clientId=consumer-Consumer-topic-0def0dd0_9e64_4b63_8f9a_7800d8693774-10, groupId=Consumer-topic-0def0dd0_9e64_4b63_8f9a_7800d8693774] Cluster ID: mFm4H5CuSae4mNeWY74G7g
2025-07-31 02:21:28,778 INFO  [org.apa.kaf.cli.con.int.ConsumerCoordinator] (Thread-189) [Consumer clientId=consumer-Consumer-topic-0def0dd0_9e64_4b63_8f9a_7800d8693774-10, groupId=Consumer-topic-0def0dd0_9e64_4b63_8f9a_7800d8693774] Discovered group coordinator localhost:32770 (id: 2147483647 rack: null)
2025-07-31 02:21:28,782 INFO  [org.apa.kaf.cli.con.int.ConsumerCoordinator] (Thread-189) [Consumer clientId=consumer-Consumer-topic-0def0dd0_9e64_4b63_8f9a_7800d8693774-10, groupId=Consumer-topic-0def0dd0_9e64_4b63_8f9a_7800d8693774] (Re-)joining group
2025-07-31 02:21:28,794 INFO  [org.apa.kaf.cli.con.int.ConsumerCoordinator] (Thread-189) [Consumer clientId=consumer-Consumer-topic-0def0dd0_9e64_4b63_8f9a_7800d8693774-10, groupId=Consumer-topic-0def0dd0_9e64_4b63_8f9a_7800d8693774] Request joining group due to: need to re-join with the given member-id: consumer-Consumer-topic-0def0dd0_9e64_4b63_8f9a_7800d8693774-10-4c5a3ba7-7b53-4d59-b17d-2ea8efc3cd24
2025-07-31 02:21:28,795 INFO  [org.apa.kaf.cli.con.int.ConsumerCoordinator] (Thread-189) [Consumer clientId=consumer-Consumer-topic-0def0dd0_9e64_4b63_8f9a_7800d8693774-10, groupId=Consumer-topic-0def0dd0_9e64_4b63_8f9a_7800d8693774] (Re-)joining group
2025-07-31 02:21:28,802 INFO  [org.apa.kaf.cli.con.int.ConsumerCoordinator] (Thread-189) [Consumer clientId=consumer-Consumer-topic-0def0dd0_9e64_4b63_8f9a_7800d8693774-10, groupId=Consumer-topic-0def0dd0_9e64_4b63_8f9a_7800d8693774] Successfully joined group with generation Generation{generationId=1, memberId='consumer-Consumer-topic-0def0dd0_9e64_4b63_8f9a_7800d8693774-10-4c5a3ba7-7b53-4d59-b17d-2ea8efc3cd24', protocol='range'}
2025-07-31 02:21:28,803 INFO  [org.apa.kaf.cli.con.int.ConsumerCoordinator] (Thread-189) [Consumer clientId=consumer-Consumer-topic-0def0dd0_9e64_4b63_8f9a_7800d8693774-10, groupId=Consumer-topic-0def0dd0_9e64_4b63_8f9a_7800d8693774] Finished assignment for group at generation 1: {consumer-Consumer-topic-0def0dd0_9e64_4b63_8f9a_7800d8693774-10-4c5a3ba7-7b53-4d59-b17d-2ea8efc3cd24=Assignment(partitions=[topic-0def0dd0_9e64_4b63_8f9a_7800d8693774-0])}
2025-07-31 02:21:28,809 INFO  [org.apa.kaf.cli.con.int.ConsumerCoordinator] (Thread-189) [Consumer clientId=consumer-Consumer-topic-0def0dd0_9e64_4b63_8f9a_7800d8693774-10, groupId=Consumer-topic-0def0dd0_9e64_4b63_8f9a_7800d8693774] Successfully synced group in generation Generation{generationId=1, memberId='consumer-Consumer-topic-0def0dd0_9e64_4b63_8f9a_7800d8693774-10-4c5a3ba7-7b53-4d59-b17d-2ea8efc3cd24', protocol='range'}
2025-07-31 02:21:28,809 INFO  [org.apa.kaf.cli.con.int.ConsumerCoordinator] (Thread-189) [Consumer clientId=consumer-Consumer-topic-0def0dd0_9e64_4b63_8f9a_7800d8693774-10, groupId=Consumer-topic-0def0dd0_9e64_4b63_8f9a_7800d8693774] Notifying assignor about the new Assignment(partitions=[topic-0def0dd0_9e64_4b63_8f9a_7800d8693774-0])
2025-07-31 02:21:28,809 INFO  [org.apa.kaf.cli.con.int.ConsumerRebalanceListenerInvoker] (Thread-189) [Consumer clientId=consumer-Consumer-topic-0def0dd0_9e64_4b63_8f9a_7800d8693774-10, groupId=Consumer-topic-0def0dd0_9e64_4b63_8f9a_7800d8693774] Adding newly assigned partitions: topic-0def0dd0_9e64_4b63_8f9a_7800d8693774-0
2025-07-31 02:21:28,812 INFO  [org.apa.kaf.cli.con.int.ConsumerCoordinator] (Thread-189) [Consumer clientId=consumer-Consumer-topic-0def0dd0_9e64_4b63_8f9a_7800d8693774-10, groupId=Consumer-topic-0def0dd0_9e64_4b63_8f9a_7800d8693774] Found no committed offset for partition topic-0def0dd0_9e64_4b63_8f9a_7800d8693774-0
2025-07-31 02:21:28,815 INFO  [org.apa.kaf.cli.con.int.SubscriptionState] (Thread-189) [Consumer clientId=consumer-Consumer-topic-0def0dd0_9e64_4b63_8f9a_7800d8693774-10, groupId=Consumer-topic-0def0dd0_9e64_4b63_8f9a_7800d8693774] Resetting offset for partition topic-0def0dd0_9e64_4b63_8f9a_7800d8693774-0 to position FetchPosition{offset=0, offsetEpoch=Optional.empty, currentLeader=LeaderAndEpoch{leader=Optional[localhost:32770 (id: 0 rack: null)], epoch=0}}.
2025-07-31 02:21:28,860 INFO  [io.api.tes.ser.api.KafkaSerdesTester] (Thread-189) topic-0def0dd0_9e64_4b63_8f9a_7800d8693774 0 0 {"key11753928487628": "value-0"}
2025-07-31 02:21:28,860 INFO  [io.api.tes.ser.api.KafkaSerdesTester] (Thread-189) topic-0def0dd0_9e64_4b63_8f9a_7800d8693774 0 1 {"key11753928487628": "value-1"}
2025-07-31 02:21:28,860 INFO  [io.api.tes.ser.api.KafkaSerdesTester] (Thread-189) topic-0def0dd0_9e64_4b63_8f9a_7800d8693774 0 2 {"key11753928487628": "value-2"}
2025-07-31 02:21:28,860 INFO  [io.api.tes.ser.api.KafkaSerdesTester] (Thread-189) topic-0def0dd0_9e64_4b63_8f9a_7800d8693774 0 3 {"key11753928487628": "value-3"}
2025-07-31 02:21:28,860 INFO  [io.api.tes.ser.api.KafkaSerdesTester] (Thread-189) topic-0def0dd0_9e64_4b63_8f9a_7800d8693774 0 4 {"key11753928487628": "value-4"}
2025-07-31 02:21:28,860 INFO  [io.api.tes.ser.api.KafkaSerdesTester] (Thread-189) topic-0def0dd0_9e64_4b63_8f9a_7800d8693774 0 5 {"key11753928487628": "value-5"}
2025-07-31 02:21:28,860 INFO  [io.api.tes.ser.api.KafkaSerdesTester] (Thread-189) topic-0def0dd0_9e64_4b63_8f9a_7800d8693774 0 6 {"key11753928487628": "value-6"}
2025-07-31 02:21:28,860 INFO  [io.api.tes.ser.api.KafkaSerdesTester] (Thread-189) topic-0def0dd0_9e64_4b63_8f9a_7800d8693774 0 7 {"key11753928487628": "value-7"}
2025-07-31 02:21:28,860 INFO  [io.api.tes.ser.api.KafkaSerdesTester] (Thread-189) topic-0def0dd0_9e64_4b63_8f9a_7800d8693774 0 8 {"key11753928487628": "value-8"}
2025-07-31 02:21:28,860 INFO  [io.api.tes.ser.api.KafkaSerdesTester] (Thread-189) topic-0def0dd0_9e64_4b63_8f9a_7800d8693774 0 9 {"key11753928487628": "value-9"}
2025-07-31 02:21:28,860 INFO  [io.api.tes.ser.api.KafkaSerdesTester] (Thread-189) Consumed 10 messages
2025-07-31 02:21:28,863 INFO  [org.apa.kaf.cli.con.int.ConsumerRebalanceListenerInvoker] (Thread-189) [Consumer clientId=consumer-Consumer-topic-0def0dd0_9e64_4b63_8f9a_7800d8693774-10, groupId=Consumer-topic-0def0dd0_9e64_4b63_8f9a_7800d8693774] Revoke previously assigned partitions topic-0def0dd0_9e64_4b63_8f9a_7800d8693774-0
2025-07-31 02:21:28,863 INFO  [org.apa.kaf.cli.con.int.ConsumerCoordinator] (Thread-189) [Consumer clientId=consumer-Consumer-topic-0def0dd0_9e64_4b63_8f9a_7800d8693774-10, groupId=Consumer-topic-0def0dd0_9e64_4b63_8f9a_7800d8693774] Member consumer-Consumer-topic-0def0dd0_9e64_4b63_8f9a_7800d8693774-10-4c5a3ba7-7b53-4d59-b17d-2ea8efc3cd24 sending LeaveGroup request to coordinator localhost:32770 (id: 2147483647 rack: null) due to the consumer is being closed
2025-07-31 02:21:28,864 INFO  [org.apa.kaf.cli.con.int.ConsumerCoordinator] (Thread-189) [Consumer clientId=consumer-Consumer-topic-0def0dd0_9e64_4b63_8f9a_7800d8693774-10, groupId=Consumer-topic-0def0dd0_9e64_4b63_8f9a_7800d8693774] Resetting generation and member id due to: consumer pro-actively leaving the group
2025-07-31 02:21:28,864 INFO  [org.apa.kaf.cli.con.int.ConsumerCoordinator] (Thread-189) [Consumer clientId=consumer-Consumer-topic-0def0dd0_9e64_4b63_8f9a_7800d8693774-10, groupId=Consumer-topic-0def0dd0_9e64_4b63_8f9a_7800d8693774] Request joining group due to: consumer pro-actively leaving the group
2025-07-31 02:21:29,364 INFO  [org.apa.kaf.com.met.Metrics] (Thread-189) Metrics scheduler closed
2025-07-31 02:21:29,364 INFO  [org.apa.kaf.com.met.Metrics] (Thread-189) Closing reporter org.apache.kafka.common.metrics.JmxReporter
2025-07-31 02:21:29,364 INFO  [org.apa.kaf.com.met.Metrics] (Thread-189) Closing reporter org.apache.kafka.common.telemetry.internals.ClientTelemetryReporter
2025-07-31 02:21:29,364 INFO  [org.apa.kaf.com.met.Metrics] (Thread-189) Metrics reporters closed
2025-07-31 02:21:29,366 INFO  [org.apa.kaf.com.uti.AppInfoParser] (Thread-189) App info kafka.consumer for consumer-Consumer-topic-0def0dd0_9e64_4b63_8f9a_7800d8693774-10 unregistered
2025-07-31 02:21:29,367 INFO  [io.api.tes.uti.TestSeparator] (main) io.apicurio.tests.serdes.apicurio.AvroSerdeIT.testTopicRecordIdStrategydFindLatest-FINISHED
2025-07-31 02:21:29,367 INFO  [io.api.tes.uti.TestSeparator] (main) ############################################################################
]]></system-out>
  </testcase>
  <testcase name="testAvroConfluentForMultipleTopics" classname="io.apicurio.tests.serdes.apicurio.AvroSerdeIT" time="2.998">
    <system-out><![CDATA[2025-07-31 02:21:29,370 INFO  [io.api.tes.uti.TestSeparator] (main) ############################################################################
2025-07-31 02:21:29,370 INFO  [io.api.tes.uti.TestSeparator] (main) io.apicurio.tests.serdes.apicurio.AvroSerdeIT.testAvroConfluentForMultipleTopics-STARTED
2025-07-31 02:21:29,371 INFO  [io.api.tes.ser.api.AvroSerdeIT] (main) Registering Avro Schema: {"type":"record","name":"myrecordconfluent","fields":[{"name":"key11753928489370","type":"string"}]}
2025-07-31 02:21:30,409 INFO  [org.apa.kaf.cli.pro.ProducerConfig] (main) ProducerConfig values: 
	acks = -1
	auto.include.jmx.reporter = true
	batch.size = 16384
	bootstrap.servers = [PLAINTEXT://localhost:32770]
	buffer.memory = 33554432
	client.dns.lookup = use_all_dns_ips
	client.id = Producer-topic-8bdcb515_17d3_427c_88d5_c1015753e0be
	compression.gzip.level = -1
	compression.lz4.level = 9
	compression.type = none
	compression.zstd.level = 3
	connections.max.idle.ms = 10000
	delivery.timeout.ms = 120000
	enable.idempotence = true
	enable.metrics.push = true
	interceptor.classes = []
	key.serializer = class org.apache.kafka.common.serialization.StringSerializer
	linger.ms = 0
	max.block.ms = 60000
	max.in.flight.requests.per.connection = 5
	max.request.size = 1048576
	metadata.max.age.ms = 300000
	metadata.max.idle.ms = 300000
	metadata.recovery.strategy = none
	metric.reporters = []
	metrics.num.samples = 2
	metrics.recording.level = INFO
	metrics.sample.window.ms = 30000
	partitioner.adaptive.partitioning.enable = true
	partitioner.availability.timeout.ms = 0
	partitioner.class = null
	partitioner.ignore.keys = false
	receive.buffer.bytes = 32768
	reconnect.backoff.max.ms = 1000
	reconnect.backoff.ms = 50
	request.timeout.ms = 5000
	retries = 2147483647
	retry.backoff.max.ms = 1000
	retry.backoff.ms = 100
	sasl.client.callback.handler.class = null
	sasl.jaas.config = null
	sasl.kerberos.kinit.cmd = /usr/bin/kinit
	sasl.kerberos.min.time.before.relogin = 60000
	sasl.kerberos.service.name = null
	sasl.kerberos.ticket.renew.jitter = 0.05
	sasl.kerberos.ticket.renew.window.factor = 0.8
	sasl.login.callback.handler.class = null
	sasl.login.class = null
	sasl.login.connect.timeout.ms = null
	sasl.login.read.timeout.ms = null
	sasl.login.refresh.buffer.seconds = 300
	sasl.login.refresh.min.period.seconds = 60
	sasl.login.refresh.window.factor = 0.8
	sasl.login.refresh.window.jitter = 0.05
	sasl.login.retry.backoff.max.ms = 10000
	sasl.login.retry.backoff.ms = 100
	sasl.mechanism = GSSAPI
	sasl.oauthbearer.clock.skew.seconds = 30
	sasl.oauthbearer.expected.audience = null
	sasl.oauthbearer.expected.issuer = null
	sasl.oauthbearer.header.urlencode = false
	sasl.oauthbearer.jwks.endpoint.refresh.ms = 3600000
	sasl.oauthbearer.jwks.endpoint.retry.backoff.max.ms = 10000
	sasl.oauthbearer.jwks.endpoint.retry.backoff.ms = 100
	sasl.oauthbearer.jwks.endpoint.url = null
	sasl.oauthbearer.scope.claim.name = scope
	sasl.oauthbearer.sub.claim.name = sub
	sasl.oauthbearer.token.endpoint.url = null
	security.protocol = PLAINTEXT
	security.providers = null
	send.buffer.bytes = 131072
	socket.connection.setup.timeout.max.ms = 30000
	socket.connection.setup.timeout.ms = 10000
	ssl.cipher.suites = null
	ssl.enabled.protocols = [TLSv1.2, TLSv1.3]
	ssl.endpoint.identification.algorithm = https
	ssl.engine.factory.class = null
	ssl.key.password = null
	ssl.keymanager.algorithm = SunX509
	ssl.keystore.certificate.chain = null
	ssl.keystore.key = null
	ssl.keystore.location = null
	ssl.keystore.password = null
	ssl.keystore.type = JKS
	ssl.protocol = TLSv1.3
	ssl.provider = null
	ssl.secure.random.implementation = null
	ssl.trustmanager.algorithm = PKIX
	ssl.truststore.certificates = null
	ssl.truststore.location = null
	ssl.truststore.password = null
	ssl.truststore.type = JKS
	transaction.timeout.ms = 60000
	transactional.id = null
	value.serializer = class io.apicurio.registry.serde.avro.AvroKafkaSerializer

2025-07-31 02:21:30,409 INFO  [org.apa.kaf.com.tel.int.KafkaMetricsCollector] (main) initializing Kafka metrics collector
2025-07-31 02:21:30,412 INFO  [org.apa.kaf.cli.pro.KafkaProducer] (main) [Producer clientId=Producer-topic-8bdcb515_17d3_427c_88d5_c1015753e0be] Instantiated an idempotent producer.
2025-07-31 02:21:30,414 INFO  [org.apa.kaf.cli.pro.ProducerConfig] (main) These configurations '[apicurio.registry.url, apicurio.registry.artifact-resolver-strategy]' were supplied but are not used yet.
2025-07-31 02:21:30,414 INFO  [org.apa.kaf.com.uti.AppInfoParser] (main) Kafka version: 3.9.0
2025-07-31 02:21:30,414 INFO  [org.apa.kaf.com.uti.AppInfoParser] (main) Kafka commitId: 84caaa6e9da06435
2025-07-31 02:21:30,414 INFO  [org.apa.kaf.com.uti.AppInfoParser] (main) Kafka startTimeMs: 1753928490414
2025-07-31 02:21:30,414 INFO  [org.apa.kaf.cli.pro.ProducerConfig] (main) ProducerConfig values: 
	acks = -1
	auto.include.jmx.reporter = true
	batch.size = 16384
	bootstrap.servers = [PLAINTEXT://localhost:32770]
	buffer.memory = 33554432
	client.dns.lookup = use_all_dns_ips
	client.id = Producer-topic-6ea42058_702f_45b4_a48e_82338192e414
	compression.gzip.level = -1
	compression.lz4.level = 9
	compression.type = none
	compression.zstd.level = 3
	connections.max.idle.ms = 10000
	delivery.timeout.ms = 120000
	enable.idempotence = true
	enable.metrics.push = true
	interceptor.classes = []
	key.serializer = class org.apache.kafka.common.serialization.StringSerializer
	linger.ms = 0
	max.block.ms = 60000
	max.in.flight.requests.per.connection = 5
	max.request.size = 1048576
	metadata.max.age.ms = 300000
	metadata.max.idle.ms = 300000
	metadata.recovery.strategy = none
	metric.reporters = []
	metrics.num.samples = 2
	metrics.recording.level = INFO
	metrics.sample.window.ms = 30000
	partitioner.adaptive.partitioning.enable = true
	partitioner.availability.timeout.ms = 0
	partitioner.class = null
	partitioner.ignore.keys = false
	receive.buffer.bytes = 32768
	reconnect.backoff.max.ms = 1000
	reconnect.backoff.ms = 50
	request.timeout.ms = 5000
	retries = 2147483647
	retry.backoff.max.ms = 1000
	retry.backoff.ms = 100
	sasl.client.callback.handler.class = null
	sasl.jaas.config = null
	sasl.kerberos.kinit.cmd = /usr/bin/kinit
	sasl.kerberos.min.time.before.relogin = 60000
	sasl.kerberos.service.name = null
	sasl.kerberos.ticket.renew.jitter = 0.05
	sasl.kerberos.ticket.renew.window.factor = 0.8
	sasl.login.callback.handler.class = null
	sasl.login.class = null
	sasl.login.connect.timeout.ms = null
	sasl.login.read.timeout.ms = null
	sasl.login.refresh.buffer.seconds = 300
	sasl.login.refresh.min.period.seconds = 60
	sasl.login.refresh.window.factor = 0.8
	sasl.login.refresh.window.jitter = 0.05
	sasl.login.retry.backoff.max.ms = 10000
	sasl.login.retry.backoff.ms = 100
	sasl.mechanism = GSSAPI
	sasl.oauthbearer.clock.skew.seconds = 30
	sasl.oauthbearer.expected.audience = null
	sasl.oauthbearer.expected.issuer = null
	sasl.oauthbearer.header.urlencode = false
	sasl.oauthbearer.jwks.endpoint.refresh.ms = 3600000
	sasl.oauthbearer.jwks.endpoint.retry.backoff.max.ms = 10000
	sasl.oauthbearer.jwks.endpoint.retry.backoff.ms = 100
	sasl.oauthbearer.jwks.endpoint.url = null
	sasl.oauthbearer.scope.claim.name = scope
	sasl.oauthbearer.sub.claim.name = sub
	sasl.oauthbearer.token.endpoint.url = null
	security.protocol = PLAINTEXT
	security.providers = null
	send.buffer.bytes = 131072
	socket.connection.setup.timeout.max.ms = 30000
	socket.connection.setup.timeout.ms = 10000
	ssl.cipher.suites = null
	ssl.enabled.protocols = [TLSv1.2, TLSv1.3]
	ssl.endpoint.identification.algorithm = https
	ssl.engine.factory.class = null
	ssl.key.password = null
	ssl.keymanager.algorithm = SunX509
	ssl.keystore.certificate.chain = null
	ssl.keystore.key = null
	ssl.keystore.location = null
	ssl.keystore.password = null
	ssl.keystore.type = JKS
	ssl.protocol = TLSv1.3
	ssl.provider = null
	ssl.secure.random.implementation = null
	ssl.trustmanager.algorithm = PKIX
	ssl.truststore.certificates = null
	ssl.truststore.location = null
	ssl.truststore.password = null
	ssl.truststore.type = JKS
	transaction.timeout.ms = 60000
	transactional.id = null
	value.serializer = class io.apicurio.registry.serde.avro.AvroKafkaSerializer

2025-07-31 02:21:30,414 INFO  [org.apa.kaf.com.tel.int.KafkaMetricsCollector] (main) initializing Kafka metrics collector
2025-07-31 02:21:30,423 INFO  [org.apa.kaf.cli.Metadata] (kafka-producer-network-thread | Producer-topic-8bdcb515_17d3_427c_88d5_c1015753e0be) [Producer clientId=Producer-topic-8bdcb515_17d3_427c_88d5_c1015753e0be] Cluster ID: mFm4H5CuSae4mNeWY74G7g
2025-07-31 02:21:30,424 INFO  [org.apa.kaf.cli.pro.int.TransactionManager] (kafka-producer-network-thread | Producer-topic-8bdcb515_17d3_427c_88d5_c1015753e0be) [Producer clientId=Producer-topic-8bdcb515_17d3_427c_88d5_c1015753e0be] ProducerId set to 14 with epoch 0
2025-07-31 02:21:30,425 INFO  [org.apa.kaf.cli.pro.KafkaProducer] (main) [Producer clientId=Producer-topic-6ea42058_702f_45b4_a48e_82338192e414] Instantiated an idempotent producer.
2025-07-31 02:21:30,428 INFO  [org.apa.kaf.cli.pro.ProducerConfig] (main) These configurations '[apicurio.registry.url, apicurio.registry.artifact-resolver-strategy]' were supplied but are not used yet.
2025-07-31 02:21:30,428 INFO  [org.apa.kaf.com.uti.AppInfoParser] (main) Kafka version: 3.9.0
2025-07-31 02:21:30,428 INFO  [org.apa.kaf.com.uti.AppInfoParser] (main) Kafka commitId: 84caaa6e9da06435
2025-07-31 02:21:30,428 INFO  [org.apa.kaf.com.uti.AppInfoParser] (main) Kafka startTimeMs: 1753928490428
2025-07-31 02:21:30,428 INFO  [org.apa.kaf.cli.pro.ProducerConfig] (main) ProducerConfig values: 
	acks = -1
	auto.include.jmx.reporter = true
	batch.size = 16384
	bootstrap.servers = [PLAINTEXT://localhost:32770]
	buffer.memory = 33554432
	client.dns.lookup = use_all_dns_ips
	client.id = Producer-topic-4aa47b0b_db53_4b3d_9952_4c97397683a3
	compression.gzip.level = -1
	compression.lz4.level = 9
	compression.type = none
	compression.zstd.level = 3
	connections.max.idle.ms = 10000
	delivery.timeout.ms = 120000
	enable.idempotence = true
	enable.metrics.push = true
	interceptor.classes = []
	key.serializer = class org.apache.kafka.common.serialization.StringSerializer
	linger.ms = 0
	max.block.ms = 60000
	max.in.flight.requests.per.connection = 5
	max.request.size = 1048576
	metadata.max.age.ms = 300000
	metadata.max.idle.ms = 300000
	metadata.recovery.strategy = none
	metric.reporters = []
	metrics.num.samples = 2
	metrics.recording.level = INFO
	metrics.sample.window.ms = 30000
	partitioner.adaptive.partitioning.enable = true
	partitioner.availability.timeout.ms = 0
	partitioner.class = null
	partitioner.ignore.keys = false
	receive.buffer.bytes = 32768
	reconnect.backoff.max.ms = 1000
	reconnect.backoff.ms = 50
	request.timeout.ms = 5000
	retries = 2147483647
	retry.backoff.max.ms = 1000
	retry.backoff.ms = 100
	sasl.client.callback.handler.class = null
	sasl.jaas.config = null
	sasl.kerberos.kinit.cmd = /usr/bin/kinit
	sasl.kerberos.min.time.before.relogin = 60000
	sasl.kerberos.service.name = null
	sasl.kerberos.ticket.renew.jitter = 0.05
	sasl.kerberos.ticket.renew.window.factor = 0.8
	sasl.login.callback.handler.class = null
	sasl.login.class = null
	sasl.login.connect.timeout.ms = null
	sasl.login.read.timeout.ms = null
	sasl.login.refresh.buffer.seconds = 300
	sasl.login.refresh.min.period.seconds = 60
	sasl.login.refresh.window.factor = 0.8
	sasl.login.refresh.window.jitter = 0.05
	sasl.login.retry.backoff.max.ms = 10000
	sasl.login.retry.backoff.ms = 100
	sasl.mechanism = GSSAPI
	sasl.oauthbearer.clock.skew.seconds = 30
	sasl.oauthbearer.expected.audience = null
	sasl.oauthbearer.expected.issuer = null
	sasl.oauthbearer.header.urlencode = false
	sasl.oauthbearer.jwks.endpoint.refresh.ms = 3600000
	sasl.oauthbearer.jwks.endpoint.retry.backoff.max.ms = 10000
	sasl.oauthbearer.jwks.endpoint.retry.backoff.ms = 100
	sasl.oauthbearer.jwks.endpoint.url = null
	sasl.oauthbearer.scope.claim.name = scope
	sasl.oauthbearer.sub.claim.name = sub
	sasl.oauthbearer.token.endpoint.url = null
	security.protocol = PLAINTEXT
	security.providers = null
	send.buffer.bytes = 131072
	socket.connection.setup.timeout.max.ms = 30000
	socket.connection.setup.timeout.ms = 10000
	ssl.cipher.suites = null
	ssl.enabled.protocols = [TLSv1.2, TLSv1.3]
	ssl.endpoint.identification.algorithm = https
	ssl.engine.factory.class = null
	ssl.key.password = null
	ssl.keymanager.algorithm = SunX509
	ssl.keystore.certificate.chain = null
	ssl.keystore.key = null
	ssl.keystore.location = null
	ssl.keystore.password = null
	ssl.keystore.type = JKS
	ssl.protocol = TLSv1.3
	ssl.provider = null
	ssl.secure.random.implementation = null
	ssl.trustmanager.algorithm = PKIX
	ssl.truststore.certificates = null
	ssl.truststore.location = null
	ssl.truststore.password = null
	ssl.truststore.type = JKS
	transaction.timeout.ms = 60000
	transactional.id = null
	value.serializer = class io.apicurio.registry.serde.avro.AvroKafkaSerializer

2025-07-31 02:21:30,428 INFO  [org.apa.kaf.com.tel.int.KafkaMetricsCollector] (main) initializing Kafka metrics collector
2025-07-31 02:21:30,436 INFO  [org.apa.kaf.cli.Metadata] (kafka-producer-network-thread | Producer-topic-6ea42058_702f_45b4_a48e_82338192e414) [Producer clientId=Producer-topic-6ea42058_702f_45b4_a48e_82338192e414] Cluster ID: mFm4H5CuSae4mNeWY74G7g
2025-07-31 02:21:30,437 INFO  [org.apa.kaf.cli.pro.int.TransactionManager] (kafka-producer-network-thread | Producer-topic-6ea42058_702f_45b4_a48e_82338192e414) [Producer clientId=Producer-topic-6ea42058_702f_45b4_a48e_82338192e414] ProducerId set to 15 with epoch 0
2025-07-31 02:21:30,440 INFO  [org.apa.kaf.cli.pro.KafkaProducer] (main) [Producer clientId=Producer-topic-4aa47b0b_db53_4b3d_9952_4c97397683a3] Instantiated an idempotent producer.
2025-07-31 02:21:30,444 INFO  [org.apa.kaf.cli.pro.ProducerConfig] (main) These configurations '[apicurio.registry.url, apicurio.registry.artifact-resolver-strategy]' were supplied but are not used yet.
2025-07-31 02:21:30,444 INFO  [org.apa.kaf.com.uti.AppInfoParser] (main) Kafka version: 3.9.0
2025-07-31 02:21:30,444 INFO  [org.apa.kaf.com.uti.AppInfoParser] (main) Kafka commitId: 84caaa6e9da06435
2025-07-31 02:21:30,444 INFO  [org.apa.kaf.com.uti.AppInfoParser] (main) Kafka startTimeMs: 1753928490444
2025-07-31 02:21:30,445 INFO  [org.apa.kaf.cli.con.ConsumerConfig] (main) ConsumerConfig values: 
	allow.auto.create.topics = true
	auto.commit.interval.ms = 500
	auto.include.jmx.reporter = true
	auto.offset.reset = earliest
	bootstrap.servers = [PLAINTEXT://localhost:32770]
	check.crcs = true
	client.dns.lookup = use_all_dns_ips
	client.id = consumer-Consumer-topic-8bdcb515_17d3_427c_88d5_c1015753e0be-11
	client.rack = 
	connections.max.idle.ms = 10000
	default.api.timeout.ms = 60000
	enable.auto.commit = true
	enable.metrics.push = true
	exclude.internal.topics = true
	fetch.max.bytes = 52428800
	fetch.max.wait.ms = 500
	fetch.min.bytes = 1
	group.id = Consumer-topic-8bdcb515_17d3_427c_88d5_c1015753e0be
	group.instance.id = null
	group.protocol = classic
	group.remote.assignor = null
	heartbeat.interval.ms = 3000
	interceptor.classes = []
	internal.leave.group.on.close = true
	internal.throw.on.fetch.stable.offset.unsupported = false
	isolation.level = read_uncommitted
	key.deserializer = class org.apache.kafka.common.serialization.StringDeserializer
	max.partition.fetch.bytes = 1048576
	max.poll.interval.ms = 300000
	max.poll.records = 500
	metadata.max.age.ms = 300000
	metadata.recovery.strategy = none
	metric.reporters = []
	metrics.num.samples = 2
	metrics.recording.level = INFO
	metrics.sample.window.ms = 30000
	partition.assignment.strategy = [class org.apache.kafka.clients.consumer.RangeAssignor, class org.apache.kafka.clients.consumer.CooperativeStickyAssignor]
	receive.buffer.bytes = 65536
	reconnect.backoff.max.ms = 1000
	reconnect.backoff.ms = 50
	request.timeout.ms = 5000
	retry.backoff.max.ms = 1000
	retry.backoff.ms = 100
	sasl.client.callback.handler.class = null
	sasl.jaas.config = null
	sasl.kerberos.kinit.cmd = /usr/bin/kinit
	sasl.kerberos.min.time.before.relogin = 60000
	sasl.kerberos.service.name = null
	sasl.kerberos.ticket.renew.jitter = 0.05
	sasl.kerberos.ticket.renew.window.factor = 0.8
	sasl.login.callback.handler.class = null
	sasl.login.class = null
	sasl.login.connect.timeout.ms = null
	sasl.login.read.timeout.ms = null
	sasl.login.refresh.buffer.seconds = 300
	sasl.login.refresh.min.period.seconds = 60
	sasl.login.refresh.window.factor = 0.8
	sasl.login.refresh.window.jitter = 0.05
	sasl.login.retry.backoff.max.ms = 10000
	sasl.login.retry.backoff.ms = 100
	sasl.mechanism = GSSAPI
	sasl.oauthbearer.clock.skew.seconds = 30
	sasl.oauthbearer.expected.audience = null
	sasl.oauthbearer.expected.issuer = null
	sasl.oauthbearer.header.urlencode = false
	sasl.oauthbearer.jwks.endpoint.refresh.ms = 3600000
	sasl.oauthbearer.jwks.endpoint.retry.backoff.max.ms = 10000
	sasl.oauthbearer.jwks.endpoint.retry.backoff.ms = 100
	sasl.oauthbearer.jwks.endpoint.url = null
	sasl.oauthbearer.scope.claim.name = scope
	sasl.oauthbearer.sub.claim.name = sub
	sasl.oauthbearer.token.endpoint.url = null
	security.protocol = PLAINTEXT
	security.providers = null
	send.buffer.bytes = 131072
	session.timeout.ms = 45000
	socket.connection.setup.timeout.max.ms = 30000
	socket.connection.setup.timeout.ms = 10000
	ssl.cipher.suites = null
	ssl.enabled.protocols = [TLSv1.2, TLSv1.3]
	ssl.endpoint.identification.algorithm = https
	ssl.engine.factory.class = null
	ssl.key.password = null
	ssl.keymanager.algorithm = SunX509
	ssl.keystore.certificate.chain = null
	ssl.keystore.key = null
	ssl.keystore.location = null
	ssl.keystore.password = null
	ssl.keystore.type = JKS
	ssl.protocol = TLSv1.3
	ssl.provider = null
	ssl.secure.random.implementation = null
	ssl.trustmanager.algorithm = PKIX
	ssl.truststore.certificates = null
	ssl.truststore.location = null
	ssl.truststore.password = null
	ssl.truststore.type = JKS
	value.deserializer = class io.apicurio.registry.serde.avro.AvroKafkaDeserializer

2025-07-31 02:21:30,445 INFO  [org.apa.kaf.com.tel.int.KafkaMetricsCollector] (main) initializing Kafka metrics collector
2025-07-31 02:21:30,448 INFO  [org.apa.kaf.cli.Metadata] (kafka-producer-network-thread | Producer-topic-4aa47b0b_db53_4b3d_9952_4c97397683a3) [Producer clientId=Producer-topic-4aa47b0b_db53_4b3d_9952_4c97397683a3] Cluster ID: mFm4H5CuSae4mNeWY74G7g
2025-07-31 02:21:30,450 INFO  [org.apa.kaf.cli.pro.int.TransactionManager] (kafka-producer-network-thread | Producer-topic-4aa47b0b_db53_4b3d_9952_4c97397683a3) [Producer clientId=Producer-topic-4aa47b0b_db53_4b3d_9952_4c97397683a3] ProducerId set to 16 with epoch 0
2025-07-31 02:21:30,455 INFO  [org.apa.kaf.cli.con.ConsumerConfig] (main) These configurations '[apicurio.registry.url]' were supplied but are not used yet.
2025-07-31 02:21:30,455 INFO  [org.apa.kaf.com.uti.AppInfoParser] (main) Kafka version: 3.9.0
2025-07-31 02:21:30,455 INFO  [org.apa.kaf.com.uti.AppInfoParser] (main) Kafka commitId: 84caaa6e9da06435
2025-07-31 02:21:30,455 INFO  [org.apa.kaf.com.uti.AppInfoParser] (main) Kafka startTimeMs: 1753928490455
2025-07-31 02:21:30,455 INFO  [org.apa.kaf.cli.con.ConsumerConfig] (main) ConsumerConfig values: 
	allow.auto.create.topics = true
	auto.commit.interval.ms = 500
	auto.include.jmx.reporter = true
	auto.offset.reset = earliest
	bootstrap.servers = [PLAINTEXT://localhost:32770]
	check.crcs = true
	client.dns.lookup = use_all_dns_ips
	client.id = consumer-Consumer-topic-6ea42058_702f_45b4_a48e_82338192e414-12
	client.rack = 
	connections.max.idle.ms = 10000
	default.api.timeout.ms = 60000
	enable.auto.commit = true
	enable.metrics.push = true
	exclude.internal.topics = true
	fetch.max.bytes = 52428800
	fetch.max.wait.ms = 500
	fetch.min.bytes = 1
	group.id = Consumer-topic-6ea42058_702f_45b4_a48e_82338192e414
	group.instance.id = null
	group.protocol = classic
	group.remote.assignor = null
	heartbeat.interval.ms = 3000
	interceptor.classes = []
	internal.leave.group.on.close = true
	internal.throw.on.fetch.stable.offset.unsupported = false
	isolation.level = read_uncommitted
	key.deserializer = class org.apache.kafka.common.serialization.StringDeserializer
	max.partition.fetch.bytes = 1048576
	max.poll.interval.ms = 300000
	max.poll.records = 500
	metadata.max.age.ms = 300000
	metadata.recovery.strategy = none
	metric.reporters = []
	metrics.num.samples = 2
	metrics.recording.level = INFO
	metrics.sample.window.ms = 30000
	partition.assignment.strategy = [class org.apache.kafka.clients.consumer.RangeAssignor, class org.apache.kafka.clients.consumer.CooperativeStickyAssignor]
	receive.buffer.bytes = 65536
	reconnect.backoff.max.ms = 1000
	reconnect.backoff.ms = 50
	request.timeout.ms = 5000
	retry.backoff.max.ms = 1000
	retry.backoff.ms = 100
	sasl.client.callback.handler.class = null
	sasl.jaas.config = null
	sasl.kerberos.kinit.cmd = /usr/bin/kinit
	sasl.kerberos.min.time.before.relogin = 60000
	sasl.kerberos.service.name = null
	sasl.kerberos.ticket.renew.jitter = 0.05
	sasl.kerberos.ticket.renew.window.factor = 0.8
	sasl.login.callback.handler.class = null
	sasl.login.class = null
	sasl.login.connect.timeout.ms = null
	sasl.login.read.timeout.ms = null
	sasl.login.refresh.buffer.seconds = 300
	sasl.login.refresh.min.period.seconds = 60
	sasl.login.refresh.window.factor = 0.8
	sasl.login.refresh.window.jitter = 0.05
	sasl.login.retry.backoff.max.ms = 10000
	sasl.login.retry.backoff.ms = 100
	sasl.mechanism = GSSAPI
	sasl.oauthbearer.clock.skew.seconds = 30
	sasl.oauthbearer.expected.audience = null
	sasl.oauthbearer.expected.issuer = null
	sasl.oauthbearer.header.urlencode = false
	sasl.oauthbearer.jwks.endpoint.refresh.ms = 3600000
	sasl.oauthbearer.jwks.endpoint.retry.backoff.max.ms = 10000
	sasl.oauthbearer.jwks.endpoint.retry.backoff.ms = 100
	sasl.oauthbearer.jwks.endpoint.url = null
	sasl.oauthbearer.scope.claim.name = scope
	sasl.oauthbearer.sub.claim.name = sub
	sasl.oauthbearer.token.endpoint.url = null
	security.protocol = PLAINTEXT
	security.providers = null
	send.buffer.bytes = 131072
	session.timeout.ms = 45000
	socket.connection.setup.timeout.max.ms = 30000
	socket.connection.setup.timeout.ms = 10000
	ssl.cipher.suites = null
	ssl.enabled.protocols = [TLSv1.2, TLSv1.3]
	ssl.endpoint.identification.algorithm = https
	ssl.engine.factory.class = null
	ssl.key.password = null
	ssl.keymanager.algorithm = SunX509
	ssl.keystore.certificate.chain = null
	ssl.keystore.key = null
	ssl.keystore.location = null
	ssl.keystore.password = null
	ssl.keystore.type = JKS
	ssl.protocol = TLSv1.3
	ssl.provider = null
	ssl.secure.random.implementation = null
	ssl.trustmanager.algorithm = PKIX
	ssl.truststore.certificates = null
	ssl.truststore.location = null
	ssl.truststore.password = null
	ssl.truststore.type = JKS
	value.deserializer = class io.apicurio.registry.serde.avro.AvroKafkaDeserializer

2025-07-31 02:21:30,456 INFO  [org.apa.kaf.com.tel.int.KafkaMetricsCollector] (main) initializing Kafka metrics collector
2025-07-31 02:21:30,460 INFO  [org.apa.kaf.cli.con.ConsumerConfig] (main) These configurations '[apicurio.registry.url]' were supplied but are not used yet.
2025-07-31 02:21:30,460 INFO  [org.apa.kaf.com.uti.AppInfoParser] (main) Kafka version: 3.9.0
2025-07-31 02:21:30,460 INFO  [org.apa.kaf.com.uti.AppInfoParser] (main) Kafka commitId: 84caaa6e9da06435
2025-07-31 02:21:30,460 INFO  [org.apa.kaf.com.uti.AppInfoParser] (main) Kafka startTimeMs: 1753928490460
2025-07-31 02:21:30,461 INFO  [org.apa.kaf.cli.con.ConsumerConfig] (main) ConsumerConfig values: 
	allow.auto.create.topics = true
	auto.commit.interval.ms = 500
	auto.include.jmx.reporter = true
	auto.offset.reset = earliest
	bootstrap.servers = [PLAINTEXT://localhost:32770]
	check.crcs = true
	client.dns.lookup = use_all_dns_ips
	client.id = consumer-Consumer-topic-4aa47b0b_db53_4b3d_9952_4c97397683a3-13
	client.rack = 
	connections.max.idle.ms = 10000
	default.api.timeout.ms = 60000
	enable.auto.commit = true
	enable.metrics.push = true
	exclude.internal.topics = true
	fetch.max.bytes = 52428800
	fetch.max.wait.ms = 500
	fetch.min.bytes = 1
	group.id = Consumer-topic-4aa47b0b_db53_4b3d_9952_4c97397683a3
	group.instance.id = null
	group.protocol = classic
	group.remote.assignor = null
	heartbeat.interval.ms = 3000
	interceptor.classes = []
	internal.leave.group.on.close = true
	internal.throw.on.fetch.stable.offset.unsupported = false
	isolation.level = read_uncommitted
	key.deserializer = class org.apache.kafka.common.serialization.StringDeserializer
	max.partition.fetch.bytes = 1048576
	max.poll.interval.ms = 300000
	max.poll.records = 500
	metadata.max.age.ms = 300000
	metadata.recovery.strategy = none
	metric.reporters = []
	metrics.num.samples = 2
	metrics.recording.level = INFO
	metrics.sample.window.ms = 30000
	partition.assignment.strategy = [class org.apache.kafka.clients.consumer.RangeAssignor, class org.apache.kafka.clients.consumer.CooperativeStickyAssignor]
	receive.buffer.bytes = 65536
	reconnect.backoff.max.ms = 1000
	reconnect.backoff.ms = 50
	request.timeout.ms = 5000
	retry.backoff.max.ms = 1000
	retry.backoff.ms = 100
	sasl.client.callback.handler.class = null
	sasl.jaas.config = null
	sasl.kerberos.kinit.cmd = /usr/bin/kinit
	sasl.kerberos.min.time.before.relogin = 60000
	sasl.kerberos.service.name = null
	sasl.kerberos.ticket.renew.jitter = 0.05
	sasl.kerberos.ticket.renew.window.factor = 0.8
	sasl.login.callback.handler.class = null
	sasl.login.class = null
	sasl.login.connect.timeout.ms = null
	sasl.login.read.timeout.ms = null
	sasl.login.refresh.buffer.seconds = 300
	sasl.login.refresh.min.period.seconds = 60
	sasl.login.refresh.window.factor = 0.8
	sasl.login.refresh.window.jitter = 0.05
	sasl.login.retry.backoff.max.ms = 10000
	sasl.login.retry.backoff.ms = 100
	sasl.mechanism = GSSAPI
	sasl.oauthbearer.clock.skew.seconds = 30
	sasl.oauthbearer.expected.audience = null
	sasl.oauthbearer.expected.issuer = null
	sasl.oauthbearer.header.urlencode = false
	sasl.oauthbearer.jwks.endpoint.refresh.ms = 3600000
	sasl.oauthbearer.jwks.endpoint.retry.backoff.max.ms = 10000
	sasl.oauthbearer.jwks.endpoint.retry.backoff.ms = 100
	sasl.oauthbearer.jwks.endpoint.url = null
	sasl.oauthbearer.scope.claim.name = scope
	sasl.oauthbearer.sub.claim.name = sub
	sasl.oauthbearer.token.endpoint.url = null
	security.protocol = PLAINTEXT
	security.providers = null
	send.buffer.bytes = 131072
	session.timeout.ms = 45000
	socket.connection.setup.timeout.max.ms = 30000
	socket.connection.setup.timeout.ms = 10000
	ssl.cipher.suites = null
	ssl.enabled.protocols = [TLSv1.2, TLSv1.3]
	ssl.endpoint.identification.algorithm = https
	ssl.engine.factory.class = null
	ssl.key.password = null
	ssl.keymanager.algorithm = SunX509
	ssl.keystore.certificate.chain = null
	ssl.keystore.key = null
	ssl.keystore.location = null
	ssl.keystore.password = null
	ssl.keystore.type = JKS
	ssl.protocol = TLSv1.3
	ssl.provider = null
	ssl.secure.random.implementation = null
	ssl.trustmanager.algorithm = PKIX
	ssl.truststore.certificates = null
	ssl.truststore.location = null
	ssl.truststore.password = null
	ssl.truststore.type = JKS
	value.deserializer = class io.apicurio.registry.serde.avro.AvroKafkaDeserializer

2025-07-31 02:21:30,461 INFO  [org.apa.kaf.com.tel.int.KafkaMetricsCollector] (main) initializing Kafka metrics collector
2025-07-31 02:21:30,465 INFO  [org.apa.kaf.cli.con.ConsumerConfig] (main) These configurations '[apicurio.registry.url]' were supplied but are not used yet.
2025-07-31 02:21:30,465 INFO  [org.apa.kaf.com.uti.AppInfoParser] (main) Kafka version: 3.9.0
2025-07-31 02:21:30,465 INFO  [org.apa.kaf.com.uti.AppInfoParser] (main) Kafka commitId: 84caaa6e9da06435
2025-07-31 02:21:30,465 INFO  [org.apa.kaf.com.uti.AppInfoParser] (main) Kafka startTimeMs: 1753928490465
2025-07-31 02:21:30,466 INFO  [io.api.tes.ser.api.KafkaSerdesTester] (Thread-202) Sending message {"key11753928489370": "value-0"} to topic topic-8bdcb515_17d3_427c_88d5_c1015753e0be
2025-07-31 02:21:30,474 INFO  [DefaultSchemaResolver] (Thread-202) Retrieving schema content using string: {"type":"record","name":"myrecordconfluent","fields":[{"name":"key11753928489370","type":"string"}]}
2025-07-31 02:21:30,502 INFO  [io.api.tes.ser.api.KafkaSerdesTester] (Thread-202) Sending message {"key11753928489370": "value-1"} to topic topic-8bdcb515_17d3_427c_88d5_c1015753e0be
2025-07-31 02:21:30,504 INFO  [io.api.tes.ser.api.KafkaSerdesTester] (Thread-202) Sending message {"key11753928489370": "value-2"} to topic topic-8bdcb515_17d3_427c_88d5_c1015753e0be
2025-07-31 02:21:30,505 INFO  [io.api.tes.ser.api.KafkaSerdesTester] (Thread-202) Sending message {"key11753928489370": "value-3"} to topic topic-8bdcb515_17d3_427c_88d5_c1015753e0be
2025-07-31 02:21:30,506 INFO  [io.api.tes.ser.api.KafkaSerdesTester] (Thread-202) Sending message {"key11753928489370": "value-4"} to topic topic-8bdcb515_17d3_427c_88d5_c1015753e0be
2025-07-31 02:21:30,507 INFO  [io.api.tes.ser.api.KafkaSerdesTester] (Thread-202) Sending message {"key11753928489370": "value-5"} to topic topic-8bdcb515_17d3_427c_88d5_c1015753e0be
2025-07-31 02:21:30,509 INFO  [io.api.tes.ser.api.KafkaSerdesTester] (Thread-202) Sending message {"key11753928489370": "value-6"} to topic topic-8bdcb515_17d3_427c_88d5_c1015753e0be
2025-07-31 02:21:30,511 INFO  [io.api.tes.ser.api.KafkaSerdesTester] (Thread-202) Sending message {"key11753928489370": "value-7"} to topic topic-8bdcb515_17d3_427c_88d5_c1015753e0be
2025-07-31 02:21:30,514 INFO  [io.api.tes.ser.api.KafkaSerdesTester] (Thread-202) Sending message {"key11753928489370": "value-8"} to topic topic-8bdcb515_17d3_427c_88d5_c1015753e0be
2025-07-31 02:21:30,518 INFO  [io.api.tes.ser.api.KafkaSerdesTester] (Thread-202) Sending message {"key11753928489370": "value-9"} to topic topic-8bdcb515_17d3_427c_88d5_c1015753e0be
2025-07-31 02:21:30,521 INFO  [io.api.tes.ser.api.KafkaSerdesTester] (Thread-202) Produced 10 messages
2025-07-31 02:21:30,521 INFO  [org.apa.kaf.cli.pro.KafkaProducer] (Thread-202) [Producer clientId=Producer-topic-8bdcb515_17d3_427c_88d5_c1015753e0be] Closing the Kafka producer with timeoutMillis = 9223372036854775807 ms.
2025-07-31 02:21:30,526 INFO  [org.apa.kaf.com.met.Metrics] (Thread-202) Metrics scheduler closed
2025-07-31 02:21:30,526 INFO  [org.apa.kaf.com.met.Metrics] (Thread-202) Closing reporter org.apache.kafka.common.metrics.JmxReporter
2025-07-31 02:21:30,526 INFO  [org.apa.kaf.com.met.Metrics] (Thread-202) Closing reporter org.apache.kafka.common.telemetry.internals.ClientTelemetryReporter
2025-07-31 02:21:30,526 INFO  [org.apa.kaf.com.met.Metrics] (Thread-202) Metrics reporters closed
2025-07-31 02:21:30,526 INFO  [org.apa.kaf.com.uti.AppInfoParser] (Thread-202) App info kafka.producer for Producer-topic-8bdcb515_17d3_427c_88d5_c1015753e0be unregistered
2025-07-31 02:21:30,527 INFO  [io.api.tes.ser.api.KafkaSerdesTester] (Thread-203) Sending message {"key11753928489370": "value-0"} to topic topic-6ea42058_702f_45b4_a48e_82338192e414
2025-07-31 02:21:30,537 INFO  [DefaultSchemaResolver] (Thread-203) Retrieving schema content using string: {"type":"record","name":"myrecordconfluent","fields":[{"name":"key11753928489370","type":"string"}]}
2025-07-31 02:21:30,565 INFO  [io.api.tes.ser.api.KafkaSerdesTester] (Thread-203) Sending message {"key11753928489370": "value-1"} to topic topic-6ea42058_702f_45b4_a48e_82338192e414
2025-07-31 02:21:30,567 INFO  [io.api.tes.ser.api.KafkaSerdesTester] (Thread-203) Sending message {"key11753928489370": "value-2"} to topic topic-6ea42058_702f_45b4_a48e_82338192e414
2025-07-31 02:21:30,569 INFO  [io.api.tes.ser.api.KafkaSerdesTester] (Thread-203) Sending message {"key11753928489370": "value-3"} to topic topic-6ea42058_702f_45b4_a48e_82338192e414
2025-07-31 02:21:30,571 INFO  [io.api.tes.ser.api.KafkaSerdesTester] (Thread-203) Sending message {"key11753928489370": "value-4"} to topic topic-6ea42058_702f_45b4_a48e_82338192e414
2025-07-31 02:21:30,572 INFO  [io.api.tes.ser.api.KafkaSerdesTester] (Thread-203) Sending message {"key11753928489370": "value-5"} to topic topic-6ea42058_702f_45b4_a48e_82338192e414
2025-07-31 02:21:30,574 INFO  [io.api.tes.ser.api.KafkaSerdesTester] (Thread-203) Sending message {"key11753928489370": "value-6"} to topic topic-6ea42058_702f_45b4_a48e_82338192e414
2025-07-31 02:21:30,577 INFO  [io.api.tes.ser.api.KafkaSerdesTester] (Thread-203) Sending message {"key11753928489370": "value-7"} to topic topic-6ea42058_702f_45b4_a48e_82338192e414
2025-07-31 02:21:30,578 INFO  [io.api.tes.ser.api.KafkaSerdesTester] (Thread-203) Sending message {"key11753928489370": "value-8"} to topic topic-6ea42058_702f_45b4_a48e_82338192e414
2025-07-31 02:21:30,579 INFO  [io.api.tes.ser.api.KafkaSerdesTester] (Thread-203) Sending message {"key11753928489370": "value-9"} to topic topic-6ea42058_702f_45b4_a48e_82338192e414
2025-07-31 02:21:30,581 INFO  [io.api.tes.ser.api.KafkaSerdesTester] (Thread-203) Produced 10 messages
2025-07-31 02:21:30,581 INFO  [org.apa.kaf.cli.pro.KafkaProducer] (Thread-203) [Producer clientId=Producer-topic-6ea42058_702f_45b4_a48e_82338192e414] Closing the Kafka producer with timeoutMillis = 9223372036854775807 ms.
2025-07-31 02:21:30,583 INFO  [org.apa.kaf.com.met.Metrics] (Thread-203) Metrics scheduler closed
2025-07-31 02:21:30,583 INFO  [org.apa.kaf.com.met.Metrics] (Thread-203) Closing reporter org.apache.kafka.common.metrics.JmxReporter
2025-07-31 02:21:30,584 INFO  [org.apa.kaf.com.met.Metrics] (Thread-203) Closing reporter org.apache.kafka.common.telemetry.internals.ClientTelemetryReporter
2025-07-31 02:21:30,584 INFO  [org.apa.kaf.com.met.Metrics] (Thread-203) Metrics reporters closed
2025-07-31 02:21:30,584 INFO  [org.apa.kaf.com.uti.AppInfoParser] (Thread-203) App info kafka.producer for Producer-topic-6ea42058_702f_45b4_a48e_82338192e414 unregistered
2025-07-31 02:21:30,585 INFO  [io.api.tes.ser.api.KafkaSerdesTester] (Thread-204) Sending message {"key11753928489370": "value-0"} to topic topic-4aa47b0b_db53_4b3d_9952_4c97397683a3
2025-07-31 02:21:30,589 INFO  [DefaultSchemaResolver] (Thread-204) Retrieving schema content using string: {"type":"record","name":"myrecordconfluent","fields":[{"name":"key11753928489370","type":"string"}]}
2025-07-31 02:21:30,616 INFO  [io.api.tes.ser.api.KafkaSerdesTester] (Thread-204) Sending message {"key11753928489370": "value-1"} to topic topic-4aa47b0b_db53_4b3d_9952_4c97397683a3
2025-07-31 02:21:30,619 INFO  [io.api.tes.ser.api.KafkaSerdesTester] (Thread-204) Sending message {"key11753928489370": "value-2"} to topic topic-4aa47b0b_db53_4b3d_9952_4c97397683a3
2025-07-31 02:21:30,622 INFO  [io.api.tes.ser.api.KafkaSerdesTester] (Thread-204) Sending message {"key11753928489370": "value-3"} to topic topic-4aa47b0b_db53_4b3d_9952_4c97397683a3
2025-07-31 02:21:30,624 INFO  [io.api.tes.ser.api.KafkaSerdesTester] (Thread-204) Sending message {"key11753928489370": "value-4"} to topic topic-4aa47b0b_db53_4b3d_9952_4c97397683a3
2025-07-31 02:21:30,625 INFO  [io.api.tes.ser.api.KafkaSerdesTester] (Thread-204) Sending message {"key11753928489370": "value-5"} to topic topic-4aa47b0b_db53_4b3d_9952_4c97397683a3
2025-07-31 02:21:30,627 INFO  [io.api.tes.ser.api.KafkaSerdesTester] (Thread-204) Sending message {"key11753928489370": "value-6"} to topic topic-4aa47b0b_db53_4b3d_9952_4c97397683a3
2025-07-31 02:21:30,630 INFO  [io.api.tes.ser.api.KafkaSerdesTester] (Thread-204) Sending message {"key11753928489370": "value-7"} to topic topic-4aa47b0b_db53_4b3d_9952_4c97397683a3
2025-07-31 02:21:30,632 INFO  [io.api.tes.ser.api.KafkaSerdesTester] (Thread-204) Sending message {"key11753928489370": "value-8"} to topic topic-4aa47b0b_db53_4b3d_9952_4c97397683a3
2025-07-31 02:21:30,634 INFO  [io.api.tes.ser.api.KafkaSerdesTester] (Thread-204) Sending message {"key11753928489370": "value-9"} to topic topic-4aa47b0b_db53_4b3d_9952_4c97397683a3
2025-07-31 02:21:30,635 INFO  [io.api.tes.ser.api.KafkaSerdesTester] (Thread-204) Produced 10 messages
2025-07-31 02:21:30,635 INFO  [org.apa.kaf.cli.pro.KafkaProducer] (Thread-204) [Producer clientId=Producer-topic-4aa47b0b_db53_4b3d_9952_4c97397683a3] Closing the Kafka producer with timeoutMillis = 9223372036854775807 ms.
2025-07-31 02:21:30,637 INFO  [org.apa.kaf.com.met.Metrics] (Thread-204) Metrics scheduler closed
2025-07-31 02:21:30,637 INFO  [org.apa.kaf.com.met.Metrics] (Thread-204) Closing reporter org.apache.kafka.common.metrics.JmxReporter
2025-07-31 02:21:30,637 INFO  [org.apa.kaf.com.met.Metrics] (Thread-204) Closing reporter org.apache.kafka.common.telemetry.internals.ClientTelemetryReporter
2025-07-31 02:21:30,637 INFO  [org.apa.kaf.com.met.Metrics] (Thread-204) Metrics reporters closed
2025-07-31 02:21:30,637 INFO  [org.apa.kaf.com.uti.AppInfoParser] (Thread-204) App info kafka.producer for Producer-topic-4aa47b0b_db53_4b3d_9952_4c97397683a3 unregistered
2025-07-31 02:21:30,641 INFO  [org.apa.kaf.cli.con.int.ClassicKafkaConsumer] (Thread-205) [Consumer clientId=consumer-Consumer-topic-8bdcb515_17d3_427c_88d5_c1015753e0be-11, groupId=Consumer-topic-8bdcb515_17d3_427c_88d5_c1015753e0be] Subscribed to topic(s): topic-8bdcb515_17d3_427c_88d5_c1015753e0be
2025-07-31 02:21:30,647 INFO  [org.apa.kaf.cli.Metadata] (Thread-205) [Consumer clientId=consumer-Consumer-topic-8bdcb515_17d3_427c_88d5_c1015753e0be-11, groupId=Consumer-topic-8bdcb515_17d3_427c_88d5_c1015753e0be] Cluster ID: mFm4H5CuSae4mNeWY74G7g
2025-07-31 02:21:30,649 INFO  [org.apa.kaf.cli.con.int.ConsumerCoordinator] (Thread-205) [Consumer clientId=consumer-Consumer-topic-8bdcb515_17d3_427c_88d5_c1015753e0be-11, groupId=Consumer-topic-8bdcb515_17d3_427c_88d5_c1015753e0be] Discovered group coordinator localhost:32770 (id: 2147483647 rack: null)
2025-07-31 02:21:30,651 INFO  [org.apa.kaf.cli.con.int.ConsumerCoordinator] (Thread-205) [Consumer clientId=consumer-Consumer-topic-8bdcb515_17d3_427c_88d5_c1015753e0be-11, groupId=Consumer-topic-8bdcb515_17d3_427c_88d5_c1015753e0be] (Re-)joining group
2025-07-31 02:21:30,664 INFO  [org.apa.kaf.cli.con.int.ConsumerCoordinator] (Thread-205) [Consumer clientId=consumer-Consumer-topic-8bdcb515_17d3_427c_88d5_c1015753e0be-11, groupId=Consumer-topic-8bdcb515_17d3_427c_88d5_c1015753e0be] Request joining group due to: need to re-join with the given member-id: consumer-Consumer-topic-8bdcb515_17d3_427c_88d5_c1015753e0be-11-e27a1949-b18f-4241-9238-cf8a16884ecd
2025-07-31 02:21:30,664 INFO  [org.apa.kaf.cli.con.int.ConsumerCoordinator] (Thread-205) [Consumer clientId=consumer-Consumer-topic-8bdcb515_17d3_427c_88d5_c1015753e0be-11, groupId=Consumer-topic-8bdcb515_17d3_427c_88d5_c1015753e0be] (Re-)joining group
2025-07-31 02:21:30,669 INFO  [org.apa.kaf.cli.con.int.ConsumerCoordinator] (Thread-205) [Consumer clientId=consumer-Consumer-topic-8bdcb515_17d3_427c_88d5_c1015753e0be-11, groupId=Consumer-topic-8bdcb515_17d3_427c_88d5_c1015753e0be] Successfully joined group with generation Generation{generationId=1, memberId='consumer-Consumer-topic-8bdcb515_17d3_427c_88d5_c1015753e0be-11-e27a1949-b18f-4241-9238-cf8a16884ecd', protocol='range'}
2025-07-31 02:21:30,669 INFO  [org.apa.kaf.cli.con.int.ConsumerCoordinator] (Thread-205) [Consumer clientId=consumer-Consumer-topic-8bdcb515_17d3_427c_88d5_c1015753e0be-11, groupId=Consumer-topic-8bdcb515_17d3_427c_88d5_c1015753e0be] Finished assignment for group at generation 1: {consumer-Consumer-topic-8bdcb515_17d3_427c_88d5_c1015753e0be-11-e27a1949-b18f-4241-9238-cf8a16884ecd=Assignment(partitions=[topic-8bdcb515_17d3_427c_88d5_c1015753e0be-0])}
2025-07-31 02:21:30,674 INFO  [org.apa.kaf.cli.con.int.ConsumerCoordinator] (Thread-205) [Consumer clientId=consumer-Consumer-topic-8bdcb515_17d3_427c_88d5_c1015753e0be-11, groupId=Consumer-topic-8bdcb515_17d3_427c_88d5_c1015753e0be] Successfully synced group in generation Generation{generationId=1, memberId='consumer-Consumer-topic-8bdcb515_17d3_427c_88d5_c1015753e0be-11-e27a1949-b18f-4241-9238-cf8a16884ecd', protocol='range'}
2025-07-31 02:21:30,675 INFO  [org.apa.kaf.cli.con.int.ConsumerCoordinator] (Thread-205) [Consumer clientId=consumer-Consumer-topic-8bdcb515_17d3_427c_88d5_c1015753e0be-11, groupId=Consumer-topic-8bdcb515_17d3_427c_88d5_c1015753e0be] Notifying assignor about the new Assignment(partitions=[topic-8bdcb515_17d3_427c_88d5_c1015753e0be-0])
2025-07-31 02:21:30,675 INFO  [org.apa.kaf.cli.con.int.ConsumerRebalanceListenerInvoker] (Thread-205) [Consumer clientId=consumer-Consumer-topic-8bdcb515_17d3_427c_88d5_c1015753e0be-11, groupId=Consumer-topic-8bdcb515_17d3_427c_88d5_c1015753e0be] Adding newly assigned partitions: topic-8bdcb515_17d3_427c_88d5_c1015753e0be-0
2025-07-31 02:21:30,676 INFO  [org.apa.kaf.cli.con.int.ConsumerCoordinator] (Thread-205) [Consumer clientId=consumer-Consumer-topic-8bdcb515_17d3_427c_88d5_c1015753e0be-11, groupId=Consumer-topic-8bdcb515_17d3_427c_88d5_c1015753e0be] Found no committed offset for partition topic-8bdcb515_17d3_427c_88d5_c1015753e0be-0
2025-07-31 02:21:30,677 INFO  [org.apa.kaf.cli.con.int.SubscriptionState] (Thread-205) [Consumer clientId=consumer-Consumer-topic-8bdcb515_17d3_427c_88d5_c1015753e0be-11, groupId=Consumer-topic-8bdcb515_17d3_427c_88d5_c1015753e0be] Resetting offset for partition topic-8bdcb515_17d3_427c_88d5_c1015753e0be-0 to position FetchPosition{offset=0, offsetEpoch=Optional.empty, currentLeader=LeaderAndEpoch{leader=Optional[localhost:32770 (id: 0 rack: null)], epoch=0}}.
2025-07-31 02:21:30,713 INFO  [io.api.tes.ser.api.KafkaSerdesTester] (Thread-205) topic-8bdcb515_17d3_427c_88d5_c1015753e0be 0 0 {"key11753928489370": "value-0"}
2025-07-31 02:21:30,713 INFO  [io.api.tes.ser.api.KafkaSerdesTester] (Thread-205) topic-8bdcb515_17d3_427c_88d5_c1015753e0be 0 1 {"key11753928489370": "value-1"}
2025-07-31 02:21:30,713 INFO  [io.api.tes.ser.api.KafkaSerdesTester] (Thread-205) topic-8bdcb515_17d3_427c_88d5_c1015753e0be 0 2 {"key11753928489370": "value-2"}
2025-07-31 02:21:30,714 INFO  [io.api.tes.ser.api.KafkaSerdesTester] (Thread-205) topic-8bdcb515_17d3_427c_88d5_c1015753e0be 0 3 {"key11753928489370": "value-3"}
2025-07-31 02:21:30,714 INFO  [io.api.tes.ser.api.KafkaSerdesTester] (Thread-205) topic-8bdcb515_17d3_427c_88d5_c1015753e0be 0 4 {"key11753928489370": "value-4"}
2025-07-31 02:21:30,714 INFO  [io.api.tes.ser.api.KafkaSerdesTester] (Thread-205) topic-8bdcb515_17d3_427c_88d5_c1015753e0be 0 5 {"key11753928489370": "value-5"}
2025-07-31 02:21:30,714 INFO  [io.api.tes.ser.api.KafkaSerdesTester] (Thread-205) topic-8bdcb515_17d3_427c_88d5_c1015753e0be 0 6 {"key11753928489370": "value-6"}
2025-07-31 02:21:30,714 INFO  [io.api.tes.ser.api.KafkaSerdesTester] (Thread-205) topic-8bdcb515_17d3_427c_88d5_c1015753e0be 0 7 {"key11753928489370": "value-7"}
2025-07-31 02:21:30,714 INFO  [io.api.tes.ser.api.KafkaSerdesTester] (Thread-205) topic-8bdcb515_17d3_427c_88d5_c1015753e0be 0 8 {"key11753928489370": "value-8"}
2025-07-31 02:21:30,714 INFO  [io.api.tes.ser.api.KafkaSerdesTester] (Thread-205) topic-8bdcb515_17d3_427c_88d5_c1015753e0be 0 9 {"key11753928489370": "value-9"}
2025-07-31 02:21:30,714 INFO  [io.api.tes.ser.api.KafkaSerdesTester] (Thread-205) Consumed 10 messages
2025-07-31 02:21:30,717 INFO  [org.apa.kaf.cli.con.int.ConsumerRebalanceListenerInvoker] (Thread-205) [Consumer clientId=consumer-Consumer-topic-8bdcb515_17d3_427c_88d5_c1015753e0be-11, groupId=Consumer-topic-8bdcb515_17d3_427c_88d5_c1015753e0be] Revoke previously assigned partitions topic-8bdcb515_17d3_427c_88d5_c1015753e0be-0
2025-07-31 02:21:30,717 INFO  [org.apa.kaf.cli.con.int.ConsumerCoordinator] (Thread-205) [Consumer clientId=consumer-Consumer-topic-8bdcb515_17d3_427c_88d5_c1015753e0be-11, groupId=Consumer-topic-8bdcb515_17d3_427c_88d5_c1015753e0be] Member consumer-Consumer-topic-8bdcb515_17d3_427c_88d5_c1015753e0be-11-e27a1949-b18f-4241-9238-cf8a16884ecd sending LeaveGroup request to coordinator localhost:32770 (id: 2147483647 rack: null) due to the consumer is being closed
2025-07-31 02:21:30,718 INFO  [org.apa.kaf.cli.con.int.ConsumerCoordinator] (Thread-205) [Consumer clientId=consumer-Consumer-topic-8bdcb515_17d3_427c_88d5_c1015753e0be-11, groupId=Consumer-topic-8bdcb515_17d3_427c_88d5_c1015753e0be] Resetting generation and member id due to: consumer pro-actively leaving the group
2025-07-31 02:21:30,718 INFO  [org.apa.kaf.cli.con.int.ConsumerCoordinator] (Thread-205) [Consumer clientId=consumer-Consumer-topic-8bdcb515_17d3_427c_88d5_c1015753e0be-11, groupId=Consumer-topic-8bdcb515_17d3_427c_88d5_c1015753e0be] Request joining group due to: consumer pro-actively leaving the group
2025-07-31 02:21:31,214 INFO  [org.apa.kaf.com.met.Metrics] (Thread-205) Metrics scheduler closed
2025-07-31 02:21:31,214 INFO  [org.apa.kaf.com.met.Metrics] (Thread-205) Closing reporter org.apache.kafka.common.metrics.JmxReporter
2025-07-31 02:21:31,214 INFO  [org.apa.kaf.com.met.Metrics] (Thread-205) Closing reporter org.apache.kafka.common.telemetry.internals.ClientTelemetryReporter
2025-07-31 02:21:31,214 INFO  [org.apa.kaf.com.met.Metrics] (Thread-205) Metrics reporters closed
2025-07-31 02:21:31,217 INFO  [org.apa.kaf.com.uti.AppInfoParser] (Thread-205) App info kafka.consumer for consumer-Consumer-topic-8bdcb515_17d3_427c_88d5_c1015753e0be-11 unregistered
2025-07-31 02:21:31,218 INFO  [org.apa.kaf.cli.con.int.ClassicKafkaConsumer] (Thread-206) [Consumer clientId=consumer-Consumer-topic-6ea42058_702f_45b4_a48e_82338192e414-12, groupId=Consumer-topic-6ea42058_702f_45b4_a48e_82338192e414] Subscribed to topic(s): topic-6ea42058_702f_45b4_a48e_82338192e414
2025-07-31 02:21:31,224 INFO  [org.apa.kaf.cli.Metadata] (Thread-206) [Consumer clientId=consumer-Consumer-topic-6ea42058_702f_45b4_a48e_82338192e414-12, groupId=Consumer-topic-6ea42058_702f_45b4_a48e_82338192e414] Cluster ID: mFm4H5CuSae4mNeWY74G7g
2025-07-31 02:21:31,226 INFO  [org.apa.kaf.cli.con.int.ConsumerCoordinator] (Thread-206) [Consumer clientId=consumer-Consumer-topic-6ea42058_702f_45b4_a48e_82338192e414-12, groupId=Consumer-topic-6ea42058_702f_45b4_a48e_82338192e414] Discovered group coordinator localhost:32770 (id: 2147483647 rack: null)
2025-07-31 02:21:31,228 INFO  [org.apa.kaf.cli.con.int.ConsumerCoordinator] (Thread-206) [Consumer clientId=consumer-Consumer-topic-6ea42058_702f_45b4_a48e_82338192e414-12, groupId=Consumer-topic-6ea42058_702f_45b4_a48e_82338192e414] (Re-)joining group
2025-07-31 02:21:31,235 INFO  [org.apa.kaf.cli.con.int.ConsumerCoordinator] (Thread-206) [Consumer clientId=consumer-Consumer-topic-6ea42058_702f_45b4_a48e_82338192e414-12, groupId=Consumer-topic-6ea42058_702f_45b4_a48e_82338192e414] Request joining group due to: need to re-join with the given member-id: consumer-Consumer-topic-6ea42058_702f_45b4_a48e_82338192e414-12-5e342915-19de-4448-a45b-fff15b54798c
2025-07-31 02:21:31,235 INFO  [org.apa.kaf.cli.con.int.ConsumerCoordinator] (Thread-206) [Consumer clientId=consumer-Consumer-topic-6ea42058_702f_45b4_a48e_82338192e414-12, groupId=Consumer-topic-6ea42058_702f_45b4_a48e_82338192e414] (Re-)joining group
2025-07-31 02:21:31,243 INFO  [org.apa.kaf.cli.con.int.ConsumerCoordinator] (Thread-206) [Consumer clientId=consumer-Consumer-topic-6ea42058_702f_45b4_a48e_82338192e414-12, groupId=Consumer-topic-6ea42058_702f_45b4_a48e_82338192e414] Successfully joined group with generation Generation{generationId=1, memberId='consumer-Consumer-topic-6ea42058_702f_45b4_a48e_82338192e414-12-5e342915-19de-4448-a45b-fff15b54798c', protocol='range'}
2025-07-31 02:21:31,243 INFO  [org.apa.kaf.cli.con.int.ConsumerCoordinator] (Thread-206) [Consumer clientId=consumer-Consumer-topic-6ea42058_702f_45b4_a48e_82338192e414-12, groupId=Consumer-topic-6ea42058_702f_45b4_a48e_82338192e414] Finished assignment for group at generation 1: {consumer-Consumer-topic-6ea42058_702f_45b4_a48e_82338192e414-12-5e342915-19de-4448-a45b-fff15b54798c=Assignment(partitions=[topic-6ea42058_702f_45b4_a48e_82338192e414-0])}
2025-07-31 02:21:31,247 INFO  [org.apa.kaf.cli.con.int.ConsumerCoordinator] (Thread-206) [Consumer clientId=consumer-Consumer-topic-6ea42058_702f_45b4_a48e_82338192e414-12, groupId=Consumer-topic-6ea42058_702f_45b4_a48e_82338192e414] Successfully synced group in generation Generation{generationId=1, memberId='consumer-Consumer-topic-6ea42058_702f_45b4_a48e_82338192e414-12-5e342915-19de-4448-a45b-fff15b54798c', protocol='range'}
2025-07-31 02:21:31,247 INFO  [org.apa.kaf.cli.con.int.ConsumerCoordinator] (Thread-206) [Consumer clientId=consumer-Consumer-topic-6ea42058_702f_45b4_a48e_82338192e414-12, groupId=Consumer-topic-6ea42058_702f_45b4_a48e_82338192e414] Notifying assignor about the new Assignment(partitions=[topic-6ea42058_702f_45b4_a48e_82338192e414-0])
2025-07-31 02:21:31,248 INFO  [org.apa.kaf.cli.con.int.ConsumerRebalanceListenerInvoker] (Thread-206) [Consumer clientId=consumer-Consumer-topic-6ea42058_702f_45b4_a48e_82338192e414-12, groupId=Consumer-topic-6ea42058_702f_45b4_a48e_82338192e414] Adding newly assigned partitions: topic-6ea42058_702f_45b4_a48e_82338192e414-0
2025-07-31 02:21:31,248 INFO  [org.apa.kaf.cli.con.int.ConsumerCoordinator] (Thread-206) [Consumer clientId=consumer-Consumer-topic-6ea42058_702f_45b4_a48e_82338192e414-12, groupId=Consumer-topic-6ea42058_702f_45b4_a48e_82338192e414] Found no committed offset for partition topic-6ea42058_702f_45b4_a48e_82338192e414-0
2025-07-31 02:21:31,256 INFO  [org.apa.kaf.cli.con.int.SubscriptionState] (Thread-206) [Consumer clientId=consumer-Consumer-topic-6ea42058_702f_45b4_a48e_82338192e414-12, groupId=Consumer-topic-6ea42058_702f_45b4_a48e_82338192e414] Resetting offset for partition topic-6ea42058_702f_45b4_a48e_82338192e414-0 to position FetchPosition{offset=0, offsetEpoch=Optional.empty, currentLeader=LeaderAndEpoch{leader=Optional[localhost:32770 (id: 0 rack: null)], epoch=0}}.
2025-07-31 02:21:31,302 INFO  [io.api.tes.ser.api.KafkaSerdesTester] (Thread-206) topic-6ea42058_702f_45b4_a48e_82338192e414 0 0 {"key11753928489370": "value-0"}
2025-07-31 02:21:31,302 INFO  [io.api.tes.ser.api.KafkaSerdesTester] (Thread-206) topic-6ea42058_702f_45b4_a48e_82338192e414 0 1 {"key11753928489370": "value-1"}
2025-07-31 02:21:31,302 INFO  [io.api.tes.ser.api.KafkaSerdesTester] (Thread-206) topic-6ea42058_702f_45b4_a48e_82338192e414 0 2 {"key11753928489370": "value-2"}
2025-07-31 02:21:31,303 INFO  [io.api.tes.ser.api.KafkaSerdesTester] (Thread-206) topic-6ea42058_702f_45b4_a48e_82338192e414 0 3 {"key11753928489370": "value-3"}
2025-07-31 02:21:31,303 INFO  [io.api.tes.ser.api.KafkaSerdesTester] (Thread-206) topic-6ea42058_702f_45b4_a48e_82338192e414 0 4 {"key11753928489370": "value-4"}
2025-07-31 02:21:31,303 INFO  [io.api.tes.ser.api.KafkaSerdesTester] (Thread-206) topic-6ea42058_702f_45b4_a48e_82338192e414 0 5 {"key11753928489370": "value-5"}
2025-07-31 02:21:31,303 INFO  [io.api.tes.ser.api.KafkaSerdesTester] (Thread-206) topic-6ea42058_702f_45b4_a48e_82338192e414 0 6 {"key11753928489370": "value-6"}
2025-07-31 02:21:31,303 INFO  [io.api.tes.ser.api.KafkaSerdesTester] (Thread-206) topic-6ea42058_702f_45b4_a48e_82338192e414 0 7 {"key11753928489370": "value-7"}
2025-07-31 02:21:31,303 INFO  [io.api.tes.ser.api.KafkaSerdesTester] (Thread-206) topic-6ea42058_702f_45b4_a48e_82338192e414 0 8 {"key11753928489370": "value-8"}
2025-07-31 02:21:31,303 INFO  [io.api.tes.ser.api.KafkaSerdesTester] (Thread-206) topic-6ea42058_702f_45b4_a48e_82338192e414 0 9 {"key11753928489370": "value-9"}
2025-07-31 02:21:31,303 INFO  [io.api.tes.ser.api.KafkaSerdesTester] (Thread-206) Consumed 10 messages
2025-07-31 02:21:31,307 INFO  [org.apa.kaf.cli.con.int.ConsumerRebalanceListenerInvoker] (Thread-206) [Consumer clientId=consumer-Consumer-topic-6ea42058_702f_45b4_a48e_82338192e414-12, groupId=Consumer-topic-6ea42058_702f_45b4_a48e_82338192e414] Revoke previously assigned partitions topic-6ea42058_702f_45b4_a48e_82338192e414-0
2025-07-31 02:21:31,307 INFO  [org.apa.kaf.cli.con.int.ConsumerCoordinator] (Thread-206) [Consumer clientId=consumer-Consumer-topic-6ea42058_702f_45b4_a48e_82338192e414-12, groupId=Consumer-topic-6ea42058_702f_45b4_a48e_82338192e414] Member consumer-Consumer-topic-6ea42058_702f_45b4_a48e_82338192e414-12-5e342915-19de-4448-a45b-fff15b54798c sending LeaveGroup request to coordinator localhost:32770 (id: 2147483647 rack: null) due to the consumer is being closed
2025-07-31 02:21:31,307 INFO  [org.apa.kaf.cli.con.int.ConsumerCoordinator] (Thread-206) [Consumer clientId=consumer-Consumer-topic-6ea42058_702f_45b4_a48e_82338192e414-12, groupId=Consumer-topic-6ea42058_702f_45b4_a48e_82338192e414] Resetting generation and member id due to: consumer pro-actively leaving the group
2025-07-31 02:21:31,307 INFO  [org.apa.kaf.cli.con.int.ConsumerCoordinator] (Thread-206) [Consumer clientId=consumer-Consumer-topic-6ea42058_702f_45b4_a48e_82338192e414-12, groupId=Consumer-topic-6ea42058_702f_45b4_a48e_82338192e414] Request joining group due to: consumer pro-actively leaving the group
2025-07-31 02:21:31,808 INFO  [org.apa.kaf.com.met.Metrics] (Thread-206) Metrics scheduler closed
2025-07-31 02:21:31,808 INFO  [org.apa.kaf.com.met.Metrics] (Thread-206) Closing reporter org.apache.kafka.common.metrics.JmxReporter
2025-07-31 02:21:31,808 INFO  [org.apa.kaf.com.met.Metrics] (Thread-206) Closing reporter org.apache.kafka.common.telemetry.internals.ClientTelemetryReporter
2025-07-31 02:21:31,808 INFO  [org.apa.kaf.com.met.Metrics] (Thread-206) Metrics reporters closed
2025-07-31 02:21:31,810 INFO  [org.apa.kaf.com.uti.AppInfoParser] (Thread-206) App info kafka.consumer for consumer-Consumer-topic-6ea42058_702f_45b4_a48e_82338192e414-12 unregistered
2025-07-31 02:21:31,811 INFO  [org.apa.kaf.cli.con.int.ClassicKafkaConsumer] (Thread-207) [Consumer clientId=consumer-Consumer-topic-4aa47b0b_db53_4b3d_9952_4c97397683a3-13, groupId=Consumer-topic-4aa47b0b_db53_4b3d_9952_4c97397683a3] Subscribed to topic(s): topic-4aa47b0b_db53_4b3d_9952_4c97397683a3
2025-07-31 02:21:31,815 INFO  [org.apa.kaf.cli.Metadata] (Thread-207) [Consumer clientId=consumer-Consumer-topic-4aa47b0b_db53_4b3d_9952_4c97397683a3-13, groupId=Consumer-topic-4aa47b0b_db53_4b3d_9952_4c97397683a3] Cluster ID: mFm4H5CuSae4mNeWY74G7g
2025-07-31 02:21:31,816 INFO  [org.apa.kaf.cli.con.int.ConsumerCoordinator] (Thread-207) [Consumer clientId=consumer-Consumer-topic-4aa47b0b_db53_4b3d_9952_4c97397683a3-13, groupId=Consumer-topic-4aa47b0b_db53_4b3d_9952_4c97397683a3] Discovered group coordinator localhost:32770 (id: 2147483647 rack: null)
2025-07-31 02:21:31,817 INFO  [org.apa.kaf.cli.con.int.ConsumerCoordinator] (Thread-207) [Consumer clientId=consumer-Consumer-topic-4aa47b0b_db53_4b3d_9952_4c97397683a3-13, groupId=Consumer-topic-4aa47b0b_db53_4b3d_9952_4c97397683a3] (Re-)joining group
2025-07-31 02:21:31,820 INFO  [org.apa.kaf.cli.con.int.ConsumerCoordinator] (Thread-207) [Consumer clientId=consumer-Consumer-topic-4aa47b0b_db53_4b3d_9952_4c97397683a3-13, groupId=Consumer-topic-4aa47b0b_db53_4b3d_9952_4c97397683a3] Request joining group due to: need to re-join with the given member-id: consumer-Consumer-topic-4aa47b0b_db53_4b3d_9952_4c97397683a3-13-e045442c-d1eb-4b6d-b8d6-f03f537f4244
2025-07-31 02:21:31,820 INFO  [org.apa.kaf.cli.con.int.ConsumerCoordinator] (Thread-207) [Consumer clientId=consumer-Consumer-topic-4aa47b0b_db53_4b3d_9952_4c97397683a3-13, groupId=Consumer-topic-4aa47b0b_db53_4b3d_9952_4c97397683a3] (Re-)joining group
2025-07-31 02:21:31,822 INFO  [org.apa.kaf.cli.con.int.ConsumerCoordinator] (Thread-207) [Consumer clientId=consumer-Consumer-topic-4aa47b0b_db53_4b3d_9952_4c97397683a3-13, groupId=Consumer-topic-4aa47b0b_db53_4b3d_9952_4c97397683a3] Successfully joined group with generation Generation{generationId=1, memberId='consumer-Consumer-topic-4aa47b0b_db53_4b3d_9952_4c97397683a3-13-e045442c-d1eb-4b6d-b8d6-f03f537f4244', protocol='range'}
2025-07-31 02:21:31,822 INFO  [org.apa.kaf.cli.con.int.ConsumerCoordinator] (Thread-207) [Consumer clientId=consumer-Consumer-topic-4aa47b0b_db53_4b3d_9952_4c97397683a3-13, groupId=Consumer-topic-4aa47b0b_db53_4b3d_9952_4c97397683a3] Finished assignment for group at generation 1: {consumer-Consumer-topic-4aa47b0b_db53_4b3d_9952_4c97397683a3-13-e045442c-d1eb-4b6d-b8d6-f03f537f4244=Assignment(partitions=[topic-4aa47b0b_db53_4b3d_9952_4c97397683a3-0])}
2025-07-31 02:21:31,824 INFO  [org.apa.kaf.cli.con.int.ConsumerCoordinator] (Thread-207) [Consumer clientId=consumer-Consumer-topic-4aa47b0b_db53_4b3d_9952_4c97397683a3-13, groupId=Consumer-topic-4aa47b0b_db53_4b3d_9952_4c97397683a3] Successfully synced group in generation Generation{generationId=1, memberId='consumer-Consumer-topic-4aa47b0b_db53_4b3d_9952_4c97397683a3-13-e045442c-d1eb-4b6d-b8d6-f03f537f4244', protocol='range'}
2025-07-31 02:21:31,824 INFO  [org.apa.kaf.cli.con.int.ConsumerCoordinator] (Thread-207) [Consumer clientId=consumer-Consumer-topic-4aa47b0b_db53_4b3d_9952_4c97397683a3-13, groupId=Consumer-topic-4aa47b0b_db53_4b3d_9952_4c97397683a3] Notifying assignor about the new Assignment(partitions=[topic-4aa47b0b_db53_4b3d_9952_4c97397683a3-0])
2025-07-31 02:21:31,824 INFO  [org.apa.kaf.cli.con.int.ConsumerRebalanceListenerInvoker] (Thread-207) [Consumer clientId=consumer-Consumer-topic-4aa47b0b_db53_4b3d_9952_4c97397683a3-13, groupId=Consumer-topic-4aa47b0b_db53_4b3d_9952_4c97397683a3] Adding newly assigned partitions: topic-4aa47b0b_db53_4b3d_9952_4c97397683a3-0
2025-07-31 02:21:31,825 INFO  [org.apa.kaf.cli.con.int.ConsumerCoordinator] (Thread-207) [Consumer clientId=consumer-Consumer-topic-4aa47b0b_db53_4b3d_9952_4c97397683a3-13, groupId=Consumer-topic-4aa47b0b_db53_4b3d_9952_4c97397683a3] Found no committed offset for partition topic-4aa47b0b_db53_4b3d_9952_4c97397683a3-0
2025-07-31 02:21:31,828 INFO  [org.apa.kaf.cli.con.int.SubscriptionState] (Thread-207) [Consumer clientId=consumer-Consumer-topic-4aa47b0b_db53_4b3d_9952_4c97397683a3-13, groupId=Consumer-topic-4aa47b0b_db53_4b3d_9952_4c97397683a3] Resetting offset for partition topic-4aa47b0b_db53_4b3d_9952_4c97397683a3-0 to position FetchPosition{offset=0, offsetEpoch=Optional.empty, currentLeader=LeaderAndEpoch{leader=Optional[localhost:32770 (id: 0 rack: null)], epoch=0}}.
2025-07-31 02:21:31,860 INFO  [io.api.tes.ser.api.KafkaSerdesTester] (Thread-207) topic-4aa47b0b_db53_4b3d_9952_4c97397683a3 0 0 {"key11753928489370": "value-0"}
2025-07-31 02:21:31,860 INFO  [io.api.tes.ser.api.KafkaSerdesTester] (Thread-207) topic-4aa47b0b_db53_4b3d_9952_4c97397683a3 0 1 {"key11753928489370": "value-1"}
2025-07-31 02:21:31,860 INFO  [io.api.tes.ser.api.KafkaSerdesTester] (Thread-207) topic-4aa47b0b_db53_4b3d_9952_4c97397683a3 0 2 {"key11753928489370": "value-2"}
2025-07-31 02:21:31,861 INFO  [io.api.tes.ser.api.KafkaSerdesTester] (Thread-207) topic-4aa47b0b_db53_4b3d_9952_4c97397683a3 0 3 {"key11753928489370": "value-3"}
2025-07-31 02:21:31,861 INFO  [io.api.tes.ser.api.KafkaSerdesTester] (Thread-207) topic-4aa47b0b_db53_4b3d_9952_4c97397683a3 0 4 {"key11753928489370": "value-4"}
2025-07-31 02:21:31,861 INFO  [io.api.tes.ser.api.KafkaSerdesTester] (Thread-207) topic-4aa47b0b_db53_4b3d_9952_4c97397683a3 0 5 {"key11753928489370": "value-5"}
2025-07-31 02:21:31,862 INFO  [io.api.tes.ser.api.KafkaSerdesTester] (Thread-207) topic-4aa47b0b_db53_4b3d_9952_4c97397683a3 0 6 {"key11753928489370": "value-6"}
2025-07-31 02:21:31,862 INFO  [io.api.tes.ser.api.KafkaSerdesTester] (Thread-207) topic-4aa47b0b_db53_4b3d_9952_4c97397683a3 0 7 {"key11753928489370": "value-7"}
2025-07-31 02:21:31,862 INFO  [io.api.tes.ser.api.KafkaSerdesTester] (Thread-207) topic-4aa47b0b_db53_4b3d_9952_4c97397683a3 0 8 {"key11753928489370": "value-8"}
2025-07-31 02:21:31,862 INFO  [io.api.tes.ser.api.KafkaSerdesTester] (Thread-207) topic-4aa47b0b_db53_4b3d_9952_4c97397683a3 0 9 {"key11753928489370": "value-9"}
2025-07-31 02:21:31,862 INFO  [io.api.tes.ser.api.KafkaSerdesTester] (Thread-207) Consumed 10 messages
2025-07-31 02:21:31,864 INFO  [org.apa.kaf.cli.con.int.ConsumerRebalanceListenerInvoker] (Thread-207) [Consumer clientId=consumer-Consumer-topic-4aa47b0b_db53_4b3d_9952_4c97397683a3-13, groupId=Consumer-topic-4aa47b0b_db53_4b3d_9952_4c97397683a3] Revoke previously assigned partitions topic-4aa47b0b_db53_4b3d_9952_4c97397683a3-0
2025-07-31 02:21:31,864 INFO  [org.apa.kaf.cli.con.int.ConsumerCoordinator] (Thread-207) [Consumer clientId=consumer-Consumer-topic-4aa47b0b_db53_4b3d_9952_4c97397683a3-13, groupId=Consumer-topic-4aa47b0b_db53_4b3d_9952_4c97397683a3] Member consumer-Consumer-topic-4aa47b0b_db53_4b3d_9952_4c97397683a3-13-e045442c-d1eb-4b6d-b8d6-f03f537f4244 sending LeaveGroup request to coordinator localhost:32770 (id: 2147483647 rack: null) due to the consumer is being closed
2025-07-31 02:21:31,865 INFO  [org.apa.kaf.cli.con.int.ConsumerCoordinator] (Thread-207) [Consumer clientId=consumer-Consumer-topic-4aa47b0b_db53_4b3d_9952_4c97397683a3-13, groupId=Consumer-topic-4aa47b0b_db53_4b3d_9952_4c97397683a3] Resetting generation and member id due to: consumer pro-actively leaving the group
2025-07-31 02:21:31,865 INFO  [org.apa.kaf.cli.con.int.ConsumerCoordinator] (Thread-207) [Consumer clientId=consumer-Consumer-topic-4aa47b0b_db53_4b3d_9952_4c97397683a3-13, groupId=Consumer-topic-4aa47b0b_db53_4b3d_9952_4c97397683a3] Request joining group due to: consumer pro-actively leaving the group
2025-07-31 02:21:32,362 INFO  [org.apa.kaf.com.met.Metrics] (Thread-207) Metrics scheduler closed
2025-07-31 02:21:32,363 INFO  [org.apa.kaf.com.met.Metrics] (Thread-207) Closing reporter org.apache.kafka.common.metrics.JmxReporter
2025-07-31 02:21:32,363 INFO  [org.apa.kaf.com.met.Metrics] (Thread-207) Closing reporter org.apache.kafka.common.telemetry.internals.ClientTelemetryReporter
2025-07-31 02:21:32,363 INFO  [org.apa.kaf.com.met.Metrics] (Thread-207) Metrics reporters closed
2025-07-31 02:21:32,365 INFO  [org.apa.kaf.com.uti.AppInfoParser] (Thread-207) App info kafka.consumer for consumer-Consumer-topic-4aa47b0b_db53_4b3d_9952_4c97397683a3-13 unregistered
2025-07-31 02:21:32,365 INFO  [io.api.tes.uti.TestSeparator] (main) io.apicurio.tests.serdes.apicurio.AvroSerdeIT.testAvroConfluentForMultipleTopics-FINISHED
2025-07-31 02:21:32,365 INFO  [io.api.tes.uti.TestSeparator] (main) ############################################################################
]]></system-out>
  </testcase>
  <testcase name="testFirstRequestFailsRateLimited" classname="io.apicurio.tests.serdes.apicurio.AvroSerdeIT" time="0.885">
    <system-out><![CDATA[2025-07-31 02:21:32,367 INFO  [io.api.tes.uti.TestSeparator] (main) ############################################################################
2025-07-31 02:21:32,367 INFO  [io.api.tes.uti.TestSeparator] (main) io.apicurio.tests.serdes.apicurio.AvroSerdeIT.testFirstRequestFailsRateLimited-STARTED
2025-07-31 02:21:32,841 WARN  [org.ecl.jet.ser.AbstractConnector] (main) Acceptors should be <= availableProcessors: NetworkTrafficServerConnector@6b945576{HTTP/1.1, (http/1.1, h2c)}{0.0.0.0:0} 
2025-07-31 02:21:32,926 INFO  [org.ecl.jet.ser.Server] (main) jetty-11.0.15; built: 2023-04-11T18:37:53.775Z; git: 5bc5e562c8d05c5862505aebe5cf83a61bdbcb96; jvm 17.0.16+8
2025-07-31 02:21:32,948 INFO  [org.ecl.jet.ser.han.ContextHandler] (main) Started o.e.j.s.ServletContextHandler@3ca26839{/__admin,null,AVAILABLE}
2025-07-31 02:21:32,954 INFO  [org.ecl.jet.ser.han.Con.ROOT] (main) RequestHandlerClass from context returned com.github.tomakehurst.wiremock.http.StubRequestHandler. Normalized mapped under returned 'null'
2025-07-31 02:21:32,955 INFO  [org.ecl.jet.ser.han.ContextHandler] (main) Started o.e.j.s.ServletContextHandler@1581c6fe{/,null,AVAILABLE}
2025-07-31 02:21:32,961 INFO  [org.ecl.jet.ser.AbstractConnector] (main) Started NetworkTrafficServerConnector@6b945576{HTTP/1.1, (http/1.1, h2c)}{0.0.0.0:37643}
2025-07-31 02:21:32,962 INFO  [org.ecl.jet.ser.Server] (main) Started Server@6626137e{STARTING}[11.0.15,sto=1000] @57838ms
2025-07-31 02:21:32,970 INFO  [org.apa.kaf.cli.pro.ProducerConfig] (main) ProducerConfig values: 
	acks = -1
	auto.include.jmx.reporter = true
	batch.size = 16384
	bootstrap.servers = [PLAINTEXT://localhost:32770]
	buffer.memory = 33554432
	client.dns.lookup = use_all_dns_ips
	client.id = Producer-topic-4c656d5d_cb24_4cc6_b978_3e8407cedff7
	compression.gzip.level = -1
	compression.lz4.level = 9
	compression.type = none
	compression.zstd.level = 3
	connections.max.idle.ms = 10000
	delivery.timeout.ms = 120000
	enable.idempotence = true
	enable.metrics.push = true
	interceptor.classes = []
	key.serializer = class org.apache.kafka.common.serialization.StringSerializer
	linger.ms = 0
	max.block.ms = 60000
	max.in.flight.requests.per.connection = 5
	max.request.size = 1048576
	metadata.max.age.ms = 300000
	metadata.max.idle.ms = 300000
	metadata.recovery.strategy = none
	metric.reporters = []
	metrics.num.samples = 2
	metrics.recording.level = INFO
	metrics.sample.window.ms = 30000
	partitioner.adaptive.partitioning.enable = true
	partitioner.availability.timeout.ms = 0
	partitioner.class = null
	partitioner.ignore.keys = false
	receive.buffer.bytes = 32768
	reconnect.backoff.max.ms = 1000
	reconnect.backoff.ms = 50
	request.timeout.ms = 5000
	retries = 2147483647
	retry.backoff.max.ms = 1000
	retry.backoff.ms = 100
	sasl.client.callback.handler.class = null
	sasl.jaas.config = null
	sasl.kerberos.kinit.cmd = /usr/bin/kinit
	sasl.kerberos.min.time.before.relogin = 60000
	sasl.kerberos.service.name = null
	sasl.kerberos.ticket.renew.jitter = 0.05
	sasl.kerberos.ticket.renew.window.factor = 0.8
	sasl.login.callback.handler.class = null
	sasl.login.class = null
	sasl.login.connect.timeout.ms = null
	sasl.login.read.timeout.ms = null
	sasl.login.refresh.buffer.seconds = 300
	sasl.login.refresh.min.period.seconds = 60
	sasl.login.refresh.window.factor = 0.8
	sasl.login.refresh.window.jitter = 0.05
	sasl.login.retry.backoff.max.ms = 10000
	sasl.login.retry.backoff.ms = 100
	sasl.mechanism = GSSAPI
	sasl.oauthbearer.clock.skew.seconds = 30
	sasl.oauthbearer.expected.audience = null
	sasl.oauthbearer.expected.issuer = null
	sasl.oauthbearer.header.urlencode = false
	sasl.oauthbearer.jwks.endpoint.refresh.ms = 3600000
	sasl.oauthbearer.jwks.endpoint.retry.backoff.max.ms = 10000
	sasl.oauthbearer.jwks.endpoint.retry.backoff.ms = 100
	sasl.oauthbearer.jwks.endpoint.url = null
	sasl.oauthbearer.scope.claim.name = scope
	sasl.oauthbearer.sub.claim.name = sub
	sasl.oauthbearer.token.endpoint.url = null
	security.protocol = PLAINTEXT
	security.providers = null
	send.buffer.bytes = 131072
	socket.connection.setup.timeout.max.ms = 30000
	socket.connection.setup.timeout.ms = 10000
	ssl.cipher.suites = null
	ssl.enabled.protocols = [TLSv1.2, TLSv1.3]
	ssl.endpoint.identification.algorithm = https
	ssl.engine.factory.class = null
	ssl.key.password = null
	ssl.keymanager.algorithm = SunX509
	ssl.keystore.certificate.chain = null
	ssl.keystore.key = null
	ssl.keystore.location = null
	ssl.keystore.password = null
	ssl.keystore.type = JKS
	ssl.protocol = TLSv1.3
	ssl.provider = null
	ssl.secure.random.implementation = null
	ssl.trustmanager.algorithm = PKIX
	ssl.truststore.certificates = null
	ssl.truststore.location = null
	ssl.truststore.password = null
	ssl.truststore.type = JKS
	transaction.timeout.ms = 60000
	transactional.id = null
	value.serializer = class io.apicurio.registry.serde.avro.AvroKafkaSerializer

2025-07-31 02:21:32,970 INFO  [org.apa.kaf.com.tel.int.KafkaMetricsCollector] (main) initializing Kafka metrics collector
2025-07-31 02:21:32,977 INFO  [org.apa.kaf.cli.pro.KafkaProducer] (main) [Producer clientId=Producer-topic-4c656d5d_cb24_4cc6_b978_3e8407cedff7] Instantiated an idempotent producer.
2025-07-31 02:21:32,986 INFO  [org.apa.kaf.cli.pro.ProducerConfig] (main) These configurations '[apicurio.registry.url, apicurio.registry.artifact-resolver-strategy]' were supplied but are not used yet.
2025-07-31 02:21:32,986 INFO  [org.apa.kaf.com.uti.AppInfoParser] (main) Kafka version: 3.9.0
2025-07-31 02:21:32,986 INFO  [org.apa.kaf.com.uti.AppInfoParser] (main) Kafka commitId: 84caaa6e9da06435
2025-07-31 02:21:32,986 INFO  [org.apa.kaf.com.uti.AppInfoParser] (main) Kafka startTimeMs: 1753928492986
2025-07-31 02:21:32,991 INFO  [io.api.tes.ser.api.KafkaSerdesTester] (Thread-218) Sending message {"keyB": "value-0"} to topic topic-4c656d5d_cb24_4cc6_b978_3e8407cedff7
2025-07-31 02:21:33,009 WARN  [org.apa.kaf.cli.NetworkClient] (kafka-producer-network-thread | Producer-topic-4c656d5d_cb24_4cc6_b978_3e8407cedff7) [Producer clientId=Producer-topic-4c656d5d_cb24_4cc6_b978_3e8407cedff7] The metadata response from the cluster reported a recoverable issue with correlation id 2 : {topic-4c656d5d_cb24_4cc6_b978_3e8407cedff7=LEADER_NOT_AVAILABLE}
2025-07-31 02:21:33,009 INFO  [org.apa.kaf.cli.Metadata] (kafka-producer-network-thread | Producer-topic-4c656d5d_cb24_4cc6_b978_3e8407cedff7) [Producer clientId=Producer-topic-4c656d5d_cb24_4cc6_b978_3e8407cedff7] Cluster ID: mFm4H5CuSae4mNeWY74G7g
2025-07-31 02:21:33,013 INFO  [org.apa.kaf.cli.pro.int.TransactionManager] (kafka-producer-network-thread | Producer-topic-4c656d5d_cb24_4cc6_b978_3e8407cedff7) [Producer clientId=Producer-topic-4c656d5d_cb24_4cc6_b978_3e8407cedff7] ProducerId set to 17 with epoch 0
2025-07-31 02:21:33,114 INFO  [DefaultSchemaResolver] (Thread-218) Retrieving schema content using string: {"type":"record","name":"myrecord","namespace":"mygroup","fields":[{"name":"keyB","type":"string"}]}
2025-07-31 02:21:33,240 INFO  [org.apa.kaf.cli.pro.KafkaProducer] (Thread-218) [Producer clientId=Producer-topic-4c656d5d_cb24_4cc6_b978_3e8407cedff7] Closing the Kafka producer with timeoutMillis = 9223372036854775807 ms.
2025-07-31 02:21:33,243 INFO  [org.apa.kaf.com.met.Metrics] (Thread-218) Metrics scheduler closed
2025-07-31 02:21:33,243 INFO  [org.apa.kaf.com.met.Metrics] (Thread-218) Closing reporter org.apache.kafka.common.metrics.JmxReporter
2025-07-31 02:21:33,243 INFO  [org.apa.kaf.com.met.Metrics] (Thread-218) Closing reporter org.apache.kafka.common.telemetry.internals.ClientTelemetryReporter
2025-07-31 02:21:33,243 INFO  [org.apa.kaf.com.met.Metrics] (Thread-218) Metrics reporters closed
2025-07-31 02:21:33,243 INFO  [org.apa.kaf.com.uti.AppInfoParser] (Thread-218) App info kafka.producer for Producer-topic-4c656d5d_cb24_4cc6_b978_3e8407cedff7 unregistered
2025-07-31 02:21:33,244 INFO  [org.ecl.jet.ser.Server] (main) Stopped Server@6626137e{STOPPING}[11.0.15,sto=1000]
2025-07-31 02:21:33,244 INFO  [org.ecl.jet.ser.Server] (main) Shutdown Server@6626137e{STOPPING}[11.0.15,sto=1000]
2025-07-31 02:21:33,248 INFO  [org.ecl.jet.ser.AbstractConnector] (main) Stopped NetworkTrafficServerConnector@6b945576{HTTP/1.1, (http/1.1, h2c)}{0.0.0.0:0}
2025-07-31 02:21:33,249 INFO  [org.ecl.jet.ser.han.ContextHandler] (main) Stopped o.e.j.s.ServletContextHandler@1581c6fe{/,null,STOPPED}
2025-07-31 02:21:33,249 INFO  [org.ecl.jet.ser.han.ContextHandler] (main) Stopped o.e.j.s.ServletContextHandler@3ca26839{/__admin,null,STOPPED}
2025-07-31 02:21:33,251 INFO  [io.api.tes.uti.TestSeparator] (main) io.apicurio.tests.serdes.apicurio.AvroSerdeIT.testFirstRequestFailsRateLimited-FINISHED
2025-07-31 02:21:33,251 INFO  [io.api.tes.uti.TestSeparator] (main) ############################################################################
]]></system-out>
    <system-err><![CDATA[com.microsoft.kiota.ApiException: the server returned an unexpected status code and no error class is registered for this code 429
	at com.microsoft.kiota.ApiExceptionBuilder.withMessage(ApiExceptionBuilder.java:45)
	at io.kiota.http.vertx.VertXRequestAdapter.throwIfFailedResponse(VertXRequestAdapter.java:370)
	at io.kiota.http.vertx.VertXRequestAdapter.send(VertXRequestAdapter.java:170)
	at io.apicurio.registry.rest.client.search.versions.VersionsRequestBuilder.post(VersionsRequestBuilder.java:94)
	at io.apicurio.registry.resolver.DefaultSchemaResolver.lambda$handleResolveSchemaByContent$5(DefaultSchemaResolver.java:276)
	at io.apicurio.registry.resolver.ERCache.lambda$getValue$0(ERCache.java:181)
	at io.apicurio.registry.resolver.ERCache.retry(ERCache.java:234)
	at io.apicurio.registry.resolver.ERCache.getValue(ERCache.java:180)
	at io.apicurio.registry.resolver.ERCache.getByContent(ERCache.java:154)
	at io.apicurio.registry.resolver.DefaultSchemaResolver.handleResolveSchemaByContent(DefaultSchemaResolver.java:269)
	at io.apicurio.registry.resolver.DefaultSchemaResolver.getSchemaFromRegistry(DefaultSchemaResolver.java:142)
	at io.apicurio.registry.resolver.DefaultSchemaResolver.lambda$resolveSchema$0(DefaultSchemaResolver.java:86)
	at java.base/java.util.Optional.orElseGet(Optional.java:364)
	at io.apicurio.registry.resolver.DefaultSchemaResolver.resolveSchema(DefaultSchemaResolver.java:86)
	at io.apicurio.registry.serde.AbstractSerializer.serializeData(AbstractSerializer.java:62)
	at io.apicurio.registry.serde.KafkaSerializer.serialize(KafkaSerializer.java:77)
	at org.apache.kafka.clients.producer.KafkaProducer.doSend(KafkaProducer.java:1046)
	at org.apache.kafka.clients.producer.KafkaProducer.send(KafkaProducer.java:993)
	at org.apache.kafka.clients.producer.KafkaProducer.send(KafkaProducer.java:875)
	at io.apicurio.tests.serdes.apicurio.KafkaSerdesTester.lambda$produceMessages$3(KafkaSerdesTester.java:138)
	at java.base/java.util.concurrent.CompletableFuture$AsyncSupply.run(CompletableFuture.java:1768)
	at java.base/java.lang.Thread.run(Thread.java:840)
]]></system-err>
  </testcase>
  <testcase name="testFirstEmptyFieldConfusedAsMagicByte" classname="io.apicurio.tests.serdes.apicurio.AvroSerdeIT" time="0.824">
    <system-out><![CDATA[2025-07-31 02:21:33,252 INFO  [io.api.tes.uti.TestSeparator] (main) ############################################################################
2025-07-31 02:21:33,252 INFO  [io.api.tes.uti.TestSeparator] (main) io.apicurio.tests.serdes.apicurio.AvroSerdeIT.testFirstEmptyFieldConfusedAsMagicByte-STARTED
2025-07-31 02:21:33,261 INFO  [org.apa.kaf.cli.pro.ProducerConfig] (main) ProducerConfig values: 
	acks = -1
	auto.include.jmx.reporter = true
	batch.size = 16384
	bootstrap.servers = [PLAINTEXT://localhost:32770]
	buffer.memory = 33554432
	client.dns.lookup = use_all_dns_ips
	client.id = Producer-topic-482ce63e_c8c0_41b8_a3a7_aaa99ec41b1a
	compression.gzip.level = -1
	compression.lz4.level = 9
	compression.type = none
	compression.zstd.level = 3
	connections.max.idle.ms = 10000
	delivery.timeout.ms = 120000
	enable.idempotence = true
	enable.metrics.push = true
	interceptor.classes = []
	key.serializer = class org.apache.kafka.common.serialization.StringSerializer
	linger.ms = 0
	max.block.ms = 60000
	max.in.flight.requests.per.connection = 5
	max.request.size = 1048576
	metadata.max.age.ms = 300000
	metadata.max.idle.ms = 300000
	metadata.recovery.strategy = none
	metric.reporters = []
	metrics.num.samples = 2
	metrics.recording.level = INFO
	metrics.sample.window.ms = 30000
	partitioner.adaptive.partitioning.enable = true
	partitioner.availability.timeout.ms = 0
	partitioner.class = null
	partitioner.ignore.keys = false
	receive.buffer.bytes = 32768
	reconnect.backoff.max.ms = 1000
	reconnect.backoff.ms = 50
	request.timeout.ms = 5000
	retries = 2147483647
	retry.backoff.max.ms = 1000
	retry.backoff.ms = 100
	sasl.client.callback.handler.class = null
	sasl.jaas.config = null
	sasl.kerberos.kinit.cmd = /usr/bin/kinit
	sasl.kerberos.min.time.before.relogin = 60000
	sasl.kerberos.service.name = null
	sasl.kerberos.ticket.renew.jitter = 0.05
	sasl.kerberos.ticket.renew.window.factor = 0.8
	sasl.login.callback.handler.class = null
	sasl.login.class = null
	sasl.login.connect.timeout.ms = null
	sasl.login.read.timeout.ms = null
	sasl.login.refresh.buffer.seconds = 300
	sasl.login.refresh.min.period.seconds = 60
	sasl.login.refresh.window.factor = 0.8
	sasl.login.refresh.window.jitter = 0.05
	sasl.login.retry.backoff.max.ms = 10000
	sasl.login.retry.backoff.ms = 100
	sasl.mechanism = GSSAPI
	sasl.oauthbearer.clock.skew.seconds = 30
	sasl.oauthbearer.expected.audience = null
	sasl.oauthbearer.expected.issuer = null
	sasl.oauthbearer.header.urlencode = false
	sasl.oauthbearer.jwks.endpoint.refresh.ms = 3600000
	sasl.oauthbearer.jwks.endpoint.retry.backoff.max.ms = 10000
	sasl.oauthbearer.jwks.endpoint.retry.backoff.ms = 100
	sasl.oauthbearer.jwks.endpoint.url = null
	sasl.oauthbearer.scope.claim.name = scope
	sasl.oauthbearer.sub.claim.name = sub
	sasl.oauthbearer.token.endpoint.url = null
	security.protocol = PLAINTEXT
	security.providers = null
	send.buffer.bytes = 131072
	socket.connection.setup.timeout.max.ms = 30000
	socket.connection.setup.timeout.ms = 10000
	ssl.cipher.suites = null
	ssl.enabled.protocols = [TLSv1.2, TLSv1.3]
	ssl.endpoint.identification.algorithm = https
	ssl.engine.factory.class = null
	ssl.key.password = null
	ssl.keymanager.algorithm = SunX509
	ssl.keystore.certificate.chain = null
	ssl.keystore.key = null
	ssl.keystore.location = null
	ssl.keystore.password = null
	ssl.keystore.type = JKS
	ssl.protocol = TLSv1.3
	ssl.provider = null
	ssl.secure.random.implementation = null
	ssl.trustmanager.algorithm = PKIX
	ssl.truststore.certificates = null
	ssl.truststore.location = null
	ssl.truststore.password = null
	ssl.truststore.type = JKS
	transaction.timeout.ms = 60000
	transactional.id = null
	value.serializer = class io.apicurio.registry.serde.avro.AvroKafkaSerializer

2025-07-31 02:21:33,261 INFO  [org.apa.kaf.com.tel.int.KafkaMetricsCollector] (main) initializing Kafka metrics collector
2025-07-31 02:21:33,276 INFO  [org.apa.kaf.cli.pro.KafkaProducer] (main) [Producer clientId=Producer-topic-482ce63e_c8c0_41b8_a3a7_aaa99ec41b1a] Instantiated an idempotent producer.
2025-07-31 02:21:33,281 INFO  [org.apa.kaf.cli.pro.ProducerConfig] (main) These configurations '[apicurio.registry.url, apicurio.registry.auto-register, apicurio.registry.artifact-resolver-strategy]' were supplied but are not used yet.
2025-07-31 02:21:33,281 INFO  [org.apa.kaf.com.uti.AppInfoParser] (main) Kafka version: 3.9.0
2025-07-31 02:21:33,281 INFO  [org.apa.kaf.com.uti.AppInfoParser] (main) Kafka commitId: 84caaa6e9da06435
2025-07-31 02:21:33,281 INFO  [org.apa.kaf.com.uti.AppInfoParser] (main) Kafka startTimeMs: 1753928493281
2025-07-31 02:21:33,282 INFO  [io.api.tes.ser.api.SimpleSerdesTesterBuilder$SimpleSerdesTester] (main) Using producer configuration: {apicurio.registry.url=http://registry-app-inmemory.apps.ci419.apicurio-testing.org:80/apis/registry/v3, apicurio.registry.auto-register=true, apicurio.registry.artifact-resolver-strategy=io.apicurio.registry.serde.strategy.SimpleTopicIdStrategy, value.serializer=io.apicurio.registry.serde.avro.AvroKafkaSerializer, request.timeout.ms=5000, acks=all, bootstrap.servers=PLAINTEXT://localhost:32770, connections.max.idle.ms=10000, key.serializer=org.apache.kafka.common.serialization.StringSerializer, client.id=Producer-topic-482ce63e_c8c0_41b8_a3a7_aaa99ec41b1a}
2025-07-31 02:21:33,282 INFO  [io.api.tes.ser.api.SimpleSerdesTesterBuilder$SimpleSerdesTester] (main) Using consumer configuration: {}
2025-07-31 02:21:33,283 INFO  [io.api.tes.ser.api.KafkaSerdesTester] (Thread-221) Sending message {"username": null} to topic topic-482ce63e_c8c0_41b8_a3a7_aaa99ec41b1a
2025-07-31 02:21:33,302 WARN  [org.apa.kaf.cli.NetworkClient] (kafka-producer-network-thread | Producer-topic-482ce63e_c8c0_41b8_a3a7_aaa99ec41b1a) [Producer clientId=Producer-topic-482ce63e_c8c0_41b8_a3a7_aaa99ec41b1a] The metadata response from the cluster reported a recoverable issue with correlation id 2 : {topic-482ce63e_c8c0_41b8_a3a7_aaa99ec41b1a=LEADER_NOT_AVAILABLE}
2025-07-31 02:21:33,302 INFO  [org.apa.kaf.cli.Metadata] (kafka-producer-network-thread | Producer-topic-482ce63e_c8c0_41b8_a3a7_aaa99ec41b1a) [Producer clientId=Producer-topic-482ce63e_c8c0_41b8_a3a7_aaa99ec41b1a] Cluster ID: mFm4H5CuSae4mNeWY74G7g
2025-07-31 02:21:33,304 INFO  [org.apa.kaf.cli.pro.int.TransactionManager] (kafka-producer-network-thread | Producer-topic-482ce63e_c8c0_41b8_a3a7_aaa99ec41b1a) [Producer clientId=Producer-topic-482ce63e_c8c0_41b8_a3a7_aaa99ec41b1a] ProducerId set to 18 with epoch 0
2025-07-31 02:21:33,455 INFO  [io.api.tes.ser.api.KafkaSerdesTester] (Thread-221) Sending message {"username": null} to topic topic-482ce63e_c8c0_41b8_a3a7_aaa99ec41b1a
2025-07-31 02:21:33,457 INFO  [io.api.tes.ser.api.KafkaSerdesTester] (Thread-221) Sending message {"username": "value-2"} to topic topic-482ce63e_c8c0_41b8_a3a7_aaa99ec41b1a
2025-07-31 02:21:33,459 INFO  [io.api.tes.ser.api.KafkaSerdesTester] (Thread-221) Sending message {"username": null} to topic topic-482ce63e_c8c0_41b8_a3a7_aaa99ec41b1a
2025-07-31 02:21:33,460 INFO  [io.api.tes.ser.api.KafkaSerdesTester] (Thread-221) Sending message {"username": "value-4"} to topic topic-482ce63e_c8c0_41b8_a3a7_aaa99ec41b1a
2025-07-31 02:21:33,462 INFO  [io.api.tes.ser.api.KafkaSerdesTester] (Thread-221) Sending message {"username": null} to topic topic-482ce63e_c8c0_41b8_a3a7_aaa99ec41b1a
2025-07-31 02:21:33,464 INFO  [io.api.tes.ser.api.KafkaSerdesTester] (Thread-221) Sending message {"username": "value-6"} to topic topic-482ce63e_c8c0_41b8_a3a7_aaa99ec41b1a
2025-07-31 02:21:33,466 INFO  [io.api.tes.ser.api.KafkaSerdesTester] (Thread-221) Sending message {"username": null} to topic topic-482ce63e_c8c0_41b8_a3a7_aaa99ec41b1a
2025-07-31 02:21:33,467 INFO  [io.api.tes.ser.api.KafkaSerdesTester] (Thread-221) Sending message {"username": "value-8"} to topic topic-482ce63e_c8c0_41b8_a3a7_aaa99ec41b1a
2025-07-31 02:21:33,469 INFO  [io.api.tes.ser.api.KafkaSerdesTester] (Thread-221) Sending message {"username": null} to topic topic-482ce63e_c8c0_41b8_a3a7_aaa99ec41b1a
2025-07-31 02:21:33,473 INFO  [io.api.tes.ser.api.KafkaSerdesTester] (Thread-221) Produced 10 messages
2025-07-31 02:21:33,473 INFO  [org.apa.kaf.cli.pro.KafkaProducer] (Thread-221) [Producer clientId=Producer-topic-482ce63e_c8c0_41b8_a3a7_aaa99ec41b1a] Closing the Kafka producer with timeoutMillis = 9223372036854775807 ms.
2025-07-31 02:21:33,475 INFO  [org.apa.kaf.com.met.Metrics] (Thread-221) Metrics scheduler closed
2025-07-31 02:21:33,475 INFO  [org.apa.kaf.com.met.Metrics] (Thread-221) Closing reporter org.apache.kafka.common.metrics.JmxReporter
2025-07-31 02:21:33,475 INFO  [org.apa.kaf.com.met.Metrics] (Thread-221) Closing reporter org.apache.kafka.common.telemetry.internals.ClientTelemetryReporter
2025-07-31 02:21:33,475 INFO  [org.apa.kaf.com.met.Metrics] (Thread-221) Metrics reporters closed
2025-07-31 02:21:33,476 INFO  [org.apa.kaf.com.uti.AppInfoParser] (Thread-221) App info kafka.producer for Producer-topic-482ce63e_c8c0_41b8_a3a7_aaa99ec41b1a unregistered
2025-07-31 02:21:33,504 INFO  [org.apa.kaf.cli.con.ConsumerConfig] (main) ConsumerConfig values: 
	allow.auto.create.topics = true
	auto.commit.interval.ms = 500
	auto.include.jmx.reporter = true
	auto.offset.reset = earliest
	bootstrap.servers = [PLAINTEXT://localhost:32770]
	check.crcs = true
	client.dns.lookup = use_all_dns_ips
	client.id = consumer-Consumer-topic-482ce63e_c8c0_41b8_a3a7_aaa99ec41b1a-14
	client.rack = 
	connections.max.idle.ms = 10000
	default.api.timeout.ms = 60000
	enable.auto.commit = true
	enable.metrics.push = true
	exclude.internal.topics = true
	fetch.max.bytes = 52428800
	fetch.max.wait.ms = 500
	fetch.min.bytes = 1
	group.id = Consumer-topic-482ce63e_c8c0_41b8_a3a7_aaa99ec41b1a
	group.instance.id = null
	group.protocol = classic
	group.remote.assignor = null
	heartbeat.interval.ms = 3000
	interceptor.classes = []
	internal.leave.group.on.close = true
	internal.throw.on.fetch.stable.offset.unsupported = false
	isolation.level = read_uncommitted
	key.deserializer = class org.apache.kafka.common.serialization.StringDeserializer
	max.partition.fetch.bytes = 1048576
	max.poll.interval.ms = 300000
	max.poll.records = 500
	metadata.max.age.ms = 300000
	metadata.recovery.strategy = none
	metric.reporters = []
	metrics.num.samples = 2
	metrics.recording.level = INFO
	metrics.sample.window.ms = 30000
	partition.assignment.strategy = [class org.apache.kafka.clients.consumer.RangeAssignor, class org.apache.kafka.clients.consumer.CooperativeStickyAssignor]
	receive.buffer.bytes = 65536
	reconnect.backoff.max.ms = 1000
	reconnect.backoff.ms = 50
	request.timeout.ms = 5000
	retry.backoff.max.ms = 1000
	retry.backoff.ms = 100
	sasl.client.callback.handler.class = null
	sasl.jaas.config = null
	sasl.kerberos.kinit.cmd = /usr/bin/kinit
	sasl.kerberos.min.time.before.relogin = 60000
	sasl.kerberos.service.name = null
	sasl.kerberos.ticket.renew.jitter = 0.05
	sasl.kerberos.ticket.renew.window.factor = 0.8
	sasl.login.callback.handler.class = null
	sasl.login.class = null
	sasl.login.connect.timeout.ms = null
	sasl.login.read.timeout.ms = null
	sasl.login.refresh.buffer.seconds = 300
	sasl.login.refresh.min.period.seconds = 60
	sasl.login.refresh.window.factor = 0.8
	sasl.login.refresh.window.jitter = 0.05
	sasl.login.retry.backoff.max.ms = 10000
	sasl.login.retry.backoff.ms = 100
	sasl.mechanism = GSSAPI
	sasl.oauthbearer.clock.skew.seconds = 30
	sasl.oauthbearer.expected.audience = null
	sasl.oauthbearer.expected.issuer = null
	sasl.oauthbearer.header.urlencode = false
	sasl.oauthbearer.jwks.endpoint.refresh.ms = 3600000
	sasl.oauthbearer.jwks.endpoint.retry.backoff.max.ms = 10000
	sasl.oauthbearer.jwks.endpoint.retry.backoff.ms = 100
	sasl.oauthbearer.jwks.endpoint.url = null
	sasl.oauthbearer.scope.claim.name = scope
	sasl.oauthbearer.sub.claim.name = sub
	sasl.oauthbearer.token.endpoint.url = null
	security.protocol = PLAINTEXT
	security.providers = null
	send.buffer.bytes = 131072
	session.timeout.ms = 45000
	socket.connection.setup.timeout.max.ms = 30000
	socket.connection.setup.timeout.ms = 10000
	ssl.cipher.suites = null
	ssl.enabled.protocols = [TLSv1.2, TLSv1.3]
	ssl.endpoint.identification.algorithm = https
	ssl.engine.factory.class = null
	ssl.key.password = null
	ssl.keymanager.algorithm = SunX509
	ssl.keystore.certificate.chain = null
	ssl.keystore.key = null
	ssl.keystore.location = null
	ssl.keystore.password = null
	ssl.keystore.type = JKS
	ssl.protocol = TLSv1.3
	ssl.provider = null
	ssl.secure.random.implementation = null
	ssl.trustmanager.algorithm = PKIX
	ssl.truststore.certificates = null
	ssl.truststore.location = null
	ssl.truststore.password = null
	ssl.truststore.type = JKS
	value.deserializer = class io.apicurio.registry.serde.avro.AvroKafkaDeserializer

2025-07-31 02:21:33,505 INFO  [org.apa.kaf.com.tel.int.KafkaMetricsCollector] (main) initializing Kafka metrics collector
2025-07-31 02:21:33,510 INFO  [org.apa.kaf.cli.con.ConsumerConfig] (main) These configurations '[apicurio.registry.url]' were supplied but are not used yet.
2025-07-31 02:21:33,510 INFO  [org.apa.kaf.com.uti.AppInfoParser] (main) Kafka version: 3.9.0
2025-07-31 02:21:33,510 INFO  [org.apa.kaf.com.uti.AppInfoParser] (main) Kafka commitId: 84caaa6e9da06435
2025-07-31 02:21:33,510 INFO  [org.apa.kaf.com.uti.AppInfoParser] (main) Kafka startTimeMs: 1753928493510
2025-07-31 02:21:33,510 INFO  [org.apa.kaf.cli.con.int.ClassicKafkaConsumer] (Thread-224) [Consumer clientId=consumer-Consumer-topic-482ce63e_c8c0_41b8_a3a7_aaa99ec41b1a-14, groupId=Consumer-topic-482ce63e_c8c0_41b8_a3a7_aaa99ec41b1a] Subscribed to topic(s): topic-482ce63e_c8c0_41b8_a3a7_aaa99ec41b1a
2025-07-31 02:21:33,515 INFO  [org.apa.kaf.cli.Metadata] (Thread-224) [Consumer clientId=consumer-Consumer-topic-482ce63e_c8c0_41b8_a3a7_aaa99ec41b1a-14, groupId=Consumer-topic-482ce63e_c8c0_41b8_a3a7_aaa99ec41b1a] Cluster ID: mFm4H5CuSae4mNeWY74G7g
2025-07-31 02:21:33,516 INFO  [org.apa.kaf.cli.con.int.ConsumerCoordinator] (Thread-224) [Consumer clientId=consumer-Consumer-topic-482ce63e_c8c0_41b8_a3a7_aaa99ec41b1a-14, groupId=Consumer-topic-482ce63e_c8c0_41b8_a3a7_aaa99ec41b1a] Discovered group coordinator localhost:32770 (id: 2147483647 rack: null)
2025-07-31 02:21:33,520 INFO  [org.apa.kaf.cli.con.int.ConsumerCoordinator] (Thread-224) [Consumer clientId=consumer-Consumer-topic-482ce63e_c8c0_41b8_a3a7_aaa99ec41b1a-14, groupId=Consumer-topic-482ce63e_c8c0_41b8_a3a7_aaa99ec41b1a] (Re-)joining group
2025-07-31 02:21:33,523 INFO  [org.apa.kaf.cli.con.int.ConsumerCoordinator] (Thread-224) [Consumer clientId=consumer-Consumer-topic-482ce63e_c8c0_41b8_a3a7_aaa99ec41b1a-14, groupId=Consumer-topic-482ce63e_c8c0_41b8_a3a7_aaa99ec41b1a] Request joining group due to: need to re-join with the given member-id: consumer-Consumer-topic-482ce63e_c8c0_41b8_a3a7_aaa99ec41b1a-14-2c3712c9-580a-4ad2-b245-7e0541d5a878
2025-07-31 02:21:33,523 INFO  [org.apa.kaf.cli.con.int.ConsumerCoordinator] (Thread-224) [Consumer clientId=consumer-Consumer-topic-482ce63e_c8c0_41b8_a3a7_aaa99ec41b1a-14, groupId=Consumer-topic-482ce63e_c8c0_41b8_a3a7_aaa99ec41b1a] (Re-)joining group
2025-07-31 02:21:33,526 INFO  [org.apa.kaf.cli.con.int.ConsumerCoordinator] (Thread-224) [Consumer clientId=consumer-Consumer-topic-482ce63e_c8c0_41b8_a3a7_aaa99ec41b1a-14, groupId=Consumer-topic-482ce63e_c8c0_41b8_a3a7_aaa99ec41b1a] Successfully joined group with generation Generation{generationId=1, memberId='consumer-Consumer-topic-482ce63e_c8c0_41b8_a3a7_aaa99ec41b1a-14-2c3712c9-580a-4ad2-b245-7e0541d5a878', protocol='range'}
2025-07-31 02:21:33,526 INFO  [org.apa.kaf.cli.con.int.ConsumerCoordinator] (Thread-224) [Consumer clientId=consumer-Consumer-topic-482ce63e_c8c0_41b8_a3a7_aaa99ec41b1a-14, groupId=Consumer-topic-482ce63e_c8c0_41b8_a3a7_aaa99ec41b1a] Finished assignment for group at generation 1: {consumer-Consumer-topic-482ce63e_c8c0_41b8_a3a7_aaa99ec41b1a-14-2c3712c9-580a-4ad2-b245-7e0541d5a878=Assignment(partitions=[topic-482ce63e_c8c0_41b8_a3a7_aaa99ec41b1a-0])}
2025-07-31 02:21:33,529 INFO  [org.apa.kaf.cli.con.int.ConsumerCoordinator] (Thread-224) [Consumer clientId=consumer-Consumer-topic-482ce63e_c8c0_41b8_a3a7_aaa99ec41b1a-14, groupId=Consumer-topic-482ce63e_c8c0_41b8_a3a7_aaa99ec41b1a] Successfully synced group in generation Generation{generationId=1, memberId='consumer-Consumer-topic-482ce63e_c8c0_41b8_a3a7_aaa99ec41b1a-14-2c3712c9-580a-4ad2-b245-7e0541d5a878', protocol='range'}
2025-07-31 02:21:33,529 INFO  [org.apa.kaf.cli.con.int.ConsumerCoordinator] (Thread-224) [Consumer clientId=consumer-Consumer-topic-482ce63e_c8c0_41b8_a3a7_aaa99ec41b1a-14, groupId=Consumer-topic-482ce63e_c8c0_41b8_a3a7_aaa99ec41b1a] Notifying assignor about the new Assignment(partitions=[topic-482ce63e_c8c0_41b8_a3a7_aaa99ec41b1a-0])
2025-07-31 02:21:33,529 INFO  [org.apa.kaf.cli.con.int.ConsumerRebalanceListenerInvoker] (Thread-224) [Consumer clientId=consumer-Consumer-topic-482ce63e_c8c0_41b8_a3a7_aaa99ec41b1a-14, groupId=Consumer-topic-482ce63e_c8c0_41b8_a3a7_aaa99ec41b1a] Adding newly assigned partitions: topic-482ce63e_c8c0_41b8_a3a7_aaa99ec41b1a-0
2025-07-31 02:21:33,531 INFO  [org.apa.kaf.cli.con.int.ConsumerCoordinator] (Thread-224) [Consumer clientId=consumer-Consumer-topic-482ce63e_c8c0_41b8_a3a7_aaa99ec41b1a-14, groupId=Consumer-topic-482ce63e_c8c0_41b8_a3a7_aaa99ec41b1a] Found no committed offset for partition topic-482ce63e_c8c0_41b8_a3a7_aaa99ec41b1a-0
2025-07-31 02:21:33,533 INFO  [org.apa.kaf.cli.con.int.SubscriptionState] (Thread-224) [Consumer clientId=consumer-Consumer-topic-482ce63e_c8c0_41b8_a3a7_aaa99ec41b1a-14, groupId=Consumer-topic-482ce63e_c8c0_41b8_a3a7_aaa99ec41b1a] Resetting offset for partition topic-482ce63e_c8c0_41b8_a3a7_aaa99ec41b1a-0 to position FetchPosition{offset=0, offsetEpoch=Optional.empty, currentLeader=LeaderAndEpoch{leader=Optional[localhost:32770 (id: 0 rack: null)], epoch=0}}.
2025-07-31 02:21:33,571 INFO  [io.api.tes.ser.api.KafkaSerdesTester] (Thread-224) topic-482ce63e_c8c0_41b8_a3a7_aaa99ec41b1a 0 0 {"username": null}
2025-07-31 02:21:33,571 INFO  [io.api.tes.ser.api.KafkaSerdesTester] (Thread-224) topic-482ce63e_c8c0_41b8_a3a7_aaa99ec41b1a 0 1 {"username": null}
2025-07-31 02:21:33,571 INFO  [io.api.tes.ser.api.KafkaSerdesTester] (Thread-224) topic-482ce63e_c8c0_41b8_a3a7_aaa99ec41b1a 0 2 {"username": "value-2"}
2025-07-31 02:21:33,571 INFO  [io.api.tes.ser.api.KafkaSerdesTester] (Thread-224) topic-482ce63e_c8c0_41b8_a3a7_aaa99ec41b1a 0 3 {"username": null}
2025-07-31 02:21:33,571 INFO  [io.api.tes.ser.api.KafkaSerdesTester] (Thread-224) topic-482ce63e_c8c0_41b8_a3a7_aaa99ec41b1a 0 4 {"username": "value-4"}
2025-07-31 02:21:33,571 INFO  [io.api.tes.ser.api.KafkaSerdesTester] (Thread-224) topic-482ce63e_c8c0_41b8_a3a7_aaa99ec41b1a 0 5 {"username": null}
2025-07-31 02:21:33,571 INFO  [io.api.tes.ser.api.KafkaSerdesTester] (Thread-224) topic-482ce63e_c8c0_41b8_a3a7_aaa99ec41b1a 0 6 {"username": "value-6"}
2025-07-31 02:21:33,571 INFO  [io.api.tes.ser.api.KafkaSerdesTester] (Thread-224) topic-482ce63e_c8c0_41b8_a3a7_aaa99ec41b1a 0 7 {"username": null}
2025-07-31 02:21:33,571 INFO  [io.api.tes.ser.api.KafkaSerdesTester] (Thread-224) topic-482ce63e_c8c0_41b8_a3a7_aaa99ec41b1a 0 8 {"username": "value-8"}
2025-07-31 02:21:33,571 INFO  [io.api.tes.ser.api.KafkaSerdesTester] (Thread-224) topic-482ce63e_c8c0_41b8_a3a7_aaa99ec41b1a 0 9 {"username": null}
2025-07-31 02:21:33,571 INFO  [io.api.tes.ser.api.KafkaSerdesTester] (Thread-224) Consumed 10 messages
2025-07-31 02:21:33,574 INFO  [org.apa.kaf.cli.con.int.ConsumerRebalanceListenerInvoker] (Thread-224) [Consumer clientId=consumer-Consumer-topic-482ce63e_c8c0_41b8_a3a7_aaa99ec41b1a-14, groupId=Consumer-topic-482ce63e_c8c0_41b8_a3a7_aaa99ec41b1a] Revoke previously assigned partitions topic-482ce63e_c8c0_41b8_a3a7_aaa99ec41b1a-0
2025-07-31 02:21:33,574 INFO  [org.apa.kaf.cli.con.int.ConsumerCoordinator] (Thread-224) [Consumer clientId=consumer-Consumer-topic-482ce63e_c8c0_41b8_a3a7_aaa99ec41b1a-14, groupId=Consumer-topic-482ce63e_c8c0_41b8_a3a7_aaa99ec41b1a] Member consumer-Consumer-topic-482ce63e_c8c0_41b8_a3a7_aaa99ec41b1a-14-2c3712c9-580a-4ad2-b245-7e0541d5a878 sending LeaveGroup request to coordinator localhost:32770 (id: 2147483647 rack: null) due to the consumer is being closed
2025-07-31 02:21:33,574 INFO  [org.apa.kaf.cli.con.int.ConsumerCoordinator] (Thread-224) [Consumer clientId=consumer-Consumer-topic-482ce63e_c8c0_41b8_a3a7_aaa99ec41b1a-14, groupId=Consumer-topic-482ce63e_c8c0_41b8_a3a7_aaa99ec41b1a] Resetting generation and member id due to: consumer pro-actively leaving the group
2025-07-31 02:21:33,574 INFO  [org.apa.kaf.cli.con.int.ConsumerCoordinator] (Thread-224) [Consumer clientId=consumer-Consumer-topic-482ce63e_c8c0_41b8_a3a7_aaa99ec41b1a-14, groupId=Consumer-topic-482ce63e_c8c0_41b8_a3a7_aaa99ec41b1a] Request joining group due to: consumer pro-actively leaving the group
2025-07-31 02:21:34,074 INFO  [org.apa.kaf.com.met.Metrics] (Thread-224) Metrics scheduler closed
2025-07-31 02:21:34,074 INFO  [org.apa.kaf.com.met.Metrics] (Thread-224) Closing reporter org.apache.kafka.common.metrics.JmxReporter
2025-07-31 02:21:34,074 INFO  [org.apa.kaf.com.met.Metrics] (Thread-224) Closing reporter org.apache.kafka.common.telemetry.internals.ClientTelemetryReporter
2025-07-31 02:21:34,074 INFO  [org.apa.kaf.com.met.Metrics] (Thread-224) Metrics reporters closed
2025-07-31 02:21:34,075 INFO  [org.apa.kaf.com.uti.AppInfoParser] (Thread-224) App info kafka.consumer for consumer-Consumer-topic-482ce63e_c8c0_41b8_a3a7_aaa99ec41b1a-14 unregistered
2025-07-31 02:21:34,076 INFO  [io.api.tes.uti.TestSeparator] (main) io.apicurio.tests.serdes.apicurio.AvroSerdeIT.testFirstEmptyFieldConfusedAsMagicByte-FINISHED
2025-07-31 02:21:34,076 INFO  [io.api.tes.uti.TestSeparator] (main) ############################################################################
]]></system-out>
  </testcase>
  <testcase name="testAvroSerDesFailDifferentSchemaByContent" classname="io.apicurio.tests.serdes.apicurio.AvroSerdeIT" time="1.084">
    <system-out><![CDATA[2025-07-31 02:21:34,078 INFO  [io.api.tes.uti.TestSeparator] (main) ############################################################################
2025-07-31 02:21:34,078 INFO  [io.api.tes.uti.TestSeparator] (main) io.apicurio.tests.serdes.apicurio.AvroSerdeIT.testAvroSerDesFailDifferentSchemaByContent-STARTED
2025-07-31 02:21:35,113 INFO  [org.apa.kaf.cli.pro.ProducerConfig] (main) ProducerConfig values: 
	acks = -1
	auto.include.jmx.reporter = true
	batch.size = 16384
	bootstrap.servers = [PLAINTEXT://localhost:32770]
	buffer.memory = 33554432
	client.dns.lookup = use_all_dns_ips
	client.id = Producer-topic-68f31090_0b5a_42fd_b0d0_cd1163af2b39
	compression.gzip.level = -1
	compression.lz4.level = 9
	compression.type = none
	compression.zstd.level = 3
	connections.max.idle.ms = 10000
	delivery.timeout.ms = 120000
	enable.idempotence = true
	enable.metrics.push = true
	interceptor.classes = []
	key.serializer = class org.apache.kafka.common.serialization.StringSerializer
	linger.ms = 0
	max.block.ms = 60000
	max.in.flight.requests.per.connection = 5
	max.request.size = 1048576
	metadata.max.age.ms = 300000
	metadata.max.idle.ms = 300000
	metadata.recovery.strategy = none
	metric.reporters = []
	metrics.num.samples = 2
	metrics.recording.level = INFO
	metrics.sample.window.ms = 30000
	partitioner.adaptive.partitioning.enable = true
	partitioner.availability.timeout.ms = 0
	partitioner.class = null
	partitioner.ignore.keys = false
	receive.buffer.bytes = 32768
	reconnect.backoff.max.ms = 1000
	reconnect.backoff.ms = 50
	request.timeout.ms = 5000
	retries = 2147483647
	retry.backoff.max.ms = 1000
	retry.backoff.ms = 100
	sasl.client.callback.handler.class = null
	sasl.jaas.config = null
	sasl.kerberos.kinit.cmd = /usr/bin/kinit
	sasl.kerberos.min.time.before.relogin = 60000
	sasl.kerberos.service.name = null
	sasl.kerberos.ticket.renew.jitter = 0.05
	sasl.kerberos.ticket.renew.window.factor = 0.8
	sasl.login.callback.handler.class = null
	sasl.login.class = null
	sasl.login.connect.timeout.ms = null
	sasl.login.read.timeout.ms = null
	sasl.login.refresh.buffer.seconds = 300
	sasl.login.refresh.min.period.seconds = 60
	sasl.login.refresh.window.factor = 0.8
	sasl.login.refresh.window.jitter = 0.05
	sasl.login.retry.backoff.max.ms = 10000
	sasl.login.retry.backoff.ms = 100
	sasl.mechanism = GSSAPI
	sasl.oauthbearer.clock.skew.seconds = 30
	sasl.oauthbearer.expected.audience = null
	sasl.oauthbearer.expected.issuer = null
	sasl.oauthbearer.header.urlencode = false
	sasl.oauthbearer.jwks.endpoint.refresh.ms = 3600000
	sasl.oauthbearer.jwks.endpoint.retry.backoff.max.ms = 10000
	sasl.oauthbearer.jwks.endpoint.retry.backoff.ms = 100
	sasl.oauthbearer.jwks.endpoint.url = null
	sasl.oauthbearer.scope.claim.name = scope
	sasl.oauthbearer.sub.claim.name = sub
	sasl.oauthbearer.token.endpoint.url = null
	security.protocol = PLAINTEXT
	security.providers = null
	send.buffer.bytes = 131072
	socket.connection.setup.timeout.max.ms = 30000
	socket.connection.setup.timeout.ms = 10000
	ssl.cipher.suites = null
	ssl.enabled.protocols = [TLSv1.2, TLSv1.3]
	ssl.endpoint.identification.algorithm = https
	ssl.engine.factory.class = null
	ssl.key.password = null
	ssl.keymanager.algorithm = SunX509
	ssl.keystore.certificate.chain = null
	ssl.keystore.key = null
	ssl.keystore.location = null
	ssl.keystore.password = null
	ssl.keystore.type = JKS
	ssl.protocol = TLSv1.3
	ssl.provider = null
	ssl.secure.random.implementation = null
	ssl.trustmanager.algorithm = PKIX
	ssl.truststore.certificates = null
	ssl.truststore.location = null
	ssl.truststore.password = null
	ssl.truststore.type = JKS
	transaction.timeout.ms = 60000
	transactional.id = null
	value.serializer = class io.apicurio.registry.serde.avro.AvroKafkaSerializer

2025-07-31 02:21:35,113 INFO  [org.apa.kaf.com.tel.int.KafkaMetricsCollector] (main) initializing Kafka metrics collector
2025-07-31 02:21:35,116 INFO  [org.apa.kaf.cli.pro.KafkaProducer] (main) [Producer clientId=Producer-topic-68f31090_0b5a_42fd_b0d0_cd1163af2b39] Instantiated an idempotent producer.
2025-07-31 02:21:35,118 INFO  [org.apa.kaf.cli.pro.ProducerConfig] (main) These configurations '[apicurio.registry.url, apicurio.registry.artifact-resolver-strategy]' were supplied but are not used yet.
2025-07-31 02:21:35,118 INFO  [org.apa.kaf.com.uti.AppInfoParser] (main) Kafka version: 3.9.0
2025-07-31 02:21:35,118 INFO  [org.apa.kaf.com.uti.AppInfoParser] (main) Kafka commitId: 84caaa6e9da06435
2025-07-31 02:21:35,118 INFO  [org.apa.kaf.com.uti.AppInfoParser] (main) Kafka startTimeMs: 1753928495118
2025-07-31 02:21:35,120 INFO  [io.api.tes.ser.api.KafkaSerdesTester] (Thread-227) Sending message {"keyB": "value-0"} to topic topic-68f31090_0b5a_42fd_b0d0_cd1163af2b39
2025-07-31 02:21:35,123 INFO  [org.apa.kaf.cli.Metadata] (kafka-producer-network-thread | Producer-topic-68f31090_0b5a_42fd_b0d0_cd1163af2b39) [Producer clientId=Producer-topic-68f31090_0b5a_42fd_b0d0_cd1163af2b39] Cluster ID: mFm4H5CuSae4mNeWY74G7g
2025-07-31 02:21:35,123 INFO  [DefaultSchemaResolver] (Thread-227) Retrieving schema content using string: {"type":"record","name":"s90979dfdx28bax45ebxb94dxf19166c74c8b","namespace":"sb77cb2c7xe2b8x4f91xa070xc00e9312bc5d","fields":[{"name":"keyB","type":"string"}]}
2025-07-31 02:21:35,124 INFO  [org.apa.kaf.cli.pro.int.TransactionManager] (kafka-producer-network-thread | Producer-topic-68f31090_0b5a_42fd_b0d0_cd1163af2b39) [Producer clientId=Producer-topic-68f31090_0b5a_42fd_b0d0_cd1163af2b39] ProducerId set to 19 with epoch 0
2025-07-31 02:21:35,158 INFO  [org.apa.kaf.cli.pro.KafkaProducer] (Thread-227) [Producer clientId=Producer-topic-68f31090_0b5a_42fd_b0d0_cd1163af2b39] Closing the Kafka producer with timeoutMillis = 9223372036854775807 ms.
2025-07-31 02:21:35,160 INFO  [org.apa.kaf.com.met.Metrics] (Thread-227) Metrics scheduler closed
2025-07-31 02:21:35,160 INFO  [org.apa.kaf.com.met.Metrics] (Thread-227) Closing reporter org.apache.kafka.common.metrics.JmxReporter
2025-07-31 02:21:35,160 INFO  [org.apa.kaf.com.met.Metrics] (Thread-227) Closing reporter org.apache.kafka.common.telemetry.internals.ClientTelemetryReporter
2025-07-31 02:21:35,160 INFO  [org.apa.kaf.com.met.Metrics] (Thread-227) Metrics reporters closed
2025-07-31 02:21:35,160 INFO  [org.apa.kaf.com.uti.AppInfoParser] (Thread-227) App info kafka.producer for Producer-topic-68f31090_0b5a_42fd_b0d0_cd1163af2b39 unregistered
2025-07-31 02:21:35,160 INFO  [io.api.tes.uti.TestSeparator] (main) io.apicurio.tests.serdes.apicurio.AvroSerdeIT.testAvroSerDesFailDifferentSchemaByContent-FINISHED
2025-07-31 02:21:35,160 INFO  [io.api.tes.uti.TestSeparator] (main) ############################################################################
]]></system-out>
    <system-err><![CDATA[java.lang.RuntimeException: Could not resolve artifact reference by content: {"type":"record","name":"s90979dfdx28bax45ebxb94dxf19166c74c8b","namespace":"sb77cb2c7xe2b8x4f91xa070xc00e9312bc5d","fields":[{"name":"keyB","type":"string"}]}&ArtifactReference [groupId=sb77cb2c7xe2b8x4f91xa070xc00e9312bc5d, artifactId=s90979dfdx28bax45ebxb94dxf19166c74c8b, version=null, globalId=null, contentId=null, contentHash=null]
	at io.apicurio.registry.resolver.DefaultSchemaResolver.lambda$handleResolveSchemaByContent$5(DefaultSchemaResolver.java:300)
	at io.apicurio.registry.resolver.ERCache.lambda$getValue$0(ERCache.java:181)
	at io.apicurio.registry.resolver.ERCache.retry(ERCache.java:234)
	at io.apicurio.registry.resolver.ERCache.getValue(ERCache.java:180)
	at io.apicurio.registry.resolver.ERCache.getByContent(ERCache.java:154)
	at io.apicurio.registry.resolver.DefaultSchemaResolver.handleResolveSchemaByContent(DefaultSchemaResolver.java:269)
	at io.apicurio.registry.resolver.DefaultSchemaResolver.getSchemaFromRegistry(DefaultSchemaResolver.java:142)
	at io.apicurio.registry.resolver.DefaultSchemaResolver.lambda$resolveSchema$0(DefaultSchemaResolver.java:86)
	at java.base/java.util.Optional.orElseGet(Optional.java:364)
	at io.apicurio.registry.resolver.DefaultSchemaResolver.resolveSchema(DefaultSchemaResolver.java:86)
	at io.apicurio.registry.serde.AbstractSerializer.serializeData(AbstractSerializer.java:62)
	at io.apicurio.registry.serde.KafkaSerializer.serialize(KafkaSerializer.java:77)
	at org.apache.kafka.clients.producer.KafkaProducer.doSend(KafkaProducer.java:1046)
	at org.apache.kafka.clients.producer.KafkaProducer.send(KafkaProducer.java:993)
	at org.apache.kafka.clients.producer.KafkaProducer.send(KafkaProducer.java:875)
	at io.apicurio.tests.serdes.apicurio.KafkaSerdesTester.lambda$produceMessages$3(KafkaSerdesTester.java:138)
	at java.base/java.util.concurrent.CompletableFuture$AsyncSupply.run(CompletableFuture.java:1768)
	at java.base/java.lang.Thread.run(Thread.java:840)
]]></system-err>
  </testcase>
  <testcase name="testGlobalIdInBody" classname="io.apicurio.tests.serdes.apicurio.AvroSerdeIT" time="0.806">
    <system-out><![CDATA[2025-07-31 02:21:35,161 INFO  [io.api.tes.uti.TestSeparator] (main) ############################################################################
2025-07-31 02:21:35,162 INFO  [io.api.tes.uti.TestSeparator] (main) io.apicurio.tests.serdes.apicurio.AvroSerdeIT.testGlobalIdInBody-STARTED
2025-07-31 02:21:35,170 INFO  [org.apa.kaf.cli.pro.ProducerConfig] (main) ProducerConfig values: 
	acks = -1
	auto.include.jmx.reporter = true
	batch.size = 16384
	bootstrap.servers = [PLAINTEXT://localhost:32770]
	buffer.memory = 33554432
	client.dns.lookup = use_all_dns_ips
	client.id = Producer-topic-9e64c8d7_bfea_4aaf_b68f_234b3b5d3f6b
	compression.gzip.level = -1
	compression.lz4.level = 9
	compression.type = none
	compression.zstd.level = 3
	connections.max.idle.ms = 10000
	delivery.timeout.ms = 120000
	enable.idempotence = true
	enable.metrics.push = true
	interceptor.classes = []
	key.serializer = class org.apache.kafka.common.serialization.StringSerializer
	linger.ms = 0
	max.block.ms = 60000
	max.in.flight.requests.per.connection = 5
	max.request.size = 1048576
	metadata.max.age.ms = 300000
	metadata.max.idle.ms = 300000
	metadata.recovery.strategy = none
	metric.reporters = []
	metrics.num.samples = 2
	metrics.recording.level = INFO
	metrics.sample.window.ms = 30000
	partitioner.adaptive.partitioning.enable = true
	partitioner.availability.timeout.ms = 0
	partitioner.class = null
	partitioner.ignore.keys = false
	receive.buffer.bytes = 32768
	reconnect.backoff.max.ms = 1000
	reconnect.backoff.ms = 50
	request.timeout.ms = 5000
	retries = 2147483647
	retry.backoff.max.ms = 1000
	retry.backoff.ms = 100
	sasl.client.callback.handler.class = null
	sasl.jaas.config = null
	sasl.kerberos.kinit.cmd = /usr/bin/kinit
	sasl.kerberos.min.time.before.relogin = 60000
	sasl.kerberos.service.name = null
	sasl.kerberos.ticket.renew.jitter = 0.05
	sasl.kerberos.ticket.renew.window.factor = 0.8
	sasl.login.callback.handler.class = null
	sasl.login.class = null
	sasl.login.connect.timeout.ms = null
	sasl.login.read.timeout.ms = null
	sasl.login.refresh.buffer.seconds = 300
	sasl.login.refresh.min.period.seconds = 60
	sasl.login.refresh.window.factor = 0.8
	sasl.login.refresh.window.jitter = 0.05
	sasl.login.retry.backoff.max.ms = 10000
	sasl.login.retry.backoff.ms = 100
	sasl.mechanism = GSSAPI
	sasl.oauthbearer.clock.skew.seconds = 30
	sasl.oauthbearer.expected.audience = null
	sasl.oauthbearer.expected.issuer = null
	sasl.oauthbearer.header.urlencode = false
	sasl.oauthbearer.jwks.endpoint.refresh.ms = 3600000
	sasl.oauthbearer.jwks.endpoint.retry.backoff.max.ms = 10000
	sasl.oauthbearer.jwks.endpoint.retry.backoff.ms = 100
	sasl.oauthbearer.jwks.endpoint.url = null
	sasl.oauthbearer.scope.claim.name = scope
	sasl.oauthbearer.sub.claim.name = sub
	sasl.oauthbearer.token.endpoint.url = null
	security.protocol = PLAINTEXT
	security.providers = null
	send.buffer.bytes = 131072
	socket.connection.setup.timeout.max.ms = 30000
	socket.connection.setup.timeout.ms = 10000
	ssl.cipher.suites = null
	ssl.enabled.protocols = [TLSv1.2, TLSv1.3]
	ssl.endpoint.identification.algorithm = https
	ssl.engine.factory.class = null
	ssl.key.password = null
	ssl.keymanager.algorithm = SunX509
	ssl.keystore.certificate.chain = null
	ssl.keystore.key = null
	ssl.keystore.location = null
	ssl.keystore.password = null
	ssl.keystore.type = JKS
	ssl.protocol = TLSv1.3
	ssl.provider = null
	ssl.secure.random.implementation = null
	ssl.trustmanager.algorithm = PKIX
	ssl.truststore.certificates = null
	ssl.truststore.location = null
	ssl.truststore.password = null
	ssl.truststore.type = JKS
	transaction.timeout.ms = 60000
	transactional.id = null
	value.serializer = class io.apicurio.registry.serde.avro.AvroKafkaSerializer

2025-07-31 02:21:35,170 INFO  [org.apa.kaf.com.tel.int.KafkaMetricsCollector] (main) initializing Kafka metrics collector
2025-07-31 02:21:35,184 INFO  [org.apa.kaf.cli.pro.KafkaProducer] (main) [Producer clientId=Producer-topic-9e64c8d7_bfea_4aaf_b68f_234b3b5d3f6b] Instantiated an idempotent producer.
2025-07-31 02:21:35,188 INFO  [org.apa.kaf.cli.pro.ProducerConfig] (main) These configurations '[apicurio.registry.url, apicurio.registry.auto-register, apicurio.registry.use-id, apicurio.registry.artifact-resolver-strategy]' were supplied but are not used yet.
2025-07-31 02:21:35,188 INFO  [org.apa.kaf.com.uti.AppInfoParser] (main) Kafka version: 3.9.0
2025-07-31 02:21:35,188 INFO  [org.apa.kaf.com.uti.AppInfoParser] (main) Kafka commitId: 84caaa6e9da06435
2025-07-31 02:21:35,188 INFO  [org.apa.kaf.com.uti.AppInfoParser] (main) Kafka startTimeMs: 1753928495188
2025-07-31 02:21:35,188 INFO  [io.api.tes.ser.api.SimpleSerdesTesterBuilder$SimpleSerdesTester] (main) Using producer configuration: {apicurio.registry.url=http://registry-app-inmemory.apps.ci419.apicurio-testing.org:80/apis/registry/v3, apicurio.registry.auto-register=true, apicurio.registry.use-id=globalId, apicurio.registry.artifact-resolver-strategy=io.apicurio.registry.serde.strategy.TopicIdStrategy, value.serializer=io.apicurio.registry.serde.avro.AvroKafkaSerializer, request.timeout.ms=5000, acks=all, bootstrap.servers=PLAINTEXT://localhost:32770, connections.max.idle.ms=10000, key.serializer=org.apache.kafka.common.serialization.StringSerializer, client.id=Producer-topic-9e64c8d7_bfea_4aaf_b68f_234b3b5d3f6b}
2025-07-31 02:21:35,188 INFO  [io.api.tes.ser.api.SimpleSerdesTesterBuilder$SimpleSerdesTester] (main) Using consumer configuration: {apicurio.registry.use-id=globalId}
2025-07-31 02:21:35,189 INFO  [io.api.tes.ser.api.KafkaSerdesTester] (Thread-230) Sending message {"key11753928495162": "value-0"} to topic topic-9e64c8d7_bfea_4aaf_b68f_234b3b5d3f6b
2025-07-31 02:21:35,194 WARN  [org.apa.kaf.cli.NetworkClient] (kafka-producer-network-thread | Producer-topic-9e64c8d7_bfea_4aaf_b68f_234b3b5d3f6b) [Producer clientId=Producer-topic-9e64c8d7_bfea_4aaf_b68f_234b3b5d3f6b] The metadata response from the cluster reported a recoverable issue with correlation id 2 : {topic-9e64c8d7_bfea_4aaf_b68f_234b3b5d3f6b=LEADER_NOT_AVAILABLE}
2025-07-31 02:21:35,194 INFO  [org.apa.kaf.cli.Metadata] (kafka-producer-network-thread | Producer-topic-9e64c8d7_bfea_4aaf_b68f_234b3b5d3f6b) [Producer clientId=Producer-topic-9e64c8d7_bfea_4aaf_b68f_234b3b5d3f6b] Cluster ID: mFm4H5CuSae4mNeWY74G7g
2025-07-31 02:21:35,195 INFO  [org.apa.kaf.cli.pro.int.TransactionManager] (kafka-producer-network-thread | Producer-topic-9e64c8d7_bfea_4aaf_b68f_234b3b5d3f6b) [Producer clientId=Producer-topic-9e64c8d7_bfea_4aaf_b68f_234b3b5d3f6b] ProducerId set to 20 with epoch 0
2025-07-31 02:21:35,353 INFO  [io.api.tes.ser.api.KafkaSerdesTester] (Thread-230) Sending message {"key11753928495162": "value-1"} to topic topic-9e64c8d7_bfea_4aaf_b68f_234b3b5d3f6b
2025-07-31 02:21:35,356 INFO  [io.api.tes.ser.api.KafkaSerdesTester] (Thread-230) Sending message {"key11753928495162": "value-2"} to topic topic-9e64c8d7_bfea_4aaf_b68f_234b3b5d3f6b
2025-07-31 02:21:35,358 INFO  [io.api.tes.ser.api.KafkaSerdesTester] (Thread-230) Sending message {"key11753928495162": "value-3"} to topic topic-9e64c8d7_bfea_4aaf_b68f_234b3b5d3f6b
2025-07-31 02:21:35,362 INFO  [io.api.tes.ser.api.KafkaSerdesTester] (Thread-230) Sending message {"key11753928495162": "value-4"} to topic topic-9e64c8d7_bfea_4aaf_b68f_234b3b5d3f6b
2025-07-31 02:21:35,364 INFO  [io.api.tes.ser.api.KafkaSerdesTester] (Thread-230) Sending message {"key11753928495162": "value-5"} to topic topic-9e64c8d7_bfea_4aaf_b68f_234b3b5d3f6b
2025-07-31 02:21:35,368 INFO  [io.api.tes.ser.api.KafkaSerdesTester] (Thread-230) Sending message {"key11753928495162": "value-6"} to topic topic-9e64c8d7_bfea_4aaf_b68f_234b3b5d3f6b
2025-07-31 02:21:35,372 INFO  [io.api.tes.ser.api.KafkaSerdesTester] (Thread-230) Sending message {"key11753928495162": "value-7"} to topic topic-9e64c8d7_bfea_4aaf_b68f_234b3b5d3f6b
2025-07-31 02:21:35,376 INFO  [io.api.tes.ser.api.KafkaSerdesTester] (Thread-230) Sending message {"key11753928495162": "value-8"} to topic topic-9e64c8d7_bfea_4aaf_b68f_234b3b5d3f6b
2025-07-31 02:21:35,378 INFO  [io.api.tes.ser.api.KafkaSerdesTester] (Thread-230) Sending message {"key11753928495162": "value-9"} to topic topic-9e64c8d7_bfea_4aaf_b68f_234b3b5d3f6b
2025-07-31 02:21:35,380 INFO  [io.api.tes.ser.api.KafkaSerdesTester] (Thread-230) Produced 10 messages
2025-07-31 02:21:35,380 INFO  [org.apa.kaf.cli.pro.KafkaProducer] (Thread-230) [Producer clientId=Producer-topic-9e64c8d7_bfea_4aaf_b68f_234b3b5d3f6b] Closing the Kafka producer with timeoutMillis = 9223372036854775807 ms.
2025-07-31 02:21:35,383 INFO  [org.apa.kaf.com.met.Metrics] (Thread-230) Metrics scheduler closed
2025-07-31 02:21:35,383 INFO  [org.apa.kaf.com.met.Metrics] (Thread-230) Closing reporter org.apache.kafka.common.metrics.JmxReporter
2025-07-31 02:21:35,383 INFO  [org.apa.kaf.com.met.Metrics] (Thread-230) Closing reporter org.apache.kafka.common.telemetry.internals.ClientTelemetryReporter
2025-07-31 02:21:35,383 INFO  [org.apa.kaf.com.met.Metrics] (Thread-230) Metrics reporters closed
2025-07-31 02:21:35,383 INFO  [org.apa.kaf.com.uti.AppInfoParser] (Thread-230) App info kafka.producer for Producer-topic-9e64c8d7_bfea_4aaf_b68f_234b3b5d3f6b unregistered
2025-07-31 02:21:35,407 INFO  [org.apa.kaf.cli.con.ConsumerConfig] (main) ConsumerConfig values: 
	allow.auto.create.topics = true
	auto.commit.interval.ms = 500
	auto.include.jmx.reporter = true
	auto.offset.reset = earliest
	bootstrap.servers = [PLAINTEXT://localhost:32770]
	check.crcs = true
	client.dns.lookup = use_all_dns_ips
	client.id = consumer-Consumer-topic-9e64c8d7_bfea_4aaf_b68f_234b3b5d3f6b-15
	client.rack = 
	connections.max.idle.ms = 10000
	default.api.timeout.ms = 60000
	enable.auto.commit = true
	enable.metrics.push = true
	exclude.internal.topics = true
	fetch.max.bytes = 52428800
	fetch.max.wait.ms = 500
	fetch.min.bytes = 1
	group.id = Consumer-topic-9e64c8d7_bfea_4aaf_b68f_234b3b5d3f6b
	group.instance.id = null
	group.protocol = classic
	group.remote.assignor = null
	heartbeat.interval.ms = 3000
	interceptor.classes = []
	internal.leave.group.on.close = true
	internal.throw.on.fetch.stable.offset.unsupported = false
	isolation.level = read_uncommitted
	key.deserializer = class org.apache.kafka.common.serialization.StringDeserializer
	max.partition.fetch.bytes = 1048576
	max.poll.interval.ms = 300000
	max.poll.records = 500
	metadata.max.age.ms = 300000
	metadata.recovery.strategy = none
	metric.reporters = []
	metrics.num.samples = 2
	metrics.recording.level = INFO
	metrics.sample.window.ms = 30000
	partition.assignment.strategy = [class org.apache.kafka.clients.consumer.RangeAssignor, class org.apache.kafka.clients.consumer.CooperativeStickyAssignor]
	receive.buffer.bytes = 65536
	reconnect.backoff.max.ms = 1000
	reconnect.backoff.ms = 50
	request.timeout.ms = 5000
	retry.backoff.max.ms = 1000
	retry.backoff.ms = 100
	sasl.client.callback.handler.class = null
	sasl.jaas.config = null
	sasl.kerberos.kinit.cmd = /usr/bin/kinit
	sasl.kerberos.min.time.before.relogin = 60000
	sasl.kerberos.service.name = null
	sasl.kerberos.ticket.renew.jitter = 0.05
	sasl.kerberos.ticket.renew.window.factor = 0.8
	sasl.login.callback.handler.class = null
	sasl.login.class = null
	sasl.login.connect.timeout.ms = null
	sasl.login.read.timeout.ms = null
	sasl.login.refresh.buffer.seconds = 300
	sasl.login.refresh.min.period.seconds = 60
	sasl.login.refresh.window.factor = 0.8
	sasl.login.refresh.window.jitter = 0.05
	sasl.login.retry.backoff.max.ms = 10000
	sasl.login.retry.backoff.ms = 100
	sasl.mechanism = GSSAPI
	sasl.oauthbearer.clock.skew.seconds = 30
	sasl.oauthbearer.expected.audience = null
	sasl.oauthbearer.expected.issuer = null
	sasl.oauthbearer.header.urlencode = false
	sasl.oauthbearer.jwks.endpoint.refresh.ms = 3600000
	sasl.oauthbearer.jwks.endpoint.retry.backoff.max.ms = 10000
	sasl.oauthbearer.jwks.endpoint.retry.backoff.ms = 100
	sasl.oauthbearer.jwks.endpoint.url = null
	sasl.oauthbearer.scope.claim.name = scope
	sasl.oauthbearer.sub.claim.name = sub
	sasl.oauthbearer.token.endpoint.url = null
	security.protocol = PLAINTEXT
	security.providers = null
	send.buffer.bytes = 131072
	session.timeout.ms = 45000
	socket.connection.setup.timeout.max.ms = 30000
	socket.connection.setup.timeout.ms = 10000
	ssl.cipher.suites = null
	ssl.enabled.protocols = [TLSv1.2, TLSv1.3]
	ssl.endpoint.identification.algorithm = https
	ssl.engine.factory.class = null
	ssl.key.password = null
	ssl.keymanager.algorithm = SunX509
	ssl.keystore.certificate.chain = null
	ssl.keystore.key = null
	ssl.keystore.location = null
	ssl.keystore.password = null
	ssl.keystore.type = JKS
	ssl.protocol = TLSv1.3
	ssl.provider = null
	ssl.secure.random.implementation = null
	ssl.trustmanager.algorithm = PKIX
	ssl.truststore.certificates = null
	ssl.truststore.location = null
	ssl.truststore.password = null
	ssl.truststore.type = JKS
	value.deserializer = class io.apicurio.registry.serde.avro.AvroKafkaDeserializer

2025-07-31 02:21:35,407 INFO  [org.apa.kaf.com.tel.int.KafkaMetricsCollector] (main) initializing Kafka metrics collector
2025-07-31 02:21:35,411 INFO  [org.apa.kaf.cli.con.ConsumerConfig] (main) These configurations '[apicurio.registry.url, apicurio.registry.use-id]' were supplied but are not used yet.
2025-07-31 02:21:35,411 INFO  [org.apa.kaf.com.uti.AppInfoParser] (main) Kafka version: 3.9.0
2025-07-31 02:21:35,411 INFO  [org.apa.kaf.com.uti.AppInfoParser] (main) Kafka commitId: 84caaa6e9da06435
2025-07-31 02:21:35,411 INFO  [org.apa.kaf.com.uti.AppInfoParser] (main) Kafka startTimeMs: 1753928495411
2025-07-31 02:21:35,412 INFO  [org.apa.kaf.cli.con.int.ClassicKafkaConsumer] (Thread-233) [Consumer clientId=consumer-Consumer-topic-9e64c8d7_bfea_4aaf_b68f_234b3b5d3f6b-15, groupId=Consumer-topic-9e64c8d7_bfea_4aaf_b68f_234b3b5d3f6b] Subscribed to topic(s): topic-9e64c8d7_bfea_4aaf_b68f_234b3b5d3f6b
2025-07-31 02:21:35,415 INFO  [org.apa.kaf.cli.Metadata] (Thread-233) [Consumer clientId=consumer-Consumer-topic-9e64c8d7_bfea_4aaf_b68f_234b3b5d3f6b-15, groupId=Consumer-topic-9e64c8d7_bfea_4aaf_b68f_234b3b5d3f6b] Cluster ID: mFm4H5CuSae4mNeWY74G7g
2025-07-31 02:21:35,415 INFO  [org.apa.kaf.cli.con.int.ConsumerCoordinator] (Thread-233) [Consumer clientId=consumer-Consumer-topic-9e64c8d7_bfea_4aaf_b68f_234b3b5d3f6b-15, groupId=Consumer-topic-9e64c8d7_bfea_4aaf_b68f_234b3b5d3f6b] Discovered group coordinator localhost:32770 (id: 2147483647 rack: null)
2025-07-31 02:21:35,416 INFO  [org.apa.kaf.cli.con.int.ConsumerCoordinator] (Thread-233) [Consumer clientId=consumer-Consumer-topic-9e64c8d7_bfea_4aaf_b68f_234b3b5d3f6b-15, groupId=Consumer-topic-9e64c8d7_bfea_4aaf_b68f_234b3b5d3f6b] (Re-)joining group
2025-07-31 02:21:35,418 INFO  [org.apa.kaf.cli.con.int.ConsumerCoordinator] (Thread-233) [Consumer clientId=consumer-Consumer-topic-9e64c8d7_bfea_4aaf_b68f_234b3b5d3f6b-15, groupId=Consumer-topic-9e64c8d7_bfea_4aaf_b68f_234b3b5d3f6b] Request joining group due to: need to re-join with the given member-id: consumer-Consumer-topic-9e64c8d7_bfea_4aaf_b68f_234b3b5d3f6b-15-54207ac2-f37a-4da4-a0f5-7d2a8fbcb543
2025-07-31 02:21:35,418 INFO  [org.apa.kaf.cli.con.int.ConsumerCoordinator] (Thread-233) [Consumer clientId=consumer-Consumer-topic-9e64c8d7_bfea_4aaf_b68f_234b3b5d3f6b-15, groupId=Consumer-topic-9e64c8d7_bfea_4aaf_b68f_234b3b5d3f6b] (Re-)joining group
2025-07-31 02:21:35,420 INFO  [org.apa.kaf.cli.con.int.ConsumerCoordinator] (Thread-233) [Consumer clientId=consumer-Consumer-topic-9e64c8d7_bfea_4aaf_b68f_234b3b5d3f6b-15, groupId=Consumer-topic-9e64c8d7_bfea_4aaf_b68f_234b3b5d3f6b] Successfully joined group with generation Generation{generationId=1, memberId='consumer-Consumer-topic-9e64c8d7_bfea_4aaf_b68f_234b3b5d3f6b-15-54207ac2-f37a-4da4-a0f5-7d2a8fbcb543', protocol='range'}
2025-07-31 02:21:35,420 INFO  [org.apa.kaf.cli.con.int.ConsumerCoordinator] (Thread-233) [Consumer clientId=consumer-Consumer-topic-9e64c8d7_bfea_4aaf_b68f_234b3b5d3f6b-15, groupId=Consumer-topic-9e64c8d7_bfea_4aaf_b68f_234b3b5d3f6b] Finished assignment for group at generation 1: {consumer-Consumer-topic-9e64c8d7_bfea_4aaf_b68f_234b3b5d3f6b-15-54207ac2-f37a-4da4-a0f5-7d2a8fbcb543=Assignment(partitions=[topic-9e64c8d7_bfea_4aaf_b68f_234b3b5d3f6b-0])}
2025-07-31 02:21:35,422 INFO  [org.apa.kaf.cli.con.int.ConsumerCoordinator] (Thread-233) [Consumer clientId=consumer-Consumer-topic-9e64c8d7_bfea_4aaf_b68f_234b3b5d3f6b-15, groupId=Consumer-topic-9e64c8d7_bfea_4aaf_b68f_234b3b5d3f6b] Successfully synced group in generation Generation{generationId=1, memberId='consumer-Consumer-topic-9e64c8d7_bfea_4aaf_b68f_234b3b5d3f6b-15-54207ac2-f37a-4da4-a0f5-7d2a8fbcb543', protocol='range'}
2025-07-31 02:21:35,422 INFO  [org.apa.kaf.cli.con.int.ConsumerCoordinator] (Thread-233) [Consumer clientId=consumer-Consumer-topic-9e64c8d7_bfea_4aaf_b68f_234b3b5d3f6b-15, groupId=Consumer-topic-9e64c8d7_bfea_4aaf_b68f_234b3b5d3f6b] Notifying assignor about the new Assignment(partitions=[topic-9e64c8d7_bfea_4aaf_b68f_234b3b5d3f6b-0])
2025-07-31 02:21:35,422 INFO  [org.apa.kaf.cli.con.int.ConsumerRebalanceListenerInvoker] (Thread-233) [Consumer clientId=consumer-Consumer-topic-9e64c8d7_bfea_4aaf_b68f_234b3b5d3f6b-15, groupId=Consumer-topic-9e64c8d7_bfea_4aaf_b68f_234b3b5d3f6b] Adding newly assigned partitions: topic-9e64c8d7_bfea_4aaf_b68f_234b3b5d3f6b-0
2025-07-31 02:21:35,423 INFO  [org.apa.kaf.cli.con.int.ConsumerCoordinator] (Thread-233) [Consumer clientId=consumer-Consumer-topic-9e64c8d7_bfea_4aaf_b68f_234b3b5d3f6b-15, groupId=Consumer-topic-9e64c8d7_bfea_4aaf_b68f_234b3b5d3f6b] Found no committed offset for partition topic-9e64c8d7_bfea_4aaf_b68f_234b3b5d3f6b-0
2025-07-31 02:21:35,426 INFO  [org.apa.kaf.cli.con.int.SubscriptionState] (Thread-233) [Consumer clientId=consumer-Consumer-topic-9e64c8d7_bfea_4aaf_b68f_234b3b5d3f6b-15, groupId=Consumer-topic-9e64c8d7_bfea_4aaf_b68f_234b3b5d3f6b] Resetting offset for partition topic-9e64c8d7_bfea_4aaf_b68f_234b3b5d3f6b-0 to position FetchPosition{offset=0, offsetEpoch=Optional.empty, currentLeader=LeaderAndEpoch{leader=Optional[localhost:32770 (id: 0 rack: null)], epoch=0}}.
2025-07-31 02:21:35,461 INFO  [io.api.tes.ser.api.KafkaSerdesTester] (Thread-233) topic-9e64c8d7_bfea_4aaf_b68f_234b3b5d3f6b 0 0 {"key11753928495162": "value-0"}
2025-07-31 02:21:35,461 INFO  [io.api.tes.ser.api.KafkaSerdesTester] (Thread-233) topic-9e64c8d7_bfea_4aaf_b68f_234b3b5d3f6b 0 1 {"key11753928495162": "value-1"}
2025-07-31 02:21:35,461 INFO  [io.api.tes.ser.api.KafkaSerdesTester] (Thread-233) topic-9e64c8d7_bfea_4aaf_b68f_234b3b5d3f6b 0 2 {"key11753928495162": "value-2"}
2025-07-31 02:21:35,461 INFO  [io.api.tes.ser.api.KafkaSerdesTester] (Thread-233) topic-9e64c8d7_bfea_4aaf_b68f_234b3b5d3f6b 0 3 {"key11753928495162": "value-3"}
2025-07-31 02:21:35,461 INFO  [io.api.tes.ser.api.KafkaSerdesTester] (Thread-233) topic-9e64c8d7_bfea_4aaf_b68f_234b3b5d3f6b 0 4 {"key11753928495162": "value-4"}
2025-07-31 02:21:35,461 INFO  [io.api.tes.ser.api.KafkaSerdesTester] (Thread-233) topic-9e64c8d7_bfea_4aaf_b68f_234b3b5d3f6b 0 5 {"key11753928495162": "value-5"}
2025-07-31 02:21:35,461 INFO  [io.api.tes.ser.api.KafkaSerdesTester] (Thread-233) topic-9e64c8d7_bfea_4aaf_b68f_234b3b5d3f6b 0 6 {"key11753928495162": "value-6"}
2025-07-31 02:21:35,461 INFO  [io.api.tes.ser.api.KafkaSerdesTester] (Thread-233) topic-9e64c8d7_bfea_4aaf_b68f_234b3b5d3f6b 0 7 {"key11753928495162": "value-7"}
2025-07-31 02:21:35,462 INFO  [io.api.tes.ser.api.KafkaSerdesTester] (Thread-233) topic-9e64c8d7_bfea_4aaf_b68f_234b3b5d3f6b 0 8 {"key11753928495162": "value-8"}
2025-07-31 02:21:35,462 INFO  [io.api.tes.ser.api.KafkaSerdesTester] (Thread-233) topic-9e64c8d7_bfea_4aaf_b68f_234b3b5d3f6b 0 9 {"key11753928495162": "value-9"}
2025-07-31 02:21:35,462 INFO  [io.api.tes.ser.api.KafkaSerdesTester] (Thread-233) Consumed 10 messages
2025-07-31 02:21:35,464 INFO  [org.apa.kaf.cli.con.int.ConsumerRebalanceListenerInvoker] (Thread-233) [Consumer clientId=consumer-Consumer-topic-9e64c8d7_bfea_4aaf_b68f_234b3b5d3f6b-15, groupId=Consumer-topic-9e64c8d7_bfea_4aaf_b68f_234b3b5d3f6b] Revoke previously assigned partitions topic-9e64c8d7_bfea_4aaf_b68f_234b3b5d3f6b-0
2025-07-31 02:21:35,464 INFO  [org.apa.kaf.cli.con.int.ConsumerCoordinator] (Thread-233) [Consumer clientId=consumer-Consumer-topic-9e64c8d7_bfea_4aaf_b68f_234b3b5d3f6b-15, groupId=Consumer-topic-9e64c8d7_bfea_4aaf_b68f_234b3b5d3f6b] Member consumer-Consumer-topic-9e64c8d7_bfea_4aaf_b68f_234b3b5d3f6b-15-54207ac2-f37a-4da4-a0f5-7d2a8fbcb543 sending LeaveGroup request to coordinator localhost:32770 (id: 2147483647 rack: null) due to the consumer is being closed
2025-07-31 02:21:35,464 INFO  [org.apa.kaf.cli.con.int.ConsumerCoordinator] (Thread-233) [Consumer clientId=consumer-Consumer-topic-9e64c8d7_bfea_4aaf_b68f_234b3b5d3f6b-15, groupId=Consumer-topic-9e64c8d7_bfea_4aaf_b68f_234b3b5d3f6b] Resetting generation and member id due to: consumer pro-actively leaving the group
2025-07-31 02:21:35,464 INFO  [org.apa.kaf.cli.con.int.ConsumerCoordinator] (Thread-233) [Consumer clientId=consumer-Consumer-topic-9e64c8d7_bfea_4aaf_b68f_234b3b5d3f6b-15, groupId=Consumer-topic-9e64c8d7_bfea_4aaf_b68f_234b3b5d3f6b] Request joining group due to: consumer pro-actively leaving the group
2025-07-31 02:21:35,964 INFO  [org.apa.kaf.com.met.Metrics] (Thread-233) Metrics scheduler closed
2025-07-31 02:21:35,964 INFO  [org.apa.kaf.com.met.Metrics] (Thread-233) Closing reporter org.apache.kafka.common.metrics.JmxReporter
2025-07-31 02:21:35,964 INFO  [org.apa.kaf.com.met.Metrics] (Thread-233) Closing reporter org.apache.kafka.common.telemetry.internals.ClientTelemetryReporter
2025-07-31 02:21:35,964 INFO  [org.apa.kaf.com.met.Metrics] (Thread-233) Metrics reporters closed
2025-07-31 02:21:35,966 INFO  [org.apa.kaf.com.uti.AppInfoParser] (Thread-233) App info kafka.consumer for consumer-Consumer-topic-9e64c8d7_bfea_4aaf_b68f_234b3b5d3f6b-15 unregistered
2025-07-31 02:21:35,967 INFO  [io.api.tes.uti.TestSeparator] (main) io.apicurio.tests.serdes.apicurio.AvroSerdeIT.testGlobalIdInBody-FINISHED
2025-07-31 02:21:35,967 INFO  [io.api.tes.uti.TestSeparator] (main) ############################################################################
]]></system-out>
  </testcase>
  <testcase name="testProducerUsesGlobalIdConsumerUsesDefault" classname="io.apicurio.tests.serdes.apicurio.AvroSerdeIT" time="0.0">
    <skipped message="void io.apicurio.tests.serdes.apicurio.AvroSerdeIT.testProducerUsesGlobalIdConsumerUsesDefault() throws java.lang.Exception is @Disabled"/>
  </testcase>
</testsuite>