<?xml version="1.0" encoding="UTF-8"?>
<testsuite xmlns:xsi="http://www.w3.org/2001/XMLSchema-instance" xsi:noNamespaceSchemaLocation="https://maven.apache.org/surefire/maven-failsafe-plugin/xsd/failsafe-test-report.xsd" version="3.0.2" name="io.apicurio.tests.serdes.confluent.BasicConfluentSerDesIT" time="6.749" tests="8" errors="1" skipped="0" failures="0">
  <properties>
    <property name="java.specification.version" value="17"/>
    <property name="sun.jnu.encoding" value="UTF-8"/>
    <property name="java.class.path" value="/home/runner/work/apicurio-testing/apicurio-testing/clusters/ci419/namespaces/inmemory/tests/integration/apicurio-registry/integration-tests/target/test-classes:/home/runner/work/apicurio-testing/apicurio-testing/clusters/ci419/namespaces/inmemory/tests/integration/apicurio-registry/integration-tests/target/apicurio-registry-integration-tests-3.0.9.jar:/home/runner/.m2/repository/io/quarkus/quarkus-junit5/3.15.4/quarkus-junit5-3.15.4.jar:/home/runner/.m2/repository/io/quarkus/quarkus-bootstrap-core/3.15.4/quarkus-bootstrap-core-3.15.4.jar:/home/runner/.m2/repository/io/quarkus/quarkus-classloader-commons/3.15.4/quarkus-classloader-commons-3.15.4.jar:/home/runner/.m2/repository/io/quarkus/quarkus-bootstrap-app-model/3.15.4/quarkus-bootstrap-app-model-3.15.4.jar:/home/runner/.m2/repository/io/smallrye/common/smallrye-common-io/2.6.1/smallrye-common-io-2.6.1.jar:/home/runner/.m2/repository/org/eclipse/sisu/org.eclipse.sisu.inject/0.9.0.M3/org.eclipse.sisu.inject-0.9.0.M3.jar:/home/runner/.m2/repository/io/quarkus/quarkus-test-common/3.15.4/quarkus-test-common-3.15.4.jar:/home/runner/.m2/repository/io/quarkus/quarkus-core-deployment/3.15.4/quarkus-core-deployment-3.15.4.jar:/home/runner/.m2/repository/org/aesh/readline/2.6/readline-2.6.jar:/home/runner/.m2/repository/org/fusesource/jansi/jansi/2.4.0/jansi-2.4.0.jar:/home/runner/.m2/repository/org/aesh/aesh/2.8.2/aesh-2.8.2.jar:/home/runner/.m2/repository/io/quarkus/gizmo/gizmo/1.8.0/gizmo-1.8.0.jar:/home/runner/.m2/repository/org/ow2/asm/asm-util/9.7/asm-util-9.7.jar:/home/runner/.m2/repository/org/ow2/asm/asm-analysis/9.7/asm-analysis-9.7.jar:/home/runner/.m2/repository/org/ow2/asm/asm-commons/9.7/asm-commons-9.7.jar:/home/runner/.m2/repository/org/ow2/asm/asm-tree/9.7/asm-tree-9.7.jar:/home/runner/.m2/repository/io/quarkus/quarkus-hibernate-validator-spi/3.15.4/quarkus-hibernate-validator-spi-3.15.4.jar:/home/runner/.m2/repository/io/quarkus/quarkus-class-change-agent/3.15.4/quarkus-class-change-agent-3.15.4.jar:/home/runner/.m2/repository/io/quarkus/quarkus-devtools-utilities/3.15.4/quarkus-devtools-utilities-3.15.4.jar:/home/runner/.m2/repository/io/quarkus/quarkus-builder/3.15.4/quarkus-builder-3.15.4.jar:/home/runner/.m2/repository/org/graalvm/sdk/nativeimage/23.1.2/nativeimage-23.1.2.jar:/home/runner/.m2/repository/org/graalvm/sdk/word/23.1.2/word-23.1.2.jar:/home/runner/.m2/repository/io/quarkus/quarkus-bootstrap-maven-resolver/3.15.4/quarkus-bootstrap-maven-resolver-3.15.4.jar:/home/runner/.m2/repository/io/smallrye/beanbag/smallrye-beanbag-maven/1.5.2/smallrye-beanbag-maven-1.5.2.jar:/home/runner/.m2/repository/io/smallrye/beanbag/smallrye-beanbag-sisu/1.5.2/smallrye-beanbag-sisu-1.5.2.jar:/home/runner/.m2/repository/io/smallrye/beanbag/smallrye-beanbag/1.5.2/smallrye-beanbag-1.5.2.jar:/home/runner/.m2/repository/javax/inject/javax.inject/1/javax.inject-1.jar:/home/runner/.m2/repository/org/apache/maven/maven-artifact/3.9.8/maven-artifact-3.9.8.jar:/home/runner/.m2/repository/org/apache/maven/maven-builder-support/3.9.8/maven-builder-support-3.9.8.jar:/home/runner/.m2/repository/org/apache/maven/maven-model/3.9.8/maven-model-3.9.8.jar:/home/runner/.m2/repository/org/apache/maven/maven-model-builder/3.9.8/maven-model-builder-3.9.8.jar:/home/runner/.m2/repository/org/apache/maven/maven-repository-metadata/3.9.8/maven-repository-metadata-3.9.8.jar:/home/runner/.m2/repository/org/apache/maven/maven-settings/3.9.8/maven-settings-3.9.8.jar:/home/runner/.m2/repository/org/apache/maven/resolver/maven-resolver-api/1.9.22/maven-resolver-api-1.9.22.jar:/home/runner/.m2/repository/org/apache/maven/resolver/maven-resolver-impl/1.9.22/maven-resolver-impl-1.9.22.jar:/home/runner/.m2/repository/org/apache/maven/resolver/maven-resolver-named-locks/1.9.22/maven-resolver-named-locks-1.9.22.jar:/home/runner/.m2/repository/org/apache/maven/resolver/maven-resolver-spi/1.9.22/maven-resolver-spi-1.9.22.jar:/home/runner/.m2/repository/org/apache/maven/resolver/maven-resolver-util/1.9.22/maven-resolver-util-1.9.22.jar:/home/runner/.m2/repository/org/apache/maven/resolver/maven-resolver-transport-http/1.9.20/maven-resolver-transport-http-1.9.20.jar:/home/runner/.m2/repository/org/apache/maven/wagon/wagon-provider-api/3.5.3/wagon-provider-api-3.5.3.jar:/home/runner/.m2/repository/org/apache/maven/wagon/wagon-http-shared/3.5.3/wagon-http-shared-3.5.3.jar:/home/runner/.m2/repository/org/codehaus/plexus/plexus-interpolation/1.26/plexus-interpolation-1.26.jar:/home/runner/.m2/repository/org/codehaus/plexus/plexus-utils/3.5.1/plexus-utils-3.5.1.jar:/home/runner/.m2/repository/org/codehaus/plexus/plexus-xml/4.0.1/plexus-xml-4.0.1.jar:/home/runner/.m2/repository/org/apache/maven/maven-xml-impl/4.0.0-alpha-5/maven-xml-impl-4.0.0-alpha-5.jar:/home/runner/.m2/repository/org/apache/maven/maven-api-xml/4.0.0-alpha-5/maven-api-xml-4.0.0-alpha-5.jar:/home/runner/.m2/repository/org/apache/maven/maven-api-meta/4.0.0-alpha-5/maven-api-meta-4.0.0-alpha-5.jar:/home/runner/.m2/repository/org/codehaus/plexus/plexus-cipher/2.0/plexus-cipher-2.0.jar:/home/runner/.m2/repository/org/codehaus/plexus/plexus-sec-dispatcher/2.0/plexus-sec-dispatcher-2.0.jar:/home/runner/.m2/repository/org/apache/maven/maven-embedder/3.9.8/maven-embedder-3.9.8.jar:/home/runner/.m2/repository/org/apache/maven/maven-core/3.9.8/maven-core-3.9.8.jar:/home/runner/.m2/repository/org/codehaus/plexus/plexus-component-annotations/2.1.0/plexus-component-annotations-2.1.0.jar:/home/runner/.m2/repository/org/apache/maven/maven-plugin-api/3.9.8/maven-plugin-api-3.9.8.jar:/home/runner/.m2/repository/org/apache/maven/shared/maven-shared-utils/3.4.2/maven-shared-utils-3.4.2.jar:/home/runner/.m2/repository/com/google/inject/guice/5.1.0/guice-5.1.0.jar:/home/runner/.m2/repository/aopalliance/aopalliance/1.0/aopalliance-1.0.jar:/home/runner/.m2/repository/javax/annotation/javax.annotation-api/1.3.2/javax.annotation-api-1.3.2.jar:/home/runner/.m2/repository/org/codehaus/plexus/plexus-classworlds/2.6.0/plexus-classworlds-2.6.0.jar:/home/runner/.m2/repository/commons-cli/commons-cli/1.8.0/commons-cli-1.8.0.jar:/home/runner/.m2/repository/org/eclipse/sisu/org.eclipse.sisu.plexus/0.9.0.M3/org.eclipse.sisu.plexus-0.9.0.M3.jar:/home/runner/.m2/repository/org/apache/maven/maven-settings-builder/3.9.8/maven-settings-builder-3.9.8.jar:/home/runner/.m2/repository/org/apache/maven/maven-resolver-provider/3.9.8/maven-resolver-provider-3.9.8.jar:/home/runner/.m2/repository/org/apache/maven/resolver/maven-resolver-connector-basic/1.9.22/maven-resolver-connector-basic-1.9.22.jar:/home/runner/.m2/repository/org/apache/maven/resolver/maven-resolver-transport-wagon/1.9.22/maven-resolver-transport-wagon-1.9.22.jar:/home/runner/.m2/repository/org/apache/maven/wagon/wagon-http/3.5.3/wagon-http-3.5.3.jar:/home/runner/.m2/repository/org/apache/maven/wagon/wagon-file/3.5.3/wagon-file-3.5.3.jar:/home/runner/.m2/repository/io/quarkus/quarkus-bootstrap-gradle-resolver/3.15.4/quarkus-bootstrap-gradle-resolver-3.15.4.jar:/home/runner/.m2/repository/io/smallrye/jandex/3.2.3/jandex-3.2.3.jar:/home/runner/.m2/repository/org/jboss/logging/commons-logging-jboss-logging/1.0.0.Final/commons-logging-jboss-logging-1.0.0.Final.jar:/home/runner/.m2/repository/io/quarkus/quarkus-junit5-properties/3.15.4/quarkus-junit5-properties-3.15.4.jar:/home/runner/.m2/repository/org/junit/jupiter/junit-jupiter/5.10.3/junit-jupiter-5.10.3.jar:/home/runner/.m2/repository/org/junit/jupiter/junit-jupiter-api/5.10.3/junit-jupiter-api-5.10.3.jar:/home/runner/.m2/repository/org/junit/jupiter/junit-jupiter-params/5.10.3/junit-jupiter-params-5.10.3.jar:/home/runner/.m2/repository/org/junit/jupiter/junit-jupiter-engine/5.10.3/junit-jupiter-engine-5.10.3.jar:/home/runner/.m2/repository/io/quarkus/quarkus-core/3.15.4/quarkus-core-3.15.4.jar:/home/runner/.m2/repository/jakarta/enterprise/jakarta.enterprise.cdi-api/4.1.0/jakarta.enterprise.cdi-api-4.1.0.jar:/home/runner/.m2/repository/jakarta/enterprise/jakarta.enterprise.lang-model/4.1.0/jakarta.enterprise.lang-model-4.1.0.jar:/home/runner/.m2/repository/jakarta/el/jakarta.el-api/5.0.1/jakarta.el-api-5.0.1.jar:/home/runner/.m2/repository/jakarta/interceptor/jakarta.interceptor-api/2.2.0/jakarta.interceptor-api-2.2.0.jar:/home/runner/.m2/repository/jakarta/inject/jakarta.inject-api/2.0.1/jakarta.inject-api-2.0.1.jar:/home/runner/.m2/repository/io/smallrye/common/smallrye-common-os/2.6.1/smallrye-common-os-2.6.1.jar:/home/runner/.m2/repository/io/quarkus/quarkus-ide-launcher/3.15.4/quarkus-ide-launcher-3.15.4.jar:/home/runner/.m2/repository/io/quarkus/quarkus-development-mode-spi/3.15.4/quarkus-development-mode-spi-3.15.4.jar:/home/runner/.m2/repository/io/smallrye/config/smallrye-config/3.9.1/smallrye-config-3.9.1.jar:/home/runner/.m2/repository/io/smallrye/config/smallrye-config-core/3.9.1/smallrye-config-core-3.9.1.jar:/home/runner/.m2/repository/io/smallrye/common/smallrye-common-annotation/2.6.1/smallrye-common-annotation-2.6.1.jar:/home/runner/.m2/repository/io/smallrye/common/smallrye-common-classloader/2.6.1/smallrye-common-classloader-2.6.1.jar:/home/runner/.m2/repository/io/smallrye/config/smallrye-config-common/3.9.1/smallrye-config-common-3.9.1.jar:/home/runner/.m2/repository/org/jboss/logging/jboss-logging/3.6.0.Final/jboss-logging-3.6.0.Final.jar:/home/runner/.m2/repository/org/jboss/logmanager/jboss-logmanager/3.1.1.Final/jboss-logmanager-3.1.1.Final.jar:/home/runner/.m2/repository/io/smallrye/common/smallrye-common-constraint/2.6.1/smallrye-common-constraint-2.6.1.jar:/home/runner/.m2/repository/io/smallrye/common/smallrye-common-cpu/2.6.1/smallrye-common-cpu-2.6.1.jar:/home/runner/.m2/repository/io/smallrye/common/smallrye-common-expression/2.6.1/smallrye-common-expression-2.6.1.jar:/home/runner/.m2/repository/io/smallrye/common/smallrye-common-function/2.6.1/smallrye-common-function-2.6.1.jar:/home/runner/.m2/repository/io/smallrye/common/smallrye-common-net/2.6.1/smallrye-common-net-2.6.1.jar:/home/runner/.m2/repository/io/smallrye/common/smallrye-common-ref/2.6.1/smallrye-common-ref-2.6.1.jar:/home/runner/.m2/repository/jakarta/json/jakarta.json-api/2.1.3/jakarta.json-api-2.1.3.jar:/home/runner/.m2/repository/org/eclipse/parsson/parsson/1.1.7/parsson-1.1.7.jar:/home/runner/.m2/repository/org/jboss/logging/jboss-logging-annotations/3.0.1.Final/jboss-logging-annotations-3.0.1.Final.jar:/home/runner/.m2/repository/org/jboss/threads/jboss-threads/3.6.1.Final/jboss-threads-3.6.1.Final.jar:/home/runner/.m2/repository/org/jboss/slf4j/slf4j-jboss-logmanager/2.0.0.Final/slf4j-jboss-logmanager-2.0.0.Final.jar:/home/runner/.m2/repository/org/wildfly/common/wildfly-common/1.7.0.Final/wildfly-common-1.7.0.Final.jar:/home/runner/.m2/repository/io/quarkus/quarkus-bootstrap-runner/3.15.4/quarkus-bootstrap-runner-3.15.4.jar:/home/runner/.m2/repository/io/github/crac/org-crac/0.1.3/org-crac-0.1.3.jar:/home/runner/.m2/repository/io/quarkus/quarkus-fs-util/0.0.10/quarkus-fs-util-0.0.10.jar:/home/runner/.m2/repository/org/jboss/marshalling/jboss-marshalling/2.2.1.Final/jboss-marshalling-2.2.1.Final.jar:/home/runner/.m2/repository/io/fabric8/kubernetes-client/6.13.5/kubernetes-client-6.13.5.jar:/home/runner/.m2/repository/io/fabric8/kubernetes-client-api/6.13.5/kubernetes-client-api-6.13.5.jar:/home/runner/.m2/repository/io/fabric8/kubernetes-model-core/6.13.5/kubernetes-model-core-6.13.5.jar:/home/runner/.m2/repository/io/fabric8/kubernetes-model-common/6.13.5/kubernetes-model-common-6.13.5.jar:/home/runner/.m2/repository/io/fabric8/kubernetes-model-gatewayapi/6.13.5/kubernetes-model-gatewayapi-6.13.5.jar:/home/runner/.m2/repository/io/fabric8/kubernetes-model-resource/6.13.5/kubernetes-model-resource-6.13.5.jar:/home/runner/.m2/repository/io/fabric8/kubernetes-model-rbac/6.13.5/kubernetes-model-rbac-6.13.5.jar:/home/runner/.m2/repository/io/fabric8/kubernetes-model-admissionregistration/6.13.5/kubernetes-model-admissionregistration-6.13.5.jar:/home/runner/.m2/repository/io/fabric8/kubernetes-model-apps/6.13.5/kubernetes-model-apps-6.13.5.jar:/home/runner/.m2/repository/io/fabric8/kubernetes-model-autoscaling/6.13.5/kubernetes-model-autoscaling-6.13.5.jar:/home/runner/.m2/repository/io/fabric8/kubernetes-model-apiextensions/6.13.5/kubernetes-model-apiextensions-6.13.5.jar:/home/runner/.m2/repository/io/fabric8/kubernetes-model-batch/6.13.5/kubernetes-model-batch-6.13.5.jar:/home/runner/.m2/repository/io/fabric8/kubernetes-model-certificates/6.13.5/kubernetes-model-certificates-6.13.5.jar:/home/runner/.m2/repository/io/fabric8/kubernetes-model-coordination/6.13.5/kubernetes-model-coordination-6.13.5.jar:/home/runner/.m2/repository/io/fabric8/kubernetes-model-discovery/6.13.5/kubernetes-model-discovery-6.13.5.jar:/home/runner/.m2/repository/io/fabric8/kubernetes-model-events/6.13.5/kubernetes-model-events-6.13.5.jar:/home/runner/.m2/repository/io/fabric8/kubernetes-model-extensions/6.13.5/kubernetes-model-extensions-6.13.5.jar:/home/runner/.m2/repository/io/fabric8/kubernetes-model-flowcontrol/6.13.5/kubernetes-model-flowcontrol-6.13.5.jar:/home/runner/.m2/repository/io/fabric8/kubernetes-model-networking/6.13.5/kubernetes-model-networking-6.13.5.jar:/home/runner/.m2/repository/io/fabric8/kubernetes-model-metrics/6.13.5/kubernetes-model-metrics-6.13.5.jar:/home/runner/.m2/repository/io/fabric8/kubernetes-model-policy/6.13.5/kubernetes-model-policy-6.13.5.jar:/home/runner/.m2/repository/io/fabric8/kubernetes-model-scheduling/6.13.5/kubernetes-model-scheduling-6.13.5.jar:/home/runner/.m2/repository/io/fabric8/kubernetes-model-storageclass/6.13.5/kubernetes-model-storageclass-6.13.5.jar:/home/runner/.m2/repository/io/fabric8/kubernetes-model-node/6.13.5/kubernetes-model-node-6.13.5.jar:/home/runner/.m2/repository/org/snakeyaml/snakeyaml-engine/2.7/snakeyaml-engine-2.7.jar:/home/runner/.m2/repository/com/fasterxml/jackson/dataformat/jackson-dataformat-yaml/2.15.2/jackson-dataformat-yaml-2.15.2.jar:/home/runner/.m2/repository/com/fasterxml/jackson/datatype/jackson-datatype-jsr310/2.17.2/jackson-datatype-jsr310-2.17.2.jar:/home/runner/.m2/repository/io/fabric8/zjsonpatch/0.3.0/zjsonpatch-0.3.0.jar:/home/runner/.m2/repository/io/fabric8/kubernetes-httpclient-vertx/6.13.5/kubernetes-httpclient-vertx-6.13.5.jar:/home/runner/.m2/repository/io/vertx/vertx-web-client/4.5.13/vertx-web-client-4.5.13.jar:/home/runner/.m2/repository/io/vertx/vertx-web-common/4.5.13/vertx-web-common-4.5.13.jar:/home/runner/.m2/repository/io/vertx/vertx-auth-common/4.5.13/vertx-auth-common-4.5.13.jar:/home/runner/.m2/repository/io/vertx/vertx-uri-template/4.5.13/vertx-uri-template-4.5.13.jar:/home/runner/.m2/repository/io/fabric8/openshift-client/6.13.5/openshift-client-6.13.5.jar:/home/runner/.m2/repository/io/fabric8/openshift-client-api/6.13.5/openshift-client-api-6.13.5.jar:/home/runner/.m2/repository/io/fabric8/openshift-model/6.13.5/openshift-model-6.13.5.jar:/home/runner/.m2/repository/io/fabric8/openshift-model-clusterautoscaling/6.13.5/openshift-model-clusterautoscaling-6.13.5.jar:/home/runner/.m2/repository/io/fabric8/openshift-model-operator/6.13.5/openshift-model-operator-6.13.5.jar:/home/runner/.m2/repository/io/fabric8/openshift-model-operatorhub/6.13.5/openshift-model-operatorhub-6.13.5.jar:/home/runner/.m2/repository/io/fabric8/openshift-model-machine/6.13.5/openshift-model-machine-6.13.5.jar:/home/runner/.m2/repository/io/fabric8/openshift-model-whereabouts/6.13.5/openshift-model-whereabouts-6.13.5.jar:/home/runner/.m2/repository/io/fabric8/openshift-model-monitoring/6.13.5/openshift-model-monitoring-6.13.5.jar:/home/runner/.m2/repository/io/fabric8/openshift-model-storageversionmigrator/6.13.5/openshift-model-storageversionmigrator-6.13.5.jar:/home/runner/.m2/repository/io/fabric8/openshift-model-tuned/6.13.5/openshift-model-tuned-6.13.5.jar:/home/runner/.m2/repository/io/fabric8/openshift-model-console/6.13.5/openshift-model-console-6.13.5.jar:/home/runner/.m2/repository/io/fabric8/openshift-model-config/6.13.5/openshift-model-config-6.13.5.jar:/home/runner/.m2/repository/io/fabric8/openshift-model-machineconfig/6.13.5/openshift-model-machineconfig-6.13.5.jar:/home/runner/.m2/repository/io/fabric8/openshift-model-miscellaneous/6.13.5/openshift-model-miscellaneous-6.13.5.jar:/home/runner/.m2/repository/io/fabric8/openshift-model-hive/6.13.5/openshift-model-hive-6.13.5.jar:/home/runner/.m2/repository/io/fabric8/openshift-model-installer/6.13.5/openshift-model-installer-6.13.5.jar:/home/runner/.m2/repository/com/github/mifmif/generex/1.0.2/generex-1.0.2.jar:/home/runner/.m2/repository/dk/brics/automaton/automaton/1.11-8/automaton-1.11-8.jar:/home/runner/.m2/repository/org/junit/platform/junit-platform-launcher/1.10.3/junit-platform-launcher-1.10.3.jar:/home/runner/.m2/repository/org/junit/platform/junit-platform-engine/1.10.3/junit-platform-engine-1.10.3.jar:/home/runner/.m2/repository/org/opentest4j/opentest4j/1.3.0/opentest4j-1.3.0.jar:/home/runner/.m2/repository/org/junit/platform/junit-platform-commons/1.10.3/junit-platform-commons-1.10.3.jar:/home/runner/.m2/repository/org/apiguardian/apiguardian-api/1.1.2/apiguardian-api-1.1.2.jar:/home/runner/.m2/repository/jakarta/ws/rs/jakarta.ws.rs-api/3.1.0/jakarta.ws.rs-api-3.1.0.jar:/home/runner/work/apicurio-testing/apicurio-testing/clusters/ci419/namespaces/inmemory/tests/integration/apicurio-registry/java-sdk/target/apicurio-registry-java-sdk-3.0.9.jar:/home/runner/.m2/repository/com/microsoft/kiota/microsoft-kiota-abstractions/1.8.4/microsoft-kiota-abstractions-1.8.4.jar:/home/runner/.m2/repository/io/github/std-uritemplate/std-uritemplate/2.0.0/std-uritemplate-2.0.0.jar:/home/runner/.m2/repository/io/kiota/kiota-http-jdk/0.0.21/kiota-http-jdk-0.0.21.jar:/home/runner/.m2/repository/io/kiota/kiota-http-vertx/0.0.21/kiota-http-vertx-0.0.21.jar:/home/runner/.m2/repository/io/kiota/kiota-serialization-jackson/0.0.21/kiota-serialization-jackson-0.0.21.jar:/home/runner/.m2/repository/com/microsoft/kiota/microsoft-kiota-serialization-text/1.8.4/microsoft-kiota-serialization-text-1.8.4.jar:/home/runner/.m2/repository/com/microsoft/kiota/microsoft-kiota-serialization-form/1.8.4/microsoft-kiota-serialization-form-1.8.4.jar:/home/runner/.m2/repository/com/microsoft/kiota/microsoft-kiota-serialization-multipart/1.8.4/microsoft-kiota-serialization-multipart-1.8.4.jar:/home/runner/.m2/repository/jakarta/annotation/jakarta.annotation-api/3.0.0/jakarta.annotation-api-3.0.0.jar:/home/runner/.m2/repository/io/vertx/vertx-auth-oauth2/4.5.13/vertx-auth-oauth2-4.5.13.jar:/home/runner/work/apicurio-testing/apicurio-testing/clusters/ci419/namespaces/inmemory/tests/integration/apicurio-registry/java-sdk-v2/target/apicurio-registry-v2-java-sdk-3.0.9.jar:/home/runner/work/apicurio-testing/apicurio-testing/clusters/ci419/namespaces/inmemory/tests/integration/apicurio-registry/utils/kafka/target/apicurio-registry-utils-kafka-3.0.9-tests.jar:/home/runner/.m2/repository/org/eclipse/microprofile/config/microprofile-config-api/3.1/microprofile-config-api-3.1.jar:/home/runner/.m2/repository/org/apache/kafka/kafka-clients/3.9.0/kafka-clients-3.9.0.jar:/home/runner/.m2/repository/com/github/luben/zstd-jni/1.5.6-4/zstd-jni-1.5.6-4.jar:/home/runner/.m2/repository/org/lz4/lz4-java/1.8.0/lz4-java-1.8.0.jar:/home/runner/.m2/repository/org/xerial/snappy/snappy-java/1.1.10.5/snappy-java-1.1.10.5.jar:/home/runner/.m2/repository/org/slf4j/slf4j-api/2.0.6/slf4j-api-2.0.6.jar:/home/runner/work/apicurio-testing/apicurio-testing/clusters/ci419/namespaces/inmemory/tests/integration/apicurio-registry/utils/tests/target/apicurio-registry-utils-tests-3.0.9.jar:/home/runner/work/apicurio-testing/apicurio-testing/clusters/ci419/namespaces/inmemory/tests/integration/apicurio-registry/common/target/apicurio-registry-common-3.0.9.jar:/home/runner/.m2/repository/jakarta/validation/jakarta.validation-api/3.0.2/jakarta.validation-api-3.0.2.jar:/home/runner/.m2/repository/com/github/dasniko/testcontainers-keycloak/3.6.0/testcontainers-keycloak-3.6.0.jar:/home/runner/.m2/repository/org/testcontainers/testcontainers/1.20.1/testcontainers-1.20.1.jar:/home/runner/.m2/repository/org/rnorth/duct-tape/duct-tape/1.0.8/duct-tape-1.0.8.jar:/home/runner/.m2/repository/org/jetbrains/annotations/24.1.0/annotations-24.1.0.jar:/home/runner/.m2/repository/com/github/docker-java/docker-java-transport-zerodep/3.4.0/docker-java-transport-zerodep-3.4.0.jar:/home/runner/.m2/repository/com/github/docker-java/docker-java-transport/3.4.0/docker-java-transport-3.4.0.jar:/home/runner/.m2/repository/net/java/dev/jna/jna/5.8.0/jna-5.8.0.jar:/home/runner/.m2/repository/io/quarkus/quarkus-junit4-mock/3.15.4/quarkus-junit4-mock-3.15.4.jar:/home/runner/.m2/repository/org/jboss/shrinkwrap/shrinkwrap-api/2.0.0-beta-2/shrinkwrap-api-2.0.0-beta-2.jar:/home/runner/.m2/repository/org/jboss/shrinkwrap/shrinkwrap-impl-base/2.0.0-beta-2/shrinkwrap-impl-base-2.0.0-beta-2.jar:/home/runner/.m2/repository/org/jboss/shrinkwrap/shrinkwrap-spi/2.0.0-beta-2/shrinkwrap-spi-2.0.0-beta-2.jar:/home/runner/.m2/repository/org/keycloak/keycloak-admin-client/25.0.6/keycloak-admin-client-25.0.6.jar:/home/runner/.m2/repository/org/keycloak/keycloak-core/25.0.6/keycloak-core-25.0.6.jar:/home/runner/.m2/repository/org/keycloak/keycloak-common/25.0.6/keycloak-common-25.0.6.jar:/home/runner/.m2/repository/org/jboss/resteasy/resteasy-client/6.2.9.Final/resteasy-client-6.2.9.Final.jar:/home/runner/.m2/repository/org/jboss/resteasy/resteasy-client-api/6.2.9.Final/resteasy-client-api-6.2.9.Final.jar:/home/runner/.m2/repository/org/jboss/resteasy/resteasy-core-spi/6.2.9.Final/resteasy-core-spi-6.2.9.Final.jar:/home/runner/.m2/repository/org/jboss/resteasy/resteasy-core/6.2.9.Final/resteasy-core-6.2.9.Final.jar:/home/runner/.m2/repository/org/eclipse/angus/angus-activation/2.0.2/angus-activation-2.0.2.jar:/home/runner/.m2/repository/com/ibm/async/asyncutil/0.1.0/asyncutil-0.1.0.jar:/home/runner/.m2/repository/org/reactivestreams/reactive-streams/1.0.4/reactive-streams-1.0.4.jar:/home/runner/.m2/repository/org/jboss/resteasy/resteasy-multipart-provider/6.2.9.Final/resteasy-multipart-provider-6.2.9.Final.jar:/home/runner/.m2/repository/jakarta/mail/jakarta.mail-api/2.1.2/jakarta.mail-api-2.1.2.jar:/home/runner/.m2/repository/org/eclipse/angus/angus-mail/2.0.3/angus-mail-2.0.3.jar:/home/runner/.m2/repository/org/apache/james/apache-mime4j-dom/0.8.11/apache-mime4j-dom-0.8.11.jar:/home/runner/.m2/repository/org/apache/james/apache-mime4j-core/0.8.11/apache-mime4j-core-0.8.11.jar:/home/runner/.m2/repository/org/apache/james/apache-mime4j-storage/0.8.11/apache-mime4j-storage-0.8.11.jar:/home/runner/.m2/repository/org/jboss/resteasy/resteasy-jackson2-provider/6.2.9.Final/resteasy-jackson2-provider-6.2.9.Final.jar:/home/runner/.m2/repository/com/fasterxml/jackson/jakarta/rs/jackson-jakarta-rs-base/2.17.2/jackson-jakarta-rs-base-2.17.2.jar:/home/runner/.m2/repository/com/fasterxml/jackson/jakarta/rs/jackson-jakarta-rs-json-provider/2.17.2/jackson-jakarta-rs-json-provider-2.17.2.jar:/home/runner/.m2/repository/com/fasterxml/jackson/module/jackson-module-jakarta-xmlbind-annotations/2.17.2/jackson-module-jakarta-xmlbind-annotations-2.17.2.jar:/home/runner/.m2/repository/com/github/java-json-tools/json-patch/1.13/json-patch-1.13.jar:/home/runner/.m2/repository/com/github/java-json-tools/msg-simple/1.2/msg-simple-1.2.jar:/home/runner/.m2/repository/com/github/java-json-tools/btf/1.3/btf-1.3.jar:/home/runner/.m2/repository/com/github/java-json-tools/jackson-coreutils/2.0/jackson-coreutils-2.0.jar:/home/runner/.m2/repository/org/jboss/resteasy/resteasy-jaxb-provider/6.2.9.Final/resteasy-jaxb-provider-6.2.9.Final.jar:/home/runner/.m2/repository/org/glassfish/jaxb/codemodel/4.0.3/codemodel-4.0.3.jar:/home/runner/.m2/repository/org/glassfish/jaxb/jaxb-core/4.0.5/jaxb-core-4.0.5.jar:/home/runner/.m2/repository/org/glassfish/jaxb/jaxb-jxc/4.0.3/jaxb-jxc-4.0.3.jar:/home/runner/.m2/repository/org/glassfish/jaxb/jaxb-runtime/4.0.5/jaxb-runtime-4.0.5.jar:/home/runner/.m2/repository/org/glassfish/jaxb/txw2/4.0.5/txw2-4.0.5.jar:/home/runner/.m2/repository/org/glassfish/jaxb/jaxb-xjc/4.0.3/jaxb-xjc-4.0.3.jar:/home/runner/.m2/repository/org/glassfish/jaxb/xsom/4.0.3/xsom-4.0.3.jar:/home/runner/.m2/repository/com/sun/istack/istack-commons-runtime/4.1.2/istack-commons-runtime-4.1.2.jar:/home/runner/.m2/repository/com/sun/istack/istack-commons-tools/4.1.2/istack-commons-tools-4.1.2.jar:/home/runner/.m2/repository/com/sun/xml/bind/external/relaxng-datatype/4.0.3/relaxng-datatype-4.0.3.jar:/home/runner/.m2/repository/com/sun/xml/bind/external/rngom/4.0.3/rngom-4.0.3.jar:/home/runner/.m2/repository/org/testcontainers/mssqlserver/1.20.1/mssqlserver-1.20.1.jar:/home/runner/.m2/repository/org/testcontainers/jdbc/1.20.1/jdbc-1.20.1.jar:/home/runner/.m2/repository/org/testcontainers/database-commons/1.20.1/database-commons-1.20.1.jar:/home/runner/.m2/repository/org/testcontainers/mysql/1.20.1/mysql-1.20.1.jar:/home/runner/.m2/repository/io/strimzi/strimzi-test-container/0.107.0/strimzi-test-container-0.107.0.jar:/home/runner/.m2/repository/org/testcontainers/toxiproxy/1.20.1/toxiproxy-1.20.1.jar:/home/runner/.m2/repository/com/github/docker-java/docker-java-api/3.4.0/docker-java-api-3.4.0.jar:/home/runner/.m2/repository/eu/rekawek/toxiproxy/toxiproxy-java/2.1.7/toxiproxy-java-2.1.7.jar:/home/runner/.m2/repository/junit/junit/4.13.2/junit-4.13.2.jar:/home/runner/.m2/repository/org/hamcrest/hamcrest-core/1.3/hamcrest-core-1.3.jar:/home/runner/.m2/repository/org/testcontainers/pulsar/1.20.4/pulsar-1.20.4.jar:/home/runner/.m2/repository/io/debezium/debezium-testing-testcontainers/2.6.2.Final/debezium-testing-testcontainers-2.6.2.Final.jar:/home/runner/.m2/repository/org/testcontainers/kafka/1.20.1/kafka-1.20.1.jar:/home/runner/.m2/repository/com/squareup/okhttp3/okhttp/4.8.1/okhttp-4.8.1.jar:/home/runner/.m2/repository/com/squareup/okio/okio/3.10.2/okio-3.10.2.jar:/home/runner/.m2/repository/com/squareup/okio/okio-jvm/3.10.2/okio-jvm-3.10.2.jar:/home/runner/.m2/repository/org/jetbrains/kotlin/kotlin-stdlib/2.0.10/kotlin-stdlib-2.0.10.jar:/home/runner/.m2/repository/org/awaitility/awaitility/4.2.2/awaitility-4.2.2.jar:/home/runner/.m2/repository/org/testcontainers/mongodb/1.20.1/mongodb-1.20.1.jar:/home/runner/.m2/repository/org/testcontainers/oracle-xe/1.20.1/oracle-xe-1.20.1.jar:/home/runner/.m2/repository/org/testcontainers/postgresql/1.20.1/postgresql-1.20.1.jar:/home/runner/.m2/repository/org/wiremock/wiremock/3.0.1/wiremock-3.0.1.jar:/home/runner/.m2/repository/org/eclipse/jetty/jetty-server/11.0.15/jetty-server-11.0.15.jar:/home/runner/.m2/repository/org/eclipse/jetty/toolchain/jetty-jakarta-servlet-api/5.0.2/jetty-jakarta-servlet-api-5.0.2.jar:/home/runner/.m2/repository/org/eclipse/jetty/jetty-http/11.0.15/jetty-http-11.0.15.jar:/home/runner/.m2/repository/org/eclipse/jetty/jetty-io/11.0.15/jetty-io-11.0.15.jar:/home/runner/.m2/repository/org/eclipse/jetty/jetty-servlet/11.0.15/jetty-servlet-11.0.15.jar:/home/runner/.m2/repository/org/eclipse/jetty/jetty-security/11.0.15/jetty-security-11.0.15.jar:/home/runner/.m2/repository/org/eclipse/jetty/jetty-servlets/11.0.15/jetty-servlets-11.0.15.jar:/home/runner/.m2/repository/org/eclipse/jetty/jetty-util/11.0.15/jetty-util-11.0.15.jar:/home/runner/.m2/repository/org/eclipse/jetty/jetty-webapp/11.0.15/jetty-webapp-11.0.15.jar:/home/runner/.m2/repository/org/eclipse/jetty/jetty-xml/11.0.15/jetty-xml-11.0.15.jar:/home/runner/.m2/repository/org/eclipse/jetty/jetty-proxy/11.0.15/jetty-proxy-11.0.15.jar:/home/runner/.m2/repository/org/eclipse/jetty/jetty-client/11.0.15/jetty-client-11.0.15.jar:/home/runner/.m2/repository/org/eclipse/jetty/http2/http2-server/11.0.15/http2-server-11.0.15.jar:/home/runner/.m2/repository/org/eclipse/jetty/http2/http2-common/11.0.15/http2-common-11.0.15.jar:/home/runner/.m2/repository/org/eclipse/jetty/http2/http2-hpack/11.0.15/http2-hpack-11.0.15.jar:/home/runner/.m2/repository/org/eclipse/jetty/jetty-alpn-server/11.0.15/jetty-alpn-server-11.0.15.jar:/home/runner/.m2/repository/org/eclipse/jetty/jetty-alpn-java-server/11.0.15/jetty-alpn-java-server-11.0.15.jar:/home/runner/.m2/repository/org/eclipse/jetty/jetty-alpn-java-client/11.0.15/jetty-alpn-java-client-11.0.15.jar:/home/runner/.m2/repository/org/eclipse/jetty/jetty-alpn-client/11.0.15/jetty-alpn-client-11.0.15.jar:/home/runner/.m2/repository/org/apache/httpcomponents/client5/httpclient5/5.2.1/httpclient5-5.2.1.jar:/home/runner/.m2/repository/org/apache/httpcomponents/core5/httpcore5/5.2/httpcore5-5.2.jar:/home/runner/.m2/repository/org/apache/httpcomponents/core5/httpcore5-h2/5.2/httpcore5-h2-5.2.jar:/home/runner/.m2/repository/org/xmlunit/xmlunit-core/2.9.1/xmlunit-core-2.9.1.jar:/home/runner/.m2/repository/jakarta/xml/bind/jakarta.xml.bind-api/4.0.2/jakarta.xml.bind-api-4.0.2.jar:/home/runner/.m2/repository/jakarta/activation/jakarta.activation-api/2.1.3/jakarta.activation-api-2.1.3.jar:/home/runner/.m2/repository/org/xmlunit/xmlunit-legacy/2.9.1/xmlunit-legacy-2.9.1.jar:/home/runner/.m2/repository/org/xmlunit/xmlunit-placeholders/2.9.1/xmlunit-placeholders-2.9.1.jar:/home/runner/.m2/repository/net/javacrumbs/json-unit/json-unit-core/2.38.0/json-unit-core-2.38.0.jar:/home/runner/.m2/repository/com/jayway/jsonpath/json-path/2.8.0/json-path-2.8.0.jar:/home/runner/.m2/repository/net/minidev/json-smart/2.4.10/json-smart-2.4.10.jar:/home/runner/.m2/repository/net/minidev/accessors-smart/2.4.9/accessors-smart-2.4.9.jar:/home/runner/.m2/repository/org/ow2/asm/asm/9.7/asm-9.7.jar:/home/runner/.m2/repository/net/sf/jopt-simple/jopt-simple/5.0.4/jopt-simple-5.0.4.jar:/home/runner/.m2/repository/com/github/jknack/handlebars/4.3.1/handlebars-4.3.1.jar:/home/runner/.m2/repository/com/github/jknack/handlebars-helpers/4.3.1/handlebars-helpers-4.3.1.jar:/home/runner/.m2/repository/commons-fileupload/commons-fileupload/1.5/commons-fileupload-1.5.jar:/home/runner/.m2/repository/com/networknt/json-schema-validator/1.5.5/json-schema-validator-1.5.5.jar:/home/runner/.m2/repository/com/ethlo/time/itu/1.10.3/itu-1.10.3.jar:/home/runner/.m2/repository/io/quarkus/quarkus-smallrye-jwt-build/3.15.4/quarkus-smallrye-jwt-build-3.15.4.jar:/home/runner/.m2/repository/io/smallrye/smallrye-jwt-build/4.5.3/smallrye-jwt-build-4.5.3.jar:/home/runner/.m2/repository/org/eclipse/microprofile/jwt/microprofile-jwt-auth-api/2.1/microprofile-jwt-auth-api-2.1.jar:/home/runner/.m2/repository/org/bitbucket/b_c/jose4j/0.9.6/jose4j-0.9.6.jar:/home/runner/.m2/repository/io/smallrye/smallrye-jwt-common/4.5.3/smallrye-jwt-common-4.5.3.jar:/home/runner/.m2/repository/io/quarkus/quarkus-jsonp/3.15.4/quarkus-jsonp-3.15.4.jar:/home/runner/.m2/repository/io/quarkus/quarkus-arc/3.15.4/quarkus-arc-3.15.4.jar:/home/runner/.m2/repository/io/quarkus/arc/arc/3.15.4/arc-3.15.4.jar:/home/runner/.m2/repository/jakarta/transaction/jakarta.transaction-api/2.0.1/jakarta.transaction-api-2.0.1.jar:/home/runner/.m2/repository/io/smallrye/reactive/mutiny/2.6.2/mutiny-2.6.2.jar:/home/runner/.m2/repository/org/jctools/jctools-core/4.0.5/jctools-core-4.0.5.jar:/home/runner/.m2/repository/org/eclipse/microprofile/context-propagation/microprofile-context-propagation-api/1.3/microprofile-context-propagation-api-1.3.jar:/home/runner/.m2/repository/io/apicurio/apicurio-common-rest-client-common/0.1.18.Final/apicurio-common-rest-client-common-0.1.18.Final.jar:/home/runner/work/apicurio-testing/apicurio-testing/clusters/ci419/namespaces/inmemory/tests/integration/apicurio-registry/utils/maven-plugin/target/apicurio-registry-maven-plugin-3.0.9.jar:/home/runner/.m2/repository/com/fasterxml/jackson/core/jackson-databind/2.17.2/jackson-databind-2.17.2.jar:/home/runner/.m2/repository/org/apache/avro/avro/1.12.0/avro-1.12.0.jar:/home/runner/.m2/repository/com/google/protobuf/protobuf-java/3.25.8/protobuf-java-3.25.8.jar:/home/runner/.m2/repository/com/google/protobuf/protobuf-java-util/3.25.8/protobuf-java-util-3.25.8.jar:/home/runner/.m2/repository/com/google/code/findbugs/jsr305/3.0.2/jsr305-3.0.2.jar:/home/runner/.m2/repository/com/google/code/gson/gson/2.11.0/gson-2.11.0.jar:/home/runner/.m2/repository/com/google/errorprone/error_prone_annotations/2.30.0/error_prone_annotations-2.30.0.jar:/home/runner/.m2/repository/com/google/j2objc/j2objc-annotations/2.8/j2objc-annotations-2.8.jar:/home/runner/work/apicurio-testing/apicurio-testing/clusters/ci419/namespaces/inmemory/tests/integration/apicurio-registry/schema-util/util-provider/target/apicurio-registry-schema-util-provider-3.0.9.jar:/home/runner/work/apicurio-testing/apicurio-testing/clusters/ci419/namespaces/inmemory/tests/integration/apicurio-registry/schema-util/common/target/apicurio-registry-schema-util-common-3.0.9.jar:/home/runner/.m2/repository/com/fasterxml/jackson/module/jackson-module-parameter-names/2.17.2/jackson-module-parameter-names-2.17.2.jar:/home/runner/.m2/repository/com/fasterxml/jackson/datatype/jackson-datatype-json-org/2.18.2/jackson-datatype-json-org-2.18.2.jar:/home/runner/work/apicurio-testing/apicurio-testing/clusters/ci419/namespaces/inmemory/tests/integration/apicurio-registry/schema-util/json/target/apicurio-registry-schema-util-json-3.0.9.jar:/home/runner/.m2/repository/com/github/erosb/everit-json-schema/1.14.5/everit-json-schema-1.14.5.jar:/home/runner/.m2/repository/commons-validator/commons-validator/1.9.0/commons-validator-1.9.0.jar:/home/runner/.m2/repository/commons-digester/commons-digester/2.1/commons-digester-2.1.jar:/home/runner/.m2/repository/commons-collections/commons-collections/3.2.2/commons-collections-3.2.2.jar:/home/runner/.m2/repository/com/damnhandy/handy-uri-templates/2.1.8/handy-uri-templates-2.1.8.jar:/home/runner/.m2/repository/joda-time/joda-time/2.10.2/joda-time-2.10.2.jar:/home/runner/.m2/repository/com/github/erosb/json-sKema/0.20.0/json-sKema-0.20.0.jar:/home/runner/.m2/repository/io/vertx/vertx-json-schema/4.5.13/vertx-json-schema-4.5.13.jar:/home/runner/work/apicurio-testing/apicurio-testing/clusters/ci419/namespaces/inmemory/tests/integration/apicurio-registry/schema-util/protobuf/target/apicurio-registry-schema-util-protobuf-3.0.9.jar:/home/runner/work/apicurio-testing/apicurio-testing/clusters/ci419/namespaces/inmemory/tests/integration/apicurio-registry/utils/protobuf-schema-utilities/target/apicurio-registry-protobuf-schema-utilities-3.0.9.jar:/home/runner/.m2/repository/com/google/api/grpc/proto-google-common-protos/2.52.0/proto-google-common-protos-2.52.0.jar:/home/runner/.m2/repository/com/squareup/wire/wire-schema-jvm/5.1.0/wire-schema-jvm-5.1.0.jar:/home/runner/.m2/repository/com/squareup/javapoet/1.13.0/javapoet-1.13.0.jar:/home/runner/.m2/repository/com/squareup/kotlinpoet-jvm/1.18.1/kotlinpoet-jvm-1.18.1.jar:/home/runner/.m2/repository/org/jetbrains/kotlin/kotlin-reflect/2.0.10/kotlin-reflect-2.0.10.jar:/home/runner/.m2/repository/com/squareup/wire/wire-runtime-jvm/5.1.0/wire-runtime-jvm-5.1.0.jar:/home/runner/.m2/repository/com/ibm/icu/icu4j/76.1/icu4j-76.1.jar:/home/runner/.m2/repository/com/squareup/okio/okio-fakefilesystem/3.10.2/okio-fakefilesystem-3.10.2.jar:/home/runner/.m2/repository/com/squareup/okio/okio-fakefilesystem-jvm/3.10.2/okio-fakefilesystem-jvm-3.10.2.jar:/home/runner/.m2/repository/org/jetbrains/kotlinx/kotlinx-datetime-jvm/0.6.1/kotlinx-datetime-jvm-0.6.1.jar:/home/runner/work/apicurio-testing/apicurio-testing/clusters/ci419/namespaces/inmemory/tests/integration/apicurio-registry/schema-util/asyncapi/target/apicurio-registry-schema-util-asyncapi-3.0.9.jar:/home/runner/work/apicurio-testing/apicurio-testing/clusters/ci419/namespaces/inmemory/tests/integration/apicurio-registry/schema-util/avro/target/apicurio-registry-schema-util-avro-3.0.9.jar:/home/runner/work/apicurio-testing/apicurio-testing/clusters/ci419/namespaces/inmemory/tests/integration/apicurio-registry/schema-util/graphql/target/apicurio-registry-schema-util-graphql-3.0.9.jar:/home/runner/.m2/repository/com/graphql-java/graphql-java/22.3/graphql-java-22.3.jar:/home/runner/.m2/repository/com/graphql-java/java-dataloader/3.3.0/java-dataloader-3.3.0.jar:/home/runner/work/apicurio-testing/apicurio-testing/clusters/ci419/namespaces/inmemory/tests/integration/apicurio-registry/schema-util/kconnect/target/apicurio-registry-schema-util-kconnect-3.0.9.jar:/home/runner/work/apicurio-testing/apicurio-testing/clusters/ci419/namespaces/inmemory/tests/integration/apicurio-registry/schema-util/openapi/target/apicurio-registry-schema-util-openapi-3.0.9.jar:/home/runner/.m2/repository/io/apicurio/apicurio-data-models/2.2.1/apicurio-data-models-2.2.1.jar:/home/runner/.m2/repository/org/openapitools/openapidiff/openapi-diff-core/2.0.1/openapi-diff-core-2.0.1.jar:/home/runner/.m2/repository/io/swagger/parser/v3/swagger-parser/2.0.28/swagger-parser-2.0.28.jar:/home/runner/.m2/repository/io/swagger/parser/v3/swagger-parser-v2-converter/2.0.28/swagger-parser-v2-converter-2.0.28.jar:/home/runner/.m2/repository/io/swagger/swagger-core/1.6.3/swagger-core-1.6.3.jar:/home/runner/.m2/repository/io/swagger/swagger-models/1.6.3/swagger-models-1.6.3.jar:/home/runner/.m2/repository/io/swagger/swagger-annotations/1.6.3/swagger-annotations-1.6.3.jar:/home/runner/.m2/repository/io/swagger/swagger-parser/1.0.56/swagger-parser-1.0.56.jar:/home/runner/.m2/repository/io/swagger/swagger-compat-spec-parser/1.0.56/swagger-compat-spec-parser-1.0.56.jar:/home/runner/.m2/repository/com/github/java-json-tools/json-schema-validator/2.2.14/json-schema-validator-2.2.14.jar:/home/runner/.m2/repository/com/github/java-json-tools/jackson-coreutils-equivalence/1.0/jackson-coreutils-equivalence-1.0.jar:/home/runner/.m2/repository/com/github/java-json-tools/json-schema-core/1.2.14/json-schema-core-1.2.14.jar:/home/runner/.m2/repository/com/github/java-json-tools/uri-template/0.10/uri-template-0.10.jar:/home/runner/.m2/repository/com/sun/mail/mailapi/1.6.2/mailapi-1.6.2.jar:/home/runner/.m2/repository/com/googlecode/libphonenumber/libphonenumber/8.11.1/libphonenumber-8.11.1.jar:/home/runner/.m2/repository/com/j2html/j2html/1.5.0/j2html-1.5.0.jar:/home/runner/.m2/repository/org/apache/commons/commons-collections4/4.4/commons-collections4-4.4.jar:/home/runner/.m2/repository/commons-httpclient/commons-httpclient/3.1/commons-httpclient-3.1.jar:/home/runner/.m2/repository/io/swagger/parser/v3/swagger-parser-v3/2.1.25/swagger-parser-v3-2.1.25.jar:/home/runner/.m2/repository/io/swagger/core/v3/swagger-models/2.2.28/swagger-models-2.2.28.jar:/home/runner/.m2/repository/io/swagger/core/v3/swagger-core/2.2.28/swagger-core-2.2.28.jar:/home/runner/.m2/repository/io/swagger/parser/v3/swagger-parser-core/2.1.25/swagger-parser-core-2.1.25.jar:/home/runner/.m2/repository/io/swagger/parser/v3/swagger-parser-safe-url-resolver/2.1.25/swagger-parser-safe-url-resolver-2.1.25.jar:/home/runner/work/apicurio-testing/apicurio-testing/clusters/ci419/namespaces/inmemory/tests/integration/apicurio-registry/schema-util/wsdl/target/apicurio-registry-schema-util-wsdl-3.0.9.jar:/home/runner/.m2/repository/wsdl4j/wsdl4j/1.6.3/wsdl4j-1.6.3.jar:/home/runner/work/apicurio-testing/apicurio-testing/clusters/ci419/namespaces/inmemory/tests/integration/apicurio-registry/schema-util/xml/target/apicurio-registry-schema-util-xml-3.0.9.jar:/home/runner/.m2/repository/org/apache/santuario/xmlsec/4.0.3/xmlsec-4.0.3.jar:/home/runner/.m2/repository/com/fasterxml/woodstox/woodstox-core/7.1.0/woodstox-core-7.1.0.jar:/home/runner/.m2/repository/org/codehaus/woodstox/stax2-api/4.2.2/stax2-api-4.2.2.jar:/home/runner/work/apicurio-testing/apicurio-testing/clusters/ci419/namespaces/inmemory/tests/integration/apicurio-registry/schema-util/xsd/target/apicurio-registry-schema-util-xsd-3.0.9.jar:/home/runner/work/apicurio-testing/apicurio-testing/clusters/ci419/namespaces/inmemory/tests/integration/apicurio-registry/serdes/kafka/jsonschema-serde/target/apicurio-registry-jsonschema-serde-kafka-3.0.9.jar:/home/runner/work/apicurio-testing/apicurio-testing/clusters/ci419/namespaces/inmemory/tests/integration/apicurio-registry/serdes/kafka/serde-kafka-common/target/apicurio-registry-serde-kafka-common-3.0.9.jar:/home/runner/work/apicurio-testing/apicurio-testing/clusters/ci419/namespaces/inmemory/tests/integration/apicurio-registry/serdes/generic/serde-common/target/apicurio-registry-serde-common-3.0.9.jar:/home/runner/work/apicurio-testing/apicurio-testing/clusters/ci419/namespaces/inmemory/tests/integration/apicurio-registry/schema-resolver/target/apicurio-registry-schema-resolver-3.0.9.jar:/home/runner/work/apicurio-testing/apicurio-testing/clusters/ci419/namespaces/inmemory/tests/integration/apicurio-registry/serdes/generic/serde-common-jsonschema/target/apicurio-registry-serde-common-jsonschema-3.0.9.jar:/home/runner/.m2/repository/org/json/json/20250107/json-20250107.jar:/home/runner/work/apicurio-testing/apicurio-testing/clusters/ci419/namespaces/inmemory/tests/integration/apicurio-registry/serdes/kafka/avro-serde/target/apicurio-registry-avro-serde-kafka-3.0.9.jar:/home/runner/work/apicurio-testing/apicurio-testing/clusters/ci419/namespaces/inmemory/tests/integration/apicurio-registry/serdes/generic/serde-common-avro/target/apicurio-registry-serde-common-avro-3.0.9.jar:/home/runner/work/apicurio-testing/apicurio-testing/clusters/ci419/namespaces/inmemory/tests/integration/apicurio-registry/serdes/kafka/protobuf-serde/target/apicurio-registry-protobuf-serde-kafka-3.0.9.jar:/home/runner/work/apicurio-testing/apicurio-testing/clusters/ci419/namespaces/inmemory/tests/integration/apicurio-registry/serdes/generic/serde-common-protobuf/target/apicurio-registry-serde-common-protobuf-3.0.9.jar:/home/runner/.m2/repository/com/squareup/wire/wire-schema/5.1.0/wire-schema-5.1.0.jar:/home/runner/.m2/repository/com/squareup/wire/wire-runtime/5.1.0/wire-runtime-5.1.0.jar:/home/runner/work/apicurio-testing/apicurio-testing/clusters/ci419/namespaces/inmemory/tests/integration/apicurio-registry/serdes/pulsar/avro-serde/target/apicurio-registry-avro-serde-pulsar-3.0.9.jar:/home/runner/.m2/repository/org/apache/pulsar/pulsar-functions-api/3.3.4/pulsar-functions-api-3.3.4.jar:/home/runner/work/apicurio-testing/apicurio-testing/clusters/ci419/namespaces/inmemory/tests/integration/apicurio-registry/serdes/nats/avro-serde/target/apicurio-registry-avro-serde-nats-3.0.9.jar:/home/runner/.m2/repository/io/nats/jnats/2.20.5/jnats-2.20.5.jar:/home/runner/.m2/repository/net/i2p/crypto/eddsa/0.3.0/eddsa-0.3.0.jar:/home/runner/work/apicurio-testing/apicurio-testing/clusters/ci419/namespaces/inmemory/tests/integration/apicurio-registry/utils/converter/target/apicurio-registry-utils-converter-3.0.9.jar:/home/runner/.m2/repository/org/apache/kafka/connect-api/3.9.1/connect-api-3.9.1.jar:/home/runner/.m2/repository/javax/ws/rs/javax.ws.rs-api/2.1.1/javax.ws.rs-api-2.1.1.jar:/home/runner/.m2/repository/org/apache/kafka/connect-json/3.9.1/connect-json-3.9.1.jar:/home/runner/.m2/repository/com/fasterxml/jackson/datatype/jackson-datatype-jdk8/2.17.2/jackson-datatype-jdk8-2.17.2.jar:/home/runner/.m2/repository/com/fasterxml/jackson/module/jackson-module-afterburner/2.17.2/jackson-module-afterburner-2.17.2.jar:/home/runner/work/apicurio-testing/apicurio-testing/clusters/ci419/namespaces/inmemory/tests/integration/apicurio-registry/utils/kafka/target/apicurio-registry-utils-kafka-3.0.9.jar:/home/runner/.m2/repository/org/apache/pulsar/pulsar-client/3.3.4/pulsar-client-3.3.4.jar:/home/runner/.m2/repository/org/apache/pulsar/pulsar-client-api/3.3.4/pulsar-client-api-3.3.4.jar:/home/runner/.m2/repository/org/apache/pulsar/pulsar-client-admin-api/3.3.4/pulsar-client-admin-api-3.3.4.jar:/home/runner/.m2/repository/org/apache/pulsar/bouncy-castle-bc/3.3.4/bouncy-castle-bc-3.3.4-pkg.jar:/home/runner/.m2/repository/org/bouncycastle/bcpkix-jdk18on/1.78.1/bcpkix-jdk18on-1.78.1.jar:/home/runner/.m2/repository/org/bouncycastle/bcutil-jdk18on/1.78.1/bcutil-jdk18on-1.78.1.jar:/home/runner/.m2/repository/org/bouncycastle/bcprov-jdk18on/1.78.1/bcprov-jdk18on-1.78.1.jar:/home/runner/.m2/repository/io/opentelemetry/opentelemetry-api/1.39.0/opentelemetry-api-1.39.0.jar:/home/runner/.m2/repository/io/opentelemetry/opentelemetry-context/1.39.0/opentelemetry-context-1.39.0.jar:/home/runner/.m2/repository/io/opentelemetry/opentelemetry-api-incubator/1.39.0-alpha/opentelemetry-api-incubator-1.39.0-alpha.jar:/home/runner/.m2/repository/com/fasterxml/jackson/core/jackson-annotations/2.17.2/jackson-annotations-2.17.2.jar:/home/runner/.m2/repository/javax/validation/validation-api/1.1.0.Final/validation-api-1.1.0.Final.jar:/home/runner/.m2/repository/io/confluent/kafka-avro-serializer/7.9.0/kafka-avro-serializer-7.9.0.jar:/home/runner/.m2/repository/org/apache/commons/commons-compress/1.27.0/commons-compress-1.27.0.jar:/home/runner/.m2/repository/io/confluent/kafka-schema-serializer/7.9.0/kafka-schema-serializer-7.9.0.jar:/home/runner/.m2/repository/com/fasterxml/jackson/dataformat/jackson-dataformat-csv/2.17.2/jackson-dataformat-csv-2.17.2.jar:/home/runner/.m2/repository/io/confluent/kafka-schema-registry-client/7.9.0/kafka-schema-registry-client-7.9.0.jar:/home/runner/.m2/repository/org/yaml/snakeyaml/2.2/snakeyaml-2.2.jar:/home/runner/.m2/repository/io/swagger/core/v3/swagger-annotations/2.1.10/swagger-annotations-2.1.10.jar:/home/runner/.m2/repository/com/google/guava/guava/33.2.1-jre/guava-33.2.1-jre.jar:/home/runner/.m2/repository/com/google/guava/failureaccess/1.0.1/failureaccess-1.0.1.jar:/home/runner/.m2/repository/org/checkerframework/checker-qual/3.46.0/checker-qual-3.46.0.jar:/home/runner/.m2/repository/io/confluent/logredactor/1.0.12/logredactor-1.0.12.jar:/home/runner/.m2/repository/com/google/re2j/re2j/1.6/re2j-1.6.jar:/home/runner/.m2/repository/io/confluent/logredactor-metrics/1.0.12/logredactor-metrics-1.0.12.jar:/home/runner/.m2/repository/com/eclipsesource/minimal-json/minimal-json/0.9.5/minimal-json-0.9.5.jar:/home/runner/.m2/repository/io/confluent/common-utils/7.9.0/common-utils-7.9.0.jar:/home/runner/.m2/repository/io/confluent/kafka-connect-avro-converter/7.9.0/kafka-connect-avro-converter-7.9.0.jar:/home/runner/.m2/repository/io/confluent/kafka-connect-avro-data/7.9.0/kafka-connect-avro-data-7.9.0.jar:/home/runner/.m2/repository/io/confluent/kafka-schema-converter/7.9.0/kafka-schema-converter-7.9.0.jar:/home/runner/.m2/repository/io/rest-assured/rest-assured/5.5.0/rest-assured-5.5.0.jar:/home/runner/.m2/repository/org/apache/groovy/groovy/4.0.22/groovy-4.0.22.jar:/home/runner/.m2/repository/org/apache/groovy/groovy-xml/4.0.22/groovy-xml-4.0.22.jar:/home/runner/.m2/repository/org/apache/httpcomponents/httpclient/4.5.14/httpclient-4.5.14.jar:/home/runner/.m2/repository/org/apache/httpcomponents/httpcore/4.4.16/httpcore-4.4.16.jar:/home/runner/.m2/repository/org/apache/httpcomponents/httpmime/4.5.14/httpmime-4.5.14.jar:/home/runner/.m2/repository/org/hamcrest/hamcrest/2.2/hamcrest-2.2.jar:/home/runner/.m2/repository/org/ccil/cowan/tagsoup/tagsoup/1.2.1/tagsoup-1.2.1.jar:/home/runner/.m2/repository/io/rest-assured/json-path/5.5.0/json-path-5.5.0.jar:/home/runner/.m2/repository/org/apache/groovy/groovy-json/4.0.22/groovy-json-4.0.22.jar:/home/runner/.m2/repository/io/rest-assured/rest-assured-common/5.5.0/rest-assured-common-5.5.0.jar:/home/runner/.m2/repository/io/rest-assured/xml-path/5.5.0/xml-path-5.5.0.jar:/home/runner/.m2/repository/io/zonky/test/embedded-postgres/2.1.0/embedded-postgres-2.1.0.jar:/home/runner/.m2/repository/io/zonky/test/postgres/embedded-postgres-binaries-windows-amd64/14.15.0/embedded-postgres-binaries-windows-amd64-14.15.0.jar:/home/runner/.m2/repository/io/zonky/test/postgres/embedded-postgres-binaries-darwin-amd64/14.15.0/embedded-postgres-binaries-darwin-amd64-14.15.0.jar:/home/runner/.m2/repository/io/zonky/test/postgres/embedded-postgres-binaries-linux-amd64/14.15.0/embedded-postgres-binaries-linux-amd64-14.15.0.jar:/home/runner/.m2/repository/io/zonky/test/postgres/embedded-postgres-binaries-linux-amd64-alpine/14.15.0/embedded-postgres-binaries-linux-amd64-alpine-14.15.0.jar:/home/runner/.m2/repository/org/apache/commons/commons-lang3/3.14.0/commons-lang3-3.14.0.jar:/home/runner/.m2/repository/org/tukaani/xz/1.10/xz-1.10.jar:/home/runner/.m2/repository/commons-codec/commons-codec/1.18.0/commons-codec-1.18.0.jar:/home/runner/.m2/repository/org/postgresql/postgresql/42.7.4/postgresql-42.7.4.jar:/home/runner/.m2/repository/commons-io/commons-io/2.16.1/commons-io-2.16.1.jar:/home/runner/work/apicurio-testing/apicurio-testing/clusters/ci419/namespaces/inmemory/tests/integration/apicurio-registry/utils/importexport/target/apicurio-registry-utils-import-export-3.0.9.jar:/home/runner/.m2/repository/io/vertx/vertx-core/4.5.13/vertx-core-4.5.13.jar:/home/runner/.m2/repository/io/netty/netty-common/4.1.118.Final/netty-common-4.1.118.Final.jar:/home/runner/.m2/repository/io/netty/netty-buffer/4.1.118.Final/netty-buffer-4.1.118.Final.jar:/home/runner/.m2/repository/io/netty/netty-transport/4.1.118.Final/netty-transport-4.1.118.Final.jar:/home/runner/.m2/repository/io/netty/netty-handler/4.1.118.Final/netty-handler-4.1.118.Final.jar:/home/runner/.m2/repository/io/netty/netty-transport-native-unix-common/4.1.118.Final/netty-transport-native-unix-common-4.1.118.Final.jar:/home/runner/.m2/repository/io/netty/netty-codec/4.1.118.Final/netty-codec-4.1.118.Final.jar:/home/runner/.m2/repository/io/netty/netty-handler-proxy/4.1.118.Final/netty-handler-proxy-4.1.118.Final.jar:/home/runner/.m2/repository/io/netty/netty-codec-socks/4.1.118.Final/netty-codec-socks-4.1.118.Final.jar:/home/runner/.m2/repository/io/netty/netty-codec-http/4.1.118.Final/netty-codec-http-4.1.118.Final.jar:/home/runner/.m2/repository/io/netty/netty-codec-http2/4.1.118.Final/netty-codec-http2-4.1.118.Final.jar:/home/runner/.m2/repository/io/netty/netty-resolver/4.1.118.Final/netty-resolver-4.1.118.Final.jar:/home/runner/.m2/repository/io/netty/netty-resolver-dns/4.1.118.Final/netty-resolver-dns-4.1.118.Final.jar:/home/runner/.m2/repository/io/netty/netty-codec-dns/4.1.118.Final/netty-codec-dns-4.1.118.Final.jar:/home/runner/.m2/repository/com/fasterxml/jackson/core/jackson-core/2.17.2/jackson-core-2.17.2.jar:"/>
    <property name="java.vm.vendor" value="Eclipse Adoptium"/>
    <property name="maven.javadoc.skip" value="true"/>
    <property name="sun.arch.data.model" value="64"/>
    <property name="java.vendor.url" value="https://adoptium.net/"/>
    <property name="user.timezone" value="Etc/UTC"/>
    <property name="os.name" value="Linux"/>
    <property name="java.vm.specification.version" value="17"/>
    <property name="sun.java.launcher" value="SUN_STANDARD"/>
    <property name="quarkus.http.test-port" value="80"/>
    <property name="sun.boot.library.path" value="/usr/lib/jvm/temurin-17-jdk-amd64/lib"/>
    <property name="sun.java.command" value="/home/runner/work/apicurio-testing/apicurio-testing/clusters/ci419/namespaces/inmemory/tests/integration/apicurio-registry/integration-tests/target/surefire/surefirebooter-20250731022035064_3.jar /home/runner/work/apicurio-testing/apicurio-testing/clusters/ci419/namespaces/inmemory/tests/integration/apicurio-registry/integration-tests/target/surefire 2025-07-31T02-20-35_009-jvmRun1 surefire-20250731022035064_1tmp surefire_0-20250731022035064_2tmp"/>
    <property name="maven.home" value="/home/runner/.m2/wrapper/dists/apache-maven-3.9.8-bin/4fnp1ql35bgk2a0p7m31ovbgb0/apache-maven-3.9.8"/>
    <property name="jdk.debug" value="release"/>
    <property name="surefire.test.class.path" value="/home/runner/work/apicurio-testing/apicurio-testing/clusters/ci419/namespaces/inmemory/tests/integration/apicurio-registry/integration-tests/target/test-classes:/home/runner/work/apicurio-testing/apicurio-testing/clusters/ci419/namespaces/inmemory/tests/integration/apicurio-registry/integration-tests/target/apicurio-registry-integration-tests-3.0.9.jar:/home/runner/.m2/repository/io/quarkus/quarkus-junit5/3.15.4/quarkus-junit5-3.15.4.jar:/home/runner/.m2/repository/io/quarkus/quarkus-bootstrap-core/3.15.4/quarkus-bootstrap-core-3.15.4.jar:/home/runner/.m2/repository/io/quarkus/quarkus-classloader-commons/3.15.4/quarkus-classloader-commons-3.15.4.jar:/home/runner/.m2/repository/io/quarkus/quarkus-bootstrap-app-model/3.15.4/quarkus-bootstrap-app-model-3.15.4.jar:/home/runner/.m2/repository/io/smallrye/common/smallrye-common-io/2.6.1/smallrye-common-io-2.6.1.jar:/home/runner/.m2/repository/org/eclipse/sisu/org.eclipse.sisu.inject/0.9.0.M3/org.eclipse.sisu.inject-0.9.0.M3.jar:/home/runner/.m2/repository/io/quarkus/quarkus-test-common/3.15.4/quarkus-test-common-3.15.4.jar:/home/runner/.m2/repository/io/quarkus/quarkus-core-deployment/3.15.4/quarkus-core-deployment-3.15.4.jar:/home/runner/.m2/repository/org/aesh/readline/2.6/readline-2.6.jar:/home/runner/.m2/repository/org/fusesource/jansi/jansi/2.4.0/jansi-2.4.0.jar:/home/runner/.m2/repository/org/aesh/aesh/2.8.2/aesh-2.8.2.jar:/home/runner/.m2/repository/io/quarkus/gizmo/gizmo/1.8.0/gizmo-1.8.0.jar:/home/runner/.m2/repository/org/ow2/asm/asm-util/9.7/asm-util-9.7.jar:/home/runner/.m2/repository/org/ow2/asm/asm-analysis/9.7/asm-analysis-9.7.jar:/home/runner/.m2/repository/org/ow2/asm/asm-commons/9.7/asm-commons-9.7.jar:/home/runner/.m2/repository/org/ow2/asm/asm-tree/9.7/asm-tree-9.7.jar:/home/runner/.m2/repository/io/quarkus/quarkus-hibernate-validator-spi/3.15.4/quarkus-hibernate-validator-spi-3.15.4.jar:/home/runner/.m2/repository/io/quarkus/quarkus-class-change-agent/3.15.4/quarkus-class-change-agent-3.15.4.jar:/home/runner/.m2/repository/io/quarkus/quarkus-devtools-utilities/3.15.4/quarkus-devtools-utilities-3.15.4.jar:/home/runner/.m2/repository/io/quarkus/quarkus-builder/3.15.4/quarkus-builder-3.15.4.jar:/home/runner/.m2/repository/org/graalvm/sdk/nativeimage/23.1.2/nativeimage-23.1.2.jar:/home/runner/.m2/repository/org/graalvm/sdk/word/23.1.2/word-23.1.2.jar:/home/runner/.m2/repository/io/quarkus/quarkus-bootstrap-maven-resolver/3.15.4/quarkus-bootstrap-maven-resolver-3.15.4.jar:/home/runner/.m2/repository/io/smallrye/beanbag/smallrye-beanbag-maven/1.5.2/smallrye-beanbag-maven-1.5.2.jar:/home/runner/.m2/repository/io/smallrye/beanbag/smallrye-beanbag-sisu/1.5.2/smallrye-beanbag-sisu-1.5.2.jar:/home/runner/.m2/repository/io/smallrye/beanbag/smallrye-beanbag/1.5.2/smallrye-beanbag-1.5.2.jar:/home/runner/.m2/repository/javax/inject/javax.inject/1/javax.inject-1.jar:/home/runner/.m2/repository/org/apache/maven/maven-artifact/3.9.8/maven-artifact-3.9.8.jar:/home/runner/.m2/repository/org/apache/maven/maven-builder-support/3.9.8/maven-builder-support-3.9.8.jar:/home/runner/.m2/repository/org/apache/maven/maven-model/3.9.8/maven-model-3.9.8.jar:/home/runner/.m2/repository/org/apache/maven/maven-model-builder/3.9.8/maven-model-builder-3.9.8.jar:/home/runner/.m2/repository/org/apache/maven/maven-repository-metadata/3.9.8/maven-repository-metadata-3.9.8.jar:/home/runner/.m2/repository/org/apache/maven/maven-settings/3.9.8/maven-settings-3.9.8.jar:/home/runner/.m2/repository/org/apache/maven/resolver/maven-resolver-api/1.9.22/maven-resolver-api-1.9.22.jar:/home/runner/.m2/repository/org/apache/maven/resolver/maven-resolver-impl/1.9.22/maven-resolver-impl-1.9.22.jar:/home/runner/.m2/repository/org/apache/maven/resolver/maven-resolver-named-locks/1.9.22/maven-resolver-named-locks-1.9.22.jar:/home/runner/.m2/repository/org/apache/maven/resolver/maven-resolver-spi/1.9.22/maven-resolver-spi-1.9.22.jar:/home/runner/.m2/repository/org/apache/maven/resolver/maven-resolver-util/1.9.22/maven-resolver-util-1.9.22.jar:/home/runner/.m2/repository/org/apache/maven/resolver/maven-resolver-transport-http/1.9.20/maven-resolver-transport-http-1.9.20.jar:/home/runner/.m2/repository/org/apache/maven/wagon/wagon-provider-api/3.5.3/wagon-provider-api-3.5.3.jar:/home/runner/.m2/repository/org/apache/maven/wagon/wagon-http-shared/3.5.3/wagon-http-shared-3.5.3.jar:/home/runner/.m2/repository/org/codehaus/plexus/plexus-interpolation/1.26/plexus-interpolation-1.26.jar:/home/runner/.m2/repository/org/codehaus/plexus/plexus-utils/3.5.1/plexus-utils-3.5.1.jar:/home/runner/.m2/repository/org/codehaus/plexus/plexus-xml/4.0.1/plexus-xml-4.0.1.jar:/home/runner/.m2/repository/org/apache/maven/maven-xml-impl/4.0.0-alpha-5/maven-xml-impl-4.0.0-alpha-5.jar:/home/runner/.m2/repository/org/apache/maven/maven-api-xml/4.0.0-alpha-5/maven-api-xml-4.0.0-alpha-5.jar:/home/runner/.m2/repository/org/apache/maven/maven-api-meta/4.0.0-alpha-5/maven-api-meta-4.0.0-alpha-5.jar:/home/runner/.m2/repository/org/codehaus/plexus/plexus-cipher/2.0/plexus-cipher-2.0.jar:/home/runner/.m2/repository/org/codehaus/plexus/plexus-sec-dispatcher/2.0/plexus-sec-dispatcher-2.0.jar:/home/runner/.m2/repository/org/apache/maven/maven-embedder/3.9.8/maven-embedder-3.9.8.jar:/home/runner/.m2/repository/org/apache/maven/maven-core/3.9.8/maven-core-3.9.8.jar:/home/runner/.m2/repository/org/codehaus/plexus/plexus-component-annotations/2.1.0/plexus-component-annotations-2.1.0.jar:/home/runner/.m2/repository/org/apache/maven/maven-plugin-api/3.9.8/maven-plugin-api-3.9.8.jar:/home/runner/.m2/repository/org/apache/maven/shared/maven-shared-utils/3.4.2/maven-shared-utils-3.4.2.jar:/home/runner/.m2/repository/com/google/inject/guice/5.1.0/guice-5.1.0.jar:/home/runner/.m2/repository/aopalliance/aopalliance/1.0/aopalliance-1.0.jar:/home/runner/.m2/repository/javax/annotation/javax.annotation-api/1.3.2/javax.annotation-api-1.3.2.jar:/home/runner/.m2/repository/org/codehaus/plexus/plexus-classworlds/2.6.0/plexus-classworlds-2.6.0.jar:/home/runner/.m2/repository/commons-cli/commons-cli/1.8.0/commons-cli-1.8.0.jar:/home/runner/.m2/repository/org/eclipse/sisu/org.eclipse.sisu.plexus/0.9.0.M3/org.eclipse.sisu.plexus-0.9.0.M3.jar:/home/runner/.m2/repository/org/apache/maven/maven-settings-builder/3.9.8/maven-settings-builder-3.9.8.jar:/home/runner/.m2/repository/org/apache/maven/maven-resolver-provider/3.9.8/maven-resolver-provider-3.9.8.jar:/home/runner/.m2/repository/org/apache/maven/resolver/maven-resolver-connector-basic/1.9.22/maven-resolver-connector-basic-1.9.22.jar:/home/runner/.m2/repository/org/apache/maven/resolver/maven-resolver-transport-wagon/1.9.22/maven-resolver-transport-wagon-1.9.22.jar:/home/runner/.m2/repository/org/apache/maven/wagon/wagon-http/3.5.3/wagon-http-3.5.3.jar:/home/runner/.m2/repository/org/apache/maven/wagon/wagon-file/3.5.3/wagon-file-3.5.3.jar:/home/runner/.m2/repository/io/quarkus/quarkus-bootstrap-gradle-resolver/3.15.4/quarkus-bootstrap-gradle-resolver-3.15.4.jar:/home/runner/.m2/repository/io/smallrye/jandex/3.2.3/jandex-3.2.3.jar:/home/runner/.m2/repository/org/jboss/logging/commons-logging-jboss-logging/1.0.0.Final/commons-logging-jboss-logging-1.0.0.Final.jar:/home/runner/.m2/repository/io/quarkus/quarkus-junit5-properties/3.15.4/quarkus-junit5-properties-3.15.4.jar:/home/runner/.m2/repository/org/junit/jupiter/junit-jupiter/5.10.3/junit-jupiter-5.10.3.jar:/home/runner/.m2/repository/org/junit/jupiter/junit-jupiter-api/5.10.3/junit-jupiter-api-5.10.3.jar:/home/runner/.m2/repository/org/junit/jupiter/junit-jupiter-params/5.10.3/junit-jupiter-params-5.10.3.jar:/home/runner/.m2/repository/org/junit/jupiter/junit-jupiter-engine/5.10.3/junit-jupiter-engine-5.10.3.jar:/home/runner/.m2/repository/io/quarkus/quarkus-core/3.15.4/quarkus-core-3.15.4.jar:/home/runner/.m2/repository/jakarta/enterprise/jakarta.enterprise.cdi-api/4.1.0/jakarta.enterprise.cdi-api-4.1.0.jar:/home/runner/.m2/repository/jakarta/enterprise/jakarta.enterprise.lang-model/4.1.0/jakarta.enterprise.lang-model-4.1.0.jar:/home/runner/.m2/repository/jakarta/el/jakarta.el-api/5.0.1/jakarta.el-api-5.0.1.jar:/home/runner/.m2/repository/jakarta/interceptor/jakarta.interceptor-api/2.2.0/jakarta.interceptor-api-2.2.0.jar:/home/runner/.m2/repository/jakarta/inject/jakarta.inject-api/2.0.1/jakarta.inject-api-2.0.1.jar:/home/runner/.m2/repository/io/smallrye/common/smallrye-common-os/2.6.1/smallrye-common-os-2.6.1.jar:/home/runner/.m2/repository/io/quarkus/quarkus-ide-launcher/3.15.4/quarkus-ide-launcher-3.15.4.jar:/home/runner/.m2/repository/io/quarkus/quarkus-development-mode-spi/3.15.4/quarkus-development-mode-spi-3.15.4.jar:/home/runner/.m2/repository/io/smallrye/config/smallrye-config/3.9.1/smallrye-config-3.9.1.jar:/home/runner/.m2/repository/io/smallrye/config/smallrye-config-core/3.9.1/smallrye-config-core-3.9.1.jar:/home/runner/.m2/repository/io/smallrye/common/smallrye-common-annotation/2.6.1/smallrye-common-annotation-2.6.1.jar:/home/runner/.m2/repository/io/smallrye/common/smallrye-common-classloader/2.6.1/smallrye-common-classloader-2.6.1.jar:/home/runner/.m2/repository/io/smallrye/config/smallrye-config-common/3.9.1/smallrye-config-common-3.9.1.jar:/home/runner/.m2/repository/org/jboss/logging/jboss-logging/3.6.0.Final/jboss-logging-3.6.0.Final.jar:/home/runner/.m2/repository/org/jboss/logmanager/jboss-logmanager/3.1.1.Final/jboss-logmanager-3.1.1.Final.jar:/home/runner/.m2/repository/io/smallrye/common/smallrye-common-constraint/2.6.1/smallrye-common-constraint-2.6.1.jar:/home/runner/.m2/repository/io/smallrye/common/smallrye-common-cpu/2.6.1/smallrye-common-cpu-2.6.1.jar:/home/runner/.m2/repository/io/smallrye/common/smallrye-common-expression/2.6.1/smallrye-common-expression-2.6.1.jar:/home/runner/.m2/repository/io/smallrye/common/smallrye-common-function/2.6.1/smallrye-common-function-2.6.1.jar:/home/runner/.m2/repository/io/smallrye/common/smallrye-common-net/2.6.1/smallrye-common-net-2.6.1.jar:/home/runner/.m2/repository/io/smallrye/common/smallrye-common-ref/2.6.1/smallrye-common-ref-2.6.1.jar:/home/runner/.m2/repository/jakarta/json/jakarta.json-api/2.1.3/jakarta.json-api-2.1.3.jar:/home/runner/.m2/repository/org/eclipse/parsson/parsson/1.1.7/parsson-1.1.7.jar:/home/runner/.m2/repository/org/jboss/logging/jboss-logging-annotations/3.0.1.Final/jboss-logging-annotations-3.0.1.Final.jar:/home/runner/.m2/repository/org/jboss/threads/jboss-threads/3.6.1.Final/jboss-threads-3.6.1.Final.jar:/home/runner/.m2/repository/org/jboss/slf4j/slf4j-jboss-logmanager/2.0.0.Final/slf4j-jboss-logmanager-2.0.0.Final.jar:/home/runner/.m2/repository/org/wildfly/common/wildfly-common/1.7.0.Final/wildfly-common-1.7.0.Final.jar:/home/runner/.m2/repository/io/quarkus/quarkus-bootstrap-runner/3.15.4/quarkus-bootstrap-runner-3.15.4.jar:/home/runner/.m2/repository/io/github/crac/org-crac/0.1.3/org-crac-0.1.3.jar:/home/runner/.m2/repository/io/quarkus/quarkus-fs-util/0.0.10/quarkus-fs-util-0.0.10.jar:/home/runner/.m2/repository/org/jboss/marshalling/jboss-marshalling/2.2.1.Final/jboss-marshalling-2.2.1.Final.jar:/home/runner/.m2/repository/io/fabric8/kubernetes-client/6.13.5/kubernetes-client-6.13.5.jar:/home/runner/.m2/repository/io/fabric8/kubernetes-client-api/6.13.5/kubernetes-client-api-6.13.5.jar:/home/runner/.m2/repository/io/fabric8/kubernetes-model-core/6.13.5/kubernetes-model-core-6.13.5.jar:/home/runner/.m2/repository/io/fabric8/kubernetes-model-common/6.13.5/kubernetes-model-common-6.13.5.jar:/home/runner/.m2/repository/io/fabric8/kubernetes-model-gatewayapi/6.13.5/kubernetes-model-gatewayapi-6.13.5.jar:/home/runner/.m2/repository/io/fabric8/kubernetes-model-resource/6.13.5/kubernetes-model-resource-6.13.5.jar:/home/runner/.m2/repository/io/fabric8/kubernetes-model-rbac/6.13.5/kubernetes-model-rbac-6.13.5.jar:/home/runner/.m2/repository/io/fabric8/kubernetes-model-admissionregistration/6.13.5/kubernetes-model-admissionregistration-6.13.5.jar:/home/runner/.m2/repository/io/fabric8/kubernetes-model-apps/6.13.5/kubernetes-model-apps-6.13.5.jar:/home/runner/.m2/repository/io/fabric8/kubernetes-model-autoscaling/6.13.5/kubernetes-model-autoscaling-6.13.5.jar:/home/runner/.m2/repository/io/fabric8/kubernetes-model-apiextensions/6.13.5/kubernetes-model-apiextensions-6.13.5.jar:/home/runner/.m2/repository/io/fabric8/kubernetes-model-batch/6.13.5/kubernetes-model-batch-6.13.5.jar:/home/runner/.m2/repository/io/fabric8/kubernetes-model-certificates/6.13.5/kubernetes-model-certificates-6.13.5.jar:/home/runner/.m2/repository/io/fabric8/kubernetes-model-coordination/6.13.5/kubernetes-model-coordination-6.13.5.jar:/home/runner/.m2/repository/io/fabric8/kubernetes-model-discovery/6.13.5/kubernetes-model-discovery-6.13.5.jar:/home/runner/.m2/repository/io/fabric8/kubernetes-model-events/6.13.5/kubernetes-model-events-6.13.5.jar:/home/runner/.m2/repository/io/fabric8/kubernetes-model-extensions/6.13.5/kubernetes-model-extensions-6.13.5.jar:/home/runner/.m2/repository/io/fabric8/kubernetes-model-flowcontrol/6.13.5/kubernetes-model-flowcontrol-6.13.5.jar:/home/runner/.m2/repository/io/fabric8/kubernetes-model-networking/6.13.5/kubernetes-model-networking-6.13.5.jar:/home/runner/.m2/repository/io/fabric8/kubernetes-model-metrics/6.13.5/kubernetes-model-metrics-6.13.5.jar:/home/runner/.m2/repository/io/fabric8/kubernetes-model-policy/6.13.5/kubernetes-model-policy-6.13.5.jar:/home/runner/.m2/repository/io/fabric8/kubernetes-model-scheduling/6.13.5/kubernetes-model-scheduling-6.13.5.jar:/home/runner/.m2/repository/io/fabric8/kubernetes-model-storageclass/6.13.5/kubernetes-model-storageclass-6.13.5.jar:/home/runner/.m2/repository/io/fabric8/kubernetes-model-node/6.13.5/kubernetes-model-node-6.13.5.jar:/home/runner/.m2/repository/org/snakeyaml/snakeyaml-engine/2.7/snakeyaml-engine-2.7.jar:/home/runner/.m2/repository/com/fasterxml/jackson/dataformat/jackson-dataformat-yaml/2.15.2/jackson-dataformat-yaml-2.15.2.jar:/home/runner/.m2/repository/com/fasterxml/jackson/datatype/jackson-datatype-jsr310/2.17.2/jackson-datatype-jsr310-2.17.2.jar:/home/runner/.m2/repository/io/fabric8/zjsonpatch/0.3.0/zjsonpatch-0.3.0.jar:/home/runner/.m2/repository/io/fabric8/kubernetes-httpclient-vertx/6.13.5/kubernetes-httpclient-vertx-6.13.5.jar:/home/runner/.m2/repository/io/vertx/vertx-web-client/4.5.13/vertx-web-client-4.5.13.jar:/home/runner/.m2/repository/io/vertx/vertx-web-common/4.5.13/vertx-web-common-4.5.13.jar:/home/runner/.m2/repository/io/vertx/vertx-auth-common/4.5.13/vertx-auth-common-4.5.13.jar:/home/runner/.m2/repository/io/vertx/vertx-uri-template/4.5.13/vertx-uri-template-4.5.13.jar:/home/runner/.m2/repository/io/fabric8/openshift-client/6.13.5/openshift-client-6.13.5.jar:/home/runner/.m2/repository/io/fabric8/openshift-client-api/6.13.5/openshift-client-api-6.13.5.jar:/home/runner/.m2/repository/io/fabric8/openshift-model/6.13.5/openshift-model-6.13.5.jar:/home/runner/.m2/repository/io/fabric8/openshift-model-clusterautoscaling/6.13.5/openshift-model-clusterautoscaling-6.13.5.jar:/home/runner/.m2/repository/io/fabric8/openshift-model-operator/6.13.5/openshift-model-operator-6.13.5.jar:/home/runner/.m2/repository/io/fabric8/openshift-model-operatorhub/6.13.5/openshift-model-operatorhub-6.13.5.jar:/home/runner/.m2/repository/io/fabric8/openshift-model-machine/6.13.5/openshift-model-machine-6.13.5.jar:/home/runner/.m2/repository/io/fabric8/openshift-model-whereabouts/6.13.5/openshift-model-whereabouts-6.13.5.jar:/home/runner/.m2/repository/io/fabric8/openshift-model-monitoring/6.13.5/openshift-model-monitoring-6.13.5.jar:/home/runner/.m2/repository/io/fabric8/openshift-model-storageversionmigrator/6.13.5/openshift-model-storageversionmigrator-6.13.5.jar:/home/runner/.m2/repository/io/fabric8/openshift-model-tuned/6.13.5/openshift-model-tuned-6.13.5.jar:/home/runner/.m2/repository/io/fabric8/openshift-model-console/6.13.5/openshift-model-console-6.13.5.jar:/home/runner/.m2/repository/io/fabric8/openshift-model-config/6.13.5/openshift-model-config-6.13.5.jar:/home/runner/.m2/repository/io/fabric8/openshift-model-machineconfig/6.13.5/openshift-model-machineconfig-6.13.5.jar:/home/runner/.m2/repository/io/fabric8/openshift-model-miscellaneous/6.13.5/openshift-model-miscellaneous-6.13.5.jar:/home/runner/.m2/repository/io/fabric8/openshift-model-hive/6.13.5/openshift-model-hive-6.13.5.jar:/home/runner/.m2/repository/io/fabric8/openshift-model-installer/6.13.5/openshift-model-installer-6.13.5.jar:/home/runner/.m2/repository/com/github/mifmif/generex/1.0.2/generex-1.0.2.jar:/home/runner/.m2/repository/dk/brics/automaton/automaton/1.11-8/automaton-1.11-8.jar:/home/runner/.m2/repository/org/junit/platform/junit-platform-launcher/1.10.3/junit-platform-launcher-1.10.3.jar:/home/runner/.m2/repository/org/junit/platform/junit-platform-engine/1.10.3/junit-platform-engine-1.10.3.jar:/home/runner/.m2/repository/org/opentest4j/opentest4j/1.3.0/opentest4j-1.3.0.jar:/home/runner/.m2/repository/org/junit/platform/junit-platform-commons/1.10.3/junit-platform-commons-1.10.3.jar:/home/runner/.m2/repository/org/apiguardian/apiguardian-api/1.1.2/apiguardian-api-1.1.2.jar:/home/runner/.m2/repository/jakarta/ws/rs/jakarta.ws.rs-api/3.1.0/jakarta.ws.rs-api-3.1.0.jar:/home/runner/work/apicurio-testing/apicurio-testing/clusters/ci419/namespaces/inmemory/tests/integration/apicurio-registry/java-sdk/target/apicurio-registry-java-sdk-3.0.9.jar:/home/runner/.m2/repository/com/microsoft/kiota/microsoft-kiota-abstractions/1.8.4/microsoft-kiota-abstractions-1.8.4.jar:/home/runner/.m2/repository/io/github/std-uritemplate/std-uritemplate/2.0.0/std-uritemplate-2.0.0.jar:/home/runner/.m2/repository/io/kiota/kiota-http-jdk/0.0.21/kiota-http-jdk-0.0.21.jar:/home/runner/.m2/repository/io/kiota/kiota-http-vertx/0.0.21/kiota-http-vertx-0.0.21.jar:/home/runner/.m2/repository/io/kiota/kiota-serialization-jackson/0.0.21/kiota-serialization-jackson-0.0.21.jar:/home/runner/.m2/repository/com/microsoft/kiota/microsoft-kiota-serialization-text/1.8.4/microsoft-kiota-serialization-text-1.8.4.jar:/home/runner/.m2/repository/com/microsoft/kiota/microsoft-kiota-serialization-form/1.8.4/microsoft-kiota-serialization-form-1.8.4.jar:/home/runner/.m2/repository/com/microsoft/kiota/microsoft-kiota-serialization-multipart/1.8.4/microsoft-kiota-serialization-multipart-1.8.4.jar:/home/runner/.m2/repository/jakarta/annotation/jakarta.annotation-api/3.0.0/jakarta.annotation-api-3.0.0.jar:/home/runner/.m2/repository/io/vertx/vertx-auth-oauth2/4.5.13/vertx-auth-oauth2-4.5.13.jar:/home/runner/work/apicurio-testing/apicurio-testing/clusters/ci419/namespaces/inmemory/tests/integration/apicurio-registry/java-sdk-v2/target/apicurio-registry-v2-java-sdk-3.0.9.jar:/home/runner/work/apicurio-testing/apicurio-testing/clusters/ci419/namespaces/inmemory/tests/integration/apicurio-registry/utils/kafka/target/apicurio-registry-utils-kafka-3.0.9-tests.jar:/home/runner/.m2/repository/org/eclipse/microprofile/config/microprofile-config-api/3.1/microprofile-config-api-3.1.jar:/home/runner/.m2/repository/org/apache/kafka/kafka-clients/3.9.0/kafka-clients-3.9.0.jar:/home/runner/.m2/repository/com/github/luben/zstd-jni/1.5.6-4/zstd-jni-1.5.6-4.jar:/home/runner/.m2/repository/org/lz4/lz4-java/1.8.0/lz4-java-1.8.0.jar:/home/runner/.m2/repository/org/xerial/snappy/snappy-java/1.1.10.5/snappy-java-1.1.10.5.jar:/home/runner/.m2/repository/org/slf4j/slf4j-api/2.0.6/slf4j-api-2.0.6.jar:/home/runner/work/apicurio-testing/apicurio-testing/clusters/ci419/namespaces/inmemory/tests/integration/apicurio-registry/utils/tests/target/apicurio-registry-utils-tests-3.0.9.jar:/home/runner/work/apicurio-testing/apicurio-testing/clusters/ci419/namespaces/inmemory/tests/integration/apicurio-registry/common/target/apicurio-registry-common-3.0.9.jar:/home/runner/.m2/repository/jakarta/validation/jakarta.validation-api/3.0.2/jakarta.validation-api-3.0.2.jar:/home/runner/.m2/repository/com/github/dasniko/testcontainers-keycloak/3.6.0/testcontainers-keycloak-3.6.0.jar:/home/runner/.m2/repository/org/testcontainers/testcontainers/1.20.1/testcontainers-1.20.1.jar:/home/runner/.m2/repository/org/rnorth/duct-tape/duct-tape/1.0.8/duct-tape-1.0.8.jar:/home/runner/.m2/repository/org/jetbrains/annotations/24.1.0/annotations-24.1.0.jar:/home/runner/.m2/repository/com/github/docker-java/docker-java-transport-zerodep/3.4.0/docker-java-transport-zerodep-3.4.0.jar:/home/runner/.m2/repository/com/github/docker-java/docker-java-transport/3.4.0/docker-java-transport-3.4.0.jar:/home/runner/.m2/repository/net/java/dev/jna/jna/5.8.0/jna-5.8.0.jar:/home/runner/.m2/repository/io/quarkus/quarkus-junit4-mock/3.15.4/quarkus-junit4-mock-3.15.4.jar:/home/runner/.m2/repository/org/jboss/shrinkwrap/shrinkwrap-api/2.0.0-beta-2/shrinkwrap-api-2.0.0-beta-2.jar:/home/runner/.m2/repository/org/jboss/shrinkwrap/shrinkwrap-impl-base/2.0.0-beta-2/shrinkwrap-impl-base-2.0.0-beta-2.jar:/home/runner/.m2/repository/org/jboss/shrinkwrap/shrinkwrap-spi/2.0.0-beta-2/shrinkwrap-spi-2.0.0-beta-2.jar:/home/runner/.m2/repository/org/keycloak/keycloak-admin-client/25.0.6/keycloak-admin-client-25.0.6.jar:/home/runner/.m2/repository/org/keycloak/keycloak-core/25.0.6/keycloak-core-25.0.6.jar:/home/runner/.m2/repository/org/keycloak/keycloak-common/25.0.6/keycloak-common-25.0.6.jar:/home/runner/.m2/repository/org/jboss/resteasy/resteasy-client/6.2.9.Final/resteasy-client-6.2.9.Final.jar:/home/runner/.m2/repository/org/jboss/resteasy/resteasy-client-api/6.2.9.Final/resteasy-client-api-6.2.9.Final.jar:/home/runner/.m2/repository/org/jboss/resteasy/resteasy-core-spi/6.2.9.Final/resteasy-core-spi-6.2.9.Final.jar:/home/runner/.m2/repository/org/jboss/resteasy/resteasy-core/6.2.9.Final/resteasy-core-6.2.9.Final.jar:/home/runner/.m2/repository/org/eclipse/angus/angus-activation/2.0.2/angus-activation-2.0.2.jar:/home/runner/.m2/repository/com/ibm/async/asyncutil/0.1.0/asyncutil-0.1.0.jar:/home/runner/.m2/repository/org/reactivestreams/reactive-streams/1.0.4/reactive-streams-1.0.4.jar:/home/runner/.m2/repository/org/jboss/resteasy/resteasy-multipart-provider/6.2.9.Final/resteasy-multipart-provider-6.2.9.Final.jar:/home/runner/.m2/repository/jakarta/mail/jakarta.mail-api/2.1.2/jakarta.mail-api-2.1.2.jar:/home/runner/.m2/repository/org/eclipse/angus/angus-mail/2.0.3/angus-mail-2.0.3.jar:/home/runner/.m2/repository/org/apache/james/apache-mime4j-dom/0.8.11/apache-mime4j-dom-0.8.11.jar:/home/runner/.m2/repository/org/apache/james/apache-mime4j-core/0.8.11/apache-mime4j-core-0.8.11.jar:/home/runner/.m2/repository/org/apache/james/apache-mime4j-storage/0.8.11/apache-mime4j-storage-0.8.11.jar:/home/runner/.m2/repository/org/jboss/resteasy/resteasy-jackson2-provider/6.2.9.Final/resteasy-jackson2-provider-6.2.9.Final.jar:/home/runner/.m2/repository/com/fasterxml/jackson/jakarta/rs/jackson-jakarta-rs-base/2.17.2/jackson-jakarta-rs-base-2.17.2.jar:/home/runner/.m2/repository/com/fasterxml/jackson/jakarta/rs/jackson-jakarta-rs-json-provider/2.17.2/jackson-jakarta-rs-json-provider-2.17.2.jar:/home/runner/.m2/repository/com/fasterxml/jackson/module/jackson-module-jakarta-xmlbind-annotations/2.17.2/jackson-module-jakarta-xmlbind-annotations-2.17.2.jar:/home/runner/.m2/repository/com/github/java-json-tools/json-patch/1.13/json-patch-1.13.jar:/home/runner/.m2/repository/com/github/java-json-tools/msg-simple/1.2/msg-simple-1.2.jar:/home/runner/.m2/repository/com/github/java-json-tools/btf/1.3/btf-1.3.jar:/home/runner/.m2/repository/com/github/java-json-tools/jackson-coreutils/2.0/jackson-coreutils-2.0.jar:/home/runner/.m2/repository/org/jboss/resteasy/resteasy-jaxb-provider/6.2.9.Final/resteasy-jaxb-provider-6.2.9.Final.jar:/home/runner/.m2/repository/org/glassfish/jaxb/codemodel/4.0.3/codemodel-4.0.3.jar:/home/runner/.m2/repository/org/glassfish/jaxb/jaxb-core/4.0.5/jaxb-core-4.0.5.jar:/home/runner/.m2/repository/org/glassfish/jaxb/jaxb-jxc/4.0.3/jaxb-jxc-4.0.3.jar:/home/runner/.m2/repository/org/glassfish/jaxb/jaxb-runtime/4.0.5/jaxb-runtime-4.0.5.jar:/home/runner/.m2/repository/org/glassfish/jaxb/txw2/4.0.5/txw2-4.0.5.jar:/home/runner/.m2/repository/org/glassfish/jaxb/jaxb-xjc/4.0.3/jaxb-xjc-4.0.3.jar:/home/runner/.m2/repository/org/glassfish/jaxb/xsom/4.0.3/xsom-4.0.3.jar:/home/runner/.m2/repository/com/sun/istack/istack-commons-runtime/4.1.2/istack-commons-runtime-4.1.2.jar:/home/runner/.m2/repository/com/sun/istack/istack-commons-tools/4.1.2/istack-commons-tools-4.1.2.jar:/home/runner/.m2/repository/com/sun/xml/bind/external/relaxng-datatype/4.0.3/relaxng-datatype-4.0.3.jar:/home/runner/.m2/repository/com/sun/xml/bind/external/rngom/4.0.3/rngom-4.0.3.jar:/home/runner/.m2/repository/org/testcontainers/mssqlserver/1.20.1/mssqlserver-1.20.1.jar:/home/runner/.m2/repository/org/testcontainers/jdbc/1.20.1/jdbc-1.20.1.jar:/home/runner/.m2/repository/org/testcontainers/database-commons/1.20.1/database-commons-1.20.1.jar:/home/runner/.m2/repository/org/testcontainers/mysql/1.20.1/mysql-1.20.1.jar:/home/runner/.m2/repository/io/strimzi/strimzi-test-container/0.107.0/strimzi-test-container-0.107.0.jar:/home/runner/.m2/repository/org/testcontainers/toxiproxy/1.20.1/toxiproxy-1.20.1.jar:/home/runner/.m2/repository/com/github/docker-java/docker-java-api/3.4.0/docker-java-api-3.4.0.jar:/home/runner/.m2/repository/eu/rekawek/toxiproxy/toxiproxy-java/2.1.7/toxiproxy-java-2.1.7.jar:/home/runner/.m2/repository/junit/junit/4.13.2/junit-4.13.2.jar:/home/runner/.m2/repository/org/hamcrest/hamcrest-core/1.3/hamcrest-core-1.3.jar:/home/runner/.m2/repository/org/testcontainers/pulsar/1.20.4/pulsar-1.20.4.jar:/home/runner/.m2/repository/io/debezium/debezium-testing-testcontainers/2.6.2.Final/debezium-testing-testcontainers-2.6.2.Final.jar:/home/runner/.m2/repository/org/testcontainers/kafka/1.20.1/kafka-1.20.1.jar:/home/runner/.m2/repository/com/squareup/okhttp3/okhttp/4.8.1/okhttp-4.8.1.jar:/home/runner/.m2/repository/com/squareup/okio/okio/3.10.2/okio-3.10.2.jar:/home/runner/.m2/repository/com/squareup/okio/okio-jvm/3.10.2/okio-jvm-3.10.2.jar:/home/runner/.m2/repository/org/jetbrains/kotlin/kotlin-stdlib/2.0.10/kotlin-stdlib-2.0.10.jar:/home/runner/.m2/repository/org/awaitility/awaitility/4.2.2/awaitility-4.2.2.jar:/home/runner/.m2/repository/org/testcontainers/mongodb/1.20.1/mongodb-1.20.1.jar:/home/runner/.m2/repository/org/testcontainers/oracle-xe/1.20.1/oracle-xe-1.20.1.jar:/home/runner/.m2/repository/org/testcontainers/postgresql/1.20.1/postgresql-1.20.1.jar:/home/runner/.m2/repository/org/wiremock/wiremock/3.0.1/wiremock-3.0.1.jar:/home/runner/.m2/repository/org/eclipse/jetty/jetty-server/11.0.15/jetty-server-11.0.15.jar:/home/runner/.m2/repository/org/eclipse/jetty/toolchain/jetty-jakarta-servlet-api/5.0.2/jetty-jakarta-servlet-api-5.0.2.jar:/home/runner/.m2/repository/org/eclipse/jetty/jetty-http/11.0.15/jetty-http-11.0.15.jar:/home/runner/.m2/repository/org/eclipse/jetty/jetty-io/11.0.15/jetty-io-11.0.15.jar:/home/runner/.m2/repository/org/eclipse/jetty/jetty-servlet/11.0.15/jetty-servlet-11.0.15.jar:/home/runner/.m2/repository/org/eclipse/jetty/jetty-security/11.0.15/jetty-security-11.0.15.jar:/home/runner/.m2/repository/org/eclipse/jetty/jetty-servlets/11.0.15/jetty-servlets-11.0.15.jar:/home/runner/.m2/repository/org/eclipse/jetty/jetty-util/11.0.15/jetty-util-11.0.15.jar:/home/runner/.m2/repository/org/eclipse/jetty/jetty-webapp/11.0.15/jetty-webapp-11.0.15.jar:/home/runner/.m2/repository/org/eclipse/jetty/jetty-xml/11.0.15/jetty-xml-11.0.15.jar:/home/runner/.m2/repository/org/eclipse/jetty/jetty-proxy/11.0.15/jetty-proxy-11.0.15.jar:/home/runner/.m2/repository/org/eclipse/jetty/jetty-client/11.0.15/jetty-client-11.0.15.jar:/home/runner/.m2/repository/org/eclipse/jetty/http2/http2-server/11.0.15/http2-server-11.0.15.jar:/home/runner/.m2/repository/org/eclipse/jetty/http2/http2-common/11.0.15/http2-common-11.0.15.jar:/home/runner/.m2/repository/org/eclipse/jetty/http2/http2-hpack/11.0.15/http2-hpack-11.0.15.jar:/home/runner/.m2/repository/org/eclipse/jetty/jetty-alpn-server/11.0.15/jetty-alpn-server-11.0.15.jar:/home/runner/.m2/repository/org/eclipse/jetty/jetty-alpn-java-server/11.0.15/jetty-alpn-java-server-11.0.15.jar:/home/runner/.m2/repository/org/eclipse/jetty/jetty-alpn-java-client/11.0.15/jetty-alpn-java-client-11.0.15.jar:/home/runner/.m2/repository/org/eclipse/jetty/jetty-alpn-client/11.0.15/jetty-alpn-client-11.0.15.jar:/home/runner/.m2/repository/org/apache/httpcomponents/client5/httpclient5/5.2.1/httpclient5-5.2.1.jar:/home/runner/.m2/repository/org/apache/httpcomponents/core5/httpcore5/5.2/httpcore5-5.2.jar:/home/runner/.m2/repository/org/apache/httpcomponents/core5/httpcore5-h2/5.2/httpcore5-h2-5.2.jar:/home/runner/.m2/repository/org/xmlunit/xmlunit-core/2.9.1/xmlunit-core-2.9.1.jar:/home/runner/.m2/repository/jakarta/xml/bind/jakarta.xml.bind-api/4.0.2/jakarta.xml.bind-api-4.0.2.jar:/home/runner/.m2/repository/jakarta/activation/jakarta.activation-api/2.1.3/jakarta.activation-api-2.1.3.jar:/home/runner/.m2/repository/org/xmlunit/xmlunit-legacy/2.9.1/xmlunit-legacy-2.9.1.jar:/home/runner/.m2/repository/org/xmlunit/xmlunit-placeholders/2.9.1/xmlunit-placeholders-2.9.1.jar:/home/runner/.m2/repository/net/javacrumbs/json-unit/json-unit-core/2.38.0/json-unit-core-2.38.0.jar:/home/runner/.m2/repository/com/jayway/jsonpath/json-path/2.8.0/json-path-2.8.0.jar:/home/runner/.m2/repository/net/minidev/json-smart/2.4.10/json-smart-2.4.10.jar:/home/runner/.m2/repository/net/minidev/accessors-smart/2.4.9/accessors-smart-2.4.9.jar:/home/runner/.m2/repository/org/ow2/asm/asm/9.7/asm-9.7.jar:/home/runner/.m2/repository/net/sf/jopt-simple/jopt-simple/5.0.4/jopt-simple-5.0.4.jar:/home/runner/.m2/repository/com/github/jknack/handlebars/4.3.1/handlebars-4.3.1.jar:/home/runner/.m2/repository/com/github/jknack/handlebars-helpers/4.3.1/handlebars-helpers-4.3.1.jar:/home/runner/.m2/repository/commons-fileupload/commons-fileupload/1.5/commons-fileupload-1.5.jar:/home/runner/.m2/repository/com/networknt/json-schema-validator/1.5.5/json-schema-validator-1.5.5.jar:/home/runner/.m2/repository/com/ethlo/time/itu/1.10.3/itu-1.10.3.jar:/home/runner/.m2/repository/io/quarkus/quarkus-smallrye-jwt-build/3.15.4/quarkus-smallrye-jwt-build-3.15.4.jar:/home/runner/.m2/repository/io/smallrye/smallrye-jwt-build/4.5.3/smallrye-jwt-build-4.5.3.jar:/home/runner/.m2/repository/org/eclipse/microprofile/jwt/microprofile-jwt-auth-api/2.1/microprofile-jwt-auth-api-2.1.jar:/home/runner/.m2/repository/org/bitbucket/b_c/jose4j/0.9.6/jose4j-0.9.6.jar:/home/runner/.m2/repository/io/smallrye/smallrye-jwt-common/4.5.3/smallrye-jwt-common-4.5.3.jar:/home/runner/.m2/repository/io/quarkus/quarkus-jsonp/3.15.4/quarkus-jsonp-3.15.4.jar:/home/runner/.m2/repository/io/quarkus/quarkus-arc/3.15.4/quarkus-arc-3.15.4.jar:/home/runner/.m2/repository/io/quarkus/arc/arc/3.15.4/arc-3.15.4.jar:/home/runner/.m2/repository/jakarta/transaction/jakarta.transaction-api/2.0.1/jakarta.transaction-api-2.0.1.jar:/home/runner/.m2/repository/io/smallrye/reactive/mutiny/2.6.2/mutiny-2.6.2.jar:/home/runner/.m2/repository/org/jctools/jctools-core/4.0.5/jctools-core-4.0.5.jar:/home/runner/.m2/repository/org/eclipse/microprofile/context-propagation/microprofile-context-propagation-api/1.3/microprofile-context-propagation-api-1.3.jar:/home/runner/.m2/repository/io/apicurio/apicurio-common-rest-client-common/0.1.18.Final/apicurio-common-rest-client-common-0.1.18.Final.jar:/home/runner/work/apicurio-testing/apicurio-testing/clusters/ci419/namespaces/inmemory/tests/integration/apicurio-registry/utils/maven-plugin/target/apicurio-registry-maven-plugin-3.0.9.jar:/home/runner/.m2/repository/com/fasterxml/jackson/core/jackson-databind/2.17.2/jackson-databind-2.17.2.jar:/home/runner/.m2/repository/org/apache/avro/avro/1.12.0/avro-1.12.0.jar:/home/runner/.m2/repository/com/google/protobuf/protobuf-java/3.25.8/protobuf-java-3.25.8.jar:/home/runner/.m2/repository/com/google/protobuf/protobuf-java-util/3.25.8/protobuf-java-util-3.25.8.jar:/home/runner/.m2/repository/com/google/code/findbugs/jsr305/3.0.2/jsr305-3.0.2.jar:/home/runner/.m2/repository/com/google/code/gson/gson/2.11.0/gson-2.11.0.jar:/home/runner/.m2/repository/com/google/errorprone/error_prone_annotations/2.30.0/error_prone_annotations-2.30.0.jar:/home/runner/.m2/repository/com/google/j2objc/j2objc-annotations/2.8/j2objc-annotations-2.8.jar:/home/runner/work/apicurio-testing/apicurio-testing/clusters/ci419/namespaces/inmemory/tests/integration/apicurio-registry/schema-util/util-provider/target/apicurio-registry-schema-util-provider-3.0.9.jar:/home/runner/work/apicurio-testing/apicurio-testing/clusters/ci419/namespaces/inmemory/tests/integration/apicurio-registry/schema-util/common/target/apicurio-registry-schema-util-common-3.0.9.jar:/home/runner/.m2/repository/com/fasterxml/jackson/module/jackson-module-parameter-names/2.17.2/jackson-module-parameter-names-2.17.2.jar:/home/runner/.m2/repository/com/fasterxml/jackson/datatype/jackson-datatype-json-org/2.18.2/jackson-datatype-json-org-2.18.2.jar:/home/runner/work/apicurio-testing/apicurio-testing/clusters/ci419/namespaces/inmemory/tests/integration/apicurio-registry/schema-util/json/target/apicurio-registry-schema-util-json-3.0.9.jar:/home/runner/.m2/repository/com/github/erosb/everit-json-schema/1.14.5/everit-json-schema-1.14.5.jar:/home/runner/.m2/repository/commons-validator/commons-validator/1.9.0/commons-validator-1.9.0.jar:/home/runner/.m2/repository/commons-digester/commons-digester/2.1/commons-digester-2.1.jar:/home/runner/.m2/repository/commons-collections/commons-collections/3.2.2/commons-collections-3.2.2.jar:/home/runner/.m2/repository/com/damnhandy/handy-uri-templates/2.1.8/handy-uri-templates-2.1.8.jar:/home/runner/.m2/repository/joda-time/joda-time/2.10.2/joda-time-2.10.2.jar:/home/runner/.m2/repository/com/github/erosb/json-sKema/0.20.0/json-sKema-0.20.0.jar:/home/runner/.m2/repository/io/vertx/vertx-json-schema/4.5.13/vertx-json-schema-4.5.13.jar:/home/runner/work/apicurio-testing/apicurio-testing/clusters/ci419/namespaces/inmemory/tests/integration/apicurio-registry/schema-util/protobuf/target/apicurio-registry-schema-util-protobuf-3.0.9.jar:/home/runner/work/apicurio-testing/apicurio-testing/clusters/ci419/namespaces/inmemory/tests/integration/apicurio-registry/utils/protobuf-schema-utilities/target/apicurio-registry-protobuf-schema-utilities-3.0.9.jar:/home/runner/.m2/repository/com/google/api/grpc/proto-google-common-protos/2.52.0/proto-google-common-protos-2.52.0.jar:/home/runner/.m2/repository/com/squareup/wire/wire-schema-jvm/5.1.0/wire-schema-jvm-5.1.0.jar:/home/runner/.m2/repository/com/squareup/javapoet/1.13.0/javapoet-1.13.0.jar:/home/runner/.m2/repository/com/squareup/kotlinpoet-jvm/1.18.1/kotlinpoet-jvm-1.18.1.jar:/home/runner/.m2/repository/org/jetbrains/kotlin/kotlin-reflect/2.0.10/kotlin-reflect-2.0.10.jar:/home/runner/.m2/repository/com/squareup/wire/wire-runtime-jvm/5.1.0/wire-runtime-jvm-5.1.0.jar:/home/runner/.m2/repository/com/ibm/icu/icu4j/76.1/icu4j-76.1.jar:/home/runner/.m2/repository/com/squareup/okio/okio-fakefilesystem/3.10.2/okio-fakefilesystem-3.10.2.jar:/home/runner/.m2/repository/com/squareup/okio/okio-fakefilesystem-jvm/3.10.2/okio-fakefilesystem-jvm-3.10.2.jar:/home/runner/.m2/repository/org/jetbrains/kotlinx/kotlinx-datetime-jvm/0.6.1/kotlinx-datetime-jvm-0.6.1.jar:/home/runner/work/apicurio-testing/apicurio-testing/clusters/ci419/namespaces/inmemory/tests/integration/apicurio-registry/schema-util/asyncapi/target/apicurio-registry-schema-util-asyncapi-3.0.9.jar:/home/runner/work/apicurio-testing/apicurio-testing/clusters/ci419/namespaces/inmemory/tests/integration/apicurio-registry/schema-util/avro/target/apicurio-registry-schema-util-avro-3.0.9.jar:/home/runner/work/apicurio-testing/apicurio-testing/clusters/ci419/namespaces/inmemory/tests/integration/apicurio-registry/schema-util/graphql/target/apicurio-registry-schema-util-graphql-3.0.9.jar:/home/runner/.m2/repository/com/graphql-java/graphql-java/22.3/graphql-java-22.3.jar:/home/runner/.m2/repository/com/graphql-java/java-dataloader/3.3.0/java-dataloader-3.3.0.jar:/home/runner/work/apicurio-testing/apicurio-testing/clusters/ci419/namespaces/inmemory/tests/integration/apicurio-registry/schema-util/kconnect/target/apicurio-registry-schema-util-kconnect-3.0.9.jar:/home/runner/work/apicurio-testing/apicurio-testing/clusters/ci419/namespaces/inmemory/tests/integration/apicurio-registry/schema-util/openapi/target/apicurio-registry-schema-util-openapi-3.0.9.jar:/home/runner/.m2/repository/io/apicurio/apicurio-data-models/2.2.1/apicurio-data-models-2.2.1.jar:/home/runner/.m2/repository/org/openapitools/openapidiff/openapi-diff-core/2.0.1/openapi-diff-core-2.0.1.jar:/home/runner/.m2/repository/io/swagger/parser/v3/swagger-parser/2.0.28/swagger-parser-2.0.28.jar:/home/runner/.m2/repository/io/swagger/parser/v3/swagger-parser-v2-converter/2.0.28/swagger-parser-v2-converter-2.0.28.jar:/home/runner/.m2/repository/io/swagger/swagger-core/1.6.3/swagger-core-1.6.3.jar:/home/runner/.m2/repository/io/swagger/swagger-models/1.6.3/swagger-models-1.6.3.jar:/home/runner/.m2/repository/io/swagger/swagger-annotations/1.6.3/swagger-annotations-1.6.3.jar:/home/runner/.m2/repository/io/swagger/swagger-parser/1.0.56/swagger-parser-1.0.56.jar:/home/runner/.m2/repository/io/swagger/swagger-compat-spec-parser/1.0.56/swagger-compat-spec-parser-1.0.56.jar:/home/runner/.m2/repository/com/github/java-json-tools/json-schema-validator/2.2.14/json-schema-validator-2.2.14.jar:/home/runner/.m2/repository/com/github/java-json-tools/jackson-coreutils-equivalence/1.0/jackson-coreutils-equivalence-1.0.jar:/home/runner/.m2/repository/com/github/java-json-tools/json-schema-core/1.2.14/json-schema-core-1.2.14.jar:/home/runner/.m2/repository/com/github/java-json-tools/uri-template/0.10/uri-template-0.10.jar:/home/runner/.m2/repository/com/sun/mail/mailapi/1.6.2/mailapi-1.6.2.jar:/home/runner/.m2/repository/com/googlecode/libphonenumber/libphonenumber/8.11.1/libphonenumber-8.11.1.jar:/home/runner/.m2/repository/com/j2html/j2html/1.5.0/j2html-1.5.0.jar:/home/runner/.m2/repository/org/apache/commons/commons-collections4/4.4/commons-collections4-4.4.jar:/home/runner/.m2/repository/commons-httpclient/commons-httpclient/3.1/commons-httpclient-3.1.jar:/home/runner/.m2/repository/io/swagger/parser/v3/swagger-parser-v3/2.1.25/swagger-parser-v3-2.1.25.jar:/home/runner/.m2/repository/io/swagger/core/v3/swagger-models/2.2.28/swagger-models-2.2.28.jar:/home/runner/.m2/repository/io/swagger/core/v3/swagger-core/2.2.28/swagger-core-2.2.28.jar:/home/runner/.m2/repository/io/swagger/parser/v3/swagger-parser-core/2.1.25/swagger-parser-core-2.1.25.jar:/home/runner/.m2/repository/io/swagger/parser/v3/swagger-parser-safe-url-resolver/2.1.25/swagger-parser-safe-url-resolver-2.1.25.jar:/home/runner/work/apicurio-testing/apicurio-testing/clusters/ci419/namespaces/inmemory/tests/integration/apicurio-registry/schema-util/wsdl/target/apicurio-registry-schema-util-wsdl-3.0.9.jar:/home/runner/.m2/repository/wsdl4j/wsdl4j/1.6.3/wsdl4j-1.6.3.jar:/home/runner/work/apicurio-testing/apicurio-testing/clusters/ci419/namespaces/inmemory/tests/integration/apicurio-registry/schema-util/xml/target/apicurio-registry-schema-util-xml-3.0.9.jar:/home/runner/.m2/repository/org/apache/santuario/xmlsec/4.0.3/xmlsec-4.0.3.jar:/home/runner/.m2/repository/com/fasterxml/woodstox/woodstox-core/7.1.0/woodstox-core-7.1.0.jar:/home/runner/.m2/repository/org/codehaus/woodstox/stax2-api/4.2.2/stax2-api-4.2.2.jar:/home/runner/work/apicurio-testing/apicurio-testing/clusters/ci419/namespaces/inmemory/tests/integration/apicurio-registry/schema-util/xsd/target/apicurio-registry-schema-util-xsd-3.0.9.jar:/home/runner/work/apicurio-testing/apicurio-testing/clusters/ci419/namespaces/inmemory/tests/integration/apicurio-registry/serdes/kafka/jsonschema-serde/target/apicurio-registry-jsonschema-serde-kafka-3.0.9.jar:/home/runner/work/apicurio-testing/apicurio-testing/clusters/ci419/namespaces/inmemory/tests/integration/apicurio-registry/serdes/kafka/serde-kafka-common/target/apicurio-registry-serde-kafka-common-3.0.9.jar:/home/runner/work/apicurio-testing/apicurio-testing/clusters/ci419/namespaces/inmemory/tests/integration/apicurio-registry/serdes/generic/serde-common/target/apicurio-registry-serde-common-3.0.9.jar:/home/runner/work/apicurio-testing/apicurio-testing/clusters/ci419/namespaces/inmemory/tests/integration/apicurio-registry/schema-resolver/target/apicurio-registry-schema-resolver-3.0.9.jar:/home/runner/work/apicurio-testing/apicurio-testing/clusters/ci419/namespaces/inmemory/tests/integration/apicurio-registry/serdes/generic/serde-common-jsonschema/target/apicurio-registry-serde-common-jsonschema-3.0.9.jar:/home/runner/.m2/repository/org/json/json/20250107/json-20250107.jar:/home/runner/work/apicurio-testing/apicurio-testing/clusters/ci419/namespaces/inmemory/tests/integration/apicurio-registry/serdes/kafka/avro-serde/target/apicurio-registry-avro-serde-kafka-3.0.9.jar:/home/runner/work/apicurio-testing/apicurio-testing/clusters/ci419/namespaces/inmemory/tests/integration/apicurio-registry/serdes/generic/serde-common-avro/target/apicurio-registry-serde-common-avro-3.0.9.jar:/home/runner/work/apicurio-testing/apicurio-testing/clusters/ci419/namespaces/inmemory/tests/integration/apicurio-registry/serdes/kafka/protobuf-serde/target/apicurio-registry-protobuf-serde-kafka-3.0.9.jar:/home/runner/work/apicurio-testing/apicurio-testing/clusters/ci419/namespaces/inmemory/tests/integration/apicurio-registry/serdes/generic/serde-common-protobuf/target/apicurio-registry-serde-common-protobuf-3.0.9.jar:/home/runner/.m2/repository/com/squareup/wire/wire-schema/5.1.0/wire-schema-5.1.0.jar:/home/runner/.m2/repository/com/squareup/wire/wire-runtime/5.1.0/wire-runtime-5.1.0.jar:/home/runner/work/apicurio-testing/apicurio-testing/clusters/ci419/namespaces/inmemory/tests/integration/apicurio-registry/serdes/pulsar/avro-serde/target/apicurio-registry-avro-serde-pulsar-3.0.9.jar:/home/runner/.m2/repository/org/apache/pulsar/pulsar-functions-api/3.3.4/pulsar-functions-api-3.3.4.jar:/home/runner/work/apicurio-testing/apicurio-testing/clusters/ci419/namespaces/inmemory/tests/integration/apicurio-registry/serdes/nats/avro-serde/target/apicurio-registry-avro-serde-nats-3.0.9.jar:/home/runner/.m2/repository/io/nats/jnats/2.20.5/jnats-2.20.5.jar:/home/runner/.m2/repository/net/i2p/crypto/eddsa/0.3.0/eddsa-0.3.0.jar:/home/runner/work/apicurio-testing/apicurio-testing/clusters/ci419/namespaces/inmemory/tests/integration/apicurio-registry/utils/converter/target/apicurio-registry-utils-converter-3.0.9.jar:/home/runner/.m2/repository/org/apache/kafka/connect-api/3.9.1/connect-api-3.9.1.jar:/home/runner/.m2/repository/javax/ws/rs/javax.ws.rs-api/2.1.1/javax.ws.rs-api-2.1.1.jar:/home/runner/.m2/repository/org/apache/kafka/connect-json/3.9.1/connect-json-3.9.1.jar:/home/runner/.m2/repository/com/fasterxml/jackson/datatype/jackson-datatype-jdk8/2.17.2/jackson-datatype-jdk8-2.17.2.jar:/home/runner/.m2/repository/com/fasterxml/jackson/module/jackson-module-afterburner/2.17.2/jackson-module-afterburner-2.17.2.jar:/home/runner/work/apicurio-testing/apicurio-testing/clusters/ci419/namespaces/inmemory/tests/integration/apicurio-registry/utils/kafka/target/apicurio-registry-utils-kafka-3.0.9.jar:/home/runner/.m2/repository/org/apache/pulsar/pulsar-client/3.3.4/pulsar-client-3.3.4.jar:/home/runner/.m2/repository/org/apache/pulsar/pulsar-client-api/3.3.4/pulsar-client-api-3.3.4.jar:/home/runner/.m2/repository/org/apache/pulsar/pulsar-client-admin-api/3.3.4/pulsar-client-admin-api-3.3.4.jar:/home/runner/.m2/repository/org/apache/pulsar/bouncy-castle-bc/3.3.4/bouncy-castle-bc-3.3.4-pkg.jar:/home/runner/.m2/repository/org/bouncycastle/bcpkix-jdk18on/1.78.1/bcpkix-jdk18on-1.78.1.jar:/home/runner/.m2/repository/org/bouncycastle/bcutil-jdk18on/1.78.1/bcutil-jdk18on-1.78.1.jar:/home/runner/.m2/repository/org/bouncycastle/bcprov-jdk18on/1.78.1/bcprov-jdk18on-1.78.1.jar:/home/runner/.m2/repository/io/opentelemetry/opentelemetry-api/1.39.0/opentelemetry-api-1.39.0.jar:/home/runner/.m2/repository/io/opentelemetry/opentelemetry-context/1.39.0/opentelemetry-context-1.39.0.jar:/home/runner/.m2/repository/io/opentelemetry/opentelemetry-api-incubator/1.39.0-alpha/opentelemetry-api-incubator-1.39.0-alpha.jar:/home/runner/.m2/repository/com/fasterxml/jackson/core/jackson-annotations/2.17.2/jackson-annotations-2.17.2.jar:/home/runner/.m2/repository/javax/validation/validation-api/1.1.0.Final/validation-api-1.1.0.Final.jar:/home/runner/.m2/repository/io/confluent/kafka-avro-serializer/7.9.0/kafka-avro-serializer-7.9.0.jar:/home/runner/.m2/repository/org/apache/commons/commons-compress/1.27.0/commons-compress-1.27.0.jar:/home/runner/.m2/repository/io/confluent/kafka-schema-serializer/7.9.0/kafka-schema-serializer-7.9.0.jar:/home/runner/.m2/repository/com/fasterxml/jackson/dataformat/jackson-dataformat-csv/2.17.2/jackson-dataformat-csv-2.17.2.jar:/home/runner/.m2/repository/io/confluent/kafka-schema-registry-client/7.9.0/kafka-schema-registry-client-7.9.0.jar:/home/runner/.m2/repository/org/yaml/snakeyaml/2.2/snakeyaml-2.2.jar:/home/runner/.m2/repository/io/swagger/core/v3/swagger-annotations/2.1.10/swagger-annotations-2.1.10.jar:/home/runner/.m2/repository/com/google/guava/guava/33.2.1-jre/guava-33.2.1-jre.jar:/home/runner/.m2/repository/com/google/guava/failureaccess/1.0.1/failureaccess-1.0.1.jar:/home/runner/.m2/repository/org/checkerframework/checker-qual/3.46.0/checker-qual-3.46.0.jar:/home/runner/.m2/repository/io/confluent/logredactor/1.0.12/logredactor-1.0.12.jar:/home/runner/.m2/repository/com/google/re2j/re2j/1.6/re2j-1.6.jar:/home/runner/.m2/repository/io/confluent/logredactor-metrics/1.0.12/logredactor-metrics-1.0.12.jar:/home/runner/.m2/repository/com/eclipsesource/minimal-json/minimal-json/0.9.5/minimal-json-0.9.5.jar:/home/runner/.m2/repository/io/confluent/common-utils/7.9.0/common-utils-7.9.0.jar:/home/runner/.m2/repository/io/confluent/kafka-connect-avro-converter/7.9.0/kafka-connect-avro-converter-7.9.0.jar:/home/runner/.m2/repository/io/confluent/kafka-connect-avro-data/7.9.0/kafka-connect-avro-data-7.9.0.jar:/home/runner/.m2/repository/io/confluent/kafka-schema-converter/7.9.0/kafka-schema-converter-7.9.0.jar:/home/runner/.m2/repository/io/rest-assured/rest-assured/5.5.0/rest-assured-5.5.0.jar:/home/runner/.m2/repository/org/apache/groovy/groovy/4.0.22/groovy-4.0.22.jar:/home/runner/.m2/repository/org/apache/groovy/groovy-xml/4.0.22/groovy-xml-4.0.22.jar:/home/runner/.m2/repository/org/apache/httpcomponents/httpclient/4.5.14/httpclient-4.5.14.jar:/home/runner/.m2/repository/org/apache/httpcomponents/httpcore/4.4.16/httpcore-4.4.16.jar:/home/runner/.m2/repository/org/apache/httpcomponents/httpmime/4.5.14/httpmime-4.5.14.jar:/home/runner/.m2/repository/org/hamcrest/hamcrest/2.2/hamcrest-2.2.jar:/home/runner/.m2/repository/org/ccil/cowan/tagsoup/tagsoup/1.2.1/tagsoup-1.2.1.jar:/home/runner/.m2/repository/io/rest-assured/json-path/5.5.0/json-path-5.5.0.jar:/home/runner/.m2/repository/org/apache/groovy/groovy-json/4.0.22/groovy-json-4.0.22.jar:/home/runner/.m2/repository/io/rest-assured/rest-assured-common/5.5.0/rest-assured-common-5.5.0.jar:/home/runner/.m2/repository/io/rest-assured/xml-path/5.5.0/xml-path-5.5.0.jar:/home/runner/.m2/repository/io/zonky/test/embedded-postgres/2.1.0/embedded-postgres-2.1.0.jar:/home/runner/.m2/repository/io/zonky/test/postgres/embedded-postgres-binaries-windows-amd64/14.15.0/embedded-postgres-binaries-windows-amd64-14.15.0.jar:/home/runner/.m2/repository/io/zonky/test/postgres/embedded-postgres-binaries-darwin-amd64/14.15.0/embedded-postgres-binaries-darwin-amd64-14.15.0.jar:/home/runner/.m2/repository/io/zonky/test/postgres/embedded-postgres-binaries-linux-amd64/14.15.0/embedded-postgres-binaries-linux-amd64-14.15.0.jar:/home/runner/.m2/repository/io/zonky/test/postgres/embedded-postgres-binaries-linux-amd64-alpine/14.15.0/embedded-postgres-binaries-linux-amd64-alpine-14.15.0.jar:/home/runner/.m2/repository/org/apache/commons/commons-lang3/3.14.0/commons-lang3-3.14.0.jar:/home/runner/.m2/repository/org/tukaani/xz/1.10/xz-1.10.jar:/home/runner/.m2/repository/commons-codec/commons-codec/1.18.0/commons-codec-1.18.0.jar:/home/runner/.m2/repository/org/postgresql/postgresql/42.7.4/postgresql-42.7.4.jar:/home/runner/.m2/repository/commons-io/commons-io/2.16.1/commons-io-2.16.1.jar:/home/runner/work/apicurio-testing/apicurio-testing/clusters/ci419/namespaces/inmemory/tests/integration/apicurio-registry/utils/importexport/target/apicurio-registry-utils-import-export-3.0.9.jar:/home/runner/.m2/repository/io/vertx/vertx-core/4.5.13/vertx-core-4.5.13.jar:/home/runner/.m2/repository/io/netty/netty-common/4.1.118.Final/netty-common-4.1.118.Final.jar:/home/runner/.m2/repository/io/netty/netty-buffer/4.1.118.Final/netty-buffer-4.1.118.Final.jar:/home/runner/.m2/repository/io/netty/netty-transport/4.1.118.Final/netty-transport-4.1.118.Final.jar:/home/runner/.m2/repository/io/netty/netty-handler/4.1.118.Final/netty-handler-4.1.118.Final.jar:/home/runner/.m2/repository/io/netty/netty-transport-native-unix-common/4.1.118.Final/netty-transport-native-unix-common-4.1.118.Final.jar:/home/runner/.m2/repository/io/netty/netty-codec/4.1.118.Final/netty-codec-4.1.118.Final.jar:/home/runner/.m2/repository/io/netty/netty-handler-proxy/4.1.118.Final/netty-handler-proxy-4.1.118.Final.jar:/home/runner/.m2/repository/io/netty/netty-codec-socks/4.1.118.Final/netty-codec-socks-4.1.118.Final.jar:/home/runner/.m2/repository/io/netty/netty-codec-http/4.1.118.Final/netty-codec-http-4.1.118.Final.jar:/home/runner/.m2/repository/io/netty/netty-codec-http2/4.1.118.Final/netty-codec-http2-4.1.118.Final.jar:/home/runner/.m2/repository/io/netty/netty-resolver/4.1.118.Final/netty-resolver-4.1.118.Final.jar:/home/runner/.m2/repository/io/netty/netty-resolver-dns/4.1.118.Final/netty-resolver-dns-4.1.118.Final.jar:/home/runner/.m2/repository/io/netty/netty-codec-dns/4.1.118.Final/netty-codec-dns-4.1.118.Final.jar:/home/runner/.m2/repository/com/fasterxml/jackson/core/jackson-core/2.17.2/jackson-core-2.17.2.jar:"/>
    <property name="sun.cpu.endian" value="little"/>
    <property name="user.home" value="/home/runner"/>
    <property name="user.language" value="en"/>
    <property name="jboss.log-version" value="false"/>
    <property name="java.specification.vendor" value="Oracle Corporation"/>
    <property name="java.version.date" value="2025-07-15"/>
    <property name="java.home" value="/usr/lib/jvm/temurin-17-jdk-amd64"/>
    <property name="file.separator" value="/"/>
    <property name="basedir" value="/home/runner/work/apicurio-testing/apicurio-testing/clusters/ci419/namespaces/inmemory/tests/integration/apicurio-registry/integration-tests"/>
    <property name="java.vm.compressedOopsMode" value="32-bit"/>
    <property name="line.separator" value="&#10;"/>
    <property name="java.specification.name" value="Java Platform API Specification"/>
    <property name="java.vm.specification.vendor" value="Oracle Corporation"/>
    <property name="quarkus.http.test-host" value="registry-app-inmemory.apps.ci419.apicurio-testing.org"/>
    <property name="surefire.real.class.path" value="/home/runner/work/apicurio-testing/apicurio-testing/clusters/ci419/namespaces/inmemory/tests/integration/apicurio-registry/integration-tests/target/surefire/surefirebooter-20250731022035064_3.jar"/>
    <property name="sun.management.compiler" value="HotSpot 64-Bit Tiered Compilers"/>
    <property name="org.eclipse.jetty.http.HttpGenerator.STRICT" value="true"/>
    <property name="java.runtime.version" value="17.0.16+8"/>
    <property name="user.name" value="runner"/>
    <property name="path.separator" value=":"/>
    <property name="os.version" value="6.8.0-1031-azure"/>
    <property name="java.runtime.name" value="OpenJDK Runtime Environment"/>
    <property name="file.encoding" value="UTF-8"/>
    <property name="jnidispatch.path" value="/home/runner/.cache/JNA/temp/jna7018364848464739540.tmp"/>
    <property name="java.vm.name" value="OpenJDK 64-Bit Server VM"/>
    <property name="jna.platform.library.path" value="/usr/lib/x86_64-linux-gnu:/lib/x86_64-linux-gnu:/usr/lib64:/lib64:/usr/lib:/lib:/lib32:/usr/local/lib:/usr/lib/x86_64-linux-gnu/libfakeroot"/>
    <property name="java.vendor.version" value="Temurin-17.0.16+8"/>
    <property name="quarkus.oidc.token-path" value="https://keycloak-inmemory.apps.ci419.apicurio-testing.org/realms/registry/protocol/openid-connect/token"/>
    <property name="quarkus.http.host" value="registry-app-inmemory.apps.ci419.apicurio-testing.org"/>
    <property name="localRepository" value="/home/runner/.m2/repository"/>
    <property name="javax.xml.xpath.XPathFactory:http://java.sun.com/jaxp/xpath/dom" value="com.sun.org.apache.xpath.internal.jaxp.XPathFactoryImpl"/>
    <property name="jna.loaded" value="true"/>
    <property name="java.vendor.url.bug" value="https://github.com/adoptium/adoptium-support/issues"/>
    <property name="jetty.git.hash" value="5bc5e562c8d05c5862505aebe5cf83a61bdbcb96"/>
    <property name="java.io.tmpdir" value="/tmp"/>
    <property name="quarkus.http.test-protocol" value="http"/>
    <property name="java.version" value="17.0.16"/>
    <property name="user.dir" value="/home/runner/work/apicurio-testing/apicurio-testing/clusters/ci419/namespaces/inmemory/tests/integration/apicurio-registry/integration-tests"/>
    <property name="os.arch" value="amd64"/>
    <property name="groups" value="( smoke | serdes | acceptance | ui)"/>
    <property name="java.vm.specification.name" value="Java Virtual Machine Specification"/>
    <property name="native.encoding" value="UTF-8"/>
    <property name="java.util.logging.manager" value="org.jboss.logmanager.LogManager"/>
    <property name="java.library.path" value="/usr/java/packages/lib:/usr/lib64:/lib64:/lib:/usr/lib"/>
    <property name="jdk.console" value="java.base"/>
    <property name="java.vm.info" value="mixed mode, sharing"/>
    <property name="java.vendor" value="Eclipse Adoptium"/>
    <property name="java.vm.version" value="17.0.16+8"/>
    <property name="java.specification.maintenance.version" value="1"/>
    <property name="sun.io.unicode.encoding" value="UnicodeLittle"/>
    <property name="javax.xml.transform.TransformerFactory" value="com.sun.org.apache.xalan.internal.xsltc.trax.TransformerFactoryImpl"/>
    <property name="java.class.version" value="61.0"/>
  </properties>
  <testcase name="testEvolveAvroConfluent" classname="io.apicurio.tests.serdes.confluent.BasicConfluentSerDesIT" time="0.852">
    <error type="io.apicurio.registry.rest.client.models.RuleViolationProblemDetails"><![CDATA[io.apicurio.registry.rest.client.models.RuleViolationProblemDetails
	at io.apicurio.registry.rest.client.models.RuleViolationProblemDetails.createFromDiscriminatorValue(RuleViolationProblemDetails.java:62)
	at io.kiota.serialization.json.JsonParseNode.getObjectValue(JsonParseNode.java:247)
	at io.kiota.http.vertx.VertXRequestAdapter.lambda$throwIfFailedResponse$0(VertXRequestAdapter.java:400)
	at com.microsoft.kiota.ApiExceptionBuilder.<init>(ApiExceptionBuilder.java:26)
	at io.kiota.http.vertx.VertXRequestAdapter.throwIfFailedResponse(VertXRequestAdapter.java:399)
	at io.kiota.http.vertx.VertXRequestAdapter.send(VertXRequestAdapter.java:170)
	at io.apicurio.registry.rest.client.groups.item.artifacts.item.versions.VersionsRequestBuilder.post(VersionsRequestBuilder.java:117)
	at io.apicurio.registry.rest.client.groups.item.artifacts.item.versions.VersionsRequestBuilder.post(VersionsRequestBuilder.java:94)
	at io.apicurio.tests.ApicurioRegistryBaseIT.createArtifactVersion(ApicurioRegistryBaseIT.java:153)
	at io.apicurio.tests.serdes.confluent.BasicConfluentSerDesIT.testEvolveAvroConfluent(BasicConfluentSerDesIT.java:208)
	at java.base/java.lang.reflect.Method.invoke(Method.java:569)
	at java.base/java.util.ArrayList.forEach(ArrayList.java:1511)
	at java.base/java.util.ArrayList.forEach(ArrayList.java:1511)
]]></error>
    <system-out><![CDATA[2025-07-31 02:22:16,627 INFO  [io.api.tes.ser.con.BasicConfluentSerDesIT] (main) RestAssured configured with http://registry-app-inmemory.apps.ci419.apicurio-testing.org:80/apis/registry/v3
2025-07-31 02:22:16,778 INFO  [io.api.tes.ser.con.BasicConfluentSerDesIT] (main) Deleting confluent schema subj_39742ce4_a0c7_4742_8838_12422ee85f91-value
2025-07-31 02:22:16,810 INFO  [io.api.tes.ser.con.BasicConfluentSerDesIT] (main) Deleting confluent schema subj_7f978a90_66f9_4719_8943_c53131f8523a-value
2025-07-31 02:22:16,823 INFO  [io.api.tes.ser.con.BasicConfluentSerDesIT] (main) Deleting confluent schema subj_e402e701_e4c0_4465_bc92_d0a0cca9937d-value
2025-07-31 02:22:16,854 INFO  [io.api.tes.ser.con.BasicConfluentSerDesIT] (main) Deleting confluent schema topic-0dc7d4bc_b989_486c_a06d_81fa499578e4-value
2025-07-31 02:22:16,867 INFO  [io.api.tes.ser.con.BasicConfluentSerDesIT] (main) Deleting confluent schema topic-3c2696d5_896d_4d35_994b_293d2bff181d-value
2025-07-31 02:22:16,880 INFO  [io.api.tes.ser.con.BasicConfluentSerDesIT] (main) Deleting confluent schema topic-947e8895_44e8_4c14_ab1b_10de7d3479d2-value
2025-07-31 02:22:16,893 INFO  [io.api.tes.ser.con.BasicConfluentSerDesIT] (main) Deleting confluent schema topic-9ddb95aa_b25d_4601_bbcd_c53a34df3579-value
2025-07-31 02:22:16,905 INFO  [io.api.tes.ser.con.BasicConfluentSerDesIT] (main) Deleting confluent schema topic-428a9cf8_9884_40ff_af44_f8fbc1c7c9a2-value
2025-07-31 02:22:16,918 INFO  [io.api.tes.ser.con.BasicConfluentSerDesIT] (main) Deleting confluent schema topic-db702310_6d22_4bfb_ae76_5ef9b20c7290-value
2025-07-31 02:22:16,931 INFO  [io.api.tes.ser.con.BasicConfluentSerDesIT] (main) Deleting confluent schema myrecordconfluent
2025-07-31 02:22:16,942 INFO  [io.api.tes.ser.con.BasicConfluentSerDesIT] (main) Deleting confluent schema topic-482ce63e_c8c0_41b8_a3a7_aaa99ec41b1a
2025-07-31 02:22:16,952 INFO  [io.api.tes.ser.con.BasicConfluentSerDesIT] (main) Deleting confluent schema topic-9e64c8d7_bfea_4aaf_b68f_234b3b5d3f6b-value
2025-07-31 02:22:16,967 INFO  [io.api.tes.ser.con.BasicConfluentSerDesIT] (main) Deleting confluent schema topic-b2605bb6_782b_4e74_ba3c_2c7f65f30356
2025-07-31 02:22:16,978 INFO  [io.api.tes.ser.con.BasicConfluentSerDesIT] (main) Deleting confluent schema topic-7633f25a_c6a4_403d_a13c_b07ca8a2b6f0-value
2025-07-31 02:22:16,991 INFO  [io.api.tes.ser.con.BasicConfluentSerDesIT] (main) Deleting confluent schema topic-55ef834b_d063_4a0d_8f16_1d9e6ecaeb51
2025-07-31 02:22:17,001 INFO  [io.api.tes.ser.con.BasicConfluentSerDesIT] (main) Deleting confluent schema google/protobuf/timestamp.proto
2025-07-31 02:22:17,012 INFO  [io.api.tes.ser.con.BasicConfluentSerDesIT] (main) Deleting confluent schema topic-77b198c9_3d81_4e54_a901_d7fb1e200a26-value
2025-07-31 02:22:17,022 INFO  [io.api.tes.ser.con.BasicConfluentSerDesIT] (main) Deleting confluent schema topic-d9e201ae_3200_4e7a_a291_c64c93515f3d-value
2025-07-31 02:22:17,050 INFO  [io.api.tes.ser.con.BasicConfluentSerDesIT] (main) Deleting confluent schema topic-ae7ec632_8365_4583_977c_e528d6603424-value
2025-07-31 02:22:17,060 INFO  [io.api.tes.ser.con.BasicConfluentSerDesIT] (main) Deleting confluent schema topic-dfe3d7fc_66c5_460a_8b08_1040abb611f5-value
2025-07-31 02:22:17,074 INFO  [io.api.tes.uti.KafkaFacade] (main) Skipping deployment of kafka, because it's already deployed
2025-07-31 02:22:17,076 INFO  [io.api.tes.uti.TestSeparator] (main) ############################################################################
2025-07-31 02:22:17,076 INFO  [io.api.tes.uti.TestSeparator] (main) io.apicurio.tests.serdes.confluent.BasicConfluentSerDesIT.testEvolveAvroConfluent-STARTED
2025-07-31 02:22:17,077 INFO  [org.apa.kaf.cli.adm.AdminClientConfig] (main) AdminClientConfig values: 
	auto.include.jmx.reporter = true
	bootstrap.controllers = []
	bootstrap.servers = [PLAINTEXT://localhost:32770]
	client.dns.lookup = use_all_dns_ips
	client.id = 
	connections.max.idle.ms = 10000
	default.api.timeout.ms = 60000
	enable.metrics.push = true
	metadata.max.age.ms = 300000
	metadata.recovery.strategy = none
	metric.reporters = []
	metrics.num.samples = 2
	metrics.recording.level = INFO
	metrics.sample.window.ms = 30000
	receive.buffer.bytes = 65536
	reconnect.backoff.max.ms = 1000
	reconnect.backoff.ms = 50
	request.timeout.ms = 5000
	retries = 2147483647
	retry.backoff.max.ms = 1000
	retry.backoff.ms = 100
	sasl.client.callback.handler.class = null
	sasl.jaas.config = null
	sasl.kerberos.kinit.cmd = /usr/bin/kinit
	sasl.kerberos.min.time.before.relogin = 60000
	sasl.kerberos.service.name = null
	sasl.kerberos.ticket.renew.jitter = 0.05
	sasl.kerberos.ticket.renew.window.factor = 0.8
	sasl.login.callback.handler.class = null
	sasl.login.class = null
	sasl.login.connect.timeout.ms = null
	sasl.login.read.timeout.ms = null
	sasl.login.refresh.buffer.seconds = 300
	sasl.login.refresh.min.period.seconds = 60
	sasl.login.refresh.window.factor = 0.8
	sasl.login.refresh.window.jitter = 0.05
	sasl.login.retry.backoff.max.ms = 10000
	sasl.login.retry.backoff.ms = 100
	sasl.mechanism = GSSAPI
	sasl.oauthbearer.clock.skew.seconds = 30
	sasl.oauthbearer.expected.audience = null
	sasl.oauthbearer.expected.issuer = null
	sasl.oauthbearer.header.urlencode = false
	sasl.oauthbearer.jwks.endpoint.refresh.ms = 3600000
	sasl.oauthbearer.jwks.endpoint.retry.backoff.max.ms = 10000
	sasl.oauthbearer.jwks.endpoint.retry.backoff.ms = 100
	sasl.oauthbearer.jwks.endpoint.url = null
	sasl.oauthbearer.scope.claim.name = scope
	sasl.oauthbearer.sub.claim.name = sub
	sasl.oauthbearer.token.endpoint.url = null
	security.protocol = PLAINTEXT
	security.providers = null
	send.buffer.bytes = 131072
	socket.connection.setup.timeout.max.ms = 30000
	socket.connection.setup.timeout.ms = 10000
	ssl.cipher.suites = null
	ssl.enabled.protocols = [TLSv1.2, TLSv1.3]
	ssl.endpoint.identification.algorithm = https
	ssl.engine.factory.class = null
	ssl.key.password = null
	ssl.keymanager.algorithm = SunX509
	ssl.keystore.certificate.chain = null
	ssl.keystore.key = null
	ssl.keystore.location = null
	ssl.keystore.password = null
	ssl.keystore.type = JKS
	ssl.protocol = TLSv1.3
	ssl.provider = null
	ssl.secure.random.implementation = null
	ssl.trustmanager.algorithm = PKIX
	ssl.truststore.certificates = null
	ssl.truststore.location = null
	ssl.truststore.password = null
	ssl.truststore.type = JKS

2025-07-31 02:22:17,079 INFO  [org.apa.kaf.com.uti.AppInfoParser] (main) Kafka version: 3.9.0
2025-07-31 02:22:17,079 INFO  [org.apa.kaf.com.uti.AppInfoParser] (main) Kafka commitId: 84caaa6e9da06435
2025-07-31 02:22:17,079 INFO  [org.apa.kaf.com.uti.AppInfoParser] (main) Kafka startTimeMs: 1753928537079
2025-07-31 02:22:17,211 INFO  [io.api.tes.ser.con.BasicConfluentSerDesIT] (main) Checking that created schema is equal to the get schema
2025-07-31 02:22:17,232 INFO  [io.api.tes.ser.con.BasicConfluentSerDesIT] (main) Created schema with id:43 and name:scb3e078bx9d87x4eefx8c41xfe0392a21d42
2025-07-31 02:22:17,237 INFO  [org.apa.kaf.cli.pro.ProducerConfig] (main) ProducerConfig values: 
	acks = -1
	auto.include.jmx.reporter = true
	batch.size = 16384
	bootstrap.servers = [PLAINTEXT://localhost:32770]
	buffer.memory = 33554432
	client.dns.lookup = use_all_dns_ips
	client.id = Producer-topic-b1cff3e0_0ed3_493f_971c_1ae246c749e9
	compression.gzip.level = -1
	compression.lz4.level = 9
	compression.type = none
	compression.zstd.level = 3
	connections.max.idle.ms = 10000
	delivery.timeout.ms = 120000
	enable.idempotence = true
	enable.metrics.push = true
	interceptor.classes = []
	key.serializer = class org.apache.kafka.common.serialization.StringSerializer
	linger.ms = 0
	max.block.ms = 60000
	max.in.flight.requests.per.connection = 5
	max.request.size = 1048576
	metadata.max.age.ms = 300000
	metadata.max.idle.ms = 300000
	metadata.recovery.strategy = none
	metric.reporters = []
	metrics.num.samples = 2
	metrics.recording.level = INFO
	metrics.sample.window.ms = 30000
	partitioner.adaptive.partitioning.enable = true
	partitioner.availability.timeout.ms = 0
	partitioner.class = null
	partitioner.ignore.keys = false
	receive.buffer.bytes = 32768
	reconnect.backoff.max.ms = 1000
	reconnect.backoff.ms = 50
	request.timeout.ms = 5000
	retries = 2147483647
	retry.backoff.max.ms = 1000
	retry.backoff.ms = 100
	sasl.client.callback.handler.class = null
	sasl.jaas.config = null
	sasl.kerberos.kinit.cmd = /usr/bin/kinit
	sasl.kerberos.min.time.before.relogin = 60000
	sasl.kerberos.service.name = null
	sasl.kerberos.ticket.renew.jitter = 0.05
	sasl.kerberos.ticket.renew.window.factor = 0.8
	sasl.login.callback.handler.class = null
	sasl.login.class = null
	sasl.login.connect.timeout.ms = null
	sasl.login.read.timeout.ms = null
	sasl.login.refresh.buffer.seconds = 300
	sasl.login.refresh.min.period.seconds = 60
	sasl.login.refresh.window.factor = 0.8
	sasl.login.refresh.window.jitter = 0.05
	sasl.login.retry.backoff.max.ms = 10000
	sasl.login.retry.backoff.ms = 100
	sasl.mechanism = GSSAPI
	sasl.oauthbearer.clock.skew.seconds = 30
	sasl.oauthbearer.expected.audience = null
	sasl.oauthbearer.expected.issuer = null
	sasl.oauthbearer.header.urlencode = false
	sasl.oauthbearer.jwks.endpoint.refresh.ms = 3600000
	sasl.oauthbearer.jwks.endpoint.retry.backoff.max.ms = 10000
	sasl.oauthbearer.jwks.endpoint.retry.backoff.ms = 100
	sasl.oauthbearer.jwks.endpoint.url = null
	sasl.oauthbearer.scope.claim.name = scope
	sasl.oauthbearer.sub.claim.name = sub
	sasl.oauthbearer.token.endpoint.url = null
	security.protocol = PLAINTEXT
	security.providers = null
	send.buffer.bytes = 131072
	socket.connection.setup.timeout.max.ms = 30000
	socket.connection.setup.timeout.ms = 10000
	ssl.cipher.suites = null
	ssl.enabled.protocols = [TLSv1.2, TLSv1.3]
	ssl.endpoint.identification.algorithm = https
	ssl.engine.factory.class = null
	ssl.key.password = null
	ssl.keymanager.algorithm = SunX509
	ssl.keystore.certificate.chain = null
	ssl.keystore.key = null
	ssl.keystore.location = null
	ssl.keystore.password = null
	ssl.keystore.type = JKS
	ssl.protocol = TLSv1.3
	ssl.provider = null
	ssl.secure.random.implementation = null
	ssl.trustmanager.algorithm = PKIX
	ssl.truststore.certificates = null
	ssl.truststore.location = null
	ssl.truststore.password = null
	ssl.truststore.type = JKS
	transaction.timeout.ms = 60000
	transactional.id = null
	value.serializer = class io.confluent.kafka.serializers.KafkaAvroSerializer

2025-07-31 02:22:17,237 INFO  [org.apa.kaf.com.tel.int.KafkaMetricsCollector] (main) initializing Kafka metrics collector
2025-07-31 02:22:17,239 INFO  [io.con.kaf.ser.KafkaAvroSerializerConfig] (main) KafkaAvroSerializerConfig values: 
	auto.register.schemas = false
	avro.reflection.allow.null = false
	avro.remove.java.properties = false
	avro.use.logical.type.converters = false
	basic.auth.credentials.source = URL
	basic.auth.user.info = [hidden]
	bearer.auth.cache.expiry.buffer.seconds = 300
	bearer.auth.client.id = null
	bearer.auth.client.secret = null
	bearer.auth.credentials.source = STATIC_TOKEN
	bearer.auth.custom.provider.class = null
	bearer.auth.identity.pool.id = null
	bearer.auth.issuer.endpoint.url = null
	bearer.auth.logical.cluster = null
	bearer.auth.scope = null
	bearer.auth.scope.claim.name = scope
	bearer.auth.sub.claim.name = sub
	bearer.auth.token = [hidden]
	context.name.strategy = class io.confluent.kafka.serializers.context.NullContextNameStrategy
	http.connect.timeout.ms = 60000
	http.read.timeout.ms = 60000
	id.compatibility.strict = true
	key.subject.name.strategy = class io.confluent.kafka.serializers.subject.TopicNameStrategy
	latest.cache.size = 1000
	latest.cache.ttl.sec = -1
	latest.compatibility.strict = true
	max.retries = 3
	max.schemas.per.subject = 1000
	normalize.schemas = false
	propagate.schema.tags = false
	proxy.host = 
	proxy.port = -1
	retries.max.wait.ms = 20000
	retries.wait.ms = 1000
	rule.actions = []
	rule.executors = []
	rule.service.loader.enable = true
	schema.format = null
	schema.reflection = false
	schema.registry.basic.auth.user.info = [hidden]
	schema.registry.ssl.cipher.suites = null
	schema.registry.ssl.enabled.protocols = [TLSv1.2, TLSv1.3]
	schema.registry.ssl.endpoint.identification.algorithm = https
	schema.registry.ssl.engine.factory.class = null
	schema.registry.ssl.key.password = null
	schema.registry.ssl.keymanager.algorithm = SunX509
	schema.registry.ssl.keystore.certificate.chain = null
	schema.registry.ssl.keystore.key = null
	schema.registry.ssl.keystore.location = null
	schema.registry.ssl.keystore.password = null
	schema.registry.ssl.keystore.type = JKS
	schema.registry.ssl.protocol = TLSv1.3
	schema.registry.ssl.provider = null
	schema.registry.ssl.secure.random.implementation = null
	schema.registry.ssl.trustmanager.algorithm = PKIX
	schema.registry.ssl.truststore.certificates = null
	schema.registry.ssl.truststore.location = null
	schema.registry.ssl.truststore.password = null
	schema.registry.ssl.truststore.type = JKS
	schema.registry.url = [http://registry-app-inmemory.apps.ci419.apicurio-testing.org:80/apis/ccompat/v7]
	use.latest.version = false
	use.latest.with.metadata = null
	use.schema.id = -1
	value.subject.name.strategy = class io.confluent.kafka.serializers.subject.TopicRecordNameStrategy

2025-07-31 02:22:17,249 INFO  [org.apa.kaf.cli.pro.KafkaProducer] (main) [Producer clientId=Producer-topic-b1cff3e0_0ed3_493f_971c_1ae246c749e9] Instantiated an idempotent producer.
2025-07-31 02:22:17,251 INFO  [org.apa.kaf.cli.pro.ProducerConfig] (main) These configurations '[schema.registry.url, auto.register.schemas, value.subject.name.strategy]' were supplied but are not used yet.
2025-07-31 02:22:17,251 INFO  [org.apa.kaf.com.uti.AppInfoParser] (main) Kafka version: 3.9.0
2025-07-31 02:22:17,251 INFO  [org.apa.kaf.com.uti.AppInfoParser] (main) Kafka commitId: 84caaa6e9da06435
2025-07-31 02:22:17,251 INFO  [org.apa.kaf.com.uti.AppInfoParser] (main) Kafka startTimeMs: 1753928537251
2025-07-31 02:22:17,255 INFO  [org.apa.kaf.cli.con.ConsumerConfig] (main) ConsumerConfig values: 
	allow.auto.create.topics = true
	auto.commit.interval.ms = 500
	auto.include.jmx.reporter = true
	auto.offset.reset = earliest
	bootstrap.servers = [PLAINTEXT://localhost:32770]
	check.crcs = true
	client.dns.lookup = use_all_dns_ips
	client.id = consumer-Consumer-topic-b1cff3e0_0ed3_493f_971c_1ae246c749e9-24
	client.rack = 
	connections.max.idle.ms = 10000
	default.api.timeout.ms = 60000
	enable.auto.commit = true
	enable.metrics.push = true
	exclude.internal.topics = true
	fetch.max.bytes = 52428800
	fetch.max.wait.ms = 500
	fetch.min.bytes = 1
	group.id = Consumer-topic-b1cff3e0_0ed3_493f_971c_1ae246c749e9
	group.instance.id = null
	group.protocol = classic
	group.remote.assignor = null
	heartbeat.interval.ms = 3000
	interceptor.classes = []
	internal.leave.group.on.close = true
	internal.throw.on.fetch.stable.offset.unsupported = false
	isolation.level = read_uncommitted
	key.deserializer = class org.apache.kafka.common.serialization.StringDeserializer
	max.partition.fetch.bytes = 1048576
	max.poll.interval.ms = 300000
	max.poll.records = 500
	metadata.max.age.ms = 300000
	metadata.recovery.strategy = none
	metric.reporters = []
	metrics.num.samples = 2
	metrics.recording.level = INFO
	metrics.sample.window.ms = 30000
	partition.assignment.strategy = [class org.apache.kafka.clients.consumer.RangeAssignor, class org.apache.kafka.clients.consumer.CooperativeStickyAssignor]
	receive.buffer.bytes = 65536
	reconnect.backoff.max.ms = 1000
	reconnect.backoff.ms = 50
	request.timeout.ms = 5000
	retry.backoff.max.ms = 1000
	retry.backoff.ms = 100
	sasl.client.callback.handler.class = null
	sasl.jaas.config = null
	sasl.kerberos.kinit.cmd = /usr/bin/kinit
	sasl.kerberos.min.time.before.relogin = 60000
	sasl.kerberos.service.name = null
	sasl.kerberos.ticket.renew.jitter = 0.05
	sasl.kerberos.ticket.renew.window.factor = 0.8
	sasl.login.callback.handler.class = null
	sasl.login.class = null
	sasl.login.connect.timeout.ms = null
	sasl.login.read.timeout.ms = null
	sasl.login.refresh.buffer.seconds = 300
	sasl.login.refresh.min.period.seconds = 60
	sasl.login.refresh.window.factor = 0.8
	sasl.login.refresh.window.jitter = 0.05
	sasl.login.retry.backoff.max.ms = 10000
	sasl.login.retry.backoff.ms = 100
	sasl.mechanism = GSSAPI
	sasl.oauthbearer.clock.skew.seconds = 30
	sasl.oauthbearer.expected.audience = null
	sasl.oauthbearer.expected.issuer = null
	sasl.oauthbearer.header.urlencode = false
	sasl.oauthbearer.jwks.endpoint.refresh.ms = 3600000
	sasl.oauthbearer.jwks.endpoint.retry.backoff.max.ms = 10000
	sasl.oauthbearer.jwks.endpoint.retry.backoff.ms = 100
	sasl.oauthbearer.jwks.endpoint.url = null
	sasl.oauthbearer.scope.claim.name = scope
	sasl.oauthbearer.sub.claim.name = sub
	sasl.oauthbearer.token.endpoint.url = null
	security.protocol = PLAINTEXT
	security.providers = null
	send.buffer.bytes = 131072
	session.timeout.ms = 45000
	socket.connection.setup.timeout.max.ms = 30000
	socket.connection.setup.timeout.ms = 10000
	ssl.cipher.suites = null
	ssl.enabled.protocols = [TLSv1.2, TLSv1.3]
	ssl.endpoint.identification.algorithm = https
	ssl.engine.factory.class = null
	ssl.key.password = null
	ssl.keymanager.algorithm = SunX509
	ssl.keystore.certificate.chain = null
	ssl.keystore.key = null
	ssl.keystore.location = null
	ssl.keystore.password = null
	ssl.keystore.type = JKS
	ssl.protocol = TLSv1.3
	ssl.provider = null
	ssl.secure.random.implementation = null
	ssl.trustmanager.algorithm = PKIX
	ssl.truststore.certificates = null
	ssl.truststore.location = null
	ssl.truststore.password = null
	ssl.truststore.type = JKS
	value.deserializer = class io.confluent.kafka.serializers.KafkaAvroDeserializer

2025-07-31 02:22:17,255 INFO  [org.apa.kaf.com.tel.int.KafkaMetricsCollector] (main) initializing Kafka metrics collector
2025-07-31 02:22:17,258 INFO  [org.apa.kaf.cli.Metadata] (kafka-producer-network-thread | Producer-topic-b1cff3e0_0ed3_493f_971c_1ae246c749e9) [Producer clientId=Producer-topic-b1cff3e0_0ed3_493f_971c_1ae246c749e9] Cluster ID: mFm4H5CuSae4mNeWY74G7g
2025-07-31 02:22:17,258 INFO  [org.apa.kaf.cli.pro.int.TransactionManager] (kafka-producer-network-thread | Producer-topic-b1cff3e0_0ed3_493f_971c_1ae246c749e9) [Producer clientId=Producer-topic-b1cff3e0_0ed3_493f_971c_1ae246c749e9] ProducerId set to 31 with epoch 0
2025-07-31 02:22:17,259 INFO  [io.con.kaf.ser.KafkaAvroDeserializerConfig] (main) KafkaAvroDeserializerConfig values: 
	auto.register.schemas = true
	avro.reflection.allow.null = false
	avro.use.logical.type.converters = false
	basic.auth.credentials.source = URL
	basic.auth.user.info = [hidden]
	bearer.auth.cache.expiry.buffer.seconds = 300
	bearer.auth.client.id = null
	bearer.auth.client.secret = null
	bearer.auth.credentials.source = STATIC_TOKEN
	bearer.auth.custom.provider.class = null
	bearer.auth.identity.pool.id = null
	bearer.auth.issuer.endpoint.url = null
	bearer.auth.logical.cluster = null
	bearer.auth.scope = null
	bearer.auth.scope.claim.name = scope
	bearer.auth.sub.claim.name = sub
	bearer.auth.token = [hidden]
	context.name.strategy = class io.confluent.kafka.serializers.context.NullContextNameStrategy
	http.connect.timeout.ms = 60000
	http.read.timeout.ms = 60000
	id.compatibility.strict = true
	key.subject.name.strategy = class io.confluent.kafka.serializers.subject.TopicNameStrategy
	latest.cache.size = 1000
	latest.cache.ttl.sec = -1
	latest.compatibility.strict = true
	max.retries = 3
	max.schemas.per.subject = 1000
	normalize.schemas = false
	propagate.schema.tags = false
	proxy.host = 
	proxy.port = -1
	retries.max.wait.ms = 20000
	retries.wait.ms = 1000
	rule.actions = []
	rule.executors = []
	rule.service.loader.enable = true
	schema.format = null
	schema.reflection = false
	schema.registry.basic.auth.user.info = [hidden]
	schema.registry.ssl.cipher.suites = null
	schema.registry.ssl.enabled.protocols = [TLSv1.2, TLSv1.3]
	schema.registry.ssl.endpoint.identification.algorithm = https
	schema.registry.ssl.engine.factory.class = null
	schema.registry.ssl.key.password = null
	schema.registry.ssl.keymanager.algorithm = SunX509
	schema.registry.ssl.keystore.certificate.chain = null
	schema.registry.ssl.keystore.key = null
	schema.registry.ssl.keystore.location = null
	schema.registry.ssl.keystore.password = null
	schema.registry.ssl.keystore.type = JKS
	schema.registry.ssl.protocol = TLSv1.3
	schema.registry.ssl.provider = null
	schema.registry.ssl.secure.random.implementation = null
	schema.registry.ssl.trustmanager.algorithm = PKIX
	schema.registry.ssl.truststore.certificates = null
	schema.registry.ssl.truststore.location = null
	schema.registry.ssl.truststore.password = null
	schema.registry.ssl.truststore.type = JKS
	schema.registry.url = [http://registry-app-inmemory.apps.ci419.apicurio-testing.org:80/apis/ccompat/v7]
	specific.avro.key.type = null
	specific.avro.reader = false
	specific.avro.value.type = null
	use.latest.version = false
	use.latest.with.metadata = null
	use.schema.id = -1
	value.subject.name.strategy = class io.confluent.kafka.serializers.subject.TopicNameStrategy

2025-07-31 02:22:17,259 INFO  [io.con.kaf.ser.KafkaAvroDeserializerConfig] (main) KafkaAvroDeserializerConfig values: 
	auto.register.schemas = true
	avro.reflection.allow.null = false
	avro.use.logical.type.converters = false
	basic.auth.credentials.source = URL
	basic.auth.user.info = [hidden]
	bearer.auth.cache.expiry.buffer.seconds = 300
	bearer.auth.client.id = null
	bearer.auth.client.secret = null
	bearer.auth.credentials.source = STATIC_TOKEN
	bearer.auth.custom.provider.class = null
	bearer.auth.identity.pool.id = null
	bearer.auth.issuer.endpoint.url = null
	bearer.auth.logical.cluster = null
	bearer.auth.scope = null
	bearer.auth.scope.claim.name = scope
	bearer.auth.sub.claim.name = sub
	bearer.auth.token = [hidden]
	context.name.strategy = class io.confluent.kafka.serializers.context.NullContextNameStrategy
	http.connect.timeout.ms = 60000
	http.read.timeout.ms = 60000
	id.compatibility.strict = true
	key.subject.name.strategy = class io.confluent.kafka.serializers.subject.TopicNameStrategy
	latest.cache.size = 1000
	latest.cache.ttl.sec = -1
	latest.compatibility.strict = true
	max.retries = 3
	max.schemas.per.subject = 1000
	normalize.schemas = false
	propagate.schema.tags = false
	proxy.host = 
	proxy.port = -1
	retries.max.wait.ms = 20000
	retries.wait.ms = 1000
	rule.actions = []
	rule.executors = []
	rule.service.loader.enable = true
	schema.format = null
	schema.reflection = false
	schema.registry.basic.auth.user.info = [hidden]
	schema.registry.ssl.cipher.suites = null
	schema.registry.ssl.enabled.protocols = [TLSv1.2, TLSv1.3]
	schema.registry.ssl.endpoint.identification.algorithm = https
	schema.registry.ssl.engine.factory.class = null
	schema.registry.ssl.key.password = null
	schema.registry.ssl.keymanager.algorithm = SunX509
	schema.registry.ssl.keystore.certificate.chain = null
	schema.registry.ssl.keystore.key = null
	schema.registry.ssl.keystore.location = null
	schema.registry.ssl.keystore.password = null
	schema.registry.ssl.keystore.type = JKS
	schema.registry.ssl.protocol = TLSv1.3
	schema.registry.ssl.provider = null
	schema.registry.ssl.secure.random.implementation = null
	schema.registry.ssl.trustmanager.algorithm = PKIX
	schema.registry.ssl.truststore.certificates = null
	schema.registry.ssl.truststore.location = null
	schema.registry.ssl.truststore.password = null
	schema.registry.ssl.truststore.type = JKS
	schema.registry.url = [http://registry-app-inmemory.apps.ci419.apicurio-testing.org:80/apis/ccompat/v7]
	specific.avro.key.type = null
	specific.avro.reader = false
	specific.avro.value.type = null
	use.latest.version = false
	use.latest.with.metadata = null
	use.schema.id = -1
	value.subject.name.strategy = class io.confluent.kafka.serializers.subject.TopicNameStrategy

2025-07-31 02:22:17,264 INFO  [org.apa.kaf.cli.con.ConsumerConfig] (main) These configurations '[schema.registry.url]' were supplied but are not used yet.
2025-07-31 02:22:17,264 INFO  [org.apa.kaf.com.uti.AppInfoParser] (main) Kafka version: 3.9.0
2025-07-31 02:22:17,264 INFO  [org.apa.kaf.com.uti.AppInfoParser] (main) Kafka commitId: 84caaa6e9da06435
2025-07-31 02:22:17,264 INFO  [org.apa.kaf.com.uti.AppInfoParser] (main) Kafka startTimeMs: 1753928537264
2025-07-31 02:22:17,265 INFO  [io.api.tes.ser.api.KafkaSerdesTester] (Thread-309) Sending message {"key1": "value-0"} to topic topic-b1cff3e0_0ed3_493f_971c_1ae246c749e9
2025-07-31 02:22:17,317 INFO  [io.api.tes.ser.api.KafkaSerdesTester] (Thread-309) Sending message {"key1": "value-1"} to topic topic-b1cff3e0_0ed3_493f_971c_1ae246c749e9
2025-07-31 02:22:17,319 INFO  [io.api.tes.ser.api.KafkaSerdesTester] (Thread-309) Sending message {"key1": "value-2"} to topic topic-b1cff3e0_0ed3_493f_971c_1ae246c749e9
2025-07-31 02:22:17,321 INFO  [io.api.tes.ser.api.KafkaSerdesTester] (Thread-309) Sending message {"key1": "value-3"} to topic topic-b1cff3e0_0ed3_493f_971c_1ae246c749e9
2025-07-31 02:22:17,322 INFO  [io.api.tes.ser.api.KafkaSerdesTester] (Thread-309) Sending message {"key1": "value-4"} to topic topic-b1cff3e0_0ed3_493f_971c_1ae246c749e9
2025-07-31 02:22:17,323 INFO  [io.api.tes.ser.api.KafkaSerdesTester] (Thread-309) Sending message {"key1": "value-5"} to topic topic-b1cff3e0_0ed3_493f_971c_1ae246c749e9
2025-07-31 02:22:17,324 INFO  [io.api.tes.ser.api.KafkaSerdesTester] (Thread-309) Sending message {"key1": "value-6"} to topic topic-b1cff3e0_0ed3_493f_971c_1ae246c749e9
2025-07-31 02:22:17,325 INFO  [io.api.tes.ser.api.KafkaSerdesTester] (Thread-309) Sending message {"key1": "value-7"} to topic topic-b1cff3e0_0ed3_493f_971c_1ae246c749e9
2025-07-31 02:22:17,327 INFO  [io.api.tes.ser.api.KafkaSerdesTester] (Thread-309) Sending message {"key1": "value-8"} to topic topic-b1cff3e0_0ed3_493f_971c_1ae246c749e9
2025-07-31 02:22:17,328 INFO  [io.api.tes.ser.api.KafkaSerdesTester] (Thread-309) Sending message {"key1": "value-9"} to topic topic-b1cff3e0_0ed3_493f_971c_1ae246c749e9
2025-07-31 02:22:17,329 INFO  [io.api.tes.ser.api.KafkaSerdesTester] (Thread-309) Produced 10 messages
2025-07-31 02:22:17,329 INFO  [org.apa.kaf.cli.pro.KafkaProducer] (Thread-309) [Producer clientId=Producer-topic-b1cff3e0_0ed3_493f_971c_1ae246c749e9] Closing the Kafka producer with timeoutMillis = 9223372036854775807 ms.
2025-07-31 02:22:17,332 INFO  [org.apa.kaf.com.met.Metrics] (Thread-309) Metrics scheduler closed
2025-07-31 02:22:17,332 INFO  [org.apa.kaf.com.met.Metrics] (Thread-309) Closing reporter org.apache.kafka.common.metrics.JmxReporter
2025-07-31 02:22:17,332 INFO  [org.apa.kaf.com.met.Metrics] (Thread-309) Closing reporter org.apache.kafka.common.telemetry.internals.ClientTelemetryReporter
2025-07-31 02:22:17,332 INFO  [org.apa.kaf.com.met.Metrics] (Thread-309) Metrics reporters closed
2025-07-31 02:22:17,332 INFO  [org.apa.kaf.com.uti.AppInfoParser] (Thread-309) App info kafka.producer for Producer-topic-b1cff3e0_0ed3_493f_971c_1ae246c749e9 unregistered
2025-07-31 02:22:17,333 INFO  [org.apa.kaf.cli.con.int.ClassicKafkaConsumer] (Thread-310) [Consumer clientId=consumer-Consumer-topic-b1cff3e0_0ed3_493f_971c_1ae246c749e9-24, groupId=Consumer-topic-b1cff3e0_0ed3_493f_971c_1ae246c749e9] Subscribed to topic(s): topic-b1cff3e0_0ed3_493f_971c_1ae246c749e9
2025-07-31 02:22:17,336 INFO  [org.apa.kaf.cli.Metadata] (Thread-310) [Consumer clientId=consumer-Consumer-topic-b1cff3e0_0ed3_493f_971c_1ae246c749e9-24, groupId=Consumer-topic-b1cff3e0_0ed3_493f_971c_1ae246c749e9] Cluster ID: mFm4H5CuSae4mNeWY74G7g
2025-07-31 02:22:17,337 INFO  [org.apa.kaf.cli.con.int.ConsumerCoordinator] (Thread-310) [Consumer clientId=consumer-Consumer-topic-b1cff3e0_0ed3_493f_971c_1ae246c749e9-24, groupId=Consumer-topic-b1cff3e0_0ed3_493f_971c_1ae246c749e9] Discovered group coordinator localhost:32770 (id: 2147483647 rack: null)
2025-07-31 02:22:17,338 INFO  [org.apa.kaf.cli.con.int.ConsumerCoordinator] (Thread-310) [Consumer clientId=consumer-Consumer-topic-b1cff3e0_0ed3_493f_971c_1ae246c749e9-24, groupId=Consumer-topic-b1cff3e0_0ed3_493f_971c_1ae246c749e9] (Re-)joining group
2025-07-31 02:22:17,340 INFO  [org.apa.kaf.cli.con.int.ConsumerCoordinator] (Thread-310) [Consumer clientId=consumer-Consumer-topic-b1cff3e0_0ed3_493f_971c_1ae246c749e9-24, groupId=Consumer-topic-b1cff3e0_0ed3_493f_971c_1ae246c749e9] Request joining group due to: need to re-join with the given member-id: consumer-Consumer-topic-b1cff3e0_0ed3_493f_971c_1ae246c749e9-24-c598fa05-489d-409c-bcda-07c2a021beda
2025-07-31 02:22:17,340 INFO  [org.apa.kaf.cli.con.int.ConsumerCoordinator] (Thread-310) [Consumer clientId=consumer-Consumer-topic-b1cff3e0_0ed3_493f_971c_1ae246c749e9-24, groupId=Consumer-topic-b1cff3e0_0ed3_493f_971c_1ae246c749e9] (Re-)joining group
2025-07-31 02:22:17,342 INFO  [org.apa.kaf.cli.con.int.ConsumerCoordinator] (Thread-310) [Consumer clientId=consumer-Consumer-topic-b1cff3e0_0ed3_493f_971c_1ae246c749e9-24, groupId=Consumer-topic-b1cff3e0_0ed3_493f_971c_1ae246c749e9] Successfully joined group with generation Generation{generationId=1, memberId='consumer-Consumer-topic-b1cff3e0_0ed3_493f_971c_1ae246c749e9-24-c598fa05-489d-409c-bcda-07c2a021beda', protocol='range'}
2025-07-31 02:22:17,342 INFO  [org.apa.kaf.cli.con.int.ConsumerCoordinator] (Thread-310) [Consumer clientId=consumer-Consumer-topic-b1cff3e0_0ed3_493f_971c_1ae246c749e9-24, groupId=Consumer-topic-b1cff3e0_0ed3_493f_971c_1ae246c749e9] Finished assignment for group at generation 1: {consumer-Consumer-topic-b1cff3e0_0ed3_493f_971c_1ae246c749e9-24-c598fa05-489d-409c-bcda-07c2a021beda=Assignment(partitions=[topic-b1cff3e0_0ed3_493f_971c_1ae246c749e9-0])}
2025-07-31 02:22:17,344 INFO  [org.apa.kaf.cli.con.int.ConsumerCoordinator] (Thread-310) [Consumer clientId=consumer-Consumer-topic-b1cff3e0_0ed3_493f_971c_1ae246c749e9-24, groupId=Consumer-topic-b1cff3e0_0ed3_493f_971c_1ae246c749e9] Successfully synced group in generation Generation{generationId=1, memberId='consumer-Consumer-topic-b1cff3e0_0ed3_493f_971c_1ae246c749e9-24-c598fa05-489d-409c-bcda-07c2a021beda', protocol='range'}
2025-07-31 02:22:17,345 INFO  [org.apa.kaf.cli.con.int.ConsumerCoordinator] (Thread-310) [Consumer clientId=consumer-Consumer-topic-b1cff3e0_0ed3_493f_971c_1ae246c749e9-24, groupId=Consumer-topic-b1cff3e0_0ed3_493f_971c_1ae246c749e9] Notifying assignor about the new Assignment(partitions=[topic-b1cff3e0_0ed3_493f_971c_1ae246c749e9-0])
2025-07-31 02:22:17,345 INFO  [org.apa.kaf.cli.con.int.ConsumerRebalanceListenerInvoker] (Thread-310) [Consumer clientId=consumer-Consumer-topic-b1cff3e0_0ed3_493f_971c_1ae246c749e9-24, groupId=Consumer-topic-b1cff3e0_0ed3_493f_971c_1ae246c749e9] Adding newly assigned partitions: topic-b1cff3e0_0ed3_493f_971c_1ae246c749e9-0
2025-07-31 02:22:17,346 INFO  [org.apa.kaf.cli.con.int.ConsumerCoordinator] (Thread-310) [Consumer clientId=consumer-Consumer-topic-b1cff3e0_0ed3_493f_971c_1ae246c749e9-24, groupId=Consumer-topic-b1cff3e0_0ed3_493f_971c_1ae246c749e9] Found no committed offset for partition topic-b1cff3e0_0ed3_493f_971c_1ae246c749e9-0
2025-07-31 02:22:17,352 INFO  [org.apa.kaf.cli.con.int.SubscriptionState] (Thread-310) [Consumer clientId=consumer-Consumer-topic-b1cff3e0_0ed3_493f_971c_1ae246c749e9-24, groupId=Consumer-topic-b1cff3e0_0ed3_493f_971c_1ae246c749e9] Resetting offset for partition topic-b1cff3e0_0ed3_493f_971c_1ae246c749e9-0 to position FetchPosition{offset=0, offsetEpoch=Optional.empty, currentLeader=LeaderAndEpoch{leader=Optional[localhost:32770 (id: 0 rack: null)], epoch=0}}.
2025-07-31 02:22:17,374 INFO  [io.api.tes.ser.api.KafkaSerdesTester] (Thread-310) topic-b1cff3e0_0ed3_493f_971c_1ae246c749e9 0 0 {"key1": "value-0"}
2025-07-31 02:22:17,374 INFO  [io.api.tes.ser.api.KafkaSerdesTester] (Thread-310) topic-b1cff3e0_0ed3_493f_971c_1ae246c749e9 0 1 {"key1": "value-1"}
2025-07-31 02:22:17,374 INFO  [io.api.tes.ser.api.KafkaSerdesTester] (Thread-310) topic-b1cff3e0_0ed3_493f_971c_1ae246c749e9 0 2 {"key1": "value-2"}
2025-07-31 02:22:17,374 INFO  [io.api.tes.ser.api.KafkaSerdesTester] (Thread-310) topic-b1cff3e0_0ed3_493f_971c_1ae246c749e9 0 3 {"key1": "value-3"}
2025-07-31 02:22:17,374 INFO  [io.api.tes.ser.api.KafkaSerdesTester] (Thread-310) topic-b1cff3e0_0ed3_493f_971c_1ae246c749e9 0 4 {"key1": "value-4"}
2025-07-31 02:22:17,375 INFO  [io.api.tes.ser.api.KafkaSerdesTester] (Thread-310) topic-b1cff3e0_0ed3_493f_971c_1ae246c749e9 0 5 {"key1": "value-5"}
2025-07-31 02:22:17,375 INFO  [io.api.tes.ser.api.KafkaSerdesTester] (Thread-310) topic-b1cff3e0_0ed3_493f_971c_1ae246c749e9 0 6 {"key1": "value-6"}
2025-07-31 02:22:17,375 INFO  [io.api.tes.ser.api.KafkaSerdesTester] (Thread-310) topic-b1cff3e0_0ed3_493f_971c_1ae246c749e9 0 7 {"key1": "value-7"}
2025-07-31 02:22:17,375 INFO  [io.api.tes.ser.api.KafkaSerdesTester] (Thread-310) topic-b1cff3e0_0ed3_493f_971c_1ae246c749e9 0 8 {"key1": "value-8"}
2025-07-31 02:22:17,375 INFO  [io.api.tes.ser.api.KafkaSerdesTester] (Thread-310) topic-b1cff3e0_0ed3_493f_971c_1ae246c749e9 0 9 {"key1": "value-9"}
2025-07-31 02:22:17,375 INFO  [io.api.tes.ser.api.KafkaSerdesTester] (Thread-310) Consumed 10 messages
2025-07-31 02:22:17,378 INFO  [org.apa.kaf.cli.con.int.ConsumerRebalanceListenerInvoker] (Thread-310) [Consumer clientId=consumer-Consumer-topic-b1cff3e0_0ed3_493f_971c_1ae246c749e9-24, groupId=Consumer-topic-b1cff3e0_0ed3_493f_971c_1ae246c749e9] Revoke previously assigned partitions topic-b1cff3e0_0ed3_493f_971c_1ae246c749e9-0
2025-07-31 02:22:17,378 INFO  [org.apa.kaf.cli.con.int.ConsumerCoordinator] (Thread-310) [Consumer clientId=consumer-Consumer-topic-b1cff3e0_0ed3_493f_971c_1ae246c749e9-24, groupId=Consumer-topic-b1cff3e0_0ed3_493f_971c_1ae246c749e9] Member consumer-Consumer-topic-b1cff3e0_0ed3_493f_971c_1ae246c749e9-24-c598fa05-489d-409c-bcda-07c2a021beda sending LeaveGroup request to coordinator localhost:32770 (id: 2147483647 rack: null) due to the consumer is being closed
2025-07-31 02:22:17,379 INFO  [org.apa.kaf.cli.con.int.ConsumerCoordinator] (Thread-310) [Consumer clientId=consumer-Consumer-topic-b1cff3e0_0ed3_493f_971c_1ae246c749e9-24, groupId=Consumer-topic-b1cff3e0_0ed3_493f_971c_1ae246c749e9] Resetting generation and member id due to: consumer pro-actively leaving the group
2025-07-31 02:22:17,379 INFO  [org.apa.kaf.cli.con.int.ConsumerCoordinator] (Thread-310) [Consumer clientId=consumer-Consumer-topic-b1cff3e0_0ed3_493f_971c_1ae246c749e9-24, groupId=Consumer-topic-b1cff3e0_0ed3_493f_971c_1ae246c749e9] Request joining group due to: consumer pro-actively leaving the group
2025-07-31 02:22:17,877 INFO  [org.apa.kaf.com.met.Metrics] (Thread-310) Metrics scheduler closed
2025-07-31 02:22:17,877 INFO  [org.apa.kaf.com.met.Metrics] (Thread-310) Closing reporter org.apache.kafka.common.metrics.JmxReporter
2025-07-31 02:22:17,877 INFO  [org.apa.kaf.com.met.Metrics] (Thread-310) Closing reporter org.apache.kafka.common.telemetry.internals.ClientTelemetryReporter
2025-07-31 02:22:17,877 INFO  [org.apa.kaf.com.met.Metrics] (Thread-310) Metrics reporters closed
2025-07-31 02:22:17,878 INFO  [org.apa.kaf.com.uti.AppInfoParser] (Thread-310) App info kafka.consumer for consumer-Consumer-topic-b1cff3e0_0ed3_493f_971c_1ae246c749e9-24 unregistered
2025-07-31 02:22:17,915 INFO  [io.api.tes.ser.con.BasicConfluentSerDesIT] (main) Deleting confluent schema topic-b1cff3e0_0ed3_493f_971c_1ae246c749e9-scb3e078bx9d87x4eefx8c41xfe0392a21d42
2025-07-31 02:22:17,926 INFO  [io.api.tes.uti.TestSeparator] (main) io.apicurio.tests.serdes.confluent.BasicConfluentSerDesIT.testEvolveAvroConfluent-FINISHED
2025-07-31 02:22:17,927 INFO  [io.api.tes.uti.TestSeparator] (main) ############################################################################
]]></system-out>
  </testcase>
  <testcase name="testAvroConfluentSerDes" classname="io.apicurio.tests.serdes.confluent.BasicConfluentSerDesIT" time="0.677">
    <system-out><![CDATA[2025-07-31 02:22:17,928 INFO  [io.api.tes.uti.TestSeparator] (main) ############################################################################
2025-07-31 02:22:17,928 INFO  [io.api.tes.uti.TestSeparator] (main) io.apicurio.tests.serdes.confluent.BasicConfluentSerDesIT.testAvroConfluentSerDes-STARTED
2025-07-31 02:22:17,962 INFO  [io.api.tes.ser.con.BasicConfluentSerDesIT] (main) Checking that created schema is equal to the get schema
2025-07-31 02:22:17,974 INFO  [io.api.tes.ser.con.BasicConfluentSerDesIT] (main) Created schema with id:44 and name:myrecordconfluent1
2025-07-31 02:22:17,975 INFO  [org.apa.kaf.cli.pro.ProducerConfig] (main) ProducerConfig values: 
	acks = -1
	auto.include.jmx.reporter = true
	batch.size = 16384
	bootstrap.servers = [PLAINTEXT://localhost:32770]
	buffer.memory = 33554432
	client.dns.lookup = use_all_dns_ips
	client.id = Producer-topic-4a3b3907_ae50_4027_8e32_b9da0c0c988c
	compression.gzip.level = -1
	compression.lz4.level = 9
	compression.type = none
	compression.zstd.level = 3
	connections.max.idle.ms = 10000
	delivery.timeout.ms = 120000
	enable.idempotence = true
	enable.metrics.push = true
	interceptor.classes = []
	key.serializer = class org.apache.kafka.common.serialization.StringSerializer
	linger.ms = 0
	max.block.ms = 60000
	max.in.flight.requests.per.connection = 5
	max.request.size = 1048576
	metadata.max.age.ms = 300000
	metadata.max.idle.ms = 300000
	metadata.recovery.strategy = none
	metric.reporters = []
	metrics.num.samples = 2
	metrics.recording.level = INFO
	metrics.sample.window.ms = 30000
	partitioner.adaptive.partitioning.enable = true
	partitioner.availability.timeout.ms = 0
	partitioner.class = null
	partitioner.ignore.keys = false
	receive.buffer.bytes = 32768
	reconnect.backoff.max.ms = 1000
	reconnect.backoff.ms = 50
	request.timeout.ms = 5000
	retries = 2147483647
	retry.backoff.max.ms = 1000
	retry.backoff.ms = 100
	sasl.client.callback.handler.class = null
	sasl.jaas.config = null
	sasl.kerberos.kinit.cmd = /usr/bin/kinit
	sasl.kerberos.min.time.before.relogin = 60000
	sasl.kerberos.service.name = null
	sasl.kerberos.ticket.renew.jitter = 0.05
	sasl.kerberos.ticket.renew.window.factor = 0.8
	sasl.login.callback.handler.class = null
	sasl.login.class = null
	sasl.login.connect.timeout.ms = null
	sasl.login.read.timeout.ms = null
	sasl.login.refresh.buffer.seconds = 300
	sasl.login.refresh.min.period.seconds = 60
	sasl.login.refresh.window.factor = 0.8
	sasl.login.refresh.window.jitter = 0.05
	sasl.login.retry.backoff.max.ms = 10000
	sasl.login.retry.backoff.ms = 100
	sasl.mechanism = GSSAPI
	sasl.oauthbearer.clock.skew.seconds = 30
	sasl.oauthbearer.expected.audience = null
	sasl.oauthbearer.expected.issuer = null
	sasl.oauthbearer.header.urlencode = false
	sasl.oauthbearer.jwks.endpoint.refresh.ms = 3600000
	sasl.oauthbearer.jwks.endpoint.retry.backoff.max.ms = 10000
	sasl.oauthbearer.jwks.endpoint.retry.backoff.ms = 100
	sasl.oauthbearer.jwks.endpoint.url = null
	sasl.oauthbearer.scope.claim.name = scope
	sasl.oauthbearer.sub.claim.name = sub
	sasl.oauthbearer.token.endpoint.url = null
	security.protocol = PLAINTEXT
	security.providers = null
	send.buffer.bytes = 131072
	socket.connection.setup.timeout.max.ms = 30000
	socket.connection.setup.timeout.ms = 10000
	ssl.cipher.suites = null
	ssl.enabled.protocols = [TLSv1.2, TLSv1.3]
	ssl.endpoint.identification.algorithm = https
	ssl.engine.factory.class = null
	ssl.key.password = null
	ssl.keymanager.algorithm = SunX509
	ssl.keystore.certificate.chain = null
	ssl.keystore.key = null
	ssl.keystore.location = null
	ssl.keystore.password = null
	ssl.keystore.type = JKS
	ssl.protocol = TLSv1.3
	ssl.provider = null
	ssl.secure.random.implementation = null
	ssl.trustmanager.algorithm = PKIX
	ssl.truststore.certificates = null
	ssl.truststore.location = null
	ssl.truststore.password = null
	ssl.truststore.type = JKS
	transaction.timeout.ms = 60000
	transactional.id = null
	value.serializer = class io.confluent.kafka.serializers.KafkaAvroSerializer

2025-07-31 02:22:17,975 INFO  [org.apa.kaf.com.tel.int.KafkaMetricsCollector] (main) initializing Kafka metrics collector
2025-07-31 02:22:17,976 INFO  [io.con.kaf.ser.KafkaAvroSerializerConfig] (main) KafkaAvroSerializerConfig values: 
	auto.register.schemas = false
	avro.reflection.allow.null = false
	avro.remove.java.properties = false
	avro.use.logical.type.converters = false
	basic.auth.credentials.source = URL
	basic.auth.user.info = [hidden]
	bearer.auth.cache.expiry.buffer.seconds = 300
	bearer.auth.client.id = null
	bearer.auth.client.secret = null
	bearer.auth.credentials.source = STATIC_TOKEN
	bearer.auth.custom.provider.class = null
	bearer.auth.identity.pool.id = null
	bearer.auth.issuer.endpoint.url = null
	bearer.auth.logical.cluster = null
	bearer.auth.scope = null
	bearer.auth.scope.claim.name = scope
	bearer.auth.sub.claim.name = sub
	bearer.auth.token = [hidden]
	context.name.strategy = class io.confluent.kafka.serializers.context.NullContextNameStrategy
	http.connect.timeout.ms = 60000
	http.read.timeout.ms = 60000
	id.compatibility.strict = true
	key.subject.name.strategy = class io.confluent.kafka.serializers.subject.TopicNameStrategy
	latest.cache.size = 1000
	latest.cache.ttl.sec = -1
	latest.compatibility.strict = true
	max.retries = 3
	max.schemas.per.subject = 1000
	normalize.schemas = false
	propagate.schema.tags = false
	proxy.host = 
	proxy.port = -1
	retries.max.wait.ms = 20000
	retries.wait.ms = 1000
	rule.actions = []
	rule.executors = []
	rule.service.loader.enable = true
	schema.format = null
	schema.reflection = false
	schema.registry.basic.auth.user.info = [hidden]
	schema.registry.ssl.cipher.suites = null
	schema.registry.ssl.enabled.protocols = [TLSv1.2, TLSv1.3]
	schema.registry.ssl.endpoint.identification.algorithm = https
	schema.registry.ssl.engine.factory.class = null
	schema.registry.ssl.key.password = null
	schema.registry.ssl.keymanager.algorithm = SunX509
	schema.registry.ssl.keystore.certificate.chain = null
	schema.registry.ssl.keystore.key = null
	schema.registry.ssl.keystore.location = null
	schema.registry.ssl.keystore.password = null
	schema.registry.ssl.keystore.type = JKS
	schema.registry.ssl.protocol = TLSv1.3
	schema.registry.ssl.provider = null
	schema.registry.ssl.secure.random.implementation = null
	schema.registry.ssl.trustmanager.algorithm = PKIX
	schema.registry.ssl.truststore.certificates = null
	schema.registry.ssl.truststore.location = null
	schema.registry.ssl.truststore.password = null
	schema.registry.ssl.truststore.type = JKS
	schema.registry.url = [http://registry-app-inmemory.apps.ci419.apicurio-testing.org:80/apis/ccompat/v7]
	use.latest.version = false
	use.latest.with.metadata = null
	use.schema.id = -1
	value.subject.name.strategy = class io.confluent.kafka.serializers.subject.TopicNameStrategy

2025-07-31 02:22:17,979 INFO  [org.apa.kaf.cli.pro.KafkaProducer] (main) [Producer clientId=Producer-topic-4a3b3907_ae50_4027_8e32_b9da0c0c988c] Instantiated an idempotent producer.
2025-07-31 02:22:17,982 INFO  [org.apa.kaf.cli.pro.ProducerConfig] (main) These configurations '[schema.registry.url, auto.register.schemas, value.subject.name.strategy]' were supplied but are not used yet.
2025-07-31 02:22:17,982 INFO  [org.apa.kaf.com.uti.AppInfoParser] (main) Kafka version: 3.9.0
2025-07-31 02:22:17,982 INFO  [org.apa.kaf.com.uti.AppInfoParser] (main) Kafka commitId: 84caaa6e9da06435
2025-07-31 02:22:17,982 INFO  [org.apa.kaf.com.uti.AppInfoParser] (main) Kafka startTimeMs: 1753928537982
2025-07-31 02:22:17,982 INFO  [io.api.tes.ser.api.SimpleSerdesTesterBuilder$SimpleSerdesTester] (main) Using producer configuration: {schema.registry.url=http://registry-app-inmemory.apps.ci419.apicurio-testing.org:80/apis/ccompat/v7, value.serializer=io.confluent.kafka.serializers.KafkaAvroSerializer, request.timeout.ms=5000, auto.register.schemas=false, acks=all, bootstrap.servers=PLAINTEXT://localhost:32770, connections.max.idle.ms=10000, key.serializer=org.apache.kafka.common.serialization.StringSerializer, value.subject.name.strategy=io.confluent.kafka.serializers.subject.TopicNameStrategy, client.id=Producer-topic-4a3b3907_ae50_4027_8e32_b9da0c0c988c}
2025-07-31 02:22:17,982 INFO  [io.api.tes.ser.api.SimpleSerdesTesterBuilder$SimpleSerdesTester] (main) Using consumer configuration: {}
2025-07-31 02:22:17,984 INFO  [io.api.tes.ser.api.KafkaSerdesTester] (Thread-311) Sending message {"key1": "value-0"} to topic topic-4a3b3907_ae50_4027_8e32_b9da0c0c988c
2025-07-31 02:22:17,988 INFO  [org.apa.kaf.cli.Metadata] (kafka-producer-network-thread | Producer-topic-4a3b3907_ae50_4027_8e32_b9da0c0c988c) [Producer clientId=Producer-topic-4a3b3907_ae50_4027_8e32_b9da0c0c988c] Cluster ID: mFm4H5CuSae4mNeWY74G7g
2025-07-31 02:22:17,988 INFO  [org.apa.kaf.cli.pro.int.TransactionManager] (kafka-producer-network-thread | Producer-topic-4a3b3907_ae50_4027_8e32_b9da0c0c988c) [Producer clientId=Producer-topic-4a3b3907_ae50_4027_8e32_b9da0c0c988c] ProducerId set to 32 with epoch 0
2025-07-31 02:22:18,003 INFO  [io.api.tes.ser.api.KafkaSerdesTester] (Thread-311) Sending message {"key1": "value-1"} to topic topic-4a3b3907_ae50_4027_8e32_b9da0c0c988c
2025-07-31 02:22:18,005 INFO  [io.api.tes.ser.api.KafkaSerdesTester] (Thread-311) Sending message {"key1": "value-2"} to topic topic-4a3b3907_ae50_4027_8e32_b9da0c0c988c
2025-07-31 02:22:18,012 INFO  [io.api.tes.ser.api.KafkaSerdesTester] (Thread-311) Sending message {"key1": "value-3"} to topic topic-4a3b3907_ae50_4027_8e32_b9da0c0c988c
2025-07-31 02:22:18,013 INFO  [io.api.tes.ser.api.KafkaSerdesTester] (Thread-311) Sending message {"key1": "value-4"} to topic topic-4a3b3907_ae50_4027_8e32_b9da0c0c988c
2025-07-31 02:22:18,014 INFO  [io.api.tes.ser.api.KafkaSerdesTester] (Thread-311) Sending message {"key1": "value-5"} to topic topic-4a3b3907_ae50_4027_8e32_b9da0c0c988c
2025-07-31 02:22:18,015 INFO  [io.api.tes.ser.api.KafkaSerdesTester] (Thread-311) Sending message {"key1": "value-6"} to topic topic-4a3b3907_ae50_4027_8e32_b9da0c0c988c
2025-07-31 02:22:18,017 INFO  [io.api.tes.ser.api.KafkaSerdesTester] (Thread-311) Sending message {"key1": "value-7"} to topic topic-4a3b3907_ae50_4027_8e32_b9da0c0c988c
2025-07-31 02:22:18,018 INFO  [io.api.tes.ser.api.KafkaSerdesTester] (Thread-311) Sending message {"key1": "value-8"} to topic topic-4a3b3907_ae50_4027_8e32_b9da0c0c988c
2025-07-31 02:22:18,020 INFO  [io.api.tes.ser.api.KafkaSerdesTester] (Thread-311) Sending message {"key1": "value-9"} to topic topic-4a3b3907_ae50_4027_8e32_b9da0c0c988c
2025-07-31 02:22:18,021 INFO  [io.api.tes.ser.api.KafkaSerdesTester] (Thread-311) Produced 10 messages
2025-07-31 02:22:18,021 INFO  [org.apa.kaf.cli.pro.KafkaProducer] (Thread-311) [Producer clientId=Producer-topic-4a3b3907_ae50_4027_8e32_b9da0c0c988c] Closing the Kafka producer with timeoutMillis = 9223372036854775807 ms.
2025-07-31 02:22:18,023 INFO  [org.apa.kaf.com.met.Metrics] (Thread-311) Metrics scheduler closed
2025-07-31 02:22:18,023 INFO  [org.apa.kaf.com.met.Metrics] (Thread-311) Closing reporter org.apache.kafka.common.metrics.JmxReporter
2025-07-31 02:22:18,023 INFO  [org.apa.kaf.com.met.Metrics] (Thread-311) Closing reporter org.apache.kafka.common.telemetry.internals.ClientTelemetryReporter
2025-07-31 02:22:18,023 INFO  [org.apa.kaf.com.met.Metrics] (Thread-311) Metrics reporters closed
2025-07-31 02:22:18,023 INFO  [org.apa.kaf.com.uti.AppInfoParser] (Thread-311) App info kafka.producer for Producer-topic-4a3b3907_ae50_4027_8e32_b9da0c0c988c unregistered
2025-07-31 02:22:18,024 INFO  [org.apa.kaf.cli.con.ConsumerConfig] (main) ConsumerConfig values: 
	allow.auto.create.topics = true
	auto.commit.interval.ms = 500
	auto.include.jmx.reporter = true
	auto.offset.reset = earliest
	bootstrap.servers = [PLAINTEXT://localhost:32770]
	check.crcs = true
	client.dns.lookup = use_all_dns_ips
	client.id = consumer-Consumer-topic-4a3b3907_ae50_4027_8e32_b9da0c0c988c-25
	client.rack = 
	connections.max.idle.ms = 10000
	default.api.timeout.ms = 60000
	enable.auto.commit = true
	enable.metrics.push = true
	exclude.internal.topics = true
	fetch.max.bytes = 52428800
	fetch.max.wait.ms = 500
	fetch.min.bytes = 1
	group.id = Consumer-topic-4a3b3907_ae50_4027_8e32_b9da0c0c988c
	group.instance.id = null
	group.protocol = classic
	group.remote.assignor = null
	heartbeat.interval.ms = 3000
	interceptor.classes = []
	internal.leave.group.on.close = true
	internal.throw.on.fetch.stable.offset.unsupported = false
	isolation.level = read_uncommitted
	key.deserializer = class org.apache.kafka.common.serialization.StringDeserializer
	max.partition.fetch.bytes = 1048576
	max.poll.interval.ms = 300000
	max.poll.records = 500
	metadata.max.age.ms = 300000
	metadata.recovery.strategy = none
	metric.reporters = []
	metrics.num.samples = 2
	metrics.recording.level = INFO
	metrics.sample.window.ms = 30000
	partition.assignment.strategy = [class org.apache.kafka.clients.consumer.RangeAssignor, class org.apache.kafka.clients.consumer.CooperativeStickyAssignor]
	receive.buffer.bytes = 65536
	reconnect.backoff.max.ms = 1000
	reconnect.backoff.ms = 50
	request.timeout.ms = 5000
	retry.backoff.max.ms = 1000
	retry.backoff.ms = 100
	sasl.client.callback.handler.class = null
	sasl.jaas.config = null
	sasl.kerberos.kinit.cmd = /usr/bin/kinit
	sasl.kerberos.min.time.before.relogin = 60000
	sasl.kerberos.service.name = null
	sasl.kerberos.ticket.renew.jitter = 0.05
	sasl.kerberos.ticket.renew.window.factor = 0.8
	sasl.login.callback.handler.class = null
	sasl.login.class = null
	sasl.login.connect.timeout.ms = null
	sasl.login.read.timeout.ms = null
	sasl.login.refresh.buffer.seconds = 300
	sasl.login.refresh.min.period.seconds = 60
	sasl.login.refresh.window.factor = 0.8
	sasl.login.refresh.window.jitter = 0.05
	sasl.login.retry.backoff.max.ms = 10000
	sasl.login.retry.backoff.ms = 100
	sasl.mechanism = GSSAPI
	sasl.oauthbearer.clock.skew.seconds = 30
	sasl.oauthbearer.expected.audience = null
	sasl.oauthbearer.expected.issuer = null
	sasl.oauthbearer.header.urlencode = false
	sasl.oauthbearer.jwks.endpoint.refresh.ms = 3600000
	sasl.oauthbearer.jwks.endpoint.retry.backoff.max.ms = 10000
	sasl.oauthbearer.jwks.endpoint.retry.backoff.ms = 100
	sasl.oauthbearer.jwks.endpoint.url = null
	sasl.oauthbearer.scope.claim.name = scope
	sasl.oauthbearer.sub.claim.name = sub
	sasl.oauthbearer.token.endpoint.url = null
	security.protocol = PLAINTEXT
	security.providers = null
	send.buffer.bytes = 131072
	session.timeout.ms = 45000
	socket.connection.setup.timeout.max.ms = 30000
	socket.connection.setup.timeout.ms = 10000
	ssl.cipher.suites = null
	ssl.enabled.protocols = [TLSv1.2, TLSv1.3]
	ssl.endpoint.identification.algorithm = https
	ssl.engine.factory.class = null
	ssl.key.password = null
	ssl.keymanager.algorithm = SunX509
	ssl.keystore.certificate.chain = null
	ssl.keystore.key = null
	ssl.keystore.location = null
	ssl.keystore.password = null
	ssl.keystore.type = JKS
	ssl.protocol = TLSv1.3
	ssl.provider = null
	ssl.secure.random.implementation = null
	ssl.trustmanager.algorithm = PKIX
	ssl.truststore.certificates = null
	ssl.truststore.location = null
	ssl.truststore.password = null
	ssl.truststore.type = JKS
	value.deserializer = class io.confluent.kafka.serializers.KafkaAvroDeserializer

2025-07-31 02:22:18,024 INFO  [org.apa.kaf.com.tel.int.KafkaMetricsCollector] (main) initializing Kafka metrics collector
2025-07-31 02:22:18,024 INFO  [io.con.kaf.ser.KafkaAvroDeserializerConfig] (main) KafkaAvroDeserializerConfig values: 
	auto.register.schemas = true
	avro.reflection.allow.null = false
	avro.use.logical.type.converters = false
	basic.auth.credentials.source = URL
	basic.auth.user.info = [hidden]
	bearer.auth.cache.expiry.buffer.seconds = 300
	bearer.auth.client.id = null
	bearer.auth.client.secret = null
	bearer.auth.credentials.source = STATIC_TOKEN
	bearer.auth.custom.provider.class = null
	bearer.auth.identity.pool.id = null
	bearer.auth.issuer.endpoint.url = null
	bearer.auth.logical.cluster = null
	bearer.auth.scope = null
	bearer.auth.scope.claim.name = scope
	bearer.auth.sub.claim.name = sub
	bearer.auth.token = [hidden]
	context.name.strategy = class io.confluent.kafka.serializers.context.NullContextNameStrategy
	http.connect.timeout.ms = 60000
	http.read.timeout.ms = 60000
	id.compatibility.strict = true
	key.subject.name.strategy = class io.confluent.kafka.serializers.subject.TopicNameStrategy
	latest.cache.size = 1000
	latest.cache.ttl.sec = -1
	latest.compatibility.strict = true
	max.retries = 3
	max.schemas.per.subject = 1000
	normalize.schemas = false
	propagate.schema.tags = false
	proxy.host = 
	proxy.port = -1
	retries.max.wait.ms = 20000
	retries.wait.ms = 1000
	rule.actions = []
	rule.executors = []
	rule.service.loader.enable = true
	schema.format = null
	schema.reflection = false
	schema.registry.basic.auth.user.info = [hidden]
	schema.registry.ssl.cipher.suites = null
	schema.registry.ssl.enabled.protocols = [TLSv1.2, TLSv1.3]
	schema.registry.ssl.endpoint.identification.algorithm = https
	schema.registry.ssl.engine.factory.class = null
	schema.registry.ssl.key.password = null
	schema.registry.ssl.keymanager.algorithm = SunX509
	schema.registry.ssl.keystore.certificate.chain = null
	schema.registry.ssl.keystore.key = null
	schema.registry.ssl.keystore.location = null
	schema.registry.ssl.keystore.password = null
	schema.registry.ssl.keystore.type = JKS
	schema.registry.ssl.protocol = TLSv1.3
	schema.registry.ssl.provider = null
	schema.registry.ssl.secure.random.implementation = null
	schema.registry.ssl.trustmanager.algorithm = PKIX
	schema.registry.ssl.truststore.certificates = null
	schema.registry.ssl.truststore.location = null
	schema.registry.ssl.truststore.password = null
	schema.registry.ssl.truststore.type = JKS
	schema.registry.url = [http://registry-app-inmemory.apps.ci419.apicurio-testing.org:80/apis/ccompat/v7]
	specific.avro.key.type = null
	specific.avro.reader = false
	specific.avro.value.type = null
	use.latest.version = false
	use.latest.with.metadata = null
	use.schema.id = -1
	value.subject.name.strategy = class io.confluent.kafka.serializers.subject.TopicNameStrategy

2025-07-31 02:22:18,025 INFO  [io.con.kaf.ser.KafkaAvroDeserializerConfig] (main) KafkaAvroDeserializerConfig values: 
	auto.register.schemas = true
	avro.reflection.allow.null = false
	avro.use.logical.type.converters = false
	basic.auth.credentials.source = URL
	basic.auth.user.info = [hidden]
	bearer.auth.cache.expiry.buffer.seconds = 300
	bearer.auth.client.id = null
	bearer.auth.client.secret = null
	bearer.auth.credentials.source = STATIC_TOKEN
	bearer.auth.custom.provider.class = null
	bearer.auth.identity.pool.id = null
	bearer.auth.issuer.endpoint.url = null
	bearer.auth.logical.cluster = null
	bearer.auth.scope = null
	bearer.auth.scope.claim.name = scope
	bearer.auth.sub.claim.name = sub
	bearer.auth.token = [hidden]
	context.name.strategy = class io.confluent.kafka.serializers.context.NullContextNameStrategy
	http.connect.timeout.ms = 60000
	http.read.timeout.ms = 60000
	id.compatibility.strict = true
	key.subject.name.strategy = class io.confluent.kafka.serializers.subject.TopicNameStrategy
	latest.cache.size = 1000
	latest.cache.ttl.sec = -1
	latest.compatibility.strict = true
	max.retries = 3
	max.schemas.per.subject = 1000
	normalize.schemas = false
	propagate.schema.tags = false
	proxy.host = 
	proxy.port = -1
	retries.max.wait.ms = 20000
	retries.wait.ms = 1000
	rule.actions = []
	rule.executors = []
	rule.service.loader.enable = true
	schema.format = null
	schema.reflection = false
	schema.registry.basic.auth.user.info = [hidden]
	schema.registry.ssl.cipher.suites = null
	schema.registry.ssl.enabled.protocols = [TLSv1.2, TLSv1.3]
	schema.registry.ssl.endpoint.identification.algorithm = https
	schema.registry.ssl.engine.factory.class = null
	schema.registry.ssl.key.password = null
	schema.registry.ssl.keymanager.algorithm = SunX509
	schema.registry.ssl.keystore.certificate.chain = null
	schema.registry.ssl.keystore.key = null
	schema.registry.ssl.keystore.location = null
	schema.registry.ssl.keystore.password = null
	schema.registry.ssl.keystore.type = JKS
	schema.registry.ssl.protocol = TLSv1.3
	schema.registry.ssl.provider = null
	schema.registry.ssl.secure.random.implementation = null
	schema.registry.ssl.trustmanager.algorithm = PKIX
	schema.registry.ssl.truststore.certificates = null
	schema.registry.ssl.truststore.location = null
	schema.registry.ssl.truststore.password = null
	schema.registry.ssl.truststore.type = JKS
	schema.registry.url = [http://registry-app-inmemory.apps.ci419.apicurio-testing.org:80/apis/ccompat/v7]
	specific.avro.key.type = null
	specific.avro.reader = false
	specific.avro.value.type = null
	use.latest.version = false
	use.latest.with.metadata = null
	use.schema.id = -1
	value.subject.name.strategy = class io.confluent.kafka.serializers.subject.TopicNameStrategy

2025-07-31 02:22:18,029 INFO  [org.apa.kaf.cli.con.ConsumerConfig] (main) These configurations '[schema.registry.url]' were supplied but are not used yet.
2025-07-31 02:22:18,029 INFO  [org.apa.kaf.com.uti.AppInfoParser] (main) Kafka version: 3.9.0
2025-07-31 02:22:18,029 INFO  [org.apa.kaf.com.uti.AppInfoParser] (main) Kafka commitId: 84caaa6e9da06435
2025-07-31 02:22:18,029 INFO  [org.apa.kaf.com.uti.AppInfoParser] (main) Kafka startTimeMs: 1753928538029
2025-07-31 02:22:18,029 INFO  [org.apa.kaf.cli.con.int.ClassicKafkaConsumer] (Thread-312) [Consumer clientId=consumer-Consumer-topic-4a3b3907_ae50_4027_8e32_b9da0c0c988c-25, groupId=Consumer-topic-4a3b3907_ae50_4027_8e32_b9da0c0c988c] Subscribed to topic(s): topic-4a3b3907_ae50_4027_8e32_b9da0c0c988c
2025-07-31 02:22:18,033 INFO  [org.apa.kaf.cli.Metadata] (Thread-312) [Consumer clientId=consumer-Consumer-topic-4a3b3907_ae50_4027_8e32_b9da0c0c988c-25, groupId=Consumer-topic-4a3b3907_ae50_4027_8e32_b9da0c0c988c] Cluster ID: mFm4H5CuSae4mNeWY74G7g
2025-07-31 02:22:18,034 INFO  [org.apa.kaf.cli.con.int.ConsumerCoordinator] (Thread-312) [Consumer clientId=consumer-Consumer-topic-4a3b3907_ae50_4027_8e32_b9da0c0c988c-25, groupId=Consumer-topic-4a3b3907_ae50_4027_8e32_b9da0c0c988c] Discovered group coordinator localhost:32770 (id: 2147483647 rack: null)
2025-07-31 02:22:18,036 INFO  [org.apa.kaf.cli.con.int.ConsumerCoordinator] (Thread-312) [Consumer clientId=consumer-Consumer-topic-4a3b3907_ae50_4027_8e32_b9da0c0c988c-25, groupId=Consumer-topic-4a3b3907_ae50_4027_8e32_b9da0c0c988c] (Re-)joining group
2025-07-31 02:22:18,038 INFO  [org.apa.kaf.cli.con.int.ConsumerCoordinator] (Thread-312) [Consumer clientId=consumer-Consumer-topic-4a3b3907_ae50_4027_8e32_b9da0c0c988c-25, groupId=Consumer-topic-4a3b3907_ae50_4027_8e32_b9da0c0c988c] Request joining group due to: need to re-join with the given member-id: consumer-Consumer-topic-4a3b3907_ae50_4027_8e32_b9da0c0c988c-25-1ea4c5b1-d437-440d-b2d9-ad9b7ba0c2b9
2025-07-31 02:22:18,038 INFO  [org.apa.kaf.cli.con.int.ConsumerCoordinator] (Thread-312) [Consumer clientId=consumer-Consumer-topic-4a3b3907_ae50_4027_8e32_b9da0c0c988c-25, groupId=Consumer-topic-4a3b3907_ae50_4027_8e32_b9da0c0c988c] (Re-)joining group
2025-07-31 02:22:18,042 INFO  [org.apa.kaf.cli.con.int.ConsumerCoordinator] (Thread-312) [Consumer clientId=consumer-Consumer-topic-4a3b3907_ae50_4027_8e32_b9da0c0c988c-25, groupId=Consumer-topic-4a3b3907_ae50_4027_8e32_b9da0c0c988c] Successfully joined group with generation Generation{generationId=1, memberId='consumer-Consumer-topic-4a3b3907_ae50_4027_8e32_b9da0c0c988c-25-1ea4c5b1-d437-440d-b2d9-ad9b7ba0c2b9', protocol='range'}
2025-07-31 02:22:18,042 INFO  [org.apa.kaf.cli.con.int.ConsumerCoordinator] (Thread-312) [Consumer clientId=consumer-Consumer-topic-4a3b3907_ae50_4027_8e32_b9da0c0c988c-25, groupId=Consumer-topic-4a3b3907_ae50_4027_8e32_b9da0c0c988c] Finished assignment for group at generation 1: {consumer-Consumer-topic-4a3b3907_ae50_4027_8e32_b9da0c0c988c-25-1ea4c5b1-d437-440d-b2d9-ad9b7ba0c2b9=Assignment(partitions=[topic-4a3b3907_ae50_4027_8e32_b9da0c0c988c-0])}
2025-07-31 02:22:18,044 INFO  [org.apa.kaf.cli.con.int.ConsumerCoordinator] (Thread-312) [Consumer clientId=consumer-Consumer-topic-4a3b3907_ae50_4027_8e32_b9da0c0c988c-25, groupId=Consumer-topic-4a3b3907_ae50_4027_8e32_b9da0c0c988c] Successfully synced group in generation Generation{generationId=1, memberId='consumer-Consumer-topic-4a3b3907_ae50_4027_8e32_b9da0c0c988c-25-1ea4c5b1-d437-440d-b2d9-ad9b7ba0c2b9', protocol='range'}
2025-07-31 02:22:18,045 INFO  [org.apa.kaf.cli.con.int.ConsumerCoordinator] (Thread-312) [Consumer clientId=consumer-Consumer-topic-4a3b3907_ae50_4027_8e32_b9da0c0c988c-25, groupId=Consumer-topic-4a3b3907_ae50_4027_8e32_b9da0c0c988c] Notifying assignor about the new Assignment(partitions=[topic-4a3b3907_ae50_4027_8e32_b9da0c0c988c-0])
2025-07-31 02:22:18,045 INFO  [org.apa.kaf.cli.con.int.ConsumerRebalanceListenerInvoker] (Thread-312) [Consumer clientId=consumer-Consumer-topic-4a3b3907_ae50_4027_8e32_b9da0c0c988c-25, groupId=Consumer-topic-4a3b3907_ae50_4027_8e32_b9da0c0c988c] Adding newly assigned partitions: topic-4a3b3907_ae50_4027_8e32_b9da0c0c988c-0
2025-07-31 02:22:18,045 INFO  [org.apa.kaf.cli.con.int.ConsumerCoordinator] (Thread-312) [Consumer clientId=consumer-Consumer-topic-4a3b3907_ae50_4027_8e32_b9da0c0c988c-25, groupId=Consumer-topic-4a3b3907_ae50_4027_8e32_b9da0c0c988c] Found no committed offset for partition topic-4a3b3907_ae50_4027_8e32_b9da0c0c988c-0
2025-07-31 02:22:18,049 INFO  [org.apa.kaf.cli.con.int.SubscriptionState] (Thread-312) [Consumer clientId=consumer-Consumer-topic-4a3b3907_ae50_4027_8e32_b9da0c0c988c-25, groupId=Consumer-topic-4a3b3907_ae50_4027_8e32_b9da0c0c988c] Resetting offset for partition topic-4a3b3907_ae50_4027_8e32_b9da0c0c988c-0 to position FetchPosition{offset=0, offsetEpoch=Optional.empty, currentLeader=LeaderAndEpoch{leader=Optional[localhost:32770 (id: 0 rack: null)], epoch=0}}.
2025-07-31 02:22:18,066 INFO  [io.api.tes.ser.api.KafkaSerdesTester] (Thread-312) topic-4a3b3907_ae50_4027_8e32_b9da0c0c988c 0 0 {"key1": "value-0"}
2025-07-31 02:22:18,067 INFO  [io.api.tes.ser.api.KafkaSerdesTester] (Thread-312) topic-4a3b3907_ae50_4027_8e32_b9da0c0c988c 0 1 {"key1": "value-1"}
2025-07-31 02:22:18,068 INFO  [io.api.tes.ser.api.KafkaSerdesTester] (Thread-312) topic-4a3b3907_ae50_4027_8e32_b9da0c0c988c 0 2 {"key1": "value-2"}
2025-07-31 02:22:18,068 INFO  [io.api.tes.ser.api.KafkaSerdesTester] (Thread-312) topic-4a3b3907_ae50_4027_8e32_b9da0c0c988c 0 3 {"key1": "value-3"}
2025-07-31 02:22:18,068 INFO  [io.api.tes.ser.api.KafkaSerdesTester] (Thread-312) topic-4a3b3907_ae50_4027_8e32_b9da0c0c988c 0 4 {"key1": "value-4"}
2025-07-31 02:22:18,068 INFO  [io.api.tes.ser.api.KafkaSerdesTester] (Thread-312) topic-4a3b3907_ae50_4027_8e32_b9da0c0c988c 0 5 {"key1": "value-5"}
2025-07-31 02:22:18,068 INFO  [io.api.tes.ser.api.KafkaSerdesTester] (Thread-312) topic-4a3b3907_ae50_4027_8e32_b9da0c0c988c 0 6 {"key1": "value-6"}
2025-07-31 02:22:18,068 INFO  [io.api.tes.ser.api.KafkaSerdesTester] (Thread-312) topic-4a3b3907_ae50_4027_8e32_b9da0c0c988c 0 7 {"key1": "value-7"}
2025-07-31 02:22:18,068 INFO  [io.api.tes.ser.api.KafkaSerdesTester] (Thread-312) topic-4a3b3907_ae50_4027_8e32_b9da0c0c988c 0 8 {"key1": "value-8"}
2025-07-31 02:22:18,068 INFO  [io.api.tes.ser.api.KafkaSerdesTester] (Thread-312) topic-4a3b3907_ae50_4027_8e32_b9da0c0c988c 0 9 {"key1": "value-9"}
2025-07-31 02:22:18,068 INFO  [io.api.tes.ser.api.KafkaSerdesTester] (Thread-312) Consumed 10 messages
2025-07-31 02:22:18,070 INFO  [org.apa.kaf.cli.con.int.ConsumerRebalanceListenerInvoker] (Thread-312) [Consumer clientId=consumer-Consumer-topic-4a3b3907_ae50_4027_8e32_b9da0c0c988c-25, groupId=Consumer-topic-4a3b3907_ae50_4027_8e32_b9da0c0c988c] Revoke previously assigned partitions topic-4a3b3907_ae50_4027_8e32_b9da0c0c988c-0
2025-07-31 02:22:18,070 INFO  [org.apa.kaf.cli.con.int.ConsumerCoordinator] (Thread-312) [Consumer clientId=consumer-Consumer-topic-4a3b3907_ae50_4027_8e32_b9da0c0c988c-25, groupId=Consumer-topic-4a3b3907_ae50_4027_8e32_b9da0c0c988c] Member consumer-Consumer-topic-4a3b3907_ae50_4027_8e32_b9da0c0c988c-25-1ea4c5b1-d437-440d-b2d9-ad9b7ba0c2b9 sending LeaveGroup request to coordinator localhost:32770 (id: 2147483647 rack: null) due to the consumer is being closed
2025-07-31 02:22:18,070 INFO  [org.apa.kaf.cli.con.int.ConsumerCoordinator] (Thread-312) [Consumer clientId=consumer-Consumer-topic-4a3b3907_ae50_4027_8e32_b9da0c0c988c-25, groupId=Consumer-topic-4a3b3907_ae50_4027_8e32_b9da0c0c988c] Resetting generation and member id due to: consumer pro-actively leaving the group
2025-07-31 02:22:18,070 INFO  [org.apa.kaf.cli.con.int.ConsumerCoordinator] (Thread-312) [Consumer clientId=consumer-Consumer-topic-4a3b3907_ae50_4027_8e32_b9da0c0c988c-25, groupId=Consumer-topic-4a3b3907_ae50_4027_8e32_b9da0c0c988c] Request joining group due to: consumer pro-actively leaving the group
2025-07-31 02:22:18,569 INFO  [org.apa.kaf.com.met.Metrics] (Thread-312) Metrics scheduler closed
2025-07-31 02:22:18,569 INFO  [org.apa.kaf.com.met.Metrics] (Thread-312) Closing reporter org.apache.kafka.common.metrics.JmxReporter
2025-07-31 02:22:18,569 INFO  [org.apa.kaf.com.met.Metrics] (Thread-312) Closing reporter org.apache.kafka.common.telemetry.internals.ClientTelemetryReporter
2025-07-31 02:22:18,569 INFO  [org.apa.kaf.com.met.Metrics] (Thread-312) Metrics reporters closed
2025-07-31 02:22:18,571 INFO  [org.apa.kaf.com.uti.AppInfoParser] (Thread-312) App info kafka.consumer for consumer-Consumer-topic-4a3b3907_ae50_4027_8e32_b9da0c0c988c-25 unregistered
2025-07-31 02:22:18,592 INFO  [io.api.tes.ser.con.BasicConfluentSerDesIT] (main) Deleting confluent schema topic-4a3b3907_ae50_4027_8e32_b9da0c0c988c-value
2025-07-31 02:22:18,604 INFO  [io.api.tes.uti.TestSeparator] (main) io.apicurio.tests.serdes.confluent.BasicConfluentSerDesIT.testAvroConfluentSerDes-FINISHED
2025-07-31 02:22:18,604 INFO  [io.api.tes.uti.TestSeparator] (main) ############################################################################
]]></system-out>
  </testcase>
  <testcase name="testAvroConfluentForMultipleTopics" classname="io.apicurio.tests.serdes.confluent.BasicConfluentSerDesIT" time="2.051">
    <system-out><![CDATA[2025-07-31 02:22:18,605 INFO  [io.api.tes.uti.TestSeparator] (main) ############################################################################
2025-07-31 02:22:18,605 INFO  [io.api.tes.uti.TestSeparator] (main) io.apicurio.tests.serdes.confluent.BasicConfluentSerDesIT.testAvroConfluentForMultipleTopics-STARTED
2025-07-31 02:22:18,636 INFO  [io.api.tes.ser.con.BasicConfluentSerDesIT] (main) Checking that created schema is equal to the get schema
2025-07-31 02:22:18,648 INFO  [io.api.tes.ser.con.BasicConfluentSerDesIT] (main) Created schema with id:45 and name:myrecordconfluent6
2025-07-31 02:22:18,649 INFO  [org.apa.kaf.cli.pro.ProducerConfig] (main) ProducerConfig values: 
	acks = -1
	auto.include.jmx.reporter = true
	batch.size = 16384
	bootstrap.servers = [PLAINTEXT://localhost:32770]
	buffer.memory = 33554432
	client.dns.lookup = use_all_dns_ips
	client.id = Producer-topic-b3175e05_7015_4a74_b3dc_d211f7c6cb1f
	compression.gzip.level = -1
	compression.lz4.level = 9
	compression.type = none
	compression.zstd.level = 3
	connections.max.idle.ms = 10000
	delivery.timeout.ms = 120000
	enable.idempotence = true
	enable.metrics.push = true
	interceptor.classes = []
	key.serializer = class org.apache.kafka.common.serialization.StringSerializer
	linger.ms = 0
	max.block.ms = 60000
	max.in.flight.requests.per.connection = 5
	max.request.size = 1048576
	metadata.max.age.ms = 300000
	metadata.max.idle.ms = 300000
	metadata.recovery.strategy = none
	metric.reporters = []
	metrics.num.samples = 2
	metrics.recording.level = INFO
	metrics.sample.window.ms = 30000
	partitioner.adaptive.partitioning.enable = true
	partitioner.availability.timeout.ms = 0
	partitioner.class = null
	partitioner.ignore.keys = false
	receive.buffer.bytes = 32768
	reconnect.backoff.max.ms = 1000
	reconnect.backoff.ms = 50
	request.timeout.ms = 5000
	retries = 2147483647
	retry.backoff.max.ms = 1000
	retry.backoff.ms = 100
	sasl.client.callback.handler.class = null
	sasl.jaas.config = null
	sasl.kerberos.kinit.cmd = /usr/bin/kinit
	sasl.kerberos.min.time.before.relogin = 60000
	sasl.kerberos.service.name = null
	sasl.kerberos.ticket.renew.jitter = 0.05
	sasl.kerberos.ticket.renew.window.factor = 0.8
	sasl.login.callback.handler.class = null
	sasl.login.class = null
	sasl.login.connect.timeout.ms = null
	sasl.login.read.timeout.ms = null
	sasl.login.refresh.buffer.seconds = 300
	sasl.login.refresh.min.period.seconds = 60
	sasl.login.refresh.window.factor = 0.8
	sasl.login.refresh.window.jitter = 0.05
	sasl.login.retry.backoff.max.ms = 10000
	sasl.login.retry.backoff.ms = 100
	sasl.mechanism = GSSAPI
	sasl.oauthbearer.clock.skew.seconds = 30
	sasl.oauthbearer.expected.audience = null
	sasl.oauthbearer.expected.issuer = null
	sasl.oauthbearer.header.urlencode = false
	sasl.oauthbearer.jwks.endpoint.refresh.ms = 3600000
	sasl.oauthbearer.jwks.endpoint.retry.backoff.max.ms = 10000
	sasl.oauthbearer.jwks.endpoint.retry.backoff.ms = 100
	sasl.oauthbearer.jwks.endpoint.url = null
	sasl.oauthbearer.scope.claim.name = scope
	sasl.oauthbearer.sub.claim.name = sub
	sasl.oauthbearer.token.endpoint.url = null
	security.protocol = PLAINTEXT
	security.providers = null
	send.buffer.bytes = 131072
	socket.connection.setup.timeout.max.ms = 30000
	socket.connection.setup.timeout.ms = 10000
	ssl.cipher.suites = null
	ssl.enabled.protocols = [TLSv1.2, TLSv1.3]
	ssl.endpoint.identification.algorithm = https
	ssl.engine.factory.class = null
	ssl.key.password = null
	ssl.keymanager.algorithm = SunX509
	ssl.keystore.certificate.chain = null
	ssl.keystore.key = null
	ssl.keystore.location = null
	ssl.keystore.password = null
	ssl.keystore.type = JKS
	ssl.protocol = TLSv1.3
	ssl.provider = null
	ssl.secure.random.implementation = null
	ssl.trustmanager.algorithm = PKIX
	ssl.truststore.certificates = null
	ssl.truststore.location = null
	ssl.truststore.password = null
	ssl.truststore.type = JKS
	transaction.timeout.ms = 60000
	transactional.id = null
	value.serializer = class io.apicurio.registry.serde.avro.AvroKafkaSerializer

2025-07-31 02:22:18,649 INFO  [org.apa.kaf.com.tel.int.KafkaMetricsCollector] (main) initializing Kafka metrics collector
2025-07-31 02:22:18,658 INFO  [org.apa.kaf.cli.pro.KafkaProducer] (main) [Producer clientId=Producer-topic-b3175e05_7015_4a74_b3dc_d211f7c6cb1f] Instantiated an idempotent producer.
2025-07-31 02:22:18,661 INFO  [org.apa.kaf.cli.pro.ProducerConfig] (main) These configurations '[apicurio.registry.url, apicurio.registry.artifact-resolver-strategy]' were supplied but are not used yet.
2025-07-31 02:22:18,661 INFO  [org.apa.kaf.com.uti.AppInfoParser] (main) Kafka version: 3.9.0
2025-07-31 02:22:18,661 INFO  [org.apa.kaf.com.uti.AppInfoParser] (main) Kafka commitId: 84caaa6e9da06435
2025-07-31 02:22:18,661 INFO  [org.apa.kaf.com.uti.AppInfoParser] (main) Kafka startTimeMs: 1753928538661
2025-07-31 02:22:18,661 INFO  [org.apa.kaf.cli.pro.ProducerConfig] (main) ProducerConfig values: 
	acks = -1
	auto.include.jmx.reporter = true
	batch.size = 16384
	bootstrap.servers = [PLAINTEXT://localhost:32770]
	buffer.memory = 33554432
	client.dns.lookup = use_all_dns_ips
	client.id = Producer-topic-74fd4ad4_460f_4b73_8b22_4422fb89dc1a
	compression.gzip.level = -1
	compression.lz4.level = 9
	compression.type = none
	compression.zstd.level = 3
	connections.max.idle.ms = 10000
	delivery.timeout.ms = 120000
	enable.idempotence = true
	enable.metrics.push = true
	interceptor.classes = []
	key.serializer = class org.apache.kafka.common.serialization.StringSerializer
	linger.ms = 0
	max.block.ms = 60000
	max.in.flight.requests.per.connection = 5
	max.request.size = 1048576
	metadata.max.age.ms = 300000
	metadata.max.idle.ms = 300000
	metadata.recovery.strategy = none
	metric.reporters = []
	metrics.num.samples = 2
	metrics.recording.level = INFO
	metrics.sample.window.ms = 30000
	partitioner.adaptive.partitioning.enable = true
	partitioner.availability.timeout.ms = 0
	partitioner.class = null
	partitioner.ignore.keys = false
	receive.buffer.bytes = 32768
	reconnect.backoff.max.ms = 1000
	reconnect.backoff.ms = 50
	request.timeout.ms = 5000
	retries = 2147483647
	retry.backoff.max.ms = 1000
	retry.backoff.ms = 100
	sasl.client.callback.handler.class = null
	sasl.jaas.config = null
	sasl.kerberos.kinit.cmd = /usr/bin/kinit
	sasl.kerberos.min.time.before.relogin = 60000
	sasl.kerberos.service.name = null
	sasl.kerberos.ticket.renew.jitter = 0.05
	sasl.kerberos.ticket.renew.window.factor = 0.8
	sasl.login.callback.handler.class = null
	sasl.login.class = null
	sasl.login.connect.timeout.ms = null
	sasl.login.read.timeout.ms = null
	sasl.login.refresh.buffer.seconds = 300
	sasl.login.refresh.min.period.seconds = 60
	sasl.login.refresh.window.factor = 0.8
	sasl.login.refresh.window.jitter = 0.05
	sasl.login.retry.backoff.max.ms = 10000
	sasl.login.retry.backoff.ms = 100
	sasl.mechanism = GSSAPI
	sasl.oauthbearer.clock.skew.seconds = 30
	sasl.oauthbearer.expected.audience = null
	sasl.oauthbearer.expected.issuer = null
	sasl.oauthbearer.header.urlencode = false
	sasl.oauthbearer.jwks.endpoint.refresh.ms = 3600000
	sasl.oauthbearer.jwks.endpoint.retry.backoff.max.ms = 10000
	sasl.oauthbearer.jwks.endpoint.retry.backoff.ms = 100
	sasl.oauthbearer.jwks.endpoint.url = null
	sasl.oauthbearer.scope.claim.name = scope
	sasl.oauthbearer.sub.claim.name = sub
	sasl.oauthbearer.token.endpoint.url = null
	security.protocol = PLAINTEXT
	security.providers = null
	send.buffer.bytes = 131072
	socket.connection.setup.timeout.max.ms = 30000
	socket.connection.setup.timeout.ms = 10000
	ssl.cipher.suites = null
	ssl.enabled.protocols = [TLSv1.2, TLSv1.3]
	ssl.endpoint.identification.algorithm = https
	ssl.engine.factory.class = null
	ssl.key.password = null
	ssl.keymanager.algorithm = SunX509
	ssl.keystore.certificate.chain = null
	ssl.keystore.key = null
	ssl.keystore.location = null
	ssl.keystore.password = null
	ssl.keystore.type = JKS
	ssl.protocol = TLSv1.3
	ssl.provider = null
	ssl.secure.random.implementation = null
	ssl.trustmanager.algorithm = PKIX
	ssl.truststore.certificates = null
	ssl.truststore.location = null
	ssl.truststore.password = null
	ssl.truststore.type = JKS
	transaction.timeout.ms = 60000
	transactional.id = null
	value.serializer = class io.apicurio.registry.serde.avro.AvroKafkaSerializer

2025-07-31 02:22:18,661 INFO  [org.apa.kaf.com.tel.int.KafkaMetricsCollector] (main) initializing Kafka metrics collector
2025-07-31 02:22:18,670 INFO  [org.apa.kaf.cli.Metadata] (kafka-producer-network-thread | Producer-topic-b3175e05_7015_4a74_b3dc_d211f7c6cb1f) [Producer clientId=Producer-topic-b3175e05_7015_4a74_b3dc_d211f7c6cb1f] Cluster ID: mFm4H5CuSae4mNeWY74G7g
2025-07-31 02:22:18,670 INFO  [org.apa.kaf.cli.pro.int.TransactionManager] (kafka-producer-network-thread | Producer-topic-b3175e05_7015_4a74_b3dc_d211f7c6cb1f) [Producer clientId=Producer-topic-b3175e05_7015_4a74_b3dc_d211f7c6cb1f] ProducerId set to 33 with epoch 0
2025-07-31 02:22:18,672 INFO  [org.apa.kaf.cli.pro.KafkaProducer] (main) [Producer clientId=Producer-topic-74fd4ad4_460f_4b73_8b22_4422fb89dc1a] Instantiated an idempotent producer.
2025-07-31 02:22:18,681 INFO  [org.apa.kaf.cli.pro.ProducerConfig] (main) These configurations '[apicurio.registry.url, apicurio.registry.artifact-resolver-strategy]' were supplied but are not used yet.
2025-07-31 02:22:18,681 INFO  [org.apa.kaf.com.uti.AppInfoParser] (main) Kafka version: 3.9.0
2025-07-31 02:22:18,681 INFO  [org.apa.kaf.com.uti.AppInfoParser] (main) Kafka commitId: 84caaa6e9da06435
2025-07-31 02:22:18,681 INFO  [org.apa.kaf.com.uti.AppInfoParser] (main) Kafka startTimeMs: 1753928538681
2025-07-31 02:22:18,681 INFO  [org.apa.kaf.cli.pro.ProducerConfig] (main) ProducerConfig values: 
	acks = -1
	auto.include.jmx.reporter = true
	batch.size = 16384
	bootstrap.servers = [PLAINTEXT://localhost:32770]
	buffer.memory = 33554432
	client.dns.lookup = use_all_dns_ips
	client.id = Producer-topic-7c5249b6_4481_49cf_83e4_f04d69ff4d48
	compression.gzip.level = -1
	compression.lz4.level = 9
	compression.type = none
	compression.zstd.level = 3
	connections.max.idle.ms = 10000
	delivery.timeout.ms = 120000
	enable.idempotence = true
	enable.metrics.push = true
	interceptor.classes = []
	key.serializer = class org.apache.kafka.common.serialization.StringSerializer
	linger.ms = 0
	max.block.ms = 60000
	max.in.flight.requests.per.connection = 5
	max.request.size = 1048576
	metadata.max.age.ms = 300000
	metadata.max.idle.ms = 300000
	metadata.recovery.strategy = none
	metric.reporters = []
	metrics.num.samples = 2
	metrics.recording.level = INFO
	metrics.sample.window.ms = 30000
	partitioner.adaptive.partitioning.enable = true
	partitioner.availability.timeout.ms = 0
	partitioner.class = null
	partitioner.ignore.keys = false
	receive.buffer.bytes = 32768
	reconnect.backoff.max.ms = 1000
	reconnect.backoff.ms = 50
	request.timeout.ms = 5000
	retries = 2147483647
	retry.backoff.max.ms = 1000
	retry.backoff.ms = 100
	sasl.client.callback.handler.class = null
	sasl.jaas.config = null
	sasl.kerberos.kinit.cmd = /usr/bin/kinit
	sasl.kerberos.min.time.before.relogin = 60000
	sasl.kerberos.service.name = null
	sasl.kerberos.ticket.renew.jitter = 0.05
	sasl.kerberos.ticket.renew.window.factor = 0.8
	sasl.login.callback.handler.class = null
	sasl.login.class = null
	sasl.login.connect.timeout.ms = null
	sasl.login.read.timeout.ms = null
	sasl.login.refresh.buffer.seconds = 300
	sasl.login.refresh.min.period.seconds = 60
	sasl.login.refresh.window.factor = 0.8
	sasl.login.refresh.window.jitter = 0.05
	sasl.login.retry.backoff.max.ms = 10000
	sasl.login.retry.backoff.ms = 100
	sasl.mechanism = GSSAPI
	sasl.oauthbearer.clock.skew.seconds = 30
	sasl.oauthbearer.expected.audience = null
	sasl.oauthbearer.expected.issuer = null
	sasl.oauthbearer.header.urlencode = false
	sasl.oauthbearer.jwks.endpoint.refresh.ms = 3600000
	sasl.oauthbearer.jwks.endpoint.retry.backoff.max.ms = 10000
	sasl.oauthbearer.jwks.endpoint.retry.backoff.ms = 100
	sasl.oauthbearer.jwks.endpoint.url = null
	sasl.oauthbearer.scope.claim.name = scope
	sasl.oauthbearer.sub.claim.name = sub
	sasl.oauthbearer.token.endpoint.url = null
	security.protocol = PLAINTEXT
	security.providers = null
	send.buffer.bytes = 131072
	socket.connection.setup.timeout.max.ms = 30000
	socket.connection.setup.timeout.ms = 10000
	ssl.cipher.suites = null
	ssl.enabled.protocols = [TLSv1.2, TLSv1.3]
	ssl.endpoint.identification.algorithm = https
	ssl.engine.factory.class = null
	ssl.key.password = null
	ssl.keymanager.algorithm = SunX509
	ssl.keystore.certificate.chain = null
	ssl.keystore.key = null
	ssl.keystore.location = null
	ssl.keystore.password = null
	ssl.keystore.type = JKS
	ssl.protocol = TLSv1.3
	ssl.provider = null
	ssl.secure.random.implementation = null
	ssl.trustmanager.algorithm = PKIX
	ssl.truststore.certificates = null
	ssl.truststore.location = null
	ssl.truststore.password = null
	ssl.truststore.type = JKS
	transaction.timeout.ms = 60000
	transactional.id = null
	value.serializer = class io.apicurio.registry.serde.avro.AvroKafkaSerializer

2025-07-31 02:22:18,681 INFO  [org.apa.kaf.com.tel.int.KafkaMetricsCollector] (main) initializing Kafka metrics collector
2025-07-31 02:22:18,695 INFO  [org.apa.kaf.cli.pro.KafkaProducer] (main) [Producer clientId=Producer-topic-7c5249b6_4481_49cf_83e4_f04d69ff4d48] Instantiated an idempotent producer.
2025-07-31 02:22:18,696 INFO  [org.apa.kaf.cli.Metadata] (kafka-producer-network-thread | Producer-topic-74fd4ad4_460f_4b73_8b22_4422fb89dc1a) [Producer clientId=Producer-topic-74fd4ad4_460f_4b73_8b22_4422fb89dc1a] Cluster ID: mFm4H5CuSae4mNeWY74G7g
2025-07-31 02:22:18,698 INFO  [org.apa.kaf.cli.pro.int.TransactionManager] (kafka-producer-network-thread | Producer-topic-74fd4ad4_460f_4b73_8b22_4422fb89dc1a) [Producer clientId=Producer-topic-74fd4ad4_460f_4b73_8b22_4422fb89dc1a] ProducerId set to 34 with epoch 0
2025-07-31 02:22:18,700 INFO  [org.apa.kaf.cli.pro.ProducerConfig] (main) These configurations '[apicurio.registry.url, apicurio.registry.artifact-resolver-strategy]' were supplied but are not used yet.
2025-07-31 02:22:18,701 INFO  [org.apa.kaf.com.uti.AppInfoParser] (main) Kafka version: 3.9.0
2025-07-31 02:22:18,701 INFO  [org.apa.kaf.com.uti.AppInfoParser] (main) Kafka commitId: 84caaa6e9da06435
2025-07-31 02:22:18,701 INFO  [org.apa.kaf.com.uti.AppInfoParser] (main) Kafka startTimeMs: 1753928538700
2025-07-31 02:22:18,701 INFO  [org.apa.kaf.cli.con.ConsumerConfig] (main) ConsumerConfig values: 
	allow.auto.create.topics = true
	auto.commit.interval.ms = 500
	auto.include.jmx.reporter = true
	auto.offset.reset = earliest
	bootstrap.servers = [PLAINTEXT://localhost:32770]
	check.crcs = true
	client.dns.lookup = use_all_dns_ips
	client.id = consumer-Consumer-topic-b3175e05_7015_4a74_b3dc_d211f7c6cb1f-26
	client.rack = 
	connections.max.idle.ms = 10000
	default.api.timeout.ms = 60000
	enable.auto.commit = true
	enable.metrics.push = true
	exclude.internal.topics = true
	fetch.max.bytes = 52428800
	fetch.max.wait.ms = 500
	fetch.min.bytes = 1
	group.id = Consumer-topic-b3175e05_7015_4a74_b3dc_d211f7c6cb1f
	group.instance.id = null
	group.protocol = classic
	group.remote.assignor = null
	heartbeat.interval.ms = 3000
	interceptor.classes = []
	internal.leave.group.on.close = true
	internal.throw.on.fetch.stable.offset.unsupported = false
	isolation.level = read_uncommitted
	key.deserializer = class org.apache.kafka.common.serialization.StringDeserializer
	max.partition.fetch.bytes = 1048576
	max.poll.interval.ms = 300000
	max.poll.records = 500
	metadata.max.age.ms = 300000
	metadata.recovery.strategy = none
	metric.reporters = []
	metrics.num.samples = 2
	metrics.recording.level = INFO
	metrics.sample.window.ms = 30000
	partition.assignment.strategy = [class org.apache.kafka.clients.consumer.RangeAssignor, class org.apache.kafka.clients.consumer.CooperativeStickyAssignor]
	receive.buffer.bytes = 65536
	reconnect.backoff.max.ms = 1000
	reconnect.backoff.ms = 50
	request.timeout.ms = 5000
	retry.backoff.max.ms = 1000
	retry.backoff.ms = 100
	sasl.client.callback.handler.class = null
	sasl.jaas.config = null
	sasl.kerberos.kinit.cmd = /usr/bin/kinit
	sasl.kerberos.min.time.before.relogin = 60000
	sasl.kerberos.service.name = null
	sasl.kerberos.ticket.renew.jitter = 0.05
	sasl.kerberos.ticket.renew.window.factor = 0.8
	sasl.login.callback.handler.class = null
	sasl.login.class = null
	sasl.login.connect.timeout.ms = null
	sasl.login.read.timeout.ms = null
	sasl.login.refresh.buffer.seconds = 300
	sasl.login.refresh.min.period.seconds = 60
	sasl.login.refresh.window.factor = 0.8
	sasl.login.refresh.window.jitter = 0.05
	sasl.login.retry.backoff.max.ms = 10000
	sasl.login.retry.backoff.ms = 100
	sasl.mechanism = GSSAPI
	sasl.oauthbearer.clock.skew.seconds = 30
	sasl.oauthbearer.expected.audience = null
	sasl.oauthbearer.expected.issuer = null
	sasl.oauthbearer.header.urlencode = false
	sasl.oauthbearer.jwks.endpoint.refresh.ms = 3600000
	sasl.oauthbearer.jwks.endpoint.retry.backoff.max.ms = 10000
	sasl.oauthbearer.jwks.endpoint.retry.backoff.ms = 100
	sasl.oauthbearer.jwks.endpoint.url = null
	sasl.oauthbearer.scope.claim.name = scope
	sasl.oauthbearer.sub.claim.name = sub
	sasl.oauthbearer.token.endpoint.url = null
	security.protocol = PLAINTEXT
	security.providers = null
	send.buffer.bytes = 131072
	session.timeout.ms = 45000
	socket.connection.setup.timeout.max.ms = 30000
	socket.connection.setup.timeout.ms = 10000
	ssl.cipher.suites = null
	ssl.enabled.protocols = [TLSv1.2, TLSv1.3]
	ssl.endpoint.identification.algorithm = https
	ssl.engine.factory.class = null
	ssl.key.password = null
	ssl.keymanager.algorithm = SunX509
	ssl.keystore.certificate.chain = null
	ssl.keystore.key = null
	ssl.keystore.location = null
	ssl.keystore.password = null
	ssl.keystore.type = JKS
	ssl.protocol = TLSv1.3
	ssl.provider = null
	ssl.secure.random.implementation = null
	ssl.trustmanager.algorithm = PKIX
	ssl.truststore.certificates = null
	ssl.truststore.location = null
	ssl.truststore.password = null
	ssl.truststore.type = JKS
	value.deserializer = class io.apicurio.registry.serde.avro.AvroKafkaDeserializer

2025-07-31 02:22:18,701 INFO  [org.apa.kaf.com.tel.int.KafkaMetricsCollector] (main) initializing Kafka metrics collector
2025-07-31 02:22:18,717 INFO  [org.apa.kaf.cli.con.ConsumerConfig] (main) These configurations '[apicurio.registry.url]' were supplied but are not used yet.
2025-07-31 02:22:18,717 INFO  [org.apa.kaf.com.uti.AppInfoParser] (main) Kafka version: 3.9.0
2025-07-31 02:22:18,717 INFO  [org.apa.kaf.com.uti.AppInfoParser] (main) Kafka commitId: 84caaa6e9da06435
2025-07-31 02:22:18,717 INFO  [org.apa.kaf.com.uti.AppInfoParser] (main) Kafka startTimeMs: 1753928538717
2025-07-31 02:22:18,719 INFO  [org.apa.kaf.cli.Metadata] (kafka-producer-network-thread | Producer-topic-7c5249b6_4481_49cf_83e4_f04d69ff4d48) [Producer clientId=Producer-topic-7c5249b6_4481_49cf_83e4_f04d69ff4d48] Cluster ID: mFm4H5CuSae4mNeWY74G7g
2025-07-31 02:22:18,719 INFO  [org.apa.kaf.cli.con.ConsumerConfig] (main) ConsumerConfig values: 
	allow.auto.create.topics = true
	auto.commit.interval.ms = 500
	auto.include.jmx.reporter = true
	auto.offset.reset = earliest
	bootstrap.servers = [PLAINTEXT://localhost:32770]
	check.crcs = true
	client.dns.lookup = use_all_dns_ips
	client.id = consumer-Consumer-topic-74fd4ad4_460f_4b73_8b22_4422fb89dc1a-27
	client.rack = 
	connections.max.idle.ms = 10000
	default.api.timeout.ms = 60000
	enable.auto.commit = true
	enable.metrics.push = true
	exclude.internal.topics = true
	fetch.max.bytes = 52428800
	fetch.max.wait.ms = 500
	fetch.min.bytes = 1
	group.id = Consumer-topic-74fd4ad4_460f_4b73_8b22_4422fb89dc1a
	group.instance.id = null
	group.protocol = classic
	group.remote.assignor = null
	heartbeat.interval.ms = 3000
	interceptor.classes = []
	internal.leave.group.on.close = true
	internal.throw.on.fetch.stable.offset.unsupported = false
	isolation.level = read_uncommitted
	key.deserializer = class org.apache.kafka.common.serialization.StringDeserializer
	max.partition.fetch.bytes = 1048576
	max.poll.interval.ms = 300000
	max.poll.records = 500
	metadata.max.age.ms = 300000
	metadata.recovery.strategy = none
	metric.reporters = []
	metrics.num.samples = 2
	metrics.recording.level = INFO
	metrics.sample.window.ms = 30000
	partition.assignment.strategy = [class org.apache.kafka.clients.consumer.RangeAssignor, class org.apache.kafka.clients.consumer.CooperativeStickyAssignor]
	receive.buffer.bytes = 65536
	reconnect.backoff.max.ms = 1000
	reconnect.backoff.ms = 50
	request.timeout.ms = 5000
	retry.backoff.max.ms = 1000
	retry.backoff.ms = 100
	sasl.client.callback.handler.class = null
	sasl.jaas.config = null
	sasl.kerberos.kinit.cmd = /usr/bin/kinit
	sasl.kerberos.min.time.before.relogin = 60000
	sasl.kerberos.service.name = null
	sasl.kerberos.ticket.renew.jitter = 0.05
	sasl.kerberos.ticket.renew.window.factor = 0.8
	sasl.login.callback.handler.class = null
	sasl.login.class = null
	sasl.login.connect.timeout.ms = null
	sasl.login.read.timeout.ms = null
	sasl.login.refresh.buffer.seconds = 300
	sasl.login.refresh.min.period.seconds = 60
	sasl.login.refresh.window.factor = 0.8
	sasl.login.refresh.window.jitter = 0.05
	sasl.login.retry.backoff.max.ms = 10000
	sasl.login.retry.backoff.ms = 100
	sasl.mechanism = GSSAPI
	sasl.oauthbearer.clock.skew.seconds = 30
	sasl.oauthbearer.expected.audience = null
	sasl.oauthbearer.expected.issuer = null
	sasl.oauthbearer.header.urlencode = false
	sasl.oauthbearer.jwks.endpoint.refresh.ms = 3600000
	sasl.oauthbearer.jwks.endpoint.retry.backoff.max.ms = 10000
	sasl.oauthbearer.jwks.endpoint.retry.backoff.ms = 100
	sasl.oauthbearer.jwks.endpoint.url = null
	sasl.oauthbearer.scope.claim.name = scope
	sasl.oauthbearer.sub.claim.name = sub
	sasl.oauthbearer.token.endpoint.url = null
	security.protocol = PLAINTEXT
	security.providers = null
	send.buffer.bytes = 131072
	session.timeout.ms = 45000
	socket.connection.setup.timeout.max.ms = 30000
	socket.connection.setup.timeout.ms = 10000
	ssl.cipher.suites = null
	ssl.enabled.protocols = [TLSv1.2, TLSv1.3]
	ssl.endpoint.identification.algorithm = https
	ssl.engine.factory.class = null
	ssl.key.password = null
	ssl.keymanager.algorithm = SunX509
	ssl.keystore.certificate.chain = null
	ssl.keystore.key = null
	ssl.keystore.location = null
	ssl.keystore.password = null
	ssl.keystore.type = JKS
	ssl.protocol = TLSv1.3
	ssl.provider = null
	ssl.secure.random.implementation = null
	ssl.trustmanager.algorithm = PKIX
	ssl.truststore.certificates = null
	ssl.truststore.location = null
	ssl.truststore.password = null
	ssl.truststore.type = JKS
	value.deserializer = class io.apicurio.registry.serde.avro.AvroKafkaDeserializer

2025-07-31 02:22:18,720 INFO  [org.apa.kaf.com.tel.int.KafkaMetricsCollector] (main) initializing Kafka metrics collector
2025-07-31 02:22:18,720 INFO  [org.apa.kaf.cli.pro.int.TransactionManager] (kafka-producer-network-thread | Producer-topic-7c5249b6_4481_49cf_83e4_f04d69ff4d48) [Producer clientId=Producer-topic-7c5249b6_4481_49cf_83e4_f04d69ff4d48] ProducerId set to 35 with epoch 0
2025-07-31 02:22:18,736 INFO  [org.apa.kaf.cli.con.ConsumerConfig] (main) These configurations '[apicurio.registry.url]' were supplied but are not used yet.
2025-07-31 02:22:18,736 INFO  [org.apa.kaf.com.uti.AppInfoParser] (main) Kafka version: 3.9.0
2025-07-31 02:22:18,736 INFO  [org.apa.kaf.com.uti.AppInfoParser] (main) Kafka commitId: 84caaa6e9da06435
2025-07-31 02:22:18,736 INFO  [org.apa.kaf.com.uti.AppInfoParser] (main) Kafka startTimeMs: 1753928538736
2025-07-31 02:22:18,736 INFO  [org.apa.kaf.cli.con.ConsumerConfig] (main) ConsumerConfig values: 
	allow.auto.create.topics = true
	auto.commit.interval.ms = 500
	auto.include.jmx.reporter = true
	auto.offset.reset = earliest
	bootstrap.servers = [PLAINTEXT://localhost:32770]
	check.crcs = true
	client.dns.lookup = use_all_dns_ips
	client.id = consumer-Consumer-topic-7c5249b6_4481_49cf_83e4_f04d69ff4d48-28
	client.rack = 
	connections.max.idle.ms = 10000
	default.api.timeout.ms = 60000
	enable.auto.commit = true
	enable.metrics.push = true
	exclude.internal.topics = true
	fetch.max.bytes = 52428800
	fetch.max.wait.ms = 500
	fetch.min.bytes = 1
	group.id = Consumer-topic-7c5249b6_4481_49cf_83e4_f04d69ff4d48
	group.instance.id = null
	group.protocol = classic
	group.remote.assignor = null
	heartbeat.interval.ms = 3000
	interceptor.classes = []
	internal.leave.group.on.close = true
	internal.throw.on.fetch.stable.offset.unsupported = false
	isolation.level = read_uncommitted
	key.deserializer = class org.apache.kafka.common.serialization.StringDeserializer
	max.partition.fetch.bytes = 1048576
	max.poll.interval.ms = 300000
	max.poll.records = 500
	metadata.max.age.ms = 300000
	metadata.recovery.strategy = none
	metric.reporters = []
	metrics.num.samples = 2
	metrics.recording.level = INFO
	metrics.sample.window.ms = 30000
	partition.assignment.strategy = [class org.apache.kafka.clients.consumer.RangeAssignor, class org.apache.kafka.clients.consumer.CooperativeStickyAssignor]
	receive.buffer.bytes = 65536
	reconnect.backoff.max.ms = 1000
	reconnect.backoff.ms = 50
	request.timeout.ms = 5000
	retry.backoff.max.ms = 1000
	retry.backoff.ms = 100
	sasl.client.callback.handler.class = null
	sasl.jaas.config = null
	sasl.kerberos.kinit.cmd = /usr/bin/kinit
	sasl.kerberos.min.time.before.relogin = 60000
	sasl.kerberos.service.name = null
	sasl.kerberos.ticket.renew.jitter = 0.05
	sasl.kerberos.ticket.renew.window.factor = 0.8
	sasl.login.callback.handler.class = null
	sasl.login.class = null
	sasl.login.connect.timeout.ms = null
	sasl.login.read.timeout.ms = null
	sasl.login.refresh.buffer.seconds = 300
	sasl.login.refresh.min.period.seconds = 60
	sasl.login.refresh.window.factor = 0.8
	sasl.login.refresh.window.jitter = 0.05
	sasl.login.retry.backoff.max.ms = 10000
	sasl.login.retry.backoff.ms = 100
	sasl.mechanism = GSSAPI
	sasl.oauthbearer.clock.skew.seconds = 30
	sasl.oauthbearer.expected.audience = null
	sasl.oauthbearer.expected.issuer = null
	sasl.oauthbearer.header.urlencode = false
	sasl.oauthbearer.jwks.endpoint.refresh.ms = 3600000
	sasl.oauthbearer.jwks.endpoint.retry.backoff.max.ms = 10000
	sasl.oauthbearer.jwks.endpoint.retry.backoff.ms = 100
	sasl.oauthbearer.jwks.endpoint.url = null
	sasl.oauthbearer.scope.claim.name = scope
	sasl.oauthbearer.sub.claim.name = sub
	sasl.oauthbearer.token.endpoint.url = null
	security.protocol = PLAINTEXT
	security.providers = null
	send.buffer.bytes = 131072
	session.timeout.ms = 45000
	socket.connection.setup.timeout.max.ms = 30000
	socket.connection.setup.timeout.ms = 10000
	ssl.cipher.suites = null
	ssl.enabled.protocols = [TLSv1.2, TLSv1.3]
	ssl.endpoint.identification.algorithm = https
	ssl.engine.factory.class = null
	ssl.key.password = null
	ssl.keymanager.algorithm = SunX509
	ssl.keystore.certificate.chain = null
	ssl.keystore.key = null
	ssl.keystore.location = null
	ssl.keystore.password = null
	ssl.keystore.type = JKS
	ssl.protocol = TLSv1.3
	ssl.provider = null
	ssl.secure.random.implementation = null
	ssl.trustmanager.algorithm = PKIX
	ssl.truststore.certificates = null
	ssl.truststore.location = null
	ssl.truststore.password = null
	ssl.truststore.type = JKS
	value.deserializer = class io.apicurio.registry.serde.avro.AvroKafkaDeserializer

2025-07-31 02:22:18,736 INFO  [org.apa.kaf.com.tel.int.KafkaMetricsCollector] (main) initializing Kafka metrics collector
2025-07-31 02:22:18,742 INFO  [org.apa.kaf.cli.con.ConsumerConfig] (main) These configurations '[apicurio.registry.url]' were supplied but are not used yet.
2025-07-31 02:22:18,742 INFO  [org.apa.kaf.com.uti.AppInfoParser] (main) Kafka version: 3.9.0
2025-07-31 02:22:18,742 INFO  [org.apa.kaf.com.uti.AppInfoParser] (main) Kafka commitId: 84caaa6e9da06435
2025-07-31 02:22:18,742 INFO  [org.apa.kaf.com.uti.AppInfoParser] (main) Kafka startTimeMs: 1753928538742
2025-07-31 02:22:18,742 INFO  [io.api.tes.ser.api.KafkaSerdesTester] (Thread-325) Sending message {"key1": "value-0"} to topic topic-b3175e05_7015_4a74_b3dc_d211f7c6cb1f
2025-07-31 02:22:18,745 INFO  [DefaultSchemaResolver] (Thread-325) Retrieving schema content using string: {"type":"record","name":"myrecordconfluent6","fields":[{"name":"key1","type":"string"}]}
2025-07-31 02:22:18,772 INFO  [io.api.tes.ser.api.KafkaSerdesTester] (Thread-325) Sending message {"key1": "value-1"} to topic topic-b3175e05_7015_4a74_b3dc_d211f7c6cb1f
2025-07-31 02:22:18,774 INFO  [io.api.tes.ser.api.KafkaSerdesTester] (Thread-325) Sending message {"key1": "value-2"} to topic topic-b3175e05_7015_4a74_b3dc_d211f7c6cb1f
2025-07-31 02:22:18,777 INFO  [io.api.tes.ser.api.KafkaSerdesTester] (Thread-325) Sending message {"key1": "value-3"} to topic topic-b3175e05_7015_4a74_b3dc_d211f7c6cb1f
2025-07-31 02:22:18,778 INFO  [io.api.tes.ser.api.KafkaSerdesTester] (Thread-325) Sending message {"key1": "value-4"} to topic topic-b3175e05_7015_4a74_b3dc_d211f7c6cb1f
2025-07-31 02:22:18,781 INFO  [io.api.tes.ser.api.KafkaSerdesTester] (Thread-325) Sending message {"key1": "value-5"} to topic topic-b3175e05_7015_4a74_b3dc_d211f7c6cb1f
2025-07-31 02:22:18,783 INFO  [io.api.tes.ser.api.KafkaSerdesTester] (Thread-325) Sending message {"key1": "value-6"} to topic topic-b3175e05_7015_4a74_b3dc_d211f7c6cb1f
2025-07-31 02:22:18,785 INFO  [io.api.tes.ser.api.KafkaSerdesTester] (Thread-325) Sending message {"key1": "value-7"} to topic topic-b3175e05_7015_4a74_b3dc_d211f7c6cb1f
2025-07-31 02:22:18,788 INFO  [io.api.tes.ser.api.KafkaSerdesTester] (Thread-325) Sending message {"key1": "value-8"} to topic topic-b3175e05_7015_4a74_b3dc_d211f7c6cb1f
2025-07-31 02:22:18,791 INFO  [io.api.tes.ser.api.KafkaSerdesTester] (Thread-325) Sending message {"key1": "value-9"} to topic topic-b3175e05_7015_4a74_b3dc_d211f7c6cb1f
2025-07-31 02:22:18,793 INFO  [io.api.tes.ser.api.KafkaSerdesTester] (Thread-325) Produced 10 messages
2025-07-31 02:22:18,793 INFO  [org.apa.kaf.cli.pro.KafkaProducer] (Thread-325) [Producer clientId=Producer-topic-b3175e05_7015_4a74_b3dc_d211f7c6cb1f] Closing the Kafka producer with timeoutMillis = 9223372036854775807 ms.
2025-07-31 02:22:18,795 INFO  [org.apa.kaf.com.met.Metrics] (Thread-325) Metrics scheduler closed
2025-07-31 02:22:18,795 INFO  [org.apa.kaf.com.met.Metrics] (Thread-325) Closing reporter org.apache.kafka.common.metrics.JmxReporter
2025-07-31 02:22:18,795 INFO  [org.apa.kaf.com.met.Metrics] (Thread-325) Closing reporter org.apache.kafka.common.telemetry.internals.ClientTelemetryReporter
2025-07-31 02:22:18,795 INFO  [org.apa.kaf.com.met.Metrics] (Thread-325) Metrics reporters closed
2025-07-31 02:22:18,796 INFO  [org.apa.kaf.com.uti.AppInfoParser] (Thread-325) App info kafka.producer for Producer-topic-b3175e05_7015_4a74_b3dc_d211f7c6cb1f unregistered
2025-07-31 02:22:18,797 INFO  [io.api.tes.ser.api.KafkaSerdesTester] (Thread-326) Sending message {"key1": "value-0"} to topic topic-74fd4ad4_460f_4b73_8b22_4422fb89dc1a
2025-07-31 02:22:18,802 INFO  [DefaultSchemaResolver] (Thread-326) Retrieving schema content using string: {"type":"record","name":"myrecordconfluent6","fields":[{"name":"key1","type":"string"}]}
2025-07-31 02:22:18,826 INFO  [io.api.tes.ser.api.KafkaSerdesTester] (Thread-326) Sending message {"key1": "value-1"} to topic topic-74fd4ad4_460f_4b73_8b22_4422fb89dc1a
2025-07-31 02:22:18,827 INFO  [io.api.tes.ser.api.KafkaSerdesTester] (Thread-326) Sending message {"key1": "value-2"} to topic topic-74fd4ad4_460f_4b73_8b22_4422fb89dc1a
2025-07-31 02:22:18,830 INFO  [io.api.tes.ser.api.KafkaSerdesTester] (Thread-326) Sending message {"key1": "value-3"} to topic topic-74fd4ad4_460f_4b73_8b22_4422fb89dc1a
2025-07-31 02:22:18,831 INFO  [io.api.tes.ser.api.KafkaSerdesTester] (Thread-326) Sending message {"key1": "value-4"} to topic topic-74fd4ad4_460f_4b73_8b22_4422fb89dc1a
2025-07-31 02:22:18,832 INFO  [io.api.tes.ser.api.KafkaSerdesTester] (Thread-326) Sending message {"key1": "value-5"} to topic topic-74fd4ad4_460f_4b73_8b22_4422fb89dc1a
2025-07-31 02:22:18,833 INFO  [io.api.tes.ser.api.KafkaSerdesTester] (Thread-326) Sending message {"key1": "value-6"} to topic topic-74fd4ad4_460f_4b73_8b22_4422fb89dc1a
2025-07-31 02:22:18,835 INFO  [io.api.tes.ser.api.KafkaSerdesTester] (Thread-326) Sending message {"key1": "value-7"} to topic topic-74fd4ad4_460f_4b73_8b22_4422fb89dc1a
2025-07-31 02:22:18,836 INFO  [io.api.tes.ser.api.KafkaSerdesTester] (Thread-326) Sending message {"key1": "value-8"} to topic topic-74fd4ad4_460f_4b73_8b22_4422fb89dc1a
2025-07-31 02:22:18,837 INFO  [io.api.tes.ser.api.KafkaSerdesTester] (Thread-326) Sending message {"key1": "value-9"} to topic topic-74fd4ad4_460f_4b73_8b22_4422fb89dc1a
2025-07-31 02:22:18,838 INFO  [io.api.tes.ser.api.KafkaSerdesTester] (Thread-326) Produced 10 messages
2025-07-31 02:22:18,839 INFO  [org.apa.kaf.cli.pro.KafkaProducer] (Thread-326) [Producer clientId=Producer-topic-74fd4ad4_460f_4b73_8b22_4422fb89dc1a] Closing the Kafka producer with timeoutMillis = 9223372036854775807 ms.
2025-07-31 02:22:18,841 INFO  [org.apa.kaf.com.met.Metrics] (Thread-326) Metrics scheduler closed
2025-07-31 02:22:18,841 INFO  [org.apa.kaf.com.met.Metrics] (Thread-326) Closing reporter org.apache.kafka.common.metrics.JmxReporter
2025-07-31 02:22:18,841 INFO  [org.apa.kaf.com.met.Metrics] (Thread-326) Closing reporter org.apache.kafka.common.telemetry.internals.ClientTelemetryReporter
2025-07-31 02:22:18,841 INFO  [org.apa.kaf.com.met.Metrics] (Thread-326) Metrics reporters closed
2025-07-31 02:22:18,841 INFO  [org.apa.kaf.com.uti.AppInfoParser] (Thread-326) App info kafka.producer for Producer-topic-74fd4ad4_460f_4b73_8b22_4422fb89dc1a unregistered
2025-07-31 02:22:18,843 INFO  [io.api.tes.ser.api.KafkaSerdesTester] (Thread-327) Sending message {"key1": "value-0"} to topic topic-7c5249b6_4481_49cf_83e4_f04d69ff4d48
2025-07-31 02:22:18,849 INFO  [DefaultSchemaResolver] (Thread-327) Retrieving schema content using string: {"type":"record","name":"myrecordconfluent6","fields":[{"name":"key1","type":"string"}]}
2025-07-31 02:22:18,880 INFO  [io.api.tes.ser.api.KafkaSerdesTester] (Thread-327) Sending message {"key1": "value-1"} to topic topic-7c5249b6_4481_49cf_83e4_f04d69ff4d48
2025-07-31 02:22:18,881 INFO  [io.api.tes.ser.api.KafkaSerdesTester] (Thread-327) Sending message {"key1": "value-2"} to topic topic-7c5249b6_4481_49cf_83e4_f04d69ff4d48
2025-07-31 02:22:18,883 INFO  [io.api.tes.ser.api.KafkaSerdesTester] (Thread-327) Sending message {"key1": "value-3"} to topic topic-7c5249b6_4481_49cf_83e4_f04d69ff4d48
2025-07-31 02:22:18,884 INFO  [io.api.tes.ser.api.KafkaSerdesTester] (Thread-327) Sending message {"key1": "value-4"} to topic topic-7c5249b6_4481_49cf_83e4_f04d69ff4d48
2025-07-31 02:22:18,886 INFO  [io.api.tes.ser.api.KafkaSerdesTester] (Thread-327) Sending message {"key1": "value-5"} to topic topic-7c5249b6_4481_49cf_83e4_f04d69ff4d48
2025-07-31 02:22:18,887 INFO  [io.api.tes.ser.api.KafkaSerdesTester] (Thread-327) Sending message {"key1": "value-6"} to topic topic-7c5249b6_4481_49cf_83e4_f04d69ff4d48
2025-07-31 02:22:18,889 INFO  [io.api.tes.ser.api.KafkaSerdesTester] (Thread-327) Sending message {"key1": "value-7"} to topic topic-7c5249b6_4481_49cf_83e4_f04d69ff4d48
2025-07-31 02:22:18,890 INFO  [io.api.tes.ser.api.KafkaSerdesTester] (Thread-327) Sending message {"key1": "value-8"} to topic topic-7c5249b6_4481_49cf_83e4_f04d69ff4d48
2025-07-31 02:22:18,892 INFO  [io.api.tes.ser.api.KafkaSerdesTester] (Thread-327) Sending message {"key1": "value-9"} to topic topic-7c5249b6_4481_49cf_83e4_f04d69ff4d48
2025-07-31 02:22:18,895 INFO  [io.api.tes.ser.api.KafkaSerdesTester] (Thread-327) Produced 10 messages
2025-07-31 02:22:18,895 INFO  [org.apa.kaf.cli.pro.KafkaProducer] (Thread-327) [Producer clientId=Producer-topic-7c5249b6_4481_49cf_83e4_f04d69ff4d48] Closing the Kafka producer with timeoutMillis = 9223372036854775807 ms.
2025-07-31 02:22:18,898 INFO  [org.apa.kaf.com.met.Metrics] (Thread-327) Metrics scheduler closed
2025-07-31 02:22:18,898 INFO  [org.apa.kaf.com.met.Metrics] (Thread-327) Closing reporter org.apache.kafka.common.metrics.JmxReporter
2025-07-31 02:22:18,898 INFO  [org.apa.kaf.com.met.Metrics] (Thread-327) Closing reporter org.apache.kafka.common.telemetry.internals.ClientTelemetryReporter
2025-07-31 02:22:18,898 INFO  [org.apa.kaf.com.met.Metrics] (Thread-327) Metrics reporters closed
2025-07-31 02:22:18,900 INFO  [org.apa.kaf.com.uti.AppInfoParser] (Thread-327) App info kafka.producer for Producer-topic-7c5249b6_4481_49cf_83e4_f04d69ff4d48 unregistered
2025-07-31 02:22:18,905 INFO  [org.apa.kaf.cli.con.int.ClassicKafkaConsumer] (Thread-328) [Consumer clientId=consumer-Consumer-topic-b3175e05_7015_4a74_b3dc_d211f7c6cb1f-26, groupId=Consumer-topic-b3175e05_7015_4a74_b3dc_d211f7c6cb1f] Subscribed to topic(s): topic-b3175e05_7015_4a74_b3dc_d211f7c6cb1f
2025-07-31 02:22:18,912 INFO  [org.apa.kaf.cli.Metadata] (Thread-328) [Consumer clientId=consumer-Consumer-topic-b3175e05_7015_4a74_b3dc_d211f7c6cb1f-26, groupId=Consumer-topic-b3175e05_7015_4a74_b3dc_d211f7c6cb1f] Cluster ID: mFm4H5CuSae4mNeWY74G7g
2025-07-31 02:22:18,915 INFO  [org.apa.kaf.cli.con.int.ConsumerCoordinator] (Thread-328) [Consumer clientId=consumer-Consumer-topic-b3175e05_7015_4a74_b3dc_d211f7c6cb1f-26, groupId=Consumer-topic-b3175e05_7015_4a74_b3dc_d211f7c6cb1f] Discovered group coordinator localhost:32770 (id: 2147483647 rack: null)
2025-07-31 02:22:18,917 INFO  [org.apa.kaf.cli.con.int.ConsumerCoordinator] (Thread-328) [Consumer clientId=consumer-Consumer-topic-b3175e05_7015_4a74_b3dc_d211f7c6cb1f-26, groupId=Consumer-topic-b3175e05_7015_4a74_b3dc_d211f7c6cb1f] (Re-)joining group
2025-07-31 02:22:18,922 INFO  [org.apa.kaf.cli.con.int.ConsumerCoordinator] (Thread-328) [Consumer clientId=consumer-Consumer-topic-b3175e05_7015_4a74_b3dc_d211f7c6cb1f-26, groupId=Consumer-topic-b3175e05_7015_4a74_b3dc_d211f7c6cb1f] Request joining group due to: need to re-join with the given member-id: consumer-Consumer-topic-b3175e05_7015_4a74_b3dc_d211f7c6cb1f-26-a682acf5-c392-4e76-81d1-d9d0fb57ba55
2025-07-31 02:22:18,922 INFO  [org.apa.kaf.cli.con.int.ConsumerCoordinator] (Thread-328) [Consumer clientId=consumer-Consumer-topic-b3175e05_7015_4a74_b3dc_d211f7c6cb1f-26, groupId=Consumer-topic-b3175e05_7015_4a74_b3dc_d211f7c6cb1f] (Re-)joining group
2025-07-31 02:22:18,926 INFO  [org.apa.kaf.cli.con.int.ConsumerCoordinator] (Thread-328) [Consumer clientId=consumer-Consumer-topic-b3175e05_7015_4a74_b3dc_d211f7c6cb1f-26, groupId=Consumer-topic-b3175e05_7015_4a74_b3dc_d211f7c6cb1f] Successfully joined group with generation Generation{generationId=1, memberId='consumer-Consumer-topic-b3175e05_7015_4a74_b3dc_d211f7c6cb1f-26-a682acf5-c392-4e76-81d1-d9d0fb57ba55', protocol='range'}
2025-07-31 02:22:18,926 INFO  [org.apa.kaf.cli.con.int.ConsumerCoordinator] (Thread-328) [Consumer clientId=consumer-Consumer-topic-b3175e05_7015_4a74_b3dc_d211f7c6cb1f-26, groupId=Consumer-topic-b3175e05_7015_4a74_b3dc_d211f7c6cb1f] Finished assignment for group at generation 1: {consumer-Consumer-topic-b3175e05_7015_4a74_b3dc_d211f7c6cb1f-26-a682acf5-c392-4e76-81d1-d9d0fb57ba55=Assignment(partitions=[topic-b3175e05_7015_4a74_b3dc_d211f7c6cb1f-0])}
2025-07-31 02:22:18,928 INFO  [org.apa.kaf.cli.con.int.ConsumerCoordinator] (Thread-328) [Consumer clientId=consumer-Consumer-topic-b3175e05_7015_4a74_b3dc_d211f7c6cb1f-26, groupId=Consumer-topic-b3175e05_7015_4a74_b3dc_d211f7c6cb1f] Successfully synced group in generation Generation{generationId=1, memberId='consumer-Consumer-topic-b3175e05_7015_4a74_b3dc_d211f7c6cb1f-26-a682acf5-c392-4e76-81d1-d9d0fb57ba55', protocol='range'}
2025-07-31 02:22:18,929 INFO  [org.apa.kaf.cli.con.int.ConsumerCoordinator] (Thread-328) [Consumer clientId=consumer-Consumer-topic-b3175e05_7015_4a74_b3dc_d211f7c6cb1f-26, groupId=Consumer-topic-b3175e05_7015_4a74_b3dc_d211f7c6cb1f] Notifying assignor about the new Assignment(partitions=[topic-b3175e05_7015_4a74_b3dc_d211f7c6cb1f-0])
2025-07-31 02:22:18,929 INFO  [org.apa.kaf.cli.con.int.ConsumerRebalanceListenerInvoker] (Thread-328) [Consumer clientId=consumer-Consumer-topic-b3175e05_7015_4a74_b3dc_d211f7c6cb1f-26, groupId=Consumer-topic-b3175e05_7015_4a74_b3dc_d211f7c6cb1f] Adding newly assigned partitions: topic-b3175e05_7015_4a74_b3dc_d211f7c6cb1f-0
2025-07-31 02:22:18,930 INFO  [org.apa.kaf.cli.con.int.ConsumerCoordinator] (Thread-328) [Consumer clientId=consumer-Consumer-topic-b3175e05_7015_4a74_b3dc_d211f7c6cb1f-26, groupId=Consumer-topic-b3175e05_7015_4a74_b3dc_d211f7c6cb1f] Found no committed offset for partition topic-b3175e05_7015_4a74_b3dc_d211f7c6cb1f-0
2025-07-31 02:22:18,936 INFO  [org.apa.kaf.cli.con.int.SubscriptionState] (Thread-328) [Consumer clientId=consumer-Consumer-topic-b3175e05_7015_4a74_b3dc_d211f7c6cb1f-26, groupId=Consumer-topic-b3175e05_7015_4a74_b3dc_d211f7c6cb1f] Resetting offset for partition topic-b3175e05_7015_4a74_b3dc_d211f7c6cb1f-0 to position FetchPosition{offset=0, offsetEpoch=Optional.empty, currentLeader=LeaderAndEpoch{leader=Optional[localhost:32770 (id: 0 rack: null)], epoch=0}}.
2025-07-31 02:22:18,978 INFO  [io.api.tes.ser.api.KafkaSerdesTester] (Thread-328) topic-b3175e05_7015_4a74_b3dc_d211f7c6cb1f 0 0 {"key1": "value-0"}
2025-07-31 02:22:18,979 INFO  [io.api.tes.ser.api.KafkaSerdesTester] (Thread-328) topic-b3175e05_7015_4a74_b3dc_d211f7c6cb1f 0 1 {"key1": "value-1"}
2025-07-31 02:22:18,979 INFO  [io.api.tes.ser.api.KafkaSerdesTester] (Thread-328) topic-b3175e05_7015_4a74_b3dc_d211f7c6cb1f 0 2 {"key1": "value-2"}
2025-07-31 02:22:18,979 INFO  [io.api.tes.ser.api.KafkaSerdesTester] (Thread-328) topic-b3175e05_7015_4a74_b3dc_d211f7c6cb1f 0 3 {"key1": "value-3"}
2025-07-31 02:22:18,979 INFO  [io.api.tes.ser.api.KafkaSerdesTester] (Thread-328) topic-b3175e05_7015_4a74_b3dc_d211f7c6cb1f 0 4 {"key1": "value-4"}
2025-07-31 02:22:18,979 INFO  [io.api.tes.ser.api.KafkaSerdesTester] (Thread-328) topic-b3175e05_7015_4a74_b3dc_d211f7c6cb1f 0 5 {"key1": "value-5"}
2025-07-31 02:22:18,979 INFO  [io.api.tes.ser.api.KafkaSerdesTester] (Thread-328) topic-b3175e05_7015_4a74_b3dc_d211f7c6cb1f 0 6 {"key1": "value-6"}
2025-07-31 02:22:18,979 INFO  [io.api.tes.ser.api.KafkaSerdesTester] (Thread-328) topic-b3175e05_7015_4a74_b3dc_d211f7c6cb1f 0 7 {"key1": "value-7"}
2025-07-31 02:22:18,979 INFO  [io.api.tes.ser.api.KafkaSerdesTester] (Thread-328) topic-b3175e05_7015_4a74_b3dc_d211f7c6cb1f 0 8 {"key1": "value-8"}
2025-07-31 02:22:18,979 INFO  [io.api.tes.ser.api.KafkaSerdesTester] (Thread-328) topic-b3175e05_7015_4a74_b3dc_d211f7c6cb1f 0 9 {"key1": "value-9"}
2025-07-31 02:22:18,979 INFO  [io.api.tes.ser.api.KafkaSerdesTester] (Thread-328) Consumed 10 messages
2025-07-31 02:22:18,986 INFO  [org.apa.kaf.cli.con.int.ConsumerRebalanceListenerInvoker] (Thread-328) [Consumer clientId=consumer-Consumer-topic-b3175e05_7015_4a74_b3dc_d211f7c6cb1f-26, groupId=Consumer-topic-b3175e05_7015_4a74_b3dc_d211f7c6cb1f] Revoke previously assigned partitions topic-b3175e05_7015_4a74_b3dc_d211f7c6cb1f-0
2025-07-31 02:22:18,986 INFO  [org.apa.kaf.cli.con.int.ConsumerCoordinator] (Thread-328) [Consumer clientId=consumer-Consumer-topic-b3175e05_7015_4a74_b3dc_d211f7c6cb1f-26, groupId=Consumer-topic-b3175e05_7015_4a74_b3dc_d211f7c6cb1f] Member consumer-Consumer-topic-b3175e05_7015_4a74_b3dc_d211f7c6cb1f-26-a682acf5-c392-4e76-81d1-d9d0fb57ba55 sending LeaveGroup request to coordinator localhost:32770 (id: 2147483647 rack: null) due to the consumer is being closed
2025-07-31 02:22:18,987 INFO  [org.apa.kaf.cli.con.int.ConsumerCoordinator] (Thread-328) [Consumer clientId=consumer-Consumer-topic-b3175e05_7015_4a74_b3dc_d211f7c6cb1f-26, groupId=Consumer-topic-b3175e05_7015_4a74_b3dc_d211f7c6cb1f] Resetting generation and member id due to: consumer pro-actively leaving the group
2025-07-31 02:22:18,987 INFO  [org.apa.kaf.cli.con.int.ConsumerCoordinator] (Thread-328) [Consumer clientId=consumer-Consumer-topic-b3175e05_7015_4a74_b3dc_d211f7c6cb1f-26, groupId=Consumer-topic-b3175e05_7015_4a74_b3dc_d211f7c6cb1f] Request joining group due to: consumer pro-actively leaving the group
2025-07-31 02:22:19,482 INFO  [org.apa.kaf.com.met.Metrics] (Thread-328) Metrics scheduler closed
2025-07-31 02:22:19,482 INFO  [org.apa.kaf.com.met.Metrics] (Thread-328) Closing reporter org.apache.kafka.common.metrics.JmxReporter
2025-07-31 02:22:19,482 INFO  [org.apa.kaf.com.met.Metrics] (Thread-328) Closing reporter org.apache.kafka.common.telemetry.internals.ClientTelemetryReporter
2025-07-31 02:22:19,482 INFO  [org.apa.kaf.com.met.Metrics] (Thread-328) Metrics reporters closed
2025-07-31 02:22:19,484 INFO  [org.apa.kaf.com.uti.AppInfoParser] (Thread-328) App info kafka.consumer for consumer-Consumer-topic-b3175e05_7015_4a74_b3dc_d211f7c6cb1f-26 unregistered
2025-07-31 02:22:19,487 INFO  [org.apa.kaf.cli.con.int.ClassicKafkaConsumer] (Thread-329) [Consumer clientId=consumer-Consumer-topic-74fd4ad4_460f_4b73_8b22_4422fb89dc1a-27, groupId=Consumer-topic-74fd4ad4_460f_4b73_8b22_4422fb89dc1a] Subscribed to topic(s): topic-74fd4ad4_460f_4b73_8b22_4422fb89dc1a
2025-07-31 02:22:19,491 INFO  [org.apa.kaf.cli.Metadata] (Thread-329) [Consumer clientId=consumer-Consumer-topic-74fd4ad4_460f_4b73_8b22_4422fb89dc1a-27, groupId=Consumer-topic-74fd4ad4_460f_4b73_8b22_4422fb89dc1a] Cluster ID: mFm4H5CuSae4mNeWY74G7g
2025-07-31 02:22:19,491 INFO  [org.apa.kaf.cli.con.int.ConsumerCoordinator] (Thread-329) [Consumer clientId=consumer-Consumer-topic-74fd4ad4_460f_4b73_8b22_4422fb89dc1a-27, groupId=Consumer-topic-74fd4ad4_460f_4b73_8b22_4422fb89dc1a] Discovered group coordinator localhost:32770 (id: 2147483647 rack: null)
2025-07-31 02:22:19,495 INFO  [org.apa.kaf.cli.con.int.ConsumerCoordinator] (Thread-329) [Consumer clientId=consumer-Consumer-topic-74fd4ad4_460f_4b73_8b22_4422fb89dc1a-27, groupId=Consumer-topic-74fd4ad4_460f_4b73_8b22_4422fb89dc1a] (Re-)joining group
2025-07-31 02:22:19,499 INFO  [org.apa.kaf.cli.con.int.ConsumerCoordinator] (Thread-329) [Consumer clientId=consumer-Consumer-topic-74fd4ad4_460f_4b73_8b22_4422fb89dc1a-27, groupId=Consumer-topic-74fd4ad4_460f_4b73_8b22_4422fb89dc1a] Request joining group due to: need to re-join with the given member-id: consumer-Consumer-topic-74fd4ad4_460f_4b73_8b22_4422fb89dc1a-27-34ce818b-3910-480a-bf70-628e193b2ca0
2025-07-31 02:22:19,499 INFO  [org.apa.kaf.cli.con.int.ConsumerCoordinator] (Thread-329) [Consumer clientId=consumer-Consumer-topic-74fd4ad4_460f_4b73_8b22_4422fb89dc1a-27, groupId=Consumer-topic-74fd4ad4_460f_4b73_8b22_4422fb89dc1a] (Re-)joining group
2025-07-31 02:22:19,502 INFO  [org.apa.kaf.cli.con.int.ConsumerCoordinator] (Thread-329) [Consumer clientId=consumer-Consumer-topic-74fd4ad4_460f_4b73_8b22_4422fb89dc1a-27, groupId=Consumer-topic-74fd4ad4_460f_4b73_8b22_4422fb89dc1a] Successfully joined group with generation Generation{generationId=1, memberId='consumer-Consumer-topic-74fd4ad4_460f_4b73_8b22_4422fb89dc1a-27-34ce818b-3910-480a-bf70-628e193b2ca0', protocol='range'}
2025-07-31 02:22:19,502 INFO  [org.apa.kaf.cli.con.int.ConsumerCoordinator] (Thread-329) [Consumer clientId=consumer-Consumer-topic-74fd4ad4_460f_4b73_8b22_4422fb89dc1a-27, groupId=Consumer-topic-74fd4ad4_460f_4b73_8b22_4422fb89dc1a] Finished assignment for group at generation 1: {consumer-Consumer-topic-74fd4ad4_460f_4b73_8b22_4422fb89dc1a-27-34ce818b-3910-480a-bf70-628e193b2ca0=Assignment(partitions=[topic-74fd4ad4_460f_4b73_8b22_4422fb89dc1a-0])}
2025-07-31 02:22:19,505 INFO  [org.apa.kaf.cli.con.int.ConsumerCoordinator] (Thread-329) [Consumer clientId=consumer-Consumer-topic-74fd4ad4_460f_4b73_8b22_4422fb89dc1a-27, groupId=Consumer-topic-74fd4ad4_460f_4b73_8b22_4422fb89dc1a] Successfully synced group in generation Generation{generationId=1, memberId='consumer-Consumer-topic-74fd4ad4_460f_4b73_8b22_4422fb89dc1a-27-34ce818b-3910-480a-bf70-628e193b2ca0', protocol='range'}
2025-07-31 02:22:19,505 INFO  [org.apa.kaf.cli.con.int.ConsumerCoordinator] (Thread-329) [Consumer clientId=consumer-Consumer-topic-74fd4ad4_460f_4b73_8b22_4422fb89dc1a-27, groupId=Consumer-topic-74fd4ad4_460f_4b73_8b22_4422fb89dc1a] Notifying assignor about the new Assignment(partitions=[topic-74fd4ad4_460f_4b73_8b22_4422fb89dc1a-0])
2025-07-31 02:22:19,505 INFO  [org.apa.kaf.cli.con.int.ConsumerRebalanceListenerInvoker] (Thread-329) [Consumer clientId=consumer-Consumer-topic-74fd4ad4_460f_4b73_8b22_4422fb89dc1a-27, groupId=Consumer-topic-74fd4ad4_460f_4b73_8b22_4422fb89dc1a] Adding newly assigned partitions: topic-74fd4ad4_460f_4b73_8b22_4422fb89dc1a-0
2025-07-31 02:22:19,507 INFO  [org.apa.kaf.cli.con.int.ConsumerCoordinator] (Thread-329) [Consumer clientId=consumer-Consumer-topic-74fd4ad4_460f_4b73_8b22_4422fb89dc1a-27, groupId=Consumer-topic-74fd4ad4_460f_4b73_8b22_4422fb89dc1a] Found no committed offset for partition topic-74fd4ad4_460f_4b73_8b22_4422fb89dc1a-0
2025-07-31 02:22:19,514 INFO  [org.apa.kaf.cli.con.int.SubscriptionState] (Thread-329) [Consumer clientId=consumer-Consumer-topic-74fd4ad4_460f_4b73_8b22_4422fb89dc1a-27, groupId=Consumer-topic-74fd4ad4_460f_4b73_8b22_4422fb89dc1a] Resetting offset for partition topic-74fd4ad4_460f_4b73_8b22_4422fb89dc1a-0 to position FetchPosition{offset=0, offsetEpoch=Optional.empty, currentLeader=LeaderAndEpoch{leader=Optional[localhost:32770 (id: 0 rack: null)], epoch=0}}.
2025-07-31 02:22:19,556 INFO  [io.api.tes.ser.api.KafkaSerdesTester] (Thread-329) topic-74fd4ad4_460f_4b73_8b22_4422fb89dc1a 0 0 {"key1": "value-0"}
2025-07-31 02:22:19,556 INFO  [io.api.tes.ser.api.KafkaSerdesTester] (Thread-329) topic-74fd4ad4_460f_4b73_8b22_4422fb89dc1a 0 1 {"key1": "value-1"}
2025-07-31 02:22:19,556 INFO  [io.api.tes.ser.api.KafkaSerdesTester] (Thread-329) topic-74fd4ad4_460f_4b73_8b22_4422fb89dc1a 0 2 {"key1": "value-2"}
2025-07-31 02:22:19,556 INFO  [io.api.tes.ser.api.KafkaSerdesTester] (Thread-329) topic-74fd4ad4_460f_4b73_8b22_4422fb89dc1a 0 3 {"key1": "value-3"}
2025-07-31 02:22:19,556 INFO  [io.api.tes.ser.api.KafkaSerdesTester] (Thread-329) topic-74fd4ad4_460f_4b73_8b22_4422fb89dc1a 0 4 {"key1": "value-4"}
2025-07-31 02:22:19,556 INFO  [io.api.tes.ser.api.KafkaSerdesTester] (Thread-329) topic-74fd4ad4_460f_4b73_8b22_4422fb89dc1a 0 5 {"key1": "value-5"}
2025-07-31 02:22:19,556 INFO  [io.api.tes.ser.api.KafkaSerdesTester] (Thread-329) topic-74fd4ad4_460f_4b73_8b22_4422fb89dc1a 0 6 {"key1": "value-6"}
2025-07-31 02:22:19,556 INFO  [io.api.tes.ser.api.KafkaSerdesTester] (Thread-329) topic-74fd4ad4_460f_4b73_8b22_4422fb89dc1a 0 7 {"key1": "value-7"}
2025-07-31 02:22:19,556 INFO  [io.api.tes.ser.api.KafkaSerdesTester] (Thread-329) topic-74fd4ad4_460f_4b73_8b22_4422fb89dc1a 0 8 {"key1": "value-8"}
2025-07-31 02:22:19,556 INFO  [io.api.tes.ser.api.KafkaSerdesTester] (Thread-329) topic-74fd4ad4_460f_4b73_8b22_4422fb89dc1a 0 9 {"key1": "value-9"}
2025-07-31 02:22:19,556 INFO  [io.api.tes.ser.api.KafkaSerdesTester] (Thread-329) Consumed 10 messages
2025-07-31 02:22:19,558 INFO  [org.apa.kaf.cli.con.int.ConsumerRebalanceListenerInvoker] (Thread-329) [Consumer clientId=consumer-Consumer-topic-74fd4ad4_460f_4b73_8b22_4422fb89dc1a-27, groupId=Consumer-topic-74fd4ad4_460f_4b73_8b22_4422fb89dc1a] Revoke previously assigned partitions topic-74fd4ad4_460f_4b73_8b22_4422fb89dc1a-0
2025-07-31 02:22:19,558 INFO  [org.apa.kaf.cli.con.int.ConsumerCoordinator] (Thread-329) [Consumer clientId=consumer-Consumer-topic-74fd4ad4_460f_4b73_8b22_4422fb89dc1a-27, groupId=Consumer-topic-74fd4ad4_460f_4b73_8b22_4422fb89dc1a] Member consumer-Consumer-topic-74fd4ad4_460f_4b73_8b22_4422fb89dc1a-27-34ce818b-3910-480a-bf70-628e193b2ca0 sending LeaveGroup request to coordinator localhost:32770 (id: 2147483647 rack: null) due to the consumer is being closed
2025-07-31 02:22:19,559 INFO  [org.apa.kaf.cli.con.int.ConsumerCoordinator] (Thread-329) [Consumer clientId=consumer-Consumer-topic-74fd4ad4_460f_4b73_8b22_4422fb89dc1a-27, groupId=Consumer-topic-74fd4ad4_460f_4b73_8b22_4422fb89dc1a] Resetting generation and member id due to: consumer pro-actively leaving the group
2025-07-31 02:22:19,559 INFO  [org.apa.kaf.cli.con.int.ConsumerCoordinator] (Thread-329) [Consumer clientId=consumer-Consumer-topic-74fd4ad4_460f_4b73_8b22_4422fb89dc1a-27, groupId=Consumer-topic-74fd4ad4_460f_4b73_8b22_4422fb89dc1a] Request joining group due to: consumer pro-actively leaving the group
2025-07-31 02:22:20,057 INFO  [org.apa.kaf.com.met.Metrics] (Thread-329) Metrics scheduler closed
2025-07-31 02:22:20,057 INFO  [org.apa.kaf.com.met.Metrics] (Thread-329) Closing reporter org.apache.kafka.common.metrics.JmxReporter
2025-07-31 02:22:20,057 INFO  [org.apa.kaf.com.met.Metrics] (Thread-329) Closing reporter org.apache.kafka.common.telemetry.internals.ClientTelemetryReporter
2025-07-31 02:22:20,057 INFO  [org.apa.kaf.com.met.Metrics] (Thread-329) Metrics reporters closed
2025-07-31 02:22:20,059 INFO  [org.apa.kaf.com.uti.AppInfoParser] (Thread-329) App info kafka.consumer for consumer-Consumer-topic-74fd4ad4_460f_4b73_8b22_4422fb89dc1a-27 unregistered
2025-07-31 02:22:20,060 INFO  [org.apa.kaf.cli.con.int.ClassicKafkaConsumer] (Thread-330) [Consumer clientId=consumer-Consumer-topic-7c5249b6_4481_49cf_83e4_f04d69ff4d48-28, groupId=Consumer-topic-7c5249b6_4481_49cf_83e4_f04d69ff4d48] Subscribed to topic(s): topic-7c5249b6_4481_49cf_83e4_f04d69ff4d48
2025-07-31 02:22:20,065 INFO  [org.apa.kaf.cli.Metadata] (Thread-330) [Consumer clientId=consumer-Consumer-topic-7c5249b6_4481_49cf_83e4_f04d69ff4d48-28, groupId=Consumer-topic-7c5249b6_4481_49cf_83e4_f04d69ff4d48] Cluster ID: mFm4H5CuSae4mNeWY74G7g
2025-07-31 02:22:20,065 INFO  [org.apa.kaf.cli.con.int.ConsumerCoordinator] (Thread-330) [Consumer clientId=consumer-Consumer-topic-7c5249b6_4481_49cf_83e4_f04d69ff4d48-28, groupId=Consumer-topic-7c5249b6_4481_49cf_83e4_f04d69ff4d48] Discovered group coordinator localhost:32770 (id: 2147483647 rack: null)
2025-07-31 02:22:20,066 INFO  [org.apa.kaf.cli.con.int.ConsumerCoordinator] (Thread-330) [Consumer clientId=consumer-Consumer-topic-7c5249b6_4481_49cf_83e4_f04d69ff4d48-28, groupId=Consumer-topic-7c5249b6_4481_49cf_83e4_f04d69ff4d48] (Re-)joining group
2025-07-31 02:22:20,069 INFO  [org.apa.kaf.cli.con.int.ConsumerCoordinator] (Thread-330) [Consumer clientId=consumer-Consumer-topic-7c5249b6_4481_49cf_83e4_f04d69ff4d48-28, groupId=Consumer-topic-7c5249b6_4481_49cf_83e4_f04d69ff4d48] Request joining group due to: need to re-join with the given member-id: consumer-Consumer-topic-7c5249b6_4481_49cf_83e4_f04d69ff4d48-28-e42d3f67-9a4f-42fb-87f8-8133bcde2465
2025-07-31 02:22:20,069 INFO  [org.apa.kaf.cli.con.int.ConsumerCoordinator] (Thread-330) [Consumer clientId=consumer-Consumer-topic-7c5249b6_4481_49cf_83e4_f04d69ff4d48-28, groupId=Consumer-topic-7c5249b6_4481_49cf_83e4_f04d69ff4d48] (Re-)joining group
2025-07-31 02:22:20,073 INFO  [org.apa.kaf.cli.con.int.ConsumerCoordinator] (Thread-330) [Consumer clientId=consumer-Consumer-topic-7c5249b6_4481_49cf_83e4_f04d69ff4d48-28, groupId=Consumer-topic-7c5249b6_4481_49cf_83e4_f04d69ff4d48] Successfully joined group with generation Generation{generationId=1, memberId='consumer-Consumer-topic-7c5249b6_4481_49cf_83e4_f04d69ff4d48-28-e42d3f67-9a4f-42fb-87f8-8133bcde2465', protocol='range'}
2025-07-31 02:22:20,073 INFO  [org.apa.kaf.cli.con.int.ConsumerCoordinator] (Thread-330) [Consumer clientId=consumer-Consumer-topic-7c5249b6_4481_49cf_83e4_f04d69ff4d48-28, groupId=Consumer-topic-7c5249b6_4481_49cf_83e4_f04d69ff4d48] Finished assignment for group at generation 1: {consumer-Consumer-topic-7c5249b6_4481_49cf_83e4_f04d69ff4d48-28-e42d3f67-9a4f-42fb-87f8-8133bcde2465=Assignment(partitions=[topic-7c5249b6_4481_49cf_83e4_f04d69ff4d48-0])}
2025-07-31 02:22:20,075 INFO  [org.apa.kaf.cli.con.int.ConsumerCoordinator] (Thread-330) [Consumer clientId=consumer-Consumer-topic-7c5249b6_4481_49cf_83e4_f04d69ff4d48-28, groupId=Consumer-topic-7c5249b6_4481_49cf_83e4_f04d69ff4d48] Successfully synced group in generation Generation{generationId=1, memberId='consumer-Consumer-topic-7c5249b6_4481_49cf_83e4_f04d69ff4d48-28-e42d3f67-9a4f-42fb-87f8-8133bcde2465', protocol='range'}
2025-07-31 02:22:20,075 INFO  [org.apa.kaf.cli.con.int.ConsumerCoordinator] (Thread-330) [Consumer clientId=consumer-Consumer-topic-7c5249b6_4481_49cf_83e4_f04d69ff4d48-28, groupId=Consumer-topic-7c5249b6_4481_49cf_83e4_f04d69ff4d48] Notifying assignor about the new Assignment(partitions=[topic-7c5249b6_4481_49cf_83e4_f04d69ff4d48-0])
2025-07-31 02:22:20,075 INFO  [org.apa.kaf.cli.con.int.ConsumerRebalanceListenerInvoker] (Thread-330) [Consumer clientId=consumer-Consumer-topic-7c5249b6_4481_49cf_83e4_f04d69ff4d48-28, groupId=Consumer-topic-7c5249b6_4481_49cf_83e4_f04d69ff4d48] Adding newly assigned partitions: topic-7c5249b6_4481_49cf_83e4_f04d69ff4d48-0
2025-07-31 02:22:20,077 INFO  [org.apa.kaf.cli.con.int.ConsumerCoordinator] (kafka-coordinator-heartbeat-thread | Consumer-topic-7c5249b6_4481_49cf_83e4_f04d69ff4d48) [Consumer clientId=consumer-Consumer-topic-7c5249b6_4481_49cf_83e4_f04d69ff4d48-28, groupId=Consumer-topic-7c5249b6_4481_49cf_83e4_f04d69ff4d48] Found no committed offset for partition topic-7c5249b6_4481_49cf_83e4_f04d69ff4d48-0
2025-07-31 02:22:20,081 INFO  [org.apa.kaf.cli.con.int.SubscriptionState] (Thread-330) [Consumer clientId=consumer-Consumer-topic-7c5249b6_4481_49cf_83e4_f04d69ff4d48-28, groupId=Consumer-topic-7c5249b6_4481_49cf_83e4_f04d69ff4d48] Resetting offset for partition topic-7c5249b6_4481_49cf_83e4_f04d69ff4d48-0 to position FetchPosition{offset=0, offsetEpoch=Optional.empty, currentLeader=LeaderAndEpoch{leader=Optional[localhost:32770 (id: 0 rack: null)], epoch=0}}.
2025-07-31 02:22:20,120 INFO  [io.api.tes.ser.api.KafkaSerdesTester] (Thread-330) topic-7c5249b6_4481_49cf_83e4_f04d69ff4d48 0 0 {"key1": "value-0"}
2025-07-31 02:22:20,120 INFO  [io.api.tes.ser.api.KafkaSerdesTester] (Thread-330) topic-7c5249b6_4481_49cf_83e4_f04d69ff4d48 0 1 {"key1": "value-1"}
2025-07-31 02:22:20,120 INFO  [io.api.tes.ser.api.KafkaSerdesTester] (Thread-330) topic-7c5249b6_4481_49cf_83e4_f04d69ff4d48 0 2 {"key1": "value-2"}
2025-07-31 02:22:20,120 INFO  [io.api.tes.ser.api.KafkaSerdesTester] (Thread-330) topic-7c5249b6_4481_49cf_83e4_f04d69ff4d48 0 3 {"key1": "value-3"}
2025-07-31 02:22:20,120 INFO  [io.api.tes.ser.api.KafkaSerdesTester] (Thread-330) topic-7c5249b6_4481_49cf_83e4_f04d69ff4d48 0 4 {"key1": "value-4"}
2025-07-31 02:22:20,120 INFO  [io.api.tes.ser.api.KafkaSerdesTester] (Thread-330) topic-7c5249b6_4481_49cf_83e4_f04d69ff4d48 0 5 {"key1": "value-5"}
2025-07-31 02:22:20,120 INFO  [io.api.tes.ser.api.KafkaSerdesTester] (Thread-330) topic-7c5249b6_4481_49cf_83e4_f04d69ff4d48 0 6 {"key1": "value-6"}
2025-07-31 02:22:20,120 INFO  [io.api.tes.ser.api.KafkaSerdesTester] (Thread-330) topic-7c5249b6_4481_49cf_83e4_f04d69ff4d48 0 7 {"key1": "value-7"}
2025-07-31 02:22:20,120 INFO  [io.api.tes.ser.api.KafkaSerdesTester] (Thread-330) topic-7c5249b6_4481_49cf_83e4_f04d69ff4d48 0 8 {"key1": "value-8"}
2025-07-31 02:22:20,120 INFO  [io.api.tes.ser.api.KafkaSerdesTester] (Thread-330) topic-7c5249b6_4481_49cf_83e4_f04d69ff4d48 0 9 {"key1": "value-9"}
2025-07-31 02:22:20,120 INFO  [io.api.tes.ser.api.KafkaSerdesTester] (Thread-330) Consumed 10 messages
2025-07-31 02:22:20,122 INFO  [org.apa.kaf.cli.con.int.ConsumerRebalanceListenerInvoker] (Thread-330) [Consumer clientId=consumer-Consumer-topic-7c5249b6_4481_49cf_83e4_f04d69ff4d48-28, groupId=Consumer-topic-7c5249b6_4481_49cf_83e4_f04d69ff4d48] Revoke previously assigned partitions topic-7c5249b6_4481_49cf_83e4_f04d69ff4d48-0
2025-07-31 02:22:20,122 INFO  [org.apa.kaf.cli.con.int.ConsumerCoordinator] (Thread-330) [Consumer clientId=consumer-Consumer-topic-7c5249b6_4481_49cf_83e4_f04d69ff4d48-28, groupId=Consumer-topic-7c5249b6_4481_49cf_83e4_f04d69ff4d48] Member consumer-Consumer-topic-7c5249b6_4481_49cf_83e4_f04d69ff4d48-28-e42d3f67-9a4f-42fb-87f8-8133bcde2465 sending LeaveGroup request to coordinator localhost:32770 (id: 2147483647 rack: null) due to the consumer is being closed
2025-07-31 02:22:20,123 INFO  [org.apa.kaf.cli.con.int.ConsumerCoordinator] (Thread-330) [Consumer clientId=consumer-Consumer-topic-7c5249b6_4481_49cf_83e4_f04d69ff4d48-28, groupId=Consumer-topic-7c5249b6_4481_49cf_83e4_f04d69ff4d48] Resetting generation and member id due to: consumer pro-actively leaving the group
2025-07-31 02:22:20,123 INFO  [org.apa.kaf.cli.con.int.ConsumerCoordinator] (Thread-330) [Consumer clientId=consumer-Consumer-topic-7c5249b6_4481_49cf_83e4_f04d69ff4d48-28, groupId=Consumer-topic-7c5249b6_4481_49cf_83e4_f04d69ff4d48] Request joining group due to: consumer pro-actively leaving the group
2025-07-31 02:22:20,620 INFO  [org.apa.kaf.com.met.Metrics] (Thread-330) Metrics scheduler closed
2025-07-31 02:22:20,620 INFO  [org.apa.kaf.com.met.Metrics] (Thread-330) Closing reporter org.apache.kafka.common.metrics.JmxReporter
2025-07-31 02:22:20,620 INFO  [org.apa.kaf.com.met.Metrics] (Thread-330) Closing reporter org.apache.kafka.common.telemetry.internals.ClientTelemetryReporter
2025-07-31 02:22:20,620 INFO  [org.apa.kaf.com.met.Metrics] (Thread-330) Metrics reporters closed
2025-07-31 02:22:20,622 INFO  [org.apa.kaf.com.uti.AppInfoParser] (Thread-330) App info kafka.consumer for consumer-Consumer-topic-7c5249b6_4481_49cf_83e4_f04d69ff4d48-28 unregistered
2025-07-31 02:22:20,645 INFO  [io.api.tes.ser.con.BasicConfluentSerDesIT] (main) Deleting confluent schema myrecordconfluent6
2025-07-31 02:22:20,656 INFO  [io.api.tes.uti.TestSeparator] (main) io.apicurio.tests.serdes.confluent.BasicConfluentSerDesIT.testAvroConfluentForMultipleTopics-FINISHED
2025-07-31 02:22:20,656 INFO  [io.api.tes.uti.TestSeparator] (main) ############################################################################
]]></system-out>
  </testcase>
  <testcase name="testAvroConfluentApicurio" classname="io.apicurio.tests.serdes.confluent.BasicConfluentSerDesIT" time="0.667">
    <system-out><![CDATA[2025-07-31 02:22:20,657 INFO  [io.api.tes.uti.TestSeparator] (main) ############################################################################
2025-07-31 02:22:20,657 INFO  [io.api.tes.uti.TestSeparator] (main) io.apicurio.tests.serdes.confluent.BasicConfluentSerDesIT.testAvroConfluentApicurio-STARTED
2025-07-31 02:22:20,686 INFO  [io.api.tes.ser.con.BasicConfluentSerDesIT] (main) Checking that created schema is equal to the get schema
2025-07-31 02:22:20,697 INFO  [io.api.tes.ser.con.BasicConfluentSerDesIT] (main) Created schema with id:46 and name:myrecordconfluent1
2025-07-31 02:22:20,697 INFO  [org.apa.kaf.cli.pro.ProducerConfig] (main) ProducerConfig values: 
	acks = -1
	auto.include.jmx.reporter = true
	batch.size = 16384
	bootstrap.servers = [PLAINTEXT://localhost:32770]
	buffer.memory = 33554432
	client.dns.lookup = use_all_dns_ips
	client.id = Producer-topic-500d8e92_7236_4101_9afc_728d42305663
	compression.gzip.level = -1
	compression.lz4.level = 9
	compression.type = none
	compression.zstd.level = 3
	connections.max.idle.ms = 10000
	delivery.timeout.ms = 120000
	enable.idempotence = true
	enable.metrics.push = true
	interceptor.classes = []
	key.serializer = class org.apache.kafka.common.serialization.StringSerializer
	linger.ms = 0
	max.block.ms = 60000
	max.in.flight.requests.per.connection = 5
	max.request.size = 1048576
	metadata.max.age.ms = 300000
	metadata.max.idle.ms = 300000
	metadata.recovery.strategy = none
	metric.reporters = []
	metrics.num.samples = 2
	metrics.recording.level = INFO
	metrics.sample.window.ms = 30000
	partitioner.adaptive.partitioning.enable = true
	partitioner.availability.timeout.ms = 0
	partitioner.class = null
	partitioner.ignore.keys = false
	receive.buffer.bytes = 32768
	reconnect.backoff.max.ms = 1000
	reconnect.backoff.ms = 50
	request.timeout.ms = 5000
	retries = 2147483647
	retry.backoff.max.ms = 1000
	retry.backoff.ms = 100
	sasl.client.callback.handler.class = null
	sasl.jaas.config = null
	sasl.kerberos.kinit.cmd = /usr/bin/kinit
	sasl.kerberos.min.time.before.relogin = 60000
	sasl.kerberos.service.name = null
	sasl.kerberos.ticket.renew.jitter = 0.05
	sasl.kerberos.ticket.renew.window.factor = 0.8
	sasl.login.callback.handler.class = null
	sasl.login.class = null
	sasl.login.connect.timeout.ms = null
	sasl.login.read.timeout.ms = null
	sasl.login.refresh.buffer.seconds = 300
	sasl.login.refresh.min.period.seconds = 60
	sasl.login.refresh.window.factor = 0.8
	sasl.login.refresh.window.jitter = 0.05
	sasl.login.retry.backoff.max.ms = 10000
	sasl.login.retry.backoff.ms = 100
	sasl.mechanism = GSSAPI
	sasl.oauthbearer.clock.skew.seconds = 30
	sasl.oauthbearer.expected.audience = null
	sasl.oauthbearer.expected.issuer = null
	sasl.oauthbearer.header.urlencode = false
	sasl.oauthbearer.jwks.endpoint.refresh.ms = 3600000
	sasl.oauthbearer.jwks.endpoint.retry.backoff.max.ms = 10000
	sasl.oauthbearer.jwks.endpoint.retry.backoff.ms = 100
	sasl.oauthbearer.jwks.endpoint.url = null
	sasl.oauthbearer.scope.claim.name = scope
	sasl.oauthbearer.sub.claim.name = sub
	sasl.oauthbearer.token.endpoint.url = null
	security.protocol = PLAINTEXT
	security.providers = null
	send.buffer.bytes = 131072
	socket.connection.setup.timeout.max.ms = 30000
	socket.connection.setup.timeout.ms = 10000
	ssl.cipher.suites = null
	ssl.enabled.protocols = [TLSv1.2, TLSv1.3]
	ssl.endpoint.identification.algorithm = https
	ssl.engine.factory.class = null
	ssl.key.password = null
	ssl.keymanager.algorithm = SunX509
	ssl.keystore.certificate.chain = null
	ssl.keystore.key = null
	ssl.keystore.location = null
	ssl.keystore.password = null
	ssl.keystore.type = JKS
	ssl.protocol = TLSv1.3
	ssl.provider = null
	ssl.secure.random.implementation = null
	ssl.trustmanager.algorithm = PKIX
	ssl.truststore.certificates = null
	ssl.truststore.location = null
	ssl.truststore.password = null
	ssl.truststore.type = JKS
	transaction.timeout.ms = 60000
	transactional.id = null
	value.serializer = class io.confluent.kafka.serializers.KafkaAvroSerializer

2025-07-31 02:22:20,698 INFO  [org.apa.kaf.com.tel.int.KafkaMetricsCollector] (main) initializing Kafka metrics collector
2025-07-31 02:22:20,698 INFO  [io.con.kaf.ser.KafkaAvroSerializerConfig] (main) KafkaAvroSerializerConfig values: 
	auto.register.schemas = false
	avro.reflection.allow.null = false
	avro.remove.java.properties = false
	avro.use.logical.type.converters = false
	basic.auth.credentials.source = URL
	basic.auth.user.info = [hidden]
	bearer.auth.cache.expiry.buffer.seconds = 300
	bearer.auth.client.id = null
	bearer.auth.client.secret = null
	bearer.auth.credentials.source = STATIC_TOKEN
	bearer.auth.custom.provider.class = null
	bearer.auth.identity.pool.id = null
	bearer.auth.issuer.endpoint.url = null
	bearer.auth.logical.cluster = null
	bearer.auth.scope = null
	bearer.auth.scope.claim.name = scope
	bearer.auth.sub.claim.name = sub
	bearer.auth.token = [hidden]
	context.name.strategy = class io.confluent.kafka.serializers.context.NullContextNameStrategy
	http.connect.timeout.ms = 60000
	http.read.timeout.ms = 60000
	id.compatibility.strict = true
	key.subject.name.strategy = class io.confluent.kafka.serializers.subject.TopicNameStrategy
	latest.cache.size = 1000
	latest.cache.ttl.sec = -1
	latest.compatibility.strict = true
	max.retries = 3
	max.schemas.per.subject = 1000
	normalize.schemas = false
	propagate.schema.tags = false
	proxy.host = 
	proxy.port = -1
	retries.max.wait.ms = 20000
	retries.wait.ms = 1000
	rule.actions = []
	rule.executors = []
	rule.service.loader.enable = true
	schema.format = null
	schema.reflection = false
	schema.registry.basic.auth.user.info = [hidden]
	schema.registry.ssl.cipher.suites = null
	schema.registry.ssl.enabled.protocols = [TLSv1.2, TLSv1.3]
	schema.registry.ssl.endpoint.identification.algorithm = https
	schema.registry.ssl.engine.factory.class = null
	schema.registry.ssl.key.password = null
	schema.registry.ssl.keymanager.algorithm = SunX509
	schema.registry.ssl.keystore.certificate.chain = null
	schema.registry.ssl.keystore.key = null
	schema.registry.ssl.keystore.location = null
	schema.registry.ssl.keystore.password = null
	schema.registry.ssl.keystore.type = JKS
	schema.registry.ssl.protocol = TLSv1.3
	schema.registry.ssl.provider = null
	schema.registry.ssl.secure.random.implementation = null
	schema.registry.ssl.trustmanager.algorithm = PKIX
	schema.registry.ssl.truststore.certificates = null
	schema.registry.ssl.truststore.location = null
	schema.registry.ssl.truststore.password = null
	schema.registry.ssl.truststore.type = JKS
	schema.registry.url = [http://registry-app-inmemory.apps.ci419.apicurio-testing.org:80/apis/ccompat/v7]
	use.latest.version = false
	use.latest.with.metadata = null
	use.schema.id = -1
	value.subject.name.strategy = class io.confluent.kafka.serializers.subject.TopicNameStrategy

2025-07-31 02:22:20,699 INFO  [org.apa.kaf.cli.pro.KafkaProducer] (main) [Producer clientId=Producer-topic-500d8e92_7236_4101_9afc_728d42305663] Instantiated an idempotent producer.
2025-07-31 02:22:20,700 INFO  [org.apa.kaf.cli.pro.ProducerConfig] (main) These configurations '[schema.registry.url, auto.register.schemas, value.subject.name.strategy]' were supplied but are not used yet.
2025-07-31 02:22:20,701 INFO  [org.apa.kaf.com.uti.AppInfoParser] (main) Kafka version: 3.9.0
2025-07-31 02:22:20,701 INFO  [org.apa.kaf.com.uti.AppInfoParser] (main) Kafka commitId: 84caaa6e9da06435
2025-07-31 02:22:20,701 INFO  [org.apa.kaf.com.uti.AppInfoParser] (main) Kafka startTimeMs: 1753928540701
2025-07-31 02:22:20,701 INFO  [io.api.tes.ser.api.SimpleSerdesTesterBuilder$SimpleSerdesTester] (main) Using producer configuration: {schema.registry.url=http://registry-app-inmemory.apps.ci419.apicurio-testing.org:80/apis/ccompat/v7, value.serializer=io.confluent.kafka.serializers.KafkaAvroSerializer, request.timeout.ms=5000, auto.register.schemas=false, acks=all, bootstrap.servers=PLAINTEXT://localhost:32770, connections.max.idle.ms=10000, key.serializer=org.apache.kafka.common.serialization.StringSerializer, value.subject.name.strategy=io.confluent.kafka.serializers.subject.TopicNameStrategy, client.id=Producer-topic-500d8e92_7236_4101_9afc_728d42305663}
2025-07-31 02:22:20,701 INFO  [io.api.tes.ser.api.SimpleSerdesTesterBuilder$SimpleSerdesTester] (main) Using consumer configuration: {}
2025-07-31 02:22:20,701 INFO  [io.api.tes.ser.api.KafkaSerdesTester] (Thread-331) Sending message {"key1": "value-0"} to topic topic-500d8e92_7236_4101_9afc_728d42305663
2025-07-31 02:22:20,703 INFO  [org.apa.kaf.cli.Metadata] (kafka-producer-network-thread | Producer-topic-500d8e92_7236_4101_9afc_728d42305663) [Producer clientId=Producer-topic-500d8e92_7236_4101_9afc_728d42305663] Cluster ID: mFm4H5CuSae4mNeWY74G7g
2025-07-31 02:22:20,704 INFO  [org.apa.kaf.cli.pro.int.TransactionManager] (kafka-producer-network-thread | Producer-topic-500d8e92_7236_4101_9afc_728d42305663) [Producer clientId=Producer-topic-500d8e92_7236_4101_9afc_728d42305663] ProducerId set to 36 with epoch 0
2025-07-31 02:22:20,717 INFO  [io.api.tes.ser.api.KafkaSerdesTester] (Thread-331) Sending message {"key1": "value-1"} to topic topic-500d8e92_7236_4101_9afc_728d42305663
2025-07-31 02:22:20,718 INFO  [io.api.tes.ser.api.KafkaSerdesTester] (Thread-331) Sending message {"key1": "value-2"} to topic topic-500d8e92_7236_4101_9afc_728d42305663
2025-07-31 02:22:20,719 INFO  [io.api.tes.ser.api.KafkaSerdesTester] (Thread-331) Sending message {"key1": "value-3"} to topic topic-500d8e92_7236_4101_9afc_728d42305663
2025-07-31 02:22:20,720 INFO  [io.api.tes.ser.api.KafkaSerdesTester] (Thread-331) Sending message {"key1": "value-4"} to topic topic-500d8e92_7236_4101_9afc_728d42305663
2025-07-31 02:22:20,721 INFO  [io.api.tes.ser.api.KafkaSerdesTester] (Thread-331) Sending message {"key1": "value-5"} to topic topic-500d8e92_7236_4101_9afc_728d42305663
2025-07-31 02:22:20,722 INFO  [io.api.tes.ser.api.KafkaSerdesTester] (Thread-331) Sending message {"key1": "value-6"} to topic topic-500d8e92_7236_4101_9afc_728d42305663
2025-07-31 02:22:20,725 INFO  [io.api.tes.ser.api.KafkaSerdesTester] (Thread-331) Sending message {"key1": "value-7"} to topic topic-500d8e92_7236_4101_9afc_728d42305663
2025-07-31 02:22:20,725 INFO  [io.api.tes.ser.api.KafkaSerdesTester] (Thread-331) Sending message {"key1": "value-8"} to topic topic-500d8e92_7236_4101_9afc_728d42305663
2025-07-31 02:22:20,726 INFO  [io.api.tes.ser.api.KafkaSerdesTester] (Thread-331) Sending message {"key1": "value-9"} to topic topic-500d8e92_7236_4101_9afc_728d42305663
2025-07-31 02:22:20,727 INFO  [io.api.tes.ser.api.KafkaSerdesTester] (Thread-331) Produced 10 messages
2025-07-31 02:22:20,727 INFO  [org.apa.kaf.cli.pro.KafkaProducer] (Thread-331) [Producer clientId=Producer-topic-500d8e92_7236_4101_9afc_728d42305663] Closing the Kafka producer with timeoutMillis = 9223372036854775807 ms.
2025-07-31 02:22:20,729 INFO  [org.apa.kaf.com.met.Metrics] (Thread-331) Metrics scheduler closed
2025-07-31 02:22:20,729 INFO  [org.apa.kaf.com.met.Metrics] (Thread-331) Closing reporter org.apache.kafka.common.metrics.JmxReporter
2025-07-31 02:22:20,730 INFO  [org.apa.kaf.com.met.Metrics] (Thread-331) Closing reporter org.apache.kafka.common.telemetry.internals.ClientTelemetryReporter
2025-07-31 02:22:20,730 INFO  [org.apa.kaf.com.met.Metrics] (Thread-331) Metrics reporters closed
2025-07-31 02:22:20,730 INFO  [org.apa.kaf.com.uti.AppInfoParser] (Thread-331) App info kafka.producer for Producer-topic-500d8e92_7236_4101_9afc_728d42305663 unregistered
2025-07-31 02:22:20,730 INFO  [org.apa.kaf.cli.con.ConsumerConfig] (main) ConsumerConfig values: 
	allow.auto.create.topics = true
	auto.commit.interval.ms = 500
	auto.include.jmx.reporter = true
	auto.offset.reset = earliest
	bootstrap.servers = [PLAINTEXT://localhost:32770]
	check.crcs = true
	client.dns.lookup = use_all_dns_ips
	client.id = consumer-Consumer-topic-500d8e92_7236_4101_9afc_728d42305663-29
	client.rack = 
	connections.max.idle.ms = 10000
	default.api.timeout.ms = 60000
	enable.auto.commit = true
	enable.metrics.push = true
	exclude.internal.topics = true
	fetch.max.bytes = 52428800
	fetch.max.wait.ms = 500
	fetch.min.bytes = 1
	group.id = Consumer-topic-500d8e92_7236_4101_9afc_728d42305663
	group.instance.id = null
	group.protocol = classic
	group.remote.assignor = null
	heartbeat.interval.ms = 3000
	interceptor.classes = []
	internal.leave.group.on.close = true
	internal.throw.on.fetch.stable.offset.unsupported = false
	isolation.level = read_uncommitted
	key.deserializer = class org.apache.kafka.common.serialization.StringDeserializer
	max.partition.fetch.bytes = 1048576
	max.poll.interval.ms = 300000
	max.poll.records = 500
	metadata.max.age.ms = 300000
	metadata.recovery.strategy = none
	metric.reporters = []
	metrics.num.samples = 2
	metrics.recording.level = INFO
	metrics.sample.window.ms = 30000
	partition.assignment.strategy = [class org.apache.kafka.clients.consumer.RangeAssignor, class org.apache.kafka.clients.consumer.CooperativeStickyAssignor]
	receive.buffer.bytes = 65536
	reconnect.backoff.max.ms = 1000
	reconnect.backoff.ms = 50
	request.timeout.ms = 5000
	retry.backoff.max.ms = 1000
	retry.backoff.ms = 100
	sasl.client.callback.handler.class = null
	sasl.jaas.config = null
	sasl.kerberos.kinit.cmd = /usr/bin/kinit
	sasl.kerberos.min.time.before.relogin = 60000
	sasl.kerberos.service.name = null
	sasl.kerberos.ticket.renew.jitter = 0.05
	sasl.kerberos.ticket.renew.window.factor = 0.8
	sasl.login.callback.handler.class = null
	sasl.login.class = null
	sasl.login.connect.timeout.ms = null
	sasl.login.read.timeout.ms = null
	sasl.login.refresh.buffer.seconds = 300
	sasl.login.refresh.min.period.seconds = 60
	sasl.login.refresh.window.factor = 0.8
	sasl.login.refresh.window.jitter = 0.05
	sasl.login.retry.backoff.max.ms = 10000
	sasl.login.retry.backoff.ms = 100
	sasl.mechanism = GSSAPI
	sasl.oauthbearer.clock.skew.seconds = 30
	sasl.oauthbearer.expected.audience = null
	sasl.oauthbearer.expected.issuer = null
	sasl.oauthbearer.header.urlencode = false
	sasl.oauthbearer.jwks.endpoint.refresh.ms = 3600000
	sasl.oauthbearer.jwks.endpoint.retry.backoff.max.ms = 10000
	sasl.oauthbearer.jwks.endpoint.retry.backoff.ms = 100
	sasl.oauthbearer.jwks.endpoint.url = null
	sasl.oauthbearer.scope.claim.name = scope
	sasl.oauthbearer.sub.claim.name = sub
	sasl.oauthbearer.token.endpoint.url = null
	security.protocol = PLAINTEXT
	security.providers = null
	send.buffer.bytes = 131072
	session.timeout.ms = 45000
	socket.connection.setup.timeout.max.ms = 30000
	socket.connection.setup.timeout.ms = 10000
	ssl.cipher.suites = null
	ssl.enabled.protocols = [TLSv1.2, TLSv1.3]
	ssl.endpoint.identification.algorithm = https
	ssl.engine.factory.class = null
	ssl.key.password = null
	ssl.keymanager.algorithm = SunX509
	ssl.keystore.certificate.chain = null
	ssl.keystore.key = null
	ssl.keystore.location = null
	ssl.keystore.password = null
	ssl.keystore.type = JKS
	ssl.protocol = TLSv1.3
	ssl.provider = null
	ssl.secure.random.implementation = null
	ssl.trustmanager.algorithm = PKIX
	ssl.truststore.certificates = null
	ssl.truststore.location = null
	ssl.truststore.password = null
	ssl.truststore.type = JKS
	value.deserializer = class io.apicurio.registry.serde.avro.AvroKafkaDeserializer

2025-07-31 02:22:20,730 INFO  [org.apa.kaf.com.tel.int.KafkaMetricsCollector] (main) initializing Kafka metrics collector
2025-07-31 02:22:20,734 INFO  [org.apa.kaf.cli.con.ConsumerConfig] (main) These configurations '[apicurio.registry.url]' were supplied but are not used yet.
2025-07-31 02:22:20,734 INFO  [org.apa.kaf.com.uti.AppInfoParser] (main) Kafka version: 3.9.0
2025-07-31 02:22:20,734 INFO  [org.apa.kaf.com.uti.AppInfoParser] (main) Kafka commitId: 84caaa6e9da06435
2025-07-31 02:22:20,734 INFO  [org.apa.kaf.com.uti.AppInfoParser] (main) Kafka startTimeMs: 1753928540734
2025-07-31 02:22:20,734 INFO  [org.apa.kaf.cli.con.int.ClassicKafkaConsumer] (Thread-334) [Consumer clientId=consumer-Consumer-topic-500d8e92_7236_4101_9afc_728d42305663-29, groupId=Consumer-topic-500d8e92_7236_4101_9afc_728d42305663] Subscribed to topic(s): topic-500d8e92_7236_4101_9afc_728d42305663
2025-07-31 02:22:20,739 INFO  [org.apa.kaf.cli.Metadata] (Thread-334) [Consumer clientId=consumer-Consumer-topic-500d8e92_7236_4101_9afc_728d42305663-29, groupId=Consumer-topic-500d8e92_7236_4101_9afc_728d42305663] Cluster ID: mFm4H5CuSae4mNeWY74G7g
2025-07-31 02:22:20,739 INFO  [org.apa.kaf.cli.con.int.ConsumerCoordinator] (Thread-334) [Consumer clientId=consumer-Consumer-topic-500d8e92_7236_4101_9afc_728d42305663-29, groupId=Consumer-topic-500d8e92_7236_4101_9afc_728d42305663] Discovered group coordinator localhost:32770 (id: 2147483647 rack: null)
2025-07-31 02:22:20,740 INFO  [org.apa.kaf.cli.con.int.ConsumerCoordinator] (Thread-334) [Consumer clientId=consumer-Consumer-topic-500d8e92_7236_4101_9afc_728d42305663-29, groupId=Consumer-topic-500d8e92_7236_4101_9afc_728d42305663] (Re-)joining group
2025-07-31 02:22:20,742 INFO  [org.apa.kaf.cli.con.int.ConsumerCoordinator] (Thread-334) [Consumer clientId=consumer-Consumer-topic-500d8e92_7236_4101_9afc_728d42305663-29, groupId=Consumer-topic-500d8e92_7236_4101_9afc_728d42305663] Request joining group due to: need to re-join with the given member-id: consumer-Consumer-topic-500d8e92_7236_4101_9afc_728d42305663-29-29e94cd1-ec98-45f7-bf56-4c773a020257
2025-07-31 02:22:20,742 INFO  [org.apa.kaf.cli.con.int.ConsumerCoordinator] (Thread-334) [Consumer clientId=consumer-Consumer-topic-500d8e92_7236_4101_9afc_728d42305663-29, groupId=Consumer-topic-500d8e92_7236_4101_9afc_728d42305663] (Re-)joining group
2025-07-31 02:22:20,744 INFO  [org.apa.kaf.cli.con.int.ConsumerCoordinator] (Thread-334) [Consumer clientId=consumer-Consumer-topic-500d8e92_7236_4101_9afc_728d42305663-29, groupId=Consumer-topic-500d8e92_7236_4101_9afc_728d42305663] Successfully joined group with generation Generation{generationId=1, memberId='consumer-Consumer-topic-500d8e92_7236_4101_9afc_728d42305663-29-29e94cd1-ec98-45f7-bf56-4c773a020257', protocol='range'}
2025-07-31 02:22:20,744 INFO  [org.apa.kaf.cli.con.int.ConsumerCoordinator] (Thread-334) [Consumer clientId=consumer-Consumer-topic-500d8e92_7236_4101_9afc_728d42305663-29, groupId=Consumer-topic-500d8e92_7236_4101_9afc_728d42305663] Finished assignment for group at generation 1: {consumer-Consumer-topic-500d8e92_7236_4101_9afc_728d42305663-29-29e94cd1-ec98-45f7-bf56-4c773a020257=Assignment(partitions=[topic-500d8e92_7236_4101_9afc_728d42305663-0])}
2025-07-31 02:22:20,746 INFO  [org.apa.kaf.cli.con.int.ConsumerCoordinator] (Thread-334) [Consumer clientId=consumer-Consumer-topic-500d8e92_7236_4101_9afc_728d42305663-29, groupId=Consumer-topic-500d8e92_7236_4101_9afc_728d42305663] Successfully synced group in generation Generation{generationId=1, memberId='consumer-Consumer-topic-500d8e92_7236_4101_9afc_728d42305663-29-29e94cd1-ec98-45f7-bf56-4c773a020257', protocol='range'}
2025-07-31 02:22:20,746 INFO  [org.apa.kaf.cli.con.int.ConsumerCoordinator] (Thread-334) [Consumer clientId=consumer-Consumer-topic-500d8e92_7236_4101_9afc_728d42305663-29, groupId=Consumer-topic-500d8e92_7236_4101_9afc_728d42305663] Notifying assignor about the new Assignment(partitions=[topic-500d8e92_7236_4101_9afc_728d42305663-0])
2025-07-31 02:22:20,746 INFO  [org.apa.kaf.cli.con.int.ConsumerRebalanceListenerInvoker] (Thread-334) [Consumer clientId=consumer-Consumer-topic-500d8e92_7236_4101_9afc_728d42305663-29, groupId=Consumer-topic-500d8e92_7236_4101_9afc_728d42305663] Adding newly assigned partitions: topic-500d8e92_7236_4101_9afc_728d42305663-0
2025-07-31 02:22:20,747 INFO  [org.apa.kaf.cli.con.int.ConsumerCoordinator] (Thread-334) [Consumer clientId=consumer-Consumer-topic-500d8e92_7236_4101_9afc_728d42305663-29, groupId=Consumer-topic-500d8e92_7236_4101_9afc_728d42305663] Found no committed offset for partition topic-500d8e92_7236_4101_9afc_728d42305663-0
2025-07-31 02:22:20,749 INFO  [org.apa.kaf.cli.con.int.SubscriptionState] (Thread-334) [Consumer clientId=consumer-Consumer-topic-500d8e92_7236_4101_9afc_728d42305663-29, groupId=Consumer-topic-500d8e92_7236_4101_9afc_728d42305663] Resetting offset for partition topic-500d8e92_7236_4101_9afc_728d42305663-0 to position FetchPosition{offset=0, offsetEpoch=Optional.empty, currentLeader=LeaderAndEpoch{leader=Optional[localhost:32770 (id: 0 rack: null)], epoch=0}}.
2025-07-31 02:22:20,783 INFO  [io.api.tes.ser.api.KafkaSerdesTester] (Thread-334) topic-500d8e92_7236_4101_9afc_728d42305663 0 0 {"key1": "value-0"}
2025-07-31 02:22:20,783 INFO  [io.api.tes.ser.api.KafkaSerdesTester] (Thread-334) topic-500d8e92_7236_4101_9afc_728d42305663 0 1 {"key1": "value-1"}
2025-07-31 02:22:20,783 INFO  [io.api.tes.ser.api.KafkaSerdesTester] (Thread-334) topic-500d8e92_7236_4101_9afc_728d42305663 0 2 {"key1": "value-2"}
2025-07-31 02:22:20,783 INFO  [io.api.tes.ser.api.KafkaSerdesTester] (Thread-334) topic-500d8e92_7236_4101_9afc_728d42305663 0 3 {"key1": "value-3"}
2025-07-31 02:22:20,783 INFO  [io.api.tes.ser.api.KafkaSerdesTester] (Thread-334) topic-500d8e92_7236_4101_9afc_728d42305663 0 4 {"key1": "value-4"}
2025-07-31 02:22:20,783 INFO  [io.api.tes.ser.api.KafkaSerdesTester] (Thread-334) topic-500d8e92_7236_4101_9afc_728d42305663 0 5 {"key1": "value-5"}
2025-07-31 02:22:20,783 INFO  [io.api.tes.ser.api.KafkaSerdesTester] (Thread-334) topic-500d8e92_7236_4101_9afc_728d42305663 0 6 {"key1": "value-6"}
2025-07-31 02:22:20,783 INFO  [io.api.tes.ser.api.KafkaSerdesTester] (Thread-334) topic-500d8e92_7236_4101_9afc_728d42305663 0 7 {"key1": "value-7"}
2025-07-31 02:22:20,784 INFO  [io.api.tes.ser.api.KafkaSerdesTester] (Thread-334) topic-500d8e92_7236_4101_9afc_728d42305663 0 8 {"key1": "value-8"}
2025-07-31 02:22:20,784 INFO  [io.api.tes.ser.api.KafkaSerdesTester] (Thread-334) topic-500d8e92_7236_4101_9afc_728d42305663 0 9 {"key1": "value-9"}
2025-07-31 02:22:20,784 INFO  [io.api.tes.ser.api.KafkaSerdesTester] (Thread-334) Consumed 10 messages
2025-07-31 02:22:20,786 INFO  [org.apa.kaf.cli.con.int.ConsumerRebalanceListenerInvoker] (Thread-334) [Consumer clientId=consumer-Consumer-topic-500d8e92_7236_4101_9afc_728d42305663-29, groupId=Consumer-topic-500d8e92_7236_4101_9afc_728d42305663] Revoke previously assigned partitions topic-500d8e92_7236_4101_9afc_728d42305663-0
2025-07-31 02:22:20,787 INFO  [org.apa.kaf.cli.con.int.ConsumerCoordinator] (Thread-334) [Consumer clientId=consumer-Consumer-topic-500d8e92_7236_4101_9afc_728d42305663-29, groupId=Consumer-topic-500d8e92_7236_4101_9afc_728d42305663] Member consumer-Consumer-topic-500d8e92_7236_4101_9afc_728d42305663-29-29e94cd1-ec98-45f7-bf56-4c773a020257 sending LeaveGroup request to coordinator localhost:32770 (id: 2147483647 rack: null) due to the consumer is being closed
2025-07-31 02:22:20,787 INFO  [org.apa.kaf.cli.con.int.ConsumerCoordinator] (Thread-334) [Consumer clientId=consumer-Consumer-topic-500d8e92_7236_4101_9afc_728d42305663-29, groupId=Consumer-topic-500d8e92_7236_4101_9afc_728d42305663] Resetting generation and member id due to: consumer pro-actively leaving the group
2025-07-31 02:22:20,787 INFO  [org.apa.kaf.cli.con.int.ConsumerCoordinator] (Thread-334) [Consumer clientId=consumer-Consumer-topic-500d8e92_7236_4101_9afc_728d42305663-29, groupId=Consumer-topic-500d8e92_7236_4101_9afc_728d42305663] Request joining group due to: consumer pro-actively leaving the group
2025-07-31 02:22:21,286 INFO  [org.apa.kaf.com.met.Metrics] (Thread-334) Metrics scheduler closed
2025-07-31 02:22:21,286 INFO  [org.apa.kaf.com.met.Metrics] (Thread-334) Closing reporter org.apache.kafka.common.metrics.JmxReporter
2025-07-31 02:22:21,286 INFO  [org.apa.kaf.com.met.Metrics] (Thread-334) Closing reporter org.apache.kafka.common.telemetry.internals.ClientTelemetryReporter
2025-07-31 02:22:21,287 INFO  [org.apa.kaf.com.met.Metrics] (Thread-334) Metrics reporters closed
2025-07-31 02:22:21,290 INFO  [org.apa.kaf.com.uti.AppInfoParser] (Thread-334) App info kafka.consumer for consumer-Consumer-topic-500d8e92_7236_4101_9afc_728d42305663-29 unregistered
2025-07-31 02:22:21,313 INFO  [io.api.tes.ser.con.BasicConfluentSerDesIT] (main) Deleting confluent schema topic-500d8e92_7236_4101_9afc_728d42305663-value
2025-07-31 02:22:21,323 INFO  [io.api.tes.uti.TestSeparator] (main) io.apicurio.tests.serdes.confluent.BasicConfluentSerDesIT.testAvroConfluentApicurio-FINISHED
2025-07-31 02:22:21,324 INFO  [io.api.tes.uti.TestSeparator] (main) ############################################################################
]]></system-out>
  </testcase>
  <testcase name="testAvroConfluentSerDesWrongStrategyTopic" classname="io.apicurio.tests.serdes.confluent.BasicConfluentSerDesIT" time="0.097">
    <system-out><![CDATA[2025-07-31 02:22:21,325 INFO  [io.api.tes.uti.TestSeparator] (main) ############################################################################
2025-07-31 02:22:21,325 INFO  [io.api.tes.uti.TestSeparator] (main) io.apicurio.tests.serdes.confluent.BasicConfluentSerDesIT.testAvroConfluentSerDesWrongStrategyTopic-STARTED
2025-07-31 02:22:21,355 INFO  [io.api.tes.ser.con.BasicConfluentSerDesIT] (main) Checking that created schema is equal to the get schema
2025-07-31 02:22:21,366 INFO  [io.api.tes.ser.con.BasicConfluentSerDesIT] (main) Created schema with id:47 and name:myrecordconfluent3
2025-07-31 02:22:21,366 INFO  [org.apa.kaf.cli.pro.ProducerConfig] (main) ProducerConfig values: 
	acks = -1
	auto.include.jmx.reporter = true
	batch.size = 16384
	bootstrap.servers = [PLAINTEXT://localhost:32770]
	buffer.memory = 33554432
	client.dns.lookup = use_all_dns_ips
	client.id = Producer-topic-34ae80cd_9838_4aa9_a5b5_110cbbf2dca5
	compression.gzip.level = -1
	compression.lz4.level = 9
	compression.type = none
	compression.zstd.level = 3
	connections.max.idle.ms = 10000
	delivery.timeout.ms = 120000
	enable.idempotence = true
	enable.metrics.push = true
	interceptor.classes = []
	key.serializer = class org.apache.kafka.common.serialization.StringSerializer
	linger.ms = 0
	max.block.ms = 60000
	max.in.flight.requests.per.connection = 5
	max.request.size = 1048576
	metadata.max.age.ms = 300000
	metadata.max.idle.ms = 300000
	metadata.recovery.strategy = none
	metric.reporters = []
	metrics.num.samples = 2
	metrics.recording.level = INFO
	metrics.sample.window.ms = 30000
	partitioner.adaptive.partitioning.enable = true
	partitioner.availability.timeout.ms = 0
	partitioner.class = null
	partitioner.ignore.keys = false
	receive.buffer.bytes = 32768
	reconnect.backoff.max.ms = 1000
	reconnect.backoff.ms = 50
	request.timeout.ms = 5000
	retries = 2147483647
	retry.backoff.max.ms = 1000
	retry.backoff.ms = 100
	sasl.client.callback.handler.class = null
	sasl.jaas.config = null
	sasl.kerberos.kinit.cmd = /usr/bin/kinit
	sasl.kerberos.min.time.before.relogin = 60000
	sasl.kerberos.service.name = null
	sasl.kerberos.ticket.renew.jitter = 0.05
	sasl.kerberos.ticket.renew.window.factor = 0.8
	sasl.login.callback.handler.class = null
	sasl.login.class = null
	sasl.login.connect.timeout.ms = null
	sasl.login.read.timeout.ms = null
	sasl.login.refresh.buffer.seconds = 300
	sasl.login.refresh.min.period.seconds = 60
	sasl.login.refresh.window.factor = 0.8
	sasl.login.refresh.window.jitter = 0.05
	sasl.login.retry.backoff.max.ms = 10000
	sasl.login.retry.backoff.ms = 100
	sasl.mechanism = GSSAPI
	sasl.oauthbearer.clock.skew.seconds = 30
	sasl.oauthbearer.expected.audience = null
	sasl.oauthbearer.expected.issuer = null
	sasl.oauthbearer.header.urlencode = false
	sasl.oauthbearer.jwks.endpoint.refresh.ms = 3600000
	sasl.oauthbearer.jwks.endpoint.retry.backoff.max.ms = 10000
	sasl.oauthbearer.jwks.endpoint.retry.backoff.ms = 100
	sasl.oauthbearer.jwks.endpoint.url = null
	sasl.oauthbearer.scope.claim.name = scope
	sasl.oauthbearer.sub.claim.name = sub
	sasl.oauthbearer.token.endpoint.url = null
	security.protocol = PLAINTEXT
	security.providers = null
	send.buffer.bytes = 131072
	socket.connection.setup.timeout.max.ms = 30000
	socket.connection.setup.timeout.ms = 10000
	ssl.cipher.suites = null
	ssl.enabled.protocols = [TLSv1.2, TLSv1.3]
	ssl.endpoint.identification.algorithm = https
	ssl.engine.factory.class = null
	ssl.key.password = null
	ssl.keymanager.algorithm = SunX509
	ssl.keystore.certificate.chain = null
	ssl.keystore.key = null
	ssl.keystore.location = null
	ssl.keystore.password = null
	ssl.keystore.type = JKS
	ssl.protocol = TLSv1.3
	ssl.provider = null
	ssl.secure.random.implementation = null
	ssl.trustmanager.algorithm = PKIX
	ssl.truststore.certificates = null
	ssl.truststore.location = null
	ssl.truststore.password = null
	ssl.truststore.type = JKS
	transaction.timeout.ms = 60000
	transactional.id = null
	value.serializer = class io.confluent.kafka.serializers.KafkaAvroSerializer

2025-07-31 02:22:21,367 INFO  [org.apa.kaf.com.tel.int.KafkaMetricsCollector] (main) initializing Kafka metrics collector
2025-07-31 02:22:21,367 INFO  [io.con.kaf.ser.KafkaAvroSerializerConfig] (main) KafkaAvroSerializerConfig values: 
	auto.register.schemas = false
	avro.reflection.allow.null = false
	avro.remove.java.properties = false
	avro.use.logical.type.converters = false
	basic.auth.credentials.source = URL
	basic.auth.user.info = [hidden]
	bearer.auth.cache.expiry.buffer.seconds = 300
	bearer.auth.client.id = null
	bearer.auth.client.secret = null
	bearer.auth.credentials.source = STATIC_TOKEN
	bearer.auth.custom.provider.class = null
	bearer.auth.identity.pool.id = null
	bearer.auth.issuer.endpoint.url = null
	bearer.auth.logical.cluster = null
	bearer.auth.scope = null
	bearer.auth.scope.claim.name = scope
	bearer.auth.sub.claim.name = sub
	bearer.auth.token = [hidden]
	context.name.strategy = class io.confluent.kafka.serializers.context.NullContextNameStrategy
	http.connect.timeout.ms = 60000
	http.read.timeout.ms = 60000
	id.compatibility.strict = true
	key.subject.name.strategy = class io.confluent.kafka.serializers.subject.TopicNameStrategy
	latest.cache.size = 1000
	latest.cache.ttl.sec = -1
	latest.compatibility.strict = true
	max.retries = 3
	max.schemas.per.subject = 1000
	normalize.schemas = false
	propagate.schema.tags = false
	proxy.host = 
	proxy.port = -1
	retries.max.wait.ms = 20000
	retries.wait.ms = 1000
	rule.actions = []
	rule.executors = []
	rule.service.loader.enable = true
	schema.format = null
	schema.reflection = false
	schema.registry.basic.auth.user.info = [hidden]
	schema.registry.ssl.cipher.suites = null
	schema.registry.ssl.enabled.protocols = [TLSv1.2, TLSv1.3]
	schema.registry.ssl.endpoint.identification.algorithm = https
	schema.registry.ssl.engine.factory.class = null
	schema.registry.ssl.key.password = null
	schema.registry.ssl.keymanager.algorithm = SunX509
	schema.registry.ssl.keystore.certificate.chain = null
	schema.registry.ssl.keystore.key = null
	schema.registry.ssl.keystore.location = null
	schema.registry.ssl.keystore.password = null
	schema.registry.ssl.keystore.type = JKS
	schema.registry.ssl.protocol = TLSv1.3
	schema.registry.ssl.provider = null
	schema.registry.ssl.secure.random.implementation = null
	schema.registry.ssl.trustmanager.algorithm = PKIX
	schema.registry.ssl.truststore.certificates = null
	schema.registry.ssl.truststore.location = null
	schema.registry.ssl.truststore.password = null
	schema.registry.ssl.truststore.type = JKS
	schema.registry.url = [http://registry-app-inmemory.apps.ci419.apicurio-testing.org:80/apis/ccompat/v7]
	use.latest.version = false
	use.latest.with.metadata = null
	use.schema.id = -1
	value.subject.name.strategy = class io.confluent.kafka.serializers.subject.TopicNameStrategy

2025-07-31 02:22:21,369 INFO  [org.apa.kaf.cli.pro.KafkaProducer] (main) [Producer clientId=Producer-topic-34ae80cd_9838_4aa9_a5b5_110cbbf2dca5] Instantiated an idempotent producer.
2025-07-31 02:22:21,370 INFO  [org.apa.kaf.cli.pro.ProducerConfig] (main) These configurations '[schema.registry.url, auto.register.schemas, value.subject.name.strategy]' were supplied but are not used yet.
2025-07-31 02:22:21,370 INFO  [org.apa.kaf.com.uti.AppInfoParser] (main) Kafka version: 3.9.0
2025-07-31 02:22:21,370 INFO  [org.apa.kaf.com.uti.AppInfoParser] (main) Kafka commitId: 84caaa6e9da06435
2025-07-31 02:22:21,370 INFO  [org.apa.kaf.com.uti.AppInfoParser] (main) Kafka startTimeMs: 1753928541370
2025-07-31 02:22:21,370 INFO  [io.api.tes.ser.api.KafkaSerdesTester] (Thread-335) Sending message {"key1": "value-0"} to topic topic-34ae80cd_9838_4aa9_a5b5_110cbbf2dca5
2025-07-31 02:22:21,372 INFO  [org.apa.kaf.cli.Metadata] (kafka-producer-network-thread | Producer-topic-34ae80cd_9838_4aa9_a5b5_110cbbf2dca5) [Producer clientId=Producer-topic-34ae80cd_9838_4aa9_a5b5_110cbbf2dca5] Cluster ID: mFm4H5CuSae4mNeWY74G7g
2025-07-31 02:22:21,373 INFO  [org.apa.kaf.cli.pro.int.TransactionManager] (kafka-producer-network-thread | Producer-topic-34ae80cd_9838_4aa9_a5b5_110cbbf2dca5) [Producer clientId=Producer-topic-34ae80cd_9838_4aa9_a5b5_110cbbf2dca5] ProducerId set to 37 with epoch 0
2025-07-31 02:22:21,389 INFO  [org.apa.kaf.cli.pro.KafkaProducer] (Thread-335) [Producer clientId=Producer-topic-34ae80cd_9838_4aa9_a5b5_110cbbf2dca5] Closing the Kafka producer with timeoutMillis = 9223372036854775807 ms.
2025-07-31 02:22:21,390 INFO  [org.apa.kaf.com.met.Metrics] (Thread-335) Metrics scheduler closed
2025-07-31 02:22:21,390 INFO  [org.apa.kaf.com.met.Metrics] (Thread-335) Closing reporter org.apache.kafka.common.metrics.JmxReporter
2025-07-31 02:22:21,390 INFO  [org.apa.kaf.com.met.Metrics] (Thread-335) Closing reporter org.apache.kafka.common.telemetry.internals.ClientTelemetryReporter
2025-07-31 02:22:21,390 INFO  [org.apa.kaf.com.met.Metrics] (Thread-335) Metrics reporters closed
2025-07-31 02:22:21,391 INFO  [org.apa.kaf.com.uti.AppInfoParser] (Thread-335) App info kafka.producer for Producer-topic-34ae80cd_9838_4aa9_a5b5_110cbbf2dca5 unregistered
2025-07-31 02:22:21,410 INFO  [io.api.tes.ser.con.BasicConfluentSerDesIT] (main) Deleting confluent schema myrecordconfluent3
2025-07-31 02:22:21,421 INFO  [io.api.tes.uti.TestSeparator] (main) io.apicurio.tests.serdes.confluent.BasicConfluentSerDesIT.testAvroConfluentSerDesWrongStrategyTopic-FINISHED
2025-07-31 02:22:21,421 INFO  [io.api.tes.uti.TestSeparator] (main) ############################################################################
]]></system-out>
  </testcase>
  <testcase name="testAvroApicurioConfluent" classname="io.apicurio.tests.serdes.confluent.BasicConfluentSerDesIT" time="1.702">
    <system-out><![CDATA[2025-07-31 02:22:21,422 INFO  [io.api.tes.uti.TestSeparator] (main) ############################################################################
2025-07-31 02:22:21,422 INFO  [io.api.tes.uti.TestSeparator] (main) io.apicurio.tests.serdes.confluent.BasicConfluentSerDesIT.testAvroApicurioConfluent-STARTED
2025-07-31 02:22:22,456 INFO  [org.apa.kaf.cli.pro.ProducerConfig] (main) ProducerConfig values: 
	acks = -1
	auto.include.jmx.reporter = true
	batch.size = 16384
	bootstrap.servers = [PLAINTEXT://localhost:32770]
	buffer.memory = 33554432
	client.dns.lookup = use_all_dns_ips
	client.id = Producer-topic-02dacc23_6fbb_4af3_9944_9eaf94a1e01a
	compression.gzip.level = -1
	compression.lz4.level = 9
	compression.type = none
	compression.zstd.level = 3
	connections.max.idle.ms = 10000
	delivery.timeout.ms = 120000
	enable.idempotence = true
	enable.metrics.push = true
	interceptor.classes = []
	key.serializer = class org.apache.kafka.common.serialization.StringSerializer
	linger.ms = 0
	max.block.ms = 60000
	max.in.flight.requests.per.connection = 5
	max.request.size = 1048576
	metadata.max.age.ms = 300000
	metadata.max.idle.ms = 300000
	metadata.recovery.strategy = none
	metric.reporters = []
	metrics.num.samples = 2
	metrics.recording.level = INFO
	metrics.sample.window.ms = 30000
	partitioner.adaptive.partitioning.enable = true
	partitioner.availability.timeout.ms = 0
	partitioner.class = null
	partitioner.ignore.keys = false
	receive.buffer.bytes = 32768
	reconnect.backoff.max.ms = 1000
	reconnect.backoff.ms = 50
	request.timeout.ms = 5000
	retries = 2147483647
	retry.backoff.max.ms = 1000
	retry.backoff.ms = 100
	sasl.client.callback.handler.class = null
	sasl.jaas.config = null
	sasl.kerberos.kinit.cmd = /usr/bin/kinit
	sasl.kerberos.min.time.before.relogin = 60000
	sasl.kerberos.service.name = null
	sasl.kerberos.ticket.renew.jitter = 0.05
	sasl.kerberos.ticket.renew.window.factor = 0.8
	sasl.login.callback.handler.class = null
	sasl.login.class = null
	sasl.login.connect.timeout.ms = null
	sasl.login.read.timeout.ms = null
	sasl.login.refresh.buffer.seconds = 300
	sasl.login.refresh.min.period.seconds = 60
	sasl.login.refresh.window.factor = 0.8
	sasl.login.refresh.window.jitter = 0.05
	sasl.login.retry.backoff.max.ms = 10000
	sasl.login.retry.backoff.ms = 100
	sasl.mechanism = GSSAPI
	sasl.oauthbearer.clock.skew.seconds = 30
	sasl.oauthbearer.expected.audience = null
	sasl.oauthbearer.expected.issuer = null
	sasl.oauthbearer.header.urlencode = false
	sasl.oauthbearer.jwks.endpoint.refresh.ms = 3600000
	sasl.oauthbearer.jwks.endpoint.retry.backoff.max.ms = 10000
	sasl.oauthbearer.jwks.endpoint.retry.backoff.ms = 100
	sasl.oauthbearer.jwks.endpoint.url = null
	sasl.oauthbearer.scope.claim.name = scope
	sasl.oauthbearer.sub.claim.name = sub
	sasl.oauthbearer.token.endpoint.url = null
	security.protocol = PLAINTEXT
	security.providers = null
	send.buffer.bytes = 131072
	socket.connection.setup.timeout.max.ms = 30000
	socket.connection.setup.timeout.ms = 10000
	ssl.cipher.suites = null
	ssl.enabled.protocols = [TLSv1.2, TLSv1.3]
	ssl.endpoint.identification.algorithm = https
	ssl.engine.factory.class = null
	ssl.key.password = null
	ssl.keymanager.algorithm = SunX509
	ssl.keystore.certificate.chain = null
	ssl.keystore.key = null
	ssl.keystore.location = null
	ssl.keystore.password = null
	ssl.keystore.type = JKS
	ssl.protocol = TLSv1.3
	ssl.provider = null
	ssl.secure.random.implementation = null
	ssl.trustmanager.algorithm = PKIX
	ssl.truststore.certificates = null
	ssl.truststore.location = null
	ssl.truststore.password = null
	ssl.truststore.type = JKS
	transaction.timeout.ms = 60000
	transactional.id = null
	value.serializer = class io.apicurio.registry.serde.avro.AvroKafkaSerializer

2025-07-31 02:22:22,457 INFO  [org.apa.kaf.com.tel.int.KafkaMetricsCollector] (main) initializing Kafka metrics collector
2025-07-31 02:22:22,459 INFO  [org.apa.kaf.cli.pro.KafkaProducer] (main) [Producer clientId=Producer-topic-02dacc23_6fbb_4af3_9944_9eaf94a1e01a] Instantiated an idempotent producer.
2025-07-31 02:22:22,461 INFO  [org.apa.kaf.cli.pro.ProducerConfig] (main) These configurations '[apicurio.registry.url, apicurio.registry.artifact-resolver-strategy]' were supplied but are not used yet.
2025-07-31 02:22:22,461 INFO  [org.apa.kaf.com.uti.AppInfoParser] (main) Kafka version: 3.9.0
2025-07-31 02:22:22,461 INFO  [org.apa.kaf.com.uti.AppInfoParser] (main) Kafka commitId: 84caaa6e9da06435
2025-07-31 02:22:22,461 INFO  [org.apa.kaf.com.uti.AppInfoParser] (main) Kafka startTimeMs: 1753928542461
2025-07-31 02:22:22,461 INFO  [io.api.tes.ser.api.SimpleSerdesTesterBuilder$SimpleSerdesTester] (main) Using producer configuration: {apicurio.registry.url=http://registry-app-inmemory.apps.ci419.apicurio-testing.org:80/apis/registry/v3, apicurio.registry.artifact-resolver-strategy=io.apicurio.registry.serde.strategy.TopicIdStrategy, value.serializer=io.apicurio.registry.serde.avro.AvroKafkaSerializer, request.timeout.ms=5000, acks=all, bootstrap.servers=PLAINTEXT://localhost:32770, connections.max.idle.ms=10000, key.serializer=org.apache.kafka.common.serialization.StringSerializer, client.id=Producer-topic-02dacc23_6fbb_4af3_9944_9eaf94a1e01a}
2025-07-31 02:22:22,461 INFO  [io.api.tes.ser.api.SimpleSerdesTesterBuilder$SimpleSerdesTester] (main) Using consumer configuration: {}
2025-07-31 02:22:22,461 INFO  [io.api.tes.ser.api.KafkaSerdesTester] (Thread-338) Sending message {"key1": "value-0"} to topic topic-02dacc23_6fbb_4af3_9944_9eaf94a1e01a
2025-07-31 02:22:22,464 INFO  [org.apa.kaf.cli.Metadata] (kafka-producer-network-thread | Producer-topic-02dacc23_6fbb_4af3_9944_9eaf94a1e01a) [Producer clientId=Producer-topic-02dacc23_6fbb_4af3_9944_9eaf94a1e01a] Cluster ID: mFm4H5CuSae4mNeWY74G7g
2025-07-31 02:22:22,464 INFO  [org.apa.kaf.cli.pro.int.TransactionManager] (kafka-producer-network-thread | Producer-topic-02dacc23_6fbb_4af3_9944_9eaf94a1e01a) [Producer clientId=Producer-topic-02dacc23_6fbb_4af3_9944_9eaf94a1e01a] ProducerId set to 38 with epoch 0
2025-07-31 02:22:22,464 INFO  [DefaultSchemaResolver] (Thread-338) Retrieving schema content using string: {"type":"record","name":"myrecordconfluent1","fields":[{"name":"key1","type":"string"}]}
2025-07-31 02:22:22,494 INFO  [io.api.tes.ser.api.KafkaSerdesTester] (Thread-338) Sending message {"key1": "value-1"} to topic topic-02dacc23_6fbb_4af3_9944_9eaf94a1e01a
2025-07-31 02:22:22,496 INFO  [io.api.tes.ser.api.KafkaSerdesTester] (Thread-338) Sending message {"key1": "value-2"} to topic topic-02dacc23_6fbb_4af3_9944_9eaf94a1e01a
2025-07-31 02:22:22,500 INFO  [io.api.tes.ser.api.KafkaSerdesTester] (Thread-338) Sending message {"key1": "value-3"} to topic topic-02dacc23_6fbb_4af3_9944_9eaf94a1e01a
2025-07-31 02:22:22,502 INFO  [io.api.tes.ser.api.KafkaSerdesTester] (Thread-338) Sending message {"key1": "value-4"} to topic topic-02dacc23_6fbb_4af3_9944_9eaf94a1e01a
2025-07-31 02:22:22,504 INFO  [io.api.tes.ser.api.KafkaSerdesTester] (Thread-338) Sending message {"key1": "value-5"} to topic topic-02dacc23_6fbb_4af3_9944_9eaf94a1e01a
2025-07-31 02:22:22,506 INFO  [io.api.tes.ser.api.KafkaSerdesTester] (Thread-338) Sending message {"key1": "value-6"} to topic topic-02dacc23_6fbb_4af3_9944_9eaf94a1e01a
2025-07-31 02:22:22,509 INFO  [io.api.tes.ser.api.KafkaSerdesTester] (Thread-338) Sending message {"key1": "value-7"} to topic topic-02dacc23_6fbb_4af3_9944_9eaf94a1e01a
2025-07-31 02:22:22,513 INFO  [io.api.tes.ser.api.KafkaSerdesTester] (Thread-338) Sending message {"key1": "value-8"} to topic topic-02dacc23_6fbb_4af3_9944_9eaf94a1e01a
2025-07-31 02:22:22,519 INFO  [io.api.tes.ser.api.KafkaSerdesTester] (Thread-338) Sending message {"key1": "value-9"} to topic topic-02dacc23_6fbb_4af3_9944_9eaf94a1e01a
2025-07-31 02:22:22,520 INFO  [io.api.tes.ser.api.KafkaSerdesTester] (Thread-338) Produced 10 messages
2025-07-31 02:22:22,520 INFO  [org.apa.kaf.cli.pro.KafkaProducer] (Thread-338) [Producer clientId=Producer-topic-02dacc23_6fbb_4af3_9944_9eaf94a1e01a] Closing the Kafka producer with timeoutMillis = 9223372036854775807 ms.
2025-07-31 02:22:22,521 INFO  [org.apa.kaf.com.met.Metrics] (Thread-338) Metrics scheduler closed
2025-07-31 02:22:22,521 INFO  [org.apa.kaf.com.met.Metrics] (Thread-338) Closing reporter org.apache.kafka.common.metrics.JmxReporter
2025-07-31 02:22:22,522 INFO  [org.apa.kaf.com.met.Metrics] (Thread-338) Closing reporter org.apache.kafka.common.telemetry.internals.ClientTelemetryReporter
2025-07-31 02:22:22,522 INFO  [org.apa.kaf.com.met.Metrics] (Thread-338) Metrics reporters closed
2025-07-31 02:22:22,524 INFO  [org.apa.kaf.com.uti.AppInfoParser] (Thread-338) App info kafka.producer for Producer-topic-02dacc23_6fbb_4af3_9944_9eaf94a1e01a unregistered
2025-07-31 02:22:22,525 INFO  [org.apa.kaf.cli.con.ConsumerConfig] (main) ConsumerConfig values: 
	allow.auto.create.topics = true
	auto.commit.interval.ms = 500
	auto.include.jmx.reporter = true
	auto.offset.reset = earliest
	bootstrap.servers = [PLAINTEXT://localhost:32770]
	check.crcs = true
	client.dns.lookup = use_all_dns_ips
	client.id = consumer-Consumer-topic-02dacc23_6fbb_4af3_9944_9eaf94a1e01a-30
	client.rack = 
	connections.max.idle.ms = 10000
	default.api.timeout.ms = 60000
	enable.auto.commit = true
	enable.metrics.push = true
	exclude.internal.topics = true
	fetch.max.bytes = 52428800
	fetch.max.wait.ms = 500
	fetch.min.bytes = 1
	group.id = Consumer-topic-02dacc23_6fbb_4af3_9944_9eaf94a1e01a
	group.instance.id = null
	group.protocol = classic
	group.remote.assignor = null
	heartbeat.interval.ms = 3000
	interceptor.classes = []
	internal.leave.group.on.close = true
	internal.throw.on.fetch.stable.offset.unsupported = false
	isolation.level = read_uncommitted
	key.deserializer = class org.apache.kafka.common.serialization.StringDeserializer
	max.partition.fetch.bytes = 1048576
	max.poll.interval.ms = 300000
	max.poll.records = 500
	metadata.max.age.ms = 300000
	metadata.recovery.strategy = none
	metric.reporters = []
	metrics.num.samples = 2
	metrics.recording.level = INFO
	metrics.sample.window.ms = 30000
	partition.assignment.strategy = [class org.apache.kafka.clients.consumer.RangeAssignor, class org.apache.kafka.clients.consumer.CooperativeStickyAssignor]
	receive.buffer.bytes = 65536
	reconnect.backoff.max.ms = 1000
	reconnect.backoff.ms = 50
	request.timeout.ms = 5000
	retry.backoff.max.ms = 1000
	retry.backoff.ms = 100
	sasl.client.callback.handler.class = null
	sasl.jaas.config = null
	sasl.kerberos.kinit.cmd = /usr/bin/kinit
	sasl.kerberos.min.time.before.relogin = 60000
	sasl.kerberos.service.name = null
	sasl.kerberos.ticket.renew.jitter = 0.05
	sasl.kerberos.ticket.renew.window.factor = 0.8
	sasl.login.callback.handler.class = null
	sasl.login.class = null
	sasl.login.connect.timeout.ms = null
	sasl.login.read.timeout.ms = null
	sasl.login.refresh.buffer.seconds = 300
	sasl.login.refresh.min.period.seconds = 60
	sasl.login.refresh.window.factor = 0.8
	sasl.login.refresh.window.jitter = 0.05
	sasl.login.retry.backoff.max.ms = 10000
	sasl.login.retry.backoff.ms = 100
	sasl.mechanism = GSSAPI
	sasl.oauthbearer.clock.skew.seconds = 30
	sasl.oauthbearer.expected.audience = null
	sasl.oauthbearer.expected.issuer = null
	sasl.oauthbearer.header.urlencode = false
	sasl.oauthbearer.jwks.endpoint.refresh.ms = 3600000
	sasl.oauthbearer.jwks.endpoint.retry.backoff.max.ms = 10000
	sasl.oauthbearer.jwks.endpoint.retry.backoff.ms = 100
	sasl.oauthbearer.jwks.endpoint.url = null
	sasl.oauthbearer.scope.claim.name = scope
	sasl.oauthbearer.sub.claim.name = sub
	sasl.oauthbearer.token.endpoint.url = null
	security.protocol = PLAINTEXT
	security.providers = null
	send.buffer.bytes = 131072
	session.timeout.ms = 45000
	socket.connection.setup.timeout.max.ms = 30000
	socket.connection.setup.timeout.ms = 10000
	ssl.cipher.suites = null
	ssl.enabled.protocols = [TLSv1.2, TLSv1.3]
	ssl.endpoint.identification.algorithm = https
	ssl.engine.factory.class = null
	ssl.key.password = null
	ssl.keymanager.algorithm = SunX509
	ssl.keystore.certificate.chain = null
	ssl.keystore.key = null
	ssl.keystore.location = null
	ssl.keystore.password = null
	ssl.keystore.type = JKS
	ssl.protocol = TLSv1.3
	ssl.provider = null
	ssl.secure.random.implementation = null
	ssl.trustmanager.algorithm = PKIX
	ssl.truststore.certificates = null
	ssl.truststore.location = null
	ssl.truststore.password = null
	ssl.truststore.type = JKS
	value.deserializer = class io.confluent.kafka.serializers.KafkaAvroDeserializer

2025-07-31 02:22:22,527 INFO  [org.apa.kaf.com.tel.int.KafkaMetricsCollector] (main) initializing Kafka metrics collector
2025-07-31 02:22:22,527 INFO  [io.con.kaf.ser.KafkaAvroDeserializerConfig] (main) KafkaAvroDeserializerConfig values: 
	auto.register.schemas = true
	avro.reflection.allow.null = false
	avro.use.logical.type.converters = false
	basic.auth.credentials.source = URL
	basic.auth.user.info = [hidden]
	bearer.auth.cache.expiry.buffer.seconds = 300
	bearer.auth.client.id = null
	bearer.auth.client.secret = null
	bearer.auth.credentials.source = STATIC_TOKEN
	bearer.auth.custom.provider.class = null
	bearer.auth.identity.pool.id = null
	bearer.auth.issuer.endpoint.url = null
	bearer.auth.logical.cluster = null
	bearer.auth.scope = null
	bearer.auth.scope.claim.name = scope
	bearer.auth.sub.claim.name = sub
	bearer.auth.token = [hidden]
	context.name.strategy = class io.confluent.kafka.serializers.context.NullContextNameStrategy
	http.connect.timeout.ms = 60000
	http.read.timeout.ms = 60000
	id.compatibility.strict = true
	key.subject.name.strategy = class io.confluent.kafka.serializers.subject.TopicNameStrategy
	latest.cache.size = 1000
	latest.cache.ttl.sec = -1
	latest.compatibility.strict = true
	max.retries = 3
	max.schemas.per.subject = 1000
	normalize.schemas = false
	propagate.schema.tags = false
	proxy.host = 
	proxy.port = -1
	retries.max.wait.ms = 20000
	retries.wait.ms = 1000
	rule.actions = []
	rule.executors = []
	rule.service.loader.enable = true
	schema.format = null
	schema.reflection = false
	schema.registry.basic.auth.user.info = [hidden]
	schema.registry.ssl.cipher.suites = null
	schema.registry.ssl.enabled.protocols = [TLSv1.2, TLSv1.3]
	schema.registry.ssl.endpoint.identification.algorithm = https
	schema.registry.ssl.engine.factory.class = null
	schema.registry.ssl.key.password = null
	schema.registry.ssl.keymanager.algorithm = SunX509
	schema.registry.ssl.keystore.certificate.chain = null
	schema.registry.ssl.keystore.key = null
	schema.registry.ssl.keystore.location = null
	schema.registry.ssl.keystore.password = null
	schema.registry.ssl.keystore.type = JKS
	schema.registry.ssl.protocol = TLSv1.3
	schema.registry.ssl.provider = null
	schema.registry.ssl.secure.random.implementation = null
	schema.registry.ssl.trustmanager.algorithm = PKIX
	schema.registry.ssl.truststore.certificates = null
	schema.registry.ssl.truststore.location = null
	schema.registry.ssl.truststore.password = null
	schema.registry.ssl.truststore.type = JKS
	schema.registry.url = [http://registry-app-inmemory.apps.ci419.apicurio-testing.org:80/apis/ccompat/v7]
	specific.avro.key.type = null
	specific.avro.reader = false
	specific.avro.value.type = null
	use.latest.version = false
	use.latest.with.metadata = null
	use.schema.id = -1
	value.subject.name.strategy = class io.confluent.kafka.serializers.subject.TopicNameStrategy

2025-07-31 02:22:22,527 INFO  [io.con.kaf.ser.KafkaAvroDeserializerConfig] (main) KafkaAvroDeserializerConfig values: 
	auto.register.schemas = true
	avro.reflection.allow.null = false
	avro.use.logical.type.converters = false
	basic.auth.credentials.source = URL
	basic.auth.user.info = [hidden]
	bearer.auth.cache.expiry.buffer.seconds = 300
	bearer.auth.client.id = null
	bearer.auth.client.secret = null
	bearer.auth.credentials.source = STATIC_TOKEN
	bearer.auth.custom.provider.class = null
	bearer.auth.identity.pool.id = null
	bearer.auth.issuer.endpoint.url = null
	bearer.auth.logical.cluster = null
	bearer.auth.scope = null
	bearer.auth.scope.claim.name = scope
	bearer.auth.sub.claim.name = sub
	bearer.auth.token = [hidden]
	context.name.strategy = class io.confluent.kafka.serializers.context.NullContextNameStrategy
	http.connect.timeout.ms = 60000
	http.read.timeout.ms = 60000
	id.compatibility.strict = true
	key.subject.name.strategy = class io.confluent.kafka.serializers.subject.TopicNameStrategy
	latest.cache.size = 1000
	latest.cache.ttl.sec = -1
	latest.compatibility.strict = true
	max.retries = 3
	max.schemas.per.subject = 1000
	normalize.schemas = false
	propagate.schema.tags = false
	proxy.host = 
	proxy.port = -1
	retries.max.wait.ms = 20000
	retries.wait.ms = 1000
	rule.actions = []
	rule.executors = []
	rule.service.loader.enable = true
	schema.format = null
	schema.reflection = false
	schema.registry.basic.auth.user.info = [hidden]
	schema.registry.ssl.cipher.suites = null
	schema.registry.ssl.enabled.protocols = [TLSv1.2, TLSv1.3]
	schema.registry.ssl.endpoint.identification.algorithm = https
	schema.registry.ssl.engine.factory.class = null
	schema.registry.ssl.key.password = null
	schema.registry.ssl.keymanager.algorithm = SunX509
	schema.registry.ssl.keystore.certificate.chain = null
	schema.registry.ssl.keystore.key = null
	schema.registry.ssl.keystore.location = null
	schema.registry.ssl.keystore.password = null
	schema.registry.ssl.keystore.type = JKS
	schema.registry.ssl.protocol = TLSv1.3
	schema.registry.ssl.provider = null
	schema.registry.ssl.secure.random.implementation = null
	schema.registry.ssl.trustmanager.algorithm = PKIX
	schema.registry.ssl.truststore.certificates = null
	schema.registry.ssl.truststore.location = null
	schema.registry.ssl.truststore.password = null
	schema.registry.ssl.truststore.type = JKS
	schema.registry.url = [http://registry-app-inmemory.apps.ci419.apicurio-testing.org:80/apis/ccompat/v7]
	specific.avro.key.type = null
	specific.avro.reader = false
	specific.avro.value.type = null
	use.latest.version = false
	use.latest.with.metadata = null
	use.schema.id = -1
	value.subject.name.strategy = class io.confluent.kafka.serializers.subject.TopicNameStrategy

2025-07-31 02:22:22,540 INFO  [org.apa.kaf.cli.con.ConsumerConfig] (main) These configurations '[schema.registry.url]' were supplied but are not used yet.
2025-07-31 02:22:22,540 INFO  [org.apa.kaf.com.uti.AppInfoParser] (main) Kafka version: 3.9.0
2025-07-31 02:22:22,540 INFO  [org.apa.kaf.com.uti.AppInfoParser] (main) Kafka commitId: 84caaa6e9da06435
2025-07-31 02:22:22,540 INFO  [org.apa.kaf.com.uti.AppInfoParser] (main) Kafka startTimeMs: 1753928542540
2025-07-31 02:22:22,546 INFO  [org.apa.kaf.cli.con.int.ClassicKafkaConsumer] (Thread-339) [Consumer clientId=consumer-Consumer-topic-02dacc23_6fbb_4af3_9944_9eaf94a1e01a-30, groupId=Consumer-topic-02dacc23_6fbb_4af3_9944_9eaf94a1e01a] Subscribed to topic(s): topic-02dacc23_6fbb_4af3_9944_9eaf94a1e01a
2025-07-31 02:22:22,553 INFO  [org.apa.kaf.cli.Metadata] (Thread-339) [Consumer clientId=consumer-Consumer-topic-02dacc23_6fbb_4af3_9944_9eaf94a1e01a-30, groupId=Consumer-topic-02dacc23_6fbb_4af3_9944_9eaf94a1e01a] Cluster ID: mFm4H5CuSae4mNeWY74G7g
2025-07-31 02:22:22,555 INFO  [org.apa.kaf.cli.con.int.ConsumerCoordinator] (Thread-339) [Consumer clientId=consumer-Consumer-topic-02dacc23_6fbb_4af3_9944_9eaf94a1e01a-30, groupId=Consumer-topic-02dacc23_6fbb_4af3_9944_9eaf94a1e01a] Discovered group coordinator localhost:32770 (id: 2147483647 rack: null)
2025-07-31 02:22:22,556 INFO  [org.apa.kaf.cli.con.int.ConsumerCoordinator] (Thread-339) [Consumer clientId=consumer-Consumer-topic-02dacc23_6fbb_4af3_9944_9eaf94a1e01a-30, groupId=Consumer-topic-02dacc23_6fbb_4af3_9944_9eaf94a1e01a] (Re-)joining group
2025-07-31 02:22:22,560 INFO  [org.apa.kaf.cli.con.int.ConsumerCoordinator] (Thread-339) [Consumer clientId=consumer-Consumer-topic-02dacc23_6fbb_4af3_9944_9eaf94a1e01a-30, groupId=Consumer-topic-02dacc23_6fbb_4af3_9944_9eaf94a1e01a] Request joining group due to: need to re-join with the given member-id: consumer-Consumer-topic-02dacc23_6fbb_4af3_9944_9eaf94a1e01a-30-ca1efb40-e031-4d15-84ea-747116464f17
2025-07-31 02:22:22,560 INFO  [org.apa.kaf.cli.con.int.ConsumerCoordinator] (Thread-339) [Consumer clientId=consumer-Consumer-topic-02dacc23_6fbb_4af3_9944_9eaf94a1e01a-30, groupId=Consumer-topic-02dacc23_6fbb_4af3_9944_9eaf94a1e01a] (Re-)joining group
2025-07-31 02:22:22,562 INFO  [org.apa.kaf.cli.con.int.ConsumerCoordinator] (Thread-339) [Consumer clientId=consumer-Consumer-topic-02dacc23_6fbb_4af3_9944_9eaf94a1e01a-30, groupId=Consumer-topic-02dacc23_6fbb_4af3_9944_9eaf94a1e01a] Successfully joined group with generation Generation{generationId=1, memberId='consumer-Consumer-topic-02dacc23_6fbb_4af3_9944_9eaf94a1e01a-30-ca1efb40-e031-4d15-84ea-747116464f17', protocol='range'}
2025-07-31 02:22:22,562 INFO  [org.apa.kaf.cli.con.int.ConsumerCoordinator] (Thread-339) [Consumer clientId=consumer-Consumer-topic-02dacc23_6fbb_4af3_9944_9eaf94a1e01a-30, groupId=Consumer-topic-02dacc23_6fbb_4af3_9944_9eaf94a1e01a] Finished assignment for group at generation 1: {consumer-Consumer-topic-02dacc23_6fbb_4af3_9944_9eaf94a1e01a-30-ca1efb40-e031-4d15-84ea-747116464f17=Assignment(partitions=[topic-02dacc23_6fbb_4af3_9944_9eaf94a1e01a-0])}
2025-07-31 02:22:22,565 INFO  [org.apa.kaf.cli.con.int.ConsumerCoordinator] (Thread-339) [Consumer clientId=consumer-Consumer-topic-02dacc23_6fbb_4af3_9944_9eaf94a1e01a-30, groupId=Consumer-topic-02dacc23_6fbb_4af3_9944_9eaf94a1e01a] Successfully synced group in generation Generation{generationId=1, memberId='consumer-Consumer-topic-02dacc23_6fbb_4af3_9944_9eaf94a1e01a-30-ca1efb40-e031-4d15-84ea-747116464f17', protocol='range'}
2025-07-31 02:22:22,565 INFO  [org.apa.kaf.cli.con.int.ConsumerCoordinator] (Thread-339) [Consumer clientId=consumer-Consumer-topic-02dacc23_6fbb_4af3_9944_9eaf94a1e01a-30, groupId=Consumer-topic-02dacc23_6fbb_4af3_9944_9eaf94a1e01a] Notifying assignor about the new Assignment(partitions=[topic-02dacc23_6fbb_4af3_9944_9eaf94a1e01a-0])
2025-07-31 02:22:22,565 INFO  [org.apa.kaf.cli.con.int.ConsumerRebalanceListenerInvoker] (Thread-339) [Consumer clientId=consumer-Consumer-topic-02dacc23_6fbb_4af3_9944_9eaf94a1e01a-30, groupId=Consumer-topic-02dacc23_6fbb_4af3_9944_9eaf94a1e01a] Adding newly assigned partitions: topic-02dacc23_6fbb_4af3_9944_9eaf94a1e01a-0
2025-07-31 02:22:22,566 INFO  [org.apa.kaf.cli.con.int.ConsumerCoordinator] (Thread-339) [Consumer clientId=consumer-Consumer-topic-02dacc23_6fbb_4af3_9944_9eaf94a1e01a-30, groupId=Consumer-topic-02dacc23_6fbb_4af3_9944_9eaf94a1e01a] Found no committed offset for partition topic-02dacc23_6fbb_4af3_9944_9eaf94a1e01a-0
2025-07-31 02:22:22,569 INFO  [org.apa.kaf.cli.con.int.SubscriptionState] (Thread-339) [Consumer clientId=consumer-Consumer-topic-02dacc23_6fbb_4af3_9944_9eaf94a1e01a-30, groupId=Consumer-topic-02dacc23_6fbb_4af3_9944_9eaf94a1e01a] Resetting offset for partition topic-02dacc23_6fbb_4af3_9944_9eaf94a1e01a-0 to position FetchPosition{offset=0, offsetEpoch=Optional.empty, currentLeader=LeaderAndEpoch{leader=Optional[localhost:32770 (id: 0 rack: null)], epoch=0}}.
2025-07-31 02:22:22,590 INFO  [io.api.tes.ser.api.KafkaSerdesTester] (Thread-339) topic-02dacc23_6fbb_4af3_9944_9eaf94a1e01a 0 0 {"key1": "value-0"}
2025-07-31 02:22:22,590 INFO  [io.api.tes.ser.api.KafkaSerdesTester] (Thread-339) topic-02dacc23_6fbb_4af3_9944_9eaf94a1e01a 0 1 {"key1": "value-1"}
2025-07-31 02:22:22,590 INFO  [io.api.tes.ser.api.KafkaSerdesTester] (Thread-339) topic-02dacc23_6fbb_4af3_9944_9eaf94a1e01a 0 2 {"key1": "value-2"}
2025-07-31 02:22:22,590 INFO  [io.api.tes.ser.api.KafkaSerdesTester] (Thread-339) topic-02dacc23_6fbb_4af3_9944_9eaf94a1e01a 0 3 {"key1": "value-3"}
2025-07-31 02:22:22,590 INFO  [io.api.tes.ser.api.KafkaSerdesTester] (Thread-339) topic-02dacc23_6fbb_4af3_9944_9eaf94a1e01a 0 4 {"key1": "value-4"}
2025-07-31 02:22:22,590 INFO  [io.api.tes.ser.api.KafkaSerdesTester] (Thread-339) topic-02dacc23_6fbb_4af3_9944_9eaf94a1e01a 0 5 {"key1": "value-5"}
2025-07-31 02:22:22,590 INFO  [io.api.tes.ser.api.KafkaSerdesTester] (Thread-339) topic-02dacc23_6fbb_4af3_9944_9eaf94a1e01a 0 6 {"key1": "value-6"}
2025-07-31 02:22:22,590 INFO  [io.api.tes.ser.api.KafkaSerdesTester] (Thread-339) topic-02dacc23_6fbb_4af3_9944_9eaf94a1e01a 0 7 {"key1": "value-7"}
2025-07-31 02:22:22,590 INFO  [io.api.tes.ser.api.KafkaSerdesTester] (Thread-339) topic-02dacc23_6fbb_4af3_9944_9eaf94a1e01a 0 8 {"key1": "value-8"}
2025-07-31 02:22:22,590 INFO  [io.api.tes.ser.api.KafkaSerdesTester] (Thread-339) topic-02dacc23_6fbb_4af3_9944_9eaf94a1e01a 0 9 {"key1": "value-9"}
2025-07-31 02:22:22,590 INFO  [io.api.tes.ser.api.KafkaSerdesTester] (Thread-339) Consumed 10 messages
2025-07-31 02:22:22,592 INFO  [org.apa.kaf.cli.con.int.ConsumerRebalanceListenerInvoker] (Thread-339) [Consumer clientId=consumer-Consumer-topic-02dacc23_6fbb_4af3_9944_9eaf94a1e01a-30, groupId=Consumer-topic-02dacc23_6fbb_4af3_9944_9eaf94a1e01a] Revoke previously assigned partitions topic-02dacc23_6fbb_4af3_9944_9eaf94a1e01a-0
2025-07-31 02:22:22,592 INFO  [org.apa.kaf.cli.con.int.ConsumerCoordinator] (Thread-339) [Consumer clientId=consumer-Consumer-topic-02dacc23_6fbb_4af3_9944_9eaf94a1e01a-30, groupId=Consumer-topic-02dacc23_6fbb_4af3_9944_9eaf94a1e01a] Member consumer-Consumer-topic-02dacc23_6fbb_4af3_9944_9eaf94a1e01a-30-ca1efb40-e031-4d15-84ea-747116464f17 sending LeaveGroup request to coordinator localhost:32770 (id: 2147483647 rack: null) due to the consumer is being closed
2025-07-31 02:22:22,593 INFO  [org.apa.kaf.cli.con.int.ConsumerCoordinator] (Thread-339) [Consumer clientId=consumer-Consumer-topic-02dacc23_6fbb_4af3_9944_9eaf94a1e01a-30, groupId=Consumer-topic-02dacc23_6fbb_4af3_9944_9eaf94a1e01a] Resetting generation and member id due to: consumer pro-actively leaving the group
2025-07-31 02:22:22,593 INFO  [org.apa.kaf.cli.con.int.ConsumerCoordinator] (Thread-339) [Consumer clientId=consumer-Consumer-topic-02dacc23_6fbb_4af3_9944_9eaf94a1e01a-30, groupId=Consumer-topic-02dacc23_6fbb_4af3_9944_9eaf94a1e01a] Request joining group due to: consumer pro-actively leaving the group
2025-07-31 02:22:23,090 INFO  [org.apa.kaf.com.met.Metrics] (Thread-339) Metrics scheduler closed
2025-07-31 02:22:23,090 INFO  [org.apa.kaf.com.met.Metrics] (Thread-339) Closing reporter org.apache.kafka.common.metrics.JmxReporter
2025-07-31 02:22:23,090 INFO  [org.apa.kaf.com.met.Metrics] (Thread-339) Closing reporter org.apache.kafka.common.telemetry.internals.ClientTelemetryReporter
2025-07-31 02:22:23,090 INFO  [org.apa.kaf.com.met.Metrics] (Thread-339) Metrics reporters closed
2025-07-31 02:22:23,091 INFO  [org.apa.kaf.com.uti.AppInfoParser] (Thread-339) App info kafka.consumer for consumer-Consumer-topic-02dacc23_6fbb_4af3_9944_9eaf94a1e01a-30 unregistered
2025-07-31 02:22:23,112 INFO  [io.api.tes.ser.con.BasicConfluentSerDesIT] (main) Deleting confluent schema topic-02dacc23_6fbb_4af3_9944_9eaf94a1e01a-value
2025-07-31 02:22:23,123 INFO  [io.api.tes.uti.TestSeparator] (main) io.apicurio.tests.serdes.confluent.BasicConfluentSerDesIT.testAvroApicurioConfluent-FINISHED
2025-07-31 02:22:23,123 INFO  [io.api.tes.uti.TestSeparator] (main) ############################################################################
]]></system-out>
  </testcase>
  <testcase name="testAvroConfluentSerDesFail" classname="io.apicurio.tests.serdes.confluent.BasicConfluentSerDesIT" time="0.126">
    <system-out><![CDATA[2025-07-31 02:22:23,124 INFO  [io.api.tes.uti.TestSeparator] (main) ############################################################################
2025-07-31 02:22:23,124 INFO  [io.api.tes.uti.TestSeparator] (main) io.apicurio.tests.serdes.confluent.BasicConfluentSerDesIT.testAvroConfluentSerDesFail-STARTED
2025-07-31 02:22:23,159 INFO  [io.api.tes.ser.con.BasicConfluentSerDesIT] (main) Checking that created schema is equal to the get schema
2025-07-31 02:22:23,174 INFO  [io.api.tes.ser.con.BasicConfluentSerDesIT] (main) Created schema with id:49 and name:myrecordconfluent2
2025-07-31 02:22:23,176 INFO  [org.apa.kaf.cli.pro.ProducerConfig] (main) ProducerConfig values: 
	acks = -1
	auto.include.jmx.reporter = true
	batch.size = 16384
	bootstrap.servers = [PLAINTEXT://localhost:32770]
	buffer.memory = 33554432
	client.dns.lookup = use_all_dns_ips
	client.id = Producer-topic-e940cae7_23d7_4fce_afc6_e5f47d9cd3c3
	compression.gzip.level = -1
	compression.lz4.level = 9
	compression.type = none
	compression.zstd.level = 3
	connections.max.idle.ms = 10000
	delivery.timeout.ms = 120000
	enable.idempotence = true
	enable.metrics.push = true
	interceptor.classes = []
	key.serializer = class org.apache.kafka.common.serialization.StringSerializer
	linger.ms = 0
	max.block.ms = 60000
	max.in.flight.requests.per.connection = 5
	max.request.size = 1048576
	metadata.max.age.ms = 300000
	metadata.max.idle.ms = 300000
	metadata.recovery.strategy = none
	metric.reporters = []
	metrics.num.samples = 2
	metrics.recording.level = INFO
	metrics.sample.window.ms = 30000
	partitioner.adaptive.partitioning.enable = true
	partitioner.availability.timeout.ms = 0
	partitioner.class = null
	partitioner.ignore.keys = false
	receive.buffer.bytes = 32768
	reconnect.backoff.max.ms = 1000
	reconnect.backoff.ms = 50
	request.timeout.ms = 5000
	retries = 2147483647
	retry.backoff.max.ms = 1000
	retry.backoff.ms = 100
	sasl.client.callback.handler.class = null
	sasl.jaas.config = null
	sasl.kerberos.kinit.cmd = /usr/bin/kinit
	sasl.kerberos.min.time.before.relogin = 60000
	sasl.kerberos.service.name = null
	sasl.kerberos.ticket.renew.jitter = 0.05
	sasl.kerberos.ticket.renew.window.factor = 0.8
	sasl.login.callback.handler.class = null
	sasl.login.class = null
	sasl.login.connect.timeout.ms = null
	sasl.login.read.timeout.ms = null
	sasl.login.refresh.buffer.seconds = 300
	sasl.login.refresh.min.period.seconds = 60
	sasl.login.refresh.window.factor = 0.8
	sasl.login.refresh.window.jitter = 0.05
	sasl.login.retry.backoff.max.ms = 10000
	sasl.login.retry.backoff.ms = 100
	sasl.mechanism = GSSAPI
	sasl.oauthbearer.clock.skew.seconds = 30
	sasl.oauthbearer.expected.audience = null
	sasl.oauthbearer.expected.issuer = null
	sasl.oauthbearer.header.urlencode = false
	sasl.oauthbearer.jwks.endpoint.refresh.ms = 3600000
	sasl.oauthbearer.jwks.endpoint.retry.backoff.max.ms = 10000
	sasl.oauthbearer.jwks.endpoint.retry.backoff.ms = 100
	sasl.oauthbearer.jwks.endpoint.url = null
	sasl.oauthbearer.scope.claim.name = scope
	sasl.oauthbearer.sub.claim.name = sub
	sasl.oauthbearer.token.endpoint.url = null
	security.protocol = PLAINTEXT
	security.providers = null
	send.buffer.bytes = 131072
	socket.connection.setup.timeout.max.ms = 30000
	socket.connection.setup.timeout.ms = 10000
	ssl.cipher.suites = null
	ssl.enabled.protocols = [TLSv1.2, TLSv1.3]
	ssl.endpoint.identification.algorithm = https
	ssl.engine.factory.class = null
	ssl.key.password = null
	ssl.keymanager.algorithm = SunX509
	ssl.keystore.certificate.chain = null
	ssl.keystore.key = null
	ssl.keystore.location = null
	ssl.keystore.password = null
	ssl.keystore.type = JKS
	ssl.protocol = TLSv1.3
	ssl.provider = null
	ssl.secure.random.implementation = null
	ssl.trustmanager.algorithm = PKIX
	ssl.truststore.certificates = null
	ssl.truststore.location = null
	ssl.truststore.password = null
	ssl.truststore.type = JKS
	transaction.timeout.ms = 60000
	transactional.id = null
	value.serializer = class io.confluent.kafka.serializers.KafkaAvroSerializer

2025-07-31 02:22:23,176 INFO  [org.apa.kaf.com.tel.int.KafkaMetricsCollector] (main) initializing Kafka metrics collector
2025-07-31 02:22:23,176 INFO  [io.con.kaf.ser.KafkaAvroSerializerConfig] (main) KafkaAvroSerializerConfig values: 
	auto.register.schemas = false
	avro.reflection.allow.null = false
	avro.remove.java.properties = false
	avro.use.logical.type.converters = false
	basic.auth.credentials.source = URL
	basic.auth.user.info = [hidden]
	bearer.auth.cache.expiry.buffer.seconds = 300
	bearer.auth.client.id = null
	bearer.auth.client.secret = null
	bearer.auth.credentials.source = STATIC_TOKEN
	bearer.auth.custom.provider.class = null
	bearer.auth.identity.pool.id = null
	bearer.auth.issuer.endpoint.url = null
	bearer.auth.logical.cluster = null
	bearer.auth.scope = null
	bearer.auth.scope.claim.name = scope
	bearer.auth.sub.claim.name = sub
	bearer.auth.token = [hidden]
	context.name.strategy = class io.confluent.kafka.serializers.context.NullContextNameStrategy
	http.connect.timeout.ms = 60000
	http.read.timeout.ms = 60000
	id.compatibility.strict = true
	key.subject.name.strategy = class io.confluent.kafka.serializers.subject.TopicNameStrategy
	latest.cache.size = 1000
	latest.cache.ttl.sec = -1
	latest.compatibility.strict = true
	max.retries = 3
	max.schemas.per.subject = 1000
	normalize.schemas = false
	propagate.schema.tags = false
	proxy.host = 
	proxy.port = -1
	retries.max.wait.ms = 20000
	retries.wait.ms = 1000
	rule.actions = []
	rule.executors = []
	rule.service.loader.enable = true
	schema.format = null
	schema.reflection = false
	schema.registry.basic.auth.user.info = [hidden]
	schema.registry.ssl.cipher.suites = null
	schema.registry.ssl.enabled.protocols = [TLSv1.2, TLSv1.3]
	schema.registry.ssl.endpoint.identification.algorithm = https
	schema.registry.ssl.engine.factory.class = null
	schema.registry.ssl.key.password = null
	schema.registry.ssl.keymanager.algorithm = SunX509
	schema.registry.ssl.keystore.certificate.chain = null
	schema.registry.ssl.keystore.key = null
	schema.registry.ssl.keystore.location = null
	schema.registry.ssl.keystore.password = null
	schema.registry.ssl.keystore.type = JKS
	schema.registry.ssl.protocol = TLSv1.3
	schema.registry.ssl.provider = null
	schema.registry.ssl.secure.random.implementation = null
	schema.registry.ssl.trustmanager.algorithm = PKIX
	schema.registry.ssl.truststore.certificates = null
	schema.registry.ssl.truststore.location = null
	schema.registry.ssl.truststore.password = null
	schema.registry.ssl.truststore.type = JKS
	schema.registry.url = [http://registry-app-inmemory.apps.ci419.apicurio-testing.org:80/apis/ccompat/v7]
	use.latest.version = false
	use.latest.with.metadata = null
	use.schema.id = -1
	value.subject.name.strategy = class io.confluent.kafka.serializers.subject.RecordNameStrategy

2025-07-31 02:22:23,182 INFO  [org.apa.kaf.cli.pro.KafkaProducer] (main) [Producer clientId=Producer-topic-e940cae7_23d7_4fce_afc6_e5f47d9cd3c3] Instantiated an idempotent producer.
2025-07-31 02:22:23,185 INFO  [org.apa.kaf.cli.pro.ProducerConfig] (main) These configurations '[schema.registry.url, auto.register.schemas, value.subject.name.strategy]' were supplied but are not used yet.
2025-07-31 02:22:23,185 INFO  [org.apa.kaf.com.uti.AppInfoParser] (main) Kafka version: 3.9.0
2025-07-31 02:22:23,185 INFO  [org.apa.kaf.com.uti.AppInfoParser] (main) Kafka commitId: 84caaa6e9da06435
2025-07-31 02:22:23,185 INFO  [org.apa.kaf.com.uti.AppInfoParser] (main) Kafka startTimeMs: 1753928543185
2025-07-31 02:22:23,187 INFO  [io.api.tes.ser.api.KafkaSerdesTester] (Thread-340) Sending message {"wrongkey": "value-0"} to topic topic-e940cae7_23d7_4fce_afc6_e5f47d9cd3c3
2025-07-31 02:22:23,192 INFO  [org.apa.kaf.cli.Metadata] (kafka-producer-network-thread | Producer-topic-e940cae7_23d7_4fce_afc6_e5f47d9cd3c3) [Producer clientId=Producer-topic-e940cae7_23d7_4fce_afc6_e5f47d9cd3c3] Cluster ID: mFm4H5CuSae4mNeWY74G7g
2025-07-31 02:22:23,194 INFO  [org.apa.kaf.cli.pro.int.TransactionManager] (kafka-producer-network-thread | Producer-topic-e940cae7_23d7_4fce_afc6_e5f47d9cd3c3) [Producer clientId=Producer-topic-e940cae7_23d7_4fce_afc6_e5f47d9cd3c3] ProducerId set to 39 with epoch 0
2025-07-31 02:22:23,204 INFO  [org.apa.kaf.cli.pro.KafkaProducer] (Thread-340) [Producer clientId=Producer-topic-e940cae7_23d7_4fce_afc6_e5f47d9cd3c3] Closing the Kafka producer with timeoutMillis = 9223372036854775807 ms.
2025-07-31 02:22:23,207 INFO  [org.apa.kaf.com.met.Metrics] (Thread-340) Metrics scheduler closed
2025-07-31 02:22:23,207 INFO  [org.apa.kaf.com.met.Metrics] (Thread-340) Closing reporter org.apache.kafka.common.metrics.JmxReporter
2025-07-31 02:22:23,207 INFO  [org.apa.kaf.com.met.Metrics] (Thread-340) Closing reporter org.apache.kafka.common.telemetry.internals.ClientTelemetryReporter
2025-07-31 02:22:23,207 INFO  [org.apa.kaf.com.met.Metrics] (Thread-340) Metrics reporters closed
2025-07-31 02:22:23,207 INFO  [org.apa.kaf.com.uti.AppInfoParser] (Thread-340) App info kafka.producer for Producer-topic-e940cae7_23d7_4fce_afc6_e5f47d9cd3c3 unregistered
2025-07-31 02:22:23,225 INFO  [io.api.tes.ser.con.BasicConfluentSerDesIT] (main) Deleting confluent schema myrecordconfluent2
2025-07-31 02:22:23,249 INFO  [io.api.tes.uti.TestSeparator] (main) io.apicurio.tests.serdes.confluent.BasicConfluentSerDesIT.testAvroConfluentSerDesFail-FINISHED
2025-07-31 02:22:23,249 INFO  [io.api.tes.uti.TestSeparator] (main) ############################################################################
]]></system-out>
  </testcase>
  <testcase name="testAvroConfluentSerDesWrongStrategyRecord" classname="io.apicurio.tests.serdes.confluent.BasicConfluentSerDesIT" time="0.102">
    <system-out><![CDATA[2025-07-31 02:22:23,251 INFO  [io.api.tes.uti.TestSeparator] (main) ############################################################################
2025-07-31 02:22:23,251 INFO  [io.api.tes.uti.TestSeparator] (main) io.apicurio.tests.serdes.confluent.BasicConfluentSerDesIT.testAvroConfluentSerDesWrongStrategyRecord-STARTED
2025-07-31 02:22:23,279 INFO  [io.api.tes.ser.con.BasicConfluentSerDesIT] (main) Checking that created schema is equal to the get schema
2025-07-31 02:22:23,292 INFO  [io.api.tes.ser.con.BasicConfluentSerDesIT] (main) Created schema with id:50 and name:myrecordconfluent4
2025-07-31 02:22:23,293 INFO  [org.apa.kaf.cli.pro.ProducerConfig] (main) ProducerConfig values: 
	acks = -1
	auto.include.jmx.reporter = true
	batch.size = 16384
	bootstrap.servers = [PLAINTEXT://localhost:32770]
	buffer.memory = 33554432
	client.dns.lookup = use_all_dns_ips
	client.id = Producer-topic-c077ebda_a4f9_4724_ba7c_b379764da1d8
	compression.gzip.level = -1
	compression.lz4.level = 9
	compression.type = none
	compression.zstd.level = 3
	connections.max.idle.ms = 10000
	delivery.timeout.ms = 120000
	enable.idempotence = true
	enable.metrics.push = true
	interceptor.classes = []
	key.serializer = class org.apache.kafka.common.serialization.StringSerializer
	linger.ms = 0
	max.block.ms = 60000
	max.in.flight.requests.per.connection = 5
	max.request.size = 1048576
	metadata.max.age.ms = 300000
	metadata.max.idle.ms = 300000
	metadata.recovery.strategy = none
	metric.reporters = []
	metrics.num.samples = 2
	metrics.recording.level = INFO
	metrics.sample.window.ms = 30000
	partitioner.adaptive.partitioning.enable = true
	partitioner.availability.timeout.ms = 0
	partitioner.class = null
	partitioner.ignore.keys = false
	receive.buffer.bytes = 32768
	reconnect.backoff.max.ms = 1000
	reconnect.backoff.ms = 50
	request.timeout.ms = 5000
	retries = 2147483647
	retry.backoff.max.ms = 1000
	retry.backoff.ms = 100
	sasl.client.callback.handler.class = null
	sasl.jaas.config = null
	sasl.kerberos.kinit.cmd = /usr/bin/kinit
	sasl.kerberos.min.time.before.relogin = 60000
	sasl.kerberos.service.name = null
	sasl.kerberos.ticket.renew.jitter = 0.05
	sasl.kerberos.ticket.renew.window.factor = 0.8
	sasl.login.callback.handler.class = null
	sasl.login.class = null
	sasl.login.connect.timeout.ms = null
	sasl.login.read.timeout.ms = null
	sasl.login.refresh.buffer.seconds = 300
	sasl.login.refresh.min.period.seconds = 60
	sasl.login.refresh.window.factor = 0.8
	sasl.login.refresh.window.jitter = 0.05
	sasl.login.retry.backoff.max.ms = 10000
	sasl.login.retry.backoff.ms = 100
	sasl.mechanism = GSSAPI
	sasl.oauthbearer.clock.skew.seconds = 30
	sasl.oauthbearer.expected.audience = null
	sasl.oauthbearer.expected.issuer = null
	sasl.oauthbearer.header.urlencode = false
	sasl.oauthbearer.jwks.endpoint.refresh.ms = 3600000
	sasl.oauthbearer.jwks.endpoint.retry.backoff.max.ms = 10000
	sasl.oauthbearer.jwks.endpoint.retry.backoff.ms = 100
	sasl.oauthbearer.jwks.endpoint.url = null
	sasl.oauthbearer.scope.claim.name = scope
	sasl.oauthbearer.sub.claim.name = sub
	sasl.oauthbearer.token.endpoint.url = null
	security.protocol = PLAINTEXT
	security.providers = null
	send.buffer.bytes = 131072
	socket.connection.setup.timeout.max.ms = 30000
	socket.connection.setup.timeout.ms = 10000
	ssl.cipher.suites = null
	ssl.enabled.protocols = [TLSv1.2, TLSv1.3]
	ssl.endpoint.identification.algorithm = https
	ssl.engine.factory.class = null
	ssl.key.password = null
	ssl.keymanager.algorithm = SunX509
	ssl.keystore.certificate.chain = null
	ssl.keystore.key = null
	ssl.keystore.location = null
	ssl.keystore.password = null
	ssl.keystore.type = JKS
	ssl.protocol = TLSv1.3
	ssl.provider = null
	ssl.secure.random.implementation = null
	ssl.trustmanager.algorithm = PKIX
	ssl.truststore.certificates = null
	ssl.truststore.location = null
	ssl.truststore.password = null
	ssl.truststore.type = JKS
	transaction.timeout.ms = 60000
	transactional.id = null
	value.serializer = class io.confluent.kafka.serializers.KafkaAvroSerializer

2025-07-31 02:22:23,295 INFO  [org.apa.kaf.com.tel.int.KafkaMetricsCollector] (main) initializing Kafka metrics collector
2025-07-31 02:22:23,295 INFO  [io.con.kaf.ser.KafkaAvroSerializerConfig] (main) KafkaAvroSerializerConfig values: 
	auto.register.schemas = false
	avro.reflection.allow.null = false
	avro.remove.java.properties = false
	avro.use.logical.type.converters = false
	basic.auth.credentials.source = URL
	basic.auth.user.info = [hidden]
	bearer.auth.cache.expiry.buffer.seconds = 300
	bearer.auth.client.id = null
	bearer.auth.client.secret = null
	bearer.auth.credentials.source = STATIC_TOKEN
	bearer.auth.custom.provider.class = null
	bearer.auth.identity.pool.id = null
	bearer.auth.issuer.endpoint.url = null
	bearer.auth.logical.cluster = null
	bearer.auth.scope = null
	bearer.auth.scope.claim.name = scope
	bearer.auth.sub.claim.name = sub
	bearer.auth.token = [hidden]
	context.name.strategy = class io.confluent.kafka.serializers.context.NullContextNameStrategy
	http.connect.timeout.ms = 60000
	http.read.timeout.ms = 60000
	id.compatibility.strict = true
	key.subject.name.strategy = class io.confluent.kafka.serializers.subject.TopicNameStrategy
	latest.cache.size = 1000
	latest.cache.ttl.sec = -1
	latest.compatibility.strict = true
	max.retries = 3
	max.schemas.per.subject = 1000
	normalize.schemas = false
	propagate.schema.tags = false
	proxy.host = 
	proxy.port = -1
	retries.max.wait.ms = 20000
	retries.wait.ms = 1000
	rule.actions = []
	rule.executors = []
	rule.service.loader.enable = true
	schema.format = null
	schema.reflection = false
	schema.registry.basic.auth.user.info = [hidden]
	schema.registry.ssl.cipher.suites = null
	schema.registry.ssl.enabled.protocols = [TLSv1.2, TLSv1.3]
	schema.registry.ssl.endpoint.identification.algorithm = https
	schema.registry.ssl.engine.factory.class = null
	schema.registry.ssl.key.password = null
	schema.registry.ssl.keymanager.algorithm = SunX509
	schema.registry.ssl.keystore.certificate.chain = null
	schema.registry.ssl.keystore.key = null
	schema.registry.ssl.keystore.location = null
	schema.registry.ssl.keystore.password = null
	schema.registry.ssl.keystore.type = JKS
	schema.registry.ssl.protocol = TLSv1.3
	schema.registry.ssl.provider = null
	schema.registry.ssl.secure.random.implementation = null
	schema.registry.ssl.trustmanager.algorithm = PKIX
	schema.registry.ssl.truststore.certificates = null
	schema.registry.ssl.truststore.location = null
	schema.registry.ssl.truststore.password = null
	schema.registry.ssl.truststore.type = JKS
	schema.registry.url = [http://registry-app-inmemory.apps.ci419.apicurio-testing.org:80/apis/ccompat/v7]
	use.latest.version = false
	use.latest.with.metadata = null
	use.schema.id = -1
	value.subject.name.strategy = class io.confluent.kafka.serializers.subject.RecordNameStrategy

2025-07-31 02:22:23,297 INFO  [org.apa.kaf.cli.pro.KafkaProducer] (main) [Producer clientId=Producer-topic-c077ebda_a4f9_4724_ba7c_b379764da1d8] Instantiated an idempotent producer.
2025-07-31 02:22:23,299 INFO  [org.apa.kaf.cli.pro.ProducerConfig] (main) These configurations '[schema.registry.url, auto.register.schemas, value.subject.name.strategy]' were supplied but are not used yet.
2025-07-31 02:22:23,299 INFO  [org.apa.kaf.com.uti.AppInfoParser] (main) Kafka version: 3.9.0
2025-07-31 02:22:23,299 INFO  [org.apa.kaf.com.uti.AppInfoParser] (main) Kafka commitId: 84caaa6e9da06435
2025-07-31 02:22:23,299 INFO  [org.apa.kaf.com.uti.AppInfoParser] (main) Kafka startTimeMs: 1753928543299
2025-07-31 02:22:23,300 INFO  [io.api.tes.ser.api.KafkaSerdesTester] (Thread-341) Sending message {"wrongkey": "value-0"} to topic topic-c077ebda_a4f9_4724_ba7c_b379764da1d8
2025-07-31 02:22:23,305 INFO  [org.apa.kaf.cli.Metadata] (kafka-producer-network-thread | Producer-topic-c077ebda_a4f9_4724_ba7c_b379764da1d8) [Producer clientId=Producer-topic-c077ebda_a4f9_4724_ba7c_b379764da1d8] Cluster ID: mFm4H5CuSae4mNeWY74G7g
2025-07-31 02:22:23,306 INFO  [org.apa.kaf.cli.pro.int.TransactionManager] (kafka-producer-network-thread | Producer-topic-c077ebda_a4f9_4724_ba7c_b379764da1d8) [Producer clientId=Producer-topic-c077ebda_a4f9_4724_ba7c_b379764da1d8] ProducerId set to 40 with epoch 0
2025-07-31 02:22:23,316 INFO  [org.apa.kaf.cli.pro.KafkaProducer] (Thread-341) [Producer clientId=Producer-topic-c077ebda_a4f9_4724_ba7c_b379764da1d8] Closing the Kafka producer with timeoutMillis = 9223372036854775807 ms.
2025-07-31 02:22:23,319 INFO  [org.apa.kaf.com.met.Metrics] (Thread-341) Metrics scheduler closed
2025-07-31 02:22:23,319 INFO  [org.apa.kaf.com.met.Metrics] (Thread-341) Closing reporter org.apache.kafka.common.metrics.JmxReporter
2025-07-31 02:22:23,319 INFO  [org.apa.kaf.com.met.Metrics] (Thread-341) Closing reporter org.apache.kafka.common.telemetry.internals.ClientTelemetryReporter
2025-07-31 02:22:23,319 INFO  [org.apa.kaf.com.met.Metrics] (Thread-341) Metrics reporters closed
2025-07-31 02:22:23,319 INFO  [org.apa.kaf.com.uti.AppInfoParser] (Thread-341) App info kafka.producer for Producer-topic-c077ebda_a4f9_4724_ba7c_b379764da1d8 unregistered
2025-07-31 02:22:23,340 INFO  [io.api.tes.ser.con.BasicConfluentSerDesIT] (main) Deleting confluent schema topic-c077ebda_a4f9_4724_ba7c_b379764da1d8-value
2025-07-31 02:22:23,351 INFO  [io.api.tes.uti.TestSeparator] (main) io.apicurio.tests.serdes.confluent.BasicConfluentSerDesIT.testAvroConfluentSerDesWrongStrategyRecord-FINISHED
2025-07-31 02:22:23,351 INFO  [io.api.tes.uti.TestSeparator] (main) ############################################################################
]]></system-out>
  </testcase>
</testsuite>