<?xml version="1.0" encoding="UTF-8"?>
<testsuite xmlns:xsi="http://www.w3.org/2001/XMLSchema-instance" xsi:noNamespaceSchemaLocation="https://maven.apache.org/surefire/maven-failsafe-plugin/xsd/failsafe-test-report.xsd" version="3.0.2" name="io.apicurio.tests.serdes.apicurio.ProtobufSerdeIT" time="23.854" tests="17" errors="0" skipped="0" failures="0">
  <properties>
    <property name="java.specification.version" value="17"/>
    <property name="sun.jnu.encoding" value="UTF-8"/>
    <property name="java.class.path" value="/home/runner/work/apicurio-testing/apicurio-testing/clusters/ci419/namespaces/postgresql/tests/integration/apicurio-registry/integration-tests/target/test-classes:/home/runner/work/apicurio-testing/apicurio-testing/clusters/ci419/namespaces/postgresql/tests/integration/apicurio-registry/integration-tests/target/apicurio-registry-integration-tests-3.0.9.jar:/home/runner/.m2/repository/io/quarkus/quarkus-junit5/3.15.4/quarkus-junit5-3.15.4.jar:/home/runner/.m2/repository/io/quarkus/quarkus-bootstrap-core/3.15.4/quarkus-bootstrap-core-3.15.4.jar:/home/runner/.m2/repository/io/quarkus/quarkus-classloader-commons/3.15.4/quarkus-classloader-commons-3.15.4.jar:/home/runner/.m2/repository/io/quarkus/quarkus-bootstrap-app-model/3.15.4/quarkus-bootstrap-app-model-3.15.4.jar:/home/runner/.m2/repository/io/smallrye/common/smallrye-common-io/2.6.1/smallrye-common-io-2.6.1.jar:/home/runner/.m2/repository/org/eclipse/sisu/org.eclipse.sisu.inject/0.9.0.M3/org.eclipse.sisu.inject-0.9.0.M3.jar:/home/runner/.m2/repository/io/quarkus/quarkus-test-common/3.15.4/quarkus-test-common-3.15.4.jar:/home/runner/.m2/repository/io/quarkus/quarkus-core-deployment/3.15.4/quarkus-core-deployment-3.15.4.jar:/home/runner/.m2/repository/org/aesh/readline/2.6/readline-2.6.jar:/home/runner/.m2/repository/org/fusesource/jansi/jansi/2.4.0/jansi-2.4.0.jar:/home/runner/.m2/repository/org/aesh/aesh/2.8.2/aesh-2.8.2.jar:/home/runner/.m2/repository/io/quarkus/gizmo/gizmo/1.8.0/gizmo-1.8.0.jar:/home/runner/.m2/repository/org/ow2/asm/asm-util/9.7/asm-util-9.7.jar:/home/runner/.m2/repository/org/ow2/asm/asm-analysis/9.7/asm-analysis-9.7.jar:/home/runner/.m2/repository/org/ow2/asm/asm-commons/9.7/asm-commons-9.7.jar:/home/runner/.m2/repository/org/ow2/asm/asm-tree/9.7/asm-tree-9.7.jar:/home/runner/.m2/repository/io/quarkus/quarkus-hibernate-validator-spi/3.15.4/quarkus-hibernate-validator-spi-3.15.4.jar:/home/runner/.m2/repository/io/quarkus/quarkus-class-change-agent/3.15.4/quarkus-class-change-agent-3.15.4.jar:/home/runner/.m2/repository/io/quarkus/quarkus-devtools-utilities/3.15.4/quarkus-devtools-utilities-3.15.4.jar:/home/runner/.m2/repository/io/quarkus/quarkus-builder/3.15.4/quarkus-builder-3.15.4.jar:/home/runner/.m2/repository/org/graalvm/sdk/nativeimage/23.1.2/nativeimage-23.1.2.jar:/home/runner/.m2/repository/org/graalvm/sdk/word/23.1.2/word-23.1.2.jar:/home/runner/.m2/repository/io/quarkus/quarkus-bootstrap-maven-resolver/3.15.4/quarkus-bootstrap-maven-resolver-3.15.4.jar:/home/runner/.m2/repository/io/smallrye/beanbag/smallrye-beanbag-maven/1.5.2/smallrye-beanbag-maven-1.5.2.jar:/home/runner/.m2/repository/io/smallrye/beanbag/smallrye-beanbag-sisu/1.5.2/smallrye-beanbag-sisu-1.5.2.jar:/home/runner/.m2/repository/io/smallrye/beanbag/smallrye-beanbag/1.5.2/smallrye-beanbag-1.5.2.jar:/home/runner/.m2/repository/javax/inject/javax.inject/1/javax.inject-1.jar:/home/runner/.m2/repository/org/apache/maven/maven-artifact/3.9.8/maven-artifact-3.9.8.jar:/home/runner/.m2/repository/org/apache/maven/maven-builder-support/3.9.8/maven-builder-support-3.9.8.jar:/home/runner/.m2/repository/org/apache/maven/maven-model/3.9.8/maven-model-3.9.8.jar:/home/runner/.m2/repository/org/apache/maven/maven-model-builder/3.9.8/maven-model-builder-3.9.8.jar:/home/runner/.m2/repository/org/apache/maven/maven-repository-metadata/3.9.8/maven-repository-metadata-3.9.8.jar:/home/runner/.m2/repository/org/apache/maven/maven-settings/3.9.8/maven-settings-3.9.8.jar:/home/runner/.m2/repository/org/apache/maven/resolver/maven-resolver-api/1.9.22/maven-resolver-api-1.9.22.jar:/home/runner/.m2/repository/org/apache/maven/resolver/maven-resolver-impl/1.9.22/maven-resolver-impl-1.9.22.jar:/home/runner/.m2/repository/org/apache/maven/resolver/maven-resolver-named-locks/1.9.22/maven-resolver-named-locks-1.9.22.jar:/home/runner/.m2/repository/org/apache/maven/resolver/maven-resolver-spi/1.9.22/maven-resolver-spi-1.9.22.jar:/home/runner/.m2/repository/org/apache/maven/resolver/maven-resolver-util/1.9.22/maven-resolver-util-1.9.22.jar:/home/runner/.m2/repository/org/apache/maven/resolver/maven-resolver-transport-http/1.9.20/maven-resolver-transport-http-1.9.20.jar:/home/runner/.m2/repository/org/apache/maven/wagon/wagon-provider-api/3.5.3/wagon-provider-api-3.5.3.jar:/home/runner/.m2/repository/org/apache/maven/wagon/wagon-http-shared/3.5.3/wagon-http-shared-3.5.3.jar:/home/runner/.m2/repository/org/codehaus/plexus/plexus-interpolation/1.26/plexus-interpolation-1.26.jar:/home/runner/.m2/repository/org/codehaus/plexus/plexus-utils/3.5.1/plexus-utils-3.5.1.jar:/home/runner/.m2/repository/org/codehaus/plexus/plexus-xml/4.0.1/plexus-xml-4.0.1.jar:/home/runner/.m2/repository/org/apache/maven/maven-xml-impl/4.0.0-alpha-5/maven-xml-impl-4.0.0-alpha-5.jar:/home/runner/.m2/repository/org/apache/maven/maven-api-xml/4.0.0-alpha-5/maven-api-xml-4.0.0-alpha-5.jar:/home/runner/.m2/repository/org/apache/maven/maven-api-meta/4.0.0-alpha-5/maven-api-meta-4.0.0-alpha-5.jar:/home/runner/.m2/repository/org/codehaus/plexus/plexus-cipher/2.0/plexus-cipher-2.0.jar:/home/runner/.m2/repository/org/codehaus/plexus/plexus-sec-dispatcher/2.0/plexus-sec-dispatcher-2.0.jar:/home/runner/.m2/repository/org/apache/maven/maven-embedder/3.9.8/maven-embedder-3.9.8.jar:/home/runner/.m2/repository/org/apache/maven/maven-core/3.9.8/maven-core-3.9.8.jar:/home/runner/.m2/repository/org/codehaus/plexus/plexus-component-annotations/2.1.0/plexus-component-annotations-2.1.0.jar:/home/runner/.m2/repository/org/apache/maven/maven-plugin-api/3.9.8/maven-plugin-api-3.9.8.jar:/home/runner/.m2/repository/org/apache/maven/shared/maven-shared-utils/3.4.2/maven-shared-utils-3.4.2.jar:/home/runner/.m2/repository/com/google/inject/guice/5.1.0/guice-5.1.0.jar:/home/runner/.m2/repository/aopalliance/aopalliance/1.0/aopalliance-1.0.jar:/home/runner/.m2/repository/javax/annotation/javax.annotation-api/1.3.2/javax.annotation-api-1.3.2.jar:/home/runner/.m2/repository/org/codehaus/plexus/plexus-classworlds/2.6.0/plexus-classworlds-2.6.0.jar:/home/runner/.m2/repository/commons-cli/commons-cli/1.8.0/commons-cli-1.8.0.jar:/home/runner/.m2/repository/org/eclipse/sisu/org.eclipse.sisu.plexus/0.9.0.M3/org.eclipse.sisu.plexus-0.9.0.M3.jar:/home/runner/.m2/repository/org/apache/maven/maven-settings-builder/3.9.8/maven-settings-builder-3.9.8.jar:/home/runner/.m2/repository/org/apache/maven/maven-resolver-provider/3.9.8/maven-resolver-provider-3.9.8.jar:/home/runner/.m2/repository/org/apache/maven/resolver/maven-resolver-connector-basic/1.9.22/maven-resolver-connector-basic-1.9.22.jar:/home/runner/.m2/repository/org/apache/maven/resolver/maven-resolver-transport-wagon/1.9.22/maven-resolver-transport-wagon-1.9.22.jar:/home/runner/.m2/repository/org/apache/maven/wagon/wagon-http/3.5.3/wagon-http-3.5.3.jar:/home/runner/.m2/repository/org/apache/maven/wagon/wagon-file/3.5.3/wagon-file-3.5.3.jar:/home/runner/.m2/repository/io/quarkus/quarkus-bootstrap-gradle-resolver/3.15.4/quarkus-bootstrap-gradle-resolver-3.15.4.jar:/home/runner/.m2/repository/io/smallrye/jandex/3.2.3/jandex-3.2.3.jar:/home/runner/.m2/repository/org/jboss/logging/commons-logging-jboss-logging/1.0.0.Final/commons-logging-jboss-logging-1.0.0.Final.jar:/home/runner/.m2/repository/io/quarkus/quarkus-junit5-properties/3.15.4/quarkus-junit5-properties-3.15.4.jar:/home/runner/.m2/repository/org/junit/jupiter/junit-jupiter/5.10.3/junit-jupiter-5.10.3.jar:/home/runner/.m2/repository/org/junit/jupiter/junit-jupiter-api/5.10.3/junit-jupiter-api-5.10.3.jar:/home/runner/.m2/repository/org/junit/jupiter/junit-jupiter-params/5.10.3/junit-jupiter-params-5.10.3.jar:/home/runner/.m2/repository/org/junit/jupiter/junit-jupiter-engine/5.10.3/junit-jupiter-engine-5.10.3.jar:/home/runner/.m2/repository/io/quarkus/quarkus-core/3.15.4/quarkus-core-3.15.4.jar:/home/runner/.m2/repository/jakarta/enterprise/jakarta.enterprise.cdi-api/4.1.0/jakarta.enterprise.cdi-api-4.1.0.jar:/home/runner/.m2/repository/jakarta/enterprise/jakarta.enterprise.lang-model/4.1.0/jakarta.enterprise.lang-model-4.1.0.jar:/home/runner/.m2/repository/jakarta/el/jakarta.el-api/5.0.1/jakarta.el-api-5.0.1.jar:/home/runner/.m2/repository/jakarta/interceptor/jakarta.interceptor-api/2.2.0/jakarta.interceptor-api-2.2.0.jar:/home/runner/.m2/repository/jakarta/inject/jakarta.inject-api/2.0.1/jakarta.inject-api-2.0.1.jar:/home/runner/.m2/repository/io/smallrye/common/smallrye-common-os/2.6.1/smallrye-common-os-2.6.1.jar:/home/runner/.m2/repository/io/quarkus/quarkus-ide-launcher/3.15.4/quarkus-ide-launcher-3.15.4.jar:/home/runner/.m2/repository/io/quarkus/quarkus-development-mode-spi/3.15.4/quarkus-development-mode-spi-3.15.4.jar:/home/runner/.m2/repository/io/smallrye/config/smallrye-config/3.9.1/smallrye-config-3.9.1.jar:/home/runner/.m2/repository/io/smallrye/config/smallrye-config-core/3.9.1/smallrye-config-core-3.9.1.jar:/home/runner/.m2/repository/io/smallrye/common/smallrye-common-annotation/2.6.1/smallrye-common-annotation-2.6.1.jar:/home/runner/.m2/repository/io/smallrye/common/smallrye-common-classloader/2.6.1/smallrye-common-classloader-2.6.1.jar:/home/runner/.m2/repository/io/smallrye/config/smallrye-config-common/3.9.1/smallrye-config-common-3.9.1.jar:/home/runner/.m2/repository/org/jboss/logging/jboss-logging/3.6.0.Final/jboss-logging-3.6.0.Final.jar:/home/runner/.m2/repository/org/jboss/logmanager/jboss-logmanager/3.1.1.Final/jboss-logmanager-3.1.1.Final.jar:/home/runner/.m2/repository/io/smallrye/common/smallrye-common-constraint/2.6.1/smallrye-common-constraint-2.6.1.jar:/home/runner/.m2/repository/io/smallrye/common/smallrye-common-cpu/2.6.1/smallrye-common-cpu-2.6.1.jar:/home/runner/.m2/repository/io/smallrye/common/smallrye-common-expression/2.6.1/smallrye-common-expression-2.6.1.jar:/home/runner/.m2/repository/io/smallrye/common/smallrye-common-function/2.6.1/smallrye-common-function-2.6.1.jar:/home/runner/.m2/repository/io/smallrye/common/smallrye-common-net/2.6.1/smallrye-common-net-2.6.1.jar:/home/runner/.m2/repository/io/smallrye/common/smallrye-common-ref/2.6.1/smallrye-common-ref-2.6.1.jar:/home/runner/.m2/repository/jakarta/json/jakarta.json-api/2.1.3/jakarta.json-api-2.1.3.jar:/home/runner/.m2/repository/org/eclipse/parsson/parsson/1.1.7/parsson-1.1.7.jar:/home/runner/.m2/repository/org/jboss/logging/jboss-logging-annotations/3.0.1.Final/jboss-logging-annotations-3.0.1.Final.jar:/home/runner/.m2/repository/org/jboss/threads/jboss-threads/3.6.1.Final/jboss-threads-3.6.1.Final.jar:/home/runner/.m2/repository/org/jboss/slf4j/slf4j-jboss-logmanager/2.0.0.Final/slf4j-jboss-logmanager-2.0.0.Final.jar:/home/runner/.m2/repository/org/wildfly/common/wildfly-common/1.7.0.Final/wildfly-common-1.7.0.Final.jar:/home/runner/.m2/repository/io/quarkus/quarkus-bootstrap-runner/3.15.4/quarkus-bootstrap-runner-3.15.4.jar:/home/runner/.m2/repository/io/github/crac/org-crac/0.1.3/org-crac-0.1.3.jar:/home/runner/.m2/repository/io/quarkus/quarkus-fs-util/0.0.10/quarkus-fs-util-0.0.10.jar:/home/runner/.m2/repository/org/jboss/marshalling/jboss-marshalling/2.2.1.Final/jboss-marshalling-2.2.1.Final.jar:/home/runner/.m2/repository/io/fabric8/kubernetes-client/6.13.5/kubernetes-client-6.13.5.jar:/home/runner/.m2/repository/io/fabric8/kubernetes-client-api/6.13.5/kubernetes-client-api-6.13.5.jar:/home/runner/.m2/repository/io/fabric8/kubernetes-model-core/6.13.5/kubernetes-model-core-6.13.5.jar:/home/runner/.m2/repository/io/fabric8/kubernetes-model-common/6.13.5/kubernetes-model-common-6.13.5.jar:/home/runner/.m2/repository/io/fabric8/kubernetes-model-gatewayapi/6.13.5/kubernetes-model-gatewayapi-6.13.5.jar:/home/runner/.m2/repository/io/fabric8/kubernetes-model-resource/6.13.5/kubernetes-model-resource-6.13.5.jar:/home/runner/.m2/repository/io/fabric8/kubernetes-model-rbac/6.13.5/kubernetes-model-rbac-6.13.5.jar:/home/runner/.m2/repository/io/fabric8/kubernetes-model-admissionregistration/6.13.5/kubernetes-model-admissionregistration-6.13.5.jar:/home/runner/.m2/repository/io/fabric8/kubernetes-model-apps/6.13.5/kubernetes-model-apps-6.13.5.jar:/home/runner/.m2/repository/io/fabric8/kubernetes-model-autoscaling/6.13.5/kubernetes-model-autoscaling-6.13.5.jar:/home/runner/.m2/repository/io/fabric8/kubernetes-model-apiextensions/6.13.5/kubernetes-model-apiextensions-6.13.5.jar:/home/runner/.m2/repository/io/fabric8/kubernetes-model-batch/6.13.5/kubernetes-model-batch-6.13.5.jar:/home/runner/.m2/repository/io/fabric8/kubernetes-model-certificates/6.13.5/kubernetes-model-certificates-6.13.5.jar:/home/runner/.m2/repository/io/fabric8/kubernetes-model-coordination/6.13.5/kubernetes-model-coordination-6.13.5.jar:/home/runner/.m2/repository/io/fabric8/kubernetes-model-discovery/6.13.5/kubernetes-model-discovery-6.13.5.jar:/home/runner/.m2/repository/io/fabric8/kubernetes-model-events/6.13.5/kubernetes-model-events-6.13.5.jar:/home/runner/.m2/repository/io/fabric8/kubernetes-model-extensions/6.13.5/kubernetes-model-extensions-6.13.5.jar:/home/runner/.m2/repository/io/fabric8/kubernetes-model-flowcontrol/6.13.5/kubernetes-model-flowcontrol-6.13.5.jar:/home/runner/.m2/repository/io/fabric8/kubernetes-model-networking/6.13.5/kubernetes-model-networking-6.13.5.jar:/home/runner/.m2/repository/io/fabric8/kubernetes-model-metrics/6.13.5/kubernetes-model-metrics-6.13.5.jar:/home/runner/.m2/repository/io/fabric8/kubernetes-model-policy/6.13.5/kubernetes-model-policy-6.13.5.jar:/home/runner/.m2/repository/io/fabric8/kubernetes-model-scheduling/6.13.5/kubernetes-model-scheduling-6.13.5.jar:/home/runner/.m2/repository/io/fabric8/kubernetes-model-storageclass/6.13.5/kubernetes-model-storageclass-6.13.5.jar:/home/runner/.m2/repository/io/fabric8/kubernetes-model-node/6.13.5/kubernetes-model-node-6.13.5.jar:/home/runner/.m2/repository/org/snakeyaml/snakeyaml-engine/2.7/snakeyaml-engine-2.7.jar:/home/runner/.m2/repository/com/fasterxml/jackson/dataformat/jackson-dataformat-yaml/2.15.2/jackson-dataformat-yaml-2.15.2.jar:/home/runner/.m2/repository/com/fasterxml/jackson/datatype/jackson-datatype-jsr310/2.17.2/jackson-datatype-jsr310-2.17.2.jar:/home/runner/.m2/repository/io/fabric8/zjsonpatch/0.3.0/zjsonpatch-0.3.0.jar:/home/runner/.m2/repository/io/fabric8/kubernetes-httpclient-vertx/6.13.5/kubernetes-httpclient-vertx-6.13.5.jar:/home/runner/.m2/repository/io/vertx/vertx-web-client/4.5.13/vertx-web-client-4.5.13.jar:/home/runner/.m2/repository/io/vertx/vertx-web-common/4.5.13/vertx-web-common-4.5.13.jar:/home/runner/.m2/repository/io/vertx/vertx-auth-common/4.5.13/vertx-auth-common-4.5.13.jar:/home/runner/.m2/repository/io/vertx/vertx-uri-template/4.5.13/vertx-uri-template-4.5.13.jar:/home/runner/.m2/repository/io/fabric8/openshift-client/6.13.5/openshift-client-6.13.5.jar:/home/runner/.m2/repository/io/fabric8/openshift-client-api/6.13.5/openshift-client-api-6.13.5.jar:/home/runner/.m2/repository/io/fabric8/openshift-model/6.13.5/openshift-model-6.13.5.jar:/home/runner/.m2/repository/io/fabric8/openshift-model-clusterautoscaling/6.13.5/openshift-model-clusterautoscaling-6.13.5.jar:/home/runner/.m2/repository/io/fabric8/openshift-model-operator/6.13.5/openshift-model-operator-6.13.5.jar:/home/runner/.m2/repository/io/fabric8/openshift-model-operatorhub/6.13.5/openshift-model-operatorhub-6.13.5.jar:/home/runner/.m2/repository/io/fabric8/openshift-model-machine/6.13.5/openshift-model-machine-6.13.5.jar:/home/runner/.m2/repository/io/fabric8/openshift-model-whereabouts/6.13.5/openshift-model-whereabouts-6.13.5.jar:/home/runner/.m2/repository/io/fabric8/openshift-model-monitoring/6.13.5/openshift-model-monitoring-6.13.5.jar:/home/runner/.m2/repository/io/fabric8/openshift-model-storageversionmigrator/6.13.5/openshift-model-storageversionmigrator-6.13.5.jar:/home/runner/.m2/repository/io/fabric8/openshift-model-tuned/6.13.5/openshift-model-tuned-6.13.5.jar:/home/runner/.m2/repository/io/fabric8/openshift-model-console/6.13.5/openshift-model-console-6.13.5.jar:/home/runner/.m2/repository/io/fabric8/openshift-model-config/6.13.5/openshift-model-config-6.13.5.jar:/home/runner/.m2/repository/io/fabric8/openshift-model-machineconfig/6.13.5/openshift-model-machineconfig-6.13.5.jar:/home/runner/.m2/repository/io/fabric8/openshift-model-miscellaneous/6.13.5/openshift-model-miscellaneous-6.13.5.jar:/home/runner/.m2/repository/io/fabric8/openshift-model-hive/6.13.5/openshift-model-hive-6.13.5.jar:/home/runner/.m2/repository/io/fabric8/openshift-model-installer/6.13.5/openshift-model-installer-6.13.5.jar:/home/runner/.m2/repository/com/github/mifmif/generex/1.0.2/generex-1.0.2.jar:/home/runner/.m2/repository/dk/brics/automaton/automaton/1.11-8/automaton-1.11-8.jar:/home/runner/.m2/repository/org/junit/platform/junit-platform-launcher/1.10.3/junit-platform-launcher-1.10.3.jar:/home/runner/.m2/repository/org/junit/platform/junit-platform-engine/1.10.3/junit-platform-engine-1.10.3.jar:/home/runner/.m2/repository/org/opentest4j/opentest4j/1.3.0/opentest4j-1.3.0.jar:/home/runner/.m2/repository/org/junit/platform/junit-platform-commons/1.10.3/junit-platform-commons-1.10.3.jar:/home/runner/.m2/repository/org/apiguardian/apiguardian-api/1.1.2/apiguardian-api-1.1.2.jar:/home/runner/.m2/repository/jakarta/ws/rs/jakarta.ws.rs-api/3.1.0/jakarta.ws.rs-api-3.1.0.jar:/home/runner/work/apicurio-testing/apicurio-testing/clusters/ci419/namespaces/postgresql/tests/integration/apicurio-registry/java-sdk/target/apicurio-registry-java-sdk-3.0.9.jar:/home/runner/.m2/repository/com/microsoft/kiota/microsoft-kiota-abstractions/1.8.4/microsoft-kiota-abstractions-1.8.4.jar:/home/runner/.m2/repository/io/github/std-uritemplate/std-uritemplate/2.0.0/std-uritemplate-2.0.0.jar:/home/runner/.m2/repository/io/kiota/kiota-http-jdk/0.0.21/kiota-http-jdk-0.0.21.jar:/home/runner/.m2/repository/io/kiota/kiota-http-vertx/0.0.21/kiota-http-vertx-0.0.21.jar:/home/runner/.m2/repository/io/kiota/kiota-serialization-jackson/0.0.21/kiota-serialization-jackson-0.0.21.jar:/home/runner/.m2/repository/com/microsoft/kiota/microsoft-kiota-serialization-text/1.8.4/microsoft-kiota-serialization-text-1.8.4.jar:/home/runner/.m2/repository/com/microsoft/kiota/microsoft-kiota-serialization-form/1.8.4/microsoft-kiota-serialization-form-1.8.4.jar:/home/runner/.m2/repository/com/microsoft/kiota/microsoft-kiota-serialization-multipart/1.8.4/microsoft-kiota-serialization-multipart-1.8.4.jar:/home/runner/.m2/repository/jakarta/annotation/jakarta.annotation-api/3.0.0/jakarta.annotation-api-3.0.0.jar:/home/runner/.m2/repository/io/vertx/vertx-auth-oauth2/4.5.13/vertx-auth-oauth2-4.5.13.jar:/home/runner/work/apicurio-testing/apicurio-testing/clusters/ci419/namespaces/postgresql/tests/integration/apicurio-registry/java-sdk-v2/target/apicurio-registry-v2-java-sdk-3.0.9.jar:/home/runner/work/apicurio-testing/apicurio-testing/clusters/ci419/namespaces/postgresql/tests/integration/apicurio-registry/utils/kafka/target/apicurio-registry-utils-kafka-3.0.9-tests.jar:/home/runner/.m2/repository/org/eclipse/microprofile/config/microprofile-config-api/3.1/microprofile-config-api-3.1.jar:/home/runner/.m2/repository/org/apache/kafka/kafka-clients/3.9.0/kafka-clients-3.9.0.jar:/home/runner/.m2/repository/com/github/luben/zstd-jni/1.5.6-4/zstd-jni-1.5.6-4.jar:/home/runner/.m2/repository/org/lz4/lz4-java/1.8.0/lz4-java-1.8.0.jar:/home/runner/.m2/repository/org/xerial/snappy/snappy-java/1.1.10.5/snappy-java-1.1.10.5.jar:/home/runner/.m2/repository/org/slf4j/slf4j-api/2.0.6/slf4j-api-2.0.6.jar:/home/runner/work/apicurio-testing/apicurio-testing/clusters/ci419/namespaces/postgresql/tests/integration/apicurio-registry/utils/tests/target/apicurio-registry-utils-tests-3.0.9.jar:/home/runner/work/apicurio-testing/apicurio-testing/clusters/ci419/namespaces/postgresql/tests/integration/apicurio-registry/common/target/apicurio-registry-common-3.0.9.jar:/home/runner/.m2/repository/jakarta/validation/jakarta.validation-api/3.0.2/jakarta.validation-api-3.0.2.jar:/home/runner/.m2/repository/com/github/dasniko/testcontainers-keycloak/3.6.0/testcontainers-keycloak-3.6.0.jar:/home/runner/.m2/repository/org/testcontainers/testcontainers/1.20.1/testcontainers-1.20.1.jar:/home/runner/.m2/repository/org/rnorth/duct-tape/duct-tape/1.0.8/duct-tape-1.0.8.jar:/home/runner/.m2/repository/org/jetbrains/annotations/24.1.0/annotations-24.1.0.jar:/home/runner/.m2/repository/com/github/docker-java/docker-java-transport-zerodep/3.4.0/docker-java-transport-zerodep-3.4.0.jar:/home/runner/.m2/repository/com/github/docker-java/docker-java-transport/3.4.0/docker-java-transport-3.4.0.jar:/home/runner/.m2/repository/net/java/dev/jna/jna/5.8.0/jna-5.8.0.jar:/home/runner/.m2/repository/io/quarkus/quarkus-junit4-mock/3.15.4/quarkus-junit4-mock-3.15.4.jar:/home/runner/.m2/repository/org/jboss/shrinkwrap/shrinkwrap-api/2.0.0-beta-2/shrinkwrap-api-2.0.0-beta-2.jar:/home/runner/.m2/repository/org/jboss/shrinkwrap/shrinkwrap-impl-base/2.0.0-beta-2/shrinkwrap-impl-base-2.0.0-beta-2.jar:/home/runner/.m2/repository/org/jboss/shrinkwrap/shrinkwrap-spi/2.0.0-beta-2/shrinkwrap-spi-2.0.0-beta-2.jar:/home/runner/.m2/repository/org/keycloak/keycloak-admin-client/25.0.6/keycloak-admin-client-25.0.6.jar:/home/runner/.m2/repository/org/keycloak/keycloak-core/25.0.6/keycloak-core-25.0.6.jar:/home/runner/.m2/repository/org/keycloak/keycloak-common/25.0.6/keycloak-common-25.0.6.jar:/home/runner/.m2/repository/org/jboss/resteasy/resteasy-client/6.2.9.Final/resteasy-client-6.2.9.Final.jar:/home/runner/.m2/repository/org/jboss/resteasy/resteasy-client-api/6.2.9.Final/resteasy-client-api-6.2.9.Final.jar:/home/runner/.m2/repository/org/jboss/resteasy/resteasy-core-spi/6.2.9.Final/resteasy-core-spi-6.2.9.Final.jar:/home/runner/.m2/repository/org/jboss/resteasy/resteasy-core/6.2.9.Final/resteasy-core-6.2.9.Final.jar:/home/runner/.m2/repository/org/eclipse/angus/angus-activation/2.0.2/angus-activation-2.0.2.jar:/home/runner/.m2/repository/com/ibm/async/asyncutil/0.1.0/asyncutil-0.1.0.jar:/home/runner/.m2/repository/org/reactivestreams/reactive-streams/1.0.4/reactive-streams-1.0.4.jar:/home/runner/.m2/repository/org/jboss/resteasy/resteasy-multipart-provider/6.2.9.Final/resteasy-multipart-provider-6.2.9.Final.jar:/home/runner/.m2/repository/jakarta/mail/jakarta.mail-api/2.1.2/jakarta.mail-api-2.1.2.jar:/home/runner/.m2/repository/org/eclipse/angus/angus-mail/2.0.3/angus-mail-2.0.3.jar:/home/runner/.m2/repository/org/apache/james/apache-mime4j-dom/0.8.11/apache-mime4j-dom-0.8.11.jar:/home/runner/.m2/repository/org/apache/james/apache-mime4j-core/0.8.11/apache-mime4j-core-0.8.11.jar:/home/runner/.m2/repository/org/apache/james/apache-mime4j-storage/0.8.11/apache-mime4j-storage-0.8.11.jar:/home/runner/.m2/repository/org/jboss/resteasy/resteasy-jackson2-provider/6.2.9.Final/resteasy-jackson2-provider-6.2.9.Final.jar:/home/runner/.m2/repository/com/fasterxml/jackson/jakarta/rs/jackson-jakarta-rs-base/2.17.2/jackson-jakarta-rs-base-2.17.2.jar:/home/runner/.m2/repository/com/fasterxml/jackson/jakarta/rs/jackson-jakarta-rs-json-provider/2.17.2/jackson-jakarta-rs-json-provider-2.17.2.jar:/home/runner/.m2/repository/com/fasterxml/jackson/module/jackson-module-jakarta-xmlbind-annotations/2.17.2/jackson-module-jakarta-xmlbind-annotations-2.17.2.jar:/home/runner/.m2/repository/com/github/java-json-tools/json-patch/1.13/json-patch-1.13.jar:/home/runner/.m2/repository/com/github/java-json-tools/msg-simple/1.2/msg-simple-1.2.jar:/home/runner/.m2/repository/com/github/java-json-tools/btf/1.3/btf-1.3.jar:/home/runner/.m2/repository/com/github/java-json-tools/jackson-coreutils/2.0/jackson-coreutils-2.0.jar:/home/runner/.m2/repository/org/jboss/resteasy/resteasy-jaxb-provider/6.2.9.Final/resteasy-jaxb-provider-6.2.9.Final.jar:/home/runner/.m2/repository/org/glassfish/jaxb/codemodel/4.0.3/codemodel-4.0.3.jar:/home/runner/.m2/repository/org/glassfish/jaxb/jaxb-core/4.0.5/jaxb-core-4.0.5.jar:/home/runner/.m2/repository/org/glassfish/jaxb/jaxb-jxc/4.0.3/jaxb-jxc-4.0.3.jar:/home/runner/.m2/repository/org/glassfish/jaxb/jaxb-runtime/4.0.5/jaxb-runtime-4.0.5.jar:/home/runner/.m2/repository/org/glassfish/jaxb/txw2/4.0.5/txw2-4.0.5.jar:/home/runner/.m2/repository/org/glassfish/jaxb/jaxb-xjc/4.0.3/jaxb-xjc-4.0.3.jar:/home/runner/.m2/repository/org/glassfish/jaxb/xsom/4.0.3/xsom-4.0.3.jar:/home/runner/.m2/repository/com/sun/istack/istack-commons-runtime/4.1.2/istack-commons-runtime-4.1.2.jar:/home/runner/.m2/repository/com/sun/istack/istack-commons-tools/4.1.2/istack-commons-tools-4.1.2.jar:/home/runner/.m2/repository/com/sun/xml/bind/external/relaxng-datatype/4.0.3/relaxng-datatype-4.0.3.jar:/home/runner/.m2/repository/com/sun/xml/bind/external/rngom/4.0.3/rngom-4.0.3.jar:/home/runner/.m2/repository/org/testcontainers/mssqlserver/1.20.1/mssqlserver-1.20.1.jar:/home/runner/.m2/repository/org/testcontainers/jdbc/1.20.1/jdbc-1.20.1.jar:/home/runner/.m2/repository/org/testcontainers/database-commons/1.20.1/database-commons-1.20.1.jar:/home/runner/.m2/repository/org/testcontainers/mysql/1.20.1/mysql-1.20.1.jar:/home/runner/.m2/repository/io/strimzi/strimzi-test-container/0.107.0/strimzi-test-container-0.107.0.jar:/home/runner/.m2/repository/org/testcontainers/toxiproxy/1.20.1/toxiproxy-1.20.1.jar:/home/runner/.m2/repository/com/github/docker-java/docker-java-api/3.4.0/docker-java-api-3.4.0.jar:/home/runner/.m2/repository/eu/rekawek/toxiproxy/toxiproxy-java/2.1.7/toxiproxy-java-2.1.7.jar:/home/runner/.m2/repository/junit/junit/4.13.2/junit-4.13.2.jar:/home/runner/.m2/repository/org/hamcrest/hamcrest-core/1.3/hamcrest-core-1.3.jar:/home/runner/.m2/repository/org/testcontainers/pulsar/1.20.4/pulsar-1.20.4.jar:/home/runner/.m2/repository/io/debezium/debezium-testing-testcontainers/2.6.2.Final/debezium-testing-testcontainers-2.6.2.Final.jar:/home/runner/.m2/repository/org/testcontainers/kafka/1.20.1/kafka-1.20.1.jar:/home/runner/.m2/repository/com/squareup/okhttp3/okhttp/4.8.1/okhttp-4.8.1.jar:/home/runner/.m2/repository/com/squareup/okio/okio/3.10.2/okio-3.10.2.jar:/home/runner/.m2/repository/com/squareup/okio/okio-jvm/3.10.2/okio-jvm-3.10.2.jar:/home/runner/.m2/repository/org/jetbrains/kotlin/kotlin-stdlib/2.0.10/kotlin-stdlib-2.0.10.jar:/home/runner/.m2/repository/org/awaitility/awaitility/4.2.2/awaitility-4.2.2.jar:/home/runner/.m2/repository/org/testcontainers/mongodb/1.20.1/mongodb-1.20.1.jar:/home/runner/.m2/repository/org/testcontainers/oracle-xe/1.20.1/oracle-xe-1.20.1.jar:/home/runner/.m2/repository/org/testcontainers/postgresql/1.20.1/postgresql-1.20.1.jar:/home/runner/.m2/repository/org/wiremock/wiremock/3.0.1/wiremock-3.0.1.jar:/home/runner/.m2/repository/org/eclipse/jetty/jetty-server/11.0.15/jetty-server-11.0.15.jar:/home/runner/.m2/repository/org/eclipse/jetty/toolchain/jetty-jakarta-servlet-api/5.0.2/jetty-jakarta-servlet-api-5.0.2.jar:/home/runner/.m2/repository/org/eclipse/jetty/jetty-http/11.0.15/jetty-http-11.0.15.jar:/home/runner/.m2/repository/org/eclipse/jetty/jetty-io/11.0.15/jetty-io-11.0.15.jar:/home/runner/.m2/repository/org/eclipse/jetty/jetty-servlet/11.0.15/jetty-servlet-11.0.15.jar:/home/runner/.m2/repository/org/eclipse/jetty/jetty-security/11.0.15/jetty-security-11.0.15.jar:/home/runner/.m2/repository/org/eclipse/jetty/jetty-servlets/11.0.15/jetty-servlets-11.0.15.jar:/home/runner/.m2/repository/org/eclipse/jetty/jetty-util/11.0.15/jetty-util-11.0.15.jar:/home/runner/.m2/repository/org/eclipse/jetty/jetty-webapp/11.0.15/jetty-webapp-11.0.15.jar:/home/runner/.m2/repository/org/eclipse/jetty/jetty-xml/11.0.15/jetty-xml-11.0.15.jar:/home/runner/.m2/repository/org/eclipse/jetty/jetty-proxy/11.0.15/jetty-proxy-11.0.15.jar:/home/runner/.m2/repository/org/eclipse/jetty/jetty-client/11.0.15/jetty-client-11.0.15.jar:/home/runner/.m2/repository/org/eclipse/jetty/http2/http2-server/11.0.15/http2-server-11.0.15.jar:/home/runner/.m2/repository/org/eclipse/jetty/http2/http2-common/11.0.15/http2-common-11.0.15.jar:/home/runner/.m2/repository/org/eclipse/jetty/http2/http2-hpack/11.0.15/http2-hpack-11.0.15.jar:/home/runner/.m2/repository/org/eclipse/jetty/jetty-alpn-server/11.0.15/jetty-alpn-server-11.0.15.jar:/home/runner/.m2/repository/org/eclipse/jetty/jetty-alpn-java-server/11.0.15/jetty-alpn-java-server-11.0.15.jar:/home/runner/.m2/repository/org/eclipse/jetty/jetty-alpn-java-client/11.0.15/jetty-alpn-java-client-11.0.15.jar:/home/runner/.m2/repository/org/eclipse/jetty/jetty-alpn-client/11.0.15/jetty-alpn-client-11.0.15.jar:/home/runner/.m2/repository/org/apache/httpcomponents/client5/httpclient5/5.2.1/httpclient5-5.2.1.jar:/home/runner/.m2/repository/org/apache/httpcomponents/core5/httpcore5/5.2/httpcore5-5.2.jar:/home/runner/.m2/repository/org/apache/httpcomponents/core5/httpcore5-h2/5.2/httpcore5-h2-5.2.jar:/home/runner/.m2/repository/org/xmlunit/xmlunit-core/2.9.1/xmlunit-core-2.9.1.jar:/home/runner/.m2/repository/jakarta/xml/bind/jakarta.xml.bind-api/4.0.2/jakarta.xml.bind-api-4.0.2.jar:/home/runner/.m2/repository/jakarta/activation/jakarta.activation-api/2.1.3/jakarta.activation-api-2.1.3.jar:/home/runner/.m2/repository/org/xmlunit/xmlunit-legacy/2.9.1/xmlunit-legacy-2.9.1.jar:/home/runner/.m2/repository/org/xmlunit/xmlunit-placeholders/2.9.1/xmlunit-placeholders-2.9.1.jar:/home/runner/.m2/repository/net/javacrumbs/json-unit/json-unit-core/2.38.0/json-unit-core-2.38.0.jar:/home/runner/.m2/repository/com/jayway/jsonpath/json-path/2.8.0/json-path-2.8.0.jar:/home/runner/.m2/repository/net/minidev/json-smart/2.4.10/json-smart-2.4.10.jar:/home/runner/.m2/repository/net/minidev/accessors-smart/2.4.9/accessors-smart-2.4.9.jar:/home/runner/.m2/repository/org/ow2/asm/asm/9.7/asm-9.7.jar:/home/runner/.m2/repository/net/sf/jopt-simple/jopt-simple/5.0.4/jopt-simple-5.0.4.jar:/home/runner/.m2/repository/com/github/jknack/handlebars/4.3.1/handlebars-4.3.1.jar:/home/runner/.m2/repository/com/github/jknack/handlebars-helpers/4.3.1/handlebars-helpers-4.3.1.jar:/home/runner/.m2/repository/commons-fileupload/commons-fileupload/1.5/commons-fileupload-1.5.jar:/home/runner/.m2/repository/com/networknt/json-schema-validator/1.5.5/json-schema-validator-1.5.5.jar:/home/runner/.m2/repository/com/ethlo/time/itu/1.10.3/itu-1.10.3.jar:/home/runner/.m2/repository/io/quarkus/quarkus-smallrye-jwt-build/3.15.4/quarkus-smallrye-jwt-build-3.15.4.jar:/home/runner/.m2/repository/io/smallrye/smallrye-jwt-build/4.5.3/smallrye-jwt-build-4.5.3.jar:/home/runner/.m2/repository/org/eclipse/microprofile/jwt/microprofile-jwt-auth-api/2.1/microprofile-jwt-auth-api-2.1.jar:/home/runner/.m2/repository/org/bitbucket/b_c/jose4j/0.9.6/jose4j-0.9.6.jar:/home/runner/.m2/repository/io/smallrye/smallrye-jwt-common/4.5.3/smallrye-jwt-common-4.5.3.jar:/home/runner/.m2/repository/io/quarkus/quarkus-jsonp/3.15.4/quarkus-jsonp-3.15.4.jar:/home/runner/.m2/repository/io/quarkus/quarkus-arc/3.15.4/quarkus-arc-3.15.4.jar:/home/runner/.m2/repository/io/quarkus/arc/arc/3.15.4/arc-3.15.4.jar:/home/runner/.m2/repository/jakarta/transaction/jakarta.transaction-api/2.0.1/jakarta.transaction-api-2.0.1.jar:/home/runner/.m2/repository/io/smallrye/reactive/mutiny/2.6.2/mutiny-2.6.2.jar:/home/runner/.m2/repository/org/jctools/jctools-core/4.0.5/jctools-core-4.0.5.jar:/home/runner/.m2/repository/org/eclipse/microprofile/context-propagation/microprofile-context-propagation-api/1.3/microprofile-context-propagation-api-1.3.jar:/home/runner/.m2/repository/io/apicurio/apicurio-common-rest-client-common/0.1.18.Final/apicurio-common-rest-client-common-0.1.18.Final.jar:/home/runner/work/apicurio-testing/apicurio-testing/clusters/ci419/namespaces/postgresql/tests/integration/apicurio-registry/utils/maven-plugin/target/apicurio-registry-maven-plugin-3.0.9.jar:/home/runner/.m2/repository/com/fasterxml/jackson/core/jackson-databind/2.17.2/jackson-databind-2.17.2.jar:/home/runner/.m2/repository/org/apache/avro/avro/1.12.0/avro-1.12.0.jar:/home/runner/.m2/repository/com/google/protobuf/protobuf-java/3.25.8/protobuf-java-3.25.8.jar:/home/runner/.m2/repository/com/google/protobuf/protobuf-java-util/3.25.8/protobuf-java-util-3.25.8.jar:/home/runner/.m2/repository/com/google/code/findbugs/jsr305/3.0.2/jsr305-3.0.2.jar:/home/runner/.m2/repository/com/google/code/gson/gson/2.11.0/gson-2.11.0.jar:/home/runner/.m2/repository/com/google/errorprone/error_prone_annotations/2.30.0/error_prone_annotations-2.30.0.jar:/home/runner/.m2/repository/com/google/j2objc/j2objc-annotations/2.8/j2objc-annotations-2.8.jar:/home/runner/work/apicurio-testing/apicurio-testing/clusters/ci419/namespaces/postgresql/tests/integration/apicurio-registry/schema-util/util-provider/target/apicurio-registry-schema-util-provider-3.0.9.jar:/home/runner/work/apicurio-testing/apicurio-testing/clusters/ci419/namespaces/postgresql/tests/integration/apicurio-registry/schema-util/common/target/apicurio-registry-schema-util-common-3.0.9.jar:/home/runner/.m2/repository/com/fasterxml/jackson/module/jackson-module-parameter-names/2.17.2/jackson-module-parameter-names-2.17.2.jar:/home/runner/.m2/repository/com/fasterxml/jackson/datatype/jackson-datatype-json-org/2.18.2/jackson-datatype-json-org-2.18.2.jar:/home/runner/work/apicurio-testing/apicurio-testing/clusters/ci419/namespaces/postgresql/tests/integration/apicurio-registry/schema-util/json/target/apicurio-registry-schema-util-json-3.0.9.jar:/home/runner/.m2/repository/com/github/erosb/everit-json-schema/1.14.5/everit-json-schema-1.14.5.jar:/home/runner/.m2/repository/commons-validator/commons-validator/1.9.0/commons-validator-1.9.0.jar:/home/runner/.m2/repository/commons-digester/commons-digester/2.1/commons-digester-2.1.jar:/home/runner/.m2/repository/commons-collections/commons-collections/3.2.2/commons-collections-3.2.2.jar:/home/runner/.m2/repository/com/damnhandy/handy-uri-templates/2.1.8/handy-uri-templates-2.1.8.jar:/home/runner/.m2/repository/joda-time/joda-time/2.10.2/joda-time-2.10.2.jar:/home/runner/.m2/repository/com/github/erosb/json-sKema/0.20.0/json-sKema-0.20.0.jar:/home/runner/.m2/repository/io/vertx/vertx-json-schema/4.5.13/vertx-json-schema-4.5.13.jar:/home/runner/work/apicurio-testing/apicurio-testing/clusters/ci419/namespaces/postgresql/tests/integration/apicurio-registry/schema-util/protobuf/target/apicurio-registry-schema-util-protobuf-3.0.9.jar:/home/runner/work/apicurio-testing/apicurio-testing/clusters/ci419/namespaces/postgresql/tests/integration/apicurio-registry/utils/protobuf-schema-utilities/target/apicurio-registry-protobuf-schema-utilities-3.0.9.jar:/home/runner/.m2/repository/com/google/api/grpc/proto-google-common-protos/2.52.0/proto-google-common-protos-2.52.0.jar:/home/runner/.m2/repository/com/squareup/wire/wire-schema-jvm/5.1.0/wire-schema-jvm-5.1.0.jar:/home/runner/.m2/repository/com/squareup/javapoet/1.13.0/javapoet-1.13.0.jar:/home/runner/.m2/repository/com/squareup/kotlinpoet-jvm/1.18.1/kotlinpoet-jvm-1.18.1.jar:/home/runner/.m2/repository/org/jetbrains/kotlin/kotlin-reflect/2.0.10/kotlin-reflect-2.0.10.jar:/home/runner/.m2/repository/com/squareup/wire/wire-runtime-jvm/5.1.0/wire-runtime-jvm-5.1.0.jar:/home/runner/.m2/repository/com/ibm/icu/icu4j/76.1/icu4j-76.1.jar:/home/runner/.m2/repository/com/squareup/okio/okio-fakefilesystem/3.10.2/okio-fakefilesystem-3.10.2.jar:/home/runner/.m2/repository/com/squareup/okio/okio-fakefilesystem-jvm/3.10.2/okio-fakefilesystem-jvm-3.10.2.jar:/home/runner/.m2/repository/org/jetbrains/kotlinx/kotlinx-datetime-jvm/0.6.1/kotlinx-datetime-jvm-0.6.1.jar:/home/runner/work/apicurio-testing/apicurio-testing/clusters/ci419/namespaces/postgresql/tests/integration/apicurio-registry/schema-util/asyncapi/target/apicurio-registry-schema-util-asyncapi-3.0.9.jar:/home/runner/work/apicurio-testing/apicurio-testing/clusters/ci419/namespaces/postgresql/tests/integration/apicurio-registry/schema-util/avro/target/apicurio-registry-schema-util-avro-3.0.9.jar:/home/runner/work/apicurio-testing/apicurio-testing/clusters/ci419/namespaces/postgresql/tests/integration/apicurio-registry/schema-util/graphql/target/apicurio-registry-schema-util-graphql-3.0.9.jar:/home/runner/.m2/repository/com/graphql-java/graphql-java/22.3/graphql-java-22.3.jar:/home/runner/.m2/repository/com/graphql-java/java-dataloader/3.3.0/java-dataloader-3.3.0.jar:/home/runner/work/apicurio-testing/apicurio-testing/clusters/ci419/namespaces/postgresql/tests/integration/apicurio-registry/schema-util/kconnect/target/apicurio-registry-schema-util-kconnect-3.0.9.jar:/home/runner/work/apicurio-testing/apicurio-testing/clusters/ci419/namespaces/postgresql/tests/integration/apicurio-registry/schema-util/openapi/target/apicurio-registry-schema-util-openapi-3.0.9.jar:/home/runner/.m2/repository/io/apicurio/apicurio-data-models/2.2.1/apicurio-data-models-2.2.1.jar:/home/runner/.m2/repository/org/openapitools/openapidiff/openapi-diff-core/2.0.1/openapi-diff-core-2.0.1.jar:/home/runner/.m2/repository/io/swagger/parser/v3/swagger-parser/2.0.28/swagger-parser-2.0.28.jar:/home/runner/.m2/repository/io/swagger/parser/v3/swagger-parser-v2-converter/2.0.28/swagger-parser-v2-converter-2.0.28.jar:/home/runner/.m2/repository/io/swagger/swagger-core/1.6.3/swagger-core-1.6.3.jar:/home/runner/.m2/repository/io/swagger/swagger-models/1.6.3/swagger-models-1.6.3.jar:/home/runner/.m2/repository/io/swagger/swagger-annotations/1.6.3/swagger-annotations-1.6.3.jar:/home/runner/.m2/repository/io/swagger/swagger-parser/1.0.56/swagger-parser-1.0.56.jar:/home/runner/.m2/repository/io/swagger/swagger-compat-spec-parser/1.0.56/swagger-compat-spec-parser-1.0.56.jar:/home/runner/.m2/repository/com/github/java-json-tools/json-schema-validator/2.2.14/json-schema-validator-2.2.14.jar:/home/runner/.m2/repository/com/github/java-json-tools/jackson-coreutils-equivalence/1.0/jackson-coreutils-equivalence-1.0.jar:/home/runner/.m2/repository/com/github/java-json-tools/json-schema-core/1.2.14/json-schema-core-1.2.14.jar:/home/runner/.m2/repository/com/github/java-json-tools/uri-template/0.10/uri-template-0.10.jar:/home/runner/.m2/repository/com/sun/mail/mailapi/1.6.2/mailapi-1.6.2.jar:/home/runner/.m2/repository/com/googlecode/libphonenumber/libphonenumber/8.11.1/libphonenumber-8.11.1.jar:/home/runner/.m2/repository/com/j2html/j2html/1.5.0/j2html-1.5.0.jar:/home/runner/.m2/repository/org/apache/commons/commons-collections4/4.4/commons-collections4-4.4.jar:/home/runner/.m2/repository/commons-httpclient/commons-httpclient/3.1/commons-httpclient-3.1.jar:/home/runner/.m2/repository/io/swagger/parser/v3/swagger-parser-v3/2.1.25/swagger-parser-v3-2.1.25.jar:/home/runner/.m2/repository/io/swagger/core/v3/swagger-models/2.2.28/swagger-models-2.2.28.jar:/home/runner/.m2/repository/io/swagger/core/v3/swagger-core/2.2.28/swagger-core-2.2.28.jar:/home/runner/.m2/repository/io/swagger/parser/v3/swagger-parser-core/2.1.25/swagger-parser-core-2.1.25.jar:/home/runner/.m2/repository/io/swagger/parser/v3/swagger-parser-safe-url-resolver/2.1.25/swagger-parser-safe-url-resolver-2.1.25.jar:/home/runner/work/apicurio-testing/apicurio-testing/clusters/ci419/namespaces/postgresql/tests/integration/apicurio-registry/schema-util/wsdl/target/apicurio-registry-schema-util-wsdl-3.0.9.jar:/home/runner/.m2/repository/wsdl4j/wsdl4j/1.6.3/wsdl4j-1.6.3.jar:/home/runner/work/apicurio-testing/apicurio-testing/clusters/ci419/namespaces/postgresql/tests/integration/apicurio-registry/schema-util/xml/target/apicurio-registry-schema-util-xml-3.0.9.jar:/home/runner/.m2/repository/org/apache/santuario/xmlsec/4.0.3/xmlsec-4.0.3.jar:/home/runner/.m2/repository/com/fasterxml/woodstox/woodstox-core/7.1.0/woodstox-core-7.1.0.jar:/home/runner/.m2/repository/org/codehaus/woodstox/stax2-api/4.2.2/stax2-api-4.2.2.jar:/home/runner/work/apicurio-testing/apicurio-testing/clusters/ci419/namespaces/postgresql/tests/integration/apicurio-registry/schema-util/xsd/target/apicurio-registry-schema-util-xsd-3.0.9.jar:/home/runner/work/apicurio-testing/apicurio-testing/clusters/ci419/namespaces/postgresql/tests/integration/apicurio-registry/serdes/kafka/jsonschema-serde/target/apicurio-registry-jsonschema-serde-kafka-3.0.9.jar:/home/runner/work/apicurio-testing/apicurio-testing/clusters/ci419/namespaces/postgresql/tests/integration/apicurio-registry/serdes/kafka/serde-kafka-common/target/apicurio-registry-serde-kafka-common-3.0.9.jar:/home/runner/work/apicurio-testing/apicurio-testing/clusters/ci419/namespaces/postgresql/tests/integration/apicurio-registry/serdes/generic/serde-common/target/apicurio-registry-serde-common-3.0.9.jar:/home/runner/work/apicurio-testing/apicurio-testing/clusters/ci419/namespaces/postgresql/tests/integration/apicurio-registry/schema-resolver/target/apicurio-registry-schema-resolver-3.0.9.jar:/home/runner/work/apicurio-testing/apicurio-testing/clusters/ci419/namespaces/postgresql/tests/integration/apicurio-registry/serdes/generic/serde-common-jsonschema/target/apicurio-registry-serde-common-jsonschema-3.0.9.jar:/home/runner/.m2/repository/org/json/json/20250107/json-20250107.jar:/home/runner/work/apicurio-testing/apicurio-testing/clusters/ci419/namespaces/postgresql/tests/integration/apicurio-registry/serdes/kafka/avro-serde/target/apicurio-registry-avro-serde-kafka-3.0.9.jar:/home/runner/work/apicurio-testing/apicurio-testing/clusters/ci419/namespaces/postgresql/tests/integration/apicurio-registry/serdes/generic/serde-common-avro/target/apicurio-registry-serde-common-avro-3.0.9.jar:/home/runner/work/apicurio-testing/apicurio-testing/clusters/ci419/namespaces/postgresql/tests/integration/apicurio-registry/serdes/kafka/protobuf-serde/target/apicurio-registry-protobuf-serde-kafka-3.0.9.jar:/home/runner/work/apicurio-testing/apicurio-testing/clusters/ci419/namespaces/postgresql/tests/integration/apicurio-registry/serdes/generic/serde-common-protobuf/target/apicurio-registry-serde-common-protobuf-3.0.9.jar:/home/runner/.m2/repository/com/squareup/wire/wire-schema/5.1.0/wire-schema-5.1.0.jar:/home/runner/.m2/repository/com/squareup/wire/wire-runtime/5.1.0/wire-runtime-5.1.0.jar:/home/runner/work/apicurio-testing/apicurio-testing/clusters/ci419/namespaces/postgresql/tests/integration/apicurio-registry/serdes/pulsar/avro-serde/target/apicurio-registry-avro-serde-pulsar-3.0.9.jar:/home/runner/.m2/repository/org/apache/pulsar/pulsar-functions-api/3.3.4/pulsar-functions-api-3.3.4.jar:/home/runner/work/apicurio-testing/apicurio-testing/clusters/ci419/namespaces/postgresql/tests/integration/apicurio-registry/serdes/nats/avro-serde/target/apicurio-registry-avro-serde-nats-3.0.9.jar:/home/runner/.m2/repository/io/nats/jnats/2.20.5/jnats-2.20.5.jar:/home/runner/.m2/repository/net/i2p/crypto/eddsa/0.3.0/eddsa-0.3.0.jar:/home/runner/work/apicurio-testing/apicurio-testing/clusters/ci419/namespaces/postgresql/tests/integration/apicurio-registry/utils/converter/target/apicurio-registry-utils-converter-3.0.9.jar:/home/runner/.m2/repository/org/apache/kafka/connect-api/3.9.1/connect-api-3.9.1.jar:/home/runner/.m2/repository/javax/ws/rs/javax.ws.rs-api/2.1.1/javax.ws.rs-api-2.1.1.jar:/home/runner/.m2/repository/org/apache/kafka/connect-json/3.9.1/connect-json-3.9.1.jar:/home/runner/.m2/repository/com/fasterxml/jackson/datatype/jackson-datatype-jdk8/2.17.2/jackson-datatype-jdk8-2.17.2.jar:/home/runner/.m2/repository/com/fasterxml/jackson/module/jackson-module-afterburner/2.17.2/jackson-module-afterburner-2.17.2.jar:/home/runner/work/apicurio-testing/apicurio-testing/clusters/ci419/namespaces/postgresql/tests/integration/apicurio-registry/utils/kafka/target/apicurio-registry-utils-kafka-3.0.9.jar:/home/runner/.m2/repository/org/apache/pulsar/pulsar-client/3.3.4/pulsar-client-3.3.4.jar:/home/runner/.m2/repository/org/apache/pulsar/pulsar-client-api/3.3.4/pulsar-client-api-3.3.4.jar:/home/runner/.m2/repository/org/apache/pulsar/pulsar-client-admin-api/3.3.4/pulsar-client-admin-api-3.3.4.jar:/home/runner/.m2/repository/org/apache/pulsar/bouncy-castle-bc/3.3.4/bouncy-castle-bc-3.3.4-pkg.jar:/home/runner/.m2/repository/org/bouncycastle/bcpkix-jdk18on/1.78.1/bcpkix-jdk18on-1.78.1.jar:/home/runner/.m2/repository/org/bouncycastle/bcutil-jdk18on/1.78.1/bcutil-jdk18on-1.78.1.jar:/home/runner/.m2/repository/org/bouncycastle/bcprov-jdk18on/1.78.1/bcprov-jdk18on-1.78.1.jar:/home/runner/.m2/repository/io/opentelemetry/opentelemetry-api/1.39.0/opentelemetry-api-1.39.0.jar:/home/runner/.m2/repository/io/opentelemetry/opentelemetry-context/1.39.0/opentelemetry-context-1.39.0.jar:/home/runner/.m2/repository/io/opentelemetry/opentelemetry-api-incubator/1.39.0-alpha/opentelemetry-api-incubator-1.39.0-alpha.jar:/home/runner/.m2/repository/com/fasterxml/jackson/core/jackson-annotations/2.17.2/jackson-annotations-2.17.2.jar:/home/runner/.m2/repository/javax/validation/validation-api/1.1.0.Final/validation-api-1.1.0.Final.jar:/home/runner/.m2/repository/io/confluent/kafka-avro-serializer/7.9.0/kafka-avro-serializer-7.9.0.jar:/home/runner/.m2/repository/org/apache/commons/commons-compress/1.27.0/commons-compress-1.27.0.jar:/home/runner/.m2/repository/io/confluent/kafka-schema-serializer/7.9.0/kafka-schema-serializer-7.9.0.jar:/home/runner/.m2/repository/com/fasterxml/jackson/dataformat/jackson-dataformat-csv/2.17.2/jackson-dataformat-csv-2.17.2.jar:/home/runner/.m2/repository/io/confluent/kafka-schema-registry-client/7.9.0/kafka-schema-registry-client-7.9.0.jar:/home/runner/.m2/repository/org/yaml/snakeyaml/2.2/snakeyaml-2.2.jar:/home/runner/.m2/repository/io/swagger/core/v3/swagger-annotations/2.1.10/swagger-annotations-2.1.10.jar:/home/runner/.m2/repository/com/google/guava/guava/33.2.1-jre/guava-33.2.1-jre.jar:/home/runner/.m2/repository/com/google/guava/failureaccess/1.0.1/failureaccess-1.0.1.jar:/home/runner/.m2/repository/org/checkerframework/checker-qual/3.46.0/checker-qual-3.46.0.jar:/home/runner/.m2/repository/io/confluent/logredactor/1.0.12/logredactor-1.0.12.jar:/home/runner/.m2/repository/com/google/re2j/re2j/1.6/re2j-1.6.jar:/home/runner/.m2/repository/io/confluent/logredactor-metrics/1.0.12/logredactor-metrics-1.0.12.jar:/home/runner/.m2/repository/com/eclipsesource/minimal-json/minimal-json/0.9.5/minimal-json-0.9.5.jar:/home/runner/.m2/repository/io/confluent/common-utils/7.9.0/common-utils-7.9.0.jar:/home/runner/.m2/repository/io/confluent/kafka-connect-avro-converter/7.9.0/kafka-connect-avro-converter-7.9.0.jar:/home/runner/.m2/repository/io/confluent/kafka-connect-avro-data/7.9.0/kafka-connect-avro-data-7.9.0.jar:/home/runner/.m2/repository/io/confluent/kafka-schema-converter/7.9.0/kafka-schema-converter-7.9.0.jar:/home/runner/.m2/repository/io/rest-assured/rest-assured/5.5.0/rest-assured-5.5.0.jar:/home/runner/.m2/repository/org/apache/groovy/groovy/4.0.22/groovy-4.0.22.jar:/home/runner/.m2/repository/org/apache/groovy/groovy-xml/4.0.22/groovy-xml-4.0.22.jar:/home/runner/.m2/repository/org/apache/httpcomponents/httpclient/4.5.14/httpclient-4.5.14.jar:/home/runner/.m2/repository/org/apache/httpcomponents/httpcore/4.4.16/httpcore-4.4.16.jar:/home/runner/.m2/repository/org/apache/httpcomponents/httpmime/4.5.14/httpmime-4.5.14.jar:/home/runner/.m2/repository/org/hamcrest/hamcrest/2.2/hamcrest-2.2.jar:/home/runner/.m2/repository/org/ccil/cowan/tagsoup/tagsoup/1.2.1/tagsoup-1.2.1.jar:/home/runner/.m2/repository/io/rest-assured/json-path/5.5.0/json-path-5.5.0.jar:/home/runner/.m2/repository/org/apache/groovy/groovy-json/4.0.22/groovy-json-4.0.22.jar:/home/runner/.m2/repository/io/rest-assured/rest-assured-common/5.5.0/rest-assured-common-5.5.0.jar:/home/runner/.m2/repository/io/rest-assured/xml-path/5.5.0/xml-path-5.5.0.jar:/home/runner/.m2/repository/io/zonky/test/embedded-postgres/2.1.0/embedded-postgres-2.1.0.jar:/home/runner/.m2/repository/io/zonky/test/postgres/embedded-postgres-binaries-windows-amd64/14.15.0/embedded-postgres-binaries-windows-amd64-14.15.0.jar:/home/runner/.m2/repository/io/zonky/test/postgres/embedded-postgres-binaries-darwin-amd64/14.15.0/embedded-postgres-binaries-darwin-amd64-14.15.0.jar:/home/runner/.m2/repository/io/zonky/test/postgres/embedded-postgres-binaries-linux-amd64/14.15.0/embedded-postgres-binaries-linux-amd64-14.15.0.jar:/home/runner/.m2/repository/io/zonky/test/postgres/embedded-postgres-binaries-linux-amd64-alpine/14.15.0/embedded-postgres-binaries-linux-amd64-alpine-14.15.0.jar:/home/runner/.m2/repository/org/apache/commons/commons-lang3/3.14.0/commons-lang3-3.14.0.jar:/home/runner/.m2/repository/org/tukaani/xz/1.10/xz-1.10.jar:/home/runner/.m2/repository/commons-codec/commons-codec/1.18.0/commons-codec-1.18.0.jar:/home/runner/.m2/repository/org/postgresql/postgresql/42.7.4/postgresql-42.7.4.jar:/home/runner/.m2/repository/commons-io/commons-io/2.16.1/commons-io-2.16.1.jar:/home/runner/work/apicurio-testing/apicurio-testing/clusters/ci419/namespaces/postgresql/tests/integration/apicurio-registry/utils/importexport/target/apicurio-registry-utils-import-export-3.0.9.jar:/home/runner/.m2/repository/io/vertx/vertx-core/4.5.13/vertx-core-4.5.13.jar:/home/runner/.m2/repository/io/netty/netty-common/4.1.118.Final/netty-common-4.1.118.Final.jar:/home/runner/.m2/repository/io/netty/netty-buffer/4.1.118.Final/netty-buffer-4.1.118.Final.jar:/home/runner/.m2/repository/io/netty/netty-transport/4.1.118.Final/netty-transport-4.1.118.Final.jar:/home/runner/.m2/repository/io/netty/netty-handler/4.1.118.Final/netty-handler-4.1.118.Final.jar:/home/runner/.m2/repository/io/netty/netty-transport-native-unix-common/4.1.118.Final/netty-transport-native-unix-common-4.1.118.Final.jar:/home/runner/.m2/repository/io/netty/netty-codec/4.1.118.Final/netty-codec-4.1.118.Final.jar:/home/runner/.m2/repository/io/netty/netty-handler-proxy/4.1.118.Final/netty-handler-proxy-4.1.118.Final.jar:/home/runner/.m2/repository/io/netty/netty-codec-socks/4.1.118.Final/netty-codec-socks-4.1.118.Final.jar:/home/runner/.m2/repository/io/netty/netty-codec-http/4.1.118.Final/netty-codec-http-4.1.118.Final.jar:/home/runner/.m2/repository/io/netty/netty-codec-http2/4.1.118.Final/netty-codec-http2-4.1.118.Final.jar:/home/runner/.m2/repository/io/netty/netty-resolver/4.1.118.Final/netty-resolver-4.1.118.Final.jar:/home/runner/.m2/repository/io/netty/netty-resolver-dns/4.1.118.Final/netty-resolver-dns-4.1.118.Final.jar:/home/runner/.m2/repository/io/netty/netty-codec-dns/4.1.118.Final/netty-codec-dns-4.1.118.Final.jar:/home/runner/.m2/repository/com/fasterxml/jackson/core/jackson-core/2.17.2/jackson-core-2.17.2.jar:"/>
    <property name="java.vm.vendor" value="Eclipse Adoptium"/>
    <property name="maven.javadoc.skip" value="true"/>
    <property name="sun.arch.data.model" value="64"/>
    <property name="java.vendor.url" value="https://adoptium.net/"/>
    <property name="user.timezone" value="Etc/UTC"/>
    <property name="os.name" value="Linux"/>
    <property name="java.vm.specification.version" value="17"/>
    <property name="sun.java.launcher" value="SUN_STANDARD"/>
    <property name="quarkus.http.test-port" value="80"/>
    <property name="sun.boot.library.path" value="/usr/lib/jvm/temurin-17-jdk-amd64/lib"/>
    <property name="sun.java.command" value="/home/runner/work/apicurio-testing/apicurio-testing/clusters/ci419/namespaces/postgresql/tests/integration/apicurio-registry/integration-tests/target/surefire/surefirebooter-20250731152920023_3.jar /home/runner/work/apicurio-testing/apicurio-testing/clusters/ci419/namespaces/postgresql/tests/integration/apicurio-registry/integration-tests/target/surefire 2025-07-31T15-29-19_959-jvmRun1 surefire-20250731152920023_1tmp surefire_0-20250731152920023_2tmp"/>
    <property name="maven.home" value="/home/runner/.m2/wrapper/dists/apache-maven-3.9.8-bin/4fnp1ql35bgk2a0p7m31ovbgb0/apache-maven-3.9.8"/>
    <property name="jdk.debug" value="release"/>
    <property name="surefire.test.class.path" value="/home/runner/work/apicurio-testing/apicurio-testing/clusters/ci419/namespaces/postgresql/tests/integration/apicurio-registry/integration-tests/target/test-classes:/home/runner/work/apicurio-testing/apicurio-testing/clusters/ci419/namespaces/postgresql/tests/integration/apicurio-registry/integration-tests/target/apicurio-registry-integration-tests-3.0.9.jar:/home/runner/.m2/repository/io/quarkus/quarkus-junit5/3.15.4/quarkus-junit5-3.15.4.jar:/home/runner/.m2/repository/io/quarkus/quarkus-bootstrap-core/3.15.4/quarkus-bootstrap-core-3.15.4.jar:/home/runner/.m2/repository/io/quarkus/quarkus-classloader-commons/3.15.4/quarkus-classloader-commons-3.15.4.jar:/home/runner/.m2/repository/io/quarkus/quarkus-bootstrap-app-model/3.15.4/quarkus-bootstrap-app-model-3.15.4.jar:/home/runner/.m2/repository/io/smallrye/common/smallrye-common-io/2.6.1/smallrye-common-io-2.6.1.jar:/home/runner/.m2/repository/org/eclipse/sisu/org.eclipse.sisu.inject/0.9.0.M3/org.eclipse.sisu.inject-0.9.0.M3.jar:/home/runner/.m2/repository/io/quarkus/quarkus-test-common/3.15.4/quarkus-test-common-3.15.4.jar:/home/runner/.m2/repository/io/quarkus/quarkus-core-deployment/3.15.4/quarkus-core-deployment-3.15.4.jar:/home/runner/.m2/repository/org/aesh/readline/2.6/readline-2.6.jar:/home/runner/.m2/repository/org/fusesource/jansi/jansi/2.4.0/jansi-2.4.0.jar:/home/runner/.m2/repository/org/aesh/aesh/2.8.2/aesh-2.8.2.jar:/home/runner/.m2/repository/io/quarkus/gizmo/gizmo/1.8.0/gizmo-1.8.0.jar:/home/runner/.m2/repository/org/ow2/asm/asm-util/9.7/asm-util-9.7.jar:/home/runner/.m2/repository/org/ow2/asm/asm-analysis/9.7/asm-analysis-9.7.jar:/home/runner/.m2/repository/org/ow2/asm/asm-commons/9.7/asm-commons-9.7.jar:/home/runner/.m2/repository/org/ow2/asm/asm-tree/9.7/asm-tree-9.7.jar:/home/runner/.m2/repository/io/quarkus/quarkus-hibernate-validator-spi/3.15.4/quarkus-hibernate-validator-spi-3.15.4.jar:/home/runner/.m2/repository/io/quarkus/quarkus-class-change-agent/3.15.4/quarkus-class-change-agent-3.15.4.jar:/home/runner/.m2/repository/io/quarkus/quarkus-devtools-utilities/3.15.4/quarkus-devtools-utilities-3.15.4.jar:/home/runner/.m2/repository/io/quarkus/quarkus-builder/3.15.4/quarkus-builder-3.15.4.jar:/home/runner/.m2/repository/org/graalvm/sdk/nativeimage/23.1.2/nativeimage-23.1.2.jar:/home/runner/.m2/repository/org/graalvm/sdk/word/23.1.2/word-23.1.2.jar:/home/runner/.m2/repository/io/quarkus/quarkus-bootstrap-maven-resolver/3.15.4/quarkus-bootstrap-maven-resolver-3.15.4.jar:/home/runner/.m2/repository/io/smallrye/beanbag/smallrye-beanbag-maven/1.5.2/smallrye-beanbag-maven-1.5.2.jar:/home/runner/.m2/repository/io/smallrye/beanbag/smallrye-beanbag-sisu/1.5.2/smallrye-beanbag-sisu-1.5.2.jar:/home/runner/.m2/repository/io/smallrye/beanbag/smallrye-beanbag/1.5.2/smallrye-beanbag-1.5.2.jar:/home/runner/.m2/repository/javax/inject/javax.inject/1/javax.inject-1.jar:/home/runner/.m2/repository/org/apache/maven/maven-artifact/3.9.8/maven-artifact-3.9.8.jar:/home/runner/.m2/repository/org/apache/maven/maven-builder-support/3.9.8/maven-builder-support-3.9.8.jar:/home/runner/.m2/repository/org/apache/maven/maven-model/3.9.8/maven-model-3.9.8.jar:/home/runner/.m2/repository/org/apache/maven/maven-model-builder/3.9.8/maven-model-builder-3.9.8.jar:/home/runner/.m2/repository/org/apache/maven/maven-repository-metadata/3.9.8/maven-repository-metadata-3.9.8.jar:/home/runner/.m2/repository/org/apache/maven/maven-settings/3.9.8/maven-settings-3.9.8.jar:/home/runner/.m2/repository/org/apache/maven/resolver/maven-resolver-api/1.9.22/maven-resolver-api-1.9.22.jar:/home/runner/.m2/repository/org/apache/maven/resolver/maven-resolver-impl/1.9.22/maven-resolver-impl-1.9.22.jar:/home/runner/.m2/repository/org/apache/maven/resolver/maven-resolver-named-locks/1.9.22/maven-resolver-named-locks-1.9.22.jar:/home/runner/.m2/repository/org/apache/maven/resolver/maven-resolver-spi/1.9.22/maven-resolver-spi-1.9.22.jar:/home/runner/.m2/repository/org/apache/maven/resolver/maven-resolver-util/1.9.22/maven-resolver-util-1.9.22.jar:/home/runner/.m2/repository/org/apache/maven/resolver/maven-resolver-transport-http/1.9.20/maven-resolver-transport-http-1.9.20.jar:/home/runner/.m2/repository/org/apache/maven/wagon/wagon-provider-api/3.5.3/wagon-provider-api-3.5.3.jar:/home/runner/.m2/repository/org/apache/maven/wagon/wagon-http-shared/3.5.3/wagon-http-shared-3.5.3.jar:/home/runner/.m2/repository/org/codehaus/plexus/plexus-interpolation/1.26/plexus-interpolation-1.26.jar:/home/runner/.m2/repository/org/codehaus/plexus/plexus-utils/3.5.1/plexus-utils-3.5.1.jar:/home/runner/.m2/repository/org/codehaus/plexus/plexus-xml/4.0.1/plexus-xml-4.0.1.jar:/home/runner/.m2/repository/org/apache/maven/maven-xml-impl/4.0.0-alpha-5/maven-xml-impl-4.0.0-alpha-5.jar:/home/runner/.m2/repository/org/apache/maven/maven-api-xml/4.0.0-alpha-5/maven-api-xml-4.0.0-alpha-5.jar:/home/runner/.m2/repository/org/apache/maven/maven-api-meta/4.0.0-alpha-5/maven-api-meta-4.0.0-alpha-5.jar:/home/runner/.m2/repository/org/codehaus/plexus/plexus-cipher/2.0/plexus-cipher-2.0.jar:/home/runner/.m2/repository/org/codehaus/plexus/plexus-sec-dispatcher/2.0/plexus-sec-dispatcher-2.0.jar:/home/runner/.m2/repository/org/apache/maven/maven-embedder/3.9.8/maven-embedder-3.9.8.jar:/home/runner/.m2/repository/org/apache/maven/maven-core/3.9.8/maven-core-3.9.8.jar:/home/runner/.m2/repository/org/codehaus/plexus/plexus-component-annotations/2.1.0/plexus-component-annotations-2.1.0.jar:/home/runner/.m2/repository/org/apache/maven/maven-plugin-api/3.9.8/maven-plugin-api-3.9.8.jar:/home/runner/.m2/repository/org/apache/maven/shared/maven-shared-utils/3.4.2/maven-shared-utils-3.4.2.jar:/home/runner/.m2/repository/com/google/inject/guice/5.1.0/guice-5.1.0.jar:/home/runner/.m2/repository/aopalliance/aopalliance/1.0/aopalliance-1.0.jar:/home/runner/.m2/repository/javax/annotation/javax.annotation-api/1.3.2/javax.annotation-api-1.3.2.jar:/home/runner/.m2/repository/org/codehaus/plexus/plexus-classworlds/2.6.0/plexus-classworlds-2.6.0.jar:/home/runner/.m2/repository/commons-cli/commons-cli/1.8.0/commons-cli-1.8.0.jar:/home/runner/.m2/repository/org/eclipse/sisu/org.eclipse.sisu.plexus/0.9.0.M3/org.eclipse.sisu.plexus-0.9.0.M3.jar:/home/runner/.m2/repository/org/apache/maven/maven-settings-builder/3.9.8/maven-settings-builder-3.9.8.jar:/home/runner/.m2/repository/org/apache/maven/maven-resolver-provider/3.9.8/maven-resolver-provider-3.9.8.jar:/home/runner/.m2/repository/org/apache/maven/resolver/maven-resolver-connector-basic/1.9.22/maven-resolver-connector-basic-1.9.22.jar:/home/runner/.m2/repository/org/apache/maven/resolver/maven-resolver-transport-wagon/1.9.22/maven-resolver-transport-wagon-1.9.22.jar:/home/runner/.m2/repository/org/apache/maven/wagon/wagon-http/3.5.3/wagon-http-3.5.3.jar:/home/runner/.m2/repository/org/apache/maven/wagon/wagon-file/3.5.3/wagon-file-3.5.3.jar:/home/runner/.m2/repository/io/quarkus/quarkus-bootstrap-gradle-resolver/3.15.4/quarkus-bootstrap-gradle-resolver-3.15.4.jar:/home/runner/.m2/repository/io/smallrye/jandex/3.2.3/jandex-3.2.3.jar:/home/runner/.m2/repository/org/jboss/logging/commons-logging-jboss-logging/1.0.0.Final/commons-logging-jboss-logging-1.0.0.Final.jar:/home/runner/.m2/repository/io/quarkus/quarkus-junit5-properties/3.15.4/quarkus-junit5-properties-3.15.4.jar:/home/runner/.m2/repository/org/junit/jupiter/junit-jupiter/5.10.3/junit-jupiter-5.10.3.jar:/home/runner/.m2/repository/org/junit/jupiter/junit-jupiter-api/5.10.3/junit-jupiter-api-5.10.3.jar:/home/runner/.m2/repository/org/junit/jupiter/junit-jupiter-params/5.10.3/junit-jupiter-params-5.10.3.jar:/home/runner/.m2/repository/org/junit/jupiter/junit-jupiter-engine/5.10.3/junit-jupiter-engine-5.10.3.jar:/home/runner/.m2/repository/io/quarkus/quarkus-core/3.15.4/quarkus-core-3.15.4.jar:/home/runner/.m2/repository/jakarta/enterprise/jakarta.enterprise.cdi-api/4.1.0/jakarta.enterprise.cdi-api-4.1.0.jar:/home/runner/.m2/repository/jakarta/enterprise/jakarta.enterprise.lang-model/4.1.0/jakarta.enterprise.lang-model-4.1.0.jar:/home/runner/.m2/repository/jakarta/el/jakarta.el-api/5.0.1/jakarta.el-api-5.0.1.jar:/home/runner/.m2/repository/jakarta/interceptor/jakarta.interceptor-api/2.2.0/jakarta.interceptor-api-2.2.0.jar:/home/runner/.m2/repository/jakarta/inject/jakarta.inject-api/2.0.1/jakarta.inject-api-2.0.1.jar:/home/runner/.m2/repository/io/smallrye/common/smallrye-common-os/2.6.1/smallrye-common-os-2.6.1.jar:/home/runner/.m2/repository/io/quarkus/quarkus-ide-launcher/3.15.4/quarkus-ide-launcher-3.15.4.jar:/home/runner/.m2/repository/io/quarkus/quarkus-development-mode-spi/3.15.4/quarkus-development-mode-spi-3.15.4.jar:/home/runner/.m2/repository/io/smallrye/config/smallrye-config/3.9.1/smallrye-config-3.9.1.jar:/home/runner/.m2/repository/io/smallrye/config/smallrye-config-core/3.9.1/smallrye-config-core-3.9.1.jar:/home/runner/.m2/repository/io/smallrye/common/smallrye-common-annotation/2.6.1/smallrye-common-annotation-2.6.1.jar:/home/runner/.m2/repository/io/smallrye/common/smallrye-common-classloader/2.6.1/smallrye-common-classloader-2.6.1.jar:/home/runner/.m2/repository/io/smallrye/config/smallrye-config-common/3.9.1/smallrye-config-common-3.9.1.jar:/home/runner/.m2/repository/org/jboss/logging/jboss-logging/3.6.0.Final/jboss-logging-3.6.0.Final.jar:/home/runner/.m2/repository/org/jboss/logmanager/jboss-logmanager/3.1.1.Final/jboss-logmanager-3.1.1.Final.jar:/home/runner/.m2/repository/io/smallrye/common/smallrye-common-constraint/2.6.1/smallrye-common-constraint-2.6.1.jar:/home/runner/.m2/repository/io/smallrye/common/smallrye-common-cpu/2.6.1/smallrye-common-cpu-2.6.1.jar:/home/runner/.m2/repository/io/smallrye/common/smallrye-common-expression/2.6.1/smallrye-common-expression-2.6.1.jar:/home/runner/.m2/repository/io/smallrye/common/smallrye-common-function/2.6.1/smallrye-common-function-2.6.1.jar:/home/runner/.m2/repository/io/smallrye/common/smallrye-common-net/2.6.1/smallrye-common-net-2.6.1.jar:/home/runner/.m2/repository/io/smallrye/common/smallrye-common-ref/2.6.1/smallrye-common-ref-2.6.1.jar:/home/runner/.m2/repository/jakarta/json/jakarta.json-api/2.1.3/jakarta.json-api-2.1.3.jar:/home/runner/.m2/repository/org/eclipse/parsson/parsson/1.1.7/parsson-1.1.7.jar:/home/runner/.m2/repository/org/jboss/logging/jboss-logging-annotations/3.0.1.Final/jboss-logging-annotations-3.0.1.Final.jar:/home/runner/.m2/repository/org/jboss/threads/jboss-threads/3.6.1.Final/jboss-threads-3.6.1.Final.jar:/home/runner/.m2/repository/org/jboss/slf4j/slf4j-jboss-logmanager/2.0.0.Final/slf4j-jboss-logmanager-2.0.0.Final.jar:/home/runner/.m2/repository/org/wildfly/common/wildfly-common/1.7.0.Final/wildfly-common-1.7.0.Final.jar:/home/runner/.m2/repository/io/quarkus/quarkus-bootstrap-runner/3.15.4/quarkus-bootstrap-runner-3.15.4.jar:/home/runner/.m2/repository/io/github/crac/org-crac/0.1.3/org-crac-0.1.3.jar:/home/runner/.m2/repository/io/quarkus/quarkus-fs-util/0.0.10/quarkus-fs-util-0.0.10.jar:/home/runner/.m2/repository/org/jboss/marshalling/jboss-marshalling/2.2.1.Final/jboss-marshalling-2.2.1.Final.jar:/home/runner/.m2/repository/io/fabric8/kubernetes-client/6.13.5/kubernetes-client-6.13.5.jar:/home/runner/.m2/repository/io/fabric8/kubernetes-client-api/6.13.5/kubernetes-client-api-6.13.5.jar:/home/runner/.m2/repository/io/fabric8/kubernetes-model-core/6.13.5/kubernetes-model-core-6.13.5.jar:/home/runner/.m2/repository/io/fabric8/kubernetes-model-common/6.13.5/kubernetes-model-common-6.13.5.jar:/home/runner/.m2/repository/io/fabric8/kubernetes-model-gatewayapi/6.13.5/kubernetes-model-gatewayapi-6.13.5.jar:/home/runner/.m2/repository/io/fabric8/kubernetes-model-resource/6.13.5/kubernetes-model-resource-6.13.5.jar:/home/runner/.m2/repository/io/fabric8/kubernetes-model-rbac/6.13.5/kubernetes-model-rbac-6.13.5.jar:/home/runner/.m2/repository/io/fabric8/kubernetes-model-admissionregistration/6.13.5/kubernetes-model-admissionregistration-6.13.5.jar:/home/runner/.m2/repository/io/fabric8/kubernetes-model-apps/6.13.5/kubernetes-model-apps-6.13.5.jar:/home/runner/.m2/repository/io/fabric8/kubernetes-model-autoscaling/6.13.5/kubernetes-model-autoscaling-6.13.5.jar:/home/runner/.m2/repository/io/fabric8/kubernetes-model-apiextensions/6.13.5/kubernetes-model-apiextensions-6.13.5.jar:/home/runner/.m2/repository/io/fabric8/kubernetes-model-batch/6.13.5/kubernetes-model-batch-6.13.5.jar:/home/runner/.m2/repository/io/fabric8/kubernetes-model-certificates/6.13.5/kubernetes-model-certificates-6.13.5.jar:/home/runner/.m2/repository/io/fabric8/kubernetes-model-coordination/6.13.5/kubernetes-model-coordination-6.13.5.jar:/home/runner/.m2/repository/io/fabric8/kubernetes-model-discovery/6.13.5/kubernetes-model-discovery-6.13.5.jar:/home/runner/.m2/repository/io/fabric8/kubernetes-model-events/6.13.5/kubernetes-model-events-6.13.5.jar:/home/runner/.m2/repository/io/fabric8/kubernetes-model-extensions/6.13.5/kubernetes-model-extensions-6.13.5.jar:/home/runner/.m2/repository/io/fabric8/kubernetes-model-flowcontrol/6.13.5/kubernetes-model-flowcontrol-6.13.5.jar:/home/runner/.m2/repository/io/fabric8/kubernetes-model-networking/6.13.5/kubernetes-model-networking-6.13.5.jar:/home/runner/.m2/repository/io/fabric8/kubernetes-model-metrics/6.13.5/kubernetes-model-metrics-6.13.5.jar:/home/runner/.m2/repository/io/fabric8/kubernetes-model-policy/6.13.5/kubernetes-model-policy-6.13.5.jar:/home/runner/.m2/repository/io/fabric8/kubernetes-model-scheduling/6.13.5/kubernetes-model-scheduling-6.13.5.jar:/home/runner/.m2/repository/io/fabric8/kubernetes-model-storageclass/6.13.5/kubernetes-model-storageclass-6.13.5.jar:/home/runner/.m2/repository/io/fabric8/kubernetes-model-node/6.13.5/kubernetes-model-node-6.13.5.jar:/home/runner/.m2/repository/org/snakeyaml/snakeyaml-engine/2.7/snakeyaml-engine-2.7.jar:/home/runner/.m2/repository/com/fasterxml/jackson/dataformat/jackson-dataformat-yaml/2.15.2/jackson-dataformat-yaml-2.15.2.jar:/home/runner/.m2/repository/com/fasterxml/jackson/datatype/jackson-datatype-jsr310/2.17.2/jackson-datatype-jsr310-2.17.2.jar:/home/runner/.m2/repository/io/fabric8/zjsonpatch/0.3.0/zjsonpatch-0.3.0.jar:/home/runner/.m2/repository/io/fabric8/kubernetes-httpclient-vertx/6.13.5/kubernetes-httpclient-vertx-6.13.5.jar:/home/runner/.m2/repository/io/vertx/vertx-web-client/4.5.13/vertx-web-client-4.5.13.jar:/home/runner/.m2/repository/io/vertx/vertx-web-common/4.5.13/vertx-web-common-4.5.13.jar:/home/runner/.m2/repository/io/vertx/vertx-auth-common/4.5.13/vertx-auth-common-4.5.13.jar:/home/runner/.m2/repository/io/vertx/vertx-uri-template/4.5.13/vertx-uri-template-4.5.13.jar:/home/runner/.m2/repository/io/fabric8/openshift-client/6.13.5/openshift-client-6.13.5.jar:/home/runner/.m2/repository/io/fabric8/openshift-client-api/6.13.5/openshift-client-api-6.13.5.jar:/home/runner/.m2/repository/io/fabric8/openshift-model/6.13.5/openshift-model-6.13.5.jar:/home/runner/.m2/repository/io/fabric8/openshift-model-clusterautoscaling/6.13.5/openshift-model-clusterautoscaling-6.13.5.jar:/home/runner/.m2/repository/io/fabric8/openshift-model-operator/6.13.5/openshift-model-operator-6.13.5.jar:/home/runner/.m2/repository/io/fabric8/openshift-model-operatorhub/6.13.5/openshift-model-operatorhub-6.13.5.jar:/home/runner/.m2/repository/io/fabric8/openshift-model-machine/6.13.5/openshift-model-machine-6.13.5.jar:/home/runner/.m2/repository/io/fabric8/openshift-model-whereabouts/6.13.5/openshift-model-whereabouts-6.13.5.jar:/home/runner/.m2/repository/io/fabric8/openshift-model-monitoring/6.13.5/openshift-model-monitoring-6.13.5.jar:/home/runner/.m2/repository/io/fabric8/openshift-model-storageversionmigrator/6.13.5/openshift-model-storageversionmigrator-6.13.5.jar:/home/runner/.m2/repository/io/fabric8/openshift-model-tuned/6.13.5/openshift-model-tuned-6.13.5.jar:/home/runner/.m2/repository/io/fabric8/openshift-model-console/6.13.5/openshift-model-console-6.13.5.jar:/home/runner/.m2/repository/io/fabric8/openshift-model-config/6.13.5/openshift-model-config-6.13.5.jar:/home/runner/.m2/repository/io/fabric8/openshift-model-machineconfig/6.13.5/openshift-model-machineconfig-6.13.5.jar:/home/runner/.m2/repository/io/fabric8/openshift-model-miscellaneous/6.13.5/openshift-model-miscellaneous-6.13.5.jar:/home/runner/.m2/repository/io/fabric8/openshift-model-hive/6.13.5/openshift-model-hive-6.13.5.jar:/home/runner/.m2/repository/io/fabric8/openshift-model-installer/6.13.5/openshift-model-installer-6.13.5.jar:/home/runner/.m2/repository/com/github/mifmif/generex/1.0.2/generex-1.0.2.jar:/home/runner/.m2/repository/dk/brics/automaton/automaton/1.11-8/automaton-1.11-8.jar:/home/runner/.m2/repository/org/junit/platform/junit-platform-launcher/1.10.3/junit-platform-launcher-1.10.3.jar:/home/runner/.m2/repository/org/junit/platform/junit-platform-engine/1.10.3/junit-platform-engine-1.10.3.jar:/home/runner/.m2/repository/org/opentest4j/opentest4j/1.3.0/opentest4j-1.3.0.jar:/home/runner/.m2/repository/org/junit/platform/junit-platform-commons/1.10.3/junit-platform-commons-1.10.3.jar:/home/runner/.m2/repository/org/apiguardian/apiguardian-api/1.1.2/apiguardian-api-1.1.2.jar:/home/runner/.m2/repository/jakarta/ws/rs/jakarta.ws.rs-api/3.1.0/jakarta.ws.rs-api-3.1.0.jar:/home/runner/work/apicurio-testing/apicurio-testing/clusters/ci419/namespaces/postgresql/tests/integration/apicurio-registry/java-sdk/target/apicurio-registry-java-sdk-3.0.9.jar:/home/runner/.m2/repository/com/microsoft/kiota/microsoft-kiota-abstractions/1.8.4/microsoft-kiota-abstractions-1.8.4.jar:/home/runner/.m2/repository/io/github/std-uritemplate/std-uritemplate/2.0.0/std-uritemplate-2.0.0.jar:/home/runner/.m2/repository/io/kiota/kiota-http-jdk/0.0.21/kiota-http-jdk-0.0.21.jar:/home/runner/.m2/repository/io/kiota/kiota-http-vertx/0.0.21/kiota-http-vertx-0.0.21.jar:/home/runner/.m2/repository/io/kiota/kiota-serialization-jackson/0.0.21/kiota-serialization-jackson-0.0.21.jar:/home/runner/.m2/repository/com/microsoft/kiota/microsoft-kiota-serialization-text/1.8.4/microsoft-kiota-serialization-text-1.8.4.jar:/home/runner/.m2/repository/com/microsoft/kiota/microsoft-kiota-serialization-form/1.8.4/microsoft-kiota-serialization-form-1.8.4.jar:/home/runner/.m2/repository/com/microsoft/kiota/microsoft-kiota-serialization-multipart/1.8.4/microsoft-kiota-serialization-multipart-1.8.4.jar:/home/runner/.m2/repository/jakarta/annotation/jakarta.annotation-api/3.0.0/jakarta.annotation-api-3.0.0.jar:/home/runner/.m2/repository/io/vertx/vertx-auth-oauth2/4.5.13/vertx-auth-oauth2-4.5.13.jar:/home/runner/work/apicurio-testing/apicurio-testing/clusters/ci419/namespaces/postgresql/tests/integration/apicurio-registry/java-sdk-v2/target/apicurio-registry-v2-java-sdk-3.0.9.jar:/home/runner/work/apicurio-testing/apicurio-testing/clusters/ci419/namespaces/postgresql/tests/integration/apicurio-registry/utils/kafka/target/apicurio-registry-utils-kafka-3.0.9-tests.jar:/home/runner/.m2/repository/org/eclipse/microprofile/config/microprofile-config-api/3.1/microprofile-config-api-3.1.jar:/home/runner/.m2/repository/org/apache/kafka/kafka-clients/3.9.0/kafka-clients-3.9.0.jar:/home/runner/.m2/repository/com/github/luben/zstd-jni/1.5.6-4/zstd-jni-1.5.6-4.jar:/home/runner/.m2/repository/org/lz4/lz4-java/1.8.0/lz4-java-1.8.0.jar:/home/runner/.m2/repository/org/xerial/snappy/snappy-java/1.1.10.5/snappy-java-1.1.10.5.jar:/home/runner/.m2/repository/org/slf4j/slf4j-api/2.0.6/slf4j-api-2.0.6.jar:/home/runner/work/apicurio-testing/apicurio-testing/clusters/ci419/namespaces/postgresql/tests/integration/apicurio-registry/utils/tests/target/apicurio-registry-utils-tests-3.0.9.jar:/home/runner/work/apicurio-testing/apicurio-testing/clusters/ci419/namespaces/postgresql/tests/integration/apicurio-registry/common/target/apicurio-registry-common-3.0.9.jar:/home/runner/.m2/repository/jakarta/validation/jakarta.validation-api/3.0.2/jakarta.validation-api-3.0.2.jar:/home/runner/.m2/repository/com/github/dasniko/testcontainers-keycloak/3.6.0/testcontainers-keycloak-3.6.0.jar:/home/runner/.m2/repository/org/testcontainers/testcontainers/1.20.1/testcontainers-1.20.1.jar:/home/runner/.m2/repository/org/rnorth/duct-tape/duct-tape/1.0.8/duct-tape-1.0.8.jar:/home/runner/.m2/repository/org/jetbrains/annotations/24.1.0/annotations-24.1.0.jar:/home/runner/.m2/repository/com/github/docker-java/docker-java-transport-zerodep/3.4.0/docker-java-transport-zerodep-3.4.0.jar:/home/runner/.m2/repository/com/github/docker-java/docker-java-transport/3.4.0/docker-java-transport-3.4.0.jar:/home/runner/.m2/repository/net/java/dev/jna/jna/5.8.0/jna-5.8.0.jar:/home/runner/.m2/repository/io/quarkus/quarkus-junit4-mock/3.15.4/quarkus-junit4-mock-3.15.4.jar:/home/runner/.m2/repository/org/jboss/shrinkwrap/shrinkwrap-api/2.0.0-beta-2/shrinkwrap-api-2.0.0-beta-2.jar:/home/runner/.m2/repository/org/jboss/shrinkwrap/shrinkwrap-impl-base/2.0.0-beta-2/shrinkwrap-impl-base-2.0.0-beta-2.jar:/home/runner/.m2/repository/org/jboss/shrinkwrap/shrinkwrap-spi/2.0.0-beta-2/shrinkwrap-spi-2.0.0-beta-2.jar:/home/runner/.m2/repository/org/keycloak/keycloak-admin-client/25.0.6/keycloak-admin-client-25.0.6.jar:/home/runner/.m2/repository/org/keycloak/keycloak-core/25.0.6/keycloak-core-25.0.6.jar:/home/runner/.m2/repository/org/keycloak/keycloak-common/25.0.6/keycloak-common-25.0.6.jar:/home/runner/.m2/repository/org/jboss/resteasy/resteasy-client/6.2.9.Final/resteasy-client-6.2.9.Final.jar:/home/runner/.m2/repository/org/jboss/resteasy/resteasy-client-api/6.2.9.Final/resteasy-client-api-6.2.9.Final.jar:/home/runner/.m2/repository/org/jboss/resteasy/resteasy-core-spi/6.2.9.Final/resteasy-core-spi-6.2.9.Final.jar:/home/runner/.m2/repository/org/jboss/resteasy/resteasy-core/6.2.9.Final/resteasy-core-6.2.9.Final.jar:/home/runner/.m2/repository/org/eclipse/angus/angus-activation/2.0.2/angus-activation-2.0.2.jar:/home/runner/.m2/repository/com/ibm/async/asyncutil/0.1.0/asyncutil-0.1.0.jar:/home/runner/.m2/repository/org/reactivestreams/reactive-streams/1.0.4/reactive-streams-1.0.4.jar:/home/runner/.m2/repository/org/jboss/resteasy/resteasy-multipart-provider/6.2.9.Final/resteasy-multipart-provider-6.2.9.Final.jar:/home/runner/.m2/repository/jakarta/mail/jakarta.mail-api/2.1.2/jakarta.mail-api-2.1.2.jar:/home/runner/.m2/repository/org/eclipse/angus/angus-mail/2.0.3/angus-mail-2.0.3.jar:/home/runner/.m2/repository/org/apache/james/apache-mime4j-dom/0.8.11/apache-mime4j-dom-0.8.11.jar:/home/runner/.m2/repository/org/apache/james/apache-mime4j-core/0.8.11/apache-mime4j-core-0.8.11.jar:/home/runner/.m2/repository/org/apache/james/apache-mime4j-storage/0.8.11/apache-mime4j-storage-0.8.11.jar:/home/runner/.m2/repository/org/jboss/resteasy/resteasy-jackson2-provider/6.2.9.Final/resteasy-jackson2-provider-6.2.9.Final.jar:/home/runner/.m2/repository/com/fasterxml/jackson/jakarta/rs/jackson-jakarta-rs-base/2.17.2/jackson-jakarta-rs-base-2.17.2.jar:/home/runner/.m2/repository/com/fasterxml/jackson/jakarta/rs/jackson-jakarta-rs-json-provider/2.17.2/jackson-jakarta-rs-json-provider-2.17.2.jar:/home/runner/.m2/repository/com/fasterxml/jackson/module/jackson-module-jakarta-xmlbind-annotations/2.17.2/jackson-module-jakarta-xmlbind-annotations-2.17.2.jar:/home/runner/.m2/repository/com/github/java-json-tools/json-patch/1.13/json-patch-1.13.jar:/home/runner/.m2/repository/com/github/java-json-tools/msg-simple/1.2/msg-simple-1.2.jar:/home/runner/.m2/repository/com/github/java-json-tools/btf/1.3/btf-1.3.jar:/home/runner/.m2/repository/com/github/java-json-tools/jackson-coreutils/2.0/jackson-coreutils-2.0.jar:/home/runner/.m2/repository/org/jboss/resteasy/resteasy-jaxb-provider/6.2.9.Final/resteasy-jaxb-provider-6.2.9.Final.jar:/home/runner/.m2/repository/org/glassfish/jaxb/codemodel/4.0.3/codemodel-4.0.3.jar:/home/runner/.m2/repository/org/glassfish/jaxb/jaxb-core/4.0.5/jaxb-core-4.0.5.jar:/home/runner/.m2/repository/org/glassfish/jaxb/jaxb-jxc/4.0.3/jaxb-jxc-4.0.3.jar:/home/runner/.m2/repository/org/glassfish/jaxb/jaxb-runtime/4.0.5/jaxb-runtime-4.0.5.jar:/home/runner/.m2/repository/org/glassfish/jaxb/txw2/4.0.5/txw2-4.0.5.jar:/home/runner/.m2/repository/org/glassfish/jaxb/jaxb-xjc/4.0.3/jaxb-xjc-4.0.3.jar:/home/runner/.m2/repository/org/glassfish/jaxb/xsom/4.0.3/xsom-4.0.3.jar:/home/runner/.m2/repository/com/sun/istack/istack-commons-runtime/4.1.2/istack-commons-runtime-4.1.2.jar:/home/runner/.m2/repository/com/sun/istack/istack-commons-tools/4.1.2/istack-commons-tools-4.1.2.jar:/home/runner/.m2/repository/com/sun/xml/bind/external/relaxng-datatype/4.0.3/relaxng-datatype-4.0.3.jar:/home/runner/.m2/repository/com/sun/xml/bind/external/rngom/4.0.3/rngom-4.0.3.jar:/home/runner/.m2/repository/org/testcontainers/mssqlserver/1.20.1/mssqlserver-1.20.1.jar:/home/runner/.m2/repository/org/testcontainers/jdbc/1.20.1/jdbc-1.20.1.jar:/home/runner/.m2/repository/org/testcontainers/database-commons/1.20.1/database-commons-1.20.1.jar:/home/runner/.m2/repository/org/testcontainers/mysql/1.20.1/mysql-1.20.1.jar:/home/runner/.m2/repository/io/strimzi/strimzi-test-container/0.107.0/strimzi-test-container-0.107.0.jar:/home/runner/.m2/repository/org/testcontainers/toxiproxy/1.20.1/toxiproxy-1.20.1.jar:/home/runner/.m2/repository/com/github/docker-java/docker-java-api/3.4.0/docker-java-api-3.4.0.jar:/home/runner/.m2/repository/eu/rekawek/toxiproxy/toxiproxy-java/2.1.7/toxiproxy-java-2.1.7.jar:/home/runner/.m2/repository/junit/junit/4.13.2/junit-4.13.2.jar:/home/runner/.m2/repository/org/hamcrest/hamcrest-core/1.3/hamcrest-core-1.3.jar:/home/runner/.m2/repository/org/testcontainers/pulsar/1.20.4/pulsar-1.20.4.jar:/home/runner/.m2/repository/io/debezium/debezium-testing-testcontainers/2.6.2.Final/debezium-testing-testcontainers-2.6.2.Final.jar:/home/runner/.m2/repository/org/testcontainers/kafka/1.20.1/kafka-1.20.1.jar:/home/runner/.m2/repository/com/squareup/okhttp3/okhttp/4.8.1/okhttp-4.8.1.jar:/home/runner/.m2/repository/com/squareup/okio/okio/3.10.2/okio-3.10.2.jar:/home/runner/.m2/repository/com/squareup/okio/okio-jvm/3.10.2/okio-jvm-3.10.2.jar:/home/runner/.m2/repository/org/jetbrains/kotlin/kotlin-stdlib/2.0.10/kotlin-stdlib-2.0.10.jar:/home/runner/.m2/repository/org/awaitility/awaitility/4.2.2/awaitility-4.2.2.jar:/home/runner/.m2/repository/org/testcontainers/mongodb/1.20.1/mongodb-1.20.1.jar:/home/runner/.m2/repository/org/testcontainers/oracle-xe/1.20.1/oracle-xe-1.20.1.jar:/home/runner/.m2/repository/org/testcontainers/postgresql/1.20.1/postgresql-1.20.1.jar:/home/runner/.m2/repository/org/wiremock/wiremock/3.0.1/wiremock-3.0.1.jar:/home/runner/.m2/repository/org/eclipse/jetty/jetty-server/11.0.15/jetty-server-11.0.15.jar:/home/runner/.m2/repository/org/eclipse/jetty/toolchain/jetty-jakarta-servlet-api/5.0.2/jetty-jakarta-servlet-api-5.0.2.jar:/home/runner/.m2/repository/org/eclipse/jetty/jetty-http/11.0.15/jetty-http-11.0.15.jar:/home/runner/.m2/repository/org/eclipse/jetty/jetty-io/11.0.15/jetty-io-11.0.15.jar:/home/runner/.m2/repository/org/eclipse/jetty/jetty-servlet/11.0.15/jetty-servlet-11.0.15.jar:/home/runner/.m2/repository/org/eclipse/jetty/jetty-security/11.0.15/jetty-security-11.0.15.jar:/home/runner/.m2/repository/org/eclipse/jetty/jetty-servlets/11.0.15/jetty-servlets-11.0.15.jar:/home/runner/.m2/repository/org/eclipse/jetty/jetty-util/11.0.15/jetty-util-11.0.15.jar:/home/runner/.m2/repository/org/eclipse/jetty/jetty-webapp/11.0.15/jetty-webapp-11.0.15.jar:/home/runner/.m2/repository/org/eclipse/jetty/jetty-xml/11.0.15/jetty-xml-11.0.15.jar:/home/runner/.m2/repository/org/eclipse/jetty/jetty-proxy/11.0.15/jetty-proxy-11.0.15.jar:/home/runner/.m2/repository/org/eclipse/jetty/jetty-client/11.0.15/jetty-client-11.0.15.jar:/home/runner/.m2/repository/org/eclipse/jetty/http2/http2-server/11.0.15/http2-server-11.0.15.jar:/home/runner/.m2/repository/org/eclipse/jetty/http2/http2-common/11.0.15/http2-common-11.0.15.jar:/home/runner/.m2/repository/org/eclipse/jetty/http2/http2-hpack/11.0.15/http2-hpack-11.0.15.jar:/home/runner/.m2/repository/org/eclipse/jetty/jetty-alpn-server/11.0.15/jetty-alpn-server-11.0.15.jar:/home/runner/.m2/repository/org/eclipse/jetty/jetty-alpn-java-server/11.0.15/jetty-alpn-java-server-11.0.15.jar:/home/runner/.m2/repository/org/eclipse/jetty/jetty-alpn-java-client/11.0.15/jetty-alpn-java-client-11.0.15.jar:/home/runner/.m2/repository/org/eclipse/jetty/jetty-alpn-client/11.0.15/jetty-alpn-client-11.0.15.jar:/home/runner/.m2/repository/org/apache/httpcomponents/client5/httpclient5/5.2.1/httpclient5-5.2.1.jar:/home/runner/.m2/repository/org/apache/httpcomponents/core5/httpcore5/5.2/httpcore5-5.2.jar:/home/runner/.m2/repository/org/apache/httpcomponents/core5/httpcore5-h2/5.2/httpcore5-h2-5.2.jar:/home/runner/.m2/repository/org/xmlunit/xmlunit-core/2.9.1/xmlunit-core-2.9.1.jar:/home/runner/.m2/repository/jakarta/xml/bind/jakarta.xml.bind-api/4.0.2/jakarta.xml.bind-api-4.0.2.jar:/home/runner/.m2/repository/jakarta/activation/jakarta.activation-api/2.1.3/jakarta.activation-api-2.1.3.jar:/home/runner/.m2/repository/org/xmlunit/xmlunit-legacy/2.9.1/xmlunit-legacy-2.9.1.jar:/home/runner/.m2/repository/org/xmlunit/xmlunit-placeholders/2.9.1/xmlunit-placeholders-2.9.1.jar:/home/runner/.m2/repository/net/javacrumbs/json-unit/json-unit-core/2.38.0/json-unit-core-2.38.0.jar:/home/runner/.m2/repository/com/jayway/jsonpath/json-path/2.8.0/json-path-2.8.0.jar:/home/runner/.m2/repository/net/minidev/json-smart/2.4.10/json-smart-2.4.10.jar:/home/runner/.m2/repository/net/minidev/accessors-smart/2.4.9/accessors-smart-2.4.9.jar:/home/runner/.m2/repository/org/ow2/asm/asm/9.7/asm-9.7.jar:/home/runner/.m2/repository/net/sf/jopt-simple/jopt-simple/5.0.4/jopt-simple-5.0.4.jar:/home/runner/.m2/repository/com/github/jknack/handlebars/4.3.1/handlebars-4.3.1.jar:/home/runner/.m2/repository/com/github/jknack/handlebars-helpers/4.3.1/handlebars-helpers-4.3.1.jar:/home/runner/.m2/repository/commons-fileupload/commons-fileupload/1.5/commons-fileupload-1.5.jar:/home/runner/.m2/repository/com/networknt/json-schema-validator/1.5.5/json-schema-validator-1.5.5.jar:/home/runner/.m2/repository/com/ethlo/time/itu/1.10.3/itu-1.10.3.jar:/home/runner/.m2/repository/io/quarkus/quarkus-smallrye-jwt-build/3.15.4/quarkus-smallrye-jwt-build-3.15.4.jar:/home/runner/.m2/repository/io/smallrye/smallrye-jwt-build/4.5.3/smallrye-jwt-build-4.5.3.jar:/home/runner/.m2/repository/org/eclipse/microprofile/jwt/microprofile-jwt-auth-api/2.1/microprofile-jwt-auth-api-2.1.jar:/home/runner/.m2/repository/org/bitbucket/b_c/jose4j/0.9.6/jose4j-0.9.6.jar:/home/runner/.m2/repository/io/smallrye/smallrye-jwt-common/4.5.3/smallrye-jwt-common-4.5.3.jar:/home/runner/.m2/repository/io/quarkus/quarkus-jsonp/3.15.4/quarkus-jsonp-3.15.4.jar:/home/runner/.m2/repository/io/quarkus/quarkus-arc/3.15.4/quarkus-arc-3.15.4.jar:/home/runner/.m2/repository/io/quarkus/arc/arc/3.15.4/arc-3.15.4.jar:/home/runner/.m2/repository/jakarta/transaction/jakarta.transaction-api/2.0.1/jakarta.transaction-api-2.0.1.jar:/home/runner/.m2/repository/io/smallrye/reactive/mutiny/2.6.2/mutiny-2.6.2.jar:/home/runner/.m2/repository/org/jctools/jctools-core/4.0.5/jctools-core-4.0.5.jar:/home/runner/.m2/repository/org/eclipse/microprofile/context-propagation/microprofile-context-propagation-api/1.3/microprofile-context-propagation-api-1.3.jar:/home/runner/.m2/repository/io/apicurio/apicurio-common-rest-client-common/0.1.18.Final/apicurio-common-rest-client-common-0.1.18.Final.jar:/home/runner/work/apicurio-testing/apicurio-testing/clusters/ci419/namespaces/postgresql/tests/integration/apicurio-registry/utils/maven-plugin/target/apicurio-registry-maven-plugin-3.0.9.jar:/home/runner/.m2/repository/com/fasterxml/jackson/core/jackson-databind/2.17.2/jackson-databind-2.17.2.jar:/home/runner/.m2/repository/org/apache/avro/avro/1.12.0/avro-1.12.0.jar:/home/runner/.m2/repository/com/google/protobuf/protobuf-java/3.25.8/protobuf-java-3.25.8.jar:/home/runner/.m2/repository/com/google/protobuf/protobuf-java-util/3.25.8/protobuf-java-util-3.25.8.jar:/home/runner/.m2/repository/com/google/code/findbugs/jsr305/3.0.2/jsr305-3.0.2.jar:/home/runner/.m2/repository/com/google/code/gson/gson/2.11.0/gson-2.11.0.jar:/home/runner/.m2/repository/com/google/errorprone/error_prone_annotations/2.30.0/error_prone_annotations-2.30.0.jar:/home/runner/.m2/repository/com/google/j2objc/j2objc-annotations/2.8/j2objc-annotations-2.8.jar:/home/runner/work/apicurio-testing/apicurio-testing/clusters/ci419/namespaces/postgresql/tests/integration/apicurio-registry/schema-util/util-provider/target/apicurio-registry-schema-util-provider-3.0.9.jar:/home/runner/work/apicurio-testing/apicurio-testing/clusters/ci419/namespaces/postgresql/tests/integration/apicurio-registry/schema-util/common/target/apicurio-registry-schema-util-common-3.0.9.jar:/home/runner/.m2/repository/com/fasterxml/jackson/module/jackson-module-parameter-names/2.17.2/jackson-module-parameter-names-2.17.2.jar:/home/runner/.m2/repository/com/fasterxml/jackson/datatype/jackson-datatype-json-org/2.18.2/jackson-datatype-json-org-2.18.2.jar:/home/runner/work/apicurio-testing/apicurio-testing/clusters/ci419/namespaces/postgresql/tests/integration/apicurio-registry/schema-util/json/target/apicurio-registry-schema-util-json-3.0.9.jar:/home/runner/.m2/repository/com/github/erosb/everit-json-schema/1.14.5/everit-json-schema-1.14.5.jar:/home/runner/.m2/repository/commons-validator/commons-validator/1.9.0/commons-validator-1.9.0.jar:/home/runner/.m2/repository/commons-digester/commons-digester/2.1/commons-digester-2.1.jar:/home/runner/.m2/repository/commons-collections/commons-collections/3.2.2/commons-collections-3.2.2.jar:/home/runner/.m2/repository/com/damnhandy/handy-uri-templates/2.1.8/handy-uri-templates-2.1.8.jar:/home/runner/.m2/repository/joda-time/joda-time/2.10.2/joda-time-2.10.2.jar:/home/runner/.m2/repository/com/github/erosb/json-sKema/0.20.0/json-sKema-0.20.0.jar:/home/runner/.m2/repository/io/vertx/vertx-json-schema/4.5.13/vertx-json-schema-4.5.13.jar:/home/runner/work/apicurio-testing/apicurio-testing/clusters/ci419/namespaces/postgresql/tests/integration/apicurio-registry/schema-util/protobuf/target/apicurio-registry-schema-util-protobuf-3.0.9.jar:/home/runner/work/apicurio-testing/apicurio-testing/clusters/ci419/namespaces/postgresql/tests/integration/apicurio-registry/utils/protobuf-schema-utilities/target/apicurio-registry-protobuf-schema-utilities-3.0.9.jar:/home/runner/.m2/repository/com/google/api/grpc/proto-google-common-protos/2.52.0/proto-google-common-protos-2.52.0.jar:/home/runner/.m2/repository/com/squareup/wire/wire-schema-jvm/5.1.0/wire-schema-jvm-5.1.0.jar:/home/runner/.m2/repository/com/squareup/javapoet/1.13.0/javapoet-1.13.0.jar:/home/runner/.m2/repository/com/squareup/kotlinpoet-jvm/1.18.1/kotlinpoet-jvm-1.18.1.jar:/home/runner/.m2/repository/org/jetbrains/kotlin/kotlin-reflect/2.0.10/kotlin-reflect-2.0.10.jar:/home/runner/.m2/repository/com/squareup/wire/wire-runtime-jvm/5.1.0/wire-runtime-jvm-5.1.0.jar:/home/runner/.m2/repository/com/ibm/icu/icu4j/76.1/icu4j-76.1.jar:/home/runner/.m2/repository/com/squareup/okio/okio-fakefilesystem/3.10.2/okio-fakefilesystem-3.10.2.jar:/home/runner/.m2/repository/com/squareup/okio/okio-fakefilesystem-jvm/3.10.2/okio-fakefilesystem-jvm-3.10.2.jar:/home/runner/.m2/repository/org/jetbrains/kotlinx/kotlinx-datetime-jvm/0.6.1/kotlinx-datetime-jvm-0.6.1.jar:/home/runner/work/apicurio-testing/apicurio-testing/clusters/ci419/namespaces/postgresql/tests/integration/apicurio-registry/schema-util/asyncapi/target/apicurio-registry-schema-util-asyncapi-3.0.9.jar:/home/runner/work/apicurio-testing/apicurio-testing/clusters/ci419/namespaces/postgresql/tests/integration/apicurio-registry/schema-util/avro/target/apicurio-registry-schema-util-avro-3.0.9.jar:/home/runner/work/apicurio-testing/apicurio-testing/clusters/ci419/namespaces/postgresql/tests/integration/apicurio-registry/schema-util/graphql/target/apicurio-registry-schema-util-graphql-3.0.9.jar:/home/runner/.m2/repository/com/graphql-java/graphql-java/22.3/graphql-java-22.3.jar:/home/runner/.m2/repository/com/graphql-java/java-dataloader/3.3.0/java-dataloader-3.3.0.jar:/home/runner/work/apicurio-testing/apicurio-testing/clusters/ci419/namespaces/postgresql/tests/integration/apicurio-registry/schema-util/kconnect/target/apicurio-registry-schema-util-kconnect-3.0.9.jar:/home/runner/work/apicurio-testing/apicurio-testing/clusters/ci419/namespaces/postgresql/tests/integration/apicurio-registry/schema-util/openapi/target/apicurio-registry-schema-util-openapi-3.0.9.jar:/home/runner/.m2/repository/io/apicurio/apicurio-data-models/2.2.1/apicurio-data-models-2.2.1.jar:/home/runner/.m2/repository/org/openapitools/openapidiff/openapi-diff-core/2.0.1/openapi-diff-core-2.0.1.jar:/home/runner/.m2/repository/io/swagger/parser/v3/swagger-parser/2.0.28/swagger-parser-2.0.28.jar:/home/runner/.m2/repository/io/swagger/parser/v3/swagger-parser-v2-converter/2.0.28/swagger-parser-v2-converter-2.0.28.jar:/home/runner/.m2/repository/io/swagger/swagger-core/1.6.3/swagger-core-1.6.3.jar:/home/runner/.m2/repository/io/swagger/swagger-models/1.6.3/swagger-models-1.6.3.jar:/home/runner/.m2/repository/io/swagger/swagger-annotations/1.6.3/swagger-annotations-1.6.3.jar:/home/runner/.m2/repository/io/swagger/swagger-parser/1.0.56/swagger-parser-1.0.56.jar:/home/runner/.m2/repository/io/swagger/swagger-compat-spec-parser/1.0.56/swagger-compat-spec-parser-1.0.56.jar:/home/runner/.m2/repository/com/github/java-json-tools/json-schema-validator/2.2.14/json-schema-validator-2.2.14.jar:/home/runner/.m2/repository/com/github/java-json-tools/jackson-coreutils-equivalence/1.0/jackson-coreutils-equivalence-1.0.jar:/home/runner/.m2/repository/com/github/java-json-tools/json-schema-core/1.2.14/json-schema-core-1.2.14.jar:/home/runner/.m2/repository/com/github/java-json-tools/uri-template/0.10/uri-template-0.10.jar:/home/runner/.m2/repository/com/sun/mail/mailapi/1.6.2/mailapi-1.6.2.jar:/home/runner/.m2/repository/com/googlecode/libphonenumber/libphonenumber/8.11.1/libphonenumber-8.11.1.jar:/home/runner/.m2/repository/com/j2html/j2html/1.5.0/j2html-1.5.0.jar:/home/runner/.m2/repository/org/apache/commons/commons-collections4/4.4/commons-collections4-4.4.jar:/home/runner/.m2/repository/commons-httpclient/commons-httpclient/3.1/commons-httpclient-3.1.jar:/home/runner/.m2/repository/io/swagger/parser/v3/swagger-parser-v3/2.1.25/swagger-parser-v3-2.1.25.jar:/home/runner/.m2/repository/io/swagger/core/v3/swagger-models/2.2.28/swagger-models-2.2.28.jar:/home/runner/.m2/repository/io/swagger/core/v3/swagger-core/2.2.28/swagger-core-2.2.28.jar:/home/runner/.m2/repository/io/swagger/parser/v3/swagger-parser-core/2.1.25/swagger-parser-core-2.1.25.jar:/home/runner/.m2/repository/io/swagger/parser/v3/swagger-parser-safe-url-resolver/2.1.25/swagger-parser-safe-url-resolver-2.1.25.jar:/home/runner/work/apicurio-testing/apicurio-testing/clusters/ci419/namespaces/postgresql/tests/integration/apicurio-registry/schema-util/wsdl/target/apicurio-registry-schema-util-wsdl-3.0.9.jar:/home/runner/.m2/repository/wsdl4j/wsdl4j/1.6.3/wsdl4j-1.6.3.jar:/home/runner/work/apicurio-testing/apicurio-testing/clusters/ci419/namespaces/postgresql/tests/integration/apicurio-registry/schema-util/xml/target/apicurio-registry-schema-util-xml-3.0.9.jar:/home/runner/.m2/repository/org/apache/santuario/xmlsec/4.0.3/xmlsec-4.0.3.jar:/home/runner/.m2/repository/com/fasterxml/woodstox/woodstox-core/7.1.0/woodstox-core-7.1.0.jar:/home/runner/.m2/repository/org/codehaus/woodstox/stax2-api/4.2.2/stax2-api-4.2.2.jar:/home/runner/work/apicurio-testing/apicurio-testing/clusters/ci419/namespaces/postgresql/tests/integration/apicurio-registry/schema-util/xsd/target/apicurio-registry-schema-util-xsd-3.0.9.jar:/home/runner/work/apicurio-testing/apicurio-testing/clusters/ci419/namespaces/postgresql/tests/integration/apicurio-registry/serdes/kafka/jsonschema-serde/target/apicurio-registry-jsonschema-serde-kafka-3.0.9.jar:/home/runner/work/apicurio-testing/apicurio-testing/clusters/ci419/namespaces/postgresql/tests/integration/apicurio-registry/serdes/kafka/serde-kafka-common/target/apicurio-registry-serde-kafka-common-3.0.9.jar:/home/runner/work/apicurio-testing/apicurio-testing/clusters/ci419/namespaces/postgresql/tests/integration/apicurio-registry/serdes/generic/serde-common/target/apicurio-registry-serde-common-3.0.9.jar:/home/runner/work/apicurio-testing/apicurio-testing/clusters/ci419/namespaces/postgresql/tests/integration/apicurio-registry/schema-resolver/target/apicurio-registry-schema-resolver-3.0.9.jar:/home/runner/work/apicurio-testing/apicurio-testing/clusters/ci419/namespaces/postgresql/tests/integration/apicurio-registry/serdes/generic/serde-common-jsonschema/target/apicurio-registry-serde-common-jsonschema-3.0.9.jar:/home/runner/.m2/repository/org/json/json/20250107/json-20250107.jar:/home/runner/work/apicurio-testing/apicurio-testing/clusters/ci419/namespaces/postgresql/tests/integration/apicurio-registry/serdes/kafka/avro-serde/target/apicurio-registry-avro-serde-kafka-3.0.9.jar:/home/runner/work/apicurio-testing/apicurio-testing/clusters/ci419/namespaces/postgresql/tests/integration/apicurio-registry/serdes/generic/serde-common-avro/target/apicurio-registry-serde-common-avro-3.0.9.jar:/home/runner/work/apicurio-testing/apicurio-testing/clusters/ci419/namespaces/postgresql/tests/integration/apicurio-registry/serdes/kafka/protobuf-serde/target/apicurio-registry-protobuf-serde-kafka-3.0.9.jar:/home/runner/work/apicurio-testing/apicurio-testing/clusters/ci419/namespaces/postgresql/tests/integration/apicurio-registry/serdes/generic/serde-common-protobuf/target/apicurio-registry-serde-common-protobuf-3.0.9.jar:/home/runner/.m2/repository/com/squareup/wire/wire-schema/5.1.0/wire-schema-5.1.0.jar:/home/runner/.m2/repository/com/squareup/wire/wire-runtime/5.1.0/wire-runtime-5.1.0.jar:/home/runner/work/apicurio-testing/apicurio-testing/clusters/ci419/namespaces/postgresql/tests/integration/apicurio-registry/serdes/pulsar/avro-serde/target/apicurio-registry-avro-serde-pulsar-3.0.9.jar:/home/runner/.m2/repository/org/apache/pulsar/pulsar-functions-api/3.3.4/pulsar-functions-api-3.3.4.jar:/home/runner/work/apicurio-testing/apicurio-testing/clusters/ci419/namespaces/postgresql/tests/integration/apicurio-registry/serdes/nats/avro-serde/target/apicurio-registry-avro-serde-nats-3.0.9.jar:/home/runner/.m2/repository/io/nats/jnats/2.20.5/jnats-2.20.5.jar:/home/runner/.m2/repository/net/i2p/crypto/eddsa/0.3.0/eddsa-0.3.0.jar:/home/runner/work/apicurio-testing/apicurio-testing/clusters/ci419/namespaces/postgresql/tests/integration/apicurio-registry/utils/converter/target/apicurio-registry-utils-converter-3.0.9.jar:/home/runner/.m2/repository/org/apache/kafka/connect-api/3.9.1/connect-api-3.9.1.jar:/home/runner/.m2/repository/javax/ws/rs/javax.ws.rs-api/2.1.1/javax.ws.rs-api-2.1.1.jar:/home/runner/.m2/repository/org/apache/kafka/connect-json/3.9.1/connect-json-3.9.1.jar:/home/runner/.m2/repository/com/fasterxml/jackson/datatype/jackson-datatype-jdk8/2.17.2/jackson-datatype-jdk8-2.17.2.jar:/home/runner/.m2/repository/com/fasterxml/jackson/module/jackson-module-afterburner/2.17.2/jackson-module-afterburner-2.17.2.jar:/home/runner/work/apicurio-testing/apicurio-testing/clusters/ci419/namespaces/postgresql/tests/integration/apicurio-registry/utils/kafka/target/apicurio-registry-utils-kafka-3.0.9.jar:/home/runner/.m2/repository/org/apache/pulsar/pulsar-client/3.3.4/pulsar-client-3.3.4.jar:/home/runner/.m2/repository/org/apache/pulsar/pulsar-client-api/3.3.4/pulsar-client-api-3.3.4.jar:/home/runner/.m2/repository/org/apache/pulsar/pulsar-client-admin-api/3.3.4/pulsar-client-admin-api-3.3.4.jar:/home/runner/.m2/repository/org/apache/pulsar/bouncy-castle-bc/3.3.4/bouncy-castle-bc-3.3.4-pkg.jar:/home/runner/.m2/repository/org/bouncycastle/bcpkix-jdk18on/1.78.1/bcpkix-jdk18on-1.78.1.jar:/home/runner/.m2/repository/org/bouncycastle/bcutil-jdk18on/1.78.1/bcutil-jdk18on-1.78.1.jar:/home/runner/.m2/repository/org/bouncycastle/bcprov-jdk18on/1.78.1/bcprov-jdk18on-1.78.1.jar:/home/runner/.m2/repository/io/opentelemetry/opentelemetry-api/1.39.0/opentelemetry-api-1.39.0.jar:/home/runner/.m2/repository/io/opentelemetry/opentelemetry-context/1.39.0/opentelemetry-context-1.39.0.jar:/home/runner/.m2/repository/io/opentelemetry/opentelemetry-api-incubator/1.39.0-alpha/opentelemetry-api-incubator-1.39.0-alpha.jar:/home/runner/.m2/repository/com/fasterxml/jackson/core/jackson-annotations/2.17.2/jackson-annotations-2.17.2.jar:/home/runner/.m2/repository/javax/validation/validation-api/1.1.0.Final/validation-api-1.1.0.Final.jar:/home/runner/.m2/repository/io/confluent/kafka-avro-serializer/7.9.0/kafka-avro-serializer-7.9.0.jar:/home/runner/.m2/repository/org/apache/commons/commons-compress/1.27.0/commons-compress-1.27.0.jar:/home/runner/.m2/repository/io/confluent/kafka-schema-serializer/7.9.0/kafka-schema-serializer-7.9.0.jar:/home/runner/.m2/repository/com/fasterxml/jackson/dataformat/jackson-dataformat-csv/2.17.2/jackson-dataformat-csv-2.17.2.jar:/home/runner/.m2/repository/io/confluent/kafka-schema-registry-client/7.9.0/kafka-schema-registry-client-7.9.0.jar:/home/runner/.m2/repository/org/yaml/snakeyaml/2.2/snakeyaml-2.2.jar:/home/runner/.m2/repository/io/swagger/core/v3/swagger-annotations/2.1.10/swagger-annotations-2.1.10.jar:/home/runner/.m2/repository/com/google/guava/guava/33.2.1-jre/guava-33.2.1-jre.jar:/home/runner/.m2/repository/com/google/guava/failureaccess/1.0.1/failureaccess-1.0.1.jar:/home/runner/.m2/repository/org/checkerframework/checker-qual/3.46.0/checker-qual-3.46.0.jar:/home/runner/.m2/repository/io/confluent/logredactor/1.0.12/logredactor-1.0.12.jar:/home/runner/.m2/repository/com/google/re2j/re2j/1.6/re2j-1.6.jar:/home/runner/.m2/repository/io/confluent/logredactor-metrics/1.0.12/logredactor-metrics-1.0.12.jar:/home/runner/.m2/repository/com/eclipsesource/minimal-json/minimal-json/0.9.5/minimal-json-0.9.5.jar:/home/runner/.m2/repository/io/confluent/common-utils/7.9.0/common-utils-7.9.0.jar:/home/runner/.m2/repository/io/confluent/kafka-connect-avro-converter/7.9.0/kafka-connect-avro-converter-7.9.0.jar:/home/runner/.m2/repository/io/confluent/kafka-connect-avro-data/7.9.0/kafka-connect-avro-data-7.9.0.jar:/home/runner/.m2/repository/io/confluent/kafka-schema-converter/7.9.0/kafka-schema-converter-7.9.0.jar:/home/runner/.m2/repository/io/rest-assured/rest-assured/5.5.0/rest-assured-5.5.0.jar:/home/runner/.m2/repository/org/apache/groovy/groovy/4.0.22/groovy-4.0.22.jar:/home/runner/.m2/repository/org/apache/groovy/groovy-xml/4.0.22/groovy-xml-4.0.22.jar:/home/runner/.m2/repository/org/apache/httpcomponents/httpclient/4.5.14/httpclient-4.5.14.jar:/home/runner/.m2/repository/org/apache/httpcomponents/httpcore/4.4.16/httpcore-4.4.16.jar:/home/runner/.m2/repository/org/apache/httpcomponents/httpmime/4.5.14/httpmime-4.5.14.jar:/home/runner/.m2/repository/org/hamcrest/hamcrest/2.2/hamcrest-2.2.jar:/home/runner/.m2/repository/org/ccil/cowan/tagsoup/tagsoup/1.2.1/tagsoup-1.2.1.jar:/home/runner/.m2/repository/io/rest-assured/json-path/5.5.0/json-path-5.5.0.jar:/home/runner/.m2/repository/org/apache/groovy/groovy-json/4.0.22/groovy-json-4.0.22.jar:/home/runner/.m2/repository/io/rest-assured/rest-assured-common/5.5.0/rest-assured-common-5.5.0.jar:/home/runner/.m2/repository/io/rest-assured/xml-path/5.5.0/xml-path-5.5.0.jar:/home/runner/.m2/repository/io/zonky/test/embedded-postgres/2.1.0/embedded-postgres-2.1.0.jar:/home/runner/.m2/repository/io/zonky/test/postgres/embedded-postgres-binaries-windows-amd64/14.15.0/embedded-postgres-binaries-windows-amd64-14.15.0.jar:/home/runner/.m2/repository/io/zonky/test/postgres/embedded-postgres-binaries-darwin-amd64/14.15.0/embedded-postgres-binaries-darwin-amd64-14.15.0.jar:/home/runner/.m2/repository/io/zonky/test/postgres/embedded-postgres-binaries-linux-amd64/14.15.0/embedded-postgres-binaries-linux-amd64-14.15.0.jar:/home/runner/.m2/repository/io/zonky/test/postgres/embedded-postgres-binaries-linux-amd64-alpine/14.15.0/embedded-postgres-binaries-linux-amd64-alpine-14.15.0.jar:/home/runner/.m2/repository/org/apache/commons/commons-lang3/3.14.0/commons-lang3-3.14.0.jar:/home/runner/.m2/repository/org/tukaani/xz/1.10/xz-1.10.jar:/home/runner/.m2/repository/commons-codec/commons-codec/1.18.0/commons-codec-1.18.0.jar:/home/runner/.m2/repository/org/postgresql/postgresql/42.7.4/postgresql-42.7.4.jar:/home/runner/.m2/repository/commons-io/commons-io/2.16.1/commons-io-2.16.1.jar:/home/runner/work/apicurio-testing/apicurio-testing/clusters/ci419/namespaces/postgresql/tests/integration/apicurio-registry/utils/importexport/target/apicurio-registry-utils-import-export-3.0.9.jar:/home/runner/.m2/repository/io/vertx/vertx-core/4.5.13/vertx-core-4.5.13.jar:/home/runner/.m2/repository/io/netty/netty-common/4.1.118.Final/netty-common-4.1.118.Final.jar:/home/runner/.m2/repository/io/netty/netty-buffer/4.1.118.Final/netty-buffer-4.1.118.Final.jar:/home/runner/.m2/repository/io/netty/netty-transport/4.1.118.Final/netty-transport-4.1.118.Final.jar:/home/runner/.m2/repository/io/netty/netty-handler/4.1.118.Final/netty-handler-4.1.118.Final.jar:/home/runner/.m2/repository/io/netty/netty-transport-native-unix-common/4.1.118.Final/netty-transport-native-unix-common-4.1.118.Final.jar:/home/runner/.m2/repository/io/netty/netty-codec/4.1.118.Final/netty-codec-4.1.118.Final.jar:/home/runner/.m2/repository/io/netty/netty-handler-proxy/4.1.118.Final/netty-handler-proxy-4.1.118.Final.jar:/home/runner/.m2/repository/io/netty/netty-codec-socks/4.1.118.Final/netty-codec-socks-4.1.118.Final.jar:/home/runner/.m2/repository/io/netty/netty-codec-http/4.1.118.Final/netty-codec-http-4.1.118.Final.jar:/home/runner/.m2/repository/io/netty/netty-codec-http2/4.1.118.Final/netty-codec-http2-4.1.118.Final.jar:/home/runner/.m2/repository/io/netty/netty-resolver/4.1.118.Final/netty-resolver-4.1.118.Final.jar:/home/runner/.m2/repository/io/netty/netty-resolver-dns/4.1.118.Final/netty-resolver-dns-4.1.118.Final.jar:/home/runner/.m2/repository/io/netty/netty-codec-dns/4.1.118.Final/netty-codec-dns-4.1.118.Final.jar:/home/runner/.m2/repository/com/fasterxml/jackson/core/jackson-core/2.17.2/jackson-core-2.17.2.jar:"/>
    <property name="sun.cpu.endian" value="little"/>
    <property name="user.home" value="/home/runner"/>
    <property name="user.language" value="en"/>
    <property name="jboss.log-version" value="false"/>
    <property name="java.specification.vendor" value="Oracle Corporation"/>
    <property name="java.version.date" value="2025-07-15"/>
    <property name="java.home" value="/usr/lib/jvm/temurin-17-jdk-amd64"/>
    <property name="file.separator" value="/"/>
    <property name="basedir" value="/home/runner/work/apicurio-testing/apicurio-testing/clusters/ci419/namespaces/postgresql/tests/integration/apicurio-registry/integration-tests"/>
    <property name="java.vm.compressedOopsMode" value="32-bit"/>
    <property name="line.separator" value="&#10;"/>
    <property name="java.specification.name" value="Java Platform API Specification"/>
    <property name="java.vm.specification.vendor" value="Oracle Corporation"/>
    <property name="quarkus.http.test-host" value="registry-app-postgresql.apps.ci419.apicurio-testing.org"/>
    <property name="surefire.real.class.path" value="/home/runner/work/apicurio-testing/apicurio-testing/clusters/ci419/namespaces/postgresql/tests/integration/apicurio-registry/integration-tests/target/surefire/surefirebooter-20250731152920023_3.jar"/>
    <property name="sun.management.compiler" value="HotSpot 64-Bit Tiered Compilers"/>
    <property name="org.eclipse.jetty.http.HttpGenerator.STRICT" value="true"/>
    <property name="java.runtime.version" value="17.0.16+8"/>
    <property name="user.name" value="runner"/>
    <property name="path.separator" value=":"/>
    <property name="os.version" value="6.8.0-1031-azure"/>
    <property name="java.runtime.name" value="OpenJDK Runtime Environment"/>
    <property name="file.encoding" value="UTF-8"/>
    <property name="jnidispatch.path" value="/home/runner/.cache/JNA/temp/jna4239179152193220437.tmp"/>
    <property name="java.vm.name" value="OpenJDK 64-Bit Server VM"/>
    <property name="jna.platform.library.path" value="/usr/lib/x86_64-linux-gnu:/lib/x86_64-linux-gnu:/usr/lib64:/lib64:/usr/lib:/lib:/lib32:/usr/local/lib:/usr/lib/x86_64-linux-gnu/libfakeroot"/>
    <property name="java.vendor.version" value="Temurin-17.0.16+8"/>
    <property name="quarkus.oidc.token-path" value="https://keycloak-postgresql.apps.ci419.apicurio-testing.org/realms/registry/protocol/openid-connect/token"/>
    <property name="quarkus.http.host" value="registry-app-postgresql.apps.ci419.apicurio-testing.org"/>
    <property name="localRepository" value="/home/runner/.m2/repository"/>
    <property name="javax.xml.xpath.XPathFactory:http://java.sun.com/jaxp/xpath/dom" value="com.sun.org.apache.xpath.internal.jaxp.XPathFactoryImpl"/>
    <property name="jna.loaded" value="true"/>
    <property name="java.vendor.url.bug" value="https://github.com/adoptium/adoptium-support/issues"/>
    <property name="jetty.git.hash" value="5bc5e562c8d05c5862505aebe5cf83a61bdbcb96"/>
    <property name="java.io.tmpdir" value="/tmp"/>
    <property name="quarkus.http.test-protocol" value="http"/>
    <property name="java.version" value="17.0.16"/>
    <property name="user.dir" value="/home/runner/work/apicurio-testing/apicurio-testing/clusters/ci419/namespaces/postgresql/tests/integration/apicurio-registry/integration-tests"/>
    <property name="os.arch" value="amd64"/>
    <property name="groups" value="( smoke | serdes | acceptance | ui)"/>
    <property name="java.vm.specification.name" value="Java Virtual Machine Specification"/>
    <property name="native.encoding" value="UTF-8"/>
    <property name="java.util.logging.manager" value="org.jboss.logmanager.LogManager"/>
    <property name="java.library.path" value="/usr/java/packages/lib:/usr/lib64:/lib64:/lib:/usr/lib"/>
    <property name="jdk.console" value="java.base"/>
    <property name="java.vm.info" value="mixed mode, sharing"/>
    <property name="java.vendor" value="Eclipse Adoptium"/>
    <property name="java.vm.version" value="17.0.16+8"/>
    <property name="java.specification.maintenance.version" value="1"/>
    <property name="sun.io.unicode.encoding" value="UnicodeLittle"/>
    <property name="javax.xml.transform.TransformerFactory" value="com.sun.org.apache.xalan.internal.xsltc.trax.TransformerFactoryImpl"/>
    <property name="java.class.version" value="61.0"/>
  </properties>
  <testcase name="testSimpleTopicIdStrategyFindLatest" classname="io.apicurio.tests.serdes.apicurio.ProtobufSerdeIT" time="1.588">
    <system-out><![CDATA[2025-07-31 15:30:29,265 INFO  [io.api.tes.ser.api.ProtobufSerdeIT] (main) RestAssured configured with http://registry-app-postgresql.apps.ci419.apicurio-testing.org:80/apis/registry/v3
2025-07-31 15:30:29,277 INFO  [io.api.tes.uti.KafkaFacade] (main) Skipping deployment of kafka, because it's already deployed
2025-07-31 15:30:29,279 INFO  [io.api.tes.uti.TestSeparator] (main) ############################################################################
2025-07-31 15:30:29,279 INFO  [io.api.tes.uti.TestSeparator] (main) io.apicurio.tests.serdes.apicurio.ProtobufSerdeIT.testSimpleTopicIdStrategyFindLatest-STARTED
2025-07-31 15:30:29,279 INFO  [org.apa.kaf.cli.adm.AdminClientConfig] (main) AdminClientConfig values: 
	auto.include.jmx.reporter = true
	bootstrap.controllers = []
	bootstrap.servers = [PLAINTEXT://localhost:32770]
	client.dns.lookup = use_all_dns_ips
	client.id = 
	connections.max.idle.ms = 10000
	default.api.timeout.ms = 60000
	enable.metrics.push = true
	metadata.max.age.ms = 300000
	metadata.recovery.strategy = none
	metric.reporters = []
	metrics.num.samples = 2
	metrics.recording.level = INFO
	metrics.sample.window.ms = 30000
	receive.buffer.bytes = 65536
	reconnect.backoff.max.ms = 1000
	reconnect.backoff.ms = 50
	request.timeout.ms = 5000
	retries = 2147483647
	retry.backoff.max.ms = 1000
	retry.backoff.ms = 100
	sasl.client.callback.handler.class = null
	sasl.jaas.config = null
	sasl.kerberos.kinit.cmd = /usr/bin/kinit
	sasl.kerberos.min.time.before.relogin = 60000
	sasl.kerberos.service.name = null
	sasl.kerberos.ticket.renew.jitter = 0.05
	sasl.kerberos.ticket.renew.window.factor = 0.8
	sasl.login.callback.handler.class = null
	sasl.login.class = null
	sasl.login.connect.timeout.ms = null
	sasl.login.read.timeout.ms = null
	sasl.login.refresh.buffer.seconds = 300
	sasl.login.refresh.min.period.seconds = 60
	sasl.login.refresh.window.factor = 0.8
	sasl.login.refresh.window.jitter = 0.05
	sasl.login.retry.backoff.max.ms = 10000
	sasl.login.retry.backoff.ms = 100
	sasl.mechanism = GSSAPI
	sasl.oauthbearer.clock.skew.seconds = 30
	sasl.oauthbearer.expected.audience = null
	sasl.oauthbearer.expected.issuer = null
	sasl.oauthbearer.header.urlencode = false
	sasl.oauthbearer.jwks.endpoint.refresh.ms = 3600000
	sasl.oauthbearer.jwks.endpoint.retry.backoff.max.ms = 10000
	sasl.oauthbearer.jwks.endpoint.retry.backoff.ms = 100
	sasl.oauthbearer.jwks.endpoint.url = null
	sasl.oauthbearer.scope.claim.name = scope
	sasl.oauthbearer.sub.claim.name = sub
	sasl.oauthbearer.token.endpoint.url = null
	security.protocol = PLAINTEXT
	security.providers = null
	send.buffer.bytes = 131072
	socket.connection.setup.timeout.max.ms = 30000
	socket.connection.setup.timeout.ms = 10000
	ssl.cipher.suites = null
	ssl.enabled.protocols = [TLSv1.2, TLSv1.3]
	ssl.endpoint.identification.algorithm = https
	ssl.engine.factory.class = null
	ssl.key.password = null
	ssl.keymanager.algorithm = SunX509
	ssl.keystore.certificate.chain = null
	ssl.keystore.key = null
	ssl.keystore.location = null
	ssl.keystore.password = null
	ssl.keystore.type = JKS
	ssl.protocol = TLSv1.3
	ssl.provider = null
	ssl.secure.random.implementation = null
	ssl.trustmanager.algorithm = PKIX
	ssl.truststore.certificates = null
	ssl.truststore.location = null
	ssl.truststore.password = null
	ssl.truststore.type = JKS

2025-07-31 15:30:29,284 INFO  [org.apa.kaf.com.uti.AppInfoParser] (main) Kafka version: 3.9.0
2025-07-31 15:30:29,284 INFO  [org.apa.kaf.com.uti.AppInfoParser] (main) Kafka commitId: 84caaa6e9da06435
2025-07-31 15:30:29,284 INFO  [org.apa.kaf.com.uti.AppInfoParser] (main) Kafka startTimeMs: 1753975829284
2025-07-31 15:30:30,866 INFO  [io.api.tes.uti.TestSeparator] (main) io.apicurio.tests.serdes.apicurio.ProtobufSerdeIT.testSimpleTopicIdStrategyFindLatest-FINISHED
2025-07-31 15:30:30,866 INFO  [io.api.tes.uti.TestSeparator] (main) ############################################################################
]]></system-out>
  </testcase>
  <testcase name="testFindLatestDeriveClassProtobufTypeTopicIdStrategy" classname="io.apicurio.tests.serdes.apicurio.ProtobufSerdeIT" time="1.052">
    <system-out><![CDATA[2025-07-31 15:30:30,869 INFO  [io.api.tes.uti.TestSeparator] (main) ############################################################################
2025-07-31 15:30:30,869 INFO  [io.api.tes.uti.TestSeparator] (main) io.apicurio.tests.serdes.apicurio.ProtobufSerdeIT.testFindLatestDeriveClassProtobufTypeTopicIdStrategy-STARTED
2025-07-31 15:30:31,919 INFO  [io.api.tes.uti.TestSeparator] (main) io.apicurio.tests.serdes.apicurio.ProtobufSerdeIT.testFindLatestDeriveClassProtobufTypeTopicIdStrategy-FINISHED
2025-07-31 15:30:31,919 INFO  [io.api.tes.uti.TestSeparator] (main) ############################################################################
]]></system-out>
  </testcase>
  <testcase name="testWrongSchema" classname="io.apicurio.tests.serdes.apicurio.ProtobufSerdeIT" time="1.048">
    <system-out><![CDATA[2025-07-31 15:30:31,920 INFO  [io.api.tes.uti.TestSeparator] (main) ############################################################################
2025-07-31 15:30:31,920 INFO  [io.api.tes.uti.TestSeparator] (main) io.apicurio.tests.serdes.apicurio.ProtobufSerdeIT.testWrongSchema-STARTED
2025-07-31 15:30:32,966 INFO  [io.api.tes.uti.TestSeparator] (main) io.apicurio.tests.serdes.apicurio.ProtobufSerdeIT.testWrongSchema-FINISHED
2025-07-31 15:30:32,966 INFO  [io.api.tes.uti.TestSeparator] (main) ############################################################################
]]></system-out>
  </testcase>
  <testcase name="testTopicIdStrategyAutoRegister" classname="io.apicurio.tests.serdes.apicurio.ProtobufSerdeIT" time="1.045">
    <system-out><![CDATA[2025-07-31 15:30:32,968 INFO  [io.api.tes.uti.TestSeparator] (main) ############################################################################
2025-07-31 15:30:32,968 INFO  [io.api.tes.uti.TestSeparator] (main) io.apicurio.tests.serdes.apicurio.ProtobufSerdeIT.testTopicIdStrategyAutoRegister-STARTED
2025-07-31 15:30:32,970 INFO  [org.apa.kaf.cli.pro.ProducerConfig] (main) ProducerConfig values: 
	acks = -1
	auto.include.jmx.reporter = true
	batch.size = 16384
	bootstrap.servers = [PLAINTEXT://localhost:32770]
	buffer.memory = 33554432
	client.dns.lookup = use_all_dns_ips
	client.id = Producer-topic-fc8585cb_12c4_446d_88ef_9ea5a088c996
	compression.gzip.level = -1
	compression.lz4.level = 9
	compression.type = none
	compression.zstd.level = 3
	connections.max.idle.ms = 10000
	delivery.timeout.ms = 120000
	enable.idempotence = true
	enable.metrics.push = true
	interceptor.classes = []
	key.serializer = class org.apache.kafka.common.serialization.StringSerializer
	linger.ms = 0
	max.block.ms = 60000
	max.in.flight.requests.per.connection = 5
	max.request.size = 1048576
	metadata.max.age.ms = 300000
	metadata.max.idle.ms = 300000
	metadata.recovery.strategy = none
	metric.reporters = []
	metrics.num.samples = 2
	metrics.recording.level = INFO
	metrics.sample.window.ms = 30000
	partitioner.adaptive.partitioning.enable = true
	partitioner.availability.timeout.ms = 0
	partitioner.class = null
	partitioner.ignore.keys = false
	receive.buffer.bytes = 32768
	reconnect.backoff.max.ms = 1000
	reconnect.backoff.ms = 50
	request.timeout.ms = 5000
	retries = 2147483647
	retry.backoff.max.ms = 1000
	retry.backoff.ms = 100
	sasl.client.callback.handler.class = null
	sasl.jaas.config = null
	sasl.kerberos.kinit.cmd = /usr/bin/kinit
	sasl.kerberos.min.time.before.relogin = 60000
	sasl.kerberos.service.name = null
	sasl.kerberos.ticket.renew.jitter = 0.05
	sasl.kerberos.ticket.renew.window.factor = 0.8
	sasl.login.callback.handler.class = null
	sasl.login.class = null
	sasl.login.connect.timeout.ms = null
	sasl.login.read.timeout.ms = null
	sasl.login.refresh.buffer.seconds = 300
	sasl.login.refresh.min.period.seconds = 60
	sasl.login.refresh.window.factor = 0.8
	sasl.login.refresh.window.jitter = 0.05
	sasl.login.retry.backoff.max.ms = 10000
	sasl.login.retry.backoff.ms = 100
	sasl.mechanism = GSSAPI
	sasl.oauthbearer.clock.skew.seconds = 30
	sasl.oauthbearer.expected.audience = null
	sasl.oauthbearer.expected.issuer = null
	sasl.oauthbearer.header.urlencode = false
	sasl.oauthbearer.jwks.endpoint.refresh.ms = 3600000
	sasl.oauthbearer.jwks.endpoint.retry.backoff.max.ms = 10000
	sasl.oauthbearer.jwks.endpoint.retry.backoff.ms = 100
	sasl.oauthbearer.jwks.endpoint.url = null
	sasl.oauthbearer.scope.claim.name = scope
	sasl.oauthbearer.sub.claim.name = sub
	sasl.oauthbearer.token.endpoint.url = null
	security.protocol = PLAINTEXT
	security.providers = null
	send.buffer.bytes = 131072
	socket.connection.setup.timeout.max.ms = 30000
	socket.connection.setup.timeout.ms = 10000
	ssl.cipher.suites = null
	ssl.enabled.protocols = [TLSv1.2, TLSv1.3]
	ssl.endpoint.identification.algorithm = https
	ssl.engine.factory.class = null
	ssl.key.password = null
	ssl.keymanager.algorithm = SunX509
	ssl.keystore.certificate.chain = null
	ssl.keystore.key = null
	ssl.keystore.location = null
	ssl.keystore.password = null
	ssl.keystore.type = JKS
	ssl.protocol = TLSv1.3
	ssl.provider = null
	ssl.secure.random.implementation = null
	ssl.trustmanager.algorithm = PKIX
	ssl.truststore.certificates = null
	ssl.truststore.location = null
	ssl.truststore.password = null
	ssl.truststore.type = JKS
	transaction.timeout.ms = 60000
	transactional.id = null
	value.serializer = class io.apicurio.registry.serde.protobuf.ProtobufKafkaSerializer

2025-07-31 15:30:32,970 INFO  [org.apa.kaf.com.tel.int.KafkaMetricsCollector] (main) initializing Kafka metrics collector
2025-07-31 15:30:32,977 INFO  [org.apa.kaf.cli.pro.KafkaProducer] (main) [Producer clientId=Producer-topic-fc8585cb_12c4_446d_88ef_9ea5a088c996] Instantiated an idempotent producer.
2025-07-31 15:30:32,980 INFO  [org.apa.kaf.cli.pro.ProducerConfig] (main) These configurations '[apicurio.registry.url, apicurio.registry.headers.enabled, apicurio.registry.auto-register, apicurio.registry.artifact-resolver-strategy]' were supplied but are not used yet.
2025-07-31 15:30:32,980 INFO  [org.apa.kaf.com.uti.AppInfoParser] (main) Kafka version: 3.9.0
2025-07-31 15:30:32,980 INFO  [org.apa.kaf.com.uti.AppInfoParser] (main) Kafka commitId: 84caaa6e9da06435
2025-07-31 15:30:32,980 INFO  [org.apa.kaf.com.uti.AppInfoParser] (main) Kafka startTimeMs: 1753975832980
2025-07-31 15:30:32,980 INFO  [io.api.tes.ser.api.SimpleSerdesTesterBuilder$SimpleSerdesTester] (main) Using producer configuration: {apicurio.registry.url=http://registry-app-postgresql.apps.ci419.apicurio-testing.org:80/apis/registry/v3, apicurio.registry.headers.enabled=true, apicurio.registry.auto-register=true, apicurio.registry.artifact-resolver-strategy=io.apicurio.registry.serde.strategy.TopicIdStrategy, value.serializer=io.apicurio.registry.serde.protobuf.ProtobufKafkaSerializer, request.timeout.ms=5000, acks=all, bootstrap.servers=PLAINTEXT://localhost:32770, connections.max.idle.ms=10000, key.serializer=org.apache.kafka.common.serialization.StringSerializer, client.id=Producer-topic-fc8585cb_12c4_446d_88ef_9ea5a088c996}
2025-07-31 15:30:32,980 INFO  [io.api.tes.ser.api.SimpleSerdesTesterBuilder$SimpleSerdesTester] (main) Using consumer configuration: {apicurio.registry.headers.enabled=true}
2025-07-31 15:30:32,987 INFO  [org.apa.kaf.cli.Metadata] (kafka-producer-network-thread | Producer-topic-fc8585cb_12c4_446d_88ef_9ea5a088c996) [Producer clientId=Producer-topic-fc8585cb_12c4_446d_88ef_9ea5a088c996] Cluster ID: BgnDnmd_Rn-oXa8M1ygsew
2025-07-31 15:30:32,991 INFO  [org.apa.kaf.cli.pro.int.TransactionManager] (kafka-producer-network-thread | Producer-topic-fc8585cb_12c4_446d_88ef_9ea5a088c996) [Producer clientId=Producer-topic-fc8585cb_12c4_446d_88ef_9ea5a088c996] ProducerId set to 32 with epoch 0
2025-07-31 15:30:33,100 INFO  [io.api.tes.ser.api.KafkaSerdesTester] (Thread-299) Sending message header {
  time {
  }
}
d1: 1.753975832985E12
s1: "a"
i1: 123
bi1: 1
point {
  longitude: 22.0
  latitude: 22.0
  altitude: 1.0
}
 to topic topic-fc8585cb_12c4_446d_88ef_9ea5a088c996
2025-07-31 15:30:33,282 INFO  [io.api.tes.ser.api.KafkaSerdesTester] (Thread-299) Sending message header {
  time {
  }
}
d1: 1.753975833282E12
s1: "a"
i1: 123
bi1: 1
point {
  longitude: 22.0
  latitude: 22.0
  altitude: 1.0
}
 to topic topic-fc8585cb_12c4_446d_88ef_9ea5a088c996
2025-07-31 15:30:33,287 INFO  [io.api.tes.ser.api.KafkaSerdesTester] (Thread-299) Sending message header {
  time {
  }
}
d1: 1.753975833286E12
s1: "a"
i1: 123
bi1: 1
point {
  longitude: 22.0
  latitude: 22.0
  altitude: 1.0
}
 to topic topic-fc8585cb_12c4_446d_88ef_9ea5a088c996
2025-07-31 15:30:33,290 INFO  [io.api.tes.ser.api.KafkaSerdesTester] (Thread-299) Sending message header {
  time {
  }
}
d1: 1.753975833289E12
s1: "a"
i1: 123
bi1: 1
point {
  longitude: 22.0
  latitude: 22.0
  altitude: 1.0
}
 to topic topic-fc8585cb_12c4_446d_88ef_9ea5a088c996
2025-07-31 15:30:33,293 INFO  [io.api.tes.ser.api.KafkaSerdesTester] (Thread-299) Sending message header {
  time {
  }
}
d1: 1.753975833292E12
s1: "a"
i1: 123
bi1: 1
point {
  longitude: 22.0
  latitude: 22.0
  altitude: 1.0
}
 to topic topic-fc8585cb_12c4_446d_88ef_9ea5a088c996
2025-07-31 15:30:33,295 INFO  [io.api.tes.ser.api.KafkaSerdesTester] (Thread-299) Sending message header {
  time {
  }
}
d1: 1.753975833295E12
s1: "a"
i1: 123
bi1: 1
point {
  longitude: 22.0
  latitude: 22.0
  altitude: 1.0
}
 to topic topic-fc8585cb_12c4_446d_88ef_9ea5a088c996
2025-07-31 15:30:33,298 INFO  [io.api.tes.ser.api.KafkaSerdesTester] (Thread-299) Sending message header {
  time {
  }
}
d1: 1.753975833298E12
s1: "a"
i1: 123
bi1: 1
point {
  longitude: 22.0
  latitude: 22.0
  altitude: 1.0
}
 to topic topic-fc8585cb_12c4_446d_88ef_9ea5a088c996
2025-07-31 15:30:33,306 INFO  [io.api.tes.ser.api.KafkaSerdesTester] (Thread-299) Sending message header {
  time {
  }
}
d1: 1.753975833303E12
s1: "a"
i1: 123
bi1: 1
point {
  longitude: 22.0
  latitude: 22.0
  altitude: 1.0
}
 to topic topic-fc8585cb_12c4_446d_88ef_9ea5a088c996
2025-07-31 15:30:33,312 INFO  [io.api.tes.ser.api.KafkaSerdesTester] (Thread-299) Sending message header {
  time {
  }
}
d1: 1.753975833312E12
s1: "a"
i1: 123
bi1: 1
point {
  longitude: 22.0
  latitude: 22.0
  altitude: 1.0
}
 to topic topic-fc8585cb_12c4_446d_88ef_9ea5a088c996
2025-07-31 15:30:33,318 INFO  [io.api.tes.ser.api.KafkaSerdesTester] (Thread-299) Sending message header {
  time {
  }
}
d1: 1.753975833315E12
s1: "a"
i1: 123
bi1: 1
point {
  longitude: 22.0
  latitude: 22.0
  altitude: 1.0
}
 to topic topic-fc8585cb_12c4_446d_88ef_9ea5a088c996
2025-07-31 15:30:33,325 INFO  [io.api.tes.ser.api.KafkaSerdesTester] (Thread-299) Produced 10 messages
2025-07-31 15:30:33,325 INFO  [org.apa.kaf.cli.pro.KafkaProducer] (Thread-299) [Producer clientId=Producer-topic-fc8585cb_12c4_446d_88ef_9ea5a088c996] Closing the Kafka producer with timeoutMillis = 9223372036854775807 ms.
2025-07-31 15:30:33,328 INFO  [org.apa.kaf.com.met.Metrics] (Thread-299) Metrics scheduler closed
2025-07-31 15:30:33,328 INFO  [org.apa.kaf.com.met.Metrics] (Thread-299) Closing reporter org.apache.kafka.common.metrics.JmxReporter
2025-07-31 15:30:33,328 INFO  [org.apa.kaf.com.met.Metrics] (Thread-299) Closing reporter org.apache.kafka.common.telemetry.internals.ClientTelemetryReporter
2025-07-31 15:30:33,328 INFO  [org.apa.kaf.com.met.Metrics] (Thread-299) Metrics reporters closed
2025-07-31 15:30:33,329 INFO  [org.apa.kaf.com.uti.AppInfoParser] (Thread-299) App info kafka.producer for Producer-topic-fc8585cb_12c4_446d_88ef_9ea5a088c996 unregistered
2025-07-31 15:30:33,359 INFO  [org.apa.kaf.cli.con.ConsumerConfig] (main) ConsumerConfig values: 
	allow.auto.create.topics = true
	auto.commit.interval.ms = 500
	auto.include.jmx.reporter = true
	auto.offset.reset = earliest
	bootstrap.servers = [PLAINTEXT://localhost:32770]
	check.crcs = true
	client.dns.lookup = use_all_dns_ips
	client.id = consumer-Consumer-topic-fc8585cb_12c4_446d_88ef_9ea5a088c996-23
	client.rack = 
	connections.max.idle.ms = 10000
	default.api.timeout.ms = 60000
	enable.auto.commit = true
	enable.metrics.push = true
	exclude.internal.topics = true
	fetch.max.bytes = 52428800
	fetch.max.wait.ms = 500
	fetch.min.bytes = 1
	group.id = Consumer-topic-fc8585cb_12c4_446d_88ef_9ea5a088c996
	group.instance.id = null
	group.protocol = classic
	group.remote.assignor = null
	heartbeat.interval.ms = 3000
	interceptor.classes = []
	internal.leave.group.on.close = true
	internal.throw.on.fetch.stable.offset.unsupported = false
	isolation.level = read_uncommitted
	key.deserializer = class org.apache.kafka.common.serialization.StringDeserializer
	max.partition.fetch.bytes = 1048576
	max.poll.interval.ms = 300000
	max.poll.records = 500
	metadata.max.age.ms = 300000
	metadata.recovery.strategy = none
	metric.reporters = []
	metrics.num.samples = 2
	metrics.recording.level = INFO
	metrics.sample.window.ms = 30000
	partition.assignment.strategy = [class org.apache.kafka.clients.consumer.RangeAssignor, class org.apache.kafka.clients.consumer.CooperativeStickyAssignor]
	receive.buffer.bytes = 65536
	reconnect.backoff.max.ms = 1000
	reconnect.backoff.ms = 50
	request.timeout.ms = 5000
	retry.backoff.max.ms = 1000
	retry.backoff.ms = 100
	sasl.client.callback.handler.class = null
	sasl.jaas.config = null
	sasl.kerberos.kinit.cmd = /usr/bin/kinit
	sasl.kerberos.min.time.before.relogin = 60000
	sasl.kerberos.service.name = null
	sasl.kerberos.ticket.renew.jitter = 0.05
	sasl.kerberos.ticket.renew.window.factor = 0.8
	sasl.login.callback.handler.class = null
	sasl.login.class = null
	sasl.login.connect.timeout.ms = null
	sasl.login.read.timeout.ms = null
	sasl.login.refresh.buffer.seconds = 300
	sasl.login.refresh.min.period.seconds = 60
	sasl.login.refresh.window.factor = 0.8
	sasl.login.refresh.window.jitter = 0.05
	sasl.login.retry.backoff.max.ms = 10000
	sasl.login.retry.backoff.ms = 100
	sasl.mechanism = GSSAPI
	sasl.oauthbearer.clock.skew.seconds = 30
	sasl.oauthbearer.expected.audience = null
	sasl.oauthbearer.expected.issuer = null
	sasl.oauthbearer.header.urlencode = false
	sasl.oauthbearer.jwks.endpoint.refresh.ms = 3600000
	sasl.oauthbearer.jwks.endpoint.retry.backoff.max.ms = 10000
	sasl.oauthbearer.jwks.endpoint.retry.backoff.ms = 100
	sasl.oauthbearer.jwks.endpoint.url = null
	sasl.oauthbearer.scope.claim.name = scope
	sasl.oauthbearer.sub.claim.name = sub
	sasl.oauthbearer.token.endpoint.url = null
	security.protocol = PLAINTEXT
	security.providers = null
	send.buffer.bytes = 131072
	session.timeout.ms = 45000
	socket.connection.setup.timeout.max.ms = 30000
	socket.connection.setup.timeout.ms = 10000
	ssl.cipher.suites = null
	ssl.enabled.protocols = [TLSv1.2, TLSv1.3]
	ssl.endpoint.identification.algorithm = https
	ssl.engine.factory.class = null
	ssl.key.password = null
	ssl.keymanager.algorithm = SunX509
	ssl.keystore.certificate.chain = null
	ssl.keystore.key = null
	ssl.keystore.location = null
	ssl.keystore.password = null
	ssl.keystore.type = JKS
	ssl.protocol = TLSv1.3
	ssl.provider = null
	ssl.secure.random.implementation = null
	ssl.trustmanager.algorithm = PKIX
	ssl.truststore.certificates = null
	ssl.truststore.location = null
	ssl.truststore.password = null
	ssl.truststore.type = JKS
	value.deserializer = class io.apicurio.registry.serde.protobuf.ProtobufKafkaDeserializer

2025-07-31 15:30:33,360 INFO  [org.apa.kaf.com.tel.int.KafkaMetricsCollector] (main) initializing Kafka metrics collector
2025-07-31 15:30:33,365 INFO  [org.apa.kaf.cli.con.ConsumerConfig] (main) These configurations '[apicurio.registry.url, apicurio.registry.headers.enabled]' were supplied but are not used yet.
2025-07-31 15:30:33,365 INFO  [org.apa.kaf.com.uti.AppInfoParser] (main) Kafka version: 3.9.0
2025-07-31 15:30:33,365 INFO  [org.apa.kaf.com.uti.AppInfoParser] (main) Kafka commitId: 84caaa6e9da06435
2025-07-31 15:30:33,365 INFO  [org.apa.kaf.com.uti.AppInfoParser] (main) Kafka startTimeMs: 1753975833365
2025-07-31 15:30:33,366 INFO  [org.apa.kaf.cli.con.int.ClassicKafkaConsumer] (Thread-302) [Consumer clientId=consumer-Consumer-topic-fc8585cb_12c4_446d_88ef_9ea5a088c996-23, groupId=Consumer-topic-fc8585cb_12c4_446d_88ef_9ea5a088c996] Subscribed to topic(s): topic-fc8585cb_12c4_446d_88ef_9ea5a088c996
2025-07-31 15:30:33,371 INFO  [org.apa.kaf.cli.Metadata] (Thread-302) [Consumer clientId=consumer-Consumer-topic-fc8585cb_12c4_446d_88ef_9ea5a088c996-23, groupId=Consumer-topic-fc8585cb_12c4_446d_88ef_9ea5a088c996] Cluster ID: BgnDnmd_Rn-oXa8M1ygsew
2025-07-31 15:30:33,373 INFO  [org.apa.kaf.cli.con.int.ConsumerCoordinator] (Thread-302) [Consumer clientId=consumer-Consumer-topic-fc8585cb_12c4_446d_88ef_9ea5a088c996-23, groupId=Consumer-topic-fc8585cb_12c4_446d_88ef_9ea5a088c996] Discovered group coordinator localhost:32770 (id: 2147483647 rack: null)
2025-07-31 15:30:33,374 INFO  [org.apa.kaf.cli.con.int.ConsumerCoordinator] (Thread-302) [Consumer clientId=consumer-Consumer-topic-fc8585cb_12c4_446d_88ef_9ea5a088c996-23, groupId=Consumer-topic-fc8585cb_12c4_446d_88ef_9ea5a088c996] (Re-)joining group
2025-07-31 15:30:33,377 INFO  [org.apa.kaf.cli.con.int.ConsumerCoordinator] (Thread-302) [Consumer clientId=consumer-Consumer-topic-fc8585cb_12c4_446d_88ef_9ea5a088c996-23, groupId=Consumer-topic-fc8585cb_12c4_446d_88ef_9ea5a088c996] Request joining group due to: need to re-join with the given member-id: consumer-Consumer-topic-fc8585cb_12c4_446d_88ef_9ea5a088c996-23-4e8ad791-49ce-45c1-a331-3d7813c84e3f
2025-07-31 15:30:33,377 INFO  [org.apa.kaf.cli.con.int.ConsumerCoordinator] (Thread-302) [Consumer clientId=consumer-Consumer-topic-fc8585cb_12c4_446d_88ef_9ea5a088c996-23, groupId=Consumer-topic-fc8585cb_12c4_446d_88ef_9ea5a088c996] (Re-)joining group
2025-07-31 15:30:33,379 INFO  [org.apa.kaf.cli.con.int.ConsumerCoordinator] (Thread-302) [Consumer clientId=consumer-Consumer-topic-fc8585cb_12c4_446d_88ef_9ea5a088c996-23, groupId=Consumer-topic-fc8585cb_12c4_446d_88ef_9ea5a088c996] Successfully joined group with generation Generation{generationId=1, memberId='consumer-Consumer-topic-fc8585cb_12c4_446d_88ef_9ea5a088c996-23-4e8ad791-49ce-45c1-a331-3d7813c84e3f', protocol='range'}
2025-07-31 15:30:33,379 INFO  [org.apa.kaf.cli.con.int.ConsumerCoordinator] (Thread-302) [Consumer clientId=consumer-Consumer-topic-fc8585cb_12c4_446d_88ef_9ea5a088c996-23, groupId=Consumer-topic-fc8585cb_12c4_446d_88ef_9ea5a088c996] Finished assignment for group at generation 1: {consumer-Consumer-topic-fc8585cb_12c4_446d_88ef_9ea5a088c996-23-4e8ad791-49ce-45c1-a331-3d7813c84e3f=Assignment(partitions=[topic-fc8585cb_12c4_446d_88ef_9ea5a088c996-0])}
2025-07-31 15:30:33,381 INFO  [org.apa.kaf.cli.con.int.ConsumerCoordinator] (Thread-302) [Consumer clientId=consumer-Consumer-topic-fc8585cb_12c4_446d_88ef_9ea5a088c996-23, groupId=Consumer-topic-fc8585cb_12c4_446d_88ef_9ea5a088c996] Successfully synced group in generation Generation{generationId=1, memberId='consumer-Consumer-topic-fc8585cb_12c4_446d_88ef_9ea5a088c996-23-4e8ad791-49ce-45c1-a331-3d7813c84e3f', protocol='range'}
2025-07-31 15:30:33,382 INFO  [org.apa.kaf.cli.con.int.ConsumerCoordinator] (Thread-302) [Consumer clientId=consumer-Consumer-topic-fc8585cb_12c4_446d_88ef_9ea5a088c996-23, groupId=Consumer-topic-fc8585cb_12c4_446d_88ef_9ea5a088c996] Notifying assignor about the new Assignment(partitions=[topic-fc8585cb_12c4_446d_88ef_9ea5a088c996-0])
2025-07-31 15:30:33,382 INFO  [org.apa.kaf.cli.con.int.ConsumerRebalanceListenerInvoker] (Thread-302) [Consumer clientId=consumer-Consumer-topic-fc8585cb_12c4_446d_88ef_9ea5a088c996-23, groupId=Consumer-topic-fc8585cb_12c4_446d_88ef_9ea5a088c996] Adding newly assigned partitions: topic-fc8585cb_12c4_446d_88ef_9ea5a088c996-0
2025-07-31 15:30:33,384 INFO  [org.apa.kaf.cli.con.int.ConsumerCoordinator] (Thread-302) [Consumer clientId=consumer-Consumer-topic-fc8585cb_12c4_446d_88ef_9ea5a088c996-23, groupId=Consumer-topic-fc8585cb_12c4_446d_88ef_9ea5a088c996] Found no committed offset for partition topic-fc8585cb_12c4_446d_88ef_9ea5a088c996-0
2025-07-31 15:30:33,386 INFO  [org.apa.kaf.cli.con.int.SubscriptionState] (Thread-302) [Consumer clientId=consumer-Consumer-topic-fc8585cb_12c4_446d_88ef_9ea5a088c996-23, groupId=Consumer-topic-fc8585cb_12c4_446d_88ef_9ea5a088c996] Resetting offset for partition topic-fc8585cb_12c4_446d_88ef_9ea5a088c996-0 to position FetchPosition{offset=0, offsetEpoch=Optional.empty, currentLeader=LeaderAndEpoch{leader=Optional[localhost:32770 (id: 0 rack: null)], epoch=0}}.
2025-07-31 15:30:33,484 WARNING [com.goo.pro.GeneratedMessage] (Thread-302) Vulnerable protobuf generated type in use: io.apicurio.tests.protobuf.Header
As of 2022/09/29 (release 21.7) makeExtensionsImmutable should not be called from protobuf gencode. If you are seeing this message, your gencode is vulnerable to a denial of service attack. You should regenerate your code using protobuf 25.6 or later. Use the latest version that meets your needs. However, if you understand the risks and wish to continue with vulnerable gencode, you can set the system property `-Dcom.google.protobuf.use_unsafe_pre22_gencode` on the command line to silence this warning. You also can set `-Dcom.google.protobuf.error_on_unsafe_pre22_gencode` to throw an error instead. See security vulnerability: https://github.com/protocolbuffers/protobuf/security/advisories/GHSA-h4h5-3hr4-j3g2
2025-07-31 15:30:33,484 WARNING [com.goo.pro.GeneratedMessage] (Thread-302) Vulnerable protobuf generated type in use: io.apicurio.tests.protobuf.Point
As of 2022/09/29 (release 21.7) makeExtensionsImmutable should not be called from protobuf gencode. If you are seeing this message, your gencode is vulnerable to a denial of service attack. You should regenerate your code using protobuf 25.6 or later. Use the latest version that meets your needs. However, if you understand the risks and wish to continue with vulnerable gencode, you can set the system property `-Dcom.google.protobuf.use_unsafe_pre22_gencode` on the command line to silence this warning. You also can set `-Dcom.google.protobuf.error_on_unsafe_pre22_gencode` to throw an error instead. See security vulnerability: https://github.com/protocolbuffers/protobuf/security/advisories/GHSA-h4h5-3hr4-j3g2
2025-07-31 15:30:33,484 WARNING [com.goo.pro.GeneratedMessage] (Thread-302) Vulnerable protobuf generated type in use: io.apicurio.tests.protobuf.ProtobufTestMessage
As of 2022/09/29 (release 21.7) makeExtensionsImmutable should not be called from protobuf gencode. If you are seeing this message, your gencode is vulnerable to a denial of service attack. You should regenerate your code using protobuf 25.6 or later. Use the latest version that meets your needs. However, if you understand the risks and wish to continue with vulnerable gencode, you can set the system property `-Dcom.google.protobuf.use_unsafe_pre22_gencode` on the command line to silence this warning. You also can set `-Dcom.google.protobuf.error_on_unsafe_pre22_gencode` to throw an error instead. See security vulnerability: https://github.com/protocolbuffers/protobuf/security/advisories/GHSA-h4h5-3hr4-j3g2
2025-07-31 15:30:33,486 INFO  [io.api.tes.ser.api.KafkaSerdesTester] (Thread-302) topic-fc8585cb_12c4_446d_88ef_9ea5a088c996 0 0 header {
  time {
  }
}
d1: 1.753975832985E12
s1: "a"
i1: 123
bi1: 1
point {
  longitude: 22.0
  latitude: 22.0
  altitude: 1.0
}

2025-07-31 15:30:33,486 INFO  [io.api.tes.ser.api.KafkaSerdesTester] (Thread-302) topic-fc8585cb_12c4_446d_88ef_9ea5a088c996 0 1 header {
  time {
  }
}
d1: 1.753975833282E12
s1: "a"
i1: 123
bi1: 1
point {
  longitude: 22.0
  latitude: 22.0
  altitude: 1.0
}

2025-07-31 15:30:33,487 INFO  [io.api.tes.ser.api.KafkaSerdesTester] (Thread-302) topic-fc8585cb_12c4_446d_88ef_9ea5a088c996 0 2 header {
  time {
  }
}
d1: 1.753975833286E12
s1: "a"
i1: 123
bi1: 1
point {
  longitude: 22.0
  latitude: 22.0
  altitude: 1.0
}

2025-07-31 15:30:33,487 INFO  [io.api.tes.ser.api.KafkaSerdesTester] (Thread-302) topic-fc8585cb_12c4_446d_88ef_9ea5a088c996 0 3 header {
  time {
  }
}
d1: 1.753975833289E12
s1: "a"
i1: 123
bi1: 1
point {
  longitude: 22.0
  latitude: 22.0
  altitude: 1.0
}

2025-07-31 15:30:33,487 INFO  [io.api.tes.ser.api.KafkaSerdesTester] (Thread-302) topic-fc8585cb_12c4_446d_88ef_9ea5a088c996 0 4 header {
  time {
  }
}
d1: 1.753975833292E12
s1: "a"
i1: 123
bi1: 1
point {
  longitude: 22.0
  latitude: 22.0
  altitude: 1.0
}

2025-07-31 15:30:33,490 INFO  [io.api.tes.ser.api.KafkaSerdesTester] (Thread-302) topic-fc8585cb_12c4_446d_88ef_9ea5a088c996 0 5 header {
  time {
  }
}
d1: 1.753975833295E12
s1: "a"
i1: 123
bi1: 1
point {
  longitude: 22.0
  latitude: 22.0
  altitude: 1.0
}

2025-07-31 15:30:33,491 INFO  [io.api.tes.ser.api.KafkaSerdesTester] (Thread-302) topic-fc8585cb_12c4_446d_88ef_9ea5a088c996 0 6 header {
  time {
  }
}
d1: 1.753975833298E12
s1: "a"
i1: 123
bi1: 1
point {
  longitude: 22.0
  latitude: 22.0
  altitude: 1.0
}

2025-07-31 15:30:33,491 INFO  [io.api.tes.ser.api.KafkaSerdesTester] (Thread-302) topic-fc8585cb_12c4_446d_88ef_9ea5a088c996 0 7 header {
  time {
  }
}
d1: 1.753975833303E12
s1: "a"
i1: 123
bi1: 1
point {
  longitude: 22.0
  latitude: 22.0
  altitude: 1.0
}

2025-07-31 15:30:33,491 INFO  [io.api.tes.ser.api.KafkaSerdesTester] (Thread-302) topic-fc8585cb_12c4_446d_88ef_9ea5a088c996 0 8 header {
  time {
  }
}
d1: 1.753975833312E12
s1: "a"
i1: 123
bi1: 1
point {
  longitude: 22.0
  latitude: 22.0
  altitude: 1.0
}

2025-07-31 15:30:33,491 INFO  [io.api.tes.ser.api.KafkaSerdesTester] (Thread-302) topic-fc8585cb_12c4_446d_88ef_9ea5a088c996 0 9 header {
  time {
  }
}
d1: 1.753975833315E12
s1: "a"
i1: 123
bi1: 1
point {
  longitude: 22.0
  latitude: 22.0
  altitude: 1.0
}

2025-07-31 15:30:33,491 INFO  [io.api.tes.ser.api.KafkaSerdesTester] (Thread-302) Consumed 10 messages
2025-07-31 15:30:33,495 INFO  [org.apa.kaf.cli.con.int.ConsumerRebalanceListenerInvoker] (Thread-302) [Consumer clientId=consumer-Consumer-topic-fc8585cb_12c4_446d_88ef_9ea5a088c996-23, groupId=Consumer-topic-fc8585cb_12c4_446d_88ef_9ea5a088c996] Revoke previously assigned partitions topic-fc8585cb_12c4_446d_88ef_9ea5a088c996-0
2025-07-31 15:30:33,496 INFO  [org.apa.kaf.cli.con.int.ConsumerCoordinator] (Thread-302) [Consumer clientId=consumer-Consumer-topic-fc8585cb_12c4_446d_88ef_9ea5a088c996-23, groupId=Consumer-topic-fc8585cb_12c4_446d_88ef_9ea5a088c996] Member consumer-Consumer-topic-fc8585cb_12c4_446d_88ef_9ea5a088c996-23-4e8ad791-49ce-45c1-a331-3d7813c84e3f sending LeaveGroup request to coordinator localhost:32770 (id: 2147483647 rack: null) due to the consumer is being closed
2025-07-31 15:30:33,496 INFO  [org.apa.kaf.cli.con.int.ConsumerCoordinator] (Thread-302) [Consumer clientId=consumer-Consumer-topic-fc8585cb_12c4_446d_88ef_9ea5a088c996-23, groupId=Consumer-topic-fc8585cb_12c4_446d_88ef_9ea5a088c996] Resetting generation and member id due to: consumer pro-actively leaving the group
2025-07-31 15:30:33,496 INFO  [org.apa.kaf.cli.con.int.ConsumerCoordinator] (Thread-302) [Consumer clientId=consumer-Consumer-topic-fc8585cb_12c4_446d_88ef_9ea5a088c996-23, groupId=Consumer-topic-fc8585cb_12c4_446d_88ef_9ea5a088c996] Request joining group due to: consumer pro-actively leaving the group
2025-07-31 15:30:33,989 INFO  [org.apa.kaf.com.met.Metrics] (Thread-302) Metrics scheduler closed
2025-07-31 15:30:33,989 INFO  [org.apa.kaf.com.met.Metrics] (Thread-302) Closing reporter org.apache.kafka.common.metrics.JmxReporter
2025-07-31 15:30:33,989 INFO  [org.apa.kaf.com.met.Metrics] (Thread-302) Closing reporter org.apache.kafka.common.telemetry.internals.ClientTelemetryReporter
2025-07-31 15:30:33,989 INFO  [org.apa.kaf.com.met.Metrics] (Thread-302) Metrics reporters closed
2025-07-31 15:30:33,990 INFO  [org.apa.kaf.com.uti.AppInfoParser] (Thread-302) App info kafka.consumer for consumer-Consumer-topic-fc8585cb_12c4_446d_88ef_9ea5a088c996-23 unregistered
2025-07-31 15:30:34,011 INFO  [io.api.tes.uti.TestSeparator] (main) io.apicurio.tests.serdes.apicurio.ProtobufSerdeIT.testTopicIdStrategyAutoRegister-FINISHED
2025-07-31 15:30:34,011 INFO  [io.api.tes.uti.TestSeparator] (main) ############################################################################
]]></system-out>
  </testcase>
  <testcase name="testAutoRegisterAndUseBody" classname="io.apicurio.tests.serdes.apicurio.ProtobufSerdeIT" time="0.855">
    <system-out><![CDATA[2025-07-31 15:30:34,013 INFO  [io.api.tes.uti.TestSeparator] (main) ############################################################################
2025-07-31 15:30:34,013 INFO  [io.api.tes.uti.TestSeparator] (main) io.apicurio.tests.serdes.apicurio.ProtobufSerdeIT.testAutoRegisterAndUseBody-STARTED
2025-07-31 15:30:34,015 INFO  [org.apa.kaf.cli.pro.ProducerConfig] (main) ProducerConfig values: 
	acks = -1
	auto.include.jmx.reporter = true
	batch.size = 16384
	bootstrap.servers = [PLAINTEXT://localhost:32770]
	buffer.memory = 33554432
	client.dns.lookup = use_all_dns_ips
	client.id = Producer-topic-96c265ab_8766_4da2_a709_5d106d91ca14
	compression.gzip.level = -1
	compression.lz4.level = 9
	compression.type = none
	compression.zstd.level = 3
	connections.max.idle.ms = 10000
	delivery.timeout.ms = 120000
	enable.idempotence = true
	enable.metrics.push = true
	interceptor.classes = []
	key.serializer = class org.apache.kafka.common.serialization.StringSerializer
	linger.ms = 0
	max.block.ms = 60000
	max.in.flight.requests.per.connection = 5
	max.request.size = 1048576
	metadata.max.age.ms = 300000
	metadata.max.idle.ms = 300000
	metadata.recovery.strategy = none
	metric.reporters = []
	metrics.num.samples = 2
	metrics.recording.level = INFO
	metrics.sample.window.ms = 30000
	partitioner.adaptive.partitioning.enable = true
	partitioner.availability.timeout.ms = 0
	partitioner.class = null
	partitioner.ignore.keys = false
	receive.buffer.bytes = 32768
	reconnect.backoff.max.ms = 1000
	reconnect.backoff.ms = 50
	request.timeout.ms = 5000
	retries = 2147483647
	retry.backoff.max.ms = 1000
	retry.backoff.ms = 100
	sasl.client.callback.handler.class = null
	sasl.jaas.config = null
	sasl.kerberos.kinit.cmd = /usr/bin/kinit
	sasl.kerberos.min.time.before.relogin = 60000
	sasl.kerberos.service.name = null
	sasl.kerberos.ticket.renew.jitter = 0.05
	sasl.kerberos.ticket.renew.window.factor = 0.8
	sasl.login.callback.handler.class = null
	sasl.login.class = null
	sasl.login.connect.timeout.ms = null
	sasl.login.read.timeout.ms = null
	sasl.login.refresh.buffer.seconds = 300
	sasl.login.refresh.min.period.seconds = 60
	sasl.login.refresh.window.factor = 0.8
	sasl.login.refresh.window.jitter = 0.05
	sasl.login.retry.backoff.max.ms = 10000
	sasl.login.retry.backoff.ms = 100
	sasl.mechanism = GSSAPI
	sasl.oauthbearer.clock.skew.seconds = 30
	sasl.oauthbearer.expected.audience = null
	sasl.oauthbearer.expected.issuer = null
	sasl.oauthbearer.header.urlencode = false
	sasl.oauthbearer.jwks.endpoint.refresh.ms = 3600000
	sasl.oauthbearer.jwks.endpoint.retry.backoff.max.ms = 10000
	sasl.oauthbearer.jwks.endpoint.retry.backoff.ms = 100
	sasl.oauthbearer.jwks.endpoint.url = null
	sasl.oauthbearer.scope.claim.name = scope
	sasl.oauthbearer.sub.claim.name = sub
	sasl.oauthbearer.token.endpoint.url = null
	security.protocol = PLAINTEXT
	security.providers = null
	send.buffer.bytes = 131072
	socket.connection.setup.timeout.max.ms = 30000
	socket.connection.setup.timeout.ms = 10000
	ssl.cipher.suites = null
	ssl.enabled.protocols = [TLSv1.2, TLSv1.3]
	ssl.endpoint.identification.algorithm = https
	ssl.engine.factory.class = null
	ssl.key.password = null
	ssl.keymanager.algorithm = SunX509
	ssl.keystore.certificate.chain = null
	ssl.keystore.key = null
	ssl.keystore.location = null
	ssl.keystore.password = null
	ssl.keystore.type = JKS
	ssl.protocol = TLSv1.3
	ssl.provider = null
	ssl.secure.random.implementation = null
	ssl.trustmanager.algorithm = PKIX
	ssl.truststore.certificates = null
	ssl.truststore.location = null
	ssl.truststore.password = null
	ssl.truststore.type = JKS
	transaction.timeout.ms = 60000
	transactional.id = null
	value.serializer = class io.apicurio.registry.serde.protobuf.ProtobufKafkaSerializer

2025-07-31 15:30:34,016 INFO  [org.apa.kaf.com.tel.int.KafkaMetricsCollector] (main) initializing Kafka metrics collector
2025-07-31 15:30:34,020 INFO  [org.apa.kaf.cli.pro.KafkaProducer] (main) [Producer clientId=Producer-topic-96c265ab_8766_4da2_a709_5d106d91ca14] Instantiated an idempotent producer.
2025-07-31 15:30:34,028 INFO  [org.apa.kaf.cli.pro.ProducerConfig] (main) These configurations '[apicurio.registry.url, apicurio.registry.auto-register, apicurio.registry.artifact-resolver-strategy]' were supplied but are not used yet.
2025-07-31 15:30:34,028 INFO  [org.apa.kaf.com.uti.AppInfoParser] (main) Kafka version: 3.9.0
2025-07-31 15:30:34,028 INFO  [org.apa.kaf.com.uti.AppInfoParser] (main) Kafka commitId: 84caaa6e9da06435
2025-07-31 15:30:34,028 INFO  [org.apa.kaf.com.uti.AppInfoParser] (main) Kafka startTimeMs: 1753975834028
2025-07-31 15:30:34,028 INFO  [io.api.tes.ser.api.SimpleSerdesTesterBuilder$SimpleSerdesTester] (main) Using producer configuration: {apicurio.registry.url=http://registry-app-postgresql.apps.ci419.apicurio-testing.org:80/apis/registry/v3, apicurio.registry.auto-register=true, apicurio.registry.artifact-resolver-strategy=io.apicurio.registry.serde.strategy.TopicIdStrategy, value.serializer=io.apicurio.registry.serde.protobuf.ProtobufKafkaSerializer, request.timeout.ms=5000, acks=all, bootstrap.servers=PLAINTEXT://localhost:32770, connections.max.idle.ms=10000, key.serializer=org.apache.kafka.common.serialization.StringSerializer, client.id=Producer-topic-96c265ab_8766_4da2_a709_5d106d91ca14}
2025-07-31 15:30:34,028 INFO  [io.api.tes.ser.api.SimpleSerdesTesterBuilder$SimpleSerdesTester] (main) Using consumer configuration: {apicurio.protobuf.derive.class=true}
2025-07-31 15:30:34,033 INFO  [org.apa.kaf.cli.Metadata] (kafka-producer-network-thread | Producer-topic-96c265ab_8766_4da2_a709_5d106d91ca14) [Producer clientId=Producer-topic-96c265ab_8766_4da2_a709_5d106d91ca14] Cluster ID: BgnDnmd_Rn-oXa8M1ygsew
2025-07-31 15:30:34,034 INFO  [io.api.tes.ser.api.KafkaSerdesTester] (Thread-305) Sending message header {
  time {
  }
}
d1: 1.753975834033E12
s1: "a"
i1: 123
bi1: 1
point {
  longitude: 22.0
  latitude: 22.0
  altitude: 1.0
}
 to topic topic-96c265ab_8766_4da2_a709_5d106d91ca14
2025-07-31 15:30:34,037 INFO  [org.apa.kaf.cli.pro.int.TransactionManager] (kafka-producer-network-thread | Producer-topic-96c265ab_8766_4da2_a709_5d106d91ca14) [Producer clientId=Producer-topic-96c265ab_8766_4da2_a709_5d106d91ca14] ProducerId set to 33 with epoch 0
2025-07-31 15:30:34,050 WARN  [org.apa.kaf.cli.NetworkClient] (kafka-producer-network-thread | Producer-topic-96c265ab_8766_4da2_a709_5d106d91ca14) [Producer clientId=Producer-topic-96c265ab_8766_4da2_a709_5d106d91ca14] The metadata response from the cluster reported a recoverable issue with correlation id 7 : {topic-96c265ab_8766_4da2_a709_5d106d91ca14=LEADER_NOT_AVAILABLE}
2025-07-31 15:30:34,227 INFO  [io.api.tes.ser.api.KafkaSerdesTester] (Thread-305) Sending message header {
  time {
  }
}
d1: 1.753975834227E12
s1: "a"
i1: 123
bi1: 1
point {
  longitude: 22.0
  latitude: 22.0
  altitude: 1.0
}
 to topic topic-96c265ab_8766_4da2_a709_5d106d91ca14
2025-07-31 15:30:34,231 INFO  [io.api.tes.ser.api.KafkaSerdesTester] (Thread-305) Sending message header {
  time {
  }
}
d1: 1.753975834231E12
s1: "a"
i1: 123
bi1: 1
point {
  longitude: 22.0
  latitude: 22.0
  altitude: 1.0
}
 to topic topic-96c265ab_8766_4da2_a709_5d106d91ca14
2025-07-31 15:30:34,235 INFO  [io.api.tes.ser.api.KafkaSerdesTester] (Thread-305) Sending message header {
  time {
  }
}
d1: 1.753975834234E12
s1: "a"
i1: 123
bi1: 1
point {
  longitude: 22.0
  latitude: 22.0
  altitude: 1.0
}
 to topic topic-96c265ab_8766_4da2_a709_5d106d91ca14
2025-07-31 15:30:34,239 INFO  [io.api.tes.ser.api.KafkaSerdesTester] (Thread-305) Sending message header {
  time {
  }
}
d1: 1.753975834239E12
s1: "a"
i1: 123
bi1: 1
point {
  longitude: 22.0
  latitude: 22.0
  altitude: 1.0
}
 to topic topic-96c265ab_8766_4da2_a709_5d106d91ca14
2025-07-31 15:30:34,243 INFO  [io.api.tes.ser.api.KafkaSerdesTester] (Thread-305) Sending message header {
  time {
  }
}
d1: 1.753975834242E12
s1: "a"
i1: 123
bi1: 1
point {
  longitude: 22.0
  latitude: 22.0
  altitude: 1.0
}
 to topic topic-96c265ab_8766_4da2_a709_5d106d91ca14
2025-07-31 15:30:34,245 INFO  [io.api.tes.ser.api.KafkaSerdesTester] (Thread-305) Sending message header {
  time {
  }
}
d1: 1.753975834245E12
s1: "a"
i1: 123
bi1: 1
point {
  longitude: 22.0
  latitude: 22.0
  altitude: 1.0
}
 to topic topic-96c265ab_8766_4da2_a709_5d106d91ca14
2025-07-31 15:30:34,247 INFO  [io.api.tes.ser.api.KafkaSerdesTester] (Thread-305) Sending message header {
  time {
  }
}
d1: 1.753975834247E12
s1: "a"
i1: 123
bi1: 1
point {
  longitude: 22.0
  latitude: 22.0
  altitude: 1.0
}
 to topic topic-96c265ab_8766_4da2_a709_5d106d91ca14
2025-07-31 15:30:34,249 INFO  [io.api.tes.ser.api.KafkaSerdesTester] (Thread-305) Sending message header {
  time {
  }
}
d1: 1.753975834249E12
s1: "a"
i1: 123
bi1: 1
point {
  longitude: 22.0
  latitude: 22.0
  altitude: 1.0
}
 to topic topic-96c265ab_8766_4da2_a709_5d106d91ca14
2025-07-31 15:30:34,251 INFO  [io.api.tes.ser.api.KafkaSerdesTester] (Thread-305) Sending message header {
  time {
  }
}
d1: 1.753975834251E12
s1: "a"
i1: 123
bi1: 1
point {
  longitude: 22.0
  latitude: 22.0
  altitude: 1.0
}
 to topic topic-96c265ab_8766_4da2_a709_5d106d91ca14
2025-07-31 15:30:34,253 INFO  [io.api.tes.ser.api.KafkaSerdesTester] (Thread-305) Produced 10 messages
2025-07-31 15:30:34,253 INFO  [org.apa.kaf.cli.pro.KafkaProducer] (Thread-305) [Producer clientId=Producer-topic-96c265ab_8766_4da2_a709_5d106d91ca14] Closing the Kafka producer with timeoutMillis = 9223372036854775807 ms.
2025-07-31 15:30:34,255 INFO  [org.apa.kaf.com.met.Metrics] (Thread-305) Metrics scheduler closed
2025-07-31 15:30:34,255 INFO  [org.apa.kaf.com.met.Metrics] (Thread-305) Closing reporter org.apache.kafka.common.metrics.JmxReporter
2025-07-31 15:30:34,255 INFO  [org.apa.kaf.com.met.Metrics] (Thread-305) Closing reporter org.apache.kafka.common.telemetry.internals.ClientTelemetryReporter
2025-07-31 15:30:34,255 INFO  [org.apa.kaf.com.met.Metrics] (Thread-305) Metrics reporters closed
2025-07-31 15:30:34,255 INFO  [org.apa.kaf.com.uti.AppInfoParser] (Thread-305) App info kafka.producer for Producer-topic-96c265ab_8766_4da2_a709_5d106d91ca14 unregistered
2025-07-31 15:30:34,282 INFO  [org.apa.kaf.cli.con.ConsumerConfig] (main) ConsumerConfig values: 
	allow.auto.create.topics = true
	auto.commit.interval.ms = 500
	auto.include.jmx.reporter = true
	auto.offset.reset = earliest
	bootstrap.servers = [PLAINTEXT://localhost:32770]
	check.crcs = true
	client.dns.lookup = use_all_dns_ips
	client.id = consumer-Consumer-topic-96c265ab_8766_4da2_a709_5d106d91ca14-24
	client.rack = 
	connections.max.idle.ms = 10000
	default.api.timeout.ms = 60000
	enable.auto.commit = true
	enable.metrics.push = true
	exclude.internal.topics = true
	fetch.max.bytes = 52428800
	fetch.max.wait.ms = 500
	fetch.min.bytes = 1
	group.id = Consumer-topic-96c265ab_8766_4da2_a709_5d106d91ca14
	group.instance.id = null
	group.protocol = classic
	group.remote.assignor = null
	heartbeat.interval.ms = 3000
	interceptor.classes = []
	internal.leave.group.on.close = true
	internal.throw.on.fetch.stable.offset.unsupported = false
	isolation.level = read_uncommitted
	key.deserializer = class org.apache.kafka.common.serialization.StringDeserializer
	max.partition.fetch.bytes = 1048576
	max.poll.interval.ms = 300000
	max.poll.records = 500
	metadata.max.age.ms = 300000
	metadata.recovery.strategy = none
	metric.reporters = []
	metrics.num.samples = 2
	metrics.recording.level = INFO
	metrics.sample.window.ms = 30000
	partition.assignment.strategy = [class org.apache.kafka.clients.consumer.RangeAssignor, class org.apache.kafka.clients.consumer.CooperativeStickyAssignor]
	receive.buffer.bytes = 65536
	reconnect.backoff.max.ms = 1000
	reconnect.backoff.ms = 50
	request.timeout.ms = 5000
	retry.backoff.max.ms = 1000
	retry.backoff.ms = 100
	sasl.client.callback.handler.class = null
	sasl.jaas.config = null
	sasl.kerberos.kinit.cmd = /usr/bin/kinit
	sasl.kerberos.min.time.before.relogin = 60000
	sasl.kerberos.service.name = null
	sasl.kerberos.ticket.renew.jitter = 0.05
	sasl.kerberos.ticket.renew.window.factor = 0.8
	sasl.login.callback.handler.class = null
	sasl.login.class = null
	sasl.login.connect.timeout.ms = null
	sasl.login.read.timeout.ms = null
	sasl.login.refresh.buffer.seconds = 300
	sasl.login.refresh.min.period.seconds = 60
	sasl.login.refresh.window.factor = 0.8
	sasl.login.refresh.window.jitter = 0.05
	sasl.login.retry.backoff.max.ms = 10000
	sasl.login.retry.backoff.ms = 100
	sasl.mechanism = GSSAPI
	sasl.oauthbearer.clock.skew.seconds = 30
	sasl.oauthbearer.expected.audience = null
	sasl.oauthbearer.expected.issuer = null
	sasl.oauthbearer.header.urlencode = false
	sasl.oauthbearer.jwks.endpoint.refresh.ms = 3600000
	sasl.oauthbearer.jwks.endpoint.retry.backoff.max.ms = 10000
	sasl.oauthbearer.jwks.endpoint.retry.backoff.ms = 100
	sasl.oauthbearer.jwks.endpoint.url = null
	sasl.oauthbearer.scope.claim.name = scope
	sasl.oauthbearer.sub.claim.name = sub
	sasl.oauthbearer.token.endpoint.url = null
	security.protocol = PLAINTEXT
	security.providers = null
	send.buffer.bytes = 131072
	session.timeout.ms = 45000
	socket.connection.setup.timeout.max.ms = 30000
	socket.connection.setup.timeout.ms = 10000
	ssl.cipher.suites = null
	ssl.enabled.protocols = [TLSv1.2, TLSv1.3]
	ssl.endpoint.identification.algorithm = https
	ssl.engine.factory.class = null
	ssl.key.password = null
	ssl.keymanager.algorithm = SunX509
	ssl.keystore.certificate.chain = null
	ssl.keystore.key = null
	ssl.keystore.location = null
	ssl.keystore.password = null
	ssl.keystore.type = JKS
	ssl.protocol = TLSv1.3
	ssl.provider = null
	ssl.secure.random.implementation = null
	ssl.trustmanager.algorithm = PKIX
	ssl.truststore.certificates = null
	ssl.truststore.location = null
	ssl.truststore.password = null
	ssl.truststore.type = JKS
	value.deserializer = class io.apicurio.registry.serde.protobuf.ProtobufKafkaDeserializer

2025-07-31 15:30:34,282 INFO  [org.apa.kaf.com.tel.int.KafkaMetricsCollector] (main) initializing Kafka metrics collector
2025-07-31 15:30:34,286 INFO  [org.apa.kaf.cli.con.ConsumerConfig] (main) These configurations '[apicurio.registry.url, apicurio.protobuf.derive.class]' were supplied but are not used yet.
2025-07-31 15:30:34,286 INFO  [org.apa.kaf.com.uti.AppInfoParser] (main) Kafka version: 3.9.0
2025-07-31 15:30:34,286 INFO  [org.apa.kaf.com.uti.AppInfoParser] (main) Kafka commitId: 84caaa6e9da06435
2025-07-31 15:30:34,286 INFO  [org.apa.kaf.com.uti.AppInfoParser] (main) Kafka startTimeMs: 1753975834286
2025-07-31 15:30:34,286 INFO  [org.apa.kaf.cli.con.int.ClassicKafkaConsumer] (Thread-308) [Consumer clientId=consumer-Consumer-topic-96c265ab_8766_4da2_a709_5d106d91ca14-24, groupId=Consumer-topic-96c265ab_8766_4da2_a709_5d106d91ca14] Subscribed to topic(s): topic-96c265ab_8766_4da2_a709_5d106d91ca14
2025-07-31 15:30:34,290 INFO  [org.apa.kaf.cli.Metadata] (Thread-308) [Consumer clientId=consumer-Consumer-topic-96c265ab_8766_4da2_a709_5d106d91ca14-24, groupId=Consumer-topic-96c265ab_8766_4da2_a709_5d106d91ca14] Cluster ID: BgnDnmd_Rn-oXa8M1ygsew
2025-07-31 15:30:34,291 INFO  [org.apa.kaf.cli.con.int.ConsumerCoordinator] (Thread-308) [Consumer clientId=consumer-Consumer-topic-96c265ab_8766_4da2_a709_5d106d91ca14-24, groupId=Consumer-topic-96c265ab_8766_4da2_a709_5d106d91ca14] Discovered group coordinator localhost:32770 (id: 2147483647 rack: null)
2025-07-31 15:30:34,292 INFO  [org.apa.kaf.cli.con.int.ConsumerCoordinator] (Thread-308) [Consumer clientId=consumer-Consumer-topic-96c265ab_8766_4da2_a709_5d106d91ca14-24, groupId=Consumer-topic-96c265ab_8766_4da2_a709_5d106d91ca14] (Re-)joining group
2025-07-31 15:30:34,294 INFO  [org.apa.kaf.cli.con.int.ConsumerCoordinator] (Thread-308) [Consumer clientId=consumer-Consumer-topic-96c265ab_8766_4da2_a709_5d106d91ca14-24, groupId=Consumer-topic-96c265ab_8766_4da2_a709_5d106d91ca14] Request joining group due to: need to re-join with the given member-id: consumer-Consumer-topic-96c265ab_8766_4da2_a709_5d106d91ca14-24-7b04010e-e5c1-4dc8-9236-092c39369087
2025-07-31 15:30:34,294 INFO  [org.apa.kaf.cli.con.int.ConsumerCoordinator] (Thread-308) [Consumer clientId=consumer-Consumer-topic-96c265ab_8766_4da2_a709_5d106d91ca14-24, groupId=Consumer-topic-96c265ab_8766_4da2_a709_5d106d91ca14] (Re-)joining group
2025-07-31 15:30:34,296 INFO  [org.apa.kaf.cli.con.int.ConsumerCoordinator] (Thread-308) [Consumer clientId=consumer-Consumer-topic-96c265ab_8766_4da2_a709_5d106d91ca14-24, groupId=Consumer-topic-96c265ab_8766_4da2_a709_5d106d91ca14] Successfully joined group with generation Generation{generationId=1, memberId='consumer-Consumer-topic-96c265ab_8766_4da2_a709_5d106d91ca14-24-7b04010e-e5c1-4dc8-9236-092c39369087', protocol='range'}
2025-07-31 15:30:34,296 INFO  [org.apa.kaf.cli.con.int.ConsumerCoordinator] (Thread-308) [Consumer clientId=consumer-Consumer-topic-96c265ab_8766_4da2_a709_5d106d91ca14-24, groupId=Consumer-topic-96c265ab_8766_4da2_a709_5d106d91ca14] Finished assignment for group at generation 1: {consumer-Consumer-topic-96c265ab_8766_4da2_a709_5d106d91ca14-24-7b04010e-e5c1-4dc8-9236-092c39369087=Assignment(partitions=[topic-96c265ab_8766_4da2_a709_5d106d91ca14-0])}
2025-07-31 15:30:34,298 INFO  [org.apa.kaf.cli.con.int.ConsumerCoordinator] (Thread-308) [Consumer clientId=consumer-Consumer-topic-96c265ab_8766_4da2_a709_5d106d91ca14-24, groupId=Consumer-topic-96c265ab_8766_4da2_a709_5d106d91ca14] Successfully synced group in generation Generation{generationId=1, memberId='consumer-Consumer-topic-96c265ab_8766_4da2_a709_5d106d91ca14-24-7b04010e-e5c1-4dc8-9236-092c39369087', protocol='range'}
2025-07-31 15:30:34,298 INFO  [org.apa.kaf.cli.con.int.ConsumerCoordinator] (Thread-308) [Consumer clientId=consumer-Consumer-topic-96c265ab_8766_4da2_a709_5d106d91ca14-24, groupId=Consumer-topic-96c265ab_8766_4da2_a709_5d106d91ca14] Notifying assignor about the new Assignment(partitions=[topic-96c265ab_8766_4da2_a709_5d106d91ca14-0])
2025-07-31 15:30:34,298 INFO  [org.apa.kaf.cli.con.int.ConsumerRebalanceListenerInvoker] (Thread-308) [Consumer clientId=consumer-Consumer-topic-96c265ab_8766_4da2_a709_5d106d91ca14-24, groupId=Consumer-topic-96c265ab_8766_4da2_a709_5d106d91ca14] Adding newly assigned partitions: topic-96c265ab_8766_4da2_a709_5d106d91ca14-0
2025-07-31 15:30:34,299 INFO  [org.apa.kaf.cli.con.int.ConsumerCoordinator] (Thread-308) [Consumer clientId=consumer-Consumer-topic-96c265ab_8766_4da2_a709_5d106d91ca14-24, groupId=Consumer-topic-96c265ab_8766_4da2_a709_5d106d91ca14] Found no committed offset for partition topic-96c265ab_8766_4da2_a709_5d106d91ca14-0
2025-07-31 15:30:34,302 INFO  [org.apa.kaf.cli.con.int.SubscriptionState] (Thread-308) [Consumer clientId=consumer-Consumer-topic-96c265ab_8766_4da2_a709_5d106d91ca14-24, groupId=Consumer-topic-96c265ab_8766_4da2_a709_5d106d91ca14] Resetting offset for partition topic-96c265ab_8766_4da2_a709_5d106d91ca14-0 to position FetchPosition{offset=0, offsetEpoch=Optional.empty, currentLeader=LeaderAndEpoch{leader=Optional[localhost:32770 (id: 0 rack: null)], epoch=0}}.
2025-07-31 15:30:34,362 INFO  [io.api.tes.ser.api.KafkaSerdesTester] (Thread-308) topic-96c265ab_8766_4da2_a709_5d106d91ca14 0 0 header {
  time {
  }
}
d1: 1.753975834033E12
s1: "a"
i1: 123
bi1: 1
point {
  longitude: 22.0
  latitude: 22.0
  altitude: 1.0
}

2025-07-31 15:30:34,362 INFO  [io.api.tes.ser.api.KafkaSerdesTester] (Thread-308) topic-96c265ab_8766_4da2_a709_5d106d91ca14 0 1 header {
  time {
  }
}
d1: 1.753975834227E12
s1: "a"
i1: 123
bi1: 1
point {
  longitude: 22.0
  latitude: 22.0
  altitude: 1.0
}

2025-07-31 15:30:34,362 INFO  [io.api.tes.ser.api.KafkaSerdesTester] (Thread-308) topic-96c265ab_8766_4da2_a709_5d106d91ca14 0 2 header {
  time {
  }
}
d1: 1.753975834231E12
s1: "a"
i1: 123
bi1: 1
point {
  longitude: 22.0
  latitude: 22.0
  altitude: 1.0
}

2025-07-31 15:30:34,363 INFO  [io.api.tes.ser.api.KafkaSerdesTester] (Thread-308) topic-96c265ab_8766_4da2_a709_5d106d91ca14 0 3 header {
  time {
  }
}
d1: 1.753975834234E12
s1: "a"
i1: 123
bi1: 1
point {
  longitude: 22.0
  latitude: 22.0
  altitude: 1.0
}

2025-07-31 15:30:34,363 INFO  [io.api.tes.ser.api.KafkaSerdesTester] (Thread-308) topic-96c265ab_8766_4da2_a709_5d106d91ca14 0 4 header {
  time {
  }
}
d1: 1.753975834239E12
s1: "a"
i1: 123
bi1: 1
point {
  longitude: 22.0
  latitude: 22.0
  altitude: 1.0
}

2025-07-31 15:30:34,363 INFO  [io.api.tes.ser.api.KafkaSerdesTester] (Thread-308) topic-96c265ab_8766_4da2_a709_5d106d91ca14 0 5 header {
  time {
  }
}
d1: 1.753975834242E12
s1: "a"
i1: 123
bi1: 1
point {
  longitude: 22.0
  latitude: 22.0
  altitude: 1.0
}

2025-07-31 15:30:34,364 INFO  [io.api.tes.ser.api.KafkaSerdesTester] (Thread-308) topic-96c265ab_8766_4da2_a709_5d106d91ca14 0 6 header {
  time {
  }
}
d1: 1.753975834245E12
s1: "a"
i1: 123
bi1: 1
point {
  longitude: 22.0
  latitude: 22.0
  altitude: 1.0
}

2025-07-31 15:30:34,364 INFO  [io.api.tes.ser.api.KafkaSerdesTester] (Thread-308) topic-96c265ab_8766_4da2_a709_5d106d91ca14 0 7 header {
  time {
  }
}
d1: 1.753975834247E12
s1: "a"
i1: 123
bi1: 1
point {
  longitude: 22.0
  latitude: 22.0
  altitude: 1.0
}

2025-07-31 15:30:34,364 INFO  [io.api.tes.ser.api.KafkaSerdesTester] (Thread-308) topic-96c265ab_8766_4da2_a709_5d106d91ca14 0 8 header {
  time {
  }
}
d1: 1.753975834249E12
s1: "a"
i1: 123
bi1: 1
point {
  longitude: 22.0
  latitude: 22.0
  altitude: 1.0
}

2025-07-31 15:30:34,364 INFO  [io.api.tes.ser.api.KafkaSerdesTester] (Thread-308) topic-96c265ab_8766_4da2_a709_5d106d91ca14 0 9 header {
  time {
  }
}
d1: 1.753975834251E12
s1: "a"
i1: 123
bi1: 1
point {
  longitude: 22.0
  latitude: 22.0
  altitude: 1.0
}

2025-07-31 15:30:34,364 INFO  [io.api.tes.ser.api.KafkaSerdesTester] (Thread-308) Consumed 10 messages
2025-07-31 15:30:34,366 INFO  [org.apa.kaf.cli.con.int.ConsumerRebalanceListenerInvoker] (Thread-308) [Consumer clientId=consumer-Consumer-topic-96c265ab_8766_4da2_a709_5d106d91ca14-24, groupId=Consumer-topic-96c265ab_8766_4da2_a709_5d106d91ca14] Revoke previously assigned partitions topic-96c265ab_8766_4da2_a709_5d106d91ca14-0
2025-07-31 15:30:34,367 INFO  [org.apa.kaf.cli.con.int.ConsumerCoordinator] (Thread-308) [Consumer clientId=consumer-Consumer-topic-96c265ab_8766_4da2_a709_5d106d91ca14-24, groupId=Consumer-topic-96c265ab_8766_4da2_a709_5d106d91ca14] Member consumer-Consumer-topic-96c265ab_8766_4da2_a709_5d106d91ca14-24-7b04010e-e5c1-4dc8-9236-092c39369087 sending LeaveGroup request to coordinator localhost:32770 (id: 2147483647 rack: null) due to the consumer is being closed
2025-07-31 15:30:34,367 INFO  [org.apa.kaf.cli.con.int.ConsumerCoordinator] (Thread-308) [Consumer clientId=consumer-Consumer-topic-96c265ab_8766_4da2_a709_5d106d91ca14-24, groupId=Consumer-topic-96c265ab_8766_4da2_a709_5d106d91ca14] Resetting generation and member id due to: consumer pro-actively leaving the group
2025-07-31 15:30:34,367 INFO  [org.apa.kaf.cli.con.int.ConsumerCoordinator] (Thread-308) [Consumer clientId=consumer-Consumer-topic-96c265ab_8766_4da2_a709_5d106d91ca14-24, groupId=Consumer-topic-96c265ab_8766_4da2_a709_5d106d91ca14] Request joining group due to: consumer pro-actively leaving the group
2025-07-31 15:30:34,865 INFO  [org.apa.kaf.com.met.Metrics] (Thread-308) Metrics scheduler closed
2025-07-31 15:30:34,865 INFO  [org.apa.kaf.com.met.Metrics] (Thread-308) Closing reporter org.apache.kafka.common.metrics.JmxReporter
2025-07-31 15:30:34,865 INFO  [org.apa.kaf.com.met.Metrics] (Thread-308) Closing reporter org.apache.kafka.common.telemetry.internals.ClientTelemetryReporter
2025-07-31 15:30:34,865 INFO  [org.apa.kaf.com.met.Metrics] (Thread-308) Metrics reporters closed
2025-07-31 15:30:34,867 INFO  [org.apa.kaf.com.uti.AppInfoParser] (Thread-308) App info kafka.consumer for consumer-Consumer-topic-96c265ab_8766_4da2_a709_5d106d91ca14-24 unregistered
2025-07-31 15:30:34,867 INFO  [io.api.tes.uti.TestSeparator] (main) io.apicurio.tests.serdes.apicurio.ProtobufSerdeIT.testAutoRegisterAndUseBody-FINISHED
2025-07-31 15:30:34,867 INFO  [io.api.tes.uti.TestSeparator] (main) ############################################################################
]]></system-out>
  </testcase>
  <testcase name="testValidation" classname="io.apicurio.tests.serdes.apicurio.ProtobufSerdeIT" time="6.596">
    <system-out><![CDATA[2025-07-31 15:30:34,870 INFO  [io.api.tes.uti.TestSeparator] (main) ############################################################################
2025-07-31 15:30:34,870 INFO  [io.api.tes.uti.TestSeparator] (main) io.apicurio.tests.serdes.apicurio.ProtobufSerdeIT.testValidation-STARTED
2025-07-31 15:30:36,972 INFO  [org.apa.kaf.cli.pro.ProducerConfig] (main) ProducerConfig values: 
	acks = -1
	auto.include.jmx.reporter = true
	batch.size = 16384
	bootstrap.servers = [PLAINTEXT://localhost:32770]
	buffer.memory = 33554432
	client.dns.lookup = use_all_dns_ips
	client.id = Producer-sf0cd952dxbb8cx476fx8020x7b03375bb1f5
	compression.gzip.level = -1
	compression.lz4.level = 9
	compression.type = none
	compression.zstd.level = 3
	connections.max.idle.ms = 10000
	delivery.timeout.ms = 120000
	enable.idempotence = true
	enable.metrics.push = true
	interceptor.classes = []
	key.serializer = class org.apache.kafka.common.serialization.StringSerializer
	linger.ms = 0
	max.block.ms = 60000
	max.in.flight.requests.per.connection = 5
	max.request.size = 1048576
	metadata.max.age.ms = 300000
	metadata.max.idle.ms = 300000
	metadata.recovery.strategy = none
	metric.reporters = []
	metrics.num.samples = 2
	metrics.recording.level = INFO
	metrics.sample.window.ms = 30000
	partitioner.adaptive.partitioning.enable = true
	partitioner.availability.timeout.ms = 0
	partitioner.class = null
	partitioner.ignore.keys = false
	receive.buffer.bytes = 32768
	reconnect.backoff.max.ms = 1000
	reconnect.backoff.ms = 50
	request.timeout.ms = 5000
	retries = 2147483647
	retry.backoff.max.ms = 1000
	retry.backoff.ms = 100
	sasl.client.callback.handler.class = null
	sasl.jaas.config = null
	sasl.kerberos.kinit.cmd = /usr/bin/kinit
	sasl.kerberos.min.time.before.relogin = 60000
	sasl.kerberos.service.name = null
	sasl.kerberos.ticket.renew.jitter = 0.05
	sasl.kerberos.ticket.renew.window.factor = 0.8
	sasl.login.callback.handler.class = null
	sasl.login.class = null
	sasl.login.connect.timeout.ms = null
	sasl.login.read.timeout.ms = null
	sasl.login.refresh.buffer.seconds = 300
	sasl.login.refresh.min.period.seconds = 60
	sasl.login.refresh.window.factor = 0.8
	sasl.login.refresh.window.jitter = 0.05
	sasl.login.retry.backoff.max.ms = 10000
	sasl.login.retry.backoff.ms = 100
	sasl.mechanism = GSSAPI
	sasl.oauthbearer.clock.skew.seconds = 30
	sasl.oauthbearer.expected.audience = null
	sasl.oauthbearer.expected.issuer = null
	sasl.oauthbearer.header.urlencode = false
	sasl.oauthbearer.jwks.endpoint.refresh.ms = 3600000
	sasl.oauthbearer.jwks.endpoint.retry.backoff.max.ms = 10000
	sasl.oauthbearer.jwks.endpoint.retry.backoff.ms = 100
	sasl.oauthbearer.jwks.endpoint.url = null
	sasl.oauthbearer.scope.claim.name = scope
	sasl.oauthbearer.sub.claim.name = sub
	sasl.oauthbearer.token.endpoint.url = null
	security.protocol = PLAINTEXT
	security.providers = null
	send.buffer.bytes = 131072
	socket.connection.setup.timeout.max.ms = 30000
	socket.connection.setup.timeout.ms = 10000
	ssl.cipher.suites = null
	ssl.enabled.protocols = [TLSv1.2, TLSv1.3]
	ssl.endpoint.identification.algorithm = https
	ssl.engine.factory.class = null
	ssl.key.password = null
	ssl.keymanager.algorithm = SunX509
	ssl.keystore.certificate.chain = null
	ssl.keystore.key = null
	ssl.keystore.location = null
	ssl.keystore.password = null
	ssl.keystore.type = JKS
	ssl.protocol = TLSv1.3
	ssl.provider = null
	ssl.secure.random.implementation = null
	ssl.trustmanager.algorithm = PKIX
	ssl.truststore.certificates = null
	ssl.truststore.location = null
	ssl.truststore.password = null
	ssl.truststore.type = JKS
	transaction.timeout.ms = 60000
	transactional.id = null
	value.serializer = class io.apicurio.registry.serde.protobuf.ProtobufKafkaSerializer

2025-07-31 15:30:36,972 INFO  [org.apa.kaf.com.tel.int.KafkaMetricsCollector] (main) initializing Kafka metrics collector
2025-07-31 15:30:36,975 INFO  [org.apa.kaf.cli.pro.KafkaProducer] (main) [Producer clientId=Producer-sf0cd952dxbb8cx476fx8020x7b03375bb1f5] Instantiated an idempotent producer.
2025-07-31 15:30:36,976 INFO  [org.apa.kaf.cli.pro.ProducerConfig] (main) These configurations '[apicurio.registry.headers.enabled, apicurio.registry.find-latest, apicurio.registry.url, apicurio.registry.artifact-resolver-strategy, apicurio.registry.artifact.version]' were supplied but are not used yet.
2025-07-31 15:30:36,976 INFO  [org.apa.kaf.com.uti.AppInfoParser] (main) Kafka version: 3.9.0
2025-07-31 15:30:36,976 INFO  [org.apa.kaf.com.uti.AppInfoParser] (main) Kafka commitId: 84caaa6e9da06435
2025-07-31 15:30:36,976 INFO  [org.apa.kaf.com.uti.AppInfoParser] (main) Kafka startTimeMs: 1753975836976
2025-07-31 15:30:36,976 INFO  [io.api.tes.ser.api.SimpleSerdesTesterBuilder$SimpleSerdesTester] (main) Using producer configuration: {apicurio.registry.headers.enabled=true, request.timeout.ms=5000, acks=all, bootstrap.servers=PLAINTEXT://localhost:32770, key.serializer=org.apache.kafka.common.serialization.StringSerializer, apicurio.registry.find-latest=false, apicurio.registry.url=http://registry-app-postgresql.apps.ci419.apicurio-testing.org:80/apis/registry/v3, apicurio.registry.artifact-resolver-strategy=io.apicurio.registry.serde.strategy.TopicIdStrategy, value.serializer=io.apicurio.registry.serde.protobuf.ProtobufKafkaSerializer, connections.max.idle.ms=10000, apicurio.registry.artifact.version=1, client.id=Producer-sf0cd952dxbb8cx476fx8020x7b03375bb1f5}
2025-07-31 15:30:36,976 INFO  [io.api.tes.ser.api.SimpleSerdesTesterBuilder$SimpleSerdesTester] (main) Using consumer configuration: {apicurio.registry.headers.enabled=true}
2025-07-31 15:30:36,977 INFO  [io.api.tes.ser.api.KafkaSerdesTester] (Thread-311) Sending message header {
  time {
  }
}
d1: 1.753975836976E12
s1: "a"
i1: 123
bi1: 1
point {
  longitude: 22.0
  latitude: 22.0
  altitude: 1.0
}
 to topic sf0cd952dxbb8cx476fx8020x7b03375bb1f5
2025-07-31 15:30:36,980 INFO  [org.apa.kaf.cli.Metadata] (kafka-producer-network-thread | Producer-sf0cd952dxbb8cx476fx8020x7b03375bb1f5) [Producer clientId=Producer-sf0cd952dxbb8cx476fx8020x7b03375bb1f5] Cluster ID: BgnDnmd_Rn-oXa8M1ygsew
2025-07-31 15:30:36,980 INFO  [org.apa.kaf.cli.pro.int.TransactionManager] (kafka-producer-network-thread | Producer-sf0cd952dxbb8cx476fx8020x7b03375bb1f5) [Producer clientId=Producer-sf0cd952dxbb8cx476fx8020x7b03375bb1f5] ProducerId set to 34 with epoch 0
2025-07-31 15:30:38,061 INFO  [io.api.tes.ser.api.KafkaSerdesTester] (Thread-311) Sending message header {
  time {
  }
}
d1: 1.753975838061E12
s1: "a"
i1: 123
bi1: 1
point {
  longitude: 22.0
  latitude: 22.0
  altitude: 1.0
}
 to topic sf0cd952dxbb8cx476fx8020x7b03375bb1f5
2025-07-31 15:30:38,064 INFO  [io.api.tes.ser.api.KafkaSerdesTester] (Thread-311) Sending message header {
  time {
  }
}
d1: 1.753975838063E12
s1: "a"
i1: 123
bi1: 1
point {
  longitude: 22.0
  latitude: 22.0
  altitude: 1.0
}
 to topic sf0cd952dxbb8cx476fx8020x7b03375bb1f5
2025-07-31 15:30:38,066 INFO  [io.api.tes.ser.api.KafkaSerdesTester] (Thread-311) Sending message header {
  time {
  }
}
d1: 1.753975838066E12
s1: "a"
i1: 123
bi1: 1
point {
  longitude: 22.0
  latitude: 22.0
  altitude: 1.0
}
 to topic sf0cd952dxbb8cx476fx8020x7b03375bb1f5
2025-07-31 15:30:38,068 INFO  [io.api.tes.ser.api.KafkaSerdesTester] (Thread-311) Sending message header {
  time {
  }
}
d1: 1.753975838067E12
s1: "a"
i1: 123
bi1: 1
point {
  longitude: 22.0
  latitude: 22.0
  altitude: 1.0
}
 to topic sf0cd952dxbb8cx476fx8020x7b03375bb1f5
2025-07-31 15:30:38,070 INFO  [io.api.tes.ser.api.KafkaSerdesTester] (Thread-311) Sending message header {
  time {
  }
}
d1: 1.753975838069E12
s1: "a"
i1: 123
bi1: 1
point {
  longitude: 22.0
  latitude: 22.0
  altitude: 1.0
}
 to topic sf0cd952dxbb8cx476fx8020x7b03375bb1f5
2025-07-31 15:30:38,071 INFO  [io.api.tes.ser.api.KafkaSerdesTester] (Thread-311) Sending message header {
  time {
  }
}
d1: 1.753975838071E12
s1: "a"
i1: 123
bi1: 1
point {
  longitude: 22.0
  latitude: 22.0
  altitude: 1.0
}
 to topic sf0cd952dxbb8cx476fx8020x7b03375bb1f5
2025-07-31 15:30:38,073 INFO  [io.api.tes.ser.api.KafkaSerdesTester] (Thread-311) Sending message header {
  time {
  }
}
d1: 1.753975838073E12
s1: "a"
i1: 123
bi1: 1
point {
  longitude: 22.0
  latitude: 22.0
  altitude: 1.0
}
 to topic sf0cd952dxbb8cx476fx8020x7b03375bb1f5
2025-07-31 15:30:38,076 INFO  [io.api.tes.ser.api.KafkaSerdesTester] (Thread-311) Sending message header {
  time {
  }
}
d1: 1.753975838076E12
s1: "a"
i1: 123
bi1: 1
point {
  longitude: 22.0
  latitude: 22.0
  altitude: 1.0
}
 to topic sf0cd952dxbb8cx476fx8020x7b03375bb1f5
2025-07-31 15:30:38,080 INFO  [io.api.tes.ser.api.KafkaSerdesTester] (Thread-311) Sending message header {
  time {
  }
}
d1: 1.75397583808E12
s1: "a"
i1: 123
bi1: 1
point {
  longitude: 22.0
  latitude: 22.0
  altitude: 1.0
}
 to topic sf0cd952dxbb8cx476fx8020x7b03375bb1f5
2025-07-31 15:30:38,082 INFO  [io.api.tes.ser.api.KafkaSerdesTester] (Thread-311) Produced 10 messages
2025-07-31 15:30:38,082 INFO  [org.apa.kaf.cli.pro.KafkaProducer] (Thread-311) [Producer clientId=Producer-sf0cd952dxbb8cx476fx8020x7b03375bb1f5] Closing the Kafka producer with timeoutMillis = 9223372036854775807 ms.
2025-07-31 15:30:38,084 INFO  [org.apa.kaf.com.met.Metrics] (Thread-311) Metrics scheduler closed
2025-07-31 15:30:38,084 INFO  [org.apa.kaf.com.met.Metrics] (Thread-311) Closing reporter org.apache.kafka.common.metrics.JmxReporter
2025-07-31 15:30:38,084 INFO  [org.apa.kaf.com.met.Metrics] (Thread-311) Closing reporter org.apache.kafka.common.telemetry.internals.ClientTelemetryReporter
2025-07-31 15:30:38,084 INFO  [org.apa.kaf.com.met.Metrics] (Thread-311) Metrics reporters closed
2025-07-31 15:30:38,085 INFO  [org.apa.kaf.com.uti.AppInfoParser] (Thread-311) App info kafka.producer for Producer-sf0cd952dxbb8cx476fx8020x7b03375bb1f5 unregistered
2025-07-31 15:30:38,086 INFO  [org.apa.kaf.cli.con.ConsumerConfig] (main) ConsumerConfig values: 
	allow.auto.create.topics = true
	auto.commit.interval.ms = 500
	auto.include.jmx.reporter = true
	auto.offset.reset = earliest
	bootstrap.servers = [PLAINTEXT://localhost:32770]
	check.crcs = true
	client.dns.lookup = use_all_dns_ips
	client.id = consumer-Consumer-sf0cd952dxbb8cx476fx8020x7b03375bb1f5-25
	client.rack = 
	connections.max.idle.ms = 10000
	default.api.timeout.ms = 60000
	enable.auto.commit = true
	enable.metrics.push = true
	exclude.internal.topics = true
	fetch.max.bytes = 52428800
	fetch.max.wait.ms = 500
	fetch.min.bytes = 1
	group.id = Consumer-sf0cd952dxbb8cx476fx8020x7b03375bb1f5
	group.instance.id = null
	group.protocol = classic
	group.remote.assignor = null
	heartbeat.interval.ms = 3000
	interceptor.classes = []
	internal.leave.group.on.close = true
	internal.throw.on.fetch.stable.offset.unsupported = false
	isolation.level = read_uncommitted
	key.deserializer = class org.apache.kafka.common.serialization.StringDeserializer
	max.partition.fetch.bytes = 1048576
	max.poll.interval.ms = 300000
	max.poll.records = 500
	metadata.max.age.ms = 300000
	metadata.recovery.strategy = none
	metric.reporters = []
	metrics.num.samples = 2
	metrics.recording.level = INFO
	metrics.sample.window.ms = 30000
	partition.assignment.strategy = [class org.apache.kafka.clients.consumer.RangeAssignor, class org.apache.kafka.clients.consumer.CooperativeStickyAssignor]
	receive.buffer.bytes = 65536
	reconnect.backoff.max.ms = 1000
	reconnect.backoff.ms = 50
	request.timeout.ms = 5000
	retry.backoff.max.ms = 1000
	retry.backoff.ms = 100
	sasl.client.callback.handler.class = null
	sasl.jaas.config = null
	sasl.kerberos.kinit.cmd = /usr/bin/kinit
	sasl.kerberos.min.time.before.relogin = 60000
	sasl.kerberos.service.name = null
	sasl.kerberos.ticket.renew.jitter = 0.05
	sasl.kerberos.ticket.renew.window.factor = 0.8
	sasl.login.callback.handler.class = null
	sasl.login.class = null
	sasl.login.connect.timeout.ms = null
	sasl.login.read.timeout.ms = null
	sasl.login.refresh.buffer.seconds = 300
	sasl.login.refresh.min.period.seconds = 60
	sasl.login.refresh.window.factor = 0.8
	sasl.login.refresh.window.jitter = 0.05
	sasl.login.retry.backoff.max.ms = 10000
	sasl.login.retry.backoff.ms = 100
	sasl.mechanism = GSSAPI
	sasl.oauthbearer.clock.skew.seconds = 30
	sasl.oauthbearer.expected.audience = null
	sasl.oauthbearer.expected.issuer = null
	sasl.oauthbearer.header.urlencode = false
	sasl.oauthbearer.jwks.endpoint.refresh.ms = 3600000
	sasl.oauthbearer.jwks.endpoint.retry.backoff.max.ms = 10000
	sasl.oauthbearer.jwks.endpoint.retry.backoff.ms = 100
	sasl.oauthbearer.jwks.endpoint.url = null
	sasl.oauthbearer.scope.claim.name = scope
	sasl.oauthbearer.sub.claim.name = sub
	sasl.oauthbearer.token.endpoint.url = null
	security.protocol = PLAINTEXT
	security.providers = null
	send.buffer.bytes = 131072
	session.timeout.ms = 45000
	socket.connection.setup.timeout.max.ms = 30000
	socket.connection.setup.timeout.ms = 10000
	ssl.cipher.suites = null
	ssl.enabled.protocols = [TLSv1.2, TLSv1.3]
	ssl.endpoint.identification.algorithm = https
	ssl.engine.factory.class = null
	ssl.key.password = null
	ssl.keymanager.algorithm = SunX509
	ssl.keystore.certificate.chain = null
	ssl.keystore.key = null
	ssl.keystore.location = null
	ssl.keystore.password = null
	ssl.keystore.type = JKS
	ssl.protocol = TLSv1.3
	ssl.provider = null
	ssl.secure.random.implementation = null
	ssl.trustmanager.algorithm = PKIX
	ssl.truststore.certificates = null
	ssl.truststore.location = null
	ssl.truststore.password = null
	ssl.truststore.type = JKS
	value.deserializer = class io.apicurio.registry.serde.protobuf.ProtobufKafkaDeserializer

2025-07-31 15:30:38,086 INFO  [org.apa.kaf.com.tel.int.KafkaMetricsCollector] (main) initializing Kafka metrics collector
2025-07-31 15:30:38,094 INFO  [org.apa.kaf.cli.con.ConsumerConfig] (main) These configurations '[apicurio.registry.url, apicurio.registry.headers.enabled]' were supplied but are not used yet.
2025-07-31 15:30:38,095 INFO  [org.apa.kaf.com.uti.AppInfoParser] (main) Kafka version: 3.9.0
2025-07-31 15:30:38,095 INFO  [org.apa.kaf.com.uti.AppInfoParser] (main) Kafka commitId: 84caaa6e9da06435
2025-07-31 15:30:38,095 INFO  [org.apa.kaf.com.uti.AppInfoParser] (main) Kafka startTimeMs: 1753975838095
2025-07-31 15:30:38,095 INFO  [org.apa.kaf.cli.con.int.ClassicKafkaConsumer] (Thread-314) [Consumer clientId=consumer-Consumer-sf0cd952dxbb8cx476fx8020x7b03375bb1f5-25, groupId=Consumer-sf0cd952dxbb8cx476fx8020x7b03375bb1f5] Subscribed to topic(s): sf0cd952dxbb8cx476fx8020x7b03375bb1f5
2025-07-31 15:30:38,100 INFO  [org.apa.kaf.cli.Metadata] (Thread-314) [Consumer clientId=consumer-Consumer-sf0cd952dxbb8cx476fx8020x7b03375bb1f5-25, groupId=Consumer-sf0cd952dxbb8cx476fx8020x7b03375bb1f5] Cluster ID: BgnDnmd_Rn-oXa8M1ygsew
2025-07-31 15:30:38,100 INFO  [org.apa.kaf.cli.con.int.ConsumerCoordinator] (Thread-314) [Consumer clientId=consumer-Consumer-sf0cd952dxbb8cx476fx8020x7b03375bb1f5-25, groupId=Consumer-sf0cd952dxbb8cx476fx8020x7b03375bb1f5] Discovered group coordinator localhost:32770 (id: 2147483647 rack: null)
2025-07-31 15:30:38,102 INFO  [org.apa.kaf.cli.con.int.ConsumerCoordinator] (Thread-314) [Consumer clientId=consumer-Consumer-sf0cd952dxbb8cx476fx8020x7b03375bb1f5-25, groupId=Consumer-sf0cd952dxbb8cx476fx8020x7b03375bb1f5] (Re-)joining group
2025-07-31 15:30:38,104 INFO  [org.apa.kaf.cli.con.int.ConsumerCoordinator] (Thread-314) [Consumer clientId=consumer-Consumer-sf0cd952dxbb8cx476fx8020x7b03375bb1f5-25, groupId=Consumer-sf0cd952dxbb8cx476fx8020x7b03375bb1f5] Request joining group due to: need to re-join with the given member-id: consumer-Consumer-sf0cd952dxbb8cx476fx8020x7b03375bb1f5-25-0071c92d-e2bc-45a3-ac7d-58d10669370b
2025-07-31 15:30:38,104 INFO  [org.apa.kaf.cli.con.int.ConsumerCoordinator] (Thread-314) [Consumer clientId=consumer-Consumer-sf0cd952dxbb8cx476fx8020x7b03375bb1f5-25, groupId=Consumer-sf0cd952dxbb8cx476fx8020x7b03375bb1f5] (Re-)joining group
2025-07-31 15:30:38,106 INFO  [org.apa.kaf.cli.con.int.ConsumerCoordinator] (Thread-314) [Consumer clientId=consumer-Consumer-sf0cd952dxbb8cx476fx8020x7b03375bb1f5-25, groupId=Consumer-sf0cd952dxbb8cx476fx8020x7b03375bb1f5] Successfully joined group with generation Generation{generationId=1, memberId='consumer-Consumer-sf0cd952dxbb8cx476fx8020x7b03375bb1f5-25-0071c92d-e2bc-45a3-ac7d-58d10669370b', protocol='range'}
2025-07-31 15:30:38,106 INFO  [org.apa.kaf.cli.con.int.ConsumerCoordinator] (Thread-314) [Consumer clientId=consumer-Consumer-sf0cd952dxbb8cx476fx8020x7b03375bb1f5-25, groupId=Consumer-sf0cd952dxbb8cx476fx8020x7b03375bb1f5] Finished assignment for group at generation 1: {consumer-Consumer-sf0cd952dxbb8cx476fx8020x7b03375bb1f5-25-0071c92d-e2bc-45a3-ac7d-58d10669370b=Assignment(partitions=[sf0cd952dxbb8cx476fx8020x7b03375bb1f5-0])}
2025-07-31 15:30:38,109 INFO  [org.apa.kaf.cli.con.int.ConsumerCoordinator] (Thread-314) [Consumer clientId=consumer-Consumer-sf0cd952dxbb8cx476fx8020x7b03375bb1f5-25, groupId=Consumer-sf0cd952dxbb8cx476fx8020x7b03375bb1f5] Successfully synced group in generation Generation{generationId=1, memberId='consumer-Consumer-sf0cd952dxbb8cx476fx8020x7b03375bb1f5-25-0071c92d-e2bc-45a3-ac7d-58d10669370b', protocol='range'}
2025-07-31 15:30:38,109 INFO  [org.apa.kaf.cli.con.int.ConsumerCoordinator] (Thread-314) [Consumer clientId=consumer-Consumer-sf0cd952dxbb8cx476fx8020x7b03375bb1f5-25, groupId=Consumer-sf0cd952dxbb8cx476fx8020x7b03375bb1f5] Notifying assignor about the new Assignment(partitions=[sf0cd952dxbb8cx476fx8020x7b03375bb1f5-0])
2025-07-31 15:30:38,109 INFO  [org.apa.kaf.cli.con.int.ConsumerRebalanceListenerInvoker] (Thread-314) [Consumer clientId=consumer-Consumer-sf0cd952dxbb8cx476fx8020x7b03375bb1f5-25, groupId=Consumer-sf0cd952dxbb8cx476fx8020x7b03375bb1f5] Adding newly assigned partitions: sf0cd952dxbb8cx476fx8020x7b03375bb1f5-0
2025-07-31 15:30:38,110 INFO  [org.apa.kaf.cli.con.int.ConsumerCoordinator] (Thread-314) [Consumer clientId=consumer-Consumer-sf0cd952dxbb8cx476fx8020x7b03375bb1f5-25, groupId=Consumer-sf0cd952dxbb8cx476fx8020x7b03375bb1f5] Found no committed offset for partition sf0cd952dxbb8cx476fx8020x7b03375bb1f5-0
2025-07-31 15:30:38,117 INFO  [org.apa.kaf.cli.con.int.SubscriptionState] (Thread-314) [Consumer clientId=consumer-Consumer-sf0cd952dxbb8cx476fx8020x7b03375bb1f5-25, groupId=Consumer-sf0cd952dxbb8cx476fx8020x7b03375bb1f5] Resetting offset for partition sf0cd952dxbb8cx476fx8020x7b03375bb1f5-0 to position FetchPosition{offset=0, offsetEpoch=Optional.empty, currentLeader=LeaderAndEpoch{leader=Optional[localhost:32770 (id: 0 rack: null)], epoch=0}}.
2025-07-31 15:30:38,223 INFO  [io.api.tes.ser.api.KafkaSerdesTester] (Thread-314) sf0cd952dxbb8cx476fx8020x7b03375bb1f5 0 0 header {
  time {
  }
}
d1: 1.753975836976E12
s1: "a"
i1: 123
bi1: 1
point {
  longitude: 22.0
  latitude: 22.0
  altitude: 1.0
}

2025-07-31 15:30:38,223 INFO  [io.api.tes.ser.api.KafkaSerdesTester] (Thread-314) sf0cd952dxbb8cx476fx8020x7b03375bb1f5 0 1 header {
  time {
  }
}
d1: 1.753975838061E12
s1: "a"
i1: 123
bi1: 1
point {
  longitude: 22.0
  latitude: 22.0
  altitude: 1.0
}

2025-07-31 15:30:38,223 INFO  [io.api.tes.ser.api.KafkaSerdesTester] (Thread-314) sf0cd952dxbb8cx476fx8020x7b03375bb1f5 0 2 header {
  time {
  }
}
d1: 1.753975838063E12
s1: "a"
i1: 123
bi1: 1
point {
  longitude: 22.0
  latitude: 22.0
  altitude: 1.0
}

2025-07-31 15:30:38,223 INFO  [io.api.tes.ser.api.KafkaSerdesTester] (Thread-314) sf0cd952dxbb8cx476fx8020x7b03375bb1f5 0 3 header {
  time {
  }
}
d1: 1.753975838066E12
s1: "a"
i1: 123
bi1: 1
point {
  longitude: 22.0
  latitude: 22.0
  altitude: 1.0
}

2025-07-31 15:30:38,224 INFO  [io.api.tes.ser.api.KafkaSerdesTester] (Thread-314) sf0cd952dxbb8cx476fx8020x7b03375bb1f5 0 4 header {
  time {
  }
}
d1: 1.753975838067E12
s1: "a"
i1: 123
bi1: 1
point {
  longitude: 22.0
  latitude: 22.0
  altitude: 1.0
}

2025-07-31 15:30:38,225 INFO  [io.api.tes.ser.api.KafkaSerdesTester] (Thread-314) sf0cd952dxbb8cx476fx8020x7b03375bb1f5 0 5 header {
  time {
  }
}
d1: 1.753975838069E12
s1: "a"
i1: 123
bi1: 1
point {
  longitude: 22.0
  latitude: 22.0
  altitude: 1.0
}

2025-07-31 15:30:38,225 INFO  [io.api.tes.ser.api.KafkaSerdesTester] (Thread-314) sf0cd952dxbb8cx476fx8020x7b03375bb1f5 0 6 header {
  time {
  }
}
d1: 1.753975838071E12
s1: "a"
i1: 123
bi1: 1
point {
  longitude: 22.0
  latitude: 22.0
  altitude: 1.0
}

2025-07-31 15:30:38,225 INFO  [io.api.tes.ser.api.KafkaSerdesTester] (Thread-314) sf0cd952dxbb8cx476fx8020x7b03375bb1f5 0 7 header {
  time {
  }
}
d1: 1.753975838073E12
s1: "a"
i1: 123
bi1: 1
point {
  longitude: 22.0
  latitude: 22.0
  altitude: 1.0
}

2025-07-31 15:30:38,225 INFO  [io.api.tes.ser.api.KafkaSerdesTester] (Thread-314) sf0cd952dxbb8cx476fx8020x7b03375bb1f5 0 8 header {
  time {
  }
}
d1: 1.753975838076E12
s1: "a"
i1: 123
bi1: 1
point {
  longitude: 22.0
  latitude: 22.0
  altitude: 1.0
}

2025-07-31 15:30:38,225 INFO  [io.api.tes.ser.api.KafkaSerdesTester] (Thread-314) sf0cd952dxbb8cx476fx8020x7b03375bb1f5 0 9 header {
  time {
  }
}
d1: 1.75397583808E12
s1: "a"
i1: 123
bi1: 1
point {
  longitude: 22.0
  latitude: 22.0
  altitude: 1.0
}

2025-07-31 15:30:38,225 INFO  [io.api.tes.ser.api.KafkaSerdesTester] (Thread-314) Consumed 10 messages
2025-07-31 15:30:38,228 INFO  [org.apa.kaf.cli.con.int.ConsumerRebalanceListenerInvoker] (Thread-314) [Consumer clientId=consumer-Consumer-sf0cd952dxbb8cx476fx8020x7b03375bb1f5-25, groupId=Consumer-sf0cd952dxbb8cx476fx8020x7b03375bb1f5] Revoke previously assigned partitions sf0cd952dxbb8cx476fx8020x7b03375bb1f5-0
2025-07-31 15:30:38,228 INFO  [org.apa.kaf.cli.con.int.ConsumerCoordinator] (Thread-314) [Consumer clientId=consumer-Consumer-sf0cd952dxbb8cx476fx8020x7b03375bb1f5-25, groupId=Consumer-sf0cd952dxbb8cx476fx8020x7b03375bb1f5] Member consumer-Consumer-sf0cd952dxbb8cx476fx8020x7b03375bb1f5-25-0071c92d-e2bc-45a3-ac7d-58d10669370b sending LeaveGroup request to coordinator localhost:32770 (id: 2147483647 rack: null) due to the consumer is being closed
2025-07-31 15:30:38,228 INFO  [org.apa.kaf.cli.con.int.ConsumerCoordinator] (Thread-314) [Consumer clientId=consumer-Consumer-sf0cd952dxbb8cx476fx8020x7b03375bb1f5-25, groupId=Consumer-sf0cd952dxbb8cx476fx8020x7b03375bb1f5] Resetting generation and member id due to: consumer pro-actively leaving the group
2025-07-31 15:30:38,228 INFO  [org.apa.kaf.cli.con.int.ConsumerCoordinator] (Thread-314) [Consumer clientId=consumer-Consumer-sf0cd952dxbb8cx476fx8020x7b03375bb1f5-25, groupId=Consumer-sf0cd952dxbb8cx476fx8020x7b03375bb1f5] Request joining group due to: consumer pro-actively leaving the group
2025-07-31 15:30:38,725 INFO  [org.apa.kaf.com.met.Metrics] (Thread-314) Metrics scheduler closed
2025-07-31 15:30:38,725 INFO  [org.apa.kaf.com.met.Metrics] (Thread-314) Closing reporter org.apache.kafka.common.metrics.JmxReporter
2025-07-31 15:30:38,725 INFO  [org.apa.kaf.com.met.Metrics] (Thread-314) Closing reporter org.apache.kafka.common.telemetry.internals.ClientTelemetryReporter
2025-07-31 15:30:38,725 INFO  [org.apa.kaf.com.met.Metrics] (Thread-314) Metrics reporters closed
2025-07-31 15:30:38,726 INFO  [org.apa.kaf.com.uti.AppInfoParser] (Thread-314) App info kafka.consumer for consumer-Consumer-sf0cd952dxbb8cx476fx8020x7b03375bb1f5-25 unregistered
2025-07-31 15:30:38,728 INFO  [org.apa.kaf.cli.pro.ProducerConfig] (main) ProducerConfig values: 
	acks = -1
	auto.include.jmx.reporter = true
	batch.size = 16384
	bootstrap.servers = [PLAINTEXT://localhost:32770]
	buffer.memory = 33554432
	client.dns.lookup = use_all_dns_ips
	client.id = Producer-sf0cd952dxbb8cx476fx8020x7b03375bb1f5
	compression.gzip.level = -1
	compression.lz4.level = 9
	compression.type = none
	compression.zstd.level = 3
	connections.max.idle.ms = 10000
	delivery.timeout.ms = 120000
	enable.idempotence = true
	enable.metrics.push = true
	interceptor.classes = []
	key.serializer = class org.apache.kafka.common.serialization.StringSerializer
	linger.ms = 0
	max.block.ms = 60000
	max.in.flight.requests.per.connection = 5
	max.request.size = 1048576
	metadata.max.age.ms = 300000
	metadata.max.idle.ms = 300000
	metadata.recovery.strategy = none
	metric.reporters = []
	metrics.num.samples = 2
	metrics.recording.level = INFO
	metrics.sample.window.ms = 30000
	partitioner.adaptive.partitioning.enable = true
	partitioner.availability.timeout.ms = 0
	partitioner.class = null
	partitioner.ignore.keys = false
	receive.buffer.bytes = 32768
	reconnect.backoff.max.ms = 1000
	reconnect.backoff.ms = 50
	request.timeout.ms = 5000
	retries = 2147483647
	retry.backoff.max.ms = 1000
	retry.backoff.ms = 100
	sasl.client.callback.handler.class = null
	sasl.jaas.config = null
	sasl.kerberos.kinit.cmd = /usr/bin/kinit
	sasl.kerberos.min.time.before.relogin = 60000
	sasl.kerberos.service.name = null
	sasl.kerberos.ticket.renew.jitter = 0.05
	sasl.kerberos.ticket.renew.window.factor = 0.8
	sasl.login.callback.handler.class = null
	sasl.login.class = null
	sasl.login.connect.timeout.ms = null
	sasl.login.read.timeout.ms = null
	sasl.login.refresh.buffer.seconds = 300
	sasl.login.refresh.min.period.seconds = 60
	sasl.login.refresh.window.factor = 0.8
	sasl.login.refresh.window.jitter = 0.05
	sasl.login.retry.backoff.max.ms = 10000
	sasl.login.retry.backoff.ms = 100
	sasl.mechanism = GSSAPI
	sasl.oauthbearer.clock.skew.seconds = 30
	sasl.oauthbearer.expected.audience = null
	sasl.oauthbearer.expected.issuer = null
	sasl.oauthbearer.header.urlencode = false
	sasl.oauthbearer.jwks.endpoint.refresh.ms = 3600000
	sasl.oauthbearer.jwks.endpoint.retry.backoff.max.ms = 10000
	sasl.oauthbearer.jwks.endpoint.retry.backoff.ms = 100
	sasl.oauthbearer.jwks.endpoint.url = null
	sasl.oauthbearer.scope.claim.name = scope
	sasl.oauthbearer.sub.claim.name = sub
	sasl.oauthbearer.token.endpoint.url = null
	security.protocol = PLAINTEXT
	security.providers = null
	send.buffer.bytes = 131072
	socket.connection.setup.timeout.max.ms = 30000
	socket.connection.setup.timeout.ms = 10000
	ssl.cipher.suites = null
	ssl.enabled.protocols = [TLSv1.2, TLSv1.3]
	ssl.endpoint.identification.algorithm = https
	ssl.engine.factory.class = null
	ssl.key.password = null
	ssl.keymanager.algorithm = SunX509
	ssl.keystore.certificate.chain = null
	ssl.keystore.key = null
	ssl.keystore.location = null
	ssl.keystore.password = null
	ssl.keystore.type = JKS
	ssl.protocol = TLSv1.3
	ssl.provider = null
	ssl.secure.random.implementation = null
	ssl.trustmanager.algorithm = PKIX
	ssl.truststore.certificates = null
	ssl.truststore.location = null
	ssl.truststore.password = null
	ssl.truststore.type = JKS
	transaction.timeout.ms = 60000
	transactional.id = null
	value.serializer = class io.apicurio.registry.serde.protobuf.ProtobufKafkaSerializer

2025-07-31 15:30:38,728 INFO  [org.apa.kaf.com.tel.int.KafkaMetricsCollector] (main) initializing Kafka metrics collector
2025-07-31 15:30:38,732 INFO  [org.apa.kaf.cli.pro.KafkaProducer] (main) [Producer clientId=Producer-sf0cd952dxbb8cx476fx8020x7b03375bb1f5] Instantiated an idempotent producer.
2025-07-31 15:30:38,735 INFO  [org.apa.kaf.cli.pro.ProducerConfig] (main) These configurations '[apicurio.registry.find-latest, apicurio.registry.url, apicurio.registry.headers.enabled, apicurio.registry.artifact-resolver-strategy]' were supplied but are not used yet.
2025-07-31 15:30:38,735 INFO  [org.apa.kaf.com.uti.AppInfoParser] (main) Kafka version: 3.9.0
2025-07-31 15:30:38,735 INFO  [org.apa.kaf.com.uti.AppInfoParser] (main) Kafka commitId: 84caaa6e9da06435
2025-07-31 15:30:38,735 INFO  [org.apa.kaf.com.uti.AppInfoParser] (main) Kafka startTimeMs: 1753975838735
2025-07-31 15:30:38,735 INFO  [io.api.tes.ser.api.SimpleSerdesTesterBuilder$SimpleSerdesTester] (main) Using producer configuration: {apicurio.registry.find-latest=false, apicurio.registry.url=http://registry-app-postgresql.apps.ci419.apicurio-testing.org:80/apis/registry/v3, apicurio.registry.headers.enabled=true, apicurio.registry.artifact-resolver-strategy=io.apicurio.registry.serde.strategy.TopicIdStrategy, value.serializer=io.apicurio.registry.serde.protobuf.ProtobufKafkaSerializer, request.timeout.ms=5000, acks=all, bootstrap.servers=PLAINTEXT://localhost:32770, connections.max.idle.ms=10000, key.serializer=org.apache.kafka.common.serialization.StringSerializer, client.id=Producer-sf0cd952dxbb8cx476fx8020x7b03375bb1f5}
2025-07-31 15:30:38,735 INFO  [io.api.tes.ser.api.SimpleSerdesTesterBuilder$SimpleSerdesTester] (main) Using consumer configuration: {apicurio.registry.headers.enabled=true}
2025-07-31 15:30:38,737 INFO  [io.api.tes.ser.api.KafkaSerdesTester] (Thread-317) Sending message header {
  time {
  }
}
d1: 1.753975838736E12
s1: "a"
i1: 123
bi1: 1
point {
  longitude: 22.0
  latitude: 22.0
  altitude: 1.0
}
 to topic sf0cd952dxbb8cx476fx8020x7b03375bb1f5
2025-07-31 15:30:38,740 INFO  [org.apa.kaf.cli.Metadata] (kafka-producer-network-thread | Producer-sf0cd952dxbb8cx476fx8020x7b03375bb1f5) [Producer clientId=Producer-sf0cd952dxbb8cx476fx8020x7b03375bb1f5] Cluster ID: BgnDnmd_Rn-oXa8M1ygsew
2025-07-31 15:30:38,741 INFO  [DefaultSchemaResolver] (Thread-317) Retrieving schema content using string: // Proto schema formatted by Wire, do not edit.
// Source: 

syntax = "proto3";

package io.apicurio.tests.protobuf;

import "google/protobuf/timestamp.proto";

option java_multiple_files = true;

message ProtobufTestMessage {
  .io.apicurio.tests.protobuf.Header header = 1;

  double d1 = 2;

  string s1 = 4;

  int32 i1 = 7;

  int64 bi1 = 12;

  .google.protobuf.Timestamp state_time = 22;

  .io.apicurio.tests.protobuf.Point point = 30;
}

message Header {
  .google.protobuf.Timestamp time = 1;

  string source = 2;

  string destination = 3;

  string uuid = 4;

  repeated string source_uuids = 5;

  string message_type_id = 6;

  string raw_message = 7;
}

message Point {
  oneof longitude_oneof {
    double longitude = 1;
  }

  oneof latitude_oneof {
    double latitude = 2;
  }

  oneof altitude_oneof {
    double altitude = 3;
  }
}

2025-07-31 15:30:38,742 INFO  [org.apa.kaf.cli.pro.int.TransactionManager] (kafka-producer-network-thread | Producer-sf0cd952dxbb8cx476fx8020x7b03375bb1f5) [Producer clientId=Producer-sf0cd952dxbb8cx476fx8020x7b03375bb1f5] ProducerId set to 35 with epoch 0
2025-07-31 15:30:38,772 INFO  [io.api.tes.ser.api.KafkaSerdesTester] (Thread-317) Sending message header {
  time {
  }
}
d1: 1.753975838772E12
s1: "a"
i1: 123
bi1: 1
point {
  longitude: 22.0
  latitude: 22.0
  altitude: 1.0
}
 to topic sf0cd952dxbb8cx476fx8020x7b03375bb1f5
2025-07-31 15:30:38,774 INFO  [io.api.tes.ser.api.KafkaSerdesTester] (Thread-317) Sending message header {
  time {
  }
}
d1: 1.753975838774E12
s1: "a"
i1: 123
bi1: 1
point {
  longitude: 22.0
  latitude: 22.0
  altitude: 1.0
}
 to topic sf0cd952dxbb8cx476fx8020x7b03375bb1f5
2025-07-31 15:30:38,776 INFO  [io.api.tes.ser.api.KafkaSerdesTester] (Thread-317) Sending message header {
  time {
  }
}
d1: 1.753975838775E12
s1: "a"
i1: 123
bi1: 1
point {
  longitude: 22.0
  latitude: 22.0
  altitude: 1.0
}
 to topic sf0cd952dxbb8cx476fx8020x7b03375bb1f5
2025-07-31 15:30:38,777 INFO  [io.api.tes.ser.api.KafkaSerdesTester] (Thread-317) Sending message header {
  time {
  }
}
d1: 1.753975838777E12
s1: "a"
i1: 123
bi1: 1
point {
  longitude: 22.0
  latitude: 22.0
  altitude: 1.0
}
 to topic sf0cd952dxbb8cx476fx8020x7b03375bb1f5
2025-07-31 15:30:38,779 INFO  [io.api.tes.ser.api.KafkaSerdesTester] (Thread-317) Sending message header {
  time {
  }
}
d1: 1.753975838779E12
s1: "a"
i1: 123
bi1: 1
point {
  longitude: 22.0
  latitude: 22.0
  altitude: 1.0
}
 to topic sf0cd952dxbb8cx476fx8020x7b03375bb1f5
2025-07-31 15:30:38,781 INFO  [io.api.tes.ser.api.KafkaSerdesTester] (Thread-317) Sending message header {
  time {
  }
}
d1: 1.753975838781E12
s1: "a"
i1: 123
bi1: 1
point {
  longitude: 22.0
  latitude: 22.0
  altitude: 1.0
}
 to topic sf0cd952dxbb8cx476fx8020x7b03375bb1f5
2025-07-31 15:30:38,782 INFO  [io.api.tes.ser.api.KafkaSerdesTester] (Thread-317) Sending message header {
  time {
  }
}
d1: 1.753975838782E12
s1: "a"
i1: 123
bi1: 1
point {
  longitude: 22.0
  latitude: 22.0
  altitude: 1.0
}
 to topic sf0cd952dxbb8cx476fx8020x7b03375bb1f5
2025-07-31 15:30:38,784 INFO  [io.api.tes.ser.api.KafkaSerdesTester] (Thread-317) Sending message header {
  time {
  }
}
d1: 1.753975838784E12
s1: "a"
i1: 123
bi1: 1
point {
  longitude: 22.0
  latitude: 22.0
  altitude: 1.0
}
 to topic sf0cd952dxbb8cx476fx8020x7b03375bb1f5
2025-07-31 15:30:38,786 INFO  [io.api.tes.ser.api.KafkaSerdesTester] (Thread-317) Sending message header {
  time {
  }
}
d1: 1.753975838786E12
s1: "a"
i1: 123
bi1: 1
point {
  longitude: 22.0
  latitude: 22.0
  altitude: 1.0
}
 to topic sf0cd952dxbb8cx476fx8020x7b03375bb1f5
2025-07-31 15:30:38,787 INFO  [io.api.tes.ser.api.KafkaSerdesTester] (Thread-317) Produced 10 messages
2025-07-31 15:30:38,787 INFO  [org.apa.kaf.cli.pro.KafkaProducer] (Thread-317) [Producer clientId=Producer-sf0cd952dxbb8cx476fx8020x7b03375bb1f5] Closing the Kafka producer with timeoutMillis = 9223372036854775807 ms.
2025-07-31 15:30:38,789 INFO  [org.apa.kaf.com.met.Metrics] (Thread-317) Metrics scheduler closed
2025-07-31 15:30:38,789 INFO  [org.apa.kaf.com.met.Metrics] (Thread-317) Closing reporter org.apache.kafka.common.metrics.JmxReporter
2025-07-31 15:30:38,789 INFO  [org.apa.kaf.com.met.Metrics] (Thread-317) Closing reporter org.apache.kafka.common.telemetry.internals.ClientTelemetryReporter
2025-07-31 15:30:38,789 INFO  [org.apa.kaf.com.met.Metrics] (Thread-317) Metrics reporters closed
2025-07-31 15:30:38,790 INFO  [org.apa.kaf.com.uti.AppInfoParser] (Thread-317) App info kafka.producer for Producer-sf0cd952dxbb8cx476fx8020x7b03375bb1f5 unregistered
2025-07-31 15:30:38,791 INFO  [org.apa.kaf.cli.con.ConsumerConfig] (main) ConsumerConfig values: 
	allow.auto.create.topics = true
	auto.commit.interval.ms = 500
	auto.include.jmx.reporter = true
	auto.offset.reset = earliest
	bootstrap.servers = [PLAINTEXT://localhost:32770]
	check.crcs = true
	client.dns.lookup = use_all_dns_ips
	client.id = consumer-Consumer-sf0cd952dxbb8cx476fx8020x7b03375bb1f5-26
	client.rack = 
	connections.max.idle.ms = 10000
	default.api.timeout.ms = 60000
	enable.auto.commit = true
	enable.metrics.push = true
	exclude.internal.topics = true
	fetch.max.bytes = 52428800
	fetch.max.wait.ms = 500
	fetch.min.bytes = 1
	group.id = Consumer-sf0cd952dxbb8cx476fx8020x7b03375bb1f5
	group.instance.id = null
	group.protocol = classic
	group.remote.assignor = null
	heartbeat.interval.ms = 3000
	interceptor.classes = []
	internal.leave.group.on.close = true
	internal.throw.on.fetch.stable.offset.unsupported = false
	isolation.level = read_uncommitted
	key.deserializer = class org.apache.kafka.common.serialization.StringDeserializer
	max.partition.fetch.bytes = 1048576
	max.poll.interval.ms = 300000
	max.poll.records = 500
	metadata.max.age.ms = 300000
	metadata.recovery.strategy = none
	metric.reporters = []
	metrics.num.samples = 2
	metrics.recording.level = INFO
	metrics.sample.window.ms = 30000
	partition.assignment.strategy = [class org.apache.kafka.clients.consumer.RangeAssignor, class org.apache.kafka.clients.consumer.CooperativeStickyAssignor]
	receive.buffer.bytes = 65536
	reconnect.backoff.max.ms = 1000
	reconnect.backoff.ms = 50
	request.timeout.ms = 5000
	retry.backoff.max.ms = 1000
	retry.backoff.ms = 100
	sasl.client.callback.handler.class = null
	sasl.jaas.config = null
	sasl.kerberos.kinit.cmd = /usr/bin/kinit
	sasl.kerberos.min.time.before.relogin = 60000
	sasl.kerberos.service.name = null
	sasl.kerberos.ticket.renew.jitter = 0.05
	sasl.kerberos.ticket.renew.window.factor = 0.8
	sasl.login.callback.handler.class = null
	sasl.login.class = null
	sasl.login.connect.timeout.ms = null
	sasl.login.read.timeout.ms = null
	sasl.login.refresh.buffer.seconds = 300
	sasl.login.refresh.min.period.seconds = 60
	sasl.login.refresh.window.factor = 0.8
	sasl.login.refresh.window.jitter = 0.05
	sasl.login.retry.backoff.max.ms = 10000
	sasl.login.retry.backoff.ms = 100
	sasl.mechanism = GSSAPI
	sasl.oauthbearer.clock.skew.seconds = 30
	sasl.oauthbearer.expected.audience = null
	sasl.oauthbearer.expected.issuer = null
	sasl.oauthbearer.header.urlencode = false
	sasl.oauthbearer.jwks.endpoint.refresh.ms = 3600000
	sasl.oauthbearer.jwks.endpoint.retry.backoff.max.ms = 10000
	sasl.oauthbearer.jwks.endpoint.retry.backoff.ms = 100
	sasl.oauthbearer.jwks.endpoint.url = null
	sasl.oauthbearer.scope.claim.name = scope
	sasl.oauthbearer.sub.claim.name = sub
	sasl.oauthbearer.token.endpoint.url = null
	security.protocol = PLAINTEXT
	security.providers = null
	send.buffer.bytes = 131072
	session.timeout.ms = 45000
	socket.connection.setup.timeout.max.ms = 30000
	socket.connection.setup.timeout.ms = 10000
	ssl.cipher.suites = null
	ssl.enabled.protocols = [TLSv1.2, TLSv1.3]
	ssl.endpoint.identification.algorithm = https
	ssl.engine.factory.class = null
	ssl.key.password = null
	ssl.keymanager.algorithm = SunX509
	ssl.keystore.certificate.chain = null
	ssl.keystore.key = null
	ssl.keystore.location = null
	ssl.keystore.password = null
	ssl.keystore.type = JKS
	ssl.protocol = TLSv1.3
	ssl.provider = null
	ssl.secure.random.implementation = null
	ssl.trustmanager.algorithm = PKIX
	ssl.truststore.certificates = null
	ssl.truststore.location = null
	ssl.truststore.password = null
	ssl.truststore.type = JKS
	value.deserializer = class io.apicurio.registry.serde.protobuf.ProtobufKafkaDeserializer

2025-07-31 15:30:38,792 INFO  [org.apa.kaf.com.tel.int.KafkaMetricsCollector] (main) initializing Kafka metrics collector
2025-07-31 15:30:38,798 INFO  [org.apa.kaf.cli.con.ConsumerConfig] (main) These configurations '[apicurio.registry.url, apicurio.registry.headers.enabled]' were supplied but are not used yet.
2025-07-31 15:30:38,798 INFO  [org.apa.kaf.com.uti.AppInfoParser] (main) Kafka version: 3.9.0
2025-07-31 15:30:38,798 INFO  [org.apa.kaf.com.uti.AppInfoParser] (main) Kafka commitId: 84caaa6e9da06435
2025-07-31 15:30:38,798 INFO  [org.apa.kaf.com.uti.AppInfoParser] (main) Kafka startTimeMs: 1753975838798
2025-07-31 15:30:38,799 INFO  [org.apa.kaf.cli.con.int.ClassicKafkaConsumer] (Thread-320) [Consumer clientId=consumer-Consumer-sf0cd952dxbb8cx476fx8020x7b03375bb1f5-26, groupId=Consumer-sf0cd952dxbb8cx476fx8020x7b03375bb1f5] Subscribed to topic(s): sf0cd952dxbb8cx476fx8020x7b03375bb1f5
2025-07-31 15:30:38,803 INFO  [org.apa.kaf.cli.Metadata] (Thread-320) [Consumer clientId=consumer-Consumer-sf0cd952dxbb8cx476fx8020x7b03375bb1f5-26, groupId=Consumer-sf0cd952dxbb8cx476fx8020x7b03375bb1f5] Cluster ID: BgnDnmd_Rn-oXa8M1ygsew
2025-07-31 15:30:38,804 INFO  [org.apa.kaf.cli.con.int.ConsumerCoordinator] (Thread-320) [Consumer clientId=consumer-Consumer-sf0cd952dxbb8cx476fx8020x7b03375bb1f5-26, groupId=Consumer-sf0cd952dxbb8cx476fx8020x7b03375bb1f5] Discovered group coordinator localhost:32770 (id: 2147483647 rack: null)
2025-07-31 15:30:38,805 INFO  [org.apa.kaf.cli.con.int.ConsumerCoordinator] (Thread-320) [Consumer clientId=consumer-Consumer-sf0cd952dxbb8cx476fx8020x7b03375bb1f5-26, groupId=Consumer-sf0cd952dxbb8cx476fx8020x7b03375bb1f5] (Re-)joining group
2025-07-31 15:30:38,808 INFO  [org.apa.kaf.cli.con.int.ConsumerCoordinator] (Thread-320) [Consumer clientId=consumer-Consumer-sf0cd952dxbb8cx476fx8020x7b03375bb1f5-26, groupId=Consumer-sf0cd952dxbb8cx476fx8020x7b03375bb1f5] Request joining group due to: need to re-join with the given member-id: consumer-Consumer-sf0cd952dxbb8cx476fx8020x7b03375bb1f5-26-470588dc-07e1-4896-b05c-7cb6d5393d33
2025-07-31 15:30:38,808 INFO  [org.apa.kaf.cli.con.int.ConsumerCoordinator] (Thread-320) [Consumer clientId=consumer-Consumer-sf0cd952dxbb8cx476fx8020x7b03375bb1f5-26, groupId=Consumer-sf0cd952dxbb8cx476fx8020x7b03375bb1f5] (Re-)joining group
2025-07-31 15:30:38,814 INFO  [org.apa.kaf.cli.con.int.ConsumerCoordinator] (Thread-320) [Consumer clientId=consumer-Consumer-sf0cd952dxbb8cx476fx8020x7b03375bb1f5-26, groupId=Consumer-sf0cd952dxbb8cx476fx8020x7b03375bb1f5] Successfully joined group with generation Generation{generationId=3, memberId='consumer-Consumer-sf0cd952dxbb8cx476fx8020x7b03375bb1f5-26-470588dc-07e1-4896-b05c-7cb6d5393d33', protocol='range'}
2025-07-31 15:30:38,814 INFO  [org.apa.kaf.cli.con.int.ConsumerCoordinator] (Thread-320) [Consumer clientId=consumer-Consumer-sf0cd952dxbb8cx476fx8020x7b03375bb1f5-26, groupId=Consumer-sf0cd952dxbb8cx476fx8020x7b03375bb1f5] Finished assignment for group at generation 3: {consumer-Consumer-sf0cd952dxbb8cx476fx8020x7b03375bb1f5-26-470588dc-07e1-4896-b05c-7cb6d5393d33=Assignment(partitions=[sf0cd952dxbb8cx476fx8020x7b03375bb1f5-0])}
2025-07-31 15:30:38,817 INFO  [org.apa.kaf.cli.con.int.ConsumerCoordinator] (Thread-320) [Consumer clientId=consumer-Consumer-sf0cd952dxbb8cx476fx8020x7b03375bb1f5-26, groupId=Consumer-sf0cd952dxbb8cx476fx8020x7b03375bb1f5] Successfully synced group in generation Generation{generationId=3, memberId='consumer-Consumer-sf0cd952dxbb8cx476fx8020x7b03375bb1f5-26-470588dc-07e1-4896-b05c-7cb6d5393d33', protocol='range'}
2025-07-31 15:30:38,817 INFO  [org.apa.kaf.cli.con.int.ConsumerCoordinator] (Thread-320) [Consumer clientId=consumer-Consumer-sf0cd952dxbb8cx476fx8020x7b03375bb1f5-26, groupId=Consumer-sf0cd952dxbb8cx476fx8020x7b03375bb1f5] Notifying assignor about the new Assignment(partitions=[sf0cd952dxbb8cx476fx8020x7b03375bb1f5-0])
2025-07-31 15:30:38,818 INFO  [org.apa.kaf.cli.con.int.ConsumerRebalanceListenerInvoker] (Thread-320) [Consumer clientId=consumer-Consumer-sf0cd952dxbb8cx476fx8020x7b03375bb1f5-26, groupId=Consumer-sf0cd952dxbb8cx476fx8020x7b03375bb1f5] Adding newly assigned partitions: sf0cd952dxbb8cx476fx8020x7b03375bb1f5-0
2025-07-31 15:30:38,819 INFO  [org.apa.kaf.cli.con.int.ConsumerUtils] (Thread-320) Setting offset for partition sf0cd952dxbb8cx476fx8020x7b03375bb1f5-0 to the committed offset FetchPosition{offset=10, offsetEpoch=Optional[0], currentLeader=LeaderAndEpoch{leader=Optional[localhost:32770 (id: 0 rack: null)], epoch=0}}
2025-07-31 15:30:38,916 INFO  [io.api.tes.ser.api.KafkaSerdesTester] (Thread-320) sf0cd952dxbb8cx476fx8020x7b03375bb1f5 0 10 header {
  time {
  }
}
d1: 1.753975838736E12
s1: "a"
i1: 123
bi1: 1
point {
  longitude: 22.0
  latitude: 22.0
  altitude: 1.0
}

2025-07-31 15:30:38,916 INFO  [io.api.tes.ser.api.KafkaSerdesTester] (Thread-320) sf0cd952dxbb8cx476fx8020x7b03375bb1f5 0 11 header {
  time {
  }
}
d1: 1.753975838772E12
s1: "a"
i1: 123
bi1: 1
point {
  longitude: 22.0
  latitude: 22.0
  altitude: 1.0
}

2025-07-31 15:30:38,916 INFO  [io.api.tes.ser.api.KafkaSerdesTester] (Thread-320) sf0cd952dxbb8cx476fx8020x7b03375bb1f5 0 12 header {
  time {
  }
}
d1: 1.753975838774E12
s1: "a"
i1: 123
bi1: 1
point {
  longitude: 22.0
  latitude: 22.0
  altitude: 1.0
}

2025-07-31 15:30:38,916 INFO  [io.api.tes.ser.api.KafkaSerdesTester] (Thread-320) sf0cd952dxbb8cx476fx8020x7b03375bb1f5 0 13 header {
  time {
  }
}
d1: 1.753975838775E12
s1: "a"
i1: 123
bi1: 1
point {
  longitude: 22.0
  latitude: 22.0
  altitude: 1.0
}

2025-07-31 15:30:38,916 INFO  [io.api.tes.ser.api.KafkaSerdesTester] (Thread-320) sf0cd952dxbb8cx476fx8020x7b03375bb1f5 0 14 header {
  time {
  }
}
d1: 1.753975838777E12
s1: "a"
i1: 123
bi1: 1
point {
  longitude: 22.0
  latitude: 22.0
  altitude: 1.0
}

2025-07-31 15:30:38,916 INFO  [io.api.tes.ser.api.KafkaSerdesTester] (Thread-320) sf0cd952dxbb8cx476fx8020x7b03375bb1f5 0 15 header {
  time {
  }
}
d1: 1.753975838779E12
s1: "a"
i1: 123
bi1: 1
point {
  longitude: 22.0
  latitude: 22.0
  altitude: 1.0
}

2025-07-31 15:30:38,916 INFO  [io.api.tes.ser.api.KafkaSerdesTester] (Thread-320) sf0cd952dxbb8cx476fx8020x7b03375bb1f5 0 16 header {
  time {
  }
}
d1: 1.753975838781E12
s1: "a"
i1: 123
bi1: 1
point {
  longitude: 22.0
  latitude: 22.0
  altitude: 1.0
}

2025-07-31 15:30:38,917 INFO  [io.api.tes.ser.api.KafkaSerdesTester] (Thread-320) sf0cd952dxbb8cx476fx8020x7b03375bb1f5 0 17 header {
  time {
  }
}
d1: 1.753975838782E12
s1: "a"
i1: 123
bi1: 1
point {
  longitude: 22.0
  latitude: 22.0
  altitude: 1.0
}

2025-07-31 15:30:38,919 INFO  [io.api.tes.ser.api.KafkaSerdesTester] (Thread-320) sf0cd952dxbb8cx476fx8020x7b03375bb1f5 0 18 header {
  time {
  }
}
d1: 1.753975838784E12
s1: "a"
i1: 123
bi1: 1
point {
  longitude: 22.0
  latitude: 22.0
  altitude: 1.0
}

2025-07-31 15:30:38,919 INFO  [io.api.tes.ser.api.KafkaSerdesTester] (Thread-320) sf0cd952dxbb8cx476fx8020x7b03375bb1f5 0 19 header {
  time {
  }
}
d1: 1.753975838786E12
s1: "a"
i1: 123
bi1: 1
point {
  longitude: 22.0
  latitude: 22.0
  altitude: 1.0
}

2025-07-31 15:30:38,919 INFO  [io.api.tes.ser.api.KafkaSerdesTester] (Thread-320) Consumed 10 messages
2025-07-31 15:30:38,922 INFO  [org.apa.kaf.cli.con.int.ConsumerRebalanceListenerInvoker] (Thread-320) [Consumer clientId=consumer-Consumer-sf0cd952dxbb8cx476fx8020x7b03375bb1f5-26, groupId=Consumer-sf0cd952dxbb8cx476fx8020x7b03375bb1f5] Revoke previously assigned partitions sf0cd952dxbb8cx476fx8020x7b03375bb1f5-0
2025-07-31 15:30:38,922 INFO  [org.apa.kaf.cli.con.int.ConsumerCoordinator] (Thread-320) [Consumer clientId=consumer-Consumer-sf0cd952dxbb8cx476fx8020x7b03375bb1f5-26, groupId=Consumer-sf0cd952dxbb8cx476fx8020x7b03375bb1f5] Member consumer-Consumer-sf0cd952dxbb8cx476fx8020x7b03375bb1f5-26-470588dc-07e1-4896-b05c-7cb6d5393d33 sending LeaveGroup request to coordinator localhost:32770 (id: 2147483647 rack: null) due to the consumer is being closed
2025-07-31 15:30:38,922 INFO  [org.apa.kaf.cli.con.int.ConsumerCoordinator] (Thread-320) [Consumer clientId=consumer-Consumer-sf0cd952dxbb8cx476fx8020x7b03375bb1f5-26, groupId=Consumer-sf0cd952dxbb8cx476fx8020x7b03375bb1f5] Resetting generation and member id due to: consumer pro-actively leaving the group
2025-07-31 15:30:38,922 INFO  [org.apa.kaf.cli.con.int.ConsumerCoordinator] (Thread-320) [Consumer clientId=consumer-Consumer-sf0cd952dxbb8cx476fx8020x7b03375bb1f5-26, groupId=Consumer-sf0cd952dxbb8cx476fx8020x7b03375bb1f5] Request joining group due to: consumer pro-actively leaving the group
2025-07-31 15:30:39,421 INFO  [org.apa.kaf.com.met.Metrics] (Thread-320) Metrics scheduler closed
2025-07-31 15:30:39,421 INFO  [org.apa.kaf.com.met.Metrics] (Thread-320) Closing reporter org.apache.kafka.common.metrics.JmxReporter
2025-07-31 15:30:39,422 INFO  [org.apa.kaf.com.met.Metrics] (Thread-320) Closing reporter org.apache.kafka.common.telemetry.internals.ClientTelemetryReporter
2025-07-31 15:30:39,422 INFO  [org.apa.kaf.com.met.Metrics] (Thread-320) Metrics reporters closed
2025-07-31 15:30:39,423 INFO  [org.apa.kaf.com.uti.AppInfoParser] (Thread-320) App info kafka.consumer for consumer-Consumer-sf0cd952dxbb8cx476fx8020x7b03375bb1f5-26 unregistered
2025-07-31 15:30:39,424 INFO  [org.apa.kaf.cli.pro.ProducerConfig] (main) ProducerConfig values: 
	acks = -1
	auto.include.jmx.reporter = true
	batch.size = 16384
	bootstrap.servers = [PLAINTEXT://localhost:32770]
	buffer.memory = 33554432
	client.dns.lookup = use_all_dns_ips
	client.id = Producer-sf0cd952dxbb8cx476fx8020x7b03375bb1f5
	compression.gzip.level = -1
	compression.lz4.level = 9
	compression.type = none
	compression.zstd.level = 3
	connections.max.idle.ms = 10000
	delivery.timeout.ms = 120000
	enable.idempotence = true
	enable.metrics.push = true
	interceptor.classes = []
	key.serializer = class org.apache.kafka.common.serialization.StringSerializer
	linger.ms = 0
	max.block.ms = 60000
	max.in.flight.requests.per.connection = 5
	max.request.size = 1048576
	metadata.max.age.ms = 300000
	metadata.max.idle.ms = 300000
	metadata.recovery.strategy = none
	metric.reporters = []
	metrics.num.samples = 2
	metrics.recording.level = INFO
	metrics.sample.window.ms = 30000
	partitioner.adaptive.partitioning.enable = true
	partitioner.availability.timeout.ms = 0
	partitioner.class = null
	partitioner.ignore.keys = false
	receive.buffer.bytes = 32768
	reconnect.backoff.max.ms = 1000
	reconnect.backoff.ms = 50
	request.timeout.ms = 5000
	retries = 2147483647
	retry.backoff.max.ms = 1000
	retry.backoff.ms = 100
	sasl.client.callback.handler.class = null
	sasl.jaas.config = null
	sasl.kerberos.kinit.cmd = /usr/bin/kinit
	sasl.kerberos.min.time.before.relogin = 60000
	sasl.kerberos.service.name = null
	sasl.kerberos.ticket.renew.jitter = 0.05
	sasl.kerberos.ticket.renew.window.factor = 0.8
	sasl.login.callback.handler.class = null
	sasl.login.class = null
	sasl.login.connect.timeout.ms = null
	sasl.login.read.timeout.ms = null
	sasl.login.refresh.buffer.seconds = 300
	sasl.login.refresh.min.period.seconds = 60
	sasl.login.refresh.window.factor = 0.8
	sasl.login.refresh.window.jitter = 0.05
	sasl.login.retry.backoff.max.ms = 10000
	sasl.login.retry.backoff.ms = 100
	sasl.mechanism = GSSAPI
	sasl.oauthbearer.clock.skew.seconds = 30
	sasl.oauthbearer.expected.audience = null
	sasl.oauthbearer.expected.issuer = null
	sasl.oauthbearer.header.urlencode = false
	sasl.oauthbearer.jwks.endpoint.refresh.ms = 3600000
	sasl.oauthbearer.jwks.endpoint.retry.backoff.max.ms = 10000
	sasl.oauthbearer.jwks.endpoint.retry.backoff.ms = 100
	sasl.oauthbearer.jwks.endpoint.url = null
	sasl.oauthbearer.scope.claim.name = scope
	sasl.oauthbearer.sub.claim.name = sub
	sasl.oauthbearer.token.endpoint.url = null
	security.protocol = PLAINTEXT
	security.providers = null
	send.buffer.bytes = 131072
	socket.connection.setup.timeout.max.ms = 30000
	socket.connection.setup.timeout.ms = 10000
	ssl.cipher.suites = null
	ssl.enabled.protocols = [TLSv1.2, TLSv1.3]
	ssl.endpoint.identification.algorithm = https
	ssl.engine.factory.class = null
	ssl.key.password = null
	ssl.keymanager.algorithm = SunX509
	ssl.keystore.certificate.chain = null
	ssl.keystore.key = null
	ssl.keystore.location = null
	ssl.keystore.password = null
	ssl.keystore.type = JKS
	ssl.protocol = TLSv1.3
	ssl.provider = null
	ssl.secure.random.implementation = null
	ssl.trustmanager.algorithm = PKIX
	ssl.truststore.certificates = null
	ssl.truststore.location = null
	ssl.truststore.password = null
	ssl.truststore.type = JKS
	transaction.timeout.ms = 60000
	transactional.id = null
	value.serializer = class io.apicurio.registry.serde.protobuf.ProtobufKafkaSerializer

2025-07-31 15:30:39,425 INFO  [org.apa.kaf.com.tel.int.KafkaMetricsCollector] (main) initializing Kafka metrics collector
2025-07-31 15:30:39,429 INFO  [org.apa.kaf.cli.pro.KafkaProducer] (main) [Producer clientId=Producer-sf0cd952dxbb8cx476fx8020x7b03375bb1f5] Instantiated an idempotent producer.
2025-07-31 15:30:39,430 INFO  [org.apa.kaf.cli.pro.ProducerConfig] (main) These configurations '[apicurio.registry.url, apicurio.registry.headers.enabled, apicurio.registry.artifact-resolver-strategy]' were supplied but are not used yet.
2025-07-31 15:30:39,430 INFO  [org.apa.kaf.com.uti.AppInfoParser] (main) Kafka version: 3.9.0
2025-07-31 15:30:39,430 INFO  [org.apa.kaf.com.uti.AppInfoParser] (main) Kafka commitId: 84caaa6e9da06435
2025-07-31 15:30:39,430 INFO  [org.apa.kaf.com.uti.AppInfoParser] (main) Kafka startTimeMs: 1753975839430
2025-07-31 15:30:39,430 INFO  [io.api.tes.ser.api.SimpleSerdesTesterBuilder$SimpleSerdesTester] (main) Using producer configuration: {apicurio.registry.url=http://registry-app-postgresql.apps.ci419.apicurio-testing.org:80/apis/registry/v3, apicurio.registry.headers.enabled=true, apicurio.registry.artifact-resolver-strategy=io.apicurio.registry.serde.strategy.TopicIdStrategy, value.serializer=io.apicurio.registry.serde.protobuf.ProtobufKafkaSerializer, request.timeout.ms=5000, acks=all, bootstrap.servers=PLAINTEXT://localhost:32770, connections.max.idle.ms=10000, key.serializer=org.apache.kafka.common.serialization.StringSerializer, client.id=Producer-sf0cd952dxbb8cx476fx8020x7b03375bb1f5}
2025-07-31 15:30:39,430 INFO  [io.api.tes.ser.api.SimpleSerdesTesterBuilder$SimpleSerdesTester] (main) Using consumer configuration: {apicurio.registry.headers.enabled=true}
2025-07-31 15:30:39,430 INFO  [io.api.tes.ser.api.KafkaSerdesTester] (Thread-323) Sending message msb: 1753975839430
lsb: 321
 to topic sf0cd952dxbb8cx476fx8020x7b03375bb1f5
2025-07-31 15:30:39,433 INFO  [org.apa.kaf.cli.Metadata] (kafka-producer-network-thread | Producer-sf0cd952dxbb8cx476fx8020x7b03375bb1f5) [Producer clientId=Producer-sf0cd952dxbb8cx476fx8020x7b03375bb1f5] Cluster ID: BgnDnmd_Rn-oXa8M1ygsew
2025-07-31 15:30:39,433 INFO  [DefaultSchemaResolver] (Thread-323) Retrieving schema content using string: // Proto schema formatted by Wire, do not edit.
// Source: 

syntax = "proto3";

package io.apicurio.registry.common.proto;

option java_package = "io.apicurio.registry.common.proto";
option java_outer_classname = "Cmmn";

message UUID {
  fixed64 msb = 1;

  fixed64 lsb = 2;
}

2025-07-31 15:30:39,434 INFO  [org.apa.kaf.cli.pro.int.TransactionManager] (kafka-producer-network-thread | Producer-sf0cd952dxbb8cx476fx8020x7b03375bb1f5) [Producer clientId=Producer-sf0cd952dxbb8cx476fx8020x7b03375bb1f5] ProducerId set to 36 with epoch 0
2025-07-31 15:30:39,457 INFO  [io.api.tes.ser.api.KafkaSerdesTester] (Thread-323) Sending message msb: 1753975839457
lsb: 321
 to topic sf0cd952dxbb8cx476fx8020x7b03375bb1f5
2025-07-31 15:30:39,459 INFO  [io.api.tes.ser.api.KafkaSerdesTester] (Thread-323) Sending message msb: 1753975839459
lsb: 321
 to topic sf0cd952dxbb8cx476fx8020x7b03375bb1f5
2025-07-31 15:30:39,460 INFO  [io.api.tes.ser.api.KafkaSerdesTester] (Thread-323) Sending message msb: 1753975839460
lsb: 321
 to topic sf0cd952dxbb8cx476fx8020x7b03375bb1f5
2025-07-31 15:30:39,461 INFO  [io.api.tes.ser.api.KafkaSerdesTester] (Thread-323) Sending message msb: 1753975839461
lsb: 321
 to topic sf0cd952dxbb8cx476fx8020x7b03375bb1f5
2025-07-31 15:30:39,463 INFO  [io.api.tes.ser.api.KafkaSerdesTester] (Thread-323) Sending message msb: 1753975839463
lsb: 321
 to topic sf0cd952dxbb8cx476fx8020x7b03375bb1f5
2025-07-31 15:30:39,464 INFO  [io.api.tes.ser.api.KafkaSerdesTester] (Thread-323) Sending message msb: 1753975839464
lsb: 321
 to topic sf0cd952dxbb8cx476fx8020x7b03375bb1f5
2025-07-31 15:30:39,466 INFO  [io.api.tes.ser.api.KafkaSerdesTester] (Thread-323) Sending message msb: 1753975839466
lsb: 321
 to topic sf0cd952dxbb8cx476fx8020x7b03375bb1f5
2025-07-31 15:30:39,468 INFO  [io.api.tes.ser.api.KafkaSerdesTester] (Thread-323) Sending message msb: 1753975839468
lsb: 321
 to topic sf0cd952dxbb8cx476fx8020x7b03375bb1f5
2025-07-31 15:30:39,470 INFO  [io.api.tes.ser.api.KafkaSerdesTester] (Thread-323) Sending message msb: 1753975839470
lsb: 321
 to topic sf0cd952dxbb8cx476fx8020x7b03375bb1f5
2025-07-31 15:30:39,473 INFO  [io.api.tes.ser.api.KafkaSerdesTester] (Thread-323) Produced 10 messages
2025-07-31 15:30:39,473 INFO  [org.apa.kaf.cli.pro.KafkaProducer] (Thread-323) [Producer clientId=Producer-sf0cd952dxbb8cx476fx8020x7b03375bb1f5] Closing the Kafka producer with timeoutMillis = 9223372036854775807 ms.
2025-07-31 15:30:39,475 INFO  [org.apa.kaf.com.met.Metrics] (Thread-323) Metrics scheduler closed
2025-07-31 15:30:39,475 INFO  [org.apa.kaf.com.met.Metrics] (Thread-323) Closing reporter org.apache.kafka.common.metrics.JmxReporter
2025-07-31 15:30:39,475 INFO  [org.apa.kaf.com.met.Metrics] (Thread-323) Closing reporter org.apache.kafka.common.telemetry.internals.ClientTelemetryReporter
2025-07-31 15:30:39,475 INFO  [org.apa.kaf.com.met.Metrics] (Thread-323) Metrics reporters closed
2025-07-31 15:30:39,476 INFO  [org.apa.kaf.com.uti.AppInfoParser] (Thread-323) App info kafka.producer for Producer-sf0cd952dxbb8cx476fx8020x7b03375bb1f5 unregistered
2025-07-31 15:30:39,476 INFO  [org.apa.kaf.cli.con.ConsumerConfig] (main) ConsumerConfig values: 
	allow.auto.create.topics = true
	auto.commit.interval.ms = 500
	auto.include.jmx.reporter = true
	auto.offset.reset = earliest
	bootstrap.servers = [PLAINTEXT://localhost:32770]
	check.crcs = true
	client.dns.lookup = use_all_dns_ips
	client.id = consumer-Consumer-sf0cd952dxbb8cx476fx8020x7b03375bb1f5-27
	client.rack = 
	connections.max.idle.ms = 10000
	default.api.timeout.ms = 60000
	enable.auto.commit = true
	enable.metrics.push = true
	exclude.internal.topics = true
	fetch.max.bytes = 52428800
	fetch.max.wait.ms = 500
	fetch.min.bytes = 1
	group.id = Consumer-sf0cd952dxbb8cx476fx8020x7b03375bb1f5
	group.instance.id = null
	group.protocol = classic
	group.remote.assignor = null
	heartbeat.interval.ms = 3000
	interceptor.classes = []
	internal.leave.group.on.close = true
	internal.throw.on.fetch.stable.offset.unsupported = false
	isolation.level = read_uncommitted
	key.deserializer = class org.apache.kafka.common.serialization.StringDeserializer
	max.partition.fetch.bytes = 1048576
	max.poll.interval.ms = 300000
	max.poll.records = 500
	metadata.max.age.ms = 300000
	metadata.recovery.strategy = none
	metric.reporters = []
	metrics.num.samples = 2
	metrics.recording.level = INFO
	metrics.sample.window.ms = 30000
	partition.assignment.strategy = [class org.apache.kafka.clients.consumer.RangeAssignor, class org.apache.kafka.clients.consumer.CooperativeStickyAssignor]
	receive.buffer.bytes = 65536
	reconnect.backoff.max.ms = 1000
	reconnect.backoff.ms = 50
	request.timeout.ms = 5000
	retry.backoff.max.ms = 1000
	retry.backoff.ms = 100
	sasl.client.callback.handler.class = null
	sasl.jaas.config = null
	sasl.kerberos.kinit.cmd = /usr/bin/kinit
	sasl.kerberos.min.time.before.relogin = 60000
	sasl.kerberos.service.name = null
	sasl.kerberos.ticket.renew.jitter = 0.05
	sasl.kerberos.ticket.renew.window.factor = 0.8
	sasl.login.callback.handler.class = null
	sasl.login.class = null
	sasl.login.connect.timeout.ms = null
	sasl.login.read.timeout.ms = null
	sasl.login.refresh.buffer.seconds = 300
	sasl.login.refresh.min.period.seconds = 60
	sasl.login.refresh.window.factor = 0.8
	sasl.login.refresh.window.jitter = 0.05
	sasl.login.retry.backoff.max.ms = 10000
	sasl.login.retry.backoff.ms = 100
	sasl.mechanism = GSSAPI
	sasl.oauthbearer.clock.skew.seconds = 30
	sasl.oauthbearer.expected.audience = null
	sasl.oauthbearer.expected.issuer = null
	sasl.oauthbearer.header.urlencode = false
	sasl.oauthbearer.jwks.endpoint.refresh.ms = 3600000
	sasl.oauthbearer.jwks.endpoint.retry.backoff.max.ms = 10000
	sasl.oauthbearer.jwks.endpoint.retry.backoff.ms = 100
	sasl.oauthbearer.jwks.endpoint.url = null
	sasl.oauthbearer.scope.claim.name = scope
	sasl.oauthbearer.sub.claim.name = sub
	sasl.oauthbearer.token.endpoint.url = null
	security.protocol = PLAINTEXT
	security.providers = null
	send.buffer.bytes = 131072
	session.timeout.ms = 45000
	socket.connection.setup.timeout.max.ms = 30000
	socket.connection.setup.timeout.ms = 10000
	ssl.cipher.suites = null
	ssl.enabled.protocols = [TLSv1.2, TLSv1.3]
	ssl.endpoint.identification.algorithm = https
	ssl.engine.factory.class = null
	ssl.key.password = null
	ssl.keymanager.algorithm = SunX509
	ssl.keystore.certificate.chain = null
	ssl.keystore.key = null
	ssl.keystore.location = null
	ssl.keystore.password = null
	ssl.keystore.type = JKS
	ssl.protocol = TLSv1.3
	ssl.provider = null
	ssl.secure.random.implementation = null
	ssl.trustmanager.algorithm = PKIX
	ssl.truststore.certificates = null
	ssl.truststore.location = null
	ssl.truststore.password = null
	ssl.truststore.type = JKS
	value.deserializer = class io.apicurio.registry.serde.protobuf.ProtobufKafkaDeserializer

2025-07-31 15:30:39,476 INFO  [org.apa.kaf.com.tel.int.KafkaMetricsCollector] (main) initializing Kafka metrics collector
2025-07-31 15:30:39,513 INFO  [org.apa.kaf.cli.con.ConsumerConfig] (main) These configurations '[apicurio.registry.url, apicurio.registry.headers.enabled]' were supplied but are not used yet.
2025-07-31 15:30:39,513 INFO  [org.apa.kaf.com.uti.AppInfoParser] (main) Kafka version: 3.9.0
2025-07-31 15:30:39,513 INFO  [org.apa.kaf.com.uti.AppInfoParser] (main) Kafka commitId: 84caaa6e9da06435
2025-07-31 15:30:39,514 INFO  [org.apa.kaf.com.uti.AppInfoParser] (main) Kafka startTimeMs: 1753975839513
2025-07-31 15:30:39,517 INFO  [org.apa.kaf.cli.con.int.ClassicKafkaConsumer] (Thread-326) [Consumer clientId=consumer-Consumer-sf0cd952dxbb8cx476fx8020x7b03375bb1f5-27, groupId=Consumer-sf0cd952dxbb8cx476fx8020x7b03375bb1f5] Subscribed to topic(s): sf0cd952dxbb8cx476fx8020x7b03375bb1f5
2025-07-31 15:30:39,538 INFO  [org.apa.kaf.cli.Metadata] (Thread-326) [Consumer clientId=consumer-Consumer-sf0cd952dxbb8cx476fx8020x7b03375bb1f5-27, groupId=Consumer-sf0cd952dxbb8cx476fx8020x7b03375bb1f5] Cluster ID: BgnDnmd_Rn-oXa8M1ygsew
2025-07-31 15:30:39,539 INFO  [org.apa.kaf.cli.con.int.ConsumerCoordinator] (Thread-326) [Consumer clientId=consumer-Consumer-sf0cd952dxbb8cx476fx8020x7b03375bb1f5-27, groupId=Consumer-sf0cd952dxbb8cx476fx8020x7b03375bb1f5] Discovered group coordinator localhost:32770 (id: 2147483647 rack: null)
2025-07-31 15:30:39,545 INFO  [org.apa.kaf.cli.con.int.ConsumerCoordinator] (Thread-326) [Consumer clientId=consumer-Consumer-sf0cd952dxbb8cx476fx8020x7b03375bb1f5-27, groupId=Consumer-sf0cd952dxbb8cx476fx8020x7b03375bb1f5] (Re-)joining group
2025-07-31 15:30:39,550 INFO  [org.apa.kaf.cli.con.int.ConsumerCoordinator] (Thread-326) [Consumer clientId=consumer-Consumer-sf0cd952dxbb8cx476fx8020x7b03375bb1f5-27, groupId=Consumer-sf0cd952dxbb8cx476fx8020x7b03375bb1f5] Request joining group due to: need to re-join with the given member-id: consumer-Consumer-sf0cd952dxbb8cx476fx8020x7b03375bb1f5-27-fe5c0a18-a45d-49ca-9dc8-e7b6dea3789e
2025-07-31 15:30:39,550 INFO  [org.apa.kaf.cli.con.int.ConsumerCoordinator] (Thread-326) [Consumer clientId=consumer-Consumer-sf0cd952dxbb8cx476fx8020x7b03375bb1f5-27, groupId=Consumer-sf0cd952dxbb8cx476fx8020x7b03375bb1f5] (Re-)joining group
2025-07-31 15:30:39,560 INFO  [org.apa.kaf.cli.con.int.ConsumerCoordinator] (Thread-326) [Consumer clientId=consumer-Consumer-sf0cd952dxbb8cx476fx8020x7b03375bb1f5-27, groupId=Consumer-sf0cd952dxbb8cx476fx8020x7b03375bb1f5] Successfully joined group with generation Generation{generationId=5, memberId='consumer-Consumer-sf0cd952dxbb8cx476fx8020x7b03375bb1f5-27-fe5c0a18-a45d-49ca-9dc8-e7b6dea3789e', protocol='range'}
2025-07-31 15:30:39,560 INFO  [org.apa.kaf.cli.con.int.ConsumerCoordinator] (Thread-326) [Consumer clientId=consumer-Consumer-sf0cd952dxbb8cx476fx8020x7b03375bb1f5-27, groupId=Consumer-sf0cd952dxbb8cx476fx8020x7b03375bb1f5] Finished assignment for group at generation 5: {consumer-Consumer-sf0cd952dxbb8cx476fx8020x7b03375bb1f5-27-fe5c0a18-a45d-49ca-9dc8-e7b6dea3789e=Assignment(partitions=[sf0cd952dxbb8cx476fx8020x7b03375bb1f5-0])}
2025-07-31 15:30:39,567 INFO  [org.apa.kaf.cli.con.int.ConsumerCoordinator] (Thread-326) [Consumer clientId=consumer-Consumer-sf0cd952dxbb8cx476fx8020x7b03375bb1f5-27, groupId=Consumer-sf0cd952dxbb8cx476fx8020x7b03375bb1f5] Successfully synced group in generation Generation{generationId=5, memberId='consumer-Consumer-sf0cd952dxbb8cx476fx8020x7b03375bb1f5-27-fe5c0a18-a45d-49ca-9dc8-e7b6dea3789e', protocol='range'}
2025-07-31 15:30:39,567 INFO  [org.apa.kaf.cli.con.int.ConsumerCoordinator] (Thread-326) [Consumer clientId=consumer-Consumer-sf0cd952dxbb8cx476fx8020x7b03375bb1f5-27, groupId=Consumer-sf0cd952dxbb8cx476fx8020x7b03375bb1f5] Notifying assignor about the new Assignment(partitions=[sf0cd952dxbb8cx476fx8020x7b03375bb1f5-0])
2025-07-31 15:30:39,567 INFO  [org.apa.kaf.cli.con.int.ConsumerRebalanceListenerInvoker] (Thread-326) [Consumer clientId=consumer-Consumer-sf0cd952dxbb8cx476fx8020x7b03375bb1f5-27, groupId=Consumer-sf0cd952dxbb8cx476fx8020x7b03375bb1f5] Adding newly assigned partitions: sf0cd952dxbb8cx476fx8020x7b03375bb1f5-0
2025-07-31 15:30:39,568 INFO  [org.apa.kaf.cli.con.int.ConsumerUtils] (Thread-326) Setting offset for partition sf0cd952dxbb8cx476fx8020x7b03375bb1f5-0 to the committed offset FetchPosition{offset=20, offsetEpoch=Optional[0], currentLeader=LeaderAndEpoch{leader=Optional[localhost:32770 (id: 0 rack: null)], epoch=0}}
2025-07-31 15:30:39,633 WARNING [com.goo.pro.GeneratedMessage] (Thread-326) Vulnerable protobuf generated type in use: io.apicurio.tests.common.serdes.proto.TestCmmn$UUID
As of 2022/09/29 (release 21.7) makeExtensionsImmutable should not be called from protobuf gencode. If you are seeing this message, your gencode is vulnerable to a denial of service attack. You should regenerate your code using protobuf 25.6 or later. Use the latest version that meets your needs. However, if you understand the risks and wish to continue with vulnerable gencode, you can set the system property `-Dcom.google.protobuf.use_unsafe_pre22_gencode` on the command line to silence this warning. You also can set `-Dcom.google.protobuf.error_on_unsafe_pre22_gencode` to throw an error instead. See security vulnerability: https://github.com/protocolbuffers/protobuf/security/advisories/GHSA-h4h5-3hr4-j3g2
2025-07-31 15:30:39,639 INFO  [io.api.tes.ser.api.KafkaSerdesTester] (Thread-326) sf0cd952dxbb8cx476fx8020x7b03375bb1f5 0 20 msb: 1753975839430
lsb: 321

2025-07-31 15:30:39,639 INFO  [io.api.tes.ser.api.KafkaSerdesTester] (Thread-326) sf0cd952dxbb8cx476fx8020x7b03375bb1f5 0 21 msb: 1753975839457
lsb: 321

2025-07-31 15:30:39,639 INFO  [io.api.tes.ser.api.KafkaSerdesTester] (Thread-326) sf0cd952dxbb8cx476fx8020x7b03375bb1f5 0 22 msb: 1753975839459
lsb: 321

2025-07-31 15:30:39,639 INFO  [io.api.tes.ser.api.KafkaSerdesTester] (Thread-326) sf0cd952dxbb8cx476fx8020x7b03375bb1f5 0 23 msb: 1753975839460
lsb: 321

2025-07-31 15:30:39,639 INFO  [io.api.tes.ser.api.KafkaSerdesTester] (Thread-326) sf0cd952dxbb8cx476fx8020x7b03375bb1f5 0 24 msb: 1753975839461
lsb: 321

2025-07-31 15:30:39,639 INFO  [io.api.tes.ser.api.KafkaSerdesTester] (Thread-326) sf0cd952dxbb8cx476fx8020x7b03375bb1f5 0 25 msb: 1753975839463
lsb: 321

2025-07-31 15:30:39,639 INFO  [io.api.tes.ser.api.KafkaSerdesTester] (Thread-326) sf0cd952dxbb8cx476fx8020x7b03375bb1f5 0 26 msb: 1753975839464
lsb: 321

2025-07-31 15:30:39,639 INFO  [io.api.tes.ser.api.KafkaSerdesTester] (Thread-326) sf0cd952dxbb8cx476fx8020x7b03375bb1f5 0 27 msb: 1753975839466
lsb: 321

2025-07-31 15:30:39,639 INFO  [io.api.tes.ser.api.KafkaSerdesTester] (Thread-326) sf0cd952dxbb8cx476fx8020x7b03375bb1f5 0 28 msb: 1753975839468
lsb: 321

2025-07-31 15:30:39,639 INFO  [io.api.tes.ser.api.KafkaSerdesTester] (Thread-326) sf0cd952dxbb8cx476fx8020x7b03375bb1f5 0 29 msb: 1753975839470
lsb: 321

2025-07-31 15:30:39,639 INFO  [io.api.tes.ser.api.KafkaSerdesTester] (Thread-326) Consumed 10 messages
2025-07-31 15:30:39,645 INFO  [org.apa.kaf.cli.con.int.ConsumerRebalanceListenerInvoker] (Thread-326) [Consumer clientId=consumer-Consumer-sf0cd952dxbb8cx476fx8020x7b03375bb1f5-27, groupId=Consumer-sf0cd952dxbb8cx476fx8020x7b03375bb1f5] Revoke previously assigned partitions sf0cd952dxbb8cx476fx8020x7b03375bb1f5-0
2025-07-31 15:30:39,645 INFO  [org.apa.kaf.cli.con.int.ConsumerCoordinator] (Thread-326) [Consumer clientId=consumer-Consumer-sf0cd952dxbb8cx476fx8020x7b03375bb1f5-27, groupId=Consumer-sf0cd952dxbb8cx476fx8020x7b03375bb1f5] Member consumer-Consumer-sf0cd952dxbb8cx476fx8020x7b03375bb1f5-27-fe5c0a18-a45d-49ca-9dc8-e7b6dea3789e sending LeaveGroup request to coordinator localhost:32770 (id: 2147483647 rack: null) due to the consumer is being closed
2025-07-31 15:30:39,645 INFO  [org.apa.kaf.cli.con.int.ConsumerCoordinator] (Thread-326) [Consumer clientId=consumer-Consumer-sf0cd952dxbb8cx476fx8020x7b03375bb1f5-27, groupId=Consumer-sf0cd952dxbb8cx476fx8020x7b03375bb1f5] Resetting generation and member id due to: consumer pro-actively leaving the group
2025-07-31 15:30:39,645 INFO  [org.apa.kaf.cli.con.int.ConsumerCoordinator] (Thread-326) [Consumer clientId=consumer-Consumer-sf0cd952dxbb8cx476fx8020x7b03375bb1f5-27, groupId=Consumer-sf0cd952dxbb8cx476fx8020x7b03375bb1f5] Request joining group due to: consumer pro-actively leaving the group
2025-07-31 15:30:40,145 INFO  [org.apa.kaf.com.met.Metrics] (Thread-326) Metrics scheduler closed
2025-07-31 15:30:40,145 INFO  [org.apa.kaf.com.met.Metrics] (Thread-326) Closing reporter org.apache.kafka.common.metrics.JmxReporter
2025-07-31 15:30:40,145 INFO  [org.apa.kaf.com.met.Metrics] (Thread-326) Closing reporter org.apache.kafka.common.telemetry.internals.ClientTelemetryReporter
2025-07-31 15:30:40,145 INFO  [org.apa.kaf.com.met.Metrics] (Thread-326) Metrics reporters closed
2025-07-31 15:30:40,147 INFO  [org.apa.kaf.com.uti.AppInfoParser] (Thread-326) App info kafka.consumer for consumer-Consumer-sf0cd952dxbb8cx476fx8020x7b03375bb1f5-27 unregistered
2025-07-31 15:30:40,148 INFO  [org.apa.kaf.cli.pro.ProducerConfig] (main) ProducerConfig values: 
	acks = -1
	auto.include.jmx.reporter = true
	batch.size = 16384
	bootstrap.servers = [PLAINTEXT://localhost:32770]
	buffer.memory = 33554432
	client.dns.lookup = use_all_dns_ips
	client.id = Producer-sf0cd952dxbb8cx476fx8020x7b03375bb1f5
	compression.gzip.level = -1
	compression.lz4.level = 9
	compression.type = none
	compression.zstd.level = 3
	connections.max.idle.ms = 10000
	delivery.timeout.ms = 120000
	enable.idempotence = true
	enable.metrics.push = true
	interceptor.classes = []
	key.serializer = class org.apache.kafka.common.serialization.StringSerializer
	linger.ms = 0
	max.block.ms = 60000
	max.in.flight.requests.per.connection = 5
	max.request.size = 1048576
	metadata.max.age.ms = 300000
	metadata.max.idle.ms = 300000
	metadata.recovery.strategy = none
	metric.reporters = []
	metrics.num.samples = 2
	metrics.recording.level = INFO
	metrics.sample.window.ms = 30000
	partitioner.adaptive.partitioning.enable = true
	partitioner.availability.timeout.ms = 0
	partitioner.class = null
	partitioner.ignore.keys = false
	receive.buffer.bytes = 32768
	reconnect.backoff.max.ms = 1000
	reconnect.backoff.ms = 50
	request.timeout.ms = 5000
	retries = 2147483647
	retry.backoff.max.ms = 1000
	retry.backoff.ms = 100
	sasl.client.callback.handler.class = null
	sasl.jaas.config = null
	sasl.kerberos.kinit.cmd = /usr/bin/kinit
	sasl.kerberos.min.time.before.relogin = 60000
	sasl.kerberos.service.name = null
	sasl.kerberos.ticket.renew.jitter = 0.05
	sasl.kerberos.ticket.renew.window.factor = 0.8
	sasl.login.callback.handler.class = null
	sasl.login.class = null
	sasl.login.connect.timeout.ms = null
	sasl.login.read.timeout.ms = null
	sasl.login.refresh.buffer.seconds = 300
	sasl.login.refresh.min.period.seconds = 60
	sasl.login.refresh.window.factor = 0.8
	sasl.login.refresh.window.jitter = 0.05
	sasl.login.retry.backoff.max.ms = 10000
	sasl.login.retry.backoff.ms = 100
	sasl.mechanism = GSSAPI
	sasl.oauthbearer.clock.skew.seconds = 30
	sasl.oauthbearer.expected.audience = null
	sasl.oauthbearer.expected.issuer = null
	sasl.oauthbearer.header.urlencode = false
	sasl.oauthbearer.jwks.endpoint.refresh.ms = 3600000
	sasl.oauthbearer.jwks.endpoint.retry.backoff.max.ms = 10000
	sasl.oauthbearer.jwks.endpoint.retry.backoff.ms = 100
	sasl.oauthbearer.jwks.endpoint.url = null
	sasl.oauthbearer.scope.claim.name = scope
	sasl.oauthbearer.sub.claim.name = sub
	sasl.oauthbearer.token.endpoint.url = null
	security.protocol = PLAINTEXT
	security.providers = null
	send.buffer.bytes = 131072
	socket.connection.setup.timeout.max.ms = 30000
	socket.connection.setup.timeout.ms = 10000
	ssl.cipher.suites = null
	ssl.enabled.protocols = [TLSv1.2, TLSv1.3]
	ssl.endpoint.identification.algorithm = https
	ssl.engine.factory.class = null
	ssl.key.password = null
	ssl.keymanager.algorithm = SunX509
	ssl.keystore.certificate.chain = null
	ssl.keystore.key = null
	ssl.keystore.location = null
	ssl.keystore.password = null
	ssl.keystore.type = JKS
	ssl.protocol = TLSv1.3
	ssl.provider = null
	ssl.secure.random.implementation = null
	ssl.trustmanager.algorithm = PKIX
	ssl.truststore.certificates = null
	ssl.truststore.location = null
	ssl.truststore.password = null
	ssl.truststore.type = JKS
	transaction.timeout.ms = 60000
	transactional.id = null
	value.serializer = class io.apicurio.registry.serde.protobuf.ProtobufKafkaSerializer

2025-07-31 15:30:40,148 INFO  [org.apa.kaf.com.tel.int.KafkaMetricsCollector] (main) initializing Kafka metrics collector
2025-07-31 15:30:40,155 INFO  [org.apa.kaf.cli.pro.KafkaProducer] (main) [Producer clientId=Producer-sf0cd952dxbb8cx476fx8020x7b03375bb1f5] Instantiated an idempotent producer.
2025-07-31 15:30:40,158 INFO  [org.apa.kaf.cli.pro.ProducerConfig] (main) These configurations '[apicurio.registry.find-latest, apicurio.registry.url, apicurio.registry.artifact-resolver-strategy]' were supplied but are not used yet.
2025-07-31 15:30:40,158 INFO  [org.apa.kaf.com.uti.AppInfoParser] (main) Kafka version: 3.9.0
2025-07-31 15:30:40,158 INFO  [org.apa.kaf.com.uti.AppInfoParser] (main) Kafka commitId: 84caaa6e9da06435
2025-07-31 15:30:40,158 INFO  [org.apa.kaf.com.uti.AppInfoParser] (main) Kafka startTimeMs: 1753975840158
2025-07-31 15:30:40,160 INFO  [io.api.tes.ser.api.KafkaSerdesTester] (Thread-329) Sending message header {
  time {
  }
}
d1: 1.753975840158E12
s1: "a"
i1: 123
bi1: 1
point {
  longitude: 22.0
  latitude: 22.0
  altitude: 1.0
}
 to topic sf0cd952dxbb8cx476fx8020x7b03375bb1f5
2025-07-31 15:30:40,162 INFO  [org.apa.kaf.cli.Metadata] (kafka-producer-network-thread | Producer-sf0cd952dxbb8cx476fx8020x7b03375bb1f5) [Producer clientId=Producer-sf0cd952dxbb8cx476fx8020x7b03375bb1f5] Cluster ID: BgnDnmd_Rn-oXa8M1ygsew
2025-07-31 15:30:40,162 INFO  [org.apa.kaf.cli.pro.int.TransactionManager] (kafka-producer-network-thread | Producer-sf0cd952dxbb8cx476fx8020x7b03375bb1f5) [Producer clientId=Producer-sf0cd952dxbb8cx476fx8020x7b03375bb1f5] ProducerId set to 37 with epoch 0
2025-07-31 15:30:40,207 INFO  [org.apa.kaf.cli.pro.KafkaProducer] (Thread-329) [Producer clientId=Producer-sf0cd952dxbb8cx476fx8020x7b03375bb1f5] Closing the Kafka producer with timeoutMillis = 9223372036854775807 ms.
2025-07-31 15:30:40,209 INFO  [org.apa.kaf.com.met.Metrics] (Thread-329) Metrics scheduler closed
2025-07-31 15:30:40,209 INFO  [org.apa.kaf.com.met.Metrics] (Thread-329) Closing reporter org.apache.kafka.common.metrics.JmxReporter
2025-07-31 15:30:40,209 INFO  [org.apa.kaf.com.met.Metrics] (Thread-329) Closing reporter org.apache.kafka.common.telemetry.internals.ClientTelemetryReporter
2025-07-31 15:30:40,209 INFO  [org.apa.kaf.com.met.Metrics] (Thread-329) Metrics reporters closed
2025-07-31 15:30:40,209 INFO  [org.apa.kaf.com.uti.AppInfoParser] (Thread-329) App info kafka.producer for Producer-sf0cd952dxbb8cx476fx8020x7b03375bb1f5 unregistered
2025-07-31 15:30:40,210 INFO  [org.apa.kaf.cli.pro.ProducerConfig] (main) ProducerConfig values: 
	acks = -1
	auto.include.jmx.reporter = true
	batch.size = 16384
	bootstrap.servers = [PLAINTEXT://localhost:32770]
	buffer.memory = 33554432
	client.dns.lookup = use_all_dns_ips
	client.id = Producer-sf0cd952dxbb8cx476fx8020x7b03375bb1f5
	compression.gzip.level = -1
	compression.lz4.level = 9
	compression.type = none
	compression.zstd.level = 3
	connections.max.idle.ms = 10000
	delivery.timeout.ms = 120000
	enable.idempotence = true
	enable.metrics.push = true
	interceptor.classes = []
	key.serializer = class org.apache.kafka.common.serialization.StringSerializer
	linger.ms = 0
	max.block.ms = 60000
	max.in.flight.requests.per.connection = 5
	max.request.size = 1048576
	metadata.max.age.ms = 300000
	metadata.max.idle.ms = 300000
	metadata.recovery.strategy = none
	metric.reporters = []
	metrics.num.samples = 2
	metrics.recording.level = INFO
	metrics.sample.window.ms = 30000
	partitioner.adaptive.partitioning.enable = true
	partitioner.availability.timeout.ms = 0
	partitioner.class = null
	partitioner.ignore.keys = false
	receive.buffer.bytes = 32768
	reconnect.backoff.max.ms = 1000
	reconnect.backoff.ms = 50
	request.timeout.ms = 5000
	retries = 2147483647
	retry.backoff.max.ms = 1000
	retry.backoff.ms = 100
	sasl.client.callback.handler.class = null
	sasl.jaas.config = null
	sasl.kerberos.kinit.cmd = /usr/bin/kinit
	sasl.kerberos.min.time.before.relogin = 60000
	sasl.kerberos.service.name = null
	sasl.kerberos.ticket.renew.jitter = 0.05
	sasl.kerberos.ticket.renew.window.factor = 0.8
	sasl.login.callback.handler.class = null
	sasl.login.class = null
	sasl.login.connect.timeout.ms = null
	sasl.login.read.timeout.ms = null
	sasl.login.refresh.buffer.seconds = 300
	sasl.login.refresh.min.period.seconds = 60
	sasl.login.refresh.window.factor = 0.8
	sasl.login.refresh.window.jitter = 0.05
	sasl.login.retry.backoff.max.ms = 10000
	sasl.login.retry.backoff.ms = 100
	sasl.mechanism = GSSAPI
	sasl.oauthbearer.clock.skew.seconds = 30
	sasl.oauthbearer.expected.audience = null
	sasl.oauthbearer.expected.issuer = null
	sasl.oauthbearer.header.urlencode = false
	sasl.oauthbearer.jwks.endpoint.refresh.ms = 3600000
	sasl.oauthbearer.jwks.endpoint.retry.backoff.max.ms = 10000
	sasl.oauthbearer.jwks.endpoint.retry.backoff.ms = 100
	sasl.oauthbearer.jwks.endpoint.url = null
	sasl.oauthbearer.scope.claim.name = scope
	sasl.oauthbearer.sub.claim.name = sub
	sasl.oauthbearer.token.endpoint.url = null
	security.protocol = PLAINTEXT
	security.providers = null
	send.buffer.bytes = 131072
	socket.connection.setup.timeout.max.ms = 30000
	socket.connection.setup.timeout.ms = 10000
	ssl.cipher.suites = null
	ssl.enabled.protocols = [TLSv1.2, TLSv1.3]
	ssl.endpoint.identification.algorithm = https
	ssl.engine.factory.class = null
	ssl.key.password = null
	ssl.keymanager.algorithm = SunX509
	ssl.keystore.certificate.chain = null
	ssl.keystore.key = null
	ssl.keystore.location = null
	ssl.keystore.password = null
	ssl.keystore.type = JKS
	ssl.protocol = TLSv1.3
	ssl.provider = null
	ssl.secure.random.implementation = null
	ssl.trustmanager.algorithm = PKIX
	ssl.truststore.certificates = null
	ssl.truststore.location = null
	ssl.truststore.password = null
	ssl.truststore.type = JKS
	transaction.timeout.ms = 60000
	transactional.id = null
	value.serializer = class io.apicurio.registry.serde.protobuf.ProtobufKafkaSerializer

2025-07-31 15:30:40,210 INFO  [org.apa.kaf.com.tel.int.KafkaMetricsCollector] (main) initializing Kafka metrics collector
2025-07-31 15:30:40,215 INFO  [org.apa.kaf.cli.pro.KafkaProducer] (main) [Producer clientId=Producer-sf0cd952dxbb8cx476fx8020x7b03375bb1f5] Instantiated an idempotent producer.
2025-07-31 15:30:40,217 INFO  [org.apa.kaf.cli.pro.ProducerConfig] (main) These configurations '[apicurio.registry.find-latest, apicurio.registry.url, apicurio.registry.headers.enabled, apicurio.registry.artifact-resolver-strategy]' were supplied but are not used yet.
2025-07-31 15:30:40,217 INFO  [org.apa.kaf.com.uti.AppInfoParser] (main) Kafka version: 3.9.0
2025-07-31 15:30:40,217 INFO  [org.apa.kaf.com.uti.AppInfoParser] (main) Kafka commitId: 84caaa6e9da06435
2025-07-31 15:30:40,217 INFO  [org.apa.kaf.com.uti.AppInfoParser] (main) Kafka startTimeMs: 1753975840217
2025-07-31 15:30:40,217 INFO  [io.api.tes.ser.api.SimpleSerdesTesterBuilder$SimpleSerdesTester] (main) Using producer configuration: {apicurio.registry.find-latest=true, apicurio.registry.url=http://registry-app-postgresql.apps.ci419.apicurio-testing.org:80/apis/registry/v3, apicurio.registry.headers.enabled=true, apicurio.registry.artifact-resolver-strategy=io.apicurio.registry.serde.strategy.TopicIdStrategy, value.serializer=io.apicurio.registry.serde.protobuf.ProtobufKafkaSerializer, request.timeout.ms=5000, acks=all, bootstrap.servers=PLAINTEXT://localhost:32770, connections.max.idle.ms=10000, key.serializer=org.apache.kafka.common.serialization.StringSerializer, client.id=Producer-sf0cd952dxbb8cx476fx8020x7b03375bb1f5}
2025-07-31 15:30:40,217 INFO  [io.api.tes.ser.api.SimpleSerdesTesterBuilder$SimpleSerdesTester] (main) Using consumer configuration: {apicurio.registry.headers.enabled=true}
2025-07-31 15:30:40,218 INFO  [io.api.tes.ser.api.KafkaSerdesTester] (Thread-332) Sending message msb: 1753975840218
lsb: 321
 to topic sf0cd952dxbb8cx476fx8020x7b03375bb1f5
2025-07-31 15:30:40,221 INFO  [org.apa.kaf.cli.Metadata] (kafka-producer-network-thread | Producer-sf0cd952dxbb8cx476fx8020x7b03375bb1f5) [Producer clientId=Producer-sf0cd952dxbb8cx476fx8020x7b03375bb1f5] Cluster ID: BgnDnmd_Rn-oXa8M1ygsew
2025-07-31 15:30:40,221 INFO  [org.apa.kaf.cli.pro.int.TransactionManager] (kafka-producer-network-thread | Producer-sf0cd952dxbb8cx476fx8020x7b03375bb1f5) [Producer clientId=Producer-sf0cd952dxbb8cx476fx8020x7b03375bb1f5] ProducerId set to 38 with epoch 0
2025-07-31 15:30:40,269 INFO  [io.api.tes.ser.api.KafkaSerdesTester] (Thread-332) Sending message msb: 1753975840269
lsb: 321
 to topic sf0cd952dxbb8cx476fx8020x7b03375bb1f5
2025-07-31 15:30:40,270 INFO  [io.api.tes.ser.api.KafkaSerdesTester] (Thread-332) Sending message msb: 1753975840270
lsb: 321
 to topic sf0cd952dxbb8cx476fx8020x7b03375bb1f5
2025-07-31 15:30:40,272 INFO  [io.api.tes.ser.api.KafkaSerdesTester] (Thread-332) Sending message msb: 1753975840272
lsb: 321
 to topic sf0cd952dxbb8cx476fx8020x7b03375bb1f5
2025-07-31 15:30:40,273 INFO  [io.api.tes.ser.api.KafkaSerdesTester] (Thread-332) Sending message msb: 1753975840273
lsb: 321
 to topic sf0cd952dxbb8cx476fx8020x7b03375bb1f5
2025-07-31 15:30:40,274 INFO  [io.api.tes.ser.api.KafkaSerdesTester] (Thread-332) Sending message msb: 1753975840274
lsb: 321
 to topic sf0cd952dxbb8cx476fx8020x7b03375bb1f5
2025-07-31 15:30:40,275 INFO  [io.api.tes.ser.api.KafkaSerdesTester] (Thread-332) Sending message msb: 1753975840275
lsb: 321
 to topic sf0cd952dxbb8cx476fx8020x7b03375bb1f5
2025-07-31 15:30:40,278 INFO  [io.api.tes.ser.api.KafkaSerdesTester] (Thread-332) Sending message msb: 1753975840278
lsb: 321
 to topic sf0cd952dxbb8cx476fx8020x7b03375bb1f5
2025-07-31 15:30:40,280 INFO  [io.api.tes.ser.api.KafkaSerdesTester] (Thread-332) Sending message msb: 1753975840280
lsb: 321
 to topic sf0cd952dxbb8cx476fx8020x7b03375bb1f5
2025-07-31 15:30:40,282 INFO  [io.api.tes.ser.api.KafkaSerdesTester] (Thread-332) Sending message msb: 1753975840282
lsb: 321
 to topic sf0cd952dxbb8cx476fx8020x7b03375bb1f5
2025-07-31 15:30:40,284 INFO  [io.api.tes.ser.api.KafkaSerdesTester] (Thread-332) Produced 10 messages
2025-07-31 15:30:40,284 INFO  [org.apa.kaf.cli.pro.KafkaProducer] (Thread-332) [Producer clientId=Producer-sf0cd952dxbb8cx476fx8020x7b03375bb1f5] Closing the Kafka producer with timeoutMillis = 9223372036854775807 ms.
2025-07-31 15:30:40,285 INFO  [org.apa.kaf.com.met.Metrics] (Thread-332) Metrics scheduler closed
2025-07-31 15:30:40,285 INFO  [org.apa.kaf.com.met.Metrics] (Thread-332) Closing reporter org.apache.kafka.common.metrics.JmxReporter
2025-07-31 15:30:40,285 INFO  [org.apa.kaf.com.met.Metrics] (Thread-332) Closing reporter org.apache.kafka.common.telemetry.internals.ClientTelemetryReporter
2025-07-31 15:30:40,285 INFO  [org.apa.kaf.com.met.Metrics] (Thread-332) Metrics reporters closed
2025-07-31 15:30:40,286 INFO  [org.apa.kaf.com.uti.AppInfoParser] (Thread-332) App info kafka.producer for Producer-sf0cd952dxbb8cx476fx8020x7b03375bb1f5 unregistered
2025-07-31 15:30:40,286 INFO  [org.apa.kaf.cli.con.ConsumerConfig] (main) ConsumerConfig values: 
	allow.auto.create.topics = true
	auto.commit.interval.ms = 500
	auto.include.jmx.reporter = true
	auto.offset.reset = earliest
	bootstrap.servers = [PLAINTEXT://localhost:32770]
	check.crcs = true
	client.dns.lookup = use_all_dns_ips
	client.id = consumer-Consumer-sf0cd952dxbb8cx476fx8020x7b03375bb1f5-28
	client.rack = 
	connections.max.idle.ms = 10000
	default.api.timeout.ms = 60000
	enable.auto.commit = true
	enable.metrics.push = true
	exclude.internal.topics = true
	fetch.max.bytes = 52428800
	fetch.max.wait.ms = 500
	fetch.min.bytes = 1
	group.id = Consumer-sf0cd952dxbb8cx476fx8020x7b03375bb1f5
	group.instance.id = null
	group.protocol = classic
	group.remote.assignor = null
	heartbeat.interval.ms = 3000
	interceptor.classes = []
	internal.leave.group.on.close = true
	internal.throw.on.fetch.stable.offset.unsupported = false
	isolation.level = read_uncommitted
	key.deserializer = class org.apache.kafka.common.serialization.StringDeserializer
	max.partition.fetch.bytes = 1048576
	max.poll.interval.ms = 300000
	max.poll.records = 500
	metadata.max.age.ms = 300000
	metadata.recovery.strategy = none
	metric.reporters = []
	metrics.num.samples = 2
	metrics.recording.level = INFO
	metrics.sample.window.ms = 30000
	partition.assignment.strategy = [class org.apache.kafka.clients.consumer.RangeAssignor, class org.apache.kafka.clients.consumer.CooperativeStickyAssignor]
	receive.buffer.bytes = 65536
	reconnect.backoff.max.ms = 1000
	reconnect.backoff.ms = 50
	request.timeout.ms = 5000
	retry.backoff.max.ms = 1000
	retry.backoff.ms = 100
	sasl.client.callback.handler.class = null
	sasl.jaas.config = null
	sasl.kerberos.kinit.cmd = /usr/bin/kinit
	sasl.kerberos.min.time.before.relogin = 60000
	sasl.kerberos.service.name = null
	sasl.kerberos.ticket.renew.jitter = 0.05
	sasl.kerberos.ticket.renew.window.factor = 0.8
	sasl.login.callback.handler.class = null
	sasl.login.class = null
	sasl.login.connect.timeout.ms = null
	sasl.login.read.timeout.ms = null
	sasl.login.refresh.buffer.seconds = 300
	sasl.login.refresh.min.period.seconds = 60
	sasl.login.refresh.window.factor = 0.8
	sasl.login.refresh.window.jitter = 0.05
	sasl.login.retry.backoff.max.ms = 10000
	sasl.login.retry.backoff.ms = 100
	sasl.mechanism = GSSAPI
	sasl.oauthbearer.clock.skew.seconds = 30
	sasl.oauthbearer.expected.audience = null
	sasl.oauthbearer.expected.issuer = null
	sasl.oauthbearer.header.urlencode = false
	sasl.oauthbearer.jwks.endpoint.refresh.ms = 3600000
	sasl.oauthbearer.jwks.endpoint.retry.backoff.max.ms = 10000
	sasl.oauthbearer.jwks.endpoint.retry.backoff.ms = 100
	sasl.oauthbearer.jwks.endpoint.url = null
	sasl.oauthbearer.scope.claim.name = scope
	sasl.oauthbearer.sub.claim.name = sub
	sasl.oauthbearer.token.endpoint.url = null
	security.protocol = PLAINTEXT
	security.providers = null
	send.buffer.bytes = 131072
	session.timeout.ms = 45000
	socket.connection.setup.timeout.max.ms = 30000
	socket.connection.setup.timeout.ms = 10000
	ssl.cipher.suites = null
	ssl.enabled.protocols = [TLSv1.2, TLSv1.3]
	ssl.endpoint.identification.algorithm = https
	ssl.engine.factory.class = null
	ssl.key.password = null
	ssl.keymanager.algorithm = SunX509
	ssl.keystore.certificate.chain = null
	ssl.keystore.key = null
	ssl.keystore.location = null
	ssl.keystore.password = null
	ssl.keystore.type = JKS
	ssl.protocol = TLSv1.3
	ssl.provider = null
	ssl.secure.random.implementation = null
	ssl.trustmanager.algorithm = PKIX
	ssl.truststore.certificates = null
	ssl.truststore.location = null
	ssl.truststore.password = null
	ssl.truststore.type = JKS
	value.deserializer = class io.apicurio.registry.serde.protobuf.ProtobufKafkaDeserializer

2025-07-31 15:30:40,286 INFO  [org.apa.kaf.com.tel.int.KafkaMetricsCollector] (main) initializing Kafka metrics collector
2025-07-31 15:30:40,290 INFO  [org.apa.kaf.cli.con.ConsumerConfig] (main) These configurations '[apicurio.registry.url, apicurio.registry.headers.enabled]' were supplied but are not used yet.
2025-07-31 15:30:40,290 INFO  [org.apa.kaf.com.uti.AppInfoParser] (main) Kafka version: 3.9.0
2025-07-31 15:30:40,290 INFO  [org.apa.kaf.com.uti.AppInfoParser] (main) Kafka commitId: 84caaa6e9da06435
2025-07-31 15:30:40,291 INFO  [org.apa.kaf.com.uti.AppInfoParser] (main) Kafka startTimeMs: 1753975840290
2025-07-31 15:30:40,291 INFO  [org.apa.kaf.cli.con.int.ClassicKafkaConsumer] (Thread-335) [Consumer clientId=consumer-Consumer-sf0cd952dxbb8cx476fx8020x7b03375bb1f5-28, groupId=Consumer-sf0cd952dxbb8cx476fx8020x7b03375bb1f5] Subscribed to topic(s): sf0cd952dxbb8cx476fx8020x7b03375bb1f5
2025-07-31 15:30:40,294 INFO  [org.apa.kaf.cli.Metadata] (Thread-335) [Consumer clientId=consumer-Consumer-sf0cd952dxbb8cx476fx8020x7b03375bb1f5-28, groupId=Consumer-sf0cd952dxbb8cx476fx8020x7b03375bb1f5] Cluster ID: BgnDnmd_Rn-oXa8M1ygsew
2025-07-31 15:30:40,295 INFO  [org.apa.kaf.cli.con.int.ConsumerCoordinator] (Thread-335) [Consumer clientId=consumer-Consumer-sf0cd952dxbb8cx476fx8020x7b03375bb1f5-28, groupId=Consumer-sf0cd952dxbb8cx476fx8020x7b03375bb1f5] Discovered group coordinator localhost:32770 (id: 2147483647 rack: null)
2025-07-31 15:30:40,296 INFO  [org.apa.kaf.cli.con.int.ConsumerCoordinator] (Thread-335) [Consumer clientId=consumer-Consumer-sf0cd952dxbb8cx476fx8020x7b03375bb1f5-28, groupId=Consumer-sf0cd952dxbb8cx476fx8020x7b03375bb1f5] (Re-)joining group
2025-07-31 15:30:40,298 INFO  [org.apa.kaf.cli.con.int.ConsumerCoordinator] (Thread-335) [Consumer clientId=consumer-Consumer-sf0cd952dxbb8cx476fx8020x7b03375bb1f5-28, groupId=Consumer-sf0cd952dxbb8cx476fx8020x7b03375bb1f5] Request joining group due to: need to re-join with the given member-id: consumer-Consumer-sf0cd952dxbb8cx476fx8020x7b03375bb1f5-28-045272c3-8de5-49dd-8848-d5265f854c8d
2025-07-31 15:30:40,298 INFO  [org.apa.kaf.cli.con.int.ConsumerCoordinator] (Thread-335) [Consumer clientId=consumer-Consumer-sf0cd952dxbb8cx476fx8020x7b03375bb1f5-28, groupId=Consumer-sf0cd952dxbb8cx476fx8020x7b03375bb1f5] (Re-)joining group
2025-07-31 15:30:40,300 INFO  [org.apa.kaf.cli.con.int.ConsumerCoordinator] (Thread-335) [Consumer clientId=consumer-Consumer-sf0cd952dxbb8cx476fx8020x7b03375bb1f5-28, groupId=Consumer-sf0cd952dxbb8cx476fx8020x7b03375bb1f5] Successfully joined group with generation Generation{generationId=7, memberId='consumer-Consumer-sf0cd952dxbb8cx476fx8020x7b03375bb1f5-28-045272c3-8de5-49dd-8848-d5265f854c8d', protocol='range'}
2025-07-31 15:30:40,300 INFO  [org.apa.kaf.cli.con.int.ConsumerCoordinator] (Thread-335) [Consumer clientId=consumer-Consumer-sf0cd952dxbb8cx476fx8020x7b03375bb1f5-28, groupId=Consumer-sf0cd952dxbb8cx476fx8020x7b03375bb1f5] Finished assignment for group at generation 7: {consumer-Consumer-sf0cd952dxbb8cx476fx8020x7b03375bb1f5-28-045272c3-8de5-49dd-8848-d5265f854c8d=Assignment(partitions=[sf0cd952dxbb8cx476fx8020x7b03375bb1f5-0])}
2025-07-31 15:30:40,304 INFO  [org.apa.kaf.cli.con.int.ConsumerCoordinator] (Thread-335) [Consumer clientId=consumer-Consumer-sf0cd952dxbb8cx476fx8020x7b03375bb1f5-28, groupId=Consumer-sf0cd952dxbb8cx476fx8020x7b03375bb1f5] Successfully synced group in generation Generation{generationId=7, memberId='consumer-Consumer-sf0cd952dxbb8cx476fx8020x7b03375bb1f5-28-045272c3-8de5-49dd-8848-d5265f854c8d', protocol='range'}
2025-07-31 15:30:40,304 INFO  [org.apa.kaf.cli.con.int.ConsumerCoordinator] (Thread-335) [Consumer clientId=consumer-Consumer-sf0cd952dxbb8cx476fx8020x7b03375bb1f5-28, groupId=Consumer-sf0cd952dxbb8cx476fx8020x7b03375bb1f5] Notifying assignor about the new Assignment(partitions=[sf0cd952dxbb8cx476fx8020x7b03375bb1f5-0])
2025-07-31 15:30:40,304 INFO  [org.apa.kaf.cli.con.int.ConsumerRebalanceListenerInvoker] (Thread-335) [Consumer clientId=consumer-Consumer-sf0cd952dxbb8cx476fx8020x7b03375bb1f5-28, groupId=Consumer-sf0cd952dxbb8cx476fx8020x7b03375bb1f5] Adding newly assigned partitions: sf0cd952dxbb8cx476fx8020x7b03375bb1f5-0
2025-07-31 15:30:40,305 INFO  [org.apa.kaf.cli.con.int.ConsumerUtils] (Thread-335) Setting offset for partition sf0cd952dxbb8cx476fx8020x7b03375bb1f5-0 to the committed offset FetchPosition{offset=30, offsetEpoch=Optional[0], currentLeader=LeaderAndEpoch{leader=Optional[localhost:32770 (id: 0 rack: null)], epoch=0}}
2025-07-31 15:30:40,338 INFO  [io.api.tes.ser.api.KafkaSerdesTester] (Thread-335) sf0cd952dxbb8cx476fx8020x7b03375bb1f5 0 30 msb: 1753975840218
lsb: 321

2025-07-31 15:30:40,338 INFO  [io.api.tes.ser.api.KafkaSerdesTester] (Thread-335) sf0cd952dxbb8cx476fx8020x7b03375bb1f5 0 31 msb: 1753975840269
lsb: 321

2025-07-31 15:30:40,338 INFO  [io.api.tes.ser.api.KafkaSerdesTester] (Thread-335) sf0cd952dxbb8cx476fx8020x7b03375bb1f5 0 32 msb: 1753975840270
lsb: 321

2025-07-31 15:30:40,338 INFO  [io.api.tes.ser.api.KafkaSerdesTester] (Thread-335) sf0cd952dxbb8cx476fx8020x7b03375bb1f5 0 33 msb: 1753975840272
lsb: 321

2025-07-31 15:30:40,338 INFO  [io.api.tes.ser.api.KafkaSerdesTester] (Thread-335) sf0cd952dxbb8cx476fx8020x7b03375bb1f5 0 34 msb: 1753975840273
lsb: 321

2025-07-31 15:30:40,338 INFO  [io.api.tes.ser.api.KafkaSerdesTester] (Thread-335) sf0cd952dxbb8cx476fx8020x7b03375bb1f5 0 35 msb: 1753975840274
lsb: 321

2025-07-31 15:30:40,338 INFO  [io.api.tes.ser.api.KafkaSerdesTester] (Thread-335) sf0cd952dxbb8cx476fx8020x7b03375bb1f5 0 36 msb: 1753975840275
lsb: 321

2025-07-31 15:30:40,338 INFO  [io.api.tes.ser.api.KafkaSerdesTester] (Thread-335) sf0cd952dxbb8cx476fx8020x7b03375bb1f5 0 37 msb: 1753975840278
lsb: 321

2025-07-31 15:30:40,338 INFO  [io.api.tes.ser.api.KafkaSerdesTester] (Thread-335) sf0cd952dxbb8cx476fx8020x7b03375bb1f5 0 38 msb: 1753975840280
lsb: 321

2025-07-31 15:30:40,338 INFO  [io.api.tes.ser.api.KafkaSerdesTester] (Thread-335) sf0cd952dxbb8cx476fx8020x7b03375bb1f5 0 39 msb: 1753975840282
lsb: 321

2025-07-31 15:30:40,338 INFO  [io.api.tes.ser.api.KafkaSerdesTester] (Thread-335) Consumed 10 messages
2025-07-31 15:30:40,342 INFO  [org.apa.kaf.cli.con.int.ConsumerRebalanceListenerInvoker] (Thread-335) [Consumer clientId=consumer-Consumer-sf0cd952dxbb8cx476fx8020x7b03375bb1f5-28, groupId=Consumer-sf0cd952dxbb8cx476fx8020x7b03375bb1f5] Revoke previously assigned partitions sf0cd952dxbb8cx476fx8020x7b03375bb1f5-0
2025-07-31 15:30:40,342 INFO  [org.apa.kaf.cli.con.int.ConsumerCoordinator] (Thread-335) [Consumer clientId=consumer-Consumer-sf0cd952dxbb8cx476fx8020x7b03375bb1f5-28, groupId=Consumer-sf0cd952dxbb8cx476fx8020x7b03375bb1f5] Member consumer-Consumer-sf0cd952dxbb8cx476fx8020x7b03375bb1f5-28-045272c3-8de5-49dd-8848-d5265f854c8d sending LeaveGroup request to coordinator localhost:32770 (id: 2147483647 rack: null) due to the consumer is being closed
2025-07-31 15:30:40,343 INFO  [org.apa.kaf.cli.con.int.ConsumerCoordinator] (Thread-335) [Consumer clientId=consumer-Consumer-sf0cd952dxbb8cx476fx8020x7b03375bb1f5-28, groupId=Consumer-sf0cd952dxbb8cx476fx8020x7b03375bb1f5] Resetting generation and member id due to: consumer pro-actively leaving the group
2025-07-31 15:30:40,344 INFO  [org.apa.kaf.cli.con.int.ConsumerCoordinator] (Thread-335) [Consumer clientId=consumer-Consumer-sf0cd952dxbb8cx476fx8020x7b03375bb1f5-28, groupId=Consumer-sf0cd952dxbb8cx476fx8020x7b03375bb1f5] Request joining group due to: consumer pro-actively leaving the group
2025-07-31 15:30:40,844 INFO  [org.apa.kaf.com.met.Metrics] (Thread-335) Metrics scheduler closed
2025-07-31 15:30:40,844 INFO  [org.apa.kaf.com.met.Metrics] (Thread-335) Closing reporter org.apache.kafka.common.metrics.JmxReporter
2025-07-31 15:30:40,844 INFO  [org.apa.kaf.com.met.Metrics] (Thread-335) Closing reporter org.apache.kafka.common.telemetry.internals.ClientTelemetryReporter
2025-07-31 15:30:40,844 INFO  [org.apa.kaf.com.met.Metrics] (Thread-335) Metrics reporters closed
2025-07-31 15:30:40,846 INFO  [org.apa.kaf.com.uti.AppInfoParser] (Thread-335) App info kafka.consumer for consumer-Consumer-sf0cd952dxbb8cx476fx8020x7b03375bb1f5-28 unregistered
2025-07-31 15:30:40,847 INFO  [org.apa.kaf.cli.pro.ProducerConfig] (main) ProducerConfig values: 
	acks = -1
	auto.include.jmx.reporter = true
	batch.size = 16384
	bootstrap.servers = [PLAINTEXT://localhost:32770]
	buffer.memory = 33554432
	client.dns.lookup = use_all_dns_ips
	client.id = Producer-sf0cd952dxbb8cx476fx8020x7b03375bb1f5
	compression.gzip.level = -1
	compression.lz4.level = 9
	compression.type = none
	compression.zstd.level = 3
	connections.max.idle.ms = 10000
	delivery.timeout.ms = 120000
	enable.idempotence = true
	enable.metrics.push = true
	interceptor.classes = []
	key.serializer = class org.apache.kafka.common.serialization.StringSerializer
	linger.ms = 0
	max.block.ms = 60000
	max.in.flight.requests.per.connection = 5
	max.request.size = 1048576
	metadata.max.age.ms = 300000
	metadata.max.idle.ms = 300000
	metadata.recovery.strategy = none
	metric.reporters = []
	metrics.num.samples = 2
	metrics.recording.level = INFO
	metrics.sample.window.ms = 30000
	partitioner.adaptive.partitioning.enable = true
	partitioner.availability.timeout.ms = 0
	partitioner.class = null
	partitioner.ignore.keys = false
	receive.buffer.bytes = 32768
	reconnect.backoff.max.ms = 1000
	reconnect.backoff.ms = 50
	request.timeout.ms = 5000
	retries = 2147483647
	retry.backoff.max.ms = 1000
	retry.backoff.ms = 100
	sasl.client.callback.handler.class = null
	sasl.jaas.config = null
	sasl.kerberos.kinit.cmd = /usr/bin/kinit
	sasl.kerberos.min.time.before.relogin = 60000
	sasl.kerberos.service.name = null
	sasl.kerberos.ticket.renew.jitter = 0.05
	sasl.kerberos.ticket.renew.window.factor = 0.8
	sasl.login.callback.handler.class = null
	sasl.login.class = null
	sasl.login.connect.timeout.ms = null
	sasl.login.read.timeout.ms = null
	sasl.login.refresh.buffer.seconds = 300
	sasl.login.refresh.min.period.seconds = 60
	sasl.login.refresh.window.factor = 0.8
	sasl.login.refresh.window.jitter = 0.05
	sasl.login.retry.backoff.max.ms = 10000
	sasl.login.retry.backoff.ms = 100
	sasl.mechanism = GSSAPI
	sasl.oauthbearer.clock.skew.seconds = 30
	sasl.oauthbearer.expected.audience = null
	sasl.oauthbearer.expected.issuer = null
	sasl.oauthbearer.header.urlencode = false
	sasl.oauthbearer.jwks.endpoint.refresh.ms = 3600000
	sasl.oauthbearer.jwks.endpoint.retry.backoff.max.ms = 10000
	sasl.oauthbearer.jwks.endpoint.retry.backoff.ms = 100
	sasl.oauthbearer.jwks.endpoint.url = null
	sasl.oauthbearer.scope.claim.name = scope
	sasl.oauthbearer.sub.claim.name = sub
	sasl.oauthbearer.token.endpoint.url = null
	security.protocol = PLAINTEXT
	security.providers = null
	send.buffer.bytes = 131072
	socket.connection.setup.timeout.max.ms = 30000
	socket.connection.setup.timeout.ms = 10000
	ssl.cipher.suites = null
	ssl.enabled.protocols = [TLSv1.2, TLSv1.3]
	ssl.endpoint.identification.algorithm = https
	ssl.engine.factory.class = null
	ssl.key.password = null
	ssl.keymanager.algorithm = SunX509
	ssl.keystore.certificate.chain = null
	ssl.keystore.key = null
	ssl.keystore.location = null
	ssl.keystore.password = null
	ssl.keystore.type = JKS
	ssl.protocol = TLSv1.3
	ssl.provider = null
	ssl.secure.random.implementation = null
	ssl.trustmanager.algorithm = PKIX
	ssl.truststore.certificates = null
	ssl.truststore.location = null
	ssl.truststore.password = null
	ssl.truststore.type = JKS
	transaction.timeout.ms = 60000
	transactional.id = null
	value.serializer = class io.apicurio.registry.serde.protobuf.ProtobufKafkaSerializer

2025-07-31 15:30:40,847 INFO  [org.apa.kaf.com.tel.int.KafkaMetricsCollector] (main) initializing Kafka metrics collector
2025-07-31 15:30:40,851 INFO  [org.apa.kaf.cli.pro.KafkaProducer] (main) [Producer clientId=Producer-sf0cd952dxbb8cx476fx8020x7b03375bb1f5] Instantiated an idempotent producer.
2025-07-31 15:30:40,853 INFO  [org.apa.kaf.cli.pro.ProducerConfig] (main) These configurations '[apicurio.registry.url, apicurio.registry.headers.enabled, apicurio.registry.artifact-resolver-strategy, apicurio.registry.artifact.version]' were supplied but are not used yet.
2025-07-31 15:30:40,853 INFO  [org.apa.kaf.com.uti.AppInfoParser] (main) Kafka version: 3.9.0
2025-07-31 15:30:40,853 INFO  [org.apa.kaf.com.uti.AppInfoParser] (main) Kafka commitId: 84caaa6e9da06435
2025-07-31 15:30:40,853 INFO  [org.apa.kaf.com.uti.AppInfoParser] (main) Kafka startTimeMs: 1753975840853
2025-07-31 15:30:40,853 INFO  [io.api.tes.ser.api.SimpleSerdesTesterBuilder$SimpleSerdesTester] (main) Using producer configuration: {apicurio.registry.url=http://registry-app-postgresql.apps.ci419.apicurio-testing.org:80/apis/registry/v3, apicurio.registry.headers.enabled=true, apicurio.registry.artifact-resolver-strategy=io.apicurio.registry.serde.strategy.TopicIdStrategy, value.serializer=io.apicurio.registry.serde.protobuf.ProtobufKafkaSerializer, request.timeout.ms=5000, acks=all, bootstrap.servers=PLAINTEXT://localhost:32770, connections.max.idle.ms=10000, apicurio.registry.artifact.version=2, key.serializer=org.apache.kafka.common.serialization.StringSerializer, client.id=Producer-sf0cd952dxbb8cx476fx8020x7b03375bb1f5}
2025-07-31 15:30:40,853 INFO  [io.api.tes.ser.api.SimpleSerdesTesterBuilder$SimpleSerdesTester] (main) Using consumer configuration: {apicurio.registry.headers.enabled=true}
2025-07-31 15:30:40,855 INFO  [io.api.tes.ser.api.KafkaSerdesTester] (Thread-338) Sending message msb: 1753975840855
lsb: 321
 to topic sf0cd952dxbb8cx476fx8020x7b03375bb1f5
2025-07-31 15:30:40,858 INFO  [org.apa.kaf.cli.Metadata] (kafka-producer-network-thread | Producer-sf0cd952dxbb8cx476fx8020x7b03375bb1f5) [Producer clientId=Producer-sf0cd952dxbb8cx476fx8020x7b03375bb1f5] Cluster ID: BgnDnmd_Rn-oXa8M1ygsew
2025-07-31 15:30:40,860 INFO  [org.apa.kaf.cli.pro.int.TransactionManager] (kafka-producer-network-thread | Producer-sf0cd952dxbb8cx476fx8020x7b03375bb1f5) [Producer clientId=Producer-sf0cd952dxbb8cx476fx8020x7b03375bb1f5] ProducerId set to 39 with epoch 0
2025-07-31 15:30:40,899 INFO  [io.api.tes.ser.api.KafkaSerdesTester] (Thread-338) Sending message msb: 1753975840899
lsb: 321
 to topic sf0cd952dxbb8cx476fx8020x7b03375bb1f5
2025-07-31 15:30:40,901 INFO  [io.api.tes.ser.api.KafkaSerdesTester] (Thread-338) Sending message msb: 1753975840901
lsb: 321
 to topic sf0cd952dxbb8cx476fx8020x7b03375bb1f5
2025-07-31 15:30:40,902 INFO  [io.api.tes.ser.api.KafkaSerdesTester] (Thread-338) Sending message msb: 1753975840902
lsb: 321
 to topic sf0cd952dxbb8cx476fx8020x7b03375bb1f5
2025-07-31 15:30:40,903 INFO  [io.api.tes.ser.api.KafkaSerdesTester] (Thread-338) Sending message msb: 1753975840903
lsb: 321
 to topic sf0cd952dxbb8cx476fx8020x7b03375bb1f5
2025-07-31 15:30:40,904 INFO  [io.api.tes.ser.api.KafkaSerdesTester] (Thread-338) Sending message msb: 1753975840904
lsb: 321
 to topic sf0cd952dxbb8cx476fx8020x7b03375bb1f5
2025-07-31 15:30:40,905 INFO  [io.api.tes.ser.api.KafkaSerdesTester] (Thread-338) Sending message msb: 1753975840905
lsb: 321
 to topic sf0cd952dxbb8cx476fx8020x7b03375bb1f5
2025-07-31 15:30:40,906 INFO  [io.api.tes.ser.api.KafkaSerdesTester] (Thread-338) Sending message msb: 1753975840906
lsb: 321
 to topic sf0cd952dxbb8cx476fx8020x7b03375bb1f5
2025-07-31 15:30:40,907 INFO  [io.api.tes.ser.api.KafkaSerdesTester] (Thread-338) Sending message msb: 1753975840907
lsb: 321
 to topic sf0cd952dxbb8cx476fx8020x7b03375bb1f5
2025-07-31 15:30:40,908 INFO  [io.api.tes.ser.api.KafkaSerdesTester] (Thread-338) Sending message msb: 1753975840908
lsb: 321
 to topic sf0cd952dxbb8cx476fx8020x7b03375bb1f5
2025-07-31 15:30:40,909 INFO  [io.api.tes.ser.api.KafkaSerdesTester] (Thread-338) Produced 10 messages
2025-07-31 15:30:40,909 INFO  [org.apa.kaf.cli.pro.KafkaProducer] (Thread-338) [Producer clientId=Producer-sf0cd952dxbb8cx476fx8020x7b03375bb1f5] Closing the Kafka producer with timeoutMillis = 9223372036854775807 ms.
2025-07-31 15:30:40,910 INFO  [org.apa.kaf.com.met.Metrics] (Thread-338) Metrics scheduler closed
2025-07-31 15:30:40,910 INFO  [org.apa.kaf.com.met.Metrics] (Thread-338) Closing reporter org.apache.kafka.common.metrics.JmxReporter
2025-07-31 15:30:40,910 INFO  [org.apa.kaf.com.met.Metrics] (Thread-338) Closing reporter org.apache.kafka.common.telemetry.internals.ClientTelemetryReporter
2025-07-31 15:30:40,910 INFO  [org.apa.kaf.com.met.Metrics] (Thread-338) Metrics reporters closed
2025-07-31 15:30:40,911 INFO  [org.apa.kaf.com.uti.AppInfoParser] (Thread-338) App info kafka.producer for Producer-sf0cd952dxbb8cx476fx8020x7b03375bb1f5 unregistered
2025-07-31 15:30:40,911 INFO  [org.apa.kaf.cli.con.ConsumerConfig] (main) ConsumerConfig values: 
	allow.auto.create.topics = true
	auto.commit.interval.ms = 500
	auto.include.jmx.reporter = true
	auto.offset.reset = earliest
	bootstrap.servers = [PLAINTEXT://localhost:32770]
	check.crcs = true
	client.dns.lookup = use_all_dns_ips
	client.id = consumer-Consumer-sf0cd952dxbb8cx476fx8020x7b03375bb1f5-29
	client.rack = 
	connections.max.idle.ms = 10000
	default.api.timeout.ms = 60000
	enable.auto.commit = true
	enable.metrics.push = true
	exclude.internal.topics = true
	fetch.max.bytes = 52428800
	fetch.max.wait.ms = 500
	fetch.min.bytes = 1
	group.id = Consumer-sf0cd952dxbb8cx476fx8020x7b03375bb1f5
	group.instance.id = null
	group.protocol = classic
	group.remote.assignor = null
	heartbeat.interval.ms = 3000
	interceptor.classes = []
	internal.leave.group.on.close = true
	internal.throw.on.fetch.stable.offset.unsupported = false
	isolation.level = read_uncommitted
	key.deserializer = class org.apache.kafka.common.serialization.StringDeserializer
	max.partition.fetch.bytes = 1048576
	max.poll.interval.ms = 300000
	max.poll.records = 500
	metadata.max.age.ms = 300000
	metadata.recovery.strategy = none
	metric.reporters = []
	metrics.num.samples = 2
	metrics.recording.level = INFO
	metrics.sample.window.ms = 30000
	partition.assignment.strategy = [class org.apache.kafka.clients.consumer.RangeAssignor, class org.apache.kafka.clients.consumer.CooperativeStickyAssignor]
	receive.buffer.bytes = 65536
	reconnect.backoff.max.ms = 1000
	reconnect.backoff.ms = 50
	request.timeout.ms = 5000
	retry.backoff.max.ms = 1000
	retry.backoff.ms = 100
	sasl.client.callback.handler.class = null
	sasl.jaas.config = null
	sasl.kerberos.kinit.cmd = /usr/bin/kinit
	sasl.kerberos.min.time.before.relogin = 60000
	sasl.kerberos.service.name = null
	sasl.kerberos.ticket.renew.jitter = 0.05
	sasl.kerberos.ticket.renew.window.factor = 0.8
	sasl.login.callback.handler.class = null
	sasl.login.class = null
	sasl.login.connect.timeout.ms = null
	sasl.login.read.timeout.ms = null
	sasl.login.refresh.buffer.seconds = 300
	sasl.login.refresh.min.period.seconds = 60
	sasl.login.refresh.window.factor = 0.8
	sasl.login.refresh.window.jitter = 0.05
	sasl.login.retry.backoff.max.ms = 10000
	sasl.login.retry.backoff.ms = 100
	sasl.mechanism = GSSAPI
	sasl.oauthbearer.clock.skew.seconds = 30
	sasl.oauthbearer.expected.audience = null
	sasl.oauthbearer.expected.issuer = null
	sasl.oauthbearer.header.urlencode = false
	sasl.oauthbearer.jwks.endpoint.refresh.ms = 3600000
	sasl.oauthbearer.jwks.endpoint.retry.backoff.max.ms = 10000
	sasl.oauthbearer.jwks.endpoint.retry.backoff.ms = 100
	sasl.oauthbearer.jwks.endpoint.url = null
	sasl.oauthbearer.scope.claim.name = scope
	sasl.oauthbearer.sub.claim.name = sub
	sasl.oauthbearer.token.endpoint.url = null
	security.protocol = PLAINTEXT
	security.providers = null
	send.buffer.bytes = 131072
	session.timeout.ms = 45000
	socket.connection.setup.timeout.max.ms = 30000
	socket.connection.setup.timeout.ms = 10000
	ssl.cipher.suites = null
	ssl.enabled.protocols = [TLSv1.2, TLSv1.3]
	ssl.endpoint.identification.algorithm = https
	ssl.engine.factory.class = null
	ssl.key.password = null
	ssl.keymanager.algorithm = SunX509
	ssl.keystore.certificate.chain = null
	ssl.keystore.key = null
	ssl.keystore.location = null
	ssl.keystore.password = null
	ssl.keystore.type = JKS
	ssl.protocol = TLSv1.3
	ssl.provider = null
	ssl.secure.random.implementation = null
	ssl.trustmanager.algorithm = PKIX
	ssl.truststore.certificates = null
	ssl.truststore.location = null
	ssl.truststore.password = null
	ssl.truststore.type = JKS
	value.deserializer = class io.apicurio.registry.serde.protobuf.ProtobufKafkaDeserializer

2025-07-31 15:30:40,911 INFO  [org.apa.kaf.com.tel.int.KafkaMetricsCollector] (main) initializing Kafka metrics collector
2025-07-31 15:30:40,916 INFO  [org.apa.kaf.cli.con.ConsumerConfig] (main) These configurations '[apicurio.registry.url, apicurio.registry.headers.enabled]' were supplied but are not used yet.
2025-07-31 15:30:40,916 INFO  [org.apa.kaf.com.uti.AppInfoParser] (main) Kafka version: 3.9.0
2025-07-31 15:30:40,916 INFO  [org.apa.kaf.com.uti.AppInfoParser] (main) Kafka commitId: 84caaa6e9da06435
2025-07-31 15:30:40,916 INFO  [org.apa.kaf.com.uti.AppInfoParser] (main) Kafka startTimeMs: 1753975840916
2025-07-31 15:30:40,916 INFO  [org.apa.kaf.cli.con.int.ClassicKafkaConsumer] (Thread-341) [Consumer clientId=consumer-Consumer-sf0cd952dxbb8cx476fx8020x7b03375bb1f5-29, groupId=Consumer-sf0cd952dxbb8cx476fx8020x7b03375bb1f5] Subscribed to topic(s): sf0cd952dxbb8cx476fx8020x7b03375bb1f5
2025-07-31 15:30:40,920 INFO  [org.apa.kaf.cli.Metadata] (Thread-341) [Consumer clientId=consumer-Consumer-sf0cd952dxbb8cx476fx8020x7b03375bb1f5-29, groupId=Consumer-sf0cd952dxbb8cx476fx8020x7b03375bb1f5] Cluster ID: BgnDnmd_Rn-oXa8M1ygsew
2025-07-31 15:30:40,920 INFO  [org.apa.kaf.cli.con.int.ConsumerCoordinator] (Thread-341) [Consumer clientId=consumer-Consumer-sf0cd952dxbb8cx476fx8020x7b03375bb1f5-29, groupId=Consumer-sf0cd952dxbb8cx476fx8020x7b03375bb1f5] Discovered group coordinator localhost:32770 (id: 2147483647 rack: null)
2025-07-31 15:30:40,921 INFO  [org.apa.kaf.cli.con.int.ConsumerCoordinator] (Thread-341) [Consumer clientId=consumer-Consumer-sf0cd952dxbb8cx476fx8020x7b03375bb1f5-29, groupId=Consumer-sf0cd952dxbb8cx476fx8020x7b03375bb1f5] (Re-)joining group
2025-07-31 15:30:40,922 INFO  [org.apa.kaf.cli.con.int.ConsumerCoordinator] (Thread-341) [Consumer clientId=consumer-Consumer-sf0cd952dxbb8cx476fx8020x7b03375bb1f5-29, groupId=Consumer-sf0cd952dxbb8cx476fx8020x7b03375bb1f5] Request joining group due to: need to re-join with the given member-id: consumer-Consumer-sf0cd952dxbb8cx476fx8020x7b03375bb1f5-29-f65c7695-07f1-49f6-b8c9-a056504d8090
2025-07-31 15:30:40,922 INFO  [org.apa.kaf.cli.con.int.ConsumerCoordinator] (Thread-341) [Consumer clientId=consumer-Consumer-sf0cd952dxbb8cx476fx8020x7b03375bb1f5-29, groupId=Consumer-sf0cd952dxbb8cx476fx8020x7b03375bb1f5] (Re-)joining group
2025-07-31 15:30:40,924 INFO  [org.apa.kaf.cli.con.int.ConsumerCoordinator] (Thread-341) [Consumer clientId=consumer-Consumer-sf0cd952dxbb8cx476fx8020x7b03375bb1f5-29, groupId=Consumer-sf0cd952dxbb8cx476fx8020x7b03375bb1f5] Successfully joined group with generation Generation{generationId=9, memberId='consumer-Consumer-sf0cd952dxbb8cx476fx8020x7b03375bb1f5-29-f65c7695-07f1-49f6-b8c9-a056504d8090', protocol='range'}
2025-07-31 15:30:40,924 INFO  [org.apa.kaf.cli.con.int.ConsumerCoordinator] (Thread-341) [Consumer clientId=consumer-Consumer-sf0cd952dxbb8cx476fx8020x7b03375bb1f5-29, groupId=Consumer-sf0cd952dxbb8cx476fx8020x7b03375bb1f5] Finished assignment for group at generation 9: {consumer-Consumer-sf0cd952dxbb8cx476fx8020x7b03375bb1f5-29-f65c7695-07f1-49f6-b8c9-a056504d8090=Assignment(partitions=[sf0cd952dxbb8cx476fx8020x7b03375bb1f5-0])}
2025-07-31 15:30:40,925 INFO  [org.apa.kaf.cli.con.int.ConsumerCoordinator] (Thread-341) [Consumer clientId=consumer-Consumer-sf0cd952dxbb8cx476fx8020x7b03375bb1f5-29, groupId=Consumer-sf0cd952dxbb8cx476fx8020x7b03375bb1f5] Successfully synced group in generation Generation{generationId=9, memberId='consumer-Consumer-sf0cd952dxbb8cx476fx8020x7b03375bb1f5-29-f65c7695-07f1-49f6-b8c9-a056504d8090', protocol='range'}
2025-07-31 15:30:40,926 INFO  [org.apa.kaf.cli.con.int.ConsumerCoordinator] (Thread-341) [Consumer clientId=consumer-Consumer-sf0cd952dxbb8cx476fx8020x7b03375bb1f5-29, groupId=Consumer-sf0cd952dxbb8cx476fx8020x7b03375bb1f5] Notifying assignor about the new Assignment(partitions=[sf0cd952dxbb8cx476fx8020x7b03375bb1f5-0])
2025-07-31 15:30:40,926 INFO  [org.apa.kaf.cli.con.int.ConsumerRebalanceListenerInvoker] (Thread-341) [Consumer clientId=consumer-Consumer-sf0cd952dxbb8cx476fx8020x7b03375bb1f5-29, groupId=Consumer-sf0cd952dxbb8cx476fx8020x7b03375bb1f5] Adding newly assigned partitions: sf0cd952dxbb8cx476fx8020x7b03375bb1f5-0
2025-07-31 15:30:40,926 INFO  [org.apa.kaf.cli.con.int.ConsumerUtils] (Thread-341) Setting offset for partition sf0cd952dxbb8cx476fx8020x7b03375bb1f5-0 to the committed offset FetchPosition{offset=40, offsetEpoch=Optional[0], currentLeader=LeaderAndEpoch{leader=Optional[localhost:32770 (id: 0 rack: null)], epoch=0}}
2025-07-31 15:30:40,957 INFO  [io.api.tes.ser.api.KafkaSerdesTester] (Thread-341) sf0cd952dxbb8cx476fx8020x7b03375bb1f5 0 40 msb: 1753975840855
lsb: 321

2025-07-31 15:30:40,957 INFO  [io.api.tes.ser.api.KafkaSerdesTester] (Thread-341) sf0cd952dxbb8cx476fx8020x7b03375bb1f5 0 41 msb: 1753975840899
lsb: 321

2025-07-31 15:30:40,957 INFO  [io.api.tes.ser.api.KafkaSerdesTester] (Thread-341) sf0cd952dxbb8cx476fx8020x7b03375bb1f5 0 42 msb: 1753975840901
lsb: 321

2025-07-31 15:30:40,957 INFO  [io.api.tes.ser.api.KafkaSerdesTester] (Thread-341) sf0cd952dxbb8cx476fx8020x7b03375bb1f5 0 43 msb: 1753975840902
lsb: 321

2025-07-31 15:30:40,957 INFO  [io.api.tes.ser.api.KafkaSerdesTester] (Thread-341) sf0cd952dxbb8cx476fx8020x7b03375bb1f5 0 44 msb: 1753975840903
lsb: 321

2025-07-31 15:30:40,958 INFO  [io.api.tes.ser.api.KafkaSerdesTester] (Thread-341) sf0cd952dxbb8cx476fx8020x7b03375bb1f5 0 45 msb: 1753975840904
lsb: 321

2025-07-31 15:30:40,958 INFO  [io.api.tes.ser.api.KafkaSerdesTester] (Thread-341) sf0cd952dxbb8cx476fx8020x7b03375bb1f5 0 46 msb: 1753975840905
lsb: 321

2025-07-31 15:30:40,958 INFO  [io.api.tes.ser.api.KafkaSerdesTester] (Thread-341) sf0cd952dxbb8cx476fx8020x7b03375bb1f5 0 47 msb: 1753975840906
lsb: 321

2025-07-31 15:30:40,958 INFO  [io.api.tes.ser.api.KafkaSerdesTester] (Thread-341) sf0cd952dxbb8cx476fx8020x7b03375bb1f5 0 48 msb: 1753975840907
lsb: 321

2025-07-31 15:30:40,958 INFO  [io.api.tes.ser.api.KafkaSerdesTester] (Thread-341) sf0cd952dxbb8cx476fx8020x7b03375bb1f5 0 49 msb: 1753975840908
lsb: 321

2025-07-31 15:30:40,958 INFO  [io.api.tes.ser.api.KafkaSerdesTester] (Thread-341) Consumed 10 messages
2025-07-31 15:30:40,962 INFO  [org.apa.kaf.cli.con.int.ConsumerRebalanceListenerInvoker] (Thread-341) [Consumer clientId=consumer-Consumer-sf0cd952dxbb8cx476fx8020x7b03375bb1f5-29, groupId=Consumer-sf0cd952dxbb8cx476fx8020x7b03375bb1f5] Revoke previously assigned partitions sf0cd952dxbb8cx476fx8020x7b03375bb1f5-0
2025-07-31 15:30:40,962 INFO  [org.apa.kaf.cli.con.int.ConsumerCoordinator] (Thread-341) [Consumer clientId=consumer-Consumer-sf0cd952dxbb8cx476fx8020x7b03375bb1f5-29, groupId=Consumer-sf0cd952dxbb8cx476fx8020x7b03375bb1f5] Member consumer-Consumer-sf0cd952dxbb8cx476fx8020x7b03375bb1f5-29-f65c7695-07f1-49f6-b8c9-a056504d8090 sending LeaveGroup request to coordinator localhost:32770 (id: 2147483647 rack: null) due to the consumer is being closed
2025-07-31 15:30:40,962 INFO  [org.apa.kaf.cli.con.int.ConsumerCoordinator] (Thread-341) [Consumer clientId=consumer-Consumer-sf0cd952dxbb8cx476fx8020x7b03375bb1f5-29, groupId=Consumer-sf0cd952dxbb8cx476fx8020x7b03375bb1f5] Resetting generation and member id due to: consumer pro-actively leaving the group
2025-07-31 15:30:40,962 INFO  [org.apa.kaf.cli.con.int.ConsumerCoordinator] (Thread-341) [Consumer clientId=consumer-Consumer-sf0cd952dxbb8cx476fx8020x7b03375bb1f5-29, groupId=Consumer-sf0cd952dxbb8cx476fx8020x7b03375bb1f5] Request joining group due to: consumer pro-actively leaving the group
2025-07-31 15:30:41,462 INFO  [org.apa.kaf.com.met.Metrics] (Thread-341) Metrics scheduler closed
2025-07-31 15:30:41,462 INFO  [org.apa.kaf.com.met.Metrics] (Thread-341) Closing reporter org.apache.kafka.common.metrics.JmxReporter
2025-07-31 15:30:41,462 INFO  [org.apa.kaf.com.met.Metrics] (Thread-341) Closing reporter org.apache.kafka.common.telemetry.internals.ClientTelemetryReporter
2025-07-31 15:30:41,462 INFO  [org.apa.kaf.com.met.Metrics] (Thread-341) Metrics reporters closed
2025-07-31 15:30:41,464 INFO  [org.apa.kaf.com.uti.AppInfoParser] (Thread-341) App info kafka.consumer for consumer-Consumer-sf0cd952dxbb8cx476fx8020x7b03375bb1f5-29 unregistered
2025-07-31 15:30:41,464 INFO  [io.api.tes.uti.TestSeparator] (main) io.apicurio.tests.serdes.apicurio.ProtobufSerdeIT.testValidation-FINISHED
2025-07-31 15:30:41,465 INFO  [io.api.tes.uti.TestSeparator] (main) ############################################################################
]]></system-out>
  </testcase>
  <testcase name="testArtifactNotFound" classname="io.apicurio.tests.serdes.apicurio.ProtobufSerdeIT" time="0.005">
    <system-out><![CDATA[2025-07-31 15:30:41,466 INFO  [io.api.tes.uti.TestSeparator] (main) ############################################################################
2025-07-31 15:30:41,466 INFO  [io.api.tes.uti.TestSeparator] (main) io.apicurio.tests.serdes.apicurio.ProtobufSerdeIT.testArtifactNotFound-STARTED
2025-07-31 15:30:41,470 INFO  [io.api.tes.uti.TestSeparator] (main) io.apicurio.tests.serdes.apicurio.ProtobufSerdeIT.testArtifactNotFound-FINISHED
2025-07-31 15:30:41,470 INFO  [io.api.tes.uti.TestSeparator] (main) ############################################################################
]]></system-out>
  </testcase>
  <testcase name="testTopicIdStrategyFindLatest" classname="io.apicurio.tests.serdes.apicurio.ProtobufSerdeIT" time="1.056">
    <system-out><![CDATA[2025-07-31 15:30:41,473 INFO  [io.api.tes.uti.TestSeparator] (main) ############################################################################
2025-07-31 15:30:41,474 INFO  [io.api.tes.uti.TestSeparator] (main) io.apicurio.tests.serdes.apicurio.ProtobufSerdeIT.testTopicIdStrategyFindLatest-STARTED
2025-07-31 15:30:42,528 INFO  [io.api.tes.uti.TestSeparator] (main) io.apicurio.tests.serdes.apicurio.ProtobufSerdeIT.testTopicIdStrategyFindLatest-FINISHED
2025-07-31 15:30:42,528 INFO  [io.api.tes.uti.TestSeparator] (main) ############################################################################
]]></system-out>
  </testcase>
  <testcase name="testWrongSchemaFindLatest" classname="io.apicurio.tests.serdes.apicurio.ProtobufSerdeIT" time="1.044">
    <system-out><![CDATA[2025-07-31 15:30:42,530 INFO  [io.api.tes.uti.TestSeparator] (main) ############################################################################
2025-07-31 15:30:42,530 INFO  [io.api.tes.uti.TestSeparator] (main) io.apicurio.tests.serdes.apicurio.ProtobufSerdeIT.testWrongSchemaFindLatest-STARTED
2025-07-31 15:30:43,573 INFO  [io.api.tes.uti.TestSeparator] (main) io.apicurio.tests.serdes.apicurio.ProtobufSerdeIT.testWrongSchemaFindLatest-FINISHED
2025-07-31 15:30:43,573 INFO  [io.api.tes.uti.TestSeparator] (main) ############################################################################
]]></system-out>
  </testcase>
  <testcase name="testAutoRegisterDeriveClassProtobufType" classname="io.apicurio.tests.serdes.apicurio.ProtobufSerdeIT" time="0.872">
    <system-out><![CDATA[2025-07-31 15:30:43,574 INFO  [io.api.tes.uti.TestSeparator] (main) ############################################################################
2025-07-31 15:30:43,574 INFO  [io.api.tes.uti.TestSeparator] (main) io.apicurio.tests.serdes.apicurio.ProtobufSerdeIT.testAutoRegisterDeriveClassProtobufType-STARTED
2025-07-31 15:30:43,575 INFO  [org.apa.kaf.cli.pro.ProducerConfig] (main) ProducerConfig values: 
	acks = -1
	auto.include.jmx.reporter = true
	batch.size = 16384
	bootstrap.servers = [PLAINTEXT://localhost:32770]
	buffer.memory = 33554432
	client.dns.lookup = use_all_dns_ips
	client.id = Producer-topic-4e1902af_4ee1_41c9_8c6e_ed9bcd968ef4
	compression.gzip.level = -1
	compression.lz4.level = 9
	compression.type = none
	compression.zstd.level = 3
	connections.max.idle.ms = 10000
	delivery.timeout.ms = 120000
	enable.idempotence = true
	enable.metrics.push = true
	interceptor.classes = []
	key.serializer = class org.apache.kafka.common.serialization.StringSerializer
	linger.ms = 0
	max.block.ms = 60000
	max.in.flight.requests.per.connection = 5
	max.request.size = 1048576
	metadata.max.age.ms = 300000
	metadata.max.idle.ms = 300000
	metadata.recovery.strategy = none
	metric.reporters = []
	metrics.num.samples = 2
	metrics.recording.level = INFO
	metrics.sample.window.ms = 30000
	partitioner.adaptive.partitioning.enable = true
	partitioner.availability.timeout.ms = 0
	partitioner.class = null
	partitioner.ignore.keys = false
	receive.buffer.bytes = 32768
	reconnect.backoff.max.ms = 1000
	reconnect.backoff.ms = 50
	request.timeout.ms = 5000
	retries = 2147483647
	retry.backoff.max.ms = 1000
	retry.backoff.ms = 100
	sasl.client.callback.handler.class = null
	sasl.jaas.config = null
	sasl.kerberos.kinit.cmd = /usr/bin/kinit
	sasl.kerberos.min.time.before.relogin = 60000
	sasl.kerberos.service.name = null
	sasl.kerberos.ticket.renew.jitter = 0.05
	sasl.kerberos.ticket.renew.window.factor = 0.8
	sasl.login.callback.handler.class = null
	sasl.login.class = null
	sasl.login.connect.timeout.ms = null
	sasl.login.read.timeout.ms = null
	sasl.login.refresh.buffer.seconds = 300
	sasl.login.refresh.min.period.seconds = 60
	sasl.login.refresh.window.factor = 0.8
	sasl.login.refresh.window.jitter = 0.05
	sasl.login.retry.backoff.max.ms = 10000
	sasl.login.retry.backoff.ms = 100
	sasl.mechanism = GSSAPI
	sasl.oauthbearer.clock.skew.seconds = 30
	sasl.oauthbearer.expected.audience = null
	sasl.oauthbearer.expected.issuer = null
	sasl.oauthbearer.header.urlencode = false
	sasl.oauthbearer.jwks.endpoint.refresh.ms = 3600000
	sasl.oauthbearer.jwks.endpoint.retry.backoff.max.ms = 10000
	sasl.oauthbearer.jwks.endpoint.retry.backoff.ms = 100
	sasl.oauthbearer.jwks.endpoint.url = null
	sasl.oauthbearer.scope.claim.name = scope
	sasl.oauthbearer.sub.claim.name = sub
	sasl.oauthbearer.token.endpoint.url = null
	security.protocol = PLAINTEXT
	security.providers = null
	send.buffer.bytes = 131072
	socket.connection.setup.timeout.max.ms = 30000
	socket.connection.setup.timeout.ms = 10000
	ssl.cipher.suites = null
	ssl.enabled.protocols = [TLSv1.2, TLSv1.3]
	ssl.endpoint.identification.algorithm = https
	ssl.engine.factory.class = null
	ssl.key.password = null
	ssl.keymanager.algorithm = SunX509
	ssl.keystore.certificate.chain = null
	ssl.keystore.key = null
	ssl.keystore.location = null
	ssl.keystore.password = null
	ssl.keystore.type = JKS
	ssl.protocol = TLSv1.3
	ssl.provider = null
	ssl.secure.random.implementation = null
	ssl.trustmanager.algorithm = PKIX
	ssl.truststore.certificates = null
	ssl.truststore.location = null
	ssl.truststore.password = null
	ssl.truststore.type = JKS
	transaction.timeout.ms = 60000
	transactional.id = null
	value.serializer = class io.apicurio.registry.serde.protobuf.ProtobufKafkaSerializer

2025-07-31 15:30:43,575 INFO  [org.apa.kaf.com.tel.int.KafkaMetricsCollector] (main) initializing Kafka metrics collector
2025-07-31 15:30:43,579 INFO  [org.apa.kaf.cli.pro.KafkaProducer] (main) [Producer clientId=Producer-topic-4e1902af_4ee1_41c9_8c6e_ed9bcd968ef4] Instantiated an idempotent producer.
2025-07-31 15:30:43,581 INFO  [org.apa.kaf.cli.pro.ProducerConfig] (main) These configurations '[apicurio.registry.url, apicurio.registry.auto-register, apicurio.registry.artifact-resolver-strategy]' were supplied but are not used yet.
2025-07-31 15:30:43,581 INFO  [org.apa.kaf.com.uti.AppInfoParser] (main) Kafka version: 3.9.0
2025-07-31 15:30:43,581 INFO  [org.apa.kaf.com.uti.AppInfoParser] (main) Kafka commitId: 84caaa6e9da06435
2025-07-31 15:30:43,581 INFO  [org.apa.kaf.com.uti.AppInfoParser] (main) Kafka startTimeMs: 1753975843581
2025-07-31 15:30:43,581 INFO  [io.api.tes.ser.api.SimpleSerdesTesterBuilder$SimpleSerdesTester] (main) Using producer configuration: {apicurio.registry.url=http://registry-app-postgresql.apps.ci419.apicurio-testing.org:80/apis/registry/v3, apicurio.registry.auto-register=true, apicurio.registry.artifact-resolver-strategy=io.apicurio.registry.serde.strategy.TopicIdStrategy, value.serializer=io.apicurio.registry.serde.protobuf.ProtobufKafkaSerializer, request.timeout.ms=5000, acks=all, bootstrap.servers=PLAINTEXT://localhost:32770, connections.max.idle.ms=10000, key.serializer=org.apache.kafka.common.serialization.StringSerializer, client.id=Producer-topic-4e1902af_4ee1_41c9_8c6e_ed9bcd968ef4}
2025-07-31 15:30:43,581 INFO  [io.api.tes.ser.api.SimpleSerdesTesterBuilder$SimpleSerdesTester] (main) Using consumer configuration: {apicurio.protobuf.derive.class=true}
2025-07-31 15:30:43,583 INFO  [io.api.tes.ser.api.KafkaSerdesTester] (Thread-344) Sending message header {
  time {
  }
}
d1: 1.753975843583E12
s1: "a"
i1: 123
bi1: 1
point {
  longitude: 22.0
  latitude: 22.0
  altitude: 1.0
}
 to topic topic-4e1902af_4ee1_41c9_8c6e_ed9bcd968ef4
2025-07-31 15:30:43,596 WARN  [org.apa.kaf.cli.NetworkClient] (kafka-producer-network-thread | Producer-topic-4e1902af_4ee1_41c9_8c6e_ed9bcd968ef4) [Producer clientId=Producer-topic-4e1902af_4ee1_41c9_8c6e_ed9bcd968ef4] The metadata response from the cluster reported a recoverable issue with correlation id 2 : {topic-4e1902af_4ee1_41c9_8c6e_ed9bcd968ef4=LEADER_NOT_AVAILABLE}
2025-07-31 15:30:43,596 INFO  [org.apa.kaf.cli.Metadata] (kafka-producer-network-thread | Producer-topic-4e1902af_4ee1_41c9_8c6e_ed9bcd968ef4) [Producer clientId=Producer-topic-4e1902af_4ee1_41c9_8c6e_ed9bcd968ef4] Cluster ID: BgnDnmd_Rn-oXa8M1ygsew
2025-07-31 15:30:43,596 INFO  [org.apa.kaf.cli.pro.int.TransactionManager] (kafka-producer-network-thread | Producer-topic-4e1902af_4ee1_41c9_8c6e_ed9bcd968ef4) [Producer clientId=Producer-topic-4e1902af_4ee1_41c9_8c6e_ed9bcd968ef4] ProducerId set to 40 with epoch 0
2025-07-31 15:30:43,792 INFO  [io.api.tes.ser.api.KafkaSerdesTester] (Thread-344) Sending message header {
  time {
  }
}
d1: 1.753975843792E12
s1: "a"
i1: 123
bi1: 1
point {
  longitude: 22.0
  latitude: 22.0
  altitude: 1.0
}
 to topic topic-4e1902af_4ee1_41c9_8c6e_ed9bcd968ef4
2025-07-31 15:30:43,793 INFO  [io.api.tes.ser.api.KafkaSerdesTester] (Thread-344) Sending message header {
  time {
  }
}
d1: 1.753975843793E12
s1: "a"
i1: 123
bi1: 1
point {
  longitude: 22.0
  latitude: 22.0
  altitude: 1.0
}
 to topic topic-4e1902af_4ee1_41c9_8c6e_ed9bcd968ef4
2025-07-31 15:30:43,796 INFO  [io.api.tes.ser.api.KafkaSerdesTester] (Thread-344) Sending message header {
  time {
  }
}
d1: 1.753975843796E12
s1: "a"
i1: 123
bi1: 1
point {
  longitude: 22.0
  latitude: 22.0
  altitude: 1.0
}
 to topic topic-4e1902af_4ee1_41c9_8c6e_ed9bcd968ef4
2025-07-31 15:30:43,797 INFO  [io.api.tes.ser.api.KafkaSerdesTester] (Thread-344) Sending message header {
  time {
  }
}
d1: 1.753975843797E12
s1: "a"
i1: 123
bi1: 1
point {
  longitude: 22.0
  latitude: 22.0
  altitude: 1.0
}
 to topic topic-4e1902af_4ee1_41c9_8c6e_ed9bcd968ef4
2025-07-31 15:30:43,800 INFO  [io.api.tes.ser.api.KafkaSerdesTester] (Thread-344) Sending message header {
  time {
  }
}
d1: 1.7539758438E12
s1: "a"
i1: 123
bi1: 1
point {
  longitude: 22.0
  latitude: 22.0
  altitude: 1.0
}
 to topic topic-4e1902af_4ee1_41c9_8c6e_ed9bcd968ef4
2025-07-31 15:30:43,802 INFO  [io.api.tes.ser.api.KafkaSerdesTester] (Thread-344) Sending message header {
  time {
  }
}
d1: 1.753975843802E12
s1: "a"
i1: 123
bi1: 1
point {
  longitude: 22.0
  latitude: 22.0
  altitude: 1.0
}
 to topic topic-4e1902af_4ee1_41c9_8c6e_ed9bcd968ef4
2025-07-31 15:30:43,805 INFO  [io.api.tes.ser.api.KafkaSerdesTester] (Thread-344) Sending message header {
  time {
  }
}
d1: 1.753975843804E12
s1: "a"
i1: 123
bi1: 1
point {
  longitude: 22.0
  latitude: 22.0
  altitude: 1.0
}
 to topic topic-4e1902af_4ee1_41c9_8c6e_ed9bcd968ef4
2025-07-31 15:30:43,807 INFO  [io.api.tes.ser.api.KafkaSerdesTester] (Thread-344) Sending message header {
  time {
  }
}
d1: 1.753975843807E12
s1: "a"
i1: 123
bi1: 1
point {
  longitude: 22.0
  latitude: 22.0
  altitude: 1.0
}
 to topic topic-4e1902af_4ee1_41c9_8c6e_ed9bcd968ef4
2025-07-31 15:30:43,809 INFO  [io.api.tes.ser.api.KafkaSerdesTester] (Thread-344) Sending message header {
  time {
  }
}
d1: 1.753975843809E12
s1: "a"
i1: 123
bi1: 1
point {
  longitude: 22.0
  latitude: 22.0
  altitude: 1.0
}
 to topic topic-4e1902af_4ee1_41c9_8c6e_ed9bcd968ef4
2025-07-31 15:30:43,811 INFO  [io.api.tes.ser.api.KafkaSerdesTester] (Thread-344) Produced 10 messages
2025-07-31 15:30:43,811 INFO  [org.apa.kaf.cli.pro.KafkaProducer] (Thread-344) [Producer clientId=Producer-topic-4e1902af_4ee1_41c9_8c6e_ed9bcd968ef4] Closing the Kafka producer with timeoutMillis = 9223372036854775807 ms.
2025-07-31 15:30:43,815 INFO  [org.apa.kaf.com.met.Metrics] (Thread-344) Metrics scheduler closed
2025-07-31 15:30:43,815 INFO  [org.apa.kaf.com.met.Metrics] (Thread-344) Closing reporter org.apache.kafka.common.metrics.JmxReporter
2025-07-31 15:30:43,815 INFO  [org.apa.kaf.com.met.Metrics] (Thread-344) Closing reporter org.apache.kafka.common.telemetry.internals.ClientTelemetryReporter
2025-07-31 15:30:43,815 INFO  [org.apa.kaf.com.met.Metrics] (Thread-344) Metrics reporters closed
2025-07-31 15:30:43,815 INFO  [org.apa.kaf.com.uti.AppInfoParser] (Thread-344) App info kafka.producer for Producer-topic-4e1902af_4ee1_41c9_8c6e_ed9bcd968ef4 unregistered
2025-07-31 15:30:43,842 INFO  [org.apa.kaf.cli.con.ConsumerConfig] (main) ConsumerConfig values: 
	allow.auto.create.topics = true
	auto.commit.interval.ms = 500
	auto.include.jmx.reporter = true
	auto.offset.reset = earliest
	bootstrap.servers = [PLAINTEXT://localhost:32770]
	check.crcs = true
	client.dns.lookup = use_all_dns_ips
	client.id = consumer-Consumer-topic-4e1902af_4ee1_41c9_8c6e_ed9bcd968ef4-30
	client.rack = 
	connections.max.idle.ms = 10000
	default.api.timeout.ms = 60000
	enable.auto.commit = true
	enable.metrics.push = true
	exclude.internal.topics = true
	fetch.max.bytes = 52428800
	fetch.max.wait.ms = 500
	fetch.min.bytes = 1
	group.id = Consumer-topic-4e1902af_4ee1_41c9_8c6e_ed9bcd968ef4
	group.instance.id = null
	group.protocol = classic
	group.remote.assignor = null
	heartbeat.interval.ms = 3000
	interceptor.classes = []
	internal.leave.group.on.close = true
	internal.throw.on.fetch.stable.offset.unsupported = false
	isolation.level = read_uncommitted
	key.deserializer = class org.apache.kafka.common.serialization.StringDeserializer
	max.partition.fetch.bytes = 1048576
	max.poll.interval.ms = 300000
	max.poll.records = 500
	metadata.max.age.ms = 300000
	metadata.recovery.strategy = none
	metric.reporters = []
	metrics.num.samples = 2
	metrics.recording.level = INFO
	metrics.sample.window.ms = 30000
	partition.assignment.strategy = [class org.apache.kafka.clients.consumer.RangeAssignor, class org.apache.kafka.clients.consumer.CooperativeStickyAssignor]
	receive.buffer.bytes = 65536
	reconnect.backoff.max.ms = 1000
	reconnect.backoff.ms = 50
	request.timeout.ms = 5000
	retry.backoff.max.ms = 1000
	retry.backoff.ms = 100
	sasl.client.callback.handler.class = null
	sasl.jaas.config = null
	sasl.kerberos.kinit.cmd = /usr/bin/kinit
	sasl.kerberos.min.time.before.relogin = 60000
	sasl.kerberos.service.name = null
	sasl.kerberos.ticket.renew.jitter = 0.05
	sasl.kerberos.ticket.renew.window.factor = 0.8
	sasl.login.callback.handler.class = null
	sasl.login.class = null
	sasl.login.connect.timeout.ms = null
	sasl.login.read.timeout.ms = null
	sasl.login.refresh.buffer.seconds = 300
	sasl.login.refresh.min.period.seconds = 60
	sasl.login.refresh.window.factor = 0.8
	sasl.login.refresh.window.jitter = 0.05
	sasl.login.retry.backoff.max.ms = 10000
	sasl.login.retry.backoff.ms = 100
	sasl.mechanism = GSSAPI
	sasl.oauthbearer.clock.skew.seconds = 30
	sasl.oauthbearer.expected.audience = null
	sasl.oauthbearer.expected.issuer = null
	sasl.oauthbearer.header.urlencode = false
	sasl.oauthbearer.jwks.endpoint.refresh.ms = 3600000
	sasl.oauthbearer.jwks.endpoint.retry.backoff.max.ms = 10000
	sasl.oauthbearer.jwks.endpoint.retry.backoff.ms = 100
	sasl.oauthbearer.jwks.endpoint.url = null
	sasl.oauthbearer.scope.claim.name = scope
	sasl.oauthbearer.sub.claim.name = sub
	sasl.oauthbearer.token.endpoint.url = null
	security.protocol = PLAINTEXT
	security.providers = null
	send.buffer.bytes = 131072
	session.timeout.ms = 45000
	socket.connection.setup.timeout.max.ms = 30000
	socket.connection.setup.timeout.ms = 10000
	ssl.cipher.suites = null
	ssl.enabled.protocols = [TLSv1.2, TLSv1.3]
	ssl.endpoint.identification.algorithm = https
	ssl.engine.factory.class = null
	ssl.key.password = null
	ssl.keymanager.algorithm = SunX509
	ssl.keystore.certificate.chain = null
	ssl.keystore.key = null
	ssl.keystore.location = null
	ssl.keystore.password = null
	ssl.keystore.type = JKS
	ssl.protocol = TLSv1.3
	ssl.provider = null
	ssl.secure.random.implementation = null
	ssl.trustmanager.algorithm = PKIX
	ssl.truststore.certificates = null
	ssl.truststore.location = null
	ssl.truststore.password = null
	ssl.truststore.type = JKS
	value.deserializer = class io.apicurio.registry.serde.protobuf.ProtobufKafkaDeserializer

2025-07-31 15:30:43,842 INFO  [org.apa.kaf.com.tel.int.KafkaMetricsCollector] (main) initializing Kafka metrics collector
2025-07-31 15:30:43,848 INFO  [org.apa.kaf.cli.con.ConsumerConfig] (main) These configurations '[apicurio.registry.url, apicurio.protobuf.derive.class]' were supplied but are not used yet.
2025-07-31 15:30:43,848 INFO  [org.apa.kaf.com.uti.AppInfoParser] (main) Kafka version: 3.9.0
2025-07-31 15:30:43,848 INFO  [org.apa.kaf.com.uti.AppInfoParser] (main) Kafka commitId: 84caaa6e9da06435
2025-07-31 15:30:43,848 INFO  [org.apa.kaf.com.uti.AppInfoParser] (main) Kafka startTimeMs: 1753975843848
2025-07-31 15:30:43,849 INFO  [org.apa.kaf.cli.con.int.ClassicKafkaConsumer] (Thread-347) [Consumer clientId=consumer-Consumer-topic-4e1902af_4ee1_41c9_8c6e_ed9bcd968ef4-30, groupId=Consumer-topic-4e1902af_4ee1_41c9_8c6e_ed9bcd968ef4] Subscribed to topic(s): topic-4e1902af_4ee1_41c9_8c6e_ed9bcd968ef4
2025-07-31 15:30:43,853 INFO  [org.apa.kaf.cli.Metadata] (Thread-347) [Consumer clientId=consumer-Consumer-topic-4e1902af_4ee1_41c9_8c6e_ed9bcd968ef4-30, groupId=Consumer-topic-4e1902af_4ee1_41c9_8c6e_ed9bcd968ef4] Cluster ID: BgnDnmd_Rn-oXa8M1ygsew
2025-07-31 15:30:43,853 INFO  [org.apa.kaf.cli.con.int.ConsumerCoordinator] (Thread-347) [Consumer clientId=consumer-Consumer-topic-4e1902af_4ee1_41c9_8c6e_ed9bcd968ef4-30, groupId=Consumer-topic-4e1902af_4ee1_41c9_8c6e_ed9bcd968ef4] Discovered group coordinator localhost:32770 (id: 2147483647 rack: null)
2025-07-31 15:30:43,854 INFO  [org.apa.kaf.cli.con.int.ConsumerCoordinator] (Thread-347) [Consumer clientId=consumer-Consumer-topic-4e1902af_4ee1_41c9_8c6e_ed9bcd968ef4-30, groupId=Consumer-topic-4e1902af_4ee1_41c9_8c6e_ed9bcd968ef4] (Re-)joining group
2025-07-31 15:30:43,857 INFO  [org.apa.kaf.cli.con.int.ConsumerCoordinator] (Thread-347) [Consumer clientId=consumer-Consumer-topic-4e1902af_4ee1_41c9_8c6e_ed9bcd968ef4-30, groupId=Consumer-topic-4e1902af_4ee1_41c9_8c6e_ed9bcd968ef4] Request joining group due to: need to re-join with the given member-id: consumer-Consumer-topic-4e1902af_4ee1_41c9_8c6e_ed9bcd968ef4-30-30131dce-a2f8-400a-b5cd-96a7c00c1ddd
2025-07-31 15:30:43,857 INFO  [org.apa.kaf.cli.con.int.ConsumerCoordinator] (Thread-347) [Consumer clientId=consumer-Consumer-topic-4e1902af_4ee1_41c9_8c6e_ed9bcd968ef4-30, groupId=Consumer-topic-4e1902af_4ee1_41c9_8c6e_ed9bcd968ef4] (Re-)joining group
2025-07-31 15:30:43,859 INFO  [org.apa.kaf.cli.con.int.ConsumerCoordinator] (Thread-347) [Consumer clientId=consumer-Consumer-topic-4e1902af_4ee1_41c9_8c6e_ed9bcd968ef4-30, groupId=Consumer-topic-4e1902af_4ee1_41c9_8c6e_ed9bcd968ef4] Successfully joined group with generation Generation{generationId=1, memberId='consumer-Consumer-topic-4e1902af_4ee1_41c9_8c6e_ed9bcd968ef4-30-30131dce-a2f8-400a-b5cd-96a7c00c1ddd', protocol='range'}
2025-07-31 15:30:43,860 INFO  [org.apa.kaf.cli.con.int.ConsumerCoordinator] (Thread-347) [Consumer clientId=consumer-Consumer-topic-4e1902af_4ee1_41c9_8c6e_ed9bcd968ef4-30, groupId=Consumer-topic-4e1902af_4ee1_41c9_8c6e_ed9bcd968ef4] Finished assignment for group at generation 1: {consumer-Consumer-topic-4e1902af_4ee1_41c9_8c6e_ed9bcd968ef4-30-30131dce-a2f8-400a-b5cd-96a7c00c1ddd=Assignment(partitions=[topic-4e1902af_4ee1_41c9_8c6e_ed9bcd968ef4-0])}
2025-07-31 15:30:43,862 INFO  [org.apa.kaf.cli.con.int.ConsumerCoordinator] (Thread-347) [Consumer clientId=consumer-Consumer-topic-4e1902af_4ee1_41c9_8c6e_ed9bcd968ef4-30, groupId=Consumer-topic-4e1902af_4ee1_41c9_8c6e_ed9bcd968ef4] Successfully synced group in generation Generation{generationId=1, memberId='consumer-Consumer-topic-4e1902af_4ee1_41c9_8c6e_ed9bcd968ef4-30-30131dce-a2f8-400a-b5cd-96a7c00c1ddd', protocol='range'}
2025-07-31 15:30:43,862 INFO  [org.apa.kaf.cli.con.int.ConsumerCoordinator] (Thread-347) [Consumer clientId=consumer-Consumer-topic-4e1902af_4ee1_41c9_8c6e_ed9bcd968ef4-30, groupId=Consumer-topic-4e1902af_4ee1_41c9_8c6e_ed9bcd968ef4] Notifying assignor about the new Assignment(partitions=[topic-4e1902af_4ee1_41c9_8c6e_ed9bcd968ef4-0])
2025-07-31 15:30:43,862 INFO  [org.apa.kaf.cli.con.int.ConsumerRebalanceListenerInvoker] (Thread-347) [Consumer clientId=consumer-Consumer-topic-4e1902af_4ee1_41c9_8c6e_ed9bcd968ef4-30, groupId=Consumer-topic-4e1902af_4ee1_41c9_8c6e_ed9bcd968ef4] Adding newly assigned partitions: topic-4e1902af_4ee1_41c9_8c6e_ed9bcd968ef4-0
2025-07-31 15:30:43,863 INFO  [org.apa.kaf.cli.con.int.ConsumerCoordinator] (Thread-347) [Consumer clientId=consumer-Consumer-topic-4e1902af_4ee1_41c9_8c6e_ed9bcd968ef4-30, groupId=Consumer-topic-4e1902af_4ee1_41c9_8c6e_ed9bcd968ef4] Found no committed offset for partition topic-4e1902af_4ee1_41c9_8c6e_ed9bcd968ef4-0
2025-07-31 15:30:43,866 INFO  [org.apa.kaf.cli.con.int.SubscriptionState] (Thread-347) [Consumer clientId=consumer-Consumer-topic-4e1902af_4ee1_41c9_8c6e_ed9bcd968ef4-30, groupId=Consumer-topic-4e1902af_4ee1_41c9_8c6e_ed9bcd968ef4] Resetting offset for partition topic-4e1902af_4ee1_41c9_8c6e_ed9bcd968ef4-0 to position FetchPosition{offset=0, offsetEpoch=Optional.empty, currentLeader=LeaderAndEpoch{leader=Optional[localhost:32770 (id: 0 rack: null)], epoch=0}}.
2025-07-31 15:30:43,922 INFO  [io.api.tes.ser.api.KafkaSerdesTester] (Thread-347) topic-4e1902af_4ee1_41c9_8c6e_ed9bcd968ef4 0 0 header {
  time {
  }
}
d1: 1.753975843583E12
s1: "a"
i1: 123
bi1: 1
point {
  longitude: 22.0
  latitude: 22.0
  altitude: 1.0
}

2025-07-31 15:30:43,922 INFO  [io.api.tes.ser.api.KafkaSerdesTester] (Thread-347) topic-4e1902af_4ee1_41c9_8c6e_ed9bcd968ef4 0 1 header {
  time {
  }
}
d1: 1.753975843792E12
s1: "a"
i1: 123
bi1: 1
point {
  longitude: 22.0
  latitude: 22.0
  altitude: 1.0
}

2025-07-31 15:30:43,922 INFO  [io.api.tes.ser.api.KafkaSerdesTester] (Thread-347) topic-4e1902af_4ee1_41c9_8c6e_ed9bcd968ef4 0 2 header {
  time {
  }
}
d1: 1.753975843793E12
s1: "a"
i1: 123
bi1: 1
point {
  longitude: 22.0
  latitude: 22.0
  altitude: 1.0
}

2025-07-31 15:30:43,922 INFO  [io.api.tes.ser.api.KafkaSerdesTester] (Thread-347) topic-4e1902af_4ee1_41c9_8c6e_ed9bcd968ef4 0 3 header {
  time {
  }
}
d1: 1.753975843796E12
s1: "a"
i1: 123
bi1: 1
point {
  longitude: 22.0
  latitude: 22.0
  altitude: 1.0
}

2025-07-31 15:30:43,922 INFO  [io.api.tes.ser.api.KafkaSerdesTester] (Thread-347) topic-4e1902af_4ee1_41c9_8c6e_ed9bcd968ef4 0 4 header {
  time {
  }
}
d1: 1.753975843797E12
s1: "a"
i1: 123
bi1: 1
point {
  longitude: 22.0
  latitude: 22.0
  altitude: 1.0
}

2025-07-31 15:30:43,922 INFO  [io.api.tes.ser.api.KafkaSerdesTester] (Thread-347) topic-4e1902af_4ee1_41c9_8c6e_ed9bcd968ef4 0 5 header {
  time {
  }
}
d1: 1.7539758438E12
s1: "a"
i1: 123
bi1: 1
point {
  longitude: 22.0
  latitude: 22.0
  altitude: 1.0
}

2025-07-31 15:30:43,922 INFO  [io.api.tes.ser.api.KafkaSerdesTester] (Thread-347) topic-4e1902af_4ee1_41c9_8c6e_ed9bcd968ef4 0 6 header {
  time {
  }
}
d1: 1.753975843802E12
s1: "a"
i1: 123
bi1: 1
point {
  longitude: 22.0
  latitude: 22.0
  altitude: 1.0
}

2025-07-31 15:30:43,923 INFO  [io.api.tes.ser.api.KafkaSerdesTester] (Thread-347) topic-4e1902af_4ee1_41c9_8c6e_ed9bcd968ef4 0 7 header {
  time {
  }
}
d1: 1.753975843804E12
s1: "a"
i1: 123
bi1: 1
point {
  longitude: 22.0
  latitude: 22.0
  altitude: 1.0
}

2025-07-31 15:30:43,923 INFO  [io.api.tes.ser.api.KafkaSerdesTester] (Thread-347) topic-4e1902af_4ee1_41c9_8c6e_ed9bcd968ef4 0 8 header {
  time {
  }
}
d1: 1.753975843807E12
s1: "a"
i1: 123
bi1: 1
point {
  longitude: 22.0
  latitude: 22.0
  altitude: 1.0
}

2025-07-31 15:30:43,923 INFO  [io.api.tes.ser.api.KafkaSerdesTester] (Thread-347) topic-4e1902af_4ee1_41c9_8c6e_ed9bcd968ef4 0 9 header {
  time {
  }
}
d1: 1.753975843809E12
s1: "a"
i1: 123
bi1: 1
point {
  longitude: 22.0
  latitude: 22.0
  altitude: 1.0
}

2025-07-31 15:30:43,923 INFO  [io.api.tes.ser.api.KafkaSerdesTester] (Thread-347) Consumed 10 messages
2025-07-31 15:30:43,925 INFO  [org.apa.kaf.cli.con.int.ConsumerRebalanceListenerInvoker] (Thread-347) [Consumer clientId=consumer-Consumer-topic-4e1902af_4ee1_41c9_8c6e_ed9bcd968ef4-30, groupId=Consumer-topic-4e1902af_4ee1_41c9_8c6e_ed9bcd968ef4] Revoke previously assigned partitions topic-4e1902af_4ee1_41c9_8c6e_ed9bcd968ef4-0
2025-07-31 15:30:43,925 INFO  [org.apa.kaf.cli.con.int.ConsumerCoordinator] (Thread-347) [Consumer clientId=consumer-Consumer-topic-4e1902af_4ee1_41c9_8c6e_ed9bcd968ef4-30, groupId=Consumer-topic-4e1902af_4ee1_41c9_8c6e_ed9bcd968ef4] Member consumer-Consumer-topic-4e1902af_4ee1_41c9_8c6e_ed9bcd968ef4-30-30131dce-a2f8-400a-b5cd-96a7c00c1ddd sending LeaveGroup request to coordinator localhost:32770 (id: 2147483647 rack: null) due to the consumer is being closed
2025-07-31 15:30:43,925 INFO  [org.apa.kaf.cli.con.int.ConsumerCoordinator] (Thread-347) [Consumer clientId=consumer-Consumer-topic-4e1902af_4ee1_41c9_8c6e_ed9bcd968ef4-30, groupId=Consumer-topic-4e1902af_4ee1_41c9_8c6e_ed9bcd968ef4] Resetting generation and member id due to: consumer pro-actively leaving the group
2025-07-31 15:30:43,925 INFO  [org.apa.kaf.cli.con.int.ConsumerCoordinator] (Thread-347) [Consumer clientId=consumer-Consumer-topic-4e1902af_4ee1_41c9_8c6e_ed9bcd968ef4-30, groupId=Consumer-topic-4e1902af_4ee1_41c9_8c6e_ed9bcd968ef4] Request joining group due to: consumer pro-actively leaving the group
2025-07-31 15:30:44,424 INFO  [org.apa.kaf.com.met.Metrics] (Thread-347) Metrics scheduler closed
2025-07-31 15:30:44,424 INFO  [org.apa.kaf.com.met.Metrics] (Thread-347) Closing reporter org.apache.kafka.common.metrics.JmxReporter
2025-07-31 15:30:44,424 INFO  [org.apa.kaf.com.met.Metrics] (Thread-347) Closing reporter org.apache.kafka.common.telemetry.internals.ClientTelemetryReporter
2025-07-31 15:30:44,424 INFO  [org.apa.kaf.com.met.Metrics] (Thread-347) Metrics reporters closed
2025-07-31 15:30:44,426 INFO  [org.apa.kaf.com.uti.AppInfoParser] (Thread-347) App info kafka.consumer for consumer-Consumer-topic-4e1902af_4ee1_41c9_8c6e_ed9bcd968ef4-30 unregistered
2025-07-31 15:30:44,445 INFO  [io.api.tes.uti.TestSeparator] (main) io.apicurio.tests.serdes.apicurio.ProtobufSerdeIT.testAutoRegisterDeriveClassProtobufType-FINISHED
2025-07-31 15:30:44,445 INFO  [io.api.tes.uti.TestSeparator] (main) ############################################################################
]]></system-out>
  </testcase>
  <testcase name="testConsumeReturnSpecificClass" classname="io.apicurio.tests.serdes.apicurio.ProtobufSerdeIT" time="1.043">
    <system-out><![CDATA[2025-07-31 15:30:44,447 INFO  [io.api.tes.uti.TestSeparator] (main) ############################################################################
2025-07-31 15:30:44,447 INFO  [io.api.tes.uti.TestSeparator] (main) io.apicurio.tests.serdes.apicurio.ProtobufSerdeIT.testConsumeReturnSpecificClass-STARTED
2025-07-31 15:30:45,489 INFO  [io.api.tes.uti.TestSeparator] (main) io.apicurio.tests.serdes.apicurio.ProtobufSerdeIT.testConsumeReturnSpecificClass-FINISHED
2025-07-31 15:30:45,489 INFO  [io.api.tes.uti.TestSeparator] (main) ############################################################################
]]></system-out>
  </testcase>
  <testcase name="testFindLatestSpecificProtobufType" classname="io.apicurio.tests.serdes.apicurio.ProtobufSerdeIT" time="1.048">
    <system-out><![CDATA[2025-07-31 15:30:45,490 INFO  [io.api.tes.uti.TestSeparator] (main) ############################################################################
2025-07-31 15:30:45,490 INFO  [io.api.tes.uti.TestSeparator] (main) io.apicurio.tests.serdes.apicurio.ProtobufSerdeIT.testFindLatestSpecificProtobufType-STARTED
2025-07-31 15:30:46,538 INFO  [io.api.tes.uti.TestSeparator] (main) io.apicurio.tests.serdes.apicurio.ProtobufSerdeIT.testFindLatestSpecificProtobufType-FINISHED
2025-07-31 15:30:46,538 INFO  [io.api.tes.uti.TestSeparator] (main) ############################################################################
]]></system-out>
  </testcase>
  <testcase name="testFindLatestDynamicMessageProtobufType" classname="io.apicurio.tests.serdes.apicurio.ProtobufSerdeIT" time="1.784">
    <system-out><![CDATA[2025-07-31 15:30:46,539 INFO  [io.api.tes.uti.TestSeparator] (main) ############################################################################
2025-07-31 15:30:46,539 INFO  [io.api.tes.uti.TestSeparator] (main) io.apicurio.tests.serdes.apicurio.ProtobufSerdeIT.testFindLatestDynamicMessageProtobufType-STARTED
2025-07-31 15:30:47,586 INFO  [org.apa.kaf.cli.pro.ProducerConfig] (main) ProducerConfig values: 
	acks = -1
	auto.include.jmx.reporter = true
	batch.size = 16384
	bootstrap.servers = [PLAINTEXT://localhost:32770]
	buffer.memory = 33554432
	client.dns.lookup = use_all_dns_ips
	client.id = Producer-topic-2c862fb3_3f40_4fd9_bef8_0c7079d909bd
	compression.gzip.level = -1
	compression.lz4.level = 9
	compression.type = none
	compression.zstd.level = 3
	connections.max.idle.ms = 10000
	delivery.timeout.ms = 120000
	enable.idempotence = true
	enable.metrics.push = true
	interceptor.classes = []
	key.serializer = class org.apache.kafka.common.serialization.StringSerializer
	linger.ms = 0
	max.block.ms = 60000
	max.in.flight.requests.per.connection = 5
	max.request.size = 1048576
	metadata.max.age.ms = 300000
	metadata.max.idle.ms = 300000
	metadata.recovery.strategy = none
	metric.reporters = []
	metrics.num.samples = 2
	metrics.recording.level = INFO
	metrics.sample.window.ms = 30000
	partitioner.adaptive.partitioning.enable = true
	partitioner.availability.timeout.ms = 0
	partitioner.class = null
	partitioner.ignore.keys = false
	receive.buffer.bytes = 32768
	reconnect.backoff.max.ms = 1000
	reconnect.backoff.ms = 50
	request.timeout.ms = 5000
	retries = 2147483647
	retry.backoff.max.ms = 1000
	retry.backoff.ms = 100
	sasl.client.callback.handler.class = null
	sasl.jaas.config = null
	sasl.kerberos.kinit.cmd = /usr/bin/kinit
	sasl.kerberos.min.time.before.relogin = 60000
	sasl.kerberos.service.name = null
	sasl.kerberos.ticket.renew.jitter = 0.05
	sasl.kerberos.ticket.renew.window.factor = 0.8
	sasl.login.callback.handler.class = null
	sasl.login.class = null
	sasl.login.connect.timeout.ms = null
	sasl.login.read.timeout.ms = null
	sasl.login.refresh.buffer.seconds = 300
	sasl.login.refresh.min.period.seconds = 60
	sasl.login.refresh.window.factor = 0.8
	sasl.login.refresh.window.jitter = 0.05
	sasl.login.retry.backoff.max.ms = 10000
	sasl.login.retry.backoff.ms = 100
	sasl.mechanism = GSSAPI
	sasl.oauthbearer.clock.skew.seconds = 30
	sasl.oauthbearer.expected.audience = null
	sasl.oauthbearer.expected.issuer = null
	sasl.oauthbearer.header.urlencode = false
	sasl.oauthbearer.jwks.endpoint.refresh.ms = 3600000
	sasl.oauthbearer.jwks.endpoint.retry.backoff.max.ms = 10000
	sasl.oauthbearer.jwks.endpoint.retry.backoff.ms = 100
	sasl.oauthbearer.jwks.endpoint.url = null
	sasl.oauthbearer.scope.claim.name = scope
	sasl.oauthbearer.sub.claim.name = sub
	sasl.oauthbearer.token.endpoint.url = null
	security.protocol = PLAINTEXT
	security.providers = null
	send.buffer.bytes = 131072
	socket.connection.setup.timeout.max.ms = 30000
	socket.connection.setup.timeout.ms = 10000
	ssl.cipher.suites = null
	ssl.enabled.protocols = [TLSv1.2, TLSv1.3]
	ssl.endpoint.identification.algorithm = https
	ssl.engine.factory.class = null
	ssl.key.password = null
	ssl.keymanager.algorithm = SunX509
	ssl.keystore.certificate.chain = null
	ssl.keystore.key = null
	ssl.keystore.location = null
	ssl.keystore.password = null
	ssl.keystore.type = JKS
	ssl.protocol = TLSv1.3
	ssl.provider = null
	ssl.secure.random.implementation = null
	ssl.trustmanager.algorithm = PKIX
	ssl.truststore.certificates = null
	ssl.truststore.location = null
	ssl.truststore.password = null
	ssl.truststore.type = JKS
	transaction.timeout.ms = 60000
	transactional.id = null
	value.serializer = class io.apicurio.registry.serde.protobuf.ProtobufKafkaSerializer

2025-07-31 15:30:47,586 INFO  [org.apa.kaf.com.tel.int.KafkaMetricsCollector] (main) initializing Kafka metrics collector
2025-07-31 15:30:47,588 INFO  [org.apa.kaf.cli.pro.KafkaProducer] (main) [Producer clientId=Producer-topic-2c862fb3_3f40_4fd9_bef8_0c7079d909bd] Instantiated an idempotent producer.
2025-07-31 15:30:47,589 INFO  [org.apa.kaf.cli.pro.ProducerConfig] (main) These configurations '[apicurio.registry.find-latest, apicurio.registry.url, apicurio.registry.artifact-resolver-strategy]' were supplied but are not used yet.
2025-07-31 15:30:47,589 INFO  [org.apa.kaf.com.uti.AppInfoParser] (main) Kafka version: 3.9.0
2025-07-31 15:30:47,589 INFO  [org.apa.kaf.com.uti.AppInfoParser] (main) Kafka commitId: 84caaa6e9da06435
2025-07-31 15:30:47,589 INFO  [org.apa.kaf.com.uti.AppInfoParser] (main) Kafka startTimeMs: 1753975847589
2025-07-31 15:30:47,589 INFO  [io.api.tes.ser.api.SimpleSerdesTesterBuilder$SimpleSerdesTester] (main) Using producer configuration: {apicurio.registry.find-latest=true, apicurio.registry.url=http://registry-app-postgresql.apps.ci419.apicurio-testing.org:80/apis/registry/v3, apicurio.registry.artifact-resolver-strategy=io.apicurio.registry.serde.strategy.SimpleTopicIdStrategy, value.serializer=io.apicurio.registry.serde.protobuf.ProtobufKafkaSerializer, request.timeout.ms=5000, acks=all, bootstrap.servers=PLAINTEXT://localhost:32770, connections.max.idle.ms=10000, key.serializer=org.apache.kafka.common.serialization.StringSerializer, client.id=Producer-topic-2c862fb3_3f40_4fd9_bef8_0c7079d909bd}
2025-07-31 15:30:47,589 INFO  [io.api.tes.ser.api.SimpleSerdesTesterBuilder$SimpleSerdesTester] (main) Using consumer configuration: {apicurio.registry.deserializer.value.return-class=com.google.protobuf.DynamicMessage}
2025-07-31 15:30:47,590 INFO  [io.api.tes.ser.api.KafkaSerdesTester] (Thread-350) Sending message header {
  time {
  }
}
d1: 1.75397584759E12
s1: "a"
i1: 123
bi1: 1
point {
  longitude: 22.0
  latitude: 22.0
  altitude: 1.0
}
 to topic topic-2c862fb3_3f40_4fd9_bef8_0c7079d909bd
2025-07-31 15:30:47,594 INFO  [org.apa.kaf.cli.Metadata] (kafka-producer-network-thread | Producer-topic-2c862fb3_3f40_4fd9_bef8_0c7079d909bd) [Producer clientId=Producer-topic-2c862fb3_3f40_4fd9_bef8_0c7079d909bd] Cluster ID: BgnDnmd_Rn-oXa8M1ygsew
2025-07-31 15:30:47,594 INFO  [org.apa.kaf.cli.pro.int.TransactionManager] (kafka-producer-network-thread | Producer-topic-2c862fb3_3f40_4fd9_bef8_0c7079d909bd) [Producer clientId=Producer-topic-2c862fb3_3f40_4fd9_bef8_0c7079d909bd] ProducerId set to 41 with epoch 0
2025-07-31 15:30:47,669 INFO  [io.api.tes.ser.api.KafkaSerdesTester] (Thread-350) Sending message header {
  time {
  }
}
d1: 1.753975847669E12
s1: "a"
i1: 123
bi1: 1
point {
  longitude: 22.0
  latitude: 22.0
  altitude: 1.0
}
 to topic topic-2c862fb3_3f40_4fd9_bef8_0c7079d909bd
2025-07-31 15:30:47,672 INFO  [io.api.tes.ser.api.KafkaSerdesTester] (Thread-350) Sending message header {
  time {
  }
}
d1: 1.753975847672E12
s1: "a"
i1: 123
bi1: 1
point {
  longitude: 22.0
  latitude: 22.0
  altitude: 1.0
}
 to topic topic-2c862fb3_3f40_4fd9_bef8_0c7079d909bd
2025-07-31 15:30:47,674 INFO  [io.api.tes.ser.api.KafkaSerdesTester] (Thread-350) Sending message header {
  time {
  }
}
d1: 1.753975847674E12
s1: "a"
i1: 123
bi1: 1
point {
  longitude: 22.0
  latitude: 22.0
  altitude: 1.0
}
 to topic topic-2c862fb3_3f40_4fd9_bef8_0c7079d909bd
2025-07-31 15:30:47,685 INFO  [io.api.tes.ser.api.KafkaSerdesTester] (Thread-350) Sending message header {
  time {
  }
}
d1: 1.753975847685E12
s1: "a"
i1: 123
bi1: 1
point {
  longitude: 22.0
  latitude: 22.0
  altitude: 1.0
}
 to topic topic-2c862fb3_3f40_4fd9_bef8_0c7079d909bd
2025-07-31 15:30:47,688 INFO  [io.api.tes.ser.api.KafkaSerdesTester] (Thread-350) Sending message header {
  time {
  }
}
d1: 1.753975847688E12
s1: "a"
i1: 123
bi1: 1
point {
  longitude: 22.0
  latitude: 22.0
  altitude: 1.0
}
 to topic topic-2c862fb3_3f40_4fd9_bef8_0c7079d909bd
2025-07-31 15:30:47,690 INFO  [io.api.tes.ser.api.KafkaSerdesTester] (Thread-350) Sending message header {
  time {
  }
}
d1: 1.75397584769E12
s1: "a"
i1: 123
bi1: 1
point {
  longitude: 22.0
  latitude: 22.0
  altitude: 1.0
}
 to topic topic-2c862fb3_3f40_4fd9_bef8_0c7079d909bd
2025-07-31 15:30:47,693 INFO  [io.api.tes.ser.api.KafkaSerdesTester] (Thread-350) Sending message header {
  time {
  }
}
d1: 1.753975847693E12
s1: "a"
i1: 123
bi1: 1
point {
  longitude: 22.0
  latitude: 22.0
  altitude: 1.0
}
 to topic topic-2c862fb3_3f40_4fd9_bef8_0c7079d909bd
2025-07-31 15:30:47,695 INFO  [io.api.tes.ser.api.KafkaSerdesTester] (Thread-350) Sending message header {
  time {
  }
}
d1: 1.753975847694E12
s1: "a"
i1: 123
bi1: 1
point {
  longitude: 22.0
  latitude: 22.0
  altitude: 1.0
}
 to topic topic-2c862fb3_3f40_4fd9_bef8_0c7079d909bd
2025-07-31 15:30:47,696 INFO  [io.api.tes.ser.api.KafkaSerdesTester] (Thread-350) Sending message header {
  time {
  }
}
d1: 1.753975847696E12
s1: "a"
i1: 123
bi1: 1
point {
  longitude: 22.0
  latitude: 22.0
  altitude: 1.0
}
 to topic topic-2c862fb3_3f40_4fd9_bef8_0c7079d909bd
2025-07-31 15:30:47,698 INFO  [io.api.tes.ser.api.KafkaSerdesTester] (Thread-350) Produced 10 messages
2025-07-31 15:30:47,698 INFO  [org.apa.kaf.cli.pro.KafkaProducer] (Thread-350) [Producer clientId=Producer-topic-2c862fb3_3f40_4fd9_bef8_0c7079d909bd] Closing the Kafka producer with timeoutMillis = 9223372036854775807 ms.
2025-07-31 15:30:47,700 INFO  [org.apa.kaf.com.met.Metrics] (Thread-350) Metrics scheduler closed
2025-07-31 15:30:47,700 INFO  [org.apa.kaf.com.met.Metrics] (Thread-350) Closing reporter org.apache.kafka.common.metrics.JmxReporter
2025-07-31 15:30:47,700 INFO  [org.apa.kaf.com.met.Metrics] (Thread-350) Closing reporter org.apache.kafka.common.telemetry.internals.ClientTelemetryReporter
2025-07-31 15:30:47,700 INFO  [org.apa.kaf.com.met.Metrics] (Thread-350) Metrics reporters closed
2025-07-31 15:30:47,700 INFO  [org.apa.kaf.com.uti.AppInfoParser] (Thread-350) App info kafka.producer for Producer-topic-2c862fb3_3f40_4fd9_bef8_0c7079d909bd unregistered
2025-07-31 15:30:47,701 INFO  [org.apa.kaf.cli.con.ConsumerConfig] (main) ConsumerConfig values: 
	allow.auto.create.topics = true
	auto.commit.interval.ms = 500
	auto.include.jmx.reporter = true
	auto.offset.reset = earliest
	bootstrap.servers = [PLAINTEXT://localhost:32770]
	check.crcs = true
	client.dns.lookup = use_all_dns_ips
	client.id = consumer-Consumer-topic-2c862fb3_3f40_4fd9_bef8_0c7079d909bd-31
	client.rack = 
	connections.max.idle.ms = 10000
	default.api.timeout.ms = 60000
	enable.auto.commit = true
	enable.metrics.push = true
	exclude.internal.topics = true
	fetch.max.bytes = 52428800
	fetch.max.wait.ms = 500
	fetch.min.bytes = 1
	group.id = Consumer-topic-2c862fb3_3f40_4fd9_bef8_0c7079d909bd
	group.instance.id = null
	group.protocol = classic
	group.remote.assignor = null
	heartbeat.interval.ms = 3000
	interceptor.classes = []
	internal.leave.group.on.close = true
	internal.throw.on.fetch.stable.offset.unsupported = false
	isolation.level = read_uncommitted
	key.deserializer = class org.apache.kafka.common.serialization.StringDeserializer
	max.partition.fetch.bytes = 1048576
	max.poll.interval.ms = 300000
	max.poll.records = 500
	metadata.max.age.ms = 300000
	metadata.recovery.strategy = none
	metric.reporters = []
	metrics.num.samples = 2
	metrics.recording.level = INFO
	metrics.sample.window.ms = 30000
	partition.assignment.strategy = [class org.apache.kafka.clients.consumer.RangeAssignor, class org.apache.kafka.clients.consumer.CooperativeStickyAssignor]
	receive.buffer.bytes = 65536
	reconnect.backoff.max.ms = 1000
	reconnect.backoff.ms = 50
	request.timeout.ms = 5000
	retry.backoff.max.ms = 1000
	retry.backoff.ms = 100
	sasl.client.callback.handler.class = null
	sasl.jaas.config = null
	sasl.kerberos.kinit.cmd = /usr/bin/kinit
	sasl.kerberos.min.time.before.relogin = 60000
	sasl.kerberos.service.name = null
	sasl.kerberos.ticket.renew.jitter = 0.05
	sasl.kerberos.ticket.renew.window.factor = 0.8
	sasl.login.callback.handler.class = null
	sasl.login.class = null
	sasl.login.connect.timeout.ms = null
	sasl.login.read.timeout.ms = null
	sasl.login.refresh.buffer.seconds = 300
	sasl.login.refresh.min.period.seconds = 60
	sasl.login.refresh.window.factor = 0.8
	sasl.login.refresh.window.jitter = 0.05
	sasl.login.retry.backoff.max.ms = 10000
	sasl.login.retry.backoff.ms = 100
	sasl.mechanism = GSSAPI
	sasl.oauthbearer.clock.skew.seconds = 30
	sasl.oauthbearer.expected.audience = null
	sasl.oauthbearer.expected.issuer = null
	sasl.oauthbearer.header.urlencode = false
	sasl.oauthbearer.jwks.endpoint.refresh.ms = 3600000
	sasl.oauthbearer.jwks.endpoint.retry.backoff.max.ms = 10000
	sasl.oauthbearer.jwks.endpoint.retry.backoff.ms = 100
	sasl.oauthbearer.jwks.endpoint.url = null
	sasl.oauthbearer.scope.claim.name = scope
	sasl.oauthbearer.sub.claim.name = sub
	sasl.oauthbearer.token.endpoint.url = null
	security.protocol = PLAINTEXT
	security.providers = null
	send.buffer.bytes = 131072
	session.timeout.ms = 45000
	socket.connection.setup.timeout.max.ms = 30000
	socket.connection.setup.timeout.ms = 10000
	ssl.cipher.suites = null
	ssl.enabled.protocols = [TLSv1.2, TLSv1.3]
	ssl.endpoint.identification.algorithm = https
	ssl.engine.factory.class = null
	ssl.key.password = null
	ssl.keymanager.algorithm = SunX509
	ssl.keystore.certificate.chain = null
	ssl.keystore.key = null
	ssl.keystore.location = null
	ssl.keystore.password = null
	ssl.keystore.type = JKS
	ssl.protocol = TLSv1.3
	ssl.provider = null
	ssl.secure.random.implementation = null
	ssl.trustmanager.algorithm = PKIX
	ssl.truststore.certificates = null
	ssl.truststore.location = null
	ssl.truststore.password = null
	ssl.truststore.type = JKS
	value.deserializer = class io.apicurio.registry.serde.protobuf.ProtobufKafkaDeserializer

2025-07-31 15:30:47,701 INFO  [org.apa.kaf.com.tel.int.KafkaMetricsCollector] (main) initializing Kafka metrics collector
2025-07-31 15:30:47,709 INFO  [org.apa.kaf.cli.con.ConsumerConfig] (main) These configurations '[apicurio.registry.deserializer.value.return-class, apicurio.registry.url]' were supplied but are not used yet.
2025-07-31 15:30:47,709 INFO  [org.apa.kaf.com.uti.AppInfoParser] (main) Kafka version: 3.9.0
2025-07-31 15:30:47,709 INFO  [org.apa.kaf.com.uti.AppInfoParser] (main) Kafka commitId: 84caaa6e9da06435
2025-07-31 15:30:47,709 INFO  [org.apa.kaf.com.uti.AppInfoParser] (main) Kafka startTimeMs: 1753975847709
2025-07-31 15:30:47,710 INFO  [org.apa.kaf.cli.con.int.ClassicKafkaConsumer] (Thread-353) [Consumer clientId=consumer-Consumer-topic-2c862fb3_3f40_4fd9_bef8_0c7079d909bd-31, groupId=Consumer-topic-2c862fb3_3f40_4fd9_bef8_0c7079d909bd] Subscribed to topic(s): topic-2c862fb3_3f40_4fd9_bef8_0c7079d909bd
2025-07-31 15:30:47,716 INFO  [org.apa.kaf.cli.Metadata] (Thread-353) [Consumer clientId=consumer-Consumer-topic-2c862fb3_3f40_4fd9_bef8_0c7079d909bd-31, groupId=Consumer-topic-2c862fb3_3f40_4fd9_bef8_0c7079d909bd] Cluster ID: BgnDnmd_Rn-oXa8M1ygsew
2025-07-31 15:30:47,719 INFO  [org.apa.kaf.cli.con.int.ConsumerCoordinator] (Thread-353) [Consumer clientId=consumer-Consumer-topic-2c862fb3_3f40_4fd9_bef8_0c7079d909bd-31, groupId=Consumer-topic-2c862fb3_3f40_4fd9_bef8_0c7079d909bd] Discovered group coordinator localhost:32770 (id: 2147483647 rack: null)
2025-07-31 15:30:47,722 INFO  [org.apa.kaf.cli.con.int.ConsumerCoordinator] (Thread-353) [Consumer clientId=consumer-Consumer-topic-2c862fb3_3f40_4fd9_bef8_0c7079d909bd-31, groupId=Consumer-topic-2c862fb3_3f40_4fd9_bef8_0c7079d909bd] (Re-)joining group
2025-07-31 15:30:47,736 INFO  [org.apa.kaf.cli.con.int.ConsumerCoordinator] (Thread-353) [Consumer clientId=consumer-Consumer-topic-2c862fb3_3f40_4fd9_bef8_0c7079d909bd-31, groupId=Consumer-topic-2c862fb3_3f40_4fd9_bef8_0c7079d909bd] Request joining group due to: need to re-join with the given member-id: consumer-Consumer-topic-2c862fb3_3f40_4fd9_bef8_0c7079d909bd-31-2d40e39b-ae64-4ab9-ac61-50d885f2efdf
2025-07-31 15:30:47,737 INFO  [org.apa.kaf.cli.con.int.ConsumerCoordinator] (Thread-353) [Consumer clientId=consumer-Consumer-topic-2c862fb3_3f40_4fd9_bef8_0c7079d909bd-31, groupId=Consumer-topic-2c862fb3_3f40_4fd9_bef8_0c7079d909bd] (Re-)joining group
2025-07-31 15:30:47,740 INFO  [org.apa.kaf.cli.con.int.ConsumerCoordinator] (Thread-353) [Consumer clientId=consumer-Consumer-topic-2c862fb3_3f40_4fd9_bef8_0c7079d909bd-31, groupId=Consumer-topic-2c862fb3_3f40_4fd9_bef8_0c7079d909bd] Successfully joined group with generation Generation{generationId=1, memberId='consumer-Consumer-topic-2c862fb3_3f40_4fd9_bef8_0c7079d909bd-31-2d40e39b-ae64-4ab9-ac61-50d885f2efdf', protocol='range'}
2025-07-31 15:30:47,740 INFO  [org.apa.kaf.cli.con.int.ConsumerCoordinator] (Thread-353) [Consumer clientId=consumer-Consumer-topic-2c862fb3_3f40_4fd9_bef8_0c7079d909bd-31, groupId=Consumer-topic-2c862fb3_3f40_4fd9_bef8_0c7079d909bd] Finished assignment for group at generation 1: {consumer-Consumer-topic-2c862fb3_3f40_4fd9_bef8_0c7079d909bd-31-2d40e39b-ae64-4ab9-ac61-50d885f2efdf=Assignment(partitions=[topic-2c862fb3_3f40_4fd9_bef8_0c7079d909bd-0])}
2025-07-31 15:30:47,743 INFO  [org.apa.kaf.cli.con.int.ConsumerCoordinator] (Thread-353) [Consumer clientId=consumer-Consumer-topic-2c862fb3_3f40_4fd9_bef8_0c7079d909bd-31, groupId=Consumer-topic-2c862fb3_3f40_4fd9_bef8_0c7079d909bd] Successfully synced group in generation Generation{generationId=1, memberId='consumer-Consumer-topic-2c862fb3_3f40_4fd9_bef8_0c7079d909bd-31-2d40e39b-ae64-4ab9-ac61-50d885f2efdf', protocol='range'}
2025-07-31 15:30:47,743 INFO  [org.apa.kaf.cli.con.int.ConsumerCoordinator] (Thread-353) [Consumer clientId=consumer-Consumer-topic-2c862fb3_3f40_4fd9_bef8_0c7079d909bd-31, groupId=Consumer-topic-2c862fb3_3f40_4fd9_bef8_0c7079d909bd] Notifying assignor about the new Assignment(partitions=[topic-2c862fb3_3f40_4fd9_bef8_0c7079d909bd-0])
2025-07-31 15:30:47,743 INFO  [org.apa.kaf.cli.con.int.ConsumerRebalanceListenerInvoker] (Thread-353) [Consumer clientId=consumer-Consumer-topic-2c862fb3_3f40_4fd9_bef8_0c7079d909bd-31, groupId=Consumer-topic-2c862fb3_3f40_4fd9_bef8_0c7079d909bd] Adding newly assigned partitions: topic-2c862fb3_3f40_4fd9_bef8_0c7079d909bd-0
2025-07-31 15:30:47,744 INFO  [org.apa.kaf.cli.con.int.ConsumerCoordinator] (Thread-353) [Consumer clientId=consumer-Consumer-topic-2c862fb3_3f40_4fd9_bef8_0c7079d909bd-31, groupId=Consumer-topic-2c862fb3_3f40_4fd9_bef8_0c7079d909bd] Found no committed offset for partition topic-2c862fb3_3f40_4fd9_bef8_0c7079d909bd-0
2025-07-31 15:30:47,750 INFO  [org.apa.kaf.cli.con.int.SubscriptionState] (Thread-353) [Consumer clientId=consumer-Consumer-topic-2c862fb3_3f40_4fd9_bef8_0c7079d909bd-31, groupId=Consumer-topic-2c862fb3_3f40_4fd9_bef8_0c7079d909bd] Resetting offset for partition topic-2c862fb3_3f40_4fd9_bef8_0c7079d909bd-0 to position FetchPosition{offset=0, offsetEpoch=Optional.empty, currentLeader=LeaderAndEpoch{leader=Optional[localhost:32770 (id: 0 rack: null)], epoch=0}}.
2025-07-31 15:30:47,819 INFO  [io.api.tes.ser.api.KafkaSerdesTester] (Thread-353) topic-2c862fb3_3f40_4fd9_bef8_0c7079d909bd 0 0 header {
  time {
  }
}
d1: 1.75397584759E12
s1: "a"
i1: 123
bi1: 1
point {
  longitude: 22.0
  latitude: 22.0
  altitude: 1.0
}

2025-07-31 15:30:47,819 INFO  [io.api.tes.ser.api.KafkaSerdesTester] (Thread-353) topic-2c862fb3_3f40_4fd9_bef8_0c7079d909bd 0 1 header {
  time {
  }
}
d1: 1.753975847669E12
s1: "a"
i1: 123
bi1: 1
point {
  longitude: 22.0
  latitude: 22.0
  altitude: 1.0
}

2025-07-31 15:30:47,819 INFO  [io.api.tes.ser.api.KafkaSerdesTester] (Thread-353) topic-2c862fb3_3f40_4fd9_bef8_0c7079d909bd 0 2 header {
  time {
  }
}
d1: 1.753975847672E12
s1: "a"
i1: 123
bi1: 1
point {
  longitude: 22.0
  latitude: 22.0
  altitude: 1.0
}

2025-07-31 15:30:47,819 INFO  [io.api.tes.ser.api.KafkaSerdesTester] (Thread-353) topic-2c862fb3_3f40_4fd9_bef8_0c7079d909bd 0 3 header {
  time {
  }
}
d1: 1.753975847674E12
s1: "a"
i1: 123
bi1: 1
point {
  longitude: 22.0
  latitude: 22.0
  altitude: 1.0
}

2025-07-31 15:30:47,819 INFO  [io.api.tes.ser.api.KafkaSerdesTester] (Thread-353) topic-2c862fb3_3f40_4fd9_bef8_0c7079d909bd 0 4 header {
  time {
  }
}
d1: 1.753975847685E12
s1: "a"
i1: 123
bi1: 1
point {
  longitude: 22.0
  latitude: 22.0
  altitude: 1.0
}

2025-07-31 15:30:47,819 INFO  [io.api.tes.ser.api.KafkaSerdesTester] (Thread-353) topic-2c862fb3_3f40_4fd9_bef8_0c7079d909bd 0 5 header {
  time {
  }
}
d1: 1.753975847688E12
s1: "a"
i1: 123
bi1: 1
point {
  longitude: 22.0
  latitude: 22.0
  altitude: 1.0
}

2025-07-31 15:30:47,820 INFO  [io.api.tes.ser.api.KafkaSerdesTester] (Thread-353) topic-2c862fb3_3f40_4fd9_bef8_0c7079d909bd 0 6 header {
  time {
  }
}
d1: 1.75397584769E12
s1: "a"
i1: 123
bi1: 1
point {
  longitude: 22.0
  latitude: 22.0
  altitude: 1.0
}

2025-07-31 15:30:47,820 INFO  [io.api.tes.ser.api.KafkaSerdesTester] (Thread-353) topic-2c862fb3_3f40_4fd9_bef8_0c7079d909bd 0 7 header {
  time {
  }
}
d1: 1.753975847693E12
s1: "a"
i1: 123
bi1: 1
point {
  longitude: 22.0
  latitude: 22.0
  altitude: 1.0
}

2025-07-31 15:30:47,820 INFO  [io.api.tes.ser.api.KafkaSerdesTester] (Thread-353) topic-2c862fb3_3f40_4fd9_bef8_0c7079d909bd 0 8 header {
  time {
  }
}
d1: 1.753975847694E12
s1: "a"
i1: 123
bi1: 1
point {
  longitude: 22.0
  latitude: 22.0
  altitude: 1.0
}

2025-07-31 15:30:47,821 INFO  [io.api.tes.ser.api.KafkaSerdesTester] (Thread-353) topic-2c862fb3_3f40_4fd9_bef8_0c7079d909bd 0 9 header {
  time {
  }
}
d1: 1.753975847696E12
s1: "a"
i1: 123
bi1: 1
point {
  longitude: 22.0
  latitude: 22.0
  altitude: 1.0
}

2025-07-31 15:30:47,821 INFO  [io.api.tes.ser.api.KafkaSerdesTester] (Thread-353) Consumed 10 messages
2025-07-31 15:30:47,824 INFO  [org.apa.kaf.cli.con.int.ConsumerRebalanceListenerInvoker] (Thread-353) [Consumer clientId=consumer-Consumer-topic-2c862fb3_3f40_4fd9_bef8_0c7079d909bd-31, groupId=Consumer-topic-2c862fb3_3f40_4fd9_bef8_0c7079d909bd] Revoke previously assigned partitions topic-2c862fb3_3f40_4fd9_bef8_0c7079d909bd-0
2025-07-31 15:30:47,824 INFO  [org.apa.kaf.cli.con.int.ConsumerCoordinator] (Thread-353) [Consumer clientId=consumer-Consumer-topic-2c862fb3_3f40_4fd9_bef8_0c7079d909bd-31, groupId=Consumer-topic-2c862fb3_3f40_4fd9_bef8_0c7079d909bd] Member consumer-Consumer-topic-2c862fb3_3f40_4fd9_bef8_0c7079d909bd-31-2d40e39b-ae64-4ab9-ac61-50d885f2efdf sending LeaveGroup request to coordinator localhost:32770 (id: 2147483647 rack: null) due to the consumer is being closed
2025-07-31 15:30:47,828 INFO  [org.apa.kaf.cli.con.int.ConsumerCoordinator] (Thread-353) [Consumer clientId=consumer-Consumer-topic-2c862fb3_3f40_4fd9_bef8_0c7079d909bd-31, groupId=Consumer-topic-2c862fb3_3f40_4fd9_bef8_0c7079d909bd] Resetting generation and member id due to: consumer pro-actively leaving the group
2025-07-31 15:30:47,828 INFO  [org.apa.kaf.cli.con.int.ConsumerCoordinator] (Thread-353) [Consumer clientId=consumer-Consumer-topic-2c862fb3_3f40_4fd9_bef8_0c7079d909bd-31, groupId=Consumer-topic-2c862fb3_3f40_4fd9_bef8_0c7079d909bd] Request joining group due to: consumer pro-actively leaving the group
2025-07-31 15:30:48,319 INFO  [org.apa.kaf.com.met.Metrics] (Thread-353) Metrics scheduler closed
2025-07-31 15:30:48,319 INFO  [org.apa.kaf.com.met.Metrics] (Thread-353) Closing reporter org.apache.kafka.common.metrics.JmxReporter
2025-07-31 15:30:48,319 INFO  [org.apa.kaf.com.met.Metrics] (Thread-353) Closing reporter org.apache.kafka.common.telemetry.internals.ClientTelemetryReporter
2025-07-31 15:30:48,319 INFO  [org.apa.kaf.com.met.Metrics] (Thread-353) Metrics reporters closed
2025-07-31 15:30:48,323 INFO  [org.apa.kaf.com.uti.AppInfoParser] (Thread-353) App info kafka.consumer for consumer-Consumer-topic-2c862fb3_3f40_4fd9_bef8_0c7079d909bd-31 unregistered
2025-07-31 15:30:48,323 INFO  [io.api.tes.uti.TestSeparator] (main) io.apicurio.tests.serdes.apicurio.ProtobufSerdeIT.testFindLatestDynamicMessageProtobufType-FINISHED
2025-07-31 15:30:48,323 INFO  [io.api.tes.uti.TestSeparator] (main) ############################################################################
]]></system-out>
  </testcase>
  <testcase name="testFindLatestDeriveClassProtobufTypeSimpleTopicIdStrategy" classname="io.apicurio.tests.serdes.apicurio.ProtobufSerdeIT" time="1.053">
    <system-out><![CDATA[2025-07-31 15:30:48,324 INFO  [io.api.tes.uti.TestSeparator] (main) ############################################################################
2025-07-31 15:30:48,324 INFO  [io.api.tes.uti.TestSeparator] (main) io.apicurio.tests.serdes.apicurio.ProtobufSerdeIT.testFindLatestDeriveClassProtobufTypeSimpleTopicIdStrategy-STARTED
2025-07-31 15:30:49,376 INFO  [io.api.tes.uti.TestSeparator] (main) io.apicurio.tests.serdes.apicurio.ProtobufSerdeIT.testFindLatestDeriveClassProtobufTypeSimpleTopicIdStrategy-FINISHED
2025-07-31 15:30:49,376 INFO  [io.api.tes.uti.TestSeparator] (main) ############################################################################
]]></system-out>
  </testcase>
  <testcase name="testFindLatestAndUseBody" classname="io.apicurio.tests.serdes.apicurio.ProtobufSerdeIT" time="1.764">
    <system-out><![CDATA[2025-07-31 15:30:49,378 INFO  [io.api.tes.uti.TestSeparator] (main) ############################################################################
2025-07-31 15:30:49,378 INFO  [io.api.tes.uti.TestSeparator] (main) io.apicurio.tests.serdes.apicurio.ProtobufSerdeIT.testFindLatestAndUseBody-STARTED
2025-07-31 15:30:50,426 INFO  [org.apa.kaf.cli.pro.ProducerConfig] (main) ProducerConfig values: 
	acks = -1
	auto.include.jmx.reporter = true
	batch.size = 16384
	bootstrap.servers = [PLAINTEXT://localhost:32770]
	buffer.memory = 33554432
	client.dns.lookup = use_all_dns_ips
	client.id = Producer-topic-de13d2a3_a006_4f24_9fa3_be58feae2baa
	compression.gzip.level = -1
	compression.lz4.level = 9
	compression.type = none
	compression.zstd.level = 3
	connections.max.idle.ms = 10000
	delivery.timeout.ms = 120000
	enable.idempotence = true
	enable.metrics.push = true
	interceptor.classes = []
	key.serializer = class org.apache.kafka.common.serialization.StringSerializer
	linger.ms = 0
	max.block.ms = 60000
	max.in.flight.requests.per.connection = 5
	max.request.size = 1048576
	metadata.max.age.ms = 300000
	metadata.max.idle.ms = 300000
	metadata.recovery.strategy = none
	metric.reporters = []
	metrics.num.samples = 2
	metrics.recording.level = INFO
	metrics.sample.window.ms = 30000
	partitioner.adaptive.partitioning.enable = true
	partitioner.availability.timeout.ms = 0
	partitioner.class = null
	partitioner.ignore.keys = false
	receive.buffer.bytes = 32768
	reconnect.backoff.max.ms = 1000
	reconnect.backoff.ms = 50
	request.timeout.ms = 5000
	retries = 2147483647
	retry.backoff.max.ms = 1000
	retry.backoff.ms = 100
	sasl.client.callback.handler.class = null
	sasl.jaas.config = null
	sasl.kerberos.kinit.cmd = /usr/bin/kinit
	sasl.kerberos.min.time.before.relogin = 60000
	sasl.kerberos.service.name = null
	sasl.kerberos.ticket.renew.jitter = 0.05
	sasl.kerberos.ticket.renew.window.factor = 0.8
	sasl.login.callback.handler.class = null
	sasl.login.class = null
	sasl.login.connect.timeout.ms = null
	sasl.login.read.timeout.ms = null
	sasl.login.refresh.buffer.seconds = 300
	sasl.login.refresh.min.period.seconds = 60
	sasl.login.refresh.window.factor = 0.8
	sasl.login.refresh.window.jitter = 0.05
	sasl.login.retry.backoff.max.ms = 10000
	sasl.login.retry.backoff.ms = 100
	sasl.mechanism = GSSAPI
	sasl.oauthbearer.clock.skew.seconds = 30
	sasl.oauthbearer.expected.audience = null
	sasl.oauthbearer.expected.issuer = null
	sasl.oauthbearer.header.urlencode = false
	sasl.oauthbearer.jwks.endpoint.refresh.ms = 3600000
	sasl.oauthbearer.jwks.endpoint.retry.backoff.max.ms = 10000
	sasl.oauthbearer.jwks.endpoint.retry.backoff.ms = 100
	sasl.oauthbearer.jwks.endpoint.url = null
	sasl.oauthbearer.scope.claim.name = scope
	sasl.oauthbearer.sub.claim.name = sub
	sasl.oauthbearer.token.endpoint.url = null
	security.protocol = PLAINTEXT
	security.providers = null
	send.buffer.bytes = 131072
	socket.connection.setup.timeout.max.ms = 30000
	socket.connection.setup.timeout.ms = 10000
	ssl.cipher.suites = null
	ssl.enabled.protocols = [TLSv1.2, TLSv1.3]
	ssl.endpoint.identification.algorithm = https
	ssl.engine.factory.class = null
	ssl.key.password = null
	ssl.keymanager.algorithm = SunX509
	ssl.keystore.certificate.chain = null
	ssl.keystore.key = null
	ssl.keystore.location = null
	ssl.keystore.password = null
	ssl.keystore.type = JKS
	ssl.protocol = TLSv1.3
	ssl.provider = null
	ssl.secure.random.implementation = null
	ssl.trustmanager.algorithm = PKIX
	ssl.truststore.certificates = null
	ssl.truststore.location = null
	ssl.truststore.password = null
	ssl.truststore.type = JKS
	transaction.timeout.ms = 60000
	transactional.id = null
	value.serializer = class io.apicurio.registry.serde.protobuf.ProtobufKafkaSerializer

2025-07-31 15:30:50,426 INFO  [org.apa.kaf.com.tel.int.KafkaMetricsCollector] (main) initializing Kafka metrics collector
2025-07-31 15:30:50,430 INFO  [org.apa.kaf.cli.pro.KafkaProducer] (main) [Producer clientId=Producer-topic-de13d2a3_a006_4f24_9fa3_be58feae2baa] Instantiated an idempotent producer.
2025-07-31 15:30:50,431 INFO  [org.apa.kaf.cli.pro.ProducerConfig] (main) These configurations '[apicurio.registry.find-latest, apicurio.registry.url, apicurio.registry.artifact-resolver-strategy]' were supplied but are not used yet.
2025-07-31 15:30:50,431 INFO  [org.apa.kaf.com.uti.AppInfoParser] (main) Kafka version: 3.9.0
2025-07-31 15:30:50,431 INFO  [org.apa.kaf.com.uti.AppInfoParser] (main) Kafka commitId: 84caaa6e9da06435
2025-07-31 15:30:50,431 INFO  [org.apa.kaf.com.uti.AppInfoParser] (main) Kafka startTimeMs: 1753975850431
2025-07-31 15:30:50,431 INFO  [io.api.tes.ser.api.SimpleSerdesTesterBuilder$SimpleSerdesTester] (main) Using producer configuration: {apicurio.registry.find-latest=true, apicurio.registry.url=http://registry-app-postgresql.apps.ci419.apicurio-testing.org:80/apis/registry/v3, apicurio.registry.artifact-resolver-strategy=io.apicurio.registry.serde.strategy.TopicIdStrategy, value.serializer=io.apicurio.registry.serde.protobuf.ProtobufKafkaSerializer, request.timeout.ms=5000, acks=all, bootstrap.servers=PLAINTEXT://localhost:32770, connections.max.idle.ms=10000, key.serializer=org.apache.kafka.common.serialization.StringSerializer, client.id=Producer-topic-de13d2a3_a006_4f24_9fa3_be58feae2baa}
2025-07-31 15:30:50,431 INFO  [io.api.tes.ser.api.SimpleSerdesTesterBuilder$SimpleSerdesTester] (main) Using consumer configuration: {}
2025-07-31 15:30:50,433 INFO  [io.api.tes.ser.api.KafkaSerdesTester] (Thread-356) Sending message header {
  time {
  }
}
d1: 1.753975850432E12
s1: "a"
i1: 123
bi1: 1
point {
  longitude: 22.0
  latitude: 22.0
  altitude: 1.0
}
 to topic topic-de13d2a3_a006_4f24_9fa3_be58feae2baa
2025-07-31 15:30:50,436 INFO  [org.apa.kaf.cli.Metadata] (kafka-producer-network-thread | Producer-topic-de13d2a3_a006_4f24_9fa3_be58feae2baa) [Producer clientId=Producer-topic-de13d2a3_a006_4f24_9fa3_be58feae2baa] Cluster ID: BgnDnmd_Rn-oXa8M1ygsew
2025-07-31 15:30:50,437 INFO  [org.apa.kaf.cli.pro.int.TransactionManager] (kafka-producer-network-thread | Producer-topic-de13d2a3_a006_4f24_9fa3_be58feae2baa) [Producer clientId=Producer-topic-de13d2a3_a006_4f24_9fa3_be58feae2baa] ProducerId set to 42 with epoch 0
2025-07-31 15:30:50,525 INFO  [io.api.tes.ser.api.KafkaSerdesTester] (Thread-356) Sending message header {
  time {
  }
}
d1: 1.753975850525E12
s1: "a"
i1: 123
bi1: 1
point {
  longitude: 22.0
  latitude: 22.0
  altitude: 1.0
}
 to topic topic-de13d2a3_a006_4f24_9fa3_be58feae2baa
2025-07-31 15:30:50,529 INFO  [io.api.tes.ser.api.KafkaSerdesTester] (Thread-356) Sending message header {
  time {
  }
}
d1: 1.753975850529E12
s1: "a"
i1: 123
bi1: 1
point {
  longitude: 22.0
  latitude: 22.0
  altitude: 1.0
}
 to topic topic-de13d2a3_a006_4f24_9fa3_be58feae2baa
2025-07-31 15:30:50,533 INFO  [io.api.tes.ser.api.KafkaSerdesTester] (Thread-356) Sending message header {
  time {
  }
}
d1: 1.753975850533E12
s1: "a"
i1: 123
bi1: 1
point {
  longitude: 22.0
  latitude: 22.0
  altitude: 1.0
}
 to topic topic-de13d2a3_a006_4f24_9fa3_be58feae2baa
2025-07-31 15:30:50,536 INFO  [io.api.tes.ser.api.KafkaSerdesTester] (Thread-356) Sending message header {
  time {
  }
}
d1: 1.753975850536E12
s1: "a"
i1: 123
bi1: 1
point {
  longitude: 22.0
  latitude: 22.0
  altitude: 1.0
}
 to topic topic-de13d2a3_a006_4f24_9fa3_be58feae2baa
2025-07-31 15:30:50,538 INFO  [io.api.tes.ser.api.KafkaSerdesTester] (Thread-356) Sending message header {
  time {
  }
}
d1: 1.753975850538E12
s1: "a"
i1: 123
bi1: 1
point {
  longitude: 22.0
  latitude: 22.0
  altitude: 1.0
}
 to topic topic-de13d2a3_a006_4f24_9fa3_be58feae2baa
2025-07-31 15:30:50,539 INFO  [io.api.tes.ser.api.KafkaSerdesTester] (Thread-356) Sending message header {
  time {
  }
}
d1: 1.753975850539E12
s1: "a"
i1: 123
bi1: 1
point {
  longitude: 22.0
  latitude: 22.0
  altitude: 1.0
}
 to topic topic-de13d2a3_a006_4f24_9fa3_be58feae2baa
2025-07-31 15:30:50,541 INFO  [io.api.tes.ser.api.KafkaSerdesTester] (Thread-356) Sending message header {
  time {
  }
}
d1: 1.753975850541E12
s1: "a"
i1: 123
bi1: 1
point {
  longitude: 22.0
  latitude: 22.0
  altitude: 1.0
}
 to topic topic-de13d2a3_a006_4f24_9fa3_be58feae2baa
2025-07-31 15:30:50,543 INFO  [io.api.tes.ser.api.KafkaSerdesTester] (Thread-356) Sending message header {
  time {
  }
}
d1: 1.753975850543E12
s1: "a"
i1: 123
bi1: 1
point {
  longitude: 22.0
  latitude: 22.0
  altitude: 1.0
}
 to topic topic-de13d2a3_a006_4f24_9fa3_be58feae2baa
2025-07-31 15:30:50,544 INFO  [io.api.tes.ser.api.KafkaSerdesTester] (Thread-356) Sending message header {
  time {
  }
}
d1: 1.753975850544E12
s1: "a"
i1: 123
bi1: 1
point {
  longitude: 22.0
  latitude: 22.0
  altitude: 1.0
}
 to topic topic-de13d2a3_a006_4f24_9fa3_be58feae2baa
2025-07-31 15:30:50,545 INFO  [io.api.tes.ser.api.KafkaSerdesTester] (Thread-356) Produced 10 messages
2025-07-31 15:30:50,545 INFO  [org.apa.kaf.cli.pro.KafkaProducer] (Thread-356) [Producer clientId=Producer-topic-de13d2a3_a006_4f24_9fa3_be58feae2baa] Closing the Kafka producer with timeoutMillis = 9223372036854775807 ms.
2025-07-31 15:30:50,547 INFO  [org.apa.kaf.com.met.Metrics] (Thread-356) Metrics scheduler closed
2025-07-31 15:30:50,547 INFO  [org.apa.kaf.com.met.Metrics] (Thread-356) Closing reporter org.apache.kafka.common.metrics.JmxReporter
2025-07-31 15:30:50,547 INFO  [org.apa.kaf.com.met.Metrics] (Thread-356) Closing reporter org.apache.kafka.common.telemetry.internals.ClientTelemetryReporter
2025-07-31 15:30:50,547 INFO  [org.apa.kaf.com.met.Metrics] (Thread-356) Metrics reporters closed
2025-07-31 15:30:50,547 INFO  [org.apa.kaf.com.uti.AppInfoParser] (Thread-356) App info kafka.producer for Producer-topic-de13d2a3_a006_4f24_9fa3_be58feae2baa unregistered
2025-07-31 15:30:50,548 INFO  [org.apa.kaf.cli.con.ConsumerConfig] (main) ConsumerConfig values: 
	allow.auto.create.topics = true
	auto.commit.interval.ms = 500
	auto.include.jmx.reporter = true
	auto.offset.reset = earliest
	bootstrap.servers = [PLAINTEXT://localhost:32770]
	check.crcs = true
	client.dns.lookup = use_all_dns_ips
	client.id = consumer-Consumer-topic-de13d2a3_a006_4f24_9fa3_be58feae2baa-32
	client.rack = 
	connections.max.idle.ms = 10000
	default.api.timeout.ms = 60000
	enable.auto.commit = true
	enable.metrics.push = true
	exclude.internal.topics = true
	fetch.max.bytes = 52428800
	fetch.max.wait.ms = 500
	fetch.min.bytes = 1
	group.id = Consumer-topic-de13d2a3_a006_4f24_9fa3_be58feae2baa
	group.instance.id = null
	group.protocol = classic
	group.remote.assignor = null
	heartbeat.interval.ms = 3000
	interceptor.classes = []
	internal.leave.group.on.close = true
	internal.throw.on.fetch.stable.offset.unsupported = false
	isolation.level = read_uncommitted
	key.deserializer = class org.apache.kafka.common.serialization.StringDeserializer
	max.partition.fetch.bytes = 1048576
	max.poll.interval.ms = 300000
	max.poll.records = 500
	metadata.max.age.ms = 300000
	metadata.recovery.strategy = none
	metric.reporters = []
	metrics.num.samples = 2
	metrics.recording.level = INFO
	metrics.sample.window.ms = 30000
	partition.assignment.strategy = [class org.apache.kafka.clients.consumer.RangeAssignor, class org.apache.kafka.clients.consumer.CooperativeStickyAssignor]
	receive.buffer.bytes = 65536
	reconnect.backoff.max.ms = 1000
	reconnect.backoff.ms = 50
	request.timeout.ms = 5000
	retry.backoff.max.ms = 1000
	retry.backoff.ms = 100
	sasl.client.callback.handler.class = null
	sasl.jaas.config = null
	sasl.kerberos.kinit.cmd = /usr/bin/kinit
	sasl.kerberos.min.time.before.relogin = 60000
	sasl.kerberos.service.name = null
	sasl.kerberos.ticket.renew.jitter = 0.05
	sasl.kerberos.ticket.renew.window.factor = 0.8
	sasl.login.callback.handler.class = null
	sasl.login.class = null
	sasl.login.connect.timeout.ms = null
	sasl.login.read.timeout.ms = null
	sasl.login.refresh.buffer.seconds = 300
	sasl.login.refresh.min.period.seconds = 60
	sasl.login.refresh.window.factor = 0.8
	sasl.login.refresh.window.jitter = 0.05
	sasl.login.retry.backoff.max.ms = 10000
	sasl.login.retry.backoff.ms = 100
	sasl.mechanism = GSSAPI
	sasl.oauthbearer.clock.skew.seconds = 30
	sasl.oauthbearer.expected.audience = null
	sasl.oauthbearer.expected.issuer = null
	sasl.oauthbearer.header.urlencode = false
	sasl.oauthbearer.jwks.endpoint.refresh.ms = 3600000
	sasl.oauthbearer.jwks.endpoint.retry.backoff.max.ms = 10000
	sasl.oauthbearer.jwks.endpoint.retry.backoff.ms = 100
	sasl.oauthbearer.jwks.endpoint.url = null
	sasl.oauthbearer.scope.claim.name = scope
	sasl.oauthbearer.sub.claim.name = sub
	sasl.oauthbearer.token.endpoint.url = null
	security.protocol = PLAINTEXT
	security.providers = null
	send.buffer.bytes = 131072
	session.timeout.ms = 45000
	socket.connection.setup.timeout.max.ms = 30000
	socket.connection.setup.timeout.ms = 10000
	ssl.cipher.suites = null
	ssl.enabled.protocols = [TLSv1.2, TLSv1.3]
	ssl.endpoint.identification.algorithm = https
	ssl.engine.factory.class = null
	ssl.key.password = null
	ssl.keymanager.algorithm = SunX509
	ssl.keystore.certificate.chain = null
	ssl.keystore.key = null
	ssl.keystore.location = null
	ssl.keystore.password = null
	ssl.keystore.type = JKS
	ssl.protocol = TLSv1.3
	ssl.provider = null
	ssl.secure.random.implementation = null
	ssl.trustmanager.algorithm = PKIX
	ssl.truststore.certificates = null
	ssl.truststore.location = null
	ssl.truststore.password = null
	ssl.truststore.type = JKS
	value.deserializer = class io.apicurio.registry.serde.protobuf.ProtobufKafkaDeserializer

2025-07-31 15:30:50,548 INFO  [org.apa.kaf.com.tel.int.KafkaMetricsCollector] (main) initializing Kafka metrics collector
2025-07-31 15:30:50,552 INFO  [org.apa.kaf.cli.con.ConsumerConfig] (main) These configurations '[apicurio.registry.url]' were supplied but are not used yet.
2025-07-31 15:30:50,552 INFO  [org.apa.kaf.com.uti.AppInfoParser] (main) Kafka version: 3.9.0
2025-07-31 15:30:50,552 INFO  [org.apa.kaf.com.uti.AppInfoParser] (main) Kafka commitId: 84caaa6e9da06435
2025-07-31 15:30:50,552 INFO  [org.apa.kaf.com.uti.AppInfoParser] (main) Kafka startTimeMs: 1753975850552
2025-07-31 15:30:50,553 INFO  [org.apa.kaf.cli.con.int.ClassicKafkaConsumer] (Thread-359) [Consumer clientId=consumer-Consumer-topic-de13d2a3_a006_4f24_9fa3_be58feae2baa-32, groupId=Consumer-topic-de13d2a3_a006_4f24_9fa3_be58feae2baa] Subscribed to topic(s): topic-de13d2a3_a006_4f24_9fa3_be58feae2baa
2025-07-31 15:30:50,555 INFO  [org.apa.kaf.cli.Metadata] (Thread-359) [Consumer clientId=consumer-Consumer-topic-de13d2a3_a006_4f24_9fa3_be58feae2baa-32, groupId=Consumer-topic-de13d2a3_a006_4f24_9fa3_be58feae2baa] Cluster ID: BgnDnmd_Rn-oXa8M1ygsew
2025-07-31 15:30:50,556 INFO  [org.apa.kaf.cli.con.int.ConsumerCoordinator] (Thread-359) [Consumer clientId=consumer-Consumer-topic-de13d2a3_a006_4f24_9fa3_be58feae2baa-32, groupId=Consumer-topic-de13d2a3_a006_4f24_9fa3_be58feae2baa] Discovered group coordinator localhost:32770 (id: 2147483647 rack: null)
2025-07-31 15:30:50,556 INFO  [org.apa.kaf.cli.con.int.ConsumerCoordinator] (Thread-359) [Consumer clientId=consumer-Consumer-topic-de13d2a3_a006_4f24_9fa3_be58feae2baa-32, groupId=Consumer-topic-de13d2a3_a006_4f24_9fa3_be58feae2baa] (Re-)joining group
2025-07-31 15:30:50,558 INFO  [org.apa.kaf.cli.con.int.ConsumerCoordinator] (Thread-359) [Consumer clientId=consumer-Consumer-topic-de13d2a3_a006_4f24_9fa3_be58feae2baa-32, groupId=Consumer-topic-de13d2a3_a006_4f24_9fa3_be58feae2baa] Request joining group due to: need to re-join with the given member-id: consumer-Consumer-topic-de13d2a3_a006_4f24_9fa3_be58feae2baa-32-29b00bd0-a9c8-4303-9c92-8edeb1507ef7
2025-07-31 15:30:50,558 INFO  [org.apa.kaf.cli.con.int.ConsumerCoordinator] (Thread-359) [Consumer clientId=consumer-Consumer-topic-de13d2a3_a006_4f24_9fa3_be58feae2baa-32, groupId=Consumer-topic-de13d2a3_a006_4f24_9fa3_be58feae2baa] (Re-)joining group
2025-07-31 15:30:50,561 INFO  [org.apa.kaf.cli.con.int.ConsumerCoordinator] (Thread-359) [Consumer clientId=consumer-Consumer-topic-de13d2a3_a006_4f24_9fa3_be58feae2baa-32, groupId=Consumer-topic-de13d2a3_a006_4f24_9fa3_be58feae2baa] Successfully joined group with generation Generation{generationId=1, memberId='consumer-Consumer-topic-de13d2a3_a006_4f24_9fa3_be58feae2baa-32-29b00bd0-a9c8-4303-9c92-8edeb1507ef7', protocol='range'}
2025-07-31 15:30:50,561 INFO  [org.apa.kaf.cli.con.int.ConsumerCoordinator] (Thread-359) [Consumer clientId=consumer-Consumer-topic-de13d2a3_a006_4f24_9fa3_be58feae2baa-32, groupId=Consumer-topic-de13d2a3_a006_4f24_9fa3_be58feae2baa] Finished assignment for group at generation 1: {consumer-Consumer-topic-de13d2a3_a006_4f24_9fa3_be58feae2baa-32-29b00bd0-a9c8-4303-9c92-8edeb1507ef7=Assignment(partitions=[topic-de13d2a3_a006_4f24_9fa3_be58feae2baa-0])}
2025-07-31 15:30:50,562 INFO  [org.apa.kaf.cli.con.int.ConsumerCoordinator] (Thread-359) [Consumer clientId=consumer-Consumer-topic-de13d2a3_a006_4f24_9fa3_be58feae2baa-32, groupId=Consumer-topic-de13d2a3_a006_4f24_9fa3_be58feae2baa] Successfully synced group in generation Generation{generationId=1, memberId='consumer-Consumer-topic-de13d2a3_a006_4f24_9fa3_be58feae2baa-32-29b00bd0-a9c8-4303-9c92-8edeb1507ef7', protocol='range'}
2025-07-31 15:30:50,562 INFO  [org.apa.kaf.cli.con.int.ConsumerCoordinator] (Thread-359) [Consumer clientId=consumer-Consumer-topic-de13d2a3_a006_4f24_9fa3_be58feae2baa-32, groupId=Consumer-topic-de13d2a3_a006_4f24_9fa3_be58feae2baa] Notifying assignor about the new Assignment(partitions=[topic-de13d2a3_a006_4f24_9fa3_be58feae2baa-0])
2025-07-31 15:30:50,562 INFO  [org.apa.kaf.cli.con.int.ConsumerRebalanceListenerInvoker] (Thread-359) [Consumer clientId=consumer-Consumer-topic-de13d2a3_a006_4f24_9fa3_be58feae2baa-32, groupId=Consumer-topic-de13d2a3_a006_4f24_9fa3_be58feae2baa] Adding newly assigned partitions: topic-de13d2a3_a006_4f24_9fa3_be58feae2baa-0
2025-07-31 15:30:50,563 INFO  [org.apa.kaf.cli.con.int.ConsumerCoordinator] (Thread-359) [Consumer clientId=consumer-Consumer-topic-de13d2a3_a006_4f24_9fa3_be58feae2baa-32, groupId=Consumer-topic-de13d2a3_a006_4f24_9fa3_be58feae2baa] Found no committed offset for partition topic-de13d2a3_a006_4f24_9fa3_be58feae2baa-0
2025-07-31 15:30:50,566 INFO  [org.apa.kaf.cli.con.int.SubscriptionState] (Thread-359) [Consumer clientId=consumer-Consumer-topic-de13d2a3_a006_4f24_9fa3_be58feae2baa-32, groupId=Consumer-topic-de13d2a3_a006_4f24_9fa3_be58feae2baa] Resetting offset for partition topic-de13d2a3_a006_4f24_9fa3_be58feae2baa-0 to position FetchPosition{offset=0, offsetEpoch=Optional.empty, currentLeader=LeaderAndEpoch{leader=Optional[localhost:32770 (id: 0 rack: null)], epoch=0}}.
2025-07-31 15:30:50,636 INFO  [io.api.tes.ser.api.KafkaSerdesTester] (Thread-359) topic-de13d2a3_a006_4f24_9fa3_be58feae2baa 0 0 header {
  time {
  }
}
d1: 1.753975850432E12
s1: "a"
i1: 123
bi1: 1
point {
  longitude: 22.0
  latitude: 22.0
  altitude: 1.0
}

2025-07-31 15:30:50,636 INFO  [io.api.tes.ser.api.KafkaSerdesTester] (Thread-359) topic-de13d2a3_a006_4f24_9fa3_be58feae2baa 0 1 header {
  time {
  }
}
d1: 1.753975850525E12
s1: "a"
i1: 123
bi1: 1
point {
  longitude: 22.0
  latitude: 22.0
  altitude: 1.0
}

2025-07-31 15:30:50,636 INFO  [io.api.tes.ser.api.KafkaSerdesTester] (Thread-359) topic-de13d2a3_a006_4f24_9fa3_be58feae2baa 0 2 header {
  time {
  }
}
d1: 1.753975850529E12
s1: "a"
i1: 123
bi1: 1
point {
  longitude: 22.0
  latitude: 22.0
  altitude: 1.0
}

2025-07-31 15:30:50,636 INFO  [io.api.tes.ser.api.KafkaSerdesTester] (Thread-359) topic-de13d2a3_a006_4f24_9fa3_be58feae2baa 0 3 header {
  time {
  }
}
d1: 1.753975850533E12
s1: "a"
i1: 123
bi1: 1
point {
  longitude: 22.0
  latitude: 22.0
  altitude: 1.0
}

2025-07-31 15:30:50,636 INFO  [io.api.tes.ser.api.KafkaSerdesTester] (Thread-359) topic-de13d2a3_a006_4f24_9fa3_be58feae2baa 0 4 header {
  time {
  }
}
d1: 1.753975850536E12
s1: "a"
i1: 123
bi1: 1
point {
  longitude: 22.0
  latitude: 22.0
  altitude: 1.0
}

2025-07-31 15:30:50,636 INFO  [io.api.tes.ser.api.KafkaSerdesTester] (Thread-359) topic-de13d2a3_a006_4f24_9fa3_be58feae2baa 0 5 header {
  time {
  }
}
d1: 1.753975850538E12
s1: "a"
i1: 123
bi1: 1
point {
  longitude: 22.0
  latitude: 22.0
  altitude: 1.0
}

2025-07-31 15:30:50,637 INFO  [io.api.tes.ser.api.KafkaSerdesTester] (Thread-359) topic-de13d2a3_a006_4f24_9fa3_be58feae2baa 0 6 header {
  time {
  }
}
d1: 1.753975850539E12
s1: "a"
i1: 123
bi1: 1
point {
  longitude: 22.0
  latitude: 22.0
  altitude: 1.0
}

2025-07-31 15:30:50,637 INFO  [io.api.tes.ser.api.KafkaSerdesTester] (Thread-359) topic-de13d2a3_a006_4f24_9fa3_be58feae2baa 0 7 header {
  time {
  }
}
d1: 1.753975850541E12
s1: "a"
i1: 123
bi1: 1
point {
  longitude: 22.0
  latitude: 22.0
  altitude: 1.0
}

2025-07-31 15:30:50,637 INFO  [io.api.tes.ser.api.KafkaSerdesTester] (Thread-359) topic-de13d2a3_a006_4f24_9fa3_be58feae2baa 0 8 header {
  time {
  }
}
d1: 1.753975850543E12
s1: "a"
i1: 123
bi1: 1
point {
  longitude: 22.0
  latitude: 22.0
  altitude: 1.0
}

2025-07-31 15:30:50,637 INFO  [io.api.tes.ser.api.KafkaSerdesTester] (Thread-359) topic-de13d2a3_a006_4f24_9fa3_be58feae2baa 0 9 header {
  time {
  }
}
d1: 1.753975850544E12
s1: "a"
i1: 123
bi1: 1
point {
  longitude: 22.0
  latitude: 22.0
  altitude: 1.0
}

2025-07-31 15:30:50,637 INFO  [io.api.tes.ser.api.KafkaSerdesTester] (Thread-359) Consumed 10 messages
2025-07-31 15:30:50,642 INFO  [org.apa.kaf.cli.con.int.ConsumerRebalanceListenerInvoker] (Thread-359) [Consumer clientId=consumer-Consumer-topic-de13d2a3_a006_4f24_9fa3_be58feae2baa-32, groupId=Consumer-topic-de13d2a3_a006_4f24_9fa3_be58feae2baa] Revoke previously assigned partitions topic-de13d2a3_a006_4f24_9fa3_be58feae2baa-0
2025-07-31 15:30:50,642 INFO  [org.apa.kaf.cli.con.int.ConsumerCoordinator] (Thread-359) [Consumer clientId=consumer-Consumer-topic-de13d2a3_a006_4f24_9fa3_be58feae2baa-32, groupId=Consumer-topic-de13d2a3_a006_4f24_9fa3_be58feae2baa] Member consumer-Consumer-topic-de13d2a3_a006_4f24_9fa3_be58feae2baa-32-29b00bd0-a9c8-4303-9c92-8edeb1507ef7 sending LeaveGroup request to coordinator localhost:32770 (id: 2147483647 rack: null) due to the consumer is being closed
2025-07-31 15:30:50,642 INFO  [org.apa.kaf.cli.con.int.ConsumerCoordinator] (Thread-359) [Consumer clientId=consumer-Consumer-topic-de13d2a3_a006_4f24_9fa3_be58feae2baa-32, groupId=Consumer-topic-de13d2a3_a006_4f24_9fa3_be58feae2baa] Resetting generation and member id due to: consumer pro-actively leaving the group
2025-07-31 15:30:50,642 INFO  [org.apa.kaf.cli.con.int.ConsumerCoordinator] (Thread-359) [Consumer clientId=consumer-Consumer-topic-de13d2a3_a006_4f24_9fa3_be58feae2baa-32, groupId=Consumer-topic-de13d2a3_a006_4f24_9fa3_be58feae2baa] Request joining group due to: consumer pro-actively leaving the group
2025-07-31 15:30:51,138 INFO  [org.apa.kaf.com.met.Metrics] (Thread-359) Metrics scheduler closed
2025-07-31 15:30:51,138 INFO  [org.apa.kaf.com.met.Metrics] (Thread-359) Closing reporter org.apache.kafka.common.metrics.JmxReporter
2025-07-31 15:30:51,138 INFO  [org.apa.kaf.com.met.Metrics] (Thread-359) Closing reporter org.apache.kafka.common.telemetry.internals.ClientTelemetryReporter
2025-07-31 15:30:51,138 INFO  [org.apa.kaf.com.met.Metrics] (Thread-359) Metrics reporters closed
2025-07-31 15:30:51,140 INFO  [org.apa.kaf.com.uti.AppInfoParser] (Thread-359) App info kafka.consumer for consumer-Consumer-topic-de13d2a3_a006_4f24_9fa3_be58feae2baa-32 unregistered
2025-07-31 15:30:51,141 INFO  [io.api.tes.uti.TestSeparator] (main) io.apicurio.tests.serdes.apicurio.ProtobufSerdeIT.testFindLatestAndUseBody-FINISHED
2025-07-31 15:30:51,141 INFO  [io.api.tes.uti.TestSeparator] (main) ############################################################################
]]></system-out>
  </testcase>
  <testcase name="testConsumeDynamicMessage" classname="io.apicurio.tests.serdes.apicurio.ProtobufSerdeIT" time="1.049">
    <system-out><![CDATA[2025-07-31 15:30:51,142 INFO  [io.api.tes.uti.TestSeparator] (main) ############################################################################
2025-07-31 15:30:51,142 INFO  [io.api.tes.uti.TestSeparator] (main) io.apicurio.tests.serdes.apicurio.ProtobufSerdeIT.testConsumeDynamicMessage-STARTED
2025-07-31 15:30:52,189 INFO  [io.api.tes.uti.TestSeparator] (main) io.apicurio.tests.serdes.apicurio.ProtobufSerdeIT.testConsumeDynamicMessage-FINISHED
2025-07-31 15:30:52,189 INFO  [io.api.tes.uti.TestSeparator] (main) ############################################################################
]]></system-out>
  </testcase>
  <testcase name="testAutoRegisterDynamicMessageProtobufType" classname="io.apicurio.tests.serdes.apicurio.ProtobufSerdeIT" time="0.884">
    <system-out><![CDATA[2025-07-31 15:30:52,191 INFO  [io.api.tes.uti.TestSeparator] (main) ############################################################################
2025-07-31 15:30:52,191 INFO  [io.api.tes.uti.TestSeparator] (main) io.apicurio.tests.serdes.apicurio.ProtobufSerdeIT.testAutoRegisterDynamicMessageProtobufType-STARTED
2025-07-31 15:30:52,192 INFO  [org.apa.kaf.cli.pro.ProducerConfig] (main) ProducerConfig values: 
	acks = -1
	auto.include.jmx.reporter = true
	batch.size = 16384
	bootstrap.servers = [PLAINTEXT://localhost:32770]
	buffer.memory = 33554432
	client.dns.lookup = use_all_dns_ips
	client.id = Producer-topic-9d0c64bf_52b6_45d3_85bc_b390127cf1c3
	compression.gzip.level = -1
	compression.lz4.level = 9
	compression.type = none
	compression.zstd.level = 3
	connections.max.idle.ms = 10000
	delivery.timeout.ms = 120000
	enable.idempotence = true
	enable.metrics.push = true
	interceptor.classes = []
	key.serializer = class org.apache.kafka.common.serialization.StringSerializer
	linger.ms = 0
	max.block.ms = 60000
	max.in.flight.requests.per.connection = 5
	max.request.size = 1048576
	metadata.max.age.ms = 300000
	metadata.max.idle.ms = 300000
	metadata.recovery.strategy = none
	metric.reporters = []
	metrics.num.samples = 2
	metrics.recording.level = INFO
	metrics.sample.window.ms = 30000
	partitioner.adaptive.partitioning.enable = true
	partitioner.availability.timeout.ms = 0
	partitioner.class = null
	partitioner.ignore.keys = false
	receive.buffer.bytes = 32768
	reconnect.backoff.max.ms = 1000
	reconnect.backoff.ms = 50
	request.timeout.ms = 5000
	retries = 2147483647
	retry.backoff.max.ms = 1000
	retry.backoff.ms = 100
	sasl.client.callback.handler.class = null
	sasl.jaas.config = null
	sasl.kerberos.kinit.cmd = /usr/bin/kinit
	sasl.kerberos.min.time.before.relogin = 60000
	sasl.kerberos.service.name = null
	sasl.kerberos.ticket.renew.jitter = 0.05
	sasl.kerberos.ticket.renew.window.factor = 0.8
	sasl.login.callback.handler.class = null
	sasl.login.class = null
	sasl.login.connect.timeout.ms = null
	sasl.login.read.timeout.ms = null
	sasl.login.refresh.buffer.seconds = 300
	sasl.login.refresh.min.period.seconds = 60
	sasl.login.refresh.window.factor = 0.8
	sasl.login.refresh.window.jitter = 0.05
	sasl.login.retry.backoff.max.ms = 10000
	sasl.login.retry.backoff.ms = 100
	sasl.mechanism = GSSAPI
	sasl.oauthbearer.clock.skew.seconds = 30
	sasl.oauthbearer.expected.audience = null
	sasl.oauthbearer.expected.issuer = null
	sasl.oauthbearer.header.urlencode = false
	sasl.oauthbearer.jwks.endpoint.refresh.ms = 3600000
	sasl.oauthbearer.jwks.endpoint.retry.backoff.max.ms = 10000
	sasl.oauthbearer.jwks.endpoint.retry.backoff.ms = 100
	sasl.oauthbearer.jwks.endpoint.url = null
	sasl.oauthbearer.scope.claim.name = scope
	sasl.oauthbearer.sub.claim.name = sub
	sasl.oauthbearer.token.endpoint.url = null
	security.protocol = PLAINTEXT
	security.providers = null
	send.buffer.bytes = 131072
	socket.connection.setup.timeout.max.ms = 30000
	socket.connection.setup.timeout.ms = 10000
	ssl.cipher.suites = null
	ssl.enabled.protocols = [TLSv1.2, TLSv1.3]
	ssl.endpoint.identification.algorithm = https
	ssl.engine.factory.class = null
	ssl.key.password = null
	ssl.keymanager.algorithm = SunX509
	ssl.keystore.certificate.chain = null
	ssl.keystore.key = null
	ssl.keystore.location = null
	ssl.keystore.password = null
	ssl.keystore.type = JKS
	ssl.protocol = TLSv1.3
	ssl.provider = null
	ssl.secure.random.implementation = null
	ssl.trustmanager.algorithm = PKIX
	ssl.truststore.certificates = null
	ssl.truststore.location = null
	ssl.truststore.password = null
	ssl.truststore.type = JKS
	transaction.timeout.ms = 60000
	transactional.id = null
	value.serializer = class io.apicurio.registry.serde.protobuf.ProtobufKafkaSerializer

2025-07-31 15:30:52,192 INFO  [org.apa.kaf.com.tel.int.KafkaMetricsCollector] (main) initializing Kafka metrics collector
2025-07-31 15:30:52,197 INFO  [org.apa.kaf.cli.pro.KafkaProducer] (main) [Producer clientId=Producer-topic-9d0c64bf_52b6_45d3_85bc_b390127cf1c3] Instantiated an idempotent producer.
2025-07-31 15:30:52,200 INFO  [org.apa.kaf.cli.pro.ProducerConfig] (main) These configurations '[apicurio.registry.url, apicurio.registry.auto-register, apicurio.registry.artifact-resolver-strategy]' were supplied but are not used yet.
2025-07-31 15:30:52,200 INFO  [org.apa.kaf.com.uti.AppInfoParser] (main) Kafka version: 3.9.0
2025-07-31 15:30:52,200 INFO  [org.apa.kaf.com.uti.AppInfoParser] (main) Kafka commitId: 84caaa6e9da06435
2025-07-31 15:30:52,200 INFO  [org.apa.kaf.com.uti.AppInfoParser] (main) Kafka startTimeMs: 1753975852200
2025-07-31 15:30:52,200 INFO  [io.api.tes.ser.api.SimpleSerdesTesterBuilder$SimpleSerdesTester] (main) Using producer configuration: {apicurio.registry.url=http://registry-app-postgresql.apps.ci419.apicurio-testing.org:80/apis/registry/v3, apicurio.registry.auto-register=true, apicurio.registry.artifact-resolver-strategy=io.apicurio.registry.serde.strategy.TopicIdStrategy, value.serializer=io.apicurio.registry.serde.protobuf.ProtobufKafkaSerializer, request.timeout.ms=5000, acks=all, bootstrap.servers=PLAINTEXT://localhost:32770, connections.max.idle.ms=10000, key.serializer=org.apache.kafka.common.serialization.StringSerializer, client.id=Producer-topic-9d0c64bf_52b6_45d3_85bc_b390127cf1c3}
2025-07-31 15:30:52,200 INFO  [io.api.tes.ser.api.SimpleSerdesTesterBuilder$SimpleSerdesTester] (main) Using consumer configuration: {apicurio.registry.deserializer.value.return-class=com.google.protobuf.DynamicMessage}
2025-07-31 15:30:52,202 INFO  [io.api.tes.ser.api.KafkaSerdesTester] (Thread-362) Sending message header {
  time {
  }
}
d1: 1.753975852202E12
s1: "a"
i1: 123
bi1: 1
point {
  longitude: 22.0
  latitude: 22.0
  altitude: 1.0
}
 to topic topic-9d0c64bf_52b6_45d3_85bc_b390127cf1c3
2025-07-31 15:30:52,224 WARN  [org.apa.kaf.cli.NetworkClient] (kafka-producer-network-thread | Producer-topic-9d0c64bf_52b6_45d3_85bc_b390127cf1c3) [Producer clientId=Producer-topic-9d0c64bf_52b6_45d3_85bc_b390127cf1c3] The metadata response from the cluster reported a recoverable issue with correlation id 2 : {topic-9d0c64bf_52b6_45d3_85bc_b390127cf1c3=LEADER_NOT_AVAILABLE}
2025-07-31 15:30:52,225 INFO  [org.apa.kaf.cli.Metadata] (kafka-producer-network-thread | Producer-topic-9d0c64bf_52b6_45d3_85bc_b390127cf1c3) [Producer clientId=Producer-topic-9d0c64bf_52b6_45d3_85bc_b390127cf1c3] Cluster ID: BgnDnmd_Rn-oXa8M1ygsew
2025-07-31 15:30:52,230 INFO  [org.apa.kaf.cli.pro.int.TransactionManager] (kafka-producer-network-thread | Producer-topic-9d0c64bf_52b6_45d3_85bc_b390127cf1c3) [Producer clientId=Producer-topic-9d0c64bf_52b6_45d3_85bc_b390127cf1c3] ProducerId set to 43 with epoch 0
2025-07-31 15:30:52,417 INFO  [io.api.tes.ser.api.KafkaSerdesTester] (Thread-362) Sending message header {
  time {
  }
}
d1: 1.753975852416E12
s1: "a"
i1: 123
bi1: 1
point {
  longitude: 22.0
  latitude: 22.0
  altitude: 1.0
}
 to topic topic-9d0c64bf_52b6_45d3_85bc_b390127cf1c3
2025-07-31 15:30:52,419 INFO  [io.api.tes.ser.api.KafkaSerdesTester] (Thread-362) Sending message header {
  time {
  }
}
d1: 1.753975852419E12
s1: "a"
i1: 123
bi1: 1
point {
  longitude: 22.0
  latitude: 22.0
  altitude: 1.0
}
 to topic topic-9d0c64bf_52b6_45d3_85bc_b390127cf1c3
2025-07-31 15:30:52,421 INFO  [io.api.tes.ser.api.KafkaSerdesTester] (Thread-362) Sending message header {
  time {
  }
}
d1: 1.753975852421E12
s1: "a"
i1: 123
bi1: 1
point {
  longitude: 22.0
  latitude: 22.0
  altitude: 1.0
}
 to topic topic-9d0c64bf_52b6_45d3_85bc_b390127cf1c3
2025-07-31 15:30:52,423 INFO  [io.api.tes.ser.api.KafkaSerdesTester] (Thread-362) Sending message header {
  time {
  }
}
d1: 1.753975852423E12
s1: "a"
i1: 123
bi1: 1
point {
  longitude: 22.0
  latitude: 22.0
  altitude: 1.0
}
 to topic topic-9d0c64bf_52b6_45d3_85bc_b390127cf1c3
2025-07-31 15:30:52,425 INFO  [io.api.tes.ser.api.KafkaSerdesTester] (Thread-362) Sending message header {
  time {
  }
}
d1: 1.753975852425E12
s1: "a"
i1: 123
bi1: 1
point {
  longitude: 22.0
  latitude: 22.0
  altitude: 1.0
}
 to topic topic-9d0c64bf_52b6_45d3_85bc_b390127cf1c3
2025-07-31 15:30:52,427 INFO  [io.api.tes.ser.api.KafkaSerdesTester] (Thread-362) Sending message header {
  time {
  }
}
d1: 1.753975852427E12
s1: "a"
i1: 123
bi1: 1
point {
  longitude: 22.0
  latitude: 22.0
  altitude: 1.0
}
 to topic topic-9d0c64bf_52b6_45d3_85bc_b390127cf1c3
2025-07-31 15:30:52,429 INFO  [io.api.tes.ser.api.KafkaSerdesTester] (Thread-362) Sending message header {
  time {
  }
}
d1: 1.753975852429E12
s1: "a"
i1: 123
bi1: 1
point {
  longitude: 22.0
  latitude: 22.0
  altitude: 1.0
}
 to topic topic-9d0c64bf_52b6_45d3_85bc_b390127cf1c3
2025-07-31 15:30:52,431 INFO  [io.api.tes.ser.api.KafkaSerdesTester] (Thread-362) Sending message header {
  time {
  }
}
d1: 1.75397585243E12
s1: "a"
i1: 123
bi1: 1
point {
  longitude: 22.0
  latitude: 22.0
  altitude: 1.0
}
 to topic topic-9d0c64bf_52b6_45d3_85bc_b390127cf1c3
2025-07-31 15:30:52,432 INFO  [io.api.tes.ser.api.KafkaSerdesTester] (Thread-362) Sending message header {
  time {
  }
}
d1: 1.753975852432E12
s1: "a"
i1: 123
bi1: 1
point {
  longitude: 22.0
  latitude: 22.0
  altitude: 1.0
}
 to topic topic-9d0c64bf_52b6_45d3_85bc_b390127cf1c3
2025-07-31 15:30:52,433 INFO  [io.api.tes.ser.api.KafkaSerdesTester] (Thread-362) Produced 10 messages
2025-07-31 15:30:52,433 INFO  [org.apa.kaf.cli.pro.KafkaProducer] (Thread-362) [Producer clientId=Producer-topic-9d0c64bf_52b6_45d3_85bc_b390127cf1c3] Closing the Kafka producer with timeoutMillis = 9223372036854775807 ms.
2025-07-31 15:30:52,435 INFO  [org.apa.kaf.com.met.Metrics] (Thread-362) Metrics scheduler closed
2025-07-31 15:30:52,435 INFO  [org.apa.kaf.com.met.Metrics] (Thread-362) Closing reporter org.apache.kafka.common.metrics.JmxReporter
2025-07-31 15:30:52,435 INFO  [org.apa.kaf.com.met.Metrics] (Thread-362) Closing reporter org.apache.kafka.common.telemetry.internals.ClientTelemetryReporter
2025-07-31 15:30:52,435 INFO  [org.apa.kaf.com.met.Metrics] (Thread-362) Metrics reporters closed
2025-07-31 15:30:52,435 INFO  [org.apa.kaf.com.uti.AppInfoParser] (Thread-362) App info kafka.producer for Producer-topic-9d0c64bf_52b6_45d3_85bc_b390127cf1c3 unregistered
2025-07-31 15:30:52,463 INFO  [org.apa.kaf.cli.con.ConsumerConfig] (main) ConsumerConfig values: 
	allow.auto.create.topics = true
	auto.commit.interval.ms = 500
	auto.include.jmx.reporter = true
	auto.offset.reset = earliest
	bootstrap.servers = [PLAINTEXT://localhost:32770]
	check.crcs = true
	client.dns.lookup = use_all_dns_ips
	client.id = consumer-Consumer-topic-9d0c64bf_52b6_45d3_85bc_b390127cf1c3-33
	client.rack = 
	connections.max.idle.ms = 10000
	default.api.timeout.ms = 60000
	enable.auto.commit = true
	enable.metrics.push = true
	exclude.internal.topics = true
	fetch.max.bytes = 52428800
	fetch.max.wait.ms = 500
	fetch.min.bytes = 1
	group.id = Consumer-topic-9d0c64bf_52b6_45d3_85bc_b390127cf1c3
	group.instance.id = null
	group.protocol = classic
	group.remote.assignor = null
	heartbeat.interval.ms = 3000
	interceptor.classes = []
	internal.leave.group.on.close = true
	internal.throw.on.fetch.stable.offset.unsupported = false
	isolation.level = read_uncommitted
	key.deserializer = class org.apache.kafka.common.serialization.StringDeserializer
	max.partition.fetch.bytes = 1048576
	max.poll.interval.ms = 300000
	max.poll.records = 500
	metadata.max.age.ms = 300000
	metadata.recovery.strategy = none
	metric.reporters = []
	metrics.num.samples = 2
	metrics.recording.level = INFO
	metrics.sample.window.ms = 30000
	partition.assignment.strategy = [class org.apache.kafka.clients.consumer.RangeAssignor, class org.apache.kafka.clients.consumer.CooperativeStickyAssignor]
	receive.buffer.bytes = 65536
	reconnect.backoff.max.ms = 1000
	reconnect.backoff.ms = 50
	request.timeout.ms = 5000
	retry.backoff.max.ms = 1000
	retry.backoff.ms = 100
	sasl.client.callback.handler.class = null
	sasl.jaas.config = null
	sasl.kerberos.kinit.cmd = /usr/bin/kinit
	sasl.kerberos.min.time.before.relogin = 60000
	sasl.kerberos.service.name = null
	sasl.kerberos.ticket.renew.jitter = 0.05
	sasl.kerberos.ticket.renew.window.factor = 0.8
	sasl.login.callback.handler.class = null
	sasl.login.class = null
	sasl.login.connect.timeout.ms = null
	sasl.login.read.timeout.ms = null
	sasl.login.refresh.buffer.seconds = 300
	sasl.login.refresh.min.period.seconds = 60
	sasl.login.refresh.window.factor = 0.8
	sasl.login.refresh.window.jitter = 0.05
	sasl.login.retry.backoff.max.ms = 10000
	sasl.login.retry.backoff.ms = 100
	sasl.mechanism = GSSAPI
	sasl.oauthbearer.clock.skew.seconds = 30
	sasl.oauthbearer.expected.audience = null
	sasl.oauthbearer.expected.issuer = null
	sasl.oauthbearer.header.urlencode = false
	sasl.oauthbearer.jwks.endpoint.refresh.ms = 3600000
	sasl.oauthbearer.jwks.endpoint.retry.backoff.max.ms = 10000
	sasl.oauthbearer.jwks.endpoint.retry.backoff.ms = 100
	sasl.oauthbearer.jwks.endpoint.url = null
	sasl.oauthbearer.scope.claim.name = scope
	sasl.oauthbearer.sub.claim.name = sub
	sasl.oauthbearer.token.endpoint.url = null
	security.protocol = PLAINTEXT
	security.providers = null
	send.buffer.bytes = 131072
	session.timeout.ms = 45000
	socket.connection.setup.timeout.max.ms = 30000
	socket.connection.setup.timeout.ms = 10000
	ssl.cipher.suites = null
	ssl.enabled.protocols = [TLSv1.2, TLSv1.3]
	ssl.endpoint.identification.algorithm = https
	ssl.engine.factory.class = null
	ssl.key.password = null
	ssl.keymanager.algorithm = SunX509
	ssl.keystore.certificate.chain = null
	ssl.keystore.key = null
	ssl.keystore.location = null
	ssl.keystore.password = null
	ssl.keystore.type = JKS
	ssl.protocol = TLSv1.3
	ssl.provider = null
	ssl.secure.random.implementation = null
	ssl.trustmanager.algorithm = PKIX
	ssl.truststore.certificates = null
	ssl.truststore.location = null
	ssl.truststore.password = null
	ssl.truststore.type = JKS
	value.deserializer = class io.apicurio.registry.serde.protobuf.ProtobufKafkaDeserializer

2025-07-31 15:30:52,463 INFO  [org.apa.kaf.com.tel.int.KafkaMetricsCollector] (main) initializing Kafka metrics collector
2025-07-31 15:30:52,468 INFO  [org.apa.kaf.cli.con.ConsumerConfig] (main) These configurations '[apicurio.registry.deserializer.value.return-class, apicurio.registry.url]' were supplied but are not used yet.
2025-07-31 15:30:52,469 INFO  [org.apa.kaf.com.uti.AppInfoParser] (main) Kafka version: 3.9.0
2025-07-31 15:30:52,469 INFO  [org.apa.kaf.com.uti.AppInfoParser] (main) Kafka commitId: 84caaa6e9da06435
2025-07-31 15:30:52,469 INFO  [org.apa.kaf.com.uti.AppInfoParser] (main) Kafka startTimeMs: 1753975852469
2025-07-31 15:30:52,469 INFO  [org.apa.kaf.cli.con.int.ClassicKafkaConsumer] (Thread-365) [Consumer clientId=consumer-Consumer-topic-9d0c64bf_52b6_45d3_85bc_b390127cf1c3-33, groupId=Consumer-topic-9d0c64bf_52b6_45d3_85bc_b390127cf1c3] Subscribed to topic(s): topic-9d0c64bf_52b6_45d3_85bc_b390127cf1c3
2025-07-31 15:30:52,474 INFO  [org.apa.kaf.cli.Metadata] (Thread-365) [Consumer clientId=consumer-Consumer-topic-9d0c64bf_52b6_45d3_85bc_b390127cf1c3-33, groupId=Consumer-topic-9d0c64bf_52b6_45d3_85bc_b390127cf1c3] Cluster ID: BgnDnmd_Rn-oXa8M1ygsew
2025-07-31 15:30:52,475 INFO  [org.apa.kaf.cli.con.int.ConsumerCoordinator] (Thread-365) [Consumer clientId=consumer-Consumer-topic-9d0c64bf_52b6_45d3_85bc_b390127cf1c3-33, groupId=Consumer-topic-9d0c64bf_52b6_45d3_85bc_b390127cf1c3] Discovered group coordinator localhost:32770 (id: 2147483647 rack: null)
2025-07-31 15:30:52,476 INFO  [org.apa.kaf.cli.con.int.ConsumerCoordinator] (Thread-365) [Consumer clientId=consumer-Consumer-topic-9d0c64bf_52b6_45d3_85bc_b390127cf1c3-33, groupId=Consumer-topic-9d0c64bf_52b6_45d3_85bc_b390127cf1c3] (Re-)joining group
2025-07-31 15:30:52,478 INFO  [org.apa.kaf.cli.con.int.ConsumerCoordinator] (Thread-365) [Consumer clientId=consumer-Consumer-topic-9d0c64bf_52b6_45d3_85bc_b390127cf1c3-33, groupId=Consumer-topic-9d0c64bf_52b6_45d3_85bc_b390127cf1c3] Request joining group due to: need to re-join with the given member-id: consumer-Consumer-topic-9d0c64bf_52b6_45d3_85bc_b390127cf1c3-33-72644dcb-a382-4801-98b2-d1f2be73ee92
2025-07-31 15:30:52,478 INFO  [org.apa.kaf.cli.con.int.ConsumerCoordinator] (Thread-365) [Consumer clientId=consumer-Consumer-topic-9d0c64bf_52b6_45d3_85bc_b390127cf1c3-33, groupId=Consumer-topic-9d0c64bf_52b6_45d3_85bc_b390127cf1c3] (Re-)joining group
2025-07-31 15:30:52,483 INFO  [org.apa.kaf.cli.con.int.ConsumerCoordinator] (Thread-365) [Consumer clientId=consumer-Consumer-topic-9d0c64bf_52b6_45d3_85bc_b390127cf1c3-33, groupId=Consumer-topic-9d0c64bf_52b6_45d3_85bc_b390127cf1c3] Successfully joined group with generation Generation{generationId=1, memberId='consumer-Consumer-topic-9d0c64bf_52b6_45d3_85bc_b390127cf1c3-33-72644dcb-a382-4801-98b2-d1f2be73ee92', protocol='range'}
2025-07-31 15:30:52,483 INFO  [org.apa.kaf.cli.con.int.ConsumerCoordinator] (Thread-365) [Consumer clientId=consumer-Consumer-topic-9d0c64bf_52b6_45d3_85bc_b390127cf1c3-33, groupId=Consumer-topic-9d0c64bf_52b6_45d3_85bc_b390127cf1c3] Finished assignment for group at generation 1: {consumer-Consumer-topic-9d0c64bf_52b6_45d3_85bc_b390127cf1c3-33-72644dcb-a382-4801-98b2-d1f2be73ee92=Assignment(partitions=[topic-9d0c64bf_52b6_45d3_85bc_b390127cf1c3-0])}
2025-07-31 15:30:52,485 INFO  [org.apa.kaf.cli.con.int.ConsumerCoordinator] (Thread-365) [Consumer clientId=consumer-Consumer-topic-9d0c64bf_52b6_45d3_85bc_b390127cf1c3-33, groupId=Consumer-topic-9d0c64bf_52b6_45d3_85bc_b390127cf1c3] Successfully synced group in generation Generation{generationId=1, memberId='consumer-Consumer-topic-9d0c64bf_52b6_45d3_85bc_b390127cf1c3-33-72644dcb-a382-4801-98b2-d1f2be73ee92', protocol='range'}
2025-07-31 15:30:52,485 INFO  [org.apa.kaf.cli.con.int.ConsumerCoordinator] (Thread-365) [Consumer clientId=consumer-Consumer-topic-9d0c64bf_52b6_45d3_85bc_b390127cf1c3-33, groupId=Consumer-topic-9d0c64bf_52b6_45d3_85bc_b390127cf1c3] Notifying assignor about the new Assignment(partitions=[topic-9d0c64bf_52b6_45d3_85bc_b390127cf1c3-0])
2025-07-31 15:30:52,485 INFO  [org.apa.kaf.cli.con.int.ConsumerRebalanceListenerInvoker] (Thread-365) [Consumer clientId=consumer-Consumer-topic-9d0c64bf_52b6_45d3_85bc_b390127cf1c3-33, groupId=Consumer-topic-9d0c64bf_52b6_45d3_85bc_b390127cf1c3] Adding newly assigned partitions: topic-9d0c64bf_52b6_45d3_85bc_b390127cf1c3-0
2025-07-31 15:30:52,486 INFO  [org.apa.kaf.cli.con.int.ConsumerCoordinator] (Thread-365) [Consumer clientId=consumer-Consumer-topic-9d0c64bf_52b6_45d3_85bc_b390127cf1c3-33, groupId=Consumer-topic-9d0c64bf_52b6_45d3_85bc_b390127cf1c3] Found no committed offset for partition topic-9d0c64bf_52b6_45d3_85bc_b390127cf1c3-0
2025-07-31 15:30:52,491 INFO  [org.apa.kaf.cli.con.int.SubscriptionState] (Thread-365) [Consumer clientId=consumer-Consumer-topic-9d0c64bf_52b6_45d3_85bc_b390127cf1c3-33, groupId=Consumer-topic-9d0c64bf_52b6_45d3_85bc_b390127cf1c3] Resetting offset for partition topic-9d0c64bf_52b6_45d3_85bc_b390127cf1c3-0 to position FetchPosition{offset=0, offsetEpoch=Optional.empty, currentLeader=LeaderAndEpoch{leader=Optional[localhost:32770 (id: 0 rack: null)], epoch=0}}.
2025-07-31 15:30:52,551 INFO  [io.api.tes.ser.api.KafkaSerdesTester] (Thread-365) topic-9d0c64bf_52b6_45d3_85bc_b390127cf1c3 0 0 header {
  time {
  }
}
d1: 1.753975852202E12
s1: "a"
i1: 123
bi1: 1
point {
  longitude: 22.0
  latitude: 22.0
  altitude: 1.0
}

2025-07-31 15:30:52,551 INFO  [io.api.tes.ser.api.KafkaSerdesTester] (Thread-365) topic-9d0c64bf_52b6_45d3_85bc_b390127cf1c3 0 1 header {
  time {
  }
}
d1: 1.753975852416E12
s1: "a"
i1: 123
bi1: 1
point {
  longitude: 22.0
  latitude: 22.0
  altitude: 1.0
}

2025-07-31 15:30:52,551 INFO  [io.api.tes.ser.api.KafkaSerdesTester] (Thread-365) topic-9d0c64bf_52b6_45d3_85bc_b390127cf1c3 0 2 header {
  time {
  }
}
d1: 1.753975852419E12
s1: "a"
i1: 123
bi1: 1
point {
  longitude: 22.0
  latitude: 22.0
  altitude: 1.0
}

2025-07-31 15:30:52,551 INFO  [io.api.tes.ser.api.KafkaSerdesTester] (Thread-365) topic-9d0c64bf_52b6_45d3_85bc_b390127cf1c3 0 3 header {
  time {
  }
}
d1: 1.753975852421E12
s1: "a"
i1: 123
bi1: 1
point {
  longitude: 22.0
  latitude: 22.0
  altitude: 1.0
}

2025-07-31 15:30:52,551 INFO  [io.api.tes.ser.api.KafkaSerdesTester] (Thread-365) topic-9d0c64bf_52b6_45d3_85bc_b390127cf1c3 0 4 header {
  time {
  }
}
d1: 1.753975852423E12
s1: "a"
i1: 123
bi1: 1
point {
  longitude: 22.0
  latitude: 22.0
  altitude: 1.0
}

2025-07-31 15:30:52,551 INFO  [io.api.tes.ser.api.KafkaSerdesTester] (Thread-365) topic-9d0c64bf_52b6_45d3_85bc_b390127cf1c3 0 5 header {
  time {
  }
}
d1: 1.753975852425E12
s1: "a"
i1: 123
bi1: 1
point {
  longitude: 22.0
  latitude: 22.0
  altitude: 1.0
}

2025-07-31 15:30:52,551 INFO  [io.api.tes.ser.api.KafkaSerdesTester] (Thread-365) topic-9d0c64bf_52b6_45d3_85bc_b390127cf1c3 0 6 header {
  time {
  }
}
d1: 1.753975852427E12
s1: "a"
i1: 123
bi1: 1
point {
  longitude: 22.0
  latitude: 22.0
  altitude: 1.0
}

2025-07-31 15:30:52,551 INFO  [io.api.tes.ser.api.KafkaSerdesTester] (Thread-365) topic-9d0c64bf_52b6_45d3_85bc_b390127cf1c3 0 7 header {
  time {
  }
}
d1: 1.753975852429E12
s1: "a"
i1: 123
bi1: 1
point {
  longitude: 22.0
  latitude: 22.0
  altitude: 1.0
}

2025-07-31 15:30:52,551 INFO  [io.api.tes.ser.api.KafkaSerdesTester] (Thread-365) topic-9d0c64bf_52b6_45d3_85bc_b390127cf1c3 0 8 header {
  time {
  }
}
d1: 1.75397585243E12
s1: "a"
i1: 123
bi1: 1
point {
  longitude: 22.0
  latitude: 22.0
  altitude: 1.0
}

2025-07-31 15:30:52,551 INFO  [io.api.tes.ser.api.KafkaSerdesTester] (Thread-365) topic-9d0c64bf_52b6_45d3_85bc_b390127cf1c3 0 9 header {
  time {
  }
}
d1: 1.753975852432E12
s1: "a"
i1: 123
bi1: 1
point {
  longitude: 22.0
  latitude: 22.0
  altitude: 1.0
}

2025-07-31 15:30:52,551 INFO  [io.api.tes.ser.api.KafkaSerdesTester] (Thread-365) Consumed 10 messages
2025-07-31 15:30:52,557 INFO  [org.apa.kaf.cli.con.int.ConsumerRebalanceListenerInvoker] (Thread-365) [Consumer clientId=consumer-Consumer-topic-9d0c64bf_52b6_45d3_85bc_b390127cf1c3-33, groupId=Consumer-topic-9d0c64bf_52b6_45d3_85bc_b390127cf1c3] Revoke previously assigned partitions topic-9d0c64bf_52b6_45d3_85bc_b390127cf1c3-0
2025-07-31 15:30:52,557 INFO  [org.apa.kaf.cli.con.int.ConsumerCoordinator] (Thread-365) [Consumer clientId=consumer-Consumer-topic-9d0c64bf_52b6_45d3_85bc_b390127cf1c3-33, groupId=Consumer-topic-9d0c64bf_52b6_45d3_85bc_b390127cf1c3] Member consumer-Consumer-topic-9d0c64bf_52b6_45d3_85bc_b390127cf1c3-33-72644dcb-a382-4801-98b2-d1f2be73ee92 sending LeaveGroup request to coordinator localhost:32770 (id: 2147483647 rack: null) due to the consumer is being closed
2025-07-31 15:30:52,557 INFO  [org.apa.kaf.cli.con.int.ConsumerCoordinator] (Thread-365) [Consumer clientId=consumer-Consumer-topic-9d0c64bf_52b6_45d3_85bc_b390127cf1c3-33, groupId=Consumer-topic-9d0c64bf_52b6_45d3_85bc_b390127cf1c3] Resetting generation and member id due to: consumer pro-actively leaving the group
2025-07-31 15:30:52,558 INFO  [org.apa.kaf.cli.con.int.ConsumerCoordinator] (Thread-365) [Consumer clientId=consumer-Consumer-topic-9d0c64bf_52b6_45d3_85bc_b390127cf1c3-33, groupId=Consumer-topic-9d0c64bf_52b6_45d3_85bc_b390127cf1c3] Request joining group due to: consumer pro-actively leaving the group
2025-07-31 15:30:53,055 INFO  [org.apa.kaf.com.met.Metrics] (Thread-365) Metrics scheduler closed
2025-07-31 15:30:53,055 INFO  [org.apa.kaf.com.met.Metrics] (Thread-365) Closing reporter org.apache.kafka.common.metrics.JmxReporter
2025-07-31 15:30:53,056 INFO  [org.apa.kaf.com.met.Metrics] (Thread-365) Closing reporter org.apache.kafka.common.telemetry.internals.ClientTelemetryReporter
2025-07-31 15:30:53,056 INFO  [org.apa.kaf.com.met.Metrics] (Thread-365) Metrics reporters closed
2025-07-31 15:30:53,057 INFO  [org.apa.kaf.com.uti.AppInfoParser] (Thread-365) App info kafka.consumer for consumer-Consumer-topic-9d0c64bf_52b6_45d3_85bc_b390127cf1c3-33 unregistered
2025-07-31 15:30:53,074 INFO  [io.api.tes.uti.TestSeparator] (main) io.apicurio.tests.serdes.apicurio.ProtobufSerdeIT.testAutoRegisterDynamicMessageProtobufType-FINISHED
2025-07-31 15:30:53,074 INFO  [io.api.tes.uti.TestSeparator] (main) ############################################################################
]]></system-out>
  </testcase>
</testsuite>