<?xml version="1.0" encoding="UTF-8"?>
<testsuite xmlns:xsi="http://www.w3.org/2001/XMLSchema-instance" xsi:noNamespaceSchemaLocation="https://maven.apache.org/surefire/maven-failsafe-plugin/xsd/failsafe-test-report.xsd" version="3.0.2" name="io.apicurio.tests.serdes.apicurio.AvroSerdeIT" time="49.51" tests="21" errors="0" skipped="2" failures="0">
  <properties>
    <property name="java.specification.version" value="17"/>
    <property name="sun.jnu.encoding" value="UTF-8"/>
    <property name="java.class.path" value="/home/runner/work/apicurio-testing/apicurio-testing/clusters/ci419/namespaces/postgresql/tests/integration/apicurio-registry/integration-tests/target/test-classes:/home/runner/work/apicurio-testing/apicurio-testing/clusters/ci419/namespaces/postgresql/tests/integration/apicurio-registry/integration-tests/target/apicurio-registry-integration-tests-3.0.9.jar:/home/runner/.m2/repository/io/quarkus/quarkus-junit5/3.15.4/quarkus-junit5-3.15.4.jar:/home/runner/.m2/repository/io/quarkus/quarkus-bootstrap-core/3.15.4/quarkus-bootstrap-core-3.15.4.jar:/home/runner/.m2/repository/io/quarkus/quarkus-classloader-commons/3.15.4/quarkus-classloader-commons-3.15.4.jar:/home/runner/.m2/repository/io/quarkus/quarkus-bootstrap-app-model/3.15.4/quarkus-bootstrap-app-model-3.15.4.jar:/home/runner/.m2/repository/io/smallrye/common/smallrye-common-io/2.6.1/smallrye-common-io-2.6.1.jar:/home/runner/.m2/repository/org/eclipse/sisu/org.eclipse.sisu.inject/0.9.0.M3/org.eclipse.sisu.inject-0.9.0.M3.jar:/home/runner/.m2/repository/io/quarkus/quarkus-test-common/3.15.4/quarkus-test-common-3.15.4.jar:/home/runner/.m2/repository/io/quarkus/quarkus-core-deployment/3.15.4/quarkus-core-deployment-3.15.4.jar:/home/runner/.m2/repository/org/aesh/readline/2.6/readline-2.6.jar:/home/runner/.m2/repository/org/fusesource/jansi/jansi/2.4.0/jansi-2.4.0.jar:/home/runner/.m2/repository/org/aesh/aesh/2.8.2/aesh-2.8.2.jar:/home/runner/.m2/repository/io/quarkus/gizmo/gizmo/1.8.0/gizmo-1.8.0.jar:/home/runner/.m2/repository/org/ow2/asm/asm-util/9.7/asm-util-9.7.jar:/home/runner/.m2/repository/org/ow2/asm/asm-analysis/9.7/asm-analysis-9.7.jar:/home/runner/.m2/repository/org/ow2/asm/asm-commons/9.7/asm-commons-9.7.jar:/home/runner/.m2/repository/org/ow2/asm/asm-tree/9.7/asm-tree-9.7.jar:/home/runner/.m2/repository/io/quarkus/quarkus-hibernate-validator-spi/3.15.4/quarkus-hibernate-validator-spi-3.15.4.jar:/home/runner/.m2/repository/io/quarkus/quarkus-class-change-agent/3.15.4/quarkus-class-change-agent-3.15.4.jar:/home/runner/.m2/repository/io/quarkus/quarkus-devtools-utilities/3.15.4/quarkus-devtools-utilities-3.15.4.jar:/home/runner/.m2/repository/io/quarkus/quarkus-builder/3.15.4/quarkus-builder-3.15.4.jar:/home/runner/.m2/repository/org/graalvm/sdk/nativeimage/23.1.2/nativeimage-23.1.2.jar:/home/runner/.m2/repository/org/graalvm/sdk/word/23.1.2/word-23.1.2.jar:/home/runner/.m2/repository/io/quarkus/quarkus-bootstrap-maven-resolver/3.15.4/quarkus-bootstrap-maven-resolver-3.15.4.jar:/home/runner/.m2/repository/io/smallrye/beanbag/smallrye-beanbag-maven/1.5.2/smallrye-beanbag-maven-1.5.2.jar:/home/runner/.m2/repository/io/smallrye/beanbag/smallrye-beanbag-sisu/1.5.2/smallrye-beanbag-sisu-1.5.2.jar:/home/runner/.m2/repository/io/smallrye/beanbag/smallrye-beanbag/1.5.2/smallrye-beanbag-1.5.2.jar:/home/runner/.m2/repository/javax/inject/javax.inject/1/javax.inject-1.jar:/home/runner/.m2/repository/org/apache/maven/maven-artifact/3.9.8/maven-artifact-3.9.8.jar:/home/runner/.m2/repository/org/apache/maven/maven-builder-support/3.9.8/maven-builder-support-3.9.8.jar:/home/runner/.m2/repository/org/apache/maven/maven-model/3.9.8/maven-model-3.9.8.jar:/home/runner/.m2/repository/org/apache/maven/maven-model-builder/3.9.8/maven-model-builder-3.9.8.jar:/home/runner/.m2/repository/org/apache/maven/maven-repository-metadata/3.9.8/maven-repository-metadata-3.9.8.jar:/home/runner/.m2/repository/org/apache/maven/maven-settings/3.9.8/maven-settings-3.9.8.jar:/home/runner/.m2/repository/org/apache/maven/resolver/maven-resolver-api/1.9.22/maven-resolver-api-1.9.22.jar:/home/runner/.m2/repository/org/apache/maven/resolver/maven-resolver-impl/1.9.22/maven-resolver-impl-1.9.22.jar:/home/runner/.m2/repository/org/apache/maven/resolver/maven-resolver-named-locks/1.9.22/maven-resolver-named-locks-1.9.22.jar:/home/runner/.m2/repository/org/apache/maven/resolver/maven-resolver-spi/1.9.22/maven-resolver-spi-1.9.22.jar:/home/runner/.m2/repository/org/apache/maven/resolver/maven-resolver-util/1.9.22/maven-resolver-util-1.9.22.jar:/home/runner/.m2/repository/org/apache/maven/resolver/maven-resolver-transport-http/1.9.20/maven-resolver-transport-http-1.9.20.jar:/home/runner/.m2/repository/org/apache/maven/wagon/wagon-provider-api/3.5.3/wagon-provider-api-3.5.3.jar:/home/runner/.m2/repository/org/apache/maven/wagon/wagon-http-shared/3.5.3/wagon-http-shared-3.5.3.jar:/home/runner/.m2/repository/org/codehaus/plexus/plexus-interpolation/1.26/plexus-interpolation-1.26.jar:/home/runner/.m2/repository/org/codehaus/plexus/plexus-utils/3.5.1/plexus-utils-3.5.1.jar:/home/runner/.m2/repository/org/codehaus/plexus/plexus-xml/4.0.1/plexus-xml-4.0.1.jar:/home/runner/.m2/repository/org/apache/maven/maven-xml-impl/4.0.0-alpha-5/maven-xml-impl-4.0.0-alpha-5.jar:/home/runner/.m2/repository/org/apache/maven/maven-api-xml/4.0.0-alpha-5/maven-api-xml-4.0.0-alpha-5.jar:/home/runner/.m2/repository/org/apache/maven/maven-api-meta/4.0.0-alpha-5/maven-api-meta-4.0.0-alpha-5.jar:/home/runner/.m2/repository/org/codehaus/plexus/plexus-cipher/2.0/plexus-cipher-2.0.jar:/home/runner/.m2/repository/org/codehaus/plexus/plexus-sec-dispatcher/2.0/plexus-sec-dispatcher-2.0.jar:/home/runner/.m2/repository/org/apache/maven/maven-embedder/3.9.8/maven-embedder-3.9.8.jar:/home/runner/.m2/repository/org/apache/maven/maven-core/3.9.8/maven-core-3.9.8.jar:/home/runner/.m2/repository/org/codehaus/plexus/plexus-component-annotations/2.1.0/plexus-component-annotations-2.1.0.jar:/home/runner/.m2/repository/org/apache/maven/maven-plugin-api/3.9.8/maven-plugin-api-3.9.8.jar:/home/runner/.m2/repository/org/apache/maven/shared/maven-shared-utils/3.4.2/maven-shared-utils-3.4.2.jar:/home/runner/.m2/repository/com/google/inject/guice/5.1.0/guice-5.1.0.jar:/home/runner/.m2/repository/aopalliance/aopalliance/1.0/aopalliance-1.0.jar:/home/runner/.m2/repository/javax/annotation/javax.annotation-api/1.3.2/javax.annotation-api-1.3.2.jar:/home/runner/.m2/repository/org/codehaus/plexus/plexus-classworlds/2.6.0/plexus-classworlds-2.6.0.jar:/home/runner/.m2/repository/commons-cli/commons-cli/1.8.0/commons-cli-1.8.0.jar:/home/runner/.m2/repository/org/eclipse/sisu/org.eclipse.sisu.plexus/0.9.0.M3/org.eclipse.sisu.plexus-0.9.0.M3.jar:/home/runner/.m2/repository/org/apache/maven/maven-settings-builder/3.9.8/maven-settings-builder-3.9.8.jar:/home/runner/.m2/repository/org/apache/maven/maven-resolver-provider/3.9.8/maven-resolver-provider-3.9.8.jar:/home/runner/.m2/repository/org/apache/maven/resolver/maven-resolver-connector-basic/1.9.22/maven-resolver-connector-basic-1.9.22.jar:/home/runner/.m2/repository/org/apache/maven/resolver/maven-resolver-transport-wagon/1.9.22/maven-resolver-transport-wagon-1.9.22.jar:/home/runner/.m2/repository/org/apache/maven/wagon/wagon-http/3.5.3/wagon-http-3.5.3.jar:/home/runner/.m2/repository/org/apache/maven/wagon/wagon-file/3.5.3/wagon-file-3.5.3.jar:/home/runner/.m2/repository/io/quarkus/quarkus-bootstrap-gradle-resolver/3.15.4/quarkus-bootstrap-gradle-resolver-3.15.4.jar:/home/runner/.m2/repository/io/smallrye/jandex/3.2.3/jandex-3.2.3.jar:/home/runner/.m2/repository/org/jboss/logging/commons-logging-jboss-logging/1.0.0.Final/commons-logging-jboss-logging-1.0.0.Final.jar:/home/runner/.m2/repository/io/quarkus/quarkus-junit5-properties/3.15.4/quarkus-junit5-properties-3.15.4.jar:/home/runner/.m2/repository/org/junit/jupiter/junit-jupiter/5.10.3/junit-jupiter-5.10.3.jar:/home/runner/.m2/repository/org/junit/jupiter/junit-jupiter-api/5.10.3/junit-jupiter-api-5.10.3.jar:/home/runner/.m2/repository/org/junit/jupiter/junit-jupiter-params/5.10.3/junit-jupiter-params-5.10.3.jar:/home/runner/.m2/repository/org/junit/jupiter/junit-jupiter-engine/5.10.3/junit-jupiter-engine-5.10.3.jar:/home/runner/.m2/repository/io/quarkus/quarkus-core/3.15.4/quarkus-core-3.15.4.jar:/home/runner/.m2/repository/jakarta/enterprise/jakarta.enterprise.cdi-api/4.1.0/jakarta.enterprise.cdi-api-4.1.0.jar:/home/runner/.m2/repository/jakarta/enterprise/jakarta.enterprise.lang-model/4.1.0/jakarta.enterprise.lang-model-4.1.0.jar:/home/runner/.m2/repository/jakarta/el/jakarta.el-api/5.0.1/jakarta.el-api-5.0.1.jar:/home/runner/.m2/repository/jakarta/interceptor/jakarta.interceptor-api/2.2.0/jakarta.interceptor-api-2.2.0.jar:/home/runner/.m2/repository/jakarta/inject/jakarta.inject-api/2.0.1/jakarta.inject-api-2.0.1.jar:/home/runner/.m2/repository/io/smallrye/common/smallrye-common-os/2.6.1/smallrye-common-os-2.6.1.jar:/home/runner/.m2/repository/io/quarkus/quarkus-ide-launcher/3.15.4/quarkus-ide-launcher-3.15.4.jar:/home/runner/.m2/repository/io/quarkus/quarkus-development-mode-spi/3.15.4/quarkus-development-mode-spi-3.15.4.jar:/home/runner/.m2/repository/io/smallrye/config/smallrye-config/3.9.1/smallrye-config-3.9.1.jar:/home/runner/.m2/repository/io/smallrye/config/smallrye-config-core/3.9.1/smallrye-config-core-3.9.1.jar:/home/runner/.m2/repository/io/smallrye/common/smallrye-common-annotation/2.6.1/smallrye-common-annotation-2.6.1.jar:/home/runner/.m2/repository/io/smallrye/common/smallrye-common-classloader/2.6.1/smallrye-common-classloader-2.6.1.jar:/home/runner/.m2/repository/io/smallrye/config/smallrye-config-common/3.9.1/smallrye-config-common-3.9.1.jar:/home/runner/.m2/repository/org/jboss/logging/jboss-logging/3.6.0.Final/jboss-logging-3.6.0.Final.jar:/home/runner/.m2/repository/org/jboss/logmanager/jboss-logmanager/3.1.1.Final/jboss-logmanager-3.1.1.Final.jar:/home/runner/.m2/repository/io/smallrye/common/smallrye-common-constraint/2.6.1/smallrye-common-constraint-2.6.1.jar:/home/runner/.m2/repository/io/smallrye/common/smallrye-common-cpu/2.6.1/smallrye-common-cpu-2.6.1.jar:/home/runner/.m2/repository/io/smallrye/common/smallrye-common-expression/2.6.1/smallrye-common-expression-2.6.1.jar:/home/runner/.m2/repository/io/smallrye/common/smallrye-common-function/2.6.1/smallrye-common-function-2.6.1.jar:/home/runner/.m2/repository/io/smallrye/common/smallrye-common-net/2.6.1/smallrye-common-net-2.6.1.jar:/home/runner/.m2/repository/io/smallrye/common/smallrye-common-ref/2.6.1/smallrye-common-ref-2.6.1.jar:/home/runner/.m2/repository/jakarta/json/jakarta.json-api/2.1.3/jakarta.json-api-2.1.3.jar:/home/runner/.m2/repository/org/eclipse/parsson/parsson/1.1.7/parsson-1.1.7.jar:/home/runner/.m2/repository/org/jboss/logging/jboss-logging-annotations/3.0.1.Final/jboss-logging-annotations-3.0.1.Final.jar:/home/runner/.m2/repository/org/jboss/threads/jboss-threads/3.6.1.Final/jboss-threads-3.6.1.Final.jar:/home/runner/.m2/repository/org/jboss/slf4j/slf4j-jboss-logmanager/2.0.0.Final/slf4j-jboss-logmanager-2.0.0.Final.jar:/home/runner/.m2/repository/org/wildfly/common/wildfly-common/1.7.0.Final/wildfly-common-1.7.0.Final.jar:/home/runner/.m2/repository/io/quarkus/quarkus-bootstrap-runner/3.15.4/quarkus-bootstrap-runner-3.15.4.jar:/home/runner/.m2/repository/io/github/crac/org-crac/0.1.3/org-crac-0.1.3.jar:/home/runner/.m2/repository/io/quarkus/quarkus-fs-util/0.0.10/quarkus-fs-util-0.0.10.jar:/home/runner/.m2/repository/org/jboss/marshalling/jboss-marshalling/2.2.1.Final/jboss-marshalling-2.2.1.Final.jar:/home/runner/.m2/repository/io/fabric8/kubernetes-client/6.13.5/kubernetes-client-6.13.5.jar:/home/runner/.m2/repository/io/fabric8/kubernetes-client-api/6.13.5/kubernetes-client-api-6.13.5.jar:/home/runner/.m2/repository/io/fabric8/kubernetes-model-core/6.13.5/kubernetes-model-core-6.13.5.jar:/home/runner/.m2/repository/io/fabric8/kubernetes-model-common/6.13.5/kubernetes-model-common-6.13.5.jar:/home/runner/.m2/repository/io/fabric8/kubernetes-model-gatewayapi/6.13.5/kubernetes-model-gatewayapi-6.13.5.jar:/home/runner/.m2/repository/io/fabric8/kubernetes-model-resource/6.13.5/kubernetes-model-resource-6.13.5.jar:/home/runner/.m2/repository/io/fabric8/kubernetes-model-rbac/6.13.5/kubernetes-model-rbac-6.13.5.jar:/home/runner/.m2/repository/io/fabric8/kubernetes-model-admissionregistration/6.13.5/kubernetes-model-admissionregistration-6.13.5.jar:/home/runner/.m2/repository/io/fabric8/kubernetes-model-apps/6.13.5/kubernetes-model-apps-6.13.5.jar:/home/runner/.m2/repository/io/fabric8/kubernetes-model-autoscaling/6.13.5/kubernetes-model-autoscaling-6.13.5.jar:/home/runner/.m2/repository/io/fabric8/kubernetes-model-apiextensions/6.13.5/kubernetes-model-apiextensions-6.13.5.jar:/home/runner/.m2/repository/io/fabric8/kubernetes-model-batch/6.13.5/kubernetes-model-batch-6.13.5.jar:/home/runner/.m2/repository/io/fabric8/kubernetes-model-certificates/6.13.5/kubernetes-model-certificates-6.13.5.jar:/home/runner/.m2/repository/io/fabric8/kubernetes-model-coordination/6.13.5/kubernetes-model-coordination-6.13.5.jar:/home/runner/.m2/repository/io/fabric8/kubernetes-model-discovery/6.13.5/kubernetes-model-discovery-6.13.5.jar:/home/runner/.m2/repository/io/fabric8/kubernetes-model-events/6.13.5/kubernetes-model-events-6.13.5.jar:/home/runner/.m2/repository/io/fabric8/kubernetes-model-extensions/6.13.5/kubernetes-model-extensions-6.13.5.jar:/home/runner/.m2/repository/io/fabric8/kubernetes-model-flowcontrol/6.13.5/kubernetes-model-flowcontrol-6.13.5.jar:/home/runner/.m2/repository/io/fabric8/kubernetes-model-networking/6.13.5/kubernetes-model-networking-6.13.5.jar:/home/runner/.m2/repository/io/fabric8/kubernetes-model-metrics/6.13.5/kubernetes-model-metrics-6.13.5.jar:/home/runner/.m2/repository/io/fabric8/kubernetes-model-policy/6.13.5/kubernetes-model-policy-6.13.5.jar:/home/runner/.m2/repository/io/fabric8/kubernetes-model-scheduling/6.13.5/kubernetes-model-scheduling-6.13.5.jar:/home/runner/.m2/repository/io/fabric8/kubernetes-model-storageclass/6.13.5/kubernetes-model-storageclass-6.13.5.jar:/home/runner/.m2/repository/io/fabric8/kubernetes-model-node/6.13.5/kubernetes-model-node-6.13.5.jar:/home/runner/.m2/repository/org/snakeyaml/snakeyaml-engine/2.7/snakeyaml-engine-2.7.jar:/home/runner/.m2/repository/com/fasterxml/jackson/dataformat/jackson-dataformat-yaml/2.15.2/jackson-dataformat-yaml-2.15.2.jar:/home/runner/.m2/repository/com/fasterxml/jackson/datatype/jackson-datatype-jsr310/2.17.2/jackson-datatype-jsr310-2.17.2.jar:/home/runner/.m2/repository/io/fabric8/zjsonpatch/0.3.0/zjsonpatch-0.3.0.jar:/home/runner/.m2/repository/io/fabric8/kubernetes-httpclient-vertx/6.13.5/kubernetes-httpclient-vertx-6.13.5.jar:/home/runner/.m2/repository/io/vertx/vertx-web-client/4.5.13/vertx-web-client-4.5.13.jar:/home/runner/.m2/repository/io/vertx/vertx-web-common/4.5.13/vertx-web-common-4.5.13.jar:/home/runner/.m2/repository/io/vertx/vertx-auth-common/4.5.13/vertx-auth-common-4.5.13.jar:/home/runner/.m2/repository/io/vertx/vertx-uri-template/4.5.13/vertx-uri-template-4.5.13.jar:/home/runner/.m2/repository/io/fabric8/openshift-client/6.13.5/openshift-client-6.13.5.jar:/home/runner/.m2/repository/io/fabric8/openshift-client-api/6.13.5/openshift-client-api-6.13.5.jar:/home/runner/.m2/repository/io/fabric8/openshift-model/6.13.5/openshift-model-6.13.5.jar:/home/runner/.m2/repository/io/fabric8/openshift-model-clusterautoscaling/6.13.5/openshift-model-clusterautoscaling-6.13.5.jar:/home/runner/.m2/repository/io/fabric8/openshift-model-operator/6.13.5/openshift-model-operator-6.13.5.jar:/home/runner/.m2/repository/io/fabric8/openshift-model-operatorhub/6.13.5/openshift-model-operatorhub-6.13.5.jar:/home/runner/.m2/repository/io/fabric8/openshift-model-machine/6.13.5/openshift-model-machine-6.13.5.jar:/home/runner/.m2/repository/io/fabric8/openshift-model-whereabouts/6.13.5/openshift-model-whereabouts-6.13.5.jar:/home/runner/.m2/repository/io/fabric8/openshift-model-monitoring/6.13.5/openshift-model-monitoring-6.13.5.jar:/home/runner/.m2/repository/io/fabric8/openshift-model-storageversionmigrator/6.13.5/openshift-model-storageversionmigrator-6.13.5.jar:/home/runner/.m2/repository/io/fabric8/openshift-model-tuned/6.13.5/openshift-model-tuned-6.13.5.jar:/home/runner/.m2/repository/io/fabric8/openshift-model-console/6.13.5/openshift-model-console-6.13.5.jar:/home/runner/.m2/repository/io/fabric8/openshift-model-config/6.13.5/openshift-model-config-6.13.5.jar:/home/runner/.m2/repository/io/fabric8/openshift-model-machineconfig/6.13.5/openshift-model-machineconfig-6.13.5.jar:/home/runner/.m2/repository/io/fabric8/openshift-model-miscellaneous/6.13.5/openshift-model-miscellaneous-6.13.5.jar:/home/runner/.m2/repository/io/fabric8/openshift-model-hive/6.13.5/openshift-model-hive-6.13.5.jar:/home/runner/.m2/repository/io/fabric8/openshift-model-installer/6.13.5/openshift-model-installer-6.13.5.jar:/home/runner/.m2/repository/com/github/mifmif/generex/1.0.2/generex-1.0.2.jar:/home/runner/.m2/repository/dk/brics/automaton/automaton/1.11-8/automaton-1.11-8.jar:/home/runner/.m2/repository/org/junit/platform/junit-platform-launcher/1.10.3/junit-platform-launcher-1.10.3.jar:/home/runner/.m2/repository/org/junit/platform/junit-platform-engine/1.10.3/junit-platform-engine-1.10.3.jar:/home/runner/.m2/repository/org/opentest4j/opentest4j/1.3.0/opentest4j-1.3.0.jar:/home/runner/.m2/repository/org/junit/platform/junit-platform-commons/1.10.3/junit-platform-commons-1.10.3.jar:/home/runner/.m2/repository/org/apiguardian/apiguardian-api/1.1.2/apiguardian-api-1.1.2.jar:/home/runner/.m2/repository/jakarta/ws/rs/jakarta.ws.rs-api/3.1.0/jakarta.ws.rs-api-3.1.0.jar:/home/runner/work/apicurio-testing/apicurio-testing/clusters/ci419/namespaces/postgresql/tests/integration/apicurio-registry/java-sdk/target/apicurio-registry-java-sdk-3.0.9.jar:/home/runner/.m2/repository/com/microsoft/kiota/microsoft-kiota-abstractions/1.8.4/microsoft-kiota-abstractions-1.8.4.jar:/home/runner/.m2/repository/io/github/std-uritemplate/std-uritemplate/2.0.0/std-uritemplate-2.0.0.jar:/home/runner/.m2/repository/io/kiota/kiota-http-jdk/0.0.21/kiota-http-jdk-0.0.21.jar:/home/runner/.m2/repository/io/kiota/kiota-http-vertx/0.0.21/kiota-http-vertx-0.0.21.jar:/home/runner/.m2/repository/io/kiota/kiota-serialization-jackson/0.0.21/kiota-serialization-jackson-0.0.21.jar:/home/runner/.m2/repository/com/microsoft/kiota/microsoft-kiota-serialization-text/1.8.4/microsoft-kiota-serialization-text-1.8.4.jar:/home/runner/.m2/repository/com/microsoft/kiota/microsoft-kiota-serialization-form/1.8.4/microsoft-kiota-serialization-form-1.8.4.jar:/home/runner/.m2/repository/com/microsoft/kiota/microsoft-kiota-serialization-multipart/1.8.4/microsoft-kiota-serialization-multipart-1.8.4.jar:/home/runner/.m2/repository/jakarta/annotation/jakarta.annotation-api/3.0.0/jakarta.annotation-api-3.0.0.jar:/home/runner/.m2/repository/io/vertx/vertx-auth-oauth2/4.5.13/vertx-auth-oauth2-4.5.13.jar:/home/runner/work/apicurio-testing/apicurio-testing/clusters/ci419/namespaces/postgresql/tests/integration/apicurio-registry/java-sdk-v2/target/apicurio-registry-v2-java-sdk-3.0.9.jar:/home/runner/work/apicurio-testing/apicurio-testing/clusters/ci419/namespaces/postgresql/tests/integration/apicurio-registry/utils/kafka/target/apicurio-registry-utils-kafka-3.0.9-tests.jar:/home/runner/.m2/repository/org/eclipse/microprofile/config/microprofile-config-api/3.1/microprofile-config-api-3.1.jar:/home/runner/.m2/repository/org/apache/kafka/kafka-clients/3.9.0/kafka-clients-3.9.0.jar:/home/runner/.m2/repository/com/github/luben/zstd-jni/1.5.6-4/zstd-jni-1.5.6-4.jar:/home/runner/.m2/repository/org/lz4/lz4-java/1.8.0/lz4-java-1.8.0.jar:/home/runner/.m2/repository/org/xerial/snappy/snappy-java/1.1.10.5/snappy-java-1.1.10.5.jar:/home/runner/.m2/repository/org/slf4j/slf4j-api/2.0.6/slf4j-api-2.0.6.jar:/home/runner/work/apicurio-testing/apicurio-testing/clusters/ci419/namespaces/postgresql/tests/integration/apicurio-registry/utils/tests/target/apicurio-registry-utils-tests-3.0.9.jar:/home/runner/work/apicurio-testing/apicurio-testing/clusters/ci419/namespaces/postgresql/tests/integration/apicurio-registry/common/target/apicurio-registry-common-3.0.9.jar:/home/runner/.m2/repository/jakarta/validation/jakarta.validation-api/3.0.2/jakarta.validation-api-3.0.2.jar:/home/runner/.m2/repository/com/github/dasniko/testcontainers-keycloak/3.6.0/testcontainers-keycloak-3.6.0.jar:/home/runner/.m2/repository/org/testcontainers/testcontainers/1.20.1/testcontainers-1.20.1.jar:/home/runner/.m2/repository/org/rnorth/duct-tape/duct-tape/1.0.8/duct-tape-1.0.8.jar:/home/runner/.m2/repository/org/jetbrains/annotations/24.1.0/annotations-24.1.0.jar:/home/runner/.m2/repository/com/github/docker-java/docker-java-transport-zerodep/3.4.0/docker-java-transport-zerodep-3.4.0.jar:/home/runner/.m2/repository/com/github/docker-java/docker-java-transport/3.4.0/docker-java-transport-3.4.0.jar:/home/runner/.m2/repository/net/java/dev/jna/jna/5.8.0/jna-5.8.0.jar:/home/runner/.m2/repository/io/quarkus/quarkus-junit4-mock/3.15.4/quarkus-junit4-mock-3.15.4.jar:/home/runner/.m2/repository/org/jboss/shrinkwrap/shrinkwrap-api/2.0.0-beta-2/shrinkwrap-api-2.0.0-beta-2.jar:/home/runner/.m2/repository/org/jboss/shrinkwrap/shrinkwrap-impl-base/2.0.0-beta-2/shrinkwrap-impl-base-2.0.0-beta-2.jar:/home/runner/.m2/repository/org/jboss/shrinkwrap/shrinkwrap-spi/2.0.0-beta-2/shrinkwrap-spi-2.0.0-beta-2.jar:/home/runner/.m2/repository/org/keycloak/keycloak-admin-client/25.0.6/keycloak-admin-client-25.0.6.jar:/home/runner/.m2/repository/org/keycloak/keycloak-core/25.0.6/keycloak-core-25.0.6.jar:/home/runner/.m2/repository/org/keycloak/keycloak-common/25.0.6/keycloak-common-25.0.6.jar:/home/runner/.m2/repository/org/jboss/resteasy/resteasy-client/6.2.9.Final/resteasy-client-6.2.9.Final.jar:/home/runner/.m2/repository/org/jboss/resteasy/resteasy-client-api/6.2.9.Final/resteasy-client-api-6.2.9.Final.jar:/home/runner/.m2/repository/org/jboss/resteasy/resteasy-core-spi/6.2.9.Final/resteasy-core-spi-6.2.9.Final.jar:/home/runner/.m2/repository/org/jboss/resteasy/resteasy-core/6.2.9.Final/resteasy-core-6.2.9.Final.jar:/home/runner/.m2/repository/org/eclipse/angus/angus-activation/2.0.2/angus-activation-2.0.2.jar:/home/runner/.m2/repository/com/ibm/async/asyncutil/0.1.0/asyncutil-0.1.0.jar:/home/runner/.m2/repository/org/reactivestreams/reactive-streams/1.0.4/reactive-streams-1.0.4.jar:/home/runner/.m2/repository/org/jboss/resteasy/resteasy-multipart-provider/6.2.9.Final/resteasy-multipart-provider-6.2.9.Final.jar:/home/runner/.m2/repository/jakarta/mail/jakarta.mail-api/2.1.2/jakarta.mail-api-2.1.2.jar:/home/runner/.m2/repository/org/eclipse/angus/angus-mail/2.0.3/angus-mail-2.0.3.jar:/home/runner/.m2/repository/org/apache/james/apache-mime4j-dom/0.8.11/apache-mime4j-dom-0.8.11.jar:/home/runner/.m2/repository/org/apache/james/apache-mime4j-core/0.8.11/apache-mime4j-core-0.8.11.jar:/home/runner/.m2/repository/org/apache/james/apache-mime4j-storage/0.8.11/apache-mime4j-storage-0.8.11.jar:/home/runner/.m2/repository/org/jboss/resteasy/resteasy-jackson2-provider/6.2.9.Final/resteasy-jackson2-provider-6.2.9.Final.jar:/home/runner/.m2/repository/com/fasterxml/jackson/jakarta/rs/jackson-jakarta-rs-base/2.17.2/jackson-jakarta-rs-base-2.17.2.jar:/home/runner/.m2/repository/com/fasterxml/jackson/jakarta/rs/jackson-jakarta-rs-json-provider/2.17.2/jackson-jakarta-rs-json-provider-2.17.2.jar:/home/runner/.m2/repository/com/fasterxml/jackson/module/jackson-module-jakarta-xmlbind-annotations/2.17.2/jackson-module-jakarta-xmlbind-annotations-2.17.2.jar:/home/runner/.m2/repository/com/github/java-json-tools/json-patch/1.13/json-patch-1.13.jar:/home/runner/.m2/repository/com/github/java-json-tools/msg-simple/1.2/msg-simple-1.2.jar:/home/runner/.m2/repository/com/github/java-json-tools/btf/1.3/btf-1.3.jar:/home/runner/.m2/repository/com/github/java-json-tools/jackson-coreutils/2.0/jackson-coreutils-2.0.jar:/home/runner/.m2/repository/org/jboss/resteasy/resteasy-jaxb-provider/6.2.9.Final/resteasy-jaxb-provider-6.2.9.Final.jar:/home/runner/.m2/repository/org/glassfish/jaxb/codemodel/4.0.3/codemodel-4.0.3.jar:/home/runner/.m2/repository/org/glassfish/jaxb/jaxb-core/4.0.5/jaxb-core-4.0.5.jar:/home/runner/.m2/repository/org/glassfish/jaxb/jaxb-jxc/4.0.3/jaxb-jxc-4.0.3.jar:/home/runner/.m2/repository/org/glassfish/jaxb/jaxb-runtime/4.0.5/jaxb-runtime-4.0.5.jar:/home/runner/.m2/repository/org/glassfish/jaxb/txw2/4.0.5/txw2-4.0.5.jar:/home/runner/.m2/repository/org/glassfish/jaxb/jaxb-xjc/4.0.3/jaxb-xjc-4.0.3.jar:/home/runner/.m2/repository/org/glassfish/jaxb/xsom/4.0.3/xsom-4.0.3.jar:/home/runner/.m2/repository/com/sun/istack/istack-commons-runtime/4.1.2/istack-commons-runtime-4.1.2.jar:/home/runner/.m2/repository/com/sun/istack/istack-commons-tools/4.1.2/istack-commons-tools-4.1.2.jar:/home/runner/.m2/repository/com/sun/xml/bind/external/relaxng-datatype/4.0.3/relaxng-datatype-4.0.3.jar:/home/runner/.m2/repository/com/sun/xml/bind/external/rngom/4.0.3/rngom-4.0.3.jar:/home/runner/.m2/repository/org/testcontainers/mssqlserver/1.20.1/mssqlserver-1.20.1.jar:/home/runner/.m2/repository/org/testcontainers/jdbc/1.20.1/jdbc-1.20.1.jar:/home/runner/.m2/repository/org/testcontainers/database-commons/1.20.1/database-commons-1.20.1.jar:/home/runner/.m2/repository/org/testcontainers/mysql/1.20.1/mysql-1.20.1.jar:/home/runner/.m2/repository/io/strimzi/strimzi-test-container/0.107.0/strimzi-test-container-0.107.0.jar:/home/runner/.m2/repository/org/testcontainers/toxiproxy/1.20.1/toxiproxy-1.20.1.jar:/home/runner/.m2/repository/com/github/docker-java/docker-java-api/3.4.0/docker-java-api-3.4.0.jar:/home/runner/.m2/repository/eu/rekawek/toxiproxy/toxiproxy-java/2.1.7/toxiproxy-java-2.1.7.jar:/home/runner/.m2/repository/junit/junit/4.13.2/junit-4.13.2.jar:/home/runner/.m2/repository/org/hamcrest/hamcrest-core/1.3/hamcrest-core-1.3.jar:/home/runner/.m2/repository/org/testcontainers/pulsar/1.20.4/pulsar-1.20.4.jar:/home/runner/.m2/repository/io/debezium/debezium-testing-testcontainers/2.6.2.Final/debezium-testing-testcontainers-2.6.2.Final.jar:/home/runner/.m2/repository/org/testcontainers/kafka/1.20.1/kafka-1.20.1.jar:/home/runner/.m2/repository/com/squareup/okhttp3/okhttp/4.8.1/okhttp-4.8.1.jar:/home/runner/.m2/repository/com/squareup/okio/okio/3.10.2/okio-3.10.2.jar:/home/runner/.m2/repository/com/squareup/okio/okio-jvm/3.10.2/okio-jvm-3.10.2.jar:/home/runner/.m2/repository/org/jetbrains/kotlin/kotlin-stdlib/2.0.10/kotlin-stdlib-2.0.10.jar:/home/runner/.m2/repository/org/awaitility/awaitility/4.2.2/awaitility-4.2.2.jar:/home/runner/.m2/repository/org/testcontainers/mongodb/1.20.1/mongodb-1.20.1.jar:/home/runner/.m2/repository/org/testcontainers/oracle-xe/1.20.1/oracle-xe-1.20.1.jar:/home/runner/.m2/repository/org/testcontainers/postgresql/1.20.1/postgresql-1.20.1.jar:/home/runner/.m2/repository/org/wiremock/wiremock/3.0.1/wiremock-3.0.1.jar:/home/runner/.m2/repository/org/eclipse/jetty/jetty-server/11.0.15/jetty-server-11.0.15.jar:/home/runner/.m2/repository/org/eclipse/jetty/toolchain/jetty-jakarta-servlet-api/5.0.2/jetty-jakarta-servlet-api-5.0.2.jar:/home/runner/.m2/repository/org/eclipse/jetty/jetty-http/11.0.15/jetty-http-11.0.15.jar:/home/runner/.m2/repository/org/eclipse/jetty/jetty-io/11.0.15/jetty-io-11.0.15.jar:/home/runner/.m2/repository/org/eclipse/jetty/jetty-servlet/11.0.15/jetty-servlet-11.0.15.jar:/home/runner/.m2/repository/org/eclipse/jetty/jetty-security/11.0.15/jetty-security-11.0.15.jar:/home/runner/.m2/repository/org/eclipse/jetty/jetty-servlets/11.0.15/jetty-servlets-11.0.15.jar:/home/runner/.m2/repository/org/eclipse/jetty/jetty-util/11.0.15/jetty-util-11.0.15.jar:/home/runner/.m2/repository/org/eclipse/jetty/jetty-webapp/11.0.15/jetty-webapp-11.0.15.jar:/home/runner/.m2/repository/org/eclipse/jetty/jetty-xml/11.0.15/jetty-xml-11.0.15.jar:/home/runner/.m2/repository/org/eclipse/jetty/jetty-proxy/11.0.15/jetty-proxy-11.0.15.jar:/home/runner/.m2/repository/org/eclipse/jetty/jetty-client/11.0.15/jetty-client-11.0.15.jar:/home/runner/.m2/repository/org/eclipse/jetty/http2/http2-server/11.0.15/http2-server-11.0.15.jar:/home/runner/.m2/repository/org/eclipse/jetty/http2/http2-common/11.0.15/http2-common-11.0.15.jar:/home/runner/.m2/repository/org/eclipse/jetty/http2/http2-hpack/11.0.15/http2-hpack-11.0.15.jar:/home/runner/.m2/repository/org/eclipse/jetty/jetty-alpn-server/11.0.15/jetty-alpn-server-11.0.15.jar:/home/runner/.m2/repository/org/eclipse/jetty/jetty-alpn-java-server/11.0.15/jetty-alpn-java-server-11.0.15.jar:/home/runner/.m2/repository/org/eclipse/jetty/jetty-alpn-java-client/11.0.15/jetty-alpn-java-client-11.0.15.jar:/home/runner/.m2/repository/org/eclipse/jetty/jetty-alpn-client/11.0.15/jetty-alpn-client-11.0.15.jar:/home/runner/.m2/repository/org/apache/httpcomponents/client5/httpclient5/5.2.1/httpclient5-5.2.1.jar:/home/runner/.m2/repository/org/apache/httpcomponents/core5/httpcore5/5.2/httpcore5-5.2.jar:/home/runner/.m2/repository/org/apache/httpcomponents/core5/httpcore5-h2/5.2/httpcore5-h2-5.2.jar:/home/runner/.m2/repository/org/xmlunit/xmlunit-core/2.9.1/xmlunit-core-2.9.1.jar:/home/runner/.m2/repository/jakarta/xml/bind/jakarta.xml.bind-api/4.0.2/jakarta.xml.bind-api-4.0.2.jar:/home/runner/.m2/repository/jakarta/activation/jakarta.activation-api/2.1.3/jakarta.activation-api-2.1.3.jar:/home/runner/.m2/repository/org/xmlunit/xmlunit-legacy/2.9.1/xmlunit-legacy-2.9.1.jar:/home/runner/.m2/repository/org/xmlunit/xmlunit-placeholders/2.9.1/xmlunit-placeholders-2.9.1.jar:/home/runner/.m2/repository/net/javacrumbs/json-unit/json-unit-core/2.38.0/json-unit-core-2.38.0.jar:/home/runner/.m2/repository/com/jayway/jsonpath/json-path/2.8.0/json-path-2.8.0.jar:/home/runner/.m2/repository/net/minidev/json-smart/2.4.10/json-smart-2.4.10.jar:/home/runner/.m2/repository/net/minidev/accessors-smart/2.4.9/accessors-smart-2.4.9.jar:/home/runner/.m2/repository/org/ow2/asm/asm/9.7/asm-9.7.jar:/home/runner/.m2/repository/net/sf/jopt-simple/jopt-simple/5.0.4/jopt-simple-5.0.4.jar:/home/runner/.m2/repository/com/github/jknack/handlebars/4.3.1/handlebars-4.3.1.jar:/home/runner/.m2/repository/com/github/jknack/handlebars-helpers/4.3.1/handlebars-helpers-4.3.1.jar:/home/runner/.m2/repository/commons-fileupload/commons-fileupload/1.5/commons-fileupload-1.5.jar:/home/runner/.m2/repository/com/networknt/json-schema-validator/1.5.5/json-schema-validator-1.5.5.jar:/home/runner/.m2/repository/com/ethlo/time/itu/1.10.3/itu-1.10.3.jar:/home/runner/.m2/repository/io/quarkus/quarkus-smallrye-jwt-build/3.15.4/quarkus-smallrye-jwt-build-3.15.4.jar:/home/runner/.m2/repository/io/smallrye/smallrye-jwt-build/4.5.3/smallrye-jwt-build-4.5.3.jar:/home/runner/.m2/repository/org/eclipse/microprofile/jwt/microprofile-jwt-auth-api/2.1/microprofile-jwt-auth-api-2.1.jar:/home/runner/.m2/repository/org/bitbucket/b_c/jose4j/0.9.6/jose4j-0.9.6.jar:/home/runner/.m2/repository/io/smallrye/smallrye-jwt-common/4.5.3/smallrye-jwt-common-4.5.3.jar:/home/runner/.m2/repository/io/quarkus/quarkus-jsonp/3.15.4/quarkus-jsonp-3.15.4.jar:/home/runner/.m2/repository/io/quarkus/quarkus-arc/3.15.4/quarkus-arc-3.15.4.jar:/home/runner/.m2/repository/io/quarkus/arc/arc/3.15.4/arc-3.15.4.jar:/home/runner/.m2/repository/jakarta/transaction/jakarta.transaction-api/2.0.1/jakarta.transaction-api-2.0.1.jar:/home/runner/.m2/repository/io/smallrye/reactive/mutiny/2.6.2/mutiny-2.6.2.jar:/home/runner/.m2/repository/org/jctools/jctools-core/4.0.5/jctools-core-4.0.5.jar:/home/runner/.m2/repository/org/eclipse/microprofile/context-propagation/microprofile-context-propagation-api/1.3/microprofile-context-propagation-api-1.3.jar:/home/runner/.m2/repository/io/apicurio/apicurio-common-rest-client-common/0.1.18.Final/apicurio-common-rest-client-common-0.1.18.Final.jar:/home/runner/work/apicurio-testing/apicurio-testing/clusters/ci419/namespaces/postgresql/tests/integration/apicurio-registry/utils/maven-plugin/target/apicurio-registry-maven-plugin-3.0.9.jar:/home/runner/.m2/repository/com/fasterxml/jackson/core/jackson-databind/2.17.2/jackson-databind-2.17.2.jar:/home/runner/.m2/repository/org/apache/avro/avro/1.12.0/avro-1.12.0.jar:/home/runner/.m2/repository/com/google/protobuf/protobuf-java/3.25.8/protobuf-java-3.25.8.jar:/home/runner/.m2/repository/com/google/protobuf/protobuf-java-util/3.25.8/protobuf-java-util-3.25.8.jar:/home/runner/.m2/repository/com/google/code/findbugs/jsr305/3.0.2/jsr305-3.0.2.jar:/home/runner/.m2/repository/com/google/code/gson/gson/2.11.0/gson-2.11.0.jar:/home/runner/.m2/repository/com/google/errorprone/error_prone_annotations/2.30.0/error_prone_annotations-2.30.0.jar:/home/runner/.m2/repository/com/google/j2objc/j2objc-annotations/2.8/j2objc-annotations-2.8.jar:/home/runner/work/apicurio-testing/apicurio-testing/clusters/ci419/namespaces/postgresql/tests/integration/apicurio-registry/schema-util/util-provider/target/apicurio-registry-schema-util-provider-3.0.9.jar:/home/runner/work/apicurio-testing/apicurio-testing/clusters/ci419/namespaces/postgresql/tests/integration/apicurio-registry/schema-util/common/target/apicurio-registry-schema-util-common-3.0.9.jar:/home/runner/.m2/repository/com/fasterxml/jackson/module/jackson-module-parameter-names/2.17.2/jackson-module-parameter-names-2.17.2.jar:/home/runner/.m2/repository/com/fasterxml/jackson/datatype/jackson-datatype-json-org/2.18.2/jackson-datatype-json-org-2.18.2.jar:/home/runner/work/apicurio-testing/apicurio-testing/clusters/ci419/namespaces/postgresql/tests/integration/apicurio-registry/schema-util/json/target/apicurio-registry-schema-util-json-3.0.9.jar:/home/runner/.m2/repository/com/github/erosb/everit-json-schema/1.14.5/everit-json-schema-1.14.5.jar:/home/runner/.m2/repository/commons-validator/commons-validator/1.9.0/commons-validator-1.9.0.jar:/home/runner/.m2/repository/commons-digester/commons-digester/2.1/commons-digester-2.1.jar:/home/runner/.m2/repository/commons-collections/commons-collections/3.2.2/commons-collections-3.2.2.jar:/home/runner/.m2/repository/com/damnhandy/handy-uri-templates/2.1.8/handy-uri-templates-2.1.8.jar:/home/runner/.m2/repository/joda-time/joda-time/2.10.2/joda-time-2.10.2.jar:/home/runner/.m2/repository/com/github/erosb/json-sKema/0.20.0/json-sKema-0.20.0.jar:/home/runner/.m2/repository/io/vertx/vertx-json-schema/4.5.13/vertx-json-schema-4.5.13.jar:/home/runner/work/apicurio-testing/apicurio-testing/clusters/ci419/namespaces/postgresql/tests/integration/apicurio-registry/schema-util/protobuf/target/apicurio-registry-schema-util-protobuf-3.0.9.jar:/home/runner/work/apicurio-testing/apicurio-testing/clusters/ci419/namespaces/postgresql/tests/integration/apicurio-registry/utils/protobuf-schema-utilities/target/apicurio-registry-protobuf-schema-utilities-3.0.9.jar:/home/runner/.m2/repository/com/google/api/grpc/proto-google-common-protos/2.52.0/proto-google-common-protos-2.52.0.jar:/home/runner/.m2/repository/com/squareup/wire/wire-schema-jvm/5.1.0/wire-schema-jvm-5.1.0.jar:/home/runner/.m2/repository/com/squareup/javapoet/1.13.0/javapoet-1.13.0.jar:/home/runner/.m2/repository/com/squareup/kotlinpoet-jvm/1.18.1/kotlinpoet-jvm-1.18.1.jar:/home/runner/.m2/repository/org/jetbrains/kotlin/kotlin-reflect/2.0.10/kotlin-reflect-2.0.10.jar:/home/runner/.m2/repository/com/squareup/wire/wire-runtime-jvm/5.1.0/wire-runtime-jvm-5.1.0.jar:/home/runner/.m2/repository/com/ibm/icu/icu4j/76.1/icu4j-76.1.jar:/home/runner/.m2/repository/com/squareup/okio/okio-fakefilesystem/3.10.2/okio-fakefilesystem-3.10.2.jar:/home/runner/.m2/repository/com/squareup/okio/okio-fakefilesystem-jvm/3.10.2/okio-fakefilesystem-jvm-3.10.2.jar:/home/runner/.m2/repository/org/jetbrains/kotlinx/kotlinx-datetime-jvm/0.6.1/kotlinx-datetime-jvm-0.6.1.jar:/home/runner/work/apicurio-testing/apicurio-testing/clusters/ci419/namespaces/postgresql/tests/integration/apicurio-registry/schema-util/asyncapi/target/apicurio-registry-schema-util-asyncapi-3.0.9.jar:/home/runner/work/apicurio-testing/apicurio-testing/clusters/ci419/namespaces/postgresql/tests/integration/apicurio-registry/schema-util/avro/target/apicurio-registry-schema-util-avro-3.0.9.jar:/home/runner/work/apicurio-testing/apicurio-testing/clusters/ci419/namespaces/postgresql/tests/integration/apicurio-registry/schema-util/graphql/target/apicurio-registry-schema-util-graphql-3.0.9.jar:/home/runner/.m2/repository/com/graphql-java/graphql-java/22.3/graphql-java-22.3.jar:/home/runner/.m2/repository/com/graphql-java/java-dataloader/3.3.0/java-dataloader-3.3.0.jar:/home/runner/work/apicurio-testing/apicurio-testing/clusters/ci419/namespaces/postgresql/tests/integration/apicurio-registry/schema-util/kconnect/target/apicurio-registry-schema-util-kconnect-3.0.9.jar:/home/runner/work/apicurio-testing/apicurio-testing/clusters/ci419/namespaces/postgresql/tests/integration/apicurio-registry/schema-util/openapi/target/apicurio-registry-schema-util-openapi-3.0.9.jar:/home/runner/.m2/repository/io/apicurio/apicurio-data-models/2.2.1/apicurio-data-models-2.2.1.jar:/home/runner/.m2/repository/org/openapitools/openapidiff/openapi-diff-core/2.0.1/openapi-diff-core-2.0.1.jar:/home/runner/.m2/repository/io/swagger/parser/v3/swagger-parser/2.0.28/swagger-parser-2.0.28.jar:/home/runner/.m2/repository/io/swagger/parser/v3/swagger-parser-v2-converter/2.0.28/swagger-parser-v2-converter-2.0.28.jar:/home/runner/.m2/repository/io/swagger/swagger-core/1.6.3/swagger-core-1.6.3.jar:/home/runner/.m2/repository/io/swagger/swagger-models/1.6.3/swagger-models-1.6.3.jar:/home/runner/.m2/repository/io/swagger/swagger-annotations/1.6.3/swagger-annotations-1.6.3.jar:/home/runner/.m2/repository/io/swagger/swagger-parser/1.0.56/swagger-parser-1.0.56.jar:/home/runner/.m2/repository/io/swagger/swagger-compat-spec-parser/1.0.56/swagger-compat-spec-parser-1.0.56.jar:/home/runner/.m2/repository/com/github/java-json-tools/json-schema-validator/2.2.14/json-schema-validator-2.2.14.jar:/home/runner/.m2/repository/com/github/java-json-tools/jackson-coreutils-equivalence/1.0/jackson-coreutils-equivalence-1.0.jar:/home/runner/.m2/repository/com/github/java-json-tools/json-schema-core/1.2.14/json-schema-core-1.2.14.jar:/home/runner/.m2/repository/com/github/java-json-tools/uri-template/0.10/uri-template-0.10.jar:/home/runner/.m2/repository/com/sun/mail/mailapi/1.6.2/mailapi-1.6.2.jar:/home/runner/.m2/repository/com/googlecode/libphonenumber/libphonenumber/8.11.1/libphonenumber-8.11.1.jar:/home/runner/.m2/repository/com/j2html/j2html/1.5.0/j2html-1.5.0.jar:/home/runner/.m2/repository/org/apache/commons/commons-collections4/4.4/commons-collections4-4.4.jar:/home/runner/.m2/repository/commons-httpclient/commons-httpclient/3.1/commons-httpclient-3.1.jar:/home/runner/.m2/repository/io/swagger/parser/v3/swagger-parser-v3/2.1.25/swagger-parser-v3-2.1.25.jar:/home/runner/.m2/repository/io/swagger/core/v3/swagger-models/2.2.28/swagger-models-2.2.28.jar:/home/runner/.m2/repository/io/swagger/core/v3/swagger-core/2.2.28/swagger-core-2.2.28.jar:/home/runner/.m2/repository/io/swagger/parser/v3/swagger-parser-core/2.1.25/swagger-parser-core-2.1.25.jar:/home/runner/.m2/repository/io/swagger/parser/v3/swagger-parser-safe-url-resolver/2.1.25/swagger-parser-safe-url-resolver-2.1.25.jar:/home/runner/work/apicurio-testing/apicurio-testing/clusters/ci419/namespaces/postgresql/tests/integration/apicurio-registry/schema-util/wsdl/target/apicurio-registry-schema-util-wsdl-3.0.9.jar:/home/runner/.m2/repository/wsdl4j/wsdl4j/1.6.3/wsdl4j-1.6.3.jar:/home/runner/work/apicurio-testing/apicurio-testing/clusters/ci419/namespaces/postgresql/tests/integration/apicurio-registry/schema-util/xml/target/apicurio-registry-schema-util-xml-3.0.9.jar:/home/runner/.m2/repository/org/apache/santuario/xmlsec/4.0.3/xmlsec-4.0.3.jar:/home/runner/.m2/repository/com/fasterxml/woodstox/woodstox-core/7.1.0/woodstox-core-7.1.0.jar:/home/runner/.m2/repository/org/codehaus/woodstox/stax2-api/4.2.2/stax2-api-4.2.2.jar:/home/runner/work/apicurio-testing/apicurio-testing/clusters/ci419/namespaces/postgresql/tests/integration/apicurio-registry/schema-util/xsd/target/apicurio-registry-schema-util-xsd-3.0.9.jar:/home/runner/work/apicurio-testing/apicurio-testing/clusters/ci419/namespaces/postgresql/tests/integration/apicurio-registry/serdes/kafka/jsonschema-serde/target/apicurio-registry-jsonschema-serde-kafka-3.0.9.jar:/home/runner/work/apicurio-testing/apicurio-testing/clusters/ci419/namespaces/postgresql/tests/integration/apicurio-registry/serdes/kafka/serde-kafka-common/target/apicurio-registry-serde-kafka-common-3.0.9.jar:/home/runner/work/apicurio-testing/apicurio-testing/clusters/ci419/namespaces/postgresql/tests/integration/apicurio-registry/serdes/generic/serde-common/target/apicurio-registry-serde-common-3.0.9.jar:/home/runner/work/apicurio-testing/apicurio-testing/clusters/ci419/namespaces/postgresql/tests/integration/apicurio-registry/schema-resolver/target/apicurio-registry-schema-resolver-3.0.9.jar:/home/runner/work/apicurio-testing/apicurio-testing/clusters/ci419/namespaces/postgresql/tests/integration/apicurio-registry/serdes/generic/serde-common-jsonschema/target/apicurio-registry-serde-common-jsonschema-3.0.9.jar:/home/runner/.m2/repository/org/json/json/20250107/json-20250107.jar:/home/runner/work/apicurio-testing/apicurio-testing/clusters/ci419/namespaces/postgresql/tests/integration/apicurio-registry/serdes/kafka/avro-serde/target/apicurio-registry-avro-serde-kafka-3.0.9.jar:/home/runner/work/apicurio-testing/apicurio-testing/clusters/ci419/namespaces/postgresql/tests/integration/apicurio-registry/serdes/generic/serde-common-avro/target/apicurio-registry-serde-common-avro-3.0.9.jar:/home/runner/work/apicurio-testing/apicurio-testing/clusters/ci419/namespaces/postgresql/tests/integration/apicurio-registry/serdes/kafka/protobuf-serde/target/apicurio-registry-protobuf-serde-kafka-3.0.9.jar:/home/runner/work/apicurio-testing/apicurio-testing/clusters/ci419/namespaces/postgresql/tests/integration/apicurio-registry/serdes/generic/serde-common-protobuf/target/apicurio-registry-serde-common-protobuf-3.0.9.jar:/home/runner/.m2/repository/com/squareup/wire/wire-schema/5.1.0/wire-schema-5.1.0.jar:/home/runner/.m2/repository/com/squareup/wire/wire-runtime/5.1.0/wire-runtime-5.1.0.jar:/home/runner/work/apicurio-testing/apicurio-testing/clusters/ci419/namespaces/postgresql/tests/integration/apicurio-registry/serdes/pulsar/avro-serde/target/apicurio-registry-avro-serde-pulsar-3.0.9.jar:/home/runner/.m2/repository/org/apache/pulsar/pulsar-functions-api/3.3.4/pulsar-functions-api-3.3.4.jar:/home/runner/work/apicurio-testing/apicurio-testing/clusters/ci419/namespaces/postgresql/tests/integration/apicurio-registry/serdes/nats/avro-serde/target/apicurio-registry-avro-serde-nats-3.0.9.jar:/home/runner/.m2/repository/io/nats/jnats/2.20.5/jnats-2.20.5.jar:/home/runner/.m2/repository/net/i2p/crypto/eddsa/0.3.0/eddsa-0.3.0.jar:/home/runner/work/apicurio-testing/apicurio-testing/clusters/ci419/namespaces/postgresql/tests/integration/apicurio-registry/utils/converter/target/apicurio-registry-utils-converter-3.0.9.jar:/home/runner/.m2/repository/org/apache/kafka/connect-api/3.9.1/connect-api-3.9.1.jar:/home/runner/.m2/repository/javax/ws/rs/javax.ws.rs-api/2.1.1/javax.ws.rs-api-2.1.1.jar:/home/runner/.m2/repository/org/apache/kafka/connect-json/3.9.1/connect-json-3.9.1.jar:/home/runner/.m2/repository/com/fasterxml/jackson/datatype/jackson-datatype-jdk8/2.17.2/jackson-datatype-jdk8-2.17.2.jar:/home/runner/.m2/repository/com/fasterxml/jackson/module/jackson-module-afterburner/2.17.2/jackson-module-afterburner-2.17.2.jar:/home/runner/work/apicurio-testing/apicurio-testing/clusters/ci419/namespaces/postgresql/tests/integration/apicurio-registry/utils/kafka/target/apicurio-registry-utils-kafka-3.0.9.jar:/home/runner/.m2/repository/org/apache/pulsar/pulsar-client/3.3.4/pulsar-client-3.3.4.jar:/home/runner/.m2/repository/org/apache/pulsar/pulsar-client-api/3.3.4/pulsar-client-api-3.3.4.jar:/home/runner/.m2/repository/org/apache/pulsar/pulsar-client-admin-api/3.3.4/pulsar-client-admin-api-3.3.4.jar:/home/runner/.m2/repository/org/apache/pulsar/bouncy-castle-bc/3.3.4/bouncy-castle-bc-3.3.4-pkg.jar:/home/runner/.m2/repository/org/bouncycastle/bcpkix-jdk18on/1.78.1/bcpkix-jdk18on-1.78.1.jar:/home/runner/.m2/repository/org/bouncycastle/bcutil-jdk18on/1.78.1/bcutil-jdk18on-1.78.1.jar:/home/runner/.m2/repository/org/bouncycastle/bcprov-jdk18on/1.78.1/bcprov-jdk18on-1.78.1.jar:/home/runner/.m2/repository/io/opentelemetry/opentelemetry-api/1.39.0/opentelemetry-api-1.39.0.jar:/home/runner/.m2/repository/io/opentelemetry/opentelemetry-context/1.39.0/opentelemetry-context-1.39.0.jar:/home/runner/.m2/repository/io/opentelemetry/opentelemetry-api-incubator/1.39.0-alpha/opentelemetry-api-incubator-1.39.0-alpha.jar:/home/runner/.m2/repository/com/fasterxml/jackson/core/jackson-annotations/2.17.2/jackson-annotations-2.17.2.jar:/home/runner/.m2/repository/javax/validation/validation-api/1.1.0.Final/validation-api-1.1.0.Final.jar:/home/runner/.m2/repository/io/confluent/kafka-avro-serializer/7.9.0/kafka-avro-serializer-7.9.0.jar:/home/runner/.m2/repository/org/apache/commons/commons-compress/1.27.0/commons-compress-1.27.0.jar:/home/runner/.m2/repository/io/confluent/kafka-schema-serializer/7.9.0/kafka-schema-serializer-7.9.0.jar:/home/runner/.m2/repository/com/fasterxml/jackson/dataformat/jackson-dataformat-csv/2.17.2/jackson-dataformat-csv-2.17.2.jar:/home/runner/.m2/repository/io/confluent/kafka-schema-registry-client/7.9.0/kafka-schema-registry-client-7.9.0.jar:/home/runner/.m2/repository/org/yaml/snakeyaml/2.2/snakeyaml-2.2.jar:/home/runner/.m2/repository/io/swagger/core/v3/swagger-annotations/2.1.10/swagger-annotations-2.1.10.jar:/home/runner/.m2/repository/com/google/guava/guava/33.2.1-jre/guava-33.2.1-jre.jar:/home/runner/.m2/repository/com/google/guava/failureaccess/1.0.1/failureaccess-1.0.1.jar:/home/runner/.m2/repository/org/checkerframework/checker-qual/3.46.0/checker-qual-3.46.0.jar:/home/runner/.m2/repository/io/confluent/logredactor/1.0.12/logredactor-1.0.12.jar:/home/runner/.m2/repository/com/google/re2j/re2j/1.6/re2j-1.6.jar:/home/runner/.m2/repository/io/confluent/logredactor-metrics/1.0.12/logredactor-metrics-1.0.12.jar:/home/runner/.m2/repository/com/eclipsesource/minimal-json/minimal-json/0.9.5/minimal-json-0.9.5.jar:/home/runner/.m2/repository/io/confluent/common-utils/7.9.0/common-utils-7.9.0.jar:/home/runner/.m2/repository/io/confluent/kafka-connect-avro-converter/7.9.0/kafka-connect-avro-converter-7.9.0.jar:/home/runner/.m2/repository/io/confluent/kafka-connect-avro-data/7.9.0/kafka-connect-avro-data-7.9.0.jar:/home/runner/.m2/repository/io/confluent/kafka-schema-converter/7.9.0/kafka-schema-converter-7.9.0.jar:/home/runner/.m2/repository/io/rest-assured/rest-assured/5.5.0/rest-assured-5.5.0.jar:/home/runner/.m2/repository/org/apache/groovy/groovy/4.0.22/groovy-4.0.22.jar:/home/runner/.m2/repository/org/apache/groovy/groovy-xml/4.0.22/groovy-xml-4.0.22.jar:/home/runner/.m2/repository/org/apache/httpcomponents/httpclient/4.5.14/httpclient-4.5.14.jar:/home/runner/.m2/repository/org/apache/httpcomponents/httpcore/4.4.16/httpcore-4.4.16.jar:/home/runner/.m2/repository/org/apache/httpcomponents/httpmime/4.5.14/httpmime-4.5.14.jar:/home/runner/.m2/repository/org/hamcrest/hamcrest/2.2/hamcrest-2.2.jar:/home/runner/.m2/repository/org/ccil/cowan/tagsoup/tagsoup/1.2.1/tagsoup-1.2.1.jar:/home/runner/.m2/repository/io/rest-assured/json-path/5.5.0/json-path-5.5.0.jar:/home/runner/.m2/repository/org/apache/groovy/groovy-json/4.0.22/groovy-json-4.0.22.jar:/home/runner/.m2/repository/io/rest-assured/rest-assured-common/5.5.0/rest-assured-common-5.5.0.jar:/home/runner/.m2/repository/io/rest-assured/xml-path/5.5.0/xml-path-5.5.0.jar:/home/runner/.m2/repository/io/zonky/test/embedded-postgres/2.1.0/embedded-postgres-2.1.0.jar:/home/runner/.m2/repository/io/zonky/test/postgres/embedded-postgres-binaries-windows-amd64/14.15.0/embedded-postgres-binaries-windows-amd64-14.15.0.jar:/home/runner/.m2/repository/io/zonky/test/postgres/embedded-postgres-binaries-darwin-amd64/14.15.0/embedded-postgres-binaries-darwin-amd64-14.15.0.jar:/home/runner/.m2/repository/io/zonky/test/postgres/embedded-postgres-binaries-linux-amd64/14.15.0/embedded-postgres-binaries-linux-amd64-14.15.0.jar:/home/runner/.m2/repository/io/zonky/test/postgres/embedded-postgres-binaries-linux-amd64-alpine/14.15.0/embedded-postgres-binaries-linux-amd64-alpine-14.15.0.jar:/home/runner/.m2/repository/org/apache/commons/commons-lang3/3.14.0/commons-lang3-3.14.0.jar:/home/runner/.m2/repository/org/tukaani/xz/1.10/xz-1.10.jar:/home/runner/.m2/repository/commons-codec/commons-codec/1.18.0/commons-codec-1.18.0.jar:/home/runner/.m2/repository/org/postgresql/postgresql/42.7.4/postgresql-42.7.4.jar:/home/runner/.m2/repository/commons-io/commons-io/2.16.1/commons-io-2.16.1.jar:/home/runner/work/apicurio-testing/apicurio-testing/clusters/ci419/namespaces/postgresql/tests/integration/apicurio-registry/utils/importexport/target/apicurio-registry-utils-import-export-3.0.9.jar:/home/runner/.m2/repository/io/vertx/vertx-core/4.5.13/vertx-core-4.5.13.jar:/home/runner/.m2/repository/io/netty/netty-common/4.1.118.Final/netty-common-4.1.118.Final.jar:/home/runner/.m2/repository/io/netty/netty-buffer/4.1.118.Final/netty-buffer-4.1.118.Final.jar:/home/runner/.m2/repository/io/netty/netty-transport/4.1.118.Final/netty-transport-4.1.118.Final.jar:/home/runner/.m2/repository/io/netty/netty-handler/4.1.118.Final/netty-handler-4.1.118.Final.jar:/home/runner/.m2/repository/io/netty/netty-transport-native-unix-common/4.1.118.Final/netty-transport-native-unix-common-4.1.118.Final.jar:/home/runner/.m2/repository/io/netty/netty-codec/4.1.118.Final/netty-codec-4.1.118.Final.jar:/home/runner/.m2/repository/io/netty/netty-handler-proxy/4.1.118.Final/netty-handler-proxy-4.1.118.Final.jar:/home/runner/.m2/repository/io/netty/netty-codec-socks/4.1.118.Final/netty-codec-socks-4.1.118.Final.jar:/home/runner/.m2/repository/io/netty/netty-codec-http/4.1.118.Final/netty-codec-http-4.1.118.Final.jar:/home/runner/.m2/repository/io/netty/netty-codec-http2/4.1.118.Final/netty-codec-http2-4.1.118.Final.jar:/home/runner/.m2/repository/io/netty/netty-resolver/4.1.118.Final/netty-resolver-4.1.118.Final.jar:/home/runner/.m2/repository/io/netty/netty-resolver-dns/4.1.118.Final/netty-resolver-dns-4.1.118.Final.jar:/home/runner/.m2/repository/io/netty/netty-codec-dns/4.1.118.Final/netty-codec-dns-4.1.118.Final.jar:/home/runner/.m2/repository/com/fasterxml/jackson/core/jackson-core/2.17.2/jackson-core-2.17.2.jar:"/>
    <property name="java.vm.vendor" value="Eclipse Adoptium"/>
    <property name="maven.javadoc.skip" value="true"/>
    <property name="sun.arch.data.model" value="64"/>
    <property name="java.vendor.url" value="https://adoptium.net/"/>
    <property name="user.timezone" value="Etc/UTC"/>
    <property name="os.name" value="Linux"/>
    <property name="java.vm.specification.version" value="17"/>
    <property name="sun.java.launcher" value="SUN_STANDARD"/>
    <property name="quarkus.http.test-port" value="80"/>
    <property name="sun.boot.library.path" value="/usr/lib/jvm/temurin-17-jdk-amd64/lib"/>
    <property name="sun.java.command" value="/home/runner/work/apicurio-testing/apicurio-testing/clusters/ci419/namespaces/postgresql/tests/integration/apicurio-registry/integration-tests/target/surefire/surefirebooter-20250731152920023_3.jar /home/runner/work/apicurio-testing/apicurio-testing/clusters/ci419/namespaces/postgresql/tests/integration/apicurio-registry/integration-tests/target/surefire 2025-07-31T15-29-19_959-jvmRun1 surefire-20250731152920023_1tmp surefire_0-20250731152920023_2tmp"/>
    <property name="maven.home" value="/home/runner/.m2/wrapper/dists/apache-maven-3.9.8-bin/4fnp1ql35bgk2a0p7m31ovbgb0/apache-maven-3.9.8"/>
    <property name="jdk.debug" value="release"/>
    <property name="surefire.test.class.path" value="/home/runner/work/apicurio-testing/apicurio-testing/clusters/ci419/namespaces/postgresql/tests/integration/apicurio-registry/integration-tests/target/test-classes:/home/runner/work/apicurio-testing/apicurio-testing/clusters/ci419/namespaces/postgresql/tests/integration/apicurio-registry/integration-tests/target/apicurio-registry-integration-tests-3.0.9.jar:/home/runner/.m2/repository/io/quarkus/quarkus-junit5/3.15.4/quarkus-junit5-3.15.4.jar:/home/runner/.m2/repository/io/quarkus/quarkus-bootstrap-core/3.15.4/quarkus-bootstrap-core-3.15.4.jar:/home/runner/.m2/repository/io/quarkus/quarkus-classloader-commons/3.15.4/quarkus-classloader-commons-3.15.4.jar:/home/runner/.m2/repository/io/quarkus/quarkus-bootstrap-app-model/3.15.4/quarkus-bootstrap-app-model-3.15.4.jar:/home/runner/.m2/repository/io/smallrye/common/smallrye-common-io/2.6.1/smallrye-common-io-2.6.1.jar:/home/runner/.m2/repository/org/eclipse/sisu/org.eclipse.sisu.inject/0.9.0.M3/org.eclipse.sisu.inject-0.9.0.M3.jar:/home/runner/.m2/repository/io/quarkus/quarkus-test-common/3.15.4/quarkus-test-common-3.15.4.jar:/home/runner/.m2/repository/io/quarkus/quarkus-core-deployment/3.15.4/quarkus-core-deployment-3.15.4.jar:/home/runner/.m2/repository/org/aesh/readline/2.6/readline-2.6.jar:/home/runner/.m2/repository/org/fusesource/jansi/jansi/2.4.0/jansi-2.4.0.jar:/home/runner/.m2/repository/org/aesh/aesh/2.8.2/aesh-2.8.2.jar:/home/runner/.m2/repository/io/quarkus/gizmo/gizmo/1.8.0/gizmo-1.8.0.jar:/home/runner/.m2/repository/org/ow2/asm/asm-util/9.7/asm-util-9.7.jar:/home/runner/.m2/repository/org/ow2/asm/asm-analysis/9.7/asm-analysis-9.7.jar:/home/runner/.m2/repository/org/ow2/asm/asm-commons/9.7/asm-commons-9.7.jar:/home/runner/.m2/repository/org/ow2/asm/asm-tree/9.7/asm-tree-9.7.jar:/home/runner/.m2/repository/io/quarkus/quarkus-hibernate-validator-spi/3.15.4/quarkus-hibernate-validator-spi-3.15.4.jar:/home/runner/.m2/repository/io/quarkus/quarkus-class-change-agent/3.15.4/quarkus-class-change-agent-3.15.4.jar:/home/runner/.m2/repository/io/quarkus/quarkus-devtools-utilities/3.15.4/quarkus-devtools-utilities-3.15.4.jar:/home/runner/.m2/repository/io/quarkus/quarkus-builder/3.15.4/quarkus-builder-3.15.4.jar:/home/runner/.m2/repository/org/graalvm/sdk/nativeimage/23.1.2/nativeimage-23.1.2.jar:/home/runner/.m2/repository/org/graalvm/sdk/word/23.1.2/word-23.1.2.jar:/home/runner/.m2/repository/io/quarkus/quarkus-bootstrap-maven-resolver/3.15.4/quarkus-bootstrap-maven-resolver-3.15.4.jar:/home/runner/.m2/repository/io/smallrye/beanbag/smallrye-beanbag-maven/1.5.2/smallrye-beanbag-maven-1.5.2.jar:/home/runner/.m2/repository/io/smallrye/beanbag/smallrye-beanbag-sisu/1.5.2/smallrye-beanbag-sisu-1.5.2.jar:/home/runner/.m2/repository/io/smallrye/beanbag/smallrye-beanbag/1.5.2/smallrye-beanbag-1.5.2.jar:/home/runner/.m2/repository/javax/inject/javax.inject/1/javax.inject-1.jar:/home/runner/.m2/repository/org/apache/maven/maven-artifact/3.9.8/maven-artifact-3.9.8.jar:/home/runner/.m2/repository/org/apache/maven/maven-builder-support/3.9.8/maven-builder-support-3.9.8.jar:/home/runner/.m2/repository/org/apache/maven/maven-model/3.9.8/maven-model-3.9.8.jar:/home/runner/.m2/repository/org/apache/maven/maven-model-builder/3.9.8/maven-model-builder-3.9.8.jar:/home/runner/.m2/repository/org/apache/maven/maven-repository-metadata/3.9.8/maven-repository-metadata-3.9.8.jar:/home/runner/.m2/repository/org/apache/maven/maven-settings/3.9.8/maven-settings-3.9.8.jar:/home/runner/.m2/repository/org/apache/maven/resolver/maven-resolver-api/1.9.22/maven-resolver-api-1.9.22.jar:/home/runner/.m2/repository/org/apache/maven/resolver/maven-resolver-impl/1.9.22/maven-resolver-impl-1.9.22.jar:/home/runner/.m2/repository/org/apache/maven/resolver/maven-resolver-named-locks/1.9.22/maven-resolver-named-locks-1.9.22.jar:/home/runner/.m2/repository/org/apache/maven/resolver/maven-resolver-spi/1.9.22/maven-resolver-spi-1.9.22.jar:/home/runner/.m2/repository/org/apache/maven/resolver/maven-resolver-util/1.9.22/maven-resolver-util-1.9.22.jar:/home/runner/.m2/repository/org/apache/maven/resolver/maven-resolver-transport-http/1.9.20/maven-resolver-transport-http-1.9.20.jar:/home/runner/.m2/repository/org/apache/maven/wagon/wagon-provider-api/3.5.3/wagon-provider-api-3.5.3.jar:/home/runner/.m2/repository/org/apache/maven/wagon/wagon-http-shared/3.5.3/wagon-http-shared-3.5.3.jar:/home/runner/.m2/repository/org/codehaus/plexus/plexus-interpolation/1.26/plexus-interpolation-1.26.jar:/home/runner/.m2/repository/org/codehaus/plexus/plexus-utils/3.5.1/plexus-utils-3.5.1.jar:/home/runner/.m2/repository/org/codehaus/plexus/plexus-xml/4.0.1/plexus-xml-4.0.1.jar:/home/runner/.m2/repository/org/apache/maven/maven-xml-impl/4.0.0-alpha-5/maven-xml-impl-4.0.0-alpha-5.jar:/home/runner/.m2/repository/org/apache/maven/maven-api-xml/4.0.0-alpha-5/maven-api-xml-4.0.0-alpha-5.jar:/home/runner/.m2/repository/org/apache/maven/maven-api-meta/4.0.0-alpha-5/maven-api-meta-4.0.0-alpha-5.jar:/home/runner/.m2/repository/org/codehaus/plexus/plexus-cipher/2.0/plexus-cipher-2.0.jar:/home/runner/.m2/repository/org/codehaus/plexus/plexus-sec-dispatcher/2.0/plexus-sec-dispatcher-2.0.jar:/home/runner/.m2/repository/org/apache/maven/maven-embedder/3.9.8/maven-embedder-3.9.8.jar:/home/runner/.m2/repository/org/apache/maven/maven-core/3.9.8/maven-core-3.9.8.jar:/home/runner/.m2/repository/org/codehaus/plexus/plexus-component-annotations/2.1.0/plexus-component-annotations-2.1.0.jar:/home/runner/.m2/repository/org/apache/maven/maven-plugin-api/3.9.8/maven-plugin-api-3.9.8.jar:/home/runner/.m2/repository/org/apache/maven/shared/maven-shared-utils/3.4.2/maven-shared-utils-3.4.2.jar:/home/runner/.m2/repository/com/google/inject/guice/5.1.0/guice-5.1.0.jar:/home/runner/.m2/repository/aopalliance/aopalliance/1.0/aopalliance-1.0.jar:/home/runner/.m2/repository/javax/annotation/javax.annotation-api/1.3.2/javax.annotation-api-1.3.2.jar:/home/runner/.m2/repository/org/codehaus/plexus/plexus-classworlds/2.6.0/plexus-classworlds-2.6.0.jar:/home/runner/.m2/repository/commons-cli/commons-cli/1.8.0/commons-cli-1.8.0.jar:/home/runner/.m2/repository/org/eclipse/sisu/org.eclipse.sisu.plexus/0.9.0.M3/org.eclipse.sisu.plexus-0.9.0.M3.jar:/home/runner/.m2/repository/org/apache/maven/maven-settings-builder/3.9.8/maven-settings-builder-3.9.8.jar:/home/runner/.m2/repository/org/apache/maven/maven-resolver-provider/3.9.8/maven-resolver-provider-3.9.8.jar:/home/runner/.m2/repository/org/apache/maven/resolver/maven-resolver-connector-basic/1.9.22/maven-resolver-connector-basic-1.9.22.jar:/home/runner/.m2/repository/org/apache/maven/resolver/maven-resolver-transport-wagon/1.9.22/maven-resolver-transport-wagon-1.9.22.jar:/home/runner/.m2/repository/org/apache/maven/wagon/wagon-http/3.5.3/wagon-http-3.5.3.jar:/home/runner/.m2/repository/org/apache/maven/wagon/wagon-file/3.5.3/wagon-file-3.5.3.jar:/home/runner/.m2/repository/io/quarkus/quarkus-bootstrap-gradle-resolver/3.15.4/quarkus-bootstrap-gradle-resolver-3.15.4.jar:/home/runner/.m2/repository/io/smallrye/jandex/3.2.3/jandex-3.2.3.jar:/home/runner/.m2/repository/org/jboss/logging/commons-logging-jboss-logging/1.0.0.Final/commons-logging-jboss-logging-1.0.0.Final.jar:/home/runner/.m2/repository/io/quarkus/quarkus-junit5-properties/3.15.4/quarkus-junit5-properties-3.15.4.jar:/home/runner/.m2/repository/org/junit/jupiter/junit-jupiter/5.10.3/junit-jupiter-5.10.3.jar:/home/runner/.m2/repository/org/junit/jupiter/junit-jupiter-api/5.10.3/junit-jupiter-api-5.10.3.jar:/home/runner/.m2/repository/org/junit/jupiter/junit-jupiter-params/5.10.3/junit-jupiter-params-5.10.3.jar:/home/runner/.m2/repository/org/junit/jupiter/junit-jupiter-engine/5.10.3/junit-jupiter-engine-5.10.3.jar:/home/runner/.m2/repository/io/quarkus/quarkus-core/3.15.4/quarkus-core-3.15.4.jar:/home/runner/.m2/repository/jakarta/enterprise/jakarta.enterprise.cdi-api/4.1.0/jakarta.enterprise.cdi-api-4.1.0.jar:/home/runner/.m2/repository/jakarta/enterprise/jakarta.enterprise.lang-model/4.1.0/jakarta.enterprise.lang-model-4.1.0.jar:/home/runner/.m2/repository/jakarta/el/jakarta.el-api/5.0.1/jakarta.el-api-5.0.1.jar:/home/runner/.m2/repository/jakarta/interceptor/jakarta.interceptor-api/2.2.0/jakarta.interceptor-api-2.2.0.jar:/home/runner/.m2/repository/jakarta/inject/jakarta.inject-api/2.0.1/jakarta.inject-api-2.0.1.jar:/home/runner/.m2/repository/io/smallrye/common/smallrye-common-os/2.6.1/smallrye-common-os-2.6.1.jar:/home/runner/.m2/repository/io/quarkus/quarkus-ide-launcher/3.15.4/quarkus-ide-launcher-3.15.4.jar:/home/runner/.m2/repository/io/quarkus/quarkus-development-mode-spi/3.15.4/quarkus-development-mode-spi-3.15.4.jar:/home/runner/.m2/repository/io/smallrye/config/smallrye-config/3.9.1/smallrye-config-3.9.1.jar:/home/runner/.m2/repository/io/smallrye/config/smallrye-config-core/3.9.1/smallrye-config-core-3.9.1.jar:/home/runner/.m2/repository/io/smallrye/common/smallrye-common-annotation/2.6.1/smallrye-common-annotation-2.6.1.jar:/home/runner/.m2/repository/io/smallrye/common/smallrye-common-classloader/2.6.1/smallrye-common-classloader-2.6.1.jar:/home/runner/.m2/repository/io/smallrye/config/smallrye-config-common/3.9.1/smallrye-config-common-3.9.1.jar:/home/runner/.m2/repository/org/jboss/logging/jboss-logging/3.6.0.Final/jboss-logging-3.6.0.Final.jar:/home/runner/.m2/repository/org/jboss/logmanager/jboss-logmanager/3.1.1.Final/jboss-logmanager-3.1.1.Final.jar:/home/runner/.m2/repository/io/smallrye/common/smallrye-common-constraint/2.6.1/smallrye-common-constraint-2.6.1.jar:/home/runner/.m2/repository/io/smallrye/common/smallrye-common-cpu/2.6.1/smallrye-common-cpu-2.6.1.jar:/home/runner/.m2/repository/io/smallrye/common/smallrye-common-expression/2.6.1/smallrye-common-expression-2.6.1.jar:/home/runner/.m2/repository/io/smallrye/common/smallrye-common-function/2.6.1/smallrye-common-function-2.6.1.jar:/home/runner/.m2/repository/io/smallrye/common/smallrye-common-net/2.6.1/smallrye-common-net-2.6.1.jar:/home/runner/.m2/repository/io/smallrye/common/smallrye-common-ref/2.6.1/smallrye-common-ref-2.6.1.jar:/home/runner/.m2/repository/jakarta/json/jakarta.json-api/2.1.3/jakarta.json-api-2.1.3.jar:/home/runner/.m2/repository/org/eclipse/parsson/parsson/1.1.7/parsson-1.1.7.jar:/home/runner/.m2/repository/org/jboss/logging/jboss-logging-annotations/3.0.1.Final/jboss-logging-annotations-3.0.1.Final.jar:/home/runner/.m2/repository/org/jboss/threads/jboss-threads/3.6.1.Final/jboss-threads-3.6.1.Final.jar:/home/runner/.m2/repository/org/jboss/slf4j/slf4j-jboss-logmanager/2.0.0.Final/slf4j-jboss-logmanager-2.0.0.Final.jar:/home/runner/.m2/repository/org/wildfly/common/wildfly-common/1.7.0.Final/wildfly-common-1.7.0.Final.jar:/home/runner/.m2/repository/io/quarkus/quarkus-bootstrap-runner/3.15.4/quarkus-bootstrap-runner-3.15.4.jar:/home/runner/.m2/repository/io/github/crac/org-crac/0.1.3/org-crac-0.1.3.jar:/home/runner/.m2/repository/io/quarkus/quarkus-fs-util/0.0.10/quarkus-fs-util-0.0.10.jar:/home/runner/.m2/repository/org/jboss/marshalling/jboss-marshalling/2.2.1.Final/jboss-marshalling-2.2.1.Final.jar:/home/runner/.m2/repository/io/fabric8/kubernetes-client/6.13.5/kubernetes-client-6.13.5.jar:/home/runner/.m2/repository/io/fabric8/kubernetes-client-api/6.13.5/kubernetes-client-api-6.13.5.jar:/home/runner/.m2/repository/io/fabric8/kubernetes-model-core/6.13.5/kubernetes-model-core-6.13.5.jar:/home/runner/.m2/repository/io/fabric8/kubernetes-model-common/6.13.5/kubernetes-model-common-6.13.5.jar:/home/runner/.m2/repository/io/fabric8/kubernetes-model-gatewayapi/6.13.5/kubernetes-model-gatewayapi-6.13.5.jar:/home/runner/.m2/repository/io/fabric8/kubernetes-model-resource/6.13.5/kubernetes-model-resource-6.13.5.jar:/home/runner/.m2/repository/io/fabric8/kubernetes-model-rbac/6.13.5/kubernetes-model-rbac-6.13.5.jar:/home/runner/.m2/repository/io/fabric8/kubernetes-model-admissionregistration/6.13.5/kubernetes-model-admissionregistration-6.13.5.jar:/home/runner/.m2/repository/io/fabric8/kubernetes-model-apps/6.13.5/kubernetes-model-apps-6.13.5.jar:/home/runner/.m2/repository/io/fabric8/kubernetes-model-autoscaling/6.13.5/kubernetes-model-autoscaling-6.13.5.jar:/home/runner/.m2/repository/io/fabric8/kubernetes-model-apiextensions/6.13.5/kubernetes-model-apiextensions-6.13.5.jar:/home/runner/.m2/repository/io/fabric8/kubernetes-model-batch/6.13.5/kubernetes-model-batch-6.13.5.jar:/home/runner/.m2/repository/io/fabric8/kubernetes-model-certificates/6.13.5/kubernetes-model-certificates-6.13.5.jar:/home/runner/.m2/repository/io/fabric8/kubernetes-model-coordination/6.13.5/kubernetes-model-coordination-6.13.5.jar:/home/runner/.m2/repository/io/fabric8/kubernetes-model-discovery/6.13.5/kubernetes-model-discovery-6.13.5.jar:/home/runner/.m2/repository/io/fabric8/kubernetes-model-events/6.13.5/kubernetes-model-events-6.13.5.jar:/home/runner/.m2/repository/io/fabric8/kubernetes-model-extensions/6.13.5/kubernetes-model-extensions-6.13.5.jar:/home/runner/.m2/repository/io/fabric8/kubernetes-model-flowcontrol/6.13.5/kubernetes-model-flowcontrol-6.13.5.jar:/home/runner/.m2/repository/io/fabric8/kubernetes-model-networking/6.13.5/kubernetes-model-networking-6.13.5.jar:/home/runner/.m2/repository/io/fabric8/kubernetes-model-metrics/6.13.5/kubernetes-model-metrics-6.13.5.jar:/home/runner/.m2/repository/io/fabric8/kubernetes-model-policy/6.13.5/kubernetes-model-policy-6.13.5.jar:/home/runner/.m2/repository/io/fabric8/kubernetes-model-scheduling/6.13.5/kubernetes-model-scheduling-6.13.5.jar:/home/runner/.m2/repository/io/fabric8/kubernetes-model-storageclass/6.13.5/kubernetes-model-storageclass-6.13.5.jar:/home/runner/.m2/repository/io/fabric8/kubernetes-model-node/6.13.5/kubernetes-model-node-6.13.5.jar:/home/runner/.m2/repository/org/snakeyaml/snakeyaml-engine/2.7/snakeyaml-engine-2.7.jar:/home/runner/.m2/repository/com/fasterxml/jackson/dataformat/jackson-dataformat-yaml/2.15.2/jackson-dataformat-yaml-2.15.2.jar:/home/runner/.m2/repository/com/fasterxml/jackson/datatype/jackson-datatype-jsr310/2.17.2/jackson-datatype-jsr310-2.17.2.jar:/home/runner/.m2/repository/io/fabric8/zjsonpatch/0.3.0/zjsonpatch-0.3.0.jar:/home/runner/.m2/repository/io/fabric8/kubernetes-httpclient-vertx/6.13.5/kubernetes-httpclient-vertx-6.13.5.jar:/home/runner/.m2/repository/io/vertx/vertx-web-client/4.5.13/vertx-web-client-4.5.13.jar:/home/runner/.m2/repository/io/vertx/vertx-web-common/4.5.13/vertx-web-common-4.5.13.jar:/home/runner/.m2/repository/io/vertx/vertx-auth-common/4.5.13/vertx-auth-common-4.5.13.jar:/home/runner/.m2/repository/io/vertx/vertx-uri-template/4.5.13/vertx-uri-template-4.5.13.jar:/home/runner/.m2/repository/io/fabric8/openshift-client/6.13.5/openshift-client-6.13.5.jar:/home/runner/.m2/repository/io/fabric8/openshift-client-api/6.13.5/openshift-client-api-6.13.5.jar:/home/runner/.m2/repository/io/fabric8/openshift-model/6.13.5/openshift-model-6.13.5.jar:/home/runner/.m2/repository/io/fabric8/openshift-model-clusterautoscaling/6.13.5/openshift-model-clusterautoscaling-6.13.5.jar:/home/runner/.m2/repository/io/fabric8/openshift-model-operator/6.13.5/openshift-model-operator-6.13.5.jar:/home/runner/.m2/repository/io/fabric8/openshift-model-operatorhub/6.13.5/openshift-model-operatorhub-6.13.5.jar:/home/runner/.m2/repository/io/fabric8/openshift-model-machine/6.13.5/openshift-model-machine-6.13.5.jar:/home/runner/.m2/repository/io/fabric8/openshift-model-whereabouts/6.13.5/openshift-model-whereabouts-6.13.5.jar:/home/runner/.m2/repository/io/fabric8/openshift-model-monitoring/6.13.5/openshift-model-monitoring-6.13.5.jar:/home/runner/.m2/repository/io/fabric8/openshift-model-storageversionmigrator/6.13.5/openshift-model-storageversionmigrator-6.13.5.jar:/home/runner/.m2/repository/io/fabric8/openshift-model-tuned/6.13.5/openshift-model-tuned-6.13.5.jar:/home/runner/.m2/repository/io/fabric8/openshift-model-console/6.13.5/openshift-model-console-6.13.5.jar:/home/runner/.m2/repository/io/fabric8/openshift-model-config/6.13.5/openshift-model-config-6.13.5.jar:/home/runner/.m2/repository/io/fabric8/openshift-model-machineconfig/6.13.5/openshift-model-machineconfig-6.13.5.jar:/home/runner/.m2/repository/io/fabric8/openshift-model-miscellaneous/6.13.5/openshift-model-miscellaneous-6.13.5.jar:/home/runner/.m2/repository/io/fabric8/openshift-model-hive/6.13.5/openshift-model-hive-6.13.5.jar:/home/runner/.m2/repository/io/fabric8/openshift-model-installer/6.13.5/openshift-model-installer-6.13.5.jar:/home/runner/.m2/repository/com/github/mifmif/generex/1.0.2/generex-1.0.2.jar:/home/runner/.m2/repository/dk/brics/automaton/automaton/1.11-8/automaton-1.11-8.jar:/home/runner/.m2/repository/org/junit/platform/junit-platform-launcher/1.10.3/junit-platform-launcher-1.10.3.jar:/home/runner/.m2/repository/org/junit/platform/junit-platform-engine/1.10.3/junit-platform-engine-1.10.3.jar:/home/runner/.m2/repository/org/opentest4j/opentest4j/1.3.0/opentest4j-1.3.0.jar:/home/runner/.m2/repository/org/junit/platform/junit-platform-commons/1.10.3/junit-platform-commons-1.10.3.jar:/home/runner/.m2/repository/org/apiguardian/apiguardian-api/1.1.2/apiguardian-api-1.1.2.jar:/home/runner/.m2/repository/jakarta/ws/rs/jakarta.ws.rs-api/3.1.0/jakarta.ws.rs-api-3.1.0.jar:/home/runner/work/apicurio-testing/apicurio-testing/clusters/ci419/namespaces/postgresql/tests/integration/apicurio-registry/java-sdk/target/apicurio-registry-java-sdk-3.0.9.jar:/home/runner/.m2/repository/com/microsoft/kiota/microsoft-kiota-abstractions/1.8.4/microsoft-kiota-abstractions-1.8.4.jar:/home/runner/.m2/repository/io/github/std-uritemplate/std-uritemplate/2.0.0/std-uritemplate-2.0.0.jar:/home/runner/.m2/repository/io/kiota/kiota-http-jdk/0.0.21/kiota-http-jdk-0.0.21.jar:/home/runner/.m2/repository/io/kiota/kiota-http-vertx/0.0.21/kiota-http-vertx-0.0.21.jar:/home/runner/.m2/repository/io/kiota/kiota-serialization-jackson/0.0.21/kiota-serialization-jackson-0.0.21.jar:/home/runner/.m2/repository/com/microsoft/kiota/microsoft-kiota-serialization-text/1.8.4/microsoft-kiota-serialization-text-1.8.4.jar:/home/runner/.m2/repository/com/microsoft/kiota/microsoft-kiota-serialization-form/1.8.4/microsoft-kiota-serialization-form-1.8.4.jar:/home/runner/.m2/repository/com/microsoft/kiota/microsoft-kiota-serialization-multipart/1.8.4/microsoft-kiota-serialization-multipart-1.8.4.jar:/home/runner/.m2/repository/jakarta/annotation/jakarta.annotation-api/3.0.0/jakarta.annotation-api-3.0.0.jar:/home/runner/.m2/repository/io/vertx/vertx-auth-oauth2/4.5.13/vertx-auth-oauth2-4.5.13.jar:/home/runner/work/apicurio-testing/apicurio-testing/clusters/ci419/namespaces/postgresql/tests/integration/apicurio-registry/java-sdk-v2/target/apicurio-registry-v2-java-sdk-3.0.9.jar:/home/runner/work/apicurio-testing/apicurio-testing/clusters/ci419/namespaces/postgresql/tests/integration/apicurio-registry/utils/kafka/target/apicurio-registry-utils-kafka-3.0.9-tests.jar:/home/runner/.m2/repository/org/eclipse/microprofile/config/microprofile-config-api/3.1/microprofile-config-api-3.1.jar:/home/runner/.m2/repository/org/apache/kafka/kafka-clients/3.9.0/kafka-clients-3.9.0.jar:/home/runner/.m2/repository/com/github/luben/zstd-jni/1.5.6-4/zstd-jni-1.5.6-4.jar:/home/runner/.m2/repository/org/lz4/lz4-java/1.8.0/lz4-java-1.8.0.jar:/home/runner/.m2/repository/org/xerial/snappy/snappy-java/1.1.10.5/snappy-java-1.1.10.5.jar:/home/runner/.m2/repository/org/slf4j/slf4j-api/2.0.6/slf4j-api-2.0.6.jar:/home/runner/work/apicurio-testing/apicurio-testing/clusters/ci419/namespaces/postgresql/tests/integration/apicurio-registry/utils/tests/target/apicurio-registry-utils-tests-3.0.9.jar:/home/runner/work/apicurio-testing/apicurio-testing/clusters/ci419/namespaces/postgresql/tests/integration/apicurio-registry/common/target/apicurio-registry-common-3.0.9.jar:/home/runner/.m2/repository/jakarta/validation/jakarta.validation-api/3.0.2/jakarta.validation-api-3.0.2.jar:/home/runner/.m2/repository/com/github/dasniko/testcontainers-keycloak/3.6.0/testcontainers-keycloak-3.6.0.jar:/home/runner/.m2/repository/org/testcontainers/testcontainers/1.20.1/testcontainers-1.20.1.jar:/home/runner/.m2/repository/org/rnorth/duct-tape/duct-tape/1.0.8/duct-tape-1.0.8.jar:/home/runner/.m2/repository/org/jetbrains/annotations/24.1.0/annotations-24.1.0.jar:/home/runner/.m2/repository/com/github/docker-java/docker-java-transport-zerodep/3.4.0/docker-java-transport-zerodep-3.4.0.jar:/home/runner/.m2/repository/com/github/docker-java/docker-java-transport/3.4.0/docker-java-transport-3.4.0.jar:/home/runner/.m2/repository/net/java/dev/jna/jna/5.8.0/jna-5.8.0.jar:/home/runner/.m2/repository/io/quarkus/quarkus-junit4-mock/3.15.4/quarkus-junit4-mock-3.15.4.jar:/home/runner/.m2/repository/org/jboss/shrinkwrap/shrinkwrap-api/2.0.0-beta-2/shrinkwrap-api-2.0.0-beta-2.jar:/home/runner/.m2/repository/org/jboss/shrinkwrap/shrinkwrap-impl-base/2.0.0-beta-2/shrinkwrap-impl-base-2.0.0-beta-2.jar:/home/runner/.m2/repository/org/jboss/shrinkwrap/shrinkwrap-spi/2.0.0-beta-2/shrinkwrap-spi-2.0.0-beta-2.jar:/home/runner/.m2/repository/org/keycloak/keycloak-admin-client/25.0.6/keycloak-admin-client-25.0.6.jar:/home/runner/.m2/repository/org/keycloak/keycloak-core/25.0.6/keycloak-core-25.0.6.jar:/home/runner/.m2/repository/org/keycloak/keycloak-common/25.0.6/keycloak-common-25.0.6.jar:/home/runner/.m2/repository/org/jboss/resteasy/resteasy-client/6.2.9.Final/resteasy-client-6.2.9.Final.jar:/home/runner/.m2/repository/org/jboss/resteasy/resteasy-client-api/6.2.9.Final/resteasy-client-api-6.2.9.Final.jar:/home/runner/.m2/repository/org/jboss/resteasy/resteasy-core-spi/6.2.9.Final/resteasy-core-spi-6.2.9.Final.jar:/home/runner/.m2/repository/org/jboss/resteasy/resteasy-core/6.2.9.Final/resteasy-core-6.2.9.Final.jar:/home/runner/.m2/repository/org/eclipse/angus/angus-activation/2.0.2/angus-activation-2.0.2.jar:/home/runner/.m2/repository/com/ibm/async/asyncutil/0.1.0/asyncutil-0.1.0.jar:/home/runner/.m2/repository/org/reactivestreams/reactive-streams/1.0.4/reactive-streams-1.0.4.jar:/home/runner/.m2/repository/org/jboss/resteasy/resteasy-multipart-provider/6.2.9.Final/resteasy-multipart-provider-6.2.9.Final.jar:/home/runner/.m2/repository/jakarta/mail/jakarta.mail-api/2.1.2/jakarta.mail-api-2.1.2.jar:/home/runner/.m2/repository/org/eclipse/angus/angus-mail/2.0.3/angus-mail-2.0.3.jar:/home/runner/.m2/repository/org/apache/james/apache-mime4j-dom/0.8.11/apache-mime4j-dom-0.8.11.jar:/home/runner/.m2/repository/org/apache/james/apache-mime4j-core/0.8.11/apache-mime4j-core-0.8.11.jar:/home/runner/.m2/repository/org/apache/james/apache-mime4j-storage/0.8.11/apache-mime4j-storage-0.8.11.jar:/home/runner/.m2/repository/org/jboss/resteasy/resteasy-jackson2-provider/6.2.9.Final/resteasy-jackson2-provider-6.2.9.Final.jar:/home/runner/.m2/repository/com/fasterxml/jackson/jakarta/rs/jackson-jakarta-rs-base/2.17.2/jackson-jakarta-rs-base-2.17.2.jar:/home/runner/.m2/repository/com/fasterxml/jackson/jakarta/rs/jackson-jakarta-rs-json-provider/2.17.2/jackson-jakarta-rs-json-provider-2.17.2.jar:/home/runner/.m2/repository/com/fasterxml/jackson/module/jackson-module-jakarta-xmlbind-annotations/2.17.2/jackson-module-jakarta-xmlbind-annotations-2.17.2.jar:/home/runner/.m2/repository/com/github/java-json-tools/json-patch/1.13/json-patch-1.13.jar:/home/runner/.m2/repository/com/github/java-json-tools/msg-simple/1.2/msg-simple-1.2.jar:/home/runner/.m2/repository/com/github/java-json-tools/btf/1.3/btf-1.3.jar:/home/runner/.m2/repository/com/github/java-json-tools/jackson-coreutils/2.0/jackson-coreutils-2.0.jar:/home/runner/.m2/repository/org/jboss/resteasy/resteasy-jaxb-provider/6.2.9.Final/resteasy-jaxb-provider-6.2.9.Final.jar:/home/runner/.m2/repository/org/glassfish/jaxb/codemodel/4.0.3/codemodel-4.0.3.jar:/home/runner/.m2/repository/org/glassfish/jaxb/jaxb-core/4.0.5/jaxb-core-4.0.5.jar:/home/runner/.m2/repository/org/glassfish/jaxb/jaxb-jxc/4.0.3/jaxb-jxc-4.0.3.jar:/home/runner/.m2/repository/org/glassfish/jaxb/jaxb-runtime/4.0.5/jaxb-runtime-4.0.5.jar:/home/runner/.m2/repository/org/glassfish/jaxb/txw2/4.0.5/txw2-4.0.5.jar:/home/runner/.m2/repository/org/glassfish/jaxb/jaxb-xjc/4.0.3/jaxb-xjc-4.0.3.jar:/home/runner/.m2/repository/org/glassfish/jaxb/xsom/4.0.3/xsom-4.0.3.jar:/home/runner/.m2/repository/com/sun/istack/istack-commons-runtime/4.1.2/istack-commons-runtime-4.1.2.jar:/home/runner/.m2/repository/com/sun/istack/istack-commons-tools/4.1.2/istack-commons-tools-4.1.2.jar:/home/runner/.m2/repository/com/sun/xml/bind/external/relaxng-datatype/4.0.3/relaxng-datatype-4.0.3.jar:/home/runner/.m2/repository/com/sun/xml/bind/external/rngom/4.0.3/rngom-4.0.3.jar:/home/runner/.m2/repository/org/testcontainers/mssqlserver/1.20.1/mssqlserver-1.20.1.jar:/home/runner/.m2/repository/org/testcontainers/jdbc/1.20.1/jdbc-1.20.1.jar:/home/runner/.m2/repository/org/testcontainers/database-commons/1.20.1/database-commons-1.20.1.jar:/home/runner/.m2/repository/org/testcontainers/mysql/1.20.1/mysql-1.20.1.jar:/home/runner/.m2/repository/io/strimzi/strimzi-test-container/0.107.0/strimzi-test-container-0.107.0.jar:/home/runner/.m2/repository/org/testcontainers/toxiproxy/1.20.1/toxiproxy-1.20.1.jar:/home/runner/.m2/repository/com/github/docker-java/docker-java-api/3.4.0/docker-java-api-3.4.0.jar:/home/runner/.m2/repository/eu/rekawek/toxiproxy/toxiproxy-java/2.1.7/toxiproxy-java-2.1.7.jar:/home/runner/.m2/repository/junit/junit/4.13.2/junit-4.13.2.jar:/home/runner/.m2/repository/org/hamcrest/hamcrest-core/1.3/hamcrest-core-1.3.jar:/home/runner/.m2/repository/org/testcontainers/pulsar/1.20.4/pulsar-1.20.4.jar:/home/runner/.m2/repository/io/debezium/debezium-testing-testcontainers/2.6.2.Final/debezium-testing-testcontainers-2.6.2.Final.jar:/home/runner/.m2/repository/org/testcontainers/kafka/1.20.1/kafka-1.20.1.jar:/home/runner/.m2/repository/com/squareup/okhttp3/okhttp/4.8.1/okhttp-4.8.1.jar:/home/runner/.m2/repository/com/squareup/okio/okio/3.10.2/okio-3.10.2.jar:/home/runner/.m2/repository/com/squareup/okio/okio-jvm/3.10.2/okio-jvm-3.10.2.jar:/home/runner/.m2/repository/org/jetbrains/kotlin/kotlin-stdlib/2.0.10/kotlin-stdlib-2.0.10.jar:/home/runner/.m2/repository/org/awaitility/awaitility/4.2.2/awaitility-4.2.2.jar:/home/runner/.m2/repository/org/testcontainers/mongodb/1.20.1/mongodb-1.20.1.jar:/home/runner/.m2/repository/org/testcontainers/oracle-xe/1.20.1/oracle-xe-1.20.1.jar:/home/runner/.m2/repository/org/testcontainers/postgresql/1.20.1/postgresql-1.20.1.jar:/home/runner/.m2/repository/org/wiremock/wiremock/3.0.1/wiremock-3.0.1.jar:/home/runner/.m2/repository/org/eclipse/jetty/jetty-server/11.0.15/jetty-server-11.0.15.jar:/home/runner/.m2/repository/org/eclipse/jetty/toolchain/jetty-jakarta-servlet-api/5.0.2/jetty-jakarta-servlet-api-5.0.2.jar:/home/runner/.m2/repository/org/eclipse/jetty/jetty-http/11.0.15/jetty-http-11.0.15.jar:/home/runner/.m2/repository/org/eclipse/jetty/jetty-io/11.0.15/jetty-io-11.0.15.jar:/home/runner/.m2/repository/org/eclipse/jetty/jetty-servlet/11.0.15/jetty-servlet-11.0.15.jar:/home/runner/.m2/repository/org/eclipse/jetty/jetty-security/11.0.15/jetty-security-11.0.15.jar:/home/runner/.m2/repository/org/eclipse/jetty/jetty-servlets/11.0.15/jetty-servlets-11.0.15.jar:/home/runner/.m2/repository/org/eclipse/jetty/jetty-util/11.0.15/jetty-util-11.0.15.jar:/home/runner/.m2/repository/org/eclipse/jetty/jetty-webapp/11.0.15/jetty-webapp-11.0.15.jar:/home/runner/.m2/repository/org/eclipse/jetty/jetty-xml/11.0.15/jetty-xml-11.0.15.jar:/home/runner/.m2/repository/org/eclipse/jetty/jetty-proxy/11.0.15/jetty-proxy-11.0.15.jar:/home/runner/.m2/repository/org/eclipse/jetty/jetty-client/11.0.15/jetty-client-11.0.15.jar:/home/runner/.m2/repository/org/eclipse/jetty/http2/http2-server/11.0.15/http2-server-11.0.15.jar:/home/runner/.m2/repository/org/eclipse/jetty/http2/http2-common/11.0.15/http2-common-11.0.15.jar:/home/runner/.m2/repository/org/eclipse/jetty/http2/http2-hpack/11.0.15/http2-hpack-11.0.15.jar:/home/runner/.m2/repository/org/eclipse/jetty/jetty-alpn-server/11.0.15/jetty-alpn-server-11.0.15.jar:/home/runner/.m2/repository/org/eclipse/jetty/jetty-alpn-java-server/11.0.15/jetty-alpn-java-server-11.0.15.jar:/home/runner/.m2/repository/org/eclipse/jetty/jetty-alpn-java-client/11.0.15/jetty-alpn-java-client-11.0.15.jar:/home/runner/.m2/repository/org/eclipse/jetty/jetty-alpn-client/11.0.15/jetty-alpn-client-11.0.15.jar:/home/runner/.m2/repository/org/apache/httpcomponents/client5/httpclient5/5.2.1/httpclient5-5.2.1.jar:/home/runner/.m2/repository/org/apache/httpcomponents/core5/httpcore5/5.2/httpcore5-5.2.jar:/home/runner/.m2/repository/org/apache/httpcomponents/core5/httpcore5-h2/5.2/httpcore5-h2-5.2.jar:/home/runner/.m2/repository/org/xmlunit/xmlunit-core/2.9.1/xmlunit-core-2.9.1.jar:/home/runner/.m2/repository/jakarta/xml/bind/jakarta.xml.bind-api/4.0.2/jakarta.xml.bind-api-4.0.2.jar:/home/runner/.m2/repository/jakarta/activation/jakarta.activation-api/2.1.3/jakarta.activation-api-2.1.3.jar:/home/runner/.m2/repository/org/xmlunit/xmlunit-legacy/2.9.1/xmlunit-legacy-2.9.1.jar:/home/runner/.m2/repository/org/xmlunit/xmlunit-placeholders/2.9.1/xmlunit-placeholders-2.9.1.jar:/home/runner/.m2/repository/net/javacrumbs/json-unit/json-unit-core/2.38.0/json-unit-core-2.38.0.jar:/home/runner/.m2/repository/com/jayway/jsonpath/json-path/2.8.0/json-path-2.8.0.jar:/home/runner/.m2/repository/net/minidev/json-smart/2.4.10/json-smart-2.4.10.jar:/home/runner/.m2/repository/net/minidev/accessors-smart/2.4.9/accessors-smart-2.4.9.jar:/home/runner/.m2/repository/org/ow2/asm/asm/9.7/asm-9.7.jar:/home/runner/.m2/repository/net/sf/jopt-simple/jopt-simple/5.0.4/jopt-simple-5.0.4.jar:/home/runner/.m2/repository/com/github/jknack/handlebars/4.3.1/handlebars-4.3.1.jar:/home/runner/.m2/repository/com/github/jknack/handlebars-helpers/4.3.1/handlebars-helpers-4.3.1.jar:/home/runner/.m2/repository/commons-fileupload/commons-fileupload/1.5/commons-fileupload-1.5.jar:/home/runner/.m2/repository/com/networknt/json-schema-validator/1.5.5/json-schema-validator-1.5.5.jar:/home/runner/.m2/repository/com/ethlo/time/itu/1.10.3/itu-1.10.3.jar:/home/runner/.m2/repository/io/quarkus/quarkus-smallrye-jwt-build/3.15.4/quarkus-smallrye-jwt-build-3.15.4.jar:/home/runner/.m2/repository/io/smallrye/smallrye-jwt-build/4.5.3/smallrye-jwt-build-4.5.3.jar:/home/runner/.m2/repository/org/eclipse/microprofile/jwt/microprofile-jwt-auth-api/2.1/microprofile-jwt-auth-api-2.1.jar:/home/runner/.m2/repository/org/bitbucket/b_c/jose4j/0.9.6/jose4j-0.9.6.jar:/home/runner/.m2/repository/io/smallrye/smallrye-jwt-common/4.5.3/smallrye-jwt-common-4.5.3.jar:/home/runner/.m2/repository/io/quarkus/quarkus-jsonp/3.15.4/quarkus-jsonp-3.15.4.jar:/home/runner/.m2/repository/io/quarkus/quarkus-arc/3.15.4/quarkus-arc-3.15.4.jar:/home/runner/.m2/repository/io/quarkus/arc/arc/3.15.4/arc-3.15.4.jar:/home/runner/.m2/repository/jakarta/transaction/jakarta.transaction-api/2.0.1/jakarta.transaction-api-2.0.1.jar:/home/runner/.m2/repository/io/smallrye/reactive/mutiny/2.6.2/mutiny-2.6.2.jar:/home/runner/.m2/repository/org/jctools/jctools-core/4.0.5/jctools-core-4.0.5.jar:/home/runner/.m2/repository/org/eclipse/microprofile/context-propagation/microprofile-context-propagation-api/1.3/microprofile-context-propagation-api-1.3.jar:/home/runner/.m2/repository/io/apicurio/apicurio-common-rest-client-common/0.1.18.Final/apicurio-common-rest-client-common-0.1.18.Final.jar:/home/runner/work/apicurio-testing/apicurio-testing/clusters/ci419/namespaces/postgresql/tests/integration/apicurio-registry/utils/maven-plugin/target/apicurio-registry-maven-plugin-3.0.9.jar:/home/runner/.m2/repository/com/fasterxml/jackson/core/jackson-databind/2.17.2/jackson-databind-2.17.2.jar:/home/runner/.m2/repository/org/apache/avro/avro/1.12.0/avro-1.12.0.jar:/home/runner/.m2/repository/com/google/protobuf/protobuf-java/3.25.8/protobuf-java-3.25.8.jar:/home/runner/.m2/repository/com/google/protobuf/protobuf-java-util/3.25.8/protobuf-java-util-3.25.8.jar:/home/runner/.m2/repository/com/google/code/findbugs/jsr305/3.0.2/jsr305-3.0.2.jar:/home/runner/.m2/repository/com/google/code/gson/gson/2.11.0/gson-2.11.0.jar:/home/runner/.m2/repository/com/google/errorprone/error_prone_annotations/2.30.0/error_prone_annotations-2.30.0.jar:/home/runner/.m2/repository/com/google/j2objc/j2objc-annotations/2.8/j2objc-annotations-2.8.jar:/home/runner/work/apicurio-testing/apicurio-testing/clusters/ci419/namespaces/postgresql/tests/integration/apicurio-registry/schema-util/util-provider/target/apicurio-registry-schema-util-provider-3.0.9.jar:/home/runner/work/apicurio-testing/apicurio-testing/clusters/ci419/namespaces/postgresql/tests/integration/apicurio-registry/schema-util/common/target/apicurio-registry-schema-util-common-3.0.9.jar:/home/runner/.m2/repository/com/fasterxml/jackson/module/jackson-module-parameter-names/2.17.2/jackson-module-parameter-names-2.17.2.jar:/home/runner/.m2/repository/com/fasterxml/jackson/datatype/jackson-datatype-json-org/2.18.2/jackson-datatype-json-org-2.18.2.jar:/home/runner/work/apicurio-testing/apicurio-testing/clusters/ci419/namespaces/postgresql/tests/integration/apicurio-registry/schema-util/json/target/apicurio-registry-schema-util-json-3.0.9.jar:/home/runner/.m2/repository/com/github/erosb/everit-json-schema/1.14.5/everit-json-schema-1.14.5.jar:/home/runner/.m2/repository/commons-validator/commons-validator/1.9.0/commons-validator-1.9.0.jar:/home/runner/.m2/repository/commons-digester/commons-digester/2.1/commons-digester-2.1.jar:/home/runner/.m2/repository/commons-collections/commons-collections/3.2.2/commons-collections-3.2.2.jar:/home/runner/.m2/repository/com/damnhandy/handy-uri-templates/2.1.8/handy-uri-templates-2.1.8.jar:/home/runner/.m2/repository/joda-time/joda-time/2.10.2/joda-time-2.10.2.jar:/home/runner/.m2/repository/com/github/erosb/json-sKema/0.20.0/json-sKema-0.20.0.jar:/home/runner/.m2/repository/io/vertx/vertx-json-schema/4.5.13/vertx-json-schema-4.5.13.jar:/home/runner/work/apicurio-testing/apicurio-testing/clusters/ci419/namespaces/postgresql/tests/integration/apicurio-registry/schema-util/protobuf/target/apicurio-registry-schema-util-protobuf-3.0.9.jar:/home/runner/work/apicurio-testing/apicurio-testing/clusters/ci419/namespaces/postgresql/tests/integration/apicurio-registry/utils/protobuf-schema-utilities/target/apicurio-registry-protobuf-schema-utilities-3.0.9.jar:/home/runner/.m2/repository/com/google/api/grpc/proto-google-common-protos/2.52.0/proto-google-common-protos-2.52.0.jar:/home/runner/.m2/repository/com/squareup/wire/wire-schema-jvm/5.1.0/wire-schema-jvm-5.1.0.jar:/home/runner/.m2/repository/com/squareup/javapoet/1.13.0/javapoet-1.13.0.jar:/home/runner/.m2/repository/com/squareup/kotlinpoet-jvm/1.18.1/kotlinpoet-jvm-1.18.1.jar:/home/runner/.m2/repository/org/jetbrains/kotlin/kotlin-reflect/2.0.10/kotlin-reflect-2.0.10.jar:/home/runner/.m2/repository/com/squareup/wire/wire-runtime-jvm/5.1.0/wire-runtime-jvm-5.1.0.jar:/home/runner/.m2/repository/com/ibm/icu/icu4j/76.1/icu4j-76.1.jar:/home/runner/.m2/repository/com/squareup/okio/okio-fakefilesystem/3.10.2/okio-fakefilesystem-3.10.2.jar:/home/runner/.m2/repository/com/squareup/okio/okio-fakefilesystem-jvm/3.10.2/okio-fakefilesystem-jvm-3.10.2.jar:/home/runner/.m2/repository/org/jetbrains/kotlinx/kotlinx-datetime-jvm/0.6.1/kotlinx-datetime-jvm-0.6.1.jar:/home/runner/work/apicurio-testing/apicurio-testing/clusters/ci419/namespaces/postgresql/tests/integration/apicurio-registry/schema-util/asyncapi/target/apicurio-registry-schema-util-asyncapi-3.0.9.jar:/home/runner/work/apicurio-testing/apicurio-testing/clusters/ci419/namespaces/postgresql/tests/integration/apicurio-registry/schema-util/avro/target/apicurio-registry-schema-util-avro-3.0.9.jar:/home/runner/work/apicurio-testing/apicurio-testing/clusters/ci419/namespaces/postgresql/tests/integration/apicurio-registry/schema-util/graphql/target/apicurio-registry-schema-util-graphql-3.0.9.jar:/home/runner/.m2/repository/com/graphql-java/graphql-java/22.3/graphql-java-22.3.jar:/home/runner/.m2/repository/com/graphql-java/java-dataloader/3.3.0/java-dataloader-3.3.0.jar:/home/runner/work/apicurio-testing/apicurio-testing/clusters/ci419/namespaces/postgresql/tests/integration/apicurio-registry/schema-util/kconnect/target/apicurio-registry-schema-util-kconnect-3.0.9.jar:/home/runner/work/apicurio-testing/apicurio-testing/clusters/ci419/namespaces/postgresql/tests/integration/apicurio-registry/schema-util/openapi/target/apicurio-registry-schema-util-openapi-3.0.9.jar:/home/runner/.m2/repository/io/apicurio/apicurio-data-models/2.2.1/apicurio-data-models-2.2.1.jar:/home/runner/.m2/repository/org/openapitools/openapidiff/openapi-diff-core/2.0.1/openapi-diff-core-2.0.1.jar:/home/runner/.m2/repository/io/swagger/parser/v3/swagger-parser/2.0.28/swagger-parser-2.0.28.jar:/home/runner/.m2/repository/io/swagger/parser/v3/swagger-parser-v2-converter/2.0.28/swagger-parser-v2-converter-2.0.28.jar:/home/runner/.m2/repository/io/swagger/swagger-core/1.6.3/swagger-core-1.6.3.jar:/home/runner/.m2/repository/io/swagger/swagger-models/1.6.3/swagger-models-1.6.3.jar:/home/runner/.m2/repository/io/swagger/swagger-annotations/1.6.3/swagger-annotations-1.6.3.jar:/home/runner/.m2/repository/io/swagger/swagger-parser/1.0.56/swagger-parser-1.0.56.jar:/home/runner/.m2/repository/io/swagger/swagger-compat-spec-parser/1.0.56/swagger-compat-spec-parser-1.0.56.jar:/home/runner/.m2/repository/com/github/java-json-tools/json-schema-validator/2.2.14/json-schema-validator-2.2.14.jar:/home/runner/.m2/repository/com/github/java-json-tools/jackson-coreutils-equivalence/1.0/jackson-coreutils-equivalence-1.0.jar:/home/runner/.m2/repository/com/github/java-json-tools/json-schema-core/1.2.14/json-schema-core-1.2.14.jar:/home/runner/.m2/repository/com/github/java-json-tools/uri-template/0.10/uri-template-0.10.jar:/home/runner/.m2/repository/com/sun/mail/mailapi/1.6.2/mailapi-1.6.2.jar:/home/runner/.m2/repository/com/googlecode/libphonenumber/libphonenumber/8.11.1/libphonenumber-8.11.1.jar:/home/runner/.m2/repository/com/j2html/j2html/1.5.0/j2html-1.5.0.jar:/home/runner/.m2/repository/org/apache/commons/commons-collections4/4.4/commons-collections4-4.4.jar:/home/runner/.m2/repository/commons-httpclient/commons-httpclient/3.1/commons-httpclient-3.1.jar:/home/runner/.m2/repository/io/swagger/parser/v3/swagger-parser-v3/2.1.25/swagger-parser-v3-2.1.25.jar:/home/runner/.m2/repository/io/swagger/core/v3/swagger-models/2.2.28/swagger-models-2.2.28.jar:/home/runner/.m2/repository/io/swagger/core/v3/swagger-core/2.2.28/swagger-core-2.2.28.jar:/home/runner/.m2/repository/io/swagger/parser/v3/swagger-parser-core/2.1.25/swagger-parser-core-2.1.25.jar:/home/runner/.m2/repository/io/swagger/parser/v3/swagger-parser-safe-url-resolver/2.1.25/swagger-parser-safe-url-resolver-2.1.25.jar:/home/runner/work/apicurio-testing/apicurio-testing/clusters/ci419/namespaces/postgresql/tests/integration/apicurio-registry/schema-util/wsdl/target/apicurio-registry-schema-util-wsdl-3.0.9.jar:/home/runner/.m2/repository/wsdl4j/wsdl4j/1.6.3/wsdl4j-1.6.3.jar:/home/runner/work/apicurio-testing/apicurio-testing/clusters/ci419/namespaces/postgresql/tests/integration/apicurio-registry/schema-util/xml/target/apicurio-registry-schema-util-xml-3.0.9.jar:/home/runner/.m2/repository/org/apache/santuario/xmlsec/4.0.3/xmlsec-4.0.3.jar:/home/runner/.m2/repository/com/fasterxml/woodstox/woodstox-core/7.1.0/woodstox-core-7.1.0.jar:/home/runner/.m2/repository/org/codehaus/woodstox/stax2-api/4.2.2/stax2-api-4.2.2.jar:/home/runner/work/apicurio-testing/apicurio-testing/clusters/ci419/namespaces/postgresql/tests/integration/apicurio-registry/schema-util/xsd/target/apicurio-registry-schema-util-xsd-3.0.9.jar:/home/runner/work/apicurio-testing/apicurio-testing/clusters/ci419/namespaces/postgresql/tests/integration/apicurio-registry/serdes/kafka/jsonschema-serde/target/apicurio-registry-jsonschema-serde-kafka-3.0.9.jar:/home/runner/work/apicurio-testing/apicurio-testing/clusters/ci419/namespaces/postgresql/tests/integration/apicurio-registry/serdes/kafka/serde-kafka-common/target/apicurio-registry-serde-kafka-common-3.0.9.jar:/home/runner/work/apicurio-testing/apicurio-testing/clusters/ci419/namespaces/postgresql/tests/integration/apicurio-registry/serdes/generic/serde-common/target/apicurio-registry-serde-common-3.0.9.jar:/home/runner/work/apicurio-testing/apicurio-testing/clusters/ci419/namespaces/postgresql/tests/integration/apicurio-registry/schema-resolver/target/apicurio-registry-schema-resolver-3.0.9.jar:/home/runner/work/apicurio-testing/apicurio-testing/clusters/ci419/namespaces/postgresql/tests/integration/apicurio-registry/serdes/generic/serde-common-jsonschema/target/apicurio-registry-serde-common-jsonschema-3.0.9.jar:/home/runner/.m2/repository/org/json/json/20250107/json-20250107.jar:/home/runner/work/apicurio-testing/apicurio-testing/clusters/ci419/namespaces/postgresql/tests/integration/apicurio-registry/serdes/kafka/avro-serde/target/apicurio-registry-avro-serde-kafka-3.0.9.jar:/home/runner/work/apicurio-testing/apicurio-testing/clusters/ci419/namespaces/postgresql/tests/integration/apicurio-registry/serdes/generic/serde-common-avro/target/apicurio-registry-serde-common-avro-3.0.9.jar:/home/runner/work/apicurio-testing/apicurio-testing/clusters/ci419/namespaces/postgresql/tests/integration/apicurio-registry/serdes/kafka/protobuf-serde/target/apicurio-registry-protobuf-serde-kafka-3.0.9.jar:/home/runner/work/apicurio-testing/apicurio-testing/clusters/ci419/namespaces/postgresql/tests/integration/apicurio-registry/serdes/generic/serde-common-protobuf/target/apicurio-registry-serde-common-protobuf-3.0.9.jar:/home/runner/.m2/repository/com/squareup/wire/wire-schema/5.1.0/wire-schema-5.1.0.jar:/home/runner/.m2/repository/com/squareup/wire/wire-runtime/5.1.0/wire-runtime-5.1.0.jar:/home/runner/work/apicurio-testing/apicurio-testing/clusters/ci419/namespaces/postgresql/tests/integration/apicurio-registry/serdes/pulsar/avro-serde/target/apicurio-registry-avro-serde-pulsar-3.0.9.jar:/home/runner/.m2/repository/org/apache/pulsar/pulsar-functions-api/3.3.4/pulsar-functions-api-3.3.4.jar:/home/runner/work/apicurio-testing/apicurio-testing/clusters/ci419/namespaces/postgresql/tests/integration/apicurio-registry/serdes/nats/avro-serde/target/apicurio-registry-avro-serde-nats-3.0.9.jar:/home/runner/.m2/repository/io/nats/jnats/2.20.5/jnats-2.20.5.jar:/home/runner/.m2/repository/net/i2p/crypto/eddsa/0.3.0/eddsa-0.3.0.jar:/home/runner/work/apicurio-testing/apicurio-testing/clusters/ci419/namespaces/postgresql/tests/integration/apicurio-registry/utils/converter/target/apicurio-registry-utils-converter-3.0.9.jar:/home/runner/.m2/repository/org/apache/kafka/connect-api/3.9.1/connect-api-3.9.1.jar:/home/runner/.m2/repository/javax/ws/rs/javax.ws.rs-api/2.1.1/javax.ws.rs-api-2.1.1.jar:/home/runner/.m2/repository/org/apache/kafka/connect-json/3.9.1/connect-json-3.9.1.jar:/home/runner/.m2/repository/com/fasterxml/jackson/datatype/jackson-datatype-jdk8/2.17.2/jackson-datatype-jdk8-2.17.2.jar:/home/runner/.m2/repository/com/fasterxml/jackson/module/jackson-module-afterburner/2.17.2/jackson-module-afterburner-2.17.2.jar:/home/runner/work/apicurio-testing/apicurio-testing/clusters/ci419/namespaces/postgresql/tests/integration/apicurio-registry/utils/kafka/target/apicurio-registry-utils-kafka-3.0.9.jar:/home/runner/.m2/repository/org/apache/pulsar/pulsar-client/3.3.4/pulsar-client-3.3.4.jar:/home/runner/.m2/repository/org/apache/pulsar/pulsar-client-api/3.3.4/pulsar-client-api-3.3.4.jar:/home/runner/.m2/repository/org/apache/pulsar/pulsar-client-admin-api/3.3.4/pulsar-client-admin-api-3.3.4.jar:/home/runner/.m2/repository/org/apache/pulsar/bouncy-castle-bc/3.3.4/bouncy-castle-bc-3.3.4-pkg.jar:/home/runner/.m2/repository/org/bouncycastle/bcpkix-jdk18on/1.78.1/bcpkix-jdk18on-1.78.1.jar:/home/runner/.m2/repository/org/bouncycastle/bcutil-jdk18on/1.78.1/bcutil-jdk18on-1.78.1.jar:/home/runner/.m2/repository/org/bouncycastle/bcprov-jdk18on/1.78.1/bcprov-jdk18on-1.78.1.jar:/home/runner/.m2/repository/io/opentelemetry/opentelemetry-api/1.39.0/opentelemetry-api-1.39.0.jar:/home/runner/.m2/repository/io/opentelemetry/opentelemetry-context/1.39.0/opentelemetry-context-1.39.0.jar:/home/runner/.m2/repository/io/opentelemetry/opentelemetry-api-incubator/1.39.0-alpha/opentelemetry-api-incubator-1.39.0-alpha.jar:/home/runner/.m2/repository/com/fasterxml/jackson/core/jackson-annotations/2.17.2/jackson-annotations-2.17.2.jar:/home/runner/.m2/repository/javax/validation/validation-api/1.1.0.Final/validation-api-1.1.0.Final.jar:/home/runner/.m2/repository/io/confluent/kafka-avro-serializer/7.9.0/kafka-avro-serializer-7.9.0.jar:/home/runner/.m2/repository/org/apache/commons/commons-compress/1.27.0/commons-compress-1.27.0.jar:/home/runner/.m2/repository/io/confluent/kafka-schema-serializer/7.9.0/kafka-schema-serializer-7.9.0.jar:/home/runner/.m2/repository/com/fasterxml/jackson/dataformat/jackson-dataformat-csv/2.17.2/jackson-dataformat-csv-2.17.2.jar:/home/runner/.m2/repository/io/confluent/kafka-schema-registry-client/7.9.0/kafka-schema-registry-client-7.9.0.jar:/home/runner/.m2/repository/org/yaml/snakeyaml/2.2/snakeyaml-2.2.jar:/home/runner/.m2/repository/io/swagger/core/v3/swagger-annotations/2.1.10/swagger-annotations-2.1.10.jar:/home/runner/.m2/repository/com/google/guava/guava/33.2.1-jre/guava-33.2.1-jre.jar:/home/runner/.m2/repository/com/google/guava/failureaccess/1.0.1/failureaccess-1.0.1.jar:/home/runner/.m2/repository/org/checkerframework/checker-qual/3.46.0/checker-qual-3.46.0.jar:/home/runner/.m2/repository/io/confluent/logredactor/1.0.12/logredactor-1.0.12.jar:/home/runner/.m2/repository/com/google/re2j/re2j/1.6/re2j-1.6.jar:/home/runner/.m2/repository/io/confluent/logredactor-metrics/1.0.12/logredactor-metrics-1.0.12.jar:/home/runner/.m2/repository/com/eclipsesource/minimal-json/minimal-json/0.9.5/minimal-json-0.9.5.jar:/home/runner/.m2/repository/io/confluent/common-utils/7.9.0/common-utils-7.9.0.jar:/home/runner/.m2/repository/io/confluent/kafka-connect-avro-converter/7.9.0/kafka-connect-avro-converter-7.9.0.jar:/home/runner/.m2/repository/io/confluent/kafka-connect-avro-data/7.9.0/kafka-connect-avro-data-7.9.0.jar:/home/runner/.m2/repository/io/confluent/kafka-schema-converter/7.9.0/kafka-schema-converter-7.9.0.jar:/home/runner/.m2/repository/io/rest-assured/rest-assured/5.5.0/rest-assured-5.5.0.jar:/home/runner/.m2/repository/org/apache/groovy/groovy/4.0.22/groovy-4.0.22.jar:/home/runner/.m2/repository/org/apache/groovy/groovy-xml/4.0.22/groovy-xml-4.0.22.jar:/home/runner/.m2/repository/org/apache/httpcomponents/httpclient/4.5.14/httpclient-4.5.14.jar:/home/runner/.m2/repository/org/apache/httpcomponents/httpcore/4.4.16/httpcore-4.4.16.jar:/home/runner/.m2/repository/org/apache/httpcomponents/httpmime/4.5.14/httpmime-4.5.14.jar:/home/runner/.m2/repository/org/hamcrest/hamcrest/2.2/hamcrest-2.2.jar:/home/runner/.m2/repository/org/ccil/cowan/tagsoup/tagsoup/1.2.1/tagsoup-1.2.1.jar:/home/runner/.m2/repository/io/rest-assured/json-path/5.5.0/json-path-5.5.0.jar:/home/runner/.m2/repository/org/apache/groovy/groovy-json/4.0.22/groovy-json-4.0.22.jar:/home/runner/.m2/repository/io/rest-assured/rest-assured-common/5.5.0/rest-assured-common-5.5.0.jar:/home/runner/.m2/repository/io/rest-assured/xml-path/5.5.0/xml-path-5.5.0.jar:/home/runner/.m2/repository/io/zonky/test/embedded-postgres/2.1.0/embedded-postgres-2.1.0.jar:/home/runner/.m2/repository/io/zonky/test/postgres/embedded-postgres-binaries-windows-amd64/14.15.0/embedded-postgres-binaries-windows-amd64-14.15.0.jar:/home/runner/.m2/repository/io/zonky/test/postgres/embedded-postgres-binaries-darwin-amd64/14.15.0/embedded-postgres-binaries-darwin-amd64-14.15.0.jar:/home/runner/.m2/repository/io/zonky/test/postgres/embedded-postgres-binaries-linux-amd64/14.15.0/embedded-postgres-binaries-linux-amd64-14.15.0.jar:/home/runner/.m2/repository/io/zonky/test/postgres/embedded-postgres-binaries-linux-amd64-alpine/14.15.0/embedded-postgres-binaries-linux-amd64-alpine-14.15.0.jar:/home/runner/.m2/repository/org/apache/commons/commons-lang3/3.14.0/commons-lang3-3.14.0.jar:/home/runner/.m2/repository/org/tukaani/xz/1.10/xz-1.10.jar:/home/runner/.m2/repository/commons-codec/commons-codec/1.18.0/commons-codec-1.18.0.jar:/home/runner/.m2/repository/org/postgresql/postgresql/42.7.4/postgresql-42.7.4.jar:/home/runner/.m2/repository/commons-io/commons-io/2.16.1/commons-io-2.16.1.jar:/home/runner/work/apicurio-testing/apicurio-testing/clusters/ci419/namespaces/postgresql/tests/integration/apicurio-registry/utils/importexport/target/apicurio-registry-utils-import-export-3.0.9.jar:/home/runner/.m2/repository/io/vertx/vertx-core/4.5.13/vertx-core-4.5.13.jar:/home/runner/.m2/repository/io/netty/netty-common/4.1.118.Final/netty-common-4.1.118.Final.jar:/home/runner/.m2/repository/io/netty/netty-buffer/4.1.118.Final/netty-buffer-4.1.118.Final.jar:/home/runner/.m2/repository/io/netty/netty-transport/4.1.118.Final/netty-transport-4.1.118.Final.jar:/home/runner/.m2/repository/io/netty/netty-handler/4.1.118.Final/netty-handler-4.1.118.Final.jar:/home/runner/.m2/repository/io/netty/netty-transport-native-unix-common/4.1.118.Final/netty-transport-native-unix-common-4.1.118.Final.jar:/home/runner/.m2/repository/io/netty/netty-codec/4.1.118.Final/netty-codec-4.1.118.Final.jar:/home/runner/.m2/repository/io/netty/netty-handler-proxy/4.1.118.Final/netty-handler-proxy-4.1.118.Final.jar:/home/runner/.m2/repository/io/netty/netty-codec-socks/4.1.118.Final/netty-codec-socks-4.1.118.Final.jar:/home/runner/.m2/repository/io/netty/netty-codec-http/4.1.118.Final/netty-codec-http-4.1.118.Final.jar:/home/runner/.m2/repository/io/netty/netty-codec-http2/4.1.118.Final/netty-codec-http2-4.1.118.Final.jar:/home/runner/.m2/repository/io/netty/netty-resolver/4.1.118.Final/netty-resolver-4.1.118.Final.jar:/home/runner/.m2/repository/io/netty/netty-resolver-dns/4.1.118.Final/netty-resolver-dns-4.1.118.Final.jar:/home/runner/.m2/repository/io/netty/netty-codec-dns/4.1.118.Final/netty-codec-dns-4.1.118.Final.jar:/home/runner/.m2/repository/com/fasterxml/jackson/core/jackson-core/2.17.2/jackson-core-2.17.2.jar:"/>
    <property name="sun.cpu.endian" value="little"/>
    <property name="user.home" value="/home/runner"/>
    <property name="user.language" value="en"/>
    <property name="jboss.log-version" value="false"/>
    <property name="java.specification.vendor" value="Oracle Corporation"/>
    <property name="java.version.date" value="2025-07-15"/>
    <property name="java.home" value="/usr/lib/jvm/temurin-17-jdk-amd64"/>
    <property name="file.separator" value="/"/>
    <property name="basedir" value="/home/runner/work/apicurio-testing/apicurio-testing/clusters/ci419/namespaces/postgresql/tests/integration/apicurio-registry/integration-tests"/>
    <property name="java.vm.compressedOopsMode" value="32-bit"/>
    <property name="line.separator" value="&#10;"/>
    <property name="java.specification.name" value="Java Platform API Specification"/>
    <property name="java.vm.specification.vendor" value="Oracle Corporation"/>
    <property name="quarkus.http.test-host" value="registry-app-postgresql.apps.ci419.apicurio-testing.org"/>
    <property name="surefire.real.class.path" value="/home/runner/work/apicurio-testing/apicurio-testing/clusters/ci419/namespaces/postgresql/tests/integration/apicurio-registry/integration-tests/target/surefire/surefirebooter-20250731152920023_3.jar"/>
    <property name="sun.management.compiler" value="HotSpot 64-Bit Tiered Compilers"/>
    <property name="org.eclipse.jetty.http.HttpGenerator.STRICT" value="true"/>
    <property name="java.runtime.version" value="17.0.16+8"/>
    <property name="user.name" value="runner"/>
    <property name="path.separator" value=":"/>
    <property name="os.version" value="6.8.0-1031-azure"/>
    <property name="java.runtime.name" value="OpenJDK Runtime Environment"/>
    <property name="file.encoding" value="UTF-8"/>
    <property name="jnidispatch.path" value="/home/runner/.cache/JNA/temp/jna4239179152193220437.tmp"/>
    <property name="java.vm.name" value="OpenJDK 64-Bit Server VM"/>
    <property name="jna.platform.library.path" value="/usr/lib/x86_64-linux-gnu:/lib/x86_64-linux-gnu:/usr/lib64:/lib64:/usr/lib:/lib:/lib32:/usr/local/lib:/usr/lib/x86_64-linux-gnu/libfakeroot"/>
    <property name="java.vendor.version" value="Temurin-17.0.16+8"/>
    <property name="quarkus.oidc.token-path" value="https://keycloak-postgresql.apps.ci419.apicurio-testing.org/realms/registry/protocol/openid-connect/token"/>
    <property name="quarkus.http.host" value="registry-app-postgresql.apps.ci419.apicurio-testing.org"/>
    <property name="localRepository" value="/home/runner/.m2/repository"/>
    <property name="javax.xml.xpath.XPathFactory:http://java.sun.com/jaxp/xpath/dom" value="com.sun.org.apache.xpath.internal.jaxp.XPathFactoryImpl"/>
    <property name="jna.loaded" value="true"/>
    <property name="java.vendor.url.bug" value="https://github.com/adoptium/adoptium-support/issues"/>
    <property name="jetty.git.hash" value="5bc5e562c8d05c5862505aebe5cf83a61bdbcb96"/>
    <property name="java.io.tmpdir" value="/tmp"/>
    <property name="quarkus.http.test-protocol" value="http"/>
    <property name="java.version" value="17.0.16"/>
    <property name="user.dir" value="/home/runner/work/apicurio-testing/apicurio-testing/clusters/ci419/namespaces/postgresql/tests/integration/apicurio-registry/integration-tests"/>
    <property name="os.arch" value="amd64"/>
    <property name="groups" value="( smoke | serdes | acceptance | ui)"/>
    <property name="java.vm.specification.name" value="Java Virtual Machine Specification"/>
    <property name="native.encoding" value="UTF-8"/>
    <property name="java.util.logging.manager" value="org.jboss.logmanager.LogManager"/>
    <property name="java.library.path" value="/usr/java/packages/lib:/usr/lib64:/lib64:/lib:/usr/lib"/>
    <property name="jdk.console" value="java.base"/>
    <property name="java.vm.info" value="mixed mode, sharing"/>
    <property name="java.vendor" value="Eclipse Adoptium"/>
    <property name="java.vm.version" value="17.0.16+8"/>
    <property name="java.specification.maintenance.version" value="1"/>
    <property name="sun.io.unicode.encoding" value="UnicodeLittle"/>
    <property name="javax.xml.transform.TransformerFactory" value="com.sun.org.apache.xalan.internal.xsltc.trax.TransformerFactoryImpl"/>
    <property name="java.class.version" value="61.0"/>
  </properties>
  <testcase name="testGlobalIdInHeaders" classname="io.apicurio.tests.serdes.apicurio.AvroSerdeIT" time="3.942">
    <system-out><![CDATA[2025-07-31 15:29:31,234 INFO  [io.api.tes.ser.api.AvroSerdeIT] (main) RestAssured configured with http://registry-app-postgresql.apps.ci419.apicurio-testing.org:80/apis/registry/v3
2025-07-31 15:29:31,234 INFO  [io.api.tes.uti.KafkaFacade] (main) Starting kafka container
2025-07-31 15:29:31,322 INFO  [org.tes.ima.PullPolicy] (main) Image pull policy will be performed by: DefaultPullPolicy()
2025-07-31 15:29:31,327 INFO  [org.tes.uti.ImageNameSubstitutor] (main) Image name substitution will be performed by: DefaultImageNameSubstitutor (composite of 'ConfigurationFileImageNameSubstitutor' and 'PrefixingImageNameSubstitutor')
2025-07-31 15:29:31,348 INFO  [org.tes.DockerClientFactory] (main) Testcontainers version: 1.20.1
2025-07-31 15:29:32,125 INFO  [org.tes.doc.DockerClientProviderStrategy] (main) Found Docker environment with local Unix socket (unix:///var/run/docker.sock)
2025-07-31 15:29:32,133 INFO  [org.tes.DockerClientFactory] (main) Docker host IP address is localhost
2025-07-31 15:29:32,156 INFO  [org.tes.DockerClientFactory] (main) Connected to docker: 
  Server Version: 28.0.4
  API Version: 1.48
  Operating System: Ubuntu 22.04.5 LTS
  Total Memory: 7944 MB
2025-07-31 15:29:32,210 INFO  [tc.tes.8.1] (main) Pulling docker image: testcontainers/ryuk:0.8.1. Please be patient; this may take some time but only needs to be done once.
2025-07-31 15:29:32,488 INFO  [tc.tes.8.1] (docker-java-stream-1689030468) Starting to pull image
2025-07-31 15:29:32,508 INFO  [tc.tes.8.1] (docker-java-stream-1689030468) Pulling image layers:  0 pending,  0 downloaded,  0 extracted, (0 bytes/0 bytes)
2025-07-31 15:29:32,652 INFO  [tc.tes.8.1] (docker-java-stream-1689030468) Pulling image layers:  2 pending,  1 downloaded,  0 extracted, (316 KB/? MB)
2025-07-31 15:29:32,674 INFO  [tc.tes.8.1] (docker-java-stream-1689030468) Pulling image layers:  1 pending,  2 downloaded,  0 extracted, (350 KB/? MB)
2025-07-31 15:29:32,701 INFO  [tc.tes.8.1] (docker-java-stream-1689030468) Pulling image layers:  0 pending,  3 downloaded,  0 extracted, (3 MB/6 MB)
2025-07-31 15:29:32,843 INFO  [tc.tes.8.1] (docker-java-stream-1689030468) Pulling image layers:  0 pending,  3 downloaded,  1 extracted, (3 MB/6 MB)
2025-07-31 15:29:33,890 INFO  [tc.tes.8.1] (docker-java-stream-1689030468) Pulling image layers:  0 pending,  3 downloaded,  2 extracted, (3 MB/6 MB)
2025-07-31 15:29:33,955 INFO  [tc.tes.8.1] (docker-java-stream-1689030468) Pulling image layers:  0 pending,  3 downloaded,  3 extracted, (6 MB/6 MB)
2025-07-31 15:29:33,962 INFO  [tc.tes.8.1] (docker-java-stream-1689030468) Pull complete. 3 layers, pulled in 1s (downloaded 6 MB at 6 MB/s)
2025-07-31 15:29:33,962 INFO  [tc.tes.8.1] (main) Image testcontainers/ryuk:0.8.1 pull took PT1.751860059S
2025-07-31 15:29:33,983 INFO  [tc.tes.8.1] (main) Creating container for image: testcontainers/ryuk:0.8.1
2025-07-31 15:29:34,081 INFO  [tc.tes.8.1] (main) Container testcontainers/ryuk:0.8.1 is starting: aabda4835c540cb67ca9d9a0a33bc53892c5774a1459a0e48f969883b2444f5e
2025-07-31 15:29:34,457 INFO  [tc.tes.8.1] (main) Container testcontainers/ryuk:0.8.1 started in PT0.473705429S
2025-07-31 15:29:34,463 INFO  [org.tes.uti.RyukResourceReaper] (main) Ryuk started - will monitor and terminate Testcontainers containers on JVM exit
2025-07-31 15:29:34,463 INFO  [org.tes.DockerClientFactory] (main) Checking the system...
2025-07-31 15:29:34,464 INFO  [org.tes.DockerClientFactory] (main) ✔︎ Docker server version should be at least 1.6.0
2025-07-31 15:29:34,468 INFO  [io.str.tes.con.KafkaVersionService] (main) Latest release of Kafka is:LogicalKafkaVersionEntity{version='3.7.1', image='quay.io/strimzi-test-container/test-container:0.107.0-kafka-3.7.1'}
2025-07-31 15:29:34,468 INFO  [io.str.tes.con.KafkaVersionService] (main) Latest release of Kafka is:LogicalKafkaVersionEntity{version='3.7.1', image='quay.io/strimzi-test-container/test-container:0.107.0-kafka-3.7.1'}
2025-07-31 15:29:34,469 INFO  [io.str.tes.con.KafkaVersionService] (main) No Kafka version specified. Using latest release: quay.io/strimzi-test-container/test-container:0.107.0-kafka-3.7.1
2025-07-31 15:29:34,472 INFO  [tc.qua.io/.107.0-k.7.1] (main) Pulling docker image: quay.io/strimzi-test-container/test-container:0.107.0-kafka-3.7.1. Please be patient; this may take some time but only needs to be done once.
2025-07-31 15:29:34,855 INFO  [tc.qua.io/.107.0-k.7.1] (docker-java-stream--720530420) Starting to pull image
2025-07-31 15:29:34,856 INFO  [tc.qua.io/.107.0-k.7.1] (docker-java-stream--720530420) Pulling image layers:  0 pending,  0 downloaded,  0 extracted, (0 bytes/0 bytes)
2025-07-31 15:29:35,173 INFO  [tc.qua.io/.107.0-k.7.1] (docker-java-stream--720530420) Pulling image layers:  4 pending,  1 downloaded,  0 extracted, (893 KB/? MB)
2025-07-31 15:29:35,999 INFO  [tc.qua.io/.107.0-k.7.1] (docker-java-stream--720530420) Pulling image layers:  3 pending,  2 downloaded,  0 extracted, (81 MB/? MB)
2025-07-31 15:29:36,184 INFO  [tc.qua.io/.107.0-k.7.1] (docker-java-stream--720530420) Pulling image layers:  2 pending,  3 downloaded,  0 extracted, (92 MB/? MB)
2025-07-31 15:29:36,908 INFO  [tc.qua.io/.107.0-k.7.1] (docker-java-stream--720530420) Pulling image layers:  1 pending,  4 downloaded,  0 extracted, (148 MB/? MB)
2025-07-31 15:29:37,038 INFO  [tc.qua.io/.107.0-k.7.1] (docker-java-stream--720530420) Pulling image layers:  1 pending,  4 downloaded,  1 extracted, (153 MB/? MB)
2025-07-31 15:29:39,863 INFO  [tc.qua.io/.107.0-k.7.1] (docker-java-stream--720530420) Pulling image layers:  0 pending,  5 downloaded,  1 extracted, (221 MB/231 MB)
2025-07-31 15:29:41,346 INFO  [tc.qua.io/.107.0-k.7.1] (docker-java-stream--720530420) Pulling image layers:  0 pending,  5 downloaded,  2 extracted, (225 MB/231 MB)
2025-07-31 15:29:41,363 INFO  [tc.qua.io/.107.0-k.7.1] (docker-java-stream--720530420) Pulling image layers:  0 pending,  5 downloaded,  3 extracted, (225 MB/231 MB)
2025-07-31 15:29:42,450 INFO  [tc.qua.io/.107.0-k.7.1] (docker-java-stream--720530420) Pulling image layers:  0 pending,  5 downloaded,  4 extracted, (231 MB/231 MB)
2025-07-31 15:29:42,461 INFO  [tc.qua.io/.107.0-k.7.1] (docker-java-stream--720530420) Pulling image layers:  0 pending,  5 downloaded,  5 extracted, (231 MB/231 MB)
2025-07-31 15:29:42,469 INFO  [tc.qua.io/.107.0-k.7.1] (docker-java-stream--720530420) Pull complete. 5 layers, pulled in 7s (downloaded 231 MB at 33 MB/s)
2025-07-31 15:29:42,469 INFO  [tc.qua.io/.107.0-k.7.1] (main) Image quay.io/strimzi-test-container/test-container:0.107.0-kafka-3.7.1 pull took PT7.997251454S
2025-07-31 15:29:42,472 INFO  [tc.qua.io/.107.0-k.7.1] (main) Creating container for image: quay.io/strimzi-test-container/test-container:0.107.0-kafka-3.7.1
2025-07-31 15:29:42,549 INFO  [tc.qua.io/.107.0-k.7.1] (main) Container quay.io/strimzi-test-container/test-container:0.107.0-kafka-3.7.1 is starting: 216bd4cc12f8e5fd65e2a0edc2bfa0ff18d9eef8911d4d3dfc7451283e88723d
2025-07-31 15:29:42,747 INFO  [io.str.tes.con.StrimziKafkaContainer] (main) Mapped port: 32770
2025-07-31 15:29:42,748 INFO  [io.str.tes.con.StrimziKafkaContainer] (main) This is all advertised listeners for Kafka PLAINTEXT://localhost:32770,BROKER1://172.18.0.2:9093
2025-07-31 15:29:42,750 INFO  [io.str.tes.con.StrimziKafkaContainer] (main) Using internal ZooKeeper 'zookeeper.connect=localhost:2181.'
2025-07-31 15:29:42,751 INFO  [io.str.tes.con.StrimziKafkaContainer] (main) Copying command to 'STARTER_SCRIPT' script.
2025-07-31 15:29:46,875 INFO  [tc.qua.io/.107.0-k.7.1] (main) Container quay.io/strimzi-test-container/test-container:0.107.0-kafka-3.7.1 started in PT4.402877401S
2025-07-31 15:29:46,878 INFO  [io.api.tes.uti.TestSeparator] (main) ############################################################################
2025-07-31 15:29:46,878 INFO  [io.api.tes.uti.TestSeparator] (main) io.apicurio.tests.serdes.apicurio.AvroSerdeIT.testGlobalIdInHeaders-STARTED
2025-07-31 15:29:46,897 INFO  [org.apa.kaf.cli.adm.AdminClientConfig] (main) AdminClientConfig values: 
	auto.include.jmx.reporter = true
	bootstrap.controllers = []
	bootstrap.servers = [PLAINTEXT://localhost:32770]
	client.dns.lookup = use_all_dns_ips
	client.id = 
	connections.max.idle.ms = 10000
	default.api.timeout.ms = 60000
	enable.metrics.push = true
	metadata.max.age.ms = 300000
	metadata.recovery.strategy = none
	metric.reporters = []
	metrics.num.samples = 2
	metrics.recording.level = INFO
	metrics.sample.window.ms = 30000
	receive.buffer.bytes = 65536
	reconnect.backoff.max.ms = 1000
	reconnect.backoff.ms = 50
	request.timeout.ms = 5000
	retries = 2147483647
	retry.backoff.max.ms = 1000
	retry.backoff.ms = 100
	sasl.client.callback.handler.class = null
	sasl.jaas.config = null
	sasl.kerberos.kinit.cmd = /usr/bin/kinit
	sasl.kerberos.min.time.before.relogin = 60000
	sasl.kerberos.service.name = null
	sasl.kerberos.ticket.renew.jitter = 0.05
	sasl.kerberos.ticket.renew.window.factor = 0.8
	sasl.login.callback.handler.class = null
	sasl.login.class = null
	sasl.login.connect.timeout.ms = null
	sasl.login.read.timeout.ms = null
	sasl.login.refresh.buffer.seconds = 300
	sasl.login.refresh.min.period.seconds = 60
	sasl.login.refresh.window.factor = 0.8
	sasl.login.refresh.window.jitter = 0.05
	sasl.login.retry.backoff.max.ms = 10000
	sasl.login.retry.backoff.ms = 100
	sasl.mechanism = GSSAPI
	sasl.oauthbearer.clock.skew.seconds = 30
	sasl.oauthbearer.expected.audience = null
	sasl.oauthbearer.expected.issuer = null
	sasl.oauthbearer.header.urlencode = false
	sasl.oauthbearer.jwks.endpoint.refresh.ms = 3600000
	sasl.oauthbearer.jwks.endpoint.retry.backoff.max.ms = 10000
	sasl.oauthbearer.jwks.endpoint.retry.backoff.ms = 100
	sasl.oauthbearer.jwks.endpoint.url = null
	sasl.oauthbearer.scope.claim.name = scope
	sasl.oauthbearer.sub.claim.name = sub
	sasl.oauthbearer.token.endpoint.url = null
	security.protocol = PLAINTEXT
	security.providers = null
	send.buffer.bytes = 131072
	socket.connection.setup.timeout.max.ms = 30000
	socket.connection.setup.timeout.ms = 10000
	ssl.cipher.suites = null
	ssl.enabled.protocols = [TLSv1.2, TLSv1.3]
	ssl.endpoint.identification.algorithm = https
	ssl.engine.factory.class = null
	ssl.key.password = null
	ssl.keymanager.algorithm = SunX509
	ssl.keystore.certificate.chain = null
	ssl.keystore.key = null
	ssl.keystore.location = null
	ssl.keystore.password = null
	ssl.keystore.type = JKS
	ssl.protocol = TLSv1.3
	ssl.provider = null
	ssl.secure.random.implementation = null
	ssl.trustmanager.algorithm = PKIX
	ssl.truststore.certificates = null
	ssl.truststore.location = null
	ssl.truststore.password = null
	ssl.truststore.type = JKS

2025-07-31 15:29:47,602 INFO  [org.apa.kaf.com.uti.AppInfoParser] (main) Kafka version: 3.9.0
2025-07-31 15:29:47,602 INFO  [org.apa.kaf.com.uti.AppInfoParser] (main) Kafka commitId: 84caaa6e9da06435
2025-07-31 15:29:47,602 INFO  [org.apa.kaf.com.uti.AppInfoParser] (main) Kafka startTimeMs: 1753975787601
2025-07-31 15:29:47,665 INFO  [org.apa.kaf.cli.pro.ProducerConfig] (main) ProducerConfig values: 
	acks = -1
	auto.include.jmx.reporter = true
	batch.size = 16384
	bootstrap.servers = [PLAINTEXT://localhost:32770]
	buffer.memory = 33554432
	client.dns.lookup = use_all_dns_ips
	client.id = Producer-topic-edec6a09_ceaa_42c3_9c0b_de998aafe6fc
	compression.gzip.level = -1
	compression.lz4.level = 9
	compression.type = none
	compression.zstd.level = 3
	connections.max.idle.ms = 10000
	delivery.timeout.ms = 120000
	enable.idempotence = true
	enable.metrics.push = true
	interceptor.classes = []
	key.serializer = class org.apache.kafka.common.serialization.StringSerializer
	linger.ms = 0
	max.block.ms = 60000
	max.in.flight.requests.per.connection = 5
	max.request.size = 1048576
	metadata.max.age.ms = 300000
	metadata.max.idle.ms = 300000
	metadata.recovery.strategy = none
	metric.reporters = []
	metrics.num.samples = 2
	metrics.recording.level = INFO
	metrics.sample.window.ms = 30000
	partitioner.adaptive.partitioning.enable = true
	partitioner.availability.timeout.ms = 0
	partitioner.class = null
	partitioner.ignore.keys = false
	receive.buffer.bytes = 32768
	reconnect.backoff.max.ms = 1000
	reconnect.backoff.ms = 50
	request.timeout.ms = 5000
	retries = 2147483647
	retry.backoff.max.ms = 1000
	retry.backoff.ms = 100
	sasl.client.callback.handler.class = null
	sasl.jaas.config = null
	sasl.kerberos.kinit.cmd = /usr/bin/kinit
	sasl.kerberos.min.time.before.relogin = 60000
	sasl.kerberos.service.name = null
	sasl.kerberos.ticket.renew.jitter = 0.05
	sasl.kerberos.ticket.renew.window.factor = 0.8
	sasl.login.callback.handler.class = null
	sasl.login.class = null
	sasl.login.connect.timeout.ms = null
	sasl.login.read.timeout.ms = null
	sasl.login.refresh.buffer.seconds = 300
	sasl.login.refresh.min.period.seconds = 60
	sasl.login.refresh.window.factor = 0.8
	sasl.login.refresh.window.jitter = 0.05
	sasl.login.retry.backoff.max.ms = 10000
	sasl.login.retry.backoff.ms = 100
	sasl.mechanism = GSSAPI
	sasl.oauthbearer.clock.skew.seconds = 30
	sasl.oauthbearer.expected.audience = null
	sasl.oauthbearer.expected.issuer = null
	sasl.oauthbearer.header.urlencode = false
	sasl.oauthbearer.jwks.endpoint.refresh.ms = 3600000
	sasl.oauthbearer.jwks.endpoint.retry.backoff.max.ms = 10000
	sasl.oauthbearer.jwks.endpoint.retry.backoff.ms = 100
	sasl.oauthbearer.jwks.endpoint.url = null
	sasl.oauthbearer.scope.claim.name = scope
	sasl.oauthbearer.sub.claim.name = sub
	sasl.oauthbearer.token.endpoint.url = null
	security.protocol = PLAINTEXT
	security.providers = null
	send.buffer.bytes = 131072
	socket.connection.setup.timeout.max.ms = 30000
	socket.connection.setup.timeout.ms = 10000
	ssl.cipher.suites = null
	ssl.enabled.protocols = [TLSv1.2, TLSv1.3]
	ssl.endpoint.identification.algorithm = https
	ssl.engine.factory.class = null
	ssl.key.password = null
	ssl.keymanager.algorithm = SunX509
	ssl.keystore.certificate.chain = null
	ssl.keystore.key = null
	ssl.keystore.location = null
	ssl.keystore.password = null
	ssl.keystore.type = JKS
	ssl.protocol = TLSv1.3
	ssl.provider = null
	ssl.secure.random.implementation = null
	ssl.trustmanager.algorithm = PKIX
	ssl.truststore.certificates = null
	ssl.truststore.location = null
	ssl.truststore.password = null
	ssl.truststore.type = JKS
	transaction.timeout.ms = 60000
	transactional.id = null
	value.serializer = class io.apicurio.registry.serde.avro.AvroKafkaSerializer

2025-07-31 15:29:47,703 INFO  [org.apa.kaf.com.tel.int.KafkaMetricsCollector] (main) initializing Kafka metrics collector
2025-07-31 15:29:47,727 INFO  [org.apa.kaf.cli.pro.KafkaProducer] (main) [Producer clientId=Producer-topic-edec6a09_ceaa_42c3_9c0b_de998aafe6fc] Instantiated an idempotent producer.
2025-07-31 15:29:47,779 INFO  [org.apa.kaf.cli.pro.ProducerConfig] (main) These configurations '[apicurio.registry.url, apicurio.registry.auto-register, apicurio.registry.use-id, apicurio.registry.artifact-resolver-strategy]' were supplied but are not used yet.
2025-07-31 15:29:47,780 INFO  [org.apa.kaf.com.uti.AppInfoParser] (main) Kafka version: 3.9.0
2025-07-31 15:29:47,781 INFO  [org.apa.kaf.com.uti.AppInfoParser] (main) Kafka commitId: 84caaa6e9da06435
2025-07-31 15:29:47,781 INFO  [org.apa.kaf.com.uti.AppInfoParser] (main) Kafka startTimeMs: 1753975787780
2025-07-31 15:29:47,781 INFO  [io.api.tes.ser.api.SimpleSerdesTesterBuilder$SimpleSerdesTester] (main) Using producer configuration: {apicurio.registry.url=http://registry-app-postgresql.apps.ci419.apicurio-testing.org:80/apis/registry/v3, apicurio.registry.auto-register=true, apicurio.registry.use-id=globalId, apicurio.registry.artifact-resolver-strategy=io.apicurio.registry.serde.strategy.TopicIdStrategy, value.serializer=io.apicurio.registry.serde.avro.AvroKafkaSerializer, request.timeout.ms=5000, acks=all, bootstrap.servers=PLAINTEXT://localhost:32770, connections.max.idle.ms=10000, key.serializer=org.apache.kafka.common.serialization.StringSerializer, client.id=Producer-topic-edec6a09_ceaa_42c3_9c0b_de998aafe6fc}
2025-07-31 15:29:47,782 INFO  [io.api.tes.ser.api.SimpleSerdesTesterBuilder$SimpleSerdesTester] (main) Using consumer configuration: {apicurio.registry.use-id=globalId}
2025-07-31 15:29:47,784 INFO  [io.api.tes.ser.api.KafkaSerdesTester] (Thread-120) Sending message {"key11753975787637": "value-0"} to topic topic-edec6a09_ceaa_42c3_9c0b_de998aafe6fc
2025-07-31 15:29:48,207 WARN  [org.apa.kaf.cli.NetworkClient] (kafka-producer-network-thread | Producer-topic-edec6a09_ceaa_42c3_9c0b_de998aafe6fc) [Producer clientId=Producer-topic-edec6a09_ceaa_42c3_9c0b_de998aafe6fc] The metadata response from the cluster reported a recoverable issue with correlation id 2 : {topic-edec6a09_ceaa_42c3_9c0b_de998aafe6fc=LEADER_NOT_AVAILABLE}
2025-07-31 15:29:48,210 INFO  [org.apa.kaf.cli.Metadata] (kafka-producer-network-thread | Producer-topic-edec6a09_ceaa_42c3_9c0b_de998aafe6fc) [Producer clientId=Producer-topic-edec6a09_ceaa_42c3_9c0b_de998aafe6fc] Cluster ID: BgnDnmd_Rn-oXa8M1ygsew
2025-07-31 15:29:48,477 WARN  [org.apa.kaf.cli.NetworkClient] (kafka-producer-network-thread | Producer-topic-edec6a09_ceaa_42c3_9c0b_de998aafe6fc) [Producer clientId=Producer-topic-edec6a09_ceaa_42c3_9c0b_de998aafe6fc] The metadata response from the cluster reported a recoverable issue with correlation id 8 : {topic-edec6a09_ceaa_42c3_9c0b_de998aafe6fc=LEADER_NOT_AVAILABLE}
2025-07-31 15:29:48,479 INFO  [org.apa.kaf.cli.pro.int.TransactionManager] (kafka-producer-network-thread | Producer-topic-edec6a09_ceaa_42c3_9c0b_de998aafe6fc) [Producer clientId=Producer-topic-edec6a09_ceaa_42c3_9c0b_de998aafe6fc] ProducerId set to 0 with epoch 0
2025-07-31 15:29:48,868 INFO  [io.api.tes.ser.api.KafkaSerdesTester] (Thread-120) Sending message {"key11753975787637": "value-1"} to topic topic-edec6a09_ceaa_42c3_9c0b_de998aafe6fc
2025-07-31 15:29:48,875 INFO  [io.api.tes.ser.api.KafkaSerdesTester] (Thread-120) Sending message {"key11753975787637": "value-2"} to topic topic-edec6a09_ceaa_42c3_9c0b_de998aafe6fc
2025-07-31 15:29:48,883 INFO  [io.api.tes.ser.api.KafkaSerdesTester] (Thread-120) Sending message {"key11753975787637": "value-3"} to topic topic-edec6a09_ceaa_42c3_9c0b_de998aafe6fc
2025-07-31 15:29:48,895 INFO  [io.api.tes.ser.api.KafkaSerdesTester] (Thread-120) Sending message {"key11753975787637": "value-4"} to topic topic-edec6a09_ceaa_42c3_9c0b_de998aafe6fc
2025-07-31 15:29:48,901 INFO  [io.api.tes.ser.api.KafkaSerdesTester] (Thread-120) Sending message {"key11753975787637": "value-5"} to topic topic-edec6a09_ceaa_42c3_9c0b_de998aafe6fc
2025-07-31 15:29:48,905 INFO  [io.api.tes.ser.api.KafkaSerdesTester] (Thread-120) Sending message {"key11753975787637": "value-6"} to topic topic-edec6a09_ceaa_42c3_9c0b_de998aafe6fc
2025-07-31 15:29:48,908 INFO  [io.api.tes.ser.api.KafkaSerdesTester] (Thread-120) Sending message {"key11753975787637": "value-7"} to topic topic-edec6a09_ceaa_42c3_9c0b_de998aafe6fc
2025-07-31 15:29:48,915 INFO  [io.api.tes.ser.api.KafkaSerdesTester] (Thread-120) Sending message {"key11753975787637": "value-8"} to topic topic-edec6a09_ceaa_42c3_9c0b_de998aafe6fc
2025-07-31 15:29:48,921 INFO  [io.api.tes.ser.api.KafkaSerdesTester] (Thread-120) Sending message {"key11753975787637": "value-9"} to topic topic-edec6a09_ceaa_42c3_9c0b_de998aafe6fc
2025-07-31 15:29:48,925 INFO  [io.api.tes.ser.api.KafkaSerdesTester] (Thread-120) Produced 10 messages
2025-07-31 15:29:48,927 INFO  [org.apa.kaf.cli.pro.KafkaProducer] (Thread-120) [Producer clientId=Producer-topic-edec6a09_ceaa_42c3_9c0b_de998aafe6fc] Closing the Kafka producer with timeoutMillis = 9223372036854775807 ms.
2025-07-31 15:29:48,956 INFO  [org.apa.kaf.com.met.Metrics] (Thread-120) Metrics scheduler closed
2025-07-31 15:29:48,959 INFO  [org.apa.kaf.com.met.Metrics] (Thread-120) Closing reporter org.apache.kafka.common.metrics.JmxReporter
2025-07-31 15:29:48,959 INFO  [org.apa.kaf.com.met.Metrics] (Thread-120) Closing reporter org.apache.kafka.common.telemetry.internals.ClientTelemetryReporter
2025-07-31 15:29:48,959 INFO  [org.apa.kaf.com.met.Metrics] (Thread-120) Metrics reporters closed
2025-07-31 15:29:48,961 INFO  [org.apa.kaf.com.uti.AppInfoParser] (Thread-120) App info kafka.producer for Producer-topic-edec6a09_ceaa_42c3_9c0b_de998aafe6fc unregistered
2025-07-31 15:29:49,016 INFO  [org.apa.kaf.cli.con.ConsumerConfig] (main) ConsumerConfig values: 
	allow.auto.create.topics = true
	auto.commit.interval.ms = 500
	auto.include.jmx.reporter = true
	auto.offset.reset = earliest
	bootstrap.servers = [PLAINTEXT://localhost:32770]
	check.crcs = true
	client.dns.lookup = use_all_dns_ips
	client.id = consumer-Consumer-topic-edec6a09_ceaa_42c3_9c0b_de998aafe6fc-1
	client.rack = 
	connections.max.idle.ms = 10000
	default.api.timeout.ms = 60000
	enable.auto.commit = true
	enable.metrics.push = true
	exclude.internal.topics = true
	fetch.max.bytes = 52428800
	fetch.max.wait.ms = 500
	fetch.min.bytes = 1
	group.id = Consumer-topic-edec6a09_ceaa_42c3_9c0b_de998aafe6fc
	group.instance.id = null
	group.protocol = classic
	group.remote.assignor = null
	heartbeat.interval.ms = 3000
	interceptor.classes = []
	internal.leave.group.on.close = true
	internal.throw.on.fetch.stable.offset.unsupported = false
	isolation.level = read_uncommitted
	key.deserializer = class org.apache.kafka.common.serialization.StringDeserializer
	max.partition.fetch.bytes = 1048576
	max.poll.interval.ms = 300000
	max.poll.records = 500
	metadata.max.age.ms = 300000
	metadata.recovery.strategy = none
	metric.reporters = []
	metrics.num.samples = 2
	metrics.recording.level = INFO
	metrics.sample.window.ms = 30000
	partition.assignment.strategy = [class org.apache.kafka.clients.consumer.RangeAssignor, class org.apache.kafka.clients.consumer.CooperativeStickyAssignor]
	receive.buffer.bytes = 65536
	reconnect.backoff.max.ms = 1000
	reconnect.backoff.ms = 50
	request.timeout.ms = 5000
	retry.backoff.max.ms = 1000
	retry.backoff.ms = 100
	sasl.client.callback.handler.class = null
	sasl.jaas.config = null
	sasl.kerberos.kinit.cmd = /usr/bin/kinit
	sasl.kerberos.min.time.before.relogin = 60000
	sasl.kerberos.service.name = null
	sasl.kerberos.ticket.renew.jitter = 0.05
	sasl.kerberos.ticket.renew.window.factor = 0.8
	sasl.login.callback.handler.class = null
	sasl.login.class = null
	sasl.login.connect.timeout.ms = null
	sasl.login.read.timeout.ms = null
	sasl.login.refresh.buffer.seconds = 300
	sasl.login.refresh.min.period.seconds = 60
	sasl.login.refresh.window.factor = 0.8
	sasl.login.refresh.window.jitter = 0.05
	sasl.login.retry.backoff.max.ms = 10000
	sasl.login.retry.backoff.ms = 100
	sasl.mechanism = GSSAPI
	sasl.oauthbearer.clock.skew.seconds = 30
	sasl.oauthbearer.expected.audience = null
	sasl.oauthbearer.expected.issuer = null
	sasl.oauthbearer.header.urlencode = false
	sasl.oauthbearer.jwks.endpoint.refresh.ms = 3600000
	sasl.oauthbearer.jwks.endpoint.retry.backoff.max.ms = 10000
	sasl.oauthbearer.jwks.endpoint.retry.backoff.ms = 100
	sasl.oauthbearer.jwks.endpoint.url = null
	sasl.oauthbearer.scope.claim.name = scope
	sasl.oauthbearer.sub.claim.name = sub
	sasl.oauthbearer.token.endpoint.url = null
	security.protocol = PLAINTEXT
	security.providers = null
	send.buffer.bytes = 131072
	session.timeout.ms = 45000
	socket.connection.setup.timeout.max.ms = 30000
	socket.connection.setup.timeout.ms = 10000
	ssl.cipher.suites = null
	ssl.enabled.protocols = [TLSv1.2, TLSv1.3]
	ssl.endpoint.identification.algorithm = https
	ssl.engine.factory.class = null
	ssl.key.password = null
	ssl.keymanager.algorithm = SunX509
	ssl.keystore.certificate.chain = null
	ssl.keystore.key = null
	ssl.keystore.location = null
	ssl.keystore.password = null
	ssl.keystore.type = JKS
	ssl.protocol = TLSv1.3
	ssl.provider = null
	ssl.secure.random.implementation = null
	ssl.trustmanager.algorithm = PKIX
	ssl.truststore.certificates = null
	ssl.truststore.location = null
	ssl.truststore.password = null
	ssl.truststore.type = JKS
	value.deserializer = class io.apicurio.registry.serde.avro.AvroKafkaDeserializer

2025-07-31 15:29:49,028 INFO  [org.apa.kaf.com.tel.int.KafkaMetricsCollector] (main) initializing Kafka metrics collector
2025-07-31 15:29:49,077 INFO  [org.apa.kaf.cli.con.ConsumerConfig] (main) These configurations '[apicurio.registry.url, apicurio.registry.use-id]' were supplied but are not used yet.
2025-07-31 15:29:49,077 INFO  [org.apa.kaf.com.uti.AppInfoParser] (main) Kafka version: 3.9.0
2025-07-31 15:29:49,078 INFO  [org.apa.kaf.com.uti.AppInfoParser] (main) Kafka commitId: 84caaa6e9da06435
2025-07-31 15:29:49,078 INFO  [org.apa.kaf.com.uti.AppInfoParser] (main) Kafka startTimeMs: 1753975789077
2025-07-31 15:29:49,080 INFO  [org.apa.kaf.cli.con.int.ClassicKafkaConsumer] (Thread-123) [Consumer clientId=consumer-Consumer-topic-edec6a09_ceaa_42c3_9c0b_de998aafe6fc-1, groupId=Consumer-topic-edec6a09_ceaa_42c3_9c0b_de998aafe6fc] Subscribed to topic(s): topic-edec6a09_ceaa_42c3_9c0b_de998aafe6fc
2025-07-31 15:29:49,094 INFO  [org.apa.kaf.cli.Metadata] (Thread-123) [Consumer clientId=consumer-Consumer-topic-edec6a09_ceaa_42c3_9c0b_de998aafe6fc-1, groupId=Consumer-topic-edec6a09_ceaa_42c3_9c0b_de998aafe6fc] Cluster ID: BgnDnmd_Rn-oXa8M1ygsew
2025-07-31 15:29:50,002 INFO  [org.apa.kaf.cli.con.int.ConsumerCoordinator] (Thread-123) [Consumer clientId=consumer-Consumer-topic-edec6a09_ceaa_42c3_9c0b_de998aafe6fc-1, groupId=Consumer-topic-edec6a09_ceaa_42c3_9c0b_de998aafe6fc] Discovered group coordinator localhost:32770 (id: 2147483647 rack: null)
2025-07-31 15:29:50,011 INFO  [org.apa.kaf.cli.con.int.ConsumerCoordinator] (Thread-123) [Consumer clientId=consumer-Consumer-topic-edec6a09_ceaa_42c3_9c0b_de998aafe6fc-1, groupId=Consumer-topic-edec6a09_ceaa_42c3_9c0b_de998aafe6fc] (Re-)joining group
2025-07-31 15:29:50,050 INFO  [org.apa.kaf.cli.con.int.ConsumerCoordinator] (Thread-123) [Consumer clientId=consumer-Consumer-topic-edec6a09_ceaa_42c3_9c0b_de998aafe6fc-1, groupId=Consumer-topic-edec6a09_ceaa_42c3_9c0b_de998aafe6fc] Request joining group due to: need to re-join with the given member-id: consumer-Consumer-topic-edec6a09_ceaa_42c3_9c0b_de998aafe6fc-1-877f91f2-e7d8-438a-8554-f92ec2c3157c
2025-07-31 15:29:50,051 INFO  [org.apa.kaf.cli.con.int.ConsumerCoordinator] (Thread-123) [Consumer clientId=consumer-Consumer-topic-edec6a09_ceaa_42c3_9c0b_de998aafe6fc-1, groupId=Consumer-topic-edec6a09_ceaa_42c3_9c0b_de998aafe6fc] (Re-)joining group
2025-07-31 15:29:50,073 INFO  [org.apa.kaf.cli.con.int.ConsumerCoordinator] (Thread-123) [Consumer clientId=consumer-Consumer-topic-edec6a09_ceaa_42c3_9c0b_de998aafe6fc-1, groupId=Consumer-topic-edec6a09_ceaa_42c3_9c0b_de998aafe6fc] Successfully joined group with generation Generation{generationId=1, memberId='consumer-Consumer-topic-edec6a09_ceaa_42c3_9c0b_de998aafe6fc-1-877f91f2-e7d8-438a-8554-f92ec2c3157c', protocol='range'}
2025-07-31 15:29:50,085 INFO  [org.apa.kaf.cli.con.int.ConsumerCoordinator] (Thread-123) [Consumer clientId=consumer-Consumer-topic-edec6a09_ceaa_42c3_9c0b_de998aafe6fc-1, groupId=Consumer-topic-edec6a09_ceaa_42c3_9c0b_de998aafe6fc] Finished assignment for group at generation 1: {consumer-Consumer-topic-edec6a09_ceaa_42c3_9c0b_de998aafe6fc-1-877f91f2-e7d8-438a-8554-f92ec2c3157c=Assignment(partitions=[topic-edec6a09_ceaa_42c3_9c0b_de998aafe6fc-0])}
2025-07-31 15:29:50,090 INFO  [io.api.tes.ser.api.KafkaSerdesTester] (Thread-123) None found
2025-07-31 15:29:50,112 INFO  [org.apa.kaf.cli.con.int.ConsumerCoordinator] (Thread-123) [Consumer clientId=consumer-Consumer-topic-edec6a09_ceaa_42c3_9c0b_de998aafe6fc-1, groupId=Consumer-topic-edec6a09_ceaa_42c3_9c0b_de998aafe6fc] Successfully synced group in generation Generation{generationId=1, memberId='consumer-Consumer-topic-edec6a09_ceaa_42c3_9c0b_de998aafe6fc-1-877f91f2-e7d8-438a-8554-f92ec2c3157c', protocol='range'}
2025-07-31 15:29:50,115 INFO  [org.apa.kaf.cli.con.int.ConsumerCoordinator] (Thread-123) [Consumer clientId=consumer-Consumer-topic-edec6a09_ceaa_42c3_9c0b_de998aafe6fc-1, groupId=Consumer-topic-edec6a09_ceaa_42c3_9c0b_de998aafe6fc] Notifying assignor about the new Assignment(partitions=[topic-edec6a09_ceaa_42c3_9c0b_de998aafe6fc-0])
2025-07-31 15:29:50,118 INFO  [org.apa.kaf.cli.con.int.ConsumerRebalanceListenerInvoker] (Thread-123) [Consumer clientId=consumer-Consumer-topic-edec6a09_ceaa_42c3_9c0b_de998aafe6fc-1, groupId=Consumer-topic-edec6a09_ceaa_42c3_9c0b_de998aafe6fc] Adding newly assigned partitions: topic-edec6a09_ceaa_42c3_9c0b_de998aafe6fc-0
2025-07-31 15:29:50,135 INFO  [org.apa.kaf.cli.con.int.ConsumerCoordinator] (Thread-123) [Consumer clientId=consumer-Consumer-topic-edec6a09_ceaa_42c3_9c0b_de998aafe6fc-1, groupId=Consumer-topic-edec6a09_ceaa_42c3_9c0b_de998aafe6fc] Found no committed offset for partition topic-edec6a09_ceaa_42c3_9c0b_de998aafe6fc-0
2025-07-31 15:29:50,168 INFO  [org.apa.kaf.cli.con.int.SubscriptionState] (Thread-123) [Consumer clientId=consumer-Consumer-topic-edec6a09_ceaa_42c3_9c0b_de998aafe6fc-1, groupId=Consumer-topic-edec6a09_ceaa_42c3_9c0b_de998aafe6fc] Resetting offset for partition topic-edec6a09_ceaa_42c3_9c0b_de998aafe6fc-0 to position FetchPosition{offset=0, offsetEpoch=Optional.empty, currentLeader=LeaderAndEpoch{leader=Optional[localhost:32770 (id: 0 rack: null)], epoch=0}}.
2025-07-31 15:29:50,281 INFO  [io.api.tes.ser.api.KafkaSerdesTester] (Thread-123) topic-edec6a09_ceaa_42c3_9c0b_de998aafe6fc 0 0 {"key11753975787637": "value-0"}
2025-07-31 15:29:50,282 INFO  [io.api.tes.ser.api.KafkaSerdesTester] (Thread-123) topic-edec6a09_ceaa_42c3_9c0b_de998aafe6fc 0 1 {"key11753975787637": "value-1"}
2025-07-31 15:29:50,282 INFO  [io.api.tes.ser.api.KafkaSerdesTester] (Thread-123) topic-edec6a09_ceaa_42c3_9c0b_de998aafe6fc 0 2 {"key11753975787637": "value-2"}
2025-07-31 15:29:50,283 INFO  [io.api.tes.ser.api.KafkaSerdesTester] (Thread-123) topic-edec6a09_ceaa_42c3_9c0b_de998aafe6fc 0 3 {"key11753975787637": "value-3"}
2025-07-31 15:29:50,283 INFO  [io.api.tes.ser.api.KafkaSerdesTester] (Thread-123) topic-edec6a09_ceaa_42c3_9c0b_de998aafe6fc 0 4 {"key11753975787637": "value-4"}
2025-07-31 15:29:50,283 INFO  [io.api.tes.ser.api.KafkaSerdesTester] (Thread-123) topic-edec6a09_ceaa_42c3_9c0b_de998aafe6fc 0 5 {"key11753975787637": "value-5"}
2025-07-31 15:29:50,283 INFO  [io.api.tes.ser.api.KafkaSerdesTester] (Thread-123) topic-edec6a09_ceaa_42c3_9c0b_de998aafe6fc 0 6 {"key11753975787637": "value-6"}
2025-07-31 15:29:50,283 INFO  [io.api.tes.ser.api.KafkaSerdesTester] (Thread-123) topic-edec6a09_ceaa_42c3_9c0b_de998aafe6fc 0 7 {"key11753975787637": "value-7"}
2025-07-31 15:29:50,283 INFO  [io.api.tes.ser.api.KafkaSerdesTester] (Thread-123) topic-edec6a09_ceaa_42c3_9c0b_de998aafe6fc 0 8 {"key11753975787637": "value-8"}
2025-07-31 15:29:50,283 INFO  [io.api.tes.ser.api.KafkaSerdesTester] (Thread-123) topic-edec6a09_ceaa_42c3_9c0b_de998aafe6fc 0 9 {"key11753975787637": "value-9"}
2025-07-31 15:29:50,284 INFO  [io.api.tes.ser.api.KafkaSerdesTester] (Thread-123) Consumed 10 messages
2025-07-31 15:29:50,311 INFO  [org.apa.kaf.cli.con.int.ConsumerRebalanceListenerInvoker] (Thread-123) [Consumer clientId=consumer-Consumer-topic-edec6a09_ceaa_42c3_9c0b_de998aafe6fc-1, groupId=Consumer-topic-edec6a09_ceaa_42c3_9c0b_de998aafe6fc] Revoke previously assigned partitions topic-edec6a09_ceaa_42c3_9c0b_de998aafe6fc-0
2025-07-31 15:29:50,312 INFO  [org.apa.kaf.cli.con.int.ConsumerCoordinator] (Thread-123) [Consumer clientId=consumer-Consumer-topic-edec6a09_ceaa_42c3_9c0b_de998aafe6fc-1, groupId=Consumer-topic-edec6a09_ceaa_42c3_9c0b_de998aafe6fc] Member consumer-Consumer-topic-edec6a09_ceaa_42c3_9c0b_de998aafe6fc-1-877f91f2-e7d8-438a-8554-f92ec2c3157c sending LeaveGroup request to coordinator localhost:32770 (id: 2147483647 rack: null) due to the consumer is being closed
2025-07-31 15:29:50,313 INFO  [org.apa.kaf.cli.con.int.ConsumerCoordinator] (Thread-123) [Consumer clientId=consumer-Consumer-topic-edec6a09_ceaa_42c3_9c0b_de998aafe6fc-1, groupId=Consumer-topic-edec6a09_ceaa_42c3_9c0b_de998aafe6fc] Resetting generation and member id due to: consumer pro-actively leaving the group
2025-07-31 15:29:50,314 INFO  [org.apa.kaf.cli.con.int.ConsumerCoordinator] (Thread-123) [Consumer clientId=consumer-Consumer-topic-edec6a09_ceaa_42c3_9c0b_de998aafe6fc-1, groupId=Consumer-topic-edec6a09_ceaa_42c3_9c0b_de998aafe6fc] Request joining group due to: consumer pro-actively leaving the group
2025-07-31 15:29:50,802 INFO  [org.apa.kaf.com.met.Metrics] (Thread-123) Metrics scheduler closed
2025-07-31 15:29:50,803 INFO  [org.apa.kaf.com.met.Metrics] (Thread-123) Closing reporter org.apache.kafka.common.metrics.JmxReporter
2025-07-31 15:29:50,803 INFO  [org.apa.kaf.com.met.Metrics] (Thread-123) Closing reporter org.apache.kafka.common.telemetry.internals.ClientTelemetryReporter
2025-07-31 15:29:50,803 INFO  [org.apa.kaf.com.met.Metrics] (Thread-123) Metrics reporters closed
2025-07-31 15:29:50,816 INFO  [org.apa.kaf.com.uti.AppInfoParser] (Thread-123) App info kafka.consumer for consumer-Consumer-topic-edec6a09_ceaa_42c3_9c0b_de998aafe6fc-1 unregistered
2025-07-31 15:29:50,817 INFO  [io.api.tes.uti.TestSeparator] (main) io.apicurio.tests.serdes.apicurio.AvroSerdeIT.testGlobalIdInHeaders-FINISHED
2025-07-31 15:29:50,817 INFO  [io.api.tes.uti.TestSeparator] (main) ############################################################################
]]></system-out>
  </testcase>
  <testcase name="testSimpleTopicIdStrategyFindLatest" classname="io.apicurio.tests.serdes.apicurio.AvroSerdeIT" time="1.86">
    <system-out><![CDATA[2025-07-31 15:29:50,824 INFO  [io.api.tes.uti.TestSeparator] (main) ############################################################################
2025-07-31 15:29:50,824 INFO  [io.api.tes.uti.TestSeparator] (main) io.apicurio.tests.serdes.apicurio.AvroSerdeIT.testSimpleTopicIdStrategyFindLatest-STARTED
2025-07-31 15:29:50,826 INFO  [io.api.tes.ser.api.AvroSerdeIT] (main) Registering Avro Schema: {"type":"record","name":"myrecordapicurio1","fields":[{"name":"key11753975790826","type":"string"}]}
2025-07-31 15:29:51,892 INFO  [org.apa.kaf.cli.pro.ProducerConfig] (main) ProducerConfig values: 
	acks = -1
	auto.include.jmx.reporter = true
	batch.size = 16384
	bootstrap.servers = [PLAINTEXT://localhost:32770]
	buffer.memory = 33554432
	client.dns.lookup = use_all_dns_ips
	client.id = Producer-topic-7a6cc2b4_6f6b_4a34_bdb0_3fdcc08627ee
	compression.gzip.level = -1
	compression.lz4.level = 9
	compression.type = none
	compression.zstd.level = 3
	connections.max.idle.ms = 10000
	delivery.timeout.ms = 120000
	enable.idempotence = true
	enable.metrics.push = true
	interceptor.classes = []
	key.serializer = class org.apache.kafka.common.serialization.StringSerializer
	linger.ms = 0
	max.block.ms = 60000
	max.in.flight.requests.per.connection = 5
	max.request.size = 1048576
	metadata.max.age.ms = 300000
	metadata.max.idle.ms = 300000
	metadata.recovery.strategy = none
	metric.reporters = []
	metrics.num.samples = 2
	metrics.recording.level = INFO
	metrics.sample.window.ms = 30000
	partitioner.adaptive.partitioning.enable = true
	partitioner.availability.timeout.ms = 0
	partitioner.class = null
	partitioner.ignore.keys = false
	receive.buffer.bytes = 32768
	reconnect.backoff.max.ms = 1000
	reconnect.backoff.ms = 50
	request.timeout.ms = 5000
	retries = 2147483647
	retry.backoff.max.ms = 1000
	retry.backoff.ms = 100
	sasl.client.callback.handler.class = null
	sasl.jaas.config = null
	sasl.kerberos.kinit.cmd = /usr/bin/kinit
	sasl.kerberos.min.time.before.relogin = 60000
	sasl.kerberos.service.name = null
	sasl.kerberos.ticket.renew.jitter = 0.05
	sasl.kerberos.ticket.renew.window.factor = 0.8
	sasl.login.callback.handler.class = null
	sasl.login.class = null
	sasl.login.connect.timeout.ms = null
	sasl.login.read.timeout.ms = null
	sasl.login.refresh.buffer.seconds = 300
	sasl.login.refresh.min.period.seconds = 60
	sasl.login.refresh.window.factor = 0.8
	sasl.login.refresh.window.jitter = 0.05
	sasl.login.retry.backoff.max.ms = 10000
	sasl.login.retry.backoff.ms = 100
	sasl.mechanism = GSSAPI
	sasl.oauthbearer.clock.skew.seconds = 30
	sasl.oauthbearer.expected.audience = null
	sasl.oauthbearer.expected.issuer = null
	sasl.oauthbearer.header.urlencode = false
	sasl.oauthbearer.jwks.endpoint.refresh.ms = 3600000
	sasl.oauthbearer.jwks.endpoint.retry.backoff.max.ms = 10000
	sasl.oauthbearer.jwks.endpoint.retry.backoff.ms = 100
	sasl.oauthbearer.jwks.endpoint.url = null
	sasl.oauthbearer.scope.claim.name = scope
	sasl.oauthbearer.sub.claim.name = sub
	sasl.oauthbearer.token.endpoint.url = null
	security.protocol = PLAINTEXT
	security.providers = null
	send.buffer.bytes = 131072
	socket.connection.setup.timeout.max.ms = 30000
	socket.connection.setup.timeout.ms = 10000
	ssl.cipher.suites = null
	ssl.enabled.protocols = [TLSv1.2, TLSv1.3]
	ssl.endpoint.identification.algorithm = https
	ssl.engine.factory.class = null
	ssl.key.password = null
	ssl.keymanager.algorithm = SunX509
	ssl.keystore.certificate.chain = null
	ssl.keystore.key = null
	ssl.keystore.location = null
	ssl.keystore.password = null
	ssl.keystore.type = JKS
	ssl.protocol = TLSv1.3
	ssl.provider = null
	ssl.secure.random.implementation = null
	ssl.trustmanager.algorithm = PKIX
	ssl.truststore.certificates = null
	ssl.truststore.location = null
	ssl.truststore.password = null
	ssl.truststore.type = JKS
	transaction.timeout.ms = 60000
	transactional.id = null
	value.serializer = class io.apicurio.registry.serde.avro.AvroKafkaSerializer

2025-07-31 15:29:51,892 INFO  [org.apa.kaf.com.tel.int.KafkaMetricsCollector] (main) initializing Kafka metrics collector
2025-07-31 15:29:51,896 INFO  [org.apa.kaf.cli.pro.KafkaProducer] (main) [Producer clientId=Producer-topic-7a6cc2b4_6f6b_4a34_bdb0_3fdcc08627ee] Instantiated an idempotent producer.
2025-07-31 15:29:51,900 INFO  [org.apa.kaf.cli.pro.ProducerConfig] (main) These configurations '[apicurio.registry.find-latest, apicurio.registry.artifact.group-id, apicurio.registry.url, apicurio.registry.artifact-resolver-strategy]' were supplied but are not used yet.
2025-07-31 15:29:51,900 INFO  [org.apa.kaf.com.uti.AppInfoParser] (main) Kafka version: 3.9.0
2025-07-31 15:29:51,900 INFO  [org.apa.kaf.com.uti.AppInfoParser] (main) Kafka commitId: 84caaa6e9da06435
2025-07-31 15:29:51,900 INFO  [org.apa.kaf.com.uti.AppInfoParser] (main) Kafka startTimeMs: 1753975791900
2025-07-31 15:29:51,901 INFO  [io.api.tes.ser.api.SimpleSerdesTesterBuilder$SimpleSerdesTester] (main) Using producer configuration: {apicurio.registry.find-latest=true, apicurio.registry.artifact.group-id=topic-7a6cc2b4_6f6b_4a34_bdb0_3fdcc08627ee, apicurio.registry.url=http://registry-app-postgresql.apps.ci419.apicurio-testing.org:80/apis/registry/v3, apicurio.registry.artifact-resolver-strategy=io.apicurio.registry.serde.strategy.SimpleTopicIdStrategy, value.serializer=io.apicurio.registry.serde.avro.AvroKafkaSerializer, request.timeout.ms=5000, acks=all, bootstrap.servers=PLAINTEXT://localhost:32770, connections.max.idle.ms=10000, key.serializer=org.apache.kafka.common.serialization.StringSerializer, client.id=Producer-topic-7a6cc2b4_6f6b_4a34_bdb0_3fdcc08627ee}
2025-07-31 15:29:51,901 INFO  [io.api.tes.ser.api.SimpleSerdesTesterBuilder$SimpleSerdesTester] (main) Using consumer configuration: {}
2025-07-31 15:29:51,903 INFO  [io.api.tes.ser.api.KafkaSerdesTester] (Thread-126) Sending message {"key11753975790826": "value-0"} to topic topic-7a6cc2b4_6f6b_4a34_bdb0_3fdcc08627ee
2025-07-31 15:29:51,914 INFO  [org.apa.kaf.cli.Metadata] (kafka-producer-network-thread | Producer-topic-7a6cc2b4_6f6b_4a34_bdb0_3fdcc08627ee) [Producer clientId=Producer-topic-7a6cc2b4_6f6b_4a34_bdb0_3fdcc08627ee] Cluster ID: BgnDnmd_Rn-oXa8M1ygsew
2025-07-31 15:29:51,915 INFO  [org.apa.kaf.cli.pro.int.TransactionManager] (kafka-producer-network-thread | Producer-topic-7a6cc2b4_6f6b_4a34_bdb0_3fdcc08627ee) [Producer clientId=Producer-topic-7a6cc2b4_6f6b_4a34_bdb0_3fdcc08627ee] ProducerId set to 1 with epoch 0
2025-07-31 15:29:51,995 INFO  [io.api.tes.ser.api.KafkaSerdesTester] (Thread-126) Sending message {"key11753975790826": "value-1"} to topic topic-7a6cc2b4_6f6b_4a34_bdb0_3fdcc08627ee
2025-07-31 15:29:52,000 INFO  [io.api.tes.ser.api.KafkaSerdesTester] (Thread-126) Sending message {"key11753975790826": "value-2"} to topic topic-7a6cc2b4_6f6b_4a34_bdb0_3fdcc08627ee
2025-07-31 15:29:52,005 INFO  [io.api.tes.ser.api.KafkaSerdesTester] (Thread-126) Sending message {"key11753975790826": "value-3"} to topic topic-7a6cc2b4_6f6b_4a34_bdb0_3fdcc08627ee
2025-07-31 15:29:52,015 INFO  [io.api.tes.ser.api.KafkaSerdesTester] (Thread-126) Sending message {"key11753975790826": "value-4"} to topic topic-7a6cc2b4_6f6b_4a34_bdb0_3fdcc08627ee
2025-07-31 15:29:52,019 INFO  [io.api.tes.ser.api.KafkaSerdesTester] (Thread-126) Sending message {"key11753975790826": "value-5"} to topic topic-7a6cc2b4_6f6b_4a34_bdb0_3fdcc08627ee
2025-07-31 15:29:52,023 INFO  [io.api.tes.ser.api.KafkaSerdesTester] (Thread-126) Sending message {"key11753975790826": "value-6"} to topic topic-7a6cc2b4_6f6b_4a34_bdb0_3fdcc08627ee
2025-07-31 15:29:52,028 INFO  [io.api.tes.ser.api.KafkaSerdesTester] (Thread-126) Sending message {"key11753975790826": "value-7"} to topic topic-7a6cc2b4_6f6b_4a34_bdb0_3fdcc08627ee
2025-07-31 15:29:52,033 INFO  [io.api.tes.ser.api.KafkaSerdesTester] (Thread-126) Sending message {"key11753975790826": "value-8"} to topic topic-7a6cc2b4_6f6b_4a34_bdb0_3fdcc08627ee
2025-07-31 15:29:52,038 INFO  [io.api.tes.ser.api.KafkaSerdesTester] (Thread-126) Sending message {"key11753975790826": "value-9"} to topic topic-7a6cc2b4_6f6b_4a34_bdb0_3fdcc08627ee
2025-07-31 15:29:52,044 INFO  [io.api.tes.ser.api.KafkaSerdesTester] (Thread-126) Produced 10 messages
2025-07-31 15:29:52,045 INFO  [org.apa.kaf.cli.pro.KafkaProducer] (Thread-126) [Producer clientId=Producer-topic-7a6cc2b4_6f6b_4a34_bdb0_3fdcc08627ee] Closing the Kafka producer with timeoutMillis = 9223372036854775807 ms.
2025-07-31 15:29:52,057 INFO  [org.apa.kaf.com.met.Metrics] (Thread-126) Metrics scheduler closed
2025-07-31 15:29:52,057 INFO  [org.apa.kaf.com.met.Metrics] (Thread-126) Closing reporter org.apache.kafka.common.metrics.JmxReporter
2025-07-31 15:29:52,057 INFO  [org.apa.kaf.com.met.Metrics] (Thread-126) Closing reporter org.apache.kafka.common.telemetry.internals.ClientTelemetryReporter
2025-07-31 15:29:52,057 INFO  [org.apa.kaf.com.met.Metrics] (Thread-126) Metrics reporters closed
2025-07-31 15:29:52,058 INFO  [org.apa.kaf.com.uti.AppInfoParser] (Thread-126) App info kafka.producer for Producer-topic-7a6cc2b4_6f6b_4a34_bdb0_3fdcc08627ee unregistered
2025-07-31 15:29:52,060 INFO  [org.apa.kaf.cli.con.ConsumerConfig] (main) ConsumerConfig values: 
	allow.auto.create.topics = true
	auto.commit.interval.ms = 500
	auto.include.jmx.reporter = true
	auto.offset.reset = earliest
	bootstrap.servers = [PLAINTEXT://localhost:32770]
	check.crcs = true
	client.dns.lookup = use_all_dns_ips
	client.id = consumer-Consumer-topic-7a6cc2b4_6f6b_4a34_bdb0_3fdcc08627ee-2
	client.rack = 
	connections.max.idle.ms = 10000
	default.api.timeout.ms = 60000
	enable.auto.commit = true
	enable.metrics.push = true
	exclude.internal.topics = true
	fetch.max.bytes = 52428800
	fetch.max.wait.ms = 500
	fetch.min.bytes = 1
	group.id = Consumer-topic-7a6cc2b4_6f6b_4a34_bdb0_3fdcc08627ee
	group.instance.id = null
	group.protocol = classic
	group.remote.assignor = null
	heartbeat.interval.ms = 3000
	interceptor.classes = []
	internal.leave.group.on.close = true
	internal.throw.on.fetch.stable.offset.unsupported = false
	isolation.level = read_uncommitted
	key.deserializer = class org.apache.kafka.common.serialization.StringDeserializer
	max.partition.fetch.bytes = 1048576
	max.poll.interval.ms = 300000
	max.poll.records = 500
	metadata.max.age.ms = 300000
	metadata.recovery.strategy = none
	metric.reporters = []
	metrics.num.samples = 2
	metrics.recording.level = INFO
	metrics.sample.window.ms = 30000
	partition.assignment.strategy = [class org.apache.kafka.clients.consumer.RangeAssignor, class org.apache.kafka.clients.consumer.CooperativeStickyAssignor]
	receive.buffer.bytes = 65536
	reconnect.backoff.max.ms = 1000
	reconnect.backoff.ms = 50
	request.timeout.ms = 5000
	retry.backoff.max.ms = 1000
	retry.backoff.ms = 100
	sasl.client.callback.handler.class = null
	sasl.jaas.config = null
	sasl.kerberos.kinit.cmd = /usr/bin/kinit
	sasl.kerberos.min.time.before.relogin = 60000
	sasl.kerberos.service.name = null
	sasl.kerberos.ticket.renew.jitter = 0.05
	sasl.kerberos.ticket.renew.window.factor = 0.8
	sasl.login.callback.handler.class = null
	sasl.login.class = null
	sasl.login.connect.timeout.ms = null
	sasl.login.read.timeout.ms = null
	sasl.login.refresh.buffer.seconds = 300
	sasl.login.refresh.min.period.seconds = 60
	sasl.login.refresh.window.factor = 0.8
	sasl.login.refresh.window.jitter = 0.05
	sasl.login.retry.backoff.max.ms = 10000
	sasl.login.retry.backoff.ms = 100
	sasl.mechanism = GSSAPI
	sasl.oauthbearer.clock.skew.seconds = 30
	sasl.oauthbearer.expected.audience = null
	sasl.oauthbearer.expected.issuer = null
	sasl.oauthbearer.header.urlencode = false
	sasl.oauthbearer.jwks.endpoint.refresh.ms = 3600000
	sasl.oauthbearer.jwks.endpoint.retry.backoff.max.ms = 10000
	sasl.oauthbearer.jwks.endpoint.retry.backoff.ms = 100
	sasl.oauthbearer.jwks.endpoint.url = null
	sasl.oauthbearer.scope.claim.name = scope
	sasl.oauthbearer.sub.claim.name = sub
	sasl.oauthbearer.token.endpoint.url = null
	security.protocol = PLAINTEXT
	security.providers = null
	send.buffer.bytes = 131072
	session.timeout.ms = 45000
	socket.connection.setup.timeout.max.ms = 30000
	socket.connection.setup.timeout.ms = 10000
	ssl.cipher.suites = null
	ssl.enabled.protocols = [TLSv1.2, TLSv1.3]
	ssl.endpoint.identification.algorithm = https
	ssl.engine.factory.class = null
	ssl.key.password = null
	ssl.keymanager.algorithm = SunX509
	ssl.keystore.certificate.chain = null
	ssl.keystore.key = null
	ssl.keystore.location = null
	ssl.keystore.password = null
	ssl.keystore.type = JKS
	ssl.protocol = TLSv1.3
	ssl.provider = null
	ssl.secure.random.implementation = null
	ssl.trustmanager.algorithm = PKIX
	ssl.truststore.certificates = null
	ssl.truststore.location = null
	ssl.truststore.password = null
	ssl.truststore.type = JKS
	value.deserializer = class io.apicurio.registry.serde.avro.AvroKafkaDeserializer

2025-07-31 15:29:52,060 INFO  [org.apa.kaf.com.tel.int.KafkaMetricsCollector] (main) initializing Kafka metrics collector
2025-07-31 15:29:52,076 INFO  [org.apa.kaf.cli.con.ConsumerConfig] (main) These configurations '[apicurio.registry.url]' were supplied but are not used yet.
2025-07-31 15:29:52,077 INFO  [org.apa.kaf.com.uti.AppInfoParser] (main) Kafka version: 3.9.0
2025-07-31 15:29:52,077 INFO  [org.apa.kaf.com.uti.AppInfoParser] (main) Kafka commitId: 84caaa6e9da06435
2025-07-31 15:29:52,077 INFO  [org.apa.kaf.com.uti.AppInfoParser] (main) Kafka startTimeMs: 1753975792077
2025-07-31 15:29:52,078 INFO  [org.apa.kaf.cli.con.int.ClassicKafkaConsumer] (Thread-129) [Consumer clientId=consumer-Consumer-topic-7a6cc2b4_6f6b_4a34_bdb0_3fdcc08627ee-2, groupId=Consumer-topic-7a6cc2b4_6f6b_4a34_bdb0_3fdcc08627ee] Subscribed to topic(s): topic-7a6cc2b4_6f6b_4a34_bdb0_3fdcc08627ee
2025-07-31 15:29:52,095 INFO  [org.apa.kaf.cli.Metadata] (Thread-129) [Consumer clientId=consumer-Consumer-topic-7a6cc2b4_6f6b_4a34_bdb0_3fdcc08627ee-2, groupId=Consumer-topic-7a6cc2b4_6f6b_4a34_bdb0_3fdcc08627ee] Cluster ID: BgnDnmd_Rn-oXa8M1ygsew
2025-07-31 15:29:52,098 INFO  [org.apa.kaf.cli.con.int.ConsumerCoordinator] (Thread-129) [Consumer clientId=consumer-Consumer-topic-7a6cc2b4_6f6b_4a34_bdb0_3fdcc08627ee-2, groupId=Consumer-topic-7a6cc2b4_6f6b_4a34_bdb0_3fdcc08627ee] Discovered group coordinator localhost:32770 (id: 2147483647 rack: null)
2025-07-31 15:29:52,101 INFO  [org.apa.kaf.cli.con.int.ConsumerCoordinator] (Thread-129) [Consumer clientId=consumer-Consumer-topic-7a6cc2b4_6f6b_4a34_bdb0_3fdcc08627ee-2, groupId=Consumer-topic-7a6cc2b4_6f6b_4a34_bdb0_3fdcc08627ee] (Re-)joining group
2025-07-31 15:29:52,109 INFO  [org.apa.kaf.cli.con.int.ConsumerCoordinator] (Thread-129) [Consumer clientId=consumer-Consumer-topic-7a6cc2b4_6f6b_4a34_bdb0_3fdcc08627ee-2, groupId=Consumer-topic-7a6cc2b4_6f6b_4a34_bdb0_3fdcc08627ee] Request joining group due to: need to re-join with the given member-id: consumer-Consumer-topic-7a6cc2b4_6f6b_4a34_bdb0_3fdcc08627ee-2-ae2ecd02-0145-4f8b-a794-a3a7a0169510
2025-07-31 15:29:52,109 INFO  [org.apa.kaf.cli.con.int.ConsumerCoordinator] (Thread-129) [Consumer clientId=consumer-Consumer-topic-7a6cc2b4_6f6b_4a34_bdb0_3fdcc08627ee-2, groupId=Consumer-topic-7a6cc2b4_6f6b_4a34_bdb0_3fdcc08627ee] (Re-)joining group
2025-07-31 15:29:52,114 INFO  [org.apa.kaf.cli.con.int.ConsumerCoordinator] (Thread-129) [Consumer clientId=consumer-Consumer-topic-7a6cc2b4_6f6b_4a34_bdb0_3fdcc08627ee-2, groupId=Consumer-topic-7a6cc2b4_6f6b_4a34_bdb0_3fdcc08627ee] Successfully joined group with generation Generation{generationId=1, memberId='consumer-Consumer-topic-7a6cc2b4_6f6b_4a34_bdb0_3fdcc08627ee-2-ae2ecd02-0145-4f8b-a794-a3a7a0169510', protocol='range'}
2025-07-31 15:29:52,115 INFO  [org.apa.kaf.cli.con.int.ConsumerCoordinator] (Thread-129) [Consumer clientId=consumer-Consumer-topic-7a6cc2b4_6f6b_4a34_bdb0_3fdcc08627ee-2, groupId=Consumer-topic-7a6cc2b4_6f6b_4a34_bdb0_3fdcc08627ee] Finished assignment for group at generation 1: {consumer-Consumer-topic-7a6cc2b4_6f6b_4a34_bdb0_3fdcc08627ee-2-ae2ecd02-0145-4f8b-a794-a3a7a0169510=Assignment(partitions=[topic-7a6cc2b4_6f6b_4a34_bdb0_3fdcc08627ee-0])}
2025-07-31 15:29:52,118 INFO  [org.apa.kaf.cli.con.int.ConsumerCoordinator] (Thread-129) [Consumer clientId=consumer-Consumer-topic-7a6cc2b4_6f6b_4a34_bdb0_3fdcc08627ee-2, groupId=Consumer-topic-7a6cc2b4_6f6b_4a34_bdb0_3fdcc08627ee] Successfully synced group in generation Generation{generationId=1, memberId='consumer-Consumer-topic-7a6cc2b4_6f6b_4a34_bdb0_3fdcc08627ee-2-ae2ecd02-0145-4f8b-a794-a3a7a0169510', protocol='range'}
2025-07-31 15:29:52,119 INFO  [org.apa.kaf.cli.con.int.ConsumerCoordinator] (Thread-129) [Consumer clientId=consumer-Consumer-topic-7a6cc2b4_6f6b_4a34_bdb0_3fdcc08627ee-2, groupId=Consumer-topic-7a6cc2b4_6f6b_4a34_bdb0_3fdcc08627ee] Notifying assignor about the new Assignment(partitions=[topic-7a6cc2b4_6f6b_4a34_bdb0_3fdcc08627ee-0])
2025-07-31 15:29:52,119 INFO  [org.apa.kaf.cli.con.int.ConsumerRebalanceListenerInvoker] (Thread-129) [Consumer clientId=consumer-Consumer-topic-7a6cc2b4_6f6b_4a34_bdb0_3fdcc08627ee-2, groupId=Consumer-topic-7a6cc2b4_6f6b_4a34_bdb0_3fdcc08627ee] Adding newly assigned partitions: topic-7a6cc2b4_6f6b_4a34_bdb0_3fdcc08627ee-0
2025-07-31 15:29:52,121 INFO  [org.apa.kaf.cli.con.int.ConsumerCoordinator] (Thread-129) [Consumer clientId=consumer-Consumer-topic-7a6cc2b4_6f6b_4a34_bdb0_3fdcc08627ee-2, groupId=Consumer-topic-7a6cc2b4_6f6b_4a34_bdb0_3fdcc08627ee] Found no committed offset for partition topic-7a6cc2b4_6f6b_4a34_bdb0_3fdcc08627ee-0
2025-07-31 15:29:52,122 INFO  [org.apa.kaf.cli.con.int.SubscriptionState] (Thread-129) [Consumer clientId=consumer-Consumer-topic-7a6cc2b4_6f6b_4a34_bdb0_3fdcc08627ee-2, groupId=Consumer-topic-7a6cc2b4_6f6b_4a34_bdb0_3fdcc08627ee] Resetting offset for partition topic-7a6cc2b4_6f6b_4a34_bdb0_3fdcc08627ee-0 to position FetchPosition{offset=0, offsetEpoch=Optional.empty, currentLeader=LeaderAndEpoch{leader=Optional[localhost:32770 (id: 0 rack: null)], epoch=0}}.
2025-07-31 15:29:52,163 INFO  [io.api.tes.ser.api.KafkaSerdesTester] (Thread-129) topic-7a6cc2b4_6f6b_4a34_bdb0_3fdcc08627ee 0 0 {"key11753975790826": "value-0"}
2025-07-31 15:29:52,164 INFO  [io.api.tes.ser.api.KafkaSerdesTester] (Thread-129) topic-7a6cc2b4_6f6b_4a34_bdb0_3fdcc08627ee 0 1 {"key11753975790826": "value-1"}
2025-07-31 15:29:52,164 INFO  [io.api.tes.ser.api.KafkaSerdesTester] (Thread-129) topic-7a6cc2b4_6f6b_4a34_bdb0_3fdcc08627ee 0 2 {"key11753975790826": "value-2"}
2025-07-31 15:29:52,164 INFO  [io.api.tes.ser.api.KafkaSerdesTester] (Thread-129) topic-7a6cc2b4_6f6b_4a34_bdb0_3fdcc08627ee 0 3 {"key11753975790826": "value-3"}
2025-07-31 15:29:52,164 INFO  [io.api.tes.ser.api.KafkaSerdesTester] (Thread-129) topic-7a6cc2b4_6f6b_4a34_bdb0_3fdcc08627ee 0 4 {"key11753975790826": "value-4"}
2025-07-31 15:29:52,164 INFO  [io.api.tes.ser.api.KafkaSerdesTester] (Thread-129) topic-7a6cc2b4_6f6b_4a34_bdb0_3fdcc08627ee 0 5 {"key11753975790826": "value-5"}
2025-07-31 15:29:52,164 INFO  [io.api.tes.ser.api.KafkaSerdesTester] (Thread-129) topic-7a6cc2b4_6f6b_4a34_bdb0_3fdcc08627ee 0 6 {"key11753975790826": "value-6"}
2025-07-31 15:29:52,165 INFO  [io.api.tes.ser.api.KafkaSerdesTester] (Thread-129) topic-7a6cc2b4_6f6b_4a34_bdb0_3fdcc08627ee 0 7 {"key11753975790826": "value-7"}
2025-07-31 15:29:52,165 INFO  [io.api.tes.ser.api.KafkaSerdesTester] (Thread-129) topic-7a6cc2b4_6f6b_4a34_bdb0_3fdcc08627ee 0 8 {"key11753975790826": "value-8"}
2025-07-31 15:29:52,165 INFO  [io.api.tes.ser.api.KafkaSerdesTester] (Thread-129) topic-7a6cc2b4_6f6b_4a34_bdb0_3fdcc08627ee 0 9 {"key11753975790826": "value-9"}
2025-07-31 15:29:52,165 INFO  [io.api.tes.ser.api.KafkaSerdesTester] (Thread-129) Consumed 10 messages
2025-07-31 15:29:52,171 INFO  [org.apa.kaf.cli.con.int.ConsumerRebalanceListenerInvoker] (Thread-129) [Consumer clientId=consumer-Consumer-topic-7a6cc2b4_6f6b_4a34_bdb0_3fdcc08627ee-2, groupId=Consumer-topic-7a6cc2b4_6f6b_4a34_bdb0_3fdcc08627ee] Revoke previously assigned partitions topic-7a6cc2b4_6f6b_4a34_bdb0_3fdcc08627ee-0
2025-07-31 15:29:52,171 INFO  [org.apa.kaf.cli.con.int.ConsumerCoordinator] (Thread-129) [Consumer clientId=consumer-Consumer-topic-7a6cc2b4_6f6b_4a34_bdb0_3fdcc08627ee-2, groupId=Consumer-topic-7a6cc2b4_6f6b_4a34_bdb0_3fdcc08627ee] Member consumer-Consumer-topic-7a6cc2b4_6f6b_4a34_bdb0_3fdcc08627ee-2-ae2ecd02-0145-4f8b-a794-a3a7a0169510 sending LeaveGroup request to coordinator localhost:32770 (id: 2147483647 rack: null) due to the consumer is being closed
2025-07-31 15:29:52,173 INFO  [org.apa.kaf.cli.con.int.ConsumerCoordinator] (Thread-129) [Consumer clientId=consumer-Consumer-topic-7a6cc2b4_6f6b_4a34_bdb0_3fdcc08627ee-2, groupId=Consumer-topic-7a6cc2b4_6f6b_4a34_bdb0_3fdcc08627ee] Resetting generation and member id due to: consumer pro-actively leaving the group
2025-07-31 15:29:52,173 INFO  [org.apa.kaf.cli.con.int.ConsumerCoordinator] (Thread-129) [Consumer clientId=consumer-Consumer-topic-7a6cc2b4_6f6b_4a34_bdb0_3fdcc08627ee-2, groupId=Consumer-topic-7a6cc2b4_6f6b_4a34_bdb0_3fdcc08627ee] Request joining group due to: consumer pro-actively leaving the group
2025-07-31 15:29:52,669 INFO  [org.apa.kaf.com.met.Metrics] (Thread-129) Metrics scheduler closed
2025-07-31 15:29:52,670 INFO  [org.apa.kaf.com.met.Metrics] (Thread-129) Closing reporter org.apache.kafka.common.metrics.JmxReporter
2025-07-31 15:29:52,670 INFO  [org.apa.kaf.com.met.Metrics] (Thread-129) Closing reporter org.apache.kafka.common.telemetry.internals.ClientTelemetryReporter
2025-07-31 15:29:52,670 INFO  [org.apa.kaf.com.met.Metrics] (Thread-129) Metrics reporters closed
2025-07-31 15:29:52,677 INFO  [org.apa.kaf.com.uti.AppInfoParser] (Thread-129) App info kafka.consumer for consumer-Consumer-topic-7a6cc2b4_6f6b_4a34_bdb0_3fdcc08627ee-2 unregistered
2025-07-31 15:29:52,677 INFO  [io.api.tes.uti.TestSeparator] (main) io.apicurio.tests.serdes.apicurio.AvroSerdeIT.testSimpleTopicIdStrategyFindLatest-FINISHED
2025-07-31 15:29:52,677 INFO  [io.api.tes.uti.TestSeparator] (main) ############################################################################
]]></system-out>
  </testcase>
  <testcase name="testWrongSchema" classname="io.apicurio.tests.serdes.apicurio.AvroSerdeIT" time="1.139">
    <system-out><![CDATA[2025-07-31 15:29:52,682 INFO  [io.api.tes.uti.TestSeparator] (main) ############################################################################
2025-07-31 15:29:52,682 INFO  [io.api.tes.uti.TestSeparator] (main) io.apicurio.tests.serdes.apicurio.AvroSerdeIT.testWrongSchema-STARTED
2025-07-31 15:29:53,752 INFO  [org.apa.kaf.cli.pro.ProducerConfig] (main) ProducerConfig values: 
	acks = -1
	auto.include.jmx.reporter = true
	batch.size = 16384
	bootstrap.servers = [PLAINTEXT://localhost:32770]
	buffer.memory = 33554432
	client.dns.lookup = use_all_dns_ips
	client.id = Producer-s9cf3c091xe83ex4f63x9447xec18c9ed2a54
	compression.gzip.level = -1
	compression.lz4.level = 9
	compression.type = none
	compression.zstd.level = 3
	connections.max.idle.ms = 10000
	delivery.timeout.ms = 120000
	enable.idempotence = true
	enable.metrics.push = true
	interceptor.classes = []
	key.serializer = class org.apache.kafka.common.serialization.StringSerializer
	linger.ms = 0
	max.block.ms = 60000
	max.in.flight.requests.per.connection = 5
	max.request.size = 1048576
	metadata.max.age.ms = 300000
	metadata.max.idle.ms = 300000
	metadata.recovery.strategy = none
	metric.reporters = []
	metrics.num.samples = 2
	metrics.recording.level = INFO
	metrics.sample.window.ms = 30000
	partitioner.adaptive.partitioning.enable = true
	partitioner.availability.timeout.ms = 0
	partitioner.class = null
	partitioner.ignore.keys = false
	receive.buffer.bytes = 32768
	reconnect.backoff.max.ms = 1000
	reconnect.backoff.ms = 50
	request.timeout.ms = 5000
	retries = 2147483647
	retry.backoff.max.ms = 1000
	retry.backoff.ms = 100
	sasl.client.callback.handler.class = null
	sasl.jaas.config = null
	sasl.kerberos.kinit.cmd = /usr/bin/kinit
	sasl.kerberos.min.time.before.relogin = 60000
	sasl.kerberos.service.name = null
	sasl.kerberos.ticket.renew.jitter = 0.05
	sasl.kerberos.ticket.renew.window.factor = 0.8
	sasl.login.callback.handler.class = null
	sasl.login.class = null
	sasl.login.connect.timeout.ms = null
	sasl.login.read.timeout.ms = null
	sasl.login.refresh.buffer.seconds = 300
	sasl.login.refresh.min.period.seconds = 60
	sasl.login.refresh.window.factor = 0.8
	sasl.login.refresh.window.jitter = 0.05
	sasl.login.retry.backoff.max.ms = 10000
	sasl.login.retry.backoff.ms = 100
	sasl.mechanism = GSSAPI
	sasl.oauthbearer.clock.skew.seconds = 30
	sasl.oauthbearer.expected.audience = null
	sasl.oauthbearer.expected.issuer = null
	sasl.oauthbearer.header.urlencode = false
	sasl.oauthbearer.jwks.endpoint.refresh.ms = 3600000
	sasl.oauthbearer.jwks.endpoint.retry.backoff.max.ms = 10000
	sasl.oauthbearer.jwks.endpoint.retry.backoff.ms = 100
	sasl.oauthbearer.jwks.endpoint.url = null
	sasl.oauthbearer.scope.claim.name = scope
	sasl.oauthbearer.sub.claim.name = sub
	sasl.oauthbearer.token.endpoint.url = null
	security.protocol = PLAINTEXT
	security.providers = null
	send.buffer.bytes = 131072
	socket.connection.setup.timeout.max.ms = 30000
	socket.connection.setup.timeout.ms = 10000
	ssl.cipher.suites = null
	ssl.enabled.protocols = [TLSv1.2, TLSv1.3]
	ssl.endpoint.identification.algorithm = https
	ssl.engine.factory.class = null
	ssl.key.password = null
	ssl.keymanager.algorithm = SunX509
	ssl.keystore.certificate.chain = null
	ssl.keystore.key = null
	ssl.keystore.location = null
	ssl.keystore.password = null
	ssl.keystore.type = JKS
	ssl.protocol = TLSv1.3
	ssl.provider = null
	ssl.secure.random.implementation = null
	ssl.trustmanager.algorithm = PKIX
	ssl.truststore.certificates = null
	ssl.truststore.location = null
	ssl.truststore.password = null
	ssl.truststore.type = JKS
	transaction.timeout.ms = 60000
	transactional.id = null
	value.serializer = class io.apicurio.registry.serde.avro.AvroKafkaSerializer

2025-07-31 15:29:53,753 INFO  [org.apa.kaf.com.tel.int.KafkaMetricsCollector] (main) initializing Kafka metrics collector
2025-07-31 15:29:53,757 INFO  [org.apa.kaf.cli.pro.KafkaProducer] (main) [Producer clientId=Producer-s9cf3c091xe83ex4f63x9447xec18c9ed2a54] Instantiated an idempotent producer.
2025-07-31 15:29:53,763 INFO  [org.apa.kaf.cli.pro.ProducerConfig] (main) These configurations '[apicurio.registry.find-latest, apicurio.registry.url, apicurio.registry.artifact-resolver-strategy]' were supplied but are not used yet.
2025-07-31 15:29:53,763 INFO  [org.apa.kaf.com.uti.AppInfoParser] (main) Kafka version: 3.9.0
2025-07-31 15:29:53,763 INFO  [org.apa.kaf.com.uti.AppInfoParser] (main) Kafka commitId: 84caaa6e9da06435
2025-07-31 15:29:53,764 INFO  [org.apa.kaf.com.uti.AppInfoParser] (main) Kafka startTimeMs: 1753975793763
2025-07-31 15:29:53,769 INFO  [io.api.tes.ser.api.KafkaSerdesTester] (Thread-132) Sending message {"keyB": "value-0"} to topic s9cf3c091xe83ex4f63x9447xec18c9ed2a54
2025-07-31 15:29:53,773 INFO  [org.apa.kaf.cli.Metadata] (kafka-producer-network-thread | Producer-s9cf3c091xe83ex4f63x9447xec18c9ed2a54) [Producer clientId=Producer-s9cf3c091xe83ex4f63x9447xec18c9ed2a54] Cluster ID: BgnDnmd_Rn-oXa8M1ygsew
2025-07-31 15:29:53,775 INFO  [org.apa.kaf.cli.pro.int.TransactionManager] (kafka-producer-network-thread | Producer-s9cf3c091xe83ex4f63x9447xec18c9ed2a54) [Producer clientId=Producer-s9cf3c091xe83ex4f63x9447xec18c9ed2a54] ProducerId set to 2 with epoch 0
2025-07-31 15:29:53,812 INFO  [org.apa.kaf.cli.pro.KafkaProducer] (Thread-132) [Producer clientId=Producer-s9cf3c091xe83ex4f63x9447xec18c9ed2a54] Closing the Kafka producer with timeoutMillis = 9223372036854775807 ms.
2025-07-31 15:29:53,815 INFO  [org.apa.kaf.com.met.Metrics] (Thread-132) Metrics scheduler closed
2025-07-31 15:29:53,816 INFO  [org.apa.kaf.com.met.Metrics] (Thread-132) Closing reporter org.apache.kafka.common.metrics.JmxReporter
2025-07-31 15:29:53,816 INFO  [org.apa.kaf.com.met.Metrics] (Thread-132) Closing reporter org.apache.kafka.common.telemetry.internals.ClientTelemetryReporter
2025-07-31 15:29:53,816 INFO  [org.apa.kaf.com.met.Metrics] (Thread-132) Metrics reporters closed
2025-07-31 15:29:53,816 INFO  [org.apa.kaf.com.uti.AppInfoParser] (Thread-132) App info kafka.producer for Producer-s9cf3c091xe83ex4f63x9447xec18c9ed2a54 unregistered
2025-07-31 15:29:53,817 INFO  [io.api.tes.uti.TestSeparator] (main) io.apicurio.tests.serdes.apicurio.AvroSerdeIT.testWrongSchema-FINISHED
2025-07-31 15:29:53,818 INFO  [io.api.tes.uti.TestSeparator] (main) ############################################################################
]]></system-out>
    <system-err><![CDATA[io.apicurio.registry.rest.client.models.ProblemDetails
	at io.apicurio.registry.rest.client.models.ProblemDetails.createFromDiscriminatorValue(ProblemDetails.java:58)
	at io.kiota.serialization.json.JsonParseNode.getObjectValue(JsonParseNode.java:247)
	at io.kiota.http.vertx.VertXRequestAdapter.lambda$throwIfFailedResponse$0(VertXRequestAdapter.java:400)
	at com.microsoft.kiota.ApiExceptionBuilder.<init>(ApiExceptionBuilder.java:26)
	at io.kiota.http.vertx.VertXRequestAdapter.throwIfFailedResponse(VertXRequestAdapter.java:399)
	at io.kiota.http.vertx.VertXRequestAdapter.send(VertXRequestAdapter.java:170)
	at io.apicurio.registry.rest.client.groups.item.artifacts.item.versions.item.WithVersionExpressionItemRequestBuilder.get(WithVersionExpressionItemRequestBuilder.java:128)
	at io.apicurio.registry.rest.client.groups.item.artifacts.item.versions.item.WithVersionExpressionItemRequestBuilder.get(WithVersionExpressionItemRequestBuilder.java:111)
	at io.apicurio.registry.resolver.DefaultSchemaResolver.resolveByCoordinates(DefaultSchemaResolver.java:469)
	at io.apicurio.registry.resolver.DefaultSchemaResolver.lambda$resolveSchemaByArtifactReferenceCached$12(DefaultSchemaResolver.java:451)
	at io.apicurio.registry.resolver.ERCache.lambda$getValue$0(ERCache.java:181)
	at io.apicurio.registry.resolver.ERCache.retry(ERCache.java:234)
	at io.apicurio.registry.resolver.ERCache.getValue(ERCache.java:180)
	at io.apicurio.registry.resolver.ERCache.getByArtifactCoordinates(ERCache.java:165)
	at io.apicurio.registry.resolver.DefaultSchemaResolver.resolveSchemaByArtifactReferenceCached(DefaultSchemaResolver.java:449)
	at io.apicurio.registry.resolver.DefaultSchemaResolver.resolveSchemaByCoordinates(DefaultSchemaResolver.java:201)
	at io.apicurio.registry.resolver.DefaultSchemaResolver.getSchemaFromRegistry(DefaultSchemaResolver.java:134)
	at io.apicurio.registry.resolver.DefaultSchemaResolver.lambda$resolveSchema$0(DefaultSchemaResolver.java:86)
	at java.base/java.util.Optional.orElseGet(Optional.java:364)
	at io.apicurio.registry.resolver.DefaultSchemaResolver.resolveSchema(DefaultSchemaResolver.java:86)
	at io.apicurio.registry.serde.AbstractSerializer.serializeData(AbstractSerializer.java:62)
	at io.apicurio.registry.serde.KafkaSerializer.serialize(KafkaSerializer.java:77)
	at org.apache.kafka.clients.producer.KafkaProducer.doSend(KafkaProducer.java:1046)
	at org.apache.kafka.clients.producer.KafkaProducer.send(KafkaProducer.java:993)
	at org.apache.kafka.clients.producer.KafkaProducer.send(KafkaProducer.java:875)
	at io.apicurio.tests.serdes.apicurio.KafkaSerdesTester.lambda$produceMessages$3(KafkaSerdesTester.java:138)
	at java.base/java.util.concurrent.CompletableFuture$AsyncSupply.run(CompletableFuture.java:1768)
	at java.base/java.lang.Thread.run(Thread.java:840)
]]></system-err>
  </testcase>
  <testcase name="testAvroJSON" classname="io.apicurio.tests.serdes.apicurio.AvroSerdeIT" time="0.973">
    <system-out><![CDATA[2025-07-31 15:29:53,822 INFO  [io.api.tes.uti.TestSeparator] (main) ############################################################################
2025-07-31 15:29:53,823 INFO  [io.api.tes.uti.TestSeparator] (main) io.apicurio.tests.serdes.apicurio.AvroSerdeIT.testAvroJSON-STARTED
2025-07-31 15:29:53,831 INFO  [org.apa.kaf.cli.pro.ProducerConfig] (main) ProducerConfig values: 
	acks = -1
	auto.include.jmx.reporter = true
	batch.size = 16384
	bootstrap.servers = [PLAINTEXT://localhost:32770]
	buffer.memory = 33554432
	client.dns.lookup = use_all_dns_ips
	client.id = Producer-topic-ee6d64a5_a27f_4b97_9355_46596e632153
	compression.gzip.level = -1
	compression.lz4.level = 9
	compression.type = none
	compression.zstd.level = 3
	connections.max.idle.ms = 10000
	delivery.timeout.ms = 120000
	enable.idempotence = true
	enable.metrics.push = true
	interceptor.classes = []
	key.serializer = class org.apache.kafka.common.serialization.StringSerializer
	linger.ms = 0
	max.block.ms = 60000
	max.in.flight.requests.per.connection = 5
	max.request.size = 1048576
	metadata.max.age.ms = 300000
	metadata.max.idle.ms = 300000
	metadata.recovery.strategy = none
	metric.reporters = []
	metrics.num.samples = 2
	metrics.recording.level = INFO
	metrics.sample.window.ms = 30000
	partitioner.adaptive.partitioning.enable = true
	partitioner.availability.timeout.ms = 0
	partitioner.class = null
	partitioner.ignore.keys = false
	receive.buffer.bytes = 32768
	reconnect.backoff.max.ms = 1000
	reconnect.backoff.ms = 50
	request.timeout.ms = 5000
	retries = 2147483647
	retry.backoff.max.ms = 1000
	retry.backoff.ms = 100
	sasl.client.callback.handler.class = null
	sasl.jaas.config = null
	sasl.kerberos.kinit.cmd = /usr/bin/kinit
	sasl.kerberos.min.time.before.relogin = 60000
	sasl.kerberos.service.name = null
	sasl.kerberos.ticket.renew.jitter = 0.05
	sasl.kerberos.ticket.renew.window.factor = 0.8
	sasl.login.callback.handler.class = null
	sasl.login.class = null
	sasl.login.connect.timeout.ms = null
	sasl.login.read.timeout.ms = null
	sasl.login.refresh.buffer.seconds = 300
	sasl.login.refresh.min.period.seconds = 60
	sasl.login.refresh.window.factor = 0.8
	sasl.login.refresh.window.jitter = 0.05
	sasl.login.retry.backoff.max.ms = 10000
	sasl.login.retry.backoff.ms = 100
	sasl.mechanism = GSSAPI
	sasl.oauthbearer.clock.skew.seconds = 30
	sasl.oauthbearer.expected.audience = null
	sasl.oauthbearer.expected.issuer = null
	sasl.oauthbearer.header.urlencode = false
	sasl.oauthbearer.jwks.endpoint.refresh.ms = 3600000
	sasl.oauthbearer.jwks.endpoint.retry.backoff.max.ms = 10000
	sasl.oauthbearer.jwks.endpoint.retry.backoff.ms = 100
	sasl.oauthbearer.jwks.endpoint.url = null
	sasl.oauthbearer.scope.claim.name = scope
	sasl.oauthbearer.sub.claim.name = sub
	sasl.oauthbearer.token.endpoint.url = null
	security.protocol = PLAINTEXT
	security.providers = null
	send.buffer.bytes = 131072
	socket.connection.setup.timeout.max.ms = 30000
	socket.connection.setup.timeout.ms = 10000
	ssl.cipher.suites = null
	ssl.enabled.protocols = [TLSv1.2, TLSv1.3]
	ssl.endpoint.identification.algorithm = https
	ssl.engine.factory.class = null
	ssl.key.password = null
	ssl.keymanager.algorithm = SunX509
	ssl.keystore.certificate.chain = null
	ssl.keystore.key = null
	ssl.keystore.location = null
	ssl.keystore.password = null
	ssl.keystore.type = JKS
	ssl.protocol = TLSv1.3
	ssl.provider = null
	ssl.secure.random.implementation = null
	ssl.trustmanager.algorithm = PKIX
	ssl.truststore.certificates = null
	ssl.truststore.location = null
	ssl.truststore.password = null
	ssl.truststore.type = JKS
	transaction.timeout.ms = 60000
	transactional.id = null
	value.serializer = class io.apicurio.registry.serde.avro.AvroKafkaSerializer

2025-07-31 15:29:53,837 INFO  [org.apa.kaf.com.tel.int.KafkaMetricsCollector] (main) initializing Kafka metrics collector
2025-07-31 15:29:53,865 INFO  [org.apa.kaf.cli.pro.KafkaProducer] (main) [Producer clientId=Producer-topic-ee6d64a5_a27f_4b97_9355_46596e632153] Instantiated an idempotent producer.
2025-07-31 15:29:53,885 INFO  [org.apa.kaf.cli.pro.ProducerConfig] (main) These configurations '[apicurio.registry.avro.encoding, apicurio.registry.url, apicurio.registry.auto-register, apicurio.registry.artifact-resolver-strategy]' were supplied but are not used yet.
2025-07-31 15:29:53,885 INFO  [org.apa.kaf.com.uti.AppInfoParser] (main) Kafka version: 3.9.0
2025-07-31 15:29:53,885 INFO  [org.apa.kaf.com.uti.AppInfoParser] (main) Kafka commitId: 84caaa6e9da06435
2025-07-31 15:29:53,886 INFO  [org.apa.kaf.com.uti.AppInfoParser] (main) Kafka startTimeMs: 1753975793885
2025-07-31 15:29:53,887 INFO  [io.api.tes.ser.api.SimpleSerdesTesterBuilder$SimpleSerdesTester] (main) Using producer configuration: {apicurio.registry.avro.encoding=JSON, apicurio.registry.url=http://registry-app-postgresql.apps.ci419.apicurio-testing.org:80/apis/registry/v3, apicurio.registry.auto-register=true, apicurio.registry.artifact-resolver-strategy=io.apicurio.registry.serde.strategy.TopicIdStrategy, value.serializer=io.apicurio.registry.serde.avro.AvroKafkaSerializer, request.timeout.ms=5000, acks=all, bootstrap.servers=PLAINTEXT://localhost:32770, connections.max.idle.ms=10000, key.serializer=org.apache.kafka.common.serialization.StringSerializer, client.id=Producer-topic-ee6d64a5_a27f_4b97_9355_46596e632153}
2025-07-31 15:29:53,888 INFO  [io.api.tes.ser.api.SimpleSerdesTesterBuilder$SimpleSerdesTester] (main) Using consumer configuration: {apicurio.registry.avro.encoding=JSON}
2025-07-31 15:29:53,892 INFO  [io.api.tes.ser.api.KafkaSerdesTester] (Thread-135) Sending message {"bar": "value-0"} to topic topic-ee6d64a5_a27f_4b97_9355_46596e632153
2025-07-31 15:29:53,917 WARN  [org.apa.kaf.cli.NetworkClient] (kafka-producer-network-thread | Producer-topic-ee6d64a5_a27f_4b97_9355_46596e632153) [Producer clientId=Producer-topic-ee6d64a5_a27f_4b97_9355_46596e632153] The metadata response from the cluster reported a recoverable issue with correlation id 2 : {topic-ee6d64a5_a27f_4b97_9355_46596e632153=LEADER_NOT_AVAILABLE}
2025-07-31 15:29:53,918 INFO  [org.apa.kaf.cli.Metadata] (kafka-producer-network-thread | Producer-topic-ee6d64a5_a27f_4b97_9355_46596e632153) [Producer clientId=Producer-topic-ee6d64a5_a27f_4b97_9355_46596e632153] Cluster ID: BgnDnmd_Rn-oXa8M1ygsew
2025-07-31 15:29:53,922 INFO  [org.apa.kaf.cli.pro.int.TransactionManager] (kafka-producer-network-thread | Producer-topic-ee6d64a5_a27f_4b97_9355_46596e632153) [Producer clientId=Producer-topic-ee6d64a5_a27f_4b97_9355_46596e632153] ProducerId set to 3 with epoch 0
2025-07-31 15:29:54,093 INFO  [io.api.tes.ser.api.KafkaSerdesTester] (Thread-135) Sending message {"bar": "value-1"} to topic topic-ee6d64a5_a27f_4b97_9355_46596e632153
2025-07-31 15:29:54,096 INFO  [io.api.tes.ser.api.KafkaSerdesTester] (Thread-135) Sending message {"bar": "value-2"} to topic topic-ee6d64a5_a27f_4b97_9355_46596e632153
2025-07-31 15:29:54,101 INFO  [io.api.tes.ser.api.KafkaSerdesTester] (Thread-135) Sending message {"bar": "value-3"} to topic topic-ee6d64a5_a27f_4b97_9355_46596e632153
2025-07-31 15:29:54,105 INFO  [io.api.tes.ser.api.KafkaSerdesTester] (Thread-135) Sending message {"bar": "value-4"} to topic topic-ee6d64a5_a27f_4b97_9355_46596e632153
2025-07-31 15:29:54,112 INFO  [io.api.tes.ser.api.KafkaSerdesTester] (Thread-135) Sending message {"bar": "value-5"} to topic topic-ee6d64a5_a27f_4b97_9355_46596e632153
2025-07-31 15:29:54,117 INFO  [io.api.tes.ser.api.KafkaSerdesTester] (Thread-135) Sending message {"bar": "value-6"} to topic topic-ee6d64a5_a27f_4b97_9355_46596e632153
2025-07-31 15:29:54,122 INFO  [io.api.tes.ser.api.KafkaSerdesTester] (Thread-135) Sending message {"bar": "value-7"} to topic topic-ee6d64a5_a27f_4b97_9355_46596e632153
2025-07-31 15:29:54,127 INFO  [io.api.tes.ser.api.KafkaSerdesTester] (Thread-135) Sending message {"bar": "value-8"} to topic topic-ee6d64a5_a27f_4b97_9355_46596e632153
2025-07-31 15:29:54,133 INFO  [io.api.tes.ser.api.KafkaSerdesTester] (Thread-135) Sending message {"bar": "value-9"} to topic topic-ee6d64a5_a27f_4b97_9355_46596e632153
2025-07-31 15:29:54,137 INFO  [io.api.tes.ser.api.KafkaSerdesTester] (Thread-135) Produced 10 messages
2025-07-31 15:29:54,138 INFO  [org.apa.kaf.cli.pro.KafkaProducer] (Thread-135) [Producer clientId=Producer-topic-ee6d64a5_a27f_4b97_9355_46596e632153] Closing the Kafka producer with timeoutMillis = 9223372036854775807 ms.
2025-07-31 15:29:54,144 INFO  [org.apa.kaf.com.met.Metrics] (Thread-135) Metrics scheduler closed
2025-07-31 15:29:54,144 INFO  [org.apa.kaf.com.met.Metrics] (Thread-135) Closing reporter org.apache.kafka.common.metrics.JmxReporter
2025-07-31 15:29:54,144 INFO  [org.apa.kaf.com.met.Metrics] (Thread-135) Closing reporter org.apache.kafka.common.telemetry.internals.ClientTelemetryReporter
2025-07-31 15:29:54,144 INFO  [org.apa.kaf.com.met.Metrics] (Thread-135) Metrics reporters closed
2025-07-31 15:29:54,145 INFO  [org.apa.kaf.com.uti.AppInfoParser] (Thread-135) App info kafka.producer for Producer-topic-ee6d64a5_a27f_4b97_9355_46596e632153 unregistered
2025-07-31 15:29:54,178 INFO  [org.apa.kaf.cli.con.ConsumerConfig] (main) ConsumerConfig values: 
	allow.auto.create.topics = true
	auto.commit.interval.ms = 500
	auto.include.jmx.reporter = true
	auto.offset.reset = earliest
	bootstrap.servers = [PLAINTEXT://localhost:32770]
	check.crcs = true
	client.dns.lookup = use_all_dns_ips
	client.id = consumer-Consumer-topic-ee6d64a5_a27f_4b97_9355_46596e632153-3
	client.rack = 
	connections.max.idle.ms = 10000
	default.api.timeout.ms = 60000
	enable.auto.commit = true
	enable.metrics.push = true
	exclude.internal.topics = true
	fetch.max.bytes = 52428800
	fetch.max.wait.ms = 500
	fetch.min.bytes = 1
	group.id = Consumer-topic-ee6d64a5_a27f_4b97_9355_46596e632153
	group.instance.id = null
	group.protocol = classic
	group.remote.assignor = null
	heartbeat.interval.ms = 3000
	interceptor.classes = []
	internal.leave.group.on.close = true
	internal.throw.on.fetch.stable.offset.unsupported = false
	isolation.level = read_uncommitted
	key.deserializer = class org.apache.kafka.common.serialization.StringDeserializer
	max.partition.fetch.bytes = 1048576
	max.poll.interval.ms = 300000
	max.poll.records = 500
	metadata.max.age.ms = 300000
	metadata.recovery.strategy = none
	metric.reporters = []
	metrics.num.samples = 2
	metrics.recording.level = INFO
	metrics.sample.window.ms = 30000
	partition.assignment.strategy = [class org.apache.kafka.clients.consumer.RangeAssignor, class org.apache.kafka.clients.consumer.CooperativeStickyAssignor]
	receive.buffer.bytes = 65536
	reconnect.backoff.max.ms = 1000
	reconnect.backoff.ms = 50
	request.timeout.ms = 5000
	retry.backoff.max.ms = 1000
	retry.backoff.ms = 100
	sasl.client.callback.handler.class = null
	sasl.jaas.config = null
	sasl.kerberos.kinit.cmd = /usr/bin/kinit
	sasl.kerberos.min.time.before.relogin = 60000
	sasl.kerberos.service.name = null
	sasl.kerberos.ticket.renew.jitter = 0.05
	sasl.kerberos.ticket.renew.window.factor = 0.8
	sasl.login.callback.handler.class = null
	sasl.login.class = null
	sasl.login.connect.timeout.ms = null
	sasl.login.read.timeout.ms = null
	sasl.login.refresh.buffer.seconds = 300
	sasl.login.refresh.min.period.seconds = 60
	sasl.login.refresh.window.factor = 0.8
	sasl.login.refresh.window.jitter = 0.05
	sasl.login.retry.backoff.max.ms = 10000
	sasl.login.retry.backoff.ms = 100
	sasl.mechanism = GSSAPI
	sasl.oauthbearer.clock.skew.seconds = 30
	sasl.oauthbearer.expected.audience = null
	sasl.oauthbearer.expected.issuer = null
	sasl.oauthbearer.header.urlencode = false
	sasl.oauthbearer.jwks.endpoint.refresh.ms = 3600000
	sasl.oauthbearer.jwks.endpoint.retry.backoff.max.ms = 10000
	sasl.oauthbearer.jwks.endpoint.retry.backoff.ms = 100
	sasl.oauthbearer.jwks.endpoint.url = null
	sasl.oauthbearer.scope.claim.name = scope
	sasl.oauthbearer.sub.claim.name = sub
	sasl.oauthbearer.token.endpoint.url = null
	security.protocol = PLAINTEXT
	security.providers = null
	send.buffer.bytes = 131072
	session.timeout.ms = 45000
	socket.connection.setup.timeout.max.ms = 30000
	socket.connection.setup.timeout.ms = 10000
	ssl.cipher.suites = null
	ssl.enabled.protocols = [TLSv1.2, TLSv1.3]
	ssl.endpoint.identification.algorithm = https
	ssl.engine.factory.class = null
	ssl.key.password = null
	ssl.keymanager.algorithm = SunX509
	ssl.keystore.certificate.chain = null
	ssl.keystore.key = null
	ssl.keystore.location = null
	ssl.keystore.password = null
	ssl.keystore.type = JKS
	ssl.protocol = TLSv1.3
	ssl.provider = null
	ssl.secure.random.implementation = null
	ssl.trustmanager.algorithm = PKIX
	ssl.truststore.certificates = null
	ssl.truststore.location = null
	ssl.truststore.password = null
	ssl.truststore.type = JKS
	value.deserializer = class io.apicurio.registry.serde.avro.AvroKafkaDeserializer

2025-07-31 15:29:54,178 INFO  [org.apa.kaf.com.tel.int.KafkaMetricsCollector] (main) initializing Kafka metrics collector
2025-07-31 15:29:54,186 INFO  [org.apa.kaf.cli.con.ConsumerConfig] (main) These configurations '[apicurio.registry.avro.encoding, apicurio.registry.url]' were supplied but are not used yet.
2025-07-31 15:29:54,187 INFO  [org.apa.kaf.com.uti.AppInfoParser] (main) Kafka version: 3.9.0
2025-07-31 15:29:54,187 INFO  [org.apa.kaf.com.uti.AppInfoParser] (main) Kafka commitId: 84caaa6e9da06435
2025-07-31 15:29:54,187 INFO  [org.apa.kaf.com.uti.AppInfoParser] (main) Kafka startTimeMs: 1753975794186
2025-07-31 15:29:54,187 INFO  [org.apa.kaf.cli.con.int.ClassicKafkaConsumer] (Thread-138) [Consumer clientId=consumer-Consumer-topic-ee6d64a5_a27f_4b97_9355_46596e632153-3, groupId=Consumer-topic-ee6d64a5_a27f_4b97_9355_46596e632153] Subscribed to topic(s): topic-ee6d64a5_a27f_4b97_9355_46596e632153
2025-07-31 15:29:54,199 INFO  [org.apa.kaf.cli.Metadata] (Thread-138) [Consumer clientId=consumer-Consumer-topic-ee6d64a5_a27f_4b97_9355_46596e632153-3, groupId=Consumer-topic-ee6d64a5_a27f_4b97_9355_46596e632153] Cluster ID: BgnDnmd_Rn-oXa8M1ygsew
2025-07-31 15:29:54,204 INFO  [org.apa.kaf.cli.con.int.ConsumerCoordinator] (Thread-138) [Consumer clientId=consumer-Consumer-topic-ee6d64a5_a27f_4b97_9355_46596e632153-3, groupId=Consumer-topic-ee6d64a5_a27f_4b97_9355_46596e632153] Discovered group coordinator localhost:32770 (id: 2147483647 rack: null)
2025-07-31 15:29:54,210 INFO  [org.apa.kaf.cli.con.int.ConsumerCoordinator] (Thread-138) [Consumer clientId=consumer-Consumer-topic-ee6d64a5_a27f_4b97_9355_46596e632153-3, groupId=Consumer-topic-ee6d64a5_a27f_4b97_9355_46596e632153] (Re-)joining group
2025-07-31 15:29:54,214 INFO  [org.apa.kaf.cli.con.int.ConsumerCoordinator] (Thread-138) [Consumer clientId=consumer-Consumer-topic-ee6d64a5_a27f_4b97_9355_46596e632153-3, groupId=Consumer-topic-ee6d64a5_a27f_4b97_9355_46596e632153] Request joining group due to: need to re-join with the given member-id: consumer-Consumer-topic-ee6d64a5_a27f_4b97_9355_46596e632153-3-4b79ca91-aac4-4502-b7c1-162f0efa8320
2025-07-31 15:29:54,214 INFO  [org.apa.kaf.cli.con.int.ConsumerCoordinator] (Thread-138) [Consumer clientId=consumer-Consumer-topic-ee6d64a5_a27f_4b97_9355_46596e632153-3, groupId=Consumer-topic-ee6d64a5_a27f_4b97_9355_46596e632153] (Re-)joining group
2025-07-31 15:29:54,220 INFO  [org.apa.kaf.cli.con.int.ConsumerCoordinator] (Thread-138) [Consumer clientId=consumer-Consumer-topic-ee6d64a5_a27f_4b97_9355_46596e632153-3, groupId=Consumer-topic-ee6d64a5_a27f_4b97_9355_46596e632153] Successfully joined group with generation Generation{generationId=1, memberId='consumer-Consumer-topic-ee6d64a5_a27f_4b97_9355_46596e632153-3-4b79ca91-aac4-4502-b7c1-162f0efa8320', protocol='range'}
2025-07-31 15:29:54,220 INFO  [org.apa.kaf.cli.con.int.ConsumerCoordinator] (Thread-138) [Consumer clientId=consumer-Consumer-topic-ee6d64a5_a27f_4b97_9355_46596e632153-3, groupId=Consumer-topic-ee6d64a5_a27f_4b97_9355_46596e632153] Finished assignment for group at generation 1: {consumer-Consumer-topic-ee6d64a5_a27f_4b97_9355_46596e632153-3-4b79ca91-aac4-4502-b7c1-162f0efa8320=Assignment(partitions=[topic-ee6d64a5_a27f_4b97_9355_46596e632153-0])}
2025-07-31 15:29:54,225 INFO  [org.apa.kaf.cli.con.int.ConsumerCoordinator] (Thread-138) [Consumer clientId=consumer-Consumer-topic-ee6d64a5_a27f_4b97_9355_46596e632153-3, groupId=Consumer-topic-ee6d64a5_a27f_4b97_9355_46596e632153] Successfully synced group in generation Generation{generationId=1, memberId='consumer-Consumer-topic-ee6d64a5_a27f_4b97_9355_46596e632153-3-4b79ca91-aac4-4502-b7c1-162f0efa8320', protocol='range'}
2025-07-31 15:29:54,225 INFO  [org.apa.kaf.cli.con.int.ConsumerCoordinator] (Thread-138) [Consumer clientId=consumer-Consumer-topic-ee6d64a5_a27f_4b97_9355_46596e632153-3, groupId=Consumer-topic-ee6d64a5_a27f_4b97_9355_46596e632153] Notifying assignor about the new Assignment(partitions=[topic-ee6d64a5_a27f_4b97_9355_46596e632153-0])
2025-07-31 15:29:54,225 INFO  [org.apa.kaf.cli.con.int.ConsumerRebalanceListenerInvoker] (Thread-138) [Consumer clientId=consumer-Consumer-topic-ee6d64a5_a27f_4b97_9355_46596e632153-3, groupId=Consumer-topic-ee6d64a5_a27f_4b97_9355_46596e632153] Adding newly assigned partitions: topic-ee6d64a5_a27f_4b97_9355_46596e632153-0
2025-07-31 15:29:54,231 INFO  [org.apa.kaf.cli.con.int.ConsumerCoordinator] (Thread-138) [Consumer clientId=consumer-Consumer-topic-ee6d64a5_a27f_4b97_9355_46596e632153-3, groupId=Consumer-topic-ee6d64a5_a27f_4b97_9355_46596e632153] Found no committed offset for partition topic-ee6d64a5_a27f_4b97_9355_46596e632153-0
2025-07-31 15:29:54,240 INFO  [org.apa.kaf.cli.con.int.SubscriptionState] (Thread-138) [Consumer clientId=consumer-Consumer-topic-ee6d64a5_a27f_4b97_9355_46596e632153-3, groupId=Consumer-topic-ee6d64a5_a27f_4b97_9355_46596e632153] Resetting offset for partition topic-ee6d64a5_a27f_4b97_9355_46596e632153-0 to position FetchPosition{offset=0, offsetEpoch=Optional.empty, currentLeader=LeaderAndEpoch{leader=Optional[localhost:32770 (id: 0 rack: null)], epoch=0}}.
2025-07-31 15:29:54,281 INFO  [io.api.tes.ser.api.KafkaSerdesTester] (Thread-138) topic-ee6d64a5_a27f_4b97_9355_46596e632153 0 0 {"bar": "value-0"}
2025-07-31 15:29:54,281 INFO  [io.api.tes.ser.api.KafkaSerdesTester] (Thread-138) topic-ee6d64a5_a27f_4b97_9355_46596e632153 0 1 {"bar": "value-1"}
2025-07-31 15:29:54,281 INFO  [io.api.tes.ser.api.KafkaSerdesTester] (Thread-138) topic-ee6d64a5_a27f_4b97_9355_46596e632153 0 2 {"bar": "value-2"}
2025-07-31 15:29:54,281 INFO  [io.api.tes.ser.api.KafkaSerdesTester] (Thread-138) topic-ee6d64a5_a27f_4b97_9355_46596e632153 0 3 {"bar": "value-3"}
2025-07-31 15:29:54,281 INFO  [io.api.tes.ser.api.KafkaSerdesTester] (Thread-138) topic-ee6d64a5_a27f_4b97_9355_46596e632153 0 4 {"bar": "value-4"}
2025-07-31 15:29:54,281 INFO  [io.api.tes.ser.api.KafkaSerdesTester] (Thread-138) topic-ee6d64a5_a27f_4b97_9355_46596e632153 0 5 {"bar": "value-5"}
2025-07-31 15:29:54,282 INFO  [io.api.tes.ser.api.KafkaSerdesTester] (Thread-138) topic-ee6d64a5_a27f_4b97_9355_46596e632153 0 6 {"bar": "value-6"}
2025-07-31 15:29:54,282 INFO  [io.api.tes.ser.api.KafkaSerdesTester] (Thread-138) topic-ee6d64a5_a27f_4b97_9355_46596e632153 0 7 {"bar": "value-7"}
2025-07-31 15:29:54,282 INFO  [io.api.tes.ser.api.KafkaSerdesTester] (Thread-138) topic-ee6d64a5_a27f_4b97_9355_46596e632153 0 8 {"bar": "value-8"}
2025-07-31 15:29:54,282 INFO  [io.api.tes.ser.api.KafkaSerdesTester] (Thread-138) topic-ee6d64a5_a27f_4b97_9355_46596e632153 0 9 {"bar": "value-9"}
2025-07-31 15:29:54,282 INFO  [io.api.tes.ser.api.KafkaSerdesTester] (Thread-138) Consumed 10 messages
2025-07-31 15:29:54,286 INFO  [org.apa.kaf.cli.con.int.ConsumerRebalanceListenerInvoker] (Thread-138) [Consumer clientId=consumer-Consumer-topic-ee6d64a5_a27f_4b97_9355_46596e632153-3, groupId=Consumer-topic-ee6d64a5_a27f_4b97_9355_46596e632153] Revoke previously assigned partitions topic-ee6d64a5_a27f_4b97_9355_46596e632153-0
2025-07-31 15:29:54,286 INFO  [org.apa.kaf.cli.con.int.ConsumerCoordinator] (Thread-138) [Consumer clientId=consumer-Consumer-topic-ee6d64a5_a27f_4b97_9355_46596e632153-3, groupId=Consumer-topic-ee6d64a5_a27f_4b97_9355_46596e632153] Member consumer-Consumer-topic-ee6d64a5_a27f_4b97_9355_46596e632153-3-4b79ca91-aac4-4502-b7c1-162f0efa8320 sending LeaveGroup request to coordinator localhost:32770 (id: 2147483647 rack: null) due to the consumer is being closed
2025-07-31 15:29:54,286 INFO  [org.apa.kaf.cli.con.int.ConsumerCoordinator] (Thread-138) [Consumer clientId=consumer-Consumer-topic-ee6d64a5_a27f_4b97_9355_46596e632153-3, groupId=Consumer-topic-ee6d64a5_a27f_4b97_9355_46596e632153] Resetting generation and member id due to: consumer pro-actively leaving the group
2025-07-31 15:29:54,286 INFO  [org.apa.kaf.cli.con.int.ConsumerCoordinator] (Thread-138) [Consumer clientId=consumer-Consumer-topic-ee6d64a5_a27f_4b97_9355_46596e632153-3, groupId=Consumer-topic-ee6d64a5_a27f_4b97_9355_46596e632153] Request joining group due to: consumer pro-actively leaving the group
2025-07-31 15:29:54,784 INFO  [org.apa.kaf.com.met.Metrics] (Thread-138) Metrics scheduler closed
2025-07-31 15:29:54,785 INFO  [org.apa.kaf.com.met.Metrics] (Thread-138) Closing reporter org.apache.kafka.common.metrics.JmxReporter
2025-07-31 15:29:54,785 INFO  [org.apa.kaf.com.met.Metrics] (Thread-138) Closing reporter org.apache.kafka.common.telemetry.internals.ClientTelemetryReporter
2025-07-31 15:29:54,785 INFO  [org.apa.kaf.com.met.Metrics] (Thread-138) Metrics reporters closed
2025-07-31 15:29:54,789 INFO  [org.apa.kaf.com.uti.AppInfoParser] (Thread-138) App info kafka.consumer for consumer-Consumer-topic-ee6d64a5_a27f_4b97_9355_46596e632153-3 unregistered
2025-07-31 15:29:54,790 INFO  [io.api.tes.uti.TestSeparator] (main) io.apicurio.tests.serdes.apicurio.AvroSerdeIT.testAvroJSON-FINISHED
2025-07-31 15:29:54,791 INFO  [io.api.tes.uti.TestSeparator] (main) ############################################################################
]]></system-out>
  </testcase>
  <testcase name="testTopicIdStrategyAutoRegister" classname="io.apicurio.tests.serdes.apicurio.AvroSerdeIT" time="0.917">
    <system-out><![CDATA[2025-07-31 15:29:54,792 INFO  [io.api.tes.uti.TestSeparator] (main) ############################################################################
2025-07-31 15:29:54,792 INFO  [io.api.tes.uti.TestSeparator] (main) io.apicurio.tests.serdes.apicurio.AvroSerdeIT.testTopicIdStrategyAutoRegister-STARTED
2025-07-31 15:29:54,798 INFO  [org.apa.kaf.cli.pro.ProducerConfig] (main) ProducerConfig values: 
	acks = -1
	auto.include.jmx.reporter = true
	batch.size = 16384
	bootstrap.servers = [PLAINTEXT://localhost:32770]
	buffer.memory = 33554432
	client.dns.lookup = use_all_dns_ips
	client.id = Producer-topic-8e821614_e386_42e7_a7c1_9f74a74dcfe5
	compression.gzip.level = -1
	compression.lz4.level = 9
	compression.type = none
	compression.zstd.level = 3
	connections.max.idle.ms = 10000
	delivery.timeout.ms = 120000
	enable.idempotence = true
	enable.metrics.push = true
	interceptor.classes = []
	key.serializer = class org.apache.kafka.common.serialization.StringSerializer
	linger.ms = 0
	max.block.ms = 60000
	max.in.flight.requests.per.connection = 5
	max.request.size = 1048576
	metadata.max.age.ms = 300000
	metadata.max.idle.ms = 300000
	metadata.recovery.strategy = none
	metric.reporters = []
	metrics.num.samples = 2
	metrics.recording.level = INFO
	metrics.sample.window.ms = 30000
	partitioner.adaptive.partitioning.enable = true
	partitioner.availability.timeout.ms = 0
	partitioner.class = null
	partitioner.ignore.keys = false
	receive.buffer.bytes = 32768
	reconnect.backoff.max.ms = 1000
	reconnect.backoff.ms = 50
	request.timeout.ms = 5000
	retries = 2147483647
	retry.backoff.max.ms = 1000
	retry.backoff.ms = 100
	sasl.client.callback.handler.class = null
	sasl.jaas.config = null
	sasl.kerberos.kinit.cmd = /usr/bin/kinit
	sasl.kerberos.min.time.before.relogin = 60000
	sasl.kerberos.service.name = null
	sasl.kerberos.ticket.renew.jitter = 0.05
	sasl.kerberos.ticket.renew.window.factor = 0.8
	sasl.login.callback.handler.class = null
	sasl.login.class = null
	sasl.login.connect.timeout.ms = null
	sasl.login.read.timeout.ms = null
	sasl.login.refresh.buffer.seconds = 300
	sasl.login.refresh.min.period.seconds = 60
	sasl.login.refresh.window.factor = 0.8
	sasl.login.refresh.window.jitter = 0.05
	sasl.login.retry.backoff.max.ms = 10000
	sasl.login.retry.backoff.ms = 100
	sasl.mechanism = GSSAPI
	sasl.oauthbearer.clock.skew.seconds = 30
	sasl.oauthbearer.expected.audience = null
	sasl.oauthbearer.expected.issuer = null
	sasl.oauthbearer.header.urlencode = false
	sasl.oauthbearer.jwks.endpoint.refresh.ms = 3600000
	sasl.oauthbearer.jwks.endpoint.retry.backoff.max.ms = 10000
	sasl.oauthbearer.jwks.endpoint.retry.backoff.ms = 100
	sasl.oauthbearer.jwks.endpoint.url = null
	sasl.oauthbearer.scope.claim.name = scope
	sasl.oauthbearer.sub.claim.name = sub
	sasl.oauthbearer.token.endpoint.url = null
	security.protocol = PLAINTEXT
	security.providers = null
	send.buffer.bytes = 131072
	socket.connection.setup.timeout.max.ms = 30000
	socket.connection.setup.timeout.ms = 10000
	ssl.cipher.suites = null
	ssl.enabled.protocols = [TLSv1.2, TLSv1.3]
	ssl.endpoint.identification.algorithm = https
	ssl.engine.factory.class = null
	ssl.key.password = null
	ssl.keymanager.algorithm = SunX509
	ssl.keystore.certificate.chain = null
	ssl.keystore.key = null
	ssl.keystore.location = null
	ssl.keystore.password = null
	ssl.keystore.type = JKS
	ssl.protocol = TLSv1.3
	ssl.provider = null
	ssl.secure.random.implementation = null
	ssl.trustmanager.algorithm = PKIX
	ssl.truststore.certificates = null
	ssl.truststore.location = null
	ssl.truststore.password = null
	ssl.truststore.type = JKS
	transaction.timeout.ms = 60000
	transactional.id = null
	value.serializer = class io.apicurio.registry.serde.avro.AvroKafkaSerializer

2025-07-31 15:29:54,798 INFO  [org.apa.kaf.com.tel.int.KafkaMetricsCollector] (main) initializing Kafka metrics collector
2025-07-31 15:29:54,811 INFO  [org.apa.kaf.cli.pro.KafkaProducer] (main) [Producer clientId=Producer-topic-8e821614_e386_42e7_a7c1_9f74a74dcfe5] Instantiated an idempotent producer.
2025-07-31 15:29:54,818 INFO  [org.apa.kaf.cli.pro.ProducerConfig] (main) These configurations '[apicurio.registry.url, apicurio.registry.auto-register, apicurio.registry.artifact-resolver-strategy]' were supplied but are not used yet.
2025-07-31 15:29:54,818 INFO  [org.apa.kaf.com.uti.AppInfoParser] (main) Kafka version: 3.9.0
2025-07-31 15:29:54,822 INFO  [org.apa.kaf.com.uti.AppInfoParser] (main) Kafka commitId: 84caaa6e9da06435
2025-07-31 15:29:54,822 INFO  [org.apa.kaf.com.uti.AppInfoParser] (main) Kafka startTimeMs: 1753975794818
2025-07-31 15:29:54,823 INFO  [io.api.tes.ser.api.SimpleSerdesTesterBuilder$SimpleSerdesTester] (main) Using producer configuration: {apicurio.registry.url=http://registry-app-postgresql.apps.ci419.apicurio-testing.org:80/apis/registry/v3, apicurio.registry.auto-register=true, apicurio.registry.artifact-resolver-strategy=io.apicurio.registry.serde.strategy.TopicIdStrategy, value.serializer=io.apicurio.registry.serde.avro.AvroKafkaSerializer, request.timeout.ms=5000, acks=all, bootstrap.servers=PLAINTEXT://localhost:32770, connections.max.idle.ms=10000, key.serializer=org.apache.kafka.common.serialization.StringSerializer, client.id=Producer-topic-8e821614_e386_42e7_a7c1_9f74a74dcfe5}
2025-07-31 15:29:54,825 INFO  [io.api.tes.ser.api.SimpleSerdesTesterBuilder$SimpleSerdesTester] (main) Using consumer configuration: {}
2025-07-31 15:29:54,828 INFO  [io.api.tes.ser.api.KafkaSerdesTester] (Thread-141) Sending message {"key11753975794796": "value-0"} to topic topic-8e821614_e386_42e7_a7c1_9f74a74dcfe5
2025-07-31 15:29:54,840 WARN  [org.apa.kaf.cli.NetworkClient] (kafka-producer-network-thread | Producer-topic-8e821614_e386_42e7_a7c1_9f74a74dcfe5) [Producer clientId=Producer-topic-8e821614_e386_42e7_a7c1_9f74a74dcfe5] The metadata response from the cluster reported a recoverable issue with correlation id 2 : {topic-8e821614_e386_42e7_a7c1_9f74a74dcfe5=LEADER_NOT_AVAILABLE}
2025-07-31 15:29:54,841 INFO  [org.apa.kaf.cli.Metadata] (kafka-producer-network-thread | Producer-topic-8e821614_e386_42e7_a7c1_9f74a74dcfe5) [Producer clientId=Producer-topic-8e821614_e386_42e7_a7c1_9f74a74dcfe5] Cluster ID: BgnDnmd_Rn-oXa8M1ygsew
2025-07-31 15:29:54,842 INFO  [org.apa.kaf.cli.pro.int.TransactionManager] (kafka-producer-network-thread | Producer-topic-8e821614_e386_42e7_a7c1_9f74a74dcfe5) [Producer clientId=Producer-topic-8e821614_e386_42e7_a7c1_9f74a74dcfe5] ProducerId set to 4 with epoch 0
2025-07-31 15:29:55,012 INFO  [io.api.tes.ser.api.KafkaSerdesTester] (Thread-141) Sending message {"key11753975794796": "value-1"} to topic topic-8e821614_e386_42e7_a7c1_9f74a74dcfe5
2025-07-31 15:29:55,015 INFO  [io.api.tes.ser.api.KafkaSerdesTester] (Thread-141) Sending message {"key11753975794796": "value-2"} to topic topic-8e821614_e386_42e7_a7c1_9f74a74dcfe5
2025-07-31 15:29:55,018 INFO  [io.api.tes.ser.api.KafkaSerdesTester] (Thread-141) Sending message {"key11753975794796": "value-3"} to topic topic-8e821614_e386_42e7_a7c1_9f74a74dcfe5
2025-07-31 15:29:55,021 INFO  [io.api.tes.ser.api.KafkaSerdesTester] (Thread-141) Sending message {"key11753975794796": "value-4"} to topic topic-8e821614_e386_42e7_a7c1_9f74a74dcfe5
2025-07-31 15:29:55,023 INFO  [io.api.tes.ser.api.KafkaSerdesTester] (Thread-141) Sending message {"key11753975794796": "value-5"} to topic topic-8e821614_e386_42e7_a7c1_9f74a74dcfe5
2025-07-31 15:29:55,026 INFO  [io.api.tes.ser.api.KafkaSerdesTester] (Thread-141) Sending message {"key11753975794796": "value-6"} to topic topic-8e821614_e386_42e7_a7c1_9f74a74dcfe5
2025-07-31 15:29:55,028 INFO  [io.api.tes.ser.api.KafkaSerdesTester] (Thread-141) Sending message {"key11753975794796": "value-7"} to topic topic-8e821614_e386_42e7_a7c1_9f74a74dcfe5
2025-07-31 15:29:55,031 INFO  [io.api.tes.ser.api.KafkaSerdesTester] (Thread-141) Sending message {"key11753975794796": "value-8"} to topic topic-8e821614_e386_42e7_a7c1_9f74a74dcfe5
2025-07-31 15:29:55,033 INFO  [io.api.tes.ser.api.KafkaSerdesTester] (Thread-141) Sending message {"key11753975794796": "value-9"} to topic topic-8e821614_e386_42e7_a7c1_9f74a74dcfe5
2025-07-31 15:29:55,035 INFO  [io.api.tes.ser.api.KafkaSerdesTester] (Thread-141) Produced 10 messages
2025-07-31 15:29:55,035 INFO  [org.apa.kaf.cli.pro.KafkaProducer] (Thread-141) [Producer clientId=Producer-topic-8e821614_e386_42e7_a7c1_9f74a74dcfe5] Closing the Kafka producer with timeoutMillis = 9223372036854775807 ms.
2025-07-31 15:29:55,042 INFO  [org.apa.kaf.com.met.Metrics] (Thread-141) Metrics scheduler closed
2025-07-31 15:29:55,042 INFO  [org.apa.kaf.com.met.Metrics] (Thread-141) Closing reporter org.apache.kafka.common.metrics.JmxReporter
2025-07-31 15:29:55,042 INFO  [org.apa.kaf.com.met.Metrics] (Thread-141) Closing reporter org.apache.kafka.common.telemetry.internals.ClientTelemetryReporter
2025-07-31 15:29:55,043 INFO  [org.apa.kaf.com.met.Metrics] (Thread-141) Metrics reporters closed
2025-07-31 15:29:55,043 INFO  [org.apa.kaf.com.uti.AppInfoParser] (Thread-141) App info kafka.producer for Producer-topic-8e821614_e386_42e7_a7c1_9f74a74dcfe5 unregistered
2025-07-31 15:29:55,073 INFO  [org.apa.kaf.cli.con.ConsumerConfig] (main) ConsumerConfig values: 
	allow.auto.create.topics = true
	auto.commit.interval.ms = 500
	auto.include.jmx.reporter = true
	auto.offset.reset = earliest
	bootstrap.servers = [PLAINTEXT://localhost:32770]
	check.crcs = true
	client.dns.lookup = use_all_dns_ips
	client.id = consumer-Consumer-topic-8e821614_e386_42e7_a7c1_9f74a74dcfe5-4
	client.rack = 
	connections.max.idle.ms = 10000
	default.api.timeout.ms = 60000
	enable.auto.commit = true
	enable.metrics.push = true
	exclude.internal.topics = true
	fetch.max.bytes = 52428800
	fetch.max.wait.ms = 500
	fetch.min.bytes = 1
	group.id = Consumer-topic-8e821614_e386_42e7_a7c1_9f74a74dcfe5
	group.instance.id = null
	group.protocol = classic
	group.remote.assignor = null
	heartbeat.interval.ms = 3000
	interceptor.classes = []
	internal.leave.group.on.close = true
	internal.throw.on.fetch.stable.offset.unsupported = false
	isolation.level = read_uncommitted
	key.deserializer = class org.apache.kafka.common.serialization.StringDeserializer
	max.partition.fetch.bytes = 1048576
	max.poll.interval.ms = 300000
	max.poll.records = 500
	metadata.max.age.ms = 300000
	metadata.recovery.strategy = none
	metric.reporters = []
	metrics.num.samples = 2
	metrics.recording.level = INFO
	metrics.sample.window.ms = 30000
	partition.assignment.strategy = [class org.apache.kafka.clients.consumer.RangeAssignor, class org.apache.kafka.clients.consumer.CooperativeStickyAssignor]
	receive.buffer.bytes = 65536
	reconnect.backoff.max.ms = 1000
	reconnect.backoff.ms = 50
	request.timeout.ms = 5000
	retry.backoff.max.ms = 1000
	retry.backoff.ms = 100
	sasl.client.callback.handler.class = null
	sasl.jaas.config = null
	sasl.kerberos.kinit.cmd = /usr/bin/kinit
	sasl.kerberos.min.time.before.relogin = 60000
	sasl.kerberos.service.name = null
	sasl.kerberos.ticket.renew.jitter = 0.05
	sasl.kerberos.ticket.renew.window.factor = 0.8
	sasl.login.callback.handler.class = null
	sasl.login.class = null
	sasl.login.connect.timeout.ms = null
	sasl.login.read.timeout.ms = null
	sasl.login.refresh.buffer.seconds = 300
	sasl.login.refresh.min.period.seconds = 60
	sasl.login.refresh.window.factor = 0.8
	sasl.login.refresh.window.jitter = 0.05
	sasl.login.retry.backoff.max.ms = 10000
	sasl.login.retry.backoff.ms = 100
	sasl.mechanism = GSSAPI
	sasl.oauthbearer.clock.skew.seconds = 30
	sasl.oauthbearer.expected.audience = null
	sasl.oauthbearer.expected.issuer = null
	sasl.oauthbearer.header.urlencode = false
	sasl.oauthbearer.jwks.endpoint.refresh.ms = 3600000
	sasl.oauthbearer.jwks.endpoint.retry.backoff.max.ms = 10000
	sasl.oauthbearer.jwks.endpoint.retry.backoff.ms = 100
	sasl.oauthbearer.jwks.endpoint.url = null
	sasl.oauthbearer.scope.claim.name = scope
	sasl.oauthbearer.sub.claim.name = sub
	sasl.oauthbearer.token.endpoint.url = null
	security.protocol = PLAINTEXT
	security.providers = null
	send.buffer.bytes = 131072
	session.timeout.ms = 45000
	socket.connection.setup.timeout.max.ms = 30000
	socket.connection.setup.timeout.ms = 10000
	ssl.cipher.suites = null
	ssl.enabled.protocols = [TLSv1.2, TLSv1.3]
	ssl.endpoint.identification.algorithm = https
	ssl.engine.factory.class = null
	ssl.key.password = null
	ssl.keymanager.algorithm = SunX509
	ssl.keystore.certificate.chain = null
	ssl.keystore.key = null
	ssl.keystore.location = null
	ssl.keystore.password = null
	ssl.keystore.type = JKS
	ssl.protocol = TLSv1.3
	ssl.provider = null
	ssl.secure.random.implementation = null
	ssl.trustmanager.algorithm = PKIX
	ssl.truststore.certificates = null
	ssl.truststore.location = null
	ssl.truststore.password = null
	ssl.truststore.type = JKS
	value.deserializer = class io.apicurio.registry.serde.avro.AvroKafkaDeserializer

2025-07-31 15:29:55,073 INFO  [org.apa.kaf.com.tel.int.KafkaMetricsCollector] (main) initializing Kafka metrics collector
2025-07-31 15:29:55,080 INFO  [org.apa.kaf.cli.con.ConsumerConfig] (main) These configurations '[apicurio.registry.url]' were supplied but are not used yet.
2025-07-31 15:29:55,080 INFO  [org.apa.kaf.com.uti.AppInfoParser] (main) Kafka version: 3.9.0
2025-07-31 15:29:55,081 INFO  [org.apa.kaf.com.uti.AppInfoParser] (main) Kafka commitId: 84caaa6e9da06435
2025-07-31 15:29:55,081 INFO  [org.apa.kaf.com.uti.AppInfoParser] (main) Kafka startTimeMs: 1753975795080
2025-07-31 15:29:55,081 INFO  [org.apa.kaf.cli.con.int.ClassicKafkaConsumer] (Thread-144) [Consumer clientId=consumer-Consumer-topic-8e821614_e386_42e7_a7c1_9f74a74dcfe5-4, groupId=Consumer-topic-8e821614_e386_42e7_a7c1_9f74a74dcfe5] Subscribed to topic(s): topic-8e821614_e386_42e7_a7c1_9f74a74dcfe5
2025-07-31 15:29:55,091 INFO  [org.apa.kaf.cli.Metadata] (Thread-144) [Consumer clientId=consumer-Consumer-topic-8e821614_e386_42e7_a7c1_9f74a74dcfe5-4, groupId=Consumer-topic-8e821614_e386_42e7_a7c1_9f74a74dcfe5] Cluster ID: BgnDnmd_Rn-oXa8M1ygsew
2025-07-31 15:29:55,094 INFO  [org.apa.kaf.cli.con.int.ConsumerCoordinator] (Thread-144) [Consumer clientId=consumer-Consumer-topic-8e821614_e386_42e7_a7c1_9f74a74dcfe5-4, groupId=Consumer-topic-8e821614_e386_42e7_a7c1_9f74a74dcfe5] Discovered group coordinator localhost:32770 (id: 2147483647 rack: null)
2025-07-31 15:29:55,097 INFO  [org.apa.kaf.cli.con.int.ConsumerCoordinator] (Thread-144) [Consumer clientId=consumer-Consumer-topic-8e821614_e386_42e7_a7c1_9f74a74dcfe5-4, groupId=Consumer-topic-8e821614_e386_42e7_a7c1_9f74a74dcfe5] (Re-)joining group
2025-07-31 15:29:55,102 INFO  [org.apa.kaf.cli.con.int.ConsumerCoordinator] (Thread-144) [Consumer clientId=consumer-Consumer-topic-8e821614_e386_42e7_a7c1_9f74a74dcfe5-4, groupId=Consumer-topic-8e821614_e386_42e7_a7c1_9f74a74dcfe5] Request joining group due to: need to re-join with the given member-id: consumer-Consumer-topic-8e821614_e386_42e7_a7c1_9f74a74dcfe5-4-a11557bb-09b5-4472-b9c1-3c03fdbf9817
2025-07-31 15:29:55,102 INFO  [org.apa.kaf.cli.con.int.ConsumerCoordinator] (Thread-144) [Consumer clientId=consumer-Consumer-topic-8e821614_e386_42e7_a7c1_9f74a74dcfe5-4, groupId=Consumer-topic-8e821614_e386_42e7_a7c1_9f74a74dcfe5] (Re-)joining group
2025-07-31 15:29:55,111 INFO  [org.apa.kaf.cli.con.int.ConsumerCoordinator] (Thread-144) [Consumer clientId=consumer-Consumer-topic-8e821614_e386_42e7_a7c1_9f74a74dcfe5-4, groupId=Consumer-topic-8e821614_e386_42e7_a7c1_9f74a74dcfe5] Successfully joined group with generation Generation{generationId=1, memberId='consumer-Consumer-topic-8e821614_e386_42e7_a7c1_9f74a74dcfe5-4-a11557bb-09b5-4472-b9c1-3c03fdbf9817', protocol='range'}
2025-07-31 15:29:55,111 INFO  [org.apa.kaf.cli.con.int.ConsumerCoordinator] (Thread-144) [Consumer clientId=consumer-Consumer-topic-8e821614_e386_42e7_a7c1_9f74a74dcfe5-4, groupId=Consumer-topic-8e821614_e386_42e7_a7c1_9f74a74dcfe5] Finished assignment for group at generation 1: {consumer-Consumer-topic-8e821614_e386_42e7_a7c1_9f74a74dcfe5-4-a11557bb-09b5-4472-b9c1-3c03fdbf9817=Assignment(partitions=[topic-8e821614_e386_42e7_a7c1_9f74a74dcfe5-0])}
2025-07-31 15:29:55,119 INFO  [org.apa.kaf.cli.con.int.ConsumerCoordinator] (Thread-144) [Consumer clientId=consumer-Consumer-topic-8e821614_e386_42e7_a7c1_9f74a74dcfe5-4, groupId=Consumer-topic-8e821614_e386_42e7_a7c1_9f74a74dcfe5] Successfully synced group in generation Generation{generationId=1, memberId='consumer-Consumer-topic-8e821614_e386_42e7_a7c1_9f74a74dcfe5-4-a11557bb-09b5-4472-b9c1-3c03fdbf9817', protocol='range'}
2025-07-31 15:29:55,120 INFO  [org.apa.kaf.cli.con.int.ConsumerCoordinator] (Thread-144) [Consumer clientId=consumer-Consumer-topic-8e821614_e386_42e7_a7c1_9f74a74dcfe5-4, groupId=Consumer-topic-8e821614_e386_42e7_a7c1_9f74a74dcfe5] Notifying assignor about the new Assignment(partitions=[topic-8e821614_e386_42e7_a7c1_9f74a74dcfe5-0])
2025-07-31 15:29:55,120 INFO  [org.apa.kaf.cli.con.int.ConsumerRebalanceListenerInvoker] (Thread-144) [Consumer clientId=consumer-Consumer-topic-8e821614_e386_42e7_a7c1_9f74a74dcfe5-4, groupId=Consumer-topic-8e821614_e386_42e7_a7c1_9f74a74dcfe5] Adding newly assigned partitions: topic-8e821614_e386_42e7_a7c1_9f74a74dcfe5-0
2025-07-31 15:29:55,124 INFO  [org.apa.kaf.cli.con.int.ConsumerCoordinator] (Thread-144) [Consumer clientId=consumer-Consumer-topic-8e821614_e386_42e7_a7c1_9f74a74dcfe5-4, groupId=Consumer-topic-8e821614_e386_42e7_a7c1_9f74a74dcfe5] Found no committed offset for partition topic-8e821614_e386_42e7_a7c1_9f74a74dcfe5-0
2025-07-31 15:29:55,128 INFO  [org.apa.kaf.cli.con.int.SubscriptionState] (Thread-144) [Consumer clientId=consumer-Consumer-topic-8e821614_e386_42e7_a7c1_9f74a74dcfe5-4, groupId=Consumer-topic-8e821614_e386_42e7_a7c1_9f74a74dcfe5] Resetting offset for partition topic-8e821614_e386_42e7_a7c1_9f74a74dcfe5-0 to position FetchPosition{offset=0, offsetEpoch=Optional.empty, currentLeader=LeaderAndEpoch{leader=Optional[localhost:32770 (id: 0 rack: null)], epoch=0}}.
2025-07-31 15:29:55,170 INFO  [io.api.tes.ser.api.KafkaSerdesTester] (Thread-144) topic-8e821614_e386_42e7_a7c1_9f74a74dcfe5 0 0 {"key11753975794796": "value-0"}
2025-07-31 15:29:55,170 INFO  [io.api.tes.ser.api.KafkaSerdesTester] (Thread-144) topic-8e821614_e386_42e7_a7c1_9f74a74dcfe5 0 1 {"key11753975794796": "value-1"}
2025-07-31 15:29:55,170 INFO  [io.api.tes.ser.api.KafkaSerdesTester] (Thread-144) topic-8e821614_e386_42e7_a7c1_9f74a74dcfe5 0 2 {"key11753975794796": "value-2"}
2025-07-31 15:29:55,170 INFO  [io.api.tes.ser.api.KafkaSerdesTester] (Thread-144) topic-8e821614_e386_42e7_a7c1_9f74a74dcfe5 0 3 {"key11753975794796": "value-3"}
2025-07-31 15:29:55,170 INFO  [io.api.tes.ser.api.KafkaSerdesTester] (Thread-144) topic-8e821614_e386_42e7_a7c1_9f74a74dcfe5 0 4 {"key11753975794796": "value-4"}
2025-07-31 15:29:55,171 INFO  [io.api.tes.ser.api.KafkaSerdesTester] (Thread-144) topic-8e821614_e386_42e7_a7c1_9f74a74dcfe5 0 5 {"key11753975794796": "value-5"}
2025-07-31 15:29:55,171 INFO  [io.api.tes.ser.api.KafkaSerdesTester] (Thread-144) topic-8e821614_e386_42e7_a7c1_9f74a74dcfe5 0 6 {"key11753975794796": "value-6"}
2025-07-31 15:29:55,171 INFO  [io.api.tes.ser.api.KafkaSerdesTester] (Thread-144) topic-8e821614_e386_42e7_a7c1_9f74a74dcfe5 0 7 {"key11753975794796": "value-7"}
2025-07-31 15:29:55,171 INFO  [io.api.tes.ser.api.KafkaSerdesTester] (Thread-144) topic-8e821614_e386_42e7_a7c1_9f74a74dcfe5 0 8 {"key11753975794796": "value-8"}
2025-07-31 15:29:55,172 INFO  [io.api.tes.ser.api.KafkaSerdesTester] (Thread-144) topic-8e821614_e386_42e7_a7c1_9f74a74dcfe5 0 9 {"key11753975794796": "value-9"}
2025-07-31 15:29:55,172 INFO  [io.api.tes.ser.api.KafkaSerdesTester] (Thread-144) Consumed 10 messages
2025-07-31 15:29:55,175 INFO  [org.apa.kaf.cli.con.int.ConsumerRebalanceListenerInvoker] (Thread-144) [Consumer clientId=consumer-Consumer-topic-8e821614_e386_42e7_a7c1_9f74a74dcfe5-4, groupId=Consumer-topic-8e821614_e386_42e7_a7c1_9f74a74dcfe5] Revoke previously assigned partitions topic-8e821614_e386_42e7_a7c1_9f74a74dcfe5-0
2025-07-31 15:29:55,175 INFO  [org.apa.kaf.cli.con.int.ConsumerCoordinator] (Thread-144) [Consumer clientId=consumer-Consumer-topic-8e821614_e386_42e7_a7c1_9f74a74dcfe5-4, groupId=Consumer-topic-8e821614_e386_42e7_a7c1_9f74a74dcfe5] Member consumer-Consumer-topic-8e821614_e386_42e7_a7c1_9f74a74dcfe5-4-a11557bb-09b5-4472-b9c1-3c03fdbf9817 sending LeaveGroup request to coordinator localhost:32770 (id: 2147483647 rack: null) due to the consumer is being closed
2025-07-31 15:29:55,175 INFO  [org.apa.kaf.cli.con.int.ConsumerCoordinator] (Thread-144) [Consumer clientId=consumer-Consumer-topic-8e821614_e386_42e7_a7c1_9f74a74dcfe5-4, groupId=Consumer-topic-8e821614_e386_42e7_a7c1_9f74a74dcfe5] Resetting generation and member id due to: consumer pro-actively leaving the group
2025-07-31 15:29:55,175 INFO  [org.apa.kaf.cli.con.int.ConsumerCoordinator] (Thread-144) [Consumer clientId=consumer-Consumer-topic-8e821614_e386_42e7_a7c1_9f74a74dcfe5-4, groupId=Consumer-topic-8e821614_e386_42e7_a7c1_9f74a74dcfe5] Request joining group due to: consumer pro-actively leaving the group
2025-07-31 15:29:55,675 INFO  [org.apa.kaf.com.met.Metrics] (Thread-144) Metrics scheduler closed
2025-07-31 15:29:55,675 INFO  [org.apa.kaf.com.met.Metrics] (Thread-144) Closing reporter org.apache.kafka.common.metrics.JmxReporter
2025-07-31 15:29:55,675 INFO  [org.apa.kaf.com.met.Metrics] (Thread-144) Closing reporter org.apache.kafka.common.telemetry.internals.ClientTelemetryReporter
2025-07-31 15:29:55,676 INFO  [org.apa.kaf.com.met.Metrics] (Thread-144) Metrics reporters closed
2025-07-31 15:29:55,679 INFO  [org.apa.kaf.com.uti.AppInfoParser] (Thread-144) App info kafka.consumer for consumer-Consumer-topic-8e821614_e386_42e7_a7c1_9f74a74dcfe5-4 unregistered
2025-07-31 15:29:55,708 INFO  [io.api.tes.uti.TestSeparator] (main) io.apicurio.tests.serdes.apicurio.AvroSerdeIT.testTopicIdStrategyAutoRegister-FINISHED
2025-07-31 15:29:55,708 INFO  [io.api.tes.uti.TestSeparator] (main) ############################################################################
]]></system-out>
  </testcase>
  <testcase name="testRecordIdStrategydFindLatest" classname="io.apicurio.tests.serdes.apicurio.AvroSerdeIT" time="1.763">
    <system-out><![CDATA[2025-07-31 15:29:55,710 INFO  [io.api.tes.uti.TestSeparator] (main) ############################################################################
2025-07-31 15:29:55,710 INFO  [io.api.tes.uti.TestSeparator] (main) io.apicurio.tests.serdes.apicurio.AvroSerdeIT.testRecordIdStrategydFindLatest-STARTED
2025-07-31 15:29:55,711 INFO  [io.api.tes.ser.api.AvroSerdeIT] (main) Registering Avro Schema: {"type":"record","name":"scf99df9dxae1fx43abx8feax9ddece38a259","namespace":"s62e1a083x56d3x4e59xb071xa25b68e0b321","fields":[{"name":"key11753975795710","type":"string"}]}
2025-07-31 15:29:56,768 INFO  [org.apa.kaf.cli.pro.ProducerConfig] (main) ProducerConfig values: 
	acks = -1
	auto.include.jmx.reporter = true
	batch.size = 16384
	bootstrap.servers = [PLAINTEXT://localhost:32770]
	buffer.memory = 33554432
	client.dns.lookup = use_all_dns_ips
	client.id = Producer-topic-9e69ba55_86c7_4c43_b7f1_c882085dc8f9
	compression.gzip.level = -1
	compression.lz4.level = 9
	compression.type = none
	compression.zstd.level = 3
	connections.max.idle.ms = 10000
	delivery.timeout.ms = 120000
	enable.idempotence = true
	enable.metrics.push = true
	interceptor.classes = []
	key.serializer = class org.apache.kafka.common.serialization.StringSerializer
	linger.ms = 0
	max.block.ms = 60000
	max.in.flight.requests.per.connection = 5
	max.request.size = 1048576
	metadata.max.age.ms = 300000
	metadata.max.idle.ms = 300000
	metadata.recovery.strategy = none
	metric.reporters = []
	metrics.num.samples = 2
	metrics.recording.level = INFO
	metrics.sample.window.ms = 30000
	partitioner.adaptive.partitioning.enable = true
	partitioner.availability.timeout.ms = 0
	partitioner.class = null
	partitioner.ignore.keys = false
	receive.buffer.bytes = 32768
	reconnect.backoff.max.ms = 1000
	reconnect.backoff.ms = 50
	request.timeout.ms = 5000
	retries = 2147483647
	retry.backoff.max.ms = 1000
	retry.backoff.ms = 100
	sasl.client.callback.handler.class = null
	sasl.jaas.config = null
	sasl.kerberos.kinit.cmd = /usr/bin/kinit
	sasl.kerberos.min.time.before.relogin = 60000
	sasl.kerberos.service.name = null
	sasl.kerberos.ticket.renew.jitter = 0.05
	sasl.kerberos.ticket.renew.window.factor = 0.8
	sasl.login.callback.handler.class = null
	sasl.login.class = null
	sasl.login.connect.timeout.ms = null
	sasl.login.read.timeout.ms = null
	sasl.login.refresh.buffer.seconds = 300
	sasl.login.refresh.min.period.seconds = 60
	sasl.login.refresh.window.factor = 0.8
	sasl.login.refresh.window.jitter = 0.05
	sasl.login.retry.backoff.max.ms = 10000
	sasl.login.retry.backoff.ms = 100
	sasl.mechanism = GSSAPI
	sasl.oauthbearer.clock.skew.seconds = 30
	sasl.oauthbearer.expected.audience = null
	sasl.oauthbearer.expected.issuer = null
	sasl.oauthbearer.header.urlencode = false
	sasl.oauthbearer.jwks.endpoint.refresh.ms = 3600000
	sasl.oauthbearer.jwks.endpoint.retry.backoff.max.ms = 10000
	sasl.oauthbearer.jwks.endpoint.retry.backoff.ms = 100
	sasl.oauthbearer.jwks.endpoint.url = null
	sasl.oauthbearer.scope.claim.name = scope
	sasl.oauthbearer.sub.claim.name = sub
	sasl.oauthbearer.token.endpoint.url = null
	security.protocol = PLAINTEXT
	security.providers = null
	send.buffer.bytes = 131072
	socket.connection.setup.timeout.max.ms = 30000
	socket.connection.setup.timeout.ms = 10000
	ssl.cipher.suites = null
	ssl.enabled.protocols = [TLSv1.2, TLSv1.3]
	ssl.endpoint.identification.algorithm = https
	ssl.engine.factory.class = null
	ssl.key.password = null
	ssl.keymanager.algorithm = SunX509
	ssl.keystore.certificate.chain = null
	ssl.keystore.key = null
	ssl.keystore.location = null
	ssl.keystore.password = null
	ssl.keystore.type = JKS
	ssl.protocol = TLSv1.3
	ssl.provider = null
	ssl.secure.random.implementation = null
	ssl.trustmanager.algorithm = PKIX
	ssl.truststore.certificates = null
	ssl.truststore.location = null
	ssl.truststore.password = null
	ssl.truststore.type = JKS
	transaction.timeout.ms = 60000
	transactional.id = null
	value.serializer = class io.apicurio.registry.serde.avro.AvroKafkaSerializer

2025-07-31 15:29:56,768 INFO  [org.apa.kaf.com.tel.int.KafkaMetricsCollector] (main) initializing Kafka metrics collector
2025-07-31 15:29:56,771 INFO  [org.apa.kaf.cli.pro.KafkaProducer] (main) [Producer clientId=Producer-topic-9e69ba55_86c7_4c43_b7f1_c882085dc8f9] Instantiated an idempotent producer.
2025-07-31 15:29:56,775 INFO  [org.apa.kaf.cli.pro.ProducerConfig] (main) These configurations '[apicurio.registry.find-latest, apicurio.registry.url, apicurio.registry.artifact-resolver-strategy]' were supplied but are not used yet.
2025-07-31 15:29:56,775 INFO  [org.apa.kaf.com.uti.AppInfoParser] (main) Kafka version: 3.9.0
2025-07-31 15:29:56,775 INFO  [org.apa.kaf.com.uti.AppInfoParser] (main) Kafka commitId: 84caaa6e9da06435
2025-07-31 15:29:56,775 INFO  [org.apa.kaf.com.uti.AppInfoParser] (main) Kafka startTimeMs: 1753975796775
2025-07-31 15:29:56,775 INFO  [io.api.tes.ser.api.SimpleSerdesTesterBuilder$SimpleSerdesTester] (main) Using producer configuration: {apicurio.registry.find-latest=true, apicurio.registry.url=http://registry-app-postgresql.apps.ci419.apicurio-testing.org:80/apis/registry/v3, apicurio.registry.artifact-resolver-strategy=io.apicurio.registry.serde.avro.strategy.RecordIdStrategy, value.serializer=io.apicurio.registry.serde.avro.AvroKafkaSerializer, request.timeout.ms=5000, acks=all, bootstrap.servers=PLAINTEXT://localhost:32770, connections.max.idle.ms=10000, key.serializer=org.apache.kafka.common.serialization.StringSerializer, client.id=Producer-topic-9e69ba55_86c7_4c43_b7f1_c882085dc8f9}
2025-07-31 15:29:56,775 INFO  [io.api.tes.ser.api.SimpleSerdesTesterBuilder$SimpleSerdesTester] (main) Using consumer configuration: {}
2025-07-31 15:29:56,776 INFO  [io.api.tes.ser.api.KafkaSerdesTester] (Thread-147) Sending message {"key11753975795710": "value-0"} to topic topic-9e69ba55_86c7_4c43_b7f1_c882085dc8f9
2025-07-31 15:29:56,780 INFO  [org.apa.kaf.cli.Metadata] (kafka-producer-network-thread | Producer-topic-9e69ba55_86c7_4c43_b7f1_c882085dc8f9) [Producer clientId=Producer-topic-9e69ba55_86c7_4c43_b7f1_c882085dc8f9] Cluster ID: BgnDnmd_Rn-oXa8M1ygsew
2025-07-31 15:29:56,781 INFO  [org.apa.kaf.cli.pro.int.TransactionManager] (kafka-producer-network-thread | Producer-topic-9e69ba55_86c7_4c43_b7f1_c882085dc8f9) [Producer clientId=Producer-topic-9e69ba55_86c7_4c43_b7f1_c882085dc8f9] ProducerId set to 5 with epoch 0
2025-07-31 15:29:56,833 INFO  [io.api.tes.ser.api.KafkaSerdesTester] (Thread-147) Sending message {"key11753975795710": "value-1"} to topic topic-9e69ba55_86c7_4c43_b7f1_c882085dc8f9
2025-07-31 15:29:56,835 INFO  [io.api.tes.ser.api.KafkaSerdesTester] (Thread-147) Sending message {"key11753975795710": "value-2"} to topic topic-9e69ba55_86c7_4c43_b7f1_c882085dc8f9
2025-07-31 15:29:56,837 INFO  [io.api.tes.ser.api.KafkaSerdesTester] (Thread-147) Sending message {"key11753975795710": "value-3"} to topic topic-9e69ba55_86c7_4c43_b7f1_c882085dc8f9
2025-07-31 15:29:56,840 INFO  [io.api.tes.ser.api.KafkaSerdesTester] (Thread-147) Sending message {"key11753975795710": "value-4"} to topic topic-9e69ba55_86c7_4c43_b7f1_c882085dc8f9
2025-07-31 15:29:56,842 INFO  [io.api.tes.ser.api.KafkaSerdesTester] (Thread-147) Sending message {"key11753975795710": "value-5"} to topic topic-9e69ba55_86c7_4c43_b7f1_c882085dc8f9
2025-07-31 15:29:56,844 INFO  [io.api.tes.ser.api.KafkaSerdesTester] (Thread-147) Sending message {"key11753975795710": "value-6"} to topic topic-9e69ba55_86c7_4c43_b7f1_c882085dc8f9
2025-07-31 15:29:56,849 INFO  [io.api.tes.ser.api.KafkaSerdesTester] (Thread-147) Sending message {"key11753975795710": "value-7"} to topic topic-9e69ba55_86c7_4c43_b7f1_c882085dc8f9
2025-07-31 15:29:56,853 INFO  [io.api.tes.ser.api.KafkaSerdesTester] (Thread-147) Sending message {"key11753975795710": "value-8"} to topic topic-9e69ba55_86c7_4c43_b7f1_c882085dc8f9
2025-07-31 15:29:56,857 INFO  [io.api.tes.ser.api.KafkaSerdesTester] (Thread-147) Sending message {"key11753975795710": "value-9"} to topic topic-9e69ba55_86c7_4c43_b7f1_c882085dc8f9
2025-07-31 15:29:56,860 INFO  [io.api.tes.ser.api.KafkaSerdesTester] (Thread-147) Produced 10 messages
2025-07-31 15:29:56,861 INFO  [org.apa.kaf.cli.pro.KafkaProducer] (Thread-147) [Producer clientId=Producer-topic-9e69ba55_86c7_4c43_b7f1_c882085dc8f9] Closing the Kafka producer with timeoutMillis = 9223372036854775807 ms.
2025-07-31 15:29:56,863 INFO  [org.apa.kaf.com.met.Metrics] (Thread-147) Metrics scheduler closed
2025-07-31 15:29:56,863 INFO  [org.apa.kaf.com.met.Metrics] (Thread-147) Closing reporter org.apache.kafka.common.metrics.JmxReporter
2025-07-31 15:29:56,863 INFO  [org.apa.kaf.com.met.Metrics] (Thread-147) Closing reporter org.apache.kafka.common.telemetry.internals.ClientTelemetryReporter
2025-07-31 15:29:56,863 INFO  [org.apa.kaf.com.met.Metrics] (Thread-147) Metrics reporters closed
2025-07-31 15:29:56,864 INFO  [org.apa.kaf.com.uti.AppInfoParser] (Thread-147) App info kafka.producer for Producer-topic-9e69ba55_86c7_4c43_b7f1_c882085dc8f9 unregistered
2025-07-31 15:29:56,866 INFO  [org.apa.kaf.cli.con.ConsumerConfig] (main) ConsumerConfig values: 
	allow.auto.create.topics = true
	auto.commit.interval.ms = 500
	auto.include.jmx.reporter = true
	auto.offset.reset = earliest
	bootstrap.servers = [PLAINTEXT://localhost:32770]
	check.crcs = true
	client.dns.lookup = use_all_dns_ips
	client.id = consumer-Consumer-topic-9e69ba55_86c7_4c43_b7f1_c882085dc8f9-5
	client.rack = 
	connections.max.idle.ms = 10000
	default.api.timeout.ms = 60000
	enable.auto.commit = true
	enable.metrics.push = true
	exclude.internal.topics = true
	fetch.max.bytes = 52428800
	fetch.max.wait.ms = 500
	fetch.min.bytes = 1
	group.id = Consumer-topic-9e69ba55_86c7_4c43_b7f1_c882085dc8f9
	group.instance.id = null
	group.protocol = classic
	group.remote.assignor = null
	heartbeat.interval.ms = 3000
	interceptor.classes = []
	internal.leave.group.on.close = true
	internal.throw.on.fetch.stable.offset.unsupported = false
	isolation.level = read_uncommitted
	key.deserializer = class org.apache.kafka.common.serialization.StringDeserializer
	max.partition.fetch.bytes = 1048576
	max.poll.interval.ms = 300000
	max.poll.records = 500
	metadata.max.age.ms = 300000
	metadata.recovery.strategy = none
	metric.reporters = []
	metrics.num.samples = 2
	metrics.recording.level = INFO
	metrics.sample.window.ms = 30000
	partition.assignment.strategy = [class org.apache.kafka.clients.consumer.RangeAssignor, class org.apache.kafka.clients.consumer.CooperativeStickyAssignor]
	receive.buffer.bytes = 65536
	reconnect.backoff.max.ms = 1000
	reconnect.backoff.ms = 50
	request.timeout.ms = 5000
	retry.backoff.max.ms = 1000
	retry.backoff.ms = 100
	sasl.client.callback.handler.class = null
	sasl.jaas.config = null
	sasl.kerberos.kinit.cmd = /usr/bin/kinit
	sasl.kerberos.min.time.before.relogin = 60000
	sasl.kerberos.service.name = null
	sasl.kerberos.ticket.renew.jitter = 0.05
	sasl.kerberos.ticket.renew.window.factor = 0.8
	sasl.login.callback.handler.class = null
	sasl.login.class = null
	sasl.login.connect.timeout.ms = null
	sasl.login.read.timeout.ms = null
	sasl.login.refresh.buffer.seconds = 300
	sasl.login.refresh.min.period.seconds = 60
	sasl.login.refresh.window.factor = 0.8
	sasl.login.refresh.window.jitter = 0.05
	sasl.login.retry.backoff.max.ms = 10000
	sasl.login.retry.backoff.ms = 100
	sasl.mechanism = GSSAPI
	sasl.oauthbearer.clock.skew.seconds = 30
	sasl.oauthbearer.expected.audience = null
	sasl.oauthbearer.expected.issuer = null
	sasl.oauthbearer.header.urlencode = false
	sasl.oauthbearer.jwks.endpoint.refresh.ms = 3600000
	sasl.oauthbearer.jwks.endpoint.retry.backoff.max.ms = 10000
	sasl.oauthbearer.jwks.endpoint.retry.backoff.ms = 100
	sasl.oauthbearer.jwks.endpoint.url = null
	sasl.oauthbearer.scope.claim.name = scope
	sasl.oauthbearer.sub.claim.name = sub
	sasl.oauthbearer.token.endpoint.url = null
	security.protocol = PLAINTEXT
	security.providers = null
	send.buffer.bytes = 131072
	session.timeout.ms = 45000
	socket.connection.setup.timeout.max.ms = 30000
	socket.connection.setup.timeout.ms = 10000
	ssl.cipher.suites = null
	ssl.enabled.protocols = [TLSv1.2, TLSv1.3]
	ssl.endpoint.identification.algorithm = https
	ssl.engine.factory.class = null
	ssl.key.password = null
	ssl.keymanager.algorithm = SunX509
	ssl.keystore.certificate.chain = null
	ssl.keystore.key = null
	ssl.keystore.location = null
	ssl.keystore.password = null
	ssl.keystore.type = JKS
	ssl.protocol = TLSv1.3
	ssl.provider = null
	ssl.secure.random.implementation = null
	ssl.trustmanager.algorithm = PKIX
	ssl.truststore.certificates = null
	ssl.truststore.location = null
	ssl.truststore.password = null
	ssl.truststore.type = JKS
	value.deserializer = class io.apicurio.registry.serde.avro.AvroKafkaDeserializer

2025-07-31 15:29:56,867 INFO  [org.apa.kaf.com.tel.int.KafkaMetricsCollector] (main) initializing Kafka metrics collector
2025-07-31 15:29:56,881 INFO  [org.apa.kaf.cli.con.ConsumerConfig] (main) These configurations '[apicurio.registry.url]' were supplied but are not used yet.
2025-07-31 15:29:56,881 INFO  [org.apa.kaf.com.uti.AppInfoParser] (main) Kafka version: 3.9.0
2025-07-31 15:29:56,881 INFO  [org.apa.kaf.com.uti.AppInfoParser] (main) Kafka commitId: 84caaa6e9da06435
2025-07-31 15:29:56,881 INFO  [org.apa.kaf.com.uti.AppInfoParser] (main) Kafka startTimeMs: 1753975796881
2025-07-31 15:29:56,883 INFO  [org.apa.kaf.cli.con.int.ClassicKafkaConsumer] (Thread-150) [Consumer clientId=consumer-Consumer-topic-9e69ba55_86c7_4c43_b7f1_c882085dc8f9-5, groupId=Consumer-topic-9e69ba55_86c7_4c43_b7f1_c882085dc8f9] Subscribed to topic(s): topic-9e69ba55_86c7_4c43_b7f1_c882085dc8f9
2025-07-31 15:29:56,893 INFO  [org.apa.kaf.cli.Metadata] (Thread-150) [Consumer clientId=consumer-Consumer-topic-9e69ba55_86c7_4c43_b7f1_c882085dc8f9-5, groupId=Consumer-topic-9e69ba55_86c7_4c43_b7f1_c882085dc8f9] Cluster ID: BgnDnmd_Rn-oXa8M1ygsew
2025-07-31 15:29:56,893 INFO  [org.apa.kaf.cli.con.int.ConsumerCoordinator] (Thread-150) [Consumer clientId=consumer-Consumer-topic-9e69ba55_86c7_4c43_b7f1_c882085dc8f9-5, groupId=Consumer-topic-9e69ba55_86c7_4c43_b7f1_c882085dc8f9] Discovered group coordinator localhost:32770 (id: 2147483647 rack: null)
2025-07-31 15:29:56,897 INFO  [org.apa.kaf.cli.con.int.ConsumerCoordinator] (Thread-150) [Consumer clientId=consumer-Consumer-topic-9e69ba55_86c7_4c43_b7f1_c882085dc8f9-5, groupId=Consumer-topic-9e69ba55_86c7_4c43_b7f1_c882085dc8f9] (Re-)joining group
2025-07-31 15:29:56,906 INFO  [org.apa.kaf.cli.con.int.ConsumerCoordinator] (Thread-150) [Consumer clientId=consumer-Consumer-topic-9e69ba55_86c7_4c43_b7f1_c882085dc8f9-5, groupId=Consumer-topic-9e69ba55_86c7_4c43_b7f1_c882085dc8f9] Request joining group due to: need to re-join with the given member-id: consumer-Consumer-topic-9e69ba55_86c7_4c43_b7f1_c882085dc8f9-5-de0f87d9-55e6-4890-97f4-df111247b998
2025-07-31 15:29:56,907 INFO  [org.apa.kaf.cli.con.int.ConsumerCoordinator] (Thread-150) [Consumer clientId=consumer-Consumer-topic-9e69ba55_86c7_4c43_b7f1_c882085dc8f9-5, groupId=Consumer-topic-9e69ba55_86c7_4c43_b7f1_c882085dc8f9] (Re-)joining group
2025-07-31 15:29:56,911 INFO  [org.apa.kaf.cli.con.int.ConsumerCoordinator] (Thread-150) [Consumer clientId=consumer-Consumer-topic-9e69ba55_86c7_4c43_b7f1_c882085dc8f9-5, groupId=Consumer-topic-9e69ba55_86c7_4c43_b7f1_c882085dc8f9] Successfully joined group with generation Generation{generationId=1, memberId='consumer-Consumer-topic-9e69ba55_86c7_4c43_b7f1_c882085dc8f9-5-de0f87d9-55e6-4890-97f4-df111247b998', protocol='range'}
2025-07-31 15:29:56,912 INFO  [org.apa.kaf.cli.con.int.ConsumerCoordinator] (Thread-150) [Consumer clientId=consumer-Consumer-topic-9e69ba55_86c7_4c43_b7f1_c882085dc8f9-5, groupId=Consumer-topic-9e69ba55_86c7_4c43_b7f1_c882085dc8f9] Finished assignment for group at generation 1: {consumer-Consumer-topic-9e69ba55_86c7_4c43_b7f1_c882085dc8f9-5-de0f87d9-55e6-4890-97f4-df111247b998=Assignment(partitions=[topic-9e69ba55_86c7_4c43_b7f1_c882085dc8f9-0])}
2025-07-31 15:29:56,921 INFO  [org.apa.kaf.cli.con.int.ConsumerCoordinator] (kafka-coordinator-heartbeat-thread | Consumer-topic-9e69ba55_86c7_4c43_b7f1_c882085dc8f9) [Consumer clientId=consumer-Consumer-topic-9e69ba55_86c7_4c43_b7f1_c882085dc8f9-5, groupId=Consumer-topic-9e69ba55_86c7_4c43_b7f1_c882085dc8f9] Successfully synced group in generation Generation{generationId=1, memberId='consumer-Consumer-topic-9e69ba55_86c7_4c43_b7f1_c882085dc8f9-5-de0f87d9-55e6-4890-97f4-df111247b998', protocol='range'}
2025-07-31 15:29:56,922 INFO  [org.apa.kaf.cli.con.int.ConsumerCoordinator] (Thread-150) [Consumer clientId=consumer-Consumer-topic-9e69ba55_86c7_4c43_b7f1_c882085dc8f9-5, groupId=Consumer-topic-9e69ba55_86c7_4c43_b7f1_c882085dc8f9] Notifying assignor about the new Assignment(partitions=[topic-9e69ba55_86c7_4c43_b7f1_c882085dc8f9-0])
2025-07-31 15:29:56,922 INFO  [org.apa.kaf.cli.con.int.ConsumerRebalanceListenerInvoker] (Thread-150) [Consumer clientId=consumer-Consumer-topic-9e69ba55_86c7_4c43_b7f1_c882085dc8f9-5, groupId=Consumer-topic-9e69ba55_86c7_4c43_b7f1_c882085dc8f9] Adding newly assigned partitions: topic-9e69ba55_86c7_4c43_b7f1_c882085dc8f9-0
2025-07-31 15:29:56,923 INFO  [org.apa.kaf.cli.con.int.ConsumerCoordinator] (Thread-150) [Consumer clientId=consumer-Consumer-topic-9e69ba55_86c7_4c43_b7f1_c882085dc8f9-5, groupId=Consumer-topic-9e69ba55_86c7_4c43_b7f1_c882085dc8f9] Found no committed offset for partition topic-9e69ba55_86c7_4c43_b7f1_c882085dc8f9-0
2025-07-31 15:29:56,928 INFO  [org.apa.kaf.cli.con.int.SubscriptionState] (Thread-150) [Consumer clientId=consumer-Consumer-topic-9e69ba55_86c7_4c43_b7f1_c882085dc8f9-5, groupId=Consumer-topic-9e69ba55_86c7_4c43_b7f1_c882085dc8f9] Resetting offset for partition topic-9e69ba55_86c7_4c43_b7f1_c882085dc8f9-0 to position FetchPosition{offset=0, offsetEpoch=Optional.empty, currentLeader=LeaderAndEpoch{leader=Optional[localhost:32770 (id: 0 rack: null)], epoch=0}}.
2025-07-31 15:29:56,961 INFO  [io.api.tes.ser.api.KafkaSerdesTester] (Thread-150) topic-9e69ba55_86c7_4c43_b7f1_c882085dc8f9 0 0 {"key11753975795710": "value-0"}
2025-07-31 15:29:56,961 INFO  [io.api.tes.ser.api.KafkaSerdesTester] (Thread-150) topic-9e69ba55_86c7_4c43_b7f1_c882085dc8f9 0 1 {"key11753975795710": "value-1"}
2025-07-31 15:29:56,961 INFO  [io.api.tes.ser.api.KafkaSerdesTester] (Thread-150) topic-9e69ba55_86c7_4c43_b7f1_c882085dc8f9 0 2 {"key11753975795710": "value-2"}
2025-07-31 15:29:56,961 INFO  [io.api.tes.ser.api.KafkaSerdesTester] (Thread-150) topic-9e69ba55_86c7_4c43_b7f1_c882085dc8f9 0 3 {"key11753975795710": "value-3"}
2025-07-31 15:29:56,961 INFO  [io.api.tes.ser.api.KafkaSerdesTester] (Thread-150) topic-9e69ba55_86c7_4c43_b7f1_c882085dc8f9 0 4 {"key11753975795710": "value-4"}
2025-07-31 15:29:56,961 INFO  [io.api.tes.ser.api.KafkaSerdesTester] (Thread-150) topic-9e69ba55_86c7_4c43_b7f1_c882085dc8f9 0 5 {"key11753975795710": "value-5"}
2025-07-31 15:29:56,962 INFO  [io.api.tes.ser.api.KafkaSerdesTester] (Thread-150) topic-9e69ba55_86c7_4c43_b7f1_c882085dc8f9 0 6 {"key11753975795710": "value-6"}
2025-07-31 15:29:56,962 INFO  [io.api.tes.ser.api.KafkaSerdesTester] (Thread-150) topic-9e69ba55_86c7_4c43_b7f1_c882085dc8f9 0 7 {"key11753975795710": "value-7"}
2025-07-31 15:29:56,962 INFO  [io.api.tes.ser.api.KafkaSerdesTester] (Thread-150) topic-9e69ba55_86c7_4c43_b7f1_c882085dc8f9 0 8 {"key11753975795710": "value-8"}
2025-07-31 15:29:56,962 INFO  [io.api.tes.ser.api.KafkaSerdesTester] (Thread-150) topic-9e69ba55_86c7_4c43_b7f1_c882085dc8f9 0 9 {"key11753975795710": "value-9"}
2025-07-31 15:29:56,962 INFO  [io.api.tes.ser.api.KafkaSerdesTester] (Thread-150) Consumed 10 messages
2025-07-31 15:29:56,966 INFO  [org.apa.kaf.cli.con.int.ConsumerRebalanceListenerInvoker] (Thread-150) [Consumer clientId=consumer-Consumer-topic-9e69ba55_86c7_4c43_b7f1_c882085dc8f9-5, groupId=Consumer-topic-9e69ba55_86c7_4c43_b7f1_c882085dc8f9] Revoke previously assigned partitions topic-9e69ba55_86c7_4c43_b7f1_c882085dc8f9-0
2025-07-31 15:29:56,966 INFO  [org.apa.kaf.cli.con.int.ConsumerCoordinator] (Thread-150) [Consumer clientId=consumer-Consumer-topic-9e69ba55_86c7_4c43_b7f1_c882085dc8f9-5, groupId=Consumer-topic-9e69ba55_86c7_4c43_b7f1_c882085dc8f9] Member consumer-Consumer-topic-9e69ba55_86c7_4c43_b7f1_c882085dc8f9-5-de0f87d9-55e6-4890-97f4-df111247b998 sending LeaveGroup request to coordinator localhost:32770 (id: 2147483647 rack: null) due to the consumer is being closed
2025-07-31 15:29:56,967 INFO  [org.apa.kaf.cli.con.int.ConsumerCoordinator] (Thread-150) [Consumer clientId=consumer-Consumer-topic-9e69ba55_86c7_4c43_b7f1_c882085dc8f9-5, groupId=Consumer-topic-9e69ba55_86c7_4c43_b7f1_c882085dc8f9] Resetting generation and member id due to: consumer pro-actively leaving the group
2025-07-31 15:29:56,967 INFO  [org.apa.kaf.cli.con.int.ConsumerCoordinator] (Thread-150) [Consumer clientId=consumer-Consumer-topic-9e69ba55_86c7_4c43_b7f1_c882085dc8f9-5, groupId=Consumer-topic-9e69ba55_86c7_4c43_b7f1_c882085dc8f9] Request joining group due to: consumer pro-actively leaving the group
2025-07-31 15:29:57,466 INFO  [org.apa.kaf.com.met.Metrics] (Thread-150) Metrics scheduler closed
2025-07-31 15:29:57,466 INFO  [org.apa.kaf.com.met.Metrics] (Thread-150) Closing reporter org.apache.kafka.common.metrics.JmxReporter
2025-07-31 15:29:57,466 INFO  [org.apa.kaf.com.met.Metrics] (Thread-150) Closing reporter org.apache.kafka.common.telemetry.internals.ClientTelemetryReporter
2025-07-31 15:29:57,466 INFO  [org.apa.kaf.com.met.Metrics] (Thread-150) Metrics reporters closed
2025-07-31 15:29:57,471 INFO  [org.apa.kaf.com.uti.AppInfoParser] (Thread-150) App info kafka.consumer for consumer-Consumer-topic-9e69ba55_86c7_4c43_b7f1_c882085dc8f9-5 unregistered
2025-07-31 15:29:57,472 INFO  [io.api.tes.uti.TestSeparator] (main) io.apicurio.tests.serdes.apicurio.AvroSerdeIT.testRecordIdStrategydFindLatest-FINISHED
2025-07-31 15:29:57,472 INFO  [io.api.tes.uti.TestSeparator] (main) ############################################################################
]]></system-out>
  </testcase>
  <testcase name="testReflectAutoRegister" classname="io.apicurio.tests.serdes.apicurio.AvroSerdeIT" time="0.913">
    <system-out><![CDATA[2025-07-31 15:29:57,473 INFO  [io.api.tes.uti.TestSeparator] (main) ############################################################################
2025-07-31 15:29:57,473 INFO  [io.api.tes.uti.TestSeparator] (main) io.apicurio.tests.serdes.apicurio.AvroSerdeIT.testReflectAutoRegister-STARTED
2025-07-31 15:29:57,481 INFO  [org.apa.kaf.cli.pro.ProducerConfig] (main) ProducerConfig values: 
	acks = -1
	auto.include.jmx.reporter = true
	batch.size = 16384
	bootstrap.servers = [PLAINTEXT://localhost:32770]
	buffer.memory = 33554432
	client.dns.lookup = use_all_dns_ips
	client.id = Producer-topic-e7320a91_038f_4be9_9b3e_881ef1ff3399
	compression.gzip.level = -1
	compression.lz4.level = 9
	compression.type = none
	compression.zstd.level = 3
	connections.max.idle.ms = 10000
	delivery.timeout.ms = 120000
	enable.idempotence = true
	enable.metrics.push = true
	interceptor.classes = []
	key.serializer = class org.apache.kafka.common.serialization.StringSerializer
	linger.ms = 0
	max.block.ms = 60000
	max.in.flight.requests.per.connection = 5
	max.request.size = 1048576
	metadata.max.age.ms = 300000
	metadata.max.idle.ms = 300000
	metadata.recovery.strategy = none
	metric.reporters = []
	metrics.num.samples = 2
	metrics.recording.level = INFO
	metrics.sample.window.ms = 30000
	partitioner.adaptive.partitioning.enable = true
	partitioner.availability.timeout.ms = 0
	partitioner.class = null
	partitioner.ignore.keys = false
	receive.buffer.bytes = 32768
	reconnect.backoff.max.ms = 1000
	reconnect.backoff.ms = 50
	request.timeout.ms = 5000
	retries = 2147483647
	retry.backoff.max.ms = 1000
	retry.backoff.ms = 100
	sasl.client.callback.handler.class = null
	sasl.jaas.config = null
	sasl.kerberos.kinit.cmd = /usr/bin/kinit
	sasl.kerberos.min.time.before.relogin = 60000
	sasl.kerberos.service.name = null
	sasl.kerberos.ticket.renew.jitter = 0.05
	sasl.kerberos.ticket.renew.window.factor = 0.8
	sasl.login.callback.handler.class = null
	sasl.login.class = null
	sasl.login.connect.timeout.ms = null
	sasl.login.read.timeout.ms = null
	sasl.login.refresh.buffer.seconds = 300
	sasl.login.refresh.min.period.seconds = 60
	sasl.login.refresh.window.factor = 0.8
	sasl.login.refresh.window.jitter = 0.05
	sasl.login.retry.backoff.max.ms = 10000
	sasl.login.retry.backoff.ms = 100
	sasl.mechanism = GSSAPI
	sasl.oauthbearer.clock.skew.seconds = 30
	sasl.oauthbearer.expected.audience = null
	sasl.oauthbearer.expected.issuer = null
	sasl.oauthbearer.header.urlencode = false
	sasl.oauthbearer.jwks.endpoint.refresh.ms = 3600000
	sasl.oauthbearer.jwks.endpoint.retry.backoff.max.ms = 10000
	sasl.oauthbearer.jwks.endpoint.retry.backoff.ms = 100
	sasl.oauthbearer.jwks.endpoint.url = null
	sasl.oauthbearer.scope.claim.name = scope
	sasl.oauthbearer.sub.claim.name = sub
	sasl.oauthbearer.token.endpoint.url = null
	security.protocol = PLAINTEXT
	security.providers = null
	send.buffer.bytes = 131072
	socket.connection.setup.timeout.max.ms = 30000
	socket.connection.setup.timeout.ms = 10000
	ssl.cipher.suites = null
	ssl.enabled.protocols = [TLSv1.2, TLSv1.3]
	ssl.endpoint.identification.algorithm = https
	ssl.engine.factory.class = null
	ssl.key.password = null
	ssl.keymanager.algorithm = SunX509
	ssl.keystore.certificate.chain = null
	ssl.keystore.key = null
	ssl.keystore.location = null
	ssl.keystore.password = null
	ssl.keystore.type = JKS
	ssl.protocol = TLSv1.3
	ssl.provider = null
	ssl.secure.random.implementation = null
	ssl.trustmanager.algorithm = PKIX
	ssl.truststore.certificates = null
	ssl.truststore.location = null
	ssl.truststore.password = null
	ssl.truststore.type = JKS
	transaction.timeout.ms = 60000
	transactional.id = null
	value.serializer = class io.apicurio.registry.serde.avro.AvroKafkaSerializer

2025-07-31 15:29:57,482 INFO  [org.apa.kaf.com.tel.int.KafkaMetricsCollector] (main) initializing Kafka metrics collector
2025-07-31 15:29:57,512 INFO  [org.apa.kaf.cli.pro.KafkaProducer] (main) [Producer clientId=Producer-topic-e7320a91_038f_4be9_9b3e_881ef1ff3399] Instantiated an idempotent producer.
2025-07-31 15:29:57,519 INFO  [org.apa.kaf.cli.pro.ProducerConfig] (main) These configurations '[apicurio.registry.url, apicurio.registry.auto-register, apicurio.registry.artifact-resolver-strategy, apicurio.registry.avro-datum-provider]' were supplied but are not used yet.
2025-07-31 15:29:57,519 INFO  [org.apa.kaf.com.uti.AppInfoParser] (main) Kafka version: 3.9.0
2025-07-31 15:29:57,520 INFO  [org.apa.kaf.com.uti.AppInfoParser] (main) Kafka commitId: 84caaa6e9da06435
2025-07-31 15:29:57,520 INFO  [org.apa.kaf.com.uti.AppInfoParser] (main) Kafka startTimeMs: 1753975797519
2025-07-31 15:29:57,520 INFO  [io.api.tes.ser.api.SimpleSerdesTesterBuilder$SimpleSerdesTester] (main) Using producer configuration: {apicurio.registry.url=http://registry-app-postgresql.apps.ci419.apicurio-testing.org:80/apis/registry/v3, apicurio.registry.auto-register=true, apicurio.registry.artifact-resolver-strategy=io.apicurio.registry.serde.strategy.TopicIdStrategy, value.serializer=io.apicurio.registry.serde.avro.AvroKafkaSerializer, request.timeout.ms=5000, acks=all, bootstrap.servers=PLAINTEXT://localhost:32770, connections.max.idle.ms=10000, key.serializer=org.apache.kafka.common.serialization.StringSerializer, apicurio.registry.avro-datum-provider=io.apicurio.registry.serde.avro.ReflectAvroDatumProvider, client.id=Producer-topic-e7320a91_038f_4be9_9b3e_881ef1ff3399}
2025-07-31 15:29:57,520 INFO  [io.api.tes.ser.api.SimpleSerdesTesterBuilder$SimpleSerdesTester] (main) Using consumer configuration: {apicurio.registry.avro-datum-provider=io.apicurio.registry.serde.avro.ReflectAvroDatumProvider}
2025-07-31 15:29:57,525 INFO  [io.api.tes.ser.api.KafkaSerdesTester] (Thread-153) Sending message io.apicurio.tests.common.serdes.TestObject@3dbd29cb to topic topic-e7320a91_038f_4be9_9b3e_881ef1ff3399
2025-07-31 15:29:57,535 WARN  [org.apa.kaf.cli.NetworkClient] (kafka-producer-network-thread | Producer-topic-e7320a91_038f_4be9_9b3e_881ef1ff3399) [Producer clientId=Producer-topic-e7320a91_038f_4be9_9b3e_881ef1ff3399] The metadata response from the cluster reported a recoverable issue with correlation id 2 : {topic-e7320a91_038f_4be9_9b3e_881ef1ff3399=LEADER_NOT_AVAILABLE}
2025-07-31 15:29:57,535 INFO  [org.apa.kaf.cli.Metadata] (kafka-producer-network-thread | Producer-topic-e7320a91_038f_4be9_9b3e_881ef1ff3399) [Producer clientId=Producer-topic-e7320a91_038f_4be9_9b3e_881ef1ff3399] Cluster ID: BgnDnmd_Rn-oXa8M1ygsew
2025-07-31 15:29:57,536 INFO  [org.apa.kaf.cli.pro.int.TransactionManager] (kafka-producer-network-thread | Producer-topic-e7320a91_038f_4be9_9b3e_881ef1ff3399) [Producer clientId=Producer-topic-e7320a91_038f_4be9_9b3e_881ef1ff3399] ProducerId set to 6 with epoch 0
2025-07-31 15:29:57,711 INFO  [io.api.tes.ser.api.KafkaSerdesTester] (Thread-153) Sending message io.apicurio.tests.common.serdes.TestObject@3dbd29cb to topic topic-e7320a91_038f_4be9_9b3e_881ef1ff3399
2025-07-31 15:29:57,713 INFO  [io.api.tes.ser.api.KafkaSerdesTester] (Thread-153) Sending message io.apicurio.tests.common.serdes.TestObject@3dbd29cb to topic topic-e7320a91_038f_4be9_9b3e_881ef1ff3399
2025-07-31 15:29:57,715 INFO  [io.api.tes.ser.api.KafkaSerdesTester] (Thread-153) Sending message io.apicurio.tests.common.serdes.TestObject@3dbd29cb to topic topic-e7320a91_038f_4be9_9b3e_881ef1ff3399
2025-07-31 15:29:57,718 INFO  [io.api.tes.ser.api.KafkaSerdesTester] (Thread-153) Sending message io.apicurio.tests.common.serdes.TestObject@3dbd29cb to topic topic-e7320a91_038f_4be9_9b3e_881ef1ff3399
2025-07-31 15:29:57,720 INFO  [io.api.tes.ser.api.KafkaSerdesTester] (Thread-153) Sending message io.apicurio.tests.common.serdes.TestObject@3dbd29cb to topic topic-e7320a91_038f_4be9_9b3e_881ef1ff3399
2025-07-31 15:29:57,722 INFO  [io.api.tes.ser.api.KafkaSerdesTester] (Thread-153) Sending message io.apicurio.tests.common.serdes.TestObject@3dbd29cb to topic topic-e7320a91_038f_4be9_9b3e_881ef1ff3399
2025-07-31 15:29:57,725 INFO  [io.api.tes.ser.api.KafkaSerdesTester] (Thread-153) Sending message io.apicurio.tests.common.serdes.TestObject@3dbd29cb to topic topic-e7320a91_038f_4be9_9b3e_881ef1ff3399
2025-07-31 15:29:57,726 INFO  [io.api.tes.ser.api.KafkaSerdesTester] (Thread-153) Sending message io.apicurio.tests.common.serdes.TestObject@3dbd29cb to topic topic-e7320a91_038f_4be9_9b3e_881ef1ff3399
2025-07-31 15:29:57,729 INFO  [io.api.tes.ser.api.KafkaSerdesTester] (Thread-153) Sending message io.apicurio.tests.common.serdes.TestObject@3dbd29cb to topic topic-e7320a91_038f_4be9_9b3e_881ef1ff3399
2025-07-31 15:29:57,732 INFO  [io.api.tes.ser.api.KafkaSerdesTester] (Thread-153) Produced 10 messages
2025-07-31 15:29:57,732 INFO  [org.apa.kaf.cli.pro.KafkaProducer] (Thread-153) [Producer clientId=Producer-topic-e7320a91_038f_4be9_9b3e_881ef1ff3399] Closing the Kafka producer with timeoutMillis = 9223372036854775807 ms.
2025-07-31 15:29:57,735 INFO  [org.apa.kaf.com.met.Metrics] (Thread-153) Metrics scheduler closed
2025-07-31 15:29:57,735 INFO  [org.apa.kaf.com.met.Metrics] (Thread-153) Closing reporter org.apache.kafka.common.metrics.JmxReporter
2025-07-31 15:29:57,736 INFO  [org.apa.kaf.com.met.Metrics] (Thread-153) Closing reporter org.apache.kafka.common.telemetry.internals.ClientTelemetryReporter
2025-07-31 15:29:57,738 INFO  [org.apa.kaf.com.met.Metrics] (Thread-153) Metrics reporters closed
2025-07-31 15:29:57,738 INFO  [org.apa.kaf.com.uti.AppInfoParser] (Thread-153) App info kafka.producer for Producer-topic-e7320a91_038f_4be9_9b3e_881ef1ff3399 unregistered
2025-07-31 15:29:57,766 INFO  [org.apa.kaf.cli.con.ConsumerConfig] (main) ConsumerConfig values: 
	allow.auto.create.topics = true
	auto.commit.interval.ms = 500
	auto.include.jmx.reporter = true
	auto.offset.reset = earliest
	bootstrap.servers = [PLAINTEXT://localhost:32770]
	check.crcs = true
	client.dns.lookup = use_all_dns_ips
	client.id = consumer-Consumer-topic-e7320a91_038f_4be9_9b3e_881ef1ff3399-6
	client.rack = 
	connections.max.idle.ms = 10000
	default.api.timeout.ms = 60000
	enable.auto.commit = true
	enable.metrics.push = true
	exclude.internal.topics = true
	fetch.max.bytes = 52428800
	fetch.max.wait.ms = 500
	fetch.min.bytes = 1
	group.id = Consumer-topic-e7320a91_038f_4be9_9b3e_881ef1ff3399
	group.instance.id = null
	group.protocol = classic
	group.remote.assignor = null
	heartbeat.interval.ms = 3000
	interceptor.classes = []
	internal.leave.group.on.close = true
	internal.throw.on.fetch.stable.offset.unsupported = false
	isolation.level = read_uncommitted
	key.deserializer = class org.apache.kafka.common.serialization.StringDeserializer
	max.partition.fetch.bytes = 1048576
	max.poll.interval.ms = 300000
	max.poll.records = 500
	metadata.max.age.ms = 300000
	metadata.recovery.strategy = none
	metric.reporters = []
	metrics.num.samples = 2
	metrics.recording.level = INFO
	metrics.sample.window.ms = 30000
	partition.assignment.strategy = [class org.apache.kafka.clients.consumer.RangeAssignor, class org.apache.kafka.clients.consumer.CooperativeStickyAssignor]
	receive.buffer.bytes = 65536
	reconnect.backoff.max.ms = 1000
	reconnect.backoff.ms = 50
	request.timeout.ms = 5000
	retry.backoff.max.ms = 1000
	retry.backoff.ms = 100
	sasl.client.callback.handler.class = null
	sasl.jaas.config = null
	sasl.kerberos.kinit.cmd = /usr/bin/kinit
	sasl.kerberos.min.time.before.relogin = 60000
	sasl.kerberos.service.name = null
	sasl.kerberos.ticket.renew.jitter = 0.05
	sasl.kerberos.ticket.renew.window.factor = 0.8
	sasl.login.callback.handler.class = null
	sasl.login.class = null
	sasl.login.connect.timeout.ms = null
	sasl.login.read.timeout.ms = null
	sasl.login.refresh.buffer.seconds = 300
	sasl.login.refresh.min.period.seconds = 60
	sasl.login.refresh.window.factor = 0.8
	sasl.login.refresh.window.jitter = 0.05
	sasl.login.retry.backoff.max.ms = 10000
	sasl.login.retry.backoff.ms = 100
	sasl.mechanism = GSSAPI
	sasl.oauthbearer.clock.skew.seconds = 30
	sasl.oauthbearer.expected.audience = null
	sasl.oauthbearer.expected.issuer = null
	sasl.oauthbearer.header.urlencode = false
	sasl.oauthbearer.jwks.endpoint.refresh.ms = 3600000
	sasl.oauthbearer.jwks.endpoint.retry.backoff.max.ms = 10000
	sasl.oauthbearer.jwks.endpoint.retry.backoff.ms = 100
	sasl.oauthbearer.jwks.endpoint.url = null
	sasl.oauthbearer.scope.claim.name = scope
	sasl.oauthbearer.sub.claim.name = sub
	sasl.oauthbearer.token.endpoint.url = null
	security.protocol = PLAINTEXT
	security.providers = null
	send.buffer.bytes = 131072
	session.timeout.ms = 45000
	socket.connection.setup.timeout.max.ms = 30000
	socket.connection.setup.timeout.ms = 10000
	ssl.cipher.suites = null
	ssl.enabled.protocols = [TLSv1.2, TLSv1.3]
	ssl.endpoint.identification.algorithm = https
	ssl.engine.factory.class = null
	ssl.key.password = null
	ssl.keymanager.algorithm = SunX509
	ssl.keystore.certificate.chain = null
	ssl.keystore.key = null
	ssl.keystore.location = null
	ssl.keystore.password = null
	ssl.keystore.type = JKS
	ssl.protocol = TLSv1.3
	ssl.provider = null
	ssl.secure.random.implementation = null
	ssl.trustmanager.algorithm = PKIX
	ssl.truststore.certificates = null
	ssl.truststore.location = null
	ssl.truststore.password = null
	ssl.truststore.type = JKS
	value.deserializer = class io.apicurio.registry.serde.avro.AvroKafkaDeserializer

2025-07-31 15:29:57,767 INFO  [org.apa.kaf.com.tel.int.KafkaMetricsCollector] (main) initializing Kafka metrics collector
2025-07-31 15:29:57,775 INFO  [org.apa.kaf.cli.con.ConsumerConfig] (main) These configurations '[apicurio.registry.url, apicurio.registry.avro-datum-provider]' were supplied but are not used yet.
2025-07-31 15:29:57,775 INFO  [org.apa.kaf.com.uti.AppInfoParser] (main) Kafka version: 3.9.0
2025-07-31 15:29:57,775 INFO  [org.apa.kaf.com.uti.AppInfoParser] (main) Kafka commitId: 84caaa6e9da06435
2025-07-31 15:29:57,775 INFO  [org.apa.kaf.com.uti.AppInfoParser] (main) Kafka startTimeMs: 1753975797775
2025-07-31 15:29:57,776 INFO  [org.apa.kaf.cli.con.int.ClassicKafkaConsumer] (Thread-156) [Consumer clientId=consumer-Consumer-topic-e7320a91_038f_4be9_9b3e_881ef1ff3399-6, groupId=Consumer-topic-e7320a91_038f_4be9_9b3e_881ef1ff3399] Subscribed to topic(s): topic-e7320a91_038f_4be9_9b3e_881ef1ff3399
2025-07-31 15:29:57,788 INFO  [org.apa.kaf.cli.Metadata] (Thread-156) [Consumer clientId=consumer-Consumer-topic-e7320a91_038f_4be9_9b3e_881ef1ff3399-6, groupId=Consumer-topic-e7320a91_038f_4be9_9b3e_881ef1ff3399] Cluster ID: BgnDnmd_Rn-oXa8M1ygsew
2025-07-31 15:29:57,789 INFO  [org.apa.kaf.cli.con.int.ConsumerCoordinator] (Thread-156) [Consumer clientId=consumer-Consumer-topic-e7320a91_038f_4be9_9b3e_881ef1ff3399-6, groupId=Consumer-topic-e7320a91_038f_4be9_9b3e_881ef1ff3399] Discovered group coordinator localhost:32770 (id: 2147483647 rack: null)
2025-07-31 15:29:57,792 INFO  [org.apa.kaf.cli.con.int.ConsumerCoordinator] (Thread-156) [Consumer clientId=consumer-Consumer-topic-e7320a91_038f_4be9_9b3e_881ef1ff3399-6, groupId=Consumer-topic-e7320a91_038f_4be9_9b3e_881ef1ff3399] (Re-)joining group
2025-07-31 15:29:57,799 INFO  [org.apa.kaf.cli.con.int.ConsumerCoordinator] (Thread-156) [Consumer clientId=consumer-Consumer-topic-e7320a91_038f_4be9_9b3e_881ef1ff3399-6, groupId=Consumer-topic-e7320a91_038f_4be9_9b3e_881ef1ff3399] Request joining group due to: need to re-join with the given member-id: consumer-Consumer-topic-e7320a91_038f_4be9_9b3e_881ef1ff3399-6-c7bf1772-4061-44e9-b061-60a82ed1fe1e
2025-07-31 15:29:57,799 INFO  [org.apa.kaf.cli.con.int.ConsumerCoordinator] (Thread-156) [Consumer clientId=consumer-Consumer-topic-e7320a91_038f_4be9_9b3e_881ef1ff3399-6, groupId=Consumer-topic-e7320a91_038f_4be9_9b3e_881ef1ff3399] (Re-)joining group
2025-07-31 15:29:57,809 INFO  [org.apa.kaf.cli.con.int.ConsumerCoordinator] (Thread-156) [Consumer clientId=consumer-Consumer-topic-e7320a91_038f_4be9_9b3e_881ef1ff3399-6, groupId=Consumer-topic-e7320a91_038f_4be9_9b3e_881ef1ff3399] Successfully joined group with generation Generation{generationId=1, memberId='consumer-Consumer-topic-e7320a91_038f_4be9_9b3e_881ef1ff3399-6-c7bf1772-4061-44e9-b061-60a82ed1fe1e', protocol='range'}
2025-07-31 15:29:57,809 INFO  [org.apa.kaf.cli.con.int.ConsumerCoordinator] (Thread-156) [Consumer clientId=consumer-Consumer-topic-e7320a91_038f_4be9_9b3e_881ef1ff3399-6, groupId=Consumer-topic-e7320a91_038f_4be9_9b3e_881ef1ff3399] Finished assignment for group at generation 1: {consumer-Consumer-topic-e7320a91_038f_4be9_9b3e_881ef1ff3399-6-c7bf1772-4061-44e9-b061-60a82ed1fe1e=Assignment(partitions=[topic-e7320a91_038f_4be9_9b3e_881ef1ff3399-0])}
2025-07-31 15:29:57,823 INFO  [org.apa.kaf.cli.con.int.ConsumerCoordinator] (Thread-156) [Consumer clientId=consumer-Consumer-topic-e7320a91_038f_4be9_9b3e_881ef1ff3399-6, groupId=Consumer-topic-e7320a91_038f_4be9_9b3e_881ef1ff3399] Successfully synced group in generation Generation{generationId=1, memberId='consumer-Consumer-topic-e7320a91_038f_4be9_9b3e_881ef1ff3399-6-c7bf1772-4061-44e9-b061-60a82ed1fe1e', protocol='range'}
2025-07-31 15:29:57,823 INFO  [org.apa.kaf.cli.con.int.ConsumerCoordinator] (Thread-156) [Consumer clientId=consumer-Consumer-topic-e7320a91_038f_4be9_9b3e_881ef1ff3399-6, groupId=Consumer-topic-e7320a91_038f_4be9_9b3e_881ef1ff3399] Notifying assignor about the new Assignment(partitions=[topic-e7320a91_038f_4be9_9b3e_881ef1ff3399-0])
2025-07-31 15:29:57,823 INFO  [org.apa.kaf.cli.con.int.ConsumerRebalanceListenerInvoker] (Thread-156) [Consumer clientId=consumer-Consumer-topic-e7320a91_038f_4be9_9b3e_881ef1ff3399-6, groupId=Consumer-topic-e7320a91_038f_4be9_9b3e_881ef1ff3399] Adding newly assigned partitions: topic-e7320a91_038f_4be9_9b3e_881ef1ff3399-0
2025-07-31 15:29:57,827 INFO  [org.apa.kaf.cli.con.int.ConsumerCoordinator] (Thread-156) [Consumer clientId=consumer-Consumer-topic-e7320a91_038f_4be9_9b3e_881ef1ff3399-6, groupId=Consumer-topic-e7320a91_038f_4be9_9b3e_881ef1ff3399] Found no committed offset for partition topic-e7320a91_038f_4be9_9b3e_881ef1ff3399-0
2025-07-31 15:29:57,834 INFO  [org.apa.kaf.cli.con.int.SubscriptionState] (Thread-156) [Consumer clientId=consumer-Consumer-topic-e7320a91_038f_4be9_9b3e_881ef1ff3399-6, groupId=Consumer-topic-e7320a91_038f_4be9_9b3e_881ef1ff3399] Resetting offset for partition topic-e7320a91_038f_4be9_9b3e_881ef1ff3399-0 to position FetchPosition{offset=0, offsetEpoch=Optional.empty, currentLeader=LeaderAndEpoch{leader=Optional[localhost:32770 (id: 0 rack: null)], epoch=0}}.
2025-07-31 15:29:57,877 INFO  [io.api.tes.ser.api.KafkaSerdesTester] (Thread-156) topic-e7320a91_038f_4be9_9b3e_881ef1ff3399 0 0 io.apicurio.tests.common.serdes.TestObject@3dbd29cb
2025-07-31 15:29:57,877 INFO  [io.api.tes.ser.api.KafkaSerdesTester] (Thread-156) topic-e7320a91_038f_4be9_9b3e_881ef1ff3399 0 1 io.apicurio.tests.common.serdes.TestObject@3dbd29cb
2025-07-31 15:29:57,877 INFO  [io.api.tes.ser.api.KafkaSerdesTester] (Thread-156) topic-e7320a91_038f_4be9_9b3e_881ef1ff3399 0 2 io.apicurio.tests.common.serdes.TestObject@3dbd29cb
2025-07-31 15:29:57,877 INFO  [io.api.tes.ser.api.KafkaSerdesTester] (Thread-156) topic-e7320a91_038f_4be9_9b3e_881ef1ff3399 0 3 io.apicurio.tests.common.serdes.TestObject@3dbd29cb
2025-07-31 15:29:57,877 INFO  [io.api.tes.ser.api.KafkaSerdesTester] (Thread-156) topic-e7320a91_038f_4be9_9b3e_881ef1ff3399 0 4 io.apicurio.tests.common.serdes.TestObject@3dbd29cb
2025-07-31 15:29:57,877 INFO  [io.api.tes.ser.api.KafkaSerdesTester] (Thread-156) topic-e7320a91_038f_4be9_9b3e_881ef1ff3399 0 5 io.apicurio.tests.common.serdes.TestObject@3dbd29cb
2025-07-31 15:29:57,877 INFO  [io.api.tes.ser.api.KafkaSerdesTester] (Thread-156) topic-e7320a91_038f_4be9_9b3e_881ef1ff3399 0 6 io.apicurio.tests.common.serdes.TestObject@3dbd29cb
2025-07-31 15:29:57,877 INFO  [io.api.tes.ser.api.KafkaSerdesTester] (Thread-156) topic-e7320a91_038f_4be9_9b3e_881ef1ff3399 0 7 io.apicurio.tests.common.serdes.TestObject@3dbd29cb
2025-07-31 15:29:57,877 INFO  [io.api.tes.ser.api.KafkaSerdesTester] (Thread-156) topic-e7320a91_038f_4be9_9b3e_881ef1ff3399 0 8 io.apicurio.tests.common.serdes.TestObject@3dbd29cb
2025-07-31 15:29:57,877 INFO  [io.api.tes.ser.api.KafkaSerdesTester] (Thread-156) topic-e7320a91_038f_4be9_9b3e_881ef1ff3399 0 9 io.apicurio.tests.common.serdes.TestObject@3dbd29cb
2025-07-31 15:29:57,877 INFO  [io.api.tes.ser.api.KafkaSerdesTester] (Thread-156) Consumed 10 messages
2025-07-31 15:29:57,880 INFO  [org.apa.kaf.cli.con.int.ConsumerRebalanceListenerInvoker] (Thread-156) [Consumer clientId=consumer-Consumer-topic-e7320a91_038f_4be9_9b3e_881ef1ff3399-6, groupId=Consumer-topic-e7320a91_038f_4be9_9b3e_881ef1ff3399] Revoke previously assigned partitions topic-e7320a91_038f_4be9_9b3e_881ef1ff3399-0
2025-07-31 15:29:57,880 INFO  [org.apa.kaf.cli.con.int.ConsumerCoordinator] (Thread-156) [Consumer clientId=consumer-Consumer-topic-e7320a91_038f_4be9_9b3e_881ef1ff3399-6, groupId=Consumer-topic-e7320a91_038f_4be9_9b3e_881ef1ff3399] Member consumer-Consumer-topic-e7320a91_038f_4be9_9b3e_881ef1ff3399-6-c7bf1772-4061-44e9-b061-60a82ed1fe1e sending LeaveGroup request to coordinator localhost:32770 (id: 2147483647 rack: null) due to the consumer is being closed
2025-07-31 15:29:57,880 INFO  [org.apa.kaf.cli.con.int.ConsumerCoordinator] (Thread-156) [Consumer clientId=consumer-Consumer-topic-e7320a91_038f_4be9_9b3e_881ef1ff3399-6, groupId=Consumer-topic-e7320a91_038f_4be9_9b3e_881ef1ff3399] Resetting generation and member id due to: consumer pro-actively leaving the group
2025-07-31 15:29:57,881 INFO  [org.apa.kaf.cli.con.int.ConsumerCoordinator] (Thread-156) [Consumer clientId=consumer-Consumer-topic-e7320a91_038f_4be9_9b3e_881ef1ff3399-6, groupId=Consumer-topic-e7320a91_038f_4be9_9b3e_881ef1ff3399] Request joining group due to: consumer pro-actively leaving the group
2025-07-31 15:29:58,382 INFO  [org.apa.kaf.com.met.Metrics] (Thread-156) Metrics scheduler closed
2025-07-31 15:29:58,382 INFO  [org.apa.kaf.com.met.Metrics] (Thread-156) Closing reporter org.apache.kafka.common.metrics.JmxReporter
2025-07-31 15:29:58,382 INFO  [org.apa.kaf.com.met.Metrics] (Thread-156) Closing reporter org.apache.kafka.common.telemetry.internals.ClientTelemetryReporter
2025-07-31 15:29:58,382 INFO  [org.apa.kaf.com.met.Metrics] (Thread-156) Metrics reporters closed
2025-07-31 15:29:58,385 INFO  [org.apa.kaf.com.uti.AppInfoParser] (Thread-156) App info kafka.consumer for consumer-Consumer-topic-e7320a91_038f_4be9_9b3e_881ef1ff3399-6 unregistered
2025-07-31 15:29:58,386 INFO  [io.api.tes.uti.TestSeparator] (main) io.apicurio.tests.serdes.apicurio.AvroSerdeIT.testReflectAutoRegister-FINISHED
2025-07-31 15:29:58,386 INFO  [io.api.tes.uti.TestSeparator] (main) ############################################################################
]]></system-out>
  </testcase>
  <testcase name="testArtifactNotFound" classname="io.apicurio.tests.serdes.apicurio.AvroSerdeIT" time="0.232">
    <system-out><![CDATA[2025-07-31 15:29:58,389 INFO  [io.api.tes.uti.TestSeparator] (main) ############################################################################
2025-07-31 15:29:58,389 INFO  [io.api.tes.uti.TestSeparator] (main) io.apicurio.tests.serdes.apicurio.AvroSerdeIT.testArtifactNotFound-STARTED
2025-07-31 15:29:58,391 INFO  [org.apa.kaf.cli.pro.ProducerConfig] (main) ProducerConfig values: 
	acks = -1
	auto.include.jmx.reporter = true
	batch.size = 16384
	bootstrap.servers = [PLAINTEXT://localhost:32770]
	buffer.memory = 33554432
	client.dns.lookup = use_all_dns_ips
	client.id = Producer-sbf4e9fcbx85c7x4b66xb9d6x6cd98b560852
	compression.gzip.level = -1
	compression.lz4.level = 9
	compression.type = none
	compression.zstd.level = 3
	connections.max.idle.ms = 10000
	delivery.timeout.ms = 120000
	enable.idempotence = true
	enable.metrics.push = true
	interceptor.classes = []
	key.serializer = class org.apache.kafka.common.serialization.StringSerializer
	linger.ms = 0
	max.block.ms = 60000
	max.in.flight.requests.per.connection = 5
	max.request.size = 1048576
	metadata.max.age.ms = 300000
	metadata.max.idle.ms = 300000
	metadata.recovery.strategy = none
	metric.reporters = []
	metrics.num.samples = 2
	metrics.recording.level = INFO
	metrics.sample.window.ms = 30000
	partitioner.adaptive.partitioning.enable = true
	partitioner.availability.timeout.ms = 0
	partitioner.class = null
	partitioner.ignore.keys = false
	receive.buffer.bytes = 32768
	reconnect.backoff.max.ms = 1000
	reconnect.backoff.ms = 50
	request.timeout.ms = 5000
	retries = 2147483647
	retry.backoff.max.ms = 1000
	retry.backoff.ms = 100
	sasl.client.callback.handler.class = null
	sasl.jaas.config = null
	sasl.kerberos.kinit.cmd = /usr/bin/kinit
	sasl.kerberos.min.time.before.relogin = 60000
	sasl.kerberos.service.name = null
	sasl.kerberos.ticket.renew.jitter = 0.05
	sasl.kerberos.ticket.renew.window.factor = 0.8
	sasl.login.callback.handler.class = null
	sasl.login.class = null
	sasl.login.connect.timeout.ms = null
	sasl.login.read.timeout.ms = null
	sasl.login.refresh.buffer.seconds = 300
	sasl.login.refresh.min.period.seconds = 60
	sasl.login.refresh.window.factor = 0.8
	sasl.login.refresh.window.jitter = 0.05
	sasl.login.retry.backoff.max.ms = 10000
	sasl.login.retry.backoff.ms = 100
	sasl.mechanism = GSSAPI
	sasl.oauthbearer.clock.skew.seconds = 30
	sasl.oauthbearer.expected.audience = null
	sasl.oauthbearer.expected.issuer = null
	sasl.oauthbearer.header.urlencode = false
	sasl.oauthbearer.jwks.endpoint.refresh.ms = 3600000
	sasl.oauthbearer.jwks.endpoint.retry.backoff.max.ms = 10000
	sasl.oauthbearer.jwks.endpoint.retry.backoff.ms = 100
	sasl.oauthbearer.jwks.endpoint.url = null
	sasl.oauthbearer.scope.claim.name = scope
	sasl.oauthbearer.sub.claim.name = sub
	sasl.oauthbearer.token.endpoint.url = null
	security.protocol = PLAINTEXT
	security.providers = null
	send.buffer.bytes = 131072
	socket.connection.setup.timeout.max.ms = 30000
	socket.connection.setup.timeout.ms = 10000
	ssl.cipher.suites = null
	ssl.enabled.protocols = [TLSv1.2, TLSv1.3]
	ssl.endpoint.identification.algorithm = https
	ssl.engine.factory.class = null
	ssl.key.password = null
	ssl.keymanager.algorithm = SunX509
	ssl.keystore.certificate.chain = null
	ssl.keystore.key = null
	ssl.keystore.location = null
	ssl.keystore.password = null
	ssl.keystore.type = JKS
	ssl.protocol = TLSv1.3
	ssl.provider = null
	ssl.secure.random.implementation = null
	ssl.trustmanager.algorithm = PKIX
	ssl.truststore.certificates = null
	ssl.truststore.location = null
	ssl.truststore.password = null
	ssl.truststore.type = JKS
	transaction.timeout.ms = 60000
	transactional.id = null
	value.serializer = class io.apicurio.registry.serde.avro.AvroKafkaSerializer

2025-07-31 15:29:58,392 INFO  [org.apa.kaf.com.tel.int.KafkaMetricsCollector] (main) initializing Kafka metrics collector
2025-07-31 15:29:58,402 INFO  [org.apa.kaf.cli.pro.KafkaProducer] (main) [Producer clientId=Producer-sbf4e9fcbx85c7x4b66xb9d6x6cd98b560852] Instantiated an idempotent producer.
2025-07-31 15:29:58,409 INFO  [org.apa.kaf.cli.pro.ProducerConfig] (main) These configurations '[apicurio.registry.url, apicurio.registry.artifact-resolver-strategy]' were supplied but are not used yet.
2025-07-31 15:29:58,415 INFO  [org.apa.kaf.com.uti.AppInfoParser] (main) Kafka version: 3.9.0
2025-07-31 15:29:58,415 INFO  [org.apa.kaf.com.uti.AppInfoParser] (main) Kafka commitId: 84caaa6e9da06435
2025-07-31 15:29:58,415 INFO  [org.apa.kaf.com.uti.AppInfoParser] (main) Kafka startTimeMs: 1753975798415
2025-07-31 15:29:58,424 INFO  [io.api.tes.ser.api.KafkaSerdesTester] (Thread-159) Sending message {"keyB": "value-0"} to topic sbf4e9fcbx85c7x4b66xb9d6x6cd98b560852
2025-07-31 15:29:58,431 INFO  [org.apa.kaf.cli.Metadata] (kafka-producer-network-thread | Producer-sbf4e9fcbx85c7x4b66xb9d6x6cd98b560852) [Producer clientId=Producer-sbf4e9fcbx85c7x4b66xb9d6x6cd98b560852] Cluster ID: BgnDnmd_Rn-oXa8M1ygsew
2025-07-31 15:29:58,432 INFO  [org.apa.kaf.cli.pro.int.TransactionManager] (kafka-producer-network-thread | Producer-sbf4e9fcbx85c7x4b66xb9d6x6cd98b560852) [Producer clientId=Producer-sbf4e9fcbx85c7x4b66xb9d6x6cd98b560852] ProducerId set to 7 with epoch 0
2025-07-31 15:29:58,456 WARN  [org.apa.kaf.cli.NetworkClient] (kafka-producer-network-thread | Producer-sbf4e9fcbx85c7x4b66xb9d6x6cd98b560852) [Producer clientId=Producer-sbf4e9fcbx85c7x4b66xb9d6x6cd98b560852] The metadata response from the cluster reported a recoverable issue with correlation id 7 : {sbf4e9fcbx85c7x4b66xb9d6x6cd98b560852=LEADER_NOT_AVAILABLE}
2025-07-31 15:29:58,575 INFO  [DefaultSchemaResolver] (Thread-159) Retrieving schema content using string: {"type":"record","name":"myrecord","namespace":"mygroup","fields":[{"name":"keyB","type":"string"}]}
2025-07-31 15:29:58,614 INFO  [org.apa.kaf.cli.pro.KafkaProducer] (Thread-159) [Producer clientId=Producer-sbf4e9fcbx85c7x4b66xb9d6x6cd98b560852] Closing the Kafka producer with timeoutMillis = 9223372036854775807 ms.
2025-07-31 15:29:58,617 INFO  [org.apa.kaf.com.met.Metrics] (Thread-159) Metrics scheduler closed
2025-07-31 15:29:58,617 INFO  [org.apa.kaf.com.met.Metrics] (Thread-159) Closing reporter org.apache.kafka.common.metrics.JmxReporter
2025-07-31 15:29:58,617 INFO  [org.apa.kaf.com.met.Metrics] (Thread-159) Closing reporter org.apache.kafka.common.telemetry.internals.ClientTelemetryReporter
2025-07-31 15:29:58,617 INFO  [org.apa.kaf.com.met.Metrics] (Thread-159) Metrics reporters closed
2025-07-31 15:29:58,617 INFO  [org.apa.kaf.com.uti.AppInfoParser] (Thread-159) App info kafka.producer for Producer-sbf4e9fcbx85c7x4b66xb9d6x6cd98b560852 unregistered
2025-07-31 15:29:58,619 INFO  [io.api.tes.uti.TestSeparator] (main) io.apicurio.tests.serdes.apicurio.AvroSerdeIT.testArtifactNotFound-FINISHED
2025-07-31 15:29:58,619 INFO  [io.api.tes.uti.TestSeparator] (main) ############################################################################
]]></system-out>
    <system-err><![CDATA[java.lang.RuntimeException: Could not resolve artifact reference by content: {"type":"record","name":"myrecord","namespace":"mygroup","fields":[{"name":"keyB","type":"string"}]}&ArtifactReference [groupId=default, artifactId=sbf4e9fcbx85c7x4b66xb9d6x6cd98b560852-value, version=null, globalId=null, contentId=null, contentHash=null]
	at io.apicurio.registry.resolver.DefaultSchemaResolver.lambda$handleResolveSchemaByContent$5(DefaultSchemaResolver.java:300)
	at io.apicurio.registry.resolver.ERCache.lambda$getValue$0(ERCache.java:181)
	at io.apicurio.registry.resolver.ERCache.retry(ERCache.java:234)
	at io.apicurio.registry.resolver.ERCache.getValue(ERCache.java:180)
	at io.apicurio.registry.resolver.ERCache.getByContent(ERCache.java:154)
	at io.apicurio.registry.resolver.DefaultSchemaResolver.handleResolveSchemaByContent(DefaultSchemaResolver.java:269)
	at io.apicurio.registry.resolver.DefaultSchemaResolver.getSchemaFromRegistry(DefaultSchemaResolver.java:142)
	at io.apicurio.registry.resolver.DefaultSchemaResolver.lambda$resolveSchema$0(DefaultSchemaResolver.java:86)
	at java.base/java.util.Optional.orElseGet(Optional.java:364)
	at io.apicurio.registry.resolver.DefaultSchemaResolver.resolveSchema(DefaultSchemaResolver.java:86)
	at io.apicurio.registry.serde.AbstractSerializer.serializeData(AbstractSerializer.java:62)
	at io.apicurio.registry.serde.KafkaSerializer.serialize(KafkaSerializer.java:77)
	at org.apache.kafka.clients.producer.KafkaProducer.doSend(KafkaProducer.java:1046)
	at org.apache.kafka.clients.producer.KafkaProducer.send(KafkaProducer.java:993)
	at org.apache.kafka.clients.producer.KafkaProducer.send(KafkaProducer.java:875)
	at io.apicurio.tests.serdes.apicurio.KafkaSerdesTester.lambda$produceMessages$3(KafkaSerdesTester.java:138)
	at java.base/java.util.concurrent.CompletableFuture$AsyncSupply.run(CompletableFuture.java:1768)
	at java.base/java.lang.Thread.run(Thread.java:840)
]]></system-err>
  </testcase>
  <testcase name="testAvroSerDesFailDifferentSchemaByRecordName" classname="io.apicurio.tests.serdes.apicurio.AvroSerdeIT" time="1.116">
    <system-out><![CDATA[2025-07-31 15:29:58,626 INFO  [io.api.tes.uti.TestSeparator] (main) ############################################################################
2025-07-31 15:29:58,626 INFO  [io.api.tes.uti.TestSeparator] (main) io.apicurio.tests.serdes.apicurio.AvroSerdeIT.testAvroSerDesFailDifferentSchemaByRecordName-STARTED
2025-07-31 15:29:59,687 INFO  [org.apa.kaf.cli.pro.ProducerConfig] (main) ProducerConfig values: 
	acks = -1
	auto.include.jmx.reporter = true
	batch.size = 16384
	bootstrap.servers = [PLAINTEXT://localhost:32770]
	buffer.memory = 33554432
	client.dns.lookup = use_all_dns_ips
	client.id = Producer-topic-2046ba2a_83cc_4520_b8fe_bd1af1f0945b
	compression.gzip.level = -1
	compression.lz4.level = 9
	compression.type = none
	compression.zstd.level = 3
	connections.max.idle.ms = 10000
	delivery.timeout.ms = 120000
	enable.idempotence = true
	enable.metrics.push = true
	interceptor.classes = []
	key.serializer = class org.apache.kafka.common.serialization.StringSerializer
	linger.ms = 0
	max.block.ms = 60000
	max.in.flight.requests.per.connection = 5
	max.request.size = 1048576
	metadata.max.age.ms = 300000
	metadata.max.idle.ms = 300000
	metadata.recovery.strategy = none
	metric.reporters = []
	metrics.num.samples = 2
	metrics.recording.level = INFO
	metrics.sample.window.ms = 30000
	partitioner.adaptive.partitioning.enable = true
	partitioner.availability.timeout.ms = 0
	partitioner.class = null
	partitioner.ignore.keys = false
	receive.buffer.bytes = 32768
	reconnect.backoff.max.ms = 1000
	reconnect.backoff.ms = 50
	request.timeout.ms = 5000
	retries = 2147483647
	retry.backoff.max.ms = 1000
	retry.backoff.ms = 100
	sasl.client.callback.handler.class = null
	sasl.jaas.config = null
	sasl.kerberos.kinit.cmd = /usr/bin/kinit
	sasl.kerberos.min.time.before.relogin = 60000
	sasl.kerberos.service.name = null
	sasl.kerberos.ticket.renew.jitter = 0.05
	sasl.kerberos.ticket.renew.window.factor = 0.8
	sasl.login.callback.handler.class = null
	sasl.login.class = null
	sasl.login.connect.timeout.ms = null
	sasl.login.read.timeout.ms = null
	sasl.login.refresh.buffer.seconds = 300
	sasl.login.refresh.min.period.seconds = 60
	sasl.login.refresh.window.factor = 0.8
	sasl.login.refresh.window.jitter = 0.05
	sasl.login.retry.backoff.max.ms = 10000
	sasl.login.retry.backoff.ms = 100
	sasl.mechanism = GSSAPI
	sasl.oauthbearer.clock.skew.seconds = 30
	sasl.oauthbearer.expected.audience = null
	sasl.oauthbearer.expected.issuer = null
	sasl.oauthbearer.header.urlencode = false
	sasl.oauthbearer.jwks.endpoint.refresh.ms = 3600000
	sasl.oauthbearer.jwks.endpoint.retry.backoff.max.ms = 10000
	sasl.oauthbearer.jwks.endpoint.retry.backoff.ms = 100
	sasl.oauthbearer.jwks.endpoint.url = null
	sasl.oauthbearer.scope.claim.name = scope
	sasl.oauthbearer.sub.claim.name = sub
	sasl.oauthbearer.token.endpoint.url = null
	security.protocol = PLAINTEXT
	security.providers = null
	send.buffer.bytes = 131072
	socket.connection.setup.timeout.max.ms = 30000
	socket.connection.setup.timeout.ms = 10000
	ssl.cipher.suites = null
	ssl.enabled.protocols = [TLSv1.2, TLSv1.3]
	ssl.endpoint.identification.algorithm = https
	ssl.engine.factory.class = null
	ssl.key.password = null
	ssl.keymanager.algorithm = SunX509
	ssl.keystore.certificate.chain = null
	ssl.keystore.key = null
	ssl.keystore.location = null
	ssl.keystore.password = null
	ssl.keystore.type = JKS
	ssl.protocol = TLSv1.3
	ssl.provider = null
	ssl.secure.random.implementation = null
	ssl.trustmanager.algorithm = PKIX
	ssl.truststore.certificates = null
	ssl.truststore.location = null
	ssl.truststore.password = null
	ssl.truststore.type = JKS
	transaction.timeout.ms = 60000
	transactional.id = null
	value.serializer = class io.apicurio.registry.serde.avro.AvroKafkaSerializer

2025-07-31 15:29:59,688 INFO  [org.apa.kaf.com.tel.int.KafkaMetricsCollector] (main) initializing Kafka metrics collector
2025-07-31 15:29:59,691 INFO  [org.apa.kaf.cli.pro.KafkaProducer] (main) [Producer clientId=Producer-topic-2046ba2a_83cc_4520_b8fe_bd1af1f0945b] Instantiated an idempotent producer.
2025-07-31 15:29:59,709 INFO  [org.apa.kaf.cli.pro.ProducerConfig] (main) These configurations '[apicurio.registry.find-latest, apicurio.registry.url, apicurio.registry.artifact-resolver-strategy]' were supplied but are not used yet.
2025-07-31 15:29:59,709 INFO  [org.apa.kaf.com.uti.AppInfoParser] (main) Kafka version: 3.9.0
2025-07-31 15:29:59,709 INFO  [org.apa.kaf.com.uti.AppInfoParser] (main) Kafka commitId: 84caaa6e9da06435
2025-07-31 15:29:59,709 INFO  [org.apa.kaf.com.uti.AppInfoParser] (main) Kafka startTimeMs: 1753975799709
2025-07-31 15:29:59,711 INFO  [io.api.tes.ser.api.KafkaSerdesTester] (Thread-162) Sending message {"keyB": "value-0"} to topic topic-2046ba2a_83cc_4520_b8fe_bd1af1f0945b
2025-07-31 15:29:59,715 INFO  [org.apa.kaf.cli.Metadata] (kafka-producer-network-thread | Producer-topic-2046ba2a_83cc_4520_b8fe_bd1af1f0945b) [Producer clientId=Producer-topic-2046ba2a_83cc_4520_b8fe_bd1af1f0945b] Cluster ID: BgnDnmd_Rn-oXa8M1ygsew
2025-07-31 15:29:59,715 INFO  [org.apa.kaf.cli.pro.int.TransactionManager] (kafka-producer-network-thread | Producer-topic-2046ba2a_83cc_4520_b8fe_bd1af1f0945b) [Producer clientId=Producer-topic-2046ba2a_83cc_4520_b8fe_bd1af1f0945b] ProducerId set to 8 with epoch 0
2025-07-31 15:29:59,736 INFO  [org.apa.kaf.cli.pro.KafkaProducer] (Thread-162) [Producer clientId=Producer-topic-2046ba2a_83cc_4520_b8fe_bd1af1f0945b] Closing the Kafka producer with timeoutMillis = 9223372036854775807 ms.
2025-07-31 15:29:59,737 INFO  [org.apa.kaf.com.met.Metrics] (Thread-162) Metrics scheduler closed
2025-07-31 15:29:59,737 INFO  [org.apa.kaf.com.met.Metrics] (Thread-162) Closing reporter org.apache.kafka.common.metrics.JmxReporter
2025-07-31 15:29:59,737 INFO  [org.apa.kaf.com.met.Metrics] (Thread-162) Closing reporter org.apache.kafka.common.telemetry.internals.ClientTelemetryReporter
2025-07-31 15:29:59,737 INFO  [org.apa.kaf.com.met.Metrics] (Thread-162) Metrics reporters closed
2025-07-31 15:29:59,738 INFO  [org.apa.kaf.com.uti.AppInfoParser] (Thread-162) App info kafka.producer for Producer-topic-2046ba2a_83cc_4520_b8fe_bd1af1f0945b unregistered
2025-07-31 15:29:59,738 INFO  [io.api.tes.uti.TestSeparator] (main) io.apicurio.tests.serdes.apicurio.AvroSerdeIT.testAvroSerDesFailDifferentSchemaByRecordName-FINISHED
2025-07-31 15:29:59,738 INFO  [io.api.tes.uti.TestSeparator] (main) ############################################################################
]]></system-out>
    <system-err><![CDATA[io.apicurio.registry.rest.client.models.ProblemDetails
	at io.apicurio.registry.rest.client.models.ProblemDetails.createFromDiscriminatorValue(ProblemDetails.java:58)
	at io.kiota.serialization.json.JsonParseNode.getObjectValue(JsonParseNode.java:247)
	at io.kiota.http.vertx.VertXRequestAdapter.lambda$throwIfFailedResponse$0(VertXRequestAdapter.java:400)
	at com.microsoft.kiota.ApiExceptionBuilder.<init>(ApiExceptionBuilder.java:26)
	at io.kiota.http.vertx.VertXRequestAdapter.throwIfFailedResponse(VertXRequestAdapter.java:399)
	at io.kiota.http.vertx.VertXRequestAdapter.send(VertXRequestAdapter.java:170)
	at io.apicurio.registry.rest.client.groups.item.artifacts.item.versions.item.WithVersionExpressionItemRequestBuilder.get(WithVersionExpressionItemRequestBuilder.java:128)
	at io.apicurio.registry.rest.client.groups.item.artifacts.item.versions.item.WithVersionExpressionItemRequestBuilder.get(WithVersionExpressionItemRequestBuilder.java:111)
	at io.apicurio.registry.resolver.DefaultSchemaResolver.resolveByCoordinates(DefaultSchemaResolver.java:469)
	at io.apicurio.registry.resolver.DefaultSchemaResolver.lambda$resolveSchemaByArtifactReferenceCached$12(DefaultSchemaResolver.java:451)
	at io.apicurio.registry.resolver.ERCache.lambda$getValue$0(ERCache.java:181)
	at io.apicurio.registry.resolver.ERCache.retry(ERCache.java:234)
	at io.apicurio.registry.resolver.ERCache.getValue(ERCache.java:180)
	at io.apicurio.registry.resolver.ERCache.getByArtifactCoordinates(ERCache.java:165)
	at io.apicurio.registry.resolver.DefaultSchemaResolver.resolveSchemaByArtifactReferenceCached(DefaultSchemaResolver.java:449)
	at io.apicurio.registry.resolver.DefaultSchemaResolver.resolveSchemaByCoordinates(DefaultSchemaResolver.java:201)
	at io.apicurio.registry.resolver.DefaultSchemaResolver.getSchemaFromRegistry(DefaultSchemaResolver.java:134)
	at io.apicurio.registry.resolver.DefaultSchemaResolver.lambda$resolveSchema$0(DefaultSchemaResolver.java:86)
	at java.base/java.util.Optional.orElseGet(Optional.java:364)
	at io.apicurio.registry.resolver.DefaultSchemaResolver.resolveSchema(DefaultSchemaResolver.java:86)
	at io.apicurio.registry.serde.AbstractSerializer.serializeData(AbstractSerializer.java:62)
	at io.apicurio.registry.serde.KafkaSerializer.serialize(KafkaSerializer.java:77)
	at org.apache.kafka.clients.producer.KafkaProducer.doSend(KafkaProducer.java:1046)
	at org.apache.kafka.clients.producer.KafkaProducer.send(KafkaProducer.java:993)
	at org.apache.kafka.clients.producer.KafkaProducer.send(KafkaProducer.java:875)
	at io.apicurio.tests.serdes.apicurio.KafkaSerdesTester.lambda$produceMessages$3(KafkaSerdesTester.java:138)
	at java.base/java.util.concurrent.CompletableFuture$AsyncSupply.run(CompletableFuture.java:1768)
	at java.base/java.lang.Thread.run(Thread.java:840)
]]></system-err>
  </testcase>
  <testcase name="testTopicIdStrategyFindLatest" classname="io.apicurio.tests.serdes.apicurio.AvroSerdeIT" time="1.803">
    <system-out><![CDATA[2025-07-31 15:29:59,740 INFO  [io.api.tes.uti.TestSeparator] (main) ############################################################################
2025-07-31 15:29:59,740 INFO  [io.api.tes.uti.TestSeparator] (main) io.apicurio.tests.serdes.apicurio.AvroSerdeIT.testTopicIdStrategyFindLatest-STARTED
2025-07-31 15:29:59,741 INFO  [io.api.tes.ser.api.AvroSerdeIT] (main) Registering Avro Schema: {"type":"record","name":"myrecordapicurio1","fields":[{"name":"key11753975799741","type":"string"}]}
2025-07-31 15:30:00,797 INFO  [org.apa.kaf.cli.pro.ProducerConfig] (main) ProducerConfig values: 
	acks = -1
	auto.include.jmx.reporter = true
	batch.size = 16384
	bootstrap.servers = [PLAINTEXT://localhost:32770]
	buffer.memory = 33554432
	client.dns.lookup = use_all_dns_ips
	client.id = Producer-topic-0d32b652_a94c_4e3b_a1d3_308d76fa25ae
	compression.gzip.level = -1
	compression.lz4.level = 9
	compression.type = none
	compression.zstd.level = 3
	connections.max.idle.ms = 10000
	delivery.timeout.ms = 120000
	enable.idempotence = true
	enable.metrics.push = true
	interceptor.classes = []
	key.serializer = class org.apache.kafka.common.serialization.StringSerializer
	linger.ms = 0
	max.block.ms = 60000
	max.in.flight.requests.per.connection = 5
	max.request.size = 1048576
	metadata.max.age.ms = 300000
	metadata.max.idle.ms = 300000
	metadata.recovery.strategy = none
	metric.reporters = []
	metrics.num.samples = 2
	metrics.recording.level = INFO
	metrics.sample.window.ms = 30000
	partitioner.adaptive.partitioning.enable = true
	partitioner.availability.timeout.ms = 0
	partitioner.class = null
	partitioner.ignore.keys = false
	receive.buffer.bytes = 32768
	reconnect.backoff.max.ms = 1000
	reconnect.backoff.ms = 50
	request.timeout.ms = 5000
	retries = 2147483647
	retry.backoff.max.ms = 1000
	retry.backoff.ms = 100
	sasl.client.callback.handler.class = null
	sasl.jaas.config = null
	sasl.kerberos.kinit.cmd = /usr/bin/kinit
	sasl.kerberos.min.time.before.relogin = 60000
	sasl.kerberos.service.name = null
	sasl.kerberos.ticket.renew.jitter = 0.05
	sasl.kerberos.ticket.renew.window.factor = 0.8
	sasl.login.callback.handler.class = null
	sasl.login.class = null
	sasl.login.connect.timeout.ms = null
	sasl.login.read.timeout.ms = null
	sasl.login.refresh.buffer.seconds = 300
	sasl.login.refresh.min.period.seconds = 60
	sasl.login.refresh.window.factor = 0.8
	sasl.login.refresh.window.jitter = 0.05
	sasl.login.retry.backoff.max.ms = 10000
	sasl.login.retry.backoff.ms = 100
	sasl.mechanism = GSSAPI
	sasl.oauthbearer.clock.skew.seconds = 30
	sasl.oauthbearer.expected.audience = null
	sasl.oauthbearer.expected.issuer = null
	sasl.oauthbearer.header.urlencode = false
	sasl.oauthbearer.jwks.endpoint.refresh.ms = 3600000
	sasl.oauthbearer.jwks.endpoint.retry.backoff.max.ms = 10000
	sasl.oauthbearer.jwks.endpoint.retry.backoff.ms = 100
	sasl.oauthbearer.jwks.endpoint.url = null
	sasl.oauthbearer.scope.claim.name = scope
	sasl.oauthbearer.sub.claim.name = sub
	sasl.oauthbearer.token.endpoint.url = null
	security.protocol = PLAINTEXT
	security.providers = null
	send.buffer.bytes = 131072
	socket.connection.setup.timeout.max.ms = 30000
	socket.connection.setup.timeout.ms = 10000
	ssl.cipher.suites = null
	ssl.enabled.protocols = [TLSv1.2, TLSv1.3]
	ssl.endpoint.identification.algorithm = https
	ssl.engine.factory.class = null
	ssl.key.password = null
	ssl.keymanager.algorithm = SunX509
	ssl.keystore.certificate.chain = null
	ssl.keystore.key = null
	ssl.keystore.location = null
	ssl.keystore.password = null
	ssl.keystore.type = JKS
	ssl.protocol = TLSv1.3
	ssl.provider = null
	ssl.secure.random.implementation = null
	ssl.trustmanager.algorithm = PKIX
	ssl.truststore.certificates = null
	ssl.truststore.location = null
	ssl.truststore.password = null
	ssl.truststore.type = JKS
	transaction.timeout.ms = 60000
	transactional.id = null
	value.serializer = class io.apicurio.registry.serde.avro.AvroKafkaSerializer

2025-07-31 15:30:00,797 INFO  [org.apa.kaf.com.tel.int.KafkaMetricsCollector] (main) initializing Kafka metrics collector
2025-07-31 15:30:00,801 INFO  [org.apa.kaf.cli.pro.KafkaProducer] (main) [Producer clientId=Producer-topic-0d32b652_a94c_4e3b_a1d3_308d76fa25ae] Instantiated an idempotent producer.
2025-07-31 15:30:00,803 INFO  [org.apa.kaf.cli.pro.ProducerConfig] (main) These configurations '[apicurio.registry.find-latest, apicurio.registry.url, apicurio.registry.artifact-resolver-strategy]' were supplied but are not used yet.
2025-07-31 15:30:00,803 INFO  [org.apa.kaf.com.uti.AppInfoParser] (main) Kafka version: 3.9.0
2025-07-31 15:30:00,803 INFO  [org.apa.kaf.com.uti.AppInfoParser] (main) Kafka commitId: 84caaa6e9da06435
2025-07-31 15:30:00,803 INFO  [org.apa.kaf.com.uti.AppInfoParser] (main) Kafka startTimeMs: 1753975800803
2025-07-31 15:30:00,803 INFO  [io.api.tes.ser.api.SimpleSerdesTesterBuilder$SimpleSerdesTester] (main) Using producer configuration: {apicurio.registry.find-latest=true, apicurio.registry.url=http://registry-app-postgresql.apps.ci419.apicurio-testing.org:80/apis/registry/v3, apicurio.registry.artifact-resolver-strategy=io.apicurio.registry.serde.strategy.TopicIdStrategy, value.serializer=io.apicurio.registry.serde.avro.AvroKafkaSerializer, request.timeout.ms=5000, acks=all, bootstrap.servers=PLAINTEXT://localhost:32770, connections.max.idle.ms=10000, key.serializer=org.apache.kafka.common.serialization.StringSerializer, client.id=Producer-topic-0d32b652_a94c_4e3b_a1d3_308d76fa25ae}
2025-07-31 15:30:00,803 INFO  [io.api.tes.ser.api.SimpleSerdesTesterBuilder$SimpleSerdesTester] (main) Using consumer configuration: {}
2025-07-31 15:30:00,807 INFO  [io.api.tes.ser.api.KafkaSerdesTester] (Thread-165) Sending message {"key11753975799741": "value-0"} to topic topic-0d32b652_a94c_4e3b_a1d3_308d76fa25ae
2025-07-31 15:30:00,816 INFO  [org.apa.kaf.cli.Metadata] (kafka-producer-network-thread | Producer-topic-0d32b652_a94c_4e3b_a1d3_308d76fa25ae) [Producer clientId=Producer-topic-0d32b652_a94c_4e3b_a1d3_308d76fa25ae] Cluster ID: BgnDnmd_Rn-oXa8M1ygsew
2025-07-31 15:30:00,821 INFO  [org.apa.kaf.cli.pro.int.TransactionManager] (kafka-producer-network-thread | Producer-topic-0d32b652_a94c_4e3b_a1d3_308d76fa25ae) [Producer clientId=Producer-topic-0d32b652_a94c_4e3b_a1d3_308d76fa25ae] ProducerId set to 9 with epoch 0
2025-07-31 15:30:00,876 INFO  [io.api.tes.ser.api.KafkaSerdesTester] (Thread-165) Sending message {"key11753975799741": "value-1"} to topic topic-0d32b652_a94c_4e3b_a1d3_308d76fa25ae
2025-07-31 15:30:00,879 INFO  [io.api.tes.ser.api.KafkaSerdesTester] (Thread-165) Sending message {"key11753975799741": "value-2"} to topic topic-0d32b652_a94c_4e3b_a1d3_308d76fa25ae
2025-07-31 15:30:00,881 INFO  [io.api.tes.ser.api.KafkaSerdesTester] (Thread-165) Sending message {"key11753975799741": "value-3"} to topic topic-0d32b652_a94c_4e3b_a1d3_308d76fa25ae
2025-07-31 15:30:00,884 INFO  [io.api.tes.ser.api.KafkaSerdesTester] (Thread-165) Sending message {"key11753975799741": "value-4"} to topic topic-0d32b652_a94c_4e3b_a1d3_308d76fa25ae
2025-07-31 15:30:00,886 INFO  [io.api.tes.ser.api.KafkaSerdesTester] (Thread-165) Sending message {"key11753975799741": "value-5"} to topic topic-0d32b652_a94c_4e3b_a1d3_308d76fa25ae
2025-07-31 15:30:00,889 INFO  [io.api.tes.ser.api.KafkaSerdesTester] (Thread-165) Sending message {"key11753975799741": "value-6"} to topic topic-0d32b652_a94c_4e3b_a1d3_308d76fa25ae
2025-07-31 15:30:00,895 INFO  [io.api.tes.ser.api.KafkaSerdesTester] (Thread-165) Sending message {"key11753975799741": "value-7"} to topic topic-0d32b652_a94c_4e3b_a1d3_308d76fa25ae
2025-07-31 15:30:00,899 INFO  [io.api.tes.ser.api.KafkaSerdesTester] (Thread-165) Sending message {"key11753975799741": "value-8"} to topic topic-0d32b652_a94c_4e3b_a1d3_308d76fa25ae
2025-07-31 15:30:00,901 INFO  [io.api.tes.ser.api.KafkaSerdesTester] (Thread-165) Sending message {"key11753975799741": "value-9"} to topic topic-0d32b652_a94c_4e3b_a1d3_308d76fa25ae
2025-07-31 15:30:00,903 INFO  [io.api.tes.ser.api.KafkaSerdesTester] (Thread-165) Produced 10 messages
2025-07-31 15:30:00,903 INFO  [org.apa.kaf.cli.pro.KafkaProducer] (Thread-165) [Producer clientId=Producer-topic-0d32b652_a94c_4e3b_a1d3_308d76fa25ae] Closing the Kafka producer with timeoutMillis = 9223372036854775807 ms.
2025-07-31 15:30:00,907 INFO  [org.apa.kaf.com.met.Metrics] (Thread-165) Metrics scheduler closed
2025-07-31 15:30:00,907 INFO  [org.apa.kaf.com.met.Metrics] (Thread-165) Closing reporter org.apache.kafka.common.metrics.JmxReporter
2025-07-31 15:30:00,907 INFO  [org.apa.kaf.com.met.Metrics] (Thread-165) Closing reporter org.apache.kafka.common.telemetry.internals.ClientTelemetryReporter
2025-07-31 15:30:00,908 INFO  [org.apa.kaf.com.met.Metrics] (Thread-165) Metrics reporters closed
2025-07-31 15:30:00,908 INFO  [org.apa.kaf.com.uti.AppInfoParser] (Thread-165) App info kafka.producer for Producer-topic-0d32b652_a94c_4e3b_a1d3_308d76fa25ae unregistered
2025-07-31 15:30:00,909 INFO  [org.apa.kaf.cli.con.ConsumerConfig] (main) ConsumerConfig values: 
	allow.auto.create.topics = true
	auto.commit.interval.ms = 500
	auto.include.jmx.reporter = true
	auto.offset.reset = earliest
	bootstrap.servers = [PLAINTEXT://localhost:32770]
	check.crcs = true
	client.dns.lookup = use_all_dns_ips
	client.id = consumer-Consumer-topic-0d32b652_a94c_4e3b_a1d3_308d76fa25ae-7
	client.rack = 
	connections.max.idle.ms = 10000
	default.api.timeout.ms = 60000
	enable.auto.commit = true
	enable.metrics.push = true
	exclude.internal.topics = true
	fetch.max.bytes = 52428800
	fetch.max.wait.ms = 500
	fetch.min.bytes = 1
	group.id = Consumer-topic-0d32b652_a94c_4e3b_a1d3_308d76fa25ae
	group.instance.id = null
	group.protocol = classic
	group.remote.assignor = null
	heartbeat.interval.ms = 3000
	interceptor.classes = []
	internal.leave.group.on.close = true
	internal.throw.on.fetch.stable.offset.unsupported = false
	isolation.level = read_uncommitted
	key.deserializer = class org.apache.kafka.common.serialization.StringDeserializer
	max.partition.fetch.bytes = 1048576
	max.poll.interval.ms = 300000
	max.poll.records = 500
	metadata.max.age.ms = 300000
	metadata.recovery.strategy = none
	metric.reporters = []
	metrics.num.samples = 2
	metrics.recording.level = INFO
	metrics.sample.window.ms = 30000
	partition.assignment.strategy = [class org.apache.kafka.clients.consumer.RangeAssignor, class org.apache.kafka.clients.consumer.CooperativeStickyAssignor]
	receive.buffer.bytes = 65536
	reconnect.backoff.max.ms = 1000
	reconnect.backoff.ms = 50
	request.timeout.ms = 5000
	retry.backoff.max.ms = 1000
	retry.backoff.ms = 100
	sasl.client.callback.handler.class = null
	sasl.jaas.config = null
	sasl.kerberos.kinit.cmd = /usr/bin/kinit
	sasl.kerberos.min.time.before.relogin = 60000
	sasl.kerberos.service.name = null
	sasl.kerberos.ticket.renew.jitter = 0.05
	sasl.kerberos.ticket.renew.window.factor = 0.8
	sasl.login.callback.handler.class = null
	sasl.login.class = null
	sasl.login.connect.timeout.ms = null
	sasl.login.read.timeout.ms = null
	sasl.login.refresh.buffer.seconds = 300
	sasl.login.refresh.min.period.seconds = 60
	sasl.login.refresh.window.factor = 0.8
	sasl.login.refresh.window.jitter = 0.05
	sasl.login.retry.backoff.max.ms = 10000
	sasl.login.retry.backoff.ms = 100
	sasl.mechanism = GSSAPI
	sasl.oauthbearer.clock.skew.seconds = 30
	sasl.oauthbearer.expected.audience = null
	sasl.oauthbearer.expected.issuer = null
	sasl.oauthbearer.header.urlencode = false
	sasl.oauthbearer.jwks.endpoint.refresh.ms = 3600000
	sasl.oauthbearer.jwks.endpoint.retry.backoff.max.ms = 10000
	sasl.oauthbearer.jwks.endpoint.retry.backoff.ms = 100
	sasl.oauthbearer.jwks.endpoint.url = null
	sasl.oauthbearer.scope.claim.name = scope
	sasl.oauthbearer.sub.claim.name = sub
	sasl.oauthbearer.token.endpoint.url = null
	security.protocol = PLAINTEXT
	security.providers = null
	send.buffer.bytes = 131072
	session.timeout.ms = 45000
	socket.connection.setup.timeout.max.ms = 30000
	socket.connection.setup.timeout.ms = 10000
	ssl.cipher.suites = null
	ssl.enabled.protocols = [TLSv1.2, TLSv1.3]
	ssl.endpoint.identification.algorithm = https
	ssl.engine.factory.class = null
	ssl.key.password = null
	ssl.keymanager.algorithm = SunX509
	ssl.keystore.certificate.chain = null
	ssl.keystore.key = null
	ssl.keystore.location = null
	ssl.keystore.password = null
	ssl.keystore.type = JKS
	ssl.protocol = TLSv1.3
	ssl.provider = null
	ssl.secure.random.implementation = null
	ssl.trustmanager.algorithm = PKIX
	ssl.truststore.certificates = null
	ssl.truststore.location = null
	ssl.truststore.password = null
	ssl.truststore.type = JKS
	value.deserializer = class io.apicurio.registry.serde.avro.AvroKafkaDeserializer

2025-07-31 15:30:00,909 INFO  [org.apa.kaf.com.tel.int.KafkaMetricsCollector] (main) initializing Kafka metrics collector
2025-07-31 15:30:00,928 INFO  [org.apa.kaf.cli.con.ConsumerConfig] (main) These configurations '[apicurio.registry.url]' were supplied but are not used yet.
2025-07-31 15:30:00,928 INFO  [org.apa.kaf.com.uti.AppInfoParser] (main) Kafka version: 3.9.0
2025-07-31 15:30:00,928 INFO  [org.apa.kaf.com.uti.AppInfoParser] (main) Kafka commitId: 84caaa6e9da06435
2025-07-31 15:30:00,928 INFO  [org.apa.kaf.com.uti.AppInfoParser] (main) Kafka startTimeMs: 1753975800928
2025-07-31 15:30:00,928 INFO  [org.apa.kaf.cli.con.int.ClassicKafkaConsumer] (Thread-168) [Consumer clientId=consumer-Consumer-topic-0d32b652_a94c_4e3b_a1d3_308d76fa25ae-7, groupId=Consumer-topic-0d32b652_a94c_4e3b_a1d3_308d76fa25ae] Subscribed to topic(s): topic-0d32b652_a94c_4e3b_a1d3_308d76fa25ae
2025-07-31 15:30:00,941 INFO  [org.apa.kaf.cli.Metadata] (Thread-168) [Consumer clientId=consumer-Consumer-topic-0d32b652_a94c_4e3b_a1d3_308d76fa25ae-7, groupId=Consumer-topic-0d32b652_a94c_4e3b_a1d3_308d76fa25ae] Cluster ID: BgnDnmd_Rn-oXa8M1ygsew
2025-07-31 15:30:00,942 INFO  [org.apa.kaf.cli.con.int.ConsumerCoordinator] (Thread-168) [Consumer clientId=consumer-Consumer-topic-0d32b652_a94c_4e3b_a1d3_308d76fa25ae-7, groupId=Consumer-topic-0d32b652_a94c_4e3b_a1d3_308d76fa25ae] Discovered group coordinator localhost:32770 (id: 2147483647 rack: null)
2025-07-31 15:30:00,943 INFO  [org.apa.kaf.cli.con.int.ConsumerCoordinator] (Thread-168) [Consumer clientId=consumer-Consumer-topic-0d32b652_a94c_4e3b_a1d3_308d76fa25ae-7, groupId=Consumer-topic-0d32b652_a94c_4e3b_a1d3_308d76fa25ae] (Re-)joining group
2025-07-31 15:30:00,955 INFO  [org.apa.kaf.cli.con.int.ConsumerCoordinator] (Thread-168) [Consumer clientId=consumer-Consumer-topic-0d32b652_a94c_4e3b_a1d3_308d76fa25ae-7, groupId=Consumer-topic-0d32b652_a94c_4e3b_a1d3_308d76fa25ae] Request joining group due to: need to re-join with the given member-id: consumer-Consumer-topic-0d32b652_a94c_4e3b_a1d3_308d76fa25ae-7-62b5e917-7137-4b34-85a4-e1ce8181077e
2025-07-31 15:30:00,955 INFO  [org.apa.kaf.cli.con.int.ConsumerCoordinator] (Thread-168) [Consumer clientId=consumer-Consumer-topic-0d32b652_a94c_4e3b_a1d3_308d76fa25ae-7, groupId=Consumer-topic-0d32b652_a94c_4e3b_a1d3_308d76fa25ae] (Re-)joining group
2025-07-31 15:30:00,961 INFO  [org.apa.kaf.cli.con.int.ConsumerCoordinator] (Thread-168) [Consumer clientId=consumer-Consumer-topic-0d32b652_a94c_4e3b_a1d3_308d76fa25ae-7, groupId=Consumer-topic-0d32b652_a94c_4e3b_a1d3_308d76fa25ae] Successfully joined group with generation Generation{generationId=1, memberId='consumer-Consumer-topic-0d32b652_a94c_4e3b_a1d3_308d76fa25ae-7-62b5e917-7137-4b34-85a4-e1ce8181077e', protocol='range'}
2025-07-31 15:30:00,962 INFO  [org.apa.kaf.cli.con.int.ConsumerCoordinator] (Thread-168) [Consumer clientId=consumer-Consumer-topic-0d32b652_a94c_4e3b_a1d3_308d76fa25ae-7, groupId=Consumer-topic-0d32b652_a94c_4e3b_a1d3_308d76fa25ae] Finished assignment for group at generation 1: {consumer-Consumer-topic-0d32b652_a94c_4e3b_a1d3_308d76fa25ae-7-62b5e917-7137-4b34-85a4-e1ce8181077e=Assignment(partitions=[topic-0d32b652_a94c_4e3b_a1d3_308d76fa25ae-0])}
2025-07-31 15:30:00,971 INFO  [org.apa.kaf.cli.con.int.ConsumerCoordinator] (Thread-168) [Consumer clientId=consumer-Consumer-topic-0d32b652_a94c_4e3b_a1d3_308d76fa25ae-7, groupId=Consumer-topic-0d32b652_a94c_4e3b_a1d3_308d76fa25ae] Successfully synced group in generation Generation{generationId=1, memberId='consumer-Consumer-topic-0d32b652_a94c_4e3b_a1d3_308d76fa25ae-7-62b5e917-7137-4b34-85a4-e1ce8181077e', protocol='range'}
2025-07-31 15:30:00,971 INFO  [org.apa.kaf.cli.con.int.ConsumerCoordinator] (Thread-168) [Consumer clientId=consumer-Consumer-topic-0d32b652_a94c_4e3b_a1d3_308d76fa25ae-7, groupId=Consumer-topic-0d32b652_a94c_4e3b_a1d3_308d76fa25ae] Notifying assignor about the new Assignment(partitions=[topic-0d32b652_a94c_4e3b_a1d3_308d76fa25ae-0])
2025-07-31 15:30:00,971 INFO  [org.apa.kaf.cli.con.int.ConsumerRebalanceListenerInvoker] (Thread-168) [Consumer clientId=consumer-Consumer-topic-0d32b652_a94c_4e3b_a1d3_308d76fa25ae-7, groupId=Consumer-topic-0d32b652_a94c_4e3b_a1d3_308d76fa25ae] Adding newly assigned partitions: topic-0d32b652_a94c_4e3b_a1d3_308d76fa25ae-0
2025-07-31 15:30:00,974 INFO  [org.apa.kaf.cli.con.int.ConsumerCoordinator] (Thread-168) [Consumer clientId=consumer-Consumer-topic-0d32b652_a94c_4e3b_a1d3_308d76fa25ae-7, groupId=Consumer-topic-0d32b652_a94c_4e3b_a1d3_308d76fa25ae] Found no committed offset for partition topic-0d32b652_a94c_4e3b_a1d3_308d76fa25ae-0
2025-07-31 15:30:00,986 INFO  [org.apa.kaf.cli.con.int.SubscriptionState] (Thread-168) [Consumer clientId=consumer-Consumer-topic-0d32b652_a94c_4e3b_a1d3_308d76fa25ae-7, groupId=Consumer-topic-0d32b652_a94c_4e3b_a1d3_308d76fa25ae] Resetting offset for partition topic-0d32b652_a94c_4e3b_a1d3_308d76fa25ae-0 to position FetchPosition{offset=0, offsetEpoch=Optional.empty, currentLeader=LeaderAndEpoch{leader=Optional[localhost:32770 (id: 0 rack: null)], epoch=0}}.
2025-07-31 15:30:01,035 INFO  [io.api.tes.ser.api.KafkaSerdesTester] (Thread-168) topic-0d32b652_a94c_4e3b_a1d3_308d76fa25ae 0 0 {"key11753975799741": "value-0"}
2025-07-31 15:30:01,036 INFO  [io.api.tes.ser.api.KafkaSerdesTester] (Thread-168) topic-0d32b652_a94c_4e3b_a1d3_308d76fa25ae 0 1 {"key11753975799741": "value-1"}
2025-07-31 15:30:01,036 INFO  [io.api.tes.ser.api.KafkaSerdesTester] (Thread-168) topic-0d32b652_a94c_4e3b_a1d3_308d76fa25ae 0 2 {"key11753975799741": "value-2"}
2025-07-31 15:30:01,036 INFO  [io.api.tes.ser.api.KafkaSerdesTester] (Thread-168) topic-0d32b652_a94c_4e3b_a1d3_308d76fa25ae 0 3 {"key11753975799741": "value-3"}
2025-07-31 15:30:01,036 INFO  [io.api.tes.ser.api.KafkaSerdesTester] (Thread-168) topic-0d32b652_a94c_4e3b_a1d3_308d76fa25ae 0 4 {"key11753975799741": "value-4"}
2025-07-31 15:30:01,036 INFO  [io.api.tes.ser.api.KafkaSerdesTester] (Thread-168) topic-0d32b652_a94c_4e3b_a1d3_308d76fa25ae 0 5 {"key11753975799741": "value-5"}
2025-07-31 15:30:01,036 INFO  [io.api.tes.ser.api.KafkaSerdesTester] (Thread-168) topic-0d32b652_a94c_4e3b_a1d3_308d76fa25ae 0 6 {"key11753975799741": "value-6"}
2025-07-31 15:30:01,036 INFO  [io.api.tes.ser.api.KafkaSerdesTester] (Thread-168) topic-0d32b652_a94c_4e3b_a1d3_308d76fa25ae 0 7 {"key11753975799741": "value-7"}
2025-07-31 15:30:01,036 INFO  [io.api.tes.ser.api.KafkaSerdesTester] (Thread-168) topic-0d32b652_a94c_4e3b_a1d3_308d76fa25ae 0 8 {"key11753975799741": "value-8"}
2025-07-31 15:30:01,036 INFO  [io.api.tes.ser.api.KafkaSerdesTester] (Thread-168) topic-0d32b652_a94c_4e3b_a1d3_308d76fa25ae 0 9 {"key11753975799741": "value-9"}
2025-07-31 15:30:01,036 INFO  [io.api.tes.ser.api.KafkaSerdesTester] (Thread-168) Consumed 10 messages
2025-07-31 15:30:01,039 INFO  [org.apa.kaf.cli.con.int.ConsumerRebalanceListenerInvoker] (Thread-168) [Consumer clientId=consumer-Consumer-topic-0d32b652_a94c_4e3b_a1d3_308d76fa25ae-7, groupId=Consumer-topic-0d32b652_a94c_4e3b_a1d3_308d76fa25ae] Revoke previously assigned partitions topic-0d32b652_a94c_4e3b_a1d3_308d76fa25ae-0
2025-07-31 15:30:01,039 INFO  [org.apa.kaf.cli.con.int.ConsumerCoordinator] (Thread-168) [Consumer clientId=consumer-Consumer-topic-0d32b652_a94c_4e3b_a1d3_308d76fa25ae-7, groupId=Consumer-topic-0d32b652_a94c_4e3b_a1d3_308d76fa25ae] Member consumer-Consumer-topic-0d32b652_a94c_4e3b_a1d3_308d76fa25ae-7-62b5e917-7137-4b34-85a4-e1ce8181077e sending LeaveGroup request to coordinator localhost:32770 (id: 2147483647 rack: null) due to the consumer is being closed
2025-07-31 15:30:01,040 INFO  [org.apa.kaf.cli.con.int.ConsumerCoordinator] (Thread-168) [Consumer clientId=consumer-Consumer-topic-0d32b652_a94c_4e3b_a1d3_308d76fa25ae-7, groupId=Consumer-topic-0d32b652_a94c_4e3b_a1d3_308d76fa25ae] Resetting generation and member id due to: consumer pro-actively leaving the group
2025-07-31 15:30:01,040 INFO  [org.apa.kaf.cli.con.int.ConsumerCoordinator] (Thread-168) [Consumer clientId=consumer-Consumer-topic-0d32b652_a94c_4e3b_a1d3_308d76fa25ae-7, groupId=Consumer-topic-0d32b652_a94c_4e3b_a1d3_308d76fa25ae] Request joining group due to: consumer pro-actively leaving the group
2025-07-31 15:30:01,538 INFO  [org.apa.kaf.com.met.Metrics] (Thread-168) Metrics scheduler closed
2025-07-31 15:30:01,539 INFO  [org.apa.kaf.com.met.Metrics] (Thread-168) Closing reporter org.apache.kafka.common.metrics.JmxReporter
2025-07-31 15:30:01,539 INFO  [org.apa.kaf.com.met.Metrics] (Thread-168) Closing reporter org.apache.kafka.common.telemetry.internals.ClientTelemetryReporter
2025-07-31 15:30:01,539 INFO  [org.apa.kaf.com.met.Metrics] (Thread-168) Metrics reporters closed
2025-07-31 15:30:01,541 INFO  [org.apa.kaf.com.uti.AppInfoParser] (Thread-168) App info kafka.consumer for consumer-Consumer-topic-0d32b652_a94c_4e3b_a1d3_308d76fa25ae-7 unregistered
2025-07-31 15:30:01,542 INFO  [io.api.tes.uti.TestSeparator] (main) io.apicurio.tests.serdes.apicurio.AvroSerdeIT.testTopicIdStrategyFindLatest-FINISHED
2025-07-31 15:30:01,542 INFO  [io.api.tes.uti.TestSeparator] (main) ############################################################################
]]></system-out>
  </testcase>
  <testcase name="testAvroUnionWithSpecificReader" classname="io.apicurio.tests.serdes.apicurio.AvroSerdeIT" time="1.063">
    <system-out><![CDATA[2025-07-31 15:30:01,543 INFO  [io.api.tes.uti.TestSeparator] (main) ############################################################################
2025-07-31 15:30:01,543 INFO  [io.api.tes.uti.TestSeparator] (main) io.apicurio.tests.serdes.apicurio.AvroSerdeIT.testAvroUnionWithSpecificReader-STARTED
2025-07-31 15:30:01,547 INFO  [org.apa.kaf.cli.pro.ProducerConfig] (main) ProducerConfig values: 
	acks = -1
	auto.include.jmx.reporter = true
	batch.size = 16384
	bootstrap.servers = [PLAINTEXT://localhost:32770]
	buffer.memory = 33554432
	client.dns.lookup = use_all_dns_ips
	client.id = Producer-topic-e46a9f35_b2cb_4ed4_89f4_936cac6aae31
	compression.gzip.level = -1
	compression.lz4.level = 9
	compression.type = none
	compression.zstd.level = 3
	connections.max.idle.ms = 10000
	delivery.timeout.ms = 120000
	enable.idempotence = true
	enable.metrics.push = true
	interceptor.classes = []
	key.serializer = class org.apache.kafka.common.serialization.StringSerializer
	linger.ms = 0
	max.block.ms = 60000
	max.in.flight.requests.per.connection = 5
	max.request.size = 1048576
	metadata.max.age.ms = 300000
	metadata.max.idle.ms = 300000
	metadata.recovery.strategy = none
	metric.reporters = []
	metrics.num.samples = 2
	metrics.recording.level = INFO
	metrics.sample.window.ms = 30000
	partitioner.adaptive.partitioning.enable = true
	partitioner.availability.timeout.ms = 0
	partitioner.class = null
	partitioner.ignore.keys = false
	receive.buffer.bytes = 32768
	reconnect.backoff.max.ms = 1000
	reconnect.backoff.ms = 50
	request.timeout.ms = 5000
	retries = 2147483647
	retry.backoff.max.ms = 1000
	retry.backoff.ms = 100
	sasl.client.callback.handler.class = null
	sasl.jaas.config = null
	sasl.kerberos.kinit.cmd = /usr/bin/kinit
	sasl.kerberos.min.time.before.relogin = 60000
	sasl.kerberos.service.name = null
	sasl.kerberos.ticket.renew.jitter = 0.05
	sasl.kerberos.ticket.renew.window.factor = 0.8
	sasl.login.callback.handler.class = null
	sasl.login.class = null
	sasl.login.connect.timeout.ms = null
	sasl.login.read.timeout.ms = null
	sasl.login.refresh.buffer.seconds = 300
	sasl.login.refresh.min.period.seconds = 60
	sasl.login.refresh.window.factor = 0.8
	sasl.login.refresh.window.jitter = 0.05
	sasl.login.retry.backoff.max.ms = 10000
	sasl.login.retry.backoff.ms = 100
	sasl.mechanism = GSSAPI
	sasl.oauthbearer.clock.skew.seconds = 30
	sasl.oauthbearer.expected.audience = null
	sasl.oauthbearer.expected.issuer = null
	sasl.oauthbearer.header.urlencode = false
	sasl.oauthbearer.jwks.endpoint.refresh.ms = 3600000
	sasl.oauthbearer.jwks.endpoint.retry.backoff.max.ms = 10000
	sasl.oauthbearer.jwks.endpoint.retry.backoff.ms = 100
	sasl.oauthbearer.jwks.endpoint.url = null
	sasl.oauthbearer.scope.claim.name = scope
	sasl.oauthbearer.sub.claim.name = sub
	sasl.oauthbearer.token.endpoint.url = null
	security.protocol = PLAINTEXT
	security.providers = null
	send.buffer.bytes = 131072
	socket.connection.setup.timeout.max.ms = 30000
	socket.connection.setup.timeout.ms = 10000
	ssl.cipher.suites = null
	ssl.enabled.protocols = [TLSv1.2, TLSv1.3]
	ssl.endpoint.identification.algorithm = https
	ssl.engine.factory.class = null
	ssl.key.password = null
	ssl.keymanager.algorithm = SunX509
	ssl.keystore.certificate.chain = null
	ssl.keystore.key = null
	ssl.keystore.location = null
	ssl.keystore.password = null
	ssl.keystore.type = JKS
	ssl.protocol = TLSv1.3
	ssl.provider = null
	ssl.secure.random.implementation = null
	ssl.trustmanager.algorithm = PKIX
	ssl.truststore.certificates = null
	ssl.truststore.location = null
	ssl.truststore.password = null
	ssl.truststore.type = JKS
	transaction.timeout.ms = 60000
	transactional.id = null
	value.serializer = class io.apicurio.registry.serde.avro.AvroKafkaSerializer

2025-07-31 15:30:01,549 INFO  [org.apa.kaf.com.tel.int.KafkaMetricsCollector] (main) initializing Kafka metrics collector
2025-07-31 15:30:01,556 INFO  [org.apa.kaf.cli.pro.KafkaProducer] (main) [Producer clientId=Producer-topic-e46a9f35_b2cb_4ed4_89f4_936cac6aae31] Instantiated an idempotent producer.
2025-07-31 15:30:01,567 INFO  [org.apa.kaf.cli.pro.ProducerConfig] (main) These configurations '[apicurio.registry.url, apicurio.registry.auto-register, apicurio.registry.artifact-resolver-strategy]' were supplied but are not used yet.
2025-07-31 15:30:01,567 INFO  [org.apa.kaf.com.uti.AppInfoParser] (main) Kafka version: 3.9.0
2025-07-31 15:30:01,567 INFO  [org.apa.kaf.com.uti.AppInfoParser] (main) Kafka commitId: 84caaa6e9da06435
2025-07-31 15:30:01,567 INFO  [org.apa.kaf.com.uti.AppInfoParser] (main) Kafka startTimeMs: 1753975801567
2025-07-31 15:30:01,568 INFO  [io.api.tes.ser.api.SimpleSerdesTesterBuilder$SimpleSerdesTester] (main) Using producer configuration: {apicurio.registry.url=http://registry-app-postgresql.apps.ci419.apicurio-testing.org:80/apis/registry/v3, apicurio.registry.auto-register=true, apicurio.registry.artifact-resolver-strategy=io.apicurio.registry.serde.strategy.TopicIdStrategy, value.serializer=io.apicurio.registry.serde.avro.AvroKafkaSerializer, request.timeout.ms=5000, acks=all, bootstrap.servers=PLAINTEXT://localhost:32770, connections.max.idle.ms=10000, key.serializer=org.apache.kafka.common.serialization.StringSerializer, client.id=Producer-topic-e46a9f35_b2cb_4ed4_89f4_936cac6aae31}
2025-07-31 15:30:01,568 INFO  [io.api.tes.ser.api.SimpleSerdesTesterBuilder$SimpleSerdesTester] (main) Using consumer configuration: {}
2025-07-31 15:30:01,570 INFO  [io.api.tes.ser.api.KafkaSerdesTester] (Thread-171) Sending message {"id": "record-0"} to topic topic-e46a9f35_b2cb_4ed4_89f4_936cac6aae31
2025-07-31 15:30:01,593 WARN  [org.apa.kaf.cli.NetworkClient] (kafka-producer-network-thread | Producer-topic-e46a9f35_b2cb_4ed4_89f4_936cac6aae31) [Producer clientId=Producer-topic-e46a9f35_b2cb_4ed4_89f4_936cac6aae31] The metadata response from the cluster reported a recoverable issue with correlation id 2 : {topic-e46a9f35_b2cb_4ed4_89f4_936cac6aae31=LEADER_NOT_AVAILABLE}
2025-07-31 15:30:01,593 INFO  [org.apa.kaf.cli.Metadata] (kafka-producer-network-thread | Producer-topic-e46a9f35_b2cb_4ed4_89f4_936cac6aae31) [Producer clientId=Producer-topic-e46a9f35_b2cb_4ed4_89f4_936cac6aae31] Cluster ID: BgnDnmd_Rn-oXa8M1ygsew
2025-07-31 15:30:01,594 INFO  [org.apa.kaf.cli.pro.int.TransactionManager] (kafka-producer-network-thread | Producer-topic-e46a9f35_b2cb_4ed4_89f4_936cac6aae31) [Producer clientId=Producer-topic-e46a9f35_b2cb_4ed4_89f4_936cac6aae31] ProducerId set to 10 with epoch 0
2025-07-31 15:30:01,767 INFO  [io.api.tes.ser.api.KafkaSerdesTester] (Thread-171) Sending message {"value": 1} to topic topic-e46a9f35_b2cb_4ed4_89f4_936cac6aae31
2025-07-31 15:30:01,833 INFO  [io.api.tes.ser.api.KafkaSerdesTester] (Thread-171) Sending message {"active": true} to topic topic-e46a9f35_b2cb_4ed4_89f4_936cac6aae31
2025-07-31 15:30:01,911 INFO  [io.api.tes.ser.api.KafkaSerdesTester] (Thread-171) Sending message {"id": "record-3"} to topic topic-e46a9f35_b2cb_4ed4_89f4_936cac6aae31
2025-07-31 15:30:01,913 INFO  [io.api.tes.ser.api.KafkaSerdesTester] (Thread-171) Sending message {"value": 4} to topic topic-e46a9f35_b2cb_4ed4_89f4_936cac6aae31
2025-07-31 15:30:01,915 INFO  [io.api.tes.ser.api.KafkaSerdesTester] (Thread-171) Sending message {"active": false} to topic topic-e46a9f35_b2cb_4ed4_89f4_936cac6aae31
2025-07-31 15:30:01,918 INFO  [io.api.tes.ser.api.KafkaSerdesTester] (Thread-171) Sending message {"id": "record-6"} to topic topic-e46a9f35_b2cb_4ed4_89f4_936cac6aae31
2025-07-31 15:30:01,921 INFO  [io.api.tes.ser.api.KafkaSerdesTester] (Thread-171) Sending message {"value": 7} to topic topic-e46a9f35_b2cb_4ed4_89f4_936cac6aae31
2025-07-31 15:30:01,923 INFO  [io.api.tes.ser.api.KafkaSerdesTester] (Thread-171) Sending message {"active": true} to topic topic-e46a9f35_b2cb_4ed4_89f4_936cac6aae31
2025-07-31 15:30:01,925 INFO  [io.api.tes.ser.api.KafkaSerdesTester] (Thread-171) Sending message {"id": "record-9"} to topic topic-e46a9f35_b2cb_4ed4_89f4_936cac6aae31
2025-07-31 15:30:01,926 INFO  [io.api.tes.ser.api.KafkaSerdesTester] (Thread-171) Produced 10 messages
2025-07-31 15:30:01,926 INFO  [org.apa.kaf.cli.pro.KafkaProducer] (Thread-171) [Producer clientId=Producer-topic-e46a9f35_b2cb_4ed4_89f4_936cac6aae31] Closing the Kafka producer with timeoutMillis = 9223372036854775807 ms.
2025-07-31 15:30:01,928 INFO  [org.apa.kaf.com.met.Metrics] (Thread-171) Metrics scheduler closed
2025-07-31 15:30:01,928 INFO  [org.apa.kaf.com.met.Metrics] (Thread-171) Closing reporter org.apache.kafka.common.metrics.JmxReporter
2025-07-31 15:30:01,928 INFO  [org.apa.kaf.com.met.Metrics] (Thread-171) Closing reporter org.apache.kafka.common.telemetry.internals.ClientTelemetryReporter
2025-07-31 15:30:01,928 INFO  [org.apa.kaf.com.met.Metrics] (Thread-171) Metrics reporters closed
2025-07-31 15:30:01,928 INFO  [org.apa.kaf.com.uti.AppInfoParser] (Thread-171) App info kafka.producer for Producer-topic-e46a9f35_b2cb_4ed4_89f4_936cac6aae31 unregistered
2025-07-31 15:30:01,954 INFO  [io.api.tes.ser.api.AvroSerdeIT] (main) Artifact topic-e46a9f35_b2cb_4ed4_89f4_936cac6aae31-value found in registry with globalId 20
2025-07-31 15:30:01,955 INFO  [org.apa.kaf.cli.con.ConsumerConfig] (main) ConsumerConfig values: 
	allow.auto.create.topics = true
	auto.commit.interval.ms = 500
	auto.include.jmx.reporter = true
	auto.offset.reset = earliest
	bootstrap.servers = [PLAINTEXT://localhost:32770]
	check.crcs = true
	client.dns.lookup = use_all_dns_ips
	client.id = consumer-Consumer-topic-e46a9f35_b2cb_4ed4_89f4_936cac6aae31-8
	client.rack = 
	connections.max.idle.ms = 10000
	default.api.timeout.ms = 60000
	enable.auto.commit = true
	enable.metrics.push = true
	exclude.internal.topics = true
	fetch.max.bytes = 52428800
	fetch.max.wait.ms = 500
	fetch.min.bytes = 1
	group.id = Consumer-topic-e46a9f35_b2cb_4ed4_89f4_936cac6aae31
	group.instance.id = null
	group.protocol = classic
	group.remote.assignor = null
	heartbeat.interval.ms = 3000
	interceptor.classes = []
	internal.leave.group.on.close = true
	internal.throw.on.fetch.stable.offset.unsupported = false
	isolation.level = read_uncommitted
	key.deserializer = class org.apache.kafka.common.serialization.StringDeserializer
	max.partition.fetch.bytes = 1048576
	max.poll.interval.ms = 300000
	max.poll.records = 500
	metadata.max.age.ms = 300000
	metadata.recovery.strategy = none
	metric.reporters = []
	metrics.num.samples = 2
	metrics.recording.level = INFO
	metrics.sample.window.ms = 30000
	partition.assignment.strategy = [class org.apache.kafka.clients.consumer.RangeAssignor, class org.apache.kafka.clients.consumer.CooperativeStickyAssignor]
	receive.buffer.bytes = 65536
	reconnect.backoff.max.ms = 1000
	reconnect.backoff.ms = 50
	request.timeout.ms = 5000
	retry.backoff.max.ms = 1000
	retry.backoff.ms = 100
	sasl.client.callback.handler.class = null
	sasl.jaas.config = null
	sasl.kerberos.kinit.cmd = /usr/bin/kinit
	sasl.kerberos.min.time.before.relogin = 60000
	sasl.kerberos.service.name = null
	sasl.kerberos.ticket.renew.jitter = 0.05
	sasl.kerberos.ticket.renew.window.factor = 0.8
	sasl.login.callback.handler.class = null
	sasl.login.class = null
	sasl.login.connect.timeout.ms = null
	sasl.login.read.timeout.ms = null
	sasl.login.refresh.buffer.seconds = 300
	sasl.login.refresh.min.period.seconds = 60
	sasl.login.refresh.window.factor = 0.8
	sasl.login.refresh.window.jitter = 0.05
	sasl.login.retry.backoff.max.ms = 10000
	sasl.login.retry.backoff.ms = 100
	sasl.mechanism = GSSAPI
	sasl.oauthbearer.clock.skew.seconds = 30
	sasl.oauthbearer.expected.audience = null
	sasl.oauthbearer.expected.issuer = null
	sasl.oauthbearer.header.urlencode = false
	sasl.oauthbearer.jwks.endpoint.refresh.ms = 3600000
	sasl.oauthbearer.jwks.endpoint.retry.backoff.max.ms = 10000
	sasl.oauthbearer.jwks.endpoint.retry.backoff.ms = 100
	sasl.oauthbearer.jwks.endpoint.url = null
	sasl.oauthbearer.scope.claim.name = scope
	sasl.oauthbearer.sub.claim.name = sub
	sasl.oauthbearer.token.endpoint.url = null
	security.protocol = PLAINTEXT
	security.providers = null
	send.buffer.bytes = 131072
	session.timeout.ms = 45000
	socket.connection.setup.timeout.max.ms = 30000
	socket.connection.setup.timeout.ms = 10000
	ssl.cipher.suites = null
	ssl.enabled.protocols = [TLSv1.2, TLSv1.3]
	ssl.endpoint.identification.algorithm = https
	ssl.engine.factory.class = null
	ssl.key.password = null
	ssl.keymanager.algorithm = SunX509
	ssl.keystore.certificate.chain = null
	ssl.keystore.key = null
	ssl.keystore.location = null
	ssl.keystore.password = null
	ssl.keystore.type = JKS
	ssl.protocol = TLSv1.3
	ssl.provider = null
	ssl.secure.random.implementation = null
	ssl.trustmanager.algorithm = PKIX
	ssl.truststore.certificates = null
	ssl.truststore.location = null
	ssl.truststore.password = null
	ssl.truststore.type = JKS
	value.deserializer = class io.apicurio.registry.serde.avro.AvroKafkaDeserializer

2025-07-31 15:30:01,955 INFO  [org.apa.kaf.com.tel.int.KafkaMetricsCollector] (main) initializing Kafka metrics collector
2025-07-31 15:30:01,960 INFO  [org.apa.kaf.cli.con.ConsumerConfig] (main) These configurations '[apicurio.registry.url]' were supplied but are not used yet.
2025-07-31 15:30:01,960 INFO  [org.apa.kaf.com.uti.AppInfoParser] (main) Kafka version: 3.9.0
2025-07-31 15:30:01,960 INFO  [org.apa.kaf.com.uti.AppInfoParser] (main) Kafka commitId: 84caaa6e9da06435
2025-07-31 15:30:01,960 INFO  [org.apa.kaf.com.uti.AppInfoParser] (main) Kafka startTimeMs: 1753975801960
2025-07-31 15:30:01,961 INFO  [org.apa.kaf.cli.con.int.ClassicKafkaConsumer] (Thread-174) [Consumer clientId=consumer-Consumer-topic-e46a9f35_b2cb_4ed4_89f4_936cac6aae31-8, groupId=Consumer-topic-e46a9f35_b2cb_4ed4_89f4_936cac6aae31] Subscribed to topic(s): topic-e46a9f35_b2cb_4ed4_89f4_936cac6aae31
2025-07-31 15:30:01,966 INFO  [org.apa.kaf.cli.Metadata] (Thread-174) [Consumer clientId=consumer-Consumer-topic-e46a9f35_b2cb_4ed4_89f4_936cac6aae31-8, groupId=Consumer-topic-e46a9f35_b2cb_4ed4_89f4_936cac6aae31] Cluster ID: BgnDnmd_Rn-oXa8M1ygsew
2025-07-31 15:30:01,966 INFO  [org.apa.kaf.cli.con.int.ConsumerCoordinator] (Thread-174) [Consumer clientId=consumer-Consumer-topic-e46a9f35_b2cb_4ed4_89f4_936cac6aae31-8, groupId=Consumer-topic-e46a9f35_b2cb_4ed4_89f4_936cac6aae31] Discovered group coordinator localhost:32770 (id: 2147483647 rack: null)
2025-07-31 15:30:01,967 INFO  [org.apa.kaf.cli.con.int.ConsumerCoordinator] (Thread-174) [Consumer clientId=consumer-Consumer-topic-e46a9f35_b2cb_4ed4_89f4_936cac6aae31-8, groupId=Consumer-topic-e46a9f35_b2cb_4ed4_89f4_936cac6aae31] (Re-)joining group
2025-07-31 15:30:01,971 INFO  [org.apa.kaf.cli.con.int.ConsumerCoordinator] (Thread-174) [Consumer clientId=consumer-Consumer-topic-e46a9f35_b2cb_4ed4_89f4_936cac6aae31-8, groupId=Consumer-topic-e46a9f35_b2cb_4ed4_89f4_936cac6aae31] Request joining group due to: need to re-join with the given member-id: consumer-Consumer-topic-e46a9f35_b2cb_4ed4_89f4_936cac6aae31-8-885f46ae-0915-4458-95c5-7286aaa0bfa6
2025-07-31 15:30:01,971 INFO  [org.apa.kaf.cli.con.int.ConsumerCoordinator] (Thread-174) [Consumer clientId=consumer-Consumer-topic-e46a9f35_b2cb_4ed4_89f4_936cac6aae31-8, groupId=Consumer-topic-e46a9f35_b2cb_4ed4_89f4_936cac6aae31] (Re-)joining group
2025-07-31 15:30:01,974 INFO  [org.apa.kaf.cli.con.int.ConsumerCoordinator] (Thread-174) [Consumer clientId=consumer-Consumer-topic-e46a9f35_b2cb_4ed4_89f4_936cac6aae31-8, groupId=Consumer-topic-e46a9f35_b2cb_4ed4_89f4_936cac6aae31] Successfully joined group with generation Generation{generationId=1, memberId='consumer-Consumer-topic-e46a9f35_b2cb_4ed4_89f4_936cac6aae31-8-885f46ae-0915-4458-95c5-7286aaa0bfa6', protocol='range'}
2025-07-31 15:30:01,975 INFO  [org.apa.kaf.cli.con.int.ConsumerCoordinator] (Thread-174) [Consumer clientId=consumer-Consumer-topic-e46a9f35_b2cb_4ed4_89f4_936cac6aae31-8, groupId=Consumer-topic-e46a9f35_b2cb_4ed4_89f4_936cac6aae31] Finished assignment for group at generation 1: {consumer-Consumer-topic-e46a9f35_b2cb_4ed4_89f4_936cac6aae31-8-885f46ae-0915-4458-95c5-7286aaa0bfa6=Assignment(partitions=[topic-e46a9f35_b2cb_4ed4_89f4_936cac6aae31-0])}
2025-07-31 15:30:01,978 INFO  [org.apa.kaf.cli.con.int.ConsumerCoordinator] (Thread-174) [Consumer clientId=consumer-Consumer-topic-e46a9f35_b2cb_4ed4_89f4_936cac6aae31-8, groupId=Consumer-topic-e46a9f35_b2cb_4ed4_89f4_936cac6aae31] Successfully synced group in generation Generation{generationId=1, memberId='consumer-Consumer-topic-e46a9f35_b2cb_4ed4_89f4_936cac6aae31-8-885f46ae-0915-4458-95c5-7286aaa0bfa6', protocol='range'}
2025-07-31 15:30:01,979 INFO  [org.apa.kaf.cli.con.int.ConsumerCoordinator] (Thread-174) [Consumer clientId=consumer-Consumer-topic-e46a9f35_b2cb_4ed4_89f4_936cac6aae31-8, groupId=Consumer-topic-e46a9f35_b2cb_4ed4_89f4_936cac6aae31] Notifying assignor about the new Assignment(partitions=[topic-e46a9f35_b2cb_4ed4_89f4_936cac6aae31-0])
2025-07-31 15:30:01,979 INFO  [org.apa.kaf.cli.con.int.ConsumerRebalanceListenerInvoker] (Thread-174) [Consumer clientId=consumer-Consumer-topic-e46a9f35_b2cb_4ed4_89f4_936cac6aae31-8, groupId=Consumer-topic-e46a9f35_b2cb_4ed4_89f4_936cac6aae31] Adding newly assigned partitions: topic-e46a9f35_b2cb_4ed4_89f4_936cac6aae31-0
2025-07-31 15:30:01,980 INFO  [org.apa.kaf.cli.con.int.ConsumerCoordinator] (Thread-174) [Consumer clientId=consumer-Consumer-topic-e46a9f35_b2cb_4ed4_89f4_936cac6aae31-8, groupId=Consumer-topic-e46a9f35_b2cb_4ed4_89f4_936cac6aae31] Found no committed offset for partition topic-e46a9f35_b2cb_4ed4_89f4_936cac6aae31-0
2025-07-31 15:30:01,986 INFO  [org.apa.kaf.cli.con.int.SubscriptionState] (Thread-174) [Consumer clientId=consumer-Consumer-topic-e46a9f35_b2cb_4ed4_89f4_936cac6aae31-8, groupId=Consumer-topic-e46a9f35_b2cb_4ed4_89f4_936cac6aae31] Resetting offset for partition topic-e46a9f35_b2cb_4ed4_89f4_936cac6aae31-0 to position FetchPosition{offset=0, offsetEpoch=Optional.empty, currentLeader=LeaderAndEpoch{leader=Optional[localhost:32770 (id: 0 rack: null)], epoch=0}}.
2025-07-31 15:30:02,096 INFO  [io.api.tes.ser.api.KafkaSerdesTester] (Thread-174) topic-e46a9f35_b2cb_4ed4_89f4_936cac6aae31 0 0 {"id": "record-0"}
2025-07-31 15:30:02,096 INFO  [io.api.tes.ser.api.KafkaSerdesTester] (Thread-174) topic-e46a9f35_b2cb_4ed4_89f4_936cac6aae31 0 1 {"value": 1}
2025-07-31 15:30:02,096 INFO  [io.api.tes.ser.api.KafkaSerdesTester] (Thread-174) topic-e46a9f35_b2cb_4ed4_89f4_936cac6aae31 0 2 {"active": true}
2025-07-31 15:30:02,096 INFO  [io.api.tes.ser.api.KafkaSerdesTester] (Thread-174) topic-e46a9f35_b2cb_4ed4_89f4_936cac6aae31 0 3 {"id": "record-3"}
2025-07-31 15:30:02,096 INFO  [io.api.tes.ser.api.KafkaSerdesTester] (Thread-174) topic-e46a9f35_b2cb_4ed4_89f4_936cac6aae31 0 4 {"value": 4}
2025-07-31 15:30:02,096 INFO  [io.api.tes.ser.api.KafkaSerdesTester] (Thread-174) topic-e46a9f35_b2cb_4ed4_89f4_936cac6aae31 0 5 {"active": false}
2025-07-31 15:30:02,096 INFO  [io.api.tes.ser.api.KafkaSerdesTester] (Thread-174) topic-e46a9f35_b2cb_4ed4_89f4_936cac6aae31 0 6 {"id": "record-6"}
2025-07-31 15:30:02,097 INFO  [io.api.tes.ser.api.KafkaSerdesTester] (Thread-174) topic-e46a9f35_b2cb_4ed4_89f4_936cac6aae31 0 7 {"value": 7}
2025-07-31 15:30:02,097 INFO  [io.api.tes.ser.api.KafkaSerdesTester] (Thread-174) topic-e46a9f35_b2cb_4ed4_89f4_936cac6aae31 0 8 {"active": true}
2025-07-31 15:30:02,097 INFO  [io.api.tes.ser.api.KafkaSerdesTester] (Thread-174) topic-e46a9f35_b2cb_4ed4_89f4_936cac6aae31 0 9 {"id": "record-9"}
2025-07-31 15:30:02,097 INFO  [io.api.tes.ser.api.KafkaSerdesTester] (Thread-174) Consumed 10 messages
2025-07-31 15:30:02,103 INFO  [org.apa.kaf.cli.con.int.ConsumerRebalanceListenerInvoker] (Thread-174) [Consumer clientId=consumer-Consumer-topic-e46a9f35_b2cb_4ed4_89f4_936cac6aae31-8, groupId=Consumer-topic-e46a9f35_b2cb_4ed4_89f4_936cac6aae31] Revoke previously assigned partitions topic-e46a9f35_b2cb_4ed4_89f4_936cac6aae31-0
2025-07-31 15:30:02,104 INFO  [org.apa.kaf.cli.con.int.ConsumerCoordinator] (Thread-174) [Consumer clientId=consumer-Consumer-topic-e46a9f35_b2cb_4ed4_89f4_936cac6aae31-8, groupId=Consumer-topic-e46a9f35_b2cb_4ed4_89f4_936cac6aae31] Member consumer-Consumer-topic-e46a9f35_b2cb_4ed4_89f4_936cac6aae31-8-885f46ae-0915-4458-95c5-7286aaa0bfa6 sending LeaveGroup request to coordinator localhost:32770 (id: 2147483647 rack: null) due to the consumer is being closed
2025-07-31 15:30:02,104 INFO  [org.apa.kaf.cli.con.int.ConsumerCoordinator] (Thread-174) [Consumer clientId=consumer-Consumer-topic-e46a9f35_b2cb_4ed4_89f4_936cac6aae31-8, groupId=Consumer-topic-e46a9f35_b2cb_4ed4_89f4_936cac6aae31] Resetting generation and member id due to: consumer pro-actively leaving the group
2025-07-31 15:30:02,104 INFO  [org.apa.kaf.cli.con.int.ConsumerCoordinator] (Thread-174) [Consumer clientId=consumer-Consumer-topic-e46a9f35_b2cb_4ed4_89f4_936cac6aae31-8, groupId=Consumer-topic-e46a9f35_b2cb_4ed4_89f4_936cac6aae31] Request joining group due to: consumer pro-actively leaving the group
2025-07-31 15:30:02,600 INFO  [org.apa.kaf.com.met.Metrics] (Thread-174) Metrics scheduler closed
2025-07-31 15:30:02,600 INFO  [org.apa.kaf.com.met.Metrics] (Thread-174) Closing reporter org.apache.kafka.common.metrics.JmxReporter
2025-07-31 15:30:02,600 INFO  [org.apa.kaf.com.met.Metrics] (Thread-174) Closing reporter org.apache.kafka.common.telemetry.internals.ClientTelemetryReporter
2025-07-31 15:30:02,600 INFO  [org.apa.kaf.com.met.Metrics] (Thread-174) Metrics reporters closed
2025-07-31 15:30:02,604 INFO  [org.apa.kaf.com.uti.AppInfoParser] (Thread-174) App info kafka.consumer for consumer-Consumer-topic-e46a9f35_b2cb_4ed4_89f4_936cac6aae31-8 unregistered
2025-07-31 15:30:02,605 INFO  [io.api.tes.uti.TestSeparator] (main) io.apicurio.tests.serdes.apicurio.AvroSerdeIT.testAvroUnionWithSpecificReader-FINISHED
2025-07-31 15:30:02,605 INFO  [io.api.tes.uti.TestSeparator] (main) ############################################################################
]]></system-out>
  </testcase>
  <testcase name="testEvolveAvroApicurioReusingClient" classname="io.apicurio.tests.serdes.apicurio.AvroSerdeIT" time="4.074">
    <system-out><![CDATA[2025-07-31 15:30:02,607 INFO  [io.api.tes.uti.TestSeparator] (main) ############################################################################
2025-07-31 15:30:02,607 INFO  [io.api.tes.uti.TestSeparator] (main) io.apicurio.tests.serdes.apicurio.AvroSerdeIT.testEvolveAvroApicurioReusingClient-STARTED
2025-07-31 15:30:02,608 INFO  [io.api.tes.ser.api.AvroSerdeIT] (main) Registering Avro Schema: {"type":"record","name":"sa25e85b6xb76cx4fb6xb102x46590d57cc69","namespace":"ns_3aed20ff_aae9_43fe_b5c1_4ceed77490e8","fields":[{"name":"key11753975802607","type":"string"}]}
2025-07-31 15:30:03,669 INFO  [org.apa.kaf.cli.pro.ProducerConfig] (main) ProducerConfig values: 
	acks = -1
	auto.include.jmx.reporter = true
	batch.size = 16384
	bootstrap.servers = [PLAINTEXT://localhost:32770]
	buffer.memory = 33554432
	client.dns.lookup = use_all_dns_ips
	client.id = Producer-topic-977c1934_9269_43bc_ab23_929170cb80a9
	compression.gzip.level = -1
	compression.lz4.level = 9
	compression.type = none
	compression.zstd.level = 3
	connections.max.idle.ms = 10000
	delivery.timeout.ms = 120000
	enable.idempotence = true
	enable.metrics.push = true
	interceptor.classes = []
	key.serializer = class org.apache.kafka.common.serialization.StringSerializer
	linger.ms = 0
	max.block.ms = 60000
	max.in.flight.requests.per.connection = 5
	max.request.size = 1048576
	metadata.max.age.ms = 300000
	metadata.max.idle.ms = 300000
	metadata.recovery.strategy = none
	metric.reporters = []
	metrics.num.samples = 2
	metrics.recording.level = INFO
	metrics.sample.window.ms = 30000
	partitioner.adaptive.partitioning.enable = true
	partitioner.availability.timeout.ms = 0
	partitioner.class = null
	partitioner.ignore.keys = false
	receive.buffer.bytes = 32768
	reconnect.backoff.max.ms = 1000
	reconnect.backoff.ms = 50
	request.timeout.ms = 5000
	retries = 2147483647
	retry.backoff.max.ms = 1000
	retry.backoff.ms = 100
	sasl.client.callback.handler.class = null
	sasl.jaas.config = null
	sasl.kerberos.kinit.cmd = /usr/bin/kinit
	sasl.kerberos.min.time.before.relogin = 60000
	sasl.kerberos.service.name = null
	sasl.kerberos.ticket.renew.jitter = 0.05
	sasl.kerberos.ticket.renew.window.factor = 0.8
	sasl.login.callback.handler.class = null
	sasl.login.class = null
	sasl.login.connect.timeout.ms = null
	sasl.login.read.timeout.ms = null
	sasl.login.refresh.buffer.seconds = 300
	sasl.login.refresh.min.period.seconds = 60
	sasl.login.refresh.window.factor = 0.8
	sasl.login.refresh.window.jitter = 0.05
	sasl.login.retry.backoff.max.ms = 10000
	sasl.login.retry.backoff.ms = 100
	sasl.mechanism = GSSAPI
	sasl.oauthbearer.clock.skew.seconds = 30
	sasl.oauthbearer.expected.audience = null
	sasl.oauthbearer.expected.issuer = null
	sasl.oauthbearer.header.urlencode = false
	sasl.oauthbearer.jwks.endpoint.refresh.ms = 3600000
	sasl.oauthbearer.jwks.endpoint.retry.backoff.max.ms = 10000
	sasl.oauthbearer.jwks.endpoint.retry.backoff.ms = 100
	sasl.oauthbearer.jwks.endpoint.url = null
	sasl.oauthbearer.scope.claim.name = scope
	sasl.oauthbearer.sub.claim.name = sub
	sasl.oauthbearer.token.endpoint.url = null
	security.protocol = PLAINTEXT
	security.providers = null
	send.buffer.bytes = 131072
	socket.connection.setup.timeout.max.ms = 30000
	socket.connection.setup.timeout.ms = 10000
	ssl.cipher.suites = null
	ssl.enabled.protocols = [TLSv1.2, TLSv1.3]
	ssl.endpoint.identification.algorithm = https
	ssl.engine.factory.class = null
	ssl.key.password = null
	ssl.keymanager.algorithm = SunX509
	ssl.keystore.certificate.chain = null
	ssl.keystore.key = null
	ssl.keystore.location = null
	ssl.keystore.password = null
	ssl.keystore.type = JKS
	ssl.protocol = TLSv1.3
	ssl.provider = null
	ssl.secure.random.implementation = null
	ssl.trustmanager.algorithm = PKIX
	ssl.truststore.certificates = null
	ssl.truststore.location = null
	ssl.truststore.password = null
	ssl.truststore.type = JKS
	transaction.timeout.ms = 60000
	transactional.id = null
	value.serializer = class io.apicurio.registry.serde.avro.AvroKafkaSerializer

2025-07-31 15:30:03,669 INFO  [org.apa.kaf.com.tel.int.KafkaMetricsCollector] (main) initializing Kafka metrics collector
2025-07-31 15:30:03,672 INFO  [org.apa.kaf.cli.pro.KafkaProducer] (main) [Producer clientId=Producer-topic-977c1934_9269_43bc_ab23_929170cb80a9] Instantiated an idempotent producer.
2025-07-31 15:30:03,675 INFO  [org.apa.kaf.cli.pro.ProducerConfig] (main) These configurations '[apicurio.registry.url, apicurio.registry.artifact-resolver-strategy]' were supplied but are not used yet.
2025-07-31 15:30:03,675 INFO  [org.apa.kaf.com.uti.AppInfoParser] (main) Kafka version: 3.9.0
2025-07-31 15:30:03,675 INFO  [org.apa.kaf.com.uti.AppInfoParser] (main) Kafka commitId: 84caaa6e9da06435
2025-07-31 15:30:03,675 INFO  [org.apa.kaf.com.uti.AppInfoParser] (main) Kafka startTimeMs: 1753975803675
2025-07-31 15:30:03,675 INFO  [org.apa.kaf.cli.con.ConsumerConfig] (main) ConsumerConfig values: 
	allow.auto.create.topics = true
	auto.commit.interval.ms = 500
	auto.include.jmx.reporter = true
	auto.offset.reset = earliest
	bootstrap.servers = [PLAINTEXT://localhost:32770]
	check.crcs = true
	client.dns.lookup = use_all_dns_ips
	client.id = consumer-Consumer-topic-977c1934_9269_43bc_ab23_929170cb80a9-9
	client.rack = 
	connections.max.idle.ms = 10000
	default.api.timeout.ms = 60000
	enable.auto.commit = true
	enable.metrics.push = true
	exclude.internal.topics = true
	fetch.max.bytes = 52428800
	fetch.max.wait.ms = 500
	fetch.min.bytes = 1
	group.id = Consumer-topic-977c1934_9269_43bc_ab23_929170cb80a9
	group.instance.id = null
	group.protocol = classic
	group.remote.assignor = null
	heartbeat.interval.ms = 3000
	interceptor.classes = []
	internal.leave.group.on.close = true
	internal.throw.on.fetch.stable.offset.unsupported = false
	isolation.level = read_uncommitted
	key.deserializer = class org.apache.kafka.common.serialization.StringDeserializer
	max.partition.fetch.bytes = 1048576
	max.poll.interval.ms = 300000
	max.poll.records = 500
	metadata.max.age.ms = 300000
	metadata.recovery.strategy = none
	metric.reporters = []
	metrics.num.samples = 2
	metrics.recording.level = INFO
	metrics.sample.window.ms = 30000
	partition.assignment.strategy = [class org.apache.kafka.clients.consumer.RangeAssignor, class org.apache.kafka.clients.consumer.CooperativeStickyAssignor]
	receive.buffer.bytes = 65536
	reconnect.backoff.max.ms = 1000
	reconnect.backoff.ms = 50
	request.timeout.ms = 5000
	retry.backoff.max.ms = 1000
	retry.backoff.ms = 100
	sasl.client.callback.handler.class = null
	sasl.jaas.config = null
	sasl.kerberos.kinit.cmd = /usr/bin/kinit
	sasl.kerberos.min.time.before.relogin = 60000
	sasl.kerberos.service.name = null
	sasl.kerberos.ticket.renew.jitter = 0.05
	sasl.kerberos.ticket.renew.window.factor = 0.8
	sasl.login.callback.handler.class = null
	sasl.login.class = null
	sasl.login.connect.timeout.ms = null
	sasl.login.read.timeout.ms = null
	sasl.login.refresh.buffer.seconds = 300
	sasl.login.refresh.min.period.seconds = 60
	sasl.login.refresh.window.factor = 0.8
	sasl.login.refresh.window.jitter = 0.05
	sasl.login.retry.backoff.max.ms = 10000
	sasl.login.retry.backoff.ms = 100
	sasl.mechanism = GSSAPI
	sasl.oauthbearer.clock.skew.seconds = 30
	sasl.oauthbearer.expected.audience = null
	sasl.oauthbearer.expected.issuer = null
	sasl.oauthbearer.header.urlencode = false
	sasl.oauthbearer.jwks.endpoint.refresh.ms = 3600000
	sasl.oauthbearer.jwks.endpoint.retry.backoff.max.ms = 10000
	sasl.oauthbearer.jwks.endpoint.retry.backoff.ms = 100
	sasl.oauthbearer.jwks.endpoint.url = null
	sasl.oauthbearer.scope.claim.name = scope
	sasl.oauthbearer.sub.claim.name = sub
	sasl.oauthbearer.token.endpoint.url = null
	security.protocol = PLAINTEXT
	security.providers = null
	send.buffer.bytes = 131072
	session.timeout.ms = 45000
	socket.connection.setup.timeout.max.ms = 30000
	socket.connection.setup.timeout.ms = 10000
	ssl.cipher.suites = null
	ssl.enabled.protocols = [TLSv1.2, TLSv1.3]
	ssl.endpoint.identification.algorithm = https
	ssl.engine.factory.class = null
	ssl.key.password = null
	ssl.keymanager.algorithm = SunX509
	ssl.keystore.certificate.chain = null
	ssl.keystore.key = null
	ssl.keystore.location = null
	ssl.keystore.password = null
	ssl.keystore.type = JKS
	ssl.protocol = TLSv1.3
	ssl.provider = null
	ssl.secure.random.implementation = null
	ssl.trustmanager.algorithm = PKIX
	ssl.truststore.certificates = null
	ssl.truststore.location = null
	ssl.truststore.password = null
	ssl.truststore.type = JKS
	value.deserializer = class io.apicurio.registry.serde.avro.AvroKafkaDeserializer

2025-07-31 15:30:03,676 INFO  [org.apa.kaf.com.tel.int.KafkaMetricsCollector] (main) initializing Kafka metrics collector
2025-07-31 15:30:03,682 INFO  [org.apa.kaf.cli.con.ConsumerConfig] (main) These configurations '[apicurio.registry.url]' were supplied but are not used yet.
2025-07-31 15:30:03,683 INFO  [org.apa.kaf.com.uti.AppInfoParser] (main) Kafka version: 3.9.0
2025-07-31 15:30:03,683 INFO  [org.apa.kaf.com.uti.AppInfoParser] (main) Kafka commitId: 84caaa6e9da06435
2025-07-31 15:30:03,683 INFO  [org.apa.kaf.com.uti.AppInfoParser] (main) Kafka startTimeMs: 1753975803683
2025-07-31 15:30:03,685 INFO  [org.apa.kaf.cli.Metadata] (kafka-producer-network-thread | Producer-topic-977c1934_9269_43bc_ab23_929170cb80a9) [Producer clientId=Producer-topic-977c1934_9269_43bc_ab23_929170cb80a9] Cluster ID: BgnDnmd_Rn-oXa8M1ygsew
2025-07-31 15:30:03,685 INFO  [org.apa.kaf.cli.pro.int.TransactionManager] (kafka-producer-network-thread | Producer-topic-977c1934_9269_43bc_ab23_929170cb80a9) [Producer clientId=Producer-topic-977c1934_9269_43bc_ab23_929170cb80a9] ProducerId set to 11 with epoch 0
2025-07-31 15:30:03,685 INFO  [io.api.tes.ser.api.KafkaSerdesTester] (Thread-179) Sending message {"key11753975802607": "value-0"} to topic topic-977c1934_9269_43bc_ab23_929170cb80a9
2025-07-31 15:30:03,692 INFO  [DefaultSchemaResolver] (Thread-179) Retrieving schema content using string: {"type":"record","name":"sa25e85b6xb76cx4fb6xb102x46590d57cc69","namespace":"ns_3aed20ff_aae9_43fe_b5c1_4ceed77490e8","fields":[{"name":"key11753975802607","type":"string"}]}
2025-07-31 15:30:03,721 INFO  [io.api.tes.ser.api.KafkaSerdesTester] (Thread-179) Sending message {"key11753975802607": "value-1"} to topic topic-977c1934_9269_43bc_ab23_929170cb80a9
2025-07-31 15:30:03,725 INFO  [io.api.tes.ser.api.KafkaSerdesTester] (Thread-179) Sending message {"key11753975802607": "value-2"} to topic topic-977c1934_9269_43bc_ab23_929170cb80a9
2025-07-31 15:30:03,732 INFO  [io.api.tes.ser.api.KafkaSerdesTester] (Thread-179) Sending message {"key11753975802607": "value-3"} to topic topic-977c1934_9269_43bc_ab23_929170cb80a9
2025-07-31 15:30:03,739 INFO  [io.api.tes.ser.api.KafkaSerdesTester] (Thread-179) Sending message {"key11753975802607": "value-4"} to topic topic-977c1934_9269_43bc_ab23_929170cb80a9
2025-07-31 15:30:03,743 INFO  [io.api.tes.ser.api.KafkaSerdesTester] (Thread-179) Sending message {"key11753975802607": "value-5"} to topic topic-977c1934_9269_43bc_ab23_929170cb80a9
2025-07-31 15:30:03,752 INFO  [io.api.tes.ser.api.KafkaSerdesTester] (Thread-179) Sending message {"key11753975802607": "value-6"} to topic topic-977c1934_9269_43bc_ab23_929170cb80a9
2025-07-31 15:30:03,757 INFO  [io.api.tes.ser.api.KafkaSerdesTester] (Thread-179) Sending message {"key11753975802607": "value-7"} to topic topic-977c1934_9269_43bc_ab23_929170cb80a9
2025-07-31 15:30:03,763 INFO  [io.api.tes.ser.api.KafkaSerdesTester] (Thread-179) Sending message {"key11753975802607": "value-8"} to topic topic-977c1934_9269_43bc_ab23_929170cb80a9
2025-07-31 15:30:03,765 INFO  [io.api.tes.ser.api.KafkaSerdesTester] (Thread-179) Sending message {"key11753975802607": "value-9"} to topic topic-977c1934_9269_43bc_ab23_929170cb80a9
2025-07-31 15:30:03,768 INFO  [io.api.tes.ser.api.KafkaSerdesTester] (Thread-179) Produced 10 messages
2025-07-31 15:30:03,772 INFO  [org.apa.kaf.cli.con.int.ClassicKafkaConsumer] (Thread-180) [Consumer clientId=consumer-Consumer-topic-977c1934_9269_43bc_ab23_929170cb80a9-9, groupId=Consumer-topic-977c1934_9269_43bc_ab23_929170cb80a9] Subscribed to topic(s): topic-977c1934_9269_43bc_ab23_929170cb80a9
2025-07-31 15:30:03,780 INFO  [org.apa.kaf.cli.Metadata] (Thread-180) [Consumer clientId=consumer-Consumer-topic-977c1934_9269_43bc_ab23_929170cb80a9-9, groupId=Consumer-topic-977c1934_9269_43bc_ab23_929170cb80a9] Cluster ID: BgnDnmd_Rn-oXa8M1ygsew
2025-07-31 15:30:03,781 INFO  [org.apa.kaf.cli.con.int.ConsumerCoordinator] (Thread-180) [Consumer clientId=consumer-Consumer-topic-977c1934_9269_43bc_ab23_929170cb80a9-9, groupId=Consumer-topic-977c1934_9269_43bc_ab23_929170cb80a9] Discovered group coordinator localhost:32770 (id: 2147483647 rack: null)
2025-07-31 15:30:03,782 INFO  [org.apa.kaf.cli.con.int.ConsumerCoordinator] (Thread-180) [Consumer clientId=consumer-Consumer-topic-977c1934_9269_43bc_ab23_929170cb80a9-9, groupId=Consumer-topic-977c1934_9269_43bc_ab23_929170cb80a9] (Re-)joining group
2025-07-31 15:30:03,786 INFO  [org.apa.kaf.cli.con.int.ConsumerCoordinator] (Thread-180) [Consumer clientId=consumer-Consumer-topic-977c1934_9269_43bc_ab23_929170cb80a9-9, groupId=Consumer-topic-977c1934_9269_43bc_ab23_929170cb80a9] Request joining group due to: need to re-join with the given member-id: consumer-Consumer-topic-977c1934_9269_43bc_ab23_929170cb80a9-9-e96a80b7-dbfc-4e9e-a395-f8fce60e5709
2025-07-31 15:30:03,787 INFO  [org.apa.kaf.cli.con.int.ConsumerCoordinator] (Thread-180) [Consumer clientId=consumer-Consumer-topic-977c1934_9269_43bc_ab23_929170cb80a9-9, groupId=Consumer-topic-977c1934_9269_43bc_ab23_929170cb80a9] (Re-)joining group
2025-07-31 15:30:03,789 INFO  [org.apa.kaf.cli.con.int.ConsumerCoordinator] (Thread-180) [Consumer clientId=consumer-Consumer-topic-977c1934_9269_43bc_ab23_929170cb80a9-9, groupId=Consumer-topic-977c1934_9269_43bc_ab23_929170cb80a9] Successfully joined group with generation Generation{generationId=1, memberId='consumer-Consumer-topic-977c1934_9269_43bc_ab23_929170cb80a9-9-e96a80b7-dbfc-4e9e-a395-f8fce60e5709', protocol='range'}
2025-07-31 15:30:03,790 INFO  [org.apa.kaf.cli.con.int.ConsumerCoordinator] (Thread-180) [Consumer clientId=consumer-Consumer-topic-977c1934_9269_43bc_ab23_929170cb80a9-9, groupId=Consumer-topic-977c1934_9269_43bc_ab23_929170cb80a9] Finished assignment for group at generation 1: {consumer-Consumer-topic-977c1934_9269_43bc_ab23_929170cb80a9-9-e96a80b7-dbfc-4e9e-a395-f8fce60e5709=Assignment(partitions=[topic-977c1934_9269_43bc_ab23_929170cb80a9-0])}
2025-07-31 15:30:03,796 INFO  [org.apa.kaf.cli.con.int.ConsumerCoordinator] (Thread-180) [Consumer clientId=consumer-Consumer-topic-977c1934_9269_43bc_ab23_929170cb80a9-9, groupId=Consumer-topic-977c1934_9269_43bc_ab23_929170cb80a9] Successfully synced group in generation Generation{generationId=1, memberId='consumer-Consumer-topic-977c1934_9269_43bc_ab23_929170cb80a9-9-e96a80b7-dbfc-4e9e-a395-f8fce60e5709', protocol='range'}
2025-07-31 15:30:03,797 INFO  [org.apa.kaf.cli.con.int.ConsumerCoordinator] (Thread-180) [Consumer clientId=consumer-Consumer-topic-977c1934_9269_43bc_ab23_929170cb80a9-9, groupId=Consumer-topic-977c1934_9269_43bc_ab23_929170cb80a9] Notifying assignor about the new Assignment(partitions=[topic-977c1934_9269_43bc_ab23_929170cb80a9-0])
2025-07-31 15:30:03,797 INFO  [org.apa.kaf.cli.con.int.ConsumerRebalanceListenerInvoker] (Thread-180) [Consumer clientId=consumer-Consumer-topic-977c1934_9269_43bc_ab23_929170cb80a9-9, groupId=Consumer-topic-977c1934_9269_43bc_ab23_929170cb80a9] Adding newly assigned partitions: topic-977c1934_9269_43bc_ab23_929170cb80a9-0
2025-07-31 15:30:03,799 INFO  [org.apa.kaf.cli.con.int.ConsumerCoordinator] (Thread-180) [Consumer clientId=consumer-Consumer-topic-977c1934_9269_43bc_ab23_929170cb80a9-9, groupId=Consumer-topic-977c1934_9269_43bc_ab23_929170cb80a9] Found no committed offset for partition topic-977c1934_9269_43bc_ab23_929170cb80a9-0
2025-07-31 15:30:03,804 INFO  [org.apa.kaf.cli.con.int.SubscriptionState] (Thread-180) [Consumer clientId=consumer-Consumer-topic-977c1934_9269_43bc_ab23_929170cb80a9-9, groupId=Consumer-topic-977c1934_9269_43bc_ab23_929170cb80a9] Resetting offset for partition topic-977c1934_9269_43bc_ab23_929170cb80a9-0 to position FetchPosition{offset=0, offsetEpoch=Optional.empty, currentLeader=LeaderAndEpoch{leader=Optional[localhost:32770 (id: 0 rack: null)], epoch=0}}.
2025-07-31 15:30:03,846 INFO  [io.api.tes.ser.api.KafkaSerdesTester] (Thread-180) topic-977c1934_9269_43bc_ab23_929170cb80a9 0 0 {"key11753975802607": "value-0"}
2025-07-31 15:30:03,846 INFO  [io.api.tes.ser.api.KafkaSerdesTester] (Thread-180) topic-977c1934_9269_43bc_ab23_929170cb80a9 0 1 {"key11753975802607": "value-1"}
2025-07-31 15:30:03,846 INFO  [io.api.tes.ser.api.KafkaSerdesTester] (Thread-180) topic-977c1934_9269_43bc_ab23_929170cb80a9 0 2 {"key11753975802607": "value-2"}
2025-07-31 15:30:03,846 INFO  [io.api.tes.ser.api.KafkaSerdesTester] (Thread-180) topic-977c1934_9269_43bc_ab23_929170cb80a9 0 3 {"key11753975802607": "value-3"}
2025-07-31 15:30:03,846 INFO  [io.api.tes.ser.api.KafkaSerdesTester] (Thread-180) topic-977c1934_9269_43bc_ab23_929170cb80a9 0 4 {"key11753975802607": "value-4"}
2025-07-31 15:30:03,846 INFO  [io.api.tes.ser.api.KafkaSerdesTester] (Thread-180) topic-977c1934_9269_43bc_ab23_929170cb80a9 0 5 {"key11753975802607": "value-5"}
2025-07-31 15:30:03,846 INFO  [io.api.tes.ser.api.KafkaSerdesTester] (Thread-180) topic-977c1934_9269_43bc_ab23_929170cb80a9 0 6 {"key11753975802607": "value-6"}
2025-07-31 15:30:03,846 INFO  [io.api.tes.ser.api.KafkaSerdesTester] (Thread-180) topic-977c1934_9269_43bc_ab23_929170cb80a9 0 7 {"key11753975802607": "value-7"}
2025-07-31 15:30:03,846 INFO  [io.api.tes.ser.api.KafkaSerdesTester] (Thread-180) topic-977c1934_9269_43bc_ab23_929170cb80a9 0 8 {"key11753975802607": "value-8"}
2025-07-31 15:30:03,846 INFO  [io.api.tes.ser.api.KafkaSerdesTester] (Thread-180) topic-977c1934_9269_43bc_ab23_929170cb80a9 0 9 {"key11753975802607": "value-9"}
2025-07-31 15:30:03,846 INFO  [io.api.tes.ser.api.KafkaSerdesTester] (Thread-180) Consumed 10 messages
2025-07-31 15:30:03,847 INFO  [io.api.tes.ser.api.AvroSerdeIT] (main) Registering Avro Schema 2: {"type":"record","name":"sa25e85b6xb76cx4fb6xb102x46590d57cc69","namespace":"ns_3aed20ff_aae9_43fe_b5c1_4ceed77490e8","fields":[{"name":"key11753975802607","type":"string"},{"name":"key21753975803847","type":"string"}]}
2025-07-31 15:30:04,908 INFO  [io.api.tes.ser.api.KafkaSerdesTester] (Thread-181) Sending message {"key11753975802607": "value-0", "key21753975803847": "value-0"} to topic topic-977c1934_9269_43bc_ab23_929170cb80a9
2025-07-31 15:30:04,908 INFO  [DefaultSchemaResolver] (Thread-181) Retrieving schema content using string: {"type":"record","name":"sa25e85b6xb76cx4fb6xb102x46590d57cc69","namespace":"ns_3aed20ff_aae9_43fe_b5c1_4ceed77490e8","fields":[{"name":"key11753975802607","type":"string"},{"name":"key21753975803847","type":"string"}]}
2025-07-31 15:30:04,929 INFO  [io.api.tes.ser.api.KafkaSerdesTester] (Thread-181) Sending message {"key11753975802607": "value-1", "key21753975803847": "value-1"} to topic topic-977c1934_9269_43bc_ab23_929170cb80a9
2025-07-31 15:30:04,931 INFO  [io.api.tes.ser.api.KafkaSerdesTester] (Thread-181) Sending message {"key11753975802607": "value-2", "key21753975803847": "value-2"} to topic topic-977c1934_9269_43bc_ab23_929170cb80a9
2025-07-31 15:30:04,933 INFO  [io.api.tes.ser.api.KafkaSerdesTester] (Thread-181) Sending message {"key11753975802607": "value-3", "key21753975803847": "value-3"} to topic topic-977c1934_9269_43bc_ab23_929170cb80a9
2025-07-31 15:30:04,935 INFO  [io.api.tes.ser.api.KafkaSerdesTester] (Thread-181) Sending message {"key11753975802607": "value-4", "key21753975803847": "value-4"} to topic topic-977c1934_9269_43bc_ab23_929170cb80a9
2025-07-31 15:30:04,937 INFO  [io.api.tes.ser.api.KafkaSerdesTester] (Thread-181) Sending message {"key11753975802607": "value-5", "key21753975803847": "value-5"} to topic topic-977c1934_9269_43bc_ab23_929170cb80a9
2025-07-31 15:30:04,940 INFO  [io.api.tes.ser.api.KafkaSerdesTester] (Thread-181) Sending message {"key11753975802607": "value-6", "key21753975803847": "value-6"} to topic topic-977c1934_9269_43bc_ab23_929170cb80a9
2025-07-31 15:30:04,942 INFO  [io.api.tes.ser.api.KafkaSerdesTester] (Thread-181) Sending message {"key11753975802607": "value-7", "key21753975803847": "value-7"} to topic topic-977c1934_9269_43bc_ab23_929170cb80a9
2025-07-31 15:30:04,943 INFO  [io.api.tes.ser.api.KafkaSerdesTester] (Thread-181) Sending message {"key11753975802607": "value-8", "key21753975803847": "value-8"} to topic topic-977c1934_9269_43bc_ab23_929170cb80a9
2025-07-31 15:30:04,945 INFO  [io.api.tes.ser.api.KafkaSerdesTester] (Thread-181) Sending message {"key11753975802607": "value-9", "key21753975803847": "value-9"} to topic topic-977c1934_9269_43bc_ab23_929170cb80a9
2025-07-31 15:30:04,946 INFO  [io.api.tes.ser.api.KafkaSerdesTester] (Thread-181) Produced 10 messages
2025-07-31 15:30:04,947 INFO  [io.api.tes.ser.api.KafkaSerdesTester] (Thread-182) Sending message {"key11753975802607": "value-0"} to topic topic-977c1934_9269_43bc_ab23_929170cb80a9
2025-07-31 15:30:04,948 INFO  [io.api.tes.ser.api.KafkaSerdesTester] (Thread-182) Sending message {"key11753975802607": "value-1"} to topic topic-977c1934_9269_43bc_ab23_929170cb80a9
2025-07-31 15:30:04,950 INFO  [io.api.tes.ser.api.KafkaSerdesTester] (Thread-182) Sending message {"key11753975802607": "value-2"} to topic topic-977c1934_9269_43bc_ab23_929170cb80a9
2025-07-31 15:30:04,952 INFO  [io.api.tes.ser.api.KafkaSerdesTester] (Thread-182) Sending message {"key11753975802607": "value-3"} to topic topic-977c1934_9269_43bc_ab23_929170cb80a9
2025-07-31 15:30:04,954 INFO  [io.api.tes.ser.api.KafkaSerdesTester] (Thread-182) Sending message {"key11753975802607": "value-4"} to topic topic-977c1934_9269_43bc_ab23_929170cb80a9
2025-07-31 15:30:04,955 INFO  [io.api.tes.ser.api.KafkaSerdesTester] (Thread-182) Sending message {"key11753975802607": "value-5"} to topic topic-977c1934_9269_43bc_ab23_929170cb80a9
2025-07-31 15:30:04,957 INFO  [io.api.tes.ser.api.KafkaSerdesTester] (Thread-182) Sending message {"key11753975802607": "value-6"} to topic topic-977c1934_9269_43bc_ab23_929170cb80a9
2025-07-31 15:30:04,959 INFO  [io.api.tes.ser.api.KafkaSerdesTester] (Thread-182) Sending message {"key11753975802607": "value-7"} to topic topic-977c1934_9269_43bc_ab23_929170cb80a9
2025-07-31 15:30:04,961 INFO  [io.api.tes.ser.api.KafkaSerdesTester] (Thread-182) Sending message {"key11753975802607": "value-8"} to topic topic-977c1934_9269_43bc_ab23_929170cb80a9
2025-07-31 15:30:04,962 INFO  [io.api.tes.ser.api.KafkaSerdesTester] (Thread-182) Sending message {"key11753975802607": "value-9"} to topic topic-977c1934_9269_43bc_ab23_929170cb80a9
2025-07-31 15:30:04,963 INFO  [io.api.tes.ser.api.KafkaSerdesTester] (Thread-182) Produced 10 messages
2025-07-31 15:30:04,964 INFO  [org.apa.kaf.cli.con.int.ClassicKafkaConsumer] (Thread-183) [Consumer clientId=consumer-Consumer-topic-977c1934_9269_43bc_ab23_929170cb80a9-9, groupId=Consumer-topic-977c1934_9269_43bc_ab23_929170cb80a9] Subscribed to topic(s): topic-977c1934_9269_43bc_ab23_929170cb80a9
2025-07-31 15:30:04,997 INFO  [io.api.tes.ser.api.KafkaSerdesTester] (Thread-183) topic-977c1934_9269_43bc_ab23_929170cb80a9 0 10 {"key11753975802607": "value-0", "key21753975803847": "value-0"}
2025-07-31 15:30:04,997 INFO  [io.api.tes.ser.api.KafkaSerdesTester] (Thread-183) topic-977c1934_9269_43bc_ab23_929170cb80a9 0 11 {"key11753975802607": "value-1", "key21753975803847": "value-1"}
2025-07-31 15:30:04,997 INFO  [io.api.tes.ser.api.KafkaSerdesTester] (Thread-183) topic-977c1934_9269_43bc_ab23_929170cb80a9 0 12 {"key11753975802607": "value-2", "key21753975803847": "value-2"}
2025-07-31 15:30:04,997 INFO  [io.api.tes.ser.api.KafkaSerdesTester] (Thread-183) topic-977c1934_9269_43bc_ab23_929170cb80a9 0 13 {"key11753975802607": "value-3", "key21753975803847": "value-3"}
2025-07-31 15:30:04,997 INFO  [io.api.tes.ser.api.KafkaSerdesTester] (Thread-183) topic-977c1934_9269_43bc_ab23_929170cb80a9 0 14 {"key11753975802607": "value-4", "key21753975803847": "value-4"}
2025-07-31 15:30:04,997 INFO  [io.api.tes.ser.api.KafkaSerdesTester] (Thread-183) topic-977c1934_9269_43bc_ab23_929170cb80a9 0 15 {"key11753975802607": "value-5", "key21753975803847": "value-5"}
2025-07-31 15:30:04,997 INFO  [io.api.tes.ser.api.KafkaSerdesTester] (Thread-183) topic-977c1934_9269_43bc_ab23_929170cb80a9 0 16 {"key11753975802607": "value-6", "key21753975803847": "value-6"}
2025-07-31 15:30:04,997 INFO  [io.api.tes.ser.api.KafkaSerdesTester] (Thread-183) topic-977c1934_9269_43bc_ab23_929170cb80a9 0 17 {"key11753975802607": "value-7", "key21753975803847": "value-7"}
2025-07-31 15:30:04,997 INFO  [io.api.tes.ser.api.KafkaSerdesTester] (Thread-183) topic-977c1934_9269_43bc_ab23_929170cb80a9 0 18 {"key11753975802607": "value-8", "key21753975803847": "value-8"}
2025-07-31 15:30:04,997 INFO  [io.api.tes.ser.api.KafkaSerdesTester] (Thread-183) topic-977c1934_9269_43bc_ab23_929170cb80a9 0 19 {"key11753975802607": "value-9", "key21753975803847": "value-9"}
2025-07-31 15:30:04,997 INFO  [io.api.tes.ser.api.KafkaSerdesTester] (Thread-183) topic-977c1934_9269_43bc_ab23_929170cb80a9 0 20 {"key11753975802607": "value-0"}
2025-07-31 15:30:04,997 INFO  [io.api.tes.ser.api.KafkaSerdesTester] (Thread-183) topic-977c1934_9269_43bc_ab23_929170cb80a9 0 21 {"key11753975802607": "value-1"}
2025-07-31 15:30:04,997 INFO  [io.api.tes.ser.api.KafkaSerdesTester] (Thread-183) topic-977c1934_9269_43bc_ab23_929170cb80a9 0 22 {"key11753975802607": "value-2"}
2025-07-31 15:30:04,998 INFO  [io.api.tes.ser.api.KafkaSerdesTester] (Thread-183) topic-977c1934_9269_43bc_ab23_929170cb80a9 0 23 {"key11753975802607": "value-3"}
2025-07-31 15:30:04,998 INFO  [io.api.tes.ser.api.KafkaSerdesTester] (Thread-183) topic-977c1934_9269_43bc_ab23_929170cb80a9 0 24 {"key11753975802607": "value-4"}
2025-07-31 15:30:04,998 INFO  [io.api.tes.ser.api.KafkaSerdesTester] (Thread-183) topic-977c1934_9269_43bc_ab23_929170cb80a9 0 25 {"key11753975802607": "value-5"}
2025-07-31 15:30:04,998 INFO  [io.api.tes.ser.api.KafkaSerdesTester] (Thread-183) topic-977c1934_9269_43bc_ab23_929170cb80a9 0 26 {"key11753975802607": "value-6"}
2025-07-31 15:30:04,999 INFO  [io.api.tes.ser.api.KafkaSerdesTester] (Thread-183) topic-977c1934_9269_43bc_ab23_929170cb80a9 0 27 {"key11753975802607": "value-7"}
2025-07-31 15:30:04,999 INFO  [io.api.tes.ser.api.KafkaSerdesTester] (Thread-183) topic-977c1934_9269_43bc_ab23_929170cb80a9 0 28 {"key11753975802607": "value-8"}
2025-07-31 15:30:04,999 INFO  [io.api.tes.ser.api.KafkaSerdesTester] (Thread-183) topic-977c1934_9269_43bc_ab23_929170cb80a9 0 29 {"key11753975802607": "value-9"}
2025-07-31 15:30:04,999 INFO  [io.api.tes.ser.api.KafkaSerdesTester] (Thread-183) Consumed 20 messages
2025-07-31 15:30:04,999 INFO  [io.api.tes.ser.api.AvroSerdeIT] (main) Registering Avro Schema 3: {"type":"record","name":"sa25e85b6xb76cx4fb6xb102x46590d57cc69","namespace":"ns_3aed20ff_aae9_43fe_b5c1_4ceed77490e8","fields":[{"name":"key11753975802607","type":"string"},{"name":"key21753975803847","type":"string"},{"name":"key31753975804999","type":"string"}]}
2025-07-31 15:30:06,055 INFO  [io.api.tes.ser.api.KafkaSerdesTester] (Thread-184) Sending message {"key11753975802607": "value-0", "key21753975803847": "value-0", "key31753975804999": "value-0"} to topic topic-977c1934_9269_43bc_ab23_929170cb80a9
2025-07-31 15:30:06,056 INFO  [DefaultSchemaResolver] (Thread-184) Retrieving schema content using string: {"type":"record","name":"sa25e85b6xb76cx4fb6xb102x46590d57cc69","namespace":"ns_3aed20ff_aae9_43fe_b5c1_4ceed77490e8","fields":[{"name":"key11753975802607","type":"string"},{"name":"key21753975803847","type":"string"},{"name":"key31753975804999","type":"string"}]}
2025-07-31 15:30:06,074 INFO  [io.api.tes.ser.api.KafkaSerdesTester] (Thread-184) Sending message {"key11753975802607": "value-1", "key21753975803847": "value-1", "key31753975804999": "value-1"} to topic topic-977c1934_9269_43bc_ab23_929170cb80a9
2025-07-31 15:30:06,075 INFO  [io.api.tes.ser.api.KafkaSerdesTester] (Thread-184) Sending message {"key11753975802607": "value-2", "key21753975803847": "value-2", "key31753975804999": "value-2"} to topic topic-977c1934_9269_43bc_ab23_929170cb80a9
2025-07-31 15:30:06,077 INFO  [io.api.tes.ser.api.KafkaSerdesTester] (Thread-184) Sending message {"key11753975802607": "value-3", "key21753975803847": "value-3", "key31753975804999": "value-3"} to topic topic-977c1934_9269_43bc_ab23_929170cb80a9
2025-07-31 15:30:06,080 INFO  [io.api.tes.ser.api.KafkaSerdesTester] (Thread-184) Sending message {"key11753975802607": "value-4", "key21753975803847": "value-4", "key31753975804999": "value-4"} to topic topic-977c1934_9269_43bc_ab23_929170cb80a9
2025-07-31 15:30:06,082 INFO  [io.api.tes.ser.api.KafkaSerdesTester] (Thread-184) Sending message {"key11753975802607": "value-5", "key21753975803847": "value-5", "key31753975804999": "value-5"} to topic topic-977c1934_9269_43bc_ab23_929170cb80a9
2025-07-31 15:30:06,084 INFO  [io.api.tes.ser.api.KafkaSerdesTester] (Thread-184) Sending message {"key11753975802607": "value-6", "key21753975803847": "value-6", "key31753975804999": "value-6"} to topic topic-977c1934_9269_43bc_ab23_929170cb80a9
2025-07-31 15:30:06,086 INFO  [io.api.tes.ser.api.KafkaSerdesTester] (Thread-184) Sending message {"key11753975802607": "value-7", "key21753975803847": "value-7", "key31753975804999": "value-7"} to topic topic-977c1934_9269_43bc_ab23_929170cb80a9
2025-07-31 15:30:06,088 INFO  [io.api.tes.ser.api.KafkaSerdesTester] (Thread-184) Sending message {"key11753975802607": "value-8", "key21753975803847": "value-8", "key31753975804999": "value-8"} to topic topic-977c1934_9269_43bc_ab23_929170cb80a9
2025-07-31 15:30:06,090 INFO  [io.api.tes.ser.api.KafkaSerdesTester] (Thread-184) Sending message {"key11753975802607": "value-9", "key21753975803847": "value-9", "key31753975804999": "value-9"} to topic topic-977c1934_9269_43bc_ab23_929170cb80a9
2025-07-31 15:30:06,091 INFO  [io.api.tes.ser.api.KafkaSerdesTester] (Thread-184) Produced 10 messages
2025-07-31 15:30:06,091 INFO  [io.api.tes.ser.api.KafkaSerdesTester] (Thread-185) Sending message {"key11753975802607": "value-0", "key21753975803847": "value-0"} to topic topic-977c1934_9269_43bc_ab23_929170cb80a9
2025-07-31 15:30:06,093 INFO  [io.api.tes.ser.api.KafkaSerdesTester] (Thread-185) Sending message {"key11753975802607": "value-1", "key21753975803847": "value-1"} to topic topic-977c1934_9269_43bc_ab23_929170cb80a9
2025-07-31 15:30:06,094 INFO  [io.api.tes.ser.api.KafkaSerdesTester] (Thread-185) Sending message {"key11753975802607": "value-2", "key21753975803847": "value-2"} to topic topic-977c1934_9269_43bc_ab23_929170cb80a9
2025-07-31 15:30:06,095 INFO  [io.api.tes.ser.api.KafkaSerdesTester] (Thread-185) Sending message {"key11753975802607": "value-3", "key21753975803847": "value-3"} to topic topic-977c1934_9269_43bc_ab23_929170cb80a9
2025-07-31 15:30:06,096 INFO  [io.api.tes.ser.api.KafkaSerdesTester] (Thread-185) Sending message {"key11753975802607": "value-4", "key21753975803847": "value-4"} to topic topic-977c1934_9269_43bc_ab23_929170cb80a9
2025-07-31 15:30:06,098 INFO  [io.api.tes.ser.api.KafkaSerdesTester] (Thread-185) Sending message {"key11753975802607": "value-5", "key21753975803847": "value-5"} to topic topic-977c1934_9269_43bc_ab23_929170cb80a9
2025-07-31 15:30:06,099 INFO  [io.api.tes.ser.api.KafkaSerdesTester] (Thread-185) Sending message {"key11753975802607": "value-6", "key21753975803847": "value-6"} to topic topic-977c1934_9269_43bc_ab23_929170cb80a9
2025-07-31 15:30:06,100 INFO  [io.api.tes.ser.api.KafkaSerdesTester] (Thread-185) Sending message {"key11753975802607": "value-7", "key21753975803847": "value-7"} to topic topic-977c1934_9269_43bc_ab23_929170cb80a9
2025-07-31 15:30:06,105 INFO  [io.api.tes.ser.api.KafkaSerdesTester] (Thread-185) Sending message {"key11753975802607": "value-8", "key21753975803847": "value-8"} to topic topic-977c1934_9269_43bc_ab23_929170cb80a9
2025-07-31 15:30:06,107 INFO  [io.api.tes.ser.api.KafkaSerdesTester] (Thread-185) Sending message {"key11753975802607": "value-9", "key21753975803847": "value-9"} to topic topic-977c1934_9269_43bc_ab23_929170cb80a9
2025-07-31 15:30:06,109 INFO  [io.api.tes.ser.api.KafkaSerdesTester] (Thread-185) Produced 10 messages
2025-07-31 15:30:06,109 INFO  [io.api.tes.ser.api.KafkaSerdesTester] (Thread-186) Sending message {"key11753975802607": "value-0"} to topic topic-977c1934_9269_43bc_ab23_929170cb80a9
2025-07-31 15:30:06,111 INFO  [io.api.tes.ser.api.KafkaSerdesTester] (Thread-186) Sending message {"key11753975802607": "value-1"} to topic topic-977c1934_9269_43bc_ab23_929170cb80a9
2025-07-31 15:30:06,112 INFO  [io.api.tes.ser.api.KafkaSerdesTester] (Thread-186) Sending message {"key11753975802607": "value-2"} to topic topic-977c1934_9269_43bc_ab23_929170cb80a9
2025-07-31 15:30:06,115 INFO  [io.api.tes.ser.api.KafkaSerdesTester] (Thread-186) Sending message {"key11753975802607": "value-3"} to topic topic-977c1934_9269_43bc_ab23_929170cb80a9
2025-07-31 15:30:06,119 INFO  [io.api.tes.ser.api.KafkaSerdesTester] (Thread-186) Sending message {"key11753975802607": "value-4"} to topic topic-977c1934_9269_43bc_ab23_929170cb80a9
2025-07-31 15:30:06,121 INFO  [io.api.tes.ser.api.KafkaSerdesTester] (Thread-186) Sending message {"key11753975802607": "value-5"} to topic topic-977c1934_9269_43bc_ab23_929170cb80a9
2025-07-31 15:30:06,122 INFO  [io.api.tes.ser.api.KafkaSerdesTester] (Thread-186) Sending message {"key11753975802607": "value-6"} to topic topic-977c1934_9269_43bc_ab23_929170cb80a9
2025-07-31 15:30:06,124 INFO  [io.api.tes.ser.api.KafkaSerdesTester] (Thread-186) Sending message {"key11753975802607": "value-7"} to topic topic-977c1934_9269_43bc_ab23_929170cb80a9
2025-07-31 15:30:06,127 INFO  [io.api.tes.ser.api.KafkaSerdesTester] (Thread-186) Sending message {"key11753975802607": "value-8"} to topic topic-977c1934_9269_43bc_ab23_929170cb80a9
2025-07-31 15:30:06,130 INFO  [io.api.tes.ser.api.KafkaSerdesTester] (Thread-186) Sending message {"key11753975802607": "value-9"} to topic topic-977c1934_9269_43bc_ab23_929170cb80a9
2025-07-31 15:30:06,132 INFO  [io.api.tes.ser.api.KafkaSerdesTester] (Thread-186) Produced 10 messages
2025-07-31 15:30:06,136 INFO  [org.apa.kaf.cli.con.int.ClassicKafkaConsumer] (Thread-187) [Consumer clientId=consumer-Consumer-topic-977c1934_9269_43bc_ab23_929170cb80a9-9, groupId=Consumer-topic-977c1934_9269_43bc_ab23_929170cb80a9] Subscribed to topic(s): topic-977c1934_9269_43bc_ab23_929170cb80a9
2025-07-31 15:30:06,170 INFO  [io.api.tes.ser.api.KafkaSerdesTester] (Thread-187) topic-977c1934_9269_43bc_ab23_929170cb80a9 0 30 {"key11753975802607": "value-0", "key21753975803847": "value-0", "key31753975804999": "value-0"}
2025-07-31 15:30:06,170 INFO  [io.api.tes.ser.api.KafkaSerdesTester] (Thread-187) topic-977c1934_9269_43bc_ab23_929170cb80a9 0 31 {"key11753975802607": "value-1", "key21753975803847": "value-1", "key31753975804999": "value-1"}
2025-07-31 15:30:06,171 INFO  [io.api.tes.ser.api.KafkaSerdesTester] (Thread-187) topic-977c1934_9269_43bc_ab23_929170cb80a9 0 32 {"key11753975802607": "value-2", "key21753975803847": "value-2", "key31753975804999": "value-2"}
2025-07-31 15:30:06,171 INFO  [io.api.tes.ser.api.KafkaSerdesTester] (Thread-187) topic-977c1934_9269_43bc_ab23_929170cb80a9 0 33 {"key11753975802607": "value-3", "key21753975803847": "value-3", "key31753975804999": "value-3"}
2025-07-31 15:30:06,171 INFO  [io.api.tes.ser.api.KafkaSerdesTester] (Thread-187) topic-977c1934_9269_43bc_ab23_929170cb80a9 0 34 {"key11753975802607": "value-4", "key21753975803847": "value-4", "key31753975804999": "value-4"}
2025-07-31 15:30:06,171 INFO  [io.api.tes.ser.api.KafkaSerdesTester] (Thread-187) topic-977c1934_9269_43bc_ab23_929170cb80a9 0 35 {"key11753975802607": "value-5", "key21753975803847": "value-5", "key31753975804999": "value-5"}
2025-07-31 15:30:06,171 INFO  [io.api.tes.ser.api.KafkaSerdesTester] (Thread-187) topic-977c1934_9269_43bc_ab23_929170cb80a9 0 36 {"key11753975802607": "value-6", "key21753975803847": "value-6", "key31753975804999": "value-6"}
2025-07-31 15:30:06,171 INFO  [io.api.tes.ser.api.KafkaSerdesTester] (Thread-187) topic-977c1934_9269_43bc_ab23_929170cb80a9 0 37 {"key11753975802607": "value-7", "key21753975803847": "value-7", "key31753975804999": "value-7"}
2025-07-31 15:30:06,171 INFO  [io.api.tes.ser.api.KafkaSerdesTester] (Thread-187) topic-977c1934_9269_43bc_ab23_929170cb80a9 0 38 {"key11753975802607": "value-8", "key21753975803847": "value-8", "key31753975804999": "value-8"}
2025-07-31 15:30:06,171 INFO  [io.api.tes.ser.api.KafkaSerdesTester] (Thread-187) topic-977c1934_9269_43bc_ab23_929170cb80a9 0 39 {"key11753975802607": "value-9", "key21753975803847": "value-9", "key31753975804999": "value-9"}
2025-07-31 15:30:06,171 INFO  [io.api.tes.ser.api.KafkaSerdesTester] (Thread-187) topic-977c1934_9269_43bc_ab23_929170cb80a9 0 40 {"key11753975802607": "value-0", "key21753975803847": "value-0"}
2025-07-31 15:30:06,171 INFO  [io.api.tes.ser.api.KafkaSerdesTester] (Thread-187) topic-977c1934_9269_43bc_ab23_929170cb80a9 0 41 {"key11753975802607": "value-1", "key21753975803847": "value-1"}
2025-07-31 15:30:06,171 INFO  [io.api.tes.ser.api.KafkaSerdesTester] (Thread-187) topic-977c1934_9269_43bc_ab23_929170cb80a9 0 42 {"key11753975802607": "value-2", "key21753975803847": "value-2"}
2025-07-31 15:30:06,171 INFO  [io.api.tes.ser.api.KafkaSerdesTester] (Thread-187) topic-977c1934_9269_43bc_ab23_929170cb80a9 0 43 {"key11753975802607": "value-3", "key21753975803847": "value-3"}
2025-07-31 15:30:06,171 INFO  [io.api.tes.ser.api.KafkaSerdesTester] (Thread-187) topic-977c1934_9269_43bc_ab23_929170cb80a9 0 44 {"key11753975802607": "value-4", "key21753975803847": "value-4"}
2025-07-31 15:30:06,171 INFO  [io.api.tes.ser.api.KafkaSerdesTester] (Thread-187) topic-977c1934_9269_43bc_ab23_929170cb80a9 0 45 {"key11753975802607": "value-5", "key21753975803847": "value-5"}
2025-07-31 15:30:06,171 INFO  [io.api.tes.ser.api.KafkaSerdesTester] (Thread-187) topic-977c1934_9269_43bc_ab23_929170cb80a9 0 46 {"key11753975802607": "value-6", "key21753975803847": "value-6"}
2025-07-31 15:30:06,171 INFO  [io.api.tes.ser.api.KafkaSerdesTester] (Thread-187) topic-977c1934_9269_43bc_ab23_929170cb80a9 0 47 {"key11753975802607": "value-7", "key21753975803847": "value-7"}
2025-07-31 15:30:06,171 INFO  [io.api.tes.ser.api.KafkaSerdesTester] (Thread-187) topic-977c1934_9269_43bc_ab23_929170cb80a9 0 48 {"key11753975802607": "value-8", "key21753975803847": "value-8"}
2025-07-31 15:30:06,171 INFO  [io.api.tes.ser.api.KafkaSerdesTester] (Thread-187) topic-977c1934_9269_43bc_ab23_929170cb80a9 0 49 {"key11753975802607": "value-9", "key21753975803847": "value-9"}
2025-07-31 15:30:06,171 INFO  [io.api.tes.ser.api.KafkaSerdesTester] (Thread-187) topic-977c1934_9269_43bc_ab23_929170cb80a9 0 50 {"key11753975802607": "value-0"}
2025-07-31 15:30:06,172 INFO  [io.api.tes.ser.api.KafkaSerdesTester] (Thread-187) topic-977c1934_9269_43bc_ab23_929170cb80a9 0 51 {"key11753975802607": "value-1"}
2025-07-31 15:30:06,172 INFO  [io.api.tes.ser.api.KafkaSerdesTester] (Thread-187) topic-977c1934_9269_43bc_ab23_929170cb80a9 0 52 {"key11753975802607": "value-2"}
2025-07-31 15:30:06,172 INFO  [io.api.tes.ser.api.KafkaSerdesTester] (Thread-187) topic-977c1934_9269_43bc_ab23_929170cb80a9 0 53 {"key11753975802607": "value-3"}
2025-07-31 15:30:06,172 INFO  [io.api.tes.ser.api.KafkaSerdesTester] (Thread-187) topic-977c1934_9269_43bc_ab23_929170cb80a9 0 54 {"key11753975802607": "value-4"}
2025-07-31 15:30:06,172 INFO  [io.api.tes.ser.api.KafkaSerdesTester] (Thread-187) topic-977c1934_9269_43bc_ab23_929170cb80a9 0 55 {"key11753975802607": "value-5"}
2025-07-31 15:30:06,172 INFO  [io.api.tes.ser.api.KafkaSerdesTester] (Thread-187) topic-977c1934_9269_43bc_ab23_929170cb80a9 0 56 {"key11753975802607": "value-6"}
2025-07-31 15:30:06,172 INFO  [io.api.tes.ser.api.KafkaSerdesTester] (Thread-187) topic-977c1934_9269_43bc_ab23_929170cb80a9 0 57 {"key11753975802607": "value-7"}
2025-07-31 15:30:06,172 INFO  [io.api.tes.ser.api.KafkaSerdesTester] (Thread-187) topic-977c1934_9269_43bc_ab23_929170cb80a9 0 58 {"key11753975802607": "value-8"}
2025-07-31 15:30:06,172 INFO  [io.api.tes.ser.api.KafkaSerdesTester] (Thread-187) topic-977c1934_9269_43bc_ab23_929170cb80a9 0 59 {"key11753975802607": "value-9"}
2025-07-31 15:30:06,172 INFO  [io.api.tes.ser.api.KafkaSerdesTester] (Thread-187) Consumed 30 messages
2025-07-31 15:30:06,173 INFO  [org.apa.kaf.cli.pro.KafkaProducer] (main) [Producer clientId=Producer-topic-977c1934_9269_43bc_ab23_929170cb80a9] Closing the Kafka producer with timeoutMillis = 9223372036854775807 ms.
2025-07-31 15:30:06,176 INFO  [org.apa.kaf.com.met.Metrics] (main) Metrics scheduler closed
2025-07-31 15:30:06,176 INFO  [org.apa.kaf.com.met.Metrics] (main) Closing reporter org.apache.kafka.common.metrics.JmxReporter
2025-07-31 15:30:06,176 INFO  [org.apa.kaf.com.met.Metrics] (main) Closing reporter org.apache.kafka.common.telemetry.internals.ClientTelemetryReporter
2025-07-31 15:30:06,176 INFO  [org.apa.kaf.com.met.Metrics] (main) Metrics reporters closed
2025-07-31 15:30:06,177 INFO  [org.apa.kaf.com.uti.AppInfoParser] (main) App info kafka.producer for Producer-topic-977c1934_9269_43bc_ab23_929170cb80a9 unregistered
2025-07-31 15:30:06,181 INFO  [org.apa.kaf.cli.con.int.ConsumerRebalanceListenerInvoker] (main) [Consumer clientId=consumer-Consumer-topic-977c1934_9269_43bc_ab23_929170cb80a9-9, groupId=Consumer-topic-977c1934_9269_43bc_ab23_929170cb80a9] Revoke previously assigned partitions topic-977c1934_9269_43bc_ab23_929170cb80a9-0
2025-07-31 15:30:06,181 INFO  [org.apa.kaf.cli.con.int.ConsumerCoordinator] (main) [Consumer clientId=consumer-Consumer-topic-977c1934_9269_43bc_ab23_929170cb80a9-9, groupId=Consumer-topic-977c1934_9269_43bc_ab23_929170cb80a9] Member consumer-Consumer-topic-977c1934_9269_43bc_ab23_929170cb80a9-9-e96a80b7-dbfc-4e9e-a395-f8fce60e5709 sending LeaveGroup request to coordinator localhost:32770 (id: 2147483647 rack: null) due to the consumer is being closed
2025-07-31 15:30:06,183 INFO  [org.apa.kaf.cli.con.int.ConsumerCoordinator] (main) [Consumer clientId=consumer-Consumer-topic-977c1934_9269_43bc_ab23_929170cb80a9-9, groupId=Consumer-topic-977c1934_9269_43bc_ab23_929170cb80a9] Resetting generation and member id due to: consumer pro-actively leaving the group
2025-07-31 15:30:06,183 INFO  [org.apa.kaf.cli.con.int.ConsumerCoordinator] (main) [Consumer clientId=consumer-Consumer-topic-977c1934_9269_43bc_ab23_929170cb80a9-9, groupId=Consumer-topic-977c1934_9269_43bc_ab23_929170cb80a9] Request joining group due to: consumer pro-actively leaving the group
2025-07-31 15:30:06,675 INFO  [org.apa.kaf.com.met.Metrics] (main) Metrics scheduler closed
2025-07-31 15:30:06,675 INFO  [org.apa.kaf.com.met.Metrics] (main) Closing reporter org.apache.kafka.common.metrics.JmxReporter
2025-07-31 15:30:06,676 INFO  [org.apa.kaf.com.met.Metrics] (main) Closing reporter org.apache.kafka.common.telemetry.internals.ClientTelemetryReporter
2025-07-31 15:30:06,676 INFO  [org.apa.kaf.com.met.Metrics] (main) Metrics reporters closed
2025-07-31 15:30:06,678 INFO  [org.apa.kaf.com.uti.AppInfoParser] (main) App info kafka.consumer for consumer-Consumer-topic-977c1934_9269_43bc_ab23_929170cb80a9-9 unregistered
2025-07-31 15:30:06,679 INFO  [io.api.tes.uti.TestSeparator] (main) io.apicurio.tests.serdes.apicurio.AvroSerdeIT.testEvolveAvroApicurioReusingClient-FINISHED
2025-07-31 15:30:06,679 INFO  [io.api.tes.uti.TestSeparator] (main) ############################################################################
]]></system-out>
  </testcase>
  <testcase name="testProducerUsesDefaultConsumerUsesGlobalId" classname="io.apicurio.tests.serdes.apicurio.AvroSerdeIT" time="0.0">
    <skipped message="void io.apicurio.tests.serdes.apicurio.AvroSerdeIT.testProducerUsesDefaultConsumerUsesGlobalId() throws java.lang.Exception is @Disabled"/>
  </testcase>
  <testcase name="testEvolveAvroApicurio" classname="io.apicurio.tests.serdes.apicurio.AvroSerdeIT" time="5.425">
    <system-out><![CDATA[2025-07-31 15:30:06,685 INFO  [io.api.tes.uti.TestSeparator] (main) ############################################################################
2025-07-31 15:30:06,685 INFO  [io.api.tes.uti.TestSeparator] (main) io.apicurio.tests.serdes.apicurio.AvroSerdeIT.testEvolveAvroApicurio-STARTED
2025-07-31 15:30:06,687 INFO  [io.api.tes.ser.api.AvroSerdeIT] (main) Registering Avro Schema: {"type":"record","name":"s676869abxbbf0x474dx8dbbx56c8f27c6dcf","namespace":"ns_b00d503b_569c_487a_b2fc_375bba599178","fields":[{"name":"key11753975806685","type":"string"}]}
2025-07-31 15:30:07,735 INFO  [org.apa.kaf.cli.pro.ProducerConfig] (main) ProducerConfig values: 
	acks = -1
	auto.include.jmx.reporter = true
	batch.size = 16384
	bootstrap.servers = [PLAINTEXT://localhost:32770]
	buffer.memory = 33554432
	client.dns.lookup = use_all_dns_ips
	client.id = Producer-topic-bd7bfc6e_6613_4eb6_8e9c_4cc179eeec0e
	compression.gzip.level = -1
	compression.lz4.level = 9
	compression.type = none
	compression.zstd.level = 3
	connections.max.idle.ms = 10000
	delivery.timeout.ms = 120000
	enable.idempotence = true
	enable.metrics.push = true
	interceptor.classes = []
	key.serializer = class org.apache.kafka.common.serialization.StringSerializer
	linger.ms = 0
	max.block.ms = 60000
	max.in.flight.requests.per.connection = 5
	max.request.size = 1048576
	metadata.max.age.ms = 300000
	metadata.max.idle.ms = 300000
	metadata.recovery.strategy = none
	metric.reporters = []
	metrics.num.samples = 2
	metrics.recording.level = INFO
	metrics.sample.window.ms = 30000
	partitioner.adaptive.partitioning.enable = true
	partitioner.availability.timeout.ms = 0
	partitioner.class = null
	partitioner.ignore.keys = false
	receive.buffer.bytes = 32768
	reconnect.backoff.max.ms = 1000
	reconnect.backoff.ms = 50
	request.timeout.ms = 5000
	retries = 2147483647
	retry.backoff.max.ms = 1000
	retry.backoff.ms = 100
	sasl.client.callback.handler.class = null
	sasl.jaas.config = null
	sasl.kerberos.kinit.cmd = /usr/bin/kinit
	sasl.kerberos.min.time.before.relogin = 60000
	sasl.kerberos.service.name = null
	sasl.kerberos.ticket.renew.jitter = 0.05
	sasl.kerberos.ticket.renew.window.factor = 0.8
	sasl.login.callback.handler.class = null
	sasl.login.class = null
	sasl.login.connect.timeout.ms = null
	sasl.login.read.timeout.ms = null
	sasl.login.refresh.buffer.seconds = 300
	sasl.login.refresh.min.period.seconds = 60
	sasl.login.refresh.window.factor = 0.8
	sasl.login.refresh.window.jitter = 0.05
	sasl.login.retry.backoff.max.ms = 10000
	sasl.login.retry.backoff.ms = 100
	sasl.mechanism = GSSAPI
	sasl.oauthbearer.clock.skew.seconds = 30
	sasl.oauthbearer.expected.audience = null
	sasl.oauthbearer.expected.issuer = null
	sasl.oauthbearer.header.urlencode = false
	sasl.oauthbearer.jwks.endpoint.refresh.ms = 3600000
	sasl.oauthbearer.jwks.endpoint.retry.backoff.max.ms = 10000
	sasl.oauthbearer.jwks.endpoint.retry.backoff.ms = 100
	sasl.oauthbearer.jwks.endpoint.url = null
	sasl.oauthbearer.scope.claim.name = scope
	sasl.oauthbearer.sub.claim.name = sub
	sasl.oauthbearer.token.endpoint.url = null
	security.protocol = PLAINTEXT
	security.providers = null
	send.buffer.bytes = 131072
	socket.connection.setup.timeout.max.ms = 30000
	socket.connection.setup.timeout.ms = 10000
	ssl.cipher.suites = null
	ssl.enabled.protocols = [TLSv1.2, TLSv1.3]
	ssl.endpoint.identification.algorithm = https
	ssl.engine.factory.class = null
	ssl.key.password = null
	ssl.keymanager.algorithm = SunX509
	ssl.keystore.certificate.chain = null
	ssl.keystore.key = null
	ssl.keystore.location = null
	ssl.keystore.password = null
	ssl.keystore.type = JKS
	ssl.protocol = TLSv1.3
	ssl.provider = null
	ssl.secure.random.implementation = null
	ssl.trustmanager.algorithm = PKIX
	ssl.truststore.certificates = null
	ssl.truststore.location = null
	ssl.truststore.password = null
	ssl.truststore.type = JKS
	transaction.timeout.ms = 60000
	transactional.id = null
	value.serializer = class io.apicurio.registry.serde.avro.AvroKafkaSerializer

2025-07-31 15:30:07,736 INFO  [org.apa.kaf.com.tel.int.KafkaMetricsCollector] (main) initializing Kafka metrics collector
2025-07-31 15:30:07,739 INFO  [org.apa.kaf.cli.pro.KafkaProducer] (main) [Producer clientId=Producer-topic-bd7bfc6e_6613_4eb6_8e9c_4cc179eeec0e] Instantiated an idempotent producer.
2025-07-31 15:30:07,741 INFO  [org.apa.kaf.cli.pro.ProducerConfig] (main) These configurations '[apicurio.registry.url, apicurio.registry.artifact-resolver-strategy]' were supplied but are not used yet.
2025-07-31 15:30:07,741 INFO  [org.apa.kaf.com.uti.AppInfoParser] (main) Kafka version: 3.9.0
2025-07-31 15:30:07,741 INFO  [org.apa.kaf.com.uti.AppInfoParser] (main) Kafka commitId: 84caaa6e9da06435
2025-07-31 15:30:07,741 INFO  [org.apa.kaf.com.uti.AppInfoParser] (main) Kafka startTimeMs: 1753975807741
2025-07-31 15:30:07,742 INFO  [org.apa.kaf.cli.con.ConsumerConfig] (main) ConsumerConfig values: 
	allow.auto.create.topics = true
	auto.commit.interval.ms = 500
	auto.include.jmx.reporter = true
	auto.offset.reset = earliest
	bootstrap.servers = [PLAINTEXT://localhost:32770]
	check.crcs = true
	client.dns.lookup = use_all_dns_ips
	client.id = consumer-Consumer-topic-bd7bfc6e_6613_4eb6_8e9c_4cc179eeec0e-10
	client.rack = 
	connections.max.idle.ms = 10000
	default.api.timeout.ms = 60000
	enable.auto.commit = true
	enable.metrics.push = true
	exclude.internal.topics = true
	fetch.max.bytes = 52428800
	fetch.max.wait.ms = 500
	fetch.min.bytes = 1
	group.id = Consumer-topic-bd7bfc6e_6613_4eb6_8e9c_4cc179eeec0e
	group.instance.id = null
	group.protocol = classic
	group.remote.assignor = null
	heartbeat.interval.ms = 3000
	interceptor.classes = []
	internal.leave.group.on.close = true
	internal.throw.on.fetch.stable.offset.unsupported = false
	isolation.level = read_uncommitted
	key.deserializer = class org.apache.kafka.common.serialization.StringDeserializer
	max.partition.fetch.bytes = 1048576
	max.poll.interval.ms = 300000
	max.poll.records = 500
	metadata.max.age.ms = 300000
	metadata.recovery.strategy = none
	metric.reporters = []
	metrics.num.samples = 2
	metrics.recording.level = INFO
	metrics.sample.window.ms = 30000
	partition.assignment.strategy = [class org.apache.kafka.clients.consumer.RangeAssignor, class org.apache.kafka.clients.consumer.CooperativeStickyAssignor]
	receive.buffer.bytes = 65536
	reconnect.backoff.max.ms = 1000
	reconnect.backoff.ms = 50
	request.timeout.ms = 5000
	retry.backoff.max.ms = 1000
	retry.backoff.ms = 100
	sasl.client.callback.handler.class = null
	sasl.jaas.config = null
	sasl.kerberos.kinit.cmd = /usr/bin/kinit
	sasl.kerberos.min.time.before.relogin = 60000
	sasl.kerberos.service.name = null
	sasl.kerberos.ticket.renew.jitter = 0.05
	sasl.kerberos.ticket.renew.window.factor = 0.8
	sasl.login.callback.handler.class = null
	sasl.login.class = null
	sasl.login.connect.timeout.ms = null
	sasl.login.read.timeout.ms = null
	sasl.login.refresh.buffer.seconds = 300
	sasl.login.refresh.min.period.seconds = 60
	sasl.login.refresh.window.factor = 0.8
	sasl.login.refresh.window.jitter = 0.05
	sasl.login.retry.backoff.max.ms = 10000
	sasl.login.retry.backoff.ms = 100
	sasl.mechanism = GSSAPI
	sasl.oauthbearer.clock.skew.seconds = 30
	sasl.oauthbearer.expected.audience = null
	sasl.oauthbearer.expected.issuer = null
	sasl.oauthbearer.header.urlencode = false
	sasl.oauthbearer.jwks.endpoint.refresh.ms = 3600000
	sasl.oauthbearer.jwks.endpoint.retry.backoff.max.ms = 10000
	sasl.oauthbearer.jwks.endpoint.retry.backoff.ms = 100
	sasl.oauthbearer.jwks.endpoint.url = null
	sasl.oauthbearer.scope.claim.name = scope
	sasl.oauthbearer.sub.claim.name = sub
	sasl.oauthbearer.token.endpoint.url = null
	security.protocol = PLAINTEXT
	security.providers = null
	send.buffer.bytes = 131072
	session.timeout.ms = 45000
	socket.connection.setup.timeout.max.ms = 30000
	socket.connection.setup.timeout.ms = 10000
	ssl.cipher.suites = null
	ssl.enabled.protocols = [TLSv1.2, TLSv1.3]
	ssl.endpoint.identification.algorithm = https
	ssl.engine.factory.class = null
	ssl.key.password = null
	ssl.keymanager.algorithm = SunX509
	ssl.keystore.certificate.chain = null
	ssl.keystore.key = null
	ssl.keystore.location = null
	ssl.keystore.password = null
	ssl.keystore.type = JKS
	ssl.protocol = TLSv1.3
	ssl.provider = null
	ssl.secure.random.implementation = null
	ssl.trustmanager.algorithm = PKIX
	ssl.truststore.certificates = null
	ssl.truststore.location = null
	ssl.truststore.password = null
	ssl.truststore.type = JKS
	value.deserializer = class io.apicurio.registry.serde.avro.AvroKafkaDeserializer

2025-07-31 15:30:07,742 INFO  [org.apa.kaf.com.tel.int.KafkaMetricsCollector] (main) initializing Kafka metrics collector
2025-07-31 15:30:07,748 INFO  [org.apa.kaf.cli.Metadata] (kafka-producer-network-thread | Producer-topic-bd7bfc6e_6613_4eb6_8e9c_4cc179eeec0e) [Producer clientId=Producer-topic-bd7bfc6e_6613_4eb6_8e9c_4cc179eeec0e] Cluster ID: BgnDnmd_Rn-oXa8M1ygsew
2025-07-31 15:30:07,748 INFO  [org.apa.kaf.cli.pro.int.TransactionManager] (kafka-producer-network-thread | Producer-topic-bd7bfc6e_6613_4eb6_8e9c_4cc179eeec0e) [Producer clientId=Producer-topic-bd7bfc6e_6613_4eb6_8e9c_4cc179eeec0e] ProducerId set to 12 with epoch 0
2025-07-31 15:30:07,749 INFO  [org.apa.kaf.cli.con.ConsumerConfig] (main) These configurations '[apicurio.registry.url]' were supplied but are not used yet.
2025-07-31 15:30:07,749 INFO  [org.apa.kaf.com.uti.AppInfoParser] (main) Kafka version: 3.9.0
2025-07-31 15:30:07,749 INFO  [org.apa.kaf.com.uti.AppInfoParser] (main) Kafka commitId: 84caaa6e9da06435
2025-07-31 15:30:07,749 INFO  [org.apa.kaf.com.uti.AppInfoParser] (main) Kafka startTimeMs: 1753975807749
2025-07-31 15:30:07,749 INFO  [io.api.tes.ser.api.KafkaSerdesTester] (Thread-192) Sending message {"key11753975806685": "value-0"} to topic topic-bd7bfc6e_6613_4eb6_8e9c_4cc179eeec0e
2025-07-31 15:30:07,752 INFO  [DefaultSchemaResolver] (Thread-192) Retrieving schema content using string: {"type":"record","name":"s676869abxbbf0x474dx8dbbx56c8f27c6dcf","namespace":"ns_b00d503b_569c_487a_b2fc_375bba599178","fields":[{"name":"key11753975806685","type":"string"}]}
2025-07-31 15:30:07,775 INFO  [io.api.tes.ser.api.KafkaSerdesTester] (Thread-192) Sending message {"key11753975806685": "value-1"} to topic topic-bd7bfc6e_6613_4eb6_8e9c_4cc179eeec0e
2025-07-31 15:30:07,777 INFO  [io.api.tes.ser.api.KafkaSerdesTester] (Thread-192) Sending message {"key11753975806685": "value-2"} to topic topic-bd7bfc6e_6613_4eb6_8e9c_4cc179eeec0e
2025-07-31 15:30:07,778 INFO  [io.api.tes.ser.api.KafkaSerdesTester] (Thread-192) Sending message {"key11753975806685": "value-3"} to topic topic-bd7bfc6e_6613_4eb6_8e9c_4cc179eeec0e
2025-07-31 15:30:07,780 INFO  [io.api.tes.ser.api.KafkaSerdesTester] (Thread-192) Sending message {"key11753975806685": "value-4"} to topic topic-bd7bfc6e_6613_4eb6_8e9c_4cc179eeec0e
2025-07-31 15:30:07,782 INFO  [io.api.tes.ser.api.KafkaSerdesTester] (Thread-192) Sending message {"key11753975806685": "value-5"} to topic topic-bd7bfc6e_6613_4eb6_8e9c_4cc179eeec0e
2025-07-31 15:30:07,783 INFO  [io.api.tes.ser.api.KafkaSerdesTester] (Thread-192) Sending message {"key11753975806685": "value-6"} to topic topic-bd7bfc6e_6613_4eb6_8e9c_4cc179eeec0e
2025-07-31 15:30:07,784 INFO  [io.api.tes.ser.api.KafkaSerdesTester] (Thread-192) Sending message {"key11753975806685": "value-7"} to topic topic-bd7bfc6e_6613_4eb6_8e9c_4cc179eeec0e
2025-07-31 15:30:07,785 INFO  [io.api.tes.ser.api.KafkaSerdesTester] (Thread-192) Sending message {"key11753975806685": "value-8"} to topic topic-bd7bfc6e_6613_4eb6_8e9c_4cc179eeec0e
2025-07-31 15:30:07,787 INFO  [io.api.tes.ser.api.KafkaSerdesTester] (Thread-192) Sending message {"key11753975806685": "value-9"} to topic topic-bd7bfc6e_6613_4eb6_8e9c_4cc179eeec0e
2025-07-31 15:30:07,789 INFO  [io.api.tes.ser.api.KafkaSerdesTester] (Thread-192) Produced 10 messages
2025-07-31 15:30:07,789 INFO  [org.apa.kaf.cli.pro.KafkaProducer] (Thread-192) [Producer clientId=Producer-topic-bd7bfc6e_6613_4eb6_8e9c_4cc179eeec0e] Closing the Kafka producer with timeoutMillis = 9223372036854775807 ms.
2025-07-31 15:30:07,791 INFO  [org.apa.kaf.com.met.Metrics] (Thread-192) Metrics scheduler closed
2025-07-31 15:30:07,792 INFO  [org.apa.kaf.com.met.Metrics] (Thread-192) Closing reporter org.apache.kafka.common.metrics.JmxReporter
2025-07-31 15:30:07,792 INFO  [org.apa.kaf.com.met.Metrics] (Thread-192) Closing reporter org.apache.kafka.common.telemetry.internals.ClientTelemetryReporter
2025-07-31 15:30:07,792 INFO  [org.apa.kaf.com.met.Metrics] (Thread-192) Metrics reporters closed
2025-07-31 15:30:07,792 INFO  [org.apa.kaf.com.uti.AppInfoParser] (Thread-192) App info kafka.producer for Producer-topic-bd7bfc6e_6613_4eb6_8e9c_4cc179eeec0e unregistered
2025-07-31 15:30:07,793 INFO  [org.apa.kaf.cli.con.int.ClassicKafkaConsumer] (Thread-193) [Consumer clientId=consumer-Consumer-topic-bd7bfc6e_6613_4eb6_8e9c_4cc179eeec0e-10, groupId=Consumer-topic-bd7bfc6e_6613_4eb6_8e9c_4cc179eeec0e] Subscribed to topic(s): topic-bd7bfc6e_6613_4eb6_8e9c_4cc179eeec0e
2025-07-31 15:30:07,801 INFO  [org.apa.kaf.cli.Metadata] (Thread-193) [Consumer clientId=consumer-Consumer-topic-bd7bfc6e_6613_4eb6_8e9c_4cc179eeec0e-10, groupId=Consumer-topic-bd7bfc6e_6613_4eb6_8e9c_4cc179eeec0e] Cluster ID: BgnDnmd_Rn-oXa8M1ygsew
2025-07-31 15:30:07,801 INFO  [org.apa.kaf.cli.con.int.ConsumerCoordinator] (Thread-193) [Consumer clientId=consumer-Consumer-topic-bd7bfc6e_6613_4eb6_8e9c_4cc179eeec0e-10, groupId=Consumer-topic-bd7bfc6e_6613_4eb6_8e9c_4cc179eeec0e] Discovered group coordinator localhost:32770 (id: 2147483647 rack: null)
2025-07-31 15:30:07,804 INFO  [org.apa.kaf.cli.con.int.ConsumerCoordinator] (Thread-193) [Consumer clientId=consumer-Consumer-topic-bd7bfc6e_6613_4eb6_8e9c_4cc179eeec0e-10, groupId=Consumer-topic-bd7bfc6e_6613_4eb6_8e9c_4cc179eeec0e] (Re-)joining group
2025-07-31 15:30:07,809 INFO  [org.apa.kaf.cli.con.int.ConsumerCoordinator] (Thread-193) [Consumer clientId=consumer-Consumer-topic-bd7bfc6e_6613_4eb6_8e9c_4cc179eeec0e-10, groupId=Consumer-topic-bd7bfc6e_6613_4eb6_8e9c_4cc179eeec0e] Request joining group due to: need to re-join with the given member-id: consumer-Consumer-topic-bd7bfc6e_6613_4eb6_8e9c_4cc179eeec0e-10-383990dc-f51b-47ae-b775-2e472587cd8e
2025-07-31 15:30:07,809 INFO  [org.apa.kaf.cli.con.int.ConsumerCoordinator] (Thread-193) [Consumer clientId=consumer-Consumer-topic-bd7bfc6e_6613_4eb6_8e9c_4cc179eeec0e-10, groupId=Consumer-topic-bd7bfc6e_6613_4eb6_8e9c_4cc179eeec0e] (Re-)joining group
2025-07-31 15:30:07,812 INFO  [org.apa.kaf.cli.con.int.ConsumerCoordinator] (Thread-193) [Consumer clientId=consumer-Consumer-topic-bd7bfc6e_6613_4eb6_8e9c_4cc179eeec0e-10, groupId=Consumer-topic-bd7bfc6e_6613_4eb6_8e9c_4cc179eeec0e] Successfully joined group with generation Generation{generationId=1, memberId='consumer-Consumer-topic-bd7bfc6e_6613_4eb6_8e9c_4cc179eeec0e-10-383990dc-f51b-47ae-b775-2e472587cd8e', protocol='range'}
2025-07-31 15:30:07,812 INFO  [org.apa.kaf.cli.con.int.ConsumerCoordinator] (Thread-193) [Consumer clientId=consumer-Consumer-topic-bd7bfc6e_6613_4eb6_8e9c_4cc179eeec0e-10, groupId=Consumer-topic-bd7bfc6e_6613_4eb6_8e9c_4cc179eeec0e] Finished assignment for group at generation 1: {consumer-Consumer-topic-bd7bfc6e_6613_4eb6_8e9c_4cc179eeec0e-10-383990dc-f51b-47ae-b775-2e472587cd8e=Assignment(partitions=[topic-bd7bfc6e_6613_4eb6_8e9c_4cc179eeec0e-0])}
2025-07-31 15:30:07,818 INFO  [org.apa.kaf.cli.con.int.ConsumerCoordinator] (Thread-193) [Consumer clientId=consumer-Consumer-topic-bd7bfc6e_6613_4eb6_8e9c_4cc179eeec0e-10, groupId=Consumer-topic-bd7bfc6e_6613_4eb6_8e9c_4cc179eeec0e] Successfully synced group in generation Generation{generationId=1, memberId='consumer-Consumer-topic-bd7bfc6e_6613_4eb6_8e9c_4cc179eeec0e-10-383990dc-f51b-47ae-b775-2e472587cd8e', protocol='range'}
2025-07-31 15:30:07,819 INFO  [org.apa.kaf.cli.con.int.ConsumerCoordinator] (Thread-193) [Consumer clientId=consumer-Consumer-topic-bd7bfc6e_6613_4eb6_8e9c_4cc179eeec0e-10, groupId=Consumer-topic-bd7bfc6e_6613_4eb6_8e9c_4cc179eeec0e] Notifying assignor about the new Assignment(partitions=[topic-bd7bfc6e_6613_4eb6_8e9c_4cc179eeec0e-0])
2025-07-31 15:30:07,819 INFO  [org.apa.kaf.cli.con.int.ConsumerRebalanceListenerInvoker] (Thread-193) [Consumer clientId=consumer-Consumer-topic-bd7bfc6e_6613_4eb6_8e9c_4cc179eeec0e-10, groupId=Consumer-topic-bd7bfc6e_6613_4eb6_8e9c_4cc179eeec0e] Adding newly assigned partitions: topic-bd7bfc6e_6613_4eb6_8e9c_4cc179eeec0e-0
2025-07-31 15:30:07,821 INFO  [org.apa.kaf.cli.con.int.ConsumerCoordinator] (Thread-193) [Consumer clientId=consumer-Consumer-topic-bd7bfc6e_6613_4eb6_8e9c_4cc179eeec0e-10, groupId=Consumer-topic-bd7bfc6e_6613_4eb6_8e9c_4cc179eeec0e] Found no committed offset for partition topic-bd7bfc6e_6613_4eb6_8e9c_4cc179eeec0e-0
2025-07-31 15:30:07,826 INFO  [org.apa.kaf.cli.con.int.SubscriptionState] (Thread-193) [Consumer clientId=consumer-Consumer-topic-bd7bfc6e_6613_4eb6_8e9c_4cc179eeec0e-10, groupId=Consumer-topic-bd7bfc6e_6613_4eb6_8e9c_4cc179eeec0e] Resetting offset for partition topic-bd7bfc6e_6613_4eb6_8e9c_4cc179eeec0e-0 to position FetchPosition{offset=0, offsetEpoch=Optional.empty, currentLeader=LeaderAndEpoch{leader=Optional[localhost:32770 (id: 0 rack: null)], epoch=0}}.
2025-07-31 15:30:07,861 INFO  [io.api.tes.ser.api.KafkaSerdesTester] (Thread-193) topic-bd7bfc6e_6613_4eb6_8e9c_4cc179eeec0e 0 0 {"key11753975806685": "value-0"}
2025-07-31 15:30:07,861 INFO  [io.api.tes.ser.api.KafkaSerdesTester] (Thread-193) topic-bd7bfc6e_6613_4eb6_8e9c_4cc179eeec0e 0 1 {"key11753975806685": "value-1"}
2025-07-31 15:30:07,861 INFO  [io.api.tes.ser.api.KafkaSerdesTester] (Thread-193) topic-bd7bfc6e_6613_4eb6_8e9c_4cc179eeec0e 0 2 {"key11753975806685": "value-2"}
2025-07-31 15:30:07,861 INFO  [io.api.tes.ser.api.KafkaSerdesTester] (Thread-193) topic-bd7bfc6e_6613_4eb6_8e9c_4cc179eeec0e 0 3 {"key11753975806685": "value-3"}
2025-07-31 15:30:07,861 INFO  [io.api.tes.ser.api.KafkaSerdesTester] (Thread-193) topic-bd7bfc6e_6613_4eb6_8e9c_4cc179eeec0e 0 4 {"key11753975806685": "value-4"}
2025-07-31 15:30:07,861 INFO  [io.api.tes.ser.api.KafkaSerdesTester] (Thread-193) topic-bd7bfc6e_6613_4eb6_8e9c_4cc179eeec0e 0 5 {"key11753975806685": "value-5"}
2025-07-31 15:30:07,861 INFO  [io.api.tes.ser.api.KafkaSerdesTester] (Thread-193) topic-bd7bfc6e_6613_4eb6_8e9c_4cc179eeec0e 0 6 {"key11753975806685": "value-6"}
2025-07-31 15:30:07,861 INFO  [io.api.tes.ser.api.KafkaSerdesTester] (Thread-193) topic-bd7bfc6e_6613_4eb6_8e9c_4cc179eeec0e 0 7 {"key11753975806685": "value-7"}
2025-07-31 15:30:07,861 INFO  [io.api.tes.ser.api.KafkaSerdesTester] (Thread-193) topic-bd7bfc6e_6613_4eb6_8e9c_4cc179eeec0e 0 8 {"key11753975806685": "value-8"}
2025-07-31 15:30:07,862 INFO  [io.api.tes.ser.api.KafkaSerdesTester] (Thread-193) topic-bd7bfc6e_6613_4eb6_8e9c_4cc179eeec0e 0 9 {"key11753975806685": "value-9"}
2025-07-31 15:30:07,862 INFO  [io.api.tes.ser.api.KafkaSerdesTester] (Thread-193) Consumed 10 messages
2025-07-31 15:30:07,864 INFO  [org.apa.kaf.cli.con.int.ConsumerRebalanceListenerInvoker] (Thread-193) [Consumer clientId=consumer-Consumer-topic-bd7bfc6e_6613_4eb6_8e9c_4cc179eeec0e-10, groupId=Consumer-topic-bd7bfc6e_6613_4eb6_8e9c_4cc179eeec0e] Revoke previously assigned partitions topic-bd7bfc6e_6613_4eb6_8e9c_4cc179eeec0e-0
2025-07-31 15:30:07,864 INFO  [org.apa.kaf.cli.con.int.ConsumerCoordinator] (Thread-193) [Consumer clientId=consumer-Consumer-topic-bd7bfc6e_6613_4eb6_8e9c_4cc179eeec0e-10, groupId=Consumer-topic-bd7bfc6e_6613_4eb6_8e9c_4cc179eeec0e] Member consumer-Consumer-topic-bd7bfc6e_6613_4eb6_8e9c_4cc179eeec0e-10-383990dc-f51b-47ae-b775-2e472587cd8e sending LeaveGroup request to coordinator localhost:32770 (id: 2147483647 rack: null) due to the consumer is being closed
2025-07-31 15:30:07,865 INFO  [org.apa.kaf.cli.con.int.ConsumerCoordinator] (Thread-193) [Consumer clientId=consumer-Consumer-topic-bd7bfc6e_6613_4eb6_8e9c_4cc179eeec0e-10, groupId=Consumer-topic-bd7bfc6e_6613_4eb6_8e9c_4cc179eeec0e] Resetting generation and member id due to: consumer pro-actively leaving the group
2025-07-31 15:30:07,865 INFO  [org.apa.kaf.cli.con.int.ConsumerCoordinator] (Thread-193) [Consumer clientId=consumer-Consumer-topic-bd7bfc6e_6613_4eb6_8e9c_4cc179eeec0e-10, groupId=Consumer-topic-bd7bfc6e_6613_4eb6_8e9c_4cc179eeec0e] Request joining group due to: consumer pro-actively leaving the group
2025-07-31 15:30:08,364 INFO  [org.apa.kaf.com.met.Metrics] (Thread-193) Metrics scheduler closed
2025-07-31 15:30:08,364 INFO  [org.apa.kaf.com.met.Metrics] (Thread-193) Closing reporter org.apache.kafka.common.metrics.JmxReporter
2025-07-31 15:30:08,364 INFO  [org.apa.kaf.com.met.Metrics] (Thread-193) Closing reporter org.apache.kafka.common.telemetry.internals.ClientTelemetryReporter
2025-07-31 15:30:08,364 INFO  [org.apa.kaf.com.met.Metrics] (Thread-193) Metrics reporters closed
2025-07-31 15:30:08,366 INFO  [org.apa.kaf.com.uti.AppInfoParser] (Thread-193) App info kafka.consumer for consumer-Consumer-topic-bd7bfc6e_6613_4eb6_8e9c_4cc179eeec0e-10 unregistered
2025-07-31 15:30:08,367 INFO  [io.api.tes.ser.api.AvroSerdeIT] (main) Registering Avro Schema 2: {"type":"record","name":"s676869abxbbf0x474dx8dbbx56c8f27c6dcf","namespace":"ns_b00d503b_569c_487a_b2fc_375bba599178","fields":[{"name":"key11753975806685","type":"string"},{"name":"key21753975808367","type":"string"}]}
2025-07-31 15:30:09,423 INFO  [org.apa.kaf.cli.pro.ProducerConfig] (main) ProducerConfig values: 
	acks = -1
	auto.include.jmx.reporter = true
	batch.size = 16384
	bootstrap.servers = [PLAINTEXT://localhost:32770]
	buffer.memory = 33554432
	client.dns.lookup = use_all_dns_ips
	client.id = Producer-topic-bd7bfc6e_6613_4eb6_8e9c_4cc179eeec0e
	compression.gzip.level = -1
	compression.lz4.level = 9
	compression.type = none
	compression.zstd.level = 3
	connections.max.idle.ms = 10000
	delivery.timeout.ms = 120000
	enable.idempotence = true
	enable.metrics.push = true
	interceptor.classes = []
	key.serializer = class org.apache.kafka.common.serialization.StringSerializer
	linger.ms = 0
	max.block.ms = 60000
	max.in.flight.requests.per.connection = 5
	max.request.size = 1048576
	metadata.max.age.ms = 300000
	metadata.max.idle.ms = 300000
	metadata.recovery.strategy = none
	metric.reporters = []
	metrics.num.samples = 2
	metrics.recording.level = INFO
	metrics.sample.window.ms = 30000
	partitioner.adaptive.partitioning.enable = true
	partitioner.availability.timeout.ms = 0
	partitioner.class = null
	partitioner.ignore.keys = false
	receive.buffer.bytes = 32768
	reconnect.backoff.max.ms = 1000
	reconnect.backoff.ms = 50
	request.timeout.ms = 5000
	retries = 2147483647
	retry.backoff.max.ms = 1000
	retry.backoff.ms = 100
	sasl.client.callback.handler.class = null
	sasl.jaas.config = null
	sasl.kerberos.kinit.cmd = /usr/bin/kinit
	sasl.kerberos.min.time.before.relogin = 60000
	sasl.kerberos.service.name = null
	sasl.kerberos.ticket.renew.jitter = 0.05
	sasl.kerberos.ticket.renew.window.factor = 0.8
	sasl.login.callback.handler.class = null
	sasl.login.class = null
	sasl.login.connect.timeout.ms = null
	sasl.login.read.timeout.ms = null
	sasl.login.refresh.buffer.seconds = 300
	sasl.login.refresh.min.period.seconds = 60
	sasl.login.refresh.window.factor = 0.8
	sasl.login.refresh.window.jitter = 0.05
	sasl.login.retry.backoff.max.ms = 10000
	sasl.login.retry.backoff.ms = 100
	sasl.mechanism = GSSAPI
	sasl.oauthbearer.clock.skew.seconds = 30
	sasl.oauthbearer.expected.audience = null
	sasl.oauthbearer.expected.issuer = null
	sasl.oauthbearer.header.urlencode = false
	sasl.oauthbearer.jwks.endpoint.refresh.ms = 3600000
	sasl.oauthbearer.jwks.endpoint.retry.backoff.max.ms = 10000
	sasl.oauthbearer.jwks.endpoint.retry.backoff.ms = 100
	sasl.oauthbearer.jwks.endpoint.url = null
	sasl.oauthbearer.scope.claim.name = scope
	sasl.oauthbearer.sub.claim.name = sub
	sasl.oauthbearer.token.endpoint.url = null
	security.protocol = PLAINTEXT
	security.providers = null
	send.buffer.bytes = 131072
	socket.connection.setup.timeout.max.ms = 30000
	socket.connection.setup.timeout.ms = 10000
	ssl.cipher.suites = null
	ssl.enabled.protocols = [TLSv1.2, TLSv1.3]
	ssl.endpoint.identification.algorithm = https
	ssl.engine.factory.class = null
	ssl.key.password = null
	ssl.keymanager.algorithm = SunX509
	ssl.keystore.certificate.chain = null
	ssl.keystore.key = null
	ssl.keystore.location = null
	ssl.keystore.password = null
	ssl.keystore.type = JKS
	ssl.protocol = TLSv1.3
	ssl.provider = null
	ssl.secure.random.implementation = null
	ssl.trustmanager.algorithm = PKIX
	ssl.truststore.certificates = null
	ssl.truststore.location = null
	ssl.truststore.password = null
	ssl.truststore.type = JKS
	transaction.timeout.ms = 60000
	transactional.id = null
	value.serializer = class io.apicurio.registry.serde.avro.AvroKafkaSerializer

2025-07-31 15:30:09,424 INFO  [org.apa.kaf.com.tel.int.KafkaMetricsCollector] (main) initializing Kafka metrics collector
2025-07-31 15:30:09,427 INFO  [org.apa.kaf.cli.pro.KafkaProducer] (main) [Producer clientId=Producer-topic-bd7bfc6e_6613_4eb6_8e9c_4cc179eeec0e] Instantiated an idempotent producer.
2025-07-31 15:30:09,430 INFO  [org.apa.kaf.cli.pro.ProducerConfig] (main) These configurations '[apicurio.registry.url, apicurio.registry.artifact-resolver-strategy]' were supplied but are not used yet.
2025-07-31 15:30:09,430 INFO  [org.apa.kaf.com.uti.AppInfoParser] (main) Kafka version: 3.9.0
2025-07-31 15:30:09,430 INFO  [org.apa.kaf.com.uti.AppInfoParser] (main) Kafka commitId: 84caaa6e9da06435
2025-07-31 15:30:09,430 INFO  [org.apa.kaf.com.uti.AppInfoParser] (main) Kafka startTimeMs: 1753975809430
2025-07-31 15:30:09,430 INFO  [io.api.tes.ser.api.KafkaSerdesTester] (Thread-196) Sending message {"key11753975806685": "value-0", "key21753975808367": "value-0"} to topic topic-bd7bfc6e_6613_4eb6_8e9c_4cc179eeec0e
2025-07-31 15:30:09,436 INFO  [org.apa.kaf.cli.Metadata] (kafka-producer-network-thread | Producer-topic-bd7bfc6e_6613_4eb6_8e9c_4cc179eeec0e) [Producer clientId=Producer-topic-bd7bfc6e_6613_4eb6_8e9c_4cc179eeec0e] Cluster ID: BgnDnmd_Rn-oXa8M1ygsew
2025-07-31 15:30:09,436 INFO  [DefaultSchemaResolver] (Thread-196) Retrieving schema content using string: {"type":"record","name":"s676869abxbbf0x474dx8dbbx56c8f27c6dcf","namespace":"ns_b00d503b_569c_487a_b2fc_375bba599178","fields":[{"name":"key11753975806685","type":"string"},{"name":"key21753975808367","type":"string"}]}
2025-07-31 15:30:09,437 INFO  [org.apa.kaf.cli.pro.int.TransactionManager] (kafka-producer-network-thread | Producer-topic-bd7bfc6e_6613_4eb6_8e9c_4cc179eeec0e) [Producer clientId=Producer-topic-bd7bfc6e_6613_4eb6_8e9c_4cc179eeec0e] ProducerId set to 13 with epoch 0
2025-07-31 15:30:09,466 INFO  [io.api.tes.ser.api.KafkaSerdesTester] (Thread-196) Sending message {"key11753975806685": "value-1", "key21753975808367": "value-1"} to topic topic-bd7bfc6e_6613_4eb6_8e9c_4cc179eeec0e
2025-07-31 15:30:09,468 INFO  [io.api.tes.ser.api.KafkaSerdesTester] (Thread-196) Sending message {"key11753975806685": "value-2", "key21753975808367": "value-2"} to topic topic-bd7bfc6e_6613_4eb6_8e9c_4cc179eeec0e
2025-07-31 15:30:09,470 INFO  [io.api.tes.ser.api.KafkaSerdesTester] (Thread-196) Sending message {"key11753975806685": "value-3", "key21753975808367": "value-3"} to topic topic-bd7bfc6e_6613_4eb6_8e9c_4cc179eeec0e
2025-07-31 15:30:09,472 INFO  [io.api.tes.ser.api.KafkaSerdesTester] (Thread-196) Sending message {"key11753975806685": "value-4", "key21753975808367": "value-4"} to topic topic-bd7bfc6e_6613_4eb6_8e9c_4cc179eeec0e
2025-07-31 15:30:09,473 INFO  [io.api.tes.ser.api.KafkaSerdesTester] (Thread-196) Sending message {"key11753975806685": "value-5", "key21753975808367": "value-5"} to topic topic-bd7bfc6e_6613_4eb6_8e9c_4cc179eeec0e
2025-07-31 15:30:09,474 INFO  [io.api.tes.ser.api.KafkaSerdesTester] (Thread-196) Sending message {"key11753975806685": "value-6", "key21753975808367": "value-6"} to topic topic-bd7bfc6e_6613_4eb6_8e9c_4cc179eeec0e
2025-07-31 15:30:09,475 INFO  [io.api.tes.ser.api.KafkaSerdesTester] (Thread-196) Sending message {"key11753975806685": "value-7", "key21753975808367": "value-7"} to topic topic-bd7bfc6e_6613_4eb6_8e9c_4cc179eeec0e
2025-07-31 15:30:09,477 INFO  [io.api.tes.ser.api.KafkaSerdesTester] (Thread-196) Sending message {"key11753975806685": "value-8", "key21753975808367": "value-8"} to topic topic-bd7bfc6e_6613_4eb6_8e9c_4cc179eeec0e
2025-07-31 15:30:09,479 INFO  [io.api.tes.ser.api.KafkaSerdesTester] (Thread-196) Sending message {"key11753975806685": "value-9", "key21753975808367": "value-9"} to topic topic-bd7bfc6e_6613_4eb6_8e9c_4cc179eeec0e
2025-07-31 15:30:09,481 INFO  [io.api.tes.ser.api.KafkaSerdesTester] (Thread-196) Produced 10 messages
2025-07-31 15:30:09,482 INFO  [org.apa.kaf.cli.pro.KafkaProducer] (Thread-196) [Producer clientId=Producer-topic-bd7bfc6e_6613_4eb6_8e9c_4cc179eeec0e] Closing the Kafka producer with timeoutMillis = 9223372036854775807 ms.
2025-07-31 15:30:09,484 INFO  [org.apa.kaf.com.met.Metrics] (Thread-196) Metrics scheduler closed
2025-07-31 15:30:09,484 INFO  [org.apa.kaf.com.met.Metrics] (Thread-196) Closing reporter org.apache.kafka.common.metrics.JmxReporter
2025-07-31 15:30:09,484 INFO  [org.apa.kaf.com.met.Metrics] (Thread-196) Closing reporter org.apache.kafka.common.telemetry.internals.ClientTelemetryReporter
2025-07-31 15:30:09,484 INFO  [org.apa.kaf.com.met.Metrics] (Thread-196) Metrics reporters closed
2025-07-31 15:30:09,484 INFO  [org.apa.kaf.com.uti.AppInfoParser] (Thread-196) App info kafka.producer for Producer-topic-bd7bfc6e_6613_4eb6_8e9c_4cc179eeec0e unregistered
2025-07-31 15:30:09,485 INFO  [org.apa.kaf.cli.pro.ProducerConfig] (main) ProducerConfig values: 
	acks = -1
	auto.include.jmx.reporter = true
	batch.size = 16384
	bootstrap.servers = [PLAINTEXT://localhost:32770]
	buffer.memory = 33554432
	client.dns.lookup = use_all_dns_ips
	client.id = Producer-topic-bd7bfc6e_6613_4eb6_8e9c_4cc179eeec0e
	compression.gzip.level = -1
	compression.lz4.level = 9
	compression.type = none
	compression.zstd.level = 3
	connections.max.idle.ms = 10000
	delivery.timeout.ms = 120000
	enable.idempotence = true
	enable.metrics.push = true
	interceptor.classes = []
	key.serializer = class org.apache.kafka.common.serialization.StringSerializer
	linger.ms = 0
	max.block.ms = 60000
	max.in.flight.requests.per.connection = 5
	max.request.size = 1048576
	metadata.max.age.ms = 300000
	metadata.max.idle.ms = 300000
	metadata.recovery.strategy = none
	metric.reporters = []
	metrics.num.samples = 2
	metrics.recording.level = INFO
	metrics.sample.window.ms = 30000
	partitioner.adaptive.partitioning.enable = true
	partitioner.availability.timeout.ms = 0
	partitioner.class = null
	partitioner.ignore.keys = false
	receive.buffer.bytes = 32768
	reconnect.backoff.max.ms = 1000
	reconnect.backoff.ms = 50
	request.timeout.ms = 5000
	retries = 2147483647
	retry.backoff.max.ms = 1000
	retry.backoff.ms = 100
	sasl.client.callback.handler.class = null
	sasl.jaas.config = null
	sasl.kerberos.kinit.cmd = /usr/bin/kinit
	sasl.kerberos.min.time.before.relogin = 60000
	sasl.kerberos.service.name = null
	sasl.kerberos.ticket.renew.jitter = 0.05
	sasl.kerberos.ticket.renew.window.factor = 0.8
	sasl.login.callback.handler.class = null
	sasl.login.class = null
	sasl.login.connect.timeout.ms = null
	sasl.login.read.timeout.ms = null
	sasl.login.refresh.buffer.seconds = 300
	sasl.login.refresh.min.period.seconds = 60
	sasl.login.refresh.window.factor = 0.8
	sasl.login.refresh.window.jitter = 0.05
	sasl.login.retry.backoff.max.ms = 10000
	sasl.login.retry.backoff.ms = 100
	sasl.mechanism = GSSAPI
	sasl.oauthbearer.clock.skew.seconds = 30
	sasl.oauthbearer.expected.audience = null
	sasl.oauthbearer.expected.issuer = null
	sasl.oauthbearer.header.urlencode = false
	sasl.oauthbearer.jwks.endpoint.refresh.ms = 3600000
	sasl.oauthbearer.jwks.endpoint.retry.backoff.max.ms = 10000
	sasl.oauthbearer.jwks.endpoint.retry.backoff.ms = 100
	sasl.oauthbearer.jwks.endpoint.url = null
	sasl.oauthbearer.scope.claim.name = scope
	sasl.oauthbearer.sub.claim.name = sub
	sasl.oauthbearer.token.endpoint.url = null
	security.protocol = PLAINTEXT
	security.providers = null
	send.buffer.bytes = 131072
	socket.connection.setup.timeout.max.ms = 30000
	socket.connection.setup.timeout.ms = 10000
	ssl.cipher.suites = null
	ssl.enabled.protocols = [TLSv1.2, TLSv1.3]
	ssl.endpoint.identification.algorithm = https
	ssl.engine.factory.class = null
	ssl.key.password = null
	ssl.keymanager.algorithm = SunX509
	ssl.keystore.certificate.chain = null
	ssl.keystore.key = null
	ssl.keystore.location = null
	ssl.keystore.password = null
	ssl.keystore.type = JKS
	ssl.protocol = TLSv1.3
	ssl.provider = null
	ssl.secure.random.implementation = null
	ssl.trustmanager.algorithm = PKIX
	ssl.truststore.certificates = null
	ssl.truststore.location = null
	ssl.truststore.password = null
	ssl.truststore.type = JKS
	transaction.timeout.ms = 60000
	transactional.id = null
	value.serializer = class io.apicurio.registry.serde.avro.AvroKafkaSerializer

2025-07-31 15:30:09,486 INFO  [org.apa.kaf.com.tel.int.KafkaMetricsCollector] (main) initializing Kafka metrics collector
2025-07-31 15:30:09,490 INFO  [org.apa.kaf.cli.pro.KafkaProducer] (main) [Producer clientId=Producer-topic-bd7bfc6e_6613_4eb6_8e9c_4cc179eeec0e] Instantiated an idempotent producer.
2025-07-31 15:30:09,492 INFO  [org.apa.kaf.cli.pro.ProducerConfig] (main) These configurations '[apicurio.registry.url, apicurio.registry.artifact-resolver-strategy]' were supplied but are not used yet.
2025-07-31 15:30:09,492 INFO  [org.apa.kaf.com.uti.AppInfoParser] (main) Kafka version: 3.9.0
2025-07-31 15:30:09,492 INFO  [org.apa.kaf.com.uti.AppInfoParser] (main) Kafka commitId: 84caaa6e9da06435
2025-07-31 15:30:09,492 INFO  [org.apa.kaf.com.uti.AppInfoParser] (main) Kafka startTimeMs: 1753975809492
2025-07-31 15:30:09,495 INFO  [io.api.tes.ser.api.KafkaSerdesTester] (Thread-199) Sending message {"key11753975806685": "value-0"} to topic topic-bd7bfc6e_6613_4eb6_8e9c_4cc179eeec0e
2025-07-31 15:30:09,499 INFO  [org.apa.kaf.cli.Metadata] (kafka-producer-network-thread | Producer-topic-bd7bfc6e_6613_4eb6_8e9c_4cc179eeec0e) [Producer clientId=Producer-topic-bd7bfc6e_6613_4eb6_8e9c_4cc179eeec0e] Cluster ID: BgnDnmd_Rn-oXa8M1ygsew
2025-07-31 15:30:09,499 INFO  [DefaultSchemaResolver] (Thread-199) Retrieving schema content using string: {"type":"record","name":"s676869abxbbf0x474dx8dbbx56c8f27c6dcf","namespace":"ns_b00d503b_569c_487a_b2fc_375bba599178","fields":[{"name":"key11753975806685","type":"string"}]}
2025-07-31 15:30:09,500 INFO  [org.apa.kaf.cli.pro.int.TransactionManager] (kafka-producer-network-thread | Producer-topic-bd7bfc6e_6613_4eb6_8e9c_4cc179eeec0e) [Producer clientId=Producer-topic-bd7bfc6e_6613_4eb6_8e9c_4cc179eeec0e] ProducerId set to 14 with epoch 0
2025-07-31 15:30:09,531 INFO  [io.api.tes.ser.api.KafkaSerdesTester] (Thread-199) Sending message {"key11753975806685": "value-1"} to topic topic-bd7bfc6e_6613_4eb6_8e9c_4cc179eeec0e
2025-07-31 15:30:09,534 INFO  [io.api.tes.ser.api.KafkaSerdesTester] (Thread-199) Sending message {"key11753975806685": "value-2"} to topic topic-bd7bfc6e_6613_4eb6_8e9c_4cc179eeec0e
2025-07-31 15:30:09,536 INFO  [io.api.tes.ser.api.KafkaSerdesTester] (Thread-199) Sending message {"key11753975806685": "value-3"} to topic topic-bd7bfc6e_6613_4eb6_8e9c_4cc179eeec0e
2025-07-31 15:30:09,537 INFO  [io.api.tes.ser.api.KafkaSerdesTester] (Thread-199) Sending message {"key11753975806685": "value-4"} to topic topic-bd7bfc6e_6613_4eb6_8e9c_4cc179eeec0e
2025-07-31 15:30:09,540 INFO  [io.api.tes.ser.api.KafkaSerdesTester] (Thread-199) Sending message {"key11753975806685": "value-5"} to topic topic-bd7bfc6e_6613_4eb6_8e9c_4cc179eeec0e
2025-07-31 15:30:09,543 INFO  [io.api.tes.ser.api.KafkaSerdesTester] (Thread-199) Sending message {"key11753975806685": "value-6"} to topic topic-bd7bfc6e_6613_4eb6_8e9c_4cc179eeec0e
2025-07-31 15:30:09,544 INFO  [io.api.tes.ser.api.KafkaSerdesTester] (Thread-199) Sending message {"key11753975806685": "value-7"} to topic topic-bd7bfc6e_6613_4eb6_8e9c_4cc179eeec0e
2025-07-31 15:30:09,546 INFO  [io.api.tes.ser.api.KafkaSerdesTester] (Thread-199) Sending message {"key11753975806685": "value-8"} to topic topic-bd7bfc6e_6613_4eb6_8e9c_4cc179eeec0e
2025-07-31 15:30:09,547 INFO  [io.api.tes.ser.api.KafkaSerdesTester] (Thread-199) Sending message {"key11753975806685": "value-9"} to topic topic-bd7bfc6e_6613_4eb6_8e9c_4cc179eeec0e
2025-07-31 15:30:09,550 INFO  [io.api.tes.ser.api.KafkaSerdesTester] (Thread-199) Produced 10 messages
2025-07-31 15:30:09,550 INFO  [org.apa.kaf.cli.pro.KafkaProducer] (Thread-199) [Producer clientId=Producer-topic-bd7bfc6e_6613_4eb6_8e9c_4cc179eeec0e] Closing the Kafka producer with timeoutMillis = 9223372036854775807 ms.
2025-07-31 15:30:09,553 INFO  [org.apa.kaf.com.met.Metrics] (Thread-199) Metrics scheduler closed
2025-07-31 15:30:09,553 INFO  [org.apa.kaf.com.met.Metrics] (Thread-199) Closing reporter org.apache.kafka.common.metrics.JmxReporter
2025-07-31 15:30:09,553 INFO  [org.apa.kaf.com.met.Metrics] (Thread-199) Closing reporter org.apache.kafka.common.telemetry.internals.ClientTelemetryReporter
2025-07-31 15:30:09,553 INFO  [org.apa.kaf.com.met.Metrics] (Thread-199) Metrics reporters closed
2025-07-31 15:30:09,554 INFO  [org.apa.kaf.com.uti.AppInfoParser] (Thread-199) App info kafka.producer for Producer-topic-bd7bfc6e_6613_4eb6_8e9c_4cc179eeec0e unregistered
2025-07-31 15:30:09,555 INFO  [org.apa.kaf.cli.con.ConsumerConfig] (main) ConsumerConfig values: 
	allow.auto.create.topics = true
	auto.commit.interval.ms = 500
	auto.include.jmx.reporter = true
	auto.offset.reset = earliest
	bootstrap.servers = [PLAINTEXT://localhost:32770]
	check.crcs = true
	client.dns.lookup = use_all_dns_ips
	client.id = consumer-Consumer-topic-bd7bfc6e_6613_4eb6_8e9c_4cc179eeec0e-11
	client.rack = 
	connections.max.idle.ms = 10000
	default.api.timeout.ms = 60000
	enable.auto.commit = true
	enable.metrics.push = true
	exclude.internal.topics = true
	fetch.max.bytes = 52428800
	fetch.max.wait.ms = 500
	fetch.min.bytes = 1
	group.id = Consumer-topic-bd7bfc6e_6613_4eb6_8e9c_4cc179eeec0e
	group.instance.id = null
	group.protocol = classic
	group.remote.assignor = null
	heartbeat.interval.ms = 3000
	interceptor.classes = []
	internal.leave.group.on.close = true
	internal.throw.on.fetch.stable.offset.unsupported = false
	isolation.level = read_uncommitted
	key.deserializer = class org.apache.kafka.common.serialization.StringDeserializer
	max.partition.fetch.bytes = 1048576
	max.poll.interval.ms = 300000
	max.poll.records = 500
	metadata.max.age.ms = 300000
	metadata.recovery.strategy = none
	metric.reporters = []
	metrics.num.samples = 2
	metrics.recording.level = INFO
	metrics.sample.window.ms = 30000
	partition.assignment.strategy = [class org.apache.kafka.clients.consumer.RangeAssignor, class org.apache.kafka.clients.consumer.CooperativeStickyAssignor]
	receive.buffer.bytes = 65536
	reconnect.backoff.max.ms = 1000
	reconnect.backoff.ms = 50
	request.timeout.ms = 5000
	retry.backoff.max.ms = 1000
	retry.backoff.ms = 100
	sasl.client.callback.handler.class = null
	sasl.jaas.config = null
	sasl.kerberos.kinit.cmd = /usr/bin/kinit
	sasl.kerberos.min.time.before.relogin = 60000
	sasl.kerberos.service.name = null
	sasl.kerberos.ticket.renew.jitter = 0.05
	sasl.kerberos.ticket.renew.window.factor = 0.8
	sasl.login.callback.handler.class = null
	sasl.login.class = null
	sasl.login.connect.timeout.ms = null
	sasl.login.read.timeout.ms = null
	sasl.login.refresh.buffer.seconds = 300
	sasl.login.refresh.min.period.seconds = 60
	sasl.login.refresh.window.factor = 0.8
	sasl.login.refresh.window.jitter = 0.05
	sasl.login.retry.backoff.max.ms = 10000
	sasl.login.retry.backoff.ms = 100
	sasl.mechanism = GSSAPI
	sasl.oauthbearer.clock.skew.seconds = 30
	sasl.oauthbearer.expected.audience = null
	sasl.oauthbearer.expected.issuer = null
	sasl.oauthbearer.header.urlencode = false
	sasl.oauthbearer.jwks.endpoint.refresh.ms = 3600000
	sasl.oauthbearer.jwks.endpoint.retry.backoff.max.ms = 10000
	sasl.oauthbearer.jwks.endpoint.retry.backoff.ms = 100
	sasl.oauthbearer.jwks.endpoint.url = null
	sasl.oauthbearer.scope.claim.name = scope
	sasl.oauthbearer.sub.claim.name = sub
	sasl.oauthbearer.token.endpoint.url = null
	security.protocol = PLAINTEXT
	security.providers = null
	send.buffer.bytes = 131072
	session.timeout.ms = 45000
	socket.connection.setup.timeout.max.ms = 30000
	socket.connection.setup.timeout.ms = 10000
	ssl.cipher.suites = null
	ssl.enabled.protocols = [TLSv1.2, TLSv1.3]
	ssl.endpoint.identification.algorithm = https
	ssl.engine.factory.class = null
	ssl.key.password = null
	ssl.keymanager.algorithm = SunX509
	ssl.keystore.certificate.chain = null
	ssl.keystore.key = null
	ssl.keystore.location = null
	ssl.keystore.password = null
	ssl.keystore.type = JKS
	ssl.protocol = TLSv1.3
	ssl.provider = null
	ssl.secure.random.implementation = null
	ssl.trustmanager.algorithm = PKIX
	ssl.truststore.certificates = null
	ssl.truststore.location = null
	ssl.truststore.password = null
	ssl.truststore.type = JKS
	value.deserializer = class io.apicurio.registry.serde.avro.AvroKafkaDeserializer

2025-07-31 15:30:09,555 INFO  [org.apa.kaf.com.tel.int.KafkaMetricsCollector] (main) initializing Kafka metrics collector
2025-07-31 15:30:09,571 INFO  [org.apa.kaf.cli.con.ConsumerConfig] (main) These configurations '[apicurio.registry.url]' were supplied but are not used yet.
2025-07-31 15:30:09,571 INFO  [org.apa.kaf.com.uti.AppInfoParser] (main) Kafka version: 3.9.0
2025-07-31 15:30:09,571 INFO  [org.apa.kaf.com.uti.AppInfoParser] (main) Kafka commitId: 84caaa6e9da06435
2025-07-31 15:30:09,571 INFO  [org.apa.kaf.com.uti.AppInfoParser] (main) Kafka startTimeMs: 1753975809571
2025-07-31 15:30:09,576 INFO  [org.apa.kaf.cli.con.int.ClassicKafkaConsumer] (Thread-202) [Consumer clientId=consumer-Consumer-topic-bd7bfc6e_6613_4eb6_8e9c_4cc179eeec0e-11, groupId=Consumer-topic-bd7bfc6e_6613_4eb6_8e9c_4cc179eeec0e] Subscribed to topic(s): topic-bd7bfc6e_6613_4eb6_8e9c_4cc179eeec0e
2025-07-31 15:30:09,583 INFO  [org.apa.kaf.cli.Metadata] (Thread-202) [Consumer clientId=consumer-Consumer-topic-bd7bfc6e_6613_4eb6_8e9c_4cc179eeec0e-11, groupId=Consumer-topic-bd7bfc6e_6613_4eb6_8e9c_4cc179eeec0e] Cluster ID: BgnDnmd_Rn-oXa8M1ygsew
2025-07-31 15:30:09,583 INFO  [org.apa.kaf.cli.con.int.ConsumerCoordinator] (Thread-202) [Consumer clientId=consumer-Consumer-topic-bd7bfc6e_6613_4eb6_8e9c_4cc179eeec0e-11, groupId=Consumer-topic-bd7bfc6e_6613_4eb6_8e9c_4cc179eeec0e] Discovered group coordinator localhost:32770 (id: 2147483647 rack: null)
2025-07-31 15:30:09,586 INFO  [org.apa.kaf.cli.con.int.ConsumerCoordinator] (Thread-202) [Consumer clientId=consumer-Consumer-topic-bd7bfc6e_6613_4eb6_8e9c_4cc179eeec0e-11, groupId=Consumer-topic-bd7bfc6e_6613_4eb6_8e9c_4cc179eeec0e] (Re-)joining group
2025-07-31 15:30:09,590 INFO  [org.apa.kaf.cli.con.int.ConsumerCoordinator] (Thread-202) [Consumer clientId=consumer-Consumer-topic-bd7bfc6e_6613_4eb6_8e9c_4cc179eeec0e-11, groupId=Consumer-topic-bd7bfc6e_6613_4eb6_8e9c_4cc179eeec0e] Request joining group due to: need to re-join with the given member-id: consumer-Consumer-topic-bd7bfc6e_6613_4eb6_8e9c_4cc179eeec0e-11-1034abc3-4868-497c-a496-eefbd79c0a08
2025-07-31 15:30:09,590 INFO  [org.apa.kaf.cli.con.int.ConsumerCoordinator] (Thread-202) [Consumer clientId=consumer-Consumer-topic-bd7bfc6e_6613_4eb6_8e9c_4cc179eeec0e-11, groupId=Consumer-topic-bd7bfc6e_6613_4eb6_8e9c_4cc179eeec0e] (Re-)joining group
2025-07-31 15:30:09,594 INFO  [org.apa.kaf.cli.con.int.ConsumerCoordinator] (Thread-202) [Consumer clientId=consumer-Consumer-topic-bd7bfc6e_6613_4eb6_8e9c_4cc179eeec0e-11, groupId=Consumer-topic-bd7bfc6e_6613_4eb6_8e9c_4cc179eeec0e] Successfully joined group with generation Generation{generationId=3, memberId='consumer-Consumer-topic-bd7bfc6e_6613_4eb6_8e9c_4cc179eeec0e-11-1034abc3-4868-497c-a496-eefbd79c0a08', protocol='range'}
2025-07-31 15:30:09,594 INFO  [org.apa.kaf.cli.con.int.ConsumerCoordinator] (Thread-202) [Consumer clientId=consumer-Consumer-topic-bd7bfc6e_6613_4eb6_8e9c_4cc179eeec0e-11, groupId=Consumer-topic-bd7bfc6e_6613_4eb6_8e9c_4cc179eeec0e] Finished assignment for group at generation 3: {consumer-Consumer-topic-bd7bfc6e_6613_4eb6_8e9c_4cc179eeec0e-11-1034abc3-4868-497c-a496-eefbd79c0a08=Assignment(partitions=[topic-bd7bfc6e_6613_4eb6_8e9c_4cc179eeec0e-0])}
2025-07-31 15:30:09,596 INFO  [org.apa.kaf.cli.con.int.ConsumerCoordinator] (Thread-202) [Consumer clientId=consumer-Consumer-topic-bd7bfc6e_6613_4eb6_8e9c_4cc179eeec0e-11, groupId=Consumer-topic-bd7bfc6e_6613_4eb6_8e9c_4cc179eeec0e] Successfully synced group in generation Generation{generationId=3, memberId='consumer-Consumer-topic-bd7bfc6e_6613_4eb6_8e9c_4cc179eeec0e-11-1034abc3-4868-497c-a496-eefbd79c0a08', protocol='range'}
2025-07-31 15:30:09,596 INFO  [org.apa.kaf.cli.con.int.ConsumerCoordinator] (Thread-202) [Consumer clientId=consumer-Consumer-topic-bd7bfc6e_6613_4eb6_8e9c_4cc179eeec0e-11, groupId=Consumer-topic-bd7bfc6e_6613_4eb6_8e9c_4cc179eeec0e] Notifying assignor about the new Assignment(partitions=[topic-bd7bfc6e_6613_4eb6_8e9c_4cc179eeec0e-0])
2025-07-31 15:30:09,596 INFO  [org.apa.kaf.cli.con.int.ConsumerRebalanceListenerInvoker] (Thread-202) [Consumer clientId=consumer-Consumer-topic-bd7bfc6e_6613_4eb6_8e9c_4cc179eeec0e-11, groupId=Consumer-topic-bd7bfc6e_6613_4eb6_8e9c_4cc179eeec0e] Adding newly assigned partitions: topic-bd7bfc6e_6613_4eb6_8e9c_4cc179eeec0e-0
2025-07-31 15:30:09,599 INFO  [org.apa.kaf.cli.con.int.ConsumerUtils] (Thread-202) Setting offset for partition topic-bd7bfc6e_6613_4eb6_8e9c_4cc179eeec0e-0 to the committed offset FetchPosition{offset=10, offsetEpoch=Optional[0], currentLeader=LeaderAndEpoch{leader=Optional[localhost:32770 (id: 0 rack: null)], epoch=0}}
2025-07-31 15:30:09,671 INFO  [io.api.tes.ser.api.KafkaSerdesTester] (Thread-202) topic-bd7bfc6e_6613_4eb6_8e9c_4cc179eeec0e 0 10 {"key11753975806685": "value-0", "key21753975808367": "value-0"}
2025-07-31 15:30:09,672 INFO  [io.api.tes.ser.api.KafkaSerdesTester] (Thread-202) topic-bd7bfc6e_6613_4eb6_8e9c_4cc179eeec0e 0 11 {"key11753975806685": "value-1", "key21753975808367": "value-1"}
2025-07-31 15:30:09,672 INFO  [io.api.tes.ser.api.KafkaSerdesTester] (Thread-202) topic-bd7bfc6e_6613_4eb6_8e9c_4cc179eeec0e 0 12 {"key11753975806685": "value-2", "key21753975808367": "value-2"}
2025-07-31 15:30:09,672 INFO  [io.api.tes.ser.api.KafkaSerdesTester] (Thread-202) topic-bd7bfc6e_6613_4eb6_8e9c_4cc179eeec0e 0 13 {"key11753975806685": "value-3", "key21753975808367": "value-3"}
2025-07-31 15:30:09,672 INFO  [io.api.tes.ser.api.KafkaSerdesTester] (Thread-202) topic-bd7bfc6e_6613_4eb6_8e9c_4cc179eeec0e 0 14 {"key11753975806685": "value-4", "key21753975808367": "value-4"}
2025-07-31 15:30:09,672 INFO  [io.api.tes.ser.api.KafkaSerdesTester] (Thread-202) topic-bd7bfc6e_6613_4eb6_8e9c_4cc179eeec0e 0 15 {"key11753975806685": "value-5", "key21753975808367": "value-5"}
2025-07-31 15:30:09,672 INFO  [io.api.tes.ser.api.KafkaSerdesTester] (Thread-202) topic-bd7bfc6e_6613_4eb6_8e9c_4cc179eeec0e 0 16 {"key11753975806685": "value-6", "key21753975808367": "value-6"}
2025-07-31 15:30:09,672 INFO  [io.api.tes.ser.api.KafkaSerdesTester] (Thread-202) topic-bd7bfc6e_6613_4eb6_8e9c_4cc179eeec0e 0 17 {"key11753975806685": "value-7", "key21753975808367": "value-7"}
2025-07-31 15:30:09,672 INFO  [io.api.tes.ser.api.KafkaSerdesTester] (Thread-202) topic-bd7bfc6e_6613_4eb6_8e9c_4cc179eeec0e 0 18 {"key11753975806685": "value-8", "key21753975808367": "value-8"}
2025-07-31 15:30:09,672 INFO  [io.api.tes.ser.api.KafkaSerdesTester] (Thread-202) topic-bd7bfc6e_6613_4eb6_8e9c_4cc179eeec0e 0 19 {"key11753975806685": "value-9", "key21753975808367": "value-9"}
2025-07-31 15:30:09,672 INFO  [io.api.tes.ser.api.KafkaSerdesTester] (Thread-202) topic-bd7bfc6e_6613_4eb6_8e9c_4cc179eeec0e 0 20 {"key11753975806685": "value-0"}
2025-07-31 15:30:09,672 INFO  [io.api.tes.ser.api.KafkaSerdesTester] (Thread-202) topic-bd7bfc6e_6613_4eb6_8e9c_4cc179eeec0e 0 21 {"key11753975806685": "value-1"}
2025-07-31 15:30:09,672 INFO  [io.api.tes.ser.api.KafkaSerdesTester] (Thread-202) topic-bd7bfc6e_6613_4eb6_8e9c_4cc179eeec0e 0 22 {"key11753975806685": "value-2"}
2025-07-31 15:30:09,672 INFO  [io.api.tes.ser.api.KafkaSerdesTester] (Thread-202) topic-bd7bfc6e_6613_4eb6_8e9c_4cc179eeec0e 0 23 {"key11753975806685": "value-3"}
2025-07-31 15:30:09,672 INFO  [io.api.tes.ser.api.KafkaSerdesTester] (Thread-202) topic-bd7bfc6e_6613_4eb6_8e9c_4cc179eeec0e 0 24 {"key11753975806685": "value-4"}
2025-07-31 15:30:09,672 INFO  [io.api.tes.ser.api.KafkaSerdesTester] (Thread-202) topic-bd7bfc6e_6613_4eb6_8e9c_4cc179eeec0e 0 25 {"key11753975806685": "value-5"}
2025-07-31 15:30:09,672 INFO  [io.api.tes.ser.api.KafkaSerdesTester] (Thread-202) topic-bd7bfc6e_6613_4eb6_8e9c_4cc179eeec0e 0 26 {"key11753975806685": "value-6"}
2025-07-31 15:30:09,672 INFO  [io.api.tes.ser.api.KafkaSerdesTester] (Thread-202) topic-bd7bfc6e_6613_4eb6_8e9c_4cc179eeec0e 0 27 {"key11753975806685": "value-7"}
2025-07-31 15:30:09,672 INFO  [io.api.tes.ser.api.KafkaSerdesTester] (Thread-202) topic-bd7bfc6e_6613_4eb6_8e9c_4cc179eeec0e 0 28 {"key11753975806685": "value-8"}
2025-07-31 15:30:09,672 INFO  [io.api.tes.ser.api.KafkaSerdesTester] (Thread-202) topic-bd7bfc6e_6613_4eb6_8e9c_4cc179eeec0e 0 29 {"key11753975806685": "value-9"}
2025-07-31 15:30:09,672 INFO  [io.api.tes.ser.api.KafkaSerdesTester] (Thread-202) Consumed 20 messages
2025-07-31 15:30:09,675 INFO  [org.apa.kaf.cli.con.int.ConsumerRebalanceListenerInvoker] (Thread-202) [Consumer clientId=consumer-Consumer-topic-bd7bfc6e_6613_4eb6_8e9c_4cc179eeec0e-11, groupId=Consumer-topic-bd7bfc6e_6613_4eb6_8e9c_4cc179eeec0e] Revoke previously assigned partitions topic-bd7bfc6e_6613_4eb6_8e9c_4cc179eeec0e-0
2025-07-31 15:30:09,675 INFO  [org.apa.kaf.cli.con.int.ConsumerCoordinator] (Thread-202) [Consumer clientId=consumer-Consumer-topic-bd7bfc6e_6613_4eb6_8e9c_4cc179eeec0e-11, groupId=Consumer-topic-bd7bfc6e_6613_4eb6_8e9c_4cc179eeec0e] Member consumer-Consumer-topic-bd7bfc6e_6613_4eb6_8e9c_4cc179eeec0e-11-1034abc3-4868-497c-a496-eefbd79c0a08 sending LeaveGroup request to coordinator localhost:32770 (id: 2147483647 rack: null) due to the consumer is being closed
2025-07-31 15:30:09,676 INFO  [org.apa.kaf.cli.con.int.ConsumerCoordinator] (Thread-202) [Consumer clientId=consumer-Consumer-topic-bd7bfc6e_6613_4eb6_8e9c_4cc179eeec0e-11, groupId=Consumer-topic-bd7bfc6e_6613_4eb6_8e9c_4cc179eeec0e] Resetting generation and member id due to: consumer pro-actively leaving the group
2025-07-31 15:30:09,676 INFO  [org.apa.kaf.cli.con.int.ConsumerCoordinator] (Thread-202) [Consumer clientId=consumer-Consumer-topic-bd7bfc6e_6613_4eb6_8e9c_4cc179eeec0e-11, groupId=Consumer-topic-bd7bfc6e_6613_4eb6_8e9c_4cc179eeec0e] Request joining group due to: consumer pro-actively leaving the group
2025-07-31 15:30:10,177 INFO  [org.apa.kaf.com.met.Metrics] (Thread-202) Metrics scheduler closed
2025-07-31 15:30:10,177 INFO  [org.apa.kaf.com.met.Metrics] (Thread-202) Closing reporter org.apache.kafka.common.metrics.JmxReporter
2025-07-31 15:30:10,177 INFO  [org.apa.kaf.com.met.Metrics] (Thread-202) Closing reporter org.apache.kafka.common.telemetry.internals.ClientTelemetryReporter
2025-07-31 15:30:10,177 INFO  [org.apa.kaf.com.met.Metrics] (Thread-202) Metrics reporters closed
2025-07-31 15:30:10,181 INFO  [org.apa.kaf.com.uti.AppInfoParser] (Thread-202) App info kafka.consumer for consumer-Consumer-topic-bd7bfc6e_6613_4eb6_8e9c_4cc179eeec0e-11 unregistered
2025-07-31 15:30:10,181 INFO  [io.api.tes.ser.api.AvroSerdeIT] (main) Registering Avro Schema 3: {"type":"record","name":"s676869abxbbf0x474dx8dbbx56c8f27c6dcf","namespace":"ns_b00d503b_569c_487a_b2fc_375bba599178","fields":[{"name":"key11753975806685","type":"string"},{"name":"key21753975808367","type":"string"},{"name":"key31753975810181","type":"string"}]}
2025-07-31 15:30:11,234 INFO  [org.apa.kaf.cli.pro.ProducerConfig] (main) ProducerConfig values: 
	acks = -1
	auto.include.jmx.reporter = true
	batch.size = 16384
	bootstrap.servers = [PLAINTEXT://localhost:32770]
	buffer.memory = 33554432
	client.dns.lookup = use_all_dns_ips
	client.id = Producer-topic-bd7bfc6e_6613_4eb6_8e9c_4cc179eeec0e
	compression.gzip.level = -1
	compression.lz4.level = 9
	compression.type = none
	compression.zstd.level = 3
	connections.max.idle.ms = 10000
	delivery.timeout.ms = 120000
	enable.idempotence = true
	enable.metrics.push = true
	interceptor.classes = []
	key.serializer = class org.apache.kafka.common.serialization.StringSerializer
	linger.ms = 0
	max.block.ms = 60000
	max.in.flight.requests.per.connection = 5
	max.request.size = 1048576
	metadata.max.age.ms = 300000
	metadata.max.idle.ms = 300000
	metadata.recovery.strategy = none
	metric.reporters = []
	metrics.num.samples = 2
	metrics.recording.level = INFO
	metrics.sample.window.ms = 30000
	partitioner.adaptive.partitioning.enable = true
	partitioner.availability.timeout.ms = 0
	partitioner.class = null
	partitioner.ignore.keys = false
	receive.buffer.bytes = 32768
	reconnect.backoff.max.ms = 1000
	reconnect.backoff.ms = 50
	request.timeout.ms = 5000
	retries = 2147483647
	retry.backoff.max.ms = 1000
	retry.backoff.ms = 100
	sasl.client.callback.handler.class = null
	sasl.jaas.config = null
	sasl.kerberos.kinit.cmd = /usr/bin/kinit
	sasl.kerberos.min.time.before.relogin = 60000
	sasl.kerberos.service.name = null
	sasl.kerberos.ticket.renew.jitter = 0.05
	sasl.kerberos.ticket.renew.window.factor = 0.8
	sasl.login.callback.handler.class = null
	sasl.login.class = null
	sasl.login.connect.timeout.ms = null
	sasl.login.read.timeout.ms = null
	sasl.login.refresh.buffer.seconds = 300
	sasl.login.refresh.min.period.seconds = 60
	sasl.login.refresh.window.factor = 0.8
	sasl.login.refresh.window.jitter = 0.05
	sasl.login.retry.backoff.max.ms = 10000
	sasl.login.retry.backoff.ms = 100
	sasl.mechanism = GSSAPI
	sasl.oauthbearer.clock.skew.seconds = 30
	sasl.oauthbearer.expected.audience = null
	sasl.oauthbearer.expected.issuer = null
	sasl.oauthbearer.header.urlencode = false
	sasl.oauthbearer.jwks.endpoint.refresh.ms = 3600000
	sasl.oauthbearer.jwks.endpoint.retry.backoff.max.ms = 10000
	sasl.oauthbearer.jwks.endpoint.retry.backoff.ms = 100
	sasl.oauthbearer.jwks.endpoint.url = null
	sasl.oauthbearer.scope.claim.name = scope
	sasl.oauthbearer.sub.claim.name = sub
	sasl.oauthbearer.token.endpoint.url = null
	security.protocol = PLAINTEXT
	security.providers = null
	send.buffer.bytes = 131072
	socket.connection.setup.timeout.max.ms = 30000
	socket.connection.setup.timeout.ms = 10000
	ssl.cipher.suites = null
	ssl.enabled.protocols = [TLSv1.2, TLSv1.3]
	ssl.endpoint.identification.algorithm = https
	ssl.engine.factory.class = null
	ssl.key.password = null
	ssl.keymanager.algorithm = SunX509
	ssl.keystore.certificate.chain = null
	ssl.keystore.key = null
	ssl.keystore.location = null
	ssl.keystore.password = null
	ssl.keystore.type = JKS
	ssl.protocol = TLSv1.3
	ssl.provider = null
	ssl.secure.random.implementation = null
	ssl.trustmanager.algorithm = PKIX
	ssl.truststore.certificates = null
	ssl.truststore.location = null
	ssl.truststore.password = null
	ssl.truststore.type = JKS
	transaction.timeout.ms = 60000
	transactional.id = null
	value.serializer = class io.apicurio.registry.serde.avro.AvroKafkaSerializer

2025-07-31 15:30:11,234 INFO  [org.apa.kaf.com.tel.int.KafkaMetricsCollector] (main) initializing Kafka metrics collector
2025-07-31 15:30:11,238 INFO  [org.apa.kaf.cli.pro.KafkaProducer] (main) [Producer clientId=Producer-topic-bd7bfc6e_6613_4eb6_8e9c_4cc179eeec0e] Instantiated an idempotent producer.
2025-07-31 15:30:11,239 INFO  [org.apa.kaf.cli.pro.ProducerConfig] (main) These configurations '[apicurio.registry.url, apicurio.registry.artifact-resolver-strategy]' were supplied but are not used yet.
2025-07-31 15:30:11,239 INFO  [org.apa.kaf.com.uti.AppInfoParser] (main) Kafka version: 3.9.0
2025-07-31 15:30:11,239 INFO  [org.apa.kaf.com.uti.AppInfoParser] (main) Kafka commitId: 84caaa6e9da06435
2025-07-31 15:30:11,239 INFO  [org.apa.kaf.com.uti.AppInfoParser] (main) Kafka startTimeMs: 1753975811239
2025-07-31 15:30:11,240 INFO  [io.api.tes.ser.api.KafkaSerdesTester] (Thread-205) Sending message {"key11753975806685": "value-0", "key21753975808367": "value-0", "key31753975810181": "value-0"} to topic topic-bd7bfc6e_6613_4eb6_8e9c_4cc179eeec0e
2025-07-31 15:30:11,244 INFO  [org.apa.kaf.cli.Metadata] (kafka-producer-network-thread | Producer-topic-bd7bfc6e_6613_4eb6_8e9c_4cc179eeec0e) [Producer clientId=Producer-topic-bd7bfc6e_6613_4eb6_8e9c_4cc179eeec0e] Cluster ID: BgnDnmd_Rn-oXa8M1ygsew
2025-07-31 15:30:11,245 INFO  [DefaultSchemaResolver] (Thread-205) Retrieving schema content using string: {"type":"record","name":"s676869abxbbf0x474dx8dbbx56c8f27c6dcf","namespace":"ns_b00d503b_569c_487a_b2fc_375bba599178","fields":[{"name":"key11753975806685","type":"string"},{"name":"key21753975808367","type":"string"},{"name":"key31753975810181","type":"string"}]}
2025-07-31 15:30:11,245 INFO  [org.apa.kaf.cli.pro.int.TransactionManager] (kafka-producer-network-thread | Producer-topic-bd7bfc6e_6613_4eb6_8e9c_4cc179eeec0e) [Producer clientId=Producer-topic-bd7bfc6e_6613_4eb6_8e9c_4cc179eeec0e] ProducerId set to 15 with epoch 0
2025-07-31 15:30:11,277 INFO  [io.api.tes.ser.api.KafkaSerdesTester] (Thread-205) Sending message {"key11753975806685": "value-1", "key21753975808367": "value-1", "key31753975810181": "value-1"} to topic topic-bd7bfc6e_6613_4eb6_8e9c_4cc179eeec0e
2025-07-31 15:30:11,281 INFO  [io.api.tes.ser.api.KafkaSerdesTester] (Thread-205) Sending message {"key11753975806685": "value-2", "key21753975808367": "value-2", "key31753975810181": "value-2"} to topic topic-bd7bfc6e_6613_4eb6_8e9c_4cc179eeec0e
2025-07-31 15:30:11,286 INFO  [io.api.tes.ser.api.KafkaSerdesTester] (Thread-205) Sending message {"key11753975806685": "value-3", "key21753975808367": "value-3", "key31753975810181": "value-3"} to topic topic-bd7bfc6e_6613_4eb6_8e9c_4cc179eeec0e
2025-07-31 15:30:11,294 INFO  [io.api.tes.ser.api.KafkaSerdesTester] (Thread-205) Sending message {"key11753975806685": "value-4", "key21753975808367": "value-4", "key31753975810181": "value-4"} to topic topic-bd7bfc6e_6613_4eb6_8e9c_4cc179eeec0e
2025-07-31 15:30:11,296 INFO  [io.api.tes.ser.api.KafkaSerdesTester] (Thread-205) Sending message {"key11753975806685": "value-5", "key21753975808367": "value-5", "key31753975810181": "value-5"} to topic topic-bd7bfc6e_6613_4eb6_8e9c_4cc179eeec0e
2025-07-31 15:30:11,298 INFO  [io.api.tes.ser.api.KafkaSerdesTester] (Thread-205) Sending message {"key11753975806685": "value-6", "key21753975808367": "value-6", "key31753975810181": "value-6"} to topic topic-bd7bfc6e_6613_4eb6_8e9c_4cc179eeec0e
2025-07-31 15:30:11,304 INFO  [io.api.tes.ser.api.KafkaSerdesTester] (Thread-205) Sending message {"key11753975806685": "value-7", "key21753975808367": "value-7", "key31753975810181": "value-7"} to topic topic-bd7bfc6e_6613_4eb6_8e9c_4cc179eeec0e
2025-07-31 15:30:11,313 INFO  [io.api.tes.ser.api.KafkaSerdesTester] (Thread-205) Sending message {"key11753975806685": "value-8", "key21753975808367": "value-8", "key31753975810181": "value-8"} to topic topic-bd7bfc6e_6613_4eb6_8e9c_4cc179eeec0e
2025-07-31 15:30:11,318 INFO  [io.api.tes.ser.api.KafkaSerdesTester] (Thread-205) Sending message {"key11753975806685": "value-9", "key21753975808367": "value-9", "key31753975810181": "value-9"} to topic topic-bd7bfc6e_6613_4eb6_8e9c_4cc179eeec0e
2025-07-31 15:30:11,324 INFO  [io.api.tes.ser.api.KafkaSerdesTester] (Thread-205) Produced 10 messages
2025-07-31 15:30:11,324 INFO  [org.apa.kaf.cli.pro.KafkaProducer] (Thread-205) [Producer clientId=Producer-topic-bd7bfc6e_6613_4eb6_8e9c_4cc179eeec0e] Closing the Kafka producer with timeoutMillis = 9223372036854775807 ms.
2025-07-31 15:30:11,330 INFO  [org.apa.kaf.com.met.Metrics] (Thread-205) Metrics scheduler closed
2025-07-31 15:30:11,330 INFO  [org.apa.kaf.com.met.Metrics] (Thread-205) Closing reporter org.apache.kafka.common.metrics.JmxReporter
2025-07-31 15:30:11,330 INFO  [org.apa.kaf.com.met.Metrics] (Thread-205) Closing reporter org.apache.kafka.common.telemetry.internals.ClientTelemetryReporter
2025-07-31 15:30:11,330 INFO  [org.apa.kaf.com.met.Metrics] (Thread-205) Metrics reporters closed
2025-07-31 15:30:11,330 INFO  [org.apa.kaf.com.uti.AppInfoParser] (Thread-205) App info kafka.producer for Producer-topic-bd7bfc6e_6613_4eb6_8e9c_4cc179eeec0e unregistered
2025-07-31 15:30:11,332 INFO  [org.apa.kaf.cli.pro.ProducerConfig] (main) ProducerConfig values: 
	acks = -1
	auto.include.jmx.reporter = true
	batch.size = 16384
	bootstrap.servers = [PLAINTEXT://localhost:32770]
	buffer.memory = 33554432
	client.dns.lookup = use_all_dns_ips
	client.id = Producer-topic-bd7bfc6e_6613_4eb6_8e9c_4cc179eeec0e
	compression.gzip.level = -1
	compression.lz4.level = 9
	compression.type = none
	compression.zstd.level = 3
	connections.max.idle.ms = 10000
	delivery.timeout.ms = 120000
	enable.idempotence = true
	enable.metrics.push = true
	interceptor.classes = []
	key.serializer = class org.apache.kafka.common.serialization.StringSerializer
	linger.ms = 0
	max.block.ms = 60000
	max.in.flight.requests.per.connection = 5
	max.request.size = 1048576
	metadata.max.age.ms = 300000
	metadata.max.idle.ms = 300000
	metadata.recovery.strategy = none
	metric.reporters = []
	metrics.num.samples = 2
	metrics.recording.level = INFO
	metrics.sample.window.ms = 30000
	partitioner.adaptive.partitioning.enable = true
	partitioner.availability.timeout.ms = 0
	partitioner.class = null
	partitioner.ignore.keys = false
	receive.buffer.bytes = 32768
	reconnect.backoff.max.ms = 1000
	reconnect.backoff.ms = 50
	request.timeout.ms = 5000
	retries = 2147483647
	retry.backoff.max.ms = 1000
	retry.backoff.ms = 100
	sasl.client.callback.handler.class = null
	sasl.jaas.config = null
	sasl.kerberos.kinit.cmd = /usr/bin/kinit
	sasl.kerberos.min.time.before.relogin = 60000
	sasl.kerberos.service.name = null
	sasl.kerberos.ticket.renew.jitter = 0.05
	sasl.kerberos.ticket.renew.window.factor = 0.8
	sasl.login.callback.handler.class = null
	sasl.login.class = null
	sasl.login.connect.timeout.ms = null
	sasl.login.read.timeout.ms = null
	sasl.login.refresh.buffer.seconds = 300
	sasl.login.refresh.min.period.seconds = 60
	sasl.login.refresh.window.factor = 0.8
	sasl.login.refresh.window.jitter = 0.05
	sasl.login.retry.backoff.max.ms = 10000
	sasl.login.retry.backoff.ms = 100
	sasl.mechanism = GSSAPI
	sasl.oauthbearer.clock.skew.seconds = 30
	sasl.oauthbearer.expected.audience = null
	sasl.oauthbearer.expected.issuer = null
	sasl.oauthbearer.header.urlencode = false
	sasl.oauthbearer.jwks.endpoint.refresh.ms = 3600000
	sasl.oauthbearer.jwks.endpoint.retry.backoff.max.ms = 10000
	sasl.oauthbearer.jwks.endpoint.retry.backoff.ms = 100
	sasl.oauthbearer.jwks.endpoint.url = null
	sasl.oauthbearer.scope.claim.name = scope
	sasl.oauthbearer.sub.claim.name = sub
	sasl.oauthbearer.token.endpoint.url = null
	security.protocol = PLAINTEXT
	security.providers = null
	send.buffer.bytes = 131072
	socket.connection.setup.timeout.max.ms = 30000
	socket.connection.setup.timeout.ms = 10000
	ssl.cipher.suites = null
	ssl.enabled.protocols = [TLSv1.2, TLSv1.3]
	ssl.endpoint.identification.algorithm = https
	ssl.engine.factory.class = null
	ssl.key.password = null
	ssl.keymanager.algorithm = SunX509
	ssl.keystore.certificate.chain = null
	ssl.keystore.key = null
	ssl.keystore.location = null
	ssl.keystore.password = null
	ssl.keystore.type = JKS
	ssl.protocol = TLSv1.3
	ssl.provider = null
	ssl.secure.random.implementation = null
	ssl.trustmanager.algorithm = PKIX
	ssl.truststore.certificates = null
	ssl.truststore.location = null
	ssl.truststore.password = null
	ssl.truststore.type = JKS
	transaction.timeout.ms = 60000
	transactional.id = null
	value.serializer = class io.apicurio.registry.serde.avro.AvroKafkaSerializer

2025-07-31 15:30:11,332 INFO  [org.apa.kaf.com.tel.int.KafkaMetricsCollector] (main) initializing Kafka metrics collector
2025-07-31 15:30:11,347 INFO  [org.apa.kaf.cli.pro.KafkaProducer] (main) [Producer clientId=Producer-topic-bd7bfc6e_6613_4eb6_8e9c_4cc179eeec0e] Instantiated an idempotent producer.
2025-07-31 15:30:11,349 INFO  [org.apa.kaf.cli.pro.ProducerConfig] (main) These configurations '[apicurio.registry.url, apicurio.registry.artifact-resolver-strategy]' were supplied but are not used yet.
2025-07-31 15:30:11,349 INFO  [org.apa.kaf.com.uti.AppInfoParser] (main) Kafka version: 3.9.0
2025-07-31 15:30:11,349 INFO  [org.apa.kaf.com.uti.AppInfoParser] (main) Kafka commitId: 84caaa6e9da06435
2025-07-31 15:30:11,349 INFO  [org.apa.kaf.com.uti.AppInfoParser] (main) Kafka startTimeMs: 1753975811349
2025-07-31 15:30:11,351 INFO  [io.api.tes.ser.api.KafkaSerdesTester] (Thread-208) Sending message {"key11753975806685": "value-0", "key21753975808367": "value-0"} to topic topic-bd7bfc6e_6613_4eb6_8e9c_4cc179eeec0e
2025-07-31 15:30:11,356 INFO  [org.apa.kaf.cli.Metadata] (kafka-producer-network-thread | Producer-topic-bd7bfc6e_6613_4eb6_8e9c_4cc179eeec0e) [Producer clientId=Producer-topic-bd7bfc6e_6613_4eb6_8e9c_4cc179eeec0e] Cluster ID: BgnDnmd_Rn-oXa8M1ygsew
2025-07-31 15:30:11,356 INFO  [DefaultSchemaResolver] (Thread-208) Retrieving schema content using string: {"type":"record","name":"s676869abxbbf0x474dx8dbbx56c8f27c6dcf","namespace":"ns_b00d503b_569c_487a_b2fc_375bba599178","fields":[{"name":"key11753975806685","type":"string"},{"name":"key21753975808367","type":"string"}]}
2025-07-31 15:30:11,358 INFO  [org.apa.kaf.cli.pro.int.TransactionManager] (kafka-producer-network-thread | Producer-topic-bd7bfc6e_6613_4eb6_8e9c_4cc179eeec0e) [Producer clientId=Producer-topic-bd7bfc6e_6613_4eb6_8e9c_4cc179eeec0e] ProducerId set to 16 with epoch 0
2025-07-31 15:30:11,386 INFO  [io.api.tes.ser.api.KafkaSerdesTester] (Thread-208) Sending message {"key11753975806685": "value-1", "key21753975808367": "value-1"} to topic topic-bd7bfc6e_6613_4eb6_8e9c_4cc179eeec0e
2025-07-31 15:30:11,388 INFO  [io.api.tes.ser.api.KafkaSerdesTester] (Thread-208) Sending message {"key11753975806685": "value-2", "key21753975808367": "value-2"} to topic topic-bd7bfc6e_6613_4eb6_8e9c_4cc179eeec0e
2025-07-31 15:30:11,389 INFO  [io.api.tes.ser.api.KafkaSerdesTester] (Thread-208) Sending message {"key11753975806685": "value-3", "key21753975808367": "value-3"} to topic topic-bd7bfc6e_6613_4eb6_8e9c_4cc179eeec0e
2025-07-31 15:30:11,391 INFO  [io.api.tes.ser.api.KafkaSerdesTester] (Thread-208) Sending message {"key11753975806685": "value-4", "key21753975808367": "value-4"} to topic topic-bd7bfc6e_6613_4eb6_8e9c_4cc179eeec0e
2025-07-31 15:30:11,392 INFO  [io.api.tes.ser.api.KafkaSerdesTester] (Thread-208) Sending message {"key11753975806685": "value-5", "key21753975808367": "value-5"} to topic topic-bd7bfc6e_6613_4eb6_8e9c_4cc179eeec0e
2025-07-31 15:30:11,393 INFO  [io.api.tes.ser.api.KafkaSerdesTester] (Thread-208) Sending message {"key11753975806685": "value-6", "key21753975808367": "value-6"} to topic topic-bd7bfc6e_6613_4eb6_8e9c_4cc179eeec0e
2025-07-31 15:30:11,395 INFO  [io.api.tes.ser.api.KafkaSerdesTester] (Thread-208) Sending message {"key11753975806685": "value-7", "key21753975808367": "value-7"} to topic topic-bd7bfc6e_6613_4eb6_8e9c_4cc179eeec0e
2025-07-31 15:30:11,397 INFO  [io.api.tes.ser.api.KafkaSerdesTester] (Thread-208) Sending message {"key11753975806685": "value-8", "key21753975808367": "value-8"} to topic topic-bd7bfc6e_6613_4eb6_8e9c_4cc179eeec0e
2025-07-31 15:30:11,398 INFO  [io.api.tes.ser.api.KafkaSerdesTester] (Thread-208) Sending message {"key11753975806685": "value-9", "key21753975808367": "value-9"} to topic topic-bd7bfc6e_6613_4eb6_8e9c_4cc179eeec0e
2025-07-31 15:30:11,400 INFO  [io.api.tes.ser.api.KafkaSerdesTester] (Thread-208) Produced 10 messages
2025-07-31 15:30:11,400 INFO  [org.apa.kaf.cli.pro.KafkaProducer] (Thread-208) [Producer clientId=Producer-topic-bd7bfc6e_6613_4eb6_8e9c_4cc179eeec0e] Closing the Kafka producer with timeoutMillis = 9223372036854775807 ms.
2025-07-31 15:30:11,403 INFO  [org.apa.kaf.com.met.Metrics] (Thread-208) Metrics scheduler closed
2025-07-31 15:30:11,403 INFO  [org.apa.kaf.com.met.Metrics] (Thread-208) Closing reporter org.apache.kafka.common.metrics.JmxReporter
2025-07-31 15:30:11,403 INFO  [org.apa.kaf.com.met.Metrics] (Thread-208) Closing reporter org.apache.kafka.common.telemetry.internals.ClientTelemetryReporter
2025-07-31 15:30:11,403 INFO  [org.apa.kaf.com.met.Metrics] (Thread-208) Metrics reporters closed
2025-07-31 15:30:11,403 INFO  [org.apa.kaf.com.uti.AppInfoParser] (Thread-208) App info kafka.producer for Producer-topic-bd7bfc6e_6613_4eb6_8e9c_4cc179eeec0e unregistered
2025-07-31 15:30:11,404 INFO  [org.apa.kaf.cli.pro.ProducerConfig] (main) ProducerConfig values: 
	acks = -1
	auto.include.jmx.reporter = true
	batch.size = 16384
	bootstrap.servers = [PLAINTEXT://localhost:32770]
	buffer.memory = 33554432
	client.dns.lookup = use_all_dns_ips
	client.id = Producer-topic-bd7bfc6e_6613_4eb6_8e9c_4cc179eeec0e
	compression.gzip.level = -1
	compression.lz4.level = 9
	compression.type = none
	compression.zstd.level = 3
	connections.max.idle.ms = 10000
	delivery.timeout.ms = 120000
	enable.idempotence = true
	enable.metrics.push = true
	interceptor.classes = []
	key.serializer = class org.apache.kafka.common.serialization.StringSerializer
	linger.ms = 0
	max.block.ms = 60000
	max.in.flight.requests.per.connection = 5
	max.request.size = 1048576
	metadata.max.age.ms = 300000
	metadata.max.idle.ms = 300000
	metadata.recovery.strategy = none
	metric.reporters = []
	metrics.num.samples = 2
	metrics.recording.level = INFO
	metrics.sample.window.ms = 30000
	partitioner.adaptive.partitioning.enable = true
	partitioner.availability.timeout.ms = 0
	partitioner.class = null
	partitioner.ignore.keys = false
	receive.buffer.bytes = 32768
	reconnect.backoff.max.ms = 1000
	reconnect.backoff.ms = 50
	request.timeout.ms = 5000
	retries = 2147483647
	retry.backoff.max.ms = 1000
	retry.backoff.ms = 100
	sasl.client.callback.handler.class = null
	sasl.jaas.config = null
	sasl.kerberos.kinit.cmd = /usr/bin/kinit
	sasl.kerberos.min.time.before.relogin = 60000
	sasl.kerberos.service.name = null
	sasl.kerberos.ticket.renew.jitter = 0.05
	sasl.kerberos.ticket.renew.window.factor = 0.8
	sasl.login.callback.handler.class = null
	sasl.login.class = null
	sasl.login.connect.timeout.ms = null
	sasl.login.read.timeout.ms = null
	sasl.login.refresh.buffer.seconds = 300
	sasl.login.refresh.min.period.seconds = 60
	sasl.login.refresh.window.factor = 0.8
	sasl.login.refresh.window.jitter = 0.05
	sasl.login.retry.backoff.max.ms = 10000
	sasl.login.retry.backoff.ms = 100
	sasl.mechanism = GSSAPI
	sasl.oauthbearer.clock.skew.seconds = 30
	sasl.oauthbearer.expected.audience = null
	sasl.oauthbearer.expected.issuer = null
	sasl.oauthbearer.header.urlencode = false
	sasl.oauthbearer.jwks.endpoint.refresh.ms = 3600000
	sasl.oauthbearer.jwks.endpoint.retry.backoff.max.ms = 10000
	sasl.oauthbearer.jwks.endpoint.retry.backoff.ms = 100
	sasl.oauthbearer.jwks.endpoint.url = null
	sasl.oauthbearer.scope.claim.name = scope
	sasl.oauthbearer.sub.claim.name = sub
	sasl.oauthbearer.token.endpoint.url = null
	security.protocol = PLAINTEXT
	security.providers = null
	send.buffer.bytes = 131072
	socket.connection.setup.timeout.max.ms = 30000
	socket.connection.setup.timeout.ms = 10000
	ssl.cipher.suites = null
	ssl.enabled.protocols = [TLSv1.2, TLSv1.3]
	ssl.endpoint.identification.algorithm = https
	ssl.engine.factory.class = null
	ssl.key.password = null
	ssl.keymanager.algorithm = SunX509
	ssl.keystore.certificate.chain = null
	ssl.keystore.key = null
	ssl.keystore.location = null
	ssl.keystore.password = null
	ssl.keystore.type = JKS
	ssl.protocol = TLSv1.3
	ssl.provider = null
	ssl.secure.random.implementation = null
	ssl.trustmanager.algorithm = PKIX
	ssl.truststore.certificates = null
	ssl.truststore.location = null
	ssl.truststore.password = null
	ssl.truststore.type = JKS
	transaction.timeout.ms = 60000
	transactional.id = null
	value.serializer = class io.apicurio.registry.serde.avro.AvroKafkaSerializer

2025-07-31 15:30:11,404 INFO  [org.apa.kaf.com.tel.int.KafkaMetricsCollector] (main) initializing Kafka metrics collector
2025-07-31 15:30:11,409 INFO  [org.apa.kaf.cli.pro.KafkaProducer] (main) [Producer clientId=Producer-topic-bd7bfc6e_6613_4eb6_8e9c_4cc179eeec0e] Instantiated an idempotent producer.
2025-07-31 15:30:11,412 INFO  [org.apa.kaf.cli.pro.ProducerConfig] (main) These configurations '[apicurio.registry.url, apicurio.registry.artifact-resolver-strategy]' were supplied but are not used yet.
2025-07-31 15:30:11,412 INFO  [org.apa.kaf.com.uti.AppInfoParser] (main) Kafka version: 3.9.0
2025-07-31 15:30:11,412 INFO  [org.apa.kaf.com.uti.AppInfoParser] (main) Kafka commitId: 84caaa6e9da06435
2025-07-31 15:30:11,412 INFO  [org.apa.kaf.com.uti.AppInfoParser] (main) Kafka startTimeMs: 1753975811412
2025-07-31 15:30:11,415 INFO  [io.api.tes.ser.api.KafkaSerdesTester] (Thread-211) Sending message {"key11753975806685": "value-0"} to topic topic-bd7bfc6e_6613_4eb6_8e9c_4cc179eeec0e
2025-07-31 15:30:11,420 INFO  [org.apa.kaf.cli.Metadata] (kafka-producer-network-thread | Producer-topic-bd7bfc6e_6613_4eb6_8e9c_4cc179eeec0e) [Producer clientId=Producer-topic-bd7bfc6e_6613_4eb6_8e9c_4cc179eeec0e] Cluster ID: BgnDnmd_Rn-oXa8M1ygsew
2025-07-31 15:30:11,421 INFO  [DefaultSchemaResolver] (Thread-211) Retrieving schema content using string: {"type":"record","name":"s676869abxbbf0x474dx8dbbx56c8f27c6dcf","namespace":"ns_b00d503b_569c_487a_b2fc_375bba599178","fields":[{"name":"key11753975806685","type":"string"}]}
2025-07-31 15:30:11,425 INFO  [org.apa.kaf.cli.pro.int.TransactionManager] (kafka-producer-network-thread | Producer-topic-bd7bfc6e_6613_4eb6_8e9c_4cc179eeec0e) [Producer clientId=Producer-topic-bd7bfc6e_6613_4eb6_8e9c_4cc179eeec0e] ProducerId set to 17 with epoch 0
2025-07-31 15:30:11,459 INFO  [io.api.tes.ser.api.KafkaSerdesTester] (Thread-211) Sending message {"key11753975806685": "value-1"} to topic topic-bd7bfc6e_6613_4eb6_8e9c_4cc179eeec0e
2025-07-31 15:30:11,463 INFO  [io.api.tes.ser.api.KafkaSerdesTester] (Thread-211) Sending message {"key11753975806685": "value-2"} to topic topic-bd7bfc6e_6613_4eb6_8e9c_4cc179eeec0e
2025-07-31 15:30:11,468 INFO  [io.api.tes.ser.api.KafkaSerdesTester] (Thread-211) Sending message {"key11753975806685": "value-3"} to topic topic-bd7bfc6e_6613_4eb6_8e9c_4cc179eeec0e
2025-07-31 15:30:11,470 INFO  [io.api.tes.ser.api.KafkaSerdesTester] (Thread-211) Sending message {"key11753975806685": "value-4"} to topic topic-bd7bfc6e_6613_4eb6_8e9c_4cc179eeec0e
2025-07-31 15:30:11,471 INFO  [io.api.tes.ser.api.KafkaSerdesTester] (Thread-211) Sending message {"key11753975806685": "value-5"} to topic topic-bd7bfc6e_6613_4eb6_8e9c_4cc179eeec0e
2025-07-31 15:30:11,473 INFO  [io.api.tes.ser.api.KafkaSerdesTester] (Thread-211) Sending message {"key11753975806685": "value-6"} to topic topic-bd7bfc6e_6613_4eb6_8e9c_4cc179eeec0e
2025-07-31 15:30:11,474 INFO  [io.api.tes.ser.api.KafkaSerdesTester] (Thread-211) Sending message {"key11753975806685": "value-7"} to topic topic-bd7bfc6e_6613_4eb6_8e9c_4cc179eeec0e
2025-07-31 15:30:11,475 INFO  [io.api.tes.ser.api.KafkaSerdesTester] (Thread-211) Sending message {"key11753975806685": "value-8"} to topic topic-bd7bfc6e_6613_4eb6_8e9c_4cc179eeec0e
2025-07-31 15:30:11,477 INFO  [io.api.tes.ser.api.KafkaSerdesTester] (Thread-211) Sending message {"key11753975806685": "value-9"} to topic topic-bd7bfc6e_6613_4eb6_8e9c_4cc179eeec0e
2025-07-31 15:30:11,479 INFO  [io.api.tes.ser.api.KafkaSerdesTester] (Thread-211) Produced 10 messages
2025-07-31 15:30:11,479 INFO  [org.apa.kaf.cli.pro.KafkaProducer] (Thread-211) [Producer clientId=Producer-topic-bd7bfc6e_6613_4eb6_8e9c_4cc179eeec0e] Closing the Kafka producer with timeoutMillis = 9223372036854775807 ms.
2025-07-31 15:30:11,481 INFO  [org.apa.kaf.com.met.Metrics] (Thread-211) Metrics scheduler closed
2025-07-31 15:30:11,481 INFO  [org.apa.kaf.com.met.Metrics] (Thread-211) Closing reporter org.apache.kafka.common.metrics.JmxReporter
2025-07-31 15:30:11,481 INFO  [org.apa.kaf.com.met.Metrics] (Thread-211) Closing reporter org.apache.kafka.common.telemetry.internals.ClientTelemetryReporter
2025-07-31 15:30:11,481 INFO  [org.apa.kaf.com.met.Metrics] (Thread-211) Metrics reporters closed
2025-07-31 15:30:11,482 INFO  [org.apa.kaf.com.uti.AppInfoParser] (Thread-211) App info kafka.producer for Producer-topic-bd7bfc6e_6613_4eb6_8e9c_4cc179eeec0e unregistered
2025-07-31 15:30:11,482 INFO  [org.apa.kaf.cli.con.ConsumerConfig] (main) ConsumerConfig values: 
	allow.auto.create.topics = true
	auto.commit.interval.ms = 500
	auto.include.jmx.reporter = true
	auto.offset.reset = earliest
	bootstrap.servers = [PLAINTEXT://localhost:32770]
	check.crcs = true
	client.dns.lookup = use_all_dns_ips
	client.id = consumer-Consumer-topic-bd7bfc6e_6613_4eb6_8e9c_4cc179eeec0e-12
	client.rack = 
	connections.max.idle.ms = 10000
	default.api.timeout.ms = 60000
	enable.auto.commit = true
	enable.metrics.push = true
	exclude.internal.topics = true
	fetch.max.bytes = 52428800
	fetch.max.wait.ms = 500
	fetch.min.bytes = 1
	group.id = Consumer-topic-bd7bfc6e_6613_4eb6_8e9c_4cc179eeec0e
	group.instance.id = null
	group.protocol = classic
	group.remote.assignor = null
	heartbeat.interval.ms = 3000
	interceptor.classes = []
	internal.leave.group.on.close = true
	internal.throw.on.fetch.stable.offset.unsupported = false
	isolation.level = read_uncommitted
	key.deserializer = class org.apache.kafka.common.serialization.StringDeserializer
	max.partition.fetch.bytes = 1048576
	max.poll.interval.ms = 300000
	max.poll.records = 500
	metadata.max.age.ms = 300000
	metadata.recovery.strategy = none
	metric.reporters = []
	metrics.num.samples = 2
	metrics.recording.level = INFO
	metrics.sample.window.ms = 30000
	partition.assignment.strategy = [class org.apache.kafka.clients.consumer.RangeAssignor, class org.apache.kafka.clients.consumer.CooperativeStickyAssignor]
	receive.buffer.bytes = 65536
	reconnect.backoff.max.ms = 1000
	reconnect.backoff.ms = 50
	request.timeout.ms = 5000
	retry.backoff.max.ms = 1000
	retry.backoff.ms = 100
	sasl.client.callback.handler.class = null
	sasl.jaas.config = null
	sasl.kerberos.kinit.cmd = /usr/bin/kinit
	sasl.kerberos.min.time.before.relogin = 60000
	sasl.kerberos.service.name = null
	sasl.kerberos.ticket.renew.jitter = 0.05
	sasl.kerberos.ticket.renew.window.factor = 0.8
	sasl.login.callback.handler.class = null
	sasl.login.class = null
	sasl.login.connect.timeout.ms = null
	sasl.login.read.timeout.ms = null
	sasl.login.refresh.buffer.seconds = 300
	sasl.login.refresh.min.period.seconds = 60
	sasl.login.refresh.window.factor = 0.8
	sasl.login.refresh.window.jitter = 0.05
	sasl.login.retry.backoff.max.ms = 10000
	sasl.login.retry.backoff.ms = 100
	sasl.mechanism = GSSAPI
	sasl.oauthbearer.clock.skew.seconds = 30
	sasl.oauthbearer.expected.audience = null
	sasl.oauthbearer.expected.issuer = null
	sasl.oauthbearer.header.urlencode = false
	sasl.oauthbearer.jwks.endpoint.refresh.ms = 3600000
	sasl.oauthbearer.jwks.endpoint.retry.backoff.max.ms = 10000
	sasl.oauthbearer.jwks.endpoint.retry.backoff.ms = 100
	sasl.oauthbearer.jwks.endpoint.url = null
	sasl.oauthbearer.scope.claim.name = scope
	sasl.oauthbearer.sub.claim.name = sub
	sasl.oauthbearer.token.endpoint.url = null
	security.protocol = PLAINTEXT
	security.providers = null
	send.buffer.bytes = 131072
	session.timeout.ms = 45000
	socket.connection.setup.timeout.max.ms = 30000
	socket.connection.setup.timeout.ms = 10000
	ssl.cipher.suites = null
	ssl.enabled.protocols = [TLSv1.2, TLSv1.3]
	ssl.endpoint.identification.algorithm = https
	ssl.engine.factory.class = null
	ssl.key.password = null
	ssl.keymanager.algorithm = SunX509
	ssl.keystore.certificate.chain = null
	ssl.keystore.key = null
	ssl.keystore.location = null
	ssl.keystore.password = null
	ssl.keystore.type = JKS
	ssl.protocol = TLSv1.3
	ssl.provider = null
	ssl.secure.random.implementation = null
	ssl.trustmanager.algorithm = PKIX
	ssl.truststore.certificates = null
	ssl.truststore.location = null
	ssl.truststore.password = null
	ssl.truststore.type = JKS
	value.deserializer = class io.apicurio.registry.serde.avro.AvroKafkaDeserializer

2025-07-31 15:30:11,483 INFO  [org.apa.kaf.com.tel.int.KafkaMetricsCollector] (main) initializing Kafka metrics collector
2025-07-31 15:30:11,493 INFO  [org.apa.kaf.cli.con.ConsumerConfig] (main) These configurations '[apicurio.registry.url]' were supplied but are not used yet.
2025-07-31 15:30:11,493 INFO  [org.apa.kaf.com.uti.AppInfoParser] (main) Kafka version: 3.9.0
2025-07-31 15:30:11,493 INFO  [org.apa.kaf.com.uti.AppInfoParser] (main) Kafka commitId: 84caaa6e9da06435
2025-07-31 15:30:11,493 INFO  [org.apa.kaf.com.uti.AppInfoParser] (main) Kafka startTimeMs: 1753975811493
2025-07-31 15:30:11,493 INFO  [org.apa.kaf.cli.con.int.ClassicKafkaConsumer] (Thread-214) [Consumer clientId=consumer-Consumer-topic-bd7bfc6e_6613_4eb6_8e9c_4cc179eeec0e-12, groupId=Consumer-topic-bd7bfc6e_6613_4eb6_8e9c_4cc179eeec0e] Subscribed to topic(s): topic-bd7bfc6e_6613_4eb6_8e9c_4cc179eeec0e
2025-07-31 15:30:11,499 INFO  [org.apa.kaf.cli.Metadata] (Thread-214) [Consumer clientId=consumer-Consumer-topic-bd7bfc6e_6613_4eb6_8e9c_4cc179eeec0e-12, groupId=Consumer-topic-bd7bfc6e_6613_4eb6_8e9c_4cc179eeec0e] Cluster ID: BgnDnmd_Rn-oXa8M1ygsew
2025-07-31 15:30:11,500 INFO  [org.apa.kaf.cli.con.int.ConsumerCoordinator] (Thread-214) [Consumer clientId=consumer-Consumer-topic-bd7bfc6e_6613_4eb6_8e9c_4cc179eeec0e-12, groupId=Consumer-topic-bd7bfc6e_6613_4eb6_8e9c_4cc179eeec0e] Discovered group coordinator localhost:32770 (id: 2147483647 rack: null)
2025-07-31 15:30:11,501 INFO  [org.apa.kaf.cli.con.int.ConsumerCoordinator] (Thread-214) [Consumer clientId=consumer-Consumer-topic-bd7bfc6e_6613_4eb6_8e9c_4cc179eeec0e-12, groupId=Consumer-topic-bd7bfc6e_6613_4eb6_8e9c_4cc179eeec0e] (Re-)joining group
2025-07-31 15:30:11,504 INFO  [org.apa.kaf.cli.con.int.ConsumerCoordinator] (Thread-214) [Consumer clientId=consumer-Consumer-topic-bd7bfc6e_6613_4eb6_8e9c_4cc179eeec0e-12, groupId=Consumer-topic-bd7bfc6e_6613_4eb6_8e9c_4cc179eeec0e] Request joining group due to: need to re-join with the given member-id: consumer-Consumer-topic-bd7bfc6e_6613_4eb6_8e9c_4cc179eeec0e-12-aed99c25-b2ea-43b2-9e4e-c4c10b4c11e3
2025-07-31 15:30:11,504 INFO  [org.apa.kaf.cli.con.int.ConsumerCoordinator] (Thread-214) [Consumer clientId=consumer-Consumer-topic-bd7bfc6e_6613_4eb6_8e9c_4cc179eeec0e-12, groupId=Consumer-topic-bd7bfc6e_6613_4eb6_8e9c_4cc179eeec0e] (Re-)joining group
2025-07-31 15:30:11,507 INFO  [org.apa.kaf.cli.con.int.ConsumerCoordinator] (Thread-214) [Consumer clientId=consumer-Consumer-topic-bd7bfc6e_6613_4eb6_8e9c_4cc179eeec0e-12, groupId=Consumer-topic-bd7bfc6e_6613_4eb6_8e9c_4cc179eeec0e] Successfully joined group with generation Generation{generationId=5, memberId='consumer-Consumer-topic-bd7bfc6e_6613_4eb6_8e9c_4cc179eeec0e-12-aed99c25-b2ea-43b2-9e4e-c4c10b4c11e3', protocol='range'}
2025-07-31 15:30:11,507 INFO  [org.apa.kaf.cli.con.int.ConsumerCoordinator] (Thread-214) [Consumer clientId=consumer-Consumer-topic-bd7bfc6e_6613_4eb6_8e9c_4cc179eeec0e-12, groupId=Consumer-topic-bd7bfc6e_6613_4eb6_8e9c_4cc179eeec0e] Finished assignment for group at generation 5: {consumer-Consumer-topic-bd7bfc6e_6613_4eb6_8e9c_4cc179eeec0e-12-aed99c25-b2ea-43b2-9e4e-c4c10b4c11e3=Assignment(partitions=[topic-bd7bfc6e_6613_4eb6_8e9c_4cc179eeec0e-0])}
2025-07-31 15:30:11,509 INFO  [org.apa.kaf.cli.con.int.ConsumerCoordinator] (Thread-214) [Consumer clientId=consumer-Consumer-topic-bd7bfc6e_6613_4eb6_8e9c_4cc179eeec0e-12, groupId=Consumer-topic-bd7bfc6e_6613_4eb6_8e9c_4cc179eeec0e] Successfully synced group in generation Generation{generationId=5, memberId='consumer-Consumer-topic-bd7bfc6e_6613_4eb6_8e9c_4cc179eeec0e-12-aed99c25-b2ea-43b2-9e4e-c4c10b4c11e3', protocol='range'}
2025-07-31 15:30:11,510 INFO  [org.apa.kaf.cli.con.int.ConsumerCoordinator] (Thread-214) [Consumer clientId=consumer-Consumer-topic-bd7bfc6e_6613_4eb6_8e9c_4cc179eeec0e-12, groupId=Consumer-topic-bd7bfc6e_6613_4eb6_8e9c_4cc179eeec0e] Notifying assignor about the new Assignment(partitions=[topic-bd7bfc6e_6613_4eb6_8e9c_4cc179eeec0e-0])
2025-07-31 15:30:11,510 INFO  [org.apa.kaf.cli.con.int.ConsumerRebalanceListenerInvoker] (Thread-214) [Consumer clientId=consumer-Consumer-topic-bd7bfc6e_6613_4eb6_8e9c_4cc179eeec0e-12, groupId=Consumer-topic-bd7bfc6e_6613_4eb6_8e9c_4cc179eeec0e] Adding newly assigned partitions: topic-bd7bfc6e_6613_4eb6_8e9c_4cc179eeec0e-0
2025-07-31 15:30:11,511 INFO  [org.apa.kaf.cli.con.int.ConsumerUtils] (Thread-214) Setting offset for partition topic-bd7bfc6e_6613_4eb6_8e9c_4cc179eeec0e-0 to the committed offset FetchPosition{offset=30, offsetEpoch=Optional[0], currentLeader=LeaderAndEpoch{leader=Optional[localhost:32770 (id: 0 rack: null)], epoch=0}}
2025-07-31 15:30:11,602 INFO  [io.api.tes.ser.api.KafkaSerdesTester] (Thread-214) topic-bd7bfc6e_6613_4eb6_8e9c_4cc179eeec0e 0 30 {"key11753975806685": "value-0", "key21753975808367": "value-0", "key31753975810181": "value-0"}
2025-07-31 15:30:11,602 INFO  [io.api.tes.ser.api.KafkaSerdesTester] (Thread-214) topic-bd7bfc6e_6613_4eb6_8e9c_4cc179eeec0e 0 31 {"key11753975806685": "value-1", "key21753975808367": "value-1", "key31753975810181": "value-1"}
2025-07-31 15:30:11,602 INFO  [io.api.tes.ser.api.KafkaSerdesTester] (Thread-214) topic-bd7bfc6e_6613_4eb6_8e9c_4cc179eeec0e 0 32 {"key11753975806685": "value-2", "key21753975808367": "value-2", "key31753975810181": "value-2"}
2025-07-31 15:30:11,602 INFO  [io.api.tes.ser.api.KafkaSerdesTester] (Thread-214) topic-bd7bfc6e_6613_4eb6_8e9c_4cc179eeec0e 0 33 {"key11753975806685": "value-3", "key21753975808367": "value-3", "key31753975810181": "value-3"}
2025-07-31 15:30:11,602 INFO  [io.api.tes.ser.api.KafkaSerdesTester] (Thread-214) topic-bd7bfc6e_6613_4eb6_8e9c_4cc179eeec0e 0 34 {"key11753975806685": "value-4", "key21753975808367": "value-4", "key31753975810181": "value-4"}
2025-07-31 15:30:11,602 INFO  [io.api.tes.ser.api.KafkaSerdesTester] (Thread-214) topic-bd7bfc6e_6613_4eb6_8e9c_4cc179eeec0e 0 35 {"key11753975806685": "value-5", "key21753975808367": "value-5", "key31753975810181": "value-5"}
2025-07-31 15:30:11,602 INFO  [io.api.tes.ser.api.KafkaSerdesTester] (Thread-214) topic-bd7bfc6e_6613_4eb6_8e9c_4cc179eeec0e 0 36 {"key11753975806685": "value-6", "key21753975808367": "value-6", "key31753975810181": "value-6"}
2025-07-31 15:30:11,602 INFO  [io.api.tes.ser.api.KafkaSerdesTester] (Thread-214) topic-bd7bfc6e_6613_4eb6_8e9c_4cc179eeec0e 0 37 {"key11753975806685": "value-7", "key21753975808367": "value-7", "key31753975810181": "value-7"}
2025-07-31 15:30:11,602 INFO  [io.api.tes.ser.api.KafkaSerdesTester] (Thread-214) topic-bd7bfc6e_6613_4eb6_8e9c_4cc179eeec0e 0 38 {"key11753975806685": "value-8", "key21753975808367": "value-8", "key31753975810181": "value-8"}
2025-07-31 15:30:11,602 INFO  [io.api.tes.ser.api.KafkaSerdesTester] (Thread-214) topic-bd7bfc6e_6613_4eb6_8e9c_4cc179eeec0e 0 39 {"key11753975806685": "value-9", "key21753975808367": "value-9", "key31753975810181": "value-9"}
2025-07-31 15:30:11,602 INFO  [io.api.tes.ser.api.KafkaSerdesTester] (Thread-214) topic-bd7bfc6e_6613_4eb6_8e9c_4cc179eeec0e 0 40 {"key11753975806685": "value-0", "key21753975808367": "value-0"}
2025-07-31 15:30:11,602 INFO  [io.api.tes.ser.api.KafkaSerdesTester] (Thread-214) topic-bd7bfc6e_6613_4eb6_8e9c_4cc179eeec0e 0 41 {"key11753975806685": "value-1", "key21753975808367": "value-1"}
2025-07-31 15:30:11,603 INFO  [io.api.tes.ser.api.KafkaSerdesTester] (Thread-214) topic-bd7bfc6e_6613_4eb6_8e9c_4cc179eeec0e 0 42 {"key11753975806685": "value-2", "key21753975808367": "value-2"}
2025-07-31 15:30:11,603 INFO  [io.api.tes.ser.api.KafkaSerdesTester] (Thread-214) topic-bd7bfc6e_6613_4eb6_8e9c_4cc179eeec0e 0 43 {"key11753975806685": "value-3", "key21753975808367": "value-3"}
2025-07-31 15:30:11,603 INFO  [io.api.tes.ser.api.KafkaSerdesTester] (Thread-214) topic-bd7bfc6e_6613_4eb6_8e9c_4cc179eeec0e 0 44 {"key11753975806685": "value-4", "key21753975808367": "value-4"}
2025-07-31 15:30:11,603 INFO  [io.api.tes.ser.api.KafkaSerdesTester] (Thread-214) topic-bd7bfc6e_6613_4eb6_8e9c_4cc179eeec0e 0 45 {"key11753975806685": "value-5", "key21753975808367": "value-5"}
2025-07-31 15:30:11,603 INFO  [io.api.tes.ser.api.KafkaSerdesTester] (Thread-214) topic-bd7bfc6e_6613_4eb6_8e9c_4cc179eeec0e 0 46 {"key11753975806685": "value-6", "key21753975808367": "value-6"}
2025-07-31 15:30:11,603 INFO  [io.api.tes.ser.api.KafkaSerdesTester] (Thread-214) topic-bd7bfc6e_6613_4eb6_8e9c_4cc179eeec0e 0 47 {"key11753975806685": "value-7", "key21753975808367": "value-7"}
2025-07-31 15:30:11,603 INFO  [io.api.tes.ser.api.KafkaSerdesTester] (Thread-214) topic-bd7bfc6e_6613_4eb6_8e9c_4cc179eeec0e 0 48 {"key11753975806685": "value-8", "key21753975808367": "value-8"}
2025-07-31 15:30:11,603 INFO  [io.api.tes.ser.api.KafkaSerdesTester] (Thread-214) topic-bd7bfc6e_6613_4eb6_8e9c_4cc179eeec0e 0 49 {"key11753975806685": "value-9", "key21753975808367": "value-9"}
2025-07-31 15:30:11,603 INFO  [io.api.tes.ser.api.KafkaSerdesTester] (Thread-214) topic-bd7bfc6e_6613_4eb6_8e9c_4cc179eeec0e 0 50 {"key11753975806685": "value-0"}
2025-07-31 15:30:11,604 INFO  [io.api.tes.ser.api.KafkaSerdesTester] (Thread-214) topic-bd7bfc6e_6613_4eb6_8e9c_4cc179eeec0e 0 51 {"key11753975806685": "value-1"}
2025-07-31 15:30:11,604 INFO  [io.api.tes.ser.api.KafkaSerdesTester] (Thread-214) topic-bd7bfc6e_6613_4eb6_8e9c_4cc179eeec0e 0 52 {"key11753975806685": "value-2"}
2025-07-31 15:30:11,604 INFO  [io.api.tes.ser.api.KafkaSerdesTester] (Thread-214) topic-bd7bfc6e_6613_4eb6_8e9c_4cc179eeec0e 0 53 {"key11753975806685": "value-3"}
2025-07-31 15:30:11,604 INFO  [io.api.tes.ser.api.KafkaSerdesTester] (Thread-214) topic-bd7bfc6e_6613_4eb6_8e9c_4cc179eeec0e 0 54 {"key11753975806685": "value-4"}
2025-07-31 15:30:11,604 INFO  [io.api.tes.ser.api.KafkaSerdesTester] (Thread-214) topic-bd7bfc6e_6613_4eb6_8e9c_4cc179eeec0e 0 55 {"key11753975806685": "value-5"}
2025-07-31 15:30:11,604 INFO  [io.api.tes.ser.api.KafkaSerdesTester] (Thread-214) topic-bd7bfc6e_6613_4eb6_8e9c_4cc179eeec0e 0 56 {"key11753975806685": "value-6"}
2025-07-31 15:30:11,604 INFO  [io.api.tes.ser.api.KafkaSerdesTester] (Thread-214) topic-bd7bfc6e_6613_4eb6_8e9c_4cc179eeec0e 0 57 {"key11753975806685": "value-7"}
2025-07-31 15:30:11,604 INFO  [io.api.tes.ser.api.KafkaSerdesTester] (Thread-214) topic-bd7bfc6e_6613_4eb6_8e9c_4cc179eeec0e 0 58 {"key11753975806685": "value-8"}
2025-07-31 15:30:11,604 INFO  [io.api.tes.ser.api.KafkaSerdesTester] (Thread-214) topic-bd7bfc6e_6613_4eb6_8e9c_4cc179eeec0e 0 59 {"key11753975806685": "value-9"}
2025-07-31 15:30:11,604 INFO  [io.api.tes.ser.api.KafkaSerdesTester] (Thread-214) Consumed 30 messages
2025-07-31 15:30:11,606 INFO  [org.apa.kaf.cli.con.int.ConsumerRebalanceListenerInvoker] (Thread-214) [Consumer clientId=consumer-Consumer-topic-bd7bfc6e_6613_4eb6_8e9c_4cc179eeec0e-12, groupId=Consumer-topic-bd7bfc6e_6613_4eb6_8e9c_4cc179eeec0e] Revoke previously assigned partitions topic-bd7bfc6e_6613_4eb6_8e9c_4cc179eeec0e-0
2025-07-31 15:30:11,606 INFO  [org.apa.kaf.cli.con.int.ConsumerCoordinator] (Thread-214) [Consumer clientId=consumer-Consumer-topic-bd7bfc6e_6613_4eb6_8e9c_4cc179eeec0e-12, groupId=Consumer-topic-bd7bfc6e_6613_4eb6_8e9c_4cc179eeec0e] Member consumer-Consumer-topic-bd7bfc6e_6613_4eb6_8e9c_4cc179eeec0e-12-aed99c25-b2ea-43b2-9e4e-c4c10b4c11e3 sending LeaveGroup request to coordinator localhost:32770 (id: 2147483647 rack: null) due to the consumer is being closed
2025-07-31 15:30:11,606 INFO  [org.apa.kaf.cli.con.int.ConsumerCoordinator] (Thread-214) [Consumer clientId=consumer-Consumer-topic-bd7bfc6e_6613_4eb6_8e9c_4cc179eeec0e-12, groupId=Consumer-topic-bd7bfc6e_6613_4eb6_8e9c_4cc179eeec0e] Resetting generation and member id due to: consumer pro-actively leaving the group
2025-07-31 15:30:11,606 INFO  [org.apa.kaf.cli.con.int.ConsumerCoordinator] (Thread-214) [Consumer clientId=consumer-Consumer-topic-bd7bfc6e_6613_4eb6_8e9c_4cc179eeec0e-12, groupId=Consumer-topic-bd7bfc6e_6613_4eb6_8e9c_4cc179eeec0e] Request joining group due to: consumer pro-actively leaving the group
2025-07-31 15:30:12,105 INFO  [org.apa.kaf.com.met.Metrics] (Thread-214) Metrics scheduler closed
2025-07-31 15:30:12,106 INFO  [org.apa.kaf.com.met.Metrics] (Thread-214) Closing reporter org.apache.kafka.common.metrics.JmxReporter
2025-07-31 15:30:12,106 INFO  [org.apa.kaf.com.met.Metrics] (Thread-214) Closing reporter org.apache.kafka.common.telemetry.internals.ClientTelemetryReporter
2025-07-31 15:30:12,106 INFO  [org.apa.kaf.com.met.Metrics] (Thread-214) Metrics reporters closed
2025-07-31 15:30:12,108 INFO  [org.apa.kaf.com.uti.AppInfoParser] (Thread-214) App info kafka.consumer for consumer-Consumer-topic-bd7bfc6e_6613_4eb6_8e9c_4cc179eeec0e-12 unregistered
2025-07-31 15:30:12,108 INFO  [org.apa.kaf.cli.pro.KafkaProducer] (main) [Producer clientId=Producer-topic-bd7bfc6e_6613_4eb6_8e9c_4cc179eeec0e] Closing the Kafka producer with timeoutMillis = 9223372036854775807 ms.
2025-07-31 15:30:12,108 INFO  [org.apa.kaf.com.met.Metrics] (main) Metrics scheduler closed
2025-07-31 15:30:12,108 INFO  [org.apa.kaf.com.met.Metrics] (main) Closing reporter org.apache.kafka.common.metrics.JmxReporter
2025-07-31 15:30:12,108 INFO  [org.apa.kaf.com.met.Metrics] (main) Closing reporter org.apache.kafka.common.telemetry.internals.ClientTelemetryReporter
2025-07-31 15:30:12,108 INFO  [org.apa.kaf.com.met.Metrics] (main) Metrics reporters closed
2025-07-31 15:30:12,108 INFO  [org.apa.kaf.com.uti.AppInfoParser] (main) App info kafka.producer for Producer-topic-bd7bfc6e_6613_4eb6_8e9c_4cc179eeec0e unregistered
2025-07-31 15:30:12,108 INFO  [io.api.tes.uti.TestSeparator] (main) io.apicurio.tests.serdes.apicurio.AvroSerdeIT.testEvolveAvroApicurio-FINISHED
2025-07-31 15:30:12,108 INFO  [io.api.tes.uti.TestSeparator] (main) ############################################################################
]]></system-out>
  </testcase>
  <testcase name="testTopicRecordIdStrategydFindLatest" classname="io.apicurio.tests.serdes.apicurio.AvroSerdeIT" time="1.733">
    <system-out><![CDATA[2025-07-31 15:30:12,111 INFO  [io.api.tes.uti.TestSeparator] (main) ############################################################################
2025-07-31 15:30:12,111 INFO  [io.api.tes.uti.TestSeparator] (main) io.apicurio.tests.serdes.apicurio.AvroSerdeIT.testTopicRecordIdStrategydFindLatest-STARTED
2025-07-31 15:30:12,115 INFO  [io.api.tes.ser.api.AvroSerdeIT] (main) Registering Avro Schema: {"type":"record","name":"s5a2cfdf8x494cx4f23x8f2bxcaada1b778cd","namespace":"sd27a3490x76b3x4485xa421x5dab83dbc9f1","fields":[{"name":"key11753975812114","type":"string"}]}
2025-07-31 15:30:13,176 INFO  [org.apa.kaf.cli.pro.ProducerConfig] (main) ProducerConfig values: 
	acks = -1
	auto.include.jmx.reporter = true
	batch.size = 16384
	bootstrap.servers = [PLAINTEXT://localhost:32770]
	buffer.memory = 33554432
	client.dns.lookup = use_all_dns_ips
	client.id = Producer-topic-4312a892_21ac_4f41_889c_c3e783db6e75
	compression.gzip.level = -1
	compression.lz4.level = 9
	compression.type = none
	compression.zstd.level = 3
	connections.max.idle.ms = 10000
	delivery.timeout.ms = 120000
	enable.idempotence = true
	enable.metrics.push = true
	interceptor.classes = []
	key.serializer = class org.apache.kafka.common.serialization.StringSerializer
	linger.ms = 0
	max.block.ms = 60000
	max.in.flight.requests.per.connection = 5
	max.request.size = 1048576
	metadata.max.age.ms = 300000
	metadata.max.idle.ms = 300000
	metadata.recovery.strategy = none
	metric.reporters = []
	metrics.num.samples = 2
	metrics.recording.level = INFO
	metrics.sample.window.ms = 30000
	partitioner.adaptive.partitioning.enable = true
	partitioner.availability.timeout.ms = 0
	partitioner.class = null
	partitioner.ignore.keys = false
	receive.buffer.bytes = 32768
	reconnect.backoff.max.ms = 1000
	reconnect.backoff.ms = 50
	request.timeout.ms = 5000
	retries = 2147483647
	retry.backoff.max.ms = 1000
	retry.backoff.ms = 100
	sasl.client.callback.handler.class = null
	sasl.jaas.config = null
	sasl.kerberos.kinit.cmd = /usr/bin/kinit
	sasl.kerberos.min.time.before.relogin = 60000
	sasl.kerberos.service.name = null
	sasl.kerberos.ticket.renew.jitter = 0.05
	sasl.kerberos.ticket.renew.window.factor = 0.8
	sasl.login.callback.handler.class = null
	sasl.login.class = null
	sasl.login.connect.timeout.ms = null
	sasl.login.read.timeout.ms = null
	sasl.login.refresh.buffer.seconds = 300
	sasl.login.refresh.min.period.seconds = 60
	sasl.login.refresh.window.factor = 0.8
	sasl.login.refresh.window.jitter = 0.05
	sasl.login.retry.backoff.max.ms = 10000
	sasl.login.retry.backoff.ms = 100
	sasl.mechanism = GSSAPI
	sasl.oauthbearer.clock.skew.seconds = 30
	sasl.oauthbearer.expected.audience = null
	sasl.oauthbearer.expected.issuer = null
	sasl.oauthbearer.header.urlencode = false
	sasl.oauthbearer.jwks.endpoint.refresh.ms = 3600000
	sasl.oauthbearer.jwks.endpoint.retry.backoff.max.ms = 10000
	sasl.oauthbearer.jwks.endpoint.retry.backoff.ms = 100
	sasl.oauthbearer.jwks.endpoint.url = null
	sasl.oauthbearer.scope.claim.name = scope
	sasl.oauthbearer.sub.claim.name = sub
	sasl.oauthbearer.token.endpoint.url = null
	security.protocol = PLAINTEXT
	security.providers = null
	send.buffer.bytes = 131072
	socket.connection.setup.timeout.max.ms = 30000
	socket.connection.setup.timeout.ms = 10000
	ssl.cipher.suites = null
	ssl.enabled.protocols = [TLSv1.2, TLSv1.3]
	ssl.endpoint.identification.algorithm = https
	ssl.engine.factory.class = null
	ssl.key.password = null
	ssl.keymanager.algorithm = SunX509
	ssl.keystore.certificate.chain = null
	ssl.keystore.key = null
	ssl.keystore.location = null
	ssl.keystore.password = null
	ssl.keystore.type = JKS
	ssl.protocol = TLSv1.3
	ssl.provider = null
	ssl.secure.random.implementation = null
	ssl.trustmanager.algorithm = PKIX
	ssl.truststore.certificates = null
	ssl.truststore.location = null
	ssl.truststore.password = null
	ssl.truststore.type = JKS
	transaction.timeout.ms = 60000
	transactional.id = null
	value.serializer = class io.apicurio.registry.serde.avro.AvroKafkaSerializer

2025-07-31 15:30:13,176 INFO  [org.apa.kaf.com.tel.int.KafkaMetricsCollector] (main) initializing Kafka metrics collector
2025-07-31 15:30:13,180 INFO  [org.apa.kaf.cli.pro.KafkaProducer] (main) [Producer clientId=Producer-topic-4312a892_21ac_4f41_889c_c3e783db6e75] Instantiated an idempotent producer.
2025-07-31 15:30:13,184 INFO  [org.apa.kaf.cli.pro.ProducerConfig] (main) These configurations '[apicurio.registry.find-latest, apicurio.registry.url, apicurio.registry.artifact-resolver-strategy]' were supplied but are not used yet.
2025-07-31 15:30:13,184 INFO  [org.apa.kaf.com.uti.AppInfoParser] (main) Kafka version: 3.9.0
2025-07-31 15:30:13,184 INFO  [org.apa.kaf.com.uti.AppInfoParser] (main) Kafka commitId: 84caaa6e9da06435
2025-07-31 15:30:13,184 INFO  [org.apa.kaf.com.uti.AppInfoParser] (main) Kafka startTimeMs: 1753975813184
2025-07-31 15:30:13,184 INFO  [io.api.tes.ser.api.SimpleSerdesTesterBuilder$SimpleSerdesTester] (main) Using producer configuration: {apicurio.registry.find-latest=true, apicurio.registry.url=http://registry-app-postgresql.apps.ci419.apicurio-testing.org:80/apis/registry/v3, apicurio.registry.artifact-resolver-strategy=io.apicurio.registry.serde.avro.strategy.TopicRecordIdStrategy, value.serializer=io.apicurio.registry.serde.avro.AvroKafkaSerializer, request.timeout.ms=5000, acks=all, bootstrap.servers=PLAINTEXT://localhost:32770, connections.max.idle.ms=10000, key.serializer=org.apache.kafka.common.serialization.StringSerializer, client.id=Producer-topic-4312a892_21ac_4f41_889c_c3e783db6e75}
2025-07-31 15:30:13,184 INFO  [io.api.tes.ser.api.SimpleSerdesTesterBuilder$SimpleSerdesTester] (main) Using consumer configuration: {}
2025-07-31 15:30:13,184 INFO  [io.api.tes.ser.api.KafkaSerdesTester] (Thread-217) Sending message {"key11753975812114": "value-0"} to topic topic-4312a892_21ac_4f41_889c_c3e783db6e75
2025-07-31 15:30:13,189 INFO  [org.apa.kaf.cli.Metadata] (kafka-producer-network-thread | Producer-topic-4312a892_21ac_4f41_889c_c3e783db6e75) [Producer clientId=Producer-topic-4312a892_21ac_4f41_889c_c3e783db6e75] Cluster ID: BgnDnmd_Rn-oXa8M1ygsew
2025-07-31 15:30:13,193 INFO  [org.apa.kaf.cli.pro.int.TransactionManager] (kafka-producer-network-thread | Producer-topic-4312a892_21ac_4f41_889c_c3e783db6e75) [Producer clientId=Producer-topic-4312a892_21ac_4f41_889c_c3e783db6e75] ProducerId set to 18 with epoch 0
2025-07-31 15:30:13,243 INFO  [io.api.tes.ser.api.KafkaSerdesTester] (Thread-217) Sending message {"key11753975812114": "value-1"} to topic topic-4312a892_21ac_4f41_889c_c3e783db6e75
2025-07-31 15:30:13,244 INFO  [io.api.tes.ser.api.KafkaSerdesTester] (Thread-217) Sending message {"key11753975812114": "value-2"} to topic topic-4312a892_21ac_4f41_889c_c3e783db6e75
2025-07-31 15:30:13,249 INFO  [io.api.tes.ser.api.KafkaSerdesTester] (Thread-217) Sending message {"key11753975812114": "value-3"} to topic topic-4312a892_21ac_4f41_889c_c3e783db6e75
2025-07-31 15:30:13,250 INFO  [io.api.tes.ser.api.KafkaSerdesTester] (Thread-217) Sending message {"key11753975812114": "value-4"} to topic topic-4312a892_21ac_4f41_889c_c3e783db6e75
2025-07-31 15:30:13,251 INFO  [io.api.tes.ser.api.KafkaSerdesTester] (Thread-217) Sending message {"key11753975812114": "value-5"} to topic topic-4312a892_21ac_4f41_889c_c3e783db6e75
2025-07-31 15:30:13,252 INFO  [io.api.tes.ser.api.KafkaSerdesTester] (Thread-217) Sending message {"key11753975812114": "value-6"} to topic topic-4312a892_21ac_4f41_889c_c3e783db6e75
2025-07-31 15:30:13,253 INFO  [io.api.tes.ser.api.KafkaSerdesTester] (Thread-217) Sending message {"key11753975812114": "value-7"} to topic topic-4312a892_21ac_4f41_889c_c3e783db6e75
2025-07-31 15:30:13,254 INFO  [io.api.tes.ser.api.KafkaSerdesTester] (Thread-217) Sending message {"key11753975812114": "value-8"} to topic topic-4312a892_21ac_4f41_889c_c3e783db6e75
2025-07-31 15:30:13,255 INFO  [io.api.tes.ser.api.KafkaSerdesTester] (Thread-217) Sending message {"key11753975812114": "value-9"} to topic topic-4312a892_21ac_4f41_889c_c3e783db6e75
2025-07-31 15:30:13,256 INFO  [io.api.tes.ser.api.KafkaSerdesTester] (Thread-217) Produced 10 messages
2025-07-31 15:30:13,256 INFO  [org.apa.kaf.cli.pro.KafkaProducer] (Thread-217) [Producer clientId=Producer-topic-4312a892_21ac_4f41_889c_c3e783db6e75] Closing the Kafka producer with timeoutMillis = 9223372036854775807 ms.
2025-07-31 15:30:13,258 INFO  [org.apa.kaf.com.met.Metrics] (Thread-217) Metrics scheduler closed
2025-07-31 15:30:13,258 INFO  [org.apa.kaf.com.met.Metrics] (Thread-217) Closing reporter org.apache.kafka.common.metrics.JmxReporter
2025-07-31 15:30:13,258 INFO  [org.apa.kaf.com.met.Metrics] (Thread-217) Closing reporter org.apache.kafka.common.telemetry.internals.ClientTelemetryReporter
2025-07-31 15:30:13,258 INFO  [org.apa.kaf.com.met.Metrics] (Thread-217) Metrics reporters closed
2025-07-31 15:30:13,258 INFO  [org.apa.kaf.com.uti.AppInfoParser] (Thread-217) App info kafka.producer for Producer-topic-4312a892_21ac_4f41_889c_c3e783db6e75 unregistered
2025-07-31 15:30:13,259 INFO  [org.apa.kaf.cli.con.ConsumerConfig] (main) ConsumerConfig values: 
	allow.auto.create.topics = true
	auto.commit.interval.ms = 500
	auto.include.jmx.reporter = true
	auto.offset.reset = earliest
	bootstrap.servers = [PLAINTEXT://localhost:32770]
	check.crcs = true
	client.dns.lookup = use_all_dns_ips
	client.id = consumer-Consumer-topic-4312a892_21ac_4f41_889c_c3e783db6e75-13
	client.rack = 
	connections.max.idle.ms = 10000
	default.api.timeout.ms = 60000
	enable.auto.commit = true
	enable.metrics.push = true
	exclude.internal.topics = true
	fetch.max.bytes = 52428800
	fetch.max.wait.ms = 500
	fetch.min.bytes = 1
	group.id = Consumer-topic-4312a892_21ac_4f41_889c_c3e783db6e75
	group.instance.id = null
	group.protocol = classic
	group.remote.assignor = null
	heartbeat.interval.ms = 3000
	interceptor.classes = []
	internal.leave.group.on.close = true
	internal.throw.on.fetch.stable.offset.unsupported = false
	isolation.level = read_uncommitted
	key.deserializer = class org.apache.kafka.common.serialization.StringDeserializer
	max.partition.fetch.bytes = 1048576
	max.poll.interval.ms = 300000
	max.poll.records = 500
	metadata.max.age.ms = 300000
	metadata.recovery.strategy = none
	metric.reporters = []
	metrics.num.samples = 2
	metrics.recording.level = INFO
	metrics.sample.window.ms = 30000
	partition.assignment.strategy = [class org.apache.kafka.clients.consumer.RangeAssignor, class org.apache.kafka.clients.consumer.CooperativeStickyAssignor]
	receive.buffer.bytes = 65536
	reconnect.backoff.max.ms = 1000
	reconnect.backoff.ms = 50
	request.timeout.ms = 5000
	retry.backoff.max.ms = 1000
	retry.backoff.ms = 100
	sasl.client.callback.handler.class = null
	sasl.jaas.config = null
	sasl.kerberos.kinit.cmd = /usr/bin/kinit
	sasl.kerberos.min.time.before.relogin = 60000
	sasl.kerberos.service.name = null
	sasl.kerberos.ticket.renew.jitter = 0.05
	sasl.kerberos.ticket.renew.window.factor = 0.8
	sasl.login.callback.handler.class = null
	sasl.login.class = null
	sasl.login.connect.timeout.ms = null
	sasl.login.read.timeout.ms = null
	sasl.login.refresh.buffer.seconds = 300
	sasl.login.refresh.min.period.seconds = 60
	sasl.login.refresh.window.factor = 0.8
	sasl.login.refresh.window.jitter = 0.05
	sasl.login.retry.backoff.max.ms = 10000
	sasl.login.retry.backoff.ms = 100
	sasl.mechanism = GSSAPI
	sasl.oauthbearer.clock.skew.seconds = 30
	sasl.oauthbearer.expected.audience = null
	sasl.oauthbearer.expected.issuer = null
	sasl.oauthbearer.header.urlencode = false
	sasl.oauthbearer.jwks.endpoint.refresh.ms = 3600000
	sasl.oauthbearer.jwks.endpoint.retry.backoff.max.ms = 10000
	sasl.oauthbearer.jwks.endpoint.retry.backoff.ms = 100
	sasl.oauthbearer.jwks.endpoint.url = null
	sasl.oauthbearer.scope.claim.name = scope
	sasl.oauthbearer.sub.claim.name = sub
	sasl.oauthbearer.token.endpoint.url = null
	security.protocol = PLAINTEXT
	security.providers = null
	send.buffer.bytes = 131072
	session.timeout.ms = 45000
	socket.connection.setup.timeout.max.ms = 30000
	socket.connection.setup.timeout.ms = 10000
	ssl.cipher.suites = null
	ssl.enabled.protocols = [TLSv1.2, TLSv1.3]
	ssl.endpoint.identification.algorithm = https
	ssl.engine.factory.class = null
	ssl.key.password = null
	ssl.keymanager.algorithm = SunX509
	ssl.keystore.certificate.chain = null
	ssl.keystore.key = null
	ssl.keystore.location = null
	ssl.keystore.password = null
	ssl.keystore.type = JKS
	ssl.protocol = TLSv1.3
	ssl.provider = null
	ssl.secure.random.implementation = null
	ssl.trustmanager.algorithm = PKIX
	ssl.truststore.certificates = null
	ssl.truststore.location = null
	ssl.truststore.password = null
	ssl.truststore.type = JKS
	value.deserializer = class io.apicurio.registry.serde.avro.AvroKafkaDeserializer

2025-07-31 15:30:13,259 INFO  [org.apa.kaf.com.tel.int.KafkaMetricsCollector] (main) initializing Kafka metrics collector
2025-07-31 15:30:13,265 INFO  [org.apa.kaf.cli.con.ConsumerConfig] (main) These configurations '[apicurio.registry.url]' were supplied but are not used yet.
2025-07-31 15:30:13,265 INFO  [org.apa.kaf.com.uti.AppInfoParser] (main) Kafka version: 3.9.0
2025-07-31 15:30:13,265 INFO  [org.apa.kaf.com.uti.AppInfoParser] (main) Kafka commitId: 84caaa6e9da06435
2025-07-31 15:30:13,265 INFO  [org.apa.kaf.com.uti.AppInfoParser] (main) Kafka startTimeMs: 1753975813265
2025-07-31 15:30:13,265 INFO  [org.apa.kaf.cli.con.int.ClassicKafkaConsumer] (Thread-220) [Consumer clientId=consumer-Consumer-topic-4312a892_21ac_4f41_889c_c3e783db6e75-13, groupId=Consumer-topic-4312a892_21ac_4f41_889c_c3e783db6e75] Subscribed to topic(s): topic-4312a892_21ac_4f41_889c_c3e783db6e75
2025-07-31 15:30:13,269 INFO  [org.apa.kaf.cli.Metadata] (Thread-220) [Consumer clientId=consumer-Consumer-topic-4312a892_21ac_4f41_889c_c3e783db6e75-13, groupId=Consumer-topic-4312a892_21ac_4f41_889c_c3e783db6e75] Cluster ID: BgnDnmd_Rn-oXa8M1ygsew
2025-07-31 15:30:13,269 INFO  [org.apa.kaf.cli.con.int.ConsumerCoordinator] (Thread-220) [Consumer clientId=consumer-Consumer-topic-4312a892_21ac_4f41_889c_c3e783db6e75-13, groupId=Consumer-topic-4312a892_21ac_4f41_889c_c3e783db6e75] Discovered group coordinator localhost:32770 (id: 2147483647 rack: null)
2025-07-31 15:30:13,270 INFO  [org.apa.kaf.cli.con.int.ConsumerCoordinator] (Thread-220) [Consumer clientId=consumer-Consumer-topic-4312a892_21ac_4f41_889c_c3e783db6e75-13, groupId=Consumer-topic-4312a892_21ac_4f41_889c_c3e783db6e75] (Re-)joining group
2025-07-31 15:30:13,275 INFO  [org.apa.kaf.cli.con.int.ConsumerCoordinator] (Thread-220) [Consumer clientId=consumer-Consumer-topic-4312a892_21ac_4f41_889c_c3e783db6e75-13, groupId=Consumer-topic-4312a892_21ac_4f41_889c_c3e783db6e75] Request joining group due to: need to re-join with the given member-id: consumer-Consumer-topic-4312a892_21ac_4f41_889c_c3e783db6e75-13-10eabf5d-7c6a-4b95-b698-ea29cf500cce
2025-07-31 15:30:13,275 INFO  [org.apa.kaf.cli.con.int.ConsumerCoordinator] (Thread-220) [Consumer clientId=consumer-Consumer-topic-4312a892_21ac_4f41_889c_c3e783db6e75-13, groupId=Consumer-topic-4312a892_21ac_4f41_889c_c3e783db6e75] (Re-)joining group
2025-07-31 15:30:13,283 INFO  [org.apa.kaf.cli.con.int.ConsumerCoordinator] (Thread-220) [Consumer clientId=consumer-Consumer-topic-4312a892_21ac_4f41_889c_c3e783db6e75-13, groupId=Consumer-topic-4312a892_21ac_4f41_889c_c3e783db6e75] Successfully joined group with generation Generation{generationId=1, memberId='consumer-Consumer-topic-4312a892_21ac_4f41_889c_c3e783db6e75-13-10eabf5d-7c6a-4b95-b698-ea29cf500cce', protocol='range'}
2025-07-31 15:30:13,283 INFO  [org.apa.kaf.cli.con.int.ConsumerCoordinator] (Thread-220) [Consumer clientId=consumer-Consumer-topic-4312a892_21ac_4f41_889c_c3e783db6e75-13, groupId=Consumer-topic-4312a892_21ac_4f41_889c_c3e783db6e75] Finished assignment for group at generation 1: {consumer-Consumer-topic-4312a892_21ac_4f41_889c_c3e783db6e75-13-10eabf5d-7c6a-4b95-b698-ea29cf500cce=Assignment(partitions=[topic-4312a892_21ac_4f41_889c_c3e783db6e75-0])}
2025-07-31 15:30:13,285 INFO  [org.apa.kaf.cli.con.int.ConsumerCoordinator] (kafka-coordinator-heartbeat-thread | Consumer-topic-4312a892_21ac_4f41_889c_c3e783db6e75) [Consumer clientId=consumer-Consumer-topic-4312a892_21ac_4f41_889c_c3e783db6e75-13, groupId=Consumer-topic-4312a892_21ac_4f41_889c_c3e783db6e75] Successfully synced group in generation Generation{generationId=1, memberId='consumer-Consumer-topic-4312a892_21ac_4f41_889c_c3e783db6e75-13-10eabf5d-7c6a-4b95-b698-ea29cf500cce', protocol='range'}
2025-07-31 15:30:13,286 INFO  [org.apa.kaf.cli.con.int.ConsumerCoordinator] (Thread-220) [Consumer clientId=consumer-Consumer-topic-4312a892_21ac_4f41_889c_c3e783db6e75-13, groupId=Consumer-topic-4312a892_21ac_4f41_889c_c3e783db6e75] Notifying assignor about the new Assignment(partitions=[topic-4312a892_21ac_4f41_889c_c3e783db6e75-0])
2025-07-31 15:30:13,286 INFO  [org.apa.kaf.cli.con.int.ConsumerRebalanceListenerInvoker] (Thread-220) [Consumer clientId=consumer-Consumer-topic-4312a892_21ac_4f41_889c_c3e783db6e75-13, groupId=Consumer-topic-4312a892_21ac_4f41_889c_c3e783db6e75] Adding newly assigned partitions: topic-4312a892_21ac_4f41_889c_c3e783db6e75-0
2025-07-31 15:30:13,288 INFO  [org.apa.kaf.cli.con.int.ConsumerCoordinator] (Thread-220) [Consumer clientId=consumer-Consumer-topic-4312a892_21ac_4f41_889c_c3e783db6e75-13, groupId=Consumer-topic-4312a892_21ac_4f41_889c_c3e783db6e75] Found no committed offset for partition topic-4312a892_21ac_4f41_889c_c3e783db6e75-0
2025-07-31 15:30:13,301 INFO  [org.apa.kaf.cli.con.int.SubscriptionState] (Thread-220) [Consumer clientId=consumer-Consumer-topic-4312a892_21ac_4f41_889c_c3e783db6e75-13, groupId=Consumer-topic-4312a892_21ac_4f41_889c_c3e783db6e75] Resetting offset for partition topic-4312a892_21ac_4f41_889c_c3e783db6e75-0 to position FetchPosition{offset=0, offsetEpoch=Optional.empty, currentLeader=LeaderAndEpoch{leader=Optional[localhost:32770 (id: 0 rack: null)], epoch=0}}.
2025-07-31 15:30:13,336 INFO  [io.api.tes.ser.api.KafkaSerdesTester] (Thread-220) topic-4312a892_21ac_4f41_889c_c3e783db6e75 0 0 {"key11753975812114": "value-0"}
2025-07-31 15:30:13,336 INFO  [io.api.tes.ser.api.KafkaSerdesTester] (Thread-220) topic-4312a892_21ac_4f41_889c_c3e783db6e75 0 1 {"key11753975812114": "value-1"}
2025-07-31 15:30:13,336 INFO  [io.api.tes.ser.api.KafkaSerdesTester] (Thread-220) topic-4312a892_21ac_4f41_889c_c3e783db6e75 0 2 {"key11753975812114": "value-2"}
2025-07-31 15:30:13,336 INFO  [io.api.tes.ser.api.KafkaSerdesTester] (Thread-220) topic-4312a892_21ac_4f41_889c_c3e783db6e75 0 3 {"key11753975812114": "value-3"}
2025-07-31 15:30:13,336 INFO  [io.api.tes.ser.api.KafkaSerdesTester] (Thread-220) topic-4312a892_21ac_4f41_889c_c3e783db6e75 0 4 {"key11753975812114": "value-4"}
2025-07-31 15:30:13,336 INFO  [io.api.tes.ser.api.KafkaSerdesTester] (Thread-220) topic-4312a892_21ac_4f41_889c_c3e783db6e75 0 5 {"key11753975812114": "value-5"}
2025-07-31 15:30:13,336 INFO  [io.api.tes.ser.api.KafkaSerdesTester] (Thread-220) topic-4312a892_21ac_4f41_889c_c3e783db6e75 0 6 {"key11753975812114": "value-6"}
2025-07-31 15:30:13,336 INFO  [io.api.tes.ser.api.KafkaSerdesTester] (Thread-220) topic-4312a892_21ac_4f41_889c_c3e783db6e75 0 7 {"key11753975812114": "value-7"}
2025-07-31 15:30:13,336 INFO  [io.api.tes.ser.api.KafkaSerdesTester] (Thread-220) topic-4312a892_21ac_4f41_889c_c3e783db6e75 0 8 {"key11753975812114": "value-8"}
2025-07-31 15:30:13,336 INFO  [io.api.tes.ser.api.KafkaSerdesTester] (Thread-220) topic-4312a892_21ac_4f41_889c_c3e783db6e75 0 9 {"key11753975812114": "value-9"}
2025-07-31 15:30:13,336 INFO  [io.api.tes.ser.api.KafkaSerdesTester] (Thread-220) Consumed 10 messages
2025-07-31 15:30:13,339 INFO  [org.apa.kaf.cli.con.int.ConsumerRebalanceListenerInvoker] (Thread-220) [Consumer clientId=consumer-Consumer-topic-4312a892_21ac_4f41_889c_c3e783db6e75-13, groupId=Consumer-topic-4312a892_21ac_4f41_889c_c3e783db6e75] Revoke previously assigned partitions topic-4312a892_21ac_4f41_889c_c3e783db6e75-0
2025-07-31 15:30:13,339 INFO  [org.apa.kaf.cli.con.int.ConsumerCoordinator] (Thread-220) [Consumer clientId=consumer-Consumer-topic-4312a892_21ac_4f41_889c_c3e783db6e75-13, groupId=Consumer-topic-4312a892_21ac_4f41_889c_c3e783db6e75] Member consumer-Consumer-topic-4312a892_21ac_4f41_889c_c3e783db6e75-13-10eabf5d-7c6a-4b95-b698-ea29cf500cce sending LeaveGroup request to coordinator localhost:32770 (id: 2147483647 rack: null) due to the consumer is being closed
2025-07-31 15:30:13,339 INFO  [org.apa.kaf.cli.con.int.ConsumerCoordinator] (Thread-220) [Consumer clientId=consumer-Consumer-topic-4312a892_21ac_4f41_889c_c3e783db6e75-13, groupId=Consumer-topic-4312a892_21ac_4f41_889c_c3e783db6e75] Resetting generation and member id due to: consumer pro-actively leaving the group
2025-07-31 15:30:13,339 INFO  [org.apa.kaf.cli.con.int.ConsumerCoordinator] (Thread-220) [Consumer clientId=consumer-Consumer-topic-4312a892_21ac_4f41_889c_c3e783db6e75-13, groupId=Consumer-topic-4312a892_21ac_4f41_889c_c3e783db6e75] Request joining group due to: consumer pro-actively leaving the group
2025-07-31 15:30:13,839 INFO  [org.apa.kaf.com.met.Metrics] (Thread-220) Metrics scheduler closed
2025-07-31 15:30:13,840 INFO  [org.apa.kaf.com.met.Metrics] (Thread-220) Closing reporter org.apache.kafka.common.metrics.JmxReporter
2025-07-31 15:30:13,840 INFO  [org.apa.kaf.com.met.Metrics] (Thread-220) Closing reporter org.apache.kafka.common.telemetry.internals.ClientTelemetryReporter
2025-07-31 15:30:13,840 INFO  [org.apa.kaf.com.met.Metrics] (Thread-220) Metrics reporters closed
2025-07-31 15:30:13,841 INFO  [org.apa.kaf.com.uti.AppInfoParser] (Thread-220) App info kafka.consumer for consumer-Consumer-topic-4312a892_21ac_4f41_889c_c3e783db6e75-13 unregistered
2025-07-31 15:30:13,842 INFO  [io.api.tes.uti.TestSeparator] (main) io.apicurio.tests.serdes.apicurio.AvroSerdeIT.testTopicRecordIdStrategydFindLatest-FINISHED
2025-07-31 15:30:13,842 INFO  [io.api.tes.uti.TestSeparator] (main) ############################################################################
]]></system-out>
  </testcase>
  <testcase name="testAvroConfluentForMultipleTopics" classname="io.apicurio.tests.serdes.apicurio.AvroSerdeIT" time="2.986">
    <system-out><![CDATA[2025-07-31 15:30:13,845 INFO  [io.api.tes.uti.TestSeparator] (main) ############################################################################
2025-07-31 15:30:13,845 INFO  [io.api.tes.uti.TestSeparator] (main) io.apicurio.tests.serdes.apicurio.AvroSerdeIT.testAvroConfluentForMultipleTopics-STARTED
2025-07-31 15:30:13,845 INFO  [io.api.tes.ser.api.AvroSerdeIT] (main) Registering Avro Schema: {"type":"record","name":"myrecordconfluent","fields":[{"name":"key11753975813845","type":"string"}]}
2025-07-31 15:30:14,897 INFO  [org.apa.kaf.cli.pro.ProducerConfig] (main) ProducerConfig values: 
	acks = -1
	auto.include.jmx.reporter = true
	batch.size = 16384
	bootstrap.servers = [PLAINTEXT://localhost:32770]
	buffer.memory = 33554432
	client.dns.lookup = use_all_dns_ips
	client.id = Producer-topic-22d152ac_2145_46c7_bc9e_6d6cb5bc3ec8
	compression.gzip.level = -1
	compression.lz4.level = 9
	compression.type = none
	compression.zstd.level = 3
	connections.max.idle.ms = 10000
	delivery.timeout.ms = 120000
	enable.idempotence = true
	enable.metrics.push = true
	interceptor.classes = []
	key.serializer = class org.apache.kafka.common.serialization.StringSerializer
	linger.ms = 0
	max.block.ms = 60000
	max.in.flight.requests.per.connection = 5
	max.request.size = 1048576
	metadata.max.age.ms = 300000
	metadata.max.idle.ms = 300000
	metadata.recovery.strategy = none
	metric.reporters = []
	metrics.num.samples = 2
	metrics.recording.level = INFO
	metrics.sample.window.ms = 30000
	partitioner.adaptive.partitioning.enable = true
	partitioner.availability.timeout.ms = 0
	partitioner.class = null
	partitioner.ignore.keys = false
	receive.buffer.bytes = 32768
	reconnect.backoff.max.ms = 1000
	reconnect.backoff.ms = 50
	request.timeout.ms = 5000
	retries = 2147483647
	retry.backoff.max.ms = 1000
	retry.backoff.ms = 100
	sasl.client.callback.handler.class = null
	sasl.jaas.config = null
	sasl.kerberos.kinit.cmd = /usr/bin/kinit
	sasl.kerberos.min.time.before.relogin = 60000
	sasl.kerberos.service.name = null
	sasl.kerberos.ticket.renew.jitter = 0.05
	sasl.kerberos.ticket.renew.window.factor = 0.8
	sasl.login.callback.handler.class = null
	sasl.login.class = null
	sasl.login.connect.timeout.ms = null
	sasl.login.read.timeout.ms = null
	sasl.login.refresh.buffer.seconds = 300
	sasl.login.refresh.min.period.seconds = 60
	sasl.login.refresh.window.factor = 0.8
	sasl.login.refresh.window.jitter = 0.05
	sasl.login.retry.backoff.max.ms = 10000
	sasl.login.retry.backoff.ms = 100
	sasl.mechanism = GSSAPI
	sasl.oauthbearer.clock.skew.seconds = 30
	sasl.oauthbearer.expected.audience = null
	sasl.oauthbearer.expected.issuer = null
	sasl.oauthbearer.header.urlencode = false
	sasl.oauthbearer.jwks.endpoint.refresh.ms = 3600000
	sasl.oauthbearer.jwks.endpoint.retry.backoff.max.ms = 10000
	sasl.oauthbearer.jwks.endpoint.retry.backoff.ms = 100
	sasl.oauthbearer.jwks.endpoint.url = null
	sasl.oauthbearer.scope.claim.name = scope
	sasl.oauthbearer.sub.claim.name = sub
	sasl.oauthbearer.token.endpoint.url = null
	security.protocol = PLAINTEXT
	security.providers = null
	send.buffer.bytes = 131072
	socket.connection.setup.timeout.max.ms = 30000
	socket.connection.setup.timeout.ms = 10000
	ssl.cipher.suites = null
	ssl.enabled.protocols = [TLSv1.2, TLSv1.3]
	ssl.endpoint.identification.algorithm = https
	ssl.engine.factory.class = null
	ssl.key.password = null
	ssl.keymanager.algorithm = SunX509
	ssl.keystore.certificate.chain = null
	ssl.keystore.key = null
	ssl.keystore.location = null
	ssl.keystore.password = null
	ssl.keystore.type = JKS
	ssl.protocol = TLSv1.3
	ssl.provider = null
	ssl.secure.random.implementation = null
	ssl.trustmanager.algorithm = PKIX
	ssl.truststore.certificates = null
	ssl.truststore.location = null
	ssl.truststore.password = null
	ssl.truststore.type = JKS
	transaction.timeout.ms = 60000
	transactional.id = null
	value.serializer = class io.apicurio.registry.serde.avro.AvroKafkaSerializer

2025-07-31 15:30:14,898 INFO  [org.apa.kaf.com.tel.int.KafkaMetricsCollector] (main) initializing Kafka metrics collector
2025-07-31 15:30:14,900 INFO  [org.apa.kaf.cli.pro.KafkaProducer] (main) [Producer clientId=Producer-topic-22d152ac_2145_46c7_bc9e_6d6cb5bc3ec8] Instantiated an idempotent producer.
2025-07-31 15:30:14,903 INFO  [org.apa.kaf.cli.pro.ProducerConfig] (main) These configurations '[apicurio.registry.url, apicurio.registry.artifact-resolver-strategy]' were supplied but are not used yet.
2025-07-31 15:30:14,903 INFO  [org.apa.kaf.com.uti.AppInfoParser] (main) Kafka version: 3.9.0
2025-07-31 15:30:14,903 INFO  [org.apa.kaf.com.uti.AppInfoParser] (main) Kafka commitId: 84caaa6e9da06435
2025-07-31 15:30:14,903 INFO  [org.apa.kaf.com.uti.AppInfoParser] (main) Kafka startTimeMs: 1753975814903
2025-07-31 15:30:14,903 INFO  [org.apa.kaf.cli.pro.ProducerConfig] (main) ProducerConfig values: 
	acks = -1
	auto.include.jmx.reporter = true
	batch.size = 16384
	bootstrap.servers = [PLAINTEXT://localhost:32770]
	buffer.memory = 33554432
	client.dns.lookup = use_all_dns_ips
	client.id = Producer-topic-2b865183_9431_458c_ac56_3ced48e17bff
	compression.gzip.level = -1
	compression.lz4.level = 9
	compression.type = none
	compression.zstd.level = 3
	connections.max.idle.ms = 10000
	delivery.timeout.ms = 120000
	enable.idempotence = true
	enable.metrics.push = true
	interceptor.classes = []
	key.serializer = class org.apache.kafka.common.serialization.StringSerializer
	linger.ms = 0
	max.block.ms = 60000
	max.in.flight.requests.per.connection = 5
	max.request.size = 1048576
	metadata.max.age.ms = 300000
	metadata.max.idle.ms = 300000
	metadata.recovery.strategy = none
	metric.reporters = []
	metrics.num.samples = 2
	metrics.recording.level = INFO
	metrics.sample.window.ms = 30000
	partitioner.adaptive.partitioning.enable = true
	partitioner.availability.timeout.ms = 0
	partitioner.class = null
	partitioner.ignore.keys = false
	receive.buffer.bytes = 32768
	reconnect.backoff.max.ms = 1000
	reconnect.backoff.ms = 50
	request.timeout.ms = 5000
	retries = 2147483647
	retry.backoff.max.ms = 1000
	retry.backoff.ms = 100
	sasl.client.callback.handler.class = null
	sasl.jaas.config = null
	sasl.kerberos.kinit.cmd = /usr/bin/kinit
	sasl.kerberos.min.time.before.relogin = 60000
	sasl.kerberos.service.name = null
	sasl.kerberos.ticket.renew.jitter = 0.05
	sasl.kerberos.ticket.renew.window.factor = 0.8
	sasl.login.callback.handler.class = null
	sasl.login.class = null
	sasl.login.connect.timeout.ms = null
	sasl.login.read.timeout.ms = null
	sasl.login.refresh.buffer.seconds = 300
	sasl.login.refresh.min.period.seconds = 60
	sasl.login.refresh.window.factor = 0.8
	sasl.login.refresh.window.jitter = 0.05
	sasl.login.retry.backoff.max.ms = 10000
	sasl.login.retry.backoff.ms = 100
	sasl.mechanism = GSSAPI
	sasl.oauthbearer.clock.skew.seconds = 30
	sasl.oauthbearer.expected.audience = null
	sasl.oauthbearer.expected.issuer = null
	sasl.oauthbearer.header.urlencode = false
	sasl.oauthbearer.jwks.endpoint.refresh.ms = 3600000
	sasl.oauthbearer.jwks.endpoint.retry.backoff.max.ms = 10000
	sasl.oauthbearer.jwks.endpoint.retry.backoff.ms = 100
	sasl.oauthbearer.jwks.endpoint.url = null
	sasl.oauthbearer.scope.claim.name = scope
	sasl.oauthbearer.sub.claim.name = sub
	sasl.oauthbearer.token.endpoint.url = null
	security.protocol = PLAINTEXT
	security.providers = null
	send.buffer.bytes = 131072
	socket.connection.setup.timeout.max.ms = 30000
	socket.connection.setup.timeout.ms = 10000
	ssl.cipher.suites = null
	ssl.enabled.protocols = [TLSv1.2, TLSv1.3]
	ssl.endpoint.identification.algorithm = https
	ssl.engine.factory.class = null
	ssl.key.password = null
	ssl.keymanager.algorithm = SunX509
	ssl.keystore.certificate.chain = null
	ssl.keystore.key = null
	ssl.keystore.location = null
	ssl.keystore.password = null
	ssl.keystore.type = JKS
	ssl.protocol = TLSv1.3
	ssl.provider = null
	ssl.secure.random.implementation = null
	ssl.trustmanager.algorithm = PKIX
	ssl.truststore.certificates = null
	ssl.truststore.location = null
	ssl.truststore.password = null
	ssl.truststore.type = JKS
	transaction.timeout.ms = 60000
	transactional.id = null
	value.serializer = class io.apicurio.registry.serde.avro.AvroKafkaSerializer

2025-07-31 15:30:14,903 INFO  [org.apa.kaf.com.tel.int.KafkaMetricsCollector] (main) initializing Kafka metrics collector
2025-07-31 15:30:14,908 INFO  [org.apa.kaf.cli.Metadata] (kafka-producer-network-thread | Producer-topic-22d152ac_2145_46c7_bc9e_6d6cb5bc3ec8) [Producer clientId=Producer-topic-22d152ac_2145_46c7_bc9e_6d6cb5bc3ec8] Cluster ID: BgnDnmd_Rn-oXa8M1ygsew
2025-07-31 15:30:14,911 INFO  [org.apa.kaf.cli.pro.int.TransactionManager] (kafka-producer-network-thread | Producer-topic-22d152ac_2145_46c7_bc9e_6d6cb5bc3ec8) [Producer clientId=Producer-topic-22d152ac_2145_46c7_bc9e_6d6cb5bc3ec8] ProducerId set to 19 with epoch 0
2025-07-31 15:30:14,912 INFO  [org.apa.kaf.cli.pro.KafkaProducer] (main) [Producer clientId=Producer-topic-2b865183_9431_458c_ac56_3ced48e17bff] Instantiated an idempotent producer.
2025-07-31 15:30:14,916 INFO  [org.apa.kaf.cli.pro.ProducerConfig] (main) These configurations '[apicurio.registry.url, apicurio.registry.artifact-resolver-strategy]' were supplied but are not used yet.
2025-07-31 15:30:14,916 INFO  [org.apa.kaf.com.uti.AppInfoParser] (main) Kafka version: 3.9.0
2025-07-31 15:30:14,916 INFO  [org.apa.kaf.com.uti.AppInfoParser] (main) Kafka commitId: 84caaa6e9da06435
2025-07-31 15:30:14,916 INFO  [org.apa.kaf.com.uti.AppInfoParser] (main) Kafka startTimeMs: 1753975814916
2025-07-31 15:30:14,916 INFO  [org.apa.kaf.cli.pro.ProducerConfig] (main) ProducerConfig values: 
	acks = -1
	auto.include.jmx.reporter = true
	batch.size = 16384
	bootstrap.servers = [PLAINTEXT://localhost:32770]
	buffer.memory = 33554432
	client.dns.lookup = use_all_dns_ips
	client.id = Producer-topic-043a6937_f976_4586_a302_8d0470516126
	compression.gzip.level = -1
	compression.lz4.level = 9
	compression.type = none
	compression.zstd.level = 3
	connections.max.idle.ms = 10000
	delivery.timeout.ms = 120000
	enable.idempotence = true
	enable.metrics.push = true
	interceptor.classes = []
	key.serializer = class org.apache.kafka.common.serialization.StringSerializer
	linger.ms = 0
	max.block.ms = 60000
	max.in.flight.requests.per.connection = 5
	max.request.size = 1048576
	metadata.max.age.ms = 300000
	metadata.max.idle.ms = 300000
	metadata.recovery.strategy = none
	metric.reporters = []
	metrics.num.samples = 2
	metrics.recording.level = INFO
	metrics.sample.window.ms = 30000
	partitioner.adaptive.partitioning.enable = true
	partitioner.availability.timeout.ms = 0
	partitioner.class = null
	partitioner.ignore.keys = false
	receive.buffer.bytes = 32768
	reconnect.backoff.max.ms = 1000
	reconnect.backoff.ms = 50
	request.timeout.ms = 5000
	retries = 2147483647
	retry.backoff.max.ms = 1000
	retry.backoff.ms = 100
	sasl.client.callback.handler.class = null
	sasl.jaas.config = null
	sasl.kerberos.kinit.cmd = /usr/bin/kinit
	sasl.kerberos.min.time.before.relogin = 60000
	sasl.kerberos.service.name = null
	sasl.kerberos.ticket.renew.jitter = 0.05
	sasl.kerberos.ticket.renew.window.factor = 0.8
	sasl.login.callback.handler.class = null
	sasl.login.class = null
	sasl.login.connect.timeout.ms = null
	sasl.login.read.timeout.ms = null
	sasl.login.refresh.buffer.seconds = 300
	sasl.login.refresh.min.period.seconds = 60
	sasl.login.refresh.window.factor = 0.8
	sasl.login.refresh.window.jitter = 0.05
	sasl.login.retry.backoff.max.ms = 10000
	sasl.login.retry.backoff.ms = 100
	sasl.mechanism = GSSAPI
	sasl.oauthbearer.clock.skew.seconds = 30
	sasl.oauthbearer.expected.audience = null
	sasl.oauthbearer.expected.issuer = null
	sasl.oauthbearer.header.urlencode = false
	sasl.oauthbearer.jwks.endpoint.refresh.ms = 3600000
	sasl.oauthbearer.jwks.endpoint.retry.backoff.max.ms = 10000
	sasl.oauthbearer.jwks.endpoint.retry.backoff.ms = 100
	sasl.oauthbearer.jwks.endpoint.url = null
	sasl.oauthbearer.scope.claim.name = scope
	sasl.oauthbearer.sub.claim.name = sub
	sasl.oauthbearer.token.endpoint.url = null
	security.protocol = PLAINTEXT
	security.providers = null
	send.buffer.bytes = 131072
	socket.connection.setup.timeout.max.ms = 30000
	socket.connection.setup.timeout.ms = 10000
	ssl.cipher.suites = null
	ssl.enabled.protocols = [TLSv1.2, TLSv1.3]
	ssl.endpoint.identification.algorithm = https
	ssl.engine.factory.class = null
	ssl.key.password = null
	ssl.keymanager.algorithm = SunX509
	ssl.keystore.certificate.chain = null
	ssl.keystore.key = null
	ssl.keystore.location = null
	ssl.keystore.password = null
	ssl.keystore.type = JKS
	ssl.protocol = TLSv1.3
	ssl.provider = null
	ssl.secure.random.implementation = null
	ssl.trustmanager.algorithm = PKIX
	ssl.truststore.certificates = null
	ssl.truststore.location = null
	ssl.truststore.password = null
	ssl.truststore.type = JKS
	transaction.timeout.ms = 60000
	transactional.id = null
	value.serializer = class io.apicurio.registry.serde.avro.AvroKafkaSerializer

2025-07-31 15:30:14,917 INFO  [org.apa.kaf.com.tel.int.KafkaMetricsCollector] (main) initializing Kafka metrics collector
2025-07-31 15:30:14,920 INFO  [org.apa.kaf.cli.pro.KafkaProducer] (main) [Producer clientId=Producer-topic-043a6937_f976_4586_a302_8d0470516126] Instantiated an idempotent producer.
2025-07-31 15:30:14,926 INFO  [org.apa.kaf.cli.Metadata] (kafka-producer-network-thread | Producer-topic-2b865183_9431_458c_ac56_3ced48e17bff) [Producer clientId=Producer-topic-2b865183_9431_458c_ac56_3ced48e17bff] Cluster ID: BgnDnmd_Rn-oXa8M1ygsew
2025-07-31 15:30:14,926 INFO  [org.apa.kaf.cli.pro.int.TransactionManager] (kafka-producer-network-thread | Producer-topic-2b865183_9431_458c_ac56_3ced48e17bff) [Producer clientId=Producer-topic-2b865183_9431_458c_ac56_3ced48e17bff] ProducerId set to 20 with epoch 0
2025-07-31 15:30:14,929 INFO  [org.apa.kaf.cli.pro.ProducerConfig] (main) These configurations '[apicurio.registry.url, apicurio.registry.artifact-resolver-strategy]' were supplied but are not used yet.
2025-07-31 15:30:14,929 INFO  [org.apa.kaf.com.uti.AppInfoParser] (main) Kafka version: 3.9.0
2025-07-31 15:30:14,929 INFO  [org.apa.kaf.com.uti.AppInfoParser] (main) Kafka commitId: 84caaa6e9da06435
2025-07-31 15:30:14,929 INFO  [org.apa.kaf.com.uti.AppInfoParser] (main) Kafka startTimeMs: 1753975814929
2025-07-31 15:30:14,929 INFO  [org.apa.kaf.cli.con.ConsumerConfig] (main) ConsumerConfig values: 
	allow.auto.create.topics = true
	auto.commit.interval.ms = 500
	auto.include.jmx.reporter = true
	auto.offset.reset = earliest
	bootstrap.servers = [PLAINTEXT://localhost:32770]
	check.crcs = true
	client.dns.lookup = use_all_dns_ips
	client.id = consumer-Consumer-topic-22d152ac_2145_46c7_bc9e_6d6cb5bc3ec8-14
	client.rack = 
	connections.max.idle.ms = 10000
	default.api.timeout.ms = 60000
	enable.auto.commit = true
	enable.metrics.push = true
	exclude.internal.topics = true
	fetch.max.bytes = 52428800
	fetch.max.wait.ms = 500
	fetch.min.bytes = 1
	group.id = Consumer-topic-22d152ac_2145_46c7_bc9e_6d6cb5bc3ec8
	group.instance.id = null
	group.protocol = classic
	group.remote.assignor = null
	heartbeat.interval.ms = 3000
	interceptor.classes = []
	internal.leave.group.on.close = true
	internal.throw.on.fetch.stable.offset.unsupported = false
	isolation.level = read_uncommitted
	key.deserializer = class org.apache.kafka.common.serialization.StringDeserializer
	max.partition.fetch.bytes = 1048576
	max.poll.interval.ms = 300000
	max.poll.records = 500
	metadata.max.age.ms = 300000
	metadata.recovery.strategy = none
	metric.reporters = []
	metrics.num.samples = 2
	metrics.recording.level = INFO
	metrics.sample.window.ms = 30000
	partition.assignment.strategy = [class org.apache.kafka.clients.consumer.RangeAssignor, class org.apache.kafka.clients.consumer.CooperativeStickyAssignor]
	receive.buffer.bytes = 65536
	reconnect.backoff.max.ms = 1000
	reconnect.backoff.ms = 50
	request.timeout.ms = 5000
	retry.backoff.max.ms = 1000
	retry.backoff.ms = 100
	sasl.client.callback.handler.class = null
	sasl.jaas.config = null
	sasl.kerberos.kinit.cmd = /usr/bin/kinit
	sasl.kerberos.min.time.before.relogin = 60000
	sasl.kerberos.service.name = null
	sasl.kerberos.ticket.renew.jitter = 0.05
	sasl.kerberos.ticket.renew.window.factor = 0.8
	sasl.login.callback.handler.class = null
	sasl.login.class = null
	sasl.login.connect.timeout.ms = null
	sasl.login.read.timeout.ms = null
	sasl.login.refresh.buffer.seconds = 300
	sasl.login.refresh.min.period.seconds = 60
	sasl.login.refresh.window.factor = 0.8
	sasl.login.refresh.window.jitter = 0.05
	sasl.login.retry.backoff.max.ms = 10000
	sasl.login.retry.backoff.ms = 100
	sasl.mechanism = GSSAPI
	sasl.oauthbearer.clock.skew.seconds = 30
	sasl.oauthbearer.expected.audience = null
	sasl.oauthbearer.expected.issuer = null
	sasl.oauthbearer.header.urlencode = false
	sasl.oauthbearer.jwks.endpoint.refresh.ms = 3600000
	sasl.oauthbearer.jwks.endpoint.retry.backoff.max.ms = 10000
	sasl.oauthbearer.jwks.endpoint.retry.backoff.ms = 100
	sasl.oauthbearer.jwks.endpoint.url = null
	sasl.oauthbearer.scope.claim.name = scope
	sasl.oauthbearer.sub.claim.name = sub
	sasl.oauthbearer.token.endpoint.url = null
	security.protocol = PLAINTEXT
	security.providers = null
	send.buffer.bytes = 131072
	session.timeout.ms = 45000
	socket.connection.setup.timeout.max.ms = 30000
	socket.connection.setup.timeout.ms = 10000
	ssl.cipher.suites = null
	ssl.enabled.protocols = [TLSv1.2, TLSv1.3]
	ssl.endpoint.identification.algorithm = https
	ssl.engine.factory.class = null
	ssl.key.password = null
	ssl.keymanager.algorithm = SunX509
	ssl.keystore.certificate.chain = null
	ssl.keystore.key = null
	ssl.keystore.location = null
	ssl.keystore.password = null
	ssl.keystore.type = JKS
	ssl.protocol = TLSv1.3
	ssl.provider = null
	ssl.secure.random.implementation = null
	ssl.trustmanager.algorithm = PKIX
	ssl.truststore.certificates = null
	ssl.truststore.location = null
	ssl.truststore.password = null
	ssl.truststore.type = JKS
	value.deserializer = class io.apicurio.registry.serde.avro.AvroKafkaDeserializer

2025-07-31 15:30:14,930 INFO  [org.apa.kaf.com.tel.int.KafkaMetricsCollector] (main) initializing Kafka metrics collector
2025-07-31 15:30:14,937 INFO  [org.apa.kaf.cli.Metadata] (kafka-producer-network-thread | Producer-topic-043a6937_f976_4586_a302_8d0470516126) [Producer clientId=Producer-topic-043a6937_f976_4586_a302_8d0470516126] Cluster ID: BgnDnmd_Rn-oXa8M1ygsew
2025-07-31 15:30:14,938 INFO  [org.apa.kaf.cli.pro.int.TransactionManager] (kafka-producer-network-thread | Producer-topic-043a6937_f976_4586_a302_8d0470516126) [Producer clientId=Producer-topic-043a6937_f976_4586_a302_8d0470516126] ProducerId set to 21 with epoch 0
2025-07-31 15:30:14,941 INFO  [org.apa.kaf.cli.con.ConsumerConfig] (main) These configurations '[apicurio.registry.url]' were supplied but are not used yet.
2025-07-31 15:30:14,941 INFO  [org.apa.kaf.com.uti.AppInfoParser] (main) Kafka version: 3.9.0
2025-07-31 15:30:14,941 INFO  [org.apa.kaf.com.uti.AppInfoParser] (main) Kafka commitId: 84caaa6e9da06435
2025-07-31 15:30:14,941 INFO  [org.apa.kaf.com.uti.AppInfoParser] (main) Kafka startTimeMs: 1753975814941
2025-07-31 15:30:14,948 INFO  [org.apa.kaf.cli.con.ConsumerConfig] (main) ConsumerConfig values: 
	allow.auto.create.topics = true
	auto.commit.interval.ms = 500
	auto.include.jmx.reporter = true
	auto.offset.reset = earliest
	bootstrap.servers = [PLAINTEXT://localhost:32770]
	check.crcs = true
	client.dns.lookup = use_all_dns_ips
	client.id = consumer-Consumer-topic-2b865183_9431_458c_ac56_3ced48e17bff-15
	client.rack = 
	connections.max.idle.ms = 10000
	default.api.timeout.ms = 60000
	enable.auto.commit = true
	enable.metrics.push = true
	exclude.internal.topics = true
	fetch.max.bytes = 52428800
	fetch.max.wait.ms = 500
	fetch.min.bytes = 1
	group.id = Consumer-topic-2b865183_9431_458c_ac56_3ced48e17bff
	group.instance.id = null
	group.protocol = classic
	group.remote.assignor = null
	heartbeat.interval.ms = 3000
	interceptor.classes = []
	internal.leave.group.on.close = true
	internal.throw.on.fetch.stable.offset.unsupported = false
	isolation.level = read_uncommitted
	key.deserializer = class org.apache.kafka.common.serialization.StringDeserializer
	max.partition.fetch.bytes = 1048576
	max.poll.interval.ms = 300000
	max.poll.records = 500
	metadata.max.age.ms = 300000
	metadata.recovery.strategy = none
	metric.reporters = []
	metrics.num.samples = 2
	metrics.recording.level = INFO
	metrics.sample.window.ms = 30000
	partition.assignment.strategy = [class org.apache.kafka.clients.consumer.RangeAssignor, class org.apache.kafka.clients.consumer.CooperativeStickyAssignor]
	receive.buffer.bytes = 65536
	reconnect.backoff.max.ms = 1000
	reconnect.backoff.ms = 50
	request.timeout.ms = 5000
	retry.backoff.max.ms = 1000
	retry.backoff.ms = 100
	sasl.client.callback.handler.class = null
	sasl.jaas.config = null
	sasl.kerberos.kinit.cmd = /usr/bin/kinit
	sasl.kerberos.min.time.before.relogin = 60000
	sasl.kerberos.service.name = null
	sasl.kerberos.ticket.renew.jitter = 0.05
	sasl.kerberos.ticket.renew.window.factor = 0.8
	sasl.login.callback.handler.class = null
	sasl.login.class = null
	sasl.login.connect.timeout.ms = null
	sasl.login.read.timeout.ms = null
	sasl.login.refresh.buffer.seconds = 300
	sasl.login.refresh.min.period.seconds = 60
	sasl.login.refresh.window.factor = 0.8
	sasl.login.refresh.window.jitter = 0.05
	sasl.login.retry.backoff.max.ms = 10000
	sasl.login.retry.backoff.ms = 100
	sasl.mechanism = GSSAPI
	sasl.oauthbearer.clock.skew.seconds = 30
	sasl.oauthbearer.expected.audience = null
	sasl.oauthbearer.expected.issuer = null
	sasl.oauthbearer.header.urlencode = false
	sasl.oauthbearer.jwks.endpoint.refresh.ms = 3600000
	sasl.oauthbearer.jwks.endpoint.retry.backoff.max.ms = 10000
	sasl.oauthbearer.jwks.endpoint.retry.backoff.ms = 100
	sasl.oauthbearer.jwks.endpoint.url = null
	sasl.oauthbearer.scope.claim.name = scope
	sasl.oauthbearer.sub.claim.name = sub
	sasl.oauthbearer.token.endpoint.url = null
	security.protocol = PLAINTEXT
	security.providers = null
	send.buffer.bytes = 131072
	session.timeout.ms = 45000
	socket.connection.setup.timeout.max.ms = 30000
	socket.connection.setup.timeout.ms = 10000
	ssl.cipher.suites = null
	ssl.enabled.protocols = [TLSv1.2, TLSv1.3]
	ssl.endpoint.identification.algorithm = https
	ssl.engine.factory.class = null
	ssl.key.password = null
	ssl.keymanager.algorithm = SunX509
	ssl.keystore.certificate.chain = null
	ssl.keystore.key = null
	ssl.keystore.location = null
	ssl.keystore.password = null
	ssl.keystore.type = JKS
	ssl.protocol = TLSv1.3
	ssl.provider = null
	ssl.secure.random.implementation = null
	ssl.trustmanager.algorithm = PKIX
	ssl.truststore.certificates = null
	ssl.truststore.location = null
	ssl.truststore.password = null
	ssl.truststore.type = JKS
	value.deserializer = class io.apicurio.registry.serde.avro.AvroKafkaDeserializer

2025-07-31 15:30:14,949 INFO  [org.apa.kaf.com.tel.int.KafkaMetricsCollector] (main) initializing Kafka metrics collector
2025-07-31 15:30:14,958 INFO  [org.apa.kaf.cli.con.ConsumerConfig] (main) These configurations '[apicurio.registry.url]' were supplied but are not used yet.
2025-07-31 15:30:14,958 INFO  [org.apa.kaf.com.uti.AppInfoParser] (main) Kafka version: 3.9.0
2025-07-31 15:30:14,958 INFO  [org.apa.kaf.com.uti.AppInfoParser] (main) Kafka commitId: 84caaa6e9da06435
2025-07-31 15:30:14,958 INFO  [org.apa.kaf.com.uti.AppInfoParser] (main) Kafka startTimeMs: 1753975814958
2025-07-31 15:30:14,958 INFO  [org.apa.kaf.cli.con.ConsumerConfig] (main) ConsumerConfig values: 
	allow.auto.create.topics = true
	auto.commit.interval.ms = 500
	auto.include.jmx.reporter = true
	auto.offset.reset = earliest
	bootstrap.servers = [PLAINTEXT://localhost:32770]
	check.crcs = true
	client.dns.lookup = use_all_dns_ips
	client.id = consumer-Consumer-topic-043a6937_f976_4586_a302_8d0470516126-16
	client.rack = 
	connections.max.idle.ms = 10000
	default.api.timeout.ms = 60000
	enable.auto.commit = true
	enable.metrics.push = true
	exclude.internal.topics = true
	fetch.max.bytes = 52428800
	fetch.max.wait.ms = 500
	fetch.min.bytes = 1
	group.id = Consumer-topic-043a6937_f976_4586_a302_8d0470516126
	group.instance.id = null
	group.protocol = classic
	group.remote.assignor = null
	heartbeat.interval.ms = 3000
	interceptor.classes = []
	internal.leave.group.on.close = true
	internal.throw.on.fetch.stable.offset.unsupported = false
	isolation.level = read_uncommitted
	key.deserializer = class org.apache.kafka.common.serialization.StringDeserializer
	max.partition.fetch.bytes = 1048576
	max.poll.interval.ms = 300000
	max.poll.records = 500
	metadata.max.age.ms = 300000
	metadata.recovery.strategy = none
	metric.reporters = []
	metrics.num.samples = 2
	metrics.recording.level = INFO
	metrics.sample.window.ms = 30000
	partition.assignment.strategy = [class org.apache.kafka.clients.consumer.RangeAssignor, class org.apache.kafka.clients.consumer.CooperativeStickyAssignor]
	receive.buffer.bytes = 65536
	reconnect.backoff.max.ms = 1000
	reconnect.backoff.ms = 50
	request.timeout.ms = 5000
	retry.backoff.max.ms = 1000
	retry.backoff.ms = 100
	sasl.client.callback.handler.class = null
	sasl.jaas.config = null
	sasl.kerberos.kinit.cmd = /usr/bin/kinit
	sasl.kerberos.min.time.before.relogin = 60000
	sasl.kerberos.service.name = null
	sasl.kerberos.ticket.renew.jitter = 0.05
	sasl.kerberos.ticket.renew.window.factor = 0.8
	sasl.login.callback.handler.class = null
	sasl.login.class = null
	sasl.login.connect.timeout.ms = null
	sasl.login.read.timeout.ms = null
	sasl.login.refresh.buffer.seconds = 300
	sasl.login.refresh.min.period.seconds = 60
	sasl.login.refresh.window.factor = 0.8
	sasl.login.refresh.window.jitter = 0.05
	sasl.login.retry.backoff.max.ms = 10000
	sasl.login.retry.backoff.ms = 100
	sasl.mechanism = GSSAPI
	sasl.oauthbearer.clock.skew.seconds = 30
	sasl.oauthbearer.expected.audience = null
	sasl.oauthbearer.expected.issuer = null
	sasl.oauthbearer.header.urlencode = false
	sasl.oauthbearer.jwks.endpoint.refresh.ms = 3600000
	sasl.oauthbearer.jwks.endpoint.retry.backoff.max.ms = 10000
	sasl.oauthbearer.jwks.endpoint.retry.backoff.ms = 100
	sasl.oauthbearer.jwks.endpoint.url = null
	sasl.oauthbearer.scope.claim.name = scope
	sasl.oauthbearer.sub.claim.name = sub
	sasl.oauthbearer.token.endpoint.url = null
	security.protocol = PLAINTEXT
	security.providers = null
	send.buffer.bytes = 131072
	session.timeout.ms = 45000
	socket.connection.setup.timeout.max.ms = 30000
	socket.connection.setup.timeout.ms = 10000
	ssl.cipher.suites = null
	ssl.enabled.protocols = [TLSv1.2, TLSv1.3]
	ssl.endpoint.identification.algorithm = https
	ssl.engine.factory.class = null
	ssl.key.password = null
	ssl.keymanager.algorithm = SunX509
	ssl.keystore.certificate.chain = null
	ssl.keystore.key = null
	ssl.keystore.location = null
	ssl.keystore.password = null
	ssl.keystore.type = JKS
	ssl.protocol = TLSv1.3
	ssl.provider = null
	ssl.secure.random.implementation = null
	ssl.trustmanager.algorithm = PKIX
	ssl.truststore.certificates = null
	ssl.truststore.location = null
	ssl.truststore.password = null
	ssl.truststore.type = JKS
	value.deserializer = class io.apicurio.registry.serde.avro.AvroKafkaDeserializer

2025-07-31 15:30:14,959 INFO  [org.apa.kaf.com.tel.int.KafkaMetricsCollector] (main) initializing Kafka metrics collector
2025-07-31 15:30:14,978 INFO  [org.apa.kaf.cli.con.ConsumerConfig] (main) These configurations '[apicurio.registry.url]' were supplied but are not used yet.
2025-07-31 15:30:14,978 INFO  [org.apa.kaf.com.uti.AppInfoParser] (main) Kafka version: 3.9.0
2025-07-31 15:30:14,978 INFO  [org.apa.kaf.com.uti.AppInfoParser] (main) Kafka commitId: 84caaa6e9da06435
2025-07-31 15:30:14,978 INFO  [org.apa.kaf.com.uti.AppInfoParser] (main) Kafka startTimeMs: 1753975814978
2025-07-31 15:30:14,979 INFO  [io.api.tes.ser.api.KafkaSerdesTester] (Thread-233) Sending message {"key11753975813845": "value-0"} to topic topic-22d152ac_2145_46c7_bc9e_6d6cb5bc3ec8
2025-07-31 15:30:14,981 INFO  [DefaultSchemaResolver] (Thread-233) Retrieving schema content using string: {"type":"record","name":"myrecordconfluent","fields":[{"name":"key11753975813845","type":"string"}]}
2025-07-31 15:30:15,007 INFO  [io.api.tes.ser.api.KafkaSerdesTester] (Thread-233) Sending message {"key11753975813845": "value-1"} to topic topic-22d152ac_2145_46c7_bc9e_6d6cb5bc3ec8
2025-07-31 15:30:15,008 INFO  [io.api.tes.ser.api.KafkaSerdesTester] (Thread-233) Sending message {"key11753975813845": "value-2"} to topic topic-22d152ac_2145_46c7_bc9e_6d6cb5bc3ec8
2025-07-31 15:30:15,010 INFO  [io.api.tes.ser.api.KafkaSerdesTester] (Thread-233) Sending message {"key11753975813845": "value-3"} to topic topic-22d152ac_2145_46c7_bc9e_6d6cb5bc3ec8
2025-07-31 15:30:15,012 INFO  [io.api.tes.ser.api.KafkaSerdesTester] (Thread-233) Sending message {"key11753975813845": "value-4"} to topic topic-22d152ac_2145_46c7_bc9e_6d6cb5bc3ec8
2025-07-31 15:30:15,014 INFO  [io.api.tes.ser.api.KafkaSerdesTester] (Thread-233) Sending message {"key11753975813845": "value-5"} to topic topic-22d152ac_2145_46c7_bc9e_6d6cb5bc3ec8
2025-07-31 15:30:15,017 INFO  [io.api.tes.ser.api.KafkaSerdesTester] (Thread-233) Sending message {"key11753975813845": "value-6"} to topic topic-22d152ac_2145_46c7_bc9e_6d6cb5bc3ec8
2025-07-31 15:30:15,018 INFO  [io.api.tes.ser.api.KafkaSerdesTester] (Thread-233) Sending message {"key11753975813845": "value-7"} to topic topic-22d152ac_2145_46c7_bc9e_6d6cb5bc3ec8
2025-07-31 15:30:15,020 INFO  [io.api.tes.ser.api.KafkaSerdesTester] (Thread-233) Sending message {"key11753975813845": "value-8"} to topic topic-22d152ac_2145_46c7_bc9e_6d6cb5bc3ec8
2025-07-31 15:30:15,021 INFO  [io.api.tes.ser.api.KafkaSerdesTester] (Thread-233) Sending message {"key11753975813845": "value-9"} to topic topic-22d152ac_2145_46c7_bc9e_6d6cb5bc3ec8
2025-07-31 15:30:15,022 INFO  [io.api.tes.ser.api.KafkaSerdesTester] (Thread-233) Produced 10 messages
2025-07-31 15:30:15,023 INFO  [org.apa.kaf.cli.pro.KafkaProducer] (Thread-233) [Producer clientId=Producer-topic-22d152ac_2145_46c7_bc9e_6d6cb5bc3ec8] Closing the Kafka producer with timeoutMillis = 9223372036854775807 ms.
2025-07-31 15:30:15,025 INFO  [org.apa.kaf.com.met.Metrics] (Thread-233) Metrics scheduler closed
2025-07-31 15:30:15,025 INFO  [org.apa.kaf.com.met.Metrics] (Thread-233) Closing reporter org.apache.kafka.common.metrics.JmxReporter
2025-07-31 15:30:15,025 INFO  [org.apa.kaf.com.met.Metrics] (Thread-233) Closing reporter org.apache.kafka.common.telemetry.internals.ClientTelemetryReporter
2025-07-31 15:30:15,025 INFO  [org.apa.kaf.com.met.Metrics] (Thread-233) Metrics reporters closed
2025-07-31 15:30:15,025 INFO  [org.apa.kaf.com.uti.AppInfoParser] (Thread-233) App info kafka.producer for Producer-topic-22d152ac_2145_46c7_bc9e_6d6cb5bc3ec8 unregistered
2025-07-31 15:30:15,026 INFO  [io.api.tes.ser.api.KafkaSerdesTester] (Thread-234) Sending message {"key11753975813845": "value-0"} to topic topic-2b865183_9431_458c_ac56_3ced48e17bff
2025-07-31 15:30:15,032 INFO  [DefaultSchemaResolver] (Thread-234) Retrieving schema content using string: {"type":"record","name":"myrecordconfluent","fields":[{"name":"key11753975813845","type":"string"}]}
2025-07-31 15:30:15,055 INFO  [io.api.tes.ser.api.KafkaSerdesTester] (Thread-234) Sending message {"key11753975813845": "value-1"} to topic topic-2b865183_9431_458c_ac56_3ced48e17bff
2025-07-31 15:30:15,056 INFO  [io.api.tes.ser.api.KafkaSerdesTester] (Thread-234) Sending message {"key11753975813845": "value-2"} to topic topic-2b865183_9431_458c_ac56_3ced48e17bff
2025-07-31 15:30:15,057 INFO  [io.api.tes.ser.api.KafkaSerdesTester] (Thread-234) Sending message {"key11753975813845": "value-3"} to topic topic-2b865183_9431_458c_ac56_3ced48e17bff
2025-07-31 15:30:15,058 INFO  [io.api.tes.ser.api.KafkaSerdesTester] (Thread-234) Sending message {"key11753975813845": "value-4"} to topic topic-2b865183_9431_458c_ac56_3ced48e17bff
2025-07-31 15:30:15,060 INFO  [io.api.tes.ser.api.KafkaSerdesTester] (Thread-234) Sending message {"key11753975813845": "value-5"} to topic topic-2b865183_9431_458c_ac56_3ced48e17bff
2025-07-31 15:30:15,062 INFO  [io.api.tes.ser.api.KafkaSerdesTester] (Thread-234) Sending message {"key11753975813845": "value-6"} to topic topic-2b865183_9431_458c_ac56_3ced48e17bff
2025-07-31 15:30:15,064 INFO  [io.api.tes.ser.api.KafkaSerdesTester] (Thread-234) Sending message {"key11753975813845": "value-7"} to topic topic-2b865183_9431_458c_ac56_3ced48e17bff
2025-07-31 15:30:15,065 INFO  [io.api.tes.ser.api.KafkaSerdesTester] (Thread-234) Sending message {"key11753975813845": "value-8"} to topic topic-2b865183_9431_458c_ac56_3ced48e17bff
2025-07-31 15:30:15,066 INFO  [io.api.tes.ser.api.KafkaSerdesTester] (Thread-234) Sending message {"key11753975813845": "value-9"} to topic topic-2b865183_9431_458c_ac56_3ced48e17bff
2025-07-31 15:30:15,067 INFO  [io.api.tes.ser.api.KafkaSerdesTester] (Thread-234) Produced 10 messages
2025-07-31 15:30:15,067 INFO  [org.apa.kaf.cli.pro.KafkaProducer] (Thread-234) [Producer clientId=Producer-topic-2b865183_9431_458c_ac56_3ced48e17bff] Closing the Kafka producer with timeoutMillis = 9223372036854775807 ms.
2025-07-31 15:30:15,069 INFO  [org.apa.kaf.com.met.Metrics] (Thread-234) Metrics scheduler closed
2025-07-31 15:30:15,069 INFO  [org.apa.kaf.com.met.Metrics] (Thread-234) Closing reporter org.apache.kafka.common.metrics.JmxReporter
2025-07-31 15:30:15,069 INFO  [org.apa.kaf.com.met.Metrics] (Thread-234) Closing reporter org.apache.kafka.common.telemetry.internals.ClientTelemetryReporter
2025-07-31 15:30:15,069 INFO  [org.apa.kaf.com.met.Metrics] (Thread-234) Metrics reporters closed
2025-07-31 15:30:15,069 INFO  [org.apa.kaf.com.uti.AppInfoParser] (Thread-234) App info kafka.producer for Producer-topic-2b865183_9431_458c_ac56_3ced48e17bff unregistered
2025-07-31 15:30:15,070 INFO  [io.api.tes.ser.api.KafkaSerdesTester] (Thread-235) Sending message {"key11753975813845": "value-0"} to topic topic-043a6937_f976_4586_a302_8d0470516126
2025-07-31 15:30:15,073 INFO  [DefaultSchemaResolver] (Thread-235) Retrieving schema content using string: {"type":"record","name":"myrecordconfluent","fields":[{"name":"key11753975813845","type":"string"}]}
2025-07-31 15:30:15,102 INFO  [io.api.tes.ser.api.KafkaSerdesTester] (Thread-235) Sending message {"key11753975813845": "value-1"} to topic topic-043a6937_f976_4586_a302_8d0470516126
2025-07-31 15:30:15,103 INFO  [io.api.tes.ser.api.KafkaSerdesTester] (Thread-235) Sending message {"key11753975813845": "value-2"} to topic topic-043a6937_f976_4586_a302_8d0470516126
2025-07-31 15:30:15,104 INFO  [io.api.tes.ser.api.KafkaSerdesTester] (Thread-235) Sending message {"key11753975813845": "value-3"} to topic topic-043a6937_f976_4586_a302_8d0470516126
2025-07-31 15:30:15,105 INFO  [io.api.tes.ser.api.KafkaSerdesTester] (Thread-235) Sending message {"key11753975813845": "value-4"} to topic topic-043a6937_f976_4586_a302_8d0470516126
2025-07-31 15:30:15,106 INFO  [io.api.tes.ser.api.KafkaSerdesTester] (Thread-235) Sending message {"key11753975813845": "value-5"} to topic topic-043a6937_f976_4586_a302_8d0470516126
2025-07-31 15:30:15,107 INFO  [io.api.tes.ser.api.KafkaSerdesTester] (Thread-235) Sending message {"key11753975813845": "value-6"} to topic topic-043a6937_f976_4586_a302_8d0470516126
2025-07-31 15:30:15,108 INFO  [io.api.tes.ser.api.KafkaSerdesTester] (Thread-235) Sending message {"key11753975813845": "value-7"} to topic topic-043a6937_f976_4586_a302_8d0470516126
2025-07-31 15:30:15,110 INFO  [io.api.tes.ser.api.KafkaSerdesTester] (Thread-235) Sending message {"key11753975813845": "value-8"} to topic topic-043a6937_f976_4586_a302_8d0470516126
2025-07-31 15:30:15,111 INFO  [io.api.tes.ser.api.KafkaSerdesTester] (Thread-235) Sending message {"key11753975813845": "value-9"} to topic topic-043a6937_f976_4586_a302_8d0470516126
2025-07-31 15:30:15,112 INFO  [io.api.tes.ser.api.KafkaSerdesTester] (Thread-235) Produced 10 messages
2025-07-31 15:30:15,112 INFO  [org.apa.kaf.cli.pro.KafkaProducer] (Thread-235) [Producer clientId=Producer-topic-043a6937_f976_4586_a302_8d0470516126] Closing the Kafka producer with timeoutMillis = 9223372036854775807 ms.
2025-07-31 15:30:15,114 INFO  [org.apa.kaf.com.met.Metrics] (Thread-235) Metrics scheduler closed
2025-07-31 15:30:15,114 INFO  [org.apa.kaf.com.met.Metrics] (Thread-235) Closing reporter org.apache.kafka.common.metrics.JmxReporter
2025-07-31 15:30:15,114 INFO  [org.apa.kaf.com.met.Metrics] (Thread-235) Closing reporter org.apache.kafka.common.telemetry.internals.ClientTelemetryReporter
2025-07-31 15:30:15,114 INFO  [org.apa.kaf.com.met.Metrics] (Thread-235) Metrics reporters closed
2025-07-31 15:30:15,114 INFO  [org.apa.kaf.com.uti.AppInfoParser] (Thread-235) App info kafka.producer for Producer-topic-043a6937_f976_4586_a302_8d0470516126 unregistered
2025-07-31 15:30:15,115 INFO  [org.apa.kaf.cli.con.int.ClassicKafkaConsumer] (Thread-236) [Consumer clientId=consumer-Consumer-topic-22d152ac_2145_46c7_bc9e_6d6cb5bc3ec8-14, groupId=Consumer-topic-22d152ac_2145_46c7_bc9e_6d6cb5bc3ec8] Subscribed to topic(s): topic-22d152ac_2145_46c7_bc9e_6d6cb5bc3ec8
2025-07-31 15:30:15,120 INFO  [org.apa.kaf.cli.Metadata] (Thread-236) [Consumer clientId=consumer-Consumer-topic-22d152ac_2145_46c7_bc9e_6d6cb5bc3ec8-14, groupId=Consumer-topic-22d152ac_2145_46c7_bc9e_6d6cb5bc3ec8] Cluster ID: BgnDnmd_Rn-oXa8M1ygsew
2025-07-31 15:30:15,120 INFO  [org.apa.kaf.cli.con.int.ConsumerCoordinator] (Thread-236) [Consumer clientId=consumer-Consumer-topic-22d152ac_2145_46c7_bc9e_6d6cb5bc3ec8-14, groupId=Consumer-topic-22d152ac_2145_46c7_bc9e_6d6cb5bc3ec8] Discovered group coordinator localhost:32770 (id: 2147483647 rack: null)
2025-07-31 15:30:15,122 INFO  [org.apa.kaf.cli.con.int.ConsumerCoordinator] (Thread-236) [Consumer clientId=consumer-Consumer-topic-22d152ac_2145_46c7_bc9e_6d6cb5bc3ec8-14, groupId=Consumer-topic-22d152ac_2145_46c7_bc9e_6d6cb5bc3ec8] (Re-)joining group
2025-07-31 15:30:15,126 INFO  [org.apa.kaf.cli.con.int.ConsumerCoordinator] (Thread-236) [Consumer clientId=consumer-Consumer-topic-22d152ac_2145_46c7_bc9e_6d6cb5bc3ec8-14, groupId=Consumer-topic-22d152ac_2145_46c7_bc9e_6d6cb5bc3ec8] Request joining group due to: need to re-join with the given member-id: consumer-Consumer-topic-22d152ac_2145_46c7_bc9e_6d6cb5bc3ec8-14-55ae8c0a-44eb-433b-bc79-ce0cb25f80d6
2025-07-31 15:30:15,126 INFO  [org.apa.kaf.cli.con.int.ConsumerCoordinator] (Thread-236) [Consumer clientId=consumer-Consumer-topic-22d152ac_2145_46c7_bc9e_6d6cb5bc3ec8-14, groupId=Consumer-topic-22d152ac_2145_46c7_bc9e_6d6cb5bc3ec8] (Re-)joining group
2025-07-31 15:30:15,134 INFO  [org.apa.kaf.cli.con.int.ConsumerCoordinator] (Thread-236) [Consumer clientId=consumer-Consumer-topic-22d152ac_2145_46c7_bc9e_6d6cb5bc3ec8-14, groupId=Consumer-topic-22d152ac_2145_46c7_bc9e_6d6cb5bc3ec8] Successfully joined group with generation Generation{generationId=1, memberId='consumer-Consumer-topic-22d152ac_2145_46c7_bc9e_6d6cb5bc3ec8-14-55ae8c0a-44eb-433b-bc79-ce0cb25f80d6', protocol='range'}
2025-07-31 15:30:15,134 INFO  [org.apa.kaf.cli.con.int.ConsumerCoordinator] (Thread-236) [Consumer clientId=consumer-Consumer-topic-22d152ac_2145_46c7_bc9e_6d6cb5bc3ec8-14, groupId=Consumer-topic-22d152ac_2145_46c7_bc9e_6d6cb5bc3ec8] Finished assignment for group at generation 1: {consumer-Consumer-topic-22d152ac_2145_46c7_bc9e_6d6cb5bc3ec8-14-55ae8c0a-44eb-433b-bc79-ce0cb25f80d6=Assignment(partitions=[topic-22d152ac_2145_46c7_bc9e_6d6cb5bc3ec8-0])}
2025-07-31 15:30:15,137 INFO  [org.apa.kaf.cli.con.int.ConsumerCoordinator] (kafka-coordinator-heartbeat-thread | Consumer-topic-22d152ac_2145_46c7_bc9e_6d6cb5bc3ec8) [Consumer clientId=consumer-Consumer-topic-22d152ac_2145_46c7_bc9e_6d6cb5bc3ec8-14, groupId=Consumer-topic-22d152ac_2145_46c7_bc9e_6d6cb5bc3ec8] Successfully synced group in generation Generation{generationId=1, memberId='consumer-Consumer-topic-22d152ac_2145_46c7_bc9e_6d6cb5bc3ec8-14-55ae8c0a-44eb-433b-bc79-ce0cb25f80d6', protocol='range'}
2025-07-31 15:30:15,137 INFO  [org.apa.kaf.cli.con.int.ConsumerCoordinator] (Thread-236) [Consumer clientId=consumer-Consumer-topic-22d152ac_2145_46c7_bc9e_6d6cb5bc3ec8-14, groupId=Consumer-topic-22d152ac_2145_46c7_bc9e_6d6cb5bc3ec8] Notifying assignor about the new Assignment(partitions=[topic-22d152ac_2145_46c7_bc9e_6d6cb5bc3ec8-0])
2025-07-31 15:30:15,137 INFO  [org.apa.kaf.cli.con.int.ConsumerRebalanceListenerInvoker] (Thread-236) [Consumer clientId=consumer-Consumer-topic-22d152ac_2145_46c7_bc9e_6d6cb5bc3ec8-14, groupId=Consumer-topic-22d152ac_2145_46c7_bc9e_6d6cb5bc3ec8] Adding newly assigned partitions: topic-22d152ac_2145_46c7_bc9e_6d6cb5bc3ec8-0
2025-07-31 15:30:15,141 INFO  [org.apa.kaf.cli.con.int.ConsumerCoordinator] (Thread-236) [Consumer clientId=consumer-Consumer-topic-22d152ac_2145_46c7_bc9e_6d6cb5bc3ec8-14, groupId=Consumer-topic-22d152ac_2145_46c7_bc9e_6d6cb5bc3ec8] Found no committed offset for partition topic-22d152ac_2145_46c7_bc9e_6d6cb5bc3ec8-0
2025-07-31 15:30:15,155 INFO  [org.apa.kaf.cli.con.int.SubscriptionState] (Thread-236) [Consumer clientId=consumer-Consumer-topic-22d152ac_2145_46c7_bc9e_6d6cb5bc3ec8-14, groupId=Consumer-topic-22d152ac_2145_46c7_bc9e_6d6cb5bc3ec8] Resetting offset for partition topic-22d152ac_2145_46c7_bc9e_6d6cb5bc3ec8-0 to position FetchPosition{offset=0, offsetEpoch=Optional.empty, currentLeader=LeaderAndEpoch{leader=Optional[localhost:32770 (id: 0 rack: null)], epoch=0}}.
2025-07-31 15:30:15,201 INFO  [io.api.tes.ser.api.KafkaSerdesTester] (Thread-236) topic-22d152ac_2145_46c7_bc9e_6d6cb5bc3ec8 0 0 {"key11753975813845": "value-0"}
2025-07-31 15:30:15,201 INFO  [io.api.tes.ser.api.KafkaSerdesTester] (Thread-236) topic-22d152ac_2145_46c7_bc9e_6d6cb5bc3ec8 0 1 {"key11753975813845": "value-1"}
2025-07-31 15:30:15,201 INFO  [io.api.tes.ser.api.KafkaSerdesTester] (Thread-236) topic-22d152ac_2145_46c7_bc9e_6d6cb5bc3ec8 0 2 {"key11753975813845": "value-2"}
2025-07-31 15:30:15,201 INFO  [io.api.tes.ser.api.KafkaSerdesTester] (Thread-236) topic-22d152ac_2145_46c7_bc9e_6d6cb5bc3ec8 0 3 {"key11753975813845": "value-3"}
2025-07-31 15:30:15,201 INFO  [io.api.tes.ser.api.KafkaSerdesTester] (Thread-236) topic-22d152ac_2145_46c7_bc9e_6d6cb5bc3ec8 0 4 {"key11753975813845": "value-4"}
2025-07-31 15:30:15,201 INFO  [io.api.tes.ser.api.KafkaSerdesTester] (Thread-236) topic-22d152ac_2145_46c7_bc9e_6d6cb5bc3ec8 0 5 {"key11753975813845": "value-5"}
2025-07-31 15:30:15,201 INFO  [io.api.tes.ser.api.KafkaSerdesTester] (Thread-236) topic-22d152ac_2145_46c7_bc9e_6d6cb5bc3ec8 0 6 {"key11753975813845": "value-6"}
2025-07-31 15:30:15,201 INFO  [io.api.tes.ser.api.KafkaSerdesTester] (Thread-236) topic-22d152ac_2145_46c7_bc9e_6d6cb5bc3ec8 0 7 {"key11753975813845": "value-7"}
2025-07-31 15:30:15,201 INFO  [io.api.tes.ser.api.KafkaSerdesTester] (Thread-236) topic-22d152ac_2145_46c7_bc9e_6d6cb5bc3ec8 0 8 {"key11753975813845": "value-8"}
2025-07-31 15:30:15,201 INFO  [io.api.tes.ser.api.KafkaSerdesTester] (Thread-236) topic-22d152ac_2145_46c7_bc9e_6d6cb5bc3ec8 0 9 {"key11753975813845": "value-9"}
2025-07-31 15:30:15,201 INFO  [io.api.tes.ser.api.KafkaSerdesTester] (Thread-236) Consumed 10 messages
2025-07-31 15:30:15,204 INFO  [org.apa.kaf.cli.con.int.ConsumerRebalanceListenerInvoker] (Thread-236) [Consumer clientId=consumer-Consumer-topic-22d152ac_2145_46c7_bc9e_6d6cb5bc3ec8-14, groupId=Consumer-topic-22d152ac_2145_46c7_bc9e_6d6cb5bc3ec8] Revoke previously assigned partitions topic-22d152ac_2145_46c7_bc9e_6d6cb5bc3ec8-0
2025-07-31 15:30:15,204 INFO  [org.apa.kaf.cli.con.int.ConsumerCoordinator] (Thread-236) [Consumer clientId=consumer-Consumer-topic-22d152ac_2145_46c7_bc9e_6d6cb5bc3ec8-14, groupId=Consumer-topic-22d152ac_2145_46c7_bc9e_6d6cb5bc3ec8] Member consumer-Consumer-topic-22d152ac_2145_46c7_bc9e_6d6cb5bc3ec8-14-55ae8c0a-44eb-433b-bc79-ce0cb25f80d6 sending LeaveGroup request to coordinator localhost:32770 (id: 2147483647 rack: null) due to the consumer is being closed
2025-07-31 15:30:15,205 INFO  [org.apa.kaf.cli.con.int.ConsumerCoordinator] (Thread-236) [Consumer clientId=consumer-Consumer-topic-22d152ac_2145_46c7_bc9e_6d6cb5bc3ec8-14, groupId=Consumer-topic-22d152ac_2145_46c7_bc9e_6d6cb5bc3ec8] Resetting generation and member id due to: consumer pro-actively leaving the group
2025-07-31 15:30:15,205 INFO  [org.apa.kaf.cli.con.int.ConsumerCoordinator] (Thread-236) [Consumer clientId=consumer-Consumer-topic-22d152ac_2145_46c7_bc9e_6d6cb5bc3ec8-14, groupId=Consumer-topic-22d152ac_2145_46c7_bc9e_6d6cb5bc3ec8] Request joining group due to: consumer pro-actively leaving the group
2025-07-31 15:30:15,704 INFO  [org.apa.kaf.com.met.Metrics] (Thread-236) Metrics scheduler closed
2025-07-31 15:30:15,704 INFO  [org.apa.kaf.com.met.Metrics] (Thread-236) Closing reporter org.apache.kafka.common.metrics.JmxReporter
2025-07-31 15:30:15,704 INFO  [org.apa.kaf.com.met.Metrics] (Thread-236) Closing reporter org.apache.kafka.common.telemetry.internals.ClientTelemetryReporter
2025-07-31 15:30:15,704 INFO  [org.apa.kaf.com.met.Metrics] (Thread-236) Metrics reporters closed
2025-07-31 15:30:15,706 INFO  [org.apa.kaf.com.uti.AppInfoParser] (Thread-236) App info kafka.consumer for consumer-Consumer-topic-22d152ac_2145_46c7_bc9e_6d6cb5bc3ec8-14 unregistered
2025-07-31 15:30:15,707 INFO  [org.apa.kaf.cli.con.int.ClassicKafkaConsumer] (Thread-237) [Consumer clientId=consumer-Consumer-topic-2b865183_9431_458c_ac56_3ced48e17bff-15, groupId=Consumer-topic-2b865183_9431_458c_ac56_3ced48e17bff] Subscribed to topic(s): topic-2b865183_9431_458c_ac56_3ced48e17bff
2025-07-31 15:30:15,714 INFO  [org.apa.kaf.cli.Metadata] (Thread-237) [Consumer clientId=consumer-Consumer-topic-2b865183_9431_458c_ac56_3ced48e17bff-15, groupId=Consumer-topic-2b865183_9431_458c_ac56_3ced48e17bff] Cluster ID: BgnDnmd_Rn-oXa8M1ygsew
2025-07-31 15:30:15,714 INFO  [org.apa.kaf.cli.con.int.ConsumerCoordinator] (Thread-237) [Consumer clientId=consumer-Consumer-topic-2b865183_9431_458c_ac56_3ced48e17bff-15, groupId=Consumer-topic-2b865183_9431_458c_ac56_3ced48e17bff] Discovered group coordinator localhost:32770 (id: 2147483647 rack: null)
2025-07-31 15:30:15,716 INFO  [org.apa.kaf.cli.con.int.ConsumerCoordinator] (Thread-237) [Consumer clientId=consumer-Consumer-topic-2b865183_9431_458c_ac56_3ced48e17bff-15, groupId=Consumer-topic-2b865183_9431_458c_ac56_3ced48e17bff] (Re-)joining group
2025-07-31 15:30:15,718 INFO  [org.apa.kaf.cli.con.int.ConsumerCoordinator] (Thread-237) [Consumer clientId=consumer-Consumer-topic-2b865183_9431_458c_ac56_3ced48e17bff-15, groupId=Consumer-topic-2b865183_9431_458c_ac56_3ced48e17bff] Request joining group due to: need to re-join with the given member-id: consumer-Consumer-topic-2b865183_9431_458c_ac56_3ced48e17bff-15-4c06f8ea-87e2-4557-82bc-40c59370e1b8
2025-07-31 15:30:15,718 INFO  [org.apa.kaf.cli.con.int.ConsumerCoordinator] (Thread-237) [Consumer clientId=consumer-Consumer-topic-2b865183_9431_458c_ac56_3ced48e17bff-15, groupId=Consumer-topic-2b865183_9431_458c_ac56_3ced48e17bff] (Re-)joining group
2025-07-31 15:30:15,720 INFO  [org.apa.kaf.cli.con.int.ConsumerCoordinator] (Thread-237) [Consumer clientId=consumer-Consumer-topic-2b865183_9431_458c_ac56_3ced48e17bff-15, groupId=Consumer-topic-2b865183_9431_458c_ac56_3ced48e17bff] Successfully joined group with generation Generation{generationId=1, memberId='consumer-Consumer-topic-2b865183_9431_458c_ac56_3ced48e17bff-15-4c06f8ea-87e2-4557-82bc-40c59370e1b8', protocol='range'}
2025-07-31 15:30:15,720 INFO  [org.apa.kaf.cli.con.int.ConsumerCoordinator] (Thread-237) [Consumer clientId=consumer-Consumer-topic-2b865183_9431_458c_ac56_3ced48e17bff-15, groupId=Consumer-topic-2b865183_9431_458c_ac56_3ced48e17bff] Finished assignment for group at generation 1: {consumer-Consumer-topic-2b865183_9431_458c_ac56_3ced48e17bff-15-4c06f8ea-87e2-4557-82bc-40c59370e1b8=Assignment(partitions=[topic-2b865183_9431_458c_ac56_3ced48e17bff-0])}
2025-07-31 15:30:15,722 INFO  [org.apa.kaf.cli.con.int.ConsumerCoordinator] (Thread-237) [Consumer clientId=consumer-Consumer-topic-2b865183_9431_458c_ac56_3ced48e17bff-15, groupId=Consumer-topic-2b865183_9431_458c_ac56_3ced48e17bff] Successfully synced group in generation Generation{generationId=1, memberId='consumer-Consumer-topic-2b865183_9431_458c_ac56_3ced48e17bff-15-4c06f8ea-87e2-4557-82bc-40c59370e1b8', protocol='range'}
2025-07-31 15:30:15,722 INFO  [org.apa.kaf.cli.con.int.ConsumerCoordinator] (Thread-237) [Consumer clientId=consumer-Consumer-topic-2b865183_9431_458c_ac56_3ced48e17bff-15, groupId=Consumer-topic-2b865183_9431_458c_ac56_3ced48e17bff] Notifying assignor about the new Assignment(partitions=[topic-2b865183_9431_458c_ac56_3ced48e17bff-0])
2025-07-31 15:30:15,722 INFO  [org.apa.kaf.cli.con.int.ConsumerRebalanceListenerInvoker] (Thread-237) [Consumer clientId=consumer-Consumer-topic-2b865183_9431_458c_ac56_3ced48e17bff-15, groupId=Consumer-topic-2b865183_9431_458c_ac56_3ced48e17bff] Adding newly assigned partitions: topic-2b865183_9431_458c_ac56_3ced48e17bff-0
2025-07-31 15:30:15,722 INFO  [org.apa.kaf.cli.con.int.ConsumerCoordinator] (Thread-237) [Consumer clientId=consumer-Consumer-topic-2b865183_9431_458c_ac56_3ced48e17bff-15, groupId=Consumer-topic-2b865183_9431_458c_ac56_3ced48e17bff] Found no committed offset for partition topic-2b865183_9431_458c_ac56_3ced48e17bff-0
2025-07-31 15:30:15,727 INFO  [org.apa.kaf.cli.con.int.SubscriptionState] (Thread-237) [Consumer clientId=consumer-Consumer-topic-2b865183_9431_458c_ac56_3ced48e17bff-15, groupId=Consumer-topic-2b865183_9431_458c_ac56_3ced48e17bff] Resetting offset for partition topic-2b865183_9431_458c_ac56_3ced48e17bff-0 to position FetchPosition{offset=0, offsetEpoch=Optional.empty, currentLeader=LeaderAndEpoch{leader=Optional[localhost:32770 (id: 0 rack: null)], epoch=0}}.
2025-07-31 15:30:15,758 INFO  [io.api.tes.ser.api.KafkaSerdesTester] (Thread-237) topic-2b865183_9431_458c_ac56_3ced48e17bff 0 0 {"key11753975813845": "value-0"}
2025-07-31 15:30:15,758 INFO  [io.api.tes.ser.api.KafkaSerdesTester] (Thread-237) topic-2b865183_9431_458c_ac56_3ced48e17bff 0 1 {"key11753975813845": "value-1"}
2025-07-31 15:30:15,758 INFO  [io.api.tes.ser.api.KafkaSerdesTester] (Thread-237) topic-2b865183_9431_458c_ac56_3ced48e17bff 0 2 {"key11753975813845": "value-2"}
2025-07-31 15:30:15,758 INFO  [io.api.tes.ser.api.KafkaSerdesTester] (Thread-237) topic-2b865183_9431_458c_ac56_3ced48e17bff 0 3 {"key11753975813845": "value-3"}
2025-07-31 15:30:15,758 INFO  [io.api.tes.ser.api.KafkaSerdesTester] (Thread-237) topic-2b865183_9431_458c_ac56_3ced48e17bff 0 4 {"key11753975813845": "value-4"}
2025-07-31 15:30:15,758 INFO  [io.api.tes.ser.api.KafkaSerdesTester] (Thread-237) topic-2b865183_9431_458c_ac56_3ced48e17bff 0 5 {"key11753975813845": "value-5"}
2025-07-31 15:30:15,759 INFO  [io.api.tes.ser.api.KafkaSerdesTester] (Thread-237) topic-2b865183_9431_458c_ac56_3ced48e17bff 0 6 {"key11753975813845": "value-6"}
2025-07-31 15:30:15,759 INFO  [io.api.tes.ser.api.KafkaSerdesTester] (Thread-237) topic-2b865183_9431_458c_ac56_3ced48e17bff 0 7 {"key11753975813845": "value-7"}
2025-07-31 15:30:15,759 INFO  [io.api.tes.ser.api.KafkaSerdesTester] (Thread-237) topic-2b865183_9431_458c_ac56_3ced48e17bff 0 8 {"key11753975813845": "value-8"}
2025-07-31 15:30:15,759 INFO  [io.api.tes.ser.api.KafkaSerdesTester] (Thread-237) topic-2b865183_9431_458c_ac56_3ced48e17bff 0 9 {"key11753975813845": "value-9"}
2025-07-31 15:30:15,759 INFO  [io.api.tes.ser.api.KafkaSerdesTester] (Thread-237) Consumed 10 messages
2025-07-31 15:30:15,762 INFO  [org.apa.kaf.cli.con.int.ConsumerRebalanceListenerInvoker] (Thread-237) [Consumer clientId=consumer-Consumer-topic-2b865183_9431_458c_ac56_3ced48e17bff-15, groupId=Consumer-topic-2b865183_9431_458c_ac56_3ced48e17bff] Revoke previously assigned partitions topic-2b865183_9431_458c_ac56_3ced48e17bff-0
2025-07-31 15:30:15,762 INFO  [org.apa.kaf.cli.con.int.ConsumerCoordinator] (Thread-237) [Consumer clientId=consumer-Consumer-topic-2b865183_9431_458c_ac56_3ced48e17bff-15, groupId=Consumer-topic-2b865183_9431_458c_ac56_3ced48e17bff] Member consumer-Consumer-topic-2b865183_9431_458c_ac56_3ced48e17bff-15-4c06f8ea-87e2-4557-82bc-40c59370e1b8 sending LeaveGroup request to coordinator localhost:32770 (id: 2147483647 rack: null) due to the consumer is being closed
2025-07-31 15:30:15,762 INFO  [org.apa.kaf.cli.con.int.ConsumerCoordinator] (Thread-237) [Consumer clientId=consumer-Consumer-topic-2b865183_9431_458c_ac56_3ced48e17bff-15, groupId=Consumer-topic-2b865183_9431_458c_ac56_3ced48e17bff] Resetting generation and member id due to: consumer pro-actively leaving the group
2025-07-31 15:30:15,762 INFO  [org.apa.kaf.cli.con.int.ConsumerCoordinator] (Thread-237) [Consumer clientId=consumer-Consumer-topic-2b865183_9431_458c_ac56_3ced48e17bff-15, groupId=Consumer-topic-2b865183_9431_458c_ac56_3ced48e17bff] Request joining group due to: consumer pro-actively leaving the group
2025-07-31 15:30:16,262 INFO  [org.apa.kaf.com.met.Metrics] (Thread-237) Metrics scheduler closed
2025-07-31 15:30:16,262 INFO  [org.apa.kaf.com.met.Metrics] (Thread-237) Closing reporter org.apache.kafka.common.metrics.JmxReporter
2025-07-31 15:30:16,262 INFO  [org.apa.kaf.com.met.Metrics] (Thread-237) Closing reporter org.apache.kafka.common.telemetry.internals.ClientTelemetryReporter
2025-07-31 15:30:16,262 INFO  [org.apa.kaf.com.met.Metrics] (Thread-237) Metrics reporters closed
2025-07-31 15:30:16,264 INFO  [org.apa.kaf.com.uti.AppInfoParser] (Thread-237) App info kafka.consumer for consumer-Consumer-topic-2b865183_9431_458c_ac56_3ced48e17bff-15 unregistered
2025-07-31 15:30:16,265 INFO  [org.apa.kaf.cli.con.int.ClassicKafkaConsumer] (Thread-238) [Consumer clientId=consumer-Consumer-topic-043a6937_f976_4586_a302_8d0470516126-16, groupId=Consumer-topic-043a6937_f976_4586_a302_8d0470516126] Subscribed to topic(s): topic-043a6937_f976_4586_a302_8d0470516126
2025-07-31 15:30:16,270 INFO  [org.apa.kaf.cli.Metadata] (Thread-238) [Consumer clientId=consumer-Consumer-topic-043a6937_f976_4586_a302_8d0470516126-16, groupId=Consumer-topic-043a6937_f976_4586_a302_8d0470516126] Cluster ID: BgnDnmd_Rn-oXa8M1ygsew
2025-07-31 15:30:16,270 INFO  [org.apa.kaf.cli.con.int.ConsumerCoordinator] (Thread-238) [Consumer clientId=consumer-Consumer-topic-043a6937_f976_4586_a302_8d0470516126-16, groupId=Consumer-topic-043a6937_f976_4586_a302_8d0470516126] Discovered group coordinator localhost:32770 (id: 2147483647 rack: null)
2025-07-31 15:30:16,271 INFO  [org.apa.kaf.cli.con.int.ConsumerCoordinator] (Thread-238) [Consumer clientId=consumer-Consumer-topic-043a6937_f976_4586_a302_8d0470516126-16, groupId=Consumer-topic-043a6937_f976_4586_a302_8d0470516126] (Re-)joining group
2025-07-31 15:30:16,273 INFO  [org.apa.kaf.cli.con.int.ConsumerCoordinator] (Thread-238) [Consumer clientId=consumer-Consumer-topic-043a6937_f976_4586_a302_8d0470516126-16, groupId=Consumer-topic-043a6937_f976_4586_a302_8d0470516126] Request joining group due to: need to re-join with the given member-id: consumer-Consumer-topic-043a6937_f976_4586_a302_8d0470516126-16-b519d8a3-df96-401a-9566-95e5074e4deb
2025-07-31 15:30:16,273 INFO  [org.apa.kaf.cli.con.int.ConsumerCoordinator] (Thread-238) [Consumer clientId=consumer-Consumer-topic-043a6937_f976_4586_a302_8d0470516126-16, groupId=Consumer-topic-043a6937_f976_4586_a302_8d0470516126] (Re-)joining group
2025-07-31 15:30:16,276 INFO  [org.apa.kaf.cli.con.int.ConsumerCoordinator] (Thread-238) [Consumer clientId=consumer-Consumer-topic-043a6937_f976_4586_a302_8d0470516126-16, groupId=Consumer-topic-043a6937_f976_4586_a302_8d0470516126] Successfully joined group with generation Generation{generationId=1, memberId='consumer-Consumer-topic-043a6937_f976_4586_a302_8d0470516126-16-b519d8a3-df96-401a-9566-95e5074e4deb', protocol='range'}
2025-07-31 15:30:16,276 INFO  [org.apa.kaf.cli.con.int.ConsumerCoordinator] (Thread-238) [Consumer clientId=consumer-Consumer-topic-043a6937_f976_4586_a302_8d0470516126-16, groupId=Consumer-topic-043a6937_f976_4586_a302_8d0470516126] Finished assignment for group at generation 1: {consumer-Consumer-topic-043a6937_f976_4586_a302_8d0470516126-16-b519d8a3-df96-401a-9566-95e5074e4deb=Assignment(partitions=[topic-043a6937_f976_4586_a302_8d0470516126-0])}
2025-07-31 15:30:16,278 INFO  [org.apa.kaf.cli.con.int.ConsumerCoordinator] (Thread-238) [Consumer clientId=consumer-Consumer-topic-043a6937_f976_4586_a302_8d0470516126-16, groupId=Consumer-topic-043a6937_f976_4586_a302_8d0470516126] Successfully synced group in generation Generation{generationId=1, memberId='consumer-Consumer-topic-043a6937_f976_4586_a302_8d0470516126-16-b519d8a3-df96-401a-9566-95e5074e4deb', protocol='range'}
2025-07-31 15:30:16,278 INFO  [org.apa.kaf.cli.con.int.ConsumerCoordinator] (Thread-238) [Consumer clientId=consumer-Consumer-topic-043a6937_f976_4586_a302_8d0470516126-16, groupId=Consumer-topic-043a6937_f976_4586_a302_8d0470516126] Notifying assignor about the new Assignment(partitions=[topic-043a6937_f976_4586_a302_8d0470516126-0])
2025-07-31 15:30:16,278 INFO  [org.apa.kaf.cli.con.int.ConsumerRebalanceListenerInvoker] (Thread-238) [Consumer clientId=consumer-Consumer-topic-043a6937_f976_4586_a302_8d0470516126-16, groupId=Consumer-topic-043a6937_f976_4586_a302_8d0470516126] Adding newly assigned partitions: topic-043a6937_f976_4586_a302_8d0470516126-0
2025-07-31 15:30:16,279 INFO  [org.apa.kaf.cli.con.int.ConsumerCoordinator] (Thread-238) [Consumer clientId=consumer-Consumer-topic-043a6937_f976_4586_a302_8d0470516126-16, groupId=Consumer-topic-043a6937_f976_4586_a302_8d0470516126] Found no committed offset for partition topic-043a6937_f976_4586_a302_8d0470516126-0
2025-07-31 15:30:16,283 INFO  [org.apa.kaf.cli.con.int.SubscriptionState] (Thread-238) [Consumer clientId=consumer-Consumer-topic-043a6937_f976_4586_a302_8d0470516126-16, groupId=Consumer-topic-043a6937_f976_4586_a302_8d0470516126] Resetting offset for partition topic-043a6937_f976_4586_a302_8d0470516126-0 to position FetchPosition{offset=0, offsetEpoch=Optional.empty, currentLeader=LeaderAndEpoch{leader=Optional[localhost:32770 (id: 0 rack: null)], epoch=0}}.
2025-07-31 15:30:16,319 INFO  [io.api.tes.ser.api.KafkaSerdesTester] (Thread-238) topic-043a6937_f976_4586_a302_8d0470516126 0 0 {"key11753975813845": "value-0"}
2025-07-31 15:30:16,319 INFO  [io.api.tes.ser.api.KafkaSerdesTester] (Thread-238) topic-043a6937_f976_4586_a302_8d0470516126 0 1 {"key11753975813845": "value-1"}
2025-07-31 15:30:16,319 INFO  [io.api.tes.ser.api.KafkaSerdesTester] (Thread-238) topic-043a6937_f976_4586_a302_8d0470516126 0 2 {"key11753975813845": "value-2"}
2025-07-31 15:30:16,319 INFO  [io.api.tes.ser.api.KafkaSerdesTester] (Thread-238) topic-043a6937_f976_4586_a302_8d0470516126 0 3 {"key11753975813845": "value-3"}
2025-07-31 15:30:16,319 INFO  [io.api.tes.ser.api.KafkaSerdesTester] (Thread-238) topic-043a6937_f976_4586_a302_8d0470516126 0 4 {"key11753975813845": "value-4"}
2025-07-31 15:30:16,319 INFO  [io.api.tes.ser.api.KafkaSerdesTester] (Thread-238) topic-043a6937_f976_4586_a302_8d0470516126 0 5 {"key11753975813845": "value-5"}
2025-07-31 15:30:16,319 INFO  [io.api.tes.ser.api.KafkaSerdesTester] (Thread-238) topic-043a6937_f976_4586_a302_8d0470516126 0 6 {"key11753975813845": "value-6"}
2025-07-31 15:30:16,319 INFO  [io.api.tes.ser.api.KafkaSerdesTester] (Thread-238) topic-043a6937_f976_4586_a302_8d0470516126 0 7 {"key11753975813845": "value-7"}
2025-07-31 15:30:16,319 INFO  [io.api.tes.ser.api.KafkaSerdesTester] (Thread-238) topic-043a6937_f976_4586_a302_8d0470516126 0 8 {"key11753975813845": "value-8"}
2025-07-31 15:30:16,319 INFO  [io.api.tes.ser.api.KafkaSerdesTester] (Thread-238) topic-043a6937_f976_4586_a302_8d0470516126 0 9 {"key11753975813845": "value-9"}
2025-07-31 15:30:16,319 INFO  [io.api.tes.ser.api.KafkaSerdesTester] (Thread-238) Consumed 10 messages
2025-07-31 15:30:16,322 INFO  [org.apa.kaf.cli.con.int.ConsumerRebalanceListenerInvoker] (Thread-238) [Consumer clientId=consumer-Consumer-topic-043a6937_f976_4586_a302_8d0470516126-16, groupId=Consumer-topic-043a6937_f976_4586_a302_8d0470516126] Revoke previously assigned partitions topic-043a6937_f976_4586_a302_8d0470516126-0
2025-07-31 15:30:16,322 INFO  [org.apa.kaf.cli.con.int.ConsumerCoordinator] (Thread-238) [Consumer clientId=consumer-Consumer-topic-043a6937_f976_4586_a302_8d0470516126-16, groupId=Consumer-topic-043a6937_f976_4586_a302_8d0470516126] Member consumer-Consumer-topic-043a6937_f976_4586_a302_8d0470516126-16-b519d8a3-df96-401a-9566-95e5074e4deb sending LeaveGroup request to coordinator localhost:32770 (id: 2147483647 rack: null) due to the consumer is being closed
2025-07-31 15:30:16,323 INFO  [org.apa.kaf.cli.con.int.ConsumerCoordinator] (Thread-238) [Consumer clientId=consumer-Consumer-topic-043a6937_f976_4586_a302_8d0470516126-16, groupId=Consumer-topic-043a6937_f976_4586_a302_8d0470516126] Resetting generation and member id due to: consumer pro-actively leaving the group
2025-07-31 15:30:16,323 INFO  [org.apa.kaf.cli.con.int.ConsumerCoordinator] (Thread-238) [Consumer clientId=consumer-Consumer-topic-043a6937_f976_4586_a302_8d0470516126-16, groupId=Consumer-topic-043a6937_f976_4586_a302_8d0470516126] Request joining group due to: consumer pro-actively leaving the group
2025-07-31 15:30:16,825 INFO  [org.apa.kaf.com.met.Metrics] (Thread-238) Metrics scheduler closed
2025-07-31 15:30:16,825 INFO  [org.apa.kaf.com.met.Metrics] (Thread-238) Closing reporter org.apache.kafka.common.metrics.JmxReporter
2025-07-31 15:30:16,825 INFO  [org.apa.kaf.com.met.Metrics] (Thread-238) Closing reporter org.apache.kafka.common.telemetry.internals.ClientTelemetryReporter
2025-07-31 15:30:16,825 INFO  [org.apa.kaf.com.met.Metrics] (Thread-238) Metrics reporters closed
2025-07-31 15:30:16,827 INFO  [org.apa.kaf.com.uti.AppInfoParser] (Thread-238) App info kafka.consumer for consumer-Consumer-topic-043a6937_f976_4586_a302_8d0470516126-16 unregistered
2025-07-31 15:30:16,828 INFO  [io.api.tes.uti.TestSeparator] (main) io.apicurio.tests.serdes.apicurio.AvroSerdeIT.testAvroConfluentForMultipleTopics-FINISHED
2025-07-31 15:30:16,828 INFO  [io.api.tes.uti.TestSeparator] (main) ############################################################################
]]></system-out>
  </testcase>
  <testcase name="testFirstRequestFailsRateLimited" classname="io.apicurio.tests.serdes.apicurio.AvroSerdeIT" time="1.021">
    <system-out><![CDATA[2025-07-31 15:30:16,832 INFO  [io.api.tes.uti.TestSeparator] (main) ############################################################################
2025-07-31 15:30:16,832 INFO  [io.api.tes.uti.TestSeparator] (main) io.apicurio.tests.serdes.apicurio.AvroSerdeIT.testFirstRequestFailsRateLimited-STARTED
2025-07-31 15:30:17,336 WARN  [org.ecl.jet.ser.AbstractConnector] (main) Acceptors should be <= availableProcessors: NetworkTrafficServerConnector@734901c1{HTTP/1.1, (http/1.1, h2c)}{0.0.0.0:0} 
2025-07-31 15:30:17,463 INFO  [org.ecl.jet.ser.Server] (main) jetty-11.0.15; built: 2023-04-11T18:37:53.775Z; git: 5bc5e562c8d05c5862505aebe5cf83a61bdbcb96; jvm 17.0.16+8
2025-07-31 15:30:17,489 INFO  [org.ecl.jet.ser.han.ContextHandler] (main) Started o.e.j.s.ServletContextHandler@5b9ec0{/__admin,null,AVAILABLE}
2025-07-31 15:30:17,498 INFO  [org.ecl.jet.ser.han.Con.ROOT] (main) RequestHandlerClass from context returned com.github.tomakehurst.wiremock.http.StubRequestHandler. Normalized mapped under returned 'null'
2025-07-31 15:30:17,498 INFO  [org.ecl.jet.ser.han.ContextHandler] (main) Started o.e.j.s.ServletContextHandler@31ad368a{/,null,AVAILABLE}
2025-07-31 15:30:17,505 INFO  [org.ecl.jet.ser.AbstractConnector] (main) Started NetworkTrafficServerConnector@734901c1{HTTP/1.1, (http/1.1, h2c)}{0.0.0.0:46017}
2025-07-31 15:30:17,506 INFO  [org.ecl.jet.ser.Server] (main) Started Server@4bca8be2{STARTING}[11.0.15,sto=1000] @57420ms
2025-07-31 15:30:17,515 INFO  [org.apa.kaf.cli.pro.ProducerConfig] (main) ProducerConfig values: 
	acks = -1
	auto.include.jmx.reporter = true
	batch.size = 16384
	bootstrap.servers = [PLAINTEXT://localhost:32770]
	buffer.memory = 33554432
	client.dns.lookup = use_all_dns_ips
	client.id = Producer-topic-e96469d2_8418_452d_a3d0_e9b8d01b6a7a
	compression.gzip.level = -1
	compression.lz4.level = 9
	compression.type = none
	compression.zstd.level = 3
	connections.max.idle.ms = 10000
	delivery.timeout.ms = 120000
	enable.idempotence = true
	enable.metrics.push = true
	interceptor.classes = []
	key.serializer = class org.apache.kafka.common.serialization.StringSerializer
	linger.ms = 0
	max.block.ms = 60000
	max.in.flight.requests.per.connection = 5
	max.request.size = 1048576
	metadata.max.age.ms = 300000
	metadata.max.idle.ms = 300000
	metadata.recovery.strategy = none
	metric.reporters = []
	metrics.num.samples = 2
	metrics.recording.level = INFO
	metrics.sample.window.ms = 30000
	partitioner.adaptive.partitioning.enable = true
	partitioner.availability.timeout.ms = 0
	partitioner.class = null
	partitioner.ignore.keys = false
	receive.buffer.bytes = 32768
	reconnect.backoff.max.ms = 1000
	reconnect.backoff.ms = 50
	request.timeout.ms = 5000
	retries = 2147483647
	retry.backoff.max.ms = 1000
	retry.backoff.ms = 100
	sasl.client.callback.handler.class = null
	sasl.jaas.config = null
	sasl.kerberos.kinit.cmd = /usr/bin/kinit
	sasl.kerberos.min.time.before.relogin = 60000
	sasl.kerberos.service.name = null
	sasl.kerberos.ticket.renew.jitter = 0.05
	sasl.kerberos.ticket.renew.window.factor = 0.8
	sasl.login.callback.handler.class = null
	sasl.login.class = null
	sasl.login.connect.timeout.ms = null
	sasl.login.read.timeout.ms = null
	sasl.login.refresh.buffer.seconds = 300
	sasl.login.refresh.min.period.seconds = 60
	sasl.login.refresh.window.factor = 0.8
	sasl.login.refresh.window.jitter = 0.05
	sasl.login.retry.backoff.max.ms = 10000
	sasl.login.retry.backoff.ms = 100
	sasl.mechanism = GSSAPI
	sasl.oauthbearer.clock.skew.seconds = 30
	sasl.oauthbearer.expected.audience = null
	sasl.oauthbearer.expected.issuer = null
	sasl.oauthbearer.header.urlencode = false
	sasl.oauthbearer.jwks.endpoint.refresh.ms = 3600000
	sasl.oauthbearer.jwks.endpoint.retry.backoff.max.ms = 10000
	sasl.oauthbearer.jwks.endpoint.retry.backoff.ms = 100
	sasl.oauthbearer.jwks.endpoint.url = null
	sasl.oauthbearer.scope.claim.name = scope
	sasl.oauthbearer.sub.claim.name = sub
	sasl.oauthbearer.token.endpoint.url = null
	security.protocol = PLAINTEXT
	security.providers = null
	send.buffer.bytes = 131072
	socket.connection.setup.timeout.max.ms = 30000
	socket.connection.setup.timeout.ms = 10000
	ssl.cipher.suites = null
	ssl.enabled.protocols = [TLSv1.2, TLSv1.3]
	ssl.endpoint.identification.algorithm = https
	ssl.engine.factory.class = null
	ssl.key.password = null
	ssl.keymanager.algorithm = SunX509
	ssl.keystore.certificate.chain = null
	ssl.keystore.key = null
	ssl.keystore.location = null
	ssl.keystore.password = null
	ssl.keystore.type = JKS
	ssl.protocol = TLSv1.3
	ssl.provider = null
	ssl.secure.random.implementation = null
	ssl.trustmanager.algorithm = PKIX
	ssl.truststore.certificates = null
	ssl.truststore.location = null
	ssl.truststore.password = null
	ssl.truststore.type = JKS
	transaction.timeout.ms = 60000
	transactional.id = null
	value.serializer = class io.apicurio.registry.serde.avro.AvroKafkaSerializer

2025-07-31 15:30:17,517 INFO  [org.apa.kaf.com.tel.int.KafkaMetricsCollector] (main) initializing Kafka metrics collector
2025-07-31 15:30:17,521 INFO  [org.apa.kaf.cli.pro.KafkaProducer] (main) [Producer clientId=Producer-topic-e96469d2_8418_452d_a3d0_e9b8d01b6a7a] Instantiated an idempotent producer.
2025-07-31 15:30:17,523 INFO  [org.apa.kaf.cli.pro.ProducerConfig] (main) These configurations '[apicurio.registry.url, apicurio.registry.artifact-resolver-strategy]' were supplied but are not used yet.
2025-07-31 15:30:17,523 INFO  [org.apa.kaf.com.uti.AppInfoParser] (main) Kafka version: 3.9.0
2025-07-31 15:30:17,523 INFO  [org.apa.kaf.com.uti.AppInfoParser] (main) Kafka commitId: 84caaa6e9da06435
2025-07-31 15:30:17,524 INFO  [org.apa.kaf.com.uti.AppInfoParser] (main) Kafka startTimeMs: 1753975817523
2025-07-31 15:30:17,525 INFO  [io.api.tes.ser.api.KafkaSerdesTester] (Thread-249) Sending message {"keyB": "value-0"} to topic topic-e96469d2_8418_452d_a3d0_e9b8d01b6a7a
2025-07-31 15:30:17,546 WARN  [org.apa.kaf.cli.NetworkClient] (kafka-producer-network-thread | Producer-topic-e96469d2_8418_452d_a3d0_e9b8d01b6a7a) [Producer clientId=Producer-topic-e96469d2_8418_452d_a3d0_e9b8d01b6a7a] The metadata response from the cluster reported a recoverable issue with correlation id 2 : {topic-e96469d2_8418_452d_a3d0_e9b8d01b6a7a=LEADER_NOT_AVAILABLE}
2025-07-31 15:30:17,547 INFO  [org.apa.kaf.cli.Metadata] (kafka-producer-network-thread | Producer-topic-e96469d2_8418_452d_a3d0_e9b8d01b6a7a) [Producer clientId=Producer-topic-e96469d2_8418_452d_a3d0_e9b8d01b6a7a] Cluster ID: BgnDnmd_Rn-oXa8M1ygsew
2025-07-31 15:30:17,547 INFO  [org.apa.kaf.cli.pro.int.TransactionManager] (kafka-producer-network-thread | Producer-topic-e96469d2_8418_452d_a3d0_e9b8d01b6a7a) [Producer clientId=Producer-topic-e96469d2_8418_452d_a3d0_e9b8d01b6a7a] ProducerId set to 22 with epoch 0
2025-07-31 15:30:17,658 INFO  [DefaultSchemaResolver] (Thread-249) Retrieving schema content using string: {"type":"record","name":"myrecord","namespace":"mygroup","fields":[{"name":"keyB","type":"string"}]}
2025-07-31 15:30:17,831 INFO  [org.apa.kaf.cli.pro.KafkaProducer] (Thread-249) [Producer clientId=Producer-topic-e96469d2_8418_452d_a3d0_e9b8d01b6a7a] Closing the Kafka producer with timeoutMillis = 9223372036854775807 ms.
2025-07-31 15:30:17,835 INFO  [org.apa.kaf.com.met.Metrics] (Thread-249) Metrics scheduler closed
2025-07-31 15:30:17,835 INFO  [org.apa.kaf.com.met.Metrics] (Thread-249) Closing reporter org.apache.kafka.common.metrics.JmxReporter
2025-07-31 15:30:17,835 INFO  [org.apa.kaf.com.met.Metrics] (Thread-249) Closing reporter org.apache.kafka.common.telemetry.internals.ClientTelemetryReporter
2025-07-31 15:30:17,835 INFO  [org.apa.kaf.com.met.Metrics] (Thread-249) Metrics reporters closed
2025-07-31 15:30:17,836 INFO  [org.apa.kaf.com.uti.AppInfoParser] (Thread-249) App info kafka.producer for Producer-topic-e96469d2_8418_452d_a3d0_e9b8d01b6a7a unregistered
2025-07-31 15:30:17,842 INFO  [org.ecl.jet.ser.Server] (main) Stopped Server@4bca8be2{STOPPING}[11.0.15,sto=1000]
2025-07-31 15:30:17,842 INFO  [org.ecl.jet.ser.Server] (main) Shutdown Server@4bca8be2{STOPPING}[11.0.15,sto=1000]
2025-07-31 15:30:17,845 INFO  [org.ecl.jet.ser.AbstractConnector] (main) Stopped NetworkTrafficServerConnector@734901c1{HTTP/1.1, (http/1.1, h2c)}{0.0.0.0:0}
2025-07-31 15:30:17,847 INFO  [org.ecl.jet.ser.han.ContextHandler] (main) Stopped o.e.j.s.ServletContextHandler@31ad368a{/,null,STOPPED}
2025-07-31 15:30:17,847 INFO  [org.ecl.jet.ser.han.ContextHandler] (main) Stopped o.e.j.s.ServletContextHandler@5b9ec0{/__admin,null,STOPPED}
2025-07-31 15:30:17,849 INFO  [io.api.tes.uti.TestSeparator] (main) io.apicurio.tests.serdes.apicurio.AvroSerdeIT.testFirstRequestFailsRateLimited-FINISHED
2025-07-31 15:30:17,849 INFO  [io.api.tes.uti.TestSeparator] (main) ############################################################################
]]></system-out>
    <system-err><![CDATA[com.microsoft.kiota.ApiException: the server returned an unexpected status code and no error class is registered for this code 429
	at com.microsoft.kiota.ApiExceptionBuilder.withMessage(ApiExceptionBuilder.java:45)
	at io.kiota.http.vertx.VertXRequestAdapter.throwIfFailedResponse(VertXRequestAdapter.java:370)
	at io.kiota.http.vertx.VertXRequestAdapter.send(VertXRequestAdapter.java:170)
	at io.apicurio.registry.rest.client.search.versions.VersionsRequestBuilder.post(VersionsRequestBuilder.java:94)
	at io.apicurio.registry.resolver.DefaultSchemaResolver.lambda$handleResolveSchemaByContent$5(DefaultSchemaResolver.java:276)
	at io.apicurio.registry.resolver.ERCache.lambda$getValue$0(ERCache.java:181)
	at io.apicurio.registry.resolver.ERCache.retry(ERCache.java:234)
	at io.apicurio.registry.resolver.ERCache.getValue(ERCache.java:180)
	at io.apicurio.registry.resolver.ERCache.getByContent(ERCache.java:154)
	at io.apicurio.registry.resolver.DefaultSchemaResolver.handleResolveSchemaByContent(DefaultSchemaResolver.java:269)
	at io.apicurio.registry.resolver.DefaultSchemaResolver.getSchemaFromRegistry(DefaultSchemaResolver.java:142)
	at io.apicurio.registry.resolver.DefaultSchemaResolver.lambda$resolveSchema$0(DefaultSchemaResolver.java:86)
	at java.base/java.util.Optional.orElseGet(Optional.java:364)
	at io.apicurio.registry.resolver.DefaultSchemaResolver.resolveSchema(DefaultSchemaResolver.java:86)
	at io.apicurio.registry.serde.AbstractSerializer.serializeData(AbstractSerializer.java:62)
	at io.apicurio.registry.serde.KafkaSerializer.serialize(KafkaSerializer.java:77)
	at org.apache.kafka.clients.producer.KafkaProducer.doSend(KafkaProducer.java:1046)
	at org.apache.kafka.clients.producer.KafkaProducer.send(KafkaProducer.java:993)
	at org.apache.kafka.clients.producer.KafkaProducer.send(KafkaProducer.java:875)
	at io.apicurio.tests.serdes.apicurio.KafkaSerdesTester.lambda$produceMessages$3(KafkaSerdesTester.java:138)
	at java.base/java.util.concurrent.CompletableFuture$AsyncSupply.run(CompletableFuture.java:1768)
	at java.base/java.lang.Thread.run(Thread.java:840)
]]></system-err>
  </testcase>
  <testcase name="testFirstEmptyFieldConfusedAsMagicByte" classname="io.apicurio.tests.serdes.apicurio.AvroSerdeIT" time="0.876">
    <system-out><![CDATA[2025-07-31 15:30:17,851 INFO  [io.api.tes.uti.TestSeparator] (main) ############################################################################
2025-07-31 15:30:17,851 INFO  [io.api.tes.uti.TestSeparator] (main) io.apicurio.tests.serdes.apicurio.AvroSerdeIT.testFirstEmptyFieldConfusedAsMagicByte-STARTED
2025-07-31 15:30:17,873 INFO  [org.apa.kaf.cli.pro.ProducerConfig] (main) ProducerConfig values: 
	acks = -1
	auto.include.jmx.reporter = true
	batch.size = 16384
	bootstrap.servers = [PLAINTEXT://localhost:32770]
	buffer.memory = 33554432
	client.dns.lookup = use_all_dns_ips
	client.id = Producer-topic-1fb7aad9_01a1_42bb_afcf_dee46678fd5a
	compression.gzip.level = -1
	compression.lz4.level = 9
	compression.type = none
	compression.zstd.level = 3
	connections.max.idle.ms = 10000
	delivery.timeout.ms = 120000
	enable.idempotence = true
	enable.metrics.push = true
	interceptor.classes = []
	key.serializer = class org.apache.kafka.common.serialization.StringSerializer
	linger.ms = 0
	max.block.ms = 60000
	max.in.flight.requests.per.connection = 5
	max.request.size = 1048576
	metadata.max.age.ms = 300000
	metadata.max.idle.ms = 300000
	metadata.recovery.strategy = none
	metric.reporters = []
	metrics.num.samples = 2
	metrics.recording.level = INFO
	metrics.sample.window.ms = 30000
	partitioner.adaptive.partitioning.enable = true
	partitioner.availability.timeout.ms = 0
	partitioner.class = null
	partitioner.ignore.keys = false
	receive.buffer.bytes = 32768
	reconnect.backoff.max.ms = 1000
	reconnect.backoff.ms = 50
	request.timeout.ms = 5000
	retries = 2147483647
	retry.backoff.max.ms = 1000
	retry.backoff.ms = 100
	sasl.client.callback.handler.class = null
	sasl.jaas.config = null
	sasl.kerberos.kinit.cmd = /usr/bin/kinit
	sasl.kerberos.min.time.before.relogin = 60000
	sasl.kerberos.service.name = null
	sasl.kerberos.ticket.renew.jitter = 0.05
	sasl.kerberos.ticket.renew.window.factor = 0.8
	sasl.login.callback.handler.class = null
	sasl.login.class = null
	sasl.login.connect.timeout.ms = null
	sasl.login.read.timeout.ms = null
	sasl.login.refresh.buffer.seconds = 300
	sasl.login.refresh.min.period.seconds = 60
	sasl.login.refresh.window.factor = 0.8
	sasl.login.refresh.window.jitter = 0.05
	sasl.login.retry.backoff.max.ms = 10000
	sasl.login.retry.backoff.ms = 100
	sasl.mechanism = GSSAPI
	sasl.oauthbearer.clock.skew.seconds = 30
	sasl.oauthbearer.expected.audience = null
	sasl.oauthbearer.expected.issuer = null
	sasl.oauthbearer.header.urlencode = false
	sasl.oauthbearer.jwks.endpoint.refresh.ms = 3600000
	sasl.oauthbearer.jwks.endpoint.retry.backoff.max.ms = 10000
	sasl.oauthbearer.jwks.endpoint.retry.backoff.ms = 100
	sasl.oauthbearer.jwks.endpoint.url = null
	sasl.oauthbearer.scope.claim.name = scope
	sasl.oauthbearer.sub.claim.name = sub
	sasl.oauthbearer.token.endpoint.url = null
	security.protocol = PLAINTEXT
	security.providers = null
	send.buffer.bytes = 131072
	socket.connection.setup.timeout.max.ms = 30000
	socket.connection.setup.timeout.ms = 10000
	ssl.cipher.suites = null
	ssl.enabled.protocols = [TLSv1.2, TLSv1.3]
	ssl.endpoint.identification.algorithm = https
	ssl.engine.factory.class = null
	ssl.key.password = null
	ssl.keymanager.algorithm = SunX509
	ssl.keystore.certificate.chain = null
	ssl.keystore.key = null
	ssl.keystore.location = null
	ssl.keystore.password = null
	ssl.keystore.type = JKS
	ssl.protocol = TLSv1.3
	ssl.provider = null
	ssl.secure.random.implementation = null
	ssl.trustmanager.algorithm = PKIX
	ssl.truststore.certificates = null
	ssl.truststore.location = null
	ssl.truststore.password = null
	ssl.truststore.type = JKS
	transaction.timeout.ms = 60000
	transactional.id = null
	value.serializer = class io.apicurio.registry.serde.avro.AvroKafkaSerializer

2025-07-31 15:30:17,874 INFO  [org.apa.kaf.com.tel.int.KafkaMetricsCollector] (main) initializing Kafka metrics collector
2025-07-31 15:30:17,894 INFO  [org.apa.kaf.cli.pro.KafkaProducer] (main) [Producer clientId=Producer-topic-1fb7aad9_01a1_42bb_afcf_dee46678fd5a] Instantiated an idempotent producer.
2025-07-31 15:30:17,904 INFO  [org.apa.kaf.cli.pro.ProducerConfig] (main) These configurations '[apicurio.registry.url, apicurio.registry.auto-register, apicurio.registry.artifact-resolver-strategy]' were supplied but are not used yet.
2025-07-31 15:30:17,904 INFO  [org.apa.kaf.com.uti.AppInfoParser] (main) Kafka version: 3.9.0
2025-07-31 15:30:17,904 INFO  [org.apa.kaf.com.uti.AppInfoParser] (main) Kafka commitId: 84caaa6e9da06435
2025-07-31 15:30:17,904 INFO  [org.apa.kaf.com.uti.AppInfoParser] (main) Kafka startTimeMs: 1753975817904
2025-07-31 15:30:17,904 INFO  [io.api.tes.ser.api.SimpleSerdesTesterBuilder$SimpleSerdesTester] (main) Using producer configuration: {apicurio.registry.url=http://registry-app-postgresql.apps.ci419.apicurio-testing.org:80/apis/registry/v3, apicurio.registry.auto-register=true, apicurio.registry.artifact-resolver-strategy=io.apicurio.registry.serde.strategy.SimpleTopicIdStrategy, value.serializer=io.apicurio.registry.serde.avro.AvroKafkaSerializer, request.timeout.ms=5000, acks=all, bootstrap.servers=PLAINTEXT://localhost:32770, connections.max.idle.ms=10000, key.serializer=org.apache.kafka.common.serialization.StringSerializer, client.id=Producer-topic-1fb7aad9_01a1_42bb_afcf_dee46678fd5a}
2025-07-31 15:30:17,904 INFO  [io.api.tes.ser.api.SimpleSerdesTesterBuilder$SimpleSerdesTester] (main) Using consumer configuration: {}
2025-07-31 15:30:17,908 INFO  [io.api.tes.ser.api.KafkaSerdesTester] (Thread-252) Sending message {"username": null} to topic topic-1fb7aad9_01a1_42bb_afcf_dee46678fd5a
2025-07-31 15:30:17,926 WARN  [org.apa.kaf.cli.NetworkClient] (kafka-producer-network-thread | Producer-topic-1fb7aad9_01a1_42bb_afcf_dee46678fd5a) [Producer clientId=Producer-topic-1fb7aad9_01a1_42bb_afcf_dee46678fd5a] The metadata response from the cluster reported a recoverable issue with correlation id 2 : {topic-1fb7aad9_01a1_42bb_afcf_dee46678fd5a=LEADER_NOT_AVAILABLE}
2025-07-31 15:30:17,926 INFO  [org.apa.kaf.cli.Metadata] (kafka-producer-network-thread | Producer-topic-1fb7aad9_01a1_42bb_afcf_dee46678fd5a) [Producer clientId=Producer-topic-1fb7aad9_01a1_42bb_afcf_dee46678fd5a] Cluster ID: BgnDnmd_Rn-oXa8M1ygsew
2025-07-31 15:30:17,930 INFO  [org.apa.kaf.cli.pro.int.TransactionManager] (kafka-producer-network-thread | Producer-topic-1fb7aad9_01a1_42bb_afcf_dee46678fd5a) [Producer clientId=Producer-topic-1fb7aad9_01a1_42bb_afcf_dee46678fd5a] ProducerId set to 23 with epoch 0
2025-07-31 15:30:18,094 INFO  [io.api.tes.ser.api.KafkaSerdesTester] (Thread-252) Sending message {"username": null} to topic topic-1fb7aad9_01a1_42bb_afcf_dee46678fd5a
2025-07-31 15:30:18,097 INFO  [io.api.tes.ser.api.KafkaSerdesTester] (Thread-252) Sending message {"username": "value-2"} to topic topic-1fb7aad9_01a1_42bb_afcf_dee46678fd5a
2025-07-31 15:30:18,099 INFO  [io.api.tes.ser.api.KafkaSerdesTester] (Thread-252) Sending message {"username": null} to topic topic-1fb7aad9_01a1_42bb_afcf_dee46678fd5a
2025-07-31 15:30:18,101 INFO  [io.api.tes.ser.api.KafkaSerdesTester] (Thread-252) Sending message {"username": "value-4"} to topic topic-1fb7aad9_01a1_42bb_afcf_dee46678fd5a
2025-07-31 15:30:18,103 INFO  [io.api.tes.ser.api.KafkaSerdesTester] (Thread-252) Sending message {"username": null} to topic topic-1fb7aad9_01a1_42bb_afcf_dee46678fd5a
2025-07-31 15:30:18,105 INFO  [io.api.tes.ser.api.KafkaSerdesTester] (Thread-252) Sending message {"username": "value-6"} to topic topic-1fb7aad9_01a1_42bb_afcf_dee46678fd5a
2025-07-31 15:30:18,108 INFO  [io.api.tes.ser.api.KafkaSerdesTester] (Thread-252) Sending message {"username": null} to topic topic-1fb7aad9_01a1_42bb_afcf_dee46678fd5a
2025-07-31 15:30:18,110 INFO  [io.api.tes.ser.api.KafkaSerdesTester] (Thread-252) Sending message {"username": "value-8"} to topic topic-1fb7aad9_01a1_42bb_afcf_dee46678fd5a
2025-07-31 15:30:18,111 INFO  [io.api.tes.ser.api.KafkaSerdesTester] (Thread-252) Sending message {"username": null} to topic topic-1fb7aad9_01a1_42bb_afcf_dee46678fd5a
2025-07-31 15:30:18,113 INFO  [io.api.tes.ser.api.KafkaSerdesTester] (Thread-252) Produced 10 messages
2025-07-31 15:30:18,113 INFO  [org.apa.kaf.cli.pro.KafkaProducer] (Thread-252) [Producer clientId=Producer-topic-1fb7aad9_01a1_42bb_afcf_dee46678fd5a] Closing the Kafka producer with timeoutMillis = 9223372036854775807 ms.
2025-07-31 15:30:18,115 INFO  [org.apa.kaf.com.met.Metrics] (Thread-252) Metrics scheduler closed
2025-07-31 15:30:18,115 INFO  [org.apa.kaf.com.met.Metrics] (Thread-252) Closing reporter org.apache.kafka.common.metrics.JmxReporter
2025-07-31 15:30:18,115 INFO  [org.apa.kaf.com.met.Metrics] (Thread-252) Closing reporter org.apache.kafka.common.telemetry.internals.ClientTelemetryReporter
2025-07-31 15:30:18,115 INFO  [org.apa.kaf.com.met.Metrics] (Thread-252) Metrics reporters closed
2025-07-31 15:30:18,116 INFO  [org.apa.kaf.com.uti.AppInfoParser] (Thread-252) App info kafka.producer for Producer-topic-1fb7aad9_01a1_42bb_afcf_dee46678fd5a unregistered
2025-07-31 15:30:18,144 INFO  [org.apa.kaf.cli.con.ConsumerConfig] (main) ConsumerConfig values: 
	allow.auto.create.topics = true
	auto.commit.interval.ms = 500
	auto.include.jmx.reporter = true
	auto.offset.reset = earliest
	bootstrap.servers = [PLAINTEXT://localhost:32770]
	check.crcs = true
	client.dns.lookup = use_all_dns_ips
	client.id = consumer-Consumer-topic-1fb7aad9_01a1_42bb_afcf_dee46678fd5a-17
	client.rack = 
	connections.max.idle.ms = 10000
	default.api.timeout.ms = 60000
	enable.auto.commit = true
	enable.metrics.push = true
	exclude.internal.topics = true
	fetch.max.bytes = 52428800
	fetch.max.wait.ms = 500
	fetch.min.bytes = 1
	group.id = Consumer-topic-1fb7aad9_01a1_42bb_afcf_dee46678fd5a
	group.instance.id = null
	group.protocol = classic
	group.remote.assignor = null
	heartbeat.interval.ms = 3000
	interceptor.classes = []
	internal.leave.group.on.close = true
	internal.throw.on.fetch.stable.offset.unsupported = false
	isolation.level = read_uncommitted
	key.deserializer = class org.apache.kafka.common.serialization.StringDeserializer
	max.partition.fetch.bytes = 1048576
	max.poll.interval.ms = 300000
	max.poll.records = 500
	metadata.max.age.ms = 300000
	metadata.recovery.strategy = none
	metric.reporters = []
	metrics.num.samples = 2
	metrics.recording.level = INFO
	metrics.sample.window.ms = 30000
	partition.assignment.strategy = [class org.apache.kafka.clients.consumer.RangeAssignor, class org.apache.kafka.clients.consumer.CooperativeStickyAssignor]
	receive.buffer.bytes = 65536
	reconnect.backoff.max.ms = 1000
	reconnect.backoff.ms = 50
	request.timeout.ms = 5000
	retry.backoff.max.ms = 1000
	retry.backoff.ms = 100
	sasl.client.callback.handler.class = null
	sasl.jaas.config = null
	sasl.kerberos.kinit.cmd = /usr/bin/kinit
	sasl.kerberos.min.time.before.relogin = 60000
	sasl.kerberos.service.name = null
	sasl.kerberos.ticket.renew.jitter = 0.05
	sasl.kerberos.ticket.renew.window.factor = 0.8
	sasl.login.callback.handler.class = null
	sasl.login.class = null
	sasl.login.connect.timeout.ms = null
	sasl.login.read.timeout.ms = null
	sasl.login.refresh.buffer.seconds = 300
	sasl.login.refresh.min.period.seconds = 60
	sasl.login.refresh.window.factor = 0.8
	sasl.login.refresh.window.jitter = 0.05
	sasl.login.retry.backoff.max.ms = 10000
	sasl.login.retry.backoff.ms = 100
	sasl.mechanism = GSSAPI
	sasl.oauthbearer.clock.skew.seconds = 30
	sasl.oauthbearer.expected.audience = null
	sasl.oauthbearer.expected.issuer = null
	sasl.oauthbearer.header.urlencode = false
	sasl.oauthbearer.jwks.endpoint.refresh.ms = 3600000
	sasl.oauthbearer.jwks.endpoint.retry.backoff.max.ms = 10000
	sasl.oauthbearer.jwks.endpoint.retry.backoff.ms = 100
	sasl.oauthbearer.jwks.endpoint.url = null
	sasl.oauthbearer.scope.claim.name = scope
	sasl.oauthbearer.sub.claim.name = sub
	sasl.oauthbearer.token.endpoint.url = null
	security.protocol = PLAINTEXT
	security.providers = null
	send.buffer.bytes = 131072
	session.timeout.ms = 45000
	socket.connection.setup.timeout.max.ms = 30000
	socket.connection.setup.timeout.ms = 10000
	ssl.cipher.suites = null
	ssl.enabled.protocols = [TLSv1.2, TLSv1.3]
	ssl.endpoint.identification.algorithm = https
	ssl.engine.factory.class = null
	ssl.key.password = null
	ssl.keymanager.algorithm = SunX509
	ssl.keystore.certificate.chain = null
	ssl.keystore.key = null
	ssl.keystore.location = null
	ssl.keystore.password = null
	ssl.keystore.type = JKS
	ssl.protocol = TLSv1.3
	ssl.provider = null
	ssl.secure.random.implementation = null
	ssl.trustmanager.algorithm = PKIX
	ssl.truststore.certificates = null
	ssl.truststore.location = null
	ssl.truststore.password = null
	ssl.truststore.type = JKS
	value.deserializer = class io.apicurio.registry.serde.avro.AvroKafkaDeserializer

2025-07-31 15:30:18,144 INFO  [org.apa.kaf.com.tel.int.KafkaMetricsCollector] (main) initializing Kafka metrics collector
2025-07-31 15:30:18,149 INFO  [org.apa.kaf.cli.con.ConsumerConfig] (main) These configurations '[apicurio.registry.url]' were supplied but are not used yet.
2025-07-31 15:30:18,150 INFO  [org.apa.kaf.com.uti.AppInfoParser] (main) Kafka version: 3.9.0
2025-07-31 15:30:18,150 INFO  [org.apa.kaf.com.uti.AppInfoParser] (main) Kafka commitId: 84caaa6e9da06435
2025-07-31 15:30:18,150 INFO  [org.apa.kaf.com.uti.AppInfoParser] (main) Kafka startTimeMs: 1753975818150
2025-07-31 15:30:18,150 INFO  [org.apa.kaf.cli.con.int.ClassicKafkaConsumer] (Thread-255) [Consumer clientId=consumer-Consumer-topic-1fb7aad9_01a1_42bb_afcf_dee46678fd5a-17, groupId=Consumer-topic-1fb7aad9_01a1_42bb_afcf_dee46678fd5a] Subscribed to topic(s): topic-1fb7aad9_01a1_42bb_afcf_dee46678fd5a
2025-07-31 15:30:18,154 INFO  [org.apa.kaf.cli.Metadata] (Thread-255) [Consumer clientId=consumer-Consumer-topic-1fb7aad9_01a1_42bb_afcf_dee46678fd5a-17, groupId=Consumer-topic-1fb7aad9_01a1_42bb_afcf_dee46678fd5a] Cluster ID: BgnDnmd_Rn-oXa8M1ygsew
2025-07-31 15:30:18,154 INFO  [org.apa.kaf.cli.con.int.ConsumerCoordinator] (Thread-255) [Consumer clientId=consumer-Consumer-topic-1fb7aad9_01a1_42bb_afcf_dee46678fd5a-17, groupId=Consumer-topic-1fb7aad9_01a1_42bb_afcf_dee46678fd5a] Discovered group coordinator localhost:32770 (id: 2147483647 rack: null)
2025-07-31 15:30:18,155 INFO  [org.apa.kaf.cli.con.int.ConsumerCoordinator] (Thread-255) [Consumer clientId=consumer-Consumer-topic-1fb7aad9_01a1_42bb_afcf_dee46678fd5a-17, groupId=Consumer-topic-1fb7aad9_01a1_42bb_afcf_dee46678fd5a] (Re-)joining group
2025-07-31 15:30:18,158 INFO  [org.apa.kaf.cli.con.int.ConsumerCoordinator] (Thread-255) [Consumer clientId=consumer-Consumer-topic-1fb7aad9_01a1_42bb_afcf_dee46678fd5a-17, groupId=Consumer-topic-1fb7aad9_01a1_42bb_afcf_dee46678fd5a] Request joining group due to: need to re-join with the given member-id: consumer-Consumer-topic-1fb7aad9_01a1_42bb_afcf_dee46678fd5a-17-58d727f8-fbd5-4ceb-bef2-3bdaf1134e4c
2025-07-31 15:30:18,158 INFO  [org.apa.kaf.cli.con.int.ConsumerCoordinator] (Thread-255) [Consumer clientId=consumer-Consumer-topic-1fb7aad9_01a1_42bb_afcf_dee46678fd5a-17, groupId=Consumer-topic-1fb7aad9_01a1_42bb_afcf_dee46678fd5a] (Re-)joining group
2025-07-31 15:30:18,160 INFO  [org.apa.kaf.cli.con.int.ConsumerCoordinator] (Thread-255) [Consumer clientId=consumer-Consumer-topic-1fb7aad9_01a1_42bb_afcf_dee46678fd5a-17, groupId=Consumer-topic-1fb7aad9_01a1_42bb_afcf_dee46678fd5a] Successfully joined group with generation Generation{generationId=1, memberId='consumer-Consumer-topic-1fb7aad9_01a1_42bb_afcf_dee46678fd5a-17-58d727f8-fbd5-4ceb-bef2-3bdaf1134e4c', protocol='range'}
2025-07-31 15:30:18,161 INFO  [org.apa.kaf.cli.con.int.ConsumerCoordinator] (Thread-255) [Consumer clientId=consumer-Consumer-topic-1fb7aad9_01a1_42bb_afcf_dee46678fd5a-17, groupId=Consumer-topic-1fb7aad9_01a1_42bb_afcf_dee46678fd5a] Finished assignment for group at generation 1: {consumer-Consumer-topic-1fb7aad9_01a1_42bb_afcf_dee46678fd5a-17-58d727f8-fbd5-4ceb-bef2-3bdaf1134e4c=Assignment(partitions=[topic-1fb7aad9_01a1_42bb_afcf_dee46678fd5a-0])}
2025-07-31 15:30:18,163 INFO  [org.apa.kaf.cli.con.int.ConsumerCoordinator] (Thread-255) [Consumer clientId=consumer-Consumer-topic-1fb7aad9_01a1_42bb_afcf_dee46678fd5a-17, groupId=Consumer-topic-1fb7aad9_01a1_42bb_afcf_dee46678fd5a] Successfully synced group in generation Generation{generationId=1, memberId='consumer-Consumer-topic-1fb7aad9_01a1_42bb_afcf_dee46678fd5a-17-58d727f8-fbd5-4ceb-bef2-3bdaf1134e4c', protocol='range'}
2025-07-31 15:30:18,163 INFO  [org.apa.kaf.cli.con.int.ConsumerCoordinator] (Thread-255) [Consumer clientId=consumer-Consumer-topic-1fb7aad9_01a1_42bb_afcf_dee46678fd5a-17, groupId=Consumer-topic-1fb7aad9_01a1_42bb_afcf_dee46678fd5a] Notifying assignor about the new Assignment(partitions=[topic-1fb7aad9_01a1_42bb_afcf_dee46678fd5a-0])
2025-07-31 15:30:18,163 INFO  [org.apa.kaf.cli.con.int.ConsumerRebalanceListenerInvoker] (Thread-255) [Consumer clientId=consumer-Consumer-topic-1fb7aad9_01a1_42bb_afcf_dee46678fd5a-17, groupId=Consumer-topic-1fb7aad9_01a1_42bb_afcf_dee46678fd5a] Adding newly assigned partitions: topic-1fb7aad9_01a1_42bb_afcf_dee46678fd5a-0
2025-07-31 15:30:18,165 INFO  [org.apa.kaf.cli.con.int.ConsumerCoordinator] (Thread-255) [Consumer clientId=consumer-Consumer-topic-1fb7aad9_01a1_42bb_afcf_dee46678fd5a-17, groupId=Consumer-topic-1fb7aad9_01a1_42bb_afcf_dee46678fd5a] Found no committed offset for partition topic-1fb7aad9_01a1_42bb_afcf_dee46678fd5a-0
2025-07-31 15:30:18,174 INFO  [org.apa.kaf.cli.con.int.SubscriptionState] (Thread-255) [Consumer clientId=consumer-Consumer-topic-1fb7aad9_01a1_42bb_afcf_dee46678fd5a-17, groupId=Consumer-topic-1fb7aad9_01a1_42bb_afcf_dee46678fd5a] Resetting offset for partition topic-1fb7aad9_01a1_42bb_afcf_dee46678fd5a-0 to position FetchPosition{offset=0, offsetEpoch=Optional.empty, currentLeader=LeaderAndEpoch{leader=Optional[localhost:32770 (id: 0 rack: null)], epoch=0}}.
2025-07-31 15:30:18,220 INFO  [io.api.tes.ser.api.KafkaSerdesTester] (Thread-255) topic-1fb7aad9_01a1_42bb_afcf_dee46678fd5a 0 0 {"username": null}
2025-07-31 15:30:18,221 INFO  [io.api.tes.ser.api.KafkaSerdesTester] (Thread-255) topic-1fb7aad9_01a1_42bb_afcf_dee46678fd5a 0 1 {"username": null}
2025-07-31 15:30:18,221 INFO  [io.api.tes.ser.api.KafkaSerdesTester] (Thread-255) topic-1fb7aad9_01a1_42bb_afcf_dee46678fd5a 0 2 {"username": "value-2"}
2025-07-31 15:30:18,221 INFO  [io.api.tes.ser.api.KafkaSerdesTester] (Thread-255) topic-1fb7aad9_01a1_42bb_afcf_dee46678fd5a 0 3 {"username": null}
2025-07-31 15:30:18,221 INFO  [io.api.tes.ser.api.KafkaSerdesTester] (Thread-255) topic-1fb7aad9_01a1_42bb_afcf_dee46678fd5a 0 4 {"username": "value-4"}
2025-07-31 15:30:18,221 INFO  [io.api.tes.ser.api.KafkaSerdesTester] (Thread-255) topic-1fb7aad9_01a1_42bb_afcf_dee46678fd5a 0 5 {"username": null}
2025-07-31 15:30:18,221 INFO  [io.api.tes.ser.api.KafkaSerdesTester] (Thread-255) topic-1fb7aad9_01a1_42bb_afcf_dee46678fd5a 0 6 {"username": "value-6"}
2025-07-31 15:30:18,221 INFO  [io.api.tes.ser.api.KafkaSerdesTester] (Thread-255) topic-1fb7aad9_01a1_42bb_afcf_dee46678fd5a 0 7 {"username": null}
2025-07-31 15:30:18,222 INFO  [io.api.tes.ser.api.KafkaSerdesTester] (Thread-255) topic-1fb7aad9_01a1_42bb_afcf_dee46678fd5a 0 8 {"username": "value-8"}
2025-07-31 15:30:18,222 INFO  [io.api.tes.ser.api.KafkaSerdesTester] (Thread-255) topic-1fb7aad9_01a1_42bb_afcf_dee46678fd5a 0 9 {"username": null}
2025-07-31 15:30:18,222 INFO  [io.api.tes.ser.api.KafkaSerdesTester] (Thread-255) Consumed 10 messages
2025-07-31 15:30:18,224 INFO  [org.apa.kaf.cli.con.int.ConsumerRebalanceListenerInvoker] (Thread-255) [Consumer clientId=consumer-Consumer-topic-1fb7aad9_01a1_42bb_afcf_dee46678fd5a-17, groupId=Consumer-topic-1fb7aad9_01a1_42bb_afcf_dee46678fd5a] Revoke previously assigned partitions topic-1fb7aad9_01a1_42bb_afcf_dee46678fd5a-0
2025-07-31 15:30:18,224 INFO  [org.apa.kaf.cli.con.int.ConsumerCoordinator] (Thread-255) [Consumer clientId=consumer-Consumer-topic-1fb7aad9_01a1_42bb_afcf_dee46678fd5a-17, groupId=Consumer-topic-1fb7aad9_01a1_42bb_afcf_dee46678fd5a] Member consumer-Consumer-topic-1fb7aad9_01a1_42bb_afcf_dee46678fd5a-17-58d727f8-fbd5-4ceb-bef2-3bdaf1134e4c sending LeaveGroup request to coordinator localhost:32770 (id: 2147483647 rack: null) due to the consumer is being closed
2025-07-31 15:30:18,224 INFO  [org.apa.kaf.cli.con.int.ConsumerCoordinator] (Thread-255) [Consumer clientId=consumer-Consumer-topic-1fb7aad9_01a1_42bb_afcf_dee46678fd5a-17, groupId=Consumer-topic-1fb7aad9_01a1_42bb_afcf_dee46678fd5a] Resetting generation and member id due to: consumer pro-actively leaving the group
2025-07-31 15:30:18,224 INFO  [org.apa.kaf.cli.con.int.ConsumerCoordinator] (Thread-255) [Consumer clientId=consumer-Consumer-topic-1fb7aad9_01a1_42bb_afcf_dee46678fd5a-17, groupId=Consumer-topic-1fb7aad9_01a1_42bb_afcf_dee46678fd5a] Request joining group due to: consumer pro-actively leaving the group
2025-07-31 15:30:18,722 INFO  [org.apa.kaf.com.met.Metrics] (Thread-255) Metrics scheduler closed
2025-07-31 15:30:18,722 INFO  [org.apa.kaf.com.met.Metrics] (Thread-255) Closing reporter org.apache.kafka.common.metrics.JmxReporter
2025-07-31 15:30:18,722 INFO  [org.apa.kaf.com.met.Metrics] (Thread-255) Closing reporter org.apache.kafka.common.telemetry.internals.ClientTelemetryReporter
2025-07-31 15:30:18,722 INFO  [org.apa.kaf.com.met.Metrics] (Thread-255) Metrics reporters closed
2025-07-31 15:30:18,725 INFO  [org.apa.kaf.com.uti.AppInfoParser] (Thread-255) App info kafka.consumer for consumer-Consumer-topic-1fb7aad9_01a1_42bb_afcf_dee46678fd5a-17 unregistered
2025-07-31 15:30:18,726 INFO  [io.api.tes.uti.TestSeparator] (main) io.apicurio.tests.serdes.apicurio.AvroSerdeIT.testFirstEmptyFieldConfusedAsMagicByte-FINISHED
2025-07-31 15:30:18,726 INFO  [io.api.tes.uti.TestSeparator] (main) ############################################################################
]]></system-out>
  </testcase>
  <testcase name="testAvroSerDesFailDifferentSchemaByContent" classname="io.apicurio.tests.serdes.apicurio.AvroSerdeIT" time="1.112">
    <system-out><![CDATA[2025-07-31 15:30:18,730 INFO  [io.api.tes.uti.TestSeparator] (main) ############################################################################
2025-07-31 15:30:18,730 INFO  [io.api.tes.uti.TestSeparator] (main) io.apicurio.tests.serdes.apicurio.AvroSerdeIT.testAvroSerDesFailDifferentSchemaByContent-STARTED
2025-07-31 15:30:19,787 INFO  [org.apa.kaf.cli.pro.ProducerConfig] (main) ProducerConfig values: 
	acks = -1
	auto.include.jmx.reporter = true
	batch.size = 16384
	bootstrap.servers = [PLAINTEXT://localhost:32770]
	buffer.memory = 33554432
	client.dns.lookup = use_all_dns_ips
	client.id = Producer-topic-9e0981fa_d8ca_41a5_9c64_fce5eba680fc
	compression.gzip.level = -1
	compression.lz4.level = 9
	compression.type = none
	compression.zstd.level = 3
	connections.max.idle.ms = 10000
	delivery.timeout.ms = 120000
	enable.idempotence = true
	enable.metrics.push = true
	interceptor.classes = []
	key.serializer = class org.apache.kafka.common.serialization.StringSerializer
	linger.ms = 0
	max.block.ms = 60000
	max.in.flight.requests.per.connection = 5
	max.request.size = 1048576
	metadata.max.age.ms = 300000
	metadata.max.idle.ms = 300000
	metadata.recovery.strategy = none
	metric.reporters = []
	metrics.num.samples = 2
	metrics.recording.level = INFO
	metrics.sample.window.ms = 30000
	partitioner.adaptive.partitioning.enable = true
	partitioner.availability.timeout.ms = 0
	partitioner.class = null
	partitioner.ignore.keys = false
	receive.buffer.bytes = 32768
	reconnect.backoff.max.ms = 1000
	reconnect.backoff.ms = 50
	request.timeout.ms = 5000
	retries = 2147483647
	retry.backoff.max.ms = 1000
	retry.backoff.ms = 100
	sasl.client.callback.handler.class = null
	sasl.jaas.config = null
	sasl.kerberos.kinit.cmd = /usr/bin/kinit
	sasl.kerberos.min.time.before.relogin = 60000
	sasl.kerberos.service.name = null
	sasl.kerberos.ticket.renew.jitter = 0.05
	sasl.kerberos.ticket.renew.window.factor = 0.8
	sasl.login.callback.handler.class = null
	sasl.login.class = null
	sasl.login.connect.timeout.ms = null
	sasl.login.read.timeout.ms = null
	sasl.login.refresh.buffer.seconds = 300
	sasl.login.refresh.min.period.seconds = 60
	sasl.login.refresh.window.factor = 0.8
	sasl.login.refresh.window.jitter = 0.05
	sasl.login.retry.backoff.max.ms = 10000
	sasl.login.retry.backoff.ms = 100
	sasl.mechanism = GSSAPI
	sasl.oauthbearer.clock.skew.seconds = 30
	sasl.oauthbearer.expected.audience = null
	sasl.oauthbearer.expected.issuer = null
	sasl.oauthbearer.header.urlencode = false
	sasl.oauthbearer.jwks.endpoint.refresh.ms = 3600000
	sasl.oauthbearer.jwks.endpoint.retry.backoff.max.ms = 10000
	sasl.oauthbearer.jwks.endpoint.retry.backoff.ms = 100
	sasl.oauthbearer.jwks.endpoint.url = null
	sasl.oauthbearer.scope.claim.name = scope
	sasl.oauthbearer.sub.claim.name = sub
	sasl.oauthbearer.token.endpoint.url = null
	security.protocol = PLAINTEXT
	security.providers = null
	send.buffer.bytes = 131072
	socket.connection.setup.timeout.max.ms = 30000
	socket.connection.setup.timeout.ms = 10000
	ssl.cipher.suites = null
	ssl.enabled.protocols = [TLSv1.2, TLSv1.3]
	ssl.endpoint.identification.algorithm = https
	ssl.engine.factory.class = null
	ssl.key.password = null
	ssl.keymanager.algorithm = SunX509
	ssl.keystore.certificate.chain = null
	ssl.keystore.key = null
	ssl.keystore.location = null
	ssl.keystore.password = null
	ssl.keystore.type = JKS
	ssl.protocol = TLSv1.3
	ssl.provider = null
	ssl.secure.random.implementation = null
	ssl.trustmanager.algorithm = PKIX
	ssl.truststore.certificates = null
	ssl.truststore.location = null
	ssl.truststore.password = null
	ssl.truststore.type = JKS
	transaction.timeout.ms = 60000
	transactional.id = null
	value.serializer = class io.apicurio.registry.serde.avro.AvroKafkaSerializer

2025-07-31 15:30:19,787 INFO  [org.apa.kaf.com.tel.int.KafkaMetricsCollector] (main) initializing Kafka metrics collector
2025-07-31 15:30:19,793 INFO  [org.apa.kaf.cli.pro.KafkaProducer] (main) [Producer clientId=Producer-topic-9e0981fa_d8ca_41a5_9c64_fce5eba680fc] Instantiated an idempotent producer.
2025-07-31 15:30:19,795 INFO  [org.apa.kaf.cli.pro.ProducerConfig] (main) These configurations '[apicurio.registry.url, apicurio.registry.artifact-resolver-strategy]' were supplied but are not used yet.
2025-07-31 15:30:19,795 INFO  [org.apa.kaf.com.uti.AppInfoParser] (main) Kafka version: 3.9.0
2025-07-31 15:30:19,795 INFO  [org.apa.kaf.com.uti.AppInfoParser] (main) Kafka commitId: 84caaa6e9da06435
2025-07-31 15:30:19,795 INFO  [org.apa.kaf.com.uti.AppInfoParser] (main) Kafka startTimeMs: 1753975819795
2025-07-31 15:30:19,797 INFO  [io.api.tes.ser.api.KafkaSerdesTester] (Thread-258) Sending message {"keyB": "value-0"} to topic topic-9e0981fa_d8ca_41a5_9c64_fce5eba680fc
2025-07-31 15:30:19,800 INFO  [org.apa.kaf.cli.Metadata] (kafka-producer-network-thread | Producer-topic-9e0981fa_d8ca_41a5_9c64_fce5eba680fc) [Producer clientId=Producer-topic-9e0981fa_d8ca_41a5_9c64_fce5eba680fc] Cluster ID: BgnDnmd_Rn-oXa8M1ygsew
2025-07-31 15:30:19,800 INFO  [DefaultSchemaResolver] (Thread-258) Retrieving schema content using string: {"type":"record","name":"se1b43014x5203x45a4x8faex9316ed2805af","namespace":"sc3cc256bx9e61x4828x8818xfad12105a7cf","fields":[{"name":"keyB","type":"string"}]}
2025-07-31 15:30:19,801 INFO  [org.apa.kaf.cli.pro.int.TransactionManager] (kafka-producer-network-thread | Producer-topic-9e0981fa_d8ca_41a5_9c64_fce5eba680fc) [Producer clientId=Producer-topic-9e0981fa_d8ca_41a5_9c64_fce5eba680fc] ProducerId set to 24 with epoch 0
2025-07-31 15:30:19,837 INFO  [org.apa.kaf.cli.pro.KafkaProducer] (Thread-258) [Producer clientId=Producer-topic-9e0981fa_d8ca_41a5_9c64_fce5eba680fc] Closing the Kafka producer with timeoutMillis = 9223372036854775807 ms.
2025-07-31 15:30:19,839 INFO  [org.apa.kaf.com.met.Metrics] (Thread-258) Metrics scheduler closed
2025-07-31 15:30:19,839 INFO  [org.apa.kaf.com.met.Metrics] (Thread-258) Closing reporter org.apache.kafka.common.metrics.JmxReporter
2025-07-31 15:30:19,839 INFO  [org.apa.kaf.com.met.Metrics] (Thread-258) Closing reporter org.apache.kafka.common.telemetry.internals.ClientTelemetryReporter
2025-07-31 15:30:19,840 INFO  [org.apa.kaf.com.met.Metrics] (Thread-258) Metrics reporters closed
2025-07-31 15:30:19,840 INFO  [org.apa.kaf.com.uti.AppInfoParser] (Thread-258) App info kafka.producer for Producer-topic-9e0981fa_d8ca_41a5_9c64_fce5eba680fc unregistered
2025-07-31 15:30:19,840 INFO  [io.api.tes.uti.TestSeparator] (main) io.apicurio.tests.serdes.apicurio.AvroSerdeIT.testAvroSerDesFailDifferentSchemaByContent-FINISHED
2025-07-31 15:30:19,840 INFO  [io.api.tes.uti.TestSeparator] (main) ############################################################################
]]></system-out>
    <system-err><![CDATA[java.lang.RuntimeException: Could not resolve artifact reference by content: {"type":"record","name":"se1b43014x5203x45a4x8faex9316ed2805af","namespace":"sc3cc256bx9e61x4828x8818xfad12105a7cf","fields":[{"name":"keyB","type":"string"}]}&ArtifactReference [groupId=sc3cc256bx9e61x4828x8818xfad12105a7cf, artifactId=se1b43014x5203x45a4x8faex9316ed2805af, version=null, globalId=null, contentId=null, contentHash=null]
	at io.apicurio.registry.resolver.DefaultSchemaResolver.lambda$handleResolveSchemaByContent$5(DefaultSchemaResolver.java:300)
	at io.apicurio.registry.resolver.ERCache.lambda$getValue$0(ERCache.java:181)
	at io.apicurio.registry.resolver.ERCache.retry(ERCache.java:234)
	at io.apicurio.registry.resolver.ERCache.getValue(ERCache.java:180)
	at io.apicurio.registry.resolver.ERCache.getByContent(ERCache.java:154)
	at io.apicurio.registry.resolver.DefaultSchemaResolver.handleResolveSchemaByContent(DefaultSchemaResolver.java:269)
	at io.apicurio.registry.resolver.DefaultSchemaResolver.getSchemaFromRegistry(DefaultSchemaResolver.java:142)
	at io.apicurio.registry.resolver.DefaultSchemaResolver.lambda$resolveSchema$0(DefaultSchemaResolver.java:86)
	at java.base/java.util.Optional.orElseGet(Optional.java:364)
	at io.apicurio.registry.resolver.DefaultSchemaResolver.resolveSchema(DefaultSchemaResolver.java:86)
	at io.apicurio.registry.serde.AbstractSerializer.serializeData(AbstractSerializer.java:62)
	at io.apicurio.registry.serde.KafkaSerializer.serialize(KafkaSerializer.java:77)
	at org.apache.kafka.clients.producer.KafkaProducer.doSend(KafkaProducer.java:1046)
	at org.apache.kafka.clients.producer.KafkaProducer.send(KafkaProducer.java:993)
	at org.apache.kafka.clients.producer.KafkaProducer.send(KafkaProducer.java:875)
	at io.apicurio.tests.serdes.apicurio.KafkaSerdesTester.lambda$produceMessages$3(KafkaSerdesTester.java:138)
	at java.base/java.util.concurrent.CompletableFuture$AsyncSupply.run(CompletableFuture.java:1768)
	at java.base/java.lang.Thread.run(Thread.java:840)
]]></system-err>
  </testcase>
  <testcase name="testGlobalIdInBody" classname="io.apicurio.tests.serdes.apicurio.AvroSerdeIT" time="0.869">
    <system-out><![CDATA[2025-07-31 15:30:19,842 INFO  [io.api.tes.uti.TestSeparator] (main) ############################################################################
2025-07-31 15:30:19,842 INFO  [io.api.tes.uti.TestSeparator] (main) io.apicurio.tests.serdes.apicurio.AvroSerdeIT.testGlobalIdInBody-STARTED
2025-07-31 15:30:19,851 INFO  [org.apa.kaf.cli.pro.ProducerConfig] (main) ProducerConfig values: 
	acks = -1
	auto.include.jmx.reporter = true
	batch.size = 16384
	bootstrap.servers = [PLAINTEXT://localhost:32770]
	buffer.memory = 33554432
	client.dns.lookup = use_all_dns_ips
	client.id = Producer-topic-bfb27097_d2d8_4b70_9bdc_0e9dacfba95e
	compression.gzip.level = -1
	compression.lz4.level = 9
	compression.type = none
	compression.zstd.level = 3
	connections.max.idle.ms = 10000
	delivery.timeout.ms = 120000
	enable.idempotence = true
	enable.metrics.push = true
	interceptor.classes = []
	key.serializer = class org.apache.kafka.common.serialization.StringSerializer
	linger.ms = 0
	max.block.ms = 60000
	max.in.flight.requests.per.connection = 5
	max.request.size = 1048576
	metadata.max.age.ms = 300000
	metadata.max.idle.ms = 300000
	metadata.recovery.strategy = none
	metric.reporters = []
	metrics.num.samples = 2
	metrics.recording.level = INFO
	metrics.sample.window.ms = 30000
	partitioner.adaptive.partitioning.enable = true
	partitioner.availability.timeout.ms = 0
	partitioner.class = null
	partitioner.ignore.keys = false
	receive.buffer.bytes = 32768
	reconnect.backoff.max.ms = 1000
	reconnect.backoff.ms = 50
	request.timeout.ms = 5000
	retries = 2147483647
	retry.backoff.max.ms = 1000
	retry.backoff.ms = 100
	sasl.client.callback.handler.class = null
	sasl.jaas.config = null
	sasl.kerberos.kinit.cmd = /usr/bin/kinit
	sasl.kerberos.min.time.before.relogin = 60000
	sasl.kerberos.service.name = null
	sasl.kerberos.ticket.renew.jitter = 0.05
	sasl.kerberos.ticket.renew.window.factor = 0.8
	sasl.login.callback.handler.class = null
	sasl.login.class = null
	sasl.login.connect.timeout.ms = null
	sasl.login.read.timeout.ms = null
	sasl.login.refresh.buffer.seconds = 300
	sasl.login.refresh.min.period.seconds = 60
	sasl.login.refresh.window.factor = 0.8
	sasl.login.refresh.window.jitter = 0.05
	sasl.login.retry.backoff.max.ms = 10000
	sasl.login.retry.backoff.ms = 100
	sasl.mechanism = GSSAPI
	sasl.oauthbearer.clock.skew.seconds = 30
	sasl.oauthbearer.expected.audience = null
	sasl.oauthbearer.expected.issuer = null
	sasl.oauthbearer.header.urlencode = false
	sasl.oauthbearer.jwks.endpoint.refresh.ms = 3600000
	sasl.oauthbearer.jwks.endpoint.retry.backoff.max.ms = 10000
	sasl.oauthbearer.jwks.endpoint.retry.backoff.ms = 100
	sasl.oauthbearer.jwks.endpoint.url = null
	sasl.oauthbearer.scope.claim.name = scope
	sasl.oauthbearer.sub.claim.name = sub
	sasl.oauthbearer.token.endpoint.url = null
	security.protocol = PLAINTEXT
	security.providers = null
	send.buffer.bytes = 131072
	socket.connection.setup.timeout.max.ms = 30000
	socket.connection.setup.timeout.ms = 10000
	ssl.cipher.suites = null
	ssl.enabled.protocols = [TLSv1.2, TLSv1.3]
	ssl.endpoint.identification.algorithm = https
	ssl.engine.factory.class = null
	ssl.key.password = null
	ssl.keymanager.algorithm = SunX509
	ssl.keystore.certificate.chain = null
	ssl.keystore.key = null
	ssl.keystore.location = null
	ssl.keystore.password = null
	ssl.keystore.type = JKS
	ssl.protocol = TLSv1.3
	ssl.provider = null
	ssl.secure.random.implementation = null
	ssl.trustmanager.algorithm = PKIX
	ssl.truststore.certificates = null
	ssl.truststore.location = null
	ssl.truststore.password = null
	ssl.truststore.type = JKS
	transaction.timeout.ms = 60000
	transactional.id = null
	value.serializer = class io.apicurio.registry.serde.avro.AvroKafkaSerializer

2025-07-31 15:30:19,851 INFO  [org.apa.kaf.com.tel.int.KafkaMetricsCollector] (main) initializing Kafka metrics collector
2025-07-31 15:30:19,869 INFO  [org.apa.kaf.cli.pro.KafkaProducer] (main) [Producer clientId=Producer-topic-bfb27097_d2d8_4b70_9bdc_0e9dacfba95e] Instantiated an idempotent producer.
2025-07-31 15:30:19,879 INFO  [org.apa.kaf.cli.pro.ProducerConfig] (main) These configurations '[apicurio.registry.url, apicurio.registry.auto-register, apicurio.registry.use-id, apicurio.registry.artifact-resolver-strategy]' were supplied but are not used yet.
2025-07-31 15:30:19,879 INFO  [org.apa.kaf.com.uti.AppInfoParser] (main) Kafka version: 3.9.0
2025-07-31 15:30:19,879 INFO  [org.apa.kaf.com.uti.AppInfoParser] (main) Kafka commitId: 84caaa6e9da06435
2025-07-31 15:30:19,879 INFO  [org.apa.kaf.com.uti.AppInfoParser] (main) Kafka startTimeMs: 1753975819879
2025-07-31 15:30:19,879 INFO  [io.api.tes.ser.api.SimpleSerdesTesterBuilder$SimpleSerdesTester] (main) Using producer configuration: {apicurio.registry.url=http://registry-app-postgresql.apps.ci419.apicurio-testing.org:80/apis/registry/v3, apicurio.registry.auto-register=true, apicurio.registry.use-id=globalId, apicurio.registry.artifact-resolver-strategy=io.apicurio.registry.serde.strategy.TopicIdStrategy, value.serializer=io.apicurio.registry.serde.avro.AvroKafkaSerializer, request.timeout.ms=5000, acks=all, bootstrap.servers=PLAINTEXT://localhost:32770, connections.max.idle.ms=10000, key.serializer=org.apache.kafka.common.serialization.StringSerializer, client.id=Producer-topic-bfb27097_d2d8_4b70_9bdc_0e9dacfba95e}
2025-07-31 15:30:19,879 INFO  [io.api.tes.ser.api.SimpleSerdesTesterBuilder$SimpleSerdesTester] (main) Using consumer configuration: {apicurio.registry.use-id=globalId}
2025-07-31 15:30:19,882 INFO  [io.api.tes.ser.api.KafkaSerdesTester] (Thread-261) Sending message {"key11753975819842": "value-0"} to topic topic-bfb27097_d2d8_4b70_9bdc_0e9dacfba95e
2025-07-31 15:30:19,896 WARN  [org.apa.kaf.cli.NetworkClient] (kafka-producer-network-thread | Producer-topic-bfb27097_d2d8_4b70_9bdc_0e9dacfba95e) [Producer clientId=Producer-topic-bfb27097_d2d8_4b70_9bdc_0e9dacfba95e] The metadata response from the cluster reported a recoverable issue with correlation id 2 : {topic-bfb27097_d2d8_4b70_9bdc_0e9dacfba95e=LEADER_NOT_AVAILABLE}
2025-07-31 15:30:19,896 INFO  [org.apa.kaf.cli.Metadata] (kafka-producer-network-thread | Producer-topic-bfb27097_d2d8_4b70_9bdc_0e9dacfba95e) [Producer clientId=Producer-topic-bfb27097_d2d8_4b70_9bdc_0e9dacfba95e] Cluster ID: BgnDnmd_Rn-oXa8M1ygsew
2025-07-31 15:30:19,897 INFO  [org.apa.kaf.cli.pro.int.TransactionManager] (kafka-producer-network-thread | Producer-topic-bfb27097_d2d8_4b70_9bdc_0e9dacfba95e) [Producer clientId=Producer-topic-bfb27097_d2d8_4b70_9bdc_0e9dacfba95e] ProducerId set to 25 with epoch 0
2025-07-31 15:30:20,062 INFO  [io.api.tes.ser.api.KafkaSerdesTester] (Thread-261) Sending message {"key11753975819842": "value-1"} to topic topic-bfb27097_d2d8_4b70_9bdc_0e9dacfba95e
2025-07-31 15:30:20,065 INFO  [io.api.tes.ser.api.KafkaSerdesTester] (Thread-261) Sending message {"key11753975819842": "value-2"} to topic topic-bfb27097_d2d8_4b70_9bdc_0e9dacfba95e
2025-07-31 15:30:20,070 INFO  [io.api.tes.ser.api.KafkaSerdesTester] (Thread-261) Sending message {"key11753975819842": "value-3"} to topic topic-bfb27097_d2d8_4b70_9bdc_0e9dacfba95e
2025-07-31 15:30:20,075 INFO  [io.api.tes.ser.api.KafkaSerdesTester] (Thread-261) Sending message {"key11753975819842": "value-4"} to topic topic-bfb27097_d2d8_4b70_9bdc_0e9dacfba95e
2025-07-31 15:30:20,077 INFO  [io.api.tes.ser.api.KafkaSerdesTester] (Thread-261) Sending message {"key11753975819842": "value-5"} to topic topic-bfb27097_d2d8_4b70_9bdc_0e9dacfba95e
2025-07-31 15:30:20,082 INFO  [io.api.tes.ser.api.KafkaSerdesTester] (Thread-261) Sending message {"key11753975819842": "value-6"} to topic topic-bfb27097_d2d8_4b70_9bdc_0e9dacfba95e
2025-07-31 15:30:20,084 INFO  [io.api.tes.ser.api.KafkaSerdesTester] (Thread-261) Sending message {"key11753975819842": "value-7"} to topic topic-bfb27097_d2d8_4b70_9bdc_0e9dacfba95e
2025-07-31 15:30:20,088 INFO  [io.api.tes.ser.api.KafkaSerdesTester] (Thread-261) Sending message {"key11753975819842": "value-8"} to topic topic-bfb27097_d2d8_4b70_9bdc_0e9dacfba95e
2025-07-31 15:30:20,090 INFO  [io.api.tes.ser.api.KafkaSerdesTester] (Thread-261) Sending message {"key11753975819842": "value-9"} to topic topic-bfb27097_d2d8_4b70_9bdc_0e9dacfba95e
2025-07-31 15:30:20,091 INFO  [io.api.tes.ser.api.KafkaSerdesTester] (Thread-261) Produced 10 messages
2025-07-31 15:30:20,091 INFO  [org.apa.kaf.cli.pro.KafkaProducer] (Thread-261) [Producer clientId=Producer-topic-bfb27097_d2d8_4b70_9bdc_0e9dacfba95e] Closing the Kafka producer with timeoutMillis = 9223372036854775807 ms.
2025-07-31 15:30:20,094 INFO  [org.apa.kaf.com.met.Metrics] (Thread-261) Metrics scheduler closed
2025-07-31 15:30:20,094 INFO  [org.apa.kaf.com.met.Metrics] (Thread-261) Closing reporter org.apache.kafka.common.metrics.JmxReporter
2025-07-31 15:30:20,094 INFO  [org.apa.kaf.com.met.Metrics] (Thread-261) Closing reporter org.apache.kafka.common.telemetry.internals.ClientTelemetryReporter
2025-07-31 15:30:20,094 INFO  [org.apa.kaf.com.met.Metrics] (Thread-261) Metrics reporters closed
2025-07-31 15:30:20,094 INFO  [org.apa.kaf.com.uti.AppInfoParser] (Thread-261) App info kafka.producer for Producer-topic-bfb27097_d2d8_4b70_9bdc_0e9dacfba95e unregistered
2025-07-31 15:30:20,120 INFO  [org.apa.kaf.cli.con.ConsumerConfig] (main) ConsumerConfig values: 
	allow.auto.create.topics = true
	auto.commit.interval.ms = 500
	auto.include.jmx.reporter = true
	auto.offset.reset = earliest
	bootstrap.servers = [PLAINTEXT://localhost:32770]
	check.crcs = true
	client.dns.lookup = use_all_dns_ips
	client.id = consumer-Consumer-topic-bfb27097_d2d8_4b70_9bdc_0e9dacfba95e-18
	client.rack = 
	connections.max.idle.ms = 10000
	default.api.timeout.ms = 60000
	enable.auto.commit = true
	enable.metrics.push = true
	exclude.internal.topics = true
	fetch.max.bytes = 52428800
	fetch.max.wait.ms = 500
	fetch.min.bytes = 1
	group.id = Consumer-topic-bfb27097_d2d8_4b70_9bdc_0e9dacfba95e
	group.instance.id = null
	group.protocol = classic
	group.remote.assignor = null
	heartbeat.interval.ms = 3000
	interceptor.classes = []
	internal.leave.group.on.close = true
	internal.throw.on.fetch.stable.offset.unsupported = false
	isolation.level = read_uncommitted
	key.deserializer = class org.apache.kafka.common.serialization.StringDeserializer
	max.partition.fetch.bytes = 1048576
	max.poll.interval.ms = 300000
	max.poll.records = 500
	metadata.max.age.ms = 300000
	metadata.recovery.strategy = none
	metric.reporters = []
	metrics.num.samples = 2
	metrics.recording.level = INFO
	metrics.sample.window.ms = 30000
	partition.assignment.strategy = [class org.apache.kafka.clients.consumer.RangeAssignor, class org.apache.kafka.clients.consumer.CooperativeStickyAssignor]
	receive.buffer.bytes = 65536
	reconnect.backoff.max.ms = 1000
	reconnect.backoff.ms = 50
	request.timeout.ms = 5000
	retry.backoff.max.ms = 1000
	retry.backoff.ms = 100
	sasl.client.callback.handler.class = null
	sasl.jaas.config = null
	sasl.kerberos.kinit.cmd = /usr/bin/kinit
	sasl.kerberos.min.time.before.relogin = 60000
	sasl.kerberos.service.name = null
	sasl.kerberos.ticket.renew.jitter = 0.05
	sasl.kerberos.ticket.renew.window.factor = 0.8
	sasl.login.callback.handler.class = null
	sasl.login.class = null
	sasl.login.connect.timeout.ms = null
	sasl.login.read.timeout.ms = null
	sasl.login.refresh.buffer.seconds = 300
	sasl.login.refresh.min.period.seconds = 60
	sasl.login.refresh.window.factor = 0.8
	sasl.login.refresh.window.jitter = 0.05
	sasl.login.retry.backoff.max.ms = 10000
	sasl.login.retry.backoff.ms = 100
	sasl.mechanism = GSSAPI
	sasl.oauthbearer.clock.skew.seconds = 30
	sasl.oauthbearer.expected.audience = null
	sasl.oauthbearer.expected.issuer = null
	sasl.oauthbearer.header.urlencode = false
	sasl.oauthbearer.jwks.endpoint.refresh.ms = 3600000
	sasl.oauthbearer.jwks.endpoint.retry.backoff.max.ms = 10000
	sasl.oauthbearer.jwks.endpoint.retry.backoff.ms = 100
	sasl.oauthbearer.jwks.endpoint.url = null
	sasl.oauthbearer.scope.claim.name = scope
	sasl.oauthbearer.sub.claim.name = sub
	sasl.oauthbearer.token.endpoint.url = null
	security.protocol = PLAINTEXT
	security.providers = null
	send.buffer.bytes = 131072
	session.timeout.ms = 45000
	socket.connection.setup.timeout.max.ms = 30000
	socket.connection.setup.timeout.ms = 10000
	ssl.cipher.suites = null
	ssl.enabled.protocols = [TLSv1.2, TLSv1.3]
	ssl.endpoint.identification.algorithm = https
	ssl.engine.factory.class = null
	ssl.key.password = null
	ssl.keymanager.algorithm = SunX509
	ssl.keystore.certificate.chain = null
	ssl.keystore.key = null
	ssl.keystore.location = null
	ssl.keystore.password = null
	ssl.keystore.type = JKS
	ssl.protocol = TLSv1.3
	ssl.provider = null
	ssl.secure.random.implementation = null
	ssl.trustmanager.algorithm = PKIX
	ssl.truststore.certificates = null
	ssl.truststore.location = null
	ssl.truststore.password = null
	ssl.truststore.type = JKS
	value.deserializer = class io.apicurio.registry.serde.avro.AvroKafkaDeserializer

2025-07-31 15:30:20,121 INFO  [org.apa.kaf.com.tel.int.KafkaMetricsCollector] (main) initializing Kafka metrics collector
2025-07-31 15:30:20,126 INFO  [org.apa.kaf.cli.con.ConsumerConfig] (main) These configurations '[apicurio.registry.url, apicurio.registry.use-id]' were supplied but are not used yet.
2025-07-31 15:30:20,126 INFO  [org.apa.kaf.com.uti.AppInfoParser] (main) Kafka version: 3.9.0
2025-07-31 15:30:20,126 INFO  [org.apa.kaf.com.uti.AppInfoParser] (main) Kafka commitId: 84caaa6e9da06435
2025-07-31 15:30:20,126 INFO  [org.apa.kaf.com.uti.AppInfoParser] (main) Kafka startTimeMs: 1753975820126
2025-07-31 15:30:20,126 INFO  [org.apa.kaf.cli.con.int.ClassicKafkaConsumer] (Thread-264) [Consumer clientId=consumer-Consumer-topic-bfb27097_d2d8_4b70_9bdc_0e9dacfba95e-18, groupId=Consumer-topic-bfb27097_d2d8_4b70_9bdc_0e9dacfba95e] Subscribed to topic(s): topic-bfb27097_d2d8_4b70_9bdc_0e9dacfba95e
2025-07-31 15:30:20,131 INFO  [org.apa.kaf.cli.Metadata] (Thread-264) [Consumer clientId=consumer-Consumer-topic-bfb27097_d2d8_4b70_9bdc_0e9dacfba95e-18, groupId=Consumer-topic-bfb27097_d2d8_4b70_9bdc_0e9dacfba95e] Cluster ID: BgnDnmd_Rn-oXa8M1ygsew
2025-07-31 15:30:20,132 INFO  [org.apa.kaf.cli.con.int.ConsumerCoordinator] (Thread-264) [Consumer clientId=consumer-Consumer-topic-bfb27097_d2d8_4b70_9bdc_0e9dacfba95e-18, groupId=Consumer-topic-bfb27097_d2d8_4b70_9bdc_0e9dacfba95e] Discovered group coordinator localhost:32770 (id: 2147483647 rack: null)
2025-07-31 15:30:20,134 INFO  [org.apa.kaf.cli.con.int.ConsumerCoordinator] (Thread-264) [Consumer clientId=consumer-Consumer-topic-bfb27097_d2d8_4b70_9bdc_0e9dacfba95e-18, groupId=Consumer-topic-bfb27097_d2d8_4b70_9bdc_0e9dacfba95e] (Re-)joining group
2025-07-31 15:30:20,137 INFO  [org.apa.kaf.cli.con.int.ConsumerCoordinator] (Thread-264) [Consumer clientId=consumer-Consumer-topic-bfb27097_d2d8_4b70_9bdc_0e9dacfba95e-18, groupId=Consumer-topic-bfb27097_d2d8_4b70_9bdc_0e9dacfba95e] Request joining group due to: need to re-join with the given member-id: consumer-Consumer-topic-bfb27097_d2d8_4b70_9bdc_0e9dacfba95e-18-ef3a24ed-517e-4e5d-bb09-58e28fe291f7
2025-07-31 15:30:20,137 INFO  [org.apa.kaf.cli.con.int.ConsumerCoordinator] (Thread-264) [Consumer clientId=consumer-Consumer-topic-bfb27097_d2d8_4b70_9bdc_0e9dacfba95e-18, groupId=Consumer-topic-bfb27097_d2d8_4b70_9bdc_0e9dacfba95e] (Re-)joining group
2025-07-31 15:30:20,141 INFO  [org.apa.kaf.cli.con.int.ConsumerCoordinator] (Thread-264) [Consumer clientId=consumer-Consumer-topic-bfb27097_d2d8_4b70_9bdc_0e9dacfba95e-18, groupId=Consumer-topic-bfb27097_d2d8_4b70_9bdc_0e9dacfba95e] Successfully joined group with generation Generation{generationId=1, memberId='consumer-Consumer-topic-bfb27097_d2d8_4b70_9bdc_0e9dacfba95e-18-ef3a24ed-517e-4e5d-bb09-58e28fe291f7', protocol='range'}
2025-07-31 15:30:20,141 INFO  [org.apa.kaf.cli.con.int.ConsumerCoordinator] (Thread-264) [Consumer clientId=consumer-Consumer-topic-bfb27097_d2d8_4b70_9bdc_0e9dacfba95e-18, groupId=Consumer-topic-bfb27097_d2d8_4b70_9bdc_0e9dacfba95e] Finished assignment for group at generation 1: {consumer-Consumer-topic-bfb27097_d2d8_4b70_9bdc_0e9dacfba95e-18-ef3a24ed-517e-4e5d-bb09-58e28fe291f7=Assignment(partitions=[topic-bfb27097_d2d8_4b70_9bdc_0e9dacfba95e-0])}
2025-07-31 15:30:20,147 INFO  [org.apa.kaf.cli.con.int.ConsumerCoordinator] (Thread-264) [Consumer clientId=consumer-Consumer-topic-bfb27097_d2d8_4b70_9bdc_0e9dacfba95e-18, groupId=Consumer-topic-bfb27097_d2d8_4b70_9bdc_0e9dacfba95e] Successfully synced group in generation Generation{generationId=1, memberId='consumer-Consumer-topic-bfb27097_d2d8_4b70_9bdc_0e9dacfba95e-18-ef3a24ed-517e-4e5d-bb09-58e28fe291f7', protocol='range'}
2025-07-31 15:30:20,147 INFO  [org.apa.kaf.cli.con.int.ConsumerCoordinator] (Thread-264) [Consumer clientId=consumer-Consumer-topic-bfb27097_d2d8_4b70_9bdc_0e9dacfba95e-18, groupId=Consumer-topic-bfb27097_d2d8_4b70_9bdc_0e9dacfba95e] Notifying assignor about the new Assignment(partitions=[topic-bfb27097_d2d8_4b70_9bdc_0e9dacfba95e-0])
2025-07-31 15:30:20,147 INFO  [org.apa.kaf.cli.con.int.ConsumerRebalanceListenerInvoker] (Thread-264) [Consumer clientId=consumer-Consumer-topic-bfb27097_d2d8_4b70_9bdc_0e9dacfba95e-18, groupId=Consumer-topic-bfb27097_d2d8_4b70_9bdc_0e9dacfba95e] Adding newly assigned partitions: topic-bfb27097_d2d8_4b70_9bdc_0e9dacfba95e-0
2025-07-31 15:30:20,149 INFO  [org.apa.kaf.cli.con.int.ConsumerCoordinator] (Thread-264) [Consumer clientId=consumer-Consumer-topic-bfb27097_d2d8_4b70_9bdc_0e9dacfba95e-18, groupId=Consumer-topic-bfb27097_d2d8_4b70_9bdc_0e9dacfba95e] Found no committed offset for partition topic-bfb27097_d2d8_4b70_9bdc_0e9dacfba95e-0
2025-07-31 15:30:20,157 INFO  [org.apa.kaf.cli.con.int.SubscriptionState] (Thread-264) [Consumer clientId=consumer-Consumer-topic-bfb27097_d2d8_4b70_9bdc_0e9dacfba95e-18, groupId=Consumer-topic-bfb27097_d2d8_4b70_9bdc_0e9dacfba95e] Resetting offset for partition topic-bfb27097_d2d8_4b70_9bdc_0e9dacfba95e-0 to position FetchPosition{offset=0, offsetEpoch=Optional.empty, currentLeader=LeaderAndEpoch{leader=Optional[localhost:32770 (id: 0 rack: null)], epoch=0}}.
2025-07-31 15:30:20,205 INFO  [io.api.tes.ser.api.KafkaSerdesTester] (Thread-264) topic-bfb27097_d2d8_4b70_9bdc_0e9dacfba95e 0 0 {"key11753975819842": "value-0"}
2025-07-31 15:30:20,205 INFO  [io.api.tes.ser.api.KafkaSerdesTester] (Thread-264) topic-bfb27097_d2d8_4b70_9bdc_0e9dacfba95e 0 1 {"key11753975819842": "value-1"}
2025-07-31 15:30:20,205 INFO  [io.api.tes.ser.api.KafkaSerdesTester] (Thread-264) topic-bfb27097_d2d8_4b70_9bdc_0e9dacfba95e 0 2 {"key11753975819842": "value-2"}
2025-07-31 15:30:20,205 INFO  [io.api.tes.ser.api.KafkaSerdesTester] (Thread-264) topic-bfb27097_d2d8_4b70_9bdc_0e9dacfba95e 0 3 {"key11753975819842": "value-3"}
2025-07-31 15:30:20,205 INFO  [io.api.tes.ser.api.KafkaSerdesTester] (Thread-264) topic-bfb27097_d2d8_4b70_9bdc_0e9dacfba95e 0 4 {"key11753975819842": "value-4"}
2025-07-31 15:30:20,205 INFO  [io.api.tes.ser.api.KafkaSerdesTester] (Thread-264) topic-bfb27097_d2d8_4b70_9bdc_0e9dacfba95e 0 5 {"key11753975819842": "value-5"}
2025-07-31 15:30:20,205 INFO  [io.api.tes.ser.api.KafkaSerdesTester] (Thread-264) topic-bfb27097_d2d8_4b70_9bdc_0e9dacfba95e 0 6 {"key11753975819842": "value-6"}
2025-07-31 15:30:20,205 INFO  [io.api.tes.ser.api.KafkaSerdesTester] (Thread-264) topic-bfb27097_d2d8_4b70_9bdc_0e9dacfba95e 0 7 {"key11753975819842": "value-7"}
2025-07-31 15:30:20,205 INFO  [io.api.tes.ser.api.KafkaSerdesTester] (Thread-264) topic-bfb27097_d2d8_4b70_9bdc_0e9dacfba95e 0 8 {"key11753975819842": "value-8"}
2025-07-31 15:30:20,205 INFO  [io.api.tes.ser.api.KafkaSerdesTester] (Thread-264) topic-bfb27097_d2d8_4b70_9bdc_0e9dacfba95e 0 9 {"key11753975819842": "value-9"}
2025-07-31 15:30:20,205 INFO  [io.api.tes.ser.api.KafkaSerdesTester] (Thread-264) Consumed 10 messages
2025-07-31 15:30:20,208 INFO  [org.apa.kaf.cli.con.int.ConsumerRebalanceListenerInvoker] (Thread-264) [Consumer clientId=consumer-Consumer-topic-bfb27097_d2d8_4b70_9bdc_0e9dacfba95e-18, groupId=Consumer-topic-bfb27097_d2d8_4b70_9bdc_0e9dacfba95e] Revoke previously assigned partitions topic-bfb27097_d2d8_4b70_9bdc_0e9dacfba95e-0
2025-07-31 15:30:20,208 INFO  [org.apa.kaf.cli.con.int.ConsumerCoordinator] (Thread-264) [Consumer clientId=consumer-Consumer-topic-bfb27097_d2d8_4b70_9bdc_0e9dacfba95e-18, groupId=Consumer-topic-bfb27097_d2d8_4b70_9bdc_0e9dacfba95e] Member consumer-Consumer-topic-bfb27097_d2d8_4b70_9bdc_0e9dacfba95e-18-ef3a24ed-517e-4e5d-bb09-58e28fe291f7 sending LeaveGroup request to coordinator localhost:32770 (id: 2147483647 rack: null) due to the consumer is being closed
2025-07-31 15:30:20,208 INFO  [org.apa.kaf.cli.con.int.ConsumerCoordinator] (Thread-264) [Consumer clientId=consumer-Consumer-topic-bfb27097_d2d8_4b70_9bdc_0e9dacfba95e-18, groupId=Consumer-topic-bfb27097_d2d8_4b70_9bdc_0e9dacfba95e] Resetting generation and member id due to: consumer pro-actively leaving the group
2025-07-31 15:30:20,208 INFO  [org.apa.kaf.cli.con.int.ConsumerCoordinator] (Thread-264) [Consumer clientId=consumer-Consumer-topic-bfb27097_d2d8_4b70_9bdc_0e9dacfba95e-18, groupId=Consumer-topic-bfb27097_d2d8_4b70_9bdc_0e9dacfba95e] Request joining group due to: consumer pro-actively leaving the group
2025-07-31 15:30:20,705 INFO  [org.apa.kaf.com.met.Metrics] (Thread-264) Metrics scheduler closed
2025-07-31 15:30:20,705 INFO  [org.apa.kaf.com.met.Metrics] (Thread-264) Closing reporter org.apache.kafka.common.metrics.JmxReporter
2025-07-31 15:30:20,705 INFO  [org.apa.kaf.com.met.Metrics] (Thread-264) Closing reporter org.apache.kafka.common.telemetry.internals.ClientTelemetryReporter
2025-07-31 15:30:20,705 INFO  [org.apa.kaf.com.met.Metrics] (Thread-264) Metrics reporters closed
2025-07-31 15:30:20,708 INFO  [org.apa.kaf.com.uti.AppInfoParser] (Thread-264) App info kafka.consumer for consumer-Consumer-topic-bfb27097_d2d8_4b70_9bdc_0e9dacfba95e-18 unregistered
2025-07-31 15:30:20,709 INFO  [io.api.tes.uti.TestSeparator] (main) io.apicurio.tests.serdes.apicurio.AvroSerdeIT.testGlobalIdInBody-FINISHED
2025-07-31 15:30:20,709 INFO  [io.api.tes.uti.TestSeparator] (main) ############################################################################
]]></system-out>
  </testcase>
  <testcase name="testProducerUsesGlobalIdConsumerUsesDefault" classname="io.apicurio.tests.serdes.apicurio.AvroSerdeIT" time="0.0">
    <skipped message="void io.apicurio.tests.serdes.apicurio.AvroSerdeIT.testProducerUsesGlobalIdConsumerUsesDefault() throws java.lang.Exception is @Disabled"/>
  </testcase>
</testsuite>