<?xml version="1.0" encoding="UTF-8"?>
<testsuite xmlns:xsi="http://www.w3.org/2001/XMLSchema-instance" xsi:noNamespaceSchemaLocation="https://maven.apache.org/surefire/maven-failsafe-plugin/xsd/failsafe-test-report.xsd" version="3.0.2" name="io.apicurio.tests.serdes.confluent.BasicConfluentSerDesIT" time="10.742" tests="8" errors="0" skipped="0" failures="0">
  <properties>
    <property name="java.specification.version" value="17"/>
    <property name="sun.jnu.encoding" value="UTF-8"/>
    <property name="java.class.path" value="/home/runner/work/apicurio-testing/apicurio-testing/clusters/ci419/namespaces/postgresql/tests/integration/apicurio-registry/integration-tests/target/test-classes:/home/runner/work/apicurio-testing/apicurio-testing/clusters/ci419/namespaces/postgresql/tests/integration/apicurio-registry/integration-tests/target/apicurio-registry-integration-tests-3.0.9.jar:/home/runner/.m2/repository/io/quarkus/quarkus-junit5/3.15.4/quarkus-junit5-3.15.4.jar:/home/runner/.m2/repository/io/quarkus/quarkus-bootstrap-core/3.15.4/quarkus-bootstrap-core-3.15.4.jar:/home/runner/.m2/repository/io/quarkus/quarkus-classloader-commons/3.15.4/quarkus-classloader-commons-3.15.4.jar:/home/runner/.m2/repository/io/quarkus/quarkus-bootstrap-app-model/3.15.4/quarkus-bootstrap-app-model-3.15.4.jar:/home/runner/.m2/repository/io/smallrye/common/smallrye-common-io/2.6.1/smallrye-common-io-2.6.1.jar:/home/runner/.m2/repository/org/eclipse/sisu/org.eclipse.sisu.inject/0.9.0.M3/org.eclipse.sisu.inject-0.9.0.M3.jar:/home/runner/.m2/repository/io/quarkus/quarkus-test-common/3.15.4/quarkus-test-common-3.15.4.jar:/home/runner/.m2/repository/io/quarkus/quarkus-core-deployment/3.15.4/quarkus-core-deployment-3.15.4.jar:/home/runner/.m2/repository/org/aesh/readline/2.6/readline-2.6.jar:/home/runner/.m2/repository/org/fusesource/jansi/jansi/2.4.0/jansi-2.4.0.jar:/home/runner/.m2/repository/org/aesh/aesh/2.8.2/aesh-2.8.2.jar:/home/runner/.m2/repository/io/quarkus/gizmo/gizmo/1.8.0/gizmo-1.8.0.jar:/home/runner/.m2/repository/org/ow2/asm/asm-util/9.7/asm-util-9.7.jar:/home/runner/.m2/repository/org/ow2/asm/asm-analysis/9.7/asm-analysis-9.7.jar:/home/runner/.m2/repository/org/ow2/asm/asm-commons/9.7/asm-commons-9.7.jar:/home/runner/.m2/repository/org/ow2/asm/asm-tree/9.7/asm-tree-9.7.jar:/home/runner/.m2/repository/io/quarkus/quarkus-hibernate-validator-spi/3.15.4/quarkus-hibernate-validator-spi-3.15.4.jar:/home/runner/.m2/repository/io/quarkus/quarkus-class-change-agent/3.15.4/quarkus-class-change-agent-3.15.4.jar:/home/runner/.m2/repository/io/quarkus/quarkus-devtools-utilities/3.15.4/quarkus-devtools-utilities-3.15.4.jar:/home/runner/.m2/repository/io/quarkus/quarkus-builder/3.15.4/quarkus-builder-3.15.4.jar:/home/runner/.m2/repository/org/graalvm/sdk/nativeimage/23.1.2/nativeimage-23.1.2.jar:/home/runner/.m2/repository/org/graalvm/sdk/word/23.1.2/word-23.1.2.jar:/home/runner/.m2/repository/io/quarkus/quarkus-bootstrap-maven-resolver/3.15.4/quarkus-bootstrap-maven-resolver-3.15.4.jar:/home/runner/.m2/repository/io/smallrye/beanbag/smallrye-beanbag-maven/1.5.2/smallrye-beanbag-maven-1.5.2.jar:/home/runner/.m2/repository/io/smallrye/beanbag/smallrye-beanbag-sisu/1.5.2/smallrye-beanbag-sisu-1.5.2.jar:/home/runner/.m2/repository/io/smallrye/beanbag/smallrye-beanbag/1.5.2/smallrye-beanbag-1.5.2.jar:/home/runner/.m2/repository/javax/inject/javax.inject/1/javax.inject-1.jar:/home/runner/.m2/repository/org/apache/maven/maven-artifact/3.9.8/maven-artifact-3.9.8.jar:/home/runner/.m2/repository/org/apache/maven/maven-builder-support/3.9.8/maven-builder-support-3.9.8.jar:/home/runner/.m2/repository/org/apache/maven/maven-model/3.9.8/maven-model-3.9.8.jar:/home/runner/.m2/repository/org/apache/maven/maven-model-builder/3.9.8/maven-model-builder-3.9.8.jar:/home/runner/.m2/repository/org/apache/maven/maven-repository-metadata/3.9.8/maven-repository-metadata-3.9.8.jar:/home/runner/.m2/repository/org/apache/maven/maven-settings/3.9.8/maven-settings-3.9.8.jar:/home/runner/.m2/repository/org/apache/maven/resolver/maven-resolver-api/1.9.22/maven-resolver-api-1.9.22.jar:/home/runner/.m2/repository/org/apache/maven/resolver/maven-resolver-impl/1.9.22/maven-resolver-impl-1.9.22.jar:/home/runner/.m2/repository/org/apache/maven/resolver/maven-resolver-named-locks/1.9.22/maven-resolver-named-locks-1.9.22.jar:/home/runner/.m2/repository/org/apache/maven/resolver/maven-resolver-spi/1.9.22/maven-resolver-spi-1.9.22.jar:/home/runner/.m2/repository/org/apache/maven/resolver/maven-resolver-util/1.9.22/maven-resolver-util-1.9.22.jar:/home/runner/.m2/repository/org/apache/maven/resolver/maven-resolver-transport-http/1.9.20/maven-resolver-transport-http-1.9.20.jar:/home/runner/.m2/repository/org/apache/maven/wagon/wagon-provider-api/3.5.3/wagon-provider-api-3.5.3.jar:/home/runner/.m2/repository/org/apache/maven/wagon/wagon-http-shared/3.5.3/wagon-http-shared-3.5.3.jar:/home/runner/.m2/repository/org/codehaus/plexus/plexus-interpolation/1.26/plexus-interpolation-1.26.jar:/home/runner/.m2/repository/org/codehaus/plexus/plexus-utils/3.5.1/plexus-utils-3.5.1.jar:/home/runner/.m2/repository/org/codehaus/plexus/plexus-xml/4.0.1/plexus-xml-4.0.1.jar:/home/runner/.m2/repository/org/apache/maven/maven-xml-impl/4.0.0-alpha-5/maven-xml-impl-4.0.0-alpha-5.jar:/home/runner/.m2/repository/org/apache/maven/maven-api-xml/4.0.0-alpha-5/maven-api-xml-4.0.0-alpha-5.jar:/home/runner/.m2/repository/org/apache/maven/maven-api-meta/4.0.0-alpha-5/maven-api-meta-4.0.0-alpha-5.jar:/home/runner/.m2/repository/org/codehaus/plexus/plexus-cipher/2.0/plexus-cipher-2.0.jar:/home/runner/.m2/repository/org/codehaus/plexus/plexus-sec-dispatcher/2.0/plexus-sec-dispatcher-2.0.jar:/home/runner/.m2/repository/org/apache/maven/maven-embedder/3.9.8/maven-embedder-3.9.8.jar:/home/runner/.m2/repository/org/apache/maven/maven-core/3.9.8/maven-core-3.9.8.jar:/home/runner/.m2/repository/org/codehaus/plexus/plexus-component-annotations/2.1.0/plexus-component-annotations-2.1.0.jar:/home/runner/.m2/repository/org/apache/maven/maven-plugin-api/3.9.8/maven-plugin-api-3.9.8.jar:/home/runner/.m2/repository/org/apache/maven/shared/maven-shared-utils/3.4.2/maven-shared-utils-3.4.2.jar:/home/runner/.m2/repository/com/google/inject/guice/5.1.0/guice-5.1.0.jar:/home/runner/.m2/repository/aopalliance/aopalliance/1.0/aopalliance-1.0.jar:/home/runner/.m2/repository/javax/annotation/javax.annotation-api/1.3.2/javax.annotation-api-1.3.2.jar:/home/runner/.m2/repository/org/codehaus/plexus/plexus-classworlds/2.6.0/plexus-classworlds-2.6.0.jar:/home/runner/.m2/repository/commons-cli/commons-cli/1.8.0/commons-cli-1.8.0.jar:/home/runner/.m2/repository/org/eclipse/sisu/org.eclipse.sisu.plexus/0.9.0.M3/org.eclipse.sisu.plexus-0.9.0.M3.jar:/home/runner/.m2/repository/org/apache/maven/maven-settings-builder/3.9.8/maven-settings-builder-3.9.8.jar:/home/runner/.m2/repository/org/apache/maven/maven-resolver-provider/3.9.8/maven-resolver-provider-3.9.8.jar:/home/runner/.m2/repository/org/apache/maven/resolver/maven-resolver-connector-basic/1.9.22/maven-resolver-connector-basic-1.9.22.jar:/home/runner/.m2/repository/org/apache/maven/resolver/maven-resolver-transport-wagon/1.9.22/maven-resolver-transport-wagon-1.9.22.jar:/home/runner/.m2/repository/org/apache/maven/wagon/wagon-http/3.5.3/wagon-http-3.5.3.jar:/home/runner/.m2/repository/org/apache/maven/wagon/wagon-file/3.5.3/wagon-file-3.5.3.jar:/home/runner/.m2/repository/io/quarkus/quarkus-bootstrap-gradle-resolver/3.15.4/quarkus-bootstrap-gradle-resolver-3.15.4.jar:/home/runner/.m2/repository/io/smallrye/jandex/3.2.3/jandex-3.2.3.jar:/home/runner/.m2/repository/org/jboss/logging/commons-logging-jboss-logging/1.0.0.Final/commons-logging-jboss-logging-1.0.0.Final.jar:/home/runner/.m2/repository/io/quarkus/quarkus-junit5-properties/3.15.4/quarkus-junit5-properties-3.15.4.jar:/home/runner/.m2/repository/org/junit/jupiter/junit-jupiter/5.10.3/junit-jupiter-5.10.3.jar:/home/runner/.m2/repository/org/junit/jupiter/junit-jupiter-api/5.10.3/junit-jupiter-api-5.10.3.jar:/home/runner/.m2/repository/org/junit/jupiter/junit-jupiter-params/5.10.3/junit-jupiter-params-5.10.3.jar:/home/runner/.m2/repository/org/junit/jupiter/junit-jupiter-engine/5.10.3/junit-jupiter-engine-5.10.3.jar:/home/runner/.m2/repository/io/quarkus/quarkus-core/3.15.4/quarkus-core-3.15.4.jar:/home/runner/.m2/repository/jakarta/enterprise/jakarta.enterprise.cdi-api/4.1.0/jakarta.enterprise.cdi-api-4.1.0.jar:/home/runner/.m2/repository/jakarta/enterprise/jakarta.enterprise.lang-model/4.1.0/jakarta.enterprise.lang-model-4.1.0.jar:/home/runner/.m2/repository/jakarta/el/jakarta.el-api/5.0.1/jakarta.el-api-5.0.1.jar:/home/runner/.m2/repository/jakarta/interceptor/jakarta.interceptor-api/2.2.0/jakarta.interceptor-api-2.2.0.jar:/home/runner/.m2/repository/jakarta/inject/jakarta.inject-api/2.0.1/jakarta.inject-api-2.0.1.jar:/home/runner/.m2/repository/io/smallrye/common/smallrye-common-os/2.6.1/smallrye-common-os-2.6.1.jar:/home/runner/.m2/repository/io/quarkus/quarkus-ide-launcher/3.15.4/quarkus-ide-launcher-3.15.4.jar:/home/runner/.m2/repository/io/quarkus/quarkus-development-mode-spi/3.15.4/quarkus-development-mode-spi-3.15.4.jar:/home/runner/.m2/repository/io/smallrye/config/smallrye-config/3.9.1/smallrye-config-3.9.1.jar:/home/runner/.m2/repository/io/smallrye/config/smallrye-config-core/3.9.1/smallrye-config-core-3.9.1.jar:/home/runner/.m2/repository/io/smallrye/common/smallrye-common-annotation/2.6.1/smallrye-common-annotation-2.6.1.jar:/home/runner/.m2/repository/io/smallrye/common/smallrye-common-classloader/2.6.1/smallrye-common-classloader-2.6.1.jar:/home/runner/.m2/repository/io/smallrye/config/smallrye-config-common/3.9.1/smallrye-config-common-3.9.1.jar:/home/runner/.m2/repository/org/jboss/logging/jboss-logging/3.6.0.Final/jboss-logging-3.6.0.Final.jar:/home/runner/.m2/repository/org/jboss/logmanager/jboss-logmanager/3.1.1.Final/jboss-logmanager-3.1.1.Final.jar:/home/runner/.m2/repository/io/smallrye/common/smallrye-common-constraint/2.6.1/smallrye-common-constraint-2.6.1.jar:/home/runner/.m2/repository/io/smallrye/common/smallrye-common-cpu/2.6.1/smallrye-common-cpu-2.6.1.jar:/home/runner/.m2/repository/io/smallrye/common/smallrye-common-expression/2.6.1/smallrye-common-expression-2.6.1.jar:/home/runner/.m2/repository/io/smallrye/common/smallrye-common-function/2.6.1/smallrye-common-function-2.6.1.jar:/home/runner/.m2/repository/io/smallrye/common/smallrye-common-net/2.6.1/smallrye-common-net-2.6.1.jar:/home/runner/.m2/repository/io/smallrye/common/smallrye-common-ref/2.6.1/smallrye-common-ref-2.6.1.jar:/home/runner/.m2/repository/jakarta/json/jakarta.json-api/2.1.3/jakarta.json-api-2.1.3.jar:/home/runner/.m2/repository/org/eclipse/parsson/parsson/1.1.7/parsson-1.1.7.jar:/home/runner/.m2/repository/org/jboss/logging/jboss-logging-annotations/3.0.1.Final/jboss-logging-annotations-3.0.1.Final.jar:/home/runner/.m2/repository/org/jboss/threads/jboss-threads/3.6.1.Final/jboss-threads-3.6.1.Final.jar:/home/runner/.m2/repository/org/jboss/slf4j/slf4j-jboss-logmanager/2.0.0.Final/slf4j-jboss-logmanager-2.0.0.Final.jar:/home/runner/.m2/repository/org/wildfly/common/wildfly-common/1.7.0.Final/wildfly-common-1.7.0.Final.jar:/home/runner/.m2/repository/io/quarkus/quarkus-bootstrap-runner/3.15.4/quarkus-bootstrap-runner-3.15.4.jar:/home/runner/.m2/repository/io/github/crac/org-crac/0.1.3/org-crac-0.1.3.jar:/home/runner/.m2/repository/io/quarkus/quarkus-fs-util/0.0.10/quarkus-fs-util-0.0.10.jar:/home/runner/.m2/repository/org/jboss/marshalling/jboss-marshalling/2.2.1.Final/jboss-marshalling-2.2.1.Final.jar:/home/runner/.m2/repository/io/fabric8/kubernetes-client/6.13.5/kubernetes-client-6.13.5.jar:/home/runner/.m2/repository/io/fabric8/kubernetes-client-api/6.13.5/kubernetes-client-api-6.13.5.jar:/home/runner/.m2/repository/io/fabric8/kubernetes-model-core/6.13.5/kubernetes-model-core-6.13.5.jar:/home/runner/.m2/repository/io/fabric8/kubernetes-model-common/6.13.5/kubernetes-model-common-6.13.5.jar:/home/runner/.m2/repository/io/fabric8/kubernetes-model-gatewayapi/6.13.5/kubernetes-model-gatewayapi-6.13.5.jar:/home/runner/.m2/repository/io/fabric8/kubernetes-model-resource/6.13.5/kubernetes-model-resource-6.13.5.jar:/home/runner/.m2/repository/io/fabric8/kubernetes-model-rbac/6.13.5/kubernetes-model-rbac-6.13.5.jar:/home/runner/.m2/repository/io/fabric8/kubernetes-model-admissionregistration/6.13.5/kubernetes-model-admissionregistration-6.13.5.jar:/home/runner/.m2/repository/io/fabric8/kubernetes-model-apps/6.13.5/kubernetes-model-apps-6.13.5.jar:/home/runner/.m2/repository/io/fabric8/kubernetes-model-autoscaling/6.13.5/kubernetes-model-autoscaling-6.13.5.jar:/home/runner/.m2/repository/io/fabric8/kubernetes-model-apiextensions/6.13.5/kubernetes-model-apiextensions-6.13.5.jar:/home/runner/.m2/repository/io/fabric8/kubernetes-model-batch/6.13.5/kubernetes-model-batch-6.13.5.jar:/home/runner/.m2/repository/io/fabric8/kubernetes-model-certificates/6.13.5/kubernetes-model-certificates-6.13.5.jar:/home/runner/.m2/repository/io/fabric8/kubernetes-model-coordination/6.13.5/kubernetes-model-coordination-6.13.5.jar:/home/runner/.m2/repository/io/fabric8/kubernetes-model-discovery/6.13.5/kubernetes-model-discovery-6.13.5.jar:/home/runner/.m2/repository/io/fabric8/kubernetes-model-events/6.13.5/kubernetes-model-events-6.13.5.jar:/home/runner/.m2/repository/io/fabric8/kubernetes-model-extensions/6.13.5/kubernetes-model-extensions-6.13.5.jar:/home/runner/.m2/repository/io/fabric8/kubernetes-model-flowcontrol/6.13.5/kubernetes-model-flowcontrol-6.13.5.jar:/home/runner/.m2/repository/io/fabric8/kubernetes-model-networking/6.13.5/kubernetes-model-networking-6.13.5.jar:/home/runner/.m2/repository/io/fabric8/kubernetes-model-metrics/6.13.5/kubernetes-model-metrics-6.13.5.jar:/home/runner/.m2/repository/io/fabric8/kubernetes-model-policy/6.13.5/kubernetes-model-policy-6.13.5.jar:/home/runner/.m2/repository/io/fabric8/kubernetes-model-scheduling/6.13.5/kubernetes-model-scheduling-6.13.5.jar:/home/runner/.m2/repository/io/fabric8/kubernetes-model-storageclass/6.13.5/kubernetes-model-storageclass-6.13.5.jar:/home/runner/.m2/repository/io/fabric8/kubernetes-model-node/6.13.5/kubernetes-model-node-6.13.5.jar:/home/runner/.m2/repository/org/snakeyaml/snakeyaml-engine/2.7/snakeyaml-engine-2.7.jar:/home/runner/.m2/repository/com/fasterxml/jackson/dataformat/jackson-dataformat-yaml/2.15.2/jackson-dataformat-yaml-2.15.2.jar:/home/runner/.m2/repository/com/fasterxml/jackson/datatype/jackson-datatype-jsr310/2.17.2/jackson-datatype-jsr310-2.17.2.jar:/home/runner/.m2/repository/io/fabric8/zjsonpatch/0.3.0/zjsonpatch-0.3.0.jar:/home/runner/.m2/repository/io/fabric8/kubernetes-httpclient-vertx/6.13.5/kubernetes-httpclient-vertx-6.13.5.jar:/home/runner/.m2/repository/io/vertx/vertx-web-client/4.5.13/vertx-web-client-4.5.13.jar:/home/runner/.m2/repository/io/vertx/vertx-web-common/4.5.13/vertx-web-common-4.5.13.jar:/home/runner/.m2/repository/io/vertx/vertx-auth-common/4.5.13/vertx-auth-common-4.5.13.jar:/home/runner/.m2/repository/io/vertx/vertx-uri-template/4.5.13/vertx-uri-template-4.5.13.jar:/home/runner/.m2/repository/io/fabric8/openshift-client/6.13.5/openshift-client-6.13.5.jar:/home/runner/.m2/repository/io/fabric8/openshift-client-api/6.13.5/openshift-client-api-6.13.5.jar:/home/runner/.m2/repository/io/fabric8/openshift-model/6.13.5/openshift-model-6.13.5.jar:/home/runner/.m2/repository/io/fabric8/openshift-model-clusterautoscaling/6.13.5/openshift-model-clusterautoscaling-6.13.5.jar:/home/runner/.m2/repository/io/fabric8/openshift-model-operator/6.13.5/openshift-model-operator-6.13.5.jar:/home/runner/.m2/repository/io/fabric8/openshift-model-operatorhub/6.13.5/openshift-model-operatorhub-6.13.5.jar:/home/runner/.m2/repository/io/fabric8/openshift-model-machine/6.13.5/openshift-model-machine-6.13.5.jar:/home/runner/.m2/repository/io/fabric8/openshift-model-whereabouts/6.13.5/openshift-model-whereabouts-6.13.5.jar:/home/runner/.m2/repository/io/fabric8/openshift-model-monitoring/6.13.5/openshift-model-monitoring-6.13.5.jar:/home/runner/.m2/repository/io/fabric8/openshift-model-storageversionmigrator/6.13.5/openshift-model-storageversionmigrator-6.13.5.jar:/home/runner/.m2/repository/io/fabric8/openshift-model-tuned/6.13.5/openshift-model-tuned-6.13.5.jar:/home/runner/.m2/repository/io/fabric8/openshift-model-console/6.13.5/openshift-model-console-6.13.5.jar:/home/runner/.m2/repository/io/fabric8/openshift-model-config/6.13.5/openshift-model-config-6.13.5.jar:/home/runner/.m2/repository/io/fabric8/openshift-model-machineconfig/6.13.5/openshift-model-machineconfig-6.13.5.jar:/home/runner/.m2/repository/io/fabric8/openshift-model-miscellaneous/6.13.5/openshift-model-miscellaneous-6.13.5.jar:/home/runner/.m2/repository/io/fabric8/openshift-model-hive/6.13.5/openshift-model-hive-6.13.5.jar:/home/runner/.m2/repository/io/fabric8/openshift-model-installer/6.13.5/openshift-model-installer-6.13.5.jar:/home/runner/.m2/repository/com/github/mifmif/generex/1.0.2/generex-1.0.2.jar:/home/runner/.m2/repository/dk/brics/automaton/automaton/1.11-8/automaton-1.11-8.jar:/home/runner/.m2/repository/org/junit/platform/junit-platform-launcher/1.10.3/junit-platform-launcher-1.10.3.jar:/home/runner/.m2/repository/org/junit/platform/junit-platform-engine/1.10.3/junit-platform-engine-1.10.3.jar:/home/runner/.m2/repository/org/opentest4j/opentest4j/1.3.0/opentest4j-1.3.0.jar:/home/runner/.m2/repository/org/junit/platform/junit-platform-commons/1.10.3/junit-platform-commons-1.10.3.jar:/home/runner/.m2/repository/org/apiguardian/apiguardian-api/1.1.2/apiguardian-api-1.1.2.jar:/home/runner/.m2/repository/jakarta/ws/rs/jakarta.ws.rs-api/3.1.0/jakarta.ws.rs-api-3.1.0.jar:/home/runner/work/apicurio-testing/apicurio-testing/clusters/ci419/namespaces/postgresql/tests/integration/apicurio-registry/java-sdk/target/apicurio-registry-java-sdk-3.0.9.jar:/home/runner/.m2/repository/com/microsoft/kiota/microsoft-kiota-abstractions/1.8.4/microsoft-kiota-abstractions-1.8.4.jar:/home/runner/.m2/repository/io/github/std-uritemplate/std-uritemplate/2.0.0/std-uritemplate-2.0.0.jar:/home/runner/.m2/repository/io/kiota/kiota-http-jdk/0.0.21/kiota-http-jdk-0.0.21.jar:/home/runner/.m2/repository/io/kiota/kiota-http-vertx/0.0.21/kiota-http-vertx-0.0.21.jar:/home/runner/.m2/repository/io/kiota/kiota-serialization-jackson/0.0.21/kiota-serialization-jackson-0.0.21.jar:/home/runner/.m2/repository/com/microsoft/kiota/microsoft-kiota-serialization-text/1.8.4/microsoft-kiota-serialization-text-1.8.4.jar:/home/runner/.m2/repository/com/microsoft/kiota/microsoft-kiota-serialization-form/1.8.4/microsoft-kiota-serialization-form-1.8.4.jar:/home/runner/.m2/repository/com/microsoft/kiota/microsoft-kiota-serialization-multipart/1.8.4/microsoft-kiota-serialization-multipart-1.8.4.jar:/home/runner/.m2/repository/jakarta/annotation/jakarta.annotation-api/3.0.0/jakarta.annotation-api-3.0.0.jar:/home/runner/.m2/repository/io/vertx/vertx-auth-oauth2/4.5.13/vertx-auth-oauth2-4.5.13.jar:/home/runner/work/apicurio-testing/apicurio-testing/clusters/ci419/namespaces/postgresql/tests/integration/apicurio-registry/java-sdk-v2/target/apicurio-registry-v2-java-sdk-3.0.9.jar:/home/runner/work/apicurio-testing/apicurio-testing/clusters/ci419/namespaces/postgresql/tests/integration/apicurio-registry/utils/kafka/target/apicurio-registry-utils-kafka-3.0.9-tests.jar:/home/runner/.m2/repository/org/eclipse/microprofile/config/microprofile-config-api/3.1/microprofile-config-api-3.1.jar:/home/runner/.m2/repository/org/apache/kafka/kafka-clients/3.9.0/kafka-clients-3.9.0.jar:/home/runner/.m2/repository/com/github/luben/zstd-jni/1.5.6-4/zstd-jni-1.5.6-4.jar:/home/runner/.m2/repository/org/lz4/lz4-java/1.8.0/lz4-java-1.8.0.jar:/home/runner/.m2/repository/org/xerial/snappy/snappy-java/1.1.10.5/snappy-java-1.1.10.5.jar:/home/runner/.m2/repository/org/slf4j/slf4j-api/2.0.6/slf4j-api-2.0.6.jar:/home/runner/work/apicurio-testing/apicurio-testing/clusters/ci419/namespaces/postgresql/tests/integration/apicurio-registry/utils/tests/target/apicurio-registry-utils-tests-3.0.9.jar:/home/runner/work/apicurio-testing/apicurio-testing/clusters/ci419/namespaces/postgresql/tests/integration/apicurio-registry/common/target/apicurio-registry-common-3.0.9.jar:/home/runner/.m2/repository/jakarta/validation/jakarta.validation-api/3.0.2/jakarta.validation-api-3.0.2.jar:/home/runner/.m2/repository/com/github/dasniko/testcontainers-keycloak/3.6.0/testcontainers-keycloak-3.6.0.jar:/home/runner/.m2/repository/org/testcontainers/testcontainers/1.20.1/testcontainers-1.20.1.jar:/home/runner/.m2/repository/org/rnorth/duct-tape/duct-tape/1.0.8/duct-tape-1.0.8.jar:/home/runner/.m2/repository/org/jetbrains/annotations/24.1.0/annotations-24.1.0.jar:/home/runner/.m2/repository/com/github/docker-java/docker-java-transport-zerodep/3.4.0/docker-java-transport-zerodep-3.4.0.jar:/home/runner/.m2/repository/com/github/docker-java/docker-java-transport/3.4.0/docker-java-transport-3.4.0.jar:/home/runner/.m2/repository/net/java/dev/jna/jna/5.8.0/jna-5.8.0.jar:/home/runner/.m2/repository/io/quarkus/quarkus-junit4-mock/3.15.4/quarkus-junit4-mock-3.15.4.jar:/home/runner/.m2/repository/org/jboss/shrinkwrap/shrinkwrap-api/2.0.0-beta-2/shrinkwrap-api-2.0.0-beta-2.jar:/home/runner/.m2/repository/org/jboss/shrinkwrap/shrinkwrap-impl-base/2.0.0-beta-2/shrinkwrap-impl-base-2.0.0-beta-2.jar:/home/runner/.m2/repository/org/jboss/shrinkwrap/shrinkwrap-spi/2.0.0-beta-2/shrinkwrap-spi-2.0.0-beta-2.jar:/home/runner/.m2/repository/org/keycloak/keycloak-admin-client/25.0.6/keycloak-admin-client-25.0.6.jar:/home/runner/.m2/repository/org/keycloak/keycloak-core/25.0.6/keycloak-core-25.0.6.jar:/home/runner/.m2/repository/org/keycloak/keycloak-common/25.0.6/keycloak-common-25.0.6.jar:/home/runner/.m2/repository/org/jboss/resteasy/resteasy-client/6.2.9.Final/resteasy-client-6.2.9.Final.jar:/home/runner/.m2/repository/org/jboss/resteasy/resteasy-client-api/6.2.9.Final/resteasy-client-api-6.2.9.Final.jar:/home/runner/.m2/repository/org/jboss/resteasy/resteasy-core-spi/6.2.9.Final/resteasy-core-spi-6.2.9.Final.jar:/home/runner/.m2/repository/org/jboss/resteasy/resteasy-core/6.2.9.Final/resteasy-core-6.2.9.Final.jar:/home/runner/.m2/repository/org/eclipse/angus/angus-activation/2.0.2/angus-activation-2.0.2.jar:/home/runner/.m2/repository/com/ibm/async/asyncutil/0.1.0/asyncutil-0.1.0.jar:/home/runner/.m2/repository/org/reactivestreams/reactive-streams/1.0.4/reactive-streams-1.0.4.jar:/home/runner/.m2/repository/org/jboss/resteasy/resteasy-multipart-provider/6.2.9.Final/resteasy-multipart-provider-6.2.9.Final.jar:/home/runner/.m2/repository/jakarta/mail/jakarta.mail-api/2.1.2/jakarta.mail-api-2.1.2.jar:/home/runner/.m2/repository/org/eclipse/angus/angus-mail/2.0.3/angus-mail-2.0.3.jar:/home/runner/.m2/repository/org/apache/james/apache-mime4j-dom/0.8.11/apache-mime4j-dom-0.8.11.jar:/home/runner/.m2/repository/org/apache/james/apache-mime4j-core/0.8.11/apache-mime4j-core-0.8.11.jar:/home/runner/.m2/repository/org/apache/james/apache-mime4j-storage/0.8.11/apache-mime4j-storage-0.8.11.jar:/home/runner/.m2/repository/org/jboss/resteasy/resteasy-jackson2-provider/6.2.9.Final/resteasy-jackson2-provider-6.2.9.Final.jar:/home/runner/.m2/repository/com/fasterxml/jackson/jakarta/rs/jackson-jakarta-rs-base/2.17.2/jackson-jakarta-rs-base-2.17.2.jar:/home/runner/.m2/repository/com/fasterxml/jackson/jakarta/rs/jackson-jakarta-rs-json-provider/2.17.2/jackson-jakarta-rs-json-provider-2.17.2.jar:/home/runner/.m2/repository/com/fasterxml/jackson/module/jackson-module-jakarta-xmlbind-annotations/2.17.2/jackson-module-jakarta-xmlbind-annotations-2.17.2.jar:/home/runner/.m2/repository/com/github/java-json-tools/json-patch/1.13/json-patch-1.13.jar:/home/runner/.m2/repository/com/github/java-json-tools/msg-simple/1.2/msg-simple-1.2.jar:/home/runner/.m2/repository/com/github/java-json-tools/btf/1.3/btf-1.3.jar:/home/runner/.m2/repository/com/github/java-json-tools/jackson-coreutils/2.0/jackson-coreutils-2.0.jar:/home/runner/.m2/repository/org/jboss/resteasy/resteasy-jaxb-provider/6.2.9.Final/resteasy-jaxb-provider-6.2.9.Final.jar:/home/runner/.m2/repository/org/glassfish/jaxb/codemodel/4.0.3/codemodel-4.0.3.jar:/home/runner/.m2/repository/org/glassfish/jaxb/jaxb-core/4.0.5/jaxb-core-4.0.5.jar:/home/runner/.m2/repository/org/glassfish/jaxb/jaxb-jxc/4.0.3/jaxb-jxc-4.0.3.jar:/home/runner/.m2/repository/org/glassfish/jaxb/jaxb-runtime/4.0.5/jaxb-runtime-4.0.5.jar:/home/runner/.m2/repository/org/glassfish/jaxb/txw2/4.0.5/txw2-4.0.5.jar:/home/runner/.m2/repository/org/glassfish/jaxb/jaxb-xjc/4.0.3/jaxb-xjc-4.0.3.jar:/home/runner/.m2/repository/org/glassfish/jaxb/xsom/4.0.3/xsom-4.0.3.jar:/home/runner/.m2/repository/com/sun/istack/istack-commons-runtime/4.1.2/istack-commons-runtime-4.1.2.jar:/home/runner/.m2/repository/com/sun/istack/istack-commons-tools/4.1.2/istack-commons-tools-4.1.2.jar:/home/runner/.m2/repository/com/sun/xml/bind/external/relaxng-datatype/4.0.3/relaxng-datatype-4.0.3.jar:/home/runner/.m2/repository/com/sun/xml/bind/external/rngom/4.0.3/rngom-4.0.3.jar:/home/runner/.m2/repository/org/testcontainers/mssqlserver/1.20.1/mssqlserver-1.20.1.jar:/home/runner/.m2/repository/org/testcontainers/jdbc/1.20.1/jdbc-1.20.1.jar:/home/runner/.m2/repository/org/testcontainers/database-commons/1.20.1/database-commons-1.20.1.jar:/home/runner/.m2/repository/org/testcontainers/mysql/1.20.1/mysql-1.20.1.jar:/home/runner/.m2/repository/io/strimzi/strimzi-test-container/0.107.0/strimzi-test-container-0.107.0.jar:/home/runner/.m2/repository/org/testcontainers/toxiproxy/1.20.1/toxiproxy-1.20.1.jar:/home/runner/.m2/repository/com/github/docker-java/docker-java-api/3.4.0/docker-java-api-3.4.0.jar:/home/runner/.m2/repository/eu/rekawek/toxiproxy/toxiproxy-java/2.1.7/toxiproxy-java-2.1.7.jar:/home/runner/.m2/repository/junit/junit/4.13.2/junit-4.13.2.jar:/home/runner/.m2/repository/org/hamcrest/hamcrest-core/1.3/hamcrest-core-1.3.jar:/home/runner/.m2/repository/org/testcontainers/pulsar/1.20.4/pulsar-1.20.4.jar:/home/runner/.m2/repository/io/debezium/debezium-testing-testcontainers/2.6.2.Final/debezium-testing-testcontainers-2.6.2.Final.jar:/home/runner/.m2/repository/org/testcontainers/kafka/1.20.1/kafka-1.20.1.jar:/home/runner/.m2/repository/com/squareup/okhttp3/okhttp/4.8.1/okhttp-4.8.1.jar:/home/runner/.m2/repository/com/squareup/okio/okio/3.10.2/okio-3.10.2.jar:/home/runner/.m2/repository/com/squareup/okio/okio-jvm/3.10.2/okio-jvm-3.10.2.jar:/home/runner/.m2/repository/org/jetbrains/kotlin/kotlin-stdlib/2.0.10/kotlin-stdlib-2.0.10.jar:/home/runner/.m2/repository/org/awaitility/awaitility/4.2.2/awaitility-4.2.2.jar:/home/runner/.m2/repository/org/testcontainers/mongodb/1.20.1/mongodb-1.20.1.jar:/home/runner/.m2/repository/org/testcontainers/oracle-xe/1.20.1/oracle-xe-1.20.1.jar:/home/runner/.m2/repository/org/testcontainers/postgresql/1.20.1/postgresql-1.20.1.jar:/home/runner/.m2/repository/org/wiremock/wiremock/3.0.1/wiremock-3.0.1.jar:/home/runner/.m2/repository/org/eclipse/jetty/jetty-server/11.0.15/jetty-server-11.0.15.jar:/home/runner/.m2/repository/org/eclipse/jetty/toolchain/jetty-jakarta-servlet-api/5.0.2/jetty-jakarta-servlet-api-5.0.2.jar:/home/runner/.m2/repository/org/eclipse/jetty/jetty-http/11.0.15/jetty-http-11.0.15.jar:/home/runner/.m2/repository/org/eclipse/jetty/jetty-io/11.0.15/jetty-io-11.0.15.jar:/home/runner/.m2/repository/org/eclipse/jetty/jetty-servlet/11.0.15/jetty-servlet-11.0.15.jar:/home/runner/.m2/repository/org/eclipse/jetty/jetty-security/11.0.15/jetty-security-11.0.15.jar:/home/runner/.m2/repository/org/eclipse/jetty/jetty-servlets/11.0.15/jetty-servlets-11.0.15.jar:/home/runner/.m2/repository/org/eclipse/jetty/jetty-util/11.0.15/jetty-util-11.0.15.jar:/home/runner/.m2/repository/org/eclipse/jetty/jetty-webapp/11.0.15/jetty-webapp-11.0.15.jar:/home/runner/.m2/repository/org/eclipse/jetty/jetty-xml/11.0.15/jetty-xml-11.0.15.jar:/home/runner/.m2/repository/org/eclipse/jetty/jetty-proxy/11.0.15/jetty-proxy-11.0.15.jar:/home/runner/.m2/repository/org/eclipse/jetty/jetty-client/11.0.15/jetty-client-11.0.15.jar:/home/runner/.m2/repository/org/eclipse/jetty/http2/http2-server/11.0.15/http2-server-11.0.15.jar:/home/runner/.m2/repository/org/eclipse/jetty/http2/http2-common/11.0.15/http2-common-11.0.15.jar:/home/runner/.m2/repository/org/eclipse/jetty/http2/http2-hpack/11.0.15/http2-hpack-11.0.15.jar:/home/runner/.m2/repository/org/eclipse/jetty/jetty-alpn-server/11.0.15/jetty-alpn-server-11.0.15.jar:/home/runner/.m2/repository/org/eclipse/jetty/jetty-alpn-java-server/11.0.15/jetty-alpn-java-server-11.0.15.jar:/home/runner/.m2/repository/org/eclipse/jetty/jetty-alpn-java-client/11.0.15/jetty-alpn-java-client-11.0.15.jar:/home/runner/.m2/repository/org/eclipse/jetty/jetty-alpn-client/11.0.15/jetty-alpn-client-11.0.15.jar:/home/runner/.m2/repository/org/apache/httpcomponents/client5/httpclient5/5.2.1/httpclient5-5.2.1.jar:/home/runner/.m2/repository/org/apache/httpcomponents/core5/httpcore5/5.2/httpcore5-5.2.jar:/home/runner/.m2/repository/org/apache/httpcomponents/core5/httpcore5-h2/5.2/httpcore5-h2-5.2.jar:/home/runner/.m2/repository/org/xmlunit/xmlunit-core/2.9.1/xmlunit-core-2.9.1.jar:/home/runner/.m2/repository/jakarta/xml/bind/jakarta.xml.bind-api/4.0.2/jakarta.xml.bind-api-4.0.2.jar:/home/runner/.m2/repository/jakarta/activation/jakarta.activation-api/2.1.3/jakarta.activation-api-2.1.3.jar:/home/runner/.m2/repository/org/xmlunit/xmlunit-legacy/2.9.1/xmlunit-legacy-2.9.1.jar:/home/runner/.m2/repository/org/xmlunit/xmlunit-placeholders/2.9.1/xmlunit-placeholders-2.9.1.jar:/home/runner/.m2/repository/net/javacrumbs/json-unit/json-unit-core/2.38.0/json-unit-core-2.38.0.jar:/home/runner/.m2/repository/com/jayway/jsonpath/json-path/2.8.0/json-path-2.8.0.jar:/home/runner/.m2/repository/net/minidev/json-smart/2.4.10/json-smart-2.4.10.jar:/home/runner/.m2/repository/net/minidev/accessors-smart/2.4.9/accessors-smart-2.4.9.jar:/home/runner/.m2/repository/org/ow2/asm/asm/9.7/asm-9.7.jar:/home/runner/.m2/repository/net/sf/jopt-simple/jopt-simple/5.0.4/jopt-simple-5.0.4.jar:/home/runner/.m2/repository/com/github/jknack/handlebars/4.3.1/handlebars-4.3.1.jar:/home/runner/.m2/repository/com/github/jknack/handlebars-helpers/4.3.1/handlebars-helpers-4.3.1.jar:/home/runner/.m2/repository/commons-fileupload/commons-fileupload/1.5/commons-fileupload-1.5.jar:/home/runner/.m2/repository/com/networknt/json-schema-validator/1.5.5/json-schema-validator-1.5.5.jar:/home/runner/.m2/repository/com/ethlo/time/itu/1.10.3/itu-1.10.3.jar:/home/runner/.m2/repository/io/quarkus/quarkus-smallrye-jwt-build/3.15.4/quarkus-smallrye-jwt-build-3.15.4.jar:/home/runner/.m2/repository/io/smallrye/smallrye-jwt-build/4.5.3/smallrye-jwt-build-4.5.3.jar:/home/runner/.m2/repository/org/eclipse/microprofile/jwt/microprofile-jwt-auth-api/2.1/microprofile-jwt-auth-api-2.1.jar:/home/runner/.m2/repository/org/bitbucket/b_c/jose4j/0.9.6/jose4j-0.9.6.jar:/home/runner/.m2/repository/io/smallrye/smallrye-jwt-common/4.5.3/smallrye-jwt-common-4.5.3.jar:/home/runner/.m2/repository/io/quarkus/quarkus-jsonp/3.15.4/quarkus-jsonp-3.15.4.jar:/home/runner/.m2/repository/io/quarkus/quarkus-arc/3.15.4/quarkus-arc-3.15.4.jar:/home/runner/.m2/repository/io/quarkus/arc/arc/3.15.4/arc-3.15.4.jar:/home/runner/.m2/repository/jakarta/transaction/jakarta.transaction-api/2.0.1/jakarta.transaction-api-2.0.1.jar:/home/runner/.m2/repository/io/smallrye/reactive/mutiny/2.6.2/mutiny-2.6.2.jar:/home/runner/.m2/repository/org/jctools/jctools-core/4.0.5/jctools-core-4.0.5.jar:/home/runner/.m2/repository/org/eclipse/microprofile/context-propagation/microprofile-context-propagation-api/1.3/microprofile-context-propagation-api-1.3.jar:/home/runner/.m2/repository/io/apicurio/apicurio-common-rest-client-common/0.1.18.Final/apicurio-common-rest-client-common-0.1.18.Final.jar:/home/runner/work/apicurio-testing/apicurio-testing/clusters/ci419/namespaces/postgresql/tests/integration/apicurio-registry/utils/maven-plugin/target/apicurio-registry-maven-plugin-3.0.9.jar:/home/runner/.m2/repository/com/fasterxml/jackson/core/jackson-databind/2.17.2/jackson-databind-2.17.2.jar:/home/runner/.m2/repository/org/apache/avro/avro/1.12.0/avro-1.12.0.jar:/home/runner/.m2/repository/com/google/protobuf/protobuf-java/3.25.8/protobuf-java-3.25.8.jar:/home/runner/.m2/repository/com/google/protobuf/protobuf-java-util/3.25.8/protobuf-java-util-3.25.8.jar:/home/runner/.m2/repository/com/google/code/findbugs/jsr305/3.0.2/jsr305-3.0.2.jar:/home/runner/.m2/repository/com/google/code/gson/gson/2.11.0/gson-2.11.0.jar:/home/runner/.m2/repository/com/google/errorprone/error_prone_annotations/2.30.0/error_prone_annotations-2.30.0.jar:/home/runner/.m2/repository/com/google/j2objc/j2objc-annotations/2.8/j2objc-annotations-2.8.jar:/home/runner/work/apicurio-testing/apicurio-testing/clusters/ci419/namespaces/postgresql/tests/integration/apicurio-registry/schema-util/util-provider/target/apicurio-registry-schema-util-provider-3.0.9.jar:/home/runner/work/apicurio-testing/apicurio-testing/clusters/ci419/namespaces/postgresql/tests/integration/apicurio-registry/schema-util/common/target/apicurio-registry-schema-util-common-3.0.9.jar:/home/runner/.m2/repository/com/fasterxml/jackson/module/jackson-module-parameter-names/2.17.2/jackson-module-parameter-names-2.17.2.jar:/home/runner/.m2/repository/com/fasterxml/jackson/datatype/jackson-datatype-json-org/2.18.2/jackson-datatype-json-org-2.18.2.jar:/home/runner/work/apicurio-testing/apicurio-testing/clusters/ci419/namespaces/postgresql/tests/integration/apicurio-registry/schema-util/json/target/apicurio-registry-schema-util-json-3.0.9.jar:/home/runner/.m2/repository/com/github/erosb/everit-json-schema/1.14.5/everit-json-schema-1.14.5.jar:/home/runner/.m2/repository/commons-validator/commons-validator/1.9.0/commons-validator-1.9.0.jar:/home/runner/.m2/repository/commons-digester/commons-digester/2.1/commons-digester-2.1.jar:/home/runner/.m2/repository/commons-collections/commons-collections/3.2.2/commons-collections-3.2.2.jar:/home/runner/.m2/repository/com/damnhandy/handy-uri-templates/2.1.8/handy-uri-templates-2.1.8.jar:/home/runner/.m2/repository/joda-time/joda-time/2.10.2/joda-time-2.10.2.jar:/home/runner/.m2/repository/com/github/erosb/json-sKema/0.20.0/json-sKema-0.20.0.jar:/home/runner/.m2/repository/io/vertx/vertx-json-schema/4.5.13/vertx-json-schema-4.5.13.jar:/home/runner/work/apicurio-testing/apicurio-testing/clusters/ci419/namespaces/postgresql/tests/integration/apicurio-registry/schema-util/protobuf/target/apicurio-registry-schema-util-protobuf-3.0.9.jar:/home/runner/work/apicurio-testing/apicurio-testing/clusters/ci419/namespaces/postgresql/tests/integration/apicurio-registry/utils/protobuf-schema-utilities/target/apicurio-registry-protobuf-schema-utilities-3.0.9.jar:/home/runner/.m2/repository/com/google/api/grpc/proto-google-common-protos/2.52.0/proto-google-common-protos-2.52.0.jar:/home/runner/.m2/repository/com/squareup/wire/wire-schema-jvm/5.1.0/wire-schema-jvm-5.1.0.jar:/home/runner/.m2/repository/com/squareup/javapoet/1.13.0/javapoet-1.13.0.jar:/home/runner/.m2/repository/com/squareup/kotlinpoet-jvm/1.18.1/kotlinpoet-jvm-1.18.1.jar:/home/runner/.m2/repository/org/jetbrains/kotlin/kotlin-reflect/2.0.10/kotlin-reflect-2.0.10.jar:/home/runner/.m2/repository/com/squareup/wire/wire-runtime-jvm/5.1.0/wire-runtime-jvm-5.1.0.jar:/home/runner/.m2/repository/com/ibm/icu/icu4j/76.1/icu4j-76.1.jar:/home/runner/.m2/repository/com/squareup/okio/okio-fakefilesystem/3.10.2/okio-fakefilesystem-3.10.2.jar:/home/runner/.m2/repository/com/squareup/okio/okio-fakefilesystem-jvm/3.10.2/okio-fakefilesystem-jvm-3.10.2.jar:/home/runner/.m2/repository/org/jetbrains/kotlinx/kotlinx-datetime-jvm/0.6.1/kotlinx-datetime-jvm-0.6.1.jar:/home/runner/work/apicurio-testing/apicurio-testing/clusters/ci419/namespaces/postgresql/tests/integration/apicurio-registry/schema-util/asyncapi/target/apicurio-registry-schema-util-asyncapi-3.0.9.jar:/home/runner/work/apicurio-testing/apicurio-testing/clusters/ci419/namespaces/postgresql/tests/integration/apicurio-registry/schema-util/avro/target/apicurio-registry-schema-util-avro-3.0.9.jar:/home/runner/work/apicurio-testing/apicurio-testing/clusters/ci419/namespaces/postgresql/tests/integration/apicurio-registry/schema-util/graphql/target/apicurio-registry-schema-util-graphql-3.0.9.jar:/home/runner/.m2/repository/com/graphql-java/graphql-java/22.3/graphql-java-22.3.jar:/home/runner/.m2/repository/com/graphql-java/java-dataloader/3.3.0/java-dataloader-3.3.0.jar:/home/runner/work/apicurio-testing/apicurio-testing/clusters/ci419/namespaces/postgresql/tests/integration/apicurio-registry/schema-util/kconnect/target/apicurio-registry-schema-util-kconnect-3.0.9.jar:/home/runner/work/apicurio-testing/apicurio-testing/clusters/ci419/namespaces/postgresql/tests/integration/apicurio-registry/schema-util/openapi/target/apicurio-registry-schema-util-openapi-3.0.9.jar:/home/runner/.m2/repository/io/apicurio/apicurio-data-models/2.2.1/apicurio-data-models-2.2.1.jar:/home/runner/.m2/repository/org/openapitools/openapidiff/openapi-diff-core/2.0.1/openapi-diff-core-2.0.1.jar:/home/runner/.m2/repository/io/swagger/parser/v3/swagger-parser/2.0.28/swagger-parser-2.0.28.jar:/home/runner/.m2/repository/io/swagger/parser/v3/swagger-parser-v2-converter/2.0.28/swagger-parser-v2-converter-2.0.28.jar:/home/runner/.m2/repository/io/swagger/swagger-core/1.6.3/swagger-core-1.6.3.jar:/home/runner/.m2/repository/io/swagger/swagger-models/1.6.3/swagger-models-1.6.3.jar:/home/runner/.m2/repository/io/swagger/swagger-annotations/1.6.3/swagger-annotations-1.6.3.jar:/home/runner/.m2/repository/io/swagger/swagger-parser/1.0.56/swagger-parser-1.0.56.jar:/home/runner/.m2/repository/io/swagger/swagger-compat-spec-parser/1.0.56/swagger-compat-spec-parser-1.0.56.jar:/home/runner/.m2/repository/com/github/java-json-tools/json-schema-validator/2.2.14/json-schema-validator-2.2.14.jar:/home/runner/.m2/repository/com/github/java-json-tools/jackson-coreutils-equivalence/1.0/jackson-coreutils-equivalence-1.0.jar:/home/runner/.m2/repository/com/github/java-json-tools/json-schema-core/1.2.14/json-schema-core-1.2.14.jar:/home/runner/.m2/repository/com/github/java-json-tools/uri-template/0.10/uri-template-0.10.jar:/home/runner/.m2/repository/com/sun/mail/mailapi/1.6.2/mailapi-1.6.2.jar:/home/runner/.m2/repository/com/googlecode/libphonenumber/libphonenumber/8.11.1/libphonenumber-8.11.1.jar:/home/runner/.m2/repository/com/j2html/j2html/1.5.0/j2html-1.5.0.jar:/home/runner/.m2/repository/org/apache/commons/commons-collections4/4.4/commons-collections4-4.4.jar:/home/runner/.m2/repository/commons-httpclient/commons-httpclient/3.1/commons-httpclient-3.1.jar:/home/runner/.m2/repository/io/swagger/parser/v3/swagger-parser-v3/2.1.25/swagger-parser-v3-2.1.25.jar:/home/runner/.m2/repository/io/swagger/core/v3/swagger-models/2.2.28/swagger-models-2.2.28.jar:/home/runner/.m2/repository/io/swagger/core/v3/swagger-core/2.2.28/swagger-core-2.2.28.jar:/home/runner/.m2/repository/io/swagger/parser/v3/swagger-parser-core/2.1.25/swagger-parser-core-2.1.25.jar:/home/runner/.m2/repository/io/swagger/parser/v3/swagger-parser-safe-url-resolver/2.1.25/swagger-parser-safe-url-resolver-2.1.25.jar:/home/runner/work/apicurio-testing/apicurio-testing/clusters/ci419/namespaces/postgresql/tests/integration/apicurio-registry/schema-util/wsdl/target/apicurio-registry-schema-util-wsdl-3.0.9.jar:/home/runner/.m2/repository/wsdl4j/wsdl4j/1.6.3/wsdl4j-1.6.3.jar:/home/runner/work/apicurio-testing/apicurio-testing/clusters/ci419/namespaces/postgresql/tests/integration/apicurio-registry/schema-util/xml/target/apicurio-registry-schema-util-xml-3.0.9.jar:/home/runner/.m2/repository/org/apache/santuario/xmlsec/4.0.3/xmlsec-4.0.3.jar:/home/runner/.m2/repository/com/fasterxml/woodstox/woodstox-core/7.1.0/woodstox-core-7.1.0.jar:/home/runner/.m2/repository/org/codehaus/woodstox/stax2-api/4.2.2/stax2-api-4.2.2.jar:/home/runner/work/apicurio-testing/apicurio-testing/clusters/ci419/namespaces/postgresql/tests/integration/apicurio-registry/schema-util/xsd/target/apicurio-registry-schema-util-xsd-3.0.9.jar:/home/runner/work/apicurio-testing/apicurio-testing/clusters/ci419/namespaces/postgresql/tests/integration/apicurio-registry/serdes/kafka/jsonschema-serde/target/apicurio-registry-jsonschema-serde-kafka-3.0.9.jar:/home/runner/work/apicurio-testing/apicurio-testing/clusters/ci419/namespaces/postgresql/tests/integration/apicurio-registry/serdes/kafka/serde-kafka-common/target/apicurio-registry-serde-kafka-common-3.0.9.jar:/home/runner/work/apicurio-testing/apicurio-testing/clusters/ci419/namespaces/postgresql/tests/integration/apicurio-registry/serdes/generic/serde-common/target/apicurio-registry-serde-common-3.0.9.jar:/home/runner/work/apicurio-testing/apicurio-testing/clusters/ci419/namespaces/postgresql/tests/integration/apicurio-registry/schema-resolver/target/apicurio-registry-schema-resolver-3.0.9.jar:/home/runner/work/apicurio-testing/apicurio-testing/clusters/ci419/namespaces/postgresql/tests/integration/apicurio-registry/serdes/generic/serde-common-jsonschema/target/apicurio-registry-serde-common-jsonschema-3.0.9.jar:/home/runner/.m2/repository/org/json/json/20250107/json-20250107.jar:/home/runner/work/apicurio-testing/apicurio-testing/clusters/ci419/namespaces/postgresql/tests/integration/apicurio-registry/serdes/kafka/avro-serde/target/apicurio-registry-avro-serde-kafka-3.0.9.jar:/home/runner/work/apicurio-testing/apicurio-testing/clusters/ci419/namespaces/postgresql/tests/integration/apicurio-registry/serdes/generic/serde-common-avro/target/apicurio-registry-serde-common-avro-3.0.9.jar:/home/runner/work/apicurio-testing/apicurio-testing/clusters/ci419/namespaces/postgresql/tests/integration/apicurio-registry/serdes/kafka/protobuf-serde/target/apicurio-registry-protobuf-serde-kafka-3.0.9.jar:/home/runner/work/apicurio-testing/apicurio-testing/clusters/ci419/namespaces/postgresql/tests/integration/apicurio-registry/serdes/generic/serde-common-protobuf/target/apicurio-registry-serde-common-protobuf-3.0.9.jar:/home/runner/.m2/repository/com/squareup/wire/wire-schema/5.1.0/wire-schema-5.1.0.jar:/home/runner/.m2/repository/com/squareup/wire/wire-runtime/5.1.0/wire-runtime-5.1.0.jar:/home/runner/work/apicurio-testing/apicurio-testing/clusters/ci419/namespaces/postgresql/tests/integration/apicurio-registry/serdes/pulsar/avro-serde/target/apicurio-registry-avro-serde-pulsar-3.0.9.jar:/home/runner/.m2/repository/org/apache/pulsar/pulsar-functions-api/3.3.4/pulsar-functions-api-3.3.4.jar:/home/runner/work/apicurio-testing/apicurio-testing/clusters/ci419/namespaces/postgresql/tests/integration/apicurio-registry/serdes/nats/avro-serde/target/apicurio-registry-avro-serde-nats-3.0.9.jar:/home/runner/.m2/repository/io/nats/jnats/2.20.5/jnats-2.20.5.jar:/home/runner/.m2/repository/net/i2p/crypto/eddsa/0.3.0/eddsa-0.3.0.jar:/home/runner/work/apicurio-testing/apicurio-testing/clusters/ci419/namespaces/postgresql/tests/integration/apicurio-registry/utils/converter/target/apicurio-registry-utils-converter-3.0.9.jar:/home/runner/.m2/repository/org/apache/kafka/connect-api/3.9.1/connect-api-3.9.1.jar:/home/runner/.m2/repository/javax/ws/rs/javax.ws.rs-api/2.1.1/javax.ws.rs-api-2.1.1.jar:/home/runner/.m2/repository/org/apache/kafka/connect-json/3.9.1/connect-json-3.9.1.jar:/home/runner/.m2/repository/com/fasterxml/jackson/datatype/jackson-datatype-jdk8/2.17.2/jackson-datatype-jdk8-2.17.2.jar:/home/runner/.m2/repository/com/fasterxml/jackson/module/jackson-module-afterburner/2.17.2/jackson-module-afterburner-2.17.2.jar:/home/runner/work/apicurio-testing/apicurio-testing/clusters/ci419/namespaces/postgresql/tests/integration/apicurio-registry/utils/kafka/target/apicurio-registry-utils-kafka-3.0.9.jar:/home/runner/.m2/repository/org/apache/pulsar/pulsar-client/3.3.4/pulsar-client-3.3.4.jar:/home/runner/.m2/repository/org/apache/pulsar/pulsar-client-api/3.3.4/pulsar-client-api-3.3.4.jar:/home/runner/.m2/repository/org/apache/pulsar/pulsar-client-admin-api/3.3.4/pulsar-client-admin-api-3.3.4.jar:/home/runner/.m2/repository/org/apache/pulsar/bouncy-castle-bc/3.3.4/bouncy-castle-bc-3.3.4-pkg.jar:/home/runner/.m2/repository/org/bouncycastle/bcpkix-jdk18on/1.78.1/bcpkix-jdk18on-1.78.1.jar:/home/runner/.m2/repository/org/bouncycastle/bcutil-jdk18on/1.78.1/bcutil-jdk18on-1.78.1.jar:/home/runner/.m2/repository/org/bouncycastle/bcprov-jdk18on/1.78.1/bcprov-jdk18on-1.78.1.jar:/home/runner/.m2/repository/io/opentelemetry/opentelemetry-api/1.39.0/opentelemetry-api-1.39.0.jar:/home/runner/.m2/repository/io/opentelemetry/opentelemetry-context/1.39.0/opentelemetry-context-1.39.0.jar:/home/runner/.m2/repository/io/opentelemetry/opentelemetry-api-incubator/1.39.0-alpha/opentelemetry-api-incubator-1.39.0-alpha.jar:/home/runner/.m2/repository/com/fasterxml/jackson/core/jackson-annotations/2.17.2/jackson-annotations-2.17.2.jar:/home/runner/.m2/repository/javax/validation/validation-api/1.1.0.Final/validation-api-1.1.0.Final.jar:/home/runner/.m2/repository/io/confluent/kafka-avro-serializer/7.9.0/kafka-avro-serializer-7.9.0.jar:/home/runner/.m2/repository/org/apache/commons/commons-compress/1.27.0/commons-compress-1.27.0.jar:/home/runner/.m2/repository/io/confluent/kafka-schema-serializer/7.9.0/kafka-schema-serializer-7.9.0.jar:/home/runner/.m2/repository/com/fasterxml/jackson/dataformat/jackson-dataformat-csv/2.17.2/jackson-dataformat-csv-2.17.2.jar:/home/runner/.m2/repository/io/confluent/kafka-schema-registry-client/7.9.0/kafka-schema-registry-client-7.9.0.jar:/home/runner/.m2/repository/org/yaml/snakeyaml/2.2/snakeyaml-2.2.jar:/home/runner/.m2/repository/io/swagger/core/v3/swagger-annotations/2.1.10/swagger-annotations-2.1.10.jar:/home/runner/.m2/repository/com/google/guava/guava/33.2.1-jre/guava-33.2.1-jre.jar:/home/runner/.m2/repository/com/google/guava/failureaccess/1.0.1/failureaccess-1.0.1.jar:/home/runner/.m2/repository/org/checkerframework/checker-qual/3.46.0/checker-qual-3.46.0.jar:/home/runner/.m2/repository/io/confluent/logredactor/1.0.12/logredactor-1.0.12.jar:/home/runner/.m2/repository/com/google/re2j/re2j/1.6/re2j-1.6.jar:/home/runner/.m2/repository/io/confluent/logredactor-metrics/1.0.12/logredactor-metrics-1.0.12.jar:/home/runner/.m2/repository/com/eclipsesource/minimal-json/minimal-json/0.9.5/minimal-json-0.9.5.jar:/home/runner/.m2/repository/io/confluent/common-utils/7.9.0/common-utils-7.9.0.jar:/home/runner/.m2/repository/io/confluent/kafka-connect-avro-converter/7.9.0/kafka-connect-avro-converter-7.9.0.jar:/home/runner/.m2/repository/io/confluent/kafka-connect-avro-data/7.9.0/kafka-connect-avro-data-7.9.0.jar:/home/runner/.m2/repository/io/confluent/kafka-schema-converter/7.9.0/kafka-schema-converter-7.9.0.jar:/home/runner/.m2/repository/io/rest-assured/rest-assured/5.5.0/rest-assured-5.5.0.jar:/home/runner/.m2/repository/org/apache/groovy/groovy/4.0.22/groovy-4.0.22.jar:/home/runner/.m2/repository/org/apache/groovy/groovy-xml/4.0.22/groovy-xml-4.0.22.jar:/home/runner/.m2/repository/org/apache/httpcomponents/httpclient/4.5.14/httpclient-4.5.14.jar:/home/runner/.m2/repository/org/apache/httpcomponents/httpcore/4.4.16/httpcore-4.4.16.jar:/home/runner/.m2/repository/org/apache/httpcomponents/httpmime/4.5.14/httpmime-4.5.14.jar:/home/runner/.m2/repository/org/hamcrest/hamcrest/2.2/hamcrest-2.2.jar:/home/runner/.m2/repository/org/ccil/cowan/tagsoup/tagsoup/1.2.1/tagsoup-1.2.1.jar:/home/runner/.m2/repository/io/rest-assured/json-path/5.5.0/json-path-5.5.0.jar:/home/runner/.m2/repository/org/apache/groovy/groovy-json/4.0.22/groovy-json-4.0.22.jar:/home/runner/.m2/repository/io/rest-assured/rest-assured-common/5.5.0/rest-assured-common-5.5.0.jar:/home/runner/.m2/repository/io/rest-assured/xml-path/5.5.0/xml-path-5.5.0.jar:/home/runner/.m2/repository/io/zonky/test/embedded-postgres/2.1.0/embedded-postgres-2.1.0.jar:/home/runner/.m2/repository/io/zonky/test/postgres/embedded-postgres-binaries-windows-amd64/14.15.0/embedded-postgres-binaries-windows-amd64-14.15.0.jar:/home/runner/.m2/repository/io/zonky/test/postgres/embedded-postgres-binaries-darwin-amd64/14.15.0/embedded-postgres-binaries-darwin-amd64-14.15.0.jar:/home/runner/.m2/repository/io/zonky/test/postgres/embedded-postgres-binaries-linux-amd64/14.15.0/embedded-postgres-binaries-linux-amd64-14.15.0.jar:/home/runner/.m2/repository/io/zonky/test/postgres/embedded-postgres-binaries-linux-amd64-alpine/14.15.0/embedded-postgres-binaries-linux-amd64-alpine-14.15.0.jar:/home/runner/.m2/repository/org/apache/commons/commons-lang3/3.14.0/commons-lang3-3.14.0.jar:/home/runner/.m2/repository/org/tukaani/xz/1.10/xz-1.10.jar:/home/runner/.m2/repository/commons-codec/commons-codec/1.18.0/commons-codec-1.18.0.jar:/home/runner/.m2/repository/org/postgresql/postgresql/42.7.4/postgresql-42.7.4.jar:/home/runner/.m2/repository/commons-io/commons-io/2.16.1/commons-io-2.16.1.jar:/home/runner/work/apicurio-testing/apicurio-testing/clusters/ci419/namespaces/postgresql/tests/integration/apicurio-registry/utils/importexport/target/apicurio-registry-utils-import-export-3.0.9.jar:/home/runner/.m2/repository/io/vertx/vertx-core/4.5.13/vertx-core-4.5.13.jar:/home/runner/.m2/repository/io/netty/netty-common/4.1.118.Final/netty-common-4.1.118.Final.jar:/home/runner/.m2/repository/io/netty/netty-buffer/4.1.118.Final/netty-buffer-4.1.118.Final.jar:/home/runner/.m2/repository/io/netty/netty-transport/4.1.118.Final/netty-transport-4.1.118.Final.jar:/home/runner/.m2/repository/io/netty/netty-handler/4.1.118.Final/netty-handler-4.1.118.Final.jar:/home/runner/.m2/repository/io/netty/netty-transport-native-unix-common/4.1.118.Final/netty-transport-native-unix-common-4.1.118.Final.jar:/home/runner/.m2/repository/io/netty/netty-codec/4.1.118.Final/netty-codec-4.1.118.Final.jar:/home/runner/.m2/repository/io/netty/netty-handler-proxy/4.1.118.Final/netty-handler-proxy-4.1.118.Final.jar:/home/runner/.m2/repository/io/netty/netty-codec-socks/4.1.118.Final/netty-codec-socks-4.1.118.Final.jar:/home/runner/.m2/repository/io/netty/netty-codec-http/4.1.118.Final/netty-codec-http-4.1.118.Final.jar:/home/runner/.m2/repository/io/netty/netty-codec-http2/4.1.118.Final/netty-codec-http2-4.1.118.Final.jar:/home/runner/.m2/repository/io/netty/netty-resolver/4.1.118.Final/netty-resolver-4.1.118.Final.jar:/home/runner/.m2/repository/io/netty/netty-resolver-dns/4.1.118.Final/netty-resolver-dns-4.1.118.Final.jar:/home/runner/.m2/repository/io/netty/netty-codec-dns/4.1.118.Final/netty-codec-dns-4.1.118.Final.jar:/home/runner/.m2/repository/com/fasterxml/jackson/core/jackson-core/2.17.2/jackson-core-2.17.2.jar:"/>
    <property name="java.vm.vendor" value="Eclipse Adoptium"/>
    <property name="maven.javadoc.skip" value="true"/>
    <property name="sun.arch.data.model" value="64"/>
    <property name="java.vendor.url" value="https://adoptium.net/"/>
    <property name="user.timezone" value="Etc/UTC"/>
    <property name="os.name" value="Linux"/>
    <property name="java.vm.specification.version" value="17"/>
    <property name="sun.java.launcher" value="SUN_STANDARD"/>
    <property name="quarkus.http.test-port" value="80"/>
    <property name="sun.boot.library.path" value="/usr/lib/jvm/temurin-17-jdk-amd64/lib"/>
    <property name="sun.java.command" value="/home/runner/work/apicurio-testing/apicurio-testing/clusters/ci419/namespaces/postgresql/tests/integration/apicurio-registry/integration-tests/target/surefire/surefirebooter-20250731152920023_3.jar /home/runner/work/apicurio-testing/apicurio-testing/clusters/ci419/namespaces/postgresql/tests/integration/apicurio-registry/integration-tests/target/surefire 2025-07-31T15-29-19_959-jvmRun1 surefire-20250731152920023_1tmp surefire_0-20250731152920023_2tmp"/>
    <property name="maven.home" value="/home/runner/.m2/wrapper/dists/apache-maven-3.9.8-bin/4fnp1ql35bgk2a0p7m31ovbgb0/apache-maven-3.9.8"/>
    <property name="jdk.debug" value="release"/>
    <property name="surefire.test.class.path" value="/home/runner/work/apicurio-testing/apicurio-testing/clusters/ci419/namespaces/postgresql/tests/integration/apicurio-registry/integration-tests/target/test-classes:/home/runner/work/apicurio-testing/apicurio-testing/clusters/ci419/namespaces/postgresql/tests/integration/apicurio-registry/integration-tests/target/apicurio-registry-integration-tests-3.0.9.jar:/home/runner/.m2/repository/io/quarkus/quarkus-junit5/3.15.4/quarkus-junit5-3.15.4.jar:/home/runner/.m2/repository/io/quarkus/quarkus-bootstrap-core/3.15.4/quarkus-bootstrap-core-3.15.4.jar:/home/runner/.m2/repository/io/quarkus/quarkus-classloader-commons/3.15.4/quarkus-classloader-commons-3.15.4.jar:/home/runner/.m2/repository/io/quarkus/quarkus-bootstrap-app-model/3.15.4/quarkus-bootstrap-app-model-3.15.4.jar:/home/runner/.m2/repository/io/smallrye/common/smallrye-common-io/2.6.1/smallrye-common-io-2.6.1.jar:/home/runner/.m2/repository/org/eclipse/sisu/org.eclipse.sisu.inject/0.9.0.M3/org.eclipse.sisu.inject-0.9.0.M3.jar:/home/runner/.m2/repository/io/quarkus/quarkus-test-common/3.15.4/quarkus-test-common-3.15.4.jar:/home/runner/.m2/repository/io/quarkus/quarkus-core-deployment/3.15.4/quarkus-core-deployment-3.15.4.jar:/home/runner/.m2/repository/org/aesh/readline/2.6/readline-2.6.jar:/home/runner/.m2/repository/org/fusesource/jansi/jansi/2.4.0/jansi-2.4.0.jar:/home/runner/.m2/repository/org/aesh/aesh/2.8.2/aesh-2.8.2.jar:/home/runner/.m2/repository/io/quarkus/gizmo/gizmo/1.8.0/gizmo-1.8.0.jar:/home/runner/.m2/repository/org/ow2/asm/asm-util/9.7/asm-util-9.7.jar:/home/runner/.m2/repository/org/ow2/asm/asm-analysis/9.7/asm-analysis-9.7.jar:/home/runner/.m2/repository/org/ow2/asm/asm-commons/9.7/asm-commons-9.7.jar:/home/runner/.m2/repository/org/ow2/asm/asm-tree/9.7/asm-tree-9.7.jar:/home/runner/.m2/repository/io/quarkus/quarkus-hibernate-validator-spi/3.15.4/quarkus-hibernate-validator-spi-3.15.4.jar:/home/runner/.m2/repository/io/quarkus/quarkus-class-change-agent/3.15.4/quarkus-class-change-agent-3.15.4.jar:/home/runner/.m2/repository/io/quarkus/quarkus-devtools-utilities/3.15.4/quarkus-devtools-utilities-3.15.4.jar:/home/runner/.m2/repository/io/quarkus/quarkus-builder/3.15.4/quarkus-builder-3.15.4.jar:/home/runner/.m2/repository/org/graalvm/sdk/nativeimage/23.1.2/nativeimage-23.1.2.jar:/home/runner/.m2/repository/org/graalvm/sdk/word/23.1.2/word-23.1.2.jar:/home/runner/.m2/repository/io/quarkus/quarkus-bootstrap-maven-resolver/3.15.4/quarkus-bootstrap-maven-resolver-3.15.4.jar:/home/runner/.m2/repository/io/smallrye/beanbag/smallrye-beanbag-maven/1.5.2/smallrye-beanbag-maven-1.5.2.jar:/home/runner/.m2/repository/io/smallrye/beanbag/smallrye-beanbag-sisu/1.5.2/smallrye-beanbag-sisu-1.5.2.jar:/home/runner/.m2/repository/io/smallrye/beanbag/smallrye-beanbag/1.5.2/smallrye-beanbag-1.5.2.jar:/home/runner/.m2/repository/javax/inject/javax.inject/1/javax.inject-1.jar:/home/runner/.m2/repository/org/apache/maven/maven-artifact/3.9.8/maven-artifact-3.9.8.jar:/home/runner/.m2/repository/org/apache/maven/maven-builder-support/3.9.8/maven-builder-support-3.9.8.jar:/home/runner/.m2/repository/org/apache/maven/maven-model/3.9.8/maven-model-3.9.8.jar:/home/runner/.m2/repository/org/apache/maven/maven-model-builder/3.9.8/maven-model-builder-3.9.8.jar:/home/runner/.m2/repository/org/apache/maven/maven-repository-metadata/3.9.8/maven-repository-metadata-3.9.8.jar:/home/runner/.m2/repository/org/apache/maven/maven-settings/3.9.8/maven-settings-3.9.8.jar:/home/runner/.m2/repository/org/apache/maven/resolver/maven-resolver-api/1.9.22/maven-resolver-api-1.9.22.jar:/home/runner/.m2/repository/org/apache/maven/resolver/maven-resolver-impl/1.9.22/maven-resolver-impl-1.9.22.jar:/home/runner/.m2/repository/org/apache/maven/resolver/maven-resolver-named-locks/1.9.22/maven-resolver-named-locks-1.9.22.jar:/home/runner/.m2/repository/org/apache/maven/resolver/maven-resolver-spi/1.9.22/maven-resolver-spi-1.9.22.jar:/home/runner/.m2/repository/org/apache/maven/resolver/maven-resolver-util/1.9.22/maven-resolver-util-1.9.22.jar:/home/runner/.m2/repository/org/apache/maven/resolver/maven-resolver-transport-http/1.9.20/maven-resolver-transport-http-1.9.20.jar:/home/runner/.m2/repository/org/apache/maven/wagon/wagon-provider-api/3.5.3/wagon-provider-api-3.5.3.jar:/home/runner/.m2/repository/org/apache/maven/wagon/wagon-http-shared/3.5.3/wagon-http-shared-3.5.3.jar:/home/runner/.m2/repository/org/codehaus/plexus/plexus-interpolation/1.26/plexus-interpolation-1.26.jar:/home/runner/.m2/repository/org/codehaus/plexus/plexus-utils/3.5.1/plexus-utils-3.5.1.jar:/home/runner/.m2/repository/org/codehaus/plexus/plexus-xml/4.0.1/plexus-xml-4.0.1.jar:/home/runner/.m2/repository/org/apache/maven/maven-xml-impl/4.0.0-alpha-5/maven-xml-impl-4.0.0-alpha-5.jar:/home/runner/.m2/repository/org/apache/maven/maven-api-xml/4.0.0-alpha-5/maven-api-xml-4.0.0-alpha-5.jar:/home/runner/.m2/repository/org/apache/maven/maven-api-meta/4.0.0-alpha-5/maven-api-meta-4.0.0-alpha-5.jar:/home/runner/.m2/repository/org/codehaus/plexus/plexus-cipher/2.0/plexus-cipher-2.0.jar:/home/runner/.m2/repository/org/codehaus/plexus/plexus-sec-dispatcher/2.0/plexus-sec-dispatcher-2.0.jar:/home/runner/.m2/repository/org/apache/maven/maven-embedder/3.9.8/maven-embedder-3.9.8.jar:/home/runner/.m2/repository/org/apache/maven/maven-core/3.9.8/maven-core-3.9.8.jar:/home/runner/.m2/repository/org/codehaus/plexus/plexus-component-annotations/2.1.0/plexus-component-annotations-2.1.0.jar:/home/runner/.m2/repository/org/apache/maven/maven-plugin-api/3.9.8/maven-plugin-api-3.9.8.jar:/home/runner/.m2/repository/org/apache/maven/shared/maven-shared-utils/3.4.2/maven-shared-utils-3.4.2.jar:/home/runner/.m2/repository/com/google/inject/guice/5.1.0/guice-5.1.0.jar:/home/runner/.m2/repository/aopalliance/aopalliance/1.0/aopalliance-1.0.jar:/home/runner/.m2/repository/javax/annotation/javax.annotation-api/1.3.2/javax.annotation-api-1.3.2.jar:/home/runner/.m2/repository/org/codehaus/plexus/plexus-classworlds/2.6.0/plexus-classworlds-2.6.0.jar:/home/runner/.m2/repository/commons-cli/commons-cli/1.8.0/commons-cli-1.8.0.jar:/home/runner/.m2/repository/org/eclipse/sisu/org.eclipse.sisu.plexus/0.9.0.M3/org.eclipse.sisu.plexus-0.9.0.M3.jar:/home/runner/.m2/repository/org/apache/maven/maven-settings-builder/3.9.8/maven-settings-builder-3.9.8.jar:/home/runner/.m2/repository/org/apache/maven/maven-resolver-provider/3.9.8/maven-resolver-provider-3.9.8.jar:/home/runner/.m2/repository/org/apache/maven/resolver/maven-resolver-connector-basic/1.9.22/maven-resolver-connector-basic-1.9.22.jar:/home/runner/.m2/repository/org/apache/maven/resolver/maven-resolver-transport-wagon/1.9.22/maven-resolver-transport-wagon-1.9.22.jar:/home/runner/.m2/repository/org/apache/maven/wagon/wagon-http/3.5.3/wagon-http-3.5.3.jar:/home/runner/.m2/repository/org/apache/maven/wagon/wagon-file/3.5.3/wagon-file-3.5.3.jar:/home/runner/.m2/repository/io/quarkus/quarkus-bootstrap-gradle-resolver/3.15.4/quarkus-bootstrap-gradle-resolver-3.15.4.jar:/home/runner/.m2/repository/io/smallrye/jandex/3.2.3/jandex-3.2.3.jar:/home/runner/.m2/repository/org/jboss/logging/commons-logging-jboss-logging/1.0.0.Final/commons-logging-jboss-logging-1.0.0.Final.jar:/home/runner/.m2/repository/io/quarkus/quarkus-junit5-properties/3.15.4/quarkus-junit5-properties-3.15.4.jar:/home/runner/.m2/repository/org/junit/jupiter/junit-jupiter/5.10.3/junit-jupiter-5.10.3.jar:/home/runner/.m2/repository/org/junit/jupiter/junit-jupiter-api/5.10.3/junit-jupiter-api-5.10.3.jar:/home/runner/.m2/repository/org/junit/jupiter/junit-jupiter-params/5.10.3/junit-jupiter-params-5.10.3.jar:/home/runner/.m2/repository/org/junit/jupiter/junit-jupiter-engine/5.10.3/junit-jupiter-engine-5.10.3.jar:/home/runner/.m2/repository/io/quarkus/quarkus-core/3.15.4/quarkus-core-3.15.4.jar:/home/runner/.m2/repository/jakarta/enterprise/jakarta.enterprise.cdi-api/4.1.0/jakarta.enterprise.cdi-api-4.1.0.jar:/home/runner/.m2/repository/jakarta/enterprise/jakarta.enterprise.lang-model/4.1.0/jakarta.enterprise.lang-model-4.1.0.jar:/home/runner/.m2/repository/jakarta/el/jakarta.el-api/5.0.1/jakarta.el-api-5.0.1.jar:/home/runner/.m2/repository/jakarta/interceptor/jakarta.interceptor-api/2.2.0/jakarta.interceptor-api-2.2.0.jar:/home/runner/.m2/repository/jakarta/inject/jakarta.inject-api/2.0.1/jakarta.inject-api-2.0.1.jar:/home/runner/.m2/repository/io/smallrye/common/smallrye-common-os/2.6.1/smallrye-common-os-2.6.1.jar:/home/runner/.m2/repository/io/quarkus/quarkus-ide-launcher/3.15.4/quarkus-ide-launcher-3.15.4.jar:/home/runner/.m2/repository/io/quarkus/quarkus-development-mode-spi/3.15.4/quarkus-development-mode-spi-3.15.4.jar:/home/runner/.m2/repository/io/smallrye/config/smallrye-config/3.9.1/smallrye-config-3.9.1.jar:/home/runner/.m2/repository/io/smallrye/config/smallrye-config-core/3.9.1/smallrye-config-core-3.9.1.jar:/home/runner/.m2/repository/io/smallrye/common/smallrye-common-annotation/2.6.1/smallrye-common-annotation-2.6.1.jar:/home/runner/.m2/repository/io/smallrye/common/smallrye-common-classloader/2.6.1/smallrye-common-classloader-2.6.1.jar:/home/runner/.m2/repository/io/smallrye/config/smallrye-config-common/3.9.1/smallrye-config-common-3.9.1.jar:/home/runner/.m2/repository/org/jboss/logging/jboss-logging/3.6.0.Final/jboss-logging-3.6.0.Final.jar:/home/runner/.m2/repository/org/jboss/logmanager/jboss-logmanager/3.1.1.Final/jboss-logmanager-3.1.1.Final.jar:/home/runner/.m2/repository/io/smallrye/common/smallrye-common-constraint/2.6.1/smallrye-common-constraint-2.6.1.jar:/home/runner/.m2/repository/io/smallrye/common/smallrye-common-cpu/2.6.1/smallrye-common-cpu-2.6.1.jar:/home/runner/.m2/repository/io/smallrye/common/smallrye-common-expression/2.6.1/smallrye-common-expression-2.6.1.jar:/home/runner/.m2/repository/io/smallrye/common/smallrye-common-function/2.6.1/smallrye-common-function-2.6.1.jar:/home/runner/.m2/repository/io/smallrye/common/smallrye-common-net/2.6.1/smallrye-common-net-2.6.1.jar:/home/runner/.m2/repository/io/smallrye/common/smallrye-common-ref/2.6.1/smallrye-common-ref-2.6.1.jar:/home/runner/.m2/repository/jakarta/json/jakarta.json-api/2.1.3/jakarta.json-api-2.1.3.jar:/home/runner/.m2/repository/org/eclipse/parsson/parsson/1.1.7/parsson-1.1.7.jar:/home/runner/.m2/repository/org/jboss/logging/jboss-logging-annotations/3.0.1.Final/jboss-logging-annotations-3.0.1.Final.jar:/home/runner/.m2/repository/org/jboss/threads/jboss-threads/3.6.1.Final/jboss-threads-3.6.1.Final.jar:/home/runner/.m2/repository/org/jboss/slf4j/slf4j-jboss-logmanager/2.0.0.Final/slf4j-jboss-logmanager-2.0.0.Final.jar:/home/runner/.m2/repository/org/wildfly/common/wildfly-common/1.7.0.Final/wildfly-common-1.7.0.Final.jar:/home/runner/.m2/repository/io/quarkus/quarkus-bootstrap-runner/3.15.4/quarkus-bootstrap-runner-3.15.4.jar:/home/runner/.m2/repository/io/github/crac/org-crac/0.1.3/org-crac-0.1.3.jar:/home/runner/.m2/repository/io/quarkus/quarkus-fs-util/0.0.10/quarkus-fs-util-0.0.10.jar:/home/runner/.m2/repository/org/jboss/marshalling/jboss-marshalling/2.2.1.Final/jboss-marshalling-2.2.1.Final.jar:/home/runner/.m2/repository/io/fabric8/kubernetes-client/6.13.5/kubernetes-client-6.13.5.jar:/home/runner/.m2/repository/io/fabric8/kubernetes-client-api/6.13.5/kubernetes-client-api-6.13.5.jar:/home/runner/.m2/repository/io/fabric8/kubernetes-model-core/6.13.5/kubernetes-model-core-6.13.5.jar:/home/runner/.m2/repository/io/fabric8/kubernetes-model-common/6.13.5/kubernetes-model-common-6.13.5.jar:/home/runner/.m2/repository/io/fabric8/kubernetes-model-gatewayapi/6.13.5/kubernetes-model-gatewayapi-6.13.5.jar:/home/runner/.m2/repository/io/fabric8/kubernetes-model-resource/6.13.5/kubernetes-model-resource-6.13.5.jar:/home/runner/.m2/repository/io/fabric8/kubernetes-model-rbac/6.13.5/kubernetes-model-rbac-6.13.5.jar:/home/runner/.m2/repository/io/fabric8/kubernetes-model-admissionregistration/6.13.5/kubernetes-model-admissionregistration-6.13.5.jar:/home/runner/.m2/repository/io/fabric8/kubernetes-model-apps/6.13.5/kubernetes-model-apps-6.13.5.jar:/home/runner/.m2/repository/io/fabric8/kubernetes-model-autoscaling/6.13.5/kubernetes-model-autoscaling-6.13.5.jar:/home/runner/.m2/repository/io/fabric8/kubernetes-model-apiextensions/6.13.5/kubernetes-model-apiextensions-6.13.5.jar:/home/runner/.m2/repository/io/fabric8/kubernetes-model-batch/6.13.5/kubernetes-model-batch-6.13.5.jar:/home/runner/.m2/repository/io/fabric8/kubernetes-model-certificates/6.13.5/kubernetes-model-certificates-6.13.5.jar:/home/runner/.m2/repository/io/fabric8/kubernetes-model-coordination/6.13.5/kubernetes-model-coordination-6.13.5.jar:/home/runner/.m2/repository/io/fabric8/kubernetes-model-discovery/6.13.5/kubernetes-model-discovery-6.13.5.jar:/home/runner/.m2/repository/io/fabric8/kubernetes-model-events/6.13.5/kubernetes-model-events-6.13.5.jar:/home/runner/.m2/repository/io/fabric8/kubernetes-model-extensions/6.13.5/kubernetes-model-extensions-6.13.5.jar:/home/runner/.m2/repository/io/fabric8/kubernetes-model-flowcontrol/6.13.5/kubernetes-model-flowcontrol-6.13.5.jar:/home/runner/.m2/repository/io/fabric8/kubernetes-model-networking/6.13.5/kubernetes-model-networking-6.13.5.jar:/home/runner/.m2/repository/io/fabric8/kubernetes-model-metrics/6.13.5/kubernetes-model-metrics-6.13.5.jar:/home/runner/.m2/repository/io/fabric8/kubernetes-model-policy/6.13.5/kubernetes-model-policy-6.13.5.jar:/home/runner/.m2/repository/io/fabric8/kubernetes-model-scheduling/6.13.5/kubernetes-model-scheduling-6.13.5.jar:/home/runner/.m2/repository/io/fabric8/kubernetes-model-storageclass/6.13.5/kubernetes-model-storageclass-6.13.5.jar:/home/runner/.m2/repository/io/fabric8/kubernetes-model-node/6.13.5/kubernetes-model-node-6.13.5.jar:/home/runner/.m2/repository/org/snakeyaml/snakeyaml-engine/2.7/snakeyaml-engine-2.7.jar:/home/runner/.m2/repository/com/fasterxml/jackson/dataformat/jackson-dataformat-yaml/2.15.2/jackson-dataformat-yaml-2.15.2.jar:/home/runner/.m2/repository/com/fasterxml/jackson/datatype/jackson-datatype-jsr310/2.17.2/jackson-datatype-jsr310-2.17.2.jar:/home/runner/.m2/repository/io/fabric8/zjsonpatch/0.3.0/zjsonpatch-0.3.0.jar:/home/runner/.m2/repository/io/fabric8/kubernetes-httpclient-vertx/6.13.5/kubernetes-httpclient-vertx-6.13.5.jar:/home/runner/.m2/repository/io/vertx/vertx-web-client/4.5.13/vertx-web-client-4.5.13.jar:/home/runner/.m2/repository/io/vertx/vertx-web-common/4.5.13/vertx-web-common-4.5.13.jar:/home/runner/.m2/repository/io/vertx/vertx-auth-common/4.5.13/vertx-auth-common-4.5.13.jar:/home/runner/.m2/repository/io/vertx/vertx-uri-template/4.5.13/vertx-uri-template-4.5.13.jar:/home/runner/.m2/repository/io/fabric8/openshift-client/6.13.5/openshift-client-6.13.5.jar:/home/runner/.m2/repository/io/fabric8/openshift-client-api/6.13.5/openshift-client-api-6.13.5.jar:/home/runner/.m2/repository/io/fabric8/openshift-model/6.13.5/openshift-model-6.13.5.jar:/home/runner/.m2/repository/io/fabric8/openshift-model-clusterautoscaling/6.13.5/openshift-model-clusterautoscaling-6.13.5.jar:/home/runner/.m2/repository/io/fabric8/openshift-model-operator/6.13.5/openshift-model-operator-6.13.5.jar:/home/runner/.m2/repository/io/fabric8/openshift-model-operatorhub/6.13.5/openshift-model-operatorhub-6.13.5.jar:/home/runner/.m2/repository/io/fabric8/openshift-model-machine/6.13.5/openshift-model-machine-6.13.5.jar:/home/runner/.m2/repository/io/fabric8/openshift-model-whereabouts/6.13.5/openshift-model-whereabouts-6.13.5.jar:/home/runner/.m2/repository/io/fabric8/openshift-model-monitoring/6.13.5/openshift-model-monitoring-6.13.5.jar:/home/runner/.m2/repository/io/fabric8/openshift-model-storageversionmigrator/6.13.5/openshift-model-storageversionmigrator-6.13.5.jar:/home/runner/.m2/repository/io/fabric8/openshift-model-tuned/6.13.5/openshift-model-tuned-6.13.5.jar:/home/runner/.m2/repository/io/fabric8/openshift-model-console/6.13.5/openshift-model-console-6.13.5.jar:/home/runner/.m2/repository/io/fabric8/openshift-model-config/6.13.5/openshift-model-config-6.13.5.jar:/home/runner/.m2/repository/io/fabric8/openshift-model-machineconfig/6.13.5/openshift-model-machineconfig-6.13.5.jar:/home/runner/.m2/repository/io/fabric8/openshift-model-miscellaneous/6.13.5/openshift-model-miscellaneous-6.13.5.jar:/home/runner/.m2/repository/io/fabric8/openshift-model-hive/6.13.5/openshift-model-hive-6.13.5.jar:/home/runner/.m2/repository/io/fabric8/openshift-model-installer/6.13.5/openshift-model-installer-6.13.5.jar:/home/runner/.m2/repository/com/github/mifmif/generex/1.0.2/generex-1.0.2.jar:/home/runner/.m2/repository/dk/brics/automaton/automaton/1.11-8/automaton-1.11-8.jar:/home/runner/.m2/repository/org/junit/platform/junit-platform-launcher/1.10.3/junit-platform-launcher-1.10.3.jar:/home/runner/.m2/repository/org/junit/platform/junit-platform-engine/1.10.3/junit-platform-engine-1.10.3.jar:/home/runner/.m2/repository/org/opentest4j/opentest4j/1.3.0/opentest4j-1.3.0.jar:/home/runner/.m2/repository/org/junit/platform/junit-platform-commons/1.10.3/junit-platform-commons-1.10.3.jar:/home/runner/.m2/repository/org/apiguardian/apiguardian-api/1.1.2/apiguardian-api-1.1.2.jar:/home/runner/.m2/repository/jakarta/ws/rs/jakarta.ws.rs-api/3.1.0/jakarta.ws.rs-api-3.1.0.jar:/home/runner/work/apicurio-testing/apicurio-testing/clusters/ci419/namespaces/postgresql/tests/integration/apicurio-registry/java-sdk/target/apicurio-registry-java-sdk-3.0.9.jar:/home/runner/.m2/repository/com/microsoft/kiota/microsoft-kiota-abstractions/1.8.4/microsoft-kiota-abstractions-1.8.4.jar:/home/runner/.m2/repository/io/github/std-uritemplate/std-uritemplate/2.0.0/std-uritemplate-2.0.0.jar:/home/runner/.m2/repository/io/kiota/kiota-http-jdk/0.0.21/kiota-http-jdk-0.0.21.jar:/home/runner/.m2/repository/io/kiota/kiota-http-vertx/0.0.21/kiota-http-vertx-0.0.21.jar:/home/runner/.m2/repository/io/kiota/kiota-serialization-jackson/0.0.21/kiota-serialization-jackson-0.0.21.jar:/home/runner/.m2/repository/com/microsoft/kiota/microsoft-kiota-serialization-text/1.8.4/microsoft-kiota-serialization-text-1.8.4.jar:/home/runner/.m2/repository/com/microsoft/kiota/microsoft-kiota-serialization-form/1.8.4/microsoft-kiota-serialization-form-1.8.4.jar:/home/runner/.m2/repository/com/microsoft/kiota/microsoft-kiota-serialization-multipart/1.8.4/microsoft-kiota-serialization-multipart-1.8.4.jar:/home/runner/.m2/repository/jakarta/annotation/jakarta.annotation-api/3.0.0/jakarta.annotation-api-3.0.0.jar:/home/runner/.m2/repository/io/vertx/vertx-auth-oauth2/4.5.13/vertx-auth-oauth2-4.5.13.jar:/home/runner/work/apicurio-testing/apicurio-testing/clusters/ci419/namespaces/postgresql/tests/integration/apicurio-registry/java-sdk-v2/target/apicurio-registry-v2-java-sdk-3.0.9.jar:/home/runner/work/apicurio-testing/apicurio-testing/clusters/ci419/namespaces/postgresql/tests/integration/apicurio-registry/utils/kafka/target/apicurio-registry-utils-kafka-3.0.9-tests.jar:/home/runner/.m2/repository/org/eclipse/microprofile/config/microprofile-config-api/3.1/microprofile-config-api-3.1.jar:/home/runner/.m2/repository/org/apache/kafka/kafka-clients/3.9.0/kafka-clients-3.9.0.jar:/home/runner/.m2/repository/com/github/luben/zstd-jni/1.5.6-4/zstd-jni-1.5.6-4.jar:/home/runner/.m2/repository/org/lz4/lz4-java/1.8.0/lz4-java-1.8.0.jar:/home/runner/.m2/repository/org/xerial/snappy/snappy-java/1.1.10.5/snappy-java-1.1.10.5.jar:/home/runner/.m2/repository/org/slf4j/slf4j-api/2.0.6/slf4j-api-2.0.6.jar:/home/runner/work/apicurio-testing/apicurio-testing/clusters/ci419/namespaces/postgresql/tests/integration/apicurio-registry/utils/tests/target/apicurio-registry-utils-tests-3.0.9.jar:/home/runner/work/apicurio-testing/apicurio-testing/clusters/ci419/namespaces/postgresql/tests/integration/apicurio-registry/common/target/apicurio-registry-common-3.0.9.jar:/home/runner/.m2/repository/jakarta/validation/jakarta.validation-api/3.0.2/jakarta.validation-api-3.0.2.jar:/home/runner/.m2/repository/com/github/dasniko/testcontainers-keycloak/3.6.0/testcontainers-keycloak-3.6.0.jar:/home/runner/.m2/repository/org/testcontainers/testcontainers/1.20.1/testcontainers-1.20.1.jar:/home/runner/.m2/repository/org/rnorth/duct-tape/duct-tape/1.0.8/duct-tape-1.0.8.jar:/home/runner/.m2/repository/org/jetbrains/annotations/24.1.0/annotations-24.1.0.jar:/home/runner/.m2/repository/com/github/docker-java/docker-java-transport-zerodep/3.4.0/docker-java-transport-zerodep-3.4.0.jar:/home/runner/.m2/repository/com/github/docker-java/docker-java-transport/3.4.0/docker-java-transport-3.4.0.jar:/home/runner/.m2/repository/net/java/dev/jna/jna/5.8.0/jna-5.8.0.jar:/home/runner/.m2/repository/io/quarkus/quarkus-junit4-mock/3.15.4/quarkus-junit4-mock-3.15.4.jar:/home/runner/.m2/repository/org/jboss/shrinkwrap/shrinkwrap-api/2.0.0-beta-2/shrinkwrap-api-2.0.0-beta-2.jar:/home/runner/.m2/repository/org/jboss/shrinkwrap/shrinkwrap-impl-base/2.0.0-beta-2/shrinkwrap-impl-base-2.0.0-beta-2.jar:/home/runner/.m2/repository/org/jboss/shrinkwrap/shrinkwrap-spi/2.0.0-beta-2/shrinkwrap-spi-2.0.0-beta-2.jar:/home/runner/.m2/repository/org/keycloak/keycloak-admin-client/25.0.6/keycloak-admin-client-25.0.6.jar:/home/runner/.m2/repository/org/keycloak/keycloak-core/25.0.6/keycloak-core-25.0.6.jar:/home/runner/.m2/repository/org/keycloak/keycloak-common/25.0.6/keycloak-common-25.0.6.jar:/home/runner/.m2/repository/org/jboss/resteasy/resteasy-client/6.2.9.Final/resteasy-client-6.2.9.Final.jar:/home/runner/.m2/repository/org/jboss/resteasy/resteasy-client-api/6.2.9.Final/resteasy-client-api-6.2.9.Final.jar:/home/runner/.m2/repository/org/jboss/resteasy/resteasy-core-spi/6.2.9.Final/resteasy-core-spi-6.2.9.Final.jar:/home/runner/.m2/repository/org/jboss/resteasy/resteasy-core/6.2.9.Final/resteasy-core-6.2.9.Final.jar:/home/runner/.m2/repository/org/eclipse/angus/angus-activation/2.0.2/angus-activation-2.0.2.jar:/home/runner/.m2/repository/com/ibm/async/asyncutil/0.1.0/asyncutil-0.1.0.jar:/home/runner/.m2/repository/org/reactivestreams/reactive-streams/1.0.4/reactive-streams-1.0.4.jar:/home/runner/.m2/repository/org/jboss/resteasy/resteasy-multipart-provider/6.2.9.Final/resteasy-multipart-provider-6.2.9.Final.jar:/home/runner/.m2/repository/jakarta/mail/jakarta.mail-api/2.1.2/jakarta.mail-api-2.1.2.jar:/home/runner/.m2/repository/org/eclipse/angus/angus-mail/2.0.3/angus-mail-2.0.3.jar:/home/runner/.m2/repository/org/apache/james/apache-mime4j-dom/0.8.11/apache-mime4j-dom-0.8.11.jar:/home/runner/.m2/repository/org/apache/james/apache-mime4j-core/0.8.11/apache-mime4j-core-0.8.11.jar:/home/runner/.m2/repository/org/apache/james/apache-mime4j-storage/0.8.11/apache-mime4j-storage-0.8.11.jar:/home/runner/.m2/repository/org/jboss/resteasy/resteasy-jackson2-provider/6.2.9.Final/resteasy-jackson2-provider-6.2.9.Final.jar:/home/runner/.m2/repository/com/fasterxml/jackson/jakarta/rs/jackson-jakarta-rs-base/2.17.2/jackson-jakarta-rs-base-2.17.2.jar:/home/runner/.m2/repository/com/fasterxml/jackson/jakarta/rs/jackson-jakarta-rs-json-provider/2.17.2/jackson-jakarta-rs-json-provider-2.17.2.jar:/home/runner/.m2/repository/com/fasterxml/jackson/module/jackson-module-jakarta-xmlbind-annotations/2.17.2/jackson-module-jakarta-xmlbind-annotations-2.17.2.jar:/home/runner/.m2/repository/com/github/java-json-tools/json-patch/1.13/json-patch-1.13.jar:/home/runner/.m2/repository/com/github/java-json-tools/msg-simple/1.2/msg-simple-1.2.jar:/home/runner/.m2/repository/com/github/java-json-tools/btf/1.3/btf-1.3.jar:/home/runner/.m2/repository/com/github/java-json-tools/jackson-coreutils/2.0/jackson-coreutils-2.0.jar:/home/runner/.m2/repository/org/jboss/resteasy/resteasy-jaxb-provider/6.2.9.Final/resteasy-jaxb-provider-6.2.9.Final.jar:/home/runner/.m2/repository/org/glassfish/jaxb/codemodel/4.0.3/codemodel-4.0.3.jar:/home/runner/.m2/repository/org/glassfish/jaxb/jaxb-core/4.0.5/jaxb-core-4.0.5.jar:/home/runner/.m2/repository/org/glassfish/jaxb/jaxb-jxc/4.0.3/jaxb-jxc-4.0.3.jar:/home/runner/.m2/repository/org/glassfish/jaxb/jaxb-runtime/4.0.5/jaxb-runtime-4.0.5.jar:/home/runner/.m2/repository/org/glassfish/jaxb/txw2/4.0.5/txw2-4.0.5.jar:/home/runner/.m2/repository/org/glassfish/jaxb/jaxb-xjc/4.0.3/jaxb-xjc-4.0.3.jar:/home/runner/.m2/repository/org/glassfish/jaxb/xsom/4.0.3/xsom-4.0.3.jar:/home/runner/.m2/repository/com/sun/istack/istack-commons-runtime/4.1.2/istack-commons-runtime-4.1.2.jar:/home/runner/.m2/repository/com/sun/istack/istack-commons-tools/4.1.2/istack-commons-tools-4.1.2.jar:/home/runner/.m2/repository/com/sun/xml/bind/external/relaxng-datatype/4.0.3/relaxng-datatype-4.0.3.jar:/home/runner/.m2/repository/com/sun/xml/bind/external/rngom/4.0.3/rngom-4.0.3.jar:/home/runner/.m2/repository/org/testcontainers/mssqlserver/1.20.1/mssqlserver-1.20.1.jar:/home/runner/.m2/repository/org/testcontainers/jdbc/1.20.1/jdbc-1.20.1.jar:/home/runner/.m2/repository/org/testcontainers/database-commons/1.20.1/database-commons-1.20.1.jar:/home/runner/.m2/repository/org/testcontainers/mysql/1.20.1/mysql-1.20.1.jar:/home/runner/.m2/repository/io/strimzi/strimzi-test-container/0.107.0/strimzi-test-container-0.107.0.jar:/home/runner/.m2/repository/org/testcontainers/toxiproxy/1.20.1/toxiproxy-1.20.1.jar:/home/runner/.m2/repository/com/github/docker-java/docker-java-api/3.4.0/docker-java-api-3.4.0.jar:/home/runner/.m2/repository/eu/rekawek/toxiproxy/toxiproxy-java/2.1.7/toxiproxy-java-2.1.7.jar:/home/runner/.m2/repository/junit/junit/4.13.2/junit-4.13.2.jar:/home/runner/.m2/repository/org/hamcrest/hamcrest-core/1.3/hamcrest-core-1.3.jar:/home/runner/.m2/repository/org/testcontainers/pulsar/1.20.4/pulsar-1.20.4.jar:/home/runner/.m2/repository/io/debezium/debezium-testing-testcontainers/2.6.2.Final/debezium-testing-testcontainers-2.6.2.Final.jar:/home/runner/.m2/repository/org/testcontainers/kafka/1.20.1/kafka-1.20.1.jar:/home/runner/.m2/repository/com/squareup/okhttp3/okhttp/4.8.1/okhttp-4.8.1.jar:/home/runner/.m2/repository/com/squareup/okio/okio/3.10.2/okio-3.10.2.jar:/home/runner/.m2/repository/com/squareup/okio/okio-jvm/3.10.2/okio-jvm-3.10.2.jar:/home/runner/.m2/repository/org/jetbrains/kotlin/kotlin-stdlib/2.0.10/kotlin-stdlib-2.0.10.jar:/home/runner/.m2/repository/org/awaitility/awaitility/4.2.2/awaitility-4.2.2.jar:/home/runner/.m2/repository/org/testcontainers/mongodb/1.20.1/mongodb-1.20.1.jar:/home/runner/.m2/repository/org/testcontainers/oracle-xe/1.20.1/oracle-xe-1.20.1.jar:/home/runner/.m2/repository/org/testcontainers/postgresql/1.20.1/postgresql-1.20.1.jar:/home/runner/.m2/repository/org/wiremock/wiremock/3.0.1/wiremock-3.0.1.jar:/home/runner/.m2/repository/org/eclipse/jetty/jetty-server/11.0.15/jetty-server-11.0.15.jar:/home/runner/.m2/repository/org/eclipse/jetty/toolchain/jetty-jakarta-servlet-api/5.0.2/jetty-jakarta-servlet-api-5.0.2.jar:/home/runner/.m2/repository/org/eclipse/jetty/jetty-http/11.0.15/jetty-http-11.0.15.jar:/home/runner/.m2/repository/org/eclipse/jetty/jetty-io/11.0.15/jetty-io-11.0.15.jar:/home/runner/.m2/repository/org/eclipse/jetty/jetty-servlet/11.0.15/jetty-servlet-11.0.15.jar:/home/runner/.m2/repository/org/eclipse/jetty/jetty-security/11.0.15/jetty-security-11.0.15.jar:/home/runner/.m2/repository/org/eclipse/jetty/jetty-servlets/11.0.15/jetty-servlets-11.0.15.jar:/home/runner/.m2/repository/org/eclipse/jetty/jetty-util/11.0.15/jetty-util-11.0.15.jar:/home/runner/.m2/repository/org/eclipse/jetty/jetty-webapp/11.0.15/jetty-webapp-11.0.15.jar:/home/runner/.m2/repository/org/eclipse/jetty/jetty-xml/11.0.15/jetty-xml-11.0.15.jar:/home/runner/.m2/repository/org/eclipse/jetty/jetty-proxy/11.0.15/jetty-proxy-11.0.15.jar:/home/runner/.m2/repository/org/eclipse/jetty/jetty-client/11.0.15/jetty-client-11.0.15.jar:/home/runner/.m2/repository/org/eclipse/jetty/http2/http2-server/11.0.15/http2-server-11.0.15.jar:/home/runner/.m2/repository/org/eclipse/jetty/http2/http2-common/11.0.15/http2-common-11.0.15.jar:/home/runner/.m2/repository/org/eclipse/jetty/http2/http2-hpack/11.0.15/http2-hpack-11.0.15.jar:/home/runner/.m2/repository/org/eclipse/jetty/jetty-alpn-server/11.0.15/jetty-alpn-server-11.0.15.jar:/home/runner/.m2/repository/org/eclipse/jetty/jetty-alpn-java-server/11.0.15/jetty-alpn-java-server-11.0.15.jar:/home/runner/.m2/repository/org/eclipse/jetty/jetty-alpn-java-client/11.0.15/jetty-alpn-java-client-11.0.15.jar:/home/runner/.m2/repository/org/eclipse/jetty/jetty-alpn-client/11.0.15/jetty-alpn-client-11.0.15.jar:/home/runner/.m2/repository/org/apache/httpcomponents/client5/httpclient5/5.2.1/httpclient5-5.2.1.jar:/home/runner/.m2/repository/org/apache/httpcomponents/core5/httpcore5/5.2/httpcore5-5.2.jar:/home/runner/.m2/repository/org/apache/httpcomponents/core5/httpcore5-h2/5.2/httpcore5-h2-5.2.jar:/home/runner/.m2/repository/org/xmlunit/xmlunit-core/2.9.1/xmlunit-core-2.9.1.jar:/home/runner/.m2/repository/jakarta/xml/bind/jakarta.xml.bind-api/4.0.2/jakarta.xml.bind-api-4.0.2.jar:/home/runner/.m2/repository/jakarta/activation/jakarta.activation-api/2.1.3/jakarta.activation-api-2.1.3.jar:/home/runner/.m2/repository/org/xmlunit/xmlunit-legacy/2.9.1/xmlunit-legacy-2.9.1.jar:/home/runner/.m2/repository/org/xmlunit/xmlunit-placeholders/2.9.1/xmlunit-placeholders-2.9.1.jar:/home/runner/.m2/repository/net/javacrumbs/json-unit/json-unit-core/2.38.0/json-unit-core-2.38.0.jar:/home/runner/.m2/repository/com/jayway/jsonpath/json-path/2.8.0/json-path-2.8.0.jar:/home/runner/.m2/repository/net/minidev/json-smart/2.4.10/json-smart-2.4.10.jar:/home/runner/.m2/repository/net/minidev/accessors-smart/2.4.9/accessors-smart-2.4.9.jar:/home/runner/.m2/repository/org/ow2/asm/asm/9.7/asm-9.7.jar:/home/runner/.m2/repository/net/sf/jopt-simple/jopt-simple/5.0.4/jopt-simple-5.0.4.jar:/home/runner/.m2/repository/com/github/jknack/handlebars/4.3.1/handlebars-4.3.1.jar:/home/runner/.m2/repository/com/github/jknack/handlebars-helpers/4.3.1/handlebars-helpers-4.3.1.jar:/home/runner/.m2/repository/commons-fileupload/commons-fileupload/1.5/commons-fileupload-1.5.jar:/home/runner/.m2/repository/com/networknt/json-schema-validator/1.5.5/json-schema-validator-1.5.5.jar:/home/runner/.m2/repository/com/ethlo/time/itu/1.10.3/itu-1.10.3.jar:/home/runner/.m2/repository/io/quarkus/quarkus-smallrye-jwt-build/3.15.4/quarkus-smallrye-jwt-build-3.15.4.jar:/home/runner/.m2/repository/io/smallrye/smallrye-jwt-build/4.5.3/smallrye-jwt-build-4.5.3.jar:/home/runner/.m2/repository/org/eclipse/microprofile/jwt/microprofile-jwt-auth-api/2.1/microprofile-jwt-auth-api-2.1.jar:/home/runner/.m2/repository/org/bitbucket/b_c/jose4j/0.9.6/jose4j-0.9.6.jar:/home/runner/.m2/repository/io/smallrye/smallrye-jwt-common/4.5.3/smallrye-jwt-common-4.5.3.jar:/home/runner/.m2/repository/io/quarkus/quarkus-jsonp/3.15.4/quarkus-jsonp-3.15.4.jar:/home/runner/.m2/repository/io/quarkus/quarkus-arc/3.15.4/quarkus-arc-3.15.4.jar:/home/runner/.m2/repository/io/quarkus/arc/arc/3.15.4/arc-3.15.4.jar:/home/runner/.m2/repository/jakarta/transaction/jakarta.transaction-api/2.0.1/jakarta.transaction-api-2.0.1.jar:/home/runner/.m2/repository/io/smallrye/reactive/mutiny/2.6.2/mutiny-2.6.2.jar:/home/runner/.m2/repository/org/jctools/jctools-core/4.0.5/jctools-core-4.0.5.jar:/home/runner/.m2/repository/org/eclipse/microprofile/context-propagation/microprofile-context-propagation-api/1.3/microprofile-context-propagation-api-1.3.jar:/home/runner/.m2/repository/io/apicurio/apicurio-common-rest-client-common/0.1.18.Final/apicurio-common-rest-client-common-0.1.18.Final.jar:/home/runner/work/apicurio-testing/apicurio-testing/clusters/ci419/namespaces/postgresql/tests/integration/apicurio-registry/utils/maven-plugin/target/apicurio-registry-maven-plugin-3.0.9.jar:/home/runner/.m2/repository/com/fasterxml/jackson/core/jackson-databind/2.17.2/jackson-databind-2.17.2.jar:/home/runner/.m2/repository/org/apache/avro/avro/1.12.0/avro-1.12.0.jar:/home/runner/.m2/repository/com/google/protobuf/protobuf-java/3.25.8/protobuf-java-3.25.8.jar:/home/runner/.m2/repository/com/google/protobuf/protobuf-java-util/3.25.8/protobuf-java-util-3.25.8.jar:/home/runner/.m2/repository/com/google/code/findbugs/jsr305/3.0.2/jsr305-3.0.2.jar:/home/runner/.m2/repository/com/google/code/gson/gson/2.11.0/gson-2.11.0.jar:/home/runner/.m2/repository/com/google/errorprone/error_prone_annotations/2.30.0/error_prone_annotations-2.30.0.jar:/home/runner/.m2/repository/com/google/j2objc/j2objc-annotations/2.8/j2objc-annotations-2.8.jar:/home/runner/work/apicurio-testing/apicurio-testing/clusters/ci419/namespaces/postgresql/tests/integration/apicurio-registry/schema-util/util-provider/target/apicurio-registry-schema-util-provider-3.0.9.jar:/home/runner/work/apicurio-testing/apicurio-testing/clusters/ci419/namespaces/postgresql/tests/integration/apicurio-registry/schema-util/common/target/apicurio-registry-schema-util-common-3.0.9.jar:/home/runner/.m2/repository/com/fasterxml/jackson/module/jackson-module-parameter-names/2.17.2/jackson-module-parameter-names-2.17.2.jar:/home/runner/.m2/repository/com/fasterxml/jackson/datatype/jackson-datatype-json-org/2.18.2/jackson-datatype-json-org-2.18.2.jar:/home/runner/work/apicurio-testing/apicurio-testing/clusters/ci419/namespaces/postgresql/tests/integration/apicurio-registry/schema-util/json/target/apicurio-registry-schema-util-json-3.0.9.jar:/home/runner/.m2/repository/com/github/erosb/everit-json-schema/1.14.5/everit-json-schema-1.14.5.jar:/home/runner/.m2/repository/commons-validator/commons-validator/1.9.0/commons-validator-1.9.0.jar:/home/runner/.m2/repository/commons-digester/commons-digester/2.1/commons-digester-2.1.jar:/home/runner/.m2/repository/commons-collections/commons-collections/3.2.2/commons-collections-3.2.2.jar:/home/runner/.m2/repository/com/damnhandy/handy-uri-templates/2.1.8/handy-uri-templates-2.1.8.jar:/home/runner/.m2/repository/joda-time/joda-time/2.10.2/joda-time-2.10.2.jar:/home/runner/.m2/repository/com/github/erosb/json-sKema/0.20.0/json-sKema-0.20.0.jar:/home/runner/.m2/repository/io/vertx/vertx-json-schema/4.5.13/vertx-json-schema-4.5.13.jar:/home/runner/work/apicurio-testing/apicurio-testing/clusters/ci419/namespaces/postgresql/tests/integration/apicurio-registry/schema-util/protobuf/target/apicurio-registry-schema-util-protobuf-3.0.9.jar:/home/runner/work/apicurio-testing/apicurio-testing/clusters/ci419/namespaces/postgresql/tests/integration/apicurio-registry/utils/protobuf-schema-utilities/target/apicurio-registry-protobuf-schema-utilities-3.0.9.jar:/home/runner/.m2/repository/com/google/api/grpc/proto-google-common-protos/2.52.0/proto-google-common-protos-2.52.0.jar:/home/runner/.m2/repository/com/squareup/wire/wire-schema-jvm/5.1.0/wire-schema-jvm-5.1.0.jar:/home/runner/.m2/repository/com/squareup/javapoet/1.13.0/javapoet-1.13.0.jar:/home/runner/.m2/repository/com/squareup/kotlinpoet-jvm/1.18.1/kotlinpoet-jvm-1.18.1.jar:/home/runner/.m2/repository/org/jetbrains/kotlin/kotlin-reflect/2.0.10/kotlin-reflect-2.0.10.jar:/home/runner/.m2/repository/com/squareup/wire/wire-runtime-jvm/5.1.0/wire-runtime-jvm-5.1.0.jar:/home/runner/.m2/repository/com/ibm/icu/icu4j/76.1/icu4j-76.1.jar:/home/runner/.m2/repository/com/squareup/okio/okio-fakefilesystem/3.10.2/okio-fakefilesystem-3.10.2.jar:/home/runner/.m2/repository/com/squareup/okio/okio-fakefilesystem-jvm/3.10.2/okio-fakefilesystem-jvm-3.10.2.jar:/home/runner/.m2/repository/org/jetbrains/kotlinx/kotlinx-datetime-jvm/0.6.1/kotlinx-datetime-jvm-0.6.1.jar:/home/runner/work/apicurio-testing/apicurio-testing/clusters/ci419/namespaces/postgresql/tests/integration/apicurio-registry/schema-util/asyncapi/target/apicurio-registry-schema-util-asyncapi-3.0.9.jar:/home/runner/work/apicurio-testing/apicurio-testing/clusters/ci419/namespaces/postgresql/tests/integration/apicurio-registry/schema-util/avro/target/apicurio-registry-schema-util-avro-3.0.9.jar:/home/runner/work/apicurio-testing/apicurio-testing/clusters/ci419/namespaces/postgresql/tests/integration/apicurio-registry/schema-util/graphql/target/apicurio-registry-schema-util-graphql-3.0.9.jar:/home/runner/.m2/repository/com/graphql-java/graphql-java/22.3/graphql-java-22.3.jar:/home/runner/.m2/repository/com/graphql-java/java-dataloader/3.3.0/java-dataloader-3.3.0.jar:/home/runner/work/apicurio-testing/apicurio-testing/clusters/ci419/namespaces/postgresql/tests/integration/apicurio-registry/schema-util/kconnect/target/apicurio-registry-schema-util-kconnect-3.0.9.jar:/home/runner/work/apicurio-testing/apicurio-testing/clusters/ci419/namespaces/postgresql/tests/integration/apicurio-registry/schema-util/openapi/target/apicurio-registry-schema-util-openapi-3.0.9.jar:/home/runner/.m2/repository/io/apicurio/apicurio-data-models/2.2.1/apicurio-data-models-2.2.1.jar:/home/runner/.m2/repository/org/openapitools/openapidiff/openapi-diff-core/2.0.1/openapi-diff-core-2.0.1.jar:/home/runner/.m2/repository/io/swagger/parser/v3/swagger-parser/2.0.28/swagger-parser-2.0.28.jar:/home/runner/.m2/repository/io/swagger/parser/v3/swagger-parser-v2-converter/2.0.28/swagger-parser-v2-converter-2.0.28.jar:/home/runner/.m2/repository/io/swagger/swagger-core/1.6.3/swagger-core-1.6.3.jar:/home/runner/.m2/repository/io/swagger/swagger-models/1.6.3/swagger-models-1.6.3.jar:/home/runner/.m2/repository/io/swagger/swagger-annotations/1.6.3/swagger-annotations-1.6.3.jar:/home/runner/.m2/repository/io/swagger/swagger-parser/1.0.56/swagger-parser-1.0.56.jar:/home/runner/.m2/repository/io/swagger/swagger-compat-spec-parser/1.0.56/swagger-compat-spec-parser-1.0.56.jar:/home/runner/.m2/repository/com/github/java-json-tools/json-schema-validator/2.2.14/json-schema-validator-2.2.14.jar:/home/runner/.m2/repository/com/github/java-json-tools/jackson-coreutils-equivalence/1.0/jackson-coreutils-equivalence-1.0.jar:/home/runner/.m2/repository/com/github/java-json-tools/json-schema-core/1.2.14/json-schema-core-1.2.14.jar:/home/runner/.m2/repository/com/github/java-json-tools/uri-template/0.10/uri-template-0.10.jar:/home/runner/.m2/repository/com/sun/mail/mailapi/1.6.2/mailapi-1.6.2.jar:/home/runner/.m2/repository/com/googlecode/libphonenumber/libphonenumber/8.11.1/libphonenumber-8.11.1.jar:/home/runner/.m2/repository/com/j2html/j2html/1.5.0/j2html-1.5.0.jar:/home/runner/.m2/repository/org/apache/commons/commons-collections4/4.4/commons-collections4-4.4.jar:/home/runner/.m2/repository/commons-httpclient/commons-httpclient/3.1/commons-httpclient-3.1.jar:/home/runner/.m2/repository/io/swagger/parser/v3/swagger-parser-v3/2.1.25/swagger-parser-v3-2.1.25.jar:/home/runner/.m2/repository/io/swagger/core/v3/swagger-models/2.2.28/swagger-models-2.2.28.jar:/home/runner/.m2/repository/io/swagger/core/v3/swagger-core/2.2.28/swagger-core-2.2.28.jar:/home/runner/.m2/repository/io/swagger/parser/v3/swagger-parser-core/2.1.25/swagger-parser-core-2.1.25.jar:/home/runner/.m2/repository/io/swagger/parser/v3/swagger-parser-safe-url-resolver/2.1.25/swagger-parser-safe-url-resolver-2.1.25.jar:/home/runner/work/apicurio-testing/apicurio-testing/clusters/ci419/namespaces/postgresql/tests/integration/apicurio-registry/schema-util/wsdl/target/apicurio-registry-schema-util-wsdl-3.0.9.jar:/home/runner/.m2/repository/wsdl4j/wsdl4j/1.6.3/wsdl4j-1.6.3.jar:/home/runner/work/apicurio-testing/apicurio-testing/clusters/ci419/namespaces/postgresql/tests/integration/apicurio-registry/schema-util/xml/target/apicurio-registry-schema-util-xml-3.0.9.jar:/home/runner/.m2/repository/org/apache/santuario/xmlsec/4.0.3/xmlsec-4.0.3.jar:/home/runner/.m2/repository/com/fasterxml/woodstox/woodstox-core/7.1.0/woodstox-core-7.1.0.jar:/home/runner/.m2/repository/org/codehaus/woodstox/stax2-api/4.2.2/stax2-api-4.2.2.jar:/home/runner/work/apicurio-testing/apicurio-testing/clusters/ci419/namespaces/postgresql/tests/integration/apicurio-registry/schema-util/xsd/target/apicurio-registry-schema-util-xsd-3.0.9.jar:/home/runner/work/apicurio-testing/apicurio-testing/clusters/ci419/namespaces/postgresql/tests/integration/apicurio-registry/serdes/kafka/jsonschema-serde/target/apicurio-registry-jsonschema-serde-kafka-3.0.9.jar:/home/runner/work/apicurio-testing/apicurio-testing/clusters/ci419/namespaces/postgresql/tests/integration/apicurio-registry/serdes/kafka/serde-kafka-common/target/apicurio-registry-serde-kafka-common-3.0.9.jar:/home/runner/work/apicurio-testing/apicurio-testing/clusters/ci419/namespaces/postgresql/tests/integration/apicurio-registry/serdes/generic/serde-common/target/apicurio-registry-serde-common-3.0.9.jar:/home/runner/work/apicurio-testing/apicurio-testing/clusters/ci419/namespaces/postgresql/tests/integration/apicurio-registry/schema-resolver/target/apicurio-registry-schema-resolver-3.0.9.jar:/home/runner/work/apicurio-testing/apicurio-testing/clusters/ci419/namespaces/postgresql/tests/integration/apicurio-registry/serdes/generic/serde-common-jsonschema/target/apicurio-registry-serde-common-jsonschema-3.0.9.jar:/home/runner/.m2/repository/org/json/json/20250107/json-20250107.jar:/home/runner/work/apicurio-testing/apicurio-testing/clusters/ci419/namespaces/postgresql/tests/integration/apicurio-registry/serdes/kafka/avro-serde/target/apicurio-registry-avro-serde-kafka-3.0.9.jar:/home/runner/work/apicurio-testing/apicurio-testing/clusters/ci419/namespaces/postgresql/tests/integration/apicurio-registry/serdes/generic/serde-common-avro/target/apicurio-registry-serde-common-avro-3.0.9.jar:/home/runner/work/apicurio-testing/apicurio-testing/clusters/ci419/namespaces/postgresql/tests/integration/apicurio-registry/serdes/kafka/protobuf-serde/target/apicurio-registry-protobuf-serde-kafka-3.0.9.jar:/home/runner/work/apicurio-testing/apicurio-testing/clusters/ci419/namespaces/postgresql/tests/integration/apicurio-registry/serdes/generic/serde-common-protobuf/target/apicurio-registry-serde-common-protobuf-3.0.9.jar:/home/runner/.m2/repository/com/squareup/wire/wire-schema/5.1.0/wire-schema-5.1.0.jar:/home/runner/.m2/repository/com/squareup/wire/wire-runtime/5.1.0/wire-runtime-5.1.0.jar:/home/runner/work/apicurio-testing/apicurio-testing/clusters/ci419/namespaces/postgresql/tests/integration/apicurio-registry/serdes/pulsar/avro-serde/target/apicurio-registry-avro-serde-pulsar-3.0.9.jar:/home/runner/.m2/repository/org/apache/pulsar/pulsar-functions-api/3.3.4/pulsar-functions-api-3.3.4.jar:/home/runner/work/apicurio-testing/apicurio-testing/clusters/ci419/namespaces/postgresql/tests/integration/apicurio-registry/serdes/nats/avro-serde/target/apicurio-registry-avro-serde-nats-3.0.9.jar:/home/runner/.m2/repository/io/nats/jnats/2.20.5/jnats-2.20.5.jar:/home/runner/.m2/repository/net/i2p/crypto/eddsa/0.3.0/eddsa-0.3.0.jar:/home/runner/work/apicurio-testing/apicurio-testing/clusters/ci419/namespaces/postgresql/tests/integration/apicurio-registry/utils/converter/target/apicurio-registry-utils-converter-3.0.9.jar:/home/runner/.m2/repository/org/apache/kafka/connect-api/3.9.1/connect-api-3.9.1.jar:/home/runner/.m2/repository/javax/ws/rs/javax.ws.rs-api/2.1.1/javax.ws.rs-api-2.1.1.jar:/home/runner/.m2/repository/org/apache/kafka/connect-json/3.9.1/connect-json-3.9.1.jar:/home/runner/.m2/repository/com/fasterxml/jackson/datatype/jackson-datatype-jdk8/2.17.2/jackson-datatype-jdk8-2.17.2.jar:/home/runner/.m2/repository/com/fasterxml/jackson/module/jackson-module-afterburner/2.17.2/jackson-module-afterburner-2.17.2.jar:/home/runner/work/apicurio-testing/apicurio-testing/clusters/ci419/namespaces/postgresql/tests/integration/apicurio-registry/utils/kafka/target/apicurio-registry-utils-kafka-3.0.9.jar:/home/runner/.m2/repository/org/apache/pulsar/pulsar-client/3.3.4/pulsar-client-3.3.4.jar:/home/runner/.m2/repository/org/apache/pulsar/pulsar-client-api/3.3.4/pulsar-client-api-3.3.4.jar:/home/runner/.m2/repository/org/apache/pulsar/pulsar-client-admin-api/3.3.4/pulsar-client-admin-api-3.3.4.jar:/home/runner/.m2/repository/org/apache/pulsar/bouncy-castle-bc/3.3.4/bouncy-castle-bc-3.3.4-pkg.jar:/home/runner/.m2/repository/org/bouncycastle/bcpkix-jdk18on/1.78.1/bcpkix-jdk18on-1.78.1.jar:/home/runner/.m2/repository/org/bouncycastle/bcutil-jdk18on/1.78.1/bcutil-jdk18on-1.78.1.jar:/home/runner/.m2/repository/org/bouncycastle/bcprov-jdk18on/1.78.1/bcprov-jdk18on-1.78.1.jar:/home/runner/.m2/repository/io/opentelemetry/opentelemetry-api/1.39.0/opentelemetry-api-1.39.0.jar:/home/runner/.m2/repository/io/opentelemetry/opentelemetry-context/1.39.0/opentelemetry-context-1.39.0.jar:/home/runner/.m2/repository/io/opentelemetry/opentelemetry-api-incubator/1.39.0-alpha/opentelemetry-api-incubator-1.39.0-alpha.jar:/home/runner/.m2/repository/com/fasterxml/jackson/core/jackson-annotations/2.17.2/jackson-annotations-2.17.2.jar:/home/runner/.m2/repository/javax/validation/validation-api/1.1.0.Final/validation-api-1.1.0.Final.jar:/home/runner/.m2/repository/io/confluent/kafka-avro-serializer/7.9.0/kafka-avro-serializer-7.9.0.jar:/home/runner/.m2/repository/org/apache/commons/commons-compress/1.27.0/commons-compress-1.27.0.jar:/home/runner/.m2/repository/io/confluent/kafka-schema-serializer/7.9.0/kafka-schema-serializer-7.9.0.jar:/home/runner/.m2/repository/com/fasterxml/jackson/dataformat/jackson-dataformat-csv/2.17.2/jackson-dataformat-csv-2.17.2.jar:/home/runner/.m2/repository/io/confluent/kafka-schema-registry-client/7.9.0/kafka-schema-registry-client-7.9.0.jar:/home/runner/.m2/repository/org/yaml/snakeyaml/2.2/snakeyaml-2.2.jar:/home/runner/.m2/repository/io/swagger/core/v3/swagger-annotations/2.1.10/swagger-annotations-2.1.10.jar:/home/runner/.m2/repository/com/google/guava/guava/33.2.1-jre/guava-33.2.1-jre.jar:/home/runner/.m2/repository/com/google/guava/failureaccess/1.0.1/failureaccess-1.0.1.jar:/home/runner/.m2/repository/org/checkerframework/checker-qual/3.46.0/checker-qual-3.46.0.jar:/home/runner/.m2/repository/io/confluent/logredactor/1.0.12/logredactor-1.0.12.jar:/home/runner/.m2/repository/com/google/re2j/re2j/1.6/re2j-1.6.jar:/home/runner/.m2/repository/io/confluent/logredactor-metrics/1.0.12/logredactor-metrics-1.0.12.jar:/home/runner/.m2/repository/com/eclipsesource/minimal-json/minimal-json/0.9.5/minimal-json-0.9.5.jar:/home/runner/.m2/repository/io/confluent/common-utils/7.9.0/common-utils-7.9.0.jar:/home/runner/.m2/repository/io/confluent/kafka-connect-avro-converter/7.9.0/kafka-connect-avro-converter-7.9.0.jar:/home/runner/.m2/repository/io/confluent/kafka-connect-avro-data/7.9.0/kafka-connect-avro-data-7.9.0.jar:/home/runner/.m2/repository/io/confluent/kafka-schema-converter/7.9.0/kafka-schema-converter-7.9.0.jar:/home/runner/.m2/repository/io/rest-assured/rest-assured/5.5.0/rest-assured-5.5.0.jar:/home/runner/.m2/repository/org/apache/groovy/groovy/4.0.22/groovy-4.0.22.jar:/home/runner/.m2/repository/org/apache/groovy/groovy-xml/4.0.22/groovy-xml-4.0.22.jar:/home/runner/.m2/repository/org/apache/httpcomponents/httpclient/4.5.14/httpclient-4.5.14.jar:/home/runner/.m2/repository/org/apache/httpcomponents/httpcore/4.4.16/httpcore-4.4.16.jar:/home/runner/.m2/repository/org/apache/httpcomponents/httpmime/4.5.14/httpmime-4.5.14.jar:/home/runner/.m2/repository/org/hamcrest/hamcrest/2.2/hamcrest-2.2.jar:/home/runner/.m2/repository/org/ccil/cowan/tagsoup/tagsoup/1.2.1/tagsoup-1.2.1.jar:/home/runner/.m2/repository/io/rest-assured/json-path/5.5.0/json-path-5.5.0.jar:/home/runner/.m2/repository/org/apache/groovy/groovy-json/4.0.22/groovy-json-4.0.22.jar:/home/runner/.m2/repository/io/rest-assured/rest-assured-common/5.5.0/rest-assured-common-5.5.0.jar:/home/runner/.m2/repository/io/rest-assured/xml-path/5.5.0/xml-path-5.5.0.jar:/home/runner/.m2/repository/io/zonky/test/embedded-postgres/2.1.0/embedded-postgres-2.1.0.jar:/home/runner/.m2/repository/io/zonky/test/postgres/embedded-postgres-binaries-windows-amd64/14.15.0/embedded-postgres-binaries-windows-amd64-14.15.0.jar:/home/runner/.m2/repository/io/zonky/test/postgres/embedded-postgres-binaries-darwin-amd64/14.15.0/embedded-postgres-binaries-darwin-amd64-14.15.0.jar:/home/runner/.m2/repository/io/zonky/test/postgres/embedded-postgres-binaries-linux-amd64/14.15.0/embedded-postgres-binaries-linux-amd64-14.15.0.jar:/home/runner/.m2/repository/io/zonky/test/postgres/embedded-postgres-binaries-linux-amd64-alpine/14.15.0/embedded-postgres-binaries-linux-amd64-alpine-14.15.0.jar:/home/runner/.m2/repository/org/apache/commons/commons-lang3/3.14.0/commons-lang3-3.14.0.jar:/home/runner/.m2/repository/org/tukaani/xz/1.10/xz-1.10.jar:/home/runner/.m2/repository/commons-codec/commons-codec/1.18.0/commons-codec-1.18.0.jar:/home/runner/.m2/repository/org/postgresql/postgresql/42.7.4/postgresql-42.7.4.jar:/home/runner/.m2/repository/commons-io/commons-io/2.16.1/commons-io-2.16.1.jar:/home/runner/work/apicurio-testing/apicurio-testing/clusters/ci419/namespaces/postgresql/tests/integration/apicurio-registry/utils/importexport/target/apicurio-registry-utils-import-export-3.0.9.jar:/home/runner/.m2/repository/io/vertx/vertx-core/4.5.13/vertx-core-4.5.13.jar:/home/runner/.m2/repository/io/netty/netty-common/4.1.118.Final/netty-common-4.1.118.Final.jar:/home/runner/.m2/repository/io/netty/netty-buffer/4.1.118.Final/netty-buffer-4.1.118.Final.jar:/home/runner/.m2/repository/io/netty/netty-transport/4.1.118.Final/netty-transport-4.1.118.Final.jar:/home/runner/.m2/repository/io/netty/netty-handler/4.1.118.Final/netty-handler-4.1.118.Final.jar:/home/runner/.m2/repository/io/netty/netty-transport-native-unix-common/4.1.118.Final/netty-transport-native-unix-common-4.1.118.Final.jar:/home/runner/.m2/repository/io/netty/netty-codec/4.1.118.Final/netty-codec-4.1.118.Final.jar:/home/runner/.m2/repository/io/netty/netty-handler-proxy/4.1.118.Final/netty-handler-proxy-4.1.118.Final.jar:/home/runner/.m2/repository/io/netty/netty-codec-socks/4.1.118.Final/netty-codec-socks-4.1.118.Final.jar:/home/runner/.m2/repository/io/netty/netty-codec-http/4.1.118.Final/netty-codec-http-4.1.118.Final.jar:/home/runner/.m2/repository/io/netty/netty-codec-http2/4.1.118.Final/netty-codec-http2-4.1.118.Final.jar:/home/runner/.m2/repository/io/netty/netty-resolver/4.1.118.Final/netty-resolver-4.1.118.Final.jar:/home/runner/.m2/repository/io/netty/netty-resolver-dns/4.1.118.Final/netty-resolver-dns-4.1.118.Final.jar:/home/runner/.m2/repository/io/netty/netty-codec-dns/4.1.118.Final/netty-codec-dns-4.1.118.Final.jar:/home/runner/.m2/repository/com/fasterxml/jackson/core/jackson-core/2.17.2/jackson-core-2.17.2.jar:"/>
    <property name="sun.cpu.endian" value="little"/>
    <property name="user.home" value="/home/runner"/>
    <property name="user.language" value="en"/>
    <property name="jboss.log-version" value="false"/>
    <property name="java.specification.vendor" value="Oracle Corporation"/>
    <property name="java.version.date" value="2025-07-15"/>
    <property name="java.home" value="/usr/lib/jvm/temurin-17-jdk-amd64"/>
    <property name="file.separator" value="/"/>
    <property name="basedir" value="/home/runner/work/apicurio-testing/apicurio-testing/clusters/ci419/namespaces/postgresql/tests/integration/apicurio-registry/integration-tests"/>
    <property name="java.vm.compressedOopsMode" value="32-bit"/>
    <property name="line.separator" value="&#10;"/>
    <property name="java.specification.name" value="Java Platform API Specification"/>
    <property name="java.vm.specification.vendor" value="Oracle Corporation"/>
    <property name="quarkus.http.test-host" value="registry-app-postgresql.apps.ci419.apicurio-testing.org"/>
    <property name="surefire.real.class.path" value="/home/runner/work/apicurio-testing/apicurio-testing/clusters/ci419/namespaces/postgresql/tests/integration/apicurio-registry/integration-tests/target/surefire/surefirebooter-20250731152920023_3.jar"/>
    <property name="sun.management.compiler" value="HotSpot 64-Bit Tiered Compilers"/>
    <property name="org.eclipse.jetty.http.HttpGenerator.STRICT" value="true"/>
    <property name="java.runtime.version" value="17.0.16+8"/>
    <property name="user.name" value="runner"/>
    <property name="path.separator" value=":"/>
    <property name="os.version" value="6.8.0-1031-azure"/>
    <property name="java.runtime.name" value="OpenJDK Runtime Environment"/>
    <property name="file.encoding" value="UTF-8"/>
    <property name="jnidispatch.path" value="/home/runner/.cache/JNA/temp/jna4239179152193220437.tmp"/>
    <property name="java.vm.name" value="OpenJDK 64-Bit Server VM"/>
    <property name="jna.platform.library.path" value="/usr/lib/x86_64-linux-gnu:/lib/x86_64-linux-gnu:/usr/lib64:/lib64:/usr/lib:/lib:/lib32:/usr/local/lib:/usr/lib/x86_64-linux-gnu/libfakeroot"/>
    <property name="java.vendor.version" value="Temurin-17.0.16+8"/>
    <property name="quarkus.oidc.token-path" value="https://keycloak-postgresql.apps.ci419.apicurio-testing.org/realms/registry/protocol/openid-connect/token"/>
    <property name="quarkus.http.host" value="registry-app-postgresql.apps.ci419.apicurio-testing.org"/>
    <property name="localRepository" value="/home/runner/.m2/repository"/>
    <property name="javax.xml.xpath.XPathFactory:http://java.sun.com/jaxp/xpath/dom" value="com.sun.org.apache.xpath.internal.jaxp.XPathFactoryImpl"/>
    <property name="jna.loaded" value="true"/>
    <property name="java.vendor.url.bug" value="https://github.com/adoptium/adoptium-support/issues"/>
    <property name="jetty.git.hash" value="5bc5e562c8d05c5862505aebe5cf83a61bdbcb96"/>
    <property name="java.io.tmpdir" value="/tmp"/>
    <property name="quarkus.http.test-protocol" value="http"/>
    <property name="java.version" value="17.0.16"/>
    <property name="user.dir" value="/home/runner/work/apicurio-testing/apicurio-testing/clusters/ci419/namespaces/postgresql/tests/integration/apicurio-registry/integration-tests"/>
    <property name="os.arch" value="amd64"/>
    <property name="groups" value="( smoke | serdes | acceptance | ui)"/>
    <property name="java.vm.specification.name" value="Java Virtual Machine Specification"/>
    <property name="native.encoding" value="UTF-8"/>
    <property name="java.util.logging.manager" value="org.jboss.logmanager.LogManager"/>
    <property name="java.library.path" value="/usr/java/packages/lib:/usr/lib64:/lib64:/lib:/usr/lib"/>
    <property name="jdk.console" value="java.base"/>
    <property name="java.vm.info" value="mixed mode, sharing"/>
    <property name="java.vendor" value="Eclipse Adoptium"/>
    <property name="java.vm.version" value="17.0.16+8"/>
    <property name="java.specification.maintenance.version" value="1"/>
    <property name="sun.io.unicode.encoding" value="UnicodeLittle"/>
    <property name="javax.xml.transform.TransformerFactory" value="com.sun.org.apache.xalan.internal.xsltc.trax.TransformerFactoryImpl"/>
    <property name="java.class.version" value="61.0"/>
  </properties>
  <testcase name="testEvolveAvroConfluent" classname="io.apicurio.tests.serdes.confluent.BasicConfluentSerDesIT" time="4.359">
    <system-out><![CDATA[2025-07-31 15:31:22,646 INFO  [io.api.tes.ser.con.BasicConfluentSerDesIT] (main) RestAssured configured with http://registry-app-postgresql.apps.ci419.apicurio-testing.org:80/apis/registry/v3
2025-07-31 15:31:22,884 INFO  [io.api.tes.ser.con.BasicConfluentSerDesIT] (main) Deleting confluent schema subj_57769689_9e95_4db3_ae59_cf7f7dc067de-value
2025-07-31 15:31:22,910 INFO  [io.api.tes.ser.con.BasicConfluentSerDesIT] (main) Deleting confluent schema subj_a1a862b5_17a6_4acf_ac8a_5bc0b090cf9f-value
2025-07-31 15:31:22,928 INFO  [io.api.tes.ser.con.BasicConfluentSerDesIT] (main) Deleting confluent schema subj_60db0273_55a1_491f_b533_9b136c5bf424-value
2025-07-31 15:31:22,944 INFO  [io.api.tes.ser.con.BasicConfluentSerDesIT] (main) Deleting confluent schema topic-edec6a09_ceaa_42c3_9c0b_de998aafe6fc-value
2025-07-31 15:31:22,961 INFO  [io.api.tes.ser.con.BasicConfluentSerDesIT] (main) Deleting confluent schema topic-ee6d64a5_a27f_4b97_9355_46596e632153-value
2025-07-31 15:31:22,977 INFO  [io.api.tes.ser.con.BasicConfluentSerDesIT] (main) Deleting confluent schema topic-8e821614_e386_42e7_a7c1_9f74a74dcfe5-value
2025-07-31 15:31:22,994 INFO  [io.api.tes.ser.con.BasicConfluentSerDesIT] (main) Deleting confluent schema topic-e7320a91_038f_4be9_9b3e_881ef1ff3399-value
2025-07-31 15:31:23,010 INFO  [io.api.tes.ser.con.BasicConfluentSerDesIT] (main) Deleting confluent schema topic-0d32b652_a94c_4e3b_a1d3_308d76fa25ae-value
2025-07-31 15:31:23,027 INFO  [io.api.tes.ser.con.BasicConfluentSerDesIT] (main) Deleting confluent schema topic-e46a9f35_b2cb_4ed4_89f4_936cac6aae31-value
2025-07-31 15:31:23,043 INFO  [io.api.tes.ser.con.BasicConfluentSerDesIT] (main) Deleting confluent schema myrecordconfluent
2025-07-31 15:31:23,058 INFO  [io.api.tes.ser.con.BasicConfluentSerDesIT] (main) Deleting confluent schema topic-1fb7aad9_01a1_42bb_afcf_dee46678fd5a
2025-07-31 15:31:23,073 INFO  [io.api.tes.ser.con.BasicConfluentSerDesIT] (main) Deleting confluent schema topic-bfb27097_d2d8_4b70_9bdc_0e9dacfba95e-value
2025-07-31 15:31:23,091 INFO  [io.api.tes.ser.con.BasicConfluentSerDesIT] (main) Deleting confluent schema topic-bab44e9b_a110_49f3_89e6_fc5b7bc5da9d
2025-07-31 15:31:23,109 INFO  [io.api.tes.ser.con.BasicConfluentSerDesIT] (main) Deleting confluent schema topic-a810727f_b978_42a1_bdd2_35be8c0437e1-value
2025-07-31 15:31:23,125 INFO  [io.api.tes.ser.con.BasicConfluentSerDesIT] (main) Deleting confluent schema topic-0f41c755_2caf_4343_b9be_44681c766566
2025-07-31 15:31:23,142 INFO  [io.api.tes.ser.con.BasicConfluentSerDesIT] (main) Deleting confluent schema topic-f8c441b0_6877_40ba_b5b7_0c6ab7cc69b0
2025-07-31 15:31:23,158 INFO  [io.api.tes.ser.con.BasicConfluentSerDesIT] (main) Deleting confluent schema topic-78766942_7aa0_48e4_bcd0_6c5a9ba4cc11-value
2025-07-31 15:31:23,174 INFO  [io.api.tes.ser.con.BasicConfluentSerDesIT] (main) Deleting confluent schema sf400b7afx1d49x40aax887dx326f905b19a0-value
2025-07-31 15:31:23,190 INFO  [io.api.tes.ser.con.BasicConfluentSerDesIT] (main) Deleting confluent schema google/protobuf/timestamp.proto
2025-07-31 15:31:23,206 INFO  [io.api.tes.ser.con.BasicConfluentSerDesIT] (main) Deleting confluent schema topic-fc8585cb_12c4_446d_88ef_9ea5a088c996-value
2025-07-31 15:31:23,222 INFO  [io.api.tes.ser.con.BasicConfluentSerDesIT] (main) Deleting confluent schema topic-96c265ab_8766_4da2_a709_5d106d91ca14-value
2025-07-31 15:31:23,239 INFO  [io.api.tes.ser.con.BasicConfluentSerDesIT] (main) Deleting confluent schema sf0cd952dxbb8cx476fx8020x7b03375bb1f5-value
2025-07-31 15:31:23,255 INFO  [io.api.tes.ser.con.BasicConfluentSerDesIT] (main) Deleting confluent schema topic-efd826de_558a_4fa7_9417_8ef3f6be076a-value
2025-07-31 15:31:23,271 INFO  [io.api.tes.ser.con.BasicConfluentSerDesIT] (main) Deleting confluent schema sf0b6b1c5x51a3x4d58xa8d0x036ed35517a3-value
2025-07-31 15:31:23,287 INFO  [io.api.tes.ser.con.BasicConfluentSerDesIT] (main) Deleting confluent schema topic-4e1902af_4ee1_41c9_8c6e_ed9bcd968ef4-value
2025-07-31 15:31:23,303 INFO  [io.api.tes.ser.con.BasicConfluentSerDesIT] (main) Deleting confluent schema topic-6ab311fe_f3b0_4e76_b1b9_5f92a03bb6f9-value
2025-07-31 15:31:23,318 INFO  [io.api.tes.ser.con.BasicConfluentSerDesIT] (main) Deleting confluent schema topic-2c862fb3_3f40_4fd9_bef8_0c7079d909bd
2025-07-31 15:31:23,334 INFO  [io.api.tes.ser.con.BasicConfluentSerDesIT] (main) Deleting confluent schema topic-ec958539_f505_4e12_97ad_8a46bde9b867
2025-07-31 15:31:23,350 INFO  [io.api.tes.ser.con.BasicConfluentSerDesIT] (main) Deleting confluent schema topic-de13d2a3_a006_4f24_9fa3_be58feae2baa-value
2025-07-31 15:31:23,368 INFO  [io.api.tes.ser.con.BasicConfluentSerDesIT] (main) Deleting confluent schema topic-f7100584_e79e_47e7_afd5_3ccb43ee4144-value
2025-07-31 15:31:23,383 INFO  [io.api.tes.ser.con.BasicConfluentSerDesIT] (main) Deleting confluent schema topic-9d0c64bf_52b6_45d3_85bc_b390127cf1c3-value
2025-07-31 15:31:23,403 INFO  [io.api.tes.uti.KafkaFacade] (main) Skipping deployment of kafka, because it's already deployed
2025-07-31 15:31:23,404 INFO  [io.api.tes.uti.TestSeparator] (main) ############################################################################
2025-07-31 15:31:23,404 INFO  [io.api.tes.uti.TestSeparator] (main) io.apicurio.tests.serdes.confluent.BasicConfluentSerDesIT.testEvolveAvroConfluent-STARTED
2025-07-31 15:31:23,406 INFO  [org.apa.kaf.cli.adm.AdminClientConfig] (main) AdminClientConfig values: 
	auto.include.jmx.reporter = true
	bootstrap.controllers = []
	bootstrap.servers = [PLAINTEXT://localhost:32770]
	client.dns.lookup = use_all_dns_ips
	client.id = 
	connections.max.idle.ms = 10000
	default.api.timeout.ms = 60000
	enable.metrics.push = true
	metadata.max.age.ms = 300000
	metadata.recovery.strategy = none
	metric.reporters = []
	metrics.num.samples = 2
	metrics.recording.level = INFO
	metrics.sample.window.ms = 30000
	receive.buffer.bytes = 65536
	reconnect.backoff.max.ms = 1000
	reconnect.backoff.ms = 50
	request.timeout.ms = 5000
	retries = 2147483647
	retry.backoff.max.ms = 1000
	retry.backoff.ms = 100
	sasl.client.callback.handler.class = null
	sasl.jaas.config = null
	sasl.kerberos.kinit.cmd = /usr/bin/kinit
	sasl.kerberos.min.time.before.relogin = 60000
	sasl.kerberos.service.name = null
	sasl.kerberos.ticket.renew.jitter = 0.05
	sasl.kerberos.ticket.renew.window.factor = 0.8
	sasl.login.callback.handler.class = null
	sasl.login.class = null
	sasl.login.connect.timeout.ms = null
	sasl.login.read.timeout.ms = null
	sasl.login.refresh.buffer.seconds = 300
	sasl.login.refresh.min.period.seconds = 60
	sasl.login.refresh.window.factor = 0.8
	sasl.login.refresh.window.jitter = 0.05
	sasl.login.retry.backoff.max.ms = 10000
	sasl.login.retry.backoff.ms = 100
	sasl.mechanism = GSSAPI
	sasl.oauthbearer.clock.skew.seconds = 30
	sasl.oauthbearer.expected.audience = null
	sasl.oauthbearer.expected.issuer = null
	sasl.oauthbearer.header.urlencode = false
	sasl.oauthbearer.jwks.endpoint.refresh.ms = 3600000
	sasl.oauthbearer.jwks.endpoint.retry.backoff.max.ms = 10000
	sasl.oauthbearer.jwks.endpoint.retry.backoff.ms = 100
	sasl.oauthbearer.jwks.endpoint.url = null
	sasl.oauthbearer.scope.claim.name = scope
	sasl.oauthbearer.sub.claim.name = sub
	sasl.oauthbearer.token.endpoint.url = null
	security.protocol = PLAINTEXT
	security.providers = null
	send.buffer.bytes = 131072
	socket.connection.setup.timeout.max.ms = 30000
	socket.connection.setup.timeout.ms = 10000
	ssl.cipher.suites = null
	ssl.enabled.protocols = [TLSv1.2, TLSv1.3]
	ssl.endpoint.identification.algorithm = https
	ssl.engine.factory.class = null
	ssl.key.password = null
	ssl.keymanager.algorithm = SunX509
	ssl.keystore.certificate.chain = null
	ssl.keystore.key = null
	ssl.keystore.location = null
	ssl.keystore.password = null
	ssl.keystore.type = JKS
	ssl.protocol = TLSv1.3
	ssl.provider = null
	ssl.secure.random.implementation = null
	ssl.trustmanager.algorithm = PKIX
	ssl.truststore.certificates = null
	ssl.truststore.location = null
	ssl.truststore.password = null
	ssl.truststore.type = JKS

2025-07-31 15:31:23,408 INFO  [org.apa.kaf.com.uti.AppInfoParser] (main) Kafka version: 3.9.0
2025-07-31 15:31:23,408 INFO  [org.apa.kaf.com.uti.AppInfoParser] (main) Kafka commitId: 84caaa6e9da06435
2025-07-31 15:31:23,408 INFO  [org.apa.kaf.com.uti.AppInfoParser] (main) Kafka startTimeMs: 1753975883408
2025-07-31 15:31:23,565 INFO  [io.api.tes.ser.con.BasicConfluentSerDesIT] (main) Checking that created schema is equal to the get schema
2025-07-31 15:31:23,595 INFO  [io.api.tes.ser.con.BasicConfluentSerDesIT] (main) Created schema with id:42 and name:se21bcf34xd61fx44b2x92cbxf192af50abeb
2025-07-31 15:31:23,602 INFO  [org.apa.kaf.cli.pro.ProducerConfig] (main) ProducerConfig values: 
	acks = -1
	auto.include.jmx.reporter = true
	batch.size = 16384
	bootstrap.servers = [PLAINTEXT://localhost:32770]
	buffer.memory = 33554432
	client.dns.lookup = use_all_dns_ips
	client.id = Producer-topic-47f58148_8ad3_4d1d_a14f_55c33494d4ff
	compression.gzip.level = -1
	compression.lz4.level = 9
	compression.type = none
	compression.zstd.level = 3
	connections.max.idle.ms = 10000
	delivery.timeout.ms = 120000
	enable.idempotence = true
	enable.metrics.push = true
	interceptor.classes = []
	key.serializer = class org.apache.kafka.common.serialization.StringSerializer
	linger.ms = 0
	max.block.ms = 60000
	max.in.flight.requests.per.connection = 5
	max.request.size = 1048576
	metadata.max.age.ms = 300000
	metadata.max.idle.ms = 300000
	metadata.recovery.strategy = none
	metric.reporters = []
	metrics.num.samples = 2
	metrics.recording.level = INFO
	metrics.sample.window.ms = 30000
	partitioner.adaptive.partitioning.enable = true
	partitioner.availability.timeout.ms = 0
	partitioner.class = null
	partitioner.ignore.keys = false
	receive.buffer.bytes = 32768
	reconnect.backoff.max.ms = 1000
	reconnect.backoff.ms = 50
	request.timeout.ms = 5000
	retries = 2147483647
	retry.backoff.max.ms = 1000
	retry.backoff.ms = 100
	sasl.client.callback.handler.class = null
	sasl.jaas.config = null
	sasl.kerberos.kinit.cmd = /usr/bin/kinit
	sasl.kerberos.min.time.before.relogin = 60000
	sasl.kerberos.service.name = null
	sasl.kerberos.ticket.renew.jitter = 0.05
	sasl.kerberos.ticket.renew.window.factor = 0.8
	sasl.login.callback.handler.class = null
	sasl.login.class = null
	sasl.login.connect.timeout.ms = null
	sasl.login.read.timeout.ms = null
	sasl.login.refresh.buffer.seconds = 300
	sasl.login.refresh.min.period.seconds = 60
	sasl.login.refresh.window.factor = 0.8
	sasl.login.refresh.window.jitter = 0.05
	sasl.login.retry.backoff.max.ms = 10000
	sasl.login.retry.backoff.ms = 100
	sasl.mechanism = GSSAPI
	sasl.oauthbearer.clock.skew.seconds = 30
	sasl.oauthbearer.expected.audience = null
	sasl.oauthbearer.expected.issuer = null
	sasl.oauthbearer.header.urlencode = false
	sasl.oauthbearer.jwks.endpoint.refresh.ms = 3600000
	sasl.oauthbearer.jwks.endpoint.retry.backoff.max.ms = 10000
	sasl.oauthbearer.jwks.endpoint.retry.backoff.ms = 100
	sasl.oauthbearer.jwks.endpoint.url = null
	sasl.oauthbearer.scope.claim.name = scope
	sasl.oauthbearer.sub.claim.name = sub
	sasl.oauthbearer.token.endpoint.url = null
	security.protocol = PLAINTEXT
	security.providers = null
	send.buffer.bytes = 131072
	socket.connection.setup.timeout.max.ms = 30000
	socket.connection.setup.timeout.ms = 10000
	ssl.cipher.suites = null
	ssl.enabled.protocols = [TLSv1.2, TLSv1.3]
	ssl.endpoint.identification.algorithm = https
	ssl.engine.factory.class = null
	ssl.key.password = null
	ssl.keymanager.algorithm = SunX509
	ssl.keystore.certificate.chain = null
	ssl.keystore.key = null
	ssl.keystore.location = null
	ssl.keystore.password = null
	ssl.keystore.type = JKS
	ssl.protocol = TLSv1.3
	ssl.provider = null
	ssl.secure.random.implementation = null
	ssl.trustmanager.algorithm = PKIX
	ssl.truststore.certificates = null
	ssl.truststore.location = null
	ssl.truststore.password = null
	ssl.truststore.type = JKS
	transaction.timeout.ms = 60000
	transactional.id = null
	value.serializer = class io.confluent.kafka.serializers.KafkaAvroSerializer

2025-07-31 15:31:23,603 INFO  [org.apa.kaf.com.tel.int.KafkaMetricsCollector] (main) initializing Kafka metrics collector
2025-07-31 15:31:23,608 INFO  [io.con.kaf.ser.KafkaAvroSerializerConfig] (main) KafkaAvroSerializerConfig values: 
	auto.register.schemas = false
	avro.reflection.allow.null = false
	avro.remove.java.properties = false
	avro.use.logical.type.converters = false
	basic.auth.credentials.source = URL
	basic.auth.user.info = [hidden]
	bearer.auth.cache.expiry.buffer.seconds = 300
	bearer.auth.client.id = null
	bearer.auth.client.secret = null
	bearer.auth.credentials.source = STATIC_TOKEN
	bearer.auth.custom.provider.class = null
	bearer.auth.identity.pool.id = null
	bearer.auth.issuer.endpoint.url = null
	bearer.auth.logical.cluster = null
	bearer.auth.scope = null
	bearer.auth.scope.claim.name = scope
	bearer.auth.sub.claim.name = sub
	bearer.auth.token = [hidden]
	context.name.strategy = class io.confluent.kafka.serializers.context.NullContextNameStrategy
	http.connect.timeout.ms = 60000
	http.read.timeout.ms = 60000
	id.compatibility.strict = true
	key.subject.name.strategy = class io.confluent.kafka.serializers.subject.TopicNameStrategy
	latest.cache.size = 1000
	latest.cache.ttl.sec = -1
	latest.compatibility.strict = true
	max.retries = 3
	max.schemas.per.subject = 1000
	normalize.schemas = false
	propagate.schema.tags = false
	proxy.host = 
	proxy.port = -1
	retries.max.wait.ms = 20000
	retries.wait.ms = 1000
	rule.actions = []
	rule.executors = []
	rule.service.loader.enable = true
	schema.format = null
	schema.reflection = false
	schema.registry.basic.auth.user.info = [hidden]
	schema.registry.ssl.cipher.suites = null
	schema.registry.ssl.enabled.protocols = [TLSv1.2, TLSv1.3]
	schema.registry.ssl.endpoint.identification.algorithm = https
	schema.registry.ssl.engine.factory.class = null
	schema.registry.ssl.key.password = null
	schema.registry.ssl.keymanager.algorithm = SunX509
	schema.registry.ssl.keystore.certificate.chain = null
	schema.registry.ssl.keystore.key = null
	schema.registry.ssl.keystore.location = null
	schema.registry.ssl.keystore.password = null
	schema.registry.ssl.keystore.type = JKS
	schema.registry.ssl.protocol = TLSv1.3
	schema.registry.ssl.provider = null
	schema.registry.ssl.secure.random.implementation = null
	schema.registry.ssl.trustmanager.algorithm = PKIX
	schema.registry.ssl.truststore.certificates = null
	schema.registry.ssl.truststore.location = null
	schema.registry.ssl.truststore.password = null
	schema.registry.ssl.truststore.type = JKS
	schema.registry.url = [http://registry-app-postgresql.apps.ci419.apicurio-testing.org:80/apis/ccompat/v7]
	use.latest.version = false
	use.latest.with.metadata = null
	use.schema.id = -1
	value.subject.name.strategy = class io.confluent.kafka.serializers.subject.TopicRecordNameStrategy

2025-07-31 15:31:23,630 INFO  [org.apa.kaf.cli.pro.KafkaProducer] (main) [Producer clientId=Producer-topic-47f58148_8ad3_4d1d_a14f_55c33494d4ff] Instantiated an idempotent producer.
2025-07-31 15:31:23,637 INFO  [org.apa.kaf.cli.pro.ProducerConfig] (main) These configurations '[schema.registry.url, auto.register.schemas, value.subject.name.strategy]' were supplied but are not used yet.
2025-07-31 15:31:23,637 INFO  [org.apa.kaf.com.uti.AppInfoParser] (main) Kafka version: 3.9.0
2025-07-31 15:31:23,638 INFO  [org.apa.kaf.com.uti.AppInfoParser] (main) Kafka commitId: 84caaa6e9da06435
2025-07-31 15:31:23,638 INFO  [org.apa.kaf.com.uti.AppInfoParser] (main) Kafka startTimeMs: 1753975883637
2025-07-31 15:31:23,643 INFO  [org.apa.kaf.cli.Metadata] (kafka-producer-network-thread | Producer-topic-47f58148_8ad3_4d1d_a14f_55c33494d4ff) [Producer clientId=Producer-topic-47f58148_8ad3_4d1d_a14f_55c33494d4ff] Cluster ID: BgnDnmd_Rn-oXa8M1ygsew
2025-07-31 15:31:23,644 INFO  [org.apa.kaf.cli.pro.int.TransactionManager] (kafka-producer-network-thread | Producer-topic-47f58148_8ad3_4d1d_a14f_55c33494d4ff) [Producer clientId=Producer-topic-47f58148_8ad3_4d1d_a14f_55c33494d4ff] ProducerId set to 44 with epoch 0
2025-07-31 15:31:23,644 INFO  [org.apa.kaf.cli.con.ConsumerConfig] (main) ConsumerConfig values: 
	allow.auto.create.topics = true
	auto.commit.interval.ms = 500
	auto.include.jmx.reporter = true
	auto.offset.reset = earliest
	bootstrap.servers = [PLAINTEXT://localhost:32770]
	check.crcs = true
	client.dns.lookup = use_all_dns_ips
	client.id = consumer-Consumer-topic-47f58148_8ad3_4d1d_a14f_55c33494d4ff-34
	client.rack = 
	connections.max.idle.ms = 10000
	default.api.timeout.ms = 60000
	enable.auto.commit = true
	enable.metrics.push = true
	exclude.internal.topics = true
	fetch.max.bytes = 52428800
	fetch.max.wait.ms = 500
	fetch.min.bytes = 1
	group.id = Consumer-topic-47f58148_8ad3_4d1d_a14f_55c33494d4ff
	group.instance.id = null
	group.protocol = classic
	group.remote.assignor = null
	heartbeat.interval.ms = 3000
	interceptor.classes = []
	internal.leave.group.on.close = true
	internal.throw.on.fetch.stable.offset.unsupported = false
	isolation.level = read_uncommitted
	key.deserializer = class org.apache.kafka.common.serialization.StringDeserializer
	max.partition.fetch.bytes = 1048576
	max.poll.interval.ms = 300000
	max.poll.records = 500
	metadata.max.age.ms = 300000
	metadata.recovery.strategy = none
	metric.reporters = []
	metrics.num.samples = 2
	metrics.recording.level = INFO
	metrics.sample.window.ms = 30000
	partition.assignment.strategy = [class org.apache.kafka.clients.consumer.RangeAssignor, class org.apache.kafka.clients.consumer.CooperativeStickyAssignor]
	receive.buffer.bytes = 65536
	reconnect.backoff.max.ms = 1000
	reconnect.backoff.ms = 50
	request.timeout.ms = 5000
	retry.backoff.max.ms = 1000
	retry.backoff.ms = 100
	sasl.client.callback.handler.class = null
	sasl.jaas.config = null
	sasl.kerberos.kinit.cmd = /usr/bin/kinit
	sasl.kerberos.min.time.before.relogin = 60000
	sasl.kerberos.service.name = null
	sasl.kerberos.ticket.renew.jitter = 0.05
	sasl.kerberos.ticket.renew.window.factor = 0.8
	sasl.login.callback.handler.class = null
	sasl.login.class = null
	sasl.login.connect.timeout.ms = null
	sasl.login.read.timeout.ms = null
	sasl.login.refresh.buffer.seconds = 300
	sasl.login.refresh.min.period.seconds = 60
	sasl.login.refresh.window.factor = 0.8
	sasl.login.refresh.window.jitter = 0.05
	sasl.login.retry.backoff.max.ms = 10000
	sasl.login.retry.backoff.ms = 100
	sasl.mechanism = GSSAPI
	sasl.oauthbearer.clock.skew.seconds = 30
	sasl.oauthbearer.expected.audience = null
	sasl.oauthbearer.expected.issuer = null
	sasl.oauthbearer.header.urlencode = false
	sasl.oauthbearer.jwks.endpoint.refresh.ms = 3600000
	sasl.oauthbearer.jwks.endpoint.retry.backoff.max.ms = 10000
	sasl.oauthbearer.jwks.endpoint.retry.backoff.ms = 100
	sasl.oauthbearer.jwks.endpoint.url = null
	sasl.oauthbearer.scope.claim.name = scope
	sasl.oauthbearer.sub.claim.name = sub
	sasl.oauthbearer.token.endpoint.url = null
	security.protocol = PLAINTEXT
	security.providers = null
	send.buffer.bytes = 131072
	session.timeout.ms = 45000
	socket.connection.setup.timeout.max.ms = 30000
	socket.connection.setup.timeout.ms = 10000
	ssl.cipher.suites = null
	ssl.enabled.protocols = [TLSv1.2, TLSv1.3]
	ssl.endpoint.identification.algorithm = https
	ssl.engine.factory.class = null
	ssl.key.password = null
	ssl.keymanager.algorithm = SunX509
	ssl.keystore.certificate.chain = null
	ssl.keystore.key = null
	ssl.keystore.location = null
	ssl.keystore.password = null
	ssl.keystore.type = JKS
	ssl.protocol = TLSv1.3
	ssl.provider = null
	ssl.secure.random.implementation = null
	ssl.trustmanager.algorithm = PKIX
	ssl.truststore.certificates = null
	ssl.truststore.location = null
	ssl.truststore.password = null
	ssl.truststore.type = JKS
	value.deserializer = class io.confluent.kafka.serializers.KafkaAvroDeserializer

2025-07-31 15:31:23,644 INFO  [org.apa.kaf.com.tel.int.KafkaMetricsCollector] (main) initializing Kafka metrics collector
2025-07-31 15:31:23,647 INFO  [io.con.kaf.ser.KafkaAvroDeserializerConfig] (main) KafkaAvroDeserializerConfig values: 
	auto.register.schemas = true
	avro.reflection.allow.null = false
	avro.use.logical.type.converters = false
	basic.auth.credentials.source = URL
	basic.auth.user.info = [hidden]
	bearer.auth.cache.expiry.buffer.seconds = 300
	bearer.auth.client.id = null
	bearer.auth.client.secret = null
	bearer.auth.credentials.source = STATIC_TOKEN
	bearer.auth.custom.provider.class = null
	bearer.auth.identity.pool.id = null
	bearer.auth.issuer.endpoint.url = null
	bearer.auth.logical.cluster = null
	bearer.auth.scope = null
	bearer.auth.scope.claim.name = scope
	bearer.auth.sub.claim.name = sub
	bearer.auth.token = [hidden]
	context.name.strategy = class io.confluent.kafka.serializers.context.NullContextNameStrategy
	http.connect.timeout.ms = 60000
	http.read.timeout.ms = 60000
	id.compatibility.strict = true
	key.subject.name.strategy = class io.confluent.kafka.serializers.subject.TopicNameStrategy
	latest.cache.size = 1000
	latest.cache.ttl.sec = -1
	latest.compatibility.strict = true
	max.retries = 3
	max.schemas.per.subject = 1000
	normalize.schemas = false
	propagate.schema.tags = false
	proxy.host = 
	proxy.port = -1
	retries.max.wait.ms = 20000
	retries.wait.ms = 1000
	rule.actions = []
	rule.executors = []
	rule.service.loader.enable = true
	schema.format = null
	schema.reflection = false
	schema.registry.basic.auth.user.info = [hidden]
	schema.registry.ssl.cipher.suites = null
	schema.registry.ssl.enabled.protocols = [TLSv1.2, TLSv1.3]
	schema.registry.ssl.endpoint.identification.algorithm = https
	schema.registry.ssl.engine.factory.class = null
	schema.registry.ssl.key.password = null
	schema.registry.ssl.keymanager.algorithm = SunX509
	schema.registry.ssl.keystore.certificate.chain = null
	schema.registry.ssl.keystore.key = null
	schema.registry.ssl.keystore.location = null
	schema.registry.ssl.keystore.password = null
	schema.registry.ssl.keystore.type = JKS
	schema.registry.ssl.protocol = TLSv1.3
	schema.registry.ssl.provider = null
	schema.registry.ssl.secure.random.implementation = null
	schema.registry.ssl.trustmanager.algorithm = PKIX
	schema.registry.ssl.truststore.certificates = null
	schema.registry.ssl.truststore.location = null
	schema.registry.ssl.truststore.password = null
	schema.registry.ssl.truststore.type = JKS
	schema.registry.url = [http://registry-app-postgresql.apps.ci419.apicurio-testing.org:80/apis/ccompat/v7]
	specific.avro.key.type = null
	specific.avro.reader = false
	specific.avro.value.type = null
	use.latest.version = false
	use.latest.with.metadata = null
	use.schema.id = -1
	value.subject.name.strategy = class io.confluent.kafka.serializers.subject.TopicNameStrategy

2025-07-31 15:31:23,648 INFO  [io.con.kaf.ser.KafkaAvroDeserializerConfig] (main) KafkaAvroDeserializerConfig values: 
	auto.register.schemas = true
	avro.reflection.allow.null = false
	avro.use.logical.type.converters = false
	basic.auth.credentials.source = URL
	basic.auth.user.info = [hidden]
	bearer.auth.cache.expiry.buffer.seconds = 300
	bearer.auth.client.id = null
	bearer.auth.client.secret = null
	bearer.auth.credentials.source = STATIC_TOKEN
	bearer.auth.custom.provider.class = null
	bearer.auth.identity.pool.id = null
	bearer.auth.issuer.endpoint.url = null
	bearer.auth.logical.cluster = null
	bearer.auth.scope = null
	bearer.auth.scope.claim.name = scope
	bearer.auth.sub.claim.name = sub
	bearer.auth.token = [hidden]
	context.name.strategy = class io.confluent.kafka.serializers.context.NullContextNameStrategy
	http.connect.timeout.ms = 60000
	http.read.timeout.ms = 60000
	id.compatibility.strict = true
	key.subject.name.strategy = class io.confluent.kafka.serializers.subject.TopicNameStrategy
	latest.cache.size = 1000
	latest.cache.ttl.sec = -1
	latest.compatibility.strict = true
	max.retries = 3
	max.schemas.per.subject = 1000
	normalize.schemas = false
	propagate.schema.tags = false
	proxy.host = 
	proxy.port = -1
	retries.max.wait.ms = 20000
	retries.wait.ms = 1000
	rule.actions = []
	rule.executors = []
	rule.service.loader.enable = true
	schema.format = null
	schema.reflection = false
	schema.registry.basic.auth.user.info = [hidden]
	schema.registry.ssl.cipher.suites = null
	schema.registry.ssl.enabled.protocols = [TLSv1.2, TLSv1.3]
	schema.registry.ssl.endpoint.identification.algorithm = https
	schema.registry.ssl.engine.factory.class = null
	schema.registry.ssl.key.password = null
	schema.registry.ssl.keymanager.algorithm = SunX509
	schema.registry.ssl.keystore.certificate.chain = null
	schema.registry.ssl.keystore.key = null
	schema.registry.ssl.keystore.location = null
	schema.registry.ssl.keystore.password = null
	schema.registry.ssl.keystore.type = JKS
	schema.registry.ssl.protocol = TLSv1.3
	schema.registry.ssl.provider = null
	schema.registry.ssl.secure.random.implementation = null
	schema.registry.ssl.trustmanager.algorithm = PKIX
	schema.registry.ssl.truststore.certificates = null
	schema.registry.ssl.truststore.location = null
	schema.registry.ssl.truststore.password = null
	schema.registry.ssl.truststore.type = JKS
	schema.registry.url = [http://registry-app-postgresql.apps.ci419.apicurio-testing.org:80/apis/ccompat/v7]
	specific.avro.key.type = null
	specific.avro.reader = false
	specific.avro.value.type = null
	use.latest.version = false
	use.latest.with.metadata = null
	use.schema.id = -1
	value.subject.name.strategy = class io.confluent.kafka.serializers.subject.TopicNameStrategy

2025-07-31 15:31:23,651 INFO  [org.apa.kaf.cli.con.ConsumerConfig] (main) These configurations '[schema.registry.url]' were supplied but are not used yet.
2025-07-31 15:31:23,651 INFO  [org.apa.kaf.com.uti.AppInfoParser] (main) Kafka version: 3.9.0
2025-07-31 15:31:23,651 INFO  [org.apa.kaf.com.uti.AppInfoParser] (main) Kafka commitId: 84caaa6e9da06435
2025-07-31 15:31:23,651 INFO  [org.apa.kaf.com.uti.AppInfoParser] (main) Kafka startTimeMs: 1753975883651
2025-07-31 15:31:23,652 INFO  [io.api.tes.ser.api.KafkaSerdesTester] (Thread-392) Sending message {"key1": "value-0"} to topic topic-47f58148_8ad3_4d1d_a14f_55c33494d4ff
2025-07-31 15:31:23,702 INFO  [io.api.tes.ser.api.KafkaSerdesTester] (Thread-392) Sending message {"key1": "value-1"} to topic topic-47f58148_8ad3_4d1d_a14f_55c33494d4ff
2025-07-31 15:31:23,703 INFO  [io.api.tes.ser.api.KafkaSerdesTester] (Thread-392) Sending message {"key1": "value-2"} to topic topic-47f58148_8ad3_4d1d_a14f_55c33494d4ff
2025-07-31 15:31:23,706 INFO  [io.api.tes.ser.api.KafkaSerdesTester] (Thread-392) Sending message {"key1": "value-3"} to topic topic-47f58148_8ad3_4d1d_a14f_55c33494d4ff
2025-07-31 15:31:23,708 INFO  [io.api.tes.ser.api.KafkaSerdesTester] (Thread-392) Sending message {"key1": "value-4"} to topic topic-47f58148_8ad3_4d1d_a14f_55c33494d4ff
2025-07-31 15:31:23,711 INFO  [io.api.tes.ser.api.KafkaSerdesTester] (Thread-392) Sending message {"key1": "value-5"} to topic topic-47f58148_8ad3_4d1d_a14f_55c33494d4ff
2025-07-31 15:31:23,712 INFO  [io.api.tes.ser.api.KafkaSerdesTester] (Thread-392) Sending message {"key1": "value-6"} to topic topic-47f58148_8ad3_4d1d_a14f_55c33494d4ff
2025-07-31 15:31:23,713 INFO  [io.api.tes.ser.api.KafkaSerdesTester] (Thread-392) Sending message {"key1": "value-7"} to topic topic-47f58148_8ad3_4d1d_a14f_55c33494d4ff
2025-07-31 15:31:23,714 INFO  [io.api.tes.ser.api.KafkaSerdesTester] (Thread-392) Sending message {"key1": "value-8"} to topic topic-47f58148_8ad3_4d1d_a14f_55c33494d4ff
2025-07-31 15:31:23,717 INFO  [io.api.tes.ser.api.KafkaSerdesTester] (Thread-392) Sending message {"key1": "value-9"} to topic topic-47f58148_8ad3_4d1d_a14f_55c33494d4ff
2025-07-31 15:31:23,720 INFO  [io.api.tes.ser.api.KafkaSerdesTester] (Thread-392) Produced 10 messages
2025-07-31 15:31:23,720 INFO  [org.apa.kaf.cli.pro.KafkaProducer] (Thread-392) [Producer clientId=Producer-topic-47f58148_8ad3_4d1d_a14f_55c33494d4ff] Closing the Kafka producer with timeoutMillis = 9223372036854775807 ms.
2025-07-31 15:31:23,723 INFO  [org.apa.kaf.com.met.Metrics] (Thread-392) Metrics scheduler closed
2025-07-31 15:31:23,723 INFO  [org.apa.kaf.com.met.Metrics] (Thread-392) Closing reporter org.apache.kafka.common.metrics.JmxReporter
2025-07-31 15:31:23,723 INFO  [org.apa.kaf.com.met.Metrics] (Thread-392) Closing reporter org.apache.kafka.common.telemetry.internals.ClientTelemetryReporter
2025-07-31 15:31:23,723 INFO  [org.apa.kaf.com.met.Metrics] (Thread-392) Metrics reporters closed
2025-07-31 15:31:23,723 INFO  [org.apa.kaf.com.uti.AppInfoParser] (Thread-392) App info kafka.producer for Producer-topic-47f58148_8ad3_4d1d_a14f_55c33494d4ff unregistered
2025-07-31 15:31:23,725 INFO  [org.apa.kaf.cli.con.int.ClassicKafkaConsumer] (Thread-393) [Consumer clientId=consumer-Consumer-topic-47f58148_8ad3_4d1d_a14f_55c33494d4ff-34, groupId=Consumer-topic-47f58148_8ad3_4d1d_a14f_55c33494d4ff] Subscribed to topic(s): topic-47f58148_8ad3_4d1d_a14f_55c33494d4ff
2025-07-31 15:31:23,731 INFO  [org.apa.kaf.cli.Metadata] (Thread-393) [Consumer clientId=consumer-Consumer-topic-47f58148_8ad3_4d1d_a14f_55c33494d4ff-34, groupId=Consumer-topic-47f58148_8ad3_4d1d_a14f_55c33494d4ff] Cluster ID: BgnDnmd_Rn-oXa8M1ygsew
2025-07-31 15:31:23,731 INFO  [org.apa.kaf.cli.con.int.ConsumerCoordinator] (Thread-393) [Consumer clientId=consumer-Consumer-topic-47f58148_8ad3_4d1d_a14f_55c33494d4ff-34, groupId=Consumer-topic-47f58148_8ad3_4d1d_a14f_55c33494d4ff] Discovered group coordinator localhost:32770 (id: 2147483647 rack: null)
2025-07-31 15:31:23,735 INFO  [org.apa.kaf.cli.con.int.ConsumerCoordinator] (Thread-393) [Consumer clientId=consumer-Consumer-topic-47f58148_8ad3_4d1d_a14f_55c33494d4ff-34, groupId=Consumer-topic-47f58148_8ad3_4d1d_a14f_55c33494d4ff] (Re-)joining group
2025-07-31 15:31:23,737 INFO  [org.apa.kaf.cli.con.int.ConsumerCoordinator] (Thread-393) [Consumer clientId=consumer-Consumer-topic-47f58148_8ad3_4d1d_a14f_55c33494d4ff-34, groupId=Consumer-topic-47f58148_8ad3_4d1d_a14f_55c33494d4ff] Request joining group due to: need to re-join with the given member-id: consumer-Consumer-topic-47f58148_8ad3_4d1d_a14f_55c33494d4ff-34-68084af6-e555-492a-9d24-9cbe0be83167
2025-07-31 15:31:23,737 INFO  [org.apa.kaf.cli.con.int.ConsumerCoordinator] (Thread-393) [Consumer clientId=consumer-Consumer-topic-47f58148_8ad3_4d1d_a14f_55c33494d4ff-34, groupId=Consumer-topic-47f58148_8ad3_4d1d_a14f_55c33494d4ff] (Re-)joining group
2025-07-31 15:31:23,740 INFO  [org.apa.kaf.cli.con.int.ConsumerCoordinator] (Thread-393) [Consumer clientId=consumer-Consumer-topic-47f58148_8ad3_4d1d_a14f_55c33494d4ff-34, groupId=Consumer-topic-47f58148_8ad3_4d1d_a14f_55c33494d4ff] Successfully joined group with generation Generation{generationId=1, memberId='consumer-Consumer-topic-47f58148_8ad3_4d1d_a14f_55c33494d4ff-34-68084af6-e555-492a-9d24-9cbe0be83167', protocol='range'}
2025-07-31 15:31:23,741 INFO  [org.apa.kaf.cli.con.int.ConsumerCoordinator] (Thread-393) [Consumer clientId=consumer-Consumer-topic-47f58148_8ad3_4d1d_a14f_55c33494d4ff-34, groupId=Consumer-topic-47f58148_8ad3_4d1d_a14f_55c33494d4ff] Finished assignment for group at generation 1: {consumer-Consumer-topic-47f58148_8ad3_4d1d_a14f_55c33494d4ff-34-68084af6-e555-492a-9d24-9cbe0be83167=Assignment(partitions=[topic-47f58148_8ad3_4d1d_a14f_55c33494d4ff-0])}
2025-07-31 15:31:23,743 INFO  [org.apa.kaf.cli.con.int.ConsumerCoordinator] (Thread-393) [Consumer clientId=consumer-Consumer-topic-47f58148_8ad3_4d1d_a14f_55c33494d4ff-34, groupId=Consumer-topic-47f58148_8ad3_4d1d_a14f_55c33494d4ff] Successfully synced group in generation Generation{generationId=1, memberId='consumer-Consumer-topic-47f58148_8ad3_4d1d_a14f_55c33494d4ff-34-68084af6-e555-492a-9d24-9cbe0be83167', protocol='range'}
2025-07-31 15:31:23,743 INFO  [org.apa.kaf.cli.con.int.ConsumerCoordinator] (Thread-393) [Consumer clientId=consumer-Consumer-topic-47f58148_8ad3_4d1d_a14f_55c33494d4ff-34, groupId=Consumer-topic-47f58148_8ad3_4d1d_a14f_55c33494d4ff] Notifying assignor about the new Assignment(partitions=[topic-47f58148_8ad3_4d1d_a14f_55c33494d4ff-0])
2025-07-31 15:31:23,743 INFO  [org.apa.kaf.cli.con.int.ConsumerRebalanceListenerInvoker] (Thread-393) [Consumer clientId=consumer-Consumer-topic-47f58148_8ad3_4d1d_a14f_55c33494d4ff-34, groupId=Consumer-topic-47f58148_8ad3_4d1d_a14f_55c33494d4ff] Adding newly assigned partitions: topic-47f58148_8ad3_4d1d_a14f_55c33494d4ff-0
2025-07-31 15:31:23,743 INFO  [org.apa.kaf.cli.con.int.ConsumerCoordinator] (Thread-393) [Consumer clientId=consumer-Consumer-topic-47f58148_8ad3_4d1d_a14f_55c33494d4ff-34, groupId=Consumer-topic-47f58148_8ad3_4d1d_a14f_55c33494d4ff] Found no committed offset for partition topic-47f58148_8ad3_4d1d_a14f_55c33494d4ff-0
2025-07-31 15:31:23,751 INFO  [org.apa.kaf.cli.con.int.SubscriptionState] (Thread-393) [Consumer clientId=consumer-Consumer-topic-47f58148_8ad3_4d1d_a14f_55c33494d4ff-34, groupId=Consumer-topic-47f58148_8ad3_4d1d_a14f_55c33494d4ff] Resetting offset for partition topic-47f58148_8ad3_4d1d_a14f_55c33494d4ff-0 to position FetchPosition{offset=0, offsetEpoch=Optional.empty, currentLeader=LeaderAndEpoch{leader=Optional[localhost:32770 (id: 0 rack: null)], epoch=0}}.
2025-07-31 15:31:23,776 INFO  [io.api.tes.ser.api.KafkaSerdesTester] (Thread-393) topic-47f58148_8ad3_4d1d_a14f_55c33494d4ff 0 0 {"key1": "value-0"}
2025-07-31 15:31:23,776 INFO  [io.api.tes.ser.api.KafkaSerdesTester] (Thread-393) topic-47f58148_8ad3_4d1d_a14f_55c33494d4ff 0 1 {"key1": "value-1"}
2025-07-31 15:31:23,776 INFO  [io.api.tes.ser.api.KafkaSerdesTester] (Thread-393) topic-47f58148_8ad3_4d1d_a14f_55c33494d4ff 0 2 {"key1": "value-2"}
2025-07-31 15:31:23,776 INFO  [io.api.tes.ser.api.KafkaSerdesTester] (Thread-393) topic-47f58148_8ad3_4d1d_a14f_55c33494d4ff 0 3 {"key1": "value-3"}
2025-07-31 15:31:23,776 INFO  [io.api.tes.ser.api.KafkaSerdesTester] (Thread-393) topic-47f58148_8ad3_4d1d_a14f_55c33494d4ff 0 4 {"key1": "value-4"}
2025-07-31 15:31:23,776 INFO  [io.api.tes.ser.api.KafkaSerdesTester] (Thread-393) topic-47f58148_8ad3_4d1d_a14f_55c33494d4ff 0 5 {"key1": "value-5"}
2025-07-31 15:31:23,776 INFO  [io.api.tes.ser.api.KafkaSerdesTester] (Thread-393) topic-47f58148_8ad3_4d1d_a14f_55c33494d4ff 0 6 {"key1": "value-6"}
2025-07-31 15:31:23,776 INFO  [io.api.tes.ser.api.KafkaSerdesTester] (Thread-393) topic-47f58148_8ad3_4d1d_a14f_55c33494d4ff 0 7 {"key1": "value-7"}
2025-07-31 15:31:23,776 INFO  [io.api.tes.ser.api.KafkaSerdesTester] (Thread-393) topic-47f58148_8ad3_4d1d_a14f_55c33494d4ff 0 8 {"key1": "value-8"}
2025-07-31 15:31:23,776 INFO  [io.api.tes.ser.api.KafkaSerdesTester] (Thread-393) topic-47f58148_8ad3_4d1d_a14f_55c33494d4ff 0 9 {"key1": "value-9"}
2025-07-31 15:31:23,776 INFO  [io.api.tes.ser.api.KafkaSerdesTester] (Thread-393) Consumed 10 messages
2025-07-31 15:31:23,779 INFO  [org.apa.kaf.cli.con.int.ConsumerRebalanceListenerInvoker] (Thread-393) [Consumer clientId=consumer-Consumer-topic-47f58148_8ad3_4d1d_a14f_55c33494d4ff-34, groupId=Consumer-topic-47f58148_8ad3_4d1d_a14f_55c33494d4ff] Revoke previously assigned partitions topic-47f58148_8ad3_4d1d_a14f_55c33494d4ff-0
2025-07-31 15:31:23,779 INFO  [org.apa.kaf.cli.con.int.ConsumerCoordinator] (Thread-393) [Consumer clientId=consumer-Consumer-topic-47f58148_8ad3_4d1d_a14f_55c33494d4ff-34, groupId=Consumer-topic-47f58148_8ad3_4d1d_a14f_55c33494d4ff] Member consumer-Consumer-topic-47f58148_8ad3_4d1d_a14f_55c33494d4ff-34-68084af6-e555-492a-9d24-9cbe0be83167 sending LeaveGroup request to coordinator localhost:32770 (id: 2147483647 rack: null) due to the consumer is being closed
2025-07-31 15:31:23,780 INFO  [org.apa.kaf.cli.con.int.ConsumerCoordinator] (Thread-393) [Consumer clientId=consumer-Consumer-topic-47f58148_8ad3_4d1d_a14f_55c33494d4ff-34, groupId=Consumer-topic-47f58148_8ad3_4d1d_a14f_55c33494d4ff] Resetting generation and member id due to: consumer pro-actively leaving the group
2025-07-31 15:31:23,780 INFO  [org.apa.kaf.cli.con.int.ConsumerCoordinator] (Thread-393) [Consumer clientId=consumer-Consumer-topic-47f58148_8ad3_4d1d_a14f_55c33494d4ff-34, groupId=Consumer-topic-47f58148_8ad3_4d1d_a14f_55c33494d4ff] Request joining group due to: consumer pro-actively leaving the group
2025-07-31 15:31:24,279 INFO  [org.apa.kaf.com.met.Metrics] (Thread-393) Metrics scheduler closed
2025-07-31 15:31:24,279 INFO  [org.apa.kaf.com.met.Metrics] (Thread-393) Closing reporter org.apache.kafka.common.metrics.JmxReporter
2025-07-31 15:31:24,279 INFO  [org.apa.kaf.com.met.Metrics] (Thread-393) Closing reporter org.apache.kafka.common.telemetry.internals.ClientTelemetryReporter
2025-07-31 15:31:24,279 INFO  [org.apa.kaf.com.met.Metrics] (Thread-393) Metrics reporters closed
2025-07-31 15:31:24,281 INFO  [org.apa.kaf.com.uti.AppInfoParser] (Thread-393) App info kafka.consumer for consumer-Consumer-topic-47f58148_8ad3_4d1d_a14f_55c33494d4ff-34 unregistered
2025-07-31 15:31:25,335 INFO  [org.apa.kaf.cli.pro.ProducerConfig] (main) ProducerConfig values: 
	acks = -1
	auto.include.jmx.reporter = true
	batch.size = 16384
	bootstrap.servers = [PLAINTEXT://localhost:32770]
	buffer.memory = 33554432
	client.dns.lookup = use_all_dns_ips
	client.id = Producer-topic-47f58148_8ad3_4d1d_a14f_55c33494d4ff
	compression.gzip.level = -1
	compression.lz4.level = 9
	compression.type = none
	compression.zstd.level = 3
	connections.max.idle.ms = 10000
	delivery.timeout.ms = 120000
	enable.idempotence = true
	enable.metrics.push = true
	interceptor.classes = []
	key.serializer = class org.apache.kafka.common.serialization.StringSerializer
	linger.ms = 0
	max.block.ms = 60000
	max.in.flight.requests.per.connection = 5
	max.request.size = 1048576
	metadata.max.age.ms = 300000
	metadata.max.idle.ms = 300000
	metadata.recovery.strategy = none
	metric.reporters = []
	metrics.num.samples = 2
	metrics.recording.level = INFO
	metrics.sample.window.ms = 30000
	partitioner.adaptive.partitioning.enable = true
	partitioner.availability.timeout.ms = 0
	partitioner.class = null
	partitioner.ignore.keys = false
	receive.buffer.bytes = 32768
	reconnect.backoff.max.ms = 1000
	reconnect.backoff.ms = 50
	request.timeout.ms = 5000
	retries = 2147483647
	retry.backoff.max.ms = 1000
	retry.backoff.ms = 100
	sasl.client.callback.handler.class = null
	sasl.jaas.config = null
	sasl.kerberos.kinit.cmd = /usr/bin/kinit
	sasl.kerberos.min.time.before.relogin = 60000
	sasl.kerberos.service.name = null
	sasl.kerberos.ticket.renew.jitter = 0.05
	sasl.kerberos.ticket.renew.window.factor = 0.8
	sasl.login.callback.handler.class = null
	sasl.login.class = null
	sasl.login.connect.timeout.ms = null
	sasl.login.read.timeout.ms = null
	sasl.login.refresh.buffer.seconds = 300
	sasl.login.refresh.min.period.seconds = 60
	sasl.login.refresh.window.factor = 0.8
	sasl.login.refresh.window.jitter = 0.05
	sasl.login.retry.backoff.max.ms = 10000
	sasl.login.retry.backoff.ms = 100
	sasl.mechanism = GSSAPI
	sasl.oauthbearer.clock.skew.seconds = 30
	sasl.oauthbearer.expected.audience = null
	sasl.oauthbearer.expected.issuer = null
	sasl.oauthbearer.header.urlencode = false
	sasl.oauthbearer.jwks.endpoint.refresh.ms = 3600000
	sasl.oauthbearer.jwks.endpoint.retry.backoff.max.ms = 10000
	sasl.oauthbearer.jwks.endpoint.retry.backoff.ms = 100
	sasl.oauthbearer.jwks.endpoint.url = null
	sasl.oauthbearer.scope.claim.name = scope
	sasl.oauthbearer.sub.claim.name = sub
	sasl.oauthbearer.token.endpoint.url = null
	security.protocol = PLAINTEXT
	security.providers = null
	send.buffer.bytes = 131072
	socket.connection.setup.timeout.max.ms = 30000
	socket.connection.setup.timeout.ms = 10000
	ssl.cipher.suites = null
	ssl.enabled.protocols = [TLSv1.2, TLSv1.3]
	ssl.endpoint.identification.algorithm = https
	ssl.engine.factory.class = null
	ssl.key.password = null
	ssl.keymanager.algorithm = SunX509
	ssl.keystore.certificate.chain = null
	ssl.keystore.key = null
	ssl.keystore.location = null
	ssl.keystore.password = null
	ssl.keystore.type = JKS
	ssl.protocol = TLSv1.3
	ssl.provider = null
	ssl.secure.random.implementation = null
	ssl.trustmanager.algorithm = PKIX
	ssl.truststore.certificates = null
	ssl.truststore.location = null
	ssl.truststore.password = null
	ssl.truststore.type = JKS
	transaction.timeout.ms = 60000
	transactional.id = null
	value.serializer = class io.confluent.kafka.serializers.KafkaAvroSerializer

2025-07-31 15:31:25,336 INFO  [org.apa.kaf.com.tel.int.KafkaMetricsCollector] (main) initializing Kafka metrics collector
2025-07-31 15:31:25,336 INFO  [io.con.kaf.ser.KafkaAvroSerializerConfig] (main) KafkaAvroSerializerConfig values: 
	auto.register.schemas = false
	avro.reflection.allow.null = false
	avro.remove.java.properties = false
	avro.use.logical.type.converters = false
	basic.auth.credentials.source = URL
	basic.auth.user.info = [hidden]
	bearer.auth.cache.expiry.buffer.seconds = 300
	bearer.auth.client.id = null
	bearer.auth.client.secret = null
	bearer.auth.credentials.source = STATIC_TOKEN
	bearer.auth.custom.provider.class = null
	bearer.auth.identity.pool.id = null
	bearer.auth.issuer.endpoint.url = null
	bearer.auth.logical.cluster = null
	bearer.auth.scope = null
	bearer.auth.scope.claim.name = scope
	bearer.auth.sub.claim.name = sub
	bearer.auth.token = [hidden]
	context.name.strategy = class io.confluent.kafka.serializers.context.NullContextNameStrategy
	http.connect.timeout.ms = 60000
	http.read.timeout.ms = 60000
	id.compatibility.strict = true
	key.subject.name.strategy = class io.confluent.kafka.serializers.subject.TopicNameStrategy
	latest.cache.size = 1000
	latest.cache.ttl.sec = -1
	latest.compatibility.strict = true
	max.retries = 3
	max.schemas.per.subject = 1000
	normalize.schemas = false
	propagate.schema.tags = false
	proxy.host = 
	proxy.port = -1
	retries.max.wait.ms = 20000
	retries.wait.ms = 1000
	rule.actions = []
	rule.executors = []
	rule.service.loader.enable = true
	schema.format = null
	schema.reflection = false
	schema.registry.basic.auth.user.info = [hidden]
	schema.registry.ssl.cipher.suites = null
	schema.registry.ssl.enabled.protocols = [TLSv1.2, TLSv1.3]
	schema.registry.ssl.endpoint.identification.algorithm = https
	schema.registry.ssl.engine.factory.class = null
	schema.registry.ssl.key.password = null
	schema.registry.ssl.keymanager.algorithm = SunX509
	schema.registry.ssl.keystore.certificate.chain = null
	schema.registry.ssl.keystore.key = null
	schema.registry.ssl.keystore.location = null
	schema.registry.ssl.keystore.password = null
	schema.registry.ssl.keystore.type = JKS
	schema.registry.ssl.protocol = TLSv1.3
	schema.registry.ssl.provider = null
	schema.registry.ssl.secure.random.implementation = null
	schema.registry.ssl.trustmanager.algorithm = PKIX
	schema.registry.ssl.truststore.certificates = null
	schema.registry.ssl.truststore.location = null
	schema.registry.ssl.truststore.password = null
	schema.registry.ssl.truststore.type = JKS
	schema.registry.url = [http://registry-app-postgresql.apps.ci419.apicurio-testing.org:80/apis/ccompat/v7]
	use.latest.version = false
	use.latest.with.metadata = null
	use.schema.id = -1
	value.subject.name.strategy = class io.confluent.kafka.serializers.subject.TopicRecordNameStrategy

2025-07-31 15:31:25,338 INFO  [org.apa.kaf.cli.pro.KafkaProducer] (main) [Producer clientId=Producer-topic-47f58148_8ad3_4d1d_a14f_55c33494d4ff] Instantiated an idempotent producer.
2025-07-31 15:31:25,339 INFO  [org.apa.kaf.cli.pro.ProducerConfig] (main) These configurations '[schema.registry.url, auto.register.schemas, value.subject.name.strategy]' were supplied but are not used yet.
2025-07-31 15:31:25,339 INFO  [org.apa.kaf.com.uti.AppInfoParser] (main) Kafka version: 3.9.0
2025-07-31 15:31:25,339 INFO  [org.apa.kaf.com.uti.AppInfoParser] (main) Kafka commitId: 84caaa6e9da06435
2025-07-31 15:31:25,339 INFO  [org.apa.kaf.com.uti.AppInfoParser] (main) Kafka startTimeMs: 1753975885339
2025-07-31 15:31:25,340 INFO  [io.api.tes.ser.api.KafkaSerdesTester] (Thread-394) Sending message {"key1": "value-0", "key2": "value-0"} to topic topic-47f58148_8ad3_4d1d_a14f_55c33494d4ff
2025-07-31 15:31:25,343 INFO  [org.apa.kaf.cli.Metadata] (kafka-producer-network-thread | Producer-topic-47f58148_8ad3_4d1d_a14f_55c33494d4ff) [Producer clientId=Producer-topic-47f58148_8ad3_4d1d_a14f_55c33494d4ff] Cluster ID: BgnDnmd_Rn-oXa8M1ygsew
2025-07-31 15:31:25,343 INFO  [org.apa.kaf.cli.pro.int.TransactionManager] (kafka-producer-network-thread | Producer-topic-47f58148_8ad3_4d1d_a14f_55c33494d4ff) [Producer clientId=Producer-topic-47f58148_8ad3_4d1d_a14f_55c33494d4ff] ProducerId set to 45 with epoch 0
2025-07-31 15:31:25,365 INFO  [io.api.tes.ser.api.KafkaSerdesTester] (Thread-394) Sending message {"key1": "value-1", "key2": "value-1"} to topic topic-47f58148_8ad3_4d1d_a14f_55c33494d4ff
2025-07-31 15:31:25,368 INFO  [io.api.tes.ser.api.KafkaSerdesTester] (Thread-394) Sending message {"key1": "value-2", "key2": "value-2"} to topic topic-47f58148_8ad3_4d1d_a14f_55c33494d4ff
2025-07-31 15:31:25,369 INFO  [io.api.tes.ser.api.KafkaSerdesTester] (Thread-394) Sending message {"key1": "value-3", "key2": "value-3"} to topic topic-47f58148_8ad3_4d1d_a14f_55c33494d4ff
2025-07-31 15:31:25,371 INFO  [io.api.tes.ser.api.KafkaSerdesTester] (Thread-394) Sending message {"key1": "value-4", "key2": "value-4"} to topic topic-47f58148_8ad3_4d1d_a14f_55c33494d4ff
2025-07-31 15:31:25,373 INFO  [io.api.tes.ser.api.KafkaSerdesTester] (Thread-394) Sending message {"key1": "value-5", "key2": "value-5"} to topic topic-47f58148_8ad3_4d1d_a14f_55c33494d4ff
2025-07-31 15:31:25,376 INFO  [io.api.tes.ser.api.KafkaSerdesTester] (Thread-394) Sending message {"key1": "value-6", "key2": "value-6"} to topic topic-47f58148_8ad3_4d1d_a14f_55c33494d4ff
2025-07-31 15:31:25,379 INFO  [io.api.tes.ser.api.KafkaSerdesTester] (Thread-394) Sending message {"key1": "value-7", "key2": "value-7"} to topic topic-47f58148_8ad3_4d1d_a14f_55c33494d4ff
2025-07-31 15:31:25,381 INFO  [io.api.tes.ser.api.KafkaSerdesTester] (Thread-394) Sending message {"key1": "value-8", "key2": "value-8"} to topic topic-47f58148_8ad3_4d1d_a14f_55c33494d4ff
2025-07-31 15:31:25,382 INFO  [io.api.tes.ser.api.KafkaSerdesTester] (Thread-394) Sending message {"key1": "value-9", "key2": "value-9"} to topic topic-47f58148_8ad3_4d1d_a14f_55c33494d4ff
2025-07-31 15:31:25,383 INFO  [io.api.tes.ser.api.KafkaSerdesTester] (Thread-394) Produced 10 messages
2025-07-31 15:31:25,383 INFO  [org.apa.kaf.cli.pro.KafkaProducer] (Thread-394) [Producer clientId=Producer-topic-47f58148_8ad3_4d1d_a14f_55c33494d4ff] Closing the Kafka producer with timeoutMillis = 9223372036854775807 ms.
2025-07-31 15:31:25,385 INFO  [org.apa.kaf.com.met.Metrics] (Thread-394) Metrics scheduler closed
2025-07-31 15:31:25,385 INFO  [org.apa.kaf.com.met.Metrics] (Thread-394) Closing reporter org.apache.kafka.common.metrics.JmxReporter
2025-07-31 15:31:25,386 INFO  [org.apa.kaf.com.met.Metrics] (Thread-394) Closing reporter org.apache.kafka.common.telemetry.internals.ClientTelemetryReporter
2025-07-31 15:31:25,386 INFO  [org.apa.kaf.com.met.Metrics] (Thread-394) Metrics reporters closed
2025-07-31 15:31:25,386 INFO  [org.apa.kaf.com.uti.AppInfoParser] (Thread-394) App info kafka.producer for Producer-topic-47f58148_8ad3_4d1d_a14f_55c33494d4ff unregistered
2025-07-31 15:31:25,387 INFO  [org.apa.kaf.cli.pro.ProducerConfig] (main) ProducerConfig values: 
	acks = -1
	auto.include.jmx.reporter = true
	batch.size = 16384
	bootstrap.servers = [PLAINTEXT://localhost:32770]
	buffer.memory = 33554432
	client.dns.lookup = use_all_dns_ips
	client.id = Producer-topic-47f58148_8ad3_4d1d_a14f_55c33494d4ff
	compression.gzip.level = -1
	compression.lz4.level = 9
	compression.type = none
	compression.zstd.level = 3
	connections.max.idle.ms = 10000
	delivery.timeout.ms = 120000
	enable.idempotence = true
	enable.metrics.push = true
	interceptor.classes = []
	key.serializer = class org.apache.kafka.common.serialization.StringSerializer
	linger.ms = 0
	max.block.ms = 60000
	max.in.flight.requests.per.connection = 5
	max.request.size = 1048576
	metadata.max.age.ms = 300000
	metadata.max.idle.ms = 300000
	metadata.recovery.strategy = none
	metric.reporters = []
	metrics.num.samples = 2
	metrics.recording.level = INFO
	metrics.sample.window.ms = 30000
	partitioner.adaptive.partitioning.enable = true
	partitioner.availability.timeout.ms = 0
	partitioner.class = null
	partitioner.ignore.keys = false
	receive.buffer.bytes = 32768
	reconnect.backoff.max.ms = 1000
	reconnect.backoff.ms = 50
	request.timeout.ms = 5000
	retries = 2147483647
	retry.backoff.max.ms = 1000
	retry.backoff.ms = 100
	sasl.client.callback.handler.class = null
	sasl.jaas.config = null
	sasl.kerberos.kinit.cmd = /usr/bin/kinit
	sasl.kerberos.min.time.before.relogin = 60000
	sasl.kerberos.service.name = null
	sasl.kerberos.ticket.renew.jitter = 0.05
	sasl.kerberos.ticket.renew.window.factor = 0.8
	sasl.login.callback.handler.class = null
	sasl.login.class = null
	sasl.login.connect.timeout.ms = null
	sasl.login.read.timeout.ms = null
	sasl.login.refresh.buffer.seconds = 300
	sasl.login.refresh.min.period.seconds = 60
	sasl.login.refresh.window.factor = 0.8
	sasl.login.refresh.window.jitter = 0.05
	sasl.login.retry.backoff.max.ms = 10000
	sasl.login.retry.backoff.ms = 100
	sasl.mechanism = GSSAPI
	sasl.oauthbearer.clock.skew.seconds = 30
	sasl.oauthbearer.expected.audience = null
	sasl.oauthbearer.expected.issuer = null
	sasl.oauthbearer.header.urlencode = false
	sasl.oauthbearer.jwks.endpoint.refresh.ms = 3600000
	sasl.oauthbearer.jwks.endpoint.retry.backoff.max.ms = 10000
	sasl.oauthbearer.jwks.endpoint.retry.backoff.ms = 100
	sasl.oauthbearer.jwks.endpoint.url = null
	sasl.oauthbearer.scope.claim.name = scope
	sasl.oauthbearer.sub.claim.name = sub
	sasl.oauthbearer.token.endpoint.url = null
	security.protocol = PLAINTEXT
	security.providers = null
	send.buffer.bytes = 131072
	socket.connection.setup.timeout.max.ms = 30000
	socket.connection.setup.timeout.ms = 10000
	ssl.cipher.suites = null
	ssl.enabled.protocols = [TLSv1.2, TLSv1.3]
	ssl.endpoint.identification.algorithm = https
	ssl.engine.factory.class = null
	ssl.key.password = null
	ssl.keymanager.algorithm = SunX509
	ssl.keystore.certificate.chain = null
	ssl.keystore.key = null
	ssl.keystore.location = null
	ssl.keystore.password = null
	ssl.keystore.type = JKS
	ssl.protocol = TLSv1.3
	ssl.provider = null
	ssl.secure.random.implementation = null
	ssl.trustmanager.algorithm = PKIX
	ssl.truststore.certificates = null
	ssl.truststore.location = null
	ssl.truststore.password = null
	ssl.truststore.type = JKS
	transaction.timeout.ms = 60000
	transactional.id = null
	value.serializer = class io.confluent.kafka.serializers.KafkaAvroSerializer

2025-07-31 15:31:25,387 INFO  [org.apa.kaf.com.tel.int.KafkaMetricsCollector] (main) initializing Kafka metrics collector
2025-07-31 15:31:25,388 INFO  [io.con.kaf.ser.KafkaAvroSerializerConfig] (main) KafkaAvroSerializerConfig values: 
	auto.register.schemas = false
	avro.reflection.allow.null = false
	avro.remove.java.properties = false
	avro.use.logical.type.converters = false
	basic.auth.credentials.source = URL
	basic.auth.user.info = [hidden]
	bearer.auth.cache.expiry.buffer.seconds = 300
	bearer.auth.client.id = null
	bearer.auth.client.secret = null
	bearer.auth.credentials.source = STATIC_TOKEN
	bearer.auth.custom.provider.class = null
	bearer.auth.identity.pool.id = null
	bearer.auth.issuer.endpoint.url = null
	bearer.auth.logical.cluster = null
	bearer.auth.scope = null
	bearer.auth.scope.claim.name = scope
	bearer.auth.sub.claim.name = sub
	bearer.auth.token = [hidden]
	context.name.strategy = class io.confluent.kafka.serializers.context.NullContextNameStrategy
	http.connect.timeout.ms = 60000
	http.read.timeout.ms = 60000
	id.compatibility.strict = true
	key.subject.name.strategy = class io.confluent.kafka.serializers.subject.TopicNameStrategy
	latest.cache.size = 1000
	latest.cache.ttl.sec = -1
	latest.compatibility.strict = true
	max.retries = 3
	max.schemas.per.subject = 1000
	normalize.schemas = false
	propagate.schema.tags = false
	proxy.host = 
	proxy.port = -1
	retries.max.wait.ms = 20000
	retries.wait.ms = 1000
	rule.actions = []
	rule.executors = []
	rule.service.loader.enable = true
	schema.format = null
	schema.reflection = false
	schema.registry.basic.auth.user.info = [hidden]
	schema.registry.ssl.cipher.suites = null
	schema.registry.ssl.enabled.protocols = [TLSv1.2, TLSv1.3]
	schema.registry.ssl.endpoint.identification.algorithm = https
	schema.registry.ssl.engine.factory.class = null
	schema.registry.ssl.key.password = null
	schema.registry.ssl.keymanager.algorithm = SunX509
	schema.registry.ssl.keystore.certificate.chain = null
	schema.registry.ssl.keystore.key = null
	schema.registry.ssl.keystore.location = null
	schema.registry.ssl.keystore.password = null
	schema.registry.ssl.keystore.type = JKS
	schema.registry.ssl.protocol = TLSv1.3
	schema.registry.ssl.provider = null
	schema.registry.ssl.secure.random.implementation = null
	schema.registry.ssl.trustmanager.algorithm = PKIX
	schema.registry.ssl.truststore.certificates = null
	schema.registry.ssl.truststore.location = null
	schema.registry.ssl.truststore.password = null
	schema.registry.ssl.truststore.type = JKS
	schema.registry.url = [http://registry-app-postgresql.apps.ci419.apicurio-testing.org:80/apis/ccompat/v7]
	use.latest.version = false
	use.latest.with.metadata = null
	use.schema.id = -1
	value.subject.name.strategy = class io.confluent.kafka.serializers.subject.TopicRecordNameStrategy

2025-07-31 15:31:25,392 INFO  [org.apa.kaf.cli.pro.KafkaProducer] (main) [Producer clientId=Producer-topic-47f58148_8ad3_4d1d_a14f_55c33494d4ff] Instantiated an idempotent producer.
2025-07-31 15:31:25,394 INFO  [org.apa.kaf.cli.pro.ProducerConfig] (main) These configurations '[schema.registry.url, auto.register.schemas, value.subject.name.strategy]' were supplied but are not used yet.
2025-07-31 15:31:25,394 INFO  [org.apa.kaf.com.uti.AppInfoParser] (main) Kafka version: 3.9.0
2025-07-31 15:31:25,394 INFO  [org.apa.kaf.com.uti.AppInfoParser] (main) Kafka commitId: 84caaa6e9da06435
2025-07-31 15:31:25,394 INFO  [org.apa.kaf.com.uti.AppInfoParser] (main) Kafka startTimeMs: 1753975885394
2025-07-31 15:31:25,396 INFO  [io.api.tes.ser.api.KafkaSerdesTester] (Thread-395) Sending message {"key1": "value-0"} to topic topic-47f58148_8ad3_4d1d_a14f_55c33494d4ff
2025-07-31 15:31:25,398 INFO  [org.apa.kaf.cli.Metadata] (kafka-producer-network-thread | Producer-topic-47f58148_8ad3_4d1d_a14f_55c33494d4ff) [Producer clientId=Producer-topic-47f58148_8ad3_4d1d_a14f_55c33494d4ff] Cluster ID: BgnDnmd_Rn-oXa8M1ygsew
2025-07-31 15:31:25,398 INFO  [org.apa.kaf.cli.pro.int.TransactionManager] (kafka-producer-network-thread | Producer-topic-47f58148_8ad3_4d1d_a14f_55c33494d4ff) [Producer clientId=Producer-topic-47f58148_8ad3_4d1d_a14f_55c33494d4ff] ProducerId set to 46 with epoch 0
2025-07-31 15:31:25,415 INFO  [io.api.tes.ser.api.KafkaSerdesTester] (Thread-395) Sending message {"key1": "value-1"} to topic topic-47f58148_8ad3_4d1d_a14f_55c33494d4ff
2025-07-31 15:31:25,417 INFO  [io.api.tes.ser.api.KafkaSerdesTester] (Thread-395) Sending message {"key1": "value-2"} to topic topic-47f58148_8ad3_4d1d_a14f_55c33494d4ff
2025-07-31 15:31:25,418 INFO  [io.api.tes.ser.api.KafkaSerdesTester] (Thread-395) Sending message {"key1": "value-3"} to topic topic-47f58148_8ad3_4d1d_a14f_55c33494d4ff
2025-07-31 15:31:25,419 INFO  [io.api.tes.ser.api.KafkaSerdesTester] (Thread-395) Sending message {"key1": "value-4"} to topic topic-47f58148_8ad3_4d1d_a14f_55c33494d4ff
2025-07-31 15:31:25,420 INFO  [io.api.tes.ser.api.KafkaSerdesTester] (Thread-395) Sending message {"key1": "value-5"} to topic topic-47f58148_8ad3_4d1d_a14f_55c33494d4ff
2025-07-31 15:31:25,421 INFO  [io.api.tes.ser.api.KafkaSerdesTester] (Thread-395) Sending message {"key1": "value-6"} to topic topic-47f58148_8ad3_4d1d_a14f_55c33494d4ff
2025-07-31 15:31:25,422 INFO  [io.api.tes.ser.api.KafkaSerdesTester] (Thread-395) Sending message {"key1": "value-7"} to topic topic-47f58148_8ad3_4d1d_a14f_55c33494d4ff
2025-07-31 15:31:25,422 INFO  [io.api.tes.ser.api.KafkaSerdesTester] (Thread-395) Sending message {"key1": "value-8"} to topic topic-47f58148_8ad3_4d1d_a14f_55c33494d4ff
2025-07-31 15:31:25,423 INFO  [io.api.tes.ser.api.KafkaSerdesTester] (Thread-395) Sending message {"key1": "value-9"} to topic topic-47f58148_8ad3_4d1d_a14f_55c33494d4ff
2025-07-31 15:31:25,425 INFO  [io.api.tes.ser.api.KafkaSerdesTester] (Thread-395) Produced 10 messages
2025-07-31 15:31:25,425 INFO  [org.apa.kaf.cli.pro.KafkaProducer] (Thread-395) [Producer clientId=Producer-topic-47f58148_8ad3_4d1d_a14f_55c33494d4ff] Closing the Kafka producer with timeoutMillis = 9223372036854775807 ms.
2025-07-31 15:31:25,426 INFO  [org.apa.kaf.com.met.Metrics] (Thread-395) Metrics scheduler closed
2025-07-31 15:31:25,426 INFO  [org.apa.kaf.com.met.Metrics] (Thread-395) Closing reporter org.apache.kafka.common.metrics.JmxReporter
2025-07-31 15:31:25,426 INFO  [org.apa.kaf.com.met.Metrics] (Thread-395) Closing reporter org.apache.kafka.common.telemetry.internals.ClientTelemetryReporter
2025-07-31 15:31:25,426 INFO  [org.apa.kaf.com.met.Metrics] (Thread-395) Metrics reporters closed
2025-07-31 15:31:25,426 INFO  [org.apa.kaf.com.uti.AppInfoParser] (Thread-395) App info kafka.producer for Producer-topic-47f58148_8ad3_4d1d_a14f_55c33494d4ff unregistered
2025-07-31 15:31:25,426 INFO  [org.apa.kaf.cli.con.ConsumerConfig] (main) ConsumerConfig values: 
	allow.auto.create.topics = true
	auto.commit.interval.ms = 500
	auto.include.jmx.reporter = true
	auto.offset.reset = earliest
	bootstrap.servers = [PLAINTEXT://localhost:32770]
	check.crcs = true
	client.dns.lookup = use_all_dns_ips
	client.id = consumer-Consumer-topic-47f58148_8ad3_4d1d_a14f_55c33494d4ff-35
	client.rack = 
	connections.max.idle.ms = 10000
	default.api.timeout.ms = 60000
	enable.auto.commit = true
	enable.metrics.push = true
	exclude.internal.topics = true
	fetch.max.bytes = 52428800
	fetch.max.wait.ms = 500
	fetch.min.bytes = 1
	group.id = Consumer-topic-47f58148_8ad3_4d1d_a14f_55c33494d4ff
	group.instance.id = null
	group.protocol = classic
	group.remote.assignor = null
	heartbeat.interval.ms = 3000
	interceptor.classes = []
	internal.leave.group.on.close = true
	internal.throw.on.fetch.stable.offset.unsupported = false
	isolation.level = read_uncommitted
	key.deserializer = class org.apache.kafka.common.serialization.StringDeserializer
	max.partition.fetch.bytes = 1048576
	max.poll.interval.ms = 300000
	max.poll.records = 500
	metadata.max.age.ms = 300000
	metadata.recovery.strategy = none
	metric.reporters = []
	metrics.num.samples = 2
	metrics.recording.level = INFO
	metrics.sample.window.ms = 30000
	partition.assignment.strategy = [class org.apache.kafka.clients.consumer.RangeAssignor, class org.apache.kafka.clients.consumer.CooperativeStickyAssignor]
	receive.buffer.bytes = 65536
	reconnect.backoff.max.ms = 1000
	reconnect.backoff.ms = 50
	request.timeout.ms = 5000
	retry.backoff.max.ms = 1000
	retry.backoff.ms = 100
	sasl.client.callback.handler.class = null
	sasl.jaas.config = null
	sasl.kerberos.kinit.cmd = /usr/bin/kinit
	sasl.kerberos.min.time.before.relogin = 60000
	sasl.kerberos.service.name = null
	sasl.kerberos.ticket.renew.jitter = 0.05
	sasl.kerberos.ticket.renew.window.factor = 0.8
	sasl.login.callback.handler.class = null
	sasl.login.class = null
	sasl.login.connect.timeout.ms = null
	sasl.login.read.timeout.ms = null
	sasl.login.refresh.buffer.seconds = 300
	sasl.login.refresh.min.period.seconds = 60
	sasl.login.refresh.window.factor = 0.8
	sasl.login.refresh.window.jitter = 0.05
	sasl.login.retry.backoff.max.ms = 10000
	sasl.login.retry.backoff.ms = 100
	sasl.mechanism = GSSAPI
	sasl.oauthbearer.clock.skew.seconds = 30
	sasl.oauthbearer.expected.audience = null
	sasl.oauthbearer.expected.issuer = null
	sasl.oauthbearer.header.urlencode = false
	sasl.oauthbearer.jwks.endpoint.refresh.ms = 3600000
	sasl.oauthbearer.jwks.endpoint.retry.backoff.max.ms = 10000
	sasl.oauthbearer.jwks.endpoint.retry.backoff.ms = 100
	sasl.oauthbearer.jwks.endpoint.url = null
	sasl.oauthbearer.scope.claim.name = scope
	sasl.oauthbearer.sub.claim.name = sub
	sasl.oauthbearer.token.endpoint.url = null
	security.protocol = PLAINTEXT
	security.providers = null
	send.buffer.bytes = 131072
	session.timeout.ms = 45000
	socket.connection.setup.timeout.max.ms = 30000
	socket.connection.setup.timeout.ms = 10000
	ssl.cipher.suites = null
	ssl.enabled.protocols = [TLSv1.2, TLSv1.3]
	ssl.endpoint.identification.algorithm = https
	ssl.engine.factory.class = null
	ssl.key.password = null
	ssl.keymanager.algorithm = SunX509
	ssl.keystore.certificate.chain = null
	ssl.keystore.key = null
	ssl.keystore.location = null
	ssl.keystore.password = null
	ssl.keystore.type = JKS
	ssl.protocol = TLSv1.3
	ssl.provider = null
	ssl.secure.random.implementation = null
	ssl.trustmanager.algorithm = PKIX
	ssl.truststore.certificates = null
	ssl.truststore.location = null
	ssl.truststore.password = null
	ssl.truststore.type = JKS
	value.deserializer = class io.confluent.kafka.serializers.KafkaAvroDeserializer

2025-07-31 15:31:25,427 INFO  [org.apa.kaf.com.tel.int.KafkaMetricsCollector] (main) initializing Kafka metrics collector
2025-07-31 15:31:25,427 INFO  [io.con.kaf.ser.KafkaAvroDeserializerConfig] (main) KafkaAvroDeserializerConfig values: 
	auto.register.schemas = true
	avro.reflection.allow.null = false
	avro.use.logical.type.converters = false
	basic.auth.credentials.source = URL
	basic.auth.user.info = [hidden]
	bearer.auth.cache.expiry.buffer.seconds = 300
	bearer.auth.client.id = null
	bearer.auth.client.secret = null
	bearer.auth.credentials.source = STATIC_TOKEN
	bearer.auth.custom.provider.class = null
	bearer.auth.identity.pool.id = null
	bearer.auth.issuer.endpoint.url = null
	bearer.auth.logical.cluster = null
	bearer.auth.scope = null
	bearer.auth.scope.claim.name = scope
	bearer.auth.sub.claim.name = sub
	bearer.auth.token = [hidden]
	context.name.strategy = class io.confluent.kafka.serializers.context.NullContextNameStrategy
	http.connect.timeout.ms = 60000
	http.read.timeout.ms = 60000
	id.compatibility.strict = true
	key.subject.name.strategy = class io.confluent.kafka.serializers.subject.TopicNameStrategy
	latest.cache.size = 1000
	latest.cache.ttl.sec = -1
	latest.compatibility.strict = true
	max.retries = 3
	max.schemas.per.subject = 1000
	normalize.schemas = false
	propagate.schema.tags = false
	proxy.host = 
	proxy.port = -1
	retries.max.wait.ms = 20000
	retries.wait.ms = 1000
	rule.actions = []
	rule.executors = []
	rule.service.loader.enable = true
	schema.format = null
	schema.reflection = false
	schema.registry.basic.auth.user.info = [hidden]
	schema.registry.ssl.cipher.suites = null
	schema.registry.ssl.enabled.protocols = [TLSv1.2, TLSv1.3]
	schema.registry.ssl.endpoint.identification.algorithm = https
	schema.registry.ssl.engine.factory.class = null
	schema.registry.ssl.key.password = null
	schema.registry.ssl.keymanager.algorithm = SunX509
	schema.registry.ssl.keystore.certificate.chain = null
	schema.registry.ssl.keystore.key = null
	schema.registry.ssl.keystore.location = null
	schema.registry.ssl.keystore.password = null
	schema.registry.ssl.keystore.type = JKS
	schema.registry.ssl.protocol = TLSv1.3
	schema.registry.ssl.provider = null
	schema.registry.ssl.secure.random.implementation = null
	schema.registry.ssl.trustmanager.algorithm = PKIX
	schema.registry.ssl.truststore.certificates = null
	schema.registry.ssl.truststore.location = null
	schema.registry.ssl.truststore.password = null
	schema.registry.ssl.truststore.type = JKS
	schema.registry.url = [http://registry-app-postgresql.apps.ci419.apicurio-testing.org:80/apis/ccompat/v7]
	specific.avro.key.type = null
	specific.avro.reader = false
	specific.avro.value.type = null
	use.latest.version = false
	use.latest.with.metadata = null
	use.schema.id = -1
	value.subject.name.strategy = class io.confluent.kafka.serializers.subject.TopicNameStrategy

2025-07-31 15:31:25,427 INFO  [io.con.kaf.ser.KafkaAvroDeserializerConfig] (main) KafkaAvroDeserializerConfig values: 
	auto.register.schemas = true
	avro.reflection.allow.null = false
	avro.use.logical.type.converters = false
	basic.auth.credentials.source = URL
	basic.auth.user.info = [hidden]
	bearer.auth.cache.expiry.buffer.seconds = 300
	bearer.auth.client.id = null
	bearer.auth.client.secret = null
	bearer.auth.credentials.source = STATIC_TOKEN
	bearer.auth.custom.provider.class = null
	bearer.auth.identity.pool.id = null
	bearer.auth.issuer.endpoint.url = null
	bearer.auth.logical.cluster = null
	bearer.auth.scope = null
	bearer.auth.scope.claim.name = scope
	bearer.auth.sub.claim.name = sub
	bearer.auth.token = [hidden]
	context.name.strategy = class io.confluent.kafka.serializers.context.NullContextNameStrategy
	http.connect.timeout.ms = 60000
	http.read.timeout.ms = 60000
	id.compatibility.strict = true
	key.subject.name.strategy = class io.confluent.kafka.serializers.subject.TopicNameStrategy
	latest.cache.size = 1000
	latest.cache.ttl.sec = -1
	latest.compatibility.strict = true
	max.retries = 3
	max.schemas.per.subject = 1000
	normalize.schemas = false
	propagate.schema.tags = false
	proxy.host = 
	proxy.port = -1
	retries.max.wait.ms = 20000
	retries.wait.ms = 1000
	rule.actions = []
	rule.executors = []
	rule.service.loader.enable = true
	schema.format = null
	schema.reflection = false
	schema.registry.basic.auth.user.info = [hidden]
	schema.registry.ssl.cipher.suites = null
	schema.registry.ssl.enabled.protocols = [TLSv1.2, TLSv1.3]
	schema.registry.ssl.endpoint.identification.algorithm = https
	schema.registry.ssl.engine.factory.class = null
	schema.registry.ssl.key.password = null
	schema.registry.ssl.keymanager.algorithm = SunX509
	schema.registry.ssl.keystore.certificate.chain = null
	schema.registry.ssl.keystore.key = null
	schema.registry.ssl.keystore.location = null
	schema.registry.ssl.keystore.password = null
	schema.registry.ssl.keystore.type = JKS
	schema.registry.ssl.protocol = TLSv1.3
	schema.registry.ssl.provider = null
	schema.registry.ssl.secure.random.implementation = null
	schema.registry.ssl.trustmanager.algorithm = PKIX
	schema.registry.ssl.truststore.certificates = null
	schema.registry.ssl.truststore.location = null
	schema.registry.ssl.truststore.password = null
	schema.registry.ssl.truststore.type = JKS
	schema.registry.url = [http://registry-app-postgresql.apps.ci419.apicurio-testing.org:80/apis/ccompat/v7]
	specific.avro.key.type = null
	specific.avro.reader = false
	specific.avro.value.type = null
	use.latest.version = false
	use.latest.with.metadata = null
	use.schema.id = -1
	value.subject.name.strategy = class io.confluent.kafka.serializers.subject.TopicNameStrategy

2025-07-31 15:31:25,430 INFO  [org.apa.kaf.cli.con.ConsumerConfig] (main) These configurations '[schema.registry.url]' were supplied but are not used yet.
2025-07-31 15:31:25,430 INFO  [org.apa.kaf.com.uti.AppInfoParser] (main) Kafka version: 3.9.0
2025-07-31 15:31:25,430 INFO  [org.apa.kaf.com.uti.AppInfoParser] (main) Kafka commitId: 84caaa6e9da06435
2025-07-31 15:31:25,430 INFO  [org.apa.kaf.com.uti.AppInfoParser] (main) Kafka startTimeMs: 1753975885430
2025-07-31 15:31:25,431 INFO  [org.apa.kaf.cli.con.int.ClassicKafkaConsumer] (Thread-396) [Consumer clientId=consumer-Consumer-topic-47f58148_8ad3_4d1d_a14f_55c33494d4ff-35, groupId=Consumer-topic-47f58148_8ad3_4d1d_a14f_55c33494d4ff] Subscribed to topic(s): topic-47f58148_8ad3_4d1d_a14f_55c33494d4ff
2025-07-31 15:31:25,434 INFO  [org.apa.kaf.cli.Metadata] (Thread-396) [Consumer clientId=consumer-Consumer-topic-47f58148_8ad3_4d1d_a14f_55c33494d4ff-35, groupId=Consumer-topic-47f58148_8ad3_4d1d_a14f_55c33494d4ff] Cluster ID: BgnDnmd_Rn-oXa8M1ygsew
2025-07-31 15:31:25,434 INFO  [org.apa.kaf.cli.con.int.ConsumerCoordinator] (Thread-396) [Consumer clientId=consumer-Consumer-topic-47f58148_8ad3_4d1d_a14f_55c33494d4ff-35, groupId=Consumer-topic-47f58148_8ad3_4d1d_a14f_55c33494d4ff] Discovered group coordinator localhost:32770 (id: 2147483647 rack: null)
2025-07-31 15:31:25,435 INFO  [org.apa.kaf.cli.con.int.ConsumerCoordinator] (Thread-396) [Consumer clientId=consumer-Consumer-topic-47f58148_8ad3_4d1d_a14f_55c33494d4ff-35, groupId=Consumer-topic-47f58148_8ad3_4d1d_a14f_55c33494d4ff] (Re-)joining group
2025-07-31 15:31:25,437 INFO  [org.apa.kaf.cli.con.int.ConsumerCoordinator] (Thread-396) [Consumer clientId=consumer-Consumer-topic-47f58148_8ad3_4d1d_a14f_55c33494d4ff-35, groupId=Consumer-topic-47f58148_8ad3_4d1d_a14f_55c33494d4ff] Request joining group due to: need to re-join with the given member-id: consumer-Consumer-topic-47f58148_8ad3_4d1d_a14f_55c33494d4ff-35-0b720127-1360-45e3-842a-1eb119a6c00a
2025-07-31 15:31:25,437 INFO  [org.apa.kaf.cli.con.int.ConsumerCoordinator] (Thread-396) [Consumer clientId=consumer-Consumer-topic-47f58148_8ad3_4d1d_a14f_55c33494d4ff-35, groupId=Consumer-topic-47f58148_8ad3_4d1d_a14f_55c33494d4ff] (Re-)joining group
2025-07-31 15:31:25,439 INFO  [org.apa.kaf.cli.con.int.ConsumerCoordinator] (Thread-396) [Consumer clientId=consumer-Consumer-topic-47f58148_8ad3_4d1d_a14f_55c33494d4ff-35, groupId=Consumer-topic-47f58148_8ad3_4d1d_a14f_55c33494d4ff] Successfully joined group with generation Generation{generationId=3, memberId='consumer-Consumer-topic-47f58148_8ad3_4d1d_a14f_55c33494d4ff-35-0b720127-1360-45e3-842a-1eb119a6c00a', protocol='range'}
2025-07-31 15:31:25,439 INFO  [org.apa.kaf.cli.con.int.ConsumerCoordinator] (Thread-396) [Consumer clientId=consumer-Consumer-topic-47f58148_8ad3_4d1d_a14f_55c33494d4ff-35, groupId=Consumer-topic-47f58148_8ad3_4d1d_a14f_55c33494d4ff] Finished assignment for group at generation 3: {consumer-Consumer-topic-47f58148_8ad3_4d1d_a14f_55c33494d4ff-35-0b720127-1360-45e3-842a-1eb119a6c00a=Assignment(partitions=[topic-47f58148_8ad3_4d1d_a14f_55c33494d4ff-0])}
2025-07-31 15:31:25,440 INFO  [org.apa.kaf.cli.con.int.ConsumerCoordinator] (Thread-396) [Consumer clientId=consumer-Consumer-topic-47f58148_8ad3_4d1d_a14f_55c33494d4ff-35, groupId=Consumer-topic-47f58148_8ad3_4d1d_a14f_55c33494d4ff] Successfully synced group in generation Generation{generationId=3, memberId='consumer-Consumer-topic-47f58148_8ad3_4d1d_a14f_55c33494d4ff-35-0b720127-1360-45e3-842a-1eb119a6c00a', protocol='range'}
2025-07-31 15:31:25,441 INFO  [org.apa.kaf.cli.con.int.ConsumerCoordinator] (Thread-396) [Consumer clientId=consumer-Consumer-topic-47f58148_8ad3_4d1d_a14f_55c33494d4ff-35, groupId=Consumer-topic-47f58148_8ad3_4d1d_a14f_55c33494d4ff] Notifying assignor about the new Assignment(partitions=[topic-47f58148_8ad3_4d1d_a14f_55c33494d4ff-0])
2025-07-31 15:31:25,441 INFO  [org.apa.kaf.cli.con.int.ConsumerRebalanceListenerInvoker] (Thread-396) [Consumer clientId=consumer-Consumer-topic-47f58148_8ad3_4d1d_a14f_55c33494d4ff-35, groupId=Consumer-topic-47f58148_8ad3_4d1d_a14f_55c33494d4ff] Adding newly assigned partitions: topic-47f58148_8ad3_4d1d_a14f_55c33494d4ff-0
2025-07-31 15:31:25,442 INFO  [org.apa.kaf.cli.con.int.ConsumerUtils] (Thread-396) Setting offset for partition topic-47f58148_8ad3_4d1d_a14f_55c33494d4ff-0 to the committed offset FetchPosition{offset=10, offsetEpoch=Optional[0], currentLeader=LeaderAndEpoch{leader=Optional[localhost:32770 (id: 0 rack: null)], epoch=0}}
2025-07-31 15:31:25,470 INFO  [io.api.tes.ser.api.KafkaSerdesTester] (Thread-396) topic-47f58148_8ad3_4d1d_a14f_55c33494d4ff 0 10 {"key1": "value-0", "key2": "value-0"}
2025-07-31 15:31:25,470 INFO  [io.api.tes.ser.api.KafkaSerdesTester] (Thread-396) topic-47f58148_8ad3_4d1d_a14f_55c33494d4ff 0 11 {"key1": "value-1", "key2": "value-1"}
2025-07-31 15:31:25,470 INFO  [io.api.tes.ser.api.KafkaSerdesTester] (Thread-396) topic-47f58148_8ad3_4d1d_a14f_55c33494d4ff 0 12 {"key1": "value-2", "key2": "value-2"}
2025-07-31 15:31:25,470 INFO  [io.api.tes.ser.api.KafkaSerdesTester] (Thread-396) topic-47f58148_8ad3_4d1d_a14f_55c33494d4ff 0 13 {"key1": "value-3", "key2": "value-3"}
2025-07-31 15:31:25,470 INFO  [io.api.tes.ser.api.KafkaSerdesTester] (Thread-396) topic-47f58148_8ad3_4d1d_a14f_55c33494d4ff 0 14 {"key1": "value-4", "key2": "value-4"}
2025-07-31 15:31:25,470 INFO  [io.api.tes.ser.api.KafkaSerdesTester] (Thread-396) topic-47f58148_8ad3_4d1d_a14f_55c33494d4ff 0 15 {"key1": "value-5", "key2": "value-5"}
2025-07-31 15:31:25,470 INFO  [io.api.tes.ser.api.KafkaSerdesTester] (Thread-396) topic-47f58148_8ad3_4d1d_a14f_55c33494d4ff 0 16 {"key1": "value-6", "key2": "value-6"}
2025-07-31 15:31:25,471 INFO  [io.api.tes.ser.api.KafkaSerdesTester] (Thread-396) topic-47f58148_8ad3_4d1d_a14f_55c33494d4ff 0 17 {"key1": "value-7", "key2": "value-7"}
2025-07-31 15:31:25,471 INFO  [io.api.tes.ser.api.KafkaSerdesTester] (Thread-396) topic-47f58148_8ad3_4d1d_a14f_55c33494d4ff 0 18 {"key1": "value-8", "key2": "value-8"}
2025-07-31 15:31:25,471 INFO  [io.api.tes.ser.api.KafkaSerdesTester] (Thread-396) topic-47f58148_8ad3_4d1d_a14f_55c33494d4ff 0 19 {"key1": "value-9", "key2": "value-9"}
2025-07-31 15:31:25,471 INFO  [io.api.tes.ser.api.KafkaSerdesTester] (Thread-396) topic-47f58148_8ad3_4d1d_a14f_55c33494d4ff 0 20 {"key1": "value-0"}
2025-07-31 15:31:25,471 INFO  [io.api.tes.ser.api.KafkaSerdesTester] (Thread-396) topic-47f58148_8ad3_4d1d_a14f_55c33494d4ff 0 21 {"key1": "value-1"}
2025-07-31 15:31:25,471 INFO  [io.api.tes.ser.api.KafkaSerdesTester] (Thread-396) topic-47f58148_8ad3_4d1d_a14f_55c33494d4ff 0 22 {"key1": "value-2"}
2025-07-31 15:31:25,471 INFO  [io.api.tes.ser.api.KafkaSerdesTester] (Thread-396) topic-47f58148_8ad3_4d1d_a14f_55c33494d4ff 0 23 {"key1": "value-3"}
2025-07-31 15:31:25,471 INFO  [io.api.tes.ser.api.KafkaSerdesTester] (Thread-396) topic-47f58148_8ad3_4d1d_a14f_55c33494d4ff 0 24 {"key1": "value-4"}
2025-07-31 15:31:25,471 INFO  [io.api.tes.ser.api.KafkaSerdesTester] (Thread-396) topic-47f58148_8ad3_4d1d_a14f_55c33494d4ff 0 25 {"key1": "value-5"}
2025-07-31 15:31:25,471 INFO  [io.api.tes.ser.api.KafkaSerdesTester] (Thread-396) topic-47f58148_8ad3_4d1d_a14f_55c33494d4ff 0 26 {"key1": "value-6"}
2025-07-31 15:31:25,471 INFO  [io.api.tes.ser.api.KafkaSerdesTester] (Thread-396) topic-47f58148_8ad3_4d1d_a14f_55c33494d4ff 0 27 {"key1": "value-7"}
2025-07-31 15:31:25,471 INFO  [io.api.tes.ser.api.KafkaSerdesTester] (Thread-396) topic-47f58148_8ad3_4d1d_a14f_55c33494d4ff 0 28 {"key1": "value-8"}
2025-07-31 15:31:25,471 INFO  [io.api.tes.ser.api.KafkaSerdesTester] (Thread-396) topic-47f58148_8ad3_4d1d_a14f_55c33494d4ff 0 29 {"key1": "value-9"}
2025-07-31 15:31:25,471 INFO  [io.api.tes.ser.api.KafkaSerdesTester] (Thread-396) Consumed 20 messages
2025-07-31 15:31:25,474 INFO  [org.apa.kaf.cli.con.int.ConsumerRebalanceListenerInvoker] (Thread-396) [Consumer clientId=consumer-Consumer-topic-47f58148_8ad3_4d1d_a14f_55c33494d4ff-35, groupId=Consumer-topic-47f58148_8ad3_4d1d_a14f_55c33494d4ff] Revoke previously assigned partitions topic-47f58148_8ad3_4d1d_a14f_55c33494d4ff-0
2025-07-31 15:31:25,474 INFO  [org.apa.kaf.cli.con.int.ConsumerCoordinator] (Thread-396) [Consumer clientId=consumer-Consumer-topic-47f58148_8ad3_4d1d_a14f_55c33494d4ff-35, groupId=Consumer-topic-47f58148_8ad3_4d1d_a14f_55c33494d4ff] Member consumer-Consumer-topic-47f58148_8ad3_4d1d_a14f_55c33494d4ff-35-0b720127-1360-45e3-842a-1eb119a6c00a sending LeaveGroup request to coordinator localhost:32770 (id: 2147483647 rack: null) due to the consumer is being closed
2025-07-31 15:31:25,474 INFO  [org.apa.kaf.cli.con.int.ConsumerCoordinator] (Thread-396) [Consumer clientId=consumer-Consumer-topic-47f58148_8ad3_4d1d_a14f_55c33494d4ff-35, groupId=Consumer-topic-47f58148_8ad3_4d1d_a14f_55c33494d4ff] Resetting generation and member id due to: consumer pro-actively leaving the group
2025-07-31 15:31:25,474 INFO  [org.apa.kaf.cli.con.int.ConsumerCoordinator] (Thread-396) [Consumer clientId=consumer-Consumer-topic-47f58148_8ad3_4d1d_a14f_55c33494d4ff-35, groupId=Consumer-topic-47f58148_8ad3_4d1d_a14f_55c33494d4ff] Request joining group due to: consumer pro-actively leaving the group
2025-07-31 15:31:25,973 INFO  [org.apa.kaf.com.met.Metrics] (Thread-396) Metrics scheduler closed
2025-07-31 15:31:25,974 INFO  [org.apa.kaf.com.met.Metrics] (Thread-396) Closing reporter org.apache.kafka.common.metrics.JmxReporter
2025-07-31 15:31:25,974 INFO  [org.apa.kaf.com.met.Metrics] (Thread-396) Closing reporter org.apache.kafka.common.telemetry.internals.ClientTelemetryReporter
2025-07-31 15:31:25,974 INFO  [org.apa.kaf.com.met.Metrics] (Thread-396) Metrics reporters closed
2025-07-31 15:31:25,976 INFO  [org.apa.kaf.com.uti.AppInfoParser] (Thread-396) App info kafka.consumer for consumer-Consumer-topic-47f58148_8ad3_4d1d_a14f_55c33494d4ff-35 unregistered
2025-07-31 15:31:27,027 INFO  [org.apa.kaf.cli.pro.ProducerConfig] (main) ProducerConfig values: 
	acks = -1
	auto.include.jmx.reporter = true
	batch.size = 16384
	bootstrap.servers = [PLAINTEXT://localhost:32770]
	buffer.memory = 33554432
	client.dns.lookup = use_all_dns_ips
	client.id = Producer-topic-47f58148_8ad3_4d1d_a14f_55c33494d4ff
	compression.gzip.level = -1
	compression.lz4.level = 9
	compression.type = none
	compression.zstd.level = 3
	connections.max.idle.ms = 10000
	delivery.timeout.ms = 120000
	enable.idempotence = true
	enable.metrics.push = true
	interceptor.classes = []
	key.serializer = class org.apache.kafka.common.serialization.StringSerializer
	linger.ms = 0
	max.block.ms = 60000
	max.in.flight.requests.per.connection = 5
	max.request.size = 1048576
	metadata.max.age.ms = 300000
	metadata.max.idle.ms = 300000
	metadata.recovery.strategy = none
	metric.reporters = []
	metrics.num.samples = 2
	metrics.recording.level = INFO
	metrics.sample.window.ms = 30000
	partitioner.adaptive.partitioning.enable = true
	partitioner.availability.timeout.ms = 0
	partitioner.class = null
	partitioner.ignore.keys = false
	receive.buffer.bytes = 32768
	reconnect.backoff.max.ms = 1000
	reconnect.backoff.ms = 50
	request.timeout.ms = 5000
	retries = 2147483647
	retry.backoff.max.ms = 1000
	retry.backoff.ms = 100
	sasl.client.callback.handler.class = null
	sasl.jaas.config = null
	sasl.kerberos.kinit.cmd = /usr/bin/kinit
	sasl.kerberos.min.time.before.relogin = 60000
	sasl.kerberos.service.name = null
	sasl.kerberos.ticket.renew.jitter = 0.05
	sasl.kerberos.ticket.renew.window.factor = 0.8
	sasl.login.callback.handler.class = null
	sasl.login.class = null
	sasl.login.connect.timeout.ms = null
	sasl.login.read.timeout.ms = null
	sasl.login.refresh.buffer.seconds = 300
	sasl.login.refresh.min.period.seconds = 60
	sasl.login.refresh.window.factor = 0.8
	sasl.login.refresh.window.jitter = 0.05
	sasl.login.retry.backoff.max.ms = 10000
	sasl.login.retry.backoff.ms = 100
	sasl.mechanism = GSSAPI
	sasl.oauthbearer.clock.skew.seconds = 30
	sasl.oauthbearer.expected.audience = null
	sasl.oauthbearer.expected.issuer = null
	sasl.oauthbearer.header.urlencode = false
	sasl.oauthbearer.jwks.endpoint.refresh.ms = 3600000
	sasl.oauthbearer.jwks.endpoint.retry.backoff.max.ms = 10000
	sasl.oauthbearer.jwks.endpoint.retry.backoff.ms = 100
	sasl.oauthbearer.jwks.endpoint.url = null
	sasl.oauthbearer.scope.claim.name = scope
	sasl.oauthbearer.sub.claim.name = sub
	sasl.oauthbearer.token.endpoint.url = null
	security.protocol = PLAINTEXT
	security.providers = null
	send.buffer.bytes = 131072
	socket.connection.setup.timeout.max.ms = 30000
	socket.connection.setup.timeout.ms = 10000
	ssl.cipher.suites = null
	ssl.enabled.protocols = [TLSv1.2, TLSv1.3]
	ssl.endpoint.identification.algorithm = https
	ssl.engine.factory.class = null
	ssl.key.password = null
	ssl.keymanager.algorithm = SunX509
	ssl.keystore.certificate.chain = null
	ssl.keystore.key = null
	ssl.keystore.location = null
	ssl.keystore.password = null
	ssl.keystore.type = JKS
	ssl.protocol = TLSv1.3
	ssl.provider = null
	ssl.secure.random.implementation = null
	ssl.trustmanager.algorithm = PKIX
	ssl.truststore.certificates = null
	ssl.truststore.location = null
	ssl.truststore.password = null
	ssl.truststore.type = JKS
	transaction.timeout.ms = 60000
	transactional.id = null
	value.serializer = class io.confluent.kafka.serializers.KafkaAvroSerializer

2025-07-31 15:31:27,027 INFO  [org.apa.kaf.com.tel.int.KafkaMetricsCollector] (main) initializing Kafka metrics collector
2025-07-31 15:31:27,028 INFO  [io.con.kaf.ser.KafkaAvroSerializerConfig] (main) KafkaAvroSerializerConfig values: 
	auto.register.schemas = false
	avro.reflection.allow.null = false
	avro.remove.java.properties = false
	avro.use.logical.type.converters = false
	basic.auth.credentials.source = URL
	basic.auth.user.info = [hidden]
	bearer.auth.cache.expiry.buffer.seconds = 300
	bearer.auth.client.id = null
	bearer.auth.client.secret = null
	bearer.auth.credentials.source = STATIC_TOKEN
	bearer.auth.custom.provider.class = null
	bearer.auth.identity.pool.id = null
	bearer.auth.issuer.endpoint.url = null
	bearer.auth.logical.cluster = null
	bearer.auth.scope = null
	bearer.auth.scope.claim.name = scope
	bearer.auth.sub.claim.name = sub
	bearer.auth.token = [hidden]
	context.name.strategy = class io.confluent.kafka.serializers.context.NullContextNameStrategy
	http.connect.timeout.ms = 60000
	http.read.timeout.ms = 60000
	id.compatibility.strict = true
	key.subject.name.strategy = class io.confluent.kafka.serializers.subject.TopicNameStrategy
	latest.cache.size = 1000
	latest.cache.ttl.sec = -1
	latest.compatibility.strict = true
	max.retries = 3
	max.schemas.per.subject = 1000
	normalize.schemas = false
	propagate.schema.tags = false
	proxy.host = 
	proxy.port = -1
	retries.max.wait.ms = 20000
	retries.wait.ms = 1000
	rule.actions = []
	rule.executors = []
	rule.service.loader.enable = true
	schema.format = null
	schema.reflection = false
	schema.registry.basic.auth.user.info = [hidden]
	schema.registry.ssl.cipher.suites = null
	schema.registry.ssl.enabled.protocols = [TLSv1.2, TLSv1.3]
	schema.registry.ssl.endpoint.identification.algorithm = https
	schema.registry.ssl.engine.factory.class = null
	schema.registry.ssl.key.password = null
	schema.registry.ssl.keymanager.algorithm = SunX509
	schema.registry.ssl.keystore.certificate.chain = null
	schema.registry.ssl.keystore.key = null
	schema.registry.ssl.keystore.location = null
	schema.registry.ssl.keystore.password = null
	schema.registry.ssl.keystore.type = JKS
	schema.registry.ssl.protocol = TLSv1.3
	schema.registry.ssl.provider = null
	schema.registry.ssl.secure.random.implementation = null
	schema.registry.ssl.trustmanager.algorithm = PKIX
	schema.registry.ssl.truststore.certificates = null
	schema.registry.ssl.truststore.location = null
	schema.registry.ssl.truststore.password = null
	schema.registry.ssl.truststore.type = JKS
	schema.registry.url = [http://registry-app-postgresql.apps.ci419.apicurio-testing.org:80/apis/ccompat/v7]
	use.latest.version = false
	use.latest.with.metadata = null
	use.schema.id = -1
	value.subject.name.strategy = class io.confluent.kafka.serializers.subject.TopicRecordNameStrategy

2025-07-31 15:31:27,030 INFO  [org.apa.kaf.cli.pro.KafkaProducer] (main) [Producer clientId=Producer-topic-47f58148_8ad3_4d1d_a14f_55c33494d4ff] Instantiated an idempotent producer.
2025-07-31 15:31:27,033 INFO  [org.apa.kaf.cli.pro.ProducerConfig] (main) These configurations '[schema.registry.url, auto.register.schemas, value.subject.name.strategy]' were supplied but are not used yet.
2025-07-31 15:31:27,033 INFO  [org.apa.kaf.com.uti.AppInfoParser] (main) Kafka version: 3.9.0
2025-07-31 15:31:27,033 INFO  [org.apa.kaf.com.uti.AppInfoParser] (main) Kafka commitId: 84caaa6e9da06435
2025-07-31 15:31:27,033 INFO  [org.apa.kaf.com.uti.AppInfoParser] (main) Kafka startTimeMs: 1753975887033
2025-07-31 15:31:27,033 INFO  [io.api.tes.ser.api.KafkaSerdesTester] (Thread-397) Sending message {"key1": "value-0", "key2": "value-0", "key3": "value-0"} to topic topic-47f58148_8ad3_4d1d_a14f_55c33494d4ff
2025-07-31 15:31:27,035 INFO  [org.apa.kaf.cli.Metadata] (kafka-producer-network-thread | Producer-topic-47f58148_8ad3_4d1d_a14f_55c33494d4ff) [Producer clientId=Producer-topic-47f58148_8ad3_4d1d_a14f_55c33494d4ff] Cluster ID: BgnDnmd_Rn-oXa8M1ygsew
2025-07-31 15:31:27,035 INFO  [org.apa.kaf.cli.pro.int.TransactionManager] (kafka-producer-network-thread | Producer-topic-47f58148_8ad3_4d1d_a14f_55c33494d4ff) [Producer clientId=Producer-topic-47f58148_8ad3_4d1d_a14f_55c33494d4ff] ProducerId set to 47 with epoch 0
2025-07-31 15:31:27,053 INFO  [io.api.tes.ser.api.KafkaSerdesTester] (Thread-397) Sending message {"key1": "value-1", "key2": "value-1", "key3": "value-1"} to topic topic-47f58148_8ad3_4d1d_a14f_55c33494d4ff
2025-07-31 15:31:27,054 INFO  [io.api.tes.ser.api.KafkaSerdesTester] (Thread-397) Sending message {"key1": "value-2", "key2": "value-2", "key3": "value-2"} to topic topic-47f58148_8ad3_4d1d_a14f_55c33494d4ff
2025-07-31 15:31:27,055 INFO  [io.api.tes.ser.api.KafkaSerdesTester] (Thread-397) Sending message {"key1": "value-3", "key2": "value-3", "key3": "value-3"} to topic topic-47f58148_8ad3_4d1d_a14f_55c33494d4ff
2025-07-31 15:31:27,056 INFO  [io.api.tes.ser.api.KafkaSerdesTester] (Thread-397) Sending message {"key1": "value-4", "key2": "value-4", "key3": "value-4"} to topic topic-47f58148_8ad3_4d1d_a14f_55c33494d4ff
2025-07-31 15:31:27,057 INFO  [io.api.tes.ser.api.KafkaSerdesTester] (Thread-397) Sending message {"key1": "value-5", "key2": "value-5", "key3": "value-5"} to topic topic-47f58148_8ad3_4d1d_a14f_55c33494d4ff
2025-07-31 15:31:27,058 INFO  [io.api.tes.ser.api.KafkaSerdesTester] (Thread-397) Sending message {"key1": "value-6", "key2": "value-6", "key3": "value-6"} to topic topic-47f58148_8ad3_4d1d_a14f_55c33494d4ff
2025-07-31 15:31:27,059 INFO  [io.api.tes.ser.api.KafkaSerdesTester] (Thread-397) Sending message {"key1": "value-7", "key2": "value-7", "key3": "value-7"} to topic topic-47f58148_8ad3_4d1d_a14f_55c33494d4ff
2025-07-31 15:31:27,061 INFO  [io.api.tes.ser.api.KafkaSerdesTester] (Thread-397) Sending message {"key1": "value-8", "key2": "value-8", "key3": "value-8"} to topic topic-47f58148_8ad3_4d1d_a14f_55c33494d4ff
2025-07-31 15:31:27,062 INFO  [io.api.tes.ser.api.KafkaSerdesTester] (Thread-397) Sending message {"key1": "value-9", "key2": "value-9", "key3": "value-9"} to topic topic-47f58148_8ad3_4d1d_a14f_55c33494d4ff
2025-07-31 15:31:27,063 INFO  [io.api.tes.ser.api.KafkaSerdesTester] (Thread-397) Produced 10 messages
2025-07-31 15:31:27,063 INFO  [org.apa.kaf.cli.pro.KafkaProducer] (Thread-397) [Producer clientId=Producer-topic-47f58148_8ad3_4d1d_a14f_55c33494d4ff] Closing the Kafka producer with timeoutMillis = 9223372036854775807 ms.
2025-07-31 15:31:27,065 INFO  [org.apa.kaf.com.met.Metrics] (Thread-397) Metrics scheduler closed
2025-07-31 15:31:27,065 INFO  [org.apa.kaf.com.met.Metrics] (Thread-397) Closing reporter org.apache.kafka.common.metrics.JmxReporter
2025-07-31 15:31:27,065 INFO  [org.apa.kaf.com.met.Metrics] (Thread-397) Closing reporter org.apache.kafka.common.telemetry.internals.ClientTelemetryReporter
2025-07-31 15:31:27,065 INFO  [org.apa.kaf.com.met.Metrics] (Thread-397) Metrics reporters closed
2025-07-31 15:31:27,065 INFO  [org.apa.kaf.com.uti.AppInfoParser] (Thread-397) App info kafka.producer for Producer-topic-47f58148_8ad3_4d1d_a14f_55c33494d4ff unregistered
2025-07-31 15:31:27,066 INFO  [org.apa.kaf.cli.pro.ProducerConfig] (main) ProducerConfig values: 
	acks = -1
	auto.include.jmx.reporter = true
	batch.size = 16384
	bootstrap.servers = [PLAINTEXT://localhost:32770]
	buffer.memory = 33554432
	client.dns.lookup = use_all_dns_ips
	client.id = Producer-topic-47f58148_8ad3_4d1d_a14f_55c33494d4ff
	compression.gzip.level = -1
	compression.lz4.level = 9
	compression.type = none
	compression.zstd.level = 3
	connections.max.idle.ms = 10000
	delivery.timeout.ms = 120000
	enable.idempotence = true
	enable.metrics.push = true
	interceptor.classes = []
	key.serializer = class org.apache.kafka.common.serialization.StringSerializer
	linger.ms = 0
	max.block.ms = 60000
	max.in.flight.requests.per.connection = 5
	max.request.size = 1048576
	metadata.max.age.ms = 300000
	metadata.max.idle.ms = 300000
	metadata.recovery.strategy = none
	metric.reporters = []
	metrics.num.samples = 2
	metrics.recording.level = INFO
	metrics.sample.window.ms = 30000
	partitioner.adaptive.partitioning.enable = true
	partitioner.availability.timeout.ms = 0
	partitioner.class = null
	partitioner.ignore.keys = false
	receive.buffer.bytes = 32768
	reconnect.backoff.max.ms = 1000
	reconnect.backoff.ms = 50
	request.timeout.ms = 5000
	retries = 2147483647
	retry.backoff.max.ms = 1000
	retry.backoff.ms = 100
	sasl.client.callback.handler.class = null
	sasl.jaas.config = null
	sasl.kerberos.kinit.cmd = /usr/bin/kinit
	sasl.kerberos.min.time.before.relogin = 60000
	sasl.kerberos.service.name = null
	sasl.kerberos.ticket.renew.jitter = 0.05
	sasl.kerberos.ticket.renew.window.factor = 0.8
	sasl.login.callback.handler.class = null
	sasl.login.class = null
	sasl.login.connect.timeout.ms = null
	sasl.login.read.timeout.ms = null
	sasl.login.refresh.buffer.seconds = 300
	sasl.login.refresh.min.period.seconds = 60
	sasl.login.refresh.window.factor = 0.8
	sasl.login.refresh.window.jitter = 0.05
	sasl.login.retry.backoff.max.ms = 10000
	sasl.login.retry.backoff.ms = 100
	sasl.mechanism = GSSAPI
	sasl.oauthbearer.clock.skew.seconds = 30
	sasl.oauthbearer.expected.audience = null
	sasl.oauthbearer.expected.issuer = null
	sasl.oauthbearer.header.urlencode = false
	sasl.oauthbearer.jwks.endpoint.refresh.ms = 3600000
	sasl.oauthbearer.jwks.endpoint.retry.backoff.max.ms = 10000
	sasl.oauthbearer.jwks.endpoint.retry.backoff.ms = 100
	sasl.oauthbearer.jwks.endpoint.url = null
	sasl.oauthbearer.scope.claim.name = scope
	sasl.oauthbearer.sub.claim.name = sub
	sasl.oauthbearer.token.endpoint.url = null
	security.protocol = PLAINTEXT
	security.providers = null
	send.buffer.bytes = 131072
	socket.connection.setup.timeout.max.ms = 30000
	socket.connection.setup.timeout.ms = 10000
	ssl.cipher.suites = null
	ssl.enabled.protocols = [TLSv1.2, TLSv1.3]
	ssl.endpoint.identification.algorithm = https
	ssl.engine.factory.class = null
	ssl.key.password = null
	ssl.keymanager.algorithm = SunX509
	ssl.keystore.certificate.chain = null
	ssl.keystore.key = null
	ssl.keystore.location = null
	ssl.keystore.password = null
	ssl.keystore.type = JKS
	ssl.protocol = TLSv1.3
	ssl.provider = null
	ssl.secure.random.implementation = null
	ssl.trustmanager.algorithm = PKIX
	ssl.truststore.certificates = null
	ssl.truststore.location = null
	ssl.truststore.password = null
	ssl.truststore.type = JKS
	transaction.timeout.ms = 60000
	transactional.id = null
	value.serializer = class io.confluent.kafka.serializers.KafkaAvroSerializer

2025-07-31 15:31:27,066 INFO  [org.apa.kaf.com.tel.int.KafkaMetricsCollector] (main) initializing Kafka metrics collector
2025-07-31 15:31:27,067 INFO  [io.con.kaf.ser.KafkaAvroSerializerConfig] (main) KafkaAvroSerializerConfig values: 
	auto.register.schemas = false
	avro.reflection.allow.null = false
	avro.remove.java.properties = false
	avro.use.logical.type.converters = false
	basic.auth.credentials.source = URL
	basic.auth.user.info = [hidden]
	bearer.auth.cache.expiry.buffer.seconds = 300
	bearer.auth.client.id = null
	bearer.auth.client.secret = null
	bearer.auth.credentials.source = STATIC_TOKEN
	bearer.auth.custom.provider.class = null
	bearer.auth.identity.pool.id = null
	bearer.auth.issuer.endpoint.url = null
	bearer.auth.logical.cluster = null
	bearer.auth.scope = null
	bearer.auth.scope.claim.name = scope
	bearer.auth.sub.claim.name = sub
	bearer.auth.token = [hidden]
	context.name.strategy = class io.confluent.kafka.serializers.context.NullContextNameStrategy
	http.connect.timeout.ms = 60000
	http.read.timeout.ms = 60000
	id.compatibility.strict = true
	key.subject.name.strategy = class io.confluent.kafka.serializers.subject.TopicNameStrategy
	latest.cache.size = 1000
	latest.cache.ttl.sec = -1
	latest.compatibility.strict = true
	max.retries = 3
	max.schemas.per.subject = 1000
	normalize.schemas = false
	propagate.schema.tags = false
	proxy.host = 
	proxy.port = -1
	retries.max.wait.ms = 20000
	retries.wait.ms = 1000
	rule.actions = []
	rule.executors = []
	rule.service.loader.enable = true
	schema.format = null
	schema.reflection = false
	schema.registry.basic.auth.user.info = [hidden]
	schema.registry.ssl.cipher.suites = null
	schema.registry.ssl.enabled.protocols = [TLSv1.2, TLSv1.3]
	schema.registry.ssl.endpoint.identification.algorithm = https
	schema.registry.ssl.engine.factory.class = null
	schema.registry.ssl.key.password = null
	schema.registry.ssl.keymanager.algorithm = SunX509
	schema.registry.ssl.keystore.certificate.chain = null
	schema.registry.ssl.keystore.key = null
	schema.registry.ssl.keystore.location = null
	schema.registry.ssl.keystore.password = null
	schema.registry.ssl.keystore.type = JKS
	schema.registry.ssl.protocol = TLSv1.3
	schema.registry.ssl.provider = null
	schema.registry.ssl.secure.random.implementation = null
	schema.registry.ssl.trustmanager.algorithm = PKIX
	schema.registry.ssl.truststore.certificates = null
	schema.registry.ssl.truststore.location = null
	schema.registry.ssl.truststore.password = null
	schema.registry.ssl.truststore.type = JKS
	schema.registry.url = [http://registry-app-postgresql.apps.ci419.apicurio-testing.org:80/apis/ccompat/v7]
	use.latest.version = false
	use.latest.with.metadata = null
	use.schema.id = -1
	value.subject.name.strategy = class io.confluent.kafka.serializers.subject.TopicRecordNameStrategy

2025-07-31 15:31:27,069 INFO  [org.apa.kaf.cli.pro.KafkaProducer] (main) [Producer clientId=Producer-topic-47f58148_8ad3_4d1d_a14f_55c33494d4ff] Instantiated an idempotent producer.
2025-07-31 15:31:27,070 INFO  [org.apa.kaf.cli.pro.ProducerConfig] (main) These configurations '[schema.registry.url, auto.register.schemas, value.subject.name.strategy]' were supplied but are not used yet.
2025-07-31 15:31:27,071 INFO  [org.apa.kaf.com.uti.AppInfoParser] (main) Kafka version: 3.9.0
2025-07-31 15:31:27,071 INFO  [org.apa.kaf.com.uti.AppInfoParser] (main) Kafka commitId: 84caaa6e9da06435
2025-07-31 15:31:27,071 INFO  [org.apa.kaf.com.uti.AppInfoParser] (main) Kafka startTimeMs: 1753975887070
2025-07-31 15:31:27,073 INFO  [io.api.tes.ser.api.KafkaSerdesTester] (Thread-398) Sending message {"key1": "value-0", "key2": "value-0"} to topic topic-47f58148_8ad3_4d1d_a14f_55c33494d4ff
2025-07-31 15:31:27,075 INFO  [org.apa.kaf.cli.Metadata] (kafka-producer-network-thread | Producer-topic-47f58148_8ad3_4d1d_a14f_55c33494d4ff) [Producer clientId=Producer-topic-47f58148_8ad3_4d1d_a14f_55c33494d4ff] Cluster ID: BgnDnmd_Rn-oXa8M1ygsew
2025-07-31 15:31:27,075 INFO  [org.apa.kaf.cli.pro.int.TransactionManager] (kafka-producer-network-thread | Producer-topic-47f58148_8ad3_4d1d_a14f_55c33494d4ff) [Producer clientId=Producer-topic-47f58148_8ad3_4d1d_a14f_55c33494d4ff] ProducerId set to 48 with epoch 0
2025-07-31 15:31:27,095 INFO  [io.api.tes.ser.api.KafkaSerdesTester] (Thread-398) Sending message {"key1": "value-1", "key2": "value-1"} to topic topic-47f58148_8ad3_4d1d_a14f_55c33494d4ff
2025-07-31 15:31:27,096 INFO  [io.api.tes.ser.api.KafkaSerdesTester] (Thread-398) Sending message {"key1": "value-2", "key2": "value-2"} to topic topic-47f58148_8ad3_4d1d_a14f_55c33494d4ff
2025-07-31 15:31:27,098 INFO  [io.api.tes.ser.api.KafkaSerdesTester] (Thread-398) Sending message {"key1": "value-3", "key2": "value-3"} to topic topic-47f58148_8ad3_4d1d_a14f_55c33494d4ff
2025-07-31 15:31:27,099 INFO  [io.api.tes.ser.api.KafkaSerdesTester] (Thread-398) Sending message {"key1": "value-4", "key2": "value-4"} to topic topic-47f58148_8ad3_4d1d_a14f_55c33494d4ff
2025-07-31 15:31:27,100 INFO  [io.api.tes.ser.api.KafkaSerdesTester] (Thread-398) Sending message {"key1": "value-5", "key2": "value-5"} to topic topic-47f58148_8ad3_4d1d_a14f_55c33494d4ff
2025-07-31 15:31:27,101 INFO  [io.api.tes.ser.api.KafkaSerdesTester] (Thread-398) Sending message {"key1": "value-6", "key2": "value-6"} to topic topic-47f58148_8ad3_4d1d_a14f_55c33494d4ff
2025-07-31 15:31:27,103 INFO  [io.api.tes.ser.api.KafkaSerdesTester] (Thread-398) Sending message {"key1": "value-7", "key2": "value-7"} to topic topic-47f58148_8ad3_4d1d_a14f_55c33494d4ff
2025-07-31 15:31:27,104 INFO  [io.api.tes.ser.api.KafkaSerdesTester] (Thread-398) Sending message {"key1": "value-8", "key2": "value-8"} to topic topic-47f58148_8ad3_4d1d_a14f_55c33494d4ff
2025-07-31 15:31:27,106 INFO  [io.api.tes.ser.api.KafkaSerdesTester] (Thread-398) Sending message {"key1": "value-9", "key2": "value-9"} to topic topic-47f58148_8ad3_4d1d_a14f_55c33494d4ff
2025-07-31 15:31:27,107 INFO  [io.api.tes.ser.api.KafkaSerdesTester] (Thread-398) Produced 10 messages
2025-07-31 15:31:27,107 INFO  [org.apa.kaf.cli.pro.KafkaProducer] (Thread-398) [Producer clientId=Producer-topic-47f58148_8ad3_4d1d_a14f_55c33494d4ff] Closing the Kafka producer with timeoutMillis = 9223372036854775807 ms.
2025-07-31 15:31:27,109 INFO  [org.apa.kaf.com.met.Metrics] (Thread-398) Metrics scheduler closed
2025-07-31 15:31:27,109 INFO  [org.apa.kaf.com.met.Metrics] (Thread-398) Closing reporter org.apache.kafka.common.metrics.JmxReporter
2025-07-31 15:31:27,109 INFO  [org.apa.kaf.com.met.Metrics] (Thread-398) Closing reporter org.apache.kafka.common.telemetry.internals.ClientTelemetryReporter
2025-07-31 15:31:27,109 INFO  [org.apa.kaf.com.met.Metrics] (Thread-398) Metrics reporters closed
2025-07-31 15:31:27,109 INFO  [org.apa.kaf.com.uti.AppInfoParser] (Thread-398) App info kafka.producer for Producer-topic-47f58148_8ad3_4d1d_a14f_55c33494d4ff unregistered
2025-07-31 15:31:27,109 INFO  [org.apa.kaf.cli.pro.ProducerConfig] (main) ProducerConfig values: 
	acks = -1
	auto.include.jmx.reporter = true
	batch.size = 16384
	bootstrap.servers = [PLAINTEXT://localhost:32770]
	buffer.memory = 33554432
	client.dns.lookup = use_all_dns_ips
	client.id = Producer-topic-47f58148_8ad3_4d1d_a14f_55c33494d4ff
	compression.gzip.level = -1
	compression.lz4.level = 9
	compression.type = none
	compression.zstd.level = 3
	connections.max.idle.ms = 10000
	delivery.timeout.ms = 120000
	enable.idempotence = true
	enable.metrics.push = true
	interceptor.classes = []
	key.serializer = class org.apache.kafka.common.serialization.StringSerializer
	linger.ms = 0
	max.block.ms = 60000
	max.in.flight.requests.per.connection = 5
	max.request.size = 1048576
	metadata.max.age.ms = 300000
	metadata.max.idle.ms = 300000
	metadata.recovery.strategy = none
	metric.reporters = []
	metrics.num.samples = 2
	metrics.recording.level = INFO
	metrics.sample.window.ms = 30000
	partitioner.adaptive.partitioning.enable = true
	partitioner.availability.timeout.ms = 0
	partitioner.class = null
	partitioner.ignore.keys = false
	receive.buffer.bytes = 32768
	reconnect.backoff.max.ms = 1000
	reconnect.backoff.ms = 50
	request.timeout.ms = 5000
	retries = 2147483647
	retry.backoff.max.ms = 1000
	retry.backoff.ms = 100
	sasl.client.callback.handler.class = null
	sasl.jaas.config = null
	sasl.kerberos.kinit.cmd = /usr/bin/kinit
	sasl.kerberos.min.time.before.relogin = 60000
	sasl.kerberos.service.name = null
	sasl.kerberos.ticket.renew.jitter = 0.05
	sasl.kerberos.ticket.renew.window.factor = 0.8
	sasl.login.callback.handler.class = null
	sasl.login.class = null
	sasl.login.connect.timeout.ms = null
	sasl.login.read.timeout.ms = null
	sasl.login.refresh.buffer.seconds = 300
	sasl.login.refresh.min.period.seconds = 60
	sasl.login.refresh.window.factor = 0.8
	sasl.login.refresh.window.jitter = 0.05
	sasl.login.retry.backoff.max.ms = 10000
	sasl.login.retry.backoff.ms = 100
	sasl.mechanism = GSSAPI
	sasl.oauthbearer.clock.skew.seconds = 30
	sasl.oauthbearer.expected.audience = null
	sasl.oauthbearer.expected.issuer = null
	sasl.oauthbearer.header.urlencode = false
	sasl.oauthbearer.jwks.endpoint.refresh.ms = 3600000
	sasl.oauthbearer.jwks.endpoint.retry.backoff.max.ms = 10000
	sasl.oauthbearer.jwks.endpoint.retry.backoff.ms = 100
	sasl.oauthbearer.jwks.endpoint.url = null
	sasl.oauthbearer.scope.claim.name = scope
	sasl.oauthbearer.sub.claim.name = sub
	sasl.oauthbearer.token.endpoint.url = null
	security.protocol = PLAINTEXT
	security.providers = null
	send.buffer.bytes = 131072
	socket.connection.setup.timeout.max.ms = 30000
	socket.connection.setup.timeout.ms = 10000
	ssl.cipher.suites = null
	ssl.enabled.protocols = [TLSv1.2, TLSv1.3]
	ssl.endpoint.identification.algorithm = https
	ssl.engine.factory.class = null
	ssl.key.password = null
	ssl.keymanager.algorithm = SunX509
	ssl.keystore.certificate.chain = null
	ssl.keystore.key = null
	ssl.keystore.location = null
	ssl.keystore.password = null
	ssl.keystore.type = JKS
	ssl.protocol = TLSv1.3
	ssl.provider = null
	ssl.secure.random.implementation = null
	ssl.trustmanager.algorithm = PKIX
	ssl.truststore.certificates = null
	ssl.truststore.location = null
	ssl.truststore.password = null
	ssl.truststore.type = JKS
	transaction.timeout.ms = 60000
	transactional.id = null
	value.serializer = class io.confluent.kafka.serializers.KafkaAvroSerializer

2025-07-31 15:31:27,110 INFO  [org.apa.kaf.com.tel.int.KafkaMetricsCollector] (main) initializing Kafka metrics collector
2025-07-31 15:31:27,110 INFO  [io.con.kaf.ser.KafkaAvroSerializerConfig] (main) KafkaAvroSerializerConfig values: 
	auto.register.schemas = false
	avro.reflection.allow.null = false
	avro.remove.java.properties = false
	avro.use.logical.type.converters = false
	basic.auth.credentials.source = URL
	basic.auth.user.info = [hidden]
	bearer.auth.cache.expiry.buffer.seconds = 300
	bearer.auth.client.id = null
	bearer.auth.client.secret = null
	bearer.auth.credentials.source = STATIC_TOKEN
	bearer.auth.custom.provider.class = null
	bearer.auth.identity.pool.id = null
	bearer.auth.issuer.endpoint.url = null
	bearer.auth.logical.cluster = null
	bearer.auth.scope = null
	bearer.auth.scope.claim.name = scope
	bearer.auth.sub.claim.name = sub
	bearer.auth.token = [hidden]
	context.name.strategy = class io.confluent.kafka.serializers.context.NullContextNameStrategy
	http.connect.timeout.ms = 60000
	http.read.timeout.ms = 60000
	id.compatibility.strict = true
	key.subject.name.strategy = class io.confluent.kafka.serializers.subject.TopicNameStrategy
	latest.cache.size = 1000
	latest.cache.ttl.sec = -1
	latest.compatibility.strict = true
	max.retries = 3
	max.schemas.per.subject = 1000
	normalize.schemas = false
	propagate.schema.tags = false
	proxy.host = 
	proxy.port = -1
	retries.max.wait.ms = 20000
	retries.wait.ms = 1000
	rule.actions = []
	rule.executors = []
	rule.service.loader.enable = true
	schema.format = null
	schema.reflection = false
	schema.registry.basic.auth.user.info = [hidden]
	schema.registry.ssl.cipher.suites = null
	schema.registry.ssl.enabled.protocols = [TLSv1.2, TLSv1.3]
	schema.registry.ssl.endpoint.identification.algorithm = https
	schema.registry.ssl.engine.factory.class = null
	schema.registry.ssl.key.password = null
	schema.registry.ssl.keymanager.algorithm = SunX509
	schema.registry.ssl.keystore.certificate.chain = null
	schema.registry.ssl.keystore.key = null
	schema.registry.ssl.keystore.location = null
	schema.registry.ssl.keystore.password = null
	schema.registry.ssl.keystore.type = JKS
	schema.registry.ssl.protocol = TLSv1.3
	schema.registry.ssl.provider = null
	schema.registry.ssl.secure.random.implementation = null
	schema.registry.ssl.trustmanager.algorithm = PKIX
	schema.registry.ssl.truststore.certificates = null
	schema.registry.ssl.truststore.location = null
	schema.registry.ssl.truststore.password = null
	schema.registry.ssl.truststore.type = JKS
	schema.registry.url = [http://registry-app-postgresql.apps.ci419.apicurio-testing.org:80/apis/ccompat/v7]
	use.latest.version = false
	use.latest.with.metadata = null
	use.schema.id = -1
	value.subject.name.strategy = class io.confluent.kafka.serializers.subject.TopicRecordNameStrategy

2025-07-31 15:31:27,113 INFO  [org.apa.kaf.cli.pro.KafkaProducer] (main) [Producer clientId=Producer-topic-47f58148_8ad3_4d1d_a14f_55c33494d4ff] Instantiated an idempotent producer.
2025-07-31 15:31:27,114 INFO  [org.apa.kaf.cli.pro.ProducerConfig] (main) These configurations '[schema.registry.url, auto.register.schemas, value.subject.name.strategy]' were supplied but are not used yet.
2025-07-31 15:31:27,114 INFO  [org.apa.kaf.com.uti.AppInfoParser] (main) Kafka version: 3.9.0
2025-07-31 15:31:27,114 INFO  [org.apa.kaf.com.uti.AppInfoParser] (main) Kafka commitId: 84caaa6e9da06435
2025-07-31 15:31:27,114 INFO  [org.apa.kaf.com.uti.AppInfoParser] (main) Kafka startTimeMs: 1753975887114
2025-07-31 15:31:27,116 INFO  [io.api.tes.ser.api.KafkaSerdesTester] (Thread-399) Sending message {"key1": "value-0"} to topic topic-47f58148_8ad3_4d1d_a14f_55c33494d4ff
2025-07-31 15:31:27,119 INFO  [org.apa.kaf.cli.Metadata] (kafka-producer-network-thread | Producer-topic-47f58148_8ad3_4d1d_a14f_55c33494d4ff) [Producer clientId=Producer-topic-47f58148_8ad3_4d1d_a14f_55c33494d4ff] Cluster ID: BgnDnmd_Rn-oXa8M1ygsew
2025-07-31 15:31:27,120 INFO  [org.apa.kaf.cli.pro.int.TransactionManager] (kafka-producer-network-thread | Producer-topic-47f58148_8ad3_4d1d_a14f_55c33494d4ff) [Producer clientId=Producer-topic-47f58148_8ad3_4d1d_a14f_55c33494d4ff] ProducerId set to 49 with epoch 0
2025-07-31 15:31:27,138 INFO  [io.api.tes.ser.api.KafkaSerdesTester] (Thread-399) Sending message {"key1": "value-1"} to topic topic-47f58148_8ad3_4d1d_a14f_55c33494d4ff
2025-07-31 15:31:27,140 INFO  [io.api.tes.ser.api.KafkaSerdesTester] (Thread-399) Sending message {"key1": "value-2"} to topic topic-47f58148_8ad3_4d1d_a14f_55c33494d4ff
2025-07-31 15:31:27,141 INFO  [io.api.tes.ser.api.KafkaSerdesTester] (Thread-399) Sending message {"key1": "value-3"} to topic topic-47f58148_8ad3_4d1d_a14f_55c33494d4ff
2025-07-31 15:31:27,143 INFO  [io.api.tes.ser.api.KafkaSerdesTester] (Thread-399) Sending message {"key1": "value-4"} to topic topic-47f58148_8ad3_4d1d_a14f_55c33494d4ff
2025-07-31 15:31:27,144 INFO  [io.api.tes.ser.api.KafkaSerdesTester] (Thread-399) Sending message {"key1": "value-5"} to topic topic-47f58148_8ad3_4d1d_a14f_55c33494d4ff
2025-07-31 15:31:27,147 INFO  [io.api.tes.ser.api.KafkaSerdesTester] (Thread-399) Sending message {"key1": "value-6"} to topic topic-47f58148_8ad3_4d1d_a14f_55c33494d4ff
2025-07-31 15:31:27,149 INFO  [io.api.tes.ser.api.KafkaSerdesTester] (Thread-399) Sending message {"key1": "value-7"} to topic topic-47f58148_8ad3_4d1d_a14f_55c33494d4ff
2025-07-31 15:31:27,152 INFO  [io.api.tes.ser.api.KafkaSerdesTester] (Thread-399) Sending message {"key1": "value-8"} to topic topic-47f58148_8ad3_4d1d_a14f_55c33494d4ff
2025-07-31 15:31:27,153 INFO  [io.api.tes.ser.api.KafkaSerdesTester] (Thread-399) Sending message {"key1": "value-9"} to topic topic-47f58148_8ad3_4d1d_a14f_55c33494d4ff
2025-07-31 15:31:27,154 INFO  [io.api.tes.ser.api.KafkaSerdesTester] (Thread-399) Produced 10 messages
2025-07-31 15:31:27,154 INFO  [org.apa.kaf.cli.pro.KafkaProducer] (Thread-399) [Producer clientId=Producer-topic-47f58148_8ad3_4d1d_a14f_55c33494d4ff] Closing the Kafka producer with timeoutMillis = 9223372036854775807 ms.
2025-07-31 15:31:27,156 INFO  [org.apa.kaf.com.met.Metrics] (Thread-399) Metrics scheduler closed
2025-07-31 15:31:27,156 INFO  [org.apa.kaf.com.met.Metrics] (Thread-399) Closing reporter org.apache.kafka.common.metrics.JmxReporter
2025-07-31 15:31:27,156 INFO  [org.apa.kaf.com.met.Metrics] (Thread-399) Closing reporter org.apache.kafka.common.telemetry.internals.ClientTelemetryReporter
2025-07-31 15:31:27,156 INFO  [org.apa.kaf.com.met.Metrics] (Thread-399) Metrics reporters closed
2025-07-31 15:31:27,156 INFO  [org.apa.kaf.com.uti.AppInfoParser] (Thread-399) App info kafka.producer for Producer-topic-47f58148_8ad3_4d1d_a14f_55c33494d4ff unregistered
2025-07-31 15:31:27,157 INFO  [org.apa.kaf.cli.con.ConsumerConfig] (main) ConsumerConfig values: 
	allow.auto.create.topics = true
	auto.commit.interval.ms = 500
	auto.include.jmx.reporter = true
	auto.offset.reset = earliest
	bootstrap.servers = [PLAINTEXT://localhost:32770]
	check.crcs = true
	client.dns.lookup = use_all_dns_ips
	client.id = consumer-Consumer-topic-47f58148_8ad3_4d1d_a14f_55c33494d4ff-36
	client.rack = 
	connections.max.idle.ms = 10000
	default.api.timeout.ms = 60000
	enable.auto.commit = true
	enable.metrics.push = true
	exclude.internal.topics = true
	fetch.max.bytes = 52428800
	fetch.max.wait.ms = 500
	fetch.min.bytes = 1
	group.id = Consumer-topic-47f58148_8ad3_4d1d_a14f_55c33494d4ff
	group.instance.id = null
	group.protocol = classic
	group.remote.assignor = null
	heartbeat.interval.ms = 3000
	interceptor.classes = []
	internal.leave.group.on.close = true
	internal.throw.on.fetch.stable.offset.unsupported = false
	isolation.level = read_uncommitted
	key.deserializer = class org.apache.kafka.common.serialization.StringDeserializer
	max.partition.fetch.bytes = 1048576
	max.poll.interval.ms = 300000
	max.poll.records = 500
	metadata.max.age.ms = 300000
	metadata.recovery.strategy = none
	metric.reporters = []
	metrics.num.samples = 2
	metrics.recording.level = INFO
	metrics.sample.window.ms = 30000
	partition.assignment.strategy = [class org.apache.kafka.clients.consumer.RangeAssignor, class org.apache.kafka.clients.consumer.CooperativeStickyAssignor]
	receive.buffer.bytes = 65536
	reconnect.backoff.max.ms = 1000
	reconnect.backoff.ms = 50
	request.timeout.ms = 5000
	retry.backoff.max.ms = 1000
	retry.backoff.ms = 100
	sasl.client.callback.handler.class = null
	sasl.jaas.config = null
	sasl.kerberos.kinit.cmd = /usr/bin/kinit
	sasl.kerberos.min.time.before.relogin = 60000
	sasl.kerberos.service.name = null
	sasl.kerberos.ticket.renew.jitter = 0.05
	sasl.kerberos.ticket.renew.window.factor = 0.8
	sasl.login.callback.handler.class = null
	sasl.login.class = null
	sasl.login.connect.timeout.ms = null
	sasl.login.read.timeout.ms = null
	sasl.login.refresh.buffer.seconds = 300
	sasl.login.refresh.min.period.seconds = 60
	sasl.login.refresh.window.factor = 0.8
	sasl.login.refresh.window.jitter = 0.05
	sasl.login.retry.backoff.max.ms = 10000
	sasl.login.retry.backoff.ms = 100
	sasl.mechanism = GSSAPI
	sasl.oauthbearer.clock.skew.seconds = 30
	sasl.oauthbearer.expected.audience = null
	sasl.oauthbearer.expected.issuer = null
	sasl.oauthbearer.header.urlencode = false
	sasl.oauthbearer.jwks.endpoint.refresh.ms = 3600000
	sasl.oauthbearer.jwks.endpoint.retry.backoff.max.ms = 10000
	sasl.oauthbearer.jwks.endpoint.retry.backoff.ms = 100
	sasl.oauthbearer.jwks.endpoint.url = null
	sasl.oauthbearer.scope.claim.name = scope
	sasl.oauthbearer.sub.claim.name = sub
	sasl.oauthbearer.token.endpoint.url = null
	security.protocol = PLAINTEXT
	security.providers = null
	send.buffer.bytes = 131072
	session.timeout.ms = 45000
	socket.connection.setup.timeout.max.ms = 30000
	socket.connection.setup.timeout.ms = 10000
	ssl.cipher.suites = null
	ssl.enabled.protocols = [TLSv1.2, TLSv1.3]
	ssl.endpoint.identification.algorithm = https
	ssl.engine.factory.class = null
	ssl.key.password = null
	ssl.keymanager.algorithm = SunX509
	ssl.keystore.certificate.chain = null
	ssl.keystore.key = null
	ssl.keystore.location = null
	ssl.keystore.password = null
	ssl.keystore.type = JKS
	ssl.protocol = TLSv1.3
	ssl.provider = null
	ssl.secure.random.implementation = null
	ssl.trustmanager.algorithm = PKIX
	ssl.truststore.certificates = null
	ssl.truststore.location = null
	ssl.truststore.password = null
	ssl.truststore.type = JKS
	value.deserializer = class io.confluent.kafka.serializers.KafkaAvroDeserializer

2025-07-31 15:31:27,157 INFO  [org.apa.kaf.com.tel.int.KafkaMetricsCollector] (main) initializing Kafka metrics collector
2025-07-31 15:31:27,157 INFO  [io.con.kaf.ser.KafkaAvroDeserializerConfig] (main) KafkaAvroDeserializerConfig values: 
	auto.register.schemas = true
	avro.reflection.allow.null = false
	avro.use.logical.type.converters = false
	basic.auth.credentials.source = URL
	basic.auth.user.info = [hidden]
	bearer.auth.cache.expiry.buffer.seconds = 300
	bearer.auth.client.id = null
	bearer.auth.client.secret = null
	bearer.auth.credentials.source = STATIC_TOKEN
	bearer.auth.custom.provider.class = null
	bearer.auth.identity.pool.id = null
	bearer.auth.issuer.endpoint.url = null
	bearer.auth.logical.cluster = null
	bearer.auth.scope = null
	bearer.auth.scope.claim.name = scope
	bearer.auth.sub.claim.name = sub
	bearer.auth.token = [hidden]
	context.name.strategy = class io.confluent.kafka.serializers.context.NullContextNameStrategy
	http.connect.timeout.ms = 60000
	http.read.timeout.ms = 60000
	id.compatibility.strict = true
	key.subject.name.strategy = class io.confluent.kafka.serializers.subject.TopicNameStrategy
	latest.cache.size = 1000
	latest.cache.ttl.sec = -1
	latest.compatibility.strict = true
	max.retries = 3
	max.schemas.per.subject = 1000
	normalize.schemas = false
	propagate.schema.tags = false
	proxy.host = 
	proxy.port = -1
	retries.max.wait.ms = 20000
	retries.wait.ms = 1000
	rule.actions = []
	rule.executors = []
	rule.service.loader.enable = true
	schema.format = null
	schema.reflection = false
	schema.registry.basic.auth.user.info = [hidden]
	schema.registry.ssl.cipher.suites = null
	schema.registry.ssl.enabled.protocols = [TLSv1.2, TLSv1.3]
	schema.registry.ssl.endpoint.identification.algorithm = https
	schema.registry.ssl.engine.factory.class = null
	schema.registry.ssl.key.password = null
	schema.registry.ssl.keymanager.algorithm = SunX509
	schema.registry.ssl.keystore.certificate.chain = null
	schema.registry.ssl.keystore.key = null
	schema.registry.ssl.keystore.location = null
	schema.registry.ssl.keystore.password = null
	schema.registry.ssl.keystore.type = JKS
	schema.registry.ssl.protocol = TLSv1.3
	schema.registry.ssl.provider = null
	schema.registry.ssl.secure.random.implementation = null
	schema.registry.ssl.trustmanager.algorithm = PKIX
	schema.registry.ssl.truststore.certificates = null
	schema.registry.ssl.truststore.location = null
	schema.registry.ssl.truststore.password = null
	schema.registry.ssl.truststore.type = JKS
	schema.registry.url = [http://registry-app-postgresql.apps.ci419.apicurio-testing.org:80/apis/ccompat/v7]
	specific.avro.key.type = null
	specific.avro.reader = false
	specific.avro.value.type = null
	use.latest.version = false
	use.latest.with.metadata = null
	use.schema.id = -1
	value.subject.name.strategy = class io.confluent.kafka.serializers.subject.TopicNameStrategy

2025-07-31 15:31:27,157 INFO  [io.con.kaf.ser.KafkaAvroDeserializerConfig] (main) KafkaAvroDeserializerConfig values: 
	auto.register.schemas = true
	avro.reflection.allow.null = false
	avro.use.logical.type.converters = false
	basic.auth.credentials.source = URL
	basic.auth.user.info = [hidden]
	bearer.auth.cache.expiry.buffer.seconds = 300
	bearer.auth.client.id = null
	bearer.auth.client.secret = null
	bearer.auth.credentials.source = STATIC_TOKEN
	bearer.auth.custom.provider.class = null
	bearer.auth.identity.pool.id = null
	bearer.auth.issuer.endpoint.url = null
	bearer.auth.logical.cluster = null
	bearer.auth.scope = null
	bearer.auth.scope.claim.name = scope
	bearer.auth.sub.claim.name = sub
	bearer.auth.token = [hidden]
	context.name.strategy = class io.confluent.kafka.serializers.context.NullContextNameStrategy
	http.connect.timeout.ms = 60000
	http.read.timeout.ms = 60000
	id.compatibility.strict = true
	key.subject.name.strategy = class io.confluent.kafka.serializers.subject.TopicNameStrategy
	latest.cache.size = 1000
	latest.cache.ttl.sec = -1
	latest.compatibility.strict = true
	max.retries = 3
	max.schemas.per.subject = 1000
	normalize.schemas = false
	propagate.schema.tags = false
	proxy.host = 
	proxy.port = -1
	retries.max.wait.ms = 20000
	retries.wait.ms = 1000
	rule.actions = []
	rule.executors = []
	rule.service.loader.enable = true
	schema.format = null
	schema.reflection = false
	schema.registry.basic.auth.user.info = [hidden]
	schema.registry.ssl.cipher.suites = null
	schema.registry.ssl.enabled.protocols = [TLSv1.2, TLSv1.3]
	schema.registry.ssl.endpoint.identification.algorithm = https
	schema.registry.ssl.engine.factory.class = null
	schema.registry.ssl.key.password = null
	schema.registry.ssl.keymanager.algorithm = SunX509
	schema.registry.ssl.keystore.certificate.chain = null
	schema.registry.ssl.keystore.key = null
	schema.registry.ssl.keystore.location = null
	schema.registry.ssl.keystore.password = null
	schema.registry.ssl.keystore.type = JKS
	schema.registry.ssl.protocol = TLSv1.3
	schema.registry.ssl.provider = null
	schema.registry.ssl.secure.random.implementation = null
	schema.registry.ssl.trustmanager.algorithm = PKIX
	schema.registry.ssl.truststore.certificates = null
	schema.registry.ssl.truststore.location = null
	schema.registry.ssl.truststore.password = null
	schema.registry.ssl.truststore.type = JKS
	schema.registry.url = [http://registry-app-postgresql.apps.ci419.apicurio-testing.org:80/apis/ccompat/v7]
	specific.avro.key.type = null
	specific.avro.reader = false
	specific.avro.value.type = null
	use.latest.version = false
	use.latest.with.metadata = null
	use.schema.id = -1
	value.subject.name.strategy = class io.confluent.kafka.serializers.subject.TopicNameStrategy

2025-07-31 15:31:27,160 INFO  [org.apa.kaf.cli.con.ConsumerConfig] (main) These configurations '[schema.registry.url]' were supplied but are not used yet.
2025-07-31 15:31:27,160 INFO  [org.apa.kaf.com.uti.AppInfoParser] (main) Kafka version: 3.9.0
2025-07-31 15:31:27,160 INFO  [org.apa.kaf.com.uti.AppInfoParser] (main) Kafka commitId: 84caaa6e9da06435
2025-07-31 15:31:27,160 INFO  [org.apa.kaf.com.uti.AppInfoParser] (main) Kafka startTimeMs: 1753975887160
2025-07-31 15:31:27,161 INFO  [org.apa.kaf.cli.con.int.ClassicKafkaConsumer] (Thread-400) [Consumer clientId=consumer-Consumer-topic-47f58148_8ad3_4d1d_a14f_55c33494d4ff-36, groupId=Consumer-topic-47f58148_8ad3_4d1d_a14f_55c33494d4ff] Subscribed to topic(s): topic-47f58148_8ad3_4d1d_a14f_55c33494d4ff
2025-07-31 15:31:27,165 INFO  [org.apa.kaf.cli.Metadata] (Thread-400) [Consumer clientId=consumer-Consumer-topic-47f58148_8ad3_4d1d_a14f_55c33494d4ff-36, groupId=Consumer-topic-47f58148_8ad3_4d1d_a14f_55c33494d4ff] Cluster ID: BgnDnmd_Rn-oXa8M1ygsew
2025-07-31 15:31:27,165 INFO  [org.apa.kaf.cli.con.int.ConsumerCoordinator] (Thread-400) [Consumer clientId=consumer-Consumer-topic-47f58148_8ad3_4d1d_a14f_55c33494d4ff-36, groupId=Consumer-topic-47f58148_8ad3_4d1d_a14f_55c33494d4ff] Discovered group coordinator localhost:32770 (id: 2147483647 rack: null)
2025-07-31 15:31:27,166 INFO  [org.apa.kaf.cli.con.int.ConsumerCoordinator] (Thread-400) [Consumer clientId=consumer-Consumer-topic-47f58148_8ad3_4d1d_a14f_55c33494d4ff-36, groupId=Consumer-topic-47f58148_8ad3_4d1d_a14f_55c33494d4ff] (Re-)joining group
2025-07-31 15:31:27,168 INFO  [org.apa.kaf.cli.con.int.ConsumerCoordinator] (Thread-400) [Consumer clientId=consumer-Consumer-topic-47f58148_8ad3_4d1d_a14f_55c33494d4ff-36, groupId=Consumer-topic-47f58148_8ad3_4d1d_a14f_55c33494d4ff] Request joining group due to: need to re-join with the given member-id: consumer-Consumer-topic-47f58148_8ad3_4d1d_a14f_55c33494d4ff-36-5906c050-8e71-4b7b-9850-7f5ee8922160
2025-07-31 15:31:27,168 INFO  [org.apa.kaf.cli.con.int.ConsumerCoordinator] (Thread-400) [Consumer clientId=consumer-Consumer-topic-47f58148_8ad3_4d1d_a14f_55c33494d4ff-36, groupId=Consumer-topic-47f58148_8ad3_4d1d_a14f_55c33494d4ff] (Re-)joining group
2025-07-31 15:31:27,170 INFO  [org.apa.kaf.cli.con.int.ConsumerCoordinator] (Thread-400) [Consumer clientId=consumer-Consumer-topic-47f58148_8ad3_4d1d_a14f_55c33494d4ff-36, groupId=Consumer-topic-47f58148_8ad3_4d1d_a14f_55c33494d4ff] Successfully joined group with generation Generation{generationId=5, memberId='consumer-Consumer-topic-47f58148_8ad3_4d1d_a14f_55c33494d4ff-36-5906c050-8e71-4b7b-9850-7f5ee8922160', protocol='range'}
2025-07-31 15:31:27,170 INFO  [org.apa.kaf.cli.con.int.ConsumerCoordinator] (Thread-400) [Consumer clientId=consumer-Consumer-topic-47f58148_8ad3_4d1d_a14f_55c33494d4ff-36, groupId=Consumer-topic-47f58148_8ad3_4d1d_a14f_55c33494d4ff] Finished assignment for group at generation 5: {consumer-Consumer-topic-47f58148_8ad3_4d1d_a14f_55c33494d4ff-36-5906c050-8e71-4b7b-9850-7f5ee8922160=Assignment(partitions=[topic-47f58148_8ad3_4d1d_a14f_55c33494d4ff-0])}
2025-07-31 15:31:27,171 INFO  [org.apa.kaf.cli.con.int.ConsumerCoordinator] (Thread-400) [Consumer clientId=consumer-Consumer-topic-47f58148_8ad3_4d1d_a14f_55c33494d4ff-36, groupId=Consumer-topic-47f58148_8ad3_4d1d_a14f_55c33494d4ff] Successfully synced group in generation Generation{generationId=5, memberId='consumer-Consumer-topic-47f58148_8ad3_4d1d_a14f_55c33494d4ff-36-5906c050-8e71-4b7b-9850-7f5ee8922160', protocol='range'}
2025-07-31 15:31:27,172 INFO  [org.apa.kaf.cli.con.int.ConsumerCoordinator] (Thread-400) [Consumer clientId=consumer-Consumer-topic-47f58148_8ad3_4d1d_a14f_55c33494d4ff-36, groupId=Consumer-topic-47f58148_8ad3_4d1d_a14f_55c33494d4ff] Notifying assignor about the new Assignment(partitions=[topic-47f58148_8ad3_4d1d_a14f_55c33494d4ff-0])
2025-07-31 15:31:27,172 INFO  [org.apa.kaf.cli.con.int.ConsumerRebalanceListenerInvoker] (Thread-400) [Consumer clientId=consumer-Consumer-topic-47f58148_8ad3_4d1d_a14f_55c33494d4ff-36, groupId=Consumer-topic-47f58148_8ad3_4d1d_a14f_55c33494d4ff] Adding newly assigned partitions: topic-47f58148_8ad3_4d1d_a14f_55c33494d4ff-0
2025-07-31 15:31:27,173 INFO  [org.apa.kaf.cli.con.int.ConsumerUtils] (Thread-400) Setting offset for partition topic-47f58148_8ad3_4d1d_a14f_55c33494d4ff-0 to the committed offset FetchPosition{offset=30, offsetEpoch=Optional[0], currentLeader=LeaderAndEpoch{leader=Optional[localhost:32770 (id: 0 rack: null)], epoch=0}}
2025-07-31 15:31:27,217 INFO  [io.api.tes.ser.api.KafkaSerdesTester] (Thread-400) topic-47f58148_8ad3_4d1d_a14f_55c33494d4ff 0 30 {"key1": "value-0", "key2": "value-0", "key3": "value-0"}
2025-07-31 15:31:27,217 INFO  [io.api.tes.ser.api.KafkaSerdesTester] (Thread-400) topic-47f58148_8ad3_4d1d_a14f_55c33494d4ff 0 31 {"key1": "value-1", "key2": "value-1", "key3": "value-1"}
2025-07-31 15:31:27,217 INFO  [io.api.tes.ser.api.KafkaSerdesTester] (Thread-400) topic-47f58148_8ad3_4d1d_a14f_55c33494d4ff 0 32 {"key1": "value-2", "key2": "value-2", "key3": "value-2"}
2025-07-31 15:31:27,217 INFO  [io.api.tes.ser.api.KafkaSerdesTester] (Thread-400) topic-47f58148_8ad3_4d1d_a14f_55c33494d4ff 0 33 {"key1": "value-3", "key2": "value-3", "key3": "value-3"}
2025-07-31 15:31:27,217 INFO  [io.api.tes.ser.api.KafkaSerdesTester] (Thread-400) topic-47f58148_8ad3_4d1d_a14f_55c33494d4ff 0 34 {"key1": "value-4", "key2": "value-4", "key3": "value-4"}
2025-07-31 15:31:27,217 INFO  [io.api.tes.ser.api.KafkaSerdesTester] (Thread-400) topic-47f58148_8ad3_4d1d_a14f_55c33494d4ff 0 35 {"key1": "value-5", "key2": "value-5", "key3": "value-5"}
2025-07-31 15:31:27,217 INFO  [io.api.tes.ser.api.KafkaSerdesTester] (Thread-400) topic-47f58148_8ad3_4d1d_a14f_55c33494d4ff 0 36 {"key1": "value-6", "key2": "value-6", "key3": "value-6"}
2025-07-31 15:31:27,217 INFO  [io.api.tes.ser.api.KafkaSerdesTester] (Thread-400) topic-47f58148_8ad3_4d1d_a14f_55c33494d4ff 0 37 {"key1": "value-7", "key2": "value-7", "key3": "value-7"}
2025-07-31 15:31:27,217 INFO  [io.api.tes.ser.api.KafkaSerdesTester] (Thread-400) topic-47f58148_8ad3_4d1d_a14f_55c33494d4ff 0 38 {"key1": "value-8", "key2": "value-8", "key3": "value-8"}
2025-07-31 15:31:27,217 INFO  [io.api.tes.ser.api.KafkaSerdesTester] (Thread-400) topic-47f58148_8ad3_4d1d_a14f_55c33494d4ff 0 39 {"key1": "value-9", "key2": "value-9", "key3": "value-9"}
2025-07-31 15:31:27,217 INFO  [io.api.tes.ser.api.KafkaSerdesTester] (Thread-400) topic-47f58148_8ad3_4d1d_a14f_55c33494d4ff 0 40 {"key1": "value-0", "key2": "value-0"}
2025-07-31 15:31:27,217 INFO  [io.api.tes.ser.api.KafkaSerdesTester] (Thread-400) topic-47f58148_8ad3_4d1d_a14f_55c33494d4ff 0 41 {"key1": "value-1", "key2": "value-1"}
2025-07-31 15:31:27,219 INFO  [io.api.tes.ser.api.KafkaSerdesTester] (Thread-400) topic-47f58148_8ad3_4d1d_a14f_55c33494d4ff 0 42 {"key1": "value-2", "key2": "value-2"}
2025-07-31 15:31:27,219 INFO  [io.api.tes.ser.api.KafkaSerdesTester] (Thread-400) topic-47f58148_8ad3_4d1d_a14f_55c33494d4ff 0 43 {"key1": "value-3", "key2": "value-3"}
2025-07-31 15:31:27,219 INFO  [io.api.tes.ser.api.KafkaSerdesTester] (Thread-400) topic-47f58148_8ad3_4d1d_a14f_55c33494d4ff 0 44 {"key1": "value-4", "key2": "value-4"}
2025-07-31 15:31:27,219 INFO  [io.api.tes.ser.api.KafkaSerdesTester] (Thread-400) topic-47f58148_8ad3_4d1d_a14f_55c33494d4ff 0 45 {"key1": "value-5", "key2": "value-5"}
2025-07-31 15:31:27,219 INFO  [io.api.tes.ser.api.KafkaSerdesTester] (Thread-400) topic-47f58148_8ad3_4d1d_a14f_55c33494d4ff 0 46 {"key1": "value-6", "key2": "value-6"}
2025-07-31 15:31:27,219 INFO  [io.api.tes.ser.api.KafkaSerdesTester] (Thread-400) topic-47f58148_8ad3_4d1d_a14f_55c33494d4ff 0 47 {"key1": "value-7", "key2": "value-7"}
2025-07-31 15:31:27,219 INFO  [io.api.tes.ser.api.KafkaSerdesTester] (Thread-400) topic-47f58148_8ad3_4d1d_a14f_55c33494d4ff 0 48 {"key1": "value-8", "key2": "value-8"}
2025-07-31 15:31:27,219 INFO  [io.api.tes.ser.api.KafkaSerdesTester] (Thread-400) topic-47f58148_8ad3_4d1d_a14f_55c33494d4ff 0 49 {"key1": "value-9", "key2": "value-9"}
2025-07-31 15:31:27,219 INFO  [io.api.tes.ser.api.KafkaSerdesTester] (Thread-400) topic-47f58148_8ad3_4d1d_a14f_55c33494d4ff 0 50 {"key1": "value-0"}
2025-07-31 15:31:27,219 INFO  [io.api.tes.ser.api.KafkaSerdesTester] (Thread-400) topic-47f58148_8ad3_4d1d_a14f_55c33494d4ff 0 51 {"key1": "value-1"}
2025-07-31 15:31:27,219 INFO  [io.api.tes.ser.api.KafkaSerdesTester] (Thread-400) topic-47f58148_8ad3_4d1d_a14f_55c33494d4ff 0 52 {"key1": "value-2"}
2025-07-31 15:31:27,219 INFO  [io.api.tes.ser.api.KafkaSerdesTester] (Thread-400) topic-47f58148_8ad3_4d1d_a14f_55c33494d4ff 0 53 {"key1": "value-3"}
2025-07-31 15:31:27,219 INFO  [io.api.tes.ser.api.KafkaSerdesTester] (Thread-400) topic-47f58148_8ad3_4d1d_a14f_55c33494d4ff 0 54 {"key1": "value-4"}
2025-07-31 15:31:27,219 INFO  [io.api.tes.ser.api.KafkaSerdesTester] (Thread-400) topic-47f58148_8ad3_4d1d_a14f_55c33494d4ff 0 55 {"key1": "value-5"}
2025-07-31 15:31:27,219 INFO  [io.api.tes.ser.api.KafkaSerdesTester] (Thread-400) topic-47f58148_8ad3_4d1d_a14f_55c33494d4ff 0 56 {"key1": "value-6"}
2025-07-31 15:31:27,219 INFO  [io.api.tes.ser.api.KafkaSerdesTester] (Thread-400) topic-47f58148_8ad3_4d1d_a14f_55c33494d4ff 0 57 {"key1": "value-7"}
2025-07-31 15:31:27,219 INFO  [io.api.tes.ser.api.KafkaSerdesTester] (Thread-400) topic-47f58148_8ad3_4d1d_a14f_55c33494d4ff 0 58 {"key1": "value-8"}
2025-07-31 15:31:27,219 INFO  [io.api.tes.ser.api.KafkaSerdesTester] (Thread-400) topic-47f58148_8ad3_4d1d_a14f_55c33494d4ff 0 59 {"key1": "value-9"}
2025-07-31 15:31:27,219 INFO  [io.api.tes.ser.api.KafkaSerdesTester] (Thread-400) Consumed 30 messages
2025-07-31 15:31:27,222 INFO  [org.apa.kaf.cli.con.int.ConsumerRebalanceListenerInvoker] (Thread-400) [Consumer clientId=consumer-Consumer-topic-47f58148_8ad3_4d1d_a14f_55c33494d4ff-36, groupId=Consumer-topic-47f58148_8ad3_4d1d_a14f_55c33494d4ff] Revoke previously assigned partitions topic-47f58148_8ad3_4d1d_a14f_55c33494d4ff-0
2025-07-31 15:31:27,222 INFO  [org.apa.kaf.cli.con.int.ConsumerCoordinator] (Thread-400) [Consumer clientId=consumer-Consumer-topic-47f58148_8ad3_4d1d_a14f_55c33494d4ff-36, groupId=Consumer-topic-47f58148_8ad3_4d1d_a14f_55c33494d4ff] Member consumer-Consumer-topic-47f58148_8ad3_4d1d_a14f_55c33494d4ff-36-5906c050-8e71-4b7b-9850-7f5ee8922160 sending LeaveGroup request to coordinator localhost:32770 (id: 2147483647 rack: null) due to the consumer is being closed
2025-07-31 15:31:27,222 INFO  [org.apa.kaf.cli.con.int.ConsumerCoordinator] (Thread-400) [Consumer clientId=consumer-Consumer-topic-47f58148_8ad3_4d1d_a14f_55c33494d4ff-36, groupId=Consumer-topic-47f58148_8ad3_4d1d_a14f_55c33494d4ff] Resetting generation and member id due to: consumer pro-actively leaving the group
2025-07-31 15:31:27,222 INFO  [org.apa.kaf.cli.con.int.ConsumerCoordinator] (Thread-400) [Consumer clientId=consumer-Consumer-topic-47f58148_8ad3_4d1d_a14f_55c33494d4ff-36, groupId=Consumer-topic-47f58148_8ad3_4d1d_a14f_55c33494d4ff] Request joining group due to: consumer pro-actively leaving the group
2025-07-31 15:31:27,720 INFO  [org.apa.kaf.com.met.Metrics] (Thread-400) Metrics scheduler closed
2025-07-31 15:31:27,720 INFO  [org.apa.kaf.com.met.Metrics] (Thread-400) Closing reporter org.apache.kafka.common.metrics.JmxReporter
2025-07-31 15:31:27,720 INFO  [org.apa.kaf.com.met.Metrics] (Thread-400) Closing reporter org.apache.kafka.common.telemetry.internals.ClientTelemetryReporter
2025-07-31 15:31:27,720 INFO  [org.apa.kaf.com.met.Metrics] (Thread-400) Metrics reporters closed
2025-07-31 15:31:27,721 INFO  [org.apa.kaf.com.uti.AppInfoParser] (Thread-400) App info kafka.consumer for consumer-Consumer-topic-47f58148_8ad3_4d1d_a14f_55c33494d4ff-36 unregistered
2025-07-31 15:31:27,721 INFO  [org.apa.kaf.cli.pro.KafkaProducer] (main) [Producer clientId=Producer-topic-47f58148_8ad3_4d1d_a14f_55c33494d4ff] Closing the Kafka producer with timeoutMillis = 9223372036854775807 ms.
2025-07-31 15:31:27,721 INFO  [org.apa.kaf.com.met.Metrics] (main) Metrics scheduler closed
2025-07-31 15:31:27,721 INFO  [org.apa.kaf.com.met.Metrics] (main) Closing reporter org.apache.kafka.common.metrics.JmxReporter
2025-07-31 15:31:27,721 INFO  [org.apa.kaf.com.met.Metrics] (main) Closing reporter org.apache.kafka.common.telemetry.internals.ClientTelemetryReporter
2025-07-31 15:31:27,721 INFO  [org.apa.kaf.com.met.Metrics] (main) Metrics reporters closed
2025-07-31 15:31:27,721 INFO  [org.apa.kaf.com.uti.AppInfoParser] (main) App info kafka.producer for Producer-topic-47f58148_8ad3_4d1d_a14f_55c33494d4ff unregistered
2025-07-31 15:31:27,744 INFO  [io.api.tes.ser.con.BasicConfluentSerDesIT] (main) Deleting confluent schema topic-47f58148_8ad3_4d1d_a14f_55c33494d4ff-se21bcf34xd61fx44b2x92cbxf192af50abeb
2025-07-31 15:31:27,762 INFO  [io.api.tes.uti.TestSeparator] (main) io.apicurio.tests.serdes.confluent.BasicConfluentSerDesIT.testEvolveAvroConfluent-FINISHED
2025-07-31 15:31:27,762 INFO  [io.api.tes.uti.TestSeparator] (main) ############################################################################
]]></system-out>
  </testcase>
  <testcase name="testAvroConfluentSerDes" classname="io.apicurio.tests.serdes.confluent.BasicConfluentSerDesIT" time="0.682">
    <system-out><![CDATA[2025-07-31 15:31:27,764 INFO  [io.api.tes.uti.TestSeparator] (main) ############################################################################
2025-07-31 15:31:27,764 INFO  [io.api.tes.uti.TestSeparator] (main) io.apicurio.tests.serdes.confluent.BasicConfluentSerDesIT.testAvroConfluentSerDes-STARTED
2025-07-31 15:31:27,811 INFO  [io.api.tes.ser.con.BasicConfluentSerDesIT] (main) Checking that created schema is equal to the get schema
2025-07-31 15:31:27,826 INFO  [io.api.tes.ser.con.BasicConfluentSerDesIT] (main) Created schema with id:45 and name:myrecordconfluent1
2025-07-31 15:31:27,827 INFO  [org.apa.kaf.cli.pro.ProducerConfig] (main) ProducerConfig values: 
	acks = -1
	auto.include.jmx.reporter = true
	batch.size = 16384
	bootstrap.servers = [PLAINTEXT://localhost:32770]
	buffer.memory = 33554432
	client.dns.lookup = use_all_dns_ips
	client.id = Producer-topic-137b64fe_83bb_4beb_9d7c_fb03acd751b7
	compression.gzip.level = -1
	compression.lz4.level = 9
	compression.type = none
	compression.zstd.level = 3
	connections.max.idle.ms = 10000
	delivery.timeout.ms = 120000
	enable.idempotence = true
	enable.metrics.push = true
	interceptor.classes = []
	key.serializer = class org.apache.kafka.common.serialization.StringSerializer
	linger.ms = 0
	max.block.ms = 60000
	max.in.flight.requests.per.connection = 5
	max.request.size = 1048576
	metadata.max.age.ms = 300000
	metadata.max.idle.ms = 300000
	metadata.recovery.strategy = none
	metric.reporters = []
	metrics.num.samples = 2
	metrics.recording.level = INFO
	metrics.sample.window.ms = 30000
	partitioner.adaptive.partitioning.enable = true
	partitioner.availability.timeout.ms = 0
	partitioner.class = null
	partitioner.ignore.keys = false
	receive.buffer.bytes = 32768
	reconnect.backoff.max.ms = 1000
	reconnect.backoff.ms = 50
	request.timeout.ms = 5000
	retries = 2147483647
	retry.backoff.max.ms = 1000
	retry.backoff.ms = 100
	sasl.client.callback.handler.class = null
	sasl.jaas.config = null
	sasl.kerberos.kinit.cmd = /usr/bin/kinit
	sasl.kerberos.min.time.before.relogin = 60000
	sasl.kerberos.service.name = null
	sasl.kerberos.ticket.renew.jitter = 0.05
	sasl.kerberos.ticket.renew.window.factor = 0.8
	sasl.login.callback.handler.class = null
	sasl.login.class = null
	sasl.login.connect.timeout.ms = null
	sasl.login.read.timeout.ms = null
	sasl.login.refresh.buffer.seconds = 300
	sasl.login.refresh.min.period.seconds = 60
	sasl.login.refresh.window.factor = 0.8
	sasl.login.refresh.window.jitter = 0.05
	sasl.login.retry.backoff.max.ms = 10000
	sasl.login.retry.backoff.ms = 100
	sasl.mechanism = GSSAPI
	sasl.oauthbearer.clock.skew.seconds = 30
	sasl.oauthbearer.expected.audience = null
	sasl.oauthbearer.expected.issuer = null
	sasl.oauthbearer.header.urlencode = false
	sasl.oauthbearer.jwks.endpoint.refresh.ms = 3600000
	sasl.oauthbearer.jwks.endpoint.retry.backoff.max.ms = 10000
	sasl.oauthbearer.jwks.endpoint.retry.backoff.ms = 100
	sasl.oauthbearer.jwks.endpoint.url = null
	sasl.oauthbearer.scope.claim.name = scope
	sasl.oauthbearer.sub.claim.name = sub
	sasl.oauthbearer.token.endpoint.url = null
	security.protocol = PLAINTEXT
	security.providers = null
	send.buffer.bytes = 131072
	socket.connection.setup.timeout.max.ms = 30000
	socket.connection.setup.timeout.ms = 10000
	ssl.cipher.suites = null
	ssl.enabled.protocols = [TLSv1.2, TLSv1.3]
	ssl.endpoint.identification.algorithm = https
	ssl.engine.factory.class = null
	ssl.key.password = null
	ssl.keymanager.algorithm = SunX509
	ssl.keystore.certificate.chain = null
	ssl.keystore.key = null
	ssl.keystore.location = null
	ssl.keystore.password = null
	ssl.keystore.type = JKS
	ssl.protocol = TLSv1.3
	ssl.provider = null
	ssl.secure.random.implementation = null
	ssl.trustmanager.algorithm = PKIX
	ssl.truststore.certificates = null
	ssl.truststore.location = null
	ssl.truststore.password = null
	ssl.truststore.type = JKS
	transaction.timeout.ms = 60000
	transactional.id = null
	value.serializer = class io.confluent.kafka.serializers.KafkaAvroSerializer

2025-07-31 15:31:27,827 INFO  [org.apa.kaf.com.tel.int.KafkaMetricsCollector] (main) initializing Kafka metrics collector
2025-07-31 15:31:27,828 INFO  [io.con.kaf.ser.KafkaAvroSerializerConfig] (main) KafkaAvroSerializerConfig values: 
	auto.register.schemas = false
	avro.reflection.allow.null = false
	avro.remove.java.properties = false
	avro.use.logical.type.converters = false
	basic.auth.credentials.source = URL
	basic.auth.user.info = [hidden]
	bearer.auth.cache.expiry.buffer.seconds = 300
	bearer.auth.client.id = null
	bearer.auth.client.secret = null
	bearer.auth.credentials.source = STATIC_TOKEN
	bearer.auth.custom.provider.class = null
	bearer.auth.identity.pool.id = null
	bearer.auth.issuer.endpoint.url = null
	bearer.auth.logical.cluster = null
	bearer.auth.scope = null
	bearer.auth.scope.claim.name = scope
	bearer.auth.sub.claim.name = sub
	bearer.auth.token = [hidden]
	context.name.strategy = class io.confluent.kafka.serializers.context.NullContextNameStrategy
	http.connect.timeout.ms = 60000
	http.read.timeout.ms = 60000
	id.compatibility.strict = true
	key.subject.name.strategy = class io.confluent.kafka.serializers.subject.TopicNameStrategy
	latest.cache.size = 1000
	latest.cache.ttl.sec = -1
	latest.compatibility.strict = true
	max.retries = 3
	max.schemas.per.subject = 1000
	normalize.schemas = false
	propagate.schema.tags = false
	proxy.host = 
	proxy.port = -1
	retries.max.wait.ms = 20000
	retries.wait.ms = 1000
	rule.actions = []
	rule.executors = []
	rule.service.loader.enable = true
	schema.format = null
	schema.reflection = false
	schema.registry.basic.auth.user.info = [hidden]
	schema.registry.ssl.cipher.suites = null
	schema.registry.ssl.enabled.protocols = [TLSv1.2, TLSv1.3]
	schema.registry.ssl.endpoint.identification.algorithm = https
	schema.registry.ssl.engine.factory.class = null
	schema.registry.ssl.key.password = null
	schema.registry.ssl.keymanager.algorithm = SunX509
	schema.registry.ssl.keystore.certificate.chain = null
	schema.registry.ssl.keystore.key = null
	schema.registry.ssl.keystore.location = null
	schema.registry.ssl.keystore.password = null
	schema.registry.ssl.keystore.type = JKS
	schema.registry.ssl.protocol = TLSv1.3
	schema.registry.ssl.provider = null
	schema.registry.ssl.secure.random.implementation = null
	schema.registry.ssl.trustmanager.algorithm = PKIX
	schema.registry.ssl.truststore.certificates = null
	schema.registry.ssl.truststore.location = null
	schema.registry.ssl.truststore.password = null
	schema.registry.ssl.truststore.type = JKS
	schema.registry.url = [http://registry-app-postgresql.apps.ci419.apicurio-testing.org:80/apis/ccompat/v7]
	use.latest.version = false
	use.latest.with.metadata = null
	use.schema.id = -1
	value.subject.name.strategy = class io.confluent.kafka.serializers.subject.TopicNameStrategy

2025-07-31 15:31:27,830 INFO  [org.apa.kaf.cli.pro.KafkaProducer] (main) [Producer clientId=Producer-topic-137b64fe_83bb_4beb_9d7c_fb03acd751b7] Instantiated an idempotent producer.
2025-07-31 15:31:27,831 INFO  [org.apa.kaf.cli.pro.ProducerConfig] (main) These configurations '[schema.registry.url, auto.register.schemas, value.subject.name.strategy]' were supplied but are not used yet.
2025-07-31 15:31:27,831 INFO  [org.apa.kaf.com.uti.AppInfoParser] (main) Kafka version: 3.9.0
2025-07-31 15:31:27,831 INFO  [org.apa.kaf.com.uti.AppInfoParser] (main) Kafka commitId: 84caaa6e9da06435
2025-07-31 15:31:27,831 INFO  [org.apa.kaf.com.uti.AppInfoParser] (main) Kafka startTimeMs: 1753975887831
2025-07-31 15:31:27,831 INFO  [io.api.tes.ser.api.SimpleSerdesTesterBuilder$SimpleSerdesTester] (main) Using producer configuration: {schema.registry.url=http://registry-app-postgresql.apps.ci419.apicurio-testing.org:80/apis/ccompat/v7, value.serializer=io.confluent.kafka.serializers.KafkaAvroSerializer, request.timeout.ms=5000, auto.register.schemas=false, acks=all, bootstrap.servers=PLAINTEXT://localhost:32770, connections.max.idle.ms=10000, key.serializer=org.apache.kafka.common.serialization.StringSerializer, value.subject.name.strategy=io.confluent.kafka.serializers.subject.TopicNameStrategy, client.id=Producer-topic-137b64fe_83bb_4beb_9d7c_fb03acd751b7}
2025-07-31 15:31:27,831 INFO  [io.api.tes.ser.api.SimpleSerdesTesterBuilder$SimpleSerdesTester] (main) Using consumer configuration: {}
2025-07-31 15:31:27,832 INFO  [io.api.tes.ser.api.KafkaSerdesTester] (Thread-401) Sending message {"key1": "value-0"} to topic topic-137b64fe_83bb_4beb_9d7c_fb03acd751b7
2025-07-31 15:31:27,836 INFO  [org.apa.kaf.cli.Metadata] (kafka-producer-network-thread | Producer-topic-137b64fe_83bb_4beb_9d7c_fb03acd751b7) [Producer clientId=Producer-topic-137b64fe_83bb_4beb_9d7c_fb03acd751b7] Cluster ID: BgnDnmd_Rn-oXa8M1ygsew
2025-07-31 15:31:27,837 INFO  [org.apa.kaf.cli.pro.int.TransactionManager] (kafka-producer-network-thread | Producer-topic-137b64fe_83bb_4beb_9d7c_fb03acd751b7) [Producer clientId=Producer-topic-137b64fe_83bb_4beb_9d7c_fb03acd751b7] ProducerId set to 50 with epoch 0
2025-07-31 15:31:27,856 INFO  [io.api.tes.ser.api.KafkaSerdesTester] (Thread-401) Sending message {"key1": "value-1"} to topic topic-137b64fe_83bb_4beb_9d7c_fb03acd751b7
2025-07-31 15:31:27,858 INFO  [io.api.tes.ser.api.KafkaSerdesTester] (Thread-401) Sending message {"key1": "value-2"} to topic topic-137b64fe_83bb_4beb_9d7c_fb03acd751b7
2025-07-31 15:31:27,859 INFO  [io.api.tes.ser.api.KafkaSerdesTester] (Thread-401) Sending message {"key1": "value-3"} to topic topic-137b64fe_83bb_4beb_9d7c_fb03acd751b7
2025-07-31 15:31:27,860 INFO  [io.api.tes.ser.api.KafkaSerdesTester] (Thread-401) Sending message {"key1": "value-4"} to topic topic-137b64fe_83bb_4beb_9d7c_fb03acd751b7
2025-07-31 15:31:27,861 INFO  [io.api.tes.ser.api.KafkaSerdesTester] (Thread-401) Sending message {"key1": "value-5"} to topic topic-137b64fe_83bb_4beb_9d7c_fb03acd751b7
2025-07-31 15:31:27,863 INFO  [io.api.tes.ser.api.KafkaSerdesTester] (Thread-401) Sending message {"key1": "value-6"} to topic topic-137b64fe_83bb_4beb_9d7c_fb03acd751b7
2025-07-31 15:31:27,864 INFO  [io.api.tes.ser.api.KafkaSerdesTester] (Thread-401) Sending message {"key1": "value-7"} to topic topic-137b64fe_83bb_4beb_9d7c_fb03acd751b7
2025-07-31 15:31:27,865 INFO  [io.api.tes.ser.api.KafkaSerdesTester] (Thread-401) Sending message {"key1": "value-8"} to topic topic-137b64fe_83bb_4beb_9d7c_fb03acd751b7
2025-07-31 15:31:27,865 INFO  [io.api.tes.ser.api.KafkaSerdesTester] (Thread-401) Sending message {"key1": "value-9"} to topic topic-137b64fe_83bb_4beb_9d7c_fb03acd751b7
2025-07-31 15:31:27,866 INFO  [io.api.tes.ser.api.KafkaSerdesTester] (Thread-401) Produced 10 messages
2025-07-31 15:31:27,866 INFO  [org.apa.kaf.cli.pro.KafkaProducer] (Thread-401) [Producer clientId=Producer-topic-137b64fe_83bb_4beb_9d7c_fb03acd751b7] Closing the Kafka producer with timeoutMillis = 9223372036854775807 ms.
2025-07-31 15:31:27,868 INFO  [org.apa.kaf.com.met.Metrics] (Thread-401) Metrics scheduler closed
2025-07-31 15:31:27,868 INFO  [org.apa.kaf.com.met.Metrics] (Thread-401) Closing reporter org.apache.kafka.common.metrics.JmxReporter
2025-07-31 15:31:27,868 INFO  [org.apa.kaf.com.met.Metrics] (Thread-401) Closing reporter org.apache.kafka.common.telemetry.internals.ClientTelemetryReporter
2025-07-31 15:31:27,868 INFO  [org.apa.kaf.com.met.Metrics] (Thread-401) Metrics reporters closed
2025-07-31 15:31:27,868 INFO  [org.apa.kaf.com.uti.AppInfoParser] (Thread-401) App info kafka.producer for Producer-topic-137b64fe_83bb_4beb_9d7c_fb03acd751b7 unregistered
2025-07-31 15:31:27,868 INFO  [org.apa.kaf.cli.con.ConsumerConfig] (main) ConsumerConfig values: 
	allow.auto.create.topics = true
	auto.commit.interval.ms = 500
	auto.include.jmx.reporter = true
	auto.offset.reset = earliest
	bootstrap.servers = [PLAINTEXT://localhost:32770]
	check.crcs = true
	client.dns.lookup = use_all_dns_ips
	client.id = consumer-Consumer-topic-137b64fe_83bb_4beb_9d7c_fb03acd751b7-37
	client.rack = 
	connections.max.idle.ms = 10000
	default.api.timeout.ms = 60000
	enable.auto.commit = true
	enable.metrics.push = true
	exclude.internal.topics = true
	fetch.max.bytes = 52428800
	fetch.max.wait.ms = 500
	fetch.min.bytes = 1
	group.id = Consumer-topic-137b64fe_83bb_4beb_9d7c_fb03acd751b7
	group.instance.id = null
	group.protocol = classic
	group.remote.assignor = null
	heartbeat.interval.ms = 3000
	interceptor.classes = []
	internal.leave.group.on.close = true
	internal.throw.on.fetch.stable.offset.unsupported = false
	isolation.level = read_uncommitted
	key.deserializer = class org.apache.kafka.common.serialization.StringDeserializer
	max.partition.fetch.bytes = 1048576
	max.poll.interval.ms = 300000
	max.poll.records = 500
	metadata.max.age.ms = 300000
	metadata.recovery.strategy = none
	metric.reporters = []
	metrics.num.samples = 2
	metrics.recording.level = INFO
	metrics.sample.window.ms = 30000
	partition.assignment.strategy = [class org.apache.kafka.clients.consumer.RangeAssignor, class org.apache.kafka.clients.consumer.CooperativeStickyAssignor]
	receive.buffer.bytes = 65536
	reconnect.backoff.max.ms = 1000
	reconnect.backoff.ms = 50
	request.timeout.ms = 5000
	retry.backoff.max.ms = 1000
	retry.backoff.ms = 100
	sasl.client.callback.handler.class = null
	sasl.jaas.config = null
	sasl.kerberos.kinit.cmd = /usr/bin/kinit
	sasl.kerberos.min.time.before.relogin = 60000
	sasl.kerberos.service.name = null
	sasl.kerberos.ticket.renew.jitter = 0.05
	sasl.kerberos.ticket.renew.window.factor = 0.8
	sasl.login.callback.handler.class = null
	sasl.login.class = null
	sasl.login.connect.timeout.ms = null
	sasl.login.read.timeout.ms = null
	sasl.login.refresh.buffer.seconds = 300
	sasl.login.refresh.min.period.seconds = 60
	sasl.login.refresh.window.factor = 0.8
	sasl.login.refresh.window.jitter = 0.05
	sasl.login.retry.backoff.max.ms = 10000
	sasl.login.retry.backoff.ms = 100
	sasl.mechanism = GSSAPI
	sasl.oauthbearer.clock.skew.seconds = 30
	sasl.oauthbearer.expected.audience = null
	sasl.oauthbearer.expected.issuer = null
	sasl.oauthbearer.header.urlencode = false
	sasl.oauthbearer.jwks.endpoint.refresh.ms = 3600000
	sasl.oauthbearer.jwks.endpoint.retry.backoff.max.ms = 10000
	sasl.oauthbearer.jwks.endpoint.retry.backoff.ms = 100
	sasl.oauthbearer.jwks.endpoint.url = null
	sasl.oauthbearer.scope.claim.name = scope
	sasl.oauthbearer.sub.claim.name = sub
	sasl.oauthbearer.token.endpoint.url = null
	security.protocol = PLAINTEXT
	security.providers = null
	send.buffer.bytes = 131072
	session.timeout.ms = 45000
	socket.connection.setup.timeout.max.ms = 30000
	socket.connection.setup.timeout.ms = 10000
	ssl.cipher.suites = null
	ssl.enabled.protocols = [TLSv1.2, TLSv1.3]
	ssl.endpoint.identification.algorithm = https
	ssl.engine.factory.class = null
	ssl.key.password = null
	ssl.keymanager.algorithm = SunX509
	ssl.keystore.certificate.chain = null
	ssl.keystore.key = null
	ssl.keystore.location = null
	ssl.keystore.password = null
	ssl.keystore.type = JKS
	ssl.protocol = TLSv1.3
	ssl.provider = null
	ssl.secure.random.implementation = null
	ssl.trustmanager.algorithm = PKIX
	ssl.truststore.certificates = null
	ssl.truststore.location = null
	ssl.truststore.password = null
	ssl.truststore.type = JKS
	value.deserializer = class io.confluent.kafka.serializers.KafkaAvroDeserializer

2025-07-31 15:31:27,868 INFO  [org.apa.kaf.com.tel.int.KafkaMetricsCollector] (main) initializing Kafka metrics collector
2025-07-31 15:31:27,869 INFO  [io.con.kaf.ser.KafkaAvroDeserializerConfig] (main) KafkaAvroDeserializerConfig values: 
	auto.register.schemas = true
	avro.reflection.allow.null = false
	avro.use.logical.type.converters = false
	basic.auth.credentials.source = URL
	basic.auth.user.info = [hidden]
	bearer.auth.cache.expiry.buffer.seconds = 300
	bearer.auth.client.id = null
	bearer.auth.client.secret = null
	bearer.auth.credentials.source = STATIC_TOKEN
	bearer.auth.custom.provider.class = null
	bearer.auth.identity.pool.id = null
	bearer.auth.issuer.endpoint.url = null
	bearer.auth.logical.cluster = null
	bearer.auth.scope = null
	bearer.auth.scope.claim.name = scope
	bearer.auth.sub.claim.name = sub
	bearer.auth.token = [hidden]
	context.name.strategy = class io.confluent.kafka.serializers.context.NullContextNameStrategy
	http.connect.timeout.ms = 60000
	http.read.timeout.ms = 60000
	id.compatibility.strict = true
	key.subject.name.strategy = class io.confluent.kafka.serializers.subject.TopicNameStrategy
	latest.cache.size = 1000
	latest.cache.ttl.sec = -1
	latest.compatibility.strict = true
	max.retries = 3
	max.schemas.per.subject = 1000
	normalize.schemas = false
	propagate.schema.tags = false
	proxy.host = 
	proxy.port = -1
	retries.max.wait.ms = 20000
	retries.wait.ms = 1000
	rule.actions = []
	rule.executors = []
	rule.service.loader.enable = true
	schema.format = null
	schema.reflection = false
	schema.registry.basic.auth.user.info = [hidden]
	schema.registry.ssl.cipher.suites = null
	schema.registry.ssl.enabled.protocols = [TLSv1.2, TLSv1.3]
	schema.registry.ssl.endpoint.identification.algorithm = https
	schema.registry.ssl.engine.factory.class = null
	schema.registry.ssl.key.password = null
	schema.registry.ssl.keymanager.algorithm = SunX509
	schema.registry.ssl.keystore.certificate.chain = null
	schema.registry.ssl.keystore.key = null
	schema.registry.ssl.keystore.location = null
	schema.registry.ssl.keystore.password = null
	schema.registry.ssl.keystore.type = JKS
	schema.registry.ssl.protocol = TLSv1.3
	schema.registry.ssl.provider = null
	schema.registry.ssl.secure.random.implementation = null
	schema.registry.ssl.trustmanager.algorithm = PKIX
	schema.registry.ssl.truststore.certificates = null
	schema.registry.ssl.truststore.location = null
	schema.registry.ssl.truststore.password = null
	schema.registry.ssl.truststore.type = JKS
	schema.registry.url = [http://registry-app-postgresql.apps.ci419.apicurio-testing.org:80/apis/ccompat/v7]
	specific.avro.key.type = null
	specific.avro.reader = false
	specific.avro.value.type = null
	use.latest.version = false
	use.latest.with.metadata = null
	use.schema.id = -1
	value.subject.name.strategy = class io.confluent.kafka.serializers.subject.TopicNameStrategy

2025-07-31 15:31:27,869 INFO  [io.con.kaf.ser.KafkaAvroDeserializerConfig] (main) KafkaAvroDeserializerConfig values: 
	auto.register.schemas = true
	avro.reflection.allow.null = false
	avro.use.logical.type.converters = false
	basic.auth.credentials.source = URL
	basic.auth.user.info = [hidden]
	bearer.auth.cache.expiry.buffer.seconds = 300
	bearer.auth.client.id = null
	bearer.auth.client.secret = null
	bearer.auth.credentials.source = STATIC_TOKEN
	bearer.auth.custom.provider.class = null
	bearer.auth.identity.pool.id = null
	bearer.auth.issuer.endpoint.url = null
	bearer.auth.logical.cluster = null
	bearer.auth.scope = null
	bearer.auth.scope.claim.name = scope
	bearer.auth.sub.claim.name = sub
	bearer.auth.token = [hidden]
	context.name.strategy = class io.confluent.kafka.serializers.context.NullContextNameStrategy
	http.connect.timeout.ms = 60000
	http.read.timeout.ms = 60000
	id.compatibility.strict = true
	key.subject.name.strategy = class io.confluent.kafka.serializers.subject.TopicNameStrategy
	latest.cache.size = 1000
	latest.cache.ttl.sec = -1
	latest.compatibility.strict = true
	max.retries = 3
	max.schemas.per.subject = 1000
	normalize.schemas = false
	propagate.schema.tags = false
	proxy.host = 
	proxy.port = -1
	retries.max.wait.ms = 20000
	retries.wait.ms = 1000
	rule.actions = []
	rule.executors = []
	rule.service.loader.enable = true
	schema.format = null
	schema.reflection = false
	schema.registry.basic.auth.user.info = [hidden]
	schema.registry.ssl.cipher.suites = null
	schema.registry.ssl.enabled.protocols = [TLSv1.2, TLSv1.3]
	schema.registry.ssl.endpoint.identification.algorithm = https
	schema.registry.ssl.engine.factory.class = null
	schema.registry.ssl.key.password = null
	schema.registry.ssl.keymanager.algorithm = SunX509
	schema.registry.ssl.keystore.certificate.chain = null
	schema.registry.ssl.keystore.key = null
	schema.registry.ssl.keystore.location = null
	schema.registry.ssl.keystore.password = null
	schema.registry.ssl.keystore.type = JKS
	schema.registry.ssl.protocol = TLSv1.3
	schema.registry.ssl.provider = null
	schema.registry.ssl.secure.random.implementation = null
	schema.registry.ssl.trustmanager.algorithm = PKIX
	schema.registry.ssl.truststore.certificates = null
	schema.registry.ssl.truststore.location = null
	schema.registry.ssl.truststore.password = null
	schema.registry.ssl.truststore.type = JKS
	schema.registry.url = [http://registry-app-postgresql.apps.ci419.apicurio-testing.org:80/apis/ccompat/v7]
	specific.avro.key.type = null
	specific.avro.reader = false
	specific.avro.value.type = null
	use.latest.version = false
	use.latest.with.metadata = null
	use.schema.id = -1
	value.subject.name.strategy = class io.confluent.kafka.serializers.subject.TopicNameStrategy

2025-07-31 15:31:27,872 INFO  [org.apa.kaf.cli.con.ConsumerConfig] (main) These configurations '[schema.registry.url]' were supplied but are not used yet.
2025-07-31 15:31:27,872 INFO  [org.apa.kaf.com.uti.AppInfoParser] (main) Kafka version: 3.9.0
2025-07-31 15:31:27,872 INFO  [org.apa.kaf.com.uti.AppInfoParser] (main) Kafka commitId: 84caaa6e9da06435
2025-07-31 15:31:27,872 INFO  [org.apa.kaf.com.uti.AppInfoParser] (main) Kafka startTimeMs: 1753975887872
2025-07-31 15:31:27,873 INFO  [org.apa.kaf.cli.con.int.ClassicKafkaConsumer] (Thread-402) [Consumer clientId=consumer-Consumer-topic-137b64fe_83bb_4beb_9d7c_fb03acd751b7-37, groupId=Consumer-topic-137b64fe_83bb_4beb_9d7c_fb03acd751b7] Subscribed to topic(s): topic-137b64fe_83bb_4beb_9d7c_fb03acd751b7
2025-07-31 15:31:27,876 INFO  [org.apa.kaf.cli.Metadata] (Thread-402) [Consumer clientId=consumer-Consumer-topic-137b64fe_83bb_4beb_9d7c_fb03acd751b7-37, groupId=Consumer-topic-137b64fe_83bb_4beb_9d7c_fb03acd751b7] Cluster ID: BgnDnmd_Rn-oXa8M1ygsew
2025-07-31 15:31:27,876 INFO  [org.apa.kaf.cli.con.int.ConsumerCoordinator] (Thread-402) [Consumer clientId=consumer-Consumer-topic-137b64fe_83bb_4beb_9d7c_fb03acd751b7-37, groupId=Consumer-topic-137b64fe_83bb_4beb_9d7c_fb03acd751b7] Discovered group coordinator localhost:32770 (id: 2147483647 rack: null)
2025-07-31 15:31:27,877 INFO  [org.apa.kaf.cli.con.int.ConsumerCoordinator] (Thread-402) [Consumer clientId=consumer-Consumer-topic-137b64fe_83bb_4beb_9d7c_fb03acd751b7-37, groupId=Consumer-topic-137b64fe_83bb_4beb_9d7c_fb03acd751b7] (Re-)joining group
2025-07-31 15:31:27,879 INFO  [org.apa.kaf.cli.con.int.ConsumerCoordinator] (Thread-402) [Consumer clientId=consumer-Consumer-topic-137b64fe_83bb_4beb_9d7c_fb03acd751b7-37, groupId=Consumer-topic-137b64fe_83bb_4beb_9d7c_fb03acd751b7] Request joining group due to: need to re-join with the given member-id: consumer-Consumer-topic-137b64fe_83bb_4beb_9d7c_fb03acd751b7-37-33a8b1e0-a95e-4882-a5ca-cf5e28577b25
2025-07-31 15:31:27,879 INFO  [org.apa.kaf.cli.con.int.ConsumerCoordinator] (Thread-402) [Consumer clientId=consumer-Consumer-topic-137b64fe_83bb_4beb_9d7c_fb03acd751b7-37, groupId=Consumer-topic-137b64fe_83bb_4beb_9d7c_fb03acd751b7] (Re-)joining group
2025-07-31 15:31:27,880 INFO  [org.apa.kaf.cli.con.int.ConsumerCoordinator] (Thread-402) [Consumer clientId=consumer-Consumer-topic-137b64fe_83bb_4beb_9d7c_fb03acd751b7-37, groupId=Consumer-topic-137b64fe_83bb_4beb_9d7c_fb03acd751b7] Successfully joined group with generation Generation{generationId=1, memberId='consumer-Consumer-topic-137b64fe_83bb_4beb_9d7c_fb03acd751b7-37-33a8b1e0-a95e-4882-a5ca-cf5e28577b25', protocol='range'}
2025-07-31 15:31:27,881 INFO  [org.apa.kaf.cli.con.int.ConsumerCoordinator] (Thread-402) [Consumer clientId=consumer-Consumer-topic-137b64fe_83bb_4beb_9d7c_fb03acd751b7-37, groupId=Consumer-topic-137b64fe_83bb_4beb_9d7c_fb03acd751b7] Finished assignment for group at generation 1: {consumer-Consumer-topic-137b64fe_83bb_4beb_9d7c_fb03acd751b7-37-33a8b1e0-a95e-4882-a5ca-cf5e28577b25=Assignment(partitions=[topic-137b64fe_83bb_4beb_9d7c_fb03acd751b7-0])}
2025-07-31 15:31:27,883 INFO  [org.apa.kaf.cli.con.int.ConsumerCoordinator] (Thread-402) [Consumer clientId=consumer-Consumer-topic-137b64fe_83bb_4beb_9d7c_fb03acd751b7-37, groupId=Consumer-topic-137b64fe_83bb_4beb_9d7c_fb03acd751b7] Successfully synced group in generation Generation{generationId=1, memberId='consumer-Consumer-topic-137b64fe_83bb_4beb_9d7c_fb03acd751b7-37-33a8b1e0-a95e-4882-a5ca-cf5e28577b25', protocol='range'}
2025-07-31 15:31:27,883 INFO  [org.apa.kaf.cli.con.int.ConsumerCoordinator] (Thread-402) [Consumer clientId=consumer-Consumer-topic-137b64fe_83bb_4beb_9d7c_fb03acd751b7-37, groupId=Consumer-topic-137b64fe_83bb_4beb_9d7c_fb03acd751b7] Notifying assignor about the new Assignment(partitions=[topic-137b64fe_83bb_4beb_9d7c_fb03acd751b7-0])
2025-07-31 15:31:27,883 INFO  [org.apa.kaf.cli.con.int.ConsumerRebalanceListenerInvoker] (Thread-402) [Consumer clientId=consumer-Consumer-topic-137b64fe_83bb_4beb_9d7c_fb03acd751b7-37, groupId=Consumer-topic-137b64fe_83bb_4beb_9d7c_fb03acd751b7] Adding newly assigned partitions: topic-137b64fe_83bb_4beb_9d7c_fb03acd751b7-0
2025-07-31 15:31:27,883 INFO  [org.apa.kaf.cli.con.int.ConsumerCoordinator] (Thread-402) [Consumer clientId=consumer-Consumer-topic-137b64fe_83bb_4beb_9d7c_fb03acd751b7-37, groupId=Consumer-topic-137b64fe_83bb_4beb_9d7c_fb03acd751b7] Found no committed offset for partition topic-137b64fe_83bb_4beb_9d7c_fb03acd751b7-0
2025-07-31 15:31:27,886 INFO  [org.apa.kaf.cli.con.int.SubscriptionState] (Thread-402) [Consumer clientId=consumer-Consumer-topic-137b64fe_83bb_4beb_9d7c_fb03acd751b7-37, groupId=Consumer-topic-137b64fe_83bb_4beb_9d7c_fb03acd751b7] Resetting offset for partition topic-137b64fe_83bb_4beb_9d7c_fb03acd751b7-0 to position FetchPosition{offset=0, offsetEpoch=Optional.empty, currentLeader=LeaderAndEpoch{leader=Optional[localhost:32770 (id: 0 rack: null)], epoch=0}}.
2025-07-31 15:31:27,900 INFO  [io.api.tes.ser.api.KafkaSerdesTester] (Thread-402) topic-137b64fe_83bb_4beb_9d7c_fb03acd751b7 0 0 {"key1": "value-0"}
2025-07-31 15:31:27,900 INFO  [io.api.tes.ser.api.KafkaSerdesTester] (Thread-402) topic-137b64fe_83bb_4beb_9d7c_fb03acd751b7 0 1 {"key1": "value-1"}
2025-07-31 15:31:27,900 INFO  [io.api.tes.ser.api.KafkaSerdesTester] (Thread-402) topic-137b64fe_83bb_4beb_9d7c_fb03acd751b7 0 2 {"key1": "value-2"}
2025-07-31 15:31:27,900 INFO  [io.api.tes.ser.api.KafkaSerdesTester] (Thread-402) topic-137b64fe_83bb_4beb_9d7c_fb03acd751b7 0 3 {"key1": "value-3"}
2025-07-31 15:31:27,900 INFO  [io.api.tes.ser.api.KafkaSerdesTester] (Thread-402) topic-137b64fe_83bb_4beb_9d7c_fb03acd751b7 0 4 {"key1": "value-4"}
2025-07-31 15:31:27,900 INFO  [io.api.tes.ser.api.KafkaSerdesTester] (Thread-402) topic-137b64fe_83bb_4beb_9d7c_fb03acd751b7 0 5 {"key1": "value-5"}
2025-07-31 15:31:27,900 INFO  [io.api.tes.ser.api.KafkaSerdesTester] (Thread-402) topic-137b64fe_83bb_4beb_9d7c_fb03acd751b7 0 6 {"key1": "value-6"}
2025-07-31 15:31:27,900 INFO  [io.api.tes.ser.api.KafkaSerdesTester] (Thread-402) topic-137b64fe_83bb_4beb_9d7c_fb03acd751b7 0 7 {"key1": "value-7"}
2025-07-31 15:31:27,900 INFO  [io.api.tes.ser.api.KafkaSerdesTester] (Thread-402) topic-137b64fe_83bb_4beb_9d7c_fb03acd751b7 0 8 {"key1": "value-8"}
2025-07-31 15:31:27,900 INFO  [io.api.tes.ser.api.KafkaSerdesTester] (Thread-402) topic-137b64fe_83bb_4beb_9d7c_fb03acd751b7 0 9 {"key1": "value-9"}
2025-07-31 15:31:27,900 INFO  [io.api.tes.ser.api.KafkaSerdesTester] (Thread-402) Consumed 10 messages
2025-07-31 15:31:27,903 INFO  [org.apa.kaf.cli.con.int.ConsumerRebalanceListenerInvoker] (Thread-402) [Consumer clientId=consumer-Consumer-topic-137b64fe_83bb_4beb_9d7c_fb03acd751b7-37, groupId=Consumer-topic-137b64fe_83bb_4beb_9d7c_fb03acd751b7] Revoke previously assigned partitions topic-137b64fe_83bb_4beb_9d7c_fb03acd751b7-0
2025-07-31 15:31:27,903 INFO  [org.apa.kaf.cli.con.int.ConsumerCoordinator] (Thread-402) [Consumer clientId=consumer-Consumer-topic-137b64fe_83bb_4beb_9d7c_fb03acd751b7-37, groupId=Consumer-topic-137b64fe_83bb_4beb_9d7c_fb03acd751b7] Member consumer-Consumer-topic-137b64fe_83bb_4beb_9d7c_fb03acd751b7-37-33a8b1e0-a95e-4882-a5ca-cf5e28577b25 sending LeaveGroup request to coordinator localhost:32770 (id: 2147483647 rack: null) due to the consumer is being closed
2025-07-31 15:31:27,904 INFO  [org.apa.kaf.cli.con.int.ConsumerCoordinator] (Thread-402) [Consumer clientId=consumer-Consumer-topic-137b64fe_83bb_4beb_9d7c_fb03acd751b7-37, groupId=Consumer-topic-137b64fe_83bb_4beb_9d7c_fb03acd751b7] Resetting generation and member id due to: consumer pro-actively leaving the group
2025-07-31 15:31:27,904 INFO  [org.apa.kaf.cli.con.int.ConsumerCoordinator] (Thread-402) [Consumer clientId=consumer-Consumer-topic-137b64fe_83bb_4beb_9d7c_fb03acd751b7-37, groupId=Consumer-topic-137b64fe_83bb_4beb_9d7c_fb03acd751b7] Request joining group due to: consumer pro-actively leaving the group
2025-07-31 15:31:28,406 INFO  [org.apa.kaf.com.met.Metrics] (Thread-402) Metrics scheduler closed
2025-07-31 15:31:28,406 INFO  [org.apa.kaf.com.met.Metrics] (Thread-402) Closing reporter org.apache.kafka.common.metrics.JmxReporter
2025-07-31 15:31:28,406 INFO  [org.apa.kaf.com.met.Metrics] (Thread-402) Closing reporter org.apache.kafka.common.telemetry.internals.ClientTelemetryReporter
2025-07-31 15:31:28,406 INFO  [org.apa.kaf.com.met.Metrics] (Thread-402) Metrics reporters closed
2025-07-31 15:31:28,408 INFO  [org.apa.kaf.com.uti.AppInfoParser] (Thread-402) App info kafka.consumer for consumer-Consumer-topic-137b64fe_83bb_4beb_9d7c_fb03acd751b7-37 unregistered
2025-07-31 15:31:28,429 INFO  [io.api.tes.ser.con.BasicConfluentSerDesIT] (main) Deleting confluent schema topic-137b64fe_83bb_4beb_9d7c_fb03acd751b7-value
2025-07-31 15:31:28,445 INFO  [io.api.tes.uti.TestSeparator] (main) io.apicurio.tests.serdes.confluent.BasicConfluentSerDesIT.testAvroConfluentSerDes-FINISHED
2025-07-31 15:31:28,445 INFO  [io.api.tes.uti.TestSeparator] (main) ############################################################################
]]></system-out>
  </testcase>
  <testcase name="testAvroConfluentForMultipleTopics" classname="io.apicurio.tests.serdes.confluent.BasicConfluentSerDesIT" time="2.125">
    <system-out><![CDATA[2025-07-31 15:31:28,446 INFO  [io.api.tes.uti.TestSeparator] (main) ############################################################################
2025-07-31 15:31:28,446 INFO  [io.api.tes.uti.TestSeparator] (main) io.apicurio.tests.serdes.confluent.BasicConfluentSerDesIT.testAvroConfluentForMultipleTopics-STARTED
2025-07-31 15:31:28,495 INFO  [io.api.tes.ser.con.BasicConfluentSerDesIT] (main) Checking that created schema is equal to the get schema
2025-07-31 15:31:28,511 INFO  [io.api.tes.ser.con.BasicConfluentSerDesIT] (main) Created schema with id:46 and name:myrecordconfluent6
2025-07-31 15:31:28,512 INFO  [org.apa.kaf.cli.pro.ProducerConfig] (main) ProducerConfig values: 
	acks = -1
	auto.include.jmx.reporter = true
	batch.size = 16384
	bootstrap.servers = [PLAINTEXT://localhost:32770]
	buffer.memory = 33554432
	client.dns.lookup = use_all_dns_ips
	client.id = Producer-topic-f30beffb_c60e_424e_b003_f6138619e512
	compression.gzip.level = -1
	compression.lz4.level = 9
	compression.type = none
	compression.zstd.level = 3
	connections.max.idle.ms = 10000
	delivery.timeout.ms = 120000
	enable.idempotence = true
	enable.metrics.push = true
	interceptor.classes = []
	key.serializer = class org.apache.kafka.common.serialization.StringSerializer
	linger.ms = 0
	max.block.ms = 60000
	max.in.flight.requests.per.connection = 5
	max.request.size = 1048576
	metadata.max.age.ms = 300000
	metadata.max.idle.ms = 300000
	metadata.recovery.strategy = none
	metric.reporters = []
	metrics.num.samples = 2
	metrics.recording.level = INFO
	metrics.sample.window.ms = 30000
	partitioner.adaptive.partitioning.enable = true
	partitioner.availability.timeout.ms = 0
	partitioner.class = null
	partitioner.ignore.keys = false
	receive.buffer.bytes = 32768
	reconnect.backoff.max.ms = 1000
	reconnect.backoff.ms = 50
	request.timeout.ms = 5000
	retries = 2147483647
	retry.backoff.max.ms = 1000
	retry.backoff.ms = 100
	sasl.client.callback.handler.class = null
	sasl.jaas.config = null
	sasl.kerberos.kinit.cmd = /usr/bin/kinit
	sasl.kerberos.min.time.before.relogin = 60000
	sasl.kerberos.service.name = null
	sasl.kerberos.ticket.renew.jitter = 0.05
	sasl.kerberos.ticket.renew.window.factor = 0.8
	sasl.login.callback.handler.class = null
	sasl.login.class = null
	sasl.login.connect.timeout.ms = null
	sasl.login.read.timeout.ms = null
	sasl.login.refresh.buffer.seconds = 300
	sasl.login.refresh.min.period.seconds = 60
	sasl.login.refresh.window.factor = 0.8
	sasl.login.refresh.window.jitter = 0.05
	sasl.login.retry.backoff.max.ms = 10000
	sasl.login.retry.backoff.ms = 100
	sasl.mechanism = GSSAPI
	sasl.oauthbearer.clock.skew.seconds = 30
	sasl.oauthbearer.expected.audience = null
	sasl.oauthbearer.expected.issuer = null
	sasl.oauthbearer.header.urlencode = false
	sasl.oauthbearer.jwks.endpoint.refresh.ms = 3600000
	sasl.oauthbearer.jwks.endpoint.retry.backoff.max.ms = 10000
	sasl.oauthbearer.jwks.endpoint.retry.backoff.ms = 100
	sasl.oauthbearer.jwks.endpoint.url = null
	sasl.oauthbearer.scope.claim.name = scope
	sasl.oauthbearer.sub.claim.name = sub
	sasl.oauthbearer.token.endpoint.url = null
	security.protocol = PLAINTEXT
	security.providers = null
	send.buffer.bytes = 131072
	socket.connection.setup.timeout.max.ms = 30000
	socket.connection.setup.timeout.ms = 10000
	ssl.cipher.suites = null
	ssl.enabled.protocols = [TLSv1.2, TLSv1.3]
	ssl.endpoint.identification.algorithm = https
	ssl.engine.factory.class = null
	ssl.key.password = null
	ssl.keymanager.algorithm = SunX509
	ssl.keystore.certificate.chain = null
	ssl.keystore.key = null
	ssl.keystore.location = null
	ssl.keystore.password = null
	ssl.keystore.type = JKS
	ssl.protocol = TLSv1.3
	ssl.provider = null
	ssl.secure.random.implementation = null
	ssl.trustmanager.algorithm = PKIX
	ssl.truststore.certificates = null
	ssl.truststore.location = null
	ssl.truststore.password = null
	ssl.truststore.type = JKS
	transaction.timeout.ms = 60000
	transactional.id = null
	value.serializer = class io.apicurio.registry.serde.avro.AvroKafkaSerializer

2025-07-31 15:31:28,513 INFO  [org.apa.kaf.com.tel.int.KafkaMetricsCollector] (main) initializing Kafka metrics collector
2025-07-31 15:31:28,518 INFO  [org.apa.kaf.cli.pro.KafkaProducer] (main) [Producer clientId=Producer-topic-f30beffb_c60e_424e_b003_f6138619e512] Instantiated an idempotent producer.
2025-07-31 15:31:28,519 INFO  [org.apa.kaf.cli.pro.ProducerConfig] (main) These configurations '[apicurio.registry.url, apicurio.registry.artifact-resolver-strategy]' were supplied but are not used yet.
2025-07-31 15:31:28,519 INFO  [org.apa.kaf.com.uti.AppInfoParser] (main) Kafka version: 3.9.0
2025-07-31 15:31:28,519 INFO  [org.apa.kaf.com.uti.AppInfoParser] (main) Kafka commitId: 84caaa6e9da06435
2025-07-31 15:31:28,519 INFO  [org.apa.kaf.com.uti.AppInfoParser] (main) Kafka startTimeMs: 1753975888519
2025-07-31 15:31:28,520 INFO  [org.apa.kaf.cli.pro.ProducerConfig] (main) ProducerConfig values: 
	acks = -1
	auto.include.jmx.reporter = true
	batch.size = 16384
	bootstrap.servers = [PLAINTEXT://localhost:32770]
	buffer.memory = 33554432
	client.dns.lookup = use_all_dns_ips
	client.id = Producer-topic-342d5a9d_549a_411a_abf1_f5f01c26678e
	compression.gzip.level = -1
	compression.lz4.level = 9
	compression.type = none
	compression.zstd.level = 3
	connections.max.idle.ms = 10000
	delivery.timeout.ms = 120000
	enable.idempotence = true
	enable.metrics.push = true
	interceptor.classes = []
	key.serializer = class org.apache.kafka.common.serialization.StringSerializer
	linger.ms = 0
	max.block.ms = 60000
	max.in.flight.requests.per.connection = 5
	max.request.size = 1048576
	metadata.max.age.ms = 300000
	metadata.max.idle.ms = 300000
	metadata.recovery.strategy = none
	metric.reporters = []
	metrics.num.samples = 2
	metrics.recording.level = INFO
	metrics.sample.window.ms = 30000
	partitioner.adaptive.partitioning.enable = true
	partitioner.availability.timeout.ms = 0
	partitioner.class = null
	partitioner.ignore.keys = false
	receive.buffer.bytes = 32768
	reconnect.backoff.max.ms = 1000
	reconnect.backoff.ms = 50
	request.timeout.ms = 5000
	retries = 2147483647
	retry.backoff.max.ms = 1000
	retry.backoff.ms = 100
	sasl.client.callback.handler.class = null
	sasl.jaas.config = null
	sasl.kerberos.kinit.cmd = /usr/bin/kinit
	sasl.kerberos.min.time.before.relogin = 60000
	sasl.kerberos.service.name = null
	sasl.kerberos.ticket.renew.jitter = 0.05
	sasl.kerberos.ticket.renew.window.factor = 0.8
	sasl.login.callback.handler.class = null
	sasl.login.class = null
	sasl.login.connect.timeout.ms = null
	sasl.login.read.timeout.ms = null
	sasl.login.refresh.buffer.seconds = 300
	sasl.login.refresh.min.period.seconds = 60
	sasl.login.refresh.window.factor = 0.8
	sasl.login.refresh.window.jitter = 0.05
	sasl.login.retry.backoff.max.ms = 10000
	sasl.login.retry.backoff.ms = 100
	sasl.mechanism = GSSAPI
	sasl.oauthbearer.clock.skew.seconds = 30
	sasl.oauthbearer.expected.audience = null
	sasl.oauthbearer.expected.issuer = null
	sasl.oauthbearer.header.urlencode = false
	sasl.oauthbearer.jwks.endpoint.refresh.ms = 3600000
	sasl.oauthbearer.jwks.endpoint.retry.backoff.max.ms = 10000
	sasl.oauthbearer.jwks.endpoint.retry.backoff.ms = 100
	sasl.oauthbearer.jwks.endpoint.url = null
	sasl.oauthbearer.scope.claim.name = scope
	sasl.oauthbearer.sub.claim.name = sub
	sasl.oauthbearer.token.endpoint.url = null
	security.protocol = PLAINTEXT
	security.providers = null
	send.buffer.bytes = 131072
	socket.connection.setup.timeout.max.ms = 30000
	socket.connection.setup.timeout.ms = 10000
	ssl.cipher.suites = null
	ssl.enabled.protocols = [TLSv1.2, TLSv1.3]
	ssl.endpoint.identification.algorithm = https
	ssl.engine.factory.class = null
	ssl.key.password = null
	ssl.keymanager.algorithm = SunX509
	ssl.keystore.certificate.chain = null
	ssl.keystore.key = null
	ssl.keystore.location = null
	ssl.keystore.password = null
	ssl.keystore.type = JKS
	ssl.protocol = TLSv1.3
	ssl.provider = null
	ssl.secure.random.implementation = null
	ssl.trustmanager.algorithm = PKIX
	ssl.truststore.certificates = null
	ssl.truststore.location = null
	ssl.truststore.password = null
	ssl.truststore.type = JKS
	transaction.timeout.ms = 60000
	transactional.id = null
	value.serializer = class io.apicurio.registry.serde.avro.AvroKafkaSerializer

2025-07-31 15:31:28,521 INFO  [org.apa.kaf.com.tel.int.KafkaMetricsCollector] (main) initializing Kafka metrics collector
2025-07-31 15:31:28,524 INFO  [org.apa.kaf.cli.Metadata] (kafka-producer-network-thread | Producer-topic-f30beffb_c60e_424e_b003_f6138619e512) [Producer clientId=Producer-topic-f30beffb_c60e_424e_b003_f6138619e512] Cluster ID: BgnDnmd_Rn-oXa8M1ygsew
2025-07-31 15:31:28,524 INFO  [org.apa.kaf.cli.pro.int.TransactionManager] (kafka-producer-network-thread | Producer-topic-f30beffb_c60e_424e_b003_f6138619e512) [Producer clientId=Producer-topic-f30beffb_c60e_424e_b003_f6138619e512] ProducerId set to 51 with epoch 0
2025-07-31 15:31:28,525 INFO  [org.apa.kaf.cli.pro.KafkaProducer] (main) [Producer clientId=Producer-topic-342d5a9d_549a_411a_abf1_f5f01c26678e] Instantiated an idempotent producer.
2025-07-31 15:31:28,526 INFO  [org.apa.kaf.cli.pro.ProducerConfig] (main) These configurations '[apicurio.registry.url, apicurio.registry.artifact-resolver-strategy]' were supplied but are not used yet.
2025-07-31 15:31:28,526 INFO  [org.apa.kaf.com.uti.AppInfoParser] (main) Kafka version: 3.9.0
2025-07-31 15:31:28,526 INFO  [org.apa.kaf.com.uti.AppInfoParser] (main) Kafka commitId: 84caaa6e9da06435
2025-07-31 15:31:28,526 INFO  [org.apa.kaf.com.uti.AppInfoParser] (main) Kafka startTimeMs: 1753975888526
2025-07-31 15:31:28,527 INFO  [org.apa.kaf.cli.pro.ProducerConfig] (main) ProducerConfig values: 
	acks = -1
	auto.include.jmx.reporter = true
	batch.size = 16384
	bootstrap.servers = [PLAINTEXT://localhost:32770]
	buffer.memory = 33554432
	client.dns.lookup = use_all_dns_ips
	client.id = Producer-topic-b2e8116e_caa2_4d4d_a250_e50b21652740
	compression.gzip.level = -1
	compression.lz4.level = 9
	compression.type = none
	compression.zstd.level = 3
	connections.max.idle.ms = 10000
	delivery.timeout.ms = 120000
	enable.idempotence = true
	enable.metrics.push = true
	interceptor.classes = []
	key.serializer = class org.apache.kafka.common.serialization.StringSerializer
	linger.ms = 0
	max.block.ms = 60000
	max.in.flight.requests.per.connection = 5
	max.request.size = 1048576
	metadata.max.age.ms = 300000
	metadata.max.idle.ms = 300000
	metadata.recovery.strategy = none
	metric.reporters = []
	metrics.num.samples = 2
	metrics.recording.level = INFO
	metrics.sample.window.ms = 30000
	partitioner.adaptive.partitioning.enable = true
	partitioner.availability.timeout.ms = 0
	partitioner.class = null
	partitioner.ignore.keys = false
	receive.buffer.bytes = 32768
	reconnect.backoff.max.ms = 1000
	reconnect.backoff.ms = 50
	request.timeout.ms = 5000
	retries = 2147483647
	retry.backoff.max.ms = 1000
	retry.backoff.ms = 100
	sasl.client.callback.handler.class = null
	sasl.jaas.config = null
	sasl.kerberos.kinit.cmd = /usr/bin/kinit
	sasl.kerberos.min.time.before.relogin = 60000
	sasl.kerberos.service.name = null
	sasl.kerberos.ticket.renew.jitter = 0.05
	sasl.kerberos.ticket.renew.window.factor = 0.8
	sasl.login.callback.handler.class = null
	sasl.login.class = null
	sasl.login.connect.timeout.ms = null
	sasl.login.read.timeout.ms = null
	sasl.login.refresh.buffer.seconds = 300
	sasl.login.refresh.min.period.seconds = 60
	sasl.login.refresh.window.factor = 0.8
	sasl.login.refresh.window.jitter = 0.05
	sasl.login.retry.backoff.max.ms = 10000
	sasl.login.retry.backoff.ms = 100
	sasl.mechanism = GSSAPI
	sasl.oauthbearer.clock.skew.seconds = 30
	sasl.oauthbearer.expected.audience = null
	sasl.oauthbearer.expected.issuer = null
	sasl.oauthbearer.header.urlencode = false
	sasl.oauthbearer.jwks.endpoint.refresh.ms = 3600000
	sasl.oauthbearer.jwks.endpoint.retry.backoff.max.ms = 10000
	sasl.oauthbearer.jwks.endpoint.retry.backoff.ms = 100
	sasl.oauthbearer.jwks.endpoint.url = null
	sasl.oauthbearer.scope.claim.name = scope
	sasl.oauthbearer.sub.claim.name = sub
	sasl.oauthbearer.token.endpoint.url = null
	security.protocol = PLAINTEXT
	security.providers = null
	send.buffer.bytes = 131072
	socket.connection.setup.timeout.max.ms = 30000
	socket.connection.setup.timeout.ms = 10000
	ssl.cipher.suites = null
	ssl.enabled.protocols = [TLSv1.2, TLSv1.3]
	ssl.endpoint.identification.algorithm = https
	ssl.engine.factory.class = null
	ssl.key.password = null
	ssl.keymanager.algorithm = SunX509
	ssl.keystore.certificate.chain = null
	ssl.keystore.key = null
	ssl.keystore.location = null
	ssl.keystore.password = null
	ssl.keystore.type = JKS
	ssl.protocol = TLSv1.3
	ssl.provider = null
	ssl.secure.random.implementation = null
	ssl.trustmanager.algorithm = PKIX
	ssl.truststore.certificates = null
	ssl.truststore.location = null
	ssl.truststore.password = null
	ssl.truststore.type = JKS
	transaction.timeout.ms = 60000
	transactional.id = null
	value.serializer = class io.apicurio.registry.serde.avro.AvroKafkaSerializer

2025-07-31 15:31:28,527 INFO  [org.apa.kaf.com.tel.int.KafkaMetricsCollector] (main) initializing Kafka metrics collector
2025-07-31 15:31:28,530 INFO  [org.apa.kaf.cli.pro.KafkaProducer] (main) [Producer clientId=Producer-topic-b2e8116e_caa2_4d4d_a250_e50b21652740] Instantiated an idempotent producer.
2025-07-31 15:31:28,531 INFO  [org.apa.kaf.cli.Metadata] (kafka-producer-network-thread | Producer-topic-342d5a9d_549a_411a_abf1_f5f01c26678e) [Producer clientId=Producer-topic-342d5a9d_549a_411a_abf1_f5f01c26678e] Cluster ID: BgnDnmd_Rn-oXa8M1ygsew
2025-07-31 15:31:28,531 INFO  [org.apa.kaf.cli.pro.int.TransactionManager] (kafka-producer-network-thread | Producer-topic-342d5a9d_549a_411a_abf1_f5f01c26678e) [Producer clientId=Producer-topic-342d5a9d_549a_411a_abf1_f5f01c26678e] ProducerId set to 52 with epoch 0
2025-07-31 15:31:28,532 INFO  [org.apa.kaf.cli.pro.ProducerConfig] (main) These configurations '[apicurio.registry.url, apicurio.registry.artifact-resolver-strategy]' were supplied but are not used yet.
2025-07-31 15:31:28,532 INFO  [org.apa.kaf.com.uti.AppInfoParser] (main) Kafka version: 3.9.0
2025-07-31 15:31:28,532 INFO  [org.apa.kaf.com.uti.AppInfoParser] (main) Kafka commitId: 84caaa6e9da06435
2025-07-31 15:31:28,532 INFO  [org.apa.kaf.com.uti.AppInfoParser] (main) Kafka startTimeMs: 1753975888532
2025-07-31 15:31:28,532 INFO  [org.apa.kaf.cli.con.ConsumerConfig] (main) ConsumerConfig values: 
	allow.auto.create.topics = true
	auto.commit.interval.ms = 500
	auto.include.jmx.reporter = true
	auto.offset.reset = earliest
	bootstrap.servers = [PLAINTEXT://localhost:32770]
	check.crcs = true
	client.dns.lookup = use_all_dns_ips
	client.id = consumer-Consumer-topic-f30beffb_c60e_424e_b003_f6138619e512-38
	client.rack = 
	connections.max.idle.ms = 10000
	default.api.timeout.ms = 60000
	enable.auto.commit = true
	enable.metrics.push = true
	exclude.internal.topics = true
	fetch.max.bytes = 52428800
	fetch.max.wait.ms = 500
	fetch.min.bytes = 1
	group.id = Consumer-topic-f30beffb_c60e_424e_b003_f6138619e512
	group.instance.id = null
	group.protocol = classic
	group.remote.assignor = null
	heartbeat.interval.ms = 3000
	interceptor.classes = []
	internal.leave.group.on.close = true
	internal.throw.on.fetch.stable.offset.unsupported = false
	isolation.level = read_uncommitted
	key.deserializer = class org.apache.kafka.common.serialization.StringDeserializer
	max.partition.fetch.bytes = 1048576
	max.poll.interval.ms = 300000
	max.poll.records = 500
	metadata.max.age.ms = 300000
	metadata.recovery.strategy = none
	metric.reporters = []
	metrics.num.samples = 2
	metrics.recording.level = INFO
	metrics.sample.window.ms = 30000
	partition.assignment.strategy = [class org.apache.kafka.clients.consumer.RangeAssignor, class org.apache.kafka.clients.consumer.CooperativeStickyAssignor]
	receive.buffer.bytes = 65536
	reconnect.backoff.max.ms = 1000
	reconnect.backoff.ms = 50
	request.timeout.ms = 5000
	retry.backoff.max.ms = 1000
	retry.backoff.ms = 100
	sasl.client.callback.handler.class = null
	sasl.jaas.config = null
	sasl.kerberos.kinit.cmd = /usr/bin/kinit
	sasl.kerberos.min.time.before.relogin = 60000
	sasl.kerberos.service.name = null
	sasl.kerberos.ticket.renew.jitter = 0.05
	sasl.kerberos.ticket.renew.window.factor = 0.8
	sasl.login.callback.handler.class = null
	sasl.login.class = null
	sasl.login.connect.timeout.ms = null
	sasl.login.read.timeout.ms = null
	sasl.login.refresh.buffer.seconds = 300
	sasl.login.refresh.min.period.seconds = 60
	sasl.login.refresh.window.factor = 0.8
	sasl.login.refresh.window.jitter = 0.05
	sasl.login.retry.backoff.max.ms = 10000
	sasl.login.retry.backoff.ms = 100
	sasl.mechanism = GSSAPI
	sasl.oauthbearer.clock.skew.seconds = 30
	sasl.oauthbearer.expected.audience = null
	sasl.oauthbearer.expected.issuer = null
	sasl.oauthbearer.header.urlencode = false
	sasl.oauthbearer.jwks.endpoint.refresh.ms = 3600000
	sasl.oauthbearer.jwks.endpoint.retry.backoff.max.ms = 10000
	sasl.oauthbearer.jwks.endpoint.retry.backoff.ms = 100
	sasl.oauthbearer.jwks.endpoint.url = null
	sasl.oauthbearer.scope.claim.name = scope
	sasl.oauthbearer.sub.claim.name = sub
	sasl.oauthbearer.token.endpoint.url = null
	security.protocol = PLAINTEXT
	security.providers = null
	send.buffer.bytes = 131072
	session.timeout.ms = 45000
	socket.connection.setup.timeout.max.ms = 30000
	socket.connection.setup.timeout.ms = 10000
	ssl.cipher.suites = null
	ssl.enabled.protocols = [TLSv1.2, TLSv1.3]
	ssl.endpoint.identification.algorithm = https
	ssl.engine.factory.class = null
	ssl.key.password = null
	ssl.keymanager.algorithm = SunX509
	ssl.keystore.certificate.chain = null
	ssl.keystore.key = null
	ssl.keystore.location = null
	ssl.keystore.password = null
	ssl.keystore.type = JKS
	ssl.protocol = TLSv1.3
	ssl.provider = null
	ssl.secure.random.implementation = null
	ssl.trustmanager.algorithm = PKIX
	ssl.truststore.certificates = null
	ssl.truststore.location = null
	ssl.truststore.password = null
	ssl.truststore.type = JKS
	value.deserializer = class io.apicurio.registry.serde.avro.AvroKafkaDeserializer

2025-07-31 15:31:28,532 INFO  [org.apa.kaf.com.tel.int.KafkaMetricsCollector] (main) initializing Kafka metrics collector
2025-07-31 15:31:28,536 INFO  [org.apa.kaf.cli.Metadata] (kafka-producer-network-thread | Producer-topic-b2e8116e_caa2_4d4d_a250_e50b21652740) [Producer clientId=Producer-topic-b2e8116e_caa2_4d4d_a250_e50b21652740] Cluster ID: BgnDnmd_Rn-oXa8M1ygsew
2025-07-31 15:31:28,540 INFO  [org.apa.kaf.cli.pro.int.TransactionManager] (kafka-producer-network-thread | Producer-topic-b2e8116e_caa2_4d4d_a250_e50b21652740) [Producer clientId=Producer-topic-b2e8116e_caa2_4d4d_a250_e50b21652740] ProducerId set to 53 with epoch 0
2025-07-31 15:31:28,539 INFO  [org.apa.kaf.cli.con.ConsumerConfig] (main) These configurations '[apicurio.registry.url]' were supplied but are not used yet.
2025-07-31 15:31:28,540 INFO  [org.apa.kaf.com.uti.AppInfoParser] (main) Kafka version: 3.9.0
2025-07-31 15:31:28,540 INFO  [org.apa.kaf.com.uti.AppInfoParser] (main) Kafka commitId: 84caaa6e9da06435
2025-07-31 15:31:28,540 INFO  [org.apa.kaf.com.uti.AppInfoParser] (main) Kafka startTimeMs: 1753975888540
2025-07-31 15:31:28,540 INFO  [org.apa.kaf.cli.con.ConsumerConfig] (main) ConsumerConfig values: 
	allow.auto.create.topics = true
	auto.commit.interval.ms = 500
	auto.include.jmx.reporter = true
	auto.offset.reset = earliest
	bootstrap.servers = [PLAINTEXT://localhost:32770]
	check.crcs = true
	client.dns.lookup = use_all_dns_ips
	client.id = consumer-Consumer-topic-342d5a9d_549a_411a_abf1_f5f01c26678e-39
	client.rack = 
	connections.max.idle.ms = 10000
	default.api.timeout.ms = 60000
	enable.auto.commit = true
	enable.metrics.push = true
	exclude.internal.topics = true
	fetch.max.bytes = 52428800
	fetch.max.wait.ms = 500
	fetch.min.bytes = 1
	group.id = Consumer-topic-342d5a9d_549a_411a_abf1_f5f01c26678e
	group.instance.id = null
	group.protocol = classic
	group.remote.assignor = null
	heartbeat.interval.ms = 3000
	interceptor.classes = []
	internal.leave.group.on.close = true
	internal.throw.on.fetch.stable.offset.unsupported = false
	isolation.level = read_uncommitted
	key.deserializer = class org.apache.kafka.common.serialization.StringDeserializer
	max.partition.fetch.bytes = 1048576
	max.poll.interval.ms = 300000
	max.poll.records = 500
	metadata.max.age.ms = 300000
	metadata.recovery.strategy = none
	metric.reporters = []
	metrics.num.samples = 2
	metrics.recording.level = INFO
	metrics.sample.window.ms = 30000
	partition.assignment.strategy = [class org.apache.kafka.clients.consumer.RangeAssignor, class org.apache.kafka.clients.consumer.CooperativeStickyAssignor]
	receive.buffer.bytes = 65536
	reconnect.backoff.max.ms = 1000
	reconnect.backoff.ms = 50
	request.timeout.ms = 5000
	retry.backoff.max.ms = 1000
	retry.backoff.ms = 100
	sasl.client.callback.handler.class = null
	sasl.jaas.config = null
	sasl.kerberos.kinit.cmd = /usr/bin/kinit
	sasl.kerberos.min.time.before.relogin = 60000
	sasl.kerberos.service.name = null
	sasl.kerberos.ticket.renew.jitter = 0.05
	sasl.kerberos.ticket.renew.window.factor = 0.8
	sasl.login.callback.handler.class = null
	sasl.login.class = null
	sasl.login.connect.timeout.ms = null
	sasl.login.read.timeout.ms = null
	sasl.login.refresh.buffer.seconds = 300
	sasl.login.refresh.min.period.seconds = 60
	sasl.login.refresh.window.factor = 0.8
	sasl.login.refresh.window.jitter = 0.05
	sasl.login.retry.backoff.max.ms = 10000
	sasl.login.retry.backoff.ms = 100
	sasl.mechanism = GSSAPI
	sasl.oauthbearer.clock.skew.seconds = 30
	sasl.oauthbearer.expected.audience = null
	sasl.oauthbearer.expected.issuer = null
	sasl.oauthbearer.header.urlencode = false
	sasl.oauthbearer.jwks.endpoint.refresh.ms = 3600000
	sasl.oauthbearer.jwks.endpoint.retry.backoff.max.ms = 10000
	sasl.oauthbearer.jwks.endpoint.retry.backoff.ms = 100
	sasl.oauthbearer.jwks.endpoint.url = null
	sasl.oauthbearer.scope.claim.name = scope
	sasl.oauthbearer.sub.claim.name = sub
	sasl.oauthbearer.token.endpoint.url = null
	security.protocol = PLAINTEXT
	security.providers = null
	send.buffer.bytes = 131072
	session.timeout.ms = 45000
	socket.connection.setup.timeout.max.ms = 30000
	socket.connection.setup.timeout.ms = 10000
	ssl.cipher.suites = null
	ssl.enabled.protocols = [TLSv1.2, TLSv1.3]
	ssl.endpoint.identification.algorithm = https
	ssl.engine.factory.class = null
	ssl.key.password = null
	ssl.keymanager.algorithm = SunX509
	ssl.keystore.certificate.chain = null
	ssl.keystore.key = null
	ssl.keystore.location = null
	ssl.keystore.password = null
	ssl.keystore.type = JKS
	ssl.protocol = TLSv1.3
	ssl.provider = null
	ssl.secure.random.implementation = null
	ssl.trustmanager.algorithm = PKIX
	ssl.truststore.certificates = null
	ssl.truststore.location = null
	ssl.truststore.password = null
	ssl.truststore.type = JKS
	value.deserializer = class io.apicurio.registry.serde.avro.AvroKafkaDeserializer

2025-07-31 15:31:28,540 INFO  [org.apa.kaf.com.tel.int.KafkaMetricsCollector] (main) initializing Kafka metrics collector
2025-07-31 15:31:28,547 INFO  [org.apa.kaf.cli.con.ConsumerConfig] (main) These configurations '[apicurio.registry.url]' were supplied but are not used yet.
2025-07-31 15:31:28,547 INFO  [org.apa.kaf.com.uti.AppInfoParser] (main) Kafka version: 3.9.0
2025-07-31 15:31:28,547 INFO  [org.apa.kaf.com.uti.AppInfoParser] (main) Kafka commitId: 84caaa6e9da06435
2025-07-31 15:31:28,547 INFO  [org.apa.kaf.com.uti.AppInfoParser] (main) Kafka startTimeMs: 1753975888547
2025-07-31 15:31:28,547 INFO  [org.apa.kaf.cli.con.ConsumerConfig] (main) ConsumerConfig values: 
	allow.auto.create.topics = true
	auto.commit.interval.ms = 500
	auto.include.jmx.reporter = true
	auto.offset.reset = earliest
	bootstrap.servers = [PLAINTEXT://localhost:32770]
	check.crcs = true
	client.dns.lookup = use_all_dns_ips
	client.id = consumer-Consumer-topic-b2e8116e_caa2_4d4d_a250_e50b21652740-40
	client.rack = 
	connections.max.idle.ms = 10000
	default.api.timeout.ms = 60000
	enable.auto.commit = true
	enable.metrics.push = true
	exclude.internal.topics = true
	fetch.max.bytes = 52428800
	fetch.max.wait.ms = 500
	fetch.min.bytes = 1
	group.id = Consumer-topic-b2e8116e_caa2_4d4d_a250_e50b21652740
	group.instance.id = null
	group.protocol = classic
	group.remote.assignor = null
	heartbeat.interval.ms = 3000
	interceptor.classes = []
	internal.leave.group.on.close = true
	internal.throw.on.fetch.stable.offset.unsupported = false
	isolation.level = read_uncommitted
	key.deserializer = class org.apache.kafka.common.serialization.StringDeserializer
	max.partition.fetch.bytes = 1048576
	max.poll.interval.ms = 300000
	max.poll.records = 500
	metadata.max.age.ms = 300000
	metadata.recovery.strategy = none
	metric.reporters = []
	metrics.num.samples = 2
	metrics.recording.level = INFO
	metrics.sample.window.ms = 30000
	partition.assignment.strategy = [class org.apache.kafka.clients.consumer.RangeAssignor, class org.apache.kafka.clients.consumer.CooperativeStickyAssignor]
	receive.buffer.bytes = 65536
	reconnect.backoff.max.ms = 1000
	reconnect.backoff.ms = 50
	request.timeout.ms = 5000
	retry.backoff.max.ms = 1000
	retry.backoff.ms = 100
	sasl.client.callback.handler.class = null
	sasl.jaas.config = null
	sasl.kerberos.kinit.cmd = /usr/bin/kinit
	sasl.kerberos.min.time.before.relogin = 60000
	sasl.kerberos.service.name = null
	sasl.kerberos.ticket.renew.jitter = 0.05
	sasl.kerberos.ticket.renew.window.factor = 0.8
	sasl.login.callback.handler.class = null
	sasl.login.class = null
	sasl.login.connect.timeout.ms = null
	sasl.login.read.timeout.ms = null
	sasl.login.refresh.buffer.seconds = 300
	sasl.login.refresh.min.period.seconds = 60
	sasl.login.refresh.window.factor = 0.8
	sasl.login.refresh.window.jitter = 0.05
	sasl.login.retry.backoff.max.ms = 10000
	sasl.login.retry.backoff.ms = 100
	sasl.mechanism = GSSAPI
	sasl.oauthbearer.clock.skew.seconds = 30
	sasl.oauthbearer.expected.audience = null
	sasl.oauthbearer.expected.issuer = null
	sasl.oauthbearer.header.urlencode = false
	sasl.oauthbearer.jwks.endpoint.refresh.ms = 3600000
	sasl.oauthbearer.jwks.endpoint.retry.backoff.max.ms = 10000
	sasl.oauthbearer.jwks.endpoint.retry.backoff.ms = 100
	sasl.oauthbearer.jwks.endpoint.url = null
	sasl.oauthbearer.scope.claim.name = scope
	sasl.oauthbearer.sub.claim.name = sub
	sasl.oauthbearer.token.endpoint.url = null
	security.protocol = PLAINTEXT
	security.providers = null
	send.buffer.bytes = 131072
	session.timeout.ms = 45000
	socket.connection.setup.timeout.max.ms = 30000
	socket.connection.setup.timeout.ms = 10000
	ssl.cipher.suites = null
	ssl.enabled.protocols = [TLSv1.2, TLSv1.3]
	ssl.endpoint.identification.algorithm = https
	ssl.engine.factory.class = null
	ssl.key.password = null
	ssl.keymanager.algorithm = SunX509
	ssl.keystore.certificate.chain = null
	ssl.keystore.key = null
	ssl.keystore.location = null
	ssl.keystore.password = null
	ssl.keystore.type = JKS
	ssl.protocol = TLSv1.3
	ssl.provider = null
	ssl.secure.random.implementation = null
	ssl.trustmanager.algorithm = PKIX
	ssl.truststore.certificates = null
	ssl.truststore.location = null
	ssl.truststore.password = null
	ssl.truststore.type = JKS
	value.deserializer = class io.apicurio.registry.serde.avro.AvroKafkaDeserializer

2025-07-31 15:31:28,548 INFO  [org.apa.kaf.com.tel.int.KafkaMetricsCollector] (main) initializing Kafka metrics collector
2025-07-31 15:31:28,552 INFO  [org.apa.kaf.cli.con.ConsumerConfig] (main) These configurations '[apicurio.registry.url]' were supplied but are not used yet.
2025-07-31 15:31:28,553 INFO  [org.apa.kaf.com.uti.AppInfoParser] (main) Kafka version: 3.9.0
2025-07-31 15:31:28,553 INFO  [org.apa.kaf.com.uti.AppInfoParser] (main) Kafka commitId: 84caaa6e9da06435
2025-07-31 15:31:28,553 INFO  [org.apa.kaf.com.uti.AppInfoParser] (main) Kafka startTimeMs: 1753975888552
2025-07-31 15:31:28,553 INFO  [io.api.tes.ser.api.KafkaSerdesTester] (Thread-415) Sending message {"key1": "value-0"} to topic topic-f30beffb_c60e_424e_b003_f6138619e512
2025-07-31 15:31:28,557 INFO  [DefaultSchemaResolver] (Thread-415) Retrieving schema content using string: {"type":"record","name":"myrecordconfluent6","fields":[{"name":"key1","type":"string"}]}
2025-07-31 15:31:28,581 INFO  [io.api.tes.ser.api.KafkaSerdesTester] (Thread-415) Sending message {"key1": "value-1"} to topic topic-f30beffb_c60e_424e_b003_f6138619e512
2025-07-31 15:31:28,582 INFO  [io.api.tes.ser.api.KafkaSerdesTester] (Thread-415) Sending message {"key1": "value-2"} to topic topic-f30beffb_c60e_424e_b003_f6138619e512
2025-07-31 15:31:28,584 INFO  [io.api.tes.ser.api.KafkaSerdesTester] (Thread-415) Sending message {"key1": "value-3"} to topic topic-f30beffb_c60e_424e_b003_f6138619e512
2025-07-31 15:31:28,585 INFO  [io.api.tes.ser.api.KafkaSerdesTester] (Thread-415) Sending message {"key1": "value-4"} to topic topic-f30beffb_c60e_424e_b003_f6138619e512
2025-07-31 15:31:28,586 INFO  [io.api.tes.ser.api.KafkaSerdesTester] (Thread-415) Sending message {"key1": "value-5"} to topic topic-f30beffb_c60e_424e_b003_f6138619e512
2025-07-31 15:31:28,587 INFO  [io.api.tes.ser.api.KafkaSerdesTester] (Thread-415) Sending message {"key1": "value-6"} to topic topic-f30beffb_c60e_424e_b003_f6138619e512
2025-07-31 15:31:28,588 INFO  [io.api.tes.ser.api.KafkaSerdesTester] (Thread-415) Sending message {"key1": "value-7"} to topic topic-f30beffb_c60e_424e_b003_f6138619e512
2025-07-31 15:31:28,589 INFO  [io.api.tes.ser.api.KafkaSerdesTester] (Thread-415) Sending message {"key1": "value-8"} to topic topic-f30beffb_c60e_424e_b003_f6138619e512
2025-07-31 15:31:28,590 INFO  [io.api.tes.ser.api.KafkaSerdesTester] (Thread-415) Sending message {"key1": "value-9"} to topic topic-f30beffb_c60e_424e_b003_f6138619e512
2025-07-31 15:31:28,592 INFO  [io.api.tes.ser.api.KafkaSerdesTester] (Thread-415) Produced 10 messages
2025-07-31 15:31:28,592 INFO  [org.apa.kaf.cli.pro.KafkaProducer] (Thread-415) [Producer clientId=Producer-topic-f30beffb_c60e_424e_b003_f6138619e512] Closing the Kafka producer with timeoutMillis = 9223372036854775807 ms.
2025-07-31 15:31:28,594 INFO  [org.apa.kaf.com.met.Metrics] (Thread-415) Metrics scheduler closed
2025-07-31 15:31:28,594 INFO  [org.apa.kaf.com.met.Metrics] (Thread-415) Closing reporter org.apache.kafka.common.metrics.JmxReporter
2025-07-31 15:31:28,594 INFO  [org.apa.kaf.com.met.Metrics] (Thread-415) Closing reporter org.apache.kafka.common.telemetry.internals.ClientTelemetryReporter
2025-07-31 15:31:28,594 INFO  [org.apa.kaf.com.met.Metrics] (Thread-415) Metrics reporters closed
2025-07-31 15:31:28,594 INFO  [org.apa.kaf.com.uti.AppInfoParser] (Thread-415) App info kafka.producer for Producer-topic-f30beffb_c60e_424e_b003_f6138619e512 unregistered
2025-07-31 15:31:28,597 INFO  [io.api.tes.ser.api.KafkaSerdesTester] (Thread-416) Sending message {"key1": "value-0"} to topic topic-342d5a9d_549a_411a_abf1_f5f01c26678e
2025-07-31 15:31:28,601 INFO  [DefaultSchemaResolver] (Thread-416) Retrieving schema content using string: {"type":"record","name":"myrecordconfluent6","fields":[{"name":"key1","type":"string"}]}
2025-07-31 15:31:28,624 INFO  [io.api.tes.ser.api.KafkaSerdesTester] (Thread-416) Sending message {"key1": "value-1"} to topic topic-342d5a9d_549a_411a_abf1_f5f01c26678e
2025-07-31 15:31:28,626 INFO  [io.api.tes.ser.api.KafkaSerdesTester] (Thread-416) Sending message {"key1": "value-2"} to topic topic-342d5a9d_549a_411a_abf1_f5f01c26678e
2025-07-31 15:31:28,627 INFO  [io.api.tes.ser.api.KafkaSerdesTester] (Thread-416) Sending message {"key1": "value-3"} to topic topic-342d5a9d_549a_411a_abf1_f5f01c26678e
2025-07-31 15:31:28,629 INFO  [io.api.tes.ser.api.KafkaSerdesTester] (Thread-416) Sending message {"key1": "value-4"} to topic topic-342d5a9d_549a_411a_abf1_f5f01c26678e
2025-07-31 15:31:28,630 INFO  [io.api.tes.ser.api.KafkaSerdesTester] (Thread-416) Sending message {"key1": "value-5"} to topic topic-342d5a9d_549a_411a_abf1_f5f01c26678e
2025-07-31 15:31:28,630 INFO  [io.api.tes.ser.api.KafkaSerdesTester] (Thread-416) Sending message {"key1": "value-6"} to topic topic-342d5a9d_549a_411a_abf1_f5f01c26678e
2025-07-31 15:31:28,631 INFO  [io.api.tes.ser.api.KafkaSerdesTester] (Thread-416) Sending message {"key1": "value-7"} to topic topic-342d5a9d_549a_411a_abf1_f5f01c26678e
2025-07-31 15:31:28,632 INFO  [io.api.tes.ser.api.KafkaSerdesTester] (Thread-416) Sending message {"key1": "value-8"} to topic topic-342d5a9d_549a_411a_abf1_f5f01c26678e
2025-07-31 15:31:28,639 INFO  [io.api.tes.ser.api.KafkaSerdesTester] (Thread-416) Sending message {"key1": "value-9"} to topic topic-342d5a9d_549a_411a_abf1_f5f01c26678e
2025-07-31 15:31:28,643 INFO  [io.api.tes.ser.api.KafkaSerdesTester] (Thread-416) Produced 10 messages
2025-07-31 15:31:28,643 INFO  [org.apa.kaf.cli.pro.KafkaProducer] (Thread-416) [Producer clientId=Producer-topic-342d5a9d_549a_411a_abf1_f5f01c26678e] Closing the Kafka producer with timeoutMillis = 9223372036854775807 ms.
2025-07-31 15:31:28,645 INFO  [org.apa.kaf.com.met.Metrics] (Thread-416) Metrics scheduler closed
2025-07-31 15:31:28,645 INFO  [org.apa.kaf.com.met.Metrics] (Thread-416) Closing reporter org.apache.kafka.common.metrics.JmxReporter
2025-07-31 15:31:28,645 INFO  [org.apa.kaf.com.met.Metrics] (Thread-416) Closing reporter org.apache.kafka.common.telemetry.internals.ClientTelemetryReporter
2025-07-31 15:31:28,645 INFO  [org.apa.kaf.com.met.Metrics] (Thread-416) Metrics reporters closed
2025-07-31 15:31:28,646 INFO  [org.apa.kaf.com.uti.AppInfoParser] (Thread-416) App info kafka.producer for Producer-topic-342d5a9d_549a_411a_abf1_f5f01c26678e unregistered
2025-07-31 15:31:28,653 INFO  [io.api.tes.ser.api.KafkaSerdesTester] (Thread-417) Sending message {"key1": "value-0"} to topic topic-b2e8116e_caa2_4d4d_a250_e50b21652740
2025-07-31 15:31:28,659 INFO  [DefaultSchemaResolver] (Thread-417) Retrieving schema content using string: {"type":"record","name":"myrecordconfluent6","fields":[{"name":"key1","type":"string"}]}
2025-07-31 15:31:28,683 INFO  [io.api.tes.ser.api.KafkaSerdesTester] (Thread-417) Sending message {"key1": "value-1"} to topic topic-b2e8116e_caa2_4d4d_a250_e50b21652740
2025-07-31 15:31:28,684 INFO  [io.api.tes.ser.api.KafkaSerdesTester] (Thread-417) Sending message {"key1": "value-2"} to topic topic-b2e8116e_caa2_4d4d_a250_e50b21652740
2025-07-31 15:31:28,685 INFO  [io.api.tes.ser.api.KafkaSerdesTester] (Thread-417) Sending message {"key1": "value-3"} to topic topic-b2e8116e_caa2_4d4d_a250_e50b21652740
2025-07-31 15:31:28,686 INFO  [io.api.tes.ser.api.KafkaSerdesTester] (Thread-417) Sending message {"key1": "value-4"} to topic topic-b2e8116e_caa2_4d4d_a250_e50b21652740
2025-07-31 15:31:28,688 INFO  [io.api.tes.ser.api.KafkaSerdesTester] (Thread-417) Sending message {"key1": "value-5"} to topic topic-b2e8116e_caa2_4d4d_a250_e50b21652740
2025-07-31 15:31:28,688 INFO  [io.api.tes.ser.api.KafkaSerdesTester] (Thread-417) Sending message {"key1": "value-6"} to topic topic-b2e8116e_caa2_4d4d_a250_e50b21652740
2025-07-31 15:31:28,689 INFO  [io.api.tes.ser.api.KafkaSerdesTester] (Thread-417) Sending message {"key1": "value-7"} to topic topic-b2e8116e_caa2_4d4d_a250_e50b21652740
2025-07-31 15:31:28,691 INFO  [io.api.tes.ser.api.KafkaSerdesTester] (Thread-417) Sending message {"key1": "value-8"} to topic topic-b2e8116e_caa2_4d4d_a250_e50b21652740
2025-07-31 15:31:28,692 INFO  [io.api.tes.ser.api.KafkaSerdesTester] (Thread-417) Sending message {"key1": "value-9"} to topic topic-b2e8116e_caa2_4d4d_a250_e50b21652740
2025-07-31 15:31:28,692 INFO  [io.api.tes.ser.api.KafkaSerdesTester] (Thread-417) Produced 10 messages
2025-07-31 15:31:28,692 INFO  [org.apa.kaf.cli.pro.KafkaProducer] (Thread-417) [Producer clientId=Producer-topic-b2e8116e_caa2_4d4d_a250_e50b21652740] Closing the Kafka producer with timeoutMillis = 9223372036854775807 ms.
2025-07-31 15:31:28,695 INFO  [org.apa.kaf.com.met.Metrics] (Thread-417) Metrics scheduler closed
2025-07-31 15:31:28,695 INFO  [org.apa.kaf.com.met.Metrics] (Thread-417) Closing reporter org.apache.kafka.common.metrics.JmxReporter
2025-07-31 15:31:28,695 INFO  [org.apa.kaf.com.met.Metrics] (Thread-417) Closing reporter org.apache.kafka.common.telemetry.internals.ClientTelemetryReporter
2025-07-31 15:31:28,695 INFO  [org.apa.kaf.com.met.Metrics] (Thread-417) Metrics reporters closed
2025-07-31 15:31:28,695 INFO  [org.apa.kaf.com.uti.AppInfoParser] (Thread-417) App info kafka.producer for Producer-topic-b2e8116e_caa2_4d4d_a250_e50b21652740 unregistered
2025-07-31 15:31:28,696 INFO  [org.apa.kaf.cli.con.int.ClassicKafkaConsumer] (Thread-418) [Consumer clientId=consumer-Consumer-topic-f30beffb_c60e_424e_b003_f6138619e512-38, groupId=Consumer-topic-f30beffb_c60e_424e_b003_f6138619e512] Subscribed to topic(s): topic-f30beffb_c60e_424e_b003_f6138619e512
2025-07-31 15:31:28,703 INFO  [org.apa.kaf.cli.Metadata] (Thread-418) [Consumer clientId=consumer-Consumer-topic-f30beffb_c60e_424e_b003_f6138619e512-38, groupId=Consumer-topic-f30beffb_c60e_424e_b003_f6138619e512] Cluster ID: BgnDnmd_Rn-oXa8M1ygsew
2025-07-31 15:31:28,706 INFO  [org.apa.kaf.cli.con.int.ConsumerCoordinator] (Thread-418) [Consumer clientId=consumer-Consumer-topic-f30beffb_c60e_424e_b003_f6138619e512-38, groupId=Consumer-topic-f30beffb_c60e_424e_b003_f6138619e512] Discovered group coordinator localhost:32770 (id: 2147483647 rack: null)
2025-07-31 15:31:28,708 INFO  [org.apa.kaf.cli.con.int.ConsumerCoordinator] (Thread-418) [Consumer clientId=consumer-Consumer-topic-f30beffb_c60e_424e_b003_f6138619e512-38, groupId=Consumer-topic-f30beffb_c60e_424e_b003_f6138619e512] (Re-)joining group
2025-07-31 15:31:28,710 INFO  [org.apa.kaf.cli.con.int.ConsumerCoordinator] (Thread-418) [Consumer clientId=consumer-Consumer-topic-f30beffb_c60e_424e_b003_f6138619e512-38, groupId=Consumer-topic-f30beffb_c60e_424e_b003_f6138619e512] Request joining group due to: need to re-join with the given member-id: consumer-Consumer-topic-f30beffb_c60e_424e_b003_f6138619e512-38-d52fe3af-8c6e-4128-b566-8beeb79a582f
2025-07-31 15:31:28,710 INFO  [org.apa.kaf.cli.con.int.ConsumerCoordinator] (Thread-418) [Consumer clientId=consumer-Consumer-topic-f30beffb_c60e_424e_b003_f6138619e512-38, groupId=Consumer-topic-f30beffb_c60e_424e_b003_f6138619e512] (Re-)joining group
2025-07-31 15:31:28,712 INFO  [org.apa.kaf.cli.con.int.ConsumerCoordinator] (Thread-418) [Consumer clientId=consumer-Consumer-topic-f30beffb_c60e_424e_b003_f6138619e512-38, groupId=Consumer-topic-f30beffb_c60e_424e_b003_f6138619e512] Successfully joined group with generation Generation{generationId=1, memberId='consumer-Consumer-topic-f30beffb_c60e_424e_b003_f6138619e512-38-d52fe3af-8c6e-4128-b566-8beeb79a582f', protocol='range'}
2025-07-31 15:31:28,712 INFO  [org.apa.kaf.cli.con.int.ConsumerCoordinator] (Thread-418) [Consumer clientId=consumer-Consumer-topic-f30beffb_c60e_424e_b003_f6138619e512-38, groupId=Consumer-topic-f30beffb_c60e_424e_b003_f6138619e512] Finished assignment for group at generation 1: {consumer-Consumer-topic-f30beffb_c60e_424e_b003_f6138619e512-38-d52fe3af-8c6e-4128-b566-8beeb79a582f=Assignment(partitions=[topic-f30beffb_c60e_424e_b003_f6138619e512-0])}
2025-07-31 15:31:28,714 INFO  [org.apa.kaf.cli.con.int.ConsumerCoordinator] (Thread-418) [Consumer clientId=consumer-Consumer-topic-f30beffb_c60e_424e_b003_f6138619e512-38, groupId=Consumer-topic-f30beffb_c60e_424e_b003_f6138619e512] Successfully synced group in generation Generation{generationId=1, memberId='consumer-Consumer-topic-f30beffb_c60e_424e_b003_f6138619e512-38-d52fe3af-8c6e-4128-b566-8beeb79a582f', protocol='range'}
2025-07-31 15:31:28,714 INFO  [org.apa.kaf.cli.con.int.ConsumerCoordinator] (Thread-418) [Consumer clientId=consumer-Consumer-topic-f30beffb_c60e_424e_b003_f6138619e512-38, groupId=Consumer-topic-f30beffb_c60e_424e_b003_f6138619e512] Notifying assignor about the new Assignment(partitions=[topic-f30beffb_c60e_424e_b003_f6138619e512-0])
2025-07-31 15:31:28,714 INFO  [org.apa.kaf.cli.con.int.ConsumerRebalanceListenerInvoker] (Thread-418) [Consumer clientId=consumer-Consumer-topic-f30beffb_c60e_424e_b003_f6138619e512-38, groupId=Consumer-topic-f30beffb_c60e_424e_b003_f6138619e512] Adding newly assigned partitions: topic-f30beffb_c60e_424e_b003_f6138619e512-0
2025-07-31 15:31:28,715 INFO  [org.apa.kaf.cli.con.int.ConsumerCoordinator] (Thread-418) [Consumer clientId=consumer-Consumer-topic-f30beffb_c60e_424e_b003_f6138619e512-38, groupId=Consumer-topic-f30beffb_c60e_424e_b003_f6138619e512] Found no committed offset for partition topic-f30beffb_c60e_424e_b003_f6138619e512-0
2025-07-31 15:31:28,716 INFO  [org.apa.kaf.cli.con.int.SubscriptionState] (Thread-418) [Consumer clientId=consumer-Consumer-topic-f30beffb_c60e_424e_b003_f6138619e512-38, groupId=Consumer-topic-f30beffb_c60e_424e_b003_f6138619e512] Resetting offset for partition topic-f30beffb_c60e_424e_b003_f6138619e512-0 to position FetchPosition{offset=0, offsetEpoch=Optional.empty, currentLeader=LeaderAndEpoch{leader=Optional[localhost:32770 (id: 0 rack: null)], epoch=0}}.
2025-07-31 15:31:28,748 INFO  [io.api.tes.ser.api.KafkaSerdesTester] (Thread-418) topic-f30beffb_c60e_424e_b003_f6138619e512 0 0 {"key1": "value-0"}
2025-07-31 15:31:28,748 INFO  [io.api.tes.ser.api.KafkaSerdesTester] (Thread-418) topic-f30beffb_c60e_424e_b003_f6138619e512 0 1 {"key1": "value-1"}
2025-07-31 15:31:28,748 INFO  [io.api.tes.ser.api.KafkaSerdesTester] (Thread-418) topic-f30beffb_c60e_424e_b003_f6138619e512 0 2 {"key1": "value-2"}
2025-07-31 15:31:28,748 INFO  [io.api.tes.ser.api.KafkaSerdesTester] (Thread-418) topic-f30beffb_c60e_424e_b003_f6138619e512 0 3 {"key1": "value-3"}
2025-07-31 15:31:28,748 INFO  [io.api.tes.ser.api.KafkaSerdesTester] (Thread-418) topic-f30beffb_c60e_424e_b003_f6138619e512 0 4 {"key1": "value-4"}
2025-07-31 15:31:28,748 INFO  [io.api.tes.ser.api.KafkaSerdesTester] (Thread-418) topic-f30beffb_c60e_424e_b003_f6138619e512 0 5 {"key1": "value-5"}
2025-07-31 15:31:28,748 INFO  [io.api.tes.ser.api.KafkaSerdesTester] (Thread-418) topic-f30beffb_c60e_424e_b003_f6138619e512 0 6 {"key1": "value-6"}
2025-07-31 15:31:28,748 INFO  [io.api.tes.ser.api.KafkaSerdesTester] (Thread-418) topic-f30beffb_c60e_424e_b003_f6138619e512 0 7 {"key1": "value-7"}
2025-07-31 15:31:28,748 INFO  [io.api.tes.ser.api.KafkaSerdesTester] (Thread-418) topic-f30beffb_c60e_424e_b003_f6138619e512 0 8 {"key1": "value-8"}
2025-07-31 15:31:28,748 INFO  [io.api.tes.ser.api.KafkaSerdesTester] (Thread-418) topic-f30beffb_c60e_424e_b003_f6138619e512 0 9 {"key1": "value-9"}
2025-07-31 15:31:28,748 INFO  [io.api.tes.ser.api.KafkaSerdesTester] (Thread-418) Consumed 10 messages
2025-07-31 15:31:28,750 INFO  [org.apa.kaf.cli.con.int.ConsumerRebalanceListenerInvoker] (Thread-418) [Consumer clientId=consumer-Consumer-topic-f30beffb_c60e_424e_b003_f6138619e512-38, groupId=Consumer-topic-f30beffb_c60e_424e_b003_f6138619e512] Revoke previously assigned partitions topic-f30beffb_c60e_424e_b003_f6138619e512-0
2025-07-31 15:31:28,750 INFO  [org.apa.kaf.cli.con.int.ConsumerCoordinator] (Thread-418) [Consumer clientId=consumer-Consumer-topic-f30beffb_c60e_424e_b003_f6138619e512-38, groupId=Consumer-topic-f30beffb_c60e_424e_b003_f6138619e512] Member consumer-Consumer-topic-f30beffb_c60e_424e_b003_f6138619e512-38-d52fe3af-8c6e-4128-b566-8beeb79a582f sending LeaveGroup request to coordinator localhost:32770 (id: 2147483647 rack: null) due to the consumer is being closed
2025-07-31 15:31:28,751 INFO  [org.apa.kaf.cli.con.int.ConsumerCoordinator] (Thread-418) [Consumer clientId=consumer-Consumer-topic-f30beffb_c60e_424e_b003_f6138619e512-38, groupId=Consumer-topic-f30beffb_c60e_424e_b003_f6138619e512] Resetting generation and member id due to: consumer pro-actively leaving the group
2025-07-31 15:31:28,751 INFO  [org.apa.kaf.cli.con.int.ConsumerCoordinator] (Thread-418) [Consumer clientId=consumer-Consumer-topic-f30beffb_c60e_424e_b003_f6138619e512-38, groupId=Consumer-topic-f30beffb_c60e_424e_b003_f6138619e512] Request joining group due to: consumer pro-actively leaving the group
2025-07-31 15:31:29,251 INFO  [org.apa.kaf.com.met.Metrics] (Thread-418) Metrics scheduler closed
2025-07-31 15:31:29,251 INFO  [org.apa.kaf.com.met.Metrics] (Thread-418) Closing reporter org.apache.kafka.common.metrics.JmxReporter
2025-07-31 15:31:29,251 INFO  [org.apa.kaf.com.met.Metrics] (Thread-418) Closing reporter org.apache.kafka.common.telemetry.internals.ClientTelemetryReporter
2025-07-31 15:31:29,251 INFO  [org.apa.kaf.com.met.Metrics] (Thread-418) Metrics reporters closed
2025-07-31 15:31:29,252 INFO  [org.apa.kaf.com.uti.AppInfoParser] (Thread-418) App info kafka.consumer for consumer-Consumer-topic-f30beffb_c60e_424e_b003_f6138619e512-38 unregistered
2025-07-31 15:31:29,254 INFO  [org.apa.kaf.cli.con.int.ClassicKafkaConsumer] (Thread-419) [Consumer clientId=consumer-Consumer-topic-342d5a9d_549a_411a_abf1_f5f01c26678e-39, groupId=Consumer-topic-342d5a9d_549a_411a_abf1_f5f01c26678e] Subscribed to topic(s): topic-342d5a9d_549a_411a_abf1_f5f01c26678e
2025-07-31 15:31:29,258 INFO  [org.apa.kaf.cli.Metadata] (Thread-419) [Consumer clientId=consumer-Consumer-topic-342d5a9d_549a_411a_abf1_f5f01c26678e-39, groupId=Consumer-topic-342d5a9d_549a_411a_abf1_f5f01c26678e] Cluster ID: BgnDnmd_Rn-oXa8M1ygsew
2025-07-31 15:31:29,260 INFO  [org.apa.kaf.cli.con.int.ConsumerCoordinator] (Thread-419) [Consumer clientId=consumer-Consumer-topic-342d5a9d_549a_411a_abf1_f5f01c26678e-39, groupId=Consumer-topic-342d5a9d_549a_411a_abf1_f5f01c26678e] Discovered group coordinator localhost:32770 (id: 2147483647 rack: null)
2025-07-31 15:31:29,262 INFO  [org.apa.kaf.cli.con.int.ConsumerCoordinator] (Thread-419) [Consumer clientId=consumer-Consumer-topic-342d5a9d_549a_411a_abf1_f5f01c26678e-39, groupId=Consumer-topic-342d5a9d_549a_411a_abf1_f5f01c26678e] (Re-)joining group
2025-07-31 15:31:29,265 INFO  [org.apa.kaf.cli.con.int.ConsumerCoordinator] (Thread-419) [Consumer clientId=consumer-Consumer-topic-342d5a9d_549a_411a_abf1_f5f01c26678e-39, groupId=Consumer-topic-342d5a9d_549a_411a_abf1_f5f01c26678e] Request joining group due to: need to re-join with the given member-id: consumer-Consumer-topic-342d5a9d_549a_411a_abf1_f5f01c26678e-39-c45693b3-2853-4289-9d06-29a4c658dc95
2025-07-31 15:31:29,265 INFO  [org.apa.kaf.cli.con.int.ConsumerCoordinator] (Thread-419) [Consumer clientId=consumer-Consumer-topic-342d5a9d_549a_411a_abf1_f5f01c26678e-39, groupId=Consumer-topic-342d5a9d_549a_411a_abf1_f5f01c26678e] (Re-)joining group
2025-07-31 15:31:29,267 INFO  [org.apa.kaf.cli.con.int.ConsumerCoordinator] (Thread-419) [Consumer clientId=consumer-Consumer-topic-342d5a9d_549a_411a_abf1_f5f01c26678e-39, groupId=Consumer-topic-342d5a9d_549a_411a_abf1_f5f01c26678e] Successfully joined group with generation Generation{generationId=1, memberId='consumer-Consumer-topic-342d5a9d_549a_411a_abf1_f5f01c26678e-39-c45693b3-2853-4289-9d06-29a4c658dc95', protocol='range'}
2025-07-31 15:31:29,267 INFO  [org.apa.kaf.cli.con.int.ConsumerCoordinator] (Thread-419) [Consumer clientId=consumer-Consumer-topic-342d5a9d_549a_411a_abf1_f5f01c26678e-39, groupId=Consumer-topic-342d5a9d_549a_411a_abf1_f5f01c26678e] Finished assignment for group at generation 1: {consumer-Consumer-topic-342d5a9d_549a_411a_abf1_f5f01c26678e-39-c45693b3-2853-4289-9d06-29a4c658dc95=Assignment(partitions=[topic-342d5a9d_549a_411a_abf1_f5f01c26678e-0])}
2025-07-31 15:31:29,269 INFO  [org.apa.kaf.cli.con.int.ConsumerCoordinator] (Thread-419) [Consumer clientId=consumer-Consumer-topic-342d5a9d_549a_411a_abf1_f5f01c26678e-39, groupId=Consumer-topic-342d5a9d_549a_411a_abf1_f5f01c26678e] Successfully synced group in generation Generation{generationId=1, memberId='consumer-Consumer-topic-342d5a9d_549a_411a_abf1_f5f01c26678e-39-c45693b3-2853-4289-9d06-29a4c658dc95', protocol='range'}
2025-07-31 15:31:29,269 INFO  [org.apa.kaf.cli.con.int.ConsumerCoordinator] (Thread-419) [Consumer clientId=consumer-Consumer-topic-342d5a9d_549a_411a_abf1_f5f01c26678e-39, groupId=Consumer-topic-342d5a9d_549a_411a_abf1_f5f01c26678e] Notifying assignor about the new Assignment(partitions=[topic-342d5a9d_549a_411a_abf1_f5f01c26678e-0])
2025-07-31 15:31:29,269 INFO  [org.apa.kaf.cli.con.int.ConsumerRebalanceListenerInvoker] (Thread-419) [Consumer clientId=consumer-Consumer-topic-342d5a9d_549a_411a_abf1_f5f01c26678e-39, groupId=Consumer-topic-342d5a9d_549a_411a_abf1_f5f01c26678e] Adding newly assigned partitions: topic-342d5a9d_549a_411a_abf1_f5f01c26678e-0
2025-07-31 15:31:29,270 INFO  [org.apa.kaf.cli.con.int.ConsumerCoordinator] (Thread-419) [Consumer clientId=consumer-Consumer-topic-342d5a9d_549a_411a_abf1_f5f01c26678e-39, groupId=Consumer-topic-342d5a9d_549a_411a_abf1_f5f01c26678e] Found no committed offset for partition topic-342d5a9d_549a_411a_abf1_f5f01c26678e-0
2025-07-31 15:31:29,270 INFO  [org.apa.kaf.cli.con.int.SubscriptionState] (Thread-419) [Consumer clientId=consumer-Consumer-topic-342d5a9d_549a_411a_abf1_f5f01c26678e-39, groupId=Consumer-topic-342d5a9d_549a_411a_abf1_f5f01c26678e] Resetting offset for partition topic-342d5a9d_549a_411a_abf1_f5f01c26678e-0 to position FetchPosition{offset=0, offsetEpoch=Optional.empty, currentLeader=LeaderAndEpoch{leader=Optional[localhost:32770 (id: 0 rack: null)], epoch=0}}.
2025-07-31 15:31:29,301 INFO  [io.api.tes.ser.api.KafkaSerdesTester] (Thread-419) topic-342d5a9d_549a_411a_abf1_f5f01c26678e 0 0 {"key1": "value-0"}
2025-07-31 15:31:29,301 INFO  [io.api.tes.ser.api.KafkaSerdesTester] (Thread-419) topic-342d5a9d_549a_411a_abf1_f5f01c26678e 0 1 {"key1": "value-1"}
2025-07-31 15:31:29,301 INFO  [io.api.tes.ser.api.KafkaSerdesTester] (Thread-419) topic-342d5a9d_549a_411a_abf1_f5f01c26678e 0 2 {"key1": "value-2"}
2025-07-31 15:31:29,301 INFO  [io.api.tes.ser.api.KafkaSerdesTester] (Thread-419) topic-342d5a9d_549a_411a_abf1_f5f01c26678e 0 3 {"key1": "value-3"}
2025-07-31 15:31:29,301 INFO  [io.api.tes.ser.api.KafkaSerdesTester] (Thread-419) topic-342d5a9d_549a_411a_abf1_f5f01c26678e 0 4 {"key1": "value-4"}
2025-07-31 15:31:29,302 INFO  [io.api.tes.ser.api.KafkaSerdesTester] (Thread-419) topic-342d5a9d_549a_411a_abf1_f5f01c26678e 0 5 {"key1": "value-5"}
2025-07-31 15:31:29,302 INFO  [io.api.tes.ser.api.KafkaSerdesTester] (Thread-419) topic-342d5a9d_549a_411a_abf1_f5f01c26678e 0 6 {"key1": "value-6"}
2025-07-31 15:31:29,302 INFO  [io.api.tes.ser.api.KafkaSerdesTester] (Thread-419) topic-342d5a9d_549a_411a_abf1_f5f01c26678e 0 7 {"key1": "value-7"}
2025-07-31 15:31:29,302 INFO  [io.api.tes.ser.api.KafkaSerdesTester] (Thread-419) topic-342d5a9d_549a_411a_abf1_f5f01c26678e 0 8 {"key1": "value-8"}
2025-07-31 15:31:29,302 INFO  [io.api.tes.ser.api.KafkaSerdesTester] (Thread-419) topic-342d5a9d_549a_411a_abf1_f5f01c26678e 0 9 {"key1": "value-9"}
2025-07-31 15:31:29,302 INFO  [io.api.tes.ser.api.KafkaSerdesTester] (Thread-419) Consumed 10 messages
2025-07-31 15:31:29,305 INFO  [org.apa.kaf.cli.con.int.ConsumerRebalanceListenerInvoker] (Thread-419) [Consumer clientId=consumer-Consumer-topic-342d5a9d_549a_411a_abf1_f5f01c26678e-39, groupId=Consumer-topic-342d5a9d_549a_411a_abf1_f5f01c26678e] Revoke previously assigned partitions topic-342d5a9d_549a_411a_abf1_f5f01c26678e-0
2025-07-31 15:31:29,305 INFO  [org.apa.kaf.cli.con.int.ConsumerCoordinator] (Thread-419) [Consumer clientId=consumer-Consumer-topic-342d5a9d_549a_411a_abf1_f5f01c26678e-39, groupId=Consumer-topic-342d5a9d_549a_411a_abf1_f5f01c26678e] Member consumer-Consumer-topic-342d5a9d_549a_411a_abf1_f5f01c26678e-39-c45693b3-2853-4289-9d06-29a4c658dc95 sending LeaveGroup request to coordinator localhost:32770 (id: 2147483647 rack: null) due to the consumer is being closed
2025-07-31 15:31:29,305 INFO  [org.apa.kaf.cli.con.int.ConsumerCoordinator] (Thread-419) [Consumer clientId=consumer-Consumer-topic-342d5a9d_549a_411a_abf1_f5f01c26678e-39, groupId=Consumer-topic-342d5a9d_549a_411a_abf1_f5f01c26678e] Resetting generation and member id due to: consumer pro-actively leaving the group
2025-07-31 15:31:29,305 INFO  [org.apa.kaf.cli.con.int.ConsumerCoordinator] (Thread-419) [Consumer clientId=consumer-Consumer-topic-342d5a9d_549a_411a_abf1_f5f01c26678e-39, groupId=Consumer-topic-342d5a9d_549a_411a_abf1_f5f01c26678e] Request joining group due to: consumer pro-actively leaving the group
2025-07-31 15:31:29,804 INFO  [org.apa.kaf.com.met.Metrics] (Thread-419) Metrics scheduler closed
2025-07-31 15:31:29,805 INFO  [org.apa.kaf.com.met.Metrics] (Thread-419) Closing reporter org.apache.kafka.common.metrics.JmxReporter
2025-07-31 15:31:29,805 INFO  [org.apa.kaf.com.met.Metrics] (Thread-419) Closing reporter org.apache.kafka.common.telemetry.internals.ClientTelemetryReporter
2025-07-31 15:31:29,805 INFO  [org.apa.kaf.com.met.Metrics] (Thread-419) Metrics reporters closed
2025-07-31 15:31:29,807 INFO  [org.apa.kaf.com.uti.AppInfoParser] (Thread-419) App info kafka.consumer for consumer-Consumer-topic-342d5a9d_549a_411a_abf1_f5f01c26678e-39 unregistered
2025-07-31 15:31:29,809 INFO  [org.apa.kaf.cli.con.int.ClassicKafkaConsumer] (Thread-420) [Consumer clientId=consumer-Consumer-topic-b2e8116e_caa2_4d4d_a250_e50b21652740-40, groupId=Consumer-topic-b2e8116e_caa2_4d4d_a250_e50b21652740] Subscribed to topic(s): topic-b2e8116e_caa2_4d4d_a250_e50b21652740
2025-07-31 15:31:29,813 INFO  [org.apa.kaf.cli.Metadata] (Thread-420) [Consumer clientId=consumer-Consumer-topic-b2e8116e_caa2_4d4d_a250_e50b21652740-40, groupId=Consumer-topic-b2e8116e_caa2_4d4d_a250_e50b21652740] Cluster ID: BgnDnmd_Rn-oXa8M1ygsew
2025-07-31 15:31:29,813 INFO  [org.apa.kaf.cli.con.int.ConsumerCoordinator] (Thread-420) [Consumer clientId=consumer-Consumer-topic-b2e8116e_caa2_4d4d_a250_e50b21652740-40, groupId=Consumer-topic-b2e8116e_caa2_4d4d_a250_e50b21652740] Discovered group coordinator localhost:32770 (id: 2147483647 rack: null)
2025-07-31 15:31:29,814 INFO  [org.apa.kaf.cli.con.int.ConsumerCoordinator] (Thread-420) [Consumer clientId=consumer-Consumer-topic-b2e8116e_caa2_4d4d_a250_e50b21652740-40, groupId=Consumer-topic-b2e8116e_caa2_4d4d_a250_e50b21652740] (Re-)joining group
2025-07-31 15:31:29,816 INFO  [org.apa.kaf.cli.con.int.ConsumerCoordinator] (Thread-420) [Consumer clientId=consumer-Consumer-topic-b2e8116e_caa2_4d4d_a250_e50b21652740-40, groupId=Consumer-topic-b2e8116e_caa2_4d4d_a250_e50b21652740] Request joining group due to: need to re-join with the given member-id: consumer-Consumer-topic-b2e8116e_caa2_4d4d_a250_e50b21652740-40-4e7f04cf-4828-498a-a504-b6cd51b53a8c
2025-07-31 15:31:29,816 INFO  [org.apa.kaf.cli.con.int.ConsumerCoordinator] (Thread-420) [Consumer clientId=consumer-Consumer-topic-b2e8116e_caa2_4d4d_a250_e50b21652740-40, groupId=Consumer-topic-b2e8116e_caa2_4d4d_a250_e50b21652740] (Re-)joining group
2025-07-31 15:31:29,817 INFO  [org.apa.kaf.cli.con.int.ConsumerCoordinator] (Thread-420) [Consumer clientId=consumer-Consumer-topic-b2e8116e_caa2_4d4d_a250_e50b21652740-40, groupId=Consumer-topic-b2e8116e_caa2_4d4d_a250_e50b21652740] Successfully joined group with generation Generation{generationId=1, memberId='consumer-Consumer-topic-b2e8116e_caa2_4d4d_a250_e50b21652740-40-4e7f04cf-4828-498a-a504-b6cd51b53a8c', protocol='range'}
2025-07-31 15:31:29,818 INFO  [org.apa.kaf.cli.con.int.ConsumerCoordinator] (Thread-420) [Consumer clientId=consumer-Consumer-topic-b2e8116e_caa2_4d4d_a250_e50b21652740-40, groupId=Consumer-topic-b2e8116e_caa2_4d4d_a250_e50b21652740] Finished assignment for group at generation 1: {consumer-Consumer-topic-b2e8116e_caa2_4d4d_a250_e50b21652740-40-4e7f04cf-4828-498a-a504-b6cd51b53a8c=Assignment(partitions=[topic-b2e8116e_caa2_4d4d_a250_e50b21652740-0])}
2025-07-31 15:31:29,819 INFO  [org.apa.kaf.cli.con.int.ConsumerCoordinator] (Thread-420) [Consumer clientId=consumer-Consumer-topic-b2e8116e_caa2_4d4d_a250_e50b21652740-40, groupId=Consumer-topic-b2e8116e_caa2_4d4d_a250_e50b21652740] Successfully synced group in generation Generation{generationId=1, memberId='consumer-Consumer-topic-b2e8116e_caa2_4d4d_a250_e50b21652740-40-4e7f04cf-4828-498a-a504-b6cd51b53a8c', protocol='range'}
2025-07-31 15:31:29,819 INFO  [org.apa.kaf.cli.con.int.ConsumerCoordinator] (Thread-420) [Consumer clientId=consumer-Consumer-topic-b2e8116e_caa2_4d4d_a250_e50b21652740-40, groupId=Consumer-topic-b2e8116e_caa2_4d4d_a250_e50b21652740] Notifying assignor about the new Assignment(partitions=[topic-b2e8116e_caa2_4d4d_a250_e50b21652740-0])
2025-07-31 15:31:29,819 INFO  [org.apa.kaf.cli.con.int.ConsumerRebalanceListenerInvoker] (Thread-420) [Consumer clientId=consumer-Consumer-topic-b2e8116e_caa2_4d4d_a250_e50b21652740-40, groupId=Consumer-topic-b2e8116e_caa2_4d4d_a250_e50b21652740] Adding newly assigned partitions: topic-b2e8116e_caa2_4d4d_a250_e50b21652740-0
2025-07-31 15:31:29,820 INFO  [org.apa.kaf.cli.con.int.ConsumerCoordinator] (Thread-420) [Consumer clientId=consumer-Consumer-topic-b2e8116e_caa2_4d4d_a250_e50b21652740-40, groupId=Consumer-topic-b2e8116e_caa2_4d4d_a250_e50b21652740] Found no committed offset for partition topic-b2e8116e_caa2_4d4d_a250_e50b21652740-0
2025-07-31 15:31:29,823 INFO  [org.apa.kaf.cli.con.int.SubscriptionState] (Thread-420) [Consumer clientId=consumer-Consumer-topic-b2e8116e_caa2_4d4d_a250_e50b21652740-40, groupId=Consumer-topic-b2e8116e_caa2_4d4d_a250_e50b21652740] Resetting offset for partition topic-b2e8116e_caa2_4d4d_a250_e50b21652740-0 to position FetchPosition{offset=0, offsetEpoch=Optional.empty, currentLeader=LeaderAndEpoch{leader=Optional[localhost:32770 (id: 0 rack: null)], epoch=0}}.
2025-07-31 15:31:30,025 INFO  [io.api.tes.ser.api.KafkaSerdesTester] (Thread-420) topic-b2e8116e_caa2_4d4d_a250_e50b21652740 0 0 {"key1": "value-0"}
2025-07-31 15:31:30,025 INFO  [io.api.tes.ser.api.KafkaSerdesTester] (Thread-420) topic-b2e8116e_caa2_4d4d_a250_e50b21652740 0 1 {"key1": "value-1"}
2025-07-31 15:31:30,025 INFO  [io.api.tes.ser.api.KafkaSerdesTester] (Thread-420) topic-b2e8116e_caa2_4d4d_a250_e50b21652740 0 2 {"key1": "value-2"}
2025-07-31 15:31:30,026 INFO  [io.api.tes.ser.api.KafkaSerdesTester] (Thread-420) topic-b2e8116e_caa2_4d4d_a250_e50b21652740 0 3 {"key1": "value-3"}
2025-07-31 15:31:30,026 INFO  [io.api.tes.ser.api.KafkaSerdesTester] (Thread-420) topic-b2e8116e_caa2_4d4d_a250_e50b21652740 0 4 {"key1": "value-4"}
2025-07-31 15:31:30,026 INFO  [io.api.tes.ser.api.KafkaSerdesTester] (Thread-420) topic-b2e8116e_caa2_4d4d_a250_e50b21652740 0 5 {"key1": "value-5"}
2025-07-31 15:31:30,026 INFO  [io.api.tes.ser.api.KafkaSerdesTester] (Thread-420) topic-b2e8116e_caa2_4d4d_a250_e50b21652740 0 6 {"key1": "value-6"}
2025-07-31 15:31:30,026 INFO  [io.api.tes.ser.api.KafkaSerdesTester] (Thread-420) topic-b2e8116e_caa2_4d4d_a250_e50b21652740 0 7 {"key1": "value-7"}
2025-07-31 15:31:30,026 INFO  [io.api.tes.ser.api.KafkaSerdesTester] (Thread-420) topic-b2e8116e_caa2_4d4d_a250_e50b21652740 0 8 {"key1": "value-8"}
2025-07-31 15:31:30,026 INFO  [io.api.tes.ser.api.KafkaSerdesTester] (Thread-420) topic-b2e8116e_caa2_4d4d_a250_e50b21652740 0 9 {"key1": "value-9"}
2025-07-31 15:31:30,026 INFO  [io.api.tes.ser.api.KafkaSerdesTester] (Thread-420) Consumed 10 messages
2025-07-31 15:31:30,027 INFO  [org.apa.kaf.cli.con.int.ConsumerRebalanceListenerInvoker] (Thread-420) [Consumer clientId=consumer-Consumer-topic-b2e8116e_caa2_4d4d_a250_e50b21652740-40, groupId=Consumer-topic-b2e8116e_caa2_4d4d_a250_e50b21652740] Revoke previously assigned partitions topic-b2e8116e_caa2_4d4d_a250_e50b21652740-0
2025-07-31 15:31:30,027 INFO  [org.apa.kaf.cli.con.int.ConsumerCoordinator] (Thread-420) [Consumer clientId=consumer-Consumer-topic-b2e8116e_caa2_4d4d_a250_e50b21652740-40, groupId=Consumer-topic-b2e8116e_caa2_4d4d_a250_e50b21652740] Member consumer-Consumer-topic-b2e8116e_caa2_4d4d_a250_e50b21652740-40-4e7f04cf-4828-498a-a504-b6cd51b53a8c sending LeaveGroup request to coordinator localhost:32770 (id: 2147483647 rack: null) due to the consumer is being closed
2025-07-31 15:31:30,028 INFO  [org.apa.kaf.cli.con.int.ConsumerCoordinator] (Thread-420) [Consumer clientId=consumer-Consumer-topic-b2e8116e_caa2_4d4d_a250_e50b21652740-40, groupId=Consumer-topic-b2e8116e_caa2_4d4d_a250_e50b21652740] Resetting generation and member id due to: consumer pro-actively leaving the group
2025-07-31 15:31:30,028 INFO  [org.apa.kaf.cli.con.int.ConsumerCoordinator] (Thread-420) [Consumer clientId=consumer-Consumer-topic-b2e8116e_caa2_4d4d_a250_e50b21652740-40, groupId=Consumer-topic-b2e8116e_caa2_4d4d_a250_e50b21652740] Request joining group due to: consumer pro-actively leaving the group
2025-07-31 15:31:30,528 INFO  [org.apa.kaf.com.met.Metrics] (Thread-420) Metrics scheduler closed
2025-07-31 15:31:30,528 INFO  [org.apa.kaf.com.met.Metrics] (Thread-420) Closing reporter org.apache.kafka.common.metrics.JmxReporter
2025-07-31 15:31:30,528 INFO  [org.apa.kaf.com.met.Metrics] (Thread-420) Closing reporter org.apache.kafka.common.telemetry.internals.ClientTelemetryReporter
2025-07-31 15:31:30,528 INFO  [org.apa.kaf.com.met.Metrics] (Thread-420) Metrics reporters closed
2025-07-31 15:31:30,529 INFO  [org.apa.kaf.com.uti.AppInfoParser] (Thread-420) App info kafka.consumer for consumer-Consumer-topic-b2e8116e_caa2_4d4d_a250_e50b21652740-40 unregistered
2025-07-31 15:31:30,553 INFO  [io.api.tes.ser.con.BasicConfluentSerDesIT] (main) Deleting confluent schema myrecordconfluent6
2025-07-31 15:31:30,570 INFO  [io.api.tes.uti.TestSeparator] (main) io.apicurio.tests.serdes.confluent.BasicConfluentSerDesIT.testAvroConfluentForMultipleTopics-FINISHED
2025-07-31 15:31:30,570 INFO  [io.api.tes.uti.TestSeparator] (main) ############################################################################
]]></system-out>
  </testcase>
  <testcase name="testAvroConfluentApicurio" classname="io.apicurio.tests.serdes.confluent.BasicConfluentSerDesIT" time="0.728">
    <system-out><![CDATA[2025-07-31 15:31:30,571 INFO  [io.api.tes.uti.TestSeparator] (main) ############################################################################
2025-07-31 15:31:30,571 INFO  [io.api.tes.uti.TestSeparator] (main) io.apicurio.tests.serdes.confluent.BasicConfluentSerDesIT.testAvroConfluentApicurio-STARTED
2025-07-31 15:31:30,619 INFO  [io.api.tes.ser.con.BasicConfluentSerDesIT] (main) Checking that created schema is equal to the get schema
2025-07-31 15:31:30,635 INFO  [io.api.tes.ser.con.BasicConfluentSerDesIT] (main) Created schema with id:47 and name:myrecordconfluent1
2025-07-31 15:31:30,638 INFO  [org.apa.kaf.cli.pro.ProducerConfig] (main) ProducerConfig values: 
	acks = -1
	auto.include.jmx.reporter = true
	batch.size = 16384
	bootstrap.servers = [PLAINTEXT://localhost:32770]
	buffer.memory = 33554432
	client.dns.lookup = use_all_dns_ips
	client.id = Producer-topic-396515e6_9b3c_46f8_ba8b_18195a541799
	compression.gzip.level = -1
	compression.lz4.level = 9
	compression.type = none
	compression.zstd.level = 3
	connections.max.idle.ms = 10000
	delivery.timeout.ms = 120000
	enable.idempotence = true
	enable.metrics.push = true
	interceptor.classes = []
	key.serializer = class org.apache.kafka.common.serialization.StringSerializer
	linger.ms = 0
	max.block.ms = 60000
	max.in.flight.requests.per.connection = 5
	max.request.size = 1048576
	metadata.max.age.ms = 300000
	metadata.max.idle.ms = 300000
	metadata.recovery.strategy = none
	metric.reporters = []
	metrics.num.samples = 2
	metrics.recording.level = INFO
	metrics.sample.window.ms = 30000
	partitioner.adaptive.partitioning.enable = true
	partitioner.availability.timeout.ms = 0
	partitioner.class = null
	partitioner.ignore.keys = false
	receive.buffer.bytes = 32768
	reconnect.backoff.max.ms = 1000
	reconnect.backoff.ms = 50
	request.timeout.ms = 5000
	retries = 2147483647
	retry.backoff.max.ms = 1000
	retry.backoff.ms = 100
	sasl.client.callback.handler.class = null
	sasl.jaas.config = null
	sasl.kerberos.kinit.cmd = /usr/bin/kinit
	sasl.kerberos.min.time.before.relogin = 60000
	sasl.kerberos.service.name = null
	sasl.kerberos.ticket.renew.jitter = 0.05
	sasl.kerberos.ticket.renew.window.factor = 0.8
	sasl.login.callback.handler.class = null
	sasl.login.class = null
	sasl.login.connect.timeout.ms = null
	sasl.login.read.timeout.ms = null
	sasl.login.refresh.buffer.seconds = 300
	sasl.login.refresh.min.period.seconds = 60
	sasl.login.refresh.window.factor = 0.8
	sasl.login.refresh.window.jitter = 0.05
	sasl.login.retry.backoff.max.ms = 10000
	sasl.login.retry.backoff.ms = 100
	sasl.mechanism = GSSAPI
	sasl.oauthbearer.clock.skew.seconds = 30
	sasl.oauthbearer.expected.audience = null
	sasl.oauthbearer.expected.issuer = null
	sasl.oauthbearer.header.urlencode = false
	sasl.oauthbearer.jwks.endpoint.refresh.ms = 3600000
	sasl.oauthbearer.jwks.endpoint.retry.backoff.max.ms = 10000
	sasl.oauthbearer.jwks.endpoint.retry.backoff.ms = 100
	sasl.oauthbearer.jwks.endpoint.url = null
	sasl.oauthbearer.scope.claim.name = scope
	sasl.oauthbearer.sub.claim.name = sub
	sasl.oauthbearer.token.endpoint.url = null
	security.protocol = PLAINTEXT
	security.providers = null
	send.buffer.bytes = 131072
	socket.connection.setup.timeout.max.ms = 30000
	socket.connection.setup.timeout.ms = 10000
	ssl.cipher.suites = null
	ssl.enabled.protocols = [TLSv1.2, TLSv1.3]
	ssl.endpoint.identification.algorithm = https
	ssl.engine.factory.class = null
	ssl.key.password = null
	ssl.keymanager.algorithm = SunX509
	ssl.keystore.certificate.chain = null
	ssl.keystore.key = null
	ssl.keystore.location = null
	ssl.keystore.password = null
	ssl.keystore.type = JKS
	ssl.protocol = TLSv1.3
	ssl.provider = null
	ssl.secure.random.implementation = null
	ssl.trustmanager.algorithm = PKIX
	ssl.truststore.certificates = null
	ssl.truststore.location = null
	ssl.truststore.password = null
	ssl.truststore.type = JKS
	transaction.timeout.ms = 60000
	transactional.id = null
	value.serializer = class io.confluent.kafka.serializers.KafkaAvroSerializer

2025-07-31 15:31:30,638 INFO  [org.apa.kaf.com.tel.int.KafkaMetricsCollector] (main) initializing Kafka metrics collector
2025-07-31 15:31:30,639 INFO  [io.con.kaf.ser.KafkaAvroSerializerConfig] (main) KafkaAvroSerializerConfig values: 
	auto.register.schemas = false
	avro.reflection.allow.null = false
	avro.remove.java.properties = false
	avro.use.logical.type.converters = false
	basic.auth.credentials.source = URL
	basic.auth.user.info = [hidden]
	bearer.auth.cache.expiry.buffer.seconds = 300
	bearer.auth.client.id = null
	bearer.auth.client.secret = null
	bearer.auth.credentials.source = STATIC_TOKEN
	bearer.auth.custom.provider.class = null
	bearer.auth.identity.pool.id = null
	bearer.auth.issuer.endpoint.url = null
	bearer.auth.logical.cluster = null
	bearer.auth.scope = null
	bearer.auth.scope.claim.name = scope
	bearer.auth.sub.claim.name = sub
	bearer.auth.token = [hidden]
	context.name.strategy = class io.confluent.kafka.serializers.context.NullContextNameStrategy
	http.connect.timeout.ms = 60000
	http.read.timeout.ms = 60000
	id.compatibility.strict = true
	key.subject.name.strategy = class io.confluent.kafka.serializers.subject.TopicNameStrategy
	latest.cache.size = 1000
	latest.cache.ttl.sec = -1
	latest.compatibility.strict = true
	max.retries = 3
	max.schemas.per.subject = 1000
	normalize.schemas = false
	propagate.schema.tags = false
	proxy.host = 
	proxy.port = -1
	retries.max.wait.ms = 20000
	retries.wait.ms = 1000
	rule.actions = []
	rule.executors = []
	rule.service.loader.enable = true
	schema.format = null
	schema.reflection = false
	schema.registry.basic.auth.user.info = [hidden]
	schema.registry.ssl.cipher.suites = null
	schema.registry.ssl.enabled.protocols = [TLSv1.2, TLSv1.3]
	schema.registry.ssl.endpoint.identification.algorithm = https
	schema.registry.ssl.engine.factory.class = null
	schema.registry.ssl.key.password = null
	schema.registry.ssl.keymanager.algorithm = SunX509
	schema.registry.ssl.keystore.certificate.chain = null
	schema.registry.ssl.keystore.key = null
	schema.registry.ssl.keystore.location = null
	schema.registry.ssl.keystore.password = null
	schema.registry.ssl.keystore.type = JKS
	schema.registry.ssl.protocol = TLSv1.3
	schema.registry.ssl.provider = null
	schema.registry.ssl.secure.random.implementation = null
	schema.registry.ssl.trustmanager.algorithm = PKIX
	schema.registry.ssl.truststore.certificates = null
	schema.registry.ssl.truststore.location = null
	schema.registry.ssl.truststore.password = null
	schema.registry.ssl.truststore.type = JKS
	schema.registry.url = [http://registry-app-postgresql.apps.ci419.apicurio-testing.org:80/apis/ccompat/v7]
	use.latest.version = false
	use.latest.with.metadata = null
	use.schema.id = -1
	value.subject.name.strategy = class io.confluent.kafka.serializers.subject.TopicNameStrategy

2025-07-31 15:31:30,641 INFO  [org.apa.kaf.cli.pro.KafkaProducer] (main) [Producer clientId=Producer-topic-396515e6_9b3c_46f8_ba8b_18195a541799] Instantiated an idempotent producer.
2025-07-31 15:31:30,643 INFO  [org.apa.kaf.cli.pro.ProducerConfig] (main) These configurations '[schema.registry.url, auto.register.schemas, value.subject.name.strategy]' were supplied but are not used yet.
2025-07-31 15:31:30,643 INFO  [org.apa.kaf.com.uti.AppInfoParser] (main) Kafka version: 3.9.0
2025-07-31 15:31:30,643 INFO  [org.apa.kaf.com.uti.AppInfoParser] (main) Kafka commitId: 84caaa6e9da06435
2025-07-31 15:31:30,643 INFO  [org.apa.kaf.com.uti.AppInfoParser] (main) Kafka startTimeMs: 1753975890643
2025-07-31 15:31:30,643 INFO  [io.api.tes.ser.api.SimpleSerdesTesterBuilder$SimpleSerdesTester] (main) Using producer configuration: {schema.registry.url=http://registry-app-postgresql.apps.ci419.apicurio-testing.org:80/apis/ccompat/v7, value.serializer=io.confluent.kafka.serializers.KafkaAvroSerializer, request.timeout.ms=5000, auto.register.schemas=false, acks=all, bootstrap.servers=PLAINTEXT://localhost:32770, connections.max.idle.ms=10000, key.serializer=org.apache.kafka.common.serialization.StringSerializer, value.subject.name.strategy=io.confluent.kafka.serializers.subject.TopicNameStrategy, client.id=Producer-topic-396515e6_9b3c_46f8_ba8b_18195a541799}
2025-07-31 15:31:30,643 INFO  [io.api.tes.ser.api.SimpleSerdesTesterBuilder$SimpleSerdesTester] (main) Using consumer configuration: {}
2025-07-31 15:31:30,646 INFO  [io.api.tes.ser.api.KafkaSerdesTester] (Thread-421) Sending message {"key1": "value-0"} to topic topic-396515e6_9b3c_46f8_ba8b_18195a541799
2025-07-31 15:31:30,648 INFO  [org.apa.kaf.cli.Metadata] (kafka-producer-network-thread | Producer-topic-396515e6_9b3c_46f8_ba8b_18195a541799) [Producer clientId=Producer-topic-396515e6_9b3c_46f8_ba8b_18195a541799] Cluster ID: BgnDnmd_Rn-oXa8M1ygsew
2025-07-31 15:31:30,650 INFO  [org.apa.kaf.cli.pro.int.TransactionManager] (kafka-producer-network-thread | Producer-topic-396515e6_9b3c_46f8_ba8b_18195a541799) [Producer clientId=Producer-topic-396515e6_9b3c_46f8_ba8b_18195a541799] ProducerId set to 54 with epoch 0
2025-07-31 15:31:30,670 INFO  [io.api.tes.ser.api.KafkaSerdesTester] (Thread-421) Sending message {"key1": "value-1"} to topic topic-396515e6_9b3c_46f8_ba8b_18195a541799
2025-07-31 15:31:30,678 INFO  [io.api.tes.ser.api.KafkaSerdesTester] (Thread-421) Sending message {"key1": "value-2"} to topic topic-396515e6_9b3c_46f8_ba8b_18195a541799
2025-07-31 15:31:30,682 INFO  [io.api.tes.ser.api.KafkaSerdesTester] (Thread-421) Sending message {"key1": "value-3"} to topic topic-396515e6_9b3c_46f8_ba8b_18195a541799
2025-07-31 15:31:30,685 INFO  [io.api.tes.ser.api.KafkaSerdesTester] (Thread-421) Sending message {"key1": "value-4"} to topic topic-396515e6_9b3c_46f8_ba8b_18195a541799
2025-07-31 15:31:30,686 INFO  [io.api.tes.ser.api.KafkaSerdesTester] (Thread-421) Sending message {"key1": "value-5"} to topic topic-396515e6_9b3c_46f8_ba8b_18195a541799
2025-07-31 15:31:30,687 INFO  [io.api.tes.ser.api.KafkaSerdesTester] (Thread-421) Sending message {"key1": "value-6"} to topic topic-396515e6_9b3c_46f8_ba8b_18195a541799
2025-07-31 15:31:30,688 INFO  [io.api.tes.ser.api.KafkaSerdesTester] (Thread-421) Sending message {"key1": "value-7"} to topic topic-396515e6_9b3c_46f8_ba8b_18195a541799
2025-07-31 15:31:30,689 INFO  [io.api.tes.ser.api.KafkaSerdesTester] (Thread-421) Sending message {"key1": "value-8"} to topic topic-396515e6_9b3c_46f8_ba8b_18195a541799
2025-07-31 15:31:30,691 INFO  [io.api.tes.ser.api.KafkaSerdesTester] (Thread-421) Sending message {"key1": "value-9"} to topic topic-396515e6_9b3c_46f8_ba8b_18195a541799
2025-07-31 15:31:30,693 INFO  [io.api.tes.ser.api.KafkaSerdesTester] (Thread-421) Produced 10 messages
2025-07-31 15:31:30,693 INFO  [org.apa.kaf.cli.pro.KafkaProducer] (Thread-421) [Producer clientId=Producer-topic-396515e6_9b3c_46f8_ba8b_18195a541799] Closing the Kafka producer with timeoutMillis = 9223372036854775807 ms.
2025-07-31 15:31:30,695 INFO  [org.apa.kaf.com.met.Metrics] (Thread-421) Metrics scheduler closed
2025-07-31 15:31:30,695 INFO  [org.apa.kaf.com.met.Metrics] (Thread-421) Closing reporter org.apache.kafka.common.metrics.JmxReporter
2025-07-31 15:31:30,695 INFO  [org.apa.kaf.com.met.Metrics] (Thread-421) Closing reporter org.apache.kafka.common.telemetry.internals.ClientTelemetryReporter
2025-07-31 15:31:30,695 INFO  [org.apa.kaf.com.met.Metrics] (Thread-421) Metrics reporters closed
2025-07-31 15:31:30,695 INFO  [org.apa.kaf.com.uti.AppInfoParser] (Thread-421) App info kafka.producer for Producer-topic-396515e6_9b3c_46f8_ba8b_18195a541799 unregistered
2025-07-31 15:31:30,696 INFO  [org.apa.kaf.cli.con.ConsumerConfig] (main) ConsumerConfig values: 
	allow.auto.create.topics = true
	auto.commit.interval.ms = 500
	auto.include.jmx.reporter = true
	auto.offset.reset = earliest
	bootstrap.servers = [PLAINTEXT://localhost:32770]
	check.crcs = true
	client.dns.lookup = use_all_dns_ips
	client.id = consumer-Consumer-topic-396515e6_9b3c_46f8_ba8b_18195a541799-41
	client.rack = 
	connections.max.idle.ms = 10000
	default.api.timeout.ms = 60000
	enable.auto.commit = true
	enable.metrics.push = true
	exclude.internal.topics = true
	fetch.max.bytes = 52428800
	fetch.max.wait.ms = 500
	fetch.min.bytes = 1
	group.id = Consumer-topic-396515e6_9b3c_46f8_ba8b_18195a541799
	group.instance.id = null
	group.protocol = classic
	group.remote.assignor = null
	heartbeat.interval.ms = 3000
	interceptor.classes = []
	internal.leave.group.on.close = true
	internal.throw.on.fetch.stable.offset.unsupported = false
	isolation.level = read_uncommitted
	key.deserializer = class org.apache.kafka.common.serialization.StringDeserializer
	max.partition.fetch.bytes = 1048576
	max.poll.interval.ms = 300000
	max.poll.records = 500
	metadata.max.age.ms = 300000
	metadata.recovery.strategy = none
	metric.reporters = []
	metrics.num.samples = 2
	metrics.recording.level = INFO
	metrics.sample.window.ms = 30000
	partition.assignment.strategy = [class org.apache.kafka.clients.consumer.RangeAssignor, class org.apache.kafka.clients.consumer.CooperativeStickyAssignor]
	receive.buffer.bytes = 65536
	reconnect.backoff.max.ms = 1000
	reconnect.backoff.ms = 50
	request.timeout.ms = 5000
	retry.backoff.max.ms = 1000
	retry.backoff.ms = 100
	sasl.client.callback.handler.class = null
	sasl.jaas.config = null
	sasl.kerberos.kinit.cmd = /usr/bin/kinit
	sasl.kerberos.min.time.before.relogin = 60000
	sasl.kerberos.service.name = null
	sasl.kerberos.ticket.renew.jitter = 0.05
	sasl.kerberos.ticket.renew.window.factor = 0.8
	sasl.login.callback.handler.class = null
	sasl.login.class = null
	sasl.login.connect.timeout.ms = null
	sasl.login.read.timeout.ms = null
	sasl.login.refresh.buffer.seconds = 300
	sasl.login.refresh.min.period.seconds = 60
	sasl.login.refresh.window.factor = 0.8
	sasl.login.refresh.window.jitter = 0.05
	sasl.login.retry.backoff.max.ms = 10000
	sasl.login.retry.backoff.ms = 100
	sasl.mechanism = GSSAPI
	sasl.oauthbearer.clock.skew.seconds = 30
	sasl.oauthbearer.expected.audience = null
	sasl.oauthbearer.expected.issuer = null
	sasl.oauthbearer.header.urlencode = false
	sasl.oauthbearer.jwks.endpoint.refresh.ms = 3600000
	sasl.oauthbearer.jwks.endpoint.retry.backoff.max.ms = 10000
	sasl.oauthbearer.jwks.endpoint.retry.backoff.ms = 100
	sasl.oauthbearer.jwks.endpoint.url = null
	sasl.oauthbearer.scope.claim.name = scope
	sasl.oauthbearer.sub.claim.name = sub
	sasl.oauthbearer.token.endpoint.url = null
	security.protocol = PLAINTEXT
	security.providers = null
	send.buffer.bytes = 131072
	session.timeout.ms = 45000
	socket.connection.setup.timeout.max.ms = 30000
	socket.connection.setup.timeout.ms = 10000
	ssl.cipher.suites = null
	ssl.enabled.protocols = [TLSv1.2, TLSv1.3]
	ssl.endpoint.identification.algorithm = https
	ssl.engine.factory.class = null
	ssl.key.password = null
	ssl.keymanager.algorithm = SunX509
	ssl.keystore.certificate.chain = null
	ssl.keystore.key = null
	ssl.keystore.location = null
	ssl.keystore.password = null
	ssl.keystore.type = JKS
	ssl.protocol = TLSv1.3
	ssl.provider = null
	ssl.secure.random.implementation = null
	ssl.trustmanager.algorithm = PKIX
	ssl.truststore.certificates = null
	ssl.truststore.location = null
	ssl.truststore.password = null
	ssl.truststore.type = JKS
	value.deserializer = class io.apicurio.registry.serde.avro.AvroKafkaDeserializer

2025-07-31 15:31:30,696 INFO  [org.apa.kaf.com.tel.int.KafkaMetricsCollector] (main) initializing Kafka metrics collector
2025-07-31 15:31:30,708 INFO  [org.apa.kaf.cli.con.ConsumerConfig] (main) These configurations '[apicurio.registry.url]' were supplied but are not used yet.
2025-07-31 15:31:30,708 INFO  [org.apa.kaf.com.uti.AppInfoParser] (main) Kafka version: 3.9.0
2025-07-31 15:31:30,708 INFO  [org.apa.kaf.com.uti.AppInfoParser] (main) Kafka commitId: 84caaa6e9da06435
2025-07-31 15:31:30,708 INFO  [org.apa.kaf.com.uti.AppInfoParser] (main) Kafka startTimeMs: 1753975890708
2025-07-31 15:31:30,708 INFO  [org.apa.kaf.cli.con.int.ClassicKafkaConsumer] (Thread-424) [Consumer clientId=consumer-Consumer-topic-396515e6_9b3c_46f8_ba8b_18195a541799-41, groupId=Consumer-topic-396515e6_9b3c_46f8_ba8b_18195a541799] Subscribed to topic(s): topic-396515e6_9b3c_46f8_ba8b_18195a541799
2025-07-31 15:31:30,711 INFO  [org.apa.kaf.cli.Metadata] (Thread-424) [Consumer clientId=consumer-Consumer-topic-396515e6_9b3c_46f8_ba8b_18195a541799-41, groupId=Consumer-topic-396515e6_9b3c_46f8_ba8b_18195a541799] Cluster ID: BgnDnmd_Rn-oXa8M1ygsew
2025-07-31 15:31:30,711 INFO  [org.apa.kaf.cli.con.int.ConsumerCoordinator] (Thread-424) [Consumer clientId=consumer-Consumer-topic-396515e6_9b3c_46f8_ba8b_18195a541799-41, groupId=Consumer-topic-396515e6_9b3c_46f8_ba8b_18195a541799] Discovered group coordinator localhost:32770 (id: 2147483647 rack: null)
2025-07-31 15:31:30,714 INFO  [org.apa.kaf.cli.con.int.ConsumerCoordinator] (Thread-424) [Consumer clientId=consumer-Consumer-topic-396515e6_9b3c_46f8_ba8b_18195a541799-41, groupId=Consumer-topic-396515e6_9b3c_46f8_ba8b_18195a541799] (Re-)joining group
2025-07-31 15:31:30,718 INFO  [org.apa.kaf.cli.con.int.ConsumerCoordinator] (Thread-424) [Consumer clientId=consumer-Consumer-topic-396515e6_9b3c_46f8_ba8b_18195a541799-41, groupId=Consumer-topic-396515e6_9b3c_46f8_ba8b_18195a541799] Request joining group due to: need to re-join with the given member-id: consumer-Consumer-topic-396515e6_9b3c_46f8_ba8b_18195a541799-41-41ab9ad9-adfd-4085-b70a-f698824a8760
2025-07-31 15:31:30,718 INFO  [org.apa.kaf.cli.con.int.ConsumerCoordinator] (Thread-424) [Consumer clientId=consumer-Consumer-topic-396515e6_9b3c_46f8_ba8b_18195a541799-41, groupId=Consumer-topic-396515e6_9b3c_46f8_ba8b_18195a541799] (Re-)joining group
2025-07-31 15:31:30,722 INFO  [org.apa.kaf.cli.con.int.ConsumerCoordinator] (Thread-424) [Consumer clientId=consumer-Consumer-topic-396515e6_9b3c_46f8_ba8b_18195a541799-41, groupId=Consumer-topic-396515e6_9b3c_46f8_ba8b_18195a541799] Successfully joined group with generation Generation{generationId=1, memberId='consumer-Consumer-topic-396515e6_9b3c_46f8_ba8b_18195a541799-41-41ab9ad9-adfd-4085-b70a-f698824a8760', protocol='range'}
2025-07-31 15:31:30,722 INFO  [org.apa.kaf.cli.con.int.ConsumerCoordinator] (Thread-424) [Consumer clientId=consumer-Consumer-topic-396515e6_9b3c_46f8_ba8b_18195a541799-41, groupId=Consumer-topic-396515e6_9b3c_46f8_ba8b_18195a541799] Finished assignment for group at generation 1: {consumer-Consumer-topic-396515e6_9b3c_46f8_ba8b_18195a541799-41-41ab9ad9-adfd-4085-b70a-f698824a8760=Assignment(partitions=[topic-396515e6_9b3c_46f8_ba8b_18195a541799-0])}
2025-07-31 15:31:30,723 INFO  [org.apa.kaf.cli.con.int.ConsumerCoordinator] (Thread-424) [Consumer clientId=consumer-Consumer-topic-396515e6_9b3c_46f8_ba8b_18195a541799-41, groupId=Consumer-topic-396515e6_9b3c_46f8_ba8b_18195a541799] Successfully synced group in generation Generation{generationId=1, memberId='consumer-Consumer-topic-396515e6_9b3c_46f8_ba8b_18195a541799-41-41ab9ad9-adfd-4085-b70a-f698824a8760', protocol='range'}
2025-07-31 15:31:30,724 INFO  [org.apa.kaf.cli.con.int.ConsumerCoordinator] (Thread-424) [Consumer clientId=consumer-Consumer-topic-396515e6_9b3c_46f8_ba8b_18195a541799-41, groupId=Consumer-topic-396515e6_9b3c_46f8_ba8b_18195a541799] Notifying assignor about the new Assignment(partitions=[topic-396515e6_9b3c_46f8_ba8b_18195a541799-0])
2025-07-31 15:31:30,724 INFO  [org.apa.kaf.cli.con.int.ConsumerRebalanceListenerInvoker] (Thread-424) [Consumer clientId=consumer-Consumer-topic-396515e6_9b3c_46f8_ba8b_18195a541799-41, groupId=Consumer-topic-396515e6_9b3c_46f8_ba8b_18195a541799] Adding newly assigned partitions: topic-396515e6_9b3c_46f8_ba8b_18195a541799-0
2025-07-31 15:31:30,724 INFO  [org.apa.kaf.cli.con.int.ConsumerCoordinator] (Thread-424) [Consumer clientId=consumer-Consumer-topic-396515e6_9b3c_46f8_ba8b_18195a541799-41, groupId=Consumer-topic-396515e6_9b3c_46f8_ba8b_18195a541799] Found no committed offset for partition topic-396515e6_9b3c_46f8_ba8b_18195a541799-0
2025-07-31 15:31:30,727 INFO  [org.apa.kaf.cli.con.int.SubscriptionState] (Thread-424) [Consumer clientId=consumer-Consumer-topic-396515e6_9b3c_46f8_ba8b_18195a541799-41, groupId=Consumer-topic-396515e6_9b3c_46f8_ba8b_18195a541799] Resetting offset for partition topic-396515e6_9b3c_46f8_ba8b_18195a541799-0 to position FetchPosition{offset=0, offsetEpoch=Optional.empty, currentLeader=LeaderAndEpoch{leader=Optional[localhost:32770 (id: 0 rack: null)], epoch=0}}.
2025-07-31 15:31:30,755 INFO  [io.api.tes.ser.api.KafkaSerdesTester] (Thread-424) topic-396515e6_9b3c_46f8_ba8b_18195a541799 0 0 {"key1": "value-0"}
2025-07-31 15:31:30,755 INFO  [io.api.tes.ser.api.KafkaSerdesTester] (Thread-424) topic-396515e6_9b3c_46f8_ba8b_18195a541799 0 1 {"key1": "value-1"}
2025-07-31 15:31:30,755 INFO  [io.api.tes.ser.api.KafkaSerdesTester] (Thread-424) topic-396515e6_9b3c_46f8_ba8b_18195a541799 0 2 {"key1": "value-2"}
2025-07-31 15:31:30,755 INFO  [io.api.tes.ser.api.KafkaSerdesTester] (Thread-424) topic-396515e6_9b3c_46f8_ba8b_18195a541799 0 3 {"key1": "value-3"}
2025-07-31 15:31:30,755 INFO  [io.api.tes.ser.api.KafkaSerdesTester] (Thread-424) topic-396515e6_9b3c_46f8_ba8b_18195a541799 0 4 {"key1": "value-4"}
2025-07-31 15:31:30,755 INFO  [io.api.tes.ser.api.KafkaSerdesTester] (Thread-424) topic-396515e6_9b3c_46f8_ba8b_18195a541799 0 5 {"key1": "value-5"}
2025-07-31 15:31:30,755 INFO  [io.api.tes.ser.api.KafkaSerdesTester] (Thread-424) topic-396515e6_9b3c_46f8_ba8b_18195a541799 0 6 {"key1": "value-6"}
2025-07-31 15:31:30,755 INFO  [io.api.tes.ser.api.KafkaSerdesTester] (Thread-424) topic-396515e6_9b3c_46f8_ba8b_18195a541799 0 7 {"key1": "value-7"}
2025-07-31 15:31:30,755 INFO  [io.api.tes.ser.api.KafkaSerdesTester] (Thread-424) topic-396515e6_9b3c_46f8_ba8b_18195a541799 0 8 {"key1": "value-8"}
2025-07-31 15:31:30,755 INFO  [io.api.tes.ser.api.KafkaSerdesTester] (Thread-424) topic-396515e6_9b3c_46f8_ba8b_18195a541799 0 9 {"key1": "value-9"}
2025-07-31 15:31:30,755 INFO  [io.api.tes.ser.api.KafkaSerdesTester] (Thread-424) Consumed 10 messages
2025-07-31 15:31:30,758 INFO  [org.apa.kaf.cli.con.int.ConsumerRebalanceListenerInvoker] (Thread-424) [Consumer clientId=consumer-Consumer-topic-396515e6_9b3c_46f8_ba8b_18195a541799-41, groupId=Consumer-topic-396515e6_9b3c_46f8_ba8b_18195a541799] Revoke previously assigned partitions topic-396515e6_9b3c_46f8_ba8b_18195a541799-0
2025-07-31 15:31:30,758 INFO  [org.apa.kaf.cli.con.int.ConsumerCoordinator] (Thread-424) [Consumer clientId=consumer-Consumer-topic-396515e6_9b3c_46f8_ba8b_18195a541799-41, groupId=Consumer-topic-396515e6_9b3c_46f8_ba8b_18195a541799] Member consumer-Consumer-topic-396515e6_9b3c_46f8_ba8b_18195a541799-41-41ab9ad9-adfd-4085-b70a-f698824a8760 sending LeaveGroup request to coordinator localhost:32770 (id: 2147483647 rack: null) due to the consumer is being closed
2025-07-31 15:31:30,758 INFO  [org.apa.kaf.cli.con.int.ConsumerCoordinator] (Thread-424) [Consumer clientId=consumer-Consumer-topic-396515e6_9b3c_46f8_ba8b_18195a541799-41, groupId=Consumer-topic-396515e6_9b3c_46f8_ba8b_18195a541799] Resetting generation and member id due to: consumer pro-actively leaving the group
2025-07-31 15:31:30,759 INFO  [org.apa.kaf.cli.con.int.ConsumerCoordinator] (Thread-424) [Consumer clientId=consumer-Consumer-topic-396515e6_9b3c_46f8_ba8b_18195a541799-41, groupId=Consumer-topic-396515e6_9b3c_46f8_ba8b_18195a541799] Request joining group due to: consumer pro-actively leaving the group
2025-07-31 15:31:31,258 INFO  [org.apa.kaf.com.met.Metrics] (Thread-424) Metrics scheduler closed
2025-07-31 15:31:31,258 INFO  [org.apa.kaf.com.met.Metrics] (Thread-424) Closing reporter org.apache.kafka.common.metrics.JmxReporter
2025-07-31 15:31:31,258 INFO  [org.apa.kaf.com.met.Metrics] (Thread-424) Closing reporter org.apache.kafka.common.telemetry.internals.ClientTelemetryReporter
2025-07-31 15:31:31,258 INFO  [org.apa.kaf.com.met.Metrics] (Thread-424) Metrics reporters closed
2025-07-31 15:31:31,260 INFO  [org.apa.kaf.com.uti.AppInfoParser] (Thread-424) App info kafka.consumer for consumer-Consumer-topic-396515e6_9b3c_46f8_ba8b_18195a541799-41 unregistered
2025-07-31 15:31:31,283 INFO  [io.api.tes.ser.con.BasicConfluentSerDesIT] (main) Deleting confluent schema topic-396515e6_9b3c_46f8_ba8b_18195a541799-value
2025-07-31 15:31:31,299 INFO  [io.api.tes.uti.TestSeparator] (main) io.apicurio.tests.serdes.confluent.BasicConfluentSerDesIT.testAvroConfluentApicurio-FINISHED
2025-07-31 15:31:31,299 INFO  [io.api.tes.uti.TestSeparator] (main) ############################################################################
]]></system-out>
  </testcase>
  <testcase name="testAvroConfluentSerDesWrongStrategyTopic" classname="io.apicurio.tests.serdes.confluent.BasicConfluentSerDesIT" time="0.129">
    <system-out><![CDATA[2025-07-31 15:31:31,300 INFO  [io.api.tes.uti.TestSeparator] (main) ############################################################################
2025-07-31 15:31:31,300 INFO  [io.api.tes.uti.TestSeparator] (main) io.apicurio.tests.serdes.confluent.BasicConfluentSerDesIT.testAvroConfluentSerDesWrongStrategyTopic-STARTED
2025-07-31 15:31:31,352 INFO  [io.api.tes.ser.con.BasicConfluentSerDesIT] (main) Checking that created schema is equal to the get schema
2025-07-31 15:31:31,365 INFO  [io.api.tes.ser.con.BasicConfluentSerDesIT] (main) Created schema with id:48 and name:myrecordconfluent3
2025-07-31 15:31:31,365 INFO  [org.apa.kaf.cli.pro.ProducerConfig] (main) ProducerConfig values: 
	acks = -1
	auto.include.jmx.reporter = true
	batch.size = 16384
	bootstrap.servers = [PLAINTEXT://localhost:32770]
	buffer.memory = 33554432
	client.dns.lookup = use_all_dns_ips
	client.id = Producer-topic-95618171_1c13_479a_89bd_1d182d3d7818
	compression.gzip.level = -1
	compression.lz4.level = 9
	compression.type = none
	compression.zstd.level = 3
	connections.max.idle.ms = 10000
	delivery.timeout.ms = 120000
	enable.idempotence = true
	enable.metrics.push = true
	interceptor.classes = []
	key.serializer = class org.apache.kafka.common.serialization.StringSerializer
	linger.ms = 0
	max.block.ms = 60000
	max.in.flight.requests.per.connection = 5
	max.request.size = 1048576
	metadata.max.age.ms = 300000
	metadata.max.idle.ms = 300000
	metadata.recovery.strategy = none
	metric.reporters = []
	metrics.num.samples = 2
	metrics.recording.level = INFO
	metrics.sample.window.ms = 30000
	partitioner.adaptive.partitioning.enable = true
	partitioner.availability.timeout.ms = 0
	partitioner.class = null
	partitioner.ignore.keys = false
	receive.buffer.bytes = 32768
	reconnect.backoff.max.ms = 1000
	reconnect.backoff.ms = 50
	request.timeout.ms = 5000
	retries = 2147483647
	retry.backoff.max.ms = 1000
	retry.backoff.ms = 100
	sasl.client.callback.handler.class = null
	sasl.jaas.config = null
	sasl.kerberos.kinit.cmd = /usr/bin/kinit
	sasl.kerberos.min.time.before.relogin = 60000
	sasl.kerberos.service.name = null
	sasl.kerberos.ticket.renew.jitter = 0.05
	sasl.kerberos.ticket.renew.window.factor = 0.8
	sasl.login.callback.handler.class = null
	sasl.login.class = null
	sasl.login.connect.timeout.ms = null
	sasl.login.read.timeout.ms = null
	sasl.login.refresh.buffer.seconds = 300
	sasl.login.refresh.min.period.seconds = 60
	sasl.login.refresh.window.factor = 0.8
	sasl.login.refresh.window.jitter = 0.05
	sasl.login.retry.backoff.max.ms = 10000
	sasl.login.retry.backoff.ms = 100
	sasl.mechanism = GSSAPI
	sasl.oauthbearer.clock.skew.seconds = 30
	sasl.oauthbearer.expected.audience = null
	sasl.oauthbearer.expected.issuer = null
	sasl.oauthbearer.header.urlencode = false
	sasl.oauthbearer.jwks.endpoint.refresh.ms = 3600000
	sasl.oauthbearer.jwks.endpoint.retry.backoff.max.ms = 10000
	sasl.oauthbearer.jwks.endpoint.retry.backoff.ms = 100
	sasl.oauthbearer.jwks.endpoint.url = null
	sasl.oauthbearer.scope.claim.name = scope
	sasl.oauthbearer.sub.claim.name = sub
	sasl.oauthbearer.token.endpoint.url = null
	security.protocol = PLAINTEXT
	security.providers = null
	send.buffer.bytes = 131072
	socket.connection.setup.timeout.max.ms = 30000
	socket.connection.setup.timeout.ms = 10000
	ssl.cipher.suites = null
	ssl.enabled.protocols = [TLSv1.2, TLSv1.3]
	ssl.endpoint.identification.algorithm = https
	ssl.engine.factory.class = null
	ssl.key.password = null
	ssl.keymanager.algorithm = SunX509
	ssl.keystore.certificate.chain = null
	ssl.keystore.key = null
	ssl.keystore.location = null
	ssl.keystore.password = null
	ssl.keystore.type = JKS
	ssl.protocol = TLSv1.3
	ssl.provider = null
	ssl.secure.random.implementation = null
	ssl.trustmanager.algorithm = PKIX
	ssl.truststore.certificates = null
	ssl.truststore.location = null
	ssl.truststore.password = null
	ssl.truststore.type = JKS
	transaction.timeout.ms = 60000
	transactional.id = null
	value.serializer = class io.confluent.kafka.serializers.KafkaAvroSerializer

2025-07-31 15:31:31,366 INFO  [org.apa.kaf.com.tel.int.KafkaMetricsCollector] (main) initializing Kafka metrics collector
2025-07-31 15:31:31,366 INFO  [io.con.kaf.ser.KafkaAvroSerializerConfig] (main) KafkaAvroSerializerConfig values: 
	auto.register.schemas = false
	avro.reflection.allow.null = false
	avro.remove.java.properties = false
	avro.use.logical.type.converters = false
	basic.auth.credentials.source = URL
	basic.auth.user.info = [hidden]
	bearer.auth.cache.expiry.buffer.seconds = 300
	bearer.auth.client.id = null
	bearer.auth.client.secret = null
	bearer.auth.credentials.source = STATIC_TOKEN
	bearer.auth.custom.provider.class = null
	bearer.auth.identity.pool.id = null
	bearer.auth.issuer.endpoint.url = null
	bearer.auth.logical.cluster = null
	bearer.auth.scope = null
	bearer.auth.scope.claim.name = scope
	bearer.auth.sub.claim.name = sub
	bearer.auth.token = [hidden]
	context.name.strategy = class io.confluent.kafka.serializers.context.NullContextNameStrategy
	http.connect.timeout.ms = 60000
	http.read.timeout.ms = 60000
	id.compatibility.strict = true
	key.subject.name.strategy = class io.confluent.kafka.serializers.subject.TopicNameStrategy
	latest.cache.size = 1000
	latest.cache.ttl.sec = -1
	latest.compatibility.strict = true
	max.retries = 3
	max.schemas.per.subject = 1000
	normalize.schemas = false
	propagate.schema.tags = false
	proxy.host = 
	proxy.port = -1
	retries.max.wait.ms = 20000
	retries.wait.ms = 1000
	rule.actions = []
	rule.executors = []
	rule.service.loader.enable = true
	schema.format = null
	schema.reflection = false
	schema.registry.basic.auth.user.info = [hidden]
	schema.registry.ssl.cipher.suites = null
	schema.registry.ssl.enabled.protocols = [TLSv1.2, TLSv1.3]
	schema.registry.ssl.endpoint.identification.algorithm = https
	schema.registry.ssl.engine.factory.class = null
	schema.registry.ssl.key.password = null
	schema.registry.ssl.keymanager.algorithm = SunX509
	schema.registry.ssl.keystore.certificate.chain = null
	schema.registry.ssl.keystore.key = null
	schema.registry.ssl.keystore.location = null
	schema.registry.ssl.keystore.password = null
	schema.registry.ssl.keystore.type = JKS
	schema.registry.ssl.protocol = TLSv1.3
	schema.registry.ssl.provider = null
	schema.registry.ssl.secure.random.implementation = null
	schema.registry.ssl.trustmanager.algorithm = PKIX
	schema.registry.ssl.truststore.certificates = null
	schema.registry.ssl.truststore.location = null
	schema.registry.ssl.truststore.password = null
	schema.registry.ssl.truststore.type = JKS
	schema.registry.url = [http://registry-app-postgresql.apps.ci419.apicurio-testing.org:80/apis/ccompat/v7]
	use.latest.version = false
	use.latest.with.metadata = null
	use.schema.id = -1
	value.subject.name.strategy = class io.confluent.kafka.serializers.subject.TopicNameStrategy

2025-07-31 15:31:31,367 INFO  [org.apa.kaf.cli.pro.KafkaProducer] (main) [Producer clientId=Producer-topic-95618171_1c13_479a_89bd_1d182d3d7818] Instantiated an idempotent producer.
2025-07-31 15:31:31,368 INFO  [org.apa.kaf.cli.pro.ProducerConfig] (main) These configurations '[schema.registry.url, auto.register.schemas, value.subject.name.strategy]' were supplied but are not used yet.
2025-07-31 15:31:31,368 INFO  [org.apa.kaf.com.uti.AppInfoParser] (main) Kafka version: 3.9.0
2025-07-31 15:31:31,368 INFO  [org.apa.kaf.com.uti.AppInfoParser] (main) Kafka commitId: 84caaa6e9da06435
2025-07-31 15:31:31,368 INFO  [org.apa.kaf.com.uti.AppInfoParser] (main) Kafka startTimeMs: 1753975891368
2025-07-31 15:31:31,369 INFO  [io.api.tes.ser.api.KafkaSerdesTester] (Thread-425) Sending message {"key1": "value-0"} to topic topic-95618171_1c13_479a_89bd_1d182d3d7818
2025-07-31 15:31:31,371 INFO  [org.apa.kaf.cli.Metadata] (kafka-producer-network-thread | Producer-topic-95618171_1c13_479a_89bd_1d182d3d7818) [Producer clientId=Producer-topic-95618171_1c13_479a_89bd_1d182d3d7818] Cluster ID: BgnDnmd_Rn-oXa8M1ygsew
2025-07-31 15:31:31,372 INFO  [org.apa.kaf.cli.pro.int.TransactionManager] (kafka-producer-network-thread | Producer-topic-95618171_1c13_479a_89bd_1d182d3d7818) [Producer clientId=Producer-topic-95618171_1c13_479a_89bd_1d182d3d7818] ProducerId set to 55 with epoch 0
2025-07-31 15:31:31,389 INFO  [org.apa.kaf.cli.pro.KafkaProducer] (Thread-425) [Producer clientId=Producer-topic-95618171_1c13_479a_89bd_1d182d3d7818] Closing the Kafka producer with timeoutMillis = 9223372036854775807 ms.
2025-07-31 15:31:31,391 INFO  [org.apa.kaf.com.met.Metrics] (Thread-425) Metrics scheduler closed
2025-07-31 15:31:31,391 INFO  [org.apa.kaf.com.met.Metrics] (Thread-425) Closing reporter org.apache.kafka.common.metrics.JmxReporter
2025-07-31 15:31:31,391 INFO  [org.apa.kaf.com.met.Metrics] (Thread-425) Closing reporter org.apache.kafka.common.telemetry.internals.ClientTelemetryReporter
2025-07-31 15:31:31,391 INFO  [org.apa.kaf.com.met.Metrics] (Thread-425) Metrics reporters closed
2025-07-31 15:31:31,391 INFO  [org.apa.kaf.com.uti.AppInfoParser] (Thread-425) App info kafka.producer for Producer-topic-95618171_1c13_479a_89bd_1d182d3d7818 unregistered
2025-07-31 15:31:31,412 INFO  [io.api.tes.ser.con.BasicConfluentSerDesIT] (main) Deleting confluent schema myrecordconfluent3
2025-07-31 15:31:31,428 INFO  [io.api.tes.uti.TestSeparator] (main) io.apicurio.tests.serdes.confluent.BasicConfluentSerDesIT.testAvroConfluentSerDesWrongStrategyTopic-FINISHED
2025-07-31 15:31:31,429 INFO  [io.api.tes.uti.TestSeparator] (main) ############################################################################
]]></system-out>
  </testcase>
  <testcase name="testAvroApicurioConfluent" classname="io.apicurio.tests.serdes.confluent.BasicConfluentSerDesIT" time="1.682">
    <system-out><![CDATA[2025-07-31 15:31:31,430 INFO  [io.api.tes.uti.TestSeparator] (main) ############################################################################
2025-07-31 15:31:31,430 INFO  [io.api.tes.uti.TestSeparator] (main) io.apicurio.tests.serdes.confluent.BasicConfluentSerDesIT.testAvroApicurioConfluent-STARTED
2025-07-31 15:31:32,481 INFO  [org.apa.kaf.cli.pro.ProducerConfig] (main) ProducerConfig values: 
	acks = -1
	auto.include.jmx.reporter = true
	batch.size = 16384
	bootstrap.servers = [PLAINTEXT://localhost:32770]
	buffer.memory = 33554432
	client.dns.lookup = use_all_dns_ips
	client.id = Producer-topic-e77aec40_289c_4b00_aeeb_9aedeb431094
	compression.gzip.level = -1
	compression.lz4.level = 9
	compression.type = none
	compression.zstd.level = 3
	connections.max.idle.ms = 10000
	delivery.timeout.ms = 120000
	enable.idempotence = true
	enable.metrics.push = true
	interceptor.classes = []
	key.serializer = class org.apache.kafka.common.serialization.StringSerializer
	linger.ms = 0
	max.block.ms = 60000
	max.in.flight.requests.per.connection = 5
	max.request.size = 1048576
	metadata.max.age.ms = 300000
	metadata.max.idle.ms = 300000
	metadata.recovery.strategy = none
	metric.reporters = []
	metrics.num.samples = 2
	metrics.recording.level = INFO
	metrics.sample.window.ms = 30000
	partitioner.adaptive.partitioning.enable = true
	partitioner.availability.timeout.ms = 0
	partitioner.class = null
	partitioner.ignore.keys = false
	receive.buffer.bytes = 32768
	reconnect.backoff.max.ms = 1000
	reconnect.backoff.ms = 50
	request.timeout.ms = 5000
	retries = 2147483647
	retry.backoff.max.ms = 1000
	retry.backoff.ms = 100
	sasl.client.callback.handler.class = null
	sasl.jaas.config = null
	sasl.kerberos.kinit.cmd = /usr/bin/kinit
	sasl.kerberos.min.time.before.relogin = 60000
	sasl.kerberos.service.name = null
	sasl.kerberos.ticket.renew.jitter = 0.05
	sasl.kerberos.ticket.renew.window.factor = 0.8
	sasl.login.callback.handler.class = null
	sasl.login.class = null
	sasl.login.connect.timeout.ms = null
	sasl.login.read.timeout.ms = null
	sasl.login.refresh.buffer.seconds = 300
	sasl.login.refresh.min.period.seconds = 60
	sasl.login.refresh.window.factor = 0.8
	sasl.login.refresh.window.jitter = 0.05
	sasl.login.retry.backoff.max.ms = 10000
	sasl.login.retry.backoff.ms = 100
	sasl.mechanism = GSSAPI
	sasl.oauthbearer.clock.skew.seconds = 30
	sasl.oauthbearer.expected.audience = null
	sasl.oauthbearer.expected.issuer = null
	sasl.oauthbearer.header.urlencode = false
	sasl.oauthbearer.jwks.endpoint.refresh.ms = 3600000
	sasl.oauthbearer.jwks.endpoint.retry.backoff.max.ms = 10000
	sasl.oauthbearer.jwks.endpoint.retry.backoff.ms = 100
	sasl.oauthbearer.jwks.endpoint.url = null
	sasl.oauthbearer.scope.claim.name = scope
	sasl.oauthbearer.sub.claim.name = sub
	sasl.oauthbearer.token.endpoint.url = null
	security.protocol = PLAINTEXT
	security.providers = null
	send.buffer.bytes = 131072
	socket.connection.setup.timeout.max.ms = 30000
	socket.connection.setup.timeout.ms = 10000
	ssl.cipher.suites = null
	ssl.enabled.protocols = [TLSv1.2, TLSv1.3]
	ssl.endpoint.identification.algorithm = https
	ssl.engine.factory.class = null
	ssl.key.password = null
	ssl.keymanager.algorithm = SunX509
	ssl.keystore.certificate.chain = null
	ssl.keystore.key = null
	ssl.keystore.location = null
	ssl.keystore.password = null
	ssl.keystore.type = JKS
	ssl.protocol = TLSv1.3
	ssl.provider = null
	ssl.secure.random.implementation = null
	ssl.trustmanager.algorithm = PKIX
	ssl.truststore.certificates = null
	ssl.truststore.location = null
	ssl.truststore.password = null
	ssl.truststore.type = JKS
	transaction.timeout.ms = 60000
	transactional.id = null
	value.serializer = class io.apicurio.registry.serde.avro.AvroKafkaSerializer

2025-07-31 15:31:32,481 INFO  [org.apa.kaf.com.tel.int.KafkaMetricsCollector] (main) initializing Kafka metrics collector
2025-07-31 15:31:32,484 INFO  [org.apa.kaf.cli.pro.KafkaProducer] (main) [Producer clientId=Producer-topic-e77aec40_289c_4b00_aeeb_9aedeb431094] Instantiated an idempotent producer.
2025-07-31 15:31:32,485 INFO  [org.apa.kaf.cli.pro.ProducerConfig] (main) These configurations '[apicurio.registry.url, apicurio.registry.artifact-resolver-strategy]' were supplied but are not used yet.
2025-07-31 15:31:32,485 INFO  [org.apa.kaf.com.uti.AppInfoParser] (main) Kafka version: 3.9.0
2025-07-31 15:31:32,485 INFO  [org.apa.kaf.com.uti.AppInfoParser] (main) Kafka commitId: 84caaa6e9da06435
2025-07-31 15:31:32,485 INFO  [org.apa.kaf.com.uti.AppInfoParser] (main) Kafka startTimeMs: 1753975892485
2025-07-31 15:31:32,485 INFO  [io.api.tes.ser.api.SimpleSerdesTesterBuilder$SimpleSerdesTester] (main) Using producer configuration: {apicurio.registry.url=http://registry-app-postgresql.apps.ci419.apicurio-testing.org:80/apis/registry/v3, apicurio.registry.artifact-resolver-strategy=io.apicurio.registry.serde.strategy.TopicIdStrategy, value.serializer=io.apicurio.registry.serde.avro.AvroKafkaSerializer, request.timeout.ms=5000, acks=all, bootstrap.servers=PLAINTEXT://localhost:32770, connections.max.idle.ms=10000, key.serializer=org.apache.kafka.common.serialization.StringSerializer, client.id=Producer-topic-e77aec40_289c_4b00_aeeb_9aedeb431094}
2025-07-31 15:31:32,486 INFO  [io.api.tes.ser.api.SimpleSerdesTesterBuilder$SimpleSerdesTester] (main) Using consumer configuration: {}
2025-07-31 15:31:32,486 INFO  [io.api.tes.ser.api.KafkaSerdesTester] (Thread-428) Sending message {"key1": "value-0"} to topic topic-e77aec40_289c_4b00_aeeb_9aedeb431094
2025-07-31 15:31:32,489 INFO  [org.apa.kaf.cli.Metadata] (kafka-producer-network-thread | Producer-topic-e77aec40_289c_4b00_aeeb_9aedeb431094) [Producer clientId=Producer-topic-e77aec40_289c_4b00_aeeb_9aedeb431094] Cluster ID: BgnDnmd_Rn-oXa8M1ygsew
2025-07-31 15:31:32,489 INFO  [org.apa.kaf.cli.pro.int.TransactionManager] (kafka-producer-network-thread | Producer-topic-e77aec40_289c_4b00_aeeb_9aedeb431094) [Producer clientId=Producer-topic-e77aec40_289c_4b00_aeeb_9aedeb431094] ProducerId set to 56 with epoch 0
2025-07-31 15:31:32,489 INFO  [DefaultSchemaResolver] (Thread-428) Retrieving schema content using string: {"type":"record","name":"myrecordconfluent1","fields":[{"name":"key1","type":"string"}]}
2025-07-31 15:31:32,511 INFO  [io.api.tes.ser.api.KafkaSerdesTester] (Thread-428) Sending message {"key1": "value-1"} to topic topic-e77aec40_289c_4b00_aeeb_9aedeb431094
2025-07-31 15:31:32,512 INFO  [io.api.tes.ser.api.KafkaSerdesTester] (Thread-428) Sending message {"key1": "value-2"} to topic topic-e77aec40_289c_4b00_aeeb_9aedeb431094
2025-07-31 15:31:32,513 INFO  [io.api.tes.ser.api.KafkaSerdesTester] (Thread-428) Sending message {"key1": "value-3"} to topic topic-e77aec40_289c_4b00_aeeb_9aedeb431094
2025-07-31 15:31:32,514 INFO  [io.api.tes.ser.api.KafkaSerdesTester] (Thread-428) Sending message {"key1": "value-4"} to topic topic-e77aec40_289c_4b00_aeeb_9aedeb431094
2025-07-31 15:31:32,515 INFO  [io.api.tes.ser.api.KafkaSerdesTester] (Thread-428) Sending message {"key1": "value-5"} to topic topic-e77aec40_289c_4b00_aeeb_9aedeb431094
2025-07-31 15:31:32,516 INFO  [io.api.tes.ser.api.KafkaSerdesTester] (Thread-428) Sending message {"key1": "value-6"} to topic topic-e77aec40_289c_4b00_aeeb_9aedeb431094
2025-07-31 15:31:32,517 INFO  [io.api.tes.ser.api.KafkaSerdesTester] (Thread-428) Sending message {"key1": "value-7"} to topic topic-e77aec40_289c_4b00_aeeb_9aedeb431094
2025-07-31 15:31:32,518 INFO  [io.api.tes.ser.api.KafkaSerdesTester] (Thread-428) Sending message {"key1": "value-8"} to topic topic-e77aec40_289c_4b00_aeeb_9aedeb431094
2025-07-31 15:31:32,519 INFO  [io.api.tes.ser.api.KafkaSerdesTester] (Thread-428) Sending message {"key1": "value-9"} to topic topic-e77aec40_289c_4b00_aeeb_9aedeb431094
2025-07-31 15:31:32,520 INFO  [io.api.tes.ser.api.KafkaSerdesTester] (Thread-428) Produced 10 messages
2025-07-31 15:31:32,520 INFO  [org.apa.kaf.cli.pro.KafkaProducer] (Thread-428) [Producer clientId=Producer-topic-e77aec40_289c_4b00_aeeb_9aedeb431094] Closing the Kafka producer with timeoutMillis = 9223372036854775807 ms.
2025-07-31 15:31:32,521 INFO  [org.apa.kaf.com.met.Metrics] (Thread-428) Metrics scheduler closed
2025-07-31 15:31:32,521 INFO  [org.apa.kaf.com.met.Metrics] (Thread-428) Closing reporter org.apache.kafka.common.metrics.JmxReporter
2025-07-31 15:31:32,521 INFO  [org.apa.kaf.com.met.Metrics] (Thread-428) Closing reporter org.apache.kafka.common.telemetry.internals.ClientTelemetryReporter
2025-07-31 15:31:32,521 INFO  [org.apa.kaf.com.met.Metrics] (Thread-428) Metrics reporters closed
2025-07-31 15:31:32,521 INFO  [org.apa.kaf.com.uti.AppInfoParser] (Thread-428) App info kafka.producer for Producer-topic-e77aec40_289c_4b00_aeeb_9aedeb431094 unregistered
2025-07-31 15:31:32,522 INFO  [org.apa.kaf.cli.con.ConsumerConfig] (main) ConsumerConfig values: 
	allow.auto.create.topics = true
	auto.commit.interval.ms = 500
	auto.include.jmx.reporter = true
	auto.offset.reset = earliest
	bootstrap.servers = [PLAINTEXT://localhost:32770]
	check.crcs = true
	client.dns.lookup = use_all_dns_ips
	client.id = consumer-Consumer-topic-e77aec40_289c_4b00_aeeb_9aedeb431094-42
	client.rack = 
	connections.max.idle.ms = 10000
	default.api.timeout.ms = 60000
	enable.auto.commit = true
	enable.metrics.push = true
	exclude.internal.topics = true
	fetch.max.bytes = 52428800
	fetch.max.wait.ms = 500
	fetch.min.bytes = 1
	group.id = Consumer-topic-e77aec40_289c_4b00_aeeb_9aedeb431094
	group.instance.id = null
	group.protocol = classic
	group.remote.assignor = null
	heartbeat.interval.ms = 3000
	interceptor.classes = []
	internal.leave.group.on.close = true
	internal.throw.on.fetch.stable.offset.unsupported = false
	isolation.level = read_uncommitted
	key.deserializer = class org.apache.kafka.common.serialization.StringDeserializer
	max.partition.fetch.bytes = 1048576
	max.poll.interval.ms = 300000
	max.poll.records = 500
	metadata.max.age.ms = 300000
	metadata.recovery.strategy = none
	metric.reporters = []
	metrics.num.samples = 2
	metrics.recording.level = INFO
	metrics.sample.window.ms = 30000
	partition.assignment.strategy = [class org.apache.kafka.clients.consumer.RangeAssignor, class org.apache.kafka.clients.consumer.CooperativeStickyAssignor]
	receive.buffer.bytes = 65536
	reconnect.backoff.max.ms = 1000
	reconnect.backoff.ms = 50
	request.timeout.ms = 5000
	retry.backoff.max.ms = 1000
	retry.backoff.ms = 100
	sasl.client.callback.handler.class = null
	sasl.jaas.config = null
	sasl.kerberos.kinit.cmd = /usr/bin/kinit
	sasl.kerberos.min.time.before.relogin = 60000
	sasl.kerberos.service.name = null
	sasl.kerberos.ticket.renew.jitter = 0.05
	sasl.kerberos.ticket.renew.window.factor = 0.8
	sasl.login.callback.handler.class = null
	sasl.login.class = null
	sasl.login.connect.timeout.ms = null
	sasl.login.read.timeout.ms = null
	sasl.login.refresh.buffer.seconds = 300
	sasl.login.refresh.min.period.seconds = 60
	sasl.login.refresh.window.factor = 0.8
	sasl.login.refresh.window.jitter = 0.05
	sasl.login.retry.backoff.max.ms = 10000
	sasl.login.retry.backoff.ms = 100
	sasl.mechanism = GSSAPI
	sasl.oauthbearer.clock.skew.seconds = 30
	sasl.oauthbearer.expected.audience = null
	sasl.oauthbearer.expected.issuer = null
	sasl.oauthbearer.header.urlencode = false
	sasl.oauthbearer.jwks.endpoint.refresh.ms = 3600000
	sasl.oauthbearer.jwks.endpoint.retry.backoff.max.ms = 10000
	sasl.oauthbearer.jwks.endpoint.retry.backoff.ms = 100
	sasl.oauthbearer.jwks.endpoint.url = null
	sasl.oauthbearer.scope.claim.name = scope
	sasl.oauthbearer.sub.claim.name = sub
	sasl.oauthbearer.token.endpoint.url = null
	security.protocol = PLAINTEXT
	security.providers = null
	send.buffer.bytes = 131072
	session.timeout.ms = 45000
	socket.connection.setup.timeout.max.ms = 30000
	socket.connection.setup.timeout.ms = 10000
	ssl.cipher.suites = null
	ssl.enabled.protocols = [TLSv1.2, TLSv1.3]
	ssl.endpoint.identification.algorithm = https
	ssl.engine.factory.class = null
	ssl.key.password = null
	ssl.keymanager.algorithm = SunX509
	ssl.keystore.certificate.chain = null
	ssl.keystore.key = null
	ssl.keystore.location = null
	ssl.keystore.password = null
	ssl.keystore.type = JKS
	ssl.protocol = TLSv1.3
	ssl.provider = null
	ssl.secure.random.implementation = null
	ssl.trustmanager.algorithm = PKIX
	ssl.truststore.certificates = null
	ssl.truststore.location = null
	ssl.truststore.password = null
	ssl.truststore.type = JKS
	value.deserializer = class io.confluent.kafka.serializers.KafkaAvroDeserializer

2025-07-31 15:31:32,522 INFO  [org.apa.kaf.com.tel.int.KafkaMetricsCollector] (main) initializing Kafka metrics collector
2025-07-31 15:31:32,522 INFO  [io.con.kaf.ser.KafkaAvroDeserializerConfig] (main) KafkaAvroDeserializerConfig values: 
	auto.register.schemas = true
	avro.reflection.allow.null = false
	avro.use.logical.type.converters = false
	basic.auth.credentials.source = URL
	basic.auth.user.info = [hidden]
	bearer.auth.cache.expiry.buffer.seconds = 300
	bearer.auth.client.id = null
	bearer.auth.client.secret = null
	bearer.auth.credentials.source = STATIC_TOKEN
	bearer.auth.custom.provider.class = null
	bearer.auth.identity.pool.id = null
	bearer.auth.issuer.endpoint.url = null
	bearer.auth.logical.cluster = null
	bearer.auth.scope = null
	bearer.auth.scope.claim.name = scope
	bearer.auth.sub.claim.name = sub
	bearer.auth.token = [hidden]
	context.name.strategy = class io.confluent.kafka.serializers.context.NullContextNameStrategy
	http.connect.timeout.ms = 60000
	http.read.timeout.ms = 60000
	id.compatibility.strict = true
	key.subject.name.strategy = class io.confluent.kafka.serializers.subject.TopicNameStrategy
	latest.cache.size = 1000
	latest.cache.ttl.sec = -1
	latest.compatibility.strict = true
	max.retries = 3
	max.schemas.per.subject = 1000
	normalize.schemas = false
	propagate.schema.tags = false
	proxy.host = 
	proxy.port = -1
	retries.max.wait.ms = 20000
	retries.wait.ms = 1000
	rule.actions = []
	rule.executors = []
	rule.service.loader.enable = true
	schema.format = null
	schema.reflection = false
	schema.registry.basic.auth.user.info = [hidden]
	schema.registry.ssl.cipher.suites = null
	schema.registry.ssl.enabled.protocols = [TLSv1.2, TLSv1.3]
	schema.registry.ssl.endpoint.identification.algorithm = https
	schema.registry.ssl.engine.factory.class = null
	schema.registry.ssl.key.password = null
	schema.registry.ssl.keymanager.algorithm = SunX509
	schema.registry.ssl.keystore.certificate.chain = null
	schema.registry.ssl.keystore.key = null
	schema.registry.ssl.keystore.location = null
	schema.registry.ssl.keystore.password = null
	schema.registry.ssl.keystore.type = JKS
	schema.registry.ssl.protocol = TLSv1.3
	schema.registry.ssl.provider = null
	schema.registry.ssl.secure.random.implementation = null
	schema.registry.ssl.trustmanager.algorithm = PKIX
	schema.registry.ssl.truststore.certificates = null
	schema.registry.ssl.truststore.location = null
	schema.registry.ssl.truststore.password = null
	schema.registry.ssl.truststore.type = JKS
	schema.registry.url = [http://registry-app-postgresql.apps.ci419.apicurio-testing.org:80/apis/ccompat/v7]
	specific.avro.key.type = null
	specific.avro.reader = false
	specific.avro.value.type = null
	use.latest.version = false
	use.latest.with.metadata = null
	use.schema.id = -1
	value.subject.name.strategy = class io.confluent.kafka.serializers.subject.TopicNameStrategy

2025-07-31 15:31:32,522 INFO  [io.con.kaf.ser.KafkaAvroDeserializerConfig] (main) KafkaAvroDeserializerConfig values: 
	auto.register.schemas = true
	avro.reflection.allow.null = false
	avro.use.logical.type.converters = false
	basic.auth.credentials.source = URL
	basic.auth.user.info = [hidden]
	bearer.auth.cache.expiry.buffer.seconds = 300
	bearer.auth.client.id = null
	bearer.auth.client.secret = null
	bearer.auth.credentials.source = STATIC_TOKEN
	bearer.auth.custom.provider.class = null
	bearer.auth.identity.pool.id = null
	bearer.auth.issuer.endpoint.url = null
	bearer.auth.logical.cluster = null
	bearer.auth.scope = null
	bearer.auth.scope.claim.name = scope
	bearer.auth.sub.claim.name = sub
	bearer.auth.token = [hidden]
	context.name.strategy = class io.confluent.kafka.serializers.context.NullContextNameStrategy
	http.connect.timeout.ms = 60000
	http.read.timeout.ms = 60000
	id.compatibility.strict = true
	key.subject.name.strategy = class io.confluent.kafka.serializers.subject.TopicNameStrategy
	latest.cache.size = 1000
	latest.cache.ttl.sec = -1
	latest.compatibility.strict = true
	max.retries = 3
	max.schemas.per.subject = 1000
	normalize.schemas = false
	propagate.schema.tags = false
	proxy.host = 
	proxy.port = -1
	retries.max.wait.ms = 20000
	retries.wait.ms = 1000
	rule.actions = []
	rule.executors = []
	rule.service.loader.enable = true
	schema.format = null
	schema.reflection = false
	schema.registry.basic.auth.user.info = [hidden]
	schema.registry.ssl.cipher.suites = null
	schema.registry.ssl.enabled.protocols = [TLSv1.2, TLSv1.3]
	schema.registry.ssl.endpoint.identification.algorithm = https
	schema.registry.ssl.engine.factory.class = null
	schema.registry.ssl.key.password = null
	schema.registry.ssl.keymanager.algorithm = SunX509
	schema.registry.ssl.keystore.certificate.chain = null
	schema.registry.ssl.keystore.key = null
	schema.registry.ssl.keystore.location = null
	schema.registry.ssl.keystore.password = null
	schema.registry.ssl.keystore.type = JKS
	schema.registry.ssl.protocol = TLSv1.3
	schema.registry.ssl.provider = null
	schema.registry.ssl.secure.random.implementation = null
	schema.registry.ssl.trustmanager.algorithm = PKIX
	schema.registry.ssl.truststore.certificates = null
	schema.registry.ssl.truststore.location = null
	schema.registry.ssl.truststore.password = null
	schema.registry.ssl.truststore.type = JKS
	schema.registry.url = [http://registry-app-postgresql.apps.ci419.apicurio-testing.org:80/apis/ccompat/v7]
	specific.avro.key.type = null
	specific.avro.reader = false
	specific.avro.value.type = null
	use.latest.version = false
	use.latest.with.metadata = null
	use.schema.id = -1
	value.subject.name.strategy = class io.confluent.kafka.serializers.subject.TopicNameStrategy

2025-07-31 15:31:32,526 INFO  [org.apa.kaf.cli.con.ConsumerConfig] (main) These configurations '[schema.registry.url]' were supplied but are not used yet.
2025-07-31 15:31:32,526 INFO  [org.apa.kaf.com.uti.AppInfoParser] (main) Kafka version: 3.9.0
2025-07-31 15:31:32,526 INFO  [org.apa.kaf.com.uti.AppInfoParser] (main) Kafka commitId: 84caaa6e9da06435
2025-07-31 15:31:32,526 INFO  [org.apa.kaf.com.uti.AppInfoParser] (main) Kafka startTimeMs: 1753975892526
2025-07-31 15:31:32,527 INFO  [org.apa.kaf.cli.con.int.ClassicKafkaConsumer] (Thread-429) [Consumer clientId=consumer-Consumer-topic-e77aec40_289c_4b00_aeeb_9aedeb431094-42, groupId=Consumer-topic-e77aec40_289c_4b00_aeeb_9aedeb431094] Subscribed to topic(s): topic-e77aec40_289c_4b00_aeeb_9aedeb431094
2025-07-31 15:31:32,530 INFO  [org.apa.kaf.cli.Metadata] (Thread-429) [Consumer clientId=consumer-Consumer-topic-e77aec40_289c_4b00_aeeb_9aedeb431094-42, groupId=Consumer-topic-e77aec40_289c_4b00_aeeb_9aedeb431094] Cluster ID: BgnDnmd_Rn-oXa8M1ygsew
2025-07-31 15:31:32,531 INFO  [org.apa.kaf.cli.con.int.ConsumerCoordinator] (Thread-429) [Consumer clientId=consumer-Consumer-topic-e77aec40_289c_4b00_aeeb_9aedeb431094-42, groupId=Consumer-topic-e77aec40_289c_4b00_aeeb_9aedeb431094] Discovered group coordinator localhost:32770 (id: 2147483647 rack: null)
2025-07-31 15:31:32,532 INFO  [org.apa.kaf.cli.con.int.ConsumerCoordinator] (Thread-429) [Consumer clientId=consumer-Consumer-topic-e77aec40_289c_4b00_aeeb_9aedeb431094-42, groupId=Consumer-topic-e77aec40_289c_4b00_aeeb_9aedeb431094] (Re-)joining group
2025-07-31 15:31:32,538 INFO  [org.apa.kaf.cli.con.int.ConsumerCoordinator] (Thread-429) [Consumer clientId=consumer-Consumer-topic-e77aec40_289c_4b00_aeeb_9aedeb431094-42, groupId=Consumer-topic-e77aec40_289c_4b00_aeeb_9aedeb431094] Request joining group due to: need to re-join with the given member-id: consumer-Consumer-topic-e77aec40_289c_4b00_aeeb_9aedeb431094-42-e035e8d0-d300-428b-bc57-a8e866136510
2025-07-31 15:31:32,539 INFO  [org.apa.kaf.cli.con.int.ConsumerCoordinator] (Thread-429) [Consumer clientId=consumer-Consumer-topic-e77aec40_289c_4b00_aeeb_9aedeb431094-42, groupId=Consumer-topic-e77aec40_289c_4b00_aeeb_9aedeb431094] (Re-)joining group
2025-07-31 15:31:32,543 INFO  [org.apa.kaf.cli.con.int.ConsumerCoordinator] (Thread-429) [Consumer clientId=consumer-Consumer-topic-e77aec40_289c_4b00_aeeb_9aedeb431094-42, groupId=Consumer-topic-e77aec40_289c_4b00_aeeb_9aedeb431094] Successfully joined group with generation Generation{generationId=1, memberId='consumer-Consumer-topic-e77aec40_289c_4b00_aeeb_9aedeb431094-42-e035e8d0-d300-428b-bc57-a8e866136510', protocol='range'}
2025-07-31 15:31:32,543 INFO  [org.apa.kaf.cli.con.int.ConsumerCoordinator] (Thread-429) [Consumer clientId=consumer-Consumer-topic-e77aec40_289c_4b00_aeeb_9aedeb431094-42, groupId=Consumer-topic-e77aec40_289c_4b00_aeeb_9aedeb431094] Finished assignment for group at generation 1: {consumer-Consumer-topic-e77aec40_289c_4b00_aeeb_9aedeb431094-42-e035e8d0-d300-428b-bc57-a8e866136510=Assignment(partitions=[topic-e77aec40_289c_4b00_aeeb_9aedeb431094-0])}
2025-07-31 15:31:32,545 INFO  [org.apa.kaf.cli.con.int.ConsumerCoordinator] (Thread-429) [Consumer clientId=consumer-Consumer-topic-e77aec40_289c_4b00_aeeb_9aedeb431094-42, groupId=Consumer-topic-e77aec40_289c_4b00_aeeb_9aedeb431094] Successfully synced group in generation Generation{generationId=1, memberId='consumer-Consumer-topic-e77aec40_289c_4b00_aeeb_9aedeb431094-42-e035e8d0-d300-428b-bc57-a8e866136510', protocol='range'}
2025-07-31 15:31:32,545 INFO  [org.apa.kaf.cli.con.int.ConsumerCoordinator] (Thread-429) [Consumer clientId=consumer-Consumer-topic-e77aec40_289c_4b00_aeeb_9aedeb431094-42, groupId=Consumer-topic-e77aec40_289c_4b00_aeeb_9aedeb431094] Notifying assignor about the new Assignment(partitions=[topic-e77aec40_289c_4b00_aeeb_9aedeb431094-0])
2025-07-31 15:31:32,545 INFO  [org.apa.kaf.cli.con.int.ConsumerRebalanceListenerInvoker] (Thread-429) [Consumer clientId=consumer-Consumer-topic-e77aec40_289c_4b00_aeeb_9aedeb431094-42, groupId=Consumer-topic-e77aec40_289c_4b00_aeeb_9aedeb431094] Adding newly assigned partitions: topic-e77aec40_289c_4b00_aeeb_9aedeb431094-0
2025-07-31 15:31:32,548 INFO  [org.apa.kaf.cli.con.int.ConsumerCoordinator] (Thread-429) [Consumer clientId=consumer-Consumer-topic-e77aec40_289c_4b00_aeeb_9aedeb431094-42, groupId=Consumer-topic-e77aec40_289c_4b00_aeeb_9aedeb431094] Found no committed offset for partition topic-e77aec40_289c_4b00_aeeb_9aedeb431094-0
2025-07-31 15:31:32,554 INFO  [org.apa.kaf.cli.con.int.SubscriptionState] (Thread-429) [Consumer clientId=consumer-Consumer-topic-e77aec40_289c_4b00_aeeb_9aedeb431094-42, groupId=Consumer-topic-e77aec40_289c_4b00_aeeb_9aedeb431094] Resetting offset for partition topic-e77aec40_289c_4b00_aeeb_9aedeb431094-0 to position FetchPosition{offset=0, offsetEpoch=Optional.empty, currentLeader=LeaderAndEpoch{leader=Optional[localhost:32770 (id: 0 rack: null)], epoch=0}}.
2025-07-31 15:31:32,570 INFO  [io.api.tes.ser.api.KafkaSerdesTester] (Thread-429) topic-e77aec40_289c_4b00_aeeb_9aedeb431094 0 0 {"key1": "value-0"}
2025-07-31 15:31:32,570 INFO  [io.api.tes.ser.api.KafkaSerdesTester] (Thread-429) topic-e77aec40_289c_4b00_aeeb_9aedeb431094 0 1 {"key1": "value-1"}
2025-07-31 15:31:32,570 INFO  [io.api.tes.ser.api.KafkaSerdesTester] (Thread-429) topic-e77aec40_289c_4b00_aeeb_9aedeb431094 0 2 {"key1": "value-2"}
2025-07-31 15:31:32,570 INFO  [io.api.tes.ser.api.KafkaSerdesTester] (Thread-429) topic-e77aec40_289c_4b00_aeeb_9aedeb431094 0 3 {"key1": "value-3"}
2025-07-31 15:31:32,570 INFO  [io.api.tes.ser.api.KafkaSerdesTester] (Thread-429) topic-e77aec40_289c_4b00_aeeb_9aedeb431094 0 4 {"key1": "value-4"}
2025-07-31 15:31:32,570 INFO  [io.api.tes.ser.api.KafkaSerdesTester] (Thread-429) topic-e77aec40_289c_4b00_aeeb_9aedeb431094 0 5 {"key1": "value-5"}
2025-07-31 15:31:32,570 INFO  [io.api.tes.ser.api.KafkaSerdesTester] (Thread-429) topic-e77aec40_289c_4b00_aeeb_9aedeb431094 0 6 {"key1": "value-6"}
2025-07-31 15:31:32,570 INFO  [io.api.tes.ser.api.KafkaSerdesTester] (Thread-429) topic-e77aec40_289c_4b00_aeeb_9aedeb431094 0 7 {"key1": "value-7"}
2025-07-31 15:31:32,570 INFO  [io.api.tes.ser.api.KafkaSerdesTester] (Thread-429) topic-e77aec40_289c_4b00_aeeb_9aedeb431094 0 8 {"key1": "value-8"}
2025-07-31 15:31:32,570 INFO  [io.api.tes.ser.api.KafkaSerdesTester] (Thread-429) topic-e77aec40_289c_4b00_aeeb_9aedeb431094 0 9 {"key1": "value-9"}
2025-07-31 15:31:32,570 INFO  [io.api.tes.ser.api.KafkaSerdesTester] (Thread-429) Consumed 10 messages
2025-07-31 15:31:32,572 INFO  [org.apa.kaf.cli.con.int.ConsumerRebalanceListenerInvoker] (Thread-429) [Consumer clientId=consumer-Consumer-topic-e77aec40_289c_4b00_aeeb_9aedeb431094-42, groupId=Consumer-topic-e77aec40_289c_4b00_aeeb_9aedeb431094] Revoke previously assigned partitions topic-e77aec40_289c_4b00_aeeb_9aedeb431094-0
2025-07-31 15:31:32,572 INFO  [org.apa.kaf.cli.con.int.ConsumerCoordinator] (Thread-429) [Consumer clientId=consumer-Consumer-topic-e77aec40_289c_4b00_aeeb_9aedeb431094-42, groupId=Consumer-topic-e77aec40_289c_4b00_aeeb_9aedeb431094] Member consumer-Consumer-topic-e77aec40_289c_4b00_aeeb_9aedeb431094-42-e035e8d0-d300-428b-bc57-a8e866136510 sending LeaveGroup request to coordinator localhost:32770 (id: 2147483647 rack: null) due to the consumer is being closed
2025-07-31 15:31:32,572 INFO  [org.apa.kaf.cli.con.int.ConsumerCoordinator] (Thread-429) [Consumer clientId=consumer-Consumer-topic-e77aec40_289c_4b00_aeeb_9aedeb431094-42, groupId=Consumer-topic-e77aec40_289c_4b00_aeeb_9aedeb431094] Resetting generation and member id due to: consumer pro-actively leaving the group
2025-07-31 15:31:32,572 INFO  [org.apa.kaf.cli.con.int.ConsumerCoordinator] (Thread-429) [Consumer clientId=consumer-Consumer-topic-e77aec40_289c_4b00_aeeb_9aedeb431094-42, groupId=Consumer-topic-e77aec40_289c_4b00_aeeb_9aedeb431094] Request joining group due to: consumer pro-actively leaving the group
2025-07-31 15:31:33,072 INFO  [org.apa.kaf.com.met.Metrics] (Thread-429) Metrics scheduler closed
2025-07-31 15:31:33,072 INFO  [org.apa.kaf.com.met.Metrics] (Thread-429) Closing reporter org.apache.kafka.common.metrics.JmxReporter
2025-07-31 15:31:33,073 INFO  [org.apa.kaf.com.met.Metrics] (Thread-429) Closing reporter org.apache.kafka.common.telemetry.internals.ClientTelemetryReporter
2025-07-31 15:31:33,073 INFO  [org.apa.kaf.com.met.Metrics] (Thread-429) Metrics reporters closed
2025-07-31 15:31:33,074 INFO  [org.apa.kaf.com.uti.AppInfoParser] (Thread-429) App info kafka.consumer for consumer-Consumer-topic-e77aec40_289c_4b00_aeeb_9aedeb431094-42 unregistered
2025-07-31 15:31:33,095 INFO  [io.api.tes.ser.con.BasicConfluentSerDesIT] (main) Deleting confluent schema topic-e77aec40_289c_4b00_aeeb_9aedeb431094-value
2025-07-31 15:31:33,111 INFO  [io.api.tes.uti.TestSeparator] (main) io.apicurio.tests.serdes.confluent.BasicConfluentSerDesIT.testAvroApicurioConfluent-FINISHED
2025-07-31 15:31:33,111 INFO  [io.api.tes.uti.TestSeparator] (main) ############################################################################
]]></system-out>
  </testcase>
  <testcase name="testAvroConfluentSerDesFail" classname="io.apicurio.tests.serdes.confluent.BasicConfluentSerDesIT" time="0.135">
    <system-out><![CDATA[2025-07-31 15:31:33,112 INFO  [io.api.tes.uti.TestSeparator] (main) ############################################################################
2025-07-31 15:31:33,112 INFO  [io.api.tes.uti.TestSeparator] (main) io.apicurio.tests.serdes.confluent.BasicConfluentSerDesIT.testAvroConfluentSerDesFail-STARTED
2025-07-31 15:31:33,159 INFO  [io.api.tes.ser.con.BasicConfluentSerDesIT] (main) Checking that created schema is equal to the get schema
2025-07-31 15:31:33,172 INFO  [io.api.tes.ser.con.BasicConfluentSerDesIT] (main) Created schema with id:50 and name:myrecordconfluent2
2025-07-31 15:31:33,173 INFO  [org.apa.kaf.cli.pro.ProducerConfig] (main) ProducerConfig values: 
	acks = -1
	auto.include.jmx.reporter = true
	batch.size = 16384
	bootstrap.servers = [PLAINTEXT://localhost:32770]
	buffer.memory = 33554432
	client.dns.lookup = use_all_dns_ips
	client.id = Producer-topic-9c236877_5ccb_4de5_aec8_1ad7a34c1109
	compression.gzip.level = -1
	compression.lz4.level = 9
	compression.type = none
	compression.zstd.level = 3
	connections.max.idle.ms = 10000
	delivery.timeout.ms = 120000
	enable.idempotence = true
	enable.metrics.push = true
	interceptor.classes = []
	key.serializer = class org.apache.kafka.common.serialization.StringSerializer
	linger.ms = 0
	max.block.ms = 60000
	max.in.flight.requests.per.connection = 5
	max.request.size = 1048576
	metadata.max.age.ms = 300000
	metadata.max.idle.ms = 300000
	metadata.recovery.strategy = none
	metric.reporters = []
	metrics.num.samples = 2
	metrics.recording.level = INFO
	metrics.sample.window.ms = 30000
	partitioner.adaptive.partitioning.enable = true
	partitioner.availability.timeout.ms = 0
	partitioner.class = null
	partitioner.ignore.keys = false
	receive.buffer.bytes = 32768
	reconnect.backoff.max.ms = 1000
	reconnect.backoff.ms = 50
	request.timeout.ms = 5000
	retries = 2147483647
	retry.backoff.max.ms = 1000
	retry.backoff.ms = 100
	sasl.client.callback.handler.class = null
	sasl.jaas.config = null
	sasl.kerberos.kinit.cmd = /usr/bin/kinit
	sasl.kerberos.min.time.before.relogin = 60000
	sasl.kerberos.service.name = null
	sasl.kerberos.ticket.renew.jitter = 0.05
	sasl.kerberos.ticket.renew.window.factor = 0.8
	sasl.login.callback.handler.class = null
	sasl.login.class = null
	sasl.login.connect.timeout.ms = null
	sasl.login.read.timeout.ms = null
	sasl.login.refresh.buffer.seconds = 300
	sasl.login.refresh.min.period.seconds = 60
	sasl.login.refresh.window.factor = 0.8
	sasl.login.refresh.window.jitter = 0.05
	sasl.login.retry.backoff.max.ms = 10000
	sasl.login.retry.backoff.ms = 100
	sasl.mechanism = GSSAPI
	sasl.oauthbearer.clock.skew.seconds = 30
	sasl.oauthbearer.expected.audience = null
	sasl.oauthbearer.expected.issuer = null
	sasl.oauthbearer.header.urlencode = false
	sasl.oauthbearer.jwks.endpoint.refresh.ms = 3600000
	sasl.oauthbearer.jwks.endpoint.retry.backoff.max.ms = 10000
	sasl.oauthbearer.jwks.endpoint.retry.backoff.ms = 100
	sasl.oauthbearer.jwks.endpoint.url = null
	sasl.oauthbearer.scope.claim.name = scope
	sasl.oauthbearer.sub.claim.name = sub
	sasl.oauthbearer.token.endpoint.url = null
	security.protocol = PLAINTEXT
	security.providers = null
	send.buffer.bytes = 131072
	socket.connection.setup.timeout.max.ms = 30000
	socket.connection.setup.timeout.ms = 10000
	ssl.cipher.suites = null
	ssl.enabled.protocols = [TLSv1.2, TLSv1.3]
	ssl.endpoint.identification.algorithm = https
	ssl.engine.factory.class = null
	ssl.key.password = null
	ssl.keymanager.algorithm = SunX509
	ssl.keystore.certificate.chain = null
	ssl.keystore.key = null
	ssl.keystore.location = null
	ssl.keystore.password = null
	ssl.keystore.type = JKS
	ssl.protocol = TLSv1.3
	ssl.provider = null
	ssl.secure.random.implementation = null
	ssl.trustmanager.algorithm = PKIX
	ssl.truststore.certificates = null
	ssl.truststore.location = null
	ssl.truststore.password = null
	ssl.truststore.type = JKS
	transaction.timeout.ms = 60000
	transactional.id = null
	value.serializer = class io.confluent.kafka.serializers.KafkaAvroSerializer

2025-07-31 15:31:33,173 INFO  [org.apa.kaf.com.tel.int.KafkaMetricsCollector] (main) initializing Kafka metrics collector
2025-07-31 15:31:33,174 INFO  [io.con.kaf.ser.KafkaAvroSerializerConfig] (main) KafkaAvroSerializerConfig values: 
	auto.register.schemas = false
	avro.reflection.allow.null = false
	avro.remove.java.properties = false
	avro.use.logical.type.converters = false
	basic.auth.credentials.source = URL
	basic.auth.user.info = [hidden]
	bearer.auth.cache.expiry.buffer.seconds = 300
	bearer.auth.client.id = null
	bearer.auth.client.secret = null
	bearer.auth.credentials.source = STATIC_TOKEN
	bearer.auth.custom.provider.class = null
	bearer.auth.identity.pool.id = null
	bearer.auth.issuer.endpoint.url = null
	bearer.auth.logical.cluster = null
	bearer.auth.scope = null
	bearer.auth.scope.claim.name = scope
	bearer.auth.sub.claim.name = sub
	bearer.auth.token = [hidden]
	context.name.strategy = class io.confluent.kafka.serializers.context.NullContextNameStrategy
	http.connect.timeout.ms = 60000
	http.read.timeout.ms = 60000
	id.compatibility.strict = true
	key.subject.name.strategy = class io.confluent.kafka.serializers.subject.TopicNameStrategy
	latest.cache.size = 1000
	latest.cache.ttl.sec = -1
	latest.compatibility.strict = true
	max.retries = 3
	max.schemas.per.subject = 1000
	normalize.schemas = false
	propagate.schema.tags = false
	proxy.host = 
	proxy.port = -1
	retries.max.wait.ms = 20000
	retries.wait.ms = 1000
	rule.actions = []
	rule.executors = []
	rule.service.loader.enable = true
	schema.format = null
	schema.reflection = false
	schema.registry.basic.auth.user.info = [hidden]
	schema.registry.ssl.cipher.suites = null
	schema.registry.ssl.enabled.protocols = [TLSv1.2, TLSv1.3]
	schema.registry.ssl.endpoint.identification.algorithm = https
	schema.registry.ssl.engine.factory.class = null
	schema.registry.ssl.key.password = null
	schema.registry.ssl.keymanager.algorithm = SunX509
	schema.registry.ssl.keystore.certificate.chain = null
	schema.registry.ssl.keystore.key = null
	schema.registry.ssl.keystore.location = null
	schema.registry.ssl.keystore.password = null
	schema.registry.ssl.keystore.type = JKS
	schema.registry.ssl.protocol = TLSv1.3
	schema.registry.ssl.provider = null
	schema.registry.ssl.secure.random.implementation = null
	schema.registry.ssl.trustmanager.algorithm = PKIX
	schema.registry.ssl.truststore.certificates = null
	schema.registry.ssl.truststore.location = null
	schema.registry.ssl.truststore.password = null
	schema.registry.ssl.truststore.type = JKS
	schema.registry.url = [http://registry-app-postgresql.apps.ci419.apicurio-testing.org:80/apis/ccompat/v7]
	use.latest.version = false
	use.latest.with.metadata = null
	use.schema.id = -1
	value.subject.name.strategy = class io.confluent.kafka.serializers.subject.RecordNameStrategy

2025-07-31 15:31:33,188 INFO  [org.apa.kaf.cli.pro.KafkaProducer] (main) [Producer clientId=Producer-topic-9c236877_5ccb_4de5_aec8_1ad7a34c1109] Instantiated an idempotent producer.
2025-07-31 15:31:33,191 INFO  [org.apa.kaf.cli.pro.ProducerConfig] (main) These configurations '[schema.registry.url, auto.register.schemas, value.subject.name.strategy]' were supplied but are not used yet.
2025-07-31 15:31:33,191 INFO  [org.apa.kaf.com.uti.AppInfoParser] (main) Kafka version: 3.9.0
2025-07-31 15:31:33,191 INFO  [org.apa.kaf.com.uti.AppInfoParser] (main) Kafka commitId: 84caaa6e9da06435
2025-07-31 15:31:33,191 INFO  [org.apa.kaf.com.uti.AppInfoParser] (main) Kafka startTimeMs: 1753975893191
2025-07-31 15:31:33,192 INFO  [io.api.tes.ser.api.KafkaSerdesTester] (Thread-430) Sending message {"wrongkey": "value-0"} to topic topic-9c236877_5ccb_4de5_aec8_1ad7a34c1109
2025-07-31 15:31:33,195 INFO  [org.apa.kaf.cli.Metadata] (kafka-producer-network-thread | Producer-topic-9c236877_5ccb_4de5_aec8_1ad7a34c1109) [Producer clientId=Producer-topic-9c236877_5ccb_4de5_aec8_1ad7a34c1109] Cluster ID: BgnDnmd_Rn-oXa8M1ygsew
2025-07-31 15:31:33,196 INFO  [org.apa.kaf.cli.pro.int.TransactionManager] (kafka-producer-network-thread | Producer-topic-9c236877_5ccb_4de5_aec8_1ad7a34c1109) [Producer clientId=Producer-topic-9c236877_5ccb_4de5_aec8_1ad7a34c1109] ProducerId set to 57 with epoch 0
2025-07-31 15:31:33,208 INFO  [org.apa.kaf.cli.pro.KafkaProducer] (Thread-430) [Producer clientId=Producer-topic-9c236877_5ccb_4de5_aec8_1ad7a34c1109] Closing the Kafka producer with timeoutMillis = 9223372036854775807 ms.
2025-07-31 15:31:33,209 INFO  [org.apa.kaf.com.met.Metrics] (Thread-430) Metrics scheduler closed
2025-07-31 15:31:33,209 INFO  [org.apa.kaf.com.met.Metrics] (Thread-430) Closing reporter org.apache.kafka.common.metrics.JmxReporter
2025-07-31 15:31:33,209 INFO  [org.apa.kaf.com.met.Metrics] (Thread-430) Closing reporter org.apache.kafka.common.telemetry.internals.ClientTelemetryReporter
2025-07-31 15:31:33,209 INFO  [org.apa.kaf.com.met.Metrics] (Thread-430) Metrics reporters closed
2025-07-31 15:31:33,209 INFO  [org.apa.kaf.com.uti.AppInfoParser] (Thread-430) App info kafka.producer for Producer-topic-9c236877_5ccb_4de5_aec8_1ad7a34c1109 unregistered
2025-07-31 15:31:33,230 INFO  [io.api.tes.ser.con.BasicConfluentSerDesIT] (main) Deleting confluent schema myrecordconfluent2
2025-07-31 15:31:33,246 INFO  [io.api.tes.uti.TestSeparator] (main) io.apicurio.tests.serdes.confluent.BasicConfluentSerDesIT.testAvroConfluentSerDesFail-FINISHED
2025-07-31 15:31:33,246 INFO  [io.api.tes.uti.TestSeparator] (main) ############################################################################
]]></system-out>
  </testcase>
  <testcase name="testAvroConfluentSerDesWrongStrategyRecord" classname="io.apicurio.tests.serdes.confluent.BasicConfluentSerDesIT" time="0.127">
    <system-out><![CDATA[2025-07-31 15:31:33,248 INFO  [io.api.tes.uti.TestSeparator] (main) ############################################################################
2025-07-31 15:31:33,248 INFO  [io.api.tes.uti.TestSeparator] (main) io.apicurio.tests.serdes.confluent.BasicConfluentSerDesIT.testAvroConfluentSerDesWrongStrategyRecord-STARTED
2025-07-31 15:31:33,302 INFO  [io.api.tes.ser.con.BasicConfluentSerDesIT] (main) Checking that created schema is equal to the get schema
2025-07-31 15:31:33,316 INFO  [io.api.tes.ser.con.BasicConfluentSerDesIT] (main) Created schema with id:51 and name:myrecordconfluent4
2025-07-31 15:31:33,317 INFO  [org.apa.kaf.cli.pro.ProducerConfig] (main) ProducerConfig values: 
	acks = -1
	auto.include.jmx.reporter = true
	batch.size = 16384
	bootstrap.servers = [PLAINTEXT://localhost:32770]
	buffer.memory = 33554432
	client.dns.lookup = use_all_dns_ips
	client.id = Producer-topic-50a49e01_7c63_424c_985e_6d6728c3d9ee
	compression.gzip.level = -1
	compression.lz4.level = 9
	compression.type = none
	compression.zstd.level = 3
	connections.max.idle.ms = 10000
	delivery.timeout.ms = 120000
	enable.idempotence = true
	enable.metrics.push = true
	interceptor.classes = []
	key.serializer = class org.apache.kafka.common.serialization.StringSerializer
	linger.ms = 0
	max.block.ms = 60000
	max.in.flight.requests.per.connection = 5
	max.request.size = 1048576
	metadata.max.age.ms = 300000
	metadata.max.idle.ms = 300000
	metadata.recovery.strategy = none
	metric.reporters = []
	metrics.num.samples = 2
	metrics.recording.level = INFO
	metrics.sample.window.ms = 30000
	partitioner.adaptive.partitioning.enable = true
	partitioner.availability.timeout.ms = 0
	partitioner.class = null
	partitioner.ignore.keys = false
	receive.buffer.bytes = 32768
	reconnect.backoff.max.ms = 1000
	reconnect.backoff.ms = 50
	request.timeout.ms = 5000
	retries = 2147483647
	retry.backoff.max.ms = 1000
	retry.backoff.ms = 100
	sasl.client.callback.handler.class = null
	sasl.jaas.config = null
	sasl.kerberos.kinit.cmd = /usr/bin/kinit
	sasl.kerberos.min.time.before.relogin = 60000
	sasl.kerberos.service.name = null
	sasl.kerberos.ticket.renew.jitter = 0.05
	sasl.kerberos.ticket.renew.window.factor = 0.8
	sasl.login.callback.handler.class = null
	sasl.login.class = null
	sasl.login.connect.timeout.ms = null
	sasl.login.read.timeout.ms = null
	sasl.login.refresh.buffer.seconds = 300
	sasl.login.refresh.min.period.seconds = 60
	sasl.login.refresh.window.factor = 0.8
	sasl.login.refresh.window.jitter = 0.05
	sasl.login.retry.backoff.max.ms = 10000
	sasl.login.retry.backoff.ms = 100
	sasl.mechanism = GSSAPI
	sasl.oauthbearer.clock.skew.seconds = 30
	sasl.oauthbearer.expected.audience = null
	sasl.oauthbearer.expected.issuer = null
	sasl.oauthbearer.header.urlencode = false
	sasl.oauthbearer.jwks.endpoint.refresh.ms = 3600000
	sasl.oauthbearer.jwks.endpoint.retry.backoff.max.ms = 10000
	sasl.oauthbearer.jwks.endpoint.retry.backoff.ms = 100
	sasl.oauthbearer.jwks.endpoint.url = null
	sasl.oauthbearer.scope.claim.name = scope
	sasl.oauthbearer.sub.claim.name = sub
	sasl.oauthbearer.token.endpoint.url = null
	security.protocol = PLAINTEXT
	security.providers = null
	send.buffer.bytes = 131072
	socket.connection.setup.timeout.max.ms = 30000
	socket.connection.setup.timeout.ms = 10000
	ssl.cipher.suites = null
	ssl.enabled.protocols = [TLSv1.2, TLSv1.3]
	ssl.endpoint.identification.algorithm = https
	ssl.engine.factory.class = null
	ssl.key.password = null
	ssl.keymanager.algorithm = SunX509
	ssl.keystore.certificate.chain = null
	ssl.keystore.key = null
	ssl.keystore.location = null
	ssl.keystore.password = null
	ssl.keystore.type = JKS
	ssl.protocol = TLSv1.3
	ssl.provider = null
	ssl.secure.random.implementation = null
	ssl.trustmanager.algorithm = PKIX
	ssl.truststore.certificates = null
	ssl.truststore.location = null
	ssl.truststore.password = null
	ssl.truststore.type = JKS
	transaction.timeout.ms = 60000
	transactional.id = null
	value.serializer = class io.confluent.kafka.serializers.KafkaAvroSerializer

2025-07-31 15:31:33,317 INFO  [org.apa.kaf.com.tel.int.KafkaMetricsCollector] (main) initializing Kafka metrics collector
2025-07-31 15:31:33,318 INFO  [io.con.kaf.ser.KafkaAvroSerializerConfig] (main) KafkaAvroSerializerConfig values: 
	auto.register.schemas = false
	avro.reflection.allow.null = false
	avro.remove.java.properties = false
	avro.use.logical.type.converters = false
	basic.auth.credentials.source = URL
	basic.auth.user.info = [hidden]
	bearer.auth.cache.expiry.buffer.seconds = 300
	bearer.auth.client.id = null
	bearer.auth.client.secret = null
	bearer.auth.credentials.source = STATIC_TOKEN
	bearer.auth.custom.provider.class = null
	bearer.auth.identity.pool.id = null
	bearer.auth.issuer.endpoint.url = null
	bearer.auth.logical.cluster = null
	bearer.auth.scope = null
	bearer.auth.scope.claim.name = scope
	bearer.auth.sub.claim.name = sub
	bearer.auth.token = [hidden]
	context.name.strategy = class io.confluent.kafka.serializers.context.NullContextNameStrategy
	http.connect.timeout.ms = 60000
	http.read.timeout.ms = 60000
	id.compatibility.strict = true
	key.subject.name.strategy = class io.confluent.kafka.serializers.subject.TopicNameStrategy
	latest.cache.size = 1000
	latest.cache.ttl.sec = -1
	latest.compatibility.strict = true
	max.retries = 3
	max.schemas.per.subject = 1000
	normalize.schemas = false
	propagate.schema.tags = false
	proxy.host = 
	proxy.port = -1
	retries.max.wait.ms = 20000
	retries.wait.ms = 1000
	rule.actions = []
	rule.executors = []
	rule.service.loader.enable = true
	schema.format = null
	schema.reflection = false
	schema.registry.basic.auth.user.info = [hidden]
	schema.registry.ssl.cipher.suites = null
	schema.registry.ssl.enabled.protocols = [TLSv1.2, TLSv1.3]
	schema.registry.ssl.endpoint.identification.algorithm = https
	schema.registry.ssl.engine.factory.class = null
	schema.registry.ssl.key.password = null
	schema.registry.ssl.keymanager.algorithm = SunX509
	schema.registry.ssl.keystore.certificate.chain = null
	schema.registry.ssl.keystore.key = null
	schema.registry.ssl.keystore.location = null
	schema.registry.ssl.keystore.password = null
	schema.registry.ssl.keystore.type = JKS
	schema.registry.ssl.protocol = TLSv1.3
	schema.registry.ssl.provider = null
	schema.registry.ssl.secure.random.implementation = null
	schema.registry.ssl.trustmanager.algorithm = PKIX
	schema.registry.ssl.truststore.certificates = null
	schema.registry.ssl.truststore.location = null
	schema.registry.ssl.truststore.password = null
	schema.registry.ssl.truststore.type = JKS
	schema.registry.url = [http://registry-app-postgresql.apps.ci419.apicurio-testing.org:80/apis/ccompat/v7]
	use.latest.version = false
	use.latest.with.metadata = null
	use.schema.id = -1
	value.subject.name.strategy = class io.confluent.kafka.serializers.subject.RecordNameStrategy

2025-07-31 15:31:33,320 INFO  [org.apa.kaf.cli.pro.KafkaProducer] (main) [Producer clientId=Producer-topic-50a49e01_7c63_424c_985e_6d6728c3d9ee] Instantiated an idempotent producer.
2025-07-31 15:31:33,322 INFO  [org.apa.kaf.cli.pro.ProducerConfig] (main) These configurations '[schema.registry.url, auto.register.schemas, value.subject.name.strategy]' were supplied but are not used yet.
2025-07-31 15:31:33,322 INFO  [org.apa.kaf.com.uti.AppInfoParser] (main) Kafka version: 3.9.0
2025-07-31 15:31:33,322 INFO  [org.apa.kaf.com.uti.AppInfoParser] (main) Kafka commitId: 84caaa6e9da06435
2025-07-31 15:31:33,322 INFO  [org.apa.kaf.com.uti.AppInfoParser] (main) Kafka startTimeMs: 1753975893322
2025-07-31 15:31:33,325 INFO  [io.api.tes.ser.api.KafkaSerdesTester] (Thread-431) Sending message {"wrongkey": "value-0"} to topic topic-50a49e01_7c63_424c_985e_6d6728c3d9ee
2025-07-31 15:31:33,328 INFO  [org.apa.kaf.cli.Metadata] (kafka-producer-network-thread | Producer-topic-50a49e01_7c63_424c_985e_6d6728c3d9ee) [Producer clientId=Producer-topic-50a49e01_7c63_424c_985e_6d6728c3d9ee] Cluster ID: BgnDnmd_Rn-oXa8M1ygsew
2025-07-31 15:31:33,328 INFO  [org.apa.kaf.cli.pro.int.TransactionManager] (kafka-producer-network-thread | Producer-topic-50a49e01_7c63_424c_985e_6d6728c3d9ee) [Producer clientId=Producer-topic-50a49e01_7c63_424c_985e_6d6728c3d9ee] ProducerId set to 58 with epoch 0
2025-07-31 15:31:33,338 INFO  [org.apa.kaf.cli.pro.KafkaProducer] (Thread-431) [Producer clientId=Producer-topic-50a49e01_7c63_424c_985e_6d6728c3d9ee] Closing the Kafka producer with timeoutMillis = 9223372036854775807 ms.
2025-07-31 15:31:33,339 INFO  [org.apa.kaf.com.met.Metrics] (Thread-431) Metrics scheduler closed
2025-07-31 15:31:33,339 INFO  [org.apa.kaf.com.met.Metrics] (Thread-431) Closing reporter org.apache.kafka.common.metrics.JmxReporter
2025-07-31 15:31:33,339 INFO  [org.apa.kaf.com.met.Metrics] (Thread-431) Closing reporter org.apache.kafka.common.telemetry.internals.ClientTelemetryReporter
2025-07-31 15:31:33,339 INFO  [org.apa.kaf.com.met.Metrics] (Thread-431) Metrics reporters closed
2025-07-31 15:31:33,339 INFO  [org.apa.kaf.com.uti.AppInfoParser] (Thread-431) App info kafka.producer for Producer-topic-50a49e01_7c63_424c_985e_6d6728c3d9ee unregistered
2025-07-31 15:31:33,358 INFO  [io.api.tes.ser.con.BasicConfluentSerDesIT] (main) Deleting confluent schema topic-50a49e01_7c63_424c_985e_6d6728c3d9ee-value
2025-07-31 15:31:33,374 INFO  [io.api.tes.uti.TestSeparator] (main) io.apicurio.tests.serdes.confluent.BasicConfluentSerDesIT.testAvroConfluentSerDesWrongStrategyRecord-FINISHED
2025-07-31 15:31:33,374 INFO  [io.api.tes.uti.TestSeparator] (main) ############################################################################
]]></system-out>
  </testcase>
</testsuite>