<?xml version="1.0" encoding="UTF-8"?>
<testsuite xmlns:xsi="http://www.w3.org/2001/XMLSchema-instance" xsi:noNamespaceSchemaLocation="https://maven.apache.org/surefire/maven-failsafe-plugin/xsd/failsafe-test-report.xsd" version="3.0.2" name="io.apicurio.tests.serdes.apicurio.AvroSerdeIT" time="51.794" tests="21" errors="0" skipped="2" failures="0">
  <properties>
    <property name="java.specification.version" value="17"/>
    <property name="sun.jnu.encoding" value="UTF-8"/>
    <property name="java.class.path" value="/home/runner/work/apicurio-testing/apicurio-testing/clusters/ci419/namespaces/kafkasql/tests/integration/apicurio-registry/integration-tests/target/test-classes:/home/runner/work/apicurio-testing/apicurio-testing/clusters/ci419/namespaces/kafkasql/tests/integration/apicurio-registry/integration-tests/target/apicurio-registry-integration-tests-3.0.11-SNAPSHOT.jar:/home/runner/.m2/repository/io/quarkus/quarkus-junit5/3.20.1/quarkus-junit5-3.20.1.jar:/home/runner/.m2/repository/io/quarkus/quarkus-bootstrap-core/3.20.1/quarkus-bootstrap-core-3.20.1.jar:/home/runner/.m2/repository/io/quarkus/quarkus-classloader-commons/3.20.1/quarkus-classloader-commons-3.20.1.jar:/home/runner/.m2/repository/io/quarkus/quarkus-bootstrap-app-model/3.20.1/quarkus-bootstrap-app-model-3.20.1.jar:/home/runner/.m2/repository/io/smallrye/common/smallrye-common-io/2.12.0/smallrye-common-io-2.12.0.jar:/home/runner/.m2/repository/org/eclipse/sisu/org.eclipse.sisu.inject/0.9.0.M3/org.eclipse.sisu.inject-0.9.0.M3.jar:/home/runner/.m2/repository/io/quarkus/quarkus-test-common/3.20.1/quarkus-test-common-3.20.1.jar:/home/runner/.m2/repository/io/quarkus/quarkus-core-deployment/3.20.1/quarkus-core-deployment-3.20.1.jar:/home/runner/.m2/repository/org/aesh/readline/2.6/readline-2.6.jar:/home/runner/.m2/repository/org/fusesource/jansi/jansi/2.4.0/jansi-2.4.0.jar:/home/runner/.m2/repository/org/aesh/aesh/2.8.2/aesh-2.8.2.jar:/home/runner/.m2/repository/io/quarkus/gizmo/gizmo/1.8.0/gizmo-1.8.0.jar:/home/runner/.m2/repository/org/ow2/asm/asm-util/9.7.1/asm-util-9.7.1.jar:/home/runner/.m2/repository/org/ow2/asm/asm-analysis/9.7.1/asm-analysis-9.7.1.jar:/home/runner/.m2/repository/org/ow2/asm/asm-commons/9.7.1/asm-commons-9.7.1.jar:/home/runner/.m2/repository/org/ow2/asm/asm-tree/9.7.1/asm-tree-9.7.1.jar:/home/runner/.m2/repository/io/quarkus/quarkus-hibernate-validator-spi/3.20.1/quarkus-hibernate-validator-spi-3.20.1.jar:/home/runner/.m2/repository/io/quarkus/quarkus-class-change-agent/3.20.1/quarkus-class-change-agent-3.20.1.jar:/home/runner/.m2/repository/io/quarkus/quarkus-devtools-utilities/3.20.1/quarkus-devtools-utilities-3.20.1.jar:/home/runner/.m2/repository/io/quarkus/quarkus-builder/3.20.1/quarkus-builder-3.20.1.jar:/home/runner/.m2/repository/org/graalvm/sdk/nativeimage/23.1.2/nativeimage-23.1.2.jar:/home/runner/.m2/repository/org/graalvm/sdk/word/23.1.2/word-23.1.2.jar:/home/runner/.m2/repository/io/quarkus/quarkus-bootstrap-maven-resolver/3.20.1/quarkus-bootstrap-maven-resolver-3.20.1.jar:/home/runner/.m2/repository/io/smallrye/beanbag/smallrye-beanbag-maven/1.5.2/smallrye-beanbag-maven-1.5.2.jar:/home/runner/.m2/repository/io/smallrye/beanbag/smallrye-beanbag-sisu/1.5.2/smallrye-beanbag-sisu-1.5.2.jar:/home/runner/.m2/repository/io/smallrye/beanbag/smallrye-beanbag/1.5.2/smallrye-beanbag-1.5.2.jar:/home/runner/.m2/repository/javax/inject/javax.inject/1/javax.inject-1.jar:/home/runner/.m2/repository/org/apache/maven/maven-artifact/3.9.9/maven-artifact-3.9.9.jar:/home/runner/.m2/repository/org/apache/maven/maven-builder-support/3.9.9/maven-builder-support-3.9.9.jar:/home/runner/.m2/repository/org/apache/maven/maven-model/3.9.9/maven-model-3.9.9.jar:/home/runner/.m2/repository/org/apache/maven/maven-model-builder/3.9.9/maven-model-builder-3.9.9.jar:/home/runner/.m2/repository/org/apache/maven/maven-repository-metadata/3.9.9/maven-repository-metadata-3.9.9.jar:/home/runner/.m2/repository/org/apache/maven/maven-settings/3.9.9/maven-settings-3.9.9.jar:/home/runner/.m2/repository/org/apache/maven/resolver/maven-resolver-api/1.9.22/maven-resolver-api-1.9.22.jar:/home/runner/.m2/repository/org/apache/maven/resolver/maven-resolver-impl/1.9.22/maven-resolver-impl-1.9.22.jar:/home/runner/.m2/repository/org/apache/maven/resolver/maven-resolver-named-locks/1.9.22/maven-resolver-named-locks-1.9.22.jar:/home/runner/.m2/repository/org/apache/maven/resolver/maven-resolver-spi/1.9.22/maven-resolver-spi-1.9.22.jar:/home/runner/.m2/repository/org/apache/maven/resolver/maven-resolver-util/1.9.22/maven-resolver-util-1.9.22.jar:/home/runner/.m2/repository/org/apache/maven/resolver/maven-resolver-transport-http/1.9.20/maven-resolver-transport-http-1.9.20.jar:/home/runner/.m2/repository/org/apache/maven/wagon/wagon-provider-api/3.5.3/wagon-provider-api-3.5.3.jar:/home/runner/.m2/repository/org/apache/maven/wagon/wagon-http-shared/3.5.3/wagon-http-shared-3.5.3.jar:/home/runner/.m2/repository/org/codehaus/plexus/plexus-interpolation/1.26/plexus-interpolation-1.26.jar:/home/runner/.m2/repository/org/codehaus/plexus/plexus-utils/3.5.1/plexus-utils-3.5.1.jar:/home/runner/.m2/repository/org/codehaus/plexus/plexus-xml/4.0.1/plexus-xml-4.0.1.jar:/home/runner/.m2/repository/org/apache/maven/maven-xml-impl/4.0.0-alpha-5/maven-xml-impl-4.0.0-alpha-5.jar:/home/runner/.m2/repository/org/apache/maven/maven-api-xml/4.0.0-alpha-5/maven-api-xml-4.0.0-alpha-5.jar:/home/runner/.m2/repository/org/apache/maven/maven-api-meta/4.0.0-alpha-5/maven-api-meta-4.0.0-alpha-5.jar:/home/runner/.m2/repository/org/codehaus/plexus/plexus-cipher/2.0/plexus-cipher-2.0.jar:/home/runner/.m2/repository/org/codehaus/plexus/plexus-sec-dispatcher/2.0/plexus-sec-dispatcher-2.0.jar:/home/runner/.m2/repository/org/apache/maven/maven-embedder/3.9.9/maven-embedder-3.9.9.jar:/home/runner/.m2/repository/org/apache/maven/maven-core/3.9.9/maven-core-3.9.9.jar:/home/runner/.m2/repository/org/codehaus/plexus/plexus-component-annotations/2.1.0/plexus-component-annotations-2.1.0.jar:/home/runner/.m2/repository/org/apache/maven/maven-plugin-api/3.9.9/maven-plugin-api-3.9.9.jar:/home/runner/.m2/repository/org/apache/maven/shared/maven-shared-utils/3.4.2/maven-shared-utils-3.4.2.jar:/home/runner/.m2/repository/com/google/inject/guice/5.1.0/guice-5.1.0.jar:/home/runner/.m2/repository/aopalliance/aopalliance/1.0/aopalliance-1.0.jar:/home/runner/.m2/repository/org/codehaus/plexus/plexus-classworlds/2.6.0/plexus-classworlds-2.6.0.jar:/home/runner/.m2/repository/commons-cli/commons-cli/1.8.0/commons-cli-1.8.0.jar:/home/runner/.m2/repository/org/eclipse/sisu/org.eclipse.sisu.plexus/0.9.0.M3/org.eclipse.sisu.plexus-0.9.0.M3.jar:/home/runner/.m2/repository/org/apache/maven/maven-settings-builder/3.9.9/maven-settings-builder-3.9.9.jar:/home/runner/.m2/repository/org/apache/maven/maven-resolver-provider/3.9.9/maven-resolver-provider-3.9.9.jar:/home/runner/.m2/repository/org/apache/maven/resolver/maven-resolver-connector-basic/1.9.22/maven-resolver-connector-basic-1.9.22.jar:/home/runner/.m2/repository/org/apache/maven/resolver/maven-resolver-transport-wagon/1.9.22/maven-resolver-transport-wagon-1.9.22.jar:/home/runner/.m2/repository/org/apache/maven/wagon/wagon-http/3.5.3/wagon-http-3.5.3.jar:/home/runner/.m2/repository/org/apache/maven/wagon/wagon-file/3.5.3/wagon-file-3.5.3.jar:/home/runner/.m2/repository/io/quarkus/quarkus-bootstrap-gradle-resolver/3.20.1/quarkus-bootstrap-gradle-resolver-3.20.1.jar:/home/runner/.m2/repository/io/smallrye/jandex/3.3.0/jandex-3.3.0.jar:/home/runner/.m2/repository/org/jboss/logging/commons-logging-jboss-logging/1.0.0.Final/commons-logging-jboss-logging-1.0.0.Final.jar:/home/runner/.m2/repository/io/quarkus/quarkus-junit5-config/3.20.1/quarkus-junit5-config-3.20.1.jar:/home/runner/.m2/repository/org/junit/jupiter/junit-jupiter-api/5.12.1/junit-jupiter-api-5.12.1.jar:/home/runner/.m2/repository/io/smallrye/config/smallrye-config/3.11.4/smallrye-config-3.11.4.jar:/home/runner/.m2/repository/io/smallrye/config/smallrye-config-core/3.11.4/smallrye-config-core-3.11.4.jar:/home/runner/.m2/repository/io/smallrye/common/smallrye-common-classloader/2.12.0/smallrye-common-classloader-2.12.0.jar:/home/runner/.m2/repository/io/smallrye/config/smallrye-config-common/3.11.4/smallrye-config-common-3.11.4.jar:/home/runner/.m2/repository/org/junit/jupiter/junit-jupiter/5.12.1/junit-jupiter-5.12.1.jar:/home/runner/.m2/repository/org/junit/jupiter/junit-jupiter-params/5.12.1/junit-jupiter-params-5.12.1.jar:/home/runner/.m2/repository/org/junit/jupiter/junit-jupiter-engine/5.12.1/junit-jupiter-engine-5.12.1.jar:/home/runner/.m2/repository/io/quarkus/quarkus-core/3.20.1/quarkus-core-3.20.1.jar:/home/runner/.m2/repository/jakarta/enterprise/jakarta.enterprise.cdi-api/4.1.0/jakarta.enterprise.cdi-api-4.1.0.jar:/home/runner/.m2/repository/jakarta/enterprise/jakarta.enterprise.lang-model/4.1.0/jakarta.enterprise.lang-model-4.1.0.jar:/home/runner/.m2/repository/jakarta/el/jakarta.el-api/5.0.1/jakarta.el-api-5.0.1.jar:/home/runner/.m2/repository/jakarta/interceptor/jakarta.interceptor-api/2.2.0/jakarta.interceptor-api-2.2.0.jar:/home/runner/.m2/repository/jakarta/inject/jakarta.inject-api/2.0.1/jakarta.inject-api-2.0.1.jar:/home/runner/.m2/repository/io/smallrye/common/smallrye-common-os/2.12.0/smallrye-common-os-2.12.0.jar:/home/runner/.m2/repository/io/quarkus/quarkus-ide-launcher/3.20.1/quarkus-ide-launcher-3.20.1.jar:/home/runner/.m2/repository/io/quarkus/quarkus-development-mode-spi/3.20.1/quarkus-development-mode-spi-3.20.1.jar:/home/runner/.m2/repository/org/jboss/logging/jboss-logging/3.6.1.Final/jboss-logging-3.6.1.Final.jar:/home/runner/.m2/repository/org/jboss/logmanager/jboss-logmanager/3.1.2.Final/jboss-logmanager-3.1.2.Final.jar:/home/runner/.m2/repository/io/smallrye/common/smallrye-common-constraint/2.12.0/smallrye-common-constraint-2.12.0.jar:/home/runner/.m2/repository/io/smallrye/common/smallrye-common-cpu/2.12.0/smallrye-common-cpu-2.12.0.jar:/home/runner/.m2/repository/io/smallrye/common/smallrye-common-expression/2.12.0/smallrye-common-expression-2.12.0.jar:/home/runner/.m2/repository/io/smallrye/common/smallrye-common-net/2.12.0/smallrye-common-net-2.12.0.jar:/home/runner/.m2/repository/io/smallrye/common/smallrye-common-ref/2.12.0/smallrye-common-ref-2.12.0.jar:/home/runner/.m2/repository/jakarta/json/jakarta.json-api/2.1.3/jakarta.json-api-2.1.3.jar:/home/runner/.m2/repository/org/eclipse/parsson/parsson/1.1.7/parsson-1.1.7.jar:/home/runner/.m2/repository/org/jboss/logging/jboss-logging-annotations/3.0.4.Final/jboss-logging-annotations-3.0.4.Final.jar:/home/runner/.m2/repository/org/jboss/threads/jboss-threads/3.8.0.Final/jboss-threads-3.8.0.Final.jar:/home/runner/.m2/repository/io/smallrye/common/smallrye-common-annotation/2.12.0/smallrye-common-annotation-2.12.0.jar:/home/runner/.m2/repository/io/smallrye/common/smallrye-common-function/2.12.0/smallrye-common-function-2.12.0.jar:/home/runner/.m2/repository/org/jboss/slf4j/slf4j-jboss-logmanager/2.0.0.Final/slf4j-jboss-logmanager-2.0.0.Final.jar:/home/runner/.m2/repository/org/wildfly/common/wildfly-common/2.0.1/wildfly-common-2.0.1.jar:/home/runner/.m2/repository/io/quarkus/quarkus-bootstrap-runner/3.20.1/quarkus-bootstrap-runner-3.20.1.jar:/home/runner/.m2/repository/io/github/crac/org-crac/0.1.3/org-crac-0.1.3.jar:/home/runner/.m2/repository/io/quarkus/quarkus-fs-util/0.0.10/quarkus-fs-util-0.0.10.jar:/home/runner/.m2/repository/org/jboss/marshalling/jboss-marshalling/2.2.2.Final/jboss-marshalling-2.2.2.Final.jar:/home/runner/.m2/repository/io/fabric8/kubernetes-client/7.1.0/kubernetes-client-7.1.0.jar:/home/runner/.m2/repository/io/fabric8/kubernetes-client-api/7.1.0/kubernetes-client-api-7.1.0.jar:/home/runner/.m2/repository/io/fabric8/kubernetes-model-core/7.1.0/kubernetes-model-core-7.1.0.jar:/home/runner/.m2/repository/io/fabric8/kubernetes-model-common/7.1.0/kubernetes-model-common-7.1.0.jar:/home/runner/.m2/repository/javax/annotation/javax.annotation-api/1.3.2/javax.annotation-api-1.3.2.jar:/home/runner/.m2/repository/io/fabric8/kubernetes-model-gatewayapi/7.1.0/kubernetes-model-gatewayapi-7.1.0.jar:/home/runner/.m2/repository/io/fabric8/kubernetes-model-resource/7.1.0/kubernetes-model-resource-7.1.0.jar:/home/runner/.m2/repository/io/fabric8/kubernetes-model-rbac/7.1.0/kubernetes-model-rbac-7.1.0.jar:/home/runner/.m2/repository/io/fabric8/kubernetes-model-admissionregistration/7.1.0/kubernetes-model-admissionregistration-7.1.0.jar:/home/runner/.m2/repository/io/fabric8/kubernetes-model-apps/7.1.0/kubernetes-model-apps-7.1.0.jar:/home/runner/.m2/repository/io/fabric8/kubernetes-model-autoscaling/7.1.0/kubernetes-model-autoscaling-7.1.0.jar:/home/runner/.m2/repository/io/fabric8/kubernetes-model-apiextensions/7.1.0/kubernetes-model-apiextensions-7.1.0.jar:/home/runner/.m2/repository/io/fabric8/kubernetes-model-batch/7.1.0/kubernetes-model-batch-7.1.0.jar:/home/runner/.m2/repository/io/fabric8/kubernetes-model-certificates/7.1.0/kubernetes-model-certificates-7.1.0.jar:/home/runner/.m2/repository/io/fabric8/kubernetes-model-coordination/7.1.0/kubernetes-model-coordination-7.1.0.jar:/home/runner/.m2/repository/io/fabric8/kubernetes-model-discovery/7.1.0/kubernetes-model-discovery-7.1.0.jar:/home/runner/.m2/repository/io/fabric8/kubernetes-model-events/7.1.0/kubernetes-model-events-7.1.0.jar:/home/runner/.m2/repository/io/fabric8/kubernetes-model-extensions/7.1.0/kubernetes-model-extensions-7.1.0.jar:/home/runner/.m2/repository/io/fabric8/kubernetes-model-flowcontrol/7.1.0/kubernetes-model-flowcontrol-7.1.0.jar:/home/runner/.m2/repository/io/fabric8/kubernetes-model-networking/7.1.0/kubernetes-model-networking-7.1.0.jar:/home/runner/.m2/repository/io/fabric8/kubernetes-model-metrics/7.1.0/kubernetes-model-metrics-7.1.0.jar:/home/runner/.m2/repository/io/fabric8/kubernetes-model-policy/7.1.0/kubernetes-model-policy-7.1.0.jar:/home/runner/.m2/repository/io/fabric8/kubernetes-model-scheduling/7.1.0/kubernetes-model-scheduling-7.1.0.jar:/home/runner/.m2/repository/io/fabric8/kubernetes-model-storageclass/7.1.0/kubernetes-model-storageclass-7.1.0.jar:/home/runner/.m2/repository/io/fabric8/kubernetes-model-node/7.1.0/kubernetes-model-node-7.1.0.jar:/home/runner/.m2/repository/org/snakeyaml/snakeyaml-engine/2.9/snakeyaml-engine-2.9.jar:/home/runner/.m2/repository/com/fasterxml/jackson/dataformat/jackson-dataformat-yaml/2.15.2/jackson-dataformat-yaml-2.15.2.jar:/home/runner/.m2/repository/com/fasterxml/jackson/datatype/jackson-datatype-jsr310/2.18.2/jackson-datatype-jsr310-2.18.2.jar:/home/runner/.m2/repository/io/fabric8/zjsonpatch/7.1.0/zjsonpatch-7.1.0.jar:/home/runner/.m2/repository/io/fabric8/kubernetes-httpclient-vertx/7.1.0/kubernetes-httpclient-vertx-7.1.0.jar:/home/runner/.m2/repository/io/vertx/vertx-web-client/4.5.14/vertx-web-client-4.5.14.jar:/home/runner/.m2/repository/io/vertx/vertx-web-common/4.5.14/vertx-web-common-4.5.14.jar:/home/runner/.m2/repository/io/vertx/vertx-auth-common/4.5.14/vertx-auth-common-4.5.14.jar:/home/runner/.m2/repository/io/vertx/vertx-uri-template/4.5.14/vertx-uri-template-4.5.14.jar:/home/runner/.m2/repository/io/fabric8/openshift-client/7.1.0/openshift-client-7.1.0.jar:/home/runner/.m2/repository/io/fabric8/openshift-client-api/7.1.0/openshift-client-api-7.1.0.jar:/home/runner/.m2/repository/io/fabric8/openshift-model/7.1.0/openshift-model-7.1.0.jar:/home/runner/.m2/repository/io/fabric8/openshift-model-autoscaling/7.1.0/openshift-model-autoscaling-7.1.0.jar:/home/runner/.m2/repository/io/fabric8/openshift-model-operator/7.1.0/openshift-model-operator-7.1.0.jar:/home/runner/.m2/repository/io/fabric8/openshift-model-operatorhub/7.1.0/openshift-model-operatorhub-7.1.0.jar:/home/runner/.m2/repository/io/fabric8/openshift-model-machine/7.1.0/openshift-model-machine-7.1.0.jar:/home/runner/.m2/repository/io/fabric8/openshift-model-whereabouts/7.1.0/openshift-model-whereabouts-7.1.0.jar:/home/runner/.m2/repository/io/fabric8/openshift-model-monitoring/7.1.0/openshift-model-monitoring-7.1.0.jar:/home/runner/.m2/repository/io/fabric8/openshift-model-storageversionmigrator/7.1.0/openshift-model-storageversionmigrator-7.1.0.jar:/home/runner/.m2/repository/io/fabric8/openshift-model-tuned/7.1.0/openshift-model-tuned-7.1.0.jar:/home/runner/.m2/repository/io/fabric8/openshift-model-console/7.1.0/openshift-model-console-7.1.0.jar:/home/runner/.m2/repository/io/fabric8/openshift-model-config/7.1.0/openshift-model-config-7.1.0.jar:/home/runner/.m2/repository/io/fabric8/openshift-model-machineconfiguration/7.1.0/openshift-model-machineconfiguration-7.1.0.jar:/home/runner/.m2/repository/io/fabric8/openshift-model-miscellaneous/7.1.0/openshift-model-miscellaneous-7.1.0.jar:/home/runner/.m2/repository/io/fabric8/openshift-model-hive/7.1.0/openshift-model-hive-7.1.0.jar:/home/runner/.m2/repository/io/fabric8/openshift-model-installer/7.1.0/openshift-model-installer-7.1.0.jar:/home/runner/.m2/repository/org/junit/platform/junit-platform-launcher/1.12.1/junit-platform-launcher-1.12.1.jar:/home/runner/.m2/repository/org/junit/platform/junit-platform-engine/1.12.1/junit-platform-engine-1.12.1.jar:/home/runner/.m2/repository/org/opentest4j/opentest4j/1.3.0/opentest4j-1.3.0.jar:/home/runner/.m2/repository/org/junit/platform/junit-platform-commons/1.12.1/junit-platform-commons-1.12.1.jar:/home/runner/.m2/repository/org/apiguardian/apiguardian-api/1.1.2/apiguardian-api-1.1.2.jar:/home/runner/.m2/repository/jakarta/ws/rs/jakarta.ws.rs-api/3.1.0/jakarta.ws.rs-api-3.1.0.jar:/home/runner/work/apicurio-testing/apicurio-testing/clusters/ci419/namespaces/kafkasql/tests/integration/apicurio-registry/java-sdk/target/apicurio-registry-java-sdk-3.0.11-SNAPSHOT.jar:/home/runner/.m2/repository/com/microsoft/kiota/microsoft-kiota-abstractions/1.8.8/microsoft-kiota-abstractions-1.8.8.jar:/home/runner/.m2/repository/io/github/std-uritemplate/std-uritemplate/2.0.0/std-uritemplate-2.0.0.jar:/home/runner/.m2/repository/io/kiota/kiota-http-jdk/0.0.21/kiota-http-jdk-0.0.21.jar:/home/runner/.m2/repository/io/kiota/kiota-http-vertx/0.0.21/kiota-http-vertx-0.0.21.jar:/home/runner/.m2/repository/io/kiota/kiota-serialization-jackson/0.0.21/kiota-serialization-jackson-0.0.21.jar:/home/runner/.m2/repository/com/microsoft/kiota/microsoft-kiota-serialization-text/1.8.8/microsoft-kiota-serialization-text-1.8.8.jar:/home/runner/.m2/repository/com/microsoft/kiota/microsoft-kiota-serialization-form/1.8.8/microsoft-kiota-serialization-form-1.8.8.jar:/home/runner/.m2/repository/com/microsoft/kiota/microsoft-kiota-serialization-multipart/1.8.8/microsoft-kiota-serialization-multipart-1.8.8.jar:/home/runner/.m2/repository/jakarta/annotation/jakarta.annotation-api/3.0.0/jakarta.annotation-api-3.0.0.jar:/home/runner/.m2/repository/io/vertx/vertx-auth-oauth2/4.5.14/vertx-auth-oauth2-4.5.14.jar:/home/runner/work/apicurio-testing/apicurio-testing/clusters/ci419/namespaces/kafkasql/tests/integration/apicurio-registry/java-sdk-v2/target/apicurio-registry-v2-java-sdk-3.0.11-SNAPSHOT.jar:/home/runner/work/apicurio-testing/apicurio-testing/clusters/ci419/namespaces/kafkasql/tests/integration/apicurio-registry/utils/kafka/target/apicurio-registry-utils-kafka-3.0.11-SNAPSHOT-tests.jar:/home/runner/.m2/repository/org/eclipse/microprofile/config/microprofile-config-api/3.1/microprofile-config-api-3.1.jar:/home/runner/.m2/repository/org/apache/kafka/kafka-clients/3.9.1/kafka-clients-3.9.1.jar:/home/runner/.m2/repository/com/github/luben/zstd-jni/1.5.6-4/zstd-jni-1.5.6-4.jar:/home/runner/.m2/repository/org/lz4/lz4-java/1.8.0/lz4-java-1.8.0.jar:/home/runner/.m2/repository/org/xerial/snappy/snappy-java/1.1.10.5/snappy-java-1.1.10.5.jar:/home/runner/.m2/repository/org/slf4j/slf4j-api/2.0.6/slf4j-api-2.0.6.jar:/home/runner/work/apicurio-testing/apicurio-testing/clusters/ci419/namespaces/kafkasql/tests/integration/apicurio-registry/utils/tests/target/apicurio-registry-utils-tests-3.0.11-SNAPSHOT.jar:/home/runner/work/apicurio-testing/apicurio-testing/clusters/ci419/namespaces/kafkasql/tests/integration/apicurio-registry/common/target/apicurio-registry-common-3.0.11-SNAPSHOT.jar:/home/runner/.m2/repository/jakarta/validation/jakarta.validation-api/3.0.2/jakarta.validation-api-3.0.2.jar:/home/runner/.m2/repository/com/github/dasniko/testcontainers-keycloak/3.6.0/testcontainers-keycloak-3.6.0.jar:/home/runner/.m2/repository/org/testcontainers/testcontainers/1.20.6/testcontainers-1.20.6.jar:/home/runner/.m2/repository/org/rnorth/duct-tape/duct-tape/1.0.8/duct-tape-1.0.8.jar:/home/runner/.m2/repository/org/jetbrains/annotations/26.0.2/annotations-26.0.2.jar:/home/runner/.m2/repository/com/github/docker-java/docker-java-transport-zerodep/3.4.1/docker-java-transport-zerodep-3.4.1.jar:/home/runner/.m2/repository/com/github/docker-java/docker-java-transport/3.4.1/docker-java-transport-3.4.1.jar:/home/runner/.m2/repository/net/java/dev/jna/jna/5.8.0/jna-5.8.0.jar:/home/runner/.m2/repository/io/quarkus/quarkus-junit4-mock/3.20.1/quarkus-junit4-mock-3.20.1.jar:/home/runner/.m2/repository/org/jboss/shrinkwrap/shrinkwrap-api/2.0.0-beta-2/shrinkwrap-api-2.0.0-beta-2.jar:/home/runner/.m2/repository/org/jboss/shrinkwrap/shrinkwrap-impl-base/2.0.0-beta-2/shrinkwrap-impl-base-2.0.0-beta-2.jar:/home/runner/.m2/repository/org/jboss/shrinkwrap/shrinkwrap-spi/2.0.0-beta-2/shrinkwrap-spi-2.0.0-beta-2.jar:/home/runner/.m2/repository/org/keycloak/keycloak-admin-client/26.0.4/keycloak-admin-client-26.0.4.jar:/home/runner/.m2/repository/org/keycloak/keycloak-client-common-synced/26.0.4/keycloak-client-common-synced-26.0.4.jar:/home/runner/.m2/repository/jakarta/activation/jakarta.activation-api/2.1.3/jakarta.activation-api-2.1.3.jar:/home/runner/.m2/repository/org/eclipse/microprofile/openapi/microprofile-openapi-api/4.0.2/microprofile-openapi-api-4.0.2.jar:/home/runner/.m2/repository/org/jboss/resteasy/resteasy-client/6.2.12.Final/resteasy-client-6.2.12.Final.jar:/home/runner/.m2/repository/org/jboss/resteasy/resteasy-client-api/6.2.12.Final/resteasy-client-api-6.2.12.Final.jar:/home/runner/.m2/repository/org/jboss/resteasy/resteasy-core-spi/6.2.12.Final/resteasy-core-spi-6.2.12.Final.jar:/home/runner/.m2/repository/org/jboss/resteasy/resteasy-core/6.2.12.Final/resteasy-core-6.2.12.Final.jar:/home/runner/.m2/repository/org/eclipse/angus/angus-activation/2.0.2/angus-activation-2.0.2.jar:/home/runner/.m2/repository/com/ibm/async/asyncutil/0.1.0/asyncutil-0.1.0.jar:/home/runner/.m2/repository/org/reactivestreams/reactive-streams/1.0.4/reactive-streams-1.0.4.jar:/home/runner/.m2/repository/org/jboss/resteasy/resteasy-multipart-provider/6.2.12.Final/resteasy-multipart-provider-6.2.12.Final.jar:/home/runner/.m2/repository/jakarta/mail/jakarta.mail-api/2.1.3/jakarta.mail-api-2.1.3.jar:/home/runner/.m2/repository/org/eclipse/angus/angus-mail/2.0.3/angus-mail-2.0.3.jar:/home/runner/.m2/repository/org/apache/james/apache-mime4j-dom/0.8.12/apache-mime4j-dom-0.8.12.jar:/home/runner/.m2/repository/org/apache/james/apache-mime4j-core/0.8.12/apache-mime4j-core-0.8.12.jar:/home/runner/.m2/repository/org/apache/james/apache-mime4j-storage/0.8.12/apache-mime4j-storage-0.8.12.jar:/home/runner/.m2/repository/org/jboss/resteasy/resteasy-jackson2-provider/6.2.12.Final/resteasy-jackson2-provider-6.2.12.Final.jar:/home/runner/.m2/repository/com/fasterxml/jackson/jakarta/rs/jackson-jakarta-rs-base/2.18.2/jackson-jakarta-rs-base-2.18.2.jar:/home/runner/.m2/repository/com/fasterxml/jackson/jakarta/rs/jackson-jakarta-rs-json-provider/2.18.2/jackson-jakarta-rs-json-provider-2.18.2.jar:/home/runner/.m2/repository/com/fasterxml/jackson/module/jackson-module-jakarta-xmlbind-annotations/2.18.2/jackson-module-jakarta-xmlbind-annotations-2.18.2.jar:/home/runner/.m2/repository/com/github/java-json-tools/json-patch/1.13/json-patch-1.13.jar:/home/runner/.m2/repository/com/github/java-json-tools/msg-simple/1.2/msg-simple-1.2.jar:/home/runner/.m2/repository/com/github/java-json-tools/btf/1.3/btf-1.3.jar:/home/runner/.m2/repository/com/github/java-json-tools/jackson-coreutils/2.0/jackson-coreutils-2.0.jar:/home/runner/.m2/repository/org/jboss/resteasy/resteasy-jaxb-provider/6.2.12.Final/resteasy-jaxb-provider-6.2.12.Final.jar:/home/runner/.m2/repository/org/glassfish/jaxb/codemodel/4.0.5/codemodel-4.0.5.jar:/home/runner/.m2/repository/org/glassfish/jaxb/jaxb-core/4.0.5/jaxb-core-4.0.5.jar:/home/runner/.m2/repository/org/glassfish/jaxb/jaxb-jxc/4.0.5/jaxb-jxc-4.0.5.jar:/home/runner/.m2/repository/org/glassfish/jaxb/jaxb-runtime/4.0.5/jaxb-runtime-4.0.5.jar:/home/runner/.m2/repository/org/glassfish/jaxb/txw2/4.0.5/txw2-4.0.5.jar:/home/runner/.m2/repository/org/glassfish/jaxb/jaxb-xjc/4.0.5/jaxb-xjc-4.0.5.jar:/home/runner/.m2/repository/org/glassfish/jaxb/xsom/4.0.5/xsom-4.0.5.jar:/home/runner/.m2/repository/com/sun/istack/istack-commons-runtime/4.1.2/istack-commons-runtime-4.1.2.jar:/home/runner/.m2/repository/com/sun/istack/istack-commons-tools/4.1.2/istack-commons-tools-4.1.2.jar:/home/runner/.m2/repository/com/sun/xml/bind/external/relaxng-datatype/4.0.5/relaxng-datatype-4.0.5.jar:/home/runner/.m2/repository/com/sun/xml/bind/external/rngom/4.0.5/rngom-4.0.5.jar:/home/runner/.m2/repository/org/testcontainers/mssqlserver/1.20.6/mssqlserver-1.20.6.jar:/home/runner/.m2/repository/org/testcontainers/jdbc/1.20.6/jdbc-1.20.6.jar:/home/runner/.m2/repository/org/testcontainers/database-commons/1.20.6/database-commons-1.20.6.jar:/home/runner/.m2/repository/org/testcontainers/mysql/1.20.6/mysql-1.20.6.jar:/home/runner/.m2/repository/io/strimzi/strimzi-test-container/0.107.0/strimzi-test-container-0.107.0.jar:/home/runner/.m2/repository/org/testcontainers/toxiproxy/1.20.6/toxiproxy-1.20.6.jar:/home/runner/.m2/repository/com/github/docker-java/docker-java-api/3.4.1/docker-java-api-3.4.1.jar:/home/runner/.m2/repository/eu/rekawek/toxiproxy/toxiproxy-java/2.1.7/toxiproxy-java-2.1.7.jar:/home/runner/.m2/repository/junit/junit/4.13.2/junit-4.13.2.jar:/home/runner/.m2/repository/org/hamcrest/hamcrest-core/1.3/hamcrest-core-1.3.jar:/home/runner/.m2/repository/org/testcontainers/pulsar/1.20.4/pulsar-1.20.4.jar:/home/runner/.m2/repository/io/debezium/debezium-testing-testcontainers/2.6.2.Final/debezium-testing-testcontainers-2.6.2.Final.jar:/home/runner/.m2/repository/org/testcontainers/kafka/1.20.6/kafka-1.20.6.jar:/home/runner/.m2/repository/com/squareup/okhttp3/okhttp/4.8.1/okhttp-4.8.1.jar:/home/runner/.m2/repository/com/squareup/okio/okio/3.10.2/okio-3.10.2.jar:/home/runner/.m2/repository/com/squareup/okio/okio-jvm/3.10.2/okio-jvm-3.10.2.jar:/home/runner/.m2/repository/org/jetbrains/kotlin/kotlin-stdlib/2.0.21/kotlin-stdlib-2.0.21.jar:/home/runner/.m2/repository/org/awaitility/awaitility/4.2.2/awaitility-4.2.2.jar:/home/runner/.m2/repository/org/testcontainers/mongodb/1.20.6/mongodb-1.20.6.jar:/home/runner/.m2/repository/org/testcontainers/oracle-xe/1.20.6/oracle-xe-1.20.6.jar:/home/runner/.m2/repository/org/testcontainers/postgresql/1.20.6/postgresql-1.20.6.jar:/home/runner/.m2/repository/org/wiremock/wiremock/3.0.1/wiremock-3.0.1.jar:/home/runner/.m2/repository/org/eclipse/jetty/jetty-server/11.0.15/jetty-server-11.0.15.jar:/home/runner/.m2/repository/org/eclipse/jetty/toolchain/jetty-jakarta-servlet-api/5.0.2/jetty-jakarta-servlet-api-5.0.2.jar:/home/runner/.m2/repository/org/eclipse/jetty/jetty-http/11.0.15/jetty-http-11.0.15.jar:/home/runner/.m2/repository/org/eclipse/jetty/jetty-io/11.0.15/jetty-io-11.0.15.jar:/home/runner/.m2/repository/org/eclipse/jetty/jetty-servlet/11.0.15/jetty-servlet-11.0.15.jar:/home/runner/.m2/repository/org/eclipse/jetty/jetty-security/11.0.15/jetty-security-11.0.15.jar:/home/runner/.m2/repository/org/eclipse/jetty/jetty-servlets/11.0.15/jetty-servlets-11.0.15.jar:/home/runner/.m2/repository/org/eclipse/jetty/jetty-util/11.0.15/jetty-util-11.0.15.jar:/home/runner/.m2/repository/org/eclipse/jetty/jetty-webapp/11.0.15/jetty-webapp-11.0.15.jar:/home/runner/.m2/repository/org/eclipse/jetty/jetty-xml/11.0.15/jetty-xml-11.0.15.jar:/home/runner/.m2/repository/org/eclipse/jetty/jetty-proxy/11.0.15/jetty-proxy-11.0.15.jar:/home/runner/.m2/repository/org/eclipse/jetty/jetty-client/11.0.15/jetty-client-11.0.15.jar:/home/runner/.m2/repository/org/eclipse/jetty/http2/http2-server/11.0.15/http2-server-11.0.15.jar:/home/runner/.m2/repository/org/eclipse/jetty/http2/http2-common/11.0.15/http2-common-11.0.15.jar:/home/runner/.m2/repository/org/eclipse/jetty/http2/http2-hpack/11.0.15/http2-hpack-11.0.15.jar:/home/runner/.m2/repository/org/eclipse/jetty/jetty-alpn-server/11.0.15/jetty-alpn-server-11.0.15.jar:/home/runner/.m2/repository/org/eclipse/jetty/jetty-alpn-java-server/11.0.15/jetty-alpn-java-server-11.0.15.jar:/home/runner/.m2/repository/org/eclipse/jetty/jetty-alpn-java-client/11.0.15/jetty-alpn-java-client-11.0.15.jar:/home/runner/.m2/repository/org/eclipse/jetty/jetty-alpn-client/11.0.15/jetty-alpn-client-11.0.15.jar:/home/runner/.m2/repository/org/apache/httpcomponents/client5/httpclient5/5.2.1/httpclient5-5.2.1.jar:/home/runner/.m2/repository/org/apache/httpcomponents/core5/httpcore5/5.2/httpcore5-5.2.jar:/home/runner/.m2/repository/org/apache/httpcomponents/core5/httpcore5-h2/5.2/httpcore5-h2-5.2.jar:/home/runner/.m2/repository/org/xmlunit/xmlunit-core/2.9.1/xmlunit-core-2.9.1.jar:/home/runner/.m2/repository/jakarta/xml/bind/jakarta.xml.bind-api/4.0.2/jakarta.xml.bind-api-4.0.2.jar:/home/runner/.m2/repository/org/xmlunit/xmlunit-legacy/2.9.1/xmlunit-legacy-2.9.1.jar:/home/runner/.m2/repository/org/xmlunit/xmlunit-placeholders/2.9.1/xmlunit-placeholders-2.9.1.jar:/home/runner/.m2/repository/net/javacrumbs/json-unit/json-unit-core/2.38.0/json-unit-core-2.38.0.jar:/home/runner/.m2/repository/com/jayway/jsonpath/json-path/2.8.0/json-path-2.8.0.jar:/home/runner/.m2/repository/net/minidev/json-smart/2.4.10/json-smart-2.4.10.jar:/home/runner/.m2/repository/net/minidev/accessors-smart/2.4.9/accessors-smart-2.4.9.jar:/home/runner/.m2/repository/org/ow2/asm/asm/9.7.1/asm-9.7.1.jar:/home/runner/.m2/repository/net/sf/jopt-simple/jopt-simple/5.0.4/jopt-simple-5.0.4.jar:/home/runner/.m2/repository/com/github/jknack/handlebars/4.3.1/handlebars-4.3.1.jar:/home/runner/.m2/repository/com/github/jknack/handlebars-helpers/4.3.1/handlebars-helpers-4.3.1.jar:/home/runner/.m2/repository/commons-fileupload/commons-fileupload/1.5/commons-fileupload-1.5.jar:/home/runner/.m2/repository/com/networknt/json-schema-validator/1.5.5/json-schema-validator-1.5.5.jar:/home/runner/.m2/repository/com/ethlo/time/itu/1.10.3/itu-1.10.3.jar:/home/runner/.m2/repository/io/quarkus/quarkus-smallrye-jwt-build/3.20.1/quarkus-smallrye-jwt-build-3.20.1.jar:/home/runner/.m2/repository/io/smallrye/smallrye-jwt-build/4.6.1/smallrye-jwt-build-4.6.1.jar:/home/runner/.m2/repository/org/eclipse/microprofile/jwt/microprofile-jwt-auth-api/2.1/microprofile-jwt-auth-api-2.1.jar:/home/runner/.m2/repository/org/bitbucket/b_c/jose4j/0.9.6/jose4j-0.9.6.jar:/home/runner/.m2/repository/io/smallrye/smallrye-jwt-common/4.6.1/smallrye-jwt-common-4.6.1.jar:/home/runner/.m2/repository/io/quarkus/quarkus-jsonp/3.20.1/quarkus-jsonp-3.20.1.jar:/home/runner/.m2/repository/io/quarkus/quarkus-arc/3.20.1/quarkus-arc-3.20.1.jar:/home/runner/.m2/repository/io/quarkus/arc/arc/3.20.1/arc-3.20.1.jar:/home/runner/.m2/repository/jakarta/transaction/jakarta.transaction-api/2.0.1/jakarta.transaction-api-2.0.1.jar:/home/runner/.m2/repository/io/smallrye/reactive/mutiny/2.8.0/mutiny-2.8.0.jar:/home/runner/.m2/repository/org/jctools/jctools-core/4.0.5/jctools-core-4.0.5.jar:/home/runner/.m2/repository/org/eclipse/microprofile/context-propagation/microprofile-context-propagation-api/1.3/microprofile-context-propagation-api-1.3.jar:/home/runner/.m2/repository/io/apicurio/apicurio-common-rest-client-common/0.1.18.Final/apicurio-common-rest-client-common-0.1.18.Final.jar:/home/runner/work/apicurio-testing/apicurio-testing/clusters/ci419/namespaces/kafkasql/tests/integration/apicurio-registry/utils/maven-plugin/target/apicurio-registry-maven-plugin-3.0.11-SNAPSHOT.jar:/home/runner/.m2/repository/com/fasterxml/jackson/core/jackson-databind/2.18.2/jackson-databind-2.18.2.jar:/home/runner/.m2/repository/org/apache/avro/avro/1.12.0/avro-1.12.0.jar:/home/runner/.m2/repository/com/google/protobuf/protobuf-java/4.31.1/protobuf-java-4.31.1.jar:/home/runner/.m2/repository/com/google/protobuf/protobuf-java-util/4.31.1/protobuf-java-util-4.31.1.jar:/home/runner/.m2/repository/com/google/code/findbugs/jsr305/3.0.2/jsr305-3.0.2.jar:/home/runner/.m2/repository/com/google/code/gson/gson/2.12.1/gson-2.12.1.jar:/home/runner/.m2/repository/com/google/errorprone/error_prone_annotations/2.36.0/error_prone_annotations-2.36.0.jar:/home/runner/.m2/repository/com/google/j2objc/j2objc-annotations/2.8/j2objc-annotations-2.8.jar:/home/runner/work/apicurio-testing/apicurio-testing/clusters/ci419/namespaces/kafkasql/tests/integration/apicurio-registry/schema-util/util-provider/target/apicurio-registry-schema-util-provider-3.0.11-SNAPSHOT.jar:/home/runner/work/apicurio-testing/apicurio-testing/clusters/ci419/namespaces/kafkasql/tests/integration/apicurio-registry/schema-util/common/target/apicurio-registry-schema-util-common-3.0.11-SNAPSHOT.jar:/home/runner/.m2/repository/com/fasterxml/jackson/module/jackson-module-parameter-names/2.18.2/jackson-module-parameter-names-2.18.2.jar:/home/runner/.m2/repository/com/fasterxml/jackson/datatype/jackson-datatype-json-org/2.18.2/jackson-datatype-json-org-2.18.2.jar:/home/runner/work/apicurio-testing/apicurio-testing/clusters/ci419/namespaces/kafkasql/tests/integration/apicurio-registry/schema-util/json/target/apicurio-registry-schema-util-json-3.0.11-SNAPSHOT.jar:/home/runner/.m2/repository/com/github/erosb/everit-json-schema/1.14.5/everit-json-schema-1.14.5.jar:/home/runner/.m2/repository/commons-validator/commons-validator/1.9.0/commons-validator-1.9.0.jar:/home/runner/.m2/repository/commons-digester/commons-digester/2.1/commons-digester-2.1.jar:/home/runner/.m2/repository/commons-collections/commons-collections/3.2.2/commons-collections-3.2.2.jar:/home/runner/.m2/repository/com/damnhandy/handy-uri-templates/2.1.8/handy-uri-templates-2.1.8.jar:/home/runner/.m2/repository/joda-time/joda-time/2.10.2/joda-time-2.10.2.jar:/home/runner/.m2/repository/com/github/erosb/json-sKema/0.20.0/json-sKema-0.20.0.jar:/home/runner/.m2/repository/io/vertx/vertx-json-schema/4.5.14/vertx-json-schema-4.5.14.jar:/home/runner/work/apicurio-testing/apicurio-testing/clusters/ci419/namespaces/kafkasql/tests/integration/apicurio-registry/schema-util/protobuf/target/apicurio-registry-schema-util-protobuf-3.0.11-SNAPSHOT.jar:/home/runner/work/apicurio-testing/apicurio-testing/clusters/ci419/namespaces/kafkasql/tests/integration/apicurio-registry/utils/protobuf-schema-utilities/target/apicurio-registry-protobuf-schema-utilities-3.0.11-SNAPSHOT.jar:/home/runner/.m2/repository/com/google/api/grpc/proto-google-common-protos/2.52.0/proto-google-common-protos-2.52.0.jar:/home/runner/.m2/repository/com/squareup/wire/wire-schema-jvm/5.3.3/wire-schema-jvm-5.3.3.jar:/home/runner/.m2/repository/com/palantir/javapoet/javapoet/0.6.0/javapoet-0.6.0.jar:/home/runner/.m2/repository/com/squareup/kotlinpoet-jvm/2.0.0/kotlinpoet-jvm-2.0.0.jar:/home/runner/.m2/repository/org/jetbrains/kotlin/kotlin-reflect/2.0.21/kotlin-reflect-2.0.21.jar:/home/runner/.m2/repository/com/squareup/wire/wire-runtime-jvm/5.3.3/wire-runtime-jvm-5.3.3.jar:/home/runner/.m2/repository/com/ibm/icu/icu4j/76.1/icu4j-76.1.jar:/home/runner/.m2/repository/com/squareup/okio/okio-fakefilesystem/3.10.2/okio-fakefilesystem-3.10.2.jar:/home/runner/.m2/repository/com/squareup/okio/okio-fakefilesystem-jvm/3.10.2/okio-fakefilesystem-jvm-3.10.2.jar:/home/runner/.m2/repository/org/jetbrains/kotlinx/kotlinx-datetime-jvm/0.6.1/kotlinx-datetime-jvm-0.6.1.jar:/home/runner/work/apicurio-testing/apicurio-testing/clusters/ci419/namespaces/kafkasql/tests/integration/apicurio-registry/schema-util/asyncapi/target/apicurio-registry-schema-util-asyncapi-3.0.11-SNAPSHOT.jar:/home/runner/work/apicurio-testing/apicurio-testing/clusters/ci419/namespaces/kafkasql/tests/integration/apicurio-registry/schema-util/avro/target/apicurio-registry-schema-util-avro-3.0.11-SNAPSHOT.jar:/home/runner/work/apicurio-testing/apicurio-testing/clusters/ci419/namespaces/kafkasql/tests/integration/apicurio-registry/schema-util/graphql/target/apicurio-registry-schema-util-graphql-3.0.11-SNAPSHOT.jar:/home/runner/.m2/repository/com/graphql-java/graphql-java/22.3/graphql-java-22.3.jar:/home/runner/.m2/repository/com/graphql-java/java-dataloader/3.3.0/java-dataloader-3.3.0.jar:/home/runner/work/apicurio-testing/apicurio-testing/clusters/ci419/namespaces/kafkasql/tests/integration/apicurio-registry/schema-util/kconnect/target/apicurio-registry-schema-util-kconnect-3.0.11-SNAPSHOT.jar:/home/runner/work/apicurio-testing/apicurio-testing/clusters/ci419/namespaces/kafkasql/tests/integration/apicurio-registry/schema-util/openapi/target/apicurio-registry-schema-util-openapi-3.0.11-SNAPSHOT.jar:/home/runner/.m2/repository/io/apicurio/apicurio-data-models/2.2.1/apicurio-data-models-2.2.1.jar:/home/runner/.m2/repository/org/openapitools/openapidiff/openapi-diff-core/2.1.2/openapi-diff-core-2.1.2.jar:/home/runner/.m2/repository/io/swagger/parser/v3/swagger-parser/2.1.28/swagger-parser-2.1.28.jar:/home/runner/.m2/repository/io/swagger/parser/v3/swagger-parser-v2-converter/2.1.28/swagger-parser-v2-converter-2.1.28.jar:/home/runner/.m2/repository/io/swagger/swagger-core/1.6.16/swagger-core-1.6.16.jar:/home/runner/.m2/repository/io/swagger/swagger-models/1.6.16/swagger-models-1.6.16.jar:/home/runner/.m2/repository/io/swagger/swagger-annotations/1.6.16/swagger-annotations-1.6.16.jar:/home/runner/.m2/repository/io/swagger/swagger-parser/1.0.75/swagger-parser-1.0.75.jar:/home/runner/.m2/repository/io/swagger/swagger-parser-safe-url-resolver/1.0.75/swagger-parser-safe-url-resolver-1.0.75.jar:/home/runner/.m2/repository/io/swagger/swagger-compat-spec-parser/1.0.75/swagger-compat-spec-parser-1.0.75.jar:/home/runner/.m2/repository/com/github/java-json-tools/json-schema-validator/2.2.14/json-schema-validator-2.2.14.jar:/home/runner/.m2/repository/com/github/java-json-tools/jackson-coreutils-equivalence/1.0/jackson-coreutils-equivalence-1.0.jar:/home/runner/.m2/repository/com/github/java-json-tools/json-schema-core/1.2.14/json-schema-core-1.2.14.jar:/home/runner/.m2/repository/com/github/java-json-tools/uri-template/0.10/uri-template-0.10.jar:/home/runner/.m2/repository/com/googlecode/libphonenumber/libphonenumber/8.11.1/libphonenumber-8.11.1.jar:/home/runner/.m2/repository/com/j2html/j2html/1.6.0/j2html-1.6.0.jar:/home/runner/.m2/repository/org/apache/commons/commons-collections4/4.5.0/commons-collections4-4.5.0.jar:/home/runner/.m2/repository/org/apache/commons/commons-configuration2/2.12.0/commons-configuration2-2.12.0.jar:/home/runner/.m2/repository/org/apache/commons/commons-text/1.13.0/commons-text-1.13.0.jar:/home/runner/.m2/repository/org/slf4j/jcl-over-slf4j/2.0.17/jcl-over-slf4j-2.0.17.jar:/home/runner/.m2/repository/io/swagger/parser/v3/swagger-parser-v3/2.1.30/swagger-parser-v3-2.1.30.jar:/home/runner/.m2/repository/io/swagger/core/v3/swagger-models/2.2.34/swagger-models-2.2.34.jar:/home/runner/.m2/repository/io/swagger/core/v3/swagger-core/2.2.34/swagger-core-2.2.34.jar:/home/runner/.m2/repository/io/swagger/parser/v3/swagger-parser-core/2.1.30/swagger-parser-core-2.1.30.jar:/home/runner/.m2/repository/io/swagger/parser/v3/swagger-parser-safe-url-resolver/2.1.30/swagger-parser-safe-url-resolver-2.1.30.jar:/home/runner/work/apicurio-testing/apicurio-testing/clusters/ci419/namespaces/kafkasql/tests/integration/apicurio-registry/schema-util/wsdl/target/apicurio-registry-schema-util-wsdl-3.0.11-SNAPSHOT.jar:/home/runner/.m2/repository/wsdl4j/wsdl4j/1.6.3/wsdl4j-1.6.3.jar:/home/runner/work/apicurio-testing/apicurio-testing/clusters/ci419/namespaces/kafkasql/tests/integration/apicurio-registry/schema-util/xml/target/apicurio-registry-schema-util-xml-3.0.11-SNAPSHOT.jar:/home/runner/.m2/repository/org/apache/santuario/xmlsec/4.0.3/xmlsec-4.0.3.jar:/home/runner/.m2/repository/com/fasterxml/woodstox/woodstox-core/7.1.0/woodstox-core-7.1.0.jar:/home/runner/.m2/repository/org/codehaus/woodstox/stax2-api/4.2.2/stax2-api-4.2.2.jar:/home/runner/work/apicurio-testing/apicurio-testing/clusters/ci419/namespaces/kafkasql/tests/integration/apicurio-registry/schema-util/xsd/target/apicurio-registry-schema-util-xsd-3.0.11-SNAPSHOT.jar:/home/runner/work/apicurio-testing/apicurio-testing/clusters/ci419/namespaces/kafkasql/tests/integration/apicurio-registry/serdes/kafka/jsonschema-serde/target/apicurio-registry-jsonschema-serde-kafka-3.0.11-SNAPSHOT.jar:/home/runner/work/apicurio-testing/apicurio-testing/clusters/ci419/namespaces/kafkasql/tests/integration/apicurio-registry/serdes/kafka/serde-kafka-common/target/apicurio-registry-serde-kafka-common-3.0.11-SNAPSHOT.jar:/home/runner/work/apicurio-testing/apicurio-testing/clusters/ci419/namespaces/kafkasql/tests/integration/apicurio-registry/serdes/generic/serde-common/target/apicurio-registry-serde-common-3.0.11-SNAPSHOT.jar:/home/runner/work/apicurio-testing/apicurio-testing/clusters/ci419/namespaces/kafkasql/tests/integration/apicurio-registry/serdes/generic/serde-common-jsonschema/target/apicurio-registry-serde-common-jsonschema-3.0.11-SNAPSHOT.jar:/home/runner/.m2/repository/org/json/json/20250107/json-20250107.jar:/home/runner/work/apicurio-testing/apicurio-testing/clusters/ci419/namespaces/kafkasql/tests/integration/apicurio-registry/serdes/kafka/avro-serde/target/apicurio-registry-avro-serde-kafka-3.0.11-SNAPSHOT.jar:/home/runner/work/apicurio-testing/apicurio-testing/clusters/ci419/namespaces/kafkasql/tests/integration/apicurio-registry/serdes/generic/serde-common-avro/target/apicurio-registry-serde-common-avro-3.0.11-SNAPSHOT.jar:/home/runner/work/apicurio-testing/apicurio-testing/clusters/ci419/namespaces/kafkasql/tests/integration/apicurio-registry/serdes/kafka/protobuf-serde/target/apicurio-registry-protobuf-serde-kafka-3.0.11-SNAPSHOT.jar:/home/runner/work/apicurio-testing/apicurio-testing/clusters/ci419/namespaces/kafkasql/tests/integration/apicurio-registry/serdes/generic/serde-common-protobuf/target/apicurio-registry-serde-common-protobuf-3.0.11-SNAPSHOT.jar:/home/runner/.m2/repository/com/squareup/wire/wire-schema/5.3.3/wire-schema-5.3.3.jar:/home/runner/.m2/repository/com/squareup/wire/wire-runtime/5.3.3/wire-runtime-5.3.3.jar:/home/runner/work/apicurio-testing/apicurio-testing/clusters/ci419/namespaces/kafkasql/tests/integration/apicurio-registry/serdes/pulsar/avro-serde/target/apicurio-registry-avro-serde-pulsar-3.0.11-SNAPSHOT.jar:/home/runner/.m2/repository/org/apache/pulsar/pulsar-functions-api/3.3.4/pulsar-functions-api-3.3.4.jar:/home/runner/work/apicurio-testing/apicurio-testing/clusters/ci419/namespaces/kafkasql/tests/integration/apicurio-registry/serdes/nats/avro-serde/target/apicurio-registry-avro-serde-nats-3.0.11-SNAPSHOT.jar:/home/runner/.m2/repository/io/nats/jnats/2.20.5/jnats-2.20.5.jar:/home/runner/.m2/repository/net/i2p/crypto/eddsa/0.3.0/eddsa-0.3.0.jar:/home/runner/work/apicurio-testing/apicurio-testing/clusters/ci419/namespaces/kafkasql/tests/integration/apicurio-registry/utils/converter/target/apicurio-registry-utils-converter-3.0.11-SNAPSHOT.jar:/home/runner/work/apicurio-testing/apicurio-testing/clusters/ci419/namespaces/kafkasql/tests/integration/apicurio-registry/schema-resolver/target/apicurio-registry-schema-resolver-3.0.11-SNAPSHOT.jar:/home/runner/.m2/repository/org/apache/kafka/connect-api/3.9.1/connect-api-3.9.1.jar:/home/runner/.m2/repository/javax/ws/rs/javax.ws.rs-api/2.1.1/javax.ws.rs-api-2.1.1.jar:/home/runner/.m2/repository/org/apache/kafka/connect-json/3.9.1/connect-json-3.9.1.jar:/home/runner/.m2/repository/com/fasterxml/jackson/datatype/jackson-datatype-jdk8/2.18.2/jackson-datatype-jdk8-2.18.2.jar:/home/runner/.m2/repository/com/fasterxml/jackson/module/jackson-module-afterburner/2.18.2/jackson-module-afterburner-2.18.2.jar:/home/runner/work/apicurio-testing/apicurio-testing/clusters/ci419/namespaces/kafkasql/tests/integration/apicurio-registry/utils/kafka/target/apicurio-registry-utils-kafka-3.0.11-SNAPSHOT.jar:/home/runner/.m2/repository/org/apache/pulsar/pulsar-client/3.3.4/pulsar-client-3.3.4.jar:/home/runner/.m2/repository/org/apache/pulsar/pulsar-client-api/3.3.4/pulsar-client-api-3.3.4.jar:/home/runner/.m2/repository/org/apache/pulsar/pulsar-client-admin-api/3.3.4/pulsar-client-admin-api-3.3.4.jar:/home/runner/.m2/repository/org/apache/pulsar/bouncy-castle-bc/3.3.4/bouncy-castle-bc-3.3.4-pkg.jar:/home/runner/.m2/repository/org/bouncycastle/bcpkix-jdk18on/1.80/bcpkix-jdk18on-1.80.jar:/home/runner/.m2/repository/org/bouncycastle/bcutil-jdk18on/1.80/bcutil-jdk18on-1.80.jar:/home/runner/.m2/repository/org/bouncycastle/bcprov-jdk18on/1.80/bcprov-jdk18on-1.80.jar:/home/runner/.m2/repository/io/opentelemetry/opentelemetry-api/1.44.1/opentelemetry-api-1.44.1.jar:/home/runner/.m2/repository/io/opentelemetry/opentelemetry-context/1.44.1/opentelemetry-context-1.44.1.jar:/home/runner/.m2/repository/io/opentelemetry/opentelemetry-api-incubator/1.44.1-alpha/opentelemetry-api-incubator-1.44.1-alpha.jar:/home/runner/.m2/repository/com/fasterxml/jackson/core/jackson-annotations/2.18.2/jackson-annotations-2.18.2.jar:/home/runner/.m2/repository/javax/validation/validation-api/1.1.0.Final/validation-api-1.1.0.Final.jar:/home/runner/.m2/repository/io/confluent/kafka-avro-serializer/8.0.0/kafka-avro-serializer-8.0.0.jar:/home/runner/.m2/repository/org/apache/commons/commons-compress/1.27.1/commons-compress-1.27.1.jar:/home/runner/.m2/repository/io/confluent/kafka-schema-serializer/8.0.0/kafka-schema-serializer-8.0.0.jar:/home/runner/.m2/repository/com/fasterxml/jackson/dataformat/jackson-dataformat-csv/2.18.2/jackson-dataformat-csv-2.18.2.jar:/home/runner/.m2/repository/io/confluent/kafka-schema-registry-client/8.0.0/kafka-schema-registry-client-8.0.0.jar:/home/runner/.m2/repository/org/yaml/snakeyaml/2.3/snakeyaml-2.3.jar:/home/runner/.m2/repository/io/swagger/core/v3/swagger-annotations/2.2.29/swagger-annotations-2.2.29.jar:/home/runner/.m2/repository/com/google/guava/guava/33.4.0-jre/guava-33.4.0-jre.jar:/home/runner/.m2/repository/com/google/guava/failureaccess/1.0.1/failureaccess-1.0.1.jar:/home/runner/.m2/repository/org/checkerframework/checker-qual/3.49.0/checker-qual-3.49.0.jar:/home/runner/.m2/repository/io/confluent/logredactor/1.0.13/logredactor-1.0.13.jar:/home/runner/.m2/repository/com/google/re2j/re2j/1.6/re2j-1.6.jar:/home/runner/.m2/repository/io/confluent/logredactor-metrics/1.0.13/logredactor-metrics-1.0.13.jar:/home/runner/.m2/repository/com/eclipsesource/minimal-json/minimal-json/0.9.5/minimal-json-0.9.5.jar:/home/runner/.m2/repository/io/confluent/common-utils/8.0.0/common-utils-8.0.0.jar:/home/runner/.m2/repository/io/confluent/kafka-connect-avro-converter/8.0.0/kafka-connect-avro-converter-8.0.0.jar:/home/runner/.m2/repository/io/confluent/kafka-connect-avro-data/8.0.0/kafka-connect-avro-data-8.0.0.jar:/home/runner/.m2/repository/io/confluent/kafka-schema-converter/8.0.0/kafka-schema-converter-8.0.0.jar:/home/runner/.m2/repository/io/rest-assured/rest-assured/5.5.1/rest-assured-5.5.1.jar:/home/runner/.m2/repository/org/apache/groovy/groovy/4.0.22/groovy-4.0.22.jar:/home/runner/.m2/repository/org/apache/groovy/groovy-xml/4.0.22/groovy-xml-4.0.22.jar:/home/runner/.m2/repository/org/apache/httpcomponents/httpclient/4.5.14/httpclient-4.5.14.jar:/home/runner/.m2/repository/org/apache/httpcomponents/httpcore/4.4.16/httpcore-4.4.16.jar:/home/runner/.m2/repository/org/apache/httpcomponents/httpmime/4.5.14/httpmime-4.5.14.jar:/home/runner/.m2/repository/org/hamcrest/hamcrest/2.2/hamcrest-2.2.jar:/home/runner/.m2/repository/org/ccil/cowan/tagsoup/tagsoup/1.2.1/tagsoup-1.2.1.jar:/home/runner/.m2/repository/io/rest-assured/json-path/5.5.1/json-path-5.5.1.jar:/home/runner/.m2/repository/org/apache/groovy/groovy-json/4.0.22/groovy-json-4.0.22.jar:/home/runner/.m2/repository/io/rest-assured/rest-assured-common/5.5.1/rest-assured-common-5.5.1.jar:/home/runner/.m2/repository/io/rest-assured/xml-path/5.5.1/xml-path-5.5.1.jar:/home/runner/.m2/repository/io/zonky/test/embedded-postgres/2.1.0/embedded-postgres-2.1.0.jar:/home/runner/.m2/repository/io/zonky/test/postgres/embedded-postgres-binaries-windows-amd64/14.15.0/embedded-postgres-binaries-windows-amd64-14.15.0.jar:/home/runner/.m2/repository/io/zonky/test/postgres/embedded-postgres-binaries-darwin-amd64/14.15.0/embedded-postgres-binaries-darwin-amd64-14.15.0.jar:/home/runner/.m2/repository/io/zonky/test/postgres/embedded-postgres-binaries-linux-amd64/14.15.0/embedded-postgres-binaries-linux-amd64-14.15.0.jar:/home/runner/.m2/repository/io/zonky/test/postgres/embedded-postgres-binaries-linux-amd64-alpine/14.15.0/embedded-postgres-binaries-linux-amd64-alpine-14.15.0.jar:/home/runner/.m2/repository/org/apache/commons/commons-lang3/3.17.0/commons-lang3-3.17.0.jar:/home/runner/.m2/repository/org/tukaani/xz/1.10/xz-1.10.jar:/home/runner/.m2/repository/commons-codec/commons-codec/1.18.0/commons-codec-1.18.0.jar:/home/runner/.m2/repository/org/postgresql/postgresql/42.7.5/postgresql-42.7.5.jar:/home/runner/.m2/repository/commons-io/commons-io/2.18.0/commons-io-2.18.0.jar:/home/runner/work/apicurio-testing/apicurio-testing/clusters/ci419/namespaces/kafkasql/tests/integration/apicurio-registry/utils/importexport/target/apicurio-registry-utils-import-export-3.0.11-SNAPSHOT.jar:/home/runner/.m2/repository/io/vertx/vertx-core/4.5.14/vertx-core-4.5.14.jar:/home/runner/.m2/repository/io/netty/netty-common/4.1.119.Final/netty-common-4.1.119.Final.jar:/home/runner/.m2/repository/io/netty/netty-buffer/4.1.119.Final/netty-buffer-4.1.119.Final.jar:/home/runner/.m2/repository/io/netty/netty-transport/4.1.119.Final/netty-transport-4.1.119.Final.jar:/home/runner/.m2/repository/io/netty/netty-handler/4.1.119.Final/netty-handler-4.1.119.Final.jar:/home/runner/.m2/repository/io/netty/netty-transport-native-unix-common/4.1.119.Final/netty-transport-native-unix-common-4.1.119.Final.jar:/home/runner/.m2/repository/io/netty/netty-codec/4.1.119.Final/netty-codec-4.1.119.Final.jar:/home/runner/.m2/repository/io/netty/netty-handler-proxy/4.1.119.Final/netty-handler-proxy-4.1.119.Final.jar:/home/runner/.m2/repository/io/netty/netty-codec-socks/4.1.119.Final/netty-codec-socks-4.1.119.Final.jar:/home/runner/.m2/repository/io/netty/netty-codec-http/4.1.119.Final/netty-codec-http-4.1.119.Final.jar:/home/runner/.m2/repository/io/netty/netty-codec-http2/4.1.119.Final/netty-codec-http2-4.1.119.Final.jar:/home/runner/.m2/repository/io/netty/netty-resolver/4.1.119.Final/netty-resolver-4.1.119.Final.jar:/home/runner/.m2/repository/io/netty/netty-resolver-dns/4.1.119.Final/netty-resolver-dns-4.1.119.Final.jar:/home/runner/.m2/repository/io/netty/netty-codec-dns/4.1.119.Final/netty-codec-dns-4.1.119.Final.jar:/home/runner/.m2/repository/com/fasterxml/jackson/core/jackson-core/2.18.2/jackson-core-2.18.2.jar:"/>
    <property name="java.vm.vendor" value="Eclipse Adoptium"/>
    <property name="maven.javadoc.skip" value="true"/>
    <property name="sun.arch.data.model" value="64"/>
    <property name="java.vendor.url" value="https://adoptium.net/"/>
    <property name="user.timezone" value="Etc/UTC"/>
    <property name="os.name" value="Linux"/>
    <property name="java.vm.specification.version" value="17"/>
    <property name="sun.java.launcher" value="SUN_STANDARD"/>
    <property name="quarkus.http.test-port" value="80"/>
    <property name="sun.boot.library.path" value="/usr/lib/jvm/temurin-17-jdk-amd64/lib"/>
    <property name="sun.java.command" value="/home/runner/work/apicurio-testing/apicurio-testing/clusters/ci419/namespaces/kafkasql/tests/integration/apicurio-registry/integration-tests/target/surefire/surefirebooter-20250731204254486_3.jar /home/runner/work/apicurio-testing/apicurio-testing/clusters/ci419/namespaces/kafkasql/tests/integration/apicurio-registry/integration-tests/target/surefire 2025-07-31T20-42-54_365-jvmRun1 surefire-20250731204254486_1tmp surefire_0-20250731204254486_2tmp"/>
    <property name="maven.home" value="/home/runner/.m2/wrapper/dists/apache-maven-3.9.8-bin/4fnp1ql35bgk2a0p7m31ovbgb0/apache-maven-3.9.8"/>
    <property name="jdk.debug" value="release"/>
    <property name="surefire.test.class.path" value="/home/runner/work/apicurio-testing/apicurio-testing/clusters/ci419/namespaces/kafkasql/tests/integration/apicurio-registry/integration-tests/target/test-classes:/home/runner/work/apicurio-testing/apicurio-testing/clusters/ci419/namespaces/kafkasql/tests/integration/apicurio-registry/integration-tests/target/apicurio-registry-integration-tests-3.0.11-SNAPSHOT.jar:/home/runner/.m2/repository/io/quarkus/quarkus-junit5/3.20.1/quarkus-junit5-3.20.1.jar:/home/runner/.m2/repository/io/quarkus/quarkus-bootstrap-core/3.20.1/quarkus-bootstrap-core-3.20.1.jar:/home/runner/.m2/repository/io/quarkus/quarkus-classloader-commons/3.20.1/quarkus-classloader-commons-3.20.1.jar:/home/runner/.m2/repository/io/quarkus/quarkus-bootstrap-app-model/3.20.1/quarkus-bootstrap-app-model-3.20.1.jar:/home/runner/.m2/repository/io/smallrye/common/smallrye-common-io/2.12.0/smallrye-common-io-2.12.0.jar:/home/runner/.m2/repository/org/eclipse/sisu/org.eclipse.sisu.inject/0.9.0.M3/org.eclipse.sisu.inject-0.9.0.M3.jar:/home/runner/.m2/repository/io/quarkus/quarkus-test-common/3.20.1/quarkus-test-common-3.20.1.jar:/home/runner/.m2/repository/io/quarkus/quarkus-core-deployment/3.20.1/quarkus-core-deployment-3.20.1.jar:/home/runner/.m2/repository/org/aesh/readline/2.6/readline-2.6.jar:/home/runner/.m2/repository/org/fusesource/jansi/jansi/2.4.0/jansi-2.4.0.jar:/home/runner/.m2/repository/org/aesh/aesh/2.8.2/aesh-2.8.2.jar:/home/runner/.m2/repository/io/quarkus/gizmo/gizmo/1.8.0/gizmo-1.8.0.jar:/home/runner/.m2/repository/org/ow2/asm/asm-util/9.7.1/asm-util-9.7.1.jar:/home/runner/.m2/repository/org/ow2/asm/asm-analysis/9.7.1/asm-analysis-9.7.1.jar:/home/runner/.m2/repository/org/ow2/asm/asm-commons/9.7.1/asm-commons-9.7.1.jar:/home/runner/.m2/repository/org/ow2/asm/asm-tree/9.7.1/asm-tree-9.7.1.jar:/home/runner/.m2/repository/io/quarkus/quarkus-hibernate-validator-spi/3.20.1/quarkus-hibernate-validator-spi-3.20.1.jar:/home/runner/.m2/repository/io/quarkus/quarkus-class-change-agent/3.20.1/quarkus-class-change-agent-3.20.1.jar:/home/runner/.m2/repository/io/quarkus/quarkus-devtools-utilities/3.20.1/quarkus-devtools-utilities-3.20.1.jar:/home/runner/.m2/repository/io/quarkus/quarkus-builder/3.20.1/quarkus-builder-3.20.1.jar:/home/runner/.m2/repository/org/graalvm/sdk/nativeimage/23.1.2/nativeimage-23.1.2.jar:/home/runner/.m2/repository/org/graalvm/sdk/word/23.1.2/word-23.1.2.jar:/home/runner/.m2/repository/io/quarkus/quarkus-bootstrap-maven-resolver/3.20.1/quarkus-bootstrap-maven-resolver-3.20.1.jar:/home/runner/.m2/repository/io/smallrye/beanbag/smallrye-beanbag-maven/1.5.2/smallrye-beanbag-maven-1.5.2.jar:/home/runner/.m2/repository/io/smallrye/beanbag/smallrye-beanbag-sisu/1.5.2/smallrye-beanbag-sisu-1.5.2.jar:/home/runner/.m2/repository/io/smallrye/beanbag/smallrye-beanbag/1.5.2/smallrye-beanbag-1.5.2.jar:/home/runner/.m2/repository/javax/inject/javax.inject/1/javax.inject-1.jar:/home/runner/.m2/repository/org/apache/maven/maven-artifact/3.9.9/maven-artifact-3.9.9.jar:/home/runner/.m2/repository/org/apache/maven/maven-builder-support/3.9.9/maven-builder-support-3.9.9.jar:/home/runner/.m2/repository/org/apache/maven/maven-model/3.9.9/maven-model-3.9.9.jar:/home/runner/.m2/repository/org/apache/maven/maven-model-builder/3.9.9/maven-model-builder-3.9.9.jar:/home/runner/.m2/repository/org/apache/maven/maven-repository-metadata/3.9.9/maven-repository-metadata-3.9.9.jar:/home/runner/.m2/repository/org/apache/maven/maven-settings/3.9.9/maven-settings-3.9.9.jar:/home/runner/.m2/repository/org/apache/maven/resolver/maven-resolver-api/1.9.22/maven-resolver-api-1.9.22.jar:/home/runner/.m2/repository/org/apache/maven/resolver/maven-resolver-impl/1.9.22/maven-resolver-impl-1.9.22.jar:/home/runner/.m2/repository/org/apache/maven/resolver/maven-resolver-named-locks/1.9.22/maven-resolver-named-locks-1.9.22.jar:/home/runner/.m2/repository/org/apache/maven/resolver/maven-resolver-spi/1.9.22/maven-resolver-spi-1.9.22.jar:/home/runner/.m2/repository/org/apache/maven/resolver/maven-resolver-util/1.9.22/maven-resolver-util-1.9.22.jar:/home/runner/.m2/repository/org/apache/maven/resolver/maven-resolver-transport-http/1.9.20/maven-resolver-transport-http-1.9.20.jar:/home/runner/.m2/repository/org/apache/maven/wagon/wagon-provider-api/3.5.3/wagon-provider-api-3.5.3.jar:/home/runner/.m2/repository/org/apache/maven/wagon/wagon-http-shared/3.5.3/wagon-http-shared-3.5.3.jar:/home/runner/.m2/repository/org/codehaus/plexus/plexus-interpolation/1.26/plexus-interpolation-1.26.jar:/home/runner/.m2/repository/org/codehaus/plexus/plexus-utils/3.5.1/plexus-utils-3.5.1.jar:/home/runner/.m2/repository/org/codehaus/plexus/plexus-xml/4.0.1/plexus-xml-4.0.1.jar:/home/runner/.m2/repository/org/apache/maven/maven-xml-impl/4.0.0-alpha-5/maven-xml-impl-4.0.0-alpha-5.jar:/home/runner/.m2/repository/org/apache/maven/maven-api-xml/4.0.0-alpha-5/maven-api-xml-4.0.0-alpha-5.jar:/home/runner/.m2/repository/org/apache/maven/maven-api-meta/4.0.0-alpha-5/maven-api-meta-4.0.0-alpha-5.jar:/home/runner/.m2/repository/org/codehaus/plexus/plexus-cipher/2.0/plexus-cipher-2.0.jar:/home/runner/.m2/repository/org/codehaus/plexus/plexus-sec-dispatcher/2.0/plexus-sec-dispatcher-2.0.jar:/home/runner/.m2/repository/org/apache/maven/maven-embedder/3.9.9/maven-embedder-3.9.9.jar:/home/runner/.m2/repository/org/apache/maven/maven-core/3.9.9/maven-core-3.9.9.jar:/home/runner/.m2/repository/org/codehaus/plexus/plexus-component-annotations/2.1.0/plexus-component-annotations-2.1.0.jar:/home/runner/.m2/repository/org/apache/maven/maven-plugin-api/3.9.9/maven-plugin-api-3.9.9.jar:/home/runner/.m2/repository/org/apache/maven/shared/maven-shared-utils/3.4.2/maven-shared-utils-3.4.2.jar:/home/runner/.m2/repository/com/google/inject/guice/5.1.0/guice-5.1.0.jar:/home/runner/.m2/repository/aopalliance/aopalliance/1.0/aopalliance-1.0.jar:/home/runner/.m2/repository/org/codehaus/plexus/plexus-classworlds/2.6.0/plexus-classworlds-2.6.0.jar:/home/runner/.m2/repository/commons-cli/commons-cli/1.8.0/commons-cli-1.8.0.jar:/home/runner/.m2/repository/org/eclipse/sisu/org.eclipse.sisu.plexus/0.9.0.M3/org.eclipse.sisu.plexus-0.9.0.M3.jar:/home/runner/.m2/repository/org/apache/maven/maven-settings-builder/3.9.9/maven-settings-builder-3.9.9.jar:/home/runner/.m2/repository/org/apache/maven/maven-resolver-provider/3.9.9/maven-resolver-provider-3.9.9.jar:/home/runner/.m2/repository/org/apache/maven/resolver/maven-resolver-connector-basic/1.9.22/maven-resolver-connector-basic-1.9.22.jar:/home/runner/.m2/repository/org/apache/maven/resolver/maven-resolver-transport-wagon/1.9.22/maven-resolver-transport-wagon-1.9.22.jar:/home/runner/.m2/repository/org/apache/maven/wagon/wagon-http/3.5.3/wagon-http-3.5.3.jar:/home/runner/.m2/repository/org/apache/maven/wagon/wagon-file/3.5.3/wagon-file-3.5.3.jar:/home/runner/.m2/repository/io/quarkus/quarkus-bootstrap-gradle-resolver/3.20.1/quarkus-bootstrap-gradle-resolver-3.20.1.jar:/home/runner/.m2/repository/io/smallrye/jandex/3.3.0/jandex-3.3.0.jar:/home/runner/.m2/repository/org/jboss/logging/commons-logging-jboss-logging/1.0.0.Final/commons-logging-jboss-logging-1.0.0.Final.jar:/home/runner/.m2/repository/io/quarkus/quarkus-junit5-config/3.20.1/quarkus-junit5-config-3.20.1.jar:/home/runner/.m2/repository/org/junit/jupiter/junit-jupiter-api/5.12.1/junit-jupiter-api-5.12.1.jar:/home/runner/.m2/repository/io/smallrye/config/smallrye-config/3.11.4/smallrye-config-3.11.4.jar:/home/runner/.m2/repository/io/smallrye/config/smallrye-config-core/3.11.4/smallrye-config-core-3.11.4.jar:/home/runner/.m2/repository/io/smallrye/common/smallrye-common-classloader/2.12.0/smallrye-common-classloader-2.12.0.jar:/home/runner/.m2/repository/io/smallrye/config/smallrye-config-common/3.11.4/smallrye-config-common-3.11.4.jar:/home/runner/.m2/repository/org/junit/jupiter/junit-jupiter/5.12.1/junit-jupiter-5.12.1.jar:/home/runner/.m2/repository/org/junit/jupiter/junit-jupiter-params/5.12.1/junit-jupiter-params-5.12.1.jar:/home/runner/.m2/repository/org/junit/jupiter/junit-jupiter-engine/5.12.1/junit-jupiter-engine-5.12.1.jar:/home/runner/.m2/repository/io/quarkus/quarkus-core/3.20.1/quarkus-core-3.20.1.jar:/home/runner/.m2/repository/jakarta/enterprise/jakarta.enterprise.cdi-api/4.1.0/jakarta.enterprise.cdi-api-4.1.0.jar:/home/runner/.m2/repository/jakarta/enterprise/jakarta.enterprise.lang-model/4.1.0/jakarta.enterprise.lang-model-4.1.0.jar:/home/runner/.m2/repository/jakarta/el/jakarta.el-api/5.0.1/jakarta.el-api-5.0.1.jar:/home/runner/.m2/repository/jakarta/interceptor/jakarta.interceptor-api/2.2.0/jakarta.interceptor-api-2.2.0.jar:/home/runner/.m2/repository/jakarta/inject/jakarta.inject-api/2.0.1/jakarta.inject-api-2.0.1.jar:/home/runner/.m2/repository/io/smallrye/common/smallrye-common-os/2.12.0/smallrye-common-os-2.12.0.jar:/home/runner/.m2/repository/io/quarkus/quarkus-ide-launcher/3.20.1/quarkus-ide-launcher-3.20.1.jar:/home/runner/.m2/repository/io/quarkus/quarkus-development-mode-spi/3.20.1/quarkus-development-mode-spi-3.20.1.jar:/home/runner/.m2/repository/org/jboss/logging/jboss-logging/3.6.1.Final/jboss-logging-3.6.1.Final.jar:/home/runner/.m2/repository/org/jboss/logmanager/jboss-logmanager/3.1.2.Final/jboss-logmanager-3.1.2.Final.jar:/home/runner/.m2/repository/io/smallrye/common/smallrye-common-constraint/2.12.0/smallrye-common-constraint-2.12.0.jar:/home/runner/.m2/repository/io/smallrye/common/smallrye-common-cpu/2.12.0/smallrye-common-cpu-2.12.0.jar:/home/runner/.m2/repository/io/smallrye/common/smallrye-common-expression/2.12.0/smallrye-common-expression-2.12.0.jar:/home/runner/.m2/repository/io/smallrye/common/smallrye-common-net/2.12.0/smallrye-common-net-2.12.0.jar:/home/runner/.m2/repository/io/smallrye/common/smallrye-common-ref/2.12.0/smallrye-common-ref-2.12.0.jar:/home/runner/.m2/repository/jakarta/json/jakarta.json-api/2.1.3/jakarta.json-api-2.1.3.jar:/home/runner/.m2/repository/org/eclipse/parsson/parsson/1.1.7/parsson-1.1.7.jar:/home/runner/.m2/repository/org/jboss/logging/jboss-logging-annotations/3.0.4.Final/jboss-logging-annotations-3.0.4.Final.jar:/home/runner/.m2/repository/org/jboss/threads/jboss-threads/3.8.0.Final/jboss-threads-3.8.0.Final.jar:/home/runner/.m2/repository/io/smallrye/common/smallrye-common-annotation/2.12.0/smallrye-common-annotation-2.12.0.jar:/home/runner/.m2/repository/io/smallrye/common/smallrye-common-function/2.12.0/smallrye-common-function-2.12.0.jar:/home/runner/.m2/repository/org/jboss/slf4j/slf4j-jboss-logmanager/2.0.0.Final/slf4j-jboss-logmanager-2.0.0.Final.jar:/home/runner/.m2/repository/org/wildfly/common/wildfly-common/2.0.1/wildfly-common-2.0.1.jar:/home/runner/.m2/repository/io/quarkus/quarkus-bootstrap-runner/3.20.1/quarkus-bootstrap-runner-3.20.1.jar:/home/runner/.m2/repository/io/github/crac/org-crac/0.1.3/org-crac-0.1.3.jar:/home/runner/.m2/repository/io/quarkus/quarkus-fs-util/0.0.10/quarkus-fs-util-0.0.10.jar:/home/runner/.m2/repository/org/jboss/marshalling/jboss-marshalling/2.2.2.Final/jboss-marshalling-2.2.2.Final.jar:/home/runner/.m2/repository/io/fabric8/kubernetes-client/7.1.0/kubernetes-client-7.1.0.jar:/home/runner/.m2/repository/io/fabric8/kubernetes-client-api/7.1.0/kubernetes-client-api-7.1.0.jar:/home/runner/.m2/repository/io/fabric8/kubernetes-model-core/7.1.0/kubernetes-model-core-7.1.0.jar:/home/runner/.m2/repository/io/fabric8/kubernetes-model-common/7.1.0/kubernetes-model-common-7.1.0.jar:/home/runner/.m2/repository/javax/annotation/javax.annotation-api/1.3.2/javax.annotation-api-1.3.2.jar:/home/runner/.m2/repository/io/fabric8/kubernetes-model-gatewayapi/7.1.0/kubernetes-model-gatewayapi-7.1.0.jar:/home/runner/.m2/repository/io/fabric8/kubernetes-model-resource/7.1.0/kubernetes-model-resource-7.1.0.jar:/home/runner/.m2/repository/io/fabric8/kubernetes-model-rbac/7.1.0/kubernetes-model-rbac-7.1.0.jar:/home/runner/.m2/repository/io/fabric8/kubernetes-model-admissionregistration/7.1.0/kubernetes-model-admissionregistration-7.1.0.jar:/home/runner/.m2/repository/io/fabric8/kubernetes-model-apps/7.1.0/kubernetes-model-apps-7.1.0.jar:/home/runner/.m2/repository/io/fabric8/kubernetes-model-autoscaling/7.1.0/kubernetes-model-autoscaling-7.1.0.jar:/home/runner/.m2/repository/io/fabric8/kubernetes-model-apiextensions/7.1.0/kubernetes-model-apiextensions-7.1.0.jar:/home/runner/.m2/repository/io/fabric8/kubernetes-model-batch/7.1.0/kubernetes-model-batch-7.1.0.jar:/home/runner/.m2/repository/io/fabric8/kubernetes-model-certificates/7.1.0/kubernetes-model-certificates-7.1.0.jar:/home/runner/.m2/repository/io/fabric8/kubernetes-model-coordination/7.1.0/kubernetes-model-coordination-7.1.0.jar:/home/runner/.m2/repository/io/fabric8/kubernetes-model-discovery/7.1.0/kubernetes-model-discovery-7.1.0.jar:/home/runner/.m2/repository/io/fabric8/kubernetes-model-events/7.1.0/kubernetes-model-events-7.1.0.jar:/home/runner/.m2/repository/io/fabric8/kubernetes-model-extensions/7.1.0/kubernetes-model-extensions-7.1.0.jar:/home/runner/.m2/repository/io/fabric8/kubernetes-model-flowcontrol/7.1.0/kubernetes-model-flowcontrol-7.1.0.jar:/home/runner/.m2/repository/io/fabric8/kubernetes-model-networking/7.1.0/kubernetes-model-networking-7.1.0.jar:/home/runner/.m2/repository/io/fabric8/kubernetes-model-metrics/7.1.0/kubernetes-model-metrics-7.1.0.jar:/home/runner/.m2/repository/io/fabric8/kubernetes-model-policy/7.1.0/kubernetes-model-policy-7.1.0.jar:/home/runner/.m2/repository/io/fabric8/kubernetes-model-scheduling/7.1.0/kubernetes-model-scheduling-7.1.0.jar:/home/runner/.m2/repository/io/fabric8/kubernetes-model-storageclass/7.1.0/kubernetes-model-storageclass-7.1.0.jar:/home/runner/.m2/repository/io/fabric8/kubernetes-model-node/7.1.0/kubernetes-model-node-7.1.0.jar:/home/runner/.m2/repository/org/snakeyaml/snakeyaml-engine/2.9/snakeyaml-engine-2.9.jar:/home/runner/.m2/repository/com/fasterxml/jackson/dataformat/jackson-dataformat-yaml/2.15.2/jackson-dataformat-yaml-2.15.2.jar:/home/runner/.m2/repository/com/fasterxml/jackson/datatype/jackson-datatype-jsr310/2.18.2/jackson-datatype-jsr310-2.18.2.jar:/home/runner/.m2/repository/io/fabric8/zjsonpatch/7.1.0/zjsonpatch-7.1.0.jar:/home/runner/.m2/repository/io/fabric8/kubernetes-httpclient-vertx/7.1.0/kubernetes-httpclient-vertx-7.1.0.jar:/home/runner/.m2/repository/io/vertx/vertx-web-client/4.5.14/vertx-web-client-4.5.14.jar:/home/runner/.m2/repository/io/vertx/vertx-web-common/4.5.14/vertx-web-common-4.5.14.jar:/home/runner/.m2/repository/io/vertx/vertx-auth-common/4.5.14/vertx-auth-common-4.5.14.jar:/home/runner/.m2/repository/io/vertx/vertx-uri-template/4.5.14/vertx-uri-template-4.5.14.jar:/home/runner/.m2/repository/io/fabric8/openshift-client/7.1.0/openshift-client-7.1.0.jar:/home/runner/.m2/repository/io/fabric8/openshift-client-api/7.1.0/openshift-client-api-7.1.0.jar:/home/runner/.m2/repository/io/fabric8/openshift-model/7.1.0/openshift-model-7.1.0.jar:/home/runner/.m2/repository/io/fabric8/openshift-model-autoscaling/7.1.0/openshift-model-autoscaling-7.1.0.jar:/home/runner/.m2/repository/io/fabric8/openshift-model-operator/7.1.0/openshift-model-operator-7.1.0.jar:/home/runner/.m2/repository/io/fabric8/openshift-model-operatorhub/7.1.0/openshift-model-operatorhub-7.1.0.jar:/home/runner/.m2/repository/io/fabric8/openshift-model-machine/7.1.0/openshift-model-machine-7.1.0.jar:/home/runner/.m2/repository/io/fabric8/openshift-model-whereabouts/7.1.0/openshift-model-whereabouts-7.1.0.jar:/home/runner/.m2/repository/io/fabric8/openshift-model-monitoring/7.1.0/openshift-model-monitoring-7.1.0.jar:/home/runner/.m2/repository/io/fabric8/openshift-model-storageversionmigrator/7.1.0/openshift-model-storageversionmigrator-7.1.0.jar:/home/runner/.m2/repository/io/fabric8/openshift-model-tuned/7.1.0/openshift-model-tuned-7.1.0.jar:/home/runner/.m2/repository/io/fabric8/openshift-model-console/7.1.0/openshift-model-console-7.1.0.jar:/home/runner/.m2/repository/io/fabric8/openshift-model-config/7.1.0/openshift-model-config-7.1.0.jar:/home/runner/.m2/repository/io/fabric8/openshift-model-machineconfiguration/7.1.0/openshift-model-machineconfiguration-7.1.0.jar:/home/runner/.m2/repository/io/fabric8/openshift-model-miscellaneous/7.1.0/openshift-model-miscellaneous-7.1.0.jar:/home/runner/.m2/repository/io/fabric8/openshift-model-hive/7.1.0/openshift-model-hive-7.1.0.jar:/home/runner/.m2/repository/io/fabric8/openshift-model-installer/7.1.0/openshift-model-installer-7.1.0.jar:/home/runner/.m2/repository/org/junit/platform/junit-platform-launcher/1.12.1/junit-platform-launcher-1.12.1.jar:/home/runner/.m2/repository/org/junit/platform/junit-platform-engine/1.12.1/junit-platform-engine-1.12.1.jar:/home/runner/.m2/repository/org/opentest4j/opentest4j/1.3.0/opentest4j-1.3.0.jar:/home/runner/.m2/repository/org/junit/platform/junit-platform-commons/1.12.1/junit-platform-commons-1.12.1.jar:/home/runner/.m2/repository/org/apiguardian/apiguardian-api/1.1.2/apiguardian-api-1.1.2.jar:/home/runner/.m2/repository/jakarta/ws/rs/jakarta.ws.rs-api/3.1.0/jakarta.ws.rs-api-3.1.0.jar:/home/runner/work/apicurio-testing/apicurio-testing/clusters/ci419/namespaces/kafkasql/tests/integration/apicurio-registry/java-sdk/target/apicurio-registry-java-sdk-3.0.11-SNAPSHOT.jar:/home/runner/.m2/repository/com/microsoft/kiota/microsoft-kiota-abstractions/1.8.8/microsoft-kiota-abstractions-1.8.8.jar:/home/runner/.m2/repository/io/github/std-uritemplate/std-uritemplate/2.0.0/std-uritemplate-2.0.0.jar:/home/runner/.m2/repository/io/kiota/kiota-http-jdk/0.0.21/kiota-http-jdk-0.0.21.jar:/home/runner/.m2/repository/io/kiota/kiota-http-vertx/0.0.21/kiota-http-vertx-0.0.21.jar:/home/runner/.m2/repository/io/kiota/kiota-serialization-jackson/0.0.21/kiota-serialization-jackson-0.0.21.jar:/home/runner/.m2/repository/com/microsoft/kiota/microsoft-kiota-serialization-text/1.8.8/microsoft-kiota-serialization-text-1.8.8.jar:/home/runner/.m2/repository/com/microsoft/kiota/microsoft-kiota-serialization-form/1.8.8/microsoft-kiota-serialization-form-1.8.8.jar:/home/runner/.m2/repository/com/microsoft/kiota/microsoft-kiota-serialization-multipart/1.8.8/microsoft-kiota-serialization-multipart-1.8.8.jar:/home/runner/.m2/repository/jakarta/annotation/jakarta.annotation-api/3.0.0/jakarta.annotation-api-3.0.0.jar:/home/runner/.m2/repository/io/vertx/vertx-auth-oauth2/4.5.14/vertx-auth-oauth2-4.5.14.jar:/home/runner/work/apicurio-testing/apicurio-testing/clusters/ci419/namespaces/kafkasql/tests/integration/apicurio-registry/java-sdk-v2/target/apicurio-registry-v2-java-sdk-3.0.11-SNAPSHOT.jar:/home/runner/work/apicurio-testing/apicurio-testing/clusters/ci419/namespaces/kafkasql/tests/integration/apicurio-registry/utils/kafka/target/apicurio-registry-utils-kafka-3.0.11-SNAPSHOT-tests.jar:/home/runner/.m2/repository/org/eclipse/microprofile/config/microprofile-config-api/3.1/microprofile-config-api-3.1.jar:/home/runner/.m2/repository/org/apache/kafka/kafka-clients/3.9.1/kafka-clients-3.9.1.jar:/home/runner/.m2/repository/com/github/luben/zstd-jni/1.5.6-4/zstd-jni-1.5.6-4.jar:/home/runner/.m2/repository/org/lz4/lz4-java/1.8.0/lz4-java-1.8.0.jar:/home/runner/.m2/repository/org/xerial/snappy/snappy-java/1.1.10.5/snappy-java-1.1.10.5.jar:/home/runner/.m2/repository/org/slf4j/slf4j-api/2.0.6/slf4j-api-2.0.6.jar:/home/runner/work/apicurio-testing/apicurio-testing/clusters/ci419/namespaces/kafkasql/tests/integration/apicurio-registry/utils/tests/target/apicurio-registry-utils-tests-3.0.11-SNAPSHOT.jar:/home/runner/work/apicurio-testing/apicurio-testing/clusters/ci419/namespaces/kafkasql/tests/integration/apicurio-registry/common/target/apicurio-registry-common-3.0.11-SNAPSHOT.jar:/home/runner/.m2/repository/jakarta/validation/jakarta.validation-api/3.0.2/jakarta.validation-api-3.0.2.jar:/home/runner/.m2/repository/com/github/dasniko/testcontainers-keycloak/3.6.0/testcontainers-keycloak-3.6.0.jar:/home/runner/.m2/repository/org/testcontainers/testcontainers/1.20.6/testcontainers-1.20.6.jar:/home/runner/.m2/repository/org/rnorth/duct-tape/duct-tape/1.0.8/duct-tape-1.0.8.jar:/home/runner/.m2/repository/org/jetbrains/annotations/26.0.2/annotations-26.0.2.jar:/home/runner/.m2/repository/com/github/docker-java/docker-java-transport-zerodep/3.4.1/docker-java-transport-zerodep-3.4.1.jar:/home/runner/.m2/repository/com/github/docker-java/docker-java-transport/3.4.1/docker-java-transport-3.4.1.jar:/home/runner/.m2/repository/net/java/dev/jna/jna/5.8.0/jna-5.8.0.jar:/home/runner/.m2/repository/io/quarkus/quarkus-junit4-mock/3.20.1/quarkus-junit4-mock-3.20.1.jar:/home/runner/.m2/repository/org/jboss/shrinkwrap/shrinkwrap-api/2.0.0-beta-2/shrinkwrap-api-2.0.0-beta-2.jar:/home/runner/.m2/repository/org/jboss/shrinkwrap/shrinkwrap-impl-base/2.0.0-beta-2/shrinkwrap-impl-base-2.0.0-beta-2.jar:/home/runner/.m2/repository/org/jboss/shrinkwrap/shrinkwrap-spi/2.0.0-beta-2/shrinkwrap-spi-2.0.0-beta-2.jar:/home/runner/.m2/repository/org/keycloak/keycloak-admin-client/26.0.4/keycloak-admin-client-26.0.4.jar:/home/runner/.m2/repository/org/keycloak/keycloak-client-common-synced/26.0.4/keycloak-client-common-synced-26.0.4.jar:/home/runner/.m2/repository/jakarta/activation/jakarta.activation-api/2.1.3/jakarta.activation-api-2.1.3.jar:/home/runner/.m2/repository/org/eclipse/microprofile/openapi/microprofile-openapi-api/4.0.2/microprofile-openapi-api-4.0.2.jar:/home/runner/.m2/repository/org/jboss/resteasy/resteasy-client/6.2.12.Final/resteasy-client-6.2.12.Final.jar:/home/runner/.m2/repository/org/jboss/resteasy/resteasy-client-api/6.2.12.Final/resteasy-client-api-6.2.12.Final.jar:/home/runner/.m2/repository/org/jboss/resteasy/resteasy-core-spi/6.2.12.Final/resteasy-core-spi-6.2.12.Final.jar:/home/runner/.m2/repository/org/jboss/resteasy/resteasy-core/6.2.12.Final/resteasy-core-6.2.12.Final.jar:/home/runner/.m2/repository/org/eclipse/angus/angus-activation/2.0.2/angus-activation-2.0.2.jar:/home/runner/.m2/repository/com/ibm/async/asyncutil/0.1.0/asyncutil-0.1.0.jar:/home/runner/.m2/repository/org/reactivestreams/reactive-streams/1.0.4/reactive-streams-1.0.4.jar:/home/runner/.m2/repository/org/jboss/resteasy/resteasy-multipart-provider/6.2.12.Final/resteasy-multipart-provider-6.2.12.Final.jar:/home/runner/.m2/repository/jakarta/mail/jakarta.mail-api/2.1.3/jakarta.mail-api-2.1.3.jar:/home/runner/.m2/repository/org/eclipse/angus/angus-mail/2.0.3/angus-mail-2.0.3.jar:/home/runner/.m2/repository/org/apache/james/apache-mime4j-dom/0.8.12/apache-mime4j-dom-0.8.12.jar:/home/runner/.m2/repository/org/apache/james/apache-mime4j-core/0.8.12/apache-mime4j-core-0.8.12.jar:/home/runner/.m2/repository/org/apache/james/apache-mime4j-storage/0.8.12/apache-mime4j-storage-0.8.12.jar:/home/runner/.m2/repository/org/jboss/resteasy/resteasy-jackson2-provider/6.2.12.Final/resteasy-jackson2-provider-6.2.12.Final.jar:/home/runner/.m2/repository/com/fasterxml/jackson/jakarta/rs/jackson-jakarta-rs-base/2.18.2/jackson-jakarta-rs-base-2.18.2.jar:/home/runner/.m2/repository/com/fasterxml/jackson/jakarta/rs/jackson-jakarta-rs-json-provider/2.18.2/jackson-jakarta-rs-json-provider-2.18.2.jar:/home/runner/.m2/repository/com/fasterxml/jackson/module/jackson-module-jakarta-xmlbind-annotations/2.18.2/jackson-module-jakarta-xmlbind-annotations-2.18.2.jar:/home/runner/.m2/repository/com/github/java-json-tools/json-patch/1.13/json-patch-1.13.jar:/home/runner/.m2/repository/com/github/java-json-tools/msg-simple/1.2/msg-simple-1.2.jar:/home/runner/.m2/repository/com/github/java-json-tools/btf/1.3/btf-1.3.jar:/home/runner/.m2/repository/com/github/java-json-tools/jackson-coreutils/2.0/jackson-coreutils-2.0.jar:/home/runner/.m2/repository/org/jboss/resteasy/resteasy-jaxb-provider/6.2.12.Final/resteasy-jaxb-provider-6.2.12.Final.jar:/home/runner/.m2/repository/org/glassfish/jaxb/codemodel/4.0.5/codemodel-4.0.5.jar:/home/runner/.m2/repository/org/glassfish/jaxb/jaxb-core/4.0.5/jaxb-core-4.0.5.jar:/home/runner/.m2/repository/org/glassfish/jaxb/jaxb-jxc/4.0.5/jaxb-jxc-4.0.5.jar:/home/runner/.m2/repository/org/glassfish/jaxb/jaxb-runtime/4.0.5/jaxb-runtime-4.0.5.jar:/home/runner/.m2/repository/org/glassfish/jaxb/txw2/4.0.5/txw2-4.0.5.jar:/home/runner/.m2/repository/org/glassfish/jaxb/jaxb-xjc/4.0.5/jaxb-xjc-4.0.5.jar:/home/runner/.m2/repository/org/glassfish/jaxb/xsom/4.0.5/xsom-4.0.5.jar:/home/runner/.m2/repository/com/sun/istack/istack-commons-runtime/4.1.2/istack-commons-runtime-4.1.2.jar:/home/runner/.m2/repository/com/sun/istack/istack-commons-tools/4.1.2/istack-commons-tools-4.1.2.jar:/home/runner/.m2/repository/com/sun/xml/bind/external/relaxng-datatype/4.0.5/relaxng-datatype-4.0.5.jar:/home/runner/.m2/repository/com/sun/xml/bind/external/rngom/4.0.5/rngom-4.0.5.jar:/home/runner/.m2/repository/org/testcontainers/mssqlserver/1.20.6/mssqlserver-1.20.6.jar:/home/runner/.m2/repository/org/testcontainers/jdbc/1.20.6/jdbc-1.20.6.jar:/home/runner/.m2/repository/org/testcontainers/database-commons/1.20.6/database-commons-1.20.6.jar:/home/runner/.m2/repository/org/testcontainers/mysql/1.20.6/mysql-1.20.6.jar:/home/runner/.m2/repository/io/strimzi/strimzi-test-container/0.107.0/strimzi-test-container-0.107.0.jar:/home/runner/.m2/repository/org/testcontainers/toxiproxy/1.20.6/toxiproxy-1.20.6.jar:/home/runner/.m2/repository/com/github/docker-java/docker-java-api/3.4.1/docker-java-api-3.4.1.jar:/home/runner/.m2/repository/eu/rekawek/toxiproxy/toxiproxy-java/2.1.7/toxiproxy-java-2.1.7.jar:/home/runner/.m2/repository/junit/junit/4.13.2/junit-4.13.2.jar:/home/runner/.m2/repository/org/hamcrest/hamcrest-core/1.3/hamcrest-core-1.3.jar:/home/runner/.m2/repository/org/testcontainers/pulsar/1.20.4/pulsar-1.20.4.jar:/home/runner/.m2/repository/io/debezium/debezium-testing-testcontainers/2.6.2.Final/debezium-testing-testcontainers-2.6.2.Final.jar:/home/runner/.m2/repository/org/testcontainers/kafka/1.20.6/kafka-1.20.6.jar:/home/runner/.m2/repository/com/squareup/okhttp3/okhttp/4.8.1/okhttp-4.8.1.jar:/home/runner/.m2/repository/com/squareup/okio/okio/3.10.2/okio-3.10.2.jar:/home/runner/.m2/repository/com/squareup/okio/okio-jvm/3.10.2/okio-jvm-3.10.2.jar:/home/runner/.m2/repository/org/jetbrains/kotlin/kotlin-stdlib/2.0.21/kotlin-stdlib-2.0.21.jar:/home/runner/.m2/repository/org/awaitility/awaitility/4.2.2/awaitility-4.2.2.jar:/home/runner/.m2/repository/org/testcontainers/mongodb/1.20.6/mongodb-1.20.6.jar:/home/runner/.m2/repository/org/testcontainers/oracle-xe/1.20.6/oracle-xe-1.20.6.jar:/home/runner/.m2/repository/org/testcontainers/postgresql/1.20.6/postgresql-1.20.6.jar:/home/runner/.m2/repository/org/wiremock/wiremock/3.0.1/wiremock-3.0.1.jar:/home/runner/.m2/repository/org/eclipse/jetty/jetty-server/11.0.15/jetty-server-11.0.15.jar:/home/runner/.m2/repository/org/eclipse/jetty/toolchain/jetty-jakarta-servlet-api/5.0.2/jetty-jakarta-servlet-api-5.0.2.jar:/home/runner/.m2/repository/org/eclipse/jetty/jetty-http/11.0.15/jetty-http-11.0.15.jar:/home/runner/.m2/repository/org/eclipse/jetty/jetty-io/11.0.15/jetty-io-11.0.15.jar:/home/runner/.m2/repository/org/eclipse/jetty/jetty-servlet/11.0.15/jetty-servlet-11.0.15.jar:/home/runner/.m2/repository/org/eclipse/jetty/jetty-security/11.0.15/jetty-security-11.0.15.jar:/home/runner/.m2/repository/org/eclipse/jetty/jetty-servlets/11.0.15/jetty-servlets-11.0.15.jar:/home/runner/.m2/repository/org/eclipse/jetty/jetty-util/11.0.15/jetty-util-11.0.15.jar:/home/runner/.m2/repository/org/eclipse/jetty/jetty-webapp/11.0.15/jetty-webapp-11.0.15.jar:/home/runner/.m2/repository/org/eclipse/jetty/jetty-xml/11.0.15/jetty-xml-11.0.15.jar:/home/runner/.m2/repository/org/eclipse/jetty/jetty-proxy/11.0.15/jetty-proxy-11.0.15.jar:/home/runner/.m2/repository/org/eclipse/jetty/jetty-client/11.0.15/jetty-client-11.0.15.jar:/home/runner/.m2/repository/org/eclipse/jetty/http2/http2-server/11.0.15/http2-server-11.0.15.jar:/home/runner/.m2/repository/org/eclipse/jetty/http2/http2-common/11.0.15/http2-common-11.0.15.jar:/home/runner/.m2/repository/org/eclipse/jetty/http2/http2-hpack/11.0.15/http2-hpack-11.0.15.jar:/home/runner/.m2/repository/org/eclipse/jetty/jetty-alpn-server/11.0.15/jetty-alpn-server-11.0.15.jar:/home/runner/.m2/repository/org/eclipse/jetty/jetty-alpn-java-server/11.0.15/jetty-alpn-java-server-11.0.15.jar:/home/runner/.m2/repository/org/eclipse/jetty/jetty-alpn-java-client/11.0.15/jetty-alpn-java-client-11.0.15.jar:/home/runner/.m2/repository/org/eclipse/jetty/jetty-alpn-client/11.0.15/jetty-alpn-client-11.0.15.jar:/home/runner/.m2/repository/org/apache/httpcomponents/client5/httpclient5/5.2.1/httpclient5-5.2.1.jar:/home/runner/.m2/repository/org/apache/httpcomponents/core5/httpcore5/5.2/httpcore5-5.2.jar:/home/runner/.m2/repository/org/apache/httpcomponents/core5/httpcore5-h2/5.2/httpcore5-h2-5.2.jar:/home/runner/.m2/repository/org/xmlunit/xmlunit-core/2.9.1/xmlunit-core-2.9.1.jar:/home/runner/.m2/repository/jakarta/xml/bind/jakarta.xml.bind-api/4.0.2/jakarta.xml.bind-api-4.0.2.jar:/home/runner/.m2/repository/org/xmlunit/xmlunit-legacy/2.9.1/xmlunit-legacy-2.9.1.jar:/home/runner/.m2/repository/org/xmlunit/xmlunit-placeholders/2.9.1/xmlunit-placeholders-2.9.1.jar:/home/runner/.m2/repository/net/javacrumbs/json-unit/json-unit-core/2.38.0/json-unit-core-2.38.0.jar:/home/runner/.m2/repository/com/jayway/jsonpath/json-path/2.8.0/json-path-2.8.0.jar:/home/runner/.m2/repository/net/minidev/json-smart/2.4.10/json-smart-2.4.10.jar:/home/runner/.m2/repository/net/minidev/accessors-smart/2.4.9/accessors-smart-2.4.9.jar:/home/runner/.m2/repository/org/ow2/asm/asm/9.7.1/asm-9.7.1.jar:/home/runner/.m2/repository/net/sf/jopt-simple/jopt-simple/5.0.4/jopt-simple-5.0.4.jar:/home/runner/.m2/repository/com/github/jknack/handlebars/4.3.1/handlebars-4.3.1.jar:/home/runner/.m2/repository/com/github/jknack/handlebars-helpers/4.3.1/handlebars-helpers-4.3.1.jar:/home/runner/.m2/repository/commons-fileupload/commons-fileupload/1.5/commons-fileupload-1.5.jar:/home/runner/.m2/repository/com/networknt/json-schema-validator/1.5.5/json-schema-validator-1.5.5.jar:/home/runner/.m2/repository/com/ethlo/time/itu/1.10.3/itu-1.10.3.jar:/home/runner/.m2/repository/io/quarkus/quarkus-smallrye-jwt-build/3.20.1/quarkus-smallrye-jwt-build-3.20.1.jar:/home/runner/.m2/repository/io/smallrye/smallrye-jwt-build/4.6.1/smallrye-jwt-build-4.6.1.jar:/home/runner/.m2/repository/org/eclipse/microprofile/jwt/microprofile-jwt-auth-api/2.1/microprofile-jwt-auth-api-2.1.jar:/home/runner/.m2/repository/org/bitbucket/b_c/jose4j/0.9.6/jose4j-0.9.6.jar:/home/runner/.m2/repository/io/smallrye/smallrye-jwt-common/4.6.1/smallrye-jwt-common-4.6.1.jar:/home/runner/.m2/repository/io/quarkus/quarkus-jsonp/3.20.1/quarkus-jsonp-3.20.1.jar:/home/runner/.m2/repository/io/quarkus/quarkus-arc/3.20.1/quarkus-arc-3.20.1.jar:/home/runner/.m2/repository/io/quarkus/arc/arc/3.20.1/arc-3.20.1.jar:/home/runner/.m2/repository/jakarta/transaction/jakarta.transaction-api/2.0.1/jakarta.transaction-api-2.0.1.jar:/home/runner/.m2/repository/io/smallrye/reactive/mutiny/2.8.0/mutiny-2.8.0.jar:/home/runner/.m2/repository/org/jctools/jctools-core/4.0.5/jctools-core-4.0.5.jar:/home/runner/.m2/repository/org/eclipse/microprofile/context-propagation/microprofile-context-propagation-api/1.3/microprofile-context-propagation-api-1.3.jar:/home/runner/.m2/repository/io/apicurio/apicurio-common-rest-client-common/0.1.18.Final/apicurio-common-rest-client-common-0.1.18.Final.jar:/home/runner/work/apicurio-testing/apicurio-testing/clusters/ci419/namespaces/kafkasql/tests/integration/apicurio-registry/utils/maven-plugin/target/apicurio-registry-maven-plugin-3.0.11-SNAPSHOT.jar:/home/runner/.m2/repository/com/fasterxml/jackson/core/jackson-databind/2.18.2/jackson-databind-2.18.2.jar:/home/runner/.m2/repository/org/apache/avro/avro/1.12.0/avro-1.12.0.jar:/home/runner/.m2/repository/com/google/protobuf/protobuf-java/4.31.1/protobuf-java-4.31.1.jar:/home/runner/.m2/repository/com/google/protobuf/protobuf-java-util/4.31.1/protobuf-java-util-4.31.1.jar:/home/runner/.m2/repository/com/google/code/findbugs/jsr305/3.0.2/jsr305-3.0.2.jar:/home/runner/.m2/repository/com/google/code/gson/gson/2.12.1/gson-2.12.1.jar:/home/runner/.m2/repository/com/google/errorprone/error_prone_annotations/2.36.0/error_prone_annotations-2.36.0.jar:/home/runner/.m2/repository/com/google/j2objc/j2objc-annotations/2.8/j2objc-annotations-2.8.jar:/home/runner/work/apicurio-testing/apicurio-testing/clusters/ci419/namespaces/kafkasql/tests/integration/apicurio-registry/schema-util/util-provider/target/apicurio-registry-schema-util-provider-3.0.11-SNAPSHOT.jar:/home/runner/work/apicurio-testing/apicurio-testing/clusters/ci419/namespaces/kafkasql/tests/integration/apicurio-registry/schema-util/common/target/apicurio-registry-schema-util-common-3.0.11-SNAPSHOT.jar:/home/runner/.m2/repository/com/fasterxml/jackson/module/jackson-module-parameter-names/2.18.2/jackson-module-parameter-names-2.18.2.jar:/home/runner/.m2/repository/com/fasterxml/jackson/datatype/jackson-datatype-json-org/2.18.2/jackson-datatype-json-org-2.18.2.jar:/home/runner/work/apicurio-testing/apicurio-testing/clusters/ci419/namespaces/kafkasql/tests/integration/apicurio-registry/schema-util/json/target/apicurio-registry-schema-util-json-3.0.11-SNAPSHOT.jar:/home/runner/.m2/repository/com/github/erosb/everit-json-schema/1.14.5/everit-json-schema-1.14.5.jar:/home/runner/.m2/repository/commons-validator/commons-validator/1.9.0/commons-validator-1.9.0.jar:/home/runner/.m2/repository/commons-digester/commons-digester/2.1/commons-digester-2.1.jar:/home/runner/.m2/repository/commons-collections/commons-collections/3.2.2/commons-collections-3.2.2.jar:/home/runner/.m2/repository/com/damnhandy/handy-uri-templates/2.1.8/handy-uri-templates-2.1.8.jar:/home/runner/.m2/repository/joda-time/joda-time/2.10.2/joda-time-2.10.2.jar:/home/runner/.m2/repository/com/github/erosb/json-sKema/0.20.0/json-sKema-0.20.0.jar:/home/runner/.m2/repository/io/vertx/vertx-json-schema/4.5.14/vertx-json-schema-4.5.14.jar:/home/runner/work/apicurio-testing/apicurio-testing/clusters/ci419/namespaces/kafkasql/tests/integration/apicurio-registry/schema-util/protobuf/target/apicurio-registry-schema-util-protobuf-3.0.11-SNAPSHOT.jar:/home/runner/work/apicurio-testing/apicurio-testing/clusters/ci419/namespaces/kafkasql/tests/integration/apicurio-registry/utils/protobuf-schema-utilities/target/apicurio-registry-protobuf-schema-utilities-3.0.11-SNAPSHOT.jar:/home/runner/.m2/repository/com/google/api/grpc/proto-google-common-protos/2.52.0/proto-google-common-protos-2.52.0.jar:/home/runner/.m2/repository/com/squareup/wire/wire-schema-jvm/5.3.3/wire-schema-jvm-5.3.3.jar:/home/runner/.m2/repository/com/palantir/javapoet/javapoet/0.6.0/javapoet-0.6.0.jar:/home/runner/.m2/repository/com/squareup/kotlinpoet-jvm/2.0.0/kotlinpoet-jvm-2.0.0.jar:/home/runner/.m2/repository/org/jetbrains/kotlin/kotlin-reflect/2.0.21/kotlin-reflect-2.0.21.jar:/home/runner/.m2/repository/com/squareup/wire/wire-runtime-jvm/5.3.3/wire-runtime-jvm-5.3.3.jar:/home/runner/.m2/repository/com/ibm/icu/icu4j/76.1/icu4j-76.1.jar:/home/runner/.m2/repository/com/squareup/okio/okio-fakefilesystem/3.10.2/okio-fakefilesystem-3.10.2.jar:/home/runner/.m2/repository/com/squareup/okio/okio-fakefilesystem-jvm/3.10.2/okio-fakefilesystem-jvm-3.10.2.jar:/home/runner/.m2/repository/org/jetbrains/kotlinx/kotlinx-datetime-jvm/0.6.1/kotlinx-datetime-jvm-0.6.1.jar:/home/runner/work/apicurio-testing/apicurio-testing/clusters/ci419/namespaces/kafkasql/tests/integration/apicurio-registry/schema-util/asyncapi/target/apicurio-registry-schema-util-asyncapi-3.0.11-SNAPSHOT.jar:/home/runner/work/apicurio-testing/apicurio-testing/clusters/ci419/namespaces/kafkasql/tests/integration/apicurio-registry/schema-util/avro/target/apicurio-registry-schema-util-avro-3.0.11-SNAPSHOT.jar:/home/runner/work/apicurio-testing/apicurio-testing/clusters/ci419/namespaces/kafkasql/tests/integration/apicurio-registry/schema-util/graphql/target/apicurio-registry-schema-util-graphql-3.0.11-SNAPSHOT.jar:/home/runner/.m2/repository/com/graphql-java/graphql-java/22.3/graphql-java-22.3.jar:/home/runner/.m2/repository/com/graphql-java/java-dataloader/3.3.0/java-dataloader-3.3.0.jar:/home/runner/work/apicurio-testing/apicurio-testing/clusters/ci419/namespaces/kafkasql/tests/integration/apicurio-registry/schema-util/kconnect/target/apicurio-registry-schema-util-kconnect-3.0.11-SNAPSHOT.jar:/home/runner/work/apicurio-testing/apicurio-testing/clusters/ci419/namespaces/kafkasql/tests/integration/apicurio-registry/schema-util/openapi/target/apicurio-registry-schema-util-openapi-3.0.11-SNAPSHOT.jar:/home/runner/.m2/repository/io/apicurio/apicurio-data-models/2.2.1/apicurio-data-models-2.2.1.jar:/home/runner/.m2/repository/org/openapitools/openapidiff/openapi-diff-core/2.1.2/openapi-diff-core-2.1.2.jar:/home/runner/.m2/repository/io/swagger/parser/v3/swagger-parser/2.1.28/swagger-parser-2.1.28.jar:/home/runner/.m2/repository/io/swagger/parser/v3/swagger-parser-v2-converter/2.1.28/swagger-parser-v2-converter-2.1.28.jar:/home/runner/.m2/repository/io/swagger/swagger-core/1.6.16/swagger-core-1.6.16.jar:/home/runner/.m2/repository/io/swagger/swagger-models/1.6.16/swagger-models-1.6.16.jar:/home/runner/.m2/repository/io/swagger/swagger-annotations/1.6.16/swagger-annotations-1.6.16.jar:/home/runner/.m2/repository/io/swagger/swagger-parser/1.0.75/swagger-parser-1.0.75.jar:/home/runner/.m2/repository/io/swagger/swagger-parser-safe-url-resolver/1.0.75/swagger-parser-safe-url-resolver-1.0.75.jar:/home/runner/.m2/repository/io/swagger/swagger-compat-spec-parser/1.0.75/swagger-compat-spec-parser-1.0.75.jar:/home/runner/.m2/repository/com/github/java-json-tools/json-schema-validator/2.2.14/json-schema-validator-2.2.14.jar:/home/runner/.m2/repository/com/github/java-json-tools/jackson-coreutils-equivalence/1.0/jackson-coreutils-equivalence-1.0.jar:/home/runner/.m2/repository/com/github/java-json-tools/json-schema-core/1.2.14/json-schema-core-1.2.14.jar:/home/runner/.m2/repository/com/github/java-json-tools/uri-template/0.10/uri-template-0.10.jar:/home/runner/.m2/repository/com/googlecode/libphonenumber/libphonenumber/8.11.1/libphonenumber-8.11.1.jar:/home/runner/.m2/repository/com/j2html/j2html/1.6.0/j2html-1.6.0.jar:/home/runner/.m2/repository/org/apache/commons/commons-collections4/4.5.0/commons-collections4-4.5.0.jar:/home/runner/.m2/repository/org/apache/commons/commons-configuration2/2.12.0/commons-configuration2-2.12.0.jar:/home/runner/.m2/repository/org/apache/commons/commons-text/1.13.0/commons-text-1.13.0.jar:/home/runner/.m2/repository/org/slf4j/jcl-over-slf4j/2.0.17/jcl-over-slf4j-2.0.17.jar:/home/runner/.m2/repository/io/swagger/parser/v3/swagger-parser-v3/2.1.30/swagger-parser-v3-2.1.30.jar:/home/runner/.m2/repository/io/swagger/core/v3/swagger-models/2.2.34/swagger-models-2.2.34.jar:/home/runner/.m2/repository/io/swagger/core/v3/swagger-core/2.2.34/swagger-core-2.2.34.jar:/home/runner/.m2/repository/io/swagger/parser/v3/swagger-parser-core/2.1.30/swagger-parser-core-2.1.30.jar:/home/runner/.m2/repository/io/swagger/parser/v3/swagger-parser-safe-url-resolver/2.1.30/swagger-parser-safe-url-resolver-2.1.30.jar:/home/runner/work/apicurio-testing/apicurio-testing/clusters/ci419/namespaces/kafkasql/tests/integration/apicurio-registry/schema-util/wsdl/target/apicurio-registry-schema-util-wsdl-3.0.11-SNAPSHOT.jar:/home/runner/.m2/repository/wsdl4j/wsdl4j/1.6.3/wsdl4j-1.6.3.jar:/home/runner/work/apicurio-testing/apicurio-testing/clusters/ci419/namespaces/kafkasql/tests/integration/apicurio-registry/schema-util/xml/target/apicurio-registry-schema-util-xml-3.0.11-SNAPSHOT.jar:/home/runner/.m2/repository/org/apache/santuario/xmlsec/4.0.3/xmlsec-4.0.3.jar:/home/runner/.m2/repository/com/fasterxml/woodstox/woodstox-core/7.1.0/woodstox-core-7.1.0.jar:/home/runner/.m2/repository/org/codehaus/woodstox/stax2-api/4.2.2/stax2-api-4.2.2.jar:/home/runner/work/apicurio-testing/apicurio-testing/clusters/ci419/namespaces/kafkasql/tests/integration/apicurio-registry/schema-util/xsd/target/apicurio-registry-schema-util-xsd-3.0.11-SNAPSHOT.jar:/home/runner/work/apicurio-testing/apicurio-testing/clusters/ci419/namespaces/kafkasql/tests/integration/apicurio-registry/serdes/kafka/jsonschema-serde/target/apicurio-registry-jsonschema-serde-kafka-3.0.11-SNAPSHOT.jar:/home/runner/work/apicurio-testing/apicurio-testing/clusters/ci419/namespaces/kafkasql/tests/integration/apicurio-registry/serdes/kafka/serde-kafka-common/target/apicurio-registry-serde-kafka-common-3.0.11-SNAPSHOT.jar:/home/runner/work/apicurio-testing/apicurio-testing/clusters/ci419/namespaces/kafkasql/tests/integration/apicurio-registry/serdes/generic/serde-common/target/apicurio-registry-serde-common-3.0.11-SNAPSHOT.jar:/home/runner/work/apicurio-testing/apicurio-testing/clusters/ci419/namespaces/kafkasql/tests/integration/apicurio-registry/serdes/generic/serde-common-jsonschema/target/apicurio-registry-serde-common-jsonschema-3.0.11-SNAPSHOT.jar:/home/runner/.m2/repository/org/json/json/20250107/json-20250107.jar:/home/runner/work/apicurio-testing/apicurio-testing/clusters/ci419/namespaces/kafkasql/tests/integration/apicurio-registry/serdes/kafka/avro-serde/target/apicurio-registry-avro-serde-kafka-3.0.11-SNAPSHOT.jar:/home/runner/work/apicurio-testing/apicurio-testing/clusters/ci419/namespaces/kafkasql/tests/integration/apicurio-registry/serdes/generic/serde-common-avro/target/apicurio-registry-serde-common-avro-3.0.11-SNAPSHOT.jar:/home/runner/work/apicurio-testing/apicurio-testing/clusters/ci419/namespaces/kafkasql/tests/integration/apicurio-registry/serdes/kafka/protobuf-serde/target/apicurio-registry-protobuf-serde-kafka-3.0.11-SNAPSHOT.jar:/home/runner/work/apicurio-testing/apicurio-testing/clusters/ci419/namespaces/kafkasql/tests/integration/apicurio-registry/serdes/generic/serde-common-protobuf/target/apicurio-registry-serde-common-protobuf-3.0.11-SNAPSHOT.jar:/home/runner/.m2/repository/com/squareup/wire/wire-schema/5.3.3/wire-schema-5.3.3.jar:/home/runner/.m2/repository/com/squareup/wire/wire-runtime/5.3.3/wire-runtime-5.3.3.jar:/home/runner/work/apicurio-testing/apicurio-testing/clusters/ci419/namespaces/kafkasql/tests/integration/apicurio-registry/serdes/pulsar/avro-serde/target/apicurio-registry-avro-serde-pulsar-3.0.11-SNAPSHOT.jar:/home/runner/.m2/repository/org/apache/pulsar/pulsar-functions-api/3.3.4/pulsar-functions-api-3.3.4.jar:/home/runner/work/apicurio-testing/apicurio-testing/clusters/ci419/namespaces/kafkasql/tests/integration/apicurio-registry/serdes/nats/avro-serde/target/apicurio-registry-avro-serde-nats-3.0.11-SNAPSHOT.jar:/home/runner/.m2/repository/io/nats/jnats/2.20.5/jnats-2.20.5.jar:/home/runner/.m2/repository/net/i2p/crypto/eddsa/0.3.0/eddsa-0.3.0.jar:/home/runner/work/apicurio-testing/apicurio-testing/clusters/ci419/namespaces/kafkasql/tests/integration/apicurio-registry/utils/converter/target/apicurio-registry-utils-converter-3.0.11-SNAPSHOT.jar:/home/runner/work/apicurio-testing/apicurio-testing/clusters/ci419/namespaces/kafkasql/tests/integration/apicurio-registry/schema-resolver/target/apicurio-registry-schema-resolver-3.0.11-SNAPSHOT.jar:/home/runner/.m2/repository/org/apache/kafka/connect-api/3.9.1/connect-api-3.9.1.jar:/home/runner/.m2/repository/javax/ws/rs/javax.ws.rs-api/2.1.1/javax.ws.rs-api-2.1.1.jar:/home/runner/.m2/repository/org/apache/kafka/connect-json/3.9.1/connect-json-3.9.1.jar:/home/runner/.m2/repository/com/fasterxml/jackson/datatype/jackson-datatype-jdk8/2.18.2/jackson-datatype-jdk8-2.18.2.jar:/home/runner/.m2/repository/com/fasterxml/jackson/module/jackson-module-afterburner/2.18.2/jackson-module-afterburner-2.18.2.jar:/home/runner/work/apicurio-testing/apicurio-testing/clusters/ci419/namespaces/kafkasql/tests/integration/apicurio-registry/utils/kafka/target/apicurio-registry-utils-kafka-3.0.11-SNAPSHOT.jar:/home/runner/.m2/repository/org/apache/pulsar/pulsar-client/3.3.4/pulsar-client-3.3.4.jar:/home/runner/.m2/repository/org/apache/pulsar/pulsar-client-api/3.3.4/pulsar-client-api-3.3.4.jar:/home/runner/.m2/repository/org/apache/pulsar/pulsar-client-admin-api/3.3.4/pulsar-client-admin-api-3.3.4.jar:/home/runner/.m2/repository/org/apache/pulsar/bouncy-castle-bc/3.3.4/bouncy-castle-bc-3.3.4-pkg.jar:/home/runner/.m2/repository/org/bouncycastle/bcpkix-jdk18on/1.80/bcpkix-jdk18on-1.80.jar:/home/runner/.m2/repository/org/bouncycastle/bcutil-jdk18on/1.80/bcutil-jdk18on-1.80.jar:/home/runner/.m2/repository/org/bouncycastle/bcprov-jdk18on/1.80/bcprov-jdk18on-1.80.jar:/home/runner/.m2/repository/io/opentelemetry/opentelemetry-api/1.44.1/opentelemetry-api-1.44.1.jar:/home/runner/.m2/repository/io/opentelemetry/opentelemetry-context/1.44.1/opentelemetry-context-1.44.1.jar:/home/runner/.m2/repository/io/opentelemetry/opentelemetry-api-incubator/1.44.1-alpha/opentelemetry-api-incubator-1.44.1-alpha.jar:/home/runner/.m2/repository/com/fasterxml/jackson/core/jackson-annotations/2.18.2/jackson-annotations-2.18.2.jar:/home/runner/.m2/repository/javax/validation/validation-api/1.1.0.Final/validation-api-1.1.0.Final.jar:/home/runner/.m2/repository/io/confluent/kafka-avro-serializer/8.0.0/kafka-avro-serializer-8.0.0.jar:/home/runner/.m2/repository/org/apache/commons/commons-compress/1.27.1/commons-compress-1.27.1.jar:/home/runner/.m2/repository/io/confluent/kafka-schema-serializer/8.0.0/kafka-schema-serializer-8.0.0.jar:/home/runner/.m2/repository/com/fasterxml/jackson/dataformat/jackson-dataformat-csv/2.18.2/jackson-dataformat-csv-2.18.2.jar:/home/runner/.m2/repository/io/confluent/kafka-schema-registry-client/8.0.0/kafka-schema-registry-client-8.0.0.jar:/home/runner/.m2/repository/org/yaml/snakeyaml/2.3/snakeyaml-2.3.jar:/home/runner/.m2/repository/io/swagger/core/v3/swagger-annotations/2.2.29/swagger-annotations-2.2.29.jar:/home/runner/.m2/repository/com/google/guava/guava/33.4.0-jre/guava-33.4.0-jre.jar:/home/runner/.m2/repository/com/google/guava/failureaccess/1.0.1/failureaccess-1.0.1.jar:/home/runner/.m2/repository/org/checkerframework/checker-qual/3.49.0/checker-qual-3.49.0.jar:/home/runner/.m2/repository/io/confluent/logredactor/1.0.13/logredactor-1.0.13.jar:/home/runner/.m2/repository/com/google/re2j/re2j/1.6/re2j-1.6.jar:/home/runner/.m2/repository/io/confluent/logredactor-metrics/1.0.13/logredactor-metrics-1.0.13.jar:/home/runner/.m2/repository/com/eclipsesource/minimal-json/minimal-json/0.9.5/minimal-json-0.9.5.jar:/home/runner/.m2/repository/io/confluent/common-utils/8.0.0/common-utils-8.0.0.jar:/home/runner/.m2/repository/io/confluent/kafka-connect-avro-converter/8.0.0/kafka-connect-avro-converter-8.0.0.jar:/home/runner/.m2/repository/io/confluent/kafka-connect-avro-data/8.0.0/kafka-connect-avro-data-8.0.0.jar:/home/runner/.m2/repository/io/confluent/kafka-schema-converter/8.0.0/kafka-schema-converter-8.0.0.jar:/home/runner/.m2/repository/io/rest-assured/rest-assured/5.5.1/rest-assured-5.5.1.jar:/home/runner/.m2/repository/org/apache/groovy/groovy/4.0.22/groovy-4.0.22.jar:/home/runner/.m2/repository/org/apache/groovy/groovy-xml/4.0.22/groovy-xml-4.0.22.jar:/home/runner/.m2/repository/org/apache/httpcomponents/httpclient/4.5.14/httpclient-4.5.14.jar:/home/runner/.m2/repository/org/apache/httpcomponents/httpcore/4.4.16/httpcore-4.4.16.jar:/home/runner/.m2/repository/org/apache/httpcomponents/httpmime/4.5.14/httpmime-4.5.14.jar:/home/runner/.m2/repository/org/hamcrest/hamcrest/2.2/hamcrest-2.2.jar:/home/runner/.m2/repository/org/ccil/cowan/tagsoup/tagsoup/1.2.1/tagsoup-1.2.1.jar:/home/runner/.m2/repository/io/rest-assured/json-path/5.5.1/json-path-5.5.1.jar:/home/runner/.m2/repository/org/apache/groovy/groovy-json/4.0.22/groovy-json-4.0.22.jar:/home/runner/.m2/repository/io/rest-assured/rest-assured-common/5.5.1/rest-assured-common-5.5.1.jar:/home/runner/.m2/repository/io/rest-assured/xml-path/5.5.1/xml-path-5.5.1.jar:/home/runner/.m2/repository/io/zonky/test/embedded-postgres/2.1.0/embedded-postgres-2.1.0.jar:/home/runner/.m2/repository/io/zonky/test/postgres/embedded-postgres-binaries-windows-amd64/14.15.0/embedded-postgres-binaries-windows-amd64-14.15.0.jar:/home/runner/.m2/repository/io/zonky/test/postgres/embedded-postgres-binaries-darwin-amd64/14.15.0/embedded-postgres-binaries-darwin-amd64-14.15.0.jar:/home/runner/.m2/repository/io/zonky/test/postgres/embedded-postgres-binaries-linux-amd64/14.15.0/embedded-postgres-binaries-linux-amd64-14.15.0.jar:/home/runner/.m2/repository/io/zonky/test/postgres/embedded-postgres-binaries-linux-amd64-alpine/14.15.0/embedded-postgres-binaries-linux-amd64-alpine-14.15.0.jar:/home/runner/.m2/repository/org/apache/commons/commons-lang3/3.17.0/commons-lang3-3.17.0.jar:/home/runner/.m2/repository/org/tukaani/xz/1.10/xz-1.10.jar:/home/runner/.m2/repository/commons-codec/commons-codec/1.18.0/commons-codec-1.18.0.jar:/home/runner/.m2/repository/org/postgresql/postgresql/42.7.5/postgresql-42.7.5.jar:/home/runner/.m2/repository/commons-io/commons-io/2.18.0/commons-io-2.18.0.jar:/home/runner/work/apicurio-testing/apicurio-testing/clusters/ci419/namespaces/kafkasql/tests/integration/apicurio-registry/utils/importexport/target/apicurio-registry-utils-import-export-3.0.11-SNAPSHOT.jar:/home/runner/.m2/repository/io/vertx/vertx-core/4.5.14/vertx-core-4.5.14.jar:/home/runner/.m2/repository/io/netty/netty-common/4.1.119.Final/netty-common-4.1.119.Final.jar:/home/runner/.m2/repository/io/netty/netty-buffer/4.1.119.Final/netty-buffer-4.1.119.Final.jar:/home/runner/.m2/repository/io/netty/netty-transport/4.1.119.Final/netty-transport-4.1.119.Final.jar:/home/runner/.m2/repository/io/netty/netty-handler/4.1.119.Final/netty-handler-4.1.119.Final.jar:/home/runner/.m2/repository/io/netty/netty-transport-native-unix-common/4.1.119.Final/netty-transport-native-unix-common-4.1.119.Final.jar:/home/runner/.m2/repository/io/netty/netty-codec/4.1.119.Final/netty-codec-4.1.119.Final.jar:/home/runner/.m2/repository/io/netty/netty-handler-proxy/4.1.119.Final/netty-handler-proxy-4.1.119.Final.jar:/home/runner/.m2/repository/io/netty/netty-codec-socks/4.1.119.Final/netty-codec-socks-4.1.119.Final.jar:/home/runner/.m2/repository/io/netty/netty-codec-http/4.1.119.Final/netty-codec-http-4.1.119.Final.jar:/home/runner/.m2/repository/io/netty/netty-codec-http2/4.1.119.Final/netty-codec-http2-4.1.119.Final.jar:/home/runner/.m2/repository/io/netty/netty-resolver/4.1.119.Final/netty-resolver-4.1.119.Final.jar:/home/runner/.m2/repository/io/netty/netty-resolver-dns/4.1.119.Final/netty-resolver-dns-4.1.119.Final.jar:/home/runner/.m2/repository/io/netty/netty-codec-dns/4.1.119.Final/netty-codec-dns-4.1.119.Final.jar:/home/runner/.m2/repository/com/fasterxml/jackson/core/jackson-core/2.18.2/jackson-core-2.18.2.jar:"/>
    <property name="sun.cpu.endian" value="little"/>
    <property name="user.home" value="/home/runner"/>
    <property name="user.language" value="en"/>
    <property name="jboss.log-version" value="false"/>
    <property name="java.specification.vendor" value="Oracle Corporation"/>
    <property name="java.version.date" value="2025-07-15"/>
    <property name="java.home" value="/usr/lib/jvm/temurin-17-jdk-amd64"/>
    <property name="file.separator" value="/"/>
    <property name="basedir" value="/home/runner/work/apicurio-testing/apicurio-testing/clusters/ci419/namespaces/kafkasql/tests/integration/apicurio-registry/integration-tests"/>
    <property name="java.vm.compressedOopsMode" value="32-bit"/>
    <property name="line.separator" value="&#10;"/>
    <property name="java.specification.name" value="Java Platform API Specification"/>
    <property name="java.vm.specification.vendor" value="Oracle Corporation"/>
    <property name="quarkus.http.test-host" value="registry-app-kafkasql.apps.ci419.apicurio-testing.org"/>
    <property name="surefire.real.class.path" value="/home/runner/work/apicurio-testing/apicurio-testing/clusters/ci419/namespaces/kafkasql/tests/integration/apicurio-registry/integration-tests/target/surefire/surefirebooter-20250731204254486_3.jar"/>
    <property name="sun.management.compiler" value="HotSpot 64-Bit Tiered Compilers"/>
    <property name="org.eclipse.jetty.http.HttpGenerator.STRICT" value="true"/>
    <property name="java.runtime.version" value="17.0.16+8"/>
    <property name="user.name" value="runner"/>
    <property name="path.separator" value=":"/>
    <property name="os.version" value="6.8.0-1031-azure"/>
    <property name="java.runtime.name" value="OpenJDK Runtime Environment"/>
    <property name="file.encoding" value="UTF-8"/>
    <property name="jnidispatch.path" value="/home/runner/.cache/JNA/temp/jna7861974842114888069.tmp"/>
    <property name="java.vm.name" value="OpenJDK 64-Bit Server VM"/>
    <property name="jna.platform.library.path" value="/usr/lib/x86_64-linux-gnu:/lib/x86_64-linux-gnu:/usr/lib64:/lib64:/usr/lib:/lib:/lib32:/usr/local/lib:/usr/lib/x86_64-linux-gnu/libfakeroot"/>
    <property name="java.vendor.version" value="Temurin-17.0.16+8"/>
    <property name="quarkus.oidc.token-path" value="https://keycloak-kafkasql.apps.ci419.apicurio-testing.org/realms/registry/protocol/openid-connect/token"/>
    <property name="quarkus.http.host" value="registry-app-kafkasql.apps.ci419.apicurio-testing.org"/>
    <property name="localRepository" value="/home/runner/.m2/repository"/>
    <property name="javax.xml.xpath.XPathFactory:http://java.sun.com/jaxp/xpath/dom" value="com.sun.org.apache.xpath.internal.jaxp.XPathFactoryImpl"/>
    <property name="jna.loaded" value="true"/>
    <property name="java.vendor.url.bug" value="https://github.com/adoptium/adoptium-support/issues"/>
    <property name="jetty.git.hash" value="5bc5e562c8d05c5862505aebe5cf83a61bdbcb96"/>
    <property name="java.io.tmpdir" value="/tmp"/>
    <property name="quarkus.http.test-protocol" value="http"/>
    <property name="java.version" value="17.0.16"/>
    <property name="user.dir" value="/home/runner/work/apicurio-testing/apicurio-testing/clusters/ci419/namespaces/kafkasql/tests/integration/apicurio-registry/integration-tests"/>
    <property name="os.arch" value="amd64"/>
    <property name="groups" value="( smoke | serdes | acceptance | ui)"/>
    <property name="java.vm.specification.name" value="Java Virtual Machine Specification"/>
    <property name="native.encoding" value="UTF-8"/>
    <property name="java.util.logging.manager" value="org.jboss.logmanager.LogManager"/>
    <property name="java.library.path" value="/usr/java/packages/lib:/usr/lib64:/lib64:/lib:/usr/lib"/>
    <property name="jdk.console" value="java.base"/>
    <property name="java.vm.info" value="mixed mode, sharing"/>
    <property name="java.vendor" value="Eclipse Adoptium"/>
    <property name="java.vm.version" value="17.0.16+8"/>
    <property name="java.specification.maintenance.version" value="1"/>
    <property name="sun.io.unicode.encoding" value="UnicodeLittle"/>
    <property name="javax.xml.transform.TransformerFactory" value="com.sun.org.apache.xalan.internal.xsltc.trax.TransformerFactoryImpl"/>
    <property name="java.class.version" value="61.0"/>
  </properties>
  <testcase name="testGlobalIdInHeaders" classname="io.apicurio.tests.serdes.apicurio.AvroSerdeIT" time="4.18">
    <system-out><![CDATA[**** Registry Base URL: http://registry-app-kafkasql.apps.ci419.apicurio-testing.org:80
**** Registry Base URL: http://registry-app-kafkasql.apps.ci419.apicurio-testing.org:80
2025-07-31 20:43:07,180 INFO  [io.api.tes.ser.api.AvroSerdeIT] (main) RestAssured configured with http://registry-app-kafkasql.apps.ci419.apicurio-testing.org:80/apis/registry/v3
2025-07-31 20:43:07,180 INFO  [io.api.tes.uti.KafkaFacade] (main) Starting kafka container
2025-07-31 20:43:07,228 INFO  [org.tes.ima.PullPolicy] (main) Image pull policy will be performed by: DefaultPullPolicy()
2025-07-31 20:43:07,230 INFO  [org.tes.uti.ImageNameSubstitutor] (main) Image name substitution will be performed by: DefaultImageNameSubstitutor (composite of 'ConfigurationFileImageNameSubstitutor' and 'PrefixingImageNameSubstitutor')
2025-07-31 20:43:07,241 INFO  [org.tes.DockerClientFactory] (main) Testcontainers version: 1.20.6
2025-07-31 20:43:07,748 INFO  [org.tes.doc.DockerClientProviderStrategy] (main) Found Docker environment with local Unix socket (unix:///var/run/docker.sock)
2025-07-31 20:43:07,758 INFO  [org.tes.DockerClientFactory] (main) Docker host IP address is localhost
2025-07-31 20:43:07,780 INFO  [org.tes.DockerClientFactory] (main) Connected to docker: 
  Server Version: 28.0.4
  API Version: 1.48
  Operating System: Ubuntu 22.04.5 LTS
  Total Memory: 7944 MB
2025-07-31 20:43:07,829 INFO  [tc.tes.11.0] (main) Pulling docker image: testcontainers/ryuk:0.11.0. Please be patient; this may take some time but only needs to be done once.
2025-07-31 20:43:08,349 INFO  [tc.tes.11.0] (docker-java-stream--1295187651) Starting to pull image
2025-07-31 20:43:08,368 INFO  [tc.tes.11.0] (docker-java-stream--1295187651) Pulling image layers:  0 pending,  0 downloaded,  0 extracted, (0 bytes/0 bytes)
2025-07-31 20:43:08,625 INFO  [tc.tes.11.0] (docker-java-stream--1295187651) Pulling image layers:  2 pending,  1 downloaded,  0 extracted, (44 KB/? MB)
2025-07-31 20:43:08,628 INFO  [tc.tes.11.0] (docker-java-stream--1295187651) Pulling image layers:  1 pending,  2 downloaded,  0 extracted, (44 KB/? MB)
2025-07-31 20:43:08,695 INFO  [tc.tes.11.0] (docker-java-stream--1295187651) Pulling image layers:  0 pending,  3 downloaded,  0 extracted, (143 KB/10 MB)
2025-07-31 20:43:08,760 INFO  [tc.tes.11.0] (docker-java-stream--1295187651) Pulling image layers:  0 pending,  3 downloaded,  1 extracted, (3 MB/10 MB)
2025-07-31 20:43:08,886 INFO  [tc.tes.11.0] (docker-java-stream--1295187651) Pulling image layers:  0 pending,  3 downloaded,  2 extracted, (4 MB/10 MB)
2025-07-31 20:43:09,783 INFO  [tc.tes.11.0] (docker-java-stream--1295187651) Pulling image layers:  0 pending,  3 downloaded,  3 extracted, (10 MB/10 MB)
2025-07-31 20:43:09,790 INFO  [tc.tes.11.0] (docker-java-stream--1295187651) Pull complete. 3 layers, pulled in 1s (downloaded 10 MB at 10 MB/s)
2025-07-31 20:43:09,790 INFO  [tc.tes.11.0] (main) Image testcontainers/ryuk:0.11.0 pull took PT1.960864062S
2025-07-31 20:43:09,812 INFO  [tc.tes.11.0] (main) Creating container for image: testcontainers/ryuk:0.11.0
2025-07-31 20:43:09,889 INFO  [tc.tes.11.0] (main) Container testcontainers/ryuk:0.11.0 is starting: 615aa93f0ced19be5df151a42c8a0bdedaecf53b41365d797cc0b8a3ca84b76c
2025-07-31 20:43:10,303 INFO  [tc.tes.11.0] (main) Container testcontainers/ryuk:0.11.0 started in PT0.490961667S
2025-07-31 20:43:10,309 INFO  [org.tes.uti.RyukResourceReaper] (main) Ryuk started - will monitor and terminate Testcontainers containers on JVM exit
2025-07-31 20:43:10,309 INFO  [org.tes.DockerClientFactory] (main) Checking the system...
2025-07-31 20:43:10,310 INFO  [org.tes.DockerClientFactory] (main) ✔︎ Docker server version should be at least 1.6.0
2025-07-31 20:43:10,314 INFO  [io.str.tes.con.KafkaVersionService] (main) Latest release of Kafka is:LogicalKafkaVersionEntity{version='3.7.1', image='quay.io/strimzi-test-container/test-container:0.107.0-kafka-3.7.1'}
2025-07-31 20:43:10,315 INFO  [io.str.tes.con.KafkaVersionService] (main) Latest release of Kafka is:LogicalKafkaVersionEntity{version='3.7.1', image='quay.io/strimzi-test-container/test-container:0.107.0-kafka-3.7.1'}
2025-07-31 20:43:10,315 INFO  [io.str.tes.con.KafkaVersionService] (main) No Kafka version specified. Using latest release: quay.io/strimzi-test-container/test-container:0.107.0-kafka-3.7.1
2025-07-31 20:43:10,318 INFO  [tc.qua.io/.107.0-k.7.1] (main) Pulling docker image: quay.io/strimzi-test-container/test-container:0.107.0-kafka-3.7.1. Please be patient; this may take some time but only needs to be done once.
2025-07-31 20:43:10,825 INFO  [tc.qua.io/.107.0-k.7.1] (docker-java-stream--720530420) Starting to pull image
2025-07-31 20:43:10,827 INFO  [tc.qua.io/.107.0-k.7.1] (docker-java-stream--720530420) Pulling image layers:  0 pending,  0 downloaded,  0 extracted, (0 bytes/0 bytes)
2025-07-31 20:43:11,253 INFO  [tc.qua.io/.107.0-k.7.1] (docker-java-stream--720530420) Pulling image layers:  4 pending,  1 downloaded,  0 extracted, (0 bytes/? MB)
2025-07-31 20:43:11,559 INFO  [tc.qua.io/.107.0-k.7.1] (docker-java-stream--720530420) Pulling image layers:  3 pending,  2 downloaded,  0 extracted, (48 MB/? MB)
2025-07-31 20:43:11,716 INFO  [tc.qua.io/.107.0-k.7.1] (docker-java-stream--720530420) Pulling image layers:  2 pending,  3 downloaded,  0 extracted, (71 MB/? MB)
2025-07-31 20:43:12,068 INFO  [tc.qua.io/.107.0-k.7.1] (docker-java-stream--720530420) Pulling image layers:  1 pending,  4 downloaded,  0 extracted, (108 MB/? MB)
2025-07-31 20:43:12,588 INFO  [tc.qua.io/.107.0-k.7.1] (docker-java-stream--720530420) Pulling image layers:  1 pending,  4 downloaded,  1 extracted, (140 MB/? MB)
2025-07-31 20:43:15,873 INFO  [tc.qua.io/.107.0-k.7.1] (docker-java-stream--720530420) Pulling image layers:  0 pending,  5 downloaded,  1 extracted, (224 MB/231 MB)
2025-07-31 20:43:17,078 INFO  [tc.qua.io/.107.0-k.7.1] (docker-java-stream--720530420) Pulling image layers:  0 pending,  5 downloaded,  2 extracted, (224 MB/231 MB)
2025-07-31 20:43:17,094 INFO  [tc.qua.io/.107.0-k.7.1] (docker-java-stream--720530420) Pulling image layers:  0 pending,  5 downloaded,  3 extracted, (224 MB/231 MB)
2025-07-31 20:43:18,119 INFO  [tc.qua.io/.107.0-k.7.1] (docker-java-stream--720530420) Pulling image layers:  0 pending,  5 downloaded,  4 extracted, (231 MB/231 MB)
2025-07-31 20:43:18,142 INFO  [tc.qua.io/.107.0-k.7.1] (docker-java-stream--720530420) Pulling image layers:  0 pending,  5 downloaded,  5 extracted, (231 MB/231 MB)
2025-07-31 20:43:18,149 INFO  [tc.qua.io/.107.0-k.7.1] (docker-java-stream--720530420) Pull complete. 5 layers, pulled in 7s (downloaded 231 MB at 33 MB/s)
2025-07-31 20:43:18,150 INFO  [tc.qua.io/.107.0-k.7.1] (main) Image quay.io/strimzi-test-container/test-container:0.107.0-kafka-3.7.1 pull took PT7.830843161S
2025-07-31 20:43:18,154 INFO  [tc.qua.io/.107.0-k.7.1] (main) Creating container for image: quay.io/strimzi-test-container/test-container:0.107.0-kafka-3.7.1
2025-07-31 20:43:18,227 INFO  [tc.qua.io/.107.0-k.7.1] (main) Container quay.io/strimzi-test-container/test-container:0.107.0-kafka-3.7.1 is starting: a8ee5a7c85280288cee5a8d3e390c59af1c75f6fcb8ce3ae612f9502b677ad2e
2025-07-31 20:43:18,411 INFO  [io.str.tes.con.StrimziKafkaContainer] (main) Mapped port: 32770
2025-07-31 20:43:18,413 INFO  [io.str.tes.con.StrimziKafkaContainer] (main) This is all advertised listeners for Kafka PLAINTEXT://localhost:32770,BROKER1://172.18.0.2:9093
2025-07-31 20:43:18,414 INFO  [io.str.tes.con.StrimziKafkaContainer] (main) Using internal ZooKeeper 'zookeeper.connect=localhost:2181.'
2025-07-31 20:43:18,415 INFO  [io.str.tes.con.StrimziKafkaContainer] (main) Copying command to 'STARTER_SCRIPT' script.
2025-07-31 20:43:22,353 INFO  [tc.qua.io/.107.0-k.7.1] (main) Container quay.io/strimzi-test-container/test-container:0.107.0-kafka-3.7.1 started in PT4.199262917S
2025-07-31 20:43:22,358 INFO  [io.api.tes.uti.TestSeparator] (main) ############################################################################
2025-07-31 20:43:22,358 INFO  [io.api.tes.uti.TestSeparator] (main) io.apicurio.tests.serdes.apicurio.AvroSerdeIT.testGlobalIdInHeaders-STARTED
2025-07-31 20:43:22,380 INFO  [org.apa.kaf.cli.adm.AdminClientConfig] (main) AdminClientConfig values: 
	auto.include.jmx.reporter = true
	bootstrap.controllers = []
	bootstrap.servers = [PLAINTEXT://localhost:32770]
	client.dns.lookup = use_all_dns_ips
	client.id = 
	connections.max.idle.ms = 10000
	default.api.timeout.ms = 60000
	enable.metrics.push = true
	metadata.max.age.ms = 300000
	metadata.recovery.strategy = none
	metric.reporters = []
	metrics.num.samples = 2
	metrics.recording.level = INFO
	metrics.sample.window.ms = 30000
	receive.buffer.bytes = 65536
	reconnect.backoff.max.ms = 1000
	reconnect.backoff.ms = 50
	request.timeout.ms = 5000
	retries = 2147483647
	retry.backoff.max.ms = 1000
	retry.backoff.ms = 100
	sasl.client.callback.handler.class = null
	sasl.jaas.config = null
	sasl.kerberos.kinit.cmd = /usr/bin/kinit
	sasl.kerberos.min.time.before.relogin = 60000
	sasl.kerberos.service.name = null
	sasl.kerberos.ticket.renew.jitter = 0.05
	sasl.kerberos.ticket.renew.window.factor = 0.8
	sasl.login.callback.handler.class = null
	sasl.login.class = null
	sasl.login.connect.timeout.ms = null
	sasl.login.read.timeout.ms = null
	sasl.login.refresh.buffer.seconds = 300
	sasl.login.refresh.min.period.seconds = 60
	sasl.login.refresh.window.factor = 0.8
	sasl.login.refresh.window.jitter = 0.05
	sasl.login.retry.backoff.max.ms = 10000
	sasl.login.retry.backoff.ms = 100
	sasl.mechanism = GSSAPI
	sasl.oauthbearer.clock.skew.seconds = 30
	sasl.oauthbearer.expected.audience = null
	sasl.oauthbearer.expected.issuer = null
	sasl.oauthbearer.header.urlencode = false
	sasl.oauthbearer.jwks.endpoint.refresh.ms = 3600000
	sasl.oauthbearer.jwks.endpoint.retry.backoff.max.ms = 10000
	sasl.oauthbearer.jwks.endpoint.retry.backoff.ms = 100
	sasl.oauthbearer.jwks.endpoint.url = null
	sasl.oauthbearer.scope.claim.name = scope
	sasl.oauthbearer.sub.claim.name = sub
	sasl.oauthbearer.token.endpoint.url = null
	security.protocol = PLAINTEXT
	security.providers = null
	send.buffer.bytes = 131072
	socket.connection.setup.timeout.max.ms = 30000
	socket.connection.setup.timeout.ms = 10000
	ssl.cipher.suites = null
	ssl.enabled.protocols = [TLSv1.2, TLSv1.3]
	ssl.endpoint.identification.algorithm = https
	ssl.engine.factory.class = null
	ssl.key.password = null
	ssl.keymanager.algorithm = SunX509
	ssl.keystore.certificate.chain = null
	ssl.keystore.key = null
	ssl.keystore.location = null
	ssl.keystore.password = null
	ssl.keystore.type = JKS
	ssl.protocol = TLSv1.3
	ssl.provider = null
	ssl.secure.random.implementation = null
	ssl.trustmanager.algorithm = PKIX
	ssl.truststore.certificates = null
	ssl.truststore.location = null
	ssl.truststore.password = null
	ssl.truststore.type = JKS

2025-07-31 20:43:23,071 INFO  [org.apa.kaf.com.uti.AppInfoParser] (main) Kafka version: 3.9.1
2025-07-31 20:43:23,071 INFO  [org.apa.kaf.com.uti.AppInfoParser] (main) Kafka commitId: f745dfdcee2b9851
2025-07-31 20:43:23,071 INFO  [org.apa.kaf.com.uti.AppInfoParser] (main) Kafka startTimeMs: 1753994603069
**** Registry Base URL: http://registry-app-kafkasql.apps.ci419.apicurio-testing.org:80
2025-07-31 20:43:23,125 INFO  [org.apa.kaf.cli.pro.ProducerConfig] (main) ProducerConfig values: 
	acks = -1
	auto.include.jmx.reporter = true
	batch.size = 16384
	bootstrap.servers = [PLAINTEXT://localhost:32770]
	buffer.memory = 33554432
	client.dns.lookup = use_all_dns_ips
	client.id = Producer-topic-e9b7e178_45da_4683_af2a_92de4958696d
	compression.gzip.level = -1
	compression.lz4.level = 9
	compression.type = none
	compression.zstd.level = 3
	connections.max.idle.ms = 10000
	delivery.timeout.ms = 120000
	enable.idempotence = true
	enable.metrics.push = true
	interceptor.classes = []
	key.serializer = class org.apache.kafka.common.serialization.StringSerializer
	linger.ms = 0
	max.block.ms = 60000
	max.in.flight.requests.per.connection = 5
	max.request.size = 1048576
	metadata.max.age.ms = 300000
	metadata.max.idle.ms = 300000
	metadata.recovery.strategy = none
	metric.reporters = []
	metrics.num.samples = 2
	metrics.recording.level = INFO
	metrics.sample.window.ms = 30000
	partitioner.adaptive.partitioning.enable = true
	partitioner.availability.timeout.ms = 0
	partitioner.class = null
	partitioner.ignore.keys = false
	receive.buffer.bytes = 32768
	reconnect.backoff.max.ms = 1000
	reconnect.backoff.ms = 50
	request.timeout.ms = 5000
	retries = 2147483647
	retry.backoff.max.ms = 1000
	retry.backoff.ms = 100
	sasl.client.callback.handler.class = null
	sasl.jaas.config = null
	sasl.kerberos.kinit.cmd = /usr/bin/kinit
	sasl.kerberos.min.time.before.relogin = 60000
	sasl.kerberos.service.name = null
	sasl.kerberos.ticket.renew.jitter = 0.05
	sasl.kerberos.ticket.renew.window.factor = 0.8
	sasl.login.callback.handler.class = null
	sasl.login.class = null
	sasl.login.connect.timeout.ms = null
	sasl.login.read.timeout.ms = null
	sasl.login.refresh.buffer.seconds = 300
	sasl.login.refresh.min.period.seconds = 60
	sasl.login.refresh.window.factor = 0.8
	sasl.login.refresh.window.jitter = 0.05
	sasl.login.retry.backoff.max.ms = 10000
	sasl.login.retry.backoff.ms = 100
	sasl.mechanism = GSSAPI
	sasl.oauthbearer.clock.skew.seconds = 30
	sasl.oauthbearer.expected.audience = null
	sasl.oauthbearer.expected.issuer = null
	sasl.oauthbearer.header.urlencode = false
	sasl.oauthbearer.jwks.endpoint.refresh.ms = 3600000
	sasl.oauthbearer.jwks.endpoint.retry.backoff.max.ms = 10000
	sasl.oauthbearer.jwks.endpoint.retry.backoff.ms = 100
	sasl.oauthbearer.jwks.endpoint.url = null
	sasl.oauthbearer.scope.claim.name = scope
	sasl.oauthbearer.sub.claim.name = sub
	sasl.oauthbearer.token.endpoint.url = null
	security.protocol = PLAINTEXT
	security.providers = null
	send.buffer.bytes = 131072
	socket.connection.setup.timeout.max.ms = 30000
	socket.connection.setup.timeout.ms = 10000
	ssl.cipher.suites = null
	ssl.enabled.protocols = [TLSv1.2, TLSv1.3]
	ssl.endpoint.identification.algorithm = https
	ssl.engine.factory.class = null
	ssl.key.password = null
	ssl.keymanager.algorithm = SunX509
	ssl.keystore.certificate.chain = null
	ssl.keystore.key = null
	ssl.keystore.location = null
	ssl.keystore.password = null
	ssl.keystore.type = JKS
	ssl.protocol = TLSv1.3
	ssl.provider = null
	ssl.secure.random.implementation = null
	ssl.trustmanager.algorithm = PKIX
	ssl.truststore.certificates = null
	ssl.truststore.location = null
	ssl.truststore.password = null
	ssl.truststore.type = JKS
	transaction.timeout.ms = 60000
	transactional.id = null
	value.serializer = class io.apicurio.registry.serde.avro.AvroKafkaSerializer

2025-07-31 20:43:23,183 INFO  [org.apa.kaf.com.tel.int.KafkaMetricsCollector] (main) initializing Kafka metrics collector
2025-07-31 20:43:23,213 INFO  [org.apa.kaf.cli.pro.KafkaProducer] (main) [Producer clientId=Producer-topic-e9b7e178_45da_4683_af2a_92de4958696d] Instantiated an idempotent producer.
2025-07-31 20:43:23,260 INFO  [org.apa.kaf.cli.pro.ProducerConfig] (main) These configurations '[apicurio.registry.url, apicurio.registry.auto-register, apicurio.registry.use-id, apicurio.registry.artifact-resolver-strategy]' were supplied but are not used yet.
2025-07-31 20:43:23,260 INFO  [org.apa.kaf.com.uti.AppInfoParser] (main) Kafka version: 3.9.1
2025-07-31 20:43:23,260 INFO  [org.apa.kaf.com.uti.AppInfoParser] (main) Kafka commitId: f745dfdcee2b9851
2025-07-31 20:43:23,260 INFO  [org.apa.kaf.com.uti.AppInfoParser] (main) Kafka startTimeMs: 1753994603260
2025-07-31 20:43:23,262 INFO  [io.api.tes.ser.api.SimpleSerdesTesterBuilder$SimpleSerdesTester] (main) Using producer configuration: {apicurio.registry.url=http://registry-app-kafkasql.apps.ci419.apicurio-testing.org:80/apis/registry/v3, apicurio.registry.auto-register=true, apicurio.registry.use-id=globalId, apicurio.registry.artifact-resolver-strategy=io.apicurio.registry.serde.strategy.TopicIdStrategy, value.serializer=io.apicurio.registry.serde.avro.AvroKafkaSerializer, request.timeout.ms=5000, acks=all, bootstrap.servers=PLAINTEXT://localhost:32770, connections.max.idle.ms=10000, key.serializer=org.apache.kafka.common.serialization.StringSerializer, client.id=Producer-topic-e9b7e178_45da_4683_af2a_92de4958696d}
2025-07-31 20:43:23,262 INFO  [io.api.tes.ser.api.SimpleSerdesTesterBuilder$SimpleSerdesTester] (main) Using consumer configuration: {apicurio.registry.use-id=globalId}
2025-07-31 20:43:23,268 INFO  [io.api.tes.ser.api.KafkaSerdesTester] (Thread-594) Sending message {"key11753994603101": "value-0"} to topic topic-e9b7e178_45da_4683_af2a_92de4958696d
2025-07-31 20:43:23,674 WARN  [org.apa.kaf.cli.NetworkClient] (kafka-producer-network-thread | Producer-topic-e9b7e178_45da_4683_af2a_92de4958696d) [Producer clientId=Producer-topic-e9b7e178_45da_4683_af2a_92de4958696d] The metadata response from the cluster reported a recoverable issue with correlation id 2 : {topic-e9b7e178_45da_4683_af2a_92de4958696d=LEADER_NOT_AVAILABLE}
2025-07-31 20:43:23,681 INFO  [org.apa.kaf.cli.Metadata] (kafka-producer-network-thread | Producer-topic-e9b7e178_45da_4683_af2a_92de4958696d) [Producer clientId=Producer-topic-e9b7e178_45da_4683_af2a_92de4958696d] Cluster ID: cdvAFU1gQSCWwJ-LEPQTSg
2025-07-31 20:43:23,930 WARN  [org.apa.kaf.cli.NetworkClient] (kafka-producer-network-thread | Producer-topic-e9b7e178_45da_4683_af2a_92de4958696d) [Producer clientId=Producer-topic-e9b7e178_45da_4683_af2a_92de4958696d] The metadata response from the cluster reported a recoverable issue with correlation id 8 : {topic-e9b7e178_45da_4683_af2a_92de4958696d=LEADER_NOT_AVAILABLE}
2025-07-31 20:43:23,935 INFO  [org.apa.kaf.cli.pro.int.TransactionManager] (kafka-producer-network-thread | Producer-topic-e9b7e178_45da_4683_af2a_92de4958696d) [Producer clientId=Producer-topic-e9b7e178_45da_4683_af2a_92de4958696d] ProducerId set to 0 with epoch 0
2025-07-31 20:43:24,339 INFO  [io.api.tes.ser.api.KafkaSerdesTester] (Thread-594) Sending message {"key11753994603101": "value-1"} to topic topic-e9b7e178_45da_4683_af2a_92de4958696d
2025-07-31 20:43:24,346 INFO  [io.api.tes.ser.api.KafkaSerdesTester] (Thread-594) Sending message {"key11753994603101": "value-2"} to topic topic-e9b7e178_45da_4683_af2a_92de4958696d
2025-07-31 20:43:24,352 INFO  [io.api.tes.ser.api.KafkaSerdesTester] (Thread-594) Sending message {"key11753994603101": "value-3"} to topic topic-e9b7e178_45da_4683_af2a_92de4958696d
2025-07-31 20:43:24,355 INFO  [io.api.tes.ser.api.KafkaSerdesTester] (Thread-594) Sending message {"key11753994603101": "value-4"} to topic topic-e9b7e178_45da_4683_af2a_92de4958696d
2025-07-31 20:43:24,360 INFO  [io.api.tes.ser.api.KafkaSerdesTester] (Thread-594) Sending message {"key11753994603101": "value-5"} to topic topic-e9b7e178_45da_4683_af2a_92de4958696d
2025-07-31 20:43:24,365 INFO  [io.api.tes.ser.api.KafkaSerdesTester] (Thread-594) Sending message {"key11753994603101": "value-6"} to topic topic-e9b7e178_45da_4683_af2a_92de4958696d
2025-07-31 20:43:24,370 INFO  [io.api.tes.ser.api.KafkaSerdesTester] (Thread-594) Sending message {"key11753994603101": "value-7"} to topic topic-e9b7e178_45da_4683_af2a_92de4958696d
2025-07-31 20:43:24,373 INFO  [io.api.tes.ser.api.KafkaSerdesTester] (Thread-594) Sending message {"key11753994603101": "value-8"} to topic topic-e9b7e178_45da_4683_af2a_92de4958696d
2025-07-31 20:43:24,376 INFO  [io.api.tes.ser.api.KafkaSerdesTester] (Thread-594) Sending message {"key11753994603101": "value-9"} to topic topic-e9b7e178_45da_4683_af2a_92de4958696d
2025-07-31 20:43:24,379 INFO  [io.api.tes.ser.api.KafkaSerdesTester] (Thread-594) Produced 10 messages
2025-07-31 20:43:24,379 INFO  [org.apa.kaf.cli.pro.KafkaProducer] (Thread-594) [Producer clientId=Producer-topic-e9b7e178_45da_4683_af2a_92de4958696d] Closing the Kafka producer with timeoutMillis = 9223372036854775807 ms.
2025-07-31 20:43:24,406 INFO  [org.apa.kaf.com.met.Metrics] (Thread-594) Metrics scheduler closed
2025-07-31 20:43:24,406 INFO  [org.apa.kaf.com.met.Metrics] (Thread-594) Closing reporter org.apache.kafka.common.metrics.JmxReporter
2025-07-31 20:43:24,406 INFO  [org.apa.kaf.com.met.Metrics] (Thread-594) Closing reporter org.apache.kafka.common.telemetry.internals.ClientTelemetryReporter
2025-07-31 20:43:24,406 INFO  [org.apa.kaf.com.met.Metrics] (Thread-594) Metrics reporters closed
2025-07-31 20:43:24,409 INFO  [org.apa.kaf.com.uti.AppInfoParser] (Thread-594) App info kafka.producer for Producer-topic-e9b7e178_45da_4683_af2a_92de4958696d unregistered
**** Registry Base URL: http://registry-app-kafkasql.apps.ci419.apicurio-testing.org:80
2025-07-31 20:43:24,500 INFO  [org.apa.kaf.cli.con.ConsumerConfig] (main) ConsumerConfig values: 
	allow.auto.create.topics = true
	auto.commit.interval.ms = 500
	auto.include.jmx.reporter = true
	auto.offset.reset = earliest
	bootstrap.servers = [PLAINTEXT://localhost:32770]
	check.crcs = true
	client.dns.lookup = use_all_dns_ips
	client.id = consumer-Consumer-topic-e9b7e178_45da_4683_af2a_92de4958696d-1
	client.rack = 
	connections.max.idle.ms = 10000
	default.api.timeout.ms = 60000
	enable.auto.commit = true
	enable.metrics.push = true
	exclude.internal.topics = true
	fetch.max.bytes = 52428800
	fetch.max.wait.ms = 500
	fetch.min.bytes = 1
	group.id = Consumer-topic-e9b7e178_45da_4683_af2a_92de4958696d
	group.instance.id = null
	group.protocol = classic
	group.remote.assignor = null
	heartbeat.interval.ms = 3000
	interceptor.classes = []
	internal.leave.group.on.close = true
	internal.throw.on.fetch.stable.offset.unsupported = false
	isolation.level = read_uncommitted
	key.deserializer = class org.apache.kafka.common.serialization.StringDeserializer
	max.partition.fetch.bytes = 1048576
	max.poll.interval.ms = 300000
	max.poll.records = 500
	metadata.max.age.ms = 300000
	metadata.recovery.strategy = none
	metric.reporters = []
	metrics.num.samples = 2
	metrics.recording.level = INFO
	metrics.sample.window.ms = 30000
	partition.assignment.strategy = [class org.apache.kafka.clients.consumer.RangeAssignor, class org.apache.kafka.clients.consumer.CooperativeStickyAssignor]
	receive.buffer.bytes = 65536
	reconnect.backoff.max.ms = 1000
	reconnect.backoff.ms = 50
	request.timeout.ms = 5000
	retry.backoff.max.ms = 1000
	retry.backoff.ms = 100
	sasl.client.callback.handler.class = null
	sasl.jaas.config = null
	sasl.kerberos.kinit.cmd = /usr/bin/kinit
	sasl.kerberos.min.time.before.relogin = 60000
	sasl.kerberos.service.name = null
	sasl.kerberos.ticket.renew.jitter = 0.05
	sasl.kerberos.ticket.renew.window.factor = 0.8
	sasl.login.callback.handler.class = null
	sasl.login.class = null
	sasl.login.connect.timeout.ms = null
	sasl.login.read.timeout.ms = null
	sasl.login.refresh.buffer.seconds = 300
	sasl.login.refresh.min.period.seconds = 60
	sasl.login.refresh.window.factor = 0.8
	sasl.login.refresh.window.jitter = 0.05
	sasl.login.retry.backoff.max.ms = 10000
	sasl.login.retry.backoff.ms = 100
	sasl.mechanism = GSSAPI
	sasl.oauthbearer.clock.skew.seconds = 30
	sasl.oauthbearer.expected.audience = null
	sasl.oauthbearer.expected.issuer = null
	sasl.oauthbearer.header.urlencode = false
	sasl.oauthbearer.jwks.endpoint.refresh.ms = 3600000
	sasl.oauthbearer.jwks.endpoint.retry.backoff.max.ms = 10000
	sasl.oauthbearer.jwks.endpoint.retry.backoff.ms = 100
	sasl.oauthbearer.jwks.endpoint.url = null
	sasl.oauthbearer.scope.claim.name = scope
	sasl.oauthbearer.sub.claim.name = sub
	sasl.oauthbearer.token.endpoint.url = null
	security.protocol = PLAINTEXT
	security.providers = null
	send.buffer.bytes = 131072
	session.timeout.ms = 45000
	socket.connection.setup.timeout.max.ms = 30000
	socket.connection.setup.timeout.ms = 10000
	ssl.cipher.suites = null
	ssl.enabled.protocols = [TLSv1.2, TLSv1.3]
	ssl.endpoint.identification.algorithm = https
	ssl.engine.factory.class = null
	ssl.key.password = null
	ssl.keymanager.algorithm = SunX509
	ssl.keystore.certificate.chain = null
	ssl.keystore.key = null
	ssl.keystore.location = null
	ssl.keystore.password = null
	ssl.keystore.type = JKS
	ssl.protocol = TLSv1.3
	ssl.provider = null
	ssl.secure.random.implementation = null
	ssl.trustmanager.algorithm = PKIX
	ssl.truststore.certificates = null
	ssl.truststore.location = null
	ssl.truststore.password = null
	ssl.truststore.type = JKS
	value.deserializer = class io.apicurio.registry.serde.avro.AvroKafkaDeserializer

2025-07-31 20:43:24,507 INFO  [org.apa.kaf.com.tel.int.KafkaMetricsCollector] (main) initializing Kafka metrics collector
2025-07-31 20:43:24,568 INFO  [org.apa.kaf.cli.con.ConsumerConfig] (main) These configurations '[apicurio.registry.url, apicurio.registry.use-id]' were supplied but are not used yet.
2025-07-31 20:43:24,568 INFO  [org.apa.kaf.com.uti.AppInfoParser] (main) Kafka version: 3.9.1
2025-07-31 20:43:24,568 INFO  [org.apa.kaf.com.uti.AppInfoParser] (main) Kafka commitId: f745dfdcee2b9851
2025-07-31 20:43:24,568 INFO  [org.apa.kaf.com.uti.AppInfoParser] (main) Kafka startTimeMs: 1753994604568
2025-07-31 20:43:24,570 INFO  [org.apa.kaf.cli.con.int.ClassicKafkaConsumer] (Thread-597) [Consumer clientId=consumer-Consumer-topic-e9b7e178_45da_4683_af2a_92de4958696d-1, groupId=Consumer-topic-e9b7e178_45da_4683_af2a_92de4958696d] Subscribed to topic(s): topic-e9b7e178_45da_4683_af2a_92de4958696d
2025-07-31 20:43:24,591 INFO  [org.apa.kaf.cli.Metadata] (Thread-597) [Consumer clientId=consumer-Consumer-topic-e9b7e178_45da_4683_af2a_92de4958696d-1, groupId=Consumer-topic-e9b7e178_45da_4683_af2a_92de4958696d] Cluster ID: cdvAFU1gQSCWwJ-LEPQTSg
2025-07-31 20:43:25,574 INFO  [io.api.tes.ser.api.KafkaSerdesTester] (Thread-597) None found
2025-07-31 20:43:25,580 INFO  [org.apa.kaf.cli.con.int.ConsumerCoordinator] (Thread-597) [Consumer clientId=consumer-Consumer-topic-e9b7e178_45da_4683_af2a_92de4958696d-1, groupId=Consumer-topic-e9b7e178_45da_4683_af2a_92de4958696d] Discovered group coordinator localhost:32770 (id: 2147483647 rack: null)
2025-07-31 20:43:25,586 INFO  [org.apa.kaf.cli.con.int.ConsumerCoordinator] (Thread-597) [Consumer clientId=consumer-Consumer-topic-e9b7e178_45da_4683_af2a_92de4958696d-1, groupId=Consumer-topic-e9b7e178_45da_4683_af2a_92de4958696d] (Re-)joining group
2025-07-31 20:43:25,606 INFO  [org.apa.kaf.cli.con.int.ConsumerCoordinator] (Thread-597) [Consumer clientId=consumer-Consumer-topic-e9b7e178_45da_4683_af2a_92de4958696d-1, groupId=Consumer-topic-e9b7e178_45da_4683_af2a_92de4958696d] Request joining group due to: need to re-join with the given member-id: consumer-Consumer-topic-e9b7e178_45da_4683_af2a_92de4958696d-1-128d968f-292c-496f-ae48-58bdbe164622
2025-07-31 20:43:25,607 INFO  [org.apa.kaf.cli.con.int.ConsumerCoordinator] (Thread-597) [Consumer clientId=consumer-Consumer-topic-e9b7e178_45da_4683_af2a_92de4958696d-1, groupId=Consumer-topic-e9b7e178_45da_4683_af2a_92de4958696d] (Re-)joining group
2025-07-31 20:43:25,627 INFO  [org.apa.kaf.cli.con.int.ConsumerCoordinator] (Thread-597) [Consumer clientId=consumer-Consumer-topic-e9b7e178_45da_4683_af2a_92de4958696d-1, groupId=Consumer-topic-e9b7e178_45da_4683_af2a_92de4958696d] Successfully joined group with generation Generation{generationId=1, memberId='consumer-Consumer-topic-e9b7e178_45da_4683_af2a_92de4958696d-1-128d968f-292c-496f-ae48-58bdbe164622', protocol='range'}
2025-07-31 20:43:25,728 INFO  [org.apa.kaf.cli.con.int.ConsumerCoordinator] (Thread-597) [Consumer clientId=consumer-Consumer-topic-e9b7e178_45da_4683_af2a_92de4958696d-1, groupId=Consumer-topic-e9b7e178_45da_4683_af2a_92de4958696d] Finished assignment for group at generation 1: {consumer-Consumer-topic-e9b7e178_45da_4683_af2a_92de4958696d-1-128d968f-292c-496f-ae48-58bdbe164622=Assignment(partitions=[topic-e9b7e178_45da_4683_af2a_92de4958696d-0])}
2025-07-31 20:43:25,781 INFO  [org.apa.kaf.cli.con.int.ConsumerCoordinator] (Thread-597) [Consumer clientId=consumer-Consumer-topic-e9b7e178_45da_4683_af2a_92de4958696d-1, groupId=Consumer-topic-e9b7e178_45da_4683_af2a_92de4958696d] Successfully synced group in generation Generation{generationId=1, memberId='consumer-Consumer-topic-e9b7e178_45da_4683_af2a_92de4958696d-1-128d968f-292c-496f-ae48-58bdbe164622', protocol='range'}
2025-07-31 20:43:25,782 INFO  [org.apa.kaf.cli.con.int.ConsumerCoordinator] (Thread-597) [Consumer clientId=consumer-Consumer-topic-e9b7e178_45da_4683_af2a_92de4958696d-1, groupId=Consumer-topic-e9b7e178_45da_4683_af2a_92de4958696d] Notifying assignor about the new Assignment(partitions=[topic-e9b7e178_45da_4683_af2a_92de4958696d-0])
2025-07-31 20:43:25,793 INFO  [org.apa.kaf.cli.con.int.ConsumerRebalanceListenerInvoker] (Thread-597) [Consumer clientId=consumer-Consumer-topic-e9b7e178_45da_4683_af2a_92de4958696d-1, groupId=Consumer-topic-e9b7e178_45da_4683_af2a_92de4958696d] Adding newly assigned partitions: topic-e9b7e178_45da_4683_af2a_92de4958696d-0
2025-07-31 20:43:25,821 INFO  [org.apa.kaf.cli.con.int.ConsumerCoordinator] (Thread-597) [Consumer clientId=consumer-Consumer-topic-e9b7e178_45da_4683_af2a_92de4958696d-1, groupId=Consumer-topic-e9b7e178_45da_4683_af2a_92de4958696d] Found no committed offset for partition topic-e9b7e178_45da_4683_af2a_92de4958696d-0
2025-07-31 20:43:25,848 INFO  [org.apa.kaf.cli.con.int.SubscriptionState] (Thread-597) [Consumer clientId=consumer-Consumer-topic-e9b7e178_45da_4683_af2a_92de4958696d-1, groupId=Consumer-topic-e9b7e178_45da_4683_af2a_92de4958696d] Resetting offset for partition topic-e9b7e178_45da_4683_af2a_92de4958696d-0 to position FetchPosition{offset=0, offsetEpoch=Optional.empty, currentLeader=LeaderAndEpoch{leader=Optional[localhost:32770 (id: 0 rack: null)], epoch=0}}.
2025-07-31 20:43:25,997 INFO  [io.api.tes.ser.api.KafkaSerdesTester] (Thread-597) topic-e9b7e178_45da_4683_af2a_92de4958696d 0 0 {"key11753994603101": "value-0"}
2025-07-31 20:43:25,997 INFO  [io.api.tes.ser.api.KafkaSerdesTester] (Thread-597) topic-e9b7e178_45da_4683_af2a_92de4958696d 0 1 {"key11753994603101": "value-1"}
2025-07-31 20:43:25,997 INFO  [io.api.tes.ser.api.KafkaSerdesTester] (Thread-597) topic-e9b7e178_45da_4683_af2a_92de4958696d 0 2 {"key11753994603101": "value-2"}
2025-07-31 20:43:25,997 INFO  [io.api.tes.ser.api.KafkaSerdesTester] (Thread-597) topic-e9b7e178_45da_4683_af2a_92de4958696d 0 3 {"key11753994603101": "value-3"}
2025-07-31 20:43:25,997 INFO  [io.api.tes.ser.api.KafkaSerdesTester] (Thread-597) topic-e9b7e178_45da_4683_af2a_92de4958696d 0 4 {"key11753994603101": "value-4"}
2025-07-31 20:43:26,001 INFO  [io.api.tes.ser.api.KafkaSerdesTester] (Thread-597) topic-e9b7e178_45da_4683_af2a_92de4958696d 0 5 {"key11753994603101": "value-5"}
2025-07-31 20:43:26,001 INFO  [io.api.tes.ser.api.KafkaSerdesTester] (Thread-597) topic-e9b7e178_45da_4683_af2a_92de4958696d 0 6 {"key11753994603101": "value-6"}
2025-07-31 20:43:26,001 INFO  [io.api.tes.ser.api.KafkaSerdesTester] (Thread-597) topic-e9b7e178_45da_4683_af2a_92de4958696d 0 7 {"key11753994603101": "value-7"}
2025-07-31 20:43:26,001 INFO  [io.api.tes.ser.api.KafkaSerdesTester] (Thread-597) topic-e9b7e178_45da_4683_af2a_92de4958696d 0 8 {"key11753994603101": "value-8"}
2025-07-31 20:43:26,002 INFO  [io.api.tes.ser.api.KafkaSerdesTester] (Thread-597) topic-e9b7e178_45da_4683_af2a_92de4958696d 0 9 {"key11753994603101": "value-9"}
2025-07-31 20:43:26,002 INFO  [io.api.tes.ser.api.KafkaSerdesTester] (Thread-597) Consumed 10 messages
2025-07-31 20:43:26,037 INFO  [org.apa.kaf.cli.con.int.ConsumerRebalanceListenerInvoker] (Thread-597) [Consumer clientId=consumer-Consumer-topic-e9b7e178_45da_4683_af2a_92de4958696d-1, groupId=Consumer-topic-e9b7e178_45da_4683_af2a_92de4958696d] Revoke previously assigned partitions topic-e9b7e178_45da_4683_af2a_92de4958696d-0
2025-07-31 20:43:26,039 INFO  [org.apa.kaf.cli.con.int.ConsumerCoordinator] (Thread-597) [Consumer clientId=consumer-Consumer-topic-e9b7e178_45da_4683_af2a_92de4958696d-1, groupId=Consumer-topic-e9b7e178_45da_4683_af2a_92de4958696d] Member consumer-Consumer-topic-e9b7e178_45da_4683_af2a_92de4958696d-1-128d968f-292c-496f-ae48-58bdbe164622 sending LeaveGroup request to coordinator localhost:32770 (id: 2147483647 rack: null) due to the consumer is being closed
2025-07-31 20:43:26,043 INFO  [org.apa.kaf.cli.con.int.ConsumerCoordinator] (Thread-597) [Consumer clientId=consumer-Consumer-topic-e9b7e178_45da_4683_af2a_92de4958696d-1, groupId=Consumer-topic-e9b7e178_45da_4683_af2a_92de4958696d] Resetting generation and member id due to: consumer pro-actively leaving the group
2025-07-31 20:43:26,044 INFO  [org.apa.kaf.cli.con.int.ConsumerCoordinator] (Thread-597) [Consumer clientId=consumer-Consumer-topic-e9b7e178_45da_4683_af2a_92de4958696d-1, groupId=Consumer-topic-e9b7e178_45da_4683_af2a_92de4958696d] Request joining group due to: consumer pro-actively leaving the group
2025-07-31 20:43:26,515 INFO  [org.apa.kaf.com.met.Metrics] (Thread-597) Metrics scheduler closed
2025-07-31 20:43:26,515 INFO  [org.apa.kaf.com.met.Metrics] (Thread-597) Closing reporter org.apache.kafka.common.metrics.JmxReporter
2025-07-31 20:43:26,518 INFO  [org.apa.kaf.com.met.Metrics] (Thread-597) Closing reporter org.apache.kafka.common.telemetry.internals.ClientTelemetryReporter
2025-07-31 20:43:26,518 INFO  [org.apa.kaf.com.met.Metrics] (Thread-597) Metrics reporters closed
2025-07-31 20:43:26,533 INFO  [org.apa.kaf.com.uti.AppInfoParser] (Thread-597) App info kafka.consumer for consumer-Consumer-topic-e9b7e178_45da_4683_af2a_92de4958696d-1 unregistered
2025-07-31 20:43:26,534 INFO  [io.api.tes.uti.TestSeparator] (main) io.apicurio.tests.serdes.apicurio.AvroSerdeIT.testGlobalIdInHeaders-FINISHED
2025-07-31 20:43:26,534 INFO  [io.api.tes.uti.TestSeparator] (main) ############################################################################
Test passed: testGlobalIdInHeaders
]]></system-out>
  </testcase>
  <testcase name="testSimpleTopicIdStrategyFindLatest" classname="io.apicurio.tests.serdes.apicurio.AvroSerdeIT" time="1.978">
    <system-out><![CDATA[2025-07-31 20:43:26,543 INFO  [io.api.tes.uti.TestSeparator] (main) ############################################################################
2025-07-31 20:43:26,543 INFO  [io.api.tes.uti.TestSeparator] (main) io.apicurio.tests.serdes.apicurio.AvroSerdeIT.testSimpleTopicIdStrategyFindLatest-STARTED
2025-07-31 20:43:26,546 INFO  [io.api.tes.ser.api.AvroSerdeIT] (main) Registering Avro Schema: {"type":"record","name":"myrecordapicurio1","fields":[{"name":"key11753994606546","type":"string"}]}
**** Registry Base URL: http://registry-app-kafkasql.apps.ci419.apicurio-testing.org:80
2025-07-31 20:43:27,661 INFO  [org.apa.kaf.cli.pro.ProducerConfig] (main) ProducerConfig values: 
	acks = -1
	auto.include.jmx.reporter = true
	batch.size = 16384
	bootstrap.servers = [PLAINTEXT://localhost:32770]
	buffer.memory = 33554432
	client.dns.lookup = use_all_dns_ips
	client.id = Producer-topic-4844b076_c0e2_4e68_9414_e90340f7b087
	compression.gzip.level = -1
	compression.lz4.level = 9
	compression.type = none
	compression.zstd.level = 3
	connections.max.idle.ms = 10000
	delivery.timeout.ms = 120000
	enable.idempotence = true
	enable.metrics.push = true
	interceptor.classes = []
	key.serializer = class org.apache.kafka.common.serialization.StringSerializer
	linger.ms = 0
	max.block.ms = 60000
	max.in.flight.requests.per.connection = 5
	max.request.size = 1048576
	metadata.max.age.ms = 300000
	metadata.max.idle.ms = 300000
	metadata.recovery.strategy = none
	metric.reporters = []
	metrics.num.samples = 2
	metrics.recording.level = INFO
	metrics.sample.window.ms = 30000
	partitioner.adaptive.partitioning.enable = true
	partitioner.availability.timeout.ms = 0
	partitioner.class = null
	partitioner.ignore.keys = false
	receive.buffer.bytes = 32768
	reconnect.backoff.max.ms = 1000
	reconnect.backoff.ms = 50
	request.timeout.ms = 5000
	retries = 2147483647
	retry.backoff.max.ms = 1000
	retry.backoff.ms = 100
	sasl.client.callback.handler.class = null
	sasl.jaas.config = null
	sasl.kerberos.kinit.cmd = /usr/bin/kinit
	sasl.kerberos.min.time.before.relogin = 60000
	sasl.kerberos.service.name = null
	sasl.kerberos.ticket.renew.jitter = 0.05
	sasl.kerberos.ticket.renew.window.factor = 0.8
	sasl.login.callback.handler.class = null
	sasl.login.class = null
	sasl.login.connect.timeout.ms = null
	sasl.login.read.timeout.ms = null
	sasl.login.refresh.buffer.seconds = 300
	sasl.login.refresh.min.period.seconds = 60
	sasl.login.refresh.window.factor = 0.8
	sasl.login.refresh.window.jitter = 0.05
	sasl.login.retry.backoff.max.ms = 10000
	sasl.login.retry.backoff.ms = 100
	sasl.mechanism = GSSAPI
	sasl.oauthbearer.clock.skew.seconds = 30
	sasl.oauthbearer.expected.audience = null
	sasl.oauthbearer.expected.issuer = null
	sasl.oauthbearer.header.urlencode = false
	sasl.oauthbearer.jwks.endpoint.refresh.ms = 3600000
	sasl.oauthbearer.jwks.endpoint.retry.backoff.max.ms = 10000
	sasl.oauthbearer.jwks.endpoint.retry.backoff.ms = 100
	sasl.oauthbearer.jwks.endpoint.url = null
	sasl.oauthbearer.scope.claim.name = scope
	sasl.oauthbearer.sub.claim.name = sub
	sasl.oauthbearer.token.endpoint.url = null
	security.protocol = PLAINTEXT
	security.providers = null
	send.buffer.bytes = 131072
	socket.connection.setup.timeout.max.ms = 30000
	socket.connection.setup.timeout.ms = 10000
	ssl.cipher.suites = null
	ssl.enabled.protocols = [TLSv1.2, TLSv1.3]
	ssl.endpoint.identification.algorithm = https
	ssl.engine.factory.class = null
	ssl.key.password = null
	ssl.keymanager.algorithm = SunX509
	ssl.keystore.certificate.chain = null
	ssl.keystore.key = null
	ssl.keystore.location = null
	ssl.keystore.password = null
	ssl.keystore.type = JKS
	ssl.protocol = TLSv1.3
	ssl.provider = null
	ssl.secure.random.implementation = null
	ssl.trustmanager.algorithm = PKIX
	ssl.truststore.certificates = null
	ssl.truststore.location = null
	ssl.truststore.password = null
	ssl.truststore.type = JKS
	transaction.timeout.ms = 60000
	transactional.id = null
	value.serializer = class io.apicurio.registry.serde.avro.AvroKafkaSerializer

2025-07-31 20:43:27,661 INFO  [org.apa.kaf.com.tel.int.KafkaMetricsCollector] (main) initializing Kafka metrics collector
2025-07-31 20:43:27,666 INFO  [org.apa.kaf.cli.pro.KafkaProducer] (main) [Producer clientId=Producer-topic-4844b076_c0e2_4e68_9414_e90340f7b087] Instantiated an idempotent producer.
2025-07-31 20:43:27,672 INFO  [org.apa.kaf.cli.pro.ProducerConfig] (main) These configurations '[apicurio.registry.find-latest, apicurio.registry.artifact.group-id, apicurio.registry.url, apicurio.registry.artifact-resolver-strategy]' were supplied but are not used yet.
2025-07-31 20:43:27,673 INFO  [org.apa.kaf.com.uti.AppInfoParser] (main) Kafka version: 3.9.1
2025-07-31 20:43:27,673 INFO  [org.apa.kaf.com.uti.AppInfoParser] (main) Kafka commitId: f745dfdcee2b9851
2025-07-31 20:43:27,673 INFO  [org.apa.kaf.com.uti.AppInfoParser] (main) Kafka startTimeMs: 1753994607673
2025-07-31 20:43:27,676 INFO  [io.api.tes.ser.api.SimpleSerdesTesterBuilder$SimpleSerdesTester] (main) Using producer configuration: {apicurio.registry.find-latest=true, apicurio.registry.artifact.group-id=topic-4844b076_c0e2_4e68_9414_e90340f7b087, apicurio.registry.url=http://registry-app-kafkasql.apps.ci419.apicurio-testing.org:80/apis/registry/v3, apicurio.registry.artifact-resolver-strategy=io.apicurio.registry.serde.strategy.SimpleTopicIdStrategy, value.serializer=io.apicurio.registry.serde.avro.AvroKafkaSerializer, request.timeout.ms=5000, acks=all, bootstrap.servers=PLAINTEXT://localhost:32770, connections.max.idle.ms=10000, key.serializer=org.apache.kafka.common.serialization.StringSerializer, client.id=Producer-topic-4844b076_c0e2_4e68_9414_e90340f7b087}
2025-07-31 20:43:27,676 INFO  [io.api.tes.ser.api.SimpleSerdesTesterBuilder$SimpleSerdesTester] (main) Using consumer configuration: {}
2025-07-31 20:43:27,679 INFO  [io.api.tes.ser.api.KafkaSerdesTester] (Thread-600) Sending message {"key11753994606546": "value-0"} to topic topic-4844b076_c0e2_4e68_9414_e90340f7b087
2025-07-31 20:43:27,683 INFO  [org.apa.kaf.cli.Metadata] (kafka-producer-network-thread | Producer-topic-4844b076_c0e2_4e68_9414_e90340f7b087) [Producer clientId=Producer-topic-4844b076_c0e2_4e68_9414_e90340f7b087] Cluster ID: cdvAFU1gQSCWwJ-LEPQTSg
2025-07-31 20:43:27,686 INFO  [org.apa.kaf.cli.pro.int.TransactionManager] (kafka-producer-network-thread | Producer-topic-4844b076_c0e2_4e68_9414_e90340f7b087) [Producer clientId=Producer-topic-4844b076_c0e2_4e68_9414_e90340f7b087] ProducerId set to 1 with epoch 0
2025-07-31 20:43:27,805 INFO  [io.api.tes.ser.api.KafkaSerdesTester] (Thread-600) Sending message {"key11753994606546": "value-1"} to topic topic-4844b076_c0e2_4e68_9414_e90340f7b087
2025-07-31 20:43:27,809 INFO  [io.api.tes.ser.api.KafkaSerdesTester] (Thread-600) Sending message {"key11753994606546": "value-2"} to topic topic-4844b076_c0e2_4e68_9414_e90340f7b087
2025-07-31 20:43:27,812 INFO  [io.api.tes.ser.api.KafkaSerdesTester] (Thread-600) Sending message {"key11753994606546": "value-3"} to topic topic-4844b076_c0e2_4e68_9414_e90340f7b087
2025-07-31 20:43:27,815 INFO  [io.api.tes.ser.api.KafkaSerdesTester] (Thread-600) Sending message {"key11753994606546": "value-4"} to topic topic-4844b076_c0e2_4e68_9414_e90340f7b087
2025-07-31 20:43:27,819 INFO  [io.api.tes.ser.api.KafkaSerdesTester] (Thread-600) Sending message {"key11753994606546": "value-5"} to topic topic-4844b076_c0e2_4e68_9414_e90340f7b087
2025-07-31 20:43:27,822 INFO  [io.api.tes.ser.api.KafkaSerdesTester] (Thread-600) Sending message {"key11753994606546": "value-6"} to topic topic-4844b076_c0e2_4e68_9414_e90340f7b087
2025-07-31 20:43:27,826 INFO  [io.api.tes.ser.api.KafkaSerdesTester] (Thread-600) Sending message {"key11753994606546": "value-7"} to topic topic-4844b076_c0e2_4e68_9414_e90340f7b087
2025-07-31 20:43:27,828 INFO  [io.api.tes.ser.api.KafkaSerdesTester] (Thread-600) Sending message {"key11753994606546": "value-8"} to topic topic-4844b076_c0e2_4e68_9414_e90340f7b087
2025-07-31 20:43:27,831 INFO  [io.api.tes.ser.api.KafkaSerdesTester] (Thread-600) Sending message {"key11753994606546": "value-9"} to topic topic-4844b076_c0e2_4e68_9414_e90340f7b087
2025-07-31 20:43:27,833 INFO  [io.api.tes.ser.api.KafkaSerdesTester] (Thread-600) Produced 10 messages
2025-07-31 20:43:27,833 INFO  [org.apa.kaf.cli.pro.KafkaProducer] (Thread-600) [Producer clientId=Producer-topic-4844b076_c0e2_4e68_9414_e90340f7b087] Closing the Kafka producer with timeoutMillis = 9223372036854775807 ms.
2025-07-31 20:43:27,837 INFO  [org.apa.kaf.com.met.Metrics] (Thread-600) Metrics scheduler closed
2025-07-31 20:43:27,838 INFO  [org.apa.kaf.com.met.Metrics] (Thread-600) Closing reporter org.apache.kafka.common.metrics.JmxReporter
2025-07-31 20:43:27,838 INFO  [org.apa.kaf.com.met.Metrics] (Thread-600) Closing reporter org.apache.kafka.common.telemetry.internals.ClientTelemetryReporter
2025-07-31 20:43:27,838 INFO  [org.apa.kaf.com.met.Metrics] (Thread-600) Metrics reporters closed
2025-07-31 20:43:27,838 INFO  [org.apa.kaf.com.uti.AppInfoParser] (Thread-600) App info kafka.producer for Producer-topic-4844b076_c0e2_4e68_9414_e90340f7b087 unregistered
**** Registry Base URL: http://registry-app-kafkasql.apps.ci419.apicurio-testing.org:80
2025-07-31 20:43:27,839 INFO  [org.apa.kaf.cli.con.ConsumerConfig] (main) ConsumerConfig values: 
	allow.auto.create.topics = true
	auto.commit.interval.ms = 500
	auto.include.jmx.reporter = true
	auto.offset.reset = earliest
	bootstrap.servers = [PLAINTEXT://localhost:32770]
	check.crcs = true
	client.dns.lookup = use_all_dns_ips
	client.id = consumer-Consumer-topic-4844b076_c0e2_4e68_9414_e90340f7b087-2
	client.rack = 
	connections.max.idle.ms = 10000
	default.api.timeout.ms = 60000
	enable.auto.commit = true
	enable.metrics.push = true
	exclude.internal.topics = true
	fetch.max.bytes = 52428800
	fetch.max.wait.ms = 500
	fetch.min.bytes = 1
	group.id = Consumer-topic-4844b076_c0e2_4e68_9414_e90340f7b087
	group.instance.id = null
	group.protocol = classic
	group.remote.assignor = null
	heartbeat.interval.ms = 3000
	interceptor.classes = []
	internal.leave.group.on.close = true
	internal.throw.on.fetch.stable.offset.unsupported = false
	isolation.level = read_uncommitted
	key.deserializer = class org.apache.kafka.common.serialization.StringDeserializer
	max.partition.fetch.bytes = 1048576
	max.poll.interval.ms = 300000
	max.poll.records = 500
	metadata.max.age.ms = 300000
	metadata.recovery.strategy = none
	metric.reporters = []
	metrics.num.samples = 2
	metrics.recording.level = INFO
	metrics.sample.window.ms = 30000
	partition.assignment.strategy = [class org.apache.kafka.clients.consumer.RangeAssignor, class org.apache.kafka.clients.consumer.CooperativeStickyAssignor]
	receive.buffer.bytes = 65536
	reconnect.backoff.max.ms = 1000
	reconnect.backoff.ms = 50
	request.timeout.ms = 5000
	retry.backoff.max.ms = 1000
	retry.backoff.ms = 100
	sasl.client.callback.handler.class = null
	sasl.jaas.config = null
	sasl.kerberos.kinit.cmd = /usr/bin/kinit
	sasl.kerberos.min.time.before.relogin = 60000
	sasl.kerberos.service.name = null
	sasl.kerberos.ticket.renew.jitter = 0.05
	sasl.kerberos.ticket.renew.window.factor = 0.8
	sasl.login.callback.handler.class = null
	sasl.login.class = null
	sasl.login.connect.timeout.ms = null
	sasl.login.read.timeout.ms = null
	sasl.login.refresh.buffer.seconds = 300
	sasl.login.refresh.min.period.seconds = 60
	sasl.login.refresh.window.factor = 0.8
	sasl.login.refresh.window.jitter = 0.05
	sasl.login.retry.backoff.max.ms = 10000
	sasl.login.retry.backoff.ms = 100
	sasl.mechanism = GSSAPI
	sasl.oauthbearer.clock.skew.seconds = 30
	sasl.oauthbearer.expected.audience = null
	sasl.oauthbearer.expected.issuer = null
	sasl.oauthbearer.header.urlencode = false
	sasl.oauthbearer.jwks.endpoint.refresh.ms = 3600000
	sasl.oauthbearer.jwks.endpoint.retry.backoff.max.ms = 10000
	sasl.oauthbearer.jwks.endpoint.retry.backoff.ms = 100
	sasl.oauthbearer.jwks.endpoint.url = null
	sasl.oauthbearer.scope.claim.name = scope
	sasl.oauthbearer.sub.claim.name = sub
	sasl.oauthbearer.token.endpoint.url = null
	security.protocol = PLAINTEXT
	security.providers = null
	send.buffer.bytes = 131072
	session.timeout.ms = 45000
	socket.connection.setup.timeout.max.ms = 30000
	socket.connection.setup.timeout.ms = 10000
	ssl.cipher.suites = null
	ssl.enabled.protocols = [TLSv1.2, TLSv1.3]
	ssl.endpoint.identification.algorithm = https
	ssl.engine.factory.class = null
	ssl.key.password = null
	ssl.keymanager.algorithm = SunX509
	ssl.keystore.certificate.chain = null
	ssl.keystore.key = null
	ssl.keystore.location = null
	ssl.keystore.password = null
	ssl.keystore.type = JKS
	ssl.protocol = TLSv1.3
	ssl.provider = null
	ssl.secure.random.implementation = null
	ssl.trustmanager.algorithm = PKIX
	ssl.truststore.certificates = null
	ssl.truststore.location = null
	ssl.truststore.password = null
	ssl.truststore.type = JKS
	value.deserializer = class io.apicurio.registry.serde.avro.AvroKafkaDeserializer

2025-07-31 20:43:27,839 INFO  [org.apa.kaf.com.tel.int.KafkaMetricsCollector] (main) initializing Kafka metrics collector
2025-07-31 20:43:27,852 INFO  [org.apa.kaf.cli.con.ConsumerConfig] (main) These configurations '[apicurio.registry.url]' were supplied but are not used yet.
2025-07-31 20:43:27,852 INFO  [org.apa.kaf.com.uti.AppInfoParser] (main) Kafka version: 3.9.1
2025-07-31 20:43:27,852 INFO  [org.apa.kaf.com.uti.AppInfoParser] (main) Kafka commitId: f745dfdcee2b9851
2025-07-31 20:43:27,852 INFO  [org.apa.kaf.com.uti.AppInfoParser] (main) Kafka startTimeMs: 1753994607852
2025-07-31 20:43:27,853 INFO  [org.apa.kaf.cli.con.int.ClassicKafkaConsumer] (Thread-603) [Consumer clientId=consumer-Consumer-topic-4844b076_c0e2_4e68_9414_e90340f7b087-2, groupId=Consumer-topic-4844b076_c0e2_4e68_9414_e90340f7b087] Subscribed to topic(s): topic-4844b076_c0e2_4e68_9414_e90340f7b087
2025-07-31 20:43:27,866 INFO  [org.apa.kaf.cli.Metadata] (Thread-603) [Consumer clientId=consumer-Consumer-topic-4844b076_c0e2_4e68_9414_e90340f7b087-2, groupId=Consumer-topic-4844b076_c0e2_4e68_9414_e90340f7b087] Cluster ID: cdvAFU1gQSCWwJ-LEPQTSg
2025-07-31 20:43:27,868 INFO  [org.apa.kaf.cli.con.int.ConsumerCoordinator] (Thread-603) [Consumer clientId=consumer-Consumer-topic-4844b076_c0e2_4e68_9414_e90340f7b087-2, groupId=Consumer-topic-4844b076_c0e2_4e68_9414_e90340f7b087] Discovered group coordinator localhost:32770 (id: 2147483647 rack: null)
2025-07-31 20:43:27,874 INFO  [org.apa.kaf.cli.con.int.ConsumerCoordinator] (Thread-603) [Consumer clientId=consumer-Consumer-topic-4844b076_c0e2_4e68_9414_e90340f7b087-2, groupId=Consumer-topic-4844b076_c0e2_4e68_9414_e90340f7b087] (Re-)joining group
2025-07-31 20:43:27,883 INFO  [org.apa.kaf.cli.con.int.ConsumerCoordinator] (Thread-603) [Consumer clientId=consumer-Consumer-topic-4844b076_c0e2_4e68_9414_e90340f7b087-2, groupId=Consumer-topic-4844b076_c0e2_4e68_9414_e90340f7b087] Request joining group due to: need to re-join with the given member-id: consumer-Consumer-topic-4844b076_c0e2_4e68_9414_e90340f7b087-2-327ef7c8-70c5-41cb-a864-6fbbabf1cd59
2025-07-31 20:43:27,883 INFO  [org.apa.kaf.cli.con.int.ConsumerCoordinator] (Thread-603) [Consumer clientId=consumer-Consumer-topic-4844b076_c0e2_4e68_9414_e90340f7b087-2, groupId=Consumer-topic-4844b076_c0e2_4e68_9414_e90340f7b087] (Re-)joining group
2025-07-31 20:43:27,889 INFO  [org.apa.kaf.cli.con.int.ConsumerCoordinator] (Thread-603) [Consumer clientId=consumer-Consumer-topic-4844b076_c0e2_4e68_9414_e90340f7b087-2, groupId=Consumer-topic-4844b076_c0e2_4e68_9414_e90340f7b087] Successfully joined group with generation Generation{generationId=1, memberId='consumer-Consumer-topic-4844b076_c0e2_4e68_9414_e90340f7b087-2-327ef7c8-70c5-41cb-a864-6fbbabf1cd59', protocol='range'}
2025-07-31 20:43:27,890 INFO  [org.apa.kaf.cli.con.int.ConsumerCoordinator] (Thread-603) [Consumer clientId=consumer-Consumer-topic-4844b076_c0e2_4e68_9414_e90340f7b087-2, groupId=Consumer-topic-4844b076_c0e2_4e68_9414_e90340f7b087] Finished assignment for group at generation 1: {consumer-Consumer-topic-4844b076_c0e2_4e68_9414_e90340f7b087-2-327ef7c8-70c5-41cb-a864-6fbbabf1cd59=Assignment(partitions=[topic-4844b076_c0e2_4e68_9414_e90340f7b087-0])}
2025-07-31 20:43:27,898 INFO  [org.apa.kaf.cli.con.int.ConsumerCoordinator] (Thread-603) [Consumer clientId=consumer-Consumer-topic-4844b076_c0e2_4e68_9414_e90340f7b087-2, groupId=Consumer-topic-4844b076_c0e2_4e68_9414_e90340f7b087] Successfully synced group in generation Generation{generationId=1, memberId='consumer-Consumer-topic-4844b076_c0e2_4e68_9414_e90340f7b087-2-327ef7c8-70c5-41cb-a864-6fbbabf1cd59', protocol='range'}
2025-07-31 20:43:27,898 INFO  [org.apa.kaf.cli.con.int.ConsumerCoordinator] (Thread-603) [Consumer clientId=consumer-Consumer-topic-4844b076_c0e2_4e68_9414_e90340f7b087-2, groupId=Consumer-topic-4844b076_c0e2_4e68_9414_e90340f7b087] Notifying assignor about the new Assignment(partitions=[topic-4844b076_c0e2_4e68_9414_e90340f7b087-0])
2025-07-31 20:43:27,898 INFO  [org.apa.kaf.cli.con.int.ConsumerRebalanceListenerInvoker] (Thread-603) [Consumer clientId=consumer-Consumer-topic-4844b076_c0e2_4e68_9414_e90340f7b087-2, groupId=Consumer-topic-4844b076_c0e2_4e68_9414_e90340f7b087] Adding newly assigned partitions: topic-4844b076_c0e2_4e68_9414_e90340f7b087-0
2025-07-31 20:43:27,902 INFO  [org.apa.kaf.cli.con.int.ConsumerCoordinator] (Thread-603) [Consumer clientId=consumer-Consumer-topic-4844b076_c0e2_4e68_9414_e90340f7b087-2, groupId=Consumer-topic-4844b076_c0e2_4e68_9414_e90340f7b087] Found no committed offset for partition topic-4844b076_c0e2_4e68_9414_e90340f7b087-0
2025-07-31 20:43:27,910 INFO  [org.apa.kaf.cli.con.int.SubscriptionState] (Thread-603) [Consumer clientId=consumer-Consumer-topic-4844b076_c0e2_4e68_9414_e90340f7b087-2, groupId=Consumer-topic-4844b076_c0e2_4e68_9414_e90340f7b087] Resetting offset for partition topic-4844b076_c0e2_4e68_9414_e90340f7b087-0 to position FetchPosition{offset=0, offsetEpoch=Optional.empty, currentLeader=LeaderAndEpoch{leader=Optional[localhost:32770 (id: 0 rack: null)], epoch=0}}.
2025-07-31 20:43:27,998 INFO  [io.api.tes.ser.api.KafkaSerdesTester] (Thread-603) topic-4844b076_c0e2_4e68_9414_e90340f7b087 0 0 {"key11753994606546": "value-0"}
2025-07-31 20:43:27,999 INFO  [io.api.tes.ser.api.KafkaSerdesTester] (Thread-603) topic-4844b076_c0e2_4e68_9414_e90340f7b087 0 1 {"key11753994606546": "value-1"}
2025-07-31 20:43:27,999 INFO  [io.api.tes.ser.api.KafkaSerdesTester] (Thread-603) topic-4844b076_c0e2_4e68_9414_e90340f7b087 0 2 {"key11753994606546": "value-2"}
2025-07-31 20:43:27,999 INFO  [io.api.tes.ser.api.KafkaSerdesTester] (Thread-603) topic-4844b076_c0e2_4e68_9414_e90340f7b087 0 3 {"key11753994606546": "value-3"}
2025-07-31 20:43:27,999 INFO  [io.api.tes.ser.api.KafkaSerdesTester] (Thread-603) topic-4844b076_c0e2_4e68_9414_e90340f7b087 0 4 {"key11753994606546": "value-4"}
2025-07-31 20:43:27,999 INFO  [io.api.tes.ser.api.KafkaSerdesTester] (Thread-603) topic-4844b076_c0e2_4e68_9414_e90340f7b087 0 5 {"key11753994606546": "value-5"}
2025-07-31 20:43:27,999 INFO  [io.api.tes.ser.api.KafkaSerdesTester] (Thread-603) topic-4844b076_c0e2_4e68_9414_e90340f7b087 0 6 {"key11753994606546": "value-6"}
2025-07-31 20:43:27,999 INFO  [io.api.tes.ser.api.KafkaSerdesTester] (Thread-603) topic-4844b076_c0e2_4e68_9414_e90340f7b087 0 7 {"key11753994606546": "value-7"}
2025-07-31 20:43:27,999 INFO  [io.api.tes.ser.api.KafkaSerdesTester] (Thread-603) topic-4844b076_c0e2_4e68_9414_e90340f7b087 0 8 {"key11753994606546": "value-8"}
2025-07-31 20:43:27,999 INFO  [io.api.tes.ser.api.KafkaSerdesTester] (Thread-603) topic-4844b076_c0e2_4e68_9414_e90340f7b087 0 9 {"key11753994606546": "value-9"}
2025-07-31 20:43:28,000 INFO  [io.api.tes.ser.api.KafkaSerdesTester] (Thread-603) Consumed 10 messages
2025-07-31 20:43:28,006 INFO  [org.apa.kaf.cli.con.int.ConsumerRebalanceListenerInvoker] (Thread-603) [Consumer clientId=consumer-Consumer-topic-4844b076_c0e2_4e68_9414_e90340f7b087-2, groupId=Consumer-topic-4844b076_c0e2_4e68_9414_e90340f7b087] Revoke previously assigned partitions topic-4844b076_c0e2_4e68_9414_e90340f7b087-0
2025-07-31 20:43:28,006 INFO  [org.apa.kaf.cli.con.int.ConsumerCoordinator] (Thread-603) [Consumer clientId=consumer-Consumer-topic-4844b076_c0e2_4e68_9414_e90340f7b087-2, groupId=Consumer-topic-4844b076_c0e2_4e68_9414_e90340f7b087] Member consumer-Consumer-topic-4844b076_c0e2_4e68_9414_e90340f7b087-2-327ef7c8-70c5-41cb-a864-6fbbabf1cd59 sending LeaveGroup request to coordinator localhost:32770 (id: 2147483647 rack: null) due to the consumer is being closed
2025-07-31 20:43:28,006 INFO  [org.apa.kaf.cli.con.int.ConsumerCoordinator] (Thread-603) [Consumer clientId=consumer-Consumer-topic-4844b076_c0e2_4e68_9414_e90340f7b087-2, groupId=Consumer-topic-4844b076_c0e2_4e68_9414_e90340f7b087] Resetting generation and member id due to: consumer pro-actively leaving the group
2025-07-31 20:43:28,007 INFO  [org.apa.kaf.cli.con.int.ConsumerCoordinator] (Thread-603) [Consumer clientId=consumer-Consumer-topic-4844b076_c0e2_4e68_9414_e90340f7b087-2, groupId=Consumer-topic-4844b076_c0e2_4e68_9414_e90340f7b087] Request joining group due to: consumer pro-actively leaving the group
2025-07-31 20:43:28,503 INFO  [org.apa.kaf.com.met.Metrics] (Thread-603) Metrics scheduler closed
2025-07-31 20:43:28,504 INFO  [org.apa.kaf.com.met.Metrics] (Thread-603) Closing reporter org.apache.kafka.common.metrics.JmxReporter
2025-07-31 20:43:28,504 INFO  [org.apa.kaf.com.met.Metrics] (Thread-603) Closing reporter org.apache.kafka.common.telemetry.internals.ClientTelemetryReporter
2025-07-31 20:43:28,504 INFO  [org.apa.kaf.com.met.Metrics] (Thread-603) Metrics reporters closed
2025-07-31 20:43:28,510 INFO  [org.apa.kaf.com.uti.AppInfoParser] (Thread-603) App info kafka.consumer for consumer-Consumer-topic-4844b076_c0e2_4e68_9414_e90340f7b087-2 unregistered
2025-07-31 20:43:28,513 INFO  [io.api.tes.uti.TestSeparator] (main) io.apicurio.tests.serdes.apicurio.AvroSerdeIT.testSimpleTopicIdStrategyFindLatest-FINISHED
2025-07-31 20:43:28,513 INFO  [io.api.tes.uti.TestSeparator] (main) ############################################################################
Test passed: testSimpleTopicIdStrategyFindLatest
]]></system-out>
  </testcase>
  <testcase name="testWrongSchema" classname="io.apicurio.tests.serdes.apicurio.AvroSerdeIT" time="1.21">
    <system-out><![CDATA[2025-07-31 20:43:28,514 INFO  [io.api.tes.uti.TestSeparator] (main) ############################################################################
2025-07-31 20:43:28,515 INFO  [io.api.tes.uti.TestSeparator] (main) io.apicurio.tests.serdes.apicurio.AvroSerdeIT.testWrongSchema-STARTED
**** Registry Base URL: http://registry-app-kafkasql.apps.ci419.apicurio-testing.org:80
2025-07-31 20:43:29,623 INFO  [org.apa.kaf.cli.pro.ProducerConfig] (main) ProducerConfig values: 
	acks = -1
	auto.include.jmx.reporter = true
	batch.size = 16384
	bootstrap.servers = [PLAINTEXT://localhost:32770]
	buffer.memory = 33554432
	client.dns.lookup = use_all_dns_ips
	client.id = Producer-s82d9b6e0xdc3bx41d7xb19ax173c098fea5d
	compression.gzip.level = -1
	compression.lz4.level = 9
	compression.type = none
	compression.zstd.level = 3
	connections.max.idle.ms = 10000
	delivery.timeout.ms = 120000
	enable.idempotence = true
	enable.metrics.push = true
	interceptor.classes = []
	key.serializer = class org.apache.kafka.common.serialization.StringSerializer
	linger.ms = 0
	max.block.ms = 60000
	max.in.flight.requests.per.connection = 5
	max.request.size = 1048576
	metadata.max.age.ms = 300000
	metadata.max.idle.ms = 300000
	metadata.recovery.strategy = none
	metric.reporters = []
	metrics.num.samples = 2
	metrics.recording.level = INFO
	metrics.sample.window.ms = 30000
	partitioner.adaptive.partitioning.enable = true
	partitioner.availability.timeout.ms = 0
	partitioner.class = null
	partitioner.ignore.keys = false
	receive.buffer.bytes = 32768
	reconnect.backoff.max.ms = 1000
	reconnect.backoff.ms = 50
	request.timeout.ms = 5000
	retries = 2147483647
	retry.backoff.max.ms = 1000
	retry.backoff.ms = 100
	sasl.client.callback.handler.class = null
	sasl.jaas.config = null
	sasl.kerberos.kinit.cmd = /usr/bin/kinit
	sasl.kerberos.min.time.before.relogin = 60000
	sasl.kerberos.service.name = null
	sasl.kerberos.ticket.renew.jitter = 0.05
	sasl.kerberos.ticket.renew.window.factor = 0.8
	sasl.login.callback.handler.class = null
	sasl.login.class = null
	sasl.login.connect.timeout.ms = null
	sasl.login.read.timeout.ms = null
	sasl.login.refresh.buffer.seconds = 300
	sasl.login.refresh.min.period.seconds = 60
	sasl.login.refresh.window.factor = 0.8
	sasl.login.refresh.window.jitter = 0.05
	sasl.login.retry.backoff.max.ms = 10000
	sasl.login.retry.backoff.ms = 100
	sasl.mechanism = GSSAPI
	sasl.oauthbearer.clock.skew.seconds = 30
	sasl.oauthbearer.expected.audience = null
	sasl.oauthbearer.expected.issuer = null
	sasl.oauthbearer.header.urlencode = false
	sasl.oauthbearer.jwks.endpoint.refresh.ms = 3600000
	sasl.oauthbearer.jwks.endpoint.retry.backoff.max.ms = 10000
	sasl.oauthbearer.jwks.endpoint.retry.backoff.ms = 100
	sasl.oauthbearer.jwks.endpoint.url = null
	sasl.oauthbearer.scope.claim.name = scope
	sasl.oauthbearer.sub.claim.name = sub
	sasl.oauthbearer.token.endpoint.url = null
	security.protocol = PLAINTEXT
	security.providers = null
	send.buffer.bytes = 131072
	socket.connection.setup.timeout.max.ms = 30000
	socket.connection.setup.timeout.ms = 10000
	ssl.cipher.suites = null
	ssl.enabled.protocols = [TLSv1.2, TLSv1.3]
	ssl.endpoint.identification.algorithm = https
	ssl.engine.factory.class = null
	ssl.key.password = null
	ssl.keymanager.algorithm = SunX509
	ssl.keystore.certificate.chain = null
	ssl.keystore.key = null
	ssl.keystore.location = null
	ssl.keystore.password = null
	ssl.keystore.type = JKS
	ssl.protocol = TLSv1.3
	ssl.provider = null
	ssl.secure.random.implementation = null
	ssl.trustmanager.algorithm = PKIX
	ssl.truststore.certificates = null
	ssl.truststore.location = null
	ssl.truststore.password = null
	ssl.truststore.type = JKS
	transaction.timeout.ms = 60000
	transactional.id = null
	value.serializer = class io.apicurio.registry.serde.avro.AvroKafkaSerializer

2025-07-31 20:43:29,623 INFO  [org.apa.kaf.com.tel.int.KafkaMetricsCollector] (main) initializing Kafka metrics collector
2025-07-31 20:43:29,628 INFO  [org.apa.kaf.cli.pro.KafkaProducer] (main) [Producer clientId=Producer-s82d9b6e0xdc3bx41d7xb19ax173c098fea5d] Instantiated an idempotent producer.
2025-07-31 20:43:29,636 INFO  [org.apa.kaf.cli.pro.ProducerConfig] (main) These configurations '[apicurio.registry.find-latest, apicurio.registry.url, apicurio.registry.artifact-resolver-strategy]' were supplied but are not used yet.
2025-07-31 20:43:29,636 INFO  [org.apa.kaf.com.uti.AppInfoParser] (main) Kafka version: 3.9.1
2025-07-31 20:43:29,637 INFO  [org.apa.kaf.com.uti.AppInfoParser] (main) Kafka commitId: f745dfdcee2b9851
2025-07-31 20:43:29,637 INFO  [org.apa.kaf.com.uti.AppInfoParser] (main) Kafka startTimeMs: 1753994609636
2025-07-31 20:43:29,640 INFO  [io.api.tes.ser.api.KafkaSerdesTester] (Thread-606) Sending message {"keyB": "value-0"} to topic s82d9b6e0xdc3bx41d7xb19ax173c098fea5d
2025-07-31 20:43:29,642 INFO  [org.apa.kaf.cli.Metadata] (kafka-producer-network-thread | Producer-s82d9b6e0xdc3bx41d7xb19ax173c098fea5d) [Producer clientId=Producer-s82d9b6e0xdc3bx41d7xb19ax173c098fea5d] Cluster ID: cdvAFU1gQSCWwJ-LEPQTSg
2025-07-31 20:43:29,643 INFO  [org.apa.kaf.cli.pro.int.TransactionManager] (kafka-producer-network-thread | Producer-s82d9b6e0xdc3bx41d7xb19ax173c098fea5d) [Producer clientId=Producer-s82d9b6e0xdc3bx41d7xb19ax173c098fea5d] ProducerId set to 2 with epoch 0
2025-07-31 20:43:29,717 INFO  [org.apa.kaf.cli.pro.KafkaProducer] (Thread-606) [Producer clientId=Producer-s82d9b6e0xdc3bx41d7xb19ax173c098fea5d] Closing the Kafka producer with timeoutMillis = 9223372036854775807 ms.
2025-07-31 20:43:29,721 INFO  [org.apa.kaf.com.met.Metrics] (Thread-606) Metrics scheduler closed
2025-07-31 20:43:29,722 INFO  [org.apa.kaf.com.met.Metrics] (Thread-606) Closing reporter org.apache.kafka.common.metrics.JmxReporter
2025-07-31 20:43:29,722 INFO  [org.apa.kaf.com.met.Metrics] (Thread-606) Closing reporter org.apache.kafka.common.telemetry.internals.ClientTelemetryReporter
2025-07-31 20:43:29,722 INFO  [org.apa.kaf.com.met.Metrics] (Thread-606) Metrics reporters closed
2025-07-31 20:43:29,722 INFO  [org.apa.kaf.com.uti.AppInfoParser] (Thread-606) App info kafka.producer for Producer-s82d9b6e0xdc3bx41d7xb19ax173c098fea5d unregistered
2025-07-31 20:43:29,724 INFO  [io.api.tes.uti.TestSeparator] (main) io.apicurio.tests.serdes.apicurio.AvroSerdeIT.testWrongSchema-FINISHED
2025-07-31 20:43:29,724 INFO  [io.api.tes.uti.TestSeparator] (main) ############################################################################
Test passed: testWrongSchema
]]></system-out>
    <system-err><![CDATA[io.apicurio.registry.rest.client.models.ProblemDetails
	at io.apicurio.registry.rest.client.models.ProblemDetails.createFromDiscriminatorValue(ProblemDetails.java:58)
	at io.kiota.serialization.json.JsonParseNode.getObjectValue(JsonParseNode.java:247)
	at io.kiota.http.vertx.VertXRequestAdapter.lambda$throwIfFailedResponse$0(VertXRequestAdapter.java:400)
	at com.microsoft.kiota.ApiExceptionBuilder.<init>(ApiExceptionBuilder.java:26)
	at io.kiota.http.vertx.VertXRequestAdapter.throwIfFailedResponse(VertXRequestAdapter.java:399)
	at io.kiota.http.vertx.VertXRequestAdapter.send(VertXRequestAdapter.java:170)
	at io.apicurio.registry.rest.client.groups.item.artifacts.item.versions.item.WithVersionExpressionItemRequestBuilder.get(WithVersionExpressionItemRequestBuilder.java:128)
	at io.apicurio.registry.rest.client.groups.item.artifacts.item.versions.item.WithVersionExpressionItemRequestBuilder.get(WithVersionExpressionItemRequestBuilder.java:111)
	at io.apicurio.registry.resolver.client.RegistryClientFacadeImpl.getVersionCoordinatesByGAV(RegistryClientFacadeImpl.java:153)
	at io.apicurio.registry.resolver.DefaultSchemaResolver.resolveByCoordinates(DefaultSchemaResolver.java:352)
	at io.apicurio.registry.resolver.DefaultSchemaResolver.lambda$resolveSchemaByArtifactReferenceCached$6(DefaultSchemaResolver.java:340)
	at io.apicurio.registry.resolver.cache.ERCache.lambda$getValue$0(ERCache.java:174)
	at io.apicurio.registry.resolver.cache.ERCache.retry(ERCache.java:227)
	at io.apicurio.registry.resolver.cache.ERCache.getValue(ERCache.java:173)
	at io.apicurio.registry.resolver.cache.ERCache.getByArtifactCoordinates(ERCache.java:158)
	at io.apicurio.registry.resolver.DefaultSchemaResolver.resolveSchemaByArtifactReferenceCached(DefaultSchemaResolver.java:338)
	at io.apicurio.registry.resolver.DefaultSchemaResolver.resolveSchemaByCoordinates(DefaultSchemaResolver.java:193)
	at io.apicurio.registry.resolver.DefaultSchemaResolver.getSchemaFromRegistry(DefaultSchemaResolver.java:130)
	at io.apicurio.registry.resolver.DefaultSchemaResolver.lambda$resolveSchema$0(DefaultSchemaResolver.java:84)
	at java.base/java.util.Optional.orElseGet(Optional.java:364)
	at io.apicurio.registry.resolver.DefaultSchemaResolver.resolveSchema(DefaultSchemaResolver.java:84)
	at io.apicurio.registry.serde.AbstractSerializer.serializeData(AbstractSerializer.java:62)
	at io.apicurio.registry.serde.KafkaSerializer.serialize(KafkaSerializer.java:77)
	at org.apache.kafka.clients.producer.KafkaProducer.doSend(KafkaProducer.java:1046)
	at org.apache.kafka.clients.producer.KafkaProducer.send(KafkaProducer.java:993)
	at org.apache.kafka.clients.producer.KafkaProducer.send(KafkaProducer.java:875)
	at io.apicurio.tests.serdes.apicurio.KafkaSerdesTester.lambda$produceMessages$3(KafkaSerdesTester.java:138)
	at java.base/java.util.concurrent.CompletableFuture$AsyncSupply.run(CompletableFuture.java:1768)
	at java.base/java.lang.Thread.run(Thread.java:840)
]]></system-err>
  </testcase>
  <testcase name="testAvroJSON" classname="io.apicurio.tests.serdes.apicurio.AvroSerdeIT" time="1.005">
    <system-out><![CDATA[2025-07-31 20:43:29,728 INFO  [io.api.tes.uti.TestSeparator] (main) ############################################################################
2025-07-31 20:43:29,728 INFO  [io.api.tes.uti.TestSeparator] (main) io.apicurio.tests.serdes.apicurio.AvroSerdeIT.testAvroJSON-STARTED
**** Registry Base URL: http://registry-app-kafkasql.apps.ci419.apicurio-testing.org:80
2025-07-31 20:43:29,736 INFO  [org.apa.kaf.cli.pro.ProducerConfig] (main) ProducerConfig values: 
	acks = -1
	auto.include.jmx.reporter = true
	batch.size = 16384
	bootstrap.servers = [PLAINTEXT://localhost:32770]
	buffer.memory = 33554432
	client.dns.lookup = use_all_dns_ips
	client.id = Producer-topic-c3be746f_84ee_4373_86a8_7c7808fb255b
	compression.gzip.level = -1
	compression.lz4.level = 9
	compression.type = none
	compression.zstd.level = 3
	connections.max.idle.ms = 10000
	delivery.timeout.ms = 120000
	enable.idempotence = true
	enable.metrics.push = true
	interceptor.classes = []
	key.serializer = class org.apache.kafka.common.serialization.StringSerializer
	linger.ms = 0
	max.block.ms = 60000
	max.in.flight.requests.per.connection = 5
	max.request.size = 1048576
	metadata.max.age.ms = 300000
	metadata.max.idle.ms = 300000
	metadata.recovery.strategy = none
	metric.reporters = []
	metrics.num.samples = 2
	metrics.recording.level = INFO
	metrics.sample.window.ms = 30000
	partitioner.adaptive.partitioning.enable = true
	partitioner.availability.timeout.ms = 0
	partitioner.class = null
	partitioner.ignore.keys = false
	receive.buffer.bytes = 32768
	reconnect.backoff.max.ms = 1000
	reconnect.backoff.ms = 50
	request.timeout.ms = 5000
	retries = 2147483647
	retry.backoff.max.ms = 1000
	retry.backoff.ms = 100
	sasl.client.callback.handler.class = null
	sasl.jaas.config = null
	sasl.kerberos.kinit.cmd = /usr/bin/kinit
	sasl.kerberos.min.time.before.relogin = 60000
	sasl.kerberos.service.name = null
	sasl.kerberos.ticket.renew.jitter = 0.05
	sasl.kerberos.ticket.renew.window.factor = 0.8
	sasl.login.callback.handler.class = null
	sasl.login.class = null
	sasl.login.connect.timeout.ms = null
	sasl.login.read.timeout.ms = null
	sasl.login.refresh.buffer.seconds = 300
	sasl.login.refresh.min.period.seconds = 60
	sasl.login.refresh.window.factor = 0.8
	sasl.login.refresh.window.jitter = 0.05
	sasl.login.retry.backoff.max.ms = 10000
	sasl.login.retry.backoff.ms = 100
	sasl.mechanism = GSSAPI
	sasl.oauthbearer.clock.skew.seconds = 30
	sasl.oauthbearer.expected.audience = null
	sasl.oauthbearer.expected.issuer = null
	sasl.oauthbearer.header.urlencode = false
	sasl.oauthbearer.jwks.endpoint.refresh.ms = 3600000
	sasl.oauthbearer.jwks.endpoint.retry.backoff.max.ms = 10000
	sasl.oauthbearer.jwks.endpoint.retry.backoff.ms = 100
	sasl.oauthbearer.jwks.endpoint.url = null
	sasl.oauthbearer.scope.claim.name = scope
	sasl.oauthbearer.sub.claim.name = sub
	sasl.oauthbearer.token.endpoint.url = null
	security.protocol = PLAINTEXT
	security.providers = null
	send.buffer.bytes = 131072
	socket.connection.setup.timeout.max.ms = 30000
	socket.connection.setup.timeout.ms = 10000
	ssl.cipher.suites = null
	ssl.enabled.protocols = [TLSv1.2, TLSv1.3]
	ssl.endpoint.identification.algorithm = https
	ssl.engine.factory.class = null
	ssl.key.password = null
	ssl.keymanager.algorithm = SunX509
	ssl.keystore.certificate.chain = null
	ssl.keystore.key = null
	ssl.keystore.location = null
	ssl.keystore.password = null
	ssl.keystore.type = JKS
	ssl.protocol = TLSv1.3
	ssl.provider = null
	ssl.secure.random.implementation = null
	ssl.trustmanager.algorithm = PKIX
	ssl.truststore.certificates = null
	ssl.truststore.location = null
	ssl.truststore.password = null
	ssl.truststore.type = JKS
	transaction.timeout.ms = 60000
	transactional.id = null
	value.serializer = class io.apicurio.registry.serde.avro.AvroKafkaSerializer

2025-07-31 20:43:29,738 INFO  [org.apa.kaf.com.tel.int.KafkaMetricsCollector] (main) initializing Kafka metrics collector
2025-07-31 20:43:29,744 INFO  [org.apa.kaf.cli.pro.KafkaProducer] (main) [Producer clientId=Producer-topic-c3be746f_84ee_4373_86a8_7c7808fb255b] Instantiated an idempotent producer.
2025-07-31 20:43:29,753 INFO  [org.apa.kaf.cli.pro.ProducerConfig] (main) These configurations '[apicurio.registry.avro.encoding, apicurio.registry.url, apicurio.registry.auto-register, apicurio.registry.artifact-resolver-strategy]' were supplied but are not used yet.
2025-07-31 20:43:29,753 INFO  [org.apa.kaf.com.uti.AppInfoParser] (main) Kafka version: 3.9.1
2025-07-31 20:43:29,753 INFO  [org.apa.kaf.com.uti.AppInfoParser] (main) Kafka commitId: f745dfdcee2b9851
2025-07-31 20:43:29,753 INFO  [org.apa.kaf.com.uti.AppInfoParser] (main) Kafka startTimeMs: 1753994609753
2025-07-31 20:43:29,753 INFO  [io.api.tes.ser.api.SimpleSerdesTesterBuilder$SimpleSerdesTester] (main) Using producer configuration: {apicurio.registry.avro.encoding=JSON, apicurio.registry.url=http://registry-app-kafkasql.apps.ci419.apicurio-testing.org:80/apis/registry/v3, apicurio.registry.auto-register=true, apicurio.registry.artifact-resolver-strategy=io.apicurio.registry.serde.strategy.TopicIdStrategy, value.serializer=io.apicurio.registry.serde.avro.AvroKafkaSerializer, request.timeout.ms=5000, acks=all, bootstrap.servers=PLAINTEXT://localhost:32770, connections.max.idle.ms=10000, key.serializer=org.apache.kafka.common.serialization.StringSerializer, client.id=Producer-topic-c3be746f_84ee_4373_86a8_7c7808fb255b}
2025-07-31 20:43:29,753 INFO  [io.api.tes.ser.api.SimpleSerdesTesterBuilder$SimpleSerdesTester] (main) Using consumer configuration: {apicurio.registry.avro.encoding=JSON}
2025-07-31 20:43:29,757 INFO  [io.api.tes.ser.api.KafkaSerdesTester] (Thread-609) Sending message {"bar": "value-0"} to topic topic-c3be746f_84ee_4373_86a8_7c7808fb255b
2025-07-31 20:43:29,776 WARN  [org.apa.kaf.cli.NetworkClient] (kafka-producer-network-thread | Producer-topic-c3be746f_84ee_4373_86a8_7c7808fb255b) [Producer clientId=Producer-topic-c3be746f_84ee_4373_86a8_7c7808fb255b] The metadata response from the cluster reported a recoverable issue with correlation id 2 : {topic-c3be746f_84ee_4373_86a8_7c7808fb255b=LEADER_NOT_AVAILABLE}
2025-07-31 20:43:29,776 INFO  [org.apa.kaf.cli.Metadata] (kafka-producer-network-thread | Producer-topic-c3be746f_84ee_4373_86a8_7c7808fb255b) [Producer clientId=Producer-topic-c3be746f_84ee_4373_86a8_7c7808fb255b] Cluster ID: cdvAFU1gQSCWwJ-LEPQTSg
2025-07-31 20:43:29,777 INFO  [org.apa.kaf.cli.pro.int.TransactionManager] (kafka-producer-network-thread | Producer-topic-c3be746f_84ee_4373_86a8_7c7808fb255b) [Producer clientId=Producer-topic-c3be746f_84ee_4373_86a8_7c7808fb255b] ProducerId set to 3 with epoch 0
2025-07-31 20:43:30,000 INFO  [io.api.tes.ser.api.KafkaSerdesTester] (Thread-609) Sending message {"bar": "value-1"} to topic topic-c3be746f_84ee_4373_86a8_7c7808fb255b
2025-07-31 20:43:30,004 INFO  [io.api.tes.ser.api.KafkaSerdesTester] (Thread-609) Sending message {"bar": "value-2"} to topic topic-c3be746f_84ee_4373_86a8_7c7808fb255b
2025-07-31 20:43:30,006 INFO  [io.api.tes.ser.api.KafkaSerdesTester] (Thread-609) Sending message {"bar": "value-3"} to topic topic-c3be746f_84ee_4373_86a8_7c7808fb255b
2025-07-31 20:43:30,008 INFO  [io.api.tes.ser.api.KafkaSerdesTester] (Thread-609) Sending message {"bar": "value-4"} to topic topic-c3be746f_84ee_4373_86a8_7c7808fb255b
2025-07-31 20:43:30,011 INFO  [io.api.tes.ser.api.KafkaSerdesTester] (Thread-609) Sending message {"bar": "value-5"} to topic topic-c3be746f_84ee_4373_86a8_7c7808fb255b
2025-07-31 20:43:30,016 INFO  [io.api.tes.ser.api.KafkaSerdesTester] (Thread-609) Sending message {"bar": "value-6"} to topic topic-c3be746f_84ee_4373_86a8_7c7808fb255b
2025-07-31 20:43:30,018 INFO  [io.api.tes.ser.api.KafkaSerdesTester] (Thread-609) Sending message {"bar": "value-7"} to topic topic-c3be746f_84ee_4373_86a8_7c7808fb255b
2025-07-31 20:43:30,020 INFO  [io.api.tes.ser.api.KafkaSerdesTester] (Thread-609) Sending message {"bar": "value-8"} to topic topic-c3be746f_84ee_4373_86a8_7c7808fb255b
2025-07-31 20:43:30,024 INFO  [io.api.tes.ser.api.KafkaSerdesTester] (Thread-609) Sending message {"bar": "value-9"} to topic topic-c3be746f_84ee_4373_86a8_7c7808fb255b
2025-07-31 20:43:30,027 INFO  [io.api.tes.ser.api.KafkaSerdesTester] (Thread-609) Produced 10 messages
2025-07-31 20:43:30,027 INFO  [org.apa.kaf.cli.pro.KafkaProducer] (Thread-609) [Producer clientId=Producer-topic-c3be746f_84ee_4373_86a8_7c7808fb255b] Closing the Kafka producer with timeoutMillis = 9223372036854775807 ms.
2025-07-31 20:43:30,030 INFO  [org.apa.kaf.com.met.Metrics] (Thread-609) Metrics scheduler closed
2025-07-31 20:43:30,031 INFO  [org.apa.kaf.com.met.Metrics] (Thread-609) Closing reporter org.apache.kafka.common.metrics.JmxReporter
2025-07-31 20:43:30,031 INFO  [org.apa.kaf.com.met.Metrics] (Thread-609) Closing reporter org.apache.kafka.common.telemetry.internals.ClientTelemetryReporter
2025-07-31 20:43:30,031 INFO  [org.apa.kaf.com.met.Metrics] (Thread-609) Metrics reporters closed
2025-07-31 20:43:30,031 INFO  [org.apa.kaf.com.uti.AppInfoParser] (Thread-609) App info kafka.producer for Producer-topic-c3be746f_84ee_4373_86a8_7c7808fb255b unregistered
**** Registry Base URL: http://registry-app-kafkasql.apps.ci419.apicurio-testing.org:80
2025-07-31 20:43:30,086 INFO  [org.apa.kaf.cli.con.ConsumerConfig] (main) ConsumerConfig values: 
	allow.auto.create.topics = true
	auto.commit.interval.ms = 500
	auto.include.jmx.reporter = true
	auto.offset.reset = earliest
	bootstrap.servers = [PLAINTEXT://localhost:32770]
	check.crcs = true
	client.dns.lookup = use_all_dns_ips
	client.id = consumer-Consumer-topic-c3be746f_84ee_4373_86a8_7c7808fb255b-3
	client.rack = 
	connections.max.idle.ms = 10000
	default.api.timeout.ms = 60000
	enable.auto.commit = true
	enable.metrics.push = true
	exclude.internal.topics = true
	fetch.max.bytes = 52428800
	fetch.max.wait.ms = 500
	fetch.min.bytes = 1
	group.id = Consumer-topic-c3be746f_84ee_4373_86a8_7c7808fb255b
	group.instance.id = null
	group.protocol = classic
	group.remote.assignor = null
	heartbeat.interval.ms = 3000
	interceptor.classes = []
	internal.leave.group.on.close = true
	internal.throw.on.fetch.stable.offset.unsupported = false
	isolation.level = read_uncommitted
	key.deserializer = class org.apache.kafka.common.serialization.StringDeserializer
	max.partition.fetch.bytes = 1048576
	max.poll.interval.ms = 300000
	max.poll.records = 500
	metadata.max.age.ms = 300000
	metadata.recovery.strategy = none
	metric.reporters = []
	metrics.num.samples = 2
	metrics.recording.level = INFO
	metrics.sample.window.ms = 30000
	partition.assignment.strategy = [class org.apache.kafka.clients.consumer.RangeAssignor, class org.apache.kafka.clients.consumer.CooperativeStickyAssignor]
	receive.buffer.bytes = 65536
	reconnect.backoff.max.ms = 1000
	reconnect.backoff.ms = 50
	request.timeout.ms = 5000
	retry.backoff.max.ms = 1000
	retry.backoff.ms = 100
	sasl.client.callback.handler.class = null
	sasl.jaas.config = null
	sasl.kerberos.kinit.cmd = /usr/bin/kinit
	sasl.kerberos.min.time.before.relogin = 60000
	sasl.kerberos.service.name = null
	sasl.kerberos.ticket.renew.jitter = 0.05
	sasl.kerberos.ticket.renew.window.factor = 0.8
	sasl.login.callback.handler.class = null
	sasl.login.class = null
	sasl.login.connect.timeout.ms = null
	sasl.login.read.timeout.ms = null
	sasl.login.refresh.buffer.seconds = 300
	sasl.login.refresh.min.period.seconds = 60
	sasl.login.refresh.window.factor = 0.8
	sasl.login.refresh.window.jitter = 0.05
	sasl.login.retry.backoff.max.ms = 10000
	sasl.login.retry.backoff.ms = 100
	sasl.mechanism = GSSAPI
	sasl.oauthbearer.clock.skew.seconds = 30
	sasl.oauthbearer.expected.audience = null
	sasl.oauthbearer.expected.issuer = null
	sasl.oauthbearer.header.urlencode = false
	sasl.oauthbearer.jwks.endpoint.refresh.ms = 3600000
	sasl.oauthbearer.jwks.endpoint.retry.backoff.max.ms = 10000
	sasl.oauthbearer.jwks.endpoint.retry.backoff.ms = 100
	sasl.oauthbearer.jwks.endpoint.url = null
	sasl.oauthbearer.scope.claim.name = scope
	sasl.oauthbearer.sub.claim.name = sub
	sasl.oauthbearer.token.endpoint.url = null
	security.protocol = PLAINTEXT
	security.providers = null
	send.buffer.bytes = 131072
	session.timeout.ms = 45000
	socket.connection.setup.timeout.max.ms = 30000
	socket.connection.setup.timeout.ms = 10000
	ssl.cipher.suites = null
	ssl.enabled.protocols = [TLSv1.2, TLSv1.3]
	ssl.endpoint.identification.algorithm = https
	ssl.engine.factory.class = null
	ssl.key.password = null
	ssl.keymanager.algorithm = SunX509
	ssl.keystore.certificate.chain = null
	ssl.keystore.key = null
	ssl.keystore.location = null
	ssl.keystore.password = null
	ssl.keystore.type = JKS
	ssl.protocol = TLSv1.3
	ssl.provider = null
	ssl.secure.random.implementation = null
	ssl.trustmanager.algorithm = PKIX
	ssl.truststore.certificates = null
	ssl.truststore.location = null
	ssl.truststore.password = null
	ssl.truststore.type = JKS
	value.deserializer = class io.apicurio.registry.serde.avro.AvroKafkaDeserializer

2025-07-31 20:43:30,086 INFO  [org.apa.kaf.com.tel.int.KafkaMetricsCollector] (main) initializing Kafka metrics collector
2025-07-31 20:43:30,093 INFO  [org.apa.kaf.cli.con.ConsumerConfig] (main) These configurations '[apicurio.registry.avro.encoding, apicurio.registry.url]' were supplied but are not used yet.
2025-07-31 20:43:30,093 INFO  [org.apa.kaf.com.uti.AppInfoParser] (main) Kafka version: 3.9.1
2025-07-31 20:43:30,093 INFO  [org.apa.kaf.com.uti.AppInfoParser] (main) Kafka commitId: f745dfdcee2b9851
2025-07-31 20:43:30,093 INFO  [org.apa.kaf.com.uti.AppInfoParser] (main) Kafka startTimeMs: 1753994610093
2025-07-31 20:43:30,095 INFO  [org.apa.kaf.cli.con.int.ClassicKafkaConsumer] (Thread-612) [Consumer clientId=consumer-Consumer-topic-c3be746f_84ee_4373_86a8_7c7808fb255b-3, groupId=Consumer-topic-c3be746f_84ee_4373_86a8_7c7808fb255b] Subscribed to topic(s): topic-c3be746f_84ee_4373_86a8_7c7808fb255b
2025-07-31 20:43:30,106 INFO  [org.apa.kaf.cli.Metadata] (Thread-612) [Consumer clientId=consumer-Consumer-topic-c3be746f_84ee_4373_86a8_7c7808fb255b-3, groupId=Consumer-topic-c3be746f_84ee_4373_86a8_7c7808fb255b] Cluster ID: cdvAFU1gQSCWwJ-LEPQTSg
2025-07-31 20:43:30,108 INFO  [org.apa.kaf.cli.con.int.ConsumerCoordinator] (Thread-612) [Consumer clientId=consumer-Consumer-topic-c3be746f_84ee_4373_86a8_7c7808fb255b-3, groupId=Consumer-topic-c3be746f_84ee_4373_86a8_7c7808fb255b] Discovered group coordinator localhost:32770 (id: 2147483647 rack: null)
2025-07-31 20:43:30,110 INFO  [org.apa.kaf.cli.con.int.ConsumerCoordinator] (Thread-612) [Consumer clientId=consumer-Consumer-topic-c3be746f_84ee_4373_86a8_7c7808fb255b-3, groupId=Consumer-topic-c3be746f_84ee_4373_86a8_7c7808fb255b] (Re-)joining group
2025-07-31 20:43:30,118 INFO  [org.apa.kaf.cli.con.int.ConsumerCoordinator] (Thread-612) [Consumer clientId=consumer-Consumer-topic-c3be746f_84ee_4373_86a8_7c7808fb255b-3, groupId=Consumer-topic-c3be746f_84ee_4373_86a8_7c7808fb255b] Request joining group due to: need to re-join with the given member-id: consumer-Consumer-topic-c3be746f_84ee_4373_86a8_7c7808fb255b-3-56fd574c-6c58-4da3-8a20-b31accdbe871
2025-07-31 20:43:30,118 INFO  [org.apa.kaf.cli.con.int.ConsumerCoordinator] (Thread-612) [Consumer clientId=consumer-Consumer-topic-c3be746f_84ee_4373_86a8_7c7808fb255b-3, groupId=Consumer-topic-c3be746f_84ee_4373_86a8_7c7808fb255b] (Re-)joining group
2025-07-31 20:43:30,122 INFO  [org.apa.kaf.cli.con.int.ConsumerCoordinator] (Thread-612) [Consumer clientId=consumer-Consumer-topic-c3be746f_84ee_4373_86a8_7c7808fb255b-3, groupId=Consumer-topic-c3be746f_84ee_4373_86a8_7c7808fb255b] Successfully joined group with generation Generation{generationId=1, memberId='consumer-Consumer-topic-c3be746f_84ee_4373_86a8_7c7808fb255b-3-56fd574c-6c58-4da3-8a20-b31accdbe871', protocol='range'}
2025-07-31 20:43:30,122 INFO  [org.apa.kaf.cli.con.int.ConsumerCoordinator] (Thread-612) [Consumer clientId=consumer-Consumer-topic-c3be746f_84ee_4373_86a8_7c7808fb255b-3, groupId=Consumer-topic-c3be746f_84ee_4373_86a8_7c7808fb255b] Finished assignment for group at generation 1: {consumer-Consumer-topic-c3be746f_84ee_4373_86a8_7c7808fb255b-3-56fd574c-6c58-4da3-8a20-b31accdbe871=Assignment(partitions=[topic-c3be746f_84ee_4373_86a8_7c7808fb255b-0])}
2025-07-31 20:43:30,125 INFO  [org.apa.kaf.cli.con.int.ConsumerCoordinator] (kafka-coordinator-heartbeat-thread | Consumer-topic-c3be746f_84ee_4373_86a8_7c7808fb255b) [Consumer clientId=consumer-Consumer-topic-c3be746f_84ee_4373_86a8_7c7808fb255b-3, groupId=Consumer-topic-c3be746f_84ee_4373_86a8_7c7808fb255b] Successfully synced group in generation Generation{generationId=1, memberId='consumer-Consumer-topic-c3be746f_84ee_4373_86a8_7c7808fb255b-3-56fd574c-6c58-4da3-8a20-b31accdbe871', protocol='range'}
2025-07-31 20:43:30,126 INFO  [org.apa.kaf.cli.con.int.ConsumerCoordinator] (Thread-612) [Consumer clientId=consumer-Consumer-topic-c3be746f_84ee_4373_86a8_7c7808fb255b-3, groupId=Consumer-topic-c3be746f_84ee_4373_86a8_7c7808fb255b] Notifying assignor about the new Assignment(partitions=[topic-c3be746f_84ee_4373_86a8_7c7808fb255b-0])
2025-07-31 20:43:30,126 INFO  [org.apa.kaf.cli.con.int.ConsumerRebalanceListenerInvoker] (Thread-612) [Consumer clientId=consumer-Consumer-topic-c3be746f_84ee_4373_86a8_7c7808fb255b-3, groupId=Consumer-topic-c3be746f_84ee_4373_86a8_7c7808fb255b] Adding newly assigned partitions: topic-c3be746f_84ee_4373_86a8_7c7808fb255b-0
2025-07-31 20:43:30,127 INFO  [org.apa.kaf.cli.con.int.ConsumerCoordinator] (Thread-612) [Consumer clientId=consumer-Consumer-topic-c3be746f_84ee_4373_86a8_7c7808fb255b-3, groupId=Consumer-topic-c3be746f_84ee_4373_86a8_7c7808fb255b] Found no committed offset for partition topic-c3be746f_84ee_4373_86a8_7c7808fb255b-0
2025-07-31 20:43:30,134 INFO  [org.apa.kaf.cli.con.int.SubscriptionState] (Thread-612) [Consumer clientId=consumer-Consumer-topic-c3be746f_84ee_4373_86a8_7c7808fb255b-3, groupId=Consumer-topic-c3be746f_84ee_4373_86a8_7c7808fb255b] Resetting offset for partition topic-c3be746f_84ee_4373_86a8_7c7808fb255b-0 to position FetchPosition{offset=0, offsetEpoch=Optional.empty, currentLeader=LeaderAndEpoch{leader=Optional[localhost:32770 (id: 0 rack: null)], epoch=0}}.
2025-07-31 20:43:30,220 INFO  [io.api.tes.ser.api.KafkaSerdesTester] (Thread-612) topic-c3be746f_84ee_4373_86a8_7c7808fb255b 0 0 {"bar": "value-0"}
2025-07-31 20:43:30,220 INFO  [io.api.tes.ser.api.KafkaSerdesTester] (Thread-612) topic-c3be746f_84ee_4373_86a8_7c7808fb255b 0 1 {"bar": "value-1"}
2025-07-31 20:43:30,220 INFO  [io.api.tes.ser.api.KafkaSerdesTester] (Thread-612) topic-c3be746f_84ee_4373_86a8_7c7808fb255b 0 2 {"bar": "value-2"}
2025-07-31 20:43:30,220 INFO  [io.api.tes.ser.api.KafkaSerdesTester] (Thread-612) topic-c3be746f_84ee_4373_86a8_7c7808fb255b 0 3 {"bar": "value-3"}
2025-07-31 20:43:30,220 INFO  [io.api.tes.ser.api.KafkaSerdesTester] (Thread-612) topic-c3be746f_84ee_4373_86a8_7c7808fb255b 0 4 {"bar": "value-4"}
2025-07-31 20:43:30,220 INFO  [io.api.tes.ser.api.KafkaSerdesTester] (Thread-612) topic-c3be746f_84ee_4373_86a8_7c7808fb255b 0 5 {"bar": "value-5"}
2025-07-31 20:43:30,221 INFO  [io.api.tes.ser.api.KafkaSerdesTester] (Thread-612) topic-c3be746f_84ee_4373_86a8_7c7808fb255b 0 6 {"bar": "value-6"}
2025-07-31 20:43:30,221 INFO  [io.api.tes.ser.api.KafkaSerdesTester] (Thread-612) topic-c3be746f_84ee_4373_86a8_7c7808fb255b 0 7 {"bar": "value-7"}
2025-07-31 20:43:30,221 INFO  [io.api.tes.ser.api.KafkaSerdesTester] (Thread-612) topic-c3be746f_84ee_4373_86a8_7c7808fb255b 0 8 {"bar": "value-8"}
2025-07-31 20:43:30,221 INFO  [io.api.tes.ser.api.KafkaSerdesTester] (Thread-612) topic-c3be746f_84ee_4373_86a8_7c7808fb255b 0 9 {"bar": "value-9"}
2025-07-31 20:43:30,222 INFO  [io.api.tes.ser.api.KafkaSerdesTester] (Thread-612) Consumed 10 messages
2025-07-31 20:43:30,226 INFO  [org.apa.kaf.cli.con.int.ConsumerRebalanceListenerInvoker] (Thread-612) [Consumer clientId=consumer-Consumer-topic-c3be746f_84ee_4373_86a8_7c7808fb255b-3, groupId=Consumer-topic-c3be746f_84ee_4373_86a8_7c7808fb255b] Revoke previously assigned partitions topic-c3be746f_84ee_4373_86a8_7c7808fb255b-0
2025-07-31 20:43:30,226 INFO  [org.apa.kaf.cli.con.int.ConsumerCoordinator] (Thread-612) [Consumer clientId=consumer-Consumer-topic-c3be746f_84ee_4373_86a8_7c7808fb255b-3, groupId=Consumer-topic-c3be746f_84ee_4373_86a8_7c7808fb255b] Member consumer-Consumer-topic-c3be746f_84ee_4373_86a8_7c7808fb255b-3-56fd574c-6c58-4da3-8a20-b31accdbe871 sending LeaveGroup request to coordinator localhost:32770 (id: 2147483647 rack: null) due to the consumer is being closed
2025-07-31 20:43:30,226 INFO  [org.apa.kaf.cli.con.int.ConsumerCoordinator] (Thread-612) [Consumer clientId=consumer-Consumer-topic-c3be746f_84ee_4373_86a8_7c7808fb255b-3, groupId=Consumer-topic-c3be746f_84ee_4373_86a8_7c7808fb255b] Resetting generation and member id due to: consumer pro-actively leaving the group
2025-07-31 20:43:30,226 INFO  [org.apa.kaf.cli.con.int.ConsumerCoordinator] (Thread-612) [Consumer clientId=consumer-Consumer-topic-c3be746f_84ee_4373_86a8_7c7808fb255b-3, groupId=Consumer-topic-c3be746f_84ee_4373_86a8_7c7808fb255b] Request joining group due to: consumer pro-actively leaving the group
2025-07-31 20:43:30,726 INFO  [org.apa.kaf.com.met.Metrics] (Thread-612) Metrics scheduler closed
2025-07-31 20:43:30,726 INFO  [org.apa.kaf.com.met.Metrics] (Thread-612) Closing reporter org.apache.kafka.common.metrics.JmxReporter
2025-07-31 20:43:30,726 INFO  [org.apa.kaf.com.met.Metrics] (Thread-612) Closing reporter org.apache.kafka.common.telemetry.internals.ClientTelemetryReporter
2025-07-31 20:43:30,726 INFO  [org.apa.kaf.com.met.Metrics] (Thread-612) Metrics reporters closed
2025-07-31 20:43:30,730 INFO  [org.apa.kaf.com.uti.AppInfoParser] (Thread-612) App info kafka.consumer for consumer-Consumer-topic-c3be746f_84ee_4373_86a8_7c7808fb255b-3 unregistered
2025-07-31 20:43:30,731 INFO  [io.api.tes.uti.TestSeparator] (main) io.apicurio.tests.serdes.apicurio.AvroSerdeIT.testAvroJSON-FINISHED
2025-07-31 20:43:30,731 INFO  [io.api.tes.uti.TestSeparator] (main) ############################################################################
Test passed: testAvroJSON
]]></system-out>
  </testcase>
  <testcase name="testTopicIdStrategyAutoRegister" classname="io.apicurio.tests.serdes.apicurio.AvroSerdeIT" time="1.052">
    <system-out><![CDATA[2025-07-31 20:43:30,734 INFO  [io.api.tes.uti.TestSeparator] (main) ############################################################################
2025-07-31 20:43:30,734 INFO  [io.api.tes.uti.TestSeparator] (main) io.apicurio.tests.serdes.apicurio.AvroSerdeIT.testTopicIdStrategyAutoRegister-STARTED
**** Registry Base URL: http://registry-app-kafkasql.apps.ci419.apicurio-testing.org:80
2025-07-31 20:43:30,741 INFO  [org.apa.kaf.cli.pro.ProducerConfig] (main) ProducerConfig values: 
	acks = -1
	auto.include.jmx.reporter = true
	batch.size = 16384
	bootstrap.servers = [PLAINTEXT://localhost:32770]
	buffer.memory = 33554432
	client.dns.lookup = use_all_dns_ips
	client.id = Producer-topic-0cc0129c_a323_4671_8dbc_700ce8a82eb1
	compression.gzip.level = -1
	compression.lz4.level = 9
	compression.type = none
	compression.zstd.level = 3
	connections.max.idle.ms = 10000
	delivery.timeout.ms = 120000
	enable.idempotence = true
	enable.metrics.push = true
	interceptor.classes = []
	key.serializer = class org.apache.kafka.common.serialization.StringSerializer
	linger.ms = 0
	max.block.ms = 60000
	max.in.flight.requests.per.connection = 5
	max.request.size = 1048576
	metadata.max.age.ms = 300000
	metadata.max.idle.ms = 300000
	metadata.recovery.strategy = none
	metric.reporters = []
	metrics.num.samples = 2
	metrics.recording.level = INFO
	metrics.sample.window.ms = 30000
	partitioner.adaptive.partitioning.enable = true
	partitioner.availability.timeout.ms = 0
	partitioner.class = null
	partitioner.ignore.keys = false
	receive.buffer.bytes = 32768
	reconnect.backoff.max.ms = 1000
	reconnect.backoff.ms = 50
	request.timeout.ms = 5000
	retries = 2147483647
	retry.backoff.max.ms = 1000
	retry.backoff.ms = 100
	sasl.client.callback.handler.class = null
	sasl.jaas.config = null
	sasl.kerberos.kinit.cmd = /usr/bin/kinit
	sasl.kerberos.min.time.before.relogin = 60000
	sasl.kerberos.service.name = null
	sasl.kerberos.ticket.renew.jitter = 0.05
	sasl.kerberos.ticket.renew.window.factor = 0.8
	sasl.login.callback.handler.class = null
	sasl.login.class = null
	sasl.login.connect.timeout.ms = null
	sasl.login.read.timeout.ms = null
	sasl.login.refresh.buffer.seconds = 300
	sasl.login.refresh.min.period.seconds = 60
	sasl.login.refresh.window.factor = 0.8
	sasl.login.refresh.window.jitter = 0.05
	sasl.login.retry.backoff.max.ms = 10000
	sasl.login.retry.backoff.ms = 100
	sasl.mechanism = GSSAPI
	sasl.oauthbearer.clock.skew.seconds = 30
	sasl.oauthbearer.expected.audience = null
	sasl.oauthbearer.expected.issuer = null
	sasl.oauthbearer.header.urlencode = false
	sasl.oauthbearer.jwks.endpoint.refresh.ms = 3600000
	sasl.oauthbearer.jwks.endpoint.retry.backoff.max.ms = 10000
	sasl.oauthbearer.jwks.endpoint.retry.backoff.ms = 100
	sasl.oauthbearer.jwks.endpoint.url = null
	sasl.oauthbearer.scope.claim.name = scope
	sasl.oauthbearer.sub.claim.name = sub
	sasl.oauthbearer.token.endpoint.url = null
	security.protocol = PLAINTEXT
	security.providers = null
	send.buffer.bytes = 131072
	socket.connection.setup.timeout.max.ms = 30000
	socket.connection.setup.timeout.ms = 10000
	ssl.cipher.suites = null
	ssl.enabled.protocols = [TLSv1.2, TLSv1.3]
	ssl.endpoint.identification.algorithm = https
	ssl.engine.factory.class = null
	ssl.key.password = null
	ssl.keymanager.algorithm = SunX509
	ssl.keystore.certificate.chain = null
	ssl.keystore.key = null
	ssl.keystore.location = null
	ssl.keystore.password = null
	ssl.keystore.type = JKS
	ssl.protocol = TLSv1.3
	ssl.provider = null
	ssl.secure.random.implementation = null
	ssl.trustmanager.algorithm = PKIX
	ssl.truststore.certificates = null
	ssl.truststore.location = null
	ssl.truststore.password = null
	ssl.truststore.type = JKS
	transaction.timeout.ms = 60000
	transactional.id = null
	value.serializer = class io.apicurio.registry.serde.avro.AvroKafkaSerializer

2025-07-31 20:43:30,741 INFO  [org.apa.kaf.com.tel.int.KafkaMetricsCollector] (main) initializing Kafka metrics collector
2025-07-31 20:43:30,755 INFO  [org.apa.kaf.cli.pro.KafkaProducer] (main) [Producer clientId=Producer-topic-0cc0129c_a323_4671_8dbc_700ce8a82eb1] Instantiated an idempotent producer.
2025-07-31 20:43:30,764 INFO  [org.apa.kaf.cli.pro.ProducerConfig] (main) These configurations '[apicurio.registry.url, apicurio.registry.auto-register, apicurio.registry.artifact-resolver-strategy]' were supplied but are not used yet.
2025-07-31 20:43:30,764 INFO  [org.apa.kaf.com.uti.AppInfoParser] (main) Kafka version: 3.9.1
2025-07-31 20:43:30,764 INFO  [org.apa.kaf.com.uti.AppInfoParser] (main) Kafka commitId: f745dfdcee2b9851
2025-07-31 20:43:30,764 INFO  [org.apa.kaf.com.uti.AppInfoParser] (main) Kafka startTimeMs: 1753994610764
2025-07-31 20:43:30,764 INFO  [io.api.tes.ser.api.SimpleSerdesTesterBuilder$SimpleSerdesTester] (main) Using producer configuration: {apicurio.registry.url=http://registry-app-kafkasql.apps.ci419.apicurio-testing.org:80/apis/registry/v3, apicurio.registry.auto-register=true, apicurio.registry.artifact-resolver-strategy=io.apicurio.registry.serde.strategy.TopicIdStrategy, value.serializer=io.apicurio.registry.serde.avro.AvroKafkaSerializer, request.timeout.ms=5000, acks=all, bootstrap.servers=PLAINTEXT://localhost:32770, connections.max.idle.ms=10000, key.serializer=org.apache.kafka.common.serialization.StringSerializer, client.id=Producer-topic-0cc0129c_a323_4671_8dbc_700ce8a82eb1}
2025-07-31 20:43:30,765 INFO  [io.api.tes.ser.api.SimpleSerdesTesterBuilder$SimpleSerdesTester] (main) Using consumer configuration: {}
2025-07-31 20:43:30,769 INFO  [io.api.tes.ser.api.KafkaSerdesTester] (Thread-615) Sending message {"key11753994610734": "value-0"} to topic topic-0cc0129c_a323_4671_8dbc_700ce8a82eb1
2025-07-31 20:43:30,781 WARN  [org.apa.kaf.cli.NetworkClient] (kafka-producer-network-thread | Producer-topic-0cc0129c_a323_4671_8dbc_700ce8a82eb1) [Producer clientId=Producer-topic-0cc0129c_a323_4671_8dbc_700ce8a82eb1] The metadata response from the cluster reported a recoverable issue with correlation id 2 : {topic-0cc0129c_a323_4671_8dbc_700ce8a82eb1=LEADER_NOT_AVAILABLE}
2025-07-31 20:43:30,782 INFO  [org.apa.kaf.cli.Metadata] (kafka-producer-network-thread | Producer-topic-0cc0129c_a323_4671_8dbc_700ce8a82eb1) [Producer clientId=Producer-topic-0cc0129c_a323_4671_8dbc_700ce8a82eb1] Cluster ID: cdvAFU1gQSCWwJ-LEPQTSg
2025-07-31 20:43:30,783 INFO  [org.apa.kaf.cli.pro.int.TransactionManager] (kafka-producer-network-thread | Producer-topic-0cc0129c_a323_4671_8dbc_700ce8a82eb1) [Producer clientId=Producer-topic-0cc0129c_a323_4671_8dbc_700ce8a82eb1] ProducerId set to 4 with epoch 0
2025-07-31 20:43:31,003 INFO  [io.api.tes.ser.api.KafkaSerdesTester] (Thread-615) Sending message {"key11753994610734": "value-1"} to topic topic-0cc0129c_a323_4671_8dbc_700ce8a82eb1
2025-07-31 20:43:31,007 INFO  [io.api.tes.ser.api.KafkaSerdesTester] (Thread-615) Sending message {"key11753994610734": "value-2"} to topic topic-0cc0129c_a323_4671_8dbc_700ce8a82eb1
2025-07-31 20:43:31,009 INFO  [io.api.tes.ser.api.KafkaSerdesTester] (Thread-615) Sending message {"key11753994610734": "value-3"} to topic topic-0cc0129c_a323_4671_8dbc_700ce8a82eb1
2025-07-31 20:43:31,012 INFO  [io.api.tes.ser.api.KafkaSerdesTester] (Thread-615) Sending message {"key11753994610734": "value-4"} to topic topic-0cc0129c_a323_4671_8dbc_700ce8a82eb1
2025-07-31 20:43:31,014 INFO  [io.api.tes.ser.api.KafkaSerdesTester] (Thread-615) Sending message {"key11753994610734": "value-5"} to topic topic-0cc0129c_a323_4671_8dbc_700ce8a82eb1
2025-07-31 20:43:31,016 INFO  [io.api.tes.ser.api.KafkaSerdesTester] (Thread-615) Sending message {"key11753994610734": "value-6"} to topic topic-0cc0129c_a323_4671_8dbc_700ce8a82eb1
2025-07-31 20:43:31,018 INFO  [io.api.tes.ser.api.KafkaSerdesTester] (Thread-615) Sending message {"key11753994610734": "value-7"} to topic topic-0cc0129c_a323_4671_8dbc_700ce8a82eb1
2025-07-31 20:43:31,020 INFO  [io.api.tes.ser.api.KafkaSerdesTester] (Thread-615) Sending message {"key11753994610734": "value-8"} to topic topic-0cc0129c_a323_4671_8dbc_700ce8a82eb1
2025-07-31 20:43:31,023 INFO  [io.api.tes.ser.api.KafkaSerdesTester] (Thread-615) Sending message {"key11753994610734": "value-9"} to topic topic-0cc0129c_a323_4671_8dbc_700ce8a82eb1
2025-07-31 20:43:31,025 INFO  [io.api.tes.ser.api.KafkaSerdesTester] (Thread-615) Produced 10 messages
2025-07-31 20:43:31,025 INFO  [org.apa.kaf.cli.pro.KafkaProducer] (Thread-615) [Producer clientId=Producer-topic-0cc0129c_a323_4671_8dbc_700ce8a82eb1] Closing the Kafka producer with timeoutMillis = 9223372036854775807 ms.
2025-07-31 20:43:31,030 INFO  [org.apa.kaf.com.met.Metrics] (Thread-615) Metrics scheduler closed
2025-07-31 20:43:31,030 INFO  [org.apa.kaf.com.met.Metrics] (Thread-615) Closing reporter org.apache.kafka.common.metrics.JmxReporter
2025-07-31 20:43:31,030 INFO  [org.apa.kaf.com.met.Metrics] (Thread-615) Closing reporter org.apache.kafka.common.telemetry.internals.ClientTelemetryReporter
2025-07-31 20:43:31,030 INFO  [org.apa.kaf.com.met.Metrics] (Thread-615) Metrics reporters closed
2025-07-31 20:43:31,031 INFO  [org.apa.kaf.com.uti.AppInfoParser] (Thread-615) App info kafka.producer for Producer-topic-0cc0129c_a323_4671_8dbc_700ce8a82eb1 unregistered
**** Registry Base URL: http://registry-app-kafkasql.apps.ci419.apicurio-testing.org:80
2025-07-31 20:43:31,088 INFO  [org.apa.kaf.cli.con.ConsumerConfig] (main) ConsumerConfig values: 
	allow.auto.create.topics = true
	auto.commit.interval.ms = 500
	auto.include.jmx.reporter = true
	auto.offset.reset = earliest
	bootstrap.servers = [PLAINTEXT://localhost:32770]
	check.crcs = true
	client.dns.lookup = use_all_dns_ips
	client.id = consumer-Consumer-topic-0cc0129c_a323_4671_8dbc_700ce8a82eb1-4
	client.rack = 
	connections.max.idle.ms = 10000
	default.api.timeout.ms = 60000
	enable.auto.commit = true
	enable.metrics.push = true
	exclude.internal.topics = true
	fetch.max.bytes = 52428800
	fetch.max.wait.ms = 500
	fetch.min.bytes = 1
	group.id = Consumer-topic-0cc0129c_a323_4671_8dbc_700ce8a82eb1
	group.instance.id = null
	group.protocol = classic
	group.remote.assignor = null
	heartbeat.interval.ms = 3000
	interceptor.classes = []
	internal.leave.group.on.close = true
	internal.throw.on.fetch.stable.offset.unsupported = false
	isolation.level = read_uncommitted
	key.deserializer = class org.apache.kafka.common.serialization.StringDeserializer
	max.partition.fetch.bytes = 1048576
	max.poll.interval.ms = 300000
	max.poll.records = 500
	metadata.max.age.ms = 300000
	metadata.recovery.strategy = none
	metric.reporters = []
	metrics.num.samples = 2
	metrics.recording.level = INFO
	metrics.sample.window.ms = 30000
	partition.assignment.strategy = [class org.apache.kafka.clients.consumer.RangeAssignor, class org.apache.kafka.clients.consumer.CooperativeStickyAssignor]
	receive.buffer.bytes = 65536
	reconnect.backoff.max.ms = 1000
	reconnect.backoff.ms = 50
	request.timeout.ms = 5000
	retry.backoff.max.ms = 1000
	retry.backoff.ms = 100
	sasl.client.callback.handler.class = null
	sasl.jaas.config = null
	sasl.kerberos.kinit.cmd = /usr/bin/kinit
	sasl.kerberos.min.time.before.relogin = 60000
	sasl.kerberos.service.name = null
	sasl.kerberos.ticket.renew.jitter = 0.05
	sasl.kerberos.ticket.renew.window.factor = 0.8
	sasl.login.callback.handler.class = null
	sasl.login.class = null
	sasl.login.connect.timeout.ms = null
	sasl.login.read.timeout.ms = null
	sasl.login.refresh.buffer.seconds = 300
	sasl.login.refresh.min.period.seconds = 60
	sasl.login.refresh.window.factor = 0.8
	sasl.login.refresh.window.jitter = 0.05
	sasl.login.retry.backoff.max.ms = 10000
	sasl.login.retry.backoff.ms = 100
	sasl.mechanism = GSSAPI
	sasl.oauthbearer.clock.skew.seconds = 30
	sasl.oauthbearer.expected.audience = null
	sasl.oauthbearer.expected.issuer = null
	sasl.oauthbearer.header.urlencode = false
	sasl.oauthbearer.jwks.endpoint.refresh.ms = 3600000
	sasl.oauthbearer.jwks.endpoint.retry.backoff.max.ms = 10000
	sasl.oauthbearer.jwks.endpoint.retry.backoff.ms = 100
	sasl.oauthbearer.jwks.endpoint.url = null
	sasl.oauthbearer.scope.claim.name = scope
	sasl.oauthbearer.sub.claim.name = sub
	sasl.oauthbearer.token.endpoint.url = null
	security.protocol = PLAINTEXT
	security.providers = null
	send.buffer.bytes = 131072
	session.timeout.ms = 45000
	socket.connection.setup.timeout.max.ms = 30000
	socket.connection.setup.timeout.ms = 10000
	ssl.cipher.suites = null
	ssl.enabled.protocols = [TLSv1.2, TLSv1.3]
	ssl.endpoint.identification.algorithm = https
	ssl.engine.factory.class = null
	ssl.key.password = null
	ssl.keymanager.algorithm = SunX509
	ssl.keystore.certificate.chain = null
	ssl.keystore.key = null
	ssl.keystore.location = null
	ssl.keystore.password = null
	ssl.keystore.type = JKS
	ssl.protocol = TLSv1.3
	ssl.provider = null
	ssl.secure.random.implementation = null
	ssl.trustmanager.algorithm = PKIX
	ssl.truststore.certificates = null
	ssl.truststore.location = null
	ssl.truststore.password = null
	ssl.truststore.type = JKS
	value.deserializer = class io.apicurio.registry.serde.avro.AvroKafkaDeserializer

2025-07-31 20:43:31,089 INFO  [org.apa.kaf.com.tel.int.KafkaMetricsCollector] (main) initializing Kafka metrics collector
2025-07-31 20:43:31,096 INFO  [org.apa.kaf.cli.con.ConsumerConfig] (main) These configurations '[apicurio.registry.url]' were supplied but are not used yet.
2025-07-31 20:43:31,096 INFO  [org.apa.kaf.com.uti.AppInfoParser] (main) Kafka version: 3.9.1
2025-07-31 20:43:31,096 INFO  [org.apa.kaf.com.uti.AppInfoParser] (main) Kafka commitId: f745dfdcee2b9851
2025-07-31 20:43:31,096 INFO  [org.apa.kaf.com.uti.AppInfoParser] (main) Kafka startTimeMs: 1753994611096
2025-07-31 20:43:31,098 INFO  [org.apa.kaf.cli.con.int.ClassicKafkaConsumer] (Thread-618) [Consumer clientId=consumer-Consumer-topic-0cc0129c_a323_4671_8dbc_700ce8a82eb1-4, groupId=Consumer-topic-0cc0129c_a323_4671_8dbc_700ce8a82eb1] Subscribed to topic(s): topic-0cc0129c_a323_4671_8dbc_700ce8a82eb1
2025-07-31 20:43:31,108 INFO  [org.apa.kaf.cli.Metadata] (Thread-618) [Consumer clientId=consumer-Consumer-topic-0cc0129c_a323_4671_8dbc_700ce8a82eb1-4, groupId=Consumer-topic-0cc0129c_a323_4671_8dbc_700ce8a82eb1] Cluster ID: cdvAFU1gQSCWwJ-LEPQTSg
2025-07-31 20:43:31,112 INFO  [org.apa.kaf.cli.con.int.ConsumerCoordinator] (Thread-618) [Consumer clientId=consumer-Consumer-topic-0cc0129c_a323_4671_8dbc_700ce8a82eb1-4, groupId=Consumer-topic-0cc0129c_a323_4671_8dbc_700ce8a82eb1] Discovered group coordinator localhost:32770 (id: 2147483647 rack: null)
2025-07-31 20:43:31,119 INFO  [org.apa.kaf.cli.con.int.ConsumerCoordinator] (Thread-618) [Consumer clientId=consumer-Consumer-topic-0cc0129c_a323_4671_8dbc_700ce8a82eb1-4, groupId=Consumer-topic-0cc0129c_a323_4671_8dbc_700ce8a82eb1] (Re-)joining group
2025-07-31 20:43:31,124 INFO  [org.apa.kaf.cli.con.int.ConsumerCoordinator] (Thread-618) [Consumer clientId=consumer-Consumer-topic-0cc0129c_a323_4671_8dbc_700ce8a82eb1-4, groupId=Consumer-topic-0cc0129c_a323_4671_8dbc_700ce8a82eb1] Request joining group due to: need to re-join with the given member-id: consumer-Consumer-topic-0cc0129c_a323_4671_8dbc_700ce8a82eb1-4-dc3f12f7-69c0-4f8a-91cf-d93613a3de62
2025-07-31 20:43:31,124 INFO  [org.apa.kaf.cli.con.int.ConsumerCoordinator] (Thread-618) [Consumer clientId=consumer-Consumer-topic-0cc0129c_a323_4671_8dbc_700ce8a82eb1-4, groupId=Consumer-topic-0cc0129c_a323_4671_8dbc_700ce8a82eb1] (Re-)joining group
2025-07-31 20:43:31,127 INFO  [org.apa.kaf.cli.con.int.ConsumerCoordinator] (Thread-618) [Consumer clientId=consumer-Consumer-topic-0cc0129c_a323_4671_8dbc_700ce8a82eb1-4, groupId=Consumer-topic-0cc0129c_a323_4671_8dbc_700ce8a82eb1] Successfully joined group with generation Generation{generationId=1, memberId='consumer-Consumer-topic-0cc0129c_a323_4671_8dbc_700ce8a82eb1-4-dc3f12f7-69c0-4f8a-91cf-d93613a3de62', protocol='range'}
2025-07-31 20:43:31,128 INFO  [org.apa.kaf.cli.con.int.ConsumerCoordinator] (Thread-618) [Consumer clientId=consumer-Consumer-topic-0cc0129c_a323_4671_8dbc_700ce8a82eb1-4, groupId=Consumer-topic-0cc0129c_a323_4671_8dbc_700ce8a82eb1] Finished assignment for group at generation 1: {consumer-Consumer-topic-0cc0129c_a323_4671_8dbc_700ce8a82eb1-4-dc3f12f7-69c0-4f8a-91cf-d93613a3de62=Assignment(partitions=[topic-0cc0129c_a323_4671_8dbc_700ce8a82eb1-0])}
2025-07-31 20:43:31,133 INFO  [org.apa.kaf.cli.con.int.ConsumerCoordinator] (Thread-618) [Consumer clientId=consumer-Consumer-topic-0cc0129c_a323_4671_8dbc_700ce8a82eb1-4, groupId=Consumer-topic-0cc0129c_a323_4671_8dbc_700ce8a82eb1] Successfully synced group in generation Generation{generationId=1, memberId='consumer-Consumer-topic-0cc0129c_a323_4671_8dbc_700ce8a82eb1-4-dc3f12f7-69c0-4f8a-91cf-d93613a3de62', protocol='range'}
2025-07-31 20:43:31,134 INFO  [org.apa.kaf.cli.con.int.ConsumerCoordinator] (Thread-618) [Consumer clientId=consumer-Consumer-topic-0cc0129c_a323_4671_8dbc_700ce8a82eb1-4, groupId=Consumer-topic-0cc0129c_a323_4671_8dbc_700ce8a82eb1] Notifying assignor about the new Assignment(partitions=[topic-0cc0129c_a323_4671_8dbc_700ce8a82eb1-0])
2025-07-31 20:43:31,134 INFO  [org.apa.kaf.cli.con.int.ConsumerRebalanceListenerInvoker] (Thread-618) [Consumer clientId=consumer-Consumer-topic-0cc0129c_a323_4671_8dbc_700ce8a82eb1-4, groupId=Consumer-topic-0cc0129c_a323_4671_8dbc_700ce8a82eb1] Adding newly assigned partitions: topic-0cc0129c_a323_4671_8dbc_700ce8a82eb1-0
2025-07-31 20:43:31,135 INFO  [org.apa.kaf.cli.con.int.ConsumerCoordinator] (Thread-618) [Consumer clientId=consumer-Consumer-topic-0cc0129c_a323_4671_8dbc_700ce8a82eb1-4, groupId=Consumer-topic-0cc0129c_a323_4671_8dbc_700ce8a82eb1] Found no committed offset for partition topic-0cc0129c_a323_4671_8dbc_700ce8a82eb1-0
2025-07-31 20:43:31,137 INFO  [org.apa.kaf.cli.con.int.SubscriptionState] (Thread-618) [Consumer clientId=consumer-Consumer-topic-0cc0129c_a323_4671_8dbc_700ce8a82eb1-4, groupId=Consumer-topic-0cc0129c_a323_4671_8dbc_700ce8a82eb1] Resetting offset for partition topic-0cc0129c_a323_4671_8dbc_700ce8a82eb1-0 to position FetchPosition{offset=0, offsetEpoch=Optional.empty, currentLeader=LeaderAndEpoch{leader=Optional[localhost:32770 (id: 0 rack: null)], epoch=0}}.
2025-07-31 20:43:31,217 INFO  [io.api.tes.ser.api.KafkaSerdesTester] (Thread-618) topic-0cc0129c_a323_4671_8dbc_700ce8a82eb1 0 0 {"key11753994610734": "value-0"}
2025-07-31 20:43:31,217 INFO  [io.api.tes.ser.api.KafkaSerdesTester] (Thread-618) topic-0cc0129c_a323_4671_8dbc_700ce8a82eb1 0 1 {"key11753994610734": "value-1"}
2025-07-31 20:43:31,217 INFO  [io.api.tes.ser.api.KafkaSerdesTester] (Thread-618) topic-0cc0129c_a323_4671_8dbc_700ce8a82eb1 0 2 {"key11753994610734": "value-2"}
2025-07-31 20:43:31,217 INFO  [io.api.tes.ser.api.KafkaSerdesTester] (Thread-618) topic-0cc0129c_a323_4671_8dbc_700ce8a82eb1 0 3 {"key11753994610734": "value-3"}
2025-07-31 20:43:31,217 INFO  [io.api.tes.ser.api.KafkaSerdesTester] (Thread-618) topic-0cc0129c_a323_4671_8dbc_700ce8a82eb1 0 4 {"key11753994610734": "value-4"}
2025-07-31 20:43:31,218 INFO  [io.api.tes.ser.api.KafkaSerdesTester] (Thread-618) topic-0cc0129c_a323_4671_8dbc_700ce8a82eb1 0 5 {"key11753994610734": "value-5"}
2025-07-31 20:43:31,218 INFO  [io.api.tes.ser.api.KafkaSerdesTester] (Thread-618) topic-0cc0129c_a323_4671_8dbc_700ce8a82eb1 0 6 {"key11753994610734": "value-6"}
2025-07-31 20:43:31,218 INFO  [io.api.tes.ser.api.KafkaSerdesTester] (Thread-618) topic-0cc0129c_a323_4671_8dbc_700ce8a82eb1 0 7 {"key11753994610734": "value-7"}
2025-07-31 20:43:31,218 INFO  [io.api.tes.ser.api.KafkaSerdesTester] (Thread-618) topic-0cc0129c_a323_4671_8dbc_700ce8a82eb1 0 8 {"key11753994610734": "value-8"}
2025-07-31 20:43:31,218 INFO  [io.api.tes.ser.api.KafkaSerdesTester] (Thread-618) topic-0cc0129c_a323_4671_8dbc_700ce8a82eb1 0 9 {"key11753994610734": "value-9"}
2025-07-31 20:43:31,218 INFO  [io.api.tes.ser.api.KafkaSerdesTester] (Thread-618) Consumed 10 messages
2025-07-31 20:43:31,222 INFO  [org.apa.kaf.cli.con.int.ConsumerRebalanceListenerInvoker] (Thread-618) [Consumer clientId=consumer-Consumer-topic-0cc0129c_a323_4671_8dbc_700ce8a82eb1-4, groupId=Consumer-topic-0cc0129c_a323_4671_8dbc_700ce8a82eb1] Revoke previously assigned partitions topic-0cc0129c_a323_4671_8dbc_700ce8a82eb1-0
2025-07-31 20:43:31,222 INFO  [org.apa.kaf.cli.con.int.ConsumerCoordinator] (Thread-618) [Consumer clientId=consumer-Consumer-topic-0cc0129c_a323_4671_8dbc_700ce8a82eb1-4, groupId=Consumer-topic-0cc0129c_a323_4671_8dbc_700ce8a82eb1] Member consumer-Consumer-topic-0cc0129c_a323_4671_8dbc_700ce8a82eb1-4-dc3f12f7-69c0-4f8a-91cf-d93613a3de62 sending LeaveGroup request to coordinator localhost:32770 (id: 2147483647 rack: null) due to the consumer is being closed
2025-07-31 20:43:31,222 INFO  [org.apa.kaf.cli.con.int.ConsumerCoordinator] (Thread-618) [Consumer clientId=consumer-Consumer-topic-0cc0129c_a323_4671_8dbc_700ce8a82eb1-4, groupId=Consumer-topic-0cc0129c_a323_4671_8dbc_700ce8a82eb1] Resetting generation and member id due to: consumer pro-actively leaving the group
2025-07-31 20:43:31,222 INFO  [org.apa.kaf.cli.con.int.ConsumerCoordinator] (Thread-618) [Consumer clientId=consumer-Consumer-topic-0cc0129c_a323_4671_8dbc_700ce8a82eb1-4, groupId=Consumer-topic-0cc0129c_a323_4671_8dbc_700ce8a82eb1] Request joining group due to: consumer pro-actively leaving the group
2025-07-31 20:43:31,723 INFO  [org.apa.kaf.com.met.Metrics] (Thread-618) Metrics scheduler closed
2025-07-31 20:43:31,723 INFO  [org.apa.kaf.com.met.Metrics] (Thread-618) Closing reporter org.apache.kafka.common.metrics.JmxReporter
2025-07-31 20:43:31,723 INFO  [org.apa.kaf.com.met.Metrics] (Thread-618) Closing reporter org.apache.kafka.common.telemetry.internals.ClientTelemetryReporter
2025-07-31 20:43:31,723 INFO  [org.apa.kaf.com.met.Metrics] (Thread-618) Metrics reporters closed
2025-07-31 20:43:31,727 INFO  [org.apa.kaf.com.uti.AppInfoParser] (Thread-618) App info kafka.consumer for consumer-Consumer-topic-0cc0129c_a323_4671_8dbc_700ce8a82eb1-4 unregistered
2025-07-31 20:43:31,784 INFO  [io.api.tes.uti.TestSeparator] (main) io.apicurio.tests.serdes.apicurio.AvroSerdeIT.testTopicIdStrategyAutoRegister-FINISHED
2025-07-31 20:43:31,784 INFO  [io.api.tes.uti.TestSeparator] (main) ############################################################################
Test passed: testTopicIdStrategyAutoRegister
]]></system-out>
  </testcase>
  <testcase name="testRecordIdStrategydFindLatest" classname="io.apicurio.tests.serdes.apicurio.AvroSerdeIT" time="1.892">
    <system-out><![CDATA[2025-07-31 20:43:31,786 INFO  [io.api.tes.uti.TestSeparator] (main) ############################################################################
2025-07-31 20:43:31,786 INFO  [io.api.tes.uti.TestSeparator] (main) io.apicurio.tests.serdes.apicurio.AvroSerdeIT.testRecordIdStrategydFindLatest-STARTED
2025-07-31 20:43:31,787 INFO  [io.api.tes.ser.api.AvroSerdeIT] (main) Registering Avro Schema: {"type":"record","name":"s26c3288dx2be7x44f6xb58ex7d9da30ee9b1","namespace":"s6d8c8e8fx8b5dx4dedxadf7xfa665144058c","fields":[{"name":"key11753994611786","type":"string"}]}
**** Registry Base URL: http://registry-app-kafkasql.apps.ci419.apicurio-testing.org:80
2025-07-31 20:43:32,894 INFO  [org.apa.kaf.cli.pro.ProducerConfig] (main) ProducerConfig values: 
	acks = -1
	auto.include.jmx.reporter = true
	batch.size = 16384
	bootstrap.servers = [PLAINTEXT://localhost:32770]
	buffer.memory = 33554432
	client.dns.lookup = use_all_dns_ips
	client.id = Producer-topic-88c904e3_e9c2_49b7_bd19_2f785ba7f734
	compression.gzip.level = -1
	compression.lz4.level = 9
	compression.type = none
	compression.zstd.level = 3
	connections.max.idle.ms = 10000
	delivery.timeout.ms = 120000
	enable.idempotence = true
	enable.metrics.push = true
	interceptor.classes = []
	key.serializer = class org.apache.kafka.common.serialization.StringSerializer
	linger.ms = 0
	max.block.ms = 60000
	max.in.flight.requests.per.connection = 5
	max.request.size = 1048576
	metadata.max.age.ms = 300000
	metadata.max.idle.ms = 300000
	metadata.recovery.strategy = none
	metric.reporters = []
	metrics.num.samples = 2
	metrics.recording.level = INFO
	metrics.sample.window.ms = 30000
	partitioner.adaptive.partitioning.enable = true
	partitioner.availability.timeout.ms = 0
	partitioner.class = null
	partitioner.ignore.keys = false
	receive.buffer.bytes = 32768
	reconnect.backoff.max.ms = 1000
	reconnect.backoff.ms = 50
	request.timeout.ms = 5000
	retries = 2147483647
	retry.backoff.max.ms = 1000
	retry.backoff.ms = 100
	sasl.client.callback.handler.class = null
	sasl.jaas.config = null
	sasl.kerberos.kinit.cmd = /usr/bin/kinit
	sasl.kerberos.min.time.before.relogin = 60000
	sasl.kerberos.service.name = null
	sasl.kerberos.ticket.renew.jitter = 0.05
	sasl.kerberos.ticket.renew.window.factor = 0.8
	sasl.login.callback.handler.class = null
	sasl.login.class = null
	sasl.login.connect.timeout.ms = null
	sasl.login.read.timeout.ms = null
	sasl.login.refresh.buffer.seconds = 300
	sasl.login.refresh.min.period.seconds = 60
	sasl.login.refresh.window.factor = 0.8
	sasl.login.refresh.window.jitter = 0.05
	sasl.login.retry.backoff.max.ms = 10000
	sasl.login.retry.backoff.ms = 100
	sasl.mechanism = GSSAPI
	sasl.oauthbearer.clock.skew.seconds = 30
	sasl.oauthbearer.expected.audience = null
	sasl.oauthbearer.expected.issuer = null
	sasl.oauthbearer.header.urlencode = false
	sasl.oauthbearer.jwks.endpoint.refresh.ms = 3600000
	sasl.oauthbearer.jwks.endpoint.retry.backoff.max.ms = 10000
	sasl.oauthbearer.jwks.endpoint.retry.backoff.ms = 100
	sasl.oauthbearer.jwks.endpoint.url = null
	sasl.oauthbearer.scope.claim.name = scope
	sasl.oauthbearer.sub.claim.name = sub
	sasl.oauthbearer.token.endpoint.url = null
	security.protocol = PLAINTEXT
	security.providers = null
	send.buffer.bytes = 131072
	socket.connection.setup.timeout.max.ms = 30000
	socket.connection.setup.timeout.ms = 10000
	ssl.cipher.suites = null
	ssl.enabled.protocols = [TLSv1.2, TLSv1.3]
	ssl.endpoint.identification.algorithm = https
	ssl.engine.factory.class = null
	ssl.key.password = null
	ssl.keymanager.algorithm = SunX509
	ssl.keystore.certificate.chain = null
	ssl.keystore.key = null
	ssl.keystore.location = null
	ssl.keystore.password = null
	ssl.keystore.type = JKS
	ssl.protocol = TLSv1.3
	ssl.provider = null
	ssl.secure.random.implementation = null
	ssl.trustmanager.algorithm = PKIX
	ssl.truststore.certificates = null
	ssl.truststore.location = null
	ssl.truststore.password = null
	ssl.truststore.type = JKS
	transaction.timeout.ms = 60000
	transactional.id = null
	value.serializer = class io.apicurio.registry.serde.avro.AvroKafkaSerializer

2025-07-31 20:43:32,894 INFO  [org.apa.kaf.com.tel.int.KafkaMetricsCollector] (main) initializing Kafka metrics collector
2025-07-31 20:43:32,897 INFO  [org.apa.kaf.cli.pro.KafkaProducer] (main) [Producer clientId=Producer-topic-88c904e3_e9c2_49b7_bd19_2f785ba7f734] Instantiated an idempotent producer.
2025-07-31 20:43:32,900 INFO  [org.apa.kaf.cli.pro.ProducerConfig] (main) These configurations '[apicurio.registry.find-latest, apicurio.registry.url, apicurio.registry.artifact-resolver-strategy]' were supplied but are not used yet.
2025-07-31 20:43:32,900 INFO  [org.apa.kaf.com.uti.AppInfoParser] (main) Kafka version: 3.9.1
2025-07-31 20:43:32,900 INFO  [org.apa.kaf.com.uti.AppInfoParser] (main) Kafka commitId: f745dfdcee2b9851
2025-07-31 20:43:32,900 INFO  [org.apa.kaf.com.uti.AppInfoParser] (main) Kafka startTimeMs: 1753994612900
2025-07-31 20:43:32,900 INFO  [io.api.tes.ser.api.SimpleSerdesTesterBuilder$SimpleSerdesTester] (main) Using producer configuration: {apicurio.registry.find-latest=true, apicurio.registry.url=http://registry-app-kafkasql.apps.ci419.apicurio-testing.org:80/apis/registry/v3, apicurio.registry.artifact-resolver-strategy=io.apicurio.registry.serde.avro.strategy.RecordIdStrategy, value.serializer=io.apicurio.registry.serde.avro.AvroKafkaSerializer, request.timeout.ms=5000, acks=all, bootstrap.servers=PLAINTEXT://localhost:32770, connections.max.idle.ms=10000, key.serializer=org.apache.kafka.common.serialization.StringSerializer, client.id=Producer-topic-88c904e3_e9c2_49b7_bd19_2f785ba7f734}
2025-07-31 20:43:32,901 INFO  [io.api.tes.ser.api.SimpleSerdesTesterBuilder$SimpleSerdesTester] (main) Using consumer configuration: {}
2025-07-31 20:43:32,902 INFO  [io.api.tes.ser.api.KafkaSerdesTester] (Thread-621) Sending message {"key11753994611786": "value-0"} to topic topic-88c904e3_e9c2_49b7_bd19_2f785ba7f734
2025-07-31 20:43:32,911 INFO  [org.apa.kaf.cli.Metadata] (kafka-producer-network-thread | Producer-topic-88c904e3_e9c2_49b7_bd19_2f785ba7f734) [Producer clientId=Producer-topic-88c904e3_e9c2_49b7_bd19_2f785ba7f734] Cluster ID: cdvAFU1gQSCWwJ-LEPQTSg
2025-07-31 20:43:32,915 INFO  [org.apa.kaf.cli.pro.int.TransactionManager] (kafka-producer-network-thread | Producer-topic-88c904e3_e9c2_49b7_bd19_2f785ba7f734) [Producer clientId=Producer-topic-88c904e3_e9c2_49b7_bd19_2f785ba7f734] ProducerId set to 5 with epoch 0
2025-07-31 20:43:33,025 INFO  [io.api.tes.ser.api.KafkaSerdesTester] (Thread-621) Sending message {"key11753994611786": "value-1"} to topic topic-88c904e3_e9c2_49b7_bd19_2f785ba7f734
2025-07-31 20:43:33,028 INFO  [io.api.tes.ser.api.KafkaSerdesTester] (Thread-621) Sending message {"key11753994611786": "value-2"} to topic topic-88c904e3_e9c2_49b7_bd19_2f785ba7f734
2025-07-31 20:43:33,030 INFO  [io.api.tes.ser.api.KafkaSerdesTester] (Thread-621) Sending message {"key11753994611786": "value-3"} to topic topic-88c904e3_e9c2_49b7_bd19_2f785ba7f734
2025-07-31 20:43:33,032 INFO  [io.api.tes.ser.api.KafkaSerdesTester] (Thread-621) Sending message {"key11753994611786": "value-4"} to topic topic-88c904e3_e9c2_49b7_bd19_2f785ba7f734
2025-07-31 20:43:33,034 INFO  [io.api.tes.ser.api.KafkaSerdesTester] (Thread-621) Sending message {"key11753994611786": "value-5"} to topic topic-88c904e3_e9c2_49b7_bd19_2f785ba7f734
2025-07-31 20:43:33,036 INFO  [io.api.tes.ser.api.KafkaSerdesTester] (Thread-621) Sending message {"key11753994611786": "value-6"} to topic topic-88c904e3_e9c2_49b7_bd19_2f785ba7f734
2025-07-31 20:43:33,038 INFO  [io.api.tes.ser.api.KafkaSerdesTester] (Thread-621) Sending message {"key11753994611786": "value-7"} to topic topic-88c904e3_e9c2_49b7_bd19_2f785ba7f734
2025-07-31 20:43:33,040 INFO  [io.api.tes.ser.api.KafkaSerdesTester] (Thread-621) Sending message {"key11753994611786": "value-8"} to topic topic-88c904e3_e9c2_49b7_bd19_2f785ba7f734
2025-07-31 20:43:33,044 INFO  [io.api.tes.ser.api.KafkaSerdesTester] (Thread-621) Sending message {"key11753994611786": "value-9"} to topic topic-88c904e3_e9c2_49b7_bd19_2f785ba7f734
2025-07-31 20:43:33,048 INFO  [io.api.tes.ser.api.KafkaSerdesTester] (Thread-621) Produced 10 messages
2025-07-31 20:43:33,048 INFO  [org.apa.kaf.cli.pro.KafkaProducer] (Thread-621) [Producer clientId=Producer-topic-88c904e3_e9c2_49b7_bd19_2f785ba7f734] Closing the Kafka producer with timeoutMillis = 9223372036854775807 ms.
2025-07-31 20:43:33,053 INFO  [org.apa.kaf.com.met.Metrics] (Thread-621) Metrics scheduler closed
2025-07-31 20:43:33,053 INFO  [org.apa.kaf.com.met.Metrics] (Thread-621) Closing reporter org.apache.kafka.common.metrics.JmxReporter
2025-07-31 20:43:33,053 INFO  [org.apa.kaf.com.met.Metrics] (Thread-621) Closing reporter org.apache.kafka.common.telemetry.internals.ClientTelemetryReporter
2025-07-31 20:43:33,053 INFO  [org.apa.kaf.com.met.Metrics] (Thread-621) Metrics reporters closed
2025-07-31 20:43:33,053 INFO  [org.apa.kaf.com.uti.AppInfoParser] (Thread-621) App info kafka.producer for Producer-topic-88c904e3_e9c2_49b7_bd19_2f785ba7f734 unregistered
**** Registry Base URL: http://registry-app-kafkasql.apps.ci419.apicurio-testing.org:80
2025-07-31 20:43:33,054 INFO  [org.apa.kaf.cli.con.ConsumerConfig] (main) ConsumerConfig values: 
	allow.auto.create.topics = true
	auto.commit.interval.ms = 500
	auto.include.jmx.reporter = true
	auto.offset.reset = earliest
	bootstrap.servers = [PLAINTEXT://localhost:32770]
	check.crcs = true
	client.dns.lookup = use_all_dns_ips
	client.id = consumer-Consumer-topic-88c904e3_e9c2_49b7_bd19_2f785ba7f734-5
	client.rack = 
	connections.max.idle.ms = 10000
	default.api.timeout.ms = 60000
	enable.auto.commit = true
	enable.metrics.push = true
	exclude.internal.topics = true
	fetch.max.bytes = 52428800
	fetch.max.wait.ms = 500
	fetch.min.bytes = 1
	group.id = Consumer-topic-88c904e3_e9c2_49b7_bd19_2f785ba7f734
	group.instance.id = null
	group.protocol = classic
	group.remote.assignor = null
	heartbeat.interval.ms = 3000
	interceptor.classes = []
	internal.leave.group.on.close = true
	internal.throw.on.fetch.stable.offset.unsupported = false
	isolation.level = read_uncommitted
	key.deserializer = class org.apache.kafka.common.serialization.StringDeserializer
	max.partition.fetch.bytes = 1048576
	max.poll.interval.ms = 300000
	max.poll.records = 500
	metadata.max.age.ms = 300000
	metadata.recovery.strategy = none
	metric.reporters = []
	metrics.num.samples = 2
	metrics.recording.level = INFO
	metrics.sample.window.ms = 30000
	partition.assignment.strategy = [class org.apache.kafka.clients.consumer.RangeAssignor, class org.apache.kafka.clients.consumer.CooperativeStickyAssignor]
	receive.buffer.bytes = 65536
	reconnect.backoff.max.ms = 1000
	reconnect.backoff.ms = 50
	request.timeout.ms = 5000
	retry.backoff.max.ms = 1000
	retry.backoff.ms = 100
	sasl.client.callback.handler.class = null
	sasl.jaas.config = null
	sasl.kerberos.kinit.cmd = /usr/bin/kinit
	sasl.kerberos.min.time.before.relogin = 60000
	sasl.kerberos.service.name = null
	sasl.kerberos.ticket.renew.jitter = 0.05
	sasl.kerberos.ticket.renew.window.factor = 0.8
	sasl.login.callback.handler.class = null
	sasl.login.class = null
	sasl.login.connect.timeout.ms = null
	sasl.login.read.timeout.ms = null
	sasl.login.refresh.buffer.seconds = 300
	sasl.login.refresh.min.period.seconds = 60
	sasl.login.refresh.window.factor = 0.8
	sasl.login.refresh.window.jitter = 0.05
	sasl.login.retry.backoff.max.ms = 10000
	sasl.login.retry.backoff.ms = 100
	sasl.mechanism = GSSAPI
	sasl.oauthbearer.clock.skew.seconds = 30
	sasl.oauthbearer.expected.audience = null
	sasl.oauthbearer.expected.issuer = null
	sasl.oauthbearer.header.urlencode = false
	sasl.oauthbearer.jwks.endpoint.refresh.ms = 3600000
	sasl.oauthbearer.jwks.endpoint.retry.backoff.max.ms = 10000
	sasl.oauthbearer.jwks.endpoint.retry.backoff.ms = 100
	sasl.oauthbearer.jwks.endpoint.url = null
	sasl.oauthbearer.scope.claim.name = scope
	sasl.oauthbearer.sub.claim.name = sub
	sasl.oauthbearer.token.endpoint.url = null
	security.protocol = PLAINTEXT
	security.providers = null
	send.buffer.bytes = 131072
	session.timeout.ms = 45000
	socket.connection.setup.timeout.max.ms = 30000
	socket.connection.setup.timeout.ms = 10000
	ssl.cipher.suites = null
	ssl.enabled.protocols = [TLSv1.2, TLSv1.3]
	ssl.endpoint.identification.algorithm = https
	ssl.engine.factory.class = null
	ssl.key.password = null
	ssl.keymanager.algorithm = SunX509
	ssl.keystore.certificate.chain = null
	ssl.keystore.key = null
	ssl.keystore.location = null
	ssl.keystore.password = null
	ssl.keystore.type = JKS
	ssl.protocol = TLSv1.3
	ssl.provider = null
	ssl.secure.random.implementation = null
	ssl.trustmanager.algorithm = PKIX
	ssl.truststore.certificates = null
	ssl.truststore.location = null
	ssl.truststore.password = null
	ssl.truststore.type = JKS
	value.deserializer = class io.apicurio.registry.serde.avro.AvroKafkaDeserializer

2025-07-31 20:43:33,054 INFO  [org.apa.kaf.com.tel.int.KafkaMetricsCollector] (main) initializing Kafka metrics collector
2025-07-31 20:43:33,063 INFO  [org.apa.kaf.cli.con.ConsumerConfig] (main) These configurations '[apicurio.registry.url]' were supplied but are not used yet.
2025-07-31 20:43:33,063 INFO  [org.apa.kaf.com.uti.AppInfoParser] (main) Kafka version: 3.9.1
2025-07-31 20:43:33,063 INFO  [org.apa.kaf.com.uti.AppInfoParser] (main) Kafka commitId: f745dfdcee2b9851
2025-07-31 20:43:33,063 INFO  [org.apa.kaf.com.uti.AppInfoParser] (main) Kafka startTimeMs: 1753994613063
2025-07-31 20:43:33,063 INFO  [org.apa.kaf.cli.con.int.ClassicKafkaConsumer] (Thread-624) [Consumer clientId=consumer-Consumer-topic-88c904e3_e9c2_49b7_bd19_2f785ba7f734-5, groupId=Consumer-topic-88c904e3_e9c2_49b7_bd19_2f785ba7f734] Subscribed to topic(s): topic-88c904e3_e9c2_49b7_bd19_2f785ba7f734
2025-07-31 20:43:33,070 INFO  [org.apa.kaf.cli.Metadata] (Thread-624) [Consumer clientId=consumer-Consumer-topic-88c904e3_e9c2_49b7_bd19_2f785ba7f734-5, groupId=Consumer-topic-88c904e3_e9c2_49b7_bd19_2f785ba7f734] Cluster ID: cdvAFU1gQSCWwJ-LEPQTSg
2025-07-31 20:43:33,070 INFO  [org.apa.kaf.cli.con.int.ConsumerCoordinator] (Thread-624) [Consumer clientId=consumer-Consumer-topic-88c904e3_e9c2_49b7_bd19_2f785ba7f734-5, groupId=Consumer-topic-88c904e3_e9c2_49b7_bd19_2f785ba7f734] Discovered group coordinator localhost:32770 (id: 2147483647 rack: null)
2025-07-31 20:43:33,072 INFO  [org.apa.kaf.cli.con.int.ConsumerCoordinator] (Thread-624) [Consumer clientId=consumer-Consumer-topic-88c904e3_e9c2_49b7_bd19_2f785ba7f734-5, groupId=Consumer-topic-88c904e3_e9c2_49b7_bd19_2f785ba7f734] (Re-)joining group
2025-07-31 20:43:33,076 INFO  [org.apa.kaf.cli.con.int.ConsumerCoordinator] (Thread-624) [Consumer clientId=consumer-Consumer-topic-88c904e3_e9c2_49b7_bd19_2f785ba7f734-5, groupId=Consumer-topic-88c904e3_e9c2_49b7_bd19_2f785ba7f734] Request joining group due to: need to re-join with the given member-id: consumer-Consumer-topic-88c904e3_e9c2_49b7_bd19_2f785ba7f734-5-63429bdf-c4fb-4b5b-98bd-78ae61e7f6ba
2025-07-31 20:43:33,076 INFO  [org.apa.kaf.cli.con.int.ConsumerCoordinator] (Thread-624) [Consumer clientId=consumer-Consumer-topic-88c904e3_e9c2_49b7_bd19_2f785ba7f734-5, groupId=Consumer-topic-88c904e3_e9c2_49b7_bd19_2f785ba7f734] (Re-)joining group
2025-07-31 20:43:33,079 INFO  [org.apa.kaf.cli.con.int.ConsumerCoordinator] (Thread-624) [Consumer clientId=consumer-Consumer-topic-88c904e3_e9c2_49b7_bd19_2f785ba7f734-5, groupId=Consumer-topic-88c904e3_e9c2_49b7_bd19_2f785ba7f734] Successfully joined group with generation Generation{generationId=1, memberId='consumer-Consumer-topic-88c904e3_e9c2_49b7_bd19_2f785ba7f734-5-63429bdf-c4fb-4b5b-98bd-78ae61e7f6ba', protocol='range'}
2025-07-31 20:43:33,079 INFO  [org.apa.kaf.cli.con.int.ConsumerCoordinator] (Thread-624) [Consumer clientId=consumer-Consumer-topic-88c904e3_e9c2_49b7_bd19_2f785ba7f734-5, groupId=Consumer-topic-88c904e3_e9c2_49b7_bd19_2f785ba7f734] Finished assignment for group at generation 1: {consumer-Consumer-topic-88c904e3_e9c2_49b7_bd19_2f785ba7f734-5-63429bdf-c4fb-4b5b-98bd-78ae61e7f6ba=Assignment(partitions=[topic-88c904e3_e9c2_49b7_bd19_2f785ba7f734-0])}
2025-07-31 20:43:33,082 INFO  [org.apa.kaf.cli.con.int.ConsumerCoordinator] (Thread-624) [Consumer clientId=consumer-Consumer-topic-88c904e3_e9c2_49b7_bd19_2f785ba7f734-5, groupId=Consumer-topic-88c904e3_e9c2_49b7_bd19_2f785ba7f734] Successfully synced group in generation Generation{generationId=1, memberId='consumer-Consumer-topic-88c904e3_e9c2_49b7_bd19_2f785ba7f734-5-63429bdf-c4fb-4b5b-98bd-78ae61e7f6ba', protocol='range'}
2025-07-31 20:43:33,082 INFO  [org.apa.kaf.cli.con.int.ConsumerCoordinator] (Thread-624) [Consumer clientId=consumer-Consumer-topic-88c904e3_e9c2_49b7_bd19_2f785ba7f734-5, groupId=Consumer-topic-88c904e3_e9c2_49b7_bd19_2f785ba7f734] Notifying assignor about the new Assignment(partitions=[topic-88c904e3_e9c2_49b7_bd19_2f785ba7f734-0])
2025-07-31 20:43:33,082 INFO  [org.apa.kaf.cli.con.int.ConsumerRebalanceListenerInvoker] (Thread-624) [Consumer clientId=consumer-Consumer-topic-88c904e3_e9c2_49b7_bd19_2f785ba7f734-5, groupId=Consumer-topic-88c904e3_e9c2_49b7_bd19_2f785ba7f734] Adding newly assigned partitions: topic-88c904e3_e9c2_49b7_bd19_2f785ba7f734-0
2025-07-31 20:43:33,083 INFO  [org.apa.kaf.cli.con.int.ConsumerCoordinator] (Thread-624) [Consumer clientId=consumer-Consumer-topic-88c904e3_e9c2_49b7_bd19_2f785ba7f734-5, groupId=Consumer-topic-88c904e3_e9c2_49b7_bd19_2f785ba7f734] Found no committed offset for partition topic-88c904e3_e9c2_49b7_bd19_2f785ba7f734-0
2025-07-31 20:43:33,087 INFO  [org.apa.kaf.cli.con.int.SubscriptionState] (Thread-624) [Consumer clientId=consumer-Consumer-topic-88c904e3_e9c2_49b7_bd19_2f785ba7f734-5, groupId=Consumer-topic-88c904e3_e9c2_49b7_bd19_2f785ba7f734] Resetting offset for partition topic-88c904e3_e9c2_49b7_bd19_2f785ba7f734-0 to position FetchPosition{offset=0, offsetEpoch=Optional.empty, currentLeader=LeaderAndEpoch{leader=Optional[localhost:32770 (id: 0 rack: null)], epoch=0}}.
2025-07-31 20:43:33,166 INFO  [io.api.tes.ser.api.KafkaSerdesTester] (Thread-624) topic-88c904e3_e9c2_49b7_bd19_2f785ba7f734 0 0 {"key11753994611786": "value-0"}
2025-07-31 20:43:33,167 INFO  [io.api.tes.ser.api.KafkaSerdesTester] (Thread-624) topic-88c904e3_e9c2_49b7_bd19_2f785ba7f734 0 1 {"key11753994611786": "value-1"}
2025-07-31 20:43:33,167 INFO  [io.api.tes.ser.api.KafkaSerdesTester] (Thread-624) topic-88c904e3_e9c2_49b7_bd19_2f785ba7f734 0 2 {"key11753994611786": "value-2"}
2025-07-31 20:43:33,167 INFO  [io.api.tes.ser.api.KafkaSerdesTester] (Thread-624) topic-88c904e3_e9c2_49b7_bd19_2f785ba7f734 0 3 {"key11753994611786": "value-3"}
2025-07-31 20:43:33,167 INFO  [io.api.tes.ser.api.KafkaSerdesTester] (Thread-624) topic-88c904e3_e9c2_49b7_bd19_2f785ba7f734 0 4 {"key11753994611786": "value-4"}
2025-07-31 20:43:33,167 INFO  [io.api.tes.ser.api.KafkaSerdesTester] (Thread-624) topic-88c904e3_e9c2_49b7_bd19_2f785ba7f734 0 5 {"key11753994611786": "value-5"}
2025-07-31 20:43:33,167 INFO  [io.api.tes.ser.api.KafkaSerdesTester] (Thread-624) topic-88c904e3_e9c2_49b7_bd19_2f785ba7f734 0 6 {"key11753994611786": "value-6"}
2025-07-31 20:43:33,167 INFO  [io.api.tes.ser.api.KafkaSerdesTester] (Thread-624) topic-88c904e3_e9c2_49b7_bd19_2f785ba7f734 0 7 {"key11753994611786": "value-7"}
2025-07-31 20:43:33,167 INFO  [io.api.tes.ser.api.KafkaSerdesTester] (Thread-624) topic-88c904e3_e9c2_49b7_bd19_2f785ba7f734 0 8 {"key11753994611786": "value-8"}
2025-07-31 20:43:33,167 INFO  [io.api.tes.ser.api.KafkaSerdesTester] (Thread-624) topic-88c904e3_e9c2_49b7_bd19_2f785ba7f734 0 9 {"key11753994611786": "value-9"}
2025-07-31 20:43:33,167 INFO  [io.api.tes.ser.api.KafkaSerdesTester] (Thread-624) Consumed 10 messages
2025-07-31 20:43:33,170 INFO  [org.apa.kaf.cli.con.int.ConsumerRebalanceListenerInvoker] (Thread-624) [Consumer clientId=consumer-Consumer-topic-88c904e3_e9c2_49b7_bd19_2f785ba7f734-5, groupId=Consumer-topic-88c904e3_e9c2_49b7_bd19_2f785ba7f734] Revoke previously assigned partitions topic-88c904e3_e9c2_49b7_bd19_2f785ba7f734-0
2025-07-31 20:43:33,170 INFO  [org.apa.kaf.cli.con.int.ConsumerCoordinator] (Thread-624) [Consumer clientId=consumer-Consumer-topic-88c904e3_e9c2_49b7_bd19_2f785ba7f734-5, groupId=Consumer-topic-88c904e3_e9c2_49b7_bd19_2f785ba7f734] Member consumer-Consumer-topic-88c904e3_e9c2_49b7_bd19_2f785ba7f734-5-63429bdf-c4fb-4b5b-98bd-78ae61e7f6ba sending LeaveGroup request to coordinator localhost:32770 (id: 2147483647 rack: null) due to the consumer is being closed
2025-07-31 20:43:33,171 INFO  [org.apa.kaf.cli.con.int.ConsumerCoordinator] (Thread-624) [Consumer clientId=consumer-Consumer-topic-88c904e3_e9c2_49b7_bd19_2f785ba7f734-5, groupId=Consumer-topic-88c904e3_e9c2_49b7_bd19_2f785ba7f734] Resetting generation and member id due to: consumer pro-actively leaving the group
2025-07-31 20:43:33,171 INFO  [org.apa.kaf.cli.con.int.ConsumerCoordinator] (Thread-624) [Consumer clientId=consumer-Consumer-topic-88c904e3_e9c2_49b7_bd19_2f785ba7f734-5, groupId=Consumer-topic-88c904e3_e9c2_49b7_bd19_2f785ba7f734] Request joining group due to: consumer pro-actively leaving the group
2025-07-31 20:43:33,669 INFO  [org.apa.kaf.com.met.Metrics] (Thread-624) Metrics scheduler closed
2025-07-31 20:43:33,669 INFO  [org.apa.kaf.com.met.Metrics] (Thread-624) Closing reporter org.apache.kafka.common.metrics.JmxReporter
2025-07-31 20:43:33,669 INFO  [org.apa.kaf.com.met.Metrics] (Thread-624) Closing reporter org.apache.kafka.common.telemetry.internals.ClientTelemetryReporter
2025-07-31 20:43:33,669 INFO  [org.apa.kaf.com.met.Metrics] (Thread-624) Metrics reporters closed
2025-07-31 20:43:33,676 INFO  [org.apa.kaf.com.uti.AppInfoParser] (Thread-624) App info kafka.consumer for consumer-Consumer-topic-88c904e3_e9c2_49b7_bd19_2f785ba7f734-5 unregistered
2025-07-31 20:43:33,677 INFO  [io.api.tes.uti.TestSeparator] (main) io.apicurio.tests.serdes.apicurio.AvroSerdeIT.testRecordIdStrategydFindLatest-FINISHED
2025-07-31 20:43:33,677 INFO  [io.api.tes.uti.TestSeparator] (main) ############################################################################
Test passed: testRecordIdStrategydFindLatest
]]></system-out>
  </testcase>
  <testcase name="testReflectAutoRegister" classname="io.apicurio.tests.serdes.apicurio.AvroSerdeIT" time="1.02">
    <system-out><![CDATA[2025-07-31 20:43:33,681 INFO  [io.api.tes.uti.TestSeparator] (main) ############################################################################
2025-07-31 20:43:33,682 INFO  [io.api.tes.uti.TestSeparator] (main) io.apicurio.tests.serdes.apicurio.AvroSerdeIT.testReflectAutoRegister-STARTED
**** Registry Base URL: http://registry-app-kafkasql.apps.ci419.apicurio-testing.org:80
2025-07-31 20:43:33,686 INFO  [org.apa.kaf.cli.pro.ProducerConfig] (main) ProducerConfig values: 
	acks = -1
	auto.include.jmx.reporter = true
	batch.size = 16384
	bootstrap.servers = [PLAINTEXT://localhost:32770]
	buffer.memory = 33554432
	client.dns.lookup = use_all_dns_ips
	client.id = Producer-topic-fce59b7d_70f6_4c63_975b_a03d0c1518ea
	compression.gzip.level = -1
	compression.lz4.level = 9
	compression.type = none
	compression.zstd.level = 3
	connections.max.idle.ms = 10000
	delivery.timeout.ms = 120000
	enable.idempotence = true
	enable.metrics.push = true
	interceptor.classes = []
	key.serializer = class org.apache.kafka.common.serialization.StringSerializer
	linger.ms = 0
	max.block.ms = 60000
	max.in.flight.requests.per.connection = 5
	max.request.size = 1048576
	metadata.max.age.ms = 300000
	metadata.max.idle.ms = 300000
	metadata.recovery.strategy = none
	metric.reporters = []
	metrics.num.samples = 2
	metrics.recording.level = INFO
	metrics.sample.window.ms = 30000
	partitioner.adaptive.partitioning.enable = true
	partitioner.availability.timeout.ms = 0
	partitioner.class = null
	partitioner.ignore.keys = false
	receive.buffer.bytes = 32768
	reconnect.backoff.max.ms = 1000
	reconnect.backoff.ms = 50
	request.timeout.ms = 5000
	retries = 2147483647
	retry.backoff.max.ms = 1000
	retry.backoff.ms = 100
	sasl.client.callback.handler.class = null
	sasl.jaas.config = null
	sasl.kerberos.kinit.cmd = /usr/bin/kinit
	sasl.kerberos.min.time.before.relogin = 60000
	sasl.kerberos.service.name = null
	sasl.kerberos.ticket.renew.jitter = 0.05
	sasl.kerberos.ticket.renew.window.factor = 0.8
	sasl.login.callback.handler.class = null
	sasl.login.class = null
	sasl.login.connect.timeout.ms = null
	sasl.login.read.timeout.ms = null
	sasl.login.refresh.buffer.seconds = 300
	sasl.login.refresh.min.period.seconds = 60
	sasl.login.refresh.window.factor = 0.8
	sasl.login.refresh.window.jitter = 0.05
	sasl.login.retry.backoff.max.ms = 10000
	sasl.login.retry.backoff.ms = 100
	sasl.mechanism = GSSAPI
	sasl.oauthbearer.clock.skew.seconds = 30
	sasl.oauthbearer.expected.audience = null
	sasl.oauthbearer.expected.issuer = null
	sasl.oauthbearer.header.urlencode = false
	sasl.oauthbearer.jwks.endpoint.refresh.ms = 3600000
	sasl.oauthbearer.jwks.endpoint.retry.backoff.max.ms = 10000
	sasl.oauthbearer.jwks.endpoint.retry.backoff.ms = 100
	sasl.oauthbearer.jwks.endpoint.url = null
	sasl.oauthbearer.scope.claim.name = scope
	sasl.oauthbearer.sub.claim.name = sub
	sasl.oauthbearer.token.endpoint.url = null
	security.protocol = PLAINTEXT
	security.providers = null
	send.buffer.bytes = 131072
	socket.connection.setup.timeout.max.ms = 30000
	socket.connection.setup.timeout.ms = 10000
	ssl.cipher.suites = null
	ssl.enabled.protocols = [TLSv1.2, TLSv1.3]
	ssl.endpoint.identification.algorithm = https
	ssl.engine.factory.class = null
	ssl.key.password = null
	ssl.keymanager.algorithm = SunX509
	ssl.keystore.certificate.chain = null
	ssl.keystore.key = null
	ssl.keystore.location = null
	ssl.keystore.password = null
	ssl.keystore.type = JKS
	ssl.protocol = TLSv1.3
	ssl.provider = null
	ssl.secure.random.implementation = null
	ssl.trustmanager.algorithm = PKIX
	ssl.truststore.certificates = null
	ssl.truststore.location = null
	ssl.truststore.password = null
	ssl.truststore.type = JKS
	transaction.timeout.ms = 60000
	transactional.id = null
	value.serializer = class io.apicurio.registry.serde.avro.AvroKafkaSerializer

2025-07-31 20:43:33,687 INFO  [org.apa.kaf.com.tel.int.KafkaMetricsCollector] (main) initializing Kafka metrics collector
2025-07-31 20:43:33,707 INFO  [org.apa.kaf.cli.pro.KafkaProducer] (main) [Producer clientId=Producer-topic-fce59b7d_70f6_4c63_975b_a03d0c1518ea] Instantiated an idempotent producer.
2025-07-31 20:43:33,718 INFO  [org.apa.kaf.cli.pro.ProducerConfig] (main) These configurations '[apicurio.registry.url, apicurio.registry.auto-register, apicurio.registry.artifact-resolver-strategy, apicurio.registry.avro-datum-provider]' were supplied but are not used yet.
2025-07-31 20:43:33,720 INFO  [org.apa.kaf.com.uti.AppInfoParser] (main) Kafka version: 3.9.1
2025-07-31 20:43:33,720 INFO  [org.apa.kaf.com.uti.AppInfoParser] (main) Kafka commitId: f745dfdcee2b9851
2025-07-31 20:43:33,720 INFO  [org.apa.kaf.com.uti.AppInfoParser] (main) Kafka startTimeMs: 1753994613718
2025-07-31 20:43:33,722 INFO  [io.api.tes.ser.api.SimpleSerdesTesterBuilder$SimpleSerdesTester] (main) Using producer configuration: {apicurio.registry.url=http://registry-app-kafkasql.apps.ci419.apicurio-testing.org:80/apis/registry/v3, apicurio.registry.auto-register=true, apicurio.registry.artifact-resolver-strategy=io.apicurio.registry.serde.strategy.TopicIdStrategy, value.serializer=io.apicurio.registry.serde.avro.AvroKafkaSerializer, request.timeout.ms=5000, acks=all, bootstrap.servers=PLAINTEXT://localhost:32770, connections.max.idle.ms=10000, key.serializer=org.apache.kafka.common.serialization.StringSerializer, apicurio.registry.avro-datum-provider=io.apicurio.registry.serde.avro.ReflectAvroDatumProvider, client.id=Producer-topic-fce59b7d_70f6_4c63_975b_a03d0c1518ea}
2025-07-31 20:43:33,722 INFO  [io.api.tes.ser.api.SimpleSerdesTesterBuilder$SimpleSerdesTester] (main) Using consumer configuration: {apicurio.registry.avro-datum-provider=io.apicurio.registry.serde.avro.ReflectAvroDatumProvider}
2025-07-31 20:43:33,724 INFO  [io.api.tes.ser.api.KafkaSerdesTester] (Thread-627) Sending message io.apicurio.tests.common.serdes.TestObject@3dbd29cb to topic topic-fce59b7d_70f6_4c63_975b_a03d0c1518ea
2025-07-31 20:43:33,745 WARN  [org.apa.kaf.cli.NetworkClient] (kafka-producer-network-thread | Producer-topic-fce59b7d_70f6_4c63_975b_a03d0c1518ea) [Producer clientId=Producer-topic-fce59b7d_70f6_4c63_975b_a03d0c1518ea] The metadata response from the cluster reported a recoverable issue with correlation id 2 : {topic-fce59b7d_70f6_4c63_975b_a03d0c1518ea=LEADER_NOT_AVAILABLE}
2025-07-31 20:43:33,746 INFO  [org.apa.kaf.cli.Metadata] (kafka-producer-network-thread | Producer-topic-fce59b7d_70f6_4c63_975b_a03d0c1518ea) [Producer clientId=Producer-topic-fce59b7d_70f6_4c63_975b_a03d0c1518ea] Cluster ID: cdvAFU1gQSCWwJ-LEPQTSg
2025-07-31 20:43:33,749 INFO  [org.apa.kaf.cli.pro.int.TransactionManager] (kafka-producer-network-thread | Producer-topic-fce59b7d_70f6_4c63_975b_a03d0c1518ea) [Producer clientId=Producer-topic-fce59b7d_70f6_4c63_975b_a03d0c1518ea] ProducerId set to 6 with epoch 0
2025-07-31 20:43:33,963 INFO  [io.api.tes.ser.api.KafkaSerdesTester] (Thread-627) Sending message io.apicurio.tests.common.serdes.TestObject@3dbd29cb to topic topic-fce59b7d_70f6_4c63_975b_a03d0c1518ea
2025-07-31 20:43:33,967 INFO  [io.api.tes.ser.api.KafkaSerdesTester] (Thread-627) Sending message io.apicurio.tests.common.serdes.TestObject@3dbd29cb to topic topic-fce59b7d_70f6_4c63_975b_a03d0c1518ea
2025-07-31 20:43:33,969 INFO  [io.api.tes.ser.api.KafkaSerdesTester] (Thread-627) Sending message io.apicurio.tests.common.serdes.TestObject@3dbd29cb to topic topic-fce59b7d_70f6_4c63_975b_a03d0c1518ea
2025-07-31 20:43:33,974 INFO  [io.api.tes.ser.api.KafkaSerdesTester] (Thread-627) Sending message io.apicurio.tests.common.serdes.TestObject@3dbd29cb to topic topic-fce59b7d_70f6_4c63_975b_a03d0c1518ea
2025-07-31 20:43:33,976 INFO  [io.api.tes.ser.api.KafkaSerdesTester] (Thread-627) Sending message io.apicurio.tests.common.serdes.TestObject@3dbd29cb to topic topic-fce59b7d_70f6_4c63_975b_a03d0c1518ea
2025-07-31 20:43:33,978 INFO  [io.api.tes.ser.api.KafkaSerdesTester] (Thread-627) Sending message io.apicurio.tests.common.serdes.TestObject@3dbd29cb to topic topic-fce59b7d_70f6_4c63_975b_a03d0c1518ea
2025-07-31 20:43:33,984 INFO  [io.api.tes.ser.api.KafkaSerdesTester] (Thread-627) Sending message io.apicurio.tests.common.serdes.TestObject@3dbd29cb to topic topic-fce59b7d_70f6_4c63_975b_a03d0c1518ea
2025-07-31 20:43:33,988 INFO  [io.api.tes.ser.api.KafkaSerdesTester] (Thread-627) Sending message io.apicurio.tests.common.serdes.TestObject@3dbd29cb to topic topic-fce59b7d_70f6_4c63_975b_a03d0c1518ea
2025-07-31 20:43:33,990 INFO  [io.api.tes.ser.api.KafkaSerdesTester] (Thread-627) Sending message io.apicurio.tests.common.serdes.TestObject@3dbd29cb to topic topic-fce59b7d_70f6_4c63_975b_a03d0c1518ea
2025-07-31 20:43:33,993 INFO  [io.api.tes.ser.api.KafkaSerdesTester] (Thread-627) Produced 10 messages
2025-07-31 20:43:33,993 INFO  [org.apa.kaf.cli.pro.KafkaProducer] (Thread-627) [Producer clientId=Producer-topic-fce59b7d_70f6_4c63_975b_a03d0c1518ea] Closing the Kafka producer with timeoutMillis = 9223372036854775807 ms.
2025-07-31 20:43:33,997 INFO  [org.apa.kaf.com.met.Metrics] (Thread-627) Metrics scheduler closed
2025-07-31 20:43:33,997 INFO  [org.apa.kaf.com.met.Metrics] (Thread-627) Closing reporter org.apache.kafka.common.metrics.JmxReporter
2025-07-31 20:43:33,997 INFO  [org.apa.kaf.com.met.Metrics] (Thread-627) Closing reporter org.apache.kafka.common.telemetry.internals.ClientTelemetryReporter
2025-07-31 20:43:33,997 INFO  [org.apa.kaf.com.met.Metrics] (Thread-627) Metrics reporters closed
2025-07-31 20:43:33,998 INFO  [org.apa.kaf.com.uti.AppInfoParser] (Thread-627) App info kafka.producer for Producer-topic-fce59b7d_70f6_4c63_975b_a03d0c1518ea unregistered
**** Registry Base URL: http://registry-app-kafkasql.apps.ci419.apicurio-testing.org:80
2025-07-31 20:43:34,053 INFO  [org.apa.kaf.cli.con.ConsumerConfig] (main) ConsumerConfig values: 
	allow.auto.create.topics = true
	auto.commit.interval.ms = 500
	auto.include.jmx.reporter = true
	auto.offset.reset = earliest
	bootstrap.servers = [PLAINTEXT://localhost:32770]
	check.crcs = true
	client.dns.lookup = use_all_dns_ips
	client.id = consumer-Consumer-topic-fce59b7d_70f6_4c63_975b_a03d0c1518ea-6
	client.rack = 
	connections.max.idle.ms = 10000
	default.api.timeout.ms = 60000
	enable.auto.commit = true
	enable.metrics.push = true
	exclude.internal.topics = true
	fetch.max.bytes = 52428800
	fetch.max.wait.ms = 500
	fetch.min.bytes = 1
	group.id = Consumer-topic-fce59b7d_70f6_4c63_975b_a03d0c1518ea
	group.instance.id = null
	group.protocol = classic
	group.remote.assignor = null
	heartbeat.interval.ms = 3000
	interceptor.classes = []
	internal.leave.group.on.close = true
	internal.throw.on.fetch.stable.offset.unsupported = false
	isolation.level = read_uncommitted
	key.deserializer = class org.apache.kafka.common.serialization.StringDeserializer
	max.partition.fetch.bytes = 1048576
	max.poll.interval.ms = 300000
	max.poll.records = 500
	metadata.max.age.ms = 300000
	metadata.recovery.strategy = none
	metric.reporters = []
	metrics.num.samples = 2
	metrics.recording.level = INFO
	metrics.sample.window.ms = 30000
	partition.assignment.strategy = [class org.apache.kafka.clients.consumer.RangeAssignor, class org.apache.kafka.clients.consumer.CooperativeStickyAssignor]
	receive.buffer.bytes = 65536
	reconnect.backoff.max.ms = 1000
	reconnect.backoff.ms = 50
	request.timeout.ms = 5000
	retry.backoff.max.ms = 1000
	retry.backoff.ms = 100
	sasl.client.callback.handler.class = null
	sasl.jaas.config = null
	sasl.kerberos.kinit.cmd = /usr/bin/kinit
	sasl.kerberos.min.time.before.relogin = 60000
	sasl.kerberos.service.name = null
	sasl.kerberos.ticket.renew.jitter = 0.05
	sasl.kerberos.ticket.renew.window.factor = 0.8
	sasl.login.callback.handler.class = null
	sasl.login.class = null
	sasl.login.connect.timeout.ms = null
	sasl.login.read.timeout.ms = null
	sasl.login.refresh.buffer.seconds = 300
	sasl.login.refresh.min.period.seconds = 60
	sasl.login.refresh.window.factor = 0.8
	sasl.login.refresh.window.jitter = 0.05
	sasl.login.retry.backoff.max.ms = 10000
	sasl.login.retry.backoff.ms = 100
	sasl.mechanism = GSSAPI
	sasl.oauthbearer.clock.skew.seconds = 30
	sasl.oauthbearer.expected.audience = null
	sasl.oauthbearer.expected.issuer = null
	sasl.oauthbearer.header.urlencode = false
	sasl.oauthbearer.jwks.endpoint.refresh.ms = 3600000
	sasl.oauthbearer.jwks.endpoint.retry.backoff.max.ms = 10000
	sasl.oauthbearer.jwks.endpoint.retry.backoff.ms = 100
	sasl.oauthbearer.jwks.endpoint.url = null
	sasl.oauthbearer.scope.claim.name = scope
	sasl.oauthbearer.sub.claim.name = sub
	sasl.oauthbearer.token.endpoint.url = null
	security.protocol = PLAINTEXT
	security.providers = null
	send.buffer.bytes = 131072
	session.timeout.ms = 45000
	socket.connection.setup.timeout.max.ms = 30000
	socket.connection.setup.timeout.ms = 10000
	ssl.cipher.suites = null
	ssl.enabled.protocols = [TLSv1.2, TLSv1.3]
	ssl.endpoint.identification.algorithm = https
	ssl.engine.factory.class = null
	ssl.key.password = null
	ssl.keymanager.algorithm = SunX509
	ssl.keystore.certificate.chain = null
	ssl.keystore.key = null
	ssl.keystore.location = null
	ssl.keystore.password = null
	ssl.keystore.type = JKS
	ssl.protocol = TLSv1.3
	ssl.provider = null
	ssl.secure.random.implementation = null
	ssl.trustmanager.algorithm = PKIX
	ssl.truststore.certificates = null
	ssl.truststore.location = null
	ssl.truststore.password = null
	ssl.truststore.type = JKS
	value.deserializer = class io.apicurio.registry.serde.avro.AvroKafkaDeserializer

2025-07-31 20:43:34,054 INFO  [org.apa.kaf.com.tel.int.KafkaMetricsCollector] (main) initializing Kafka metrics collector
2025-07-31 20:43:34,060 INFO  [org.apa.kaf.cli.con.ConsumerConfig] (main) These configurations '[apicurio.registry.url, apicurio.registry.avro-datum-provider]' were supplied but are not used yet.
2025-07-31 20:43:34,060 INFO  [org.apa.kaf.com.uti.AppInfoParser] (main) Kafka version: 3.9.1
2025-07-31 20:43:34,061 INFO  [org.apa.kaf.com.uti.AppInfoParser] (main) Kafka commitId: f745dfdcee2b9851
2025-07-31 20:43:34,061 INFO  [org.apa.kaf.com.uti.AppInfoParser] (main) Kafka startTimeMs: 1753994614060
2025-07-31 20:43:34,061 INFO  [org.apa.kaf.cli.con.int.ClassicKafkaConsumer] (Thread-630) [Consumer clientId=consumer-Consumer-topic-fce59b7d_70f6_4c63_975b_a03d0c1518ea-6, groupId=Consumer-topic-fce59b7d_70f6_4c63_975b_a03d0c1518ea] Subscribed to topic(s): topic-fce59b7d_70f6_4c63_975b_a03d0c1518ea
2025-07-31 20:43:34,074 INFO  [org.apa.kaf.cli.Metadata] (Thread-630) [Consumer clientId=consumer-Consumer-topic-fce59b7d_70f6_4c63_975b_a03d0c1518ea-6, groupId=Consumer-topic-fce59b7d_70f6_4c63_975b_a03d0c1518ea] Cluster ID: cdvAFU1gQSCWwJ-LEPQTSg
2025-07-31 20:43:34,074 INFO  [org.apa.kaf.cli.con.int.ConsumerCoordinator] (Thread-630) [Consumer clientId=consumer-Consumer-topic-fce59b7d_70f6_4c63_975b_a03d0c1518ea-6, groupId=Consumer-topic-fce59b7d_70f6_4c63_975b_a03d0c1518ea] Discovered group coordinator localhost:32770 (id: 2147483647 rack: null)
2025-07-31 20:43:34,079 INFO  [org.apa.kaf.cli.con.int.ConsumerCoordinator] (Thread-630) [Consumer clientId=consumer-Consumer-topic-fce59b7d_70f6_4c63_975b_a03d0c1518ea-6, groupId=Consumer-topic-fce59b7d_70f6_4c63_975b_a03d0c1518ea] (Re-)joining group
2025-07-31 20:43:34,084 INFO  [org.apa.kaf.cli.con.int.ConsumerCoordinator] (Thread-630) [Consumer clientId=consumer-Consumer-topic-fce59b7d_70f6_4c63_975b_a03d0c1518ea-6, groupId=Consumer-topic-fce59b7d_70f6_4c63_975b_a03d0c1518ea] Request joining group due to: need to re-join with the given member-id: consumer-Consumer-topic-fce59b7d_70f6_4c63_975b_a03d0c1518ea-6-fe245e26-5750-4745-b01d-6a25240bb6b1
2025-07-31 20:43:34,084 INFO  [org.apa.kaf.cli.con.int.ConsumerCoordinator] (Thread-630) [Consumer clientId=consumer-Consumer-topic-fce59b7d_70f6_4c63_975b_a03d0c1518ea-6, groupId=Consumer-topic-fce59b7d_70f6_4c63_975b_a03d0c1518ea] (Re-)joining group
2025-07-31 20:43:34,087 INFO  [org.apa.kaf.cli.con.int.ConsumerCoordinator] (Thread-630) [Consumer clientId=consumer-Consumer-topic-fce59b7d_70f6_4c63_975b_a03d0c1518ea-6, groupId=Consumer-topic-fce59b7d_70f6_4c63_975b_a03d0c1518ea] Successfully joined group with generation Generation{generationId=1, memberId='consumer-Consumer-topic-fce59b7d_70f6_4c63_975b_a03d0c1518ea-6-fe245e26-5750-4745-b01d-6a25240bb6b1', protocol='range'}
2025-07-31 20:43:34,087 INFO  [org.apa.kaf.cli.con.int.ConsumerCoordinator] (Thread-630) [Consumer clientId=consumer-Consumer-topic-fce59b7d_70f6_4c63_975b_a03d0c1518ea-6, groupId=Consumer-topic-fce59b7d_70f6_4c63_975b_a03d0c1518ea] Finished assignment for group at generation 1: {consumer-Consumer-topic-fce59b7d_70f6_4c63_975b_a03d0c1518ea-6-fe245e26-5750-4745-b01d-6a25240bb6b1=Assignment(partitions=[topic-fce59b7d_70f6_4c63_975b_a03d0c1518ea-0])}
2025-07-31 20:43:34,091 INFO  [org.apa.kaf.cli.con.int.ConsumerCoordinator] (Thread-630) [Consumer clientId=consumer-Consumer-topic-fce59b7d_70f6_4c63_975b_a03d0c1518ea-6, groupId=Consumer-topic-fce59b7d_70f6_4c63_975b_a03d0c1518ea] Successfully synced group in generation Generation{generationId=1, memberId='consumer-Consumer-topic-fce59b7d_70f6_4c63_975b_a03d0c1518ea-6-fe245e26-5750-4745-b01d-6a25240bb6b1', protocol='range'}
2025-07-31 20:43:34,092 INFO  [org.apa.kaf.cli.con.int.ConsumerCoordinator] (Thread-630) [Consumer clientId=consumer-Consumer-topic-fce59b7d_70f6_4c63_975b_a03d0c1518ea-6, groupId=Consumer-topic-fce59b7d_70f6_4c63_975b_a03d0c1518ea] Notifying assignor about the new Assignment(partitions=[topic-fce59b7d_70f6_4c63_975b_a03d0c1518ea-0])
2025-07-31 20:43:34,092 INFO  [org.apa.kaf.cli.con.int.ConsumerRebalanceListenerInvoker] (Thread-630) [Consumer clientId=consumer-Consumer-topic-fce59b7d_70f6_4c63_975b_a03d0c1518ea-6, groupId=Consumer-topic-fce59b7d_70f6_4c63_975b_a03d0c1518ea] Adding newly assigned partitions: topic-fce59b7d_70f6_4c63_975b_a03d0c1518ea-0
2025-07-31 20:43:34,095 INFO  [org.apa.kaf.cli.con.int.ConsumerCoordinator] (Thread-630) [Consumer clientId=consumer-Consumer-topic-fce59b7d_70f6_4c63_975b_a03d0c1518ea-6, groupId=Consumer-topic-fce59b7d_70f6_4c63_975b_a03d0c1518ea] Found no committed offset for partition topic-fce59b7d_70f6_4c63_975b_a03d0c1518ea-0
2025-07-31 20:43:34,101 INFO  [org.apa.kaf.cli.con.int.SubscriptionState] (Thread-630) [Consumer clientId=consumer-Consumer-topic-fce59b7d_70f6_4c63_975b_a03d0c1518ea-6, groupId=Consumer-topic-fce59b7d_70f6_4c63_975b_a03d0c1518ea] Resetting offset for partition topic-fce59b7d_70f6_4c63_975b_a03d0c1518ea-0 to position FetchPosition{offset=0, offsetEpoch=Optional.empty, currentLeader=LeaderAndEpoch{leader=Optional[localhost:32770 (id: 0 rack: null)], epoch=0}}.
2025-07-31 20:43:34,189 INFO  [io.api.tes.ser.api.KafkaSerdesTester] (Thread-630) topic-fce59b7d_70f6_4c63_975b_a03d0c1518ea 0 0 io.apicurio.tests.common.serdes.TestObject@3dbd29cb
2025-07-31 20:43:34,189 INFO  [io.api.tes.ser.api.KafkaSerdesTester] (Thread-630) topic-fce59b7d_70f6_4c63_975b_a03d0c1518ea 0 1 io.apicurio.tests.common.serdes.TestObject@3dbd29cb
2025-07-31 20:43:34,190 INFO  [io.api.tes.ser.api.KafkaSerdesTester] (Thread-630) topic-fce59b7d_70f6_4c63_975b_a03d0c1518ea 0 2 io.apicurio.tests.common.serdes.TestObject@3dbd29cb
2025-07-31 20:43:34,190 INFO  [io.api.tes.ser.api.KafkaSerdesTester] (Thread-630) topic-fce59b7d_70f6_4c63_975b_a03d0c1518ea 0 3 io.apicurio.tests.common.serdes.TestObject@3dbd29cb
2025-07-31 20:43:34,190 INFO  [io.api.tes.ser.api.KafkaSerdesTester] (Thread-630) topic-fce59b7d_70f6_4c63_975b_a03d0c1518ea 0 4 io.apicurio.tests.common.serdes.TestObject@3dbd29cb
2025-07-31 20:43:34,191 INFO  [io.api.tes.ser.api.KafkaSerdesTester] (Thread-630) topic-fce59b7d_70f6_4c63_975b_a03d0c1518ea 0 5 io.apicurio.tests.common.serdes.TestObject@3dbd29cb
2025-07-31 20:43:34,191 INFO  [io.api.tes.ser.api.KafkaSerdesTester] (Thread-630) topic-fce59b7d_70f6_4c63_975b_a03d0c1518ea 0 6 io.apicurio.tests.common.serdes.TestObject@3dbd29cb
2025-07-31 20:43:34,191 INFO  [io.api.tes.ser.api.KafkaSerdesTester] (Thread-630) topic-fce59b7d_70f6_4c63_975b_a03d0c1518ea 0 7 io.apicurio.tests.common.serdes.TestObject@3dbd29cb
2025-07-31 20:43:34,191 INFO  [io.api.tes.ser.api.KafkaSerdesTester] (Thread-630) topic-fce59b7d_70f6_4c63_975b_a03d0c1518ea 0 8 io.apicurio.tests.common.serdes.TestObject@3dbd29cb
2025-07-31 20:43:34,191 INFO  [io.api.tes.ser.api.KafkaSerdesTester] (Thread-630) topic-fce59b7d_70f6_4c63_975b_a03d0c1518ea 0 9 io.apicurio.tests.common.serdes.TestObject@3dbd29cb
2025-07-31 20:43:34,191 INFO  [io.api.tes.ser.api.KafkaSerdesTester] (Thread-630) Consumed 10 messages
2025-07-31 20:43:34,195 INFO  [org.apa.kaf.cli.con.int.ConsumerRebalanceListenerInvoker] (Thread-630) [Consumer clientId=consumer-Consumer-topic-fce59b7d_70f6_4c63_975b_a03d0c1518ea-6, groupId=Consumer-topic-fce59b7d_70f6_4c63_975b_a03d0c1518ea] Revoke previously assigned partitions topic-fce59b7d_70f6_4c63_975b_a03d0c1518ea-0
2025-07-31 20:43:34,195 INFO  [org.apa.kaf.cli.con.int.ConsumerCoordinator] (Thread-630) [Consumer clientId=consumer-Consumer-topic-fce59b7d_70f6_4c63_975b_a03d0c1518ea-6, groupId=Consumer-topic-fce59b7d_70f6_4c63_975b_a03d0c1518ea] Member consumer-Consumer-topic-fce59b7d_70f6_4c63_975b_a03d0c1518ea-6-fe245e26-5750-4745-b01d-6a25240bb6b1 sending LeaveGroup request to coordinator localhost:32770 (id: 2147483647 rack: null) due to the consumer is being closed
2025-07-31 20:43:34,195 INFO  [org.apa.kaf.cli.con.int.ConsumerCoordinator] (Thread-630) [Consumer clientId=consumer-Consumer-topic-fce59b7d_70f6_4c63_975b_a03d0c1518ea-6, groupId=Consumer-topic-fce59b7d_70f6_4c63_975b_a03d0c1518ea] Resetting generation and member id due to: consumer pro-actively leaving the group
2025-07-31 20:43:34,195 INFO  [org.apa.kaf.cli.con.int.ConsumerCoordinator] (Thread-630) [Consumer clientId=consumer-Consumer-topic-fce59b7d_70f6_4c63_975b_a03d0c1518ea-6, groupId=Consumer-topic-fce59b7d_70f6_4c63_975b_a03d0c1518ea] Request joining group due to: consumer pro-actively leaving the group
2025-07-31 20:43:34,694 INFO  [org.apa.kaf.com.met.Metrics] (Thread-630) Metrics scheduler closed
2025-07-31 20:43:34,694 INFO  [org.apa.kaf.com.met.Metrics] (Thread-630) Closing reporter org.apache.kafka.common.metrics.JmxReporter
2025-07-31 20:43:34,694 INFO  [org.apa.kaf.com.met.Metrics] (Thread-630) Closing reporter org.apache.kafka.common.telemetry.internals.ClientTelemetryReporter
2025-07-31 20:43:34,694 INFO  [org.apa.kaf.com.met.Metrics] (Thread-630) Metrics reporters closed
2025-07-31 20:43:34,697 INFO  [org.apa.kaf.com.uti.AppInfoParser] (Thread-630) App info kafka.consumer for consumer-Consumer-topic-fce59b7d_70f6_4c63_975b_a03d0c1518ea-6 unregistered
2025-07-31 20:43:34,697 INFO  [io.api.tes.uti.TestSeparator] (main) io.apicurio.tests.serdes.apicurio.AvroSerdeIT.testReflectAutoRegister-FINISHED
2025-07-31 20:43:34,698 INFO  [io.api.tes.uti.TestSeparator] (main) ############################################################################
Test passed: testReflectAutoRegister
]]></system-out>
  </testcase>
  <testcase name="testArtifactNotFound" classname="io.apicurio.tests.serdes.apicurio.AvroSerdeIT" time="0.243">
    <system-out><![CDATA[2025-07-31 20:43:34,702 INFO  [io.api.tes.uti.TestSeparator] (main) ############################################################################
2025-07-31 20:43:34,702 INFO  [io.api.tes.uti.TestSeparator] (main) io.apicurio.tests.serdes.apicurio.AvroSerdeIT.testArtifactNotFound-STARTED
**** Registry Base URL: http://registry-app-kafkasql.apps.ci419.apicurio-testing.org:80
2025-07-31 20:43:34,705 INFO  [org.apa.kaf.cli.pro.ProducerConfig] (main) ProducerConfig values: 
	acks = -1
	auto.include.jmx.reporter = true
	batch.size = 16384
	bootstrap.servers = [PLAINTEXT://localhost:32770]
	buffer.memory = 33554432
	client.dns.lookup = use_all_dns_ips
	client.id = Producer-sa41fc8f0x8558x4b5bxb272x83dee2bbe149
	compression.gzip.level = -1
	compression.lz4.level = 9
	compression.type = none
	compression.zstd.level = 3
	connections.max.idle.ms = 10000
	delivery.timeout.ms = 120000
	enable.idempotence = true
	enable.metrics.push = true
	interceptor.classes = []
	key.serializer = class org.apache.kafka.common.serialization.StringSerializer
	linger.ms = 0
	max.block.ms = 60000
	max.in.flight.requests.per.connection = 5
	max.request.size = 1048576
	metadata.max.age.ms = 300000
	metadata.max.idle.ms = 300000
	metadata.recovery.strategy = none
	metric.reporters = []
	metrics.num.samples = 2
	metrics.recording.level = INFO
	metrics.sample.window.ms = 30000
	partitioner.adaptive.partitioning.enable = true
	partitioner.availability.timeout.ms = 0
	partitioner.class = null
	partitioner.ignore.keys = false
	receive.buffer.bytes = 32768
	reconnect.backoff.max.ms = 1000
	reconnect.backoff.ms = 50
	request.timeout.ms = 5000
	retries = 2147483647
	retry.backoff.max.ms = 1000
	retry.backoff.ms = 100
	sasl.client.callback.handler.class = null
	sasl.jaas.config = null
	sasl.kerberos.kinit.cmd = /usr/bin/kinit
	sasl.kerberos.min.time.before.relogin = 60000
	sasl.kerberos.service.name = null
	sasl.kerberos.ticket.renew.jitter = 0.05
	sasl.kerberos.ticket.renew.window.factor = 0.8
	sasl.login.callback.handler.class = null
	sasl.login.class = null
	sasl.login.connect.timeout.ms = null
	sasl.login.read.timeout.ms = null
	sasl.login.refresh.buffer.seconds = 300
	sasl.login.refresh.min.period.seconds = 60
	sasl.login.refresh.window.factor = 0.8
	sasl.login.refresh.window.jitter = 0.05
	sasl.login.retry.backoff.max.ms = 10000
	sasl.login.retry.backoff.ms = 100
	sasl.mechanism = GSSAPI
	sasl.oauthbearer.clock.skew.seconds = 30
	sasl.oauthbearer.expected.audience = null
	sasl.oauthbearer.expected.issuer = null
	sasl.oauthbearer.header.urlencode = false
	sasl.oauthbearer.jwks.endpoint.refresh.ms = 3600000
	sasl.oauthbearer.jwks.endpoint.retry.backoff.max.ms = 10000
	sasl.oauthbearer.jwks.endpoint.retry.backoff.ms = 100
	sasl.oauthbearer.jwks.endpoint.url = null
	sasl.oauthbearer.scope.claim.name = scope
	sasl.oauthbearer.sub.claim.name = sub
	sasl.oauthbearer.token.endpoint.url = null
	security.protocol = PLAINTEXT
	security.providers = null
	send.buffer.bytes = 131072
	socket.connection.setup.timeout.max.ms = 30000
	socket.connection.setup.timeout.ms = 10000
	ssl.cipher.suites = null
	ssl.enabled.protocols = [TLSv1.2, TLSv1.3]
	ssl.endpoint.identification.algorithm = https
	ssl.engine.factory.class = null
	ssl.key.password = null
	ssl.keymanager.algorithm = SunX509
	ssl.keystore.certificate.chain = null
	ssl.keystore.key = null
	ssl.keystore.location = null
	ssl.keystore.password = null
	ssl.keystore.type = JKS
	ssl.protocol = TLSv1.3
	ssl.provider = null
	ssl.secure.random.implementation = null
	ssl.trustmanager.algorithm = PKIX
	ssl.truststore.certificates = null
	ssl.truststore.location = null
	ssl.truststore.password = null
	ssl.truststore.type = JKS
	transaction.timeout.ms = 60000
	transactional.id = null
	value.serializer = class io.apicurio.registry.serde.avro.AvroKafkaSerializer

2025-07-31 20:43:34,705 INFO  [org.apa.kaf.com.tel.int.KafkaMetricsCollector] (main) initializing Kafka metrics collector
2025-07-31 20:43:34,713 INFO  [org.apa.kaf.cli.pro.KafkaProducer] (main) [Producer clientId=Producer-sa41fc8f0x8558x4b5bxb272x83dee2bbe149] Instantiated an idempotent producer.
2025-07-31 20:43:34,718 INFO  [org.apa.kaf.cli.pro.ProducerConfig] (main) These configurations '[apicurio.registry.url, apicurio.registry.artifact-resolver-strategy]' were supplied but are not used yet.
2025-07-31 20:43:34,718 INFO  [org.apa.kaf.com.uti.AppInfoParser] (main) Kafka version: 3.9.1
2025-07-31 20:43:34,718 INFO  [org.apa.kaf.com.uti.AppInfoParser] (main) Kafka commitId: f745dfdcee2b9851
2025-07-31 20:43:34,718 INFO  [org.apa.kaf.com.uti.AppInfoParser] (main) Kafka startTimeMs: 1753994614718
2025-07-31 20:43:34,721 INFO  [io.api.tes.ser.api.KafkaSerdesTester] (Thread-633) Sending message {"keyB": "value-0"} to topic sa41fc8f0x8558x4b5bxb272x83dee2bbe149
2025-07-31 20:43:34,735 WARN  [org.apa.kaf.cli.NetworkClient] (kafka-producer-network-thread | Producer-sa41fc8f0x8558x4b5bxb272x83dee2bbe149) [Producer clientId=Producer-sa41fc8f0x8558x4b5bxb272x83dee2bbe149] The metadata response from the cluster reported a recoverable issue with correlation id 2 : {sa41fc8f0x8558x4b5bxb272x83dee2bbe149=LEADER_NOT_AVAILABLE}
2025-07-31 20:43:34,735 INFO  [org.apa.kaf.cli.Metadata] (kafka-producer-network-thread | Producer-sa41fc8f0x8558x4b5bxb272x83dee2bbe149) [Producer clientId=Producer-sa41fc8f0x8558x4b5bxb272x83dee2bbe149] Cluster ID: cdvAFU1gQSCWwJ-LEPQTSg
2025-07-31 20:43:34,738 INFO  [org.apa.kaf.cli.pro.int.TransactionManager] (kafka-producer-network-thread | Producer-sa41fc8f0x8558x4b5bxb272x83dee2bbe149) [Producer clientId=Producer-sa41fc8f0x8558x4b5bxb272x83dee2bbe149] ProducerId set to 7 with epoch 0
2025-07-31 20:43:34,850 INFO  [DefaultSchemaResolver] (Thread-633) Retrieving schema content using string: {"type":"record","name":"myrecord","namespace":"mygroup","fields":[{"name":"keyB","type":"string"}]}
2025-07-31 20:43:34,936 INFO  [org.apa.kaf.cli.pro.KafkaProducer] (Thread-633) [Producer clientId=Producer-sa41fc8f0x8558x4b5bxb272x83dee2bbe149] Closing the Kafka producer with timeoutMillis = 9223372036854775807 ms.
2025-07-31 20:43:34,940 INFO  [org.apa.kaf.com.met.Metrics] (Thread-633) Metrics scheduler closed
2025-07-31 20:43:34,940 INFO  [org.apa.kaf.com.met.Metrics] (Thread-633) Closing reporter org.apache.kafka.common.metrics.JmxReporter
2025-07-31 20:43:34,940 INFO  [org.apa.kaf.com.met.Metrics] (Thread-633) Closing reporter org.apache.kafka.common.telemetry.internals.ClientTelemetryReporter
2025-07-31 20:43:34,940 INFO  [org.apa.kaf.com.met.Metrics] (Thread-633) Metrics reporters closed
2025-07-31 20:43:34,941 INFO  [org.apa.kaf.com.uti.AppInfoParser] (Thread-633) App info kafka.producer for Producer-sa41fc8f0x8558x4b5bxb272x83dee2bbe149 unregistered
2025-07-31 20:43:34,941 INFO  [io.api.tes.uti.TestSeparator] (main) io.apicurio.tests.serdes.apicurio.AvroSerdeIT.testArtifactNotFound-FINISHED
2025-07-31 20:43:34,941 INFO  [io.api.tes.uti.TestSeparator] (main) ############################################################################
Test passed: testArtifactNotFound
]]></system-out>
    <system-err><![CDATA[java.lang.RuntimeException: Could not resolve artifact reference by content: {"type":"record","name":"myrecord","namespace":"mygroup","fields":[{"name":"keyB","type":"string"}]}&ArtifactReference [groupId=default, artifactId=sa41fc8f0x8558x4b5bxb272x83dee2bbe149-value, version=null, globalId=null, contentId=null, contentHash=null]
	at io.apicurio.registry.resolver.DefaultSchemaResolver.lambda$handleResolveSchemaByContent$3(DefaultSchemaResolver.java:265)
	at io.apicurio.registry.resolver.cache.ERCache.lambda$getValue$0(ERCache.java:174)
	at io.apicurio.registry.resolver.cache.ERCache.retry(ERCache.java:227)
	at io.apicurio.registry.resolver.cache.ERCache.getValue(ERCache.java:173)
	at io.apicurio.registry.resolver.cache.ERCache.getByContent(ERCache.java:147)
	at io.apicurio.registry.resolver.DefaultSchemaResolver.handleResolveSchemaByContent(DefaultSchemaResolver.java:253)
	at io.apicurio.registry.resolver.DefaultSchemaResolver.getSchemaFromRegistry(DefaultSchemaResolver.java:138)
	at io.apicurio.registry.resolver.DefaultSchemaResolver.lambda$resolveSchema$0(DefaultSchemaResolver.java:84)
	at java.base/java.util.Optional.orElseGet(Optional.java:364)
	at io.apicurio.registry.resolver.DefaultSchemaResolver.resolveSchema(DefaultSchemaResolver.java:84)
	at io.apicurio.registry.serde.AbstractSerializer.serializeData(AbstractSerializer.java:62)
	at io.apicurio.registry.serde.KafkaSerializer.serialize(KafkaSerializer.java:77)
	at org.apache.kafka.clients.producer.KafkaProducer.doSend(KafkaProducer.java:1046)
	at org.apache.kafka.clients.producer.KafkaProducer.send(KafkaProducer.java:993)
	at org.apache.kafka.clients.producer.KafkaProducer.send(KafkaProducer.java:875)
	at io.apicurio.tests.serdes.apicurio.KafkaSerdesTester.lambda$produceMessages$3(KafkaSerdesTester.java:138)
	at java.base/java.util.concurrent.CompletableFuture$AsyncSupply.run(CompletableFuture.java:1768)
	at java.base/java.lang.Thread.run(Thread.java:840)
]]></system-err>
  </testcase>
  <testcase name="testAvroSerDesFailDifferentSchemaByRecordName" classname="io.apicurio.tests.serdes.apicurio.AvroSerdeIT" time="1.18">
    <system-out><![CDATA[2025-07-31 20:43:34,942 INFO  [io.api.tes.uti.TestSeparator] (main) ############################################################################
2025-07-31 20:43:34,942 INFO  [io.api.tes.uti.TestSeparator] (main) io.apicurio.tests.serdes.apicurio.AvroSerdeIT.testAvroSerDesFailDifferentSchemaByRecordName-STARTED
**** Registry Base URL: http://registry-app-kafkasql.apps.ci419.apicurio-testing.org:80
2025-07-31 20:43:36,049 INFO  [org.apa.kaf.cli.pro.ProducerConfig] (main) ProducerConfig values: 
	acks = -1
	auto.include.jmx.reporter = true
	batch.size = 16384
	bootstrap.servers = [PLAINTEXT://localhost:32770]
	buffer.memory = 33554432
	client.dns.lookup = use_all_dns_ips
	client.id = Producer-topic-cd7a1479_c71c_416e_b710_f39e7a3efd6a
	compression.gzip.level = -1
	compression.lz4.level = 9
	compression.type = none
	compression.zstd.level = 3
	connections.max.idle.ms = 10000
	delivery.timeout.ms = 120000
	enable.idempotence = true
	enable.metrics.push = true
	interceptor.classes = []
	key.serializer = class org.apache.kafka.common.serialization.StringSerializer
	linger.ms = 0
	max.block.ms = 60000
	max.in.flight.requests.per.connection = 5
	max.request.size = 1048576
	metadata.max.age.ms = 300000
	metadata.max.idle.ms = 300000
	metadata.recovery.strategy = none
	metric.reporters = []
	metrics.num.samples = 2
	metrics.recording.level = INFO
	metrics.sample.window.ms = 30000
	partitioner.adaptive.partitioning.enable = true
	partitioner.availability.timeout.ms = 0
	partitioner.class = null
	partitioner.ignore.keys = false
	receive.buffer.bytes = 32768
	reconnect.backoff.max.ms = 1000
	reconnect.backoff.ms = 50
	request.timeout.ms = 5000
	retries = 2147483647
	retry.backoff.max.ms = 1000
	retry.backoff.ms = 100
	sasl.client.callback.handler.class = null
	sasl.jaas.config = null
	sasl.kerberos.kinit.cmd = /usr/bin/kinit
	sasl.kerberos.min.time.before.relogin = 60000
	sasl.kerberos.service.name = null
	sasl.kerberos.ticket.renew.jitter = 0.05
	sasl.kerberos.ticket.renew.window.factor = 0.8
	sasl.login.callback.handler.class = null
	sasl.login.class = null
	sasl.login.connect.timeout.ms = null
	sasl.login.read.timeout.ms = null
	sasl.login.refresh.buffer.seconds = 300
	sasl.login.refresh.min.period.seconds = 60
	sasl.login.refresh.window.factor = 0.8
	sasl.login.refresh.window.jitter = 0.05
	sasl.login.retry.backoff.max.ms = 10000
	sasl.login.retry.backoff.ms = 100
	sasl.mechanism = GSSAPI
	sasl.oauthbearer.clock.skew.seconds = 30
	sasl.oauthbearer.expected.audience = null
	sasl.oauthbearer.expected.issuer = null
	sasl.oauthbearer.header.urlencode = false
	sasl.oauthbearer.jwks.endpoint.refresh.ms = 3600000
	sasl.oauthbearer.jwks.endpoint.retry.backoff.max.ms = 10000
	sasl.oauthbearer.jwks.endpoint.retry.backoff.ms = 100
	sasl.oauthbearer.jwks.endpoint.url = null
	sasl.oauthbearer.scope.claim.name = scope
	sasl.oauthbearer.sub.claim.name = sub
	sasl.oauthbearer.token.endpoint.url = null
	security.protocol = PLAINTEXT
	security.providers = null
	send.buffer.bytes = 131072
	socket.connection.setup.timeout.max.ms = 30000
	socket.connection.setup.timeout.ms = 10000
	ssl.cipher.suites = null
	ssl.enabled.protocols = [TLSv1.2, TLSv1.3]
	ssl.endpoint.identification.algorithm = https
	ssl.engine.factory.class = null
	ssl.key.password = null
	ssl.keymanager.algorithm = SunX509
	ssl.keystore.certificate.chain = null
	ssl.keystore.key = null
	ssl.keystore.location = null
	ssl.keystore.password = null
	ssl.keystore.type = JKS
	ssl.protocol = TLSv1.3
	ssl.provider = null
	ssl.secure.random.implementation = null
	ssl.trustmanager.algorithm = PKIX
	ssl.truststore.certificates = null
	ssl.truststore.location = null
	ssl.truststore.password = null
	ssl.truststore.type = JKS
	transaction.timeout.ms = 60000
	transactional.id = null
	value.serializer = class io.apicurio.registry.serde.avro.AvroKafkaSerializer

2025-07-31 20:43:36,049 INFO  [org.apa.kaf.com.tel.int.KafkaMetricsCollector] (main) initializing Kafka metrics collector
2025-07-31 20:43:36,052 INFO  [org.apa.kaf.cli.pro.KafkaProducer] (main) [Producer clientId=Producer-topic-cd7a1479_c71c_416e_b710_f39e7a3efd6a] Instantiated an idempotent producer.
2025-07-31 20:43:36,055 INFO  [org.apa.kaf.cli.pro.ProducerConfig] (main) These configurations '[apicurio.registry.find-latest, apicurio.registry.url, apicurio.registry.artifact-resolver-strategy]' were supplied but are not used yet.
2025-07-31 20:43:36,055 INFO  [org.apa.kaf.com.uti.AppInfoParser] (main) Kafka version: 3.9.1
2025-07-31 20:43:36,055 INFO  [org.apa.kaf.com.uti.AppInfoParser] (main) Kafka commitId: f745dfdcee2b9851
2025-07-31 20:43:36,055 INFO  [org.apa.kaf.com.uti.AppInfoParser] (main) Kafka startTimeMs: 1753994616055
2025-07-31 20:43:36,057 INFO  [io.api.tes.ser.api.KafkaSerdesTester] (Thread-636) Sending message {"keyB": "value-0"} to topic topic-cd7a1479_c71c_416e_b710_f39e7a3efd6a
2025-07-31 20:43:36,063 INFO  [org.apa.kaf.cli.Metadata] (kafka-producer-network-thread | Producer-topic-cd7a1479_c71c_416e_b710_f39e7a3efd6a) [Producer clientId=Producer-topic-cd7a1479_c71c_416e_b710_f39e7a3efd6a] Cluster ID: cdvAFU1gQSCWwJ-LEPQTSg
2025-07-31 20:43:36,065 INFO  [org.apa.kaf.cli.pro.int.TransactionManager] (kafka-producer-network-thread | Producer-topic-cd7a1479_c71c_416e_b710_f39e7a3efd6a) [Producer clientId=Producer-topic-cd7a1479_c71c_416e_b710_f39e7a3efd6a] ProducerId set to 8 with epoch 0
2025-07-31 20:43:36,119 INFO  [org.apa.kaf.cli.pro.KafkaProducer] (Thread-636) [Producer clientId=Producer-topic-cd7a1479_c71c_416e_b710_f39e7a3efd6a] Closing the Kafka producer with timeoutMillis = 9223372036854775807 ms.
2025-07-31 20:43:36,121 INFO  [org.apa.kaf.com.met.Metrics] (Thread-636) Metrics scheduler closed
2025-07-31 20:43:36,121 INFO  [org.apa.kaf.com.met.Metrics] (Thread-636) Closing reporter org.apache.kafka.common.metrics.JmxReporter
2025-07-31 20:43:36,121 INFO  [org.apa.kaf.com.met.Metrics] (Thread-636) Closing reporter org.apache.kafka.common.telemetry.internals.ClientTelemetryReporter
2025-07-31 20:43:36,121 INFO  [org.apa.kaf.com.met.Metrics] (Thread-636) Metrics reporters closed
2025-07-31 20:43:36,121 INFO  [org.apa.kaf.com.uti.AppInfoParser] (Thread-636) App info kafka.producer for Producer-topic-cd7a1479_c71c_416e_b710_f39e7a3efd6a unregistered
2025-07-31 20:43:36,122 INFO  [io.api.tes.uti.TestSeparator] (main) io.apicurio.tests.serdes.apicurio.AvroSerdeIT.testAvroSerDesFailDifferentSchemaByRecordName-FINISHED
2025-07-31 20:43:36,122 INFO  [io.api.tes.uti.TestSeparator] (main) ############################################################################
Test passed: testAvroSerDesFailDifferentSchemaByRecordName
]]></system-out>
    <system-err><![CDATA[io.apicurio.registry.rest.client.models.ProblemDetails
	at io.apicurio.registry.rest.client.models.ProblemDetails.createFromDiscriminatorValue(ProblemDetails.java:58)
	at io.kiota.serialization.json.JsonParseNode.getObjectValue(JsonParseNode.java:247)
	at io.kiota.http.vertx.VertXRequestAdapter.lambda$throwIfFailedResponse$0(VertXRequestAdapter.java:400)
	at com.microsoft.kiota.ApiExceptionBuilder.<init>(ApiExceptionBuilder.java:26)
	at io.kiota.http.vertx.VertXRequestAdapter.throwIfFailedResponse(VertXRequestAdapter.java:399)
	at io.kiota.http.vertx.VertXRequestAdapter.send(VertXRequestAdapter.java:170)
	at io.apicurio.registry.rest.client.groups.item.artifacts.item.versions.item.WithVersionExpressionItemRequestBuilder.get(WithVersionExpressionItemRequestBuilder.java:128)
	at io.apicurio.registry.rest.client.groups.item.artifacts.item.versions.item.WithVersionExpressionItemRequestBuilder.get(WithVersionExpressionItemRequestBuilder.java:111)
	at io.apicurio.registry.resolver.client.RegistryClientFacadeImpl.getVersionCoordinatesByGAV(RegistryClientFacadeImpl.java:153)
	at io.apicurio.registry.resolver.DefaultSchemaResolver.resolveByCoordinates(DefaultSchemaResolver.java:352)
	at io.apicurio.registry.resolver.DefaultSchemaResolver.lambda$resolveSchemaByArtifactReferenceCached$6(DefaultSchemaResolver.java:340)
	at io.apicurio.registry.resolver.cache.ERCache.lambda$getValue$0(ERCache.java:174)
	at io.apicurio.registry.resolver.cache.ERCache.retry(ERCache.java:227)
	at io.apicurio.registry.resolver.cache.ERCache.getValue(ERCache.java:173)
	at io.apicurio.registry.resolver.cache.ERCache.getByArtifactCoordinates(ERCache.java:158)
	at io.apicurio.registry.resolver.DefaultSchemaResolver.resolveSchemaByArtifactReferenceCached(DefaultSchemaResolver.java:338)
	at io.apicurio.registry.resolver.DefaultSchemaResolver.resolveSchemaByCoordinates(DefaultSchemaResolver.java:193)
	at io.apicurio.registry.resolver.DefaultSchemaResolver.getSchemaFromRegistry(DefaultSchemaResolver.java:130)
	at io.apicurio.registry.resolver.DefaultSchemaResolver.lambda$resolveSchema$0(DefaultSchemaResolver.java:84)
	at java.base/java.util.Optional.orElseGet(Optional.java:364)
	at io.apicurio.registry.resolver.DefaultSchemaResolver.resolveSchema(DefaultSchemaResolver.java:84)
	at io.apicurio.registry.serde.AbstractSerializer.serializeData(AbstractSerializer.java:62)
	at io.apicurio.registry.serde.KafkaSerializer.serialize(KafkaSerializer.java:77)
	at org.apache.kafka.clients.producer.KafkaProducer.doSend(KafkaProducer.java:1046)
	at org.apache.kafka.clients.producer.KafkaProducer.send(KafkaProducer.java:993)
	at org.apache.kafka.clients.producer.KafkaProducer.send(KafkaProducer.java:875)
	at io.apicurio.tests.serdes.apicurio.KafkaSerdesTester.lambda$produceMessages$3(KafkaSerdesTester.java:138)
	at java.base/java.util.concurrent.CompletableFuture$AsyncSupply.run(CompletableFuture.java:1768)
	at java.base/java.lang.Thread.run(Thread.java:840)
]]></system-err>
  </testcase>
  <testcase name="testTopicIdStrategyFindLatest" classname="io.apicurio.tests.serdes.apicurio.AvroSerdeIT" time="1.914">
    <system-out><![CDATA[2025-07-31 20:43:36,124 INFO  [io.api.tes.uti.TestSeparator] (main) ############################################################################
2025-07-31 20:43:36,124 INFO  [io.api.tes.uti.TestSeparator] (main) io.apicurio.tests.serdes.apicurio.AvroSerdeIT.testTopicIdStrategyFindLatest-STARTED
2025-07-31 20:43:36,125 INFO  [io.api.tes.ser.api.AvroSerdeIT] (main) Registering Avro Schema: {"type":"record","name":"myrecordapicurio1","fields":[{"name":"key11753994616124","type":"string"}]}
**** Registry Base URL: http://registry-app-kafkasql.apps.ci419.apicurio-testing.org:80
2025-07-31 20:43:37,227 INFO  [org.apa.kaf.cli.pro.ProducerConfig] (main) ProducerConfig values: 
	acks = -1
	auto.include.jmx.reporter = true
	batch.size = 16384
	bootstrap.servers = [PLAINTEXT://localhost:32770]
	buffer.memory = 33554432
	client.dns.lookup = use_all_dns_ips
	client.id = Producer-topic-45e3dbef_f9c5_4868_b7ee_8cd6ce021062
	compression.gzip.level = -1
	compression.lz4.level = 9
	compression.type = none
	compression.zstd.level = 3
	connections.max.idle.ms = 10000
	delivery.timeout.ms = 120000
	enable.idempotence = true
	enable.metrics.push = true
	interceptor.classes = []
	key.serializer = class org.apache.kafka.common.serialization.StringSerializer
	linger.ms = 0
	max.block.ms = 60000
	max.in.flight.requests.per.connection = 5
	max.request.size = 1048576
	metadata.max.age.ms = 300000
	metadata.max.idle.ms = 300000
	metadata.recovery.strategy = none
	metric.reporters = []
	metrics.num.samples = 2
	metrics.recording.level = INFO
	metrics.sample.window.ms = 30000
	partitioner.adaptive.partitioning.enable = true
	partitioner.availability.timeout.ms = 0
	partitioner.class = null
	partitioner.ignore.keys = false
	receive.buffer.bytes = 32768
	reconnect.backoff.max.ms = 1000
	reconnect.backoff.ms = 50
	request.timeout.ms = 5000
	retries = 2147483647
	retry.backoff.max.ms = 1000
	retry.backoff.ms = 100
	sasl.client.callback.handler.class = null
	sasl.jaas.config = null
	sasl.kerberos.kinit.cmd = /usr/bin/kinit
	sasl.kerberos.min.time.before.relogin = 60000
	sasl.kerberos.service.name = null
	sasl.kerberos.ticket.renew.jitter = 0.05
	sasl.kerberos.ticket.renew.window.factor = 0.8
	sasl.login.callback.handler.class = null
	sasl.login.class = null
	sasl.login.connect.timeout.ms = null
	sasl.login.read.timeout.ms = null
	sasl.login.refresh.buffer.seconds = 300
	sasl.login.refresh.min.period.seconds = 60
	sasl.login.refresh.window.factor = 0.8
	sasl.login.refresh.window.jitter = 0.05
	sasl.login.retry.backoff.max.ms = 10000
	sasl.login.retry.backoff.ms = 100
	sasl.mechanism = GSSAPI
	sasl.oauthbearer.clock.skew.seconds = 30
	sasl.oauthbearer.expected.audience = null
	sasl.oauthbearer.expected.issuer = null
	sasl.oauthbearer.header.urlencode = false
	sasl.oauthbearer.jwks.endpoint.refresh.ms = 3600000
	sasl.oauthbearer.jwks.endpoint.retry.backoff.max.ms = 10000
	sasl.oauthbearer.jwks.endpoint.retry.backoff.ms = 100
	sasl.oauthbearer.jwks.endpoint.url = null
	sasl.oauthbearer.scope.claim.name = scope
	sasl.oauthbearer.sub.claim.name = sub
	sasl.oauthbearer.token.endpoint.url = null
	security.protocol = PLAINTEXT
	security.providers = null
	send.buffer.bytes = 131072
	socket.connection.setup.timeout.max.ms = 30000
	socket.connection.setup.timeout.ms = 10000
	ssl.cipher.suites = null
	ssl.enabled.protocols = [TLSv1.2, TLSv1.3]
	ssl.endpoint.identification.algorithm = https
	ssl.engine.factory.class = null
	ssl.key.password = null
	ssl.keymanager.algorithm = SunX509
	ssl.keystore.certificate.chain = null
	ssl.keystore.key = null
	ssl.keystore.location = null
	ssl.keystore.password = null
	ssl.keystore.type = JKS
	ssl.protocol = TLSv1.3
	ssl.provider = null
	ssl.secure.random.implementation = null
	ssl.trustmanager.algorithm = PKIX
	ssl.truststore.certificates = null
	ssl.truststore.location = null
	ssl.truststore.password = null
	ssl.truststore.type = JKS
	transaction.timeout.ms = 60000
	transactional.id = null
	value.serializer = class io.apicurio.registry.serde.avro.AvroKafkaSerializer

2025-07-31 20:43:37,228 INFO  [org.apa.kaf.com.tel.int.KafkaMetricsCollector] (main) initializing Kafka metrics collector
2025-07-31 20:43:37,230 INFO  [org.apa.kaf.cli.pro.KafkaProducer] (main) [Producer clientId=Producer-topic-45e3dbef_f9c5_4868_b7ee_8cd6ce021062] Instantiated an idempotent producer.
2025-07-31 20:43:37,232 INFO  [org.apa.kaf.cli.pro.ProducerConfig] (main) These configurations '[apicurio.registry.find-latest, apicurio.registry.url, apicurio.registry.artifact-resolver-strategy]' were supplied but are not used yet.
2025-07-31 20:43:37,232 INFO  [org.apa.kaf.com.uti.AppInfoParser] (main) Kafka version: 3.9.1
2025-07-31 20:43:37,232 INFO  [org.apa.kaf.com.uti.AppInfoParser] (main) Kafka commitId: f745dfdcee2b9851
2025-07-31 20:43:37,232 INFO  [org.apa.kaf.com.uti.AppInfoParser] (main) Kafka startTimeMs: 1753994617232
2025-07-31 20:43:37,232 INFO  [io.api.tes.ser.api.SimpleSerdesTesterBuilder$SimpleSerdesTester] (main) Using producer configuration: {apicurio.registry.find-latest=true, apicurio.registry.url=http://registry-app-kafkasql.apps.ci419.apicurio-testing.org:80/apis/registry/v3, apicurio.registry.artifact-resolver-strategy=io.apicurio.registry.serde.strategy.TopicIdStrategy, value.serializer=io.apicurio.registry.serde.avro.AvroKafkaSerializer, request.timeout.ms=5000, acks=all, bootstrap.servers=PLAINTEXT://localhost:32770, connections.max.idle.ms=10000, key.serializer=org.apache.kafka.common.serialization.StringSerializer, client.id=Producer-topic-45e3dbef_f9c5_4868_b7ee_8cd6ce021062}
2025-07-31 20:43:37,232 INFO  [io.api.tes.ser.api.SimpleSerdesTesterBuilder$SimpleSerdesTester] (main) Using consumer configuration: {}
2025-07-31 20:43:37,232 INFO  [io.api.tes.ser.api.KafkaSerdesTester] (Thread-639) Sending message {"key11753994616124": "value-0"} to topic topic-45e3dbef_f9c5_4868_b7ee_8cd6ce021062
2025-07-31 20:43:37,236 INFO  [org.apa.kaf.cli.Metadata] (kafka-producer-network-thread | Producer-topic-45e3dbef_f9c5_4868_b7ee_8cd6ce021062) [Producer clientId=Producer-topic-45e3dbef_f9c5_4868_b7ee_8cd6ce021062] Cluster ID: cdvAFU1gQSCWwJ-LEPQTSg
2025-07-31 20:43:37,237 INFO  [org.apa.kaf.cli.pro.int.TransactionManager] (kafka-producer-network-thread | Producer-topic-45e3dbef_f9c5_4868_b7ee_8cd6ce021062) [Producer clientId=Producer-topic-45e3dbef_f9c5_4868_b7ee_8cd6ce021062] ProducerId set to 9 with epoch 0
2025-07-31 20:43:37,347 INFO  [io.api.tes.ser.api.KafkaSerdesTester] (Thread-639) Sending message {"key11753994616124": "value-1"} to topic topic-45e3dbef_f9c5_4868_b7ee_8cd6ce021062
2025-07-31 20:43:37,350 INFO  [io.api.tes.ser.api.KafkaSerdesTester] (Thread-639) Sending message {"key11753994616124": "value-2"} to topic topic-45e3dbef_f9c5_4868_b7ee_8cd6ce021062
2025-07-31 20:43:37,352 INFO  [io.api.tes.ser.api.KafkaSerdesTester] (Thread-639) Sending message {"key11753994616124": "value-3"} to topic topic-45e3dbef_f9c5_4868_b7ee_8cd6ce021062
2025-07-31 20:43:37,353 INFO  [io.api.tes.ser.api.KafkaSerdesTester] (Thread-639) Sending message {"key11753994616124": "value-4"} to topic topic-45e3dbef_f9c5_4868_b7ee_8cd6ce021062
2025-07-31 20:43:37,355 INFO  [io.api.tes.ser.api.KafkaSerdesTester] (Thread-639) Sending message {"key11753994616124": "value-5"} to topic topic-45e3dbef_f9c5_4868_b7ee_8cd6ce021062
2025-07-31 20:43:37,357 INFO  [io.api.tes.ser.api.KafkaSerdesTester] (Thread-639) Sending message {"key11753994616124": "value-6"} to topic topic-45e3dbef_f9c5_4868_b7ee_8cd6ce021062
2025-07-31 20:43:37,360 INFO  [io.api.tes.ser.api.KafkaSerdesTester] (Thread-639) Sending message {"key11753994616124": "value-7"} to topic topic-45e3dbef_f9c5_4868_b7ee_8cd6ce021062
2025-07-31 20:43:37,363 INFO  [io.api.tes.ser.api.KafkaSerdesTester] (Thread-639) Sending message {"key11753994616124": "value-8"} to topic topic-45e3dbef_f9c5_4868_b7ee_8cd6ce021062
2025-07-31 20:43:37,367 INFO  [io.api.tes.ser.api.KafkaSerdesTester] (Thread-639) Sending message {"key11753994616124": "value-9"} to topic topic-45e3dbef_f9c5_4868_b7ee_8cd6ce021062
2025-07-31 20:43:37,371 INFO  [io.api.tes.ser.api.KafkaSerdesTester] (Thread-639) Produced 10 messages
2025-07-31 20:43:37,371 INFO  [org.apa.kaf.cli.pro.KafkaProducer] (Thread-639) [Producer clientId=Producer-topic-45e3dbef_f9c5_4868_b7ee_8cd6ce021062] Closing the Kafka producer with timeoutMillis = 9223372036854775807 ms.
2025-07-31 20:43:37,374 INFO  [org.apa.kaf.com.met.Metrics] (Thread-639) Metrics scheduler closed
2025-07-31 20:43:37,374 INFO  [org.apa.kaf.com.met.Metrics] (Thread-639) Closing reporter org.apache.kafka.common.metrics.JmxReporter
2025-07-31 20:43:37,374 INFO  [org.apa.kaf.com.met.Metrics] (Thread-639) Closing reporter org.apache.kafka.common.telemetry.internals.ClientTelemetryReporter
2025-07-31 20:43:37,374 INFO  [org.apa.kaf.com.met.Metrics] (Thread-639) Metrics reporters closed
2025-07-31 20:43:37,375 INFO  [org.apa.kaf.com.uti.AppInfoParser] (Thread-639) App info kafka.producer for Producer-topic-45e3dbef_f9c5_4868_b7ee_8cd6ce021062 unregistered
**** Registry Base URL: http://registry-app-kafkasql.apps.ci419.apicurio-testing.org:80
2025-07-31 20:43:37,377 INFO  [org.apa.kaf.cli.con.ConsumerConfig] (main) ConsumerConfig values: 
	allow.auto.create.topics = true
	auto.commit.interval.ms = 500
	auto.include.jmx.reporter = true
	auto.offset.reset = earliest
	bootstrap.servers = [PLAINTEXT://localhost:32770]
	check.crcs = true
	client.dns.lookup = use_all_dns_ips
	client.id = consumer-Consumer-topic-45e3dbef_f9c5_4868_b7ee_8cd6ce021062-7
	client.rack = 
	connections.max.idle.ms = 10000
	default.api.timeout.ms = 60000
	enable.auto.commit = true
	enable.metrics.push = true
	exclude.internal.topics = true
	fetch.max.bytes = 52428800
	fetch.max.wait.ms = 500
	fetch.min.bytes = 1
	group.id = Consumer-topic-45e3dbef_f9c5_4868_b7ee_8cd6ce021062
	group.instance.id = null
	group.protocol = classic
	group.remote.assignor = null
	heartbeat.interval.ms = 3000
	interceptor.classes = []
	internal.leave.group.on.close = true
	internal.throw.on.fetch.stable.offset.unsupported = false
	isolation.level = read_uncommitted
	key.deserializer = class org.apache.kafka.common.serialization.StringDeserializer
	max.partition.fetch.bytes = 1048576
	max.poll.interval.ms = 300000
	max.poll.records = 500
	metadata.max.age.ms = 300000
	metadata.recovery.strategy = none
	metric.reporters = []
	metrics.num.samples = 2
	metrics.recording.level = INFO
	metrics.sample.window.ms = 30000
	partition.assignment.strategy = [class org.apache.kafka.clients.consumer.RangeAssignor, class org.apache.kafka.clients.consumer.CooperativeStickyAssignor]
	receive.buffer.bytes = 65536
	reconnect.backoff.max.ms = 1000
	reconnect.backoff.ms = 50
	request.timeout.ms = 5000
	retry.backoff.max.ms = 1000
	retry.backoff.ms = 100
	sasl.client.callback.handler.class = null
	sasl.jaas.config = null
	sasl.kerberos.kinit.cmd = /usr/bin/kinit
	sasl.kerberos.min.time.before.relogin = 60000
	sasl.kerberos.service.name = null
	sasl.kerberos.ticket.renew.jitter = 0.05
	sasl.kerberos.ticket.renew.window.factor = 0.8
	sasl.login.callback.handler.class = null
	sasl.login.class = null
	sasl.login.connect.timeout.ms = null
	sasl.login.read.timeout.ms = null
	sasl.login.refresh.buffer.seconds = 300
	sasl.login.refresh.min.period.seconds = 60
	sasl.login.refresh.window.factor = 0.8
	sasl.login.refresh.window.jitter = 0.05
	sasl.login.retry.backoff.max.ms = 10000
	sasl.login.retry.backoff.ms = 100
	sasl.mechanism = GSSAPI
	sasl.oauthbearer.clock.skew.seconds = 30
	sasl.oauthbearer.expected.audience = null
	sasl.oauthbearer.expected.issuer = null
	sasl.oauthbearer.header.urlencode = false
	sasl.oauthbearer.jwks.endpoint.refresh.ms = 3600000
	sasl.oauthbearer.jwks.endpoint.retry.backoff.max.ms = 10000
	sasl.oauthbearer.jwks.endpoint.retry.backoff.ms = 100
	sasl.oauthbearer.jwks.endpoint.url = null
	sasl.oauthbearer.scope.claim.name = scope
	sasl.oauthbearer.sub.claim.name = sub
	sasl.oauthbearer.token.endpoint.url = null
	security.protocol = PLAINTEXT
	security.providers = null
	send.buffer.bytes = 131072
	session.timeout.ms = 45000
	socket.connection.setup.timeout.max.ms = 30000
	socket.connection.setup.timeout.ms = 10000
	ssl.cipher.suites = null
	ssl.enabled.protocols = [TLSv1.2, TLSv1.3]
	ssl.endpoint.identification.algorithm = https
	ssl.engine.factory.class = null
	ssl.key.password = null
	ssl.keymanager.algorithm = SunX509
	ssl.keystore.certificate.chain = null
	ssl.keystore.key = null
	ssl.keystore.location = null
	ssl.keystore.password = null
	ssl.keystore.type = JKS
	ssl.protocol = TLSv1.3
	ssl.provider = null
	ssl.secure.random.implementation = null
	ssl.trustmanager.algorithm = PKIX
	ssl.truststore.certificates = null
	ssl.truststore.location = null
	ssl.truststore.password = null
	ssl.truststore.type = JKS
	value.deserializer = class io.apicurio.registry.serde.avro.AvroKafkaDeserializer

2025-07-31 20:43:37,377 INFO  [org.apa.kaf.com.tel.int.KafkaMetricsCollector] (main) initializing Kafka metrics collector
2025-07-31 20:43:37,391 INFO  [org.apa.kaf.cli.con.ConsumerConfig] (main) These configurations '[apicurio.registry.url]' were supplied but are not used yet.
2025-07-31 20:43:37,391 INFO  [org.apa.kaf.com.uti.AppInfoParser] (main) Kafka version: 3.9.1
2025-07-31 20:43:37,394 INFO  [org.apa.kaf.com.uti.AppInfoParser] (main) Kafka commitId: f745dfdcee2b9851
2025-07-31 20:43:37,395 INFO  [org.apa.kaf.com.uti.AppInfoParser] (main) Kafka startTimeMs: 1753994617391
2025-07-31 20:43:37,396 INFO  [org.apa.kaf.cli.con.int.ClassicKafkaConsumer] (Thread-642) [Consumer clientId=consumer-Consumer-topic-45e3dbef_f9c5_4868_b7ee_8cd6ce021062-7, groupId=Consumer-topic-45e3dbef_f9c5_4868_b7ee_8cd6ce021062] Subscribed to topic(s): topic-45e3dbef_f9c5_4868_b7ee_8cd6ce021062
2025-07-31 20:43:37,407 INFO  [org.apa.kaf.cli.Metadata] (Thread-642) [Consumer clientId=consumer-Consumer-topic-45e3dbef_f9c5_4868_b7ee_8cd6ce021062-7, groupId=Consumer-topic-45e3dbef_f9c5_4868_b7ee_8cd6ce021062] Cluster ID: cdvAFU1gQSCWwJ-LEPQTSg
2025-07-31 20:43:37,409 INFO  [org.apa.kaf.cli.con.int.ConsumerCoordinator] (Thread-642) [Consumer clientId=consumer-Consumer-topic-45e3dbef_f9c5_4868_b7ee_8cd6ce021062-7, groupId=Consumer-topic-45e3dbef_f9c5_4868_b7ee_8cd6ce021062] Discovered group coordinator localhost:32770 (id: 2147483647 rack: null)
2025-07-31 20:43:37,415 INFO  [org.apa.kaf.cli.con.int.ConsumerCoordinator] (Thread-642) [Consumer clientId=consumer-Consumer-topic-45e3dbef_f9c5_4868_b7ee_8cd6ce021062-7, groupId=Consumer-topic-45e3dbef_f9c5_4868_b7ee_8cd6ce021062] (Re-)joining group
2025-07-31 20:43:37,427 INFO  [org.apa.kaf.cli.con.int.ConsumerCoordinator] (Thread-642) [Consumer clientId=consumer-Consumer-topic-45e3dbef_f9c5_4868_b7ee_8cd6ce021062-7, groupId=Consumer-topic-45e3dbef_f9c5_4868_b7ee_8cd6ce021062] Request joining group due to: need to re-join with the given member-id: consumer-Consumer-topic-45e3dbef_f9c5_4868_b7ee_8cd6ce021062-7-6b428ce0-09ad-46de-8fe3-7d8d41939b31
2025-07-31 20:43:37,427 INFO  [org.apa.kaf.cli.con.int.ConsumerCoordinator] (Thread-642) [Consumer clientId=consumer-Consumer-topic-45e3dbef_f9c5_4868_b7ee_8cd6ce021062-7, groupId=Consumer-topic-45e3dbef_f9c5_4868_b7ee_8cd6ce021062] (Re-)joining group
2025-07-31 20:43:37,434 INFO  [org.apa.kaf.cli.con.int.ConsumerCoordinator] (Thread-642) [Consumer clientId=consumer-Consumer-topic-45e3dbef_f9c5_4868_b7ee_8cd6ce021062-7, groupId=Consumer-topic-45e3dbef_f9c5_4868_b7ee_8cd6ce021062] Successfully joined group with generation Generation{generationId=1, memberId='consumer-Consumer-topic-45e3dbef_f9c5_4868_b7ee_8cd6ce021062-7-6b428ce0-09ad-46de-8fe3-7d8d41939b31', protocol='range'}
2025-07-31 20:43:37,435 INFO  [org.apa.kaf.cli.con.int.ConsumerCoordinator] (Thread-642) [Consumer clientId=consumer-Consumer-topic-45e3dbef_f9c5_4868_b7ee_8cd6ce021062-7, groupId=Consumer-topic-45e3dbef_f9c5_4868_b7ee_8cd6ce021062] Finished assignment for group at generation 1: {consumer-Consumer-topic-45e3dbef_f9c5_4868_b7ee_8cd6ce021062-7-6b428ce0-09ad-46de-8fe3-7d8d41939b31=Assignment(partitions=[topic-45e3dbef_f9c5_4868_b7ee_8cd6ce021062-0])}
2025-07-31 20:43:37,438 INFO  [org.apa.kaf.cli.con.int.ConsumerCoordinator] (Thread-642) [Consumer clientId=consumer-Consumer-topic-45e3dbef_f9c5_4868_b7ee_8cd6ce021062-7, groupId=Consumer-topic-45e3dbef_f9c5_4868_b7ee_8cd6ce021062] Successfully synced group in generation Generation{generationId=1, memberId='consumer-Consumer-topic-45e3dbef_f9c5_4868_b7ee_8cd6ce021062-7-6b428ce0-09ad-46de-8fe3-7d8d41939b31', protocol='range'}
2025-07-31 20:43:37,438 INFO  [org.apa.kaf.cli.con.int.ConsumerCoordinator] (Thread-642) [Consumer clientId=consumer-Consumer-topic-45e3dbef_f9c5_4868_b7ee_8cd6ce021062-7, groupId=Consumer-topic-45e3dbef_f9c5_4868_b7ee_8cd6ce021062] Notifying assignor about the new Assignment(partitions=[topic-45e3dbef_f9c5_4868_b7ee_8cd6ce021062-0])
2025-07-31 20:43:37,438 INFO  [org.apa.kaf.cli.con.int.ConsumerRebalanceListenerInvoker] (Thread-642) [Consumer clientId=consumer-Consumer-topic-45e3dbef_f9c5_4868_b7ee_8cd6ce021062-7, groupId=Consumer-topic-45e3dbef_f9c5_4868_b7ee_8cd6ce021062] Adding newly assigned partitions: topic-45e3dbef_f9c5_4868_b7ee_8cd6ce021062-0
2025-07-31 20:43:37,442 INFO  [org.apa.kaf.cli.con.int.ConsumerCoordinator] (Thread-642) [Consumer clientId=consumer-Consumer-topic-45e3dbef_f9c5_4868_b7ee_8cd6ce021062-7, groupId=Consumer-topic-45e3dbef_f9c5_4868_b7ee_8cd6ce021062] Found no committed offset for partition topic-45e3dbef_f9c5_4868_b7ee_8cd6ce021062-0
2025-07-31 20:43:37,449 INFO  [org.apa.kaf.cli.con.int.SubscriptionState] (Thread-642) [Consumer clientId=consumer-Consumer-topic-45e3dbef_f9c5_4868_b7ee_8cd6ce021062-7, groupId=Consumer-topic-45e3dbef_f9c5_4868_b7ee_8cd6ce021062] Resetting offset for partition topic-45e3dbef_f9c5_4868_b7ee_8cd6ce021062-0 to position FetchPosition{offset=0, offsetEpoch=Optional.empty, currentLeader=LeaderAndEpoch{leader=Optional[localhost:32770 (id: 0 rack: null)], epoch=0}}.
2025-07-31 20:43:37,529 INFO  [io.api.tes.ser.api.KafkaSerdesTester] (Thread-642) topic-45e3dbef_f9c5_4868_b7ee_8cd6ce021062 0 0 {"key11753994616124": "value-0"}
2025-07-31 20:43:37,530 INFO  [io.api.tes.ser.api.KafkaSerdesTester] (Thread-642) topic-45e3dbef_f9c5_4868_b7ee_8cd6ce021062 0 1 {"key11753994616124": "value-1"}
2025-07-31 20:43:37,530 INFO  [io.api.tes.ser.api.KafkaSerdesTester] (Thread-642) topic-45e3dbef_f9c5_4868_b7ee_8cd6ce021062 0 2 {"key11753994616124": "value-2"}
2025-07-31 20:43:37,530 INFO  [io.api.tes.ser.api.KafkaSerdesTester] (Thread-642) topic-45e3dbef_f9c5_4868_b7ee_8cd6ce021062 0 3 {"key11753994616124": "value-3"}
2025-07-31 20:43:37,530 INFO  [io.api.tes.ser.api.KafkaSerdesTester] (Thread-642) topic-45e3dbef_f9c5_4868_b7ee_8cd6ce021062 0 4 {"key11753994616124": "value-4"}
2025-07-31 20:43:37,530 INFO  [io.api.tes.ser.api.KafkaSerdesTester] (Thread-642) topic-45e3dbef_f9c5_4868_b7ee_8cd6ce021062 0 5 {"key11753994616124": "value-5"}
2025-07-31 20:43:37,530 INFO  [io.api.tes.ser.api.KafkaSerdesTester] (Thread-642) topic-45e3dbef_f9c5_4868_b7ee_8cd6ce021062 0 6 {"key11753994616124": "value-6"}
2025-07-31 20:43:37,530 INFO  [io.api.tes.ser.api.KafkaSerdesTester] (Thread-642) topic-45e3dbef_f9c5_4868_b7ee_8cd6ce021062 0 7 {"key11753994616124": "value-7"}
2025-07-31 20:43:37,530 INFO  [io.api.tes.ser.api.KafkaSerdesTester] (Thread-642) topic-45e3dbef_f9c5_4868_b7ee_8cd6ce021062 0 8 {"key11753994616124": "value-8"}
2025-07-31 20:43:37,530 INFO  [io.api.tes.ser.api.KafkaSerdesTester] (Thread-642) topic-45e3dbef_f9c5_4868_b7ee_8cd6ce021062 0 9 {"key11753994616124": "value-9"}
2025-07-31 20:43:37,530 INFO  [io.api.tes.ser.api.KafkaSerdesTester] (Thread-642) Consumed 10 messages
2025-07-31 20:43:37,533 INFO  [org.apa.kaf.cli.con.int.ConsumerRebalanceListenerInvoker] (Thread-642) [Consumer clientId=consumer-Consumer-topic-45e3dbef_f9c5_4868_b7ee_8cd6ce021062-7, groupId=Consumer-topic-45e3dbef_f9c5_4868_b7ee_8cd6ce021062] Revoke previously assigned partitions topic-45e3dbef_f9c5_4868_b7ee_8cd6ce021062-0
2025-07-31 20:43:37,533 INFO  [org.apa.kaf.cli.con.int.ConsumerCoordinator] (Thread-642) [Consumer clientId=consumer-Consumer-topic-45e3dbef_f9c5_4868_b7ee_8cd6ce021062-7, groupId=Consumer-topic-45e3dbef_f9c5_4868_b7ee_8cd6ce021062] Member consumer-Consumer-topic-45e3dbef_f9c5_4868_b7ee_8cd6ce021062-7-6b428ce0-09ad-46de-8fe3-7d8d41939b31 sending LeaveGroup request to coordinator localhost:32770 (id: 2147483647 rack: null) due to the consumer is being closed
2025-07-31 20:43:37,533 INFO  [org.apa.kaf.cli.con.int.ConsumerCoordinator] (Thread-642) [Consumer clientId=consumer-Consumer-topic-45e3dbef_f9c5_4868_b7ee_8cd6ce021062-7, groupId=Consumer-topic-45e3dbef_f9c5_4868_b7ee_8cd6ce021062] Resetting generation and member id due to: consumer pro-actively leaving the group
2025-07-31 20:43:37,533 INFO  [org.apa.kaf.cli.con.int.ConsumerCoordinator] (Thread-642) [Consumer clientId=consumer-Consumer-topic-45e3dbef_f9c5_4868_b7ee_8cd6ce021062-7, groupId=Consumer-topic-45e3dbef_f9c5_4868_b7ee_8cd6ce021062] Request joining group due to: consumer pro-actively leaving the group
2025-07-31 20:43:38,033 INFO  [org.apa.kaf.com.met.Metrics] (Thread-642) Metrics scheduler closed
2025-07-31 20:43:38,033 INFO  [org.apa.kaf.com.met.Metrics] (Thread-642) Closing reporter org.apache.kafka.common.metrics.JmxReporter
2025-07-31 20:43:38,033 INFO  [org.apa.kaf.com.met.Metrics] (Thread-642) Closing reporter org.apache.kafka.common.telemetry.internals.ClientTelemetryReporter
2025-07-31 20:43:38,033 INFO  [org.apa.kaf.com.met.Metrics] (Thread-642) Metrics reporters closed
2025-07-31 20:43:38,036 INFO  [org.apa.kaf.com.uti.AppInfoParser] (Thread-642) App info kafka.consumer for consumer-Consumer-topic-45e3dbef_f9c5_4868_b7ee_8cd6ce021062-7 unregistered
2025-07-31 20:43:38,037 INFO  [io.api.tes.uti.TestSeparator] (main) io.apicurio.tests.serdes.apicurio.AvroSerdeIT.testTopicIdStrategyFindLatest-FINISHED
2025-07-31 20:43:38,037 INFO  [io.api.tes.uti.TestSeparator] (main) ############################################################################
Test passed: testTopicIdStrategyFindLatest
]]></system-out>
  </testcase>
  <testcase name="testAvroUnionWithSpecificReader" classname="io.apicurio.tests.serdes.apicurio.AvroSerdeIT" time="1.18">
    <system-out><![CDATA[2025-07-31 20:43:38,039 INFO  [io.api.tes.uti.TestSeparator] (main) ############################################################################
2025-07-31 20:43:38,039 INFO  [io.api.tes.uti.TestSeparator] (main) io.apicurio.tests.serdes.apicurio.AvroSerdeIT.testAvroUnionWithSpecificReader-STARTED
**** Registry Base URL: http://registry-app-kafkasql.apps.ci419.apicurio-testing.org:80
2025-07-31 20:43:38,050 INFO  [org.apa.kaf.cli.pro.ProducerConfig] (main) ProducerConfig values: 
	acks = -1
	auto.include.jmx.reporter = true
	batch.size = 16384
	bootstrap.servers = [PLAINTEXT://localhost:32770]
	buffer.memory = 33554432
	client.dns.lookup = use_all_dns_ips
	client.id = Producer-topic-7b2afc1c_fa66_4c9a_8b31_711fd302f5ec
	compression.gzip.level = -1
	compression.lz4.level = 9
	compression.type = none
	compression.zstd.level = 3
	connections.max.idle.ms = 10000
	delivery.timeout.ms = 120000
	enable.idempotence = true
	enable.metrics.push = true
	interceptor.classes = []
	key.serializer = class org.apache.kafka.common.serialization.StringSerializer
	linger.ms = 0
	max.block.ms = 60000
	max.in.flight.requests.per.connection = 5
	max.request.size = 1048576
	metadata.max.age.ms = 300000
	metadata.max.idle.ms = 300000
	metadata.recovery.strategy = none
	metric.reporters = []
	metrics.num.samples = 2
	metrics.recording.level = INFO
	metrics.sample.window.ms = 30000
	partitioner.adaptive.partitioning.enable = true
	partitioner.availability.timeout.ms = 0
	partitioner.class = null
	partitioner.ignore.keys = false
	receive.buffer.bytes = 32768
	reconnect.backoff.max.ms = 1000
	reconnect.backoff.ms = 50
	request.timeout.ms = 5000
	retries = 2147483647
	retry.backoff.max.ms = 1000
	retry.backoff.ms = 100
	sasl.client.callback.handler.class = null
	sasl.jaas.config = null
	sasl.kerberos.kinit.cmd = /usr/bin/kinit
	sasl.kerberos.min.time.before.relogin = 60000
	sasl.kerberos.service.name = null
	sasl.kerberos.ticket.renew.jitter = 0.05
	sasl.kerberos.ticket.renew.window.factor = 0.8
	sasl.login.callback.handler.class = null
	sasl.login.class = null
	sasl.login.connect.timeout.ms = null
	sasl.login.read.timeout.ms = null
	sasl.login.refresh.buffer.seconds = 300
	sasl.login.refresh.min.period.seconds = 60
	sasl.login.refresh.window.factor = 0.8
	sasl.login.refresh.window.jitter = 0.05
	sasl.login.retry.backoff.max.ms = 10000
	sasl.login.retry.backoff.ms = 100
	sasl.mechanism = GSSAPI
	sasl.oauthbearer.clock.skew.seconds = 30
	sasl.oauthbearer.expected.audience = null
	sasl.oauthbearer.expected.issuer = null
	sasl.oauthbearer.header.urlencode = false
	sasl.oauthbearer.jwks.endpoint.refresh.ms = 3600000
	sasl.oauthbearer.jwks.endpoint.retry.backoff.max.ms = 10000
	sasl.oauthbearer.jwks.endpoint.retry.backoff.ms = 100
	sasl.oauthbearer.jwks.endpoint.url = null
	sasl.oauthbearer.scope.claim.name = scope
	sasl.oauthbearer.sub.claim.name = sub
	sasl.oauthbearer.token.endpoint.url = null
	security.protocol = PLAINTEXT
	security.providers = null
	send.buffer.bytes = 131072
	socket.connection.setup.timeout.max.ms = 30000
	socket.connection.setup.timeout.ms = 10000
	ssl.cipher.suites = null
	ssl.enabled.protocols = [TLSv1.2, TLSv1.3]
	ssl.endpoint.identification.algorithm = https
	ssl.engine.factory.class = null
	ssl.key.password = null
	ssl.keymanager.algorithm = SunX509
	ssl.keystore.certificate.chain = null
	ssl.keystore.key = null
	ssl.keystore.location = null
	ssl.keystore.password = null
	ssl.keystore.type = JKS
	ssl.protocol = TLSv1.3
	ssl.provider = null
	ssl.secure.random.implementation = null
	ssl.trustmanager.algorithm = PKIX
	ssl.truststore.certificates = null
	ssl.truststore.location = null
	ssl.truststore.password = null
	ssl.truststore.type = JKS
	transaction.timeout.ms = 60000
	transactional.id = null
	value.serializer = class io.apicurio.registry.serde.avro.AvroKafkaSerializer

2025-07-31 20:43:38,051 INFO  [org.apa.kaf.com.tel.int.KafkaMetricsCollector] (main) initializing Kafka metrics collector
2025-07-31 20:43:38,059 INFO  [org.apa.kaf.cli.pro.KafkaProducer] (main) [Producer clientId=Producer-topic-7b2afc1c_fa66_4c9a_8b31_711fd302f5ec] Instantiated an idempotent producer.
2025-07-31 20:43:38,063 INFO  [org.apa.kaf.cli.pro.ProducerConfig] (main) These configurations '[apicurio.registry.url, apicurio.registry.auto-register, apicurio.registry.artifact-resolver-strategy]' were supplied but are not used yet.
2025-07-31 20:43:38,063 INFO  [org.apa.kaf.com.uti.AppInfoParser] (main) Kafka version: 3.9.1
2025-07-31 20:43:38,063 INFO  [org.apa.kaf.com.uti.AppInfoParser] (main) Kafka commitId: f745dfdcee2b9851
2025-07-31 20:43:38,063 INFO  [org.apa.kaf.com.uti.AppInfoParser] (main) Kafka startTimeMs: 1753994618063
2025-07-31 20:43:38,063 INFO  [io.api.tes.ser.api.SimpleSerdesTesterBuilder$SimpleSerdesTester] (main) Using producer configuration: {apicurio.registry.url=http://registry-app-kafkasql.apps.ci419.apicurio-testing.org:80/apis/registry/v3, apicurio.registry.auto-register=true, apicurio.registry.artifact-resolver-strategy=io.apicurio.registry.serde.strategy.TopicIdStrategy, value.serializer=io.apicurio.registry.serde.avro.AvroKafkaSerializer, request.timeout.ms=5000, acks=all, bootstrap.servers=PLAINTEXT://localhost:32770, connections.max.idle.ms=10000, key.serializer=org.apache.kafka.common.serialization.StringSerializer, client.id=Producer-topic-7b2afc1c_fa66_4c9a_8b31_711fd302f5ec}
2025-07-31 20:43:38,063 INFO  [io.api.tes.ser.api.SimpleSerdesTesterBuilder$SimpleSerdesTester] (main) Using consumer configuration: {}
2025-07-31 20:43:38,068 INFO  [io.api.tes.ser.api.KafkaSerdesTester] (Thread-645) Sending message {"id": "record-0"} to topic topic-7b2afc1c_fa66_4c9a_8b31_711fd302f5ec
2025-07-31 20:43:38,079 WARN  [org.apa.kaf.cli.NetworkClient] (kafka-producer-network-thread | Producer-topic-7b2afc1c_fa66_4c9a_8b31_711fd302f5ec) [Producer clientId=Producer-topic-7b2afc1c_fa66_4c9a_8b31_711fd302f5ec] The metadata response from the cluster reported a recoverable issue with correlation id 2 : {topic-7b2afc1c_fa66_4c9a_8b31_711fd302f5ec=LEADER_NOT_AVAILABLE}
2025-07-31 20:43:38,079 INFO  [org.apa.kaf.cli.Metadata] (kafka-producer-network-thread | Producer-topic-7b2afc1c_fa66_4c9a_8b31_711fd302f5ec) [Producer clientId=Producer-topic-7b2afc1c_fa66_4c9a_8b31_711fd302f5ec] Cluster ID: cdvAFU1gQSCWwJ-LEPQTSg
2025-07-31 20:43:38,080 INFO  [org.apa.kaf.cli.pro.int.TransactionManager] (kafka-producer-network-thread | Producer-topic-7b2afc1c_fa66_4c9a_8b31_711fd302f5ec) [Producer clientId=Producer-topic-7b2afc1c_fa66_4c9a_8b31_711fd302f5ec] ProducerId set to 10 with epoch 0
2025-07-31 20:43:38,290 INFO  [io.api.tes.ser.api.KafkaSerdesTester] (Thread-645) Sending message {"value": 1} to topic topic-7b2afc1c_fa66_4c9a_8b31_711fd302f5ec
2025-07-31 20:43:38,378 INFO  [io.api.tes.ser.api.KafkaSerdesTester] (Thread-645) Sending message {"active": true} to topic topic-7b2afc1c_fa66_4c9a_8b31_711fd302f5ec
2025-07-31 20:43:38,456 INFO  [io.api.tes.ser.api.KafkaSerdesTester] (Thread-645) Sending message {"id": "record-3"} to topic topic-7b2afc1c_fa66_4c9a_8b31_711fd302f5ec
2025-07-31 20:43:38,457 INFO  [io.api.tes.ser.api.KafkaSerdesTester] (Thread-645) Sending message {"value": 4} to topic topic-7b2afc1c_fa66_4c9a_8b31_711fd302f5ec
2025-07-31 20:43:38,459 INFO  [io.api.tes.ser.api.KafkaSerdesTester] (Thread-645) Sending message {"active": false} to topic topic-7b2afc1c_fa66_4c9a_8b31_711fd302f5ec
2025-07-31 20:43:38,460 INFO  [io.api.tes.ser.api.KafkaSerdesTester] (Thread-645) Sending message {"id": "record-6"} to topic topic-7b2afc1c_fa66_4c9a_8b31_711fd302f5ec
2025-07-31 20:43:38,465 INFO  [io.api.tes.ser.api.KafkaSerdesTester] (Thread-645) Sending message {"value": 7} to topic topic-7b2afc1c_fa66_4c9a_8b31_711fd302f5ec
2025-07-31 20:43:38,466 INFO  [io.api.tes.ser.api.KafkaSerdesTester] (Thread-645) Sending message {"active": true} to topic topic-7b2afc1c_fa66_4c9a_8b31_711fd302f5ec
2025-07-31 20:43:38,468 INFO  [io.api.tes.ser.api.KafkaSerdesTester] (Thread-645) Sending message {"id": "record-9"} to topic topic-7b2afc1c_fa66_4c9a_8b31_711fd302f5ec
2025-07-31 20:43:38,469 INFO  [io.api.tes.ser.api.KafkaSerdesTester] (Thread-645) Produced 10 messages
2025-07-31 20:43:38,469 INFO  [org.apa.kaf.cli.pro.KafkaProducer] (Thread-645) [Producer clientId=Producer-topic-7b2afc1c_fa66_4c9a_8b31_711fd302f5ec] Closing the Kafka producer with timeoutMillis = 9223372036854775807 ms.
2025-07-31 20:43:38,471 INFO  [org.apa.kaf.com.met.Metrics] (Thread-645) Metrics scheduler closed
2025-07-31 20:43:38,471 INFO  [org.apa.kaf.com.met.Metrics] (Thread-645) Closing reporter org.apache.kafka.common.metrics.JmxReporter
2025-07-31 20:43:38,472 INFO  [org.apa.kaf.com.met.Metrics] (Thread-645) Closing reporter org.apache.kafka.common.telemetry.internals.ClientTelemetryReporter
2025-07-31 20:43:38,472 INFO  [org.apa.kaf.com.met.Metrics] (Thread-645) Metrics reporters closed
2025-07-31 20:43:38,472 INFO  [org.apa.kaf.com.uti.AppInfoParser] (Thread-645) App info kafka.producer for Producer-topic-7b2afc1c_fa66_4c9a_8b31_711fd302f5ec unregistered
2025-07-31 20:43:38,499 INFO  [io.api.tes.ser.api.AvroSerdeIT] (main) Artifact topic-7b2afc1c_fa66_4c9a_8b31_711fd302f5ec-value found in registry with globalId 25
**** Registry Base URL: http://registry-app-kafkasql.apps.ci419.apicurio-testing.org:80
2025-07-31 20:43:38,499 INFO  [org.apa.kaf.cli.con.ConsumerConfig] (main) ConsumerConfig values: 
	allow.auto.create.topics = true
	auto.commit.interval.ms = 500
	auto.include.jmx.reporter = true
	auto.offset.reset = earliest
	bootstrap.servers = [PLAINTEXT://localhost:32770]
	check.crcs = true
	client.dns.lookup = use_all_dns_ips
	client.id = consumer-Consumer-topic-7b2afc1c_fa66_4c9a_8b31_711fd302f5ec-8
	client.rack = 
	connections.max.idle.ms = 10000
	default.api.timeout.ms = 60000
	enable.auto.commit = true
	enable.metrics.push = true
	exclude.internal.topics = true
	fetch.max.bytes = 52428800
	fetch.max.wait.ms = 500
	fetch.min.bytes = 1
	group.id = Consumer-topic-7b2afc1c_fa66_4c9a_8b31_711fd302f5ec
	group.instance.id = null
	group.protocol = classic
	group.remote.assignor = null
	heartbeat.interval.ms = 3000
	interceptor.classes = []
	internal.leave.group.on.close = true
	internal.throw.on.fetch.stable.offset.unsupported = false
	isolation.level = read_uncommitted
	key.deserializer = class org.apache.kafka.common.serialization.StringDeserializer
	max.partition.fetch.bytes = 1048576
	max.poll.interval.ms = 300000
	max.poll.records = 500
	metadata.max.age.ms = 300000
	metadata.recovery.strategy = none
	metric.reporters = []
	metrics.num.samples = 2
	metrics.recording.level = INFO
	metrics.sample.window.ms = 30000
	partition.assignment.strategy = [class org.apache.kafka.clients.consumer.RangeAssignor, class org.apache.kafka.clients.consumer.CooperativeStickyAssignor]
	receive.buffer.bytes = 65536
	reconnect.backoff.max.ms = 1000
	reconnect.backoff.ms = 50
	request.timeout.ms = 5000
	retry.backoff.max.ms = 1000
	retry.backoff.ms = 100
	sasl.client.callback.handler.class = null
	sasl.jaas.config = null
	sasl.kerberos.kinit.cmd = /usr/bin/kinit
	sasl.kerberos.min.time.before.relogin = 60000
	sasl.kerberos.service.name = null
	sasl.kerberos.ticket.renew.jitter = 0.05
	sasl.kerberos.ticket.renew.window.factor = 0.8
	sasl.login.callback.handler.class = null
	sasl.login.class = null
	sasl.login.connect.timeout.ms = null
	sasl.login.read.timeout.ms = null
	sasl.login.refresh.buffer.seconds = 300
	sasl.login.refresh.min.period.seconds = 60
	sasl.login.refresh.window.factor = 0.8
	sasl.login.refresh.window.jitter = 0.05
	sasl.login.retry.backoff.max.ms = 10000
	sasl.login.retry.backoff.ms = 100
	sasl.mechanism = GSSAPI
	sasl.oauthbearer.clock.skew.seconds = 30
	sasl.oauthbearer.expected.audience = null
	sasl.oauthbearer.expected.issuer = null
	sasl.oauthbearer.header.urlencode = false
	sasl.oauthbearer.jwks.endpoint.refresh.ms = 3600000
	sasl.oauthbearer.jwks.endpoint.retry.backoff.max.ms = 10000
	sasl.oauthbearer.jwks.endpoint.retry.backoff.ms = 100
	sasl.oauthbearer.jwks.endpoint.url = null
	sasl.oauthbearer.scope.claim.name = scope
	sasl.oauthbearer.sub.claim.name = sub
	sasl.oauthbearer.token.endpoint.url = null
	security.protocol = PLAINTEXT
	security.providers = null
	send.buffer.bytes = 131072
	session.timeout.ms = 45000
	socket.connection.setup.timeout.max.ms = 30000
	socket.connection.setup.timeout.ms = 10000
	ssl.cipher.suites = null
	ssl.enabled.protocols = [TLSv1.2, TLSv1.3]
	ssl.endpoint.identification.algorithm = https
	ssl.engine.factory.class = null
	ssl.key.password = null
	ssl.keymanager.algorithm = SunX509
	ssl.keystore.certificate.chain = null
	ssl.keystore.key = null
	ssl.keystore.location = null
	ssl.keystore.password = null
	ssl.keystore.type = JKS
	ssl.protocol = TLSv1.3
	ssl.provider = null
	ssl.secure.random.implementation = null
	ssl.trustmanager.algorithm = PKIX
	ssl.truststore.certificates = null
	ssl.truststore.location = null
	ssl.truststore.password = null
	ssl.truststore.type = JKS
	value.deserializer = class io.apicurio.registry.serde.avro.AvroKafkaDeserializer

2025-07-31 20:43:38,500 INFO  [org.apa.kaf.com.tel.int.KafkaMetricsCollector] (main) initializing Kafka metrics collector
2025-07-31 20:43:38,505 INFO  [org.apa.kaf.cli.con.ConsumerConfig] (main) These configurations '[apicurio.registry.url]' were supplied but are not used yet.
2025-07-31 20:43:38,505 INFO  [org.apa.kaf.com.uti.AppInfoParser] (main) Kafka version: 3.9.1
2025-07-31 20:43:38,505 INFO  [org.apa.kaf.com.uti.AppInfoParser] (main) Kafka commitId: f745dfdcee2b9851
2025-07-31 20:43:38,505 INFO  [org.apa.kaf.com.uti.AppInfoParser] (main) Kafka startTimeMs: 1753994618505
2025-07-31 20:43:38,506 INFO  [org.apa.kaf.cli.con.int.ClassicKafkaConsumer] (Thread-648) [Consumer clientId=consumer-Consumer-topic-7b2afc1c_fa66_4c9a_8b31_711fd302f5ec-8, groupId=Consumer-topic-7b2afc1c_fa66_4c9a_8b31_711fd302f5ec] Subscribed to topic(s): topic-7b2afc1c_fa66_4c9a_8b31_711fd302f5ec
2025-07-31 20:43:38,512 INFO  [org.apa.kaf.cli.Metadata] (Thread-648) [Consumer clientId=consumer-Consumer-topic-7b2afc1c_fa66_4c9a_8b31_711fd302f5ec-8, groupId=Consumer-topic-7b2afc1c_fa66_4c9a_8b31_711fd302f5ec] Cluster ID: cdvAFU1gQSCWwJ-LEPQTSg
2025-07-31 20:43:38,513 INFO  [org.apa.kaf.cli.con.int.ConsumerCoordinator] (Thread-648) [Consumer clientId=consumer-Consumer-topic-7b2afc1c_fa66_4c9a_8b31_711fd302f5ec-8, groupId=Consumer-topic-7b2afc1c_fa66_4c9a_8b31_711fd302f5ec] Discovered group coordinator localhost:32770 (id: 2147483647 rack: null)
2025-07-31 20:43:38,514 INFO  [org.apa.kaf.cli.con.int.ConsumerCoordinator] (Thread-648) [Consumer clientId=consumer-Consumer-topic-7b2afc1c_fa66_4c9a_8b31_711fd302f5ec-8, groupId=Consumer-topic-7b2afc1c_fa66_4c9a_8b31_711fd302f5ec] (Re-)joining group
2025-07-31 20:43:38,520 INFO  [org.apa.kaf.cli.con.int.ConsumerCoordinator] (Thread-648) [Consumer clientId=consumer-Consumer-topic-7b2afc1c_fa66_4c9a_8b31_711fd302f5ec-8, groupId=Consumer-topic-7b2afc1c_fa66_4c9a_8b31_711fd302f5ec] Request joining group due to: need to re-join with the given member-id: consumer-Consumer-topic-7b2afc1c_fa66_4c9a_8b31_711fd302f5ec-8-5ecddfe2-a154-44dc-983b-e0272140b58b
2025-07-31 20:43:38,520 INFO  [org.apa.kaf.cli.con.int.ConsumerCoordinator] (Thread-648) [Consumer clientId=consumer-Consumer-topic-7b2afc1c_fa66_4c9a_8b31_711fd302f5ec-8, groupId=Consumer-topic-7b2afc1c_fa66_4c9a_8b31_711fd302f5ec] (Re-)joining group
2025-07-31 20:43:38,523 INFO  [org.apa.kaf.cli.con.int.ConsumerCoordinator] (Thread-648) [Consumer clientId=consumer-Consumer-topic-7b2afc1c_fa66_4c9a_8b31_711fd302f5ec-8, groupId=Consumer-topic-7b2afc1c_fa66_4c9a_8b31_711fd302f5ec] Successfully joined group with generation Generation{generationId=1, memberId='consumer-Consumer-topic-7b2afc1c_fa66_4c9a_8b31_711fd302f5ec-8-5ecddfe2-a154-44dc-983b-e0272140b58b', protocol='range'}
2025-07-31 20:43:38,523 INFO  [org.apa.kaf.cli.con.int.ConsumerCoordinator] (Thread-648) [Consumer clientId=consumer-Consumer-topic-7b2afc1c_fa66_4c9a_8b31_711fd302f5ec-8, groupId=Consumer-topic-7b2afc1c_fa66_4c9a_8b31_711fd302f5ec] Finished assignment for group at generation 1: {consumer-Consumer-topic-7b2afc1c_fa66_4c9a_8b31_711fd302f5ec-8-5ecddfe2-a154-44dc-983b-e0272140b58b=Assignment(partitions=[topic-7b2afc1c_fa66_4c9a_8b31_711fd302f5ec-0])}
2025-07-31 20:43:38,526 INFO  [org.apa.kaf.cli.con.int.ConsumerCoordinator] (Thread-648) [Consumer clientId=consumer-Consumer-topic-7b2afc1c_fa66_4c9a_8b31_711fd302f5ec-8, groupId=Consumer-topic-7b2afc1c_fa66_4c9a_8b31_711fd302f5ec] Successfully synced group in generation Generation{generationId=1, memberId='consumer-Consumer-topic-7b2afc1c_fa66_4c9a_8b31_711fd302f5ec-8-5ecddfe2-a154-44dc-983b-e0272140b58b', protocol='range'}
2025-07-31 20:43:38,527 INFO  [org.apa.kaf.cli.con.int.ConsumerCoordinator] (Thread-648) [Consumer clientId=consumer-Consumer-topic-7b2afc1c_fa66_4c9a_8b31_711fd302f5ec-8, groupId=Consumer-topic-7b2afc1c_fa66_4c9a_8b31_711fd302f5ec] Notifying assignor about the new Assignment(partitions=[topic-7b2afc1c_fa66_4c9a_8b31_711fd302f5ec-0])
2025-07-31 20:43:38,527 INFO  [org.apa.kaf.cli.con.int.ConsumerRebalanceListenerInvoker] (Thread-648) [Consumer clientId=consumer-Consumer-topic-7b2afc1c_fa66_4c9a_8b31_711fd302f5ec-8, groupId=Consumer-topic-7b2afc1c_fa66_4c9a_8b31_711fd302f5ec] Adding newly assigned partitions: topic-7b2afc1c_fa66_4c9a_8b31_711fd302f5ec-0
2025-07-31 20:43:38,529 INFO  [org.apa.kaf.cli.con.int.ConsumerCoordinator] (Thread-648) [Consumer clientId=consumer-Consumer-topic-7b2afc1c_fa66_4c9a_8b31_711fd302f5ec-8, groupId=Consumer-topic-7b2afc1c_fa66_4c9a_8b31_711fd302f5ec] Found no committed offset for partition topic-7b2afc1c_fa66_4c9a_8b31_711fd302f5ec-0
2025-07-31 20:43:38,533 INFO  [org.apa.kaf.cli.con.int.SubscriptionState] (Thread-648) [Consumer clientId=consumer-Consumer-topic-7b2afc1c_fa66_4c9a_8b31_711fd302f5ec-8, groupId=Consumer-topic-7b2afc1c_fa66_4c9a_8b31_711fd302f5ec] Resetting offset for partition topic-7b2afc1c_fa66_4c9a_8b31_711fd302f5ec-0 to position FetchPosition{offset=0, offsetEpoch=Optional.empty, currentLeader=LeaderAndEpoch{leader=Optional[localhost:32770 (id: 0 rack: null)], epoch=0}}.
2025-07-31 20:43:38,710 INFO  [io.api.tes.ser.api.KafkaSerdesTester] (Thread-648) topic-7b2afc1c_fa66_4c9a_8b31_711fd302f5ec 0 0 {"id": "record-0"}
2025-07-31 20:43:38,710 INFO  [io.api.tes.ser.api.KafkaSerdesTester] (Thread-648) topic-7b2afc1c_fa66_4c9a_8b31_711fd302f5ec 0 1 {"value": 1}
2025-07-31 20:43:38,710 INFO  [io.api.tes.ser.api.KafkaSerdesTester] (Thread-648) topic-7b2afc1c_fa66_4c9a_8b31_711fd302f5ec 0 2 {"active": true}
2025-07-31 20:43:38,710 INFO  [io.api.tes.ser.api.KafkaSerdesTester] (Thread-648) topic-7b2afc1c_fa66_4c9a_8b31_711fd302f5ec 0 3 {"id": "record-3"}
2025-07-31 20:43:38,710 INFO  [io.api.tes.ser.api.KafkaSerdesTester] (Thread-648) topic-7b2afc1c_fa66_4c9a_8b31_711fd302f5ec 0 4 {"value": 4}
2025-07-31 20:43:38,710 INFO  [io.api.tes.ser.api.KafkaSerdesTester] (Thread-648) topic-7b2afc1c_fa66_4c9a_8b31_711fd302f5ec 0 5 {"active": false}
2025-07-31 20:43:38,710 INFO  [io.api.tes.ser.api.KafkaSerdesTester] (Thread-648) topic-7b2afc1c_fa66_4c9a_8b31_711fd302f5ec 0 6 {"id": "record-6"}
2025-07-31 20:43:38,710 INFO  [io.api.tes.ser.api.KafkaSerdesTester] (Thread-648) topic-7b2afc1c_fa66_4c9a_8b31_711fd302f5ec 0 7 {"value": 7}
2025-07-31 20:43:38,711 INFO  [io.api.tes.ser.api.KafkaSerdesTester] (Thread-648) topic-7b2afc1c_fa66_4c9a_8b31_711fd302f5ec 0 8 {"active": true}
2025-07-31 20:43:38,711 INFO  [io.api.tes.ser.api.KafkaSerdesTester] (Thread-648) topic-7b2afc1c_fa66_4c9a_8b31_711fd302f5ec 0 9 {"id": "record-9"}
2025-07-31 20:43:38,711 INFO  [io.api.tes.ser.api.KafkaSerdesTester] (Thread-648) Consumed 10 messages
2025-07-31 20:43:38,713 INFO  [org.apa.kaf.cli.con.int.ConsumerRebalanceListenerInvoker] (Thread-648) [Consumer clientId=consumer-Consumer-topic-7b2afc1c_fa66_4c9a_8b31_711fd302f5ec-8, groupId=Consumer-topic-7b2afc1c_fa66_4c9a_8b31_711fd302f5ec] Revoke previously assigned partitions topic-7b2afc1c_fa66_4c9a_8b31_711fd302f5ec-0
2025-07-31 20:43:38,713 INFO  [org.apa.kaf.cli.con.int.ConsumerCoordinator] (Thread-648) [Consumer clientId=consumer-Consumer-topic-7b2afc1c_fa66_4c9a_8b31_711fd302f5ec-8, groupId=Consumer-topic-7b2afc1c_fa66_4c9a_8b31_711fd302f5ec] Member consumer-Consumer-topic-7b2afc1c_fa66_4c9a_8b31_711fd302f5ec-8-5ecddfe2-a154-44dc-983b-e0272140b58b sending LeaveGroup request to coordinator localhost:32770 (id: 2147483647 rack: null) due to the consumer is being closed
2025-07-31 20:43:38,714 INFO  [org.apa.kaf.cli.con.int.ConsumerCoordinator] (Thread-648) [Consumer clientId=consumer-Consumer-topic-7b2afc1c_fa66_4c9a_8b31_711fd302f5ec-8, groupId=Consumer-topic-7b2afc1c_fa66_4c9a_8b31_711fd302f5ec] Resetting generation and member id due to: consumer pro-actively leaving the group
2025-07-31 20:43:38,714 INFO  [org.apa.kaf.cli.con.int.ConsumerCoordinator] (Thread-648) [Consumer clientId=consumer-Consumer-topic-7b2afc1c_fa66_4c9a_8b31_711fd302f5ec-8, groupId=Consumer-topic-7b2afc1c_fa66_4c9a_8b31_711fd302f5ec] Request joining group due to: consumer pro-actively leaving the group
2025-07-31 20:43:39,214 INFO  [org.apa.kaf.com.met.Metrics] (Thread-648) Metrics scheduler closed
2025-07-31 20:43:39,214 INFO  [org.apa.kaf.com.met.Metrics] (Thread-648) Closing reporter org.apache.kafka.common.metrics.JmxReporter
2025-07-31 20:43:39,214 INFO  [org.apa.kaf.com.met.Metrics] (Thread-648) Closing reporter org.apache.kafka.common.telemetry.internals.ClientTelemetryReporter
2025-07-31 20:43:39,214 INFO  [org.apa.kaf.com.met.Metrics] (Thread-648) Metrics reporters closed
2025-07-31 20:43:39,218 INFO  [org.apa.kaf.com.uti.AppInfoParser] (Thread-648) App info kafka.consumer for consumer-Consumer-topic-7b2afc1c_fa66_4c9a_8b31_711fd302f5ec-8 unregistered
2025-07-31 20:43:39,219 INFO  [io.api.tes.uti.TestSeparator] (main) io.apicurio.tests.serdes.apicurio.AvroSerdeIT.testAvroUnionWithSpecificReader-FINISHED
2025-07-31 20:43:39,219 INFO  [io.api.tes.uti.TestSeparator] (main) ############################################################################
Test passed: testAvroUnionWithSpecificReader
]]></system-out>
  </testcase>
  <testcase name="testEvolveAvroApicurioReusingClient" classname="io.apicurio.tests.serdes.apicurio.AvroSerdeIT" time="4.379">
    <system-out><![CDATA[2025-07-31 20:43:39,221 INFO  [io.api.tes.uti.TestSeparator] (main) ############################################################################
2025-07-31 20:43:39,221 INFO  [io.api.tes.uti.TestSeparator] (main) io.apicurio.tests.serdes.apicurio.AvroSerdeIT.testEvolveAvroApicurioReusingClient-STARTED
2025-07-31 20:43:39,222 INFO  [io.api.tes.ser.api.AvroSerdeIT] (main) Registering Avro Schema: {"type":"record","name":"s40957a9dx6aeex4c7exb8efxd9ce45690796","namespace":"ns_7cfedee0_6343_4e2d_a986_203c19f090b5","fields":[{"name":"key11753994619221","type":"string"}]}
**** Registry Base URL: http://registry-app-kafkasql.apps.ci419.apicurio-testing.org:80
2025-07-31 20:43:40,320 INFO  [org.apa.kaf.cli.pro.ProducerConfig] (main) ProducerConfig values: 
	acks = -1
	auto.include.jmx.reporter = true
	batch.size = 16384
	bootstrap.servers = [PLAINTEXT://localhost:32770]
	buffer.memory = 33554432
	client.dns.lookup = use_all_dns_ips
	client.id = Producer-topic-a97ba516_2ee1_4e5f_b043_e51501fdad75
	compression.gzip.level = -1
	compression.lz4.level = 9
	compression.type = none
	compression.zstd.level = 3
	connections.max.idle.ms = 10000
	delivery.timeout.ms = 120000
	enable.idempotence = true
	enable.metrics.push = true
	interceptor.classes = []
	key.serializer = class org.apache.kafka.common.serialization.StringSerializer
	linger.ms = 0
	max.block.ms = 60000
	max.in.flight.requests.per.connection = 5
	max.request.size = 1048576
	metadata.max.age.ms = 300000
	metadata.max.idle.ms = 300000
	metadata.recovery.strategy = none
	metric.reporters = []
	metrics.num.samples = 2
	metrics.recording.level = INFO
	metrics.sample.window.ms = 30000
	partitioner.adaptive.partitioning.enable = true
	partitioner.availability.timeout.ms = 0
	partitioner.class = null
	partitioner.ignore.keys = false
	receive.buffer.bytes = 32768
	reconnect.backoff.max.ms = 1000
	reconnect.backoff.ms = 50
	request.timeout.ms = 5000
	retries = 2147483647
	retry.backoff.max.ms = 1000
	retry.backoff.ms = 100
	sasl.client.callback.handler.class = null
	sasl.jaas.config = null
	sasl.kerberos.kinit.cmd = /usr/bin/kinit
	sasl.kerberos.min.time.before.relogin = 60000
	sasl.kerberos.service.name = null
	sasl.kerberos.ticket.renew.jitter = 0.05
	sasl.kerberos.ticket.renew.window.factor = 0.8
	sasl.login.callback.handler.class = null
	sasl.login.class = null
	sasl.login.connect.timeout.ms = null
	sasl.login.read.timeout.ms = null
	sasl.login.refresh.buffer.seconds = 300
	sasl.login.refresh.min.period.seconds = 60
	sasl.login.refresh.window.factor = 0.8
	sasl.login.refresh.window.jitter = 0.05
	sasl.login.retry.backoff.max.ms = 10000
	sasl.login.retry.backoff.ms = 100
	sasl.mechanism = GSSAPI
	sasl.oauthbearer.clock.skew.seconds = 30
	sasl.oauthbearer.expected.audience = null
	sasl.oauthbearer.expected.issuer = null
	sasl.oauthbearer.header.urlencode = false
	sasl.oauthbearer.jwks.endpoint.refresh.ms = 3600000
	sasl.oauthbearer.jwks.endpoint.retry.backoff.max.ms = 10000
	sasl.oauthbearer.jwks.endpoint.retry.backoff.ms = 100
	sasl.oauthbearer.jwks.endpoint.url = null
	sasl.oauthbearer.scope.claim.name = scope
	sasl.oauthbearer.sub.claim.name = sub
	sasl.oauthbearer.token.endpoint.url = null
	security.protocol = PLAINTEXT
	security.providers = null
	send.buffer.bytes = 131072
	socket.connection.setup.timeout.max.ms = 30000
	socket.connection.setup.timeout.ms = 10000
	ssl.cipher.suites = null
	ssl.enabled.protocols = [TLSv1.2, TLSv1.3]
	ssl.endpoint.identification.algorithm = https
	ssl.engine.factory.class = null
	ssl.key.password = null
	ssl.keymanager.algorithm = SunX509
	ssl.keystore.certificate.chain = null
	ssl.keystore.key = null
	ssl.keystore.location = null
	ssl.keystore.password = null
	ssl.keystore.type = JKS
	ssl.protocol = TLSv1.3
	ssl.provider = null
	ssl.secure.random.implementation = null
	ssl.trustmanager.algorithm = PKIX
	ssl.truststore.certificates = null
	ssl.truststore.location = null
	ssl.truststore.password = null
	ssl.truststore.type = JKS
	transaction.timeout.ms = 60000
	transactional.id = null
	value.serializer = class io.apicurio.registry.serde.avro.AvroKafkaSerializer

2025-07-31 20:43:40,320 INFO  [org.apa.kaf.com.tel.int.KafkaMetricsCollector] (main) initializing Kafka metrics collector
2025-07-31 20:43:40,324 INFO  [org.apa.kaf.cli.pro.KafkaProducer] (main) [Producer clientId=Producer-topic-a97ba516_2ee1_4e5f_b043_e51501fdad75] Instantiated an idempotent producer.
2025-07-31 20:43:40,327 INFO  [org.apa.kaf.cli.pro.ProducerConfig] (main) These configurations '[apicurio.registry.url, apicurio.registry.artifact-resolver-strategy]' were supplied but are not used yet.
2025-07-31 20:43:40,327 INFO  [org.apa.kaf.com.uti.AppInfoParser] (main) Kafka version: 3.9.1
2025-07-31 20:43:40,327 INFO  [org.apa.kaf.com.uti.AppInfoParser] (main) Kafka commitId: f745dfdcee2b9851
2025-07-31 20:43:40,327 INFO  [org.apa.kaf.com.uti.AppInfoParser] (main) Kafka startTimeMs: 1753994620327
**** Registry Base URL: http://registry-app-kafkasql.apps.ci419.apicurio-testing.org:80
2025-07-31 20:43:40,328 INFO  [org.apa.kaf.cli.con.ConsumerConfig] (main) ConsumerConfig values: 
	allow.auto.create.topics = true
	auto.commit.interval.ms = 500
	auto.include.jmx.reporter = true
	auto.offset.reset = earliest
	bootstrap.servers = [PLAINTEXT://localhost:32770]
	check.crcs = true
	client.dns.lookup = use_all_dns_ips
	client.id = consumer-Consumer-topic-a97ba516_2ee1_4e5f_b043_e51501fdad75-9
	client.rack = 
	connections.max.idle.ms = 10000
	default.api.timeout.ms = 60000
	enable.auto.commit = true
	enable.metrics.push = true
	exclude.internal.topics = true
	fetch.max.bytes = 52428800
	fetch.max.wait.ms = 500
	fetch.min.bytes = 1
	group.id = Consumer-topic-a97ba516_2ee1_4e5f_b043_e51501fdad75
	group.instance.id = null
	group.protocol = classic
	group.remote.assignor = null
	heartbeat.interval.ms = 3000
	interceptor.classes = []
	internal.leave.group.on.close = true
	internal.throw.on.fetch.stable.offset.unsupported = false
	isolation.level = read_uncommitted
	key.deserializer = class org.apache.kafka.common.serialization.StringDeserializer
	max.partition.fetch.bytes = 1048576
	max.poll.interval.ms = 300000
	max.poll.records = 500
	metadata.max.age.ms = 300000
	metadata.recovery.strategy = none
	metric.reporters = []
	metrics.num.samples = 2
	metrics.recording.level = INFO
	metrics.sample.window.ms = 30000
	partition.assignment.strategy = [class org.apache.kafka.clients.consumer.RangeAssignor, class org.apache.kafka.clients.consumer.CooperativeStickyAssignor]
	receive.buffer.bytes = 65536
	reconnect.backoff.max.ms = 1000
	reconnect.backoff.ms = 50
	request.timeout.ms = 5000
	retry.backoff.max.ms = 1000
	retry.backoff.ms = 100
	sasl.client.callback.handler.class = null
	sasl.jaas.config = null
	sasl.kerberos.kinit.cmd = /usr/bin/kinit
	sasl.kerberos.min.time.before.relogin = 60000
	sasl.kerberos.service.name = null
	sasl.kerberos.ticket.renew.jitter = 0.05
	sasl.kerberos.ticket.renew.window.factor = 0.8
	sasl.login.callback.handler.class = null
	sasl.login.class = null
	sasl.login.connect.timeout.ms = null
	sasl.login.read.timeout.ms = null
	sasl.login.refresh.buffer.seconds = 300
	sasl.login.refresh.min.period.seconds = 60
	sasl.login.refresh.window.factor = 0.8
	sasl.login.refresh.window.jitter = 0.05
	sasl.login.retry.backoff.max.ms = 10000
	sasl.login.retry.backoff.ms = 100
	sasl.mechanism = GSSAPI
	sasl.oauthbearer.clock.skew.seconds = 30
	sasl.oauthbearer.expected.audience = null
	sasl.oauthbearer.expected.issuer = null
	sasl.oauthbearer.header.urlencode = false
	sasl.oauthbearer.jwks.endpoint.refresh.ms = 3600000
	sasl.oauthbearer.jwks.endpoint.retry.backoff.max.ms = 10000
	sasl.oauthbearer.jwks.endpoint.retry.backoff.ms = 100
	sasl.oauthbearer.jwks.endpoint.url = null
	sasl.oauthbearer.scope.claim.name = scope
	sasl.oauthbearer.sub.claim.name = sub
	sasl.oauthbearer.token.endpoint.url = null
	security.protocol = PLAINTEXT
	security.providers = null
	send.buffer.bytes = 131072
	session.timeout.ms = 45000
	socket.connection.setup.timeout.max.ms = 30000
	socket.connection.setup.timeout.ms = 10000
	ssl.cipher.suites = null
	ssl.enabled.protocols = [TLSv1.2, TLSv1.3]
	ssl.endpoint.identification.algorithm = https
	ssl.engine.factory.class = null
	ssl.key.password = null
	ssl.keymanager.algorithm = SunX509
	ssl.keystore.certificate.chain = null
	ssl.keystore.key = null
	ssl.keystore.location = null
	ssl.keystore.password = null
	ssl.keystore.type = JKS
	ssl.protocol = TLSv1.3
	ssl.provider = null
	ssl.secure.random.implementation = null
	ssl.trustmanager.algorithm = PKIX
	ssl.truststore.certificates = null
	ssl.truststore.location = null
	ssl.truststore.password = null
	ssl.truststore.type = JKS
	value.deserializer = class io.apicurio.registry.serde.avro.AvroKafkaDeserializer

2025-07-31 20:43:40,328 INFO  [org.apa.kaf.com.tel.int.KafkaMetricsCollector] (main) initializing Kafka metrics collector
2025-07-31 20:43:40,338 INFO  [org.apa.kaf.cli.Metadata] (kafka-producer-network-thread | Producer-topic-a97ba516_2ee1_4e5f_b043_e51501fdad75) [Producer clientId=Producer-topic-a97ba516_2ee1_4e5f_b043_e51501fdad75] Cluster ID: cdvAFU1gQSCWwJ-LEPQTSg
2025-07-31 20:43:40,338 INFO  [org.apa.kaf.cli.pro.int.TransactionManager] (kafka-producer-network-thread | Producer-topic-a97ba516_2ee1_4e5f_b043_e51501fdad75) [Producer clientId=Producer-topic-a97ba516_2ee1_4e5f_b043_e51501fdad75] ProducerId set to 11 with epoch 0
2025-07-31 20:43:40,339 INFO  [org.apa.kaf.cli.con.ConsumerConfig] (main) These configurations '[apicurio.registry.url]' were supplied but are not used yet.
2025-07-31 20:43:40,339 INFO  [org.apa.kaf.com.uti.AppInfoParser] (main) Kafka version: 3.9.1
2025-07-31 20:43:40,339 INFO  [org.apa.kaf.com.uti.AppInfoParser] (main) Kafka commitId: f745dfdcee2b9851
2025-07-31 20:43:40,339 INFO  [org.apa.kaf.com.uti.AppInfoParser] (main) Kafka startTimeMs: 1753994620339
2025-07-31 20:43:40,343 INFO  [io.api.tes.ser.api.KafkaSerdesTester] (Thread-653) Sending message {"key11753994619221": "value-0"} to topic topic-a97ba516_2ee1_4e5f_b043_e51501fdad75
2025-07-31 20:43:40,358 INFO  [DefaultSchemaResolver] (Thread-653) Retrieving schema content using string: {"type":"record","name":"s40957a9dx6aeex4c7exb8efxd9ce45690796","namespace":"ns_7cfedee0_6343_4e2d_a986_203c19f090b5","fields":[{"name":"key11753994619221","type":"string"}]}
2025-07-31 20:43:40,419 INFO  [io.api.tes.ser.api.KafkaSerdesTester] (Thread-653) Sending message {"key11753994619221": "value-1"} to topic topic-a97ba516_2ee1_4e5f_b043_e51501fdad75
2025-07-31 20:43:40,421 INFO  [io.api.tes.ser.api.KafkaSerdesTester] (Thread-653) Sending message {"key11753994619221": "value-2"} to topic topic-a97ba516_2ee1_4e5f_b043_e51501fdad75
2025-07-31 20:43:40,426 INFO  [io.api.tes.ser.api.KafkaSerdesTester] (Thread-653) Sending message {"key11753994619221": "value-3"} to topic topic-a97ba516_2ee1_4e5f_b043_e51501fdad75
2025-07-31 20:43:40,430 INFO  [io.api.tes.ser.api.KafkaSerdesTester] (Thread-653) Sending message {"key11753994619221": "value-4"} to topic topic-a97ba516_2ee1_4e5f_b043_e51501fdad75
2025-07-31 20:43:40,432 INFO  [io.api.tes.ser.api.KafkaSerdesTester] (Thread-653) Sending message {"key11753994619221": "value-5"} to topic topic-a97ba516_2ee1_4e5f_b043_e51501fdad75
2025-07-31 20:43:40,435 INFO  [io.api.tes.ser.api.KafkaSerdesTester] (Thread-653) Sending message {"key11753994619221": "value-6"} to topic topic-a97ba516_2ee1_4e5f_b043_e51501fdad75
2025-07-31 20:43:40,439 INFO  [io.api.tes.ser.api.KafkaSerdesTester] (Thread-653) Sending message {"key11753994619221": "value-7"} to topic topic-a97ba516_2ee1_4e5f_b043_e51501fdad75
2025-07-31 20:43:40,447 INFO  [io.api.tes.ser.api.KafkaSerdesTester] (Thread-653) Sending message {"key11753994619221": "value-8"} to topic topic-a97ba516_2ee1_4e5f_b043_e51501fdad75
2025-07-31 20:43:40,449 INFO  [io.api.tes.ser.api.KafkaSerdesTester] (Thread-653) Sending message {"key11753994619221": "value-9"} to topic topic-a97ba516_2ee1_4e5f_b043_e51501fdad75
2025-07-31 20:43:40,450 INFO  [io.api.tes.ser.api.KafkaSerdesTester] (Thread-653) Produced 10 messages
2025-07-31 20:43:40,451 INFO  [org.apa.kaf.cli.con.int.ClassicKafkaConsumer] (Thread-654) [Consumer clientId=consumer-Consumer-topic-a97ba516_2ee1_4e5f_b043_e51501fdad75-9, groupId=Consumer-topic-a97ba516_2ee1_4e5f_b043_e51501fdad75] Subscribed to topic(s): topic-a97ba516_2ee1_4e5f_b043_e51501fdad75
2025-07-31 20:43:40,458 INFO  [org.apa.kaf.cli.Metadata] (Thread-654) [Consumer clientId=consumer-Consumer-topic-a97ba516_2ee1_4e5f_b043_e51501fdad75-9, groupId=Consumer-topic-a97ba516_2ee1_4e5f_b043_e51501fdad75] Cluster ID: cdvAFU1gQSCWwJ-LEPQTSg
2025-07-31 20:43:40,460 INFO  [org.apa.kaf.cli.con.int.ConsumerCoordinator] (Thread-654) [Consumer clientId=consumer-Consumer-topic-a97ba516_2ee1_4e5f_b043_e51501fdad75-9, groupId=Consumer-topic-a97ba516_2ee1_4e5f_b043_e51501fdad75] Discovered group coordinator localhost:32770 (id: 2147483647 rack: null)
2025-07-31 20:43:40,463 INFO  [org.apa.kaf.cli.con.int.ConsumerCoordinator] (Thread-654) [Consumer clientId=consumer-Consumer-topic-a97ba516_2ee1_4e5f_b043_e51501fdad75-9, groupId=Consumer-topic-a97ba516_2ee1_4e5f_b043_e51501fdad75] (Re-)joining group
2025-07-31 20:43:40,468 INFO  [org.apa.kaf.cli.con.int.ConsumerCoordinator] (Thread-654) [Consumer clientId=consumer-Consumer-topic-a97ba516_2ee1_4e5f_b043_e51501fdad75-9, groupId=Consumer-topic-a97ba516_2ee1_4e5f_b043_e51501fdad75] Request joining group due to: need to re-join with the given member-id: consumer-Consumer-topic-a97ba516_2ee1_4e5f_b043_e51501fdad75-9-db7db4cd-4c6b-4815-8851-7a48d5592d64
2025-07-31 20:43:40,468 INFO  [org.apa.kaf.cli.con.int.ConsumerCoordinator] (Thread-654) [Consumer clientId=consumer-Consumer-topic-a97ba516_2ee1_4e5f_b043_e51501fdad75-9, groupId=Consumer-topic-a97ba516_2ee1_4e5f_b043_e51501fdad75] (Re-)joining group
2025-07-31 20:43:40,471 INFO  [org.apa.kaf.cli.con.int.ConsumerCoordinator] (Thread-654) [Consumer clientId=consumer-Consumer-topic-a97ba516_2ee1_4e5f_b043_e51501fdad75-9, groupId=Consumer-topic-a97ba516_2ee1_4e5f_b043_e51501fdad75] Successfully joined group with generation Generation{generationId=1, memberId='consumer-Consumer-topic-a97ba516_2ee1_4e5f_b043_e51501fdad75-9-db7db4cd-4c6b-4815-8851-7a48d5592d64', protocol='range'}
2025-07-31 20:43:40,471 INFO  [org.apa.kaf.cli.con.int.ConsumerCoordinator] (Thread-654) [Consumer clientId=consumer-Consumer-topic-a97ba516_2ee1_4e5f_b043_e51501fdad75-9, groupId=Consumer-topic-a97ba516_2ee1_4e5f_b043_e51501fdad75] Finished assignment for group at generation 1: {consumer-Consumer-topic-a97ba516_2ee1_4e5f_b043_e51501fdad75-9-db7db4cd-4c6b-4815-8851-7a48d5592d64=Assignment(partitions=[topic-a97ba516_2ee1_4e5f_b043_e51501fdad75-0])}
2025-07-31 20:43:40,475 INFO  [org.apa.kaf.cli.con.int.ConsumerCoordinator] (kafka-coordinator-heartbeat-thread | Consumer-topic-a97ba516_2ee1_4e5f_b043_e51501fdad75) [Consumer clientId=consumer-Consumer-topic-a97ba516_2ee1_4e5f_b043_e51501fdad75-9, groupId=Consumer-topic-a97ba516_2ee1_4e5f_b043_e51501fdad75] Successfully synced group in generation Generation{generationId=1, memberId='consumer-Consumer-topic-a97ba516_2ee1_4e5f_b043_e51501fdad75-9-db7db4cd-4c6b-4815-8851-7a48d5592d64', protocol='range'}
2025-07-31 20:43:40,476 INFO  [org.apa.kaf.cli.con.int.ConsumerCoordinator] (Thread-654) [Consumer clientId=consumer-Consumer-topic-a97ba516_2ee1_4e5f_b043_e51501fdad75-9, groupId=Consumer-topic-a97ba516_2ee1_4e5f_b043_e51501fdad75] Notifying assignor about the new Assignment(partitions=[topic-a97ba516_2ee1_4e5f_b043_e51501fdad75-0])
2025-07-31 20:43:40,476 INFO  [org.apa.kaf.cli.con.int.ConsumerRebalanceListenerInvoker] (Thread-654) [Consumer clientId=consumer-Consumer-topic-a97ba516_2ee1_4e5f_b043_e51501fdad75-9, groupId=Consumer-topic-a97ba516_2ee1_4e5f_b043_e51501fdad75] Adding newly assigned partitions: topic-a97ba516_2ee1_4e5f_b043_e51501fdad75-0
2025-07-31 20:43:40,479 INFO  [org.apa.kaf.cli.con.int.ConsumerCoordinator] (Thread-654) [Consumer clientId=consumer-Consumer-topic-a97ba516_2ee1_4e5f_b043_e51501fdad75-9, groupId=Consumer-topic-a97ba516_2ee1_4e5f_b043_e51501fdad75] Found no committed offset for partition topic-a97ba516_2ee1_4e5f_b043_e51501fdad75-0
2025-07-31 20:43:40,480 INFO  [org.apa.kaf.cli.con.int.SubscriptionState] (Thread-654) [Consumer clientId=consumer-Consumer-topic-a97ba516_2ee1_4e5f_b043_e51501fdad75-9, groupId=Consumer-topic-a97ba516_2ee1_4e5f_b043_e51501fdad75] Resetting offset for partition topic-a97ba516_2ee1_4e5f_b043_e51501fdad75-0 to position FetchPosition{offset=0, offsetEpoch=Optional.empty, currentLeader=LeaderAndEpoch{leader=Optional[localhost:32770 (id: 0 rack: null)], epoch=0}}.
2025-07-31 20:43:40,561 INFO  [io.api.tes.ser.api.KafkaSerdesTester] (Thread-654) topic-a97ba516_2ee1_4e5f_b043_e51501fdad75 0 0 {"key11753994619221": "value-0"}
2025-07-31 20:43:40,561 INFO  [io.api.tes.ser.api.KafkaSerdesTester] (Thread-654) topic-a97ba516_2ee1_4e5f_b043_e51501fdad75 0 1 {"key11753994619221": "value-1"}
2025-07-31 20:43:40,561 INFO  [io.api.tes.ser.api.KafkaSerdesTester] (Thread-654) topic-a97ba516_2ee1_4e5f_b043_e51501fdad75 0 2 {"key11753994619221": "value-2"}
2025-07-31 20:43:40,561 INFO  [io.api.tes.ser.api.KafkaSerdesTester] (Thread-654) topic-a97ba516_2ee1_4e5f_b043_e51501fdad75 0 3 {"key11753994619221": "value-3"}
2025-07-31 20:43:40,561 INFO  [io.api.tes.ser.api.KafkaSerdesTester] (Thread-654) topic-a97ba516_2ee1_4e5f_b043_e51501fdad75 0 4 {"key11753994619221": "value-4"}
2025-07-31 20:43:40,562 INFO  [io.api.tes.ser.api.KafkaSerdesTester] (Thread-654) topic-a97ba516_2ee1_4e5f_b043_e51501fdad75 0 5 {"key11753994619221": "value-5"}
2025-07-31 20:43:40,562 INFO  [io.api.tes.ser.api.KafkaSerdesTester] (Thread-654) topic-a97ba516_2ee1_4e5f_b043_e51501fdad75 0 6 {"key11753994619221": "value-6"}
2025-07-31 20:43:40,562 INFO  [io.api.tes.ser.api.KafkaSerdesTester] (Thread-654) topic-a97ba516_2ee1_4e5f_b043_e51501fdad75 0 7 {"key11753994619221": "value-7"}
2025-07-31 20:43:40,562 INFO  [io.api.tes.ser.api.KafkaSerdesTester] (Thread-654) topic-a97ba516_2ee1_4e5f_b043_e51501fdad75 0 8 {"key11753994619221": "value-8"}
2025-07-31 20:43:40,562 INFO  [io.api.tes.ser.api.KafkaSerdesTester] (Thread-654) topic-a97ba516_2ee1_4e5f_b043_e51501fdad75 0 9 {"key11753994619221": "value-9"}
2025-07-31 20:43:40,562 INFO  [io.api.tes.ser.api.KafkaSerdesTester] (Thread-654) Consumed 10 messages
2025-07-31 20:43:40,563 INFO  [io.api.tes.ser.api.AvroSerdeIT] (main) Registering Avro Schema 2: {"type":"record","name":"s40957a9dx6aeex4c7exb8efxd9ce45690796","namespace":"ns_7cfedee0_6343_4e2d_a986_203c19f090b5","fields":[{"name":"key11753994619221","type":"string"},{"name":"key21753994620562","type":"string"}]}
2025-07-31 20:43:41,654 INFO  [io.api.tes.ser.api.KafkaSerdesTester] (Thread-655) Sending message {"key11753994619221": "value-0", "key21753994620562": "value-0"} to topic topic-a97ba516_2ee1_4e5f_b043_e51501fdad75
2025-07-31 20:43:41,654 INFO  [DefaultSchemaResolver] (Thread-655) Retrieving schema content using string: {"type":"record","name":"s40957a9dx6aeex4c7exb8efxd9ce45690796","namespace":"ns_7cfedee0_6343_4e2d_a986_203c19f090b5","fields":[{"name":"key11753994619221","type":"string"},{"name":"key21753994620562","type":"string"}]}
2025-07-31 20:43:41,687 INFO  [io.api.tes.ser.api.KafkaSerdesTester] (Thread-655) Sending message {"key11753994619221": "value-1", "key21753994620562": "value-1"} to topic topic-a97ba516_2ee1_4e5f_b043_e51501fdad75
2025-07-31 20:43:41,692 INFO  [io.api.tes.ser.api.KafkaSerdesTester] (Thread-655) Sending message {"key11753994619221": "value-2", "key21753994620562": "value-2"} to topic topic-a97ba516_2ee1_4e5f_b043_e51501fdad75
2025-07-31 20:43:41,694 INFO  [io.api.tes.ser.api.KafkaSerdesTester] (Thread-655) Sending message {"key11753994619221": "value-3", "key21753994620562": "value-3"} to topic topic-a97ba516_2ee1_4e5f_b043_e51501fdad75
2025-07-31 20:43:41,696 INFO  [io.api.tes.ser.api.KafkaSerdesTester] (Thread-655) Sending message {"key11753994619221": "value-4", "key21753994620562": "value-4"} to topic topic-a97ba516_2ee1_4e5f_b043_e51501fdad75
2025-07-31 20:43:41,698 INFO  [io.api.tes.ser.api.KafkaSerdesTester] (Thread-655) Sending message {"key11753994619221": "value-5", "key21753994620562": "value-5"} to topic topic-a97ba516_2ee1_4e5f_b043_e51501fdad75
2025-07-31 20:43:41,704 INFO  [io.api.tes.ser.api.KafkaSerdesTester] (Thread-655) Sending message {"key11753994619221": "value-6", "key21753994620562": "value-6"} to topic topic-a97ba516_2ee1_4e5f_b043_e51501fdad75
2025-07-31 20:43:41,708 INFO  [io.api.tes.ser.api.KafkaSerdesTester] (Thread-655) Sending message {"key11753994619221": "value-7", "key21753994620562": "value-7"} to topic topic-a97ba516_2ee1_4e5f_b043_e51501fdad75
2025-07-31 20:43:41,715 INFO  [io.api.tes.ser.api.KafkaSerdesTester] (Thread-655) Sending message {"key11753994619221": "value-8", "key21753994620562": "value-8"} to topic topic-a97ba516_2ee1_4e5f_b043_e51501fdad75
2025-07-31 20:43:41,718 INFO  [io.api.tes.ser.api.KafkaSerdesTester] (Thread-655) Sending message {"key11753994619221": "value-9", "key21753994620562": "value-9"} to topic topic-a97ba516_2ee1_4e5f_b043_e51501fdad75
2025-07-31 20:43:41,721 INFO  [io.api.tes.ser.api.KafkaSerdesTester] (Thread-655) Produced 10 messages
2025-07-31 20:43:41,722 INFO  [io.api.tes.ser.api.KafkaSerdesTester] (Thread-656) Sending message {"key11753994619221": "value-0"} to topic topic-a97ba516_2ee1_4e5f_b043_e51501fdad75
2025-07-31 20:43:41,726 INFO  [io.api.tes.ser.api.KafkaSerdesTester] (Thread-656) Sending message {"key11753994619221": "value-1"} to topic topic-a97ba516_2ee1_4e5f_b043_e51501fdad75
2025-07-31 20:43:41,731 INFO  [io.api.tes.ser.api.KafkaSerdesTester] (Thread-656) Sending message {"key11753994619221": "value-2"} to topic topic-a97ba516_2ee1_4e5f_b043_e51501fdad75
2025-07-31 20:43:41,734 INFO  [io.api.tes.ser.api.KafkaSerdesTester] (Thread-656) Sending message {"key11753994619221": "value-3"} to topic topic-a97ba516_2ee1_4e5f_b043_e51501fdad75
2025-07-31 20:43:41,736 INFO  [io.api.tes.ser.api.KafkaSerdesTester] (Thread-656) Sending message {"key11753994619221": "value-4"} to topic topic-a97ba516_2ee1_4e5f_b043_e51501fdad75
2025-07-31 20:43:41,738 INFO  [io.api.tes.ser.api.KafkaSerdesTester] (Thread-656) Sending message {"key11753994619221": "value-5"} to topic topic-a97ba516_2ee1_4e5f_b043_e51501fdad75
2025-07-31 20:43:41,740 INFO  [io.api.tes.ser.api.KafkaSerdesTester] (Thread-656) Sending message {"key11753994619221": "value-6"} to topic topic-a97ba516_2ee1_4e5f_b043_e51501fdad75
2025-07-31 20:43:41,745 INFO  [io.api.tes.ser.api.KafkaSerdesTester] (Thread-656) Sending message {"key11753994619221": "value-7"} to topic topic-a97ba516_2ee1_4e5f_b043_e51501fdad75
2025-07-31 20:43:41,746 INFO  [io.api.tes.ser.api.KafkaSerdesTester] (Thread-656) Sending message {"key11753994619221": "value-8"} to topic topic-a97ba516_2ee1_4e5f_b043_e51501fdad75
2025-07-31 20:43:41,748 INFO  [io.api.tes.ser.api.KafkaSerdesTester] (Thread-656) Sending message {"key11753994619221": "value-9"} to topic topic-a97ba516_2ee1_4e5f_b043_e51501fdad75
2025-07-31 20:43:41,750 INFO  [io.api.tes.ser.api.KafkaSerdesTester] (Thread-656) Produced 10 messages
2025-07-31 20:43:41,751 INFO  [org.apa.kaf.cli.con.int.ClassicKafkaConsumer] (Thread-657) [Consumer clientId=consumer-Consumer-topic-a97ba516_2ee1_4e5f_b043_e51501fdad75-9, groupId=Consumer-topic-a97ba516_2ee1_4e5f_b043_e51501fdad75] Subscribed to topic(s): topic-a97ba516_2ee1_4e5f_b043_e51501fdad75
2025-07-31 20:43:41,814 INFO  [io.api.tes.ser.api.KafkaSerdesTester] (Thread-657) topic-a97ba516_2ee1_4e5f_b043_e51501fdad75 0 10 {"key11753994619221": "value-0", "key21753994620562": "value-0"}
2025-07-31 20:43:41,814 INFO  [io.api.tes.ser.api.KafkaSerdesTester] (Thread-657) topic-a97ba516_2ee1_4e5f_b043_e51501fdad75 0 11 {"key11753994619221": "value-1", "key21753994620562": "value-1"}
2025-07-31 20:43:41,814 INFO  [io.api.tes.ser.api.KafkaSerdesTester] (Thread-657) topic-a97ba516_2ee1_4e5f_b043_e51501fdad75 0 12 {"key11753994619221": "value-2", "key21753994620562": "value-2"}
2025-07-31 20:43:41,814 INFO  [io.api.tes.ser.api.KafkaSerdesTester] (Thread-657) topic-a97ba516_2ee1_4e5f_b043_e51501fdad75 0 13 {"key11753994619221": "value-3", "key21753994620562": "value-3"}
2025-07-31 20:43:41,814 INFO  [io.api.tes.ser.api.KafkaSerdesTester] (Thread-657) topic-a97ba516_2ee1_4e5f_b043_e51501fdad75 0 14 {"key11753994619221": "value-4", "key21753994620562": "value-4"}
2025-07-31 20:43:41,814 INFO  [io.api.tes.ser.api.KafkaSerdesTester] (Thread-657) topic-a97ba516_2ee1_4e5f_b043_e51501fdad75 0 15 {"key11753994619221": "value-5", "key21753994620562": "value-5"}
2025-07-31 20:43:41,814 INFO  [io.api.tes.ser.api.KafkaSerdesTester] (Thread-657) topic-a97ba516_2ee1_4e5f_b043_e51501fdad75 0 16 {"key11753994619221": "value-6", "key21753994620562": "value-6"}
2025-07-31 20:43:41,814 INFO  [io.api.tes.ser.api.KafkaSerdesTester] (Thread-657) topic-a97ba516_2ee1_4e5f_b043_e51501fdad75 0 17 {"key11753994619221": "value-7", "key21753994620562": "value-7"}
2025-07-31 20:43:41,814 INFO  [io.api.tes.ser.api.KafkaSerdesTester] (Thread-657) topic-a97ba516_2ee1_4e5f_b043_e51501fdad75 0 18 {"key11753994619221": "value-8", "key21753994620562": "value-8"}
2025-07-31 20:43:41,814 INFO  [io.api.tes.ser.api.KafkaSerdesTester] (Thread-657) topic-a97ba516_2ee1_4e5f_b043_e51501fdad75 0 19 {"key11753994619221": "value-9", "key21753994620562": "value-9"}
2025-07-31 20:43:41,815 INFO  [io.api.tes.ser.api.KafkaSerdesTester] (Thread-657) topic-a97ba516_2ee1_4e5f_b043_e51501fdad75 0 20 {"key11753994619221": "value-0"}
2025-07-31 20:43:41,815 INFO  [io.api.tes.ser.api.KafkaSerdesTester] (Thread-657) topic-a97ba516_2ee1_4e5f_b043_e51501fdad75 0 21 {"key11753994619221": "value-1"}
2025-07-31 20:43:41,815 INFO  [io.api.tes.ser.api.KafkaSerdesTester] (Thread-657) topic-a97ba516_2ee1_4e5f_b043_e51501fdad75 0 22 {"key11753994619221": "value-2"}
2025-07-31 20:43:41,815 INFO  [io.api.tes.ser.api.KafkaSerdesTester] (Thread-657) topic-a97ba516_2ee1_4e5f_b043_e51501fdad75 0 23 {"key11753994619221": "value-3"}
2025-07-31 20:43:41,815 INFO  [io.api.tes.ser.api.KafkaSerdesTester] (Thread-657) topic-a97ba516_2ee1_4e5f_b043_e51501fdad75 0 24 {"key11753994619221": "value-4"}
2025-07-31 20:43:41,815 INFO  [io.api.tes.ser.api.KafkaSerdesTester] (Thread-657) topic-a97ba516_2ee1_4e5f_b043_e51501fdad75 0 25 {"key11753994619221": "value-5"}
2025-07-31 20:43:41,815 INFO  [io.api.tes.ser.api.KafkaSerdesTester] (Thread-657) topic-a97ba516_2ee1_4e5f_b043_e51501fdad75 0 26 {"key11753994619221": "value-6"}
2025-07-31 20:43:41,815 INFO  [io.api.tes.ser.api.KafkaSerdesTester] (Thread-657) topic-a97ba516_2ee1_4e5f_b043_e51501fdad75 0 27 {"key11753994619221": "value-7"}
2025-07-31 20:43:41,815 INFO  [io.api.tes.ser.api.KafkaSerdesTester] (Thread-657) topic-a97ba516_2ee1_4e5f_b043_e51501fdad75 0 28 {"key11753994619221": "value-8"}
2025-07-31 20:43:41,815 INFO  [io.api.tes.ser.api.KafkaSerdesTester] (Thread-657) topic-a97ba516_2ee1_4e5f_b043_e51501fdad75 0 29 {"key11753994619221": "value-9"}
2025-07-31 20:43:41,815 INFO  [io.api.tes.ser.api.KafkaSerdesTester] (Thread-657) Consumed 20 messages
2025-07-31 20:43:41,816 INFO  [io.api.tes.ser.api.AvroSerdeIT] (main) Registering Avro Schema 3: {"type":"record","name":"s40957a9dx6aeex4c7exb8efxd9ce45690796","namespace":"ns_7cfedee0_6343_4e2d_a986_203c19f090b5","fields":[{"name":"key11753994619221","type":"string"},{"name":"key21753994620562","type":"string"},{"name":"key31753994621815","type":"string"}]}
2025-07-31 20:43:42,900 INFO  [io.api.tes.ser.api.KafkaSerdesTester] (Thread-658) Sending message {"key11753994619221": "value-0", "key21753994620562": "value-0", "key31753994621815": "value-0"} to topic topic-a97ba516_2ee1_4e5f_b043_e51501fdad75
2025-07-31 20:43:42,901 INFO  [DefaultSchemaResolver] (Thread-658) Retrieving schema content using string: {"type":"record","name":"s40957a9dx6aeex4c7exb8efxd9ce45690796","namespace":"ns_7cfedee0_6343_4e2d_a986_203c19f090b5","fields":[{"name":"key11753994619221","type":"string"},{"name":"key21753994620562","type":"string"},{"name":"key31753994621815","type":"string"}]}
2025-07-31 20:43:42,931 INFO  [io.api.tes.ser.api.KafkaSerdesTester] (Thread-658) Sending message {"key11753994619221": "value-1", "key21753994620562": "value-1", "key31753994621815": "value-1"} to topic topic-a97ba516_2ee1_4e5f_b043_e51501fdad75
2025-07-31 20:43:42,933 INFO  [io.api.tes.ser.api.KafkaSerdesTester] (Thread-658) Sending message {"key11753994619221": "value-2", "key21753994620562": "value-2", "key31753994621815": "value-2"} to topic topic-a97ba516_2ee1_4e5f_b043_e51501fdad75
2025-07-31 20:43:42,934 INFO  [io.api.tes.ser.api.KafkaSerdesTester] (Thread-658) Sending message {"key11753994619221": "value-3", "key21753994620562": "value-3", "key31753994621815": "value-3"} to topic topic-a97ba516_2ee1_4e5f_b043_e51501fdad75
2025-07-31 20:43:42,935 INFO  [io.api.tes.ser.api.KafkaSerdesTester] (Thread-658) Sending message {"key11753994619221": "value-4", "key21753994620562": "value-4", "key31753994621815": "value-4"} to topic topic-a97ba516_2ee1_4e5f_b043_e51501fdad75
2025-07-31 20:43:42,937 INFO  [io.api.tes.ser.api.KafkaSerdesTester] (Thread-658) Sending message {"key11753994619221": "value-5", "key21753994620562": "value-5", "key31753994621815": "value-5"} to topic topic-a97ba516_2ee1_4e5f_b043_e51501fdad75
2025-07-31 20:43:42,938 INFO  [io.api.tes.ser.api.KafkaSerdesTester] (Thread-658) Sending message {"key11753994619221": "value-6", "key21753994620562": "value-6", "key31753994621815": "value-6"} to topic topic-a97ba516_2ee1_4e5f_b043_e51501fdad75
2025-07-31 20:43:42,939 INFO  [io.api.tes.ser.api.KafkaSerdesTester] (Thread-658) Sending message {"key11753994619221": "value-7", "key21753994620562": "value-7", "key31753994621815": "value-7"} to topic topic-a97ba516_2ee1_4e5f_b043_e51501fdad75
2025-07-31 20:43:42,943 INFO  [io.api.tes.ser.api.KafkaSerdesTester] (Thread-658) Sending message {"key11753994619221": "value-8", "key21753994620562": "value-8", "key31753994621815": "value-8"} to topic topic-a97ba516_2ee1_4e5f_b043_e51501fdad75
2025-07-31 20:43:42,947 INFO  [io.api.tes.ser.api.KafkaSerdesTester] (Thread-658) Sending message {"key11753994619221": "value-9", "key21753994620562": "value-9", "key31753994621815": "value-9"} to topic topic-a97ba516_2ee1_4e5f_b043_e51501fdad75
2025-07-31 20:43:42,949 INFO  [io.api.tes.ser.api.KafkaSerdesTester] (Thread-658) Produced 10 messages
2025-07-31 20:43:42,950 INFO  [io.api.tes.ser.api.KafkaSerdesTester] (Thread-659) Sending message {"key11753994619221": "value-0", "key21753994620562": "value-0"} to topic topic-a97ba516_2ee1_4e5f_b043_e51501fdad75
2025-07-31 20:43:42,952 INFO  [io.api.tes.ser.api.KafkaSerdesTester] (Thread-659) Sending message {"key11753994619221": "value-1", "key21753994620562": "value-1"} to topic topic-a97ba516_2ee1_4e5f_b043_e51501fdad75
2025-07-31 20:43:42,956 INFO  [io.api.tes.ser.api.KafkaSerdesTester] (Thread-659) Sending message {"key11753994619221": "value-2", "key21753994620562": "value-2"} to topic topic-a97ba516_2ee1_4e5f_b043_e51501fdad75
2025-07-31 20:43:42,959 INFO  [io.api.tes.ser.api.KafkaSerdesTester] (Thread-659) Sending message {"key11753994619221": "value-3", "key21753994620562": "value-3"} to topic topic-a97ba516_2ee1_4e5f_b043_e51501fdad75
2025-07-31 20:43:42,964 INFO  [io.api.tes.ser.api.KafkaSerdesTester] (Thread-659) Sending message {"key11753994619221": "value-4", "key21753994620562": "value-4"} to topic topic-a97ba516_2ee1_4e5f_b043_e51501fdad75
2025-07-31 20:43:42,966 INFO  [io.api.tes.ser.api.KafkaSerdesTester] (Thread-659) Sending message {"key11753994619221": "value-5", "key21753994620562": "value-5"} to topic topic-a97ba516_2ee1_4e5f_b043_e51501fdad75
2025-07-31 20:43:42,967 INFO  [io.api.tes.ser.api.KafkaSerdesTester] (Thread-659) Sending message {"key11753994619221": "value-6", "key21753994620562": "value-6"} to topic topic-a97ba516_2ee1_4e5f_b043_e51501fdad75
2025-07-31 20:43:42,972 INFO  [io.api.tes.ser.api.KafkaSerdesTester] (Thread-659) Sending message {"key11753994619221": "value-7", "key21753994620562": "value-7"} to topic topic-a97ba516_2ee1_4e5f_b043_e51501fdad75
2025-07-31 20:43:42,978 INFO  [io.api.tes.ser.api.KafkaSerdesTester] (Thread-659) Sending message {"key11753994619221": "value-8", "key21753994620562": "value-8"} to topic topic-a97ba516_2ee1_4e5f_b043_e51501fdad75
2025-07-31 20:43:42,981 INFO  [io.api.tes.ser.api.KafkaSerdesTester] (Thread-659) Sending message {"key11753994619221": "value-9", "key21753994620562": "value-9"} to topic topic-a97ba516_2ee1_4e5f_b043_e51501fdad75
2025-07-31 20:43:42,985 INFO  [io.api.tes.ser.api.KafkaSerdesTester] (Thread-659) Produced 10 messages
2025-07-31 20:43:42,985 INFO  [io.api.tes.ser.api.KafkaSerdesTester] (Thread-660) Sending message {"key11753994619221": "value-0"} to topic topic-a97ba516_2ee1_4e5f_b043_e51501fdad75
2025-07-31 20:43:42,987 INFO  [io.api.tes.ser.api.KafkaSerdesTester] (Thread-660) Sending message {"key11753994619221": "value-1"} to topic topic-a97ba516_2ee1_4e5f_b043_e51501fdad75
2025-07-31 20:43:42,988 INFO  [io.api.tes.ser.api.KafkaSerdesTester] (Thread-660) Sending message {"key11753994619221": "value-2"} to topic topic-a97ba516_2ee1_4e5f_b043_e51501fdad75
2025-07-31 20:43:42,990 INFO  [io.api.tes.ser.api.KafkaSerdesTester] (Thread-660) Sending message {"key11753994619221": "value-3"} to topic topic-a97ba516_2ee1_4e5f_b043_e51501fdad75
2025-07-31 20:43:42,993 INFO  [io.api.tes.ser.api.KafkaSerdesTester] (Thread-660) Sending message {"key11753994619221": "value-4"} to topic topic-a97ba516_2ee1_4e5f_b043_e51501fdad75
2025-07-31 20:43:43,004 INFO  [io.api.tes.ser.api.KafkaSerdesTester] (Thread-660) Sending message {"key11753994619221": "value-5"} to topic topic-a97ba516_2ee1_4e5f_b043_e51501fdad75
2025-07-31 20:43:43,009 INFO  [io.api.tes.ser.api.KafkaSerdesTester] (Thread-660) Sending message {"key11753994619221": "value-6"} to topic topic-a97ba516_2ee1_4e5f_b043_e51501fdad75
2025-07-31 20:43:43,011 INFO  [io.api.tes.ser.api.KafkaSerdesTester] (Thread-660) Sending message {"key11753994619221": "value-7"} to topic topic-a97ba516_2ee1_4e5f_b043_e51501fdad75
2025-07-31 20:43:43,018 INFO  [io.api.tes.ser.api.KafkaSerdesTester] (Thread-660) Sending message {"key11753994619221": "value-8"} to topic topic-a97ba516_2ee1_4e5f_b043_e51501fdad75
2025-07-31 20:43:43,021 INFO  [io.api.tes.ser.api.KafkaSerdesTester] (Thread-660) Sending message {"key11753994619221": "value-9"} to topic topic-a97ba516_2ee1_4e5f_b043_e51501fdad75
2025-07-31 20:43:43,028 INFO  [io.api.tes.ser.api.KafkaSerdesTester] (Thread-660) Produced 10 messages
2025-07-31 20:43:43,031 INFO  [org.apa.kaf.cli.con.int.ClassicKafkaConsumer] (Thread-661) [Consumer clientId=consumer-Consumer-topic-a97ba516_2ee1_4e5f_b043_e51501fdad75-9, groupId=Consumer-topic-a97ba516_2ee1_4e5f_b043_e51501fdad75] Subscribed to topic(s): topic-a97ba516_2ee1_4e5f_b043_e51501fdad75
2025-07-31 20:43:43,089 INFO  [io.api.tes.ser.api.KafkaSerdesTester] (Thread-661) topic-a97ba516_2ee1_4e5f_b043_e51501fdad75 0 30 {"key11753994619221": "value-0", "key21753994620562": "value-0", "key31753994621815": "value-0"}
2025-07-31 20:43:43,089 INFO  [io.api.tes.ser.api.KafkaSerdesTester] (Thread-661) topic-a97ba516_2ee1_4e5f_b043_e51501fdad75 0 31 {"key11753994619221": "value-1", "key21753994620562": "value-1", "key31753994621815": "value-1"}
2025-07-31 20:43:43,090 INFO  [io.api.tes.ser.api.KafkaSerdesTester] (Thread-661) topic-a97ba516_2ee1_4e5f_b043_e51501fdad75 0 32 {"key11753994619221": "value-2", "key21753994620562": "value-2", "key31753994621815": "value-2"}
2025-07-31 20:43:43,090 INFO  [io.api.tes.ser.api.KafkaSerdesTester] (Thread-661) topic-a97ba516_2ee1_4e5f_b043_e51501fdad75 0 33 {"key11753994619221": "value-3", "key21753994620562": "value-3", "key31753994621815": "value-3"}
2025-07-31 20:43:43,090 INFO  [io.api.tes.ser.api.KafkaSerdesTester] (Thread-661) topic-a97ba516_2ee1_4e5f_b043_e51501fdad75 0 34 {"key11753994619221": "value-4", "key21753994620562": "value-4", "key31753994621815": "value-4"}
2025-07-31 20:43:43,090 INFO  [io.api.tes.ser.api.KafkaSerdesTester] (Thread-661) topic-a97ba516_2ee1_4e5f_b043_e51501fdad75 0 35 {"key11753994619221": "value-5", "key21753994620562": "value-5", "key31753994621815": "value-5"}
2025-07-31 20:43:43,090 INFO  [io.api.tes.ser.api.KafkaSerdesTester] (Thread-661) topic-a97ba516_2ee1_4e5f_b043_e51501fdad75 0 36 {"key11753994619221": "value-6", "key21753994620562": "value-6", "key31753994621815": "value-6"}
2025-07-31 20:43:43,090 INFO  [io.api.tes.ser.api.KafkaSerdesTester] (Thread-661) topic-a97ba516_2ee1_4e5f_b043_e51501fdad75 0 37 {"key11753994619221": "value-7", "key21753994620562": "value-7", "key31753994621815": "value-7"}
2025-07-31 20:43:43,090 INFO  [io.api.tes.ser.api.KafkaSerdesTester] (Thread-661) topic-a97ba516_2ee1_4e5f_b043_e51501fdad75 0 38 {"key11753994619221": "value-8", "key21753994620562": "value-8", "key31753994621815": "value-8"}
2025-07-31 20:43:43,090 INFO  [io.api.tes.ser.api.KafkaSerdesTester] (Thread-661) topic-a97ba516_2ee1_4e5f_b043_e51501fdad75 0 39 {"key11753994619221": "value-9", "key21753994620562": "value-9", "key31753994621815": "value-9"}
2025-07-31 20:43:43,090 INFO  [io.api.tes.ser.api.KafkaSerdesTester] (Thread-661) topic-a97ba516_2ee1_4e5f_b043_e51501fdad75 0 40 {"key11753994619221": "value-0", "key21753994620562": "value-0"}
2025-07-31 20:43:43,090 INFO  [io.api.tes.ser.api.KafkaSerdesTester] (Thread-661) topic-a97ba516_2ee1_4e5f_b043_e51501fdad75 0 41 {"key11753994619221": "value-1", "key21753994620562": "value-1"}
2025-07-31 20:43:43,090 INFO  [io.api.tes.ser.api.KafkaSerdesTester] (Thread-661) topic-a97ba516_2ee1_4e5f_b043_e51501fdad75 0 42 {"key11753994619221": "value-2", "key21753994620562": "value-2"}
2025-07-31 20:43:43,090 INFO  [io.api.tes.ser.api.KafkaSerdesTester] (Thread-661) topic-a97ba516_2ee1_4e5f_b043_e51501fdad75 0 43 {"key11753994619221": "value-3", "key21753994620562": "value-3"}
2025-07-31 20:43:43,090 INFO  [io.api.tes.ser.api.KafkaSerdesTester] (Thread-661) topic-a97ba516_2ee1_4e5f_b043_e51501fdad75 0 44 {"key11753994619221": "value-4", "key21753994620562": "value-4"}
2025-07-31 20:43:43,090 INFO  [io.api.tes.ser.api.KafkaSerdesTester] (Thread-661) topic-a97ba516_2ee1_4e5f_b043_e51501fdad75 0 45 {"key11753994619221": "value-5", "key21753994620562": "value-5"}
2025-07-31 20:43:43,090 INFO  [io.api.tes.ser.api.KafkaSerdesTester] (Thread-661) topic-a97ba516_2ee1_4e5f_b043_e51501fdad75 0 46 {"key11753994619221": "value-6", "key21753994620562": "value-6"}
2025-07-31 20:43:43,090 INFO  [io.api.tes.ser.api.KafkaSerdesTester] (Thread-661) topic-a97ba516_2ee1_4e5f_b043_e51501fdad75 0 47 {"key11753994619221": "value-7", "key21753994620562": "value-7"}
2025-07-31 20:43:43,090 INFO  [io.api.tes.ser.api.KafkaSerdesTester] (Thread-661) topic-a97ba516_2ee1_4e5f_b043_e51501fdad75 0 48 {"key11753994619221": "value-8", "key21753994620562": "value-8"}
2025-07-31 20:43:43,091 INFO  [io.api.tes.ser.api.KafkaSerdesTester] (Thread-661) topic-a97ba516_2ee1_4e5f_b043_e51501fdad75 0 49 {"key11753994619221": "value-9", "key21753994620562": "value-9"}
2025-07-31 20:43:43,091 INFO  [io.api.tes.ser.api.KafkaSerdesTester] (Thread-661) topic-a97ba516_2ee1_4e5f_b043_e51501fdad75 0 50 {"key11753994619221": "value-0"}
2025-07-31 20:43:43,091 INFO  [io.api.tes.ser.api.KafkaSerdesTester] (Thread-661) topic-a97ba516_2ee1_4e5f_b043_e51501fdad75 0 51 {"key11753994619221": "value-1"}
2025-07-31 20:43:43,091 INFO  [io.api.tes.ser.api.KafkaSerdesTester] (Thread-661) topic-a97ba516_2ee1_4e5f_b043_e51501fdad75 0 52 {"key11753994619221": "value-2"}
2025-07-31 20:43:43,091 INFO  [io.api.tes.ser.api.KafkaSerdesTester] (Thread-661) topic-a97ba516_2ee1_4e5f_b043_e51501fdad75 0 53 {"key11753994619221": "value-3"}
2025-07-31 20:43:43,091 INFO  [io.api.tes.ser.api.KafkaSerdesTester] (Thread-661) topic-a97ba516_2ee1_4e5f_b043_e51501fdad75 0 54 {"key11753994619221": "value-4"}
2025-07-31 20:43:43,091 INFO  [io.api.tes.ser.api.KafkaSerdesTester] (Thread-661) topic-a97ba516_2ee1_4e5f_b043_e51501fdad75 0 55 {"key11753994619221": "value-5"}
2025-07-31 20:43:43,091 INFO  [io.api.tes.ser.api.KafkaSerdesTester] (Thread-661) topic-a97ba516_2ee1_4e5f_b043_e51501fdad75 0 56 {"key11753994619221": "value-6"}
2025-07-31 20:43:43,091 INFO  [io.api.tes.ser.api.KafkaSerdesTester] (Thread-661) topic-a97ba516_2ee1_4e5f_b043_e51501fdad75 0 57 {"key11753994619221": "value-7"}
2025-07-31 20:43:43,091 INFO  [io.api.tes.ser.api.KafkaSerdesTester] (Thread-661) topic-a97ba516_2ee1_4e5f_b043_e51501fdad75 0 58 {"key11753994619221": "value-8"}
2025-07-31 20:43:43,091 INFO  [io.api.tes.ser.api.KafkaSerdesTester] (Thread-661) topic-a97ba516_2ee1_4e5f_b043_e51501fdad75 0 59 {"key11753994619221": "value-9"}
2025-07-31 20:43:43,091 INFO  [io.api.tes.ser.api.KafkaSerdesTester] (Thread-661) Consumed 30 messages
2025-07-31 20:43:43,091 INFO  [org.apa.kaf.cli.pro.KafkaProducer] (main) [Producer clientId=Producer-topic-a97ba516_2ee1_4e5f_b043_e51501fdad75] Closing the Kafka producer with timeoutMillis = 9223372036854775807 ms.
2025-07-31 20:43:43,093 INFO  [org.apa.kaf.com.met.Metrics] (main) Metrics scheduler closed
2025-07-31 20:43:43,093 INFO  [org.apa.kaf.com.met.Metrics] (main) Closing reporter org.apache.kafka.common.metrics.JmxReporter
2025-07-31 20:43:43,094 INFO  [org.apa.kaf.com.met.Metrics] (main) Closing reporter org.apache.kafka.common.telemetry.internals.ClientTelemetryReporter
2025-07-31 20:43:43,094 INFO  [org.apa.kaf.com.met.Metrics] (main) Metrics reporters closed
2025-07-31 20:43:43,094 INFO  [org.apa.kaf.com.uti.AppInfoParser] (main) App info kafka.producer for Producer-topic-a97ba516_2ee1_4e5f_b043_e51501fdad75 unregistered
2025-07-31 20:43:43,098 INFO  [org.apa.kaf.cli.con.int.ConsumerRebalanceListenerInvoker] (main) [Consumer clientId=consumer-Consumer-topic-a97ba516_2ee1_4e5f_b043_e51501fdad75-9, groupId=Consumer-topic-a97ba516_2ee1_4e5f_b043_e51501fdad75] Revoke previously assigned partitions topic-a97ba516_2ee1_4e5f_b043_e51501fdad75-0
2025-07-31 20:43:43,098 INFO  [org.apa.kaf.cli.con.int.ConsumerCoordinator] (main) [Consumer clientId=consumer-Consumer-topic-a97ba516_2ee1_4e5f_b043_e51501fdad75-9, groupId=Consumer-topic-a97ba516_2ee1_4e5f_b043_e51501fdad75] Member consumer-Consumer-topic-a97ba516_2ee1_4e5f_b043_e51501fdad75-9-db7db4cd-4c6b-4815-8851-7a48d5592d64 sending LeaveGroup request to coordinator localhost:32770 (id: 2147483647 rack: null) due to the consumer is being closed
2025-07-31 20:43:43,099 INFO  [org.apa.kaf.cli.con.int.ConsumerCoordinator] (main) [Consumer clientId=consumer-Consumer-topic-a97ba516_2ee1_4e5f_b043_e51501fdad75-9, groupId=Consumer-topic-a97ba516_2ee1_4e5f_b043_e51501fdad75] Resetting generation and member id due to: consumer pro-actively leaving the group
2025-07-31 20:43:43,099 INFO  [org.apa.kaf.cli.con.int.ConsumerCoordinator] (main) [Consumer clientId=consumer-Consumer-topic-a97ba516_2ee1_4e5f_b043_e51501fdad75-9, groupId=Consumer-topic-a97ba516_2ee1_4e5f_b043_e51501fdad75] Request joining group due to: consumer pro-actively leaving the group
2025-07-31 20:43:43,593 INFO  [org.apa.kaf.com.met.Metrics] (main) Metrics scheduler closed
2025-07-31 20:43:43,593 INFO  [org.apa.kaf.com.met.Metrics] (main) Closing reporter org.apache.kafka.common.metrics.JmxReporter
2025-07-31 20:43:43,594 INFO  [org.apa.kaf.com.met.Metrics] (main) Closing reporter org.apache.kafka.common.telemetry.internals.ClientTelemetryReporter
2025-07-31 20:43:43,594 INFO  [org.apa.kaf.com.met.Metrics] (main) Metrics reporters closed
2025-07-31 20:43:43,598 INFO  [org.apa.kaf.com.uti.AppInfoParser] (main) App info kafka.consumer for consumer-Consumer-topic-a97ba516_2ee1_4e5f_b043_e51501fdad75-9 unregistered
2025-07-31 20:43:43,598 INFO  [io.api.tes.uti.TestSeparator] (main) io.apicurio.tests.serdes.apicurio.AvroSerdeIT.testEvolveAvroApicurioReusingClient-FINISHED
2025-07-31 20:43:43,598 INFO  [io.api.tes.uti.TestSeparator] (main) ############################################################################
Test passed: testEvolveAvroApicurioReusingClient
]]></system-out>
  </testcase>
  <testcase name="testProducerUsesDefaultConsumerUsesGlobalId" classname="io.apicurio.tests.serdes.apicurio.AvroSerdeIT" time="0.0">
    <skipped message="void io.apicurio.tests.serdes.apicurio.AvroSerdeIT.testProducerUsesDefaultConsumerUsesGlobalId() throws java.lang.Exception is @Disabled"/>
  </testcase>
  <testcase name="testEvolveAvroApicurio" classname="io.apicurio.tests.serdes.apicurio.AvroSerdeIT" time="5.914">
    <system-out><![CDATA[2025-07-31 20:43:43,603 INFO  [io.api.tes.uti.TestSeparator] (main) ############################################################################
2025-07-31 20:43:43,603 INFO  [io.api.tes.uti.TestSeparator] (main) io.apicurio.tests.serdes.apicurio.AvroSerdeIT.testEvolveAvroApicurio-STARTED
2025-07-31 20:43:43,609 INFO  [io.api.tes.ser.api.AvroSerdeIT] (main) Registering Avro Schema: {"type":"record","name":"s5f26a410xc922x458cx818dxa81f5a29f39d","namespace":"ns_b5161046_b317_49a7_8e4a_9f014bdc112b","fields":[{"name":"key11753994623604","type":"string"}]}
**** Registry Base URL: http://registry-app-kafkasql.apps.ci419.apicurio-testing.org:80
2025-07-31 20:43:44,736 INFO  [org.apa.kaf.cli.pro.ProducerConfig] (main) ProducerConfig values: 
	acks = -1
	auto.include.jmx.reporter = true
	batch.size = 16384
	bootstrap.servers = [PLAINTEXT://localhost:32770]
	buffer.memory = 33554432
	client.dns.lookup = use_all_dns_ips
	client.id = Producer-topic-48c96929_d532_474c_a79b_936e0e296aa1
	compression.gzip.level = -1
	compression.lz4.level = 9
	compression.type = none
	compression.zstd.level = 3
	connections.max.idle.ms = 10000
	delivery.timeout.ms = 120000
	enable.idempotence = true
	enable.metrics.push = true
	interceptor.classes = []
	key.serializer = class org.apache.kafka.common.serialization.StringSerializer
	linger.ms = 0
	max.block.ms = 60000
	max.in.flight.requests.per.connection = 5
	max.request.size = 1048576
	metadata.max.age.ms = 300000
	metadata.max.idle.ms = 300000
	metadata.recovery.strategy = none
	metric.reporters = []
	metrics.num.samples = 2
	metrics.recording.level = INFO
	metrics.sample.window.ms = 30000
	partitioner.adaptive.partitioning.enable = true
	partitioner.availability.timeout.ms = 0
	partitioner.class = null
	partitioner.ignore.keys = false
	receive.buffer.bytes = 32768
	reconnect.backoff.max.ms = 1000
	reconnect.backoff.ms = 50
	request.timeout.ms = 5000
	retries = 2147483647
	retry.backoff.max.ms = 1000
	retry.backoff.ms = 100
	sasl.client.callback.handler.class = null
	sasl.jaas.config = null
	sasl.kerberos.kinit.cmd = /usr/bin/kinit
	sasl.kerberos.min.time.before.relogin = 60000
	sasl.kerberos.service.name = null
	sasl.kerberos.ticket.renew.jitter = 0.05
	sasl.kerberos.ticket.renew.window.factor = 0.8
	sasl.login.callback.handler.class = null
	sasl.login.class = null
	sasl.login.connect.timeout.ms = null
	sasl.login.read.timeout.ms = null
	sasl.login.refresh.buffer.seconds = 300
	sasl.login.refresh.min.period.seconds = 60
	sasl.login.refresh.window.factor = 0.8
	sasl.login.refresh.window.jitter = 0.05
	sasl.login.retry.backoff.max.ms = 10000
	sasl.login.retry.backoff.ms = 100
	sasl.mechanism = GSSAPI
	sasl.oauthbearer.clock.skew.seconds = 30
	sasl.oauthbearer.expected.audience = null
	sasl.oauthbearer.expected.issuer = null
	sasl.oauthbearer.header.urlencode = false
	sasl.oauthbearer.jwks.endpoint.refresh.ms = 3600000
	sasl.oauthbearer.jwks.endpoint.retry.backoff.max.ms = 10000
	sasl.oauthbearer.jwks.endpoint.retry.backoff.ms = 100
	sasl.oauthbearer.jwks.endpoint.url = null
	sasl.oauthbearer.scope.claim.name = scope
	sasl.oauthbearer.sub.claim.name = sub
	sasl.oauthbearer.token.endpoint.url = null
	security.protocol = PLAINTEXT
	security.providers = null
	send.buffer.bytes = 131072
	socket.connection.setup.timeout.max.ms = 30000
	socket.connection.setup.timeout.ms = 10000
	ssl.cipher.suites = null
	ssl.enabled.protocols = [TLSv1.2, TLSv1.3]
	ssl.endpoint.identification.algorithm = https
	ssl.engine.factory.class = null
	ssl.key.password = null
	ssl.keymanager.algorithm = SunX509
	ssl.keystore.certificate.chain = null
	ssl.keystore.key = null
	ssl.keystore.location = null
	ssl.keystore.password = null
	ssl.keystore.type = JKS
	ssl.protocol = TLSv1.3
	ssl.provider = null
	ssl.secure.random.implementation = null
	ssl.trustmanager.algorithm = PKIX
	ssl.truststore.certificates = null
	ssl.truststore.location = null
	ssl.truststore.password = null
	ssl.truststore.type = JKS
	transaction.timeout.ms = 60000
	transactional.id = null
	value.serializer = class io.apicurio.registry.serde.avro.AvroKafkaSerializer

2025-07-31 20:43:44,736 INFO  [org.apa.kaf.com.tel.int.KafkaMetricsCollector] (main) initializing Kafka metrics collector
2025-07-31 20:43:44,740 INFO  [org.apa.kaf.cli.pro.KafkaProducer] (main) [Producer clientId=Producer-topic-48c96929_d532_474c_a79b_936e0e296aa1] Instantiated an idempotent producer.
2025-07-31 20:43:44,743 INFO  [org.apa.kaf.cli.pro.ProducerConfig] (main) These configurations '[apicurio.registry.url, apicurio.registry.artifact-resolver-strategy]' were supplied but are not used yet.
2025-07-31 20:43:44,743 INFO  [org.apa.kaf.com.uti.AppInfoParser] (main) Kafka version: 3.9.1
2025-07-31 20:43:44,743 INFO  [org.apa.kaf.com.uti.AppInfoParser] (main) Kafka commitId: f745dfdcee2b9851
2025-07-31 20:43:44,743 INFO  [org.apa.kaf.com.uti.AppInfoParser] (main) Kafka startTimeMs: 1753994624743
**** Registry Base URL: http://registry-app-kafkasql.apps.ci419.apicurio-testing.org:80
2025-07-31 20:43:44,746 INFO  [org.apa.kaf.cli.con.ConsumerConfig] (main) ConsumerConfig values: 
	allow.auto.create.topics = true
	auto.commit.interval.ms = 500
	auto.include.jmx.reporter = true
	auto.offset.reset = earliest
	bootstrap.servers = [PLAINTEXT://localhost:32770]
	check.crcs = true
	client.dns.lookup = use_all_dns_ips
	client.id = consumer-Consumer-topic-48c96929_d532_474c_a79b_936e0e296aa1-10
	client.rack = 
	connections.max.idle.ms = 10000
	default.api.timeout.ms = 60000
	enable.auto.commit = true
	enable.metrics.push = true
	exclude.internal.topics = true
	fetch.max.bytes = 52428800
	fetch.max.wait.ms = 500
	fetch.min.bytes = 1
	group.id = Consumer-topic-48c96929_d532_474c_a79b_936e0e296aa1
	group.instance.id = null
	group.protocol = classic
	group.remote.assignor = null
	heartbeat.interval.ms = 3000
	interceptor.classes = []
	internal.leave.group.on.close = true
	internal.throw.on.fetch.stable.offset.unsupported = false
	isolation.level = read_uncommitted
	key.deserializer = class org.apache.kafka.common.serialization.StringDeserializer
	max.partition.fetch.bytes = 1048576
	max.poll.interval.ms = 300000
	max.poll.records = 500
	metadata.max.age.ms = 300000
	metadata.recovery.strategy = none
	metric.reporters = []
	metrics.num.samples = 2
	metrics.recording.level = INFO
	metrics.sample.window.ms = 30000
	partition.assignment.strategy = [class org.apache.kafka.clients.consumer.RangeAssignor, class org.apache.kafka.clients.consumer.CooperativeStickyAssignor]
	receive.buffer.bytes = 65536
	reconnect.backoff.max.ms = 1000
	reconnect.backoff.ms = 50
	request.timeout.ms = 5000
	retry.backoff.max.ms = 1000
	retry.backoff.ms = 100
	sasl.client.callback.handler.class = null
	sasl.jaas.config = null
	sasl.kerberos.kinit.cmd = /usr/bin/kinit
	sasl.kerberos.min.time.before.relogin = 60000
	sasl.kerberos.service.name = null
	sasl.kerberos.ticket.renew.jitter = 0.05
	sasl.kerberos.ticket.renew.window.factor = 0.8
	sasl.login.callback.handler.class = null
	sasl.login.class = null
	sasl.login.connect.timeout.ms = null
	sasl.login.read.timeout.ms = null
	sasl.login.refresh.buffer.seconds = 300
	sasl.login.refresh.min.period.seconds = 60
	sasl.login.refresh.window.factor = 0.8
	sasl.login.refresh.window.jitter = 0.05
	sasl.login.retry.backoff.max.ms = 10000
	sasl.login.retry.backoff.ms = 100
	sasl.mechanism = GSSAPI
	sasl.oauthbearer.clock.skew.seconds = 30
	sasl.oauthbearer.expected.audience = null
	sasl.oauthbearer.expected.issuer = null
	sasl.oauthbearer.header.urlencode = false
	sasl.oauthbearer.jwks.endpoint.refresh.ms = 3600000
	sasl.oauthbearer.jwks.endpoint.retry.backoff.max.ms = 10000
	sasl.oauthbearer.jwks.endpoint.retry.backoff.ms = 100
	sasl.oauthbearer.jwks.endpoint.url = null
	sasl.oauthbearer.scope.claim.name = scope
	sasl.oauthbearer.sub.claim.name = sub
	sasl.oauthbearer.token.endpoint.url = null
	security.protocol = PLAINTEXT
	security.providers = null
	send.buffer.bytes = 131072
	session.timeout.ms = 45000
	socket.connection.setup.timeout.max.ms = 30000
	socket.connection.setup.timeout.ms = 10000
	ssl.cipher.suites = null
	ssl.enabled.protocols = [TLSv1.2, TLSv1.3]
	ssl.endpoint.identification.algorithm = https
	ssl.engine.factory.class = null
	ssl.key.password = null
	ssl.keymanager.algorithm = SunX509
	ssl.keystore.certificate.chain = null
	ssl.keystore.key = null
	ssl.keystore.location = null
	ssl.keystore.password = null
	ssl.keystore.type = JKS
	ssl.protocol = TLSv1.3
	ssl.provider = null
	ssl.secure.random.implementation = null
	ssl.trustmanager.algorithm = PKIX
	ssl.truststore.certificates = null
	ssl.truststore.location = null
	ssl.truststore.password = null
	ssl.truststore.type = JKS
	value.deserializer = class io.apicurio.registry.serde.avro.AvroKafkaDeserializer

2025-07-31 20:43:44,746 INFO  [org.apa.kaf.com.tel.int.KafkaMetricsCollector] (main) initializing Kafka metrics collector
2025-07-31 20:43:44,750 INFO  [org.apa.kaf.cli.Metadata] (kafka-producer-network-thread | Producer-topic-48c96929_d532_474c_a79b_936e0e296aa1) [Producer clientId=Producer-topic-48c96929_d532_474c_a79b_936e0e296aa1] Cluster ID: cdvAFU1gQSCWwJ-LEPQTSg
2025-07-31 20:43:44,751 INFO  [org.apa.kaf.cli.pro.int.TransactionManager] (kafka-producer-network-thread | Producer-topic-48c96929_d532_474c_a79b_936e0e296aa1) [Producer clientId=Producer-topic-48c96929_d532_474c_a79b_936e0e296aa1] ProducerId set to 12 with epoch 0
2025-07-31 20:43:44,755 INFO  [org.apa.kaf.cli.con.ConsumerConfig] (main) These configurations '[apicurio.registry.url]' were supplied but are not used yet.
2025-07-31 20:43:44,756 INFO  [org.apa.kaf.com.uti.AppInfoParser] (main) Kafka version: 3.9.1
2025-07-31 20:43:44,756 INFO  [org.apa.kaf.com.uti.AppInfoParser] (main) Kafka commitId: f745dfdcee2b9851
2025-07-31 20:43:44,756 INFO  [org.apa.kaf.com.uti.AppInfoParser] (main) Kafka startTimeMs: 1753994624755
2025-07-31 20:43:44,756 INFO  [io.api.tes.ser.api.KafkaSerdesTester] (Thread-666) Sending message {"key11753994623604": "value-0"} to topic topic-48c96929_d532_474c_a79b_936e0e296aa1
2025-07-31 20:43:44,758 INFO  [DefaultSchemaResolver] (Thread-666) Retrieving schema content using string: {"type":"record","name":"s5f26a410xc922x458cx818dxa81f5a29f39d","namespace":"ns_b5161046_b317_49a7_8e4a_9f014bdc112b","fields":[{"name":"key11753994623604","type":"string"}]}
2025-07-31 20:43:44,812 INFO  [io.api.tes.ser.api.KafkaSerdesTester] (Thread-666) Sending message {"key11753994623604": "value-1"} to topic topic-48c96929_d532_474c_a79b_936e0e296aa1
2025-07-31 20:43:44,814 INFO  [io.api.tes.ser.api.KafkaSerdesTester] (Thread-666) Sending message {"key11753994623604": "value-2"} to topic topic-48c96929_d532_474c_a79b_936e0e296aa1
2025-07-31 20:43:44,815 INFO  [io.api.tes.ser.api.KafkaSerdesTester] (Thread-666) Sending message {"key11753994623604": "value-3"} to topic topic-48c96929_d532_474c_a79b_936e0e296aa1
2025-07-31 20:43:44,817 INFO  [io.api.tes.ser.api.KafkaSerdesTester] (Thread-666) Sending message {"key11753994623604": "value-4"} to topic topic-48c96929_d532_474c_a79b_936e0e296aa1
2025-07-31 20:43:44,818 INFO  [io.api.tes.ser.api.KafkaSerdesTester] (Thread-666) Sending message {"key11753994623604": "value-5"} to topic topic-48c96929_d532_474c_a79b_936e0e296aa1
2025-07-31 20:43:44,819 INFO  [io.api.tes.ser.api.KafkaSerdesTester] (Thread-666) Sending message {"key11753994623604": "value-6"} to topic topic-48c96929_d532_474c_a79b_936e0e296aa1
2025-07-31 20:43:44,820 INFO  [io.api.tes.ser.api.KafkaSerdesTester] (Thread-666) Sending message {"key11753994623604": "value-7"} to topic topic-48c96929_d532_474c_a79b_936e0e296aa1
2025-07-31 20:43:44,822 INFO  [io.api.tes.ser.api.KafkaSerdesTester] (Thread-666) Sending message {"key11753994623604": "value-8"} to topic topic-48c96929_d532_474c_a79b_936e0e296aa1
2025-07-31 20:43:44,823 INFO  [io.api.tes.ser.api.KafkaSerdesTester] (Thread-666) Sending message {"key11753994623604": "value-9"} to topic topic-48c96929_d532_474c_a79b_936e0e296aa1
2025-07-31 20:43:44,824 INFO  [io.api.tes.ser.api.KafkaSerdesTester] (Thread-666) Produced 10 messages
2025-07-31 20:43:44,825 INFO  [org.apa.kaf.cli.pro.KafkaProducer] (Thread-666) [Producer clientId=Producer-topic-48c96929_d532_474c_a79b_936e0e296aa1] Closing the Kafka producer with timeoutMillis = 9223372036854775807 ms.
2025-07-31 20:43:44,826 INFO  [org.apa.kaf.com.met.Metrics] (Thread-666) Metrics scheduler closed
2025-07-31 20:43:44,826 INFO  [org.apa.kaf.com.met.Metrics] (Thread-666) Closing reporter org.apache.kafka.common.metrics.JmxReporter
2025-07-31 20:43:44,826 INFO  [org.apa.kaf.com.met.Metrics] (Thread-666) Closing reporter org.apache.kafka.common.telemetry.internals.ClientTelemetryReporter
2025-07-31 20:43:44,827 INFO  [org.apa.kaf.com.met.Metrics] (Thread-666) Metrics reporters closed
2025-07-31 20:43:44,827 INFO  [org.apa.kaf.com.uti.AppInfoParser] (Thread-666) App info kafka.producer for Producer-topic-48c96929_d532_474c_a79b_936e0e296aa1 unregistered
2025-07-31 20:43:44,828 INFO  [org.apa.kaf.cli.con.int.ClassicKafkaConsumer] (Thread-667) [Consumer clientId=consumer-Consumer-topic-48c96929_d532_474c_a79b_936e0e296aa1-10, groupId=Consumer-topic-48c96929_d532_474c_a79b_936e0e296aa1] Subscribed to topic(s): topic-48c96929_d532_474c_a79b_936e0e296aa1
2025-07-31 20:43:44,835 INFO  [org.apa.kaf.cli.Metadata] (Thread-667) [Consumer clientId=consumer-Consumer-topic-48c96929_d532_474c_a79b_936e0e296aa1-10, groupId=Consumer-topic-48c96929_d532_474c_a79b_936e0e296aa1] Cluster ID: cdvAFU1gQSCWwJ-LEPQTSg
2025-07-31 20:43:44,836 INFO  [org.apa.kaf.cli.con.int.ConsumerCoordinator] (Thread-667) [Consumer clientId=consumer-Consumer-topic-48c96929_d532_474c_a79b_936e0e296aa1-10, groupId=Consumer-topic-48c96929_d532_474c_a79b_936e0e296aa1] Discovered group coordinator localhost:32770 (id: 2147483647 rack: null)
2025-07-31 20:43:44,838 INFO  [org.apa.kaf.cli.con.int.ConsumerCoordinator] (Thread-667) [Consumer clientId=consumer-Consumer-topic-48c96929_d532_474c_a79b_936e0e296aa1-10, groupId=Consumer-topic-48c96929_d532_474c_a79b_936e0e296aa1] (Re-)joining group
2025-07-31 20:43:44,843 INFO  [org.apa.kaf.cli.con.int.ConsumerCoordinator] (Thread-667) [Consumer clientId=consumer-Consumer-topic-48c96929_d532_474c_a79b_936e0e296aa1-10, groupId=Consumer-topic-48c96929_d532_474c_a79b_936e0e296aa1] Request joining group due to: need to re-join with the given member-id: consumer-Consumer-topic-48c96929_d532_474c_a79b_936e0e296aa1-10-8506444f-53f2-45a1-a879-80c7f9bb5ee2
2025-07-31 20:43:44,843 INFO  [org.apa.kaf.cli.con.int.ConsumerCoordinator] (Thread-667) [Consumer clientId=consumer-Consumer-topic-48c96929_d532_474c_a79b_936e0e296aa1-10, groupId=Consumer-topic-48c96929_d532_474c_a79b_936e0e296aa1] (Re-)joining group
2025-07-31 20:43:44,847 INFO  [org.apa.kaf.cli.con.int.ConsumerCoordinator] (Thread-667) [Consumer clientId=consumer-Consumer-topic-48c96929_d532_474c_a79b_936e0e296aa1-10, groupId=Consumer-topic-48c96929_d532_474c_a79b_936e0e296aa1] Successfully joined group with generation Generation{generationId=1, memberId='consumer-Consumer-topic-48c96929_d532_474c_a79b_936e0e296aa1-10-8506444f-53f2-45a1-a879-80c7f9bb5ee2', protocol='range'}
2025-07-31 20:43:44,847 INFO  [org.apa.kaf.cli.con.int.ConsumerCoordinator] (Thread-667) [Consumer clientId=consumer-Consumer-topic-48c96929_d532_474c_a79b_936e0e296aa1-10, groupId=Consumer-topic-48c96929_d532_474c_a79b_936e0e296aa1] Finished assignment for group at generation 1: {consumer-Consumer-topic-48c96929_d532_474c_a79b_936e0e296aa1-10-8506444f-53f2-45a1-a879-80c7f9bb5ee2=Assignment(partitions=[topic-48c96929_d532_474c_a79b_936e0e296aa1-0])}
2025-07-31 20:43:44,851 INFO  [org.apa.kaf.cli.con.int.ConsumerCoordinator] (Thread-667) [Consumer clientId=consumer-Consumer-topic-48c96929_d532_474c_a79b_936e0e296aa1-10, groupId=Consumer-topic-48c96929_d532_474c_a79b_936e0e296aa1] Successfully synced group in generation Generation{generationId=1, memberId='consumer-Consumer-topic-48c96929_d532_474c_a79b_936e0e296aa1-10-8506444f-53f2-45a1-a879-80c7f9bb5ee2', protocol='range'}
2025-07-31 20:43:44,851 INFO  [org.apa.kaf.cli.con.int.ConsumerCoordinator] (Thread-667) [Consumer clientId=consumer-Consumer-topic-48c96929_d532_474c_a79b_936e0e296aa1-10, groupId=Consumer-topic-48c96929_d532_474c_a79b_936e0e296aa1] Notifying assignor about the new Assignment(partitions=[topic-48c96929_d532_474c_a79b_936e0e296aa1-0])
2025-07-31 20:43:44,852 INFO  [org.apa.kaf.cli.con.int.ConsumerRebalanceListenerInvoker] (Thread-667) [Consumer clientId=consumer-Consumer-topic-48c96929_d532_474c_a79b_936e0e296aa1-10, groupId=Consumer-topic-48c96929_d532_474c_a79b_936e0e296aa1] Adding newly assigned partitions: topic-48c96929_d532_474c_a79b_936e0e296aa1-0
2025-07-31 20:43:44,854 INFO  [org.apa.kaf.cli.con.int.ConsumerCoordinator] (Thread-667) [Consumer clientId=consumer-Consumer-topic-48c96929_d532_474c_a79b_936e0e296aa1-10, groupId=Consumer-topic-48c96929_d532_474c_a79b_936e0e296aa1] Found no committed offset for partition topic-48c96929_d532_474c_a79b_936e0e296aa1-0
2025-07-31 20:43:44,859 INFO  [org.apa.kaf.cli.con.int.SubscriptionState] (Thread-667) [Consumer clientId=consumer-Consumer-topic-48c96929_d532_474c_a79b_936e0e296aa1-10, groupId=Consumer-topic-48c96929_d532_474c_a79b_936e0e296aa1] Resetting offset for partition topic-48c96929_d532_474c_a79b_936e0e296aa1-0 to position FetchPosition{offset=0, offsetEpoch=Optional.empty, currentLeader=LeaderAndEpoch{leader=Optional[localhost:32770 (id: 0 rack: null)], epoch=0}}.
2025-07-31 20:43:44,940 INFO  [io.api.tes.ser.api.KafkaSerdesTester] (Thread-667) topic-48c96929_d532_474c_a79b_936e0e296aa1 0 0 {"key11753994623604": "value-0"}
2025-07-31 20:43:44,940 INFO  [io.api.tes.ser.api.KafkaSerdesTester] (Thread-667) topic-48c96929_d532_474c_a79b_936e0e296aa1 0 1 {"key11753994623604": "value-1"}
2025-07-31 20:43:44,940 INFO  [io.api.tes.ser.api.KafkaSerdesTester] (Thread-667) topic-48c96929_d532_474c_a79b_936e0e296aa1 0 2 {"key11753994623604": "value-2"}
2025-07-31 20:43:44,940 INFO  [io.api.tes.ser.api.KafkaSerdesTester] (Thread-667) topic-48c96929_d532_474c_a79b_936e0e296aa1 0 3 {"key11753994623604": "value-3"}
2025-07-31 20:43:44,940 INFO  [io.api.tes.ser.api.KafkaSerdesTester] (Thread-667) topic-48c96929_d532_474c_a79b_936e0e296aa1 0 4 {"key11753994623604": "value-4"}
2025-07-31 20:43:44,940 INFO  [io.api.tes.ser.api.KafkaSerdesTester] (Thread-667) topic-48c96929_d532_474c_a79b_936e0e296aa1 0 5 {"key11753994623604": "value-5"}
2025-07-31 20:43:44,940 INFO  [io.api.tes.ser.api.KafkaSerdesTester] (Thread-667) topic-48c96929_d532_474c_a79b_936e0e296aa1 0 6 {"key11753994623604": "value-6"}
2025-07-31 20:43:44,940 INFO  [io.api.tes.ser.api.KafkaSerdesTester] (Thread-667) topic-48c96929_d532_474c_a79b_936e0e296aa1 0 7 {"key11753994623604": "value-7"}
2025-07-31 20:43:44,940 INFO  [io.api.tes.ser.api.KafkaSerdesTester] (Thread-667) topic-48c96929_d532_474c_a79b_936e0e296aa1 0 8 {"key11753994623604": "value-8"}
2025-07-31 20:43:44,941 INFO  [io.api.tes.ser.api.KafkaSerdesTester] (Thread-667) topic-48c96929_d532_474c_a79b_936e0e296aa1 0 9 {"key11753994623604": "value-9"}
2025-07-31 20:43:44,941 INFO  [io.api.tes.ser.api.KafkaSerdesTester] (Thread-667) Consumed 10 messages
2025-07-31 20:43:44,942 INFO  [org.apa.kaf.cli.con.int.ConsumerRebalanceListenerInvoker] (Thread-667) [Consumer clientId=consumer-Consumer-topic-48c96929_d532_474c_a79b_936e0e296aa1-10, groupId=Consumer-topic-48c96929_d532_474c_a79b_936e0e296aa1] Revoke previously assigned partitions topic-48c96929_d532_474c_a79b_936e0e296aa1-0
2025-07-31 20:43:44,942 INFO  [org.apa.kaf.cli.con.int.ConsumerCoordinator] (Thread-667) [Consumer clientId=consumer-Consumer-topic-48c96929_d532_474c_a79b_936e0e296aa1-10, groupId=Consumer-topic-48c96929_d532_474c_a79b_936e0e296aa1] Member consumer-Consumer-topic-48c96929_d532_474c_a79b_936e0e296aa1-10-8506444f-53f2-45a1-a879-80c7f9bb5ee2 sending LeaveGroup request to coordinator localhost:32770 (id: 2147483647 rack: null) due to the consumer is being closed
2025-07-31 20:43:44,943 INFO  [org.apa.kaf.cli.con.int.ConsumerCoordinator] (Thread-667) [Consumer clientId=consumer-Consumer-topic-48c96929_d532_474c_a79b_936e0e296aa1-10, groupId=Consumer-topic-48c96929_d532_474c_a79b_936e0e296aa1] Resetting generation and member id due to: consumer pro-actively leaving the group
2025-07-31 20:43:44,943 INFO  [org.apa.kaf.cli.con.int.ConsumerCoordinator] (Thread-667) [Consumer clientId=consumer-Consumer-topic-48c96929_d532_474c_a79b_936e0e296aa1-10, groupId=Consumer-topic-48c96929_d532_474c_a79b_936e0e296aa1] Request joining group due to: consumer pro-actively leaving the group
2025-07-31 20:43:45,443 INFO  [org.apa.kaf.com.met.Metrics] (Thread-667) Metrics scheduler closed
2025-07-31 20:43:45,443 INFO  [org.apa.kaf.com.met.Metrics] (Thread-667) Closing reporter org.apache.kafka.common.metrics.JmxReporter
2025-07-31 20:43:45,443 INFO  [org.apa.kaf.com.met.Metrics] (Thread-667) Closing reporter org.apache.kafka.common.telemetry.internals.ClientTelemetryReporter
2025-07-31 20:43:45,443 INFO  [org.apa.kaf.com.met.Metrics] (Thread-667) Metrics reporters closed
2025-07-31 20:43:45,445 INFO  [org.apa.kaf.com.uti.AppInfoParser] (Thread-667) App info kafka.consumer for consumer-Consumer-topic-48c96929_d532_474c_a79b_936e0e296aa1-10 unregistered
2025-07-31 20:43:45,446 INFO  [io.api.tes.ser.api.AvroSerdeIT] (main) Registering Avro Schema 2: {"type":"record","name":"s5f26a410xc922x458cx818dxa81f5a29f39d","namespace":"ns_b5161046_b317_49a7_8e4a_9f014bdc112b","fields":[{"name":"key11753994623604","type":"string"},{"name":"key21753994625445","type":"string"}]}
**** Registry Base URL: http://registry-app-kafkasql.apps.ci419.apicurio-testing.org:80
2025-07-31 20:43:46,534 INFO  [org.apa.kaf.cli.pro.ProducerConfig] (main) ProducerConfig values: 
	acks = -1
	auto.include.jmx.reporter = true
	batch.size = 16384
	bootstrap.servers = [PLAINTEXT://localhost:32770]
	buffer.memory = 33554432
	client.dns.lookup = use_all_dns_ips
	client.id = Producer-topic-48c96929_d532_474c_a79b_936e0e296aa1
	compression.gzip.level = -1
	compression.lz4.level = 9
	compression.type = none
	compression.zstd.level = 3
	connections.max.idle.ms = 10000
	delivery.timeout.ms = 120000
	enable.idempotence = true
	enable.metrics.push = true
	interceptor.classes = []
	key.serializer = class org.apache.kafka.common.serialization.StringSerializer
	linger.ms = 0
	max.block.ms = 60000
	max.in.flight.requests.per.connection = 5
	max.request.size = 1048576
	metadata.max.age.ms = 300000
	metadata.max.idle.ms = 300000
	metadata.recovery.strategy = none
	metric.reporters = []
	metrics.num.samples = 2
	metrics.recording.level = INFO
	metrics.sample.window.ms = 30000
	partitioner.adaptive.partitioning.enable = true
	partitioner.availability.timeout.ms = 0
	partitioner.class = null
	partitioner.ignore.keys = false
	receive.buffer.bytes = 32768
	reconnect.backoff.max.ms = 1000
	reconnect.backoff.ms = 50
	request.timeout.ms = 5000
	retries = 2147483647
	retry.backoff.max.ms = 1000
	retry.backoff.ms = 100
	sasl.client.callback.handler.class = null
	sasl.jaas.config = null
	sasl.kerberos.kinit.cmd = /usr/bin/kinit
	sasl.kerberos.min.time.before.relogin = 60000
	sasl.kerberos.service.name = null
	sasl.kerberos.ticket.renew.jitter = 0.05
	sasl.kerberos.ticket.renew.window.factor = 0.8
	sasl.login.callback.handler.class = null
	sasl.login.class = null
	sasl.login.connect.timeout.ms = null
	sasl.login.read.timeout.ms = null
	sasl.login.refresh.buffer.seconds = 300
	sasl.login.refresh.min.period.seconds = 60
	sasl.login.refresh.window.factor = 0.8
	sasl.login.refresh.window.jitter = 0.05
	sasl.login.retry.backoff.max.ms = 10000
	sasl.login.retry.backoff.ms = 100
	sasl.mechanism = GSSAPI
	sasl.oauthbearer.clock.skew.seconds = 30
	sasl.oauthbearer.expected.audience = null
	sasl.oauthbearer.expected.issuer = null
	sasl.oauthbearer.header.urlencode = false
	sasl.oauthbearer.jwks.endpoint.refresh.ms = 3600000
	sasl.oauthbearer.jwks.endpoint.retry.backoff.max.ms = 10000
	sasl.oauthbearer.jwks.endpoint.retry.backoff.ms = 100
	sasl.oauthbearer.jwks.endpoint.url = null
	sasl.oauthbearer.scope.claim.name = scope
	sasl.oauthbearer.sub.claim.name = sub
	sasl.oauthbearer.token.endpoint.url = null
	security.protocol = PLAINTEXT
	security.providers = null
	send.buffer.bytes = 131072
	socket.connection.setup.timeout.max.ms = 30000
	socket.connection.setup.timeout.ms = 10000
	ssl.cipher.suites = null
	ssl.enabled.protocols = [TLSv1.2, TLSv1.3]
	ssl.endpoint.identification.algorithm = https
	ssl.engine.factory.class = null
	ssl.key.password = null
	ssl.keymanager.algorithm = SunX509
	ssl.keystore.certificate.chain = null
	ssl.keystore.key = null
	ssl.keystore.location = null
	ssl.keystore.password = null
	ssl.keystore.type = JKS
	ssl.protocol = TLSv1.3
	ssl.provider = null
	ssl.secure.random.implementation = null
	ssl.trustmanager.algorithm = PKIX
	ssl.truststore.certificates = null
	ssl.truststore.location = null
	ssl.truststore.password = null
	ssl.truststore.type = JKS
	transaction.timeout.ms = 60000
	transactional.id = null
	value.serializer = class io.apicurio.registry.serde.avro.AvroKafkaSerializer

2025-07-31 20:43:46,534 INFO  [org.apa.kaf.com.tel.int.KafkaMetricsCollector] (main) initializing Kafka metrics collector
2025-07-31 20:43:46,537 INFO  [org.apa.kaf.cli.pro.KafkaProducer] (main) [Producer clientId=Producer-topic-48c96929_d532_474c_a79b_936e0e296aa1] Instantiated an idempotent producer.
2025-07-31 20:43:46,540 INFO  [org.apa.kaf.cli.pro.ProducerConfig] (main) These configurations '[apicurio.registry.url, apicurio.registry.artifact-resolver-strategy]' were supplied but are not used yet.
2025-07-31 20:43:46,540 INFO  [org.apa.kaf.com.uti.AppInfoParser] (main) Kafka version: 3.9.1
2025-07-31 20:43:46,540 INFO  [org.apa.kaf.com.uti.AppInfoParser] (main) Kafka commitId: f745dfdcee2b9851
2025-07-31 20:43:46,540 INFO  [org.apa.kaf.com.uti.AppInfoParser] (main) Kafka startTimeMs: 1753994626540
2025-07-31 20:43:46,541 INFO  [io.api.tes.ser.api.KafkaSerdesTester] (Thread-670) Sending message {"key11753994623604": "value-0", "key21753994625445": "value-0"} to topic topic-48c96929_d532_474c_a79b_936e0e296aa1
2025-07-31 20:43:46,546 INFO  [org.apa.kaf.cli.Metadata] (kafka-producer-network-thread | Producer-topic-48c96929_d532_474c_a79b_936e0e296aa1) [Producer clientId=Producer-topic-48c96929_d532_474c_a79b_936e0e296aa1] Cluster ID: cdvAFU1gQSCWwJ-LEPQTSg
2025-07-31 20:43:46,546 INFO  [org.apa.kaf.cli.pro.int.TransactionManager] (kafka-producer-network-thread | Producer-topic-48c96929_d532_474c_a79b_936e0e296aa1) [Producer clientId=Producer-topic-48c96929_d532_474c_a79b_936e0e296aa1] ProducerId set to 13 with epoch 0
2025-07-31 20:43:46,546 INFO  [DefaultSchemaResolver] (Thread-670) Retrieving schema content using string: {"type":"record","name":"s5f26a410xc922x458cx818dxa81f5a29f39d","namespace":"ns_b5161046_b317_49a7_8e4a_9f014bdc112b","fields":[{"name":"key11753994623604","type":"string"},{"name":"key21753994625445","type":"string"}]}
2025-07-31 20:43:46,604 INFO  [io.api.tes.ser.api.KafkaSerdesTester] (Thread-670) Sending message {"key11753994623604": "value-1", "key21753994625445": "value-1"} to topic topic-48c96929_d532_474c_a79b_936e0e296aa1
2025-07-31 20:43:46,606 INFO  [io.api.tes.ser.api.KafkaSerdesTester] (Thread-670) Sending message {"key11753994623604": "value-2", "key21753994625445": "value-2"} to topic topic-48c96929_d532_474c_a79b_936e0e296aa1
2025-07-31 20:43:46,607 INFO  [io.api.tes.ser.api.KafkaSerdesTester] (Thread-670) Sending message {"key11753994623604": "value-3", "key21753994625445": "value-3"} to topic topic-48c96929_d532_474c_a79b_936e0e296aa1
2025-07-31 20:43:46,611 INFO  [io.api.tes.ser.api.KafkaSerdesTester] (Thread-670) Sending message {"key11753994623604": "value-4", "key21753994625445": "value-4"} to topic topic-48c96929_d532_474c_a79b_936e0e296aa1
2025-07-31 20:43:46,612 INFO  [io.api.tes.ser.api.KafkaSerdesTester] (Thread-670) Sending message {"key11753994623604": "value-5", "key21753994625445": "value-5"} to topic topic-48c96929_d532_474c_a79b_936e0e296aa1
2025-07-31 20:43:46,613 INFO  [io.api.tes.ser.api.KafkaSerdesTester] (Thread-670) Sending message {"key11753994623604": "value-6", "key21753994625445": "value-6"} to topic topic-48c96929_d532_474c_a79b_936e0e296aa1
2025-07-31 20:43:46,615 INFO  [io.api.tes.ser.api.KafkaSerdesTester] (Thread-670) Sending message {"key11753994623604": "value-7", "key21753994625445": "value-7"} to topic topic-48c96929_d532_474c_a79b_936e0e296aa1
2025-07-31 20:43:46,618 INFO  [io.api.tes.ser.api.KafkaSerdesTester] (Thread-670) Sending message {"key11753994623604": "value-8", "key21753994625445": "value-8"} to topic topic-48c96929_d532_474c_a79b_936e0e296aa1
2025-07-31 20:43:46,619 INFO  [io.api.tes.ser.api.KafkaSerdesTester] (Thread-670) Sending message {"key11753994623604": "value-9", "key21753994625445": "value-9"} to topic topic-48c96929_d532_474c_a79b_936e0e296aa1
2025-07-31 20:43:46,625 INFO  [io.api.tes.ser.api.KafkaSerdesTester] (Thread-670) Produced 10 messages
2025-07-31 20:43:46,625 INFO  [org.apa.kaf.cli.pro.KafkaProducer] (Thread-670) [Producer clientId=Producer-topic-48c96929_d532_474c_a79b_936e0e296aa1] Closing the Kafka producer with timeoutMillis = 9223372036854775807 ms.
2025-07-31 20:43:46,628 INFO  [org.apa.kaf.com.met.Metrics] (Thread-670) Metrics scheduler closed
2025-07-31 20:43:46,628 INFO  [org.apa.kaf.com.met.Metrics] (Thread-670) Closing reporter org.apache.kafka.common.metrics.JmxReporter
2025-07-31 20:43:46,628 INFO  [org.apa.kaf.com.met.Metrics] (Thread-670) Closing reporter org.apache.kafka.common.telemetry.internals.ClientTelemetryReporter
2025-07-31 20:43:46,628 INFO  [org.apa.kaf.com.met.Metrics] (Thread-670) Metrics reporters closed
2025-07-31 20:43:46,628 INFO  [org.apa.kaf.com.uti.AppInfoParser] (Thread-670) App info kafka.producer for Producer-topic-48c96929_d532_474c_a79b_936e0e296aa1 unregistered
**** Registry Base URL: http://registry-app-kafkasql.apps.ci419.apicurio-testing.org:80
2025-07-31 20:43:46,629 INFO  [org.apa.kaf.cli.pro.ProducerConfig] (main) ProducerConfig values: 
	acks = -1
	auto.include.jmx.reporter = true
	batch.size = 16384
	bootstrap.servers = [PLAINTEXT://localhost:32770]
	buffer.memory = 33554432
	client.dns.lookup = use_all_dns_ips
	client.id = Producer-topic-48c96929_d532_474c_a79b_936e0e296aa1
	compression.gzip.level = -1
	compression.lz4.level = 9
	compression.type = none
	compression.zstd.level = 3
	connections.max.idle.ms = 10000
	delivery.timeout.ms = 120000
	enable.idempotence = true
	enable.metrics.push = true
	interceptor.classes = []
	key.serializer = class org.apache.kafka.common.serialization.StringSerializer
	linger.ms = 0
	max.block.ms = 60000
	max.in.flight.requests.per.connection = 5
	max.request.size = 1048576
	metadata.max.age.ms = 300000
	metadata.max.idle.ms = 300000
	metadata.recovery.strategy = none
	metric.reporters = []
	metrics.num.samples = 2
	metrics.recording.level = INFO
	metrics.sample.window.ms = 30000
	partitioner.adaptive.partitioning.enable = true
	partitioner.availability.timeout.ms = 0
	partitioner.class = null
	partitioner.ignore.keys = false
	receive.buffer.bytes = 32768
	reconnect.backoff.max.ms = 1000
	reconnect.backoff.ms = 50
	request.timeout.ms = 5000
	retries = 2147483647
	retry.backoff.max.ms = 1000
	retry.backoff.ms = 100
	sasl.client.callback.handler.class = null
	sasl.jaas.config = null
	sasl.kerberos.kinit.cmd = /usr/bin/kinit
	sasl.kerberos.min.time.before.relogin = 60000
	sasl.kerberos.service.name = null
	sasl.kerberos.ticket.renew.jitter = 0.05
	sasl.kerberos.ticket.renew.window.factor = 0.8
	sasl.login.callback.handler.class = null
	sasl.login.class = null
	sasl.login.connect.timeout.ms = null
	sasl.login.read.timeout.ms = null
	sasl.login.refresh.buffer.seconds = 300
	sasl.login.refresh.min.period.seconds = 60
	sasl.login.refresh.window.factor = 0.8
	sasl.login.refresh.window.jitter = 0.05
	sasl.login.retry.backoff.max.ms = 10000
	sasl.login.retry.backoff.ms = 100
	sasl.mechanism = GSSAPI
	sasl.oauthbearer.clock.skew.seconds = 30
	sasl.oauthbearer.expected.audience = null
	sasl.oauthbearer.expected.issuer = null
	sasl.oauthbearer.header.urlencode = false
	sasl.oauthbearer.jwks.endpoint.refresh.ms = 3600000
	sasl.oauthbearer.jwks.endpoint.retry.backoff.max.ms = 10000
	sasl.oauthbearer.jwks.endpoint.retry.backoff.ms = 100
	sasl.oauthbearer.jwks.endpoint.url = null
	sasl.oauthbearer.scope.claim.name = scope
	sasl.oauthbearer.sub.claim.name = sub
	sasl.oauthbearer.token.endpoint.url = null
	security.protocol = PLAINTEXT
	security.providers = null
	send.buffer.bytes = 131072
	socket.connection.setup.timeout.max.ms = 30000
	socket.connection.setup.timeout.ms = 10000
	ssl.cipher.suites = null
	ssl.enabled.protocols = [TLSv1.2, TLSv1.3]
	ssl.endpoint.identification.algorithm = https
	ssl.engine.factory.class = null
	ssl.key.password = null
	ssl.keymanager.algorithm = SunX509
	ssl.keystore.certificate.chain = null
	ssl.keystore.key = null
	ssl.keystore.location = null
	ssl.keystore.password = null
	ssl.keystore.type = JKS
	ssl.protocol = TLSv1.3
	ssl.provider = null
	ssl.secure.random.implementation = null
	ssl.trustmanager.algorithm = PKIX
	ssl.truststore.certificates = null
	ssl.truststore.location = null
	ssl.truststore.password = null
	ssl.truststore.type = JKS
	transaction.timeout.ms = 60000
	transactional.id = null
	value.serializer = class io.apicurio.registry.serde.avro.AvroKafkaSerializer

2025-07-31 20:43:46,629 INFO  [org.apa.kaf.com.tel.int.KafkaMetricsCollector] (main) initializing Kafka metrics collector
2025-07-31 20:43:46,638 INFO  [org.apa.kaf.cli.pro.KafkaProducer] (main) [Producer clientId=Producer-topic-48c96929_d532_474c_a79b_936e0e296aa1] Instantiated an idempotent producer.
2025-07-31 20:43:46,644 INFO  [org.apa.kaf.cli.pro.ProducerConfig] (main) These configurations '[apicurio.registry.url, apicurio.registry.artifact-resolver-strategy]' were supplied but are not used yet.
2025-07-31 20:43:46,644 INFO  [org.apa.kaf.com.uti.AppInfoParser] (main) Kafka version: 3.9.1
2025-07-31 20:43:46,644 INFO  [org.apa.kaf.com.uti.AppInfoParser] (main) Kafka commitId: f745dfdcee2b9851
2025-07-31 20:43:46,644 INFO  [org.apa.kaf.com.uti.AppInfoParser] (main) Kafka startTimeMs: 1753994626644
2025-07-31 20:43:46,645 INFO  [io.api.tes.ser.api.KafkaSerdesTester] (Thread-673) Sending message {"key11753994623604": "value-0"} to topic topic-48c96929_d532_474c_a79b_936e0e296aa1
2025-07-31 20:43:46,651 INFO  [org.apa.kaf.cli.Metadata] (kafka-producer-network-thread | Producer-topic-48c96929_d532_474c_a79b_936e0e296aa1) [Producer clientId=Producer-topic-48c96929_d532_474c_a79b_936e0e296aa1] Cluster ID: cdvAFU1gQSCWwJ-LEPQTSg
2025-07-31 20:43:46,651 INFO  [org.apa.kaf.cli.pro.int.TransactionManager] (kafka-producer-network-thread | Producer-topic-48c96929_d532_474c_a79b_936e0e296aa1) [Producer clientId=Producer-topic-48c96929_d532_474c_a79b_936e0e296aa1] ProducerId set to 14 with epoch 0
2025-07-31 20:43:46,651 INFO  [DefaultSchemaResolver] (Thread-673) Retrieving schema content using string: {"type":"record","name":"s5f26a410xc922x458cx818dxa81f5a29f39d","namespace":"ns_b5161046_b317_49a7_8e4a_9f014bdc112b","fields":[{"name":"key11753994623604","type":"string"}]}
2025-07-31 20:43:46,709 INFO  [io.api.tes.ser.api.KafkaSerdesTester] (Thread-673) Sending message {"key11753994623604": "value-1"} to topic topic-48c96929_d532_474c_a79b_936e0e296aa1
2025-07-31 20:43:46,710 INFO  [io.api.tes.ser.api.KafkaSerdesTester] (Thread-673) Sending message {"key11753994623604": "value-2"} to topic topic-48c96929_d532_474c_a79b_936e0e296aa1
2025-07-31 20:43:46,712 INFO  [io.api.tes.ser.api.KafkaSerdesTester] (Thread-673) Sending message {"key11753994623604": "value-3"} to topic topic-48c96929_d532_474c_a79b_936e0e296aa1
2025-07-31 20:43:46,714 INFO  [io.api.tes.ser.api.KafkaSerdesTester] (Thread-673) Sending message {"key11753994623604": "value-4"} to topic topic-48c96929_d532_474c_a79b_936e0e296aa1
2025-07-31 20:43:46,715 INFO  [io.api.tes.ser.api.KafkaSerdesTester] (Thread-673) Sending message {"key11753994623604": "value-5"} to topic topic-48c96929_d532_474c_a79b_936e0e296aa1
2025-07-31 20:43:46,716 INFO  [io.api.tes.ser.api.KafkaSerdesTester] (Thread-673) Sending message {"key11753994623604": "value-6"} to topic topic-48c96929_d532_474c_a79b_936e0e296aa1
2025-07-31 20:43:46,718 INFO  [io.api.tes.ser.api.KafkaSerdesTester] (Thread-673) Sending message {"key11753994623604": "value-7"} to topic topic-48c96929_d532_474c_a79b_936e0e296aa1
2025-07-31 20:43:46,721 INFO  [io.api.tes.ser.api.KafkaSerdesTester] (Thread-673) Sending message {"key11753994623604": "value-8"} to topic topic-48c96929_d532_474c_a79b_936e0e296aa1
2025-07-31 20:43:46,723 INFO  [io.api.tes.ser.api.KafkaSerdesTester] (Thread-673) Sending message {"key11753994623604": "value-9"} to topic topic-48c96929_d532_474c_a79b_936e0e296aa1
2025-07-31 20:43:46,725 INFO  [io.api.tes.ser.api.KafkaSerdesTester] (Thread-673) Produced 10 messages
2025-07-31 20:43:46,725 INFO  [org.apa.kaf.cli.pro.KafkaProducer] (Thread-673) [Producer clientId=Producer-topic-48c96929_d532_474c_a79b_936e0e296aa1] Closing the Kafka producer with timeoutMillis = 9223372036854775807 ms.
2025-07-31 20:43:46,728 INFO  [org.apa.kaf.com.met.Metrics] (Thread-673) Metrics scheduler closed
2025-07-31 20:43:46,728 INFO  [org.apa.kaf.com.met.Metrics] (Thread-673) Closing reporter org.apache.kafka.common.metrics.JmxReporter
2025-07-31 20:43:46,728 INFO  [org.apa.kaf.com.met.Metrics] (Thread-673) Closing reporter org.apache.kafka.common.telemetry.internals.ClientTelemetryReporter
2025-07-31 20:43:46,728 INFO  [org.apa.kaf.com.met.Metrics] (Thread-673) Metrics reporters closed
2025-07-31 20:43:46,728 INFO  [org.apa.kaf.com.uti.AppInfoParser] (Thread-673) App info kafka.producer for Producer-topic-48c96929_d532_474c_a79b_936e0e296aa1 unregistered
**** Registry Base URL: http://registry-app-kafkasql.apps.ci419.apicurio-testing.org:80
2025-07-31 20:43:46,729 INFO  [org.apa.kaf.cli.con.ConsumerConfig] (main) ConsumerConfig values: 
	allow.auto.create.topics = true
	auto.commit.interval.ms = 500
	auto.include.jmx.reporter = true
	auto.offset.reset = earliest
	bootstrap.servers = [PLAINTEXT://localhost:32770]
	check.crcs = true
	client.dns.lookup = use_all_dns_ips
	client.id = consumer-Consumer-topic-48c96929_d532_474c_a79b_936e0e296aa1-11
	client.rack = 
	connections.max.idle.ms = 10000
	default.api.timeout.ms = 60000
	enable.auto.commit = true
	enable.metrics.push = true
	exclude.internal.topics = true
	fetch.max.bytes = 52428800
	fetch.max.wait.ms = 500
	fetch.min.bytes = 1
	group.id = Consumer-topic-48c96929_d532_474c_a79b_936e0e296aa1
	group.instance.id = null
	group.protocol = classic
	group.remote.assignor = null
	heartbeat.interval.ms = 3000
	interceptor.classes = []
	internal.leave.group.on.close = true
	internal.throw.on.fetch.stable.offset.unsupported = false
	isolation.level = read_uncommitted
	key.deserializer = class org.apache.kafka.common.serialization.StringDeserializer
	max.partition.fetch.bytes = 1048576
	max.poll.interval.ms = 300000
	max.poll.records = 500
	metadata.max.age.ms = 300000
	metadata.recovery.strategy = none
	metric.reporters = []
	metrics.num.samples = 2
	metrics.recording.level = INFO
	metrics.sample.window.ms = 30000
	partition.assignment.strategy = [class org.apache.kafka.clients.consumer.RangeAssignor, class org.apache.kafka.clients.consumer.CooperativeStickyAssignor]
	receive.buffer.bytes = 65536
	reconnect.backoff.max.ms = 1000
	reconnect.backoff.ms = 50
	request.timeout.ms = 5000
	retry.backoff.max.ms = 1000
	retry.backoff.ms = 100
	sasl.client.callback.handler.class = null
	sasl.jaas.config = null
	sasl.kerberos.kinit.cmd = /usr/bin/kinit
	sasl.kerberos.min.time.before.relogin = 60000
	sasl.kerberos.service.name = null
	sasl.kerberos.ticket.renew.jitter = 0.05
	sasl.kerberos.ticket.renew.window.factor = 0.8
	sasl.login.callback.handler.class = null
	sasl.login.class = null
	sasl.login.connect.timeout.ms = null
	sasl.login.read.timeout.ms = null
	sasl.login.refresh.buffer.seconds = 300
	sasl.login.refresh.min.period.seconds = 60
	sasl.login.refresh.window.factor = 0.8
	sasl.login.refresh.window.jitter = 0.05
	sasl.login.retry.backoff.max.ms = 10000
	sasl.login.retry.backoff.ms = 100
	sasl.mechanism = GSSAPI
	sasl.oauthbearer.clock.skew.seconds = 30
	sasl.oauthbearer.expected.audience = null
	sasl.oauthbearer.expected.issuer = null
	sasl.oauthbearer.header.urlencode = false
	sasl.oauthbearer.jwks.endpoint.refresh.ms = 3600000
	sasl.oauthbearer.jwks.endpoint.retry.backoff.max.ms = 10000
	sasl.oauthbearer.jwks.endpoint.retry.backoff.ms = 100
	sasl.oauthbearer.jwks.endpoint.url = null
	sasl.oauthbearer.scope.claim.name = scope
	sasl.oauthbearer.sub.claim.name = sub
	sasl.oauthbearer.token.endpoint.url = null
	security.protocol = PLAINTEXT
	security.providers = null
	send.buffer.bytes = 131072
	session.timeout.ms = 45000
	socket.connection.setup.timeout.max.ms = 30000
	socket.connection.setup.timeout.ms = 10000
	ssl.cipher.suites = null
	ssl.enabled.protocols = [TLSv1.2, TLSv1.3]
	ssl.endpoint.identification.algorithm = https
	ssl.engine.factory.class = null
	ssl.key.password = null
	ssl.keymanager.algorithm = SunX509
	ssl.keystore.certificate.chain = null
	ssl.keystore.key = null
	ssl.keystore.location = null
	ssl.keystore.password = null
	ssl.keystore.type = JKS
	ssl.protocol = TLSv1.3
	ssl.provider = null
	ssl.secure.random.implementation = null
	ssl.trustmanager.algorithm = PKIX
	ssl.truststore.certificates = null
	ssl.truststore.location = null
	ssl.truststore.password = null
	ssl.truststore.type = JKS
	value.deserializer = class io.apicurio.registry.serde.avro.AvroKafkaDeserializer

2025-07-31 20:43:46,729 INFO  [org.apa.kaf.com.tel.int.KafkaMetricsCollector] (main) initializing Kafka metrics collector
2025-07-31 20:43:46,743 INFO  [org.apa.kaf.cli.con.ConsumerConfig] (main) These configurations '[apicurio.registry.url]' were supplied but are not used yet.
2025-07-31 20:43:46,743 INFO  [org.apa.kaf.com.uti.AppInfoParser] (main) Kafka version: 3.9.1
2025-07-31 20:43:46,743 INFO  [org.apa.kaf.com.uti.AppInfoParser] (main) Kafka commitId: f745dfdcee2b9851
2025-07-31 20:43:46,743 INFO  [org.apa.kaf.com.uti.AppInfoParser] (main) Kafka startTimeMs: 1753994626743
2025-07-31 20:43:46,748 INFO  [org.apa.kaf.cli.con.int.ClassicKafkaConsumer] (Thread-676) [Consumer clientId=consumer-Consumer-topic-48c96929_d532_474c_a79b_936e0e296aa1-11, groupId=Consumer-topic-48c96929_d532_474c_a79b_936e0e296aa1] Subscribed to topic(s): topic-48c96929_d532_474c_a79b_936e0e296aa1
2025-07-31 20:43:46,757 INFO  [org.apa.kaf.cli.Metadata] (Thread-676) [Consumer clientId=consumer-Consumer-topic-48c96929_d532_474c_a79b_936e0e296aa1-11, groupId=Consumer-topic-48c96929_d532_474c_a79b_936e0e296aa1] Cluster ID: cdvAFU1gQSCWwJ-LEPQTSg
2025-07-31 20:43:46,758 INFO  [org.apa.kaf.cli.con.int.ConsumerCoordinator] (Thread-676) [Consumer clientId=consumer-Consumer-topic-48c96929_d532_474c_a79b_936e0e296aa1-11, groupId=Consumer-topic-48c96929_d532_474c_a79b_936e0e296aa1] Discovered group coordinator localhost:32770 (id: 2147483647 rack: null)
2025-07-31 20:43:46,761 INFO  [org.apa.kaf.cli.con.int.ConsumerCoordinator] (Thread-676) [Consumer clientId=consumer-Consumer-topic-48c96929_d532_474c_a79b_936e0e296aa1-11, groupId=Consumer-topic-48c96929_d532_474c_a79b_936e0e296aa1] (Re-)joining group
2025-07-31 20:43:46,766 INFO  [org.apa.kaf.cli.con.int.ConsumerCoordinator] (Thread-676) [Consumer clientId=consumer-Consumer-topic-48c96929_d532_474c_a79b_936e0e296aa1-11, groupId=Consumer-topic-48c96929_d532_474c_a79b_936e0e296aa1] Request joining group due to: need to re-join with the given member-id: consumer-Consumer-topic-48c96929_d532_474c_a79b_936e0e296aa1-11-9ba24ce2-976d-4d4c-afbb-e7c04b1e48f6
2025-07-31 20:43:46,766 INFO  [org.apa.kaf.cli.con.int.ConsumerCoordinator] (Thread-676) [Consumer clientId=consumer-Consumer-topic-48c96929_d532_474c_a79b_936e0e296aa1-11, groupId=Consumer-topic-48c96929_d532_474c_a79b_936e0e296aa1] (Re-)joining group
2025-07-31 20:43:46,768 INFO  [org.apa.kaf.cli.con.int.ConsumerCoordinator] (Thread-676) [Consumer clientId=consumer-Consumer-topic-48c96929_d532_474c_a79b_936e0e296aa1-11, groupId=Consumer-topic-48c96929_d532_474c_a79b_936e0e296aa1] Successfully joined group with generation Generation{generationId=3, memberId='consumer-Consumer-topic-48c96929_d532_474c_a79b_936e0e296aa1-11-9ba24ce2-976d-4d4c-afbb-e7c04b1e48f6', protocol='range'}
2025-07-31 20:43:46,769 INFO  [org.apa.kaf.cli.con.int.ConsumerCoordinator] (Thread-676) [Consumer clientId=consumer-Consumer-topic-48c96929_d532_474c_a79b_936e0e296aa1-11, groupId=Consumer-topic-48c96929_d532_474c_a79b_936e0e296aa1] Finished assignment for group at generation 3: {consumer-Consumer-topic-48c96929_d532_474c_a79b_936e0e296aa1-11-9ba24ce2-976d-4d4c-afbb-e7c04b1e48f6=Assignment(partitions=[topic-48c96929_d532_474c_a79b_936e0e296aa1-0])}
2025-07-31 20:43:46,771 INFO  [org.apa.kaf.cli.con.int.ConsumerCoordinator] (Thread-676) [Consumer clientId=consumer-Consumer-topic-48c96929_d532_474c_a79b_936e0e296aa1-11, groupId=Consumer-topic-48c96929_d532_474c_a79b_936e0e296aa1] Successfully synced group in generation Generation{generationId=3, memberId='consumer-Consumer-topic-48c96929_d532_474c_a79b_936e0e296aa1-11-9ba24ce2-976d-4d4c-afbb-e7c04b1e48f6', protocol='range'}
2025-07-31 20:43:46,772 INFO  [org.apa.kaf.cli.con.int.ConsumerCoordinator] (Thread-676) [Consumer clientId=consumer-Consumer-topic-48c96929_d532_474c_a79b_936e0e296aa1-11, groupId=Consumer-topic-48c96929_d532_474c_a79b_936e0e296aa1] Notifying assignor about the new Assignment(partitions=[topic-48c96929_d532_474c_a79b_936e0e296aa1-0])
2025-07-31 20:43:46,772 INFO  [org.apa.kaf.cli.con.int.ConsumerRebalanceListenerInvoker] (Thread-676) [Consumer clientId=consumer-Consumer-topic-48c96929_d532_474c_a79b_936e0e296aa1-11, groupId=Consumer-topic-48c96929_d532_474c_a79b_936e0e296aa1] Adding newly assigned partitions: topic-48c96929_d532_474c_a79b_936e0e296aa1-0
2025-07-31 20:43:46,773 INFO  [org.apa.kaf.cli.con.int.ConsumerUtils] (Thread-676) Setting offset for partition topic-48c96929_d532_474c_a79b_936e0e296aa1-0 to the committed offset FetchPosition{offset=10, offsetEpoch=Optional[0], currentLeader=LeaderAndEpoch{leader=Optional[localhost:32770 (id: 0 rack: null)], epoch=0}}
2025-07-31 20:43:46,909 INFO  [io.api.tes.ser.api.KafkaSerdesTester] (Thread-676) topic-48c96929_d532_474c_a79b_936e0e296aa1 0 10 {"key11753994623604": "value-0", "key21753994625445": "value-0"}
2025-07-31 20:43:46,909 INFO  [io.api.tes.ser.api.KafkaSerdesTester] (Thread-676) topic-48c96929_d532_474c_a79b_936e0e296aa1 0 11 {"key11753994623604": "value-1", "key21753994625445": "value-1"}
2025-07-31 20:43:46,909 INFO  [io.api.tes.ser.api.KafkaSerdesTester] (Thread-676) topic-48c96929_d532_474c_a79b_936e0e296aa1 0 12 {"key11753994623604": "value-2", "key21753994625445": "value-2"}
2025-07-31 20:43:46,909 INFO  [io.api.tes.ser.api.KafkaSerdesTester] (Thread-676) topic-48c96929_d532_474c_a79b_936e0e296aa1 0 13 {"key11753994623604": "value-3", "key21753994625445": "value-3"}
2025-07-31 20:43:46,909 INFO  [io.api.tes.ser.api.KafkaSerdesTester] (Thread-676) topic-48c96929_d532_474c_a79b_936e0e296aa1 0 14 {"key11753994623604": "value-4", "key21753994625445": "value-4"}
2025-07-31 20:43:46,909 INFO  [io.api.tes.ser.api.KafkaSerdesTester] (Thread-676) topic-48c96929_d532_474c_a79b_936e0e296aa1 0 15 {"key11753994623604": "value-5", "key21753994625445": "value-5"}
2025-07-31 20:43:46,909 INFO  [io.api.tes.ser.api.KafkaSerdesTester] (Thread-676) topic-48c96929_d532_474c_a79b_936e0e296aa1 0 16 {"key11753994623604": "value-6", "key21753994625445": "value-6"}
2025-07-31 20:43:46,909 INFO  [io.api.tes.ser.api.KafkaSerdesTester] (Thread-676) topic-48c96929_d532_474c_a79b_936e0e296aa1 0 17 {"key11753994623604": "value-7", "key21753994625445": "value-7"}
2025-07-31 20:43:46,909 INFO  [io.api.tes.ser.api.KafkaSerdesTester] (Thread-676) topic-48c96929_d532_474c_a79b_936e0e296aa1 0 18 {"key11753994623604": "value-8", "key21753994625445": "value-8"}
2025-07-31 20:43:46,909 INFO  [io.api.tes.ser.api.KafkaSerdesTester] (Thread-676) topic-48c96929_d532_474c_a79b_936e0e296aa1 0 19 {"key11753994623604": "value-9", "key21753994625445": "value-9"}
2025-07-31 20:43:46,909 INFO  [io.api.tes.ser.api.KafkaSerdesTester] (Thread-676) topic-48c96929_d532_474c_a79b_936e0e296aa1 0 20 {"key11753994623604": "value-0"}
2025-07-31 20:43:46,909 INFO  [io.api.tes.ser.api.KafkaSerdesTester] (Thread-676) topic-48c96929_d532_474c_a79b_936e0e296aa1 0 21 {"key11753994623604": "value-1"}
2025-07-31 20:43:46,909 INFO  [io.api.tes.ser.api.KafkaSerdesTester] (Thread-676) topic-48c96929_d532_474c_a79b_936e0e296aa1 0 22 {"key11753994623604": "value-2"}
2025-07-31 20:43:46,910 INFO  [io.api.tes.ser.api.KafkaSerdesTester] (Thread-676) topic-48c96929_d532_474c_a79b_936e0e296aa1 0 23 {"key11753994623604": "value-3"}
2025-07-31 20:43:46,910 INFO  [io.api.tes.ser.api.KafkaSerdesTester] (Thread-676) topic-48c96929_d532_474c_a79b_936e0e296aa1 0 24 {"key11753994623604": "value-4"}
2025-07-31 20:43:46,910 INFO  [io.api.tes.ser.api.KafkaSerdesTester] (Thread-676) topic-48c96929_d532_474c_a79b_936e0e296aa1 0 25 {"key11753994623604": "value-5"}
2025-07-31 20:43:46,910 INFO  [io.api.tes.ser.api.KafkaSerdesTester] (Thread-676) topic-48c96929_d532_474c_a79b_936e0e296aa1 0 26 {"key11753994623604": "value-6"}
2025-07-31 20:43:46,910 INFO  [io.api.tes.ser.api.KafkaSerdesTester] (Thread-676) topic-48c96929_d532_474c_a79b_936e0e296aa1 0 27 {"key11753994623604": "value-7"}
2025-07-31 20:43:46,910 INFO  [io.api.tes.ser.api.KafkaSerdesTester] (Thread-676) topic-48c96929_d532_474c_a79b_936e0e296aa1 0 28 {"key11753994623604": "value-8"}
2025-07-31 20:43:46,910 INFO  [io.api.tes.ser.api.KafkaSerdesTester] (Thread-676) topic-48c96929_d532_474c_a79b_936e0e296aa1 0 29 {"key11753994623604": "value-9"}
2025-07-31 20:43:46,910 INFO  [io.api.tes.ser.api.KafkaSerdesTester] (Thread-676) Consumed 20 messages
2025-07-31 20:43:46,913 INFO  [org.apa.kaf.cli.con.int.ConsumerRebalanceListenerInvoker] (Thread-676) [Consumer clientId=consumer-Consumer-topic-48c96929_d532_474c_a79b_936e0e296aa1-11, groupId=Consumer-topic-48c96929_d532_474c_a79b_936e0e296aa1] Revoke previously assigned partitions topic-48c96929_d532_474c_a79b_936e0e296aa1-0
2025-07-31 20:43:46,913 INFO  [org.apa.kaf.cli.con.int.ConsumerCoordinator] (Thread-676) [Consumer clientId=consumer-Consumer-topic-48c96929_d532_474c_a79b_936e0e296aa1-11, groupId=Consumer-topic-48c96929_d532_474c_a79b_936e0e296aa1] Member consumer-Consumer-topic-48c96929_d532_474c_a79b_936e0e296aa1-11-9ba24ce2-976d-4d4c-afbb-e7c04b1e48f6 sending LeaveGroup request to coordinator localhost:32770 (id: 2147483647 rack: null) due to the consumer is being closed
2025-07-31 20:43:46,914 INFO  [org.apa.kaf.cli.con.int.ConsumerCoordinator] (Thread-676) [Consumer clientId=consumer-Consumer-topic-48c96929_d532_474c_a79b_936e0e296aa1-11, groupId=Consumer-topic-48c96929_d532_474c_a79b_936e0e296aa1] Resetting generation and member id due to: consumer pro-actively leaving the group
2025-07-31 20:43:46,914 INFO  [org.apa.kaf.cli.con.int.ConsumerCoordinator] (Thread-676) [Consumer clientId=consumer-Consumer-topic-48c96929_d532_474c_a79b_936e0e296aa1-11, groupId=Consumer-topic-48c96929_d532_474c_a79b_936e0e296aa1] Request joining group due to: consumer pro-actively leaving the group
2025-07-31 20:43:47,413 INFO  [org.apa.kaf.com.met.Metrics] (Thread-676) Metrics scheduler closed
2025-07-31 20:43:47,413 INFO  [org.apa.kaf.com.met.Metrics] (Thread-676) Closing reporter org.apache.kafka.common.metrics.JmxReporter
2025-07-31 20:43:47,413 INFO  [org.apa.kaf.com.met.Metrics] (Thread-676) Closing reporter org.apache.kafka.common.telemetry.internals.ClientTelemetryReporter
2025-07-31 20:43:47,414 INFO  [org.apa.kaf.com.met.Metrics] (Thread-676) Metrics reporters closed
2025-07-31 20:43:47,417 INFO  [org.apa.kaf.com.uti.AppInfoParser] (Thread-676) App info kafka.consumer for consumer-Consumer-topic-48c96929_d532_474c_a79b_936e0e296aa1-11 unregistered
2025-07-31 20:43:47,418 INFO  [io.api.tes.ser.api.AvroSerdeIT] (main) Registering Avro Schema 3: {"type":"record","name":"s5f26a410xc922x458cx818dxa81f5a29f39d","namespace":"ns_b5161046_b317_49a7_8e4a_9f014bdc112b","fields":[{"name":"key11753994623604","type":"string"},{"name":"key21753994625445","type":"string"},{"name":"key31753994627417","type":"string"}]}
**** Registry Base URL: http://registry-app-kafkasql.apps.ci419.apicurio-testing.org:80
2025-07-31 20:43:48,504 INFO  [org.apa.kaf.cli.pro.ProducerConfig] (main) ProducerConfig values: 
	acks = -1
	auto.include.jmx.reporter = true
	batch.size = 16384
	bootstrap.servers = [PLAINTEXT://localhost:32770]
	buffer.memory = 33554432
	client.dns.lookup = use_all_dns_ips
	client.id = Producer-topic-48c96929_d532_474c_a79b_936e0e296aa1
	compression.gzip.level = -1
	compression.lz4.level = 9
	compression.type = none
	compression.zstd.level = 3
	connections.max.idle.ms = 10000
	delivery.timeout.ms = 120000
	enable.idempotence = true
	enable.metrics.push = true
	interceptor.classes = []
	key.serializer = class org.apache.kafka.common.serialization.StringSerializer
	linger.ms = 0
	max.block.ms = 60000
	max.in.flight.requests.per.connection = 5
	max.request.size = 1048576
	metadata.max.age.ms = 300000
	metadata.max.idle.ms = 300000
	metadata.recovery.strategy = none
	metric.reporters = []
	metrics.num.samples = 2
	metrics.recording.level = INFO
	metrics.sample.window.ms = 30000
	partitioner.adaptive.partitioning.enable = true
	partitioner.availability.timeout.ms = 0
	partitioner.class = null
	partitioner.ignore.keys = false
	receive.buffer.bytes = 32768
	reconnect.backoff.max.ms = 1000
	reconnect.backoff.ms = 50
	request.timeout.ms = 5000
	retries = 2147483647
	retry.backoff.max.ms = 1000
	retry.backoff.ms = 100
	sasl.client.callback.handler.class = null
	sasl.jaas.config = null
	sasl.kerberos.kinit.cmd = /usr/bin/kinit
	sasl.kerberos.min.time.before.relogin = 60000
	sasl.kerberos.service.name = null
	sasl.kerberos.ticket.renew.jitter = 0.05
	sasl.kerberos.ticket.renew.window.factor = 0.8
	sasl.login.callback.handler.class = null
	sasl.login.class = null
	sasl.login.connect.timeout.ms = null
	sasl.login.read.timeout.ms = null
	sasl.login.refresh.buffer.seconds = 300
	sasl.login.refresh.min.period.seconds = 60
	sasl.login.refresh.window.factor = 0.8
	sasl.login.refresh.window.jitter = 0.05
	sasl.login.retry.backoff.max.ms = 10000
	sasl.login.retry.backoff.ms = 100
	sasl.mechanism = GSSAPI
	sasl.oauthbearer.clock.skew.seconds = 30
	sasl.oauthbearer.expected.audience = null
	sasl.oauthbearer.expected.issuer = null
	sasl.oauthbearer.header.urlencode = false
	sasl.oauthbearer.jwks.endpoint.refresh.ms = 3600000
	sasl.oauthbearer.jwks.endpoint.retry.backoff.max.ms = 10000
	sasl.oauthbearer.jwks.endpoint.retry.backoff.ms = 100
	sasl.oauthbearer.jwks.endpoint.url = null
	sasl.oauthbearer.scope.claim.name = scope
	sasl.oauthbearer.sub.claim.name = sub
	sasl.oauthbearer.token.endpoint.url = null
	security.protocol = PLAINTEXT
	security.providers = null
	send.buffer.bytes = 131072
	socket.connection.setup.timeout.max.ms = 30000
	socket.connection.setup.timeout.ms = 10000
	ssl.cipher.suites = null
	ssl.enabled.protocols = [TLSv1.2, TLSv1.3]
	ssl.endpoint.identification.algorithm = https
	ssl.engine.factory.class = null
	ssl.key.password = null
	ssl.keymanager.algorithm = SunX509
	ssl.keystore.certificate.chain = null
	ssl.keystore.key = null
	ssl.keystore.location = null
	ssl.keystore.password = null
	ssl.keystore.type = JKS
	ssl.protocol = TLSv1.3
	ssl.provider = null
	ssl.secure.random.implementation = null
	ssl.trustmanager.algorithm = PKIX
	ssl.truststore.certificates = null
	ssl.truststore.location = null
	ssl.truststore.password = null
	ssl.truststore.type = JKS
	transaction.timeout.ms = 60000
	transactional.id = null
	value.serializer = class io.apicurio.registry.serde.avro.AvroKafkaSerializer

2025-07-31 20:43:48,504 INFO  [org.apa.kaf.com.tel.int.KafkaMetricsCollector] (main) initializing Kafka metrics collector
2025-07-31 20:43:48,508 INFO  [org.apa.kaf.cli.pro.KafkaProducer] (main) [Producer clientId=Producer-topic-48c96929_d532_474c_a79b_936e0e296aa1] Instantiated an idempotent producer.
2025-07-31 20:43:48,510 INFO  [org.apa.kaf.cli.pro.ProducerConfig] (main) These configurations '[apicurio.registry.url, apicurio.registry.artifact-resolver-strategy]' were supplied but are not used yet.
2025-07-31 20:43:48,510 INFO  [org.apa.kaf.com.uti.AppInfoParser] (main) Kafka version: 3.9.1
2025-07-31 20:43:48,510 INFO  [org.apa.kaf.com.uti.AppInfoParser] (main) Kafka commitId: f745dfdcee2b9851
2025-07-31 20:43:48,510 INFO  [org.apa.kaf.com.uti.AppInfoParser] (main) Kafka startTimeMs: 1753994628510
2025-07-31 20:43:48,511 INFO  [io.api.tes.ser.api.KafkaSerdesTester] (Thread-679) Sending message {"key11753994623604": "value-0", "key21753994625445": "value-0", "key31753994627417": "value-0"} to topic topic-48c96929_d532_474c_a79b_936e0e296aa1
2025-07-31 20:43:48,515 INFO  [org.apa.kaf.cli.Metadata] (kafka-producer-network-thread | Producer-topic-48c96929_d532_474c_a79b_936e0e296aa1) [Producer clientId=Producer-topic-48c96929_d532_474c_a79b_936e0e296aa1] Cluster ID: cdvAFU1gQSCWwJ-LEPQTSg
2025-07-31 20:43:48,515 INFO  [DefaultSchemaResolver] (Thread-679) Retrieving schema content using string: {"type":"record","name":"s5f26a410xc922x458cx818dxa81f5a29f39d","namespace":"ns_b5161046_b317_49a7_8e4a_9f014bdc112b","fields":[{"name":"key11753994623604","type":"string"},{"name":"key21753994625445","type":"string"},{"name":"key31753994627417","type":"string"}]}
2025-07-31 20:43:48,520 INFO  [org.apa.kaf.cli.pro.int.TransactionManager] (kafka-producer-network-thread | Producer-topic-48c96929_d532_474c_a79b_936e0e296aa1) [Producer clientId=Producer-topic-48c96929_d532_474c_a79b_936e0e296aa1] ProducerId set to 15 with epoch 0
2025-07-31 20:43:48,576 INFO  [io.api.tes.ser.api.KafkaSerdesTester] (Thread-679) Sending message {"key11753994623604": "value-1", "key21753994625445": "value-1", "key31753994627417": "value-1"} to topic topic-48c96929_d532_474c_a79b_936e0e296aa1
2025-07-31 20:43:48,577 INFO  [io.api.tes.ser.api.KafkaSerdesTester] (Thread-679) Sending message {"key11753994623604": "value-2", "key21753994625445": "value-2", "key31753994627417": "value-2"} to topic topic-48c96929_d532_474c_a79b_936e0e296aa1
2025-07-31 20:43:48,578 INFO  [io.api.tes.ser.api.KafkaSerdesTester] (Thread-679) Sending message {"key11753994623604": "value-3", "key21753994625445": "value-3", "key31753994627417": "value-3"} to topic topic-48c96929_d532_474c_a79b_936e0e296aa1
2025-07-31 20:43:48,580 INFO  [io.api.tes.ser.api.KafkaSerdesTester] (Thread-679) Sending message {"key11753994623604": "value-4", "key21753994625445": "value-4", "key31753994627417": "value-4"} to topic topic-48c96929_d532_474c_a79b_936e0e296aa1
2025-07-31 20:43:48,581 INFO  [io.api.tes.ser.api.KafkaSerdesTester] (Thread-679) Sending message {"key11753994623604": "value-5", "key21753994625445": "value-5", "key31753994627417": "value-5"} to topic topic-48c96929_d532_474c_a79b_936e0e296aa1
2025-07-31 20:43:48,582 INFO  [io.api.tes.ser.api.KafkaSerdesTester] (Thread-679) Sending message {"key11753994623604": "value-6", "key21753994625445": "value-6", "key31753994627417": "value-6"} to topic topic-48c96929_d532_474c_a79b_936e0e296aa1
2025-07-31 20:43:48,583 INFO  [io.api.tes.ser.api.KafkaSerdesTester] (Thread-679) Sending message {"key11753994623604": "value-7", "key21753994625445": "value-7", "key31753994627417": "value-7"} to topic topic-48c96929_d532_474c_a79b_936e0e296aa1
2025-07-31 20:43:48,585 INFO  [io.api.tes.ser.api.KafkaSerdesTester] (Thread-679) Sending message {"key11753994623604": "value-8", "key21753994625445": "value-8", "key31753994627417": "value-8"} to topic topic-48c96929_d532_474c_a79b_936e0e296aa1
2025-07-31 20:43:48,586 INFO  [io.api.tes.ser.api.KafkaSerdesTester] (Thread-679) Sending message {"key11753994623604": "value-9", "key21753994625445": "value-9", "key31753994627417": "value-9"} to topic topic-48c96929_d532_474c_a79b_936e0e296aa1
2025-07-31 20:43:48,589 INFO  [io.api.tes.ser.api.KafkaSerdesTester] (Thread-679) Produced 10 messages
2025-07-31 20:43:48,589 INFO  [org.apa.kaf.cli.pro.KafkaProducer] (Thread-679) [Producer clientId=Producer-topic-48c96929_d532_474c_a79b_936e0e296aa1] Closing the Kafka producer with timeoutMillis = 9223372036854775807 ms.
2025-07-31 20:43:48,593 INFO  [org.apa.kaf.com.met.Metrics] (Thread-679) Metrics scheduler closed
2025-07-31 20:43:48,593 INFO  [org.apa.kaf.com.met.Metrics] (Thread-679) Closing reporter org.apache.kafka.common.metrics.JmxReporter
2025-07-31 20:43:48,593 INFO  [org.apa.kaf.com.met.Metrics] (Thread-679) Closing reporter org.apache.kafka.common.telemetry.internals.ClientTelemetryReporter
2025-07-31 20:43:48,593 INFO  [org.apa.kaf.com.met.Metrics] (Thread-679) Metrics reporters closed
2025-07-31 20:43:48,593 INFO  [org.apa.kaf.com.uti.AppInfoParser] (Thread-679) App info kafka.producer for Producer-topic-48c96929_d532_474c_a79b_936e0e296aa1 unregistered
**** Registry Base URL: http://registry-app-kafkasql.apps.ci419.apicurio-testing.org:80
2025-07-31 20:43:48,594 INFO  [org.apa.kaf.cli.pro.ProducerConfig] (main) ProducerConfig values: 
	acks = -1
	auto.include.jmx.reporter = true
	batch.size = 16384
	bootstrap.servers = [PLAINTEXT://localhost:32770]
	buffer.memory = 33554432
	client.dns.lookup = use_all_dns_ips
	client.id = Producer-topic-48c96929_d532_474c_a79b_936e0e296aa1
	compression.gzip.level = -1
	compression.lz4.level = 9
	compression.type = none
	compression.zstd.level = 3
	connections.max.idle.ms = 10000
	delivery.timeout.ms = 120000
	enable.idempotence = true
	enable.metrics.push = true
	interceptor.classes = []
	key.serializer = class org.apache.kafka.common.serialization.StringSerializer
	linger.ms = 0
	max.block.ms = 60000
	max.in.flight.requests.per.connection = 5
	max.request.size = 1048576
	metadata.max.age.ms = 300000
	metadata.max.idle.ms = 300000
	metadata.recovery.strategy = none
	metric.reporters = []
	metrics.num.samples = 2
	metrics.recording.level = INFO
	metrics.sample.window.ms = 30000
	partitioner.adaptive.partitioning.enable = true
	partitioner.availability.timeout.ms = 0
	partitioner.class = null
	partitioner.ignore.keys = false
	receive.buffer.bytes = 32768
	reconnect.backoff.max.ms = 1000
	reconnect.backoff.ms = 50
	request.timeout.ms = 5000
	retries = 2147483647
	retry.backoff.max.ms = 1000
	retry.backoff.ms = 100
	sasl.client.callback.handler.class = null
	sasl.jaas.config = null
	sasl.kerberos.kinit.cmd = /usr/bin/kinit
	sasl.kerberos.min.time.before.relogin = 60000
	sasl.kerberos.service.name = null
	sasl.kerberos.ticket.renew.jitter = 0.05
	sasl.kerberos.ticket.renew.window.factor = 0.8
	sasl.login.callback.handler.class = null
	sasl.login.class = null
	sasl.login.connect.timeout.ms = null
	sasl.login.read.timeout.ms = null
	sasl.login.refresh.buffer.seconds = 300
	sasl.login.refresh.min.period.seconds = 60
	sasl.login.refresh.window.factor = 0.8
	sasl.login.refresh.window.jitter = 0.05
	sasl.login.retry.backoff.max.ms = 10000
	sasl.login.retry.backoff.ms = 100
	sasl.mechanism = GSSAPI
	sasl.oauthbearer.clock.skew.seconds = 30
	sasl.oauthbearer.expected.audience = null
	sasl.oauthbearer.expected.issuer = null
	sasl.oauthbearer.header.urlencode = false
	sasl.oauthbearer.jwks.endpoint.refresh.ms = 3600000
	sasl.oauthbearer.jwks.endpoint.retry.backoff.max.ms = 10000
	sasl.oauthbearer.jwks.endpoint.retry.backoff.ms = 100
	sasl.oauthbearer.jwks.endpoint.url = null
	sasl.oauthbearer.scope.claim.name = scope
	sasl.oauthbearer.sub.claim.name = sub
	sasl.oauthbearer.token.endpoint.url = null
	security.protocol = PLAINTEXT
	security.providers = null
	send.buffer.bytes = 131072
	socket.connection.setup.timeout.max.ms = 30000
	socket.connection.setup.timeout.ms = 10000
	ssl.cipher.suites = null
	ssl.enabled.protocols = [TLSv1.2, TLSv1.3]
	ssl.endpoint.identification.algorithm = https
	ssl.engine.factory.class = null
	ssl.key.password = null
	ssl.keymanager.algorithm = SunX509
	ssl.keystore.certificate.chain = null
	ssl.keystore.key = null
	ssl.keystore.location = null
	ssl.keystore.password = null
	ssl.keystore.type = JKS
	ssl.protocol = TLSv1.3
	ssl.provider = null
	ssl.secure.random.implementation = null
	ssl.trustmanager.algorithm = PKIX
	ssl.truststore.certificates = null
	ssl.truststore.location = null
	ssl.truststore.password = null
	ssl.truststore.type = JKS
	transaction.timeout.ms = 60000
	transactional.id = null
	value.serializer = class io.apicurio.registry.serde.avro.AvroKafkaSerializer

2025-07-31 20:43:48,594 INFO  [org.apa.kaf.com.tel.int.KafkaMetricsCollector] (main) initializing Kafka metrics collector
2025-07-31 20:43:48,601 INFO  [org.apa.kaf.cli.pro.KafkaProducer] (main) [Producer clientId=Producer-topic-48c96929_d532_474c_a79b_936e0e296aa1] Instantiated an idempotent producer.
2025-07-31 20:43:48,605 INFO  [org.apa.kaf.cli.pro.ProducerConfig] (main) These configurations '[apicurio.registry.url, apicurio.registry.artifact-resolver-strategy]' were supplied but are not used yet.
2025-07-31 20:43:48,605 INFO  [org.apa.kaf.com.uti.AppInfoParser] (main) Kafka version: 3.9.1
2025-07-31 20:43:48,605 INFO  [org.apa.kaf.com.uti.AppInfoParser] (main) Kafka commitId: f745dfdcee2b9851
2025-07-31 20:43:48,605 INFO  [org.apa.kaf.com.uti.AppInfoParser] (main) Kafka startTimeMs: 1753994628605
2025-07-31 20:43:48,606 INFO  [io.api.tes.ser.api.KafkaSerdesTester] (Thread-682) Sending message {"key11753994623604": "value-0", "key21753994625445": "value-0"} to topic topic-48c96929_d532_474c_a79b_936e0e296aa1
2025-07-31 20:43:48,614 INFO  [org.apa.kaf.cli.Metadata] (kafka-producer-network-thread | Producer-topic-48c96929_d532_474c_a79b_936e0e296aa1) [Producer clientId=Producer-topic-48c96929_d532_474c_a79b_936e0e296aa1] Cluster ID: cdvAFU1gQSCWwJ-LEPQTSg
2025-07-31 20:43:48,614 INFO  [org.apa.kaf.cli.pro.int.TransactionManager] (kafka-producer-network-thread | Producer-topic-48c96929_d532_474c_a79b_936e0e296aa1) [Producer clientId=Producer-topic-48c96929_d532_474c_a79b_936e0e296aa1] ProducerId set to 16 with epoch 0
2025-07-31 20:43:48,617 INFO  [DefaultSchemaResolver] (Thread-682) Retrieving schema content using string: {"type":"record","name":"s5f26a410xc922x458cx818dxa81f5a29f39d","namespace":"ns_b5161046_b317_49a7_8e4a_9f014bdc112b","fields":[{"name":"key11753994623604","type":"string"},{"name":"key21753994625445","type":"string"}]}
2025-07-31 20:43:48,679 INFO  [io.api.tes.ser.api.KafkaSerdesTester] (Thread-682) Sending message {"key11753994623604": "value-1", "key21753994625445": "value-1"} to topic topic-48c96929_d532_474c_a79b_936e0e296aa1
2025-07-31 20:43:48,683 INFO  [io.api.tes.ser.api.KafkaSerdesTester] (Thread-682) Sending message {"key11753994623604": "value-2", "key21753994625445": "value-2"} to topic topic-48c96929_d532_474c_a79b_936e0e296aa1
2025-07-31 20:43:48,685 INFO  [io.api.tes.ser.api.KafkaSerdesTester] (Thread-682) Sending message {"key11753994623604": "value-3", "key21753994625445": "value-3"} to topic topic-48c96929_d532_474c_a79b_936e0e296aa1
2025-07-31 20:43:48,686 INFO  [io.api.tes.ser.api.KafkaSerdesTester] (Thread-682) Sending message {"key11753994623604": "value-4", "key21753994625445": "value-4"} to topic topic-48c96929_d532_474c_a79b_936e0e296aa1
2025-07-31 20:43:48,688 INFO  [io.api.tes.ser.api.KafkaSerdesTester] (Thread-682) Sending message {"key11753994623604": "value-5", "key21753994625445": "value-5"} to topic topic-48c96929_d532_474c_a79b_936e0e296aa1
2025-07-31 20:43:48,691 INFO  [io.api.tes.ser.api.KafkaSerdesTester] (Thread-682) Sending message {"key11753994623604": "value-6", "key21753994625445": "value-6"} to topic topic-48c96929_d532_474c_a79b_936e0e296aa1
2025-07-31 20:43:48,692 INFO  [io.api.tes.ser.api.KafkaSerdesTester] (Thread-682) Sending message {"key11753994623604": "value-7", "key21753994625445": "value-7"} to topic topic-48c96929_d532_474c_a79b_936e0e296aa1
2025-07-31 20:43:48,693 INFO  [io.api.tes.ser.api.KafkaSerdesTester] (Thread-682) Sending message {"key11753994623604": "value-8", "key21753994625445": "value-8"} to topic topic-48c96929_d532_474c_a79b_936e0e296aa1
2025-07-31 20:43:48,695 INFO  [io.api.tes.ser.api.KafkaSerdesTester] (Thread-682) Sending message {"key11753994623604": "value-9", "key21753994625445": "value-9"} to topic topic-48c96929_d532_474c_a79b_936e0e296aa1
2025-07-31 20:43:48,696 INFO  [io.api.tes.ser.api.KafkaSerdesTester] (Thread-682) Produced 10 messages
2025-07-31 20:43:48,696 INFO  [org.apa.kaf.cli.pro.KafkaProducer] (Thread-682) [Producer clientId=Producer-topic-48c96929_d532_474c_a79b_936e0e296aa1] Closing the Kafka producer with timeoutMillis = 9223372036854775807 ms.
2025-07-31 20:43:48,699 INFO  [org.apa.kaf.com.met.Metrics] (Thread-682) Metrics scheduler closed
2025-07-31 20:43:48,699 INFO  [org.apa.kaf.com.met.Metrics] (Thread-682) Closing reporter org.apache.kafka.common.metrics.JmxReporter
2025-07-31 20:43:48,699 INFO  [org.apa.kaf.com.met.Metrics] (Thread-682) Closing reporter org.apache.kafka.common.telemetry.internals.ClientTelemetryReporter
2025-07-31 20:43:48,699 INFO  [org.apa.kaf.com.met.Metrics] (Thread-682) Metrics reporters closed
2025-07-31 20:43:48,699 INFO  [org.apa.kaf.com.uti.AppInfoParser] (Thread-682) App info kafka.producer for Producer-topic-48c96929_d532_474c_a79b_936e0e296aa1 unregistered
**** Registry Base URL: http://registry-app-kafkasql.apps.ci419.apicurio-testing.org:80
2025-07-31 20:43:48,700 INFO  [org.apa.kaf.cli.pro.ProducerConfig] (main) ProducerConfig values: 
	acks = -1
	auto.include.jmx.reporter = true
	batch.size = 16384
	bootstrap.servers = [PLAINTEXT://localhost:32770]
	buffer.memory = 33554432
	client.dns.lookup = use_all_dns_ips
	client.id = Producer-topic-48c96929_d532_474c_a79b_936e0e296aa1
	compression.gzip.level = -1
	compression.lz4.level = 9
	compression.type = none
	compression.zstd.level = 3
	connections.max.idle.ms = 10000
	delivery.timeout.ms = 120000
	enable.idempotence = true
	enable.metrics.push = true
	interceptor.classes = []
	key.serializer = class org.apache.kafka.common.serialization.StringSerializer
	linger.ms = 0
	max.block.ms = 60000
	max.in.flight.requests.per.connection = 5
	max.request.size = 1048576
	metadata.max.age.ms = 300000
	metadata.max.idle.ms = 300000
	metadata.recovery.strategy = none
	metric.reporters = []
	metrics.num.samples = 2
	metrics.recording.level = INFO
	metrics.sample.window.ms = 30000
	partitioner.adaptive.partitioning.enable = true
	partitioner.availability.timeout.ms = 0
	partitioner.class = null
	partitioner.ignore.keys = false
	receive.buffer.bytes = 32768
	reconnect.backoff.max.ms = 1000
	reconnect.backoff.ms = 50
	request.timeout.ms = 5000
	retries = 2147483647
	retry.backoff.max.ms = 1000
	retry.backoff.ms = 100
	sasl.client.callback.handler.class = null
	sasl.jaas.config = null
	sasl.kerberos.kinit.cmd = /usr/bin/kinit
	sasl.kerberos.min.time.before.relogin = 60000
	sasl.kerberos.service.name = null
	sasl.kerberos.ticket.renew.jitter = 0.05
	sasl.kerberos.ticket.renew.window.factor = 0.8
	sasl.login.callback.handler.class = null
	sasl.login.class = null
	sasl.login.connect.timeout.ms = null
	sasl.login.read.timeout.ms = null
	sasl.login.refresh.buffer.seconds = 300
	sasl.login.refresh.min.period.seconds = 60
	sasl.login.refresh.window.factor = 0.8
	sasl.login.refresh.window.jitter = 0.05
	sasl.login.retry.backoff.max.ms = 10000
	sasl.login.retry.backoff.ms = 100
	sasl.mechanism = GSSAPI
	sasl.oauthbearer.clock.skew.seconds = 30
	sasl.oauthbearer.expected.audience = null
	sasl.oauthbearer.expected.issuer = null
	sasl.oauthbearer.header.urlencode = false
	sasl.oauthbearer.jwks.endpoint.refresh.ms = 3600000
	sasl.oauthbearer.jwks.endpoint.retry.backoff.max.ms = 10000
	sasl.oauthbearer.jwks.endpoint.retry.backoff.ms = 100
	sasl.oauthbearer.jwks.endpoint.url = null
	sasl.oauthbearer.scope.claim.name = scope
	sasl.oauthbearer.sub.claim.name = sub
	sasl.oauthbearer.token.endpoint.url = null
	security.protocol = PLAINTEXT
	security.providers = null
	send.buffer.bytes = 131072
	socket.connection.setup.timeout.max.ms = 30000
	socket.connection.setup.timeout.ms = 10000
	ssl.cipher.suites = null
	ssl.enabled.protocols = [TLSv1.2, TLSv1.3]
	ssl.endpoint.identification.algorithm = https
	ssl.engine.factory.class = null
	ssl.key.password = null
	ssl.keymanager.algorithm = SunX509
	ssl.keystore.certificate.chain = null
	ssl.keystore.key = null
	ssl.keystore.location = null
	ssl.keystore.password = null
	ssl.keystore.type = JKS
	ssl.protocol = TLSv1.3
	ssl.provider = null
	ssl.secure.random.implementation = null
	ssl.trustmanager.algorithm = PKIX
	ssl.truststore.certificates = null
	ssl.truststore.location = null
	ssl.truststore.password = null
	ssl.truststore.type = JKS
	transaction.timeout.ms = 60000
	transactional.id = null
	value.serializer = class io.apicurio.registry.serde.avro.AvroKafkaSerializer

2025-07-31 20:43:48,700 INFO  [org.apa.kaf.com.tel.int.KafkaMetricsCollector] (main) initializing Kafka metrics collector
2025-07-31 20:43:48,707 INFO  [org.apa.kaf.cli.pro.KafkaProducer] (main) [Producer clientId=Producer-topic-48c96929_d532_474c_a79b_936e0e296aa1] Instantiated an idempotent producer.
2025-07-31 20:43:48,710 INFO  [org.apa.kaf.cli.pro.ProducerConfig] (main) These configurations '[apicurio.registry.url, apicurio.registry.artifact-resolver-strategy]' were supplied but are not used yet.
2025-07-31 20:43:48,710 INFO  [org.apa.kaf.com.uti.AppInfoParser] (main) Kafka version: 3.9.1
2025-07-31 20:43:48,710 INFO  [org.apa.kaf.com.uti.AppInfoParser] (main) Kafka commitId: f745dfdcee2b9851
2025-07-31 20:43:48,710 INFO  [org.apa.kaf.com.uti.AppInfoParser] (main) Kafka startTimeMs: 1753994628710
2025-07-31 20:43:48,712 INFO  [io.api.tes.ser.api.KafkaSerdesTester] (Thread-685) Sending message {"key11753994623604": "value-0"} to topic topic-48c96929_d532_474c_a79b_936e0e296aa1
2025-07-31 20:43:48,716 INFO  [org.apa.kaf.cli.Metadata] (kafka-producer-network-thread | Producer-topic-48c96929_d532_474c_a79b_936e0e296aa1) [Producer clientId=Producer-topic-48c96929_d532_474c_a79b_936e0e296aa1] Cluster ID: cdvAFU1gQSCWwJ-LEPQTSg
2025-07-31 20:43:48,716 INFO  [DefaultSchemaResolver] (Thread-685) Retrieving schema content using string: {"type":"record","name":"s5f26a410xc922x458cx818dxa81f5a29f39d","namespace":"ns_b5161046_b317_49a7_8e4a_9f014bdc112b","fields":[{"name":"key11753994623604","type":"string"}]}
2025-07-31 20:43:48,717 INFO  [org.apa.kaf.cli.pro.int.TransactionManager] (kafka-producer-network-thread | Producer-topic-48c96929_d532_474c_a79b_936e0e296aa1) [Producer clientId=Producer-topic-48c96929_d532_474c_a79b_936e0e296aa1] ProducerId set to 17 with epoch 0
2025-07-31 20:43:48,777 INFO  [io.api.tes.ser.api.KafkaSerdesTester] (Thread-685) Sending message {"key11753994623604": "value-1"} to topic topic-48c96929_d532_474c_a79b_936e0e296aa1
2025-07-31 20:43:48,783 INFO  [io.api.tes.ser.api.KafkaSerdesTester] (Thread-685) Sending message {"key11753994623604": "value-2"} to topic topic-48c96929_d532_474c_a79b_936e0e296aa1
2025-07-31 20:43:48,785 INFO  [io.api.tes.ser.api.KafkaSerdesTester] (Thread-685) Sending message {"key11753994623604": "value-3"} to topic topic-48c96929_d532_474c_a79b_936e0e296aa1
2025-07-31 20:43:48,787 INFO  [io.api.tes.ser.api.KafkaSerdesTester] (Thread-685) Sending message {"key11753994623604": "value-4"} to topic topic-48c96929_d532_474c_a79b_936e0e296aa1
2025-07-31 20:43:48,788 INFO  [io.api.tes.ser.api.KafkaSerdesTester] (Thread-685) Sending message {"key11753994623604": "value-5"} to topic topic-48c96929_d532_474c_a79b_936e0e296aa1
2025-07-31 20:43:48,790 INFO  [io.api.tes.ser.api.KafkaSerdesTester] (Thread-685) Sending message {"key11753994623604": "value-6"} to topic topic-48c96929_d532_474c_a79b_936e0e296aa1
2025-07-31 20:43:48,792 INFO  [io.api.tes.ser.api.KafkaSerdesTester] (Thread-685) Sending message {"key11753994623604": "value-7"} to topic topic-48c96929_d532_474c_a79b_936e0e296aa1
2025-07-31 20:43:48,793 INFO  [io.api.tes.ser.api.KafkaSerdesTester] (Thread-685) Sending message {"key11753994623604": "value-8"} to topic topic-48c96929_d532_474c_a79b_936e0e296aa1
2025-07-31 20:43:48,794 INFO  [io.api.tes.ser.api.KafkaSerdesTester] (Thread-685) Sending message {"key11753994623604": "value-9"} to topic topic-48c96929_d532_474c_a79b_936e0e296aa1
2025-07-31 20:43:48,797 INFO  [io.api.tes.ser.api.KafkaSerdesTester] (Thread-685) Produced 10 messages
2025-07-31 20:43:48,797 INFO  [org.apa.kaf.cli.pro.KafkaProducer] (Thread-685) [Producer clientId=Producer-topic-48c96929_d532_474c_a79b_936e0e296aa1] Closing the Kafka producer with timeoutMillis = 9223372036854775807 ms.
2025-07-31 20:43:48,799 INFO  [org.apa.kaf.com.met.Metrics] (Thread-685) Metrics scheduler closed
2025-07-31 20:43:48,799 INFO  [org.apa.kaf.com.met.Metrics] (Thread-685) Closing reporter org.apache.kafka.common.metrics.JmxReporter
2025-07-31 20:43:48,799 INFO  [org.apa.kaf.com.met.Metrics] (Thread-685) Closing reporter org.apache.kafka.common.telemetry.internals.ClientTelemetryReporter
2025-07-31 20:43:48,799 INFO  [org.apa.kaf.com.met.Metrics] (Thread-685) Metrics reporters closed
2025-07-31 20:43:48,800 INFO  [org.apa.kaf.com.uti.AppInfoParser] (Thread-685) App info kafka.producer for Producer-topic-48c96929_d532_474c_a79b_936e0e296aa1 unregistered
**** Registry Base URL: http://registry-app-kafkasql.apps.ci419.apicurio-testing.org:80
2025-07-31 20:43:48,800 INFO  [org.apa.kaf.cli.con.ConsumerConfig] (main) ConsumerConfig values: 
	allow.auto.create.topics = true
	auto.commit.interval.ms = 500
	auto.include.jmx.reporter = true
	auto.offset.reset = earliest
	bootstrap.servers = [PLAINTEXT://localhost:32770]
	check.crcs = true
	client.dns.lookup = use_all_dns_ips
	client.id = consumer-Consumer-topic-48c96929_d532_474c_a79b_936e0e296aa1-12
	client.rack = 
	connections.max.idle.ms = 10000
	default.api.timeout.ms = 60000
	enable.auto.commit = true
	enable.metrics.push = true
	exclude.internal.topics = true
	fetch.max.bytes = 52428800
	fetch.max.wait.ms = 500
	fetch.min.bytes = 1
	group.id = Consumer-topic-48c96929_d532_474c_a79b_936e0e296aa1
	group.instance.id = null
	group.protocol = classic
	group.remote.assignor = null
	heartbeat.interval.ms = 3000
	interceptor.classes = []
	internal.leave.group.on.close = true
	internal.throw.on.fetch.stable.offset.unsupported = false
	isolation.level = read_uncommitted
	key.deserializer = class org.apache.kafka.common.serialization.StringDeserializer
	max.partition.fetch.bytes = 1048576
	max.poll.interval.ms = 300000
	max.poll.records = 500
	metadata.max.age.ms = 300000
	metadata.recovery.strategy = none
	metric.reporters = []
	metrics.num.samples = 2
	metrics.recording.level = INFO
	metrics.sample.window.ms = 30000
	partition.assignment.strategy = [class org.apache.kafka.clients.consumer.RangeAssignor, class org.apache.kafka.clients.consumer.CooperativeStickyAssignor]
	receive.buffer.bytes = 65536
	reconnect.backoff.max.ms = 1000
	reconnect.backoff.ms = 50
	request.timeout.ms = 5000
	retry.backoff.max.ms = 1000
	retry.backoff.ms = 100
	sasl.client.callback.handler.class = null
	sasl.jaas.config = null
	sasl.kerberos.kinit.cmd = /usr/bin/kinit
	sasl.kerberos.min.time.before.relogin = 60000
	sasl.kerberos.service.name = null
	sasl.kerberos.ticket.renew.jitter = 0.05
	sasl.kerberos.ticket.renew.window.factor = 0.8
	sasl.login.callback.handler.class = null
	sasl.login.class = null
	sasl.login.connect.timeout.ms = null
	sasl.login.read.timeout.ms = null
	sasl.login.refresh.buffer.seconds = 300
	sasl.login.refresh.min.period.seconds = 60
	sasl.login.refresh.window.factor = 0.8
	sasl.login.refresh.window.jitter = 0.05
	sasl.login.retry.backoff.max.ms = 10000
	sasl.login.retry.backoff.ms = 100
	sasl.mechanism = GSSAPI
	sasl.oauthbearer.clock.skew.seconds = 30
	sasl.oauthbearer.expected.audience = null
	sasl.oauthbearer.expected.issuer = null
	sasl.oauthbearer.header.urlencode = false
	sasl.oauthbearer.jwks.endpoint.refresh.ms = 3600000
	sasl.oauthbearer.jwks.endpoint.retry.backoff.max.ms = 10000
	sasl.oauthbearer.jwks.endpoint.retry.backoff.ms = 100
	sasl.oauthbearer.jwks.endpoint.url = null
	sasl.oauthbearer.scope.claim.name = scope
	sasl.oauthbearer.sub.claim.name = sub
	sasl.oauthbearer.token.endpoint.url = null
	security.protocol = PLAINTEXT
	security.providers = null
	send.buffer.bytes = 131072
	session.timeout.ms = 45000
	socket.connection.setup.timeout.max.ms = 30000
	socket.connection.setup.timeout.ms = 10000
	ssl.cipher.suites = null
	ssl.enabled.protocols = [TLSv1.2, TLSv1.3]
	ssl.endpoint.identification.algorithm = https
	ssl.engine.factory.class = null
	ssl.key.password = null
	ssl.keymanager.algorithm = SunX509
	ssl.keystore.certificate.chain = null
	ssl.keystore.key = null
	ssl.keystore.location = null
	ssl.keystore.password = null
	ssl.keystore.type = JKS
	ssl.protocol = TLSv1.3
	ssl.provider = null
	ssl.secure.random.implementation = null
	ssl.trustmanager.algorithm = PKIX
	ssl.truststore.certificates = null
	ssl.truststore.location = null
	ssl.truststore.password = null
	ssl.truststore.type = JKS
	value.deserializer = class io.apicurio.registry.serde.avro.AvroKafkaDeserializer

2025-07-31 20:43:48,800 INFO  [org.apa.kaf.com.tel.int.KafkaMetricsCollector] (main) initializing Kafka metrics collector
2025-07-31 20:43:48,809 INFO  [org.apa.kaf.cli.con.ConsumerConfig] (main) These configurations '[apicurio.registry.url]' were supplied but are not used yet.
2025-07-31 20:43:48,809 INFO  [org.apa.kaf.com.uti.AppInfoParser] (main) Kafka version: 3.9.1
2025-07-31 20:43:48,810 INFO  [org.apa.kaf.com.uti.AppInfoParser] (main) Kafka commitId: f745dfdcee2b9851
2025-07-31 20:43:48,810 INFO  [org.apa.kaf.com.uti.AppInfoParser] (main) Kafka startTimeMs: 1753994628809
2025-07-31 20:43:48,810 INFO  [org.apa.kaf.cli.con.int.ClassicKafkaConsumer] (Thread-688) [Consumer clientId=consumer-Consumer-topic-48c96929_d532_474c_a79b_936e0e296aa1-12, groupId=Consumer-topic-48c96929_d532_474c_a79b_936e0e296aa1] Subscribed to topic(s): topic-48c96929_d532_474c_a79b_936e0e296aa1
2025-07-31 20:43:48,814 INFO  [org.apa.kaf.cli.Metadata] (Thread-688) [Consumer clientId=consumer-Consumer-topic-48c96929_d532_474c_a79b_936e0e296aa1-12, groupId=Consumer-topic-48c96929_d532_474c_a79b_936e0e296aa1] Cluster ID: cdvAFU1gQSCWwJ-LEPQTSg
2025-07-31 20:43:48,814 INFO  [org.apa.kaf.cli.con.int.ConsumerCoordinator] (Thread-688) [Consumer clientId=consumer-Consumer-topic-48c96929_d532_474c_a79b_936e0e296aa1-12, groupId=Consumer-topic-48c96929_d532_474c_a79b_936e0e296aa1] Discovered group coordinator localhost:32770 (id: 2147483647 rack: null)
2025-07-31 20:43:48,816 INFO  [org.apa.kaf.cli.con.int.ConsumerCoordinator] (Thread-688) [Consumer clientId=consumer-Consumer-topic-48c96929_d532_474c_a79b_936e0e296aa1-12, groupId=Consumer-topic-48c96929_d532_474c_a79b_936e0e296aa1] (Re-)joining group
2025-07-31 20:43:48,819 INFO  [org.apa.kaf.cli.con.int.ConsumerCoordinator] (Thread-688) [Consumer clientId=consumer-Consumer-topic-48c96929_d532_474c_a79b_936e0e296aa1-12, groupId=Consumer-topic-48c96929_d532_474c_a79b_936e0e296aa1] Request joining group due to: need to re-join with the given member-id: consumer-Consumer-topic-48c96929_d532_474c_a79b_936e0e296aa1-12-f9cf2cc5-a345-4aa3-94fb-6e3808cd78f7
2025-07-31 20:43:48,819 INFO  [org.apa.kaf.cli.con.int.ConsumerCoordinator] (Thread-688) [Consumer clientId=consumer-Consumer-topic-48c96929_d532_474c_a79b_936e0e296aa1-12, groupId=Consumer-topic-48c96929_d532_474c_a79b_936e0e296aa1] (Re-)joining group
2025-07-31 20:43:48,821 INFO  [org.apa.kaf.cli.con.int.ConsumerCoordinator] (Thread-688) [Consumer clientId=consumer-Consumer-topic-48c96929_d532_474c_a79b_936e0e296aa1-12, groupId=Consumer-topic-48c96929_d532_474c_a79b_936e0e296aa1] Successfully joined group with generation Generation{generationId=5, memberId='consumer-Consumer-topic-48c96929_d532_474c_a79b_936e0e296aa1-12-f9cf2cc5-a345-4aa3-94fb-6e3808cd78f7', protocol='range'}
2025-07-31 20:43:48,822 INFO  [org.apa.kaf.cli.con.int.ConsumerCoordinator] (Thread-688) [Consumer clientId=consumer-Consumer-topic-48c96929_d532_474c_a79b_936e0e296aa1-12, groupId=Consumer-topic-48c96929_d532_474c_a79b_936e0e296aa1] Finished assignment for group at generation 5: {consumer-Consumer-topic-48c96929_d532_474c_a79b_936e0e296aa1-12-f9cf2cc5-a345-4aa3-94fb-6e3808cd78f7=Assignment(partitions=[topic-48c96929_d532_474c_a79b_936e0e296aa1-0])}
2025-07-31 20:43:48,824 INFO  [org.apa.kaf.cli.con.int.ConsumerCoordinator] (Thread-688) [Consumer clientId=consumer-Consumer-topic-48c96929_d532_474c_a79b_936e0e296aa1-12, groupId=Consumer-topic-48c96929_d532_474c_a79b_936e0e296aa1] Successfully synced group in generation Generation{generationId=5, memberId='consumer-Consumer-topic-48c96929_d532_474c_a79b_936e0e296aa1-12-f9cf2cc5-a345-4aa3-94fb-6e3808cd78f7', protocol='range'}
2025-07-31 20:43:48,824 INFO  [org.apa.kaf.cli.con.int.ConsumerCoordinator] (Thread-688) [Consumer clientId=consumer-Consumer-topic-48c96929_d532_474c_a79b_936e0e296aa1-12, groupId=Consumer-topic-48c96929_d532_474c_a79b_936e0e296aa1] Notifying assignor about the new Assignment(partitions=[topic-48c96929_d532_474c_a79b_936e0e296aa1-0])
2025-07-31 20:43:48,824 INFO  [org.apa.kaf.cli.con.int.ConsumerRebalanceListenerInvoker] (Thread-688) [Consumer clientId=consumer-Consumer-topic-48c96929_d532_474c_a79b_936e0e296aa1-12, groupId=Consumer-topic-48c96929_d532_474c_a79b_936e0e296aa1] Adding newly assigned partitions: topic-48c96929_d532_474c_a79b_936e0e296aa1-0
2025-07-31 20:43:48,825 INFO  [org.apa.kaf.cli.con.int.ConsumerUtils] (Thread-688) Setting offset for partition topic-48c96929_d532_474c_a79b_936e0e296aa1-0 to the committed offset FetchPosition{offset=30, offsetEpoch=Optional[0], currentLeader=LeaderAndEpoch{leader=Optional[localhost:32770 (id: 0 rack: null)], epoch=0}}
2025-07-31 20:43:49,010 INFO  [io.api.tes.ser.api.KafkaSerdesTester] (Thread-688) topic-48c96929_d532_474c_a79b_936e0e296aa1 0 30 {"key11753994623604": "value-0", "key21753994625445": "value-0", "key31753994627417": "value-0"}
2025-07-31 20:43:49,010 INFO  [io.api.tes.ser.api.KafkaSerdesTester] (Thread-688) topic-48c96929_d532_474c_a79b_936e0e296aa1 0 31 {"key11753994623604": "value-1", "key21753994625445": "value-1", "key31753994627417": "value-1"}
2025-07-31 20:43:49,011 INFO  [io.api.tes.ser.api.KafkaSerdesTester] (Thread-688) topic-48c96929_d532_474c_a79b_936e0e296aa1 0 32 {"key11753994623604": "value-2", "key21753994625445": "value-2", "key31753994627417": "value-2"}
2025-07-31 20:43:49,012 INFO  [io.api.tes.ser.api.KafkaSerdesTester] (Thread-688) topic-48c96929_d532_474c_a79b_936e0e296aa1 0 33 {"key11753994623604": "value-3", "key21753994625445": "value-3", "key31753994627417": "value-3"}
2025-07-31 20:43:49,012 INFO  [io.api.tes.ser.api.KafkaSerdesTester] (Thread-688) topic-48c96929_d532_474c_a79b_936e0e296aa1 0 34 {"key11753994623604": "value-4", "key21753994625445": "value-4", "key31753994627417": "value-4"}
2025-07-31 20:43:49,012 INFO  [io.api.tes.ser.api.KafkaSerdesTester] (Thread-688) topic-48c96929_d532_474c_a79b_936e0e296aa1 0 35 {"key11753994623604": "value-5", "key21753994625445": "value-5", "key31753994627417": "value-5"}
2025-07-31 20:43:49,012 INFO  [io.api.tes.ser.api.KafkaSerdesTester] (Thread-688) topic-48c96929_d532_474c_a79b_936e0e296aa1 0 36 {"key11753994623604": "value-6", "key21753994625445": "value-6", "key31753994627417": "value-6"}
2025-07-31 20:43:49,012 INFO  [io.api.tes.ser.api.KafkaSerdesTester] (Thread-688) topic-48c96929_d532_474c_a79b_936e0e296aa1 0 37 {"key11753994623604": "value-7", "key21753994625445": "value-7", "key31753994627417": "value-7"}
2025-07-31 20:43:49,012 INFO  [io.api.tes.ser.api.KafkaSerdesTester] (Thread-688) topic-48c96929_d532_474c_a79b_936e0e296aa1 0 38 {"key11753994623604": "value-8", "key21753994625445": "value-8", "key31753994627417": "value-8"}
2025-07-31 20:43:49,012 INFO  [io.api.tes.ser.api.KafkaSerdesTester] (Thread-688) topic-48c96929_d532_474c_a79b_936e0e296aa1 0 39 {"key11753994623604": "value-9", "key21753994625445": "value-9", "key31753994627417": "value-9"}
2025-07-31 20:43:49,012 INFO  [io.api.tes.ser.api.KafkaSerdesTester] (Thread-688) topic-48c96929_d532_474c_a79b_936e0e296aa1 0 40 {"key11753994623604": "value-0", "key21753994625445": "value-0"}
2025-07-31 20:43:49,012 INFO  [io.api.tes.ser.api.KafkaSerdesTester] (Thread-688) topic-48c96929_d532_474c_a79b_936e0e296aa1 0 41 {"key11753994623604": "value-1", "key21753994625445": "value-1"}
2025-07-31 20:43:49,012 INFO  [io.api.tes.ser.api.KafkaSerdesTester] (Thread-688) topic-48c96929_d532_474c_a79b_936e0e296aa1 0 42 {"key11753994623604": "value-2", "key21753994625445": "value-2"}
2025-07-31 20:43:49,012 INFO  [io.api.tes.ser.api.KafkaSerdesTester] (Thread-688) topic-48c96929_d532_474c_a79b_936e0e296aa1 0 43 {"key11753994623604": "value-3", "key21753994625445": "value-3"}
2025-07-31 20:43:49,012 INFO  [io.api.tes.ser.api.KafkaSerdesTester] (Thread-688) topic-48c96929_d532_474c_a79b_936e0e296aa1 0 44 {"key11753994623604": "value-4", "key21753994625445": "value-4"}
2025-07-31 20:43:49,012 INFO  [io.api.tes.ser.api.KafkaSerdesTester] (Thread-688) topic-48c96929_d532_474c_a79b_936e0e296aa1 0 45 {"key11753994623604": "value-5", "key21753994625445": "value-5"}
2025-07-31 20:43:49,012 INFO  [io.api.tes.ser.api.KafkaSerdesTester] (Thread-688) topic-48c96929_d532_474c_a79b_936e0e296aa1 0 46 {"key11753994623604": "value-6", "key21753994625445": "value-6"}
2025-07-31 20:43:49,012 INFO  [io.api.tes.ser.api.KafkaSerdesTester] (Thread-688) topic-48c96929_d532_474c_a79b_936e0e296aa1 0 47 {"key11753994623604": "value-7", "key21753994625445": "value-7"}
2025-07-31 20:43:49,012 INFO  [io.api.tes.ser.api.KafkaSerdesTester] (Thread-688) topic-48c96929_d532_474c_a79b_936e0e296aa1 0 48 {"key11753994623604": "value-8", "key21753994625445": "value-8"}
2025-07-31 20:43:49,013 INFO  [io.api.tes.ser.api.KafkaSerdesTester] (Thread-688) topic-48c96929_d532_474c_a79b_936e0e296aa1 0 49 {"key11753994623604": "value-9", "key21753994625445": "value-9"}
2025-07-31 20:43:49,013 INFO  [io.api.tes.ser.api.KafkaSerdesTester] (Thread-688) topic-48c96929_d532_474c_a79b_936e0e296aa1 0 50 {"key11753994623604": "value-0"}
2025-07-31 20:43:49,013 INFO  [io.api.tes.ser.api.KafkaSerdesTester] (Thread-688) topic-48c96929_d532_474c_a79b_936e0e296aa1 0 51 {"key11753994623604": "value-1"}
2025-07-31 20:43:49,013 INFO  [io.api.tes.ser.api.KafkaSerdesTester] (Thread-688) topic-48c96929_d532_474c_a79b_936e0e296aa1 0 52 {"key11753994623604": "value-2"}
2025-07-31 20:43:49,013 INFO  [io.api.tes.ser.api.KafkaSerdesTester] (Thread-688) topic-48c96929_d532_474c_a79b_936e0e296aa1 0 53 {"key11753994623604": "value-3"}
2025-07-31 20:43:49,013 INFO  [io.api.tes.ser.api.KafkaSerdesTester] (Thread-688) topic-48c96929_d532_474c_a79b_936e0e296aa1 0 54 {"key11753994623604": "value-4"}
2025-07-31 20:43:49,013 INFO  [io.api.tes.ser.api.KafkaSerdesTester] (Thread-688) topic-48c96929_d532_474c_a79b_936e0e296aa1 0 55 {"key11753994623604": "value-5"}
2025-07-31 20:43:49,013 INFO  [io.api.tes.ser.api.KafkaSerdesTester] (Thread-688) topic-48c96929_d532_474c_a79b_936e0e296aa1 0 56 {"key11753994623604": "value-6"}
2025-07-31 20:43:49,013 INFO  [io.api.tes.ser.api.KafkaSerdesTester] (Thread-688) topic-48c96929_d532_474c_a79b_936e0e296aa1 0 57 {"key11753994623604": "value-7"}
2025-07-31 20:43:49,013 INFO  [io.api.tes.ser.api.KafkaSerdesTester] (Thread-688) topic-48c96929_d532_474c_a79b_936e0e296aa1 0 58 {"key11753994623604": "value-8"}
2025-07-31 20:43:49,013 INFO  [io.api.tes.ser.api.KafkaSerdesTester] (Thread-688) topic-48c96929_d532_474c_a79b_936e0e296aa1 0 59 {"key11753994623604": "value-9"}
2025-07-31 20:43:49,013 INFO  [io.api.tes.ser.api.KafkaSerdesTester] (Thread-688) Consumed 30 messages
2025-07-31 20:43:49,015 INFO  [org.apa.kaf.cli.con.int.ConsumerRebalanceListenerInvoker] (Thread-688) [Consumer clientId=consumer-Consumer-topic-48c96929_d532_474c_a79b_936e0e296aa1-12, groupId=Consumer-topic-48c96929_d532_474c_a79b_936e0e296aa1] Revoke previously assigned partitions topic-48c96929_d532_474c_a79b_936e0e296aa1-0
2025-07-31 20:43:49,015 INFO  [org.apa.kaf.cli.con.int.ConsumerCoordinator] (Thread-688) [Consumer clientId=consumer-Consumer-topic-48c96929_d532_474c_a79b_936e0e296aa1-12, groupId=Consumer-topic-48c96929_d532_474c_a79b_936e0e296aa1] Member consumer-Consumer-topic-48c96929_d532_474c_a79b_936e0e296aa1-12-f9cf2cc5-a345-4aa3-94fb-6e3808cd78f7 sending LeaveGroup request to coordinator localhost:32770 (id: 2147483647 rack: null) due to the consumer is being closed
2025-07-31 20:43:49,015 INFO  [org.apa.kaf.cli.con.int.ConsumerCoordinator] (Thread-688) [Consumer clientId=consumer-Consumer-topic-48c96929_d532_474c_a79b_936e0e296aa1-12, groupId=Consumer-topic-48c96929_d532_474c_a79b_936e0e296aa1] Resetting generation and member id due to: consumer pro-actively leaving the group
2025-07-31 20:43:49,015 INFO  [org.apa.kaf.cli.con.int.ConsumerCoordinator] (Thread-688) [Consumer clientId=consumer-Consumer-topic-48c96929_d532_474c_a79b_936e0e296aa1-12, groupId=Consumer-topic-48c96929_d532_474c_a79b_936e0e296aa1] Request joining group due to: consumer pro-actively leaving the group
2025-07-31 20:43:49,514 INFO  [org.apa.kaf.com.met.Metrics] (Thread-688) Metrics scheduler closed
2025-07-31 20:43:49,514 INFO  [org.apa.kaf.com.met.Metrics] (Thread-688) Closing reporter org.apache.kafka.common.metrics.JmxReporter
2025-07-31 20:43:49,514 INFO  [org.apa.kaf.com.met.Metrics] (Thread-688) Closing reporter org.apache.kafka.common.telemetry.internals.ClientTelemetryReporter
2025-07-31 20:43:49,514 INFO  [org.apa.kaf.com.met.Metrics] (Thread-688) Metrics reporters closed
2025-07-31 20:43:49,516 INFO  [org.apa.kaf.com.uti.AppInfoParser] (Thread-688) App info kafka.consumer for consumer-Consumer-topic-48c96929_d532_474c_a79b_936e0e296aa1-12 unregistered
2025-07-31 20:43:49,516 INFO  [org.apa.kaf.cli.pro.KafkaProducer] (main) [Producer clientId=Producer-topic-48c96929_d532_474c_a79b_936e0e296aa1] Closing the Kafka producer with timeoutMillis = 9223372036854775807 ms.
2025-07-31 20:43:49,516 INFO  [org.apa.kaf.com.met.Metrics] (main) Metrics scheduler closed
2025-07-31 20:43:49,516 INFO  [org.apa.kaf.com.met.Metrics] (main) Closing reporter org.apache.kafka.common.metrics.JmxReporter
2025-07-31 20:43:49,516 INFO  [org.apa.kaf.com.met.Metrics] (main) Closing reporter org.apache.kafka.common.telemetry.internals.ClientTelemetryReporter
2025-07-31 20:43:49,516 INFO  [org.apa.kaf.com.met.Metrics] (main) Metrics reporters closed
2025-07-31 20:43:49,516 INFO  [org.apa.kaf.com.uti.AppInfoParser] (main) App info kafka.producer for Producer-topic-48c96929_d532_474c_a79b_936e0e296aa1 unregistered
2025-07-31 20:43:49,516 INFO  [io.api.tes.uti.TestSeparator] (main) io.apicurio.tests.serdes.apicurio.AvroSerdeIT.testEvolveAvroApicurio-FINISHED
2025-07-31 20:43:49,516 INFO  [io.api.tes.uti.TestSeparator] (main) ############################################################################
Test passed: testEvolveAvroApicurio
]]></system-out>
  </testcase>
  <testcase name="testTopicRecordIdStrategydFindLatest" classname="io.apicurio.tests.serdes.apicurio.AvroSerdeIT" time="1.878">
    <system-out><![CDATA[2025-07-31 20:43:49,520 INFO  [io.api.tes.uti.TestSeparator] (main) ############################################################################
2025-07-31 20:43:49,520 INFO  [io.api.tes.uti.TestSeparator] (main) io.apicurio.tests.serdes.apicurio.AvroSerdeIT.testTopicRecordIdStrategydFindLatest-STARTED
2025-07-31 20:43:49,523 INFO  [io.api.tes.ser.api.AvroSerdeIT] (main) Registering Avro Schema: {"type":"record","name":"se9226a14x662ex438cx968dxada28153f7c1","namespace":"s84327427xfe70x4577x92dexf6be94c3e448","fields":[{"name":"key11753994629522","type":"string"}]}
**** Registry Base URL: http://registry-app-kafkasql.apps.ci419.apicurio-testing.org:80
2025-07-31 20:43:50,620 INFO  [org.apa.kaf.cli.pro.ProducerConfig] (main) ProducerConfig values: 
	acks = -1
	auto.include.jmx.reporter = true
	batch.size = 16384
	bootstrap.servers = [PLAINTEXT://localhost:32770]
	buffer.memory = 33554432
	client.dns.lookup = use_all_dns_ips
	client.id = Producer-topic-ab0174a1_76e8_418b_a961_6f02f325b731
	compression.gzip.level = -1
	compression.lz4.level = 9
	compression.type = none
	compression.zstd.level = 3
	connections.max.idle.ms = 10000
	delivery.timeout.ms = 120000
	enable.idempotence = true
	enable.metrics.push = true
	interceptor.classes = []
	key.serializer = class org.apache.kafka.common.serialization.StringSerializer
	linger.ms = 0
	max.block.ms = 60000
	max.in.flight.requests.per.connection = 5
	max.request.size = 1048576
	metadata.max.age.ms = 300000
	metadata.max.idle.ms = 300000
	metadata.recovery.strategy = none
	metric.reporters = []
	metrics.num.samples = 2
	metrics.recording.level = INFO
	metrics.sample.window.ms = 30000
	partitioner.adaptive.partitioning.enable = true
	partitioner.availability.timeout.ms = 0
	partitioner.class = null
	partitioner.ignore.keys = false
	receive.buffer.bytes = 32768
	reconnect.backoff.max.ms = 1000
	reconnect.backoff.ms = 50
	request.timeout.ms = 5000
	retries = 2147483647
	retry.backoff.max.ms = 1000
	retry.backoff.ms = 100
	sasl.client.callback.handler.class = null
	sasl.jaas.config = null
	sasl.kerberos.kinit.cmd = /usr/bin/kinit
	sasl.kerberos.min.time.before.relogin = 60000
	sasl.kerberos.service.name = null
	sasl.kerberos.ticket.renew.jitter = 0.05
	sasl.kerberos.ticket.renew.window.factor = 0.8
	sasl.login.callback.handler.class = null
	sasl.login.class = null
	sasl.login.connect.timeout.ms = null
	sasl.login.read.timeout.ms = null
	sasl.login.refresh.buffer.seconds = 300
	sasl.login.refresh.min.period.seconds = 60
	sasl.login.refresh.window.factor = 0.8
	sasl.login.refresh.window.jitter = 0.05
	sasl.login.retry.backoff.max.ms = 10000
	sasl.login.retry.backoff.ms = 100
	sasl.mechanism = GSSAPI
	sasl.oauthbearer.clock.skew.seconds = 30
	sasl.oauthbearer.expected.audience = null
	sasl.oauthbearer.expected.issuer = null
	sasl.oauthbearer.header.urlencode = false
	sasl.oauthbearer.jwks.endpoint.refresh.ms = 3600000
	sasl.oauthbearer.jwks.endpoint.retry.backoff.max.ms = 10000
	sasl.oauthbearer.jwks.endpoint.retry.backoff.ms = 100
	sasl.oauthbearer.jwks.endpoint.url = null
	sasl.oauthbearer.scope.claim.name = scope
	sasl.oauthbearer.sub.claim.name = sub
	sasl.oauthbearer.token.endpoint.url = null
	security.protocol = PLAINTEXT
	security.providers = null
	send.buffer.bytes = 131072
	socket.connection.setup.timeout.max.ms = 30000
	socket.connection.setup.timeout.ms = 10000
	ssl.cipher.suites = null
	ssl.enabled.protocols = [TLSv1.2, TLSv1.3]
	ssl.endpoint.identification.algorithm = https
	ssl.engine.factory.class = null
	ssl.key.password = null
	ssl.keymanager.algorithm = SunX509
	ssl.keystore.certificate.chain = null
	ssl.keystore.key = null
	ssl.keystore.location = null
	ssl.keystore.password = null
	ssl.keystore.type = JKS
	ssl.protocol = TLSv1.3
	ssl.provider = null
	ssl.secure.random.implementation = null
	ssl.trustmanager.algorithm = PKIX
	ssl.truststore.certificates = null
	ssl.truststore.location = null
	ssl.truststore.password = null
	ssl.truststore.type = JKS
	transaction.timeout.ms = 60000
	transactional.id = null
	value.serializer = class io.apicurio.registry.serde.avro.AvroKafkaSerializer

2025-07-31 20:43:50,620 INFO  [org.apa.kaf.com.tel.int.KafkaMetricsCollector] (main) initializing Kafka metrics collector
2025-07-31 20:43:50,622 INFO  [org.apa.kaf.cli.pro.KafkaProducer] (main) [Producer clientId=Producer-topic-ab0174a1_76e8_418b_a961_6f02f325b731] Instantiated an idempotent producer.
2025-07-31 20:43:50,625 INFO  [org.apa.kaf.cli.pro.ProducerConfig] (main) These configurations '[apicurio.registry.find-latest, apicurio.registry.url, apicurio.registry.artifact-resolver-strategy]' were supplied but are not used yet.
2025-07-31 20:43:50,625 INFO  [org.apa.kaf.com.uti.AppInfoParser] (main) Kafka version: 3.9.1
2025-07-31 20:43:50,625 INFO  [org.apa.kaf.com.uti.AppInfoParser] (main) Kafka commitId: f745dfdcee2b9851
2025-07-31 20:43:50,625 INFO  [org.apa.kaf.com.uti.AppInfoParser] (main) Kafka startTimeMs: 1753994630625
2025-07-31 20:43:50,625 INFO  [io.api.tes.ser.api.SimpleSerdesTesterBuilder$SimpleSerdesTester] (main) Using producer configuration: {apicurio.registry.find-latest=true, apicurio.registry.url=http://registry-app-kafkasql.apps.ci419.apicurio-testing.org:80/apis/registry/v3, apicurio.registry.artifact-resolver-strategy=io.apicurio.registry.serde.avro.strategy.TopicRecordIdStrategy, value.serializer=io.apicurio.registry.serde.avro.AvroKafkaSerializer, request.timeout.ms=5000, acks=all, bootstrap.servers=PLAINTEXT://localhost:32770, connections.max.idle.ms=10000, key.serializer=org.apache.kafka.common.serialization.StringSerializer, client.id=Producer-topic-ab0174a1_76e8_418b_a961_6f02f325b731}
2025-07-31 20:43:50,625 INFO  [io.api.tes.ser.api.SimpleSerdesTesterBuilder$SimpleSerdesTester] (main) Using consumer configuration: {}
2025-07-31 20:43:50,626 INFO  [io.api.tes.ser.api.KafkaSerdesTester] (Thread-691) Sending message {"key11753994629522": "value-0"} to topic topic-ab0174a1_76e8_418b_a961_6f02f325b731
2025-07-31 20:43:50,628 INFO  [org.apa.kaf.cli.Metadata] (kafka-producer-network-thread | Producer-topic-ab0174a1_76e8_418b_a961_6f02f325b731) [Producer clientId=Producer-topic-ab0174a1_76e8_418b_a961_6f02f325b731] Cluster ID: cdvAFU1gQSCWwJ-LEPQTSg
2025-07-31 20:43:50,628 INFO  [org.apa.kaf.cli.pro.int.TransactionManager] (kafka-producer-network-thread | Producer-topic-ab0174a1_76e8_418b_a961_6f02f325b731) [Producer clientId=Producer-topic-ab0174a1_76e8_418b_a961_6f02f325b731] ProducerId set to 18 with epoch 0
2025-07-31 20:43:50,737 INFO  [io.api.tes.ser.api.KafkaSerdesTester] (Thread-691) Sending message {"key11753994629522": "value-1"} to topic topic-ab0174a1_76e8_418b_a961_6f02f325b731
2025-07-31 20:43:50,739 INFO  [io.api.tes.ser.api.KafkaSerdesTester] (Thread-691) Sending message {"key11753994629522": "value-2"} to topic topic-ab0174a1_76e8_418b_a961_6f02f325b731
2025-07-31 20:43:50,740 INFO  [io.api.tes.ser.api.KafkaSerdesTester] (Thread-691) Sending message {"key11753994629522": "value-3"} to topic topic-ab0174a1_76e8_418b_a961_6f02f325b731
2025-07-31 20:43:50,741 INFO  [io.api.tes.ser.api.KafkaSerdesTester] (Thread-691) Sending message {"key11753994629522": "value-4"} to topic topic-ab0174a1_76e8_418b_a961_6f02f325b731
2025-07-31 20:43:50,743 INFO  [io.api.tes.ser.api.KafkaSerdesTester] (Thread-691) Sending message {"key11753994629522": "value-5"} to topic topic-ab0174a1_76e8_418b_a961_6f02f325b731
2025-07-31 20:43:50,745 INFO  [io.api.tes.ser.api.KafkaSerdesTester] (Thread-691) Sending message {"key11753994629522": "value-6"} to topic topic-ab0174a1_76e8_418b_a961_6f02f325b731
2025-07-31 20:43:50,749 INFO  [io.api.tes.ser.api.KafkaSerdesTester] (Thread-691) Sending message {"key11753994629522": "value-7"} to topic topic-ab0174a1_76e8_418b_a961_6f02f325b731
2025-07-31 20:43:50,751 INFO  [io.api.tes.ser.api.KafkaSerdesTester] (Thread-691) Sending message {"key11753994629522": "value-8"} to topic topic-ab0174a1_76e8_418b_a961_6f02f325b731
2025-07-31 20:43:50,752 INFO  [io.api.tes.ser.api.KafkaSerdesTester] (Thread-691) Sending message {"key11753994629522": "value-9"} to topic topic-ab0174a1_76e8_418b_a961_6f02f325b731
2025-07-31 20:43:50,754 INFO  [io.api.tes.ser.api.KafkaSerdesTester] (Thread-691) Produced 10 messages
2025-07-31 20:43:50,754 INFO  [org.apa.kaf.cli.pro.KafkaProducer] (Thread-691) [Producer clientId=Producer-topic-ab0174a1_76e8_418b_a961_6f02f325b731] Closing the Kafka producer with timeoutMillis = 9223372036854775807 ms.
2025-07-31 20:43:50,759 INFO  [org.apa.kaf.com.met.Metrics] (Thread-691) Metrics scheduler closed
2025-07-31 20:43:50,759 INFO  [org.apa.kaf.com.met.Metrics] (Thread-691) Closing reporter org.apache.kafka.common.metrics.JmxReporter
2025-07-31 20:43:50,759 INFO  [org.apa.kaf.com.met.Metrics] (Thread-691) Closing reporter org.apache.kafka.common.telemetry.internals.ClientTelemetryReporter
2025-07-31 20:43:50,759 INFO  [org.apa.kaf.com.met.Metrics] (Thread-691) Metrics reporters closed
2025-07-31 20:43:50,760 INFO  [org.apa.kaf.com.uti.AppInfoParser] (Thread-691) App info kafka.producer for Producer-topic-ab0174a1_76e8_418b_a961_6f02f325b731 unregistered
**** Registry Base URL: http://registry-app-kafkasql.apps.ci419.apicurio-testing.org:80
2025-07-31 20:43:50,761 INFO  [org.apa.kaf.cli.con.ConsumerConfig] (main) ConsumerConfig values: 
	allow.auto.create.topics = true
	auto.commit.interval.ms = 500
	auto.include.jmx.reporter = true
	auto.offset.reset = earliest
	bootstrap.servers = [PLAINTEXT://localhost:32770]
	check.crcs = true
	client.dns.lookup = use_all_dns_ips
	client.id = consumer-Consumer-topic-ab0174a1_76e8_418b_a961_6f02f325b731-13
	client.rack = 
	connections.max.idle.ms = 10000
	default.api.timeout.ms = 60000
	enable.auto.commit = true
	enable.metrics.push = true
	exclude.internal.topics = true
	fetch.max.bytes = 52428800
	fetch.max.wait.ms = 500
	fetch.min.bytes = 1
	group.id = Consumer-topic-ab0174a1_76e8_418b_a961_6f02f325b731
	group.instance.id = null
	group.protocol = classic
	group.remote.assignor = null
	heartbeat.interval.ms = 3000
	interceptor.classes = []
	internal.leave.group.on.close = true
	internal.throw.on.fetch.stable.offset.unsupported = false
	isolation.level = read_uncommitted
	key.deserializer = class org.apache.kafka.common.serialization.StringDeserializer
	max.partition.fetch.bytes = 1048576
	max.poll.interval.ms = 300000
	max.poll.records = 500
	metadata.max.age.ms = 300000
	metadata.recovery.strategy = none
	metric.reporters = []
	metrics.num.samples = 2
	metrics.recording.level = INFO
	metrics.sample.window.ms = 30000
	partition.assignment.strategy = [class org.apache.kafka.clients.consumer.RangeAssignor, class org.apache.kafka.clients.consumer.CooperativeStickyAssignor]
	receive.buffer.bytes = 65536
	reconnect.backoff.max.ms = 1000
	reconnect.backoff.ms = 50
	request.timeout.ms = 5000
	retry.backoff.max.ms = 1000
	retry.backoff.ms = 100
	sasl.client.callback.handler.class = null
	sasl.jaas.config = null
	sasl.kerberos.kinit.cmd = /usr/bin/kinit
	sasl.kerberos.min.time.before.relogin = 60000
	sasl.kerberos.service.name = null
	sasl.kerberos.ticket.renew.jitter = 0.05
	sasl.kerberos.ticket.renew.window.factor = 0.8
	sasl.login.callback.handler.class = null
	sasl.login.class = null
	sasl.login.connect.timeout.ms = null
	sasl.login.read.timeout.ms = null
	sasl.login.refresh.buffer.seconds = 300
	sasl.login.refresh.min.period.seconds = 60
	sasl.login.refresh.window.factor = 0.8
	sasl.login.refresh.window.jitter = 0.05
	sasl.login.retry.backoff.max.ms = 10000
	sasl.login.retry.backoff.ms = 100
	sasl.mechanism = GSSAPI
	sasl.oauthbearer.clock.skew.seconds = 30
	sasl.oauthbearer.expected.audience = null
	sasl.oauthbearer.expected.issuer = null
	sasl.oauthbearer.header.urlencode = false
	sasl.oauthbearer.jwks.endpoint.refresh.ms = 3600000
	sasl.oauthbearer.jwks.endpoint.retry.backoff.max.ms = 10000
	sasl.oauthbearer.jwks.endpoint.retry.backoff.ms = 100
	sasl.oauthbearer.jwks.endpoint.url = null
	sasl.oauthbearer.scope.claim.name = scope
	sasl.oauthbearer.sub.claim.name = sub
	sasl.oauthbearer.token.endpoint.url = null
	security.protocol = PLAINTEXT
	security.providers = null
	send.buffer.bytes = 131072
	session.timeout.ms = 45000
	socket.connection.setup.timeout.max.ms = 30000
	socket.connection.setup.timeout.ms = 10000
	ssl.cipher.suites = null
	ssl.enabled.protocols = [TLSv1.2, TLSv1.3]
	ssl.endpoint.identification.algorithm = https
	ssl.engine.factory.class = null
	ssl.key.password = null
	ssl.keymanager.algorithm = SunX509
	ssl.keystore.certificate.chain = null
	ssl.keystore.key = null
	ssl.keystore.location = null
	ssl.keystore.password = null
	ssl.keystore.type = JKS
	ssl.protocol = TLSv1.3
	ssl.provider = null
	ssl.secure.random.implementation = null
	ssl.trustmanager.algorithm = PKIX
	ssl.truststore.certificates = null
	ssl.truststore.location = null
	ssl.truststore.password = null
	ssl.truststore.type = JKS
	value.deserializer = class io.apicurio.registry.serde.avro.AvroKafkaDeserializer

2025-07-31 20:43:50,761 INFO  [org.apa.kaf.com.tel.int.KafkaMetricsCollector] (main) initializing Kafka metrics collector
2025-07-31 20:43:50,782 INFO  [org.apa.kaf.cli.con.ConsumerConfig] (main) These configurations '[apicurio.registry.url]' were supplied but are not used yet.
2025-07-31 20:43:50,782 INFO  [org.apa.kaf.com.uti.AppInfoParser] (main) Kafka version: 3.9.1
2025-07-31 20:43:50,782 INFO  [org.apa.kaf.com.uti.AppInfoParser] (main) Kafka commitId: f745dfdcee2b9851
2025-07-31 20:43:50,782 INFO  [org.apa.kaf.com.uti.AppInfoParser] (main) Kafka startTimeMs: 1753994630782
2025-07-31 20:43:50,783 INFO  [org.apa.kaf.cli.con.int.ClassicKafkaConsumer] (Thread-694) [Consumer clientId=consumer-Consumer-topic-ab0174a1_76e8_418b_a961_6f02f325b731-13, groupId=Consumer-topic-ab0174a1_76e8_418b_a961_6f02f325b731] Subscribed to topic(s): topic-ab0174a1_76e8_418b_a961_6f02f325b731
2025-07-31 20:43:50,788 INFO  [org.apa.kaf.cli.Metadata] (Thread-694) [Consumer clientId=consumer-Consumer-topic-ab0174a1_76e8_418b_a961_6f02f325b731-13, groupId=Consumer-topic-ab0174a1_76e8_418b_a961_6f02f325b731] Cluster ID: cdvAFU1gQSCWwJ-LEPQTSg
2025-07-31 20:43:50,792 INFO  [org.apa.kaf.cli.con.int.ConsumerCoordinator] (Thread-694) [Consumer clientId=consumer-Consumer-topic-ab0174a1_76e8_418b_a961_6f02f325b731-13, groupId=Consumer-topic-ab0174a1_76e8_418b_a961_6f02f325b731] Discovered group coordinator localhost:32770 (id: 2147483647 rack: null)
2025-07-31 20:43:50,793 INFO  [org.apa.kaf.cli.con.int.ConsumerCoordinator] (Thread-694) [Consumer clientId=consumer-Consumer-topic-ab0174a1_76e8_418b_a961_6f02f325b731-13, groupId=Consumer-topic-ab0174a1_76e8_418b_a961_6f02f325b731] (Re-)joining group
2025-07-31 20:43:50,798 INFO  [org.apa.kaf.cli.con.int.ConsumerCoordinator] (Thread-694) [Consumer clientId=consumer-Consumer-topic-ab0174a1_76e8_418b_a961_6f02f325b731-13, groupId=Consumer-topic-ab0174a1_76e8_418b_a961_6f02f325b731] Request joining group due to: need to re-join with the given member-id: consumer-Consumer-topic-ab0174a1_76e8_418b_a961_6f02f325b731-13-11e4ead9-1662-40fb-90e9-3c0bdb448f98
2025-07-31 20:43:50,798 INFO  [org.apa.kaf.cli.con.int.ConsumerCoordinator] (Thread-694) [Consumer clientId=consumer-Consumer-topic-ab0174a1_76e8_418b_a961_6f02f325b731-13, groupId=Consumer-topic-ab0174a1_76e8_418b_a961_6f02f325b731] (Re-)joining group
2025-07-31 20:43:50,800 INFO  [org.apa.kaf.cli.con.int.ConsumerCoordinator] (Thread-694) [Consumer clientId=consumer-Consumer-topic-ab0174a1_76e8_418b_a961_6f02f325b731-13, groupId=Consumer-topic-ab0174a1_76e8_418b_a961_6f02f325b731] Successfully joined group with generation Generation{generationId=1, memberId='consumer-Consumer-topic-ab0174a1_76e8_418b_a961_6f02f325b731-13-11e4ead9-1662-40fb-90e9-3c0bdb448f98', protocol='range'}
2025-07-31 20:43:50,801 INFO  [org.apa.kaf.cli.con.int.ConsumerCoordinator] (Thread-694) [Consumer clientId=consumer-Consumer-topic-ab0174a1_76e8_418b_a961_6f02f325b731-13, groupId=Consumer-topic-ab0174a1_76e8_418b_a961_6f02f325b731] Finished assignment for group at generation 1: {consumer-Consumer-topic-ab0174a1_76e8_418b_a961_6f02f325b731-13-11e4ead9-1662-40fb-90e9-3c0bdb448f98=Assignment(partitions=[topic-ab0174a1_76e8_418b_a961_6f02f325b731-0])}
2025-07-31 20:43:50,803 INFO  [org.apa.kaf.cli.con.int.ConsumerCoordinator] (Thread-694) [Consumer clientId=consumer-Consumer-topic-ab0174a1_76e8_418b_a961_6f02f325b731-13, groupId=Consumer-topic-ab0174a1_76e8_418b_a961_6f02f325b731] Successfully synced group in generation Generation{generationId=1, memberId='consumer-Consumer-topic-ab0174a1_76e8_418b_a961_6f02f325b731-13-11e4ead9-1662-40fb-90e9-3c0bdb448f98', protocol='range'}
2025-07-31 20:43:50,803 INFO  [org.apa.kaf.cli.con.int.ConsumerCoordinator] (Thread-694) [Consumer clientId=consumer-Consumer-topic-ab0174a1_76e8_418b_a961_6f02f325b731-13, groupId=Consumer-topic-ab0174a1_76e8_418b_a961_6f02f325b731] Notifying assignor about the new Assignment(partitions=[topic-ab0174a1_76e8_418b_a961_6f02f325b731-0])
2025-07-31 20:43:50,803 INFO  [org.apa.kaf.cli.con.int.ConsumerRebalanceListenerInvoker] (Thread-694) [Consumer clientId=consumer-Consumer-topic-ab0174a1_76e8_418b_a961_6f02f325b731-13, groupId=Consumer-topic-ab0174a1_76e8_418b_a961_6f02f325b731] Adding newly assigned partitions: topic-ab0174a1_76e8_418b_a961_6f02f325b731-0
2025-07-31 20:43:50,805 INFO  [org.apa.kaf.cli.con.int.ConsumerCoordinator] (Thread-694) [Consumer clientId=consumer-Consumer-topic-ab0174a1_76e8_418b_a961_6f02f325b731-13, groupId=Consumer-topic-ab0174a1_76e8_418b_a961_6f02f325b731] Found no committed offset for partition topic-ab0174a1_76e8_418b_a961_6f02f325b731-0
2025-07-31 20:43:50,809 INFO  [org.apa.kaf.cli.con.int.SubscriptionState] (Thread-694) [Consumer clientId=consumer-Consumer-topic-ab0174a1_76e8_418b_a961_6f02f325b731-13, groupId=Consumer-topic-ab0174a1_76e8_418b_a961_6f02f325b731] Resetting offset for partition topic-ab0174a1_76e8_418b_a961_6f02f325b731-0 to position FetchPosition{offset=0, offsetEpoch=Optional.empty, currentLeader=LeaderAndEpoch{leader=Optional[localhost:32770 (id: 0 rack: null)], epoch=0}}.
2025-07-31 20:43:50,892 INFO  [io.api.tes.ser.api.KafkaSerdesTester] (Thread-694) topic-ab0174a1_76e8_418b_a961_6f02f325b731 0 0 {"key11753994629522": "value-0"}
2025-07-31 20:43:50,892 INFO  [io.api.tes.ser.api.KafkaSerdesTester] (Thread-694) topic-ab0174a1_76e8_418b_a961_6f02f325b731 0 1 {"key11753994629522": "value-1"}
2025-07-31 20:43:50,892 INFO  [io.api.tes.ser.api.KafkaSerdesTester] (Thread-694) topic-ab0174a1_76e8_418b_a961_6f02f325b731 0 2 {"key11753994629522": "value-2"}
2025-07-31 20:43:50,892 INFO  [io.api.tes.ser.api.KafkaSerdesTester] (Thread-694) topic-ab0174a1_76e8_418b_a961_6f02f325b731 0 3 {"key11753994629522": "value-3"}
2025-07-31 20:43:50,892 INFO  [io.api.tes.ser.api.KafkaSerdesTester] (Thread-694) topic-ab0174a1_76e8_418b_a961_6f02f325b731 0 4 {"key11753994629522": "value-4"}
2025-07-31 20:43:50,892 INFO  [io.api.tes.ser.api.KafkaSerdesTester] (Thread-694) topic-ab0174a1_76e8_418b_a961_6f02f325b731 0 5 {"key11753994629522": "value-5"}
2025-07-31 20:43:50,892 INFO  [io.api.tes.ser.api.KafkaSerdesTester] (Thread-694) topic-ab0174a1_76e8_418b_a961_6f02f325b731 0 6 {"key11753994629522": "value-6"}
2025-07-31 20:43:50,892 INFO  [io.api.tes.ser.api.KafkaSerdesTester] (Thread-694) topic-ab0174a1_76e8_418b_a961_6f02f325b731 0 7 {"key11753994629522": "value-7"}
2025-07-31 20:43:50,892 INFO  [io.api.tes.ser.api.KafkaSerdesTester] (Thread-694) topic-ab0174a1_76e8_418b_a961_6f02f325b731 0 8 {"key11753994629522": "value-8"}
2025-07-31 20:43:50,892 INFO  [io.api.tes.ser.api.KafkaSerdesTester] (Thread-694) topic-ab0174a1_76e8_418b_a961_6f02f325b731 0 9 {"key11753994629522": "value-9"}
2025-07-31 20:43:50,892 INFO  [io.api.tes.ser.api.KafkaSerdesTester] (Thread-694) Consumed 10 messages
2025-07-31 20:43:50,898 INFO  [org.apa.kaf.cli.con.int.ConsumerRebalanceListenerInvoker] (Thread-694) [Consumer clientId=consumer-Consumer-topic-ab0174a1_76e8_418b_a961_6f02f325b731-13, groupId=Consumer-topic-ab0174a1_76e8_418b_a961_6f02f325b731] Revoke previously assigned partitions topic-ab0174a1_76e8_418b_a961_6f02f325b731-0
2025-07-31 20:43:50,898 INFO  [org.apa.kaf.cli.con.int.ConsumerCoordinator] (Thread-694) [Consumer clientId=consumer-Consumer-topic-ab0174a1_76e8_418b_a961_6f02f325b731-13, groupId=Consumer-topic-ab0174a1_76e8_418b_a961_6f02f325b731] Member consumer-Consumer-topic-ab0174a1_76e8_418b_a961_6f02f325b731-13-11e4ead9-1662-40fb-90e9-3c0bdb448f98 sending LeaveGroup request to coordinator localhost:32770 (id: 2147483647 rack: null) due to the consumer is being closed
2025-07-31 20:43:50,900 INFO  [org.apa.kaf.cli.con.int.ConsumerCoordinator] (Thread-694) [Consumer clientId=consumer-Consumer-topic-ab0174a1_76e8_418b_a961_6f02f325b731-13, groupId=Consumer-topic-ab0174a1_76e8_418b_a961_6f02f325b731] Resetting generation and member id due to: consumer pro-actively leaving the group
2025-07-31 20:43:50,900 INFO  [org.apa.kaf.cli.con.int.ConsumerCoordinator] (Thread-694) [Consumer clientId=consumer-Consumer-topic-ab0174a1_76e8_418b_a961_6f02f325b731-13, groupId=Consumer-topic-ab0174a1_76e8_418b_a961_6f02f325b731] Request joining group due to: consumer pro-actively leaving the group
2025-07-31 20:43:51,392 INFO  [org.apa.kaf.com.met.Metrics] (Thread-694) Metrics scheduler closed
2025-07-31 20:43:51,392 INFO  [org.apa.kaf.com.met.Metrics] (Thread-694) Closing reporter org.apache.kafka.common.metrics.JmxReporter
2025-07-31 20:43:51,392 INFO  [org.apa.kaf.com.met.Metrics] (Thread-694) Closing reporter org.apache.kafka.common.telemetry.internals.ClientTelemetryReporter
2025-07-31 20:43:51,392 INFO  [org.apa.kaf.com.met.Metrics] (Thread-694) Metrics reporters closed
2025-07-31 20:43:51,394 INFO  [org.apa.kaf.com.uti.AppInfoParser] (Thread-694) App info kafka.consumer for consumer-Consumer-topic-ab0174a1_76e8_418b_a961_6f02f325b731-13 unregistered
2025-07-31 20:43:51,394 INFO  [io.api.tes.uti.TestSeparator] (main) io.apicurio.tests.serdes.apicurio.AvroSerdeIT.testTopicRecordIdStrategydFindLatest-FINISHED
2025-07-31 20:43:51,394 INFO  [io.api.tes.uti.TestSeparator] (main) ############################################################################
Test passed: testTopicRecordIdStrategydFindLatest
]]></system-out>
  </testcase>
  <testcase name="testAvroConfluentForMultipleTopics" classname="io.apicurio.tests.serdes.apicurio.AvroSerdeIT" time="3.222">
    <system-out><![CDATA[2025-07-31 20:43:51,396 INFO  [io.api.tes.uti.TestSeparator] (main) ############################################################################
2025-07-31 20:43:51,396 INFO  [io.api.tes.uti.TestSeparator] (main) io.apicurio.tests.serdes.apicurio.AvroSerdeIT.testAvroConfluentForMultipleTopics-STARTED
2025-07-31 20:43:51,397 INFO  [io.api.tes.ser.api.AvroSerdeIT] (main) Registering Avro Schema: {"type":"record","name":"myrecordconfluent","fields":[{"name":"key11753994631396","type":"string"}]}
**** Registry Base URL: http://registry-app-kafkasql.apps.ci419.apicurio-testing.org:80
2025-07-31 20:43:52,501 INFO  [org.apa.kaf.cli.pro.ProducerConfig] (main) ProducerConfig values: 
	acks = -1
	auto.include.jmx.reporter = true
	batch.size = 16384
	bootstrap.servers = [PLAINTEXT://localhost:32770]
	buffer.memory = 33554432
	client.dns.lookup = use_all_dns_ips
	client.id = Producer-topic-eb771888_e2ee_42d1_a2b7_1874e55b9875
	compression.gzip.level = -1
	compression.lz4.level = 9
	compression.type = none
	compression.zstd.level = 3
	connections.max.idle.ms = 10000
	delivery.timeout.ms = 120000
	enable.idempotence = true
	enable.metrics.push = true
	interceptor.classes = []
	key.serializer = class org.apache.kafka.common.serialization.StringSerializer
	linger.ms = 0
	max.block.ms = 60000
	max.in.flight.requests.per.connection = 5
	max.request.size = 1048576
	metadata.max.age.ms = 300000
	metadata.max.idle.ms = 300000
	metadata.recovery.strategy = none
	metric.reporters = []
	metrics.num.samples = 2
	metrics.recording.level = INFO
	metrics.sample.window.ms = 30000
	partitioner.adaptive.partitioning.enable = true
	partitioner.availability.timeout.ms = 0
	partitioner.class = null
	partitioner.ignore.keys = false
	receive.buffer.bytes = 32768
	reconnect.backoff.max.ms = 1000
	reconnect.backoff.ms = 50
	request.timeout.ms = 5000
	retries = 2147483647
	retry.backoff.max.ms = 1000
	retry.backoff.ms = 100
	sasl.client.callback.handler.class = null
	sasl.jaas.config = null
	sasl.kerberos.kinit.cmd = /usr/bin/kinit
	sasl.kerberos.min.time.before.relogin = 60000
	sasl.kerberos.service.name = null
	sasl.kerberos.ticket.renew.jitter = 0.05
	sasl.kerberos.ticket.renew.window.factor = 0.8
	sasl.login.callback.handler.class = null
	sasl.login.class = null
	sasl.login.connect.timeout.ms = null
	sasl.login.read.timeout.ms = null
	sasl.login.refresh.buffer.seconds = 300
	sasl.login.refresh.min.period.seconds = 60
	sasl.login.refresh.window.factor = 0.8
	sasl.login.refresh.window.jitter = 0.05
	sasl.login.retry.backoff.max.ms = 10000
	sasl.login.retry.backoff.ms = 100
	sasl.mechanism = GSSAPI
	sasl.oauthbearer.clock.skew.seconds = 30
	sasl.oauthbearer.expected.audience = null
	sasl.oauthbearer.expected.issuer = null
	sasl.oauthbearer.header.urlencode = false
	sasl.oauthbearer.jwks.endpoint.refresh.ms = 3600000
	sasl.oauthbearer.jwks.endpoint.retry.backoff.max.ms = 10000
	sasl.oauthbearer.jwks.endpoint.retry.backoff.ms = 100
	sasl.oauthbearer.jwks.endpoint.url = null
	sasl.oauthbearer.scope.claim.name = scope
	sasl.oauthbearer.sub.claim.name = sub
	sasl.oauthbearer.token.endpoint.url = null
	security.protocol = PLAINTEXT
	security.providers = null
	send.buffer.bytes = 131072
	socket.connection.setup.timeout.max.ms = 30000
	socket.connection.setup.timeout.ms = 10000
	ssl.cipher.suites = null
	ssl.enabled.protocols = [TLSv1.2, TLSv1.3]
	ssl.endpoint.identification.algorithm = https
	ssl.engine.factory.class = null
	ssl.key.password = null
	ssl.keymanager.algorithm = SunX509
	ssl.keystore.certificate.chain = null
	ssl.keystore.key = null
	ssl.keystore.location = null
	ssl.keystore.password = null
	ssl.keystore.type = JKS
	ssl.protocol = TLSv1.3
	ssl.provider = null
	ssl.secure.random.implementation = null
	ssl.trustmanager.algorithm = PKIX
	ssl.truststore.certificates = null
	ssl.truststore.location = null
	ssl.truststore.password = null
	ssl.truststore.type = JKS
	transaction.timeout.ms = 60000
	transactional.id = null
	value.serializer = class io.apicurio.registry.serde.avro.AvroKafkaSerializer

2025-07-31 20:43:52,501 INFO  [org.apa.kaf.com.tel.int.KafkaMetricsCollector] (main) initializing Kafka metrics collector
2025-07-31 20:43:52,504 INFO  [org.apa.kaf.cli.pro.KafkaProducer] (main) [Producer clientId=Producer-topic-eb771888_e2ee_42d1_a2b7_1874e55b9875] Instantiated an idempotent producer.
2025-07-31 20:43:52,506 INFO  [org.apa.kaf.cli.pro.ProducerConfig] (main) These configurations '[apicurio.registry.url, apicurio.registry.artifact-resolver-strategy]' were supplied but are not used yet.
2025-07-31 20:43:52,506 INFO  [org.apa.kaf.com.uti.AppInfoParser] (main) Kafka version: 3.9.1
2025-07-31 20:43:52,506 INFO  [org.apa.kaf.com.uti.AppInfoParser] (main) Kafka commitId: f745dfdcee2b9851
2025-07-31 20:43:52,506 INFO  [org.apa.kaf.com.uti.AppInfoParser] (main) Kafka startTimeMs: 1753994632506
**** Registry Base URL: http://registry-app-kafkasql.apps.ci419.apicurio-testing.org:80
2025-07-31 20:43:52,507 INFO  [org.apa.kaf.cli.pro.ProducerConfig] (main) ProducerConfig values: 
	acks = -1
	auto.include.jmx.reporter = true
	batch.size = 16384
	bootstrap.servers = [PLAINTEXT://localhost:32770]
	buffer.memory = 33554432
	client.dns.lookup = use_all_dns_ips
	client.id = Producer-topic-a92c2b5e_e38d_4130_8fa5_e2f23dc8cc4c
	compression.gzip.level = -1
	compression.lz4.level = 9
	compression.type = none
	compression.zstd.level = 3
	connections.max.idle.ms = 10000
	delivery.timeout.ms = 120000
	enable.idempotence = true
	enable.metrics.push = true
	interceptor.classes = []
	key.serializer = class org.apache.kafka.common.serialization.StringSerializer
	linger.ms = 0
	max.block.ms = 60000
	max.in.flight.requests.per.connection = 5
	max.request.size = 1048576
	metadata.max.age.ms = 300000
	metadata.max.idle.ms = 300000
	metadata.recovery.strategy = none
	metric.reporters = []
	metrics.num.samples = 2
	metrics.recording.level = INFO
	metrics.sample.window.ms = 30000
	partitioner.adaptive.partitioning.enable = true
	partitioner.availability.timeout.ms = 0
	partitioner.class = null
	partitioner.ignore.keys = false
	receive.buffer.bytes = 32768
	reconnect.backoff.max.ms = 1000
	reconnect.backoff.ms = 50
	request.timeout.ms = 5000
	retries = 2147483647
	retry.backoff.max.ms = 1000
	retry.backoff.ms = 100
	sasl.client.callback.handler.class = null
	sasl.jaas.config = null
	sasl.kerberos.kinit.cmd = /usr/bin/kinit
	sasl.kerberos.min.time.before.relogin = 60000
	sasl.kerberos.service.name = null
	sasl.kerberos.ticket.renew.jitter = 0.05
	sasl.kerberos.ticket.renew.window.factor = 0.8
	sasl.login.callback.handler.class = null
	sasl.login.class = null
	sasl.login.connect.timeout.ms = null
	sasl.login.read.timeout.ms = null
	sasl.login.refresh.buffer.seconds = 300
	sasl.login.refresh.min.period.seconds = 60
	sasl.login.refresh.window.factor = 0.8
	sasl.login.refresh.window.jitter = 0.05
	sasl.login.retry.backoff.max.ms = 10000
	sasl.login.retry.backoff.ms = 100
	sasl.mechanism = GSSAPI
	sasl.oauthbearer.clock.skew.seconds = 30
	sasl.oauthbearer.expected.audience = null
	sasl.oauthbearer.expected.issuer = null
	sasl.oauthbearer.header.urlencode = false
	sasl.oauthbearer.jwks.endpoint.refresh.ms = 3600000
	sasl.oauthbearer.jwks.endpoint.retry.backoff.max.ms = 10000
	sasl.oauthbearer.jwks.endpoint.retry.backoff.ms = 100
	sasl.oauthbearer.jwks.endpoint.url = null
	sasl.oauthbearer.scope.claim.name = scope
	sasl.oauthbearer.sub.claim.name = sub
	sasl.oauthbearer.token.endpoint.url = null
	security.protocol = PLAINTEXT
	security.providers = null
	send.buffer.bytes = 131072
	socket.connection.setup.timeout.max.ms = 30000
	socket.connection.setup.timeout.ms = 10000
	ssl.cipher.suites = null
	ssl.enabled.protocols = [TLSv1.2, TLSv1.3]
	ssl.endpoint.identification.algorithm = https
	ssl.engine.factory.class = null
	ssl.key.password = null
	ssl.keymanager.algorithm = SunX509
	ssl.keystore.certificate.chain = null
	ssl.keystore.key = null
	ssl.keystore.location = null
	ssl.keystore.password = null
	ssl.keystore.type = JKS
	ssl.protocol = TLSv1.3
	ssl.provider = null
	ssl.secure.random.implementation = null
	ssl.trustmanager.algorithm = PKIX
	ssl.truststore.certificates = null
	ssl.truststore.location = null
	ssl.truststore.password = null
	ssl.truststore.type = JKS
	transaction.timeout.ms = 60000
	transactional.id = null
	value.serializer = class io.apicurio.registry.serde.avro.AvroKafkaSerializer

2025-07-31 20:43:52,507 INFO  [org.apa.kaf.com.tel.int.KafkaMetricsCollector] (main) initializing Kafka metrics collector
2025-07-31 20:43:52,512 INFO  [org.apa.kaf.cli.pro.KafkaProducer] (main) [Producer clientId=Producer-topic-a92c2b5e_e38d_4130_8fa5_e2f23dc8cc4c] Instantiated an idempotent producer.
2025-07-31 20:43:52,515 INFO  [org.apa.kaf.cli.Metadata] (kafka-producer-network-thread | Producer-topic-eb771888_e2ee_42d1_a2b7_1874e55b9875) [Producer clientId=Producer-topic-eb771888_e2ee_42d1_a2b7_1874e55b9875] Cluster ID: cdvAFU1gQSCWwJ-LEPQTSg
2025-07-31 20:43:52,515 INFO  [org.apa.kaf.cli.pro.int.TransactionManager] (kafka-producer-network-thread | Producer-topic-eb771888_e2ee_42d1_a2b7_1874e55b9875) [Producer clientId=Producer-topic-eb771888_e2ee_42d1_a2b7_1874e55b9875] ProducerId set to 19 with epoch 0
2025-07-31 20:43:52,516 INFO  [org.apa.kaf.cli.pro.ProducerConfig] (main) These configurations '[apicurio.registry.url, apicurio.registry.artifact-resolver-strategy]' were supplied but are not used yet.
2025-07-31 20:43:52,516 INFO  [org.apa.kaf.com.uti.AppInfoParser] (main) Kafka version: 3.9.1
2025-07-31 20:43:52,516 INFO  [org.apa.kaf.com.uti.AppInfoParser] (main) Kafka commitId: f745dfdcee2b9851
2025-07-31 20:43:52,516 INFO  [org.apa.kaf.com.uti.AppInfoParser] (main) Kafka startTimeMs: 1753994632516
**** Registry Base URL: http://registry-app-kafkasql.apps.ci419.apicurio-testing.org:80
2025-07-31 20:43:52,516 INFO  [org.apa.kaf.cli.pro.ProducerConfig] (main) ProducerConfig values: 
	acks = -1
	auto.include.jmx.reporter = true
	batch.size = 16384
	bootstrap.servers = [PLAINTEXT://localhost:32770]
	buffer.memory = 33554432
	client.dns.lookup = use_all_dns_ips
	client.id = Producer-topic-abea81e1_9dad_477f_a7be_b095b0228838
	compression.gzip.level = -1
	compression.lz4.level = 9
	compression.type = none
	compression.zstd.level = 3
	connections.max.idle.ms = 10000
	delivery.timeout.ms = 120000
	enable.idempotence = true
	enable.metrics.push = true
	interceptor.classes = []
	key.serializer = class org.apache.kafka.common.serialization.StringSerializer
	linger.ms = 0
	max.block.ms = 60000
	max.in.flight.requests.per.connection = 5
	max.request.size = 1048576
	metadata.max.age.ms = 300000
	metadata.max.idle.ms = 300000
	metadata.recovery.strategy = none
	metric.reporters = []
	metrics.num.samples = 2
	metrics.recording.level = INFO
	metrics.sample.window.ms = 30000
	partitioner.adaptive.partitioning.enable = true
	partitioner.availability.timeout.ms = 0
	partitioner.class = null
	partitioner.ignore.keys = false
	receive.buffer.bytes = 32768
	reconnect.backoff.max.ms = 1000
	reconnect.backoff.ms = 50
	request.timeout.ms = 5000
	retries = 2147483647
	retry.backoff.max.ms = 1000
	retry.backoff.ms = 100
	sasl.client.callback.handler.class = null
	sasl.jaas.config = null
	sasl.kerberos.kinit.cmd = /usr/bin/kinit
	sasl.kerberos.min.time.before.relogin = 60000
	sasl.kerberos.service.name = null
	sasl.kerberos.ticket.renew.jitter = 0.05
	sasl.kerberos.ticket.renew.window.factor = 0.8
	sasl.login.callback.handler.class = null
	sasl.login.class = null
	sasl.login.connect.timeout.ms = null
	sasl.login.read.timeout.ms = null
	sasl.login.refresh.buffer.seconds = 300
	sasl.login.refresh.min.period.seconds = 60
	sasl.login.refresh.window.factor = 0.8
	sasl.login.refresh.window.jitter = 0.05
	sasl.login.retry.backoff.max.ms = 10000
	sasl.login.retry.backoff.ms = 100
	sasl.mechanism = GSSAPI
	sasl.oauthbearer.clock.skew.seconds = 30
	sasl.oauthbearer.expected.audience = null
	sasl.oauthbearer.expected.issuer = null
	sasl.oauthbearer.header.urlencode = false
	sasl.oauthbearer.jwks.endpoint.refresh.ms = 3600000
	sasl.oauthbearer.jwks.endpoint.retry.backoff.max.ms = 10000
	sasl.oauthbearer.jwks.endpoint.retry.backoff.ms = 100
	sasl.oauthbearer.jwks.endpoint.url = null
	sasl.oauthbearer.scope.claim.name = scope
	sasl.oauthbearer.sub.claim.name = sub
	sasl.oauthbearer.token.endpoint.url = null
	security.protocol = PLAINTEXT
	security.providers = null
	send.buffer.bytes = 131072
	socket.connection.setup.timeout.max.ms = 30000
	socket.connection.setup.timeout.ms = 10000
	ssl.cipher.suites = null
	ssl.enabled.protocols = [TLSv1.2, TLSv1.3]
	ssl.endpoint.identification.algorithm = https
	ssl.engine.factory.class = null
	ssl.key.password = null
	ssl.keymanager.algorithm = SunX509
	ssl.keystore.certificate.chain = null
	ssl.keystore.key = null
	ssl.keystore.location = null
	ssl.keystore.password = null
	ssl.keystore.type = JKS
	ssl.protocol = TLSv1.3
	ssl.provider = null
	ssl.secure.random.implementation = null
	ssl.trustmanager.algorithm = PKIX
	ssl.truststore.certificates = null
	ssl.truststore.location = null
	ssl.truststore.password = null
	ssl.truststore.type = JKS
	transaction.timeout.ms = 60000
	transactional.id = null
	value.serializer = class io.apicurio.registry.serde.avro.AvroKafkaSerializer

2025-07-31 20:43:52,517 INFO  [org.apa.kaf.com.tel.int.KafkaMetricsCollector] (main) initializing Kafka metrics collector
2025-07-31 20:43:52,521 INFO  [org.apa.kaf.cli.Metadata] (kafka-producer-network-thread | Producer-topic-a92c2b5e_e38d_4130_8fa5_e2f23dc8cc4c) [Producer clientId=Producer-topic-a92c2b5e_e38d_4130_8fa5_e2f23dc8cc4c] Cluster ID: cdvAFU1gQSCWwJ-LEPQTSg
2025-07-31 20:43:52,521 INFO  [org.apa.kaf.cli.pro.int.TransactionManager] (kafka-producer-network-thread | Producer-topic-a92c2b5e_e38d_4130_8fa5_e2f23dc8cc4c) [Producer clientId=Producer-topic-a92c2b5e_e38d_4130_8fa5_e2f23dc8cc4c] ProducerId set to 20 with epoch 0
2025-07-31 20:43:52,523 INFO  [org.apa.kaf.cli.pro.KafkaProducer] (main) [Producer clientId=Producer-topic-abea81e1_9dad_477f_a7be_b095b0228838] Instantiated an idempotent producer.
2025-07-31 20:43:52,526 INFO  [org.apa.kaf.cli.pro.ProducerConfig] (main) These configurations '[apicurio.registry.url, apicurio.registry.artifact-resolver-strategy]' were supplied but are not used yet.
2025-07-31 20:43:52,526 INFO  [org.apa.kaf.com.uti.AppInfoParser] (main) Kafka version: 3.9.1
2025-07-31 20:43:52,526 INFO  [org.apa.kaf.com.uti.AppInfoParser] (main) Kafka commitId: f745dfdcee2b9851
2025-07-31 20:43:52,526 INFO  [org.apa.kaf.com.uti.AppInfoParser] (main) Kafka startTimeMs: 1753994632526
**** Registry Base URL: http://registry-app-kafkasql.apps.ci419.apicurio-testing.org:80
2025-07-31 20:43:52,527 INFO  [org.apa.kaf.cli.con.ConsumerConfig] (main) ConsumerConfig values: 
	allow.auto.create.topics = true
	auto.commit.interval.ms = 500
	auto.include.jmx.reporter = true
	auto.offset.reset = earliest
	bootstrap.servers = [PLAINTEXT://localhost:32770]
	check.crcs = true
	client.dns.lookup = use_all_dns_ips
	client.id = consumer-Consumer-topic-eb771888_e2ee_42d1_a2b7_1874e55b9875-14
	client.rack = 
	connections.max.idle.ms = 10000
	default.api.timeout.ms = 60000
	enable.auto.commit = true
	enable.metrics.push = true
	exclude.internal.topics = true
	fetch.max.bytes = 52428800
	fetch.max.wait.ms = 500
	fetch.min.bytes = 1
	group.id = Consumer-topic-eb771888_e2ee_42d1_a2b7_1874e55b9875
	group.instance.id = null
	group.protocol = classic
	group.remote.assignor = null
	heartbeat.interval.ms = 3000
	interceptor.classes = []
	internal.leave.group.on.close = true
	internal.throw.on.fetch.stable.offset.unsupported = false
	isolation.level = read_uncommitted
	key.deserializer = class org.apache.kafka.common.serialization.StringDeserializer
	max.partition.fetch.bytes = 1048576
	max.poll.interval.ms = 300000
	max.poll.records = 500
	metadata.max.age.ms = 300000
	metadata.recovery.strategy = none
	metric.reporters = []
	metrics.num.samples = 2
	metrics.recording.level = INFO
	metrics.sample.window.ms = 30000
	partition.assignment.strategy = [class org.apache.kafka.clients.consumer.RangeAssignor, class org.apache.kafka.clients.consumer.CooperativeStickyAssignor]
	receive.buffer.bytes = 65536
	reconnect.backoff.max.ms = 1000
	reconnect.backoff.ms = 50
	request.timeout.ms = 5000
	retry.backoff.max.ms = 1000
	retry.backoff.ms = 100
	sasl.client.callback.handler.class = null
	sasl.jaas.config = null
	sasl.kerberos.kinit.cmd = /usr/bin/kinit
	sasl.kerberos.min.time.before.relogin = 60000
	sasl.kerberos.service.name = null
	sasl.kerberos.ticket.renew.jitter = 0.05
	sasl.kerberos.ticket.renew.window.factor = 0.8
	sasl.login.callback.handler.class = null
	sasl.login.class = null
	sasl.login.connect.timeout.ms = null
	sasl.login.read.timeout.ms = null
	sasl.login.refresh.buffer.seconds = 300
	sasl.login.refresh.min.period.seconds = 60
	sasl.login.refresh.window.factor = 0.8
	sasl.login.refresh.window.jitter = 0.05
	sasl.login.retry.backoff.max.ms = 10000
	sasl.login.retry.backoff.ms = 100
	sasl.mechanism = GSSAPI
	sasl.oauthbearer.clock.skew.seconds = 30
	sasl.oauthbearer.expected.audience = null
	sasl.oauthbearer.expected.issuer = null
	sasl.oauthbearer.header.urlencode = false
	sasl.oauthbearer.jwks.endpoint.refresh.ms = 3600000
	sasl.oauthbearer.jwks.endpoint.retry.backoff.max.ms = 10000
	sasl.oauthbearer.jwks.endpoint.retry.backoff.ms = 100
	sasl.oauthbearer.jwks.endpoint.url = null
	sasl.oauthbearer.scope.claim.name = scope
	sasl.oauthbearer.sub.claim.name = sub
	sasl.oauthbearer.token.endpoint.url = null
	security.protocol = PLAINTEXT
	security.providers = null
	send.buffer.bytes = 131072
	session.timeout.ms = 45000
	socket.connection.setup.timeout.max.ms = 30000
	socket.connection.setup.timeout.ms = 10000
	ssl.cipher.suites = null
	ssl.enabled.protocols = [TLSv1.2, TLSv1.3]
	ssl.endpoint.identification.algorithm = https
	ssl.engine.factory.class = null
	ssl.key.password = null
	ssl.keymanager.algorithm = SunX509
	ssl.keystore.certificate.chain = null
	ssl.keystore.key = null
	ssl.keystore.location = null
	ssl.keystore.password = null
	ssl.keystore.type = JKS
	ssl.protocol = TLSv1.3
	ssl.provider = null
	ssl.secure.random.implementation = null
	ssl.trustmanager.algorithm = PKIX
	ssl.truststore.certificates = null
	ssl.truststore.location = null
	ssl.truststore.password = null
	ssl.truststore.type = JKS
	value.deserializer = class io.apicurio.registry.serde.avro.AvroKafkaDeserializer

2025-07-31 20:43:52,527 INFO  [org.apa.kaf.com.tel.int.KafkaMetricsCollector] (main) initializing Kafka metrics collector
2025-07-31 20:43:52,532 INFO  [org.apa.kaf.cli.Metadata] (kafka-producer-network-thread | Producer-topic-abea81e1_9dad_477f_a7be_b095b0228838) [Producer clientId=Producer-topic-abea81e1_9dad_477f_a7be_b095b0228838] Cluster ID: cdvAFU1gQSCWwJ-LEPQTSg
2025-07-31 20:43:52,532 INFO  [org.apa.kaf.cli.pro.int.TransactionManager] (kafka-producer-network-thread | Producer-topic-abea81e1_9dad_477f_a7be_b095b0228838) [Producer clientId=Producer-topic-abea81e1_9dad_477f_a7be_b095b0228838] ProducerId set to 21 with epoch 0
2025-07-31 20:43:52,539 INFO  [org.apa.kaf.cli.con.ConsumerConfig] (main) These configurations '[apicurio.registry.url]' were supplied but are not used yet.
2025-07-31 20:43:52,539 INFO  [org.apa.kaf.com.uti.AppInfoParser] (main) Kafka version: 3.9.1
2025-07-31 20:43:52,539 INFO  [org.apa.kaf.com.uti.AppInfoParser] (main) Kafka commitId: f745dfdcee2b9851
2025-07-31 20:43:52,539 INFO  [org.apa.kaf.com.uti.AppInfoParser] (main) Kafka startTimeMs: 1753994632539
**** Registry Base URL: http://registry-app-kafkasql.apps.ci419.apicurio-testing.org:80
2025-07-31 20:43:52,540 INFO  [org.apa.kaf.cli.con.ConsumerConfig] (main) ConsumerConfig values: 
	allow.auto.create.topics = true
	auto.commit.interval.ms = 500
	auto.include.jmx.reporter = true
	auto.offset.reset = earliest
	bootstrap.servers = [PLAINTEXT://localhost:32770]
	check.crcs = true
	client.dns.lookup = use_all_dns_ips
	client.id = consumer-Consumer-topic-a92c2b5e_e38d_4130_8fa5_e2f23dc8cc4c-15
	client.rack = 
	connections.max.idle.ms = 10000
	default.api.timeout.ms = 60000
	enable.auto.commit = true
	enable.metrics.push = true
	exclude.internal.topics = true
	fetch.max.bytes = 52428800
	fetch.max.wait.ms = 500
	fetch.min.bytes = 1
	group.id = Consumer-topic-a92c2b5e_e38d_4130_8fa5_e2f23dc8cc4c
	group.instance.id = null
	group.protocol = classic
	group.remote.assignor = null
	heartbeat.interval.ms = 3000
	interceptor.classes = []
	internal.leave.group.on.close = true
	internal.throw.on.fetch.stable.offset.unsupported = false
	isolation.level = read_uncommitted
	key.deserializer = class org.apache.kafka.common.serialization.StringDeserializer
	max.partition.fetch.bytes = 1048576
	max.poll.interval.ms = 300000
	max.poll.records = 500
	metadata.max.age.ms = 300000
	metadata.recovery.strategy = none
	metric.reporters = []
	metrics.num.samples = 2
	metrics.recording.level = INFO
	metrics.sample.window.ms = 30000
	partition.assignment.strategy = [class org.apache.kafka.clients.consumer.RangeAssignor, class org.apache.kafka.clients.consumer.CooperativeStickyAssignor]
	receive.buffer.bytes = 65536
	reconnect.backoff.max.ms = 1000
	reconnect.backoff.ms = 50
	request.timeout.ms = 5000
	retry.backoff.max.ms = 1000
	retry.backoff.ms = 100
	sasl.client.callback.handler.class = null
	sasl.jaas.config = null
	sasl.kerberos.kinit.cmd = /usr/bin/kinit
	sasl.kerberos.min.time.before.relogin = 60000
	sasl.kerberos.service.name = null
	sasl.kerberos.ticket.renew.jitter = 0.05
	sasl.kerberos.ticket.renew.window.factor = 0.8
	sasl.login.callback.handler.class = null
	sasl.login.class = null
	sasl.login.connect.timeout.ms = null
	sasl.login.read.timeout.ms = null
	sasl.login.refresh.buffer.seconds = 300
	sasl.login.refresh.min.period.seconds = 60
	sasl.login.refresh.window.factor = 0.8
	sasl.login.refresh.window.jitter = 0.05
	sasl.login.retry.backoff.max.ms = 10000
	sasl.login.retry.backoff.ms = 100
	sasl.mechanism = GSSAPI
	sasl.oauthbearer.clock.skew.seconds = 30
	sasl.oauthbearer.expected.audience = null
	sasl.oauthbearer.expected.issuer = null
	sasl.oauthbearer.header.urlencode = false
	sasl.oauthbearer.jwks.endpoint.refresh.ms = 3600000
	sasl.oauthbearer.jwks.endpoint.retry.backoff.max.ms = 10000
	sasl.oauthbearer.jwks.endpoint.retry.backoff.ms = 100
	sasl.oauthbearer.jwks.endpoint.url = null
	sasl.oauthbearer.scope.claim.name = scope
	sasl.oauthbearer.sub.claim.name = sub
	sasl.oauthbearer.token.endpoint.url = null
	security.protocol = PLAINTEXT
	security.providers = null
	send.buffer.bytes = 131072
	session.timeout.ms = 45000
	socket.connection.setup.timeout.max.ms = 30000
	socket.connection.setup.timeout.ms = 10000
	ssl.cipher.suites = null
	ssl.enabled.protocols = [TLSv1.2, TLSv1.3]
	ssl.endpoint.identification.algorithm = https
	ssl.engine.factory.class = null
	ssl.key.password = null
	ssl.keymanager.algorithm = SunX509
	ssl.keystore.certificate.chain = null
	ssl.keystore.key = null
	ssl.keystore.location = null
	ssl.keystore.password = null
	ssl.keystore.type = JKS
	ssl.protocol = TLSv1.3
	ssl.provider = null
	ssl.secure.random.implementation = null
	ssl.trustmanager.algorithm = PKIX
	ssl.truststore.certificates = null
	ssl.truststore.location = null
	ssl.truststore.password = null
	ssl.truststore.type = JKS
	value.deserializer = class io.apicurio.registry.serde.avro.AvroKafkaDeserializer

2025-07-31 20:43:52,540 INFO  [org.apa.kaf.com.tel.int.KafkaMetricsCollector] (main) initializing Kafka metrics collector
2025-07-31 20:43:52,545 INFO  [org.apa.kaf.cli.con.ConsumerConfig] (main) These configurations '[apicurio.registry.url]' were supplied but are not used yet.
2025-07-31 20:43:52,545 INFO  [org.apa.kaf.com.uti.AppInfoParser] (main) Kafka version: 3.9.1
2025-07-31 20:43:52,545 INFO  [org.apa.kaf.com.uti.AppInfoParser] (main) Kafka commitId: f745dfdcee2b9851
2025-07-31 20:43:52,545 INFO  [org.apa.kaf.com.uti.AppInfoParser] (main) Kafka startTimeMs: 1753994632545
**** Registry Base URL: http://registry-app-kafkasql.apps.ci419.apicurio-testing.org:80
2025-07-31 20:43:52,545 INFO  [org.apa.kaf.cli.con.ConsumerConfig] (main) ConsumerConfig values: 
	allow.auto.create.topics = true
	auto.commit.interval.ms = 500
	auto.include.jmx.reporter = true
	auto.offset.reset = earliest
	bootstrap.servers = [PLAINTEXT://localhost:32770]
	check.crcs = true
	client.dns.lookup = use_all_dns_ips
	client.id = consumer-Consumer-topic-abea81e1_9dad_477f_a7be_b095b0228838-16
	client.rack = 
	connections.max.idle.ms = 10000
	default.api.timeout.ms = 60000
	enable.auto.commit = true
	enable.metrics.push = true
	exclude.internal.topics = true
	fetch.max.bytes = 52428800
	fetch.max.wait.ms = 500
	fetch.min.bytes = 1
	group.id = Consumer-topic-abea81e1_9dad_477f_a7be_b095b0228838
	group.instance.id = null
	group.protocol = classic
	group.remote.assignor = null
	heartbeat.interval.ms = 3000
	interceptor.classes = []
	internal.leave.group.on.close = true
	internal.throw.on.fetch.stable.offset.unsupported = false
	isolation.level = read_uncommitted
	key.deserializer = class org.apache.kafka.common.serialization.StringDeserializer
	max.partition.fetch.bytes = 1048576
	max.poll.interval.ms = 300000
	max.poll.records = 500
	metadata.max.age.ms = 300000
	metadata.recovery.strategy = none
	metric.reporters = []
	metrics.num.samples = 2
	metrics.recording.level = INFO
	metrics.sample.window.ms = 30000
	partition.assignment.strategy = [class org.apache.kafka.clients.consumer.RangeAssignor, class org.apache.kafka.clients.consumer.CooperativeStickyAssignor]
	receive.buffer.bytes = 65536
	reconnect.backoff.max.ms = 1000
	reconnect.backoff.ms = 50
	request.timeout.ms = 5000
	retry.backoff.max.ms = 1000
	retry.backoff.ms = 100
	sasl.client.callback.handler.class = null
	sasl.jaas.config = null
	sasl.kerberos.kinit.cmd = /usr/bin/kinit
	sasl.kerberos.min.time.before.relogin = 60000
	sasl.kerberos.service.name = null
	sasl.kerberos.ticket.renew.jitter = 0.05
	sasl.kerberos.ticket.renew.window.factor = 0.8
	sasl.login.callback.handler.class = null
	sasl.login.class = null
	sasl.login.connect.timeout.ms = null
	sasl.login.read.timeout.ms = null
	sasl.login.refresh.buffer.seconds = 300
	sasl.login.refresh.min.period.seconds = 60
	sasl.login.refresh.window.factor = 0.8
	sasl.login.refresh.window.jitter = 0.05
	sasl.login.retry.backoff.max.ms = 10000
	sasl.login.retry.backoff.ms = 100
	sasl.mechanism = GSSAPI
	sasl.oauthbearer.clock.skew.seconds = 30
	sasl.oauthbearer.expected.audience = null
	sasl.oauthbearer.expected.issuer = null
	sasl.oauthbearer.header.urlencode = false
	sasl.oauthbearer.jwks.endpoint.refresh.ms = 3600000
	sasl.oauthbearer.jwks.endpoint.retry.backoff.max.ms = 10000
	sasl.oauthbearer.jwks.endpoint.retry.backoff.ms = 100
	sasl.oauthbearer.jwks.endpoint.url = null
	sasl.oauthbearer.scope.claim.name = scope
	sasl.oauthbearer.sub.claim.name = sub
	sasl.oauthbearer.token.endpoint.url = null
	security.protocol = PLAINTEXT
	security.providers = null
	send.buffer.bytes = 131072
	session.timeout.ms = 45000
	socket.connection.setup.timeout.max.ms = 30000
	socket.connection.setup.timeout.ms = 10000
	ssl.cipher.suites = null
	ssl.enabled.protocols = [TLSv1.2, TLSv1.3]
	ssl.endpoint.identification.algorithm = https
	ssl.engine.factory.class = null
	ssl.key.password = null
	ssl.keymanager.algorithm = SunX509
	ssl.keystore.certificate.chain = null
	ssl.keystore.key = null
	ssl.keystore.location = null
	ssl.keystore.password = null
	ssl.keystore.type = JKS
	ssl.protocol = TLSv1.3
	ssl.provider = null
	ssl.secure.random.implementation = null
	ssl.trustmanager.algorithm = PKIX
	ssl.truststore.certificates = null
	ssl.truststore.location = null
	ssl.truststore.password = null
	ssl.truststore.type = JKS
	value.deserializer = class io.apicurio.registry.serde.avro.AvroKafkaDeserializer

2025-07-31 20:43:52,545 INFO  [org.apa.kaf.com.tel.int.KafkaMetricsCollector] (main) initializing Kafka metrics collector
2025-07-31 20:43:52,554 INFO  [org.apa.kaf.cli.con.ConsumerConfig] (main) These configurations '[apicurio.registry.url]' were supplied but are not used yet.
2025-07-31 20:43:52,554 INFO  [org.apa.kaf.com.uti.AppInfoParser] (main) Kafka version: 3.9.1
2025-07-31 20:43:52,554 INFO  [org.apa.kaf.com.uti.AppInfoParser] (main) Kafka commitId: f745dfdcee2b9851
2025-07-31 20:43:52,554 INFO  [org.apa.kaf.com.uti.AppInfoParser] (main) Kafka startTimeMs: 1753994632554
2025-07-31 20:43:52,558 INFO  [io.api.tes.ser.api.KafkaSerdesTester] (Thread-707) Sending message {"key11753994631396": "value-0"} to topic topic-eb771888_e2ee_42d1_a2b7_1874e55b9875
2025-07-31 20:43:52,566 INFO  [DefaultSchemaResolver] (Thread-707) Retrieving schema content using string: {"type":"record","name":"myrecordconfluent","fields":[{"name":"key11753994631396","type":"string"}]}
2025-07-31 20:43:52,626 INFO  [io.api.tes.ser.api.KafkaSerdesTester] (Thread-707) Sending message {"key11753994631396": "value-1"} to topic topic-eb771888_e2ee_42d1_a2b7_1874e55b9875
2025-07-31 20:43:52,628 INFO  [io.api.tes.ser.api.KafkaSerdesTester] (Thread-707) Sending message {"key11753994631396": "value-2"} to topic topic-eb771888_e2ee_42d1_a2b7_1874e55b9875
2025-07-31 20:43:52,630 INFO  [io.api.tes.ser.api.KafkaSerdesTester] (Thread-707) Sending message {"key11753994631396": "value-3"} to topic topic-eb771888_e2ee_42d1_a2b7_1874e55b9875
2025-07-31 20:43:52,632 INFO  [io.api.tes.ser.api.KafkaSerdesTester] (Thread-707) Sending message {"key11753994631396": "value-4"} to topic topic-eb771888_e2ee_42d1_a2b7_1874e55b9875
2025-07-31 20:43:52,635 INFO  [io.api.tes.ser.api.KafkaSerdesTester] (Thread-707) Sending message {"key11753994631396": "value-5"} to topic topic-eb771888_e2ee_42d1_a2b7_1874e55b9875
2025-07-31 20:43:52,637 INFO  [io.api.tes.ser.api.KafkaSerdesTester] (Thread-707) Sending message {"key11753994631396": "value-6"} to topic topic-eb771888_e2ee_42d1_a2b7_1874e55b9875
2025-07-31 20:43:52,638 INFO  [io.api.tes.ser.api.KafkaSerdesTester] (Thread-707) Sending message {"key11753994631396": "value-7"} to topic topic-eb771888_e2ee_42d1_a2b7_1874e55b9875
2025-07-31 20:43:52,639 INFO  [io.api.tes.ser.api.KafkaSerdesTester] (Thread-707) Sending message {"key11753994631396": "value-8"} to topic topic-eb771888_e2ee_42d1_a2b7_1874e55b9875
2025-07-31 20:43:52,640 INFO  [io.api.tes.ser.api.KafkaSerdesTester] (Thread-707) Sending message {"key11753994631396": "value-9"} to topic topic-eb771888_e2ee_42d1_a2b7_1874e55b9875
2025-07-31 20:43:52,641 INFO  [io.api.tes.ser.api.KafkaSerdesTester] (Thread-707) Produced 10 messages
2025-07-31 20:43:52,641 INFO  [org.apa.kaf.cli.pro.KafkaProducer] (Thread-707) [Producer clientId=Producer-topic-eb771888_e2ee_42d1_a2b7_1874e55b9875] Closing the Kafka producer with timeoutMillis = 9223372036854775807 ms.
2025-07-31 20:43:52,643 INFO  [org.apa.kaf.com.met.Metrics] (Thread-707) Metrics scheduler closed
2025-07-31 20:43:52,643 INFO  [org.apa.kaf.com.met.Metrics] (Thread-707) Closing reporter org.apache.kafka.common.metrics.JmxReporter
2025-07-31 20:43:52,644 INFO  [org.apa.kaf.com.met.Metrics] (Thread-707) Closing reporter org.apache.kafka.common.telemetry.internals.ClientTelemetryReporter
2025-07-31 20:43:52,644 INFO  [org.apa.kaf.com.met.Metrics] (Thread-707) Metrics reporters closed
2025-07-31 20:43:52,644 INFO  [org.apa.kaf.com.uti.AppInfoParser] (Thread-707) App info kafka.producer for Producer-topic-eb771888_e2ee_42d1_a2b7_1874e55b9875 unregistered
2025-07-31 20:43:52,645 INFO  [io.api.tes.ser.api.KafkaSerdesTester] (Thread-708) Sending message {"key11753994631396": "value-0"} to topic topic-a92c2b5e_e38d_4130_8fa5_e2f23dc8cc4c
2025-07-31 20:43:52,655 INFO  [DefaultSchemaResolver] (Thread-708) Retrieving schema content using string: {"type":"record","name":"myrecordconfluent","fields":[{"name":"key11753994631396","type":"string"}]}
2025-07-31 20:43:52,710 INFO  [io.api.tes.ser.api.KafkaSerdesTester] (Thread-708) Sending message {"key11753994631396": "value-1"} to topic topic-a92c2b5e_e38d_4130_8fa5_e2f23dc8cc4c
2025-07-31 20:43:52,712 INFO  [io.api.tes.ser.api.KafkaSerdesTester] (Thread-708) Sending message {"key11753994631396": "value-2"} to topic topic-a92c2b5e_e38d_4130_8fa5_e2f23dc8cc4c
2025-07-31 20:43:52,715 INFO  [io.api.tes.ser.api.KafkaSerdesTester] (Thread-708) Sending message {"key11753994631396": "value-3"} to topic topic-a92c2b5e_e38d_4130_8fa5_e2f23dc8cc4c
2025-07-31 20:43:52,716 INFO  [io.api.tes.ser.api.KafkaSerdesTester] (Thread-708) Sending message {"key11753994631396": "value-4"} to topic topic-a92c2b5e_e38d_4130_8fa5_e2f23dc8cc4c
2025-07-31 20:43:52,719 INFO  [io.api.tes.ser.api.KafkaSerdesTester] (Thread-708) Sending message {"key11753994631396": "value-5"} to topic topic-a92c2b5e_e38d_4130_8fa5_e2f23dc8cc4c
2025-07-31 20:43:52,721 INFO  [io.api.tes.ser.api.KafkaSerdesTester] (Thread-708) Sending message {"key11753994631396": "value-6"} to topic topic-a92c2b5e_e38d_4130_8fa5_e2f23dc8cc4c
2025-07-31 20:43:52,723 INFO  [io.api.tes.ser.api.KafkaSerdesTester] (Thread-708) Sending message {"key11753994631396": "value-7"} to topic topic-a92c2b5e_e38d_4130_8fa5_e2f23dc8cc4c
2025-07-31 20:43:52,724 INFO  [io.api.tes.ser.api.KafkaSerdesTester] (Thread-708) Sending message {"key11753994631396": "value-8"} to topic topic-a92c2b5e_e38d_4130_8fa5_e2f23dc8cc4c
2025-07-31 20:43:52,725 INFO  [io.api.tes.ser.api.KafkaSerdesTester] (Thread-708) Sending message {"key11753994631396": "value-9"} to topic topic-a92c2b5e_e38d_4130_8fa5_e2f23dc8cc4c
2025-07-31 20:43:52,728 INFO  [io.api.tes.ser.api.KafkaSerdesTester] (Thread-708) Produced 10 messages
2025-07-31 20:43:52,728 INFO  [org.apa.kaf.cli.pro.KafkaProducer] (Thread-708) [Producer clientId=Producer-topic-a92c2b5e_e38d_4130_8fa5_e2f23dc8cc4c] Closing the Kafka producer with timeoutMillis = 9223372036854775807 ms.
2025-07-31 20:43:52,730 INFO  [org.apa.kaf.com.met.Metrics] (Thread-708) Metrics scheduler closed
2025-07-31 20:43:52,730 INFO  [org.apa.kaf.com.met.Metrics] (Thread-708) Closing reporter org.apache.kafka.common.metrics.JmxReporter
2025-07-31 20:43:52,730 INFO  [org.apa.kaf.com.met.Metrics] (Thread-708) Closing reporter org.apache.kafka.common.telemetry.internals.ClientTelemetryReporter
2025-07-31 20:43:52,730 INFO  [org.apa.kaf.com.met.Metrics] (Thread-708) Metrics reporters closed
2025-07-31 20:43:52,731 INFO  [org.apa.kaf.com.uti.AppInfoParser] (Thread-708) App info kafka.producer for Producer-topic-a92c2b5e_e38d_4130_8fa5_e2f23dc8cc4c unregistered
2025-07-31 20:43:52,733 INFO  [io.api.tes.ser.api.KafkaSerdesTester] (Thread-709) Sending message {"key11753994631396": "value-0"} to topic topic-abea81e1_9dad_477f_a7be_b095b0228838
2025-07-31 20:43:52,741 INFO  [DefaultSchemaResolver] (Thread-709) Retrieving schema content using string: {"type":"record","name":"myrecordconfluent","fields":[{"name":"key11753994631396","type":"string"}]}
2025-07-31 20:43:52,793 INFO  [io.api.tes.ser.api.KafkaSerdesTester] (Thread-709) Sending message {"key11753994631396": "value-1"} to topic topic-abea81e1_9dad_477f_a7be_b095b0228838
2025-07-31 20:43:52,795 INFO  [io.api.tes.ser.api.KafkaSerdesTester] (Thread-709) Sending message {"key11753994631396": "value-2"} to topic topic-abea81e1_9dad_477f_a7be_b095b0228838
2025-07-31 20:43:52,796 INFO  [io.api.tes.ser.api.KafkaSerdesTester] (Thread-709) Sending message {"key11753994631396": "value-3"} to topic topic-abea81e1_9dad_477f_a7be_b095b0228838
2025-07-31 20:43:52,797 INFO  [io.api.tes.ser.api.KafkaSerdesTester] (Thread-709) Sending message {"key11753994631396": "value-4"} to topic topic-abea81e1_9dad_477f_a7be_b095b0228838
2025-07-31 20:43:52,798 INFO  [io.api.tes.ser.api.KafkaSerdesTester] (Thread-709) Sending message {"key11753994631396": "value-5"} to topic topic-abea81e1_9dad_477f_a7be_b095b0228838
2025-07-31 20:43:52,799 INFO  [io.api.tes.ser.api.KafkaSerdesTester] (Thread-709) Sending message {"key11753994631396": "value-6"} to topic topic-abea81e1_9dad_477f_a7be_b095b0228838
2025-07-31 20:43:52,803 INFO  [io.api.tes.ser.api.KafkaSerdesTester] (Thread-709) Sending message {"key11753994631396": "value-7"} to topic topic-abea81e1_9dad_477f_a7be_b095b0228838
2025-07-31 20:43:52,805 INFO  [io.api.tes.ser.api.KafkaSerdesTester] (Thread-709) Sending message {"key11753994631396": "value-8"} to topic topic-abea81e1_9dad_477f_a7be_b095b0228838
2025-07-31 20:43:52,806 INFO  [io.api.tes.ser.api.KafkaSerdesTester] (Thread-709) Sending message {"key11753994631396": "value-9"} to topic topic-abea81e1_9dad_477f_a7be_b095b0228838
2025-07-31 20:43:52,808 INFO  [io.api.tes.ser.api.KafkaSerdesTester] (Thread-709) Produced 10 messages
2025-07-31 20:43:52,808 INFO  [org.apa.kaf.cli.pro.KafkaProducer] (Thread-709) [Producer clientId=Producer-topic-abea81e1_9dad_477f_a7be_b095b0228838] Closing the Kafka producer with timeoutMillis = 9223372036854775807 ms.
2025-07-31 20:43:52,810 INFO  [org.apa.kaf.com.met.Metrics] (Thread-709) Metrics scheduler closed
2025-07-31 20:43:52,810 INFO  [org.apa.kaf.com.met.Metrics] (Thread-709) Closing reporter org.apache.kafka.common.metrics.JmxReporter
2025-07-31 20:43:52,810 INFO  [org.apa.kaf.com.met.Metrics] (Thread-709) Closing reporter org.apache.kafka.common.telemetry.internals.ClientTelemetryReporter
2025-07-31 20:43:52,810 INFO  [org.apa.kaf.com.met.Metrics] (Thread-709) Metrics reporters closed
2025-07-31 20:43:52,810 INFO  [org.apa.kaf.com.uti.AppInfoParser] (Thread-709) App info kafka.producer for Producer-topic-abea81e1_9dad_477f_a7be_b095b0228838 unregistered
2025-07-31 20:43:52,811 INFO  [org.apa.kaf.cli.con.int.ClassicKafkaConsumer] (Thread-710) [Consumer clientId=consumer-Consumer-topic-eb771888_e2ee_42d1_a2b7_1874e55b9875-14, groupId=Consumer-topic-eb771888_e2ee_42d1_a2b7_1874e55b9875] Subscribed to topic(s): topic-eb771888_e2ee_42d1_a2b7_1874e55b9875
2025-07-31 20:43:52,816 INFO  [org.apa.kaf.cli.Metadata] (Thread-710) [Consumer clientId=consumer-Consumer-topic-eb771888_e2ee_42d1_a2b7_1874e55b9875-14, groupId=Consumer-topic-eb771888_e2ee_42d1_a2b7_1874e55b9875] Cluster ID: cdvAFU1gQSCWwJ-LEPQTSg
2025-07-31 20:43:52,816 INFO  [org.apa.kaf.cli.con.int.ConsumerCoordinator] (Thread-710) [Consumer clientId=consumer-Consumer-topic-eb771888_e2ee_42d1_a2b7_1874e55b9875-14, groupId=Consumer-topic-eb771888_e2ee_42d1_a2b7_1874e55b9875] Discovered group coordinator localhost:32770 (id: 2147483647 rack: null)
2025-07-31 20:43:52,818 INFO  [org.apa.kaf.cli.con.int.ConsumerCoordinator] (Thread-710) [Consumer clientId=consumer-Consumer-topic-eb771888_e2ee_42d1_a2b7_1874e55b9875-14, groupId=Consumer-topic-eb771888_e2ee_42d1_a2b7_1874e55b9875] (Re-)joining group
2025-07-31 20:43:52,821 INFO  [org.apa.kaf.cli.con.int.ConsumerCoordinator] (Thread-710) [Consumer clientId=consumer-Consumer-topic-eb771888_e2ee_42d1_a2b7_1874e55b9875-14, groupId=Consumer-topic-eb771888_e2ee_42d1_a2b7_1874e55b9875] Request joining group due to: need to re-join with the given member-id: consumer-Consumer-topic-eb771888_e2ee_42d1_a2b7_1874e55b9875-14-c625380d-3717-4e57-8a7b-70891efa3d32
2025-07-31 20:43:52,821 INFO  [org.apa.kaf.cli.con.int.ConsumerCoordinator] (Thread-710) [Consumer clientId=consumer-Consumer-topic-eb771888_e2ee_42d1_a2b7_1874e55b9875-14, groupId=Consumer-topic-eb771888_e2ee_42d1_a2b7_1874e55b9875] (Re-)joining group
2025-07-31 20:43:52,823 INFO  [org.apa.kaf.cli.con.int.ConsumerCoordinator] (Thread-710) [Consumer clientId=consumer-Consumer-topic-eb771888_e2ee_42d1_a2b7_1874e55b9875-14, groupId=Consumer-topic-eb771888_e2ee_42d1_a2b7_1874e55b9875] Successfully joined group with generation Generation{generationId=1, memberId='consumer-Consumer-topic-eb771888_e2ee_42d1_a2b7_1874e55b9875-14-c625380d-3717-4e57-8a7b-70891efa3d32', protocol='range'}
2025-07-31 20:43:52,823 INFO  [org.apa.kaf.cli.con.int.ConsumerCoordinator] (Thread-710) [Consumer clientId=consumer-Consumer-topic-eb771888_e2ee_42d1_a2b7_1874e55b9875-14, groupId=Consumer-topic-eb771888_e2ee_42d1_a2b7_1874e55b9875] Finished assignment for group at generation 1: {consumer-Consumer-topic-eb771888_e2ee_42d1_a2b7_1874e55b9875-14-c625380d-3717-4e57-8a7b-70891efa3d32=Assignment(partitions=[topic-eb771888_e2ee_42d1_a2b7_1874e55b9875-0])}
2025-07-31 20:43:52,825 INFO  [org.apa.kaf.cli.con.int.ConsumerCoordinator] (Thread-710) [Consumer clientId=consumer-Consumer-topic-eb771888_e2ee_42d1_a2b7_1874e55b9875-14, groupId=Consumer-topic-eb771888_e2ee_42d1_a2b7_1874e55b9875] Successfully synced group in generation Generation{generationId=1, memberId='consumer-Consumer-topic-eb771888_e2ee_42d1_a2b7_1874e55b9875-14-c625380d-3717-4e57-8a7b-70891efa3d32', protocol='range'}
2025-07-31 20:43:52,825 INFO  [org.apa.kaf.cli.con.int.ConsumerCoordinator] (Thread-710) [Consumer clientId=consumer-Consumer-topic-eb771888_e2ee_42d1_a2b7_1874e55b9875-14, groupId=Consumer-topic-eb771888_e2ee_42d1_a2b7_1874e55b9875] Notifying assignor about the new Assignment(partitions=[topic-eb771888_e2ee_42d1_a2b7_1874e55b9875-0])
2025-07-31 20:43:52,825 INFO  [org.apa.kaf.cli.con.int.ConsumerRebalanceListenerInvoker] (Thread-710) [Consumer clientId=consumer-Consumer-topic-eb771888_e2ee_42d1_a2b7_1874e55b9875-14, groupId=Consumer-topic-eb771888_e2ee_42d1_a2b7_1874e55b9875] Adding newly assigned partitions: topic-eb771888_e2ee_42d1_a2b7_1874e55b9875-0
2025-07-31 20:43:52,826 INFO  [org.apa.kaf.cli.con.int.ConsumerCoordinator] (Thread-710) [Consumer clientId=consumer-Consumer-topic-eb771888_e2ee_42d1_a2b7_1874e55b9875-14, groupId=Consumer-topic-eb771888_e2ee_42d1_a2b7_1874e55b9875] Found no committed offset for partition topic-eb771888_e2ee_42d1_a2b7_1874e55b9875-0
2025-07-31 20:43:52,829 INFO  [org.apa.kaf.cli.con.int.SubscriptionState] (Thread-710) [Consumer clientId=consumer-Consumer-topic-eb771888_e2ee_42d1_a2b7_1874e55b9875-14, groupId=Consumer-topic-eb771888_e2ee_42d1_a2b7_1874e55b9875] Resetting offset for partition topic-eb771888_e2ee_42d1_a2b7_1874e55b9875-0 to position FetchPosition{offset=0, offsetEpoch=Optional.empty, currentLeader=LeaderAndEpoch{leader=Optional[localhost:32770 (id: 0 rack: null)], epoch=0}}.
2025-07-31 20:43:52,905 INFO  [io.api.tes.ser.api.KafkaSerdesTester] (Thread-710) topic-eb771888_e2ee_42d1_a2b7_1874e55b9875 0 0 {"key11753994631396": "value-0"}
2025-07-31 20:43:52,905 INFO  [io.api.tes.ser.api.KafkaSerdesTester] (Thread-710) topic-eb771888_e2ee_42d1_a2b7_1874e55b9875 0 1 {"key11753994631396": "value-1"}
2025-07-31 20:43:52,905 INFO  [io.api.tes.ser.api.KafkaSerdesTester] (Thread-710) topic-eb771888_e2ee_42d1_a2b7_1874e55b9875 0 2 {"key11753994631396": "value-2"}
2025-07-31 20:43:52,905 INFO  [io.api.tes.ser.api.KafkaSerdesTester] (Thread-710) topic-eb771888_e2ee_42d1_a2b7_1874e55b9875 0 3 {"key11753994631396": "value-3"}
2025-07-31 20:43:52,905 INFO  [io.api.tes.ser.api.KafkaSerdesTester] (Thread-710) topic-eb771888_e2ee_42d1_a2b7_1874e55b9875 0 4 {"key11753994631396": "value-4"}
2025-07-31 20:43:52,905 INFO  [io.api.tes.ser.api.KafkaSerdesTester] (Thread-710) topic-eb771888_e2ee_42d1_a2b7_1874e55b9875 0 5 {"key11753994631396": "value-5"}
2025-07-31 20:43:52,905 INFO  [io.api.tes.ser.api.KafkaSerdesTester] (Thread-710) topic-eb771888_e2ee_42d1_a2b7_1874e55b9875 0 6 {"key11753994631396": "value-6"}
2025-07-31 20:43:52,905 INFO  [io.api.tes.ser.api.KafkaSerdesTester] (Thread-710) topic-eb771888_e2ee_42d1_a2b7_1874e55b9875 0 7 {"key11753994631396": "value-7"}
2025-07-31 20:43:52,905 INFO  [io.api.tes.ser.api.KafkaSerdesTester] (Thread-710) topic-eb771888_e2ee_42d1_a2b7_1874e55b9875 0 8 {"key11753994631396": "value-8"}
2025-07-31 20:43:52,905 INFO  [io.api.tes.ser.api.KafkaSerdesTester] (Thread-710) topic-eb771888_e2ee_42d1_a2b7_1874e55b9875 0 9 {"key11753994631396": "value-9"}
2025-07-31 20:43:52,905 INFO  [io.api.tes.ser.api.KafkaSerdesTester] (Thread-710) Consumed 10 messages
2025-07-31 20:43:52,908 INFO  [org.apa.kaf.cli.con.int.ConsumerRebalanceListenerInvoker] (Thread-710) [Consumer clientId=consumer-Consumer-topic-eb771888_e2ee_42d1_a2b7_1874e55b9875-14, groupId=Consumer-topic-eb771888_e2ee_42d1_a2b7_1874e55b9875] Revoke previously assigned partitions topic-eb771888_e2ee_42d1_a2b7_1874e55b9875-0
2025-07-31 20:43:52,908 INFO  [org.apa.kaf.cli.con.int.ConsumerCoordinator] (Thread-710) [Consumer clientId=consumer-Consumer-topic-eb771888_e2ee_42d1_a2b7_1874e55b9875-14, groupId=Consumer-topic-eb771888_e2ee_42d1_a2b7_1874e55b9875] Member consumer-Consumer-topic-eb771888_e2ee_42d1_a2b7_1874e55b9875-14-c625380d-3717-4e57-8a7b-70891efa3d32 sending LeaveGroup request to coordinator localhost:32770 (id: 2147483647 rack: null) due to the consumer is being closed
2025-07-31 20:43:52,908 INFO  [org.apa.kaf.cli.con.int.ConsumerCoordinator] (Thread-710) [Consumer clientId=consumer-Consumer-topic-eb771888_e2ee_42d1_a2b7_1874e55b9875-14, groupId=Consumer-topic-eb771888_e2ee_42d1_a2b7_1874e55b9875] Resetting generation and member id due to: consumer pro-actively leaving the group
2025-07-31 20:43:52,908 INFO  [org.apa.kaf.cli.con.int.ConsumerCoordinator] (Thread-710) [Consumer clientId=consumer-Consumer-topic-eb771888_e2ee_42d1_a2b7_1874e55b9875-14, groupId=Consumer-topic-eb771888_e2ee_42d1_a2b7_1874e55b9875] Request joining group due to: consumer pro-actively leaving the group
2025-07-31 20:43:53,408 INFO  [org.apa.kaf.com.met.Metrics] (Thread-710) Metrics scheduler closed
2025-07-31 20:43:53,409 INFO  [org.apa.kaf.com.met.Metrics] (Thread-710) Closing reporter org.apache.kafka.common.metrics.JmxReporter
2025-07-31 20:43:53,409 INFO  [org.apa.kaf.com.met.Metrics] (Thread-710) Closing reporter org.apache.kafka.common.telemetry.internals.ClientTelemetryReporter
2025-07-31 20:43:53,409 INFO  [org.apa.kaf.com.met.Metrics] (Thread-710) Metrics reporters closed
2025-07-31 20:43:53,411 INFO  [org.apa.kaf.com.uti.AppInfoParser] (Thread-710) App info kafka.consumer for consumer-Consumer-topic-eb771888_e2ee_42d1_a2b7_1874e55b9875-14 unregistered
2025-07-31 20:43:53,412 INFO  [org.apa.kaf.cli.con.int.ClassicKafkaConsumer] (Thread-711) [Consumer clientId=consumer-Consumer-topic-a92c2b5e_e38d_4130_8fa5_e2f23dc8cc4c-15, groupId=Consumer-topic-a92c2b5e_e38d_4130_8fa5_e2f23dc8cc4c] Subscribed to topic(s): topic-a92c2b5e_e38d_4130_8fa5_e2f23dc8cc4c
2025-07-31 20:43:53,417 INFO  [org.apa.kaf.cli.Metadata] (Thread-711) [Consumer clientId=consumer-Consumer-topic-a92c2b5e_e38d_4130_8fa5_e2f23dc8cc4c-15, groupId=Consumer-topic-a92c2b5e_e38d_4130_8fa5_e2f23dc8cc4c] Cluster ID: cdvAFU1gQSCWwJ-LEPQTSg
2025-07-31 20:43:53,418 INFO  [org.apa.kaf.cli.con.int.ConsumerCoordinator] (Thread-711) [Consumer clientId=consumer-Consumer-topic-a92c2b5e_e38d_4130_8fa5_e2f23dc8cc4c-15, groupId=Consumer-topic-a92c2b5e_e38d_4130_8fa5_e2f23dc8cc4c] Discovered group coordinator localhost:32770 (id: 2147483647 rack: null)
2025-07-31 20:43:53,419 INFO  [org.apa.kaf.cli.con.int.ConsumerCoordinator] (Thread-711) [Consumer clientId=consumer-Consumer-topic-a92c2b5e_e38d_4130_8fa5_e2f23dc8cc4c-15, groupId=Consumer-topic-a92c2b5e_e38d_4130_8fa5_e2f23dc8cc4c] (Re-)joining group
2025-07-31 20:43:53,422 INFO  [org.apa.kaf.cli.con.int.ConsumerCoordinator] (Thread-711) [Consumer clientId=consumer-Consumer-topic-a92c2b5e_e38d_4130_8fa5_e2f23dc8cc4c-15, groupId=Consumer-topic-a92c2b5e_e38d_4130_8fa5_e2f23dc8cc4c] Request joining group due to: need to re-join with the given member-id: consumer-Consumer-topic-a92c2b5e_e38d_4130_8fa5_e2f23dc8cc4c-15-ef63cfd4-e559-4374-9c6f-a8602d903962
2025-07-31 20:43:53,422 INFO  [org.apa.kaf.cli.con.int.ConsumerCoordinator] (Thread-711) [Consumer clientId=consumer-Consumer-topic-a92c2b5e_e38d_4130_8fa5_e2f23dc8cc4c-15, groupId=Consumer-topic-a92c2b5e_e38d_4130_8fa5_e2f23dc8cc4c] (Re-)joining group
2025-07-31 20:43:53,424 INFO  [org.apa.kaf.cli.con.int.ConsumerCoordinator] (Thread-711) [Consumer clientId=consumer-Consumer-topic-a92c2b5e_e38d_4130_8fa5_e2f23dc8cc4c-15, groupId=Consumer-topic-a92c2b5e_e38d_4130_8fa5_e2f23dc8cc4c] Successfully joined group with generation Generation{generationId=1, memberId='consumer-Consumer-topic-a92c2b5e_e38d_4130_8fa5_e2f23dc8cc4c-15-ef63cfd4-e559-4374-9c6f-a8602d903962', protocol='range'}
2025-07-31 20:43:53,424 INFO  [org.apa.kaf.cli.con.int.ConsumerCoordinator] (Thread-711) [Consumer clientId=consumer-Consumer-topic-a92c2b5e_e38d_4130_8fa5_e2f23dc8cc4c-15, groupId=Consumer-topic-a92c2b5e_e38d_4130_8fa5_e2f23dc8cc4c] Finished assignment for group at generation 1: {consumer-Consumer-topic-a92c2b5e_e38d_4130_8fa5_e2f23dc8cc4c-15-ef63cfd4-e559-4374-9c6f-a8602d903962=Assignment(partitions=[topic-a92c2b5e_e38d_4130_8fa5_e2f23dc8cc4c-0])}
2025-07-31 20:43:53,426 INFO  [org.apa.kaf.cli.con.int.ConsumerCoordinator] (Thread-711) [Consumer clientId=consumer-Consumer-topic-a92c2b5e_e38d_4130_8fa5_e2f23dc8cc4c-15, groupId=Consumer-topic-a92c2b5e_e38d_4130_8fa5_e2f23dc8cc4c] Successfully synced group in generation Generation{generationId=1, memberId='consumer-Consumer-topic-a92c2b5e_e38d_4130_8fa5_e2f23dc8cc4c-15-ef63cfd4-e559-4374-9c6f-a8602d903962', protocol='range'}
2025-07-31 20:43:53,426 INFO  [org.apa.kaf.cli.con.int.ConsumerCoordinator] (Thread-711) [Consumer clientId=consumer-Consumer-topic-a92c2b5e_e38d_4130_8fa5_e2f23dc8cc4c-15, groupId=Consumer-topic-a92c2b5e_e38d_4130_8fa5_e2f23dc8cc4c] Notifying assignor about the new Assignment(partitions=[topic-a92c2b5e_e38d_4130_8fa5_e2f23dc8cc4c-0])
2025-07-31 20:43:53,426 INFO  [org.apa.kaf.cli.con.int.ConsumerRebalanceListenerInvoker] (Thread-711) [Consumer clientId=consumer-Consumer-topic-a92c2b5e_e38d_4130_8fa5_e2f23dc8cc4c-15, groupId=Consumer-topic-a92c2b5e_e38d_4130_8fa5_e2f23dc8cc4c] Adding newly assigned partitions: topic-a92c2b5e_e38d_4130_8fa5_e2f23dc8cc4c-0
2025-07-31 20:43:53,427 INFO  [org.apa.kaf.cli.con.int.ConsumerCoordinator] (Thread-711) [Consumer clientId=consumer-Consumer-topic-a92c2b5e_e38d_4130_8fa5_e2f23dc8cc4c-15, groupId=Consumer-topic-a92c2b5e_e38d_4130_8fa5_e2f23dc8cc4c] Found no committed offset for partition topic-a92c2b5e_e38d_4130_8fa5_e2f23dc8cc4c-0
2025-07-31 20:43:53,430 INFO  [org.apa.kaf.cli.con.int.SubscriptionState] (Thread-711) [Consumer clientId=consumer-Consumer-topic-a92c2b5e_e38d_4130_8fa5_e2f23dc8cc4c-15, groupId=Consumer-topic-a92c2b5e_e38d_4130_8fa5_e2f23dc8cc4c] Resetting offset for partition topic-a92c2b5e_e38d_4130_8fa5_e2f23dc8cc4c-0 to position FetchPosition{offset=0, offsetEpoch=Optional.empty, currentLeader=LeaderAndEpoch{leader=Optional[localhost:32770 (id: 0 rack: null)], epoch=0}}.
2025-07-31 20:43:53,506 INFO  [io.api.tes.ser.api.KafkaSerdesTester] (Thread-711) topic-a92c2b5e_e38d_4130_8fa5_e2f23dc8cc4c 0 0 {"key11753994631396": "value-0"}
2025-07-31 20:43:53,506 INFO  [io.api.tes.ser.api.KafkaSerdesTester] (Thread-711) topic-a92c2b5e_e38d_4130_8fa5_e2f23dc8cc4c 0 1 {"key11753994631396": "value-1"}
2025-07-31 20:43:53,506 INFO  [io.api.tes.ser.api.KafkaSerdesTester] (Thread-711) topic-a92c2b5e_e38d_4130_8fa5_e2f23dc8cc4c 0 2 {"key11753994631396": "value-2"}
2025-07-31 20:43:53,506 INFO  [io.api.tes.ser.api.KafkaSerdesTester] (Thread-711) topic-a92c2b5e_e38d_4130_8fa5_e2f23dc8cc4c 0 3 {"key11753994631396": "value-3"}
2025-07-31 20:43:53,506 INFO  [io.api.tes.ser.api.KafkaSerdesTester] (Thread-711) topic-a92c2b5e_e38d_4130_8fa5_e2f23dc8cc4c 0 4 {"key11753994631396": "value-4"}
2025-07-31 20:43:53,507 INFO  [io.api.tes.ser.api.KafkaSerdesTester] (Thread-711) topic-a92c2b5e_e38d_4130_8fa5_e2f23dc8cc4c 0 5 {"key11753994631396": "value-5"}
2025-07-31 20:43:53,507 INFO  [io.api.tes.ser.api.KafkaSerdesTester] (Thread-711) topic-a92c2b5e_e38d_4130_8fa5_e2f23dc8cc4c 0 6 {"key11753994631396": "value-6"}
2025-07-31 20:43:53,507 INFO  [io.api.tes.ser.api.KafkaSerdesTester] (Thread-711) topic-a92c2b5e_e38d_4130_8fa5_e2f23dc8cc4c 0 7 {"key11753994631396": "value-7"}
2025-07-31 20:43:53,507 INFO  [io.api.tes.ser.api.KafkaSerdesTester] (Thread-711) topic-a92c2b5e_e38d_4130_8fa5_e2f23dc8cc4c 0 8 {"key11753994631396": "value-8"}
2025-07-31 20:43:53,507 INFO  [io.api.tes.ser.api.KafkaSerdesTester] (Thread-711) topic-a92c2b5e_e38d_4130_8fa5_e2f23dc8cc4c 0 9 {"key11753994631396": "value-9"}
2025-07-31 20:43:53,507 INFO  [io.api.tes.ser.api.KafkaSerdesTester] (Thread-711) Consumed 10 messages
2025-07-31 20:43:53,509 INFO  [org.apa.kaf.cli.con.int.ConsumerRebalanceListenerInvoker] (Thread-711) [Consumer clientId=consumer-Consumer-topic-a92c2b5e_e38d_4130_8fa5_e2f23dc8cc4c-15, groupId=Consumer-topic-a92c2b5e_e38d_4130_8fa5_e2f23dc8cc4c] Revoke previously assigned partitions topic-a92c2b5e_e38d_4130_8fa5_e2f23dc8cc4c-0
2025-07-31 20:43:53,509 INFO  [org.apa.kaf.cli.con.int.ConsumerCoordinator] (Thread-711) [Consumer clientId=consumer-Consumer-topic-a92c2b5e_e38d_4130_8fa5_e2f23dc8cc4c-15, groupId=Consumer-topic-a92c2b5e_e38d_4130_8fa5_e2f23dc8cc4c] Member consumer-Consumer-topic-a92c2b5e_e38d_4130_8fa5_e2f23dc8cc4c-15-ef63cfd4-e559-4374-9c6f-a8602d903962 sending LeaveGroup request to coordinator localhost:32770 (id: 2147483647 rack: null) due to the consumer is being closed
2025-07-31 20:43:53,510 INFO  [org.apa.kaf.cli.con.int.ConsumerCoordinator] (Thread-711) [Consumer clientId=consumer-Consumer-topic-a92c2b5e_e38d_4130_8fa5_e2f23dc8cc4c-15, groupId=Consumer-topic-a92c2b5e_e38d_4130_8fa5_e2f23dc8cc4c] Resetting generation and member id due to: consumer pro-actively leaving the group
2025-07-31 20:43:53,510 INFO  [org.apa.kaf.cli.con.int.ConsumerCoordinator] (Thread-711) [Consumer clientId=consumer-Consumer-topic-a92c2b5e_e38d_4130_8fa5_e2f23dc8cc4c-15, groupId=Consumer-topic-a92c2b5e_e38d_4130_8fa5_e2f23dc8cc4c] Request joining group due to: consumer pro-actively leaving the group
2025-07-31 20:43:54,010 INFO  [org.apa.kaf.com.met.Metrics] (Thread-711) Metrics scheduler closed
2025-07-31 20:43:54,010 INFO  [org.apa.kaf.com.met.Metrics] (Thread-711) Closing reporter org.apache.kafka.common.metrics.JmxReporter
2025-07-31 20:43:54,010 INFO  [org.apa.kaf.com.met.Metrics] (Thread-711) Closing reporter org.apache.kafka.common.telemetry.internals.ClientTelemetryReporter
2025-07-31 20:43:54,010 INFO  [org.apa.kaf.com.met.Metrics] (Thread-711) Metrics reporters closed
2025-07-31 20:43:54,013 INFO  [org.apa.kaf.com.uti.AppInfoParser] (Thread-711) App info kafka.consumer for consumer-Consumer-topic-a92c2b5e_e38d_4130_8fa5_e2f23dc8cc4c-15 unregistered
2025-07-31 20:43:54,015 INFO  [org.apa.kaf.cli.con.int.ClassicKafkaConsumer] (Thread-712) [Consumer clientId=consumer-Consumer-topic-abea81e1_9dad_477f_a7be_b095b0228838-16, groupId=Consumer-topic-abea81e1_9dad_477f_a7be_b095b0228838] Subscribed to topic(s): topic-abea81e1_9dad_477f_a7be_b095b0228838
2025-07-31 20:43:54,023 INFO  [org.apa.kaf.cli.Metadata] (Thread-712) [Consumer clientId=consumer-Consumer-topic-abea81e1_9dad_477f_a7be_b095b0228838-16, groupId=Consumer-topic-abea81e1_9dad_477f_a7be_b095b0228838] Cluster ID: cdvAFU1gQSCWwJ-LEPQTSg
2025-07-31 20:43:54,024 INFO  [org.apa.kaf.cli.con.int.ConsumerCoordinator] (Thread-712) [Consumer clientId=consumer-Consumer-topic-abea81e1_9dad_477f_a7be_b095b0228838-16, groupId=Consumer-topic-abea81e1_9dad_477f_a7be_b095b0228838] Discovered group coordinator localhost:32770 (id: 2147483647 rack: null)
2025-07-31 20:43:54,025 INFO  [org.apa.kaf.cli.con.int.ConsumerCoordinator] (Thread-712) [Consumer clientId=consumer-Consumer-topic-abea81e1_9dad_477f_a7be_b095b0228838-16, groupId=Consumer-topic-abea81e1_9dad_477f_a7be_b095b0228838] (Re-)joining group
2025-07-31 20:43:54,028 INFO  [org.apa.kaf.cli.con.int.ConsumerCoordinator] (Thread-712) [Consumer clientId=consumer-Consumer-topic-abea81e1_9dad_477f_a7be_b095b0228838-16, groupId=Consumer-topic-abea81e1_9dad_477f_a7be_b095b0228838] Request joining group due to: need to re-join with the given member-id: consumer-Consumer-topic-abea81e1_9dad_477f_a7be_b095b0228838-16-8b7b4221-ce5c-4dae-b3ee-9344ffa6f70b
2025-07-31 20:43:54,028 INFO  [org.apa.kaf.cli.con.int.ConsumerCoordinator] (Thread-712) [Consumer clientId=consumer-Consumer-topic-abea81e1_9dad_477f_a7be_b095b0228838-16, groupId=Consumer-topic-abea81e1_9dad_477f_a7be_b095b0228838] (Re-)joining group
2025-07-31 20:43:54,031 INFO  [org.apa.kaf.cli.con.int.ConsumerCoordinator] (Thread-712) [Consumer clientId=consumer-Consumer-topic-abea81e1_9dad_477f_a7be_b095b0228838-16, groupId=Consumer-topic-abea81e1_9dad_477f_a7be_b095b0228838] Successfully joined group with generation Generation{generationId=1, memberId='consumer-Consumer-topic-abea81e1_9dad_477f_a7be_b095b0228838-16-8b7b4221-ce5c-4dae-b3ee-9344ffa6f70b', protocol='range'}
2025-07-31 20:43:54,031 INFO  [org.apa.kaf.cli.con.int.ConsumerCoordinator] (Thread-712) [Consumer clientId=consumer-Consumer-topic-abea81e1_9dad_477f_a7be_b095b0228838-16, groupId=Consumer-topic-abea81e1_9dad_477f_a7be_b095b0228838] Finished assignment for group at generation 1: {consumer-Consumer-topic-abea81e1_9dad_477f_a7be_b095b0228838-16-8b7b4221-ce5c-4dae-b3ee-9344ffa6f70b=Assignment(partitions=[topic-abea81e1_9dad_477f_a7be_b095b0228838-0])}
2025-07-31 20:43:54,033 INFO  [org.apa.kaf.cli.con.int.ConsumerCoordinator] (Thread-712) [Consumer clientId=consumer-Consumer-topic-abea81e1_9dad_477f_a7be_b095b0228838-16, groupId=Consumer-topic-abea81e1_9dad_477f_a7be_b095b0228838] Successfully synced group in generation Generation{generationId=1, memberId='consumer-Consumer-topic-abea81e1_9dad_477f_a7be_b095b0228838-16-8b7b4221-ce5c-4dae-b3ee-9344ffa6f70b', protocol='range'}
2025-07-31 20:43:54,033 INFO  [org.apa.kaf.cli.con.int.ConsumerCoordinator] (Thread-712) [Consumer clientId=consumer-Consumer-topic-abea81e1_9dad_477f_a7be_b095b0228838-16, groupId=Consumer-topic-abea81e1_9dad_477f_a7be_b095b0228838] Notifying assignor about the new Assignment(partitions=[topic-abea81e1_9dad_477f_a7be_b095b0228838-0])
2025-07-31 20:43:54,033 INFO  [org.apa.kaf.cli.con.int.ConsumerRebalanceListenerInvoker] (Thread-712) [Consumer clientId=consumer-Consumer-topic-abea81e1_9dad_477f_a7be_b095b0228838-16, groupId=Consumer-topic-abea81e1_9dad_477f_a7be_b095b0228838] Adding newly assigned partitions: topic-abea81e1_9dad_477f_a7be_b095b0228838-0
2025-07-31 20:43:54,034 INFO  [org.apa.kaf.cli.con.int.ConsumerCoordinator] (Thread-712) [Consumer clientId=consumer-Consumer-topic-abea81e1_9dad_477f_a7be_b095b0228838-16, groupId=Consumer-topic-abea81e1_9dad_477f_a7be_b095b0228838] Found no committed offset for partition topic-abea81e1_9dad_477f_a7be_b095b0228838-0
2025-07-31 20:43:54,038 INFO  [org.apa.kaf.cli.con.int.SubscriptionState] (Thread-712) [Consumer clientId=consumer-Consumer-topic-abea81e1_9dad_477f_a7be_b095b0228838-16, groupId=Consumer-topic-abea81e1_9dad_477f_a7be_b095b0228838] Resetting offset for partition topic-abea81e1_9dad_477f_a7be_b095b0228838-0 to position FetchPosition{offset=0, offsetEpoch=Optional.empty, currentLeader=LeaderAndEpoch{leader=Optional[localhost:32770 (id: 0 rack: null)], epoch=0}}.
2025-07-31 20:43:54,114 INFO  [io.api.tes.ser.api.KafkaSerdesTester] (Thread-712) topic-abea81e1_9dad_477f_a7be_b095b0228838 0 0 {"key11753994631396": "value-0"}
2025-07-31 20:43:54,114 INFO  [io.api.tes.ser.api.KafkaSerdesTester] (Thread-712) topic-abea81e1_9dad_477f_a7be_b095b0228838 0 1 {"key11753994631396": "value-1"}
2025-07-31 20:43:54,114 INFO  [io.api.tes.ser.api.KafkaSerdesTester] (Thread-712) topic-abea81e1_9dad_477f_a7be_b095b0228838 0 2 {"key11753994631396": "value-2"}
2025-07-31 20:43:54,114 INFO  [io.api.tes.ser.api.KafkaSerdesTester] (Thread-712) topic-abea81e1_9dad_477f_a7be_b095b0228838 0 3 {"key11753994631396": "value-3"}
2025-07-31 20:43:54,114 INFO  [io.api.tes.ser.api.KafkaSerdesTester] (Thread-712) topic-abea81e1_9dad_477f_a7be_b095b0228838 0 4 {"key11753994631396": "value-4"}
2025-07-31 20:43:54,114 INFO  [io.api.tes.ser.api.KafkaSerdesTester] (Thread-712) topic-abea81e1_9dad_477f_a7be_b095b0228838 0 5 {"key11753994631396": "value-5"}
2025-07-31 20:43:54,114 INFO  [io.api.tes.ser.api.KafkaSerdesTester] (Thread-712) topic-abea81e1_9dad_477f_a7be_b095b0228838 0 6 {"key11753994631396": "value-6"}
2025-07-31 20:43:54,114 INFO  [io.api.tes.ser.api.KafkaSerdesTester] (Thread-712) topic-abea81e1_9dad_477f_a7be_b095b0228838 0 7 {"key11753994631396": "value-7"}
2025-07-31 20:43:54,114 INFO  [io.api.tes.ser.api.KafkaSerdesTester] (Thread-712) topic-abea81e1_9dad_477f_a7be_b095b0228838 0 8 {"key11753994631396": "value-8"}
2025-07-31 20:43:54,114 INFO  [io.api.tes.ser.api.KafkaSerdesTester] (Thread-712) topic-abea81e1_9dad_477f_a7be_b095b0228838 0 9 {"key11753994631396": "value-9"}
2025-07-31 20:43:54,114 INFO  [io.api.tes.ser.api.KafkaSerdesTester] (Thread-712) Consumed 10 messages
2025-07-31 20:43:54,116 INFO  [org.apa.kaf.cli.con.int.ConsumerRebalanceListenerInvoker] (Thread-712) [Consumer clientId=consumer-Consumer-topic-abea81e1_9dad_477f_a7be_b095b0228838-16, groupId=Consumer-topic-abea81e1_9dad_477f_a7be_b095b0228838] Revoke previously assigned partitions topic-abea81e1_9dad_477f_a7be_b095b0228838-0
2025-07-31 20:43:54,116 INFO  [org.apa.kaf.cli.con.int.ConsumerCoordinator] (Thread-712) [Consumer clientId=consumer-Consumer-topic-abea81e1_9dad_477f_a7be_b095b0228838-16, groupId=Consumer-topic-abea81e1_9dad_477f_a7be_b095b0228838] Member consumer-Consumer-topic-abea81e1_9dad_477f_a7be_b095b0228838-16-8b7b4221-ce5c-4dae-b3ee-9344ffa6f70b sending LeaveGroup request to coordinator localhost:32770 (id: 2147483647 rack: null) due to the consumer is being closed
2025-07-31 20:43:54,118 INFO  [org.apa.kaf.cli.con.int.ConsumerCoordinator] (Thread-712) [Consumer clientId=consumer-Consumer-topic-abea81e1_9dad_477f_a7be_b095b0228838-16, groupId=Consumer-topic-abea81e1_9dad_477f_a7be_b095b0228838] Resetting generation and member id due to: consumer pro-actively leaving the group
2025-07-31 20:43:54,118 INFO  [org.apa.kaf.cli.con.int.ConsumerCoordinator] (Thread-712) [Consumer clientId=consumer-Consumer-topic-abea81e1_9dad_477f_a7be_b095b0228838-16, groupId=Consumer-topic-abea81e1_9dad_477f_a7be_b095b0228838] Request joining group due to: consumer pro-actively leaving the group
2025-07-31 20:43:54,614 INFO  [org.apa.kaf.com.met.Metrics] (Thread-712) Metrics scheduler closed
2025-07-31 20:43:54,614 INFO  [org.apa.kaf.com.met.Metrics] (Thread-712) Closing reporter org.apache.kafka.common.metrics.JmxReporter
2025-07-31 20:43:54,614 INFO  [org.apa.kaf.com.met.Metrics] (Thread-712) Closing reporter org.apache.kafka.common.telemetry.internals.ClientTelemetryReporter
2025-07-31 20:43:54,614 INFO  [org.apa.kaf.com.met.Metrics] (Thread-712) Metrics reporters closed
2025-07-31 20:43:54,616 INFO  [org.apa.kaf.com.uti.AppInfoParser] (Thread-712) App info kafka.consumer for consumer-Consumer-topic-abea81e1_9dad_477f_a7be_b095b0228838-16 unregistered
2025-07-31 20:43:54,617 INFO  [io.api.tes.uti.TestSeparator] (main) io.apicurio.tests.serdes.apicurio.AvroSerdeIT.testAvroConfluentForMultipleTopics-FINISHED
2025-07-31 20:43:54,617 INFO  [io.api.tes.uti.TestSeparator] (main) ############################################################################
Test passed: testAvroConfluentForMultipleTopics
]]></system-out>
  </testcase>
  <testcase name="testFirstRequestFailsRateLimited" classname="io.apicurio.tests.serdes.apicurio.AvroSerdeIT" time="1.089">
    <system-out><![CDATA[2025-07-31 20:43:54,621 INFO  [io.api.tes.uti.TestSeparator] (main) ############################################################################
2025-07-31 20:43:54,621 INFO  [io.api.tes.uti.TestSeparator] (main) io.apicurio.tests.serdes.apicurio.AvroSerdeIT.testFirstRequestFailsRateLimited-STARTED
2025-07-31 20:43:55,208 WARN  [org.ecl.jet.ser.AbstractConnector] (main) Acceptors should be <= availableProcessors: NetworkTrafficServerConnector@192b9e35{HTTP/1.1, (http/1.1, h2c)}{0.0.0.0:0} 
2025-07-31 20:43:55,324 INFO  [org.ecl.jet.ser.Server] (main) jetty-11.0.15; built: 2023-04-11T18:37:53.775Z; git: 5bc5e562c8d05c5862505aebe5cf83a61bdbcb96; jvm 17.0.16+8
2025-07-31 20:43:55,347 INFO  [org.ecl.jet.ser.han.ContextHandler] (main) Started o.e.j.s.ServletContextHandler@2c1e4d9e{/__admin,null,AVAILABLE}
2025-07-31 20:43:55,354 INFO  [org.ecl.jet.ser.han.Con.ROOT] (main) RequestHandlerClass from context returned com.github.tomakehurst.wiremock.http.StubRequestHandler. Normalized mapped under returned 'null'
2025-07-31 20:43:55,354 INFO  [org.ecl.jet.ser.han.ContextHandler] (main) Started o.e.j.s.ServletContextHandler@9628240{/,null,AVAILABLE}
2025-07-31 20:43:55,364 INFO  [org.ecl.jet.ser.AbstractConnector] (main) Started NetworkTrafficServerConnector@192b9e35{HTTP/1.1, (http/1.1, h2c)}{0.0.0.0:41279}
2025-07-31 20:43:55,368 INFO  [org.ecl.jet.ser.Server] (main) Started Server@77e03d01{STARTING}[11.0.15,sto=1000] @60809ms
**** Registry Base URL: http://registry-app-kafkasql.apps.ci419.apicurio-testing.org:80
2025-07-31 20:43:55,378 INFO  [org.apa.kaf.cli.pro.ProducerConfig] (main) ProducerConfig values: 
	acks = -1
	auto.include.jmx.reporter = true
	batch.size = 16384
	bootstrap.servers = [PLAINTEXT://localhost:32770]
	buffer.memory = 33554432
	client.dns.lookup = use_all_dns_ips
	client.id = Producer-topic-0a3a4764_d764_4040_b956_dcff7b288fd3
	compression.gzip.level = -1
	compression.lz4.level = 9
	compression.type = none
	compression.zstd.level = 3
	connections.max.idle.ms = 10000
	delivery.timeout.ms = 120000
	enable.idempotence = true
	enable.metrics.push = true
	interceptor.classes = []
	key.serializer = class org.apache.kafka.common.serialization.StringSerializer
	linger.ms = 0
	max.block.ms = 60000
	max.in.flight.requests.per.connection = 5
	max.request.size = 1048576
	metadata.max.age.ms = 300000
	metadata.max.idle.ms = 300000
	metadata.recovery.strategy = none
	metric.reporters = []
	metrics.num.samples = 2
	metrics.recording.level = INFO
	metrics.sample.window.ms = 30000
	partitioner.adaptive.partitioning.enable = true
	partitioner.availability.timeout.ms = 0
	partitioner.class = null
	partitioner.ignore.keys = false
	receive.buffer.bytes = 32768
	reconnect.backoff.max.ms = 1000
	reconnect.backoff.ms = 50
	request.timeout.ms = 5000
	retries = 2147483647
	retry.backoff.max.ms = 1000
	retry.backoff.ms = 100
	sasl.client.callback.handler.class = null
	sasl.jaas.config = null
	sasl.kerberos.kinit.cmd = /usr/bin/kinit
	sasl.kerberos.min.time.before.relogin = 60000
	sasl.kerberos.service.name = null
	sasl.kerberos.ticket.renew.jitter = 0.05
	sasl.kerberos.ticket.renew.window.factor = 0.8
	sasl.login.callback.handler.class = null
	sasl.login.class = null
	sasl.login.connect.timeout.ms = null
	sasl.login.read.timeout.ms = null
	sasl.login.refresh.buffer.seconds = 300
	sasl.login.refresh.min.period.seconds = 60
	sasl.login.refresh.window.factor = 0.8
	sasl.login.refresh.window.jitter = 0.05
	sasl.login.retry.backoff.max.ms = 10000
	sasl.login.retry.backoff.ms = 100
	sasl.mechanism = GSSAPI
	sasl.oauthbearer.clock.skew.seconds = 30
	sasl.oauthbearer.expected.audience = null
	sasl.oauthbearer.expected.issuer = null
	sasl.oauthbearer.header.urlencode = false
	sasl.oauthbearer.jwks.endpoint.refresh.ms = 3600000
	sasl.oauthbearer.jwks.endpoint.retry.backoff.max.ms = 10000
	sasl.oauthbearer.jwks.endpoint.retry.backoff.ms = 100
	sasl.oauthbearer.jwks.endpoint.url = null
	sasl.oauthbearer.scope.claim.name = scope
	sasl.oauthbearer.sub.claim.name = sub
	sasl.oauthbearer.token.endpoint.url = null
	security.protocol = PLAINTEXT
	security.providers = null
	send.buffer.bytes = 131072
	socket.connection.setup.timeout.max.ms = 30000
	socket.connection.setup.timeout.ms = 10000
	ssl.cipher.suites = null
	ssl.enabled.protocols = [TLSv1.2, TLSv1.3]
	ssl.endpoint.identification.algorithm = https
	ssl.engine.factory.class = null
	ssl.key.password = null
	ssl.keymanager.algorithm = SunX509
	ssl.keystore.certificate.chain = null
	ssl.keystore.key = null
	ssl.keystore.location = null
	ssl.keystore.password = null
	ssl.keystore.type = JKS
	ssl.protocol = TLSv1.3
	ssl.provider = null
	ssl.secure.random.implementation = null
	ssl.trustmanager.algorithm = PKIX
	ssl.truststore.certificates = null
	ssl.truststore.location = null
	ssl.truststore.password = null
	ssl.truststore.type = JKS
	transaction.timeout.ms = 60000
	transactional.id = null
	value.serializer = class io.apicurio.registry.serde.avro.AvroKafkaSerializer

2025-07-31 20:43:55,381 INFO  [org.apa.kaf.com.tel.int.KafkaMetricsCollector] (main) initializing Kafka metrics collector
2025-07-31 20:43:55,394 INFO  [org.apa.kaf.cli.pro.KafkaProducer] (main) [Producer clientId=Producer-topic-0a3a4764_d764_4040_b956_dcff7b288fd3] Instantiated an idempotent producer.
2025-07-31 20:43:55,396 INFO  [org.apa.kaf.cli.pro.ProducerConfig] (main) These configurations '[apicurio.registry.url, apicurio.registry.artifact-resolver-strategy]' were supplied but are not used yet.
2025-07-31 20:43:55,396 INFO  [org.apa.kaf.com.uti.AppInfoParser] (main) Kafka version: 3.9.1
2025-07-31 20:43:55,396 INFO  [org.apa.kaf.com.uti.AppInfoParser] (main) Kafka commitId: f745dfdcee2b9851
2025-07-31 20:43:55,396 INFO  [org.apa.kaf.com.uti.AppInfoParser] (main) Kafka startTimeMs: 1753994635396
2025-07-31 20:43:55,398 INFO  [io.api.tes.ser.api.KafkaSerdesTester] (Thread-723) Sending message {"keyB": "value-0"} to topic topic-0a3a4764_d764_4040_b956_dcff7b288fd3
2025-07-31 20:43:55,405 WARN  [org.apa.kaf.cli.NetworkClient] (kafka-producer-network-thread | Producer-topic-0a3a4764_d764_4040_b956_dcff7b288fd3) [Producer clientId=Producer-topic-0a3a4764_d764_4040_b956_dcff7b288fd3] The metadata response from the cluster reported a recoverable issue with correlation id 2 : {topic-0a3a4764_d764_4040_b956_dcff7b288fd3=LEADER_NOT_AVAILABLE}
2025-07-31 20:43:55,405 INFO  [org.apa.kaf.cli.Metadata] (kafka-producer-network-thread | Producer-topic-0a3a4764_d764_4040_b956_dcff7b288fd3) [Producer clientId=Producer-topic-0a3a4764_d764_4040_b956_dcff7b288fd3] Cluster ID: cdvAFU1gQSCWwJ-LEPQTSg
2025-07-31 20:43:55,405 INFO  [org.apa.kaf.cli.pro.int.TransactionManager] (kafka-producer-network-thread | Producer-topic-0a3a4764_d764_4040_b956_dcff7b288fd3) [Producer clientId=Producer-topic-0a3a4764_d764_4040_b956_dcff7b288fd3] ProducerId set to 22 with epoch 0
2025-07-31 20:43:55,527 INFO  [DefaultSchemaResolver] (Thread-723) Retrieving schema content using string: {"type":"record","name":"myrecord","namespace":"mygroup","fields":[{"name":"keyB","type":"string"}]}
2025-07-31 20:43:55,687 INFO  [org.apa.kaf.cli.pro.KafkaProducer] (Thread-723) [Producer clientId=Producer-topic-0a3a4764_d764_4040_b956_dcff7b288fd3] Closing the Kafka producer with timeoutMillis = 9223372036854775807 ms.
2025-07-31 20:43:55,694 INFO  [org.apa.kaf.com.met.Metrics] (Thread-723) Metrics scheduler closed
2025-07-31 20:43:55,694 INFO  [org.apa.kaf.com.met.Metrics] (Thread-723) Closing reporter org.apache.kafka.common.metrics.JmxReporter
2025-07-31 20:43:55,694 INFO  [org.apa.kaf.com.met.Metrics] (Thread-723) Closing reporter org.apache.kafka.common.telemetry.internals.ClientTelemetryReporter
2025-07-31 20:43:55,694 INFO  [org.apa.kaf.com.met.Metrics] (Thread-723) Metrics reporters closed
2025-07-31 20:43:55,694 INFO  [org.apa.kaf.com.uti.AppInfoParser] (Thread-723) App info kafka.producer for Producer-topic-0a3a4764_d764_4040_b956_dcff7b288fd3 unregistered
2025-07-31 20:43:55,695 INFO  [org.ecl.jet.ser.Server] (main) Stopped Server@77e03d01{STOPPING}[11.0.15,sto=1000]
2025-07-31 20:43:55,696 INFO  [org.ecl.jet.ser.Server] (main) Shutdown Server@77e03d01{STOPPING}[11.0.15,sto=1000]
2025-07-31 20:43:55,703 INFO  [org.ecl.jet.ser.AbstractConnector] (main) Stopped NetworkTrafficServerConnector@192b9e35{HTTP/1.1, (http/1.1, h2c)}{0.0.0.0:0}
2025-07-31 20:43:55,706 INFO  [org.ecl.jet.ser.han.ContextHandler] (main) Stopped o.e.j.s.ServletContextHandler@9628240{/,null,STOPPED}
2025-07-31 20:43:55,706 INFO  [org.ecl.jet.ser.han.ContextHandler] (main) Stopped o.e.j.s.ServletContextHandler@2c1e4d9e{/__admin,null,STOPPED}
2025-07-31 20:43:55,708 INFO  [io.api.tes.uti.TestSeparator] (main) io.apicurio.tests.serdes.apicurio.AvroSerdeIT.testFirstRequestFailsRateLimited-FINISHED
2025-07-31 20:43:55,708 INFO  [io.api.tes.uti.TestSeparator] (main) ############################################################################
Test passed: testFirstRequestFailsRateLimited
]]></system-out>
    <system-err><![CDATA[com.microsoft.kiota.ApiException: the server returned an unexpected status code and no error class is registered for this code 429
	at com.microsoft.kiota.ApiExceptionBuilder.withMessage(ApiExceptionBuilder.java:45)
	at io.kiota.http.vertx.VertXRequestAdapter.throwIfFailedResponse(VertXRequestAdapter.java:370)
	at io.kiota.http.vertx.VertXRequestAdapter.send(VertXRequestAdapter.java:170)
	at io.apicurio.registry.rest.client.search.versions.VersionsRequestBuilder.post(VersionsRequestBuilder.java:94)
	at io.apicurio.registry.resolver.client.RegistryClientFacadeImpl.searchVersionsByContent(RegistryClientFacadeImpl.java:104)
	at io.apicurio.registry.resolver.DefaultSchemaResolver.lambda$handleResolveSchemaByContent$3(DefaultSchemaResolver.java:258)
	at io.apicurio.registry.resolver.cache.ERCache.lambda$getValue$0(ERCache.java:174)
	at io.apicurio.registry.resolver.cache.ERCache.retry(ERCache.java:227)
	at io.apicurio.registry.resolver.cache.ERCache.getValue(ERCache.java:173)
	at io.apicurio.registry.resolver.cache.ERCache.getByContent(ERCache.java:147)
	at io.apicurio.registry.resolver.DefaultSchemaResolver.handleResolveSchemaByContent(DefaultSchemaResolver.java:253)
	at io.apicurio.registry.resolver.DefaultSchemaResolver.getSchemaFromRegistry(DefaultSchemaResolver.java:138)
	at io.apicurio.registry.resolver.DefaultSchemaResolver.lambda$resolveSchema$0(DefaultSchemaResolver.java:84)
	at java.base/java.util.Optional.orElseGet(Optional.java:364)
	at io.apicurio.registry.resolver.DefaultSchemaResolver.resolveSchema(DefaultSchemaResolver.java:84)
	at io.apicurio.registry.serde.AbstractSerializer.serializeData(AbstractSerializer.java:62)
	at io.apicurio.registry.serde.KafkaSerializer.serialize(KafkaSerializer.java:77)
	at org.apache.kafka.clients.producer.KafkaProducer.doSend(KafkaProducer.java:1046)
	at org.apache.kafka.clients.producer.KafkaProducer.send(KafkaProducer.java:993)
	at org.apache.kafka.clients.producer.KafkaProducer.send(KafkaProducer.java:875)
	at io.apicurio.tests.serdes.apicurio.KafkaSerdesTester.lambda$produceMessages$3(KafkaSerdesTester.java:138)
	at java.base/java.util.concurrent.CompletableFuture$AsyncSupply.run(CompletableFuture.java:1768)
	at java.base/java.lang.Thread.run(Thread.java:840)
]]></system-err>
  </testcase>
  <testcase name="testFirstEmptyFieldConfusedAsMagicByte" classname="io.apicurio.tests.serdes.apicurio.AvroSerdeIT" time="0.974">
    <system-out><![CDATA[2025-07-31 20:43:55,714 INFO  [io.api.tes.uti.TestSeparator] (main) ############################################################################
2025-07-31 20:43:55,714 INFO  [io.api.tes.uti.TestSeparator] (main) io.apicurio.tests.serdes.apicurio.AvroSerdeIT.testFirstEmptyFieldConfusedAsMagicByte-STARTED
**** Registry Base URL: http://registry-app-kafkasql.apps.ci419.apicurio-testing.org:80
2025-07-31 20:43:55,715 INFO  [org.apa.kaf.cli.pro.ProducerConfig] (main) ProducerConfig values: 
	acks = -1
	auto.include.jmx.reporter = true
	batch.size = 16384
	bootstrap.servers = [PLAINTEXT://localhost:32770]
	buffer.memory = 33554432
	client.dns.lookup = use_all_dns_ips
	client.id = Producer-topic-22b0c9e0_9a1d_4f50_89d7_55dd1d791e2f
	compression.gzip.level = -1
	compression.lz4.level = 9
	compression.type = none
	compression.zstd.level = 3
	connections.max.idle.ms = 10000
	delivery.timeout.ms = 120000
	enable.idempotence = true
	enable.metrics.push = true
	interceptor.classes = []
	key.serializer = class org.apache.kafka.common.serialization.StringSerializer
	linger.ms = 0
	max.block.ms = 60000
	max.in.flight.requests.per.connection = 5
	max.request.size = 1048576
	metadata.max.age.ms = 300000
	metadata.max.idle.ms = 300000
	metadata.recovery.strategy = none
	metric.reporters = []
	metrics.num.samples = 2
	metrics.recording.level = INFO
	metrics.sample.window.ms = 30000
	partitioner.adaptive.partitioning.enable = true
	partitioner.availability.timeout.ms = 0
	partitioner.class = null
	partitioner.ignore.keys = false
	receive.buffer.bytes = 32768
	reconnect.backoff.max.ms = 1000
	reconnect.backoff.ms = 50
	request.timeout.ms = 5000
	retries = 2147483647
	retry.backoff.max.ms = 1000
	retry.backoff.ms = 100
	sasl.client.callback.handler.class = null
	sasl.jaas.config = null
	sasl.kerberos.kinit.cmd = /usr/bin/kinit
	sasl.kerberos.min.time.before.relogin = 60000
	sasl.kerberos.service.name = null
	sasl.kerberos.ticket.renew.jitter = 0.05
	sasl.kerberos.ticket.renew.window.factor = 0.8
	sasl.login.callback.handler.class = null
	sasl.login.class = null
	sasl.login.connect.timeout.ms = null
	sasl.login.read.timeout.ms = null
	sasl.login.refresh.buffer.seconds = 300
	sasl.login.refresh.min.period.seconds = 60
	sasl.login.refresh.window.factor = 0.8
	sasl.login.refresh.window.jitter = 0.05
	sasl.login.retry.backoff.max.ms = 10000
	sasl.login.retry.backoff.ms = 100
	sasl.mechanism = GSSAPI
	sasl.oauthbearer.clock.skew.seconds = 30
	sasl.oauthbearer.expected.audience = null
	sasl.oauthbearer.expected.issuer = null
	sasl.oauthbearer.header.urlencode = false
	sasl.oauthbearer.jwks.endpoint.refresh.ms = 3600000
	sasl.oauthbearer.jwks.endpoint.retry.backoff.max.ms = 10000
	sasl.oauthbearer.jwks.endpoint.retry.backoff.ms = 100
	sasl.oauthbearer.jwks.endpoint.url = null
	sasl.oauthbearer.scope.claim.name = scope
	sasl.oauthbearer.sub.claim.name = sub
	sasl.oauthbearer.token.endpoint.url = null
	security.protocol = PLAINTEXT
	security.providers = null
	send.buffer.bytes = 131072
	socket.connection.setup.timeout.max.ms = 30000
	socket.connection.setup.timeout.ms = 10000
	ssl.cipher.suites = null
	ssl.enabled.protocols = [TLSv1.2, TLSv1.3]
	ssl.endpoint.identification.algorithm = https
	ssl.engine.factory.class = null
	ssl.key.password = null
	ssl.keymanager.algorithm = SunX509
	ssl.keystore.certificate.chain = null
	ssl.keystore.key = null
	ssl.keystore.location = null
	ssl.keystore.password = null
	ssl.keystore.type = JKS
	ssl.protocol = TLSv1.3
	ssl.provider = null
	ssl.secure.random.implementation = null
	ssl.trustmanager.algorithm = PKIX
	ssl.truststore.certificates = null
	ssl.truststore.location = null
	ssl.truststore.password = null
	ssl.truststore.type = JKS
	transaction.timeout.ms = 60000
	transactional.id = null
	value.serializer = class io.apicurio.registry.serde.avro.AvroKafkaSerializer

2025-07-31 20:43:55,720 INFO  [org.apa.kaf.com.tel.int.KafkaMetricsCollector] (main) initializing Kafka metrics collector
2025-07-31 20:43:55,726 INFO  [org.apa.kaf.cli.pro.KafkaProducer] (main) [Producer clientId=Producer-topic-22b0c9e0_9a1d_4f50_89d7_55dd1d791e2f] Instantiated an idempotent producer.
2025-07-31 20:43:55,728 INFO  [org.apa.kaf.cli.pro.ProducerConfig] (main) These configurations '[apicurio.registry.url, apicurio.registry.auto-register, apicurio.registry.artifact-resolver-strategy]' were supplied but are not used yet.
2025-07-31 20:43:55,728 INFO  [org.apa.kaf.com.uti.AppInfoParser] (main) Kafka version: 3.9.1
2025-07-31 20:43:55,728 INFO  [org.apa.kaf.com.uti.AppInfoParser] (main) Kafka commitId: f745dfdcee2b9851
2025-07-31 20:43:55,729 INFO  [org.apa.kaf.com.uti.AppInfoParser] (main) Kafka startTimeMs: 1753994635728
2025-07-31 20:43:55,729 INFO  [io.api.tes.ser.api.SimpleSerdesTesterBuilder$SimpleSerdesTester] (main) Using producer configuration: {apicurio.registry.url=http://registry-app-kafkasql.apps.ci419.apicurio-testing.org:80/apis/registry/v3, apicurio.registry.auto-register=true, apicurio.registry.artifact-resolver-strategy=io.apicurio.registry.serde.strategy.SimpleTopicIdStrategy, value.serializer=io.apicurio.registry.serde.avro.AvroKafkaSerializer, request.timeout.ms=5000, acks=all, bootstrap.servers=PLAINTEXT://localhost:32770, connections.max.idle.ms=10000, key.serializer=org.apache.kafka.common.serialization.StringSerializer, client.id=Producer-topic-22b0c9e0_9a1d_4f50_89d7_55dd1d791e2f}
2025-07-31 20:43:55,729 INFO  [io.api.tes.ser.api.SimpleSerdesTesterBuilder$SimpleSerdesTester] (main) Using consumer configuration: {}
2025-07-31 20:43:55,730 INFO  [io.api.tes.ser.api.KafkaSerdesTester] (Thread-726) Sending message {"username": null} to topic topic-22b0c9e0_9a1d_4f50_89d7_55dd1d791e2f
2025-07-31 20:43:55,745 WARN  [org.apa.kaf.cli.NetworkClient] (kafka-producer-network-thread | Producer-topic-22b0c9e0_9a1d_4f50_89d7_55dd1d791e2f) [Producer clientId=Producer-topic-22b0c9e0_9a1d_4f50_89d7_55dd1d791e2f] The metadata response from the cluster reported a recoverable issue with correlation id 2 : {topic-22b0c9e0_9a1d_4f50_89d7_55dd1d791e2f=LEADER_NOT_AVAILABLE}
2025-07-31 20:43:55,746 INFO  [org.apa.kaf.cli.Metadata] (kafka-producer-network-thread | Producer-topic-22b0c9e0_9a1d_4f50_89d7_55dd1d791e2f) [Producer clientId=Producer-topic-22b0c9e0_9a1d_4f50_89d7_55dd1d791e2f] Cluster ID: cdvAFU1gQSCWwJ-LEPQTSg
2025-07-31 20:43:55,746 INFO  [org.apa.kaf.cli.pro.int.TransactionManager] (kafka-producer-network-thread | Producer-topic-22b0c9e0_9a1d_4f50_89d7_55dd1d791e2f) [Producer clientId=Producer-topic-22b0c9e0_9a1d_4f50_89d7_55dd1d791e2f] ProducerId set to 23 with epoch 0
2025-07-31 20:43:55,965 INFO  [io.api.tes.ser.api.KafkaSerdesTester] (Thread-726) Sending message {"username": null} to topic topic-22b0c9e0_9a1d_4f50_89d7_55dd1d791e2f
2025-07-31 20:43:55,967 INFO  [io.api.tes.ser.api.KafkaSerdesTester] (Thread-726) Sending message {"username": "value-2"} to topic topic-22b0c9e0_9a1d_4f50_89d7_55dd1d791e2f
2025-07-31 20:43:55,970 INFO  [io.api.tes.ser.api.KafkaSerdesTester] (Thread-726) Sending message {"username": null} to topic topic-22b0c9e0_9a1d_4f50_89d7_55dd1d791e2f
2025-07-31 20:43:55,977 INFO  [io.api.tes.ser.api.KafkaSerdesTester] (Thread-726) Sending message {"username": "value-4"} to topic topic-22b0c9e0_9a1d_4f50_89d7_55dd1d791e2f
2025-07-31 20:43:55,981 INFO  [io.api.tes.ser.api.KafkaSerdesTester] (Thread-726) Sending message {"username": null} to topic topic-22b0c9e0_9a1d_4f50_89d7_55dd1d791e2f
2025-07-31 20:43:55,986 INFO  [io.api.tes.ser.api.KafkaSerdesTester] (Thread-726) Sending message {"username": "value-6"} to topic topic-22b0c9e0_9a1d_4f50_89d7_55dd1d791e2f
2025-07-31 20:43:55,989 INFO  [io.api.tes.ser.api.KafkaSerdesTester] (Thread-726) Sending message {"username": null} to topic topic-22b0c9e0_9a1d_4f50_89d7_55dd1d791e2f
2025-07-31 20:43:55,992 INFO  [io.api.tes.ser.api.KafkaSerdesTester] (Thread-726) Sending message {"username": "value-8"} to topic topic-22b0c9e0_9a1d_4f50_89d7_55dd1d791e2f
2025-07-31 20:43:55,997 INFO  [io.api.tes.ser.api.KafkaSerdesTester] (Thread-726) Sending message {"username": null} to topic topic-22b0c9e0_9a1d_4f50_89d7_55dd1d791e2f
2025-07-31 20:43:56,000 INFO  [io.api.tes.ser.api.KafkaSerdesTester] (Thread-726) Produced 10 messages
2025-07-31 20:43:56,000 INFO  [org.apa.kaf.cli.pro.KafkaProducer] (Thread-726) [Producer clientId=Producer-topic-22b0c9e0_9a1d_4f50_89d7_55dd1d791e2f] Closing the Kafka producer with timeoutMillis = 9223372036854775807 ms.
2025-07-31 20:43:56,005 INFO  [org.apa.kaf.com.met.Metrics] (Thread-726) Metrics scheduler closed
2025-07-31 20:43:56,005 INFO  [org.apa.kaf.com.met.Metrics] (Thread-726) Closing reporter org.apache.kafka.common.metrics.JmxReporter
2025-07-31 20:43:56,005 INFO  [org.apa.kaf.com.met.Metrics] (Thread-726) Closing reporter org.apache.kafka.common.telemetry.internals.ClientTelemetryReporter
2025-07-31 20:43:56,005 INFO  [org.apa.kaf.com.met.Metrics] (Thread-726) Metrics reporters closed
2025-07-31 20:43:56,005 INFO  [org.apa.kaf.com.uti.AppInfoParser] (Thread-726) App info kafka.producer for Producer-topic-22b0c9e0_9a1d_4f50_89d7_55dd1d791e2f unregistered
**** Registry Base URL: http://registry-app-kafkasql.apps.ci419.apicurio-testing.org:80
2025-07-31 20:43:56,066 INFO  [org.apa.kaf.cli.con.ConsumerConfig] (main) ConsumerConfig values: 
	allow.auto.create.topics = true
	auto.commit.interval.ms = 500
	auto.include.jmx.reporter = true
	auto.offset.reset = earliest
	bootstrap.servers = [PLAINTEXT://localhost:32770]
	check.crcs = true
	client.dns.lookup = use_all_dns_ips
	client.id = consumer-Consumer-topic-22b0c9e0_9a1d_4f50_89d7_55dd1d791e2f-17
	client.rack = 
	connections.max.idle.ms = 10000
	default.api.timeout.ms = 60000
	enable.auto.commit = true
	enable.metrics.push = true
	exclude.internal.topics = true
	fetch.max.bytes = 52428800
	fetch.max.wait.ms = 500
	fetch.min.bytes = 1
	group.id = Consumer-topic-22b0c9e0_9a1d_4f50_89d7_55dd1d791e2f
	group.instance.id = null
	group.protocol = classic
	group.remote.assignor = null
	heartbeat.interval.ms = 3000
	interceptor.classes = []
	internal.leave.group.on.close = true
	internal.throw.on.fetch.stable.offset.unsupported = false
	isolation.level = read_uncommitted
	key.deserializer = class org.apache.kafka.common.serialization.StringDeserializer
	max.partition.fetch.bytes = 1048576
	max.poll.interval.ms = 300000
	max.poll.records = 500
	metadata.max.age.ms = 300000
	metadata.recovery.strategy = none
	metric.reporters = []
	metrics.num.samples = 2
	metrics.recording.level = INFO
	metrics.sample.window.ms = 30000
	partition.assignment.strategy = [class org.apache.kafka.clients.consumer.RangeAssignor, class org.apache.kafka.clients.consumer.CooperativeStickyAssignor]
	receive.buffer.bytes = 65536
	reconnect.backoff.max.ms = 1000
	reconnect.backoff.ms = 50
	request.timeout.ms = 5000
	retry.backoff.max.ms = 1000
	retry.backoff.ms = 100
	sasl.client.callback.handler.class = null
	sasl.jaas.config = null
	sasl.kerberos.kinit.cmd = /usr/bin/kinit
	sasl.kerberos.min.time.before.relogin = 60000
	sasl.kerberos.service.name = null
	sasl.kerberos.ticket.renew.jitter = 0.05
	sasl.kerberos.ticket.renew.window.factor = 0.8
	sasl.login.callback.handler.class = null
	sasl.login.class = null
	sasl.login.connect.timeout.ms = null
	sasl.login.read.timeout.ms = null
	sasl.login.refresh.buffer.seconds = 300
	sasl.login.refresh.min.period.seconds = 60
	sasl.login.refresh.window.factor = 0.8
	sasl.login.refresh.window.jitter = 0.05
	sasl.login.retry.backoff.max.ms = 10000
	sasl.login.retry.backoff.ms = 100
	sasl.mechanism = GSSAPI
	sasl.oauthbearer.clock.skew.seconds = 30
	sasl.oauthbearer.expected.audience = null
	sasl.oauthbearer.expected.issuer = null
	sasl.oauthbearer.header.urlencode = false
	sasl.oauthbearer.jwks.endpoint.refresh.ms = 3600000
	sasl.oauthbearer.jwks.endpoint.retry.backoff.max.ms = 10000
	sasl.oauthbearer.jwks.endpoint.retry.backoff.ms = 100
	sasl.oauthbearer.jwks.endpoint.url = null
	sasl.oauthbearer.scope.claim.name = scope
	sasl.oauthbearer.sub.claim.name = sub
	sasl.oauthbearer.token.endpoint.url = null
	security.protocol = PLAINTEXT
	security.providers = null
	send.buffer.bytes = 131072
	session.timeout.ms = 45000
	socket.connection.setup.timeout.max.ms = 30000
	socket.connection.setup.timeout.ms = 10000
	ssl.cipher.suites = null
	ssl.enabled.protocols = [TLSv1.2, TLSv1.3]
	ssl.endpoint.identification.algorithm = https
	ssl.engine.factory.class = null
	ssl.key.password = null
	ssl.keymanager.algorithm = SunX509
	ssl.keystore.certificate.chain = null
	ssl.keystore.key = null
	ssl.keystore.location = null
	ssl.keystore.password = null
	ssl.keystore.type = JKS
	ssl.protocol = TLSv1.3
	ssl.provider = null
	ssl.secure.random.implementation = null
	ssl.trustmanager.algorithm = PKIX
	ssl.truststore.certificates = null
	ssl.truststore.location = null
	ssl.truststore.password = null
	ssl.truststore.type = JKS
	value.deserializer = class io.apicurio.registry.serde.avro.AvroKafkaDeserializer

2025-07-31 20:43:56,067 INFO  [org.apa.kaf.com.tel.int.KafkaMetricsCollector] (main) initializing Kafka metrics collector
2025-07-31 20:43:56,073 INFO  [org.apa.kaf.cli.con.ConsumerConfig] (main) These configurations '[apicurio.registry.url]' were supplied but are not used yet.
2025-07-31 20:43:56,073 INFO  [org.apa.kaf.com.uti.AppInfoParser] (main) Kafka version: 3.9.1
2025-07-31 20:43:56,073 INFO  [org.apa.kaf.com.uti.AppInfoParser] (main) Kafka commitId: f745dfdcee2b9851
2025-07-31 20:43:56,073 INFO  [org.apa.kaf.com.uti.AppInfoParser] (main) Kafka startTimeMs: 1753994636073
2025-07-31 20:43:56,076 INFO  [org.apa.kaf.cli.con.int.ClassicKafkaConsumer] (Thread-729) [Consumer clientId=consumer-Consumer-topic-22b0c9e0_9a1d_4f50_89d7_55dd1d791e2f-17, groupId=Consumer-topic-22b0c9e0_9a1d_4f50_89d7_55dd1d791e2f] Subscribed to topic(s): topic-22b0c9e0_9a1d_4f50_89d7_55dd1d791e2f
2025-07-31 20:43:56,080 INFO  [org.apa.kaf.cli.Metadata] (Thread-729) [Consumer clientId=consumer-Consumer-topic-22b0c9e0_9a1d_4f50_89d7_55dd1d791e2f-17, groupId=Consumer-topic-22b0c9e0_9a1d_4f50_89d7_55dd1d791e2f] Cluster ID: cdvAFU1gQSCWwJ-LEPQTSg
2025-07-31 20:43:56,081 INFO  [org.apa.kaf.cli.con.int.ConsumerCoordinator] (Thread-729) [Consumer clientId=consumer-Consumer-topic-22b0c9e0_9a1d_4f50_89d7_55dd1d791e2f-17, groupId=Consumer-topic-22b0c9e0_9a1d_4f50_89d7_55dd1d791e2f] Discovered group coordinator localhost:32770 (id: 2147483647 rack: null)
2025-07-31 20:43:56,083 INFO  [org.apa.kaf.cli.con.int.ConsumerCoordinator] (Thread-729) [Consumer clientId=consumer-Consumer-topic-22b0c9e0_9a1d_4f50_89d7_55dd1d791e2f-17, groupId=Consumer-topic-22b0c9e0_9a1d_4f50_89d7_55dd1d791e2f] (Re-)joining group
2025-07-31 20:43:56,085 INFO  [org.apa.kaf.cli.con.int.ConsumerCoordinator] (Thread-729) [Consumer clientId=consumer-Consumer-topic-22b0c9e0_9a1d_4f50_89d7_55dd1d791e2f-17, groupId=Consumer-topic-22b0c9e0_9a1d_4f50_89d7_55dd1d791e2f] Request joining group due to: need to re-join with the given member-id: consumer-Consumer-topic-22b0c9e0_9a1d_4f50_89d7_55dd1d791e2f-17-0ea4c6fa-d54c-400e-841f-3db587bedb90
2025-07-31 20:43:56,085 INFO  [org.apa.kaf.cli.con.int.ConsumerCoordinator] (Thread-729) [Consumer clientId=consumer-Consumer-topic-22b0c9e0_9a1d_4f50_89d7_55dd1d791e2f-17, groupId=Consumer-topic-22b0c9e0_9a1d_4f50_89d7_55dd1d791e2f] (Re-)joining group
2025-07-31 20:43:56,088 INFO  [org.apa.kaf.cli.con.int.ConsumerCoordinator] (Thread-729) [Consumer clientId=consumer-Consumer-topic-22b0c9e0_9a1d_4f50_89d7_55dd1d791e2f-17, groupId=Consumer-topic-22b0c9e0_9a1d_4f50_89d7_55dd1d791e2f] Successfully joined group with generation Generation{generationId=1, memberId='consumer-Consumer-topic-22b0c9e0_9a1d_4f50_89d7_55dd1d791e2f-17-0ea4c6fa-d54c-400e-841f-3db587bedb90', protocol='range'}
2025-07-31 20:43:56,088 INFO  [org.apa.kaf.cli.con.int.ConsumerCoordinator] (Thread-729) [Consumer clientId=consumer-Consumer-topic-22b0c9e0_9a1d_4f50_89d7_55dd1d791e2f-17, groupId=Consumer-topic-22b0c9e0_9a1d_4f50_89d7_55dd1d791e2f] Finished assignment for group at generation 1: {consumer-Consumer-topic-22b0c9e0_9a1d_4f50_89d7_55dd1d791e2f-17-0ea4c6fa-d54c-400e-841f-3db587bedb90=Assignment(partitions=[topic-22b0c9e0_9a1d_4f50_89d7_55dd1d791e2f-0])}
2025-07-31 20:43:56,091 INFO  [org.apa.kaf.cli.con.int.ConsumerCoordinator] (Thread-729) [Consumer clientId=consumer-Consumer-topic-22b0c9e0_9a1d_4f50_89d7_55dd1d791e2f-17, groupId=Consumer-topic-22b0c9e0_9a1d_4f50_89d7_55dd1d791e2f] Successfully synced group in generation Generation{generationId=1, memberId='consumer-Consumer-topic-22b0c9e0_9a1d_4f50_89d7_55dd1d791e2f-17-0ea4c6fa-d54c-400e-841f-3db587bedb90', protocol='range'}
2025-07-31 20:43:56,091 INFO  [org.apa.kaf.cli.con.int.ConsumerCoordinator] (Thread-729) [Consumer clientId=consumer-Consumer-topic-22b0c9e0_9a1d_4f50_89d7_55dd1d791e2f-17, groupId=Consumer-topic-22b0c9e0_9a1d_4f50_89d7_55dd1d791e2f] Notifying assignor about the new Assignment(partitions=[topic-22b0c9e0_9a1d_4f50_89d7_55dd1d791e2f-0])
2025-07-31 20:43:56,091 INFO  [org.apa.kaf.cli.con.int.ConsumerRebalanceListenerInvoker] (Thread-729) [Consumer clientId=consumer-Consumer-topic-22b0c9e0_9a1d_4f50_89d7_55dd1d791e2f-17, groupId=Consumer-topic-22b0c9e0_9a1d_4f50_89d7_55dd1d791e2f] Adding newly assigned partitions: topic-22b0c9e0_9a1d_4f50_89d7_55dd1d791e2f-0
2025-07-31 20:43:56,092 INFO  [org.apa.kaf.cli.con.int.ConsumerCoordinator] (Thread-729) [Consumer clientId=consumer-Consumer-topic-22b0c9e0_9a1d_4f50_89d7_55dd1d791e2f-17, groupId=Consumer-topic-22b0c9e0_9a1d_4f50_89d7_55dd1d791e2f] Found no committed offset for partition topic-22b0c9e0_9a1d_4f50_89d7_55dd1d791e2f-0
2025-07-31 20:43:56,095 INFO  [org.apa.kaf.cli.con.int.SubscriptionState] (Thread-729) [Consumer clientId=consumer-Consumer-topic-22b0c9e0_9a1d_4f50_89d7_55dd1d791e2f-17, groupId=Consumer-topic-22b0c9e0_9a1d_4f50_89d7_55dd1d791e2f] Resetting offset for partition topic-22b0c9e0_9a1d_4f50_89d7_55dd1d791e2f-0 to position FetchPosition{offset=0, offsetEpoch=Optional.empty, currentLeader=LeaderAndEpoch{leader=Optional[localhost:32770 (id: 0 rack: null)], epoch=0}}.
2025-07-31 20:43:56,177 INFO  [io.api.tes.ser.api.KafkaSerdesTester] (Thread-729) topic-22b0c9e0_9a1d_4f50_89d7_55dd1d791e2f 0 0 {"username": null}
2025-07-31 20:43:56,177 INFO  [io.api.tes.ser.api.KafkaSerdesTester] (Thread-729) topic-22b0c9e0_9a1d_4f50_89d7_55dd1d791e2f 0 1 {"username": null}
2025-07-31 20:43:56,177 INFO  [io.api.tes.ser.api.KafkaSerdesTester] (Thread-729) topic-22b0c9e0_9a1d_4f50_89d7_55dd1d791e2f 0 2 {"username": "value-2"}
2025-07-31 20:43:56,177 INFO  [io.api.tes.ser.api.KafkaSerdesTester] (Thread-729) topic-22b0c9e0_9a1d_4f50_89d7_55dd1d791e2f 0 3 {"username": null}
2025-07-31 20:43:56,177 INFO  [io.api.tes.ser.api.KafkaSerdesTester] (Thread-729) topic-22b0c9e0_9a1d_4f50_89d7_55dd1d791e2f 0 4 {"username": "value-4"}
2025-07-31 20:43:56,177 INFO  [io.api.tes.ser.api.KafkaSerdesTester] (Thread-729) topic-22b0c9e0_9a1d_4f50_89d7_55dd1d791e2f 0 5 {"username": null}
2025-07-31 20:43:56,178 INFO  [io.api.tes.ser.api.KafkaSerdesTester] (Thread-729) topic-22b0c9e0_9a1d_4f50_89d7_55dd1d791e2f 0 6 {"username": "value-6"}
2025-07-31 20:43:56,178 INFO  [io.api.tes.ser.api.KafkaSerdesTester] (Thread-729) topic-22b0c9e0_9a1d_4f50_89d7_55dd1d791e2f 0 7 {"username": null}
2025-07-31 20:43:56,178 INFO  [io.api.tes.ser.api.KafkaSerdesTester] (Thread-729) topic-22b0c9e0_9a1d_4f50_89d7_55dd1d791e2f 0 8 {"username": "value-8"}
2025-07-31 20:43:56,178 INFO  [io.api.tes.ser.api.KafkaSerdesTester] (Thread-729) topic-22b0c9e0_9a1d_4f50_89d7_55dd1d791e2f 0 9 {"username": null}
2025-07-31 20:43:56,178 INFO  [io.api.tes.ser.api.KafkaSerdesTester] (Thread-729) Consumed 10 messages
2025-07-31 20:43:56,180 INFO  [org.apa.kaf.cli.con.int.ConsumerRebalanceListenerInvoker] (Thread-729) [Consumer clientId=consumer-Consumer-topic-22b0c9e0_9a1d_4f50_89d7_55dd1d791e2f-17, groupId=Consumer-topic-22b0c9e0_9a1d_4f50_89d7_55dd1d791e2f] Revoke previously assigned partitions topic-22b0c9e0_9a1d_4f50_89d7_55dd1d791e2f-0
2025-07-31 20:43:56,181 INFO  [org.apa.kaf.cli.con.int.ConsumerCoordinator] (Thread-729) [Consumer clientId=consumer-Consumer-topic-22b0c9e0_9a1d_4f50_89d7_55dd1d791e2f-17, groupId=Consumer-topic-22b0c9e0_9a1d_4f50_89d7_55dd1d791e2f] Member consumer-Consumer-topic-22b0c9e0_9a1d_4f50_89d7_55dd1d791e2f-17-0ea4c6fa-d54c-400e-841f-3db587bedb90 sending LeaveGroup request to coordinator localhost:32770 (id: 2147483647 rack: null) due to the consumer is being closed
2025-07-31 20:43:56,181 INFO  [org.apa.kaf.cli.con.int.ConsumerCoordinator] (Thread-729) [Consumer clientId=consumer-Consumer-topic-22b0c9e0_9a1d_4f50_89d7_55dd1d791e2f-17, groupId=Consumer-topic-22b0c9e0_9a1d_4f50_89d7_55dd1d791e2f] Resetting generation and member id due to: consumer pro-actively leaving the group
2025-07-31 20:43:56,181 INFO  [org.apa.kaf.cli.con.int.ConsumerCoordinator] (Thread-729) [Consumer clientId=consumer-Consumer-topic-22b0c9e0_9a1d_4f50_89d7_55dd1d791e2f-17, groupId=Consumer-topic-22b0c9e0_9a1d_4f50_89d7_55dd1d791e2f] Request joining group due to: consumer pro-actively leaving the group
2025-07-31 20:43:56,680 INFO  [org.apa.kaf.com.met.Metrics] (Thread-729) Metrics scheduler closed
2025-07-31 20:43:56,680 INFO  [org.apa.kaf.com.met.Metrics] (Thread-729) Closing reporter org.apache.kafka.common.metrics.JmxReporter
2025-07-31 20:43:56,680 INFO  [org.apa.kaf.com.met.Metrics] (Thread-729) Closing reporter org.apache.kafka.common.telemetry.internals.ClientTelemetryReporter
2025-07-31 20:43:56,680 INFO  [org.apa.kaf.com.met.Metrics] (Thread-729) Metrics reporters closed
2025-07-31 20:43:56,682 INFO  [org.apa.kaf.com.uti.AppInfoParser] (Thread-729) App info kafka.consumer for consumer-Consumer-topic-22b0c9e0_9a1d_4f50_89d7_55dd1d791e2f-17 unregistered
2025-07-31 20:43:56,682 INFO  [io.api.tes.uti.TestSeparator] (main) io.apicurio.tests.serdes.apicurio.AvroSerdeIT.testFirstEmptyFieldConfusedAsMagicByte-FINISHED
2025-07-31 20:43:56,682 INFO  [io.api.tes.uti.TestSeparator] (main) ############################################################################
Test passed: testFirstEmptyFieldConfusedAsMagicByte
]]></system-out>
  </testcase>
  <testcase name="testAvroSerDesFailDifferentSchemaByContent" classname="io.apicurio.tests.serdes.apicurio.AvroSerdeIT" time="1.189">
    <system-out><![CDATA[2025-07-31 20:43:56,684 INFO  [io.api.tes.uti.TestSeparator] (main) ############################################################################
2025-07-31 20:43:56,684 INFO  [io.api.tes.uti.TestSeparator] (main) io.apicurio.tests.serdes.apicurio.AvroSerdeIT.testAvroSerDesFailDifferentSchemaByContent-STARTED
**** Registry Base URL: http://registry-app-kafkasql.apps.ci419.apicurio-testing.org:80
2025-07-31 20:43:57,781 INFO  [org.apa.kaf.cli.pro.ProducerConfig] (main) ProducerConfig values: 
	acks = -1
	auto.include.jmx.reporter = true
	batch.size = 16384
	bootstrap.servers = [PLAINTEXT://localhost:32770]
	buffer.memory = 33554432
	client.dns.lookup = use_all_dns_ips
	client.id = Producer-topic-bafdd884_bc77_4961_bc9c_3b7d9d002590
	compression.gzip.level = -1
	compression.lz4.level = 9
	compression.type = none
	compression.zstd.level = 3
	connections.max.idle.ms = 10000
	delivery.timeout.ms = 120000
	enable.idempotence = true
	enable.metrics.push = true
	interceptor.classes = []
	key.serializer = class org.apache.kafka.common.serialization.StringSerializer
	linger.ms = 0
	max.block.ms = 60000
	max.in.flight.requests.per.connection = 5
	max.request.size = 1048576
	metadata.max.age.ms = 300000
	metadata.max.idle.ms = 300000
	metadata.recovery.strategy = none
	metric.reporters = []
	metrics.num.samples = 2
	metrics.recording.level = INFO
	metrics.sample.window.ms = 30000
	partitioner.adaptive.partitioning.enable = true
	partitioner.availability.timeout.ms = 0
	partitioner.class = null
	partitioner.ignore.keys = false
	receive.buffer.bytes = 32768
	reconnect.backoff.max.ms = 1000
	reconnect.backoff.ms = 50
	request.timeout.ms = 5000
	retries = 2147483647
	retry.backoff.max.ms = 1000
	retry.backoff.ms = 100
	sasl.client.callback.handler.class = null
	sasl.jaas.config = null
	sasl.kerberos.kinit.cmd = /usr/bin/kinit
	sasl.kerberos.min.time.before.relogin = 60000
	sasl.kerberos.service.name = null
	sasl.kerberos.ticket.renew.jitter = 0.05
	sasl.kerberos.ticket.renew.window.factor = 0.8
	sasl.login.callback.handler.class = null
	sasl.login.class = null
	sasl.login.connect.timeout.ms = null
	sasl.login.read.timeout.ms = null
	sasl.login.refresh.buffer.seconds = 300
	sasl.login.refresh.min.period.seconds = 60
	sasl.login.refresh.window.factor = 0.8
	sasl.login.refresh.window.jitter = 0.05
	sasl.login.retry.backoff.max.ms = 10000
	sasl.login.retry.backoff.ms = 100
	sasl.mechanism = GSSAPI
	sasl.oauthbearer.clock.skew.seconds = 30
	sasl.oauthbearer.expected.audience = null
	sasl.oauthbearer.expected.issuer = null
	sasl.oauthbearer.header.urlencode = false
	sasl.oauthbearer.jwks.endpoint.refresh.ms = 3600000
	sasl.oauthbearer.jwks.endpoint.retry.backoff.max.ms = 10000
	sasl.oauthbearer.jwks.endpoint.retry.backoff.ms = 100
	sasl.oauthbearer.jwks.endpoint.url = null
	sasl.oauthbearer.scope.claim.name = scope
	sasl.oauthbearer.sub.claim.name = sub
	sasl.oauthbearer.token.endpoint.url = null
	security.protocol = PLAINTEXT
	security.providers = null
	send.buffer.bytes = 131072
	socket.connection.setup.timeout.max.ms = 30000
	socket.connection.setup.timeout.ms = 10000
	ssl.cipher.suites = null
	ssl.enabled.protocols = [TLSv1.2, TLSv1.3]
	ssl.endpoint.identification.algorithm = https
	ssl.engine.factory.class = null
	ssl.key.password = null
	ssl.keymanager.algorithm = SunX509
	ssl.keystore.certificate.chain = null
	ssl.keystore.key = null
	ssl.keystore.location = null
	ssl.keystore.password = null
	ssl.keystore.type = JKS
	ssl.protocol = TLSv1.3
	ssl.provider = null
	ssl.secure.random.implementation = null
	ssl.trustmanager.algorithm = PKIX
	ssl.truststore.certificates = null
	ssl.truststore.location = null
	ssl.truststore.password = null
	ssl.truststore.type = JKS
	transaction.timeout.ms = 60000
	transactional.id = null
	value.serializer = class io.apicurio.registry.serde.avro.AvroKafkaSerializer

2025-07-31 20:43:57,781 INFO  [org.apa.kaf.com.tel.int.KafkaMetricsCollector] (main) initializing Kafka metrics collector
2025-07-31 20:43:57,784 INFO  [org.apa.kaf.cli.pro.KafkaProducer] (main) [Producer clientId=Producer-topic-bafdd884_bc77_4961_bc9c_3b7d9d002590] Instantiated an idempotent producer.
2025-07-31 20:43:57,786 INFO  [org.apa.kaf.cli.pro.ProducerConfig] (main) These configurations '[apicurio.registry.url, apicurio.registry.artifact-resolver-strategy]' were supplied but are not used yet.
2025-07-31 20:43:57,786 INFO  [org.apa.kaf.com.uti.AppInfoParser] (main) Kafka version: 3.9.1
2025-07-31 20:43:57,786 INFO  [org.apa.kaf.com.uti.AppInfoParser] (main) Kafka commitId: f745dfdcee2b9851
2025-07-31 20:43:57,786 INFO  [org.apa.kaf.com.uti.AppInfoParser] (main) Kafka startTimeMs: 1753994637786
2025-07-31 20:43:57,787 INFO  [io.api.tes.ser.api.KafkaSerdesTester] (Thread-732) Sending message {"keyB": "value-0"} to topic topic-bafdd884_bc77_4961_bc9c_3b7d9d002590
2025-07-31 20:43:57,791 INFO  [org.apa.kaf.cli.Metadata] (kafka-producer-network-thread | Producer-topic-bafdd884_bc77_4961_bc9c_3b7d9d002590) [Producer clientId=Producer-topic-bafdd884_bc77_4961_bc9c_3b7d9d002590] Cluster ID: cdvAFU1gQSCWwJ-LEPQTSg
2025-07-31 20:43:57,791 INFO  [DefaultSchemaResolver] (Thread-732) Retrieving schema content using string: {"type":"record","name":"s4e1964ffxc984x4c68xaeafx4cd3232dd756","namespace":"s7907d87dxb6cbx4619x8234x469dc8177c10","fields":[{"name":"keyB","type":"string"}]}
2025-07-31 20:43:57,791 INFO  [org.apa.kaf.cli.pro.int.TransactionManager] (kafka-producer-network-thread | Producer-topic-bafdd884_bc77_4961_bc9c_3b7d9d002590) [Producer clientId=Producer-topic-bafdd884_bc77_4961_bc9c_3b7d9d002590] ProducerId set to 24 with epoch 0
2025-07-31 20:43:57,868 INFO  [org.apa.kaf.cli.pro.KafkaProducer] (Thread-732) [Producer clientId=Producer-topic-bafdd884_bc77_4961_bc9c_3b7d9d002590] Closing the Kafka producer with timeoutMillis = 9223372036854775807 ms.
2025-07-31 20:43:57,871 INFO  [org.apa.kaf.com.met.Metrics] (Thread-732) Metrics scheduler closed
2025-07-31 20:43:57,871 INFO  [org.apa.kaf.com.met.Metrics] (Thread-732) Closing reporter org.apache.kafka.common.metrics.JmxReporter
2025-07-31 20:43:57,871 INFO  [org.apa.kaf.com.met.Metrics] (Thread-732) Closing reporter org.apache.kafka.common.telemetry.internals.ClientTelemetryReporter
2025-07-31 20:43:57,871 INFO  [org.apa.kaf.com.met.Metrics] (Thread-732) Metrics reporters closed
2025-07-31 20:43:57,872 INFO  [org.apa.kaf.com.uti.AppInfoParser] (Thread-732) App info kafka.producer for Producer-topic-bafdd884_bc77_4961_bc9c_3b7d9d002590 unregistered
2025-07-31 20:43:57,872 INFO  [io.api.tes.uti.TestSeparator] (main) io.apicurio.tests.serdes.apicurio.AvroSerdeIT.testAvroSerDesFailDifferentSchemaByContent-FINISHED
2025-07-31 20:43:57,872 INFO  [io.api.tes.uti.TestSeparator] (main) ############################################################################
Test passed: testAvroSerDesFailDifferentSchemaByContent
]]></system-out>
    <system-err><![CDATA[java.lang.RuntimeException: Could not resolve artifact reference by content: {"type":"record","name":"s4e1964ffxc984x4c68xaeafx4cd3232dd756","namespace":"s7907d87dxb6cbx4619x8234x469dc8177c10","fields":[{"name":"keyB","type":"string"}]}&ArtifactReference [groupId=s7907d87dxb6cbx4619x8234x469dc8177c10, artifactId=s4e1964ffxc984x4c68xaeafx4cd3232dd756, version=null, globalId=null, contentId=null, contentHash=null]
	at io.apicurio.registry.resolver.DefaultSchemaResolver.lambda$handleResolveSchemaByContent$3(DefaultSchemaResolver.java:265)
	at io.apicurio.registry.resolver.cache.ERCache.lambda$getValue$0(ERCache.java:174)
	at io.apicurio.registry.resolver.cache.ERCache.retry(ERCache.java:227)
	at io.apicurio.registry.resolver.cache.ERCache.getValue(ERCache.java:173)
	at io.apicurio.registry.resolver.cache.ERCache.getByContent(ERCache.java:147)
	at io.apicurio.registry.resolver.DefaultSchemaResolver.handleResolveSchemaByContent(DefaultSchemaResolver.java:253)
	at io.apicurio.registry.resolver.DefaultSchemaResolver.getSchemaFromRegistry(DefaultSchemaResolver.java:138)
	at io.apicurio.registry.resolver.DefaultSchemaResolver.lambda$resolveSchema$0(DefaultSchemaResolver.java:84)
	at java.base/java.util.Optional.orElseGet(Optional.java:364)
	at io.apicurio.registry.resolver.DefaultSchemaResolver.resolveSchema(DefaultSchemaResolver.java:84)
	at io.apicurio.registry.serde.AbstractSerializer.serializeData(AbstractSerializer.java:62)
	at io.apicurio.registry.serde.KafkaSerializer.serialize(KafkaSerializer.java:77)
	at org.apache.kafka.clients.producer.KafkaProducer.doSend(KafkaProducer.java:1046)
	at org.apache.kafka.clients.producer.KafkaProducer.send(KafkaProducer.java:993)
	at org.apache.kafka.clients.producer.KafkaProducer.send(KafkaProducer.java:875)
	at io.apicurio.tests.serdes.apicurio.KafkaSerdesTester.lambda$produceMessages$3(KafkaSerdesTester.java:138)
	at java.base/java.util.concurrent.CompletableFuture$AsyncSupply.run(CompletableFuture.java:1768)
	at java.base/java.lang.Thread.run(Thread.java:840)
]]></system-err>
  </testcase>
  <testcase name="testGlobalIdInBody" classname="io.apicurio.tests.serdes.apicurio.AvroSerdeIT" time="0.969">
    <system-out><![CDATA[2025-07-31 20:43:57,873 INFO  [io.api.tes.uti.TestSeparator] (main) ############################################################################
2025-07-31 20:43:57,873 INFO  [io.api.tes.uti.TestSeparator] (main) io.apicurio.tests.serdes.apicurio.AvroSerdeIT.testGlobalIdInBody-STARTED
**** Registry Base URL: http://registry-app-kafkasql.apps.ci419.apicurio-testing.org:80
2025-07-31 20:43:57,880 INFO  [org.apa.kaf.cli.pro.ProducerConfig] (main) ProducerConfig values: 
	acks = -1
	auto.include.jmx.reporter = true
	batch.size = 16384
	bootstrap.servers = [PLAINTEXT://localhost:32770]
	buffer.memory = 33554432
	client.dns.lookup = use_all_dns_ips
	client.id = Producer-topic-7a866d01_8d58_4ce4_b128_25c740ee3c05
	compression.gzip.level = -1
	compression.lz4.level = 9
	compression.type = none
	compression.zstd.level = 3
	connections.max.idle.ms = 10000
	delivery.timeout.ms = 120000
	enable.idempotence = true
	enable.metrics.push = true
	interceptor.classes = []
	key.serializer = class org.apache.kafka.common.serialization.StringSerializer
	linger.ms = 0
	max.block.ms = 60000
	max.in.flight.requests.per.connection = 5
	max.request.size = 1048576
	metadata.max.age.ms = 300000
	metadata.max.idle.ms = 300000
	metadata.recovery.strategy = none
	metric.reporters = []
	metrics.num.samples = 2
	metrics.recording.level = INFO
	metrics.sample.window.ms = 30000
	partitioner.adaptive.partitioning.enable = true
	partitioner.availability.timeout.ms = 0
	partitioner.class = null
	partitioner.ignore.keys = false
	receive.buffer.bytes = 32768
	reconnect.backoff.max.ms = 1000
	reconnect.backoff.ms = 50
	request.timeout.ms = 5000
	retries = 2147483647
	retry.backoff.max.ms = 1000
	retry.backoff.ms = 100
	sasl.client.callback.handler.class = null
	sasl.jaas.config = null
	sasl.kerberos.kinit.cmd = /usr/bin/kinit
	sasl.kerberos.min.time.before.relogin = 60000
	sasl.kerberos.service.name = null
	sasl.kerberos.ticket.renew.jitter = 0.05
	sasl.kerberos.ticket.renew.window.factor = 0.8
	sasl.login.callback.handler.class = null
	sasl.login.class = null
	sasl.login.connect.timeout.ms = null
	sasl.login.read.timeout.ms = null
	sasl.login.refresh.buffer.seconds = 300
	sasl.login.refresh.min.period.seconds = 60
	sasl.login.refresh.window.factor = 0.8
	sasl.login.refresh.window.jitter = 0.05
	sasl.login.retry.backoff.max.ms = 10000
	sasl.login.retry.backoff.ms = 100
	sasl.mechanism = GSSAPI
	sasl.oauthbearer.clock.skew.seconds = 30
	sasl.oauthbearer.expected.audience = null
	sasl.oauthbearer.expected.issuer = null
	sasl.oauthbearer.header.urlencode = false
	sasl.oauthbearer.jwks.endpoint.refresh.ms = 3600000
	sasl.oauthbearer.jwks.endpoint.retry.backoff.max.ms = 10000
	sasl.oauthbearer.jwks.endpoint.retry.backoff.ms = 100
	sasl.oauthbearer.jwks.endpoint.url = null
	sasl.oauthbearer.scope.claim.name = scope
	sasl.oauthbearer.sub.claim.name = sub
	sasl.oauthbearer.token.endpoint.url = null
	security.protocol = PLAINTEXT
	security.providers = null
	send.buffer.bytes = 131072
	socket.connection.setup.timeout.max.ms = 30000
	socket.connection.setup.timeout.ms = 10000
	ssl.cipher.suites = null
	ssl.enabled.protocols = [TLSv1.2, TLSv1.3]
	ssl.endpoint.identification.algorithm = https
	ssl.engine.factory.class = null
	ssl.key.password = null
	ssl.keymanager.algorithm = SunX509
	ssl.keystore.certificate.chain = null
	ssl.keystore.key = null
	ssl.keystore.location = null
	ssl.keystore.password = null
	ssl.keystore.type = JKS
	ssl.protocol = TLSv1.3
	ssl.provider = null
	ssl.secure.random.implementation = null
	ssl.trustmanager.algorithm = PKIX
	ssl.truststore.certificates = null
	ssl.truststore.location = null
	ssl.truststore.password = null
	ssl.truststore.type = JKS
	transaction.timeout.ms = 60000
	transactional.id = null
	value.serializer = class io.apicurio.registry.serde.avro.AvroKafkaSerializer

2025-07-31 20:43:57,887 INFO  [org.apa.kaf.com.tel.int.KafkaMetricsCollector] (main) initializing Kafka metrics collector
2025-07-31 20:43:57,898 INFO  [org.apa.kaf.cli.pro.KafkaProducer] (main) [Producer clientId=Producer-topic-7a866d01_8d58_4ce4_b128_25c740ee3c05] Instantiated an idempotent producer.
2025-07-31 20:43:57,900 INFO  [org.apa.kaf.cli.pro.ProducerConfig] (main) These configurations '[apicurio.registry.url, apicurio.registry.auto-register, apicurio.registry.use-id, apicurio.registry.artifact-resolver-strategy]' were supplied but are not used yet.
2025-07-31 20:43:57,900 INFO  [org.apa.kaf.com.uti.AppInfoParser] (main) Kafka version: 3.9.1
2025-07-31 20:43:57,900 INFO  [org.apa.kaf.com.uti.AppInfoParser] (main) Kafka commitId: f745dfdcee2b9851
2025-07-31 20:43:57,900 INFO  [org.apa.kaf.com.uti.AppInfoParser] (main) Kafka startTimeMs: 1753994637900
2025-07-31 20:43:57,901 INFO  [io.api.tes.ser.api.SimpleSerdesTesterBuilder$SimpleSerdesTester] (main) Using producer configuration: {apicurio.registry.url=http://registry-app-kafkasql.apps.ci419.apicurio-testing.org:80/apis/registry/v3, apicurio.registry.auto-register=true, apicurio.registry.use-id=globalId, apicurio.registry.artifact-resolver-strategy=io.apicurio.registry.serde.strategy.TopicIdStrategy, value.serializer=io.apicurio.registry.serde.avro.AvroKafkaSerializer, request.timeout.ms=5000, acks=all, bootstrap.servers=PLAINTEXT://localhost:32770, connections.max.idle.ms=10000, key.serializer=org.apache.kafka.common.serialization.StringSerializer, client.id=Producer-topic-7a866d01_8d58_4ce4_b128_25c740ee3c05}
2025-07-31 20:43:57,901 INFO  [io.api.tes.ser.api.SimpleSerdesTesterBuilder$SimpleSerdesTester] (main) Using consumer configuration: {apicurio.registry.use-id=globalId}
2025-07-31 20:43:57,907 INFO  [io.api.tes.ser.api.KafkaSerdesTester] (Thread-735) Sending message {"key11753994637879": "value-0"} to topic topic-7a866d01_8d58_4ce4_b128_25c740ee3c05
2025-07-31 20:43:57,919 WARN  [org.apa.kaf.cli.NetworkClient] (kafka-producer-network-thread | Producer-topic-7a866d01_8d58_4ce4_b128_25c740ee3c05) [Producer clientId=Producer-topic-7a866d01_8d58_4ce4_b128_25c740ee3c05] The metadata response from the cluster reported a recoverable issue with correlation id 2 : {topic-7a866d01_8d58_4ce4_b128_25c740ee3c05=LEADER_NOT_AVAILABLE}
2025-07-31 20:43:57,919 INFO  [org.apa.kaf.cli.Metadata] (kafka-producer-network-thread | Producer-topic-7a866d01_8d58_4ce4_b128_25c740ee3c05) [Producer clientId=Producer-topic-7a866d01_8d58_4ce4_b128_25c740ee3c05] Cluster ID: cdvAFU1gQSCWwJ-LEPQTSg
2025-07-31 20:43:57,921 INFO  [org.apa.kaf.cli.pro.int.TransactionManager] (kafka-producer-network-thread | Producer-topic-7a866d01_8d58_4ce4_b128_25c740ee3c05) [Producer clientId=Producer-topic-7a866d01_8d58_4ce4_b128_25c740ee3c05] ProducerId set to 25 with epoch 0
2025-07-31 20:43:58,136 INFO  [io.api.tes.ser.api.KafkaSerdesTester] (Thread-735) Sending message {"key11753994637879": "value-1"} to topic topic-7a866d01_8d58_4ce4_b128_25c740ee3c05
2025-07-31 20:43:58,140 INFO  [io.api.tes.ser.api.KafkaSerdesTester] (Thread-735) Sending message {"key11753994637879": "value-2"} to topic topic-7a866d01_8d58_4ce4_b128_25c740ee3c05
2025-07-31 20:43:58,141 INFO  [io.api.tes.ser.api.KafkaSerdesTester] (Thread-735) Sending message {"key11753994637879": "value-3"} to topic topic-7a866d01_8d58_4ce4_b128_25c740ee3c05
2025-07-31 20:43:58,145 INFO  [io.api.tes.ser.api.KafkaSerdesTester] (Thread-735) Sending message {"key11753994637879": "value-4"} to topic topic-7a866d01_8d58_4ce4_b128_25c740ee3c05
2025-07-31 20:43:58,147 INFO  [io.api.tes.ser.api.KafkaSerdesTester] (Thread-735) Sending message {"key11753994637879": "value-5"} to topic topic-7a866d01_8d58_4ce4_b128_25c740ee3c05
2025-07-31 20:43:58,155 INFO  [io.api.tes.ser.api.KafkaSerdesTester] (Thread-735) Sending message {"key11753994637879": "value-6"} to topic topic-7a866d01_8d58_4ce4_b128_25c740ee3c05
2025-07-31 20:43:58,159 INFO  [io.api.tes.ser.api.KafkaSerdesTester] (Thread-735) Sending message {"key11753994637879": "value-7"} to topic topic-7a866d01_8d58_4ce4_b128_25c740ee3c05
2025-07-31 20:43:58,161 INFO  [io.api.tes.ser.api.KafkaSerdesTester] (Thread-735) Sending message {"key11753994637879": "value-8"} to topic topic-7a866d01_8d58_4ce4_b128_25c740ee3c05
2025-07-31 20:43:58,162 INFO  [io.api.tes.ser.api.KafkaSerdesTester] (Thread-735) Sending message {"key11753994637879": "value-9"} to topic topic-7a866d01_8d58_4ce4_b128_25c740ee3c05
2025-07-31 20:43:58,165 INFO  [io.api.tes.ser.api.KafkaSerdesTester] (Thread-735) Produced 10 messages
2025-07-31 20:43:58,165 INFO  [org.apa.kaf.cli.pro.KafkaProducer] (Thread-735) [Producer clientId=Producer-topic-7a866d01_8d58_4ce4_b128_25c740ee3c05] Closing the Kafka producer with timeoutMillis = 9223372036854775807 ms.
2025-07-31 20:43:58,168 INFO  [org.apa.kaf.com.met.Metrics] (Thread-735) Metrics scheduler closed
2025-07-31 20:43:58,168 INFO  [org.apa.kaf.com.met.Metrics] (Thread-735) Closing reporter org.apache.kafka.common.metrics.JmxReporter
2025-07-31 20:43:58,168 INFO  [org.apa.kaf.com.met.Metrics] (Thread-735) Closing reporter org.apache.kafka.common.telemetry.internals.ClientTelemetryReporter
2025-07-31 20:43:58,168 INFO  [org.apa.kaf.com.met.Metrics] (Thread-735) Metrics reporters closed
2025-07-31 20:43:58,171 INFO  [org.apa.kaf.com.uti.AppInfoParser] (Thread-735) App info kafka.producer for Producer-topic-7a866d01_8d58_4ce4_b128_25c740ee3c05 unregistered
**** Registry Base URL: http://registry-app-kafkasql.apps.ci419.apicurio-testing.org:80
2025-07-31 20:43:58,225 INFO  [org.apa.kaf.cli.con.ConsumerConfig] (main) ConsumerConfig values: 
	allow.auto.create.topics = true
	auto.commit.interval.ms = 500
	auto.include.jmx.reporter = true
	auto.offset.reset = earliest
	bootstrap.servers = [PLAINTEXT://localhost:32770]
	check.crcs = true
	client.dns.lookup = use_all_dns_ips
	client.id = consumer-Consumer-topic-7a866d01_8d58_4ce4_b128_25c740ee3c05-18
	client.rack = 
	connections.max.idle.ms = 10000
	default.api.timeout.ms = 60000
	enable.auto.commit = true
	enable.metrics.push = true
	exclude.internal.topics = true
	fetch.max.bytes = 52428800
	fetch.max.wait.ms = 500
	fetch.min.bytes = 1
	group.id = Consumer-topic-7a866d01_8d58_4ce4_b128_25c740ee3c05
	group.instance.id = null
	group.protocol = classic
	group.remote.assignor = null
	heartbeat.interval.ms = 3000
	interceptor.classes = []
	internal.leave.group.on.close = true
	internal.throw.on.fetch.stable.offset.unsupported = false
	isolation.level = read_uncommitted
	key.deserializer = class org.apache.kafka.common.serialization.StringDeserializer
	max.partition.fetch.bytes = 1048576
	max.poll.interval.ms = 300000
	max.poll.records = 500
	metadata.max.age.ms = 300000
	metadata.recovery.strategy = none
	metric.reporters = []
	metrics.num.samples = 2
	metrics.recording.level = INFO
	metrics.sample.window.ms = 30000
	partition.assignment.strategy = [class org.apache.kafka.clients.consumer.RangeAssignor, class org.apache.kafka.clients.consumer.CooperativeStickyAssignor]
	receive.buffer.bytes = 65536
	reconnect.backoff.max.ms = 1000
	reconnect.backoff.ms = 50
	request.timeout.ms = 5000
	retry.backoff.max.ms = 1000
	retry.backoff.ms = 100
	sasl.client.callback.handler.class = null
	sasl.jaas.config = null
	sasl.kerberos.kinit.cmd = /usr/bin/kinit
	sasl.kerberos.min.time.before.relogin = 60000
	sasl.kerberos.service.name = null
	sasl.kerberos.ticket.renew.jitter = 0.05
	sasl.kerberos.ticket.renew.window.factor = 0.8
	sasl.login.callback.handler.class = null
	sasl.login.class = null
	sasl.login.connect.timeout.ms = null
	sasl.login.read.timeout.ms = null
	sasl.login.refresh.buffer.seconds = 300
	sasl.login.refresh.min.period.seconds = 60
	sasl.login.refresh.window.factor = 0.8
	sasl.login.refresh.window.jitter = 0.05
	sasl.login.retry.backoff.max.ms = 10000
	sasl.login.retry.backoff.ms = 100
	sasl.mechanism = GSSAPI
	sasl.oauthbearer.clock.skew.seconds = 30
	sasl.oauthbearer.expected.audience = null
	sasl.oauthbearer.expected.issuer = null
	sasl.oauthbearer.header.urlencode = false
	sasl.oauthbearer.jwks.endpoint.refresh.ms = 3600000
	sasl.oauthbearer.jwks.endpoint.retry.backoff.max.ms = 10000
	sasl.oauthbearer.jwks.endpoint.retry.backoff.ms = 100
	sasl.oauthbearer.jwks.endpoint.url = null
	sasl.oauthbearer.scope.claim.name = scope
	sasl.oauthbearer.sub.claim.name = sub
	sasl.oauthbearer.token.endpoint.url = null
	security.protocol = PLAINTEXT
	security.providers = null
	send.buffer.bytes = 131072
	session.timeout.ms = 45000
	socket.connection.setup.timeout.max.ms = 30000
	socket.connection.setup.timeout.ms = 10000
	ssl.cipher.suites = null
	ssl.enabled.protocols = [TLSv1.2, TLSv1.3]
	ssl.endpoint.identification.algorithm = https
	ssl.engine.factory.class = null
	ssl.key.password = null
	ssl.keymanager.algorithm = SunX509
	ssl.keystore.certificate.chain = null
	ssl.keystore.key = null
	ssl.keystore.location = null
	ssl.keystore.password = null
	ssl.keystore.type = JKS
	ssl.protocol = TLSv1.3
	ssl.provider = null
	ssl.secure.random.implementation = null
	ssl.trustmanager.algorithm = PKIX
	ssl.truststore.certificates = null
	ssl.truststore.location = null
	ssl.truststore.password = null
	ssl.truststore.type = JKS
	value.deserializer = class io.apicurio.registry.serde.avro.AvroKafkaDeserializer

2025-07-31 20:43:58,226 INFO  [org.apa.kaf.com.tel.int.KafkaMetricsCollector] (main) initializing Kafka metrics collector
2025-07-31 20:43:58,230 INFO  [org.apa.kaf.cli.con.ConsumerConfig] (main) These configurations '[apicurio.registry.url, apicurio.registry.use-id]' were supplied but are not used yet.
2025-07-31 20:43:58,230 INFO  [org.apa.kaf.com.uti.AppInfoParser] (main) Kafka version: 3.9.1
2025-07-31 20:43:58,230 INFO  [org.apa.kaf.com.uti.AppInfoParser] (main) Kafka commitId: f745dfdcee2b9851
2025-07-31 20:43:58,230 INFO  [org.apa.kaf.com.uti.AppInfoParser] (main) Kafka startTimeMs: 1753994638230
2025-07-31 20:43:58,231 INFO  [org.apa.kaf.cli.con.int.ClassicKafkaConsumer] (Thread-738) [Consumer clientId=consumer-Consumer-topic-7a866d01_8d58_4ce4_b128_25c740ee3c05-18, groupId=Consumer-topic-7a866d01_8d58_4ce4_b128_25c740ee3c05] Subscribed to topic(s): topic-7a866d01_8d58_4ce4_b128_25c740ee3c05
2025-07-31 20:43:58,239 INFO  [org.apa.kaf.cli.Metadata] (Thread-738) [Consumer clientId=consumer-Consumer-topic-7a866d01_8d58_4ce4_b128_25c740ee3c05-18, groupId=Consumer-topic-7a866d01_8d58_4ce4_b128_25c740ee3c05] Cluster ID: cdvAFU1gQSCWwJ-LEPQTSg
2025-07-31 20:43:58,239 INFO  [org.apa.kaf.cli.con.int.ConsumerCoordinator] (Thread-738) [Consumer clientId=consumer-Consumer-topic-7a866d01_8d58_4ce4_b128_25c740ee3c05-18, groupId=Consumer-topic-7a866d01_8d58_4ce4_b128_25c740ee3c05] Discovered group coordinator localhost:32770 (id: 2147483647 rack: null)
2025-07-31 20:43:58,241 INFO  [org.apa.kaf.cli.con.int.ConsumerCoordinator] (Thread-738) [Consumer clientId=consumer-Consumer-topic-7a866d01_8d58_4ce4_b128_25c740ee3c05-18, groupId=Consumer-topic-7a866d01_8d58_4ce4_b128_25c740ee3c05] (Re-)joining group
2025-07-31 20:43:58,243 INFO  [org.apa.kaf.cli.con.int.ConsumerCoordinator] (Thread-738) [Consumer clientId=consumer-Consumer-topic-7a866d01_8d58_4ce4_b128_25c740ee3c05-18, groupId=Consumer-topic-7a866d01_8d58_4ce4_b128_25c740ee3c05] Request joining group due to: need to re-join with the given member-id: consumer-Consumer-topic-7a866d01_8d58_4ce4_b128_25c740ee3c05-18-7a4e1a86-4156-43f1-9b24-301ad589c318
2025-07-31 20:43:58,243 INFO  [org.apa.kaf.cli.con.int.ConsumerCoordinator] (Thread-738) [Consumer clientId=consumer-Consumer-topic-7a866d01_8d58_4ce4_b128_25c740ee3c05-18, groupId=Consumer-topic-7a866d01_8d58_4ce4_b128_25c740ee3c05] (Re-)joining group
2025-07-31 20:43:58,248 INFO  [org.apa.kaf.cli.con.int.ConsumerCoordinator] (Thread-738) [Consumer clientId=consumer-Consumer-topic-7a866d01_8d58_4ce4_b128_25c740ee3c05-18, groupId=Consumer-topic-7a866d01_8d58_4ce4_b128_25c740ee3c05] Successfully joined group with generation Generation{generationId=1, memberId='consumer-Consumer-topic-7a866d01_8d58_4ce4_b128_25c740ee3c05-18-7a4e1a86-4156-43f1-9b24-301ad589c318', protocol='range'}
2025-07-31 20:43:58,248 INFO  [org.apa.kaf.cli.con.int.ConsumerCoordinator] (Thread-738) [Consumer clientId=consumer-Consumer-topic-7a866d01_8d58_4ce4_b128_25c740ee3c05-18, groupId=Consumer-topic-7a866d01_8d58_4ce4_b128_25c740ee3c05] Finished assignment for group at generation 1: {consumer-Consumer-topic-7a866d01_8d58_4ce4_b128_25c740ee3c05-18-7a4e1a86-4156-43f1-9b24-301ad589c318=Assignment(partitions=[topic-7a866d01_8d58_4ce4_b128_25c740ee3c05-0])}
2025-07-31 20:43:58,250 INFO  [org.apa.kaf.cli.con.int.ConsumerCoordinator] (Thread-738) [Consumer clientId=consumer-Consumer-topic-7a866d01_8d58_4ce4_b128_25c740ee3c05-18, groupId=Consumer-topic-7a866d01_8d58_4ce4_b128_25c740ee3c05] Successfully synced group in generation Generation{generationId=1, memberId='consumer-Consumer-topic-7a866d01_8d58_4ce4_b128_25c740ee3c05-18-7a4e1a86-4156-43f1-9b24-301ad589c318', protocol='range'}
2025-07-31 20:43:58,251 INFO  [org.apa.kaf.cli.con.int.ConsumerCoordinator] (Thread-738) [Consumer clientId=consumer-Consumer-topic-7a866d01_8d58_4ce4_b128_25c740ee3c05-18, groupId=Consumer-topic-7a866d01_8d58_4ce4_b128_25c740ee3c05] Notifying assignor about the new Assignment(partitions=[topic-7a866d01_8d58_4ce4_b128_25c740ee3c05-0])
2025-07-31 20:43:58,251 INFO  [org.apa.kaf.cli.con.int.ConsumerRebalanceListenerInvoker] (Thread-738) [Consumer clientId=consumer-Consumer-topic-7a866d01_8d58_4ce4_b128_25c740ee3c05-18, groupId=Consumer-topic-7a866d01_8d58_4ce4_b128_25c740ee3c05] Adding newly assigned partitions: topic-7a866d01_8d58_4ce4_b128_25c740ee3c05-0
2025-07-31 20:43:58,252 INFO  [org.apa.kaf.cli.con.int.ConsumerCoordinator] (Thread-738) [Consumer clientId=consumer-Consumer-topic-7a866d01_8d58_4ce4_b128_25c740ee3c05-18, groupId=Consumer-topic-7a866d01_8d58_4ce4_b128_25c740ee3c05] Found no committed offset for partition topic-7a866d01_8d58_4ce4_b128_25c740ee3c05-0
2025-07-31 20:43:58,255 INFO  [org.apa.kaf.cli.con.int.SubscriptionState] (Thread-738) [Consumer clientId=consumer-Consumer-topic-7a866d01_8d58_4ce4_b128_25c740ee3c05-18, groupId=Consumer-topic-7a866d01_8d58_4ce4_b128_25c740ee3c05] Resetting offset for partition topic-7a866d01_8d58_4ce4_b128_25c740ee3c05-0 to position FetchPosition{offset=0, offsetEpoch=Optional.empty, currentLeader=LeaderAndEpoch{leader=Optional[localhost:32770 (id: 0 rack: null)], epoch=0}}.
2025-07-31 20:43:58,338 INFO  [io.api.tes.ser.api.KafkaSerdesTester] (Thread-738) topic-7a866d01_8d58_4ce4_b128_25c740ee3c05 0 0 {"key11753994637879": "value-0"}
2025-07-31 20:43:58,338 INFO  [io.api.tes.ser.api.KafkaSerdesTester] (Thread-738) topic-7a866d01_8d58_4ce4_b128_25c740ee3c05 0 1 {"key11753994637879": "value-1"}
2025-07-31 20:43:58,338 INFO  [io.api.tes.ser.api.KafkaSerdesTester] (Thread-738) topic-7a866d01_8d58_4ce4_b128_25c740ee3c05 0 2 {"key11753994637879": "value-2"}
2025-07-31 20:43:58,338 INFO  [io.api.tes.ser.api.KafkaSerdesTester] (Thread-738) topic-7a866d01_8d58_4ce4_b128_25c740ee3c05 0 3 {"key11753994637879": "value-3"}
2025-07-31 20:43:58,338 INFO  [io.api.tes.ser.api.KafkaSerdesTester] (Thread-738) topic-7a866d01_8d58_4ce4_b128_25c740ee3c05 0 4 {"key11753994637879": "value-4"}
2025-07-31 20:43:58,339 INFO  [io.api.tes.ser.api.KafkaSerdesTester] (Thread-738) topic-7a866d01_8d58_4ce4_b128_25c740ee3c05 0 5 {"key11753994637879": "value-5"}
2025-07-31 20:43:58,339 INFO  [io.api.tes.ser.api.KafkaSerdesTester] (Thread-738) topic-7a866d01_8d58_4ce4_b128_25c740ee3c05 0 6 {"key11753994637879": "value-6"}
2025-07-31 20:43:58,339 INFO  [io.api.tes.ser.api.KafkaSerdesTester] (Thread-738) topic-7a866d01_8d58_4ce4_b128_25c740ee3c05 0 7 {"key11753994637879": "value-7"}
2025-07-31 20:43:58,339 INFO  [io.api.tes.ser.api.KafkaSerdesTester] (Thread-738) topic-7a866d01_8d58_4ce4_b128_25c740ee3c05 0 8 {"key11753994637879": "value-8"}
2025-07-31 20:43:58,339 INFO  [io.api.tes.ser.api.KafkaSerdesTester] (Thread-738) topic-7a866d01_8d58_4ce4_b128_25c740ee3c05 0 9 {"key11753994637879": "value-9"}
2025-07-31 20:43:58,339 INFO  [io.api.tes.ser.api.KafkaSerdesTester] (Thread-738) Consumed 10 messages
2025-07-31 20:43:58,341 INFO  [org.apa.kaf.cli.con.int.ConsumerRebalanceListenerInvoker] (Thread-738) [Consumer clientId=consumer-Consumer-topic-7a866d01_8d58_4ce4_b128_25c740ee3c05-18, groupId=Consumer-topic-7a866d01_8d58_4ce4_b128_25c740ee3c05] Revoke previously assigned partitions topic-7a866d01_8d58_4ce4_b128_25c740ee3c05-0
2025-07-31 20:43:58,341 INFO  [org.apa.kaf.cli.con.int.ConsumerCoordinator] (Thread-738) [Consumer clientId=consumer-Consumer-topic-7a866d01_8d58_4ce4_b128_25c740ee3c05-18, groupId=Consumer-topic-7a866d01_8d58_4ce4_b128_25c740ee3c05] Member consumer-Consumer-topic-7a866d01_8d58_4ce4_b128_25c740ee3c05-18-7a4e1a86-4156-43f1-9b24-301ad589c318 sending LeaveGroup request to coordinator localhost:32770 (id: 2147483647 rack: null) due to the consumer is being closed
2025-07-31 20:43:58,342 INFO  [org.apa.kaf.cli.con.int.ConsumerCoordinator] (Thread-738) [Consumer clientId=consumer-Consumer-topic-7a866d01_8d58_4ce4_b128_25c740ee3c05-18, groupId=Consumer-topic-7a866d01_8d58_4ce4_b128_25c740ee3c05] Resetting generation and member id due to: consumer pro-actively leaving the group
2025-07-31 20:43:58,342 INFO  [org.apa.kaf.cli.con.int.ConsumerCoordinator] (Thread-738) [Consumer clientId=consumer-Consumer-topic-7a866d01_8d58_4ce4_b128_25c740ee3c05-18, groupId=Consumer-topic-7a866d01_8d58_4ce4_b128_25c740ee3c05] Request joining group due to: consumer pro-actively leaving the group
2025-07-31 20:43:58,840 INFO  [org.apa.kaf.com.met.Metrics] (Thread-738) Metrics scheduler closed
2025-07-31 20:43:58,840 INFO  [org.apa.kaf.com.met.Metrics] (Thread-738) Closing reporter org.apache.kafka.common.metrics.JmxReporter
2025-07-31 20:43:58,840 INFO  [org.apa.kaf.com.met.Metrics] (Thread-738) Closing reporter org.apache.kafka.common.telemetry.internals.ClientTelemetryReporter
2025-07-31 20:43:58,840 INFO  [org.apa.kaf.com.met.Metrics] (Thread-738) Metrics reporters closed
2025-07-31 20:43:58,842 INFO  [org.apa.kaf.com.uti.AppInfoParser] (Thread-738) App info kafka.consumer for consumer-Consumer-topic-7a866d01_8d58_4ce4_b128_25c740ee3c05-18 unregistered
2025-07-31 20:43:58,842 INFO  [io.api.tes.uti.TestSeparator] (main) io.apicurio.tests.serdes.apicurio.AvroSerdeIT.testGlobalIdInBody-FINISHED
2025-07-31 20:43:58,842 INFO  [io.api.tes.uti.TestSeparator] (main) ############################################################################
Test passed: testGlobalIdInBody
]]></system-out>
  </testcase>
  <testcase name="testProducerUsesGlobalIdConsumerUsesDefault" classname="io.apicurio.tests.serdes.apicurio.AvroSerdeIT" time="0.0">
    <skipped message="void io.apicurio.tests.serdes.apicurio.AvroSerdeIT.testProducerUsesGlobalIdConsumerUsesDefault() throws java.lang.Exception is @Disabled"/>
  </testcase>
</testsuite>