<?xml version="1.0" encoding="UTF-8"?>
<testsuite xmlns:xsi="http://www.w3.org/2001/XMLSchema-instance" xsi:noNamespaceSchemaLocation="https://maven.apache.org/surefire/maven-failsafe-plugin/xsd/failsafe-test-report.xsd" version="3.0.2" name="io.apicurio.tests.serdes.apicurio.AvroSerdeIT" time="61.116" tests="21" errors="0" skipped="2" failures="0">
  <properties>
    <property name="java.specification.version" value="17"/>
    <property name="sun.jnu.encoding" value="UTF-8"/>
    <property name="java.class.path" value="/home/runner/work/apicurio-testing/apicurio-testing/clusters/ci419/namespaces/postgresql/tests/integration/apicurio-registry/integration-tests/target/test-classes:/home/runner/work/apicurio-testing/apicurio-testing/clusters/ci419/namespaces/postgresql/tests/integration/apicurio-registry/integration-tests/target/apicurio-registry-integration-tests-3.0.11-SNAPSHOT.jar:/home/runner/.m2/repository/io/quarkus/quarkus-junit5/3.20.1/quarkus-junit5-3.20.1.jar:/home/runner/.m2/repository/io/quarkus/quarkus-bootstrap-core/3.20.1/quarkus-bootstrap-core-3.20.1.jar:/home/runner/.m2/repository/io/quarkus/quarkus-classloader-commons/3.20.1/quarkus-classloader-commons-3.20.1.jar:/home/runner/.m2/repository/io/quarkus/quarkus-bootstrap-app-model/3.20.1/quarkus-bootstrap-app-model-3.20.1.jar:/home/runner/.m2/repository/io/smallrye/common/smallrye-common-io/2.12.0/smallrye-common-io-2.12.0.jar:/home/runner/.m2/repository/org/eclipse/sisu/org.eclipse.sisu.inject/0.9.0.M3/org.eclipse.sisu.inject-0.9.0.M3.jar:/home/runner/.m2/repository/io/quarkus/quarkus-test-common/3.20.1/quarkus-test-common-3.20.1.jar:/home/runner/.m2/repository/io/quarkus/quarkus-core-deployment/3.20.1/quarkus-core-deployment-3.20.1.jar:/home/runner/.m2/repository/org/aesh/readline/2.6/readline-2.6.jar:/home/runner/.m2/repository/org/fusesource/jansi/jansi/2.4.0/jansi-2.4.0.jar:/home/runner/.m2/repository/org/aesh/aesh/2.8.2/aesh-2.8.2.jar:/home/runner/.m2/repository/io/quarkus/gizmo/gizmo/1.8.0/gizmo-1.8.0.jar:/home/runner/.m2/repository/org/ow2/asm/asm-util/9.7.1/asm-util-9.7.1.jar:/home/runner/.m2/repository/org/ow2/asm/asm-analysis/9.7.1/asm-analysis-9.7.1.jar:/home/runner/.m2/repository/org/ow2/asm/asm-commons/9.7.1/asm-commons-9.7.1.jar:/home/runner/.m2/repository/org/ow2/asm/asm-tree/9.7.1/asm-tree-9.7.1.jar:/home/runner/.m2/repository/io/quarkus/quarkus-hibernate-validator-spi/3.20.1/quarkus-hibernate-validator-spi-3.20.1.jar:/home/runner/.m2/repository/io/quarkus/quarkus-class-change-agent/3.20.1/quarkus-class-change-agent-3.20.1.jar:/home/runner/.m2/repository/io/quarkus/quarkus-devtools-utilities/3.20.1/quarkus-devtools-utilities-3.20.1.jar:/home/runner/.m2/repository/io/quarkus/quarkus-builder/3.20.1/quarkus-builder-3.20.1.jar:/home/runner/.m2/repository/org/graalvm/sdk/nativeimage/23.1.2/nativeimage-23.1.2.jar:/home/runner/.m2/repository/org/graalvm/sdk/word/23.1.2/word-23.1.2.jar:/home/runner/.m2/repository/io/quarkus/quarkus-bootstrap-maven-resolver/3.20.1/quarkus-bootstrap-maven-resolver-3.20.1.jar:/home/runner/.m2/repository/io/smallrye/beanbag/smallrye-beanbag-maven/1.5.2/smallrye-beanbag-maven-1.5.2.jar:/home/runner/.m2/repository/io/smallrye/beanbag/smallrye-beanbag-sisu/1.5.2/smallrye-beanbag-sisu-1.5.2.jar:/home/runner/.m2/repository/io/smallrye/beanbag/smallrye-beanbag/1.5.2/smallrye-beanbag-1.5.2.jar:/home/runner/.m2/repository/javax/inject/javax.inject/1/javax.inject-1.jar:/home/runner/.m2/repository/org/apache/maven/maven-artifact/3.9.9/maven-artifact-3.9.9.jar:/home/runner/.m2/repository/org/apache/maven/maven-builder-support/3.9.9/maven-builder-support-3.9.9.jar:/home/runner/.m2/repository/org/apache/maven/maven-model/3.9.9/maven-model-3.9.9.jar:/home/runner/.m2/repository/org/apache/maven/maven-model-builder/3.9.9/maven-model-builder-3.9.9.jar:/home/runner/.m2/repository/org/apache/maven/maven-repository-metadata/3.9.9/maven-repository-metadata-3.9.9.jar:/home/runner/.m2/repository/org/apache/maven/maven-settings/3.9.9/maven-settings-3.9.9.jar:/home/runner/.m2/repository/org/apache/maven/resolver/maven-resolver-api/1.9.22/maven-resolver-api-1.9.22.jar:/home/runner/.m2/repository/org/apache/maven/resolver/maven-resolver-impl/1.9.22/maven-resolver-impl-1.9.22.jar:/home/runner/.m2/repository/org/apache/maven/resolver/maven-resolver-named-locks/1.9.22/maven-resolver-named-locks-1.9.22.jar:/home/runner/.m2/repository/org/apache/maven/resolver/maven-resolver-spi/1.9.22/maven-resolver-spi-1.9.22.jar:/home/runner/.m2/repository/org/apache/maven/resolver/maven-resolver-util/1.9.22/maven-resolver-util-1.9.22.jar:/home/runner/.m2/repository/org/apache/maven/resolver/maven-resolver-transport-http/1.9.20/maven-resolver-transport-http-1.9.20.jar:/home/runner/.m2/repository/org/apache/maven/wagon/wagon-provider-api/3.5.3/wagon-provider-api-3.5.3.jar:/home/runner/.m2/repository/org/apache/maven/wagon/wagon-http-shared/3.5.3/wagon-http-shared-3.5.3.jar:/home/runner/.m2/repository/org/codehaus/plexus/plexus-interpolation/1.26/plexus-interpolation-1.26.jar:/home/runner/.m2/repository/org/codehaus/plexus/plexus-utils/3.5.1/plexus-utils-3.5.1.jar:/home/runner/.m2/repository/org/codehaus/plexus/plexus-xml/4.0.1/plexus-xml-4.0.1.jar:/home/runner/.m2/repository/org/apache/maven/maven-xml-impl/4.0.0-alpha-5/maven-xml-impl-4.0.0-alpha-5.jar:/home/runner/.m2/repository/org/apache/maven/maven-api-xml/4.0.0-alpha-5/maven-api-xml-4.0.0-alpha-5.jar:/home/runner/.m2/repository/org/apache/maven/maven-api-meta/4.0.0-alpha-5/maven-api-meta-4.0.0-alpha-5.jar:/home/runner/.m2/repository/org/codehaus/plexus/plexus-cipher/2.0/plexus-cipher-2.0.jar:/home/runner/.m2/repository/org/codehaus/plexus/plexus-sec-dispatcher/2.0/plexus-sec-dispatcher-2.0.jar:/home/runner/.m2/repository/org/apache/maven/maven-embedder/3.9.9/maven-embedder-3.9.9.jar:/home/runner/.m2/repository/org/apache/maven/maven-core/3.9.9/maven-core-3.9.9.jar:/home/runner/.m2/repository/org/codehaus/plexus/plexus-component-annotations/2.1.0/plexus-component-annotations-2.1.0.jar:/home/runner/.m2/repository/org/apache/maven/maven-plugin-api/3.9.9/maven-plugin-api-3.9.9.jar:/home/runner/.m2/repository/org/apache/maven/shared/maven-shared-utils/3.4.2/maven-shared-utils-3.4.2.jar:/home/runner/.m2/repository/com/google/inject/guice/5.1.0/guice-5.1.0.jar:/home/runner/.m2/repository/aopalliance/aopalliance/1.0/aopalliance-1.0.jar:/home/runner/.m2/repository/org/codehaus/plexus/plexus-classworlds/2.6.0/plexus-classworlds-2.6.0.jar:/home/runner/.m2/repository/commons-cli/commons-cli/1.8.0/commons-cli-1.8.0.jar:/home/runner/.m2/repository/org/eclipse/sisu/org.eclipse.sisu.plexus/0.9.0.M3/org.eclipse.sisu.plexus-0.9.0.M3.jar:/home/runner/.m2/repository/org/apache/maven/maven-settings-builder/3.9.9/maven-settings-builder-3.9.9.jar:/home/runner/.m2/repository/org/apache/maven/maven-resolver-provider/3.9.9/maven-resolver-provider-3.9.9.jar:/home/runner/.m2/repository/org/apache/maven/resolver/maven-resolver-connector-basic/1.9.22/maven-resolver-connector-basic-1.9.22.jar:/home/runner/.m2/repository/org/apache/maven/resolver/maven-resolver-transport-wagon/1.9.22/maven-resolver-transport-wagon-1.9.22.jar:/home/runner/.m2/repository/org/apache/maven/wagon/wagon-http/3.5.3/wagon-http-3.5.3.jar:/home/runner/.m2/repository/org/apache/maven/wagon/wagon-file/3.5.3/wagon-file-3.5.3.jar:/home/runner/.m2/repository/io/quarkus/quarkus-bootstrap-gradle-resolver/3.20.1/quarkus-bootstrap-gradle-resolver-3.20.1.jar:/home/runner/.m2/repository/io/smallrye/jandex/3.3.0/jandex-3.3.0.jar:/home/runner/.m2/repository/org/jboss/logging/commons-logging-jboss-logging/1.0.0.Final/commons-logging-jboss-logging-1.0.0.Final.jar:/home/runner/.m2/repository/io/quarkus/quarkus-junit5-config/3.20.1/quarkus-junit5-config-3.20.1.jar:/home/runner/.m2/repository/org/junit/jupiter/junit-jupiter-api/5.12.1/junit-jupiter-api-5.12.1.jar:/home/runner/.m2/repository/io/smallrye/config/smallrye-config/3.11.4/smallrye-config-3.11.4.jar:/home/runner/.m2/repository/io/smallrye/config/smallrye-config-core/3.11.4/smallrye-config-core-3.11.4.jar:/home/runner/.m2/repository/io/smallrye/common/smallrye-common-classloader/2.12.0/smallrye-common-classloader-2.12.0.jar:/home/runner/.m2/repository/io/smallrye/config/smallrye-config-common/3.11.4/smallrye-config-common-3.11.4.jar:/home/runner/.m2/repository/org/junit/jupiter/junit-jupiter/5.12.1/junit-jupiter-5.12.1.jar:/home/runner/.m2/repository/org/junit/jupiter/junit-jupiter-params/5.12.1/junit-jupiter-params-5.12.1.jar:/home/runner/.m2/repository/org/junit/jupiter/junit-jupiter-engine/5.12.1/junit-jupiter-engine-5.12.1.jar:/home/runner/.m2/repository/io/quarkus/quarkus-core/3.20.1/quarkus-core-3.20.1.jar:/home/runner/.m2/repository/jakarta/enterprise/jakarta.enterprise.cdi-api/4.1.0/jakarta.enterprise.cdi-api-4.1.0.jar:/home/runner/.m2/repository/jakarta/enterprise/jakarta.enterprise.lang-model/4.1.0/jakarta.enterprise.lang-model-4.1.0.jar:/home/runner/.m2/repository/jakarta/el/jakarta.el-api/5.0.1/jakarta.el-api-5.0.1.jar:/home/runner/.m2/repository/jakarta/interceptor/jakarta.interceptor-api/2.2.0/jakarta.interceptor-api-2.2.0.jar:/home/runner/.m2/repository/jakarta/inject/jakarta.inject-api/2.0.1/jakarta.inject-api-2.0.1.jar:/home/runner/.m2/repository/io/smallrye/common/smallrye-common-os/2.12.0/smallrye-common-os-2.12.0.jar:/home/runner/.m2/repository/io/quarkus/quarkus-ide-launcher/3.20.1/quarkus-ide-launcher-3.20.1.jar:/home/runner/.m2/repository/io/quarkus/quarkus-development-mode-spi/3.20.1/quarkus-development-mode-spi-3.20.1.jar:/home/runner/.m2/repository/org/jboss/logging/jboss-logging/3.6.1.Final/jboss-logging-3.6.1.Final.jar:/home/runner/.m2/repository/org/jboss/logmanager/jboss-logmanager/3.1.2.Final/jboss-logmanager-3.1.2.Final.jar:/home/runner/.m2/repository/io/smallrye/common/smallrye-common-constraint/2.12.0/smallrye-common-constraint-2.12.0.jar:/home/runner/.m2/repository/io/smallrye/common/smallrye-common-cpu/2.12.0/smallrye-common-cpu-2.12.0.jar:/home/runner/.m2/repository/io/smallrye/common/smallrye-common-expression/2.12.0/smallrye-common-expression-2.12.0.jar:/home/runner/.m2/repository/io/smallrye/common/smallrye-common-net/2.12.0/smallrye-common-net-2.12.0.jar:/home/runner/.m2/repository/io/smallrye/common/smallrye-common-ref/2.12.0/smallrye-common-ref-2.12.0.jar:/home/runner/.m2/repository/jakarta/json/jakarta.json-api/2.1.3/jakarta.json-api-2.1.3.jar:/home/runner/.m2/repository/org/eclipse/parsson/parsson/1.1.7/parsson-1.1.7.jar:/home/runner/.m2/repository/org/jboss/logging/jboss-logging-annotations/3.0.4.Final/jboss-logging-annotations-3.0.4.Final.jar:/home/runner/.m2/repository/org/jboss/threads/jboss-threads/3.8.0.Final/jboss-threads-3.8.0.Final.jar:/home/runner/.m2/repository/io/smallrye/common/smallrye-common-annotation/2.12.0/smallrye-common-annotation-2.12.0.jar:/home/runner/.m2/repository/io/smallrye/common/smallrye-common-function/2.12.0/smallrye-common-function-2.12.0.jar:/home/runner/.m2/repository/org/jboss/slf4j/slf4j-jboss-logmanager/2.0.0.Final/slf4j-jboss-logmanager-2.0.0.Final.jar:/home/runner/.m2/repository/org/wildfly/common/wildfly-common/2.0.1/wildfly-common-2.0.1.jar:/home/runner/.m2/repository/io/quarkus/quarkus-bootstrap-runner/3.20.1/quarkus-bootstrap-runner-3.20.1.jar:/home/runner/.m2/repository/io/github/crac/org-crac/0.1.3/org-crac-0.1.3.jar:/home/runner/.m2/repository/io/quarkus/quarkus-fs-util/0.0.10/quarkus-fs-util-0.0.10.jar:/home/runner/.m2/repository/org/jboss/marshalling/jboss-marshalling/2.2.2.Final/jboss-marshalling-2.2.2.Final.jar:/home/runner/.m2/repository/io/fabric8/kubernetes-client/7.1.0/kubernetes-client-7.1.0.jar:/home/runner/.m2/repository/io/fabric8/kubernetes-client-api/7.1.0/kubernetes-client-api-7.1.0.jar:/home/runner/.m2/repository/io/fabric8/kubernetes-model-core/7.1.0/kubernetes-model-core-7.1.0.jar:/home/runner/.m2/repository/io/fabric8/kubernetes-model-common/7.1.0/kubernetes-model-common-7.1.0.jar:/home/runner/.m2/repository/javax/annotation/javax.annotation-api/1.3.2/javax.annotation-api-1.3.2.jar:/home/runner/.m2/repository/io/fabric8/kubernetes-model-gatewayapi/7.1.0/kubernetes-model-gatewayapi-7.1.0.jar:/home/runner/.m2/repository/io/fabric8/kubernetes-model-resource/7.1.0/kubernetes-model-resource-7.1.0.jar:/home/runner/.m2/repository/io/fabric8/kubernetes-model-rbac/7.1.0/kubernetes-model-rbac-7.1.0.jar:/home/runner/.m2/repository/io/fabric8/kubernetes-model-admissionregistration/7.1.0/kubernetes-model-admissionregistration-7.1.0.jar:/home/runner/.m2/repository/io/fabric8/kubernetes-model-apps/7.1.0/kubernetes-model-apps-7.1.0.jar:/home/runner/.m2/repository/io/fabric8/kubernetes-model-autoscaling/7.1.0/kubernetes-model-autoscaling-7.1.0.jar:/home/runner/.m2/repository/io/fabric8/kubernetes-model-apiextensions/7.1.0/kubernetes-model-apiextensions-7.1.0.jar:/home/runner/.m2/repository/io/fabric8/kubernetes-model-batch/7.1.0/kubernetes-model-batch-7.1.0.jar:/home/runner/.m2/repository/io/fabric8/kubernetes-model-certificates/7.1.0/kubernetes-model-certificates-7.1.0.jar:/home/runner/.m2/repository/io/fabric8/kubernetes-model-coordination/7.1.0/kubernetes-model-coordination-7.1.0.jar:/home/runner/.m2/repository/io/fabric8/kubernetes-model-discovery/7.1.0/kubernetes-model-discovery-7.1.0.jar:/home/runner/.m2/repository/io/fabric8/kubernetes-model-events/7.1.0/kubernetes-model-events-7.1.0.jar:/home/runner/.m2/repository/io/fabric8/kubernetes-model-extensions/7.1.0/kubernetes-model-extensions-7.1.0.jar:/home/runner/.m2/repository/io/fabric8/kubernetes-model-flowcontrol/7.1.0/kubernetes-model-flowcontrol-7.1.0.jar:/home/runner/.m2/repository/io/fabric8/kubernetes-model-networking/7.1.0/kubernetes-model-networking-7.1.0.jar:/home/runner/.m2/repository/io/fabric8/kubernetes-model-metrics/7.1.0/kubernetes-model-metrics-7.1.0.jar:/home/runner/.m2/repository/io/fabric8/kubernetes-model-policy/7.1.0/kubernetes-model-policy-7.1.0.jar:/home/runner/.m2/repository/io/fabric8/kubernetes-model-scheduling/7.1.0/kubernetes-model-scheduling-7.1.0.jar:/home/runner/.m2/repository/io/fabric8/kubernetes-model-storageclass/7.1.0/kubernetes-model-storageclass-7.1.0.jar:/home/runner/.m2/repository/io/fabric8/kubernetes-model-node/7.1.0/kubernetes-model-node-7.1.0.jar:/home/runner/.m2/repository/org/snakeyaml/snakeyaml-engine/2.9/snakeyaml-engine-2.9.jar:/home/runner/.m2/repository/com/fasterxml/jackson/dataformat/jackson-dataformat-yaml/2.15.2/jackson-dataformat-yaml-2.15.2.jar:/home/runner/.m2/repository/com/fasterxml/jackson/datatype/jackson-datatype-jsr310/2.18.2/jackson-datatype-jsr310-2.18.2.jar:/home/runner/.m2/repository/io/fabric8/zjsonpatch/7.1.0/zjsonpatch-7.1.0.jar:/home/runner/.m2/repository/io/fabric8/kubernetes-httpclient-vertx/7.1.0/kubernetes-httpclient-vertx-7.1.0.jar:/home/runner/.m2/repository/io/vertx/vertx-web-client/4.5.14/vertx-web-client-4.5.14.jar:/home/runner/.m2/repository/io/vertx/vertx-web-common/4.5.14/vertx-web-common-4.5.14.jar:/home/runner/.m2/repository/io/vertx/vertx-auth-common/4.5.14/vertx-auth-common-4.5.14.jar:/home/runner/.m2/repository/io/vertx/vertx-uri-template/4.5.14/vertx-uri-template-4.5.14.jar:/home/runner/.m2/repository/io/fabric8/openshift-client/7.1.0/openshift-client-7.1.0.jar:/home/runner/.m2/repository/io/fabric8/openshift-client-api/7.1.0/openshift-client-api-7.1.0.jar:/home/runner/.m2/repository/io/fabric8/openshift-model/7.1.0/openshift-model-7.1.0.jar:/home/runner/.m2/repository/io/fabric8/openshift-model-autoscaling/7.1.0/openshift-model-autoscaling-7.1.0.jar:/home/runner/.m2/repository/io/fabric8/openshift-model-operator/7.1.0/openshift-model-operator-7.1.0.jar:/home/runner/.m2/repository/io/fabric8/openshift-model-operatorhub/7.1.0/openshift-model-operatorhub-7.1.0.jar:/home/runner/.m2/repository/io/fabric8/openshift-model-machine/7.1.0/openshift-model-machine-7.1.0.jar:/home/runner/.m2/repository/io/fabric8/openshift-model-whereabouts/7.1.0/openshift-model-whereabouts-7.1.0.jar:/home/runner/.m2/repository/io/fabric8/openshift-model-monitoring/7.1.0/openshift-model-monitoring-7.1.0.jar:/home/runner/.m2/repository/io/fabric8/openshift-model-storageversionmigrator/7.1.0/openshift-model-storageversionmigrator-7.1.0.jar:/home/runner/.m2/repository/io/fabric8/openshift-model-tuned/7.1.0/openshift-model-tuned-7.1.0.jar:/home/runner/.m2/repository/io/fabric8/openshift-model-console/7.1.0/openshift-model-console-7.1.0.jar:/home/runner/.m2/repository/io/fabric8/openshift-model-config/7.1.0/openshift-model-config-7.1.0.jar:/home/runner/.m2/repository/io/fabric8/openshift-model-machineconfiguration/7.1.0/openshift-model-machineconfiguration-7.1.0.jar:/home/runner/.m2/repository/io/fabric8/openshift-model-miscellaneous/7.1.0/openshift-model-miscellaneous-7.1.0.jar:/home/runner/.m2/repository/io/fabric8/openshift-model-hive/7.1.0/openshift-model-hive-7.1.0.jar:/home/runner/.m2/repository/io/fabric8/openshift-model-installer/7.1.0/openshift-model-installer-7.1.0.jar:/home/runner/.m2/repository/org/junit/platform/junit-platform-launcher/1.12.1/junit-platform-launcher-1.12.1.jar:/home/runner/.m2/repository/org/junit/platform/junit-platform-engine/1.12.1/junit-platform-engine-1.12.1.jar:/home/runner/.m2/repository/org/opentest4j/opentest4j/1.3.0/opentest4j-1.3.0.jar:/home/runner/.m2/repository/org/junit/platform/junit-platform-commons/1.12.1/junit-platform-commons-1.12.1.jar:/home/runner/.m2/repository/org/apiguardian/apiguardian-api/1.1.2/apiguardian-api-1.1.2.jar:/home/runner/.m2/repository/jakarta/ws/rs/jakarta.ws.rs-api/3.1.0/jakarta.ws.rs-api-3.1.0.jar:/home/runner/work/apicurio-testing/apicurio-testing/clusters/ci419/namespaces/postgresql/tests/integration/apicurio-registry/java-sdk/target/apicurio-registry-java-sdk-3.0.11-SNAPSHOT.jar:/home/runner/.m2/repository/com/microsoft/kiota/microsoft-kiota-abstractions/1.8.8/microsoft-kiota-abstractions-1.8.8.jar:/home/runner/.m2/repository/io/github/std-uritemplate/std-uritemplate/2.0.0/std-uritemplate-2.0.0.jar:/home/runner/.m2/repository/io/kiota/kiota-http-jdk/0.0.21/kiota-http-jdk-0.0.21.jar:/home/runner/.m2/repository/io/kiota/kiota-http-vertx/0.0.21/kiota-http-vertx-0.0.21.jar:/home/runner/.m2/repository/io/kiota/kiota-serialization-jackson/0.0.21/kiota-serialization-jackson-0.0.21.jar:/home/runner/.m2/repository/com/microsoft/kiota/microsoft-kiota-serialization-text/1.8.8/microsoft-kiota-serialization-text-1.8.8.jar:/home/runner/.m2/repository/com/microsoft/kiota/microsoft-kiota-serialization-form/1.8.8/microsoft-kiota-serialization-form-1.8.8.jar:/home/runner/.m2/repository/com/microsoft/kiota/microsoft-kiota-serialization-multipart/1.8.8/microsoft-kiota-serialization-multipart-1.8.8.jar:/home/runner/.m2/repository/jakarta/annotation/jakarta.annotation-api/3.0.0/jakarta.annotation-api-3.0.0.jar:/home/runner/.m2/repository/io/vertx/vertx-auth-oauth2/4.5.14/vertx-auth-oauth2-4.5.14.jar:/home/runner/work/apicurio-testing/apicurio-testing/clusters/ci419/namespaces/postgresql/tests/integration/apicurio-registry/java-sdk-v2/target/apicurio-registry-v2-java-sdk-3.0.11-SNAPSHOT.jar:/home/runner/work/apicurio-testing/apicurio-testing/clusters/ci419/namespaces/postgresql/tests/integration/apicurio-registry/utils/kafka/target/apicurio-registry-utils-kafka-3.0.11-SNAPSHOT-tests.jar:/home/runner/.m2/repository/org/eclipse/microprofile/config/microprofile-config-api/3.1/microprofile-config-api-3.1.jar:/home/runner/.m2/repository/org/apache/kafka/kafka-clients/3.9.1/kafka-clients-3.9.1.jar:/home/runner/.m2/repository/com/github/luben/zstd-jni/1.5.6-4/zstd-jni-1.5.6-4.jar:/home/runner/.m2/repository/org/lz4/lz4-java/1.8.0/lz4-java-1.8.0.jar:/home/runner/.m2/repository/org/xerial/snappy/snappy-java/1.1.10.5/snappy-java-1.1.10.5.jar:/home/runner/.m2/repository/org/slf4j/slf4j-api/2.0.6/slf4j-api-2.0.6.jar:/home/runner/work/apicurio-testing/apicurio-testing/clusters/ci419/namespaces/postgresql/tests/integration/apicurio-registry/utils/tests/target/apicurio-registry-utils-tests-3.0.11-SNAPSHOT.jar:/home/runner/work/apicurio-testing/apicurio-testing/clusters/ci419/namespaces/postgresql/tests/integration/apicurio-registry/common/target/apicurio-registry-common-3.0.11-SNAPSHOT.jar:/home/runner/.m2/repository/jakarta/validation/jakarta.validation-api/3.0.2/jakarta.validation-api-3.0.2.jar:/home/runner/.m2/repository/com/github/dasniko/testcontainers-keycloak/3.6.0/testcontainers-keycloak-3.6.0.jar:/home/runner/.m2/repository/org/testcontainers/testcontainers/1.20.6/testcontainers-1.20.6.jar:/home/runner/.m2/repository/org/rnorth/duct-tape/duct-tape/1.0.8/duct-tape-1.0.8.jar:/home/runner/.m2/repository/org/jetbrains/annotations/26.0.2/annotations-26.0.2.jar:/home/runner/.m2/repository/com/github/docker-java/docker-java-transport-zerodep/3.4.1/docker-java-transport-zerodep-3.4.1.jar:/home/runner/.m2/repository/com/github/docker-java/docker-java-transport/3.4.1/docker-java-transport-3.4.1.jar:/home/runner/.m2/repository/net/java/dev/jna/jna/5.8.0/jna-5.8.0.jar:/home/runner/.m2/repository/io/quarkus/quarkus-junit4-mock/3.20.1/quarkus-junit4-mock-3.20.1.jar:/home/runner/.m2/repository/org/jboss/shrinkwrap/shrinkwrap-api/2.0.0-beta-2/shrinkwrap-api-2.0.0-beta-2.jar:/home/runner/.m2/repository/org/jboss/shrinkwrap/shrinkwrap-impl-base/2.0.0-beta-2/shrinkwrap-impl-base-2.0.0-beta-2.jar:/home/runner/.m2/repository/org/jboss/shrinkwrap/shrinkwrap-spi/2.0.0-beta-2/shrinkwrap-spi-2.0.0-beta-2.jar:/home/runner/.m2/repository/org/keycloak/keycloak-admin-client/26.0.4/keycloak-admin-client-26.0.4.jar:/home/runner/.m2/repository/org/keycloak/keycloak-client-common-synced/26.0.4/keycloak-client-common-synced-26.0.4.jar:/home/runner/.m2/repository/jakarta/activation/jakarta.activation-api/2.1.3/jakarta.activation-api-2.1.3.jar:/home/runner/.m2/repository/org/eclipse/microprofile/openapi/microprofile-openapi-api/4.0.2/microprofile-openapi-api-4.0.2.jar:/home/runner/.m2/repository/org/jboss/resteasy/resteasy-client/6.2.12.Final/resteasy-client-6.2.12.Final.jar:/home/runner/.m2/repository/org/jboss/resteasy/resteasy-client-api/6.2.12.Final/resteasy-client-api-6.2.12.Final.jar:/home/runner/.m2/repository/org/jboss/resteasy/resteasy-core-spi/6.2.12.Final/resteasy-core-spi-6.2.12.Final.jar:/home/runner/.m2/repository/org/jboss/resteasy/resteasy-core/6.2.12.Final/resteasy-core-6.2.12.Final.jar:/home/runner/.m2/repository/org/eclipse/angus/angus-activation/2.0.2/angus-activation-2.0.2.jar:/home/runner/.m2/repository/com/ibm/async/asyncutil/0.1.0/asyncutil-0.1.0.jar:/home/runner/.m2/repository/org/reactivestreams/reactive-streams/1.0.4/reactive-streams-1.0.4.jar:/home/runner/.m2/repository/org/jboss/resteasy/resteasy-multipart-provider/6.2.12.Final/resteasy-multipart-provider-6.2.12.Final.jar:/home/runner/.m2/repository/jakarta/mail/jakarta.mail-api/2.1.3/jakarta.mail-api-2.1.3.jar:/home/runner/.m2/repository/org/eclipse/angus/angus-mail/2.0.3/angus-mail-2.0.3.jar:/home/runner/.m2/repository/org/apache/james/apache-mime4j-dom/0.8.12/apache-mime4j-dom-0.8.12.jar:/home/runner/.m2/repository/org/apache/james/apache-mime4j-core/0.8.12/apache-mime4j-core-0.8.12.jar:/home/runner/.m2/repository/org/apache/james/apache-mime4j-storage/0.8.12/apache-mime4j-storage-0.8.12.jar:/home/runner/.m2/repository/org/jboss/resteasy/resteasy-jackson2-provider/6.2.12.Final/resteasy-jackson2-provider-6.2.12.Final.jar:/home/runner/.m2/repository/com/fasterxml/jackson/jakarta/rs/jackson-jakarta-rs-base/2.18.2/jackson-jakarta-rs-base-2.18.2.jar:/home/runner/.m2/repository/com/fasterxml/jackson/jakarta/rs/jackson-jakarta-rs-json-provider/2.18.2/jackson-jakarta-rs-json-provider-2.18.2.jar:/home/runner/.m2/repository/com/fasterxml/jackson/module/jackson-module-jakarta-xmlbind-annotations/2.18.2/jackson-module-jakarta-xmlbind-annotations-2.18.2.jar:/home/runner/.m2/repository/com/github/java-json-tools/json-patch/1.13/json-patch-1.13.jar:/home/runner/.m2/repository/com/github/java-json-tools/msg-simple/1.2/msg-simple-1.2.jar:/home/runner/.m2/repository/com/github/java-json-tools/btf/1.3/btf-1.3.jar:/home/runner/.m2/repository/com/github/java-json-tools/jackson-coreutils/2.0/jackson-coreutils-2.0.jar:/home/runner/.m2/repository/org/jboss/resteasy/resteasy-jaxb-provider/6.2.12.Final/resteasy-jaxb-provider-6.2.12.Final.jar:/home/runner/.m2/repository/org/glassfish/jaxb/codemodel/4.0.5/codemodel-4.0.5.jar:/home/runner/.m2/repository/org/glassfish/jaxb/jaxb-core/4.0.5/jaxb-core-4.0.5.jar:/home/runner/.m2/repository/org/glassfish/jaxb/jaxb-jxc/4.0.5/jaxb-jxc-4.0.5.jar:/home/runner/.m2/repository/org/glassfish/jaxb/jaxb-runtime/4.0.5/jaxb-runtime-4.0.5.jar:/home/runner/.m2/repository/org/glassfish/jaxb/txw2/4.0.5/txw2-4.0.5.jar:/home/runner/.m2/repository/org/glassfish/jaxb/jaxb-xjc/4.0.5/jaxb-xjc-4.0.5.jar:/home/runner/.m2/repository/org/glassfish/jaxb/xsom/4.0.5/xsom-4.0.5.jar:/home/runner/.m2/repository/com/sun/istack/istack-commons-runtime/4.1.2/istack-commons-runtime-4.1.2.jar:/home/runner/.m2/repository/com/sun/istack/istack-commons-tools/4.1.2/istack-commons-tools-4.1.2.jar:/home/runner/.m2/repository/com/sun/xml/bind/external/relaxng-datatype/4.0.5/relaxng-datatype-4.0.5.jar:/home/runner/.m2/repository/com/sun/xml/bind/external/rngom/4.0.5/rngom-4.0.5.jar:/home/runner/.m2/repository/org/testcontainers/mssqlserver/1.20.6/mssqlserver-1.20.6.jar:/home/runner/.m2/repository/org/testcontainers/jdbc/1.20.6/jdbc-1.20.6.jar:/home/runner/.m2/repository/org/testcontainers/database-commons/1.20.6/database-commons-1.20.6.jar:/home/runner/.m2/repository/org/testcontainers/mysql/1.20.6/mysql-1.20.6.jar:/home/runner/.m2/repository/io/strimzi/strimzi-test-container/0.107.0/strimzi-test-container-0.107.0.jar:/home/runner/.m2/repository/org/testcontainers/toxiproxy/1.20.6/toxiproxy-1.20.6.jar:/home/runner/.m2/repository/com/github/docker-java/docker-java-api/3.4.1/docker-java-api-3.4.1.jar:/home/runner/.m2/repository/eu/rekawek/toxiproxy/toxiproxy-java/2.1.7/toxiproxy-java-2.1.7.jar:/home/runner/.m2/repository/junit/junit/4.13.2/junit-4.13.2.jar:/home/runner/.m2/repository/org/hamcrest/hamcrest-core/1.3/hamcrest-core-1.3.jar:/home/runner/.m2/repository/org/testcontainers/pulsar/1.20.4/pulsar-1.20.4.jar:/home/runner/.m2/repository/io/debezium/debezium-testing-testcontainers/2.6.2.Final/debezium-testing-testcontainers-2.6.2.Final.jar:/home/runner/.m2/repository/org/testcontainers/kafka/1.20.6/kafka-1.20.6.jar:/home/runner/.m2/repository/com/squareup/okhttp3/okhttp/4.8.1/okhttp-4.8.1.jar:/home/runner/.m2/repository/com/squareup/okio/okio/3.10.2/okio-3.10.2.jar:/home/runner/.m2/repository/com/squareup/okio/okio-jvm/3.10.2/okio-jvm-3.10.2.jar:/home/runner/.m2/repository/org/jetbrains/kotlin/kotlin-stdlib/2.0.21/kotlin-stdlib-2.0.21.jar:/home/runner/.m2/repository/org/awaitility/awaitility/4.2.2/awaitility-4.2.2.jar:/home/runner/.m2/repository/org/testcontainers/mongodb/1.20.6/mongodb-1.20.6.jar:/home/runner/.m2/repository/org/testcontainers/oracle-xe/1.20.6/oracle-xe-1.20.6.jar:/home/runner/.m2/repository/org/testcontainers/postgresql/1.20.6/postgresql-1.20.6.jar:/home/runner/.m2/repository/org/wiremock/wiremock/3.0.1/wiremock-3.0.1.jar:/home/runner/.m2/repository/org/eclipse/jetty/jetty-server/11.0.15/jetty-server-11.0.15.jar:/home/runner/.m2/repository/org/eclipse/jetty/toolchain/jetty-jakarta-servlet-api/5.0.2/jetty-jakarta-servlet-api-5.0.2.jar:/home/runner/.m2/repository/org/eclipse/jetty/jetty-http/11.0.15/jetty-http-11.0.15.jar:/home/runner/.m2/repository/org/eclipse/jetty/jetty-io/11.0.15/jetty-io-11.0.15.jar:/home/runner/.m2/repository/org/eclipse/jetty/jetty-servlet/11.0.15/jetty-servlet-11.0.15.jar:/home/runner/.m2/repository/org/eclipse/jetty/jetty-security/11.0.15/jetty-security-11.0.15.jar:/home/runner/.m2/repository/org/eclipse/jetty/jetty-servlets/11.0.15/jetty-servlets-11.0.15.jar:/home/runner/.m2/repository/org/eclipse/jetty/jetty-util/11.0.15/jetty-util-11.0.15.jar:/home/runner/.m2/repository/org/eclipse/jetty/jetty-webapp/11.0.15/jetty-webapp-11.0.15.jar:/home/runner/.m2/repository/org/eclipse/jetty/jetty-xml/11.0.15/jetty-xml-11.0.15.jar:/home/runner/.m2/repository/org/eclipse/jetty/jetty-proxy/11.0.15/jetty-proxy-11.0.15.jar:/home/runner/.m2/repository/org/eclipse/jetty/jetty-client/11.0.15/jetty-client-11.0.15.jar:/home/runner/.m2/repository/org/eclipse/jetty/http2/http2-server/11.0.15/http2-server-11.0.15.jar:/home/runner/.m2/repository/org/eclipse/jetty/http2/http2-common/11.0.15/http2-common-11.0.15.jar:/home/runner/.m2/repository/org/eclipse/jetty/http2/http2-hpack/11.0.15/http2-hpack-11.0.15.jar:/home/runner/.m2/repository/org/eclipse/jetty/jetty-alpn-server/11.0.15/jetty-alpn-server-11.0.15.jar:/home/runner/.m2/repository/org/eclipse/jetty/jetty-alpn-java-server/11.0.15/jetty-alpn-java-server-11.0.15.jar:/home/runner/.m2/repository/org/eclipse/jetty/jetty-alpn-java-client/11.0.15/jetty-alpn-java-client-11.0.15.jar:/home/runner/.m2/repository/org/eclipse/jetty/jetty-alpn-client/11.0.15/jetty-alpn-client-11.0.15.jar:/home/runner/.m2/repository/org/apache/httpcomponents/client5/httpclient5/5.2.1/httpclient5-5.2.1.jar:/home/runner/.m2/repository/org/apache/httpcomponents/core5/httpcore5/5.2/httpcore5-5.2.jar:/home/runner/.m2/repository/org/apache/httpcomponents/core5/httpcore5-h2/5.2/httpcore5-h2-5.2.jar:/home/runner/.m2/repository/org/xmlunit/xmlunit-core/2.9.1/xmlunit-core-2.9.1.jar:/home/runner/.m2/repository/jakarta/xml/bind/jakarta.xml.bind-api/4.0.2/jakarta.xml.bind-api-4.0.2.jar:/home/runner/.m2/repository/org/xmlunit/xmlunit-legacy/2.9.1/xmlunit-legacy-2.9.1.jar:/home/runner/.m2/repository/org/xmlunit/xmlunit-placeholders/2.9.1/xmlunit-placeholders-2.9.1.jar:/home/runner/.m2/repository/net/javacrumbs/json-unit/json-unit-core/2.38.0/json-unit-core-2.38.0.jar:/home/runner/.m2/repository/com/jayway/jsonpath/json-path/2.8.0/json-path-2.8.0.jar:/home/runner/.m2/repository/net/minidev/json-smart/2.4.10/json-smart-2.4.10.jar:/home/runner/.m2/repository/net/minidev/accessors-smart/2.4.9/accessors-smart-2.4.9.jar:/home/runner/.m2/repository/org/ow2/asm/asm/9.7.1/asm-9.7.1.jar:/home/runner/.m2/repository/net/sf/jopt-simple/jopt-simple/5.0.4/jopt-simple-5.0.4.jar:/home/runner/.m2/repository/com/github/jknack/handlebars/4.3.1/handlebars-4.3.1.jar:/home/runner/.m2/repository/com/github/jknack/handlebars-helpers/4.3.1/handlebars-helpers-4.3.1.jar:/home/runner/.m2/repository/commons-fileupload/commons-fileupload/1.5/commons-fileupload-1.5.jar:/home/runner/.m2/repository/com/networknt/json-schema-validator/1.5.5/json-schema-validator-1.5.5.jar:/home/runner/.m2/repository/com/ethlo/time/itu/1.10.3/itu-1.10.3.jar:/home/runner/.m2/repository/io/quarkus/quarkus-smallrye-jwt-build/3.20.1/quarkus-smallrye-jwt-build-3.20.1.jar:/home/runner/.m2/repository/io/smallrye/smallrye-jwt-build/4.6.1/smallrye-jwt-build-4.6.1.jar:/home/runner/.m2/repository/org/eclipse/microprofile/jwt/microprofile-jwt-auth-api/2.1/microprofile-jwt-auth-api-2.1.jar:/home/runner/.m2/repository/org/bitbucket/b_c/jose4j/0.9.6/jose4j-0.9.6.jar:/home/runner/.m2/repository/io/smallrye/smallrye-jwt-common/4.6.1/smallrye-jwt-common-4.6.1.jar:/home/runner/.m2/repository/io/quarkus/quarkus-jsonp/3.20.1/quarkus-jsonp-3.20.1.jar:/home/runner/.m2/repository/io/quarkus/quarkus-arc/3.20.1/quarkus-arc-3.20.1.jar:/home/runner/.m2/repository/io/quarkus/arc/arc/3.20.1/arc-3.20.1.jar:/home/runner/.m2/repository/jakarta/transaction/jakarta.transaction-api/2.0.1/jakarta.transaction-api-2.0.1.jar:/home/runner/.m2/repository/io/smallrye/reactive/mutiny/2.8.0/mutiny-2.8.0.jar:/home/runner/.m2/repository/org/jctools/jctools-core/4.0.5/jctools-core-4.0.5.jar:/home/runner/.m2/repository/org/eclipse/microprofile/context-propagation/microprofile-context-propagation-api/1.3/microprofile-context-propagation-api-1.3.jar:/home/runner/.m2/repository/io/apicurio/apicurio-common-rest-client-common/0.1.18.Final/apicurio-common-rest-client-common-0.1.18.Final.jar:/home/runner/work/apicurio-testing/apicurio-testing/clusters/ci419/namespaces/postgresql/tests/integration/apicurio-registry/utils/maven-plugin/target/apicurio-registry-maven-plugin-3.0.11-SNAPSHOT.jar:/home/runner/.m2/repository/com/fasterxml/jackson/core/jackson-databind/2.18.2/jackson-databind-2.18.2.jar:/home/runner/.m2/repository/org/apache/avro/avro/1.12.0/avro-1.12.0.jar:/home/runner/.m2/repository/com/google/protobuf/protobuf-java/4.31.1/protobuf-java-4.31.1.jar:/home/runner/.m2/repository/com/google/protobuf/protobuf-java-util/4.31.1/protobuf-java-util-4.31.1.jar:/home/runner/.m2/repository/com/google/code/findbugs/jsr305/3.0.2/jsr305-3.0.2.jar:/home/runner/.m2/repository/com/google/code/gson/gson/2.12.1/gson-2.12.1.jar:/home/runner/.m2/repository/com/google/errorprone/error_prone_annotations/2.36.0/error_prone_annotations-2.36.0.jar:/home/runner/.m2/repository/com/google/j2objc/j2objc-annotations/2.8/j2objc-annotations-2.8.jar:/home/runner/work/apicurio-testing/apicurio-testing/clusters/ci419/namespaces/postgresql/tests/integration/apicurio-registry/schema-util/util-provider/target/apicurio-registry-schema-util-provider-3.0.11-SNAPSHOT.jar:/home/runner/work/apicurio-testing/apicurio-testing/clusters/ci419/namespaces/postgresql/tests/integration/apicurio-registry/schema-util/common/target/apicurio-registry-schema-util-common-3.0.11-SNAPSHOT.jar:/home/runner/.m2/repository/com/fasterxml/jackson/module/jackson-module-parameter-names/2.18.2/jackson-module-parameter-names-2.18.2.jar:/home/runner/.m2/repository/com/fasterxml/jackson/datatype/jackson-datatype-json-org/2.18.2/jackson-datatype-json-org-2.18.2.jar:/home/runner/work/apicurio-testing/apicurio-testing/clusters/ci419/namespaces/postgresql/tests/integration/apicurio-registry/schema-util/json/target/apicurio-registry-schema-util-json-3.0.11-SNAPSHOT.jar:/home/runner/.m2/repository/com/github/erosb/everit-json-schema/1.14.5/everit-json-schema-1.14.5.jar:/home/runner/.m2/repository/commons-validator/commons-validator/1.9.0/commons-validator-1.9.0.jar:/home/runner/.m2/repository/commons-digester/commons-digester/2.1/commons-digester-2.1.jar:/home/runner/.m2/repository/commons-collections/commons-collections/3.2.2/commons-collections-3.2.2.jar:/home/runner/.m2/repository/com/damnhandy/handy-uri-templates/2.1.8/handy-uri-templates-2.1.8.jar:/home/runner/.m2/repository/joda-time/joda-time/2.10.2/joda-time-2.10.2.jar:/home/runner/.m2/repository/com/github/erosb/json-sKema/0.20.0/json-sKema-0.20.0.jar:/home/runner/.m2/repository/io/vertx/vertx-json-schema/4.5.14/vertx-json-schema-4.5.14.jar:/home/runner/work/apicurio-testing/apicurio-testing/clusters/ci419/namespaces/postgresql/tests/integration/apicurio-registry/schema-util/protobuf/target/apicurio-registry-schema-util-protobuf-3.0.11-SNAPSHOT.jar:/home/runner/work/apicurio-testing/apicurio-testing/clusters/ci419/namespaces/postgresql/tests/integration/apicurio-registry/utils/protobuf-schema-utilities/target/apicurio-registry-protobuf-schema-utilities-3.0.11-SNAPSHOT.jar:/home/runner/.m2/repository/com/google/api/grpc/proto-google-common-protos/2.52.0/proto-google-common-protos-2.52.0.jar:/home/runner/.m2/repository/com/squareup/wire/wire-schema-jvm/5.3.3/wire-schema-jvm-5.3.3.jar:/home/runner/.m2/repository/com/palantir/javapoet/javapoet/0.6.0/javapoet-0.6.0.jar:/home/runner/.m2/repository/com/squareup/kotlinpoet-jvm/2.0.0/kotlinpoet-jvm-2.0.0.jar:/home/runner/.m2/repository/org/jetbrains/kotlin/kotlin-reflect/2.0.21/kotlin-reflect-2.0.21.jar:/home/runner/.m2/repository/com/squareup/wire/wire-runtime-jvm/5.3.3/wire-runtime-jvm-5.3.3.jar:/home/runner/.m2/repository/com/ibm/icu/icu4j/76.1/icu4j-76.1.jar:/home/runner/.m2/repository/com/squareup/okio/okio-fakefilesystem/3.10.2/okio-fakefilesystem-3.10.2.jar:/home/runner/.m2/repository/com/squareup/okio/okio-fakefilesystem-jvm/3.10.2/okio-fakefilesystem-jvm-3.10.2.jar:/home/runner/.m2/repository/org/jetbrains/kotlinx/kotlinx-datetime-jvm/0.6.1/kotlinx-datetime-jvm-0.6.1.jar:/home/runner/work/apicurio-testing/apicurio-testing/clusters/ci419/namespaces/postgresql/tests/integration/apicurio-registry/schema-util/asyncapi/target/apicurio-registry-schema-util-asyncapi-3.0.11-SNAPSHOT.jar:/home/runner/work/apicurio-testing/apicurio-testing/clusters/ci419/namespaces/postgresql/tests/integration/apicurio-registry/schema-util/avro/target/apicurio-registry-schema-util-avro-3.0.11-SNAPSHOT.jar:/home/runner/work/apicurio-testing/apicurio-testing/clusters/ci419/namespaces/postgresql/tests/integration/apicurio-registry/schema-util/graphql/target/apicurio-registry-schema-util-graphql-3.0.11-SNAPSHOT.jar:/home/runner/.m2/repository/com/graphql-java/graphql-java/22.3/graphql-java-22.3.jar:/home/runner/.m2/repository/com/graphql-java/java-dataloader/3.3.0/java-dataloader-3.3.0.jar:/home/runner/work/apicurio-testing/apicurio-testing/clusters/ci419/namespaces/postgresql/tests/integration/apicurio-registry/schema-util/kconnect/target/apicurio-registry-schema-util-kconnect-3.0.11-SNAPSHOT.jar:/home/runner/work/apicurio-testing/apicurio-testing/clusters/ci419/namespaces/postgresql/tests/integration/apicurio-registry/schema-util/openapi/target/apicurio-registry-schema-util-openapi-3.0.11-SNAPSHOT.jar:/home/runner/.m2/repository/io/apicurio/apicurio-data-models/2.2.1/apicurio-data-models-2.2.1.jar:/home/runner/.m2/repository/org/openapitools/openapidiff/openapi-diff-core/2.1.2/openapi-diff-core-2.1.2.jar:/home/runner/.m2/repository/io/swagger/parser/v3/swagger-parser/2.1.28/swagger-parser-2.1.28.jar:/home/runner/.m2/repository/io/swagger/parser/v3/swagger-parser-v2-converter/2.1.28/swagger-parser-v2-converter-2.1.28.jar:/home/runner/.m2/repository/io/swagger/swagger-core/1.6.16/swagger-core-1.6.16.jar:/home/runner/.m2/repository/io/swagger/swagger-models/1.6.16/swagger-models-1.6.16.jar:/home/runner/.m2/repository/io/swagger/swagger-annotations/1.6.16/swagger-annotations-1.6.16.jar:/home/runner/.m2/repository/io/swagger/swagger-parser/1.0.75/swagger-parser-1.0.75.jar:/home/runner/.m2/repository/io/swagger/swagger-parser-safe-url-resolver/1.0.75/swagger-parser-safe-url-resolver-1.0.75.jar:/home/runner/.m2/repository/io/swagger/swagger-compat-spec-parser/1.0.75/swagger-compat-spec-parser-1.0.75.jar:/home/runner/.m2/repository/com/github/java-json-tools/json-schema-validator/2.2.14/json-schema-validator-2.2.14.jar:/home/runner/.m2/repository/com/github/java-json-tools/jackson-coreutils-equivalence/1.0/jackson-coreutils-equivalence-1.0.jar:/home/runner/.m2/repository/com/github/java-json-tools/json-schema-core/1.2.14/json-schema-core-1.2.14.jar:/home/runner/.m2/repository/com/github/java-json-tools/uri-template/0.10/uri-template-0.10.jar:/home/runner/.m2/repository/com/googlecode/libphonenumber/libphonenumber/8.11.1/libphonenumber-8.11.1.jar:/home/runner/.m2/repository/com/j2html/j2html/1.6.0/j2html-1.6.0.jar:/home/runner/.m2/repository/org/apache/commons/commons-collections4/4.5.0/commons-collections4-4.5.0.jar:/home/runner/.m2/repository/org/apache/commons/commons-configuration2/2.12.0/commons-configuration2-2.12.0.jar:/home/runner/.m2/repository/org/apache/commons/commons-text/1.13.0/commons-text-1.13.0.jar:/home/runner/.m2/repository/org/slf4j/jcl-over-slf4j/2.0.17/jcl-over-slf4j-2.0.17.jar:/home/runner/.m2/repository/io/swagger/parser/v3/swagger-parser-v3/2.1.30/swagger-parser-v3-2.1.30.jar:/home/runner/.m2/repository/io/swagger/core/v3/swagger-models/2.2.34/swagger-models-2.2.34.jar:/home/runner/.m2/repository/io/swagger/core/v3/swagger-core/2.2.34/swagger-core-2.2.34.jar:/home/runner/.m2/repository/io/swagger/parser/v3/swagger-parser-core/2.1.30/swagger-parser-core-2.1.30.jar:/home/runner/.m2/repository/io/swagger/parser/v3/swagger-parser-safe-url-resolver/2.1.30/swagger-parser-safe-url-resolver-2.1.30.jar:/home/runner/work/apicurio-testing/apicurio-testing/clusters/ci419/namespaces/postgresql/tests/integration/apicurio-registry/schema-util/wsdl/target/apicurio-registry-schema-util-wsdl-3.0.11-SNAPSHOT.jar:/home/runner/.m2/repository/wsdl4j/wsdl4j/1.6.3/wsdl4j-1.6.3.jar:/home/runner/work/apicurio-testing/apicurio-testing/clusters/ci419/namespaces/postgresql/tests/integration/apicurio-registry/schema-util/xml/target/apicurio-registry-schema-util-xml-3.0.11-SNAPSHOT.jar:/home/runner/.m2/repository/org/apache/santuario/xmlsec/4.0.3/xmlsec-4.0.3.jar:/home/runner/.m2/repository/com/fasterxml/woodstox/woodstox-core/7.1.0/woodstox-core-7.1.0.jar:/home/runner/.m2/repository/org/codehaus/woodstox/stax2-api/4.2.2/stax2-api-4.2.2.jar:/home/runner/work/apicurio-testing/apicurio-testing/clusters/ci419/namespaces/postgresql/tests/integration/apicurio-registry/schema-util/xsd/target/apicurio-registry-schema-util-xsd-3.0.11-SNAPSHOT.jar:/home/runner/work/apicurio-testing/apicurio-testing/clusters/ci419/namespaces/postgresql/tests/integration/apicurio-registry/serdes/kafka/jsonschema-serde/target/apicurio-registry-jsonschema-serde-kafka-3.0.11-SNAPSHOT.jar:/home/runner/work/apicurio-testing/apicurio-testing/clusters/ci419/namespaces/postgresql/tests/integration/apicurio-registry/serdes/kafka/serde-kafka-common/target/apicurio-registry-serde-kafka-common-3.0.11-SNAPSHOT.jar:/home/runner/work/apicurio-testing/apicurio-testing/clusters/ci419/namespaces/postgresql/tests/integration/apicurio-registry/serdes/generic/serde-common/target/apicurio-registry-serde-common-3.0.11-SNAPSHOT.jar:/home/runner/work/apicurio-testing/apicurio-testing/clusters/ci419/namespaces/postgresql/tests/integration/apicurio-registry/serdes/generic/serde-common-jsonschema/target/apicurio-registry-serde-common-jsonschema-3.0.11-SNAPSHOT.jar:/home/runner/.m2/repository/org/json/json/20250107/json-20250107.jar:/home/runner/work/apicurio-testing/apicurio-testing/clusters/ci419/namespaces/postgresql/tests/integration/apicurio-registry/serdes/kafka/avro-serde/target/apicurio-registry-avro-serde-kafka-3.0.11-SNAPSHOT.jar:/home/runner/work/apicurio-testing/apicurio-testing/clusters/ci419/namespaces/postgresql/tests/integration/apicurio-registry/serdes/generic/serde-common-avro/target/apicurio-registry-serde-common-avro-3.0.11-SNAPSHOT.jar:/home/runner/work/apicurio-testing/apicurio-testing/clusters/ci419/namespaces/postgresql/tests/integration/apicurio-registry/serdes/kafka/protobuf-serde/target/apicurio-registry-protobuf-serde-kafka-3.0.11-SNAPSHOT.jar:/home/runner/work/apicurio-testing/apicurio-testing/clusters/ci419/namespaces/postgresql/tests/integration/apicurio-registry/serdes/generic/serde-common-protobuf/target/apicurio-registry-serde-common-protobuf-3.0.11-SNAPSHOT.jar:/home/runner/.m2/repository/com/squareup/wire/wire-schema/5.3.3/wire-schema-5.3.3.jar:/home/runner/.m2/repository/com/squareup/wire/wire-runtime/5.3.3/wire-runtime-5.3.3.jar:/home/runner/work/apicurio-testing/apicurio-testing/clusters/ci419/namespaces/postgresql/tests/integration/apicurio-registry/serdes/pulsar/avro-serde/target/apicurio-registry-avro-serde-pulsar-3.0.11-SNAPSHOT.jar:/home/runner/.m2/repository/org/apache/pulsar/pulsar-functions-api/3.3.4/pulsar-functions-api-3.3.4.jar:/home/runner/work/apicurio-testing/apicurio-testing/clusters/ci419/namespaces/postgresql/tests/integration/apicurio-registry/serdes/nats/avro-serde/target/apicurio-registry-avro-serde-nats-3.0.11-SNAPSHOT.jar:/home/runner/.m2/repository/io/nats/jnats/2.20.5/jnats-2.20.5.jar:/home/runner/.m2/repository/net/i2p/crypto/eddsa/0.3.0/eddsa-0.3.0.jar:/home/runner/work/apicurio-testing/apicurio-testing/clusters/ci419/namespaces/postgresql/tests/integration/apicurio-registry/utils/converter/target/apicurio-registry-utils-converter-3.0.11-SNAPSHOT.jar:/home/runner/work/apicurio-testing/apicurio-testing/clusters/ci419/namespaces/postgresql/tests/integration/apicurio-registry/schema-resolver/target/apicurio-registry-schema-resolver-3.0.11-SNAPSHOT.jar:/home/runner/.m2/repository/org/apache/kafka/connect-api/3.9.1/connect-api-3.9.1.jar:/home/runner/.m2/repository/javax/ws/rs/javax.ws.rs-api/2.1.1/javax.ws.rs-api-2.1.1.jar:/home/runner/.m2/repository/org/apache/kafka/connect-json/3.9.1/connect-json-3.9.1.jar:/home/runner/.m2/repository/com/fasterxml/jackson/datatype/jackson-datatype-jdk8/2.18.2/jackson-datatype-jdk8-2.18.2.jar:/home/runner/.m2/repository/com/fasterxml/jackson/module/jackson-module-afterburner/2.18.2/jackson-module-afterburner-2.18.2.jar:/home/runner/work/apicurio-testing/apicurio-testing/clusters/ci419/namespaces/postgresql/tests/integration/apicurio-registry/utils/kafka/target/apicurio-registry-utils-kafka-3.0.11-SNAPSHOT.jar:/home/runner/.m2/repository/org/apache/pulsar/pulsar-client/3.3.4/pulsar-client-3.3.4.jar:/home/runner/.m2/repository/org/apache/pulsar/pulsar-client-api/3.3.4/pulsar-client-api-3.3.4.jar:/home/runner/.m2/repository/org/apache/pulsar/pulsar-client-admin-api/3.3.4/pulsar-client-admin-api-3.3.4.jar:/home/runner/.m2/repository/org/apache/pulsar/bouncy-castle-bc/3.3.4/bouncy-castle-bc-3.3.4-pkg.jar:/home/runner/.m2/repository/org/bouncycastle/bcpkix-jdk18on/1.80/bcpkix-jdk18on-1.80.jar:/home/runner/.m2/repository/org/bouncycastle/bcutil-jdk18on/1.80/bcutil-jdk18on-1.80.jar:/home/runner/.m2/repository/org/bouncycastle/bcprov-jdk18on/1.80/bcprov-jdk18on-1.80.jar:/home/runner/.m2/repository/io/opentelemetry/opentelemetry-api/1.44.1/opentelemetry-api-1.44.1.jar:/home/runner/.m2/repository/io/opentelemetry/opentelemetry-context/1.44.1/opentelemetry-context-1.44.1.jar:/home/runner/.m2/repository/io/opentelemetry/opentelemetry-api-incubator/1.44.1-alpha/opentelemetry-api-incubator-1.44.1-alpha.jar:/home/runner/.m2/repository/com/fasterxml/jackson/core/jackson-annotations/2.18.2/jackson-annotations-2.18.2.jar:/home/runner/.m2/repository/javax/validation/validation-api/1.1.0.Final/validation-api-1.1.0.Final.jar:/home/runner/.m2/repository/io/confluent/kafka-avro-serializer/8.0.0/kafka-avro-serializer-8.0.0.jar:/home/runner/.m2/repository/org/apache/commons/commons-compress/1.27.1/commons-compress-1.27.1.jar:/home/runner/.m2/repository/io/confluent/kafka-schema-serializer/8.0.0/kafka-schema-serializer-8.0.0.jar:/home/runner/.m2/repository/com/fasterxml/jackson/dataformat/jackson-dataformat-csv/2.18.2/jackson-dataformat-csv-2.18.2.jar:/home/runner/.m2/repository/io/confluent/kafka-schema-registry-client/8.0.0/kafka-schema-registry-client-8.0.0.jar:/home/runner/.m2/repository/org/yaml/snakeyaml/2.3/snakeyaml-2.3.jar:/home/runner/.m2/repository/io/swagger/core/v3/swagger-annotations/2.2.29/swagger-annotations-2.2.29.jar:/home/runner/.m2/repository/com/google/guava/guava/33.4.0-jre/guava-33.4.0-jre.jar:/home/runner/.m2/repository/com/google/guava/failureaccess/1.0.1/failureaccess-1.0.1.jar:/home/runner/.m2/repository/org/checkerframework/checker-qual/3.49.0/checker-qual-3.49.0.jar:/home/runner/.m2/repository/io/confluent/logredactor/1.0.13/logredactor-1.0.13.jar:/home/runner/.m2/repository/com/google/re2j/re2j/1.6/re2j-1.6.jar:/home/runner/.m2/repository/io/confluent/logredactor-metrics/1.0.13/logredactor-metrics-1.0.13.jar:/home/runner/.m2/repository/com/eclipsesource/minimal-json/minimal-json/0.9.5/minimal-json-0.9.5.jar:/home/runner/.m2/repository/io/confluent/common-utils/8.0.0/common-utils-8.0.0.jar:/home/runner/.m2/repository/io/confluent/kafka-connect-avro-converter/8.0.0/kafka-connect-avro-converter-8.0.0.jar:/home/runner/.m2/repository/io/confluent/kafka-connect-avro-data/8.0.0/kafka-connect-avro-data-8.0.0.jar:/home/runner/.m2/repository/io/confluent/kafka-schema-converter/8.0.0/kafka-schema-converter-8.0.0.jar:/home/runner/.m2/repository/io/rest-assured/rest-assured/5.5.1/rest-assured-5.5.1.jar:/home/runner/.m2/repository/org/apache/groovy/groovy/4.0.22/groovy-4.0.22.jar:/home/runner/.m2/repository/org/apache/groovy/groovy-xml/4.0.22/groovy-xml-4.0.22.jar:/home/runner/.m2/repository/org/apache/httpcomponents/httpclient/4.5.14/httpclient-4.5.14.jar:/home/runner/.m2/repository/org/apache/httpcomponents/httpcore/4.4.16/httpcore-4.4.16.jar:/home/runner/.m2/repository/org/apache/httpcomponents/httpmime/4.5.14/httpmime-4.5.14.jar:/home/runner/.m2/repository/org/hamcrest/hamcrest/2.2/hamcrest-2.2.jar:/home/runner/.m2/repository/org/ccil/cowan/tagsoup/tagsoup/1.2.1/tagsoup-1.2.1.jar:/home/runner/.m2/repository/io/rest-assured/json-path/5.5.1/json-path-5.5.1.jar:/home/runner/.m2/repository/org/apache/groovy/groovy-json/4.0.22/groovy-json-4.0.22.jar:/home/runner/.m2/repository/io/rest-assured/rest-assured-common/5.5.1/rest-assured-common-5.5.1.jar:/home/runner/.m2/repository/io/rest-assured/xml-path/5.5.1/xml-path-5.5.1.jar:/home/runner/.m2/repository/io/zonky/test/embedded-postgres/2.1.0/embedded-postgres-2.1.0.jar:/home/runner/.m2/repository/io/zonky/test/postgres/embedded-postgres-binaries-windows-amd64/14.15.0/embedded-postgres-binaries-windows-amd64-14.15.0.jar:/home/runner/.m2/repository/io/zonky/test/postgres/embedded-postgres-binaries-darwin-amd64/14.15.0/embedded-postgres-binaries-darwin-amd64-14.15.0.jar:/home/runner/.m2/repository/io/zonky/test/postgres/embedded-postgres-binaries-linux-amd64/14.15.0/embedded-postgres-binaries-linux-amd64-14.15.0.jar:/home/runner/.m2/repository/io/zonky/test/postgres/embedded-postgres-binaries-linux-amd64-alpine/14.15.0/embedded-postgres-binaries-linux-amd64-alpine-14.15.0.jar:/home/runner/.m2/repository/org/apache/commons/commons-lang3/3.17.0/commons-lang3-3.17.0.jar:/home/runner/.m2/repository/org/tukaani/xz/1.10/xz-1.10.jar:/home/runner/.m2/repository/commons-codec/commons-codec/1.18.0/commons-codec-1.18.0.jar:/home/runner/.m2/repository/org/postgresql/postgresql/42.7.5/postgresql-42.7.5.jar:/home/runner/.m2/repository/commons-io/commons-io/2.18.0/commons-io-2.18.0.jar:/home/runner/work/apicurio-testing/apicurio-testing/clusters/ci419/namespaces/postgresql/tests/integration/apicurio-registry/utils/importexport/target/apicurio-registry-utils-import-export-3.0.11-SNAPSHOT.jar:/home/runner/.m2/repository/io/vertx/vertx-core/4.5.14/vertx-core-4.5.14.jar:/home/runner/.m2/repository/io/netty/netty-common/4.1.119.Final/netty-common-4.1.119.Final.jar:/home/runner/.m2/repository/io/netty/netty-buffer/4.1.119.Final/netty-buffer-4.1.119.Final.jar:/home/runner/.m2/repository/io/netty/netty-transport/4.1.119.Final/netty-transport-4.1.119.Final.jar:/home/runner/.m2/repository/io/netty/netty-handler/4.1.119.Final/netty-handler-4.1.119.Final.jar:/home/runner/.m2/repository/io/netty/netty-transport-native-unix-common/4.1.119.Final/netty-transport-native-unix-common-4.1.119.Final.jar:/home/runner/.m2/repository/io/netty/netty-codec/4.1.119.Final/netty-codec-4.1.119.Final.jar:/home/runner/.m2/repository/io/netty/netty-handler-proxy/4.1.119.Final/netty-handler-proxy-4.1.119.Final.jar:/home/runner/.m2/repository/io/netty/netty-codec-socks/4.1.119.Final/netty-codec-socks-4.1.119.Final.jar:/home/runner/.m2/repository/io/netty/netty-codec-http/4.1.119.Final/netty-codec-http-4.1.119.Final.jar:/home/runner/.m2/repository/io/netty/netty-codec-http2/4.1.119.Final/netty-codec-http2-4.1.119.Final.jar:/home/runner/.m2/repository/io/netty/netty-resolver/4.1.119.Final/netty-resolver-4.1.119.Final.jar:/home/runner/.m2/repository/io/netty/netty-resolver-dns/4.1.119.Final/netty-resolver-dns-4.1.119.Final.jar:/home/runner/.m2/repository/io/netty/netty-codec-dns/4.1.119.Final/netty-codec-dns-4.1.119.Final.jar:/home/runner/.m2/repository/com/fasterxml/jackson/core/jackson-core/2.18.2/jackson-core-2.18.2.jar:"/>
    <property name="java.vm.vendor" value="Eclipse Adoptium"/>
    <property name="maven.javadoc.skip" value="true"/>
    <property name="sun.arch.data.model" value="64"/>
    <property name="java.vendor.url" value="https://adoptium.net/"/>
    <property name="user.timezone" value="Etc/UTC"/>
    <property name="os.name" value="Linux"/>
    <property name="java.vm.specification.version" value="17"/>
    <property name="sun.java.launcher" value="SUN_STANDARD"/>
    <property name="quarkus.http.test-port" value="80"/>
    <property name="sun.boot.library.path" value="/usr/lib/jvm/temurin-17-jdk-amd64/lib"/>
    <property name="sun.java.command" value="/home/runner/work/apicurio-testing/apicurio-testing/clusters/ci419/namespaces/postgresql/tests/integration/apicurio-registry/integration-tests/target/surefire/surefirebooter-20250731204127825_3.jar /home/runner/work/apicurio-testing/apicurio-testing/clusters/ci419/namespaces/postgresql/tests/integration/apicurio-registry/integration-tests/target/surefire 2025-07-31T20-41-27_764-jvmRun1 surefire-20250731204127825_1tmp surefire_0-20250731204127825_2tmp"/>
    <property name="maven.home" value="/home/runner/.m2/wrapper/dists/apache-maven-3.9.8-bin/4fnp1ql35bgk2a0p7m31ovbgb0/apache-maven-3.9.8"/>
    <property name="jdk.debug" value="release"/>
    <property name="surefire.test.class.path" value="/home/runner/work/apicurio-testing/apicurio-testing/clusters/ci419/namespaces/postgresql/tests/integration/apicurio-registry/integration-tests/target/test-classes:/home/runner/work/apicurio-testing/apicurio-testing/clusters/ci419/namespaces/postgresql/tests/integration/apicurio-registry/integration-tests/target/apicurio-registry-integration-tests-3.0.11-SNAPSHOT.jar:/home/runner/.m2/repository/io/quarkus/quarkus-junit5/3.20.1/quarkus-junit5-3.20.1.jar:/home/runner/.m2/repository/io/quarkus/quarkus-bootstrap-core/3.20.1/quarkus-bootstrap-core-3.20.1.jar:/home/runner/.m2/repository/io/quarkus/quarkus-classloader-commons/3.20.1/quarkus-classloader-commons-3.20.1.jar:/home/runner/.m2/repository/io/quarkus/quarkus-bootstrap-app-model/3.20.1/quarkus-bootstrap-app-model-3.20.1.jar:/home/runner/.m2/repository/io/smallrye/common/smallrye-common-io/2.12.0/smallrye-common-io-2.12.0.jar:/home/runner/.m2/repository/org/eclipse/sisu/org.eclipse.sisu.inject/0.9.0.M3/org.eclipse.sisu.inject-0.9.0.M3.jar:/home/runner/.m2/repository/io/quarkus/quarkus-test-common/3.20.1/quarkus-test-common-3.20.1.jar:/home/runner/.m2/repository/io/quarkus/quarkus-core-deployment/3.20.1/quarkus-core-deployment-3.20.1.jar:/home/runner/.m2/repository/org/aesh/readline/2.6/readline-2.6.jar:/home/runner/.m2/repository/org/fusesource/jansi/jansi/2.4.0/jansi-2.4.0.jar:/home/runner/.m2/repository/org/aesh/aesh/2.8.2/aesh-2.8.2.jar:/home/runner/.m2/repository/io/quarkus/gizmo/gizmo/1.8.0/gizmo-1.8.0.jar:/home/runner/.m2/repository/org/ow2/asm/asm-util/9.7.1/asm-util-9.7.1.jar:/home/runner/.m2/repository/org/ow2/asm/asm-analysis/9.7.1/asm-analysis-9.7.1.jar:/home/runner/.m2/repository/org/ow2/asm/asm-commons/9.7.1/asm-commons-9.7.1.jar:/home/runner/.m2/repository/org/ow2/asm/asm-tree/9.7.1/asm-tree-9.7.1.jar:/home/runner/.m2/repository/io/quarkus/quarkus-hibernate-validator-spi/3.20.1/quarkus-hibernate-validator-spi-3.20.1.jar:/home/runner/.m2/repository/io/quarkus/quarkus-class-change-agent/3.20.1/quarkus-class-change-agent-3.20.1.jar:/home/runner/.m2/repository/io/quarkus/quarkus-devtools-utilities/3.20.1/quarkus-devtools-utilities-3.20.1.jar:/home/runner/.m2/repository/io/quarkus/quarkus-builder/3.20.1/quarkus-builder-3.20.1.jar:/home/runner/.m2/repository/org/graalvm/sdk/nativeimage/23.1.2/nativeimage-23.1.2.jar:/home/runner/.m2/repository/org/graalvm/sdk/word/23.1.2/word-23.1.2.jar:/home/runner/.m2/repository/io/quarkus/quarkus-bootstrap-maven-resolver/3.20.1/quarkus-bootstrap-maven-resolver-3.20.1.jar:/home/runner/.m2/repository/io/smallrye/beanbag/smallrye-beanbag-maven/1.5.2/smallrye-beanbag-maven-1.5.2.jar:/home/runner/.m2/repository/io/smallrye/beanbag/smallrye-beanbag-sisu/1.5.2/smallrye-beanbag-sisu-1.5.2.jar:/home/runner/.m2/repository/io/smallrye/beanbag/smallrye-beanbag/1.5.2/smallrye-beanbag-1.5.2.jar:/home/runner/.m2/repository/javax/inject/javax.inject/1/javax.inject-1.jar:/home/runner/.m2/repository/org/apache/maven/maven-artifact/3.9.9/maven-artifact-3.9.9.jar:/home/runner/.m2/repository/org/apache/maven/maven-builder-support/3.9.9/maven-builder-support-3.9.9.jar:/home/runner/.m2/repository/org/apache/maven/maven-model/3.9.9/maven-model-3.9.9.jar:/home/runner/.m2/repository/org/apache/maven/maven-model-builder/3.9.9/maven-model-builder-3.9.9.jar:/home/runner/.m2/repository/org/apache/maven/maven-repository-metadata/3.9.9/maven-repository-metadata-3.9.9.jar:/home/runner/.m2/repository/org/apache/maven/maven-settings/3.9.9/maven-settings-3.9.9.jar:/home/runner/.m2/repository/org/apache/maven/resolver/maven-resolver-api/1.9.22/maven-resolver-api-1.9.22.jar:/home/runner/.m2/repository/org/apache/maven/resolver/maven-resolver-impl/1.9.22/maven-resolver-impl-1.9.22.jar:/home/runner/.m2/repository/org/apache/maven/resolver/maven-resolver-named-locks/1.9.22/maven-resolver-named-locks-1.9.22.jar:/home/runner/.m2/repository/org/apache/maven/resolver/maven-resolver-spi/1.9.22/maven-resolver-spi-1.9.22.jar:/home/runner/.m2/repository/org/apache/maven/resolver/maven-resolver-util/1.9.22/maven-resolver-util-1.9.22.jar:/home/runner/.m2/repository/org/apache/maven/resolver/maven-resolver-transport-http/1.9.20/maven-resolver-transport-http-1.9.20.jar:/home/runner/.m2/repository/org/apache/maven/wagon/wagon-provider-api/3.5.3/wagon-provider-api-3.5.3.jar:/home/runner/.m2/repository/org/apache/maven/wagon/wagon-http-shared/3.5.3/wagon-http-shared-3.5.3.jar:/home/runner/.m2/repository/org/codehaus/plexus/plexus-interpolation/1.26/plexus-interpolation-1.26.jar:/home/runner/.m2/repository/org/codehaus/plexus/plexus-utils/3.5.1/plexus-utils-3.5.1.jar:/home/runner/.m2/repository/org/codehaus/plexus/plexus-xml/4.0.1/plexus-xml-4.0.1.jar:/home/runner/.m2/repository/org/apache/maven/maven-xml-impl/4.0.0-alpha-5/maven-xml-impl-4.0.0-alpha-5.jar:/home/runner/.m2/repository/org/apache/maven/maven-api-xml/4.0.0-alpha-5/maven-api-xml-4.0.0-alpha-5.jar:/home/runner/.m2/repository/org/apache/maven/maven-api-meta/4.0.0-alpha-5/maven-api-meta-4.0.0-alpha-5.jar:/home/runner/.m2/repository/org/codehaus/plexus/plexus-cipher/2.0/plexus-cipher-2.0.jar:/home/runner/.m2/repository/org/codehaus/plexus/plexus-sec-dispatcher/2.0/plexus-sec-dispatcher-2.0.jar:/home/runner/.m2/repository/org/apache/maven/maven-embedder/3.9.9/maven-embedder-3.9.9.jar:/home/runner/.m2/repository/org/apache/maven/maven-core/3.9.9/maven-core-3.9.9.jar:/home/runner/.m2/repository/org/codehaus/plexus/plexus-component-annotations/2.1.0/plexus-component-annotations-2.1.0.jar:/home/runner/.m2/repository/org/apache/maven/maven-plugin-api/3.9.9/maven-plugin-api-3.9.9.jar:/home/runner/.m2/repository/org/apache/maven/shared/maven-shared-utils/3.4.2/maven-shared-utils-3.4.2.jar:/home/runner/.m2/repository/com/google/inject/guice/5.1.0/guice-5.1.0.jar:/home/runner/.m2/repository/aopalliance/aopalliance/1.0/aopalliance-1.0.jar:/home/runner/.m2/repository/org/codehaus/plexus/plexus-classworlds/2.6.0/plexus-classworlds-2.6.0.jar:/home/runner/.m2/repository/commons-cli/commons-cli/1.8.0/commons-cli-1.8.0.jar:/home/runner/.m2/repository/org/eclipse/sisu/org.eclipse.sisu.plexus/0.9.0.M3/org.eclipse.sisu.plexus-0.9.0.M3.jar:/home/runner/.m2/repository/org/apache/maven/maven-settings-builder/3.9.9/maven-settings-builder-3.9.9.jar:/home/runner/.m2/repository/org/apache/maven/maven-resolver-provider/3.9.9/maven-resolver-provider-3.9.9.jar:/home/runner/.m2/repository/org/apache/maven/resolver/maven-resolver-connector-basic/1.9.22/maven-resolver-connector-basic-1.9.22.jar:/home/runner/.m2/repository/org/apache/maven/resolver/maven-resolver-transport-wagon/1.9.22/maven-resolver-transport-wagon-1.9.22.jar:/home/runner/.m2/repository/org/apache/maven/wagon/wagon-http/3.5.3/wagon-http-3.5.3.jar:/home/runner/.m2/repository/org/apache/maven/wagon/wagon-file/3.5.3/wagon-file-3.5.3.jar:/home/runner/.m2/repository/io/quarkus/quarkus-bootstrap-gradle-resolver/3.20.1/quarkus-bootstrap-gradle-resolver-3.20.1.jar:/home/runner/.m2/repository/io/smallrye/jandex/3.3.0/jandex-3.3.0.jar:/home/runner/.m2/repository/org/jboss/logging/commons-logging-jboss-logging/1.0.0.Final/commons-logging-jboss-logging-1.0.0.Final.jar:/home/runner/.m2/repository/io/quarkus/quarkus-junit5-config/3.20.1/quarkus-junit5-config-3.20.1.jar:/home/runner/.m2/repository/org/junit/jupiter/junit-jupiter-api/5.12.1/junit-jupiter-api-5.12.1.jar:/home/runner/.m2/repository/io/smallrye/config/smallrye-config/3.11.4/smallrye-config-3.11.4.jar:/home/runner/.m2/repository/io/smallrye/config/smallrye-config-core/3.11.4/smallrye-config-core-3.11.4.jar:/home/runner/.m2/repository/io/smallrye/common/smallrye-common-classloader/2.12.0/smallrye-common-classloader-2.12.0.jar:/home/runner/.m2/repository/io/smallrye/config/smallrye-config-common/3.11.4/smallrye-config-common-3.11.4.jar:/home/runner/.m2/repository/org/junit/jupiter/junit-jupiter/5.12.1/junit-jupiter-5.12.1.jar:/home/runner/.m2/repository/org/junit/jupiter/junit-jupiter-params/5.12.1/junit-jupiter-params-5.12.1.jar:/home/runner/.m2/repository/org/junit/jupiter/junit-jupiter-engine/5.12.1/junit-jupiter-engine-5.12.1.jar:/home/runner/.m2/repository/io/quarkus/quarkus-core/3.20.1/quarkus-core-3.20.1.jar:/home/runner/.m2/repository/jakarta/enterprise/jakarta.enterprise.cdi-api/4.1.0/jakarta.enterprise.cdi-api-4.1.0.jar:/home/runner/.m2/repository/jakarta/enterprise/jakarta.enterprise.lang-model/4.1.0/jakarta.enterprise.lang-model-4.1.0.jar:/home/runner/.m2/repository/jakarta/el/jakarta.el-api/5.0.1/jakarta.el-api-5.0.1.jar:/home/runner/.m2/repository/jakarta/interceptor/jakarta.interceptor-api/2.2.0/jakarta.interceptor-api-2.2.0.jar:/home/runner/.m2/repository/jakarta/inject/jakarta.inject-api/2.0.1/jakarta.inject-api-2.0.1.jar:/home/runner/.m2/repository/io/smallrye/common/smallrye-common-os/2.12.0/smallrye-common-os-2.12.0.jar:/home/runner/.m2/repository/io/quarkus/quarkus-ide-launcher/3.20.1/quarkus-ide-launcher-3.20.1.jar:/home/runner/.m2/repository/io/quarkus/quarkus-development-mode-spi/3.20.1/quarkus-development-mode-spi-3.20.1.jar:/home/runner/.m2/repository/org/jboss/logging/jboss-logging/3.6.1.Final/jboss-logging-3.6.1.Final.jar:/home/runner/.m2/repository/org/jboss/logmanager/jboss-logmanager/3.1.2.Final/jboss-logmanager-3.1.2.Final.jar:/home/runner/.m2/repository/io/smallrye/common/smallrye-common-constraint/2.12.0/smallrye-common-constraint-2.12.0.jar:/home/runner/.m2/repository/io/smallrye/common/smallrye-common-cpu/2.12.0/smallrye-common-cpu-2.12.0.jar:/home/runner/.m2/repository/io/smallrye/common/smallrye-common-expression/2.12.0/smallrye-common-expression-2.12.0.jar:/home/runner/.m2/repository/io/smallrye/common/smallrye-common-net/2.12.0/smallrye-common-net-2.12.0.jar:/home/runner/.m2/repository/io/smallrye/common/smallrye-common-ref/2.12.0/smallrye-common-ref-2.12.0.jar:/home/runner/.m2/repository/jakarta/json/jakarta.json-api/2.1.3/jakarta.json-api-2.1.3.jar:/home/runner/.m2/repository/org/eclipse/parsson/parsson/1.1.7/parsson-1.1.7.jar:/home/runner/.m2/repository/org/jboss/logging/jboss-logging-annotations/3.0.4.Final/jboss-logging-annotations-3.0.4.Final.jar:/home/runner/.m2/repository/org/jboss/threads/jboss-threads/3.8.0.Final/jboss-threads-3.8.0.Final.jar:/home/runner/.m2/repository/io/smallrye/common/smallrye-common-annotation/2.12.0/smallrye-common-annotation-2.12.0.jar:/home/runner/.m2/repository/io/smallrye/common/smallrye-common-function/2.12.0/smallrye-common-function-2.12.0.jar:/home/runner/.m2/repository/org/jboss/slf4j/slf4j-jboss-logmanager/2.0.0.Final/slf4j-jboss-logmanager-2.0.0.Final.jar:/home/runner/.m2/repository/org/wildfly/common/wildfly-common/2.0.1/wildfly-common-2.0.1.jar:/home/runner/.m2/repository/io/quarkus/quarkus-bootstrap-runner/3.20.1/quarkus-bootstrap-runner-3.20.1.jar:/home/runner/.m2/repository/io/github/crac/org-crac/0.1.3/org-crac-0.1.3.jar:/home/runner/.m2/repository/io/quarkus/quarkus-fs-util/0.0.10/quarkus-fs-util-0.0.10.jar:/home/runner/.m2/repository/org/jboss/marshalling/jboss-marshalling/2.2.2.Final/jboss-marshalling-2.2.2.Final.jar:/home/runner/.m2/repository/io/fabric8/kubernetes-client/7.1.0/kubernetes-client-7.1.0.jar:/home/runner/.m2/repository/io/fabric8/kubernetes-client-api/7.1.0/kubernetes-client-api-7.1.0.jar:/home/runner/.m2/repository/io/fabric8/kubernetes-model-core/7.1.0/kubernetes-model-core-7.1.0.jar:/home/runner/.m2/repository/io/fabric8/kubernetes-model-common/7.1.0/kubernetes-model-common-7.1.0.jar:/home/runner/.m2/repository/javax/annotation/javax.annotation-api/1.3.2/javax.annotation-api-1.3.2.jar:/home/runner/.m2/repository/io/fabric8/kubernetes-model-gatewayapi/7.1.0/kubernetes-model-gatewayapi-7.1.0.jar:/home/runner/.m2/repository/io/fabric8/kubernetes-model-resource/7.1.0/kubernetes-model-resource-7.1.0.jar:/home/runner/.m2/repository/io/fabric8/kubernetes-model-rbac/7.1.0/kubernetes-model-rbac-7.1.0.jar:/home/runner/.m2/repository/io/fabric8/kubernetes-model-admissionregistration/7.1.0/kubernetes-model-admissionregistration-7.1.0.jar:/home/runner/.m2/repository/io/fabric8/kubernetes-model-apps/7.1.0/kubernetes-model-apps-7.1.0.jar:/home/runner/.m2/repository/io/fabric8/kubernetes-model-autoscaling/7.1.0/kubernetes-model-autoscaling-7.1.0.jar:/home/runner/.m2/repository/io/fabric8/kubernetes-model-apiextensions/7.1.0/kubernetes-model-apiextensions-7.1.0.jar:/home/runner/.m2/repository/io/fabric8/kubernetes-model-batch/7.1.0/kubernetes-model-batch-7.1.0.jar:/home/runner/.m2/repository/io/fabric8/kubernetes-model-certificates/7.1.0/kubernetes-model-certificates-7.1.0.jar:/home/runner/.m2/repository/io/fabric8/kubernetes-model-coordination/7.1.0/kubernetes-model-coordination-7.1.0.jar:/home/runner/.m2/repository/io/fabric8/kubernetes-model-discovery/7.1.0/kubernetes-model-discovery-7.1.0.jar:/home/runner/.m2/repository/io/fabric8/kubernetes-model-events/7.1.0/kubernetes-model-events-7.1.0.jar:/home/runner/.m2/repository/io/fabric8/kubernetes-model-extensions/7.1.0/kubernetes-model-extensions-7.1.0.jar:/home/runner/.m2/repository/io/fabric8/kubernetes-model-flowcontrol/7.1.0/kubernetes-model-flowcontrol-7.1.0.jar:/home/runner/.m2/repository/io/fabric8/kubernetes-model-networking/7.1.0/kubernetes-model-networking-7.1.0.jar:/home/runner/.m2/repository/io/fabric8/kubernetes-model-metrics/7.1.0/kubernetes-model-metrics-7.1.0.jar:/home/runner/.m2/repository/io/fabric8/kubernetes-model-policy/7.1.0/kubernetes-model-policy-7.1.0.jar:/home/runner/.m2/repository/io/fabric8/kubernetes-model-scheduling/7.1.0/kubernetes-model-scheduling-7.1.0.jar:/home/runner/.m2/repository/io/fabric8/kubernetes-model-storageclass/7.1.0/kubernetes-model-storageclass-7.1.0.jar:/home/runner/.m2/repository/io/fabric8/kubernetes-model-node/7.1.0/kubernetes-model-node-7.1.0.jar:/home/runner/.m2/repository/org/snakeyaml/snakeyaml-engine/2.9/snakeyaml-engine-2.9.jar:/home/runner/.m2/repository/com/fasterxml/jackson/dataformat/jackson-dataformat-yaml/2.15.2/jackson-dataformat-yaml-2.15.2.jar:/home/runner/.m2/repository/com/fasterxml/jackson/datatype/jackson-datatype-jsr310/2.18.2/jackson-datatype-jsr310-2.18.2.jar:/home/runner/.m2/repository/io/fabric8/zjsonpatch/7.1.0/zjsonpatch-7.1.0.jar:/home/runner/.m2/repository/io/fabric8/kubernetes-httpclient-vertx/7.1.0/kubernetes-httpclient-vertx-7.1.0.jar:/home/runner/.m2/repository/io/vertx/vertx-web-client/4.5.14/vertx-web-client-4.5.14.jar:/home/runner/.m2/repository/io/vertx/vertx-web-common/4.5.14/vertx-web-common-4.5.14.jar:/home/runner/.m2/repository/io/vertx/vertx-auth-common/4.5.14/vertx-auth-common-4.5.14.jar:/home/runner/.m2/repository/io/vertx/vertx-uri-template/4.5.14/vertx-uri-template-4.5.14.jar:/home/runner/.m2/repository/io/fabric8/openshift-client/7.1.0/openshift-client-7.1.0.jar:/home/runner/.m2/repository/io/fabric8/openshift-client-api/7.1.0/openshift-client-api-7.1.0.jar:/home/runner/.m2/repository/io/fabric8/openshift-model/7.1.0/openshift-model-7.1.0.jar:/home/runner/.m2/repository/io/fabric8/openshift-model-autoscaling/7.1.0/openshift-model-autoscaling-7.1.0.jar:/home/runner/.m2/repository/io/fabric8/openshift-model-operator/7.1.0/openshift-model-operator-7.1.0.jar:/home/runner/.m2/repository/io/fabric8/openshift-model-operatorhub/7.1.0/openshift-model-operatorhub-7.1.0.jar:/home/runner/.m2/repository/io/fabric8/openshift-model-machine/7.1.0/openshift-model-machine-7.1.0.jar:/home/runner/.m2/repository/io/fabric8/openshift-model-whereabouts/7.1.0/openshift-model-whereabouts-7.1.0.jar:/home/runner/.m2/repository/io/fabric8/openshift-model-monitoring/7.1.0/openshift-model-monitoring-7.1.0.jar:/home/runner/.m2/repository/io/fabric8/openshift-model-storageversionmigrator/7.1.0/openshift-model-storageversionmigrator-7.1.0.jar:/home/runner/.m2/repository/io/fabric8/openshift-model-tuned/7.1.0/openshift-model-tuned-7.1.0.jar:/home/runner/.m2/repository/io/fabric8/openshift-model-console/7.1.0/openshift-model-console-7.1.0.jar:/home/runner/.m2/repository/io/fabric8/openshift-model-config/7.1.0/openshift-model-config-7.1.0.jar:/home/runner/.m2/repository/io/fabric8/openshift-model-machineconfiguration/7.1.0/openshift-model-machineconfiguration-7.1.0.jar:/home/runner/.m2/repository/io/fabric8/openshift-model-miscellaneous/7.1.0/openshift-model-miscellaneous-7.1.0.jar:/home/runner/.m2/repository/io/fabric8/openshift-model-hive/7.1.0/openshift-model-hive-7.1.0.jar:/home/runner/.m2/repository/io/fabric8/openshift-model-installer/7.1.0/openshift-model-installer-7.1.0.jar:/home/runner/.m2/repository/org/junit/platform/junit-platform-launcher/1.12.1/junit-platform-launcher-1.12.1.jar:/home/runner/.m2/repository/org/junit/platform/junit-platform-engine/1.12.1/junit-platform-engine-1.12.1.jar:/home/runner/.m2/repository/org/opentest4j/opentest4j/1.3.0/opentest4j-1.3.0.jar:/home/runner/.m2/repository/org/junit/platform/junit-platform-commons/1.12.1/junit-platform-commons-1.12.1.jar:/home/runner/.m2/repository/org/apiguardian/apiguardian-api/1.1.2/apiguardian-api-1.1.2.jar:/home/runner/.m2/repository/jakarta/ws/rs/jakarta.ws.rs-api/3.1.0/jakarta.ws.rs-api-3.1.0.jar:/home/runner/work/apicurio-testing/apicurio-testing/clusters/ci419/namespaces/postgresql/tests/integration/apicurio-registry/java-sdk/target/apicurio-registry-java-sdk-3.0.11-SNAPSHOT.jar:/home/runner/.m2/repository/com/microsoft/kiota/microsoft-kiota-abstractions/1.8.8/microsoft-kiota-abstractions-1.8.8.jar:/home/runner/.m2/repository/io/github/std-uritemplate/std-uritemplate/2.0.0/std-uritemplate-2.0.0.jar:/home/runner/.m2/repository/io/kiota/kiota-http-jdk/0.0.21/kiota-http-jdk-0.0.21.jar:/home/runner/.m2/repository/io/kiota/kiota-http-vertx/0.0.21/kiota-http-vertx-0.0.21.jar:/home/runner/.m2/repository/io/kiota/kiota-serialization-jackson/0.0.21/kiota-serialization-jackson-0.0.21.jar:/home/runner/.m2/repository/com/microsoft/kiota/microsoft-kiota-serialization-text/1.8.8/microsoft-kiota-serialization-text-1.8.8.jar:/home/runner/.m2/repository/com/microsoft/kiota/microsoft-kiota-serialization-form/1.8.8/microsoft-kiota-serialization-form-1.8.8.jar:/home/runner/.m2/repository/com/microsoft/kiota/microsoft-kiota-serialization-multipart/1.8.8/microsoft-kiota-serialization-multipart-1.8.8.jar:/home/runner/.m2/repository/jakarta/annotation/jakarta.annotation-api/3.0.0/jakarta.annotation-api-3.0.0.jar:/home/runner/.m2/repository/io/vertx/vertx-auth-oauth2/4.5.14/vertx-auth-oauth2-4.5.14.jar:/home/runner/work/apicurio-testing/apicurio-testing/clusters/ci419/namespaces/postgresql/tests/integration/apicurio-registry/java-sdk-v2/target/apicurio-registry-v2-java-sdk-3.0.11-SNAPSHOT.jar:/home/runner/work/apicurio-testing/apicurio-testing/clusters/ci419/namespaces/postgresql/tests/integration/apicurio-registry/utils/kafka/target/apicurio-registry-utils-kafka-3.0.11-SNAPSHOT-tests.jar:/home/runner/.m2/repository/org/eclipse/microprofile/config/microprofile-config-api/3.1/microprofile-config-api-3.1.jar:/home/runner/.m2/repository/org/apache/kafka/kafka-clients/3.9.1/kafka-clients-3.9.1.jar:/home/runner/.m2/repository/com/github/luben/zstd-jni/1.5.6-4/zstd-jni-1.5.6-4.jar:/home/runner/.m2/repository/org/lz4/lz4-java/1.8.0/lz4-java-1.8.0.jar:/home/runner/.m2/repository/org/xerial/snappy/snappy-java/1.1.10.5/snappy-java-1.1.10.5.jar:/home/runner/.m2/repository/org/slf4j/slf4j-api/2.0.6/slf4j-api-2.0.6.jar:/home/runner/work/apicurio-testing/apicurio-testing/clusters/ci419/namespaces/postgresql/tests/integration/apicurio-registry/utils/tests/target/apicurio-registry-utils-tests-3.0.11-SNAPSHOT.jar:/home/runner/work/apicurio-testing/apicurio-testing/clusters/ci419/namespaces/postgresql/tests/integration/apicurio-registry/common/target/apicurio-registry-common-3.0.11-SNAPSHOT.jar:/home/runner/.m2/repository/jakarta/validation/jakarta.validation-api/3.0.2/jakarta.validation-api-3.0.2.jar:/home/runner/.m2/repository/com/github/dasniko/testcontainers-keycloak/3.6.0/testcontainers-keycloak-3.6.0.jar:/home/runner/.m2/repository/org/testcontainers/testcontainers/1.20.6/testcontainers-1.20.6.jar:/home/runner/.m2/repository/org/rnorth/duct-tape/duct-tape/1.0.8/duct-tape-1.0.8.jar:/home/runner/.m2/repository/org/jetbrains/annotations/26.0.2/annotations-26.0.2.jar:/home/runner/.m2/repository/com/github/docker-java/docker-java-transport-zerodep/3.4.1/docker-java-transport-zerodep-3.4.1.jar:/home/runner/.m2/repository/com/github/docker-java/docker-java-transport/3.4.1/docker-java-transport-3.4.1.jar:/home/runner/.m2/repository/net/java/dev/jna/jna/5.8.0/jna-5.8.0.jar:/home/runner/.m2/repository/io/quarkus/quarkus-junit4-mock/3.20.1/quarkus-junit4-mock-3.20.1.jar:/home/runner/.m2/repository/org/jboss/shrinkwrap/shrinkwrap-api/2.0.0-beta-2/shrinkwrap-api-2.0.0-beta-2.jar:/home/runner/.m2/repository/org/jboss/shrinkwrap/shrinkwrap-impl-base/2.0.0-beta-2/shrinkwrap-impl-base-2.0.0-beta-2.jar:/home/runner/.m2/repository/org/jboss/shrinkwrap/shrinkwrap-spi/2.0.0-beta-2/shrinkwrap-spi-2.0.0-beta-2.jar:/home/runner/.m2/repository/org/keycloak/keycloak-admin-client/26.0.4/keycloak-admin-client-26.0.4.jar:/home/runner/.m2/repository/org/keycloak/keycloak-client-common-synced/26.0.4/keycloak-client-common-synced-26.0.4.jar:/home/runner/.m2/repository/jakarta/activation/jakarta.activation-api/2.1.3/jakarta.activation-api-2.1.3.jar:/home/runner/.m2/repository/org/eclipse/microprofile/openapi/microprofile-openapi-api/4.0.2/microprofile-openapi-api-4.0.2.jar:/home/runner/.m2/repository/org/jboss/resteasy/resteasy-client/6.2.12.Final/resteasy-client-6.2.12.Final.jar:/home/runner/.m2/repository/org/jboss/resteasy/resteasy-client-api/6.2.12.Final/resteasy-client-api-6.2.12.Final.jar:/home/runner/.m2/repository/org/jboss/resteasy/resteasy-core-spi/6.2.12.Final/resteasy-core-spi-6.2.12.Final.jar:/home/runner/.m2/repository/org/jboss/resteasy/resteasy-core/6.2.12.Final/resteasy-core-6.2.12.Final.jar:/home/runner/.m2/repository/org/eclipse/angus/angus-activation/2.0.2/angus-activation-2.0.2.jar:/home/runner/.m2/repository/com/ibm/async/asyncutil/0.1.0/asyncutil-0.1.0.jar:/home/runner/.m2/repository/org/reactivestreams/reactive-streams/1.0.4/reactive-streams-1.0.4.jar:/home/runner/.m2/repository/org/jboss/resteasy/resteasy-multipart-provider/6.2.12.Final/resteasy-multipart-provider-6.2.12.Final.jar:/home/runner/.m2/repository/jakarta/mail/jakarta.mail-api/2.1.3/jakarta.mail-api-2.1.3.jar:/home/runner/.m2/repository/org/eclipse/angus/angus-mail/2.0.3/angus-mail-2.0.3.jar:/home/runner/.m2/repository/org/apache/james/apache-mime4j-dom/0.8.12/apache-mime4j-dom-0.8.12.jar:/home/runner/.m2/repository/org/apache/james/apache-mime4j-core/0.8.12/apache-mime4j-core-0.8.12.jar:/home/runner/.m2/repository/org/apache/james/apache-mime4j-storage/0.8.12/apache-mime4j-storage-0.8.12.jar:/home/runner/.m2/repository/org/jboss/resteasy/resteasy-jackson2-provider/6.2.12.Final/resteasy-jackson2-provider-6.2.12.Final.jar:/home/runner/.m2/repository/com/fasterxml/jackson/jakarta/rs/jackson-jakarta-rs-base/2.18.2/jackson-jakarta-rs-base-2.18.2.jar:/home/runner/.m2/repository/com/fasterxml/jackson/jakarta/rs/jackson-jakarta-rs-json-provider/2.18.2/jackson-jakarta-rs-json-provider-2.18.2.jar:/home/runner/.m2/repository/com/fasterxml/jackson/module/jackson-module-jakarta-xmlbind-annotations/2.18.2/jackson-module-jakarta-xmlbind-annotations-2.18.2.jar:/home/runner/.m2/repository/com/github/java-json-tools/json-patch/1.13/json-patch-1.13.jar:/home/runner/.m2/repository/com/github/java-json-tools/msg-simple/1.2/msg-simple-1.2.jar:/home/runner/.m2/repository/com/github/java-json-tools/btf/1.3/btf-1.3.jar:/home/runner/.m2/repository/com/github/java-json-tools/jackson-coreutils/2.0/jackson-coreutils-2.0.jar:/home/runner/.m2/repository/org/jboss/resteasy/resteasy-jaxb-provider/6.2.12.Final/resteasy-jaxb-provider-6.2.12.Final.jar:/home/runner/.m2/repository/org/glassfish/jaxb/codemodel/4.0.5/codemodel-4.0.5.jar:/home/runner/.m2/repository/org/glassfish/jaxb/jaxb-core/4.0.5/jaxb-core-4.0.5.jar:/home/runner/.m2/repository/org/glassfish/jaxb/jaxb-jxc/4.0.5/jaxb-jxc-4.0.5.jar:/home/runner/.m2/repository/org/glassfish/jaxb/jaxb-runtime/4.0.5/jaxb-runtime-4.0.5.jar:/home/runner/.m2/repository/org/glassfish/jaxb/txw2/4.0.5/txw2-4.0.5.jar:/home/runner/.m2/repository/org/glassfish/jaxb/jaxb-xjc/4.0.5/jaxb-xjc-4.0.5.jar:/home/runner/.m2/repository/org/glassfish/jaxb/xsom/4.0.5/xsom-4.0.5.jar:/home/runner/.m2/repository/com/sun/istack/istack-commons-runtime/4.1.2/istack-commons-runtime-4.1.2.jar:/home/runner/.m2/repository/com/sun/istack/istack-commons-tools/4.1.2/istack-commons-tools-4.1.2.jar:/home/runner/.m2/repository/com/sun/xml/bind/external/relaxng-datatype/4.0.5/relaxng-datatype-4.0.5.jar:/home/runner/.m2/repository/com/sun/xml/bind/external/rngom/4.0.5/rngom-4.0.5.jar:/home/runner/.m2/repository/org/testcontainers/mssqlserver/1.20.6/mssqlserver-1.20.6.jar:/home/runner/.m2/repository/org/testcontainers/jdbc/1.20.6/jdbc-1.20.6.jar:/home/runner/.m2/repository/org/testcontainers/database-commons/1.20.6/database-commons-1.20.6.jar:/home/runner/.m2/repository/org/testcontainers/mysql/1.20.6/mysql-1.20.6.jar:/home/runner/.m2/repository/io/strimzi/strimzi-test-container/0.107.0/strimzi-test-container-0.107.0.jar:/home/runner/.m2/repository/org/testcontainers/toxiproxy/1.20.6/toxiproxy-1.20.6.jar:/home/runner/.m2/repository/com/github/docker-java/docker-java-api/3.4.1/docker-java-api-3.4.1.jar:/home/runner/.m2/repository/eu/rekawek/toxiproxy/toxiproxy-java/2.1.7/toxiproxy-java-2.1.7.jar:/home/runner/.m2/repository/junit/junit/4.13.2/junit-4.13.2.jar:/home/runner/.m2/repository/org/hamcrest/hamcrest-core/1.3/hamcrest-core-1.3.jar:/home/runner/.m2/repository/org/testcontainers/pulsar/1.20.4/pulsar-1.20.4.jar:/home/runner/.m2/repository/io/debezium/debezium-testing-testcontainers/2.6.2.Final/debezium-testing-testcontainers-2.6.2.Final.jar:/home/runner/.m2/repository/org/testcontainers/kafka/1.20.6/kafka-1.20.6.jar:/home/runner/.m2/repository/com/squareup/okhttp3/okhttp/4.8.1/okhttp-4.8.1.jar:/home/runner/.m2/repository/com/squareup/okio/okio/3.10.2/okio-3.10.2.jar:/home/runner/.m2/repository/com/squareup/okio/okio-jvm/3.10.2/okio-jvm-3.10.2.jar:/home/runner/.m2/repository/org/jetbrains/kotlin/kotlin-stdlib/2.0.21/kotlin-stdlib-2.0.21.jar:/home/runner/.m2/repository/org/awaitility/awaitility/4.2.2/awaitility-4.2.2.jar:/home/runner/.m2/repository/org/testcontainers/mongodb/1.20.6/mongodb-1.20.6.jar:/home/runner/.m2/repository/org/testcontainers/oracle-xe/1.20.6/oracle-xe-1.20.6.jar:/home/runner/.m2/repository/org/testcontainers/postgresql/1.20.6/postgresql-1.20.6.jar:/home/runner/.m2/repository/org/wiremock/wiremock/3.0.1/wiremock-3.0.1.jar:/home/runner/.m2/repository/org/eclipse/jetty/jetty-server/11.0.15/jetty-server-11.0.15.jar:/home/runner/.m2/repository/org/eclipse/jetty/toolchain/jetty-jakarta-servlet-api/5.0.2/jetty-jakarta-servlet-api-5.0.2.jar:/home/runner/.m2/repository/org/eclipse/jetty/jetty-http/11.0.15/jetty-http-11.0.15.jar:/home/runner/.m2/repository/org/eclipse/jetty/jetty-io/11.0.15/jetty-io-11.0.15.jar:/home/runner/.m2/repository/org/eclipse/jetty/jetty-servlet/11.0.15/jetty-servlet-11.0.15.jar:/home/runner/.m2/repository/org/eclipse/jetty/jetty-security/11.0.15/jetty-security-11.0.15.jar:/home/runner/.m2/repository/org/eclipse/jetty/jetty-servlets/11.0.15/jetty-servlets-11.0.15.jar:/home/runner/.m2/repository/org/eclipse/jetty/jetty-util/11.0.15/jetty-util-11.0.15.jar:/home/runner/.m2/repository/org/eclipse/jetty/jetty-webapp/11.0.15/jetty-webapp-11.0.15.jar:/home/runner/.m2/repository/org/eclipse/jetty/jetty-xml/11.0.15/jetty-xml-11.0.15.jar:/home/runner/.m2/repository/org/eclipse/jetty/jetty-proxy/11.0.15/jetty-proxy-11.0.15.jar:/home/runner/.m2/repository/org/eclipse/jetty/jetty-client/11.0.15/jetty-client-11.0.15.jar:/home/runner/.m2/repository/org/eclipse/jetty/http2/http2-server/11.0.15/http2-server-11.0.15.jar:/home/runner/.m2/repository/org/eclipse/jetty/http2/http2-common/11.0.15/http2-common-11.0.15.jar:/home/runner/.m2/repository/org/eclipse/jetty/http2/http2-hpack/11.0.15/http2-hpack-11.0.15.jar:/home/runner/.m2/repository/org/eclipse/jetty/jetty-alpn-server/11.0.15/jetty-alpn-server-11.0.15.jar:/home/runner/.m2/repository/org/eclipse/jetty/jetty-alpn-java-server/11.0.15/jetty-alpn-java-server-11.0.15.jar:/home/runner/.m2/repository/org/eclipse/jetty/jetty-alpn-java-client/11.0.15/jetty-alpn-java-client-11.0.15.jar:/home/runner/.m2/repository/org/eclipse/jetty/jetty-alpn-client/11.0.15/jetty-alpn-client-11.0.15.jar:/home/runner/.m2/repository/org/apache/httpcomponents/client5/httpclient5/5.2.1/httpclient5-5.2.1.jar:/home/runner/.m2/repository/org/apache/httpcomponents/core5/httpcore5/5.2/httpcore5-5.2.jar:/home/runner/.m2/repository/org/apache/httpcomponents/core5/httpcore5-h2/5.2/httpcore5-h2-5.2.jar:/home/runner/.m2/repository/org/xmlunit/xmlunit-core/2.9.1/xmlunit-core-2.9.1.jar:/home/runner/.m2/repository/jakarta/xml/bind/jakarta.xml.bind-api/4.0.2/jakarta.xml.bind-api-4.0.2.jar:/home/runner/.m2/repository/org/xmlunit/xmlunit-legacy/2.9.1/xmlunit-legacy-2.9.1.jar:/home/runner/.m2/repository/org/xmlunit/xmlunit-placeholders/2.9.1/xmlunit-placeholders-2.9.1.jar:/home/runner/.m2/repository/net/javacrumbs/json-unit/json-unit-core/2.38.0/json-unit-core-2.38.0.jar:/home/runner/.m2/repository/com/jayway/jsonpath/json-path/2.8.0/json-path-2.8.0.jar:/home/runner/.m2/repository/net/minidev/json-smart/2.4.10/json-smart-2.4.10.jar:/home/runner/.m2/repository/net/minidev/accessors-smart/2.4.9/accessors-smart-2.4.9.jar:/home/runner/.m2/repository/org/ow2/asm/asm/9.7.1/asm-9.7.1.jar:/home/runner/.m2/repository/net/sf/jopt-simple/jopt-simple/5.0.4/jopt-simple-5.0.4.jar:/home/runner/.m2/repository/com/github/jknack/handlebars/4.3.1/handlebars-4.3.1.jar:/home/runner/.m2/repository/com/github/jknack/handlebars-helpers/4.3.1/handlebars-helpers-4.3.1.jar:/home/runner/.m2/repository/commons-fileupload/commons-fileupload/1.5/commons-fileupload-1.5.jar:/home/runner/.m2/repository/com/networknt/json-schema-validator/1.5.5/json-schema-validator-1.5.5.jar:/home/runner/.m2/repository/com/ethlo/time/itu/1.10.3/itu-1.10.3.jar:/home/runner/.m2/repository/io/quarkus/quarkus-smallrye-jwt-build/3.20.1/quarkus-smallrye-jwt-build-3.20.1.jar:/home/runner/.m2/repository/io/smallrye/smallrye-jwt-build/4.6.1/smallrye-jwt-build-4.6.1.jar:/home/runner/.m2/repository/org/eclipse/microprofile/jwt/microprofile-jwt-auth-api/2.1/microprofile-jwt-auth-api-2.1.jar:/home/runner/.m2/repository/org/bitbucket/b_c/jose4j/0.9.6/jose4j-0.9.6.jar:/home/runner/.m2/repository/io/smallrye/smallrye-jwt-common/4.6.1/smallrye-jwt-common-4.6.1.jar:/home/runner/.m2/repository/io/quarkus/quarkus-jsonp/3.20.1/quarkus-jsonp-3.20.1.jar:/home/runner/.m2/repository/io/quarkus/quarkus-arc/3.20.1/quarkus-arc-3.20.1.jar:/home/runner/.m2/repository/io/quarkus/arc/arc/3.20.1/arc-3.20.1.jar:/home/runner/.m2/repository/jakarta/transaction/jakarta.transaction-api/2.0.1/jakarta.transaction-api-2.0.1.jar:/home/runner/.m2/repository/io/smallrye/reactive/mutiny/2.8.0/mutiny-2.8.0.jar:/home/runner/.m2/repository/org/jctools/jctools-core/4.0.5/jctools-core-4.0.5.jar:/home/runner/.m2/repository/org/eclipse/microprofile/context-propagation/microprofile-context-propagation-api/1.3/microprofile-context-propagation-api-1.3.jar:/home/runner/.m2/repository/io/apicurio/apicurio-common-rest-client-common/0.1.18.Final/apicurio-common-rest-client-common-0.1.18.Final.jar:/home/runner/work/apicurio-testing/apicurio-testing/clusters/ci419/namespaces/postgresql/tests/integration/apicurio-registry/utils/maven-plugin/target/apicurio-registry-maven-plugin-3.0.11-SNAPSHOT.jar:/home/runner/.m2/repository/com/fasterxml/jackson/core/jackson-databind/2.18.2/jackson-databind-2.18.2.jar:/home/runner/.m2/repository/org/apache/avro/avro/1.12.0/avro-1.12.0.jar:/home/runner/.m2/repository/com/google/protobuf/protobuf-java/4.31.1/protobuf-java-4.31.1.jar:/home/runner/.m2/repository/com/google/protobuf/protobuf-java-util/4.31.1/protobuf-java-util-4.31.1.jar:/home/runner/.m2/repository/com/google/code/findbugs/jsr305/3.0.2/jsr305-3.0.2.jar:/home/runner/.m2/repository/com/google/code/gson/gson/2.12.1/gson-2.12.1.jar:/home/runner/.m2/repository/com/google/errorprone/error_prone_annotations/2.36.0/error_prone_annotations-2.36.0.jar:/home/runner/.m2/repository/com/google/j2objc/j2objc-annotations/2.8/j2objc-annotations-2.8.jar:/home/runner/work/apicurio-testing/apicurio-testing/clusters/ci419/namespaces/postgresql/tests/integration/apicurio-registry/schema-util/util-provider/target/apicurio-registry-schema-util-provider-3.0.11-SNAPSHOT.jar:/home/runner/work/apicurio-testing/apicurio-testing/clusters/ci419/namespaces/postgresql/tests/integration/apicurio-registry/schema-util/common/target/apicurio-registry-schema-util-common-3.0.11-SNAPSHOT.jar:/home/runner/.m2/repository/com/fasterxml/jackson/module/jackson-module-parameter-names/2.18.2/jackson-module-parameter-names-2.18.2.jar:/home/runner/.m2/repository/com/fasterxml/jackson/datatype/jackson-datatype-json-org/2.18.2/jackson-datatype-json-org-2.18.2.jar:/home/runner/work/apicurio-testing/apicurio-testing/clusters/ci419/namespaces/postgresql/tests/integration/apicurio-registry/schema-util/json/target/apicurio-registry-schema-util-json-3.0.11-SNAPSHOT.jar:/home/runner/.m2/repository/com/github/erosb/everit-json-schema/1.14.5/everit-json-schema-1.14.5.jar:/home/runner/.m2/repository/commons-validator/commons-validator/1.9.0/commons-validator-1.9.0.jar:/home/runner/.m2/repository/commons-digester/commons-digester/2.1/commons-digester-2.1.jar:/home/runner/.m2/repository/commons-collections/commons-collections/3.2.2/commons-collections-3.2.2.jar:/home/runner/.m2/repository/com/damnhandy/handy-uri-templates/2.1.8/handy-uri-templates-2.1.8.jar:/home/runner/.m2/repository/joda-time/joda-time/2.10.2/joda-time-2.10.2.jar:/home/runner/.m2/repository/com/github/erosb/json-sKema/0.20.0/json-sKema-0.20.0.jar:/home/runner/.m2/repository/io/vertx/vertx-json-schema/4.5.14/vertx-json-schema-4.5.14.jar:/home/runner/work/apicurio-testing/apicurio-testing/clusters/ci419/namespaces/postgresql/tests/integration/apicurio-registry/schema-util/protobuf/target/apicurio-registry-schema-util-protobuf-3.0.11-SNAPSHOT.jar:/home/runner/work/apicurio-testing/apicurio-testing/clusters/ci419/namespaces/postgresql/tests/integration/apicurio-registry/utils/protobuf-schema-utilities/target/apicurio-registry-protobuf-schema-utilities-3.0.11-SNAPSHOT.jar:/home/runner/.m2/repository/com/google/api/grpc/proto-google-common-protos/2.52.0/proto-google-common-protos-2.52.0.jar:/home/runner/.m2/repository/com/squareup/wire/wire-schema-jvm/5.3.3/wire-schema-jvm-5.3.3.jar:/home/runner/.m2/repository/com/palantir/javapoet/javapoet/0.6.0/javapoet-0.6.0.jar:/home/runner/.m2/repository/com/squareup/kotlinpoet-jvm/2.0.0/kotlinpoet-jvm-2.0.0.jar:/home/runner/.m2/repository/org/jetbrains/kotlin/kotlin-reflect/2.0.21/kotlin-reflect-2.0.21.jar:/home/runner/.m2/repository/com/squareup/wire/wire-runtime-jvm/5.3.3/wire-runtime-jvm-5.3.3.jar:/home/runner/.m2/repository/com/ibm/icu/icu4j/76.1/icu4j-76.1.jar:/home/runner/.m2/repository/com/squareup/okio/okio-fakefilesystem/3.10.2/okio-fakefilesystem-3.10.2.jar:/home/runner/.m2/repository/com/squareup/okio/okio-fakefilesystem-jvm/3.10.2/okio-fakefilesystem-jvm-3.10.2.jar:/home/runner/.m2/repository/org/jetbrains/kotlinx/kotlinx-datetime-jvm/0.6.1/kotlinx-datetime-jvm-0.6.1.jar:/home/runner/work/apicurio-testing/apicurio-testing/clusters/ci419/namespaces/postgresql/tests/integration/apicurio-registry/schema-util/asyncapi/target/apicurio-registry-schema-util-asyncapi-3.0.11-SNAPSHOT.jar:/home/runner/work/apicurio-testing/apicurio-testing/clusters/ci419/namespaces/postgresql/tests/integration/apicurio-registry/schema-util/avro/target/apicurio-registry-schema-util-avro-3.0.11-SNAPSHOT.jar:/home/runner/work/apicurio-testing/apicurio-testing/clusters/ci419/namespaces/postgresql/tests/integration/apicurio-registry/schema-util/graphql/target/apicurio-registry-schema-util-graphql-3.0.11-SNAPSHOT.jar:/home/runner/.m2/repository/com/graphql-java/graphql-java/22.3/graphql-java-22.3.jar:/home/runner/.m2/repository/com/graphql-java/java-dataloader/3.3.0/java-dataloader-3.3.0.jar:/home/runner/work/apicurio-testing/apicurio-testing/clusters/ci419/namespaces/postgresql/tests/integration/apicurio-registry/schema-util/kconnect/target/apicurio-registry-schema-util-kconnect-3.0.11-SNAPSHOT.jar:/home/runner/work/apicurio-testing/apicurio-testing/clusters/ci419/namespaces/postgresql/tests/integration/apicurio-registry/schema-util/openapi/target/apicurio-registry-schema-util-openapi-3.0.11-SNAPSHOT.jar:/home/runner/.m2/repository/io/apicurio/apicurio-data-models/2.2.1/apicurio-data-models-2.2.1.jar:/home/runner/.m2/repository/org/openapitools/openapidiff/openapi-diff-core/2.1.2/openapi-diff-core-2.1.2.jar:/home/runner/.m2/repository/io/swagger/parser/v3/swagger-parser/2.1.28/swagger-parser-2.1.28.jar:/home/runner/.m2/repository/io/swagger/parser/v3/swagger-parser-v2-converter/2.1.28/swagger-parser-v2-converter-2.1.28.jar:/home/runner/.m2/repository/io/swagger/swagger-core/1.6.16/swagger-core-1.6.16.jar:/home/runner/.m2/repository/io/swagger/swagger-models/1.6.16/swagger-models-1.6.16.jar:/home/runner/.m2/repository/io/swagger/swagger-annotations/1.6.16/swagger-annotations-1.6.16.jar:/home/runner/.m2/repository/io/swagger/swagger-parser/1.0.75/swagger-parser-1.0.75.jar:/home/runner/.m2/repository/io/swagger/swagger-parser-safe-url-resolver/1.0.75/swagger-parser-safe-url-resolver-1.0.75.jar:/home/runner/.m2/repository/io/swagger/swagger-compat-spec-parser/1.0.75/swagger-compat-spec-parser-1.0.75.jar:/home/runner/.m2/repository/com/github/java-json-tools/json-schema-validator/2.2.14/json-schema-validator-2.2.14.jar:/home/runner/.m2/repository/com/github/java-json-tools/jackson-coreutils-equivalence/1.0/jackson-coreutils-equivalence-1.0.jar:/home/runner/.m2/repository/com/github/java-json-tools/json-schema-core/1.2.14/json-schema-core-1.2.14.jar:/home/runner/.m2/repository/com/github/java-json-tools/uri-template/0.10/uri-template-0.10.jar:/home/runner/.m2/repository/com/googlecode/libphonenumber/libphonenumber/8.11.1/libphonenumber-8.11.1.jar:/home/runner/.m2/repository/com/j2html/j2html/1.6.0/j2html-1.6.0.jar:/home/runner/.m2/repository/org/apache/commons/commons-collections4/4.5.0/commons-collections4-4.5.0.jar:/home/runner/.m2/repository/org/apache/commons/commons-configuration2/2.12.0/commons-configuration2-2.12.0.jar:/home/runner/.m2/repository/org/apache/commons/commons-text/1.13.0/commons-text-1.13.0.jar:/home/runner/.m2/repository/org/slf4j/jcl-over-slf4j/2.0.17/jcl-over-slf4j-2.0.17.jar:/home/runner/.m2/repository/io/swagger/parser/v3/swagger-parser-v3/2.1.30/swagger-parser-v3-2.1.30.jar:/home/runner/.m2/repository/io/swagger/core/v3/swagger-models/2.2.34/swagger-models-2.2.34.jar:/home/runner/.m2/repository/io/swagger/core/v3/swagger-core/2.2.34/swagger-core-2.2.34.jar:/home/runner/.m2/repository/io/swagger/parser/v3/swagger-parser-core/2.1.30/swagger-parser-core-2.1.30.jar:/home/runner/.m2/repository/io/swagger/parser/v3/swagger-parser-safe-url-resolver/2.1.30/swagger-parser-safe-url-resolver-2.1.30.jar:/home/runner/work/apicurio-testing/apicurio-testing/clusters/ci419/namespaces/postgresql/tests/integration/apicurio-registry/schema-util/wsdl/target/apicurio-registry-schema-util-wsdl-3.0.11-SNAPSHOT.jar:/home/runner/.m2/repository/wsdl4j/wsdl4j/1.6.3/wsdl4j-1.6.3.jar:/home/runner/work/apicurio-testing/apicurio-testing/clusters/ci419/namespaces/postgresql/tests/integration/apicurio-registry/schema-util/xml/target/apicurio-registry-schema-util-xml-3.0.11-SNAPSHOT.jar:/home/runner/.m2/repository/org/apache/santuario/xmlsec/4.0.3/xmlsec-4.0.3.jar:/home/runner/.m2/repository/com/fasterxml/woodstox/woodstox-core/7.1.0/woodstox-core-7.1.0.jar:/home/runner/.m2/repository/org/codehaus/woodstox/stax2-api/4.2.2/stax2-api-4.2.2.jar:/home/runner/work/apicurio-testing/apicurio-testing/clusters/ci419/namespaces/postgresql/tests/integration/apicurio-registry/schema-util/xsd/target/apicurio-registry-schema-util-xsd-3.0.11-SNAPSHOT.jar:/home/runner/work/apicurio-testing/apicurio-testing/clusters/ci419/namespaces/postgresql/tests/integration/apicurio-registry/serdes/kafka/jsonschema-serde/target/apicurio-registry-jsonschema-serde-kafka-3.0.11-SNAPSHOT.jar:/home/runner/work/apicurio-testing/apicurio-testing/clusters/ci419/namespaces/postgresql/tests/integration/apicurio-registry/serdes/kafka/serde-kafka-common/target/apicurio-registry-serde-kafka-common-3.0.11-SNAPSHOT.jar:/home/runner/work/apicurio-testing/apicurio-testing/clusters/ci419/namespaces/postgresql/tests/integration/apicurio-registry/serdes/generic/serde-common/target/apicurio-registry-serde-common-3.0.11-SNAPSHOT.jar:/home/runner/work/apicurio-testing/apicurio-testing/clusters/ci419/namespaces/postgresql/tests/integration/apicurio-registry/serdes/generic/serde-common-jsonschema/target/apicurio-registry-serde-common-jsonschema-3.0.11-SNAPSHOT.jar:/home/runner/.m2/repository/org/json/json/20250107/json-20250107.jar:/home/runner/work/apicurio-testing/apicurio-testing/clusters/ci419/namespaces/postgresql/tests/integration/apicurio-registry/serdes/kafka/avro-serde/target/apicurio-registry-avro-serde-kafka-3.0.11-SNAPSHOT.jar:/home/runner/work/apicurio-testing/apicurio-testing/clusters/ci419/namespaces/postgresql/tests/integration/apicurio-registry/serdes/generic/serde-common-avro/target/apicurio-registry-serde-common-avro-3.0.11-SNAPSHOT.jar:/home/runner/work/apicurio-testing/apicurio-testing/clusters/ci419/namespaces/postgresql/tests/integration/apicurio-registry/serdes/kafka/protobuf-serde/target/apicurio-registry-protobuf-serde-kafka-3.0.11-SNAPSHOT.jar:/home/runner/work/apicurio-testing/apicurio-testing/clusters/ci419/namespaces/postgresql/tests/integration/apicurio-registry/serdes/generic/serde-common-protobuf/target/apicurio-registry-serde-common-protobuf-3.0.11-SNAPSHOT.jar:/home/runner/.m2/repository/com/squareup/wire/wire-schema/5.3.3/wire-schema-5.3.3.jar:/home/runner/.m2/repository/com/squareup/wire/wire-runtime/5.3.3/wire-runtime-5.3.3.jar:/home/runner/work/apicurio-testing/apicurio-testing/clusters/ci419/namespaces/postgresql/tests/integration/apicurio-registry/serdes/pulsar/avro-serde/target/apicurio-registry-avro-serde-pulsar-3.0.11-SNAPSHOT.jar:/home/runner/.m2/repository/org/apache/pulsar/pulsar-functions-api/3.3.4/pulsar-functions-api-3.3.4.jar:/home/runner/work/apicurio-testing/apicurio-testing/clusters/ci419/namespaces/postgresql/tests/integration/apicurio-registry/serdes/nats/avro-serde/target/apicurio-registry-avro-serde-nats-3.0.11-SNAPSHOT.jar:/home/runner/.m2/repository/io/nats/jnats/2.20.5/jnats-2.20.5.jar:/home/runner/.m2/repository/net/i2p/crypto/eddsa/0.3.0/eddsa-0.3.0.jar:/home/runner/work/apicurio-testing/apicurio-testing/clusters/ci419/namespaces/postgresql/tests/integration/apicurio-registry/utils/converter/target/apicurio-registry-utils-converter-3.0.11-SNAPSHOT.jar:/home/runner/work/apicurio-testing/apicurio-testing/clusters/ci419/namespaces/postgresql/tests/integration/apicurio-registry/schema-resolver/target/apicurio-registry-schema-resolver-3.0.11-SNAPSHOT.jar:/home/runner/.m2/repository/org/apache/kafka/connect-api/3.9.1/connect-api-3.9.1.jar:/home/runner/.m2/repository/javax/ws/rs/javax.ws.rs-api/2.1.1/javax.ws.rs-api-2.1.1.jar:/home/runner/.m2/repository/org/apache/kafka/connect-json/3.9.1/connect-json-3.9.1.jar:/home/runner/.m2/repository/com/fasterxml/jackson/datatype/jackson-datatype-jdk8/2.18.2/jackson-datatype-jdk8-2.18.2.jar:/home/runner/.m2/repository/com/fasterxml/jackson/module/jackson-module-afterburner/2.18.2/jackson-module-afterburner-2.18.2.jar:/home/runner/work/apicurio-testing/apicurio-testing/clusters/ci419/namespaces/postgresql/tests/integration/apicurio-registry/utils/kafka/target/apicurio-registry-utils-kafka-3.0.11-SNAPSHOT.jar:/home/runner/.m2/repository/org/apache/pulsar/pulsar-client/3.3.4/pulsar-client-3.3.4.jar:/home/runner/.m2/repository/org/apache/pulsar/pulsar-client-api/3.3.4/pulsar-client-api-3.3.4.jar:/home/runner/.m2/repository/org/apache/pulsar/pulsar-client-admin-api/3.3.4/pulsar-client-admin-api-3.3.4.jar:/home/runner/.m2/repository/org/apache/pulsar/bouncy-castle-bc/3.3.4/bouncy-castle-bc-3.3.4-pkg.jar:/home/runner/.m2/repository/org/bouncycastle/bcpkix-jdk18on/1.80/bcpkix-jdk18on-1.80.jar:/home/runner/.m2/repository/org/bouncycastle/bcutil-jdk18on/1.80/bcutil-jdk18on-1.80.jar:/home/runner/.m2/repository/org/bouncycastle/bcprov-jdk18on/1.80/bcprov-jdk18on-1.80.jar:/home/runner/.m2/repository/io/opentelemetry/opentelemetry-api/1.44.1/opentelemetry-api-1.44.1.jar:/home/runner/.m2/repository/io/opentelemetry/opentelemetry-context/1.44.1/opentelemetry-context-1.44.1.jar:/home/runner/.m2/repository/io/opentelemetry/opentelemetry-api-incubator/1.44.1-alpha/opentelemetry-api-incubator-1.44.1-alpha.jar:/home/runner/.m2/repository/com/fasterxml/jackson/core/jackson-annotations/2.18.2/jackson-annotations-2.18.2.jar:/home/runner/.m2/repository/javax/validation/validation-api/1.1.0.Final/validation-api-1.1.0.Final.jar:/home/runner/.m2/repository/io/confluent/kafka-avro-serializer/8.0.0/kafka-avro-serializer-8.0.0.jar:/home/runner/.m2/repository/org/apache/commons/commons-compress/1.27.1/commons-compress-1.27.1.jar:/home/runner/.m2/repository/io/confluent/kafka-schema-serializer/8.0.0/kafka-schema-serializer-8.0.0.jar:/home/runner/.m2/repository/com/fasterxml/jackson/dataformat/jackson-dataformat-csv/2.18.2/jackson-dataformat-csv-2.18.2.jar:/home/runner/.m2/repository/io/confluent/kafka-schema-registry-client/8.0.0/kafka-schema-registry-client-8.0.0.jar:/home/runner/.m2/repository/org/yaml/snakeyaml/2.3/snakeyaml-2.3.jar:/home/runner/.m2/repository/io/swagger/core/v3/swagger-annotations/2.2.29/swagger-annotations-2.2.29.jar:/home/runner/.m2/repository/com/google/guava/guava/33.4.0-jre/guava-33.4.0-jre.jar:/home/runner/.m2/repository/com/google/guava/failureaccess/1.0.1/failureaccess-1.0.1.jar:/home/runner/.m2/repository/org/checkerframework/checker-qual/3.49.0/checker-qual-3.49.0.jar:/home/runner/.m2/repository/io/confluent/logredactor/1.0.13/logredactor-1.0.13.jar:/home/runner/.m2/repository/com/google/re2j/re2j/1.6/re2j-1.6.jar:/home/runner/.m2/repository/io/confluent/logredactor-metrics/1.0.13/logredactor-metrics-1.0.13.jar:/home/runner/.m2/repository/com/eclipsesource/minimal-json/minimal-json/0.9.5/minimal-json-0.9.5.jar:/home/runner/.m2/repository/io/confluent/common-utils/8.0.0/common-utils-8.0.0.jar:/home/runner/.m2/repository/io/confluent/kafka-connect-avro-converter/8.0.0/kafka-connect-avro-converter-8.0.0.jar:/home/runner/.m2/repository/io/confluent/kafka-connect-avro-data/8.0.0/kafka-connect-avro-data-8.0.0.jar:/home/runner/.m2/repository/io/confluent/kafka-schema-converter/8.0.0/kafka-schema-converter-8.0.0.jar:/home/runner/.m2/repository/io/rest-assured/rest-assured/5.5.1/rest-assured-5.5.1.jar:/home/runner/.m2/repository/org/apache/groovy/groovy/4.0.22/groovy-4.0.22.jar:/home/runner/.m2/repository/org/apache/groovy/groovy-xml/4.0.22/groovy-xml-4.0.22.jar:/home/runner/.m2/repository/org/apache/httpcomponents/httpclient/4.5.14/httpclient-4.5.14.jar:/home/runner/.m2/repository/org/apache/httpcomponents/httpcore/4.4.16/httpcore-4.4.16.jar:/home/runner/.m2/repository/org/apache/httpcomponents/httpmime/4.5.14/httpmime-4.5.14.jar:/home/runner/.m2/repository/org/hamcrest/hamcrest/2.2/hamcrest-2.2.jar:/home/runner/.m2/repository/org/ccil/cowan/tagsoup/tagsoup/1.2.1/tagsoup-1.2.1.jar:/home/runner/.m2/repository/io/rest-assured/json-path/5.5.1/json-path-5.5.1.jar:/home/runner/.m2/repository/org/apache/groovy/groovy-json/4.0.22/groovy-json-4.0.22.jar:/home/runner/.m2/repository/io/rest-assured/rest-assured-common/5.5.1/rest-assured-common-5.5.1.jar:/home/runner/.m2/repository/io/rest-assured/xml-path/5.5.1/xml-path-5.5.1.jar:/home/runner/.m2/repository/io/zonky/test/embedded-postgres/2.1.0/embedded-postgres-2.1.0.jar:/home/runner/.m2/repository/io/zonky/test/postgres/embedded-postgres-binaries-windows-amd64/14.15.0/embedded-postgres-binaries-windows-amd64-14.15.0.jar:/home/runner/.m2/repository/io/zonky/test/postgres/embedded-postgres-binaries-darwin-amd64/14.15.0/embedded-postgres-binaries-darwin-amd64-14.15.0.jar:/home/runner/.m2/repository/io/zonky/test/postgres/embedded-postgres-binaries-linux-amd64/14.15.0/embedded-postgres-binaries-linux-amd64-14.15.0.jar:/home/runner/.m2/repository/io/zonky/test/postgres/embedded-postgres-binaries-linux-amd64-alpine/14.15.0/embedded-postgres-binaries-linux-amd64-alpine-14.15.0.jar:/home/runner/.m2/repository/org/apache/commons/commons-lang3/3.17.0/commons-lang3-3.17.0.jar:/home/runner/.m2/repository/org/tukaani/xz/1.10/xz-1.10.jar:/home/runner/.m2/repository/commons-codec/commons-codec/1.18.0/commons-codec-1.18.0.jar:/home/runner/.m2/repository/org/postgresql/postgresql/42.7.5/postgresql-42.7.5.jar:/home/runner/.m2/repository/commons-io/commons-io/2.18.0/commons-io-2.18.0.jar:/home/runner/work/apicurio-testing/apicurio-testing/clusters/ci419/namespaces/postgresql/tests/integration/apicurio-registry/utils/importexport/target/apicurio-registry-utils-import-export-3.0.11-SNAPSHOT.jar:/home/runner/.m2/repository/io/vertx/vertx-core/4.5.14/vertx-core-4.5.14.jar:/home/runner/.m2/repository/io/netty/netty-common/4.1.119.Final/netty-common-4.1.119.Final.jar:/home/runner/.m2/repository/io/netty/netty-buffer/4.1.119.Final/netty-buffer-4.1.119.Final.jar:/home/runner/.m2/repository/io/netty/netty-transport/4.1.119.Final/netty-transport-4.1.119.Final.jar:/home/runner/.m2/repository/io/netty/netty-handler/4.1.119.Final/netty-handler-4.1.119.Final.jar:/home/runner/.m2/repository/io/netty/netty-transport-native-unix-common/4.1.119.Final/netty-transport-native-unix-common-4.1.119.Final.jar:/home/runner/.m2/repository/io/netty/netty-codec/4.1.119.Final/netty-codec-4.1.119.Final.jar:/home/runner/.m2/repository/io/netty/netty-handler-proxy/4.1.119.Final/netty-handler-proxy-4.1.119.Final.jar:/home/runner/.m2/repository/io/netty/netty-codec-socks/4.1.119.Final/netty-codec-socks-4.1.119.Final.jar:/home/runner/.m2/repository/io/netty/netty-codec-http/4.1.119.Final/netty-codec-http-4.1.119.Final.jar:/home/runner/.m2/repository/io/netty/netty-codec-http2/4.1.119.Final/netty-codec-http2-4.1.119.Final.jar:/home/runner/.m2/repository/io/netty/netty-resolver/4.1.119.Final/netty-resolver-4.1.119.Final.jar:/home/runner/.m2/repository/io/netty/netty-resolver-dns/4.1.119.Final/netty-resolver-dns-4.1.119.Final.jar:/home/runner/.m2/repository/io/netty/netty-codec-dns/4.1.119.Final/netty-codec-dns-4.1.119.Final.jar:/home/runner/.m2/repository/com/fasterxml/jackson/core/jackson-core/2.18.2/jackson-core-2.18.2.jar:"/>
    <property name="sun.cpu.endian" value="little"/>
    <property name="user.home" value="/home/runner"/>
    <property name="user.language" value="en"/>
    <property name="jboss.log-version" value="false"/>
    <property name="java.specification.vendor" value="Oracle Corporation"/>
    <property name="java.version.date" value="2025-07-15"/>
    <property name="java.home" value="/usr/lib/jvm/temurin-17-jdk-amd64"/>
    <property name="file.separator" value="/"/>
    <property name="basedir" value="/home/runner/work/apicurio-testing/apicurio-testing/clusters/ci419/namespaces/postgresql/tests/integration/apicurio-registry/integration-tests"/>
    <property name="java.vm.compressedOopsMode" value="32-bit"/>
    <property name="line.separator" value="&#10;"/>
    <property name="java.specification.name" value="Java Platform API Specification"/>
    <property name="java.vm.specification.vendor" value="Oracle Corporation"/>
    <property name="quarkus.http.test-host" value="registry-app-postgresql.apps.ci419.apicurio-testing.org"/>
    <property name="surefire.real.class.path" value="/home/runner/work/apicurio-testing/apicurio-testing/clusters/ci419/namespaces/postgresql/tests/integration/apicurio-registry/integration-tests/target/surefire/surefirebooter-20250731204127825_3.jar"/>
    <property name="sun.management.compiler" value="HotSpot 64-Bit Tiered Compilers"/>
    <property name="org.eclipse.jetty.http.HttpGenerator.STRICT" value="true"/>
    <property name="java.runtime.version" value="17.0.16+8"/>
    <property name="user.name" value="runner"/>
    <property name="path.separator" value=":"/>
    <property name="os.version" value="6.8.0-1031-azure"/>
    <property name="java.runtime.name" value="OpenJDK Runtime Environment"/>
    <property name="file.encoding" value="UTF-8"/>
    <property name="jnidispatch.path" value="/home/runner/.cache/JNA/temp/jna2867344288785259091.tmp"/>
    <property name="java.vm.name" value="OpenJDK 64-Bit Server VM"/>
    <property name="jna.platform.library.path" value="/usr/lib/x86_64-linux-gnu:/lib/x86_64-linux-gnu:/usr/lib64:/lib64:/usr/lib:/lib:/lib32:/usr/local/lib:/usr/lib/x86_64-linux-gnu/libfakeroot"/>
    <property name="java.vendor.version" value="Temurin-17.0.16+8"/>
    <property name="quarkus.oidc.token-path" value="https://keycloak-postgresql.apps.ci419.apicurio-testing.org/realms/registry/protocol/openid-connect/token"/>
    <property name="quarkus.http.host" value="registry-app-postgresql.apps.ci419.apicurio-testing.org"/>
    <property name="localRepository" value="/home/runner/.m2/repository"/>
    <property name="javax.xml.xpath.XPathFactory:http://java.sun.com/jaxp/xpath/dom" value="com.sun.org.apache.xpath.internal.jaxp.XPathFactoryImpl"/>
    <property name="jna.loaded" value="true"/>
    <property name="java.vendor.url.bug" value="https://github.com/adoptium/adoptium-support/issues"/>
    <property name="jetty.git.hash" value="5bc5e562c8d05c5862505aebe5cf83a61bdbcb96"/>
    <property name="java.io.tmpdir" value="/tmp"/>
    <property name="quarkus.http.test-protocol" value="http"/>
    <property name="java.version" value="17.0.16"/>
    <property name="user.dir" value="/home/runner/work/apicurio-testing/apicurio-testing/clusters/ci419/namespaces/postgresql/tests/integration/apicurio-registry/integration-tests"/>
    <property name="os.arch" value="amd64"/>
    <property name="groups" value="( smoke | serdes | acceptance | ui)"/>
    <property name="java.vm.specification.name" value="Java Virtual Machine Specification"/>
    <property name="native.encoding" value="UTF-8"/>
    <property name="java.util.logging.manager" value="org.jboss.logmanager.LogManager"/>
    <property name="java.library.path" value="/usr/java/packages/lib:/usr/lib64:/lib64:/lib:/usr/lib"/>
    <property name="jdk.console" value="java.base"/>
    <property name="java.vm.info" value="mixed mode, sharing"/>
    <property name="java.vendor" value="Eclipse Adoptium"/>
    <property name="java.vm.version" value="17.0.16+8"/>
    <property name="java.specification.maintenance.version" value="1"/>
    <property name="sun.io.unicode.encoding" value="UnicodeLittle"/>
    <property name="javax.xml.transform.TransformerFactory" value="com.sun.org.apache.xalan.internal.xsltc.trax.TransformerFactoryImpl"/>
    <property name="java.class.version" value="61.0"/>
  </properties>
  <testcase name="testGlobalIdInHeaders" classname="io.apicurio.tests.serdes.apicurio.AvroSerdeIT" time="3.973">
    <system-out><![CDATA[**** Registry Base URL: http://registry-app-postgresql.apps.ci419.apicurio-testing.org:80
**** Registry Base URL: http://registry-app-postgresql.apps.ci419.apicurio-testing.org:80
2025-07-31 20:41:41,516 INFO  [io.api.tes.ser.api.AvroSerdeIT] (main) RestAssured configured with http://registry-app-postgresql.apps.ci419.apicurio-testing.org:80/apis/registry/v3
2025-07-31 20:41:41,517 INFO  [io.api.tes.uti.KafkaFacade] (main) Starting kafka container
2025-07-31 20:41:41,556 INFO  [org.tes.ima.PullPolicy] (main) Image pull policy will be performed by: DefaultPullPolicy()
2025-07-31 20:41:41,559 INFO  [org.tes.uti.ImageNameSubstitutor] (main) Image name substitution will be performed by: DefaultImageNameSubstitutor (composite of 'ConfigurationFileImageNameSubstitutor' and 'PrefixingImageNameSubstitutor')
2025-07-31 20:41:41,569 INFO  [org.tes.DockerClientFactory] (main) Testcontainers version: 1.20.6
2025-07-31 20:41:42,071 INFO  [org.tes.doc.DockerClientProviderStrategy] (main) Found Docker environment with local Unix socket (unix:///var/run/docker.sock)
2025-07-31 20:41:42,080 INFO  [org.tes.DockerClientFactory] (main) Docker host IP address is localhost
2025-07-31 20:41:42,103 INFO  [org.tes.DockerClientFactory] (main) Connected to docker: 
  Server Version: 28.0.4
  API Version: 1.48
  Operating System: Ubuntu 22.04.5 LTS
  Total Memory: 7944 MB
2025-07-31 20:41:42,151 INFO  [tc.tes.11.0] (main) Pulling docker image: testcontainers/ryuk:0.11.0. Please be patient; this may take some time but only needs to be done once.
2025-07-31 20:41:43,226 INFO  [tc.tes.11.0] (docker-java-stream--1295187651) Starting to pull image
2025-07-31 20:41:43,244 INFO  [tc.tes.11.0] (docker-java-stream--1295187651) Pulling image layers:  0 pending,  0 downloaded,  0 extracted, (0 bytes/0 bytes)
2025-07-31 20:41:43,787 INFO  [tc.tes.11.0] (docker-java-stream--1295187651) Pulling image layers:  2 pending,  1 downloaded,  0 extracted, (107 KB/? MB)
2025-07-31 20:41:43,817 INFO  [tc.tes.11.0] (docker-java-stream--1295187651) Pulling image layers:  1 pending,  2 downloaded,  0 extracted, (145 KB/? MB)
2025-07-31 20:41:43,827 INFO  [tc.tes.11.0] (docker-java-stream--1295187651) Pulling image layers:  0 pending,  3 downloaded,  0 extracted, (145 KB/10 MB)
2025-07-31 20:41:43,916 INFO  [tc.tes.11.0] (docker-java-stream--1295187651) Pulling image layers:  0 pending,  3 downloaded,  1 extracted, (3 MB/10 MB)
2025-07-31 20:41:44,913 INFO  [tc.tes.11.0] (docker-java-stream--1295187651) Pulling image layers:  0 pending,  3 downloaded,  2 extracted, (4 MB/10 MB)
2025-07-31 20:41:44,958 INFO  [tc.tes.11.0] (docker-java-stream--1295187651) Pulling image layers:  0 pending,  3 downloaded,  3 extracted, (10 MB/10 MB)
2025-07-31 20:41:44,965 INFO  [tc.tes.11.0] (docker-java-stream--1295187651) Pull complete. 3 layers, pulled in 1s (downloaded 10 MB at 10 MB/s)
2025-07-31 20:41:44,966 INFO  [tc.tes.11.0] (main) Image testcontainers/ryuk:0.11.0 pull took PT2.81528742S
2025-07-31 20:41:44,988 INFO  [tc.tes.11.0] (main) Creating container for image: testcontainers/ryuk:0.11.0
2025-07-31 20:41:45,085 INFO  [tc.tes.11.0] (main) Container testcontainers/ryuk:0.11.0 is starting: 0f0db597ec3dbdfbddcdc9f4f59d8c86ce808bf9fbcf8067e9527a2e6e217e48
2025-07-31 20:41:45,414 INFO  [tc.tes.11.0] (main) Container testcontainers/ryuk:0.11.0 started in PT0.425539711S
2025-07-31 20:41:45,418 INFO  [org.tes.uti.RyukResourceReaper] (main) Ryuk started - will monitor and terminate Testcontainers containers on JVM exit
2025-07-31 20:41:45,418 INFO  [org.tes.DockerClientFactory] (main) Checking the system...
2025-07-31 20:41:45,419 INFO  [org.tes.DockerClientFactory] (main) ✔︎ Docker server version should be at least 1.6.0
2025-07-31 20:41:45,422 INFO  [io.str.tes.con.KafkaVersionService] (main) Latest release of Kafka is:LogicalKafkaVersionEntity{version='3.7.1', image='quay.io/strimzi-test-container/test-container:0.107.0-kafka-3.7.1'}
2025-07-31 20:41:45,422 INFO  [io.str.tes.con.KafkaVersionService] (main) Latest release of Kafka is:LogicalKafkaVersionEntity{version='3.7.1', image='quay.io/strimzi-test-container/test-container:0.107.0-kafka-3.7.1'}
2025-07-31 20:41:45,422 INFO  [io.str.tes.con.KafkaVersionService] (main) No Kafka version specified. Using latest release: quay.io/strimzi-test-container/test-container:0.107.0-kafka-3.7.1
2025-07-31 20:41:45,424 INFO  [tc.qua.io/.107.0-k.7.1] (main) Pulling docker image: quay.io/strimzi-test-container/test-container:0.107.0-kafka-3.7.1. Please be patient; this may take some time but only needs to be done once.
2025-07-31 20:41:46,475 INFO  [tc.qua.io/.107.0-k.7.1] (docker-java-stream--720530420) Starting to pull image
2025-07-31 20:41:46,476 INFO  [tc.qua.io/.107.0-k.7.1] (docker-java-stream--720530420) Pulling image layers:  0 pending,  0 downloaded,  0 extracted, (0 bytes/0 bytes)
2025-07-31 20:41:47,091 INFO  [tc.qua.io/.107.0-k.7.1] (docker-java-stream--720530420) Pulling image layers:  4 pending,  1 downloaded,  0 extracted, (528 KB/? MB)
2025-07-31 20:41:47,324 INFO  [tc.qua.io/.107.0-k.7.1] (docker-java-stream--720530420) Pulling image layers:  3 pending,  2 downloaded,  0 extracted, (61 MB/? MB)
2025-07-31 20:41:47,543 INFO  [tc.qua.io/.107.0-k.7.1] (docker-java-stream--720530420) Pulling image layers:  2 pending,  3 downloaded,  0 extracted, (103 MB/? MB)
2025-07-31 20:41:47,717 INFO  [tc.qua.io/.107.0-k.7.1] (docker-java-stream--720530420) Pulling image layers:  1 pending,  4 downloaded,  0 extracted, (140 MB/? MB)
2025-07-31 20:41:47,999 INFO  [tc.qua.io/.107.0-k.7.1] (docker-java-stream--720530420) Pulling image layers:  0 pending,  5 downloaded,  0 extracted, (206 MB/231 MB)
2025-07-31 20:41:48,483 INFO  [tc.qua.io/.107.0-k.7.1] (docker-java-stream--720530420) Pulling image layers:  0 pending,  5 downloaded,  1 extracted, (212 MB/231 MB)
2025-07-31 20:41:51,341 INFO  [tc.qua.io/.107.0-k.7.1] (docker-java-stream--720530420) Pulling image layers:  0 pending,  5 downloaded,  2 extracted, (220 MB/231 MB)
2025-07-31 20:41:52,457 INFO  [tc.qua.io/.107.0-k.7.1] (docker-java-stream--720530420) Pulling image layers:  0 pending,  5 downloaded,  3 extracted, (220 MB/231 MB)
2025-07-31 20:41:53,463 INFO  [tc.qua.io/.107.0-k.7.1] (docker-java-stream--720530420) Pulling image layers:  0 pending,  5 downloaded,  4 extracted, (231 MB/231 MB)
2025-07-31 20:41:53,474 INFO  [tc.qua.io/.107.0-k.7.1] (docker-java-stream--720530420) Pulling image layers:  0 pending,  5 downloaded,  5 extracted, (231 MB/231 MB)
2025-07-31 20:41:53,488 INFO  [tc.qua.io/.107.0-k.7.1] (docker-java-stream--720530420) Pull complete. 5 layers, pulled in 7s (downloaded 231 MB at 33 MB/s)
2025-07-31 20:41:53,488 INFO  [tc.qua.io/.107.0-k.7.1] (main) Image quay.io/strimzi-test-container/test-container:0.107.0-kafka-3.7.1 pull took PT8.063671903S
2025-07-31 20:41:53,493 INFO  [tc.qua.io/.107.0-k.7.1] (main) Creating container for image: quay.io/strimzi-test-container/test-container:0.107.0-kafka-3.7.1
2025-07-31 20:41:53,575 INFO  [tc.qua.io/.107.0-k.7.1] (main) Container quay.io/strimzi-test-container/test-container:0.107.0-kafka-3.7.1 is starting: bfb072c41b2e2d73033c713ae74a7a8746cd55c8f1d1657649d8090dd6513a96
2025-07-31 20:41:53,752 INFO  [io.str.tes.con.StrimziKafkaContainer] (main) Mapped port: 32770
2025-07-31 20:41:53,754 INFO  [io.str.tes.con.StrimziKafkaContainer] (main) This is all advertised listeners for Kafka PLAINTEXT://localhost:32770,BROKER1://172.18.0.2:9093
2025-07-31 20:41:53,754 INFO  [io.str.tes.con.StrimziKafkaContainer] (main) Using internal ZooKeeper 'zookeeper.connect=localhost:2181.'
2025-07-31 20:41:53,755 INFO  [io.str.tes.con.StrimziKafkaContainer] (main) Copying command to 'STARTER_SCRIPT' script.
2025-07-31 20:41:57,745 INFO  [tc.qua.io/.107.0-k.7.1] (main) Container quay.io/strimzi-test-container/test-container:0.107.0-kafka-3.7.1 started in PT4.252662966S
2025-07-31 20:41:57,748 INFO  [io.api.tes.uti.TestSeparator] (main) ############################################################################
2025-07-31 20:41:57,749 INFO  [io.api.tes.uti.TestSeparator] (main) io.apicurio.tests.serdes.apicurio.AvroSerdeIT.testGlobalIdInHeaders-STARTED
2025-07-31 20:41:57,768 INFO  [org.apa.kaf.cli.adm.AdminClientConfig] (main) AdminClientConfig values: 
	auto.include.jmx.reporter = true
	bootstrap.controllers = []
	bootstrap.servers = [PLAINTEXT://localhost:32770]
	client.dns.lookup = use_all_dns_ips
	client.id = 
	connections.max.idle.ms = 10000
	default.api.timeout.ms = 60000
	enable.metrics.push = true
	metadata.max.age.ms = 300000
	metadata.recovery.strategy = none
	metric.reporters = []
	metrics.num.samples = 2
	metrics.recording.level = INFO
	metrics.sample.window.ms = 30000
	receive.buffer.bytes = 65536
	reconnect.backoff.max.ms = 1000
	reconnect.backoff.ms = 50
	request.timeout.ms = 5000
	retries = 2147483647
	retry.backoff.max.ms = 1000
	retry.backoff.ms = 100
	sasl.client.callback.handler.class = null
	sasl.jaas.config = null
	sasl.kerberos.kinit.cmd = /usr/bin/kinit
	sasl.kerberos.min.time.before.relogin = 60000
	sasl.kerberos.service.name = null
	sasl.kerberos.ticket.renew.jitter = 0.05
	sasl.kerberos.ticket.renew.window.factor = 0.8
	sasl.login.callback.handler.class = null
	sasl.login.class = null
	sasl.login.connect.timeout.ms = null
	sasl.login.read.timeout.ms = null
	sasl.login.refresh.buffer.seconds = 300
	sasl.login.refresh.min.period.seconds = 60
	sasl.login.refresh.window.factor = 0.8
	sasl.login.refresh.window.jitter = 0.05
	sasl.login.retry.backoff.max.ms = 10000
	sasl.login.retry.backoff.ms = 100
	sasl.mechanism = GSSAPI
	sasl.oauthbearer.clock.skew.seconds = 30
	sasl.oauthbearer.expected.audience = null
	sasl.oauthbearer.expected.issuer = null
	sasl.oauthbearer.header.urlencode = false
	sasl.oauthbearer.jwks.endpoint.refresh.ms = 3600000
	sasl.oauthbearer.jwks.endpoint.retry.backoff.max.ms = 10000
	sasl.oauthbearer.jwks.endpoint.retry.backoff.ms = 100
	sasl.oauthbearer.jwks.endpoint.url = null
	sasl.oauthbearer.scope.claim.name = scope
	sasl.oauthbearer.sub.claim.name = sub
	sasl.oauthbearer.token.endpoint.url = null
	security.protocol = PLAINTEXT
	security.providers = null
	send.buffer.bytes = 131072
	socket.connection.setup.timeout.max.ms = 30000
	socket.connection.setup.timeout.ms = 10000
	ssl.cipher.suites = null
	ssl.enabled.protocols = [TLSv1.2, TLSv1.3]
	ssl.endpoint.identification.algorithm = https
	ssl.engine.factory.class = null
	ssl.key.password = null
	ssl.keymanager.algorithm = SunX509
	ssl.keystore.certificate.chain = null
	ssl.keystore.key = null
	ssl.keystore.location = null
	ssl.keystore.password = null
	ssl.keystore.type = JKS
	ssl.protocol = TLSv1.3
	ssl.provider = null
	ssl.secure.random.implementation = null
	ssl.trustmanager.algorithm = PKIX
	ssl.truststore.certificates = null
	ssl.truststore.location = null
	ssl.truststore.password = null
	ssl.truststore.type = JKS

2025-07-31 20:41:58,201 INFO  [org.apa.kaf.com.uti.AppInfoParser] (main) Kafka version: 3.9.1
2025-07-31 20:41:58,204 INFO  [org.apa.kaf.com.uti.AppInfoParser] (main) Kafka commitId: f745dfdcee2b9851
2025-07-31 20:41:58,204 INFO  [org.apa.kaf.com.uti.AppInfoParser] (main) Kafka startTimeMs: 1753994518200
**** Registry Base URL: http://registry-app-postgresql.apps.ci419.apicurio-testing.org:80
2025-07-31 20:41:58,288 INFO  [org.apa.kaf.cli.pro.ProducerConfig] (main) ProducerConfig values: 
	acks = -1
	auto.include.jmx.reporter = true
	batch.size = 16384
	bootstrap.servers = [PLAINTEXT://localhost:32770]
	buffer.memory = 33554432
	client.dns.lookup = use_all_dns_ips
	client.id = Producer-topic-60eb0f94_b7de_4fd8_830f_8e00fdaea06e
	compression.gzip.level = -1
	compression.lz4.level = 9
	compression.type = none
	compression.zstd.level = 3
	connections.max.idle.ms = 10000
	delivery.timeout.ms = 120000
	enable.idempotence = true
	enable.metrics.push = true
	interceptor.classes = []
	key.serializer = class org.apache.kafka.common.serialization.StringSerializer
	linger.ms = 0
	max.block.ms = 60000
	max.in.flight.requests.per.connection = 5
	max.request.size = 1048576
	metadata.max.age.ms = 300000
	metadata.max.idle.ms = 300000
	metadata.recovery.strategy = none
	metric.reporters = []
	metrics.num.samples = 2
	metrics.recording.level = INFO
	metrics.sample.window.ms = 30000
	partitioner.adaptive.partitioning.enable = true
	partitioner.availability.timeout.ms = 0
	partitioner.class = null
	partitioner.ignore.keys = false
	receive.buffer.bytes = 32768
	reconnect.backoff.max.ms = 1000
	reconnect.backoff.ms = 50
	request.timeout.ms = 5000
	retries = 2147483647
	retry.backoff.max.ms = 1000
	retry.backoff.ms = 100
	sasl.client.callback.handler.class = null
	sasl.jaas.config = null
	sasl.kerberos.kinit.cmd = /usr/bin/kinit
	sasl.kerberos.min.time.before.relogin = 60000
	sasl.kerberos.service.name = null
	sasl.kerberos.ticket.renew.jitter = 0.05
	sasl.kerberos.ticket.renew.window.factor = 0.8
	sasl.login.callback.handler.class = null
	sasl.login.class = null
	sasl.login.connect.timeout.ms = null
	sasl.login.read.timeout.ms = null
	sasl.login.refresh.buffer.seconds = 300
	sasl.login.refresh.min.period.seconds = 60
	sasl.login.refresh.window.factor = 0.8
	sasl.login.refresh.window.jitter = 0.05
	sasl.login.retry.backoff.max.ms = 10000
	sasl.login.retry.backoff.ms = 100
	sasl.mechanism = GSSAPI
	sasl.oauthbearer.clock.skew.seconds = 30
	sasl.oauthbearer.expected.audience = null
	sasl.oauthbearer.expected.issuer = null
	sasl.oauthbearer.header.urlencode = false
	sasl.oauthbearer.jwks.endpoint.refresh.ms = 3600000
	sasl.oauthbearer.jwks.endpoint.retry.backoff.max.ms = 10000
	sasl.oauthbearer.jwks.endpoint.retry.backoff.ms = 100
	sasl.oauthbearer.jwks.endpoint.url = null
	sasl.oauthbearer.scope.claim.name = scope
	sasl.oauthbearer.sub.claim.name = sub
	sasl.oauthbearer.token.endpoint.url = null
	security.protocol = PLAINTEXT
	security.providers = null
	send.buffer.bytes = 131072
	socket.connection.setup.timeout.max.ms = 30000
	socket.connection.setup.timeout.ms = 10000
	ssl.cipher.suites = null
	ssl.enabled.protocols = [TLSv1.2, TLSv1.3]
	ssl.endpoint.identification.algorithm = https
	ssl.engine.factory.class = null
	ssl.key.password = null
	ssl.keymanager.algorithm = SunX509
	ssl.keystore.certificate.chain = null
	ssl.keystore.key = null
	ssl.keystore.location = null
	ssl.keystore.password = null
	ssl.keystore.type = JKS
	ssl.protocol = TLSv1.3
	ssl.provider = null
	ssl.secure.random.implementation = null
	ssl.trustmanager.algorithm = PKIX
	ssl.truststore.certificates = null
	ssl.truststore.location = null
	ssl.truststore.password = null
	ssl.truststore.type = JKS
	transaction.timeout.ms = 60000
	transactional.id = null
	value.serializer = class io.apicurio.registry.serde.avro.AvroKafkaSerializer

2025-07-31 20:41:58,347 INFO  [org.apa.kaf.com.tel.int.KafkaMetricsCollector] (main) initializing Kafka metrics collector
2025-07-31 20:41:58,367 INFO  [org.apa.kaf.cli.pro.KafkaProducer] (main) [Producer clientId=Producer-topic-60eb0f94_b7de_4fd8_830f_8e00fdaea06e] Instantiated an idempotent producer.
2025-07-31 20:41:58,416 INFO  [org.apa.kaf.cli.pro.ProducerConfig] (main) These configurations '[apicurio.registry.url, apicurio.registry.auto-register, apicurio.registry.use-id, apicurio.registry.artifact-resolver-strategy]' were supplied but are not used yet.
2025-07-31 20:41:58,417 INFO  [org.apa.kaf.com.uti.AppInfoParser] (main) Kafka version: 3.9.1
2025-07-31 20:41:58,417 INFO  [org.apa.kaf.com.uti.AppInfoParser] (main) Kafka commitId: f745dfdcee2b9851
2025-07-31 20:41:58,417 INFO  [org.apa.kaf.com.uti.AppInfoParser] (main) Kafka startTimeMs: 1753994518416
2025-07-31 20:41:58,418 INFO  [io.api.tes.ser.api.SimpleSerdesTesterBuilder$SimpleSerdesTester] (main) Using producer configuration: {apicurio.registry.url=http://registry-app-postgresql.apps.ci419.apicurio-testing.org:80/apis/registry/v3, apicurio.registry.auto-register=true, apicurio.registry.use-id=globalId, apicurio.registry.artifact-resolver-strategy=io.apicurio.registry.serde.strategy.TopicIdStrategy, value.serializer=io.apicurio.registry.serde.avro.AvroKafkaSerializer, request.timeout.ms=5000, acks=all, bootstrap.servers=PLAINTEXT://localhost:32770, connections.max.idle.ms=10000, key.serializer=org.apache.kafka.common.serialization.StringSerializer, client.id=Producer-topic-60eb0f94_b7de_4fd8_830f_8e00fdaea06e}
2025-07-31 20:41:58,419 INFO  [io.api.tes.ser.api.SimpleSerdesTesterBuilder$SimpleSerdesTester] (main) Using consumer configuration: {apicurio.registry.use-id=globalId}
2025-07-31 20:41:58,424 INFO  [io.api.tes.ser.api.KafkaSerdesTester] (Thread-594) Sending message {"key11753994518253": "value-0"} to topic topic-60eb0f94_b7de_4fd8_830f_8e00fdaea06e
2025-07-31 20:41:58,795 WARN  [org.apa.kaf.cli.NetworkClient] (kafka-producer-network-thread | Producer-topic-60eb0f94_b7de_4fd8_830f_8e00fdaea06e) [Producer clientId=Producer-topic-60eb0f94_b7de_4fd8_830f_8e00fdaea06e] The metadata response from the cluster reported a recoverable issue with correlation id 2 : {topic-60eb0f94_b7de_4fd8_830f_8e00fdaea06e=LEADER_NOT_AVAILABLE}
2025-07-31 20:41:58,797 INFO  [org.apa.kaf.cli.Metadata] (kafka-producer-network-thread | Producer-topic-60eb0f94_b7de_4fd8_830f_8e00fdaea06e) [Producer clientId=Producer-topic-60eb0f94_b7de_4fd8_830f_8e00fdaea06e] Cluster ID: 1k_IxQydR42FDqpO2KqWFA
2025-07-31 20:41:58,951 INFO  [org.apa.kaf.cli.pro.int.TransactionManager] (kafka-producer-network-thread | Producer-topic-60eb0f94_b7de_4fd8_830f_8e00fdaea06e) [Producer clientId=Producer-topic-60eb0f94_b7de_4fd8_830f_8e00fdaea06e] ProducerId set to 0 with epoch 0
2025-07-31 20:41:58,961 WARN  [org.apa.kaf.cli.NetworkClient] (kafka-producer-network-thread | Producer-topic-60eb0f94_b7de_4fd8_830f_8e00fdaea06e) [Producer clientId=Producer-topic-60eb0f94_b7de_4fd8_830f_8e00fdaea06e] The metadata response from the cluster reported a recoverable issue with correlation id 8 : {topic-60eb0f94_b7de_4fd8_830f_8e00fdaea06e=LEADER_NOT_AVAILABLE}
2025-07-31 20:41:59,487 INFO  [io.api.tes.ser.api.KafkaSerdesTester] (Thread-594) Sending message {"key11753994518253": "value-1"} to topic topic-60eb0f94_b7de_4fd8_830f_8e00fdaea06e
2025-07-31 20:41:59,494 INFO  [io.api.tes.ser.api.KafkaSerdesTester] (Thread-594) Sending message {"key11753994518253": "value-2"} to topic topic-60eb0f94_b7de_4fd8_830f_8e00fdaea06e
2025-07-31 20:41:59,499 INFO  [io.api.tes.ser.api.KafkaSerdesTester] (Thread-594) Sending message {"key11753994518253": "value-3"} to topic topic-60eb0f94_b7de_4fd8_830f_8e00fdaea06e
2025-07-31 20:41:59,504 INFO  [io.api.tes.ser.api.KafkaSerdesTester] (Thread-594) Sending message {"key11753994518253": "value-4"} to topic topic-60eb0f94_b7de_4fd8_830f_8e00fdaea06e
2025-07-31 20:41:59,509 INFO  [io.api.tes.ser.api.KafkaSerdesTester] (Thread-594) Sending message {"key11753994518253": "value-5"} to topic topic-60eb0f94_b7de_4fd8_830f_8e00fdaea06e
2025-07-31 20:41:59,515 INFO  [io.api.tes.ser.api.KafkaSerdesTester] (Thread-594) Sending message {"key11753994518253": "value-6"} to topic topic-60eb0f94_b7de_4fd8_830f_8e00fdaea06e
2025-07-31 20:41:59,519 INFO  [io.api.tes.ser.api.KafkaSerdesTester] (Thread-594) Sending message {"key11753994518253": "value-7"} to topic topic-60eb0f94_b7de_4fd8_830f_8e00fdaea06e
2025-07-31 20:41:59,528 INFO  [io.api.tes.ser.api.KafkaSerdesTester] (Thread-594) Sending message {"key11753994518253": "value-8"} to topic topic-60eb0f94_b7de_4fd8_830f_8e00fdaea06e
2025-07-31 20:41:59,540 INFO  [io.api.tes.ser.api.KafkaSerdesTester] (Thread-594) Sending message {"key11753994518253": "value-9"} to topic topic-60eb0f94_b7de_4fd8_830f_8e00fdaea06e
2025-07-31 20:41:59,547 INFO  [io.api.tes.ser.api.KafkaSerdesTester] (Thread-594) Produced 10 messages
2025-07-31 20:41:59,548 INFO  [org.apa.kaf.cli.pro.KafkaProducer] (Thread-594) [Producer clientId=Producer-topic-60eb0f94_b7de_4fd8_830f_8e00fdaea06e] Closing the Kafka producer with timeoutMillis = 9223372036854775807 ms.
2025-07-31 20:41:59,575 INFO  [org.apa.kaf.com.met.Metrics] (Thread-594) Metrics scheduler closed
2025-07-31 20:41:59,575 INFO  [org.apa.kaf.com.met.Metrics] (Thread-594) Closing reporter org.apache.kafka.common.metrics.JmxReporter
2025-07-31 20:41:59,575 INFO  [org.apa.kaf.com.met.Metrics] (Thread-594) Closing reporter org.apache.kafka.common.telemetry.internals.ClientTelemetryReporter
2025-07-31 20:41:59,575 INFO  [org.apa.kaf.com.met.Metrics] (Thread-594) Metrics reporters closed
2025-07-31 20:41:59,579 INFO  [org.apa.kaf.com.uti.AppInfoParser] (Thread-594) App info kafka.producer for Producer-topic-60eb0f94_b7de_4fd8_830f_8e00fdaea06e unregistered
**** Registry Base URL: http://registry-app-postgresql.apps.ci419.apicurio-testing.org:80
2025-07-31 20:41:59,838 INFO  [org.apa.kaf.cli.con.ConsumerConfig] (main) ConsumerConfig values: 
	allow.auto.create.topics = true
	auto.commit.interval.ms = 500
	auto.include.jmx.reporter = true
	auto.offset.reset = earliest
	bootstrap.servers = [PLAINTEXT://localhost:32770]
	check.crcs = true
	client.dns.lookup = use_all_dns_ips
	client.id = consumer-Consumer-topic-60eb0f94_b7de_4fd8_830f_8e00fdaea06e-1
	client.rack = 
	connections.max.idle.ms = 10000
	default.api.timeout.ms = 60000
	enable.auto.commit = true
	enable.metrics.push = true
	exclude.internal.topics = true
	fetch.max.bytes = 52428800
	fetch.max.wait.ms = 500
	fetch.min.bytes = 1
	group.id = Consumer-topic-60eb0f94_b7de_4fd8_830f_8e00fdaea06e
	group.instance.id = null
	group.protocol = classic
	group.remote.assignor = null
	heartbeat.interval.ms = 3000
	interceptor.classes = []
	internal.leave.group.on.close = true
	internal.throw.on.fetch.stable.offset.unsupported = false
	isolation.level = read_uncommitted
	key.deserializer = class org.apache.kafka.common.serialization.StringDeserializer
	max.partition.fetch.bytes = 1048576
	max.poll.interval.ms = 300000
	max.poll.records = 500
	metadata.max.age.ms = 300000
	metadata.recovery.strategy = none
	metric.reporters = []
	metrics.num.samples = 2
	metrics.recording.level = INFO
	metrics.sample.window.ms = 30000
	partition.assignment.strategy = [class org.apache.kafka.clients.consumer.RangeAssignor, class org.apache.kafka.clients.consumer.CooperativeStickyAssignor]
	receive.buffer.bytes = 65536
	reconnect.backoff.max.ms = 1000
	reconnect.backoff.ms = 50
	request.timeout.ms = 5000
	retry.backoff.max.ms = 1000
	retry.backoff.ms = 100
	sasl.client.callback.handler.class = null
	sasl.jaas.config = null
	sasl.kerberos.kinit.cmd = /usr/bin/kinit
	sasl.kerberos.min.time.before.relogin = 60000
	sasl.kerberos.service.name = null
	sasl.kerberos.ticket.renew.jitter = 0.05
	sasl.kerberos.ticket.renew.window.factor = 0.8
	sasl.login.callback.handler.class = null
	sasl.login.class = null
	sasl.login.connect.timeout.ms = null
	sasl.login.read.timeout.ms = null
	sasl.login.refresh.buffer.seconds = 300
	sasl.login.refresh.min.period.seconds = 60
	sasl.login.refresh.window.factor = 0.8
	sasl.login.refresh.window.jitter = 0.05
	sasl.login.retry.backoff.max.ms = 10000
	sasl.login.retry.backoff.ms = 100
	sasl.mechanism = GSSAPI
	sasl.oauthbearer.clock.skew.seconds = 30
	sasl.oauthbearer.expected.audience = null
	sasl.oauthbearer.expected.issuer = null
	sasl.oauthbearer.header.urlencode = false
	sasl.oauthbearer.jwks.endpoint.refresh.ms = 3600000
	sasl.oauthbearer.jwks.endpoint.retry.backoff.max.ms = 10000
	sasl.oauthbearer.jwks.endpoint.retry.backoff.ms = 100
	sasl.oauthbearer.jwks.endpoint.url = null
	sasl.oauthbearer.scope.claim.name = scope
	sasl.oauthbearer.sub.claim.name = sub
	sasl.oauthbearer.token.endpoint.url = null
	security.protocol = PLAINTEXT
	security.providers = null
	send.buffer.bytes = 131072
	session.timeout.ms = 45000
	socket.connection.setup.timeout.max.ms = 30000
	socket.connection.setup.timeout.ms = 10000
	ssl.cipher.suites = null
	ssl.enabled.protocols = [TLSv1.2, TLSv1.3]
	ssl.endpoint.identification.algorithm = https
	ssl.engine.factory.class = null
	ssl.key.password = null
	ssl.keymanager.algorithm = SunX509
	ssl.keystore.certificate.chain = null
	ssl.keystore.key = null
	ssl.keystore.location = null
	ssl.keystore.password = null
	ssl.keystore.type = JKS
	ssl.protocol = TLSv1.3
	ssl.provider = null
	ssl.secure.random.implementation = null
	ssl.trustmanager.algorithm = PKIX
	ssl.truststore.certificates = null
	ssl.truststore.location = null
	ssl.truststore.password = null
	ssl.truststore.type = JKS
	value.deserializer = class io.apicurio.registry.serde.avro.AvroKafkaDeserializer

2025-07-31 20:41:59,849 INFO  [org.apa.kaf.com.tel.int.KafkaMetricsCollector] (main) initializing Kafka metrics collector
2025-07-31 20:41:59,900 INFO  [org.apa.kaf.cli.con.ConsumerConfig] (main) These configurations '[apicurio.registry.url, apicurio.registry.use-id]' were supplied but are not used yet.
2025-07-31 20:41:59,901 INFO  [org.apa.kaf.com.uti.AppInfoParser] (main) Kafka version: 3.9.1
2025-07-31 20:41:59,901 INFO  [org.apa.kaf.com.uti.AppInfoParser] (main) Kafka commitId: f745dfdcee2b9851
2025-07-31 20:41:59,901 INFO  [org.apa.kaf.com.uti.AppInfoParser] (main) Kafka startTimeMs: 1753994519901
2025-07-31 20:41:59,902 INFO  [org.apa.kaf.cli.con.int.ClassicKafkaConsumer] (Thread-597) [Consumer clientId=consumer-Consumer-topic-60eb0f94_b7de_4fd8_830f_8e00fdaea06e-1, groupId=Consumer-topic-60eb0f94_b7de_4fd8_830f_8e00fdaea06e] Subscribed to topic(s): topic-60eb0f94_b7de_4fd8_830f_8e00fdaea06e
2025-07-31 20:41:59,919 INFO  [org.apa.kaf.cli.Metadata] (Thread-597) [Consumer clientId=consumer-Consumer-topic-60eb0f94_b7de_4fd8_830f_8e00fdaea06e-1, groupId=Consumer-topic-60eb0f94_b7de_4fd8_830f_8e00fdaea06e] Cluster ID: 1k_IxQydR42FDqpO2KqWFA
2025-07-31 20:42:00,719 INFO  [org.apa.kaf.cli.con.int.ConsumerCoordinator] (Thread-597) [Consumer clientId=consumer-Consumer-topic-60eb0f94_b7de_4fd8_830f_8e00fdaea06e-1, groupId=Consumer-topic-60eb0f94_b7de_4fd8_830f_8e00fdaea06e] Discovered group coordinator localhost:32770 (id: 2147483647 rack: null)
2025-07-31 20:42:00,725 INFO  [org.apa.kaf.cli.con.int.ConsumerCoordinator] (Thread-597) [Consumer clientId=consumer-Consumer-topic-60eb0f94_b7de_4fd8_830f_8e00fdaea06e-1, groupId=Consumer-topic-60eb0f94_b7de_4fd8_830f_8e00fdaea06e] (Re-)joining group
2025-07-31 20:42:00,752 INFO  [org.apa.kaf.cli.con.int.ConsumerCoordinator] (Thread-597) [Consumer clientId=consumer-Consumer-topic-60eb0f94_b7de_4fd8_830f_8e00fdaea06e-1, groupId=Consumer-topic-60eb0f94_b7de_4fd8_830f_8e00fdaea06e] Request joining group due to: need to re-join with the given member-id: consumer-Consumer-topic-60eb0f94_b7de_4fd8_830f_8e00fdaea06e-1-ba73866c-cca9-4d03-874e-1485f38addd8
2025-07-31 20:42:00,752 INFO  [org.apa.kaf.cli.con.int.ConsumerCoordinator] (Thread-597) [Consumer clientId=consumer-Consumer-topic-60eb0f94_b7de_4fd8_830f_8e00fdaea06e-1, groupId=Consumer-topic-60eb0f94_b7de_4fd8_830f_8e00fdaea06e] (Re-)joining group
2025-07-31 20:42:00,771 INFO  [org.apa.kaf.cli.con.int.ConsumerCoordinator] (Thread-597) [Consumer clientId=consumer-Consumer-topic-60eb0f94_b7de_4fd8_830f_8e00fdaea06e-1, groupId=Consumer-topic-60eb0f94_b7de_4fd8_830f_8e00fdaea06e] Successfully joined group with generation Generation{generationId=1, memberId='consumer-Consumer-topic-60eb0f94_b7de_4fd8_830f_8e00fdaea06e-1-ba73866c-cca9-4d03-874e-1485f38addd8', protocol='range'}
2025-07-31 20:42:00,783 INFO  [org.apa.kaf.cli.con.int.ConsumerCoordinator] (Thread-597) [Consumer clientId=consumer-Consumer-topic-60eb0f94_b7de_4fd8_830f_8e00fdaea06e-1, groupId=Consumer-topic-60eb0f94_b7de_4fd8_830f_8e00fdaea06e] Finished assignment for group at generation 1: {consumer-Consumer-topic-60eb0f94_b7de_4fd8_830f_8e00fdaea06e-1-ba73866c-cca9-4d03-874e-1485f38addd8=Assignment(partitions=[topic-60eb0f94_b7de_4fd8_830f_8e00fdaea06e-0])}
2025-07-31 20:42:00,834 INFO  [org.apa.kaf.cli.con.int.ConsumerCoordinator] (Thread-597) [Consumer clientId=consumer-Consumer-topic-60eb0f94_b7de_4fd8_830f_8e00fdaea06e-1, groupId=Consumer-topic-60eb0f94_b7de_4fd8_830f_8e00fdaea06e] Successfully synced group in generation Generation{generationId=1, memberId='consumer-Consumer-topic-60eb0f94_b7de_4fd8_830f_8e00fdaea06e-1-ba73866c-cca9-4d03-874e-1485f38addd8', protocol='range'}
2025-07-31 20:42:00,835 INFO  [org.apa.kaf.cli.con.int.ConsumerCoordinator] (Thread-597) [Consumer clientId=consumer-Consumer-topic-60eb0f94_b7de_4fd8_830f_8e00fdaea06e-1, groupId=Consumer-topic-60eb0f94_b7de_4fd8_830f_8e00fdaea06e] Notifying assignor about the new Assignment(partitions=[topic-60eb0f94_b7de_4fd8_830f_8e00fdaea06e-0])
2025-07-31 20:42:00,840 INFO  [org.apa.kaf.cli.con.int.ConsumerRebalanceListenerInvoker] (Thread-597) [Consumer clientId=consumer-Consumer-topic-60eb0f94_b7de_4fd8_830f_8e00fdaea06e-1, groupId=Consumer-topic-60eb0f94_b7de_4fd8_830f_8e00fdaea06e] Adding newly assigned partitions: topic-60eb0f94_b7de_4fd8_830f_8e00fdaea06e-0
2025-07-31 20:42:00,860 INFO  [org.apa.kaf.cli.con.int.ConsumerCoordinator] (Thread-597) [Consumer clientId=consumer-Consumer-topic-60eb0f94_b7de_4fd8_830f_8e00fdaea06e-1, groupId=Consumer-topic-60eb0f94_b7de_4fd8_830f_8e00fdaea06e] Found no committed offset for partition topic-60eb0f94_b7de_4fd8_830f_8e00fdaea06e-0
2025-07-31 20:42:00,879 INFO  [org.apa.kaf.cli.con.int.SubscriptionState] (Thread-597) [Consumer clientId=consumer-Consumer-topic-60eb0f94_b7de_4fd8_830f_8e00fdaea06e-1, groupId=Consumer-topic-60eb0f94_b7de_4fd8_830f_8e00fdaea06e] Resetting offset for partition topic-60eb0f94_b7de_4fd8_830f_8e00fdaea06e-0 to position FetchPosition{offset=0, offsetEpoch=Optional.empty, currentLeader=LeaderAndEpoch{leader=Optional[localhost:32770 (id: 0 rack: null)], epoch=0}}.
2025-07-31 20:42:00,904 INFO  [io.api.tes.ser.api.KafkaSerdesTester] (Thread-597) None found
2025-07-31 20:42:01,182 INFO  [io.api.tes.ser.api.KafkaSerdesTester] (Thread-597) topic-60eb0f94_b7de_4fd8_830f_8e00fdaea06e 0 0 {"key11753994518253": "value-0"}
2025-07-31 20:42:01,182 INFO  [io.api.tes.ser.api.KafkaSerdesTester] (Thread-597) topic-60eb0f94_b7de_4fd8_830f_8e00fdaea06e 0 1 {"key11753994518253": "value-1"}
2025-07-31 20:42:01,182 INFO  [io.api.tes.ser.api.KafkaSerdesTester] (Thread-597) topic-60eb0f94_b7de_4fd8_830f_8e00fdaea06e 0 2 {"key11753994518253": "value-2"}
2025-07-31 20:42:01,182 INFO  [io.api.tes.ser.api.KafkaSerdesTester] (Thread-597) topic-60eb0f94_b7de_4fd8_830f_8e00fdaea06e 0 3 {"key11753994518253": "value-3"}
2025-07-31 20:42:01,182 INFO  [io.api.tes.ser.api.KafkaSerdesTester] (Thread-597) topic-60eb0f94_b7de_4fd8_830f_8e00fdaea06e 0 4 {"key11753994518253": "value-4"}
2025-07-31 20:42:01,183 INFO  [io.api.tes.ser.api.KafkaSerdesTester] (Thread-597) topic-60eb0f94_b7de_4fd8_830f_8e00fdaea06e 0 5 {"key11753994518253": "value-5"}
2025-07-31 20:42:01,183 INFO  [io.api.tes.ser.api.KafkaSerdesTester] (Thread-597) topic-60eb0f94_b7de_4fd8_830f_8e00fdaea06e 0 6 {"key11753994518253": "value-6"}
2025-07-31 20:42:01,183 INFO  [io.api.tes.ser.api.KafkaSerdesTester] (Thread-597) topic-60eb0f94_b7de_4fd8_830f_8e00fdaea06e 0 7 {"key11753994518253": "value-7"}
2025-07-31 20:42:01,183 INFO  [io.api.tes.ser.api.KafkaSerdesTester] (Thread-597) topic-60eb0f94_b7de_4fd8_830f_8e00fdaea06e 0 8 {"key11753994518253": "value-8"}
2025-07-31 20:42:01,183 INFO  [io.api.tes.ser.api.KafkaSerdesTester] (Thread-597) topic-60eb0f94_b7de_4fd8_830f_8e00fdaea06e 0 9 {"key11753994518253": "value-9"}
2025-07-31 20:42:01,183 INFO  [io.api.tes.ser.api.KafkaSerdesTester] (Thread-597) Consumed 10 messages
2025-07-31 20:42:01,229 INFO  [org.apa.kaf.cli.con.int.ConsumerRebalanceListenerInvoker] (Thread-597) [Consumer clientId=consumer-Consumer-topic-60eb0f94_b7de_4fd8_830f_8e00fdaea06e-1, groupId=Consumer-topic-60eb0f94_b7de_4fd8_830f_8e00fdaea06e] Revoke previously assigned partitions topic-60eb0f94_b7de_4fd8_830f_8e00fdaea06e-0
2025-07-31 20:42:01,229 INFO  [org.apa.kaf.cli.con.int.ConsumerCoordinator] (Thread-597) [Consumer clientId=consumer-Consumer-topic-60eb0f94_b7de_4fd8_830f_8e00fdaea06e-1, groupId=Consumer-topic-60eb0f94_b7de_4fd8_830f_8e00fdaea06e] Member consumer-Consumer-topic-60eb0f94_b7de_4fd8_830f_8e00fdaea06e-1-ba73866c-cca9-4d03-874e-1485f38addd8 sending LeaveGroup request to coordinator localhost:32770 (id: 2147483647 rack: null) due to the consumer is being closed
2025-07-31 20:42:01,232 INFO  [org.apa.kaf.cli.con.int.ConsumerCoordinator] (Thread-597) [Consumer clientId=consumer-Consumer-topic-60eb0f94_b7de_4fd8_830f_8e00fdaea06e-1, groupId=Consumer-topic-60eb0f94_b7de_4fd8_830f_8e00fdaea06e] Resetting generation and member id due to: consumer pro-actively leaving the group
2025-07-31 20:42:01,232 INFO  [org.apa.kaf.cli.con.int.ConsumerCoordinator] (Thread-597) [Consumer clientId=consumer-Consumer-topic-60eb0f94_b7de_4fd8_830f_8e00fdaea06e-1, groupId=Consumer-topic-60eb0f94_b7de_4fd8_830f_8e00fdaea06e] Request joining group due to: consumer pro-actively leaving the group
2025-07-31 20:42:01,707 INFO  [org.apa.kaf.com.met.Metrics] (Thread-597) Metrics scheduler closed
2025-07-31 20:42:01,708 INFO  [org.apa.kaf.com.met.Metrics] (Thread-597) Closing reporter org.apache.kafka.common.metrics.JmxReporter
2025-07-31 20:42:01,708 INFO  [org.apa.kaf.com.met.Metrics] (Thread-597) Closing reporter org.apache.kafka.common.telemetry.internals.ClientTelemetryReporter
2025-07-31 20:42:01,708 INFO  [org.apa.kaf.com.met.Metrics] (Thread-597) Metrics reporters closed
2025-07-31 20:42:01,716 INFO  [org.apa.kaf.com.uti.AppInfoParser] (Thread-597) App info kafka.consumer for consumer-Consumer-topic-60eb0f94_b7de_4fd8_830f_8e00fdaea06e-1 unregistered
2025-07-31 20:42:01,718 INFO  [io.api.tes.uti.TestSeparator] (main) io.apicurio.tests.serdes.apicurio.AvroSerdeIT.testGlobalIdInHeaders-FINISHED
2025-07-31 20:42:01,718 INFO  [io.api.tes.uti.TestSeparator] (main) ############################################################################
Test passed: testGlobalIdInHeaders
]]></system-out>
  </testcase>
  <testcase name="testSimpleTopicIdStrategyFindLatest" classname="io.apicurio.tests.serdes.apicurio.AvroSerdeIT" time="2.448">
    <system-out><![CDATA[2025-07-31 20:42:01,723 INFO  [io.api.tes.uti.TestSeparator] (main) ############################################################################
2025-07-31 20:42:01,723 INFO  [io.api.tes.uti.TestSeparator] (main) io.apicurio.tests.serdes.apicurio.AvroSerdeIT.testSimpleTopicIdStrategyFindLatest-STARTED
2025-07-31 20:42:01,725 INFO  [io.api.tes.ser.api.AvroSerdeIT] (main) Registering Avro Schema: {"type":"record","name":"myrecordapicurio1","fields":[{"name":"key11753994521724","type":"string"}]}
**** Registry Base URL: http://registry-app-postgresql.apps.ci419.apicurio-testing.org:80
2025-07-31 20:42:02,947 INFO  [org.apa.kaf.cli.pro.ProducerConfig] (main) ProducerConfig values: 
	acks = -1
	auto.include.jmx.reporter = true
	batch.size = 16384
	bootstrap.servers = [PLAINTEXT://localhost:32770]
	buffer.memory = 33554432
	client.dns.lookup = use_all_dns_ips
	client.id = Producer-topic-8043808e_bf7c_49b6_a233_0cfa77239cfd
	compression.gzip.level = -1
	compression.lz4.level = 9
	compression.type = none
	compression.zstd.level = 3
	connections.max.idle.ms = 10000
	delivery.timeout.ms = 120000
	enable.idempotence = true
	enable.metrics.push = true
	interceptor.classes = []
	key.serializer = class org.apache.kafka.common.serialization.StringSerializer
	linger.ms = 0
	max.block.ms = 60000
	max.in.flight.requests.per.connection = 5
	max.request.size = 1048576
	metadata.max.age.ms = 300000
	metadata.max.idle.ms = 300000
	metadata.recovery.strategy = none
	metric.reporters = []
	metrics.num.samples = 2
	metrics.recording.level = INFO
	metrics.sample.window.ms = 30000
	partitioner.adaptive.partitioning.enable = true
	partitioner.availability.timeout.ms = 0
	partitioner.class = null
	partitioner.ignore.keys = false
	receive.buffer.bytes = 32768
	reconnect.backoff.max.ms = 1000
	reconnect.backoff.ms = 50
	request.timeout.ms = 5000
	retries = 2147483647
	retry.backoff.max.ms = 1000
	retry.backoff.ms = 100
	sasl.client.callback.handler.class = null
	sasl.jaas.config = null
	sasl.kerberos.kinit.cmd = /usr/bin/kinit
	sasl.kerberos.min.time.before.relogin = 60000
	sasl.kerberos.service.name = null
	sasl.kerberos.ticket.renew.jitter = 0.05
	sasl.kerberos.ticket.renew.window.factor = 0.8
	sasl.login.callback.handler.class = null
	sasl.login.class = null
	sasl.login.connect.timeout.ms = null
	sasl.login.read.timeout.ms = null
	sasl.login.refresh.buffer.seconds = 300
	sasl.login.refresh.min.period.seconds = 60
	sasl.login.refresh.window.factor = 0.8
	sasl.login.refresh.window.jitter = 0.05
	sasl.login.retry.backoff.max.ms = 10000
	sasl.login.retry.backoff.ms = 100
	sasl.mechanism = GSSAPI
	sasl.oauthbearer.clock.skew.seconds = 30
	sasl.oauthbearer.expected.audience = null
	sasl.oauthbearer.expected.issuer = null
	sasl.oauthbearer.header.urlencode = false
	sasl.oauthbearer.jwks.endpoint.refresh.ms = 3600000
	sasl.oauthbearer.jwks.endpoint.retry.backoff.max.ms = 10000
	sasl.oauthbearer.jwks.endpoint.retry.backoff.ms = 100
	sasl.oauthbearer.jwks.endpoint.url = null
	sasl.oauthbearer.scope.claim.name = scope
	sasl.oauthbearer.sub.claim.name = sub
	sasl.oauthbearer.token.endpoint.url = null
	security.protocol = PLAINTEXT
	security.providers = null
	send.buffer.bytes = 131072
	socket.connection.setup.timeout.max.ms = 30000
	socket.connection.setup.timeout.ms = 10000
	ssl.cipher.suites = null
	ssl.enabled.protocols = [TLSv1.2, TLSv1.3]
	ssl.endpoint.identification.algorithm = https
	ssl.engine.factory.class = null
	ssl.key.password = null
	ssl.keymanager.algorithm = SunX509
	ssl.keystore.certificate.chain = null
	ssl.keystore.key = null
	ssl.keystore.location = null
	ssl.keystore.password = null
	ssl.keystore.type = JKS
	ssl.protocol = TLSv1.3
	ssl.provider = null
	ssl.secure.random.implementation = null
	ssl.trustmanager.algorithm = PKIX
	ssl.truststore.certificates = null
	ssl.truststore.location = null
	ssl.truststore.password = null
	ssl.truststore.type = JKS
	transaction.timeout.ms = 60000
	transactional.id = null
	value.serializer = class io.apicurio.registry.serde.avro.AvroKafkaSerializer

2025-07-31 20:42:02,948 INFO  [org.apa.kaf.com.tel.int.KafkaMetricsCollector] (main) initializing Kafka metrics collector
2025-07-31 20:42:02,951 INFO  [org.apa.kaf.cli.pro.KafkaProducer] (main) [Producer clientId=Producer-topic-8043808e_bf7c_49b6_a233_0cfa77239cfd] Instantiated an idempotent producer.
2025-07-31 20:42:02,956 INFO  [org.apa.kaf.cli.pro.ProducerConfig] (main) These configurations '[apicurio.registry.find-latest, apicurio.registry.artifact.group-id, apicurio.registry.url, apicurio.registry.artifact-resolver-strategy]' were supplied but are not used yet.
2025-07-31 20:42:02,956 INFO  [org.apa.kaf.com.uti.AppInfoParser] (main) Kafka version: 3.9.1
2025-07-31 20:42:02,956 INFO  [org.apa.kaf.com.uti.AppInfoParser] (main) Kafka commitId: f745dfdcee2b9851
2025-07-31 20:42:02,956 INFO  [org.apa.kaf.com.uti.AppInfoParser] (main) Kafka startTimeMs: 1753994522956
2025-07-31 20:42:02,956 INFO  [io.api.tes.ser.api.SimpleSerdesTesterBuilder$SimpleSerdesTester] (main) Using producer configuration: {apicurio.registry.find-latest=true, apicurio.registry.artifact.group-id=topic-8043808e_bf7c_49b6_a233_0cfa77239cfd, apicurio.registry.url=http://registry-app-postgresql.apps.ci419.apicurio-testing.org:80/apis/registry/v3, apicurio.registry.artifact-resolver-strategy=io.apicurio.registry.serde.strategy.SimpleTopicIdStrategy, value.serializer=io.apicurio.registry.serde.avro.AvroKafkaSerializer, request.timeout.ms=5000, acks=all, bootstrap.servers=PLAINTEXT://localhost:32770, connections.max.idle.ms=10000, key.serializer=org.apache.kafka.common.serialization.StringSerializer, client.id=Producer-topic-8043808e_bf7c_49b6_a233_0cfa77239cfd}
2025-07-31 20:42:02,956 INFO  [io.api.tes.ser.api.SimpleSerdesTesterBuilder$SimpleSerdesTester] (main) Using consumer configuration: {}
2025-07-31 20:42:02,959 INFO  [io.api.tes.ser.api.KafkaSerdesTester] (Thread-600) Sending message {"key11753994521724": "value-0"} to topic topic-8043808e_bf7c_49b6_a233_0cfa77239cfd
2025-07-31 20:42:02,967 INFO  [org.apa.kaf.cli.Metadata] (kafka-producer-network-thread | Producer-topic-8043808e_bf7c_49b6_a233_0cfa77239cfd) [Producer clientId=Producer-topic-8043808e_bf7c_49b6_a233_0cfa77239cfd] Cluster ID: 1k_IxQydR42FDqpO2KqWFA
2025-07-31 20:42:02,969 INFO  [org.apa.kaf.cli.pro.int.TransactionManager] (kafka-producer-network-thread | Producer-topic-8043808e_bf7c_49b6_a233_0cfa77239cfd) [Producer clientId=Producer-topic-8043808e_bf7c_49b6_a233_0cfa77239cfd] ProducerId set to 1 with epoch 0
2025-07-31 20:42:03,312 INFO  [io.api.tes.ser.api.KafkaSerdesTester] (Thread-600) Sending message {"key11753994521724": "value-1"} to topic topic-8043808e_bf7c_49b6_a233_0cfa77239cfd
2025-07-31 20:42:03,315 INFO  [io.api.tes.ser.api.KafkaSerdesTester] (Thread-600) Sending message {"key11753994521724": "value-2"} to topic topic-8043808e_bf7c_49b6_a233_0cfa77239cfd
2025-07-31 20:42:03,320 INFO  [io.api.tes.ser.api.KafkaSerdesTester] (Thread-600) Sending message {"key11753994521724": "value-3"} to topic topic-8043808e_bf7c_49b6_a233_0cfa77239cfd
2025-07-31 20:42:03,324 INFO  [io.api.tes.ser.api.KafkaSerdesTester] (Thread-600) Sending message {"key11753994521724": "value-4"} to topic topic-8043808e_bf7c_49b6_a233_0cfa77239cfd
2025-07-31 20:42:03,327 INFO  [io.api.tes.ser.api.KafkaSerdesTester] (Thread-600) Sending message {"key11753994521724": "value-5"} to topic topic-8043808e_bf7c_49b6_a233_0cfa77239cfd
2025-07-31 20:42:03,330 INFO  [io.api.tes.ser.api.KafkaSerdesTester] (Thread-600) Sending message {"key11753994521724": "value-6"} to topic topic-8043808e_bf7c_49b6_a233_0cfa77239cfd
2025-07-31 20:42:03,334 INFO  [io.api.tes.ser.api.KafkaSerdesTester] (Thread-600) Sending message {"key11753994521724": "value-7"} to topic topic-8043808e_bf7c_49b6_a233_0cfa77239cfd
2025-07-31 20:42:03,337 INFO  [io.api.tes.ser.api.KafkaSerdesTester] (Thread-600) Sending message {"key11753994521724": "value-8"} to topic topic-8043808e_bf7c_49b6_a233_0cfa77239cfd
2025-07-31 20:42:03,339 INFO  [io.api.tes.ser.api.KafkaSerdesTester] (Thread-600) Sending message {"key11753994521724": "value-9"} to topic topic-8043808e_bf7c_49b6_a233_0cfa77239cfd
2025-07-31 20:42:03,343 INFO  [io.api.tes.ser.api.KafkaSerdesTester] (Thread-600) Produced 10 messages
2025-07-31 20:42:03,343 INFO  [org.apa.kaf.cli.pro.KafkaProducer] (Thread-600) [Producer clientId=Producer-topic-8043808e_bf7c_49b6_a233_0cfa77239cfd] Closing the Kafka producer with timeoutMillis = 9223372036854775807 ms.
2025-07-31 20:42:03,350 INFO  [org.apa.kaf.com.met.Metrics] (Thread-600) Metrics scheduler closed
2025-07-31 20:42:03,350 INFO  [org.apa.kaf.com.met.Metrics] (Thread-600) Closing reporter org.apache.kafka.common.metrics.JmxReporter
2025-07-31 20:42:03,350 INFO  [org.apa.kaf.com.met.Metrics] (Thread-600) Closing reporter org.apache.kafka.common.telemetry.internals.ClientTelemetryReporter
2025-07-31 20:42:03,350 INFO  [org.apa.kaf.com.met.Metrics] (Thread-600) Metrics reporters closed
2025-07-31 20:42:03,350 INFO  [org.apa.kaf.com.uti.AppInfoParser] (Thread-600) App info kafka.producer for Producer-topic-8043808e_bf7c_49b6_a233_0cfa77239cfd unregistered
**** Registry Base URL: http://registry-app-postgresql.apps.ci419.apicurio-testing.org:80
2025-07-31 20:42:03,351 INFO  [org.apa.kaf.cli.con.ConsumerConfig] (main) ConsumerConfig values: 
	allow.auto.create.topics = true
	auto.commit.interval.ms = 500
	auto.include.jmx.reporter = true
	auto.offset.reset = earliest
	bootstrap.servers = [PLAINTEXT://localhost:32770]
	check.crcs = true
	client.dns.lookup = use_all_dns_ips
	client.id = consumer-Consumer-topic-8043808e_bf7c_49b6_a233_0cfa77239cfd-2
	client.rack = 
	connections.max.idle.ms = 10000
	default.api.timeout.ms = 60000
	enable.auto.commit = true
	enable.metrics.push = true
	exclude.internal.topics = true
	fetch.max.bytes = 52428800
	fetch.max.wait.ms = 500
	fetch.min.bytes = 1
	group.id = Consumer-topic-8043808e_bf7c_49b6_a233_0cfa77239cfd
	group.instance.id = null
	group.protocol = classic
	group.remote.assignor = null
	heartbeat.interval.ms = 3000
	interceptor.classes = []
	internal.leave.group.on.close = true
	internal.throw.on.fetch.stable.offset.unsupported = false
	isolation.level = read_uncommitted
	key.deserializer = class org.apache.kafka.common.serialization.StringDeserializer
	max.partition.fetch.bytes = 1048576
	max.poll.interval.ms = 300000
	max.poll.records = 500
	metadata.max.age.ms = 300000
	metadata.recovery.strategy = none
	metric.reporters = []
	metrics.num.samples = 2
	metrics.recording.level = INFO
	metrics.sample.window.ms = 30000
	partition.assignment.strategy = [class org.apache.kafka.clients.consumer.RangeAssignor, class org.apache.kafka.clients.consumer.CooperativeStickyAssignor]
	receive.buffer.bytes = 65536
	reconnect.backoff.max.ms = 1000
	reconnect.backoff.ms = 50
	request.timeout.ms = 5000
	retry.backoff.max.ms = 1000
	retry.backoff.ms = 100
	sasl.client.callback.handler.class = null
	sasl.jaas.config = null
	sasl.kerberos.kinit.cmd = /usr/bin/kinit
	sasl.kerberos.min.time.before.relogin = 60000
	sasl.kerberos.service.name = null
	sasl.kerberos.ticket.renew.jitter = 0.05
	sasl.kerberos.ticket.renew.window.factor = 0.8
	sasl.login.callback.handler.class = null
	sasl.login.class = null
	sasl.login.connect.timeout.ms = null
	sasl.login.read.timeout.ms = null
	sasl.login.refresh.buffer.seconds = 300
	sasl.login.refresh.min.period.seconds = 60
	sasl.login.refresh.window.factor = 0.8
	sasl.login.refresh.window.jitter = 0.05
	sasl.login.retry.backoff.max.ms = 10000
	sasl.login.retry.backoff.ms = 100
	sasl.mechanism = GSSAPI
	sasl.oauthbearer.clock.skew.seconds = 30
	sasl.oauthbearer.expected.audience = null
	sasl.oauthbearer.expected.issuer = null
	sasl.oauthbearer.header.urlencode = false
	sasl.oauthbearer.jwks.endpoint.refresh.ms = 3600000
	sasl.oauthbearer.jwks.endpoint.retry.backoff.max.ms = 10000
	sasl.oauthbearer.jwks.endpoint.retry.backoff.ms = 100
	sasl.oauthbearer.jwks.endpoint.url = null
	sasl.oauthbearer.scope.claim.name = scope
	sasl.oauthbearer.sub.claim.name = sub
	sasl.oauthbearer.token.endpoint.url = null
	security.protocol = PLAINTEXT
	security.providers = null
	send.buffer.bytes = 131072
	session.timeout.ms = 45000
	socket.connection.setup.timeout.max.ms = 30000
	socket.connection.setup.timeout.ms = 10000
	ssl.cipher.suites = null
	ssl.enabled.protocols = [TLSv1.2, TLSv1.3]
	ssl.endpoint.identification.algorithm = https
	ssl.engine.factory.class = null
	ssl.key.password = null
	ssl.keymanager.algorithm = SunX509
	ssl.keystore.certificate.chain = null
	ssl.keystore.key = null
	ssl.keystore.location = null
	ssl.keystore.password = null
	ssl.keystore.type = JKS
	ssl.protocol = TLSv1.3
	ssl.provider = null
	ssl.secure.random.implementation = null
	ssl.trustmanager.algorithm = PKIX
	ssl.truststore.certificates = null
	ssl.truststore.location = null
	ssl.truststore.password = null
	ssl.truststore.type = JKS
	value.deserializer = class io.apicurio.registry.serde.avro.AvroKafkaDeserializer

2025-07-31 20:42:03,352 INFO  [org.apa.kaf.com.tel.int.KafkaMetricsCollector] (main) initializing Kafka metrics collector
2025-07-31 20:42:03,366 INFO  [org.apa.kaf.cli.con.ConsumerConfig] (main) These configurations '[apicurio.registry.url]' were supplied but are not used yet.
2025-07-31 20:42:03,366 INFO  [org.apa.kaf.com.uti.AppInfoParser] (main) Kafka version: 3.9.1
2025-07-31 20:42:03,366 INFO  [org.apa.kaf.com.uti.AppInfoParser] (main) Kafka commitId: f745dfdcee2b9851
2025-07-31 20:42:03,366 INFO  [org.apa.kaf.com.uti.AppInfoParser] (main) Kafka startTimeMs: 1753994523366
2025-07-31 20:42:03,366 INFO  [org.apa.kaf.cli.con.int.ClassicKafkaConsumer] (Thread-603) [Consumer clientId=consumer-Consumer-topic-8043808e_bf7c_49b6_a233_0cfa77239cfd-2, groupId=Consumer-topic-8043808e_bf7c_49b6_a233_0cfa77239cfd] Subscribed to topic(s): topic-8043808e_bf7c_49b6_a233_0cfa77239cfd
2025-07-31 20:42:03,381 INFO  [org.apa.kaf.cli.Metadata] (Thread-603) [Consumer clientId=consumer-Consumer-topic-8043808e_bf7c_49b6_a233_0cfa77239cfd-2, groupId=Consumer-topic-8043808e_bf7c_49b6_a233_0cfa77239cfd] Cluster ID: 1k_IxQydR42FDqpO2KqWFA
2025-07-31 20:42:03,387 INFO  [org.apa.kaf.cli.con.int.ConsumerCoordinator] (Thread-603) [Consumer clientId=consumer-Consumer-topic-8043808e_bf7c_49b6_a233_0cfa77239cfd-2, groupId=Consumer-topic-8043808e_bf7c_49b6_a233_0cfa77239cfd] Discovered group coordinator localhost:32770 (id: 2147483647 rack: null)
2025-07-31 20:42:03,394 INFO  [org.apa.kaf.cli.con.int.ConsumerCoordinator] (Thread-603) [Consumer clientId=consumer-Consumer-topic-8043808e_bf7c_49b6_a233_0cfa77239cfd-2, groupId=Consumer-topic-8043808e_bf7c_49b6_a233_0cfa77239cfd] (Re-)joining group
2025-07-31 20:42:03,401 INFO  [org.apa.kaf.cli.con.int.ConsumerCoordinator] (Thread-603) [Consumer clientId=consumer-Consumer-topic-8043808e_bf7c_49b6_a233_0cfa77239cfd-2, groupId=Consumer-topic-8043808e_bf7c_49b6_a233_0cfa77239cfd] Request joining group due to: need to re-join with the given member-id: consumer-Consumer-topic-8043808e_bf7c_49b6_a233_0cfa77239cfd-2-e1e4bc2c-eaef-489c-921c-98310783df1b
2025-07-31 20:42:03,401 INFO  [org.apa.kaf.cli.con.int.ConsumerCoordinator] (Thread-603) [Consumer clientId=consumer-Consumer-topic-8043808e_bf7c_49b6_a233_0cfa77239cfd-2, groupId=Consumer-topic-8043808e_bf7c_49b6_a233_0cfa77239cfd] (Re-)joining group
2025-07-31 20:42:03,407 INFO  [org.apa.kaf.cli.con.int.ConsumerCoordinator] (Thread-603) [Consumer clientId=consumer-Consumer-topic-8043808e_bf7c_49b6_a233_0cfa77239cfd-2, groupId=Consumer-topic-8043808e_bf7c_49b6_a233_0cfa77239cfd] Successfully joined group with generation Generation{generationId=1, memberId='consumer-Consumer-topic-8043808e_bf7c_49b6_a233_0cfa77239cfd-2-e1e4bc2c-eaef-489c-921c-98310783df1b', protocol='range'}
2025-07-31 20:42:03,407 INFO  [org.apa.kaf.cli.con.int.ConsumerCoordinator] (Thread-603) [Consumer clientId=consumer-Consumer-topic-8043808e_bf7c_49b6_a233_0cfa77239cfd-2, groupId=Consumer-topic-8043808e_bf7c_49b6_a233_0cfa77239cfd] Finished assignment for group at generation 1: {consumer-Consumer-topic-8043808e_bf7c_49b6_a233_0cfa77239cfd-2-e1e4bc2c-eaef-489c-921c-98310783df1b=Assignment(partitions=[topic-8043808e_bf7c_49b6_a233_0cfa77239cfd-0])}
2025-07-31 20:42:03,412 INFO  [org.apa.kaf.cli.con.int.ConsumerCoordinator] (Thread-603) [Consumer clientId=consumer-Consumer-topic-8043808e_bf7c_49b6_a233_0cfa77239cfd-2, groupId=Consumer-topic-8043808e_bf7c_49b6_a233_0cfa77239cfd] Successfully synced group in generation Generation{generationId=1, memberId='consumer-Consumer-topic-8043808e_bf7c_49b6_a233_0cfa77239cfd-2-e1e4bc2c-eaef-489c-921c-98310783df1b', protocol='range'}
2025-07-31 20:42:03,412 INFO  [org.apa.kaf.cli.con.int.ConsumerCoordinator] (Thread-603) [Consumer clientId=consumer-Consumer-topic-8043808e_bf7c_49b6_a233_0cfa77239cfd-2, groupId=Consumer-topic-8043808e_bf7c_49b6_a233_0cfa77239cfd] Notifying assignor about the new Assignment(partitions=[topic-8043808e_bf7c_49b6_a233_0cfa77239cfd-0])
2025-07-31 20:42:03,412 INFO  [org.apa.kaf.cli.con.int.ConsumerRebalanceListenerInvoker] (Thread-603) [Consumer clientId=consumer-Consumer-topic-8043808e_bf7c_49b6_a233_0cfa77239cfd-2, groupId=Consumer-topic-8043808e_bf7c_49b6_a233_0cfa77239cfd] Adding newly assigned partitions: topic-8043808e_bf7c_49b6_a233_0cfa77239cfd-0
2025-07-31 20:42:03,414 INFO  [org.apa.kaf.cli.con.int.ConsumerCoordinator] (Thread-603) [Consumer clientId=consumer-Consumer-topic-8043808e_bf7c_49b6_a233_0cfa77239cfd-2, groupId=Consumer-topic-8043808e_bf7c_49b6_a233_0cfa77239cfd] Found no committed offset for partition topic-8043808e_bf7c_49b6_a233_0cfa77239cfd-0
2025-07-31 20:42:03,421 INFO  [org.apa.kaf.cli.con.int.SubscriptionState] (Thread-603) [Consumer clientId=consumer-Consumer-topic-8043808e_bf7c_49b6_a233_0cfa77239cfd-2, groupId=Consumer-topic-8043808e_bf7c_49b6_a233_0cfa77239cfd] Resetting offset for partition topic-8043808e_bf7c_49b6_a233_0cfa77239cfd-0 to position FetchPosition{offset=0, offsetEpoch=Optional.empty, currentLeader=LeaderAndEpoch{leader=Optional[localhost:32770 (id: 0 rack: null)], epoch=0}}.
2025-07-31 20:42:03,652 INFO  [io.api.tes.ser.api.KafkaSerdesTester] (Thread-603) topic-8043808e_bf7c_49b6_a233_0cfa77239cfd 0 0 {"key11753994521724": "value-0"}
2025-07-31 20:42:03,652 INFO  [io.api.tes.ser.api.KafkaSerdesTester] (Thread-603) topic-8043808e_bf7c_49b6_a233_0cfa77239cfd 0 1 {"key11753994521724": "value-1"}
2025-07-31 20:42:03,652 INFO  [io.api.tes.ser.api.KafkaSerdesTester] (Thread-603) topic-8043808e_bf7c_49b6_a233_0cfa77239cfd 0 2 {"key11753994521724": "value-2"}
2025-07-31 20:42:03,652 INFO  [io.api.tes.ser.api.KafkaSerdesTester] (Thread-603) topic-8043808e_bf7c_49b6_a233_0cfa77239cfd 0 3 {"key11753994521724": "value-3"}
2025-07-31 20:42:03,652 INFO  [io.api.tes.ser.api.KafkaSerdesTester] (Thread-603) topic-8043808e_bf7c_49b6_a233_0cfa77239cfd 0 4 {"key11753994521724": "value-4"}
2025-07-31 20:42:03,652 INFO  [io.api.tes.ser.api.KafkaSerdesTester] (Thread-603) topic-8043808e_bf7c_49b6_a233_0cfa77239cfd 0 5 {"key11753994521724": "value-5"}
2025-07-31 20:42:03,653 INFO  [io.api.tes.ser.api.KafkaSerdesTester] (Thread-603) topic-8043808e_bf7c_49b6_a233_0cfa77239cfd 0 6 {"key11753994521724": "value-6"}
2025-07-31 20:42:03,653 INFO  [io.api.tes.ser.api.KafkaSerdesTester] (Thread-603) topic-8043808e_bf7c_49b6_a233_0cfa77239cfd 0 7 {"key11753994521724": "value-7"}
2025-07-31 20:42:03,653 INFO  [io.api.tes.ser.api.KafkaSerdesTester] (Thread-603) topic-8043808e_bf7c_49b6_a233_0cfa77239cfd 0 8 {"key11753994521724": "value-8"}
2025-07-31 20:42:03,653 INFO  [io.api.tes.ser.api.KafkaSerdesTester] (Thread-603) topic-8043808e_bf7c_49b6_a233_0cfa77239cfd 0 9 {"key11753994521724": "value-9"}
2025-07-31 20:42:03,653 INFO  [io.api.tes.ser.api.KafkaSerdesTester] (Thread-603) Consumed 10 messages
2025-07-31 20:42:03,658 INFO  [org.apa.kaf.cli.con.int.ConsumerRebalanceListenerInvoker] (Thread-603) [Consumer clientId=consumer-Consumer-topic-8043808e_bf7c_49b6_a233_0cfa77239cfd-2, groupId=Consumer-topic-8043808e_bf7c_49b6_a233_0cfa77239cfd] Revoke previously assigned partitions topic-8043808e_bf7c_49b6_a233_0cfa77239cfd-0
2025-07-31 20:42:03,658 INFO  [org.apa.kaf.cli.con.int.ConsumerCoordinator] (Thread-603) [Consumer clientId=consumer-Consumer-topic-8043808e_bf7c_49b6_a233_0cfa77239cfd-2, groupId=Consumer-topic-8043808e_bf7c_49b6_a233_0cfa77239cfd] Member consumer-Consumer-topic-8043808e_bf7c_49b6_a233_0cfa77239cfd-2-e1e4bc2c-eaef-489c-921c-98310783df1b sending LeaveGroup request to coordinator localhost:32770 (id: 2147483647 rack: null) due to the consumer is being closed
2025-07-31 20:42:03,659 INFO  [org.apa.kaf.cli.con.int.ConsumerCoordinator] (Thread-603) [Consumer clientId=consumer-Consumer-topic-8043808e_bf7c_49b6_a233_0cfa77239cfd-2, groupId=Consumer-topic-8043808e_bf7c_49b6_a233_0cfa77239cfd] Resetting generation and member id due to: consumer pro-actively leaving the group
2025-07-31 20:42:03,659 INFO  [org.apa.kaf.cli.con.int.ConsumerCoordinator] (Thread-603) [Consumer clientId=consumer-Consumer-topic-8043808e_bf7c_49b6_a233_0cfa77239cfd-2, groupId=Consumer-topic-8043808e_bf7c_49b6_a233_0cfa77239cfd] Request joining group due to: consumer pro-actively leaving the group
2025-07-31 20:42:04,157 INFO  [org.apa.kaf.com.met.Metrics] (Thread-603) Metrics scheduler closed
2025-07-31 20:42:04,158 INFO  [org.apa.kaf.com.met.Metrics] (Thread-603) Closing reporter org.apache.kafka.common.metrics.JmxReporter
2025-07-31 20:42:04,158 INFO  [org.apa.kaf.com.met.Metrics] (Thread-603) Closing reporter org.apache.kafka.common.telemetry.internals.ClientTelemetryReporter
2025-07-31 20:42:04,158 INFO  [org.apa.kaf.com.met.Metrics] (Thread-603) Metrics reporters closed
2025-07-31 20:42:04,166 INFO  [org.apa.kaf.com.uti.AppInfoParser] (Thread-603) App info kafka.consumer for consumer-Consumer-topic-8043808e_bf7c_49b6_a233_0cfa77239cfd-2 unregistered
2025-07-31 20:42:04,168 INFO  [io.api.tes.uti.TestSeparator] (main) io.apicurio.tests.serdes.apicurio.AvroSerdeIT.testSimpleTopicIdStrategyFindLatest-FINISHED
2025-07-31 20:42:04,168 INFO  [io.api.tes.uti.TestSeparator] (main) ############################################################################
Test passed: testSimpleTopicIdStrategyFindLatest
]]></system-out>
  </testcase>
  <testcase name="testWrongSchema" classname="io.apicurio.tests.serdes.apicurio.AvroSerdeIT" time="1.39">
    <system-out><![CDATA[2025-07-31 20:42:04,172 INFO  [io.api.tes.uti.TestSeparator] (main) ############################################################################
2025-07-31 20:42:04,172 INFO  [io.api.tes.uti.TestSeparator] (main) io.apicurio.tests.serdes.apicurio.AvroSerdeIT.testWrongSchema-STARTED
**** Registry Base URL: http://registry-app-postgresql.apps.ci419.apicurio-testing.org:80
2025-07-31 20:42:05,361 INFO  [org.apa.kaf.cli.pro.ProducerConfig] (main) ProducerConfig values: 
	acks = -1
	auto.include.jmx.reporter = true
	batch.size = 16384
	bootstrap.servers = [PLAINTEXT://localhost:32770]
	buffer.memory = 33554432
	client.dns.lookup = use_all_dns_ips
	client.id = Producer-s322f302dx1b2cx42d2x8741x20afd6b400f7
	compression.gzip.level = -1
	compression.lz4.level = 9
	compression.type = none
	compression.zstd.level = 3
	connections.max.idle.ms = 10000
	delivery.timeout.ms = 120000
	enable.idempotence = true
	enable.metrics.push = true
	interceptor.classes = []
	key.serializer = class org.apache.kafka.common.serialization.StringSerializer
	linger.ms = 0
	max.block.ms = 60000
	max.in.flight.requests.per.connection = 5
	max.request.size = 1048576
	metadata.max.age.ms = 300000
	metadata.max.idle.ms = 300000
	metadata.recovery.strategy = none
	metric.reporters = []
	metrics.num.samples = 2
	metrics.recording.level = INFO
	metrics.sample.window.ms = 30000
	partitioner.adaptive.partitioning.enable = true
	partitioner.availability.timeout.ms = 0
	partitioner.class = null
	partitioner.ignore.keys = false
	receive.buffer.bytes = 32768
	reconnect.backoff.max.ms = 1000
	reconnect.backoff.ms = 50
	request.timeout.ms = 5000
	retries = 2147483647
	retry.backoff.max.ms = 1000
	retry.backoff.ms = 100
	sasl.client.callback.handler.class = null
	sasl.jaas.config = null
	sasl.kerberos.kinit.cmd = /usr/bin/kinit
	sasl.kerberos.min.time.before.relogin = 60000
	sasl.kerberos.service.name = null
	sasl.kerberos.ticket.renew.jitter = 0.05
	sasl.kerberos.ticket.renew.window.factor = 0.8
	sasl.login.callback.handler.class = null
	sasl.login.class = null
	sasl.login.connect.timeout.ms = null
	sasl.login.read.timeout.ms = null
	sasl.login.refresh.buffer.seconds = 300
	sasl.login.refresh.min.period.seconds = 60
	sasl.login.refresh.window.factor = 0.8
	sasl.login.refresh.window.jitter = 0.05
	sasl.login.retry.backoff.max.ms = 10000
	sasl.login.retry.backoff.ms = 100
	sasl.mechanism = GSSAPI
	sasl.oauthbearer.clock.skew.seconds = 30
	sasl.oauthbearer.expected.audience = null
	sasl.oauthbearer.expected.issuer = null
	sasl.oauthbearer.header.urlencode = false
	sasl.oauthbearer.jwks.endpoint.refresh.ms = 3600000
	sasl.oauthbearer.jwks.endpoint.retry.backoff.max.ms = 10000
	sasl.oauthbearer.jwks.endpoint.retry.backoff.ms = 100
	sasl.oauthbearer.jwks.endpoint.url = null
	sasl.oauthbearer.scope.claim.name = scope
	sasl.oauthbearer.sub.claim.name = sub
	sasl.oauthbearer.token.endpoint.url = null
	security.protocol = PLAINTEXT
	security.providers = null
	send.buffer.bytes = 131072
	socket.connection.setup.timeout.max.ms = 30000
	socket.connection.setup.timeout.ms = 10000
	ssl.cipher.suites = null
	ssl.enabled.protocols = [TLSv1.2, TLSv1.3]
	ssl.endpoint.identification.algorithm = https
	ssl.engine.factory.class = null
	ssl.key.password = null
	ssl.keymanager.algorithm = SunX509
	ssl.keystore.certificate.chain = null
	ssl.keystore.key = null
	ssl.keystore.location = null
	ssl.keystore.password = null
	ssl.keystore.type = JKS
	ssl.protocol = TLSv1.3
	ssl.provider = null
	ssl.secure.random.implementation = null
	ssl.trustmanager.algorithm = PKIX
	ssl.truststore.certificates = null
	ssl.truststore.location = null
	ssl.truststore.password = null
	ssl.truststore.type = JKS
	transaction.timeout.ms = 60000
	transactional.id = null
	value.serializer = class io.apicurio.registry.serde.avro.AvroKafkaSerializer

2025-07-31 20:42:05,362 INFO  [org.apa.kaf.com.tel.int.KafkaMetricsCollector] (main) initializing Kafka metrics collector
2025-07-31 20:42:05,366 INFO  [org.apa.kaf.cli.pro.KafkaProducer] (main) [Producer clientId=Producer-s322f302dx1b2cx42d2x8741x20afd6b400f7] Instantiated an idempotent producer.
2025-07-31 20:42:05,369 INFO  [org.apa.kaf.cli.pro.ProducerConfig] (main) These configurations '[apicurio.registry.find-latest, apicurio.registry.url, apicurio.registry.artifact-resolver-strategy]' were supplied but are not used yet.
2025-07-31 20:42:05,369 INFO  [org.apa.kaf.com.uti.AppInfoParser] (main) Kafka version: 3.9.1
2025-07-31 20:42:05,369 INFO  [org.apa.kaf.com.uti.AppInfoParser] (main) Kafka commitId: f745dfdcee2b9851
2025-07-31 20:42:05,369 INFO  [org.apa.kaf.com.uti.AppInfoParser] (main) Kafka startTimeMs: 1753994525369
2025-07-31 20:42:05,372 INFO  [io.api.tes.ser.api.KafkaSerdesTester] (Thread-606) Sending message {"keyB": "value-0"} to topic s322f302dx1b2cx42d2x8741x20afd6b400f7
2025-07-31 20:42:05,377 INFO  [org.apa.kaf.cli.Metadata] (kafka-producer-network-thread | Producer-s322f302dx1b2cx42d2x8741x20afd6b400f7) [Producer clientId=Producer-s322f302dx1b2cx42d2x8741x20afd6b400f7] Cluster ID: 1k_IxQydR42FDqpO2KqWFA
2025-07-31 20:42:05,378 INFO  [org.apa.kaf.cli.pro.int.TransactionManager] (kafka-producer-network-thread | Producer-s322f302dx1b2cx42d2x8741x20afd6b400f7) [Producer clientId=Producer-s322f302dx1b2cx42d2x8741x20afd6b400f7] ProducerId set to 2 with epoch 0
2025-07-31 20:42:05,553 INFO  [org.apa.kaf.cli.pro.KafkaProducer] (Thread-606) [Producer clientId=Producer-s322f302dx1b2cx42d2x8741x20afd6b400f7] Closing the Kafka producer with timeoutMillis = 9223372036854775807 ms.
2025-07-31 20:42:05,557 INFO  [org.apa.kaf.com.met.Metrics] (Thread-606) Metrics scheduler closed
2025-07-31 20:42:05,557 INFO  [org.apa.kaf.com.met.Metrics] (Thread-606) Closing reporter org.apache.kafka.common.metrics.JmxReporter
2025-07-31 20:42:05,557 INFO  [org.apa.kaf.com.met.Metrics] (Thread-606) Closing reporter org.apache.kafka.common.telemetry.internals.ClientTelemetryReporter
2025-07-31 20:42:05,557 INFO  [org.apa.kaf.com.met.Metrics] (Thread-606) Metrics reporters closed
2025-07-31 20:42:05,558 INFO  [org.apa.kaf.com.uti.AppInfoParser] (Thread-606) App info kafka.producer for Producer-s322f302dx1b2cx42d2x8741x20afd6b400f7 unregistered
2025-07-31 20:42:05,558 INFO  [io.api.tes.uti.TestSeparator] (main) io.apicurio.tests.serdes.apicurio.AvroSerdeIT.testWrongSchema-FINISHED
2025-07-31 20:42:05,559 INFO  [io.api.tes.uti.TestSeparator] (main) ############################################################################
Test passed: testWrongSchema
]]></system-out>
    <system-err><![CDATA[io.apicurio.registry.rest.client.models.ProblemDetails
	at io.apicurio.registry.rest.client.models.ProblemDetails.createFromDiscriminatorValue(ProblemDetails.java:58)
	at io.kiota.serialization.json.JsonParseNode.getObjectValue(JsonParseNode.java:247)
	at io.kiota.http.vertx.VertXRequestAdapter.lambda$throwIfFailedResponse$0(VertXRequestAdapter.java:400)
	at com.microsoft.kiota.ApiExceptionBuilder.<init>(ApiExceptionBuilder.java:26)
	at io.kiota.http.vertx.VertXRequestAdapter.throwIfFailedResponse(VertXRequestAdapter.java:399)
	at io.kiota.http.vertx.VertXRequestAdapter.send(VertXRequestAdapter.java:170)
	at io.apicurio.registry.rest.client.groups.item.artifacts.item.versions.item.WithVersionExpressionItemRequestBuilder.get(WithVersionExpressionItemRequestBuilder.java:128)
	at io.apicurio.registry.rest.client.groups.item.artifacts.item.versions.item.WithVersionExpressionItemRequestBuilder.get(WithVersionExpressionItemRequestBuilder.java:111)
	at io.apicurio.registry.resolver.client.RegistryClientFacadeImpl.getVersionCoordinatesByGAV(RegistryClientFacadeImpl.java:153)
	at io.apicurio.registry.resolver.DefaultSchemaResolver.resolveByCoordinates(DefaultSchemaResolver.java:352)
	at io.apicurio.registry.resolver.DefaultSchemaResolver.lambda$resolveSchemaByArtifactReferenceCached$6(DefaultSchemaResolver.java:340)
	at io.apicurio.registry.resolver.cache.ERCache.lambda$getValue$0(ERCache.java:174)
	at io.apicurio.registry.resolver.cache.ERCache.retry(ERCache.java:227)
	at io.apicurio.registry.resolver.cache.ERCache.getValue(ERCache.java:173)
	at io.apicurio.registry.resolver.cache.ERCache.getByArtifactCoordinates(ERCache.java:158)
	at io.apicurio.registry.resolver.DefaultSchemaResolver.resolveSchemaByArtifactReferenceCached(DefaultSchemaResolver.java:338)
	at io.apicurio.registry.resolver.DefaultSchemaResolver.resolveSchemaByCoordinates(DefaultSchemaResolver.java:193)
	at io.apicurio.registry.resolver.DefaultSchemaResolver.getSchemaFromRegistry(DefaultSchemaResolver.java:130)
	at io.apicurio.registry.resolver.DefaultSchemaResolver.lambda$resolveSchema$0(DefaultSchemaResolver.java:84)
	at java.base/java.util.Optional.orElseGet(Optional.java:364)
	at io.apicurio.registry.resolver.DefaultSchemaResolver.resolveSchema(DefaultSchemaResolver.java:84)
	at io.apicurio.registry.serde.AbstractSerializer.serializeData(AbstractSerializer.java:62)
	at io.apicurio.registry.serde.KafkaSerializer.serialize(KafkaSerializer.java:77)
	at org.apache.kafka.clients.producer.KafkaProducer.doSend(KafkaProducer.java:1046)
	at org.apache.kafka.clients.producer.KafkaProducer.send(KafkaProducer.java:993)
	at org.apache.kafka.clients.producer.KafkaProducer.send(KafkaProducer.java:875)
	at io.apicurio.tests.serdes.apicurio.KafkaSerdesTester.lambda$produceMessages$3(KafkaSerdesTester.java:138)
	at java.base/java.util.concurrent.CompletableFuture$AsyncSupply.run(CompletableFuture.java:1768)
	at java.base/java.lang.Thread.run(Thread.java:840)
]]></system-err>
  </testcase>
  <testcase name="testAvroJSON" classname="io.apicurio.tests.serdes.apicurio.AvroSerdeIT" time="1.356">
    <system-out><![CDATA[2025-07-31 20:42:05,563 INFO  [io.api.tes.uti.TestSeparator] (main) ############################################################################
2025-07-31 20:42:05,563 INFO  [io.api.tes.uti.TestSeparator] (main) io.apicurio.tests.serdes.apicurio.AvroSerdeIT.testAvroJSON-STARTED
**** Registry Base URL: http://registry-app-postgresql.apps.ci419.apicurio-testing.org:80
2025-07-31 20:42:05,565 INFO  [org.apa.kaf.cli.pro.ProducerConfig] (main) ProducerConfig values: 
	acks = -1
	auto.include.jmx.reporter = true
	batch.size = 16384
	bootstrap.servers = [PLAINTEXT://localhost:32770]
	buffer.memory = 33554432
	client.dns.lookup = use_all_dns_ips
	client.id = Producer-topic-32815f8f_c967_4328_aa05_6df18c6ccf00
	compression.gzip.level = -1
	compression.lz4.level = 9
	compression.type = none
	compression.zstd.level = 3
	connections.max.idle.ms = 10000
	delivery.timeout.ms = 120000
	enable.idempotence = true
	enable.metrics.push = true
	interceptor.classes = []
	key.serializer = class org.apache.kafka.common.serialization.StringSerializer
	linger.ms = 0
	max.block.ms = 60000
	max.in.flight.requests.per.connection = 5
	max.request.size = 1048576
	metadata.max.age.ms = 300000
	metadata.max.idle.ms = 300000
	metadata.recovery.strategy = none
	metric.reporters = []
	metrics.num.samples = 2
	metrics.recording.level = INFO
	metrics.sample.window.ms = 30000
	partitioner.adaptive.partitioning.enable = true
	partitioner.availability.timeout.ms = 0
	partitioner.class = null
	partitioner.ignore.keys = false
	receive.buffer.bytes = 32768
	reconnect.backoff.max.ms = 1000
	reconnect.backoff.ms = 50
	request.timeout.ms = 5000
	retries = 2147483647
	retry.backoff.max.ms = 1000
	retry.backoff.ms = 100
	sasl.client.callback.handler.class = null
	sasl.jaas.config = null
	sasl.kerberos.kinit.cmd = /usr/bin/kinit
	sasl.kerberos.min.time.before.relogin = 60000
	sasl.kerberos.service.name = null
	sasl.kerberos.ticket.renew.jitter = 0.05
	sasl.kerberos.ticket.renew.window.factor = 0.8
	sasl.login.callback.handler.class = null
	sasl.login.class = null
	sasl.login.connect.timeout.ms = null
	sasl.login.read.timeout.ms = null
	sasl.login.refresh.buffer.seconds = 300
	sasl.login.refresh.min.period.seconds = 60
	sasl.login.refresh.window.factor = 0.8
	sasl.login.refresh.window.jitter = 0.05
	sasl.login.retry.backoff.max.ms = 10000
	sasl.login.retry.backoff.ms = 100
	sasl.mechanism = GSSAPI
	sasl.oauthbearer.clock.skew.seconds = 30
	sasl.oauthbearer.expected.audience = null
	sasl.oauthbearer.expected.issuer = null
	sasl.oauthbearer.header.urlencode = false
	sasl.oauthbearer.jwks.endpoint.refresh.ms = 3600000
	sasl.oauthbearer.jwks.endpoint.retry.backoff.max.ms = 10000
	sasl.oauthbearer.jwks.endpoint.retry.backoff.ms = 100
	sasl.oauthbearer.jwks.endpoint.url = null
	sasl.oauthbearer.scope.claim.name = scope
	sasl.oauthbearer.sub.claim.name = sub
	sasl.oauthbearer.token.endpoint.url = null
	security.protocol = PLAINTEXT
	security.providers = null
	send.buffer.bytes = 131072
	socket.connection.setup.timeout.max.ms = 30000
	socket.connection.setup.timeout.ms = 10000
	ssl.cipher.suites = null
	ssl.enabled.protocols = [TLSv1.2, TLSv1.3]
	ssl.endpoint.identification.algorithm = https
	ssl.engine.factory.class = null
	ssl.key.password = null
	ssl.keymanager.algorithm = SunX509
	ssl.keystore.certificate.chain = null
	ssl.keystore.key = null
	ssl.keystore.location = null
	ssl.keystore.password = null
	ssl.keystore.type = JKS
	ssl.protocol = TLSv1.3
	ssl.provider = null
	ssl.secure.random.implementation = null
	ssl.trustmanager.algorithm = PKIX
	ssl.truststore.certificates = null
	ssl.truststore.location = null
	ssl.truststore.password = null
	ssl.truststore.type = JKS
	transaction.timeout.ms = 60000
	transactional.id = null
	value.serializer = class io.apicurio.registry.serde.avro.AvroKafkaSerializer

2025-07-31 20:42:05,565 INFO  [org.apa.kaf.com.tel.int.KafkaMetricsCollector] (main) initializing Kafka metrics collector
2025-07-31 20:42:05,578 INFO  [org.apa.kaf.cli.pro.KafkaProducer] (main) [Producer clientId=Producer-topic-32815f8f_c967_4328_aa05_6df18c6ccf00] Instantiated an idempotent producer.
2025-07-31 20:42:05,591 INFO  [org.apa.kaf.cli.pro.ProducerConfig] (main) These configurations '[apicurio.registry.avro.encoding, apicurio.registry.url, apicurio.registry.auto-register, apicurio.registry.artifact-resolver-strategy]' were supplied but are not used yet.
2025-07-31 20:42:05,591 INFO  [org.apa.kaf.com.uti.AppInfoParser] (main) Kafka version: 3.9.1
2025-07-31 20:42:05,591 INFO  [org.apa.kaf.com.uti.AppInfoParser] (main) Kafka commitId: f745dfdcee2b9851
2025-07-31 20:42:05,591 INFO  [org.apa.kaf.com.uti.AppInfoParser] (main) Kafka startTimeMs: 1753994525591
2025-07-31 20:42:05,592 INFO  [io.api.tes.ser.api.SimpleSerdesTesterBuilder$SimpleSerdesTester] (main) Using producer configuration: {apicurio.registry.avro.encoding=JSON, apicurio.registry.url=http://registry-app-postgresql.apps.ci419.apicurio-testing.org:80/apis/registry/v3, apicurio.registry.auto-register=true, apicurio.registry.artifact-resolver-strategy=io.apicurio.registry.serde.strategy.TopicIdStrategy, value.serializer=io.apicurio.registry.serde.avro.AvroKafkaSerializer, request.timeout.ms=5000, acks=all, bootstrap.servers=PLAINTEXT://localhost:32770, connections.max.idle.ms=10000, key.serializer=org.apache.kafka.common.serialization.StringSerializer, client.id=Producer-topic-32815f8f_c967_4328_aa05_6df18c6ccf00}
2025-07-31 20:42:05,592 INFO  [io.api.tes.ser.api.SimpleSerdesTesterBuilder$SimpleSerdesTester] (main) Using consumer configuration: {apicurio.registry.avro.encoding=JSON}
2025-07-31 20:42:05,595 INFO  [io.api.tes.ser.api.KafkaSerdesTester] (Thread-609) Sending message {"bar": "value-0"} to topic topic-32815f8f_c967_4328_aa05_6df18c6ccf00
2025-07-31 20:42:05,610 WARN  [org.apa.kaf.cli.NetworkClient] (kafka-producer-network-thread | Producer-topic-32815f8f_c967_4328_aa05_6df18c6ccf00) [Producer clientId=Producer-topic-32815f8f_c967_4328_aa05_6df18c6ccf00] The metadata response from the cluster reported a recoverable issue with correlation id 2 : {topic-32815f8f_c967_4328_aa05_6df18c6ccf00=LEADER_NOT_AVAILABLE}
2025-07-31 20:42:05,610 INFO  [org.apa.kaf.cli.Metadata] (kafka-producer-network-thread | Producer-topic-32815f8f_c967_4328_aa05_6df18c6ccf00) [Producer clientId=Producer-topic-32815f8f_c967_4328_aa05_6df18c6ccf00] Cluster ID: 1k_IxQydR42FDqpO2KqWFA
2025-07-31 20:42:05,613 INFO  [org.apa.kaf.cli.pro.int.TransactionManager] (kafka-producer-network-thread | Producer-topic-32815f8f_c967_4328_aa05_6df18c6ccf00) [Producer clientId=Producer-topic-32815f8f_c967_4328_aa05_6df18c6ccf00] ProducerId set to 3 with epoch 0
2025-07-31 20:42:05,915 INFO  [io.api.tes.ser.api.KafkaSerdesTester] (Thread-609) Sending message {"bar": "value-1"} to topic topic-32815f8f_c967_4328_aa05_6df18c6ccf00
2025-07-31 20:42:05,921 INFO  [io.api.tes.ser.api.KafkaSerdesTester] (Thread-609) Sending message {"bar": "value-2"} to topic topic-32815f8f_c967_4328_aa05_6df18c6ccf00
2025-07-31 20:42:05,925 INFO  [io.api.tes.ser.api.KafkaSerdesTester] (Thread-609) Sending message {"bar": "value-3"} to topic topic-32815f8f_c967_4328_aa05_6df18c6ccf00
2025-07-31 20:42:05,928 INFO  [io.api.tes.ser.api.KafkaSerdesTester] (Thread-609) Sending message {"bar": "value-4"} to topic topic-32815f8f_c967_4328_aa05_6df18c6ccf00
2025-07-31 20:42:05,930 INFO  [io.api.tes.ser.api.KafkaSerdesTester] (Thread-609) Sending message {"bar": "value-5"} to topic topic-32815f8f_c967_4328_aa05_6df18c6ccf00
2025-07-31 20:42:05,933 INFO  [io.api.tes.ser.api.KafkaSerdesTester] (Thread-609) Sending message {"bar": "value-6"} to topic topic-32815f8f_c967_4328_aa05_6df18c6ccf00
2025-07-31 20:42:05,935 INFO  [io.api.tes.ser.api.KafkaSerdesTester] (Thread-609) Sending message {"bar": "value-7"} to topic topic-32815f8f_c967_4328_aa05_6df18c6ccf00
2025-07-31 20:42:05,938 INFO  [io.api.tes.ser.api.KafkaSerdesTester] (Thread-609) Sending message {"bar": "value-8"} to topic topic-32815f8f_c967_4328_aa05_6df18c6ccf00
2025-07-31 20:42:05,941 INFO  [io.api.tes.ser.api.KafkaSerdesTester] (Thread-609) Sending message {"bar": "value-9"} to topic topic-32815f8f_c967_4328_aa05_6df18c6ccf00
2025-07-31 20:42:05,946 INFO  [io.api.tes.ser.api.KafkaSerdesTester] (Thread-609) Produced 10 messages
2025-07-31 20:42:05,947 INFO  [org.apa.kaf.cli.pro.KafkaProducer] (Thread-609) [Producer clientId=Producer-topic-32815f8f_c967_4328_aa05_6df18c6ccf00] Closing the Kafka producer with timeoutMillis = 9223372036854775807 ms.
2025-07-31 20:42:05,953 INFO  [org.apa.kaf.com.met.Metrics] (Thread-609) Metrics scheduler closed
2025-07-31 20:42:05,953 INFO  [org.apa.kaf.com.met.Metrics] (Thread-609) Closing reporter org.apache.kafka.common.metrics.JmxReporter
2025-07-31 20:42:05,953 INFO  [org.apa.kaf.com.met.Metrics] (Thread-609) Closing reporter org.apache.kafka.common.telemetry.internals.ClientTelemetryReporter
2025-07-31 20:42:05,953 INFO  [org.apa.kaf.com.met.Metrics] (Thread-609) Metrics reporters closed
2025-07-31 20:42:05,954 INFO  [org.apa.kaf.com.uti.AppInfoParser] (Thread-609) App info kafka.producer for Producer-topic-32815f8f_c967_4328_aa05_6df18c6ccf00 unregistered
**** Registry Base URL: http://registry-app-postgresql.apps.ci419.apicurio-testing.org:80
2025-07-31 20:42:06,120 INFO  [org.apa.kaf.cli.con.ConsumerConfig] (main) ConsumerConfig values: 
	allow.auto.create.topics = true
	auto.commit.interval.ms = 500
	auto.include.jmx.reporter = true
	auto.offset.reset = earliest
	bootstrap.servers = [PLAINTEXT://localhost:32770]
	check.crcs = true
	client.dns.lookup = use_all_dns_ips
	client.id = consumer-Consumer-topic-32815f8f_c967_4328_aa05_6df18c6ccf00-3
	client.rack = 
	connections.max.idle.ms = 10000
	default.api.timeout.ms = 60000
	enable.auto.commit = true
	enable.metrics.push = true
	exclude.internal.topics = true
	fetch.max.bytes = 52428800
	fetch.max.wait.ms = 500
	fetch.min.bytes = 1
	group.id = Consumer-topic-32815f8f_c967_4328_aa05_6df18c6ccf00
	group.instance.id = null
	group.protocol = classic
	group.remote.assignor = null
	heartbeat.interval.ms = 3000
	interceptor.classes = []
	internal.leave.group.on.close = true
	internal.throw.on.fetch.stable.offset.unsupported = false
	isolation.level = read_uncommitted
	key.deserializer = class org.apache.kafka.common.serialization.StringDeserializer
	max.partition.fetch.bytes = 1048576
	max.poll.interval.ms = 300000
	max.poll.records = 500
	metadata.max.age.ms = 300000
	metadata.recovery.strategy = none
	metric.reporters = []
	metrics.num.samples = 2
	metrics.recording.level = INFO
	metrics.sample.window.ms = 30000
	partition.assignment.strategy = [class org.apache.kafka.clients.consumer.RangeAssignor, class org.apache.kafka.clients.consumer.CooperativeStickyAssignor]
	receive.buffer.bytes = 65536
	reconnect.backoff.max.ms = 1000
	reconnect.backoff.ms = 50
	request.timeout.ms = 5000
	retry.backoff.max.ms = 1000
	retry.backoff.ms = 100
	sasl.client.callback.handler.class = null
	sasl.jaas.config = null
	sasl.kerberos.kinit.cmd = /usr/bin/kinit
	sasl.kerberos.min.time.before.relogin = 60000
	sasl.kerberos.service.name = null
	sasl.kerberos.ticket.renew.jitter = 0.05
	sasl.kerberos.ticket.renew.window.factor = 0.8
	sasl.login.callback.handler.class = null
	sasl.login.class = null
	sasl.login.connect.timeout.ms = null
	sasl.login.read.timeout.ms = null
	sasl.login.refresh.buffer.seconds = 300
	sasl.login.refresh.min.period.seconds = 60
	sasl.login.refresh.window.factor = 0.8
	sasl.login.refresh.window.jitter = 0.05
	sasl.login.retry.backoff.max.ms = 10000
	sasl.login.retry.backoff.ms = 100
	sasl.mechanism = GSSAPI
	sasl.oauthbearer.clock.skew.seconds = 30
	sasl.oauthbearer.expected.audience = null
	sasl.oauthbearer.expected.issuer = null
	sasl.oauthbearer.header.urlencode = false
	sasl.oauthbearer.jwks.endpoint.refresh.ms = 3600000
	sasl.oauthbearer.jwks.endpoint.retry.backoff.max.ms = 10000
	sasl.oauthbearer.jwks.endpoint.retry.backoff.ms = 100
	sasl.oauthbearer.jwks.endpoint.url = null
	sasl.oauthbearer.scope.claim.name = scope
	sasl.oauthbearer.sub.claim.name = sub
	sasl.oauthbearer.token.endpoint.url = null
	security.protocol = PLAINTEXT
	security.providers = null
	send.buffer.bytes = 131072
	session.timeout.ms = 45000
	socket.connection.setup.timeout.max.ms = 30000
	socket.connection.setup.timeout.ms = 10000
	ssl.cipher.suites = null
	ssl.enabled.protocols = [TLSv1.2, TLSv1.3]
	ssl.endpoint.identification.algorithm = https
	ssl.engine.factory.class = null
	ssl.key.password = null
	ssl.keymanager.algorithm = SunX509
	ssl.keystore.certificate.chain = null
	ssl.keystore.key = null
	ssl.keystore.location = null
	ssl.keystore.password = null
	ssl.keystore.type = JKS
	ssl.protocol = TLSv1.3
	ssl.provider = null
	ssl.secure.random.implementation = null
	ssl.trustmanager.algorithm = PKIX
	ssl.truststore.certificates = null
	ssl.truststore.location = null
	ssl.truststore.password = null
	ssl.truststore.type = JKS
	value.deserializer = class io.apicurio.registry.serde.avro.AvroKafkaDeserializer

2025-07-31 20:42:06,121 INFO  [org.apa.kaf.com.tel.int.KafkaMetricsCollector] (main) initializing Kafka metrics collector
2025-07-31 20:42:06,129 INFO  [org.apa.kaf.cli.con.ConsumerConfig] (main) These configurations '[apicurio.registry.avro.encoding, apicurio.registry.url]' were supplied but are not used yet.
2025-07-31 20:42:06,131 INFO  [org.apa.kaf.com.uti.AppInfoParser] (main) Kafka version: 3.9.1
2025-07-31 20:42:06,131 INFO  [org.apa.kaf.com.uti.AppInfoParser] (main) Kafka commitId: f745dfdcee2b9851
2025-07-31 20:42:06,131 INFO  [org.apa.kaf.com.uti.AppInfoParser] (main) Kafka startTimeMs: 1753994526131
2025-07-31 20:42:06,132 INFO  [org.apa.kaf.cli.con.int.ClassicKafkaConsumer] (Thread-612) [Consumer clientId=consumer-Consumer-topic-32815f8f_c967_4328_aa05_6df18c6ccf00-3, groupId=Consumer-topic-32815f8f_c967_4328_aa05_6df18c6ccf00] Subscribed to topic(s): topic-32815f8f_c967_4328_aa05_6df18c6ccf00
2025-07-31 20:42:06,140 INFO  [org.apa.kaf.cli.Metadata] (Thread-612) [Consumer clientId=consumer-Consumer-topic-32815f8f_c967_4328_aa05_6df18c6ccf00-3, groupId=Consumer-topic-32815f8f_c967_4328_aa05_6df18c6ccf00] Cluster ID: 1k_IxQydR42FDqpO2KqWFA
2025-07-31 20:42:06,141 INFO  [org.apa.kaf.cli.con.int.ConsumerCoordinator] (Thread-612) [Consumer clientId=consumer-Consumer-topic-32815f8f_c967_4328_aa05_6df18c6ccf00-3, groupId=Consumer-topic-32815f8f_c967_4328_aa05_6df18c6ccf00] Discovered group coordinator localhost:32770 (id: 2147483647 rack: null)
2025-07-31 20:42:06,143 INFO  [org.apa.kaf.cli.con.int.ConsumerCoordinator] (Thread-612) [Consumer clientId=consumer-Consumer-topic-32815f8f_c967_4328_aa05_6df18c6ccf00-3, groupId=Consumer-topic-32815f8f_c967_4328_aa05_6df18c6ccf00] (Re-)joining group
2025-07-31 20:42:06,146 INFO  [org.apa.kaf.cli.con.int.ConsumerCoordinator] (Thread-612) [Consumer clientId=consumer-Consumer-topic-32815f8f_c967_4328_aa05_6df18c6ccf00-3, groupId=Consumer-topic-32815f8f_c967_4328_aa05_6df18c6ccf00] Request joining group due to: need to re-join with the given member-id: consumer-Consumer-topic-32815f8f_c967_4328_aa05_6df18c6ccf00-3-7b88576c-2552-4668-8f90-e59bfe3d25fd
2025-07-31 20:42:06,146 INFO  [org.apa.kaf.cli.con.int.ConsumerCoordinator] (Thread-612) [Consumer clientId=consumer-Consumer-topic-32815f8f_c967_4328_aa05_6df18c6ccf00-3, groupId=Consumer-topic-32815f8f_c967_4328_aa05_6df18c6ccf00] (Re-)joining group
2025-07-31 20:42:06,152 INFO  [org.apa.kaf.cli.con.int.ConsumerCoordinator] (Thread-612) [Consumer clientId=consumer-Consumer-topic-32815f8f_c967_4328_aa05_6df18c6ccf00-3, groupId=Consumer-topic-32815f8f_c967_4328_aa05_6df18c6ccf00] Successfully joined group with generation Generation{generationId=1, memberId='consumer-Consumer-topic-32815f8f_c967_4328_aa05_6df18c6ccf00-3-7b88576c-2552-4668-8f90-e59bfe3d25fd', protocol='range'}
2025-07-31 20:42:06,152 INFO  [org.apa.kaf.cli.con.int.ConsumerCoordinator] (Thread-612) [Consumer clientId=consumer-Consumer-topic-32815f8f_c967_4328_aa05_6df18c6ccf00-3, groupId=Consumer-topic-32815f8f_c967_4328_aa05_6df18c6ccf00] Finished assignment for group at generation 1: {consumer-Consumer-topic-32815f8f_c967_4328_aa05_6df18c6ccf00-3-7b88576c-2552-4668-8f90-e59bfe3d25fd=Assignment(partitions=[topic-32815f8f_c967_4328_aa05_6df18c6ccf00-0])}
2025-07-31 20:42:06,157 INFO  [org.apa.kaf.cli.con.int.ConsumerCoordinator] (Thread-612) [Consumer clientId=consumer-Consumer-topic-32815f8f_c967_4328_aa05_6df18c6ccf00-3, groupId=Consumer-topic-32815f8f_c967_4328_aa05_6df18c6ccf00] Successfully synced group in generation Generation{generationId=1, memberId='consumer-Consumer-topic-32815f8f_c967_4328_aa05_6df18c6ccf00-3-7b88576c-2552-4668-8f90-e59bfe3d25fd', protocol='range'}
2025-07-31 20:42:06,158 INFO  [org.apa.kaf.cli.con.int.ConsumerCoordinator] (Thread-612) [Consumer clientId=consumer-Consumer-topic-32815f8f_c967_4328_aa05_6df18c6ccf00-3, groupId=Consumer-topic-32815f8f_c967_4328_aa05_6df18c6ccf00] Notifying assignor about the new Assignment(partitions=[topic-32815f8f_c967_4328_aa05_6df18c6ccf00-0])
2025-07-31 20:42:06,158 INFO  [org.apa.kaf.cli.con.int.ConsumerRebalanceListenerInvoker] (Thread-612) [Consumer clientId=consumer-Consumer-topic-32815f8f_c967_4328_aa05_6df18c6ccf00-3, groupId=Consumer-topic-32815f8f_c967_4328_aa05_6df18c6ccf00] Adding newly assigned partitions: topic-32815f8f_c967_4328_aa05_6df18c6ccf00-0
2025-07-31 20:42:06,159 INFO  [org.apa.kaf.cli.con.int.ConsumerCoordinator] (Thread-612) [Consumer clientId=consumer-Consumer-topic-32815f8f_c967_4328_aa05_6df18c6ccf00-3, groupId=Consumer-topic-32815f8f_c967_4328_aa05_6df18c6ccf00] Found no committed offset for partition topic-32815f8f_c967_4328_aa05_6df18c6ccf00-0
2025-07-31 20:42:06,164 INFO  [org.apa.kaf.cli.con.int.SubscriptionState] (Thread-612) [Consumer clientId=consumer-Consumer-topic-32815f8f_c967_4328_aa05_6df18c6ccf00-3, groupId=Consumer-topic-32815f8f_c967_4328_aa05_6df18c6ccf00] Resetting offset for partition topic-32815f8f_c967_4328_aa05_6df18c6ccf00-0 to position FetchPosition{offset=0, offsetEpoch=Optional.empty, currentLeader=LeaderAndEpoch{leader=Optional[localhost:32770 (id: 0 rack: null)], epoch=0}}.
2025-07-31 20:42:06,401 INFO  [io.api.tes.ser.api.KafkaSerdesTester] (Thread-612) topic-32815f8f_c967_4328_aa05_6df18c6ccf00 0 0 {"bar": "value-0"}
2025-07-31 20:42:06,401 INFO  [io.api.tes.ser.api.KafkaSerdesTester] (Thread-612) topic-32815f8f_c967_4328_aa05_6df18c6ccf00 0 1 {"bar": "value-1"}
2025-07-31 20:42:06,401 INFO  [io.api.tes.ser.api.KafkaSerdesTester] (Thread-612) topic-32815f8f_c967_4328_aa05_6df18c6ccf00 0 2 {"bar": "value-2"}
2025-07-31 20:42:06,401 INFO  [io.api.tes.ser.api.KafkaSerdesTester] (Thread-612) topic-32815f8f_c967_4328_aa05_6df18c6ccf00 0 3 {"bar": "value-3"}
2025-07-31 20:42:06,401 INFO  [io.api.tes.ser.api.KafkaSerdesTester] (Thread-612) topic-32815f8f_c967_4328_aa05_6df18c6ccf00 0 4 {"bar": "value-4"}
2025-07-31 20:42:06,401 INFO  [io.api.tes.ser.api.KafkaSerdesTester] (Thread-612) topic-32815f8f_c967_4328_aa05_6df18c6ccf00 0 5 {"bar": "value-5"}
2025-07-31 20:42:06,402 INFO  [io.api.tes.ser.api.KafkaSerdesTester] (Thread-612) topic-32815f8f_c967_4328_aa05_6df18c6ccf00 0 6 {"bar": "value-6"}
2025-07-31 20:42:06,402 INFO  [io.api.tes.ser.api.KafkaSerdesTester] (Thread-612) topic-32815f8f_c967_4328_aa05_6df18c6ccf00 0 7 {"bar": "value-7"}
2025-07-31 20:42:06,402 INFO  [io.api.tes.ser.api.KafkaSerdesTester] (Thread-612) topic-32815f8f_c967_4328_aa05_6df18c6ccf00 0 8 {"bar": "value-8"}
2025-07-31 20:42:06,402 INFO  [io.api.tes.ser.api.KafkaSerdesTester] (Thread-612) topic-32815f8f_c967_4328_aa05_6df18c6ccf00 0 9 {"bar": "value-9"}
2025-07-31 20:42:06,402 INFO  [io.api.tes.ser.api.KafkaSerdesTester] (Thread-612) Consumed 10 messages
2025-07-31 20:42:06,409 INFO  [org.apa.kaf.cli.con.int.ConsumerRebalanceListenerInvoker] (Thread-612) [Consumer clientId=consumer-Consumer-topic-32815f8f_c967_4328_aa05_6df18c6ccf00-3, groupId=Consumer-topic-32815f8f_c967_4328_aa05_6df18c6ccf00] Revoke previously assigned partitions topic-32815f8f_c967_4328_aa05_6df18c6ccf00-0
2025-07-31 20:42:06,409 INFO  [org.apa.kaf.cli.con.int.ConsumerCoordinator] (Thread-612) [Consumer clientId=consumer-Consumer-topic-32815f8f_c967_4328_aa05_6df18c6ccf00-3, groupId=Consumer-topic-32815f8f_c967_4328_aa05_6df18c6ccf00] Member consumer-Consumer-topic-32815f8f_c967_4328_aa05_6df18c6ccf00-3-7b88576c-2552-4668-8f90-e59bfe3d25fd sending LeaveGroup request to coordinator localhost:32770 (id: 2147483647 rack: null) due to the consumer is being closed
2025-07-31 20:42:06,411 INFO  [org.apa.kaf.cli.con.int.ConsumerCoordinator] (Thread-612) [Consumer clientId=consumer-Consumer-topic-32815f8f_c967_4328_aa05_6df18c6ccf00-3, groupId=Consumer-topic-32815f8f_c967_4328_aa05_6df18c6ccf00] Resetting generation and member id due to: consumer pro-actively leaving the group
2025-07-31 20:42:06,411 INFO  [org.apa.kaf.cli.con.int.ConsumerCoordinator] (Thread-612) [Consumer clientId=consumer-Consumer-topic-32815f8f_c967_4328_aa05_6df18c6ccf00-3, groupId=Consumer-topic-32815f8f_c967_4328_aa05_6df18c6ccf00] Request joining group due to: consumer pro-actively leaving the group
2025-07-31 20:42:06,909 INFO  [org.apa.kaf.com.met.Metrics] (Thread-612) Metrics scheduler closed
2025-07-31 20:42:06,909 INFO  [org.apa.kaf.com.met.Metrics] (Thread-612) Closing reporter org.apache.kafka.common.metrics.JmxReporter
2025-07-31 20:42:06,909 INFO  [org.apa.kaf.com.met.Metrics] (Thread-612) Closing reporter org.apache.kafka.common.telemetry.internals.ClientTelemetryReporter
2025-07-31 20:42:06,909 INFO  [org.apa.kaf.com.met.Metrics] (Thread-612) Metrics reporters closed
2025-07-31 20:42:06,913 INFO  [org.apa.kaf.com.uti.AppInfoParser] (Thread-612) App info kafka.consumer for consumer-Consumer-topic-32815f8f_c967_4328_aa05_6df18c6ccf00-3 unregistered
2025-07-31 20:42:06,914 INFO  [io.api.tes.uti.TestSeparator] (main) io.apicurio.tests.serdes.apicurio.AvroSerdeIT.testAvroJSON-FINISHED
2025-07-31 20:42:06,914 INFO  [io.api.tes.uti.TestSeparator] (main) ############################################################################
Test passed: testAvroJSON
]]></system-out>
  </testcase>
  <testcase name="testTopicIdStrategyAutoRegister" classname="io.apicurio.tests.serdes.apicurio.AvroSerdeIT" time="1.558">
    <system-out><![CDATA[2025-07-31 20:42:06,919 INFO  [io.api.tes.uti.TestSeparator] (main) ############################################################################
2025-07-31 20:42:06,919 INFO  [io.api.tes.uti.TestSeparator] (main) io.apicurio.tests.serdes.apicurio.AvroSerdeIT.testTopicIdStrategyAutoRegister-STARTED
**** Registry Base URL: http://registry-app-postgresql.apps.ci419.apicurio-testing.org:80
2025-07-31 20:42:06,925 INFO  [org.apa.kaf.cli.pro.ProducerConfig] (main) ProducerConfig values: 
	acks = -1
	auto.include.jmx.reporter = true
	batch.size = 16384
	bootstrap.servers = [PLAINTEXT://localhost:32770]
	buffer.memory = 33554432
	client.dns.lookup = use_all_dns_ips
	client.id = Producer-topic-a2b8e383_be9e_4be4_80b7_414bf849d250
	compression.gzip.level = -1
	compression.lz4.level = 9
	compression.type = none
	compression.zstd.level = 3
	connections.max.idle.ms = 10000
	delivery.timeout.ms = 120000
	enable.idempotence = true
	enable.metrics.push = true
	interceptor.classes = []
	key.serializer = class org.apache.kafka.common.serialization.StringSerializer
	linger.ms = 0
	max.block.ms = 60000
	max.in.flight.requests.per.connection = 5
	max.request.size = 1048576
	metadata.max.age.ms = 300000
	metadata.max.idle.ms = 300000
	metadata.recovery.strategy = none
	metric.reporters = []
	metrics.num.samples = 2
	metrics.recording.level = INFO
	metrics.sample.window.ms = 30000
	partitioner.adaptive.partitioning.enable = true
	partitioner.availability.timeout.ms = 0
	partitioner.class = null
	partitioner.ignore.keys = false
	receive.buffer.bytes = 32768
	reconnect.backoff.max.ms = 1000
	reconnect.backoff.ms = 50
	request.timeout.ms = 5000
	retries = 2147483647
	retry.backoff.max.ms = 1000
	retry.backoff.ms = 100
	sasl.client.callback.handler.class = null
	sasl.jaas.config = null
	sasl.kerberos.kinit.cmd = /usr/bin/kinit
	sasl.kerberos.min.time.before.relogin = 60000
	sasl.kerberos.service.name = null
	sasl.kerberos.ticket.renew.jitter = 0.05
	sasl.kerberos.ticket.renew.window.factor = 0.8
	sasl.login.callback.handler.class = null
	sasl.login.class = null
	sasl.login.connect.timeout.ms = null
	sasl.login.read.timeout.ms = null
	sasl.login.refresh.buffer.seconds = 300
	sasl.login.refresh.min.period.seconds = 60
	sasl.login.refresh.window.factor = 0.8
	sasl.login.refresh.window.jitter = 0.05
	sasl.login.retry.backoff.max.ms = 10000
	sasl.login.retry.backoff.ms = 100
	sasl.mechanism = GSSAPI
	sasl.oauthbearer.clock.skew.seconds = 30
	sasl.oauthbearer.expected.audience = null
	sasl.oauthbearer.expected.issuer = null
	sasl.oauthbearer.header.urlencode = false
	sasl.oauthbearer.jwks.endpoint.refresh.ms = 3600000
	sasl.oauthbearer.jwks.endpoint.retry.backoff.max.ms = 10000
	sasl.oauthbearer.jwks.endpoint.retry.backoff.ms = 100
	sasl.oauthbearer.jwks.endpoint.url = null
	sasl.oauthbearer.scope.claim.name = scope
	sasl.oauthbearer.sub.claim.name = sub
	sasl.oauthbearer.token.endpoint.url = null
	security.protocol = PLAINTEXT
	security.providers = null
	send.buffer.bytes = 131072
	socket.connection.setup.timeout.max.ms = 30000
	socket.connection.setup.timeout.ms = 10000
	ssl.cipher.suites = null
	ssl.enabled.protocols = [TLSv1.2, TLSv1.3]
	ssl.endpoint.identification.algorithm = https
	ssl.engine.factory.class = null
	ssl.key.password = null
	ssl.keymanager.algorithm = SunX509
	ssl.keystore.certificate.chain = null
	ssl.keystore.key = null
	ssl.keystore.location = null
	ssl.keystore.password = null
	ssl.keystore.type = JKS
	ssl.protocol = TLSv1.3
	ssl.provider = null
	ssl.secure.random.implementation = null
	ssl.trustmanager.algorithm = PKIX
	ssl.truststore.certificates = null
	ssl.truststore.location = null
	ssl.truststore.password = null
	ssl.truststore.type = JKS
	transaction.timeout.ms = 60000
	transactional.id = null
	value.serializer = class io.apicurio.registry.serde.avro.AvroKafkaSerializer

2025-07-31 20:42:06,926 INFO  [org.apa.kaf.com.tel.int.KafkaMetricsCollector] (main) initializing Kafka metrics collector
2025-07-31 20:42:06,934 INFO  [org.apa.kaf.cli.pro.KafkaProducer] (main) [Producer clientId=Producer-topic-a2b8e383_be9e_4be4_80b7_414bf849d250] Instantiated an idempotent producer.
2025-07-31 20:42:06,940 INFO  [org.apa.kaf.cli.pro.ProducerConfig] (main) These configurations '[apicurio.registry.url, apicurio.registry.auto-register, apicurio.registry.artifact-resolver-strategy]' were supplied but are not used yet.
2025-07-31 20:42:06,940 INFO  [org.apa.kaf.com.uti.AppInfoParser] (main) Kafka version: 3.9.1
2025-07-31 20:42:06,940 INFO  [org.apa.kaf.com.uti.AppInfoParser] (main) Kafka commitId: f745dfdcee2b9851
2025-07-31 20:42:06,940 INFO  [org.apa.kaf.com.uti.AppInfoParser] (main) Kafka startTimeMs: 1753994526940
2025-07-31 20:42:06,940 INFO  [io.api.tes.ser.api.SimpleSerdesTesterBuilder$SimpleSerdesTester] (main) Using producer configuration: {apicurio.registry.url=http://registry-app-postgresql.apps.ci419.apicurio-testing.org:80/apis/registry/v3, apicurio.registry.auto-register=true, apicurio.registry.artifact-resolver-strategy=io.apicurio.registry.serde.strategy.TopicIdStrategy, value.serializer=io.apicurio.registry.serde.avro.AvroKafkaSerializer, request.timeout.ms=5000, acks=all, bootstrap.servers=PLAINTEXT://localhost:32770, connections.max.idle.ms=10000, key.serializer=org.apache.kafka.common.serialization.StringSerializer, client.id=Producer-topic-a2b8e383_be9e_4be4_80b7_414bf849d250}
2025-07-31 20:42:06,941 INFO  [io.api.tes.ser.api.SimpleSerdesTesterBuilder$SimpleSerdesTester] (main) Using consumer configuration: {}
2025-07-31 20:42:06,945 INFO  [io.api.tes.ser.api.KafkaSerdesTester] (Thread-615) Sending message {"key11753994526920": "value-0"} to topic topic-a2b8e383_be9e_4be4_80b7_414bf849d250
2025-07-31 20:42:06,959 WARN  [org.apa.kaf.cli.NetworkClient] (kafka-producer-network-thread | Producer-topic-a2b8e383_be9e_4be4_80b7_414bf849d250) [Producer clientId=Producer-topic-a2b8e383_be9e_4be4_80b7_414bf849d250] The metadata response from the cluster reported a recoverable issue with correlation id 2 : {topic-a2b8e383_be9e_4be4_80b7_414bf849d250=LEADER_NOT_AVAILABLE}
2025-07-31 20:42:06,960 INFO  [org.apa.kaf.cli.Metadata] (kafka-producer-network-thread | Producer-topic-a2b8e383_be9e_4be4_80b7_414bf849d250) [Producer clientId=Producer-topic-a2b8e383_be9e_4be4_80b7_414bf849d250] Cluster ID: 1k_IxQydR42FDqpO2KqWFA
2025-07-31 20:42:06,964 INFO  [org.apa.kaf.cli.pro.int.TransactionManager] (kafka-producer-network-thread | Producer-topic-a2b8e383_be9e_4be4_80b7_414bf849d250) [Producer clientId=Producer-topic-a2b8e383_be9e_4be4_80b7_414bf849d250] ProducerId set to 4 with epoch 0
2025-07-31 20:42:07,260 INFO  [io.api.tes.ser.api.KafkaSerdesTester] (Thread-615) Sending message {"key11753994526920": "value-1"} to topic topic-a2b8e383_be9e_4be4_80b7_414bf849d250
2025-07-31 20:42:07,264 INFO  [io.api.tes.ser.api.KafkaSerdesTester] (Thread-615) Sending message {"key11753994526920": "value-2"} to topic topic-a2b8e383_be9e_4be4_80b7_414bf849d250
2025-07-31 20:42:07,270 INFO  [io.api.tes.ser.api.KafkaSerdesTester] (Thread-615) Sending message {"key11753994526920": "value-3"} to topic topic-a2b8e383_be9e_4be4_80b7_414bf849d250
2025-07-31 20:42:07,276 INFO  [io.api.tes.ser.api.KafkaSerdesTester] (Thread-615) Sending message {"key11753994526920": "value-4"} to topic topic-a2b8e383_be9e_4be4_80b7_414bf849d250
2025-07-31 20:42:07,281 INFO  [io.api.tes.ser.api.KafkaSerdesTester] (Thread-615) Sending message {"key11753994526920": "value-5"} to topic topic-a2b8e383_be9e_4be4_80b7_414bf849d250
2025-07-31 20:42:07,290 INFO  [io.api.tes.ser.api.KafkaSerdesTester] (Thread-615) Sending message {"key11753994526920": "value-6"} to topic topic-a2b8e383_be9e_4be4_80b7_414bf849d250
2025-07-31 20:42:07,294 INFO  [io.api.tes.ser.api.KafkaSerdesTester] (Thread-615) Sending message {"key11753994526920": "value-7"} to topic topic-a2b8e383_be9e_4be4_80b7_414bf849d250
2025-07-31 20:42:07,297 INFO  [io.api.tes.ser.api.KafkaSerdesTester] (Thread-615) Sending message {"key11753994526920": "value-8"} to topic topic-a2b8e383_be9e_4be4_80b7_414bf849d250
2025-07-31 20:42:07,305 INFO  [io.api.tes.ser.api.KafkaSerdesTester] (Thread-615) Sending message {"key11753994526920": "value-9"} to topic topic-a2b8e383_be9e_4be4_80b7_414bf849d250
2025-07-31 20:42:07,311 INFO  [io.api.tes.ser.api.KafkaSerdesTester] (Thread-615) Produced 10 messages
2025-07-31 20:42:07,311 INFO  [org.apa.kaf.cli.pro.KafkaProducer] (Thread-615) [Producer clientId=Producer-topic-a2b8e383_be9e_4be4_80b7_414bf849d250] Closing the Kafka producer with timeoutMillis = 9223372036854775807 ms.
2025-07-31 20:42:07,319 INFO  [org.apa.kaf.com.met.Metrics] (Thread-615) Metrics scheduler closed
2025-07-31 20:42:07,319 INFO  [org.apa.kaf.com.met.Metrics] (Thread-615) Closing reporter org.apache.kafka.common.metrics.JmxReporter
2025-07-31 20:42:07,319 INFO  [org.apa.kaf.com.met.Metrics] (Thread-615) Closing reporter org.apache.kafka.common.telemetry.internals.ClientTelemetryReporter
2025-07-31 20:42:07,319 INFO  [org.apa.kaf.com.met.Metrics] (Thread-615) Metrics reporters closed
2025-07-31 20:42:07,319 INFO  [org.apa.kaf.com.uti.AppInfoParser] (Thread-615) App info kafka.producer for Producer-topic-a2b8e383_be9e_4be4_80b7_414bf849d250 unregistered
**** Registry Base URL: http://registry-app-postgresql.apps.ci419.apicurio-testing.org:80
2025-07-31 20:42:07,487 INFO  [org.apa.kaf.cli.con.ConsumerConfig] (main) ConsumerConfig values: 
	allow.auto.create.topics = true
	auto.commit.interval.ms = 500
	auto.include.jmx.reporter = true
	auto.offset.reset = earliest
	bootstrap.servers = [PLAINTEXT://localhost:32770]
	check.crcs = true
	client.dns.lookup = use_all_dns_ips
	client.id = consumer-Consumer-topic-a2b8e383_be9e_4be4_80b7_414bf849d250-4
	client.rack = 
	connections.max.idle.ms = 10000
	default.api.timeout.ms = 60000
	enable.auto.commit = true
	enable.metrics.push = true
	exclude.internal.topics = true
	fetch.max.bytes = 52428800
	fetch.max.wait.ms = 500
	fetch.min.bytes = 1
	group.id = Consumer-topic-a2b8e383_be9e_4be4_80b7_414bf849d250
	group.instance.id = null
	group.protocol = classic
	group.remote.assignor = null
	heartbeat.interval.ms = 3000
	interceptor.classes = []
	internal.leave.group.on.close = true
	internal.throw.on.fetch.stable.offset.unsupported = false
	isolation.level = read_uncommitted
	key.deserializer = class org.apache.kafka.common.serialization.StringDeserializer
	max.partition.fetch.bytes = 1048576
	max.poll.interval.ms = 300000
	max.poll.records = 500
	metadata.max.age.ms = 300000
	metadata.recovery.strategy = none
	metric.reporters = []
	metrics.num.samples = 2
	metrics.recording.level = INFO
	metrics.sample.window.ms = 30000
	partition.assignment.strategy = [class org.apache.kafka.clients.consumer.RangeAssignor, class org.apache.kafka.clients.consumer.CooperativeStickyAssignor]
	receive.buffer.bytes = 65536
	reconnect.backoff.max.ms = 1000
	reconnect.backoff.ms = 50
	request.timeout.ms = 5000
	retry.backoff.max.ms = 1000
	retry.backoff.ms = 100
	sasl.client.callback.handler.class = null
	sasl.jaas.config = null
	sasl.kerberos.kinit.cmd = /usr/bin/kinit
	sasl.kerberos.min.time.before.relogin = 60000
	sasl.kerberos.service.name = null
	sasl.kerberos.ticket.renew.jitter = 0.05
	sasl.kerberos.ticket.renew.window.factor = 0.8
	sasl.login.callback.handler.class = null
	sasl.login.class = null
	sasl.login.connect.timeout.ms = null
	sasl.login.read.timeout.ms = null
	sasl.login.refresh.buffer.seconds = 300
	sasl.login.refresh.min.period.seconds = 60
	sasl.login.refresh.window.factor = 0.8
	sasl.login.refresh.window.jitter = 0.05
	sasl.login.retry.backoff.max.ms = 10000
	sasl.login.retry.backoff.ms = 100
	sasl.mechanism = GSSAPI
	sasl.oauthbearer.clock.skew.seconds = 30
	sasl.oauthbearer.expected.audience = null
	sasl.oauthbearer.expected.issuer = null
	sasl.oauthbearer.header.urlencode = false
	sasl.oauthbearer.jwks.endpoint.refresh.ms = 3600000
	sasl.oauthbearer.jwks.endpoint.retry.backoff.max.ms = 10000
	sasl.oauthbearer.jwks.endpoint.retry.backoff.ms = 100
	sasl.oauthbearer.jwks.endpoint.url = null
	sasl.oauthbearer.scope.claim.name = scope
	sasl.oauthbearer.sub.claim.name = sub
	sasl.oauthbearer.token.endpoint.url = null
	security.protocol = PLAINTEXT
	security.providers = null
	send.buffer.bytes = 131072
	session.timeout.ms = 45000
	socket.connection.setup.timeout.max.ms = 30000
	socket.connection.setup.timeout.ms = 10000
	ssl.cipher.suites = null
	ssl.enabled.protocols = [TLSv1.2, TLSv1.3]
	ssl.endpoint.identification.algorithm = https
	ssl.engine.factory.class = null
	ssl.key.password = null
	ssl.keymanager.algorithm = SunX509
	ssl.keystore.certificate.chain = null
	ssl.keystore.key = null
	ssl.keystore.location = null
	ssl.keystore.password = null
	ssl.keystore.type = JKS
	ssl.protocol = TLSv1.3
	ssl.provider = null
	ssl.secure.random.implementation = null
	ssl.trustmanager.algorithm = PKIX
	ssl.truststore.certificates = null
	ssl.truststore.location = null
	ssl.truststore.password = null
	ssl.truststore.type = JKS
	value.deserializer = class io.apicurio.registry.serde.avro.AvroKafkaDeserializer

2025-07-31 20:42:07,488 INFO  [org.apa.kaf.com.tel.int.KafkaMetricsCollector] (main) initializing Kafka metrics collector
2025-07-31 20:42:07,496 INFO  [org.apa.kaf.cli.con.ConsumerConfig] (main) These configurations '[apicurio.registry.url]' were supplied but are not used yet.
2025-07-31 20:42:07,496 INFO  [org.apa.kaf.com.uti.AppInfoParser] (main) Kafka version: 3.9.1
2025-07-31 20:42:07,496 INFO  [org.apa.kaf.com.uti.AppInfoParser] (main) Kafka commitId: f745dfdcee2b9851
2025-07-31 20:42:07,496 INFO  [org.apa.kaf.com.uti.AppInfoParser] (main) Kafka startTimeMs: 1753994527496
2025-07-31 20:42:07,497 INFO  [org.apa.kaf.cli.con.int.ClassicKafkaConsumer] (Thread-618) [Consumer clientId=consumer-Consumer-topic-a2b8e383_be9e_4be4_80b7_414bf849d250-4, groupId=Consumer-topic-a2b8e383_be9e_4be4_80b7_414bf849d250] Subscribed to topic(s): topic-a2b8e383_be9e_4be4_80b7_414bf849d250
2025-07-31 20:42:07,504 INFO  [org.apa.kaf.cli.Metadata] (Thread-618) [Consumer clientId=consumer-Consumer-topic-a2b8e383_be9e_4be4_80b7_414bf849d250-4, groupId=Consumer-topic-a2b8e383_be9e_4be4_80b7_414bf849d250] Cluster ID: 1k_IxQydR42FDqpO2KqWFA
2025-07-31 20:42:07,507 INFO  [org.apa.kaf.cli.con.int.ConsumerCoordinator] (Thread-618) [Consumer clientId=consumer-Consumer-topic-a2b8e383_be9e_4be4_80b7_414bf849d250-4, groupId=Consumer-topic-a2b8e383_be9e_4be4_80b7_414bf849d250] Discovered group coordinator localhost:32770 (id: 2147483647 rack: null)
2025-07-31 20:42:07,512 INFO  [org.apa.kaf.cli.con.int.ConsumerCoordinator] (Thread-618) [Consumer clientId=consumer-Consumer-topic-a2b8e383_be9e_4be4_80b7_414bf849d250-4, groupId=Consumer-topic-a2b8e383_be9e_4be4_80b7_414bf849d250] (Re-)joining group
2025-07-31 20:42:07,519 INFO  [org.apa.kaf.cli.con.int.ConsumerCoordinator] (Thread-618) [Consumer clientId=consumer-Consumer-topic-a2b8e383_be9e_4be4_80b7_414bf849d250-4, groupId=Consumer-topic-a2b8e383_be9e_4be4_80b7_414bf849d250] Request joining group due to: need to re-join with the given member-id: consumer-Consumer-topic-a2b8e383_be9e_4be4_80b7_414bf849d250-4-60ba10fb-3773-46ae-a342-a287fdb68e90
2025-07-31 20:42:07,519 INFO  [org.apa.kaf.cli.con.int.ConsumerCoordinator] (Thread-618) [Consumer clientId=consumer-Consumer-topic-a2b8e383_be9e_4be4_80b7_414bf849d250-4, groupId=Consumer-topic-a2b8e383_be9e_4be4_80b7_414bf849d250] (Re-)joining group
2025-07-31 20:42:07,522 INFO  [org.apa.kaf.cli.con.int.ConsumerCoordinator] (Thread-618) [Consumer clientId=consumer-Consumer-topic-a2b8e383_be9e_4be4_80b7_414bf849d250-4, groupId=Consumer-topic-a2b8e383_be9e_4be4_80b7_414bf849d250] Successfully joined group with generation Generation{generationId=1, memberId='consumer-Consumer-topic-a2b8e383_be9e_4be4_80b7_414bf849d250-4-60ba10fb-3773-46ae-a342-a287fdb68e90', protocol='range'}
2025-07-31 20:42:07,523 INFO  [org.apa.kaf.cli.con.int.ConsumerCoordinator] (Thread-618) [Consumer clientId=consumer-Consumer-topic-a2b8e383_be9e_4be4_80b7_414bf849d250-4, groupId=Consumer-topic-a2b8e383_be9e_4be4_80b7_414bf849d250] Finished assignment for group at generation 1: {consumer-Consumer-topic-a2b8e383_be9e_4be4_80b7_414bf849d250-4-60ba10fb-3773-46ae-a342-a287fdb68e90=Assignment(partitions=[topic-a2b8e383_be9e_4be4_80b7_414bf849d250-0])}
2025-07-31 20:42:07,526 INFO  [org.apa.kaf.cli.con.int.ConsumerCoordinator] (Thread-618) [Consumer clientId=consumer-Consumer-topic-a2b8e383_be9e_4be4_80b7_414bf849d250-4, groupId=Consumer-topic-a2b8e383_be9e_4be4_80b7_414bf849d250] Successfully synced group in generation Generation{generationId=1, memberId='consumer-Consumer-topic-a2b8e383_be9e_4be4_80b7_414bf849d250-4-60ba10fb-3773-46ae-a342-a287fdb68e90', protocol='range'}
2025-07-31 20:42:07,526 INFO  [org.apa.kaf.cli.con.int.ConsumerCoordinator] (Thread-618) [Consumer clientId=consumer-Consumer-topic-a2b8e383_be9e_4be4_80b7_414bf849d250-4, groupId=Consumer-topic-a2b8e383_be9e_4be4_80b7_414bf849d250] Notifying assignor about the new Assignment(partitions=[topic-a2b8e383_be9e_4be4_80b7_414bf849d250-0])
2025-07-31 20:42:07,526 INFO  [org.apa.kaf.cli.con.int.ConsumerRebalanceListenerInvoker] (Thread-618) [Consumer clientId=consumer-Consumer-topic-a2b8e383_be9e_4be4_80b7_414bf849d250-4, groupId=Consumer-topic-a2b8e383_be9e_4be4_80b7_414bf849d250] Adding newly assigned partitions: topic-a2b8e383_be9e_4be4_80b7_414bf849d250-0
2025-07-31 20:42:07,530 INFO  [org.apa.kaf.cli.con.int.ConsumerCoordinator] (Thread-618) [Consumer clientId=consumer-Consumer-topic-a2b8e383_be9e_4be4_80b7_414bf849d250-4, groupId=Consumer-topic-a2b8e383_be9e_4be4_80b7_414bf849d250] Found no committed offset for partition topic-a2b8e383_be9e_4be4_80b7_414bf849d250-0
2025-07-31 20:42:07,533 INFO  [org.apa.kaf.cli.con.int.SubscriptionState] (Thread-618) [Consumer clientId=consumer-Consumer-topic-a2b8e383_be9e_4be4_80b7_414bf849d250-4, groupId=Consumer-topic-a2b8e383_be9e_4be4_80b7_414bf849d250] Resetting offset for partition topic-a2b8e383_be9e_4be4_80b7_414bf849d250-0 to position FetchPosition{offset=0, offsetEpoch=Optional.empty, currentLeader=LeaderAndEpoch{leader=Optional[localhost:32770 (id: 0 rack: null)], epoch=0}}.
2025-07-31 20:42:07,784 INFO  [io.api.tes.ser.api.KafkaSerdesTester] (Thread-618) topic-a2b8e383_be9e_4be4_80b7_414bf849d250 0 0 {"key11753994526920": "value-0"}
2025-07-31 20:42:07,784 INFO  [io.api.tes.ser.api.KafkaSerdesTester] (Thread-618) topic-a2b8e383_be9e_4be4_80b7_414bf849d250 0 1 {"key11753994526920": "value-1"}
2025-07-31 20:42:07,784 INFO  [io.api.tes.ser.api.KafkaSerdesTester] (Thread-618) topic-a2b8e383_be9e_4be4_80b7_414bf849d250 0 2 {"key11753994526920": "value-2"}
2025-07-31 20:42:07,784 INFO  [io.api.tes.ser.api.KafkaSerdesTester] (Thread-618) topic-a2b8e383_be9e_4be4_80b7_414bf849d250 0 3 {"key11753994526920": "value-3"}
2025-07-31 20:42:07,785 INFO  [io.api.tes.ser.api.KafkaSerdesTester] (Thread-618) topic-a2b8e383_be9e_4be4_80b7_414bf849d250 0 4 {"key11753994526920": "value-4"}
2025-07-31 20:42:07,785 INFO  [io.api.tes.ser.api.KafkaSerdesTester] (Thread-618) topic-a2b8e383_be9e_4be4_80b7_414bf849d250 0 5 {"key11753994526920": "value-5"}
2025-07-31 20:42:07,785 INFO  [io.api.tes.ser.api.KafkaSerdesTester] (Thread-618) topic-a2b8e383_be9e_4be4_80b7_414bf849d250 0 6 {"key11753994526920": "value-6"}
2025-07-31 20:42:07,785 INFO  [io.api.tes.ser.api.KafkaSerdesTester] (Thread-618) topic-a2b8e383_be9e_4be4_80b7_414bf849d250 0 7 {"key11753994526920": "value-7"}
2025-07-31 20:42:07,785 INFO  [io.api.tes.ser.api.KafkaSerdesTester] (Thread-618) topic-a2b8e383_be9e_4be4_80b7_414bf849d250 0 8 {"key11753994526920": "value-8"}
2025-07-31 20:42:07,785 INFO  [io.api.tes.ser.api.KafkaSerdesTester] (Thread-618) topic-a2b8e383_be9e_4be4_80b7_414bf849d250 0 9 {"key11753994526920": "value-9"}
2025-07-31 20:42:07,785 INFO  [io.api.tes.ser.api.KafkaSerdesTester] (Thread-618) Consumed 10 messages
2025-07-31 20:42:07,788 INFO  [org.apa.kaf.cli.con.int.ConsumerRebalanceListenerInvoker] (Thread-618) [Consumer clientId=consumer-Consumer-topic-a2b8e383_be9e_4be4_80b7_414bf849d250-4, groupId=Consumer-topic-a2b8e383_be9e_4be4_80b7_414bf849d250] Revoke previously assigned partitions topic-a2b8e383_be9e_4be4_80b7_414bf849d250-0
2025-07-31 20:42:07,788 INFO  [org.apa.kaf.cli.con.int.ConsumerCoordinator] (Thread-618) [Consumer clientId=consumer-Consumer-topic-a2b8e383_be9e_4be4_80b7_414bf849d250-4, groupId=Consumer-topic-a2b8e383_be9e_4be4_80b7_414bf849d250] Member consumer-Consumer-topic-a2b8e383_be9e_4be4_80b7_414bf849d250-4-60ba10fb-3773-46ae-a342-a287fdb68e90 sending LeaveGroup request to coordinator localhost:32770 (id: 2147483647 rack: null) due to the consumer is being closed
2025-07-31 20:42:07,789 INFO  [org.apa.kaf.cli.con.int.ConsumerCoordinator] (Thread-618) [Consumer clientId=consumer-Consumer-topic-a2b8e383_be9e_4be4_80b7_414bf849d250-4, groupId=Consumer-topic-a2b8e383_be9e_4be4_80b7_414bf849d250] Resetting generation and member id due to: consumer pro-actively leaving the group
2025-07-31 20:42:07,789 INFO  [org.apa.kaf.cli.con.int.ConsumerCoordinator] (Thread-618) [Consumer clientId=consumer-Consumer-topic-a2b8e383_be9e_4be4_80b7_414bf849d250-4, groupId=Consumer-topic-a2b8e383_be9e_4be4_80b7_414bf849d250] Request joining group due to: consumer pro-actively leaving the group
2025-07-31 20:42:08,290 INFO  [org.apa.kaf.com.met.Metrics] (Thread-618) Metrics scheduler closed
2025-07-31 20:42:08,290 INFO  [org.apa.kaf.com.met.Metrics] (Thread-618) Closing reporter org.apache.kafka.common.metrics.JmxReporter
2025-07-31 20:42:08,290 INFO  [org.apa.kaf.com.met.Metrics] (Thread-618) Closing reporter org.apache.kafka.common.telemetry.internals.ClientTelemetryReporter
2025-07-31 20:42:08,290 INFO  [org.apa.kaf.com.met.Metrics] (Thread-618) Metrics reporters closed
2025-07-31 20:42:08,295 INFO  [org.apa.kaf.com.uti.AppInfoParser] (Thread-618) App info kafka.consumer for consumer-Consumer-topic-a2b8e383_be9e_4be4_80b7_414bf849d250-4 unregistered
2025-07-31 20:42:08,473 INFO  [io.api.tes.uti.TestSeparator] (main) io.apicurio.tests.serdes.apicurio.AvroSerdeIT.testTopicIdStrategyAutoRegister-FINISHED
2025-07-31 20:42:08,474 INFO  [io.api.tes.uti.TestSeparator] (main) ############################################################################
Test passed: testTopicIdStrategyAutoRegister
]]></system-out>
  </testcase>
  <testcase name="testRecordIdStrategydFindLatest" classname="io.apicurio.tests.serdes.apicurio.AvroSerdeIT" time="2.358">
    <system-out><![CDATA[2025-07-31 20:42:08,475 INFO  [io.api.tes.uti.TestSeparator] (main) ############################################################################
2025-07-31 20:42:08,475 INFO  [io.api.tes.uti.TestSeparator] (main) io.apicurio.tests.serdes.apicurio.AvroSerdeIT.testRecordIdStrategydFindLatest-STARTED
2025-07-31 20:42:08,476 INFO  [io.api.tes.ser.api.AvroSerdeIT] (main) Registering Avro Schema: {"type":"record","name":"sd2c2b503x08ddx4593x98dcxe8d3756b12b1","namespace":"s4eeddb63x8eeex4b2fx96f8x95668295d448","fields":[{"name":"key11753994528476","type":"string"}]}
**** Registry Base URL: http://registry-app-postgresql.apps.ci419.apicurio-testing.org:80
2025-07-31 20:42:09,670 INFO  [org.apa.kaf.cli.pro.ProducerConfig] (main) ProducerConfig values: 
	acks = -1
	auto.include.jmx.reporter = true
	batch.size = 16384
	bootstrap.servers = [PLAINTEXT://localhost:32770]
	buffer.memory = 33554432
	client.dns.lookup = use_all_dns_ips
	client.id = Producer-topic-165f41c7_c87c_4018_952f_1d456fbad9df
	compression.gzip.level = -1
	compression.lz4.level = 9
	compression.type = none
	compression.zstd.level = 3
	connections.max.idle.ms = 10000
	delivery.timeout.ms = 120000
	enable.idempotence = true
	enable.metrics.push = true
	interceptor.classes = []
	key.serializer = class org.apache.kafka.common.serialization.StringSerializer
	linger.ms = 0
	max.block.ms = 60000
	max.in.flight.requests.per.connection = 5
	max.request.size = 1048576
	metadata.max.age.ms = 300000
	metadata.max.idle.ms = 300000
	metadata.recovery.strategy = none
	metric.reporters = []
	metrics.num.samples = 2
	metrics.recording.level = INFO
	metrics.sample.window.ms = 30000
	partitioner.adaptive.partitioning.enable = true
	partitioner.availability.timeout.ms = 0
	partitioner.class = null
	partitioner.ignore.keys = false
	receive.buffer.bytes = 32768
	reconnect.backoff.max.ms = 1000
	reconnect.backoff.ms = 50
	request.timeout.ms = 5000
	retries = 2147483647
	retry.backoff.max.ms = 1000
	retry.backoff.ms = 100
	sasl.client.callback.handler.class = null
	sasl.jaas.config = null
	sasl.kerberos.kinit.cmd = /usr/bin/kinit
	sasl.kerberos.min.time.before.relogin = 60000
	sasl.kerberos.service.name = null
	sasl.kerberos.ticket.renew.jitter = 0.05
	sasl.kerberos.ticket.renew.window.factor = 0.8
	sasl.login.callback.handler.class = null
	sasl.login.class = null
	sasl.login.connect.timeout.ms = null
	sasl.login.read.timeout.ms = null
	sasl.login.refresh.buffer.seconds = 300
	sasl.login.refresh.min.period.seconds = 60
	sasl.login.refresh.window.factor = 0.8
	sasl.login.refresh.window.jitter = 0.05
	sasl.login.retry.backoff.max.ms = 10000
	sasl.login.retry.backoff.ms = 100
	sasl.mechanism = GSSAPI
	sasl.oauthbearer.clock.skew.seconds = 30
	sasl.oauthbearer.expected.audience = null
	sasl.oauthbearer.expected.issuer = null
	sasl.oauthbearer.header.urlencode = false
	sasl.oauthbearer.jwks.endpoint.refresh.ms = 3600000
	sasl.oauthbearer.jwks.endpoint.retry.backoff.max.ms = 10000
	sasl.oauthbearer.jwks.endpoint.retry.backoff.ms = 100
	sasl.oauthbearer.jwks.endpoint.url = null
	sasl.oauthbearer.scope.claim.name = scope
	sasl.oauthbearer.sub.claim.name = sub
	sasl.oauthbearer.token.endpoint.url = null
	security.protocol = PLAINTEXT
	security.providers = null
	send.buffer.bytes = 131072
	socket.connection.setup.timeout.max.ms = 30000
	socket.connection.setup.timeout.ms = 10000
	ssl.cipher.suites = null
	ssl.enabled.protocols = [TLSv1.2, TLSv1.3]
	ssl.endpoint.identification.algorithm = https
	ssl.engine.factory.class = null
	ssl.key.password = null
	ssl.keymanager.algorithm = SunX509
	ssl.keystore.certificate.chain = null
	ssl.keystore.key = null
	ssl.keystore.location = null
	ssl.keystore.password = null
	ssl.keystore.type = JKS
	ssl.protocol = TLSv1.3
	ssl.provider = null
	ssl.secure.random.implementation = null
	ssl.trustmanager.algorithm = PKIX
	ssl.truststore.certificates = null
	ssl.truststore.location = null
	ssl.truststore.password = null
	ssl.truststore.type = JKS
	transaction.timeout.ms = 60000
	transactional.id = null
	value.serializer = class io.apicurio.registry.serde.avro.AvroKafkaSerializer

2025-07-31 20:42:09,670 INFO  [org.apa.kaf.com.tel.int.KafkaMetricsCollector] (main) initializing Kafka metrics collector
2025-07-31 20:42:09,674 INFO  [org.apa.kaf.cli.pro.KafkaProducer] (main) [Producer clientId=Producer-topic-165f41c7_c87c_4018_952f_1d456fbad9df] Instantiated an idempotent producer.
2025-07-31 20:42:09,677 INFO  [org.apa.kaf.cli.pro.ProducerConfig] (main) These configurations '[apicurio.registry.find-latest, apicurio.registry.url, apicurio.registry.artifact-resolver-strategy]' were supplied but are not used yet.
2025-07-31 20:42:09,677 INFO  [org.apa.kaf.com.uti.AppInfoParser] (main) Kafka version: 3.9.1
2025-07-31 20:42:09,677 INFO  [org.apa.kaf.com.uti.AppInfoParser] (main) Kafka commitId: f745dfdcee2b9851
2025-07-31 20:42:09,678 INFO  [org.apa.kaf.com.uti.AppInfoParser] (main) Kafka startTimeMs: 1753994529677
2025-07-31 20:42:09,680 INFO  [io.api.tes.ser.api.SimpleSerdesTesterBuilder$SimpleSerdesTester] (main) Using producer configuration: {apicurio.registry.find-latest=true, apicurio.registry.url=http://registry-app-postgresql.apps.ci419.apicurio-testing.org:80/apis/registry/v3, apicurio.registry.artifact-resolver-strategy=io.apicurio.registry.serde.avro.strategy.RecordIdStrategy, value.serializer=io.apicurio.registry.serde.avro.AvroKafkaSerializer, request.timeout.ms=5000, acks=all, bootstrap.servers=PLAINTEXT://localhost:32770, connections.max.idle.ms=10000, key.serializer=org.apache.kafka.common.serialization.StringSerializer, client.id=Producer-topic-165f41c7_c87c_4018_952f_1d456fbad9df}
2025-07-31 20:42:09,682 INFO  [io.api.tes.ser.api.SimpleSerdesTesterBuilder$SimpleSerdesTester] (main) Using consumer configuration: {}
2025-07-31 20:42:09,683 INFO  [io.api.tes.ser.api.KafkaSerdesTester] (Thread-621) Sending message {"key11753994528476": "value-0"} to topic topic-165f41c7_c87c_4018_952f_1d456fbad9df
2025-07-31 20:42:09,690 INFO  [org.apa.kaf.cli.Metadata] (kafka-producer-network-thread | Producer-topic-165f41c7_c87c_4018_952f_1d456fbad9df) [Producer clientId=Producer-topic-165f41c7_c87c_4018_952f_1d456fbad9df] Cluster ID: 1k_IxQydR42FDqpO2KqWFA
2025-07-31 20:42:09,690 INFO  [org.apa.kaf.cli.pro.int.TransactionManager] (kafka-producer-network-thread | Producer-topic-165f41c7_c87c_4018_952f_1d456fbad9df) [Producer clientId=Producer-topic-165f41c7_c87c_4018_952f_1d456fbad9df] ProducerId set to 5 with epoch 0
2025-07-31 20:42:10,009 INFO  [io.api.tes.ser.api.KafkaSerdesTester] (Thread-621) Sending message {"key11753994528476": "value-1"} to topic topic-165f41c7_c87c_4018_952f_1d456fbad9df
2025-07-31 20:42:10,011 INFO  [io.api.tes.ser.api.KafkaSerdesTester] (Thread-621) Sending message {"key11753994528476": "value-2"} to topic topic-165f41c7_c87c_4018_952f_1d456fbad9df
2025-07-31 20:42:10,014 INFO  [io.api.tes.ser.api.KafkaSerdesTester] (Thread-621) Sending message {"key11753994528476": "value-3"} to topic topic-165f41c7_c87c_4018_952f_1d456fbad9df
2025-07-31 20:42:10,016 INFO  [io.api.tes.ser.api.KafkaSerdesTester] (Thread-621) Sending message {"key11753994528476": "value-4"} to topic topic-165f41c7_c87c_4018_952f_1d456fbad9df
2025-07-31 20:42:10,018 INFO  [io.api.tes.ser.api.KafkaSerdesTester] (Thread-621) Sending message {"key11753994528476": "value-5"} to topic topic-165f41c7_c87c_4018_952f_1d456fbad9df
2025-07-31 20:42:10,020 INFO  [io.api.tes.ser.api.KafkaSerdesTester] (Thread-621) Sending message {"key11753994528476": "value-6"} to topic topic-165f41c7_c87c_4018_952f_1d456fbad9df
2025-07-31 20:42:10,022 INFO  [io.api.tes.ser.api.KafkaSerdesTester] (Thread-621) Sending message {"key11753994528476": "value-7"} to topic topic-165f41c7_c87c_4018_952f_1d456fbad9df
2025-07-31 20:42:10,024 INFO  [io.api.tes.ser.api.KafkaSerdesTester] (Thread-621) Sending message {"key11753994528476": "value-8"} to topic topic-165f41c7_c87c_4018_952f_1d456fbad9df
2025-07-31 20:42:10,026 INFO  [io.api.tes.ser.api.KafkaSerdesTester] (Thread-621) Sending message {"key11753994528476": "value-9"} to topic topic-165f41c7_c87c_4018_952f_1d456fbad9df
2025-07-31 20:42:10,028 INFO  [io.api.tes.ser.api.KafkaSerdesTester] (Thread-621) Produced 10 messages
2025-07-31 20:42:10,028 INFO  [org.apa.kaf.cli.pro.KafkaProducer] (Thread-621) [Producer clientId=Producer-topic-165f41c7_c87c_4018_952f_1d456fbad9df] Closing the Kafka producer with timeoutMillis = 9223372036854775807 ms.
2025-07-31 20:42:10,032 INFO  [org.apa.kaf.com.met.Metrics] (Thread-621) Metrics scheduler closed
2025-07-31 20:42:10,032 INFO  [org.apa.kaf.com.met.Metrics] (Thread-621) Closing reporter org.apache.kafka.common.metrics.JmxReporter
2025-07-31 20:42:10,032 INFO  [org.apa.kaf.com.met.Metrics] (Thread-621) Closing reporter org.apache.kafka.common.telemetry.internals.ClientTelemetryReporter
2025-07-31 20:42:10,032 INFO  [org.apa.kaf.com.met.Metrics] (Thread-621) Metrics reporters closed
2025-07-31 20:42:10,032 INFO  [org.apa.kaf.com.uti.AppInfoParser] (Thread-621) App info kafka.producer for Producer-topic-165f41c7_c87c_4018_952f_1d456fbad9df unregistered
**** Registry Base URL: http://registry-app-postgresql.apps.ci419.apicurio-testing.org:80
2025-07-31 20:42:10,033 INFO  [org.apa.kaf.cli.con.ConsumerConfig] (main) ConsumerConfig values: 
	allow.auto.create.topics = true
	auto.commit.interval.ms = 500
	auto.include.jmx.reporter = true
	auto.offset.reset = earliest
	bootstrap.servers = [PLAINTEXT://localhost:32770]
	check.crcs = true
	client.dns.lookup = use_all_dns_ips
	client.id = consumer-Consumer-topic-165f41c7_c87c_4018_952f_1d456fbad9df-5
	client.rack = 
	connections.max.idle.ms = 10000
	default.api.timeout.ms = 60000
	enable.auto.commit = true
	enable.metrics.push = true
	exclude.internal.topics = true
	fetch.max.bytes = 52428800
	fetch.max.wait.ms = 500
	fetch.min.bytes = 1
	group.id = Consumer-topic-165f41c7_c87c_4018_952f_1d456fbad9df
	group.instance.id = null
	group.protocol = classic
	group.remote.assignor = null
	heartbeat.interval.ms = 3000
	interceptor.classes = []
	internal.leave.group.on.close = true
	internal.throw.on.fetch.stable.offset.unsupported = false
	isolation.level = read_uncommitted
	key.deserializer = class org.apache.kafka.common.serialization.StringDeserializer
	max.partition.fetch.bytes = 1048576
	max.poll.interval.ms = 300000
	max.poll.records = 500
	metadata.max.age.ms = 300000
	metadata.recovery.strategy = none
	metric.reporters = []
	metrics.num.samples = 2
	metrics.recording.level = INFO
	metrics.sample.window.ms = 30000
	partition.assignment.strategy = [class org.apache.kafka.clients.consumer.RangeAssignor, class org.apache.kafka.clients.consumer.CooperativeStickyAssignor]
	receive.buffer.bytes = 65536
	reconnect.backoff.max.ms = 1000
	reconnect.backoff.ms = 50
	request.timeout.ms = 5000
	retry.backoff.max.ms = 1000
	retry.backoff.ms = 100
	sasl.client.callback.handler.class = null
	sasl.jaas.config = null
	sasl.kerberos.kinit.cmd = /usr/bin/kinit
	sasl.kerberos.min.time.before.relogin = 60000
	sasl.kerberos.service.name = null
	sasl.kerberos.ticket.renew.jitter = 0.05
	sasl.kerberos.ticket.renew.window.factor = 0.8
	sasl.login.callback.handler.class = null
	sasl.login.class = null
	sasl.login.connect.timeout.ms = null
	sasl.login.read.timeout.ms = null
	sasl.login.refresh.buffer.seconds = 300
	sasl.login.refresh.min.period.seconds = 60
	sasl.login.refresh.window.factor = 0.8
	sasl.login.refresh.window.jitter = 0.05
	sasl.login.retry.backoff.max.ms = 10000
	sasl.login.retry.backoff.ms = 100
	sasl.mechanism = GSSAPI
	sasl.oauthbearer.clock.skew.seconds = 30
	sasl.oauthbearer.expected.audience = null
	sasl.oauthbearer.expected.issuer = null
	sasl.oauthbearer.header.urlencode = false
	sasl.oauthbearer.jwks.endpoint.refresh.ms = 3600000
	sasl.oauthbearer.jwks.endpoint.retry.backoff.max.ms = 10000
	sasl.oauthbearer.jwks.endpoint.retry.backoff.ms = 100
	sasl.oauthbearer.jwks.endpoint.url = null
	sasl.oauthbearer.scope.claim.name = scope
	sasl.oauthbearer.sub.claim.name = sub
	sasl.oauthbearer.token.endpoint.url = null
	security.protocol = PLAINTEXT
	security.providers = null
	send.buffer.bytes = 131072
	session.timeout.ms = 45000
	socket.connection.setup.timeout.max.ms = 30000
	socket.connection.setup.timeout.ms = 10000
	ssl.cipher.suites = null
	ssl.enabled.protocols = [TLSv1.2, TLSv1.3]
	ssl.endpoint.identification.algorithm = https
	ssl.engine.factory.class = null
	ssl.key.password = null
	ssl.keymanager.algorithm = SunX509
	ssl.keystore.certificate.chain = null
	ssl.keystore.key = null
	ssl.keystore.location = null
	ssl.keystore.password = null
	ssl.keystore.type = JKS
	ssl.protocol = TLSv1.3
	ssl.provider = null
	ssl.secure.random.implementation = null
	ssl.trustmanager.algorithm = PKIX
	ssl.truststore.certificates = null
	ssl.truststore.location = null
	ssl.truststore.password = null
	ssl.truststore.type = JKS
	value.deserializer = class io.apicurio.registry.serde.avro.AvroKafkaDeserializer

2025-07-31 20:42:10,033 INFO  [org.apa.kaf.com.tel.int.KafkaMetricsCollector] (main) initializing Kafka metrics collector
2025-07-31 20:42:10,041 INFO  [org.apa.kaf.cli.con.ConsumerConfig] (main) These configurations '[apicurio.registry.url]' were supplied but are not used yet.
2025-07-31 20:42:10,041 INFO  [org.apa.kaf.com.uti.AppInfoParser] (main) Kafka version: 3.9.1
2025-07-31 20:42:10,042 INFO  [org.apa.kaf.com.uti.AppInfoParser] (main) Kafka commitId: f745dfdcee2b9851
2025-07-31 20:42:10,042 INFO  [org.apa.kaf.com.uti.AppInfoParser] (main) Kafka startTimeMs: 1753994530041
2025-07-31 20:42:10,044 INFO  [org.apa.kaf.cli.con.int.ClassicKafkaConsumer] (Thread-624) [Consumer clientId=consumer-Consumer-topic-165f41c7_c87c_4018_952f_1d456fbad9df-5, groupId=Consumer-topic-165f41c7_c87c_4018_952f_1d456fbad9df] Subscribed to topic(s): topic-165f41c7_c87c_4018_952f_1d456fbad9df
2025-07-31 20:42:10,051 INFO  [org.apa.kaf.cli.Metadata] (Thread-624) [Consumer clientId=consumer-Consumer-topic-165f41c7_c87c_4018_952f_1d456fbad9df-5, groupId=Consumer-topic-165f41c7_c87c_4018_952f_1d456fbad9df] Cluster ID: 1k_IxQydR42FDqpO2KqWFA
2025-07-31 20:42:10,051 INFO  [org.apa.kaf.cli.con.int.ConsumerCoordinator] (Thread-624) [Consumer clientId=consumer-Consumer-topic-165f41c7_c87c_4018_952f_1d456fbad9df-5, groupId=Consumer-topic-165f41c7_c87c_4018_952f_1d456fbad9df] Discovered group coordinator localhost:32770 (id: 2147483647 rack: null)
2025-07-31 20:42:10,055 INFO  [org.apa.kaf.cli.con.int.ConsumerCoordinator] (Thread-624) [Consumer clientId=consumer-Consumer-topic-165f41c7_c87c_4018_952f_1d456fbad9df-5, groupId=Consumer-topic-165f41c7_c87c_4018_952f_1d456fbad9df] (Re-)joining group
2025-07-31 20:42:10,059 INFO  [org.apa.kaf.cli.con.int.ConsumerCoordinator] (Thread-624) [Consumer clientId=consumer-Consumer-topic-165f41c7_c87c_4018_952f_1d456fbad9df-5, groupId=Consumer-topic-165f41c7_c87c_4018_952f_1d456fbad9df] Request joining group due to: need to re-join with the given member-id: consumer-Consumer-topic-165f41c7_c87c_4018_952f_1d456fbad9df-5-a3cf780e-acb4-4780-b399-4785df077a00
2025-07-31 20:42:10,059 INFO  [org.apa.kaf.cli.con.int.ConsumerCoordinator] (Thread-624) [Consumer clientId=consumer-Consumer-topic-165f41c7_c87c_4018_952f_1d456fbad9df-5, groupId=Consumer-topic-165f41c7_c87c_4018_952f_1d456fbad9df] (Re-)joining group
2025-07-31 20:42:10,063 INFO  [org.apa.kaf.cli.con.int.ConsumerCoordinator] (Thread-624) [Consumer clientId=consumer-Consumer-topic-165f41c7_c87c_4018_952f_1d456fbad9df-5, groupId=Consumer-topic-165f41c7_c87c_4018_952f_1d456fbad9df] Successfully joined group with generation Generation{generationId=1, memberId='consumer-Consumer-topic-165f41c7_c87c_4018_952f_1d456fbad9df-5-a3cf780e-acb4-4780-b399-4785df077a00', protocol='range'}
2025-07-31 20:42:10,065 INFO  [org.apa.kaf.cli.con.int.ConsumerCoordinator] (Thread-624) [Consumer clientId=consumer-Consumer-topic-165f41c7_c87c_4018_952f_1d456fbad9df-5, groupId=Consumer-topic-165f41c7_c87c_4018_952f_1d456fbad9df] Finished assignment for group at generation 1: {consumer-Consumer-topic-165f41c7_c87c_4018_952f_1d456fbad9df-5-a3cf780e-acb4-4780-b399-4785df077a00=Assignment(partitions=[topic-165f41c7_c87c_4018_952f_1d456fbad9df-0])}
2025-07-31 20:42:10,069 INFO  [org.apa.kaf.cli.con.int.ConsumerCoordinator] (Thread-624) [Consumer clientId=consumer-Consumer-topic-165f41c7_c87c_4018_952f_1d456fbad9df-5, groupId=Consumer-topic-165f41c7_c87c_4018_952f_1d456fbad9df] Successfully synced group in generation Generation{generationId=1, memberId='consumer-Consumer-topic-165f41c7_c87c_4018_952f_1d456fbad9df-5-a3cf780e-acb4-4780-b399-4785df077a00', protocol='range'}
2025-07-31 20:42:10,069 INFO  [org.apa.kaf.cli.con.int.ConsumerCoordinator] (Thread-624) [Consumer clientId=consumer-Consumer-topic-165f41c7_c87c_4018_952f_1d456fbad9df-5, groupId=Consumer-topic-165f41c7_c87c_4018_952f_1d456fbad9df] Notifying assignor about the new Assignment(partitions=[topic-165f41c7_c87c_4018_952f_1d456fbad9df-0])
2025-07-31 20:42:10,069 INFO  [org.apa.kaf.cli.con.int.ConsumerRebalanceListenerInvoker] (Thread-624) [Consumer clientId=consumer-Consumer-topic-165f41c7_c87c_4018_952f_1d456fbad9df-5, groupId=Consumer-topic-165f41c7_c87c_4018_952f_1d456fbad9df] Adding newly assigned partitions: topic-165f41c7_c87c_4018_952f_1d456fbad9df-0
2025-07-31 20:42:10,070 INFO  [org.apa.kaf.cli.con.int.ConsumerCoordinator] (Thread-624) [Consumer clientId=consumer-Consumer-topic-165f41c7_c87c_4018_952f_1d456fbad9df-5, groupId=Consumer-topic-165f41c7_c87c_4018_952f_1d456fbad9df] Found no committed offset for partition topic-165f41c7_c87c_4018_952f_1d456fbad9df-0
2025-07-31 20:42:10,076 INFO  [org.apa.kaf.cli.con.int.SubscriptionState] (Thread-624) [Consumer clientId=consumer-Consumer-topic-165f41c7_c87c_4018_952f_1d456fbad9df-5, groupId=Consumer-topic-165f41c7_c87c_4018_952f_1d456fbad9df] Resetting offset for partition topic-165f41c7_c87c_4018_952f_1d456fbad9df-0 to position FetchPosition{offset=0, offsetEpoch=Optional.empty, currentLeader=LeaderAndEpoch{leader=Optional[localhost:32770 (id: 0 rack: null)], epoch=0}}.
2025-07-31 20:42:10,320 INFO  [io.api.tes.ser.api.KafkaSerdesTester] (Thread-624) topic-165f41c7_c87c_4018_952f_1d456fbad9df 0 0 {"key11753994528476": "value-0"}
2025-07-31 20:42:10,320 INFO  [io.api.tes.ser.api.KafkaSerdesTester] (Thread-624) topic-165f41c7_c87c_4018_952f_1d456fbad9df 0 1 {"key11753994528476": "value-1"}
2025-07-31 20:42:10,320 INFO  [io.api.tes.ser.api.KafkaSerdesTester] (Thread-624) topic-165f41c7_c87c_4018_952f_1d456fbad9df 0 2 {"key11753994528476": "value-2"}
2025-07-31 20:42:10,320 INFO  [io.api.tes.ser.api.KafkaSerdesTester] (Thread-624) topic-165f41c7_c87c_4018_952f_1d456fbad9df 0 3 {"key11753994528476": "value-3"}
2025-07-31 20:42:10,320 INFO  [io.api.tes.ser.api.KafkaSerdesTester] (Thread-624) topic-165f41c7_c87c_4018_952f_1d456fbad9df 0 4 {"key11753994528476": "value-4"}
2025-07-31 20:42:10,320 INFO  [io.api.tes.ser.api.KafkaSerdesTester] (Thread-624) topic-165f41c7_c87c_4018_952f_1d456fbad9df 0 5 {"key11753994528476": "value-5"}
2025-07-31 20:42:10,320 INFO  [io.api.tes.ser.api.KafkaSerdesTester] (Thread-624) topic-165f41c7_c87c_4018_952f_1d456fbad9df 0 6 {"key11753994528476": "value-6"}
2025-07-31 20:42:10,320 INFO  [io.api.tes.ser.api.KafkaSerdesTester] (Thread-624) topic-165f41c7_c87c_4018_952f_1d456fbad9df 0 7 {"key11753994528476": "value-7"}
2025-07-31 20:42:10,321 INFO  [io.api.tes.ser.api.KafkaSerdesTester] (Thread-624) topic-165f41c7_c87c_4018_952f_1d456fbad9df 0 8 {"key11753994528476": "value-8"}
2025-07-31 20:42:10,321 INFO  [io.api.tes.ser.api.KafkaSerdesTester] (Thread-624) topic-165f41c7_c87c_4018_952f_1d456fbad9df 0 9 {"key11753994528476": "value-9"}
2025-07-31 20:42:10,321 INFO  [io.api.tes.ser.api.KafkaSerdesTester] (Thread-624) Consumed 10 messages
2025-07-31 20:42:10,326 INFO  [org.apa.kaf.cli.con.int.ConsumerRebalanceListenerInvoker] (Thread-624) [Consumer clientId=consumer-Consumer-topic-165f41c7_c87c_4018_952f_1d456fbad9df-5, groupId=Consumer-topic-165f41c7_c87c_4018_952f_1d456fbad9df] Revoke previously assigned partitions topic-165f41c7_c87c_4018_952f_1d456fbad9df-0
2025-07-31 20:42:10,327 INFO  [org.apa.kaf.cli.con.int.ConsumerCoordinator] (Thread-624) [Consumer clientId=consumer-Consumer-topic-165f41c7_c87c_4018_952f_1d456fbad9df-5, groupId=Consumer-topic-165f41c7_c87c_4018_952f_1d456fbad9df] Member consumer-Consumer-topic-165f41c7_c87c_4018_952f_1d456fbad9df-5-a3cf780e-acb4-4780-b399-4785df077a00 sending LeaveGroup request to coordinator localhost:32770 (id: 2147483647 rack: null) due to the consumer is being closed
2025-07-31 20:42:10,327 INFO  [org.apa.kaf.cli.con.int.ConsumerCoordinator] (Thread-624) [Consumer clientId=consumer-Consumer-topic-165f41c7_c87c_4018_952f_1d456fbad9df-5, groupId=Consumer-topic-165f41c7_c87c_4018_952f_1d456fbad9df] Resetting generation and member id due to: consumer pro-actively leaving the group
2025-07-31 20:42:10,327 INFO  [org.apa.kaf.cli.con.int.ConsumerCoordinator] (Thread-624) [Consumer clientId=consumer-Consumer-topic-165f41c7_c87c_4018_952f_1d456fbad9df-5, groupId=Consumer-topic-165f41c7_c87c_4018_952f_1d456fbad9df] Request joining group due to: consumer pro-actively leaving the group
2025-07-31 20:42:10,826 INFO  [org.apa.kaf.com.met.Metrics] (Thread-624) Metrics scheduler closed
2025-07-31 20:42:10,826 INFO  [org.apa.kaf.com.met.Metrics] (Thread-624) Closing reporter org.apache.kafka.common.metrics.JmxReporter
2025-07-31 20:42:10,827 INFO  [org.apa.kaf.com.met.Metrics] (Thread-624) Closing reporter org.apache.kafka.common.telemetry.internals.ClientTelemetryReporter
2025-07-31 20:42:10,827 INFO  [org.apa.kaf.com.met.Metrics] (Thread-624) Metrics reporters closed
2025-07-31 20:42:10,831 INFO  [org.apa.kaf.com.uti.AppInfoParser] (Thread-624) App info kafka.consumer for consumer-Consumer-topic-165f41c7_c87c_4018_952f_1d456fbad9df-5 unregistered
2025-07-31 20:42:10,832 INFO  [io.api.tes.uti.TestSeparator] (main) io.apicurio.tests.serdes.apicurio.AvroSerdeIT.testRecordIdStrategydFindLatest-FINISHED
2025-07-31 20:42:10,832 INFO  [io.api.tes.uti.TestSeparator] (main) ############################################################################
Test passed: testRecordIdStrategydFindLatest
]]></system-out>
  </testcase>
  <testcase name="testReflectAutoRegister" classname="io.apicurio.tests.serdes.apicurio.AvroSerdeIT" time="1.355">
    <system-out><![CDATA[2025-07-31 20:42:10,837 INFO  [io.api.tes.uti.TestSeparator] (main) ############################################################################
2025-07-31 20:42:10,837 INFO  [io.api.tes.uti.TestSeparator] (main) io.apicurio.tests.serdes.apicurio.AvroSerdeIT.testReflectAutoRegister-STARTED
**** Registry Base URL: http://registry-app-postgresql.apps.ci419.apicurio-testing.org:80
2025-07-31 20:42:10,842 INFO  [org.apa.kaf.cli.pro.ProducerConfig] (main) ProducerConfig values: 
	acks = -1
	auto.include.jmx.reporter = true
	batch.size = 16384
	bootstrap.servers = [PLAINTEXT://localhost:32770]
	buffer.memory = 33554432
	client.dns.lookup = use_all_dns_ips
	client.id = Producer-topic-cdb4b504_aeb4_49bd_b52b_0fa14221da3e
	compression.gzip.level = -1
	compression.lz4.level = 9
	compression.type = none
	compression.zstd.level = 3
	connections.max.idle.ms = 10000
	delivery.timeout.ms = 120000
	enable.idempotence = true
	enable.metrics.push = true
	interceptor.classes = []
	key.serializer = class org.apache.kafka.common.serialization.StringSerializer
	linger.ms = 0
	max.block.ms = 60000
	max.in.flight.requests.per.connection = 5
	max.request.size = 1048576
	metadata.max.age.ms = 300000
	metadata.max.idle.ms = 300000
	metadata.recovery.strategy = none
	metric.reporters = []
	metrics.num.samples = 2
	metrics.recording.level = INFO
	metrics.sample.window.ms = 30000
	partitioner.adaptive.partitioning.enable = true
	partitioner.availability.timeout.ms = 0
	partitioner.class = null
	partitioner.ignore.keys = false
	receive.buffer.bytes = 32768
	reconnect.backoff.max.ms = 1000
	reconnect.backoff.ms = 50
	request.timeout.ms = 5000
	retries = 2147483647
	retry.backoff.max.ms = 1000
	retry.backoff.ms = 100
	sasl.client.callback.handler.class = null
	sasl.jaas.config = null
	sasl.kerberos.kinit.cmd = /usr/bin/kinit
	sasl.kerberos.min.time.before.relogin = 60000
	sasl.kerberos.service.name = null
	sasl.kerberos.ticket.renew.jitter = 0.05
	sasl.kerberos.ticket.renew.window.factor = 0.8
	sasl.login.callback.handler.class = null
	sasl.login.class = null
	sasl.login.connect.timeout.ms = null
	sasl.login.read.timeout.ms = null
	sasl.login.refresh.buffer.seconds = 300
	sasl.login.refresh.min.period.seconds = 60
	sasl.login.refresh.window.factor = 0.8
	sasl.login.refresh.window.jitter = 0.05
	sasl.login.retry.backoff.max.ms = 10000
	sasl.login.retry.backoff.ms = 100
	sasl.mechanism = GSSAPI
	sasl.oauthbearer.clock.skew.seconds = 30
	sasl.oauthbearer.expected.audience = null
	sasl.oauthbearer.expected.issuer = null
	sasl.oauthbearer.header.urlencode = false
	sasl.oauthbearer.jwks.endpoint.refresh.ms = 3600000
	sasl.oauthbearer.jwks.endpoint.retry.backoff.max.ms = 10000
	sasl.oauthbearer.jwks.endpoint.retry.backoff.ms = 100
	sasl.oauthbearer.jwks.endpoint.url = null
	sasl.oauthbearer.scope.claim.name = scope
	sasl.oauthbearer.sub.claim.name = sub
	sasl.oauthbearer.token.endpoint.url = null
	security.protocol = PLAINTEXT
	security.providers = null
	send.buffer.bytes = 131072
	socket.connection.setup.timeout.max.ms = 30000
	socket.connection.setup.timeout.ms = 10000
	ssl.cipher.suites = null
	ssl.enabled.protocols = [TLSv1.2, TLSv1.3]
	ssl.endpoint.identification.algorithm = https
	ssl.engine.factory.class = null
	ssl.key.password = null
	ssl.keymanager.algorithm = SunX509
	ssl.keystore.certificate.chain = null
	ssl.keystore.key = null
	ssl.keystore.location = null
	ssl.keystore.password = null
	ssl.keystore.type = JKS
	ssl.protocol = TLSv1.3
	ssl.provider = null
	ssl.secure.random.implementation = null
	ssl.trustmanager.algorithm = PKIX
	ssl.truststore.certificates = null
	ssl.truststore.location = null
	ssl.truststore.password = null
	ssl.truststore.type = JKS
	transaction.timeout.ms = 60000
	transactional.id = null
	value.serializer = class io.apicurio.registry.serde.avro.AvroKafkaSerializer

2025-07-31 20:42:10,843 INFO  [org.apa.kaf.com.tel.int.KafkaMetricsCollector] (main) initializing Kafka metrics collector
2025-07-31 20:42:10,858 INFO  [org.apa.kaf.cli.pro.KafkaProducer] (main) [Producer clientId=Producer-topic-cdb4b504_aeb4_49bd_b52b_0fa14221da3e] Instantiated an idempotent producer.
2025-07-31 20:42:10,863 INFO  [org.apa.kaf.cli.pro.ProducerConfig] (main) These configurations '[apicurio.registry.url, apicurio.registry.auto-register, apicurio.registry.artifact-resolver-strategy, apicurio.registry.avro-datum-provider]' were supplied but are not used yet.
2025-07-31 20:42:10,863 INFO  [org.apa.kaf.com.uti.AppInfoParser] (main) Kafka version: 3.9.1
2025-07-31 20:42:10,863 INFO  [org.apa.kaf.com.uti.AppInfoParser] (main) Kafka commitId: f745dfdcee2b9851
2025-07-31 20:42:10,863 INFO  [org.apa.kaf.com.uti.AppInfoParser] (main) Kafka startTimeMs: 1753994530863
2025-07-31 20:42:10,864 INFO  [io.api.tes.ser.api.SimpleSerdesTesterBuilder$SimpleSerdesTester] (main) Using producer configuration: {apicurio.registry.url=http://registry-app-postgresql.apps.ci419.apicurio-testing.org:80/apis/registry/v3, apicurio.registry.auto-register=true, apicurio.registry.artifact-resolver-strategy=io.apicurio.registry.serde.strategy.TopicIdStrategy, value.serializer=io.apicurio.registry.serde.avro.AvroKafkaSerializer, request.timeout.ms=5000, acks=all, bootstrap.servers=PLAINTEXT://localhost:32770, connections.max.idle.ms=10000, key.serializer=org.apache.kafka.common.serialization.StringSerializer, apicurio.registry.avro-datum-provider=io.apicurio.registry.serde.avro.ReflectAvroDatumProvider, client.id=Producer-topic-cdb4b504_aeb4_49bd_b52b_0fa14221da3e}
2025-07-31 20:42:10,864 INFO  [io.api.tes.ser.api.SimpleSerdesTesterBuilder$SimpleSerdesTester] (main) Using consumer configuration: {apicurio.registry.avro-datum-provider=io.apicurio.registry.serde.avro.ReflectAvroDatumProvider}
2025-07-31 20:42:10,868 INFO  [io.api.tes.ser.api.KafkaSerdesTester] (Thread-627) Sending message io.apicurio.tests.common.serdes.TestObject@3dbd29cb to topic topic-cdb4b504_aeb4_49bd_b52b_0fa14221da3e
2025-07-31 20:42:10,883 WARN  [org.apa.kaf.cli.NetworkClient] (kafka-producer-network-thread | Producer-topic-cdb4b504_aeb4_49bd_b52b_0fa14221da3e) [Producer clientId=Producer-topic-cdb4b504_aeb4_49bd_b52b_0fa14221da3e] The metadata response from the cluster reported a recoverable issue with correlation id 2 : {topic-cdb4b504_aeb4_49bd_b52b_0fa14221da3e=LEADER_NOT_AVAILABLE}
2025-07-31 20:42:10,884 INFO  [org.apa.kaf.cli.Metadata] (kafka-producer-network-thread | Producer-topic-cdb4b504_aeb4_49bd_b52b_0fa14221da3e) [Producer clientId=Producer-topic-cdb4b504_aeb4_49bd_b52b_0fa14221da3e] Cluster ID: 1k_IxQydR42FDqpO2KqWFA
2025-07-31 20:42:10,885 INFO  [org.apa.kaf.cli.pro.int.TransactionManager] (kafka-producer-network-thread | Producer-topic-cdb4b504_aeb4_49bd_b52b_0fa14221da3e) [Producer clientId=Producer-topic-cdb4b504_aeb4_49bd_b52b_0fa14221da3e] ProducerId set to 6 with epoch 0
2025-07-31 20:42:11,196 INFO  [io.api.tes.ser.api.KafkaSerdesTester] (Thread-627) Sending message io.apicurio.tests.common.serdes.TestObject@3dbd29cb to topic topic-cdb4b504_aeb4_49bd_b52b_0fa14221da3e
2025-07-31 20:42:11,199 INFO  [io.api.tes.ser.api.KafkaSerdesTester] (Thread-627) Sending message io.apicurio.tests.common.serdes.TestObject@3dbd29cb to topic topic-cdb4b504_aeb4_49bd_b52b_0fa14221da3e
2025-07-31 20:42:11,202 INFO  [io.api.tes.ser.api.KafkaSerdesTester] (Thread-627) Sending message io.apicurio.tests.common.serdes.TestObject@3dbd29cb to topic topic-cdb4b504_aeb4_49bd_b52b_0fa14221da3e
2025-07-31 20:42:11,204 INFO  [io.api.tes.ser.api.KafkaSerdesTester] (Thread-627) Sending message io.apicurio.tests.common.serdes.TestObject@3dbd29cb to topic topic-cdb4b504_aeb4_49bd_b52b_0fa14221da3e
2025-07-31 20:42:11,207 INFO  [io.api.tes.ser.api.KafkaSerdesTester] (Thread-627) Sending message io.apicurio.tests.common.serdes.TestObject@3dbd29cb to topic topic-cdb4b504_aeb4_49bd_b52b_0fa14221da3e
2025-07-31 20:42:11,209 INFO  [io.api.tes.ser.api.KafkaSerdesTester] (Thread-627) Sending message io.apicurio.tests.common.serdes.TestObject@3dbd29cb to topic topic-cdb4b504_aeb4_49bd_b52b_0fa14221da3e
2025-07-31 20:42:11,211 INFO  [io.api.tes.ser.api.KafkaSerdesTester] (Thread-627) Sending message io.apicurio.tests.common.serdes.TestObject@3dbd29cb to topic topic-cdb4b504_aeb4_49bd_b52b_0fa14221da3e
2025-07-31 20:42:11,215 INFO  [io.api.tes.ser.api.KafkaSerdesTester] (Thread-627) Sending message io.apicurio.tests.common.serdes.TestObject@3dbd29cb to topic topic-cdb4b504_aeb4_49bd_b52b_0fa14221da3e
2025-07-31 20:42:11,221 INFO  [io.api.tes.ser.api.KafkaSerdesTester] (Thread-627) Sending message io.apicurio.tests.common.serdes.TestObject@3dbd29cb to topic topic-cdb4b504_aeb4_49bd_b52b_0fa14221da3e
2025-07-31 20:42:11,223 INFO  [io.api.tes.ser.api.KafkaSerdesTester] (Thread-627) Produced 10 messages
2025-07-31 20:42:11,223 INFO  [org.apa.kaf.cli.pro.KafkaProducer] (Thread-627) [Producer clientId=Producer-topic-cdb4b504_aeb4_49bd_b52b_0fa14221da3e] Closing the Kafka producer with timeoutMillis = 9223372036854775807 ms.
2025-07-31 20:42:11,226 INFO  [org.apa.kaf.com.met.Metrics] (Thread-627) Metrics scheduler closed
2025-07-31 20:42:11,226 INFO  [org.apa.kaf.com.met.Metrics] (Thread-627) Closing reporter org.apache.kafka.common.metrics.JmxReporter
2025-07-31 20:42:11,227 INFO  [org.apa.kaf.com.met.Metrics] (Thread-627) Closing reporter org.apache.kafka.common.telemetry.internals.ClientTelemetryReporter
2025-07-31 20:42:11,227 INFO  [org.apa.kaf.com.met.Metrics] (Thread-627) Metrics reporters closed
2025-07-31 20:42:11,227 INFO  [org.apa.kaf.com.uti.AppInfoParser] (Thread-627) App info kafka.producer for Producer-topic-cdb4b504_aeb4_49bd_b52b_0fa14221da3e unregistered
**** Registry Base URL: http://registry-app-postgresql.apps.ci419.apicurio-testing.org:80
2025-07-31 20:42:11,394 INFO  [org.apa.kaf.cli.con.ConsumerConfig] (main) ConsumerConfig values: 
	allow.auto.create.topics = true
	auto.commit.interval.ms = 500
	auto.include.jmx.reporter = true
	auto.offset.reset = earliest
	bootstrap.servers = [PLAINTEXT://localhost:32770]
	check.crcs = true
	client.dns.lookup = use_all_dns_ips
	client.id = consumer-Consumer-topic-cdb4b504_aeb4_49bd_b52b_0fa14221da3e-6
	client.rack = 
	connections.max.idle.ms = 10000
	default.api.timeout.ms = 60000
	enable.auto.commit = true
	enable.metrics.push = true
	exclude.internal.topics = true
	fetch.max.bytes = 52428800
	fetch.max.wait.ms = 500
	fetch.min.bytes = 1
	group.id = Consumer-topic-cdb4b504_aeb4_49bd_b52b_0fa14221da3e
	group.instance.id = null
	group.protocol = classic
	group.remote.assignor = null
	heartbeat.interval.ms = 3000
	interceptor.classes = []
	internal.leave.group.on.close = true
	internal.throw.on.fetch.stable.offset.unsupported = false
	isolation.level = read_uncommitted
	key.deserializer = class org.apache.kafka.common.serialization.StringDeserializer
	max.partition.fetch.bytes = 1048576
	max.poll.interval.ms = 300000
	max.poll.records = 500
	metadata.max.age.ms = 300000
	metadata.recovery.strategy = none
	metric.reporters = []
	metrics.num.samples = 2
	metrics.recording.level = INFO
	metrics.sample.window.ms = 30000
	partition.assignment.strategy = [class org.apache.kafka.clients.consumer.RangeAssignor, class org.apache.kafka.clients.consumer.CooperativeStickyAssignor]
	receive.buffer.bytes = 65536
	reconnect.backoff.max.ms = 1000
	reconnect.backoff.ms = 50
	request.timeout.ms = 5000
	retry.backoff.max.ms = 1000
	retry.backoff.ms = 100
	sasl.client.callback.handler.class = null
	sasl.jaas.config = null
	sasl.kerberos.kinit.cmd = /usr/bin/kinit
	sasl.kerberos.min.time.before.relogin = 60000
	sasl.kerberos.service.name = null
	sasl.kerberos.ticket.renew.jitter = 0.05
	sasl.kerberos.ticket.renew.window.factor = 0.8
	sasl.login.callback.handler.class = null
	sasl.login.class = null
	sasl.login.connect.timeout.ms = null
	sasl.login.read.timeout.ms = null
	sasl.login.refresh.buffer.seconds = 300
	sasl.login.refresh.min.period.seconds = 60
	sasl.login.refresh.window.factor = 0.8
	sasl.login.refresh.window.jitter = 0.05
	sasl.login.retry.backoff.max.ms = 10000
	sasl.login.retry.backoff.ms = 100
	sasl.mechanism = GSSAPI
	sasl.oauthbearer.clock.skew.seconds = 30
	sasl.oauthbearer.expected.audience = null
	sasl.oauthbearer.expected.issuer = null
	sasl.oauthbearer.header.urlencode = false
	sasl.oauthbearer.jwks.endpoint.refresh.ms = 3600000
	sasl.oauthbearer.jwks.endpoint.retry.backoff.max.ms = 10000
	sasl.oauthbearer.jwks.endpoint.retry.backoff.ms = 100
	sasl.oauthbearer.jwks.endpoint.url = null
	sasl.oauthbearer.scope.claim.name = scope
	sasl.oauthbearer.sub.claim.name = sub
	sasl.oauthbearer.token.endpoint.url = null
	security.protocol = PLAINTEXT
	security.providers = null
	send.buffer.bytes = 131072
	session.timeout.ms = 45000
	socket.connection.setup.timeout.max.ms = 30000
	socket.connection.setup.timeout.ms = 10000
	ssl.cipher.suites = null
	ssl.enabled.protocols = [TLSv1.2, TLSv1.3]
	ssl.endpoint.identification.algorithm = https
	ssl.engine.factory.class = null
	ssl.key.password = null
	ssl.keymanager.algorithm = SunX509
	ssl.keystore.certificate.chain = null
	ssl.keystore.key = null
	ssl.keystore.location = null
	ssl.keystore.password = null
	ssl.keystore.type = JKS
	ssl.protocol = TLSv1.3
	ssl.provider = null
	ssl.secure.random.implementation = null
	ssl.trustmanager.algorithm = PKIX
	ssl.truststore.certificates = null
	ssl.truststore.location = null
	ssl.truststore.password = null
	ssl.truststore.type = JKS
	value.deserializer = class io.apicurio.registry.serde.avro.AvroKafkaDeserializer

2025-07-31 20:42:11,394 INFO  [org.apa.kaf.com.tel.int.KafkaMetricsCollector] (main) initializing Kafka metrics collector
2025-07-31 20:42:11,400 INFO  [org.apa.kaf.cli.con.ConsumerConfig] (main) These configurations '[apicurio.registry.url, apicurio.registry.avro-datum-provider]' were supplied but are not used yet.
2025-07-31 20:42:11,401 INFO  [org.apa.kaf.com.uti.AppInfoParser] (main) Kafka version: 3.9.1
2025-07-31 20:42:11,401 INFO  [org.apa.kaf.com.uti.AppInfoParser] (main) Kafka commitId: f745dfdcee2b9851
2025-07-31 20:42:11,401 INFO  [org.apa.kaf.com.uti.AppInfoParser] (main) Kafka startTimeMs: 1753994531401
2025-07-31 20:42:11,401 INFO  [org.apa.kaf.cli.con.int.ClassicKafkaConsumer] (Thread-630) [Consumer clientId=consumer-Consumer-topic-cdb4b504_aeb4_49bd_b52b_0fa14221da3e-6, groupId=Consumer-topic-cdb4b504_aeb4_49bd_b52b_0fa14221da3e] Subscribed to topic(s): topic-cdb4b504_aeb4_49bd_b52b_0fa14221da3e
2025-07-31 20:42:11,406 INFO  [org.apa.kaf.cli.Metadata] (Thread-630) [Consumer clientId=consumer-Consumer-topic-cdb4b504_aeb4_49bd_b52b_0fa14221da3e-6, groupId=Consumer-topic-cdb4b504_aeb4_49bd_b52b_0fa14221da3e] Cluster ID: 1k_IxQydR42FDqpO2KqWFA
2025-07-31 20:42:11,407 INFO  [org.apa.kaf.cli.con.int.ConsumerCoordinator] (Thread-630) [Consumer clientId=consumer-Consumer-topic-cdb4b504_aeb4_49bd_b52b_0fa14221da3e-6, groupId=Consumer-topic-cdb4b504_aeb4_49bd_b52b_0fa14221da3e] Discovered group coordinator localhost:32770 (id: 2147483647 rack: null)
2025-07-31 20:42:11,409 INFO  [org.apa.kaf.cli.con.int.ConsumerCoordinator] (Thread-630) [Consumer clientId=consumer-Consumer-topic-cdb4b504_aeb4_49bd_b52b_0fa14221da3e-6, groupId=Consumer-topic-cdb4b504_aeb4_49bd_b52b_0fa14221da3e] (Re-)joining group
2025-07-31 20:42:11,414 INFO  [org.apa.kaf.cli.con.int.ConsumerCoordinator] (Thread-630) [Consumer clientId=consumer-Consumer-topic-cdb4b504_aeb4_49bd_b52b_0fa14221da3e-6, groupId=Consumer-topic-cdb4b504_aeb4_49bd_b52b_0fa14221da3e] Request joining group due to: need to re-join with the given member-id: consumer-Consumer-topic-cdb4b504_aeb4_49bd_b52b_0fa14221da3e-6-7cb9a71f-7330-4535-9bc5-87127d5dc5f0
2025-07-31 20:42:11,414 INFO  [org.apa.kaf.cli.con.int.ConsumerCoordinator] (Thread-630) [Consumer clientId=consumer-Consumer-topic-cdb4b504_aeb4_49bd_b52b_0fa14221da3e-6, groupId=Consumer-topic-cdb4b504_aeb4_49bd_b52b_0fa14221da3e] (Re-)joining group
2025-07-31 20:42:11,417 INFO  [org.apa.kaf.cli.con.int.ConsumerCoordinator] (Thread-630) [Consumer clientId=consumer-Consumer-topic-cdb4b504_aeb4_49bd_b52b_0fa14221da3e-6, groupId=Consumer-topic-cdb4b504_aeb4_49bd_b52b_0fa14221da3e] Successfully joined group with generation Generation{generationId=1, memberId='consumer-Consumer-topic-cdb4b504_aeb4_49bd_b52b_0fa14221da3e-6-7cb9a71f-7330-4535-9bc5-87127d5dc5f0', protocol='range'}
2025-07-31 20:42:11,417 INFO  [org.apa.kaf.cli.con.int.ConsumerCoordinator] (Thread-630) [Consumer clientId=consumer-Consumer-topic-cdb4b504_aeb4_49bd_b52b_0fa14221da3e-6, groupId=Consumer-topic-cdb4b504_aeb4_49bd_b52b_0fa14221da3e] Finished assignment for group at generation 1: {consumer-Consumer-topic-cdb4b504_aeb4_49bd_b52b_0fa14221da3e-6-7cb9a71f-7330-4535-9bc5-87127d5dc5f0=Assignment(partitions=[topic-cdb4b504_aeb4_49bd_b52b_0fa14221da3e-0])}
2025-07-31 20:42:11,421 INFO  [org.apa.kaf.cli.con.int.ConsumerCoordinator] (Thread-630) [Consumer clientId=consumer-Consumer-topic-cdb4b504_aeb4_49bd_b52b_0fa14221da3e-6, groupId=Consumer-topic-cdb4b504_aeb4_49bd_b52b_0fa14221da3e] Successfully synced group in generation Generation{generationId=1, memberId='consumer-Consumer-topic-cdb4b504_aeb4_49bd_b52b_0fa14221da3e-6-7cb9a71f-7330-4535-9bc5-87127d5dc5f0', protocol='range'}
2025-07-31 20:42:11,421 INFO  [org.apa.kaf.cli.con.int.ConsumerCoordinator] (Thread-630) [Consumer clientId=consumer-Consumer-topic-cdb4b504_aeb4_49bd_b52b_0fa14221da3e-6, groupId=Consumer-topic-cdb4b504_aeb4_49bd_b52b_0fa14221da3e] Notifying assignor about the new Assignment(partitions=[topic-cdb4b504_aeb4_49bd_b52b_0fa14221da3e-0])
2025-07-31 20:42:11,421 INFO  [org.apa.kaf.cli.con.int.ConsumerRebalanceListenerInvoker] (Thread-630) [Consumer clientId=consumer-Consumer-topic-cdb4b504_aeb4_49bd_b52b_0fa14221da3e-6, groupId=Consumer-topic-cdb4b504_aeb4_49bd_b52b_0fa14221da3e] Adding newly assigned partitions: topic-cdb4b504_aeb4_49bd_b52b_0fa14221da3e-0
2025-07-31 20:42:11,422 INFO  [org.apa.kaf.cli.con.int.ConsumerCoordinator] (Thread-630) [Consumer clientId=consumer-Consumer-topic-cdb4b504_aeb4_49bd_b52b_0fa14221da3e-6, groupId=Consumer-topic-cdb4b504_aeb4_49bd_b52b_0fa14221da3e] Found no committed offset for partition topic-cdb4b504_aeb4_49bd_b52b_0fa14221da3e-0
2025-07-31 20:42:11,426 INFO  [org.apa.kaf.cli.con.int.SubscriptionState] (Thread-630) [Consumer clientId=consumer-Consumer-topic-cdb4b504_aeb4_49bd_b52b_0fa14221da3e-6, groupId=Consumer-topic-cdb4b504_aeb4_49bd_b52b_0fa14221da3e] Resetting offset for partition topic-cdb4b504_aeb4_49bd_b52b_0fa14221da3e-0 to position FetchPosition{offset=0, offsetEpoch=Optional.empty, currentLeader=LeaderAndEpoch{leader=Optional[localhost:32770 (id: 0 rack: null)], epoch=0}}.
2025-07-31 20:42:11,676 INFO  [io.api.tes.ser.api.KafkaSerdesTester] (Thread-630) topic-cdb4b504_aeb4_49bd_b52b_0fa14221da3e 0 0 io.apicurio.tests.common.serdes.TestObject@3dbd29cb
2025-07-31 20:42:11,676 INFO  [io.api.tes.ser.api.KafkaSerdesTester] (Thread-630) topic-cdb4b504_aeb4_49bd_b52b_0fa14221da3e 0 1 io.apicurio.tests.common.serdes.TestObject@3dbd29cb
2025-07-31 20:42:11,676 INFO  [io.api.tes.ser.api.KafkaSerdesTester] (Thread-630) topic-cdb4b504_aeb4_49bd_b52b_0fa14221da3e 0 2 io.apicurio.tests.common.serdes.TestObject@3dbd29cb
2025-07-31 20:42:11,676 INFO  [io.api.tes.ser.api.KafkaSerdesTester] (Thread-630) topic-cdb4b504_aeb4_49bd_b52b_0fa14221da3e 0 3 io.apicurio.tests.common.serdes.TestObject@3dbd29cb
2025-07-31 20:42:11,676 INFO  [io.api.tes.ser.api.KafkaSerdesTester] (Thread-630) topic-cdb4b504_aeb4_49bd_b52b_0fa14221da3e 0 4 io.apicurio.tests.common.serdes.TestObject@3dbd29cb
2025-07-31 20:42:11,676 INFO  [io.api.tes.ser.api.KafkaSerdesTester] (Thread-630) topic-cdb4b504_aeb4_49bd_b52b_0fa14221da3e 0 5 io.apicurio.tests.common.serdes.TestObject@3dbd29cb
2025-07-31 20:42:11,676 INFO  [io.api.tes.ser.api.KafkaSerdesTester] (Thread-630) topic-cdb4b504_aeb4_49bd_b52b_0fa14221da3e 0 6 io.apicurio.tests.common.serdes.TestObject@3dbd29cb
2025-07-31 20:42:11,676 INFO  [io.api.tes.ser.api.KafkaSerdesTester] (Thread-630) topic-cdb4b504_aeb4_49bd_b52b_0fa14221da3e 0 7 io.apicurio.tests.common.serdes.TestObject@3dbd29cb
2025-07-31 20:42:11,676 INFO  [io.api.tes.ser.api.KafkaSerdesTester] (Thread-630) topic-cdb4b504_aeb4_49bd_b52b_0fa14221da3e 0 8 io.apicurio.tests.common.serdes.TestObject@3dbd29cb
2025-07-31 20:42:11,676 INFO  [io.api.tes.ser.api.KafkaSerdesTester] (Thread-630) topic-cdb4b504_aeb4_49bd_b52b_0fa14221da3e 0 9 io.apicurio.tests.common.serdes.TestObject@3dbd29cb
2025-07-31 20:42:11,676 INFO  [io.api.tes.ser.api.KafkaSerdesTester] (Thread-630) Consumed 10 messages
2025-07-31 20:42:11,681 INFO  [org.apa.kaf.cli.con.int.ConsumerRebalanceListenerInvoker] (Thread-630) [Consumer clientId=consumer-Consumer-topic-cdb4b504_aeb4_49bd_b52b_0fa14221da3e-6, groupId=Consumer-topic-cdb4b504_aeb4_49bd_b52b_0fa14221da3e] Revoke previously assigned partitions topic-cdb4b504_aeb4_49bd_b52b_0fa14221da3e-0
2025-07-31 20:42:11,681 INFO  [org.apa.kaf.cli.con.int.ConsumerCoordinator] (Thread-630) [Consumer clientId=consumer-Consumer-topic-cdb4b504_aeb4_49bd_b52b_0fa14221da3e-6, groupId=Consumer-topic-cdb4b504_aeb4_49bd_b52b_0fa14221da3e] Member consumer-Consumer-topic-cdb4b504_aeb4_49bd_b52b_0fa14221da3e-6-7cb9a71f-7330-4535-9bc5-87127d5dc5f0 sending LeaveGroup request to coordinator localhost:32770 (id: 2147483647 rack: null) due to the consumer is being closed
2025-07-31 20:42:11,681 INFO  [org.apa.kaf.cli.con.int.ConsumerCoordinator] (Thread-630) [Consumer clientId=consumer-Consumer-topic-cdb4b504_aeb4_49bd_b52b_0fa14221da3e-6, groupId=Consumer-topic-cdb4b504_aeb4_49bd_b52b_0fa14221da3e] Resetting generation and member id due to: consumer pro-actively leaving the group
2025-07-31 20:42:11,681 INFO  [org.apa.kaf.cli.con.int.ConsumerCoordinator] (Thread-630) [Consumer clientId=consumer-Consumer-topic-cdb4b504_aeb4_49bd_b52b_0fa14221da3e-6, groupId=Consumer-topic-cdb4b504_aeb4_49bd_b52b_0fa14221da3e] Request joining group due to: consumer pro-actively leaving the group
2025-07-31 20:42:12,180 INFO  [org.apa.kaf.com.met.Metrics] (Thread-630) Metrics scheduler closed
2025-07-31 20:42:12,180 INFO  [org.apa.kaf.com.met.Metrics] (Thread-630) Closing reporter org.apache.kafka.common.metrics.JmxReporter
2025-07-31 20:42:12,180 INFO  [org.apa.kaf.com.met.Metrics] (Thread-630) Closing reporter org.apache.kafka.common.telemetry.internals.ClientTelemetryReporter
2025-07-31 20:42:12,180 INFO  [org.apa.kaf.com.met.Metrics] (Thread-630) Metrics reporters closed
2025-07-31 20:42:12,183 INFO  [org.apa.kaf.com.uti.AppInfoParser] (Thread-630) App info kafka.consumer for consumer-Consumer-topic-cdb4b504_aeb4_49bd_b52b_0fa14221da3e-6 unregistered
2025-07-31 20:42:12,187 INFO  [io.api.tes.uti.TestSeparator] (main) io.apicurio.tests.serdes.apicurio.AvroSerdeIT.testReflectAutoRegister-FINISHED
2025-07-31 20:42:12,187 INFO  [io.api.tes.uti.TestSeparator] (main) ############################################################################
Test passed: testReflectAutoRegister
]]></system-out>
  </testcase>
  <testcase name="testArtifactNotFound" classname="io.apicurio.tests.serdes.apicurio.AvroSerdeIT" time="0.42">
    <system-out><![CDATA[2025-07-31 20:42:12,189 INFO  [io.api.tes.uti.TestSeparator] (main) ############################################################################
2025-07-31 20:42:12,189 INFO  [io.api.tes.uti.TestSeparator] (main) io.apicurio.tests.serdes.apicurio.AvroSerdeIT.testArtifactNotFound-STARTED
**** Registry Base URL: http://registry-app-postgresql.apps.ci419.apicurio-testing.org:80
2025-07-31 20:42:12,192 INFO  [org.apa.kaf.cli.pro.ProducerConfig] (main) ProducerConfig values: 
	acks = -1
	auto.include.jmx.reporter = true
	batch.size = 16384
	bootstrap.servers = [PLAINTEXT://localhost:32770]
	buffer.memory = 33554432
	client.dns.lookup = use_all_dns_ips
	client.id = Producer-sca66f8dax32c0x45a7xa723x72ba215aa08a
	compression.gzip.level = -1
	compression.lz4.level = 9
	compression.type = none
	compression.zstd.level = 3
	connections.max.idle.ms = 10000
	delivery.timeout.ms = 120000
	enable.idempotence = true
	enable.metrics.push = true
	interceptor.classes = []
	key.serializer = class org.apache.kafka.common.serialization.StringSerializer
	linger.ms = 0
	max.block.ms = 60000
	max.in.flight.requests.per.connection = 5
	max.request.size = 1048576
	metadata.max.age.ms = 300000
	metadata.max.idle.ms = 300000
	metadata.recovery.strategy = none
	metric.reporters = []
	metrics.num.samples = 2
	metrics.recording.level = INFO
	metrics.sample.window.ms = 30000
	partitioner.adaptive.partitioning.enable = true
	partitioner.availability.timeout.ms = 0
	partitioner.class = null
	partitioner.ignore.keys = false
	receive.buffer.bytes = 32768
	reconnect.backoff.max.ms = 1000
	reconnect.backoff.ms = 50
	request.timeout.ms = 5000
	retries = 2147483647
	retry.backoff.max.ms = 1000
	retry.backoff.ms = 100
	sasl.client.callback.handler.class = null
	sasl.jaas.config = null
	sasl.kerberos.kinit.cmd = /usr/bin/kinit
	sasl.kerberos.min.time.before.relogin = 60000
	sasl.kerberos.service.name = null
	sasl.kerberos.ticket.renew.jitter = 0.05
	sasl.kerberos.ticket.renew.window.factor = 0.8
	sasl.login.callback.handler.class = null
	sasl.login.class = null
	sasl.login.connect.timeout.ms = null
	sasl.login.read.timeout.ms = null
	sasl.login.refresh.buffer.seconds = 300
	sasl.login.refresh.min.period.seconds = 60
	sasl.login.refresh.window.factor = 0.8
	sasl.login.refresh.window.jitter = 0.05
	sasl.login.retry.backoff.max.ms = 10000
	sasl.login.retry.backoff.ms = 100
	sasl.mechanism = GSSAPI
	sasl.oauthbearer.clock.skew.seconds = 30
	sasl.oauthbearer.expected.audience = null
	sasl.oauthbearer.expected.issuer = null
	sasl.oauthbearer.header.urlencode = false
	sasl.oauthbearer.jwks.endpoint.refresh.ms = 3600000
	sasl.oauthbearer.jwks.endpoint.retry.backoff.max.ms = 10000
	sasl.oauthbearer.jwks.endpoint.retry.backoff.ms = 100
	sasl.oauthbearer.jwks.endpoint.url = null
	sasl.oauthbearer.scope.claim.name = scope
	sasl.oauthbearer.sub.claim.name = sub
	sasl.oauthbearer.token.endpoint.url = null
	security.protocol = PLAINTEXT
	security.providers = null
	send.buffer.bytes = 131072
	socket.connection.setup.timeout.max.ms = 30000
	socket.connection.setup.timeout.ms = 10000
	ssl.cipher.suites = null
	ssl.enabled.protocols = [TLSv1.2, TLSv1.3]
	ssl.endpoint.identification.algorithm = https
	ssl.engine.factory.class = null
	ssl.key.password = null
	ssl.keymanager.algorithm = SunX509
	ssl.keystore.certificate.chain = null
	ssl.keystore.key = null
	ssl.keystore.location = null
	ssl.keystore.password = null
	ssl.keystore.type = JKS
	ssl.protocol = TLSv1.3
	ssl.provider = null
	ssl.secure.random.implementation = null
	ssl.trustmanager.algorithm = PKIX
	ssl.truststore.certificates = null
	ssl.truststore.location = null
	ssl.truststore.password = null
	ssl.truststore.type = JKS
	transaction.timeout.ms = 60000
	transactional.id = null
	value.serializer = class io.apicurio.registry.serde.avro.AvroKafkaSerializer

2025-07-31 20:42:12,192 INFO  [org.apa.kaf.com.tel.int.KafkaMetricsCollector] (main) initializing Kafka metrics collector
2025-07-31 20:42:12,195 INFO  [org.apa.kaf.cli.pro.KafkaProducer] (main) [Producer clientId=Producer-sca66f8dax32c0x45a7xa723x72ba215aa08a] Instantiated an idempotent producer.
2025-07-31 20:42:12,199 INFO  [org.apa.kaf.cli.pro.ProducerConfig] (main) These configurations '[apicurio.registry.url, apicurio.registry.artifact-resolver-strategy]' were supplied but are not used yet.
2025-07-31 20:42:12,199 INFO  [org.apa.kaf.com.uti.AppInfoParser] (main) Kafka version: 3.9.1
2025-07-31 20:42:12,199 INFO  [org.apa.kaf.com.uti.AppInfoParser] (main) Kafka commitId: f745dfdcee2b9851
2025-07-31 20:42:12,199 INFO  [org.apa.kaf.com.uti.AppInfoParser] (main) Kafka startTimeMs: 1753994532199
2025-07-31 20:42:12,200 INFO  [io.api.tes.ser.api.KafkaSerdesTester] (Thread-633) Sending message {"keyB": "value-0"} to topic sca66f8dax32c0x45a7xa723x72ba215aa08a
2025-07-31 20:42:12,219 WARN  [org.apa.kaf.cli.NetworkClient] (kafka-producer-network-thread | Producer-sca66f8dax32c0x45a7xa723x72ba215aa08a) [Producer clientId=Producer-sca66f8dax32c0x45a7xa723x72ba215aa08a] The metadata response from the cluster reported a recoverable issue with correlation id 2 : {sca66f8dax32c0x45a7xa723x72ba215aa08a=LEADER_NOT_AVAILABLE}
2025-07-31 20:42:12,220 INFO  [org.apa.kaf.cli.Metadata] (kafka-producer-network-thread | Producer-sca66f8dax32c0x45a7xa723x72ba215aa08a) [Producer clientId=Producer-sca66f8dax32c0x45a7xa723x72ba215aa08a] Cluster ID: 1k_IxQydR42FDqpO2KqWFA
2025-07-31 20:42:12,221 INFO  [org.apa.kaf.cli.pro.int.TransactionManager] (kafka-producer-network-thread | Producer-sca66f8dax32c0x45a7xa723x72ba215aa08a) [Producer clientId=Producer-sca66f8dax32c0x45a7xa723x72ba215aa08a] ProducerId set to 7 with epoch 0
2025-07-31 20:42:12,349 INFO  [DefaultSchemaResolver] (Thread-633) Retrieving schema content using string: {"type":"record","name":"myrecord","namespace":"mygroup","fields":[{"name":"keyB","type":"string"}]}
2025-07-31 20:42:12,599 INFO  [org.apa.kaf.cli.pro.KafkaProducer] (Thread-633) [Producer clientId=Producer-sca66f8dax32c0x45a7xa723x72ba215aa08a] Closing the Kafka producer with timeoutMillis = 9223372036854775807 ms.
2025-07-31 20:42:12,606 INFO  [org.apa.kaf.com.met.Metrics] (Thread-633) Metrics scheduler closed
2025-07-31 20:42:12,606 INFO  [org.apa.kaf.com.met.Metrics] (Thread-633) Closing reporter org.apache.kafka.common.metrics.JmxReporter
2025-07-31 20:42:12,606 INFO  [org.apa.kaf.com.met.Metrics] (Thread-633) Closing reporter org.apache.kafka.common.telemetry.internals.ClientTelemetryReporter
2025-07-31 20:42:12,606 INFO  [org.apa.kaf.com.met.Metrics] (Thread-633) Metrics reporters closed
2025-07-31 20:42:12,607 INFO  [org.apa.kaf.com.uti.AppInfoParser] (Thread-633) App info kafka.producer for Producer-sca66f8dax32c0x45a7xa723x72ba215aa08a unregistered
2025-07-31 20:42:12,608 INFO  [io.api.tes.uti.TestSeparator] (main) io.apicurio.tests.serdes.apicurio.AvroSerdeIT.testArtifactNotFound-FINISHED
2025-07-31 20:42:12,608 INFO  [io.api.tes.uti.TestSeparator] (main) ############################################################################
Test passed: testArtifactNotFound
]]></system-out>
    <system-err><![CDATA[java.lang.RuntimeException: Could not resolve artifact reference by content: {"type":"record","name":"myrecord","namespace":"mygroup","fields":[{"name":"keyB","type":"string"}]}&ArtifactReference [groupId=default, artifactId=sca66f8dax32c0x45a7xa723x72ba215aa08a-value, version=null, globalId=null, contentId=null, contentHash=null]
	at io.apicurio.registry.resolver.DefaultSchemaResolver.lambda$handleResolveSchemaByContent$3(DefaultSchemaResolver.java:265)
	at io.apicurio.registry.resolver.cache.ERCache.lambda$getValue$0(ERCache.java:174)
	at io.apicurio.registry.resolver.cache.ERCache.retry(ERCache.java:227)
	at io.apicurio.registry.resolver.cache.ERCache.getValue(ERCache.java:173)
	at io.apicurio.registry.resolver.cache.ERCache.getByContent(ERCache.java:147)
	at io.apicurio.registry.resolver.DefaultSchemaResolver.handleResolveSchemaByContent(DefaultSchemaResolver.java:253)
	at io.apicurio.registry.resolver.DefaultSchemaResolver.getSchemaFromRegistry(DefaultSchemaResolver.java:138)
	at io.apicurio.registry.resolver.DefaultSchemaResolver.lambda$resolveSchema$0(DefaultSchemaResolver.java:84)
	at java.base/java.util.Optional.orElseGet(Optional.java:364)
	at io.apicurio.registry.resolver.DefaultSchemaResolver.resolveSchema(DefaultSchemaResolver.java:84)
	at io.apicurio.registry.serde.AbstractSerializer.serializeData(AbstractSerializer.java:62)
	at io.apicurio.registry.serde.KafkaSerializer.serialize(KafkaSerializer.java:77)
	at org.apache.kafka.clients.producer.KafkaProducer.doSend(KafkaProducer.java:1046)
	at org.apache.kafka.clients.producer.KafkaProducer.send(KafkaProducer.java:993)
	at org.apache.kafka.clients.producer.KafkaProducer.send(KafkaProducer.java:875)
	at io.apicurio.tests.serdes.apicurio.KafkaSerdesTester.lambda$produceMessages$3(KafkaSerdesTester.java:138)
	at java.base/java.util.concurrent.CompletableFuture$AsyncSupply.run(CompletableFuture.java:1768)
	at java.base/java.lang.Thread.run(Thread.java:840)
]]></system-err>
  </testcase>
  <testcase name="testAvroSerDesFailDifferentSchemaByRecordName" classname="io.apicurio.tests.serdes.apicurio.AvroSerdeIT" time="1.377">
    <system-out><![CDATA[2025-07-31 20:42:12,613 INFO  [io.api.tes.uti.TestSeparator] (main) ############################################################################
2025-07-31 20:42:12,613 INFO  [io.api.tes.uti.TestSeparator] (main) io.apicurio.tests.serdes.apicurio.AvroSerdeIT.testAvroSerDesFailDifferentSchemaByRecordName-STARTED
**** Registry Base URL: http://registry-app-postgresql.apps.ci419.apicurio-testing.org:80
2025-07-31 20:42:13,812 INFO  [org.apa.kaf.cli.pro.ProducerConfig] (main) ProducerConfig values: 
	acks = -1
	auto.include.jmx.reporter = true
	batch.size = 16384
	bootstrap.servers = [PLAINTEXT://localhost:32770]
	buffer.memory = 33554432
	client.dns.lookup = use_all_dns_ips
	client.id = Producer-topic-67053a36_2ca6_4716_948f_3edbc56e6012
	compression.gzip.level = -1
	compression.lz4.level = 9
	compression.type = none
	compression.zstd.level = 3
	connections.max.idle.ms = 10000
	delivery.timeout.ms = 120000
	enable.idempotence = true
	enable.metrics.push = true
	interceptor.classes = []
	key.serializer = class org.apache.kafka.common.serialization.StringSerializer
	linger.ms = 0
	max.block.ms = 60000
	max.in.flight.requests.per.connection = 5
	max.request.size = 1048576
	metadata.max.age.ms = 300000
	metadata.max.idle.ms = 300000
	metadata.recovery.strategy = none
	metric.reporters = []
	metrics.num.samples = 2
	metrics.recording.level = INFO
	metrics.sample.window.ms = 30000
	partitioner.adaptive.partitioning.enable = true
	partitioner.availability.timeout.ms = 0
	partitioner.class = null
	partitioner.ignore.keys = false
	receive.buffer.bytes = 32768
	reconnect.backoff.max.ms = 1000
	reconnect.backoff.ms = 50
	request.timeout.ms = 5000
	retries = 2147483647
	retry.backoff.max.ms = 1000
	retry.backoff.ms = 100
	sasl.client.callback.handler.class = null
	sasl.jaas.config = null
	sasl.kerberos.kinit.cmd = /usr/bin/kinit
	sasl.kerberos.min.time.before.relogin = 60000
	sasl.kerberos.service.name = null
	sasl.kerberos.ticket.renew.jitter = 0.05
	sasl.kerberos.ticket.renew.window.factor = 0.8
	sasl.login.callback.handler.class = null
	sasl.login.class = null
	sasl.login.connect.timeout.ms = null
	sasl.login.read.timeout.ms = null
	sasl.login.refresh.buffer.seconds = 300
	sasl.login.refresh.min.period.seconds = 60
	sasl.login.refresh.window.factor = 0.8
	sasl.login.refresh.window.jitter = 0.05
	sasl.login.retry.backoff.max.ms = 10000
	sasl.login.retry.backoff.ms = 100
	sasl.mechanism = GSSAPI
	sasl.oauthbearer.clock.skew.seconds = 30
	sasl.oauthbearer.expected.audience = null
	sasl.oauthbearer.expected.issuer = null
	sasl.oauthbearer.header.urlencode = false
	sasl.oauthbearer.jwks.endpoint.refresh.ms = 3600000
	sasl.oauthbearer.jwks.endpoint.retry.backoff.max.ms = 10000
	sasl.oauthbearer.jwks.endpoint.retry.backoff.ms = 100
	sasl.oauthbearer.jwks.endpoint.url = null
	sasl.oauthbearer.scope.claim.name = scope
	sasl.oauthbearer.sub.claim.name = sub
	sasl.oauthbearer.token.endpoint.url = null
	security.protocol = PLAINTEXT
	security.providers = null
	send.buffer.bytes = 131072
	socket.connection.setup.timeout.max.ms = 30000
	socket.connection.setup.timeout.ms = 10000
	ssl.cipher.suites = null
	ssl.enabled.protocols = [TLSv1.2, TLSv1.3]
	ssl.endpoint.identification.algorithm = https
	ssl.engine.factory.class = null
	ssl.key.password = null
	ssl.keymanager.algorithm = SunX509
	ssl.keystore.certificate.chain = null
	ssl.keystore.key = null
	ssl.keystore.location = null
	ssl.keystore.password = null
	ssl.keystore.type = JKS
	ssl.protocol = TLSv1.3
	ssl.provider = null
	ssl.secure.random.implementation = null
	ssl.trustmanager.algorithm = PKIX
	ssl.truststore.certificates = null
	ssl.truststore.location = null
	ssl.truststore.password = null
	ssl.truststore.type = JKS
	transaction.timeout.ms = 60000
	transactional.id = null
	value.serializer = class io.apicurio.registry.serde.avro.AvroKafkaSerializer

2025-07-31 20:42:13,813 INFO  [org.apa.kaf.com.tel.int.KafkaMetricsCollector] (main) initializing Kafka metrics collector
2025-07-31 20:42:13,818 INFO  [org.apa.kaf.cli.pro.KafkaProducer] (main) [Producer clientId=Producer-topic-67053a36_2ca6_4716_948f_3edbc56e6012] Instantiated an idempotent producer.
2025-07-31 20:42:13,822 INFO  [org.apa.kaf.cli.pro.ProducerConfig] (main) These configurations '[apicurio.registry.find-latest, apicurio.registry.url, apicurio.registry.artifact-resolver-strategy]' were supplied but are not used yet.
2025-07-31 20:42:13,822 INFO  [org.apa.kaf.com.uti.AppInfoParser] (main) Kafka version: 3.9.1
2025-07-31 20:42:13,822 INFO  [org.apa.kaf.com.uti.AppInfoParser] (main) Kafka commitId: f745dfdcee2b9851
2025-07-31 20:42:13,822 INFO  [org.apa.kaf.com.uti.AppInfoParser] (main) Kafka startTimeMs: 1753994533822
2025-07-31 20:42:13,824 INFO  [io.api.tes.ser.api.KafkaSerdesTester] (Thread-636) Sending message {"keyB": "value-0"} to topic topic-67053a36_2ca6_4716_948f_3edbc56e6012
2025-07-31 20:42:13,829 INFO  [org.apa.kaf.cli.Metadata] (kafka-producer-network-thread | Producer-topic-67053a36_2ca6_4716_948f_3edbc56e6012) [Producer clientId=Producer-topic-67053a36_2ca6_4716_948f_3edbc56e6012] Cluster ID: 1k_IxQydR42FDqpO2KqWFA
2025-07-31 20:42:13,830 INFO  [org.apa.kaf.cli.pro.int.TransactionManager] (kafka-producer-network-thread | Producer-topic-67053a36_2ca6_4716_948f_3edbc56e6012) [Producer clientId=Producer-topic-67053a36_2ca6_4716_948f_3edbc56e6012] ProducerId set to 8 with epoch 0
2025-07-31 20:42:13,987 INFO  [org.apa.kaf.cli.pro.KafkaProducer] (Thread-636) [Producer clientId=Producer-topic-67053a36_2ca6_4716_948f_3edbc56e6012] Closing the Kafka producer with timeoutMillis = 9223372036854775807 ms.
2025-07-31 20:42:13,989 INFO  [org.apa.kaf.com.met.Metrics] (Thread-636) Metrics scheduler closed
2025-07-31 20:42:13,989 INFO  [org.apa.kaf.com.met.Metrics] (Thread-636) Closing reporter org.apache.kafka.common.metrics.JmxReporter
2025-07-31 20:42:13,989 INFO  [org.apa.kaf.com.met.Metrics] (Thread-636) Closing reporter org.apache.kafka.common.telemetry.internals.ClientTelemetryReporter
2025-07-31 20:42:13,989 INFO  [org.apa.kaf.com.met.Metrics] (Thread-636) Metrics reporters closed
2025-07-31 20:42:13,989 INFO  [org.apa.kaf.com.uti.AppInfoParser] (Thread-636) App info kafka.producer for Producer-topic-67053a36_2ca6_4716_948f_3edbc56e6012 unregistered
2025-07-31 20:42:13,990 INFO  [io.api.tes.uti.TestSeparator] (main) io.apicurio.tests.serdes.apicurio.AvroSerdeIT.testAvroSerDesFailDifferentSchemaByRecordName-FINISHED
2025-07-31 20:42:13,990 INFO  [io.api.tes.uti.TestSeparator] (main) ############################################################################
Test passed: testAvroSerDesFailDifferentSchemaByRecordName
]]></system-out>
    <system-err><![CDATA[io.apicurio.registry.rest.client.models.ProblemDetails
	at io.apicurio.registry.rest.client.models.ProblemDetails.createFromDiscriminatorValue(ProblemDetails.java:58)
	at io.kiota.serialization.json.JsonParseNode.getObjectValue(JsonParseNode.java:247)
	at io.kiota.http.vertx.VertXRequestAdapter.lambda$throwIfFailedResponse$0(VertXRequestAdapter.java:400)
	at com.microsoft.kiota.ApiExceptionBuilder.<init>(ApiExceptionBuilder.java:26)
	at io.kiota.http.vertx.VertXRequestAdapter.throwIfFailedResponse(VertXRequestAdapter.java:399)
	at io.kiota.http.vertx.VertXRequestAdapter.send(VertXRequestAdapter.java:170)
	at io.apicurio.registry.rest.client.groups.item.artifacts.item.versions.item.WithVersionExpressionItemRequestBuilder.get(WithVersionExpressionItemRequestBuilder.java:128)
	at io.apicurio.registry.rest.client.groups.item.artifacts.item.versions.item.WithVersionExpressionItemRequestBuilder.get(WithVersionExpressionItemRequestBuilder.java:111)
	at io.apicurio.registry.resolver.client.RegistryClientFacadeImpl.getVersionCoordinatesByGAV(RegistryClientFacadeImpl.java:153)
	at io.apicurio.registry.resolver.DefaultSchemaResolver.resolveByCoordinates(DefaultSchemaResolver.java:352)
	at io.apicurio.registry.resolver.DefaultSchemaResolver.lambda$resolveSchemaByArtifactReferenceCached$6(DefaultSchemaResolver.java:340)
	at io.apicurio.registry.resolver.cache.ERCache.lambda$getValue$0(ERCache.java:174)
	at io.apicurio.registry.resolver.cache.ERCache.retry(ERCache.java:227)
	at io.apicurio.registry.resolver.cache.ERCache.getValue(ERCache.java:173)
	at io.apicurio.registry.resolver.cache.ERCache.getByArtifactCoordinates(ERCache.java:158)
	at io.apicurio.registry.resolver.DefaultSchemaResolver.resolveSchemaByArtifactReferenceCached(DefaultSchemaResolver.java:338)
	at io.apicurio.registry.resolver.DefaultSchemaResolver.resolveSchemaByCoordinates(DefaultSchemaResolver.java:193)
	at io.apicurio.registry.resolver.DefaultSchemaResolver.getSchemaFromRegistry(DefaultSchemaResolver.java:130)
	at io.apicurio.registry.resolver.DefaultSchemaResolver.lambda$resolveSchema$0(DefaultSchemaResolver.java:84)
	at java.base/java.util.Optional.orElseGet(Optional.java:364)
	at io.apicurio.registry.resolver.DefaultSchemaResolver.resolveSchema(DefaultSchemaResolver.java:84)
	at io.apicurio.registry.serde.AbstractSerializer.serializeData(AbstractSerializer.java:62)
	at io.apicurio.registry.serde.KafkaSerializer.serialize(KafkaSerializer.java:77)
	at org.apache.kafka.clients.producer.KafkaProducer.doSend(KafkaProducer.java:1046)
	at org.apache.kafka.clients.producer.KafkaProducer.send(KafkaProducer.java:993)
	at org.apache.kafka.clients.producer.KafkaProducer.send(KafkaProducer.java:875)
	at io.apicurio.tests.serdes.apicurio.KafkaSerdesTester.lambda$produceMessages$3(KafkaSerdesTester.java:138)
	at java.base/java.util.concurrent.CompletableFuture$AsyncSupply.run(CompletableFuture.java:1768)
	at java.base/java.lang.Thread.run(Thread.java:840)
]]></system-err>
  </testcase>
  <testcase name="testTopicIdStrategyFindLatest" classname="io.apicurio.tests.serdes.apicurio.AvroSerdeIT" time="2.367">
    <system-out><![CDATA[2025-07-31 20:42:13,993 INFO  [io.api.tes.uti.TestSeparator] (main) ############################################################################
2025-07-31 20:42:13,994 INFO  [io.api.tes.uti.TestSeparator] (main) io.apicurio.tests.serdes.apicurio.AvroSerdeIT.testTopicIdStrategyFindLatest-STARTED
2025-07-31 20:42:13,994 INFO  [io.api.tes.ser.api.AvroSerdeIT] (main) Registering Avro Schema: {"type":"record","name":"myrecordapicurio1","fields":[{"name":"key11753994533994","type":"string"}]}
**** Registry Base URL: http://registry-app-postgresql.apps.ci419.apicurio-testing.org:80
2025-07-31 20:42:15,175 INFO  [org.apa.kaf.cli.pro.ProducerConfig] (main) ProducerConfig values: 
	acks = -1
	auto.include.jmx.reporter = true
	batch.size = 16384
	bootstrap.servers = [PLAINTEXT://localhost:32770]
	buffer.memory = 33554432
	client.dns.lookup = use_all_dns_ips
	client.id = Producer-topic-c6f4e0b1_ec32_496d_93db_d97f933fa4b9
	compression.gzip.level = -1
	compression.lz4.level = 9
	compression.type = none
	compression.zstd.level = 3
	connections.max.idle.ms = 10000
	delivery.timeout.ms = 120000
	enable.idempotence = true
	enable.metrics.push = true
	interceptor.classes = []
	key.serializer = class org.apache.kafka.common.serialization.StringSerializer
	linger.ms = 0
	max.block.ms = 60000
	max.in.flight.requests.per.connection = 5
	max.request.size = 1048576
	metadata.max.age.ms = 300000
	metadata.max.idle.ms = 300000
	metadata.recovery.strategy = none
	metric.reporters = []
	metrics.num.samples = 2
	metrics.recording.level = INFO
	metrics.sample.window.ms = 30000
	partitioner.adaptive.partitioning.enable = true
	partitioner.availability.timeout.ms = 0
	partitioner.class = null
	partitioner.ignore.keys = false
	receive.buffer.bytes = 32768
	reconnect.backoff.max.ms = 1000
	reconnect.backoff.ms = 50
	request.timeout.ms = 5000
	retries = 2147483647
	retry.backoff.max.ms = 1000
	retry.backoff.ms = 100
	sasl.client.callback.handler.class = null
	sasl.jaas.config = null
	sasl.kerberos.kinit.cmd = /usr/bin/kinit
	sasl.kerberos.min.time.before.relogin = 60000
	sasl.kerberos.service.name = null
	sasl.kerberos.ticket.renew.jitter = 0.05
	sasl.kerberos.ticket.renew.window.factor = 0.8
	sasl.login.callback.handler.class = null
	sasl.login.class = null
	sasl.login.connect.timeout.ms = null
	sasl.login.read.timeout.ms = null
	sasl.login.refresh.buffer.seconds = 300
	sasl.login.refresh.min.period.seconds = 60
	sasl.login.refresh.window.factor = 0.8
	sasl.login.refresh.window.jitter = 0.05
	sasl.login.retry.backoff.max.ms = 10000
	sasl.login.retry.backoff.ms = 100
	sasl.mechanism = GSSAPI
	sasl.oauthbearer.clock.skew.seconds = 30
	sasl.oauthbearer.expected.audience = null
	sasl.oauthbearer.expected.issuer = null
	sasl.oauthbearer.header.urlencode = false
	sasl.oauthbearer.jwks.endpoint.refresh.ms = 3600000
	sasl.oauthbearer.jwks.endpoint.retry.backoff.max.ms = 10000
	sasl.oauthbearer.jwks.endpoint.retry.backoff.ms = 100
	sasl.oauthbearer.jwks.endpoint.url = null
	sasl.oauthbearer.scope.claim.name = scope
	sasl.oauthbearer.sub.claim.name = sub
	sasl.oauthbearer.token.endpoint.url = null
	security.protocol = PLAINTEXT
	security.providers = null
	send.buffer.bytes = 131072
	socket.connection.setup.timeout.max.ms = 30000
	socket.connection.setup.timeout.ms = 10000
	ssl.cipher.suites = null
	ssl.enabled.protocols = [TLSv1.2, TLSv1.3]
	ssl.endpoint.identification.algorithm = https
	ssl.engine.factory.class = null
	ssl.key.password = null
	ssl.keymanager.algorithm = SunX509
	ssl.keystore.certificate.chain = null
	ssl.keystore.key = null
	ssl.keystore.location = null
	ssl.keystore.password = null
	ssl.keystore.type = JKS
	ssl.protocol = TLSv1.3
	ssl.provider = null
	ssl.secure.random.implementation = null
	ssl.trustmanager.algorithm = PKIX
	ssl.truststore.certificates = null
	ssl.truststore.location = null
	ssl.truststore.password = null
	ssl.truststore.type = JKS
	transaction.timeout.ms = 60000
	transactional.id = null
	value.serializer = class io.apicurio.registry.serde.avro.AvroKafkaSerializer

2025-07-31 20:42:15,175 INFO  [org.apa.kaf.com.tel.int.KafkaMetricsCollector] (main) initializing Kafka metrics collector
2025-07-31 20:42:15,179 INFO  [org.apa.kaf.cli.pro.KafkaProducer] (main) [Producer clientId=Producer-topic-c6f4e0b1_ec32_496d_93db_d97f933fa4b9] Instantiated an idempotent producer.
2025-07-31 20:42:15,181 INFO  [org.apa.kaf.cli.pro.ProducerConfig] (main) These configurations '[apicurio.registry.find-latest, apicurio.registry.url, apicurio.registry.artifact-resolver-strategy]' were supplied but are not used yet.
2025-07-31 20:42:15,181 INFO  [org.apa.kaf.com.uti.AppInfoParser] (main) Kafka version: 3.9.1
2025-07-31 20:42:15,181 INFO  [org.apa.kaf.com.uti.AppInfoParser] (main) Kafka commitId: f745dfdcee2b9851
2025-07-31 20:42:15,181 INFO  [org.apa.kaf.com.uti.AppInfoParser] (main) Kafka startTimeMs: 1753994535181
2025-07-31 20:42:15,181 INFO  [io.api.tes.ser.api.SimpleSerdesTesterBuilder$SimpleSerdesTester] (main) Using producer configuration: {apicurio.registry.find-latest=true, apicurio.registry.url=http://registry-app-postgresql.apps.ci419.apicurio-testing.org:80/apis/registry/v3, apicurio.registry.artifact-resolver-strategy=io.apicurio.registry.serde.strategy.TopicIdStrategy, value.serializer=io.apicurio.registry.serde.avro.AvroKafkaSerializer, request.timeout.ms=5000, acks=all, bootstrap.servers=PLAINTEXT://localhost:32770, connections.max.idle.ms=10000, key.serializer=org.apache.kafka.common.serialization.StringSerializer, client.id=Producer-topic-c6f4e0b1_ec32_496d_93db_d97f933fa4b9}
2025-07-31 20:42:15,181 INFO  [io.api.tes.ser.api.SimpleSerdesTesterBuilder$SimpleSerdesTester] (main) Using consumer configuration: {}
2025-07-31 20:42:15,183 INFO  [io.api.tes.ser.api.KafkaSerdesTester] (Thread-639) Sending message {"key11753994533994": "value-0"} to topic topic-c6f4e0b1_ec32_496d_93db_d97f933fa4b9
2025-07-31 20:42:15,186 INFO  [org.apa.kaf.cli.Metadata] (kafka-producer-network-thread | Producer-topic-c6f4e0b1_ec32_496d_93db_d97f933fa4b9) [Producer clientId=Producer-topic-c6f4e0b1_ec32_496d_93db_d97f933fa4b9] Cluster ID: 1k_IxQydR42FDqpO2KqWFA
2025-07-31 20:42:15,188 INFO  [org.apa.kaf.cli.pro.int.TransactionManager] (kafka-producer-network-thread | Producer-topic-c6f4e0b1_ec32_496d_93db_d97f933fa4b9) [Producer clientId=Producer-topic-c6f4e0b1_ec32_496d_93db_d97f933fa4b9] ProducerId set to 9 with epoch 0
2025-07-31 20:42:15,517 INFO  [io.api.tes.ser.api.KafkaSerdesTester] (Thread-639) Sending message {"key11753994533994": "value-1"} to topic topic-c6f4e0b1_ec32_496d_93db_d97f933fa4b9
2025-07-31 20:42:15,521 INFO  [io.api.tes.ser.api.KafkaSerdesTester] (Thread-639) Sending message {"key11753994533994": "value-2"} to topic topic-c6f4e0b1_ec32_496d_93db_d97f933fa4b9
2025-07-31 20:42:15,523 INFO  [io.api.tes.ser.api.KafkaSerdesTester] (Thread-639) Sending message {"key11753994533994": "value-3"} to topic topic-c6f4e0b1_ec32_496d_93db_d97f933fa4b9
2025-07-31 20:42:15,525 INFO  [io.api.tes.ser.api.KafkaSerdesTester] (Thread-639) Sending message {"key11753994533994": "value-4"} to topic topic-c6f4e0b1_ec32_496d_93db_d97f933fa4b9
2025-07-31 20:42:15,527 INFO  [io.api.tes.ser.api.KafkaSerdesTester] (Thread-639) Sending message {"key11753994533994": "value-5"} to topic topic-c6f4e0b1_ec32_496d_93db_d97f933fa4b9
2025-07-31 20:42:15,528 INFO  [io.api.tes.ser.api.KafkaSerdesTester] (Thread-639) Sending message {"key11753994533994": "value-6"} to topic topic-c6f4e0b1_ec32_496d_93db_d97f933fa4b9
2025-07-31 20:42:15,530 INFO  [io.api.tes.ser.api.KafkaSerdesTester] (Thread-639) Sending message {"key11753994533994": "value-7"} to topic topic-c6f4e0b1_ec32_496d_93db_d97f933fa4b9
2025-07-31 20:42:15,532 INFO  [io.api.tes.ser.api.KafkaSerdesTester] (Thread-639) Sending message {"key11753994533994": "value-8"} to topic topic-c6f4e0b1_ec32_496d_93db_d97f933fa4b9
2025-07-31 20:42:15,534 INFO  [io.api.tes.ser.api.KafkaSerdesTester] (Thread-639) Sending message {"key11753994533994": "value-9"} to topic topic-c6f4e0b1_ec32_496d_93db_d97f933fa4b9
2025-07-31 20:42:15,536 INFO  [io.api.tes.ser.api.KafkaSerdesTester] (Thread-639) Produced 10 messages
2025-07-31 20:42:15,536 INFO  [org.apa.kaf.cli.pro.KafkaProducer] (Thread-639) [Producer clientId=Producer-topic-c6f4e0b1_ec32_496d_93db_d97f933fa4b9] Closing the Kafka producer with timeoutMillis = 9223372036854775807 ms.
2025-07-31 20:42:15,539 INFO  [org.apa.kaf.com.met.Metrics] (Thread-639) Metrics scheduler closed
2025-07-31 20:42:15,539 INFO  [org.apa.kaf.com.met.Metrics] (Thread-639) Closing reporter org.apache.kafka.common.metrics.JmxReporter
2025-07-31 20:42:15,539 INFO  [org.apa.kaf.com.met.Metrics] (Thread-639) Closing reporter org.apache.kafka.common.telemetry.internals.ClientTelemetryReporter
2025-07-31 20:42:15,539 INFO  [org.apa.kaf.com.met.Metrics] (Thread-639) Metrics reporters closed
2025-07-31 20:42:15,540 INFO  [org.apa.kaf.com.uti.AppInfoParser] (Thread-639) App info kafka.producer for Producer-topic-c6f4e0b1_ec32_496d_93db_d97f933fa4b9 unregistered
**** Registry Base URL: http://registry-app-postgresql.apps.ci419.apicurio-testing.org:80
2025-07-31 20:42:15,542 INFO  [org.apa.kaf.cli.con.ConsumerConfig] (main) ConsumerConfig values: 
	allow.auto.create.topics = true
	auto.commit.interval.ms = 500
	auto.include.jmx.reporter = true
	auto.offset.reset = earliest
	bootstrap.servers = [PLAINTEXT://localhost:32770]
	check.crcs = true
	client.dns.lookup = use_all_dns_ips
	client.id = consumer-Consumer-topic-c6f4e0b1_ec32_496d_93db_d97f933fa4b9-7
	client.rack = 
	connections.max.idle.ms = 10000
	default.api.timeout.ms = 60000
	enable.auto.commit = true
	enable.metrics.push = true
	exclude.internal.topics = true
	fetch.max.bytes = 52428800
	fetch.max.wait.ms = 500
	fetch.min.bytes = 1
	group.id = Consumer-topic-c6f4e0b1_ec32_496d_93db_d97f933fa4b9
	group.instance.id = null
	group.protocol = classic
	group.remote.assignor = null
	heartbeat.interval.ms = 3000
	interceptor.classes = []
	internal.leave.group.on.close = true
	internal.throw.on.fetch.stable.offset.unsupported = false
	isolation.level = read_uncommitted
	key.deserializer = class org.apache.kafka.common.serialization.StringDeserializer
	max.partition.fetch.bytes = 1048576
	max.poll.interval.ms = 300000
	max.poll.records = 500
	metadata.max.age.ms = 300000
	metadata.recovery.strategy = none
	metric.reporters = []
	metrics.num.samples = 2
	metrics.recording.level = INFO
	metrics.sample.window.ms = 30000
	partition.assignment.strategy = [class org.apache.kafka.clients.consumer.RangeAssignor, class org.apache.kafka.clients.consumer.CooperativeStickyAssignor]
	receive.buffer.bytes = 65536
	reconnect.backoff.max.ms = 1000
	reconnect.backoff.ms = 50
	request.timeout.ms = 5000
	retry.backoff.max.ms = 1000
	retry.backoff.ms = 100
	sasl.client.callback.handler.class = null
	sasl.jaas.config = null
	sasl.kerberos.kinit.cmd = /usr/bin/kinit
	sasl.kerberos.min.time.before.relogin = 60000
	sasl.kerberos.service.name = null
	sasl.kerberos.ticket.renew.jitter = 0.05
	sasl.kerberos.ticket.renew.window.factor = 0.8
	sasl.login.callback.handler.class = null
	sasl.login.class = null
	sasl.login.connect.timeout.ms = null
	sasl.login.read.timeout.ms = null
	sasl.login.refresh.buffer.seconds = 300
	sasl.login.refresh.min.period.seconds = 60
	sasl.login.refresh.window.factor = 0.8
	sasl.login.refresh.window.jitter = 0.05
	sasl.login.retry.backoff.max.ms = 10000
	sasl.login.retry.backoff.ms = 100
	sasl.mechanism = GSSAPI
	sasl.oauthbearer.clock.skew.seconds = 30
	sasl.oauthbearer.expected.audience = null
	sasl.oauthbearer.expected.issuer = null
	sasl.oauthbearer.header.urlencode = false
	sasl.oauthbearer.jwks.endpoint.refresh.ms = 3600000
	sasl.oauthbearer.jwks.endpoint.retry.backoff.max.ms = 10000
	sasl.oauthbearer.jwks.endpoint.retry.backoff.ms = 100
	sasl.oauthbearer.jwks.endpoint.url = null
	sasl.oauthbearer.scope.claim.name = scope
	sasl.oauthbearer.sub.claim.name = sub
	sasl.oauthbearer.token.endpoint.url = null
	security.protocol = PLAINTEXT
	security.providers = null
	send.buffer.bytes = 131072
	session.timeout.ms = 45000
	socket.connection.setup.timeout.max.ms = 30000
	socket.connection.setup.timeout.ms = 10000
	ssl.cipher.suites = null
	ssl.enabled.protocols = [TLSv1.2, TLSv1.3]
	ssl.endpoint.identification.algorithm = https
	ssl.engine.factory.class = null
	ssl.key.password = null
	ssl.keymanager.algorithm = SunX509
	ssl.keystore.certificate.chain = null
	ssl.keystore.key = null
	ssl.keystore.location = null
	ssl.keystore.password = null
	ssl.keystore.type = JKS
	ssl.protocol = TLSv1.3
	ssl.provider = null
	ssl.secure.random.implementation = null
	ssl.trustmanager.algorithm = PKIX
	ssl.truststore.certificates = null
	ssl.truststore.location = null
	ssl.truststore.password = null
	ssl.truststore.type = JKS
	value.deserializer = class io.apicurio.registry.serde.avro.AvroKafkaDeserializer

2025-07-31 20:42:15,543 INFO  [org.apa.kaf.com.tel.int.KafkaMetricsCollector] (main) initializing Kafka metrics collector
2025-07-31 20:42:15,557 INFO  [org.apa.kaf.cli.con.ConsumerConfig] (main) These configurations '[apicurio.registry.url]' were supplied but are not used yet.
2025-07-31 20:42:15,557 INFO  [org.apa.kaf.com.uti.AppInfoParser] (main) Kafka version: 3.9.1
2025-07-31 20:42:15,557 INFO  [org.apa.kaf.com.uti.AppInfoParser] (main) Kafka commitId: f745dfdcee2b9851
2025-07-31 20:42:15,558 INFO  [org.apa.kaf.com.uti.AppInfoParser] (main) Kafka startTimeMs: 1753994535557
2025-07-31 20:42:15,559 INFO  [org.apa.kaf.cli.con.int.ClassicKafkaConsumer] (Thread-642) [Consumer clientId=consumer-Consumer-topic-c6f4e0b1_ec32_496d_93db_d97f933fa4b9-7, groupId=Consumer-topic-c6f4e0b1_ec32_496d_93db_d97f933fa4b9] Subscribed to topic(s): topic-c6f4e0b1_ec32_496d_93db_d97f933fa4b9
2025-07-31 20:42:15,570 INFO  [org.apa.kaf.cli.Metadata] (Thread-642) [Consumer clientId=consumer-Consumer-topic-c6f4e0b1_ec32_496d_93db_d97f933fa4b9-7, groupId=Consumer-topic-c6f4e0b1_ec32_496d_93db_d97f933fa4b9] Cluster ID: 1k_IxQydR42FDqpO2KqWFA
2025-07-31 20:42:15,574 INFO  [org.apa.kaf.cli.con.int.ConsumerCoordinator] (Thread-642) [Consumer clientId=consumer-Consumer-topic-c6f4e0b1_ec32_496d_93db_d97f933fa4b9-7, groupId=Consumer-topic-c6f4e0b1_ec32_496d_93db_d97f933fa4b9] Discovered group coordinator localhost:32770 (id: 2147483647 rack: null)
2025-07-31 20:42:15,581 INFO  [org.apa.kaf.cli.con.int.ConsumerCoordinator] (Thread-642) [Consumer clientId=consumer-Consumer-topic-c6f4e0b1_ec32_496d_93db_d97f933fa4b9-7, groupId=Consumer-topic-c6f4e0b1_ec32_496d_93db_d97f933fa4b9] (Re-)joining group
2025-07-31 20:42:15,599 INFO  [org.apa.kaf.cli.con.int.ConsumerCoordinator] (Thread-642) [Consumer clientId=consumer-Consumer-topic-c6f4e0b1_ec32_496d_93db_d97f933fa4b9-7, groupId=Consumer-topic-c6f4e0b1_ec32_496d_93db_d97f933fa4b9] Request joining group due to: need to re-join with the given member-id: consumer-Consumer-topic-c6f4e0b1_ec32_496d_93db_d97f933fa4b9-7-7c14b6b8-4d09-4883-8115-a8ebd476f111
2025-07-31 20:42:15,599 INFO  [org.apa.kaf.cli.con.int.ConsumerCoordinator] (Thread-642) [Consumer clientId=consumer-Consumer-topic-c6f4e0b1_ec32_496d_93db_d97f933fa4b9-7, groupId=Consumer-topic-c6f4e0b1_ec32_496d_93db_d97f933fa4b9] (Re-)joining group
2025-07-31 20:42:15,609 INFO  [org.apa.kaf.cli.con.int.ConsumerCoordinator] (Thread-642) [Consumer clientId=consumer-Consumer-topic-c6f4e0b1_ec32_496d_93db_d97f933fa4b9-7, groupId=Consumer-topic-c6f4e0b1_ec32_496d_93db_d97f933fa4b9] Successfully joined group with generation Generation{generationId=1, memberId='consumer-Consumer-topic-c6f4e0b1_ec32_496d_93db_d97f933fa4b9-7-7c14b6b8-4d09-4883-8115-a8ebd476f111', protocol='range'}
2025-07-31 20:42:15,609 INFO  [org.apa.kaf.cli.con.int.ConsumerCoordinator] (Thread-642) [Consumer clientId=consumer-Consumer-topic-c6f4e0b1_ec32_496d_93db_d97f933fa4b9-7, groupId=Consumer-topic-c6f4e0b1_ec32_496d_93db_d97f933fa4b9] Finished assignment for group at generation 1: {consumer-Consumer-topic-c6f4e0b1_ec32_496d_93db_d97f933fa4b9-7-7c14b6b8-4d09-4883-8115-a8ebd476f111=Assignment(partitions=[topic-c6f4e0b1_ec32_496d_93db_d97f933fa4b9-0])}
2025-07-31 20:42:15,616 INFO  [org.apa.kaf.cli.con.int.ConsumerCoordinator] (Thread-642) [Consumer clientId=consumer-Consumer-topic-c6f4e0b1_ec32_496d_93db_d97f933fa4b9-7, groupId=Consumer-topic-c6f4e0b1_ec32_496d_93db_d97f933fa4b9] Successfully synced group in generation Generation{generationId=1, memberId='consumer-Consumer-topic-c6f4e0b1_ec32_496d_93db_d97f933fa4b9-7-7c14b6b8-4d09-4883-8115-a8ebd476f111', protocol='range'}
2025-07-31 20:42:15,616 INFO  [org.apa.kaf.cli.con.int.ConsumerCoordinator] (Thread-642) [Consumer clientId=consumer-Consumer-topic-c6f4e0b1_ec32_496d_93db_d97f933fa4b9-7, groupId=Consumer-topic-c6f4e0b1_ec32_496d_93db_d97f933fa4b9] Notifying assignor about the new Assignment(partitions=[topic-c6f4e0b1_ec32_496d_93db_d97f933fa4b9-0])
2025-07-31 20:42:15,616 INFO  [org.apa.kaf.cli.con.int.ConsumerRebalanceListenerInvoker] (Thread-642) [Consumer clientId=consumer-Consumer-topic-c6f4e0b1_ec32_496d_93db_d97f933fa4b9-7, groupId=Consumer-topic-c6f4e0b1_ec32_496d_93db_d97f933fa4b9] Adding newly assigned partitions: topic-c6f4e0b1_ec32_496d_93db_d97f933fa4b9-0
2025-07-31 20:42:15,618 INFO  [org.apa.kaf.cli.con.int.ConsumerCoordinator] (Thread-642) [Consumer clientId=consumer-Consumer-topic-c6f4e0b1_ec32_496d_93db_d97f933fa4b9-7, groupId=Consumer-topic-c6f4e0b1_ec32_496d_93db_d97f933fa4b9] Found no committed offset for partition topic-c6f4e0b1_ec32_496d_93db_d97f933fa4b9-0
2025-07-31 20:42:15,622 INFO  [org.apa.kaf.cli.con.int.SubscriptionState] (Thread-642) [Consumer clientId=consumer-Consumer-topic-c6f4e0b1_ec32_496d_93db_d97f933fa4b9-7, groupId=Consumer-topic-c6f4e0b1_ec32_496d_93db_d97f933fa4b9] Resetting offset for partition topic-c6f4e0b1_ec32_496d_93db_d97f933fa4b9-0 to position FetchPosition{offset=0, offsetEpoch=Optional.empty, currentLeader=LeaderAndEpoch{leader=Optional[localhost:32770 (id: 0 rack: null)], epoch=0}}.
2025-07-31 20:42:15,849 INFO  [io.api.tes.ser.api.KafkaSerdesTester] (Thread-642) topic-c6f4e0b1_ec32_496d_93db_d97f933fa4b9 0 0 {"key11753994533994": "value-0"}
2025-07-31 20:42:15,850 INFO  [io.api.tes.ser.api.KafkaSerdesTester] (Thread-642) topic-c6f4e0b1_ec32_496d_93db_d97f933fa4b9 0 1 {"key11753994533994": "value-1"}
2025-07-31 20:42:15,850 INFO  [io.api.tes.ser.api.KafkaSerdesTester] (Thread-642) topic-c6f4e0b1_ec32_496d_93db_d97f933fa4b9 0 2 {"key11753994533994": "value-2"}
2025-07-31 20:42:15,850 INFO  [io.api.tes.ser.api.KafkaSerdesTester] (Thread-642) topic-c6f4e0b1_ec32_496d_93db_d97f933fa4b9 0 3 {"key11753994533994": "value-3"}
2025-07-31 20:42:15,850 INFO  [io.api.tes.ser.api.KafkaSerdesTester] (Thread-642) topic-c6f4e0b1_ec32_496d_93db_d97f933fa4b9 0 4 {"key11753994533994": "value-4"}
2025-07-31 20:42:15,850 INFO  [io.api.tes.ser.api.KafkaSerdesTester] (Thread-642) topic-c6f4e0b1_ec32_496d_93db_d97f933fa4b9 0 5 {"key11753994533994": "value-5"}
2025-07-31 20:42:15,850 INFO  [io.api.tes.ser.api.KafkaSerdesTester] (Thread-642) topic-c6f4e0b1_ec32_496d_93db_d97f933fa4b9 0 6 {"key11753994533994": "value-6"}
2025-07-31 20:42:15,850 INFO  [io.api.tes.ser.api.KafkaSerdesTester] (Thread-642) topic-c6f4e0b1_ec32_496d_93db_d97f933fa4b9 0 7 {"key11753994533994": "value-7"}
2025-07-31 20:42:15,850 INFO  [io.api.tes.ser.api.KafkaSerdesTester] (Thread-642) topic-c6f4e0b1_ec32_496d_93db_d97f933fa4b9 0 8 {"key11753994533994": "value-8"}
2025-07-31 20:42:15,850 INFO  [io.api.tes.ser.api.KafkaSerdesTester] (Thread-642) topic-c6f4e0b1_ec32_496d_93db_d97f933fa4b9 0 9 {"key11753994533994": "value-9"}
2025-07-31 20:42:15,850 INFO  [io.api.tes.ser.api.KafkaSerdesTester] (Thread-642) Consumed 10 messages
2025-07-31 20:42:15,853 INFO  [org.apa.kaf.cli.con.int.ConsumerRebalanceListenerInvoker] (Thread-642) [Consumer clientId=consumer-Consumer-topic-c6f4e0b1_ec32_496d_93db_d97f933fa4b9-7, groupId=Consumer-topic-c6f4e0b1_ec32_496d_93db_d97f933fa4b9] Revoke previously assigned partitions topic-c6f4e0b1_ec32_496d_93db_d97f933fa4b9-0
2025-07-31 20:42:15,853 INFO  [org.apa.kaf.cli.con.int.ConsumerCoordinator] (Thread-642) [Consumer clientId=consumer-Consumer-topic-c6f4e0b1_ec32_496d_93db_d97f933fa4b9-7, groupId=Consumer-topic-c6f4e0b1_ec32_496d_93db_d97f933fa4b9] Member consumer-Consumer-topic-c6f4e0b1_ec32_496d_93db_d97f933fa4b9-7-7c14b6b8-4d09-4883-8115-a8ebd476f111 sending LeaveGroup request to coordinator localhost:32770 (id: 2147483647 rack: null) due to the consumer is being closed
2025-07-31 20:42:15,855 INFO  [org.apa.kaf.cli.con.int.ConsumerCoordinator] (Thread-642) [Consumer clientId=consumer-Consumer-topic-c6f4e0b1_ec32_496d_93db_d97f933fa4b9-7, groupId=Consumer-topic-c6f4e0b1_ec32_496d_93db_d97f933fa4b9] Resetting generation and member id due to: consumer pro-actively leaving the group
2025-07-31 20:42:15,855 INFO  [org.apa.kaf.cli.con.int.ConsumerCoordinator] (Thread-642) [Consumer clientId=consumer-Consumer-topic-c6f4e0b1_ec32_496d_93db_d97f933fa4b9-7, groupId=Consumer-topic-c6f4e0b1_ec32_496d_93db_d97f933fa4b9] Request joining group due to: consumer pro-actively leaving the group
2025-07-31 20:42:16,354 INFO  [org.apa.kaf.com.met.Metrics] (Thread-642) Metrics scheduler closed
2025-07-31 20:42:16,354 INFO  [org.apa.kaf.com.met.Metrics] (Thread-642) Closing reporter org.apache.kafka.common.metrics.JmxReporter
2025-07-31 20:42:16,354 INFO  [org.apa.kaf.com.met.Metrics] (Thread-642) Closing reporter org.apache.kafka.common.telemetry.internals.ClientTelemetryReporter
2025-07-31 20:42:16,354 INFO  [org.apa.kaf.com.met.Metrics] (Thread-642) Metrics reporters closed
2025-07-31 20:42:16,358 INFO  [org.apa.kaf.com.uti.AppInfoParser] (Thread-642) App info kafka.consumer for consumer-Consumer-topic-c6f4e0b1_ec32_496d_93db_d97f933fa4b9-7 unregistered
2025-07-31 20:42:16,358 INFO  [io.api.tes.uti.TestSeparator] (main) io.apicurio.tests.serdes.apicurio.AvroSerdeIT.testTopicIdStrategyFindLatest-FINISHED
2025-07-31 20:42:16,358 INFO  [io.api.tes.uti.TestSeparator] (main) ############################################################################
Test passed: testTopicIdStrategyFindLatest
]]></system-out>
  </testcase>
  <testcase name="testAvroUnionWithSpecificReader" classname="io.apicurio.tests.serdes.apicurio.AvroSerdeIT" time="1.807">
    <system-out><![CDATA[2025-07-31 20:42:16,359 INFO  [io.api.tes.uti.TestSeparator] (main) ############################################################################
2025-07-31 20:42:16,359 INFO  [io.api.tes.uti.TestSeparator] (main) io.apicurio.tests.serdes.apicurio.AvroSerdeIT.testAvroUnionWithSpecificReader-STARTED
**** Registry Base URL: http://registry-app-postgresql.apps.ci419.apicurio-testing.org:80
2025-07-31 20:42:16,376 INFO  [org.apa.kaf.cli.pro.ProducerConfig] (main) ProducerConfig values: 
	acks = -1
	auto.include.jmx.reporter = true
	batch.size = 16384
	bootstrap.servers = [PLAINTEXT://localhost:32770]
	buffer.memory = 33554432
	client.dns.lookup = use_all_dns_ips
	client.id = Producer-topic-093d5241_472e_4560_9278_9b7bcf6fabee
	compression.gzip.level = -1
	compression.lz4.level = 9
	compression.type = none
	compression.zstd.level = 3
	connections.max.idle.ms = 10000
	delivery.timeout.ms = 120000
	enable.idempotence = true
	enable.metrics.push = true
	interceptor.classes = []
	key.serializer = class org.apache.kafka.common.serialization.StringSerializer
	linger.ms = 0
	max.block.ms = 60000
	max.in.flight.requests.per.connection = 5
	max.request.size = 1048576
	metadata.max.age.ms = 300000
	metadata.max.idle.ms = 300000
	metadata.recovery.strategy = none
	metric.reporters = []
	metrics.num.samples = 2
	metrics.recording.level = INFO
	metrics.sample.window.ms = 30000
	partitioner.adaptive.partitioning.enable = true
	partitioner.availability.timeout.ms = 0
	partitioner.class = null
	partitioner.ignore.keys = false
	receive.buffer.bytes = 32768
	reconnect.backoff.max.ms = 1000
	reconnect.backoff.ms = 50
	request.timeout.ms = 5000
	retries = 2147483647
	retry.backoff.max.ms = 1000
	retry.backoff.ms = 100
	sasl.client.callback.handler.class = null
	sasl.jaas.config = null
	sasl.kerberos.kinit.cmd = /usr/bin/kinit
	sasl.kerberos.min.time.before.relogin = 60000
	sasl.kerberos.service.name = null
	sasl.kerberos.ticket.renew.jitter = 0.05
	sasl.kerberos.ticket.renew.window.factor = 0.8
	sasl.login.callback.handler.class = null
	sasl.login.class = null
	sasl.login.connect.timeout.ms = null
	sasl.login.read.timeout.ms = null
	sasl.login.refresh.buffer.seconds = 300
	sasl.login.refresh.min.period.seconds = 60
	sasl.login.refresh.window.factor = 0.8
	sasl.login.refresh.window.jitter = 0.05
	sasl.login.retry.backoff.max.ms = 10000
	sasl.login.retry.backoff.ms = 100
	sasl.mechanism = GSSAPI
	sasl.oauthbearer.clock.skew.seconds = 30
	sasl.oauthbearer.expected.audience = null
	sasl.oauthbearer.expected.issuer = null
	sasl.oauthbearer.header.urlencode = false
	sasl.oauthbearer.jwks.endpoint.refresh.ms = 3600000
	sasl.oauthbearer.jwks.endpoint.retry.backoff.max.ms = 10000
	sasl.oauthbearer.jwks.endpoint.retry.backoff.ms = 100
	sasl.oauthbearer.jwks.endpoint.url = null
	sasl.oauthbearer.scope.claim.name = scope
	sasl.oauthbearer.sub.claim.name = sub
	sasl.oauthbearer.token.endpoint.url = null
	security.protocol = PLAINTEXT
	security.providers = null
	send.buffer.bytes = 131072
	socket.connection.setup.timeout.max.ms = 30000
	socket.connection.setup.timeout.ms = 10000
	ssl.cipher.suites = null
	ssl.enabled.protocols = [TLSv1.2, TLSv1.3]
	ssl.endpoint.identification.algorithm = https
	ssl.engine.factory.class = null
	ssl.key.password = null
	ssl.keymanager.algorithm = SunX509
	ssl.keystore.certificate.chain = null
	ssl.keystore.key = null
	ssl.keystore.location = null
	ssl.keystore.password = null
	ssl.keystore.type = JKS
	ssl.protocol = TLSv1.3
	ssl.provider = null
	ssl.secure.random.implementation = null
	ssl.trustmanager.algorithm = PKIX
	ssl.truststore.certificates = null
	ssl.truststore.location = null
	ssl.truststore.password = null
	ssl.truststore.type = JKS
	transaction.timeout.ms = 60000
	transactional.id = null
	value.serializer = class io.apicurio.registry.serde.avro.AvroKafkaSerializer

2025-07-31 20:42:16,377 INFO  [org.apa.kaf.com.tel.int.KafkaMetricsCollector] (main) initializing Kafka metrics collector
2025-07-31 20:42:16,396 INFO  [org.apa.kaf.cli.pro.KafkaProducer] (main) [Producer clientId=Producer-topic-093d5241_472e_4560_9278_9b7bcf6fabee] Instantiated an idempotent producer.
2025-07-31 20:42:16,409 INFO  [org.apa.kaf.cli.pro.ProducerConfig] (main) These configurations '[apicurio.registry.url, apicurio.registry.auto-register, apicurio.registry.artifact-resolver-strategy]' were supplied but are not used yet.
2025-07-31 20:42:16,412 INFO  [org.apa.kaf.com.uti.AppInfoParser] (main) Kafka version: 3.9.1
2025-07-31 20:42:16,412 INFO  [org.apa.kaf.com.uti.AppInfoParser] (main) Kafka commitId: f745dfdcee2b9851
2025-07-31 20:42:16,412 INFO  [org.apa.kaf.com.uti.AppInfoParser] (main) Kafka startTimeMs: 1753994536409
2025-07-31 20:42:16,412 INFO  [io.api.tes.ser.api.SimpleSerdesTesterBuilder$SimpleSerdesTester] (main) Using producer configuration: {apicurio.registry.url=http://registry-app-postgresql.apps.ci419.apicurio-testing.org:80/apis/registry/v3, apicurio.registry.auto-register=true, apicurio.registry.artifact-resolver-strategy=io.apicurio.registry.serde.strategy.TopicIdStrategy, value.serializer=io.apicurio.registry.serde.avro.AvroKafkaSerializer, request.timeout.ms=5000, acks=all, bootstrap.servers=PLAINTEXT://localhost:32770, connections.max.idle.ms=10000, key.serializer=org.apache.kafka.common.serialization.StringSerializer, client.id=Producer-topic-093d5241_472e_4560_9278_9b7bcf6fabee}
2025-07-31 20:42:16,412 INFO  [io.api.tes.ser.api.SimpleSerdesTesterBuilder$SimpleSerdesTester] (main) Using consumer configuration: {}
2025-07-31 20:42:16,414 INFO  [io.api.tes.ser.api.KafkaSerdesTester] (Thread-645) Sending message {"id": "record-0"} to topic topic-093d5241_472e_4560_9278_9b7bcf6fabee
2025-07-31 20:42:16,423 WARN  [org.apa.kaf.cli.NetworkClient] (kafka-producer-network-thread | Producer-topic-093d5241_472e_4560_9278_9b7bcf6fabee) [Producer clientId=Producer-topic-093d5241_472e_4560_9278_9b7bcf6fabee] The metadata response from the cluster reported a recoverable issue with correlation id 2 : {topic-093d5241_472e_4560_9278_9b7bcf6fabee=LEADER_NOT_AVAILABLE}
2025-07-31 20:42:16,423 INFO  [org.apa.kaf.cli.Metadata] (kafka-producer-network-thread | Producer-topic-093d5241_472e_4560_9278_9b7bcf6fabee) [Producer clientId=Producer-topic-093d5241_472e_4560_9278_9b7bcf6fabee] Cluster ID: 1k_IxQydR42FDqpO2KqWFA
2025-07-31 20:42:16,424 INFO  [org.apa.kaf.cli.pro.int.TransactionManager] (kafka-producer-network-thread | Producer-topic-093d5241_472e_4560_9278_9b7bcf6fabee) [Producer clientId=Producer-topic-093d5241_472e_4560_9278_9b7bcf6fabee] ProducerId set to 10 with epoch 0
2025-07-31 20:42:16,717 INFO  [io.api.tes.ser.api.KafkaSerdesTester] (Thread-645) Sending message {"value": 1} to topic topic-093d5241_472e_4560_9278_9b7bcf6fabee
2025-07-31 20:42:16,840 INFO  [io.api.tes.ser.api.KafkaSerdesTester] (Thread-645) Sending message {"active": true} to topic topic-093d5241_472e_4560_9278_9b7bcf6fabee
2025-07-31 20:42:16,961 INFO  [io.api.tes.ser.api.KafkaSerdesTester] (Thread-645) Sending message {"id": "record-3"} to topic topic-093d5241_472e_4560_9278_9b7bcf6fabee
2025-07-31 20:42:16,962 INFO  [io.api.tes.ser.api.KafkaSerdesTester] (Thread-645) Sending message {"value": 4} to topic topic-093d5241_472e_4560_9278_9b7bcf6fabee
2025-07-31 20:42:16,966 INFO  [io.api.tes.ser.api.KafkaSerdesTester] (Thread-645) Sending message {"active": false} to topic topic-093d5241_472e_4560_9278_9b7bcf6fabee
2025-07-31 20:42:16,970 INFO  [io.api.tes.ser.api.KafkaSerdesTester] (Thread-645) Sending message {"id": "record-6"} to topic topic-093d5241_472e_4560_9278_9b7bcf6fabee
2025-07-31 20:42:16,972 INFO  [io.api.tes.ser.api.KafkaSerdesTester] (Thread-645) Sending message {"value": 7} to topic topic-093d5241_472e_4560_9278_9b7bcf6fabee
2025-07-31 20:42:16,974 INFO  [io.api.tes.ser.api.KafkaSerdesTester] (Thread-645) Sending message {"active": true} to topic topic-093d5241_472e_4560_9278_9b7bcf6fabee
2025-07-31 20:42:16,975 INFO  [io.api.tes.ser.api.KafkaSerdesTester] (Thread-645) Sending message {"id": "record-9"} to topic topic-093d5241_472e_4560_9278_9b7bcf6fabee
2025-07-31 20:42:16,976 INFO  [io.api.tes.ser.api.KafkaSerdesTester] (Thread-645) Produced 10 messages
2025-07-31 20:42:16,976 INFO  [org.apa.kaf.cli.pro.KafkaProducer] (Thread-645) [Producer clientId=Producer-topic-093d5241_472e_4560_9278_9b7bcf6fabee] Closing the Kafka producer with timeoutMillis = 9223372036854775807 ms.
2025-07-31 20:42:16,979 INFO  [org.apa.kaf.com.met.Metrics] (Thread-645) Metrics scheduler closed
2025-07-31 20:42:16,979 INFO  [org.apa.kaf.com.met.Metrics] (Thread-645) Closing reporter org.apache.kafka.common.metrics.JmxReporter
2025-07-31 20:42:16,979 INFO  [org.apa.kaf.com.met.Metrics] (Thread-645) Closing reporter org.apache.kafka.common.telemetry.internals.ClientTelemetryReporter
2025-07-31 20:42:16,979 INFO  [org.apa.kaf.com.met.Metrics] (Thread-645) Metrics reporters closed
2025-07-31 20:42:16,980 INFO  [org.apa.kaf.com.uti.AppInfoParser] (Thread-645) App info kafka.producer for Producer-topic-093d5241_472e_4560_9278_9b7bcf6fabee unregistered
2025-07-31 20:42:17,063 INFO  [io.api.tes.ser.api.AvroSerdeIT] (main) Artifact topic-093d5241_472e_4560_9278_9b7bcf6fabee-value found in registry with globalId 25
**** Registry Base URL: http://registry-app-postgresql.apps.ci419.apicurio-testing.org:80
2025-07-31 20:42:17,064 INFO  [org.apa.kaf.cli.con.ConsumerConfig] (main) ConsumerConfig values: 
	allow.auto.create.topics = true
	auto.commit.interval.ms = 500
	auto.include.jmx.reporter = true
	auto.offset.reset = earliest
	bootstrap.servers = [PLAINTEXT://localhost:32770]
	check.crcs = true
	client.dns.lookup = use_all_dns_ips
	client.id = consumer-Consumer-topic-093d5241_472e_4560_9278_9b7bcf6fabee-8
	client.rack = 
	connections.max.idle.ms = 10000
	default.api.timeout.ms = 60000
	enable.auto.commit = true
	enable.metrics.push = true
	exclude.internal.topics = true
	fetch.max.bytes = 52428800
	fetch.max.wait.ms = 500
	fetch.min.bytes = 1
	group.id = Consumer-topic-093d5241_472e_4560_9278_9b7bcf6fabee
	group.instance.id = null
	group.protocol = classic
	group.remote.assignor = null
	heartbeat.interval.ms = 3000
	interceptor.classes = []
	internal.leave.group.on.close = true
	internal.throw.on.fetch.stable.offset.unsupported = false
	isolation.level = read_uncommitted
	key.deserializer = class org.apache.kafka.common.serialization.StringDeserializer
	max.partition.fetch.bytes = 1048576
	max.poll.interval.ms = 300000
	max.poll.records = 500
	metadata.max.age.ms = 300000
	metadata.recovery.strategy = none
	metric.reporters = []
	metrics.num.samples = 2
	metrics.recording.level = INFO
	metrics.sample.window.ms = 30000
	partition.assignment.strategy = [class org.apache.kafka.clients.consumer.RangeAssignor, class org.apache.kafka.clients.consumer.CooperativeStickyAssignor]
	receive.buffer.bytes = 65536
	reconnect.backoff.max.ms = 1000
	reconnect.backoff.ms = 50
	request.timeout.ms = 5000
	retry.backoff.max.ms = 1000
	retry.backoff.ms = 100
	sasl.client.callback.handler.class = null
	sasl.jaas.config = null
	sasl.kerberos.kinit.cmd = /usr/bin/kinit
	sasl.kerberos.min.time.before.relogin = 60000
	sasl.kerberos.service.name = null
	sasl.kerberos.ticket.renew.jitter = 0.05
	sasl.kerberos.ticket.renew.window.factor = 0.8
	sasl.login.callback.handler.class = null
	sasl.login.class = null
	sasl.login.connect.timeout.ms = null
	sasl.login.read.timeout.ms = null
	sasl.login.refresh.buffer.seconds = 300
	sasl.login.refresh.min.period.seconds = 60
	sasl.login.refresh.window.factor = 0.8
	sasl.login.refresh.window.jitter = 0.05
	sasl.login.retry.backoff.max.ms = 10000
	sasl.login.retry.backoff.ms = 100
	sasl.mechanism = GSSAPI
	sasl.oauthbearer.clock.skew.seconds = 30
	sasl.oauthbearer.expected.audience = null
	sasl.oauthbearer.expected.issuer = null
	sasl.oauthbearer.header.urlencode = false
	sasl.oauthbearer.jwks.endpoint.refresh.ms = 3600000
	sasl.oauthbearer.jwks.endpoint.retry.backoff.max.ms = 10000
	sasl.oauthbearer.jwks.endpoint.retry.backoff.ms = 100
	sasl.oauthbearer.jwks.endpoint.url = null
	sasl.oauthbearer.scope.claim.name = scope
	sasl.oauthbearer.sub.claim.name = sub
	sasl.oauthbearer.token.endpoint.url = null
	security.protocol = PLAINTEXT
	security.providers = null
	send.buffer.bytes = 131072
	session.timeout.ms = 45000
	socket.connection.setup.timeout.max.ms = 30000
	socket.connection.setup.timeout.ms = 10000
	ssl.cipher.suites = null
	ssl.enabled.protocols = [TLSv1.2, TLSv1.3]
	ssl.endpoint.identification.algorithm = https
	ssl.engine.factory.class = null
	ssl.key.password = null
	ssl.keymanager.algorithm = SunX509
	ssl.keystore.certificate.chain = null
	ssl.keystore.key = null
	ssl.keystore.location = null
	ssl.keystore.password = null
	ssl.keystore.type = JKS
	ssl.protocol = TLSv1.3
	ssl.provider = null
	ssl.secure.random.implementation = null
	ssl.trustmanager.algorithm = PKIX
	ssl.truststore.certificates = null
	ssl.truststore.location = null
	ssl.truststore.password = null
	ssl.truststore.type = JKS
	value.deserializer = class io.apicurio.registry.serde.avro.AvroKafkaDeserializer

2025-07-31 20:42:17,064 INFO  [org.apa.kaf.com.tel.int.KafkaMetricsCollector] (main) initializing Kafka metrics collector
2025-07-31 20:42:17,069 INFO  [org.apa.kaf.cli.con.ConsumerConfig] (main) These configurations '[apicurio.registry.url]' were supplied but are not used yet.
2025-07-31 20:42:17,069 INFO  [org.apa.kaf.com.uti.AppInfoParser] (main) Kafka version: 3.9.1
2025-07-31 20:42:17,069 INFO  [org.apa.kaf.com.uti.AppInfoParser] (main) Kafka commitId: f745dfdcee2b9851
2025-07-31 20:42:17,069 INFO  [org.apa.kaf.com.uti.AppInfoParser] (main) Kafka startTimeMs: 1753994537069
2025-07-31 20:42:17,070 INFO  [org.apa.kaf.cli.con.int.ClassicKafkaConsumer] (Thread-648) [Consumer clientId=consumer-Consumer-topic-093d5241_472e_4560_9278_9b7bcf6fabee-8, groupId=Consumer-topic-093d5241_472e_4560_9278_9b7bcf6fabee] Subscribed to topic(s): topic-093d5241_472e_4560_9278_9b7bcf6fabee
2025-07-31 20:42:17,074 INFO  [org.apa.kaf.cli.Metadata] (Thread-648) [Consumer clientId=consumer-Consumer-topic-093d5241_472e_4560_9278_9b7bcf6fabee-8, groupId=Consumer-topic-093d5241_472e_4560_9278_9b7bcf6fabee] Cluster ID: 1k_IxQydR42FDqpO2KqWFA
2025-07-31 20:42:17,074 INFO  [org.apa.kaf.cli.con.int.ConsumerCoordinator] (Thread-648) [Consumer clientId=consumer-Consumer-topic-093d5241_472e_4560_9278_9b7bcf6fabee-8, groupId=Consumer-topic-093d5241_472e_4560_9278_9b7bcf6fabee] Discovered group coordinator localhost:32770 (id: 2147483647 rack: null)
2025-07-31 20:42:17,076 INFO  [org.apa.kaf.cli.con.int.ConsumerCoordinator] (Thread-648) [Consumer clientId=consumer-Consumer-topic-093d5241_472e_4560_9278_9b7bcf6fabee-8, groupId=Consumer-topic-093d5241_472e_4560_9278_9b7bcf6fabee] (Re-)joining group
2025-07-31 20:42:17,078 INFO  [org.apa.kaf.cli.con.int.ConsumerCoordinator] (Thread-648) [Consumer clientId=consumer-Consumer-topic-093d5241_472e_4560_9278_9b7bcf6fabee-8, groupId=Consumer-topic-093d5241_472e_4560_9278_9b7bcf6fabee] Request joining group due to: need to re-join with the given member-id: consumer-Consumer-topic-093d5241_472e_4560_9278_9b7bcf6fabee-8-d4f309b6-6ced-4bb9-bbe7-e7f113999989
2025-07-31 20:42:17,078 INFO  [org.apa.kaf.cli.con.int.ConsumerCoordinator] (Thread-648) [Consumer clientId=consumer-Consumer-topic-093d5241_472e_4560_9278_9b7bcf6fabee-8, groupId=Consumer-topic-093d5241_472e_4560_9278_9b7bcf6fabee] (Re-)joining group
2025-07-31 20:42:17,081 INFO  [org.apa.kaf.cli.con.int.ConsumerCoordinator] (Thread-648) [Consumer clientId=consumer-Consumer-topic-093d5241_472e_4560_9278_9b7bcf6fabee-8, groupId=Consumer-topic-093d5241_472e_4560_9278_9b7bcf6fabee] Successfully joined group with generation Generation{generationId=1, memberId='consumer-Consumer-topic-093d5241_472e_4560_9278_9b7bcf6fabee-8-d4f309b6-6ced-4bb9-bbe7-e7f113999989', protocol='range'}
2025-07-31 20:42:17,082 INFO  [org.apa.kaf.cli.con.int.ConsumerCoordinator] (Thread-648) [Consumer clientId=consumer-Consumer-topic-093d5241_472e_4560_9278_9b7bcf6fabee-8, groupId=Consumer-topic-093d5241_472e_4560_9278_9b7bcf6fabee] Finished assignment for group at generation 1: {consumer-Consumer-topic-093d5241_472e_4560_9278_9b7bcf6fabee-8-d4f309b6-6ced-4bb9-bbe7-e7f113999989=Assignment(partitions=[topic-093d5241_472e_4560_9278_9b7bcf6fabee-0])}
2025-07-31 20:42:17,087 INFO  [org.apa.kaf.cli.con.int.ConsumerCoordinator] (kafka-coordinator-heartbeat-thread | Consumer-topic-093d5241_472e_4560_9278_9b7bcf6fabee) [Consumer clientId=consumer-Consumer-topic-093d5241_472e_4560_9278_9b7bcf6fabee-8, groupId=Consumer-topic-093d5241_472e_4560_9278_9b7bcf6fabee] Successfully synced group in generation Generation{generationId=1, memberId='consumer-Consumer-topic-093d5241_472e_4560_9278_9b7bcf6fabee-8-d4f309b6-6ced-4bb9-bbe7-e7f113999989', protocol='range'}
2025-07-31 20:42:17,087 INFO  [org.apa.kaf.cli.con.int.ConsumerCoordinator] (Thread-648) [Consumer clientId=consumer-Consumer-topic-093d5241_472e_4560_9278_9b7bcf6fabee-8, groupId=Consumer-topic-093d5241_472e_4560_9278_9b7bcf6fabee] Notifying assignor about the new Assignment(partitions=[topic-093d5241_472e_4560_9278_9b7bcf6fabee-0])
2025-07-31 20:42:17,087 INFO  [org.apa.kaf.cli.con.int.ConsumerRebalanceListenerInvoker] (Thread-648) [Consumer clientId=consumer-Consumer-topic-093d5241_472e_4560_9278_9b7bcf6fabee-8, groupId=Consumer-topic-093d5241_472e_4560_9278_9b7bcf6fabee] Adding newly assigned partitions: topic-093d5241_472e_4560_9278_9b7bcf6fabee-0
2025-07-31 20:42:17,088 INFO  [org.apa.kaf.cli.con.int.ConsumerCoordinator] (Thread-648) [Consumer clientId=consumer-Consumer-topic-093d5241_472e_4560_9278_9b7bcf6fabee-8, groupId=Consumer-topic-093d5241_472e_4560_9278_9b7bcf6fabee] Found no committed offset for partition topic-093d5241_472e_4560_9278_9b7bcf6fabee-0
2025-07-31 20:42:17,097 INFO  [org.apa.kaf.cli.con.int.SubscriptionState] (Thread-648) [Consumer clientId=consumer-Consumer-topic-093d5241_472e_4560_9278_9b7bcf6fabee-8, groupId=Consumer-topic-093d5241_472e_4560_9278_9b7bcf6fabee] Resetting offset for partition topic-093d5241_472e_4560_9278_9b7bcf6fabee-0 to position FetchPosition{offset=0, offsetEpoch=Optional.empty, currentLeader=LeaderAndEpoch{leader=Optional[localhost:32770 (id: 0 rack: null)], epoch=0}}.
2025-07-31 20:42:17,659 INFO  [io.api.tes.ser.api.KafkaSerdesTester] (Thread-648) topic-093d5241_472e_4560_9278_9b7bcf6fabee 0 0 {"id": "record-0"}
2025-07-31 20:42:17,659 INFO  [io.api.tes.ser.api.KafkaSerdesTester] (Thread-648) topic-093d5241_472e_4560_9278_9b7bcf6fabee 0 1 {"value": 1}
2025-07-31 20:42:17,659 INFO  [io.api.tes.ser.api.KafkaSerdesTester] (Thread-648) topic-093d5241_472e_4560_9278_9b7bcf6fabee 0 2 {"active": true}
2025-07-31 20:42:17,659 INFO  [io.api.tes.ser.api.KafkaSerdesTester] (Thread-648) topic-093d5241_472e_4560_9278_9b7bcf6fabee 0 3 {"id": "record-3"}
2025-07-31 20:42:17,659 INFO  [io.api.tes.ser.api.KafkaSerdesTester] (Thread-648) topic-093d5241_472e_4560_9278_9b7bcf6fabee 0 4 {"value": 4}
2025-07-31 20:42:17,659 INFO  [io.api.tes.ser.api.KafkaSerdesTester] (Thread-648) topic-093d5241_472e_4560_9278_9b7bcf6fabee 0 5 {"active": false}
2025-07-31 20:42:17,659 INFO  [io.api.tes.ser.api.KafkaSerdesTester] (Thread-648) topic-093d5241_472e_4560_9278_9b7bcf6fabee 0 6 {"id": "record-6"}
2025-07-31 20:42:17,659 INFO  [io.api.tes.ser.api.KafkaSerdesTester] (Thread-648) topic-093d5241_472e_4560_9278_9b7bcf6fabee 0 7 {"value": 7}
2025-07-31 20:42:17,659 INFO  [io.api.tes.ser.api.KafkaSerdesTester] (Thread-648) topic-093d5241_472e_4560_9278_9b7bcf6fabee 0 8 {"active": true}
2025-07-31 20:42:17,659 INFO  [io.api.tes.ser.api.KafkaSerdesTester] (Thread-648) topic-093d5241_472e_4560_9278_9b7bcf6fabee 0 9 {"id": "record-9"}
2025-07-31 20:42:17,659 INFO  [io.api.tes.ser.api.KafkaSerdesTester] (Thread-648) Consumed 10 messages
2025-07-31 20:42:17,662 INFO  [org.apa.kaf.cli.con.int.ConsumerRebalanceListenerInvoker] (Thread-648) [Consumer clientId=consumer-Consumer-topic-093d5241_472e_4560_9278_9b7bcf6fabee-8, groupId=Consumer-topic-093d5241_472e_4560_9278_9b7bcf6fabee] Revoke previously assigned partitions topic-093d5241_472e_4560_9278_9b7bcf6fabee-0
2025-07-31 20:42:17,662 INFO  [org.apa.kaf.cli.con.int.ConsumerCoordinator] (Thread-648) [Consumer clientId=consumer-Consumer-topic-093d5241_472e_4560_9278_9b7bcf6fabee-8, groupId=Consumer-topic-093d5241_472e_4560_9278_9b7bcf6fabee] Member consumer-Consumer-topic-093d5241_472e_4560_9278_9b7bcf6fabee-8-d4f309b6-6ced-4bb9-bbe7-e7f113999989 sending LeaveGroup request to coordinator localhost:32770 (id: 2147483647 rack: null) due to the consumer is being closed
2025-07-31 20:42:17,662 INFO  [org.apa.kaf.cli.con.int.ConsumerCoordinator] (Thread-648) [Consumer clientId=consumer-Consumer-topic-093d5241_472e_4560_9278_9b7bcf6fabee-8, groupId=Consumer-topic-093d5241_472e_4560_9278_9b7bcf6fabee] Resetting generation and member id due to: consumer pro-actively leaving the group
2025-07-31 20:42:17,662 INFO  [org.apa.kaf.cli.con.int.ConsumerCoordinator] (Thread-648) [Consumer clientId=consumer-Consumer-topic-093d5241_472e_4560_9278_9b7bcf6fabee-8, groupId=Consumer-topic-093d5241_472e_4560_9278_9b7bcf6fabee] Request joining group due to: consumer pro-actively leaving the group
2025-07-31 20:42:18,162 INFO  [org.apa.kaf.com.met.Metrics] (Thread-648) Metrics scheduler closed
2025-07-31 20:42:18,162 INFO  [org.apa.kaf.com.met.Metrics] (Thread-648) Closing reporter org.apache.kafka.common.metrics.JmxReporter
2025-07-31 20:42:18,162 INFO  [org.apa.kaf.com.met.Metrics] (Thread-648) Closing reporter org.apache.kafka.common.telemetry.internals.ClientTelemetryReporter
2025-07-31 20:42:18,162 INFO  [org.apa.kaf.com.met.Metrics] (Thread-648) Metrics reporters closed
2025-07-31 20:42:18,165 INFO  [org.apa.kaf.com.uti.AppInfoParser] (Thread-648) App info kafka.consumer for consumer-Consumer-topic-093d5241_472e_4560_9278_9b7bcf6fabee-8 unregistered
2025-07-31 20:42:18,166 INFO  [io.api.tes.uti.TestSeparator] (main) io.apicurio.tests.serdes.apicurio.AvroSerdeIT.testAvroUnionWithSpecificReader-FINISHED
2025-07-31 20:42:18,166 INFO  [io.api.tes.uti.TestSeparator] (main) ############################################################################
Test passed: testAvroUnionWithSpecificReader
]]></system-out>
  </testcase>
  <testcase name="testEvolveAvroApicurioReusingClient" classname="io.apicurio.tests.serdes.apicurio.AvroSerdeIT" time="5.21">
    <system-out><![CDATA[2025-07-31 20:42:18,167 INFO  [io.api.tes.uti.TestSeparator] (main) ############################################################################
2025-07-31 20:42:18,167 INFO  [io.api.tes.uti.TestSeparator] (main) io.apicurio.tests.serdes.apicurio.AvroSerdeIT.testEvolveAvroApicurioReusingClient-STARTED
2025-07-31 20:42:18,170 INFO  [io.api.tes.ser.api.AvroSerdeIT] (main) Registering Avro Schema: {"type":"record","name":"s9df7cc4ex8667x40f2xb206xf20f77b0f1f2","namespace":"ns_ba92bc46_a92f_46af_8e10_0ffe84f2716b","fields":[{"name":"key11753994538168","type":"string"}]}
**** Registry Base URL: http://registry-app-postgresql.apps.ci419.apicurio-testing.org:80
2025-07-31 20:42:19,362 INFO  [org.apa.kaf.cli.pro.ProducerConfig] (main) ProducerConfig values: 
	acks = -1
	auto.include.jmx.reporter = true
	batch.size = 16384
	bootstrap.servers = [PLAINTEXT://localhost:32770]
	buffer.memory = 33554432
	client.dns.lookup = use_all_dns_ips
	client.id = Producer-topic-7a89104c_d4b0_440a_912a_5c4a41579d87
	compression.gzip.level = -1
	compression.lz4.level = 9
	compression.type = none
	compression.zstd.level = 3
	connections.max.idle.ms = 10000
	delivery.timeout.ms = 120000
	enable.idempotence = true
	enable.metrics.push = true
	interceptor.classes = []
	key.serializer = class org.apache.kafka.common.serialization.StringSerializer
	linger.ms = 0
	max.block.ms = 60000
	max.in.flight.requests.per.connection = 5
	max.request.size = 1048576
	metadata.max.age.ms = 300000
	metadata.max.idle.ms = 300000
	metadata.recovery.strategy = none
	metric.reporters = []
	metrics.num.samples = 2
	metrics.recording.level = INFO
	metrics.sample.window.ms = 30000
	partitioner.adaptive.partitioning.enable = true
	partitioner.availability.timeout.ms = 0
	partitioner.class = null
	partitioner.ignore.keys = false
	receive.buffer.bytes = 32768
	reconnect.backoff.max.ms = 1000
	reconnect.backoff.ms = 50
	request.timeout.ms = 5000
	retries = 2147483647
	retry.backoff.max.ms = 1000
	retry.backoff.ms = 100
	sasl.client.callback.handler.class = null
	sasl.jaas.config = null
	sasl.kerberos.kinit.cmd = /usr/bin/kinit
	sasl.kerberos.min.time.before.relogin = 60000
	sasl.kerberos.service.name = null
	sasl.kerberos.ticket.renew.jitter = 0.05
	sasl.kerberos.ticket.renew.window.factor = 0.8
	sasl.login.callback.handler.class = null
	sasl.login.class = null
	sasl.login.connect.timeout.ms = null
	sasl.login.read.timeout.ms = null
	sasl.login.refresh.buffer.seconds = 300
	sasl.login.refresh.min.period.seconds = 60
	sasl.login.refresh.window.factor = 0.8
	sasl.login.refresh.window.jitter = 0.05
	sasl.login.retry.backoff.max.ms = 10000
	sasl.login.retry.backoff.ms = 100
	sasl.mechanism = GSSAPI
	sasl.oauthbearer.clock.skew.seconds = 30
	sasl.oauthbearer.expected.audience = null
	sasl.oauthbearer.expected.issuer = null
	sasl.oauthbearer.header.urlencode = false
	sasl.oauthbearer.jwks.endpoint.refresh.ms = 3600000
	sasl.oauthbearer.jwks.endpoint.retry.backoff.max.ms = 10000
	sasl.oauthbearer.jwks.endpoint.retry.backoff.ms = 100
	sasl.oauthbearer.jwks.endpoint.url = null
	sasl.oauthbearer.scope.claim.name = scope
	sasl.oauthbearer.sub.claim.name = sub
	sasl.oauthbearer.token.endpoint.url = null
	security.protocol = PLAINTEXT
	security.providers = null
	send.buffer.bytes = 131072
	socket.connection.setup.timeout.max.ms = 30000
	socket.connection.setup.timeout.ms = 10000
	ssl.cipher.suites = null
	ssl.enabled.protocols = [TLSv1.2, TLSv1.3]
	ssl.endpoint.identification.algorithm = https
	ssl.engine.factory.class = null
	ssl.key.password = null
	ssl.keymanager.algorithm = SunX509
	ssl.keystore.certificate.chain = null
	ssl.keystore.key = null
	ssl.keystore.location = null
	ssl.keystore.password = null
	ssl.keystore.type = JKS
	ssl.protocol = TLSv1.3
	ssl.provider = null
	ssl.secure.random.implementation = null
	ssl.trustmanager.algorithm = PKIX
	ssl.truststore.certificates = null
	ssl.truststore.location = null
	ssl.truststore.password = null
	ssl.truststore.type = JKS
	transaction.timeout.ms = 60000
	transactional.id = null
	value.serializer = class io.apicurio.registry.serde.avro.AvroKafkaSerializer

2025-07-31 20:42:19,363 INFO  [org.apa.kaf.com.tel.int.KafkaMetricsCollector] (main) initializing Kafka metrics collector
2025-07-31 20:42:19,366 INFO  [org.apa.kaf.cli.pro.KafkaProducer] (main) [Producer clientId=Producer-topic-7a89104c_d4b0_440a_912a_5c4a41579d87] Instantiated an idempotent producer.
2025-07-31 20:42:19,368 INFO  [org.apa.kaf.cli.pro.ProducerConfig] (main) These configurations '[apicurio.registry.url, apicurio.registry.artifact-resolver-strategy]' were supplied but are not used yet.
2025-07-31 20:42:19,368 INFO  [org.apa.kaf.com.uti.AppInfoParser] (main) Kafka version: 3.9.1
2025-07-31 20:42:19,368 INFO  [org.apa.kaf.com.uti.AppInfoParser] (main) Kafka commitId: f745dfdcee2b9851
2025-07-31 20:42:19,368 INFO  [org.apa.kaf.com.uti.AppInfoParser] (main) Kafka startTimeMs: 1753994539368
**** Registry Base URL: http://registry-app-postgresql.apps.ci419.apicurio-testing.org:80
2025-07-31 20:42:19,370 INFO  [org.apa.kaf.cli.con.ConsumerConfig] (main) ConsumerConfig values: 
	allow.auto.create.topics = true
	auto.commit.interval.ms = 500
	auto.include.jmx.reporter = true
	auto.offset.reset = earliest
	bootstrap.servers = [PLAINTEXT://localhost:32770]
	check.crcs = true
	client.dns.lookup = use_all_dns_ips
	client.id = consumer-Consumer-topic-7a89104c_d4b0_440a_912a_5c4a41579d87-9
	client.rack = 
	connections.max.idle.ms = 10000
	default.api.timeout.ms = 60000
	enable.auto.commit = true
	enable.metrics.push = true
	exclude.internal.topics = true
	fetch.max.bytes = 52428800
	fetch.max.wait.ms = 500
	fetch.min.bytes = 1
	group.id = Consumer-topic-7a89104c_d4b0_440a_912a_5c4a41579d87
	group.instance.id = null
	group.protocol = classic
	group.remote.assignor = null
	heartbeat.interval.ms = 3000
	interceptor.classes = []
	internal.leave.group.on.close = true
	internal.throw.on.fetch.stable.offset.unsupported = false
	isolation.level = read_uncommitted
	key.deserializer = class org.apache.kafka.common.serialization.StringDeserializer
	max.partition.fetch.bytes = 1048576
	max.poll.interval.ms = 300000
	max.poll.records = 500
	metadata.max.age.ms = 300000
	metadata.recovery.strategy = none
	metric.reporters = []
	metrics.num.samples = 2
	metrics.recording.level = INFO
	metrics.sample.window.ms = 30000
	partition.assignment.strategy = [class org.apache.kafka.clients.consumer.RangeAssignor, class org.apache.kafka.clients.consumer.CooperativeStickyAssignor]
	receive.buffer.bytes = 65536
	reconnect.backoff.max.ms = 1000
	reconnect.backoff.ms = 50
	request.timeout.ms = 5000
	retry.backoff.max.ms = 1000
	retry.backoff.ms = 100
	sasl.client.callback.handler.class = null
	sasl.jaas.config = null
	sasl.kerberos.kinit.cmd = /usr/bin/kinit
	sasl.kerberos.min.time.before.relogin = 60000
	sasl.kerberos.service.name = null
	sasl.kerberos.ticket.renew.jitter = 0.05
	sasl.kerberos.ticket.renew.window.factor = 0.8
	sasl.login.callback.handler.class = null
	sasl.login.class = null
	sasl.login.connect.timeout.ms = null
	sasl.login.read.timeout.ms = null
	sasl.login.refresh.buffer.seconds = 300
	sasl.login.refresh.min.period.seconds = 60
	sasl.login.refresh.window.factor = 0.8
	sasl.login.refresh.window.jitter = 0.05
	sasl.login.retry.backoff.max.ms = 10000
	sasl.login.retry.backoff.ms = 100
	sasl.mechanism = GSSAPI
	sasl.oauthbearer.clock.skew.seconds = 30
	sasl.oauthbearer.expected.audience = null
	sasl.oauthbearer.expected.issuer = null
	sasl.oauthbearer.header.urlencode = false
	sasl.oauthbearer.jwks.endpoint.refresh.ms = 3600000
	sasl.oauthbearer.jwks.endpoint.retry.backoff.max.ms = 10000
	sasl.oauthbearer.jwks.endpoint.retry.backoff.ms = 100
	sasl.oauthbearer.jwks.endpoint.url = null
	sasl.oauthbearer.scope.claim.name = scope
	sasl.oauthbearer.sub.claim.name = sub
	sasl.oauthbearer.token.endpoint.url = null
	security.protocol = PLAINTEXT
	security.providers = null
	send.buffer.bytes = 131072
	session.timeout.ms = 45000
	socket.connection.setup.timeout.max.ms = 30000
	socket.connection.setup.timeout.ms = 10000
	ssl.cipher.suites = null
	ssl.enabled.protocols = [TLSv1.2, TLSv1.3]
	ssl.endpoint.identification.algorithm = https
	ssl.engine.factory.class = null
	ssl.key.password = null
	ssl.keymanager.algorithm = SunX509
	ssl.keystore.certificate.chain = null
	ssl.keystore.key = null
	ssl.keystore.location = null
	ssl.keystore.password = null
	ssl.keystore.type = JKS
	ssl.protocol = TLSv1.3
	ssl.provider = null
	ssl.secure.random.implementation = null
	ssl.trustmanager.algorithm = PKIX
	ssl.truststore.certificates = null
	ssl.truststore.location = null
	ssl.truststore.password = null
	ssl.truststore.type = JKS
	value.deserializer = class io.apicurio.registry.serde.avro.AvroKafkaDeserializer

2025-07-31 20:42:19,370 INFO  [org.apa.kaf.com.tel.int.KafkaMetricsCollector] (main) initializing Kafka metrics collector
2025-07-31 20:42:19,379 INFO  [org.apa.kaf.cli.Metadata] (kafka-producer-network-thread | Producer-topic-7a89104c_d4b0_440a_912a_5c4a41579d87) [Producer clientId=Producer-topic-7a89104c_d4b0_440a_912a_5c4a41579d87] Cluster ID: 1k_IxQydR42FDqpO2KqWFA
2025-07-31 20:42:19,379 INFO  [org.apa.kaf.cli.pro.int.TransactionManager] (kafka-producer-network-thread | Producer-topic-7a89104c_d4b0_440a_912a_5c4a41579d87) [Producer clientId=Producer-topic-7a89104c_d4b0_440a_912a_5c4a41579d87] ProducerId set to 11 with epoch 0
2025-07-31 20:42:19,382 INFO  [org.apa.kaf.cli.con.ConsumerConfig] (main) These configurations '[apicurio.registry.url]' were supplied but are not used yet.
2025-07-31 20:42:19,382 INFO  [org.apa.kaf.com.uti.AppInfoParser] (main) Kafka version: 3.9.1
2025-07-31 20:42:19,383 INFO  [org.apa.kaf.com.uti.AppInfoParser] (main) Kafka commitId: f745dfdcee2b9851
2025-07-31 20:42:19,383 INFO  [org.apa.kaf.com.uti.AppInfoParser] (main) Kafka startTimeMs: 1753994539382
2025-07-31 20:42:19,391 INFO  [io.api.tes.ser.api.KafkaSerdesTester] (Thread-653) Sending message {"key11753994538168": "value-0"} to topic topic-7a89104c_d4b0_440a_912a_5c4a41579d87
2025-07-31 20:42:19,401 INFO  [DefaultSchemaResolver] (Thread-653) Retrieving schema content using string: {"type":"record","name":"s9df7cc4ex8667x40f2xb206xf20f77b0f1f2","namespace":"ns_ba92bc46_a92f_46af_8e10_0ffe84f2716b","fields":[{"name":"key11753994538168","type":"string"}]}
2025-07-31 20:42:19,565 INFO  [io.api.tes.ser.api.KafkaSerdesTester] (Thread-653) Sending message {"key11753994538168": "value-1"} to topic topic-7a89104c_d4b0_440a_912a_5c4a41579d87
2025-07-31 20:42:19,571 INFO  [io.api.tes.ser.api.KafkaSerdesTester] (Thread-653) Sending message {"key11753994538168": "value-2"} to topic topic-7a89104c_d4b0_440a_912a_5c4a41579d87
2025-07-31 20:42:19,573 INFO  [io.api.tes.ser.api.KafkaSerdesTester] (Thread-653) Sending message {"key11753994538168": "value-3"} to topic topic-7a89104c_d4b0_440a_912a_5c4a41579d87
2025-07-31 20:42:19,576 INFO  [io.api.tes.ser.api.KafkaSerdesTester] (Thread-653) Sending message {"key11753994538168": "value-4"} to topic topic-7a89104c_d4b0_440a_912a_5c4a41579d87
2025-07-31 20:42:19,578 INFO  [io.api.tes.ser.api.KafkaSerdesTester] (Thread-653) Sending message {"key11753994538168": "value-5"} to topic topic-7a89104c_d4b0_440a_912a_5c4a41579d87
2025-07-31 20:42:19,580 INFO  [io.api.tes.ser.api.KafkaSerdesTester] (Thread-653) Sending message {"key11753994538168": "value-6"} to topic topic-7a89104c_d4b0_440a_912a_5c4a41579d87
2025-07-31 20:42:19,582 INFO  [io.api.tes.ser.api.KafkaSerdesTester] (Thread-653) Sending message {"key11753994538168": "value-7"} to topic topic-7a89104c_d4b0_440a_912a_5c4a41579d87
2025-07-31 20:42:19,583 INFO  [io.api.tes.ser.api.KafkaSerdesTester] (Thread-653) Sending message {"key11753994538168": "value-8"} to topic topic-7a89104c_d4b0_440a_912a_5c4a41579d87
2025-07-31 20:42:19,585 INFO  [io.api.tes.ser.api.KafkaSerdesTester] (Thread-653) Sending message {"key11753994538168": "value-9"} to topic topic-7a89104c_d4b0_440a_912a_5c4a41579d87
2025-07-31 20:42:19,587 INFO  [io.api.tes.ser.api.KafkaSerdesTester] (Thread-653) Produced 10 messages
2025-07-31 20:42:19,589 INFO  [org.apa.kaf.cli.con.int.ClassicKafkaConsumer] (Thread-654) [Consumer clientId=consumer-Consumer-topic-7a89104c_d4b0_440a_912a_5c4a41579d87-9, groupId=Consumer-topic-7a89104c_d4b0_440a_912a_5c4a41579d87] Subscribed to topic(s): topic-7a89104c_d4b0_440a_912a_5c4a41579d87
2025-07-31 20:42:19,595 INFO  [org.apa.kaf.cli.Metadata] (Thread-654) [Consumer clientId=consumer-Consumer-topic-7a89104c_d4b0_440a_912a_5c4a41579d87-9, groupId=Consumer-topic-7a89104c_d4b0_440a_912a_5c4a41579d87] Cluster ID: 1k_IxQydR42FDqpO2KqWFA
2025-07-31 20:42:19,599 INFO  [org.apa.kaf.cli.con.int.ConsumerCoordinator] (Thread-654) [Consumer clientId=consumer-Consumer-topic-7a89104c_d4b0_440a_912a_5c4a41579d87-9, groupId=Consumer-topic-7a89104c_d4b0_440a_912a_5c4a41579d87] Discovered group coordinator localhost:32770 (id: 2147483647 rack: null)
2025-07-31 20:42:19,601 INFO  [org.apa.kaf.cli.con.int.ConsumerCoordinator] (Thread-654) [Consumer clientId=consumer-Consumer-topic-7a89104c_d4b0_440a_912a_5c4a41579d87-9, groupId=Consumer-topic-7a89104c_d4b0_440a_912a_5c4a41579d87] (Re-)joining group
2025-07-31 20:42:19,608 INFO  [org.apa.kaf.cli.con.int.ConsumerCoordinator] (Thread-654) [Consumer clientId=consumer-Consumer-topic-7a89104c_d4b0_440a_912a_5c4a41579d87-9, groupId=Consumer-topic-7a89104c_d4b0_440a_912a_5c4a41579d87] Request joining group due to: need to re-join with the given member-id: consumer-Consumer-topic-7a89104c_d4b0_440a_912a_5c4a41579d87-9-7fcd1e92-dd81-4a63-bc4a-669870a578dd
2025-07-31 20:42:19,608 INFO  [org.apa.kaf.cli.con.int.ConsumerCoordinator] (Thread-654) [Consumer clientId=consumer-Consumer-topic-7a89104c_d4b0_440a_912a_5c4a41579d87-9, groupId=Consumer-topic-7a89104c_d4b0_440a_912a_5c4a41579d87] (Re-)joining group
2025-07-31 20:42:19,610 INFO  [org.apa.kaf.cli.con.int.ConsumerCoordinator] (Thread-654) [Consumer clientId=consumer-Consumer-topic-7a89104c_d4b0_440a_912a_5c4a41579d87-9, groupId=Consumer-topic-7a89104c_d4b0_440a_912a_5c4a41579d87] Successfully joined group with generation Generation{generationId=1, memberId='consumer-Consumer-topic-7a89104c_d4b0_440a_912a_5c4a41579d87-9-7fcd1e92-dd81-4a63-bc4a-669870a578dd', protocol='range'}
2025-07-31 20:42:19,610 INFO  [org.apa.kaf.cli.con.int.ConsumerCoordinator] (Thread-654) [Consumer clientId=consumer-Consumer-topic-7a89104c_d4b0_440a_912a_5c4a41579d87-9, groupId=Consumer-topic-7a89104c_d4b0_440a_912a_5c4a41579d87] Finished assignment for group at generation 1: {consumer-Consumer-topic-7a89104c_d4b0_440a_912a_5c4a41579d87-9-7fcd1e92-dd81-4a63-bc4a-669870a578dd=Assignment(partitions=[topic-7a89104c_d4b0_440a_912a_5c4a41579d87-0])}
2025-07-31 20:42:19,614 INFO  [org.apa.kaf.cli.con.int.ConsumerCoordinator] (Thread-654) [Consumer clientId=consumer-Consumer-topic-7a89104c_d4b0_440a_912a_5c4a41579d87-9, groupId=Consumer-topic-7a89104c_d4b0_440a_912a_5c4a41579d87] Successfully synced group in generation Generation{generationId=1, memberId='consumer-Consumer-topic-7a89104c_d4b0_440a_912a_5c4a41579d87-9-7fcd1e92-dd81-4a63-bc4a-669870a578dd', protocol='range'}
2025-07-31 20:42:19,614 INFO  [org.apa.kaf.cli.con.int.ConsumerCoordinator] (Thread-654) [Consumer clientId=consumer-Consumer-topic-7a89104c_d4b0_440a_912a_5c4a41579d87-9, groupId=Consumer-topic-7a89104c_d4b0_440a_912a_5c4a41579d87] Notifying assignor about the new Assignment(partitions=[topic-7a89104c_d4b0_440a_912a_5c4a41579d87-0])
2025-07-31 20:42:19,615 INFO  [org.apa.kaf.cli.con.int.ConsumerRebalanceListenerInvoker] (Thread-654) [Consumer clientId=consumer-Consumer-topic-7a89104c_d4b0_440a_912a_5c4a41579d87-9, groupId=Consumer-topic-7a89104c_d4b0_440a_912a_5c4a41579d87] Adding newly assigned partitions: topic-7a89104c_d4b0_440a_912a_5c4a41579d87-0
2025-07-31 20:42:19,615 INFO  [org.apa.kaf.cli.con.int.ConsumerCoordinator] (Thread-654) [Consumer clientId=consumer-Consumer-topic-7a89104c_d4b0_440a_912a_5c4a41579d87-9, groupId=Consumer-topic-7a89104c_d4b0_440a_912a_5c4a41579d87] Found no committed offset for partition topic-7a89104c_d4b0_440a_912a_5c4a41579d87-0
2025-07-31 20:42:19,620 INFO  [org.apa.kaf.cli.con.int.SubscriptionState] (Thread-654) [Consumer clientId=consumer-Consumer-topic-7a89104c_d4b0_440a_912a_5c4a41579d87-9, groupId=Consumer-topic-7a89104c_d4b0_440a_912a_5c4a41579d87] Resetting offset for partition topic-7a89104c_d4b0_440a_912a_5c4a41579d87-0 to position FetchPosition{offset=0, offsetEpoch=Optional.empty, currentLeader=LeaderAndEpoch{leader=Optional[localhost:32770 (id: 0 rack: null)], epoch=0}}.
2025-07-31 20:42:19,863 INFO  [io.api.tes.ser.api.KafkaSerdesTester] (Thread-654) topic-7a89104c_d4b0_440a_912a_5c4a41579d87 0 0 {"key11753994538168": "value-0"}
2025-07-31 20:42:19,863 INFO  [io.api.tes.ser.api.KafkaSerdesTester] (Thread-654) topic-7a89104c_d4b0_440a_912a_5c4a41579d87 0 1 {"key11753994538168": "value-1"}
2025-07-31 20:42:19,863 INFO  [io.api.tes.ser.api.KafkaSerdesTester] (Thread-654) topic-7a89104c_d4b0_440a_912a_5c4a41579d87 0 2 {"key11753994538168": "value-2"}
2025-07-31 20:42:19,863 INFO  [io.api.tes.ser.api.KafkaSerdesTester] (Thread-654) topic-7a89104c_d4b0_440a_912a_5c4a41579d87 0 3 {"key11753994538168": "value-3"}
2025-07-31 20:42:19,863 INFO  [io.api.tes.ser.api.KafkaSerdesTester] (Thread-654) topic-7a89104c_d4b0_440a_912a_5c4a41579d87 0 4 {"key11753994538168": "value-4"}
2025-07-31 20:42:19,863 INFO  [io.api.tes.ser.api.KafkaSerdesTester] (Thread-654) topic-7a89104c_d4b0_440a_912a_5c4a41579d87 0 5 {"key11753994538168": "value-5"}
2025-07-31 20:42:19,863 INFO  [io.api.tes.ser.api.KafkaSerdesTester] (Thread-654) topic-7a89104c_d4b0_440a_912a_5c4a41579d87 0 6 {"key11753994538168": "value-6"}
2025-07-31 20:42:19,863 INFO  [io.api.tes.ser.api.KafkaSerdesTester] (Thread-654) topic-7a89104c_d4b0_440a_912a_5c4a41579d87 0 7 {"key11753994538168": "value-7"}
2025-07-31 20:42:19,863 INFO  [io.api.tes.ser.api.KafkaSerdesTester] (Thread-654) topic-7a89104c_d4b0_440a_912a_5c4a41579d87 0 8 {"key11753994538168": "value-8"}
2025-07-31 20:42:19,863 INFO  [io.api.tes.ser.api.KafkaSerdesTester] (Thread-654) topic-7a89104c_d4b0_440a_912a_5c4a41579d87 0 9 {"key11753994538168": "value-9"}
2025-07-31 20:42:19,863 INFO  [io.api.tes.ser.api.KafkaSerdesTester] (Thread-654) Consumed 10 messages
2025-07-31 20:42:19,864 INFO  [io.api.tes.ser.api.AvroSerdeIT] (main) Registering Avro Schema 2: {"type":"record","name":"s9df7cc4ex8667x40f2xb206xf20f77b0f1f2","namespace":"ns_ba92bc46_a92f_46af_8e10_0ffe84f2716b","fields":[{"name":"key11753994538168","type":"string"},{"name":"key21753994539863","type":"string"}]}
2025-07-31 20:42:21,059 INFO  [io.api.tes.ser.api.KafkaSerdesTester] (Thread-655) Sending message {"key11753994538168": "value-0", "key21753994539863": "value-0"} to topic topic-7a89104c_d4b0_440a_912a_5c4a41579d87
2025-07-31 20:42:21,060 INFO  [DefaultSchemaResolver] (Thread-655) Retrieving schema content using string: {"type":"record","name":"s9df7cc4ex8667x40f2xb206xf20f77b0f1f2","namespace":"ns_ba92bc46_a92f_46af_8e10_0ffe84f2716b","fields":[{"name":"key11753994538168","type":"string"},{"name":"key21753994539863","type":"string"}]}
2025-07-31 20:42:21,147 INFO  [io.api.tes.ser.api.KafkaSerdesTester] (Thread-655) Sending message {"key11753994538168": "value-1", "key21753994539863": "value-1"} to topic topic-7a89104c_d4b0_440a_912a_5c4a41579d87
2025-07-31 20:42:21,150 INFO  [io.api.tes.ser.api.KafkaSerdesTester] (Thread-655) Sending message {"key11753994538168": "value-2", "key21753994539863": "value-2"} to topic topic-7a89104c_d4b0_440a_912a_5c4a41579d87
2025-07-31 20:42:21,151 INFO  [io.api.tes.ser.api.KafkaSerdesTester] (Thread-655) Sending message {"key11753994538168": "value-3", "key21753994539863": "value-3"} to topic topic-7a89104c_d4b0_440a_912a_5c4a41579d87
2025-07-31 20:42:21,153 INFO  [io.api.tes.ser.api.KafkaSerdesTester] (Thread-655) Sending message {"key11753994538168": "value-4", "key21753994539863": "value-4"} to topic topic-7a89104c_d4b0_440a_912a_5c4a41579d87
2025-07-31 20:42:21,154 INFO  [io.api.tes.ser.api.KafkaSerdesTester] (Thread-655) Sending message {"key11753994538168": "value-5", "key21753994539863": "value-5"} to topic topic-7a89104c_d4b0_440a_912a_5c4a41579d87
2025-07-31 20:42:21,157 INFO  [io.api.tes.ser.api.KafkaSerdesTester] (Thread-655) Sending message {"key11753994538168": "value-6", "key21753994539863": "value-6"} to topic topic-7a89104c_d4b0_440a_912a_5c4a41579d87
2025-07-31 20:42:21,158 INFO  [io.api.tes.ser.api.KafkaSerdesTester] (Thread-655) Sending message {"key11753994538168": "value-7", "key21753994539863": "value-7"} to topic topic-7a89104c_d4b0_440a_912a_5c4a41579d87
2025-07-31 20:42:21,161 INFO  [io.api.tes.ser.api.KafkaSerdesTester] (Thread-655) Sending message {"key11753994538168": "value-8", "key21753994539863": "value-8"} to topic topic-7a89104c_d4b0_440a_912a_5c4a41579d87
2025-07-31 20:42:21,165 INFO  [io.api.tes.ser.api.KafkaSerdesTester] (Thread-655) Sending message {"key11753994538168": "value-9", "key21753994539863": "value-9"} to topic topic-7a89104c_d4b0_440a_912a_5c4a41579d87
2025-07-31 20:42:21,167 INFO  [io.api.tes.ser.api.KafkaSerdesTester] (Thread-655) Produced 10 messages
2025-07-31 20:42:21,168 INFO  [io.api.tes.ser.api.KafkaSerdesTester] (Thread-656) Sending message {"key11753994538168": "value-0"} to topic topic-7a89104c_d4b0_440a_912a_5c4a41579d87
2025-07-31 20:42:21,169 INFO  [io.api.tes.ser.api.KafkaSerdesTester] (Thread-656) Sending message {"key11753994538168": "value-1"} to topic topic-7a89104c_d4b0_440a_912a_5c4a41579d87
2025-07-31 20:42:21,172 INFO  [io.api.tes.ser.api.KafkaSerdesTester] (Thread-656) Sending message {"key11753994538168": "value-2"} to topic topic-7a89104c_d4b0_440a_912a_5c4a41579d87
2025-07-31 20:42:21,174 INFO  [io.api.tes.ser.api.KafkaSerdesTester] (Thread-656) Sending message {"key11753994538168": "value-3"} to topic topic-7a89104c_d4b0_440a_912a_5c4a41579d87
2025-07-31 20:42:21,175 INFO  [io.api.tes.ser.api.KafkaSerdesTester] (Thread-656) Sending message {"key11753994538168": "value-4"} to topic topic-7a89104c_d4b0_440a_912a_5c4a41579d87
2025-07-31 20:42:21,177 INFO  [io.api.tes.ser.api.KafkaSerdesTester] (Thread-656) Sending message {"key11753994538168": "value-5"} to topic topic-7a89104c_d4b0_440a_912a_5c4a41579d87
2025-07-31 20:42:21,182 INFO  [io.api.tes.ser.api.KafkaSerdesTester] (Thread-656) Sending message {"key11753994538168": "value-6"} to topic topic-7a89104c_d4b0_440a_912a_5c4a41579d87
2025-07-31 20:42:21,186 INFO  [io.api.tes.ser.api.KafkaSerdesTester] (Thread-656) Sending message {"key11753994538168": "value-7"} to topic topic-7a89104c_d4b0_440a_912a_5c4a41579d87
2025-07-31 20:42:21,187 INFO  [io.api.tes.ser.api.KafkaSerdesTester] (Thread-656) Sending message {"key11753994538168": "value-8"} to topic topic-7a89104c_d4b0_440a_912a_5c4a41579d87
2025-07-31 20:42:21,189 INFO  [io.api.tes.ser.api.KafkaSerdesTester] (Thread-656) Sending message {"key11753994538168": "value-9"} to topic topic-7a89104c_d4b0_440a_912a_5c4a41579d87
2025-07-31 20:42:21,190 INFO  [io.api.tes.ser.api.KafkaSerdesTester] (Thread-656) Produced 10 messages
2025-07-31 20:42:21,192 INFO  [org.apa.kaf.cli.con.int.ClassicKafkaConsumer] (Thread-657) [Consumer clientId=consumer-Consumer-topic-7a89104c_d4b0_440a_912a_5c4a41579d87-9, groupId=Consumer-topic-7a89104c_d4b0_440a_912a_5c4a41579d87] Subscribed to topic(s): topic-7a89104c_d4b0_440a_912a_5c4a41579d87
2025-07-31 20:42:21,363 INFO  [io.api.tes.ser.api.KafkaSerdesTester] (Thread-657) topic-7a89104c_d4b0_440a_912a_5c4a41579d87 0 10 {"key11753994538168": "value-0", "key21753994539863": "value-0"}
2025-07-31 20:42:21,364 INFO  [io.api.tes.ser.api.KafkaSerdesTester] (Thread-657) topic-7a89104c_d4b0_440a_912a_5c4a41579d87 0 11 {"key11753994538168": "value-1", "key21753994539863": "value-1"}
2025-07-31 20:42:21,364 INFO  [io.api.tes.ser.api.KafkaSerdesTester] (Thread-657) topic-7a89104c_d4b0_440a_912a_5c4a41579d87 0 12 {"key11753994538168": "value-2", "key21753994539863": "value-2"}
2025-07-31 20:42:21,364 INFO  [io.api.tes.ser.api.KafkaSerdesTester] (Thread-657) topic-7a89104c_d4b0_440a_912a_5c4a41579d87 0 13 {"key11753994538168": "value-3", "key21753994539863": "value-3"}
2025-07-31 20:42:21,364 INFO  [io.api.tes.ser.api.KafkaSerdesTester] (Thread-657) topic-7a89104c_d4b0_440a_912a_5c4a41579d87 0 14 {"key11753994538168": "value-4", "key21753994539863": "value-4"}
2025-07-31 20:42:21,364 INFO  [io.api.tes.ser.api.KafkaSerdesTester] (Thread-657) topic-7a89104c_d4b0_440a_912a_5c4a41579d87 0 15 {"key11753994538168": "value-5", "key21753994539863": "value-5"}
2025-07-31 20:42:21,364 INFO  [io.api.tes.ser.api.KafkaSerdesTester] (Thread-657) topic-7a89104c_d4b0_440a_912a_5c4a41579d87 0 16 {"key11753994538168": "value-6", "key21753994539863": "value-6"}
2025-07-31 20:42:21,364 INFO  [io.api.tes.ser.api.KafkaSerdesTester] (Thread-657) topic-7a89104c_d4b0_440a_912a_5c4a41579d87 0 17 {"key11753994538168": "value-7", "key21753994539863": "value-7"}
2025-07-31 20:42:21,364 INFO  [io.api.tes.ser.api.KafkaSerdesTester] (Thread-657) topic-7a89104c_d4b0_440a_912a_5c4a41579d87 0 18 {"key11753994538168": "value-8", "key21753994539863": "value-8"}
2025-07-31 20:42:21,364 INFO  [io.api.tes.ser.api.KafkaSerdesTester] (Thread-657) topic-7a89104c_d4b0_440a_912a_5c4a41579d87 0 19 {"key11753994538168": "value-9", "key21753994539863": "value-9"}
2025-07-31 20:42:21,364 INFO  [io.api.tes.ser.api.KafkaSerdesTester] (Thread-657) topic-7a89104c_d4b0_440a_912a_5c4a41579d87 0 20 {"key11753994538168": "value-0"}
2025-07-31 20:42:21,364 INFO  [io.api.tes.ser.api.KafkaSerdesTester] (Thread-657) topic-7a89104c_d4b0_440a_912a_5c4a41579d87 0 21 {"key11753994538168": "value-1"}
2025-07-31 20:42:21,365 INFO  [io.api.tes.ser.api.KafkaSerdesTester] (Thread-657) topic-7a89104c_d4b0_440a_912a_5c4a41579d87 0 22 {"key11753994538168": "value-2"}
2025-07-31 20:42:21,365 INFO  [io.api.tes.ser.api.KafkaSerdesTester] (Thread-657) topic-7a89104c_d4b0_440a_912a_5c4a41579d87 0 23 {"key11753994538168": "value-3"}
2025-07-31 20:42:21,365 INFO  [io.api.tes.ser.api.KafkaSerdesTester] (Thread-657) topic-7a89104c_d4b0_440a_912a_5c4a41579d87 0 24 {"key11753994538168": "value-4"}
2025-07-31 20:42:21,365 INFO  [io.api.tes.ser.api.KafkaSerdesTester] (Thread-657) topic-7a89104c_d4b0_440a_912a_5c4a41579d87 0 25 {"key11753994538168": "value-5"}
2025-07-31 20:42:21,365 INFO  [io.api.tes.ser.api.KafkaSerdesTester] (Thread-657) topic-7a89104c_d4b0_440a_912a_5c4a41579d87 0 26 {"key11753994538168": "value-6"}
2025-07-31 20:42:21,365 INFO  [io.api.tes.ser.api.KafkaSerdesTester] (Thread-657) topic-7a89104c_d4b0_440a_912a_5c4a41579d87 0 27 {"key11753994538168": "value-7"}
2025-07-31 20:42:21,365 INFO  [io.api.tes.ser.api.KafkaSerdesTester] (Thread-657) topic-7a89104c_d4b0_440a_912a_5c4a41579d87 0 28 {"key11753994538168": "value-8"}
2025-07-31 20:42:21,365 INFO  [io.api.tes.ser.api.KafkaSerdesTester] (Thread-657) topic-7a89104c_d4b0_440a_912a_5c4a41579d87 0 29 {"key11753994538168": "value-9"}
2025-07-31 20:42:21,365 INFO  [io.api.tes.ser.api.KafkaSerdesTester] (Thread-657) Consumed 20 messages
2025-07-31 20:42:21,366 INFO  [io.api.tes.ser.api.AvroSerdeIT] (main) Registering Avro Schema 3: {"type":"record","name":"s9df7cc4ex8667x40f2xb206xf20f77b0f1f2","namespace":"ns_ba92bc46_a92f_46af_8e10_0ffe84f2716b","fields":[{"name":"key11753994538168","type":"string"},{"name":"key21753994539863","type":"string"},{"name":"key31753994541366","type":"string"}]}
2025-07-31 20:42:22,553 INFO  [io.api.tes.ser.api.KafkaSerdesTester] (Thread-658) Sending message {"key11753994538168": "value-0", "key21753994539863": "value-0", "key31753994541366": "value-0"} to topic topic-7a89104c_d4b0_440a_912a_5c4a41579d87
2025-07-31 20:42:22,553 INFO  [DefaultSchemaResolver] (Thread-658) Retrieving schema content using string: {"type":"record","name":"s9df7cc4ex8667x40f2xb206xf20f77b0f1f2","namespace":"ns_ba92bc46_a92f_46af_8e10_0ffe84f2716b","fields":[{"name":"key11753994538168","type":"string"},{"name":"key21753994539863","type":"string"},{"name":"key31753994541366","type":"string"}]}
2025-07-31 20:42:22,641 INFO  [io.api.tes.ser.api.KafkaSerdesTester] (Thread-658) Sending message {"key11753994538168": "value-1", "key21753994539863": "value-1", "key31753994541366": "value-1"} to topic topic-7a89104c_d4b0_440a_912a_5c4a41579d87
2025-07-31 20:42:22,642 INFO  [io.api.tes.ser.api.KafkaSerdesTester] (Thread-658) Sending message {"key11753994538168": "value-2", "key21753994539863": "value-2", "key31753994541366": "value-2"} to topic topic-7a89104c_d4b0_440a_912a_5c4a41579d87
2025-07-31 20:42:22,644 INFO  [io.api.tes.ser.api.KafkaSerdesTester] (Thread-658) Sending message {"key11753994538168": "value-3", "key21753994539863": "value-3", "key31753994541366": "value-3"} to topic topic-7a89104c_d4b0_440a_912a_5c4a41579d87
2025-07-31 20:42:22,645 INFO  [io.api.tes.ser.api.KafkaSerdesTester] (Thread-658) Sending message {"key11753994538168": "value-4", "key21753994539863": "value-4", "key31753994541366": "value-4"} to topic topic-7a89104c_d4b0_440a_912a_5c4a41579d87
2025-07-31 20:42:22,649 INFO  [io.api.tes.ser.api.KafkaSerdesTester] (Thread-658) Sending message {"key11753994538168": "value-5", "key21753994539863": "value-5", "key31753994541366": "value-5"} to topic topic-7a89104c_d4b0_440a_912a_5c4a41579d87
2025-07-31 20:42:22,651 INFO  [io.api.tes.ser.api.KafkaSerdesTester] (Thread-658) Sending message {"key11753994538168": "value-6", "key21753994539863": "value-6", "key31753994541366": "value-6"} to topic topic-7a89104c_d4b0_440a_912a_5c4a41579d87
2025-07-31 20:42:22,653 INFO  [io.api.tes.ser.api.KafkaSerdesTester] (Thread-658) Sending message {"key11753994538168": "value-7", "key21753994539863": "value-7", "key31753994541366": "value-7"} to topic topic-7a89104c_d4b0_440a_912a_5c4a41579d87
2025-07-31 20:42:22,655 INFO  [io.api.tes.ser.api.KafkaSerdesTester] (Thread-658) Sending message {"key11753994538168": "value-8", "key21753994539863": "value-8", "key31753994541366": "value-8"} to topic topic-7a89104c_d4b0_440a_912a_5c4a41579d87
2025-07-31 20:42:22,657 INFO  [io.api.tes.ser.api.KafkaSerdesTester] (Thread-658) Sending message {"key11753994538168": "value-9", "key21753994539863": "value-9", "key31753994541366": "value-9"} to topic topic-7a89104c_d4b0_440a_912a_5c4a41579d87
2025-07-31 20:42:22,658 INFO  [io.api.tes.ser.api.KafkaSerdesTester] (Thread-658) Produced 10 messages
2025-07-31 20:42:22,659 INFO  [io.api.tes.ser.api.KafkaSerdesTester] (Thread-659) Sending message {"key11753994538168": "value-0", "key21753994539863": "value-0"} to topic topic-7a89104c_d4b0_440a_912a_5c4a41579d87
2025-07-31 20:42:22,661 INFO  [io.api.tes.ser.api.KafkaSerdesTester] (Thread-659) Sending message {"key11753994538168": "value-1", "key21753994539863": "value-1"} to topic topic-7a89104c_d4b0_440a_912a_5c4a41579d87
2025-07-31 20:42:22,662 INFO  [io.api.tes.ser.api.KafkaSerdesTester] (Thread-659) Sending message {"key11753994538168": "value-2", "key21753994539863": "value-2"} to topic topic-7a89104c_d4b0_440a_912a_5c4a41579d87
2025-07-31 20:42:22,664 INFO  [io.api.tes.ser.api.KafkaSerdesTester] (Thread-659) Sending message {"key11753994538168": "value-3", "key21753994539863": "value-3"} to topic topic-7a89104c_d4b0_440a_912a_5c4a41579d87
2025-07-31 20:42:22,665 INFO  [io.api.tes.ser.api.KafkaSerdesTester] (Thread-659) Sending message {"key11753994538168": "value-4", "key21753994539863": "value-4"} to topic topic-7a89104c_d4b0_440a_912a_5c4a41579d87
2025-07-31 20:42:22,667 INFO  [io.api.tes.ser.api.KafkaSerdesTester] (Thread-659) Sending message {"key11753994538168": "value-5", "key21753994539863": "value-5"} to topic topic-7a89104c_d4b0_440a_912a_5c4a41579d87
2025-07-31 20:42:22,668 INFO  [io.api.tes.ser.api.KafkaSerdesTester] (Thread-659) Sending message {"key11753994538168": "value-6", "key21753994539863": "value-6"} to topic topic-7a89104c_d4b0_440a_912a_5c4a41579d87
2025-07-31 20:42:22,671 INFO  [io.api.tes.ser.api.KafkaSerdesTester] (Thread-659) Sending message {"key11753994538168": "value-7", "key21753994539863": "value-7"} to topic topic-7a89104c_d4b0_440a_912a_5c4a41579d87
2025-07-31 20:42:22,681 INFO  [io.api.tes.ser.api.KafkaSerdesTester] (Thread-659) Sending message {"key11753994538168": "value-8", "key21753994539863": "value-8"} to topic topic-7a89104c_d4b0_440a_912a_5c4a41579d87
2025-07-31 20:42:22,683 INFO  [io.api.tes.ser.api.KafkaSerdesTester] (Thread-659) Sending message {"key11753994538168": "value-9", "key21753994539863": "value-9"} to topic topic-7a89104c_d4b0_440a_912a_5c4a41579d87
2025-07-31 20:42:22,685 INFO  [io.api.tes.ser.api.KafkaSerdesTester] (Thread-659) Produced 10 messages
2025-07-31 20:42:22,685 INFO  [io.api.tes.ser.api.KafkaSerdesTester] (Thread-660) Sending message {"key11753994538168": "value-0"} to topic topic-7a89104c_d4b0_440a_912a_5c4a41579d87
2025-07-31 20:42:22,687 INFO  [io.api.tes.ser.api.KafkaSerdesTester] (Thread-660) Sending message {"key11753994538168": "value-1"} to topic topic-7a89104c_d4b0_440a_912a_5c4a41579d87
2025-07-31 20:42:22,688 INFO  [io.api.tes.ser.api.KafkaSerdesTester] (Thread-660) Sending message {"key11753994538168": "value-2"} to topic topic-7a89104c_d4b0_440a_912a_5c4a41579d87
2025-07-31 20:42:22,689 INFO  [io.api.tes.ser.api.KafkaSerdesTester] (Thread-660) Sending message {"key11753994538168": "value-3"} to topic topic-7a89104c_d4b0_440a_912a_5c4a41579d87
2025-07-31 20:42:22,691 INFO  [io.api.tes.ser.api.KafkaSerdesTester] (Thread-660) Sending message {"key11753994538168": "value-4"} to topic topic-7a89104c_d4b0_440a_912a_5c4a41579d87
2025-07-31 20:42:22,692 INFO  [io.api.tes.ser.api.KafkaSerdesTester] (Thread-660) Sending message {"key11753994538168": "value-5"} to topic topic-7a89104c_d4b0_440a_912a_5c4a41579d87
2025-07-31 20:42:22,693 INFO  [io.api.tes.ser.api.KafkaSerdesTester] (Thread-660) Sending message {"key11753994538168": "value-6"} to topic topic-7a89104c_d4b0_440a_912a_5c4a41579d87
2025-07-31 20:42:22,695 INFO  [io.api.tes.ser.api.KafkaSerdesTester] (Thread-660) Sending message {"key11753994538168": "value-7"} to topic topic-7a89104c_d4b0_440a_912a_5c4a41579d87
2025-07-31 20:42:22,697 INFO  [io.api.tes.ser.api.KafkaSerdesTester] (Thread-660) Sending message {"key11753994538168": "value-8"} to topic topic-7a89104c_d4b0_440a_912a_5c4a41579d87
2025-07-31 20:42:22,699 INFO  [io.api.tes.ser.api.KafkaSerdesTester] (Thread-660) Sending message {"key11753994538168": "value-9"} to topic topic-7a89104c_d4b0_440a_912a_5c4a41579d87
2025-07-31 20:42:22,701 INFO  [io.api.tes.ser.api.KafkaSerdesTester] (Thread-660) Produced 10 messages
2025-07-31 20:42:22,703 INFO  [org.apa.kaf.cli.con.int.ClassicKafkaConsumer] (Thread-661) [Consumer clientId=consumer-Consumer-topic-7a89104c_d4b0_440a_912a_5c4a41579d87-9, groupId=Consumer-topic-7a89104c_d4b0_440a_912a_5c4a41579d87] Subscribed to topic(s): topic-7a89104c_d4b0_440a_912a_5c4a41579d87
2025-07-31 20:42:22,870 INFO  [io.api.tes.ser.api.KafkaSerdesTester] (Thread-661) topic-7a89104c_d4b0_440a_912a_5c4a41579d87 0 30 {"key11753994538168": "value-0", "key21753994539863": "value-0", "key31753994541366": "value-0"}
2025-07-31 20:42:22,870 INFO  [io.api.tes.ser.api.KafkaSerdesTester] (Thread-661) topic-7a89104c_d4b0_440a_912a_5c4a41579d87 0 31 {"key11753994538168": "value-1", "key21753994539863": "value-1", "key31753994541366": "value-1"}
2025-07-31 20:42:22,870 INFO  [io.api.tes.ser.api.KafkaSerdesTester] (Thread-661) topic-7a89104c_d4b0_440a_912a_5c4a41579d87 0 32 {"key11753994538168": "value-2", "key21753994539863": "value-2", "key31753994541366": "value-2"}
2025-07-31 20:42:22,870 INFO  [io.api.tes.ser.api.KafkaSerdesTester] (Thread-661) topic-7a89104c_d4b0_440a_912a_5c4a41579d87 0 33 {"key11753994538168": "value-3", "key21753994539863": "value-3", "key31753994541366": "value-3"}
2025-07-31 20:42:22,871 INFO  [io.api.tes.ser.api.KafkaSerdesTester] (Thread-661) topic-7a89104c_d4b0_440a_912a_5c4a41579d87 0 34 {"key11753994538168": "value-4", "key21753994539863": "value-4", "key31753994541366": "value-4"}
2025-07-31 20:42:22,871 INFO  [io.api.tes.ser.api.KafkaSerdesTester] (Thread-661) topic-7a89104c_d4b0_440a_912a_5c4a41579d87 0 35 {"key11753994538168": "value-5", "key21753994539863": "value-5", "key31753994541366": "value-5"}
2025-07-31 20:42:22,871 INFO  [io.api.tes.ser.api.KafkaSerdesTester] (Thread-661) topic-7a89104c_d4b0_440a_912a_5c4a41579d87 0 36 {"key11753994538168": "value-6", "key21753994539863": "value-6", "key31753994541366": "value-6"}
2025-07-31 20:42:22,871 INFO  [io.api.tes.ser.api.KafkaSerdesTester] (Thread-661) topic-7a89104c_d4b0_440a_912a_5c4a41579d87 0 37 {"key11753994538168": "value-7", "key21753994539863": "value-7", "key31753994541366": "value-7"}
2025-07-31 20:42:22,872 INFO  [io.api.tes.ser.api.KafkaSerdesTester] (Thread-661) topic-7a89104c_d4b0_440a_912a_5c4a41579d87 0 38 {"key11753994538168": "value-8", "key21753994539863": "value-8", "key31753994541366": "value-8"}
2025-07-31 20:42:22,872 INFO  [io.api.tes.ser.api.KafkaSerdesTester] (Thread-661) topic-7a89104c_d4b0_440a_912a_5c4a41579d87 0 39 {"key11753994538168": "value-9", "key21753994539863": "value-9", "key31753994541366": "value-9"}
2025-07-31 20:42:22,872 INFO  [io.api.tes.ser.api.KafkaSerdesTester] (Thread-661) topic-7a89104c_d4b0_440a_912a_5c4a41579d87 0 40 {"key11753994538168": "value-0", "key21753994539863": "value-0"}
2025-07-31 20:42:22,872 INFO  [io.api.tes.ser.api.KafkaSerdesTester] (Thread-661) topic-7a89104c_d4b0_440a_912a_5c4a41579d87 0 41 {"key11753994538168": "value-1", "key21753994539863": "value-1"}
2025-07-31 20:42:22,872 INFO  [io.api.tes.ser.api.KafkaSerdesTester] (Thread-661) topic-7a89104c_d4b0_440a_912a_5c4a41579d87 0 42 {"key11753994538168": "value-2", "key21753994539863": "value-2"}
2025-07-31 20:42:22,872 INFO  [io.api.tes.ser.api.KafkaSerdesTester] (Thread-661) topic-7a89104c_d4b0_440a_912a_5c4a41579d87 0 43 {"key11753994538168": "value-3", "key21753994539863": "value-3"}
2025-07-31 20:42:22,872 INFO  [io.api.tes.ser.api.KafkaSerdesTester] (Thread-661) topic-7a89104c_d4b0_440a_912a_5c4a41579d87 0 44 {"key11753994538168": "value-4", "key21753994539863": "value-4"}
2025-07-31 20:42:22,872 INFO  [io.api.tes.ser.api.KafkaSerdesTester] (Thread-661) topic-7a89104c_d4b0_440a_912a_5c4a41579d87 0 45 {"key11753994538168": "value-5", "key21753994539863": "value-5"}
2025-07-31 20:42:22,872 INFO  [io.api.tes.ser.api.KafkaSerdesTester] (Thread-661) topic-7a89104c_d4b0_440a_912a_5c4a41579d87 0 46 {"key11753994538168": "value-6", "key21753994539863": "value-6"}
2025-07-31 20:42:22,872 INFO  [io.api.tes.ser.api.KafkaSerdesTester] (Thread-661) topic-7a89104c_d4b0_440a_912a_5c4a41579d87 0 47 {"key11753994538168": "value-7", "key21753994539863": "value-7"}
2025-07-31 20:42:22,872 INFO  [io.api.tes.ser.api.KafkaSerdesTester] (Thread-661) topic-7a89104c_d4b0_440a_912a_5c4a41579d87 0 48 {"key11753994538168": "value-8", "key21753994539863": "value-8"}
2025-07-31 20:42:22,872 INFO  [io.api.tes.ser.api.KafkaSerdesTester] (Thread-661) topic-7a89104c_d4b0_440a_912a_5c4a41579d87 0 49 {"key11753994538168": "value-9", "key21753994539863": "value-9"}
2025-07-31 20:42:22,872 INFO  [io.api.tes.ser.api.KafkaSerdesTester] (Thread-661) topic-7a89104c_d4b0_440a_912a_5c4a41579d87 0 50 {"key11753994538168": "value-0"}
2025-07-31 20:42:22,872 INFO  [io.api.tes.ser.api.KafkaSerdesTester] (Thread-661) topic-7a89104c_d4b0_440a_912a_5c4a41579d87 0 51 {"key11753994538168": "value-1"}
2025-07-31 20:42:22,872 INFO  [io.api.tes.ser.api.KafkaSerdesTester] (Thread-661) topic-7a89104c_d4b0_440a_912a_5c4a41579d87 0 52 {"key11753994538168": "value-2"}
2025-07-31 20:42:22,872 INFO  [io.api.tes.ser.api.KafkaSerdesTester] (Thread-661) topic-7a89104c_d4b0_440a_912a_5c4a41579d87 0 53 {"key11753994538168": "value-3"}
2025-07-31 20:42:22,872 INFO  [io.api.tes.ser.api.KafkaSerdesTester] (Thread-661) topic-7a89104c_d4b0_440a_912a_5c4a41579d87 0 54 {"key11753994538168": "value-4"}
2025-07-31 20:42:22,872 INFO  [io.api.tes.ser.api.KafkaSerdesTester] (Thread-661) topic-7a89104c_d4b0_440a_912a_5c4a41579d87 0 55 {"key11753994538168": "value-5"}
2025-07-31 20:42:22,872 INFO  [io.api.tes.ser.api.KafkaSerdesTester] (Thread-661) topic-7a89104c_d4b0_440a_912a_5c4a41579d87 0 56 {"key11753994538168": "value-6"}
2025-07-31 20:42:22,872 INFO  [io.api.tes.ser.api.KafkaSerdesTester] (Thread-661) topic-7a89104c_d4b0_440a_912a_5c4a41579d87 0 57 {"key11753994538168": "value-7"}
2025-07-31 20:42:22,872 INFO  [io.api.tes.ser.api.KafkaSerdesTester] (Thread-661) topic-7a89104c_d4b0_440a_912a_5c4a41579d87 0 58 {"key11753994538168": "value-8"}
2025-07-31 20:42:22,872 INFO  [io.api.tes.ser.api.KafkaSerdesTester] (Thread-661) topic-7a89104c_d4b0_440a_912a_5c4a41579d87 0 59 {"key11753994538168": "value-9"}
2025-07-31 20:42:22,872 INFO  [io.api.tes.ser.api.KafkaSerdesTester] (Thread-661) Consumed 30 messages
2025-07-31 20:42:22,873 INFO  [org.apa.kaf.cli.pro.KafkaProducer] (main) [Producer clientId=Producer-topic-7a89104c_d4b0_440a_912a_5c4a41579d87] Closing the Kafka producer with timeoutMillis = 9223372036854775807 ms.
2025-07-31 20:42:22,876 INFO  [org.apa.kaf.com.met.Metrics] (main) Metrics scheduler closed
2025-07-31 20:42:22,876 INFO  [org.apa.kaf.com.met.Metrics] (main) Closing reporter org.apache.kafka.common.metrics.JmxReporter
2025-07-31 20:42:22,876 INFO  [org.apa.kaf.com.met.Metrics] (main) Closing reporter org.apache.kafka.common.telemetry.internals.ClientTelemetryReporter
2025-07-31 20:42:22,876 INFO  [org.apa.kaf.com.met.Metrics] (main) Metrics reporters closed
2025-07-31 20:42:22,877 INFO  [org.apa.kaf.com.uti.AppInfoParser] (main) App info kafka.producer for Producer-topic-7a89104c_d4b0_440a_912a_5c4a41579d87 unregistered
2025-07-31 20:42:22,882 INFO  [org.apa.kaf.cli.con.int.ConsumerRebalanceListenerInvoker] (main) [Consumer clientId=consumer-Consumer-topic-7a89104c_d4b0_440a_912a_5c4a41579d87-9, groupId=Consumer-topic-7a89104c_d4b0_440a_912a_5c4a41579d87] Revoke previously assigned partitions topic-7a89104c_d4b0_440a_912a_5c4a41579d87-0
2025-07-31 20:42:22,882 INFO  [org.apa.kaf.cli.con.int.ConsumerCoordinator] (main) [Consumer clientId=consumer-Consumer-topic-7a89104c_d4b0_440a_912a_5c4a41579d87-9, groupId=Consumer-topic-7a89104c_d4b0_440a_912a_5c4a41579d87] Member consumer-Consumer-topic-7a89104c_d4b0_440a_912a_5c4a41579d87-9-7fcd1e92-dd81-4a63-bc4a-669870a578dd sending LeaveGroup request to coordinator localhost:32770 (id: 2147483647 rack: null) due to the consumer is being closed
2025-07-31 20:42:22,883 INFO  [org.apa.kaf.cli.con.int.ConsumerCoordinator] (main) [Consumer clientId=consumer-Consumer-topic-7a89104c_d4b0_440a_912a_5c4a41579d87-9, groupId=Consumer-topic-7a89104c_d4b0_440a_912a_5c4a41579d87] Resetting generation and member id due to: consumer pro-actively leaving the group
2025-07-31 20:42:22,883 INFO  [org.apa.kaf.cli.con.int.ConsumerCoordinator] (main) [Consumer clientId=consumer-Consumer-topic-7a89104c_d4b0_440a_912a_5c4a41579d87-9, groupId=Consumer-topic-7a89104c_d4b0_440a_912a_5c4a41579d87] Request joining group due to: consumer pro-actively leaving the group
2025-07-31 20:42:23,373 INFO  [org.apa.kaf.com.met.Metrics] (main) Metrics scheduler closed
2025-07-31 20:42:23,374 INFO  [org.apa.kaf.com.met.Metrics] (main) Closing reporter org.apache.kafka.common.metrics.JmxReporter
2025-07-31 20:42:23,374 INFO  [org.apa.kaf.com.met.Metrics] (main) Closing reporter org.apache.kafka.common.telemetry.internals.ClientTelemetryReporter
2025-07-31 20:42:23,374 INFO  [org.apa.kaf.com.met.Metrics] (main) Metrics reporters closed
2025-07-31 20:42:23,377 INFO  [org.apa.kaf.com.uti.AppInfoParser] (main) App info kafka.consumer for consumer-Consumer-topic-7a89104c_d4b0_440a_912a_5c4a41579d87-9 unregistered
2025-07-31 20:42:23,377 INFO  [io.api.tes.uti.TestSeparator] (main) io.apicurio.tests.serdes.apicurio.AvroSerdeIT.testEvolveAvroApicurioReusingClient-FINISHED
2025-07-31 20:42:23,377 INFO  [io.api.tes.uti.TestSeparator] (main) ############################################################################
Test passed: testEvolveAvroApicurioReusingClient
]]></system-out>
  </testcase>
  <testcase name="testProducerUsesDefaultConsumerUsesGlobalId" classname="io.apicurio.tests.serdes.apicurio.AvroSerdeIT" time="0.0">
    <skipped message="void io.apicurio.tests.serdes.apicurio.AvroSerdeIT.testProducerUsesDefaultConsumerUsesGlobalId() throws java.lang.Exception is @Disabled"/>
  </testcase>
  <testcase name="testEvolveAvroApicurio" classname="io.apicurio.tests.serdes.apicurio.AvroSerdeIT" time="7.616">
    <system-out><![CDATA[2025-07-31 20:42:23,383 INFO  [io.api.tes.uti.TestSeparator] (main) ############################################################################
2025-07-31 20:42:23,383 INFO  [io.api.tes.uti.TestSeparator] (main) io.apicurio.tests.serdes.apicurio.AvroSerdeIT.testEvolveAvroApicurio-STARTED
2025-07-31 20:42:23,388 INFO  [io.api.tes.ser.api.AvroSerdeIT] (main) Registering Avro Schema: {"type":"record","name":"se1ee83b4xace7x4194x8481xe7d2656f4d33","namespace":"ns_f9917298_2661_4a36_83f8_1403ffd27b05","fields":[{"name":"key11753994543384","type":"string"}]}
**** Registry Base URL: http://registry-app-postgresql.apps.ci419.apicurio-testing.org:80
2025-07-31 20:42:24,571 INFO  [org.apa.kaf.cli.pro.ProducerConfig] (main) ProducerConfig values: 
	acks = -1
	auto.include.jmx.reporter = true
	batch.size = 16384
	bootstrap.servers = [PLAINTEXT://localhost:32770]
	buffer.memory = 33554432
	client.dns.lookup = use_all_dns_ips
	client.id = Producer-topic-82f4e179_5f50_4bbd_85e2_b7a594676ae2
	compression.gzip.level = -1
	compression.lz4.level = 9
	compression.type = none
	compression.zstd.level = 3
	connections.max.idle.ms = 10000
	delivery.timeout.ms = 120000
	enable.idempotence = true
	enable.metrics.push = true
	interceptor.classes = []
	key.serializer = class org.apache.kafka.common.serialization.StringSerializer
	linger.ms = 0
	max.block.ms = 60000
	max.in.flight.requests.per.connection = 5
	max.request.size = 1048576
	metadata.max.age.ms = 300000
	metadata.max.idle.ms = 300000
	metadata.recovery.strategy = none
	metric.reporters = []
	metrics.num.samples = 2
	metrics.recording.level = INFO
	metrics.sample.window.ms = 30000
	partitioner.adaptive.partitioning.enable = true
	partitioner.availability.timeout.ms = 0
	partitioner.class = null
	partitioner.ignore.keys = false
	receive.buffer.bytes = 32768
	reconnect.backoff.max.ms = 1000
	reconnect.backoff.ms = 50
	request.timeout.ms = 5000
	retries = 2147483647
	retry.backoff.max.ms = 1000
	retry.backoff.ms = 100
	sasl.client.callback.handler.class = null
	sasl.jaas.config = null
	sasl.kerberos.kinit.cmd = /usr/bin/kinit
	sasl.kerberos.min.time.before.relogin = 60000
	sasl.kerberos.service.name = null
	sasl.kerberos.ticket.renew.jitter = 0.05
	sasl.kerberos.ticket.renew.window.factor = 0.8
	sasl.login.callback.handler.class = null
	sasl.login.class = null
	sasl.login.connect.timeout.ms = null
	sasl.login.read.timeout.ms = null
	sasl.login.refresh.buffer.seconds = 300
	sasl.login.refresh.min.period.seconds = 60
	sasl.login.refresh.window.factor = 0.8
	sasl.login.refresh.window.jitter = 0.05
	sasl.login.retry.backoff.max.ms = 10000
	sasl.login.retry.backoff.ms = 100
	sasl.mechanism = GSSAPI
	sasl.oauthbearer.clock.skew.seconds = 30
	sasl.oauthbearer.expected.audience = null
	sasl.oauthbearer.expected.issuer = null
	sasl.oauthbearer.header.urlencode = false
	sasl.oauthbearer.jwks.endpoint.refresh.ms = 3600000
	sasl.oauthbearer.jwks.endpoint.retry.backoff.max.ms = 10000
	sasl.oauthbearer.jwks.endpoint.retry.backoff.ms = 100
	sasl.oauthbearer.jwks.endpoint.url = null
	sasl.oauthbearer.scope.claim.name = scope
	sasl.oauthbearer.sub.claim.name = sub
	sasl.oauthbearer.token.endpoint.url = null
	security.protocol = PLAINTEXT
	security.providers = null
	send.buffer.bytes = 131072
	socket.connection.setup.timeout.max.ms = 30000
	socket.connection.setup.timeout.ms = 10000
	ssl.cipher.suites = null
	ssl.enabled.protocols = [TLSv1.2, TLSv1.3]
	ssl.endpoint.identification.algorithm = https
	ssl.engine.factory.class = null
	ssl.key.password = null
	ssl.keymanager.algorithm = SunX509
	ssl.keystore.certificate.chain = null
	ssl.keystore.key = null
	ssl.keystore.location = null
	ssl.keystore.password = null
	ssl.keystore.type = JKS
	ssl.protocol = TLSv1.3
	ssl.provider = null
	ssl.secure.random.implementation = null
	ssl.trustmanager.algorithm = PKIX
	ssl.truststore.certificates = null
	ssl.truststore.location = null
	ssl.truststore.password = null
	ssl.truststore.type = JKS
	transaction.timeout.ms = 60000
	transactional.id = null
	value.serializer = class io.apicurio.registry.serde.avro.AvroKafkaSerializer

2025-07-31 20:42:24,571 INFO  [org.apa.kaf.com.tel.int.KafkaMetricsCollector] (main) initializing Kafka metrics collector
2025-07-31 20:42:24,574 INFO  [org.apa.kaf.cli.pro.KafkaProducer] (main) [Producer clientId=Producer-topic-82f4e179_5f50_4bbd_85e2_b7a594676ae2] Instantiated an idempotent producer.
2025-07-31 20:42:24,576 INFO  [org.apa.kaf.cli.pro.ProducerConfig] (main) These configurations '[apicurio.registry.url, apicurio.registry.artifact-resolver-strategy]' were supplied but are not used yet.
2025-07-31 20:42:24,577 INFO  [org.apa.kaf.com.uti.AppInfoParser] (main) Kafka version: 3.9.1
2025-07-31 20:42:24,577 INFO  [org.apa.kaf.com.uti.AppInfoParser] (main) Kafka commitId: f745dfdcee2b9851
2025-07-31 20:42:24,577 INFO  [org.apa.kaf.com.uti.AppInfoParser] (main) Kafka startTimeMs: 1753994544576
**** Registry Base URL: http://registry-app-postgresql.apps.ci419.apicurio-testing.org:80
2025-07-31 20:42:24,577 INFO  [org.apa.kaf.cli.con.ConsumerConfig] (main) ConsumerConfig values: 
	allow.auto.create.topics = true
	auto.commit.interval.ms = 500
	auto.include.jmx.reporter = true
	auto.offset.reset = earliest
	bootstrap.servers = [PLAINTEXT://localhost:32770]
	check.crcs = true
	client.dns.lookup = use_all_dns_ips
	client.id = consumer-Consumer-topic-82f4e179_5f50_4bbd_85e2_b7a594676ae2-10
	client.rack = 
	connections.max.idle.ms = 10000
	default.api.timeout.ms = 60000
	enable.auto.commit = true
	enable.metrics.push = true
	exclude.internal.topics = true
	fetch.max.bytes = 52428800
	fetch.max.wait.ms = 500
	fetch.min.bytes = 1
	group.id = Consumer-topic-82f4e179_5f50_4bbd_85e2_b7a594676ae2
	group.instance.id = null
	group.protocol = classic
	group.remote.assignor = null
	heartbeat.interval.ms = 3000
	interceptor.classes = []
	internal.leave.group.on.close = true
	internal.throw.on.fetch.stable.offset.unsupported = false
	isolation.level = read_uncommitted
	key.deserializer = class org.apache.kafka.common.serialization.StringDeserializer
	max.partition.fetch.bytes = 1048576
	max.poll.interval.ms = 300000
	max.poll.records = 500
	metadata.max.age.ms = 300000
	metadata.recovery.strategy = none
	metric.reporters = []
	metrics.num.samples = 2
	metrics.recording.level = INFO
	metrics.sample.window.ms = 30000
	partition.assignment.strategy = [class org.apache.kafka.clients.consumer.RangeAssignor, class org.apache.kafka.clients.consumer.CooperativeStickyAssignor]
	receive.buffer.bytes = 65536
	reconnect.backoff.max.ms = 1000
	reconnect.backoff.ms = 50
	request.timeout.ms = 5000
	retry.backoff.max.ms = 1000
	retry.backoff.ms = 100
	sasl.client.callback.handler.class = null
	sasl.jaas.config = null
	sasl.kerberos.kinit.cmd = /usr/bin/kinit
	sasl.kerberos.min.time.before.relogin = 60000
	sasl.kerberos.service.name = null
	sasl.kerberos.ticket.renew.jitter = 0.05
	sasl.kerberos.ticket.renew.window.factor = 0.8
	sasl.login.callback.handler.class = null
	sasl.login.class = null
	sasl.login.connect.timeout.ms = null
	sasl.login.read.timeout.ms = null
	sasl.login.refresh.buffer.seconds = 300
	sasl.login.refresh.min.period.seconds = 60
	sasl.login.refresh.window.factor = 0.8
	sasl.login.refresh.window.jitter = 0.05
	sasl.login.retry.backoff.max.ms = 10000
	sasl.login.retry.backoff.ms = 100
	sasl.mechanism = GSSAPI
	sasl.oauthbearer.clock.skew.seconds = 30
	sasl.oauthbearer.expected.audience = null
	sasl.oauthbearer.expected.issuer = null
	sasl.oauthbearer.header.urlencode = false
	sasl.oauthbearer.jwks.endpoint.refresh.ms = 3600000
	sasl.oauthbearer.jwks.endpoint.retry.backoff.max.ms = 10000
	sasl.oauthbearer.jwks.endpoint.retry.backoff.ms = 100
	sasl.oauthbearer.jwks.endpoint.url = null
	sasl.oauthbearer.scope.claim.name = scope
	sasl.oauthbearer.sub.claim.name = sub
	sasl.oauthbearer.token.endpoint.url = null
	security.protocol = PLAINTEXT
	security.providers = null
	send.buffer.bytes = 131072
	session.timeout.ms = 45000
	socket.connection.setup.timeout.max.ms = 30000
	socket.connection.setup.timeout.ms = 10000
	ssl.cipher.suites = null
	ssl.enabled.protocols = [TLSv1.2, TLSv1.3]
	ssl.endpoint.identification.algorithm = https
	ssl.engine.factory.class = null
	ssl.key.password = null
	ssl.keymanager.algorithm = SunX509
	ssl.keystore.certificate.chain = null
	ssl.keystore.key = null
	ssl.keystore.location = null
	ssl.keystore.password = null
	ssl.keystore.type = JKS
	ssl.protocol = TLSv1.3
	ssl.provider = null
	ssl.secure.random.implementation = null
	ssl.trustmanager.algorithm = PKIX
	ssl.truststore.certificates = null
	ssl.truststore.location = null
	ssl.truststore.password = null
	ssl.truststore.type = JKS
	value.deserializer = class io.apicurio.registry.serde.avro.AvroKafkaDeserializer

2025-07-31 20:42:24,577 INFO  [org.apa.kaf.com.tel.int.KafkaMetricsCollector] (main) initializing Kafka metrics collector
2025-07-31 20:42:24,591 INFO  [org.apa.kaf.cli.Metadata] (kafka-producer-network-thread | Producer-topic-82f4e179_5f50_4bbd_85e2_b7a594676ae2) [Producer clientId=Producer-topic-82f4e179_5f50_4bbd_85e2_b7a594676ae2] Cluster ID: 1k_IxQydR42FDqpO2KqWFA
2025-07-31 20:42:24,591 INFO  [org.apa.kaf.cli.pro.int.TransactionManager] (kafka-producer-network-thread | Producer-topic-82f4e179_5f50_4bbd_85e2_b7a594676ae2) [Producer clientId=Producer-topic-82f4e179_5f50_4bbd_85e2_b7a594676ae2] ProducerId set to 12 with epoch 0
2025-07-31 20:42:24,592 INFO  [org.apa.kaf.cli.con.ConsumerConfig] (main) These configurations '[apicurio.registry.url]' were supplied but are not used yet.
2025-07-31 20:42:24,592 INFO  [org.apa.kaf.com.uti.AppInfoParser] (main) Kafka version: 3.9.1
2025-07-31 20:42:24,592 INFO  [org.apa.kaf.com.uti.AppInfoParser] (main) Kafka commitId: f745dfdcee2b9851
2025-07-31 20:42:24,592 INFO  [org.apa.kaf.com.uti.AppInfoParser] (main) Kafka startTimeMs: 1753994544592
2025-07-31 20:42:24,593 INFO  [io.api.tes.ser.api.KafkaSerdesTester] (Thread-666) Sending message {"key11753994543384": "value-0"} to topic topic-82f4e179_5f50_4bbd_85e2_b7a594676ae2
2025-07-31 20:42:24,597 INFO  [DefaultSchemaResolver] (Thread-666) Retrieving schema content using string: {"type":"record","name":"se1ee83b4xace7x4194x8481xe7d2656f4d33","namespace":"ns_f9917298_2661_4a36_83f8_1403ffd27b05","fields":[{"name":"key11753994543384","type":"string"}]}
2025-07-31 20:42:24,762 INFO  [io.api.tes.ser.api.KafkaSerdesTester] (Thread-666) Sending message {"key11753994543384": "value-1"} to topic topic-82f4e179_5f50_4bbd_85e2_b7a594676ae2
2025-07-31 20:42:24,764 INFO  [io.api.tes.ser.api.KafkaSerdesTester] (Thread-666) Sending message {"key11753994543384": "value-2"} to topic topic-82f4e179_5f50_4bbd_85e2_b7a594676ae2
2025-07-31 20:42:24,766 INFO  [io.api.tes.ser.api.KafkaSerdesTester] (Thread-666) Sending message {"key11753994543384": "value-3"} to topic topic-82f4e179_5f50_4bbd_85e2_b7a594676ae2
2025-07-31 20:42:24,768 INFO  [io.api.tes.ser.api.KafkaSerdesTester] (Thread-666) Sending message {"key11753994543384": "value-4"} to topic topic-82f4e179_5f50_4bbd_85e2_b7a594676ae2
2025-07-31 20:42:24,770 INFO  [io.api.tes.ser.api.KafkaSerdesTester] (Thread-666) Sending message {"key11753994543384": "value-5"} to topic topic-82f4e179_5f50_4bbd_85e2_b7a594676ae2
2025-07-31 20:42:24,772 INFO  [io.api.tes.ser.api.KafkaSerdesTester] (Thread-666) Sending message {"key11753994543384": "value-6"} to topic topic-82f4e179_5f50_4bbd_85e2_b7a594676ae2
2025-07-31 20:42:24,773 INFO  [io.api.tes.ser.api.KafkaSerdesTester] (Thread-666) Sending message {"key11753994543384": "value-7"} to topic topic-82f4e179_5f50_4bbd_85e2_b7a594676ae2
2025-07-31 20:42:24,774 INFO  [io.api.tes.ser.api.KafkaSerdesTester] (Thread-666) Sending message {"key11753994543384": "value-8"} to topic topic-82f4e179_5f50_4bbd_85e2_b7a594676ae2
2025-07-31 20:42:24,777 INFO  [io.api.tes.ser.api.KafkaSerdesTester] (Thread-666) Sending message {"key11753994543384": "value-9"} to topic topic-82f4e179_5f50_4bbd_85e2_b7a594676ae2
2025-07-31 20:42:24,778 INFO  [io.api.tes.ser.api.KafkaSerdesTester] (Thread-666) Produced 10 messages
2025-07-31 20:42:24,778 INFO  [org.apa.kaf.cli.pro.KafkaProducer] (Thread-666) [Producer clientId=Producer-topic-82f4e179_5f50_4bbd_85e2_b7a594676ae2] Closing the Kafka producer with timeoutMillis = 9223372036854775807 ms.
2025-07-31 20:42:24,780 INFO  [org.apa.kaf.com.met.Metrics] (Thread-666) Metrics scheduler closed
2025-07-31 20:42:24,780 INFO  [org.apa.kaf.com.met.Metrics] (Thread-666) Closing reporter org.apache.kafka.common.metrics.JmxReporter
2025-07-31 20:42:24,780 INFO  [org.apa.kaf.com.met.Metrics] (Thread-666) Closing reporter org.apache.kafka.common.telemetry.internals.ClientTelemetryReporter
2025-07-31 20:42:24,780 INFO  [org.apa.kaf.com.met.Metrics] (Thread-666) Metrics reporters closed
2025-07-31 20:42:24,780 INFO  [org.apa.kaf.com.uti.AppInfoParser] (Thread-666) App info kafka.producer for Producer-topic-82f4e179_5f50_4bbd_85e2_b7a594676ae2 unregistered
2025-07-31 20:42:24,781 INFO  [org.apa.kaf.cli.con.int.ClassicKafkaConsumer] (Thread-667) [Consumer clientId=consumer-Consumer-topic-82f4e179_5f50_4bbd_85e2_b7a594676ae2-10, groupId=Consumer-topic-82f4e179_5f50_4bbd_85e2_b7a594676ae2] Subscribed to topic(s): topic-82f4e179_5f50_4bbd_85e2_b7a594676ae2
2025-07-31 20:42:24,786 INFO  [org.apa.kaf.cli.Metadata] (Thread-667) [Consumer clientId=consumer-Consumer-topic-82f4e179_5f50_4bbd_85e2_b7a594676ae2-10, groupId=Consumer-topic-82f4e179_5f50_4bbd_85e2_b7a594676ae2] Cluster ID: 1k_IxQydR42FDqpO2KqWFA
2025-07-31 20:42:24,786 INFO  [org.apa.kaf.cli.con.int.ConsumerCoordinator] (Thread-667) [Consumer clientId=consumer-Consumer-topic-82f4e179_5f50_4bbd_85e2_b7a594676ae2-10, groupId=Consumer-topic-82f4e179_5f50_4bbd_85e2_b7a594676ae2] Discovered group coordinator localhost:32770 (id: 2147483647 rack: null)
2025-07-31 20:42:24,788 INFO  [org.apa.kaf.cli.con.int.ConsumerCoordinator] (Thread-667) [Consumer clientId=consumer-Consumer-topic-82f4e179_5f50_4bbd_85e2_b7a594676ae2-10, groupId=Consumer-topic-82f4e179_5f50_4bbd_85e2_b7a594676ae2] (Re-)joining group
2025-07-31 20:42:24,791 INFO  [org.apa.kaf.cli.con.int.ConsumerCoordinator] (Thread-667) [Consumer clientId=consumer-Consumer-topic-82f4e179_5f50_4bbd_85e2_b7a594676ae2-10, groupId=Consumer-topic-82f4e179_5f50_4bbd_85e2_b7a594676ae2] Request joining group due to: need to re-join with the given member-id: consumer-Consumer-topic-82f4e179_5f50_4bbd_85e2_b7a594676ae2-10-7f12b3f8-1e0c-4ff6-84bb-13d1eb604867
2025-07-31 20:42:24,791 INFO  [org.apa.kaf.cli.con.int.ConsumerCoordinator] (Thread-667) [Consumer clientId=consumer-Consumer-topic-82f4e179_5f50_4bbd_85e2_b7a594676ae2-10, groupId=Consumer-topic-82f4e179_5f50_4bbd_85e2_b7a594676ae2] (Re-)joining group
2025-07-31 20:42:24,794 INFO  [org.apa.kaf.cli.con.int.ConsumerCoordinator] (Thread-667) [Consumer clientId=consumer-Consumer-topic-82f4e179_5f50_4bbd_85e2_b7a594676ae2-10, groupId=Consumer-topic-82f4e179_5f50_4bbd_85e2_b7a594676ae2] Successfully joined group with generation Generation{generationId=1, memberId='consumer-Consumer-topic-82f4e179_5f50_4bbd_85e2_b7a594676ae2-10-7f12b3f8-1e0c-4ff6-84bb-13d1eb604867', protocol='range'}
2025-07-31 20:42:24,795 INFO  [org.apa.kaf.cli.con.int.ConsumerCoordinator] (Thread-667) [Consumer clientId=consumer-Consumer-topic-82f4e179_5f50_4bbd_85e2_b7a594676ae2-10, groupId=Consumer-topic-82f4e179_5f50_4bbd_85e2_b7a594676ae2] Finished assignment for group at generation 1: {consumer-Consumer-topic-82f4e179_5f50_4bbd_85e2_b7a594676ae2-10-7f12b3f8-1e0c-4ff6-84bb-13d1eb604867=Assignment(partitions=[topic-82f4e179_5f50_4bbd_85e2_b7a594676ae2-0])}
2025-07-31 20:42:24,797 INFO  [org.apa.kaf.cli.con.int.ConsumerCoordinator] (Thread-667) [Consumer clientId=consumer-Consumer-topic-82f4e179_5f50_4bbd_85e2_b7a594676ae2-10, groupId=Consumer-topic-82f4e179_5f50_4bbd_85e2_b7a594676ae2] Successfully synced group in generation Generation{generationId=1, memberId='consumer-Consumer-topic-82f4e179_5f50_4bbd_85e2_b7a594676ae2-10-7f12b3f8-1e0c-4ff6-84bb-13d1eb604867', protocol='range'}
2025-07-31 20:42:24,798 INFO  [org.apa.kaf.cli.con.int.ConsumerCoordinator] (Thread-667) [Consumer clientId=consumer-Consumer-topic-82f4e179_5f50_4bbd_85e2_b7a594676ae2-10, groupId=Consumer-topic-82f4e179_5f50_4bbd_85e2_b7a594676ae2] Notifying assignor about the new Assignment(partitions=[topic-82f4e179_5f50_4bbd_85e2_b7a594676ae2-0])
2025-07-31 20:42:24,798 INFO  [org.apa.kaf.cli.con.int.ConsumerRebalanceListenerInvoker] (Thread-667) [Consumer clientId=consumer-Consumer-topic-82f4e179_5f50_4bbd_85e2_b7a594676ae2-10, groupId=Consumer-topic-82f4e179_5f50_4bbd_85e2_b7a594676ae2] Adding newly assigned partitions: topic-82f4e179_5f50_4bbd_85e2_b7a594676ae2-0
2025-07-31 20:42:24,799 INFO  [org.apa.kaf.cli.con.int.ConsumerCoordinator] (Thread-667) [Consumer clientId=consumer-Consumer-topic-82f4e179_5f50_4bbd_85e2_b7a594676ae2-10, groupId=Consumer-topic-82f4e179_5f50_4bbd_85e2_b7a594676ae2] Found no committed offset for partition topic-82f4e179_5f50_4bbd_85e2_b7a594676ae2-0
2025-07-31 20:42:24,806 INFO  [org.apa.kaf.cli.con.int.SubscriptionState] (Thread-667) [Consumer clientId=consumer-Consumer-topic-82f4e179_5f50_4bbd_85e2_b7a594676ae2-10, groupId=Consumer-topic-82f4e179_5f50_4bbd_85e2_b7a594676ae2] Resetting offset for partition topic-82f4e179_5f50_4bbd_85e2_b7a594676ae2-0 to position FetchPosition{offset=0, offsetEpoch=Optional.empty, currentLeader=LeaderAndEpoch{leader=Optional[localhost:32770 (id: 0 rack: null)], epoch=0}}.
2025-07-31 20:42:25,039 INFO  [io.api.tes.ser.api.KafkaSerdesTester] (Thread-667) topic-82f4e179_5f50_4bbd_85e2_b7a594676ae2 0 0 {"key11753994543384": "value-0"}
2025-07-31 20:42:25,039 INFO  [io.api.tes.ser.api.KafkaSerdesTester] (Thread-667) topic-82f4e179_5f50_4bbd_85e2_b7a594676ae2 0 1 {"key11753994543384": "value-1"}
2025-07-31 20:42:25,039 INFO  [io.api.tes.ser.api.KafkaSerdesTester] (Thread-667) topic-82f4e179_5f50_4bbd_85e2_b7a594676ae2 0 2 {"key11753994543384": "value-2"}
2025-07-31 20:42:25,039 INFO  [io.api.tes.ser.api.KafkaSerdesTester] (Thread-667) topic-82f4e179_5f50_4bbd_85e2_b7a594676ae2 0 3 {"key11753994543384": "value-3"}
2025-07-31 20:42:25,039 INFO  [io.api.tes.ser.api.KafkaSerdesTester] (Thread-667) topic-82f4e179_5f50_4bbd_85e2_b7a594676ae2 0 4 {"key11753994543384": "value-4"}
2025-07-31 20:42:25,039 INFO  [io.api.tes.ser.api.KafkaSerdesTester] (Thread-667) topic-82f4e179_5f50_4bbd_85e2_b7a594676ae2 0 5 {"key11753994543384": "value-5"}
2025-07-31 20:42:25,039 INFO  [io.api.tes.ser.api.KafkaSerdesTester] (Thread-667) topic-82f4e179_5f50_4bbd_85e2_b7a594676ae2 0 6 {"key11753994543384": "value-6"}
2025-07-31 20:42:25,039 INFO  [io.api.tes.ser.api.KafkaSerdesTester] (Thread-667) topic-82f4e179_5f50_4bbd_85e2_b7a594676ae2 0 7 {"key11753994543384": "value-7"}
2025-07-31 20:42:25,039 INFO  [io.api.tes.ser.api.KafkaSerdesTester] (Thread-667) topic-82f4e179_5f50_4bbd_85e2_b7a594676ae2 0 8 {"key11753994543384": "value-8"}
2025-07-31 20:42:25,039 INFO  [io.api.tes.ser.api.KafkaSerdesTester] (Thread-667) topic-82f4e179_5f50_4bbd_85e2_b7a594676ae2 0 9 {"key11753994543384": "value-9"}
2025-07-31 20:42:25,039 INFO  [io.api.tes.ser.api.KafkaSerdesTester] (Thread-667) Consumed 10 messages
2025-07-31 20:42:25,041 INFO  [org.apa.kaf.cli.con.int.ConsumerRebalanceListenerInvoker] (Thread-667) [Consumer clientId=consumer-Consumer-topic-82f4e179_5f50_4bbd_85e2_b7a594676ae2-10, groupId=Consumer-topic-82f4e179_5f50_4bbd_85e2_b7a594676ae2] Revoke previously assigned partitions topic-82f4e179_5f50_4bbd_85e2_b7a594676ae2-0
2025-07-31 20:42:25,041 INFO  [org.apa.kaf.cli.con.int.ConsumerCoordinator] (Thread-667) [Consumer clientId=consumer-Consumer-topic-82f4e179_5f50_4bbd_85e2_b7a594676ae2-10, groupId=Consumer-topic-82f4e179_5f50_4bbd_85e2_b7a594676ae2] Member consumer-Consumer-topic-82f4e179_5f50_4bbd_85e2_b7a594676ae2-10-7f12b3f8-1e0c-4ff6-84bb-13d1eb604867 sending LeaveGroup request to coordinator localhost:32770 (id: 2147483647 rack: null) due to the consumer is being closed
2025-07-31 20:42:25,041 INFO  [org.apa.kaf.cli.con.int.ConsumerCoordinator] (Thread-667) [Consumer clientId=consumer-Consumer-topic-82f4e179_5f50_4bbd_85e2_b7a594676ae2-10, groupId=Consumer-topic-82f4e179_5f50_4bbd_85e2_b7a594676ae2] Resetting generation and member id due to: consumer pro-actively leaving the group
2025-07-31 20:42:25,041 INFO  [org.apa.kaf.cli.con.int.ConsumerCoordinator] (Thread-667) [Consumer clientId=consumer-Consumer-topic-82f4e179_5f50_4bbd_85e2_b7a594676ae2-10, groupId=Consumer-topic-82f4e179_5f50_4bbd_85e2_b7a594676ae2] Request joining group due to: consumer pro-actively leaving the group
2025-07-31 20:42:25,542 INFO  [org.apa.kaf.com.met.Metrics] (Thread-667) Metrics scheduler closed
2025-07-31 20:42:25,542 INFO  [org.apa.kaf.com.met.Metrics] (Thread-667) Closing reporter org.apache.kafka.common.metrics.JmxReporter
2025-07-31 20:42:25,542 INFO  [org.apa.kaf.com.met.Metrics] (Thread-667) Closing reporter org.apache.kafka.common.telemetry.internals.ClientTelemetryReporter
2025-07-31 20:42:25,542 INFO  [org.apa.kaf.com.met.Metrics] (Thread-667) Metrics reporters closed
2025-07-31 20:42:25,546 INFO  [org.apa.kaf.com.uti.AppInfoParser] (Thread-667) App info kafka.consumer for consumer-Consumer-topic-82f4e179_5f50_4bbd_85e2_b7a594676ae2-10 unregistered
2025-07-31 20:42:25,547 INFO  [io.api.tes.ser.api.AvroSerdeIT] (main) Registering Avro Schema 2: {"type":"record","name":"se1ee83b4xace7x4194x8481xe7d2656f4d33","namespace":"ns_f9917298_2661_4a36_83f8_1403ffd27b05","fields":[{"name":"key11753994543384","type":"string"},{"name":"key21753994545546","type":"string"}]}
**** Registry Base URL: http://registry-app-postgresql.apps.ci419.apicurio-testing.org:80
2025-07-31 20:42:26,737 INFO  [org.apa.kaf.cli.pro.ProducerConfig] (main) ProducerConfig values: 
	acks = -1
	auto.include.jmx.reporter = true
	batch.size = 16384
	bootstrap.servers = [PLAINTEXT://localhost:32770]
	buffer.memory = 33554432
	client.dns.lookup = use_all_dns_ips
	client.id = Producer-topic-82f4e179_5f50_4bbd_85e2_b7a594676ae2
	compression.gzip.level = -1
	compression.lz4.level = 9
	compression.type = none
	compression.zstd.level = 3
	connections.max.idle.ms = 10000
	delivery.timeout.ms = 120000
	enable.idempotence = true
	enable.metrics.push = true
	interceptor.classes = []
	key.serializer = class org.apache.kafka.common.serialization.StringSerializer
	linger.ms = 0
	max.block.ms = 60000
	max.in.flight.requests.per.connection = 5
	max.request.size = 1048576
	metadata.max.age.ms = 300000
	metadata.max.idle.ms = 300000
	metadata.recovery.strategy = none
	metric.reporters = []
	metrics.num.samples = 2
	metrics.recording.level = INFO
	metrics.sample.window.ms = 30000
	partitioner.adaptive.partitioning.enable = true
	partitioner.availability.timeout.ms = 0
	partitioner.class = null
	partitioner.ignore.keys = false
	receive.buffer.bytes = 32768
	reconnect.backoff.max.ms = 1000
	reconnect.backoff.ms = 50
	request.timeout.ms = 5000
	retries = 2147483647
	retry.backoff.max.ms = 1000
	retry.backoff.ms = 100
	sasl.client.callback.handler.class = null
	sasl.jaas.config = null
	sasl.kerberos.kinit.cmd = /usr/bin/kinit
	sasl.kerberos.min.time.before.relogin = 60000
	sasl.kerberos.service.name = null
	sasl.kerberos.ticket.renew.jitter = 0.05
	sasl.kerberos.ticket.renew.window.factor = 0.8
	sasl.login.callback.handler.class = null
	sasl.login.class = null
	sasl.login.connect.timeout.ms = null
	sasl.login.read.timeout.ms = null
	sasl.login.refresh.buffer.seconds = 300
	sasl.login.refresh.min.period.seconds = 60
	sasl.login.refresh.window.factor = 0.8
	sasl.login.refresh.window.jitter = 0.05
	sasl.login.retry.backoff.max.ms = 10000
	sasl.login.retry.backoff.ms = 100
	sasl.mechanism = GSSAPI
	sasl.oauthbearer.clock.skew.seconds = 30
	sasl.oauthbearer.expected.audience = null
	sasl.oauthbearer.expected.issuer = null
	sasl.oauthbearer.header.urlencode = false
	sasl.oauthbearer.jwks.endpoint.refresh.ms = 3600000
	sasl.oauthbearer.jwks.endpoint.retry.backoff.max.ms = 10000
	sasl.oauthbearer.jwks.endpoint.retry.backoff.ms = 100
	sasl.oauthbearer.jwks.endpoint.url = null
	sasl.oauthbearer.scope.claim.name = scope
	sasl.oauthbearer.sub.claim.name = sub
	sasl.oauthbearer.token.endpoint.url = null
	security.protocol = PLAINTEXT
	security.providers = null
	send.buffer.bytes = 131072
	socket.connection.setup.timeout.max.ms = 30000
	socket.connection.setup.timeout.ms = 10000
	ssl.cipher.suites = null
	ssl.enabled.protocols = [TLSv1.2, TLSv1.3]
	ssl.endpoint.identification.algorithm = https
	ssl.engine.factory.class = null
	ssl.key.password = null
	ssl.keymanager.algorithm = SunX509
	ssl.keystore.certificate.chain = null
	ssl.keystore.key = null
	ssl.keystore.location = null
	ssl.keystore.password = null
	ssl.keystore.type = JKS
	ssl.protocol = TLSv1.3
	ssl.provider = null
	ssl.secure.random.implementation = null
	ssl.trustmanager.algorithm = PKIX
	ssl.truststore.certificates = null
	ssl.truststore.location = null
	ssl.truststore.password = null
	ssl.truststore.type = JKS
	transaction.timeout.ms = 60000
	transactional.id = null
	value.serializer = class io.apicurio.registry.serde.avro.AvroKafkaSerializer

2025-07-31 20:42:26,738 INFO  [org.apa.kaf.com.tel.int.KafkaMetricsCollector] (main) initializing Kafka metrics collector
2025-07-31 20:42:26,741 INFO  [org.apa.kaf.cli.pro.KafkaProducer] (main) [Producer clientId=Producer-topic-82f4e179_5f50_4bbd_85e2_b7a594676ae2] Instantiated an idempotent producer.
2025-07-31 20:42:26,743 INFO  [org.apa.kaf.cli.pro.ProducerConfig] (main) These configurations '[apicurio.registry.url, apicurio.registry.artifact-resolver-strategy]' were supplied but are not used yet.
2025-07-31 20:42:26,743 INFO  [org.apa.kaf.com.uti.AppInfoParser] (main) Kafka version: 3.9.1
2025-07-31 20:42:26,743 INFO  [org.apa.kaf.com.uti.AppInfoParser] (main) Kafka commitId: f745dfdcee2b9851
2025-07-31 20:42:26,743 INFO  [org.apa.kaf.com.uti.AppInfoParser] (main) Kafka startTimeMs: 1753994546743
2025-07-31 20:42:26,745 INFO  [io.api.tes.ser.api.KafkaSerdesTester] (Thread-670) Sending message {"key11753994543384": "value-0", "key21753994545546": "value-0"} to topic topic-82f4e179_5f50_4bbd_85e2_b7a594676ae2
2025-07-31 20:42:26,748 INFO  [org.apa.kaf.cli.Metadata] (kafka-producer-network-thread | Producer-topic-82f4e179_5f50_4bbd_85e2_b7a594676ae2) [Producer clientId=Producer-topic-82f4e179_5f50_4bbd_85e2_b7a594676ae2] Cluster ID: 1k_IxQydR42FDqpO2KqWFA
2025-07-31 20:42:26,749 INFO  [DefaultSchemaResolver] (Thread-670) Retrieving schema content using string: {"type":"record","name":"se1ee83b4xace7x4194x8481xe7d2656f4d33","namespace":"ns_f9917298_2661_4a36_83f8_1403ffd27b05","fields":[{"name":"key11753994543384","type":"string"},{"name":"key21753994545546","type":"string"}]}
2025-07-31 20:42:26,750 INFO  [org.apa.kaf.cli.pro.int.TransactionManager] (kafka-producer-network-thread | Producer-topic-82f4e179_5f50_4bbd_85e2_b7a594676ae2) [Producer clientId=Producer-topic-82f4e179_5f50_4bbd_85e2_b7a594676ae2] ProducerId set to 13 with epoch 0
2025-07-31 20:42:26,901 INFO  [io.api.tes.ser.api.KafkaSerdesTester] (Thread-670) Sending message {"key11753994543384": "value-1", "key21753994545546": "value-1"} to topic topic-82f4e179_5f50_4bbd_85e2_b7a594676ae2
2025-07-31 20:42:26,904 INFO  [io.api.tes.ser.api.KafkaSerdesTester] (Thread-670) Sending message {"key11753994543384": "value-2", "key21753994545546": "value-2"} to topic topic-82f4e179_5f50_4bbd_85e2_b7a594676ae2
2025-07-31 20:42:26,905 INFO  [io.api.tes.ser.api.KafkaSerdesTester] (Thread-670) Sending message {"key11753994543384": "value-3", "key21753994545546": "value-3"} to topic topic-82f4e179_5f50_4bbd_85e2_b7a594676ae2
2025-07-31 20:42:26,910 INFO  [io.api.tes.ser.api.KafkaSerdesTester] (Thread-670) Sending message {"key11753994543384": "value-4", "key21753994545546": "value-4"} to topic topic-82f4e179_5f50_4bbd_85e2_b7a594676ae2
2025-07-31 20:42:26,911 INFO  [io.api.tes.ser.api.KafkaSerdesTester] (Thread-670) Sending message {"key11753994543384": "value-5", "key21753994545546": "value-5"} to topic topic-82f4e179_5f50_4bbd_85e2_b7a594676ae2
2025-07-31 20:42:26,913 INFO  [io.api.tes.ser.api.KafkaSerdesTester] (Thread-670) Sending message {"key11753994543384": "value-6", "key21753994545546": "value-6"} to topic topic-82f4e179_5f50_4bbd_85e2_b7a594676ae2
2025-07-31 20:42:26,917 INFO  [io.api.tes.ser.api.KafkaSerdesTester] (Thread-670) Sending message {"key11753994543384": "value-7", "key21753994545546": "value-7"} to topic topic-82f4e179_5f50_4bbd_85e2_b7a594676ae2
2025-07-31 20:42:26,918 INFO  [io.api.tes.ser.api.KafkaSerdesTester] (Thread-670) Sending message {"key11753994543384": "value-8", "key21753994545546": "value-8"} to topic topic-82f4e179_5f50_4bbd_85e2_b7a594676ae2
2025-07-31 20:42:26,921 INFO  [io.api.tes.ser.api.KafkaSerdesTester] (Thread-670) Sending message {"key11753994543384": "value-9", "key21753994545546": "value-9"} to topic topic-82f4e179_5f50_4bbd_85e2_b7a594676ae2
2025-07-31 20:42:26,925 INFO  [io.api.tes.ser.api.KafkaSerdesTester] (Thread-670) Produced 10 messages
2025-07-31 20:42:26,925 INFO  [org.apa.kaf.cli.pro.KafkaProducer] (Thread-670) [Producer clientId=Producer-topic-82f4e179_5f50_4bbd_85e2_b7a594676ae2] Closing the Kafka producer with timeoutMillis = 9223372036854775807 ms.
2025-07-31 20:42:26,927 INFO  [org.apa.kaf.com.met.Metrics] (Thread-670) Metrics scheduler closed
2025-07-31 20:42:26,927 INFO  [org.apa.kaf.com.met.Metrics] (Thread-670) Closing reporter org.apache.kafka.common.metrics.JmxReporter
2025-07-31 20:42:26,927 INFO  [org.apa.kaf.com.met.Metrics] (Thread-670) Closing reporter org.apache.kafka.common.telemetry.internals.ClientTelemetryReporter
2025-07-31 20:42:26,927 INFO  [org.apa.kaf.com.met.Metrics] (Thread-670) Metrics reporters closed
2025-07-31 20:42:26,928 INFO  [org.apa.kaf.com.uti.AppInfoParser] (Thread-670) App info kafka.producer for Producer-topic-82f4e179_5f50_4bbd_85e2_b7a594676ae2 unregistered
**** Registry Base URL: http://registry-app-postgresql.apps.ci419.apicurio-testing.org:80
2025-07-31 20:42:26,928 INFO  [org.apa.kaf.cli.pro.ProducerConfig] (main) ProducerConfig values: 
	acks = -1
	auto.include.jmx.reporter = true
	batch.size = 16384
	bootstrap.servers = [PLAINTEXT://localhost:32770]
	buffer.memory = 33554432
	client.dns.lookup = use_all_dns_ips
	client.id = Producer-topic-82f4e179_5f50_4bbd_85e2_b7a594676ae2
	compression.gzip.level = -1
	compression.lz4.level = 9
	compression.type = none
	compression.zstd.level = 3
	connections.max.idle.ms = 10000
	delivery.timeout.ms = 120000
	enable.idempotence = true
	enable.metrics.push = true
	interceptor.classes = []
	key.serializer = class org.apache.kafka.common.serialization.StringSerializer
	linger.ms = 0
	max.block.ms = 60000
	max.in.flight.requests.per.connection = 5
	max.request.size = 1048576
	metadata.max.age.ms = 300000
	metadata.max.idle.ms = 300000
	metadata.recovery.strategy = none
	metric.reporters = []
	metrics.num.samples = 2
	metrics.recording.level = INFO
	metrics.sample.window.ms = 30000
	partitioner.adaptive.partitioning.enable = true
	partitioner.availability.timeout.ms = 0
	partitioner.class = null
	partitioner.ignore.keys = false
	receive.buffer.bytes = 32768
	reconnect.backoff.max.ms = 1000
	reconnect.backoff.ms = 50
	request.timeout.ms = 5000
	retries = 2147483647
	retry.backoff.max.ms = 1000
	retry.backoff.ms = 100
	sasl.client.callback.handler.class = null
	sasl.jaas.config = null
	sasl.kerberos.kinit.cmd = /usr/bin/kinit
	sasl.kerberos.min.time.before.relogin = 60000
	sasl.kerberos.service.name = null
	sasl.kerberos.ticket.renew.jitter = 0.05
	sasl.kerberos.ticket.renew.window.factor = 0.8
	sasl.login.callback.handler.class = null
	sasl.login.class = null
	sasl.login.connect.timeout.ms = null
	sasl.login.read.timeout.ms = null
	sasl.login.refresh.buffer.seconds = 300
	sasl.login.refresh.min.period.seconds = 60
	sasl.login.refresh.window.factor = 0.8
	sasl.login.refresh.window.jitter = 0.05
	sasl.login.retry.backoff.max.ms = 10000
	sasl.login.retry.backoff.ms = 100
	sasl.mechanism = GSSAPI
	sasl.oauthbearer.clock.skew.seconds = 30
	sasl.oauthbearer.expected.audience = null
	sasl.oauthbearer.expected.issuer = null
	sasl.oauthbearer.header.urlencode = false
	sasl.oauthbearer.jwks.endpoint.refresh.ms = 3600000
	sasl.oauthbearer.jwks.endpoint.retry.backoff.max.ms = 10000
	sasl.oauthbearer.jwks.endpoint.retry.backoff.ms = 100
	sasl.oauthbearer.jwks.endpoint.url = null
	sasl.oauthbearer.scope.claim.name = scope
	sasl.oauthbearer.sub.claim.name = sub
	sasl.oauthbearer.token.endpoint.url = null
	security.protocol = PLAINTEXT
	security.providers = null
	send.buffer.bytes = 131072
	socket.connection.setup.timeout.max.ms = 30000
	socket.connection.setup.timeout.ms = 10000
	ssl.cipher.suites = null
	ssl.enabled.protocols = [TLSv1.2, TLSv1.3]
	ssl.endpoint.identification.algorithm = https
	ssl.engine.factory.class = null
	ssl.key.password = null
	ssl.keymanager.algorithm = SunX509
	ssl.keystore.certificate.chain = null
	ssl.keystore.key = null
	ssl.keystore.location = null
	ssl.keystore.password = null
	ssl.keystore.type = JKS
	ssl.protocol = TLSv1.3
	ssl.provider = null
	ssl.secure.random.implementation = null
	ssl.trustmanager.algorithm = PKIX
	ssl.truststore.certificates = null
	ssl.truststore.location = null
	ssl.truststore.password = null
	ssl.truststore.type = JKS
	transaction.timeout.ms = 60000
	transactional.id = null
	value.serializer = class io.apicurio.registry.serde.avro.AvroKafkaSerializer

2025-07-31 20:42:26,929 INFO  [org.apa.kaf.com.tel.int.KafkaMetricsCollector] (main) initializing Kafka metrics collector
2025-07-31 20:42:26,936 INFO  [org.apa.kaf.cli.pro.KafkaProducer] (main) [Producer clientId=Producer-topic-82f4e179_5f50_4bbd_85e2_b7a594676ae2] Instantiated an idempotent producer.
2025-07-31 20:42:26,938 INFO  [org.apa.kaf.cli.pro.ProducerConfig] (main) These configurations '[apicurio.registry.url, apicurio.registry.artifact-resolver-strategy]' were supplied but are not used yet.
2025-07-31 20:42:26,938 INFO  [org.apa.kaf.com.uti.AppInfoParser] (main) Kafka version: 3.9.1
2025-07-31 20:42:26,938 INFO  [org.apa.kaf.com.uti.AppInfoParser] (main) Kafka commitId: f745dfdcee2b9851
2025-07-31 20:42:26,938 INFO  [org.apa.kaf.com.uti.AppInfoParser] (main) Kafka startTimeMs: 1753994546938
2025-07-31 20:42:26,939 INFO  [io.api.tes.ser.api.KafkaSerdesTester] (Thread-673) Sending message {"key11753994543384": "value-0"} to topic topic-82f4e179_5f50_4bbd_85e2_b7a594676ae2
2025-07-31 20:42:26,943 INFO  [org.apa.kaf.cli.Metadata] (kafka-producer-network-thread | Producer-topic-82f4e179_5f50_4bbd_85e2_b7a594676ae2) [Producer clientId=Producer-topic-82f4e179_5f50_4bbd_85e2_b7a594676ae2] Cluster ID: 1k_IxQydR42FDqpO2KqWFA
2025-07-31 20:42:26,944 INFO  [DefaultSchemaResolver] (Thread-673) Retrieving schema content using string: {"type":"record","name":"se1ee83b4xace7x4194x8481xe7d2656f4d33","namespace":"ns_f9917298_2661_4a36_83f8_1403ffd27b05","fields":[{"name":"key11753994543384","type":"string"}]}
2025-07-31 20:42:26,944 INFO  [org.apa.kaf.cli.pro.int.TransactionManager] (kafka-producer-network-thread | Producer-topic-82f4e179_5f50_4bbd_85e2_b7a594676ae2) [Producer clientId=Producer-topic-82f4e179_5f50_4bbd_85e2_b7a594676ae2] ProducerId set to 14 with epoch 0
2025-07-31 20:42:27,109 INFO  [io.api.tes.ser.api.KafkaSerdesTester] (Thread-673) Sending message {"key11753994543384": "value-1"} to topic topic-82f4e179_5f50_4bbd_85e2_b7a594676ae2
2025-07-31 20:42:27,111 INFO  [io.api.tes.ser.api.KafkaSerdesTester] (Thread-673) Sending message {"key11753994543384": "value-2"} to topic topic-82f4e179_5f50_4bbd_85e2_b7a594676ae2
2025-07-31 20:42:27,112 INFO  [io.api.tes.ser.api.KafkaSerdesTester] (Thread-673) Sending message {"key11753994543384": "value-3"} to topic topic-82f4e179_5f50_4bbd_85e2_b7a594676ae2
2025-07-31 20:42:27,113 INFO  [io.api.tes.ser.api.KafkaSerdesTester] (Thread-673) Sending message {"key11753994543384": "value-4"} to topic topic-82f4e179_5f50_4bbd_85e2_b7a594676ae2
2025-07-31 20:42:27,114 INFO  [io.api.tes.ser.api.KafkaSerdesTester] (Thread-673) Sending message {"key11753994543384": "value-5"} to topic topic-82f4e179_5f50_4bbd_85e2_b7a594676ae2
2025-07-31 20:42:27,116 INFO  [io.api.tes.ser.api.KafkaSerdesTester] (Thread-673) Sending message {"key11753994543384": "value-6"} to topic topic-82f4e179_5f50_4bbd_85e2_b7a594676ae2
2025-07-31 20:42:27,117 INFO  [io.api.tes.ser.api.KafkaSerdesTester] (Thread-673) Sending message {"key11753994543384": "value-7"} to topic topic-82f4e179_5f50_4bbd_85e2_b7a594676ae2
2025-07-31 20:42:27,118 INFO  [io.api.tes.ser.api.KafkaSerdesTester] (Thread-673) Sending message {"key11753994543384": "value-8"} to topic topic-82f4e179_5f50_4bbd_85e2_b7a594676ae2
2025-07-31 20:42:27,120 INFO  [io.api.tes.ser.api.KafkaSerdesTester] (Thread-673) Sending message {"key11753994543384": "value-9"} to topic topic-82f4e179_5f50_4bbd_85e2_b7a594676ae2
2025-07-31 20:42:27,121 INFO  [io.api.tes.ser.api.KafkaSerdesTester] (Thread-673) Produced 10 messages
2025-07-31 20:42:27,121 INFO  [org.apa.kaf.cli.pro.KafkaProducer] (Thread-673) [Producer clientId=Producer-topic-82f4e179_5f50_4bbd_85e2_b7a594676ae2] Closing the Kafka producer with timeoutMillis = 9223372036854775807 ms.
2025-07-31 20:42:27,122 INFO  [org.apa.kaf.com.met.Metrics] (Thread-673) Metrics scheduler closed
2025-07-31 20:42:27,122 INFO  [org.apa.kaf.com.met.Metrics] (Thread-673) Closing reporter org.apache.kafka.common.metrics.JmxReporter
2025-07-31 20:42:27,122 INFO  [org.apa.kaf.com.met.Metrics] (Thread-673) Closing reporter org.apache.kafka.common.telemetry.internals.ClientTelemetryReporter
2025-07-31 20:42:27,122 INFO  [org.apa.kaf.com.met.Metrics] (Thread-673) Metrics reporters closed
2025-07-31 20:42:27,123 INFO  [org.apa.kaf.com.uti.AppInfoParser] (Thread-673) App info kafka.producer for Producer-topic-82f4e179_5f50_4bbd_85e2_b7a594676ae2 unregistered
**** Registry Base URL: http://registry-app-postgresql.apps.ci419.apicurio-testing.org:80
2025-07-31 20:42:27,123 INFO  [org.apa.kaf.cli.con.ConsumerConfig] (main) ConsumerConfig values: 
	allow.auto.create.topics = true
	auto.commit.interval.ms = 500
	auto.include.jmx.reporter = true
	auto.offset.reset = earliest
	bootstrap.servers = [PLAINTEXT://localhost:32770]
	check.crcs = true
	client.dns.lookup = use_all_dns_ips
	client.id = consumer-Consumer-topic-82f4e179_5f50_4bbd_85e2_b7a594676ae2-11
	client.rack = 
	connections.max.idle.ms = 10000
	default.api.timeout.ms = 60000
	enable.auto.commit = true
	enable.metrics.push = true
	exclude.internal.topics = true
	fetch.max.bytes = 52428800
	fetch.max.wait.ms = 500
	fetch.min.bytes = 1
	group.id = Consumer-topic-82f4e179_5f50_4bbd_85e2_b7a594676ae2
	group.instance.id = null
	group.protocol = classic
	group.remote.assignor = null
	heartbeat.interval.ms = 3000
	interceptor.classes = []
	internal.leave.group.on.close = true
	internal.throw.on.fetch.stable.offset.unsupported = false
	isolation.level = read_uncommitted
	key.deserializer = class org.apache.kafka.common.serialization.StringDeserializer
	max.partition.fetch.bytes = 1048576
	max.poll.interval.ms = 300000
	max.poll.records = 500
	metadata.max.age.ms = 300000
	metadata.recovery.strategy = none
	metric.reporters = []
	metrics.num.samples = 2
	metrics.recording.level = INFO
	metrics.sample.window.ms = 30000
	partition.assignment.strategy = [class org.apache.kafka.clients.consumer.RangeAssignor, class org.apache.kafka.clients.consumer.CooperativeStickyAssignor]
	receive.buffer.bytes = 65536
	reconnect.backoff.max.ms = 1000
	reconnect.backoff.ms = 50
	request.timeout.ms = 5000
	retry.backoff.max.ms = 1000
	retry.backoff.ms = 100
	sasl.client.callback.handler.class = null
	sasl.jaas.config = null
	sasl.kerberos.kinit.cmd = /usr/bin/kinit
	sasl.kerberos.min.time.before.relogin = 60000
	sasl.kerberos.service.name = null
	sasl.kerberos.ticket.renew.jitter = 0.05
	sasl.kerberos.ticket.renew.window.factor = 0.8
	sasl.login.callback.handler.class = null
	sasl.login.class = null
	sasl.login.connect.timeout.ms = null
	sasl.login.read.timeout.ms = null
	sasl.login.refresh.buffer.seconds = 300
	sasl.login.refresh.min.period.seconds = 60
	sasl.login.refresh.window.factor = 0.8
	sasl.login.refresh.window.jitter = 0.05
	sasl.login.retry.backoff.max.ms = 10000
	sasl.login.retry.backoff.ms = 100
	sasl.mechanism = GSSAPI
	sasl.oauthbearer.clock.skew.seconds = 30
	sasl.oauthbearer.expected.audience = null
	sasl.oauthbearer.expected.issuer = null
	sasl.oauthbearer.header.urlencode = false
	sasl.oauthbearer.jwks.endpoint.refresh.ms = 3600000
	sasl.oauthbearer.jwks.endpoint.retry.backoff.max.ms = 10000
	sasl.oauthbearer.jwks.endpoint.retry.backoff.ms = 100
	sasl.oauthbearer.jwks.endpoint.url = null
	sasl.oauthbearer.scope.claim.name = scope
	sasl.oauthbearer.sub.claim.name = sub
	sasl.oauthbearer.token.endpoint.url = null
	security.protocol = PLAINTEXT
	security.providers = null
	send.buffer.bytes = 131072
	session.timeout.ms = 45000
	socket.connection.setup.timeout.max.ms = 30000
	socket.connection.setup.timeout.ms = 10000
	ssl.cipher.suites = null
	ssl.enabled.protocols = [TLSv1.2, TLSv1.3]
	ssl.endpoint.identification.algorithm = https
	ssl.engine.factory.class = null
	ssl.key.password = null
	ssl.keymanager.algorithm = SunX509
	ssl.keystore.certificate.chain = null
	ssl.keystore.key = null
	ssl.keystore.location = null
	ssl.keystore.password = null
	ssl.keystore.type = JKS
	ssl.protocol = TLSv1.3
	ssl.provider = null
	ssl.secure.random.implementation = null
	ssl.trustmanager.algorithm = PKIX
	ssl.truststore.certificates = null
	ssl.truststore.location = null
	ssl.truststore.password = null
	ssl.truststore.type = JKS
	value.deserializer = class io.apicurio.registry.serde.avro.AvroKafkaDeserializer

2025-07-31 20:42:27,124 INFO  [org.apa.kaf.com.tel.int.KafkaMetricsCollector] (main) initializing Kafka metrics collector
2025-07-31 20:42:27,130 INFO  [org.apa.kaf.cli.con.ConsumerConfig] (main) These configurations '[apicurio.registry.url]' were supplied but are not used yet.
2025-07-31 20:42:27,131 INFO  [org.apa.kaf.com.uti.AppInfoParser] (main) Kafka version: 3.9.1
2025-07-31 20:42:27,131 INFO  [org.apa.kaf.com.uti.AppInfoParser] (main) Kafka commitId: f745dfdcee2b9851
2025-07-31 20:42:27,131 INFO  [org.apa.kaf.com.uti.AppInfoParser] (main) Kafka startTimeMs: 1753994547130
2025-07-31 20:42:27,131 INFO  [org.apa.kaf.cli.con.int.ClassicKafkaConsumer] (Thread-676) [Consumer clientId=consumer-Consumer-topic-82f4e179_5f50_4bbd_85e2_b7a594676ae2-11, groupId=Consumer-topic-82f4e179_5f50_4bbd_85e2_b7a594676ae2] Subscribed to topic(s): topic-82f4e179_5f50_4bbd_85e2_b7a594676ae2
2025-07-31 20:42:27,135 INFO  [org.apa.kaf.cli.Metadata] (Thread-676) [Consumer clientId=consumer-Consumer-topic-82f4e179_5f50_4bbd_85e2_b7a594676ae2-11, groupId=Consumer-topic-82f4e179_5f50_4bbd_85e2_b7a594676ae2] Cluster ID: 1k_IxQydR42FDqpO2KqWFA
2025-07-31 20:42:27,136 INFO  [org.apa.kaf.cli.con.int.ConsumerCoordinator] (Thread-676) [Consumer clientId=consumer-Consumer-topic-82f4e179_5f50_4bbd_85e2_b7a594676ae2-11, groupId=Consumer-topic-82f4e179_5f50_4bbd_85e2_b7a594676ae2] Discovered group coordinator localhost:32770 (id: 2147483647 rack: null)
2025-07-31 20:42:27,137 INFO  [org.apa.kaf.cli.con.int.ConsumerCoordinator] (Thread-676) [Consumer clientId=consumer-Consumer-topic-82f4e179_5f50_4bbd_85e2_b7a594676ae2-11, groupId=Consumer-topic-82f4e179_5f50_4bbd_85e2_b7a594676ae2] (Re-)joining group
2025-07-31 20:42:27,141 INFO  [org.apa.kaf.cli.con.int.ConsumerCoordinator] (Thread-676) [Consumer clientId=consumer-Consumer-topic-82f4e179_5f50_4bbd_85e2_b7a594676ae2-11, groupId=Consumer-topic-82f4e179_5f50_4bbd_85e2_b7a594676ae2] Request joining group due to: need to re-join with the given member-id: consumer-Consumer-topic-82f4e179_5f50_4bbd_85e2_b7a594676ae2-11-c49e0e2a-fcbb-402e-8105-9b7cea5c92d7
2025-07-31 20:42:27,141 INFO  [org.apa.kaf.cli.con.int.ConsumerCoordinator] (Thread-676) [Consumer clientId=consumer-Consumer-topic-82f4e179_5f50_4bbd_85e2_b7a594676ae2-11, groupId=Consumer-topic-82f4e179_5f50_4bbd_85e2_b7a594676ae2] (Re-)joining group
2025-07-31 20:42:27,144 INFO  [org.apa.kaf.cli.con.int.ConsumerCoordinator] (Thread-676) [Consumer clientId=consumer-Consumer-topic-82f4e179_5f50_4bbd_85e2_b7a594676ae2-11, groupId=Consumer-topic-82f4e179_5f50_4bbd_85e2_b7a594676ae2] Successfully joined group with generation Generation{generationId=3, memberId='consumer-Consumer-topic-82f4e179_5f50_4bbd_85e2_b7a594676ae2-11-c49e0e2a-fcbb-402e-8105-9b7cea5c92d7', protocol='range'}
2025-07-31 20:42:27,144 INFO  [org.apa.kaf.cli.con.int.ConsumerCoordinator] (Thread-676) [Consumer clientId=consumer-Consumer-topic-82f4e179_5f50_4bbd_85e2_b7a594676ae2-11, groupId=Consumer-topic-82f4e179_5f50_4bbd_85e2_b7a594676ae2] Finished assignment for group at generation 3: {consumer-Consumer-topic-82f4e179_5f50_4bbd_85e2_b7a594676ae2-11-c49e0e2a-fcbb-402e-8105-9b7cea5c92d7=Assignment(partitions=[topic-82f4e179_5f50_4bbd_85e2_b7a594676ae2-0])}
2025-07-31 20:42:27,147 INFO  [org.apa.kaf.cli.con.int.ConsumerCoordinator] (Thread-676) [Consumer clientId=consumer-Consumer-topic-82f4e179_5f50_4bbd_85e2_b7a594676ae2-11, groupId=Consumer-topic-82f4e179_5f50_4bbd_85e2_b7a594676ae2] Successfully synced group in generation Generation{generationId=3, memberId='consumer-Consumer-topic-82f4e179_5f50_4bbd_85e2_b7a594676ae2-11-c49e0e2a-fcbb-402e-8105-9b7cea5c92d7', protocol='range'}
2025-07-31 20:42:27,147 INFO  [org.apa.kaf.cli.con.int.ConsumerCoordinator] (Thread-676) [Consumer clientId=consumer-Consumer-topic-82f4e179_5f50_4bbd_85e2_b7a594676ae2-11, groupId=Consumer-topic-82f4e179_5f50_4bbd_85e2_b7a594676ae2] Notifying assignor about the new Assignment(partitions=[topic-82f4e179_5f50_4bbd_85e2_b7a594676ae2-0])
2025-07-31 20:42:27,148 INFO  [org.apa.kaf.cli.con.int.ConsumerRebalanceListenerInvoker] (Thread-676) [Consumer clientId=consumer-Consumer-topic-82f4e179_5f50_4bbd_85e2_b7a594676ae2-11, groupId=Consumer-topic-82f4e179_5f50_4bbd_85e2_b7a594676ae2] Adding newly assigned partitions: topic-82f4e179_5f50_4bbd_85e2_b7a594676ae2-0
2025-07-31 20:42:27,150 INFO  [org.apa.kaf.cli.con.int.ConsumerUtils] (Thread-676) Setting offset for partition topic-82f4e179_5f50_4bbd_85e2_b7a594676ae2-0 to the committed offset FetchPosition{offset=10, offsetEpoch=Optional[0], currentLeader=LeaderAndEpoch{leader=Optional[localhost:32770 (id: 0 rack: null)], epoch=0}}
2025-07-31 20:42:27,563 INFO  [io.api.tes.ser.api.KafkaSerdesTester] (Thread-676) topic-82f4e179_5f50_4bbd_85e2_b7a594676ae2 0 10 {"key11753994543384": "value-0", "key21753994545546": "value-0"}
2025-07-31 20:42:27,563 INFO  [io.api.tes.ser.api.KafkaSerdesTester] (Thread-676) topic-82f4e179_5f50_4bbd_85e2_b7a594676ae2 0 11 {"key11753994543384": "value-1", "key21753994545546": "value-1"}
2025-07-31 20:42:27,563 INFO  [io.api.tes.ser.api.KafkaSerdesTester] (Thread-676) topic-82f4e179_5f50_4bbd_85e2_b7a594676ae2 0 12 {"key11753994543384": "value-2", "key21753994545546": "value-2"}
2025-07-31 20:42:27,563 INFO  [io.api.tes.ser.api.KafkaSerdesTester] (Thread-676) topic-82f4e179_5f50_4bbd_85e2_b7a594676ae2 0 13 {"key11753994543384": "value-3", "key21753994545546": "value-3"}
2025-07-31 20:42:27,563 INFO  [io.api.tes.ser.api.KafkaSerdesTester] (Thread-676) topic-82f4e179_5f50_4bbd_85e2_b7a594676ae2 0 14 {"key11753994543384": "value-4", "key21753994545546": "value-4"}
2025-07-31 20:42:27,563 INFO  [io.api.tes.ser.api.KafkaSerdesTester] (Thread-676) topic-82f4e179_5f50_4bbd_85e2_b7a594676ae2 0 15 {"key11753994543384": "value-5", "key21753994545546": "value-5"}
2025-07-31 20:42:27,564 INFO  [io.api.tes.ser.api.KafkaSerdesTester] (Thread-676) topic-82f4e179_5f50_4bbd_85e2_b7a594676ae2 0 16 {"key11753994543384": "value-6", "key21753994545546": "value-6"}
2025-07-31 20:42:27,564 INFO  [io.api.tes.ser.api.KafkaSerdesTester] (Thread-676) topic-82f4e179_5f50_4bbd_85e2_b7a594676ae2 0 17 {"key11753994543384": "value-7", "key21753994545546": "value-7"}
2025-07-31 20:42:27,564 INFO  [io.api.tes.ser.api.KafkaSerdesTester] (Thread-676) topic-82f4e179_5f50_4bbd_85e2_b7a594676ae2 0 18 {"key11753994543384": "value-8", "key21753994545546": "value-8"}
2025-07-31 20:42:27,565 INFO  [io.api.tes.ser.api.KafkaSerdesTester] (Thread-676) topic-82f4e179_5f50_4bbd_85e2_b7a594676ae2 0 19 {"key11753994543384": "value-9", "key21753994545546": "value-9"}
2025-07-31 20:42:27,565 INFO  [io.api.tes.ser.api.KafkaSerdesTester] (Thread-676) topic-82f4e179_5f50_4bbd_85e2_b7a594676ae2 0 20 {"key11753994543384": "value-0"}
2025-07-31 20:42:27,565 INFO  [io.api.tes.ser.api.KafkaSerdesTester] (Thread-676) topic-82f4e179_5f50_4bbd_85e2_b7a594676ae2 0 21 {"key11753994543384": "value-1"}
2025-07-31 20:42:27,565 INFO  [io.api.tes.ser.api.KafkaSerdesTester] (Thread-676) topic-82f4e179_5f50_4bbd_85e2_b7a594676ae2 0 22 {"key11753994543384": "value-2"}
2025-07-31 20:42:27,565 INFO  [io.api.tes.ser.api.KafkaSerdesTester] (Thread-676) topic-82f4e179_5f50_4bbd_85e2_b7a594676ae2 0 23 {"key11753994543384": "value-3"}
2025-07-31 20:42:27,565 INFO  [io.api.tes.ser.api.KafkaSerdesTester] (Thread-676) topic-82f4e179_5f50_4bbd_85e2_b7a594676ae2 0 24 {"key11753994543384": "value-4"}
2025-07-31 20:42:27,565 INFO  [io.api.tes.ser.api.KafkaSerdesTester] (Thread-676) topic-82f4e179_5f50_4bbd_85e2_b7a594676ae2 0 25 {"key11753994543384": "value-5"}
2025-07-31 20:42:27,565 INFO  [io.api.tes.ser.api.KafkaSerdesTester] (Thread-676) topic-82f4e179_5f50_4bbd_85e2_b7a594676ae2 0 26 {"key11753994543384": "value-6"}
2025-07-31 20:42:27,565 INFO  [io.api.tes.ser.api.KafkaSerdesTester] (Thread-676) topic-82f4e179_5f50_4bbd_85e2_b7a594676ae2 0 27 {"key11753994543384": "value-7"}
2025-07-31 20:42:27,565 INFO  [io.api.tes.ser.api.KafkaSerdesTester] (Thread-676) topic-82f4e179_5f50_4bbd_85e2_b7a594676ae2 0 28 {"key11753994543384": "value-8"}
2025-07-31 20:42:27,566 INFO  [io.api.tes.ser.api.KafkaSerdesTester] (Thread-676) topic-82f4e179_5f50_4bbd_85e2_b7a594676ae2 0 29 {"key11753994543384": "value-9"}
2025-07-31 20:42:27,566 INFO  [io.api.tes.ser.api.KafkaSerdesTester] (Thread-676) Consumed 20 messages
2025-07-31 20:42:27,572 INFO  [org.apa.kaf.cli.con.int.ConsumerRebalanceListenerInvoker] (Thread-676) [Consumer clientId=consumer-Consumer-topic-82f4e179_5f50_4bbd_85e2_b7a594676ae2-11, groupId=Consumer-topic-82f4e179_5f50_4bbd_85e2_b7a594676ae2] Revoke previously assigned partitions topic-82f4e179_5f50_4bbd_85e2_b7a594676ae2-0
2025-07-31 20:42:27,572 INFO  [org.apa.kaf.cli.con.int.ConsumerCoordinator] (Thread-676) [Consumer clientId=consumer-Consumer-topic-82f4e179_5f50_4bbd_85e2_b7a594676ae2-11, groupId=Consumer-topic-82f4e179_5f50_4bbd_85e2_b7a594676ae2] Member consumer-Consumer-topic-82f4e179_5f50_4bbd_85e2_b7a594676ae2-11-c49e0e2a-fcbb-402e-8105-9b7cea5c92d7 sending LeaveGroup request to coordinator localhost:32770 (id: 2147483647 rack: null) due to the consumer is being closed
2025-07-31 20:42:27,573 INFO  [org.apa.kaf.cli.con.int.ConsumerCoordinator] (Thread-676) [Consumer clientId=consumer-Consumer-topic-82f4e179_5f50_4bbd_85e2_b7a594676ae2-11, groupId=Consumer-topic-82f4e179_5f50_4bbd_85e2_b7a594676ae2] Resetting generation and member id due to: consumer pro-actively leaving the group
2025-07-31 20:42:27,573 INFO  [org.apa.kaf.cli.con.int.ConsumerCoordinator] (Thread-676) [Consumer clientId=consumer-Consumer-topic-82f4e179_5f50_4bbd_85e2_b7a594676ae2-11, groupId=Consumer-topic-82f4e179_5f50_4bbd_85e2_b7a594676ae2] Request joining group due to: consumer pro-actively leaving the group
2025-07-31 20:42:28,065 INFO  [org.apa.kaf.com.met.Metrics] (Thread-676) Metrics scheduler closed
2025-07-31 20:42:28,065 INFO  [org.apa.kaf.com.met.Metrics] (Thread-676) Closing reporter org.apache.kafka.common.metrics.JmxReporter
2025-07-31 20:42:28,065 INFO  [org.apa.kaf.com.met.Metrics] (Thread-676) Closing reporter org.apache.kafka.common.telemetry.internals.ClientTelemetryReporter
2025-07-31 20:42:28,065 INFO  [org.apa.kaf.com.met.Metrics] (Thread-676) Metrics reporters closed
2025-07-31 20:42:28,068 INFO  [org.apa.kaf.com.uti.AppInfoParser] (Thread-676) App info kafka.consumer for consumer-Consumer-topic-82f4e179_5f50_4bbd_85e2_b7a594676ae2-11 unregistered
2025-07-31 20:42:28,070 INFO  [io.api.tes.ser.api.AvroSerdeIT] (main) Registering Avro Schema 3: {"type":"record","name":"se1ee83b4xace7x4194x8481xe7d2656f4d33","namespace":"ns_f9917298_2661_4a36_83f8_1403ffd27b05","fields":[{"name":"key11753994543384","type":"string"},{"name":"key21753994545546","type":"string"},{"name":"key31753994548069","type":"string"}]}
**** Registry Base URL: http://registry-app-postgresql.apps.ci419.apicurio-testing.org:80
2025-07-31 20:42:29,267 INFO  [org.apa.kaf.cli.pro.ProducerConfig] (main) ProducerConfig values: 
	acks = -1
	auto.include.jmx.reporter = true
	batch.size = 16384
	bootstrap.servers = [PLAINTEXT://localhost:32770]
	buffer.memory = 33554432
	client.dns.lookup = use_all_dns_ips
	client.id = Producer-topic-82f4e179_5f50_4bbd_85e2_b7a594676ae2
	compression.gzip.level = -1
	compression.lz4.level = 9
	compression.type = none
	compression.zstd.level = 3
	connections.max.idle.ms = 10000
	delivery.timeout.ms = 120000
	enable.idempotence = true
	enable.metrics.push = true
	interceptor.classes = []
	key.serializer = class org.apache.kafka.common.serialization.StringSerializer
	linger.ms = 0
	max.block.ms = 60000
	max.in.flight.requests.per.connection = 5
	max.request.size = 1048576
	metadata.max.age.ms = 300000
	metadata.max.idle.ms = 300000
	metadata.recovery.strategy = none
	metric.reporters = []
	metrics.num.samples = 2
	metrics.recording.level = INFO
	metrics.sample.window.ms = 30000
	partitioner.adaptive.partitioning.enable = true
	partitioner.availability.timeout.ms = 0
	partitioner.class = null
	partitioner.ignore.keys = false
	receive.buffer.bytes = 32768
	reconnect.backoff.max.ms = 1000
	reconnect.backoff.ms = 50
	request.timeout.ms = 5000
	retries = 2147483647
	retry.backoff.max.ms = 1000
	retry.backoff.ms = 100
	sasl.client.callback.handler.class = null
	sasl.jaas.config = null
	sasl.kerberos.kinit.cmd = /usr/bin/kinit
	sasl.kerberos.min.time.before.relogin = 60000
	sasl.kerberos.service.name = null
	sasl.kerberos.ticket.renew.jitter = 0.05
	sasl.kerberos.ticket.renew.window.factor = 0.8
	sasl.login.callback.handler.class = null
	sasl.login.class = null
	sasl.login.connect.timeout.ms = null
	sasl.login.read.timeout.ms = null
	sasl.login.refresh.buffer.seconds = 300
	sasl.login.refresh.min.period.seconds = 60
	sasl.login.refresh.window.factor = 0.8
	sasl.login.refresh.window.jitter = 0.05
	sasl.login.retry.backoff.max.ms = 10000
	sasl.login.retry.backoff.ms = 100
	sasl.mechanism = GSSAPI
	sasl.oauthbearer.clock.skew.seconds = 30
	sasl.oauthbearer.expected.audience = null
	sasl.oauthbearer.expected.issuer = null
	sasl.oauthbearer.header.urlencode = false
	sasl.oauthbearer.jwks.endpoint.refresh.ms = 3600000
	sasl.oauthbearer.jwks.endpoint.retry.backoff.max.ms = 10000
	sasl.oauthbearer.jwks.endpoint.retry.backoff.ms = 100
	sasl.oauthbearer.jwks.endpoint.url = null
	sasl.oauthbearer.scope.claim.name = scope
	sasl.oauthbearer.sub.claim.name = sub
	sasl.oauthbearer.token.endpoint.url = null
	security.protocol = PLAINTEXT
	security.providers = null
	send.buffer.bytes = 131072
	socket.connection.setup.timeout.max.ms = 30000
	socket.connection.setup.timeout.ms = 10000
	ssl.cipher.suites = null
	ssl.enabled.protocols = [TLSv1.2, TLSv1.3]
	ssl.endpoint.identification.algorithm = https
	ssl.engine.factory.class = null
	ssl.key.password = null
	ssl.keymanager.algorithm = SunX509
	ssl.keystore.certificate.chain = null
	ssl.keystore.key = null
	ssl.keystore.location = null
	ssl.keystore.password = null
	ssl.keystore.type = JKS
	ssl.protocol = TLSv1.3
	ssl.provider = null
	ssl.secure.random.implementation = null
	ssl.trustmanager.algorithm = PKIX
	ssl.truststore.certificates = null
	ssl.truststore.location = null
	ssl.truststore.password = null
	ssl.truststore.type = JKS
	transaction.timeout.ms = 60000
	transactional.id = null
	value.serializer = class io.apicurio.registry.serde.avro.AvroKafkaSerializer

2025-07-31 20:42:29,267 INFO  [org.apa.kaf.com.tel.int.KafkaMetricsCollector] (main) initializing Kafka metrics collector
2025-07-31 20:42:29,274 INFO  [org.apa.kaf.cli.pro.KafkaProducer] (main) [Producer clientId=Producer-topic-82f4e179_5f50_4bbd_85e2_b7a594676ae2] Instantiated an idempotent producer.
2025-07-31 20:42:29,277 INFO  [org.apa.kaf.cli.pro.ProducerConfig] (main) These configurations '[apicurio.registry.url, apicurio.registry.artifact-resolver-strategy]' were supplied but are not used yet.
2025-07-31 20:42:29,277 INFO  [org.apa.kaf.com.uti.AppInfoParser] (main) Kafka version: 3.9.1
2025-07-31 20:42:29,277 INFO  [org.apa.kaf.com.uti.AppInfoParser] (main) Kafka commitId: f745dfdcee2b9851
2025-07-31 20:42:29,277 INFO  [org.apa.kaf.com.uti.AppInfoParser] (main) Kafka startTimeMs: 1753994549277
2025-07-31 20:42:29,278 INFO  [io.api.tes.ser.api.KafkaSerdesTester] (Thread-679) Sending message {"key11753994543384": "value-0", "key21753994545546": "value-0", "key31753994548069": "value-0"} to topic topic-82f4e179_5f50_4bbd_85e2_b7a594676ae2
2025-07-31 20:42:29,283 INFO  [org.apa.kaf.cli.Metadata] (kafka-producer-network-thread | Producer-topic-82f4e179_5f50_4bbd_85e2_b7a594676ae2) [Producer clientId=Producer-topic-82f4e179_5f50_4bbd_85e2_b7a594676ae2] Cluster ID: 1k_IxQydR42FDqpO2KqWFA
2025-07-31 20:42:29,283 INFO  [DefaultSchemaResolver] (Thread-679) Retrieving schema content using string: {"type":"record","name":"se1ee83b4xace7x4194x8481xe7d2656f4d33","namespace":"ns_f9917298_2661_4a36_83f8_1403ffd27b05","fields":[{"name":"key11753994543384","type":"string"},{"name":"key21753994545546","type":"string"},{"name":"key31753994548069","type":"string"}]}
2025-07-31 20:42:29,284 INFO  [org.apa.kaf.cli.pro.int.TransactionManager] (kafka-producer-network-thread | Producer-topic-82f4e179_5f50_4bbd_85e2_b7a594676ae2) [Producer clientId=Producer-topic-82f4e179_5f50_4bbd_85e2_b7a594676ae2] ProducerId set to 15 with epoch 0
2025-07-31 20:42:29,450 INFO  [io.api.tes.ser.api.KafkaSerdesTester] (Thread-679) Sending message {"key11753994543384": "value-1", "key21753994545546": "value-1", "key31753994548069": "value-1"} to topic topic-82f4e179_5f50_4bbd_85e2_b7a594676ae2
2025-07-31 20:42:29,451 INFO  [io.api.tes.ser.api.KafkaSerdesTester] (Thread-679) Sending message {"key11753994543384": "value-2", "key21753994545546": "value-2", "key31753994548069": "value-2"} to topic topic-82f4e179_5f50_4bbd_85e2_b7a594676ae2
2025-07-31 20:42:29,452 INFO  [io.api.tes.ser.api.KafkaSerdesTester] (Thread-679) Sending message {"key11753994543384": "value-3", "key21753994545546": "value-3", "key31753994548069": "value-3"} to topic topic-82f4e179_5f50_4bbd_85e2_b7a594676ae2
2025-07-31 20:42:29,454 INFO  [io.api.tes.ser.api.KafkaSerdesTester] (Thread-679) Sending message {"key11753994543384": "value-4", "key21753994545546": "value-4", "key31753994548069": "value-4"} to topic topic-82f4e179_5f50_4bbd_85e2_b7a594676ae2
2025-07-31 20:42:29,455 INFO  [io.api.tes.ser.api.KafkaSerdesTester] (Thread-679) Sending message {"key11753994543384": "value-5", "key21753994545546": "value-5", "key31753994548069": "value-5"} to topic topic-82f4e179_5f50_4bbd_85e2_b7a594676ae2
2025-07-31 20:42:29,456 INFO  [io.api.tes.ser.api.KafkaSerdesTester] (Thread-679) Sending message {"key11753994543384": "value-6", "key21753994545546": "value-6", "key31753994548069": "value-6"} to topic topic-82f4e179_5f50_4bbd_85e2_b7a594676ae2
2025-07-31 20:42:29,457 INFO  [io.api.tes.ser.api.KafkaSerdesTester] (Thread-679) Sending message {"key11753994543384": "value-7", "key21753994545546": "value-7", "key31753994548069": "value-7"} to topic topic-82f4e179_5f50_4bbd_85e2_b7a594676ae2
2025-07-31 20:42:29,459 INFO  [io.api.tes.ser.api.KafkaSerdesTester] (Thread-679) Sending message {"key11753994543384": "value-8", "key21753994545546": "value-8", "key31753994548069": "value-8"} to topic topic-82f4e179_5f50_4bbd_85e2_b7a594676ae2
2025-07-31 20:42:29,460 INFO  [io.api.tes.ser.api.KafkaSerdesTester] (Thread-679) Sending message {"key11753994543384": "value-9", "key21753994545546": "value-9", "key31753994548069": "value-9"} to topic topic-82f4e179_5f50_4bbd_85e2_b7a594676ae2
2025-07-31 20:42:29,463 INFO  [io.api.tes.ser.api.KafkaSerdesTester] (Thread-679) Produced 10 messages
2025-07-31 20:42:29,463 INFO  [org.apa.kaf.cli.pro.KafkaProducer] (Thread-679) [Producer clientId=Producer-topic-82f4e179_5f50_4bbd_85e2_b7a594676ae2] Closing the Kafka producer with timeoutMillis = 9223372036854775807 ms.
2025-07-31 20:42:29,466 INFO  [org.apa.kaf.com.met.Metrics] (Thread-679) Metrics scheduler closed
2025-07-31 20:42:29,466 INFO  [org.apa.kaf.com.met.Metrics] (Thread-679) Closing reporter org.apache.kafka.common.metrics.JmxReporter
2025-07-31 20:42:29,466 INFO  [org.apa.kaf.com.met.Metrics] (Thread-679) Closing reporter org.apache.kafka.common.telemetry.internals.ClientTelemetryReporter
2025-07-31 20:42:29,466 INFO  [org.apa.kaf.com.met.Metrics] (Thread-679) Metrics reporters closed
2025-07-31 20:42:29,467 INFO  [org.apa.kaf.com.uti.AppInfoParser] (Thread-679) App info kafka.producer for Producer-topic-82f4e179_5f50_4bbd_85e2_b7a594676ae2 unregistered
**** Registry Base URL: http://registry-app-postgresql.apps.ci419.apicurio-testing.org:80
2025-07-31 20:42:29,467 INFO  [org.apa.kaf.cli.pro.ProducerConfig] (main) ProducerConfig values: 
	acks = -1
	auto.include.jmx.reporter = true
	batch.size = 16384
	bootstrap.servers = [PLAINTEXT://localhost:32770]
	buffer.memory = 33554432
	client.dns.lookup = use_all_dns_ips
	client.id = Producer-topic-82f4e179_5f50_4bbd_85e2_b7a594676ae2
	compression.gzip.level = -1
	compression.lz4.level = 9
	compression.type = none
	compression.zstd.level = 3
	connections.max.idle.ms = 10000
	delivery.timeout.ms = 120000
	enable.idempotence = true
	enable.metrics.push = true
	interceptor.classes = []
	key.serializer = class org.apache.kafka.common.serialization.StringSerializer
	linger.ms = 0
	max.block.ms = 60000
	max.in.flight.requests.per.connection = 5
	max.request.size = 1048576
	metadata.max.age.ms = 300000
	metadata.max.idle.ms = 300000
	metadata.recovery.strategy = none
	metric.reporters = []
	metrics.num.samples = 2
	metrics.recording.level = INFO
	metrics.sample.window.ms = 30000
	partitioner.adaptive.partitioning.enable = true
	partitioner.availability.timeout.ms = 0
	partitioner.class = null
	partitioner.ignore.keys = false
	receive.buffer.bytes = 32768
	reconnect.backoff.max.ms = 1000
	reconnect.backoff.ms = 50
	request.timeout.ms = 5000
	retries = 2147483647
	retry.backoff.max.ms = 1000
	retry.backoff.ms = 100
	sasl.client.callback.handler.class = null
	sasl.jaas.config = null
	sasl.kerberos.kinit.cmd = /usr/bin/kinit
	sasl.kerberos.min.time.before.relogin = 60000
	sasl.kerberos.service.name = null
	sasl.kerberos.ticket.renew.jitter = 0.05
	sasl.kerberos.ticket.renew.window.factor = 0.8
	sasl.login.callback.handler.class = null
	sasl.login.class = null
	sasl.login.connect.timeout.ms = null
	sasl.login.read.timeout.ms = null
	sasl.login.refresh.buffer.seconds = 300
	sasl.login.refresh.min.period.seconds = 60
	sasl.login.refresh.window.factor = 0.8
	sasl.login.refresh.window.jitter = 0.05
	sasl.login.retry.backoff.max.ms = 10000
	sasl.login.retry.backoff.ms = 100
	sasl.mechanism = GSSAPI
	sasl.oauthbearer.clock.skew.seconds = 30
	sasl.oauthbearer.expected.audience = null
	sasl.oauthbearer.expected.issuer = null
	sasl.oauthbearer.header.urlencode = false
	sasl.oauthbearer.jwks.endpoint.refresh.ms = 3600000
	sasl.oauthbearer.jwks.endpoint.retry.backoff.max.ms = 10000
	sasl.oauthbearer.jwks.endpoint.retry.backoff.ms = 100
	sasl.oauthbearer.jwks.endpoint.url = null
	sasl.oauthbearer.scope.claim.name = scope
	sasl.oauthbearer.sub.claim.name = sub
	sasl.oauthbearer.token.endpoint.url = null
	security.protocol = PLAINTEXT
	security.providers = null
	send.buffer.bytes = 131072
	socket.connection.setup.timeout.max.ms = 30000
	socket.connection.setup.timeout.ms = 10000
	ssl.cipher.suites = null
	ssl.enabled.protocols = [TLSv1.2, TLSv1.3]
	ssl.endpoint.identification.algorithm = https
	ssl.engine.factory.class = null
	ssl.key.password = null
	ssl.keymanager.algorithm = SunX509
	ssl.keystore.certificate.chain = null
	ssl.keystore.key = null
	ssl.keystore.location = null
	ssl.keystore.password = null
	ssl.keystore.type = JKS
	ssl.protocol = TLSv1.3
	ssl.provider = null
	ssl.secure.random.implementation = null
	ssl.trustmanager.algorithm = PKIX
	ssl.truststore.certificates = null
	ssl.truststore.location = null
	ssl.truststore.password = null
	ssl.truststore.type = JKS
	transaction.timeout.ms = 60000
	transactional.id = null
	value.serializer = class io.apicurio.registry.serde.avro.AvroKafkaSerializer

2025-07-31 20:42:29,468 INFO  [org.apa.kaf.com.tel.int.KafkaMetricsCollector] (main) initializing Kafka metrics collector
2025-07-31 20:42:29,475 INFO  [org.apa.kaf.cli.pro.KafkaProducer] (main) [Producer clientId=Producer-topic-82f4e179_5f50_4bbd_85e2_b7a594676ae2] Instantiated an idempotent producer.
2025-07-31 20:42:29,477 INFO  [org.apa.kaf.cli.pro.ProducerConfig] (main) These configurations '[apicurio.registry.url, apicurio.registry.artifact-resolver-strategy]' were supplied but are not used yet.
2025-07-31 20:42:29,477 INFO  [org.apa.kaf.com.uti.AppInfoParser] (main) Kafka version: 3.9.1
2025-07-31 20:42:29,477 INFO  [org.apa.kaf.com.uti.AppInfoParser] (main) Kafka commitId: f745dfdcee2b9851
2025-07-31 20:42:29,477 INFO  [org.apa.kaf.com.uti.AppInfoParser] (main) Kafka startTimeMs: 1753994549477
2025-07-31 20:42:29,479 INFO  [io.api.tes.ser.api.KafkaSerdesTester] (Thread-682) Sending message {"key11753994543384": "value-0", "key21753994545546": "value-0"} to topic topic-82f4e179_5f50_4bbd_85e2_b7a594676ae2
2025-07-31 20:42:29,483 INFO  [org.apa.kaf.cli.Metadata] (kafka-producer-network-thread | Producer-topic-82f4e179_5f50_4bbd_85e2_b7a594676ae2) [Producer clientId=Producer-topic-82f4e179_5f50_4bbd_85e2_b7a594676ae2] Cluster ID: 1k_IxQydR42FDqpO2KqWFA
2025-07-31 20:42:29,484 INFO  [org.apa.kaf.cli.pro.int.TransactionManager] (kafka-producer-network-thread | Producer-topic-82f4e179_5f50_4bbd_85e2_b7a594676ae2) [Producer clientId=Producer-topic-82f4e179_5f50_4bbd_85e2_b7a594676ae2] ProducerId set to 16 with epoch 0
2025-07-31 20:42:29,485 INFO  [DefaultSchemaResolver] (Thread-682) Retrieving schema content using string: {"type":"record","name":"se1ee83b4xace7x4194x8481xe7d2656f4d33","namespace":"ns_f9917298_2661_4a36_83f8_1403ffd27b05","fields":[{"name":"key11753994543384","type":"string"},{"name":"key21753994545546","type":"string"}]}
2025-07-31 20:42:29,662 INFO  [io.api.tes.ser.api.KafkaSerdesTester] (Thread-682) Sending message {"key11753994543384": "value-1", "key21753994545546": "value-1"} to topic topic-82f4e179_5f50_4bbd_85e2_b7a594676ae2
2025-07-31 20:42:29,664 INFO  [io.api.tes.ser.api.KafkaSerdesTester] (Thread-682) Sending message {"key11753994543384": "value-2", "key21753994545546": "value-2"} to topic topic-82f4e179_5f50_4bbd_85e2_b7a594676ae2
2025-07-31 20:42:29,665 INFO  [io.api.tes.ser.api.KafkaSerdesTester] (Thread-682) Sending message {"key11753994543384": "value-3", "key21753994545546": "value-3"} to topic topic-82f4e179_5f50_4bbd_85e2_b7a594676ae2
2025-07-31 20:42:29,666 INFO  [io.api.tes.ser.api.KafkaSerdesTester] (Thread-682) Sending message {"key11753994543384": "value-4", "key21753994545546": "value-4"} to topic topic-82f4e179_5f50_4bbd_85e2_b7a594676ae2
2025-07-31 20:42:29,668 INFO  [io.api.tes.ser.api.KafkaSerdesTester] (Thread-682) Sending message {"key11753994543384": "value-5", "key21753994545546": "value-5"} to topic topic-82f4e179_5f50_4bbd_85e2_b7a594676ae2
2025-07-31 20:42:29,670 INFO  [io.api.tes.ser.api.KafkaSerdesTester] (Thread-682) Sending message {"key11753994543384": "value-6", "key21753994545546": "value-6"} to topic topic-82f4e179_5f50_4bbd_85e2_b7a594676ae2
2025-07-31 20:42:29,672 INFO  [io.api.tes.ser.api.KafkaSerdesTester] (Thread-682) Sending message {"key11753994543384": "value-7", "key21753994545546": "value-7"} to topic topic-82f4e179_5f50_4bbd_85e2_b7a594676ae2
2025-07-31 20:42:29,676 INFO  [io.api.tes.ser.api.KafkaSerdesTester] (Thread-682) Sending message {"key11753994543384": "value-8", "key21753994545546": "value-8"} to topic topic-82f4e179_5f50_4bbd_85e2_b7a594676ae2
2025-07-31 20:42:29,677 INFO  [io.api.tes.ser.api.KafkaSerdesTester] (Thread-682) Sending message {"key11753994543384": "value-9", "key21753994545546": "value-9"} to topic topic-82f4e179_5f50_4bbd_85e2_b7a594676ae2
2025-07-31 20:42:29,679 INFO  [io.api.tes.ser.api.KafkaSerdesTester] (Thread-682) Produced 10 messages
2025-07-31 20:42:29,679 INFO  [org.apa.kaf.cli.pro.KafkaProducer] (Thread-682) [Producer clientId=Producer-topic-82f4e179_5f50_4bbd_85e2_b7a594676ae2] Closing the Kafka producer with timeoutMillis = 9223372036854775807 ms.
2025-07-31 20:42:29,680 INFO  [org.apa.kaf.com.met.Metrics] (Thread-682) Metrics scheduler closed
2025-07-31 20:42:29,681 INFO  [org.apa.kaf.com.met.Metrics] (Thread-682) Closing reporter org.apache.kafka.common.metrics.JmxReporter
2025-07-31 20:42:29,681 INFO  [org.apa.kaf.com.met.Metrics] (Thread-682) Closing reporter org.apache.kafka.common.telemetry.internals.ClientTelemetryReporter
2025-07-31 20:42:29,681 INFO  [org.apa.kaf.com.met.Metrics] (Thread-682) Metrics reporters closed
2025-07-31 20:42:29,681 INFO  [org.apa.kaf.com.uti.AppInfoParser] (Thread-682) App info kafka.producer for Producer-topic-82f4e179_5f50_4bbd_85e2_b7a594676ae2 unregistered
**** Registry Base URL: http://registry-app-postgresql.apps.ci419.apicurio-testing.org:80
2025-07-31 20:42:29,682 INFO  [org.apa.kaf.cli.pro.ProducerConfig] (main) ProducerConfig values: 
	acks = -1
	auto.include.jmx.reporter = true
	batch.size = 16384
	bootstrap.servers = [PLAINTEXT://localhost:32770]
	buffer.memory = 33554432
	client.dns.lookup = use_all_dns_ips
	client.id = Producer-topic-82f4e179_5f50_4bbd_85e2_b7a594676ae2
	compression.gzip.level = -1
	compression.lz4.level = 9
	compression.type = none
	compression.zstd.level = 3
	connections.max.idle.ms = 10000
	delivery.timeout.ms = 120000
	enable.idempotence = true
	enable.metrics.push = true
	interceptor.classes = []
	key.serializer = class org.apache.kafka.common.serialization.StringSerializer
	linger.ms = 0
	max.block.ms = 60000
	max.in.flight.requests.per.connection = 5
	max.request.size = 1048576
	metadata.max.age.ms = 300000
	metadata.max.idle.ms = 300000
	metadata.recovery.strategy = none
	metric.reporters = []
	metrics.num.samples = 2
	metrics.recording.level = INFO
	metrics.sample.window.ms = 30000
	partitioner.adaptive.partitioning.enable = true
	partitioner.availability.timeout.ms = 0
	partitioner.class = null
	partitioner.ignore.keys = false
	receive.buffer.bytes = 32768
	reconnect.backoff.max.ms = 1000
	reconnect.backoff.ms = 50
	request.timeout.ms = 5000
	retries = 2147483647
	retry.backoff.max.ms = 1000
	retry.backoff.ms = 100
	sasl.client.callback.handler.class = null
	sasl.jaas.config = null
	sasl.kerberos.kinit.cmd = /usr/bin/kinit
	sasl.kerberos.min.time.before.relogin = 60000
	sasl.kerberos.service.name = null
	sasl.kerberos.ticket.renew.jitter = 0.05
	sasl.kerberos.ticket.renew.window.factor = 0.8
	sasl.login.callback.handler.class = null
	sasl.login.class = null
	sasl.login.connect.timeout.ms = null
	sasl.login.read.timeout.ms = null
	sasl.login.refresh.buffer.seconds = 300
	sasl.login.refresh.min.period.seconds = 60
	sasl.login.refresh.window.factor = 0.8
	sasl.login.refresh.window.jitter = 0.05
	sasl.login.retry.backoff.max.ms = 10000
	sasl.login.retry.backoff.ms = 100
	sasl.mechanism = GSSAPI
	sasl.oauthbearer.clock.skew.seconds = 30
	sasl.oauthbearer.expected.audience = null
	sasl.oauthbearer.expected.issuer = null
	sasl.oauthbearer.header.urlencode = false
	sasl.oauthbearer.jwks.endpoint.refresh.ms = 3600000
	sasl.oauthbearer.jwks.endpoint.retry.backoff.max.ms = 10000
	sasl.oauthbearer.jwks.endpoint.retry.backoff.ms = 100
	sasl.oauthbearer.jwks.endpoint.url = null
	sasl.oauthbearer.scope.claim.name = scope
	sasl.oauthbearer.sub.claim.name = sub
	sasl.oauthbearer.token.endpoint.url = null
	security.protocol = PLAINTEXT
	security.providers = null
	send.buffer.bytes = 131072
	socket.connection.setup.timeout.max.ms = 30000
	socket.connection.setup.timeout.ms = 10000
	ssl.cipher.suites = null
	ssl.enabled.protocols = [TLSv1.2, TLSv1.3]
	ssl.endpoint.identification.algorithm = https
	ssl.engine.factory.class = null
	ssl.key.password = null
	ssl.keymanager.algorithm = SunX509
	ssl.keystore.certificate.chain = null
	ssl.keystore.key = null
	ssl.keystore.location = null
	ssl.keystore.password = null
	ssl.keystore.type = JKS
	ssl.protocol = TLSv1.3
	ssl.provider = null
	ssl.secure.random.implementation = null
	ssl.trustmanager.algorithm = PKIX
	ssl.truststore.certificates = null
	ssl.truststore.location = null
	ssl.truststore.password = null
	ssl.truststore.type = JKS
	transaction.timeout.ms = 60000
	transactional.id = null
	value.serializer = class io.apicurio.registry.serde.avro.AvroKafkaSerializer

2025-07-31 20:42:29,682 INFO  [org.apa.kaf.com.tel.int.KafkaMetricsCollector] (main) initializing Kafka metrics collector
2025-07-31 20:42:29,689 INFO  [org.apa.kaf.cli.pro.KafkaProducer] (main) [Producer clientId=Producer-topic-82f4e179_5f50_4bbd_85e2_b7a594676ae2] Instantiated an idempotent producer.
2025-07-31 20:42:29,691 INFO  [org.apa.kaf.cli.pro.ProducerConfig] (main) These configurations '[apicurio.registry.url, apicurio.registry.artifact-resolver-strategy]' were supplied but are not used yet.
2025-07-31 20:42:29,691 INFO  [org.apa.kaf.com.uti.AppInfoParser] (main) Kafka version: 3.9.1
2025-07-31 20:42:29,691 INFO  [org.apa.kaf.com.uti.AppInfoParser] (main) Kafka commitId: f745dfdcee2b9851
2025-07-31 20:42:29,691 INFO  [org.apa.kaf.com.uti.AppInfoParser] (main) Kafka startTimeMs: 1753994549691
2025-07-31 20:42:29,692 INFO  [io.api.tes.ser.api.KafkaSerdesTester] (Thread-685) Sending message {"key11753994543384": "value-0"} to topic topic-82f4e179_5f50_4bbd_85e2_b7a594676ae2
2025-07-31 20:42:29,701 INFO  [org.apa.kaf.cli.Metadata] (kafka-producer-network-thread | Producer-topic-82f4e179_5f50_4bbd_85e2_b7a594676ae2) [Producer clientId=Producer-topic-82f4e179_5f50_4bbd_85e2_b7a594676ae2] Cluster ID: 1k_IxQydR42FDqpO2KqWFA
2025-07-31 20:42:29,701 INFO  [org.apa.kaf.cli.pro.int.TransactionManager] (kafka-producer-network-thread | Producer-topic-82f4e179_5f50_4bbd_85e2_b7a594676ae2) [Producer clientId=Producer-topic-82f4e179_5f50_4bbd_85e2_b7a594676ae2] ProducerId set to 17 with epoch 0
2025-07-31 20:42:29,701 INFO  [DefaultSchemaResolver] (Thread-685) Retrieving schema content using string: {"type":"record","name":"se1ee83b4xace7x4194x8481xe7d2656f4d33","namespace":"ns_f9917298_2661_4a36_83f8_1403ffd27b05","fields":[{"name":"key11753994543384","type":"string"}]}
2025-07-31 20:42:29,872 INFO  [io.api.tes.ser.api.KafkaSerdesTester] (Thread-685) Sending message {"key11753994543384": "value-1"} to topic topic-82f4e179_5f50_4bbd_85e2_b7a594676ae2
2025-07-31 20:42:29,880 INFO  [io.api.tes.ser.api.KafkaSerdesTester] (Thread-685) Sending message {"key11753994543384": "value-2"} to topic topic-82f4e179_5f50_4bbd_85e2_b7a594676ae2
2025-07-31 20:42:29,882 INFO  [io.api.tes.ser.api.KafkaSerdesTester] (Thread-685) Sending message {"key11753994543384": "value-3"} to topic topic-82f4e179_5f50_4bbd_85e2_b7a594676ae2
2025-07-31 20:42:29,884 INFO  [io.api.tes.ser.api.KafkaSerdesTester] (Thread-685) Sending message {"key11753994543384": "value-4"} to topic topic-82f4e179_5f50_4bbd_85e2_b7a594676ae2
2025-07-31 20:42:29,886 INFO  [io.api.tes.ser.api.KafkaSerdesTester] (Thread-685) Sending message {"key11753994543384": "value-5"} to topic topic-82f4e179_5f50_4bbd_85e2_b7a594676ae2
2025-07-31 20:42:29,889 INFO  [io.api.tes.ser.api.KafkaSerdesTester] (Thread-685) Sending message {"key11753994543384": "value-6"} to topic topic-82f4e179_5f50_4bbd_85e2_b7a594676ae2
2025-07-31 20:42:29,891 INFO  [io.api.tes.ser.api.KafkaSerdesTester] (Thread-685) Sending message {"key11753994543384": "value-7"} to topic topic-82f4e179_5f50_4bbd_85e2_b7a594676ae2
2025-07-31 20:42:29,892 INFO  [io.api.tes.ser.api.KafkaSerdesTester] (Thread-685) Sending message {"key11753994543384": "value-8"} to topic topic-82f4e179_5f50_4bbd_85e2_b7a594676ae2
2025-07-31 20:42:29,893 INFO  [io.api.tes.ser.api.KafkaSerdesTester] (Thread-685) Sending message {"key11753994543384": "value-9"} to topic topic-82f4e179_5f50_4bbd_85e2_b7a594676ae2
2025-07-31 20:42:29,897 INFO  [io.api.tes.ser.api.KafkaSerdesTester] (Thread-685) Produced 10 messages
2025-07-31 20:42:29,897 INFO  [org.apa.kaf.cli.pro.KafkaProducer] (Thread-685) [Producer clientId=Producer-topic-82f4e179_5f50_4bbd_85e2_b7a594676ae2] Closing the Kafka producer with timeoutMillis = 9223372036854775807 ms.
2025-07-31 20:42:29,899 INFO  [org.apa.kaf.com.met.Metrics] (Thread-685) Metrics scheduler closed
2025-07-31 20:42:29,899 INFO  [org.apa.kaf.com.met.Metrics] (Thread-685) Closing reporter org.apache.kafka.common.metrics.JmxReporter
2025-07-31 20:42:29,899 INFO  [org.apa.kaf.com.met.Metrics] (Thread-685) Closing reporter org.apache.kafka.common.telemetry.internals.ClientTelemetryReporter
2025-07-31 20:42:29,899 INFO  [org.apa.kaf.com.met.Metrics] (Thread-685) Metrics reporters closed
2025-07-31 20:42:29,899 INFO  [org.apa.kaf.com.uti.AppInfoParser] (Thread-685) App info kafka.producer for Producer-topic-82f4e179_5f50_4bbd_85e2_b7a594676ae2 unregistered
**** Registry Base URL: http://registry-app-postgresql.apps.ci419.apicurio-testing.org:80
2025-07-31 20:42:29,900 INFO  [org.apa.kaf.cli.con.ConsumerConfig] (main) ConsumerConfig values: 
	allow.auto.create.topics = true
	auto.commit.interval.ms = 500
	auto.include.jmx.reporter = true
	auto.offset.reset = earliest
	bootstrap.servers = [PLAINTEXT://localhost:32770]
	check.crcs = true
	client.dns.lookup = use_all_dns_ips
	client.id = consumer-Consumer-topic-82f4e179_5f50_4bbd_85e2_b7a594676ae2-12
	client.rack = 
	connections.max.idle.ms = 10000
	default.api.timeout.ms = 60000
	enable.auto.commit = true
	enable.metrics.push = true
	exclude.internal.topics = true
	fetch.max.bytes = 52428800
	fetch.max.wait.ms = 500
	fetch.min.bytes = 1
	group.id = Consumer-topic-82f4e179_5f50_4bbd_85e2_b7a594676ae2
	group.instance.id = null
	group.protocol = classic
	group.remote.assignor = null
	heartbeat.interval.ms = 3000
	interceptor.classes = []
	internal.leave.group.on.close = true
	internal.throw.on.fetch.stable.offset.unsupported = false
	isolation.level = read_uncommitted
	key.deserializer = class org.apache.kafka.common.serialization.StringDeserializer
	max.partition.fetch.bytes = 1048576
	max.poll.interval.ms = 300000
	max.poll.records = 500
	metadata.max.age.ms = 300000
	metadata.recovery.strategy = none
	metric.reporters = []
	metrics.num.samples = 2
	metrics.recording.level = INFO
	metrics.sample.window.ms = 30000
	partition.assignment.strategy = [class org.apache.kafka.clients.consumer.RangeAssignor, class org.apache.kafka.clients.consumer.CooperativeStickyAssignor]
	receive.buffer.bytes = 65536
	reconnect.backoff.max.ms = 1000
	reconnect.backoff.ms = 50
	request.timeout.ms = 5000
	retry.backoff.max.ms = 1000
	retry.backoff.ms = 100
	sasl.client.callback.handler.class = null
	sasl.jaas.config = null
	sasl.kerberos.kinit.cmd = /usr/bin/kinit
	sasl.kerberos.min.time.before.relogin = 60000
	sasl.kerberos.service.name = null
	sasl.kerberos.ticket.renew.jitter = 0.05
	sasl.kerberos.ticket.renew.window.factor = 0.8
	sasl.login.callback.handler.class = null
	sasl.login.class = null
	sasl.login.connect.timeout.ms = null
	sasl.login.read.timeout.ms = null
	sasl.login.refresh.buffer.seconds = 300
	sasl.login.refresh.min.period.seconds = 60
	sasl.login.refresh.window.factor = 0.8
	sasl.login.refresh.window.jitter = 0.05
	sasl.login.retry.backoff.max.ms = 10000
	sasl.login.retry.backoff.ms = 100
	sasl.mechanism = GSSAPI
	sasl.oauthbearer.clock.skew.seconds = 30
	sasl.oauthbearer.expected.audience = null
	sasl.oauthbearer.expected.issuer = null
	sasl.oauthbearer.header.urlencode = false
	sasl.oauthbearer.jwks.endpoint.refresh.ms = 3600000
	sasl.oauthbearer.jwks.endpoint.retry.backoff.max.ms = 10000
	sasl.oauthbearer.jwks.endpoint.retry.backoff.ms = 100
	sasl.oauthbearer.jwks.endpoint.url = null
	sasl.oauthbearer.scope.claim.name = scope
	sasl.oauthbearer.sub.claim.name = sub
	sasl.oauthbearer.token.endpoint.url = null
	security.protocol = PLAINTEXT
	security.providers = null
	send.buffer.bytes = 131072
	session.timeout.ms = 45000
	socket.connection.setup.timeout.max.ms = 30000
	socket.connection.setup.timeout.ms = 10000
	ssl.cipher.suites = null
	ssl.enabled.protocols = [TLSv1.2, TLSv1.3]
	ssl.endpoint.identification.algorithm = https
	ssl.engine.factory.class = null
	ssl.key.password = null
	ssl.keymanager.algorithm = SunX509
	ssl.keystore.certificate.chain = null
	ssl.keystore.key = null
	ssl.keystore.location = null
	ssl.keystore.password = null
	ssl.keystore.type = JKS
	ssl.protocol = TLSv1.3
	ssl.provider = null
	ssl.secure.random.implementation = null
	ssl.trustmanager.algorithm = PKIX
	ssl.truststore.certificates = null
	ssl.truststore.location = null
	ssl.truststore.password = null
	ssl.truststore.type = JKS
	value.deserializer = class io.apicurio.registry.serde.avro.AvroKafkaDeserializer

2025-07-31 20:42:29,900 INFO  [org.apa.kaf.com.tel.int.KafkaMetricsCollector] (main) initializing Kafka metrics collector
2025-07-31 20:42:29,908 INFO  [org.apa.kaf.cli.con.ConsumerConfig] (main) These configurations '[apicurio.registry.url]' were supplied but are not used yet.
2025-07-31 20:42:29,908 INFO  [org.apa.kaf.com.uti.AppInfoParser] (main) Kafka version: 3.9.1
2025-07-31 20:42:29,908 INFO  [org.apa.kaf.com.uti.AppInfoParser] (main) Kafka commitId: f745dfdcee2b9851
2025-07-31 20:42:29,908 INFO  [org.apa.kaf.com.uti.AppInfoParser] (main) Kafka startTimeMs: 1753994549908
2025-07-31 20:42:29,909 INFO  [org.apa.kaf.cli.con.int.ClassicKafkaConsumer] (Thread-688) [Consumer clientId=consumer-Consumer-topic-82f4e179_5f50_4bbd_85e2_b7a594676ae2-12, groupId=Consumer-topic-82f4e179_5f50_4bbd_85e2_b7a594676ae2] Subscribed to topic(s): topic-82f4e179_5f50_4bbd_85e2_b7a594676ae2
2025-07-31 20:42:29,914 INFO  [org.apa.kaf.cli.Metadata] (Thread-688) [Consumer clientId=consumer-Consumer-topic-82f4e179_5f50_4bbd_85e2_b7a594676ae2-12, groupId=Consumer-topic-82f4e179_5f50_4bbd_85e2_b7a594676ae2] Cluster ID: 1k_IxQydR42FDqpO2KqWFA
2025-07-31 20:42:29,915 INFO  [org.apa.kaf.cli.con.int.ConsumerCoordinator] (Thread-688) [Consumer clientId=consumer-Consumer-topic-82f4e179_5f50_4bbd_85e2_b7a594676ae2-12, groupId=Consumer-topic-82f4e179_5f50_4bbd_85e2_b7a594676ae2] Discovered group coordinator localhost:32770 (id: 2147483647 rack: null)
2025-07-31 20:42:29,916 INFO  [org.apa.kaf.cli.con.int.ConsumerCoordinator] (Thread-688) [Consumer clientId=consumer-Consumer-topic-82f4e179_5f50_4bbd_85e2_b7a594676ae2-12, groupId=Consumer-topic-82f4e179_5f50_4bbd_85e2_b7a594676ae2] (Re-)joining group
2025-07-31 20:42:29,920 INFO  [org.apa.kaf.cli.con.int.ConsumerCoordinator] (Thread-688) [Consumer clientId=consumer-Consumer-topic-82f4e179_5f50_4bbd_85e2_b7a594676ae2-12, groupId=Consumer-topic-82f4e179_5f50_4bbd_85e2_b7a594676ae2] Request joining group due to: need to re-join with the given member-id: consumer-Consumer-topic-82f4e179_5f50_4bbd_85e2_b7a594676ae2-12-3de01265-18b3-424a-abfe-61ef18a2fdfb
2025-07-31 20:42:29,920 INFO  [org.apa.kaf.cli.con.int.ConsumerCoordinator] (Thread-688) [Consumer clientId=consumer-Consumer-topic-82f4e179_5f50_4bbd_85e2_b7a594676ae2-12, groupId=Consumer-topic-82f4e179_5f50_4bbd_85e2_b7a594676ae2] (Re-)joining group
2025-07-31 20:42:29,923 INFO  [org.apa.kaf.cli.con.int.ConsumerCoordinator] (Thread-688) [Consumer clientId=consumer-Consumer-topic-82f4e179_5f50_4bbd_85e2_b7a594676ae2-12, groupId=Consumer-topic-82f4e179_5f50_4bbd_85e2_b7a594676ae2] Successfully joined group with generation Generation{generationId=5, memberId='consumer-Consumer-topic-82f4e179_5f50_4bbd_85e2_b7a594676ae2-12-3de01265-18b3-424a-abfe-61ef18a2fdfb', protocol='range'}
2025-07-31 20:42:29,923 INFO  [org.apa.kaf.cli.con.int.ConsumerCoordinator] (Thread-688) [Consumer clientId=consumer-Consumer-topic-82f4e179_5f50_4bbd_85e2_b7a594676ae2-12, groupId=Consumer-topic-82f4e179_5f50_4bbd_85e2_b7a594676ae2] Finished assignment for group at generation 5: {consumer-Consumer-topic-82f4e179_5f50_4bbd_85e2_b7a594676ae2-12-3de01265-18b3-424a-abfe-61ef18a2fdfb=Assignment(partitions=[topic-82f4e179_5f50_4bbd_85e2_b7a594676ae2-0])}
2025-07-31 20:42:29,927 INFO  [org.apa.kaf.cli.con.int.ConsumerCoordinator] (Thread-688) [Consumer clientId=consumer-Consumer-topic-82f4e179_5f50_4bbd_85e2_b7a594676ae2-12, groupId=Consumer-topic-82f4e179_5f50_4bbd_85e2_b7a594676ae2] Successfully synced group in generation Generation{generationId=5, memberId='consumer-Consumer-topic-82f4e179_5f50_4bbd_85e2_b7a594676ae2-12-3de01265-18b3-424a-abfe-61ef18a2fdfb', protocol='range'}
2025-07-31 20:42:29,927 INFO  [org.apa.kaf.cli.con.int.ConsumerCoordinator] (Thread-688) [Consumer clientId=consumer-Consumer-topic-82f4e179_5f50_4bbd_85e2_b7a594676ae2-12, groupId=Consumer-topic-82f4e179_5f50_4bbd_85e2_b7a594676ae2] Notifying assignor about the new Assignment(partitions=[topic-82f4e179_5f50_4bbd_85e2_b7a594676ae2-0])
2025-07-31 20:42:29,927 INFO  [org.apa.kaf.cli.con.int.ConsumerRebalanceListenerInvoker] (Thread-688) [Consumer clientId=consumer-Consumer-topic-82f4e179_5f50_4bbd_85e2_b7a594676ae2-12, groupId=Consumer-topic-82f4e179_5f50_4bbd_85e2_b7a594676ae2] Adding newly assigned partitions: topic-82f4e179_5f50_4bbd_85e2_b7a594676ae2-0
2025-07-31 20:42:29,929 INFO  [org.apa.kaf.cli.con.int.ConsumerUtils] (Thread-688) Setting offset for partition topic-82f4e179_5f50_4bbd_85e2_b7a594676ae2-0 to the committed offset FetchPosition{offset=30, offsetEpoch=Optional[0], currentLeader=LeaderAndEpoch{leader=Optional[localhost:32770 (id: 0 rack: null)], epoch=0}}
2025-07-31 20:42:30,491 INFO  [io.api.tes.ser.api.KafkaSerdesTester] (Thread-688) topic-82f4e179_5f50_4bbd_85e2_b7a594676ae2 0 30 {"key11753994543384": "value-0", "key21753994545546": "value-0", "key31753994548069": "value-0"}
2025-07-31 20:42:30,491 INFO  [io.api.tes.ser.api.KafkaSerdesTester] (Thread-688) topic-82f4e179_5f50_4bbd_85e2_b7a594676ae2 0 31 {"key11753994543384": "value-1", "key21753994545546": "value-1", "key31753994548069": "value-1"}
2025-07-31 20:42:30,492 INFO  [io.api.tes.ser.api.KafkaSerdesTester] (Thread-688) topic-82f4e179_5f50_4bbd_85e2_b7a594676ae2 0 32 {"key11753994543384": "value-2", "key21753994545546": "value-2", "key31753994548069": "value-2"}
2025-07-31 20:42:30,492 INFO  [io.api.tes.ser.api.KafkaSerdesTester] (Thread-688) topic-82f4e179_5f50_4bbd_85e2_b7a594676ae2 0 33 {"key11753994543384": "value-3", "key21753994545546": "value-3", "key31753994548069": "value-3"}
2025-07-31 20:42:30,492 INFO  [io.api.tes.ser.api.KafkaSerdesTester] (Thread-688) topic-82f4e179_5f50_4bbd_85e2_b7a594676ae2 0 34 {"key11753994543384": "value-4", "key21753994545546": "value-4", "key31753994548069": "value-4"}
2025-07-31 20:42:30,492 INFO  [io.api.tes.ser.api.KafkaSerdesTester] (Thread-688) topic-82f4e179_5f50_4bbd_85e2_b7a594676ae2 0 35 {"key11753994543384": "value-5", "key21753994545546": "value-5", "key31753994548069": "value-5"}
2025-07-31 20:42:30,492 INFO  [io.api.tes.ser.api.KafkaSerdesTester] (Thread-688) topic-82f4e179_5f50_4bbd_85e2_b7a594676ae2 0 36 {"key11753994543384": "value-6", "key21753994545546": "value-6", "key31753994548069": "value-6"}
2025-07-31 20:42:30,492 INFO  [io.api.tes.ser.api.KafkaSerdesTester] (Thread-688) topic-82f4e179_5f50_4bbd_85e2_b7a594676ae2 0 37 {"key11753994543384": "value-7", "key21753994545546": "value-7", "key31753994548069": "value-7"}
2025-07-31 20:42:30,492 INFO  [io.api.tes.ser.api.KafkaSerdesTester] (Thread-688) topic-82f4e179_5f50_4bbd_85e2_b7a594676ae2 0 38 {"key11753994543384": "value-8", "key21753994545546": "value-8", "key31753994548069": "value-8"}
2025-07-31 20:42:30,492 INFO  [io.api.tes.ser.api.KafkaSerdesTester] (Thread-688) topic-82f4e179_5f50_4bbd_85e2_b7a594676ae2 0 39 {"key11753994543384": "value-9", "key21753994545546": "value-9", "key31753994548069": "value-9"}
2025-07-31 20:42:30,492 INFO  [io.api.tes.ser.api.KafkaSerdesTester] (Thread-688) topic-82f4e179_5f50_4bbd_85e2_b7a594676ae2 0 40 {"key11753994543384": "value-0", "key21753994545546": "value-0"}
2025-07-31 20:42:30,492 INFO  [io.api.tes.ser.api.KafkaSerdesTester] (Thread-688) topic-82f4e179_5f50_4bbd_85e2_b7a594676ae2 0 41 {"key11753994543384": "value-1", "key21753994545546": "value-1"}
2025-07-31 20:42:30,492 INFO  [io.api.tes.ser.api.KafkaSerdesTester] (Thread-688) topic-82f4e179_5f50_4bbd_85e2_b7a594676ae2 0 42 {"key11753994543384": "value-2", "key21753994545546": "value-2"}
2025-07-31 20:42:30,492 INFO  [io.api.tes.ser.api.KafkaSerdesTester] (Thread-688) topic-82f4e179_5f50_4bbd_85e2_b7a594676ae2 0 43 {"key11753994543384": "value-3", "key21753994545546": "value-3"}
2025-07-31 20:42:30,492 INFO  [io.api.tes.ser.api.KafkaSerdesTester] (Thread-688) topic-82f4e179_5f50_4bbd_85e2_b7a594676ae2 0 44 {"key11753994543384": "value-4", "key21753994545546": "value-4"}
2025-07-31 20:42:30,492 INFO  [io.api.tes.ser.api.KafkaSerdesTester] (Thread-688) topic-82f4e179_5f50_4bbd_85e2_b7a594676ae2 0 45 {"key11753994543384": "value-5", "key21753994545546": "value-5"}
2025-07-31 20:42:30,492 INFO  [io.api.tes.ser.api.KafkaSerdesTester] (Thread-688) topic-82f4e179_5f50_4bbd_85e2_b7a594676ae2 0 46 {"key11753994543384": "value-6", "key21753994545546": "value-6"}
2025-07-31 20:42:30,492 INFO  [io.api.tes.ser.api.KafkaSerdesTester] (Thread-688) topic-82f4e179_5f50_4bbd_85e2_b7a594676ae2 0 47 {"key11753994543384": "value-7", "key21753994545546": "value-7"}
2025-07-31 20:42:30,492 INFO  [io.api.tes.ser.api.KafkaSerdesTester] (Thread-688) topic-82f4e179_5f50_4bbd_85e2_b7a594676ae2 0 48 {"key11753994543384": "value-8", "key21753994545546": "value-8"}
2025-07-31 20:42:30,492 INFO  [io.api.tes.ser.api.KafkaSerdesTester] (Thread-688) topic-82f4e179_5f50_4bbd_85e2_b7a594676ae2 0 49 {"key11753994543384": "value-9", "key21753994545546": "value-9"}
2025-07-31 20:42:30,492 INFO  [io.api.tes.ser.api.KafkaSerdesTester] (Thread-688) topic-82f4e179_5f50_4bbd_85e2_b7a594676ae2 0 50 {"key11753994543384": "value-0"}
2025-07-31 20:42:30,492 INFO  [io.api.tes.ser.api.KafkaSerdesTester] (Thread-688) topic-82f4e179_5f50_4bbd_85e2_b7a594676ae2 0 51 {"key11753994543384": "value-1"}
2025-07-31 20:42:30,492 INFO  [io.api.tes.ser.api.KafkaSerdesTester] (Thread-688) topic-82f4e179_5f50_4bbd_85e2_b7a594676ae2 0 52 {"key11753994543384": "value-2"}
2025-07-31 20:42:30,492 INFO  [io.api.tes.ser.api.KafkaSerdesTester] (Thread-688) topic-82f4e179_5f50_4bbd_85e2_b7a594676ae2 0 53 {"key11753994543384": "value-3"}
2025-07-31 20:42:30,492 INFO  [io.api.tes.ser.api.KafkaSerdesTester] (Thread-688) topic-82f4e179_5f50_4bbd_85e2_b7a594676ae2 0 54 {"key11753994543384": "value-4"}
2025-07-31 20:42:30,492 INFO  [io.api.tes.ser.api.KafkaSerdesTester] (Thread-688) topic-82f4e179_5f50_4bbd_85e2_b7a594676ae2 0 55 {"key11753994543384": "value-5"}
2025-07-31 20:42:30,493 INFO  [io.api.tes.ser.api.KafkaSerdesTester] (Thread-688) topic-82f4e179_5f50_4bbd_85e2_b7a594676ae2 0 56 {"key11753994543384": "value-6"}
2025-07-31 20:42:30,493 INFO  [io.api.tes.ser.api.KafkaSerdesTester] (Thread-688) topic-82f4e179_5f50_4bbd_85e2_b7a594676ae2 0 57 {"key11753994543384": "value-7"}
2025-07-31 20:42:30,493 INFO  [io.api.tes.ser.api.KafkaSerdesTester] (Thread-688) topic-82f4e179_5f50_4bbd_85e2_b7a594676ae2 0 58 {"key11753994543384": "value-8"}
2025-07-31 20:42:30,493 INFO  [io.api.tes.ser.api.KafkaSerdesTester] (Thread-688) topic-82f4e179_5f50_4bbd_85e2_b7a594676ae2 0 59 {"key11753994543384": "value-9"}
2025-07-31 20:42:30,493 INFO  [io.api.tes.ser.api.KafkaSerdesTester] (Thread-688) Consumed 30 messages
2025-07-31 20:42:30,494 INFO  [org.apa.kaf.cli.con.int.ConsumerRebalanceListenerInvoker] (Thread-688) [Consumer clientId=consumer-Consumer-topic-82f4e179_5f50_4bbd_85e2_b7a594676ae2-12, groupId=Consumer-topic-82f4e179_5f50_4bbd_85e2_b7a594676ae2] Revoke previously assigned partitions topic-82f4e179_5f50_4bbd_85e2_b7a594676ae2-0
2025-07-31 20:42:30,495 INFO  [org.apa.kaf.cli.con.int.ConsumerCoordinator] (Thread-688) [Consumer clientId=consumer-Consumer-topic-82f4e179_5f50_4bbd_85e2_b7a594676ae2-12, groupId=Consumer-topic-82f4e179_5f50_4bbd_85e2_b7a594676ae2] Member consumer-Consumer-topic-82f4e179_5f50_4bbd_85e2_b7a594676ae2-12-3de01265-18b3-424a-abfe-61ef18a2fdfb sending LeaveGroup request to coordinator localhost:32770 (id: 2147483647 rack: null) due to the consumer is being closed
2025-07-31 20:42:30,497 INFO  [org.apa.kaf.cli.con.int.ConsumerCoordinator] (Thread-688) [Consumer clientId=consumer-Consumer-topic-82f4e179_5f50_4bbd_85e2_b7a594676ae2-12, groupId=Consumer-topic-82f4e179_5f50_4bbd_85e2_b7a594676ae2] Resetting generation and member id due to: consumer pro-actively leaving the group
2025-07-31 20:42:30,497 INFO  [org.apa.kaf.cli.con.int.ConsumerCoordinator] (Thread-688) [Consumer clientId=consumer-Consumer-topic-82f4e179_5f50_4bbd_85e2_b7a594676ae2-12, groupId=Consumer-topic-82f4e179_5f50_4bbd_85e2_b7a594676ae2] Request joining group due to: consumer pro-actively leaving the group
2025-07-31 20:42:30,994 INFO  [org.apa.kaf.com.met.Metrics] (Thread-688) Metrics scheduler closed
2025-07-31 20:42:30,994 INFO  [org.apa.kaf.com.met.Metrics] (Thread-688) Closing reporter org.apache.kafka.common.metrics.JmxReporter
2025-07-31 20:42:30,994 INFO  [org.apa.kaf.com.met.Metrics] (Thread-688) Closing reporter org.apache.kafka.common.telemetry.internals.ClientTelemetryReporter
2025-07-31 20:42:30,994 INFO  [org.apa.kaf.com.met.Metrics] (Thread-688) Metrics reporters closed
2025-07-31 20:42:30,997 INFO  [org.apa.kaf.com.uti.AppInfoParser] (Thread-688) App info kafka.consumer for consumer-Consumer-topic-82f4e179_5f50_4bbd_85e2_b7a594676ae2-12 unregistered
2025-07-31 20:42:30,997 INFO  [org.apa.kaf.cli.pro.KafkaProducer] (main) [Producer clientId=Producer-topic-82f4e179_5f50_4bbd_85e2_b7a594676ae2] Closing the Kafka producer with timeoutMillis = 9223372036854775807 ms.
2025-07-31 20:42:30,997 INFO  [org.apa.kaf.com.met.Metrics] (main) Metrics scheduler closed
2025-07-31 20:42:30,997 INFO  [org.apa.kaf.com.met.Metrics] (main) Closing reporter org.apache.kafka.common.metrics.JmxReporter
2025-07-31 20:42:30,997 INFO  [org.apa.kaf.com.met.Metrics] (main) Closing reporter org.apache.kafka.common.telemetry.internals.ClientTelemetryReporter
2025-07-31 20:42:30,997 INFO  [org.apa.kaf.com.met.Metrics] (main) Metrics reporters closed
2025-07-31 20:42:30,997 INFO  [org.apa.kaf.com.uti.AppInfoParser] (main) App info kafka.producer for Producer-topic-82f4e179_5f50_4bbd_85e2_b7a594676ae2 unregistered
2025-07-31 20:42:30,998 INFO  [io.api.tes.uti.TestSeparator] (main) io.apicurio.tests.serdes.apicurio.AvroSerdeIT.testEvolveAvroApicurio-FINISHED
2025-07-31 20:42:30,998 INFO  [io.api.tes.uti.TestSeparator] (main) ############################################################################
Test passed: testEvolveAvroApicurio
]]></system-out>
  </testcase>
  <testcase name="testTopicRecordIdStrategydFindLatest" classname="io.apicurio.tests.serdes.apicurio.AvroSerdeIT" time="2.309">
    <system-out><![CDATA[2025-07-31 20:42:31,000 INFO  [io.api.tes.uti.TestSeparator] (main) ############################################################################
2025-07-31 20:42:31,000 INFO  [io.api.tes.uti.TestSeparator] (main) io.apicurio.tests.serdes.apicurio.AvroSerdeIT.testTopicRecordIdStrategydFindLatest-STARTED
2025-07-31 20:42:31,002 INFO  [io.api.tes.ser.api.AvroSerdeIT] (main) Registering Avro Schema: {"type":"record","name":"s11cace6axe021x44faxa5d4x57333384f607","namespace":"sb9b12c17xb2e7x45bcxb29fxda84b3d67bdc","fields":[{"name":"key11753994551002","type":"string"}]}
**** Registry Base URL: http://registry-app-postgresql.apps.ci419.apicurio-testing.org:80
2025-07-31 20:42:32,189 INFO  [org.apa.kaf.cli.pro.ProducerConfig] (main) ProducerConfig values: 
	acks = -1
	auto.include.jmx.reporter = true
	batch.size = 16384
	bootstrap.servers = [PLAINTEXT://localhost:32770]
	buffer.memory = 33554432
	client.dns.lookup = use_all_dns_ips
	client.id = Producer-topic-f244cd85_8fc8_47f6_834a_f7fc3294ce4e
	compression.gzip.level = -1
	compression.lz4.level = 9
	compression.type = none
	compression.zstd.level = 3
	connections.max.idle.ms = 10000
	delivery.timeout.ms = 120000
	enable.idempotence = true
	enable.metrics.push = true
	interceptor.classes = []
	key.serializer = class org.apache.kafka.common.serialization.StringSerializer
	linger.ms = 0
	max.block.ms = 60000
	max.in.flight.requests.per.connection = 5
	max.request.size = 1048576
	metadata.max.age.ms = 300000
	metadata.max.idle.ms = 300000
	metadata.recovery.strategy = none
	metric.reporters = []
	metrics.num.samples = 2
	metrics.recording.level = INFO
	metrics.sample.window.ms = 30000
	partitioner.adaptive.partitioning.enable = true
	partitioner.availability.timeout.ms = 0
	partitioner.class = null
	partitioner.ignore.keys = false
	receive.buffer.bytes = 32768
	reconnect.backoff.max.ms = 1000
	reconnect.backoff.ms = 50
	request.timeout.ms = 5000
	retries = 2147483647
	retry.backoff.max.ms = 1000
	retry.backoff.ms = 100
	sasl.client.callback.handler.class = null
	sasl.jaas.config = null
	sasl.kerberos.kinit.cmd = /usr/bin/kinit
	sasl.kerberos.min.time.before.relogin = 60000
	sasl.kerberos.service.name = null
	sasl.kerberos.ticket.renew.jitter = 0.05
	sasl.kerberos.ticket.renew.window.factor = 0.8
	sasl.login.callback.handler.class = null
	sasl.login.class = null
	sasl.login.connect.timeout.ms = null
	sasl.login.read.timeout.ms = null
	sasl.login.refresh.buffer.seconds = 300
	sasl.login.refresh.min.period.seconds = 60
	sasl.login.refresh.window.factor = 0.8
	sasl.login.refresh.window.jitter = 0.05
	sasl.login.retry.backoff.max.ms = 10000
	sasl.login.retry.backoff.ms = 100
	sasl.mechanism = GSSAPI
	sasl.oauthbearer.clock.skew.seconds = 30
	sasl.oauthbearer.expected.audience = null
	sasl.oauthbearer.expected.issuer = null
	sasl.oauthbearer.header.urlencode = false
	sasl.oauthbearer.jwks.endpoint.refresh.ms = 3600000
	sasl.oauthbearer.jwks.endpoint.retry.backoff.max.ms = 10000
	sasl.oauthbearer.jwks.endpoint.retry.backoff.ms = 100
	sasl.oauthbearer.jwks.endpoint.url = null
	sasl.oauthbearer.scope.claim.name = scope
	sasl.oauthbearer.sub.claim.name = sub
	sasl.oauthbearer.token.endpoint.url = null
	security.protocol = PLAINTEXT
	security.providers = null
	send.buffer.bytes = 131072
	socket.connection.setup.timeout.max.ms = 30000
	socket.connection.setup.timeout.ms = 10000
	ssl.cipher.suites = null
	ssl.enabled.protocols = [TLSv1.2, TLSv1.3]
	ssl.endpoint.identification.algorithm = https
	ssl.engine.factory.class = null
	ssl.key.password = null
	ssl.keymanager.algorithm = SunX509
	ssl.keystore.certificate.chain = null
	ssl.keystore.key = null
	ssl.keystore.location = null
	ssl.keystore.password = null
	ssl.keystore.type = JKS
	ssl.protocol = TLSv1.3
	ssl.provider = null
	ssl.secure.random.implementation = null
	ssl.trustmanager.algorithm = PKIX
	ssl.truststore.certificates = null
	ssl.truststore.location = null
	ssl.truststore.password = null
	ssl.truststore.type = JKS
	transaction.timeout.ms = 60000
	transactional.id = null
	value.serializer = class io.apicurio.registry.serde.avro.AvroKafkaSerializer

2025-07-31 20:42:32,189 INFO  [org.apa.kaf.com.tel.int.KafkaMetricsCollector] (main) initializing Kafka metrics collector
2025-07-31 20:42:32,192 INFO  [org.apa.kaf.cli.pro.KafkaProducer] (main) [Producer clientId=Producer-topic-f244cd85_8fc8_47f6_834a_f7fc3294ce4e] Instantiated an idempotent producer.
2025-07-31 20:42:32,194 INFO  [org.apa.kaf.cli.pro.ProducerConfig] (main) These configurations '[apicurio.registry.find-latest, apicurio.registry.url, apicurio.registry.artifact-resolver-strategy]' were supplied but are not used yet.
2025-07-31 20:42:32,194 INFO  [org.apa.kaf.com.uti.AppInfoParser] (main) Kafka version: 3.9.1
2025-07-31 20:42:32,194 INFO  [org.apa.kaf.com.uti.AppInfoParser] (main) Kafka commitId: f745dfdcee2b9851
2025-07-31 20:42:32,194 INFO  [org.apa.kaf.com.uti.AppInfoParser] (main) Kafka startTimeMs: 1753994552194
2025-07-31 20:42:32,194 INFO  [io.api.tes.ser.api.SimpleSerdesTesterBuilder$SimpleSerdesTester] (main) Using producer configuration: {apicurio.registry.find-latest=true, apicurio.registry.url=http://registry-app-postgresql.apps.ci419.apicurio-testing.org:80/apis/registry/v3, apicurio.registry.artifact-resolver-strategy=io.apicurio.registry.serde.avro.strategy.TopicRecordIdStrategy, value.serializer=io.apicurio.registry.serde.avro.AvroKafkaSerializer, request.timeout.ms=5000, acks=all, bootstrap.servers=PLAINTEXT://localhost:32770, connections.max.idle.ms=10000, key.serializer=org.apache.kafka.common.serialization.StringSerializer, client.id=Producer-topic-f244cd85_8fc8_47f6_834a_f7fc3294ce4e}
2025-07-31 20:42:32,194 INFO  [io.api.tes.ser.api.SimpleSerdesTesterBuilder$SimpleSerdesTester] (main) Using consumer configuration: {}
2025-07-31 20:42:32,195 INFO  [io.api.tes.ser.api.KafkaSerdesTester] (Thread-691) Sending message {"key11753994551002": "value-0"} to topic topic-f244cd85_8fc8_47f6_834a_f7fc3294ce4e
2025-07-31 20:42:32,198 INFO  [org.apa.kaf.cli.Metadata] (kafka-producer-network-thread | Producer-topic-f244cd85_8fc8_47f6_834a_f7fc3294ce4e) [Producer clientId=Producer-topic-f244cd85_8fc8_47f6_834a_f7fc3294ce4e] Cluster ID: 1k_IxQydR42FDqpO2KqWFA
2025-07-31 20:42:32,199 INFO  [org.apa.kaf.cli.pro.int.TransactionManager] (kafka-producer-network-thread | Producer-topic-f244cd85_8fc8_47f6_834a_f7fc3294ce4e) [Producer clientId=Producer-topic-f244cd85_8fc8_47f6_834a_f7fc3294ce4e] ProducerId set to 18 with epoch 0
2025-07-31 20:42:32,531 INFO  [io.api.tes.ser.api.KafkaSerdesTester] (Thread-691) Sending message {"key11753994551002": "value-1"} to topic topic-f244cd85_8fc8_47f6_834a_f7fc3294ce4e
2025-07-31 20:42:32,532 INFO  [io.api.tes.ser.api.KafkaSerdesTester] (Thread-691) Sending message {"key11753994551002": "value-2"} to topic topic-f244cd85_8fc8_47f6_834a_f7fc3294ce4e
2025-07-31 20:42:32,534 INFO  [io.api.tes.ser.api.KafkaSerdesTester] (Thread-691) Sending message {"key11753994551002": "value-3"} to topic topic-f244cd85_8fc8_47f6_834a_f7fc3294ce4e
2025-07-31 20:42:32,535 INFO  [io.api.tes.ser.api.KafkaSerdesTester] (Thread-691) Sending message {"key11753994551002": "value-4"} to topic topic-f244cd85_8fc8_47f6_834a_f7fc3294ce4e
2025-07-31 20:42:32,536 INFO  [io.api.tes.ser.api.KafkaSerdesTester] (Thread-691) Sending message {"key11753994551002": "value-5"} to topic topic-f244cd85_8fc8_47f6_834a_f7fc3294ce4e
2025-07-31 20:42:32,538 INFO  [io.api.tes.ser.api.KafkaSerdesTester] (Thread-691) Sending message {"key11753994551002": "value-6"} to topic topic-f244cd85_8fc8_47f6_834a_f7fc3294ce4e
2025-07-31 20:42:32,539 INFO  [io.api.tes.ser.api.KafkaSerdesTester] (Thread-691) Sending message {"key11753994551002": "value-7"} to topic topic-f244cd85_8fc8_47f6_834a_f7fc3294ce4e
2025-07-31 20:42:32,541 INFO  [io.api.tes.ser.api.KafkaSerdesTester] (Thread-691) Sending message {"key11753994551002": "value-8"} to topic topic-f244cd85_8fc8_47f6_834a_f7fc3294ce4e
2025-07-31 20:42:32,542 INFO  [io.api.tes.ser.api.KafkaSerdesTester] (Thread-691) Sending message {"key11753994551002": "value-9"} to topic topic-f244cd85_8fc8_47f6_834a_f7fc3294ce4e
2025-07-31 20:42:32,543 INFO  [io.api.tes.ser.api.KafkaSerdesTester] (Thread-691) Produced 10 messages
2025-07-31 20:42:32,543 INFO  [org.apa.kaf.cli.pro.KafkaProducer] (Thread-691) [Producer clientId=Producer-topic-f244cd85_8fc8_47f6_834a_f7fc3294ce4e] Closing the Kafka producer with timeoutMillis = 9223372036854775807 ms.
2025-07-31 20:42:32,545 INFO  [org.apa.kaf.com.met.Metrics] (Thread-691) Metrics scheduler closed
2025-07-31 20:42:32,545 INFO  [org.apa.kaf.com.met.Metrics] (Thread-691) Closing reporter org.apache.kafka.common.metrics.JmxReporter
2025-07-31 20:42:32,545 INFO  [org.apa.kaf.com.met.Metrics] (Thread-691) Closing reporter org.apache.kafka.common.telemetry.internals.ClientTelemetryReporter
2025-07-31 20:42:32,545 INFO  [org.apa.kaf.com.met.Metrics] (Thread-691) Metrics reporters closed
2025-07-31 20:42:32,545 INFO  [org.apa.kaf.com.uti.AppInfoParser] (Thread-691) App info kafka.producer for Producer-topic-f244cd85_8fc8_47f6_834a_f7fc3294ce4e unregistered
**** Registry Base URL: http://registry-app-postgresql.apps.ci419.apicurio-testing.org:80
2025-07-31 20:42:32,546 INFO  [org.apa.kaf.cli.con.ConsumerConfig] (main) ConsumerConfig values: 
	allow.auto.create.topics = true
	auto.commit.interval.ms = 500
	auto.include.jmx.reporter = true
	auto.offset.reset = earliest
	bootstrap.servers = [PLAINTEXT://localhost:32770]
	check.crcs = true
	client.dns.lookup = use_all_dns_ips
	client.id = consumer-Consumer-topic-f244cd85_8fc8_47f6_834a_f7fc3294ce4e-13
	client.rack = 
	connections.max.idle.ms = 10000
	default.api.timeout.ms = 60000
	enable.auto.commit = true
	enable.metrics.push = true
	exclude.internal.topics = true
	fetch.max.bytes = 52428800
	fetch.max.wait.ms = 500
	fetch.min.bytes = 1
	group.id = Consumer-topic-f244cd85_8fc8_47f6_834a_f7fc3294ce4e
	group.instance.id = null
	group.protocol = classic
	group.remote.assignor = null
	heartbeat.interval.ms = 3000
	interceptor.classes = []
	internal.leave.group.on.close = true
	internal.throw.on.fetch.stable.offset.unsupported = false
	isolation.level = read_uncommitted
	key.deserializer = class org.apache.kafka.common.serialization.StringDeserializer
	max.partition.fetch.bytes = 1048576
	max.poll.interval.ms = 300000
	max.poll.records = 500
	metadata.max.age.ms = 300000
	metadata.recovery.strategy = none
	metric.reporters = []
	metrics.num.samples = 2
	metrics.recording.level = INFO
	metrics.sample.window.ms = 30000
	partition.assignment.strategy = [class org.apache.kafka.clients.consumer.RangeAssignor, class org.apache.kafka.clients.consumer.CooperativeStickyAssignor]
	receive.buffer.bytes = 65536
	reconnect.backoff.max.ms = 1000
	reconnect.backoff.ms = 50
	request.timeout.ms = 5000
	retry.backoff.max.ms = 1000
	retry.backoff.ms = 100
	sasl.client.callback.handler.class = null
	sasl.jaas.config = null
	sasl.kerberos.kinit.cmd = /usr/bin/kinit
	sasl.kerberos.min.time.before.relogin = 60000
	sasl.kerberos.service.name = null
	sasl.kerberos.ticket.renew.jitter = 0.05
	sasl.kerberos.ticket.renew.window.factor = 0.8
	sasl.login.callback.handler.class = null
	sasl.login.class = null
	sasl.login.connect.timeout.ms = null
	sasl.login.read.timeout.ms = null
	sasl.login.refresh.buffer.seconds = 300
	sasl.login.refresh.min.period.seconds = 60
	sasl.login.refresh.window.factor = 0.8
	sasl.login.refresh.window.jitter = 0.05
	sasl.login.retry.backoff.max.ms = 10000
	sasl.login.retry.backoff.ms = 100
	sasl.mechanism = GSSAPI
	sasl.oauthbearer.clock.skew.seconds = 30
	sasl.oauthbearer.expected.audience = null
	sasl.oauthbearer.expected.issuer = null
	sasl.oauthbearer.header.urlencode = false
	sasl.oauthbearer.jwks.endpoint.refresh.ms = 3600000
	sasl.oauthbearer.jwks.endpoint.retry.backoff.max.ms = 10000
	sasl.oauthbearer.jwks.endpoint.retry.backoff.ms = 100
	sasl.oauthbearer.jwks.endpoint.url = null
	sasl.oauthbearer.scope.claim.name = scope
	sasl.oauthbearer.sub.claim.name = sub
	sasl.oauthbearer.token.endpoint.url = null
	security.protocol = PLAINTEXT
	security.providers = null
	send.buffer.bytes = 131072
	session.timeout.ms = 45000
	socket.connection.setup.timeout.max.ms = 30000
	socket.connection.setup.timeout.ms = 10000
	ssl.cipher.suites = null
	ssl.enabled.protocols = [TLSv1.2, TLSv1.3]
	ssl.endpoint.identification.algorithm = https
	ssl.engine.factory.class = null
	ssl.key.password = null
	ssl.keymanager.algorithm = SunX509
	ssl.keystore.certificate.chain = null
	ssl.keystore.key = null
	ssl.keystore.location = null
	ssl.keystore.password = null
	ssl.keystore.type = JKS
	ssl.protocol = TLSv1.3
	ssl.provider = null
	ssl.secure.random.implementation = null
	ssl.trustmanager.algorithm = PKIX
	ssl.truststore.certificates = null
	ssl.truststore.location = null
	ssl.truststore.password = null
	ssl.truststore.type = JKS
	value.deserializer = class io.apicurio.registry.serde.avro.AvroKafkaDeserializer

2025-07-31 20:42:32,546 INFO  [org.apa.kaf.com.tel.int.KafkaMetricsCollector] (main) initializing Kafka metrics collector
2025-07-31 20:42:32,552 INFO  [org.apa.kaf.cli.con.ConsumerConfig] (main) These configurations '[apicurio.registry.url]' were supplied but are not used yet.
2025-07-31 20:42:32,552 INFO  [org.apa.kaf.com.uti.AppInfoParser] (main) Kafka version: 3.9.1
2025-07-31 20:42:32,552 INFO  [org.apa.kaf.com.uti.AppInfoParser] (main) Kafka commitId: f745dfdcee2b9851
2025-07-31 20:42:32,552 INFO  [org.apa.kaf.com.uti.AppInfoParser] (main) Kafka startTimeMs: 1753994552552
2025-07-31 20:42:32,552 INFO  [org.apa.kaf.cli.con.int.ClassicKafkaConsumer] (Thread-694) [Consumer clientId=consumer-Consumer-topic-f244cd85_8fc8_47f6_834a_f7fc3294ce4e-13, groupId=Consumer-topic-f244cd85_8fc8_47f6_834a_f7fc3294ce4e] Subscribed to topic(s): topic-f244cd85_8fc8_47f6_834a_f7fc3294ce4e
2025-07-31 20:42:32,555 INFO  [org.apa.kaf.cli.Metadata] (Thread-694) [Consumer clientId=consumer-Consumer-topic-f244cd85_8fc8_47f6_834a_f7fc3294ce4e-13, groupId=Consumer-topic-f244cd85_8fc8_47f6_834a_f7fc3294ce4e] Cluster ID: 1k_IxQydR42FDqpO2KqWFA
2025-07-31 20:42:32,555 INFO  [org.apa.kaf.cli.con.int.ConsumerCoordinator] (Thread-694) [Consumer clientId=consumer-Consumer-topic-f244cd85_8fc8_47f6_834a_f7fc3294ce4e-13, groupId=Consumer-topic-f244cd85_8fc8_47f6_834a_f7fc3294ce4e] Discovered group coordinator localhost:32770 (id: 2147483647 rack: null)
2025-07-31 20:42:32,557 INFO  [org.apa.kaf.cli.con.int.ConsumerCoordinator] (Thread-694) [Consumer clientId=consumer-Consumer-topic-f244cd85_8fc8_47f6_834a_f7fc3294ce4e-13, groupId=Consumer-topic-f244cd85_8fc8_47f6_834a_f7fc3294ce4e] (Re-)joining group
2025-07-31 20:42:32,559 INFO  [org.apa.kaf.cli.con.int.ConsumerCoordinator] (Thread-694) [Consumer clientId=consumer-Consumer-topic-f244cd85_8fc8_47f6_834a_f7fc3294ce4e-13, groupId=Consumer-topic-f244cd85_8fc8_47f6_834a_f7fc3294ce4e] Request joining group due to: need to re-join with the given member-id: consumer-Consumer-topic-f244cd85_8fc8_47f6_834a_f7fc3294ce4e-13-976dc7e8-21ac-4094-9e79-bff724bb3ae9
2025-07-31 20:42:32,559 INFO  [org.apa.kaf.cli.con.int.ConsumerCoordinator] (Thread-694) [Consumer clientId=consumer-Consumer-topic-f244cd85_8fc8_47f6_834a_f7fc3294ce4e-13, groupId=Consumer-topic-f244cd85_8fc8_47f6_834a_f7fc3294ce4e] (Re-)joining group
2025-07-31 20:42:32,561 INFO  [org.apa.kaf.cli.con.int.ConsumerCoordinator] (Thread-694) [Consumer clientId=consumer-Consumer-topic-f244cd85_8fc8_47f6_834a_f7fc3294ce4e-13, groupId=Consumer-topic-f244cd85_8fc8_47f6_834a_f7fc3294ce4e] Successfully joined group with generation Generation{generationId=1, memberId='consumer-Consumer-topic-f244cd85_8fc8_47f6_834a_f7fc3294ce4e-13-976dc7e8-21ac-4094-9e79-bff724bb3ae9', protocol='range'}
2025-07-31 20:42:32,561 INFO  [org.apa.kaf.cli.con.int.ConsumerCoordinator] (Thread-694) [Consumer clientId=consumer-Consumer-topic-f244cd85_8fc8_47f6_834a_f7fc3294ce4e-13, groupId=Consumer-topic-f244cd85_8fc8_47f6_834a_f7fc3294ce4e] Finished assignment for group at generation 1: {consumer-Consumer-topic-f244cd85_8fc8_47f6_834a_f7fc3294ce4e-13-976dc7e8-21ac-4094-9e79-bff724bb3ae9=Assignment(partitions=[topic-f244cd85_8fc8_47f6_834a_f7fc3294ce4e-0])}
2025-07-31 20:42:32,563 INFO  [org.apa.kaf.cli.con.int.ConsumerCoordinator] (Thread-694) [Consumer clientId=consumer-Consumer-topic-f244cd85_8fc8_47f6_834a_f7fc3294ce4e-13, groupId=Consumer-topic-f244cd85_8fc8_47f6_834a_f7fc3294ce4e] Successfully synced group in generation Generation{generationId=1, memberId='consumer-Consumer-topic-f244cd85_8fc8_47f6_834a_f7fc3294ce4e-13-976dc7e8-21ac-4094-9e79-bff724bb3ae9', protocol='range'}
2025-07-31 20:42:32,563 INFO  [org.apa.kaf.cli.con.int.ConsumerCoordinator] (Thread-694) [Consumer clientId=consumer-Consumer-topic-f244cd85_8fc8_47f6_834a_f7fc3294ce4e-13, groupId=Consumer-topic-f244cd85_8fc8_47f6_834a_f7fc3294ce4e] Notifying assignor about the new Assignment(partitions=[topic-f244cd85_8fc8_47f6_834a_f7fc3294ce4e-0])
2025-07-31 20:42:32,563 INFO  [org.apa.kaf.cli.con.int.ConsumerRebalanceListenerInvoker] (Thread-694) [Consumer clientId=consumer-Consumer-topic-f244cd85_8fc8_47f6_834a_f7fc3294ce4e-13, groupId=Consumer-topic-f244cd85_8fc8_47f6_834a_f7fc3294ce4e] Adding newly assigned partitions: topic-f244cd85_8fc8_47f6_834a_f7fc3294ce4e-0
2025-07-31 20:42:32,564 INFO  [org.apa.kaf.cli.con.int.ConsumerCoordinator] (Thread-694) [Consumer clientId=consumer-Consumer-topic-f244cd85_8fc8_47f6_834a_f7fc3294ce4e-13, groupId=Consumer-topic-f244cd85_8fc8_47f6_834a_f7fc3294ce4e] Found no committed offset for partition topic-f244cd85_8fc8_47f6_834a_f7fc3294ce4e-0
2025-07-31 20:42:32,567 INFO  [org.apa.kaf.cli.con.int.SubscriptionState] (Thread-694) [Consumer clientId=consumer-Consumer-topic-f244cd85_8fc8_47f6_834a_f7fc3294ce4e-13, groupId=Consumer-topic-f244cd85_8fc8_47f6_834a_f7fc3294ce4e] Resetting offset for partition topic-f244cd85_8fc8_47f6_834a_f7fc3294ce4e-0 to position FetchPosition{offset=0, offsetEpoch=Optional.empty, currentLeader=LeaderAndEpoch{leader=Optional[localhost:32770 (id: 0 rack: null)], epoch=0}}.
2025-07-31 20:42:32,801 INFO  [io.api.tes.ser.api.KafkaSerdesTester] (Thread-694) topic-f244cd85_8fc8_47f6_834a_f7fc3294ce4e 0 0 {"key11753994551002": "value-0"}
2025-07-31 20:42:32,802 INFO  [io.api.tes.ser.api.KafkaSerdesTester] (Thread-694) topic-f244cd85_8fc8_47f6_834a_f7fc3294ce4e 0 1 {"key11753994551002": "value-1"}
2025-07-31 20:42:32,802 INFO  [io.api.tes.ser.api.KafkaSerdesTester] (Thread-694) topic-f244cd85_8fc8_47f6_834a_f7fc3294ce4e 0 2 {"key11753994551002": "value-2"}
2025-07-31 20:42:32,802 INFO  [io.api.tes.ser.api.KafkaSerdesTester] (Thread-694) topic-f244cd85_8fc8_47f6_834a_f7fc3294ce4e 0 3 {"key11753994551002": "value-3"}
2025-07-31 20:42:32,802 INFO  [io.api.tes.ser.api.KafkaSerdesTester] (Thread-694) topic-f244cd85_8fc8_47f6_834a_f7fc3294ce4e 0 4 {"key11753994551002": "value-4"}
2025-07-31 20:42:32,802 INFO  [io.api.tes.ser.api.KafkaSerdesTester] (Thread-694) topic-f244cd85_8fc8_47f6_834a_f7fc3294ce4e 0 5 {"key11753994551002": "value-5"}
2025-07-31 20:42:32,802 INFO  [io.api.tes.ser.api.KafkaSerdesTester] (Thread-694) topic-f244cd85_8fc8_47f6_834a_f7fc3294ce4e 0 6 {"key11753994551002": "value-6"}
2025-07-31 20:42:32,802 INFO  [io.api.tes.ser.api.KafkaSerdesTester] (Thread-694) topic-f244cd85_8fc8_47f6_834a_f7fc3294ce4e 0 7 {"key11753994551002": "value-7"}
2025-07-31 20:42:32,810 INFO  [io.api.tes.ser.api.KafkaSerdesTester] (Thread-694) topic-f244cd85_8fc8_47f6_834a_f7fc3294ce4e 0 8 {"key11753994551002": "value-8"}
2025-07-31 20:42:32,810 INFO  [io.api.tes.ser.api.KafkaSerdesTester] (Thread-694) topic-f244cd85_8fc8_47f6_834a_f7fc3294ce4e 0 9 {"key11753994551002": "value-9"}
2025-07-31 20:42:32,810 INFO  [io.api.tes.ser.api.KafkaSerdesTester] (Thread-694) Consumed 10 messages
2025-07-31 20:42:32,816 INFO  [org.apa.kaf.cli.con.int.ConsumerRebalanceListenerInvoker] (Thread-694) [Consumer clientId=consumer-Consumer-topic-f244cd85_8fc8_47f6_834a_f7fc3294ce4e-13, groupId=Consumer-topic-f244cd85_8fc8_47f6_834a_f7fc3294ce4e] Revoke previously assigned partitions topic-f244cd85_8fc8_47f6_834a_f7fc3294ce4e-0
2025-07-31 20:42:32,816 INFO  [org.apa.kaf.cli.con.int.ConsumerCoordinator] (Thread-694) [Consumer clientId=consumer-Consumer-topic-f244cd85_8fc8_47f6_834a_f7fc3294ce4e-13, groupId=Consumer-topic-f244cd85_8fc8_47f6_834a_f7fc3294ce4e] Member consumer-Consumer-topic-f244cd85_8fc8_47f6_834a_f7fc3294ce4e-13-976dc7e8-21ac-4094-9e79-bff724bb3ae9 sending LeaveGroup request to coordinator localhost:32770 (id: 2147483647 rack: null) due to the consumer is being closed
2025-07-31 20:42:32,816 INFO  [org.apa.kaf.cli.con.int.ConsumerCoordinator] (Thread-694) [Consumer clientId=consumer-Consumer-topic-f244cd85_8fc8_47f6_834a_f7fc3294ce4e-13, groupId=Consumer-topic-f244cd85_8fc8_47f6_834a_f7fc3294ce4e] Resetting generation and member id due to: consumer pro-actively leaving the group
2025-07-31 20:42:32,816 INFO  [org.apa.kaf.cli.con.int.ConsumerCoordinator] (Thread-694) [Consumer clientId=consumer-Consumer-topic-f244cd85_8fc8_47f6_834a_f7fc3294ce4e-13, groupId=Consumer-topic-f244cd85_8fc8_47f6_834a_f7fc3294ce4e] Request joining group due to: consumer pro-actively leaving the group
2025-07-31 20:42:33,304 INFO  [org.apa.kaf.com.met.Metrics] (Thread-694) Metrics scheduler closed
2025-07-31 20:42:33,305 INFO  [org.apa.kaf.com.met.Metrics] (Thread-694) Closing reporter org.apache.kafka.common.metrics.JmxReporter
2025-07-31 20:42:33,305 INFO  [org.apa.kaf.com.met.Metrics] (Thread-694) Closing reporter org.apache.kafka.common.telemetry.internals.ClientTelemetryReporter
2025-07-31 20:42:33,305 INFO  [org.apa.kaf.com.met.Metrics] (Thread-694) Metrics reporters closed
2025-07-31 20:42:33,307 INFO  [org.apa.kaf.com.uti.AppInfoParser] (Thread-694) App info kafka.consumer for consumer-Consumer-topic-f244cd85_8fc8_47f6_834a_f7fc3294ce4e-13 unregistered
2025-07-31 20:42:33,308 INFO  [io.api.tes.uti.TestSeparator] (main) io.apicurio.tests.serdes.apicurio.AvroSerdeIT.testTopicRecordIdStrategydFindLatest-FINISHED
2025-07-31 20:42:33,308 INFO  [io.api.tes.uti.TestSeparator] (main) ############################################################################
Test passed: testTopicRecordIdStrategydFindLatest
]]></system-out>
  </testcase>
  <testcase name="testAvroConfluentForMultipleTopics" classname="io.apicurio.tests.serdes.apicurio.AvroSerdeIT" time="4.111">
    <system-out><![CDATA[2025-07-31 20:42:33,309 INFO  [io.api.tes.uti.TestSeparator] (main) ############################################################################
2025-07-31 20:42:33,309 INFO  [io.api.tes.uti.TestSeparator] (main) io.apicurio.tests.serdes.apicurio.AvroSerdeIT.testAvroConfluentForMultipleTopics-STARTED
2025-07-31 20:42:33,311 INFO  [io.api.tes.ser.api.AvroSerdeIT] (main) Registering Avro Schema: {"type":"record","name":"myrecordconfluent","fields":[{"name":"key11753994553311","type":"string"}]}
**** Registry Base URL: http://registry-app-postgresql.apps.ci419.apicurio-testing.org:80
2025-07-31 20:42:34,501 INFO  [org.apa.kaf.cli.pro.ProducerConfig] (main) ProducerConfig values: 
	acks = -1
	auto.include.jmx.reporter = true
	batch.size = 16384
	bootstrap.servers = [PLAINTEXT://localhost:32770]
	buffer.memory = 33554432
	client.dns.lookup = use_all_dns_ips
	client.id = Producer-topic-b0a948e9_7a89_4c8c_bd3a_a77dde6b90b7
	compression.gzip.level = -1
	compression.lz4.level = 9
	compression.type = none
	compression.zstd.level = 3
	connections.max.idle.ms = 10000
	delivery.timeout.ms = 120000
	enable.idempotence = true
	enable.metrics.push = true
	interceptor.classes = []
	key.serializer = class org.apache.kafka.common.serialization.StringSerializer
	linger.ms = 0
	max.block.ms = 60000
	max.in.flight.requests.per.connection = 5
	max.request.size = 1048576
	metadata.max.age.ms = 300000
	metadata.max.idle.ms = 300000
	metadata.recovery.strategy = none
	metric.reporters = []
	metrics.num.samples = 2
	metrics.recording.level = INFO
	metrics.sample.window.ms = 30000
	partitioner.adaptive.partitioning.enable = true
	partitioner.availability.timeout.ms = 0
	partitioner.class = null
	partitioner.ignore.keys = false
	receive.buffer.bytes = 32768
	reconnect.backoff.max.ms = 1000
	reconnect.backoff.ms = 50
	request.timeout.ms = 5000
	retries = 2147483647
	retry.backoff.max.ms = 1000
	retry.backoff.ms = 100
	sasl.client.callback.handler.class = null
	sasl.jaas.config = null
	sasl.kerberos.kinit.cmd = /usr/bin/kinit
	sasl.kerberos.min.time.before.relogin = 60000
	sasl.kerberos.service.name = null
	sasl.kerberos.ticket.renew.jitter = 0.05
	sasl.kerberos.ticket.renew.window.factor = 0.8
	sasl.login.callback.handler.class = null
	sasl.login.class = null
	sasl.login.connect.timeout.ms = null
	sasl.login.read.timeout.ms = null
	sasl.login.refresh.buffer.seconds = 300
	sasl.login.refresh.min.period.seconds = 60
	sasl.login.refresh.window.factor = 0.8
	sasl.login.refresh.window.jitter = 0.05
	sasl.login.retry.backoff.max.ms = 10000
	sasl.login.retry.backoff.ms = 100
	sasl.mechanism = GSSAPI
	sasl.oauthbearer.clock.skew.seconds = 30
	sasl.oauthbearer.expected.audience = null
	sasl.oauthbearer.expected.issuer = null
	sasl.oauthbearer.header.urlencode = false
	sasl.oauthbearer.jwks.endpoint.refresh.ms = 3600000
	sasl.oauthbearer.jwks.endpoint.retry.backoff.max.ms = 10000
	sasl.oauthbearer.jwks.endpoint.retry.backoff.ms = 100
	sasl.oauthbearer.jwks.endpoint.url = null
	sasl.oauthbearer.scope.claim.name = scope
	sasl.oauthbearer.sub.claim.name = sub
	sasl.oauthbearer.token.endpoint.url = null
	security.protocol = PLAINTEXT
	security.providers = null
	send.buffer.bytes = 131072
	socket.connection.setup.timeout.max.ms = 30000
	socket.connection.setup.timeout.ms = 10000
	ssl.cipher.suites = null
	ssl.enabled.protocols = [TLSv1.2, TLSv1.3]
	ssl.endpoint.identification.algorithm = https
	ssl.engine.factory.class = null
	ssl.key.password = null
	ssl.keymanager.algorithm = SunX509
	ssl.keystore.certificate.chain = null
	ssl.keystore.key = null
	ssl.keystore.location = null
	ssl.keystore.password = null
	ssl.keystore.type = JKS
	ssl.protocol = TLSv1.3
	ssl.provider = null
	ssl.secure.random.implementation = null
	ssl.trustmanager.algorithm = PKIX
	ssl.truststore.certificates = null
	ssl.truststore.location = null
	ssl.truststore.password = null
	ssl.truststore.type = JKS
	transaction.timeout.ms = 60000
	transactional.id = null
	value.serializer = class io.apicurio.registry.serde.avro.AvroKafkaSerializer

2025-07-31 20:42:34,502 INFO  [org.apa.kaf.com.tel.int.KafkaMetricsCollector] (main) initializing Kafka metrics collector
2025-07-31 20:42:34,505 INFO  [org.apa.kaf.cli.pro.KafkaProducer] (main) [Producer clientId=Producer-topic-b0a948e9_7a89_4c8c_bd3a_a77dde6b90b7] Instantiated an idempotent producer.
2025-07-31 20:42:34,506 INFO  [org.apa.kaf.cli.pro.ProducerConfig] (main) These configurations '[apicurio.registry.url, apicurio.registry.artifact-resolver-strategy]' were supplied but are not used yet.
2025-07-31 20:42:34,506 INFO  [org.apa.kaf.com.uti.AppInfoParser] (main) Kafka version: 3.9.1
2025-07-31 20:42:34,506 INFO  [org.apa.kaf.com.uti.AppInfoParser] (main) Kafka commitId: f745dfdcee2b9851
2025-07-31 20:42:34,506 INFO  [org.apa.kaf.com.uti.AppInfoParser] (main) Kafka startTimeMs: 1753994554506
**** Registry Base URL: http://registry-app-postgresql.apps.ci419.apicurio-testing.org:80
2025-07-31 20:42:34,507 INFO  [org.apa.kaf.cli.pro.ProducerConfig] (main) ProducerConfig values: 
	acks = -1
	auto.include.jmx.reporter = true
	batch.size = 16384
	bootstrap.servers = [PLAINTEXT://localhost:32770]
	buffer.memory = 33554432
	client.dns.lookup = use_all_dns_ips
	client.id = Producer-topic-caf9394a_4771_40dd_865f_2aa3fabb3e3f
	compression.gzip.level = -1
	compression.lz4.level = 9
	compression.type = none
	compression.zstd.level = 3
	connections.max.idle.ms = 10000
	delivery.timeout.ms = 120000
	enable.idempotence = true
	enable.metrics.push = true
	interceptor.classes = []
	key.serializer = class org.apache.kafka.common.serialization.StringSerializer
	linger.ms = 0
	max.block.ms = 60000
	max.in.flight.requests.per.connection = 5
	max.request.size = 1048576
	metadata.max.age.ms = 300000
	metadata.max.idle.ms = 300000
	metadata.recovery.strategy = none
	metric.reporters = []
	metrics.num.samples = 2
	metrics.recording.level = INFO
	metrics.sample.window.ms = 30000
	partitioner.adaptive.partitioning.enable = true
	partitioner.availability.timeout.ms = 0
	partitioner.class = null
	partitioner.ignore.keys = false
	receive.buffer.bytes = 32768
	reconnect.backoff.max.ms = 1000
	reconnect.backoff.ms = 50
	request.timeout.ms = 5000
	retries = 2147483647
	retry.backoff.max.ms = 1000
	retry.backoff.ms = 100
	sasl.client.callback.handler.class = null
	sasl.jaas.config = null
	sasl.kerberos.kinit.cmd = /usr/bin/kinit
	sasl.kerberos.min.time.before.relogin = 60000
	sasl.kerberos.service.name = null
	sasl.kerberos.ticket.renew.jitter = 0.05
	sasl.kerberos.ticket.renew.window.factor = 0.8
	sasl.login.callback.handler.class = null
	sasl.login.class = null
	sasl.login.connect.timeout.ms = null
	sasl.login.read.timeout.ms = null
	sasl.login.refresh.buffer.seconds = 300
	sasl.login.refresh.min.period.seconds = 60
	sasl.login.refresh.window.factor = 0.8
	sasl.login.refresh.window.jitter = 0.05
	sasl.login.retry.backoff.max.ms = 10000
	sasl.login.retry.backoff.ms = 100
	sasl.mechanism = GSSAPI
	sasl.oauthbearer.clock.skew.seconds = 30
	sasl.oauthbearer.expected.audience = null
	sasl.oauthbearer.expected.issuer = null
	sasl.oauthbearer.header.urlencode = false
	sasl.oauthbearer.jwks.endpoint.refresh.ms = 3600000
	sasl.oauthbearer.jwks.endpoint.retry.backoff.max.ms = 10000
	sasl.oauthbearer.jwks.endpoint.retry.backoff.ms = 100
	sasl.oauthbearer.jwks.endpoint.url = null
	sasl.oauthbearer.scope.claim.name = scope
	sasl.oauthbearer.sub.claim.name = sub
	sasl.oauthbearer.token.endpoint.url = null
	security.protocol = PLAINTEXT
	security.providers = null
	send.buffer.bytes = 131072
	socket.connection.setup.timeout.max.ms = 30000
	socket.connection.setup.timeout.ms = 10000
	ssl.cipher.suites = null
	ssl.enabled.protocols = [TLSv1.2, TLSv1.3]
	ssl.endpoint.identification.algorithm = https
	ssl.engine.factory.class = null
	ssl.key.password = null
	ssl.keymanager.algorithm = SunX509
	ssl.keystore.certificate.chain = null
	ssl.keystore.key = null
	ssl.keystore.location = null
	ssl.keystore.password = null
	ssl.keystore.type = JKS
	ssl.protocol = TLSv1.3
	ssl.provider = null
	ssl.secure.random.implementation = null
	ssl.trustmanager.algorithm = PKIX
	ssl.truststore.certificates = null
	ssl.truststore.location = null
	ssl.truststore.password = null
	ssl.truststore.type = JKS
	transaction.timeout.ms = 60000
	transactional.id = null
	value.serializer = class io.apicurio.registry.serde.avro.AvroKafkaSerializer

2025-07-31 20:42:34,508 INFO  [org.apa.kaf.com.tel.int.KafkaMetricsCollector] (main) initializing Kafka metrics collector
2025-07-31 20:42:34,513 INFO  [org.apa.kaf.cli.pro.KafkaProducer] (main) [Producer clientId=Producer-topic-caf9394a_4771_40dd_865f_2aa3fabb3e3f] Instantiated an idempotent producer.
2025-07-31 20:42:34,515 INFO  [org.apa.kaf.cli.Metadata] (kafka-producer-network-thread | Producer-topic-b0a948e9_7a89_4c8c_bd3a_a77dde6b90b7) [Producer clientId=Producer-topic-b0a948e9_7a89_4c8c_bd3a_a77dde6b90b7] Cluster ID: 1k_IxQydR42FDqpO2KqWFA
2025-07-31 20:42:34,515 INFO  [org.apa.kaf.cli.pro.int.TransactionManager] (kafka-producer-network-thread | Producer-topic-b0a948e9_7a89_4c8c_bd3a_a77dde6b90b7) [Producer clientId=Producer-topic-b0a948e9_7a89_4c8c_bd3a_a77dde6b90b7] ProducerId set to 19 with epoch 0
2025-07-31 20:42:34,515 INFO  [org.apa.kaf.cli.pro.ProducerConfig] (main) These configurations '[apicurio.registry.url, apicurio.registry.artifact-resolver-strategy]' were supplied but are not used yet.
2025-07-31 20:42:34,515 INFO  [org.apa.kaf.com.uti.AppInfoParser] (main) Kafka version: 3.9.1
2025-07-31 20:42:34,516 INFO  [org.apa.kaf.com.uti.AppInfoParser] (main) Kafka commitId: f745dfdcee2b9851
2025-07-31 20:42:34,516 INFO  [org.apa.kaf.com.uti.AppInfoParser] (main) Kafka startTimeMs: 1753994554515
**** Registry Base URL: http://registry-app-postgresql.apps.ci419.apicurio-testing.org:80
2025-07-31 20:42:34,516 INFO  [org.apa.kaf.cli.pro.ProducerConfig] (main) ProducerConfig values: 
	acks = -1
	auto.include.jmx.reporter = true
	batch.size = 16384
	bootstrap.servers = [PLAINTEXT://localhost:32770]
	buffer.memory = 33554432
	client.dns.lookup = use_all_dns_ips
	client.id = Producer-topic-7c623bc4_a66a_4fb6_a8a1_0ff0ce0d7753
	compression.gzip.level = -1
	compression.lz4.level = 9
	compression.type = none
	compression.zstd.level = 3
	connections.max.idle.ms = 10000
	delivery.timeout.ms = 120000
	enable.idempotence = true
	enable.metrics.push = true
	interceptor.classes = []
	key.serializer = class org.apache.kafka.common.serialization.StringSerializer
	linger.ms = 0
	max.block.ms = 60000
	max.in.flight.requests.per.connection = 5
	max.request.size = 1048576
	metadata.max.age.ms = 300000
	metadata.max.idle.ms = 300000
	metadata.recovery.strategy = none
	metric.reporters = []
	metrics.num.samples = 2
	metrics.recording.level = INFO
	metrics.sample.window.ms = 30000
	partitioner.adaptive.partitioning.enable = true
	partitioner.availability.timeout.ms = 0
	partitioner.class = null
	partitioner.ignore.keys = false
	receive.buffer.bytes = 32768
	reconnect.backoff.max.ms = 1000
	reconnect.backoff.ms = 50
	request.timeout.ms = 5000
	retries = 2147483647
	retry.backoff.max.ms = 1000
	retry.backoff.ms = 100
	sasl.client.callback.handler.class = null
	sasl.jaas.config = null
	sasl.kerberos.kinit.cmd = /usr/bin/kinit
	sasl.kerberos.min.time.before.relogin = 60000
	sasl.kerberos.service.name = null
	sasl.kerberos.ticket.renew.jitter = 0.05
	sasl.kerberos.ticket.renew.window.factor = 0.8
	sasl.login.callback.handler.class = null
	sasl.login.class = null
	sasl.login.connect.timeout.ms = null
	sasl.login.read.timeout.ms = null
	sasl.login.refresh.buffer.seconds = 300
	sasl.login.refresh.min.period.seconds = 60
	sasl.login.refresh.window.factor = 0.8
	sasl.login.refresh.window.jitter = 0.05
	sasl.login.retry.backoff.max.ms = 10000
	sasl.login.retry.backoff.ms = 100
	sasl.mechanism = GSSAPI
	sasl.oauthbearer.clock.skew.seconds = 30
	sasl.oauthbearer.expected.audience = null
	sasl.oauthbearer.expected.issuer = null
	sasl.oauthbearer.header.urlencode = false
	sasl.oauthbearer.jwks.endpoint.refresh.ms = 3600000
	sasl.oauthbearer.jwks.endpoint.retry.backoff.max.ms = 10000
	sasl.oauthbearer.jwks.endpoint.retry.backoff.ms = 100
	sasl.oauthbearer.jwks.endpoint.url = null
	sasl.oauthbearer.scope.claim.name = scope
	sasl.oauthbearer.sub.claim.name = sub
	sasl.oauthbearer.token.endpoint.url = null
	security.protocol = PLAINTEXT
	security.providers = null
	send.buffer.bytes = 131072
	socket.connection.setup.timeout.max.ms = 30000
	socket.connection.setup.timeout.ms = 10000
	ssl.cipher.suites = null
	ssl.enabled.protocols = [TLSv1.2, TLSv1.3]
	ssl.endpoint.identification.algorithm = https
	ssl.engine.factory.class = null
	ssl.key.password = null
	ssl.keymanager.algorithm = SunX509
	ssl.keystore.certificate.chain = null
	ssl.keystore.key = null
	ssl.keystore.location = null
	ssl.keystore.password = null
	ssl.keystore.type = JKS
	ssl.protocol = TLSv1.3
	ssl.provider = null
	ssl.secure.random.implementation = null
	ssl.trustmanager.algorithm = PKIX
	ssl.truststore.certificates = null
	ssl.truststore.location = null
	ssl.truststore.password = null
	ssl.truststore.type = JKS
	transaction.timeout.ms = 60000
	transactional.id = null
	value.serializer = class io.apicurio.registry.serde.avro.AvroKafkaSerializer

2025-07-31 20:42:34,516 INFO  [org.apa.kaf.com.tel.int.KafkaMetricsCollector] (main) initializing Kafka metrics collector
2025-07-31 20:42:34,523 INFO  [org.apa.kaf.cli.pro.KafkaProducer] (main) [Producer clientId=Producer-topic-7c623bc4_a66a_4fb6_a8a1_0ff0ce0d7753] Instantiated an idempotent producer.
2025-07-31 20:42:34,524 INFO  [org.apa.kaf.cli.Metadata] (kafka-producer-network-thread | Producer-topic-caf9394a_4771_40dd_865f_2aa3fabb3e3f) [Producer clientId=Producer-topic-caf9394a_4771_40dd_865f_2aa3fabb3e3f] Cluster ID: 1k_IxQydR42FDqpO2KqWFA
2025-07-31 20:42:34,526 INFO  [org.apa.kaf.cli.pro.int.TransactionManager] (kafka-producer-network-thread | Producer-topic-caf9394a_4771_40dd_865f_2aa3fabb3e3f) [Producer clientId=Producer-topic-caf9394a_4771_40dd_865f_2aa3fabb3e3f] ProducerId set to 20 with epoch 0
2025-07-31 20:42:34,527 INFO  [org.apa.kaf.cli.pro.ProducerConfig] (main) These configurations '[apicurio.registry.url, apicurio.registry.artifact-resolver-strategy]' were supplied but are not used yet.
2025-07-31 20:42:34,527 INFO  [org.apa.kaf.com.uti.AppInfoParser] (main) Kafka version: 3.9.1
2025-07-31 20:42:34,527 INFO  [org.apa.kaf.com.uti.AppInfoParser] (main) Kafka commitId: f745dfdcee2b9851
2025-07-31 20:42:34,527 INFO  [org.apa.kaf.com.uti.AppInfoParser] (main) Kafka startTimeMs: 1753994554527
**** Registry Base URL: http://registry-app-postgresql.apps.ci419.apicurio-testing.org:80
2025-07-31 20:42:34,528 INFO  [org.apa.kaf.cli.con.ConsumerConfig] (main) ConsumerConfig values: 
	allow.auto.create.topics = true
	auto.commit.interval.ms = 500
	auto.include.jmx.reporter = true
	auto.offset.reset = earliest
	bootstrap.servers = [PLAINTEXT://localhost:32770]
	check.crcs = true
	client.dns.lookup = use_all_dns_ips
	client.id = consumer-Consumer-topic-b0a948e9_7a89_4c8c_bd3a_a77dde6b90b7-14
	client.rack = 
	connections.max.idle.ms = 10000
	default.api.timeout.ms = 60000
	enable.auto.commit = true
	enable.metrics.push = true
	exclude.internal.topics = true
	fetch.max.bytes = 52428800
	fetch.max.wait.ms = 500
	fetch.min.bytes = 1
	group.id = Consumer-topic-b0a948e9_7a89_4c8c_bd3a_a77dde6b90b7
	group.instance.id = null
	group.protocol = classic
	group.remote.assignor = null
	heartbeat.interval.ms = 3000
	interceptor.classes = []
	internal.leave.group.on.close = true
	internal.throw.on.fetch.stable.offset.unsupported = false
	isolation.level = read_uncommitted
	key.deserializer = class org.apache.kafka.common.serialization.StringDeserializer
	max.partition.fetch.bytes = 1048576
	max.poll.interval.ms = 300000
	max.poll.records = 500
	metadata.max.age.ms = 300000
	metadata.recovery.strategy = none
	metric.reporters = []
	metrics.num.samples = 2
	metrics.recording.level = INFO
	metrics.sample.window.ms = 30000
	partition.assignment.strategy = [class org.apache.kafka.clients.consumer.RangeAssignor, class org.apache.kafka.clients.consumer.CooperativeStickyAssignor]
	receive.buffer.bytes = 65536
	reconnect.backoff.max.ms = 1000
	reconnect.backoff.ms = 50
	request.timeout.ms = 5000
	retry.backoff.max.ms = 1000
	retry.backoff.ms = 100
	sasl.client.callback.handler.class = null
	sasl.jaas.config = null
	sasl.kerberos.kinit.cmd = /usr/bin/kinit
	sasl.kerberos.min.time.before.relogin = 60000
	sasl.kerberos.service.name = null
	sasl.kerberos.ticket.renew.jitter = 0.05
	sasl.kerberos.ticket.renew.window.factor = 0.8
	sasl.login.callback.handler.class = null
	sasl.login.class = null
	sasl.login.connect.timeout.ms = null
	sasl.login.read.timeout.ms = null
	sasl.login.refresh.buffer.seconds = 300
	sasl.login.refresh.min.period.seconds = 60
	sasl.login.refresh.window.factor = 0.8
	sasl.login.refresh.window.jitter = 0.05
	sasl.login.retry.backoff.max.ms = 10000
	sasl.login.retry.backoff.ms = 100
	sasl.mechanism = GSSAPI
	sasl.oauthbearer.clock.skew.seconds = 30
	sasl.oauthbearer.expected.audience = null
	sasl.oauthbearer.expected.issuer = null
	sasl.oauthbearer.header.urlencode = false
	sasl.oauthbearer.jwks.endpoint.refresh.ms = 3600000
	sasl.oauthbearer.jwks.endpoint.retry.backoff.max.ms = 10000
	sasl.oauthbearer.jwks.endpoint.retry.backoff.ms = 100
	sasl.oauthbearer.jwks.endpoint.url = null
	sasl.oauthbearer.scope.claim.name = scope
	sasl.oauthbearer.sub.claim.name = sub
	sasl.oauthbearer.token.endpoint.url = null
	security.protocol = PLAINTEXT
	security.providers = null
	send.buffer.bytes = 131072
	session.timeout.ms = 45000
	socket.connection.setup.timeout.max.ms = 30000
	socket.connection.setup.timeout.ms = 10000
	ssl.cipher.suites = null
	ssl.enabled.protocols = [TLSv1.2, TLSv1.3]
	ssl.endpoint.identification.algorithm = https
	ssl.engine.factory.class = null
	ssl.key.password = null
	ssl.keymanager.algorithm = SunX509
	ssl.keystore.certificate.chain = null
	ssl.keystore.key = null
	ssl.keystore.location = null
	ssl.keystore.password = null
	ssl.keystore.type = JKS
	ssl.protocol = TLSv1.3
	ssl.provider = null
	ssl.secure.random.implementation = null
	ssl.trustmanager.algorithm = PKIX
	ssl.truststore.certificates = null
	ssl.truststore.location = null
	ssl.truststore.password = null
	ssl.truststore.type = JKS
	value.deserializer = class io.apicurio.registry.serde.avro.AvroKafkaDeserializer

2025-07-31 20:42:34,530 INFO  [org.apa.kaf.com.tel.int.KafkaMetricsCollector] (main) initializing Kafka metrics collector
2025-07-31 20:42:34,534 INFO  [org.apa.kaf.cli.Metadata] (kafka-producer-network-thread | Producer-topic-7c623bc4_a66a_4fb6_a8a1_0ff0ce0d7753) [Producer clientId=Producer-topic-7c623bc4_a66a_4fb6_a8a1_0ff0ce0d7753] Cluster ID: 1k_IxQydR42FDqpO2KqWFA
2025-07-31 20:42:34,534 INFO  [org.apa.kaf.cli.pro.int.TransactionManager] (kafka-producer-network-thread | Producer-topic-7c623bc4_a66a_4fb6_a8a1_0ff0ce0d7753) [Producer clientId=Producer-topic-7c623bc4_a66a_4fb6_a8a1_0ff0ce0d7753] ProducerId set to 21 with epoch 0
2025-07-31 20:42:34,545 INFO  [org.apa.kaf.cli.con.ConsumerConfig] (main) These configurations '[apicurio.registry.url]' were supplied but are not used yet.
2025-07-31 20:42:34,545 INFO  [org.apa.kaf.com.uti.AppInfoParser] (main) Kafka version: 3.9.1
2025-07-31 20:42:34,545 INFO  [org.apa.kaf.com.uti.AppInfoParser] (main) Kafka commitId: f745dfdcee2b9851
2025-07-31 20:42:34,545 INFO  [org.apa.kaf.com.uti.AppInfoParser] (main) Kafka startTimeMs: 1753994554545
**** Registry Base URL: http://registry-app-postgresql.apps.ci419.apicurio-testing.org:80
2025-07-31 20:42:34,546 INFO  [org.apa.kaf.cli.con.ConsumerConfig] (main) ConsumerConfig values: 
	allow.auto.create.topics = true
	auto.commit.interval.ms = 500
	auto.include.jmx.reporter = true
	auto.offset.reset = earliest
	bootstrap.servers = [PLAINTEXT://localhost:32770]
	check.crcs = true
	client.dns.lookup = use_all_dns_ips
	client.id = consumer-Consumer-topic-caf9394a_4771_40dd_865f_2aa3fabb3e3f-15
	client.rack = 
	connections.max.idle.ms = 10000
	default.api.timeout.ms = 60000
	enable.auto.commit = true
	enable.metrics.push = true
	exclude.internal.topics = true
	fetch.max.bytes = 52428800
	fetch.max.wait.ms = 500
	fetch.min.bytes = 1
	group.id = Consumer-topic-caf9394a_4771_40dd_865f_2aa3fabb3e3f
	group.instance.id = null
	group.protocol = classic
	group.remote.assignor = null
	heartbeat.interval.ms = 3000
	interceptor.classes = []
	internal.leave.group.on.close = true
	internal.throw.on.fetch.stable.offset.unsupported = false
	isolation.level = read_uncommitted
	key.deserializer = class org.apache.kafka.common.serialization.StringDeserializer
	max.partition.fetch.bytes = 1048576
	max.poll.interval.ms = 300000
	max.poll.records = 500
	metadata.max.age.ms = 300000
	metadata.recovery.strategy = none
	metric.reporters = []
	metrics.num.samples = 2
	metrics.recording.level = INFO
	metrics.sample.window.ms = 30000
	partition.assignment.strategy = [class org.apache.kafka.clients.consumer.RangeAssignor, class org.apache.kafka.clients.consumer.CooperativeStickyAssignor]
	receive.buffer.bytes = 65536
	reconnect.backoff.max.ms = 1000
	reconnect.backoff.ms = 50
	request.timeout.ms = 5000
	retry.backoff.max.ms = 1000
	retry.backoff.ms = 100
	sasl.client.callback.handler.class = null
	sasl.jaas.config = null
	sasl.kerberos.kinit.cmd = /usr/bin/kinit
	sasl.kerberos.min.time.before.relogin = 60000
	sasl.kerberos.service.name = null
	sasl.kerberos.ticket.renew.jitter = 0.05
	sasl.kerberos.ticket.renew.window.factor = 0.8
	sasl.login.callback.handler.class = null
	sasl.login.class = null
	sasl.login.connect.timeout.ms = null
	sasl.login.read.timeout.ms = null
	sasl.login.refresh.buffer.seconds = 300
	sasl.login.refresh.min.period.seconds = 60
	sasl.login.refresh.window.factor = 0.8
	sasl.login.refresh.window.jitter = 0.05
	sasl.login.retry.backoff.max.ms = 10000
	sasl.login.retry.backoff.ms = 100
	sasl.mechanism = GSSAPI
	sasl.oauthbearer.clock.skew.seconds = 30
	sasl.oauthbearer.expected.audience = null
	sasl.oauthbearer.expected.issuer = null
	sasl.oauthbearer.header.urlencode = false
	sasl.oauthbearer.jwks.endpoint.refresh.ms = 3600000
	sasl.oauthbearer.jwks.endpoint.retry.backoff.max.ms = 10000
	sasl.oauthbearer.jwks.endpoint.retry.backoff.ms = 100
	sasl.oauthbearer.jwks.endpoint.url = null
	sasl.oauthbearer.scope.claim.name = scope
	sasl.oauthbearer.sub.claim.name = sub
	sasl.oauthbearer.token.endpoint.url = null
	security.protocol = PLAINTEXT
	security.providers = null
	send.buffer.bytes = 131072
	session.timeout.ms = 45000
	socket.connection.setup.timeout.max.ms = 30000
	socket.connection.setup.timeout.ms = 10000
	ssl.cipher.suites = null
	ssl.enabled.protocols = [TLSv1.2, TLSv1.3]
	ssl.endpoint.identification.algorithm = https
	ssl.engine.factory.class = null
	ssl.key.password = null
	ssl.keymanager.algorithm = SunX509
	ssl.keystore.certificate.chain = null
	ssl.keystore.key = null
	ssl.keystore.location = null
	ssl.keystore.password = null
	ssl.keystore.type = JKS
	ssl.protocol = TLSv1.3
	ssl.provider = null
	ssl.secure.random.implementation = null
	ssl.trustmanager.algorithm = PKIX
	ssl.truststore.certificates = null
	ssl.truststore.location = null
	ssl.truststore.password = null
	ssl.truststore.type = JKS
	value.deserializer = class io.apicurio.registry.serde.avro.AvroKafkaDeserializer

2025-07-31 20:42:34,546 INFO  [org.apa.kaf.com.tel.int.KafkaMetricsCollector] (main) initializing Kafka metrics collector
2025-07-31 20:42:34,572 INFO  [org.apa.kaf.cli.con.ConsumerConfig] (main) These configurations '[apicurio.registry.url]' were supplied but are not used yet.
2025-07-31 20:42:34,572 INFO  [org.apa.kaf.com.uti.AppInfoParser] (main) Kafka version: 3.9.1
2025-07-31 20:42:34,572 INFO  [org.apa.kaf.com.uti.AppInfoParser] (main) Kafka commitId: f745dfdcee2b9851
2025-07-31 20:42:34,572 INFO  [org.apa.kaf.com.uti.AppInfoParser] (main) Kafka startTimeMs: 1753994554572
**** Registry Base URL: http://registry-app-postgresql.apps.ci419.apicurio-testing.org:80
2025-07-31 20:42:34,573 INFO  [org.apa.kaf.cli.con.ConsumerConfig] (main) ConsumerConfig values: 
	allow.auto.create.topics = true
	auto.commit.interval.ms = 500
	auto.include.jmx.reporter = true
	auto.offset.reset = earliest
	bootstrap.servers = [PLAINTEXT://localhost:32770]
	check.crcs = true
	client.dns.lookup = use_all_dns_ips
	client.id = consumer-Consumer-topic-7c623bc4_a66a_4fb6_a8a1_0ff0ce0d7753-16
	client.rack = 
	connections.max.idle.ms = 10000
	default.api.timeout.ms = 60000
	enable.auto.commit = true
	enable.metrics.push = true
	exclude.internal.topics = true
	fetch.max.bytes = 52428800
	fetch.max.wait.ms = 500
	fetch.min.bytes = 1
	group.id = Consumer-topic-7c623bc4_a66a_4fb6_a8a1_0ff0ce0d7753
	group.instance.id = null
	group.protocol = classic
	group.remote.assignor = null
	heartbeat.interval.ms = 3000
	interceptor.classes = []
	internal.leave.group.on.close = true
	internal.throw.on.fetch.stable.offset.unsupported = false
	isolation.level = read_uncommitted
	key.deserializer = class org.apache.kafka.common.serialization.StringDeserializer
	max.partition.fetch.bytes = 1048576
	max.poll.interval.ms = 300000
	max.poll.records = 500
	metadata.max.age.ms = 300000
	metadata.recovery.strategy = none
	metric.reporters = []
	metrics.num.samples = 2
	metrics.recording.level = INFO
	metrics.sample.window.ms = 30000
	partition.assignment.strategy = [class org.apache.kafka.clients.consumer.RangeAssignor, class org.apache.kafka.clients.consumer.CooperativeStickyAssignor]
	receive.buffer.bytes = 65536
	reconnect.backoff.max.ms = 1000
	reconnect.backoff.ms = 50
	request.timeout.ms = 5000
	retry.backoff.max.ms = 1000
	retry.backoff.ms = 100
	sasl.client.callback.handler.class = null
	sasl.jaas.config = null
	sasl.kerberos.kinit.cmd = /usr/bin/kinit
	sasl.kerberos.min.time.before.relogin = 60000
	sasl.kerberos.service.name = null
	sasl.kerberos.ticket.renew.jitter = 0.05
	sasl.kerberos.ticket.renew.window.factor = 0.8
	sasl.login.callback.handler.class = null
	sasl.login.class = null
	sasl.login.connect.timeout.ms = null
	sasl.login.read.timeout.ms = null
	sasl.login.refresh.buffer.seconds = 300
	sasl.login.refresh.min.period.seconds = 60
	sasl.login.refresh.window.factor = 0.8
	sasl.login.refresh.window.jitter = 0.05
	sasl.login.retry.backoff.max.ms = 10000
	sasl.login.retry.backoff.ms = 100
	sasl.mechanism = GSSAPI
	sasl.oauthbearer.clock.skew.seconds = 30
	sasl.oauthbearer.expected.audience = null
	sasl.oauthbearer.expected.issuer = null
	sasl.oauthbearer.header.urlencode = false
	sasl.oauthbearer.jwks.endpoint.refresh.ms = 3600000
	sasl.oauthbearer.jwks.endpoint.retry.backoff.max.ms = 10000
	sasl.oauthbearer.jwks.endpoint.retry.backoff.ms = 100
	sasl.oauthbearer.jwks.endpoint.url = null
	sasl.oauthbearer.scope.claim.name = scope
	sasl.oauthbearer.sub.claim.name = sub
	sasl.oauthbearer.token.endpoint.url = null
	security.protocol = PLAINTEXT
	security.providers = null
	send.buffer.bytes = 131072
	session.timeout.ms = 45000
	socket.connection.setup.timeout.max.ms = 30000
	socket.connection.setup.timeout.ms = 10000
	ssl.cipher.suites = null
	ssl.enabled.protocols = [TLSv1.2, TLSv1.3]
	ssl.endpoint.identification.algorithm = https
	ssl.engine.factory.class = null
	ssl.key.password = null
	ssl.keymanager.algorithm = SunX509
	ssl.keystore.certificate.chain = null
	ssl.keystore.key = null
	ssl.keystore.location = null
	ssl.keystore.password = null
	ssl.keystore.type = JKS
	ssl.protocol = TLSv1.3
	ssl.provider = null
	ssl.secure.random.implementation = null
	ssl.trustmanager.algorithm = PKIX
	ssl.truststore.certificates = null
	ssl.truststore.location = null
	ssl.truststore.password = null
	ssl.truststore.type = JKS
	value.deserializer = class io.apicurio.registry.serde.avro.AvroKafkaDeserializer

2025-07-31 20:42:34,573 INFO  [org.apa.kaf.com.tel.int.KafkaMetricsCollector] (main) initializing Kafka metrics collector
2025-07-31 20:42:34,582 INFO  [org.apa.kaf.cli.con.ConsumerConfig] (main) These configurations '[apicurio.registry.url]' were supplied but are not used yet.
2025-07-31 20:42:34,582 INFO  [org.apa.kaf.com.uti.AppInfoParser] (main) Kafka version: 3.9.1
2025-07-31 20:42:34,582 INFO  [org.apa.kaf.com.uti.AppInfoParser] (main) Kafka commitId: f745dfdcee2b9851
2025-07-31 20:42:34,582 INFO  [org.apa.kaf.com.uti.AppInfoParser] (main) Kafka startTimeMs: 1753994554582
2025-07-31 20:42:34,583 INFO  [io.api.tes.ser.api.KafkaSerdesTester] (Thread-707) Sending message {"key11753994553311": "value-0"} to topic topic-b0a948e9_7a89_4c8c_bd3a_a77dde6b90b7
2025-07-31 20:42:34,589 INFO  [DefaultSchemaResolver] (Thread-707) Retrieving schema content using string: {"type":"record","name":"myrecordconfluent","fields":[{"name":"key11753994553311","type":"string"}]}
2025-07-31 20:42:34,753 INFO  [io.api.tes.ser.api.KafkaSerdesTester] (Thread-707) Sending message {"key11753994553311": "value-1"} to topic topic-b0a948e9_7a89_4c8c_bd3a_a77dde6b90b7
2025-07-31 20:42:34,754 INFO  [io.api.tes.ser.api.KafkaSerdesTester] (Thread-707) Sending message {"key11753994553311": "value-2"} to topic topic-b0a948e9_7a89_4c8c_bd3a_a77dde6b90b7
2025-07-31 20:42:34,755 INFO  [io.api.tes.ser.api.KafkaSerdesTester] (Thread-707) Sending message {"key11753994553311": "value-3"} to topic topic-b0a948e9_7a89_4c8c_bd3a_a77dde6b90b7
2025-07-31 20:42:34,758 INFO  [io.api.tes.ser.api.KafkaSerdesTester] (Thread-707) Sending message {"key11753994553311": "value-4"} to topic topic-b0a948e9_7a89_4c8c_bd3a_a77dde6b90b7
2025-07-31 20:42:34,762 INFO  [io.api.tes.ser.api.KafkaSerdesTester] (Thread-707) Sending message {"key11753994553311": "value-5"} to topic topic-b0a948e9_7a89_4c8c_bd3a_a77dde6b90b7
2025-07-31 20:42:34,767 INFO  [io.api.tes.ser.api.KafkaSerdesTester] (Thread-707) Sending message {"key11753994553311": "value-6"} to topic topic-b0a948e9_7a89_4c8c_bd3a_a77dde6b90b7
2025-07-31 20:42:34,768 INFO  [io.api.tes.ser.api.KafkaSerdesTester] (Thread-707) Sending message {"key11753994553311": "value-7"} to topic topic-b0a948e9_7a89_4c8c_bd3a_a77dde6b90b7
2025-07-31 20:42:34,769 INFO  [io.api.tes.ser.api.KafkaSerdesTester] (Thread-707) Sending message {"key11753994553311": "value-8"} to topic topic-b0a948e9_7a89_4c8c_bd3a_a77dde6b90b7
2025-07-31 20:42:34,771 INFO  [io.api.tes.ser.api.KafkaSerdesTester] (Thread-707) Sending message {"key11753994553311": "value-9"} to topic topic-b0a948e9_7a89_4c8c_bd3a_a77dde6b90b7
2025-07-31 20:42:34,772 INFO  [io.api.tes.ser.api.KafkaSerdesTester] (Thread-707) Produced 10 messages
2025-07-31 20:42:34,772 INFO  [org.apa.kaf.cli.pro.KafkaProducer] (Thread-707) [Producer clientId=Producer-topic-b0a948e9_7a89_4c8c_bd3a_a77dde6b90b7] Closing the Kafka producer with timeoutMillis = 9223372036854775807 ms.
2025-07-31 20:42:34,773 INFO  [org.apa.kaf.com.met.Metrics] (Thread-707) Metrics scheduler closed
2025-07-31 20:42:34,774 INFO  [org.apa.kaf.com.met.Metrics] (Thread-707) Closing reporter org.apache.kafka.common.metrics.JmxReporter
2025-07-31 20:42:34,774 INFO  [org.apa.kaf.com.met.Metrics] (Thread-707) Closing reporter org.apache.kafka.common.telemetry.internals.ClientTelemetryReporter
2025-07-31 20:42:34,774 INFO  [org.apa.kaf.com.met.Metrics] (Thread-707) Metrics reporters closed
2025-07-31 20:42:34,775 INFO  [org.apa.kaf.com.uti.AppInfoParser] (Thread-707) App info kafka.producer for Producer-topic-b0a948e9_7a89_4c8c_bd3a_a77dde6b90b7 unregistered
2025-07-31 20:42:34,779 INFO  [io.api.tes.ser.api.KafkaSerdesTester] (Thread-708) Sending message {"key11753994553311": "value-0"} to topic topic-caf9394a_4771_40dd_865f_2aa3fabb3e3f
2025-07-31 20:42:34,785 INFO  [DefaultSchemaResolver] (Thread-708) Retrieving schema content using string: {"type":"record","name":"myrecordconfluent","fields":[{"name":"key11753994553311","type":"string"}]}
2025-07-31 20:42:34,936 INFO  [io.api.tes.ser.api.KafkaSerdesTester] (Thread-708) Sending message {"key11753994553311": "value-1"} to topic topic-caf9394a_4771_40dd_865f_2aa3fabb3e3f
2025-07-31 20:42:34,937 INFO  [io.api.tes.ser.api.KafkaSerdesTester] (Thread-708) Sending message {"key11753994553311": "value-2"} to topic topic-caf9394a_4771_40dd_865f_2aa3fabb3e3f
2025-07-31 20:42:34,939 INFO  [io.api.tes.ser.api.KafkaSerdesTester] (Thread-708) Sending message {"key11753994553311": "value-3"} to topic topic-caf9394a_4771_40dd_865f_2aa3fabb3e3f
2025-07-31 20:42:34,941 INFO  [io.api.tes.ser.api.KafkaSerdesTester] (Thread-708) Sending message {"key11753994553311": "value-4"} to topic topic-caf9394a_4771_40dd_865f_2aa3fabb3e3f
2025-07-31 20:42:34,944 INFO  [io.api.tes.ser.api.KafkaSerdesTester] (Thread-708) Sending message {"key11753994553311": "value-5"} to topic topic-caf9394a_4771_40dd_865f_2aa3fabb3e3f
2025-07-31 20:42:34,945 INFO  [io.api.tes.ser.api.KafkaSerdesTester] (Thread-708) Sending message {"key11753994553311": "value-6"} to topic topic-caf9394a_4771_40dd_865f_2aa3fabb3e3f
2025-07-31 20:42:34,947 INFO  [io.api.tes.ser.api.KafkaSerdesTester] (Thread-708) Sending message {"key11753994553311": "value-7"} to topic topic-caf9394a_4771_40dd_865f_2aa3fabb3e3f
2025-07-31 20:42:34,948 INFO  [io.api.tes.ser.api.KafkaSerdesTester] (Thread-708) Sending message {"key11753994553311": "value-8"} to topic topic-caf9394a_4771_40dd_865f_2aa3fabb3e3f
2025-07-31 20:42:34,949 INFO  [io.api.tes.ser.api.KafkaSerdesTester] (Thread-708) Sending message {"key11753994553311": "value-9"} to topic topic-caf9394a_4771_40dd_865f_2aa3fabb3e3f
2025-07-31 20:42:34,950 INFO  [io.api.tes.ser.api.KafkaSerdesTester] (Thread-708) Produced 10 messages
2025-07-31 20:42:34,950 INFO  [org.apa.kaf.cli.pro.KafkaProducer] (Thread-708) [Producer clientId=Producer-topic-caf9394a_4771_40dd_865f_2aa3fabb3e3f] Closing the Kafka producer with timeoutMillis = 9223372036854775807 ms.
2025-07-31 20:42:34,951 INFO  [org.apa.kaf.com.met.Metrics] (Thread-708) Metrics scheduler closed
2025-07-31 20:42:34,951 INFO  [org.apa.kaf.com.met.Metrics] (Thread-708) Closing reporter org.apache.kafka.common.metrics.JmxReporter
2025-07-31 20:42:34,951 INFO  [org.apa.kaf.com.met.Metrics] (Thread-708) Closing reporter org.apache.kafka.common.telemetry.internals.ClientTelemetryReporter
2025-07-31 20:42:34,951 INFO  [org.apa.kaf.com.met.Metrics] (Thread-708) Metrics reporters closed
2025-07-31 20:42:34,952 INFO  [org.apa.kaf.com.uti.AppInfoParser] (Thread-708) App info kafka.producer for Producer-topic-caf9394a_4771_40dd_865f_2aa3fabb3e3f unregistered
2025-07-31 20:42:34,952 INFO  [io.api.tes.ser.api.KafkaSerdesTester] (Thread-709) Sending message {"key11753994553311": "value-0"} to topic topic-7c623bc4_a66a_4fb6_a8a1_0ff0ce0d7753
2025-07-31 20:42:34,957 INFO  [DefaultSchemaResolver] (Thread-709) Retrieving schema content using string: {"type":"record","name":"myrecordconfluent","fields":[{"name":"key11753994553311","type":"string"}]}
2025-07-31 20:42:35,119 INFO  [io.api.tes.ser.api.KafkaSerdesTester] (Thread-709) Sending message {"key11753994553311": "value-1"} to topic topic-7c623bc4_a66a_4fb6_a8a1_0ff0ce0d7753
2025-07-31 20:42:35,121 INFO  [io.api.tes.ser.api.KafkaSerdesTester] (Thread-709) Sending message {"key11753994553311": "value-2"} to topic topic-7c623bc4_a66a_4fb6_a8a1_0ff0ce0d7753
2025-07-31 20:42:35,122 INFO  [io.api.tes.ser.api.KafkaSerdesTester] (Thread-709) Sending message {"key11753994553311": "value-3"} to topic topic-7c623bc4_a66a_4fb6_a8a1_0ff0ce0d7753
2025-07-31 20:42:35,123 INFO  [io.api.tes.ser.api.KafkaSerdesTester] (Thread-709) Sending message {"key11753994553311": "value-4"} to topic topic-7c623bc4_a66a_4fb6_a8a1_0ff0ce0d7753
2025-07-31 20:42:35,124 INFO  [io.api.tes.ser.api.KafkaSerdesTester] (Thread-709) Sending message {"key11753994553311": "value-5"} to topic topic-7c623bc4_a66a_4fb6_a8a1_0ff0ce0d7753
2025-07-31 20:42:35,125 INFO  [io.api.tes.ser.api.KafkaSerdesTester] (Thread-709) Sending message {"key11753994553311": "value-6"} to topic topic-7c623bc4_a66a_4fb6_a8a1_0ff0ce0d7753
2025-07-31 20:42:35,126 INFO  [io.api.tes.ser.api.KafkaSerdesTester] (Thread-709) Sending message {"key11753994553311": "value-7"} to topic topic-7c623bc4_a66a_4fb6_a8a1_0ff0ce0d7753
2025-07-31 20:42:35,127 INFO  [io.api.tes.ser.api.KafkaSerdesTester] (Thread-709) Sending message {"key11753994553311": "value-8"} to topic topic-7c623bc4_a66a_4fb6_a8a1_0ff0ce0d7753
2025-07-31 20:42:35,129 INFO  [io.api.tes.ser.api.KafkaSerdesTester] (Thread-709) Sending message {"key11753994553311": "value-9"} to topic topic-7c623bc4_a66a_4fb6_a8a1_0ff0ce0d7753
2025-07-31 20:42:35,130 INFO  [io.api.tes.ser.api.KafkaSerdesTester] (Thread-709) Produced 10 messages
2025-07-31 20:42:35,130 INFO  [org.apa.kaf.cli.pro.KafkaProducer] (Thread-709) [Producer clientId=Producer-topic-7c623bc4_a66a_4fb6_a8a1_0ff0ce0d7753] Closing the Kafka producer with timeoutMillis = 9223372036854775807 ms.
2025-07-31 20:42:35,132 INFO  [org.apa.kaf.com.met.Metrics] (Thread-709) Metrics scheduler closed
2025-07-31 20:42:35,132 INFO  [org.apa.kaf.com.met.Metrics] (Thread-709) Closing reporter org.apache.kafka.common.metrics.JmxReporter
2025-07-31 20:42:35,133 INFO  [org.apa.kaf.com.met.Metrics] (Thread-709) Closing reporter org.apache.kafka.common.telemetry.internals.ClientTelemetryReporter
2025-07-31 20:42:35,133 INFO  [org.apa.kaf.com.met.Metrics] (Thread-709) Metrics reporters closed
2025-07-31 20:42:35,133 INFO  [org.apa.kaf.com.uti.AppInfoParser] (Thread-709) App info kafka.producer for Producer-topic-7c623bc4_a66a_4fb6_a8a1_0ff0ce0d7753 unregistered
2025-07-31 20:42:35,134 INFO  [org.apa.kaf.cli.con.int.ClassicKafkaConsumer] (Thread-710) [Consumer clientId=consumer-Consumer-topic-b0a948e9_7a89_4c8c_bd3a_a77dde6b90b7-14, groupId=Consumer-topic-b0a948e9_7a89_4c8c_bd3a_a77dde6b90b7] Subscribed to topic(s): topic-b0a948e9_7a89_4c8c_bd3a_a77dde6b90b7
2025-07-31 20:42:35,139 INFO  [org.apa.kaf.cli.Metadata] (Thread-710) [Consumer clientId=consumer-Consumer-topic-b0a948e9_7a89_4c8c_bd3a_a77dde6b90b7-14, groupId=Consumer-topic-b0a948e9_7a89_4c8c_bd3a_a77dde6b90b7] Cluster ID: 1k_IxQydR42FDqpO2KqWFA
2025-07-31 20:42:35,139 INFO  [org.apa.kaf.cli.con.int.ConsumerCoordinator] (Thread-710) [Consumer clientId=consumer-Consumer-topic-b0a948e9_7a89_4c8c_bd3a_a77dde6b90b7-14, groupId=Consumer-topic-b0a948e9_7a89_4c8c_bd3a_a77dde6b90b7] Discovered group coordinator localhost:32770 (id: 2147483647 rack: null)
2025-07-31 20:42:35,140 INFO  [org.apa.kaf.cli.con.int.ConsumerCoordinator] (Thread-710) [Consumer clientId=consumer-Consumer-topic-b0a948e9_7a89_4c8c_bd3a_a77dde6b90b7-14, groupId=Consumer-topic-b0a948e9_7a89_4c8c_bd3a_a77dde6b90b7] (Re-)joining group
2025-07-31 20:42:35,142 INFO  [org.apa.kaf.cli.con.int.ConsumerCoordinator] (Thread-710) [Consumer clientId=consumer-Consumer-topic-b0a948e9_7a89_4c8c_bd3a_a77dde6b90b7-14, groupId=Consumer-topic-b0a948e9_7a89_4c8c_bd3a_a77dde6b90b7] Request joining group due to: need to re-join with the given member-id: consumer-Consumer-topic-b0a948e9_7a89_4c8c_bd3a_a77dde6b90b7-14-534c725f-ee4d-4c96-8266-92227d52383d
2025-07-31 20:42:35,142 INFO  [org.apa.kaf.cli.con.int.ConsumerCoordinator] (Thread-710) [Consumer clientId=consumer-Consumer-topic-b0a948e9_7a89_4c8c_bd3a_a77dde6b90b7-14, groupId=Consumer-topic-b0a948e9_7a89_4c8c_bd3a_a77dde6b90b7] (Re-)joining group
2025-07-31 20:42:35,144 INFO  [org.apa.kaf.cli.con.int.ConsumerCoordinator] (Thread-710) [Consumer clientId=consumer-Consumer-topic-b0a948e9_7a89_4c8c_bd3a_a77dde6b90b7-14, groupId=Consumer-topic-b0a948e9_7a89_4c8c_bd3a_a77dde6b90b7] Successfully joined group with generation Generation{generationId=1, memberId='consumer-Consumer-topic-b0a948e9_7a89_4c8c_bd3a_a77dde6b90b7-14-534c725f-ee4d-4c96-8266-92227d52383d', protocol='range'}
2025-07-31 20:42:35,144 INFO  [org.apa.kaf.cli.con.int.ConsumerCoordinator] (Thread-710) [Consumer clientId=consumer-Consumer-topic-b0a948e9_7a89_4c8c_bd3a_a77dde6b90b7-14, groupId=Consumer-topic-b0a948e9_7a89_4c8c_bd3a_a77dde6b90b7] Finished assignment for group at generation 1: {consumer-Consumer-topic-b0a948e9_7a89_4c8c_bd3a_a77dde6b90b7-14-534c725f-ee4d-4c96-8266-92227d52383d=Assignment(partitions=[topic-b0a948e9_7a89_4c8c_bd3a_a77dde6b90b7-0])}
2025-07-31 20:42:35,146 INFO  [org.apa.kaf.cli.con.int.ConsumerCoordinator] (Thread-710) [Consumer clientId=consumer-Consumer-topic-b0a948e9_7a89_4c8c_bd3a_a77dde6b90b7-14, groupId=Consumer-topic-b0a948e9_7a89_4c8c_bd3a_a77dde6b90b7] Successfully synced group in generation Generation{generationId=1, memberId='consumer-Consumer-topic-b0a948e9_7a89_4c8c_bd3a_a77dde6b90b7-14-534c725f-ee4d-4c96-8266-92227d52383d', protocol='range'}
2025-07-31 20:42:35,146 INFO  [org.apa.kaf.cli.con.int.ConsumerCoordinator] (Thread-710) [Consumer clientId=consumer-Consumer-topic-b0a948e9_7a89_4c8c_bd3a_a77dde6b90b7-14, groupId=Consumer-topic-b0a948e9_7a89_4c8c_bd3a_a77dde6b90b7] Notifying assignor about the new Assignment(partitions=[topic-b0a948e9_7a89_4c8c_bd3a_a77dde6b90b7-0])
2025-07-31 20:42:35,146 INFO  [org.apa.kaf.cli.con.int.ConsumerRebalanceListenerInvoker] (Thread-710) [Consumer clientId=consumer-Consumer-topic-b0a948e9_7a89_4c8c_bd3a_a77dde6b90b7-14, groupId=Consumer-topic-b0a948e9_7a89_4c8c_bd3a_a77dde6b90b7] Adding newly assigned partitions: topic-b0a948e9_7a89_4c8c_bd3a_a77dde6b90b7-0
2025-07-31 20:42:35,147 INFO  [org.apa.kaf.cli.con.int.ConsumerCoordinator] (Thread-710) [Consumer clientId=consumer-Consumer-topic-b0a948e9_7a89_4c8c_bd3a_a77dde6b90b7-14, groupId=Consumer-topic-b0a948e9_7a89_4c8c_bd3a_a77dde6b90b7] Found no committed offset for partition topic-b0a948e9_7a89_4c8c_bd3a_a77dde6b90b7-0
2025-07-31 20:42:35,150 INFO  [org.apa.kaf.cli.con.int.SubscriptionState] (Thread-710) [Consumer clientId=consumer-Consumer-topic-b0a948e9_7a89_4c8c_bd3a_a77dde6b90b7-14, groupId=Consumer-topic-b0a948e9_7a89_4c8c_bd3a_a77dde6b90b7] Resetting offset for partition topic-b0a948e9_7a89_4c8c_bd3a_a77dde6b90b7-0 to position FetchPosition{offset=0, offsetEpoch=Optional.empty, currentLeader=LeaderAndEpoch{leader=Optional[localhost:32770 (id: 0 rack: null)], epoch=0}}.
2025-07-31 20:42:35,390 INFO  [io.api.tes.ser.api.KafkaSerdesTester] (Thread-710) topic-b0a948e9_7a89_4c8c_bd3a_a77dde6b90b7 0 0 {"key11753994553311": "value-0"}
2025-07-31 20:42:35,390 INFO  [io.api.tes.ser.api.KafkaSerdesTester] (Thread-710) topic-b0a948e9_7a89_4c8c_bd3a_a77dde6b90b7 0 1 {"key11753994553311": "value-1"}
2025-07-31 20:42:35,390 INFO  [io.api.tes.ser.api.KafkaSerdesTester] (Thread-710) topic-b0a948e9_7a89_4c8c_bd3a_a77dde6b90b7 0 2 {"key11753994553311": "value-2"}
2025-07-31 20:42:35,390 INFO  [io.api.tes.ser.api.KafkaSerdesTester] (Thread-710) topic-b0a948e9_7a89_4c8c_bd3a_a77dde6b90b7 0 3 {"key11753994553311": "value-3"}
2025-07-31 20:42:35,390 INFO  [io.api.tes.ser.api.KafkaSerdesTester] (Thread-710) topic-b0a948e9_7a89_4c8c_bd3a_a77dde6b90b7 0 4 {"key11753994553311": "value-4"}
2025-07-31 20:42:35,390 INFO  [io.api.tes.ser.api.KafkaSerdesTester] (Thread-710) topic-b0a948e9_7a89_4c8c_bd3a_a77dde6b90b7 0 5 {"key11753994553311": "value-5"}
2025-07-31 20:42:35,390 INFO  [io.api.tes.ser.api.KafkaSerdesTester] (Thread-710) topic-b0a948e9_7a89_4c8c_bd3a_a77dde6b90b7 0 6 {"key11753994553311": "value-6"}
2025-07-31 20:42:35,390 INFO  [io.api.tes.ser.api.KafkaSerdesTester] (Thread-710) topic-b0a948e9_7a89_4c8c_bd3a_a77dde6b90b7 0 7 {"key11753994553311": "value-7"}
2025-07-31 20:42:35,390 INFO  [io.api.tes.ser.api.KafkaSerdesTester] (Thread-710) topic-b0a948e9_7a89_4c8c_bd3a_a77dde6b90b7 0 8 {"key11753994553311": "value-8"}
2025-07-31 20:42:35,390 INFO  [io.api.tes.ser.api.KafkaSerdesTester] (Thread-710) topic-b0a948e9_7a89_4c8c_bd3a_a77dde6b90b7 0 9 {"key11753994553311": "value-9"}
2025-07-31 20:42:35,390 INFO  [io.api.tes.ser.api.KafkaSerdesTester] (Thread-710) Consumed 10 messages
2025-07-31 20:42:35,392 INFO  [org.apa.kaf.cli.con.int.ConsumerRebalanceListenerInvoker] (Thread-710) [Consumer clientId=consumer-Consumer-topic-b0a948e9_7a89_4c8c_bd3a_a77dde6b90b7-14, groupId=Consumer-topic-b0a948e9_7a89_4c8c_bd3a_a77dde6b90b7] Revoke previously assigned partitions topic-b0a948e9_7a89_4c8c_bd3a_a77dde6b90b7-0
2025-07-31 20:42:35,393 INFO  [org.apa.kaf.cli.con.int.ConsumerCoordinator] (Thread-710) [Consumer clientId=consumer-Consumer-topic-b0a948e9_7a89_4c8c_bd3a_a77dde6b90b7-14, groupId=Consumer-topic-b0a948e9_7a89_4c8c_bd3a_a77dde6b90b7] Member consumer-Consumer-topic-b0a948e9_7a89_4c8c_bd3a_a77dde6b90b7-14-534c725f-ee4d-4c96-8266-92227d52383d sending LeaveGroup request to coordinator localhost:32770 (id: 2147483647 rack: null) due to the consumer is being closed
2025-07-31 20:42:35,393 INFO  [org.apa.kaf.cli.con.int.ConsumerCoordinator] (Thread-710) [Consumer clientId=consumer-Consumer-topic-b0a948e9_7a89_4c8c_bd3a_a77dde6b90b7-14, groupId=Consumer-topic-b0a948e9_7a89_4c8c_bd3a_a77dde6b90b7] Resetting generation and member id due to: consumer pro-actively leaving the group
2025-07-31 20:42:35,393 INFO  [org.apa.kaf.cli.con.int.ConsumerCoordinator] (Thread-710) [Consumer clientId=consumer-Consumer-topic-b0a948e9_7a89_4c8c_bd3a_a77dde6b90b7-14, groupId=Consumer-topic-b0a948e9_7a89_4c8c_bd3a_a77dde6b90b7] Request joining group due to: consumer pro-actively leaving the group
2025-07-31 20:42:35,894 INFO  [org.apa.kaf.com.met.Metrics] (Thread-710) Metrics scheduler closed
2025-07-31 20:42:35,894 INFO  [org.apa.kaf.com.met.Metrics] (Thread-710) Closing reporter org.apache.kafka.common.metrics.JmxReporter
2025-07-31 20:42:35,894 INFO  [org.apa.kaf.com.met.Metrics] (Thread-710) Closing reporter org.apache.kafka.common.telemetry.internals.ClientTelemetryReporter
2025-07-31 20:42:35,894 INFO  [org.apa.kaf.com.met.Metrics] (Thread-710) Metrics reporters closed
2025-07-31 20:42:35,898 INFO  [org.apa.kaf.com.uti.AppInfoParser] (Thread-710) App info kafka.consumer for consumer-Consumer-topic-b0a948e9_7a89_4c8c_bd3a_a77dde6b90b7-14 unregistered
2025-07-31 20:42:35,900 INFO  [org.apa.kaf.cli.con.int.ClassicKafkaConsumer] (Thread-711) [Consumer clientId=consumer-Consumer-topic-caf9394a_4771_40dd_865f_2aa3fabb3e3f-15, groupId=Consumer-topic-caf9394a_4771_40dd_865f_2aa3fabb3e3f] Subscribed to topic(s): topic-caf9394a_4771_40dd_865f_2aa3fabb3e3f
2025-07-31 20:42:35,905 INFO  [org.apa.kaf.cli.Metadata] (Thread-711) [Consumer clientId=consumer-Consumer-topic-caf9394a_4771_40dd_865f_2aa3fabb3e3f-15, groupId=Consumer-topic-caf9394a_4771_40dd_865f_2aa3fabb3e3f] Cluster ID: 1k_IxQydR42FDqpO2KqWFA
2025-07-31 20:42:35,906 INFO  [org.apa.kaf.cli.con.int.ConsumerCoordinator] (Thread-711) [Consumer clientId=consumer-Consumer-topic-caf9394a_4771_40dd_865f_2aa3fabb3e3f-15, groupId=Consumer-topic-caf9394a_4771_40dd_865f_2aa3fabb3e3f] Discovered group coordinator localhost:32770 (id: 2147483647 rack: null)
2025-07-31 20:42:35,907 INFO  [org.apa.kaf.cli.con.int.ConsumerCoordinator] (Thread-711) [Consumer clientId=consumer-Consumer-topic-caf9394a_4771_40dd_865f_2aa3fabb3e3f-15, groupId=Consumer-topic-caf9394a_4771_40dd_865f_2aa3fabb3e3f] (Re-)joining group
2025-07-31 20:42:35,908 INFO  [org.apa.kaf.cli.con.int.ConsumerCoordinator] (Thread-711) [Consumer clientId=consumer-Consumer-topic-caf9394a_4771_40dd_865f_2aa3fabb3e3f-15, groupId=Consumer-topic-caf9394a_4771_40dd_865f_2aa3fabb3e3f] Request joining group due to: need to re-join with the given member-id: consumer-Consumer-topic-caf9394a_4771_40dd_865f_2aa3fabb3e3f-15-d973c15d-9abb-4c1b-ae4f-3536842d4796
2025-07-31 20:42:35,909 INFO  [org.apa.kaf.cli.con.int.ConsumerCoordinator] (Thread-711) [Consumer clientId=consumer-Consumer-topic-caf9394a_4771_40dd_865f_2aa3fabb3e3f-15, groupId=Consumer-topic-caf9394a_4771_40dd_865f_2aa3fabb3e3f] (Re-)joining group
2025-07-31 20:42:35,910 INFO  [org.apa.kaf.cli.con.int.ConsumerCoordinator] (Thread-711) [Consumer clientId=consumer-Consumer-topic-caf9394a_4771_40dd_865f_2aa3fabb3e3f-15, groupId=Consumer-topic-caf9394a_4771_40dd_865f_2aa3fabb3e3f] Successfully joined group with generation Generation{generationId=1, memberId='consumer-Consumer-topic-caf9394a_4771_40dd_865f_2aa3fabb3e3f-15-d973c15d-9abb-4c1b-ae4f-3536842d4796', protocol='range'}
2025-07-31 20:42:35,910 INFO  [org.apa.kaf.cli.con.int.ConsumerCoordinator] (Thread-711) [Consumer clientId=consumer-Consumer-topic-caf9394a_4771_40dd_865f_2aa3fabb3e3f-15, groupId=Consumer-topic-caf9394a_4771_40dd_865f_2aa3fabb3e3f] Finished assignment for group at generation 1: {consumer-Consumer-topic-caf9394a_4771_40dd_865f_2aa3fabb3e3f-15-d973c15d-9abb-4c1b-ae4f-3536842d4796=Assignment(partitions=[topic-caf9394a_4771_40dd_865f_2aa3fabb3e3f-0])}
2025-07-31 20:42:35,912 INFO  [org.apa.kaf.cli.con.int.ConsumerCoordinator] (Thread-711) [Consumer clientId=consumer-Consumer-topic-caf9394a_4771_40dd_865f_2aa3fabb3e3f-15, groupId=Consumer-topic-caf9394a_4771_40dd_865f_2aa3fabb3e3f] Successfully synced group in generation Generation{generationId=1, memberId='consumer-Consumer-topic-caf9394a_4771_40dd_865f_2aa3fabb3e3f-15-d973c15d-9abb-4c1b-ae4f-3536842d4796', protocol='range'}
2025-07-31 20:42:35,912 INFO  [org.apa.kaf.cli.con.int.ConsumerCoordinator] (Thread-711) [Consumer clientId=consumer-Consumer-topic-caf9394a_4771_40dd_865f_2aa3fabb3e3f-15, groupId=Consumer-topic-caf9394a_4771_40dd_865f_2aa3fabb3e3f] Notifying assignor about the new Assignment(partitions=[topic-caf9394a_4771_40dd_865f_2aa3fabb3e3f-0])
2025-07-31 20:42:35,912 INFO  [org.apa.kaf.cli.con.int.ConsumerRebalanceListenerInvoker] (Thread-711) [Consumer clientId=consumer-Consumer-topic-caf9394a_4771_40dd_865f_2aa3fabb3e3f-15, groupId=Consumer-topic-caf9394a_4771_40dd_865f_2aa3fabb3e3f] Adding newly assigned partitions: topic-caf9394a_4771_40dd_865f_2aa3fabb3e3f-0
2025-07-31 20:42:35,912 INFO  [org.apa.kaf.cli.con.int.ConsumerCoordinator] (Thread-711) [Consumer clientId=consumer-Consumer-topic-caf9394a_4771_40dd_865f_2aa3fabb3e3f-15, groupId=Consumer-topic-caf9394a_4771_40dd_865f_2aa3fabb3e3f] Found no committed offset for partition topic-caf9394a_4771_40dd_865f_2aa3fabb3e3f-0
2025-07-31 20:42:35,916 INFO  [org.apa.kaf.cli.con.int.SubscriptionState] (Thread-711) [Consumer clientId=consumer-Consumer-topic-caf9394a_4771_40dd_865f_2aa3fabb3e3f-15, groupId=Consumer-topic-caf9394a_4771_40dd_865f_2aa3fabb3e3f] Resetting offset for partition topic-caf9394a_4771_40dd_865f_2aa3fabb3e3f-0 to position FetchPosition{offset=0, offsetEpoch=Optional.empty, currentLeader=LeaderAndEpoch{leader=Optional[localhost:32770 (id: 0 rack: null)], epoch=0}}.
2025-07-31 20:42:36,146 INFO  [io.api.tes.ser.api.KafkaSerdesTester] (Thread-711) topic-caf9394a_4771_40dd_865f_2aa3fabb3e3f 0 0 {"key11753994553311": "value-0"}
2025-07-31 20:42:36,146 INFO  [io.api.tes.ser.api.KafkaSerdesTester] (Thread-711) topic-caf9394a_4771_40dd_865f_2aa3fabb3e3f 0 1 {"key11753994553311": "value-1"}
2025-07-31 20:42:36,146 INFO  [io.api.tes.ser.api.KafkaSerdesTester] (Thread-711) topic-caf9394a_4771_40dd_865f_2aa3fabb3e3f 0 2 {"key11753994553311": "value-2"}
2025-07-31 20:42:36,146 INFO  [io.api.tes.ser.api.KafkaSerdesTester] (Thread-711) topic-caf9394a_4771_40dd_865f_2aa3fabb3e3f 0 3 {"key11753994553311": "value-3"}
2025-07-31 20:42:36,147 INFO  [io.api.tes.ser.api.KafkaSerdesTester] (Thread-711) topic-caf9394a_4771_40dd_865f_2aa3fabb3e3f 0 4 {"key11753994553311": "value-4"}
2025-07-31 20:42:36,147 INFO  [io.api.tes.ser.api.KafkaSerdesTester] (Thread-711) topic-caf9394a_4771_40dd_865f_2aa3fabb3e3f 0 5 {"key11753994553311": "value-5"}
2025-07-31 20:42:36,147 INFO  [io.api.tes.ser.api.KafkaSerdesTester] (Thread-711) topic-caf9394a_4771_40dd_865f_2aa3fabb3e3f 0 6 {"key11753994553311": "value-6"}
2025-07-31 20:42:36,147 INFO  [io.api.tes.ser.api.KafkaSerdesTester] (Thread-711) topic-caf9394a_4771_40dd_865f_2aa3fabb3e3f 0 7 {"key11753994553311": "value-7"}
2025-07-31 20:42:36,147 INFO  [io.api.tes.ser.api.KafkaSerdesTester] (Thread-711) topic-caf9394a_4771_40dd_865f_2aa3fabb3e3f 0 8 {"key11753994553311": "value-8"}
2025-07-31 20:42:36,147 INFO  [io.api.tes.ser.api.KafkaSerdesTester] (Thread-711) topic-caf9394a_4771_40dd_865f_2aa3fabb3e3f 0 9 {"key11753994553311": "value-9"}
2025-07-31 20:42:36,147 INFO  [io.api.tes.ser.api.KafkaSerdesTester] (Thread-711) Consumed 10 messages
2025-07-31 20:42:36,149 INFO  [org.apa.kaf.cli.con.int.ConsumerRebalanceListenerInvoker] (Thread-711) [Consumer clientId=consumer-Consumer-topic-caf9394a_4771_40dd_865f_2aa3fabb3e3f-15, groupId=Consumer-topic-caf9394a_4771_40dd_865f_2aa3fabb3e3f] Revoke previously assigned partitions topic-caf9394a_4771_40dd_865f_2aa3fabb3e3f-0
2025-07-31 20:42:36,149 INFO  [org.apa.kaf.cli.con.int.ConsumerCoordinator] (Thread-711) [Consumer clientId=consumer-Consumer-topic-caf9394a_4771_40dd_865f_2aa3fabb3e3f-15, groupId=Consumer-topic-caf9394a_4771_40dd_865f_2aa3fabb3e3f] Member consumer-Consumer-topic-caf9394a_4771_40dd_865f_2aa3fabb3e3f-15-d973c15d-9abb-4c1b-ae4f-3536842d4796 sending LeaveGroup request to coordinator localhost:32770 (id: 2147483647 rack: null) due to the consumer is being closed
2025-07-31 20:42:36,149 INFO  [org.apa.kaf.cli.con.int.ConsumerCoordinator] (Thread-711) [Consumer clientId=consumer-Consumer-topic-caf9394a_4771_40dd_865f_2aa3fabb3e3f-15, groupId=Consumer-topic-caf9394a_4771_40dd_865f_2aa3fabb3e3f] Resetting generation and member id due to: consumer pro-actively leaving the group
2025-07-31 20:42:36,149 INFO  [org.apa.kaf.cli.con.int.ConsumerCoordinator] (Thread-711) [Consumer clientId=consumer-Consumer-topic-caf9394a_4771_40dd_865f_2aa3fabb3e3f-15, groupId=Consumer-topic-caf9394a_4771_40dd_865f_2aa3fabb3e3f] Request joining group due to: consumer pro-actively leaving the group
2025-07-31 20:42:36,650 INFO  [org.apa.kaf.com.met.Metrics] (Thread-711) Metrics scheduler closed
2025-07-31 20:42:36,650 INFO  [org.apa.kaf.com.met.Metrics] (Thread-711) Closing reporter org.apache.kafka.common.metrics.JmxReporter
2025-07-31 20:42:36,650 INFO  [org.apa.kaf.com.met.Metrics] (Thread-711) Closing reporter org.apache.kafka.common.telemetry.internals.ClientTelemetryReporter
2025-07-31 20:42:36,650 INFO  [org.apa.kaf.com.met.Metrics] (Thread-711) Metrics reporters closed
2025-07-31 20:42:36,652 INFO  [org.apa.kaf.com.uti.AppInfoParser] (Thread-711) App info kafka.consumer for consumer-Consumer-topic-caf9394a_4771_40dd_865f_2aa3fabb3e3f-15 unregistered
2025-07-31 20:42:36,653 INFO  [org.apa.kaf.cli.con.int.ClassicKafkaConsumer] (Thread-712) [Consumer clientId=consumer-Consumer-topic-7c623bc4_a66a_4fb6_a8a1_0ff0ce0d7753-16, groupId=Consumer-topic-7c623bc4_a66a_4fb6_a8a1_0ff0ce0d7753] Subscribed to topic(s): topic-7c623bc4_a66a_4fb6_a8a1_0ff0ce0d7753
2025-07-31 20:42:36,658 INFO  [org.apa.kaf.cli.Metadata] (Thread-712) [Consumer clientId=consumer-Consumer-topic-7c623bc4_a66a_4fb6_a8a1_0ff0ce0d7753-16, groupId=Consumer-topic-7c623bc4_a66a_4fb6_a8a1_0ff0ce0d7753] Cluster ID: 1k_IxQydR42FDqpO2KqWFA
2025-07-31 20:42:36,659 INFO  [org.apa.kaf.cli.con.int.ConsumerCoordinator] (Thread-712) [Consumer clientId=consumer-Consumer-topic-7c623bc4_a66a_4fb6_a8a1_0ff0ce0d7753-16, groupId=Consumer-topic-7c623bc4_a66a_4fb6_a8a1_0ff0ce0d7753] Discovered group coordinator localhost:32770 (id: 2147483647 rack: null)
2025-07-31 20:42:36,661 INFO  [org.apa.kaf.cli.con.int.ConsumerCoordinator] (Thread-712) [Consumer clientId=consumer-Consumer-topic-7c623bc4_a66a_4fb6_a8a1_0ff0ce0d7753-16, groupId=Consumer-topic-7c623bc4_a66a_4fb6_a8a1_0ff0ce0d7753] (Re-)joining group
2025-07-31 20:42:36,667 INFO  [org.apa.kaf.cli.con.int.ConsumerCoordinator] (Thread-712) [Consumer clientId=consumer-Consumer-topic-7c623bc4_a66a_4fb6_a8a1_0ff0ce0d7753-16, groupId=Consumer-topic-7c623bc4_a66a_4fb6_a8a1_0ff0ce0d7753] Request joining group due to: need to re-join with the given member-id: consumer-Consumer-topic-7c623bc4_a66a_4fb6_a8a1_0ff0ce0d7753-16-eb866151-8a2b-4c39-ab99-0aa418456625
2025-07-31 20:42:36,667 INFO  [org.apa.kaf.cli.con.int.ConsumerCoordinator] (Thread-712) [Consumer clientId=consumer-Consumer-topic-7c623bc4_a66a_4fb6_a8a1_0ff0ce0d7753-16, groupId=Consumer-topic-7c623bc4_a66a_4fb6_a8a1_0ff0ce0d7753] (Re-)joining group
2025-07-31 20:42:36,671 INFO  [org.apa.kaf.cli.con.int.ConsumerCoordinator] (Thread-712) [Consumer clientId=consumer-Consumer-topic-7c623bc4_a66a_4fb6_a8a1_0ff0ce0d7753-16, groupId=Consumer-topic-7c623bc4_a66a_4fb6_a8a1_0ff0ce0d7753] Successfully joined group with generation Generation{generationId=1, memberId='consumer-Consumer-topic-7c623bc4_a66a_4fb6_a8a1_0ff0ce0d7753-16-eb866151-8a2b-4c39-ab99-0aa418456625', protocol='range'}
2025-07-31 20:42:36,672 INFO  [org.apa.kaf.cli.con.int.ConsumerCoordinator] (Thread-712) [Consumer clientId=consumer-Consumer-topic-7c623bc4_a66a_4fb6_a8a1_0ff0ce0d7753-16, groupId=Consumer-topic-7c623bc4_a66a_4fb6_a8a1_0ff0ce0d7753] Finished assignment for group at generation 1: {consumer-Consumer-topic-7c623bc4_a66a_4fb6_a8a1_0ff0ce0d7753-16-eb866151-8a2b-4c39-ab99-0aa418456625=Assignment(partitions=[topic-7c623bc4_a66a_4fb6_a8a1_0ff0ce0d7753-0])}
2025-07-31 20:42:36,675 INFO  [org.apa.kaf.cli.con.int.ConsumerCoordinator] (Thread-712) [Consumer clientId=consumer-Consumer-topic-7c623bc4_a66a_4fb6_a8a1_0ff0ce0d7753-16, groupId=Consumer-topic-7c623bc4_a66a_4fb6_a8a1_0ff0ce0d7753] Successfully synced group in generation Generation{generationId=1, memberId='consumer-Consumer-topic-7c623bc4_a66a_4fb6_a8a1_0ff0ce0d7753-16-eb866151-8a2b-4c39-ab99-0aa418456625', protocol='range'}
2025-07-31 20:42:36,675 INFO  [org.apa.kaf.cli.con.int.ConsumerCoordinator] (Thread-712) [Consumer clientId=consumer-Consumer-topic-7c623bc4_a66a_4fb6_a8a1_0ff0ce0d7753-16, groupId=Consumer-topic-7c623bc4_a66a_4fb6_a8a1_0ff0ce0d7753] Notifying assignor about the new Assignment(partitions=[topic-7c623bc4_a66a_4fb6_a8a1_0ff0ce0d7753-0])
2025-07-31 20:42:36,675 INFO  [org.apa.kaf.cli.con.int.ConsumerRebalanceListenerInvoker] (Thread-712) [Consumer clientId=consumer-Consumer-topic-7c623bc4_a66a_4fb6_a8a1_0ff0ce0d7753-16, groupId=Consumer-topic-7c623bc4_a66a_4fb6_a8a1_0ff0ce0d7753] Adding newly assigned partitions: topic-7c623bc4_a66a_4fb6_a8a1_0ff0ce0d7753-0
2025-07-31 20:42:36,676 INFO  [org.apa.kaf.cli.con.int.ConsumerCoordinator] (Thread-712) [Consumer clientId=consumer-Consumer-topic-7c623bc4_a66a_4fb6_a8a1_0ff0ce0d7753-16, groupId=Consumer-topic-7c623bc4_a66a_4fb6_a8a1_0ff0ce0d7753] Found no committed offset for partition topic-7c623bc4_a66a_4fb6_a8a1_0ff0ce0d7753-0
2025-07-31 20:42:36,679 INFO  [org.apa.kaf.cli.con.int.SubscriptionState] (Thread-712) [Consumer clientId=consumer-Consumer-topic-7c623bc4_a66a_4fb6_a8a1_0ff0ce0d7753-16, groupId=Consumer-topic-7c623bc4_a66a_4fb6_a8a1_0ff0ce0d7753] Resetting offset for partition topic-7c623bc4_a66a_4fb6_a8a1_0ff0ce0d7753-0 to position FetchPosition{offset=0, offsetEpoch=Optional.empty, currentLeader=LeaderAndEpoch{leader=Optional[localhost:32770 (id: 0 rack: null)], epoch=0}}.
2025-07-31 20:42:36,913 INFO  [io.api.tes.ser.api.KafkaSerdesTester] (Thread-712) topic-7c623bc4_a66a_4fb6_a8a1_0ff0ce0d7753 0 0 {"key11753994553311": "value-0"}
2025-07-31 20:42:36,913 INFO  [io.api.tes.ser.api.KafkaSerdesTester] (Thread-712) topic-7c623bc4_a66a_4fb6_a8a1_0ff0ce0d7753 0 1 {"key11753994553311": "value-1"}
2025-07-31 20:42:36,913 INFO  [io.api.tes.ser.api.KafkaSerdesTester] (Thread-712) topic-7c623bc4_a66a_4fb6_a8a1_0ff0ce0d7753 0 2 {"key11753994553311": "value-2"}
2025-07-31 20:42:36,913 INFO  [io.api.tes.ser.api.KafkaSerdesTester] (Thread-712) topic-7c623bc4_a66a_4fb6_a8a1_0ff0ce0d7753 0 3 {"key11753994553311": "value-3"}
2025-07-31 20:42:36,913 INFO  [io.api.tes.ser.api.KafkaSerdesTester] (Thread-712) topic-7c623bc4_a66a_4fb6_a8a1_0ff0ce0d7753 0 4 {"key11753994553311": "value-4"}
2025-07-31 20:42:36,913 INFO  [io.api.tes.ser.api.KafkaSerdesTester] (Thread-712) topic-7c623bc4_a66a_4fb6_a8a1_0ff0ce0d7753 0 5 {"key11753994553311": "value-5"}
2025-07-31 20:42:36,913 INFO  [io.api.tes.ser.api.KafkaSerdesTester] (Thread-712) topic-7c623bc4_a66a_4fb6_a8a1_0ff0ce0d7753 0 6 {"key11753994553311": "value-6"}
2025-07-31 20:42:36,913 INFO  [io.api.tes.ser.api.KafkaSerdesTester] (Thread-712) topic-7c623bc4_a66a_4fb6_a8a1_0ff0ce0d7753 0 7 {"key11753994553311": "value-7"}
2025-07-31 20:42:36,913 INFO  [io.api.tes.ser.api.KafkaSerdesTester] (Thread-712) topic-7c623bc4_a66a_4fb6_a8a1_0ff0ce0d7753 0 8 {"key11753994553311": "value-8"}
2025-07-31 20:42:36,913 INFO  [io.api.tes.ser.api.KafkaSerdesTester] (Thread-712) topic-7c623bc4_a66a_4fb6_a8a1_0ff0ce0d7753 0 9 {"key11753994553311": "value-9"}
2025-07-31 20:42:36,913 INFO  [io.api.tes.ser.api.KafkaSerdesTester] (Thread-712) Consumed 10 messages
2025-07-31 20:42:36,917 INFO  [org.apa.kaf.cli.con.int.ConsumerRebalanceListenerInvoker] (Thread-712) [Consumer clientId=consumer-Consumer-topic-7c623bc4_a66a_4fb6_a8a1_0ff0ce0d7753-16, groupId=Consumer-topic-7c623bc4_a66a_4fb6_a8a1_0ff0ce0d7753] Revoke previously assigned partitions topic-7c623bc4_a66a_4fb6_a8a1_0ff0ce0d7753-0
2025-07-31 20:42:36,917 INFO  [org.apa.kaf.cli.con.int.ConsumerCoordinator] (Thread-712) [Consumer clientId=consumer-Consumer-topic-7c623bc4_a66a_4fb6_a8a1_0ff0ce0d7753-16, groupId=Consumer-topic-7c623bc4_a66a_4fb6_a8a1_0ff0ce0d7753] Member consumer-Consumer-topic-7c623bc4_a66a_4fb6_a8a1_0ff0ce0d7753-16-eb866151-8a2b-4c39-ab99-0aa418456625 sending LeaveGroup request to coordinator localhost:32770 (id: 2147483647 rack: null) due to the consumer is being closed
2025-07-31 20:42:36,919 INFO  [org.apa.kaf.cli.con.int.ConsumerCoordinator] (Thread-712) [Consumer clientId=consumer-Consumer-topic-7c623bc4_a66a_4fb6_a8a1_0ff0ce0d7753-16, groupId=Consumer-topic-7c623bc4_a66a_4fb6_a8a1_0ff0ce0d7753] Resetting generation and member id due to: consumer pro-actively leaving the group
2025-07-31 20:42:36,919 INFO  [org.apa.kaf.cli.con.int.ConsumerCoordinator] (Thread-712) [Consumer clientId=consumer-Consumer-topic-7c623bc4_a66a_4fb6_a8a1_0ff0ce0d7753-16, groupId=Consumer-topic-7c623bc4_a66a_4fb6_a8a1_0ff0ce0d7753] Request joining group due to: consumer pro-actively leaving the group
2025-07-31 20:42:37,416 INFO  [org.apa.kaf.com.met.Metrics] (Thread-712) Metrics scheduler closed
2025-07-31 20:42:37,416 INFO  [org.apa.kaf.com.met.Metrics] (Thread-712) Closing reporter org.apache.kafka.common.metrics.JmxReporter
2025-07-31 20:42:37,416 INFO  [org.apa.kaf.com.met.Metrics] (Thread-712) Closing reporter org.apache.kafka.common.telemetry.internals.ClientTelemetryReporter
2025-07-31 20:42:37,416 INFO  [org.apa.kaf.com.met.Metrics] (Thread-712) Metrics reporters closed
2025-07-31 20:42:37,419 INFO  [org.apa.kaf.com.uti.AppInfoParser] (Thread-712) App info kafka.consumer for consumer-Consumer-topic-7c623bc4_a66a_4fb6_a8a1_0ff0ce0d7753-16 unregistered
2025-07-31 20:42:37,420 INFO  [io.api.tes.uti.TestSeparator] (main) io.apicurio.tests.serdes.apicurio.AvroSerdeIT.testAvroConfluentForMultipleTopics-FINISHED
2025-07-31 20:42:37,420 INFO  [io.api.tes.uti.TestSeparator] (main) ############################################################################
Test passed: testAvroConfluentForMultipleTopics
]]></system-out>
  </testcase>
  <testcase name="testFirstRequestFailsRateLimited" classname="io.apicurio.tests.serdes.apicurio.AvroSerdeIT" time="0.947">
    <system-out><![CDATA[2025-07-31 20:42:37,422 INFO  [io.api.tes.uti.TestSeparator] (main) ############################################################################
2025-07-31 20:42:37,422 INFO  [io.api.tes.uti.TestSeparator] (main) io.apicurio.tests.serdes.apicurio.AvroSerdeIT.testFirstRequestFailsRateLimited-STARTED
2025-07-31 20:42:37,912 WARN  [org.ecl.jet.ser.AbstractConnector] (main) Acceptors should be <= availableProcessors: NetworkTrafficServerConnector@192b9e35{HTTP/1.1, (http/1.1, h2c)}{0.0.0.0:0} 
2025-07-31 20:42:38,015 INFO  [org.ecl.jet.ser.Server] (main) jetty-11.0.15; built: 2023-04-11T18:37:53.775Z; git: 5bc5e562c8d05c5862505aebe5cf83a61bdbcb96; jvm 17.0.16+8
2025-07-31 20:42:38,041 INFO  [org.ecl.jet.ser.han.ContextHandler] (main) Started o.e.j.s.ServletContextHandler@2c1e4d9e{/__admin,null,AVAILABLE}
2025-07-31 20:42:38,050 INFO  [org.ecl.jet.ser.han.Con.ROOT] (main) RequestHandlerClass from context returned com.github.tomakehurst.wiremock.http.StubRequestHandler. Normalized mapped under returned 'null'
2025-07-31 20:42:38,051 INFO  [org.ecl.jet.ser.han.ContextHandler] (main) Started o.e.j.s.ServletContextHandler@9628240{/,null,AVAILABLE}
2025-07-31 20:42:38,058 INFO  [org.ecl.jet.ser.AbstractConnector] (main) Started NetworkTrafficServerConnector@192b9e35{HTTP/1.1, (http/1.1, h2c)}{0.0.0.0:32975}
2025-07-31 20:42:38,060 INFO  [org.ecl.jet.ser.Server] (main) Started Server@77e03d01{STARTING}[11.0.15,sto=1000] @70170ms
**** Registry Base URL: http://registry-app-postgresql.apps.ci419.apicurio-testing.org:80
2025-07-31 20:42:38,071 INFO  [org.apa.kaf.cli.pro.ProducerConfig] (main) ProducerConfig values: 
	acks = -1
	auto.include.jmx.reporter = true
	batch.size = 16384
	bootstrap.servers = [PLAINTEXT://localhost:32770]
	buffer.memory = 33554432
	client.dns.lookup = use_all_dns_ips
	client.id = Producer-topic-cd2d0763_7d9e_474f_9098_eabff80bbb47
	compression.gzip.level = -1
	compression.lz4.level = 9
	compression.type = none
	compression.zstd.level = 3
	connections.max.idle.ms = 10000
	delivery.timeout.ms = 120000
	enable.idempotence = true
	enable.metrics.push = true
	interceptor.classes = []
	key.serializer = class org.apache.kafka.common.serialization.StringSerializer
	linger.ms = 0
	max.block.ms = 60000
	max.in.flight.requests.per.connection = 5
	max.request.size = 1048576
	metadata.max.age.ms = 300000
	metadata.max.idle.ms = 300000
	metadata.recovery.strategy = none
	metric.reporters = []
	metrics.num.samples = 2
	metrics.recording.level = INFO
	metrics.sample.window.ms = 30000
	partitioner.adaptive.partitioning.enable = true
	partitioner.availability.timeout.ms = 0
	partitioner.class = null
	partitioner.ignore.keys = false
	receive.buffer.bytes = 32768
	reconnect.backoff.max.ms = 1000
	reconnect.backoff.ms = 50
	request.timeout.ms = 5000
	retries = 2147483647
	retry.backoff.max.ms = 1000
	retry.backoff.ms = 100
	sasl.client.callback.handler.class = null
	sasl.jaas.config = null
	sasl.kerberos.kinit.cmd = /usr/bin/kinit
	sasl.kerberos.min.time.before.relogin = 60000
	sasl.kerberos.service.name = null
	sasl.kerberos.ticket.renew.jitter = 0.05
	sasl.kerberos.ticket.renew.window.factor = 0.8
	sasl.login.callback.handler.class = null
	sasl.login.class = null
	sasl.login.connect.timeout.ms = null
	sasl.login.read.timeout.ms = null
	sasl.login.refresh.buffer.seconds = 300
	sasl.login.refresh.min.period.seconds = 60
	sasl.login.refresh.window.factor = 0.8
	sasl.login.refresh.window.jitter = 0.05
	sasl.login.retry.backoff.max.ms = 10000
	sasl.login.retry.backoff.ms = 100
	sasl.mechanism = GSSAPI
	sasl.oauthbearer.clock.skew.seconds = 30
	sasl.oauthbearer.expected.audience = null
	sasl.oauthbearer.expected.issuer = null
	sasl.oauthbearer.header.urlencode = false
	sasl.oauthbearer.jwks.endpoint.refresh.ms = 3600000
	sasl.oauthbearer.jwks.endpoint.retry.backoff.max.ms = 10000
	sasl.oauthbearer.jwks.endpoint.retry.backoff.ms = 100
	sasl.oauthbearer.jwks.endpoint.url = null
	sasl.oauthbearer.scope.claim.name = scope
	sasl.oauthbearer.sub.claim.name = sub
	sasl.oauthbearer.token.endpoint.url = null
	security.protocol = PLAINTEXT
	security.providers = null
	send.buffer.bytes = 131072
	socket.connection.setup.timeout.max.ms = 30000
	socket.connection.setup.timeout.ms = 10000
	ssl.cipher.suites = null
	ssl.enabled.protocols = [TLSv1.2, TLSv1.3]
	ssl.endpoint.identification.algorithm = https
	ssl.engine.factory.class = null
	ssl.key.password = null
	ssl.keymanager.algorithm = SunX509
	ssl.keystore.certificate.chain = null
	ssl.keystore.key = null
	ssl.keystore.location = null
	ssl.keystore.password = null
	ssl.keystore.type = JKS
	ssl.protocol = TLSv1.3
	ssl.provider = null
	ssl.secure.random.implementation = null
	ssl.trustmanager.algorithm = PKIX
	ssl.truststore.certificates = null
	ssl.truststore.location = null
	ssl.truststore.password = null
	ssl.truststore.type = JKS
	transaction.timeout.ms = 60000
	transactional.id = null
	value.serializer = class io.apicurio.registry.serde.avro.AvroKafkaSerializer

2025-07-31 20:42:38,072 INFO  [org.apa.kaf.com.tel.int.KafkaMetricsCollector] (main) initializing Kafka metrics collector
2025-07-31 20:42:38,077 INFO  [org.apa.kaf.cli.pro.KafkaProducer] (main) [Producer clientId=Producer-topic-cd2d0763_7d9e_474f_9098_eabff80bbb47] Instantiated an idempotent producer.
2025-07-31 20:42:38,080 INFO  [org.apa.kaf.cli.pro.ProducerConfig] (main) These configurations '[apicurio.registry.url, apicurio.registry.artifact-resolver-strategy]' were supplied but are not used yet.
2025-07-31 20:42:38,080 INFO  [org.apa.kaf.com.uti.AppInfoParser] (main) Kafka version: 3.9.1
2025-07-31 20:42:38,080 INFO  [org.apa.kaf.com.uti.AppInfoParser] (main) Kafka commitId: f745dfdcee2b9851
2025-07-31 20:42:38,080 INFO  [org.apa.kaf.com.uti.AppInfoParser] (main) Kafka startTimeMs: 1753994558080
2025-07-31 20:42:38,086 INFO  [io.api.tes.ser.api.KafkaSerdesTester] (Thread-723) Sending message {"keyB": "value-0"} to topic topic-cd2d0763_7d9e_474f_9098_eabff80bbb47
2025-07-31 20:42:38,099 WARN  [org.apa.kaf.cli.NetworkClient] (kafka-producer-network-thread | Producer-topic-cd2d0763_7d9e_474f_9098_eabff80bbb47) [Producer clientId=Producer-topic-cd2d0763_7d9e_474f_9098_eabff80bbb47] The metadata response from the cluster reported a recoverable issue with correlation id 2 : {topic-cd2d0763_7d9e_474f_9098_eabff80bbb47=LEADER_NOT_AVAILABLE}
2025-07-31 20:42:38,099 INFO  [org.apa.kaf.cli.Metadata] (kafka-producer-network-thread | Producer-topic-cd2d0763_7d9e_474f_9098_eabff80bbb47) [Producer clientId=Producer-topic-cd2d0763_7d9e_474f_9098_eabff80bbb47] Cluster ID: 1k_IxQydR42FDqpO2KqWFA
2025-07-31 20:42:38,103 INFO  [org.apa.kaf.cli.pro.int.TransactionManager] (kafka-producer-network-thread | Producer-topic-cd2d0763_7d9e_474f_9098_eabff80bbb47) [Producer clientId=Producer-topic-cd2d0763_7d9e_474f_9098_eabff80bbb47] ProducerId set to 22 with epoch 0
2025-07-31 20:42:38,217 INFO  [DefaultSchemaResolver] (Thread-723) Retrieving schema content using string: {"type":"record","name":"myrecord","namespace":"mygroup","fields":[{"name":"keyB","type":"string"}]}
2025-07-31 20:42:38,351 INFO  [org.apa.kaf.cli.pro.KafkaProducer] (Thread-723) [Producer clientId=Producer-topic-cd2d0763_7d9e_474f_9098_eabff80bbb47] Closing the Kafka producer with timeoutMillis = 9223372036854775807 ms.
2025-07-31 20:42:38,355 INFO  [org.apa.kaf.com.met.Metrics] (Thread-723) Metrics scheduler closed
2025-07-31 20:42:38,355 INFO  [org.apa.kaf.com.met.Metrics] (Thread-723) Closing reporter org.apache.kafka.common.metrics.JmxReporter
2025-07-31 20:42:38,355 INFO  [org.apa.kaf.com.met.Metrics] (Thread-723) Closing reporter org.apache.kafka.common.telemetry.internals.ClientTelemetryReporter
2025-07-31 20:42:38,355 INFO  [org.apa.kaf.com.met.Metrics] (Thread-723) Metrics reporters closed
2025-07-31 20:42:38,355 INFO  [org.apa.kaf.com.uti.AppInfoParser] (Thread-723) App info kafka.producer for Producer-topic-cd2d0763_7d9e_474f_9098_eabff80bbb47 unregistered
2025-07-31 20:42:38,358 INFO  [org.ecl.jet.ser.Server] (main) Stopped Server@77e03d01{STOPPING}[11.0.15,sto=1000]
2025-07-31 20:42:38,358 INFO  [org.ecl.jet.ser.Server] (main) Shutdown Server@77e03d01{STOPPING}[11.0.15,sto=1000]
2025-07-31 20:42:38,365 INFO  [org.ecl.jet.ser.AbstractConnector] (main) Stopped NetworkTrafficServerConnector@192b9e35{HTTP/1.1, (http/1.1, h2c)}{0.0.0.0:0}
2025-07-31 20:42:38,366 INFO  [org.ecl.jet.ser.han.ContextHandler] (main) Stopped o.e.j.s.ServletContextHandler@9628240{/,null,STOPPED}
2025-07-31 20:42:38,366 INFO  [org.ecl.jet.ser.han.ContextHandler] (main) Stopped o.e.j.s.ServletContextHandler@2c1e4d9e{/__admin,null,STOPPED}
2025-07-31 20:42:38,368 INFO  [io.api.tes.uti.TestSeparator] (main) io.apicurio.tests.serdes.apicurio.AvroSerdeIT.testFirstRequestFailsRateLimited-FINISHED
2025-07-31 20:42:38,368 INFO  [io.api.tes.uti.TestSeparator] (main) ############################################################################
Test passed: testFirstRequestFailsRateLimited
]]></system-out>
    <system-err><![CDATA[com.microsoft.kiota.ApiException: the server returned an unexpected status code and no error class is registered for this code 429
	at com.microsoft.kiota.ApiExceptionBuilder.withMessage(ApiExceptionBuilder.java:45)
	at io.kiota.http.vertx.VertXRequestAdapter.throwIfFailedResponse(VertXRequestAdapter.java:370)
	at io.kiota.http.vertx.VertXRequestAdapter.send(VertXRequestAdapter.java:170)
	at io.apicurio.registry.rest.client.search.versions.VersionsRequestBuilder.post(VersionsRequestBuilder.java:94)
	at io.apicurio.registry.resolver.client.RegistryClientFacadeImpl.searchVersionsByContent(RegistryClientFacadeImpl.java:104)
	at io.apicurio.registry.resolver.DefaultSchemaResolver.lambda$handleResolveSchemaByContent$3(DefaultSchemaResolver.java:258)
	at io.apicurio.registry.resolver.cache.ERCache.lambda$getValue$0(ERCache.java:174)
	at io.apicurio.registry.resolver.cache.ERCache.retry(ERCache.java:227)
	at io.apicurio.registry.resolver.cache.ERCache.getValue(ERCache.java:173)
	at io.apicurio.registry.resolver.cache.ERCache.getByContent(ERCache.java:147)
	at io.apicurio.registry.resolver.DefaultSchemaResolver.handleResolveSchemaByContent(DefaultSchemaResolver.java:253)
	at io.apicurio.registry.resolver.DefaultSchemaResolver.getSchemaFromRegistry(DefaultSchemaResolver.java:138)
	at io.apicurio.registry.resolver.DefaultSchemaResolver.lambda$resolveSchema$0(DefaultSchemaResolver.java:84)
	at java.base/java.util.Optional.orElseGet(Optional.java:364)
	at io.apicurio.registry.resolver.DefaultSchemaResolver.resolveSchema(DefaultSchemaResolver.java:84)
	at io.apicurio.registry.serde.AbstractSerializer.serializeData(AbstractSerializer.java:62)
	at io.apicurio.registry.serde.KafkaSerializer.serialize(KafkaSerializer.java:77)
	at org.apache.kafka.clients.producer.KafkaProducer.doSend(KafkaProducer.java:1046)
	at org.apache.kafka.clients.producer.KafkaProducer.send(KafkaProducer.java:993)
	at org.apache.kafka.clients.producer.KafkaProducer.send(KafkaProducer.java:875)
	at io.apicurio.tests.serdes.apicurio.KafkaSerdesTester.lambda$produceMessages$3(KafkaSerdesTester.java:138)
	at java.base/java.util.concurrent.CompletableFuture$AsyncSupply.run(CompletableFuture.java:1768)
	at java.base/java.lang.Thread.run(Thread.java:840)
]]></system-err>
  </testcase>
  <testcase name="testFirstEmptyFieldConfusedAsMagicByte" classname="io.apicurio.tests.serdes.apicurio.AvroSerdeIT" time="1.406">
    <system-out><![CDATA[2025-07-31 20:42:38,370 INFO  [io.api.tes.uti.TestSeparator] (main) ############################################################################
2025-07-31 20:42:38,370 INFO  [io.api.tes.uti.TestSeparator] (main) io.apicurio.tests.serdes.apicurio.AvroSerdeIT.testFirstEmptyFieldConfusedAsMagicByte-STARTED
**** Registry Base URL: http://registry-app-postgresql.apps.ci419.apicurio-testing.org:80
2025-07-31 20:42:38,372 INFO  [org.apa.kaf.cli.pro.ProducerConfig] (main) ProducerConfig values: 
	acks = -1
	auto.include.jmx.reporter = true
	batch.size = 16384
	bootstrap.servers = [PLAINTEXT://localhost:32770]
	buffer.memory = 33554432
	client.dns.lookup = use_all_dns_ips
	client.id = Producer-topic-b2a5bee7_05e4_49fc_b953_5b946b82c6dc
	compression.gzip.level = -1
	compression.lz4.level = 9
	compression.type = none
	compression.zstd.level = 3
	connections.max.idle.ms = 10000
	delivery.timeout.ms = 120000
	enable.idempotence = true
	enable.metrics.push = true
	interceptor.classes = []
	key.serializer = class org.apache.kafka.common.serialization.StringSerializer
	linger.ms = 0
	max.block.ms = 60000
	max.in.flight.requests.per.connection = 5
	max.request.size = 1048576
	metadata.max.age.ms = 300000
	metadata.max.idle.ms = 300000
	metadata.recovery.strategy = none
	metric.reporters = []
	metrics.num.samples = 2
	metrics.recording.level = INFO
	metrics.sample.window.ms = 30000
	partitioner.adaptive.partitioning.enable = true
	partitioner.availability.timeout.ms = 0
	partitioner.class = null
	partitioner.ignore.keys = false
	receive.buffer.bytes = 32768
	reconnect.backoff.max.ms = 1000
	reconnect.backoff.ms = 50
	request.timeout.ms = 5000
	retries = 2147483647
	retry.backoff.max.ms = 1000
	retry.backoff.ms = 100
	sasl.client.callback.handler.class = null
	sasl.jaas.config = null
	sasl.kerberos.kinit.cmd = /usr/bin/kinit
	sasl.kerberos.min.time.before.relogin = 60000
	sasl.kerberos.service.name = null
	sasl.kerberos.ticket.renew.jitter = 0.05
	sasl.kerberos.ticket.renew.window.factor = 0.8
	sasl.login.callback.handler.class = null
	sasl.login.class = null
	sasl.login.connect.timeout.ms = null
	sasl.login.read.timeout.ms = null
	sasl.login.refresh.buffer.seconds = 300
	sasl.login.refresh.min.period.seconds = 60
	sasl.login.refresh.window.factor = 0.8
	sasl.login.refresh.window.jitter = 0.05
	sasl.login.retry.backoff.max.ms = 10000
	sasl.login.retry.backoff.ms = 100
	sasl.mechanism = GSSAPI
	sasl.oauthbearer.clock.skew.seconds = 30
	sasl.oauthbearer.expected.audience = null
	sasl.oauthbearer.expected.issuer = null
	sasl.oauthbearer.header.urlencode = false
	sasl.oauthbearer.jwks.endpoint.refresh.ms = 3600000
	sasl.oauthbearer.jwks.endpoint.retry.backoff.max.ms = 10000
	sasl.oauthbearer.jwks.endpoint.retry.backoff.ms = 100
	sasl.oauthbearer.jwks.endpoint.url = null
	sasl.oauthbearer.scope.claim.name = scope
	sasl.oauthbearer.sub.claim.name = sub
	sasl.oauthbearer.token.endpoint.url = null
	security.protocol = PLAINTEXT
	security.providers = null
	send.buffer.bytes = 131072
	socket.connection.setup.timeout.max.ms = 30000
	socket.connection.setup.timeout.ms = 10000
	ssl.cipher.suites = null
	ssl.enabled.protocols = [TLSv1.2, TLSv1.3]
	ssl.endpoint.identification.algorithm = https
	ssl.engine.factory.class = null
	ssl.key.password = null
	ssl.keymanager.algorithm = SunX509
	ssl.keystore.certificate.chain = null
	ssl.keystore.key = null
	ssl.keystore.location = null
	ssl.keystore.password = null
	ssl.keystore.type = JKS
	ssl.protocol = TLSv1.3
	ssl.provider = null
	ssl.secure.random.implementation = null
	ssl.trustmanager.algorithm = PKIX
	ssl.truststore.certificates = null
	ssl.truststore.location = null
	ssl.truststore.password = null
	ssl.truststore.type = JKS
	transaction.timeout.ms = 60000
	transactional.id = null
	value.serializer = class io.apicurio.registry.serde.avro.AvroKafkaSerializer

2025-07-31 20:42:38,373 INFO  [org.apa.kaf.com.tel.int.KafkaMetricsCollector] (main) initializing Kafka metrics collector
2025-07-31 20:42:38,376 INFO  [org.apa.kaf.cli.pro.KafkaProducer] (main) [Producer clientId=Producer-topic-b2a5bee7_05e4_49fc_b953_5b946b82c6dc] Instantiated an idempotent producer.
2025-07-31 20:42:38,378 INFO  [org.apa.kaf.cli.pro.ProducerConfig] (main) These configurations '[apicurio.registry.url, apicurio.registry.auto-register, apicurio.registry.artifact-resolver-strategy]' were supplied but are not used yet.
2025-07-31 20:42:38,378 INFO  [org.apa.kaf.com.uti.AppInfoParser] (main) Kafka version: 3.9.1
2025-07-31 20:42:38,378 INFO  [org.apa.kaf.com.uti.AppInfoParser] (main) Kafka commitId: f745dfdcee2b9851
2025-07-31 20:42:38,384 INFO  [org.apa.kaf.com.uti.AppInfoParser] (main) Kafka startTimeMs: 1753994558378
2025-07-31 20:42:38,384 INFO  [io.api.tes.ser.api.SimpleSerdesTesterBuilder$SimpleSerdesTester] (main) Using producer configuration: {apicurio.registry.url=http://registry-app-postgresql.apps.ci419.apicurio-testing.org:80/apis/registry/v3, apicurio.registry.auto-register=true, apicurio.registry.artifact-resolver-strategy=io.apicurio.registry.serde.strategy.SimpleTopicIdStrategy, value.serializer=io.apicurio.registry.serde.avro.AvroKafkaSerializer, request.timeout.ms=5000, acks=all, bootstrap.servers=PLAINTEXT://localhost:32770, connections.max.idle.ms=10000, key.serializer=org.apache.kafka.common.serialization.StringSerializer, client.id=Producer-topic-b2a5bee7_05e4_49fc_b953_5b946b82c6dc}
2025-07-31 20:42:38,384 INFO  [io.api.tes.ser.api.SimpleSerdesTesterBuilder$SimpleSerdesTester] (main) Using consumer configuration: {}
2025-07-31 20:42:38,388 INFO  [io.api.tes.ser.api.KafkaSerdesTester] (Thread-726) Sending message {"username": null} to topic topic-b2a5bee7_05e4_49fc_b953_5b946b82c6dc
2025-07-31 20:42:38,411 WARN  [org.apa.kaf.cli.NetworkClient] (kafka-producer-network-thread | Producer-topic-b2a5bee7_05e4_49fc_b953_5b946b82c6dc) [Producer clientId=Producer-topic-b2a5bee7_05e4_49fc_b953_5b946b82c6dc] The metadata response from the cluster reported a recoverable issue with correlation id 2 : {topic-b2a5bee7_05e4_49fc_b953_5b946b82c6dc=LEADER_NOT_AVAILABLE}
2025-07-31 20:42:38,412 INFO  [org.apa.kaf.cli.Metadata] (kafka-producer-network-thread | Producer-topic-b2a5bee7_05e4_49fc_b953_5b946b82c6dc) [Producer clientId=Producer-topic-b2a5bee7_05e4_49fc_b953_5b946b82c6dc] Cluster ID: 1k_IxQydR42FDqpO2KqWFA
2025-07-31 20:42:38,415 INFO  [org.apa.kaf.cli.pro.int.TransactionManager] (kafka-producer-network-thread | Producer-topic-b2a5bee7_05e4_49fc_b953_5b946b82c6dc) [Producer clientId=Producer-topic-b2a5bee7_05e4_49fc_b953_5b946b82c6dc] ProducerId set to 23 with epoch 0
2025-07-31 20:42:38,827 INFO  [io.api.tes.ser.api.KafkaSerdesTester] (Thread-726) Sending message {"username": null} to topic topic-b2a5bee7_05e4_49fc_b953_5b946b82c6dc
2025-07-31 20:42:38,828 INFO  [io.api.tes.ser.api.KafkaSerdesTester] (Thread-726) Sending message {"username": "value-2"} to topic topic-b2a5bee7_05e4_49fc_b953_5b946b82c6dc
2025-07-31 20:42:38,830 INFO  [io.api.tes.ser.api.KafkaSerdesTester] (Thread-726) Sending message {"username": null} to topic topic-b2a5bee7_05e4_49fc_b953_5b946b82c6dc
2025-07-31 20:42:38,831 INFO  [io.api.tes.ser.api.KafkaSerdesTester] (Thread-726) Sending message {"username": "value-4"} to topic topic-b2a5bee7_05e4_49fc_b953_5b946b82c6dc
2025-07-31 20:42:38,832 INFO  [io.api.tes.ser.api.KafkaSerdesTester] (Thread-726) Sending message {"username": null} to topic topic-b2a5bee7_05e4_49fc_b953_5b946b82c6dc
2025-07-31 20:42:38,836 INFO  [io.api.tes.ser.api.KafkaSerdesTester] (Thread-726) Sending message {"username": "value-6"} to topic topic-b2a5bee7_05e4_49fc_b953_5b946b82c6dc
2025-07-31 20:42:38,838 INFO  [io.api.tes.ser.api.KafkaSerdesTester] (Thread-726) Sending message {"username": null} to topic topic-b2a5bee7_05e4_49fc_b953_5b946b82c6dc
2025-07-31 20:42:38,840 INFO  [io.api.tes.ser.api.KafkaSerdesTester] (Thread-726) Sending message {"username": "value-8"} to topic topic-b2a5bee7_05e4_49fc_b953_5b946b82c6dc
2025-07-31 20:42:38,841 INFO  [io.api.tes.ser.api.KafkaSerdesTester] (Thread-726) Sending message {"username": null} to topic topic-b2a5bee7_05e4_49fc_b953_5b946b82c6dc
2025-07-31 20:42:38,842 INFO  [io.api.tes.ser.api.KafkaSerdesTester] (Thread-726) Produced 10 messages
2025-07-31 20:42:38,842 INFO  [org.apa.kaf.cli.pro.KafkaProducer] (Thread-726) [Producer clientId=Producer-topic-b2a5bee7_05e4_49fc_b953_5b946b82c6dc] Closing the Kafka producer with timeoutMillis = 9223372036854775807 ms.
2025-07-31 20:42:38,844 INFO  [org.apa.kaf.com.met.Metrics] (Thread-726) Metrics scheduler closed
2025-07-31 20:42:38,844 INFO  [org.apa.kaf.com.met.Metrics] (Thread-726) Closing reporter org.apache.kafka.common.metrics.JmxReporter
2025-07-31 20:42:38,844 INFO  [org.apa.kaf.com.met.Metrics] (Thread-726) Closing reporter org.apache.kafka.common.telemetry.internals.ClientTelemetryReporter
2025-07-31 20:42:38,844 INFO  [org.apa.kaf.com.met.Metrics] (Thread-726) Metrics reporters closed
2025-07-31 20:42:38,845 INFO  [org.apa.kaf.com.uti.AppInfoParser] (Thread-726) App info kafka.producer for Producer-topic-b2a5bee7_05e4_49fc_b953_5b946b82c6dc unregistered
**** Registry Base URL: http://registry-app-postgresql.apps.ci419.apicurio-testing.org:80
2025-07-31 20:42:39,012 INFO  [org.apa.kaf.cli.con.ConsumerConfig] (main) ConsumerConfig values: 
	allow.auto.create.topics = true
	auto.commit.interval.ms = 500
	auto.include.jmx.reporter = true
	auto.offset.reset = earliest
	bootstrap.servers = [PLAINTEXT://localhost:32770]
	check.crcs = true
	client.dns.lookup = use_all_dns_ips
	client.id = consumer-Consumer-topic-b2a5bee7_05e4_49fc_b953_5b946b82c6dc-17
	client.rack = 
	connections.max.idle.ms = 10000
	default.api.timeout.ms = 60000
	enable.auto.commit = true
	enable.metrics.push = true
	exclude.internal.topics = true
	fetch.max.bytes = 52428800
	fetch.max.wait.ms = 500
	fetch.min.bytes = 1
	group.id = Consumer-topic-b2a5bee7_05e4_49fc_b953_5b946b82c6dc
	group.instance.id = null
	group.protocol = classic
	group.remote.assignor = null
	heartbeat.interval.ms = 3000
	interceptor.classes = []
	internal.leave.group.on.close = true
	internal.throw.on.fetch.stable.offset.unsupported = false
	isolation.level = read_uncommitted
	key.deserializer = class org.apache.kafka.common.serialization.StringDeserializer
	max.partition.fetch.bytes = 1048576
	max.poll.interval.ms = 300000
	max.poll.records = 500
	metadata.max.age.ms = 300000
	metadata.recovery.strategy = none
	metric.reporters = []
	metrics.num.samples = 2
	metrics.recording.level = INFO
	metrics.sample.window.ms = 30000
	partition.assignment.strategy = [class org.apache.kafka.clients.consumer.RangeAssignor, class org.apache.kafka.clients.consumer.CooperativeStickyAssignor]
	receive.buffer.bytes = 65536
	reconnect.backoff.max.ms = 1000
	reconnect.backoff.ms = 50
	request.timeout.ms = 5000
	retry.backoff.max.ms = 1000
	retry.backoff.ms = 100
	sasl.client.callback.handler.class = null
	sasl.jaas.config = null
	sasl.kerberos.kinit.cmd = /usr/bin/kinit
	sasl.kerberos.min.time.before.relogin = 60000
	sasl.kerberos.service.name = null
	sasl.kerberos.ticket.renew.jitter = 0.05
	sasl.kerberos.ticket.renew.window.factor = 0.8
	sasl.login.callback.handler.class = null
	sasl.login.class = null
	sasl.login.connect.timeout.ms = null
	sasl.login.read.timeout.ms = null
	sasl.login.refresh.buffer.seconds = 300
	sasl.login.refresh.min.period.seconds = 60
	sasl.login.refresh.window.factor = 0.8
	sasl.login.refresh.window.jitter = 0.05
	sasl.login.retry.backoff.max.ms = 10000
	sasl.login.retry.backoff.ms = 100
	sasl.mechanism = GSSAPI
	sasl.oauthbearer.clock.skew.seconds = 30
	sasl.oauthbearer.expected.audience = null
	sasl.oauthbearer.expected.issuer = null
	sasl.oauthbearer.header.urlencode = false
	sasl.oauthbearer.jwks.endpoint.refresh.ms = 3600000
	sasl.oauthbearer.jwks.endpoint.retry.backoff.max.ms = 10000
	sasl.oauthbearer.jwks.endpoint.retry.backoff.ms = 100
	sasl.oauthbearer.jwks.endpoint.url = null
	sasl.oauthbearer.scope.claim.name = scope
	sasl.oauthbearer.sub.claim.name = sub
	sasl.oauthbearer.token.endpoint.url = null
	security.protocol = PLAINTEXT
	security.providers = null
	send.buffer.bytes = 131072
	session.timeout.ms = 45000
	socket.connection.setup.timeout.max.ms = 30000
	socket.connection.setup.timeout.ms = 10000
	ssl.cipher.suites = null
	ssl.enabled.protocols = [TLSv1.2, TLSv1.3]
	ssl.endpoint.identification.algorithm = https
	ssl.engine.factory.class = null
	ssl.key.password = null
	ssl.keymanager.algorithm = SunX509
	ssl.keystore.certificate.chain = null
	ssl.keystore.key = null
	ssl.keystore.location = null
	ssl.keystore.password = null
	ssl.keystore.type = JKS
	ssl.protocol = TLSv1.3
	ssl.provider = null
	ssl.secure.random.implementation = null
	ssl.trustmanager.algorithm = PKIX
	ssl.truststore.certificates = null
	ssl.truststore.location = null
	ssl.truststore.password = null
	ssl.truststore.type = JKS
	value.deserializer = class io.apicurio.registry.serde.avro.AvroKafkaDeserializer

2025-07-31 20:42:39,012 INFO  [org.apa.kaf.com.tel.int.KafkaMetricsCollector] (main) initializing Kafka metrics collector
2025-07-31 20:42:39,017 INFO  [org.apa.kaf.cli.con.ConsumerConfig] (main) These configurations '[apicurio.registry.url]' were supplied but are not used yet.
2025-07-31 20:42:39,017 INFO  [org.apa.kaf.com.uti.AppInfoParser] (main) Kafka version: 3.9.1
2025-07-31 20:42:39,017 INFO  [org.apa.kaf.com.uti.AppInfoParser] (main) Kafka commitId: f745dfdcee2b9851
2025-07-31 20:42:39,017 INFO  [org.apa.kaf.com.uti.AppInfoParser] (main) Kafka startTimeMs: 1753994559017
2025-07-31 20:42:39,018 INFO  [org.apa.kaf.cli.con.int.ClassicKafkaConsumer] (Thread-729) [Consumer clientId=consumer-Consumer-topic-b2a5bee7_05e4_49fc_b953_5b946b82c6dc-17, groupId=Consumer-topic-b2a5bee7_05e4_49fc_b953_5b946b82c6dc] Subscribed to topic(s): topic-b2a5bee7_05e4_49fc_b953_5b946b82c6dc
2025-07-31 20:42:39,022 INFO  [org.apa.kaf.cli.Metadata] (Thread-729) [Consumer clientId=consumer-Consumer-topic-b2a5bee7_05e4_49fc_b953_5b946b82c6dc-17, groupId=Consumer-topic-b2a5bee7_05e4_49fc_b953_5b946b82c6dc] Cluster ID: 1k_IxQydR42FDqpO2KqWFA
2025-07-31 20:42:39,022 INFO  [org.apa.kaf.cli.con.int.ConsumerCoordinator] (Thread-729) [Consumer clientId=consumer-Consumer-topic-b2a5bee7_05e4_49fc_b953_5b946b82c6dc-17, groupId=Consumer-topic-b2a5bee7_05e4_49fc_b953_5b946b82c6dc] Discovered group coordinator localhost:32770 (id: 2147483647 rack: null)
2025-07-31 20:42:39,023 INFO  [org.apa.kaf.cli.con.int.ConsumerCoordinator] (Thread-729) [Consumer clientId=consumer-Consumer-topic-b2a5bee7_05e4_49fc_b953_5b946b82c6dc-17, groupId=Consumer-topic-b2a5bee7_05e4_49fc_b953_5b946b82c6dc] (Re-)joining group
2025-07-31 20:42:39,025 INFO  [org.apa.kaf.cli.con.int.ConsumerCoordinator] (Thread-729) [Consumer clientId=consumer-Consumer-topic-b2a5bee7_05e4_49fc_b953_5b946b82c6dc-17, groupId=Consumer-topic-b2a5bee7_05e4_49fc_b953_5b946b82c6dc] Request joining group due to: need to re-join with the given member-id: consumer-Consumer-topic-b2a5bee7_05e4_49fc_b953_5b946b82c6dc-17-f140a519-c7db-433e-932d-a4af1e85bad6
2025-07-31 20:42:39,025 INFO  [org.apa.kaf.cli.con.int.ConsumerCoordinator] (Thread-729) [Consumer clientId=consumer-Consumer-topic-b2a5bee7_05e4_49fc_b953_5b946b82c6dc-17, groupId=Consumer-topic-b2a5bee7_05e4_49fc_b953_5b946b82c6dc] (Re-)joining group
2025-07-31 20:42:39,027 INFO  [org.apa.kaf.cli.con.int.ConsumerCoordinator] (Thread-729) [Consumer clientId=consumer-Consumer-topic-b2a5bee7_05e4_49fc_b953_5b946b82c6dc-17, groupId=Consumer-topic-b2a5bee7_05e4_49fc_b953_5b946b82c6dc] Successfully joined group with generation Generation{generationId=1, memberId='consumer-Consumer-topic-b2a5bee7_05e4_49fc_b953_5b946b82c6dc-17-f140a519-c7db-433e-932d-a4af1e85bad6', protocol='range'}
2025-07-31 20:42:39,028 INFO  [org.apa.kaf.cli.con.int.ConsumerCoordinator] (Thread-729) [Consumer clientId=consumer-Consumer-topic-b2a5bee7_05e4_49fc_b953_5b946b82c6dc-17, groupId=Consumer-topic-b2a5bee7_05e4_49fc_b953_5b946b82c6dc] Finished assignment for group at generation 1: {consumer-Consumer-topic-b2a5bee7_05e4_49fc_b953_5b946b82c6dc-17-f140a519-c7db-433e-932d-a4af1e85bad6=Assignment(partitions=[topic-b2a5bee7_05e4_49fc_b953_5b946b82c6dc-0])}
2025-07-31 20:42:39,030 INFO  [org.apa.kaf.cli.con.int.ConsumerCoordinator] (kafka-coordinator-heartbeat-thread | Consumer-topic-b2a5bee7_05e4_49fc_b953_5b946b82c6dc) [Consumer clientId=consumer-Consumer-topic-b2a5bee7_05e4_49fc_b953_5b946b82c6dc-17, groupId=Consumer-topic-b2a5bee7_05e4_49fc_b953_5b946b82c6dc] Successfully synced group in generation Generation{generationId=1, memberId='consumer-Consumer-topic-b2a5bee7_05e4_49fc_b953_5b946b82c6dc-17-f140a519-c7db-433e-932d-a4af1e85bad6', protocol='range'}
2025-07-31 20:42:39,030 INFO  [org.apa.kaf.cli.con.int.ConsumerCoordinator] (Thread-729) [Consumer clientId=consumer-Consumer-topic-b2a5bee7_05e4_49fc_b953_5b946b82c6dc-17, groupId=Consumer-topic-b2a5bee7_05e4_49fc_b953_5b946b82c6dc] Notifying assignor about the new Assignment(partitions=[topic-b2a5bee7_05e4_49fc_b953_5b946b82c6dc-0])
2025-07-31 20:42:39,030 INFO  [org.apa.kaf.cli.con.int.ConsumerRebalanceListenerInvoker] (Thread-729) [Consumer clientId=consumer-Consumer-topic-b2a5bee7_05e4_49fc_b953_5b946b82c6dc-17, groupId=Consumer-topic-b2a5bee7_05e4_49fc_b953_5b946b82c6dc] Adding newly assigned partitions: topic-b2a5bee7_05e4_49fc_b953_5b946b82c6dc-0
2025-07-31 20:42:39,031 INFO  [org.apa.kaf.cli.con.int.ConsumerCoordinator] (Thread-729) [Consumer clientId=consumer-Consumer-topic-b2a5bee7_05e4_49fc_b953_5b946b82c6dc-17, groupId=Consumer-topic-b2a5bee7_05e4_49fc_b953_5b946b82c6dc] Found no committed offset for partition topic-b2a5bee7_05e4_49fc_b953_5b946b82c6dc-0
2025-07-31 20:42:39,036 INFO  [org.apa.kaf.cli.con.int.SubscriptionState] (Thread-729) [Consumer clientId=consumer-Consumer-topic-b2a5bee7_05e4_49fc_b953_5b946b82c6dc-17, groupId=Consumer-topic-b2a5bee7_05e4_49fc_b953_5b946b82c6dc] Resetting offset for partition topic-b2a5bee7_05e4_49fc_b953_5b946b82c6dc-0 to position FetchPosition{offset=0, offsetEpoch=Optional.empty, currentLeader=LeaderAndEpoch{leader=Optional[localhost:32770 (id: 0 rack: null)], epoch=0}}.
2025-07-31 20:42:39,270 INFO  [io.api.tes.ser.api.KafkaSerdesTester] (Thread-729) topic-b2a5bee7_05e4_49fc_b953_5b946b82c6dc 0 0 {"username": null}
2025-07-31 20:42:39,270 INFO  [io.api.tes.ser.api.KafkaSerdesTester] (Thread-729) topic-b2a5bee7_05e4_49fc_b953_5b946b82c6dc 0 1 {"username": null}
2025-07-31 20:42:39,270 INFO  [io.api.tes.ser.api.KafkaSerdesTester] (Thread-729) topic-b2a5bee7_05e4_49fc_b953_5b946b82c6dc 0 2 {"username": "value-2"}
2025-07-31 20:42:39,270 INFO  [io.api.tes.ser.api.KafkaSerdesTester] (Thread-729) topic-b2a5bee7_05e4_49fc_b953_5b946b82c6dc 0 3 {"username": null}
2025-07-31 20:42:39,271 INFO  [io.api.tes.ser.api.KafkaSerdesTester] (Thread-729) topic-b2a5bee7_05e4_49fc_b953_5b946b82c6dc 0 4 {"username": "value-4"}
2025-07-31 20:42:39,271 INFO  [io.api.tes.ser.api.KafkaSerdesTester] (Thread-729) topic-b2a5bee7_05e4_49fc_b953_5b946b82c6dc 0 5 {"username": null}
2025-07-31 20:42:39,271 INFO  [io.api.tes.ser.api.KafkaSerdesTester] (Thread-729) topic-b2a5bee7_05e4_49fc_b953_5b946b82c6dc 0 6 {"username": "value-6"}
2025-07-31 20:42:39,271 INFO  [io.api.tes.ser.api.KafkaSerdesTester] (Thread-729) topic-b2a5bee7_05e4_49fc_b953_5b946b82c6dc 0 7 {"username": null}
2025-07-31 20:42:39,271 INFO  [io.api.tes.ser.api.KafkaSerdesTester] (Thread-729) topic-b2a5bee7_05e4_49fc_b953_5b946b82c6dc 0 8 {"username": "value-8"}
2025-07-31 20:42:39,271 INFO  [io.api.tes.ser.api.KafkaSerdesTester] (Thread-729) topic-b2a5bee7_05e4_49fc_b953_5b946b82c6dc 0 9 {"username": null}
2025-07-31 20:42:39,271 INFO  [io.api.tes.ser.api.KafkaSerdesTester] (Thread-729) Consumed 10 messages
2025-07-31 20:42:39,274 INFO  [org.apa.kaf.cli.con.int.ConsumerRebalanceListenerInvoker] (Thread-729) [Consumer clientId=consumer-Consumer-topic-b2a5bee7_05e4_49fc_b953_5b946b82c6dc-17, groupId=Consumer-topic-b2a5bee7_05e4_49fc_b953_5b946b82c6dc] Revoke previously assigned partitions topic-b2a5bee7_05e4_49fc_b953_5b946b82c6dc-0
2025-07-31 20:42:39,274 INFO  [org.apa.kaf.cli.con.int.ConsumerCoordinator] (Thread-729) [Consumer clientId=consumer-Consumer-topic-b2a5bee7_05e4_49fc_b953_5b946b82c6dc-17, groupId=Consumer-topic-b2a5bee7_05e4_49fc_b953_5b946b82c6dc] Member consumer-Consumer-topic-b2a5bee7_05e4_49fc_b953_5b946b82c6dc-17-f140a519-c7db-433e-932d-a4af1e85bad6 sending LeaveGroup request to coordinator localhost:32770 (id: 2147483647 rack: null) due to the consumer is being closed
2025-07-31 20:42:39,274 INFO  [org.apa.kaf.cli.con.int.ConsumerCoordinator] (Thread-729) [Consumer clientId=consumer-Consumer-topic-b2a5bee7_05e4_49fc_b953_5b946b82c6dc-17, groupId=Consumer-topic-b2a5bee7_05e4_49fc_b953_5b946b82c6dc] Resetting generation and member id due to: consumer pro-actively leaving the group
2025-07-31 20:42:39,274 INFO  [org.apa.kaf.cli.con.int.ConsumerCoordinator] (Thread-729) [Consumer clientId=consumer-Consumer-topic-b2a5bee7_05e4_49fc_b953_5b946b82c6dc-17, groupId=Consumer-topic-b2a5bee7_05e4_49fc_b953_5b946b82c6dc] Request joining group due to: consumer pro-actively leaving the group
2025-07-31 20:42:39,772 INFO  [org.apa.kaf.com.met.Metrics] (Thread-729) Metrics scheduler closed
2025-07-31 20:42:39,773 INFO  [org.apa.kaf.com.met.Metrics] (Thread-729) Closing reporter org.apache.kafka.common.metrics.JmxReporter
2025-07-31 20:42:39,773 INFO  [org.apa.kaf.com.met.Metrics] (Thread-729) Closing reporter org.apache.kafka.common.telemetry.internals.ClientTelemetryReporter
2025-07-31 20:42:39,773 INFO  [org.apa.kaf.com.met.Metrics] (Thread-729) Metrics reporters closed
2025-07-31 20:42:39,774 INFO  [org.apa.kaf.com.uti.AppInfoParser] (Thread-729) App info kafka.consumer for consumer-Consumer-topic-b2a5bee7_05e4_49fc_b953_5b946b82c6dc-17 unregistered
2025-07-31 20:42:39,775 INFO  [io.api.tes.uti.TestSeparator] (main) io.apicurio.tests.serdes.apicurio.AvroSerdeIT.testFirstEmptyFieldConfusedAsMagicByte-FINISHED
2025-07-31 20:42:39,775 INFO  [io.api.tes.uti.TestSeparator] (main) ############################################################################
Test passed: testFirstEmptyFieldConfusedAsMagicByte
]]></system-out>
  </testcase>
  <testcase name="testAvroSerDesFailDifferentSchemaByContent" classname="io.apicurio.tests.serdes.apicurio.AvroSerdeIT" time="1.443">
    <system-out><![CDATA[2025-07-31 20:42:39,777 INFO  [io.api.tes.uti.TestSeparator] (main) ############################################################################
2025-07-31 20:42:39,777 INFO  [io.api.tes.uti.TestSeparator] (main) io.apicurio.tests.serdes.apicurio.AvroSerdeIT.testAvroSerDesFailDifferentSchemaByContent-STARTED
**** Registry Base URL: http://registry-app-postgresql.apps.ci419.apicurio-testing.org:80
2025-07-31 20:42:40,964 INFO  [org.apa.kaf.cli.pro.ProducerConfig] (main) ProducerConfig values: 
	acks = -1
	auto.include.jmx.reporter = true
	batch.size = 16384
	bootstrap.servers = [PLAINTEXT://localhost:32770]
	buffer.memory = 33554432
	client.dns.lookup = use_all_dns_ips
	client.id = Producer-topic-d8022a23_5a21_4a65_95de_b7af27004868
	compression.gzip.level = -1
	compression.lz4.level = 9
	compression.type = none
	compression.zstd.level = 3
	connections.max.idle.ms = 10000
	delivery.timeout.ms = 120000
	enable.idempotence = true
	enable.metrics.push = true
	interceptor.classes = []
	key.serializer = class org.apache.kafka.common.serialization.StringSerializer
	linger.ms = 0
	max.block.ms = 60000
	max.in.flight.requests.per.connection = 5
	max.request.size = 1048576
	metadata.max.age.ms = 300000
	metadata.max.idle.ms = 300000
	metadata.recovery.strategy = none
	metric.reporters = []
	metrics.num.samples = 2
	metrics.recording.level = INFO
	metrics.sample.window.ms = 30000
	partitioner.adaptive.partitioning.enable = true
	partitioner.availability.timeout.ms = 0
	partitioner.class = null
	partitioner.ignore.keys = false
	receive.buffer.bytes = 32768
	reconnect.backoff.max.ms = 1000
	reconnect.backoff.ms = 50
	request.timeout.ms = 5000
	retries = 2147483647
	retry.backoff.max.ms = 1000
	retry.backoff.ms = 100
	sasl.client.callback.handler.class = null
	sasl.jaas.config = null
	sasl.kerberos.kinit.cmd = /usr/bin/kinit
	sasl.kerberos.min.time.before.relogin = 60000
	sasl.kerberos.service.name = null
	sasl.kerberos.ticket.renew.jitter = 0.05
	sasl.kerberos.ticket.renew.window.factor = 0.8
	sasl.login.callback.handler.class = null
	sasl.login.class = null
	sasl.login.connect.timeout.ms = null
	sasl.login.read.timeout.ms = null
	sasl.login.refresh.buffer.seconds = 300
	sasl.login.refresh.min.period.seconds = 60
	sasl.login.refresh.window.factor = 0.8
	sasl.login.refresh.window.jitter = 0.05
	sasl.login.retry.backoff.max.ms = 10000
	sasl.login.retry.backoff.ms = 100
	sasl.mechanism = GSSAPI
	sasl.oauthbearer.clock.skew.seconds = 30
	sasl.oauthbearer.expected.audience = null
	sasl.oauthbearer.expected.issuer = null
	sasl.oauthbearer.header.urlencode = false
	sasl.oauthbearer.jwks.endpoint.refresh.ms = 3600000
	sasl.oauthbearer.jwks.endpoint.retry.backoff.max.ms = 10000
	sasl.oauthbearer.jwks.endpoint.retry.backoff.ms = 100
	sasl.oauthbearer.jwks.endpoint.url = null
	sasl.oauthbearer.scope.claim.name = scope
	sasl.oauthbearer.sub.claim.name = sub
	sasl.oauthbearer.token.endpoint.url = null
	security.protocol = PLAINTEXT
	security.providers = null
	send.buffer.bytes = 131072
	socket.connection.setup.timeout.max.ms = 30000
	socket.connection.setup.timeout.ms = 10000
	ssl.cipher.suites = null
	ssl.enabled.protocols = [TLSv1.2, TLSv1.3]
	ssl.endpoint.identification.algorithm = https
	ssl.engine.factory.class = null
	ssl.key.password = null
	ssl.keymanager.algorithm = SunX509
	ssl.keystore.certificate.chain = null
	ssl.keystore.key = null
	ssl.keystore.location = null
	ssl.keystore.password = null
	ssl.keystore.type = JKS
	ssl.protocol = TLSv1.3
	ssl.provider = null
	ssl.secure.random.implementation = null
	ssl.trustmanager.algorithm = PKIX
	ssl.truststore.certificates = null
	ssl.truststore.location = null
	ssl.truststore.password = null
	ssl.truststore.type = JKS
	transaction.timeout.ms = 60000
	transactional.id = null
	value.serializer = class io.apicurio.registry.serde.avro.AvroKafkaSerializer

2025-07-31 20:42:40,964 INFO  [org.apa.kaf.com.tel.int.KafkaMetricsCollector] (main) initializing Kafka metrics collector
2025-07-31 20:42:40,968 INFO  [org.apa.kaf.cli.pro.KafkaProducer] (main) [Producer clientId=Producer-topic-d8022a23_5a21_4a65_95de_b7af27004868] Instantiated an idempotent producer.
2025-07-31 20:42:40,969 INFO  [org.apa.kaf.cli.pro.ProducerConfig] (main) These configurations '[apicurio.registry.url, apicurio.registry.artifact-resolver-strategy]' were supplied but are not used yet.
2025-07-31 20:42:40,969 INFO  [org.apa.kaf.com.uti.AppInfoParser] (main) Kafka version: 3.9.1
2025-07-31 20:42:40,969 INFO  [org.apa.kaf.com.uti.AppInfoParser] (main) Kafka commitId: f745dfdcee2b9851
2025-07-31 20:42:40,969 INFO  [org.apa.kaf.com.uti.AppInfoParser] (main) Kafka startTimeMs: 1753994560969
2025-07-31 20:42:40,971 INFO  [io.api.tes.ser.api.KafkaSerdesTester] (Thread-732) Sending message {"keyB": "value-0"} to topic topic-d8022a23_5a21_4a65_95de_b7af27004868
2025-07-31 20:42:40,974 INFO  [org.apa.kaf.cli.Metadata] (kafka-producer-network-thread | Producer-topic-d8022a23_5a21_4a65_95de_b7af27004868) [Producer clientId=Producer-topic-d8022a23_5a21_4a65_95de_b7af27004868] Cluster ID: 1k_IxQydR42FDqpO2KqWFA
2025-07-31 20:42:40,974 INFO  [DefaultSchemaResolver] (Thread-732) Retrieving schema content using string: {"type":"record","name":"se4055b6axd814x4bdfx9cf7xa667293f87cf","namespace":"sa31ad668x8a4ax4be3xb35ex113007cd2cfa","fields":[{"name":"keyB","type":"string"}]}
2025-07-31 20:42:40,975 INFO  [org.apa.kaf.cli.pro.int.TransactionManager] (kafka-producer-network-thread | Producer-topic-d8022a23_5a21_4a65_95de_b7af27004868) [Producer clientId=Producer-topic-d8022a23_5a21_4a65_95de_b7af27004868] ProducerId set to 24 with epoch 0
2025-07-31 20:42:41,217 INFO  [org.apa.kaf.cli.pro.KafkaProducer] (Thread-732) [Producer clientId=Producer-topic-d8022a23_5a21_4a65_95de_b7af27004868] Closing the Kafka producer with timeoutMillis = 9223372036854775807 ms.
2025-07-31 20:42:41,218 INFO  [org.apa.kaf.com.met.Metrics] (Thread-732) Metrics scheduler closed
2025-07-31 20:42:41,218 INFO  [org.apa.kaf.com.met.Metrics] (Thread-732) Closing reporter org.apache.kafka.common.metrics.JmxReporter
2025-07-31 20:42:41,218 INFO  [org.apa.kaf.com.met.Metrics] (Thread-732) Closing reporter org.apache.kafka.common.telemetry.internals.ClientTelemetryReporter
2025-07-31 20:42:41,218 INFO  [org.apa.kaf.com.met.Metrics] (Thread-732) Metrics reporters closed
2025-07-31 20:42:41,218 INFO  [org.apa.kaf.com.uti.AppInfoParser] (Thread-732) App info kafka.producer for Producer-topic-d8022a23_5a21_4a65_95de_b7af27004868 unregistered
2025-07-31 20:42:41,219 INFO  [io.api.tes.uti.TestSeparator] (main) io.apicurio.tests.serdes.apicurio.AvroSerdeIT.testAvroSerDesFailDifferentSchemaByContent-FINISHED
2025-07-31 20:42:41,219 INFO  [io.api.tes.uti.TestSeparator] (main) ############################################################################
Test passed: testAvroSerDesFailDifferentSchemaByContent
]]></system-out>
    <system-err><![CDATA[java.lang.RuntimeException: Could not resolve artifact reference by content: {"type":"record","name":"se4055b6axd814x4bdfx9cf7xa667293f87cf","namespace":"sa31ad668x8a4ax4be3xb35ex113007cd2cfa","fields":[{"name":"keyB","type":"string"}]}&ArtifactReference [groupId=sa31ad668x8a4ax4be3xb35ex113007cd2cfa, artifactId=se4055b6axd814x4bdfx9cf7xa667293f87cf, version=null, globalId=null, contentId=null, contentHash=null]
	at io.apicurio.registry.resolver.DefaultSchemaResolver.lambda$handleResolveSchemaByContent$3(DefaultSchemaResolver.java:265)
	at io.apicurio.registry.resolver.cache.ERCache.lambda$getValue$0(ERCache.java:174)
	at io.apicurio.registry.resolver.cache.ERCache.retry(ERCache.java:227)
	at io.apicurio.registry.resolver.cache.ERCache.getValue(ERCache.java:173)
	at io.apicurio.registry.resolver.cache.ERCache.getByContent(ERCache.java:147)
	at io.apicurio.registry.resolver.DefaultSchemaResolver.handleResolveSchemaByContent(DefaultSchemaResolver.java:253)
	at io.apicurio.registry.resolver.DefaultSchemaResolver.getSchemaFromRegistry(DefaultSchemaResolver.java:138)
	at io.apicurio.registry.resolver.DefaultSchemaResolver.lambda$resolveSchema$0(DefaultSchemaResolver.java:84)
	at java.base/java.util.Optional.orElseGet(Optional.java:364)
	at io.apicurio.registry.resolver.DefaultSchemaResolver.resolveSchema(DefaultSchemaResolver.java:84)
	at io.apicurio.registry.serde.AbstractSerializer.serializeData(AbstractSerializer.java:62)
	at io.apicurio.registry.serde.KafkaSerializer.serialize(KafkaSerializer.java:77)
	at org.apache.kafka.clients.producer.KafkaProducer.doSend(KafkaProducer.java:1046)
	at org.apache.kafka.clients.producer.KafkaProducer.send(KafkaProducer.java:993)
	at org.apache.kafka.clients.producer.KafkaProducer.send(KafkaProducer.java:875)
	at io.apicurio.tests.serdes.apicurio.KafkaSerdesTester.lambda$produceMessages$3(KafkaSerdesTester.java:138)
	at java.base/java.util.concurrent.CompletableFuture$AsyncSupply.run(CompletableFuture.java:1768)
	at java.base/java.lang.Thread.run(Thread.java:840)
]]></system-err>
  </testcase>
  <testcase name="testGlobalIdInBody" classname="io.apicurio.tests.serdes.apicurio.AvroSerdeIT" time="1.301">
    <system-out><![CDATA[2025-07-31 20:42:41,220 INFO  [io.api.tes.uti.TestSeparator] (main) ############################################################################
2025-07-31 20:42:41,220 INFO  [io.api.tes.uti.TestSeparator] (main) io.apicurio.tests.serdes.apicurio.AvroSerdeIT.testGlobalIdInBody-STARTED
**** Registry Base URL: http://registry-app-postgresql.apps.ci419.apicurio-testing.org:80
2025-07-31 20:42:41,225 INFO  [org.apa.kaf.cli.pro.ProducerConfig] (main) ProducerConfig values: 
	acks = -1
	auto.include.jmx.reporter = true
	batch.size = 16384
	bootstrap.servers = [PLAINTEXT://localhost:32770]
	buffer.memory = 33554432
	client.dns.lookup = use_all_dns_ips
	client.id = Producer-topic-29111578_82dc_47fd_bc49_51365159bdf1
	compression.gzip.level = -1
	compression.lz4.level = 9
	compression.type = none
	compression.zstd.level = 3
	connections.max.idle.ms = 10000
	delivery.timeout.ms = 120000
	enable.idempotence = true
	enable.metrics.push = true
	interceptor.classes = []
	key.serializer = class org.apache.kafka.common.serialization.StringSerializer
	linger.ms = 0
	max.block.ms = 60000
	max.in.flight.requests.per.connection = 5
	max.request.size = 1048576
	metadata.max.age.ms = 300000
	metadata.max.idle.ms = 300000
	metadata.recovery.strategy = none
	metric.reporters = []
	metrics.num.samples = 2
	metrics.recording.level = INFO
	metrics.sample.window.ms = 30000
	partitioner.adaptive.partitioning.enable = true
	partitioner.availability.timeout.ms = 0
	partitioner.class = null
	partitioner.ignore.keys = false
	receive.buffer.bytes = 32768
	reconnect.backoff.max.ms = 1000
	reconnect.backoff.ms = 50
	request.timeout.ms = 5000
	retries = 2147483647
	retry.backoff.max.ms = 1000
	retry.backoff.ms = 100
	sasl.client.callback.handler.class = null
	sasl.jaas.config = null
	sasl.kerberos.kinit.cmd = /usr/bin/kinit
	sasl.kerberos.min.time.before.relogin = 60000
	sasl.kerberos.service.name = null
	sasl.kerberos.ticket.renew.jitter = 0.05
	sasl.kerberos.ticket.renew.window.factor = 0.8
	sasl.login.callback.handler.class = null
	sasl.login.class = null
	sasl.login.connect.timeout.ms = null
	sasl.login.read.timeout.ms = null
	sasl.login.refresh.buffer.seconds = 300
	sasl.login.refresh.min.period.seconds = 60
	sasl.login.refresh.window.factor = 0.8
	sasl.login.refresh.window.jitter = 0.05
	sasl.login.retry.backoff.max.ms = 10000
	sasl.login.retry.backoff.ms = 100
	sasl.mechanism = GSSAPI
	sasl.oauthbearer.clock.skew.seconds = 30
	sasl.oauthbearer.expected.audience = null
	sasl.oauthbearer.expected.issuer = null
	sasl.oauthbearer.header.urlencode = false
	sasl.oauthbearer.jwks.endpoint.refresh.ms = 3600000
	sasl.oauthbearer.jwks.endpoint.retry.backoff.max.ms = 10000
	sasl.oauthbearer.jwks.endpoint.retry.backoff.ms = 100
	sasl.oauthbearer.jwks.endpoint.url = null
	sasl.oauthbearer.scope.claim.name = scope
	sasl.oauthbearer.sub.claim.name = sub
	sasl.oauthbearer.token.endpoint.url = null
	security.protocol = PLAINTEXT
	security.providers = null
	send.buffer.bytes = 131072
	socket.connection.setup.timeout.max.ms = 30000
	socket.connection.setup.timeout.ms = 10000
	ssl.cipher.suites = null
	ssl.enabled.protocols = [TLSv1.2, TLSv1.3]
	ssl.endpoint.identification.algorithm = https
	ssl.engine.factory.class = null
	ssl.key.password = null
	ssl.keymanager.algorithm = SunX509
	ssl.keystore.certificate.chain = null
	ssl.keystore.key = null
	ssl.keystore.location = null
	ssl.keystore.password = null
	ssl.keystore.type = JKS
	ssl.protocol = TLSv1.3
	ssl.provider = null
	ssl.secure.random.implementation = null
	ssl.trustmanager.algorithm = PKIX
	ssl.truststore.certificates = null
	ssl.truststore.location = null
	ssl.truststore.password = null
	ssl.truststore.type = JKS
	transaction.timeout.ms = 60000
	transactional.id = null
	value.serializer = class io.apicurio.registry.serde.avro.AvroKafkaSerializer

2025-07-31 20:42:41,225 INFO  [org.apa.kaf.com.tel.int.KafkaMetricsCollector] (main) initializing Kafka metrics collector
2025-07-31 20:42:41,239 INFO  [org.apa.kaf.cli.pro.KafkaProducer] (main) [Producer clientId=Producer-topic-29111578_82dc_47fd_bc49_51365159bdf1] Instantiated an idempotent producer.
2025-07-31 20:42:41,241 INFO  [org.apa.kaf.cli.pro.ProducerConfig] (main) These configurations '[apicurio.registry.url, apicurio.registry.auto-register, apicurio.registry.use-id, apicurio.registry.artifact-resolver-strategy]' were supplied but are not used yet.
2025-07-31 20:42:41,242 INFO  [org.apa.kaf.com.uti.AppInfoParser] (main) Kafka version: 3.9.1
2025-07-31 20:42:41,242 INFO  [org.apa.kaf.com.uti.AppInfoParser] (main) Kafka commitId: f745dfdcee2b9851
2025-07-31 20:42:41,242 INFO  [org.apa.kaf.com.uti.AppInfoParser] (main) Kafka startTimeMs: 1753994561241
2025-07-31 20:42:41,242 INFO  [io.api.tes.ser.api.SimpleSerdesTesterBuilder$SimpleSerdesTester] (main) Using producer configuration: {apicurio.registry.url=http://registry-app-postgresql.apps.ci419.apicurio-testing.org:80/apis/registry/v3, apicurio.registry.auto-register=true, apicurio.registry.use-id=globalId, apicurio.registry.artifact-resolver-strategy=io.apicurio.registry.serde.strategy.TopicIdStrategy, value.serializer=io.apicurio.registry.serde.avro.AvroKafkaSerializer, request.timeout.ms=5000, acks=all, bootstrap.servers=PLAINTEXT://localhost:32770, connections.max.idle.ms=10000, key.serializer=org.apache.kafka.common.serialization.StringSerializer, client.id=Producer-topic-29111578_82dc_47fd_bc49_51365159bdf1}
2025-07-31 20:42:41,242 INFO  [io.api.tes.ser.api.SimpleSerdesTesterBuilder$SimpleSerdesTester] (main) Using consumer configuration: {apicurio.registry.use-id=globalId}
2025-07-31 20:42:41,244 INFO  [io.api.tes.ser.api.KafkaSerdesTester] (Thread-735) Sending message {"key11753994561221": "value-0"} to topic topic-29111578_82dc_47fd_bc49_51365159bdf1
2025-07-31 20:42:41,265 WARN  [org.apa.kaf.cli.NetworkClient] (kafka-producer-network-thread | Producer-topic-29111578_82dc_47fd_bc49_51365159bdf1) [Producer clientId=Producer-topic-29111578_82dc_47fd_bc49_51365159bdf1] The metadata response from the cluster reported a recoverable issue with correlation id 2 : {topic-29111578_82dc_47fd_bc49_51365159bdf1=LEADER_NOT_AVAILABLE}
2025-07-31 20:42:41,265 INFO  [org.apa.kaf.cli.Metadata] (kafka-producer-network-thread | Producer-topic-29111578_82dc_47fd_bc49_51365159bdf1) [Producer clientId=Producer-topic-29111578_82dc_47fd_bc49_51365159bdf1] Cluster ID: 1k_IxQydR42FDqpO2KqWFA
2025-07-31 20:42:41,265 INFO  [org.apa.kaf.cli.pro.int.TransactionManager] (kafka-producer-network-thread | Producer-topic-29111578_82dc_47fd_bc49_51365159bdf1) [Producer clientId=Producer-topic-29111578_82dc_47fd_bc49_51365159bdf1] ProducerId set to 25 with epoch 0
2025-07-31 20:42:41,549 INFO  [io.api.tes.ser.api.KafkaSerdesTester] (Thread-735) Sending message {"key11753994561221": "value-1"} to topic topic-29111578_82dc_47fd_bc49_51365159bdf1
2025-07-31 20:42:41,551 INFO  [io.api.tes.ser.api.KafkaSerdesTester] (Thread-735) Sending message {"key11753994561221": "value-2"} to topic topic-29111578_82dc_47fd_bc49_51365159bdf1
2025-07-31 20:42:41,552 INFO  [io.api.tes.ser.api.KafkaSerdesTester] (Thread-735) Sending message {"key11753994561221": "value-3"} to topic topic-29111578_82dc_47fd_bc49_51365159bdf1
2025-07-31 20:42:41,553 INFO  [io.api.tes.ser.api.KafkaSerdesTester] (Thread-735) Sending message {"key11753994561221": "value-4"} to topic topic-29111578_82dc_47fd_bc49_51365159bdf1
2025-07-31 20:42:41,556 INFO  [io.api.tes.ser.api.KafkaSerdesTester] (Thread-735) Sending message {"key11753994561221": "value-5"} to topic topic-29111578_82dc_47fd_bc49_51365159bdf1
2025-07-31 20:42:41,563 INFO  [io.api.tes.ser.api.KafkaSerdesTester] (Thread-735) Sending message {"key11753994561221": "value-6"} to topic topic-29111578_82dc_47fd_bc49_51365159bdf1
2025-07-31 20:42:41,566 INFO  [io.api.tes.ser.api.KafkaSerdesTester] (Thread-735) Sending message {"key11753994561221": "value-7"} to topic topic-29111578_82dc_47fd_bc49_51365159bdf1
2025-07-31 20:42:41,568 INFO  [io.api.tes.ser.api.KafkaSerdesTester] (Thread-735) Sending message {"key11753994561221": "value-8"} to topic topic-29111578_82dc_47fd_bc49_51365159bdf1
2025-07-31 20:42:41,573 INFO  [io.api.tes.ser.api.KafkaSerdesTester] (Thread-735) Sending message {"key11753994561221": "value-9"} to topic topic-29111578_82dc_47fd_bc49_51365159bdf1
2025-07-31 20:42:41,575 INFO  [io.api.tes.ser.api.KafkaSerdesTester] (Thread-735) Produced 10 messages
2025-07-31 20:42:41,575 INFO  [org.apa.kaf.cli.pro.KafkaProducer] (Thread-735) [Producer clientId=Producer-topic-29111578_82dc_47fd_bc49_51365159bdf1] Closing the Kafka producer with timeoutMillis = 9223372036854775807 ms.
2025-07-31 20:42:41,579 INFO  [org.apa.kaf.com.met.Metrics] (Thread-735) Metrics scheduler closed
2025-07-31 20:42:41,579 INFO  [org.apa.kaf.com.met.Metrics] (Thread-735) Closing reporter org.apache.kafka.common.metrics.JmxReporter
2025-07-31 20:42:41,579 INFO  [org.apa.kaf.com.met.Metrics] (Thread-735) Closing reporter org.apache.kafka.common.telemetry.internals.ClientTelemetryReporter
2025-07-31 20:42:41,579 INFO  [org.apa.kaf.com.met.Metrics] (Thread-735) Metrics reporters closed
2025-07-31 20:42:41,579 INFO  [org.apa.kaf.com.uti.AppInfoParser] (Thread-735) App info kafka.producer for Producer-topic-29111578_82dc_47fd_bc49_51365159bdf1 unregistered
**** Registry Base URL: http://registry-app-postgresql.apps.ci419.apicurio-testing.org:80
2025-07-31 20:42:41,742 INFO  [org.apa.kaf.cli.con.ConsumerConfig] (main) ConsumerConfig values: 
	allow.auto.create.topics = true
	auto.commit.interval.ms = 500
	auto.include.jmx.reporter = true
	auto.offset.reset = earliest
	bootstrap.servers = [PLAINTEXT://localhost:32770]
	check.crcs = true
	client.dns.lookup = use_all_dns_ips
	client.id = consumer-Consumer-topic-29111578_82dc_47fd_bc49_51365159bdf1-18
	client.rack = 
	connections.max.idle.ms = 10000
	default.api.timeout.ms = 60000
	enable.auto.commit = true
	enable.metrics.push = true
	exclude.internal.topics = true
	fetch.max.bytes = 52428800
	fetch.max.wait.ms = 500
	fetch.min.bytes = 1
	group.id = Consumer-topic-29111578_82dc_47fd_bc49_51365159bdf1
	group.instance.id = null
	group.protocol = classic
	group.remote.assignor = null
	heartbeat.interval.ms = 3000
	interceptor.classes = []
	internal.leave.group.on.close = true
	internal.throw.on.fetch.stable.offset.unsupported = false
	isolation.level = read_uncommitted
	key.deserializer = class org.apache.kafka.common.serialization.StringDeserializer
	max.partition.fetch.bytes = 1048576
	max.poll.interval.ms = 300000
	max.poll.records = 500
	metadata.max.age.ms = 300000
	metadata.recovery.strategy = none
	metric.reporters = []
	metrics.num.samples = 2
	metrics.recording.level = INFO
	metrics.sample.window.ms = 30000
	partition.assignment.strategy = [class org.apache.kafka.clients.consumer.RangeAssignor, class org.apache.kafka.clients.consumer.CooperativeStickyAssignor]
	receive.buffer.bytes = 65536
	reconnect.backoff.max.ms = 1000
	reconnect.backoff.ms = 50
	request.timeout.ms = 5000
	retry.backoff.max.ms = 1000
	retry.backoff.ms = 100
	sasl.client.callback.handler.class = null
	sasl.jaas.config = null
	sasl.kerberos.kinit.cmd = /usr/bin/kinit
	sasl.kerberos.min.time.before.relogin = 60000
	sasl.kerberos.service.name = null
	sasl.kerberos.ticket.renew.jitter = 0.05
	sasl.kerberos.ticket.renew.window.factor = 0.8
	sasl.login.callback.handler.class = null
	sasl.login.class = null
	sasl.login.connect.timeout.ms = null
	sasl.login.read.timeout.ms = null
	sasl.login.refresh.buffer.seconds = 300
	sasl.login.refresh.min.period.seconds = 60
	sasl.login.refresh.window.factor = 0.8
	sasl.login.refresh.window.jitter = 0.05
	sasl.login.retry.backoff.max.ms = 10000
	sasl.login.retry.backoff.ms = 100
	sasl.mechanism = GSSAPI
	sasl.oauthbearer.clock.skew.seconds = 30
	sasl.oauthbearer.expected.audience = null
	sasl.oauthbearer.expected.issuer = null
	sasl.oauthbearer.header.urlencode = false
	sasl.oauthbearer.jwks.endpoint.refresh.ms = 3600000
	sasl.oauthbearer.jwks.endpoint.retry.backoff.max.ms = 10000
	sasl.oauthbearer.jwks.endpoint.retry.backoff.ms = 100
	sasl.oauthbearer.jwks.endpoint.url = null
	sasl.oauthbearer.scope.claim.name = scope
	sasl.oauthbearer.sub.claim.name = sub
	sasl.oauthbearer.token.endpoint.url = null
	security.protocol = PLAINTEXT
	security.providers = null
	send.buffer.bytes = 131072
	session.timeout.ms = 45000
	socket.connection.setup.timeout.max.ms = 30000
	socket.connection.setup.timeout.ms = 10000
	ssl.cipher.suites = null
	ssl.enabled.protocols = [TLSv1.2, TLSv1.3]
	ssl.endpoint.identification.algorithm = https
	ssl.engine.factory.class = null
	ssl.key.password = null
	ssl.keymanager.algorithm = SunX509
	ssl.keystore.certificate.chain = null
	ssl.keystore.key = null
	ssl.keystore.location = null
	ssl.keystore.password = null
	ssl.keystore.type = JKS
	ssl.protocol = TLSv1.3
	ssl.provider = null
	ssl.secure.random.implementation = null
	ssl.trustmanager.algorithm = PKIX
	ssl.truststore.certificates = null
	ssl.truststore.location = null
	ssl.truststore.password = null
	ssl.truststore.type = JKS
	value.deserializer = class io.apicurio.registry.serde.avro.AvroKafkaDeserializer

2025-07-31 20:42:41,743 INFO  [org.apa.kaf.com.tel.int.KafkaMetricsCollector] (main) initializing Kafka metrics collector
2025-07-31 20:42:41,747 INFO  [org.apa.kaf.cli.con.ConsumerConfig] (main) These configurations '[apicurio.registry.url, apicurio.registry.use-id]' were supplied but are not used yet.
2025-07-31 20:42:41,747 INFO  [org.apa.kaf.com.uti.AppInfoParser] (main) Kafka version: 3.9.1
2025-07-31 20:42:41,747 INFO  [org.apa.kaf.com.uti.AppInfoParser] (main) Kafka commitId: f745dfdcee2b9851
2025-07-31 20:42:41,747 INFO  [org.apa.kaf.com.uti.AppInfoParser] (main) Kafka startTimeMs: 1753994561747
2025-07-31 20:42:41,748 INFO  [org.apa.kaf.cli.con.int.ClassicKafkaConsumer] (Thread-738) [Consumer clientId=consumer-Consumer-topic-29111578_82dc_47fd_bc49_51365159bdf1-18, groupId=Consumer-topic-29111578_82dc_47fd_bc49_51365159bdf1] Subscribed to topic(s): topic-29111578_82dc_47fd_bc49_51365159bdf1
2025-07-31 20:42:41,752 INFO  [org.apa.kaf.cli.Metadata] (Thread-738) [Consumer clientId=consumer-Consumer-topic-29111578_82dc_47fd_bc49_51365159bdf1-18, groupId=Consumer-topic-29111578_82dc_47fd_bc49_51365159bdf1] Cluster ID: 1k_IxQydR42FDqpO2KqWFA
2025-07-31 20:42:41,753 INFO  [org.apa.kaf.cli.con.int.ConsumerCoordinator] (Thread-738) [Consumer clientId=consumer-Consumer-topic-29111578_82dc_47fd_bc49_51365159bdf1-18, groupId=Consumer-topic-29111578_82dc_47fd_bc49_51365159bdf1] Discovered group coordinator localhost:32770 (id: 2147483647 rack: null)
2025-07-31 20:42:41,756 INFO  [org.apa.kaf.cli.con.int.ConsumerCoordinator] (Thread-738) [Consumer clientId=consumer-Consumer-topic-29111578_82dc_47fd_bc49_51365159bdf1-18, groupId=Consumer-topic-29111578_82dc_47fd_bc49_51365159bdf1] (Re-)joining group
2025-07-31 20:42:41,760 INFO  [org.apa.kaf.cli.con.int.ConsumerCoordinator] (Thread-738) [Consumer clientId=consumer-Consumer-topic-29111578_82dc_47fd_bc49_51365159bdf1-18, groupId=Consumer-topic-29111578_82dc_47fd_bc49_51365159bdf1] Request joining group due to: need to re-join with the given member-id: consumer-Consumer-topic-29111578_82dc_47fd_bc49_51365159bdf1-18-9dc82239-8656-43a4-9ab4-0191202e6054
2025-07-31 20:42:41,760 INFO  [org.apa.kaf.cli.con.int.ConsumerCoordinator] (Thread-738) [Consumer clientId=consumer-Consumer-topic-29111578_82dc_47fd_bc49_51365159bdf1-18, groupId=Consumer-topic-29111578_82dc_47fd_bc49_51365159bdf1] (Re-)joining group
2025-07-31 20:42:41,762 INFO  [org.apa.kaf.cli.con.int.ConsumerCoordinator] (Thread-738) [Consumer clientId=consumer-Consumer-topic-29111578_82dc_47fd_bc49_51365159bdf1-18, groupId=Consumer-topic-29111578_82dc_47fd_bc49_51365159bdf1] Successfully joined group with generation Generation{generationId=1, memberId='consumer-Consumer-topic-29111578_82dc_47fd_bc49_51365159bdf1-18-9dc82239-8656-43a4-9ab4-0191202e6054', protocol='range'}
2025-07-31 20:42:41,762 INFO  [org.apa.kaf.cli.con.int.ConsumerCoordinator] (Thread-738) [Consumer clientId=consumer-Consumer-topic-29111578_82dc_47fd_bc49_51365159bdf1-18, groupId=Consumer-topic-29111578_82dc_47fd_bc49_51365159bdf1] Finished assignment for group at generation 1: {consumer-Consumer-topic-29111578_82dc_47fd_bc49_51365159bdf1-18-9dc82239-8656-43a4-9ab4-0191202e6054=Assignment(partitions=[topic-29111578_82dc_47fd_bc49_51365159bdf1-0])}
2025-07-31 20:42:41,766 INFO  [org.apa.kaf.cli.con.int.ConsumerCoordinator] (Thread-738) [Consumer clientId=consumer-Consumer-topic-29111578_82dc_47fd_bc49_51365159bdf1-18, groupId=Consumer-topic-29111578_82dc_47fd_bc49_51365159bdf1] Successfully synced group in generation Generation{generationId=1, memberId='consumer-Consumer-topic-29111578_82dc_47fd_bc49_51365159bdf1-18-9dc82239-8656-43a4-9ab4-0191202e6054', protocol='range'}
2025-07-31 20:42:41,766 INFO  [org.apa.kaf.cli.con.int.ConsumerCoordinator] (Thread-738) [Consumer clientId=consumer-Consumer-topic-29111578_82dc_47fd_bc49_51365159bdf1-18, groupId=Consumer-topic-29111578_82dc_47fd_bc49_51365159bdf1] Notifying assignor about the new Assignment(partitions=[topic-29111578_82dc_47fd_bc49_51365159bdf1-0])
2025-07-31 20:42:41,766 INFO  [org.apa.kaf.cli.con.int.ConsumerRebalanceListenerInvoker] (Thread-738) [Consumer clientId=consumer-Consumer-topic-29111578_82dc_47fd_bc49_51365159bdf1-18, groupId=Consumer-topic-29111578_82dc_47fd_bc49_51365159bdf1] Adding newly assigned partitions: topic-29111578_82dc_47fd_bc49_51365159bdf1-0
2025-07-31 20:42:41,767 INFO  [org.apa.kaf.cli.con.int.ConsumerCoordinator] (Thread-738) [Consumer clientId=consumer-Consumer-topic-29111578_82dc_47fd_bc49_51365159bdf1-18, groupId=Consumer-topic-29111578_82dc_47fd_bc49_51365159bdf1] Found no committed offset for partition topic-29111578_82dc_47fd_bc49_51365159bdf1-0
2025-07-31 20:42:41,768 INFO  [org.apa.kaf.cli.con.int.SubscriptionState] (Thread-738) [Consumer clientId=consumer-Consumer-topic-29111578_82dc_47fd_bc49_51365159bdf1-18, groupId=Consumer-topic-29111578_82dc_47fd_bc49_51365159bdf1] Resetting offset for partition topic-29111578_82dc_47fd_bc49_51365159bdf1-0 to position FetchPosition{offset=0, offsetEpoch=Optional.empty, currentLeader=LeaderAndEpoch{leader=Optional[localhost:32770 (id: 0 rack: null)], epoch=0}}.
2025-07-31 20:42:42,012 INFO  [io.api.tes.ser.api.KafkaSerdesTester] (Thread-738) topic-29111578_82dc_47fd_bc49_51365159bdf1 0 0 {"key11753994561221": "value-0"}
2025-07-31 20:42:42,012 INFO  [io.api.tes.ser.api.KafkaSerdesTester] (Thread-738) topic-29111578_82dc_47fd_bc49_51365159bdf1 0 1 {"key11753994561221": "value-1"}
2025-07-31 20:42:42,012 INFO  [io.api.tes.ser.api.KafkaSerdesTester] (Thread-738) topic-29111578_82dc_47fd_bc49_51365159bdf1 0 2 {"key11753994561221": "value-2"}
2025-07-31 20:42:42,012 INFO  [io.api.tes.ser.api.KafkaSerdesTester] (Thread-738) topic-29111578_82dc_47fd_bc49_51365159bdf1 0 3 {"key11753994561221": "value-3"}
2025-07-31 20:42:42,012 INFO  [io.api.tes.ser.api.KafkaSerdesTester] (Thread-738) topic-29111578_82dc_47fd_bc49_51365159bdf1 0 4 {"key11753994561221": "value-4"}
2025-07-31 20:42:42,012 INFO  [io.api.tes.ser.api.KafkaSerdesTester] (Thread-738) topic-29111578_82dc_47fd_bc49_51365159bdf1 0 5 {"key11753994561221": "value-5"}
2025-07-31 20:42:42,012 INFO  [io.api.tes.ser.api.KafkaSerdesTester] (Thread-738) topic-29111578_82dc_47fd_bc49_51365159bdf1 0 6 {"key11753994561221": "value-6"}
2025-07-31 20:42:42,012 INFO  [io.api.tes.ser.api.KafkaSerdesTester] (Thread-738) topic-29111578_82dc_47fd_bc49_51365159bdf1 0 7 {"key11753994561221": "value-7"}
2025-07-31 20:42:42,012 INFO  [io.api.tes.ser.api.KafkaSerdesTester] (Thread-738) topic-29111578_82dc_47fd_bc49_51365159bdf1 0 8 {"key11753994561221": "value-8"}
2025-07-31 20:42:42,012 INFO  [io.api.tes.ser.api.KafkaSerdesTester] (Thread-738) topic-29111578_82dc_47fd_bc49_51365159bdf1 0 9 {"key11753994561221": "value-9"}
2025-07-31 20:42:42,012 INFO  [io.api.tes.ser.api.KafkaSerdesTester] (Thread-738) Consumed 10 messages
2025-07-31 20:42:42,017 INFO  [org.apa.kaf.cli.con.int.ConsumerRebalanceListenerInvoker] (Thread-738) [Consumer clientId=consumer-Consumer-topic-29111578_82dc_47fd_bc49_51365159bdf1-18, groupId=Consumer-topic-29111578_82dc_47fd_bc49_51365159bdf1] Revoke previously assigned partitions topic-29111578_82dc_47fd_bc49_51365159bdf1-0
2025-07-31 20:42:42,017 INFO  [org.apa.kaf.cli.con.int.ConsumerCoordinator] (Thread-738) [Consumer clientId=consumer-Consumer-topic-29111578_82dc_47fd_bc49_51365159bdf1-18, groupId=Consumer-topic-29111578_82dc_47fd_bc49_51365159bdf1] Member consumer-Consumer-topic-29111578_82dc_47fd_bc49_51365159bdf1-18-9dc82239-8656-43a4-9ab4-0191202e6054 sending LeaveGroup request to coordinator localhost:32770 (id: 2147483647 rack: null) due to the consumer is being closed
2025-07-31 20:42:42,018 INFO  [org.apa.kaf.cli.con.int.ConsumerCoordinator] (Thread-738) [Consumer clientId=consumer-Consumer-topic-29111578_82dc_47fd_bc49_51365159bdf1-18, groupId=Consumer-topic-29111578_82dc_47fd_bc49_51365159bdf1] Resetting generation and member id due to: consumer pro-actively leaving the group
2025-07-31 20:42:42,018 INFO  [org.apa.kaf.cli.con.int.ConsumerCoordinator] (Thread-738) [Consumer clientId=consumer-Consumer-topic-29111578_82dc_47fd_bc49_51365159bdf1-18, groupId=Consumer-topic-29111578_82dc_47fd_bc49_51365159bdf1] Request joining group due to: consumer pro-actively leaving the group
2025-07-31 20:42:42,518 INFO  [org.apa.kaf.com.met.Metrics] (Thread-738) Metrics scheduler closed
2025-07-31 20:42:42,518 INFO  [org.apa.kaf.com.met.Metrics] (Thread-738) Closing reporter org.apache.kafka.common.metrics.JmxReporter
2025-07-31 20:42:42,518 INFO  [org.apa.kaf.com.met.Metrics] (Thread-738) Closing reporter org.apache.kafka.common.telemetry.internals.ClientTelemetryReporter
2025-07-31 20:42:42,518 INFO  [org.apa.kaf.com.met.Metrics] (Thread-738) Metrics reporters closed
2025-07-31 20:42:42,520 INFO  [org.apa.kaf.com.uti.AppInfoParser] (Thread-738) App info kafka.consumer for consumer-Consumer-topic-29111578_82dc_47fd_bc49_51365159bdf1-18 unregistered
2025-07-31 20:42:42,520 INFO  [io.api.tes.uti.TestSeparator] (main) io.apicurio.tests.serdes.apicurio.AvroSerdeIT.testGlobalIdInBody-FINISHED
2025-07-31 20:42:42,520 INFO  [io.api.tes.uti.TestSeparator] (main) ############################################################################
Test passed: testGlobalIdInBody
]]></system-out>
  </testcase>
  <testcase name="testProducerUsesGlobalIdConsumerUsesDefault" classname="io.apicurio.tests.serdes.apicurio.AvroSerdeIT" time="0.0">
    <skipped message="void io.apicurio.tests.serdes.apicurio.AvroSerdeIT.testProducerUsesGlobalIdConsumerUsesDefault() throws java.lang.Exception is @Disabled"/>
  </testcase>
</testsuite>