<?xml version="1.0" encoding="UTF-8"?>
<testsuite xmlns:xsi="http://www.w3.org/2001/XMLSchema-instance" xsi:noNamespaceSchemaLocation="https://maven.apache.org/surefire/maven-failsafe-plugin/xsd/failsafe-test-report.xsd" version="3.0.2" name="io.apicurio.tests.serdes.confluent.BasicConfluentSerDesIT" time="12.402" tests="8" errors="0" skipped="0" failures="0">
  <properties>
    <property name="java.specification.version" value="17"/>
    <property name="sun.jnu.encoding" value="UTF-8"/>
    <property name="java.class.path" value="/home/runner/work/apicurio-testing/apicurio-testing/clusters/ci419/namespaces/mysql/tests/integration/apicurio-registry/integration-tests/target/test-classes:/home/runner/work/apicurio-testing/apicurio-testing/clusters/ci419/namespaces/mysql/tests/integration/apicurio-registry/integration-tests/target/apicurio-registry-integration-tests-3.0.9.jar:/home/runner/.m2/repository/io/quarkus/quarkus-junit5/3.15.4/quarkus-junit5-3.15.4.jar:/home/runner/.m2/repository/io/quarkus/quarkus-bootstrap-core/3.15.4/quarkus-bootstrap-core-3.15.4.jar:/home/runner/.m2/repository/io/quarkus/quarkus-classloader-commons/3.15.4/quarkus-classloader-commons-3.15.4.jar:/home/runner/.m2/repository/io/quarkus/quarkus-bootstrap-app-model/3.15.4/quarkus-bootstrap-app-model-3.15.4.jar:/home/runner/.m2/repository/io/smallrye/common/smallrye-common-io/2.6.1/smallrye-common-io-2.6.1.jar:/home/runner/.m2/repository/org/eclipse/sisu/org.eclipse.sisu.inject/0.9.0.M3/org.eclipse.sisu.inject-0.9.0.M3.jar:/home/runner/.m2/repository/io/quarkus/quarkus-test-common/3.15.4/quarkus-test-common-3.15.4.jar:/home/runner/.m2/repository/io/quarkus/quarkus-core-deployment/3.15.4/quarkus-core-deployment-3.15.4.jar:/home/runner/.m2/repository/org/aesh/readline/2.6/readline-2.6.jar:/home/runner/.m2/repository/org/fusesource/jansi/jansi/2.4.0/jansi-2.4.0.jar:/home/runner/.m2/repository/org/aesh/aesh/2.8.2/aesh-2.8.2.jar:/home/runner/.m2/repository/io/quarkus/gizmo/gizmo/1.8.0/gizmo-1.8.0.jar:/home/runner/.m2/repository/org/ow2/asm/asm-util/9.7/asm-util-9.7.jar:/home/runner/.m2/repository/org/ow2/asm/asm-analysis/9.7/asm-analysis-9.7.jar:/home/runner/.m2/repository/org/ow2/asm/asm-commons/9.7/asm-commons-9.7.jar:/home/runner/.m2/repository/org/ow2/asm/asm-tree/9.7/asm-tree-9.7.jar:/home/runner/.m2/repository/io/quarkus/quarkus-hibernate-validator-spi/3.15.4/quarkus-hibernate-validator-spi-3.15.4.jar:/home/runner/.m2/repository/io/quarkus/quarkus-class-change-agent/3.15.4/quarkus-class-change-agent-3.15.4.jar:/home/runner/.m2/repository/io/quarkus/quarkus-devtools-utilities/3.15.4/quarkus-devtools-utilities-3.15.4.jar:/home/runner/.m2/repository/io/quarkus/quarkus-builder/3.15.4/quarkus-builder-3.15.4.jar:/home/runner/.m2/repository/org/graalvm/sdk/nativeimage/23.1.2/nativeimage-23.1.2.jar:/home/runner/.m2/repository/org/graalvm/sdk/word/23.1.2/word-23.1.2.jar:/home/runner/.m2/repository/io/quarkus/quarkus-bootstrap-maven-resolver/3.15.4/quarkus-bootstrap-maven-resolver-3.15.4.jar:/home/runner/.m2/repository/io/smallrye/beanbag/smallrye-beanbag-maven/1.5.2/smallrye-beanbag-maven-1.5.2.jar:/home/runner/.m2/repository/io/smallrye/beanbag/smallrye-beanbag-sisu/1.5.2/smallrye-beanbag-sisu-1.5.2.jar:/home/runner/.m2/repository/io/smallrye/beanbag/smallrye-beanbag/1.5.2/smallrye-beanbag-1.5.2.jar:/home/runner/.m2/repository/javax/inject/javax.inject/1/javax.inject-1.jar:/home/runner/.m2/repository/org/apache/maven/maven-artifact/3.9.8/maven-artifact-3.9.8.jar:/home/runner/.m2/repository/org/apache/maven/maven-builder-support/3.9.8/maven-builder-support-3.9.8.jar:/home/runner/.m2/repository/org/apache/maven/maven-model/3.9.8/maven-model-3.9.8.jar:/home/runner/.m2/repository/org/apache/maven/maven-model-builder/3.9.8/maven-model-builder-3.9.8.jar:/home/runner/.m2/repository/org/apache/maven/maven-repository-metadata/3.9.8/maven-repository-metadata-3.9.8.jar:/home/runner/.m2/repository/org/apache/maven/maven-settings/3.9.8/maven-settings-3.9.8.jar:/home/runner/.m2/repository/org/apache/maven/resolver/maven-resolver-api/1.9.22/maven-resolver-api-1.9.22.jar:/home/runner/.m2/repository/org/apache/maven/resolver/maven-resolver-impl/1.9.22/maven-resolver-impl-1.9.22.jar:/home/runner/.m2/repository/org/apache/maven/resolver/maven-resolver-named-locks/1.9.22/maven-resolver-named-locks-1.9.22.jar:/home/runner/.m2/repository/org/apache/maven/resolver/maven-resolver-spi/1.9.22/maven-resolver-spi-1.9.22.jar:/home/runner/.m2/repository/org/apache/maven/resolver/maven-resolver-util/1.9.22/maven-resolver-util-1.9.22.jar:/home/runner/.m2/repository/org/apache/maven/resolver/maven-resolver-transport-http/1.9.20/maven-resolver-transport-http-1.9.20.jar:/home/runner/.m2/repository/org/apache/maven/wagon/wagon-provider-api/3.5.3/wagon-provider-api-3.5.3.jar:/home/runner/.m2/repository/org/apache/maven/wagon/wagon-http-shared/3.5.3/wagon-http-shared-3.5.3.jar:/home/runner/.m2/repository/org/codehaus/plexus/plexus-interpolation/1.26/plexus-interpolation-1.26.jar:/home/runner/.m2/repository/org/codehaus/plexus/plexus-utils/3.5.1/plexus-utils-3.5.1.jar:/home/runner/.m2/repository/org/codehaus/plexus/plexus-xml/4.0.1/plexus-xml-4.0.1.jar:/home/runner/.m2/repository/org/apache/maven/maven-xml-impl/4.0.0-alpha-5/maven-xml-impl-4.0.0-alpha-5.jar:/home/runner/.m2/repository/org/apache/maven/maven-api-xml/4.0.0-alpha-5/maven-api-xml-4.0.0-alpha-5.jar:/home/runner/.m2/repository/org/apache/maven/maven-api-meta/4.0.0-alpha-5/maven-api-meta-4.0.0-alpha-5.jar:/home/runner/.m2/repository/org/codehaus/plexus/plexus-cipher/2.0/plexus-cipher-2.0.jar:/home/runner/.m2/repository/org/codehaus/plexus/plexus-sec-dispatcher/2.0/plexus-sec-dispatcher-2.0.jar:/home/runner/.m2/repository/org/apache/maven/maven-embedder/3.9.8/maven-embedder-3.9.8.jar:/home/runner/.m2/repository/org/apache/maven/maven-core/3.9.8/maven-core-3.9.8.jar:/home/runner/.m2/repository/org/codehaus/plexus/plexus-component-annotations/2.1.0/plexus-component-annotations-2.1.0.jar:/home/runner/.m2/repository/org/apache/maven/maven-plugin-api/3.9.8/maven-plugin-api-3.9.8.jar:/home/runner/.m2/repository/org/apache/maven/shared/maven-shared-utils/3.4.2/maven-shared-utils-3.4.2.jar:/home/runner/.m2/repository/com/google/inject/guice/5.1.0/guice-5.1.0.jar:/home/runner/.m2/repository/aopalliance/aopalliance/1.0/aopalliance-1.0.jar:/home/runner/.m2/repository/javax/annotation/javax.annotation-api/1.3.2/javax.annotation-api-1.3.2.jar:/home/runner/.m2/repository/org/codehaus/plexus/plexus-classworlds/2.6.0/plexus-classworlds-2.6.0.jar:/home/runner/.m2/repository/commons-cli/commons-cli/1.8.0/commons-cli-1.8.0.jar:/home/runner/.m2/repository/org/eclipse/sisu/org.eclipse.sisu.plexus/0.9.0.M3/org.eclipse.sisu.plexus-0.9.0.M3.jar:/home/runner/.m2/repository/org/apache/maven/maven-settings-builder/3.9.8/maven-settings-builder-3.9.8.jar:/home/runner/.m2/repository/org/apache/maven/maven-resolver-provider/3.9.8/maven-resolver-provider-3.9.8.jar:/home/runner/.m2/repository/org/apache/maven/resolver/maven-resolver-connector-basic/1.9.22/maven-resolver-connector-basic-1.9.22.jar:/home/runner/.m2/repository/org/apache/maven/resolver/maven-resolver-transport-wagon/1.9.22/maven-resolver-transport-wagon-1.9.22.jar:/home/runner/.m2/repository/org/apache/maven/wagon/wagon-http/3.5.3/wagon-http-3.5.3.jar:/home/runner/.m2/repository/org/apache/maven/wagon/wagon-file/3.5.3/wagon-file-3.5.3.jar:/home/runner/.m2/repository/io/quarkus/quarkus-bootstrap-gradle-resolver/3.15.4/quarkus-bootstrap-gradle-resolver-3.15.4.jar:/home/runner/.m2/repository/io/smallrye/jandex/3.2.3/jandex-3.2.3.jar:/home/runner/.m2/repository/org/jboss/logging/commons-logging-jboss-logging/1.0.0.Final/commons-logging-jboss-logging-1.0.0.Final.jar:/home/runner/.m2/repository/io/quarkus/quarkus-junit5-properties/3.15.4/quarkus-junit5-properties-3.15.4.jar:/home/runner/.m2/repository/org/junit/jupiter/junit-jupiter/5.10.3/junit-jupiter-5.10.3.jar:/home/runner/.m2/repository/org/junit/jupiter/junit-jupiter-api/5.10.3/junit-jupiter-api-5.10.3.jar:/home/runner/.m2/repository/org/junit/jupiter/junit-jupiter-params/5.10.3/junit-jupiter-params-5.10.3.jar:/home/runner/.m2/repository/org/junit/jupiter/junit-jupiter-engine/5.10.3/junit-jupiter-engine-5.10.3.jar:/home/runner/.m2/repository/io/quarkus/quarkus-core/3.15.4/quarkus-core-3.15.4.jar:/home/runner/.m2/repository/jakarta/enterprise/jakarta.enterprise.cdi-api/4.1.0/jakarta.enterprise.cdi-api-4.1.0.jar:/home/runner/.m2/repository/jakarta/enterprise/jakarta.enterprise.lang-model/4.1.0/jakarta.enterprise.lang-model-4.1.0.jar:/home/runner/.m2/repository/jakarta/el/jakarta.el-api/5.0.1/jakarta.el-api-5.0.1.jar:/home/runner/.m2/repository/jakarta/interceptor/jakarta.interceptor-api/2.2.0/jakarta.interceptor-api-2.2.0.jar:/home/runner/.m2/repository/jakarta/inject/jakarta.inject-api/2.0.1/jakarta.inject-api-2.0.1.jar:/home/runner/.m2/repository/io/smallrye/common/smallrye-common-os/2.6.1/smallrye-common-os-2.6.1.jar:/home/runner/.m2/repository/io/quarkus/quarkus-ide-launcher/3.15.4/quarkus-ide-launcher-3.15.4.jar:/home/runner/.m2/repository/io/quarkus/quarkus-development-mode-spi/3.15.4/quarkus-development-mode-spi-3.15.4.jar:/home/runner/.m2/repository/io/smallrye/config/smallrye-config/3.9.1/smallrye-config-3.9.1.jar:/home/runner/.m2/repository/io/smallrye/config/smallrye-config-core/3.9.1/smallrye-config-core-3.9.1.jar:/home/runner/.m2/repository/io/smallrye/common/smallrye-common-annotation/2.6.1/smallrye-common-annotation-2.6.1.jar:/home/runner/.m2/repository/io/smallrye/common/smallrye-common-classloader/2.6.1/smallrye-common-classloader-2.6.1.jar:/home/runner/.m2/repository/io/smallrye/config/smallrye-config-common/3.9.1/smallrye-config-common-3.9.1.jar:/home/runner/.m2/repository/org/jboss/logging/jboss-logging/3.6.0.Final/jboss-logging-3.6.0.Final.jar:/home/runner/.m2/repository/org/jboss/logmanager/jboss-logmanager/3.1.1.Final/jboss-logmanager-3.1.1.Final.jar:/home/runner/.m2/repository/io/smallrye/common/smallrye-common-constraint/2.6.1/smallrye-common-constraint-2.6.1.jar:/home/runner/.m2/repository/io/smallrye/common/smallrye-common-cpu/2.6.1/smallrye-common-cpu-2.6.1.jar:/home/runner/.m2/repository/io/smallrye/common/smallrye-common-expression/2.6.1/smallrye-common-expression-2.6.1.jar:/home/runner/.m2/repository/io/smallrye/common/smallrye-common-function/2.6.1/smallrye-common-function-2.6.1.jar:/home/runner/.m2/repository/io/smallrye/common/smallrye-common-net/2.6.1/smallrye-common-net-2.6.1.jar:/home/runner/.m2/repository/io/smallrye/common/smallrye-common-ref/2.6.1/smallrye-common-ref-2.6.1.jar:/home/runner/.m2/repository/jakarta/json/jakarta.json-api/2.1.3/jakarta.json-api-2.1.3.jar:/home/runner/.m2/repository/org/eclipse/parsson/parsson/1.1.7/parsson-1.1.7.jar:/home/runner/.m2/repository/org/jboss/logging/jboss-logging-annotations/3.0.1.Final/jboss-logging-annotations-3.0.1.Final.jar:/home/runner/.m2/repository/org/jboss/threads/jboss-threads/3.6.1.Final/jboss-threads-3.6.1.Final.jar:/home/runner/.m2/repository/org/jboss/slf4j/slf4j-jboss-logmanager/2.0.0.Final/slf4j-jboss-logmanager-2.0.0.Final.jar:/home/runner/.m2/repository/org/wildfly/common/wildfly-common/1.7.0.Final/wildfly-common-1.7.0.Final.jar:/home/runner/.m2/repository/io/quarkus/quarkus-bootstrap-runner/3.15.4/quarkus-bootstrap-runner-3.15.4.jar:/home/runner/.m2/repository/io/github/crac/org-crac/0.1.3/org-crac-0.1.3.jar:/home/runner/.m2/repository/io/quarkus/quarkus-fs-util/0.0.10/quarkus-fs-util-0.0.10.jar:/home/runner/.m2/repository/org/jboss/marshalling/jboss-marshalling/2.2.1.Final/jboss-marshalling-2.2.1.Final.jar:/home/runner/.m2/repository/io/fabric8/kubernetes-client/6.13.5/kubernetes-client-6.13.5.jar:/home/runner/.m2/repository/io/fabric8/kubernetes-client-api/6.13.5/kubernetes-client-api-6.13.5.jar:/home/runner/.m2/repository/io/fabric8/kubernetes-model-core/6.13.5/kubernetes-model-core-6.13.5.jar:/home/runner/.m2/repository/io/fabric8/kubernetes-model-common/6.13.5/kubernetes-model-common-6.13.5.jar:/home/runner/.m2/repository/io/fabric8/kubernetes-model-gatewayapi/6.13.5/kubernetes-model-gatewayapi-6.13.5.jar:/home/runner/.m2/repository/io/fabric8/kubernetes-model-resource/6.13.5/kubernetes-model-resource-6.13.5.jar:/home/runner/.m2/repository/io/fabric8/kubernetes-model-rbac/6.13.5/kubernetes-model-rbac-6.13.5.jar:/home/runner/.m2/repository/io/fabric8/kubernetes-model-admissionregistration/6.13.5/kubernetes-model-admissionregistration-6.13.5.jar:/home/runner/.m2/repository/io/fabric8/kubernetes-model-apps/6.13.5/kubernetes-model-apps-6.13.5.jar:/home/runner/.m2/repository/io/fabric8/kubernetes-model-autoscaling/6.13.5/kubernetes-model-autoscaling-6.13.5.jar:/home/runner/.m2/repository/io/fabric8/kubernetes-model-apiextensions/6.13.5/kubernetes-model-apiextensions-6.13.5.jar:/home/runner/.m2/repository/io/fabric8/kubernetes-model-batch/6.13.5/kubernetes-model-batch-6.13.5.jar:/home/runner/.m2/repository/io/fabric8/kubernetes-model-certificates/6.13.5/kubernetes-model-certificates-6.13.5.jar:/home/runner/.m2/repository/io/fabric8/kubernetes-model-coordination/6.13.5/kubernetes-model-coordination-6.13.5.jar:/home/runner/.m2/repository/io/fabric8/kubernetes-model-discovery/6.13.5/kubernetes-model-discovery-6.13.5.jar:/home/runner/.m2/repository/io/fabric8/kubernetes-model-events/6.13.5/kubernetes-model-events-6.13.5.jar:/home/runner/.m2/repository/io/fabric8/kubernetes-model-extensions/6.13.5/kubernetes-model-extensions-6.13.5.jar:/home/runner/.m2/repository/io/fabric8/kubernetes-model-flowcontrol/6.13.5/kubernetes-model-flowcontrol-6.13.5.jar:/home/runner/.m2/repository/io/fabric8/kubernetes-model-networking/6.13.5/kubernetes-model-networking-6.13.5.jar:/home/runner/.m2/repository/io/fabric8/kubernetes-model-metrics/6.13.5/kubernetes-model-metrics-6.13.5.jar:/home/runner/.m2/repository/io/fabric8/kubernetes-model-policy/6.13.5/kubernetes-model-policy-6.13.5.jar:/home/runner/.m2/repository/io/fabric8/kubernetes-model-scheduling/6.13.5/kubernetes-model-scheduling-6.13.5.jar:/home/runner/.m2/repository/io/fabric8/kubernetes-model-storageclass/6.13.5/kubernetes-model-storageclass-6.13.5.jar:/home/runner/.m2/repository/io/fabric8/kubernetes-model-node/6.13.5/kubernetes-model-node-6.13.5.jar:/home/runner/.m2/repository/org/snakeyaml/snakeyaml-engine/2.7/snakeyaml-engine-2.7.jar:/home/runner/.m2/repository/com/fasterxml/jackson/dataformat/jackson-dataformat-yaml/2.15.2/jackson-dataformat-yaml-2.15.2.jar:/home/runner/.m2/repository/com/fasterxml/jackson/datatype/jackson-datatype-jsr310/2.17.2/jackson-datatype-jsr310-2.17.2.jar:/home/runner/.m2/repository/io/fabric8/zjsonpatch/0.3.0/zjsonpatch-0.3.0.jar:/home/runner/.m2/repository/io/fabric8/kubernetes-httpclient-vertx/6.13.5/kubernetes-httpclient-vertx-6.13.5.jar:/home/runner/.m2/repository/io/vertx/vertx-web-client/4.5.13/vertx-web-client-4.5.13.jar:/home/runner/.m2/repository/io/vertx/vertx-web-common/4.5.13/vertx-web-common-4.5.13.jar:/home/runner/.m2/repository/io/vertx/vertx-auth-common/4.5.13/vertx-auth-common-4.5.13.jar:/home/runner/.m2/repository/io/vertx/vertx-uri-template/4.5.13/vertx-uri-template-4.5.13.jar:/home/runner/.m2/repository/io/fabric8/openshift-client/6.13.5/openshift-client-6.13.5.jar:/home/runner/.m2/repository/io/fabric8/openshift-client-api/6.13.5/openshift-client-api-6.13.5.jar:/home/runner/.m2/repository/io/fabric8/openshift-model/6.13.5/openshift-model-6.13.5.jar:/home/runner/.m2/repository/io/fabric8/openshift-model-clusterautoscaling/6.13.5/openshift-model-clusterautoscaling-6.13.5.jar:/home/runner/.m2/repository/io/fabric8/openshift-model-operator/6.13.5/openshift-model-operator-6.13.5.jar:/home/runner/.m2/repository/io/fabric8/openshift-model-operatorhub/6.13.5/openshift-model-operatorhub-6.13.5.jar:/home/runner/.m2/repository/io/fabric8/openshift-model-machine/6.13.5/openshift-model-machine-6.13.5.jar:/home/runner/.m2/repository/io/fabric8/openshift-model-whereabouts/6.13.5/openshift-model-whereabouts-6.13.5.jar:/home/runner/.m2/repository/io/fabric8/openshift-model-monitoring/6.13.5/openshift-model-monitoring-6.13.5.jar:/home/runner/.m2/repository/io/fabric8/openshift-model-storageversionmigrator/6.13.5/openshift-model-storageversionmigrator-6.13.5.jar:/home/runner/.m2/repository/io/fabric8/openshift-model-tuned/6.13.5/openshift-model-tuned-6.13.5.jar:/home/runner/.m2/repository/io/fabric8/openshift-model-console/6.13.5/openshift-model-console-6.13.5.jar:/home/runner/.m2/repository/io/fabric8/openshift-model-config/6.13.5/openshift-model-config-6.13.5.jar:/home/runner/.m2/repository/io/fabric8/openshift-model-machineconfig/6.13.5/openshift-model-machineconfig-6.13.5.jar:/home/runner/.m2/repository/io/fabric8/openshift-model-miscellaneous/6.13.5/openshift-model-miscellaneous-6.13.5.jar:/home/runner/.m2/repository/io/fabric8/openshift-model-hive/6.13.5/openshift-model-hive-6.13.5.jar:/home/runner/.m2/repository/io/fabric8/openshift-model-installer/6.13.5/openshift-model-installer-6.13.5.jar:/home/runner/.m2/repository/com/github/mifmif/generex/1.0.2/generex-1.0.2.jar:/home/runner/.m2/repository/dk/brics/automaton/automaton/1.11-8/automaton-1.11-8.jar:/home/runner/.m2/repository/org/junit/platform/junit-platform-launcher/1.10.3/junit-platform-launcher-1.10.3.jar:/home/runner/.m2/repository/org/junit/platform/junit-platform-engine/1.10.3/junit-platform-engine-1.10.3.jar:/home/runner/.m2/repository/org/opentest4j/opentest4j/1.3.0/opentest4j-1.3.0.jar:/home/runner/.m2/repository/org/junit/platform/junit-platform-commons/1.10.3/junit-platform-commons-1.10.3.jar:/home/runner/.m2/repository/org/apiguardian/apiguardian-api/1.1.2/apiguardian-api-1.1.2.jar:/home/runner/.m2/repository/jakarta/ws/rs/jakarta.ws.rs-api/3.1.0/jakarta.ws.rs-api-3.1.0.jar:/home/runner/work/apicurio-testing/apicurio-testing/clusters/ci419/namespaces/mysql/tests/integration/apicurio-registry/java-sdk/target/apicurio-registry-java-sdk-3.0.9.jar:/home/runner/.m2/repository/com/microsoft/kiota/microsoft-kiota-abstractions/1.8.4/microsoft-kiota-abstractions-1.8.4.jar:/home/runner/.m2/repository/io/github/std-uritemplate/std-uritemplate/2.0.0/std-uritemplate-2.0.0.jar:/home/runner/.m2/repository/io/kiota/kiota-http-jdk/0.0.21/kiota-http-jdk-0.0.21.jar:/home/runner/.m2/repository/io/kiota/kiota-http-vertx/0.0.21/kiota-http-vertx-0.0.21.jar:/home/runner/.m2/repository/io/kiota/kiota-serialization-jackson/0.0.21/kiota-serialization-jackson-0.0.21.jar:/home/runner/.m2/repository/com/microsoft/kiota/microsoft-kiota-serialization-text/1.8.4/microsoft-kiota-serialization-text-1.8.4.jar:/home/runner/.m2/repository/com/microsoft/kiota/microsoft-kiota-serialization-form/1.8.4/microsoft-kiota-serialization-form-1.8.4.jar:/home/runner/.m2/repository/com/microsoft/kiota/microsoft-kiota-serialization-multipart/1.8.4/microsoft-kiota-serialization-multipart-1.8.4.jar:/home/runner/.m2/repository/jakarta/annotation/jakarta.annotation-api/3.0.0/jakarta.annotation-api-3.0.0.jar:/home/runner/.m2/repository/io/vertx/vertx-auth-oauth2/4.5.13/vertx-auth-oauth2-4.5.13.jar:/home/runner/work/apicurio-testing/apicurio-testing/clusters/ci419/namespaces/mysql/tests/integration/apicurio-registry/java-sdk-v2/target/apicurio-registry-v2-java-sdk-3.0.9.jar:/home/runner/work/apicurio-testing/apicurio-testing/clusters/ci419/namespaces/mysql/tests/integration/apicurio-registry/utils/kafka/target/apicurio-registry-utils-kafka-3.0.9-tests.jar:/home/runner/.m2/repository/org/eclipse/microprofile/config/microprofile-config-api/3.1/microprofile-config-api-3.1.jar:/home/runner/.m2/repository/org/apache/kafka/kafka-clients/3.9.0/kafka-clients-3.9.0.jar:/home/runner/.m2/repository/com/github/luben/zstd-jni/1.5.6-4/zstd-jni-1.5.6-4.jar:/home/runner/.m2/repository/org/lz4/lz4-java/1.8.0/lz4-java-1.8.0.jar:/home/runner/.m2/repository/org/xerial/snappy/snappy-java/1.1.10.5/snappy-java-1.1.10.5.jar:/home/runner/.m2/repository/org/slf4j/slf4j-api/2.0.6/slf4j-api-2.0.6.jar:/home/runner/work/apicurio-testing/apicurio-testing/clusters/ci419/namespaces/mysql/tests/integration/apicurio-registry/utils/tests/target/apicurio-registry-utils-tests-3.0.9.jar:/home/runner/work/apicurio-testing/apicurio-testing/clusters/ci419/namespaces/mysql/tests/integration/apicurio-registry/common/target/apicurio-registry-common-3.0.9.jar:/home/runner/.m2/repository/jakarta/validation/jakarta.validation-api/3.0.2/jakarta.validation-api-3.0.2.jar:/home/runner/.m2/repository/com/github/dasniko/testcontainers-keycloak/3.6.0/testcontainers-keycloak-3.6.0.jar:/home/runner/.m2/repository/org/testcontainers/testcontainers/1.20.1/testcontainers-1.20.1.jar:/home/runner/.m2/repository/org/rnorth/duct-tape/duct-tape/1.0.8/duct-tape-1.0.8.jar:/home/runner/.m2/repository/org/jetbrains/annotations/24.1.0/annotations-24.1.0.jar:/home/runner/.m2/repository/com/github/docker-java/docker-java-transport-zerodep/3.4.0/docker-java-transport-zerodep-3.4.0.jar:/home/runner/.m2/repository/com/github/docker-java/docker-java-transport/3.4.0/docker-java-transport-3.4.0.jar:/home/runner/.m2/repository/net/java/dev/jna/jna/5.8.0/jna-5.8.0.jar:/home/runner/.m2/repository/io/quarkus/quarkus-junit4-mock/3.15.4/quarkus-junit4-mock-3.15.4.jar:/home/runner/.m2/repository/org/jboss/shrinkwrap/shrinkwrap-api/2.0.0-beta-2/shrinkwrap-api-2.0.0-beta-2.jar:/home/runner/.m2/repository/org/jboss/shrinkwrap/shrinkwrap-impl-base/2.0.0-beta-2/shrinkwrap-impl-base-2.0.0-beta-2.jar:/home/runner/.m2/repository/org/jboss/shrinkwrap/shrinkwrap-spi/2.0.0-beta-2/shrinkwrap-spi-2.0.0-beta-2.jar:/home/runner/.m2/repository/org/keycloak/keycloak-admin-client/25.0.6/keycloak-admin-client-25.0.6.jar:/home/runner/.m2/repository/org/keycloak/keycloak-core/25.0.6/keycloak-core-25.0.6.jar:/home/runner/.m2/repository/org/keycloak/keycloak-common/25.0.6/keycloak-common-25.0.6.jar:/home/runner/.m2/repository/org/jboss/resteasy/resteasy-client/6.2.9.Final/resteasy-client-6.2.9.Final.jar:/home/runner/.m2/repository/org/jboss/resteasy/resteasy-client-api/6.2.9.Final/resteasy-client-api-6.2.9.Final.jar:/home/runner/.m2/repository/org/jboss/resteasy/resteasy-core-spi/6.2.9.Final/resteasy-core-spi-6.2.9.Final.jar:/home/runner/.m2/repository/org/jboss/resteasy/resteasy-core/6.2.9.Final/resteasy-core-6.2.9.Final.jar:/home/runner/.m2/repository/org/eclipse/angus/angus-activation/2.0.2/angus-activation-2.0.2.jar:/home/runner/.m2/repository/com/ibm/async/asyncutil/0.1.0/asyncutil-0.1.0.jar:/home/runner/.m2/repository/org/reactivestreams/reactive-streams/1.0.4/reactive-streams-1.0.4.jar:/home/runner/.m2/repository/org/jboss/resteasy/resteasy-multipart-provider/6.2.9.Final/resteasy-multipart-provider-6.2.9.Final.jar:/home/runner/.m2/repository/jakarta/mail/jakarta.mail-api/2.1.2/jakarta.mail-api-2.1.2.jar:/home/runner/.m2/repository/org/eclipse/angus/angus-mail/2.0.3/angus-mail-2.0.3.jar:/home/runner/.m2/repository/org/apache/james/apache-mime4j-dom/0.8.11/apache-mime4j-dom-0.8.11.jar:/home/runner/.m2/repository/org/apache/james/apache-mime4j-core/0.8.11/apache-mime4j-core-0.8.11.jar:/home/runner/.m2/repository/org/apache/james/apache-mime4j-storage/0.8.11/apache-mime4j-storage-0.8.11.jar:/home/runner/.m2/repository/org/jboss/resteasy/resteasy-jackson2-provider/6.2.9.Final/resteasy-jackson2-provider-6.2.9.Final.jar:/home/runner/.m2/repository/com/fasterxml/jackson/jakarta/rs/jackson-jakarta-rs-base/2.17.2/jackson-jakarta-rs-base-2.17.2.jar:/home/runner/.m2/repository/com/fasterxml/jackson/jakarta/rs/jackson-jakarta-rs-json-provider/2.17.2/jackson-jakarta-rs-json-provider-2.17.2.jar:/home/runner/.m2/repository/com/fasterxml/jackson/module/jackson-module-jakarta-xmlbind-annotations/2.17.2/jackson-module-jakarta-xmlbind-annotations-2.17.2.jar:/home/runner/.m2/repository/com/github/java-json-tools/json-patch/1.13/json-patch-1.13.jar:/home/runner/.m2/repository/com/github/java-json-tools/msg-simple/1.2/msg-simple-1.2.jar:/home/runner/.m2/repository/com/github/java-json-tools/btf/1.3/btf-1.3.jar:/home/runner/.m2/repository/com/github/java-json-tools/jackson-coreutils/2.0/jackson-coreutils-2.0.jar:/home/runner/.m2/repository/org/jboss/resteasy/resteasy-jaxb-provider/6.2.9.Final/resteasy-jaxb-provider-6.2.9.Final.jar:/home/runner/.m2/repository/org/glassfish/jaxb/codemodel/4.0.3/codemodel-4.0.3.jar:/home/runner/.m2/repository/org/glassfish/jaxb/jaxb-core/4.0.5/jaxb-core-4.0.5.jar:/home/runner/.m2/repository/org/glassfish/jaxb/jaxb-jxc/4.0.3/jaxb-jxc-4.0.3.jar:/home/runner/.m2/repository/org/glassfish/jaxb/jaxb-runtime/4.0.5/jaxb-runtime-4.0.5.jar:/home/runner/.m2/repository/org/glassfish/jaxb/txw2/4.0.5/txw2-4.0.5.jar:/home/runner/.m2/repository/org/glassfish/jaxb/jaxb-xjc/4.0.3/jaxb-xjc-4.0.3.jar:/home/runner/.m2/repository/org/glassfish/jaxb/xsom/4.0.3/xsom-4.0.3.jar:/home/runner/.m2/repository/com/sun/istack/istack-commons-runtime/4.1.2/istack-commons-runtime-4.1.2.jar:/home/runner/.m2/repository/com/sun/istack/istack-commons-tools/4.1.2/istack-commons-tools-4.1.2.jar:/home/runner/.m2/repository/com/sun/xml/bind/external/relaxng-datatype/4.0.3/relaxng-datatype-4.0.3.jar:/home/runner/.m2/repository/com/sun/xml/bind/external/rngom/4.0.3/rngom-4.0.3.jar:/home/runner/.m2/repository/org/testcontainers/mssqlserver/1.20.1/mssqlserver-1.20.1.jar:/home/runner/.m2/repository/org/testcontainers/jdbc/1.20.1/jdbc-1.20.1.jar:/home/runner/.m2/repository/org/testcontainers/database-commons/1.20.1/database-commons-1.20.1.jar:/home/runner/.m2/repository/org/testcontainers/mysql/1.20.1/mysql-1.20.1.jar:/home/runner/.m2/repository/io/strimzi/strimzi-test-container/0.107.0/strimzi-test-container-0.107.0.jar:/home/runner/.m2/repository/org/testcontainers/toxiproxy/1.20.1/toxiproxy-1.20.1.jar:/home/runner/.m2/repository/com/github/docker-java/docker-java-api/3.4.0/docker-java-api-3.4.0.jar:/home/runner/.m2/repository/eu/rekawek/toxiproxy/toxiproxy-java/2.1.7/toxiproxy-java-2.1.7.jar:/home/runner/.m2/repository/junit/junit/4.13.2/junit-4.13.2.jar:/home/runner/.m2/repository/org/hamcrest/hamcrest-core/1.3/hamcrest-core-1.3.jar:/home/runner/.m2/repository/org/testcontainers/pulsar/1.20.4/pulsar-1.20.4.jar:/home/runner/.m2/repository/io/debezium/debezium-testing-testcontainers/2.6.2.Final/debezium-testing-testcontainers-2.6.2.Final.jar:/home/runner/.m2/repository/org/testcontainers/kafka/1.20.1/kafka-1.20.1.jar:/home/runner/.m2/repository/com/squareup/okhttp3/okhttp/4.8.1/okhttp-4.8.1.jar:/home/runner/.m2/repository/com/squareup/okio/okio/3.10.2/okio-3.10.2.jar:/home/runner/.m2/repository/com/squareup/okio/okio-jvm/3.10.2/okio-jvm-3.10.2.jar:/home/runner/.m2/repository/org/jetbrains/kotlin/kotlin-stdlib/2.0.10/kotlin-stdlib-2.0.10.jar:/home/runner/.m2/repository/org/awaitility/awaitility/4.2.2/awaitility-4.2.2.jar:/home/runner/.m2/repository/org/testcontainers/mongodb/1.20.1/mongodb-1.20.1.jar:/home/runner/.m2/repository/org/testcontainers/oracle-xe/1.20.1/oracle-xe-1.20.1.jar:/home/runner/.m2/repository/org/testcontainers/postgresql/1.20.1/postgresql-1.20.1.jar:/home/runner/.m2/repository/org/wiremock/wiremock/3.0.1/wiremock-3.0.1.jar:/home/runner/.m2/repository/org/eclipse/jetty/jetty-server/11.0.15/jetty-server-11.0.15.jar:/home/runner/.m2/repository/org/eclipse/jetty/toolchain/jetty-jakarta-servlet-api/5.0.2/jetty-jakarta-servlet-api-5.0.2.jar:/home/runner/.m2/repository/org/eclipse/jetty/jetty-http/11.0.15/jetty-http-11.0.15.jar:/home/runner/.m2/repository/org/eclipse/jetty/jetty-io/11.0.15/jetty-io-11.0.15.jar:/home/runner/.m2/repository/org/eclipse/jetty/jetty-servlet/11.0.15/jetty-servlet-11.0.15.jar:/home/runner/.m2/repository/org/eclipse/jetty/jetty-security/11.0.15/jetty-security-11.0.15.jar:/home/runner/.m2/repository/org/eclipse/jetty/jetty-servlets/11.0.15/jetty-servlets-11.0.15.jar:/home/runner/.m2/repository/org/eclipse/jetty/jetty-util/11.0.15/jetty-util-11.0.15.jar:/home/runner/.m2/repository/org/eclipse/jetty/jetty-webapp/11.0.15/jetty-webapp-11.0.15.jar:/home/runner/.m2/repository/org/eclipse/jetty/jetty-xml/11.0.15/jetty-xml-11.0.15.jar:/home/runner/.m2/repository/org/eclipse/jetty/jetty-proxy/11.0.15/jetty-proxy-11.0.15.jar:/home/runner/.m2/repository/org/eclipse/jetty/jetty-client/11.0.15/jetty-client-11.0.15.jar:/home/runner/.m2/repository/org/eclipse/jetty/http2/http2-server/11.0.15/http2-server-11.0.15.jar:/home/runner/.m2/repository/org/eclipse/jetty/http2/http2-common/11.0.15/http2-common-11.0.15.jar:/home/runner/.m2/repository/org/eclipse/jetty/http2/http2-hpack/11.0.15/http2-hpack-11.0.15.jar:/home/runner/.m2/repository/org/eclipse/jetty/jetty-alpn-server/11.0.15/jetty-alpn-server-11.0.15.jar:/home/runner/.m2/repository/org/eclipse/jetty/jetty-alpn-java-server/11.0.15/jetty-alpn-java-server-11.0.15.jar:/home/runner/.m2/repository/org/eclipse/jetty/jetty-alpn-java-client/11.0.15/jetty-alpn-java-client-11.0.15.jar:/home/runner/.m2/repository/org/eclipse/jetty/jetty-alpn-client/11.0.15/jetty-alpn-client-11.0.15.jar:/home/runner/.m2/repository/org/apache/httpcomponents/client5/httpclient5/5.2.1/httpclient5-5.2.1.jar:/home/runner/.m2/repository/org/apache/httpcomponents/core5/httpcore5/5.2/httpcore5-5.2.jar:/home/runner/.m2/repository/org/apache/httpcomponents/core5/httpcore5-h2/5.2/httpcore5-h2-5.2.jar:/home/runner/.m2/repository/org/xmlunit/xmlunit-core/2.9.1/xmlunit-core-2.9.1.jar:/home/runner/.m2/repository/jakarta/xml/bind/jakarta.xml.bind-api/4.0.2/jakarta.xml.bind-api-4.0.2.jar:/home/runner/.m2/repository/jakarta/activation/jakarta.activation-api/2.1.3/jakarta.activation-api-2.1.3.jar:/home/runner/.m2/repository/org/xmlunit/xmlunit-legacy/2.9.1/xmlunit-legacy-2.9.1.jar:/home/runner/.m2/repository/org/xmlunit/xmlunit-placeholders/2.9.1/xmlunit-placeholders-2.9.1.jar:/home/runner/.m2/repository/net/javacrumbs/json-unit/json-unit-core/2.38.0/json-unit-core-2.38.0.jar:/home/runner/.m2/repository/com/jayway/jsonpath/json-path/2.8.0/json-path-2.8.0.jar:/home/runner/.m2/repository/net/minidev/json-smart/2.4.10/json-smart-2.4.10.jar:/home/runner/.m2/repository/net/minidev/accessors-smart/2.4.9/accessors-smart-2.4.9.jar:/home/runner/.m2/repository/org/ow2/asm/asm/9.7/asm-9.7.jar:/home/runner/.m2/repository/net/sf/jopt-simple/jopt-simple/5.0.4/jopt-simple-5.0.4.jar:/home/runner/.m2/repository/com/github/jknack/handlebars/4.3.1/handlebars-4.3.1.jar:/home/runner/.m2/repository/com/github/jknack/handlebars-helpers/4.3.1/handlebars-helpers-4.3.1.jar:/home/runner/.m2/repository/commons-fileupload/commons-fileupload/1.5/commons-fileupload-1.5.jar:/home/runner/.m2/repository/com/networknt/json-schema-validator/1.5.5/json-schema-validator-1.5.5.jar:/home/runner/.m2/repository/com/ethlo/time/itu/1.10.3/itu-1.10.3.jar:/home/runner/.m2/repository/io/quarkus/quarkus-smallrye-jwt-build/3.15.4/quarkus-smallrye-jwt-build-3.15.4.jar:/home/runner/.m2/repository/io/smallrye/smallrye-jwt-build/4.5.3/smallrye-jwt-build-4.5.3.jar:/home/runner/.m2/repository/org/eclipse/microprofile/jwt/microprofile-jwt-auth-api/2.1/microprofile-jwt-auth-api-2.1.jar:/home/runner/.m2/repository/org/bitbucket/b_c/jose4j/0.9.6/jose4j-0.9.6.jar:/home/runner/.m2/repository/io/smallrye/smallrye-jwt-common/4.5.3/smallrye-jwt-common-4.5.3.jar:/home/runner/.m2/repository/io/quarkus/quarkus-jsonp/3.15.4/quarkus-jsonp-3.15.4.jar:/home/runner/.m2/repository/io/quarkus/quarkus-arc/3.15.4/quarkus-arc-3.15.4.jar:/home/runner/.m2/repository/io/quarkus/arc/arc/3.15.4/arc-3.15.4.jar:/home/runner/.m2/repository/jakarta/transaction/jakarta.transaction-api/2.0.1/jakarta.transaction-api-2.0.1.jar:/home/runner/.m2/repository/io/smallrye/reactive/mutiny/2.6.2/mutiny-2.6.2.jar:/home/runner/.m2/repository/org/jctools/jctools-core/4.0.5/jctools-core-4.0.5.jar:/home/runner/.m2/repository/org/eclipse/microprofile/context-propagation/microprofile-context-propagation-api/1.3/microprofile-context-propagation-api-1.3.jar:/home/runner/.m2/repository/io/apicurio/apicurio-common-rest-client-common/0.1.18.Final/apicurio-common-rest-client-common-0.1.18.Final.jar:/home/runner/work/apicurio-testing/apicurio-testing/clusters/ci419/namespaces/mysql/tests/integration/apicurio-registry/utils/maven-plugin/target/apicurio-registry-maven-plugin-3.0.9.jar:/home/runner/.m2/repository/com/fasterxml/jackson/core/jackson-databind/2.17.2/jackson-databind-2.17.2.jar:/home/runner/.m2/repository/org/apache/avro/avro/1.12.0/avro-1.12.0.jar:/home/runner/.m2/repository/com/google/protobuf/protobuf-java/3.25.8/protobuf-java-3.25.8.jar:/home/runner/.m2/repository/com/google/protobuf/protobuf-java-util/3.25.8/protobuf-java-util-3.25.8.jar:/home/runner/.m2/repository/com/google/code/findbugs/jsr305/3.0.2/jsr305-3.0.2.jar:/home/runner/.m2/repository/com/google/code/gson/gson/2.11.0/gson-2.11.0.jar:/home/runner/.m2/repository/com/google/errorprone/error_prone_annotations/2.30.0/error_prone_annotations-2.30.0.jar:/home/runner/.m2/repository/com/google/j2objc/j2objc-annotations/2.8/j2objc-annotations-2.8.jar:/home/runner/work/apicurio-testing/apicurio-testing/clusters/ci419/namespaces/mysql/tests/integration/apicurio-registry/schema-util/util-provider/target/apicurio-registry-schema-util-provider-3.0.9.jar:/home/runner/work/apicurio-testing/apicurio-testing/clusters/ci419/namespaces/mysql/tests/integration/apicurio-registry/schema-util/common/target/apicurio-registry-schema-util-common-3.0.9.jar:/home/runner/.m2/repository/com/fasterxml/jackson/module/jackson-module-parameter-names/2.17.2/jackson-module-parameter-names-2.17.2.jar:/home/runner/.m2/repository/com/fasterxml/jackson/datatype/jackson-datatype-json-org/2.18.2/jackson-datatype-json-org-2.18.2.jar:/home/runner/work/apicurio-testing/apicurio-testing/clusters/ci419/namespaces/mysql/tests/integration/apicurio-registry/schema-util/json/target/apicurio-registry-schema-util-json-3.0.9.jar:/home/runner/.m2/repository/com/github/erosb/everit-json-schema/1.14.5/everit-json-schema-1.14.5.jar:/home/runner/.m2/repository/commons-validator/commons-validator/1.9.0/commons-validator-1.9.0.jar:/home/runner/.m2/repository/commons-digester/commons-digester/2.1/commons-digester-2.1.jar:/home/runner/.m2/repository/commons-collections/commons-collections/3.2.2/commons-collections-3.2.2.jar:/home/runner/.m2/repository/com/damnhandy/handy-uri-templates/2.1.8/handy-uri-templates-2.1.8.jar:/home/runner/.m2/repository/joda-time/joda-time/2.10.2/joda-time-2.10.2.jar:/home/runner/.m2/repository/com/github/erosb/json-sKema/0.20.0/json-sKema-0.20.0.jar:/home/runner/.m2/repository/io/vertx/vertx-json-schema/4.5.13/vertx-json-schema-4.5.13.jar:/home/runner/work/apicurio-testing/apicurio-testing/clusters/ci419/namespaces/mysql/tests/integration/apicurio-registry/schema-util/protobuf/target/apicurio-registry-schema-util-protobuf-3.0.9.jar:/home/runner/work/apicurio-testing/apicurio-testing/clusters/ci419/namespaces/mysql/tests/integration/apicurio-registry/utils/protobuf-schema-utilities/target/apicurio-registry-protobuf-schema-utilities-3.0.9.jar:/home/runner/.m2/repository/com/google/api/grpc/proto-google-common-protos/2.52.0/proto-google-common-protos-2.52.0.jar:/home/runner/.m2/repository/com/squareup/wire/wire-schema-jvm/5.1.0/wire-schema-jvm-5.1.0.jar:/home/runner/.m2/repository/com/squareup/javapoet/1.13.0/javapoet-1.13.0.jar:/home/runner/.m2/repository/com/squareup/kotlinpoet-jvm/1.18.1/kotlinpoet-jvm-1.18.1.jar:/home/runner/.m2/repository/org/jetbrains/kotlin/kotlin-reflect/2.0.10/kotlin-reflect-2.0.10.jar:/home/runner/.m2/repository/com/squareup/wire/wire-runtime-jvm/5.1.0/wire-runtime-jvm-5.1.0.jar:/home/runner/.m2/repository/com/ibm/icu/icu4j/76.1/icu4j-76.1.jar:/home/runner/.m2/repository/com/squareup/okio/okio-fakefilesystem/3.10.2/okio-fakefilesystem-3.10.2.jar:/home/runner/.m2/repository/com/squareup/okio/okio-fakefilesystem-jvm/3.10.2/okio-fakefilesystem-jvm-3.10.2.jar:/home/runner/.m2/repository/org/jetbrains/kotlinx/kotlinx-datetime-jvm/0.6.1/kotlinx-datetime-jvm-0.6.1.jar:/home/runner/work/apicurio-testing/apicurio-testing/clusters/ci419/namespaces/mysql/tests/integration/apicurio-registry/schema-util/asyncapi/target/apicurio-registry-schema-util-asyncapi-3.0.9.jar:/home/runner/work/apicurio-testing/apicurio-testing/clusters/ci419/namespaces/mysql/tests/integration/apicurio-registry/schema-util/avro/target/apicurio-registry-schema-util-avro-3.0.9.jar:/home/runner/work/apicurio-testing/apicurio-testing/clusters/ci419/namespaces/mysql/tests/integration/apicurio-registry/schema-util/graphql/target/apicurio-registry-schema-util-graphql-3.0.9.jar:/home/runner/.m2/repository/com/graphql-java/graphql-java/22.3/graphql-java-22.3.jar:/home/runner/.m2/repository/com/graphql-java/java-dataloader/3.3.0/java-dataloader-3.3.0.jar:/home/runner/work/apicurio-testing/apicurio-testing/clusters/ci419/namespaces/mysql/tests/integration/apicurio-registry/schema-util/kconnect/target/apicurio-registry-schema-util-kconnect-3.0.9.jar:/home/runner/work/apicurio-testing/apicurio-testing/clusters/ci419/namespaces/mysql/tests/integration/apicurio-registry/schema-util/openapi/target/apicurio-registry-schema-util-openapi-3.0.9.jar:/home/runner/.m2/repository/io/apicurio/apicurio-data-models/2.2.1/apicurio-data-models-2.2.1.jar:/home/runner/.m2/repository/org/openapitools/openapidiff/openapi-diff-core/2.0.1/openapi-diff-core-2.0.1.jar:/home/runner/.m2/repository/io/swagger/parser/v3/swagger-parser/2.0.28/swagger-parser-2.0.28.jar:/home/runner/.m2/repository/io/swagger/parser/v3/swagger-parser-v2-converter/2.0.28/swagger-parser-v2-converter-2.0.28.jar:/home/runner/.m2/repository/io/swagger/swagger-core/1.6.3/swagger-core-1.6.3.jar:/home/runner/.m2/repository/io/swagger/swagger-models/1.6.3/swagger-models-1.6.3.jar:/home/runner/.m2/repository/io/swagger/swagger-annotations/1.6.3/swagger-annotations-1.6.3.jar:/home/runner/.m2/repository/io/swagger/swagger-parser/1.0.56/swagger-parser-1.0.56.jar:/home/runner/.m2/repository/io/swagger/swagger-compat-spec-parser/1.0.56/swagger-compat-spec-parser-1.0.56.jar:/home/runner/.m2/repository/com/github/java-json-tools/json-schema-validator/2.2.14/json-schema-validator-2.2.14.jar:/home/runner/.m2/repository/com/github/java-json-tools/jackson-coreutils-equivalence/1.0/jackson-coreutils-equivalence-1.0.jar:/home/runner/.m2/repository/com/github/java-json-tools/json-schema-core/1.2.14/json-schema-core-1.2.14.jar:/home/runner/.m2/repository/com/github/java-json-tools/uri-template/0.10/uri-template-0.10.jar:/home/runner/.m2/repository/com/sun/mail/mailapi/1.6.2/mailapi-1.6.2.jar:/home/runner/.m2/repository/com/googlecode/libphonenumber/libphonenumber/8.11.1/libphonenumber-8.11.1.jar:/home/runner/.m2/repository/com/j2html/j2html/1.5.0/j2html-1.5.0.jar:/home/runner/.m2/repository/org/apache/commons/commons-collections4/4.4/commons-collections4-4.4.jar:/home/runner/.m2/repository/commons-httpclient/commons-httpclient/3.1/commons-httpclient-3.1.jar:/home/runner/.m2/repository/io/swagger/parser/v3/swagger-parser-v3/2.1.25/swagger-parser-v3-2.1.25.jar:/home/runner/.m2/repository/io/swagger/core/v3/swagger-models/2.2.28/swagger-models-2.2.28.jar:/home/runner/.m2/repository/io/swagger/core/v3/swagger-core/2.2.28/swagger-core-2.2.28.jar:/home/runner/.m2/repository/io/swagger/parser/v3/swagger-parser-core/2.1.25/swagger-parser-core-2.1.25.jar:/home/runner/.m2/repository/io/swagger/parser/v3/swagger-parser-safe-url-resolver/2.1.25/swagger-parser-safe-url-resolver-2.1.25.jar:/home/runner/work/apicurio-testing/apicurio-testing/clusters/ci419/namespaces/mysql/tests/integration/apicurio-registry/schema-util/wsdl/target/apicurio-registry-schema-util-wsdl-3.0.9.jar:/home/runner/.m2/repository/wsdl4j/wsdl4j/1.6.3/wsdl4j-1.6.3.jar:/home/runner/work/apicurio-testing/apicurio-testing/clusters/ci419/namespaces/mysql/tests/integration/apicurio-registry/schema-util/xml/target/apicurio-registry-schema-util-xml-3.0.9.jar:/home/runner/.m2/repository/org/apache/santuario/xmlsec/4.0.3/xmlsec-4.0.3.jar:/home/runner/.m2/repository/com/fasterxml/woodstox/woodstox-core/7.1.0/woodstox-core-7.1.0.jar:/home/runner/.m2/repository/org/codehaus/woodstox/stax2-api/4.2.2/stax2-api-4.2.2.jar:/home/runner/work/apicurio-testing/apicurio-testing/clusters/ci419/namespaces/mysql/tests/integration/apicurio-registry/schema-util/xsd/target/apicurio-registry-schema-util-xsd-3.0.9.jar:/home/runner/work/apicurio-testing/apicurio-testing/clusters/ci419/namespaces/mysql/tests/integration/apicurio-registry/serdes/kafka/jsonschema-serde/target/apicurio-registry-jsonschema-serde-kafka-3.0.9.jar:/home/runner/work/apicurio-testing/apicurio-testing/clusters/ci419/namespaces/mysql/tests/integration/apicurio-registry/serdes/kafka/serde-kafka-common/target/apicurio-registry-serde-kafka-common-3.0.9.jar:/home/runner/work/apicurio-testing/apicurio-testing/clusters/ci419/namespaces/mysql/tests/integration/apicurio-registry/serdes/generic/serde-common/target/apicurio-registry-serde-common-3.0.9.jar:/home/runner/work/apicurio-testing/apicurio-testing/clusters/ci419/namespaces/mysql/tests/integration/apicurio-registry/schema-resolver/target/apicurio-registry-schema-resolver-3.0.9.jar:/home/runner/work/apicurio-testing/apicurio-testing/clusters/ci419/namespaces/mysql/tests/integration/apicurio-registry/serdes/generic/serde-common-jsonschema/target/apicurio-registry-serde-common-jsonschema-3.0.9.jar:/home/runner/.m2/repository/org/json/json/20250107/json-20250107.jar:/home/runner/work/apicurio-testing/apicurio-testing/clusters/ci419/namespaces/mysql/tests/integration/apicurio-registry/serdes/kafka/avro-serde/target/apicurio-registry-avro-serde-kafka-3.0.9.jar:/home/runner/work/apicurio-testing/apicurio-testing/clusters/ci419/namespaces/mysql/tests/integration/apicurio-registry/serdes/generic/serde-common-avro/target/apicurio-registry-serde-common-avro-3.0.9.jar:/home/runner/work/apicurio-testing/apicurio-testing/clusters/ci419/namespaces/mysql/tests/integration/apicurio-registry/serdes/kafka/protobuf-serde/target/apicurio-registry-protobuf-serde-kafka-3.0.9.jar:/home/runner/work/apicurio-testing/apicurio-testing/clusters/ci419/namespaces/mysql/tests/integration/apicurio-registry/serdes/generic/serde-common-protobuf/target/apicurio-registry-serde-common-protobuf-3.0.9.jar:/home/runner/.m2/repository/com/squareup/wire/wire-schema/5.1.0/wire-schema-5.1.0.jar:/home/runner/.m2/repository/com/squareup/wire/wire-runtime/5.1.0/wire-runtime-5.1.0.jar:/home/runner/work/apicurio-testing/apicurio-testing/clusters/ci419/namespaces/mysql/tests/integration/apicurio-registry/serdes/pulsar/avro-serde/target/apicurio-registry-avro-serde-pulsar-3.0.9.jar:/home/runner/.m2/repository/org/apache/pulsar/pulsar-functions-api/3.3.4/pulsar-functions-api-3.3.4.jar:/home/runner/work/apicurio-testing/apicurio-testing/clusters/ci419/namespaces/mysql/tests/integration/apicurio-registry/serdes/nats/avro-serde/target/apicurio-registry-avro-serde-nats-3.0.9.jar:/home/runner/.m2/repository/io/nats/jnats/2.20.5/jnats-2.20.5.jar:/home/runner/.m2/repository/net/i2p/crypto/eddsa/0.3.0/eddsa-0.3.0.jar:/home/runner/work/apicurio-testing/apicurio-testing/clusters/ci419/namespaces/mysql/tests/integration/apicurio-registry/utils/converter/target/apicurio-registry-utils-converter-3.0.9.jar:/home/runner/.m2/repository/org/apache/kafka/connect-api/3.9.1/connect-api-3.9.1.jar:/home/runner/.m2/repository/javax/ws/rs/javax.ws.rs-api/2.1.1/javax.ws.rs-api-2.1.1.jar:/home/runner/.m2/repository/org/apache/kafka/connect-json/3.9.1/connect-json-3.9.1.jar:/home/runner/.m2/repository/com/fasterxml/jackson/datatype/jackson-datatype-jdk8/2.17.2/jackson-datatype-jdk8-2.17.2.jar:/home/runner/.m2/repository/com/fasterxml/jackson/module/jackson-module-afterburner/2.17.2/jackson-module-afterburner-2.17.2.jar:/home/runner/work/apicurio-testing/apicurio-testing/clusters/ci419/namespaces/mysql/tests/integration/apicurio-registry/utils/kafka/target/apicurio-registry-utils-kafka-3.0.9.jar:/home/runner/.m2/repository/org/apache/pulsar/pulsar-client/3.3.4/pulsar-client-3.3.4.jar:/home/runner/.m2/repository/org/apache/pulsar/pulsar-client-api/3.3.4/pulsar-client-api-3.3.4.jar:/home/runner/.m2/repository/org/apache/pulsar/pulsar-client-admin-api/3.3.4/pulsar-client-admin-api-3.3.4.jar:/home/runner/.m2/repository/org/apache/pulsar/bouncy-castle-bc/3.3.4/bouncy-castle-bc-3.3.4-pkg.jar:/home/runner/.m2/repository/org/bouncycastle/bcpkix-jdk18on/1.78.1/bcpkix-jdk18on-1.78.1.jar:/home/runner/.m2/repository/org/bouncycastle/bcutil-jdk18on/1.78.1/bcutil-jdk18on-1.78.1.jar:/home/runner/.m2/repository/org/bouncycastle/bcprov-jdk18on/1.78.1/bcprov-jdk18on-1.78.1.jar:/home/runner/.m2/repository/io/opentelemetry/opentelemetry-api/1.39.0/opentelemetry-api-1.39.0.jar:/home/runner/.m2/repository/io/opentelemetry/opentelemetry-context/1.39.0/opentelemetry-context-1.39.0.jar:/home/runner/.m2/repository/io/opentelemetry/opentelemetry-api-incubator/1.39.0-alpha/opentelemetry-api-incubator-1.39.0-alpha.jar:/home/runner/.m2/repository/com/fasterxml/jackson/core/jackson-annotations/2.17.2/jackson-annotations-2.17.2.jar:/home/runner/.m2/repository/javax/validation/validation-api/1.1.0.Final/validation-api-1.1.0.Final.jar:/home/runner/.m2/repository/io/confluent/kafka-avro-serializer/7.9.0/kafka-avro-serializer-7.9.0.jar:/home/runner/.m2/repository/org/apache/commons/commons-compress/1.27.0/commons-compress-1.27.0.jar:/home/runner/.m2/repository/io/confluent/kafka-schema-serializer/7.9.0/kafka-schema-serializer-7.9.0.jar:/home/runner/.m2/repository/com/fasterxml/jackson/dataformat/jackson-dataformat-csv/2.17.2/jackson-dataformat-csv-2.17.2.jar:/home/runner/.m2/repository/io/confluent/kafka-schema-registry-client/7.9.0/kafka-schema-registry-client-7.9.0.jar:/home/runner/.m2/repository/org/yaml/snakeyaml/2.2/snakeyaml-2.2.jar:/home/runner/.m2/repository/io/swagger/core/v3/swagger-annotations/2.1.10/swagger-annotations-2.1.10.jar:/home/runner/.m2/repository/com/google/guava/guava/33.2.1-jre/guava-33.2.1-jre.jar:/home/runner/.m2/repository/com/google/guava/failureaccess/1.0.1/failureaccess-1.0.1.jar:/home/runner/.m2/repository/org/checkerframework/checker-qual/3.46.0/checker-qual-3.46.0.jar:/home/runner/.m2/repository/io/confluent/logredactor/1.0.12/logredactor-1.0.12.jar:/home/runner/.m2/repository/com/google/re2j/re2j/1.6/re2j-1.6.jar:/home/runner/.m2/repository/io/confluent/logredactor-metrics/1.0.12/logredactor-metrics-1.0.12.jar:/home/runner/.m2/repository/com/eclipsesource/minimal-json/minimal-json/0.9.5/minimal-json-0.9.5.jar:/home/runner/.m2/repository/io/confluent/common-utils/7.9.0/common-utils-7.9.0.jar:/home/runner/.m2/repository/io/confluent/kafka-connect-avro-converter/7.9.0/kafka-connect-avro-converter-7.9.0.jar:/home/runner/.m2/repository/io/confluent/kafka-connect-avro-data/7.9.0/kafka-connect-avro-data-7.9.0.jar:/home/runner/.m2/repository/io/confluent/kafka-schema-converter/7.9.0/kafka-schema-converter-7.9.0.jar:/home/runner/.m2/repository/io/rest-assured/rest-assured/5.5.0/rest-assured-5.5.0.jar:/home/runner/.m2/repository/org/apache/groovy/groovy/4.0.22/groovy-4.0.22.jar:/home/runner/.m2/repository/org/apache/groovy/groovy-xml/4.0.22/groovy-xml-4.0.22.jar:/home/runner/.m2/repository/org/apache/httpcomponents/httpclient/4.5.14/httpclient-4.5.14.jar:/home/runner/.m2/repository/org/apache/httpcomponents/httpcore/4.4.16/httpcore-4.4.16.jar:/home/runner/.m2/repository/org/apache/httpcomponents/httpmime/4.5.14/httpmime-4.5.14.jar:/home/runner/.m2/repository/org/hamcrest/hamcrest/2.2/hamcrest-2.2.jar:/home/runner/.m2/repository/org/ccil/cowan/tagsoup/tagsoup/1.2.1/tagsoup-1.2.1.jar:/home/runner/.m2/repository/io/rest-assured/json-path/5.5.0/json-path-5.5.0.jar:/home/runner/.m2/repository/org/apache/groovy/groovy-json/4.0.22/groovy-json-4.0.22.jar:/home/runner/.m2/repository/io/rest-assured/rest-assured-common/5.5.0/rest-assured-common-5.5.0.jar:/home/runner/.m2/repository/io/rest-assured/xml-path/5.5.0/xml-path-5.5.0.jar:/home/runner/.m2/repository/io/zonky/test/embedded-postgres/2.1.0/embedded-postgres-2.1.0.jar:/home/runner/.m2/repository/io/zonky/test/postgres/embedded-postgres-binaries-windows-amd64/14.15.0/embedded-postgres-binaries-windows-amd64-14.15.0.jar:/home/runner/.m2/repository/io/zonky/test/postgres/embedded-postgres-binaries-darwin-amd64/14.15.0/embedded-postgres-binaries-darwin-amd64-14.15.0.jar:/home/runner/.m2/repository/io/zonky/test/postgres/embedded-postgres-binaries-linux-amd64/14.15.0/embedded-postgres-binaries-linux-amd64-14.15.0.jar:/home/runner/.m2/repository/io/zonky/test/postgres/embedded-postgres-binaries-linux-amd64-alpine/14.15.0/embedded-postgres-binaries-linux-amd64-alpine-14.15.0.jar:/home/runner/.m2/repository/org/apache/commons/commons-lang3/3.14.0/commons-lang3-3.14.0.jar:/home/runner/.m2/repository/org/tukaani/xz/1.10/xz-1.10.jar:/home/runner/.m2/repository/commons-codec/commons-codec/1.18.0/commons-codec-1.18.0.jar:/home/runner/.m2/repository/org/postgresql/postgresql/42.7.4/postgresql-42.7.4.jar:/home/runner/.m2/repository/commons-io/commons-io/2.16.1/commons-io-2.16.1.jar:/home/runner/work/apicurio-testing/apicurio-testing/clusters/ci419/namespaces/mysql/tests/integration/apicurio-registry/utils/importexport/target/apicurio-registry-utils-import-export-3.0.9.jar:/home/runner/.m2/repository/io/vertx/vertx-core/4.5.13/vertx-core-4.5.13.jar:/home/runner/.m2/repository/io/netty/netty-common/4.1.118.Final/netty-common-4.1.118.Final.jar:/home/runner/.m2/repository/io/netty/netty-buffer/4.1.118.Final/netty-buffer-4.1.118.Final.jar:/home/runner/.m2/repository/io/netty/netty-transport/4.1.118.Final/netty-transport-4.1.118.Final.jar:/home/runner/.m2/repository/io/netty/netty-handler/4.1.118.Final/netty-handler-4.1.118.Final.jar:/home/runner/.m2/repository/io/netty/netty-transport-native-unix-common/4.1.118.Final/netty-transport-native-unix-common-4.1.118.Final.jar:/home/runner/.m2/repository/io/netty/netty-codec/4.1.118.Final/netty-codec-4.1.118.Final.jar:/home/runner/.m2/repository/io/netty/netty-handler-proxy/4.1.118.Final/netty-handler-proxy-4.1.118.Final.jar:/home/runner/.m2/repository/io/netty/netty-codec-socks/4.1.118.Final/netty-codec-socks-4.1.118.Final.jar:/home/runner/.m2/repository/io/netty/netty-codec-http/4.1.118.Final/netty-codec-http-4.1.118.Final.jar:/home/runner/.m2/repository/io/netty/netty-codec-http2/4.1.118.Final/netty-codec-http2-4.1.118.Final.jar:/home/runner/.m2/repository/io/netty/netty-resolver/4.1.118.Final/netty-resolver-4.1.118.Final.jar:/home/runner/.m2/repository/io/netty/netty-resolver-dns/4.1.118.Final/netty-resolver-dns-4.1.118.Final.jar:/home/runner/.m2/repository/io/netty/netty-codec-dns/4.1.118.Final/netty-codec-dns-4.1.118.Final.jar:/home/runner/.m2/repository/com/fasterxml/jackson/core/jackson-core/2.17.2/jackson-core-2.17.2.jar:"/>
    <property name="java.vm.vendor" value="Eclipse Adoptium"/>
    <property name="maven.javadoc.skip" value="true"/>
    <property name="sun.arch.data.model" value="64"/>
    <property name="java.vendor.url" value="https://adoptium.net/"/>
    <property name="user.timezone" value="Etc/UTC"/>
    <property name="os.name" value="Linux"/>
    <property name="java.vm.specification.version" value="17"/>
    <property name="sun.java.launcher" value="SUN_STANDARD"/>
    <property name="quarkus.http.test-port" value="80"/>
    <property name="sun.boot.library.path" value="/usr/lib/jvm/temurin-17-jdk-amd64/lib"/>
    <property name="sun.java.command" value="/home/runner/work/apicurio-testing/apicurio-testing/clusters/ci419/namespaces/mysql/tests/integration/apicurio-registry/integration-tests/target/surefire/surefirebooter-20250731022243365_3.jar /home/runner/work/apicurio-testing/apicurio-testing/clusters/ci419/namespaces/mysql/tests/integration/apicurio-registry/integration-tests/target/surefire 2025-07-31T02-22-43_291-jvmRun1 surefire-20250731022243365_1tmp surefire_0-20250731022243365_2tmp"/>
    <property name="maven.home" value="/home/runner/.m2/wrapper/dists/apache-maven-3.9.8-bin/4fnp1ql35bgk2a0p7m31ovbgb0/apache-maven-3.9.8"/>
    <property name="jdk.debug" value="release"/>
    <property name="surefire.test.class.path" value="/home/runner/work/apicurio-testing/apicurio-testing/clusters/ci419/namespaces/mysql/tests/integration/apicurio-registry/integration-tests/target/test-classes:/home/runner/work/apicurio-testing/apicurio-testing/clusters/ci419/namespaces/mysql/tests/integration/apicurio-registry/integration-tests/target/apicurio-registry-integration-tests-3.0.9.jar:/home/runner/.m2/repository/io/quarkus/quarkus-junit5/3.15.4/quarkus-junit5-3.15.4.jar:/home/runner/.m2/repository/io/quarkus/quarkus-bootstrap-core/3.15.4/quarkus-bootstrap-core-3.15.4.jar:/home/runner/.m2/repository/io/quarkus/quarkus-classloader-commons/3.15.4/quarkus-classloader-commons-3.15.4.jar:/home/runner/.m2/repository/io/quarkus/quarkus-bootstrap-app-model/3.15.4/quarkus-bootstrap-app-model-3.15.4.jar:/home/runner/.m2/repository/io/smallrye/common/smallrye-common-io/2.6.1/smallrye-common-io-2.6.1.jar:/home/runner/.m2/repository/org/eclipse/sisu/org.eclipse.sisu.inject/0.9.0.M3/org.eclipse.sisu.inject-0.9.0.M3.jar:/home/runner/.m2/repository/io/quarkus/quarkus-test-common/3.15.4/quarkus-test-common-3.15.4.jar:/home/runner/.m2/repository/io/quarkus/quarkus-core-deployment/3.15.4/quarkus-core-deployment-3.15.4.jar:/home/runner/.m2/repository/org/aesh/readline/2.6/readline-2.6.jar:/home/runner/.m2/repository/org/fusesource/jansi/jansi/2.4.0/jansi-2.4.0.jar:/home/runner/.m2/repository/org/aesh/aesh/2.8.2/aesh-2.8.2.jar:/home/runner/.m2/repository/io/quarkus/gizmo/gizmo/1.8.0/gizmo-1.8.0.jar:/home/runner/.m2/repository/org/ow2/asm/asm-util/9.7/asm-util-9.7.jar:/home/runner/.m2/repository/org/ow2/asm/asm-analysis/9.7/asm-analysis-9.7.jar:/home/runner/.m2/repository/org/ow2/asm/asm-commons/9.7/asm-commons-9.7.jar:/home/runner/.m2/repository/org/ow2/asm/asm-tree/9.7/asm-tree-9.7.jar:/home/runner/.m2/repository/io/quarkus/quarkus-hibernate-validator-spi/3.15.4/quarkus-hibernate-validator-spi-3.15.4.jar:/home/runner/.m2/repository/io/quarkus/quarkus-class-change-agent/3.15.4/quarkus-class-change-agent-3.15.4.jar:/home/runner/.m2/repository/io/quarkus/quarkus-devtools-utilities/3.15.4/quarkus-devtools-utilities-3.15.4.jar:/home/runner/.m2/repository/io/quarkus/quarkus-builder/3.15.4/quarkus-builder-3.15.4.jar:/home/runner/.m2/repository/org/graalvm/sdk/nativeimage/23.1.2/nativeimage-23.1.2.jar:/home/runner/.m2/repository/org/graalvm/sdk/word/23.1.2/word-23.1.2.jar:/home/runner/.m2/repository/io/quarkus/quarkus-bootstrap-maven-resolver/3.15.4/quarkus-bootstrap-maven-resolver-3.15.4.jar:/home/runner/.m2/repository/io/smallrye/beanbag/smallrye-beanbag-maven/1.5.2/smallrye-beanbag-maven-1.5.2.jar:/home/runner/.m2/repository/io/smallrye/beanbag/smallrye-beanbag-sisu/1.5.2/smallrye-beanbag-sisu-1.5.2.jar:/home/runner/.m2/repository/io/smallrye/beanbag/smallrye-beanbag/1.5.2/smallrye-beanbag-1.5.2.jar:/home/runner/.m2/repository/javax/inject/javax.inject/1/javax.inject-1.jar:/home/runner/.m2/repository/org/apache/maven/maven-artifact/3.9.8/maven-artifact-3.9.8.jar:/home/runner/.m2/repository/org/apache/maven/maven-builder-support/3.9.8/maven-builder-support-3.9.8.jar:/home/runner/.m2/repository/org/apache/maven/maven-model/3.9.8/maven-model-3.9.8.jar:/home/runner/.m2/repository/org/apache/maven/maven-model-builder/3.9.8/maven-model-builder-3.9.8.jar:/home/runner/.m2/repository/org/apache/maven/maven-repository-metadata/3.9.8/maven-repository-metadata-3.9.8.jar:/home/runner/.m2/repository/org/apache/maven/maven-settings/3.9.8/maven-settings-3.9.8.jar:/home/runner/.m2/repository/org/apache/maven/resolver/maven-resolver-api/1.9.22/maven-resolver-api-1.9.22.jar:/home/runner/.m2/repository/org/apache/maven/resolver/maven-resolver-impl/1.9.22/maven-resolver-impl-1.9.22.jar:/home/runner/.m2/repository/org/apache/maven/resolver/maven-resolver-named-locks/1.9.22/maven-resolver-named-locks-1.9.22.jar:/home/runner/.m2/repository/org/apache/maven/resolver/maven-resolver-spi/1.9.22/maven-resolver-spi-1.9.22.jar:/home/runner/.m2/repository/org/apache/maven/resolver/maven-resolver-util/1.9.22/maven-resolver-util-1.9.22.jar:/home/runner/.m2/repository/org/apache/maven/resolver/maven-resolver-transport-http/1.9.20/maven-resolver-transport-http-1.9.20.jar:/home/runner/.m2/repository/org/apache/maven/wagon/wagon-provider-api/3.5.3/wagon-provider-api-3.5.3.jar:/home/runner/.m2/repository/org/apache/maven/wagon/wagon-http-shared/3.5.3/wagon-http-shared-3.5.3.jar:/home/runner/.m2/repository/org/codehaus/plexus/plexus-interpolation/1.26/plexus-interpolation-1.26.jar:/home/runner/.m2/repository/org/codehaus/plexus/plexus-utils/3.5.1/plexus-utils-3.5.1.jar:/home/runner/.m2/repository/org/codehaus/plexus/plexus-xml/4.0.1/plexus-xml-4.0.1.jar:/home/runner/.m2/repository/org/apache/maven/maven-xml-impl/4.0.0-alpha-5/maven-xml-impl-4.0.0-alpha-5.jar:/home/runner/.m2/repository/org/apache/maven/maven-api-xml/4.0.0-alpha-5/maven-api-xml-4.0.0-alpha-5.jar:/home/runner/.m2/repository/org/apache/maven/maven-api-meta/4.0.0-alpha-5/maven-api-meta-4.0.0-alpha-5.jar:/home/runner/.m2/repository/org/codehaus/plexus/plexus-cipher/2.0/plexus-cipher-2.0.jar:/home/runner/.m2/repository/org/codehaus/plexus/plexus-sec-dispatcher/2.0/plexus-sec-dispatcher-2.0.jar:/home/runner/.m2/repository/org/apache/maven/maven-embedder/3.9.8/maven-embedder-3.9.8.jar:/home/runner/.m2/repository/org/apache/maven/maven-core/3.9.8/maven-core-3.9.8.jar:/home/runner/.m2/repository/org/codehaus/plexus/plexus-component-annotations/2.1.0/plexus-component-annotations-2.1.0.jar:/home/runner/.m2/repository/org/apache/maven/maven-plugin-api/3.9.8/maven-plugin-api-3.9.8.jar:/home/runner/.m2/repository/org/apache/maven/shared/maven-shared-utils/3.4.2/maven-shared-utils-3.4.2.jar:/home/runner/.m2/repository/com/google/inject/guice/5.1.0/guice-5.1.0.jar:/home/runner/.m2/repository/aopalliance/aopalliance/1.0/aopalliance-1.0.jar:/home/runner/.m2/repository/javax/annotation/javax.annotation-api/1.3.2/javax.annotation-api-1.3.2.jar:/home/runner/.m2/repository/org/codehaus/plexus/plexus-classworlds/2.6.0/plexus-classworlds-2.6.0.jar:/home/runner/.m2/repository/commons-cli/commons-cli/1.8.0/commons-cli-1.8.0.jar:/home/runner/.m2/repository/org/eclipse/sisu/org.eclipse.sisu.plexus/0.9.0.M3/org.eclipse.sisu.plexus-0.9.0.M3.jar:/home/runner/.m2/repository/org/apache/maven/maven-settings-builder/3.9.8/maven-settings-builder-3.9.8.jar:/home/runner/.m2/repository/org/apache/maven/maven-resolver-provider/3.9.8/maven-resolver-provider-3.9.8.jar:/home/runner/.m2/repository/org/apache/maven/resolver/maven-resolver-connector-basic/1.9.22/maven-resolver-connector-basic-1.9.22.jar:/home/runner/.m2/repository/org/apache/maven/resolver/maven-resolver-transport-wagon/1.9.22/maven-resolver-transport-wagon-1.9.22.jar:/home/runner/.m2/repository/org/apache/maven/wagon/wagon-http/3.5.3/wagon-http-3.5.3.jar:/home/runner/.m2/repository/org/apache/maven/wagon/wagon-file/3.5.3/wagon-file-3.5.3.jar:/home/runner/.m2/repository/io/quarkus/quarkus-bootstrap-gradle-resolver/3.15.4/quarkus-bootstrap-gradle-resolver-3.15.4.jar:/home/runner/.m2/repository/io/smallrye/jandex/3.2.3/jandex-3.2.3.jar:/home/runner/.m2/repository/org/jboss/logging/commons-logging-jboss-logging/1.0.0.Final/commons-logging-jboss-logging-1.0.0.Final.jar:/home/runner/.m2/repository/io/quarkus/quarkus-junit5-properties/3.15.4/quarkus-junit5-properties-3.15.4.jar:/home/runner/.m2/repository/org/junit/jupiter/junit-jupiter/5.10.3/junit-jupiter-5.10.3.jar:/home/runner/.m2/repository/org/junit/jupiter/junit-jupiter-api/5.10.3/junit-jupiter-api-5.10.3.jar:/home/runner/.m2/repository/org/junit/jupiter/junit-jupiter-params/5.10.3/junit-jupiter-params-5.10.3.jar:/home/runner/.m2/repository/org/junit/jupiter/junit-jupiter-engine/5.10.3/junit-jupiter-engine-5.10.3.jar:/home/runner/.m2/repository/io/quarkus/quarkus-core/3.15.4/quarkus-core-3.15.4.jar:/home/runner/.m2/repository/jakarta/enterprise/jakarta.enterprise.cdi-api/4.1.0/jakarta.enterprise.cdi-api-4.1.0.jar:/home/runner/.m2/repository/jakarta/enterprise/jakarta.enterprise.lang-model/4.1.0/jakarta.enterprise.lang-model-4.1.0.jar:/home/runner/.m2/repository/jakarta/el/jakarta.el-api/5.0.1/jakarta.el-api-5.0.1.jar:/home/runner/.m2/repository/jakarta/interceptor/jakarta.interceptor-api/2.2.0/jakarta.interceptor-api-2.2.0.jar:/home/runner/.m2/repository/jakarta/inject/jakarta.inject-api/2.0.1/jakarta.inject-api-2.0.1.jar:/home/runner/.m2/repository/io/smallrye/common/smallrye-common-os/2.6.1/smallrye-common-os-2.6.1.jar:/home/runner/.m2/repository/io/quarkus/quarkus-ide-launcher/3.15.4/quarkus-ide-launcher-3.15.4.jar:/home/runner/.m2/repository/io/quarkus/quarkus-development-mode-spi/3.15.4/quarkus-development-mode-spi-3.15.4.jar:/home/runner/.m2/repository/io/smallrye/config/smallrye-config/3.9.1/smallrye-config-3.9.1.jar:/home/runner/.m2/repository/io/smallrye/config/smallrye-config-core/3.9.1/smallrye-config-core-3.9.1.jar:/home/runner/.m2/repository/io/smallrye/common/smallrye-common-annotation/2.6.1/smallrye-common-annotation-2.6.1.jar:/home/runner/.m2/repository/io/smallrye/common/smallrye-common-classloader/2.6.1/smallrye-common-classloader-2.6.1.jar:/home/runner/.m2/repository/io/smallrye/config/smallrye-config-common/3.9.1/smallrye-config-common-3.9.1.jar:/home/runner/.m2/repository/org/jboss/logging/jboss-logging/3.6.0.Final/jboss-logging-3.6.0.Final.jar:/home/runner/.m2/repository/org/jboss/logmanager/jboss-logmanager/3.1.1.Final/jboss-logmanager-3.1.1.Final.jar:/home/runner/.m2/repository/io/smallrye/common/smallrye-common-constraint/2.6.1/smallrye-common-constraint-2.6.1.jar:/home/runner/.m2/repository/io/smallrye/common/smallrye-common-cpu/2.6.1/smallrye-common-cpu-2.6.1.jar:/home/runner/.m2/repository/io/smallrye/common/smallrye-common-expression/2.6.1/smallrye-common-expression-2.6.1.jar:/home/runner/.m2/repository/io/smallrye/common/smallrye-common-function/2.6.1/smallrye-common-function-2.6.1.jar:/home/runner/.m2/repository/io/smallrye/common/smallrye-common-net/2.6.1/smallrye-common-net-2.6.1.jar:/home/runner/.m2/repository/io/smallrye/common/smallrye-common-ref/2.6.1/smallrye-common-ref-2.6.1.jar:/home/runner/.m2/repository/jakarta/json/jakarta.json-api/2.1.3/jakarta.json-api-2.1.3.jar:/home/runner/.m2/repository/org/eclipse/parsson/parsson/1.1.7/parsson-1.1.7.jar:/home/runner/.m2/repository/org/jboss/logging/jboss-logging-annotations/3.0.1.Final/jboss-logging-annotations-3.0.1.Final.jar:/home/runner/.m2/repository/org/jboss/threads/jboss-threads/3.6.1.Final/jboss-threads-3.6.1.Final.jar:/home/runner/.m2/repository/org/jboss/slf4j/slf4j-jboss-logmanager/2.0.0.Final/slf4j-jboss-logmanager-2.0.0.Final.jar:/home/runner/.m2/repository/org/wildfly/common/wildfly-common/1.7.0.Final/wildfly-common-1.7.0.Final.jar:/home/runner/.m2/repository/io/quarkus/quarkus-bootstrap-runner/3.15.4/quarkus-bootstrap-runner-3.15.4.jar:/home/runner/.m2/repository/io/github/crac/org-crac/0.1.3/org-crac-0.1.3.jar:/home/runner/.m2/repository/io/quarkus/quarkus-fs-util/0.0.10/quarkus-fs-util-0.0.10.jar:/home/runner/.m2/repository/org/jboss/marshalling/jboss-marshalling/2.2.1.Final/jboss-marshalling-2.2.1.Final.jar:/home/runner/.m2/repository/io/fabric8/kubernetes-client/6.13.5/kubernetes-client-6.13.5.jar:/home/runner/.m2/repository/io/fabric8/kubernetes-client-api/6.13.5/kubernetes-client-api-6.13.5.jar:/home/runner/.m2/repository/io/fabric8/kubernetes-model-core/6.13.5/kubernetes-model-core-6.13.5.jar:/home/runner/.m2/repository/io/fabric8/kubernetes-model-common/6.13.5/kubernetes-model-common-6.13.5.jar:/home/runner/.m2/repository/io/fabric8/kubernetes-model-gatewayapi/6.13.5/kubernetes-model-gatewayapi-6.13.5.jar:/home/runner/.m2/repository/io/fabric8/kubernetes-model-resource/6.13.5/kubernetes-model-resource-6.13.5.jar:/home/runner/.m2/repository/io/fabric8/kubernetes-model-rbac/6.13.5/kubernetes-model-rbac-6.13.5.jar:/home/runner/.m2/repository/io/fabric8/kubernetes-model-admissionregistration/6.13.5/kubernetes-model-admissionregistration-6.13.5.jar:/home/runner/.m2/repository/io/fabric8/kubernetes-model-apps/6.13.5/kubernetes-model-apps-6.13.5.jar:/home/runner/.m2/repository/io/fabric8/kubernetes-model-autoscaling/6.13.5/kubernetes-model-autoscaling-6.13.5.jar:/home/runner/.m2/repository/io/fabric8/kubernetes-model-apiextensions/6.13.5/kubernetes-model-apiextensions-6.13.5.jar:/home/runner/.m2/repository/io/fabric8/kubernetes-model-batch/6.13.5/kubernetes-model-batch-6.13.5.jar:/home/runner/.m2/repository/io/fabric8/kubernetes-model-certificates/6.13.5/kubernetes-model-certificates-6.13.5.jar:/home/runner/.m2/repository/io/fabric8/kubernetes-model-coordination/6.13.5/kubernetes-model-coordination-6.13.5.jar:/home/runner/.m2/repository/io/fabric8/kubernetes-model-discovery/6.13.5/kubernetes-model-discovery-6.13.5.jar:/home/runner/.m2/repository/io/fabric8/kubernetes-model-events/6.13.5/kubernetes-model-events-6.13.5.jar:/home/runner/.m2/repository/io/fabric8/kubernetes-model-extensions/6.13.5/kubernetes-model-extensions-6.13.5.jar:/home/runner/.m2/repository/io/fabric8/kubernetes-model-flowcontrol/6.13.5/kubernetes-model-flowcontrol-6.13.5.jar:/home/runner/.m2/repository/io/fabric8/kubernetes-model-networking/6.13.5/kubernetes-model-networking-6.13.5.jar:/home/runner/.m2/repository/io/fabric8/kubernetes-model-metrics/6.13.5/kubernetes-model-metrics-6.13.5.jar:/home/runner/.m2/repository/io/fabric8/kubernetes-model-policy/6.13.5/kubernetes-model-policy-6.13.5.jar:/home/runner/.m2/repository/io/fabric8/kubernetes-model-scheduling/6.13.5/kubernetes-model-scheduling-6.13.5.jar:/home/runner/.m2/repository/io/fabric8/kubernetes-model-storageclass/6.13.5/kubernetes-model-storageclass-6.13.5.jar:/home/runner/.m2/repository/io/fabric8/kubernetes-model-node/6.13.5/kubernetes-model-node-6.13.5.jar:/home/runner/.m2/repository/org/snakeyaml/snakeyaml-engine/2.7/snakeyaml-engine-2.7.jar:/home/runner/.m2/repository/com/fasterxml/jackson/dataformat/jackson-dataformat-yaml/2.15.2/jackson-dataformat-yaml-2.15.2.jar:/home/runner/.m2/repository/com/fasterxml/jackson/datatype/jackson-datatype-jsr310/2.17.2/jackson-datatype-jsr310-2.17.2.jar:/home/runner/.m2/repository/io/fabric8/zjsonpatch/0.3.0/zjsonpatch-0.3.0.jar:/home/runner/.m2/repository/io/fabric8/kubernetes-httpclient-vertx/6.13.5/kubernetes-httpclient-vertx-6.13.5.jar:/home/runner/.m2/repository/io/vertx/vertx-web-client/4.5.13/vertx-web-client-4.5.13.jar:/home/runner/.m2/repository/io/vertx/vertx-web-common/4.5.13/vertx-web-common-4.5.13.jar:/home/runner/.m2/repository/io/vertx/vertx-auth-common/4.5.13/vertx-auth-common-4.5.13.jar:/home/runner/.m2/repository/io/vertx/vertx-uri-template/4.5.13/vertx-uri-template-4.5.13.jar:/home/runner/.m2/repository/io/fabric8/openshift-client/6.13.5/openshift-client-6.13.5.jar:/home/runner/.m2/repository/io/fabric8/openshift-client-api/6.13.5/openshift-client-api-6.13.5.jar:/home/runner/.m2/repository/io/fabric8/openshift-model/6.13.5/openshift-model-6.13.5.jar:/home/runner/.m2/repository/io/fabric8/openshift-model-clusterautoscaling/6.13.5/openshift-model-clusterautoscaling-6.13.5.jar:/home/runner/.m2/repository/io/fabric8/openshift-model-operator/6.13.5/openshift-model-operator-6.13.5.jar:/home/runner/.m2/repository/io/fabric8/openshift-model-operatorhub/6.13.5/openshift-model-operatorhub-6.13.5.jar:/home/runner/.m2/repository/io/fabric8/openshift-model-machine/6.13.5/openshift-model-machine-6.13.5.jar:/home/runner/.m2/repository/io/fabric8/openshift-model-whereabouts/6.13.5/openshift-model-whereabouts-6.13.5.jar:/home/runner/.m2/repository/io/fabric8/openshift-model-monitoring/6.13.5/openshift-model-monitoring-6.13.5.jar:/home/runner/.m2/repository/io/fabric8/openshift-model-storageversionmigrator/6.13.5/openshift-model-storageversionmigrator-6.13.5.jar:/home/runner/.m2/repository/io/fabric8/openshift-model-tuned/6.13.5/openshift-model-tuned-6.13.5.jar:/home/runner/.m2/repository/io/fabric8/openshift-model-console/6.13.5/openshift-model-console-6.13.5.jar:/home/runner/.m2/repository/io/fabric8/openshift-model-config/6.13.5/openshift-model-config-6.13.5.jar:/home/runner/.m2/repository/io/fabric8/openshift-model-machineconfig/6.13.5/openshift-model-machineconfig-6.13.5.jar:/home/runner/.m2/repository/io/fabric8/openshift-model-miscellaneous/6.13.5/openshift-model-miscellaneous-6.13.5.jar:/home/runner/.m2/repository/io/fabric8/openshift-model-hive/6.13.5/openshift-model-hive-6.13.5.jar:/home/runner/.m2/repository/io/fabric8/openshift-model-installer/6.13.5/openshift-model-installer-6.13.5.jar:/home/runner/.m2/repository/com/github/mifmif/generex/1.0.2/generex-1.0.2.jar:/home/runner/.m2/repository/dk/brics/automaton/automaton/1.11-8/automaton-1.11-8.jar:/home/runner/.m2/repository/org/junit/platform/junit-platform-launcher/1.10.3/junit-platform-launcher-1.10.3.jar:/home/runner/.m2/repository/org/junit/platform/junit-platform-engine/1.10.3/junit-platform-engine-1.10.3.jar:/home/runner/.m2/repository/org/opentest4j/opentest4j/1.3.0/opentest4j-1.3.0.jar:/home/runner/.m2/repository/org/junit/platform/junit-platform-commons/1.10.3/junit-platform-commons-1.10.3.jar:/home/runner/.m2/repository/org/apiguardian/apiguardian-api/1.1.2/apiguardian-api-1.1.2.jar:/home/runner/.m2/repository/jakarta/ws/rs/jakarta.ws.rs-api/3.1.0/jakarta.ws.rs-api-3.1.0.jar:/home/runner/work/apicurio-testing/apicurio-testing/clusters/ci419/namespaces/mysql/tests/integration/apicurio-registry/java-sdk/target/apicurio-registry-java-sdk-3.0.9.jar:/home/runner/.m2/repository/com/microsoft/kiota/microsoft-kiota-abstractions/1.8.4/microsoft-kiota-abstractions-1.8.4.jar:/home/runner/.m2/repository/io/github/std-uritemplate/std-uritemplate/2.0.0/std-uritemplate-2.0.0.jar:/home/runner/.m2/repository/io/kiota/kiota-http-jdk/0.0.21/kiota-http-jdk-0.0.21.jar:/home/runner/.m2/repository/io/kiota/kiota-http-vertx/0.0.21/kiota-http-vertx-0.0.21.jar:/home/runner/.m2/repository/io/kiota/kiota-serialization-jackson/0.0.21/kiota-serialization-jackson-0.0.21.jar:/home/runner/.m2/repository/com/microsoft/kiota/microsoft-kiota-serialization-text/1.8.4/microsoft-kiota-serialization-text-1.8.4.jar:/home/runner/.m2/repository/com/microsoft/kiota/microsoft-kiota-serialization-form/1.8.4/microsoft-kiota-serialization-form-1.8.4.jar:/home/runner/.m2/repository/com/microsoft/kiota/microsoft-kiota-serialization-multipart/1.8.4/microsoft-kiota-serialization-multipart-1.8.4.jar:/home/runner/.m2/repository/jakarta/annotation/jakarta.annotation-api/3.0.0/jakarta.annotation-api-3.0.0.jar:/home/runner/.m2/repository/io/vertx/vertx-auth-oauth2/4.5.13/vertx-auth-oauth2-4.5.13.jar:/home/runner/work/apicurio-testing/apicurio-testing/clusters/ci419/namespaces/mysql/tests/integration/apicurio-registry/java-sdk-v2/target/apicurio-registry-v2-java-sdk-3.0.9.jar:/home/runner/work/apicurio-testing/apicurio-testing/clusters/ci419/namespaces/mysql/tests/integration/apicurio-registry/utils/kafka/target/apicurio-registry-utils-kafka-3.0.9-tests.jar:/home/runner/.m2/repository/org/eclipse/microprofile/config/microprofile-config-api/3.1/microprofile-config-api-3.1.jar:/home/runner/.m2/repository/org/apache/kafka/kafka-clients/3.9.0/kafka-clients-3.9.0.jar:/home/runner/.m2/repository/com/github/luben/zstd-jni/1.5.6-4/zstd-jni-1.5.6-4.jar:/home/runner/.m2/repository/org/lz4/lz4-java/1.8.0/lz4-java-1.8.0.jar:/home/runner/.m2/repository/org/xerial/snappy/snappy-java/1.1.10.5/snappy-java-1.1.10.5.jar:/home/runner/.m2/repository/org/slf4j/slf4j-api/2.0.6/slf4j-api-2.0.6.jar:/home/runner/work/apicurio-testing/apicurio-testing/clusters/ci419/namespaces/mysql/tests/integration/apicurio-registry/utils/tests/target/apicurio-registry-utils-tests-3.0.9.jar:/home/runner/work/apicurio-testing/apicurio-testing/clusters/ci419/namespaces/mysql/tests/integration/apicurio-registry/common/target/apicurio-registry-common-3.0.9.jar:/home/runner/.m2/repository/jakarta/validation/jakarta.validation-api/3.0.2/jakarta.validation-api-3.0.2.jar:/home/runner/.m2/repository/com/github/dasniko/testcontainers-keycloak/3.6.0/testcontainers-keycloak-3.6.0.jar:/home/runner/.m2/repository/org/testcontainers/testcontainers/1.20.1/testcontainers-1.20.1.jar:/home/runner/.m2/repository/org/rnorth/duct-tape/duct-tape/1.0.8/duct-tape-1.0.8.jar:/home/runner/.m2/repository/org/jetbrains/annotations/24.1.0/annotations-24.1.0.jar:/home/runner/.m2/repository/com/github/docker-java/docker-java-transport-zerodep/3.4.0/docker-java-transport-zerodep-3.4.0.jar:/home/runner/.m2/repository/com/github/docker-java/docker-java-transport/3.4.0/docker-java-transport-3.4.0.jar:/home/runner/.m2/repository/net/java/dev/jna/jna/5.8.0/jna-5.8.0.jar:/home/runner/.m2/repository/io/quarkus/quarkus-junit4-mock/3.15.4/quarkus-junit4-mock-3.15.4.jar:/home/runner/.m2/repository/org/jboss/shrinkwrap/shrinkwrap-api/2.0.0-beta-2/shrinkwrap-api-2.0.0-beta-2.jar:/home/runner/.m2/repository/org/jboss/shrinkwrap/shrinkwrap-impl-base/2.0.0-beta-2/shrinkwrap-impl-base-2.0.0-beta-2.jar:/home/runner/.m2/repository/org/jboss/shrinkwrap/shrinkwrap-spi/2.0.0-beta-2/shrinkwrap-spi-2.0.0-beta-2.jar:/home/runner/.m2/repository/org/keycloak/keycloak-admin-client/25.0.6/keycloak-admin-client-25.0.6.jar:/home/runner/.m2/repository/org/keycloak/keycloak-core/25.0.6/keycloak-core-25.0.6.jar:/home/runner/.m2/repository/org/keycloak/keycloak-common/25.0.6/keycloak-common-25.0.6.jar:/home/runner/.m2/repository/org/jboss/resteasy/resteasy-client/6.2.9.Final/resteasy-client-6.2.9.Final.jar:/home/runner/.m2/repository/org/jboss/resteasy/resteasy-client-api/6.2.9.Final/resteasy-client-api-6.2.9.Final.jar:/home/runner/.m2/repository/org/jboss/resteasy/resteasy-core-spi/6.2.9.Final/resteasy-core-spi-6.2.9.Final.jar:/home/runner/.m2/repository/org/jboss/resteasy/resteasy-core/6.2.9.Final/resteasy-core-6.2.9.Final.jar:/home/runner/.m2/repository/org/eclipse/angus/angus-activation/2.0.2/angus-activation-2.0.2.jar:/home/runner/.m2/repository/com/ibm/async/asyncutil/0.1.0/asyncutil-0.1.0.jar:/home/runner/.m2/repository/org/reactivestreams/reactive-streams/1.0.4/reactive-streams-1.0.4.jar:/home/runner/.m2/repository/org/jboss/resteasy/resteasy-multipart-provider/6.2.9.Final/resteasy-multipart-provider-6.2.9.Final.jar:/home/runner/.m2/repository/jakarta/mail/jakarta.mail-api/2.1.2/jakarta.mail-api-2.1.2.jar:/home/runner/.m2/repository/org/eclipse/angus/angus-mail/2.0.3/angus-mail-2.0.3.jar:/home/runner/.m2/repository/org/apache/james/apache-mime4j-dom/0.8.11/apache-mime4j-dom-0.8.11.jar:/home/runner/.m2/repository/org/apache/james/apache-mime4j-core/0.8.11/apache-mime4j-core-0.8.11.jar:/home/runner/.m2/repository/org/apache/james/apache-mime4j-storage/0.8.11/apache-mime4j-storage-0.8.11.jar:/home/runner/.m2/repository/org/jboss/resteasy/resteasy-jackson2-provider/6.2.9.Final/resteasy-jackson2-provider-6.2.9.Final.jar:/home/runner/.m2/repository/com/fasterxml/jackson/jakarta/rs/jackson-jakarta-rs-base/2.17.2/jackson-jakarta-rs-base-2.17.2.jar:/home/runner/.m2/repository/com/fasterxml/jackson/jakarta/rs/jackson-jakarta-rs-json-provider/2.17.2/jackson-jakarta-rs-json-provider-2.17.2.jar:/home/runner/.m2/repository/com/fasterxml/jackson/module/jackson-module-jakarta-xmlbind-annotations/2.17.2/jackson-module-jakarta-xmlbind-annotations-2.17.2.jar:/home/runner/.m2/repository/com/github/java-json-tools/json-patch/1.13/json-patch-1.13.jar:/home/runner/.m2/repository/com/github/java-json-tools/msg-simple/1.2/msg-simple-1.2.jar:/home/runner/.m2/repository/com/github/java-json-tools/btf/1.3/btf-1.3.jar:/home/runner/.m2/repository/com/github/java-json-tools/jackson-coreutils/2.0/jackson-coreutils-2.0.jar:/home/runner/.m2/repository/org/jboss/resteasy/resteasy-jaxb-provider/6.2.9.Final/resteasy-jaxb-provider-6.2.9.Final.jar:/home/runner/.m2/repository/org/glassfish/jaxb/codemodel/4.0.3/codemodel-4.0.3.jar:/home/runner/.m2/repository/org/glassfish/jaxb/jaxb-core/4.0.5/jaxb-core-4.0.5.jar:/home/runner/.m2/repository/org/glassfish/jaxb/jaxb-jxc/4.0.3/jaxb-jxc-4.0.3.jar:/home/runner/.m2/repository/org/glassfish/jaxb/jaxb-runtime/4.0.5/jaxb-runtime-4.0.5.jar:/home/runner/.m2/repository/org/glassfish/jaxb/txw2/4.0.5/txw2-4.0.5.jar:/home/runner/.m2/repository/org/glassfish/jaxb/jaxb-xjc/4.0.3/jaxb-xjc-4.0.3.jar:/home/runner/.m2/repository/org/glassfish/jaxb/xsom/4.0.3/xsom-4.0.3.jar:/home/runner/.m2/repository/com/sun/istack/istack-commons-runtime/4.1.2/istack-commons-runtime-4.1.2.jar:/home/runner/.m2/repository/com/sun/istack/istack-commons-tools/4.1.2/istack-commons-tools-4.1.2.jar:/home/runner/.m2/repository/com/sun/xml/bind/external/relaxng-datatype/4.0.3/relaxng-datatype-4.0.3.jar:/home/runner/.m2/repository/com/sun/xml/bind/external/rngom/4.0.3/rngom-4.0.3.jar:/home/runner/.m2/repository/org/testcontainers/mssqlserver/1.20.1/mssqlserver-1.20.1.jar:/home/runner/.m2/repository/org/testcontainers/jdbc/1.20.1/jdbc-1.20.1.jar:/home/runner/.m2/repository/org/testcontainers/database-commons/1.20.1/database-commons-1.20.1.jar:/home/runner/.m2/repository/org/testcontainers/mysql/1.20.1/mysql-1.20.1.jar:/home/runner/.m2/repository/io/strimzi/strimzi-test-container/0.107.0/strimzi-test-container-0.107.0.jar:/home/runner/.m2/repository/org/testcontainers/toxiproxy/1.20.1/toxiproxy-1.20.1.jar:/home/runner/.m2/repository/com/github/docker-java/docker-java-api/3.4.0/docker-java-api-3.4.0.jar:/home/runner/.m2/repository/eu/rekawek/toxiproxy/toxiproxy-java/2.1.7/toxiproxy-java-2.1.7.jar:/home/runner/.m2/repository/junit/junit/4.13.2/junit-4.13.2.jar:/home/runner/.m2/repository/org/hamcrest/hamcrest-core/1.3/hamcrest-core-1.3.jar:/home/runner/.m2/repository/org/testcontainers/pulsar/1.20.4/pulsar-1.20.4.jar:/home/runner/.m2/repository/io/debezium/debezium-testing-testcontainers/2.6.2.Final/debezium-testing-testcontainers-2.6.2.Final.jar:/home/runner/.m2/repository/org/testcontainers/kafka/1.20.1/kafka-1.20.1.jar:/home/runner/.m2/repository/com/squareup/okhttp3/okhttp/4.8.1/okhttp-4.8.1.jar:/home/runner/.m2/repository/com/squareup/okio/okio/3.10.2/okio-3.10.2.jar:/home/runner/.m2/repository/com/squareup/okio/okio-jvm/3.10.2/okio-jvm-3.10.2.jar:/home/runner/.m2/repository/org/jetbrains/kotlin/kotlin-stdlib/2.0.10/kotlin-stdlib-2.0.10.jar:/home/runner/.m2/repository/org/awaitility/awaitility/4.2.2/awaitility-4.2.2.jar:/home/runner/.m2/repository/org/testcontainers/mongodb/1.20.1/mongodb-1.20.1.jar:/home/runner/.m2/repository/org/testcontainers/oracle-xe/1.20.1/oracle-xe-1.20.1.jar:/home/runner/.m2/repository/org/testcontainers/postgresql/1.20.1/postgresql-1.20.1.jar:/home/runner/.m2/repository/org/wiremock/wiremock/3.0.1/wiremock-3.0.1.jar:/home/runner/.m2/repository/org/eclipse/jetty/jetty-server/11.0.15/jetty-server-11.0.15.jar:/home/runner/.m2/repository/org/eclipse/jetty/toolchain/jetty-jakarta-servlet-api/5.0.2/jetty-jakarta-servlet-api-5.0.2.jar:/home/runner/.m2/repository/org/eclipse/jetty/jetty-http/11.0.15/jetty-http-11.0.15.jar:/home/runner/.m2/repository/org/eclipse/jetty/jetty-io/11.0.15/jetty-io-11.0.15.jar:/home/runner/.m2/repository/org/eclipse/jetty/jetty-servlet/11.0.15/jetty-servlet-11.0.15.jar:/home/runner/.m2/repository/org/eclipse/jetty/jetty-security/11.0.15/jetty-security-11.0.15.jar:/home/runner/.m2/repository/org/eclipse/jetty/jetty-servlets/11.0.15/jetty-servlets-11.0.15.jar:/home/runner/.m2/repository/org/eclipse/jetty/jetty-util/11.0.15/jetty-util-11.0.15.jar:/home/runner/.m2/repository/org/eclipse/jetty/jetty-webapp/11.0.15/jetty-webapp-11.0.15.jar:/home/runner/.m2/repository/org/eclipse/jetty/jetty-xml/11.0.15/jetty-xml-11.0.15.jar:/home/runner/.m2/repository/org/eclipse/jetty/jetty-proxy/11.0.15/jetty-proxy-11.0.15.jar:/home/runner/.m2/repository/org/eclipse/jetty/jetty-client/11.0.15/jetty-client-11.0.15.jar:/home/runner/.m2/repository/org/eclipse/jetty/http2/http2-server/11.0.15/http2-server-11.0.15.jar:/home/runner/.m2/repository/org/eclipse/jetty/http2/http2-common/11.0.15/http2-common-11.0.15.jar:/home/runner/.m2/repository/org/eclipse/jetty/http2/http2-hpack/11.0.15/http2-hpack-11.0.15.jar:/home/runner/.m2/repository/org/eclipse/jetty/jetty-alpn-server/11.0.15/jetty-alpn-server-11.0.15.jar:/home/runner/.m2/repository/org/eclipse/jetty/jetty-alpn-java-server/11.0.15/jetty-alpn-java-server-11.0.15.jar:/home/runner/.m2/repository/org/eclipse/jetty/jetty-alpn-java-client/11.0.15/jetty-alpn-java-client-11.0.15.jar:/home/runner/.m2/repository/org/eclipse/jetty/jetty-alpn-client/11.0.15/jetty-alpn-client-11.0.15.jar:/home/runner/.m2/repository/org/apache/httpcomponents/client5/httpclient5/5.2.1/httpclient5-5.2.1.jar:/home/runner/.m2/repository/org/apache/httpcomponents/core5/httpcore5/5.2/httpcore5-5.2.jar:/home/runner/.m2/repository/org/apache/httpcomponents/core5/httpcore5-h2/5.2/httpcore5-h2-5.2.jar:/home/runner/.m2/repository/org/xmlunit/xmlunit-core/2.9.1/xmlunit-core-2.9.1.jar:/home/runner/.m2/repository/jakarta/xml/bind/jakarta.xml.bind-api/4.0.2/jakarta.xml.bind-api-4.0.2.jar:/home/runner/.m2/repository/jakarta/activation/jakarta.activation-api/2.1.3/jakarta.activation-api-2.1.3.jar:/home/runner/.m2/repository/org/xmlunit/xmlunit-legacy/2.9.1/xmlunit-legacy-2.9.1.jar:/home/runner/.m2/repository/org/xmlunit/xmlunit-placeholders/2.9.1/xmlunit-placeholders-2.9.1.jar:/home/runner/.m2/repository/net/javacrumbs/json-unit/json-unit-core/2.38.0/json-unit-core-2.38.0.jar:/home/runner/.m2/repository/com/jayway/jsonpath/json-path/2.8.0/json-path-2.8.0.jar:/home/runner/.m2/repository/net/minidev/json-smart/2.4.10/json-smart-2.4.10.jar:/home/runner/.m2/repository/net/minidev/accessors-smart/2.4.9/accessors-smart-2.4.9.jar:/home/runner/.m2/repository/org/ow2/asm/asm/9.7/asm-9.7.jar:/home/runner/.m2/repository/net/sf/jopt-simple/jopt-simple/5.0.4/jopt-simple-5.0.4.jar:/home/runner/.m2/repository/com/github/jknack/handlebars/4.3.1/handlebars-4.3.1.jar:/home/runner/.m2/repository/com/github/jknack/handlebars-helpers/4.3.1/handlebars-helpers-4.3.1.jar:/home/runner/.m2/repository/commons-fileupload/commons-fileupload/1.5/commons-fileupload-1.5.jar:/home/runner/.m2/repository/com/networknt/json-schema-validator/1.5.5/json-schema-validator-1.5.5.jar:/home/runner/.m2/repository/com/ethlo/time/itu/1.10.3/itu-1.10.3.jar:/home/runner/.m2/repository/io/quarkus/quarkus-smallrye-jwt-build/3.15.4/quarkus-smallrye-jwt-build-3.15.4.jar:/home/runner/.m2/repository/io/smallrye/smallrye-jwt-build/4.5.3/smallrye-jwt-build-4.5.3.jar:/home/runner/.m2/repository/org/eclipse/microprofile/jwt/microprofile-jwt-auth-api/2.1/microprofile-jwt-auth-api-2.1.jar:/home/runner/.m2/repository/org/bitbucket/b_c/jose4j/0.9.6/jose4j-0.9.6.jar:/home/runner/.m2/repository/io/smallrye/smallrye-jwt-common/4.5.3/smallrye-jwt-common-4.5.3.jar:/home/runner/.m2/repository/io/quarkus/quarkus-jsonp/3.15.4/quarkus-jsonp-3.15.4.jar:/home/runner/.m2/repository/io/quarkus/quarkus-arc/3.15.4/quarkus-arc-3.15.4.jar:/home/runner/.m2/repository/io/quarkus/arc/arc/3.15.4/arc-3.15.4.jar:/home/runner/.m2/repository/jakarta/transaction/jakarta.transaction-api/2.0.1/jakarta.transaction-api-2.0.1.jar:/home/runner/.m2/repository/io/smallrye/reactive/mutiny/2.6.2/mutiny-2.6.2.jar:/home/runner/.m2/repository/org/jctools/jctools-core/4.0.5/jctools-core-4.0.5.jar:/home/runner/.m2/repository/org/eclipse/microprofile/context-propagation/microprofile-context-propagation-api/1.3/microprofile-context-propagation-api-1.3.jar:/home/runner/.m2/repository/io/apicurio/apicurio-common-rest-client-common/0.1.18.Final/apicurio-common-rest-client-common-0.1.18.Final.jar:/home/runner/work/apicurio-testing/apicurio-testing/clusters/ci419/namespaces/mysql/tests/integration/apicurio-registry/utils/maven-plugin/target/apicurio-registry-maven-plugin-3.0.9.jar:/home/runner/.m2/repository/com/fasterxml/jackson/core/jackson-databind/2.17.2/jackson-databind-2.17.2.jar:/home/runner/.m2/repository/org/apache/avro/avro/1.12.0/avro-1.12.0.jar:/home/runner/.m2/repository/com/google/protobuf/protobuf-java/3.25.8/protobuf-java-3.25.8.jar:/home/runner/.m2/repository/com/google/protobuf/protobuf-java-util/3.25.8/protobuf-java-util-3.25.8.jar:/home/runner/.m2/repository/com/google/code/findbugs/jsr305/3.0.2/jsr305-3.0.2.jar:/home/runner/.m2/repository/com/google/code/gson/gson/2.11.0/gson-2.11.0.jar:/home/runner/.m2/repository/com/google/errorprone/error_prone_annotations/2.30.0/error_prone_annotations-2.30.0.jar:/home/runner/.m2/repository/com/google/j2objc/j2objc-annotations/2.8/j2objc-annotations-2.8.jar:/home/runner/work/apicurio-testing/apicurio-testing/clusters/ci419/namespaces/mysql/tests/integration/apicurio-registry/schema-util/util-provider/target/apicurio-registry-schema-util-provider-3.0.9.jar:/home/runner/work/apicurio-testing/apicurio-testing/clusters/ci419/namespaces/mysql/tests/integration/apicurio-registry/schema-util/common/target/apicurio-registry-schema-util-common-3.0.9.jar:/home/runner/.m2/repository/com/fasterxml/jackson/module/jackson-module-parameter-names/2.17.2/jackson-module-parameter-names-2.17.2.jar:/home/runner/.m2/repository/com/fasterxml/jackson/datatype/jackson-datatype-json-org/2.18.2/jackson-datatype-json-org-2.18.2.jar:/home/runner/work/apicurio-testing/apicurio-testing/clusters/ci419/namespaces/mysql/tests/integration/apicurio-registry/schema-util/json/target/apicurio-registry-schema-util-json-3.0.9.jar:/home/runner/.m2/repository/com/github/erosb/everit-json-schema/1.14.5/everit-json-schema-1.14.5.jar:/home/runner/.m2/repository/commons-validator/commons-validator/1.9.0/commons-validator-1.9.0.jar:/home/runner/.m2/repository/commons-digester/commons-digester/2.1/commons-digester-2.1.jar:/home/runner/.m2/repository/commons-collections/commons-collections/3.2.2/commons-collections-3.2.2.jar:/home/runner/.m2/repository/com/damnhandy/handy-uri-templates/2.1.8/handy-uri-templates-2.1.8.jar:/home/runner/.m2/repository/joda-time/joda-time/2.10.2/joda-time-2.10.2.jar:/home/runner/.m2/repository/com/github/erosb/json-sKema/0.20.0/json-sKema-0.20.0.jar:/home/runner/.m2/repository/io/vertx/vertx-json-schema/4.5.13/vertx-json-schema-4.5.13.jar:/home/runner/work/apicurio-testing/apicurio-testing/clusters/ci419/namespaces/mysql/tests/integration/apicurio-registry/schema-util/protobuf/target/apicurio-registry-schema-util-protobuf-3.0.9.jar:/home/runner/work/apicurio-testing/apicurio-testing/clusters/ci419/namespaces/mysql/tests/integration/apicurio-registry/utils/protobuf-schema-utilities/target/apicurio-registry-protobuf-schema-utilities-3.0.9.jar:/home/runner/.m2/repository/com/google/api/grpc/proto-google-common-protos/2.52.0/proto-google-common-protos-2.52.0.jar:/home/runner/.m2/repository/com/squareup/wire/wire-schema-jvm/5.1.0/wire-schema-jvm-5.1.0.jar:/home/runner/.m2/repository/com/squareup/javapoet/1.13.0/javapoet-1.13.0.jar:/home/runner/.m2/repository/com/squareup/kotlinpoet-jvm/1.18.1/kotlinpoet-jvm-1.18.1.jar:/home/runner/.m2/repository/org/jetbrains/kotlin/kotlin-reflect/2.0.10/kotlin-reflect-2.0.10.jar:/home/runner/.m2/repository/com/squareup/wire/wire-runtime-jvm/5.1.0/wire-runtime-jvm-5.1.0.jar:/home/runner/.m2/repository/com/ibm/icu/icu4j/76.1/icu4j-76.1.jar:/home/runner/.m2/repository/com/squareup/okio/okio-fakefilesystem/3.10.2/okio-fakefilesystem-3.10.2.jar:/home/runner/.m2/repository/com/squareup/okio/okio-fakefilesystem-jvm/3.10.2/okio-fakefilesystem-jvm-3.10.2.jar:/home/runner/.m2/repository/org/jetbrains/kotlinx/kotlinx-datetime-jvm/0.6.1/kotlinx-datetime-jvm-0.6.1.jar:/home/runner/work/apicurio-testing/apicurio-testing/clusters/ci419/namespaces/mysql/tests/integration/apicurio-registry/schema-util/asyncapi/target/apicurio-registry-schema-util-asyncapi-3.0.9.jar:/home/runner/work/apicurio-testing/apicurio-testing/clusters/ci419/namespaces/mysql/tests/integration/apicurio-registry/schema-util/avro/target/apicurio-registry-schema-util-avro-3.0.9.jar:/home/runner/work/apicurio-testing/apicurio-testing/clusters/ci419/namespaces/mysql/tests/integration/apicurio-registry/schema-util/graphql/target/apicurio-registry-schema-util-graphql-3.0.9.jar:/home/runner/.m2/repository/com/graphql-java/graphql-java/22.3/graphql-java-22.3.jar:/home/runner/.m2/repository/com/graphql-java/java-dataloader/3.3.0/java-dataloader-3.3.0.jar:/home/runner/work/apicurio-testing/apicurio-testing/clusters/ci419/namespaces/mysql/tests/integration/apicurio-registry/schema-util/kconnect/target/apicurio-registry-schema-util-kconnect-3.0.9.jar:/home/runner/work/apicurio-testing/apicurio-testing/clusters/ci419/namespaces/mysql/tests/integration/apicurio-registry/schema-util/openapi/target/apicurio-registry-schema-util-openapi-3.0.9.jar:/home/runner/.m2/repository/io/apicurio/apicurio-data-models/2.2.1/apicurio-data-models-2.2.1.jar:/home/runner/.m2/repository/org/openapitools/openapidiff/openapi-diff-core/2.0.1/openapi-diff-core-2.0.1.jar:/home/runner/.m2/repository/io/swagger/parser/v3/swagger-parser/2.0.28/swagger-parser-2.0.28.jar:/home/runner/.m2/repository/io/swagger/parser/v3/swagger-parser-v2-converter/2.0.28/swagger-parser-v2-converter-2.0.28.jar:/home/runner/.m2/repository/io/swagger/swagger-core/1.6.3/swagger-core-1.6.3.jar:/home/runner/.m2/repository/io/swagger/swagger-models/1.6.3/swagger-models-1.6.3.jar:/home/runner/.m2/repository/io/swagger/swagger-annotations/1.6.3/swagger-annotations-1.6.3.jar:/home/runner/.m2/repository/io/swagger/swagger-parser/1.0.56/swagger-parser-1.0.56.jar:/home/runner/.m2/repository/io/swagger/swagger-compat-spec-parser/1.0.56/swagger-compat-spec-parser-1.0.56.jar:/home/runner/.m2/repository/com/github/java-json-tools/json-schema-validator/2.2.14/json-schema-validator-2.2.14.jar:/home/runner/.m2/repository/com/github/java-json-tools/jackson-coreutils-equivalence/1.0/jackson-coreutils-equivalence-1.0.jar:/home/runner/.m2/repository/com/github/java-json-tools/json-schema-core/1.2.14/json-schema-core-1.2.14.jar:/home/runner/.m2/repository/com/github/java-json-tools/uri-template/0.10/uri-template-0.10.jar:/home/runner/.m2/repository/com/sun/mail/mailapi/1.6.2/mailapi-1.6.2.jar:/home/runner/.m2/repository/com/googlecode/libphonenumber/libphonenumber/8.11.1/libphonenumber-8.11.1.jar:/home/runner/.m2/repository/com/j2html/j2html/1.5.0/j2html-1.5.0.jar:/home/runner/.m2/repository/org/apache/commons/commons-collections4/4.4/commons-collections4-4.4.jar:/home/runner/.m2/repository/commons-httpclient/commons-httpclient/3.1/commons-httpclient-3.1.jar:/home/runner/.m2/repository/io/swagger/parser/v3/swagger-parser-v3/2.1.25/swagger-parser-v3-2.1.25.jar:/home/runner/.m2/repository/io/swagger/core/v3/swagger-models/2.2.28/swagger-models-2.2.28.jar:/home/runner/.m2/repository/io/swagger/core/v3/swagger-core/2.2.28/swagger-core-2.2.28.jar:/home/runner/.m2/repository/io/swagger/parser/v3/swagger-parser-core/2.1.25/swagger-parser-core-2.1.25.jar:/home/runner/.m2/repository/io/swagger/parser/v3/swagger-parser-safe-url-resolver/2.1.25/swagger-parser-safe-url-resolver-2.1.25.jar:/home/runner/work/apicurio-testing/apicurio-testing/clusters/ci419/namespaces/mysql/tests/integration/apicurio-registry/schema-util/wsdl/target/apicurio-registry-schema-util-wsdl-3.0.9.jar:/home/runner/.m2/repository/wsdl4j/wsdl4j/1.6.3/wsdl4j-1.6.3.jar:/home/runner/work/apicurio-testing/apicurio-testing/clusters/ci419/namespaces/mysql/tests/integration/apicurio-registry/schema-util/xml/target/apicurio-registry-schema-util-xml-3.0.9.jar:/home/runner/.m2/repository/org/apache/santuario/xmlsec/4.0.3/xmlsec-4.0.3.jar:/home/runner/.m2/repository/com/fasterxml/woodstox/woodstox-core/7.1.0/woodstox-core-7.1.0.jar:/home/runner/.m2/repository/org/codehaus/woodstox/stax2-api/4.2.2/stax2-api-4.2.2.jar:/home/runner/work/apicurio-testing/apicurio-testing/clusters/ci419/namespaces/mysql/tests/integration/apicurio-registry/schema-util/xsd/target/apicurio-registry-schema-util-xsd-3.0.9.jar:/home/runner/work/apicurio-testing/apicurio-testing/clusters/ci419/namespaces/mysql/tests/integration/apicurio-registry/serdes/kafka/jsonschema-serde/target/apicurio-registry-jsonschema-serde-kafka-3.0.9.jar:/home/runner/work/apicurio-testing/apicurio-testing/clusters/ci419/namespaces/mysql/tests/integration/apicurio-registry/serdes/kafka/serde-kafka-common/target/apicurio-registry-serde-kafka-common-3.0.9.jar:/home/runner/work/apicurio-testing/apicurio-testing/clusters/ci419/namespaces/mysql/tests/integration/apicurio-registry/serdes/generic/serde-common/target/apicurio-registry-serde-common-3.0.9.jar:/home/runner/work/apicurio-testing/apicurio-testing/clusters/ci419/namespaces/mysql/tests/integration/apicurio-registry/schema-resolver/target/apicurio-registry-schema-resolver-3.0.9.jar:/home/runner/work/apicurio-testing/apicurio-testing/clusters/ci419/namespaces/mysql/tests/integration/apicurio-registry/serdes/generic/serde-common-jsonschema/target/apicurio-registry-serde-common-jsonschema-3.0.9.jar:/home/runner/.m2/repository/org/json/json/20250107/json-20250107.jar:/home/runner/work/apicurio-testing/apicurio-testing/clusters/ci419/namespaces/mysql/tests/integration/apicurio-registry/serdes/kafka/avro-serde/target/apicurio-registry-avro-serde-kafka-3.0.9.jar:/home/runner/work/apicurio-testing/apicurio-testing/clusters/ci419/namespaces/mysql/tests/integration/apicurio-registry/serdes/generic/serde-common-avro/target/apicurio-registry-serde-common-avro-3.0.9.jar:/home/runner/work/apicurio-testing/apicurio-testing/clusters/ci419/namespaces/mysql/tests/integration/apicurio-registry/serdes/kafka/protobuf-serde/target/apicurio-registry-protobuf-serde-kafka-3.0.9.jar:/home/runner/work/apicurio-testing/apicurio-testing/clusters/ci419/namespaces/mysql/tests/integration/apicurio-registry/serdes/generic/serde-common-protobuf/target/apicurio-registry-serde-common-protobuf-3.0.9.jar:/home/runner/.m2/repository/com/squareup/wire/wire-schema/5.1.0/wire-schema-5.1.0.jar:/home/runner/.m2/repository/com/squareup/wire/wire-runtime/5.1.0/wire-runtime-5.1.0.jar:/home/runner/work/apicurio-testing/apicurio-testing/clusters/ci419/namespaces/mysql/tests/integration/apicurio-registry/serdes/pulsar/avro-serde/target/apicurio-registry-avro-serde-pulsar-3.0.9.jar:/home/runner/.m2/repository/org/apache/pulsar/pulsar-functions-api/3.3.4/pulsar-functions-api-3.3.4.jar:/home/runner/work/apicurio-testing/apicurio-testing/clusters/ci419/namespaces/mysql/tests/integration/apicurio-registry/serdes/nats/avro-serde/target/apicurio-registry-avro-serde-nats-3.0.9.jar:/home/runner/.m2/repository/io/nats/jnats/2.20.5/jnats-2.20.5.jar:/home/runner/.m2/repository/net/i2p/crypto/eddsa/0.3.0/eddsa-0.3.0.jar:/home/runner/work/apicurio-testing/apicurio-testing/clusters/ci419/namespaces/mysql/tests/integration/apicurio-registry/utils/converter/target/apicurio-registry-utils-converter-3.0.9.jar:/home/runner/.m2/repository/org/apache/kafka/connect-api/3.9.1/connect-api-3.9.1.jar:/home/runner/.m2/repository/javax/ws/rs/javax.ws.rs-api/2.1.1/javax.ws.rs-api-2.1.1.jar:/home/runner/.m2/repository/org/apache/kafka/connect-json/3.9.1/connect-json-3.9.1.jar:/home/runner/.m2/repository/com/fasterxml/jackson/datatype/jackson-datatype-jdk8/2.17.2/jackson-datatype-jdk8-2.17.2.jar:/home/runner/.m2/repository/com/fasterxml/jackson/module/jackson-module-afterburner/2.17.2/jackson-module-afterburner-2.17.2.jar:/home/runner/work/apicurio-testing/apicurio-testing/clusters/ci419/namespaces/mysql/tests/integration/apicurio-registry/utils/kafka/target/apicurio-registry-utils-kafka-3.0.9.jar:/home/runner/.m2/repository/org/apache/pulsar/pulsar-client/3.3.4/pulsar-client-3.3.4.jar:/home/runner/.m2/repository/org/apache/pulsar/pulsar-client-api/3.3.4/pulsar-client-api-3.3.4.jar:/home/runner/.m2/repository/org/apache/pulsar/pulsar-client-admin-api/3.3.4/pulsar-client-admin-api-3.3.4.jar:/home/runner/.m2/repository/org/apache/pulsar/bouncy-castle-bc/3.3.4/bouncy-castle-bc-3.3.4-pkg.jar:/home/runner/.m2/repository/org/bouncycastle/bcpkix-jdk18on/1.78.1/bcpkix-jdk18on-1.78.1.jar:/home/runner/.m2/repository/org/bouncycastle/bcutil-jdk18on/1.78.1/bcutil-jdk18on-1.78.1.jar:/home/runner/.m2/repository/org/bouncycastle/bcprov-jdk18on/1.78.1/bcprov-jdk18on-1.78.1.jar:/home/runner/.m2/repository/io/opentelemetry/opentelemetry-api/1.39.0/opentelemetry-api-1.39.0.jar:/home/runner/.m2/repository/io/opentelemetry/opentelemetry-context/1.39.0/opentelemetry-context-1.39.0.jar:/home/runner/.m2/repository/io/opentelemetry/opentelemetry-api-incubator/1.39.0-alpha/opentelemetry-api-incubator-1.39.0-alpha.jar:/home/runner/.m2/repository/com/fasterxml/jackson/core/jackson-annotations/2.17.2/jackson-annotations-2.17.2.jar:/home/runner/.m2/repository/javax/validation/validation-api/1.1.0.Final/validation-api-1.1.0.Final.jar:/home/runner/.m2/repository/io/confluent/kafka-avro-serializer/7.9.0/kafka-avro-serializer-7.9.0.jar:/home/runner/.m2/repository/org/apache/commons/commons-compress/1.27.0/commons-compress-1.27.0.jar:/home/runner/.m2/repository/io/confluent/kafka-schema-serializer/7.9.0/kafka-schema-serializer-7.9.0.jar:/home/runner/.m2/repository/com/fasterxml/jackson/dataformat/jackson-dataformat-csv/2.17.2/jackson-dataformat-csv-2.17.2.jar:/home/runner/.m2/repository/io/confluent/kafka-schema-registry-client/7.9.0/kafka-schema-registry-client-7.9.0.jar:/home/runner/.m2/repository/org/yaml/snakeyaml/2.2/snakeyaml-2.2.jar:/home/runner/.m2/repository/io/swagger/core/v3/swagger-annotations/2.1.10/swagger-annotations-2.1.10.jar:/home/runner/.m2/repository/com/google/guava/guava/33.2.1-jre/guava-33.2.1-jre.jar:/home/runner/.m2/repository/com/google/guava/failureaccess/1.0.1/failureaccess-1.0.1.jar:/home/runner/.m2/repository/org/checkerframework/checker-qual/3.46.0/checker-qual-3.46.0.jar:/home/runner/.m2/repository/io/confluent/logredactor/1.0.12/logredactor-1.0.12.jar:/home/runner/.m2/repository/com/google/re2j/re2j/1.6/re2j-1.6.jar:/home/runner/.m2/repository/io/confluent/logredactor-metrics/1.0.12/logredactor-metrics-1.0.12.jar:/home/runner/.m2/repository/com/eclipsesource/minimal-json/minimal-json/0.9.5/minimal-json-0.9.5.jar:/home/runner/.m2/repository/io/confluent/common-utils/7.9.0/common-utils-7.9.0.jar:/home/runner/.m2/repository/io/confluent/kafka-connect-avro-converter/7.9.0/kafka-connect-avro-converter-7.9.0.jar:/home/runner/.m2/repository/io/confluent/kafka-connect-avro-data/7.9.0/kafka-connect-avro-data-7.9.0.jar:/home/runner/.m2/repository/io/confluent/kafka-schema-converter/7.9.0/kafka-schema-converter-7.9.0.jar:/home/runner/.m2/repository/io/rest-assured/rest-assured/5.5.0/rest-assured-5.5.0.jar:/home/runner/.m2/repository/org/apache/groovy/groovy/4.0.22/groovy-4.0.22.jar:/home/runner/.m2/repository/org/apache/groovy/groovy-xml/4.0.22/groovy-xml-4.0.22.jar:/home/runner/.m2/repository/org/apache/httpcomponents/httpclient/4.5.14/httpclient-4.5.14.jar:/home/runner/.m2/repository/org/apache/httpcomponents/httpcore/4.4.16/httpcore-4.4.16.jar:/home/runner/.m2/repository/org/apache/httpcomponents/httpmime/4.5.14/httpmime-4.5.14.jar:/home/runner/.m2/repository/org/hamcrest/hamcrest/2.2/hamcrest-2.2.jar:/home/runner/.m2/repository/org/ccil/cowan/tagsoup/tagsoup/1.2.1/tagsoup-1.2.1.jar:/home/runner/.m2/repository/io/rest-assured/json-path/5.5.0/json-path-5.5.0.jar:/home/runner/.m2/repository/org/apache/groovy/groovy-json/4.0.22/groovy-json-4.0.22.jar:/home/runner/.m2/repository/io/rest-assured/rest-assured-common/5.5.0/rest-assured-common-5.5.0.jar:/home/runner/.m2/repository/io/rest-assured/xml-path/5.5.0/xml-path-5.5.0.jar:/home/runner/.m2/repository/io/zonky/test/embedded-postgres/2.1.0/embedded-postgres-2.1.0.jar:/home/runner/.m2/repository/io/zonky/test/postgres/embedded-postgres-binaries-windows-amd64/14.15.0/embedded-postgres-binaries-windows-amd64-14.15.0.jar:/home/runner/.m2/repository/io/zonky/test/postgres/embedded-postgres-binaries-darwin-amd64/14.15.0/embedded-postgres-binaries-darwin-amd64-14.15.0.jar:/home/runner/.m2/repository/io/zonky/test/postgres/embedded-postgres-binaries-linux-amd64/14.15.0/embedded-postgres-binaries-linux-amd64-14.15.0.jar:/home/runner/.m2/repository/io/zonky/test/postgres/embedded-postgres-binaries-linux-amd64-alpine/14.15.0/embedded-postgres-binaries-linux-amd64-alpine-14.15.0.jar:/home/runner/.m2/repository/org/apache/commons/commons-lang3/3.14.0/commons-lang3-3.14.0.jar:/home/runner/.m2/repository/org/tukaani/xz/1.10/xz-1.10.jar:/home/runner/.m2/repository/commons-codec/commons-codec/1.18.0/commons-codec-1.18.0.jar:/home/runner/.m2/repository/org/postgresql/postgresql/42.7.4/postgresql-42.7.4.jar:/home/runner/.m2/repository/commons-io/commons-io/2.16.1/commons-io-2.16.1.jar:/home/runner/work/apicurio-testing/apicurio-testing/clusters/ci419/namespaces/mysql/tests/integration/apicurio-registry/utils/importexport/target/apicurio-registry-utils-import-export-3.0.9.jar:/home/runner/.m2/repository/io/vertx/vertx-core/4.5.13/vertx-core-4.5.13.jar:/home/runner/.m2/repository/io/netty/netty-common/4.1.118.Final/netty-common-4.1.118.Final.jar:/home/runner/.m2/repository/io/netty/netty-buffer/4.1.118.Final/netty-buffer-4.1.118.Final.jar:/home/runner/.m2/repository/io/netty/netty-transport/4.1.118.Final/netty-transport-4.1.118.Final.jar:/home/runner/.m2/repository/io/netty/netty-handler/4.1.118.Final/netty-handler-4.1.118.Final.jar:/home/runner/.m2/repository/io/netty/netty-transport-native-unix-common/4.1.118.Final/netty-transport-native-unix-common-4.1.118.Final.jar:/home/runner/.m2/repository/io/netty/netty-codec/4.1.118.Final/netty-codec-4.1.118.Final.jar:/home/runner/.m2/repository/io/netty/netty-handler-proxy/4.1.118.Final/netty-handler-proxy-4.1.118.Final.jar:/home/runner/.m2/repository/io/netty/netty-codec-socks/4.1.118.Final/netty-codec-socks-4.1.118.Final.jar:/home/runner/.m2/repository/io/netty/netty-codec-http/4.1.118.Final/netty-codec-http-4.1.118.Final.jar:/home/runner/.m2/repository/io/netty/netty-codec-http2/4.1.118.Final/netty-codec-http2-4.1.118.Final.jar:/home/runner/.m2/repository/io/netty/netty-resolver/4.1.118.Final/netty-resolver-4.1.118.Final.jar:/home/runner/.m2/repository/io/netty/netty-resolver-dns/4.1.118.Final/netty-resolver-dns-4.1.118.Final.jar:/home/runner/.m2/repository/io/netty/netty-codec-dns/4.1.118.Final/netty-codec-dns-4.1.118.Final.jar:/home/runner/.m2/repository/com/fasterxml/jackson/core/jackson-core/2.17.2/jackson-core-2.17.2.jar:"/>
    <property name="sun.cpu.endian" value="little"/>
    <property name="user.home" value="/home/runner"/>
    <property name="user.language" value="en"/>
    <property name="jboss.log-version" value="false"/>
    <property name="java.specification.vendor" value="Oracle Corporation"/>
    <property name="java.version.date" value="2025-07-15"/>
    <property name="java.home" value="/usr/lib/jvm/temurin-17-jdk-amd64"/>
    <property name="file.separator" value="/"/>
    <property name="basedir" value="/home/runner/work/apicurio-testing/apicurio-testing/clusters/ci419/namespaces/mysql/tests/integration/apicurio-registry/integration-tests"/>
    <property name="java.vm.compressedOopsMode" value="32-bit"/>
    <property name="line.separator" value="&#10;"/>
    <property name="java.specification.name" value="Java Platform API Specification"/>
    <property name="java.vm.specification.vendor" value="Oracle Corporation"/>
    <property name="quarkus.http.test-host" value="registry-app-mysql.apps.ci419.apicurio-testing.org"/>
    <property name="surefire.real.class.path" value="/home/runner/work/apicurio-testing/apicurio-testing/clusters/ci419/namespaces/mysql/tests/integration/apicurio-registry/integration-tests/target/surefire/surefirebooter-20250731022243365_3.jar"/>
    <property name="sun.management.compiler" value="HotSpot 64-Bit Tiered Compilers"/>
    <property name="org.eclipse.jetty.http.HttpGenerator.STRICT" value="true"/>
    <property name="java.runtime.version" value="17.0.16+8"/>
    <property name="user.name" value="runner"/>
    <property name="path.separator" value=":"/>
    <property name="os.version" value="6.8.0-1031-azure"/>
    <property name="java.runtime.name" value="OpenJDK Runtime Environment"/>
    <property name="file.encoding" value="UTF-8"/>
    <property name="jnidispatch.path" value="/home/runner/.cache/JNA/temp/jna7163547519994193315.tmp"/>
    <property name="java.vm.name" value="OpenJDK 64-Bit Server VM"/>
    <property name="jna.platform.library.path" value="/usr/lib/x86_64-linux-gnu:/lib/x86_64-linux-gnu:/usr/lib64:/lib64:/usr/lib:/lib:/lib32:/usr/local/lib:/usr/lib/x86_64-linux-gnu/libfakeroot"/>
    <property name="java.vendor.version" value="Temurin-17.0.16+8"/>
    <property name="quarkus.oidc.token-path" value="https://keycloak-mysql.apps.ci419.apicurio-testing.org/realms/registry/protocol/openid-connect/token"/>
    <property name="quarkus.http.host" value="registry-app-mysql.apps.ci419.apicurio-testing.org"/>
    <property name="localRepository" value="/home/runner/.m2/repository"/>
    <property name="javax.xml.xpath.XPathFactory:http://java.sun.com/jaxp/xpath/dom" value="com.sun.org.apache.xpath.internal.jaxp.XPathFactoryImpl"/>
    <property name="jna.loaded" value="true"/>
    <property name="java.vendor.url.bug" value="https://github.com/adoptium/adoptium-support/issues"/>
    <property name="jetty.git.hash" value="5bc5e562c8d05c5862505aebe5cf83a61bdbcb96"/>
    <property name="java.io.tmpdir" value="/tmp"/>
    <property name="quarkus.http.test-protocol" value="http"/>
    <property name="java.version" value="17.0.16"/>
    <property name="user.dir" value="/home/runner/work/apicurio-testing/apicurio-testing/clusters/ci419/namespaces/mysql/tests/integration/apicurio-registry/integration-tests"/>
    <property name="os.arch" value="amd64"/>
    <property name="groups" value="( smoke | serdes | acceptance | ui)"/>
    <property name="java.vm.specification.name" value="Java Virtual Machine Specification"/>
    <property name="native.encoding" value="UTF-8"/>
    <property name="java.util.logging.manager" value="org.jboss.logmanager.LogManager"/>
    <property name="java.library.path" value="/usr/java/packages/lib:/usr/lib64:/lib64:/lib:/usr/lib"/>
    <property name="jdk.console" value="java.base"/>
    <property name="java.vm.info" value="mixed mode, sharing"/>
    <property name="java.vendor" value="Eclipse Adoptium"/>
    <property name="java.vm.version" value="17.0.16+8"/>
    <property name="java.specification.maintenance.version" value="1"/>
    <property name="sun.io.unicode.encoding" value="UnicodeLittle"/>
    <property name="javax.xml.transform.TransformerFactory" value="com.sun.org.apache.xalan.internal.xsltc.trax.TransformerFactoryImpl"/>
    <property name="java.class.version" value="61.0"/>
  </properties>
  <testcase name="testEvolveAvroConfluent" classname="io.apicurio.tests.serdes.confluent.BasicConfluentSerDesIT" time="4.871">
    <system-out><![CDATA[2025-07-31 02:24:31,150 INFO  [io.api.tes.ser.con.BasicConfluentSerDesIT] (main) RestAssured configured with http://registry-app-mysql.apps.ci419.apicurio-testing.org:80/apis/registry/v3
2025-07-31 02:24:31,306 INFO  [io.api.tes.ser.con.BasicConfluentSerDesIT] (main) Deleting confluent schema subj_286fbcbc_e1f6_401d_aebf_4e4593e2ad7f-value
2025-07-31 02:24:31,365 INFO  [io.api.tes.ser.con.BasicConfluentSerDesIT] (main) Deleting confluent schema subj_4468c513_b81c_4e77_beaa_df832b7fcdcf-value
2025-07-31 02:24:31,396 INFO  [io.api.tes.ser.con.BasicConfluentSerDesIT] (main) Deleting confluent schema subj_de0bbe01_2462_4d86_a595_4ef7f09e08e1-value
2025-07-31 02:24:31,428 INFO  [io.api.tes.ser.con.BasicConfluentSerDesIT] (main) Deleting confluent schema topic-eaf81873_1121_4d6a_ba22_c55f32ed329d-value
2025-07-31 02:24:31,461 INFO  [io.api.tes.ser.con.BasicConfluentSerDesIT] (main) Deleting confluent schema topic-62e4d537_f30f_4b03_ac1c_97c1615a3486-value
2025-07-31 02:24:31,494 INFO  [io.api.tes.ser.con.BasicConfluentSerDesIT] (main) Deleting confluent schema topic-a28a5407_d8dd_4462_9933_79925f1e7267-value
2025-07-31 02:24:31,527 INFO  [io.api.tes.ser.con.BasicConfluentSerDesIT] (main) Deleting confluent schema topic-40c63993_0643_4db8_a6f3_2543ab0ff43c-value
2025-07-31 02:24:31,559 INFO  [io.api.tes.ser.con.BasicConfluentSerDesIT] (main) Deleting confluent schema topic-3cf9806c_011e_46a5_870a_66368ca50e38-value
2025-07-31 02:24:31,597 INFO  [io.api.tes.ser.con.BasicConfluentSerDesIT] (main) Deleting confluent schema topic-f1e143d6_1671_45e7_a150_114bb319d8dd-value
2025-07-31 02:24:31,631 INFO  [io.api.tes.ser.con.BasicConfluentSerDesIT] (main) Deleting confluent schema myrecordconfluent
2025-07-31 02:24:31,662 INFO  [io.api.tes.ser.con.BasicConfluentSerDesIT] (main) Deleting confluent schema topic-7d6795b4_c8e4_43e1_bf68_903f9a296d54
2025-07-31 02:24:31,694 INFO  [io.api.tes.ser.con.BasicConfluentSerDesIT] (main) Deleting confluent schema topic-2e4a2f77_b234_43b8_8a31_a8f8a9b12b01-value
2025-07-31 02:24:31,725 INFO  [io.api.tes.ser.con.BasicConfluentSerDesIT] (main) Deleting confluent schema topic-ebbd01dd_536c_4cd2_80a3_e75513cd1059
2025-07-31 02:24:31,761 INFO  [io.api.tes.ser.con.BasicConfluentSerDesIT] (main) Deleting confluent schema topic-e373c526_049d_4a1b_a639_b69a04b6a727-value
2025-07-31 02:24:31,792 INFO  [io.api.tes.ser.con.BasicConfluentSerDesIT] (main) Deleting confluent schema topic-4b7667bf_e08f_4026_a2b3_5c6931b0557d
2025-07-31 02:24:31,824 INFO  [io.api.tes.ser.con.BasicConfluentSerDesIT] (main) Deleting confluent schema topic-25c0ae12_a03a_4775_b33d_64f5628d7580-value
2025-07-31 02:24:31,855 INFO  [io.api.tes.ser.con.BasicConfluentSerDesIT] (main) Deleting confluent schema google/protobuf/timestamp.proto
2025-07-31 02:24:31,888 INFO  [io.api.tes.ser.con.BasicConfluentSerDesIT] (main) Deleting confluent schema topic-50d8e496_b71b_4459_a06f_7d37aed35b72-value
2025-07-31 02:24:31,919 INFO  [io.api.tes.ser.con.BasicConfluentSerDesIT] (main) Deleting confluent schema topic-88ce8718_7cec_4efc_8ab6_d5015d4848ff-value
2025-07-31 02:24:31,952 INFO  [io.api.tes.ser.con.BasicConfluentSerDesIT] (main) Deleting confluent schema topic-dfa33858_66f8_4428_a1d7_91c90643091a-value
2025-07-31 02:24:31,987 INFO  [io.api.tes.uti.KafkaFacade] (main) Skipping deployment of kafka, because it's already deployed
2025-07-31 02:24:31,988 INFO  [io.api.tes.uti.TestSeparator] (main) ############################################################################
2025-07-31 02:24:31,988 INFO  [io.api.tes.uti.TestSeparator] (main) io.apicurio.tests.serdes.confluent.BasicConfluentSerDesIT.testEvolveAvroConfluent-STARTED
2025-07-31 02:24:31,993 INFO  [org.apa.kaf.cli.adm.AdminClientConfig] (main) AdminClientConfig values: 
	auto.include.jmx.reporter = true
	bootstrap.controllers = []
	bootstrap.servers = [PLAINTEXT://localhost:32770]
	client.dns.lookup = use_all_dns_ips
	client.id = 
	connections.max.idle.ms = 10000
	default.api.timeout.ms = 60000
	enable.metrics.push = true
	metadata.max.age.ms = 300000
	metadata.recovery.strategy = none
	metric.reporters = []
	metrics.num.samples = 2
	metrics.recording.level = INFO
	metrics.sample.window.ms = 30000
	receive.buffer.bytes = 65536
	reconnect.backoff.max.ms = 1000
	reconnect.backoff.ms = 50
	request.timeout.ms = 5000
	retries = 2147483647
	retry.backoff.max.ms = 1000
	retry.backoff.ms = 100
	sasl.client.callback.handler.class = null
	sasl.jaas.config = null
	sasl.kerberos.kinit.cmd = /usr/bin/kinit
	sasl.kerberos.min.time.before.relogin = 60000
	sasl.kerberos.service.name = null
	sasl.kerberos.ticket.renew.jitter = 0.05
	sasl.kerberos.ticket.renew.window.factor = 0.8
	sasl.login.callback.handler.class = null
	sasl.login.class = null
	sasl.login.connect.timeout.ms = null
	sasl.login.read.timeout.ms = null
	sasl.login.refresh.buffer.seconds = 300
	sasl.login.refresh.min.period.seconds = 60
	sasl.login.refresh.window.factor = 0.8
	sasl.login.refresh.window.jitter = 0.05
	sasl.login.retry.backoff.max.ms = 10000
	sasl.login.retry.backoff.ms = 100
	sasl.mechanism = GSSAPI
	sasl.oauthbearer.clock.skew.seconds = 30
	sasl.oauthbearer.expected.audience = null
	sasl.oauthbearer.expected.issuer = null
	sasl.oauthbearer.header.urlencode = false
	sasl.oauthbearer.jwks.endpoint.refresh.ms = 3600000
	sasl.oauthbearer.jwks.endpoint.retry.backoff.max.ms = 10000
	sasl.oauthbearer.jwks.endpoint.retry.backoff.ms = 100
	sasl.oauthbearer.jwks.endpoint.url = null
	sasl.oauthbearer.scope.claim.name = scope
	sasl.oauthbearer.sub.claim.name = sub
	sasl.oauthbearer.token.endpoint.url = null
	security.protocol = PLAINTEXT
	security.providers = null
	send.buffer.bytes = 131072
	socket.connection.setup.timeout.max.ms = 30000
	socket.connection.setup.timeout.ms = 10000
	ssl.cipher.suites = null
	ssl.enabled.protocols = [TLSv1.2, TLSv1.3]
	ssl.endpoint.identification.algorithm = https
	ssl.engine.factory.class = null
	ssl.key.password = null
	ssl.keymanager.algorithm = SunX509
	ssl.keystore.certificate.chain = null
	ssl.keystore.key = null
	ssl.keystore.location = null
	ssl.keystore.password = null
	ssl.keystore.type = JKS
	ssl.protocol = TLSv1.3
	ssl.provider = null
	ssl.secure.random.implementation = null
	ssl.trustmanager.algorithm = PKIX
	ssl.truststore.certificates = null
	ssl.truststore.location = null
	ssl.truststore.password = null
	ssl.truststore.type = JKS

2025-07-31 02:24:31,996 INFO  [org.apa.kaf.com.uti.AppInfoParser] (main) Kafka version: 3.9.0
2025-07-31 02:24:31,996 INFO  [org.apa.kaf.com.uti.AppInfoParser] (main) Kafka commitId: 84caaa6e9da06435
2025-07-31 02:24:31,996 INFO  [org.apa.kaf.com.uti.AppInfoParser] (main) Kafka startTimeMs: 1753928671996
2025-07-31 02:24:32,202 INFO  [io.api.tes.ser.con.BasicConfluentSerDesIT] (main) Checking that created schema is equal to the get schema
2025-07-31 02:24:32,243 INFO  [io.api.tes.ser.con.BasicConfluentSerDesIT] (main) Created schema with id:52 and name:s7f110daax658fx4184x8254x9ff02c3f5ea5
2025-07-31 02:24:32,249 INFO  [org.apa.kaf.cli.pro.ProducerConfig] (main) ProducerConfig values: 
	acks = -1
	auto.include.jmx.reporter = true
	batch.size = 16384
	bootstrap.servers = [PLAINTEXT://localhost:32770]
	buffer.memory = 33554432
	client.dns.lookup = use_all_dns_ips
	client.id = Producer-topic-2f491f72_951b_454f_acab_34a3c33afb1a
	compression.gzip.level = -1
	compression.lz4.level = 9
	compression.type = none
	compression.zstd.level = 3
	connections.max.idle.ms = 10000
	delivery.timeout.ms = 120000
	enable.idempotence = true
	enable.metrics.push = true
	interceptor.classes = []
	key.serializer = class org.apache.kafka.common.serialization.StringSerializer
	linger.ms = 0
	max.block.ms = 60000
	max.in.flight.requests.per.connection = 5
	max.request.size = 1048576
	metadata.max.age.ms = 300000
	metadata.max.idle.ms = 300000
	metadata.recovery.strategy = none
	metric.reporters = []
	metrics.num.samples = 2
	metrics.recording.level = INFO
	metrics.sample.window.ms = 30000
	partitioner.adaptive.partitioning.enable = true
	partitioner.availability.timeout.ms = 0
	partitioner.class = null
	partitioner.ignore.keys = false
	receive.buffer.bytes = 32768
	reconnect.backoff.max.ms = 1000
	reconnect.backoff.ms = 50
	request.timeout.ms = 5000
	retries = 2147483647
	retry.backoff.max.ms = 1000
	retry.backoff.ms = 100
	sasl.client.callback.handler.class = null
	sasl.jaas.config = null
	sasl.kerberos.kinit.cmd = /usr/bin/kinit
	sasl.kerberos.min.time.before.relogin = 60000
	sasl.kerberos.service.name = null
	sasl.kerberos.ticket.renew.jitter = 0.05
	sasl.kerberos.ticket.renew.window.factor = 0.8
	sasl.login.callback.handler.class = null
	sasl.login.class = null
	sasl.login.connect.timeout.ms = null
	sasl.login.read.timeout.ms = null
	sasl.login.refresh.buffer.seconds = 300
	sasl.login.refresh.min.period.seconds = 60
	sasl.login.refresh.window.factor = 0.8
	sasl.login.refresh.window.jitter = 0.05
	sasl.login.retry.backoff.max.ms = 10000
	sasl.login.retry.backoff.ms = 100
	sasl.mechanism = GSSAPI
	sasl.oauthbearer.clock.skew.seconds = 30
	sasl.oauthbearer.expected.audience = null
	sasl.oauthbearer.expected.issuer = null
	sasl.oauthbearer.header.urlencode = false
	sasl.oauthbearer.jwks.endpoint.refresh.ms = 3600000
	sasl.oauthbearer.jwks.endpoint.retry.backoff.max.ms = 10000
	sasl.oauthbearer.jwks.endpoint.retry.backoff.ms = 100
	sasl.oauthbearer.jwks.endpoint.url = null
	sasl.oauthbearer.scope.claim.name = scope
	sasl.oauthbearer.sub.claim.name = sub
	sasl.oauthbearer.token.endpoint.url = null
	security.protocol = PLAINTEXT
	security.providers = null
	send.buffer.bytes = 131072
	socket.connection.setup.timeout.max.ms = 30000
	socket.connection.setup.timeout.ms = 10000
	ssl.cipher.suites = null
	ssl.enabled.protocols = [TLSv1.2, TLSv1.3]
	ssl.endpoint.identification.algorithm = https
	ssl.engine.factory.class = null
	ssl.key.password = null
	ssl.keymanager.algorithm = SunX509
	ssl.keystore.certificate.chain = null
	ssl.keystore.key = null
	ssl.keystore.location = null
	ssl.keystore.password = null
	ssl.keystore.type = JKS
	ssl.protocol = TLSv1.3
	ssl.provider = null
	ssl.secure.random.implementation = null
	ssl.trustmanager.algorithm = PKIX
	ssl.truststore.certificates = null
	ssl.truststore.location = null
	ssl.truststore.password = null
	ssl.truststore.type = JKS
	transaction.timeout.ms = 60000
	transactional.id = null
	value.serializer = class io.confluent.kafka.serializers.KafkaAvroSerializer

2025-07-31 02:24:32,250 INFO  [org.apa.kaf.com.tel.int.KafkaMetricsCollector] (main) initializing Kafka metrics collector
2025-07-31 02:24:32,252 INFO  [io.con.kaf.ser.KafkaAvroSerializerConfig] (main) KafkaAvroSerializerConfig values: 
	auto.register.schemas = false
	avro.reflection.allow.null = false
	avro.remove.java.properties = false
	avro.use.logical.type.converters = false
	basic.auth.credentials.source = URL
	basic.auth.user.info = [hidden]
	bearer.auth.cache.expiry.buffer.seconds = 300
	bearer.auth.client.id = null
	bearer.auth.client.secret = null
	bearer.auth.credentials.source = STATIC_TOKEN
	bearer.auth.custom.provider.class = null
	bearer.auth.identity.pool.id = null
	bearer.auth.issuer.endpoint.url = null
	bearer.auth.logical.cluster = null
	bearer.auth.scope = null
	bearer.auth.scope.claim.name = scope
	bearer.auth.sub.claim.name = sub
	bearer.auth.token = [hidden]
	context.name.strategy = class io.confluent.kafka.serializers.context.NullContextNameStrategy
	http.connect.timeout.ms = 60000
	http.read.timeout.ms = 60000
	id.compatibility.strict = true
	key.subject.name.strategy = class io.confluent.kafka.serializers.subject.TopicNameStrategy
	latest.cache.size = 1000
	latest.cache.ttl.sec = -1
	latest.compatibility.strict = true
	max.retries = 3
	max.schemas.per.subject = 1000
	normalize.schemas = false
	propagate.schema.tags = false
	proxy.host = 
	proxy.port = -1
	retries.max.wait.ms = 20000
	retries.wait.ms = 1000
	rule.actions = []
	rule.executors = []
	rule.service.loader.enable = true
	schema.format = null
	schema.reflection = false
	schema.registry.basic.auth.user.info = [hidden]
	schema.registry.ssl.cipher.suites = null
	schema.registry.ssl.enabled.protocols = [TLSv1.2, TLSv1.3]
	schema.registry.ssl.endpoint.identification.algorithm = https
	schema.registry.ssl.engine.factory.class = null
	schema.registry.ssl.key.password = null
	schema.registry.ssl.keymanager.algorithm = SunX509
	schema.registry.ssl.keystore.certificate.chain = null
	schema.registry.ssl.keystore.key = null
	schema.registry.ssl.keystore.location = null
	schema.registry.ssl.keystore.password = null
	schema.registry.ssl.keystore.type = JKS
	schema.registry.ssl.protocol = TLSv1.3
	schema.registry.ssl.provider = null
	schema.registry.ssl.secure.random.implementation = null
	schema.registry.ssl.trustmanager.algorithm = PKIX
	schema.registry.ssl.truststore.certificates = null
	schema.registry.ssl.truststore.location = null
	schema.registry.ssl.truststore.password = null
	schema.registry.ssl.truststore.type = JKS
	schema.registry.url = [http://registry-app-mysql.apps.ci419.apicurio-testing.org:80/apis/ccompat/v7]
	use.latest.version = false
	use.latest.with.metadata = null
	use.schema.id = -1
	value.subject.name.strategy = class io.confluent.kafka.serializers.subject.TopicRecordNameStrategy

2025-07-31 02:24:32,265 INFO  [org.apa.kaf.cli.pro.KafkaProducer] (main) [Producer clientId=Producer-topic-2f491f72_951b_454f_acab_34a3c33afb1a] Instantiated an idempotent producer.
2025-07-31 02:24:32,267 INFO  [org.apa.kaf.cli.pro.ProducerConfig] (main) These configurations '[schema.registry.url, auto.register.schemas, value.subject.name.strategy]' were supplied but are not used yet.
2025-07-31 02:24:32,267 INFO  [org.apa.kaf.com.uti.AppInfoParser] (main) Kafka version: 3.9.0
2025-07-31 02:24:32,267 INFO  [org.apa.kaf.com.uti.AppInfoParser] (main) Kafka commitId: 84caaa6e9da06435
2025-07-31 02:24:32,267 INFO  [org.apa.kaf.com.uti.AppInfoParser] (main) Kafka startTimeMs: 1753928672267
2025-07-31 02:24:32,273 INFO  [org.apa.kaf.cli.Metadata] (kafka-producer-network-thread | Producer-topic-2f491f72_951b_454f_acab_34a3c33afb1a) [Producer clientId=Producer-topic-2f491f72_951b_454f_acab_34a3c33afb1a] Cluster ID: EeXQRaomRg6j_8npZiTrIA
2025-07-31 02:24:32,273 INFO  [org.apa.kaf.cli.pro.int.TransactionManager] (kafka-producer-network-thread | Producer-topic-2f491f72_951b_454f_acab_34a3c33afb1a) [Producer clientId=Producer-topic-2f491f72_951b_454f_acab_34a3c33afb1a] ProducerId set to 36 with epoch 0
2025-07-31 02:24:32,274 INFO  [org.apa.kaf.cli.con.ConsumerConfig] (main) ConsumerConfig values: 
	allow.auto.create.topics = true
	auto.commit.interval.ms = 500
	auto.include.jmx.reporter = true
	auto.offset.reset = earliest
	bootstrap.servers = [PLAINTEXT://localhost:32770]
	check.crcs = true
	client.dns.lookup = use_all_dns_ips
	client.id = consumer-Consumer-topic-2f491f72_951b_454f_acab_34a3c33afb1a-27
	client.rack = 
	connections.max.idle.ms = 10000
	default.api.timeout.ms = 60000
	enable.auto.commit = true
	enable.metrics.push = true
	exclude.internal.topics = true
	fetch.max.bytes = 52428800
	fetch.max.wait.ms = 500
	fetch.min.bytes = 1
	group.id = Consumer-topic-2f491f72_951b_454f_acab_34a3c33afb1a
	group.instance.id = null
	group.protocol = classic
	group.remote.assignor = null
	heartbeat.interval.ms = 3000
	interceptor.classes = []
	internal.leave.group.on.close = true
	internal.throw.on.fetch.stable.offset.unsupported = false
	isolation.level = read_uncommitted
	key.deserializer = class org.apache.kafka.common.serialization.StringDeserializer
	max.partition.fetch.bytes = 1048576
	max.poll.interval.ms = 300000
	max.poll.records = 500
	metadata.max.age.ms = 300000
	metadata.recovery.strategy = none
	metric.reporters = []
	metrics.num.samples = 2
	metrics.recording.level = INFO
	metrics.sample.window.ms = 30000
	partition.assignment.strategy = [class org.apache.kafka.clients.consumer.RangeAssignor, class org.apache.kafka.clients.consumer.CooperativeStickyAssignor]
	receive.buffer.bytes = 65536
	reconnect.backoff.max.ms = 1000
	reconnect.backoff.ms = 50
	request.timeout.ms = 5000
	retry.backoff.max.ms = 1000
	retry.backoff.ms = 100
	sasl.client.callback.handler.class = null
	sasl.jaas.config = null
	sasl.kerberos.kinit.cmd = /usr/bin/kinit
	sasl.kerberos.min.time.before.relogin = 60000
	sasl.kerberos.service.name = null
	sasl.kerberos.ticket.renew.jitter = 0.05
	sasl.kerberos.ticket.renew.window.factor = 0.8
	sasl.login.callback.handler.class = null
	sasl.login.class = null
	sasl.login.connect.timeout.ms = null
	sasl.login.read.timeout.ms = null
	sasl.login.refresh.buffer.seconds = 300
	sasl.login.refresh.min.period.seconds = 60
	sasl.login.refresh.window.factor = 0.8
	sasl.login.refresh.window.jitter = 0.05
	sasl.login.retry.backoff.max.ms = 10000
	sasl.login.retry.backoff.ms = 100
	sasl.mechanism = GSSAPI
	sasl.oauthbearer.clock.skew.seconds = 30
	sasl.oauthbearer.expected.audience = null
	sasl.oauthbearer.expected.issuer = null
	sasl.oauthbearer.header.urlencode = false
	sasl.oauthbearer.jwks.endpoint.refresh.ms = 3600000
	sasl.oauthbearer.jwks.endpoint.retry.backoff.max.ms = 10000
	sasl.oauthbearer.jwks.endpoint.retry.backoff.ms = 100
	sasl.oauthbearer.jwks.endpoint.url = null
	sasl.oauthbearer.scope.claim.name = scope
	sasl.oauthbearer.sub.claim.name = sub
	sasl.oauthbearer.token.endpoint.url = null
	security.protocol = PLAINTEXT
	security.providers = null
	send.buffer.bytes = 131072
	session.timeout.ms = 45000
	socket.connection.setup.timeout.max.ms = 30000
	socket.connection.setup.timeout.ms = 10000
	ssl.cipher.suites = null
	ssl.enabled.protocols = [TLSv1.2, TLSv1.3]
	ssl.endpoint.identification.algorithm = https
	ssl.engine.factory.class = null
	ssl.key.password = null
	ssl.keymanager.algorithm = SunX509
	ssl.keystore.certificate.chain = null
	ssl.keystore.key = null
	ssl.keystore.location = null
	ssl.keystore.password = null
	ssl.keystore.type = JKS
	ssl.protocol = TLSv1.3
	ssl.provider = null
	ssl.secure.random.implementation = null
	ssl.trustmanager.algorithm = PKIX
	ssl.truststore.certificates = null
	ssl.truststore.location = null
	ssl.truststore.password = null
	ssl.truststore.type = JKS
	value.deserializer = class io.confluent.kafka.serializers.KafkaAvroDeserializer

2025-07-31 02:24:32,274 INFO  [org.apa.kaf.com.tel.int.KafkaMetricsCollector] (main) initializing Kafka metrics collector
2025-07-31 02:24:32,276 INFO  [io.con.kaf.ser.KafkaAvroDeserializerConfig] (main) KafkaAvroDeserializerConfig values: 
	auto.register.schemas = true
	avro.reflection.allow.null = false
	avro.use.logical.type.converters = false
	basic.auth.credentials.source = URL
	basic.auth.user.info = [hidden]
	bearer.auth.cache.expiry.buffer.seconds = 300
	bearer.auth.client.id = null
	bearer.auth.client.secret = null
	bearer.auth.credentials.source = STATIC_TOKEN
	bearer.auth.custom.provider.class = null
	bearer.auth.identity.pool.id = null
	bearer.auth.issuer.endpoint.url = null
	bearer.auth.logical.cluster = null
	bearer.auth.scope = null
	bearer.auth.scope.claim.name = scope
	bearer.auth.sub.claim.name = sub
	bearer.auth.token = [hidden]
	context.name.strategy = class io.confluent.kafka.serializers.context.NullContextNameStrategy
	http.connect.timeout.ms = 60000
	http.read.timeout.ms = 60000
	id.compatibility.strict = true
	key.subject.name.strategy = class io.confluent.kafka.serializers.subject.TopicNameStrategy
	latest.cache.size = 1000
	latest.cache.ttl.sec = -1
	latest.compatibility.strict = true
	max.retries = 3
	max.schemas.per.subject = 1000
	normalize.schemas = false
	propagate.schema.tags = false
	proxy.host = 
	proxy.port = -1
	retries.max.wait.ms = 20000
	retries.wait.ms = 1000
	rule.actions = []
	rule.executors = []
	rule.service.loader.enable = true
	schema.format = null
	schema.reflection = false
	schema.registry.basic.auth.user.info = [hidden]
	schema.registry.ssl.cipher.suites = null
	schema.registry.ssl.enabled.protocols = [TLSv1.2, TLSv1.3]
	schema.registry.ssl.endpoint.identification.algorithm = https
	schema.registry.ssl.engine.factory.class = null
	schema.registry.ssl.key.password = null
	schema.registry.ssl.keymanager.algorithm = SunX509
	schema.registry.ssl.keystore.certificate.chain = null
	schema.registry.ssl.keystore.key = null
	schema.registry.ssl.keystore.location = null
	schema.registry.ssl.keystore.password = null
	schema.registry.ssl.keystore.type = JKS
	schema.registry.ssl.protocol = TLSv1.3
	schema.registry.ssl.provider = null
	schema.registry.ssl.secure.random.implementation = null
	schema.registry.ssl.trustmanager.algorithm = PKIX
	schema.registry.ssl.truststore.certificates = null
	schema.registry.ssl.truststore.location = null
	schema.registry.ssl.truststore.password = null
	schema.registry.ssl.truststore.type = JKS
	schema.registry.url = [http://registry-app-mysql.apps.ci419.apicurio-testing.org:80/apis/ccompat/v7]
	specific.avro.key.type = null
	specific.avro.reader = false
	specific.avro.value.type = null
	use.latest.version = false
	use.latest.with.metadata = null
	use.schema.id = -1
	value.subject.name.strategy = class io.confluent.kafka.serializers.subject.TopicNameStrategy

2025-07-31 02:24:32,276 INFO  [io.con.kaf.ser.KafkaAvroDeserializerConfig] (main) KafkaAvroDeserializerConfig values: 
	auto.register.schemas = true
	avro.reflection.allow.null = false
	avro.use.logical.type.converters = false
	basic.auth.credentials.source = URL
	basic.auth.user.info = [hidden]
	bearer.auth.cache.expiry.buffer.seconds = 300
	bearer.auth.client.id = null
	bearer.auth.client.secret = null
	bearer.auth.credentials.source = STATIC_TOKEN
	bearer.auth.custom.provider.class = null
	bearer.auth.identity.pool.id = null
	bearer.auth.issuer.endpoint.url = null
	bearer.auth.logical.cluster = null
	bearer.auth.scope = null
	bearer.auth.scope.claim.name = scope
	bearer.auth.sub.claim.name = sub
	bearer.auth.token = [hidden]
	context.name.strategy = class io.confluent.kafka.serializers.context.NullContextNameStrategy
	http.connect.timeout.ms = 60000
	http.read.timeout.ms = 60000
	id.compatibility.strict = true
	key.subject.name.strategy = class io.confluent.kafka.serializers.subject.TopicNameStrategy
	latest.cache.size = 1000
	latest.cache.ttl.sec = -1
	latest.compatibility.strict = true
	max.retries = 3
	max.schemas.per.subject = 1000
	normalize.schemas = false
	propagate.schema.tags = false
	proxy.host = 
	proxy.port = -1
	retries.max.wait.ms = 20000
	retries.wait.ms = 1000
	rule.actions = []
	rule.executors = []
	rule.service.loader.enable = true
	schema.format = null
	schema.reflection = false
	schema.registry.basic.auth.user.info = [hidden]
	schema.registry.ssl.cipher.suites = null
	schema.registry.ssl.enabled.protocols = [TLSv1.2, TLSv1.3]
	schema.registry.ssl.endpoint.identification.algorithm = https
	schema.registry.ssl.engine.factory.class = null
	schema.registry.ssl.key.password = null
	schema.registry.ssl.keymanager.algorithm = SunX509
	schema.registry.ssl.keystore.certificate.chain = null
	schema.registry.ssl.keystore.key = null
	schema.registry.ssl.keystore.location = null
	schema.registry.ssl.keystore.password = null
	schema.registry.ssl.keystore.type = JKS
	schema.registry.ssl.protocol = TLSv1.3
	schema.registry.ssl.provider = null
	schema.registry.ssl.secure.random.implementation = null
	schema.registry.ssl.trustmanager.algorithm = PKIX
	schema.registry.ssl.truststore.certificates = null
	schema.registry.ssl.truststore.location = null
	schema.registry.ssl.truststore.password = null
	schema.registry.ssl.truststore.type = JKS
	schema.registry.url = [http://registry-app-mysql.apps.ci419.apicurio-testing.org:80/apis/ccompat/v7]
	specific.avro.key.type = null
	specific.avro.reader = false
	specific.avro.value.type = null
	use.latest.version = false
	use.latest.with.metadata = null
	use.schema.id = -1
	value.subject.name.strategy = class io.confluent.kafka.serializers.subject.TopicNameStrategy

2025-07-31 02:24:32,280 INFO  [org.apa.kaf.cli.con.ConsumerConfig] (main) These configurations '[schema.registry.url]' were supplied but are not used yet.
2025-07-31 02:24:32,280 INFO  [org.apa.kaf.com.uti.AppInfoParser] (main) Kafka version: 3.9.0
2025-07-31 02:24:32,280 INFO  [org.apa.kaf.com.uti.AppInfoParser] (main) Kafka commitId: 84caaa6e9da06435
2025-07-31 02:24:32,280 INFO  [org.apa.kaf.com.uti.AppInfoParser] (main) Kafka startTimeMs: 1753928672280
2025-07-31 02:24:32,282 INFO  [io.api.tes.ser.api.KafkaSerdesTester] (Thread-347) Sending message {"key1": "value-0"} to topic topic-2f491f72_951b_454f_acab_34a3c33afb1a
2025-07-31 02:24:32,355 INFO  [io.api.tes.ser.api.KafkaSerdesTester] (Thread-347) Sending message {"key1": "value-1"} to topic topic-2f491f72_951b_454f_acab_34a3c33afb1a
2025-07-31 02:24:32,357 INFO  [io.api.tes.ser.api.KafkaSerdesTester] (Thread-347) Sending message {"key1": "value-2"} to topic topic-2f491f72_951b_454f_acab_34a3c33afb1a
2025-07-31 02:24:32,358 INFO  [io.api.tes.ser.api.KafkaSerdesTester] (Thread-347) Sending message {"key1": "value-3"} to topic topic-2f491f72_951b_454f_acab_34a3c33afb1a
2025-07-31 02:24:32,359 INFO  [io.api.tes.ser.api.KafkaSerdesTester] (Thread-347) Sending message {"key1": "value-4"} to topic topic-2f491f72_951b_454f_acab_34a3c33afb1a
2025-07-31 02:24:32,360 INFO  [io.api.tes.ser.api.KafkaSerdesTester] (Thread-347) Sending message {"key1": "value-5"} to topic topic-2f491f72_951b_454f_acab_34a3c33afb1a
2025-07-31 02:24:32,361 INFO  [io.api.tes.ser.api.KafkaSerdesTester] (Thread-347) Sending message {"key1": "value-6"} to topic topic-2f491f72_951b_454f_acab_34a3c33afb1a
2025-07-31 02:24:32,363 INFO  [io.api.tes.ser.api.KafkaSerdesTester] (Thread-347) Sending message {"key1": "value-7"} to topic topic-2f491f72_951b_454f_acab_34a3c33afb1a
2025-07-31 02:24:32,364 INFO  [io.api.tes.ser.api.KafkaSerdesTester] (Thread-347) Sending message {"key1": "value-8"} to topic topic-2f491f72_951b_454f_acab_34a3c33afb1a
2025-07-31 02:24:32,365 INFO  [io.api.tes.ser.api.KafkaSerdesTester] (Thread-347) Sending message {"key1": "value-9"} to topic topic-2f491f72_951b_454f_acab_34a3c33afb1a
2025-07-31 02:24:32,366 INFO  [io.api.tes.ser.api.KafkaSerdesTester] (Thread-347) Produced 10 messages
2025-07-31 02:24:32,366 INFO  [org.apa.kaf.cli.pro.KafkaProducer] (Thread-347) [Producer clientId=Producer-topic-2f491f72_951b_454f_acab_34a3c33afb1a] Closing the Kafka producer with timeoutMillis = 9223372036854775807 ms.
2025-07-31 02:24:32,369 INFO  [org.apa.kaf.com.met.Metrics] (Thread-347) Metrics scheduler closed
2025-07-31 02:24:32,369 INFO  [org.apa.kaf.com.met.Metrics] (Thread-347) Closing reporter org.apache.kafka.common.metrics.JmxReporter
2025-07-31 02:24:32,369 INFO  [org.apa.kaf.com.met.Metrics] (Thread-347) Closing reporter org.apache.kafka.common.telemetry.internals.ClientTelemetryReporter
2025-07-31 02:24:32,369 INFO  [org.apa.kaf.com.met.Metrics] (Thread-347) Metrics reporters closed
2025-07-31 02:24:32,369 INFO  [org.apa.kaf.com.uti.AppInfoParser] (Thread-347) App info kafka.producer for Producer-topic-2f491f72_951b_454f_acab_34a3c33afb1a unregistered
2025-07-31 02:24:32,370 INFO  [org.apa.kaf.cli.con.int.ClassicKafkaConsumer] (Thread-348) [Consumer clientId=consumer-Consumer-topic-2f491f72_951b_454f_acab_34a3c33afb1a-27, groupId=Consumer-topic-2f491f72_951b_454f_acab_34a3c33afb1a] Subscribed to topic(s): topic-2f491f72_951b_454f_acab_34a3c33afb1a
2025-07-31 02:24:32,375 INFO  [org.apa.kaf.cli.Metadata] (Thread-348) [Consumer clientId=consumer-Consumer-topic-2f491f72_951b_454f_acab_34a3c33afb1a-27, groupId=Consumer-topic-2f491f72_951b_454f_acab_34a3c33afb1a] Cluster ID: EeXQRaomRg6j_8npZiTrIA
2025-07-31 02:24:32,378 INFO  [org.apa.kaf.cli.con.int.ConsumerCoordinator] (Thread-348) [Consumer clientId=consumer-Consumer-topic-2f491f72_951b_454f_acab_34a3c33afb1a-27, groupId=Consumer-topic-2f491f72_951b_454f_acab_34a3c33afb1a] Discovered group coordinator localhost:32770 (id: 2147483647 rack: null)
2025-07-31 02:24:32,381 INFO  [org.apa.kaf.cli.con.int.ConsumerCoordinator] (Thread-348) [Consumer clientId=consumer-Consumer-topic-2f491f72_951b_454f_acab_34a3c33afb1a-27, groupId=Consumer-topic-2f491f72_951b_454f_acab_34a3c33afb1a] (Re-)joining group
2025-07-31 02:24:32,390 INFO  [org.apa.kaf.cli.con.int.ConsumerCoordinator] (Thread-348) [Consumer clientId=consumer-Consumer-topic-2f491f72_951b_454f_acab_34a3c33afb1a-27, groupId=Consumer-topic-2f491f72_951b_454f_acab_34a3c33afb1a] Request joining group due to: need to re-join with the given member-id: consumer-Consumer-topic-2f491f72_951b_454f_acab_34a3c33afb1a-27-e5cceba8-dc3f-46b0-81c8-1bc2f6fd4926
2025-07-31 02:24:32,390 INFO  [org.apa.kaf.cli.con.int.ConsumerCoordinator] (Thread-348) [Consumer clientId=consumer-Consumer-topic-2f491f72_951b_454f_acab_34a3c33afb1a-27, groupId=Consumer-topic-2f491f72_951b_454f_acab_34a3c33afb1a] (Re-)joining group
2025-07-31 02:24:32,397 INFO  [org.apa.kaf.cli.con.int.ConsumerCoordinator] (Thread-348) [Consumer clientId=consumer-Consumer-topic-2f491f72_951b_454f_acab_34a3c33afb1a-27, groupId=Consumer-topic-2f491f72_951b_454f_acab_34a3c33afb1a] Successfully joined group with generation Generation{generationId=1, memberId='consumer-Consumer-topic-2f491f72_951b_454f_acab_34a3c33afb1a-27-e5cceba8-dc3f-46b0-81c8-1bc2f6fd4926', protocol='range'}
2025-07-31 02:24:32,398 INFO  [org.apa.kaf.cli.con.int.ConsumerCoordinator] (Thread-348) [Consumer clientId=consumer-Consumer-topic-2f491f72_951b_454f_acab_34a3c33afb1a-27, groupId=Consumer-topic-2f491f72_951b_454f_acab_34a3c33afb1a] Finished assignment for group at generation 1: {consumer-Consumer-topic-2f491f72_951b_454f_acab_34a3c33afb1a-27-e5cceba8-dc3f-46b0-81c8-1bc2f6fd4926=Assignment(partitions=[topic-2f491f72_951b_454f_acab_34a3c33afb1a-0])}
2025-07-31 02:24:32,402 INFO  [org.apa.kaf.cli.con.int.ConsumerCoordinator] (Thread-348) [Consumer clientId=consumer-Consumer-topic-2f491f72_951b_454f_acab_34a3c33afb1a-27, groupId=Consumer-topic-2f491f72_951b_454f_acab_34a3c33afb1a] Successfully synced group in generation Generation{generationId=1, memberId='consumer-Consumer-topic-2f491f72_951b_454f_acab_34a3c33afb1a-27-e5cceba8-dc3f-46b0-81c8-1bc2f6fd4926', protocol='range'}
2025-07-31 02:24:32,403 INFO  [org.apa.kaf.cli.con.int.ConsumerCoordinator] (Thread-348) [Consumer clientId=consumer-Consumer-topic-2f491f72_951b_454f_acab_34a3c33afb1a-27, groupId=Consumer-topic-2f491f72_951b_454f_acab_34a3c33afb1a] Notifying assignor about the new Assignment(partitions=[topic-2f491f72_951b_454f_acab_34a3c33afb1a-0])
2025-07-31 02:24:32,403 INFO  [org.apa.kaf.cli.con.int.ConsumerRebalanceListenerInvoker] (Thread-348) [Consumer clientId=consumer-Consumer-topic-2f491f72_951b_454f_acab_34a3c33afb1a-27, groupId=Consumer-topic-2f491f72_951b_454f_acab_34a3c33afb1a] Adding newly assigned partitions: topic-2f491f72_951b_454f_acab_34a3c33afb1a-0
2025-07-31 02:24:32,406 INFO  [org.apa.kaf.cli.con.int.ConsumerCoordinator] (Thread-348) [Consumer clientId=consumer-Consumer-topic-2f491f72_951b_454f_acab_34a3c33afb1a-27, groupId=Consumer-topic-2f491f72_951b_454f_acab_34a3c33afb1a] Found no committed offset for partition topic-2f491f72_951b_454f_acab_34a3c33afb1a-0
2025-07-31 02:24:32,407 INFO  [org.apa.kaf.cli.con.int.SubscriptionState] (Thread-348) [Consumer clientId=consumer-Consumer-topic-2f491f72_951b_454f_acab_34a3c33afb1a-27, groupId=Consumer-topic-2f491f72_951b_454f_acab_34a3c33afb1a] Resetting offset for partition topic-2f491f72_951b_454f_acab_34a3c33afb1a-0 to position FetchPosition{offset=0, offsetEpoch=Optional.empty, currentLeader=LeaderAndEpoch{leader=Optional[localhost:32770 (id: 0 rack: null)], epoch=0}}.
2025-07-31 02:24:32,457 INFO  [io.api.tes.ser.api.KafkaSerdesTester] (Thread-348) topic-2f491f72_951b_454f_acab_34a3c33afb1a 0 0 {"key1": "value-0"}
2025-07-31 02:24:32,458 INFO  [io.api.tes.ser.api.KafkaSerdesTester] (Thread-348) topic-2f491f72_951b_454f_acab_34a3c33afb1a 0 1 {"key1": "value-1"}
2025-07-31 02:24:32,458 INFO  [io.api.tes.ser.api.KafkaSerdesTester] (Thread-348) topic-2f491f72_951b_454f_acab_34a3c33afb1a 0 2 {"key1": "value-2"}
2025-07-31 02:24:32,458 INFO  [io.api.tes.ser.api.KafkaSerdesTester] (Thread-348) topic-2f491f72_951b_454f_acab_34a3c33afb1a 0 3 {"key1": "value-3"}
2025-07-31 02:24:32,458 INFO  [io.api.tes.ser.api.KafkaSerdesTester] (Thread-348) topic-2f491f72_951b_454f_acab_34a3c33afb1a 0 4 {"key1": "value-4"}
2025-07-31 02:24:32,458 INFO  [io.api.tes.ser.api.KafkaSerdesTester] (Thread-348) topic-2f491f72_951b_454f_acab_34a3c33afb1a 0 5 {"key1": "value-5"}
2025-07-31 02:24:32,458 INFO  [io.api.tes.ser.api.KafkaSerdesTester] (Thread-348) topic-2f491f72_951b_454f_acab_34a3c33afb1a 0 6 {"key1": "value-6"}
2025-07-31 02:24:32,458 INFO  [io.api.tes.ser.api.KafkaSerdesTester] (Thread-348) topic-2f491f72_951b_454f_acab_34a3c33afb1a 0 7 {"key1": "value-7"}
2025-07-31 02:24:32,458 INFO  [io.api.tes.ser.api.KafkaSerdesTester] (Thread-348) topic-2f491f72_951b_454f_acab_34a3c33afb1a 0 8 {"key1": "value-8"}
2025-07-31 02:24:32,458 INFO  [io.api.tes.ser.api.KafkaSerdesTester] (Thread-348) topic-2f491f72_951b_454f_acab_34a3c33afb1a 0 9 {"key1": "value-9"}
2025-07-31 02:24:32,458 INFO  [io.api.tes.ser.api.KafkaSerdesTester] (Thread-348) Consumed 10 messages
2025-07-31 02:24:32,461 INFO  [org.apa.kaf.cli.con.int.ConsumerRebalanceListenerInvoker] (Thread-348) [Consumer clientId=consumer-Consumer-topic-2f491f72_951b_454f_acab_34a3c33afb1a-27, groupId=Consumer-topic-2f491f72_951b_454f_acab_34a3c33afb1a] Revoke previously assigned partitions topic-2f491f72_951b_454f_acab_34a3c33afb1a-0
2025-07-31 02:24:32,461 INFO  [org.apa.kaf.cli.con.int.ConsumerCoordinator] (Thread-348) [Consumer clientId=consumer-Consumer-topic-2f491f72_951b_454f_acab_34a3c33afb1a-27, groupId=Consumer-topic-2f491f72_951b_454f_acab_34a3c33afb1a] Member consumer-Consumer-topic-2f491f72_951b_454f_acab_34a3c33afb1a-27-e5cceba8-dc3f-46b0-81c8-1bc2f6fd4926 sending LeaveGroup request to coordinator localhost:32770 (id: 2147483647 rack: null) due to the consumer is being closed
2025-07-31 02:24:32,463 INFO  [org.apa.kaf.cli.con.int.ConsumerCoordinator] (Thread-348) [Consumer clientId=consumer-Consumer-topic-2f491f72_951b_454f_acab_34a3c33afb1a-27, groupId=Consumer-topic-2f491f72_951b_454f_acab_34a3c33afb1a] Resetting generation and member id due to: consumer pro-actively leaving the group
2025-07-31 02:24:32,463 INFO  [org.apa.kaf.cli.con.int.ConsumerCoordinator] (Thread-348) [Consumer clientId=consumer-Consumer-topic-2f491f72_951b_454f_acab_34a3c33afb1a-27, groupId=Consumer-topic-2f491f72_951b_454f_acab_34a3c33afb1a] Request joining group due to: consumer pro-actively leaving the group
2025-07-31 02:24:32,960 INFO  [org.apa.kaf.com.met.Metrics] (Thread-348) Metrics scheduler closed
2025-07-31 02:24:32,960 INFO  [org.apa.kaf.com.met.Metrics] (Thread-348) Closing reporter org.apache.kafka.common.metrics.JmxReporter
2025-07-31 02:24:32,961 INFO  [org.apa.kaf.com.met.Metrics] (Thread-348) Closing reporter org.apache.kafka.common.telemetry.internals.ClientTelemetryReporter
2025-07-31 02:24:32,961 INFO  [org.apa.kaf.com.met.Metrics] (Thread-348) Metrics reporters closed
2025-07-31 02:24:32,962 INFO  [org.apa.kaf.com.uti.AppInfoParser] (Thread-348) App info kafka.consumer for consumer-Consumer-topic-2f491f72_951b_454f_acab_34a3c33afb1a-27 unregistered
2025-07-31 02:24:34,053 INFO  [org.apa.kaf.cli.pro.ProducerConfig] (main) ProducerConfig values: 
	acks = -1
	auto.include.jmx.reporter = true
	batch.size = 16384
	bootstrap.servers = [PLAINTEXT://localhost:32770]
	buffer.memory = 33554432
	client.dns.lookup = use_all_dns_ips
	client.id = Producer-topic-2f491f72_951b_454f_acab_34a3c33afb1a
	compression.gzip.level = -1
	compression.lz4.level = 9
	compression.type = none
	compression.zstd.level = 3
	connections.max.idle.ms = 10000
	delivery.timeout.ms = 120000
	enable.idempotence = true
	enable.metrics.push = true
	interceptor.classes = []
	key.serializer = class org.apache.kafka.common.serialization.StringSerializer
	linger.ms = 0
	max.block.ms = 60000
	max.in.flight.requests.per.connection = 5
	max.request.size = 1048576
	metadata.max.age.ms = 300000
	metadata.max.idle.ms = 300000
	metadata.recovery.strategy = none
	metric.reporters = []
	metrics.num.samples = 2
	metrics.recording.level = INFO
	metrics.sample.window.ms = 30000
	partitioner.adaptive.partitioning.enable = true
	partitioner.availability.timeout.ms = 0
	partitioner.class = null
	partitioner.ignore.keys = false
	receive.buffer.bytes = 32768
	reconnect.backoff.max.ms = 1000
	reconnect.backoff.ms = 50
	request.timeout.ms = 5000
	retries = 2147483647
	retry.backoff.max.ms = 1000
	retry.backoff.ms = 100
	sasl.client.callback.handler.class = null
	sasl.jaas.config = null
	sasl.kerberos.kinit.cmd = /usr/bin/kinit
	sasl.kerberos.min.time.before.relogin = 60000
	sasl.kerberos.service.name = null
	sasl.kerberos.ticket.renew.jitter = 0.05
	sasl.kerberos.ticket.renew.window.factor = 0.8
	sasl.login.callback.handler.class = null
	sasl.login.class = null
	sasl.login.connect.timeout.ms = null
	sasl.login.read.timeout.ms = null
	sasl.login.refresh.buffer.seconds = 300
	sasl.login.refresh.min.period.seconds = 60
	sasl.login.refresh.window.factor = 0.8
	sasl.login.refresh.window.jitter = 0.05
	sasl.login.retry.backoff.max.ms = 10000
	sasl.login.retry.backoff.ms = 100
	sasl.mechanism = GSSAPI
	sasl.oauthbearer.clock.skew.seconds = 30
	sasl.oauthbearer.expected.audience = null
	sasl.oauthbearer.expected.issuer = null
	sasl.oauthbearer.header.urlencode = false
	sasl.oauthbearer.jwks.endpoint.refresh.ms = 3600000
	sasl.oauthbearer.jwks.endpoint.retry.backoff.max.ms = 10000
	sasl.oauthbearer.jwks.endpoint.retry.backoff.ms = 100
	sasl.oauthbearer.jwks.endpoint.url = null
	sasl.oauthbearer.scope.claim.name = scope
	sasl.oauthbearer.sub.claim.name = sub
	sasl.oauthbearer.token.endpoint.url = null
	security.protocol = PLAINTEXT
	security.providers = null
	send.buffer.bytes = 131072
	socket.connection.setup.timeout.max.ms = 30000
	socket.connection.setup.timeout.ms = 10000
	ssl.cipher.suites = null
	ssl.enabled.protocols = [TLSv1.2, TLSv1.3]
	ssl.endpoint.identification.algorithm = https
	ssl.engine.factory.class = null
	ssl.key.password = null
	ssl.keymanager.algorithm = SunX509
	ssl.keystore.certificate.chain = null
	ssl.keystore.key = null
	ssl.keystore.location = null
	ssl.keystore.password = null
	ssl.keystore.type = JKS
	ssl.protocol = TLSv1.3
	ssl.provider = null
	ssl.secure.random.implementation = null
	ssl.trustmanager.algorithm = PKIX
	ssl.truststore.certificates = null
	ssl.truststore.location = null
	ssl.truststore.password = null
	ssl.truststore.type = JKS
	transaction.timeout.ms = 60000
	transactional.id = null
	value.serializer = class io.confluent.kafka.serializers.KafkaAvroSerializer

2025-07-31 02:24:34,053 INFO  [org.apa.kaf.com.tel.int.KafkaMetricsCollector] (main) initializing Kafka metrics collector
2025-07-31 02:24:34,054 INFO  [io.con.kaf.ser.KafkaAvroSerializerConfig] (main) KafkaAvroSerializerConfig values: 
	auto.register.schemas = false
	avro.reflection.allow.null = false
	avro.remove.java.properties = false
	avro.use.logical.type.converters = false
	basic.auth.credentials.source = URL
	basic.auth.user.info = [hidden]
	bearer.auth.cache.expiry.buffer.seconds = 300
	bearer.auth.client.id = null
	bearer.auth.client.secret = null
	bearer.auth.credentials.source = STATIC_TOKEN
	bearer.auth.custom.provider.class = null
	bearer.auth.identity.pool.id = null
	bearer.auth.issuer.endpoint.url = null
	bearer.auth.logical.cluster = null
	bearer.auth.scope = null
	bearer.auth.scope.claim.name = scope
	bearer.auth.sub.claim.name = sub
	bearer.auth.token = [hidden]
	context.name.strategy = class io.confluent.kafka.serializers.context.NullContextNameStrategy
	http.connect.timeout.ms = 60000
	http.read.timeout.ms = 60000
	id.compatibility.strict = true
	key.subject.name.strategy = class io.confluent.kafka.serializers.subject.TopicNameStrategy
	latest.cache.size = 1000
	latest.cache.ttl.sec = -1
	latest.compatibility.strict = true
	max.retries = 3
	max.schemas.per.subject = 1000
	normalize.schemas = false
	propagate.schema.tags = false
	proxy.host = 
	proxy.port = -1
	retries.max.wait.ms = 20000
	retries.wait.ms = 1000
	rule.actions = []
	rule.executors = []
	rule.service.loader.enable = true
	schema.format = null
	schema.reflection = false
	schema.registry.basic.auth.user.info = [hidden]
	schema.registry.ssl.cipher.suites = null
	schema.registry.ssl.enabled.protocols = [TLSv1.2, TLSv1.3]
	schema.registry.ssl.endpoint.identification.algorithm = https
	schema.registry.ssl.engine.factory.class = null
	schema.registry.ssl.key.password = null
	schema.registry.ssl.keymanager.algorithm = SunX509
	schema.registry.ssl.keystore.certificate.chain = null
	schema.registry.ssl.keystore.key = null
	schema.registry.ssl.keystore.location = null
	schema.registry.ssl.keystore.password = null
	schema.registry.ssl.keystore.type = JKS
	schema.registry.ssl.protocol = TLSv1.3
	schema.registry.ssl.provider = null
	schema.registry.ssl.secure.random.implementation = null
	schema.registry.ssl.trustmanager.algorithm = PKIX
	schema.registry.ssl.truststore.certificates = null
	schema.registry.ssl.truststore.location = null
	schema.registry.ssl.truststore.password = null
	schema.registry.ssl.truststore.type = JKS
	schema.registry.url = [http://registry-app-mysql.apps.ci419.apicurio-testing.org:80/apis/ccompat/v7]
	use.latest.version = false
	use.latest.with.metadata = null
	use.schema.id = -1
	value.subject.name.strategy = class io.confluent.kafka.serializers.subject.TopicRecordNameStrategy

2025-07-31 02:24:34,055 INFO  [org.apa.kaf.cli.pro.KafkaProducer] (main) [Producer clientId=Producer-topic-2f491f72_951b_454f_acab_34a3c33afb1a] Instantiated an idempotent producer.
2025-07-31 02:24:34,057 INFO  [org.apa.kaf.cli.pro.ProducerConfig] (main) These configurations '[schema.registry.url, auto.register.schemas, value.subject.name.strategy]' were supplied but are not used yet.
2025-07-31 02:24:34,057 INFO  [org.apa.kaf.com.uti.AppInfoParser] (main) Kafka version: 3.9.0
2025-07-31 02:24:34,057 INFO  [org.apa.kaf.com.uti.AppInfoParser] (main) Kafka commitId: 84caaa6e9da06435
2025-07-31 02:24:34,057 INFO  [org.apa.kaf.com.uti.AppInfoParser] (main) Kafka startTimeMs: 1753928674057
2025-07-31 02:24:34,059 INFO  [io.api.tes.ser.api.KafkaSerdesTester] (Thread-349) Sending message {"key1": "value-0", "key2": "value-0"} to topic topic-2f491f72_951b_454f_acab_34a3c33afb1a
2025-07-31 02:24:34,062 INFO  [org.apa.kaf.cli.Metadata] (kafka-producer-network-thread | Producer-topic-2f491f72_951b_454f_acab_34a3c33afb1a) [Producer clientId=Producer-topic-2f491f72_951b_454f_acab_34a3c33afb1a] Cluster ID: EeXQRaomRg6j_8npZiTrIA
2025-07-31 02:24:34,064 INFO  [org.apa.kaf.cli.pro.int.TransactionManager] (kafka-producer-network-thread | Producer-topic-2f491f72_951b_454f_acab_34a3c33afb1a) [Producer clientId=Producer-topic-2f491f72_951b_454f_acab_34a3c33afb1a] ProducerId set to 37 with epoch 0
2025-07-31 02:24:34,097 INFO  [io.api.tes.ser.api.KafkaSerdesTester] (Thread-349) Sending message {"key1": "value-1", "key2": "value-1"} to topic topic-2f491f72_951b_454f_acab_34a3c33afb1a
2025-07-31 02:24:34,098 INFO  [io.api.tes.ser.api.KafkaSerdesTester] (Thread-349) Sending message {"key1": "value-2", "key2": "value-2"} to topic topic-2f491f72_951b_454f_acab_34a3c33afb1a
2025-07-31 02:24:34,099 INFO  [io.api.tes.ser.api.KafkaSerdesTester] (Thread-349) Sending message {"key1": "value-3", "key2": "value-3"} to topic topic-2f491f72_951b_454f_acab_34a3c33afb1a
2025-07-31 02:24:34,100 INFO  [io.api.tes.ser.api.KafkaSerdesTester] (Thread-349) Sending message {"key1": "value-4", "key2": "value-4"} to topic topic-2f491f72_951b_454f_acab_34a3c33afb1a
2025-07-31 02:24:34,102 INFO  [io.api.tes.ser.api.KafkaSerdesTester] (Thread-349) Sending message {"key1": "value-5", "key2": "value-5"} to topic topic-2f491f72_951b_454f_acab_34a3c33afb1a
2025-07-31 02:24:34,105 INFO  [io.api.tes.ser.api.KafkaSerdesTester] (Thread-349) Sending message {"key1": "value-6", "key2": "value-6"} to topic topic-2f491f72_951b_454f_acab_34a3c33afb1a
2025-07-31 02:24:34,108 INFO  [io.api.tes.ser.api.KafkaSerdesTester] (Thread-349) Sending message {"key1": "value-7", "key2": "value-7"} to topic topic-2f491f72_951b_454f_acab_34a3c33afb1a
2025-07-31 02:24:34,109 INFO  [io.api.tes.ser.api.KafkaSerdesTester] (Thread-349) Sending message {"key1": "value-8", "key2": "value-8"} to topic topic-2f491f72_951b_454f_acab_34a3c33afb1a
2025-07-31 02:24:34,112 INFO  [io.api.tes.ser.api.KafkaSerdesTester] (Thread-349) Sending message {"key1": "value-9", "key2": "value-9"} to topic topic-2f491f72_951b_454f_acab_34a3c33afb1a
2025-07-31 02:24:34,114 INFO  [io.api.tes.ser.api.KafkaSerdesTester] (Thread-349) Produced 10 messages
2025-07-31 02:24:34,115 INFO  [org.apa.kaf.cli.pro.KafkaProducer] (Thread-349) [Producer clientId=Producer-topic-2f491f72_951b_454f_acab_34a3c33afb1a] Closing the Kafka producer with timeoutMillis = 9223372036854775807 ms.
2025-07-31 02:24:34,117 INFO  [org.apa.kaf.com.met.Metrics] (Thread-349) Metrics scheduler closed
2025-07-31 02:24:34,117 INFO  [org.apa.kaf.com.met.Metrics] (Thread-349) Closing reporter org.apache.kafka.common.metrics.JmxReporter
2025-07-31 02:24:34,117 INFO  [org.apa.kaf.com.met.Metrics] (Thread-349) Closing reporter org.apache.kafka.common.telemetry.internals.ClientTelemetryReporter
2025-07-31 02:24:34,117 INFO  [org.apa.kaf.com.met.Metrics] (Thread-349) Metrics reporters closed
2025-07-31 02:24:34,117 INFO  [org.apa.kaf.com.uti.AppInfoParser] (Thread-349) App info kafka.producer for Producer-topic-2f491f72_951b_454f_acab_34a3c33afb1a unregistered
2025-07-31 02:24:34,119 INFO  [org.apa.kaf.cli.pro.ProducerConfig] (main) ProducerConfig values: 
	acks = -1
	auto.include.jmx.reporter = true
	batch.size = 16384
	bootstrap.servers = [PLAINTEXT://localhost:32770]
	buffer.memory = 33554432
	client.dns.lookup = use_all_dns_ips
	client.id = Producer-topic-2f491f72_951b_454f_acab_34a3c33afb1a
	compression.gzip.level = -1
	compression.lz4.level = 9
	compression.type = none
	compression.zstd.level = 3
	connections.max.idle.ms = 10000
	delivery.timeout.ms = 120000
	enable.idempotence = true
	enable.metrics.push = true
	interceptor.classes = []
	key.serializer = class org.apache.kafka.common.serialization.StringSerializer
	linger.ms = 0
	max.block.ms = 60000
	max.in.flight.requests.per.connection = 5
	max.request.size = 1048576
	metadata.max.age.ms = 300000
	metadata.max.idle.ms = 300000
	metadata.recovery.strategy = none
	metric.reporters = []
	metrics.num.samples = 2
	metrics.recording.level = INFO
	metrics.sample.window.ms = 30000
	partitioner.adaptive.partitioning.enable = true
	partitioner.availability.timeout.ms = 0
	partitioner.class = null
	partitioner.ignore.keys = false
	receive.buffer.bytes = 32768
	reconnect.backoff.max.ms = 1000
	reconnect.backoff.ms = 50
	request.timeout.ms = 5000
	retries = 2147483647
	retry.backoff.max.ms = 1000
	retry.backoff.ms = 100
	sasl.client.callback.handler.class = null
	sasl.jaas.config = null
	sasl.kerberos.kinit.cmd = /usr/bin/kinit
	sasl.kerberos.min.time.before.relogin = 60000
	sasl.kerberos.service.name = null
	sasl.kerberos.ticket.renew.jitter = 0.05
	sasl.kerberos.ticket.renew.window.factor = 0.8
	sasl.login.callback.handler.class = null
	sasl.login.class = null
	sasl.login.connect.timeout.ms = null
	sasl.login.read.timeout.ms = null
	sasl.login.refresh.buffer.seconds = 300
	sasl.login.refresh.min.period.seconds = 60
	sasl.login.refresh.window.factor = 0.8
	sasl.login.refresh.window.jitter = 0.05
	sasl.login.retry.backoff.max.ms = 10000
	sasl.login.retry.backoff.ms = 100
	sasl.mechanism = GSSAPI
	sasl.oauthbearer.clock.skew.seconds = 30
	sasl.oauthbearer.expected.audience = null
	sasl.oauthbearer.expected.issuer = null
	sasl.oauthbearer.header.urlencode = false
	sasl.oauthbearer.jwks.endpoint.refresh.ms = 3600000
	sasl.oauthbearer.jwks.endpoint.retry.backoff.max.ms = 10000
	sasl.oauthbearer.jwks.endpoint.retry.backoff.ms = 100
	sasl.oauthbearer.jwks.endpoint.url = null
	sasl.oauthbearer.scope.claim.name = scope
	sasl.oauthbearer.sub.claim.name = sub
	sasl.oauthbearer.token.endpoint.url = null
	security.protocol = PLAINTEXT
	security.providers = null
	send.buffer.bytes = 131072
	socket.connection.setup.timeout.max.ms = 30000
	socket.connection.setup.timeout.ms = 10000
	ssl.cipher.suites = null
	ssl.enabled.protocols = [TLSv1.2, TLSv1.3]
	ssl.endpoint.identification.algorithm = https
	ssl.engine.factory.class = null
	ssl.key.password = null
	ssl.keymanager.algorithm = SunX509
	ssl.keystore.certificate.chain = null
	ssl.keystore.key = null
	ssl.keystore.location = null
	ssl.keystore.password = null
	ssl.keystore.type = JKS
	ssl.protocol = TLSv1.3
	ssl.provider = null
	ssl.secure.random.implementation = null
	ssl.trustmanager.algorithm = PKIX
	ssl.truststore.certificates = null
	ssl.truststore.location = null
	ssl.truststore.password = null
	ssl.truststore.type = JKS
	transaction.timeout.ms = 60000
	transactional.id = null
	value.serializer = class io.confluent.kafka.serializers.KafkaAvroSerializer

2025-07-31 02:24:34,119 INFO  [org.apa.kaf.com.tel.int.KafkaMetricsCollector] (main) initializing Kafka metrics collector
2025-07-31 02:24:34,120 INFO  [io.con.kaf.ser.KafkaAvroSerializerConfig] (main) KafkaAvroSerializerConfig values: 
	auto.register.schemas = false
	avro.reflection.allow.null = false
	avro.remove.java.properties = false
	avro.use.logical.type.converters = false
	basic.auth.credentials.source = URL
	basic.auth.user.info = [hidden]
	bearer.auth.cache.expiry.buffer.seconds = 300
	bearer.auth.client.id = null
	bearer.auth.client.secret = null
	bearer.auth.credentials.source = STATIC_TOKEN
	bearer.auth.custom.provider.class = null
	bearer.auth.identity.pool.id = null
	bearer.auth.issuer.endpoint.url = null
	bearer.auth.logical.cluster = null
	bearer.auth.scope = null
	bearer.auth.scope.claim.name = scope
	bearer.auth.sub.claim.name = sub
	bearer.auth.token = [hidden]
	context.name.strategy = class io.confluent.kafka.serializers.context.NullContextNameStrategy
	http.connect.timeout.ms = 60000
	http.read.timeout.ms = 60000
	id.compatibility.strict = true
	key.subject.name.strategy = class io.confluent.kafka.serializers.subject.TopicNameStrategy
	latest.cache.size = 1000
	latest.cache.ttl.sec = -1
	latest.compatibility.strict = true
	max.retries = 3
	max.schemas.per.subject = 1000
	normalize.schemas = false
	propagate.schema.tags = false
	proxy.host = 
	proxy.port = -1
	retries.max.wait.ms = 20000
	retries.wait.ms = 1000
	rule.actions = []
	rule.executors = []
	rule.service.loader.enable = true
	schema.format = null
	schema.reflection = false
	schema.registry.basic.auth.user.info = [hidden]
	schema.registry.ssl.cipher.suites = null
	schema.registry.ssl.enabled.protocols = [TLSv1.2, TLSv1.3]
	schema.registry.ssl.endpoint.identification.algorithm = https
	schema.registry.ssl.engine.factory.class = null
	schema.registry.ssl.key.password = null
	schema.registry.ssl.keymanager.algorithm = SunX509
	schema.registry.ssl.keystore.certificate.chain = null
	schema.registry.ssl.keystore.key = null
	schema.registry.ssl.keystore.location = null
	schema.registry.ssl.keystore.password = null
	schema.registry.ssl.keystore.type = JKS
	schema.registry.ssl.protocol = TLSv1.3
	schema.registry.ssl.provider = null
	schema.registry.ssl.secure.random.implementation = null
	schema.registry.ssl.trustmanager.algorithm = PKIX
	schema.registry.ssl.truststore.certificates = null
	schema.registry.ssl.truststore.location = null
	schema.registry.ssl.truststore.password = null
	schema.registry.ssl.truststore.type = JKS
	schema.registry.url = [http://registry-app-mysql.apps.ci419.apicurio-testing.org:80/apis/ccompat/v7]
	use.latest.version = false
	use.latest.with.metadata = null
	use.schema.id = -1
	value.subject.name.strategy = class io.confluent.kafka.serializers.subject.TopicRecordNameStrategy

2025-07-31 02:24:34,123 INFO  [org.apa.kaf.cli.pro.KafkaProducer] (main) [Producer clientId=Producer-topic-2f491f72_951b_454f_acab_34a3c33afb1a] Instantiated an idempotent producer.
2025-07-31 02:24:34,125 INFO  [org.apa.kaf.cli.pro.ProducerConfig] (main) These configurations '[schema.registry.url, auto.register.schemas, value.subject.name.strategy]' were supplied but are not used yet.
2025-07-31 02:24:34,125 INFO  [org.apa.kaf.com.uti.AppInfoParser] (main) Kafka version: 3.9.0
2025-07-31 02:24:34,125 INFO  [org.apa.kaf.com.uti.AppInfoParser] (main) Kafka commitId: 84caaa6e9da06435
2025-07-31 02:24:34,125 INFO  [org.apa.kaf.com.uti.AppInfoParser] (main) Kafka startTimeMs: 1753928674125
2025-07-31 02:24:34,127 INFO  [io.api.tes.ser.api.KafkaSerdesTester] (Thread-350) Sending message {"key1": "value-0"} to topic topic-2f491f72_951b_454f_acab_34a3c33afb1a
2025-07-31 02:24:34,132 INFO  [org.apa.kaf.cli.Metadata] (kafka-producer-network-thread | Producer-topic-2f491f72_951b_454f_acab_34a3c33afb1a) [Producer clientId=Producer-topic-2f491f72_951b_454f_acab_34a3c33afb1a] Cluster ID: EeXQRaomRg6j_8npZiTrIA
2025-07-31 02:24:34,136 INFO  [org.apa.kaf.cli.pro.int.TransactionManager] (kafka-producer-network-thread | Producer-topic-2f491f72_951b_454f_acab_34a3c33afb1a) [Producer clientId=Producer-topic-2f491f72_951b_454f_acab_34a3c33afb1a] ProducerId set to 38 with epoch 0
2025-07-31 02:24:34,170 INFO  [io.api.tes.ser.api.KafkaSerdesTester] (Thread-350) Sending message {"key1": "value-1"} to topic topic-2f491f72_951b_454f_acab_34a3c33afb1a
2025-07-31 02:24:34,172 INFO  [io.api.tes.ser.api.KafkaSerdesTester] (Thread-350) Sending message {"key1": "value-2"} to topic topic-2f491f72_951b_454f_acab_34a3c33afb1a
2025-07-31 02:24:34,173 INFO  [io.api.tes.ser.api.KafkaSerdesTester] (Thread-350) Sending message {"key1": "value-3"} to topic topic-2f491f72_951b_454f_acab_34a3c33afb1a
2025-07-31 02:24:34,175 INFO  [io.api.tes.ser.api.KafkaSerdesTester] (Thread-350) Sending message {"key1": "value-4"} to topic topic-2f491f72_951b_454f_acab_34a3c33afb1a
2025-07-31 02:24:34,176 INFO  [io.api.tes.ser.api.KafkaSerdesTester] (Thread-350) Sending message {"key1": "value-5"} to topic topic-2f491f72_951b_454f_acab_34a3c33afb1a
2025-07-31 02:24:34,178 INFO  [io.api.tes.ser.api.KafkaSerdesTester] (Thread-350) Sending message {"key1": "value-6"} to topic topic-2f491f72_951b_454f_acab_34a3c33afb1a
2025-07-31 02:24:34,179 INFO  [io.api.tes.ser.api.KafkaSerdesTester] (Thread-350) Sending message {"key1": "value-7"} to topic topic-2f491f72_951b_454f_acab_34a3c33afb1a
2025-07-31 02:24:34,180 INFO  [io.api.tes.ser.api.KafkaSerdesTester] (Thread-350) Sending message {"key1": "value-8"} to topic topic-2f491f72_951b_454f_acab_34a3c33afb1a
2025-07-31 02:24:34,184 INFO  [io.api.tes.ser.api.KafkaSerdesTester] (Thread-350) Sending message {"key1": "value-9"} to topic topic-2f491f72_951b_454f_acab_34a3c33afb1a
2025-07-31 02:24:34,186 INFO  [io.api.tes.ser.api.KafkaSerdesTester] (Thread-350) Produced 10 messages
2025-07-31 02:24:34,186 INFO  [org.apa.kaf.cli.pro.KafkaProducer] (Thread-350) [Producer clientId=Producer-topic-2f491f72_951b_454f_acab_34a3c33afb1a] Closing the Kafka producer with timeoutMillis = 9223372036854775807 ms.
2025-07-31 02:24:34,194 INFO  [org.apa.kaf.com.met.Metrics] (Thread-350) Metrics scheduler closed
2025-07-31 02:24:34,194 INFO  [org.apa.kaf.com.met.Metrics] (Thread-350) Closing reporter org.apache.kafka.common.metrics.JmxReporter
2025-07-31 02:24:34,194 INFO  [org.apa.kaf.com.met.Metrics] (Thread-350) Closing reporter org.apache.kafka.common.telemetry.internals.ClientTelemetryReporter
2025-07-31 02:24:34,194 INFO  [org.apa.kaf.com.met.Metrics] (Thread-350) Metrics reporters closed
2025-07-31 02:24:34,194 INFO  [org.apa.kaf.com.uti.AppInfoParser] (Thread-350) App info kafka.producer for Producer-topic-2f491f72_951b_454f_acab_34a3c33afb1a unregistered
2025-07-31 02:24:34,194 INFO  [org.apa.kaf.cli.con.ConsumerConfig] (main) ConsumerConfig values: 
	allow.auto.create.topics = true
	auto.commit.interval.ms = 500
	auto.include.jmx.reporter = true
	auto.offset.reset = earliest
	bootstrap.servers = [PLAINTEXT://localhost:32770]
	check.crcs = true
	client.dns.lookup = use_all_dns_ips
	client.id = consumer-Consumer-topic-2f491f72_951b_454f_acab_34a3c33afb1a-28
	client.rack = 
	connections.max.idle.ms = 10000
	default.api.timeout.ms = 60000
	enable.auto.commit = true
	enable.metrics.push = true
	exclude.internal.topics = true
	fetch.max.bytes = 52428800
	fetch.max.wait.ms = 500
	fetch.min.bytes = 1
	group.id = Consumer-topic-2f491f72_951b_454f_acab_34a3c33afb1a
	group.instance.id = null
	group.protocol = classic
	group.remote.assignor = null
	heartbeat.interval.ms = 3000
	interceptor.classes = []
	internal.leave.group.on.close = true
	internal.throw.on.fetch.stable.offset.unsupported = false
	isolation.level = read_uncommitted
	key.deserializer = class org.apache.kafka.common.serialization.StringDeserializer
	max.partition.fetch.bytes = 1048576
	max.poll.interval.ms = 300000
	max.poll.records = 500
	metadata.max.age.ms = 300000
	metadata.recovery.strategy = none
	metric.reporters = []
	metrics.num.samples = 2
	metrics.recording.level = INFO
	metrics.sample.window.ms = 30000
	partition.assignment.strategy = [class org.apache.kafka.clients.consumer.RangeAssignor, class org.apache.kafka.clients.consumer.CooperativeStickyAssignor]
	receive.buffer.bytes = 65536
	reconnect.backoff.max.ms = 1000
	reconnect.backoff.ms = 50
	request.timeout.ms = 5000
	retry.backoff.max.ms = 1000
	retry.backoff.ms = 100
	sasl.client.callback.handler.class = null
	sasl.jaas.config = null
	sasl.kerberos.kinit.cmd = /usr/bin/kinit
	sasl.kerberos.min.time.before.relogin = 60000
	sasl.kerberos.service.name = null
	sasl.kerberos.ticket.renew.jitter = 0.05
	sasl.kerberos.ticket.renew.window.factor = 0.8
	sasl.login.callback.handler.class = null
	sasl.login.class = null
	sasl.login.connect.timeout.ms = null
	sasl.login.read.timeout.ms = null
	sasl.login.refresh.buffer.seconds = 300
	sasl.login.refresh.min.period.seconds = 60
	sasl.login.refresh.window.factor = 0.8
	sasl.login.refresh.window.jitter = 0.05
	sasl.login.retry.backoff.max.ms = 10000
	sasl.login.retry.backoff.ms = 100
	sasl.mechanism = GSSAPI
	sasl.oauthbearer.clock.skew.seconds = 30
	sasl.oauthbearer.expected.audience = null
	sasl.oauthbearer.expected.issuer = null
	sasl.oauthbearer.header.urlencode = false
	sasl.oauthbearer.jwks.endpoint.refresh.ms = 3600000
	sasl.oauthbearer.jwks.endpoint.retry.backoff.max.ms = 10000
	sasl.oauthbearer.jwks.endpoint.retry.backoff.ms = 100
	sasl.oauthbearer.jwks.endpoint.url = null
	sasl.oauthbearer.scope.claim.name = scope
	sasl.oauthbearer.sub.claim.name = sub
	sasl.oauthbearer.token.endpoint.url = null
	security.protocol = PLAINTEXT
	security.providers = null
	send.buffer.bytes = 131072
	session.timeout.ms = 45000
	socket.connection.setup.timeout.max.ms = 30000
	socket.connection.setup.timeout.ms = 10000
	ssl.cipher.suites = null
	ssl.enabled.protocols = [TLSv1.2, TLSv1.3]
	ssl.endpoint.identification.algorithm = https
	ssl.engine.factory.class = null
	ssl.key.password = null
	ssl.keymanager.algorithm = SunX509
	ssl.keystore.certificate.chain = null
	ssl.keystore.key = null
	ssl.keystore.location = null
	ssl.keystore.password = null
	ssl.keystore.type = JKS
	ssl.protocol = TLSv1.3
	ssl.provider = null
	ssl.secure.random.implementation = null
	ssl.trustmanager.algorithm = PKIX
	ssl.truststore.certificates = null
	ssl.truststore.location = null
	ssl.truststore.password = null
	ssl.truststore.type = JKS
	value.deserializer = class io.confluent.kafka.serializers.KafkaAvroDeserializer

2025-07-31 02:24:34,195 INFO  [org.apa.kaf.com.tel.int.KafkaMetricsCollector] (main) initializing Kafka metrics collector
2025-07-31 02:24:34,196 INFO  [io.con.kaf.ser.KafkaAvroDeserializerConfig] (main) KafkaAvroDeserializerConfig values: 
	auto.register.schemas = true
	avro.reflection.allow.null = false
	avro.use.logical.type.converters = false
	basic.auth.credentials.source = URL
	basic.auth.user.info = [hidden]
	bearer.auth.cache.expiry.buffer.seconds = 300
	bearer.auth.client.id = null
	bearer.auth.client.secret = null
	bearer.auth.credentials.source = STATIC_TOKEN
	bearer.auth.custom.provider.class = null
	bearer.auth.identity.pool.id = null
	bearer.auth.issuer.endpoint.url = null
	bearer.auth.logical.cluster = null
	bearer.auth.scope = null
	bearer.auth.scope.claim.name = scope
	bearer.auth.sub.claim.name = sub
	bearer.auth.token = [hidden]
	context.name.strategy = class io.confluent.kafka.serializers.context.NullContextNameStrategy
	http.connect.timeout.ms = 60000
	http.read.timeout.ms = 60000
	id.compatibility.strict = true
	key.subject.name.strategy = class io.confluent.kafka.serializers.subject.TopicNameStrategy
	latest.cache.size = 1000
	latest.cache.ttl.sec = -1
	latest.compatibility.strict = true
	max.retries = 3
	max.schemas.per.subject = 1000
	normalize.schemas = false
	propagate.schema.tags = false
	proxy.host = 
	proxy.port = -1
	retries.max.wait.ms = 20000
	retries.wait.ms = 1000
	rule.actions = []
	rule.executors = []
	rule.service.loader.enable = true
	schema.format = null
	schema.reflection = false
	schema.registry.basic.auth.user.info = [hidden]
	schema.registry.ssl.cipher.suites = null
	schema.registry.ssl.enabled.protocols = [TLSv1.2, TLSv1.3]
	schema.registry.ssl.endpoint.identification.algorithm = https
	schema.registry.ssl.engine.factory.class = null
	schema.registry.ssl.key.password = null
	schema.registry.ssl.keymanager.algorithm = SunX509
	schema.registry.ssl.keystore.certificate.chain = null
	schema.registry.ssl.keystore.key = null
	schema.registry.ssl.keystore.location = null
	schema.registry.ssl.keystore.password = null
	schema.registry.ssl.keystore.type = JKS
	schema.registry.ssl.protocol = TLSv1.3
	schema.registry.ssl.provider = null
	schema.registry.ssl.secure.random.implementation = null
	schema.registry.ssl.trustmanager.algorithm = PKIX
	schema.registry.ssl.truststore.certificates = null
	schema.registry.ssl.truststore.location = null
	schema.registry.ssl.truststore.password = null
	schema.registry.ssl.truststore.type = JKS
	schema.registry.url = [http://registry-app-mysql.apps.ci419.apicurio-testing.org:80/apis/ccompat/v7]
	specific.avro.key.type = null
	specific.avro.reader = false
	specific.avro.value.type = null
	use.latest.version = false
	use.latest.with.metadata = null
	use.schema.id = -1
	value.subject.name.strategy = class io.confluent.kafka.serializers.subject.TopicNameStrategy

2025-07-31 02:24:34,196 INFO  [io.con.kaf.ser.KafkaAvroDeserializerConfig] (main) KafkaAvroDeserializerConfig values: 
	auto.register.schemas = true
	avro.reflection.allow.null = false
	avro.use.logical.type.converters = false
	basic.auth.credentials.source = URL
	basic.auth.user.info = [hidden]
	bearer.auth.cache.expiry.buffer.seconds = 300
	bearer.auth.client.id = null
	bearer.auth.client.secret = null
	bearer.auth.credentials.source = STATIC_TOKEN
	bearer.auth.custom.provider.class = null
	bearer.auth.identity.pool.id = null
	bearer.auth.issuer.endpoint.url = null
	bearer.auth.logical.cluster = null
	bearer.auth.scope = null
	bearer.auth.scope.claim.name = scope
	bearer.auth.sub.claim.name = sub
	bearer.auth.token = [hidden]
	context.name.strategy = class io.confluent.kafka.serializers.context.NullContextNameStrategy
	http.connect.timeout.ms = 60000
	http.read.timeout.ms = 60000
	id.compatibility.strict = true
	key.subject.name.strategy = class io.confluent.kafka.serializers.subject.TopicNameStrategy
	latest.cache.size = 1000
	latest.cache.ttl.sec = -1
	latest.compatibility.strict = true
	max.retries = 3
	max.schemas.per.subject = 1000
	normalize.schemas = false
	propagate.schema.tags = false
	proxy.host = 
	proxy.port = -1
	retries.max.wait.ms = 20000
	retries.wait.ms = 1000
	rule.actions = []
	rule.executors = []
	rule.service.loader.enable = true
	schema.format = null
	schema.reflection = false
	schema.registry.basic.auth.user.info = [hidden]
	schema.registry.ssl.cipher.suites = null
	schema.registry.ssl.enabled.protocols = [TLSv1.2, TLSv1.3]
	schema.registry.ssl.endpoint.identification.algorithm = https
	schema.registry.ssl.engine.factory.class = null
	schema.registry.ssl.key.password = null
	schema.registry.ssl.keymanager.algorithm = SunX509
	schema.registry.ssl.keystore.certificate.chain = null
	schema.registry.ssl.keystore.key = null
	schema.registry.ssl.keystore.location = null
	schema.registry.ssl.keystore.password = null
	schema.registry.ssl.keystore.type = JKS
	schema.registry.ssl.protocol = TLSv1.3
	schema.registry.ssl.provider = null
	schema.registry.ssl.secure.random.implementation = null
	schema.registry.ssl.trustmanager.algorithm = PKIX
	schema.registry.ssl.truststore.certificates = null
	schema.registry.ssl.truststore.location = null
	schema.registry.ssl.truststore.password = null
	schema.registry.ssl.truststore.type = JKS
	schema.registry.url = [http://registry-app-mysql.apps.ci419.apicurio-testing.org:80/apis/ccompat/v7]
	specific.avro.key.type = null
	specific.avro.reader = false
	specific.avro.value.type = null
	use.latest.version = false
	use.latest.with.metadata = null
	use.schema.id = -1
	value.subject.name.strategy = class io.confluent.kafka.serializers.subject.TopicNameStrategy

2025-07-31 02:24:34,206 INFO  [org.apa.kaf.cli.con.ConsumerConfig] (main) These configurations '[schema.registry.url]' were supplied but are not used yet.
2025-07-31 02:24:34,206 INFO  [org.apa.kaf.com.uti.AppInfoParser] (main) Kafka version: 3.9.0
2025-07-31 02:24:34,206 INFO  [org.apa.kaf.com.uti.AppInfoParser] (main) Kafka commitId: 84caaa6e9da06435
2025-07-31 02:24:34,206 INFO  [org.apa.kaf.com.uti.AppInfoParser] (main) Kafka startTimeMs: 1753928674206
2025-07-31 02:24:34,220 INFO  [org.apa.kaf.cli.con.int.ClassicKafkaConsumer] (Thread-351) [Consumer clientId=consumer-Consumer-topic-2f491f72_951b_454f_acab_34a3c33afb1a-28, groupId=Consumer-topic-2f491f72_951b_454f_acab_34a3c33afb1a] Subscribed to topic(s): topic-2f491f72_951b_454f_acab_34a3c33afb1a
2025-07-31 02:24:34,225 INFO  [org.apa.kaf.cli.Metadata] (Thread-351) [Consumer clientId=consumer-Consumer-topic-2f491f72_951b_454f_acab_34a3c33afb1a-28, groupId=Consumer-topic-2f491f72_951b_454f_acab_34a3c33afb1a] Cluster ID: EeXQRaomRg6j_8npZiTrIA
2025-07-31 02:24:34,226 INFO  [org.apa.kaf.cli.con.int.ConsumerCoordinator] (Thread-351) [Consumer clientId=consumer-Consumer-topic-2f491f72_951b_454f_acab_34a3c33afb1a-28, groupId=Consumer-topic-2f491f72_951b_454f_acab_34a3c33afb1a] Discovered group coordinator localhost:32770 (id: 2147483647 rack: null)
2025-07-31 02:24:34,227 INFO  [org.apa.kaf.cli.con.int.ConsumerCoordinator] (Thread-351) [Consumer clientId=consumer-Consumer-topic-2f491f72_951b_454f_acab_34a3c33afb1a-28, groupId=Consumer-topic-2f491f72_951b_454f_acab_34a3c33afb1a] (Re-)joining group
2025-07-31 02:24:34,232 INFO  [org.apa.kaf.cli.con.int.ConsumerCoordinator] (Thread-351) [Consumer clientId=consumer-Consumer-topic-2f491f72_951b_454f_acab_34a3c33afb1a-28, groupId=Consumer-topic-2f491f72_951b_454f_acab_34a3c33afb1a] Request joining group due to: need to re-join with the given member-id: consumer-Consumer-topic-2f491f72_951b_454f_acab_34a3c33afb1a-28-988f3023-6d02-4bee-a494-fc745964bdb8
2025-07-31 02:24:34,232 INFO  [org.apa.kaf.cli.con.int.ConsumerCoordinator] (Thread-351) [Consumer clientId=consumer-Consumer-topic-2f491f72_951b_454f_acab_34a3c33afb1a-28, groupId=Consumer-topic-2f491f72_951b_454f_acab_34a3c33afb1a] (Re-)joining group
2025-07-31 02:24:34,234 INFO  [org.apa.kaf.cli.con.int.ConsumerCoordinator] (Thread-351) [Consumer clientId=consumer-Consumer-topic-2f491f72_951b_454f_acab_34a3c33afb1a-28, groupId=Consumer-topic-2f491f72_951b_454f_acab_34a3c33afb1a] Successfully joined group with generation Generation{generationId=3, memberId='consumer-Consumer-topic-2f491f72_951b_454f_acab_34a3c33afb1a-28-988f3023-6d02-4bee-a494-fc745964bdb8', protocol='range'}
2025-07-31 02:24:34,234 INFO  [org.apa.kaf.cli.con.int.ConsumerCoordinator] (Thread-351) [Consumer clientId=consumer-Consumer-topic-2f491f72_951b_454f_acab_34a3c33afb1a-28, groupId=Consumer-topic-2f491f72_951b_454f_acab_34a3c33afb1a] Finished assignment for group at generation 3: {consumer-Consumer-topic-2f491f72_951b_454f_acab_34a3c33afb1a-28-988f3023-6d02-4bee-a494-fc745964bdb8=Assignment(partitions=[topic-2f491f72_951b_454f_acab_34a3c33afb1a-0])}
2025-07-31 02:24:34,236 INFO  [org.apa.kaf.cli.con.int.ConsumerCoordinator] (Thread-351) [Consumer clientId=consumer-Consumer-topic-2f491f72_951b_454f_acab_34a3c33afb1a-28, groupId=Consumer-topic-2f491f72_951b_454f_acab_34a3c33afb1a] Successfully synced group in generation Generation{generationId=3, memberId='consumer-Consumer-topic-2f491f72_951b_454f_acab_34a3c33afb1a-28-988f3023-6d02-4bee-a494-fc745964bdb8', protocol='range'}
2025-07-31 02:24:34,236 INFO  [org.apa.kaf.cli.con.int.ConsumerCoordinator] (Thread-351) [Consumer clientId=consumer-Consumer-topic-2f491f72_951b_454f_acab_34a3c33afb1a-28, groupId=Consumer-topic-2f491f72_951b_454f_acab_34a3c33afb1a] Notifying assignor about the new Assignment(partitions=[topic-2f491f72_951b_454f_acab_34a3c33afb1a-0])
2025-07-31 02:24:34,236 INFO  [org.apa.kaf.cli.con.int.ConsumerRebalanceListenerInvoker] (Thread-351) [Consumer clientId=consumer-Consumer-topic-2f491f72_951b_454f_acab_34a3c33afb1a-28, groupId=Consumer-topic-2f491f72_951b_454f_acab_34a3c33afb1a] Adding newly assigned partitions: topic-2f491f72_951b_454f_acab_34a3c33afb1a-0
2025-07-31 02:24:34,237 INFO  [org.apa.kaf.cli.con.int.ConsumerUtils] (Thread-351) Setting offset for partition topic-2f491f72_951b_454f_acab_34a3c33afb1a-0 to the committed offset FetchPosition{offset=10, offsetEpoch=Optional[0], currentLeader=LeaderAndEpoch{leader=Optional[localhost:32770 (id: 0 rack: null)], epoch=0}}
2025-07-31 02:24:34,299 INFO  [io.api.tes.ser.api.KafkaSerdesTester] (Thread-351) topic-2f491f72_951b_454f_acab_34a3c33afb1a 0 10 {"key1": "value-0", "key2": "value-0"}
2025-07-31 02:24:34,299 INFO  [io.api.tes.ser.api.KafkaSerdesTester] (Thread-351) topic-2f491f72_951b_454f_acab_34a3c33afb1a 0 11 {"key1": "value-1", "key2": "value-1"}
2025-07-31 02:24:34,299 INFO  [io.api.tes.ser.api.KafkaSerdesTester] (Thread-351) topic-2f491f72_951b_454f_acab_34a3c33afb1a 0 12 {"key1": "value-2", "key2": "value-2"}
2025-07-31 02:24:34,299 INFO  [io.api.tes.ser.api.KafkaSerdesTester] (Thread-351) topic-2f491f72_951b_454f_acab_34a3c33afb1a 0 13 {"key1": "value-3", "key2": "value-3"}
2025-07-31 02:24:34,299 INFO  [io.api.tes.ser.api.KafkaSerdesTester] (Thread-351) topic-2f491f72_951b_454f_acab_34a3c33afb1a 0 14 {"key1": "value-4", "key2": "value-4"}
2025-07-31 02:24:34,299 INFO  [io.api.tes.ser.api.KafkaSerdesTester] (Thread-351) topic-2f491f72_951b_454f_acab_34a3c33afb1a 0 15 {"key1": "value-5", "key2": "value-5"}
2025-07-31 02:24:34,300 INFO  [io.api.tes.ser.api.KafkaSerdesTester] (Thread-351) topic-2f491f72_951b_454f_acab_34a3c33afb1a 0 16 {"key1": "value-6", "key2": "value-6"}
2025-07-31 02:24:34,300 INFO  [io.api.tes.ser.api.KafkaSerdesTester] (Thread-351) topic-2f491f72_951b_454f_acab_34a3c33afb1a 0 17 {"key1": "value-7", "key2": "value-7"}
2025-07-31 02:24:34,300 INFO  [io.api.tes.ser.api.KafkaSerdesTester] (Thread-351) topic-2f491f72_951b_454f_acab_34a3c33afb1a 0 18 {"key1": "value-8", "key2": "value-8"}
2025-07-31 02:24:34,300 INFO  [io.api.tes.ser.api.KafkaSerdesTester] (Thread-351) topic-2f491f72_951b_454f_acab_34a3c33afb1a 0 19 {"key1": "value-9", "key2": "value-9"}
2025-07-31 02:24:34,300 INFO  [io.api.tes.ser.api.KafkaSerdesTester] (Thread-351) topic-2f491f72_951b_454f_acab_34a3c33afb1a 0 20 {"key1": "value-0"}
2025-07-31 02:24:34,300 INFO  [io.api.tes.ser.api.KafkaSerdesTester] (Thread-351) topic-2f491f72_951b_454f_acab_34a3c33afb1a 0 21 {"key1": "value-1"}
2025-07-31 02:24:34,300 INFO  [io.api.tes.ser.api.KafkaSerdesTester] (Thread-351) topic-2f491f72_951b_454f_acab_34a3c33afb1a 0 22 {"key1": "value-2"}
2025-07-31 02:24:34,300 INFO  [io.api.tes.ser.api.KafkaSerdesTester] (Thread-351) topic-2f491f72_951b_454f_acab_34a3c33afb1a 0 23 {"key1": "value-3"}
2025-07-31 02:24:34,300 INFO  [io.api.tes.ser.api.KafkaSerdesTester] (Thread-351) topic-2f491f72_951b_454f_acab_34a3c33afb1a 0 24 {"key1": "value-4"}
2025-07-31 02:24:34,300 INFO  [io.api.tes.ser.api.KafkaSerdesTester] (Thread-351) topic-2f491f72_951b_454f_acab_34a3c33afb1a 0 25 {"key1": "value-5"}
2025-07-31 02:24:34,300 INFO  [io.api.tes.ser.api.KafkaSerdesTester] (Thread-351) topic-2f491f72_951b_454f_acab_34a3c33afb1a 0 26 {"key1": "value-6"}
2025-07-31 02:24:34,300 INFO  [io.api.tes.ser.api.KafkaSerdesTester] (Thread-351) topic-2f491f72_951b_454f_acab_34a3c33afb1a 0 27 {"key1": "value-7"}
2025-07-31 02:24:34,300 INFO  [io.api.tes.ser.api.KafkaSerdesTester] (Thread-351) topic-2f491f72_951b_454f_acab_34a3c33afb1a 0 28 {"key1": "value-8"}
2025-07-31 02:24:34,300 INFO  [io.api.tes.ser.api.KafkaSerdesTester] (Thread-351) topic-2f491f72_951b_454f_acab_34a3c33afb1a 0 29 {"key1": "value-9"}
2025-07-31 02:24:34,300 INFO  [io.api.tes.ser.api.KafkaSerdesTester] (Thread-351) Consumed 20 messages
2025-07-31 02:24:34,303 INFO  [org.apa.kaf.cli.con.int.ConsumerRebalanceListenerInvoker] (Thread-351) [Consumer clientId=consumer-Consumer-topic-2f491f72_951b_454f_acab_34a3c33afb1a-28, groupId=Consumer-topic-2f491f72_951b_454f_acab_34a3c33afb1a] Revoke previously assigned partitions topic-2f491f72_951b_454f_acab_34a3c33afb1a-0
2025-07-31 02:24:34,303 INFO  [org.apa.kaf.cli.con.int.ConsumerCoordinator] (Thread-351) [Consumer clientId=consumer-Consumer-topic-2f491f72_951b_454f_acab_34a3c33afb1a-28, groupId=Consumer-topic-2f491f72_951b_454f_acab_34a3c33afb1a] Member consumer-Consumer-topic-2f491f72_951b_454f_acab_34a3c33afb1a-28-988f3023-6d02-4bee-a494-fc745964bdb8 sending LeaveGroup request to coordinator localhost:32770 (id: 2147483647 rack: null) due to the consumer is being closed
2025-07-31 02:24:34,303 INFO  [org.apa.kaf.cli.con.int.ConsumerCoordinator] (Thread-351) [Consumer clientId=consumer-Consumer-topic-2f491f72_951b_454f_acab_34a3c33afb1a-28, groupId=Consumer-topic-2f491f72_951b_454f_acab_34a3c33afb1a] Resetting generation and member id due to: consumer pro-actively leaving the group
2025-07-31 02:24:34,303 INFO  [org.apa.kaf.cli.con.int.ConsumerCoordinator] (Thread-351) [Consumer clientId=consumer-Consumer-topic-2f491f72_951b_454f_acab_34a3c33afb1a-28, groupId=Consumer-topic-2f491f72_951b_454f_acab_34a3c33afb1a] Request joining group due to: consumer pro-actively leaving the group
2025-07-31 02:24:34,803 INFO  [org.apa.kaf.com.met.Metrics] (Thread-351) Metrics scheduler closed
2025-07-31 02:24:34,803 INFO  [org.apa.kaf.com.met.Metrics] (Thread-351) Closing reporter org.apache.kafka.common.metrics.JmxReporter
2025-07-31 02:24:34,803 INFO  [org.apa.kaf.com.met.Metrics] (Thread-351) Closing reporter org.apache.kafka.common.telemetry.internals.ClientTelemetryReporter
2025-07-31 02:24:34,803 INFO  [org.apa.kaf.com.met.Metrics] (Thread-351) Metrics reporters closed
2025-07-31 02:24:34,805 INFO  [org.apa.kaf.com.uti.AppInfoParser] (Thread-351) App info kafka.consumer for consumer-Consumer-topic-2f491f72_951b_454f_acab_34a3c33afb1a-28 unregistered
2025-07-31 02:24:35,894 INFO  [org.apa.kaf.cli.pro.ProducerConfig] (main) ProducerConfig values: 
	acks = -1
	auto.include.jmx.reporter = true
	batch.size = 16384
	bootstrap.servers = [PLAINTEXT://localhost:32770]
	buffer.memory = 33554432
	client.dns.lookup = use_all_dns_ips
	client.id = Producer-topic-2f491f72_951b_454f_acab_34a3c33afb1a
	compression.gzip.level = -1
	compression.lz4.level = 9
	compression.type = none
	compression.zstd.level = 3
	connections.max.idle.ms = 10000
	delivery.timeout.ms = 120000
	enable.idempotence = true
	enable.metrics.push = true
	interceptor.classes = []
	key.serializer = class org.apache.kafka.common.serialization.StringSerializer
	linger.ms = 0
	max.block.ms = 60000
	max.in.flight.requests.per.connection = 5
	max.request.size = 1048576
	metadata.max.age.ms = 300000
	metadata.max.idle.ms = 300000
	metadata.recovery.strategy = none
	metric.reporters = []
	metrics.num.samples = 2
	metrics.recording.level = INFO
	metrics.sample.window.ms = 30000
	partitioner.adaptive.partitioning.enable = true
	partitioner.availability.timeout.ms = 0
	partitioner.class = null
	partitioner.ignore.keys = false
	receive.buffer.bytes = 32768
	reconnect.backoff.max.ms = 1000
	reconnect.backoff.ms = 50
	request.timeout.ms = 5000
	retries = 2147483647
	retry.backoff.max.ms = 1000
	retry.backoff.ms = 100
	sasl.client.callback.handler.class = null
	sasl.jaas.config = null
	sasl.kerberos.kinit.cmd = /usr/bin/kinit
	sasl.kerberos.min.time.before.relogin = 60000
	sasl.kerberos.service.name = null
	sasl.kerberos.ticket.renew.jitter = 0.05
	sasl.kerberos.ticket.renew.window.factor = 0.8
	sasl.login.callback.handler.class = null
	sasl.login.class = null
	sasl.login.connect.timeout.ms = null
	sasl.login.read.timeout.ms = null
	sasl.login.refresh.buffer.seconds = 300
	sasl.login.refresh.min.period.seconds = 60
	sasl.login.refresh.window.factor = 0.8
	sasl.login.refresh.window.jitter = 0.05
	sasl.login.retry.backoff.max.ms = 10000
	sasl.login.retry.backoff.ms = 100
	sasl.mechanism = GSSAPI
	sasl.oauthbearer.clock.skew.seconds = 30
	sasl.oauthbearer.expected.audience = null
	sasl.oauthbearer.expected.issuer = null
	sasl.oauthbearer.header.urlencode = false
	sasl.oauthbearer.jwks.endpoint.refresh.ms = 3600000
	sasl.oauthbearer.jwks.endpoint.retry.backoff.max.ms = 10000
	sasl.oauthbearer.jwks.endpoint.retry.backoff.ms = 100
	sasl.oauthbearer.jwks.endpoint.url = null
	sasl.oauthbearer.scope.claim.name = scope
	sasl.oauthbearer.sub.claim.name = sub
	sasl.oauthbearer.token.endpoint.url = null
	security.protocol = PLAINTEXT
	security.providers = null
	send.buffer.bytes = 131072
	socket.connection.setup.timeout.max.ms = 30000
	socket.connection.setup.timeout.ms = 10000
	ssl.cipher.suites = null
	ssl.enabled.protocols = [TLSv1.2, TLSv1.3]
	ssl.endpoint.identification.algorithm = https
	ssl.engine.factory.class = null
	ssl.key.password = null
	ssl.keymanager.algorithm = SunX509
	ssl.keystore.certificate.chain = null
	ssl.keystore.key = null
	ssl.keystore.location = null
	ssl.keystore.password = null
	ssl.keystore.type = JKS
	ssl.protocol = TLSv1.3
	ssl.provider = null
	ssl.secure.random.implementation = null
	ssl.trustmanager.algorithm = PKIX
	ssl.truststore.certificates = null
	ssl.truststore.location = null
	ssl.truststore.password = null
	ssl.truststore.type = JKS
	transaction.timeout.ms = 60000
	transactional.id = null
	value.serializer = class io.confluent.kafka.serializers.KafkaAvroSerializer

2025-07-31 02:24:35,894 INFO  [org.apa.kaf.com.tel.int.KafkaMetricsCollector] (main) initializing Kafka metrics collector
2025-07-31 02:24:35,895 INFO  [io.con.kaf.ser.KafkaAvroSerializerConfig] (main) KafkaAvroSerializerConfig values: 
	auto.register.schemas = false
	avro.reflection.allow.null = false
	avro.remove.java.properties = false
	avro.use.logical.type.converters = false
	basic.auth.credentials.source = URL
	basic.auth.user.info = [hidden]
	bearer.auth.cache.expiry.buffer.seconds = 300
	bearer.auth.client.id = null
	bearer.auth.client.secret = null
	bearer.auth.credentials.source = STATIC_TOKEN
	bearer.auth.custom.provider.class = null
	bearer.auth.identity.pool.id = null
	bearer.auth.issuer.endpoint.url = null
	bearer.auth.logical.cluster = null
	bearer.auth.scope = null
	bearer.auth.scope.claim.name = scope
	bearer.auth.sub.claim.name = sub
	bearer.auth.token = [hidden]
	context.name.strategy = class io.confluent.kafka.serializers.context.NullContextNameStrategy
	http.connect.timeout.ms = 60000
	http.read.timeout.ms = 60000
	id.compatibility.strict = true
	key.subject.name.strategy = class io.confluent.kafka.serializers.subject.TopicNameStrategy
	latest.cache.size = 1000
	latest.cache.ttl.sec = -1
	latest.compatibility.strict = true
	max.retries = 3
	max.schemas.per.subject = 1000
	normalize.schemas = false
	propagate.schema.tags = false
	proxy.host = 
	proxy.port = -1
	retries.max.wait.ms = 20000
	retries.wait.ms = 1000
	rule.actions = []
	rule.executors = []
	rule.service.loader.enable = true
	schema.format = null
	schema.reflection = false
	schema.registry.basic.auth.user.info = [hidden]
	schema.registry.ssl.cipher.suites = null
	schema.registry.ssl.enabled.protocols = [TLSv1.2, TLSv1.3]
	schema.registry.ssl.endpoint.identification.algorithm = https
	schema.registry.ssl.engine.factory.class = null
	schema.registry.ssl.key.password = null
	schema.registry.ssl.keymanager.algorithm = SunX509
	schema.registry.ssl.keystore.certificate.chain = null
	schema.registry.ssl.keystore.key = null
	schema.registry.ssl.keystore.location = null
	schema.registry.ssl.keystore.password = null
	schema.registry.ssl.keystore.type = JKS
	schema.registry.ssl.protocol = TLSv1.3
	schema.registry.ssl.provider = null
	schema.registry.ssl.secure.random.implementation = null
	schema.registry.ssl.trustmanager.algorithm = PKIX
	schema.registry.ssl.truststore.certificates = null
	schema.registry.ssl.truststore.location = null
	schema.registry.ssl.truststore.password = null
	schema.registry.ssl.truststore.type = JKS
	schema.registry.url = [http://registry-app-mysql.apps.ci419.apicurio-testing.org:80/apis/ccompat/v7]
	use.latest.version = false
	use.latest.with.metadata = null
	use.schema.id = -1
	value.subject.name.strategy = class io.confluent.kafka.serializers.subject.TopicRecordNameStrategy

2025-07-31 02:24:35,897 INFO  [org.apa.kaf.cli.pro.KafkaProducer] (main) [Producer clientId=Producer-topic-2f491f72_951b_454f_acab_34a3c33afb1a] Instantiated an idempotent producer.
2025-07-31 02:24:35,899 INFO  [org.apa.kaf.cli.pro.ProducerConfig] (main) These configurations '[schema.registry.url, auto.register.schemas, value.subject.name.strategy]' were supplied but are not used yet.
2025-07-31 02:24:35,899 INFO  [org.apa.kaf.com.uti.AppInfoParser] (main) Kafka version: 3.9.0
2025-07-31 02:24:35,899 INFO  [org.apa.kaf.com.uti.AppInfoParser] (main) Kafka commitId: 84caaa6e9da06435
2025-07-31 02:24:35,899 INFO  [org.apa.kaf.com.uti.AppInfoParser] (main) Kafka startTimeMs: 1753928675899
2025-07-31 02:24:35,901 INFO  [io.api.tes.ser.api.KafkaSerdesTester] (Thread-352) Sending message {"key1": "value-0", "key2": "value-0", "key3": "value-0"} to topic topic-2f491f72_951b_454f_acab_34a3c33afb1a
2025-07-31 02:24:35,904 INFO  [org.apa.kaf.cli.Metadata] (kafka-producer-network-thread | Producer-topic-2f491f72_951b_454f_acab_34a3c33afb1a) [Producer clientId=Producer-topic-2f491f72_951b_454f_acab_34a3c33afb1a] Cluster ID: EeXQRaomRg6j_8npZiTrIA
2025-07-31 02:24:35,904 INFO  [org.apa.kaf.cli.pro.int.TransactionManager] (kafka-producer-network-thread | Producer-topic-2f491f72_951b_454f_acab_34a3c33afb1a) [Producer clientId=Producer-topic-2f491f72_951b_454f_acab_34a3c33afb1a] ProducerId set to 39 with epoch 0
2025-07-31 02:24:35,942 INFO  [io.api.tes.ser.api.KafkaSerdesTester] (Thread-352) Sending message {"key1": "value-1", "key2": "value-1", "key3": "value-1"} to topic topic-2f491f72_951b_454f_acab_34a3c33afb1a
2025-07-31 02:24:35,944 INFO  [io.api.tes.ser.api.KafkaSerdesTester] (Thread-352) Sending message {"key1": "value-2", "key2": "value-2", "key3": "value-2"} to topic topic-2f491f72_951b_454f_acab_34a3c33afb1a
2025-07-31 02:24:35,945 INFO  [io.api.tes.ser.api.KafkaSerdesTester] (Thread-352) Sending message {"key1": "value-3", "key2": "value-3", "key3": "value-3"} to topic topic-2f491f72_951b_454f_acab_34a3c33afb1a
2025-07-31 02:24:35,947 INFO  [io.api.tes.ser.api.KafkaSerdesTester] (Thread-352) Sending message {"key1": "value-4", "key2": "value-4", "key3": "value-4"} to topic topic-2f491f72_951b_454f_acab_34a3c33afb1a
2025-07-31 02:24:35,948 INFO  [io.api.tes.ser.api.KafkaSerdesTester] (Thread-352) Sending message {"key1": "value-5", "key2": "value-5", "key3": "value-5"} to topic topic-2f491f72_951b_454f_acab_34a3c33afb1a
2025-07-31 02:24:35,949 INFO  [io.api.tes.ser.api.KafkaSerdesTester] (Thread-352) Sending message {"key1": "value-6", "key2": "value-6", "key3": "value-6"} to topic topic-2f491f72_951b_454f_acab_34a3c33afb1a
2025-07-31 02:24:35,953 INFO  [io.api.tes.ser.api.KafkaSerdesTester] (Thread-352) Sending message {"key1": "value-7", "key2": "value-7", "key3": "value-7"} to topic topic-2f491f72_951b_454f_acab_34a3c33afb1a
2025-07-31 02:24:35,955 INFO  [io.api.tes.ser.api.KafkaSerdesTester] (Thread-352) Sending message {"key1": "value-8", "key2": "value-8", "key3": "value-8"} to topic topic-2f491f72_951b_454f_acab_34a3c33afb1a
2025-07-31 02:24:35,958 INFO  [io.api.tes.ser.api.KafkaSerdesTester] (Thread-352) Sending message {"key1": "value-9", "key2": "value-9", "key3": "value-9"} to topic topic-2f491f72_951b_454f_acab_34a3c33afb1a
2025-07-31 02:24:35,959 INFO  [io.api.tes.ser.api.KafkaSerdesTester] (Thread-352) Produced 10 messages
2025-07-31 02:24:35,959 INFO  [org.apa.kaf.cli.pro.KafkaProducer] (Thread-352) [Producer clientId=Producer-topic-2f491f72_951b_454f_acab_34a3c33afb1a] Closing the Kafka producer with timeoutMillis = 9223372036854775807 ms.
2025-07-31 02:24:35,961 INFO  [org.apa.kaf.com.met.Metrics] (Thread-352) Metrics scheduler closed
2025-07-31 02:24:35,961 INFO  [org.apa.kaf.com.met.Metrics] (Thread-352) Closing reporter org.apache.kafka.common.metrics.JmxReporter
2025-07-31 02:24:35,961 INFO  [org.apa.kaf.com.met.Metrics] (Thread-352) Closing reporter org.apache.kafka.common.telemetry.internals.ClientTelemetryReporter
2025-07-31 02:24:35,961 INFO  [org.apa.kaf.com.met.Metrics] (Thread-352) Metrics reporters closed
2025-07-31 02:24:35,961 INFO  [org.apa.kaf.com.uti.AppInfoParser] (Thread-352) App info kafka.producer for Producer-topic-2f491f72_951b_454f_acab_34a3c33afb1a unregistered
2025-07-31 02:24:35,963 INFO  [org.apa.kaf.cli.pro.ProducerConfig] (main) ProducerConfig values: 
	acks = -1
	auto.include.jmx.reporter = true
	batch.size = 16384
	bootstrap.servers = [PLAINTEXT://localhost:32770]
	buffer.memory = 33554432
	client.dns.lookup = use_all_dns_ips
	client.id = Producer-topic-2f491f72_951b_454f_acab_34a3c33afb1a
	compression.gzip.level = -1
	compression.lz4.level = 9
	compression.type = none
	compression.zstd.level = 3
	connections.max.idle.ms = 10000
	delivery.timeout.ms = 120000
	enable.idempotence = true
	enable.metrics.push = true
	interceptor.classes = []
	key.serializer = class org.apache.kafka.common.serialization.StringSerializer
	linger.ms = 0
	max.block.ms = 60000
	max.in.flight.requests.per.connection = 5
	max.request.size = 1048576
	metadata.max.age.ms = 300000
	metadata.max.idle.ms = 300000
	metadata.recovery.strategy = none
	metric.reporters = []
	metrics.num.samples = 2
	metrics.recording.level = INFO
	metrics.sample.window.ms = 30000
	partitioner.adaptive.partitioning.enable = true
	partitioner.availability.timeout.ms = 0
	partitioner.class = null
	partitioner.ignore.keys = false
	receive.buffer.bytes = 32768
	reconnect.backoff.max.ms = 1000
	reconnect.backoff.ms = 50
	request.timeout.ms = 5000
	retries = 2147483647
	retry.backoff.max.ms = 1000
	retry.backoff.ms = 100
	sasl.client.callback.handler.class = null
	sasl.jaas.config = null
	sasl.kerberos.kinit.cmd = /usr/bin/kinit
	sasl.kerberos.min.time.before.relogin = 60000
	sasl.kerberos.service.name = null
	sasl.kerberos.ticket.renew.jitter = 0.05
	sasl.kerberos.ticket.renew.window.factor = 0.8
	sasl.login.callback.handler.class = null
	sasl.login.class = null
	sasl.login.connect.timeout.ms = null
	sasl.login.read.timeout.ms = null
	sasl.login.refresh.buffer.seconds = 300
	sasl.login.refresh.min.period.seconds = 60
	sasl.login.refresh.window.factor = 0.8
	sasl.login.refresh.window.jitter = 0.05
	sasl.login.retry.backoff.max.ms = 10000
	sasl.login.retry.backoff.ms = 100
	sasl.mechanism = GSSAPI
	sasl.oauthbearer.clock.skew.seconds = 30
	sasl.oauthbearer.expected.audience = null
	sasl.oauthbearer.expected.issuer = null
	sasl.oauthbearer.header.urlencode = false
	sasl.oauthbearer.jwks.endpoint.refresh.ms = 3600000
	sasl.oauthbearer.jwks.endpoint.retry.backoff.max.ms = 10000
	sasl.oauthbearer.jwks.endpoint.retry.backoff.ms = 100
	sasl.oauthbearer.jwks.endpoint.url = null
	sasl.oauthbearer.scope.claim.name = scope
	sasl.oauthbearer.sub.claim.name = sub
	sasl.oauthbearer.token.endpoint.url = null
	security.protocol = PLAINTEXT
	security.providers = null
	send.buffer.bytes = 131072
	socket.connection.setup.timeout.max.ms = 30000
	socket.connection.setup.timeout.ms = 10000
	ssl.cipher.suites = null
	ssl.enabled.protocols = [TLSv1.2, TLSv1.3]
	ssl.endpoint.identification.algorithm = https
	ssl.engine.factory.class = null
	ssl.key.password = null
	ssl.keymanager.algorithm = SunX509
	ssl.keystore.certificate.chain = null
	ssl.keystore.key = null
	ssl.keystore.location = null
	ssl.keystore.password = null
	ssl.keystore.type = JKS
	ssl.protocol = TLSv1.3
	ssl.provider = null
	ssl.secure.random.implementation = null
	ssl.trustmanager.algorithm = PKIX
	ssl.truststore.certificates = null
	ssl.truststore.location = null
	ssl.truststore.password = null
	ssl.truststore.type = JKS
	transaction.timeout.ms = 60000
	transactional.id = null
	value.serializer = class io.confluent.kafka.serializers.KafkaAvroSerializer

2025-07-31 02:24:35,963 INFO  [org.apa.kaf.com.tel.int.KafkaMetricsCollector] (main) initializing Kafka metrics collector
2025-07-31 02:24:35,963 INFO  [io.con.kaf.ser.KafkaAvroSerializerConfig] (main) KafkaAvroSerializerConfig values: 
	auto.register.schemas = false
	avro.reflection.allow.null = false
	avro.remove.java.properties = false
	avro.use.logical.type.converters = false
	basic.auth.credentials.source = URL
	basic.auth.user.info = [hidden]
	bearer.auth.cache.expiry.buffer.seconds = 300
	bearer.auth.client.id = null
	bearer.auth.client.secret = null
	bearer.auth.credentials.source = STATIC_TOKEN
	bearer.auth.custom.provider.class = null
	bearer.auth.identity.pool.id = null
	bearer.auth.issuer.endpoint.url = null
	bearer.auth.logical.cluster = null
	bearer.auth.scope = null
	bearer.auth.scope.claim.name = scope
	bearer.auth.sub.claim.name = sub
	bearer.auth.token = [hidden]
	context.name.strategy = class io.confluent.kafka.serializers.context.NullContextNameStrategy
	http.connect.timeout.ms = 60000
	http.read.timeout.ms = 60000
	id.compatibility.strict = true
	key.subject.name.strategy = class io.confluent.kafka.serializers.subject.TopicNameStrategy
	latest.cache.size = 1000
	latest.cache.ttl.sec = -1
	latest.compatibility.strict = true
	max.retries = 3
	max.schemas.per.subject = 1000
	normalize.schemas = false
	propagate.schema.tags = false
	proxy.host = 
	proxy.port = -1
	retries.max.wait.ms = 20000
	retries.wait.ms = 1000
	rule.actions = []
	rule.executors = []
	rule.service.loader.enable = true
	schema.format = null
	schema.reflection = false
	schema.registry.basic.auth.user.info = [hidden]
	schema.registry.ssl.cipher.suites = null
	schema.registry.ssl.enabled.protocols = [TLSv1.2, TLSv1.3]
	schema.registry.ssl.endpoint.identification.algorithm = https
	schema.registry.ssl.engine.factory.class = null
	schema.registry.ssl.key.password = null
	schema.registry.ssl.keymanager.algorithm = SunX509
	schema.registry.ssl.keystore.certificate.chain = null
	schema.registry.ssl.keystore.key = null
	schema.registry.ssl.keystore.location = null
	schema.registry.ssl.keystore.password = null
	schema.registry.ssl.keystore.type = JKS
	schema.registry.ssl.protocol = TLSv1.3
	schema.registry.ssl.provider = null
	schema.registry.ssl.secure.random.implementation = null
	schema.registry.ssl.trustmanager.algorithm = PKIX
	schema.registry.ssl.truststore.certificates = null
	schema.registry.ssl.truststore.location = null
	schema.registry.ssl.truststore.password = null
	schema.registry.ssl.truststore.type = JKS
	schema.registry.url = [http://registry-app-mysql.apps.ci419.apicurio-testing.org:80/apis/ccompat/v7]
	use.latest.version = false
	use.latest.with.metadata = null
	use.schema.id = -1
	value.subject.name.strategy = class io.confluent.kafka.serializers.subject.TopicRecordNameStrategy

2025-07-31 02:24:35,966 INFO  [org.apa.kaf.cli.pro.KafkaProducer] (main) [Producer clientId=Producer-topic-2f491f72_951b_454f_acab_34a3c33afb1a] Instantiated an idempotent producer.
2025-07-31 02:24:35,967 INFO  [org.apa.kaf.cli.pro.ProducerConfig] (main) These configurations '[schema.registry.url, auto.register.schemas, value.subject.name.strategy]' were supplied but are not used yet.
2025-07-31 02:24:35,968 INFO  [org.apa.kaf.com.uti.AppInfoParser] (main) Kafka version: 3.9.0
2025-07-31 02:24:35,968 INFO  [org.apa.kaf.com.uti.AppInfoParser] (main) Kafka commitId: 84caaa6e9da06435
2025-07-31 02:24:35,968 INFO  [org.apa.kaf.com.uti.AppInfoParser] (main) Kafka startTimeMs: 1753928675968
2025-07-31 02:24:35,970 INFO  [io.api.tes.ser.api.KafkaSerdesTester] (Thread-353) Sending message {"key1": "value-0", "key2": "value-0"} to topic topic-2f491f72_951b_454f_acab_34a3c33afb1a
2025-07-31 02:24:35,972 INFO  [org.apa.kaf.cli.Metadata] (kafka-producer-network-thread | Producer-topic-2f491f72_951b_454f_acab_34a3c33afb1a) [Producer clientId=Producer-topic-2f491f72_951b_454f_acab_34a3c33afb1a] Cluster ID: EeXQRaomRg6j_8npZiTrIA
2025-07-31 02:24:35,974 INFO  [org.apa.kaf.cli.pro.int.TransactionManager] (kafka-producer-network-thread | Producer-topic-2f491f72_951b_454f_acab_34a3c33afb1a) [Producer clientId=Producer-topic-2f491f72_951b_454f_acab_34a3c33afb1a] ProducerId set to 40 with epoch 0
2025-07-31 02:24:36,012 INFO  [io.api.tes.ser.api.KafkaSerdesTester] (Thread-353) Sending message {"key1": "value-1", "key2": "value-1"} to topic topic-2f491f72_951b_454f_acab_34a3c33afb1a
2025-07-31 02:24:36,015 INFO  [io.api.tes.ser.api.KafkaSerdesTester] (Thread-353) Sending message {"key1": "value-2", "key2": "value-2"} to topic topic-2f491f72_951b_454f_acab_34a3c33afb1a
2025-07-31 02:24:36,017 INFO  [io.api.tes.ser.api.KafkaSerdesTester] (Thread-353) Sending message {"key1": "value-3", "key2": "value-3"} to topic topic-2f491f72_951b_454f_acab_34a3c33afb1a
2025-07-31 02:24:36,030 INFO  [io.api.tes.ser.api.KafkaSerdesTester] (Thread-353) Sending message {"key1": "value-4", "key2": "value-4"} to topic topic-2f491f72_951b_454f_acab_34a3c33afb1a
2025-07-31 02:24:36,035 INFO  [io.api.tes.ser.api.KafkaSerdesTester] (Thread-353) Sending message {"key1": "value-5", "key2": "value-5"} to topic topic-2f491f72_951b_454f_acab_34a3c33afb1a
2025-07-31 02:24:36,037 INFO  [io.api.tes.ser.api.KafkaSerdesTester] (Thread-353) Sending message {"key1": "value-6", "key2": "value-6"} to topic topic-2f491f72_951b_454f_acab_34a3c33afb1a
2025-07-31 02:24:36,040 INFO  [io.api.tes.ser.api.KafkaSerdesTester] (Thread-353) Sending message {"key1": "value-7", "key2": "value-7"} to topic topic-2f491f72_951b_454f_acab_34a3c33afb1a
2025-07-31 02:24:36,041 INFO  [io.api.tes.ser.api.KafkaSerdesTester] (Thread-353) Sending message {"key1": "value-8", "key2": "value-8"} to topic topic-2f491f72_951b_454f_acab_34a3c33afb1a
2025-07-31 02:24:36,042 INFO  [io.api.tes.ser.api.KafkaSerdesTester] (Thread-353) Sending message {"key1": "value-9", "key2": "value-9"} to topic topic-2f491f72_951b_454f_acab_34a3c33afb1a
2025-07-31 02:24:36,043 INFO  [io.api.tes.ser.api.KafkaSerdesTester] (Thread-353) Produced 10 messages
2025-07-31 02:24:36,044 INFO  [org.apa.kaf.cli.pro.KafkaProducer] (Thread-353) [Producer clientId=Producer-topic-2f491f72_951b_454f_acab_34a3c33afb1a] Closing the Kafka producer with timeoutMillis = 9223372036854775807 ms.
2025-07-31 02:24:36,048 INFO  [org.apa.kaf.com.met.Metrics] (Thread-353) Metrics scheduler closed
2025-07-31 02:24:36,048 INFO  [org.apa.kaf.com.met.Metrics] (Thread-353) Closing reporter org.apache.kafka.common.metrics.JmxReporter
2025-07-31 02:24:36,048 INFO  [org.apa.kaf.com.met.Metrics] (Thread-353) Closing reporter org.apache.kafka.common.telemetry.internals.ClientTelemetryReporter
2025-07-31 02:24:36,048 INFO  [org.apa.kaf.com.met.Metrics] (Thread-353) Metrics reporters closed
2025-07-31 02:24:36,048 INFO  [org.apa.kaf.com.uti.AppInfoParser] (Thread-353) App info kafka.producer for Producer-topic-2f491f72_951b_454f_acab_34a3c33afb1a unregistered
2025-07-31 02:24:36,050 INFO  [org.apa.kaf.cli.pro.ProducerConfig] (main) ProducerConfig values: 
	acks = -1
	auto.include.jmx.reporter = true
	batch.size = 16384
	bootstrap.servers = [PLAINTEXT://localhost:32770]
	buffer.memory = 33554432
	client.dns.lookup = use_all_dns_ips
	client.id = Producer-topic-2f491f72_951b_454f_acab_34a3c33afb1a
	compression.gzip.level = -1
	compression.lz4.level = 9
	compression.type = none
	compression.zstd.level = 3
	connections.max.idle.ms = 10000
	delivery.timeout.ms = 120000
	enable.idempotence = true
	enable.metrics.push = true
	interceptor.classes = []
	key.serializer = class org.apache.kafka.common.serialization.StringSerializer
	linger.ms = 0
	max.block.ms = 60000
	max.in.flight.requests.per.connection = 5
	max.request.size = 1048576
	metadata.max.age.ms = 300000
	metadata.max.idle.ms = 300000
	metadata.recovery.strategy = none
	metric.reporters = []
	metrics.num.samples = 2
	metrics.recording.level = INFO
	metrics.sample.window.ms = 30000
	partitioner.adaptive.partitioning.enable = true
	partitioner.availability.timeout.ms = 0
	partitioner.class = null
	partitioner.ignore.keys = false
	receive.buffer.bytes = 32768
	reconnect.backoff.max.ms = 1000
	reconnect.backoff.ms = 50
	request.timeout.ms = 5000
	retries = 2147483647
	retry.backoff.max.ms = 1000
	retry.backoff.ms = 100
	sasl.client.callback.handler.class = null
	sasl.jaas.config = null
	sasl.kerberos.kinit.cmd = /usr/bin/kinit
	sasl.kerberos.min.time.before.relogin = 60000
	sasl.kerberos.service.name = null
	sasl.kerberos.ticket.renew.jitter = 0.05
	sasl.kerberos.ticket.renew.window.factor = 0.8
	sasl.login.callback.handler.class = null
	sasl.login.class = null
	sasl.login.connect.timeout.ms = null
	sasl.login.read.timeout.ms = null
	sasl.login.refresh.buffer.seconds = 300
	sasl.login.refresh.min.period.seconds = 60
	sasl.login.refresh.window.factor = 0.8
	sasl.login.refresh.window.jitter = 0.05
	sasl.login.retry.backoff.max.ms = 10000
	sasl.login.retry.backoff.ms = 100
	sasl.mechanism = GSSAPI
	sasl.oauthbearer.clock.skew.seconds = 30
	sasl.oauthbearer.expected.audience = null
	sasl.oauthbearer.expected.issuer = null
	sasl.oauthbearer.header.urlencode = false
	sasl.oauthbearer.jwks.endpoint.refresh.ms = 3600000
	sasl.oauthbearer.jwks.endpoint.retry.backoff.max.ms = 10000
	sasl.oauthbearer.jwks.endpoint.retry.backoff.ms = 100
	sasl.oauthbearer.jwks.endpoint.url = null
	sasl.oauthbearer.scope.claim.name = scope
	sasl.oauthbearer.sub.claim.name = sub
	sasl.oauthbearer.token.endpoint.url = null
	security.protocol = PLAINTEXT
	security.providers = null
	send.buffer.bytes = 131072
	socket.connection.setup.timeout.max.ms = 30000
	socket.connection.setup.timeout.ms = 10000
	ssl.cipher.suites = null
	ssl.enabled.protocols = [TLSv1.2, TLSv1.3]
	ssl.endpoint.identification.algorithm = https
	ssl.engine.factory.class = null
	ssl.key.password = null
	ssl.keymanager.algorithm = SunX509
	ssl.keystore.certificate.chain = null
	ssl.keystore.key = null
	ssl.keystore.location = null
	ssl.keystore.password = null
	ssl.keystore.type = JKS
	ssl.protocol = TLSv1.3
	ssl.provider = null
	ssl.secure.random.implementation = null
	ssl.trustmanager.algorithm = PKIX
	ssl.truststore.certificates = null
	ssl.truststore.location = null
	ssl.truststore.password = null
	ssl.truststore.type = JKS
	transaction.timeout.ms = 60000
	transactional.id = null
	value.serializer = class io.confluent.kafka.serializers.KafkaAvroSerializer

2025-07-31 02:24:36,050 INFO  [org.apa.kaf.com.tel.int.KafkaMetricsCollector] (main) initializing Kafka metrics collector
2025-07-31 02:24:36,050 INFO  [io.con.kaf.ser.KafkaAvroSerializerConfig] (main) KafkaAvroSerializerConfig values: 
	auto.register.schemas = false
	avro.reflection.allow.null = false
	avro.remove.java.properties = false
	avro.use.logical.type.converters = false
	basic.auth.credentials.source = URL
	basic.auth.user.info = [hidden]
	bearer.auth.cache.expiry.buffer.seconds = 300
	bearer.auth.client.id = null
	bearer.auth.client.secret = null
	bearer.auth.credentials.source = STATIC_TOKEN
	bearer.auth.custom.provider.class = null
	bearer.auth.identity.pool.id = null
	bearer.auth.issuer.endpoint.url = null
	bearer.auth.logical.cluster = null
	bearer.auth.scope = null
	bearer.auth.scope.claim.name = scope
	bearer.auth.sub.claim.name = sub
	bearer.auth.token = [hidden]
	context.name.strategy = class io.confluent.kafka.serializers.context.NullContextNameStrategy
	http.connect.timeout.ms = 60000
	http.read.timeout.ms = 60000
	id.compatibility.strict = true
	key.subject.name.strategy = class io.confluent.kafka.serializers.subject.TopicNameStrategy
	latest.cache.size = 1000
	latest.cache.ttl.sec = -1
	latest.compatibility.strict = true
	max.retries = 3
	max.schemas.per.subject = 1000
	normalize.schemas = false
	propagate.schema.tags = false
	proxy.host = 
	proxy.port = -1
	retries.max.wait.ms = 20000
	retries.wait.ms = 1000
	rule.actions = []
	rule.executors = []
	rule.service.loader.enable = true
	schema.format = null
	schema.reflection = false
	schema.registry.basic.auth.user.info = [hidden]
	schema.registry.ssl.cipher.suites = null
	schema.registry.ssl.enabled.protocols = [TLSv1.2, TLSv1.3]
	schema.registry.ssl.endpoint.identification.algorithm = https
	schema.registry.ssl.engine.factory.class = null
	schema.registry.ssl.key.password = null
	schema.registry.ssl.keymanager.algorithm = SunX509
	schema.registry.ssl.keystore.certificate.chain = null
	schema.registry.ssl.keystore.key = null
	schema.registry.ssl.keystore.location = null
	schema.registry.ssl.keystore.password = null
	schema.registry.ssl.keystore.type = JKS
	schema.registry.ssl.protocol = TLSv1.3
	schema.registry.ssl.provider = null
	schema.registry.ssl.secure.random.implementation = null
	schema.registry.ssl.trustmanager.algorithm = PKIX
	schema.registry.ssl.truststore.certificates = null
	schema.registry.ssl.truststore.location = null
	schema.registry.ssl.truststore.password = null
	schema.registry.ssl.truststore.type = JKS
	schema.registry.url = [http://registry-app-mysql.apps.ci419.apicurio-testing.org:80/apis/ccompat/v7]
	use.latest.version = false
	use.latest.with.metadata = null
	use.schema.id = -1
	value.subject.name.strategy = class io.confluent.kafka.serializers.subject.TopicRecordNameStrategy

2025-07-31 02:24:36,052 INFO  [org.apa.kaf.cli.pro.KafkaProducer] (main) [Producer clientId=Producer-topic-2f491f72_951b_454f_acab_34a3c33afb1a] Instantiated an idempotent producer.
2025-07-31 02:24:36,054 INFO  [org.apa.kaf.cli.pro.ProducerConfig] (main) These configurations '[schema.registry.url, auto.register.schemas, value.subject.name.strategy]' were supplied but are not used yet.
2025-07-31 02:24:36,054 INFO  [org.apa.kaf.com.uti.AppInfoParser] (main) Kafka version: 3.9.0
2025-07-31 02:24:36,054 INFO  [org.apa.kaf.com.uti.AppInfoParser] (main) Kafka commitId: 84caaa6e9da06435
2025-07-31 02:24:36,054 INFO  [org.apa.kaf.com.uti.AppInfoParser] (main) Kafka startTimeMs: 1753928676054
2025-07-31 02:24:36,057 INFO  [io.api.tes.ser.api.KafkaSerdesTester] (Thread-354) Sending message {"key1": "value-0"} to topic topic-2f491f72_951b_454f_acab_34a3c33afb1a
2025-07-31 02:24:36,059 INFO  [org.apa.kaf.cli.Metadata] (kafka-producer-network-thread | Producer-topic-2f491f72_951b_454f_acab_34a3c33afb1a) [Producer clientId=Producer-topic-2f491f72_951b_454f_acab_34a3c33afb1a] Cluster ID: EeXQRaomRg6j_8npZiTrIA
2025-07-31 02:24:36,059 INFO  [org.apa.kaf.cli.pro.int.TransactionManager] (kafka-producer-network-thread | Producer-topic-2f491f72_951b_454f_acab_34a3c33afb1a) [Producer clientId=Producer-topic-2f491f72_951b_454f_acab_34a3c33afb1a] ProducerId set to 41 with epoch 0
2025-07-31 02:24:36,099 INFO  [io.api.tes.ser.api.KafkaSerdesTester] (Thread-354) Sending message {"key1": "value-1"} to topic topic-2f491f72_951b_454f_acab_34a3c33afb1a
2025-07-31 02:24:36,101 INFO  [io.api.tes.ser.api.KafkaSerdesTester] (Thread-354) Sending message {"key1": "value-2"} to topic topic-2f491f72_951b_454f_acab_34a3c33afb1a
2025-07-31 02:24:36,102 INFO  [io.api.tes.ser.api.KafkaSerdesTester] (Thread-354) Sending message {"key1": "value-3"} to topic topic-2f491f72_951b_454f_acab_34a3c33afb1a
2025-07-31 02:24:36,105 INFO  [io.api.tes.ser.api.KafkaSerdesTester] (Thread-354) Sending message {"key1": "value-4"} to topic topic-2f491f72_951b_454f_acab_34a3c33afb1a
2025-07-31 02:24:36,107 INFO  [io.api.tes.ser.api.KafkaSerdesTester] (Thread-354) Sending message {"key1": "value-5"} to topic topic-2f491f72_951b_454f_acab_34a3c33afb1a
2025-07-31 02:24:36,111 INFO  [io.api.tes.ser.api.KafkaSerdesTester] (Thread-354) Sending message {"key1": "value-6"} to topic topic-2f491f72_951b_454f_acab_34a3c33afb1a
2025-07-31 02:24:36,112 INFO  [io.api.tes.ser.api.KafkaSerdesTester] (Thread-354) Sending message {"key1": "value-7"} to topic topic-2f491f72_951b_454f_acab_34a3c33afb1a
2025-07-31 02:24:36,115 INFO  [io.api.tes.ser.api.KafkaSerdesTester] (Thread-354) Sending message {"key1": "value-8"} to topic topic-2f491f72_951b_454f_acab_34a3c33afb1a
2025-07-31 02:24:36,117 INFO  [io.api.tes.ser.api.KafkaSerdesTester] (Thread-354) Sending message {"key1": "value-9"} to topic topic-2f491f72_951b_454f_acab_34a3c33afb1a
2025-07-31 02:24:36,119 INFO  [io.api.tes.ser.api.KafkaSerdesTester] (Thread-354) Produced 10 messages
2025-07-31 02:24:36,119 INFO  [org.apa.kaf.cli.pro.KafkaProducer] (Thread-354) [Producer clientId=Producer-topic-2f491f72_951b_454f_acab_34a3c33afb1a] Closing the Kafka producer with timeoutMillis = 9223372036854775807 ms.
2025-07-31 02:24:36,122 INFO  [org.apa.kaf.com.met.Metrics] (Thread-354) Metrics scheduler closed
2025-07-31 02:24:36,122 INFO  [org.apa.kaf.com.met.Metrics] (Thread-354) Closing reporter org.apache.kafka.common.metrics.JmxReporter
2025-07-31 02:24:36,122 INFO  [org.apa.kaf.com.met.Metrics] (Thread-354) Closing reporter org.apache.kafka.common.telemetry.internals.ClientTelemetryReporter
2025-07-31 02:24:36,122 INFO  [org.apa.kaf.com.met.Metrics] (Thread-354) Metrics reporters closed
2025-07-31 02:24:36,122 INFO  [org.apa.kaf.com.uti.AppInfoParser] (Thread-354) App info kafka.producer for Producer-topic-2f491f72_951b_454f_acab_34a3c33afb1a unregistered
2025-07-31 02:24:36,122 INFO  [org.apa.kaf.cli.con.ConsumerConfig] (main) ConsumerConfig values: 
	allow.auto.create.topics = true
	auto.commit.interval.ms = 500
	auto.include.jmx.reporter = true
	auto.offset.reset = earliest
	bootstrap.servers = [PLAINTEXT://localhost:32770]
	check.crcs = true
	client.dns.lookup = use_all_dns_ips
	client.id = consumer-Consumer-topic-2f491f72_951b_454f_acab_34a3c33afb1a-29
	client.rack = 
	connections.max.idle.ms = 10000
	default.api.timeout.ms = 60000
	enable.auto.commit = true
	enable.metrics.push = true
	exclude.internal.topics = true
	fetch.max.bytes = 52428800
	fetch.max.wait.ms = 500
	fetch.min.bytes = 1
	group.id = Consumer-topic-2f491f72_951b_454f_acab_34a3c33afb1a
	group.instance.id = null
	group.protocol = classic
	group.remote.assignor = null
	heartbeat.interval.ms = 3000
	interceptor.classes = []
	internal.leave.group.on.close = true
	internal.throw.on.fetch.stable.offset.unsupported = false
	isolation.level = read_uncommitted
	key.deserializer = class org.apache.kafka.common.serialization.StringDeserializer
	max.partition.fetch.bytes = 1048576
	max.poll.interval.ms = 300000
	max.poll.records = 500
	metadata.max.age.ms = 300000
	metadata.recovery.strategy = none
	metric.reporters = []
	metrics.num.samples = 2
	metrics.recording.level = INFO
	metrics.sample.window.ms = 30000
	partition.assignment.strategy = [class org.apache.kafka.clients.consumer.RangeAssignor, class org.apache.kafka.clients.consumer.CooperativeStickyAssignor]
	receive.buffer.bytes = 65536
	reconnect.backoff.max.ms = 1000
	reconnect.backoff.ms = 50
	request.timeout.ms = 5000
	retry.backoff.max.ms = 1000
	retry.backoff.ms = 100
	sasl.client.callback.handler.class = null
	sasl.jaas.config = null
	sasl.kerberos.kinit.cmd = /usr/bin/kinit
	sasl.kerberos.min.time.before.relogin = 60000
	sasl.kerberos.service.name = null
	sasl.kerberos.ticket.renew.jitter = 0.05
	sasl.kerberos.ticket.renew.window.factor = 0.8
	sasl.login.callback.handler.class = null
	sasl.login.class = null
	sasl.login.connect.timeout.ms = null
	sasl.login.read.timeout.ms = null
	sasl.login.refresh.buffer.seconds = 300
	sasl.login.refresh.min.period.seconds = 60
	sasl.login.refresh.window.factor = 0.8
	sasl.login.refresh.window.jitter = 0.05
	sasl.login.retry.backoff.max.ms = 10000
	sasl.login.retry.backoff.ms = 100
	sasl.mechanism = GSSAPI
	sasl.oauthbearer.clock.skew.seconds = 30
	sasl.oauthbearer.expected.audience = null
	sasl.oauthbearer.expected.issuer = null
	sasl.oauthbearer.header.urlencode = false
	sasl.oauthbearer.jwks.endpoint.refresh.ms = 3600000
	sasl.oauthbearer.jwks.endpoint.retry.backoff.max.ms = 10000
	sasl.oauthbearer.jwks.endpoint.retry.backoff.ms = 100
	sasl.oauthbearer.jwks.endpoint.url = null
	sasl.oauthbearer.scope.claim.name = scope
	sasl.oauthbearer.sub.claim.name = sub
	sasl.oauthbearer.token.endpoint.url = null
	security.protocol = PLAINTEXT
	security.providers = null
	send.buffer.bytes = 131072
	session.timeout.ms = 45000
	socket.connection.setup.timeout.max.ms = 30000
	socket.connection.setup.timeout.ms = 10000
	ssl.cipher.suites = null
	ssl.enabled.protocols = [TLSv1.2, TLSv1.3]
	ssl.endpoint.identification.algorithm = https
	ssl.engine.factory.class = null
	ssl.key.password = null
	ssl.keymanager.algorithm = SunX509
	ssl.keystore.certificate.chain = null
	ssl.keystore.key = null
	ssl.keystore.location = null
	ssl.keystore.password = null
	ssl.keystore.type = JKS
	ssl.protocol = TLSv1.3
	ssl.provider = null
	ssl.secure.random.implementation = null
	ssl.trustmanager.algorithm = PKIX
	ssl.truststore.certificates = null
	ssl.truststore.location = null
	ssl.truststore.password = null
	ssl.truststore.type = JKS
	value.deserializer = class io.confluent.kafka.serializers.KafkaAvroDeserializer

2025-07-31 02:24:36,123 INFO  [org.apa.kaf.com.tel.int.KafkaMetricsCollector] (main) initializing Kafka metrics collector
2025-07-31 02:24:36,123 INFO  [io.con.kaf.ser.KafkaAvroDeserializerConfig] (main) KafkaAvroDeserializerConfig values: 
	auto.register.schemas = true
	avro.reflection.allow.null = false
	avro.use.logical.type.converters = false
	basic.auth.credentials.source = URL
	basic.auth.user.info = [hidden]
	bearer.auth.cache.expiry.buffer.seconds = 300
	bearer.auth.client.id = null
	bearer.auth.client.secret = null
	bearer.auth.credentials.source = STATIC_TOKEN
	bearer.auth.custom.provider.class = null
	bearer.auth.identity.pool.id = null
	bearer.auth.issuer.endpoint.url = null
	bearer.auth.logical.cluster = null
	bearer.auth.scope = null
	bearer.auth.scope.claim.name = scope
	bearer.auth.sub.claim.name = sub
	bearer.auth.token = [hidden]
	context.name.strategy = class io.confluent.kafka.serializers.context.NullContextNameStrategy
	http.connect.timeout.ms = 60000
	http.read.timeout.ms = 60000
	id.compatibility.strict = true
	key.subject.name.strategy = class io.confluent.kafka.serializers.subject.TopicNameStrategy
	latest.cache.size = 1000
	latest.cache.ttl.sec = -1
	latest.compatibility.strict = true
	max.retries = 3
	max.schemas.per.subject = 1000
	normalize.schemas = false
	propagate.schema.tags = false
	proxy.host = 
	proxy.port = -1
	retries.max.wait.ms = 20000
	retries.wait.ms = 1000
	rule.actions = []
	rule.executors = []
	rule.service.loader.enable = true
	schema.format = null
	schema.reflection = false
	schema.registry.basic.auth.user.info = [hidden]
	schema.registry.ssl.cipher.suites = null
	schema.registry.ssl.enabled.protocols = [TLSv1.2, TLSv1.3]
	schema.registry.ssl.endpoint.identification.algorithm = https
	schema.registry.ssl.engine.factory.class = null
	schema.registry.ssl.key.password = null
	schema.registry.ssl.keymanager.algorithm = SunX509
	schema.registry.ssl.keystore.certificate.chain = null
	schema.registry.ssl.keystore.key = null
	schema.registry.ssl.keystore.location = null
	schema.registry.ssl.keystore.password = null
	schema.registry.ssl.keystore.type = JKS
	schema.registry.ssl.protocol = TLSv1.3
	schema.registry.ssl.provider = null
	schema.registry.ssl.secure.random.implementation = null
	schema.registry.ssl.trustmanager.algorithm = PKIX
	schema.registry.ssl.truststore.certificates = null
	schema.registry.ssl.truststore.location = null
	schema.registry.ssl.truststore.password = null
	schema.registry.ssl.truststore.type = JKS
	schema.registry.url = [http://registry-app-mysql.apps.ci419.apicurio-testing.org:80/apis/ccompat/v7]
	specific.avro.key.type = null
	specific.avro.reader = false
	specific.avro.value.type = null
	use.latest.version = false
	use.latest.with.metadata = null
	use.schema.id = -1
	value.subject.name.strategy = class io.confluent.kafka.serializers.subject.TopicNameStrategy

2025-07-31 02:24:36,123 INFO  [io.con.kaf.ser.KafkaAvroDeserializerConfig] (main) KafkaAvroDeserializerConfig values: 
	auto.register.schemas = true
	avro.reflection.allow.null = false
	avro.use.logical.type.converters = false
	basic.auth.credentials.source = URL
	basic.auth.user.info = [hidden]
	bearer.auth.cache.expiry.buffer.seconds = 300
	bearer.auth.client.id = null
	bearer.auth.client.secret = null
	bearer.auth.credentials.source = STATIC_TOKEN
	bearer.auth.custom.provider.class = null
	bearer.auth.identity.pool.id = null
	bearer.auth.issuer.endpoint.url = null
	bearer.auth.logical.cluster = null
	bearer.auth.scope = null
	bearer.auth.scope.claim.name = scope
	bearer.auth.sub.claim.name = sub
	bearer.auth.token = [hidden]
	context.name.strategy = class io.confluent.kafka.serializers.context.NullContextNameStrategy
	http.connect.timeout.ms = 60000
	http.read.timeout.ms = 60000
	id.compatibility.strict = true
	key.subject.name.strategy = class io.confluent.kafka.serializers.subject.TopicNameStrategy
	latest.cache.size = 1000
	latest.cache.ttl.sec = -1
	latest.compatibility.strict = true
	max.retries = 3
	max.schemas.per.subject = 1000
	normalize.schemas = false
	propagate.schema.tags = false
	proxy.host = 
	proxy.port = -1
	retries.max.wait.ms = 20000
	retries.wait.ms = 1000
	rule.actions = []
	rule.executors = []
	rule.service.loader.enable = true
	schema.format = null
	schema.reflection = false
	schema.registry.basic.auth.user.info = [hidden]
	schema.registry.ssl.cipher.suites = null
	schema.registry.ssl.enabled.protocols = [TLSv1.2, TLSv1.3]
	schema.registry.ssl.endpoint.identification.algorithm = https
	schema.registry.ssl.engine.factory.class = null
	schema.registry.ssl.key.password = null
	schema.registry.ssl.keymanager.algorithm = SunX509
	schema.registry.ssl.keystore.certificate.chain = null
	schema.registry.ssl.keystore.key = null
	schema.registry.ssl.keystore.location = null
	schema.registry.ssl.keystore.password = null
	schema.registry.ssl.keystore.type = JKS
	schema.registry.ssl.protocol = TLSv1.3
	schema.registry.ssl.provider = null
	schema.registry.ssl.secure.random.implementation = null
	schema.registry.ssl.trustmanager.algorithm = PKIX
	schema.registry.ssl.truststore.certificates = null
	schema.registry.ssl.truststore.location = null
	schema.registry.ssl.truststore.password = null
	schema.registry.ssl.truststore.type = JKS
	schema.registry.url = [http://registry-app-mysql.apps.ci419.apicurio-testing.org:80/apis/ccompat/v7]
	specific.avro.key.type = null
	specific.avro.reader = false
	specific.avro.value.type = null
	use.latest.version = false
	use.latest.with.metadata = null
	use.schema.id = -1
	value.subject.name.strategy = class io.confluent.kafka.serializers.subject.TopicNameStrategy

2025-07-31 02:24:36,155 INFO  [org.apa.kaf.cli.con.ConsumerConfig] (main) These configurations '[schema.registry.url]' were supplied but are not used yet.
2025-07-31 02:24:36,155 INFO  [org.apa.kaf.com.uti.AppInfoParser] (main) Kafka version: 3.9.0
2025-07-31 02:24:36,155 INFO  [org.apa.kaf.com.uti.AppInfoParser] (main) Kafka commitId: 84caaa6e9da06435
2025-07-31 02:24:36,155 INFO  [org.apa.kaf.com.uti.AppInfoParser] (main) Kafka startTimeMs: 1753928676155
2025-07-31 02:24:36,156 INFO  [org.apa.kaf.cli.con.int.ClassicKafkaConsumer] (Thread-355) [Consumer clientId=consumer-Consumer-topic-2f491f72_951b_454f_acab_34a3c33afb1a-29, groupId=Consumer-topic-2f491f72_951b_454f_acab_34a3c33afb1a] Subscribed to topic(s): topic-2f491f72_951b_454f_acab_34a3c33afb1a
2025-07-31 02:24:36,160 INFO  [org.apa.kaf.cli.Metadata] (Thread-355) [Consumer clientId=consumer-Consumer-topic-2f491f72_951b_454f_acab_34a3c33afb1a-29, groupId=Consumer-topic-2f491f72_951b_454f_acab_34a3c33afb1a] Cluster ID: EeXQRaomRg6j_8npZiTrIA
2025-07-31 02:24:36,161 INFO  [org.apa.kaf.cli.con.int.ConsumerCoordinator] (Thread-355) [Consumer clientId=consumer-Consumer-topic-2f491f72_951b_454f_acab_34a3c33afb1a-29, groupId=Consumer-topic-2f491f72_951b_454f_acab_34a3c33afb1a] Discovered group coordinator localhost:32770 (id: 2147483647 rack: null)
2025-07-31 02:24:36,163 INFO  [org.apa.kaf.cli.con.int.ConsumerCoordinator] (Thread-355) [Consumer clientId=consumer-Consumer-topic-2f491f72_951b_454f_acab_34a3c33afb1a-29, groupId=Consumer-topic-2f491f72_951b_454f_acab_34a3c33afb1a] (Re-)joining group
2025-07-31 02:24:36,167 INFO  [org.apa.kaf.cli.con.int.ConsumerCoordinator] (Thread-355) [Consumer clientId=consumer-Consumer-topic-2f491f72_951b_454f_acab_34a3c33afb1a-29, groupId=Consumer-topic-2f491f72_951b_454f_acab_34a3c33afb1a] Request joining group due to: need to re-join with the given member-id: consumer-Consumer-topic-2f491f72_951b_454f_acab_34a3c33afb1a-29-f406743d-f85c-440a-8ee5-d93827944656
2025-07-31 02:24:36,167 INFO  [org.apa.kaf.cli.con.int.ConsumerCoordinator] (Thread-355) [Consumer clientId=consumer-Consumer-topic-2f491f72_951b_454f_acab_34a3c33afb1a-29, groupId=Consumer-topic-2f491f72_951b_454f_acab_34a3c33afb1a] (Re-)joining group
2025-07-31 02:24:36,169 INFO  [org.apa.kaf.cli.con.int.ConsumerCoordinator] (Thread-355) [Consumer clientId=consumer-Consumer-topic-2f491f72_951b_454f_acab_34a3c33afb1a-29, groupId=Consumer-topic-2f491f72_951b_454f_acab_34a3c33afb1a] Successfully joined group with generation Generation{generationId=5, memberId='consumer-Consumer-topic-2f491f72_951b_454f_acab_34a3c33afb1a-29-f406743d-f85c-440a-8ee5-d93827944656', protocol='range'}
2025-07-31 02:24:36,169 INFO  [org.apa.kaf.cli.con.int.ConsumerCoordinator] (Thread-355) [Consumer clientId=consumer-Consumer-topic-2f491f72_951b_454f_acab_34a3c33afb1a-29, groupId=Consumer-topic-2f491f72_951b_454f_acab_34a3c33afb1a] Finished assignment for group at generation 5: {consumer-Consumer-topic-2f491f72_951b_454f_acab_34a3c33afb1a-29-f406743d-f85c-440a-8ee5-d93827944656=Assignment(partitions=[topic-2f491f72_951b_454f_acab_34a3c33afb1a-0])}
2025-07-31 02:24:36,172 INFO  [org.apa.kaf.cli.con.int.ConsumerCoordinator] (Thread-355) [Consumer clientId=consumer-Consumer-topic-2f491f72_951b_454f_acab_34a3c33afb1a-29, groupId=Consumer-topic-2f491f72_951b_454f_acab_34a3c33afb1a] Successfully synced group in generation Generation{generationId=5, memberId='consumer-Consumer-topic-2f491f72_951b_454f_acab_34a3c33afb1a-29-f406743d-f85c-440a-8ee5-d93827944656', protocol='range'}
2025-07-31 02:24:36,172 INFO  [org.apa.kaf.cli.con.int.ConsumerCoordinator] (Thread-355) [Consumer clientId=consumer-Consumer-topic-2f491f72_951b_454f_acab_34a3c33afb1a-29, groupId=Consumer-topic-2f491f72_951b_454f_acab_34a3c33afb1a] Notifying assignor about the new Assignment(partitions=[topic-2f491f72_951b_454f_acab_34a3c33afb1a-0])
2025-07-31 02:24:36,172 INFO  [org.apa.kaf.cli.con.int.ConsumerRebalanceListenerInvoker] (Thread-355) [Consumer clientId=consumer-Consumer-topic-2f491f72_951b_454f_acab_34a3c33afb1a-29, groupId=Consumer-topic-2f491f72_951b_454f_acab_34a3c33afb1a] Adding newly assigned partitions: topic-2f491f72_951b_454f_acab_34a3c33afb1a-0
2025-07-31 02:24:36,173 INFO  [org.apa.kaf.cli.con.int.ConsumerUtils] (Thread-355) Setting offset for partition topic-2f491f72_951b_454f_acab_34a3c33afb1a-0 to the committed offset FetchPosition{offset=30, offsetEpoch=Optional[0], currentLeader=LeaderAndEpoch{leader=Optional[localhost:32770 (id: 0 rack: null)], epoch=0}}
2025-07-31 02:24:36,265 INFO  [io.api.tes.ser.api.KafkaSerdesTester] (Thread-355) topic-2f491f72_951b_454f_acab_34a3c33afb1a 0 30 {"key1": "value-0", "key2": "value-0", "key3": "value-0"}
2025-07-31 02:24:36,265 INFO  [io.api.tes.ser.api.KafkaSerdesTester] (Thread-355) topic-2f491f72_951b_454f_acab_34a3c33afb1a 0 31 {"key1": "value-1", "key2": "value-1", "key3": "value-1"}
2025-07-31 02:24:36,265 INFO  [io.api.tes.ser.api.KafkaSerdesTester] (Thread-355) topic-2f491f72_951b_454f_acab_34a3c33afb1a 0 32 {"key1": "value-2", "key2": "value-2", "key3": "value-2"}
2025-07-31 02:24:36,265 INFO  [io.api.tes.ser.api.KafkaSerdesTester] (Thread-355) topic-2f491f72_951b_454f_acab_34a3c33afb1a 0 33 {"key1": "value-3", "key2": "value-3", "key3": "value-3"}
2025-07-31 02:24:36,265 INFO  [io.api.tes.ser.api.KafkaSerdesTester] (Thread-355) topic-2f491f72_951b_454f_acab_34a3c33afb1a 0 34 {"key1": "value-4", "key2": "value-4", "key3": "value-4"}
2025-07-31 02:24:36,265 INFO  [io.api.tes.ser.api.KafkaSerdesTester] (Thread-355) topic-2f491f72_951b_454f_acab_34a3c33afb1a 0 35 {"key1": "value-5", "key2": "value-5", "key3": "value-5"}
2025-07-31 02:24:36,265 INFO  [io.api.tes.ser.api.KafkaSerdesTester] (Thread-355) topic-2f491f72_951b_454f_acab_34a3c33afb1a 0 36 {"key1": "value-6", "key2": "value-6", "key3": "value-6"}
2025-07-31 02:24:36,265 INFO  [io.api.tes.ser.api.KafkaSerdesTester] (Thread-355) topic-2f491f72_951b_454f_acab_34a3c33afb1a 0 37 {"key1": "value-7", "key2": "value-7", "key3": "value-7"}
2025-07-31 02:24:36,265 INFO  [io.api.tes.ser.api.KafkaSerdesTester] (Thread-355) topic-2f491f72_951b_454f_acab_34a3c33afb1a 0 38 {"key1": "value-8", "key2": "value-8", "key3": "value-8"}
2025-07-31 02:24:36,265 INFO  [io.api.tes.ser.api.KafkaSerdesTester] (Thread-355) topic-2f491f72_951b_454f_acab_34a3c33afb1a 0 39 {"key1": "value-9", "key2": "value-9", "key3": "value-9"}
2025-07-31 02:24:36,265 INFO  [io.api.tes.ser.api.KafkaSerdesTester] (Thread-355) topic-2f491f72_951b_454f_acab_34a3c33afb1a 0 40 {"key1": "value-0", "key2": "value-0"}
2025-07-31 02:24:36,265 INFO  [io.api.tes.ser.api.KafkaSerdesTester] (Thread-355) topic-2f491f72_951b_454f_acab_34a3c33afb1a 0 41 {"key1": "value-1", "key2": "value-1"}
2025-07-31 02:24:36,265 INFO  [io.api.tes.ser.api.KafkaSerdesTester] (Thread-355) topic-2f491f72_951b_454f_acab_34a3c33afb1a 0 42 {"key1": "value-2", "key2": "value-2"}
2025-07-31 02:24:36,266 INFO  [io.api.tes.ser.api.KafkaSerdesTester] (Thread-355) topic-2f491f72_951b_454f_acab_34a3c33afb1a 0 43 {"key1": "value-3", "key2": "value-3"}
2025-07-31 02:24:36,266 INFO  [io.api.tes.ser.api.KafkaSerdesTester] (Thread-355) topic-2f491f72_951b_454f_acab_34a3c33afb1a 0 44 {"key1": "value-4", "key2": "value-4"}
2025-07-31 02:24:36,266 INFO  [io.api.tes.ser.api.KafkaSerdesTester] (Thread-355) topic-2f491f72_951b_454f_acab_34a3c33afb1a 0 45 {"key1": "value-5", "key2": "value-5"}
2025-07-31 02:24:36,267 INFO  [io.api.tes.ser.api.KafkaSerdesTester] (Thread-355) topic-2f491f72_951b_454f_acab_34a3c33afb1a 0 46 {"key1": "value-6", "key2": "value-6"}
2025-07-31 02:24:36,267 INFO  [io.api.tes.ser.api.KafkaSerdesTester] (Thread-355) topic-2f491f72_951b_454f_acab_34a3c33afb1a 0 47 {"key1": "value-7", "key2": "value-7"}
2025-07-31 02:24:36,267 INFO  [io.api.tes.ser.api.KafkaSerdesTester] (Thread-355) topic-2f491f72_951b_454f_acab_34a3c33afb1a 0 48 {"key1": "value-8", "key2": "value-8"}
2025-07-31 02:24:36,267 INFO  [io.api.tes.ser.api.KafkaSerdesTester] (Thread-355) topic-2f491f72_951b_454f_acab_34a3c33afb1a 0 49 {"key1": "value-9", "key2": "value-9"}
2025-07-31 02:24:36,267 INFO  [io.api.tes.ser.api.KafkaSerdesTester] (Thread-355) topic-2f491f72_951b_454f_acab_34a3c33afb1a 0 50 {"key1": "value-0"}
2025-07-31 02:24:36,267 INFO  [io.api.tes.ser.api.KafkaSerdesTester] (Thread-355) topic-2f491f72_951b_454f_acab_34a3c33afb1a 0 51 {"key1": "value-1"}
2025-07-31 02:24:36,267 INFO  [io.api.tes.ser.api.KafkaSerdesTester] (Thread-355) topic-2f491f72_951b_454f_acab_34a3c33afb1a 0 52 {"key1": "value-2"}
2025-07-31 02:24:36,267 INFO  [io.api.tes.ser.api.KafkaSerdesTester] (Thread-355) topic-2f491f72_951b_454f_acab_34a3c33afb1a 0 53 {"key1": "value-3"}
2025-07-31 02:24:36,267 INFO  [io.api.tes.ser.api.KafkaSerdesTester] (Thread-355) topic-2f491f72_951b_454f_acab_34a3c33afb1a 0 54 {"key1": "value-4"}
2025-07-31 02:24:36,267 INFO  [io.api.tes.ser.api.KafkaSerdesTester] (Thread-355) topic-2f491f72_951b_454f_acab_34a3c33afb1a 0 55 {"key1": "value-5"}
2025-07-31 02:24:36,267 INFO  [io.api.tes.ser.api.KafkaSerdesTester] (Thread-355) topic-2f491f72_951b_454f_acab_34a3c33afb1a 0 56 {"key1": "value-6"}
2025-07-31 02:24:36,267 INFO  [io.api.tes.ser.api.KafkaSerdesTester] (Thread-355) topic-2f491f72_951b_454f_acab_34a3c33afb1a 0 57 {"key1": "value-7"}
2025-07-31 02:24:36,267 INFO  [io.api.tes.ser.api.KafkaSerdesTester] (Thread-355) topic-2f491f72_951b_454f_acab_34a3c33afb1a 0 58 {"key1": "value-8"}
2025-07-31 02:24:36,267 INFO  [io.api.tes.ser.api.KafkaSerdesTester] (Thread-355) topic-2f491f72_951b_454f_acab_34a3c33afb1a 0 59 {"key1": "value-9"}
2025-07-31 02:24:36,267 INFO  [io.api.tes.ser.api.KafkaSerdesTester] (Thread-355) Consumed 30 messages
2025-07-31 02:24:36,272 INFO  [org.apa.kaf.cli.con.int.ConsumerRebalanceListenerInvoker] (Thread-355) [Consumer clientId=consumer-Consumer-topic-2f491f72_951b_454f_acab_34a3c33afb1a-29, groupId=Consumer-topic-2f491f72_951b_454f_acab_34a3c33afb1a] Revoke previously assigned partitions topic-2f491f72_951b_454f_acab_34a3c33afb1a-0
2025-07-31 02:24:36,272 INFO  [org.apa.kaf.cli.con.int.ConsumerCoordinator] (Thread-355) [Consumer clientId=consumer-Consumer-topic-2f491f72_951b_454f_acab_34a3c33afb1a-29, groupId=Consumer-topic-2f491f72_951b_454f_acab_34a3c33afb1a] Member consumer-Consumer-topic-2f491f72_951b_454f_acab_34a3c33afb1a-29-f406743d-f85c-440a-8ee5-d93827944656 sending LeaveGroup request to coordinator localhost:32770 (id: 2147483647 rack: null) due to the consumer is being closed
2025-07-31 02:24:36,274 INFO  [org.apa.kaf.cli.con.int.ConsumerCoordinator] (Thread-355) [Consumer clientId=consumer-Consumer-topic-2f491f72_951b_454f_acab_34a3c33afb1a-29, groupId=Consumer-topic-2f491f72_951b_454f_acab_34a3c33afb1a] Resetting generation and member id due to: consumer pro-actively leaving the group
2025-07-31 02:24:36,274 INFO  [org.apa.kaf.cli.con.int.ConsumerCoordinator] (Thread-355) [Consumer clientId=consumer-Consumer-topic-2f491f72_951b_454f_acab_34a3c33afb1a-29, groupId=Consumer-topic-2f491f72_951b_454f_acab_34a3c33afb1a] Request joining group due to: consumer pro-actively leaving the group
2025-07-31 02:24:36,768 INFO  [org.apa.kaf.com.met.Metrics] (Thread-355) Metrics scheduler closed
2025-07-31 02:24:36,768 INFO  [org.apa.kaf.com.met.Metrics] (Thread-355) Closing reporter org.apache.kafka.common.metrics.JmxReporter
2025-07-31 02:24:36,768 INFO  [org.apa.kaf.com.met.Metrics] (Thread-355) Closing reporter org.apache.kafka.common.telemetry.internals.ClientTelemetryReporter
2025-07-31 02:24:36,768 INFO  [org.apa.kaf.com.met.Metrics] (Thread-355) Metrics reporters closed
2025-07-31 02:24:36,770 INFO  [org.apa.kaf.com.uti.AppInfoParser] (Thread-355) App info kafka.consumer for consumer-Consumer-topic-2f491f72_951b_454f_acab_34a3c33afb1a-29 unregistered
2025-07-31 02:24:36,770 INFO  [org.apa.kaf.cli.pro.KafkaProducer] (main) [Producer clientId=Producer-topic-2f491f72_951b_454f_acab_34a3c33afb1a] Closing the Kafka producer with timeoutMillis = 9223372036854775807 ms.
2025-07-31 02:24:36,770 INFO  [org.apa.kaf.com.met.Metrics] (main) Metrics scheduler closed
2025-07-31 02:24:36,770 INFO  [org.apa.kaf.com.met.Metrics] (main) Closing reporter org.apache.kafka.common.metrics.JmxReporter
2025-07-31 02:24:36,770 INFO  [org.apa.kaf.com.met.Metrics] (main) Closing reporter org.apache.kafka.common.telemetry.internals.ClientTelemetryReporter
2025-07-31 02:24:36,770 INFO  [org.apa.kaf.com.met.Metrics] (main) Metrics reporters closed
2025-07-31 02:24:36,770 INFO  [org.apa.kaf.com.uti.AppInfoParser] (main) App info kafka.producer for Producer-topic-2f491f72_951b_454f_acab_34a3c33afb1a unregistered
2025-07-31 02:24:36,824 INFO  [io.api.tes.ser.con.BasicConfluentSerDesIT] (main) Deleting confluent schema topic-2f491f72_951b_454f_acab_34a3c33afb1a-s7f110daax658fx4184x8254x9ff02c3f5ea5
2025-07-31 02:24:36,858 INFO  [io.api.tes.uti.TestSeparator] (main) io.apicurio.tests.serdes.confluent.BasicConfluentSerDesIT.testEvolveAvroConfluent-FINISHED
2025-07-31 02:24:36,858 INFO  [io.api.tes.uti.TestSeparator] (main) ############################################################################
]]></system-out>
  </testcase>
  <testcase name="testAvroConfluentSerDes" classname="io.apicurio.tests.serdes.confluent.BasicConfluentSerDesIT" time="0.861">
    <system-out><![CDATA[2025-07-31 02:24:36,859 INFO  [io.api.tes.uti.TestSeparator] (main) ############################################################################
2025-07-31 02:24:36,859 INFO  [io.api.tes.uti.TestSeparator] (main) io.apicurio.tests.serdes.confluent.BasicConfluentSerDesIT.testAvroConfluentSerDes-STARTED
2025-07-31 02:24:36,945 INFO  [io.api.tes.ser.con.BasicConfluentSerDesIT] (main) Checking that created schema is equal to the get schema
2025-07-31 02:24:36,977 INFO  [io.api.tes.ser.con.BasicConfluentSerDesIT] (main) Created schema with id:55 and name:myrecordconfluent1
2025-07-31 02:24:36,978 INFO  [org.apa.kaf.cli.pro.ProducerConfig] (main) ProducerConfig values: 
	acks = -1
	auto.include.jmx.reporter = true
	batch.size = 16384
	bootstrap.servers = [PLAINTEXT://localhost:32770]
	buffer.memory = 33554432
	client.dns.lookup = use_all_dns_ips
	client.id = Producer-topic-94589566_9f87_43a2_9400_5ba68190504b
	compression.gzip.level = -1
	compression.lz4.level = 9
	compression.type = none
	compression.zstd.level = 3
	connections.max.idle.ms = 10000
	delivery.timeout.ms = 120000
	enable.idempotence = true
	enable.metrics.push = true
	interceptor.classes = []
	key.serializer = class org.apache.kafka.common.serialization.StringSerializer
	linger.ms = 0
	max.block.ms = 60000
	max.in.flight.requests.per.connection = 5
	max.request.size = 1048576
	metadata.max.age.ms = 300000
	metadata.max.idle.ms = 300000
	metadata.recovery.strategy = none
	metric.reporters = []
	metrics.num.samples = 2
	metrics.recording.level = INFO
	metrics.sample.window.ms = 30000
	partitioner.adaptive.partitioning.enable = true
	partitioner.availability.timeout.ms = 0
	partitioner.class = null
	partitioner.ignore.keys = false
	receive.buffer.bytes = 32768
	reconnect.backoff.max.ms = 1000
	reconnect.backoff.ms = 50
	request.timeout.ms = 5000
	retries = 2147483647
	retry.backoff.max.ms = 1000
	retry.backoff.ms = 100
	sasl.client.callback.handler.class = null
	sasl.jaas.config = null
	sasl.kerberos.kinit.cmd = /usr/bin/kinit
	sasl.kerberos.min.time.before.relogin = 60000
	sasl.kerberos.service.name = null
	sasl.kerberos.ticket.renew.jitter = 0.05
	sasl.kerberos.ticket.renew.window.factor = 0.8
	sasl.login.callback.handler.class = null
	sasl.login.class = null
	sasl.login.connect.timeout.ms = null
	sasl.login.read.timeout.ms = null
	sasl.login.refresh.buffer.seconds = 300
	sasl.login.refresh.min.period.seconds = 60
	sasl.login.refresh.window.factor = 0.8
	sasl.login.refresh.window.jitter = 0.05
	sasl.login.retry.backoff.max.ms = 10000
	sasl.login.retry.backoff.ms = 100
	sasl.mechanism = GSSAPI
	sasl.oauthbearer.clock.skew.seconds = 30
	sasl.oauthbearer.expected.audience = null
	sasl.oauthbearer.expected.issuer = null
	sasl.oauthbearer.header.urlencode = false
	sasl.oauthbearer.jwks.endpoint.refresh.ms = 3600000
	sasl.oauthbearer.jwks.endpoint.retry.backoff.max.ms = 10000
	sasl.oauthbearer.jwks.endpoint.retry.backoff.ms = 100
	sasl.oauthbearer.jwks.endpoint.url = null
	sasl.oauthbearer.scope.claim.name = scope
	sasl.oauthbearer.sub.claim.name = sub
	sasl.oauthbearer.token.endpoint.url = null
	security.protocol = PLAINTEXT
	security.providers = null
	send.buffer.bytes = 131072
	socket.connection.setup.timeout.max.ms = 30000
	socket.connection.setup.timeout.ms = 10000
	ssl.cipher.suites = null
	ssl.enabled.protocols = [TLSv1.2, TLSv1.3]
	ssl.endpoint.identification.algorithm = https
	ssl.engine.factory.class = null
	ssl.key.password = null
	ssl.keymanager.algorithm = SunX509
	ssl.keystore.certificate.chain = null
	ssl.keystore.key = null
	ssl.keystore.location = null
	ssl.keystore.password = null
	ssl.keystore.type = JKS
	ssl.protocol = TLSv1.3
	ssl.provider = null
	ssl.secure.random.implementation = null
	ssl.trustmanager.algorithm = PKIX
	ssl.truststore.certificates = null
	ssl.truststore.location = null
	ssl.truststore.password = null
	ssl.truststore.type = JKS
	transaction.timeout.ms = 60000
	transactional.id = null
	value.serializer = class io.confluent.kafka.serializers.KafkaAvroSerializer

2025-07-31 02:24:36,978 INFO  [org.apa.kaf.com.tel.int.KafkaMetricsCollector] (main) initializing Kafka metrics collector
2025-07-31 02:24:36,979 INFO  [io.con.kaf.ser.KafkaAvroSerializerConfig] (main) KafkaAvroSerializerConfig values: 
	auto.register.schemas = false
	avro.reflection.allow.null = false
	avro.remove.java.properties = false
	avro.use.logical.type.converters = false
	basic.auth.credentials.source = URL
	basic.auth.user.info = [hidden]
	bearer.auth.cache.expiry.buffer.seconds = 300
	bearer.auth.client.id = null
	bearer.auth.client.secret = null
	bearer.auth.credentials.source = STATIC_TOKEN
	bearer.auth.custom.provider.class = null
	bearer.auth.identity.pool.id = null
	bearer.auth.issuer.endpoint.url = null
	bearer.auth.logical.cluster = null
	bearer.auth.scope = null
	bearer.auth.scope.claim.name = scope
	bearer.auth.sub.claim.name = sub
	bearer.auth.token = [hidden]
	context.name.strategy = class io.confluent.kafka.serializers.context.NullContextNameStrategy
	http.connect.timeout.ms = 60000
	http.read.timeout.ms = 60000
	id.compatibility.strict = true
	key.subject.name.strategy = class io.confluent.kafka.serializers.subject.TopicNameStrategy
	latest.cache.size = 1000
	latest.cache.ttl.sec = -1
	latest.compatibility.strict = true
	max.retries = 3
	max.schemas.per.subject = 1000
	normalize.schemas = false
	propagate.schema.tags = false
	proxy.host = 
	proxy.port = -1
	retries.max.wait.ms = 20000
	retries.wait.ms = 1000
	rule.actions = []
	rule.executors = []
	rule.service.loader.enable = true
	schema.format = null
	schema.reflection = false
	schema.registry.basic.auth.user.info = [hidden]
	schema.registry.ssl.cipher.suites = null
	schema.registry.ssl.enabled.protocols = [TLSv1.2, TLSv1.3]
	schema.registry.ssl.endpoint.identification.algorithm = https
	schema.registry.ssl.engine.factory.class = null
	schema.registry.ssl.key.password = null
	schema.registry.ssl.keymanager.algorithm = SunX509
	schema.registry.ssl.keystore.certificate.chain = null
	schema.registry.ssl.keystore.key = null
	schema.registry.ssl.keystore.location = null
	schema.registry.ssl.keystore.password = null
	schema.registry.ssl.keystore.type = JKS
	schema.registry.ssl.protocol = TLSv1.3
	schema.registry.ssl.provider = null
	schema.registry.ssl.secure.random.implementation = null
	schema.registry.ssl.trustmanager.algorithm = PKIX
	schema.registry.ssl.truststore.certificates = null
	schema.registry.ssl.truststore.location = null
	schema.registry.ssl.truststore.password = null
	schema.registry.ssl.truststore.type = JKS
	schema.registry.url = [http://registry-app-mysql.apps.ci419.apicurio-testing.org:80/apis/ccompat/v7]
	use.latest.version = false
	use.latest.with.metadata = null
	use.schema.id = -1
	value.subject.name.strategy = class io.confluent.kafka.serializers.subject.TopicNameStrategy

2025-07-31 02:24:36,981 INFO  [org.apa.kaf.cli.pro.KafkaProducer] (main) [Producer clientId=Producer-topic-94589566_9f87_43a2_9400_5ba68190504b] Instantiated an idempotent producer.
2025-07-31 02:24:36,982 INFO  [org.apa.kaf.cli.pro.ProducerConfig] (main) These configurations '[schema.registry.url, auto.register.schemas, value.subject.name.strategy]' were supplied but are not used yet.
2025-07-31 02:24:36,982 INFO  [org.apa.kaf.com.uti.AppInfoParser] (main) Kafka version: 3.9.0
2025-07-31 02:24:36,982 INFO  [org.apa.kaf.com.uti.AppInfoParser] (main) Kafka commitId: 84caaa6e9da06435
2025-07-31 02:24:36,982 INFO  [org.apa.kaf.com.uti.AppInfoParser] (main) Kafka startTimeMs: 1753928676982
2025-07-31 02:24:36,983 INFO  [io.api.tes.ser.api.SimpleSerdesTesterBuilder$SimpleSerdesTester] (main) Using producer configuration: {schema.registry.url=http://registry-app-mysql.apps.ci419.apicurio-testing.org:80/apis/ccompat/v7, value.serializer=io.confluent.kafka.serializers.KafkaAvroSerializer, request.timeout.ms=5000, auto.register.schemas=false, acks=all, bootstrap.servers=PLAINTEXT://localhost:32770, connections.max.idle.ms=10000, key.serializer=org.apache.kafka.common.serialization.StringSerializer, value.subject.name.strategy=io.confluent.kafka.serializers.subject.TopicNameStrategy, client.id=Producer-topic-94589566_9f87_43a2_9400_5ba68190504b}
2025-07-31 02:24:36,983 INFO  [io.api.tes.ser.api.SimpleSerdesTesterBuilder$SimpleSerdesTester] (main) Using consumer configuration: {}
2025-07-31 02:24:36,985 INFO  [io.api.tes.ser.api.KafkaSerdesTester] (Thread-356) Sending message {"key1": "value-0"} to topic topic-94589566_9f87_43a2_9400_5ba68190504b
2025-07-31 02:24:36,989 INFO  [org.apa.kaf.cli.Metadata] (kafka-producer-network-thread | Producer-topic-94589566_9f87_43a2_9400_5ba68190504b) [Producer clientId=Producer-topic-94589566_9f87_43a2_9400_5ba68190504b] Cluster ID: EeXQRaomRg6j_8npZiTrIA
2025-07-31 02:24:36,990 INFO  [org.apa.kaf.cli.pro.int.TransactionManager] (kafka-producer-network-thread | Producer-topic-94589566_9f87_43a2_9400_5ba68190504b) [Producer clientId=Producer-topic-94589566_9f87_43a2_9400_5ba68190504b] ProducerId set to 42 with epoch 0
2025-07-31 02:24:37,028 INFO  [io.api.tes.ser.api.KafkaSerdesTester] (Thread-356) Sending message {"key1": "value-1"} to topic topic-94589566_9f87_43a2_9400_5ba68190504b
2025-07-31 02:24:37,030 INFO  [io.api.tes.ser.api.KafkaSerdesTester] (Thread-356) Sending message {"key1": "value-2"} to topic topic-94589566_9f87_43a2_9400_5ba68190504b
2025-07-31 02:24:37,031 INFO  [io.api.tes.ser.api.KafkaSerdesTester] (Thread-356) Sending message {"key1": "value-3"} to topic topic-94589566_9f87_43a2_9400_5ba68190504b
2025-07-31 02:24:37,033 INFO  [io.api.tes.ser.api.KafkaSerdesTester] (Thread-356) Sending message {"key1": "value-4"} to topic topic-94589566_9f87_43a2_9400_5ba68190504b
2025-07-31 02:24:37,034 INFO  [io.api.tes.ser.api.KafkaSerdesTester] (Thread-356) Sending message {"key1": "value-5"} to topic topic-94589566_9f87_43a2_9400_5ba68190504b
2025-07-31 02:24:37,036 INFO  [io.api.tes.ser.api.KafkaSerdesTester] (Thread-356) Sending message {"key1": "value-6"} to topic topic-94589566_9f87_43a2_9400_5ba68190504b
2025-07-31 02:24:37,038 INFO  [io.api.tes.ser.api.KafkaSerdesTester] (Thread-356) Sending message {"key1": "value-7"} to topic topic-94589566_9f87_43a2_9400_5ba68190504b
2025-07-31 02:24:37,039 INFO  [io.api.tes.ser.api.KafkaSerdesTester] (Thread-356) Sending message {"key1": "value-8"} to topic topic-94589566_9f87_43a2_9400_5ba68190504b
2025-07-31 02:24:37,040 INFO  [io.api.tes.ser.api.KafkaSerdesTester] (Thread-356) Sending message {"key1": "value-9"} to topic topic-94589566_9f87_43a2_9400_5ba68190504b
2025-07-31 02:24:37,041 INFO  [io.api.tes.ser.api.KafkaSerdesTester] (Thread-356) Produced 10 messages
2025-07-31 02:24:37,041 INFO  [org.apa.kaf.cli.pro.KafkaProducer] (Thread-356) [Producer clientId=Producer-topic-94589566_9f87_43a2_9400_5ba68190504b] Closing the Kafka producer with timeoutMillis = 9223372036854775807 ms.
2025-07-31 02:24:37,044 INFO  [org.apa.kaf.com.met.Metrics] (Thread-356) Metrics scheduler closed
2025-07-31 02:24:37,044 INFO  [org.apa.kaf.com.met.Metrics] (Thread-356) Closing reporter org.apache.kafka.common.metrics.JmxReporter
2025-07-31 02:24:37,044 INFO  [org.apa.kaf.com.met.Metrics] (Thread-356) Closing reporter org.apache.kafka.common.telemetry.internals.ClientTelemetryReporter
2025-07-31 02:24:37,044 INFO  [org.apa.kaf.com.met.Metrics] (Thread-356) Metrics reporters closed
2025-07-31 02:24:37,044 INFO  [org.apa.kaf.com.uti.AppInfoParser] (Thread-356) App info kafka.producer for Producer-topic-94589566_9f87_43a2_9400_5ba68190504b unregistered
2025-07-31 02:24:37,044 INFO  [org.apa.kaf.cli.con.ConsumerConfig] (main) ConsumerConfig values: 
	allow.auto.create.topics = true
	auto.commit.interval.ms = 500
	auto.include.jmx.reporter = true
	auto.offset.reset = earliest
	bootstrap.servers = [PLAINTEXT://localhost:32770]
	check.crcs = true
	client.dns.lookup = use_all_dns_ips
	client.id = consumer-Consumer-topic-94589566_9f87_43a2_9400_5ba68190504b-30
	client.rack = 
	connections.max.idle.ms = 10000
	default.api.timeout.ms = 60000
	enable.auto.commit = true
	enable.metrics.push = true
	exclude.internal.topics = true
	fetch.max.bytes = 52428800
	fetch.max.wait.ms = 500
	fetch.min.bytes = 1
	group.id = Consumer-topic-94589566_9f87_43a2_9400_5ba68190504b
	group.instance.id = null
	group.protocol = classic
	group.remote.assignor = null
	heartbeat.interval.ms = 3000
	interceptor.classes = []
	internal.leave.group.on.close = true
	internal.throw.on.fetch.stable.offset.unsupported = false
	isolation.level = read_uncommitted
	key.deserializer = class org.apache.kafka.common.serialization.StringDeserializer
	max.partition.fetch.bytes = 1048576
	max.poll.interval.ms = 300000
	max.poll.records = 500
	metadata.max.age.ms = 300000
	metadata.recovery.strategy = none
	metric.reporters = []
	metrics.num.samples = 2
	metrics.recording.level = INFO
	metrics.sample.window.ms = 30000
	partition.assignment.strategy = [class org.apache.kafka.clients.consumer.RangeAssignor, class org.apache.kafka.clients.consumer.CooperativeStickyAssignor]
	receive.buffer.bytes = 65536
	reconnect.backoff.max.ms = 1000
	reconnect.backoff.ms = 50
	request.timeout.ms = 5000
	retry.backoff.max.ms = 1000
	retry.backoff.ms = 100
	sasl.client.callback.handler.class = null
	sasl.jaas.config = null
	sasl.kerberos.kinit.cmd = /usr/bin/kinit
	sasl.kerberos.min.time.before.relogin = 60000
	sasl.kerberos.service.name = null
	sasl.kerberos.ticket.renew.jitter = 0.05
	sasl.kerberos.ticket.renew.window.factor = 0.8
	sasl.login.callback.handler.class = null
	sasl.login.class = null
	sasl.login.connect.timeout.ms = null
	sasl.login.read.timeout.ms = null
	sasl.login.refresh.buffer.seconds = 300
	sasl.login.refresh.min.period.seconds = 60
	sasl.login.refresh.window.factor = 0.8
	sasl.login.refresh.window.jitter = 0.05
	sasl.login.retry.backoff.max.ms = 10000
	sasl.login.retry.backoff.ms = 100
	sasl.mechanism = GSSAPI
	sasl.oauthbearer.clock.skew.seconds = 30
	sasl.oauthbearer.expected.audience = null
	sasl.oauthbearer.expected.issuer = null
	sasl.oauthbearer.header.urlencode = false
	sasl.oauthbearer.jwks.endpoint.refresh.ms = 3600000
	sasl.oauthbearer.jwks.endpoint.retry.backoff.max.ms = 10000
	sasl.oauthbearer.jwks.endpoint.retry.backoff.ms = 100
	sasl.oauthbearer.jwks.endpoint.url = null
	sasl.oauthbearer.scope.claim.name = scope
	sasl.oauthbearer.sub.claim.name = sub
	sasl.oauthbearer.token.endpoint.url = null
	security.protocol = PLAINTEXT
	security.providers = null
	send.buffer.bytes = 131072
	session.timeout.ms = 45000
	socket.connection.setup.timeout.max.ms = 30000
	socket.connection.setup.timeout.ms = 10000
	ssl.cipher.suites = null
	ssl.enabled.protocols = [TLSv1.2, TLSv1.3]
	ssl.endpoint.identification.algorithm = https
	ssl.engine.factory.class = null
	ssl.key.password = null
	ssl.keymanager.algorithm = SunX509
	ssl.keystore.certificate.chain = null
	ssl.keystore.key = null
	ssl.keystore.location = null
	ssl.keystore.password = null
	ssl.keystore.type = JKS
	ssl.protocol = TLSv1.3
	ssl.provider = null
	ssl.secure.random.implementation = null
	ssl.trustmanager.algorithm = PKIX
	ssl.truststore.certificates = null
	ssl.truststore.location = null
	ssl.truststore.password = null
	ssl.truststore.type = JKS
	value.deserializer = class io.confluent.kafka.serializers.KafkaAvroDeserializer

2025-07-31 02:24:37,045 INFO  [org.apa.kaf.com.tel.int.KafkaMetricsCollector] (main) initializing Kafka metrics collector
2025-07-31 02:24:37,045 INFO  [io.con.kaf.ser.KafkaAvroDeserializerConfig] (main) KafkaAvroDeserializerConfig values: 
	auto.register.schemas = true
	avro.reflection.allow.null = false
	avro.use.logical.type.converters = false
	basic.auth.credentials.source = URL
	basic.auth.user.info = [hidden]
	bearer.auth.cache.expiry.buffer.seconds = 300
	bearer.auth.client.id = null
	bearer.auth.client.secret = null
	bearer.auth.credentials.source = STATIC_TOKEN
	bearer.auth.custom.provider.class = null
	bearer.auth.identity.pool.id = null
	bearer.auth.issuer.endpoint.url = null
	bearer.auth.logical.cluster = null
	bearer.auth.scope = null
	bearer.auth.scope.claim.name = scope
	bearer.auth.sub.claim.name = sub
	bearer.auth.token = [hidden]
	context.name.strategy = class io.confluent.kafka.serializers.context.NullContextNameStrategy
	http.connect.timeout.ms = 60000
	http.read.timeout.ms = 60000
	id.compatibility.strict = true
	key.subject.name.strategy = class io.confluent.kafka.serializers.subject.TopicNameStrategy
	latest.cache.size = 1000
	latest.cache.ttl.sec = -1
	latest.compatibility.strict = true
	max.retries = 3
	max.schemas.per.subject = 1000
	normalize.schemas = false
	propagate.schema.tags = false
	proxy.host = 
	proxy.port = -1
	retries.max.wait.ms = 20000
	retries.wait.ms = 1000
	rule.actions = []
	rule.executors = []
	rule.service.loader.enable = true
	schema.format = null
	schema.reflection = false
	schema.registry.basic.auth.user.info = [hidden]
	schema.registry.ssl.cipher.suites = null
	schema.registry.ssl.enabled.protocols = [TLSv1.2, TLSv1.3]
	schema.registry.ssl.endpoint.identification.algorithm = https
	schema.registry.ssl.engine.factory.class = null
	schema.registry.ssl.key.password = null
	schema.registry.ssl.keymanager.algorithm = SunX509
	schema.registry.ssl.keystore.certificate.chain = null
	schema.registry.ssl.keystore.key = null
	schema.registry.ssl.keystore.location = null
	schema.registry.ssl.keystore.password = null
	schema.registry.ssl.keystore.type = JKS
	schema.registry.ssl.protocol = TLSv1.3
	schema.registry.ssl.provider = null
	schema.registry.ssl.secure.random.implementation = null
	schema.registry.ssl.trustmanager.algorithm = PKIX
	schema.registry.ssl.truststore.certificates = null
	schema.registry.ssl.truststore.location = null
	schema.registry.ssl.truststore.password = null
	schema.registry.ssl.truststore.type = JKS
	schema.registry.url = [http://registry-app-mysql.apps.ci419.apicurio-testing.org:80/apis/ccompat/v7]
	specific.avro.key.type = null
	specific.avro.reader = false
	specific.avro.value.type = null
	use.latest.version = false
	use.latest.with.metadata = null
	use.schema.id = -1
	value.subject.name.strategy = class io.confluent.kafka.serializers.subject.TopicNameStrategy

2025-07-31 02:24:37,045 INFO  [io.con.kaf.ser.KafkaAvroDeserializerConfig] (main) KafkaAvroDeserializerConfig values: 
	auto.register.schemas = true
	avro.reflection.allow.null = false
	avro.use.logical.type.converters = false
	basic.auth.credentials.source = URL
	basic.auth.user.info = [hidden]
	bearer.auth.cache.expiry.buffer.seconds = 300
	bearer.auth.client.id = null
	bearer.auth.client.secret = null
	bearer.auth.credentials.source = STATIC_TOKEN
	bearer.auth.custom.provider.class = null
	bearer.auth.identity.pool.id = null
	bearer.auth.issuer.endpoint.url = null
	bearer.auth.logical.cluster = null
	bearer.auth.scope = null
	bearer.auth.scope.claim.name = scope
	bearer.auth.sub.claim.name = sub
	bearer.auth.token = [hidden]
	context.name.strategy = class io.confluent.kafka.serializers.context.NullContextNameStrategy
	http.connect.timeout.ms = 60000
	http.read.timeout.ms = 60000
	id.compatibility.strict = true
	key.subject.name.strategy = class io.confluent.kafka.serializers.subject.TopicNameStrategy
	latest.cache.size = 1000
	latest.cache.ttl.sec = -1
	latest.compatibility.strict = true
	max.retries = 3
	max.schemas.per.subject = 1000
	normalize.schemas = false
	propagate.schema.tags = false
	proxy.host = 
	proxy.port = -1
	retries.max.wait.ms = 20000
	retries.wait.ms = 1000
	rule.actions = []
	rule.executors = []
	rule.service.loader.enable = true
	schema.format = null
	schema.reflection = false
	schema.registry.basic.auth.user.info = [hidden]
	schema.registry.ssl.cipher.suites = null
	schema.registry.ssl.enabled.protocols = [TLSv1.2, TLSv1.3]
	schema.registry.ssl.endpoint.identification.algorithm = https
	schema.registry.ssl.engine.factory.class = null
	schema.registry.ssl.key.password = null
	schema.registry.ssl.keymanager.algorithm = SunX509
	schema.registry.ssl.keystore.certificate.chain = null
	schema.registry.ssl.keystore.key = null
	schema.registry.ssl.keystore.location = null
	schema.registry.ssl.keystore.password = null
	schema.registry.ssl.keystore.type = JKS
	schema.registry.ssl.protocol = TLSv1.3
	schema.registry.ssl.provider = null
	schema.registry.ssl.secure.random.implementation = null
	schema.registry.ssl.trustmanager.algorithm = PKIX
	schema.registry.ssl.truststore.certificates = null
	schema.registry.ssl.truststore.location = null
	schema.registry.ssl.truststore.password = null
	schema.registry.ssl.truststore.type = JKS
	schema.registry.url = [http://registry-app-mysql.apps.ci419.apicurio-testing.org:80/apis/ccompat/v7]
	specific.avro.key.type = null
	specific.avro.reader = false
	specific.avro.value.type = null
	use.latest.version = false
	use.latest.with.metadata = null
	use.schema.id = -1
	value.subject.name.strategy = class io.confluent.kafka.serializers.subject.TopicNameStrategy

2025-07-31 02:24:37,050 INFO  [org.apa.kaf.cli.con.ConsumerConfig] (main) These configurations '[schema.registry.url]' were supplied but are not used yet.
2025-07-31 02:24:37,050 INFO  [org.apa.kaf.com.uti.AppInfoParser] (main) Kafka version: 3.9.0
2025-07-31 02:24:37,050 INFO  [org.apa.kaf.com.uti.AppInfoParser] (main) Kafka commitId: 84caaa6e9da06435
2025-07-31 02:24:37,050 INFO  [org.apa.kaf.com.uti.AppInfoParser] (main) Kafka startTimeMs: 1753928677050
2025-07-31 02:24:37,050 INFO  [org.apa.kaf.cli.con.int.ClassicKafkaConsumer] (Thread-357) [Consumer clientId=consumer-Consumer-topic-94589566_9f87_43a2_9400_5ba68190504b-30, groupId=Consumer-topic-94589566_9f87_43a2_9400_5ba68190504b] Subscribed to topic(s): topic-94589566_9f87_43a2_9400_5ba68190504b
2025-07-31 02:24:37,057 INFO  [org.apa.kaf.cli.Metadata] (Thread-357) [Consumer clientId=consumer-Consumer-topic-94589566_9f87_43a2_9400_5ba68190504b-30, groupId=Consumer-topic-94589566_9f87_43a2_9400_5ba68190504b] Cluster ID: EeXQRaomRg6j_8npZiTrIA
2025-07-31 02:24:37,057 INFO  [org.apa.kaf.cli.con.int.ConsumerCoordinator] (Thread-357) [Consumer clientId=consumer-Consumer-topic-94589566_9f87_43a2_9400_5ba68190504b-30, groupId=Consumer-topic-94589566_9f87_43a2_9400_5ba68190504b] Discovered group coordinator localhost:32770 (id: 2147483647 rack: null)
2025-07-31 02:24:37,075 INFO  [org.apa.kaf.cli.con.int.ConsumerCoordinator] (Thread-357) [Consumer clientId=consumer-Consumer-topic-94589566_9f87_43a2_9400_5ba68190504b-30, groupId=Consumer-topic-94589566_9f87_43a2_9400_5ba68190504b] (Re-)joining group
2025-07-31 02:24:37,078 INFO  [org.apa.kaf.cli.con.int.ConsumerCoordinator] (Thread-357) [Consumer clientId=consumer-Consumer-topic-94589566_9f87_43a2_9400_5ba68190504b-30, groupId=Consumer-topic-94589566_9f87_43a2_9400_5ba68190504b] Request joining group due to: need to re-join with the given member-id: consumer-Consumer-topic-94589566_9f87_43a2_9400_5ba68190504b-30-31095afa-abf8-4405-b3b7-45feec2081f8
2025-07-31 02:24:37,078 INFO  [org.apa.kaf.cli.con.int.ConsumerCoordinator] (Thread-357) [Consumer clientId=consumer-Consumer-topic-94589566_9f87_43a2_9400_5ba68190504b-30, groupId=Consumer-topic-94589566_9f87_43a2_9400_5ba68190504b] (Re-)joining group
2025-07-31 02:24:37,081 INFO  [org.apa.kaf.cli.con.int.ConsumerCoordinator] (Thread-357) [Consumer clientId=consumer-Consumer-topic-94589566_9f87_43a2_9400_5ba68190504b-30, groupId=Consumer-topic-94589566_9f87_43a2_9400_5ba68190504b] Successfully joined group with generation Generation{generationId=1, memberId='consumer-Consumer-topic-94589566_9f87_43a2_9400_5ba68190504b-30-31095afa-abf8-4405-b3b7-45feec2081f8', protocol='range'}
2025-07-31 02:24:37,081 INFO  [org.apa.kaf.cli.con.int.ConsumerCoordinator] (Thread-357) [Consumer clientId=consumer-Consumer-topic-94589566_9f87_43a2_9400_5ba68190504b-30, groupId=Consumer-topic-94589566_9f87_43a2_9400_5ba68190504b] Finished assignment for group at generation 1: {consumer-Consumer-topic-94589566_9f87_43a2_9400_5ba68190504b-30-31095afa-abf8-4405-b3b7-45feec2081f8=Assignment(partitions=[topic-94589566_9f87_43a2_9400_5ba68190504b-0])}
2025-07-31 02:24:37,083 INFO  [org.apa.kaf.cli.con.int.ConsumerCoordinator] (Thread-357) [Consumer clientId=consumer-Consumer-topic-94589566_9f87_43a2_9400_5ba68190504b-30, groupId=Consumer-topic-94589566_9f87_43a2_9400_5ba68190504b] Successfully synced group in generation Generation{generationId=1, memberId='consumer-Consumer-topic-94589566_9f87_43a2_9400_5ba68190504b-30-31095afa-abf8-4405-b3b7-45feec2081f8', protocol='range'}
2025-07-31 02:24:37,083 INFO  [org.apa.kaf.cli.con.int.ConsumerCoordinator] (Thread-357) [Consumer clientId=consumer-Consumer-topic-94589566_9f87_43a2_9400_5ba68190504b-30, groupId=Consumer-topic-94589566_9f87_43a2_9400_5ba68190504b] Notifying assignor about the new Assignment(partitions=[topic-94589566_9f87_43a2_9400_5ba68190504b-0])
2025-07-31 02:24:37,083 INFO  [org.apa.kaf.cli.con.int.ConsumerRebalanceListenerInvoker] (Thread-357) [Consumer clientId=consumer-Consumer-topic-94589566_9f87_43a2_9400_5ba68190504b-30, groupId=Consumer-topic-94589566_9f87_43a2_9400_5ba68190504b] Adding newly assigned partitions: topic-94589566_9f87_43a2_9400_5ba68190504b-0
2025-07-31 02:24:37,084 INFO  [org.apa.kaf.cli.con.int.ConsumerCoordinator] (Thread-357) [Consumer clientId=consumer-Consumer-topic-94589566_9f87_43a2_9400_5ba68190504b-30, groupId=Consumer-topic-94589566_9f87_43a2_9400_5ba68190504b] Found no committed offset for partition topic-94589566_9f87_43a2_9400_5ba68190504b-0
2025-07-31 02:24:37,087 INFO  [org.apa.kaf.cli.con.int.SubscriptionState] (Thread-357) [Consumer clientId=consumer-Consumer-topic-94589566_9f87_43a2_9400_5ba68190504b-30, groupId=Consumer-topic-94589566_9f87_43a2_9400_5ba68190504b] Resetting offset for partition topic-94589566_9f87_43a2_9400_5ba68190504b-0 to position FetchPosition{offset=0, offsetEpoch=Optional.empty, currentLeader=LeaderAndEpoch{leader=Optional[localhost:32770 (id: 0 rack: null)], epoch=0}}.
2025-07-31 02:24:37,120 INFO  [io.api.tes.ser.api.KafkaSerdesTester] (Thread-357) topic-94589566_9f87_43a2_9400_5ba68190504b 0 0 {"key1": "value-0"}
2025-07-31 02:24:37,120 INFO  [io.api.tes.ser.api.KafkaSerdesTester] (Thread-357) topic-94589566_9f87_43a2_9400_5ba68190504b 0 1 {"key1": "value-1"}
2025-07-31 02:24:37,120 INFO  [io.api.tes.ser.api.KafkaSerdesTester] (Thread-357) topic-94589566_9f87_43a2_9400_5ba68190504b 0 2 {"key1": "value-2"}
2025-07-31 02:24:37,120 INFO  [io.api.tes.ser.api.KafkaSerdesTester] (Thread-357) topic-94589566_9f87_43a2_9400_5ba68190504b 0 3 {"key1": "value-3"}
2025-07-31 02:24:37,120 INFO  [io.api.tes.ser.api.KafkaSerdesTester] (Thread-357) topic-94589566_9f87_43a2_9400_5ba68190504b 0 4 {"key1": "value-4"}
2025-07-31 02:24:37,120 INFO  [io.api.tes.ser.api.KafkaSerdesTester] (Thread-357) topic-94589566_9f87_43a2_9400_5ba68190504b 0 5 {"key1": "value-5"}
2025-07-31 02:24:37,120 INFO  [io.api.tes.ser.api.KafkaSerdesTester] (Thread-357) topic-94589566_9f87_43a2_9400_5ba68190504b 0 6 {"key1": "value-6"}
2025-07-31 02:24:37,120 INFO  [io.api.tes.ser.api.KafkaSerdesTester] (Thread-357) topic-94589566_9f87_43a2_9400_5ba68190504b 0 7 {"key1": "value-7"}
2025-07-31 02:24:37,120 INFO  [io.api.tes.ser.api.KafkaSerdesTester] (Thread-357) topic-94589566_9f87_43a2_9400_5ba68190504b 0 8 {"key1": "value-8"}
2025-07-31 02:24:37,120 INFO  [io.api.tes.ser.api.KafkaSerdesTester] (Thread-357) topic-94589566_9f87_43a2_9400_5ba68190504b 0 9 {"key1": "value-9"}
2025-07-31 02:24:37,120 INFO  [io.api.tes.ser.api.KafkaSerdesTester] (Thread-357) Consumed 10 messages
2025-07-31 02:24:37,123 INFO  [org.apa.kaf.cli.con.int.ConsumerRebalanceListenerInvoker] (Thread-357) [Consumer clientId=consumer-Consumer-topic-94589566_9f87_43a2_9400_5ba68190504b-30, groupId=Consumer-topic-94589566_9f87_43a2_9400_5ba68190504b] Revoke previously assigned partitions topic-94589566_9f87_43a2_9400_5ba68190504b-0
2025-07-31 02:24:37,123 INFO  [org.apa.kaf.cli.con.int.ConsumerCoordinator] (Thread-357) [Consumer clientId=consumer-Consumer-topic-94589566_9f87_43a2_9400_5ba68190504b-30, groupId=Consumer-topic-94589566_9f87_43a2_9400_5ba68190504b] Member consumer-Consumer-topic-94589566_9f87_43a2_9400_5ba68190504b-30-31095afa-abf8-4405-b3b7-45feec2081f8 sending LeaveGroup request to coordinator localhost:32770 (id: 2147483647 rack: null) due to the consumer is being closed
2025-07-31 02:24:37,123 INFO  [org.apa.kaf.cli.con.int.ConsumerCoordinator] (Thread-357) [Consumer clientId=consumer-Consumer-topic-94589566_9f87_43a2_9400_5ba68190504b-30, groupId=Consumer-topic-94589566_9f87_43a2_9400_5ba68190504b] Resetting generation and member id due to: consumer pro-actively leaving the group
2025-07-31 02:24:37,124 INFO  [org.apa.kaf.cli.con.int.ConsumerCoordinator] (Thread-357) [Consumer clientId=consumer-Consumer-topic-94589566_9f87_43a2_9400_5ba68190504b-30, groupId=Consumer-topic-94589566_9f87_43a2_9400_5ba68190504b] Request joining group due to: consumer pro-actively leaving the group
2025-07-31 02:24:37,624 INFO  [org.apa.kaf.com.met.Metrics] (Thread-357) Metrics scheduler closed
2025-07-31 02:24:37,624 INFO  [org.apa.kaf.com.met.Metrics] (Thread-357) Closing reporter org.apache.kafka.common.metrics.JmxReporter
2025-07-31 02:24:37,624 INFO  [org.apa.kaf.com.met.Metrics] (Thread-357) Closing reporter org.apache.kafka.common.telemetry.internals.ClientTelemetryReporter
2025-07-31 02:24:37,624 INFO  [org.apa.kaf.com.met.Metrics] (Thread-357) Metrics reporters closed
2025-07-31 02:24:37,626 INFO  [org.apa.kaf.com.uti.AppInfoParser] (Thread-357) App info kafka.consumer for consumer-Consumer-topic-94589566_9f87_43a2_9400_5ba68190504b-30 unregistered
2025-07-31 02:24:37,687 INFO  [io.api.tes.ser.con.BasicConfluentSerDesIT] (main) Deleting confluent schema topic-94589566_9f87_43a2_9400_5ba68190504b-value
2025-07-31 02:24:37,720 INFO  [io.api.tes.uti.TestSeparator] (main) io.apicurio.tests.serdes.confluent.BasicConfluentSerDesIT.testAvroConfluentSerDes-FINISHED
2025-07-31 02:24:37,720 INFO  [io.api.tes.uti.TestSeparator] (main) ############################################################################
]]></system-out>
  </testcase>
  <testcase name="testAvroConfluentForMultipleTopics" classname="io.apicurio.tests.serdes.confluent.BasicConfluentSerDesIT" time="2.298">
    <system-out><![CDATA[2025-07-31 02:24:37,721 INFO  [io.api.tes.uti.TestSeparator] (main) ############################################################################
2025-07-31 02:24:37,721 INFO  [io.api.tes.uti.TestSeparator] (main) io.apicurio.tests.serdes.confluent.BasicConfluentSerDesIT.testAvroConfluentForMultipleTopics-STARTED
2025-07-31 02:24:37,811 INFO  [io.api.tes.ser.con.BasicConfluentSerDesIT] (main) Checking that created schema is equal to the get schema
2025-07-31 02:24:37,843 INFO  [io.api.tes.ser.con.BasicConfluentSerDesIT] (main) Created schema with id:56 and name:myrecordconfluent6
2025-07-31 02:24:37,843 INFO  [org.apa.kaf.cli.pro.ProducerConfig] (main) ProducerConfig values: 
	acks = -1
	auto.include.jmx.reporter = true
	batch.size = 16384
	bootstrap.servers = [PLAINTEXT://localhost:32770]
	buffer.memory = 33554432
	client.dns.lookup = use_all_dns_ips
	client.id = Producer-topic-8c5661c0_d408_4212_baff_bdafa039fa31
	compression.gzip.level = -1
	compression.lz4.level = 9
	compression.type = none
	compression.zstd.level = 3
	connections.max.idle.ms = 10000
	delivery.timeout.ms = 120000
	enable.idempotence = true
	enable.metrics.push = true
	interceptor.classes = []
	key.serializer = class org.apache.kafka.common.serialization.StringSerializer
	linger.ms = 0
	max.block.ms = 60000
	max.in.flight.requests.per.connection = 5
	max.request.size = 1048576
	metadata.max.age.ms = 300000
	metadata.max.idle.ms = 300000
	metadata.recovery.strategy = none
	metric.reporters = []
	metrics.num.samples = 2
	metrics.recording.level = INFO
	metrics.sample.window.ms = 30000
	partitioner.adaptive.partitioning.enable = true
	partitioner.availability.timeout.ms = 0
	partitioner.class = null
	partitioner.ignore.keys = false
	receive.buffer.bytes = 32768
	reconnect.backoff.max.ms = 1000
	reconnect.backoff.ms = 50
	request.timeout.ms = 5000
	retries = 2147483647
	retry.backoff.max.ms = 1000
	retry.backoff.ms = 100
	sasl.client.callback.handler.class = null
	sasl.jaas.config = null
	sasl.kerberos.kinit.cmd = /usr/bin/kinit
	sasl.kerberos.min.time.before.relogin = 60000
	sasl.kerberos.service.name = null
	sasl.kerberos.ticket.renew.jitter = 0.05
	sasl.kerberos.ticket.renew.window.factor = 0.8
	sasl.login.callback.handler.class = null
	sasl.login.class = null
	sasl.login.connect.timeout.ms = null
	sasl.login.read.timeout.ms = null
	sasl.login.refresh.buffer.seconds = 300
	sasl.login.refresh.min.period.seconds = 60
	sasl.login.refresh.window.factor = 0.8
	sasl.login.refresh.window.jitter = 0.05
	sasl.login.retry.backoff.max.ms = 10000
	sasl.login.retry.backoff.ms = 100
	sasl.mechanism = GSSAPI
	sasl.oauthbearer.clock.skew.seconds = 30
	sasl.oauthbearer.expected.audience = null
	sasl.oauthbearer.expected.issuer = null
	sasl.oauthbearer.header.urlencode = false
	sasl.oauthbearer.jwks.endpoint.refresh.ms = 3600000
	sasl.oauthbearer.jwks.endpoint.retry.backoff.max.ms = 10000
	sasl.oauthbearer.jwks.endpoint.retry.backoff.ms = 100
	sasl.oauthbearer.jwks.endpoint.url = null
	sasl.oauthbearer.scope.claim.name = scope
	sasl.oauthbearer.sub.claim.name = sub
	sasl.oauthbearer.token.endpoint.url = null
	security.protocol = PLAINTEXT
	security.providers = null
	send.buffer.bytes = 131072
	socket.connection.setup.timeout.max.ms = 30000
	socket.connection.setup.timeout.ms = 10000
	ssl.cipher.suites = null
	ssl.enabled.protocols = [TLSv1.2, TLSv1.3]
	ssl.endpoint.identification.algorithm = https
	ssl.engine.factory.class = null
	ssl.key.password = null
	ssl.keymanager.algorithm = SunX509
	ssl.keystore.certificate.chain = null
	ssl.keystore.key = null
	ssl.keystore.location = null
	ssl.keystore.password = null
	ssl.keystore.type = JKS
	ssl.protocol = TLSv1.3
	ssl.provider = null
	ssl.secure.random.implementation = null
	ssl.trustmanager.algorithm = PKIX
	ssl.truststore.certificates = null
	ssl.truststore.location = null
	ssl.truststore.password = null
	ssl.truststore.type = JKS
	transaction.timeout.ms = 60000
	transactional.id = null
	value.serializer = class io.apicurio.registry.serde.avro.AvroKafkaSerializer

2025-07-31 02:24:37,844 INFO  [org.apa.kaf.com.tel.int.KafkaMetricsCollector] (main) initializing Kafka metrics collector
2025-07-31 02:24:37,846 INFO  [org.apa.kaf.cli.pro.KafkaProducer] (main) [Producer clientId=Producer-topic-8c5661c0_d408_4212_baff_bdafa039fa31] Instantiated an idempotent producer.
2025-07-31 02:24:37,847 INFO  [org.apa.kaf.cli.pro.ProducerConfig] (main) These configurations '[apicurio.registry.url, apicurio.registry.artifact-resolver-strategy]' were supplied but are not used yet.
2025-07-31 02:24:37,848 INFO  [org.apa.kaf.com.uti.AppInfoParser] (main) Kafka version: 3.9.0
2025-07-31 02:24:37,848 INFO  [org.apa.kaf.com.uti.AppInfoParser] (main) Kafka commitId: 84caaa6e9da06435
2025-07-31 02:24:37,848 INFO  [org.apa.kaf.com.uti.AppInfoParser] (main) Kafka startTimeMs: 1753928677847
2025-07-31 02:24:37,848 INFO  [org.apa.kaf.cli.pro.ProducerConfig] (main) ProducerConfig values: 
	acks = -1
	auto.include.jmx.reporter = true
	batch.size = 16384
	bootstrap.servers = [PLAINTEXT://localhost:32770]
	buffer.memory = 33554432
	client.dns.lookup = use_all_dns_ips
	client.id = Producer-topic-7512860b_7c66_46d1_8966_31f2826980e7
	compression.gzip.level = -1
	compression.lz4.level = 9
	compression.type = none
	compression.zstd.level = 3
	connections.max.idle.ms = 10000
	delivery.timeout.ms = 120000
	enable.idempotence = true
	enable.metrics.push = true
	interceptor.classes = []
	key.serializer = class org.apache.kafka.common.serialization.StringSerializer
	linger.ms = 0
	max.block.ms = 60000
	max.in.flight.requests.per.connection = 5
	max.request.size = 1048576
	metadata.max.age.ms = 300000
	metadata.max.idle.ms = 300000
	metadata.recovery.strategy = none
	metric.reporters = []
	metrics.num.samples = 2
	metrics.recording.level = INFO
	metrics.sample.window.ms = 30000
	partitioner.adaptive.partitioning.enable = true
	partitioner.availability.timeout.ms = 0
	partitioner.class = null
	partitioner.ignore.keys = false
	receive.buffer.bytes = 32768
	reconnect.backoff.max.ms = 1000
	reconnect.backoff.ms = 50
	request.timeout.ms = 5000
	retries = 2147483647
	retry.backoff.max.ms = 1000
	retry.backoff.ms = 100
	sasl.client.callback.handler.class = null
	sasl.jaas.config = null
	sasl.kerberos.kinit.cmd = /usr/bin/kinit
	sasl.kerberos.min.time.before.relogin = 60000
	sasl.kerberos.service.name = null
	sasl.kerberos.ticket.renew.jitter = 0.05
	sasl.kerberos.ticket.renew.window.factor = 0.8
	sasl.login.callback.handler.class = null
	sasl.login.class = null
	sasl.login.connect.timeout.ms = null
	sasl.login.read.timeout.ms = null
	sasl.login.refresh.buffer.seconds = 300
	sasl.login.refresh.min.period.seconds = 60
	sasl.login.refresh.window.factor = 0.8
	sasl.login.refresh.window.jitter = 0.05
	sasl.login.retry.backoff.max.ms = 10000
	sasl.login.retry.backoff.ms = 100
	sasl.mechanism = GSSAPI
	sasl.oauthbearer.clock.skew.seconds = 30
	sasl.oauthbearer.expected.audience = null
	sasl.oauthbearer.expected.issuer = null
	sasl.oauthbearer.header.urlencode = false
	sasl.oauthbearer.jwks.endpoint.refresh.ms = 3600000
	sasl.oauthbearer.jwks.endpoint.retry.backoff.max.ms = 10000
	sasl.oauthbearer.jwks.endpoint.retry.backoff.ms = 100
	sasl.oauthbearer.jwks.endpoint.url = null
	sasl.oauthbearer.scope.claim.name = scope
	sasl.oauthbearer.sub.claim.name = sub
	sasl.oauthbearer.token.endpoint.url = null
	security.protocol = PLAINTEXT
	security.providers = null
	send.buffer.bytes = 131072
	socket.connection.setup.timeout.max.ms = 30000
	socket.connection.setup.timeout.ms = 10000
	ssl.cipher.suites = null
	ssl.enabled.protocols = [TLSv1.2, TLSv1.3]
	ssl.endpoint.identification.algorithm = https
	ssl.engine.factory.class = null
	ssl.key.password = null
	ssl.keymanager.algorithm = SunX509
	ssl.keystore.certificate.chain = null
	ssl.keystore.key = null
	ssl.keystore.location = null
	ssl.keystore.password = null
	ssl.keystore.type = JKS
	ssl.protocol = TLSv1.3
	ssl.provider = null
	ssl.secure.random.implementation = null
	ssl.trustmanager.algorithm = PKIX
	ssl.truststore.certificates = null
	ssl.truststore.location = null
	ssl.truststore.password = null
	ssl.truststore.type = JKS
	transaction.timeout.ms = 60000
	transactional.id = null
	value.serializer = class io.apicurio.registry.serde.avro.AvroKafkaSerializer

2025-07-31 02:24:37,848 INFO  [org.apa.kaf.com.tel.int.KafkaMetricsCollector] (main) initializing Kafka metrics collector
2025-07-31 02:24:37,851 INFO  [org.apa.kaf.cli.Metadata] (kafka-producer-network-thread | Producer-topic-8c5661c0_d408_4212_baff_bdafa039fa31) [Producer clientId=Producer-topic-8c5661c0_d408_4212_baff_bdafa039fa31] Cluster ID: EeXQRaomRg6j_8npZiTrIA
2025-07-31 02:24:37,851 INFO  [org.apa.kaf.cli.pro.int.TransactionManager] (kafka-producer-network-thread | Producer-topic-8c5661c0_d408_4212_baff_bdafa039fa31) [Producer clientId=Producer-topic-8c5661c0_d408_4212_baff_bdafa039fa31] ProducerId set to 43 with epoch 0
2025-07-31 02:24:37,852 INFO  [org.apa.kaf.cli.pro.KafkaProducer] (main) [Producer clientId=Producer-topic-7512860b_7c66_46d1_8966_31f2826980e7] Instantiated an idempotent producer.
2025-07-31 02:24:37,853 INFO  [org.apa.kaf.cli.pro.ProducerConfig] (main) These configurations '[apicurio.registry.url, apicurio.registry.artifact-resolver-strategy]' were supplied but are not used yet.
2025-07-31 02:24:37,853 INFO  [org.apa.kaf.com.uti.AppInfoParser] (main) Kafka version: 3.9.0
2025-07-31 02:24:37,853 INFO  [org.apa.kaf.com.uti.AppInfoParser] (main) Kafka commitId: 84caaa6e9da06435
2025-07-31 02:24:37,853 INFO  [org.apa.kaf.com.uti.AppInfoParser] (main) Kafka startTimeMs: 1753928677853
2025-07-31 02:24:37,854 INFO  [org.apa.kaf.cli.pro.ProducerConfig] (main) ProducerConfig values: 
	acks = -1
	auto.include.jmx.reporter = true
	batch.size = 16384
	bootstrap.servers = [PLAINTEXT://localhost:32770]
	buffer.memory = 33554432
	client.dns.lookup = use_all_dns_ips
	client.id = Producer-topic-3a622cd6_4883_4a78_b1a8_6bd73a103913
	compression.gzip.level = -1
	compression.lz4.level = 9
	compression.type = none
	compression.zstd.level = 3
	connections.max.idle.ms = 10000
	delivery.timeout.ms = 120000
	enable.idempotence = true
	enable.metrics.push = true
	interceptor.classes = []
	key.serializer = class org.apache.kafka.common.serialization.StringSerializer
	linger.ms = 0
	max.block.ms = 60000
	max.in.flight.requests.per.connection = 5
	max.request.size = 1048576
	metadata.max.age.ms = 300000
	metadata.max.idle.ms = 300000
	metadata.recovery.strategy = none
	metric.reporters = []
	metrics.num.samples = 2
	metrics.recording.level = INFO
	metrics.sample.window.ms = 30000
	partitioner.adaptive.partitioning.enable = true
	partitioner.availability.timeout.ms = 0
	partitioner.class = null
	partitioner.ignore.keys = false
	receive.buffer.bytes = 32768
	reconnect.backoff.max.ms = 1000
	reconnect.backoff.ms = 50
	request.timeout.ms = 5000
	retries = 2147483647
	retry.backoff.max.ms = 1000
	retry.backoff.ms = 100
	sasl.client.callback.handler.class = null
	sasl.jaas.config = null
	sasl.kerberos.kinit.cmd = /usr/bin/kinit
	sasl.kerberos.min.time.before.relogin = 60000
	sasl.kerberos.service.name = null
	sasl.kerberos.ticket.renew.jitter = 0.05
	sasl.kerberos.ticket.renew.window.factor = 0.8
	sasl.login.callback.handler.class = null
	sasl.login.class = null
	sasl.login.connect.timeout.ms = null
	sasl.login.read.timeout.ms = null
	sasl.login.refresh.buffer.seconds = 300
	sasl.login.refresh.min.period.seconds = 60
	sasl.login.refresh.window.factor = 0.8
	sasl.login.refresh.window.jitter = 0.05
	sasl.login.retry.backoff.max.ms = 10000
	sasl.login.retry.backoff.ms = 100
	sasl.mechanism = GSSAPI
	sasl.oauthbearer.clock.skew.seconds = 30
	sasl.oauthbearer.expected.audience = null
	sasl.oauthbearer.expected.issuer = null
	sasl.oauthbearer.header.urlencode = false
	sasl.oauthbearer.jwks.endpoint.refresh.ms = 3600000
	sasl.oauthbearer.jwks.endpoint.retry.backoff.max.ms = 10000
	sasl.oauthbearer.jwks.endpoint.retry.backoff.ms = 100
	sasl.oauthbearer.jwks.endpoint.url = null
	sasl.oauthbearer.scope.claim.name = scope
	sasl.oauthbearer.sub.claim.name = sub
	sasl.oauthbearer.token.endpoint.url = null
	security.protocol = PLAINTEXT
	security.providers = null
	send.buffer.bytes = 131072
	socket.connection.setup.timeout.max.ms = 30000
	socket.connection.setup.timeout.ms = 10000
	ssl.cipher.suites = null
	ssl.enabled.protocols = [TLSv1.2, TLSv1.3]
	ssl.endpoint.identification.algorithm = https
	ssl.engine.factory.class = null
	ssl.key.password = null
	ssl.keymanager.algorithm = SunX509
	ssl.keystore.certificate.chain = null
	ssl.keystore.key = null
	ssl.keystore.location = null
	ssl.keystore.password = null
	ssl.keystore.type = JKS
	ssl.protocol = TLSv1.3
	ssl.provider = null
	ssl.secure.random.implementation = null
	ssl.trustmanager.algorithm = PKIX
	ssl.truststore.certificates = null
	ssl.truststore.location = null
	ssl.truststore.password = null
	ssl.truststore.type = JKS
	transaction.timeout.ms = 60000
	transactional.id = null
	value.serializer = class io.apicurio.registry.serde.avro.AvroKafkaSerializer

2025-07-31 02:24:37,855 INFO  [org.apa.kaf.com.tel.int.KafkaMetricsCollector] (main) initializing Kafka metrics collector
2025-07-31 02:24:37,856 INFO  [org.apa.kaf.cli.Metadata] (kafka-producer-network-thread | Producer-topic-7512860b_7c66_46d1_8966_31f2826980e7) [Producer clientId=Producer-topic-7512860b_7c66_46d1_8966_31f2826980e7] Cluster ID: EeXQRaomRg6j_8npZiTrIA
2025-07-31 02:24:37,856 INFO  [org.apa.kaf.cli.pro.int.TransactionManager] (kafka-producer-network-thread | Producer-topic-7512860b_7c66_46d1_8966_31f2826980e7) [Producer clientId=Producer-topic-7512860b_7c66_46d1_8966_31f2826980e7] ProducerId set to 44 with epoch 0
2025-07-31 02:24:37,859 INFO  [org.apa.kaf.cli.pro.KafkaProducer] (main) [Producer clientId=Producer-topic-3a622cd6_4883_4a78_b1a8_6bd73a103913] Instantiated an idempotent producer.
2025-07-31 02:24:37,861 INFO  [org.apa.kaf.cli.pro.ProducerConfig] (main) These configurations '[apicurio.registry.url, apicurio.registry.artifact-resolver-strategy]' were supplied but are not used yet.
2025-07-31 02:24:37,861 INFO  [org.apa.kaf.com.uti.AppInfoParser] (main) Kafka version: 3.9.0
2025-07-31 02:24:37,861 INFO  [org.apa.kaf.com.uti.AppInfoParser] (main) Kafka commitId: 84caaa6e9da06435
2025-07-31 02:24:37,861 INFO  [org.apa.kaf.com.uti.AppInfoParser] (main) Kafka startTimeMs: 1753928677861
2025-07-31 02:24:37,861 INFO  [org.apa.kaf.cli.con.ConsumerConfig] (main) ConsumerConfig values: 
	allow.auto.create.topics = true
	auto.commit.interval.ms = 500
	auto.include.jmx.reporter = true
	auto.offset.reset = earliest
	bootstrap.servers = [PLAINTEXT://localhost:32770]
	check.crcs = true
	client.dns.lookup = use_all_dns_ips
	client.id = consumer-Consumer-topic-8c5661c0_d408_4212_baff_bdafa039fa31-31
	client.rack = 
	connections.max.idle.ms = 10000
	default.api.timeout.ms = 60000
	enable.auto.commit = true
	enable.metrics.push = true
	exclude.internal.topics = true
	fetch.max.bytes = 52428800
	fetch.max.wait.ms = 500
	fetch.min.bytes = 1
	group.id = Consumer-topic-8c5661c0_d408_4212_baff_bdafa039fa31
	group.instance.id = null
	group.protocol = classic
	group.remote.assignor = null
	heartbeat.interval.ms = 3000
	interceptor.classes = []
	internal.leave.group.on.close = true
	internal.throw.on.fetch.stable.offset.unsupported = false
	isolation.level = read_uncommitted
	key.deserializer = class org.apache.kafka.common.serialization.StringDeserializer
	max.partition.fetch.bytes = 1048576
	max.poll.interval.ms = 300000
	max.poll.records = 500
	metadata.max.age.ms = 300000
	metadata.recovery.strategy = none
	metric.reporters = []
	metrics.num.samples = 2
	metrics.recording.level = INFO
	metrics.sample.window.ms = 30000
	partition.assignment.strategy = [class org.apache.kafka.clients.consumer.RangeAssignor, class org.apache.kafka.clients.consumer.CooperativeStickyAssignor]
	receive.buffer.bytes = 65536
	reconnect.backoff.max.ms = 1000
	reconnect.backoff.ms = 50
	request.timeout.ms = 5000
	retry.backoff.max.ms = 1000
	retry.backoff.ms = 100
	sasl.client.callback.handler.class = null
	sasl.jaas.config = null
	sasl.kerberos.kinit.cmd = /usr/bin/kinit
	sasl.kerberos.min.time.before.relogin = 60000
	sasl.kerberos.service.name = null
	sasl.kerberos.ticket.renew.jitter = 0.05
	sasl.kerberos.ticket.renew.window.factor = 0.8
	sasl.login.callback.handler.class = null
	sasl.login.class = null
	sasl.login.connect.timeout.ms = null
	sasl.login.read.timeout.ms = null
	sasl.login.refresh.buffer.seconds = 300
	sasl.login.refresh.min.period.seconds = 60
	sasl.login.refresh.window.factor = 0.8
	sasl.login.refresh.window.jitter = 0.05
	sasl.login.retry.backoff.max.ms = 10000
	sasl.login.retry.backoff.ms = 100
	sasl.mechanism = GSSAPI
	sasl.oauthbearer.clock.skew.seconds = 30
	sasl.oauthbearer.expected.audience = null
	sasl.oauthbearer.expected.issuer = null
	sasl.oauthbearer.header.urlencode = false
	sasl.oauthbearer.jwks.endpoint.refresh.ms = 3600000
	sasl.oauthbearer.jwks.endpoint.retry.backoff.max.ms = 10000
	sasl.oauthbearer.jwks.endpoint.retry.backoff.ms = 100
	sasl.oauthbearer.jwks.endpoint.url = null
	sasl.oauthbearer.scope.claim.name = scope
	sasl.oauthbearer.sub.claim.name = sub
	sasl.oauthbearer.token.endpoint.url = null
	security.protocol = PLAINTEXT
	security.providers = null
	send.buffer.bytes = 131072
	session.timeout.ms = 45000
	socket.connection.setup.timeout.max.ms = 30000
	socket.connection.setup.timeout.ms = 10000
	ssl.cipher.suites = null
	ssl.enabled.protocols = [TLSv1.2, TLSv1.3]
	ssl.endpoint.identification.algorithm = https
	ssl.engine.factory.class = null
	ssl.key.password = null
	ssl.keymanager.algorithm = SunX509
	ssl.keystore.certificate.chain = null
	ssl.keystore.key = null
	ssl.keystore.location = null
	ssl.keystore.password = null
	ssl.keystore.type = JKS
	ssl.protocol = TLSv1.3
	ssl.provider = null
	ssl.secure.random.implementation = null
	ssl.trustmanager.algorithm = PKIX
	ssl.truststore.certificates = null
	ssl.truststore.location = null
	ssl.truststore.password = null
	ssl.truststore.type = JKS
	value.deserializer = class io.apicurio.registry.serde.avro.AvroKafkaDeserializer

2025-07-31 02:24:37,862 INFO  [org.apa.kaf.com.tel.int.KafkaMetricsCollector] (main) initializing Kafka metrics collector
2025-07-31 02:24:37,868 INFO  [org.apa.kaf.cli.con.ConsumerConfig] (main) These configurations '[apicurio.registry.url]' were supplied but are not used yet.
2025-07-31 02:24:37,868 INFO  [org.apa.kaf.com.uti.AppInfoParser] (main) Kafka version: 3.9.0
2025-07-31 02:24:37,868 INFO  [org.apa.kaf.com.uti.AppInfoParser] (main) Kafka commitId: 84caaa6e9da06435
2025-07-31 02:24:37,868 INFO  [org.apa.kaf.com.uti.AppInfoParser] (main) Kafka startTimeMs: 1753928677868
2025-07-31 02:24:37,869 INFO  [org.apa.kaf.cli.con.ConsumerConfig] (main) ConsumerConfig values: 
	allow.auto.create.topics = true
	auto.commit.interval.ms = 500
	auto.include.jmx.reporter = true
	auto.offset.reset = earliest
	bootstrap.servers = [PLAINTEXT://localhost:32770]
	check.crcs = true
	client.dns.lookup = use_all_dns_ips
	client.id = consumer-Consumer-topic-7512860b_7c66_46d1_8966_31f2826980e7-32
	client.rack = 
	connections.max.idle.ms = 10000
	default.api.timeout.ms = 60000
	enable.auto.commit = true
	enable.metrics.push = true
	exclude.internal.topics = true
	fetch.max.bytes = 52428800
	fetch.max.wait.ms = 500
	fetch.min.bytes = 1
	group.id = Consumer-topic-7512860b_7c66_46d1_8966_31f2826980e7
	group.instance.id = null
	group.protocol = classic
	group.remote.assignor = null
	heartbeat.interval.ms = 3000
	interceptor.classes = []
	internal.leave.group.on.close = true
	internal.throw.on.fetch.stable.offset.unsupported = false
	isolation.level = read_uncommitted
	key.deserializer = class org.apache.kafka.common.serialization.StringDeserializer
	max.partition.fetch.bytes = 1048576
	max.poll.interval.ms = 300000
	max.poll.records = 500
	metadata.max.age.ms = 300000
	metadata.recovery.strategy = none
	metric.reporters = []
	metrics.num.samples = 2
	metrics.recording.level = INFO
	metrics.sample.window.ms = 30000
	partition.assignment.strategy = [class org.apache.kafka.clients.consumer.RangeAssignor, class org.apache.kafka.clients.consumer.CooperativeStickyAssignor]
	receive.buffer.bytes = 65536
	reconnect.backoff.max.ms = 1000
	reconnect.backoff.ms = 50
	request.timeout.ms = 5000
	retry.backoff.max.ms = 1000
	retry.backoff.ms = 100
	sasl.client.callback.handler.class = null
	sasl.jaas.config = null
	sasl.kerberos.kinit.cmd = /usr/bin/kinit
	sasl.kerberos.min.time.before.relogin = 60000
	sasl.kerberos.service.name = null
	sasl.kerberos.ticket.renew.jitter = 0.05
	sasl.kerberos.ticket.renew.window.factor = 0.8
	sasl.login.callback.handler.class = null
	sasl.login.class = null
	sasl.login.connect.timeout.ms = null
	sasl.login.read.timeout.ms = null
	sasl.login.refresh.buffer.seconds = 300
	sasl.login.refresh.min.period.seconds = 60
	sasl.login.refresh.window.factor = 0.8
	sasl.login.refresh.window.jitter = 0.05
	sasl.login.retry.backoff.max.ms = 10000
	sasl.login.retry.backoff.ms = 100
	sasl.mechanism = GSSAPI
	sasl.oauthbearer.clock.skew.seconds = 30
	sasl.oauthbearer.expected.audience = null
	sasl.oauthbearer.expected.issuer = null
	sasl.oauthbearer.header.urlencode = false
	sasl.oauthbearer.jwks.endpoint.refresh.ms = 3600000
	sasl.oauthbearer.jwks.endpoint.retry.backoff.max.ms = 10000
	sasl.oauthbearer.jwks.endpoint.retry.backoff.ms = 100
	sasl.oauthbearer.jwks.endpoint.url = null
	sasl.oauthbearer.scope.claim.name = scope
	sasl.oauthbearer.sub.claim.name = sub
	sasl.oauthbearer.token.endpoint.url = null
	security.protocol = PLAINTEXT
	security.providers = null
	send.buffer.bytes = 131072
	session.timeout.ms = 45000
	socket.connection.setup.timeout.max.ms = 30000
	socket.connection.setup.timeout.ms = 10000
	ssl.cipher.suites = null
	ssl.enabled.protocols = [TLSv1.2, TLSv1.3]
	ssl.endpoint.identification.algorithm = https
	ssl.engine.factory.class = null
	ssl.key.password = null
	ssl.keymanager.algorithm = SunX509
	ssl.keystore.certificate.chain = null
	ssl.keystore.key = null
	ssl.keystore.location = null
	ssl.keystore.password = null
	ssl.keystore.type = JKS
	ssl.protocol = TLSv1.3
	ssl.provider = null
	ssl.secure.random.implementation = null
	ssl.trustmanager.algorithm = PKIX
	ssl.truststore.certificates = null
	ssl.truststore.location = null
	ssl.truststore.password = null
	ssl.truststore.type = JKS
	value.deserializer = class io.apicurio.registry.serde.avro.AvroKafkaDeserializer

2025-07-31 02:24:37,869 INFO  [org.apa.kaf.cli.Metadata] (kafka-producer-network-thread | Producer-topic-3a622cd6_4883_4a78_b1a8_6bd73a103913) [Producer clientId=Producer-topic-3a622cd6_4883_4a78_b1a8_6bd73a103913] Cluster ID: EeXQRaomRg6j_8npZiTrIA
2025-07-31 02:24:37,869 INFO  [org.apa.kaf.cli.pro.int.TransactionManager] (kafka-producer-network-thread | Producer-topic-3a622cd6_4883_4a78_b1a8_6bd73a103913) [Producer clientId=Producer-topic-3a622cd6_4883_4a78_b1a8_6bd73a103913] ProducerId set to 45 with epoch 0
2025-07-31 02:24:37,869 INFO  [org.apa.kaf.com.tel.int.KafkaMetricsCollector] (main) initializing Kafka metrics collector
2025-07-31 02:24:37,874 INFO  [org.apa.kaf.cli.con.ConsumerConfig] (main) These configurations '[apicurio.registry.url]' were supplied but are not used yet.
2025-07-31 02:24:37,874 INFO  [org.apa.kaf.com.uti.AppInfoParser] (main) Kafka version: 3.9.0
2025-07-31 02:24:37,874 INFO  [org.apa.kaf.com.uti.AppInfoParser] (main) Kafka commitId: 84caaa6e9da06435
2025-07-31 02:24:37,874 INFO  [org.apa.kaf.com.uti.AppInfoParser] (main) Kafka startTimeMs: 1753928677874
2025-07-31 02:24:37,874 INFO  [org.apa.kaf.cli.con.ConsumerConfig] (main) ConsumerConfig values: 
	allow.auto.create.topics = true
	auto.commit.interval.ms = 500
	auto.include.jmx.reporter = true
	auto.offset.reset = earliest
	bootstrap.servers = [PLAINTEXT://localhost:32770]
	check.crcs = true
	client.dns.lookup = use_all_dns_ips
	client.id = consumer-Consumer-topic-3a622cd6_4883_4a78_b1a8_6bd73a103913-33
	client.rack = 
	connections.max.idle.ms = 10000
	default.api.timeout.ms = 60000
	enable.auto.commit = true
	enable.metrics.push = true
	exclude.internal.topics = true
	fetch.max.bytes = 52428800
	fetch.max.wait.ms = 500
	fetch.min.bytes = 1
	group.id = Consumer-topic-3a622cd6_4883_4a78_b1a8_6bd73a103913
	group.instance.id = null
	group.protocol = classic
	group.remote.assignor = null
	heartbeat.interval.ms = 3000
	interceptor.classes = []
	internal.leave.group.on.close = true
	internal.throw.on.fetch.stable.offset.unsupported = false
	isolation.level = read_uncommitted
	key.deserializer = class org.apache.kafka.common.serialization.StringDeserializer
	max.partition.fetch.bytes = 1048576
	max.poll.interval.ms = 300000
	max.poll.records = 500
	metadata.max.age.ms = 300000
	metadata.recovery.strategy = none
	metric.reporters = []
	metrics.num.samples = 2
	metrics.recording.level = INFO
	metrics.sample.window.ms = 30000
	partition.assignment.strategy = [class org.apache.kafka.clients.consumer.RangeAssignor, class org.apache.kafka.clients.consumer.CooperativeStickyAssignor]
	receive.buffer.bytes = 65536
	reconnect.backoff.max.ms = 1000
	reconnect.backoff.ms = 50
	request.timeout.ms = 5000
	retry.backoff.max.ms = 1000
	retry.backoff.ms = 100
	sasl.client.callback.handler.class = null
	sasl.jaas.config = null
	sasl.kerberos.kinit.cmd = /usr/bin/kinit
	sasl.kerberos.min.time.before.relogin = 60000
	sasl.kerberos.service.name = null
	sasl.kerberos.ticket.renew.jitter = 0.05
	sasl.kerberos.ticket.renew.window.factor = 0.8
	sasl.login.callback.handler.class = null
	sasl.login.class = null
	sasl.login.connect.timeout.ms = null
	sasl.login.read.timeout.ms = null
	sasl.login.refresh.buffer.seconds = 300
	sasl.login.refresh.min.period.seconds = 60
	sasl.login.refresh.window.factor = 0.8
	sasl.login.refresh.window.jitter = 0.05
	sasl.login.retry.backoff.max.ms = 10000
	sasl.login.retry.backoff.ms = 100
	sasl.mechanism = GSSAPI
	sasl.oauthbearer.clock.skew.seconds = 30
	sasl.oauthbearer.expected.audience = null
	sasl.oauthbearer.expected.issuer = null
	sasl.oauthbearer.header.urlencode = false
	sasl.oauthbearer.jwks.endpoint.refresh.ms = 3600000
	sasl.oauthbearer.jwks.endpoint.retry.backoff.max.ms = 10000
	sasl.oauthbearer.jwks.endpoint.retry.backoff.ms = 100
	sasl.oauthbearer.jwks.endpoint.url = null
	sasl.oauthbearer.scope.claim.name = scope
	sasl.oauthbearer.sub.claim.name = sub
	sasl.oauthbearer.token.endpoint.url = null
	security.protocol = PLAINTEXT
	security.providers = null
	send.buffer.bytes = 131072
	session.timeout.ms = 45000
	socket.connection.setup.timeout.max.ms = 30000
	socket.connection.setup.timeout.ms = 10000
	ssl.cipher.suites = null
	ssl.enabled.protocols = [TLSv1.2, TLSv1.3]
	ssl.endpoint.identification.algorithm = https
	ssl.engine.factory.class = null
	ssl.key.password = null
	ssl.keymanager.algorithm = SunX509
	ssl.keystore.certificate.chain = null
	ssl.keystore.key = null
	ssl.keystore.location = null
	ssl.keystore.password = null
	ssl.keystore.type = JKS
	ssl.protocol = TLSv1.3
	ssl.provider = null
	ssl.secure.random.implementation = null
	ssl.trustmanager.algorithm = PKIX
	ssl.truststore.certificates = null
	ssl.truststore.location = null
	ssl.truststore.password = null
	ssl.truststore.type = JKS
	value.deserializer = class io.apicurio.registry.serde.avro.AvroKafkaDeserializer

2025-07-31 02:24:37,875 INFO  [org.apa.kaf.com.tel.int.KafkaMetricsCollector] (main) initializing Kafka metrics collector
2025-07-31 02:24:37,879 INFO  [org.apa.kaf.cli.con.ConsumerConfig] (main) These configurations '[apicurio.registry.url]' were supplied but are not used yet.
2025-07-31 02:24:37,879 INFO  [org.apa.kaf.com.uti.AppInfoParser] (main) Kafka version: 3.9.0
2025-07-31 02:24:37,879 INFO  [org.apa.kaf.com.uti.AppInfoParser] (main) Kafka commitId: 84caaa6e9da06435
2025-07-31 02:24:37,879 INFO  [org.apa.kaf.com.uti.AppInfoParser] (main) Kafka startTimeMs: 1753928677879
2025-07-31 02:24:37,880 INFO  [io.api.tes.ser.api.KafkaSerdesTester] (Thread-370) Sending message {"key1": "value-0"} to topic topic-8c5661c0_d408_4212_baff_bdafa039fa31
2025-07-31 02:24:37,884 INFO  [DefaultSchemaResolver] (Thread-370) Retrieving schema content using string: {"type":"record","name":"myrecordconfluent6","fields":[{"name":"key1","type":"string"}]}
2025-07-31 02:24:37,938 INFO  [io.api.tes.ser.api.KafkaSerdesTester] (Thread-370) Sending message {"key1": "value-1"} to topic topic-8c5661c0_d408_4212_baff_bdafa039fa31
2025-07-31 02:24:37,939 INFO  [io.api.tes.ser.api.KafkaSerdesTester] (Thread-370) Sending message {"key1": "value-2"} to topic topic-8c5661c0_d408_4212_baff_bdafa039fa31
2025-07-31 02:24:37,940 INFO  [io.api.tes.ser.api.KafkaSerdesTester] (Thread-370) Sending message {"key1": "value-3"} to topic topic-8c5661c0_d408_4212_baff_bdafa039fa31
2025-07-31 02:24:37,941 INFO  [io.api.tes.ser.api.KafkaSerdesTester] (Thread-370) Sending message {"key1": "value-4"} to topic topic-8c5661c0_d408_4212_baff_bdafa039fa31
2025-07-31 02:24:37,943 INFO  [io.api.tes.ser.api.KafkaSerdesTester] (Thread-370) Sending message {"key1": "value-5"} to topic topic-8c5661c0_d408_4212_baff_bdafa039fa31
2025-07-31 02:24:37,945 INFO  [io.api.tes.ser.api.KafkaSerdesTester] (Thread-370) Sending message {"key1": "value-6"} to topic topic-8c5661c0_d408_4212_baff_bdafa039fa31
2025-07-31 02:24:37,947 INFO  [io.api.tes.ser.api.KafkaSerdesTester] (Thread-370) Sending message {"key1": "value-7"} to topic topic-8c5661c0_d408_4212_baff_bdafa039fa31
2025-07-31 02:24:37,950 INFO  [io.api.tes.ser.api.KafkaSerdesTester] (Thread-370) Sending message {"key1": "value-8"} to topic topic-8c5661c0_d408_4212_baff_bdafa039fa31
2025-07-31 02:24:37,951 INFO  [io.api.tes.ser.api.KafkaSerdesTester] (Thread-370) Sending message {"key1": "value-9"} to topic topic-8c5661c0_d408_4212_baff_bdafa039fa31
2025-07-31 02:24:37,954 INFO  [io.api.tes.ser.api.KafkaSerdesTester] (Thread-370) Produced 10 messages
2025-07-31 02:24:37,954 INFO  [org.apa.kaf.cli.pro.KafkaProducer] (Thread-370) [Producer clientId=Producer-topic-8c5661c0_d408_4212_baff_bdafa039fa31] Closing the Kafka producer with timeoutMillis = 9223372036854775807 ms.
2025-07-31 02:24:37,957 INFO  [org.apa.kaf.com.met.Metrics] (Thread-370) Metrics scheduler closed
2025-07-31 02:24:37,957 INFO  [org.apa.kaf.com.met.Metrics] (Thread-370) Closing reporter org.apache.kafka.common.metrics.JmxReporter
2025-07-31 02:24:37,957 INFO  [org.apa.kaf.com.met.Metrics] (Thread-370) Closing reporter org.apache.kafka.common.telemetry.internals.ClientTelemetryReporter
2025-07-31 02:24:37,957 INFO  [org.apa.kaf.com.met.Metrics] (Thread-370) Metrics reporters closed
2025-07-31 02:24:37,957 INFO  [org.apa.kaf.com.uti.AppInfoParser] (Thread-370) App info kafka.producer for Producer-topic-8c5661c0_d408_4212_baff_bdafa039fa31 unregistered
2025-07-31 02:24:37,958 INFO  [io.api.tes.ser.api.KafkaSerdesTester] (Thread-371) Sending message {"key1": "value-0"} to topic topic-7512860b_7c66_46d1_8966_31f2826980e7
2025-07-31 02:24:37,965 INFO  [DefaultSchemaResolver] (Thread-371) Retrieving schema content using string: {"type":"record","name":"myrecordconfluent6","fields":[{"name":"key1","type":"string"}]}
2025-07-31 02:24:38,021 INFO  [io.api.tes.ser.api.KafkaSerdesTester] (Thread-371) Sending message {"key1": "value-1"} to topic topic-7512860b_7c66_46d1_8966_31f2826980e7
2025-07-31 02:24:38,022 INFO  [io.api.tes.ser.api.KafkaSerdesTester] (Thread-371) Sending message {"key1": "value-2"} to topic topic-7512860b_7c66_46d1_8966_31f2826980e7
2025-07-31 02:24:38,023 INFO  [io.api.tes.ser.api.KafkaSerdesTester] (Thread-371) Sending message {"key1": "value-3"} to topic topic-7512860b_7c66_46d1_8966_31f2826980e7
2025-07-31 02:24:38,025 INFO  [io.api.tes.ser.api.KafkaSerdesTester] (Thread-371) Sending message {"key1": "value-4"} to topic topic-7512860b_7c66_46d1_8966_31f2826980e7
2025-07-31 02:24:38,026 INFO  [io.api.tes.ser.api.KafkaSerdesTester] (Thread-371) Sending message {"key1": "value-5"} to topic topic-7512860b_7c66_46d1_8966_31f2826980e7
2025-07-31 02:24:38,027 INFO  [io.api.tes.ser.api.KafkaSerdesTester] (Thread-371) Sending message {"key1": "value-6"} to topic topic-7512860b_7c66_46d1_8966_31f2826980e7
2025-07-31 02:24:38,029 INFO  [io.api.tes.ser.api.KafkaSerdesTester] (Thread-371) Sending message {"key1": "value-7"} to topic topic-7512860b_7c66_46d1_8966_31f2826980e7
2025-07-31 02:24:38,032 INFO  [io.api.tes.ser.api.KafkaSerdesTester] (Thread-371) Sending message {"key1": "value-8"} to topic topic-7512860b_7c66_46d1_8966_31f2826980e7
2025-07-31 02:24:38,033 INFO  [io.api.tes.ser.api.KafkaSerdesTester] (Thread-371) Sending message {"key1": "value-9"} to topic topic-7512860b_7c66_46d1_8966_31f2826980e7
2025-07-31 02:24:38,036 INFO  [io.api.tes.ser.api.KafkaSerdesTester] (Thread-371) Produced 10 messages
2025-07-31 02:24:38,036 INFO  [org.apa.kaf.cli.pro.KafkaProducer] (Thread-371) [Producer clientId=Producer-topic-7512860b_7c66_46d1_8966_31f2826980e7] Closing the Kafka producer with timeoutMillis = 9223372036854775807 ms.
2025-07-31 02:24:38,038 INFO  [org.apa.kaf.com.met.Metrics] (Thread-371) Metrics scheduler closed
2025-07-31 02:24:38,038 INFO  [org.apa.kaf.com.met.Metrics] (Thread-371) Closing reporter org.apache.kafka.common.metrics.JmxReporter
2025-07-31 02:24:38,038 INFO  [org.apa.kaf.com.met.Metrics] (Thread-371) Closing reporter org.apache.kafka.common.telemetry.internals.ClientTelemetryReporter
2025-07-31 02:24:38,039 INFO  [org.apa.kaf.com.met.Metrics] (Thread-371) Metrics reporters closed
2025-07-31 02:24:38,039 INFO  [org.apa.kaf.com.uti.AppInfoParser] (Thread-371) App info kafka.producer for Producer-topic-7512860b_7c66_46d1_8966_31f2826980e7 unregistered
2025-07-31 02:24:38,041 INFO  [io.api.tes.ser.api.KafkaSerdesTester] (Thread-372) Sending message {"key1": "value-0"} to topic topic-3a622cd6_4883_4a78_b1a8_6bd73a103913
2025-07-31 02:24:38,046 INFO  [DefaultSchemaResolver] (Thread-372) Retrieving schema content using string: {"type":"record","name":"myrecordconfluent6","fields":[{"name":"key1","type":"string"}]}
2025-07-31 02:24:38,105 INFO  [io.api.tes.ser.api.KafkaSerdesTester] (Thread-372) Sending message {"key1": "value-1"} to topic topic-3a622cd6_4883_4a78_b1a8_6bd73a103913
2025-07-31 02:24:38,106 INFO  [io.api.tes.ser.api.KafkaSerdesTester] (Thread-372) Sending message {"key1": "value-2"} to topic topic-3a622cd6_4883_4a78_b1a8_6bd73a103913
2025-07-31 02:24:38,108 INFO  [io.api.tes.ser.api.KafkaSerdesTester] (Thread-372) Sending message {"key1": "value-3"} to topic topic-3a622cd6_4883_4a78_b1a8_6bd73a103913
2025-07-31 02:24:38,109 INFO  [io.api.tes.ser.api.KafkaSerdesTester] (Thread-372) Sending message {"key1": "value-4"} to topic topic-3a622cd6_4883_4a78_b1a8_6bd73a103913
2025-07-31 02:24:38,110 INFO  [io.api.tes.ser.api.KafkaSerdesTester] (Thread-372) Sending message {"key1": "value-5"} to topic topic-3a622cd6_4883_4a78_b1a8_6bd73a103913
2025-07-31 02:24:38,111 INFO  [io.api.tes.ser.api.KafkaSerdesTester] (Thread-372) Sending message {"key1": "value-6"} to topic topic-3a622cd6_4883_4a78_b1a8_6bd73a103913
2025-07-31 02:24:38,112 INFO  [io.api.tes.ser.api.KafkaSerdesTester] (Thread-372) Sending message {"key1": "value-7"} to topic topic-3a622cd6_4883_4a78_b1a8_6bd73a103913
2025-07-31 02:24:38,113 INFO  [io.api.tes.ser.api.KafkaSerdesTester] (Thread-372) Sending message {"key1": "value-8"} to topic topic-3a622cd6_4883_4a78_b1a8_6bd73a103913
2025-07-31 02:24:38,114 INFO  [io.api.tes.ser.api.KafkaSerdesTester] (Thread-372) Sending message {"key1": "value-9"} to topic topic-3a622cd6_4883_4a78_b1a8_6bd73a103913
2025-07-31 02:24:38,114 INFO  [io.api.tes.ser.api.KafkaSerdesTester] (Thread-372) Produced 10 messages
2025-07-31 02:24:38,114 INFO  [org.apa.kaf.cli.pro.KafkaProducer] (Thread-372) [Producer clientId=Producer-topic-3a622cd6_4883_4a78_b1a8_6bd73a103913] Closing the Kafka producer with timeoutMillis = 9223372036854775807 ms.
2025-07-31 02:24:38,116 INFO  [org.apa.kaf.com.met.Metrics] (Thread-372) Metrics scheduler closed
2025-07-31 02:24:38,116 INFO  [org.apa.kaf.com.met.Metrics] (Thread-372) Closing reporter org.apache.kafka.common.metrics.JmxReporter
2025-07-31 02:24:38,116 INFO  [org.apa.kaf.com.met.Metrics] (Thread-372) Closing reporter org.apache.kafka.common.telemetry.internals.ClientTelemetryReporter
2025-07-31 02:24:38,116 INFO  [org.apa.kaf.com.met.Metrics] (Thread-372) Metrics reporters closed
2025-07-31 02:24:38,116 INFO  [org.apa.kaf.com.uti.AppInfoParser] (Thread-372) App info kafka.producer for Producer-topic-3a622cd6_4883_4a78_b1a8_6bd73a103913 unregistered
2025-07-31 02:24:38,117 INFO  [org.apa.kaf.cli.con.int.ClassicKafkaConsumer] (Thread-373) [Consumer clientId=consumer-Consumer-topic-8c5661c0_d408_4212_baff_bdafa039fa31-31, groupId=Consumer-topic-8c5661c0_d408_4212_baff_bdafa039fa31] Subscribed to topic(s): topic-8c5661c0_d408_4212_baff_bdafa039fa31
2025-07-31 02:24:38,121 INFO  [org.apa.kaf.cli.Metadata] (Thread-373) [Consumer clientId=consumer-Consumer-topic-8c5661c0_d408_4212_baff_bdafa039fa31-31, groupId=Consumer-topic-8c5661c0_d408_4212_baff_bdafa039fa31] Cluster ID: EeXQRaomRg6j_8npZiTrIA
2025-07-31 02:24:38,121 INFO  [org.apa.kaf.cli.con.int.ConsumerCoordinator] (Thread-373) [Consumer clientId=consumer-Consumer-topic-8c5661c0_d408_4212_baff_bdafa039fa31-31, groupId=Consumer-topic-8c5661c0_d408_4212_baff_bdafa039fa31] Discovered group coordinator localhost:32770 (id: 2147483647 rack: null)
2025-07-31 02:24:38,122 INFO  [org.apa.kaf.cli.con.int.ConsumerCoordinator] (Thread-373) [Consumer clientId=consumer-Consumer-topic-8c5661c0_d408_4212_baff_bdafa039fa31-31, groupId=Consumer-topic-8c5661c0_d408_4212_baff_bdafa039fa31] (Re-)joining group
2025-07-31 02:24:38,124 INFO  [org.apa.kaf.cli.con.int.ConsumerCoordinator] (Thread-373) [Consumer clientId=consumer-Consumer-topic-8c5661c0_d408_4212_baff_bdafa039fa31-31, groupId=Consumer-topic-8c5661c0_d408_4212_baff_bdafa039fa31] Request joining group due to: need to re-join with the given member-id: consumer-Consumer-topic-8c5661c0_d408_4212_baff_bdafa039fa31-31-46e1d647-a84b-4ac6-b45d-307bf47c2b44
2025-07-31 02:24:38,124 INFO  [org.apa.kaf.cli.con.int.ConsumerCoordinator] (Thread-373) [Consumer clientId=consumer-Consumer-topic-8c5661c0_d408_4212_baff_bdafa039fa31-31, groupId=Consumer-topic-8c5661c0_d408_4212_baff_bdafa039fa31] (Re-)joining group
2025-07-31 02:24:38,126 INFO  [org.apa.kaf.cli.con.int.ConsumerCoordinator] (Thread-373) [Consumer clientId=consumer-Consumer-topic-8c5661c0_d408_4212_baff_bdafa039fa31-31, groupId=Consumer-topic-8c5661c0_d408_4212_baff_bdafa039fa31] Successfully joined group with generation Generation{generationId=1, memberId='consumer-Consumer-topic-8c5661c0_d408_4212_baff_bdafa039fa31-31-46e1d647-a84b-4ac6-b45d-307bf47c2b44', protocol='range'}
2025-07-31 02:24:38,126 INFO  [org.apa.kaf.cli.con.int.ConsumerCoordinator] (Thread-373) [Consumer clientId=consumer-Consumer-topic-8c5661c0_d408_4212_baff_bdafa039fa31-31, groupId=Consumer-topic-8c5661c0_d408_4212_baff_bdafa039fa31] Finished assignment for group at generation 1: {consumer-Consumer-topic-8c5661c0_d408_4212_baff_bdafa039fa31-31-46e1d647-a84b-4ac6-b45d-307bf47c2b44=Assignment(partitions=[topic-8c5661c0_d408_4212_baff_bdafa039fa31-0])}
2025-07-31 02:24:38,128 INFO  [org.apa.kaf.cli.con.int.ConsumerCoordinator] (Thread-373) [Consumer clientId=consumer-Consumer-topic-8c5661c0_d408_4212_baff_bdafa039fa31-31, groupId=Consumer-topic-8c5661c0_d408_4212_baff_bdafa039fa31] Successfully synced group in generation Generation{generationId=1, memberId='consumer-Consumer-topic-8c5661c0_d408_4212_baff_bdafa039fa31-31-46e1d647-a84b-4ac6-b45d-307bf47c2b44', protocol='range'}
2025-07-31 02:24:38,128 INFO  [org.apa.kaf.cli.con.int.ConsumerCoordinator] (Thread-373) [Consumer clientId=consumer-Consumer-topic-8c5661c0_d408_4212_baff_bdafa039fa31-31, groupId=Consumer-topic-8c5661c0_d408_4212_baff_bdafa039fa31] Notifying assignor about the new Assignment(partitions=[topic-8c5661c0_d408_4212_baff_bdafa039fa31-0])
2025-07-31 02:24:38,128 INFO  [org.apa.kaf.cli.con.int.ConsumerRebalanceListenerInvoker] (Thread-373) [Consumer clientId=consumer-Consumer-topic-8c5661c0_d408_4212_baff_bdafa039fa31-31, groupId=Consumer-topic-8c5661c0_d408_4212_baff_bdafa039fa31] Adding newly assigned partitions: topic-8c5661c0_d408_4212_baff_bdafa039fa31-0
2025-07-31 02:24:38,129 INFO  [org.apa.kaf.cli.con.int.ConsumerCoordinator] (Thread-373) [Consumer clientId=consumer-Consumer-topic-8c5661c0_d408_4212_baff_bdafa039fa31-31, groupId=Consumer-topic-8c5661c0_d408_4212_baff_bdafa039fa31] Found no committed offset for partition topic-8c5661c0_d408_4212_baff_bdafa039fa31-0
2025-07-31 02:24:38,132 INFO  [org.apa.kaf.cli.con.int.SubscriptionState] (Thread-373) [Consumer clientId=consumer-Consumer-topic-8c5661c0_d408_4212_baff_bdafa039fa31-31, groupId=Consumer-topic-8c5661c0_d408_4212_baff_bdafa039fa31] Resetting offset for partition topic-8c5661c0_d408_4212_baff_bdafa039fa31-0 to position FetchPosition{offset=0, offsetEpoch=Optional.empty, currentLeader=LeaderAndEpoch{leader=Optional[localhost:32770 (id: 0 rack: null)], epoch=0}}.
2025-07-31 02:24:38,209 INFO  [io.api.tes.ser.api.KafkaSerdesTester] (Thread-373) topic-8c5661c0_d408_4212_baff_bdafa039fa31 0 0 {"key1": "value-0"}
2025-07-31 02:24:38,209 INFO  [io.api.tes.ser.api.KafkaSerdesTester] (Thread-373) topic-8c5661c0_d408_4212_baff_bdafa039fa31 0 1 {"key1": "value-1"}
2025-07-31 02:24:38,209 INFO  [io.api.tes.ser.api.KafkaSerdesTester] (Thread-373) topic-8c5661c0_d408_4212_baff_bdafa039fa31 0 2 {"key1": "value-2"}
2025-07-31 02:24:38,209 INFO  [io.api.tes.ser.api.KafkaSerdesTester] (Thread-373) topic-8c5661c0_d408_4212_baff_bdafa039fa31 0 3 {"key1": "value-3"}
2025-07-31 02:24:38,209 INFO  [io.api.tes.ser.api.KafkaSerdesTester] (Thread-373) topic-8c5661c0_d408_4212_baff_bdafa039fa31 0 4 {"key1": "value-4"}
2025-07-31 02:24:38,209 INFO  [io.api.tes.ser.api.KafkaSerdesTester] (Thread-373) topic-8c5661c0_d408_4212_baff_bdafa039fa31 0 5 {"key1": "value-5"}
2025-07-31 02:24:38,209 INFO  [io.api.tes.ser.api.KafkaSerdesTester] (Thread-373) topic-8c5661c0_d408_4212_baff_bdafa039fa31 0 6 {"key1": "value-6"}
2025-07-31 02:24:38,209 INFO  [io.api.tes.ser.api.KafkaSerdesTester] (Thread-373) topic-8c5661c0_d408_4212_baff_bdafa039fa31 0 7 {"key1": "value-7"}
2025-07-31 02:24:38,209 INFO  [io.api.tes.ser.api.KafkaSerdesTester] (Thread-373) topic-8c5661c0_d408_4212_baff_bdafa039fa31 0 8 {"key1": "value-8"}
2025-07-31 02:24:38,209 INFO  [io.api.tes.ser.api.KafkaSerdesTester] (Thread-373) topic-8c5661c0_d408_4212_baff_bdafa039fa31 0 9 {"key1": "value-9"}
2025-07-31 02:24:38,209 INFO  [io.api.tes.ser.api.KafkaSerdesTester] (Thread-373) Consumed 10 messages
2025-07-31 02:24:38,213 INFO  [org.apa.kaf.cli.con.int.ConsumerRebalanceListenerInvoker] (Thread-373) [Consumer clientId=consumer-Consumer-topic-8c5661c0_d408_4212_baff_bdafa039fa31-31, groupId=Consumer-topic-8c5661c0_d408_4212_baff_bdafa039fa31] Revoke previously assigned partitions topic-8c5661c0_d408_4212_baff_bdafa039fa31-0
2025-07-31 02:24:38,213 INFO  [org.apa.kaf.cli.con.int.ConsumerCoordinator] (Thread-373) [Consumer clientId=consumer-Consumer-topic-8c5661c0_d408_4212_baff_bdafa039fa31-31, groupId=Consumer-topic-8c5661c0_d408_4212_baff_bdafa039fa31] Member consumer-Consumer-topic-8c5661c0_d408_4212_baff_bdafa039fa31-31-46e1d647-a84b-4ac6-b45d-307bf47c2b44 sending LeaveGroup request to coordinator localhost:32770 (id: 2147483647 rack: null) due to the consumer is being closed
2025-07-31 02:24:38,213 INFO  [org.apa.kaf.cli.con.int.ConsumerCoordinator] (Thread-373) [Consumer clientId=consumer-Consumer-topic-8c5661c0_d408_4212_baff_bdafa039fa31-31, groupId=Consumer-topic-8c5661c0_d408_4212_baff_bdafa039fa31] Resetting generation and member id due to: consumer pro-actively leaving the group
2025-07-31 02:24:38,213 INFO  [org.apa.kaf.cli.con.int.ConsumerCoordinator] (Thread-373) [Consumer clientId=consumer-Consumer-topic-8c5661c0_d408_4212_baff_bdafa039fa31-31, groupId=Consumer-topic-8c5661c0_d408_4212_baff_bdafa039fa31] Request joining group due to: consumer pro-actively leaving the group
2025-07-31 02:24:38,714 INFO  [org.apa.kaf.com.met.Metrics] (Thread-373) Metrics scheduler closed
2025-07-31 02:24:38,714 INFO  [org.apa.kaf.com.met.Metrics] (Thread-373) Closing reporter org.apache.kafka.common.metrics.JmxReporter
2025-07-31 02:24:38,714 INFO  [org.apa.kaf.com.met.Metrics] (Thread-373) Closing reporter org.apache.kafka.common.telemetry.internals.ClientTelemetryReporter
2025-07-31 02:24:38,714 INFO  [org.apa.kaf.com.met.Metrics] (Thread-373) Metrics reporters closed
2025-07-31 02:24:38,715 INFO  [org.apa.kaf.com.uti.AppInfoParser] (Thread-373) App info kafka.consumer for consumer-Consumer-topic-8c5661c0_d408_4212_baff_bdafa039fa31-31 unregistered
2025-07-31 02:24:38,716 INFO  [org.apa.kaf.cli.con.int.ClassicKafkaConsumer] (Thread-374) [Consumer clientId=consumer-Consumer-topic-7512860b_7c66_46d1_8966_31f2826980e7-32, groupId=Consumer-topic-7512860b_7c66_46d1_8966_31f2826980e7] Subscribed to topic(s): topic-7512860b_7c66_46d1_8966_31f2826980e7
2025-07-31 02:24:38,721 INFO  [org.apa.kaf.cli.Metadata] (Thread-374) [Consumer clientId=consumer-Consumer-topic-7512860b_7c66_46d1_8966_31f2826980e7-32, groupId=Consumer-topic-7512860b_7c66_46d1_8966_31f2826980e7] Cluster ID: EeXQRaomRg6j_8npZiTrIA
2025-07-31 02:24:38,721 INFO  [org.apa.kaf.cli.con.int.ConsumerCoordinator] (Thread-374) [Consumer clientId=consumer-Consumer-topic-7512860b_7c66_46d1_8966_31f2826980e7-32, groupId=Consumer-topic-7512860b_7c66_46d1_8966_31f2826980e7] Discovered group coordinator localhost:32770 (id: 2147483647 rack: null)
2025-07-31 02:24:38,724 INFO  [org.apa.kaf.cli.con.int.ConsumerCoordinator] (Thread-374) [Consumer clientId=consumer-Consumer-topic-7512860b_7c66_46d1_8966_31f2826980e7-32, groupId=Consumer-topic-7512860b_7c66_46d1_8966_31f2826980e7] (Re-)joining group
2025-07-31 02:24:38,726 INFO  [org.apa.kaf.cli.con.int.ConsumerCoordinator] (Thread-374) [Consumer clientId=consumer-Consumer-topic-7512860b_7c66_46d1_8966_31f2826980e7-32, groupId=Consumer-topic-7512860b_7c66_46d1_8966_31f2826980e7] Request joining group due to: need to re-join with the given member-id: consumer-Consumer-topic-7512860b_7c66_46d1_8966_31f2826980e7-32-547adc79-e1d9-4718-b7ec-0c93942e31dd
2025-07-31 02:24:38,726 INFO  [org.apa.kaf.cli.con.int.ConsumerCoordinator] (Thread-374) [Consumer clientId=consumer-Consumer-topic-7512860b_7c66_46d1_8966_31f2826980e7-32, groupId=Consumer-topic-7512860b_7c66_46d1_8966_31f2826980e7] (Re-)joining group
2025-07-31 02:24:38,730 INFO  [org.apa.kaf.cli.con.int.ConsumerCoordinator] (Thread-374) [Consumer clientId=consumer-Consumer-topic-7512860b_7c66_46d1_8966_31f2826980e7-32, groupId=Consumer-topic-7512860b_7c66_46d1_8966_31f2826980e7] Successfully joined group with generation Generation{generationId=1, memberId='consumer-Consumer-topic-7512860b_7c66_46d1_8966_31f2826980e7-32-547adc79-e1d9-4718-b7ec-0c93942e31dd', protocol='range'}
2025-07-31 02:24:38,730 INFO  [org.apa.kaf.cli.con.int.ConsumerCoordinator] (Thread-374) [Consumer clientId=consumer-Consumer-topic-7512860b_7c66_46d1_8966_31f2826980e7-32, groupId=Consumer-topic-7512860b_7c66_46d1_8966_31f2826980e7] Finished assignment for group at generation 1: {consumer-Consumer-topic-7512860b_7c66_46d1_8966_31f2826980e7-32-547adc79-e1d9-4718-b7ec-0c93942e31dd=Assignment(partitions=[topic-7512860b_7c66_46d1_8966_31f2826980e7-0])}
2025-07-31 02:24:38,733 INFO  [org.apa.kaf.cli.con.int.ConsumerCoordinator] (Thread-374) [Consumer clientId=consumer-Consumer-topic-7512860b_7c66_46d1_8966_31f2826980e7-32, groupId=Consumer-topic-7512860b_7c66_46d1_8966_31f2826980e7] Successfully synced group in generation Generation{generationId=1, memberId='consumer-Consumer-topic-7512860b_7c66_46d1_8966_31f2826980e7-32-547adc79-e1d9-4718-b7ec-0c93942e31dd', protocol='range'}
2025-07-31 02:24:38,733 INFO  [org.apa.kaf.cli.con.int.ConsumerCoordinator] (Thread-374) [Consumer clientId=consumer-Consumer-topic-7512860b_7c66_46d1_8966_31f2826980e7-32, groupId=Consumer-topic-7512860b_7c66_46d1_8966_31f2826980e7] Notifying assignor about the new Assignment(partitions=[topic-7512860b_7c66_46d1_8966_31f2826980e7-0])
2025-07-31 02:24:38,734 INFO  [org.apa.kaf.cli.con.int.ConsumerRebalanceListenerInvoker] (Thread-374) [Consumer clientId=consumer-Consumer-topic-7512860b_7c66_46d1_8966_31f2826980e7-32, groupId=Consumer-topic-7512860b_7c66_46d1_8966_31f2826980e7] Adding newly assigned partitions: topic-7512860b_7c66_46d1_8966_31f2826980e7-0
2025-07-31 02:24:38,735 INFO  [org.apa.kaf.cli.con.int.ConsumerCoordinator] (Thread-374) [Consumer clientId=consumer-Consumer-topic-7512860b_7c66_46d1_8966_31f2826980e7-32, groupId=Consumer-topic-7512860b_7c66_46d1_8966_31f2826980e7] Found no committed offset for partition topic-7512860b_7c66_46d1_8966_31f2826980e7-0
2025-07-31 02:24:38,739 INFO  [org.apa.kaf.cli.con.int.SubscriptionState] (Thread-374) [Consumer clientId=consumer-Consumer-topic-7512860b_7c66_46d1_8966_31f2826980e7-32, groupId=Consumer-topic-7512860b_7c66_46d1_8966_31f2826980e7] Resetting offset for partition topic-7512860b_7c66_46d1_8966_31f2826980e7-0 to position FetchPosition{offset=0, offsetEpoch=Optional.empty, currentLeader=LeaderAndEpoch{leader=Optional[localhost:32770 (id: 0 rack: null)], epoch=0}}.
2025-07-31 02:24:38,818 INFO  [io.api.tes.ser.api.KafkaSerdesTester] (Thread-374) topic-7512860b_7c66_46d1_8966_31f2826980e7 0 0 {"key1": "value-0"}
2025-07-31 02:24:38,818 INFO  [io.api.tes.ser.api.KafkaSerdesTester] (Thread-374) topic-7512860b_7c66_46d1_8966_31f2826980e7 0 1 {"key1": "value-1"}
2025-07-31 02:24:38,818 INFO  [io.api.tes.ser.api.KafkaSerdesTester] (Thread-374) topic-7512860b_7c66_46d1_8966_31f2826980e7 0 2 {"key1": "value-2"}
2025-07-31 02:24:38,818 INFO  [io.api.tes.ser.api.KafkaSerdesTester] (Thread-374) topic-7512860b_7c66_46d1_8966_31f2826980e7 0 3 {"key1": "value-3"}
2025-07-31 02:24:38,819 INFO  [io.api.tes.ser.api.KafkaSerdesTester] (Thread-374) topic-7512860b_7c66_46d1_8966_31f2826980e7 0 4 {"key1": "value-4"}
2025-07-31 02:24:38,819 INFO  [io.api.tes.ser.api.KafkaSerdesTester] (Thread-374) topic-7512860b_7c66_46d1_8966_31f2826980e7 0 5 {"key1": "value-5"}
2025-07-31 02:24:38,819 INFO  [io.api.tes.ser.api.KafkaSerdesTester] (Thread-374) topic-7512860b_7c66_46d1_8966_31f2826980e7 0 6 {"key1": "value-6"}
2025-07-31 02:24:38,819 INFO  [io.api.tes.ser.api.KafkaSerdesTester] (Thread-374) topic-7512860b_7c66_46d1_8966_31f2826980e7 0 7 {"key1": "value-7"}
2025-07-31 02:24:38,819 INFO  [io.api.tes.ser.api.KafkaSerdesTester] (Thread-374) topic-7512860b_7c66_46d1_8966_31f2826980e7 0 8 {"key1": "value-8"}
2025-07-31 02:24:38,819 INFO  [io.api.tes.ser.api.KafkaSerdesTester] (Thread-374) topic-7512860b_7c66_46d1_8966_31f2826980e7 0 9 {"key1": "value-9"}
2025-07-31 02:24:38,819 INFO  [io.api.tes.ser.api.KafkaSerdesTester] (Thread-374) Consumed 10 messages
2025-07-31 02:24:38,821 INFO  [org.apa.kaf.cli.con.int.ConsumerRebalanceListenerInvoker] (Thread-374) [Consumer clientId=consumer-Consumer-topic-7512860b_7c66_46d1_8966_31f2826980e7-32, groupId=Consumer-topic-7512860b_7c66_46d1_8966_31f2826980e7] Revoke previously assigned partitions topic-7512860b_7c66_46d1_8966_31f2826980e7-0
2025-07-31 02:24:38,821 INFO  [org.apa.kaf.cli.con.int.ConsumerCoordinator] (Thread-374) [Consumer clientId=consumer-Consumer-topic-7512860b_7c66_46d1_8966_31f2826980e7-32, groupId=Consumer-topic-7512860b_7c66_46d1_8966_31f2826980e7] Member consumer-Consumer-topic-7512860b_7c66_46d1_8966_31f2826980e7-32-547adc79-e1d9-4718-b7ec-0c93942e31dd sending LeaveGroup request to coordinator localhost:32770 (id: 2147483647 rack: null) due to the consumer is being closed
2025-07-31 02:24:38,821 INFO  [org.apa.kaf.cli.con.int.ConsumerCoordinator] (Thread-374) [Consumer clientId=consumer-Consumer-topic-7512860b_7c66_46d1_8966_31f2826980e7-32, groupId=Consumer-topic-7512860b_7c66_46d1_8966_31f2826980e7] Resetting generation and member id due to: consumer pro-actively leaving the group
2025-07-31 02:24:38,821 INFO  [org.apa.kaf.cli.con.int.ConsumerCoordinator] (Thread-374) [Consumer clientId=consumer-Consumer-topic-7512860b_7c66_46d1_8966_31f2826980e7-32, groupId=Consumer-topic-7512860b_7c66_46d1_8966_31f2826980e7] Request joining group due to: consumer pro-actively leaving the group
2025-07-31 02:24:39,323 INFO  [org.apa.kaf.com.met.Metrics] (Thread-374) Metrics scheduler closed
2025-07-31 02:24:39,323 INFO  [org.apa.kaf.com.met.Metrics] (Thread-374) Closing reporter org.apache.kafka.common.metrics.JmxReporter
2025-07-31 02:24:39,323 INFO  [org.apa.kaf.com.met.Metrics] (Thread-374) Closing reporter org.apache.kafka.common.telemetry.internals.ClientTelemetryReporter
2025-07-31 02:24:39,323 INFO  [org.apa.kaf.com.met.Metrics] (Thread-374) Metrics reporters closed
2025-07-31 02:24:39,325 INFO  [org.apa.kaf.com.uti.AppInfoParser] (Thread-374) App info kafka.consumer for consumer-Consumer-topic-7512860b_7c66_46d1_8966_31f2826980e7-32 unregistered
2025-07-31 02:24:39,327 INFO  [org.apa.kaf.cli.con.int.ClassicKafkaConsumer] (Thread-375) [Consumer clientId=consumer-Consumer-topic-3a622cd6_4883_4a78_b1a8_6bd73a103913-33, groupId=Consumer-topic-3a622cd6_4883_4a78_b1a8_6bd73a103913] Subscribed to topic(s): topic-3a622cd6_4883_4a78_b1a8_6bd73a103913
2025-07-31 02:24:39,332 INFO  [org.apa.kaf.cli.Metadata] (Thread-375) [Consumer clientId=consumer-Consumer-topic-3a622cd6_4883_4a78_b1a8_6bd73a103913-33, groupId=Consumer-topic-3a622cd6_4883_4a78_b1a8_6bd73a103913] Cluster ID: EeXQRaomRg6j_8npZiTrIA
2025-07-31 02:24:39,333 INFO  [org.apa.kaf.cli.con.int.ConsumerCoordinator] (Thread-375) [Consumer clientId=consumer-Consumer-topic-3a622cd6_4883_4a78_b1a8_6bd73a103913-33, groupId=Consumer-topic-3a622cd6_4883_4a78_b1a8_6bd73a103913] Discovered group coordinator localhost:32770 (id: 2147483647 rack: null)
2025-07-31 02:24:39,335 INFO  [org.apa.kaf.cli.con.int.ConsumerCoordinator] (Thread-375) [Consumer clientId=consumer-Consumer-topic-3a622cd6_4883_4a78_b1a8_6bd73a103913-33, groupId=Consumer-topic-3a622cd6_4883_4a78_b1a8_6bd73a103913] (Re-)joining group
2025-07-31 02:24:39,337 INFO  [org.apa.kaf.cli.con.int.ConsumerCoordinator] (Thread-375) [Consumer clientId=consumer-Consumer-topic-3a622cd6_4883_4a78_b1a8_6bd73a103913-33, groupId=Consumer-topic-3a622cd6_4883_4a78_b1a8_6bd73a103913] Request joining group due to: need to re-join with the given member-id: consumer-Consumer-topic-3a622cd6_4883_4a78_b1a8_6bd73a103913-33-6d9090e4-cded-43bb-abc4-8698cf705899
2025-07-31 02:24:39,337 INFO  [org.apa.kaf.cli.con.int.ConsumerCoordinator] (Thread-375) [Consumer clientId=consumer-Consumer-topic-3a622cd6_4883_4a78_b1a8_6bd73a103913-33, groupId=Consumer-topic-3a622cd6_4883_4a78_b1a8_6bd73a103913] (Re-)joining group
2025-07-31 02:24:39,338 INFO  [org.apa.kaf.cli.con.int.ConsumerCoordinator] (Thread-375) [Consumer clientId=consumer-Consumer-topic-3a622cd6_4883_4a78_b1a8_6bd73a103913-33, groupId=Consumer-topic-3a622cd6_4883_4a78_b1a8_6bd73a103913] Successfully joined group with generation Generation{generationId=1, memberId='consumer-Consumer-topic-3a622cd6_4883_4a78_b1a8_6bd73a103913-33-6d9090e4-cded-43bb-abc4-8698cf705899', protocol='range'}
2025-07-31 02:24:39,338 INFO  [org.apa.kaf.cli.con.int.ConsumerCoordinator] (Thread-375) [Consumer clientId=consumer-Consumer-topic-3a622cd6_4883_4a78_b1a8_6bd73a103913-33, groupId=Consumer-topic-3a622cd6_4883_4a78_b1a8_6bd73a103913] Finished assignment for group at generation 1: {consumer-Consumer-topic-3a622cd6_4883_4a78_b1a8_6bd73a103913-33-6d9090e4-cded-43bb-abc4-8698cf705899=Assignment(partitions=[topic-3a622cd6_4883_4a78_b1a8_6bd73a103913-0])}
2025-07-31 02:24:39,340 INFO  [org.apa.kaf.cli.con.int.ConsumerCoordinator] (Thread-375) [Consumer clientId=consumer-Consumer-topic-3a622cd6_4883_4a78_b1a8_6bd73a103913-33, groupId=Consumer-topic-3a622cd6_4883_4a78_b1a8_6bd73a103913] Successfully synced group in generation Generation{generationId=1, memberId='consumer-Consumer-topic-3a622cd6_4883_4a78_b1a8_6bd73a103913-33-6d9090e4-cded-43bb-abc4-8698cf705899', protocol='range'}
2025-07-31 02:24:39,340 INFO  [org.apa.kaf.cli.con.int.ConsumerCoordinator] (Thread-375) [Consumer clientId=consumer-Consumer-topic-3a622cd6_4883_4a78_b1a8_6bd73a103913-33, groupId=Consumer-topic-3a622cd6_4883_4a78_b1a8_6bd73a103913] Notifying assignor about the new Assignment(partitions=[topic-3a622cd6_4883_4a78_b1a8_6bd73a103913-0])
2025-07-31 02:24:39,340 INFO  [org.apa.kaf.cli.con.int.ConsumerRebalanceListenerInvoker] (Thread-375) [Consumer clientId=consumer-Consumer-topic-3a622cd6_4883_4a78_b1a8_6bd73a103913-33, groupId=Consumer-topic-3a622cd6_4883_4a78_b1a8_6bd73a103913] Adding newly assigned partitions: topic-3a622cd6_4883_4a78_b1a8_6bd73a103913-0
2025-07-31 02:24:39,341 INFO  [org.apa.kaf.cli.con.int.ConsumerCoordinator] (Thread-375) [Consumer clientId=consumer-Consumer-topic-3a622cd6_4883_4a78_b1a8_6bd73a103913-33, groupId=Consumer-topic-3a622cd6_4883_4a78_b1a8_6bd73a103913] Found no committed offset for partition topic-3a622cd6_4883_4a78_b1a8_6bd73a103913-0
2025-07-31 02:24:39,344 INFO  [org.apa.kaf.cli.con.int.SubscriptionState] (Thread-375) [Consumer clientId=consumer-Consumer-topic-3a622cd6_4883_4a78_b1a8_6bd73a103913-33, groupId=Consumer-topic-3a622cd6_4883_4a78_b1a8_6bd73a103913] Resetting offset for partition topic-3a622cd6_4883_4a78_b1a8_6bd73a103913-0 to position FetchPosition{offset=0, offsetEpoch=Optional.empty, currentLeader=LeaderAndEpoch{leader=Optional[localhost:32770 (id: 0 rack: null)], epoch=0}}.
2025-07-31 02:24:39,423 INFO  [io.api.tes.ser.api.KafkaSerdesTester] (Thread-375) topic-3a622cd6_4883_4a78_b1a8_6bd73a103913 0 0 {"key1": "value-0"}
2025-07-31 02:24:39,423 INFO  [io.api.tes.ser.api.KafkaSerdesTester] (Thread-375) topic-3a622cd6_4883_4a78_b1a8_6bd73a103913 0 1 {"key1": "value-1"}
2025-07-31 02:24:39,424 INFO  [io.api.tes.ser.api.KafkaSerdesTester] (Thread-375) topic-3a622cd6_4883_4a78_b1a8_6bd73a103913 0 2 {"key1": "value-2"}
2025-07-31 02:24:39,424 INFO  [io.api.tes.ser.api.KafkaSerdesTester] (Thread-375) topic-3a622cd6_4883_4a78_b1a8_6bd73a103913 0 3 {"key1": "value-3"}
2025-07-31 02:24:39,424 INFO  [io.api.tes.ser.api.KafkaSerdesTester] (Thread-375) topic-3a622cd6_4883_4a78_b1a8_6bd73a103913 0 4 {"key1": "value-4"}
2025-07-31 02:24:39,424 INFO  [io.api.tes.ser.api.KafkaSerdesTester] (Thread-375) topic-3a622cd6_4883_4a78_b1a8_6bd73a103913 0 5 {"key1": "value-5"}
2025-07-31 02:24:39,424 INFO  [io.api.tes.ser.api.KafkaSerdesTester] (Thread-375) topic-3a622cd6_4883_4a78_b1a8_6bd73a103913 0 6 {"key1": "value-6"}
2025-07-31 02:24:39,424 INFO  [io.api.tes.ser.api.KafkaSerdesTester] (Thread-375) topic-3a622cd6_4883_4a78_b1a8_6bd73a103913 0 7 {"key1": "value-7"}
2025-07-31 02:24:39,424 INFO  [io.api.tes.ser.api.KafkaSerdesTester] (Thread-375) topic-3a622cd6_4883_4a78_b1a8_6bd73a103913 0 8 {"key1": "value-8"}
2025-07-31 02:24:39,424 INFO  [io.api.tes.ser.api.KafkaSerdesTester] (Thread-375) topic-3a622cd6_4883_4a78_b1a8_6bd73a103913 0 9 {"key1": "value-9"}
2025-07-31 02:24:39,424 INFO  [io.api.tes.ser.api.KafkaSerdesTester] (Thread-375) Consumed 10 messages
2025-07-31 02:24:39,426 INFO  [org.apa.kaf.cli.con.int.ConsumerRebalanceListenerInvoker] (Thread-375) [Consumer clientId=consumer-Consumer-topic-3a622cd6_4883_4a78_b1a8_6bd73a103913-33, groupId=Consumer-topic-3a622cd6_4883_4a78_b1a8_6bd73a103913] Revoke previously assigned partitions topic-3a622cd6_4883_4a78_b1a8_6bd73a103913-0
2025-07-31 02:24:39,426 INFO  [org.apa.kaf.cli.con.int.ConsumerCoordinator] (Thread-375) [Consumer clientId=consumer-Consumer-topic-3a622cd6_4883_4a78_b1a8_6bd73a103913-33, groupId=Consumer-topic-3a622cd6_4883_4a78_b1a8_6bd73a103913] Member consumer-Consumer-topic-3a622cd6_4883_4a78_b1a8_6bd73a103913-33-6d9090e4-cded-43bb-abc4-8698cf705899 sending LeaveGroup request to coordinator localhost:32770 (id: 2147483647 rack: null) due to the consumer is being closed
2025-07-31 02:24:39,426 INFO  [org.apa.kaf.cli.con.int.ConsumerCoordinator] (Thread-375) [Consumer clientId=consumer-Consumer-topic-3a622cd6_4883_4a78_b1a8_6bd73a103913-33, groupId=Consumer-topic-3a622cd6_4883_4a78_b1a8_6bd73a103913] Resetting generation and member id due to: consumer pro-actively leaving the group
2025-07-31 02:24:39,426 INFO  [org.apa.kaf.cli.con.int.ConsumerCoordinator] (Thread-375) [Consumer clientId=consumer-Consumer-topic-3a622cd6_4883_4a78_b1a8_6bd73a103913-33, groupId=Consumer-topic-3a622cd6_4883_4a78_b1a8_6bd73a103913] Request joining group due to: consumer pro-actively leaving the group
2025-07-31 02:24:39,927 INFO  [org.apa.kaf.com.met.Metrics] (Thread-375) Metrics scheduler closed
2025-07-31 02:24:39,927 INFO  [org.apa.kaf.com.met.Metrics] (Thread-375) Closing reporter org.apache.kafka.common.metrics.JmxReporter
2025-07-31 02:24:39,927 INFO  [org.apa.kaf.com.met.Metrics] (Thread-375) Closing reporter org.apache.kafka.common.telemetry.internals.ClientTelemetryReporter
2025-07-31 02:24:39,927 INFO  [org.apa.kaf.com.met.Metrics] (Thread-375) Metrics reporters closed
2025-07-31 02:24:39,929 INFO  [org.apa.kaf.com.uti.AppInfoParser] (Thread-375) App info kafka.consumer for consumer-Consumer-topic-3a622cd6_4883_4a78_b1a8_6bd73a103913-33 unregistered
2025-07-31 02:24:39,984 INFO  [io.api.tes.ser.con.BasicConfluentSerDesIT] (main) Deleting confluent schema myrecordconfluent6
2025-07-31 02:24:40,017 INFO  [io.api.tes.uti.TestSeparator] (main) io.apicurio.tests.serdes.confluent.BasicConfluentSerDesIT.testAvroConfluentForMultipleTopics-FINISHED
2025-07-31 02:24:40,017 INFO  [io.api.tes.uti.TestSeparator] (main) ############################################################################
]]></system-out>
  </testcase>
  <testcase name="testAvroConfluentApicurio" classname="io.apicurio.tests.serdes.confluent.BasicConfluentSerDesIT" time="0.905">
    <system-out><![CDATA[2025-07-31 02:24:40,018 INFO  [io.api.tes.uti.TestSeparator] (main) ############################################################################
2025-07-31 02:24:40,019 INFO  [io.api.tes.uti.TestSeparator] (main) io.apicurio.tests.serdes.confluent.BasicConfluentSerDesIT.testAvroConfluentApicurio-STARTED
2025-07-31 02:24:40,107 INFO  [io.api.tes.ser.con.BasicConfluentSerDesIT] (main) Checking that created schema is equal to the get schema
2025-07-31 02:24:40,138 INFO  [io.api.tes.ser.con.BasicConfluentSerDesIT] (main) Created schema with id:57 and name:myrecordconfluent1
2025-07-31 02:24:40,139 INFO  [org.apa.kaf.cli.pro.ProducerConfig] (main) ProducerConfig values: 
	acks = -1
	auto.include.jmx.reporter = true
	batch.size = 16384
	bootstrap.servers = [PLAINTEXT://localhost:32770]
	buffer.memory = 33554432
	client.dns.lookup = use_all_dns_ips
	client.id = Producer-topic-e42ea450_ed58_4df9_85c1_a83945950485
	compression.gzip.level = -1
	compression.lz4.level = 9
	compression.type = none
	compression.zstd.level = 3
	connections.max.idle.ms = 10000
	delivery.timeout.ms = 120000
	enable.idempotence = true
	enable.metrics.push = true
	interceptor.classes = []
	key.serializer = class org.apache.kafka.common.serialization.StringSerializer
	linger.ms = 0
	max.block.ms = 60000
	max.in.flight.requests.per.connection = 5
	max.request.size = 1048576
	metadata.max.age.ms = 300000
	metadata.max.idle.ms = 300000
	metadata.recovery.strategy = none
	metric.reporters = []
	metrics.num.samples = 2
	metrics.recording.level = INFO
	metrics.sample.window.ms = 30000
	partitioner.adaptive.partitioning.enable = true
	partitioner.availability.timeout.ms = 0
	partitioner.class = null
	partitioner.ignore.keys = false
	receive.buffer.bytes = 32768
	reconnect.backoff.max.ms = 1000
	reconnect.backoff.ms = 50
	request.timeout.ms = 5000
	retries = 2147483647
	retry.backoff.max.ms = 1000
	retry.backoff.ms = 100
	sasl.client.callback.handler.class = null
	sasl.jaas.config = null
	sasl.kerberos.kinit.cmd = /usr/bin/kinit
	sasl.kerberos.min.time.before.relogin = 60000
	sasl.kerberos.service.name = null
	sasl.kerberos.ticket.renew.jitter = 0.05
	sasl.kerberos.ticket.renew.window.factor = 0.8
	sasl.login.callback.handler.class = null
	sasl.login.class = null
	sasl.login.connect.timeout.ms = null
	sasl.login.read.timeout.ms = null
	sasl.login.refresh.buffer.seconds = 300
	sasl.login.refresh.min.period.seconds = 60
	sasl.login.refresh.window.factor = 0.8
	sasl.login.refresh.window.jitter = 0.05
	sasl.login.retry.backoff.max.ms = 10000
	sasl.login.retry.backoff.ms = 100
	sasl.mechanism = GSSAPI
	sasl.oauthbearer.clock.skew.seconds = 30
	sasl.oauthbearer.expected.audience = null
	sasl.oauthbearer.expected.issuer = null
	sasl.oauthbearer.header.urlencode = false
	sasl.oauthbearer.jwks.endpoint.refresh.ms = 3600000
	sasl.oauthbearer.jwks.endpoint.retry.backoff.max.ms = 10000
	sasl.oauthbearer.jwks.endpoint.retry.backoff.ms = 100
	sasl.oauthbearer.jwks.endpoint.url = null
	sasl.oauthbearer.scope.claim.name = scope
	sasl.oauthbearer.sub.claim.name = sub
	sasl.oauthbearer.token.endpoint.url = null
	security.protocol = PLAINTEXT
	security.providers = null
	send.buffer.bytes = 131072
	socket.connection.setup.timeout.max.ms = 30000
	socket.connection.setup.timeout.ms = 10000
	ssl.cipher.suites = null
	ssl.enabled.protocols = [TLSv1.2, TLSv1.3]
	ssl.endpoint.identification.algorithm = https
	ssl.engine.factory.class = null
	ssl.key.password = null
	ssl.keymanager.algorithm = SunX509
	ssl.keystore.certificate.chain = null
	ssl.keystore.key = null
	ssl.keystore.location = null
	ssl.keystore.password = null
	ssl.keystore.type = JKS
	ssl.protocol = TLSv1.3
	ssl.provider = null
	ssl.secure.random.implementation = null
	ssl.trustmanager.algorithm = PKIX
	ssl.truststore.certificates = null
	ssl.truststore.location = null
	ssl.truststore.password = null
	ssl.truststore.type = JKS
	transaction.timeout.ms = 60000
	transactional.id = null
	value.serializer = class io.confluent.kafka.serializers.KafkaAvroSerializer

2025-07-31 02:24:40,140 INFO  [org.apa.kaf.com.tel.int.KafkaMetricsCollector] (main) initializing Kafka metrics collector
2025-07-31 02:24:40,140 INFO  [io.con.kaf.ser.KafkaAvroSerializerConfig] (main) KafkaAvroSerializerConfig values: 
	auto.register.schemas = false
	avro.reflection.allow.null = false
	avro.remove.java.properties = false
	avro.use.logical.type.converters = false
	basic.auth.credentials.source = URL
	basic.auth.user.info = [hidden]
	bearer.auth.cache.expiry.buffer.seconds = 300
	bearer.auth.client.id = null
	bearer.auth.client.secret = null
	bearer.auth.credentials.source = STATIC_TOKEN
	bearer.auth.custom.provider.class = null
	bearer.auth.identity.pool.id = null
	bearer.auth.issuer.endpoint.url = null
	bearer.auth.logical.cluster = null
	bearer.auth.scope = null
	bearer.auth.scope.claim.name = scope
	bearer.auth.sub.claim.name = sub
	bearer.auth.token = [hidden]
	context.name.strategy = class io.confluent.kafka.serializers.context.NullContextNameStrategy
	http.connect.timeout.ms = 60000
	http.read.timeout.ms = 60000
	id.compatibility.strict = true
	key.subject.name.strategy = class io.confluent.kafka.serializers.subject.TopicNameStrategy
	latest.cache.size = 1000
	latest.cache.ttl.sec = -1
	latest.compatibility.strict = true
	max.retries = 3
	max.schemas.per.subject = 1000
	normalize.schemas = false
	propagate.schema.tags = false
	proxy.host = 
	proxy.port = -1
	retries.max.wait.ms = 20000
	retries.wait.ms = 1000
	rule.actions = []
	rule.executors = []
	rule.service.loader.enable = true
	schema.format = null
	schema.reflection = false
	schema.registry.basic.auth.user.info = [hidden]
	schema.registry.ssl.cipher.suites = null
	schema.registry.ssl.enabled.protocols = [TLSv1.2, TLSv1.3]
	schema.registry.ssl.endpoint.identification.algorithm = https
	schema.registry.ssl.engine.factory.class = null
	schema.registry.ssl.key.password = null
	schema.registry.ssl.keymanager.algorithm = SunX509
	schema.registry.ssl.keystore.certificate.chain = null
	schema.registry.ssl.keystore.key = null
	schema.registry.ssl.keystore.location = null
	schema.registry.ssl.keystore.password = null
	schema.registry.ssl.keystore.type = JKS
	schema.registry.ssl.protocol = TLSv1.3
	schema.registry.ssl.provider = null
	schema.registry.ssl.secure.random.implementation = null
	schema.registry.ssl.trustmanager.algorithm = PKIX
	schema.registry.ssl.truststore.certificates = null
	schema.registry.ssl.truststore.location = null
	schema.registry.ssl.truststore.password = null
	schema.registry.ssl.truststore.type = JKS
	schema.registry.url = [http://registry-app-mysql.apps.ci419.apicurio-testing.org:80/apis/ccompat/v7]
	use.latest.version = false
	use.latest.with.metadata = null
	use.schema.id = -1
	value.subject.name.strategy = class io.confluent.kafka.serializers.subject.TopicNameStrategy

2025-07-31 02:24:40,142 INFO  [org.apa.kaf.cli.pro.KafkaProducer] (main) [Producer clientId=Producer-topic-e42ea450_ed58_4df9_85c1_a83945950485] Instantiated an idempotent producer.
2025-07-31 02:24:40,144 INFO  [org.apa.kaf.cli.pro.ProducerConfig] (main) These configurations '[schema.registry.url, auto.register.schemas, value.subject.name.strategy]' were supplied but are not used yet.
2025-07-31 02:24:40,144 INFO  [org.apa.kaf.com.uti.AppInfoParser] (main) Kafka version: 3.9.0
2025-07-31 02:24:40,144 INFO  [org.apa.kaf.com.uti.AppInfoParser] (main) Kafka commitId: 84caaa6e9da06435
2025-07-31 02:24:40,144 INFO  [org.apa.kaf.com.uti.AppInfoParser] (main) Kafka startTimeMs: 1753928680144
2025-07-31 02:24:40,144 INFO  [io.api.tes.ser.api.SimpleSerdesTesterBuilder$SimpleSerdesTester] (main) Using producer configuration: {schema.registry.url=http://registry-app-mysql.apps.ci419.apicurio-testing.org:80/apis/ccompat/v7, value.serializer=io.confluent.kafka.serializers.KafkaAvroSerializer, request.timeout.ms=5000, auto.register.schemas=false, acks=all, bootstrap.servers=PLAINTEXT://localhost:32770, connections.max.idle.ms=10000, key.serializer=org.apache.kafka.common.serialization.StringSerializer, value.subject.name.strategy=io.confluent.kafka.serializers.subject.TopicNameStrategy, client.id=Producer-topic-e42ea450_ed58_4df9_85c1_a83945950485}
2025-07-31 02:24:40,144 INFO  [io.api.tes.ser.api.SimpleSerdesTesterBuilder$SimpleSerdesTester] (main) Using consumer configuration: {}
2025-07-31 02:24:40,146 INFO  [io.api.tes.ser.api.KafkaSerdesTester] (Thread-376) Sending message {"key1": "value-0"} to topic topic-e42ea450_ed58_4df9_85c1_a83945950485
2025-07-31 02:24:40,153 INFO  [org.apa.kaf.cli.Metadata] (kafka-producer-network-thread | Producer-topic-e42ea450_ed58_4df9_85c1_a83945950485) [Producer clientId=Producer-topic-e42ea450_ed58_4df9_85c1_a83945950485] Cluster ID: EeXQRaomRg6j_8npZiTrIA
2025-07-31 02:24:40,153 INFO  [org.apa.kaf.cli.pro.int.TransactionManager] (kafka-producer-network-thread | Producer-topic-e42ea450_ed58_4df9_85c1_a83945950485) [Producer clientId=Producer-topic-e42ea450_ed58_4df9_85c1_a83945950485] ProducerId set to 46 with epoch 0
2025-07-31 02:24:40,196 INFO  [io.api.tes.ser.api.KafkaSerdesTester] (Thread-376) Sending message {"key1": "value-1"} to topic topic-e42ea450_ed58_4df9_85c1_a83945950485
2025-07-31 02:24:40,198 INFO  [io.api.tes.ser.api.KafkaSerdesTester] (Thread-376) Sending message {"key1": "value-2"} to topic topic-e42ea450_ed58_4df9_85c1_a83945950485
2025-07-31 02:24:40,199 INFO  [io.api.tes.ser.api.KafkaSerdesTester] (Thread-376) Sending message {"key1": "value-3"} to topic topic-e42ea450_ed58_4df9_85c1_a83945950485
2025-07-31 02:24:40,201 INFO  [io.api.tes.ser.api.KafkaSerdesTester] (Thread-376) Sending message {"key1": "value-4"} to topic topic-e42ea450_ed58_4df9_85c1_a83945950485
2025-07-31 02:24:40,202 INFO  [io.api.tes.ser.api.KafkaSerdesTester] (Thread-376) Sending message {"key1": "value-5"} to topic topic-e42ea450_ed58_4df9_85c1_a83945950485
2025-07-31 02:24:40,203 INFO  [io.api.tes.ser.api.KafkaSerdesTester] (Thread-376) Sending message {"key1": "value-6"} to topic topic-e42ea450_ed58_4df9_85c1_a83945950485
2025-07-31 02:24:40,204 INFO  [io.api.tes.ser.api.KafkaSerdesTester] (Thread-376) Sending message {"key1": "value-7"} to topic topic-e42ea450_ed58_4df9_85c1_a83945950485
2025-07-31 02:24:40,205 INFO  [io.api.tes.ser.api.KafkaSerdesTester] (Thread-376) Sending message {"key1": "value-8"} to topic topic-e42ea450_ed58_4df9_85c1_a83945950485
2025-07-31 02:24:40,206 INFO  [io.api.tes.ser.api.KafkaSerdesTester] (Thread-376) Sending message {"key1": "value-9"} to topic topic-e42ea450_ed58_4df9_85c1_a83945950485
2025-07-31 02:24:40,207 INFO  [io.api.tes.ser.api.KafkaSerdesTester] (Thread-376) Produced 10 messages
2025-07-31 02:24:40,207 INFO  [org.apa.kaf.cli.pro.KafkaProducer] (Thread-376) [Producer clientId=Producer-topic-e42ea450_ed58_4df9_85c1_a83945950485] Closing the Kafka producer with timeoutMillis = 9223372036854775807 ms.
2025-07-31 02:24:40,208 INFO  [org.apa.kaf.com.met.Metrics] (Thread-376) Metrics scheduler closed
2025-07-31 02:24:40,208 INFO  [org.apa.kaf.com.met.Metrics] (Thread-376) Closing reporter org.apache.kafka.common.metrics.JmxReporter
2025-07-31 02:24:40,208 INFO  [org.apa.kaf.com.met.Metrics] (Thread-376) Closing reporter org.apache.kafka.common.telemetry.internals.ClientTelemetryReporter
2025-07-31 02:24:40,208 INFO  [org.apa.kaf.com.met.Metrics] (Thread-376) Metrics reporters closed
2025-07-31 02:24:40,208 INFO  [org.apa.kaf.com.uti.AppInfoParser] (Thread-376) App info kafka.producer for Producer-topic-e42ea450_ed58_4df9_85c1_a83945950485 unregistered
2025-07-31 02:24:40,209 INFO  [org.apa.kaf.cli.con.ConsumerConfig] (main) ConsumerConfig values: 
	allow.auto.create.topics = true
	auto.commit.interval.ms = 500
	auto.include.jmx.reporter = true
	auto.offset.reset = earliest
	bootstrap.servers = [PLAINTEXT://localhost:32770]
	check.crcs = true
	client.dns.lookup = use_all_dns_ips
	client.id = consumer-Consumer-topic-e42ea450_ed58_4df9_85c1_a83945950485-34
	client.rack = 
	connections.max.idle.ms = 10000
	default.api.timeout.ms = 60000
	enable.auto.commit = true
	enable.metrics.push = true
	exclude.internal.topics = true
	fetch.max.bytes = 52428800
	fetch.max.wait.ms = 500
	fetch.min.bytes = 1
	group.id = Consumer-topic-e42ea450_ed58_4df9_85c1_a83945950485
	group.instance.id = null
	group.protocol = classic
	group.remote.assignor = null
	heartbeat.interval.ms = 3000
	interceptor.classes = []
	internal.leave.group.on.close = true
	internal.throw.on.fetch.stable.offset.unsupported = false
	isolation.level = read_uncommitted
	key.deserializer = class org.apache.kafka.common.serialization.StringDeserializer
	max.partition.fetch.bytes = 1048576
	max.poll.interval.ms = 300000
	max.poll.records = 500
	metadata.max.age.ms = 300000
	metadata.recovery.strategy = none
	metric.reporters = []
	metrics.num.samples = 2
	metrics.recording.level = INFO
	metrics.sample.window.ms = 30000
	partition.assignment.strategy = [class org.apache.kafka.clients.consumer.RangeAssignor, class org.apache.kafka.clients.consumer.CooperativeStickyAssignor]
	receive.buffer.bytes = 65536
	reconnect.backoff.max.ms = 1000
	reconnect.backoff.ms = 50
	request.timeout.ms = 5000
	retry.backoff.max.ms = 1000
	retry.backoff.ms = 100
	sasl.client.callback.handler.class = null
	sasl.jaas.config = null
	sasl.kerberos.kinit.cmd = /usr/bin/kinit
	sasl.kerberos.min.time.before.relogin = 60000
	sasl.kerberos.service.name = null
	sasl.kerberos.ticket.renew.jitter = 0.05
	sasl.kerberos.ticket.renew.window.factor = 0.8
	sasl.login.callback.handler.class = null
	sasl.login.class = null
	sasl.login.connect.timeout.ms = null
	sasl.login.read.timeout.ms = null
	sasl.login.refresh.buffer.seconds = 300
	sasl.login.refresh.min.period.seconds = 60
	sasl.login.refresh.window.factor = 0.8
	sasl.login.refresh.window.jitter = 0.05
	sasl.login.retry.backoff.max.ms = 10000
	sasl.login.retry.backoff.ms = 100
	sasl.mechanism = GSSAPI
	sasl.oauthbearer.clock.skew.seconds = 30
	sasl.oauthbearer.expected.audience = null
	sasl.oauthbearer.expected.issuer = null
	sasl.oauthbearer.header.urlencode = false
	sasl.oauthbearer.jwks.endpoint.refresh.ms = 3600000
	sasl.oauthbearer.jwks.endpoint.retry.backoff.max.ms = 10000
	sasl.oauthbearer.jwks.endpoint.retry.backoff.ms = 100
	sasl.oauthbearer.jwks.endpoint.url = null
	sasl.oauthbearer.scope.claim.name = scope
	sasl.oauthbearer.sub.claim.name = sub
	sasl.oauthbearer.token.endpoint.url = null
	security.protocol = PLAINTEXT
	security.providers = null
	send.buffer.bytes = 131072
	session.timeout.ms = 45000
	socket.connection.setup.timeout.max.ms = 30000
	socket.connection.setup.timeout.ms = 10000
	ssl.cipher.suites = null
	ssl.enabled.protocols = [TLSv1.2, TLSv1.3]
	ssl.endpoint.identification.algorithm = https
	ssl.engine.factory.class = null
	ssl.key.password = null
	ssl.keymanager.algorithm = SunX509
	ssl.keystore.certificate.chain = null
	ssl.keystore.key = null
	ssl.keystore.location = null
	ssl.keystore.password = null
	ssl.keystore.type = JKS
	ssl.protocol = TLSv1.3
	ssl.provider = null
	ssl.secure.random.implementation = null
	ssl.trustmanager.algorithm = PKIX
	ssl.truststore.certificates = null
	ssl.truststore.location = null
	ssl.truststore.password = null
	ssl.truststore.type = JKS
	value.deserializer = class io.apicurio.registry.serde.avro.AvroKafkaDeserializer

2025-07-31 02:24:40,209 INFO  [org.apa.kaf.com.tel.int.KafkaMetricsCollector] (main) initializing Kafka metrics collector
2025-07-31 02:24:40,217 INFO  [org.apa.kaf.cli.con.ConsumerConfig] (main) These configurations '[apicurio.registry.url]' were supplied but are not used yet.
2025-07-31 02:24:40,218 INFO  [org.apa.kaf.com.uti.AppInfoParser] (main) Kafka version: 3.9.0
2025-07-31 02:24:40,218 INFO  [org.apa.kaf.com.uti.AppInfoParser] (main) Kafka commitId: 84caaa6e9da06435
2025-07-31 02:24:40,218 INFO  [org.apa.kaf.com.uti.AppInfoParser] (main) Kafka startTimeMs: 1753928680218
2025-07-31 02:24:40,218 INFO  [org.apa.kaf.cli.con.int.ClassicKafkaConsumer] (Thread-379) [Consumer clientId=consumer-Consumer-topic-e42ea450_ed58_4df9_85c1_a83945950485-34, groupId=Consumer-topic-e42ea450_ed58_4df9_85c1_a83945950485] Subscribed to topic(s): topic-e42ea450_ed58_4df9_85c1_a83945950485
2025-07-31 02:24:40,225 INFO  [org.apa.kaf.cli.Metadata] (Thread-379) [Consumer clientId=consumer-Consumer-topic-e42ea450_ed58_4df9_85c1_a83945950485-34, groupId=Consumer-topic-e42ea450_ed58_4df9_85c1_a83945950485] Cluster ID: EeXQRaomRg6j_8npZiTrIA
2025-07-31 02:24:40,226 INFO  [org.apa.kaf.cli.con.int.ConsumerCoordinator] (Thread-379) [Consumer clientId=consumer-Consumer-topic-e42ea450_ed58_4df9_85c1_a83945950485-34, groupId=Consumer-topic-e42ea450_ed58_4df9_85c1_a83945950485] Discovered group coordinator localhost:32770 (id: 2147483647 rack: null)
2025-07-31 02:24:40,230 INFO  [org.apa.kaf.cli.con.int.ConsumerCoordinator] (Thread-379) [Consumer clientId=consumer-Consumer-topic-e42ea450_ed58_4df9_85c1_a83945950485-34, groupId=Consumer-topic-e42ea450_ed58_4df9_85c1_a83945950485] (Re-)joining group
2025-07-31 02:24:40,236 INFO  [org.apa.kaf.cli.con.int.ConsumerCoordinator] (Thread-379) [Consumer clientId=consumer-Consumer-topic-e42ea450_ed58_4df9_85c1_a83945950485-34, groupId=Consumer-topic-e42ea450_ed58_4df9_85c1_a83945950485] Request joining group due to: need to re-join with the given member-id: consumer-Consumer-topic-e42ea450_ed58_4df9_85c1_a83945950485-34-df6c5ee1-ddbe-497a-9051-bcf6a9d2db51
2025-07-31 02:24:40,236 INFO  [org.apa.kaf.cli.con.int.ConsumerCoordinator] (Thread-379) [Consumer clientId=consumer-Consumer-topic-e42ea450_ed58_4df9_85c1_a83945950485-34, groupId=Consumer-topic-e42ea450_ed58_4df9_85c1_a83945950485] (Re-)joining group
2025-07-31 02:24:40,242 INFO  [org.apa.kaf.cli.con.int.ConsumerCoordinator] (Thread-379) [Consumer clientId=consumer-Consumer-topic-e42ea450_ed58_4df9_85c1_a83945950485-34, groupId=Consumer-topic-e42ea450_ed58_4df9_85c1_a83945950485] Successfully joined group with generation Generation{generationId=1, memberId='consumer-Consumer-topic-e42ea450_ed58_4df9_85c1_a83945950485-34-df6c5ee1-ddbe-497a-9051-bcf6a9d2db51', protocol='range'}
2025-07-31 02:24:40,242 INFO  [org.apa.kaf.cli.con.int.ConsumerCoordinator] (Thread-379) [Consumer clientId=consumer-Consumer-topic-e42ea450_ed58_4df9_85c1_a83945950485-34, groupId=Consumer-topic-e42ea450_ed58_4df9_85c1_a83945950485] Finished assignment for group at generation 1: {consumer-Consumer-topic-e42ea450_ed58_4df9_85c1_a83945950485-34-df6c5ee1-ddbe-497a-9051-bcf6a9d2db51=Assignment(partitions=[topic-e42ea450_ed58_4df9_85c1_a83945950485-0])}
2025-07-31 02:24:40,244 INFO  [org.apa.kaf.cli.con.int.ConsumerCoordinator] (Thread-379) [Consumer clientId=consumer-Consumer-topic-e42ea450_ed58_4df9_85c1_a83945950485-34, groupId=Consumer-topic-e42ea450_ed58_4df9_85c1_a83945950485] Successfully synced group in generation Generation{generationId=1, memberId='consumer-Consumer-topic-e42ea450_ed58_4df9_85c1_a83945950485-34-df6c5ee1-ddbe-497a-9051-bcf6a9d2db51', protocol='range'}
2025-07-31 02:24:40,245 INFO  [org.apa.kaf.cli.con.int.ConsumerCoordinator] (Thread-379) [Consumer clientId=consumer-Consumer-topic-e42ea450_ed58_4df9_85c1_a83945950485-34, groupId=Consumer-topic-e42ea450_ed58_4df9_85c1_a83945950485] Notifying assignor about the new Assignment(partitions=[topic-e42ea450_ed58_4df9_85c1_a83945950485-0])
2025-07-31 02:24:40,245 INFO  [org.apa.kaf.cli.con.int.ConsumerRebalanceListenerInvoker] (Thread-379) [Consumer clientId=consumer-Consumer-topic-e42ea450_ed58_4df9_85c1_a83945950485-34, groupId=Consumer-topic-e42ea450_ed58_4df9_85c1_a83945950485] Adding newly assigned partitions: topic-e42ea450_ed58_4df9_85c1_a83945950485-0
2025-07-31 02:24:40,246 INFO  [org.apa.kaf.cli.con.int.ConsumerCoordinator] (Thread-379) [Consumer clientId=consumer-Consumer-topic-e42ea450_ed58_4df9_85c1_a83945950485-34, groupId=Consumer-topic-e42ea450_ed58_4df9_85c1_a83945950485] Found no committed offset for partition topic-e42ea450_ed58_4df9_85c1_a83945950485-0
2025-07-31 02:24:40,247 INFO  [org.apa.kaf.cli.con.int.SubscriptionState] (Thread-379) [Consumer clientId=consumer-Consumer-topic-e42ea450_ed58_4df9_85c1_a83945950485-34, groupId=Consumer-topic-e42ea450_ed58_4df9_85c1_a83945950485] Resetting offset for partition topic-e42ea450_ed58_4df9_85c1_a83945950485-0 to position FetchPosition{offset=0, offsetEpoch=Optional.empty, currentLeader=LeaderAndEpoch{leader=Optional[localhost:32770 (id: 0 rack: null)], epoch=0}}.
2025-07-31 02:24:40,330 INFO  [io.api.tes.ser.api.KafkaSerdesTester] (Thread-379) topic-e42ea450_ed58_4df9_85c1_a83945950485 0 0 {"key1": "value-0"}
2025-07-31 02:24:40,330 INFO  [io.api.tes.ser.api.KafkaSerdesTester] (Thread-379) topic-e42ea450_ed58_4df9_85c1_a83945950485 0 1 {"key1": "value-1"}
2025-07-31 02:24:40,330 INFO  [io.api.tes.ser.api.KafkaSerdesTester] (Thread-379) topic-e42ea450_ed58_4df9_85c1_a83945950485 0 2 {"key1": "value-2"}
2025-07-31 02:24:40,330 INFO  [io.api.tes.ser.api.KafkaSerdesTester] (Thread-379) topic-e42ea450_ed58_4df9_85c1_a83945950485 0 3 {"key1": "value-3"}
2025-07-31 02:24:40,330 INFO  [io.api.tes.ser.api.KafkaSerdesTester] (Thread-379) topic-e42ea450_ed58_4df9_85c1_a83945950485 0 4 {"key1": "value-4"}
2025-07-31 02:24:40,330 INFO  [io.api.tes.ser.api.KafkaSerdesTester] (Thread-379) topic-e42ea450_ed58_4df9_85c1_a83945950485 0 5 {"key1": "value-5"}
2025-07-31 02:24:40,330 INFO  [io.api.tes.ser.api.KafkaSerdesTester] (Thread-379) topic-e42ea450_ed58_4df9_85c1_a83945950485 0 6 {"key1": "value-6"}
2025-07-31 02:24:40,330 INFO  [io.api.tes.ser.api.KafkaSerdesTester] (Thread-379) topic-e42ea450_ed58_4df9_85c1_a83945950485 0 7 {"key1": "value-7"}
2025-07-31 02:24:40,330 INFO  [io.api.tes.ser.api.KafkaSerdesTester] (Thread-379) topic-e42ea450_ed58_4df9_85c1_a83945950485 0 8 {"key1": "value-8"}
2025-07-31 02:24:40,330 INFO  [io.api.tes.ser.api.KafkaSerdesTester] (Thread-379) topic-e42ea450_ed58_4df9_85c1_a83945950485 0 9 {"key1": "value-9"}
2025-07-31 02:24:40,330 INFO  [io.api.tes.ser.api.KafkaSerdesTester] (Thread-379) Consumed 10 messages
2025-07-31 02:24:40,334 INFO  [org.apa.kaf.cli.con.int.ConsumerRebalanceListenerInvoker] (Thread-379) [Consumer clientId=consumer-Consumer-topic-e42ea450_ed58_4df9_85c1_a83945950485-34, groupId=Consumer-topic-e42ea450_ed58_4df9_85c1_a83945950485] Revoke previously assigned partitions topic-e42ea450_ed58_4df9_85c1_a83945950485-0
2025-07-31 02:24:40,334 INFO  [org.apa.kaf.cli.con.int.ConsumerCoordinator] (Thread-379) [Consumer clientId=consumer-Consumer-topic-e42ea450_ed58_4df9_85c1_a83945950485-34, groupId=Consumer-topic-e42ea450_ed58_4df9_85c1_a83945950485] Member consumer-Consumer-topic-e42ea450_ed58_4df9_85c1_a83945950485-34-df6c5ee1-ddbe-497a-9051-bcf6a9d2db51 sending LeaveGroup request to coordinator localhost:32770 (id: 2147483647 rack: null) due to the consumer is being closed
2025-07-31 02:24:40,334 INFO  [org.apa.kaf.cli.con.int.ConsumerCoordinator] (Thread-379) [Consumer clientId=consumer-Consumer-topic-e42ea450_ed58_4df9_85c1_a83945950485-34, groupId=Consumer-topic-e42ea450_ed58_4df9_85c1_a83945950485] Resetting generation and member id due to: consumer pro-actively leaving the group
2025-07-31 02:24:40,334 INFO  [org.apa.kaf.cli.con.int.ConsumerCoordinator] (Thread-379) [Consumer clientId=consumer-Consumer-topic-e42ea450_ed58_4df9_85c1_a83945950485-34, groupId=Consumer-topic-e42ea450_ed58_4df9_85c1_a83945950485] Request joining group due to: consumer pro-actively leaving the group
2025-07-31 02:24:40,833 INFO  [org.apa.kaf.com.met.Metrics] (Thread-379) Metrics scheduler closed
2025-07-31 02:24:40,833 INFO  [org.apa.kaf.com.met.Metrics] (Thread-379) Closing reporter org.apache.kafka.common.metrics.JmxReporter
2025-07-31 02:24:40,833 INFO  [org.apa.kaf.com.met.Metrics] (Thread-379) Closing reporter org.apache.kafka.common.telemetry.internals.ClientTelemetryReporter
2025-07-31 02:24:40,833 INFO  [org.apa.kaf.com.met.Metrics] (Thread-379) Metrics reporters closed
2025-07-31 02:24:40,837 INFO  [org.apa.kaf.com.uti.AppInfoParser] (Thread-379) App info kafka.consumer for consumer-Consumer-topic-e42ea450_ed58_4df9_85c1_a83945950485-34 unregistered
2025-07-31 02:24:40,890 INFO  [io.api.tes.ser.con.BasicConfluentSerDesIT] (main) Deleting confluent schema topic-e42ea450_ed58_4df9_85c1_a83945950485-value
2025-07-31 02:24:40,923 INFO  [io.api.tes.uti.TestSeparator] (main) io.apicurio.tests.serdes.confluent.BasicConfluentSerDesIT.testAvroConfluentApicurio-FINISHED
2025-07-31 02:24:40,923 INFO  [io.api.tes.uti.TestSeparator] (main) ############################################################################
]]></system-out>
  </testcase>
  <testcase name="testAvroConfluentSerDesWrongStrategyTopic" classname="io.apicurio.tests.serdes.confluent.BasicConfluentSerDesIT" time="0.261">
    <system-out><![CDATA[2025-07-31 02:24:40,924 INFO  [io.api.tes.uti.TestSeparator] (main) ############################################################################
2025-07-31 02:24:40,924 INFO  [io.api.tes.uti.TestSeparator] (main) io.apicurio.tests.serdes.confluent.BasicConfluentSerDesIT.testAvroConfluentSerDesWrongStrategyTopic-STARTED
2025-07-31 02:24:41,011 INFO  [io.api.tes.ser.con.BasicConfluentSerDesIT] (main) Checking that created schema is equal to the get schema
2025-07-31 02:24:41,042 INFO  [io.api.tes.ser.con.BasicConfluentSerDesIT] (main) Created schema with id:58 and name:myrecordconfluent3
2025-07-31 02:24:41,042 INFO  [org.apa.kaf.cli.pro.ProducerConfig] (main) ProducerConfig values: 
	acks = -1
	auto.include.jmx.reporter = true
	batch.size = 16384
	bootstrap.servers = [PLAINTEXT://localhost:32770]
	buffer.memory = 33554432
	client.dns.lookup = use_all_dns_ips
	client.id = Producer-topic-eb6d3df9_ebe3_4902_a187_f771dbb0492e
	compression.gzip.level = -1
	compression.lz4.level = 9
	compression.type = none
	compression.zstd.level = 3
	connections.max.idle.ms = 10000
	delivery.timeout.ms = 120000
	enable.idempotence = true
	enable.metrics.push = true
	interceptor.classes = []
	key.serializer = class org.apache.kafka.common.serialization.StringSerializer
	linger.ms = 0
	max.block.ms = 60000
	max.in.flight.requests.per.connection = 5
	max.request.size = 1048576
	metadata.max.age.ms = 300000
	metadata.max.idle.ms = 300000
	metadata.recovery.strategy = none
	metric.reporters = []
	metrics.num.samples = 2
	metrics.recording.level = INFO
	metrics.sample.window.ms = 30000
	partitioner.adaptive.partitioning.enable = true
	partitioner.availability.timeout.ms = 0
	partitioner.class = null
	partitioner.ignore.keys = false
	receive.buffer.bytes = 32768
	reconnect.backoff.max.ms = 1000
	reconnect.backoff.ms = 50
	request.timeout.ms = 5000
	retries = 2147483647
	retry.backoff.max.ms = 1000
	retry.backoff.ms = 100
	sasl.client.callback.handler.class = null
	sasl.jaas.config = null
	sasl.kerberos.kinit.cmd = /usr/bin/kinit
	sasl.kerberos.min.time.before.relogin = 60000
	sasl.kerberos.service.name = null
	sasl.kerberos.ticket.renew.jitter = 0.05
	sasl.kerberos.ticket.renew.window.factor = 0.8
	sasl.login.callback.handler.class = null
	sasl.login.class = null
	sasl.login.connect.timeout.ms = null
	sasl.login.read.timeout.ms = null
	sasl.login.refresh.buffer.seconds = 300
	sasl.login.refresh.min.period.seconds = 60
	sasl.login.refresh.window.factor = 0.8
	sasl.login.refresh.window.jitter = 0.05
	sasl.login.retry.backoff.max.ms = 10000
	sasl.login.retry.backoff.ms = 100
	sasl.mechanism = GSSAPI
	sasl.oauthbearer.clock.skew.seconds = 30
	sasl.oauthbearer.expected.audience = null
	sasl.oauthbearer.expected.issuer = null
	sasl.oauthbearer.header.urlencode = false
	sasl.oauthbearer.jwks.endpoint.refresh.ms = 3600000
	sasl.oauthbearer.jwks.endpoint.retry.backoff.max.ms = 10000
	sasl.oauthbearer.jwks.endpoint.retry.backoff.ms = 100
	sasl.oauthbearer.jwks.endpoint.url = null
	sasl.oauthbearer.scope.claim.name = scope
	sasl.oauthbearer.sub.claim.name = sub
	sasl.oauthbearer.token.endpoint.url = null
	security.protocol = PLAINTEXT
	security.providers = null
	send.buffer.bytes = 131072
	socket.connection.setup.timeout.max.ms = 30000
	socket.connection.setup.timeout.ms = 10000
	ssl.cipher.suites = null
	ssl.enabled.protocols = [TLSv1.2, TLSv1.3]
	ssl.endpoint.identification.algorithm = https
	ssl.engine.factory.class = null
	ssl.key.password = null
	ssl.keymanager.algorithm = SunX509
	ssl.keystore.certificate.chain = null
	ssl.keystore.key = null
	ssl.keystore.location = null
	ssl.keystore.password = null
	ssl.keystore.type = JKS
	ssl.protocol = TLSv1.3
	ssl.provider = null
	ssl.secure.random.implementation = null
	ssl.trustmanager.algorithm = PKIX
	ssl.truststore.certificates = null
	ssl.truststore.location = null
	ssl.truststore.password = null
	ssl.truststore.type = JKS
	transaction.timeout.ms = 60000
	transactional.id = null
	value.serializer = class io.confluent.kafka.serializers.KafkaAvroSerializer

2025-07-31 02:24:41,043 INFO  [org.apa.kaf.com.tel.int.KafkaMetricsCollector] (main) initializing Kafka metrics collector
2025-07-31 02:24:41,043 INFO  [io.con.kaf.ser.KafkaAvroSerializerConfig] (main) KafkaAvroSerializerConfig values: 
	auto.register.schemas = false
	avro.reflection.allow.null = false
	avro.remove.java.properties = false
	avro.use.logical.type.converters = false
	basic.auth.credentials.source = URL
	basic.auth.user.info = [hidden]
	bearer.auth.cache.expiry.buffer.seconds = 300
	bearer.auth.client.id = null
	bearer.auth.client.secret = null
	bearer.auth.credentials.source = STATIC_TOKEN
	bearer.auth.custom.provider.class = null
	bearer.auth.identity.pool.id = null
	bearer.auth.issuer.endpoint.url = null
	bearer.auth.logical.cluster = null
	bearer.auth.scope = null
	bearer.auth.scope.claim.name = scope
	bearer.auth.sub.claim.name = sub
	bearer.auth.token = [hidden]
	context.name.strategy = class io.confluent.kafka.serializers.context.NullContextNameStrategy
	http.connect.timeout.ms = 60000
	http.read.timeout.ms = 60000
	id.compatibility.strict = true
	key.subject.name.strategy = class io.confluent.kafka.serializers.subject.TopicNameStrategy
	latest.cache.size = 1000
	latest.cache.ttl.sec = -1
	latest.compatibility.strict = true
	max.retries = 3
	max.schemas.per.subject = 1000
	normalize.schemas = false
	propagate.schema.tags = false
	proxy.host = 
	proxy.port = -1
	retries.max.wait.ms = 20000
	retries.wait.ms = 1000
	rule.actions = []
	rule.executors = []
	rule.service.loader.enable = true
	schema.format = null
	schema.reflection = false
	schema.registry.basic.auth.user.info = [hidden]
	schema.registry.ssl.cipher.suites = null
	schema.registry.ssl.enabled.protocols = [TLSv1.2, TLSv1.3]
	schema.registry.ssl.endpoint.identification.algorithm = https
	schema.registry.ssl.engine.factory.class = null
	schema.registry.ssl.key.password = null
	schema.registry.ssl.keymanager.algorithm = SunX509
	schema.registry.ssl.keystore.certificate.chain = null
	schema.registry.ssl.keystore.key = null
	schema.registry.ssl.keystore.location = null
	schema.registry.ssl.keystore.password = null
	schema.registry.ssl.keystore.type = JKS
	schema.registry.ssl.protocol = TLSv1.3
	schema.registry.ssl.provider = null
	schema.registry.ssl.secure.random.implementation = null
	schema.registry.ssl.trustmanager.algorithm = PKIX
	schema.registry.ssl.truststore.certificates = null
	schema.registry.ssl.truststore.location = null
	schema.registry.ssl.truststore.password = null
	schema.registry.ssl.truststore.type = JKS
	schema.registry.url = [http://registry-app-mysql.apps.ci419.apicurio-testing.org:80/apis/ccompat/v7]
	use.latest.version = false
	use.latest.with.metadata = null
	use.schema.id = -1
	value.subject.name.strategy = class io.confluent.kafka.serializers.subject.TopicNameStrategy

2025-07-31 02:24:41,045 INFO  [org.apa.kaf.cli.pro.KafkaProducer] (main) [Producer clientId=Producer-topic-eb6d3df9_ebe3_4902_a187_f771dbb0492e] Instantiated an idempotent producer.
2025-07-31 02:24:41,046 INFO  [org.apa.kaf.cli.pro.ProducerConfig] (main) These configurations '[schema.registry.url, auto.register.schemas, value.subject.name.strategy]' were supplied but are not used yet.
2025-07-31 02:24:41,047 INFO  [org.apa.kaf.com.uti.AppInfoParser] (main) Kafka version: 3.9.0
2025-07-31 02:24:41,047 INFO  [org.apa.kaf.com.uti.AppInfoParser] (main) Kafka commitId: 84caaa6e9da06435
2025-07-31 02:24:41,047 INFO  [org.apa.kaf.com.uti.AppInfoParser] (main) Kafka startTimeMs: 1753928681046
2025-07-31 02:24:41,047 INFO  [io.api.tes.ser.api.KafkaSerdesTester] (Thread-380) Sending message {"key1": "value-0"} to topic topic-eb6d3df9_ebe3_4902_a187_f771dbb0492e
2025-07-31 02:24:41,050 INFO  [org.apa.kaf.cli.Metadata] (kafka-producer-network-thread | Producer-topic-eb6d3df9_ebe3_4902_a187_f771dbb0492e) [Producer clientId=Producer-topic-eb6d3df9_ebe3_4902_a187_f771dbb0492e] Cluster ID: EeXQRaomRg6j_8npZiTrIA
2025-07-31 02:24:41,051 INFO  [org.apa.kaf.cli.pro.int.TransactionManager] (kafka-producer-network-thread | Producer-topic-eb6d3df9_ebe3_4902_a187_f771dbb0492e) [Producer clientId=Producer-topic-eb6d3df9_ebe3_4902_a187_f771dbb0492e] ProducerId set to 47 with epoch 0
2025-07-31 02:24:41,092 INFO  [org.apa.kaf.cli.pro.KafkaProducer] (Thread-380) [Producer clientId=Producer-topic-eb6d3df9_ebe3_4902_a187_f771dbb0492e] Closing the Kafka producer with timeoutMillis = 9223372036854775807 ms.
2025-07-31 02:24:41,094 INFO  [org.apa.kaf.com.met.Metrics] (Thread-380) Metrics scheduler closed
2025-07-31 02:24:41,094 INFO  [org.apa.kaf.com.met.Metrics] (Thread-380) Closing reporter org.apache.kafka.common.metrics.JmxReporter
2025-07-31 02:24:41,094 INFO  [org.apa.kaf.com.met.Metrics] (Thread-380) Closing reporter org.apache.kafka.common.telemetry.internals.ClientTelemetryReporter
2025-07-31 02:24:41,094 INFO  [org.apa.kaf.com.met.Metrics] (Thread-380) Metrics reporters closed
2025-07-31 02:24:41,094 INFO  [org.apa.kaf.com.uti.AppInfoParser] (Thread-380) App info kafka.producer for Producer-topic-eb6d3df9_ebe3_4902_a187_f771dbb0492e unregistered
2025-07-31 02:24:41,150 INFO  [io.api.tes.ser.con.BasicConfluentSerDesIT] (main) Deleting confluent schema myrecordconfluent3
2025-07-31 02:24:41,184 INFO  [io.api.tes.uti.TestSeparator] (main) io.apicurio.tests.serdes.confluent.BasicConfluentSerDesIT.testAvroConfluentSerDesWrongStrategyTopic-FINISHED
2025-07-31 02:24:41,184 INFO  [io.api.tes.uti.TestSeparator] (main) ############################################################################
]]></system-out>
  </testcase>
  <testcase name="testAvroApicurioConfluent" classname="io.apicurio.tests.serdes.confluent.BasicConfluentSerDesIT" time="1.855">
    <system-out><![CDATA[2025-07-31 02:24:41,185 INFO  [io.api.tes.uti.TestSeparator] (main) ############################################################################
2025-07-31 02:24:41,185 INFO  [io.api.tes.uti.TestSeparator] (main) io.apicurio.tests.serdes.confluent.BasicConfluentSerDesIT.testAvroApicurioConfluent-STARTED
2025-07-31 02:24:42,269 INFO  [org.apa.kaf.cli.pro.ProducerConfig] (main) ProducerConfig values: 
	acks = -1
	auto.include.jmx.reporter = true
	batch.size = 16384
	bootstrap.servers = [PLAINTEXT://localhost:32770]
	buffer.memory = 33554432
	client.dns.lookup = use_all_dns_ips
	client.id = Producer-topic-ed0b3bb9_b968_4706_8027_d6fe70b85929
	compression.gzip.level = -1
	compression.lz4.level = 9
	compression.type = none
	compression.zstd.level = 3
	connections.max.idle.ms = 10000
	delivery.timeout.ms = 120000
	enable.idempotence = true
	enable.metrics.push = true
	interceptor.classes = []
	key.serializer = class org.apache.kafka.common.serialization.StringSerializer
	linger.ms = 0
	max.block.ms = 60000
	max.in.flight.requests.per.connection = 5
	max.request.size = 1048576
	metadata.max.age.ms = 300000
	metadata.max.idle.ms = 300000
	metadata.recovery.strategy = none
	metric.reporters = []
	metrics.num.samples = 2
	metrics.recording.level = INFO
	metrics.sample.window.ms = 30000
	partitioner.adaptive.partitioning.enable = true
	partitioner.availability.timeout.ms = 0
	partitioner.class = null
	partitioner.ignore.keys = false
	receive.buffer.bytes = 32768
	reconnect.backoff.max.ms = 1000
	reconnect.backoff.ms = 50
	request.timeout.ms = 5000
	retries = 2147483647
	retry.backoff.max.ms = 1000
	retry.backoff.ms = 100
	sasl.client.callback.handler.class = null
	sasl.jaas.config = null
	sasl.kerberos.kinit.cmd = /usr/bin/kinit
	sasl.kerberos.min.time.before.relogin = 60000
	sasl.kerberos.service.name = null
	sasl.kerberos.ticket.renew.jitter = 0.05
	sasl.kerberos.ticket.renew.window.factor = 0.8
	sasl.login.callback.handler.class = null
	sasl.login.class = null
	sasl.login.connect.timeout.ms = null
	sasl.login.read.timeout.ms = null
	sasl.login.refresh.buffer.seconds = 300
	sasl.login.refresh.min.period.seconds = 60
	sasl.login.refresh.window.factor = 0.8
	sasl.login.refresh.window.jitter = 0.05
	sasl.login.retry.backoff.max.ms = 10000
	sasl.login.retry.backoff.ms = 100
	sasl.mechanism = GSSAPI
	sasl.oauthbearer.clock.skew.seconds = 30
	sasl.oauthbearer.expected.audience = null
	sasl.oauthbearer.expected.issuer = null
	sasl.oauthbearer.header.urlencode = false
	sasl.oauthbearer.jwks.endpoint.refresh.ms = 3600000
	sasl.oauthbearer.jwks.endpoint.retry.backoff.max.ms = 10000
	sasl.oauthbearer.jwks.endpoint.retry.backoff.ms = 100
	sasl.oauthbearer.jwks.endpoint.url = null
	sasl.oauthbearer.scope.claim.name = scope
	sasl.oauthbearer.sub.claim.name = sub
	sasl.oauthbearer.token.endpoint.url = null
	security.protocol = PLAINTEXT
	security.providers = null
	send.buffer.bytes = 131072
	socket.connection.setup.timeout.max.ms = 30000
	socket.connection.setup.timeout.ms = 10000
	ssl.cipher.suites = null
	ssl.enabled.protocols = [TLSv1.2, TLSv1.3]
	ssl.endpoint.identification.algorithm = https
	ssl.engine.factory.class = null
	ssl.key.password = null
	ssl.keymanager.algorithm = SunX509
	ssl.keystore.certificate.chain = null
	ssl.keystore.key = null
	ssl.keystore.location = null
	ssl.keystore.password = null
	ssl.keystore.type = JKS
	ssl.protocol = TLSv1.3
	ssl.provider = null
	ssl.secure.random.implementation = null
	ssl.trustmanager.algorithm = PKIX
	ssl.truststore.certificates = null
	ssl.truststore.location = null
	ssl.truststore.password = null
	ssl.truststore.type = JKS
	transaction.timeout.ms = 60000
	transactional.id = null
	value.serializer = class io.apicurio.registry.serde.avro.AvroKafkaSerializer

2025-07-31 02:24:42,269 INFO  [org.apa.kaf.com.tel.int.KafkaMetricsCollector] (main) initializing Kafka metrics collector
2025-07-31 02:24:42,271 INFO  [org.apa.kaf.cli.pro.KafkaProducer] (main) [Producer clientId=Producer-topic-ed0b3bb9_b968_4706_8027_d6fe70b85929] Instantiated an idempotent producer.
2025-07-31 02:24:42,273 INFO  [org.apa.kaf.cli.pro.ProducerConfig] (main) These configurations '[apicurio.registry.url, apicurio.registry.artifact-resolver-strategy]' were supplied but are not used yet.
2025-07-31 02:24:42,273 INFO  [org.apa.kaf.com.uti.AppInfoParser] (main) Kafka version: 3.9.0
2025-07-31 02:24:42,273 INFO  [org.apa.kaf.com.uti.AppInfoParser] (main) Kafka commitId: 84caaa6e9da06435
2025-07-31 02:24:42,273 INFO  [org.apa.kaf.com.uti.AppInfoParser] (main) Kafka startTimeMs: 1753928682273
2025-07-31 02:24:42,273 INFO  [io.api.tes.ser.api.SimpleSerdesTesterBuilder$SimpleSerdesTester] (main) Using producer configuration: {apicurio.registry.url=http://registry-app-mysql.apps.ci419.apicurio-testing.org:80/apis/registry/v3, apicurio.registry.artifact-resolver-strategy=io.apicurio.registry.serde.strategy.TopicIdStrategy, value.serializer=io.apicurio.registry.serde.avro.AvroKafkaSerializer, request.timeout.ms=5000, acks=all, bootstrap.servers=PLAINTEXT://localhost:32770, connections.max.idle.ms=10000, key.serializer=org.apache.kafka.common.serialization.StringSerializer, client.id=Producer-topic-ed0b3bb9_b968_4706_8027_d6fe70b85929}
2025-07-31 02:24:42,273 INFO  [io.api.tes.ser.api.SimpleSerdesTesterBuilder$SimpleSerdesTester] (main) Using consumer configuration: {}
2025-07-31 02:24:42,273 INFO  [io.api.tes.ser.api.KafkaSerdesTester] (Thread-383) Sending message {"key1": "value-0"} to topic topic-ed0b3bb9_b968_4706_8027_d6fe70b85929
2025-07-31 02:24:42,277 INFO  [org.apa.kaf.cli.Metadata] (kafka-producer-network-thread | Producer-topic-ed0b3bb9_b968_4706_8027_d6fe70b85929) [Producer clientId=Producer-topic-ed0b3bb9_b968_4706_8027_d6fe70b85929] Cluster ID: EeXQRaomRg6j_8npZiTrIA
2025-07-31 02:24:42,279 INFO  [DefaultSchemaResolver] (Thread-383) Retrieving schema content using string: {"type":"record","name":"myrecordconfluent1","fields":[{"name":"key1","type":"string"}]}
2025-07-31 02:24:42,280 INFO  [org.apa.kaf.cli.pro.int.TransactionManager] (kafka-producer-network-thread | Producer-topic-ed0b3bb9_b968_4706_8027_d6fe70b85929) [Producer clientId=Producer-topic-ed0b3bb9_b968_4706_8027_d6fe70b85929] ProducerId set to 48 with epoch 0
2025-07-31 02:24:42,335 INFO  [io.api.tes.ser.api.KafkaSerdesTester] (Thread-383) Sending message {"key1": "value-1"} to topic topic-ed0b3bb9_b968_4706_8027_d6fe70b85929
2025-07-31 02:24:42,336 INFO  [io.api.tes.ser.api.KafkaSerdesTester] (Thread-383) Sending message {"key1": "value-2"} to topic topic-ed0b3bb9_b968_4706_8027_d6fe70b85929
2025-07-31 02:24:42,337 INFO  [io.api.tes.ser.api.KafkaSerdesTester] (Thread-383) Sending message {"key1": "value-3"} to topic topic-ed0b3bb9_b968_4706_8027_d6fe70b85929
2025-07-31 02:24:42,338 INFO  [io.api.tes.ser.api.KafkaSerdesTester] (Thread-383) Sending message {"key1": "value-4"} to topic topic-ed0b3bb9_b968_4706_8027_d6fe70b85929
2025-07-31 02:24:42,339 INFO  [io.api.tes.ser.api.KafkaSerdesTester] (Thread-383) Sending message {"key1": "value-5"} to topic topic-ed0b3bb9_b968_4706_8027_d6fe70b85929
2025-07-31 02:24:42,339 INFO  [io.api.tes.ser.api.KafkaSerdesTester] (Thread-383) Sending message {"key1": "value-6"} to topic topic-ed0b3bb9_b968_4706_8027_d6fe70b85929
2025-07-31 02:24:42,340 INFO  [io.api.tes.ser.api.KafkaSerdesTester] (Thread-383) Sending message {"key1": "value-7"} to topic topic-ed0b3bb9_b968_4706_8027_d6fe70b85929
2025-07-31 02:24:42,341 INFO  [io.api.tes.ser.api.KafkaSerdesTester] (Thread-383) Sending message {"key1": "value-8"} to topic topic-ed0b3bb9_b968_4706_8027_d6fe70b85929
2025-07-31 02:24:42,342 INFO  [io.api.tes.ser.api.KafkaSerdesTester] (Thread-383) Sending message {"key1": "value-9"} to topic topic-ed0b3bb9_b968_4706_8027_d6fe70b85929
2025-07-31 02:24:42,343 INFO  [io.api.tes.ser.api.KafkaSerdesTester] (Thread-383) Produced 10 messages
2025-07-31 02:24:42,343 INFO  [org.apa.kaf.cli.pro.KafkaProducer] (Thread-383) [Producer clientId=Producer-topic-ed0b3bb9_b968_4706_8027_d6fe70b85929] Closing the Kafka producer with timeoutMillis = 9223372036854775807 ms.
2025-07-31 02:24:42,345 INFO  [org.apa.kaf.com.met.Metrics] (Thread-383) Metrics scheduler closed
2025-07-31 02:24:42,345 INFO  [org.apa.kaf.com.met.Metrics] (Thread-383) Closing reporter org.apache.kafka.common.metrics.JmxReporter
2025-07-31 02:24:42,345 INFO  [org.apa.kaf.com.met.Metrics] (Thread-383) Closing reporter org.apache.kafka.common.telemetry.internals.ClientTelemetryReporter
2025-07-31 02:24:42,345 INFO  [org.apa.kaf.com.met.Metrics] (Thread-383) Metrics reporters closed
2025-07-31 02:24:42,345 INFO  [org.apa.kaf.com.uti.AppInfoParser] (Thread-383) App info kafka.producer for Producer-topic-ed0b3bb9_b968_4706_8027_d6fe70b85929 unregistered
2025-07-31 02:24:42,346 INFO  [org.apa.kaf.cli.con.ConsumerConfig] (main) ConsumerConfig values: 
	allow.auto.create.topics = true
	auto.commit.interval.ms = 500
	auto.include.jmx.reporter = true
	auto.offset.reset = earliest
	bootstrap.servers = [PLAINTEXT://localhost:32770]
	check.crcs = true
	client.dns.lookup = use_all_dns_ips
	client.id = consumer-Consumer-topic-ed0b3bb9_b968_4706_8027_d6fe70b85929-35
	client.rack = 
	connections.max.idle.ms = 10000
	default.api.timeout.ms = 60000
	enable.auto.commit = true
	enable.metrics.push = true
	exclude.internal.topics = true
	fetch.max.bytes = 52428800
	fetch.max.wait.ms = 500
	fetch.min.bytes = 1
	group.id = Consumer-topic-ed0b3bb9_b968_4706_8027_d6fe70b85929
	group.instance.id = null
	group.protocol = classic
	group.remote.assignor = null
	heartbeat.interval.ms = 3000
	interceptor.classes = []
	internal.leave.group.on.close = true
	internal.throw.on.fetch.stable.offset.unsupported = false
	isolation.level = read_uncommitted
	key.deserializer = class org.apache.kafka.common.serialization.StringDeserializer
	max.partition.fetch.bytes = 1048576
	max.poll.interval.ms = 300000
	max.poll.records = 500
	metadata.max.age.ms = 300000
	metadata.recovery.strategy = none
	metric.reporters = []
	metrics.num.samples = 2
	metrics.recording.level = INFO
	metrics.sample.window.ms = 30000
	partition.assignment.strategy = [class org.apache.kafka.clients.consumer.RangeAssignor, class org.apache.kafka.clients.consumer.CooperativeStickyAssignor]
	receive.buffer.bytes = 65536
	reconnect.backoff.max.ms = 1000
	reconnect.backoff.ms = 50
	request.timeout.ms = 5000
	retry.backoff.max.ms = 1000
	retry.backoff.ms = 100
	sasl.client.callback.handler.class = null
	sasl.jaas.config = null
	sasl.kerberos.kinit.cmd = /usr/bin/kinit
	sasl.kerberos.min.time.before.relogin = 60000
	sasl.kerberos.service.name = null
	sasl.kerberos.ticket.renew.jitter = 0.05
	sasl.kerberos.ticket.renew.window.factor = 0.8
	sasl.login.callback.handler.class = null
	sasl.login.class = null
	sasl.login.connect.timeout.ms = null
	sasl.login.read.timeout.ms = null
	sasl.login.refresh.buffer.seconds = 300
	sasl.login.refresh.min.period.seconds = 60
	sasl.login.refresh.window.factor = 0.8
	sasl.login.refresh.window.jitter = 0.05
	sasl.login.retry.backoff.max.ms = 10000
	sasl.login.retry.backoff.ms = 100
	sasl.mechanism = GSSAPI
	sasl.oauthbearer.clock.skew.seconds = 30
	sasl.oauthbearer.expected.audience = null
	sasl.oauthbearer.expected.issuer = null
	sasl.oauthbearer.header.urlencode = false
	sasl.oauthbearer.jwks.endpoint.refresh.ms = 3600000
	sasl.oauthbearer.jwks.endpoint.retry.backoff.max.ms = 10000
	sasl.oauthbearer.jwks.endpoint.retry.backoff.ms = 100
	sasl.oauthbearer.jwks.endpoint.url = null
	sasl.oauthbearer.scope.claim.name = scope
	sasl.oauthbearer.sub.claim.name = sub
	sasl.oauthbearer.token.endpoint.url = null
	security.protocol = PLAINTEXT
	security.providers = null
	send.buffer.bytes = 131072
	session.timeout.ms = 45000
	socket.connection.setup.timeout.max.ms = 30000
	socket.connection.setup.timeout.ms = 10000
	ssl.cipher.suites = null
	ssl.enabled.protocols = [TLSv1.2, TLSv1.3]
	ssl.endpoint.identification.algorithm = https
	ssl.engine.factory.class = null
	ssl.key.password = null
	ssl.keymanager.algorithm = SunX509
	ssl.keystore.certificate.chain = null
	ssl.keystore.key = null
	ssl.keystore.location = null
	ssl.keystore.password = null
	ssl.keystore.type = JKS
	ssl.protocol = TLSv1.3
	ssl.provider = null
	ssl.secure.random.implementation = null
	ssl.trustmanager.algorithm = PKIX
	ssl.truststore.certificates = null
	ssl.truststore.location = null
	ssl.truststore.password = null
	ssl.truststore.type = JKS
	value.deserializer = class io.confluent.kafka.serializers.KafkaAvroDeserializer

2025-07-31 02:24:42,346 INFO  [org.apa.kaf.com.tel.int.KafkaMetricsCollector] (main) initializing Kafka metrics collector
2025-07-31 02:24:42,346 INFO  [io.con.kaf.ser.KafkaAvroDeserializerConfig] (main) KafkaAvroDeserializerConfig values: 
	auto.register.schemas = true
	avro.reflection.allow.null = false
	avro.use.logical.type.converters = false
	basic.auth.credentials.source = URL
	basic.auth.user.info = [hidden]
	bearer.auth.cache.expiry.buffer.seconds = 300
	bearer.auth.client.id = null
	bearer.auth.client.secret = null
	bearer.auth.credentials.source = STATIC_TOKEN
	bearer.auth.custom.provider.class = null
	bearer.auth.identity.pool.id = null
	bearer.auth.issuer.endpoint.url = null
	bearer.auth.logical.cluster = null
	bearer.auth.scope = null
	bearer.auth.scope.claim.name = scope
	bearer.auth.sub.claim.name = sub
	bearer.auth.token = [hidden]
	context.name.strategy = class io.confluent.kafka.serializers.context.NullContextNameStrategy
	http.connect.timeout.ms = 60000
	http.read.timeout.ms = 60000
	id.compatibility.strict = true
	key.subject.name.strategy = class io.confluent.kafka.serializers.subject.TopicNameStrategy
	latest.cache.size = 1000
	latest.cache.ttl.sec = -1
	latest.compatibility.strict = true
	max.retries = 3
	max.schemas.per.subject = 1000
	normalize.schemas = false
	propagate.schema.tags = false
	proxy.host = 
	proxy.port = -1
	retries.max.wait.ms = 20000
	retries.wait.ms = 1000
	rule.actions = []
	rule.executors = []
	rule.service.loader.enable = true
	schema.format = null
	schema.reflection = false
	schema.registry.basic.auth.user.info = [hidden]
	schema.registry.ssl.cipher.suites = null
	schema.registry.ssl.enabled.protocols = [TLSv1.2, TLSv1.3]
	schema.registry.ssl.endpoint.identification.algorithm = https
	schema.registry.ssl.engine.factory.class = null
	schema.registry.ssl.key.password = null
	schema.registry.ssl.keymanager.algorithm = SunX509
	schema.registry.ssl.keystore.certificate.chain = null
	schema.registry.ssl.keystore.key = null
	schema.registry.ssl.keystore.location = null
	schema.registry.ssl.keystore.password = null
	schema.registry.ssl.keystore.type = JKS
	schema.registry.ssl.protocol = TLSv1.3
	schema.registry.ssl.provider = null
	schema.registry.ssl.secure.random.implementation = null
	schema.registry.ssl.trustmanager.algorithm = PKIX
	schema.registry.ssl.truststore.certificates = null
	schema.registry.ssl.truststore.location = null
	schema.registry.ssl.truststore.password = null
	schema.registry.ssl.truststore.type = JKS
	schema.registry.url = [http://registry-app-mysql.apps.ci419.apicurio-testing.org:80/apis/ccompat/v7]
	specific.avro.key.type = null
	specific.avro.reader = false
	specific.avro.value.type = null
	use.latest.version = false
	use.latest.with.metadata = null
	use.schema.id = -1
	value.subject.name.strategy = class io.confluent.kafka.serializers.subject.TopicNameStrategy

2025-07-31 02:24:42,346 INFO  [io.con.kaf.ser.KafkaAvroDeserializerConfig] (main) KafkaAvroDeserializerConfig values: 
	auto.register.schemas = true
	avro.reflection.allow.null = false
	avro.use.logical.type.converters = false
	basic.auth.credentials.source = URL
	basic.auth.user.info = [hidden]
	bearer.auth.cache.expiry.buffer.seconds = 300
	bearer.auth.client.id = null
	bearer.auth.client.secret = null
	bearer.auth.credentials.source = STATIC_TOKEN
	bearer.auth.custom.provider.class = null
	bearer.auth.identity.pool.id = null
	bearer.auth.issuer.endpoint.url = null
	bearer.auth.logical.cluster = null
	bearer.auth.scope = null
	bearer.auth.scope.claim.name = scope
	bearer.auth.sub.claim.name = sub
	bearer.auth.token = [hidden]
	context.name.strategy = class io.confluent.kafka.serializers.context.NullContextNameStrategy
	http.connect.timeout.ms = 60000
	http.read.timeout.ms = 60000
	id.compatibility.strict = true
	key.subject.name.strategy = class io.confluent.kafka.serializers.subject.TopicNameStrategy
	latest.cache.size = 1000
	latest.cache.ttl.sec = -1
	latest.compatibility.strict = true
	max.retries = 3
	max.schemas.per.subject = 1000
	normalize.schemas = false
	propagate.schema.tags = false
	proxy.host = 
	proxy.port = -1
	retries.max.wait.ms = 20000
	retries.wait.ms = 1000
	rule.actions = []
	rule.executors = []
	rule.service.loader.enable = true
	schema.format = null
	schema.reflection = false
	schema.registry.basic.auth.user.info = [hidden]
	schema.registry.ssl.cipher.suites = null
	schema.registry.ssl.enabled.protocols = [TLSv1.2, TLSv1.3]
	schema.registry.ssl.endpoint.identification.algorithm = https
	schema.registry.ssl.engine.factory.class = null
	schema.registry.ssl.key.password = null
	schema.registry.ssl.keymanager.algorithm = SunX509
	schema.registry.ssl.keystore.certificate.chain = null
	schema.registry.ssl.keystore.key = null
	schema.registry.ssl.keystore.location = null
	schema.registry.ssl.keystore.password = null
	schema.registry.ssl.keystore.type = JKS
	schema.registry.ssl.protocol = TLSv1.3
	schema.registry.ssl.provider = null
	schema.registry.ssl.secure.random.implementation = null
	schema.registry.ssl.trustmanager.algorithm = PKIX
	schema.registry.ssl.truststore.certificates = null
	schema.registry.ssl.truststore.location = null
	schema.registry.ssl.truststore.password = null
	schema.registry.ssl.truststore.type = JKS
	schema.registry.url = [http://registry-app-mysql.apps.ci419.apicurio-testing.org:80/apis/ccompat/v7]
	specific.avro.key.type = null
	specific.avro.reader = false
	specific.avro.value.type = null
	use.latest.version = false
	use.latest.with.metadata = null
	use.schema.id = -1
	value.subject.name.strategy = class io.confluent.kafka.serializers.subject.TopicNameStrategy

2025-07-31 02:24:42,351 INFO  [org.apa.kaf.cli.con.ConsumerConfig] (main) These configurations '[schema.registry.url]' were supplied but are not used yet.
2025-07-31 02:24:42,351 INFO  [org.apa.kaf.com.uti.AppInfoParser] (main) Kafka version: 3.9.0
2025-07-31 02:24:42,351 INFO  [org.apa.kaf.com.uti.AppInfoParser] (main) Kafka commitId: 84caaa6e9da06435
2025-07-31 02:24:42,351 INFO  [org.apa.kaf.com.uti.AppInfoParser] (main) Kafka startTimeMs: 1753928682351
2025-07-31 02:24:42,351 INFO  [org.apa.kaf.cli.con.int.ClassicKafkaConsumer] (Thread-384) [Consumer clientId=consumer-Consumer-topic-ed0b3bb9_b968_4706_8027_d6fe70b85929-35, groupId=Consumer-topic-ed0b3bb9_b968_4706_8027_d6fe70b85929] Subscribed to topic(s): topic-ed0b3bb9_b968_4706_8027_d6fe70b85929
2025-07-31 02:24:42,354 INFO  [org.apa.kaf.cli.Metadata] (Thread-384) [Consumer clientId=consumer-Consumer-topic-ed0b3bb9_b968_4706_8027_d6fe70b85929-35, groupId=Consumer-topic-ed0b3bb9_b968_4706_8027_d6fe70b85929] Cluster ID: EeXQRaomRg6j_8npZiTrIA
2025-07-31 02:24:42,354 INFO  [org.apa.kaf.cli.con.int.ConsumerCoordinator] (Thread-384) [Consumer clientId=consumer-Consumer-topic-ed0b3bb9_b968_4706_8027_d6fe70b85929-35, groupId=Consumer-topic-ed0b3bb9_b968_4706_8027_d6fe70b85929] Discovered group coordinator localhost:32770 (id: 2147483647 rack: null)
2025-07-31 02:24:42,355 INFO  [org.apa.kaf.cli.con.int.ConsumerCoordinator] (Thread-384) [Consumer clientId=consumer-Consumer-topic-ed0b3bb9_b968_4706_8027_d6fe70b85929-35, groupId=Consumer-topic-ed0b3bb9_b968_4706_8027_d6fe70b85929] (Re-)joining group
2025-07-31 02:24:42,357 INFO  [org.apa.kaf.cli.con.int.ConsumerCoordinator] (Thread-384) [Consumer clientId=consumer-Consumer-topic-ed0b3bb9_b968_4706_8027_d6fe70b85929-35, groupId=Consumer-topic-ed0b3bb9_b968_4706_8027_d6fe70b85929] Request joining group due to: need to re-join with the given member-id: consumer-Consumer-topic-ed0b3bb9_b968_4706_8027_d6fe70b85929-35-0cdd370a-1af1-48a1-8bd2-34ec4a7bf553
2025-07-31 02:24:42,357 INFO  [org.apa.kaf.cli.con.int.ConsumerCoordinator] (Thread-384) [Consumer clientId=consumer-Consumer-topic-ed0b3bb9_b968_4706_8027_d6fe70b85929-35, groupId=Consumer-topic-ed0b3bb9_b968_4706_8027_d6fe70b85929] (Re-)joining group
2025-07-31 02:24:42,358 INFO  [org.apa.kaf.cli.con.int.ConsumerCoordinator] (Thread-384) [Consumer clientId=consumer-Consumer-topic-ed0b3bb9_b968_4706_8027_d6fe70b85929-35, groupId=Consumer-topic-ed0b3bb9_b968_4706_8027_d6fe70b85929] Successfully joined group with generation Generation{generationId=1, memberId='consumer-Consumer-topic-ed0b3bb9_b968_4706_8027_d6fe70b85929-35-0cdd370a-1af1-48a1-8bd2-34ec4a7bf553', protocol='range'}
2025-07-31 02:24:42,359 INFO  [org.apa.kaf.cli.con.int.ConsumerCoordinator] (Thread-384) [Consumer clientId=consumer-Consumer-topic-ed0b3bb9_b968_4706_8027_d6fe70b85929-35, groupId=Consumer-topic-ed0b3bb9_b968_4706_8027_d6fe70b85929] Finished assignment for group at generation 1: {consumer-Consumer-topic-ed0b3bb9_b968_4706_8027_d6fe70b85929-35-0cdd370a-1af1-48a1-8bd2-34ec4a7bf553=Assignment(partitions=[topic-ed0b3bb9_b968_4706_8027_d6fe70b85929-0])}
2025-07-31 02:24:42,360 INFO  [org.apa.kaf.cli.con.int.ConsumerCoordinator] (Thread-384) [Consumer clientId=consumer-Consumer-topic-ed0b3bb9_b968_4706_8027_d6fe70b85929-35, groupId=Consumer-topic-ed0b3bb9_b968_4706_8027_d6fe70b85929] Successfully synced group in generation Generation{generationId=1, memberId='consumer-Consumer-topic-ed0b3bb9_b968_4706_8027_d6fe70b85929-35-0cdd370a-1af1-48a1-8bd2-34ec4a7bf553', protocol='range'}
2025-07-31 02:24:42,360 INFO  [org.apa.kaf.cli.con.int.ConsumerCoordinator] (Thread-384) [Consumer clientId=consumer-Consumer-topic-ed0b3bb9_b968_4706_8027_d6fe70b85929-35, groupId=Consumer-topic-ed0b3bb9_b968_4706_8027_d6fe70b85929] Notifying assignor about the new Assignment(partitions=[topic-ed0b3bb9_b968_4706_8027_d6fe70b85929-0])
2025-07-31 02:24:42,360 INFO  [org.apa.kaf.cli.con.int.ConsumerRebalanceListenerInvoker] (Thread-384) [Consumer clientId=consumer-Consumer-topic-ed0b3bb9_b968_4706_8027_d6fe70b85929-35, groupId=Consumer-topic-ed0b3bb9_b968_4706_8027_d6fe70b85929] Adding newly assigned partitions: topic-ed0b3bb9_b968_4706_8027_d6fe70b85929-0
2025-07-31 02:24:42,361 INFO  [org.apa.kaf.cli.con.int.ConsumerCoordinator] (Thread-384) [Consumer clientId=consumer-Consumer-topic-ed0b3bb9_b968_4706_8027_d6fe70b85929-35, groupId=Consumer-topic-ed0b3bb9_b968_4706_8027_d6fe70b85929] Found no committed offset for partition topic-ed0b3bb9_b968_4706_8027_d6fe70b85929-0
2025-07-31 02:24:42,363 INFO  [org.apa.kaf.cli.con.int.SubscriptionState] (Thread-384) [Consumer clientId=consumer-Consumer-topic-ed0b3bb9_b968_4706_8027_d6fe70b85929-35, groupId=Consumer-topic-ed0b3bb9_b968_4706_8027_d6fe70b85929] Resetting offset for partition topic-ed0b3bb9_b968_4706_8027_d6fe70b85929-0 to position FetchPosition{offset=0, offsetEpoch=Optional.empty, currentLeader=LeaderAndEpoch{leader=Optional[localhost:32770 (id: 0 rack: null)], epoch=0}}.
2025-07-31 02:24:42,414 INFO  [io.api.tes.ser.api.KafkaSerdesTester] (Thread-384) topic-ed0b3bb9_b968_4706_8027_d6fe70b85929 0 0 {"key1": "value-0"}
2025-07-31 02:24:42,414 INFO  [io.api.tes.ser.api.KafkaSerdesTester] (Thread-384) topic-ed0b3bb9_b968_4706_8027_d6fe70b85929 0 1 {"key1": "value-1"}
2025-07-31 02:24:42,415 INFO  [io.api.tes.ser.api.KafkaSerdesTester] (Thread-384) topic-ed0b3bb9_b968_4706_8027_d6fe70b85929 0 2 {"key1": "value-2"}
2025-07-31 02:24:42,415 INFO  [io.api.tes.ser.api.KafkaSerdesTester] (Thread-384) topic-ed0b3bb9_b968_4706_8027_d6fe70b85929 0 3 {"key1": "value-3"}
2025-07-31 02:24:42,415 INFO  [io.api.tes.ser.api.KafkaSerdesTester] (Thread-384) topic-ed0b3bb9_b968_4706_8027_d6fe70b85929 0 4 {"key1": "value-4"}
2025-07-31 02:24:42,415 INFO  [io.api.tes.ser.api.KafkaSerdesTester] (Thread-384) topic-ed0b3bb9_b968_4706_8027_d6fe70b85929 0 5 {"key1": "value-5"}
2025-07-31 02:24:42,415 INFO  [io.api.tes.ser.api.KafkaSerdesTester] (Thread-384) topic-ed0b3bb9_b968_4706_8027_d6fe70b85929 0 6 {"key1": "value-6"}
2025-07-31 02:24:42,415 INFO  [io.api.tes.ser.api.KafkaSerdesTester] (Thread-384) topic-ed0b3bb9_b968_4706_8027_d6fe70b85929 0 7 {"key1": "value-7"}
2025-07-31 02:24:42,415 INFO  [io.api.tes.ser.api.KafkaSerdesTester] (Thread-384) topic-ed0b3bb9_b968_4706_8027_d6fe70b85929 0 8 {"key1": "value-8"}
2025-07-31 02:24:42,415 INFO  [io.api.tes.ser.api.KafkaSerdesTester] (Thread-384) topic-ed0b3bb9_b968_4706_8027_d6fe70b85929 0 9 {"key1": "value-9"}
2025-07-31 02:24:42,415 INFO  [io.api.tes.ser.api.KafkaSerdesTester] (Thread-384) Consumed 10 messages
2025-07-31 02:24:42,418 INFO  [org.apa.kaf.cli.con.int.ConsumerRebalanceListenerInvoker] (Thread-384) [Consumer clientId=consumer-Consumer-topic-ed0b3bb9_b968_4706_8027_d6fe70b85929-35, groupId=Consumer-topic-ed0b3bb9_b968_4706_8027_d6fe70b85929] Revoke previously assigned partitions topic-ed0b3bb9_b968_4706_8027_d6fe70b85929-0
2025-07-31 02:24:42,418 INFO  [org.apa.kaf.cli.con.int.ConsumerCoordinator] (Thread-384) [Consumer clientId=consumer-Consumer-topic-ed0b3bb9_b968_4706_8027_d6fe70b85929-35, groupId=Consumer-topic-ed0b3bb9_b968_4706_8027_d6fe70b85929] Member consumer-Consumer-topic-ed0b3bb9_b968_4706_8027_d6fe70b85929-35-0cdd370a-1af1-48a1-8bd2-34ec4a7bf553 sending LeaveGroup request to coordinator localhost:32770 (id: 2147483647 rack: null) due to the consumer is being closed
2025-07-31 02:24:42,418 INFO  [org.apa.kaf.cli.con.int.ConsumerCoordinator] (Thread-384) [Consumer clientId=consumer-Consumer-topic-ed0b3bb9_b968_4706_8027_d6fe70b85929-35, groupId=Consumer-topic-ed0b3bb9_b968_4706_8027_d6fe70b85929] Resetting generation and member id due to: consumer pro-actively leaving the group
2025-07-31 02:24:42,418 INFO  [org.apa.kaf.cli.con.int.ConsumerCoordinator] (Thread-384) [Consumer clientId=consumer-Consumer-topic-ed0b3bb9_b968_4706_8027_d6fe70b85929-35, groupId=Consumer-topic-ed0b3bb9_b968_4706_8027_d6fe70b85929] Request joining group due to: consumer pro-actively leaving the group
2025-07-31 02:24:42,918 INFO  [org.apa.kaf.com.met.Metrics] (Thread-384) Metrics scheduler closed
2025-07-31 02:24:42,918 INFO  [org.apa.kaf.com.met.Metrics] (Thread-384) Closing reporter org.apache.kafka.common.metrics.JmxReporter
2025-07-31 02:24:42,918 INFO  [org.apa.kaf.com.met.Metrics] (Thread-384) Closing reporter org.apache.kafka.common.telemetry.internals.ClientTelemetryReporter
2025-07-31 02:24:42,918 INFO  [org.apa.kaf.com.met.Metrics] (Thread-384) Metrics reporters closed
2025-07-31 02:24:42,919 INFO  [org.apa.kaf.com.uti.AppInfoParser] (Thread-384) App info kafka.consumer for consumer-Consumer-topic-ed0b3bb9_b968_4706_8027_d6fe70b85929-35 unregistered
2025-07-31 02:24:42,986 INFO  [io.api.tes.ser.con.BasicConfluentSerDesIT] (main) Deleting confluent schema topic-ed0b3bb9_b968_4706_8027_d6fe70b85929-value
2025-07-31 02:24:43,040 INFO  [io.api.tes.uti.TestSeparator] (main) io.apicurio.tests.serdes.confluent.BasicConfluentSerDesIT.testAvroApicurioConfluent-FINISHED
2025-07-31 02:24:43,040 INFO  [io.api.tes.uti.TestSeparator] (main) ############################################################################
]]></system-out>
  </testcase>
  <testcase name="testAvroConfluentSerDesFail" classname="io.apicurio.tests.serdes.confluent.BasicConfluentSerDesIT" time="0.247">
    <system-out><![CDATA[2025-07-31 02:24:43,044 INFO  [io.api.tes.uti.TestSeparator] (main) ############################################################################
2025-07-31 02:24:43,044 INFO  [io.api.tes.uti.TestSeparator] (main) io.apicurio.tests.serdes.confluent.BasicConfluentSerDesIT.testAvroConfluentSerDesFail-STARTED
2025-07-31 02:24:43,132 INFO  [io.api.tes.ser.con.BasicConfluentSerDesIT] (main) Checking that created schema is equal to the get schema
2025-07-31 02:24:43,162 INFO  [io.api.tes.ser.con.BasicConfluentSerDesIT] (main) Created schema with id:60 and name:myrecordconfluent2
2025-07-31 02:24:43,163 INFO  [org.apa.kaf.cli.pro.ProducerConfig] (main) ProducerConfig values: 
	acks = -1
	auto.include.jmx.reporter = true
	batch.size = 16384
	bootstrap.servers = [PLAINTEXT://localhost:32770]
	buffer.memory = 33554432
	client.dns.lookup = use_all_dns_ips
	client.id = Producer-topic-f44e0073_3d9d_4636_8105_f4b78a2af756
	compression.gzip.level = -1
	compression.lz4.level = 9
	compression.type = none
	compression.zstd.level = 3
	connections.max.idle.ms = 10000
	delivery.timeout.ms = 120000
	enable.idempotence = true
	enable.metrics.push = true
	interceptor.classes = []
	key.serializer = class org.apache.kafka.common.serialization.StringSerializer
	linger.ms = 0
	max.block.ms = 60000
	max.in.flight.requests.per.connection = 5
	max.request.size = 1048576
	metadata.max.age.ms = 300000
	metadata.max.idle.ms = 300000
	metadata.recovery.strategy = none
	metric.reporters = []
	metrics.num.samples = 2
	metrics.recording.level = INFO
	metrics.sample.window.ms = 30000
	partitioner.adaptive.partitioning.enable = true
	partitioner.availability.timeout.ms = 0
	partitioner.class = null
	partitioner.ignore.keys = false
	receive.buffer.bytes = 32768
	reconnect.backoff.max.ms = 1000
	reconnect.backoff.ms = 50
	request.timeout.ms = 5000
	retries = 2147483647
	retry.backoff.max.ms = 1000
	retry.backoff.ms = 100
	sasl.client.callback.handler.class = null
	sasl.jaas.config = null
	sasl.kerberos.kinit.cmd = /usr/bin/kinit
	sasl.kerberos.min.time.before.relogin = 60000
	sasl.kerberos.service.name = null
	sasl.kerberos.ticket.renew.jitter = 0.05
	sasl.kerberos.ticket.renew.window.factor = 0.8
	sasl.login.callback.handler.class = null
	sasl.login.class = null
	sasl.login.connect.timeout.ms = null
	sasl.login.read.timeout.ms = null
	sasl.login.refresh.buffer.seconds = 300
	sasl.login.refresh.min.period.seconds = 60
	sasl.login.refresh.window.factor = 0.8
	sasl.login.refresh.window.jitter = 0.05
	sasl.login.retry.backoff.max.ms = 10000
	sasl.login.retry.backoff.ms = 100
	sasl.mechanism = GSSAPI
	sasl.oauthbearer.clock.skew.seconds = 30
	sasl.oauthbearer.expected.audience = null
	sasl.oauthbearer.expected.issuer = null
	sasl.oauthbearer.header.urlencode = false
	sasl.oauthbearer.jwks.endpoint.refresh.ms = 3600000
	sasl.oauthbearer.jwks.endpoint.retry.backoff.max.ms = 10000
	sasl.oauthbearer.jwks.endpoint.retry.backoff.ms = 100
	sasl.oauthbearer.jwks.endpoint.url = null
	sasl.oauthbearer.scope.claim.name = scope
	sasl.oauthbearer.sub.claim.name = sub
	sasl.oauthbearer.token.endpoint.url = null
	security.protocol = PLAINTEXT
	security.providers = null
	send.buffer.bytes = 131072
	socket.connection.setup.timeout.max.ms = 30000
	socket.connection.setup.timeout.ms = 10000
	ssl.cipher.suites = null
	ssl.enabled.protocols = [TLSv1.2, TLSv1.3]
	ssl.endpoint.identification.algorithm = https
	ssl.engine.factory.class = null
	ssl.key.password = null
	ssl.keymanager.algorithm = SunX509
	ssl.keystore.certificate.chain = null
	ssl.keystore.key = null
	ssl.keystore.location = null
	ssl.keystore.password = null
	ssl.keystore.type = JKS
	ssl.protocol = TLSv1.3
	ssl.provider = null
	ssl.secure.random.implementation = null
	ssl.trustmanager.algorithm = PKIX
	ssl.truststore.certificates = null
	ssl.truststore.location = null
	ssl.truststore.password = null
	ssl.truststore.type = JKS
	transaction.timeout.ms = 60000
	transactional.id = null
	value.serializer = class io.confluent.kafka.serializers.KafkaAvroSerializer

2025-07-31 02:24:43,163 INFO  [org.apa.kaf.com.tel.int.KafkaMetricsCollector] (main) initializing Kafka metrics collector
2025-07-31 02:24:43,164 INFO  [io.con.kaf.ser.KafkaAvroSerializerConfig] (main) KafkaAvroSerializerConfig values: 
	auto.register.schemas = false
	avro.reflection.allow.null = false
	avro.remove.java.properties = false
	avro.use.logical.type.converters = false
	basic.auth.credentials.source = URL
	basic.auth.user.info = [hidden]
	bearer.auth.cache.expiry.buffer.seconds = 300
	bearer.auth.client.id = null
	bearer.auth.client.secret = null
	bearer.auth.credentials.source = STATIC_TOKEN
	bearer.auth.custom.provider.class = null
	bearer.auth.identity.pool.id = null
	bearer.auth.issuer.endpoint.url = null
	bearer.auth.logical.cluster = null
	bearer.auth.scope = null
	bearer.auth.scope.claim.name = scope
	bearer.auth.sub.claim.name = sub
	bearer.auth.token = [hidden]
	context.name.strategy = class io.confluent.kafka.serializers.context.NullContextNameStrategy
	http.connect.timeout.ms = 60000
	http.read.timeout.ms = 60000
	id.compatibility.strict = true
	key.subject.name.strategy = class io.confluent.kafka.serializers.subject.TopicNameStrategy
	latest.cache.size = 1000
	latest.cache.ttl.sec = -1
	latest.compatibility.strict = true
	max.retries = 3
	max.schemas.per.subject = 1000
	normalize.schemas = false
	propagate.schema.tags = false
	proxy.host = 
	proxy.port = -1
	retries.max.wait.ms = 20000
	retries.wait.ms = 1000
	rule.actions = []
	rule.executors = []
	rule.service.loader.enable = true
	schema.format = null
	schema.reflection = false
	schema.registry.basic.auth.user.info = [hidden]
	schema.registry.ssl.cipher.suites = null
	schema.registry.ssl.enabled.protocols = [TLSv1.2, TLSv1.3]
	schema.registry.ssl.endpoint.identification.algorithm = https
	schema.registry.ssl.engine.factory.class = null
	schema.registry.ssl.key.password = null
	schema.registry.ssl.keymanager.algorithm = SunX509
	schema.registry.ssl.keystore.certificate.chain = null
	schema.registry.ssl.keystore.key = null
	schema.registry.ssl.keystore.location = null
	schema.registry.ssl.keystore.password = null
	schema.registry.ssl.keystore.type = JKS
	schema.registry.ssl.protocol = TLSv1.3
	schema.registry.ssl.provider = null
	schema.registry.ssl.secure.random.implementation = null
	schema.registry.ssl.trustmanager.algorithm = PKIX
	schema.registry.ssl.truststore.certificates = null
	schema.registry.ssl.truststore.location = null
	schema.registry.ssl.truststore.password = null
	schema.registry.ssl.truststore.type = JKS
	schema.registry.url = [http://registry-app-mysql.apps.ci419.apicurio-testing.org:80/apis/ccompat/v7]
	use.latest.version = false
	use.latest.with.metadata = null
	use.schema.id = -1
	value.subject.name.strategy = class io.confluent.kafka.serializers.subject.RecordNameStrategy

2025-07-31 02:24:43,165 INFO  [org.apa.kaf.cli.pro.KafkaProducer] (main) [Producer clientId=Producer-topic-f44e0073_3d9d_4636_8105_f4b78a2af756] Instantiated an idempotent producer.
2025-07-31 02:24:43,166 INFO  [org.apa.kaf.cli.pro.ProducerConfig] (main) These configurations '[schema.registry.url, auto.register.schemas, value.subject.name.strategy]' were supplied but are not used yet.
2025-07-31 02:24:43,166 INFO  [org.apa.kaf.com.uti.AppInfoParser] (main) Kafka version: 3.9.0
2025-07-31 02:24:43,166 INFO  [org.apa.kaf.com.uti.AppInfoParser] (main) Kafka commitId: 84caaa6e9da06435
2025-07-31 02:24:43,166 INFO  [org.apa.kaf.com.uti.AppInfoParser] (main) Kafka startTimeMs: 1753928683166
2025-07-31 02:24:43,166 INFO  [io.api.tes.ser.api.KafkaSerdesTester] (Thread-385) Sending message {"wrongkey": "value-0"} to topic topic-f44e0073_3d9d_4636_8105_f4b78a2af756
2025-07-31 02:24:43,169 INFO  [org.apa.kaf.cli.Metadata] (kafka-producer-network-thread | Producer-topic-f44e0073_3d9d_4636_8105_f4b78a2af756) [Producer clientId=Producer-topic-f44e0073_3d9d_4636_8105_f4b78a2af756] Cluster ID: EeXQRaomRg6j_8npZiTrIA
2025-07-31 02:24:43,169 INFO  [org.apa.kaf.cli.pro.int.TransactionManager] (kafka-producer-network-thread | Producer-topic-f44e0073_3d9d_4636_8105_f4b78a2af756) [Producer clientId=Producer-topic-f44e0073_3d9d_4636_8105_f4b78a2af756] ProducerId set to 49 with epoch 0
2025-07-31 02:24:43,199 INFO  [org.apa.kaf.cli.pro.KafkaProducer] (Thread-385) [Producer clientId=Producer-topic-f44e0073_3d9d_4636_8105_f4b78a2af756] Closing the Kafka producer with timeoutMillis = 9223372036854775807 ms.
2025-07-31 02:24:43,200 INFO  [org.apa.kaf.com.met.Metrics] (Thread-385) Metrics scheduler closed
2025-07-31 02:24:43,200 INFO  [org.apa.kaf.com.met.Metrics] (Thread-385) Closing reporter org.apache.kafka.common.metrics.JmxReporter
2025-07-31 02:24:43,200 INFO  [org.apa.kaf.com.met.Metrics] (Thread-385) Closing reporter org.apache.kafka.common.telemetry.internals.ClientTelemetryReporter
2025-07-31 02:24:43,200 INFO  [org.apa.kaf.com.met.Metrics] (Thread-385) Metrics reporters closed
2025-07-31 02:24:43,200 INFO  [org.apa.kaf.com.uti.AppInfoParser] (Thread-385) App info kafka.producer for Producer-topic-f44e0073_3d9d_4636_8105_f4b78a2af756 unregistered
2025-07-31 02:24:43,256 INFO  [io.api.tes.ser.con.BasicConfluentSerDesIT] (main) Deleting confluent schema myrecordconfluent2
2025-07-31 02:24:43,288 INFO  [io.api.tes.uti.TestSeparator] (main) io.apicurio.tests.serdes.confluent.BasicConfluentSerDesIT.testAvroConfluentSerDesFail-FINISHED
2025-07-31 02:24:43,288 INFO  [io.api.tes.uti.TestSeparator] (main) ############################################################################
]]></system-out>
  </testcase>
  <testcase name="testAvroConfluentSerDesWrongStrategyRecord" classname="io.apicurio.tests.serdes.confluent.BasicConfluentSerDesIT" time="0.242">
    <system-out><![CDATA[2025-07-31 02:24:43,289 INFO  [io.api.tes.uti.TestSeparator] (main) ############################################################################
2025-07-31 02:24:43,289 INFO  [io.api.tes.uti.TestSeparator] (main) io.apicurio.tests.serdes.confluent.BasicConfluentSerDesIT.testAvroConfluentSerDesWrongStrategyRecord-STARTED
2025-07-31 02:24:43,377 INFO  [io.api.tes.ser.con.BasicConfluentSerDesIT] (main) Checking that created schema is equal to the get schema
2025-07-31 02:24:43,407 INFO  [io.api.tes.ser.con.BasicConfluentSerDesIT] (main) Created schema with id:61 and name:myrecordconfluent4
2025-07-31 02:24:43,407 INFO  [org.apa.kaf.cli.pro.ProducerConfig] (main) ProducerConfig values: 
	acks = -1
	auto.include.jmx.reporter = true
	batch.size = 16384
	bootstrap.servers = [PLAINTEXT://localhost:32770]
	buffer.memory = 33554432
	client.dns.lookup = use_all_dns_ips
	client.id = Producer-topic-03f65716_c333_41c7_8f1b_7b686faa5a47
	compression.gzip.level = -1
	compression.lz4.level = 9
	compression.type = none
	compression.zstd.level = 3
	connections.max.idle.ms = 10000
	delivery.timeout.ms = 120000
	enable.idempotence = true
	enable.metrics.push = true
	interceptor.classes = []
	key.serializer = class org.apache.kafka.common.serialization.StringSerializer
	linger.ms = 0
	max.block.ms = 60000
	max.in.flight.requests.per.connection = 5
	max.request.size = 1048576
	metadata.max.age.ms = 300000
	metadata.max.idle.ms = 300000
	metadata.recovery.strategy = none
	metric.reporters = []
	metrics.num.samples = 2
	metrics.recording.level = INFO
	metrics.sample.window.ms = 30000
	partitioner.adaptive.partitioning.enable = true
	partitioner.availability.timeout.ms = 0
	partitioner.class = null
	partitioner.ignore.keys = false
	receive.buffer.bytes = 32768
	reconnect.backoff.max.ms = 1000
	reconnect.backoff.ms = 50
	request.timeout.ms = 5000
	retries = 2147483647
	retry.backoff.max.ms = 1000
	retry.backoff.ms = 100
	sasl.client.callback.handler.class = null
	sasl.jaas.config = null
	sasl.kerberos.kinit.cmd = /usr/bin/kinit
	sasl.kerberos.min.time.before.relogin = 60000
	sasl.kerberos.service.name = null
	sasl.kerberos.ticket.renew.jitter = 0.05
	sasl.kerberos.ticket.renew.window.factor = 0.8
	sasl.login.callback.handler.class = null
	sasl.login.class = null
	sasl.login.connect.timeout.ms = null
	sasl.login.read.timeout.ms = null
	sasl.login.refresh.buffer.seconds = 300
	sasl.login.refresh.min.period.seconds = 60
	sasl.login.refresh.window.factor = 0.8
	sasl.login.refresh.window.jitter = 0.05
	sasl.login.retry.backoff.max.ms = 10000
	sasl.login.retry.backoff.ms = 100
	sasl.mechanism = GSSAPI
	sasl.oauthbearer.clock.skew.seconds = 30
	sasl.oauthbearer.expected.audience = null
	sasl.oauthbearer.expected.issuer = null
	sasl.oauthbearer.header.urlencode = false
	sasl.oauthbearer.jwks.endpoint.refresh.ms = 3600000
	sasl.oauthbearer.jwks.endpoint.retry.backoff.max.ms = 10000
	sasl.oauthbearer.jwks.endpoint.retry.backoff.ms = 100
	sasl.oauthbearer.jwks.endpoint.url = null
	sasl.oauthbearer.scope.claim.name = scope
	sasl.oauthbearer.sub.claim.name = sub
	sasl.oauthbearer.token.endpoint.url = null
	security.protocol = PLAINTEXT
	security.providers = null
	send.buffer.bytes = 131072
	socket.connection.setup.timeout.max.ms = 30000
	socket.connection.setup.timeout.ms = 10000
	ssl.cipher.suites = null
	ssl.enabled.protocols = [TLSv1.2, TLSv1.3]
	ssl.endpoint.identification.algorithm = https
	ssl.engine.factory.class = null
	ssl.key.password = null
	ssl.keymanager.algorithm = SunX509
	ssl.keystore.certificate.chain = null
	ssl.keystore.key = null
	ssl.keystore.location = null
	ssl.keystore.password = null
	ssl.keystore.type = JKS
	ssl.protocol = TLSv1.3
	ssl.provider = null
	ssl.secure.random.implementation = null
	ssl.trustmanager.algorithm = PKIX
	ssl.truststore.certificates = null
	ssl.truststore.location = null
	ssl.truststore.password = null
	ssl.truststore.type = JKS
	transaction.timeout.ms = 60000
	transactional.id = null
	value.serializer = class io.confluent.kafka.serializers.KafkaAvroSerializer

2025-07-31 02:24:43,408 INFO  [org.apa.kaf.com.tel.int.KafkaMetricsCollector] (main) initializing Kafka metrics collector
2025-07-31 02:24:43,408 INFO  [io.con.kaf.ser.KafkaAvroSerializerConfig] (main) KafkaAvroSerializerConfig values: 
	auto.register.schemas = false
	avro.reflection.allow.null = false
	avro.remove.java.properties = false
	avro.use.logical.type.converters = false
	basic.auth.credentials.source = URL
	basic.auth.user.info = [hidden]
	bearer.auth.cache.expiry.buffer.seconds = 300
	bearer.auth.client.id = null
	bearer.auth.client.secret = null
	bearer.auth.credentials.source = STATIC_TOKEN
	bearer.auth.custom.provider.class = null
	bearer.auth.identity.pool.id = null
	bearer.auth.issuer.endpoint.url = null
	bearer.auth.logical.cluster = null
	bearer.auth.scope = null
	bearer.auth.scope.claim.name = scope
	bearer.auth.sub.claim.name = sub
	bearer.auth.token = [hidden]
	context.name.strategy = class io.confluent.kafka.serializers.context.NullContextNameStrategy
	http.connect.timeout.ms = 60000
	http.read.timeout.ms = 60000
	id.compatibility.strict = true
	key.subject.name.strategy = class io.confluent.kafka.serializers.subject.TopicNameStrategy
	latest.cache.size = 1000
	latest.cache.ttl.sec = -1
	latest.compatibility.strict = true
	max.retries = 3
	max.schemas.per.subject = 1000
	normalize.schemas = false
	propagate.schema.tags = false
	proxy.host = 
	proxy.port = -1
	retries.max.wait.ms = 20000
	retries.wait.ms = 1000
	rule.actions = []
	rule.executors = []
	rule.service.loader.enable = true
	schema.format = null
	schema.reflection = false
	schema.registry.basic.auth.user.info = [hidden]
	schema.registry.ssl.cipher.suites = null
	schema.registry.ssl.enabled.protocols = [TLSv1.2, TLSv1.3]
	schema.registry.ssl.endpoint.identification.algorithm = https
	schema.registry.ssl.engine.factory.class = null
	schema.registry.ssl.key.password = null
	schema.registry.ssl.keymanager.algorithm = SunX509
	schema.registry.ssl.keystore.certificate.chain = null
	schema.registry.ssl.keystore.key = null
	schema.registry.ssl.keystore.location = null
	schema.registry.ssl.keystore.password = null
	schema.registry.ssl.keystore.type = JKS
	schema.registry.ssl.protocol = TLSv1.3
	schema.registry.ssl.provider = null
	schema.registry.ssl.secure.random.implementation = null
	schema.registry.ssl.trustmanager.algorithm = PKIX
	schema.registry.ssl.truststore.certificates = null
	schema.registry.ssl.truststore.location = null
	schema.registry.ssl.truststore.password = null
	schema.registry.ssl.truststore.type = JKS
	schema.registry.url = [http://registry-app-mysql.apps.ci419.apicurio-testing.org:80/apis/ccompat/v7]
	use.latest.version = false
	use.latest.with.metadata = null
	use.schema.id = -1
	value.subject.name.strategy = class io.confluent.kafka.serializers.subject.RecordNameStrategy

2025-07-31 02:24:43,410 INFO  [org.apa.kaf.cli.pro.KafkaProducer] (main) [Producer clientId=Producer-topic-03f65716_c333_41c7_8f1b_7b686faa5a47] Instantiated an idempotent producer.
2025-07-31 02:24:43,412 INFO  [org.apa.kaf.cli.pro.ProducerConfig] (main) These configurations '[schema.registry.url, auto.register.schemas, value.subject.name.strategy]' were supplied but are not used yet.
2025-07-31 02:24:43,412 INFO  [org.apa.kaf.com.uti.AppInfoParser] (main) Kafka version: 3.9.0
2025-07-31 02:24:43,412 INFO  [org.apa.kaf.com.uti.AppInfoParser] (main) Kafka commitId: 84caaa6e9da06435
2025-07-31 02:24:43,412 INFO  [org.apa.kaf.com.uti.AppInfoParser] (main) Kafka startTimeMs: 1753928683412
2025-07-31 02:24:43,413 INFO  [io.api.tes.ser.api.KafkaSerdesTester] (Thread-386) Sending message {"wrongkey": "value-0"} to topic topic-03f65716_c333_41c7_8f1b_7b686faa5a47
2025-07-31 02:24:43,416 INFO  [org.apa.kaf.cli.Metadata] (kafka-producer-network-thread | Producer-topic-03f65716_c333_41c7_8f1b_7b686faa5a47) [Producer clientId=Producer-topic-03f65716_c333_41c7_8f1b_7b686faa5a47] Cluster ID: EeXQRaomRg6j_8npZiTrIA
2025-07-31 02:24:43,417 INFO  [org.apa.kaf.cli.pro.int.TransactionManager] (kafka-producer-network-thread | Producer-topic-03f65716_c333_41c7_8f1b_7b686faa5a47) [Producer clientId=Producer-topic-03f65716_c333_41c7_8f1b_7b686faa5a47] ProducerId set to 50 with epoch 0
2025-07-31 02:24:43,444 INFO  [org.apa.kaf.cli.pro.KafkaProducer] (Thread-386) [Producer clientId=Producer-topic-03f65716_c333_41c7_8f1b_7b686faa5a47] Closing the Kafka producer with timeoutMillis = 9223372036854775807 ms.
2025-07-31 02:24:43,446 INFO  [org.apa.kaf.com.met.Metrics] (Thread-386) Metrics scheduler closed
2025-07-31 02:24:43,446 INFO  [org.apa.kaf.com.met.Metrics] (Thread-386) Closing reporter org.apache.kafka.common.metrics.JmxReporter
2025-07-31 02:24:43,446 INFO  [org.apa.kaf.com.met.Metrics] (Thread-386) Closing reporter org.apache.kafka.common.telemetry.internals.ClientTelemetryReporter
2025-07-31 02:24:43,446 INFO  [org.apa.kaf.com.met.Metrics] (Thread-386) Metrics reporters closed
2025-07-31 02:24:43,446 INFO  [org.apa.kaf.com.uti.AppInfoParser] (Thread-386) App info kafka.producer for Producer-topic-03f65716_c333_41c7_8f1b_7b686faa5a47 unregistered
2025-07-31 02:24:43,498 INFO  [io.api.tes.ser.con.BasicConfluentSerDesIT] (main) Deleting confluent schema topic-03f65716_c333_41c7_8f1b_7b686faa5a47-value
2025-07-31 02:24:43,531 INFO  [io.api.tes.uti.TestSeparator] (main) io.apicurio.tests.serdes.confluent.BasicConfluentSerDesIT.testAvroConfluentSerDesWrongStrategyRecord-FINISHED
2025-07-31 02:24:43,531 INFO  [io.api.tes.uti.TestSeparator] (main) ############################################################################
]]></system-out>
  </testcase>
</testsuite>