<?xml version="1.0" encoding="UTF-8"?>
<testsuite xmlns:xsi="http://www.w3.org/2001/XMLSchema-instance" xsi:noNamespaceSchemaLocation="https://maven.apache.org/surefire/maven-failsafe-plugin/xsd/failsafe-test-report.xsd" version="3.0.2" name="io.apicurio.tests.serdes.apicurio.AvroSerdeIT" time="51.398" tests="21" errors="0" skipped="2" failures="0">
  <properties>
    <property name="java.specification.version" value="17"/>
    <property name="sun.jnu.encoding" value="UTF-8"/>
    <property name="java.class.path" value="/home/runner/work/apicurio-testing/apicurio-testing/clusters/ci419/namespaces/mysql/tests/integration/apicurio-registry/integration-tests/target/test-classes:/home/runner/work/apicurio-testing/apicurio-testing/clusters/ci419/namespaces/mysql/tests/integration/apicurio-registry/integration-tests/target/apicurio-registry-integration-tests-3.0.9.jar:/home/runner/.m2/repository/io/quarkus/quarkus-junit5/3.15.4/quarkus-junit5-3.15.4.jar:/home/runner/.m2/repository/io/quarkus/quarkus-bootstrap-core/3.15.4/quarkus-bootstrap-core-3.15.4.jar:/home/runner/.m2/repository/io/quarkus/quarkus-classloader-commons/3.15.4/quarkus-classloader-commons-3.15.4.jar:/home/runner/.m2/repository/io/quarkus/quarkus-bootstrap-app-model/3.15.4/quarkus-bootstrap-app-model-3.15.4.jar:/home/runner/.m2/repository/io/smallrye/common/smallrye-common-io/2.6.1/smallrye-common-io-2.6.1.jar:/home/runner/.m2/repository/org/eclipse/sisu/org.eclipse.sisu.inject/0.9.0.M3/org.eclipse.sisu.inject-0.9.0.M3.jar:/home/runner/.m2/repository/io/quarkus/quarkus-test-common/3.15.4/quarkus-test-common-3.15.4.jar:/home/runner/.m2/repository/io/quarkus/quarkus-core-deployment/3.15.4/quarkus-core-deployment-3.15.4.jar:/home/runner/.m2/repository/org/aesh/readline/2.6/readline-2.6.jar:/home/runner/.m2/repository/org/fusesource/jansi/jansi/2.4.0/jansi-2.4.0.jar:/home/runner/.m2/repository/org/aesh/aesh/2.8.2/aesh-2.8.2.jar:/home/runner/.m2/repository/io/quarkus/gizmo/gizmo/1.8.0/gizmo-1.8.0.jar:/home/runner/.m2/repository/org/ow2/asm/asm-util/9.7/asm-util-9.7.jar:/home/runner/.m2/repository/org/ow2/asm/asm-analysis/9.7/asm-analysis-9.7.jar:/home/runner/.m2/repository/org/ow2/asm/asm-commons/9.7/asm-commons-9.7.jar:/home/runner/.m2/repository/org/ow2/asm/asm-tree/9.7/asm-tree-9.7.jar:/home/runner/.m2/repository/io/quarkus/quarkus-hibernate-validator-spi/3.15.4/quarkus-hibernate-validator-spi-3.15.4.jar:/home/runner/.m2/repository/io/quarkus/quarkus-class-change-agent/3.15.4/quarkus-class-change-agent-3.15.4.jar:/home/runner/.m2/repository/io/quarkus/quarkus-devtools-utilities/3.15.4/quarkus-devtools-utilities-3.15.4.jar:/home/runner/.m2/repository/io/quarkus/quarkus-builder/3.15.4/quarkus-builder-3.15.4.jar:/home/runner/.m2/repository/org/graalvm/sdk/nativeimage/23.1.2/nativeimage-23.1.2.jar:/home/runner/.m2/repository/org/graalvm/sdk/word/23.1.2/word-23.1.2.jar:/home/runner/.m2/repository/io/quarkus/quarkus-bootstrap-maven-resolver/3.15.4/quarkus-bootstrap-maven-resolver-3.15.4.jar:/home/runner/.m2/repository/io/smallrye/beanbag/smallrye-beanbag-maven/1.5.2/smallrye-beanbag-maven-1.5.2.jar:/home/runner/.m2/repository/io/smallrye/beanbag/smallrye-beanbag-sisu/1.5.2/smallrye-beanbag-sisu-1.5.2.jar:/home/runner/.m2/repository/io/smallrye/beanbag/smallrye-beanbag/1.5.2/smallrye-beanbag-1.5.2.jar:/home/runner/.m2/repository/javax/inject/javax.inject/1/javax.inject-1.jar:/home/runner/.m2/repository/org/apache/maven/maven-artifact/3.9.8/maven-artifact-3.9.8.jar:/home/runner/.m2/repository/org/apache/maven/maven-builder-support/3.9.8/maven-builder-support-3.9.8.jar:/home/runner/.m2/repository/org/apache/maven/maven-model/3.9.8/maven-model-3.9.8.jar:/home/runner/.m2/repository/org/apache/maven/maven-model-builder/3.9.8/maven-model-builder-3.9.8.jar:/home/runner/.m2/repository/org/apache/maven/maven-repository-metadata/3.9.8/maven-repository-metadata-3.9.8.jar:/home/runner/.m2/repository/org/apache/maven/maven-settings/3.9.8/maven-settings-3.9.8.jar:/home/runner/.m2/repository/org/apache/maven/resolver/maven-resolver-api/1.9.22/maven-resolver-api-1.9.22.jar:/home/runner/.m2/repository/org/apache/maven/resolver/maven-resolver-impl/1.9.22/maven-resolver-impl-1.9.22.jar:/home/runner/.m2/repository/org/apache/maven/resolver/maven-resolver-named-locks/1.9.22/maven-resolver-named-locks-1.9.22.jar:/home/runner/.m2/repository/org/apache/maven/resolver/maven-resolver-spi/1.9.22/maven-resolver-spi-1.9.22.jar:/home/runner/.m2/repository/org/apache/maven/resolver/maven-resolver-util/1.9.22/maven-resolver-util-1.9.22.jar:/home/runner/.m2/repository/org/apache/maven/resolver/maven-resolver-transport-http/1.9.20/maven-resolver-transport-http-1.9.20.jar:/home/runner/.m2/repository/org/apache/maven/wagon/wagon-provider-api/3.5.3/wagon-provider-api-3.5.3.jar:/home/runner/.m2/repository/org/apache/maven/wagon/wagon-http-shared/3.5.3/wagon-http-shared-3.5.3.jar:/home/runner/.m2/repository/org/codehaus/plexus/plexus-interpolation/1.26/plexus-interpolation-1.26.jar:/home/runner/.m2/repository/org/codehaus/plexus/plexus-utils/3.5.1/plexus-utils-3.5.1.jar:/home/runner/.m2/repository/org/codehaus/plexus/plexus-xml/4.0.1/plexus-xml-4.0.1.jar:/home/runner/.m2/repository/org/apache/maven/maven-xml-impl/4.0.0-alpha-5/maven-xml-impl-4.0.0-alpha-5.jar:/home/runner/.m2/repository/org/apache/maven/maven-api-xml/4.0.0-alpha-5/maven-api-xml-4.0.0-alpha-5.jar:/home/runner/.m2/repository/org/apache/maven/maven-api-meta/4.0.0-alpha-5/maven-api-meta-4.0.0-alpha-5.jar:/home/runner/.m2/repository/org/codehaus/plexus/plexus-cipher/2.0/plexus-cipher-2.0.jar:/home/runner/.m2/repository/org/codehaus/plexus/plexus-sec-dispatcher/2.0/plexus-sec-dispatcher-2.0.jar:/home/runner/.m2/repository/org/apache/maven/maven-embedder/3.9.8/maven-embedder-3.9.8.jar:/home/runner/.m2/repository/org/apache/maven/maven-core/3.9.8/maven-core-3.9.8.jar:/home/runner/.m2/repository/org/codehaus/plexus/plexus-component-annotations/2.1.0/plexus-component-annotations-2.1.0.jar:/home/runner/.m2/repository/org/apache/maven/maven-plugin-api/3.9.8/maven-plugin-api-3.9.8.jar:/home/runner/.m2/repository/org/apache/maven/shared/maven-shared-utils/3.4.2/maven-shared-utils-3.4.2.jar:/home/runner/.m2/repository/com/google/inject/guice/5.1.0/guice-5.1.0.jar:/home/runner/.m2/repository/aopalliance/aopalliance/1.0/aopalliance-1.0.jar:/home/runner/.m2/repository/javax/annotation/javax.annotation-api/1.3.2/javax.annotation-api-1.3.2.jar:/home/runner/.m2/repository/org/codehaus/plexus/plexus-classworlds/2.6.0/plexus-classworlds-2.6.0.jar:/home/runner/.m2/repository/commons-cli/commons-cli/1.8.0/commons-cli-1.8.0.jar:/home/runner/.m2/repository/org/eclipse/sisu/org.eclipse.sisu.plexus/0.9.0.M3/org.eclipse.sisu.plexus-0.9.0.M3.jar:/home/runner/.m2/repository/org/apache/maven/maven-settings-builder/3.9.8/maven-settings-builder-3.9.8.jar:/home/runner/.m2/repository/org/apache/maven/maven-resolver-provider/3.9.8/maven-resolver-provider-3.9.8.jar:/home/runner/.m2/repository/org/apache/maven/resolver/maven-resolver-connector-basic/1.9.22/maven-resolver-connector-basic-1.9.22.jar:/home/runner/.m2/repository/org/apache/maven/resolver/maven-resolver-transport-wagon/1.9.22/maven-resolver-transport-wagon-1.9.22.jar:/home/runner/.m2/repository/org/apache/maven/wagon/wagon-http/3.5.3/wagon-http-3.5.3.jar:/home/runner/.m2/repository/org/apache/maven/wagon/wagon-file/3.5.3/wagon-file-3.5.3.jar:/home/runner/.m2/repository/io/quarkus/quarkus-bootstrap-gradle-resolver/3.15.4/quarkus-bootstrap-gradle-resolver-3.15.4.jar:/home/runner/.m2/repository/io/smallrye/jandex/3.2.3/jandex-3.2.3.jar:/home/runner/.m2/repository/org/jboss/logging/commons-logging-jboss-logging/1.0.0.Final/commons-logging-jboss-logging-1.0.0.Final.jar:/home/runner/.m2/repository/io/quarkus/quarkus-junit5-properties/3.15.4/quarkus-junit5-properties-3.15.4.jar:/home/runner/.m2/repository/org/junit/jupiter/junit-jupiter/5.10.3/junit-jupiter-5.10.3.jar:/home/runner/.m2/repository/org/junit/jupiter/junit-jupiter-api/5.10.3/junit-jupiter-api-5.10.3.jar:/home/runner/.m2/repository/org/junit/jupiter/junit-jupiter-params/5.10.3/junit-jupiter-params-5.10.3.jar:/home/runner/.m2/repository/org/junit/jupiter/junit-jupiter-engine/5.10.3/junit-jupiter-engine-5.10.3.jar:/home/runner/.m2/repository/io/quarkus/quarkus-core/3.15.4/quarkus-core-3.15.4.jar:/home/runner/.m2/repository/jakarta/enterprise/jakarta.enterprise.cdi-api/4.1.0/jakarta.enterprise.cdi-api-4.1.0.jar:/home/runner/.m2/repository/jakarta/enterprise/jakarta.enterprise.lang-model/4.1.0/jakarta.enterprise.lang-model-4.1.0.jar:/home/runner/.m2/repository/jakarta/el/jakarta.el-api/5.0.1/jakarta.el-api-5.0.1.jar:/home/runner/.m2/repository/jakarta/interceptor/jakarta.interceptor-api/2.2.0/jakarta.interceptor-api-2.2.0.jar:/home/runner/.m2/repository/jakarta/inject/jakarta.inject-api/2.0.1/jakarta.inject-api-2.0.1.jar:/home/runner/.m2/repository/io/smallrye/common/smallrye-common-os/2.6.1/smallrye-common-os-2.6.1.jar:/home/runner/.m2/repository/io/quarkus/quarkus-ide-launcher/3.15.4/quarkus-ide-launcher-3.15.4.jar:/home/runner/.m2/repository/io/quarkus/quarkus-development-mode-spi/3.15.4/quarkus-development-mode-spi-3.15.4.jar:/home/runner/.m2/repository/io/smallrye/config/smallrye-config/3.9.1/smallrye-config-3.9.1.jar:/home/runner/.m2/repository/io/smallrye/config/smallrye-config-core/3.9.1/smallrye-config-core-3.9.1.jar:/home/runner/.m2/repository/io/smallrye/common/smallrye-common-annotation/2.6.1/smallrye-common-annotation-2.6.1.jar:/home/runner/.m2/repository/io/smallrye/common/smallrye-common-classloader/2.6.1/smallrye-common-classloader-2.6.1.jar:/home/runner/.m2/repository/io/smallrye/config/smallrye-config-common/3.9.1/smallrye-config-common-3.9.1.jar:/home/runner/.m2/repository/org/jboss/logging/jboss-logging/3.6.0.Final/jboss-logging-3.6.0.Final.jar:/home/runner/.m2/repository/org/jboss/logmanager/jboss-logmanager/3.1.1.Final/jboss-logmanager-3.1.1.Final.jar:/home/runner/.m2/repository/io/smallrye/common/smallrye-common-constraint/2.6.1/smallrye-common-constraint-2.6.1.jar:/home/runner/.m2/repository/io/smallrye/common/smallrye-common-cpu/2.6.1/smallrye-common-cpu-2.6.1.jar:/home/runner/.m2/repository/io/smallrye/common/smallrye-common-expression/2.6.1/smallrye-common-expression-2.6.1.jar:/home/runner/.m2/repository/io/smallrye/common/smallrye-common-function/2.6.1/smallrye-common-function-2.6.1.jar:/home/runner/.m2/repository/io/smallrye/common/smallrye-common-net/2.6.1/smallrye-common-net-2.6.1.jar:/home/runner/.m2/repository/io/smallrye/common/smallrye-common-ref/2.6.1/smallrye-common-ref-2.6.1.jar:/home/runner/.m2/repository/jakarta/json/jakarta.json-api/2.1.3/jakarta.json-api-2.1.3.jar:/home/runner/.m2/repository/org/eclipse/parsson/parsson/1.1.7/parsson-1.1.7.jar:/home/runner/.m2/repository/org/jboss/logging/jboss-logging-annotations/3.0.1.Final/jboss-logging-annotations-3.0.1.Final.jar:/home/runner/.m2/repository/org/jboss/threads/jboss-threads/3.6.1.Final/jboss-threads-3.6.1.Final.jar:/home/runner/.m2/repository/org/jboss/slf4j/slf4j-jboss-logmanager/2.0.0.Final/slf4j-jboss-logmanager-2.0.0.Final.jar:/home/runner/.m2/repository/org/wildfly/common/wildfly-common/1.7.0.Final/wildfly-common-1.7.0.Final.jar:/home/runner/.m2/repository/io/quarkus/quarkus-bootstrap-runner/3.15.4/quarkus-bootstrap-runner-3.15.4.jar:/home/runner/.m2/repository/io/github/crac/org-crac/0.1.3/org-crac-0.1.3.jar:/home/runner/.m2/repository/io/quarkus/quarkus-fs-util/0.0.10/quarkus-fs-util-0.0.10.jar:/home/runner/.m2/repository/org/jboss/marshalling/jboss-marshalling/2.2.1.Final/jboss-marshalling-2.2.1.Final.jar:/home/runner/.m2/repository/io/fabric8/kubernetes-client/6.13.5/kubernetes-client-6.13.5.jar:/home/runner/.m2/repository/io/fabric8/kubernetes-client-api/6.13.5/kubernetes-client-api-6.13.5.jar:/home/runner/.m2/repository/io/fabric8/kubernetes-model-core/6.13.5/kubernetes-model-core-6.13.5.jar:/home/runner/.m2/repository/io/fabric8/kubernetes-model-common/6.13.5/kubernetes-model-common-6.13.5.jar:/home/runner/.m2/repository/io/fabric8/kubernetes-model-gatewayapi/6.13.5/kubernetes-model-gatewayapi-6.13.5.jar:/home/runner/.m2/repository/io/fabric8/kubernetes-model-resource/6.13.5/kubernetes-model-resource-6.13.5.jar:/home/runner/.m2/repository/io/fabric8/kubernetes-model-rbac/6.13.5/kubernetes-model-rbac-6.13.5.jar:/home/runner/.m2/repository/io/fabric8/kubernetes-model-admissionregistration/6.13.5/kubernetes-model-admissionregistration-6.13.5.jar:/home/runner/.m2/repository/io/fabric8/kubernetes-model-apps/6.13.5/kubernetes-model-apps-6.13.5.jar:/home/runner/.m2/repository/io/fabric8/kubernetes-model-autoscaling/6.13.5/kubernetes-model-autoscaling-6.13.5.jar:/home/runner/.m2/repository/io/fabric8/kubernetes-model-apiextensions/6.13.5/kubernetes-model-apiextensions-6.13.5.jar:/home/runner/.m2/repository/io/fabric8/kubernetes-model-batch/6.13.5/kubernetes-model-batch-6.13.5.jar:/home/runner/.m2/repository/io/fabric8/kubernetes-model-certificates/6.13.5/kubernetes-model-certificates-6.13.5.jar:/home/runner/.m2/repository/io/fabric8/kubernetes-model-coordination/6.13.5/kubernetes-model-coordination-6.13.5.jar:/home/runner/.m2/repository/io/fabric8/kubernetes-model-discovery/6.13.5/kubernetes-model-discovery-6.13.5.jar:/home/runner/.m2/repository/io/fabric8/kubernetes-model-events/6.13.5/kubernetes-model-events-6.13.5.jar:/home/runner/.m2/repository/io/fabric8/kubernetes-model-extensions/6.13.5/kubernetes-model-extensions-6.13.5.jar:/home/runner/.m2/repository/io/fabric8/kubernetes-model-flowcontrol/6.13.5/kubernetes-model-flowcontrol-6.13.5.jar:/home/runner/.m2/repository/io/fabric8/kubernetes-model-networking/6.13.5/kubernetes-model-networking-6.13.5.jar:/home/runner/.m2/repository/io/fabric8/kubernetes-model-metrics/6.13.5/kubernetes-model-metrics-6.13.5.jar:/home/runner/.m2/repository/io/fabric8/kubernetes-model-policy/6.13.5/kubernetes-model-policy-6.13.5.jar:/home/runner/.m2/repository/io/fabric8/kubernetes-model-scheduling/6.13.5/kubernetes-model-scheduling-6.13.5.jar:/home/runner/.m2/repository/io/fabric8/kubernetes-model-storageclass/6.13.5/kubernetes-model-storageclass-6.13.5.jar:/home/runner/.m2/repository/io/fabric8/kubernetes-model-node/6.13.5/kubernetes-model-node-6.13.5.jar:/home/runner/.m2/repository/org/snakeyaml/snakeyaml-engine/2.7/snakeyaml-engine-2.7.jar:/home/runner/.m2/repository/com/fasterxml/jackson/dataformat/jackson-dataformat-yaml/2.15.2/jackson-dataformat-yaml-2.15.2.jar:/home/runner/.m2/repository/com/fasterxml/jackson/datatype/jackson-datatype-jsr310/2.17.2/jackson-datatype-jsr310-2.17.2.jar:/home/runner/.m2/repository/io/fabric8/zjsonpatch/0.3.0/zjsonpatch-0.3.0.jar:/home/runner/.m2/repository/io/fabric8/kubernetes-httpclient-vertx/6.13.5/kubernetes-httpclient-vertx-6.13.5.jar:/home/runner/.m2/repository/io/vertx/vertx-web-client/4.5.13/vertx-web-client-4.5.13.jar:/home/runner/.m2/repository/io/vertx/vertx-web-common/4.5.13/vertx-web-common-4.5.13.jar:/home/runner/.m2/repository/io/vertx/vertx-auth-common/4.5.13/vertx-auth-common-4.5.13.jar:/home/runner/.m2/repository/io/vertx/vertx-uri-template/4.5.13/vertx-uri-template-4.5.13.jar:/home/runner/.m2/repository/io/fabric8/openshift-client/6.13.5/openshift-client-6.13.5.jar:/home/runner/.m2/repository/io/fabric8/openshift-client-api/6.13.5/openshift-client-api-6.13.5.jar:/home/runner/.m2/repository/io/fabric8/openshift-model/6.13.5/openshift-model-6.13.5.jar:/home/runner/.m2/repository/io/fabric8/openshift-model-clusterautoscaling/6.13.5/openshift-model-clusterautoscaling-6.13.5.jar:/home/runner/.m2/repository/io/fabric8/openshift-model-operator/6.13.5/openshift-model-operator-6.13.5.jar:/home/runner/.m2/repository/io/fabric8/openshift-model-operatorhub/6.13.5/openshift-model-operatorhub-6.13.5.jar:/home/runner/.m2/repository/io/fabric8/openshift-model-machine/6.13.5/openshift-model-machine-6.13.5.jar:/home/runner/.m2/repository/io/fabric8/openshift-model-whereabouts/6.13.5/openshift-model-whereabouts-6.13.5.jar:/home/runner/.m2/repository/io/fabric8/openshift-model-monitoring/6.13.5/openshift-model-monitoring-6.13.5.jar:/home/runner/.m2/repository/io/fabric8/openshift-model-storageversionmigrator/6.13.5/openshift-model-storageversionmigrator-6.13.5.jar:/home/runner/.m2/repository/io/fabric8/openshift-model-tuned/6.13.5/openshift-model-tuned-6.13.5.jar:/home/runner/.m2/repository/io/fabric8/openshift-model-console/6.13.5/openshift-model-console-6.13.5.jar:/home/runner/.m2/repository/io/fabric8/openshift-model-config/6.13.5/openshift-model-config-6.13.5.jar:/home/runner/.m2/repository/io/fabric8/openshift-model-machineconfig/6.13.5/openshift-model-machineconfig-6.13.5.jar:/home/runner/.m2/repository/io/fabric8/openshift-model-miscellaneous/6.13.5/openshift-model-miscellaneous-6.13.5.jar:/home/runner/.m2/repository/io/fabric8/openshift-model-hive/6.13.5/openshift-model-hive-6.13.5.jar:/home/runner/.m2/repository/io/fabric8/openshift-model-installer/6.13.5/openshift-model-installer-6.13.5.jar:/home/runner/.m2/repository/com/github/mifmif/generex/1.0.2/generex-1.0.2.jar:/home/runner/.m2/repository/dk/brics/automaton/automaton/1.11-8/automaton-1.11-8.jar:/home/runner/.m2/repository/org/junit/platform/junit-platform-launcher/1.10.3/junit-platform-launcher-1.10.3.jar:/home/runner/.m2/repository/org/junit/platform/junit-platform-engine/1.10.3/junit-platform-engine-1.10.3.jar:/home/runner/.m2/repository/org/opentest4j/opentest4j/1.3.0/opentest4j-1.3.0.jar:/home/runner/.m2/repository/org/junit/platform/junit-platform-commons/1.10.3/junit-platform-commons-1.10.3.jar:/home/runner/.m2/repository/org/apiguardian/apiguardian-api/1.1.2/apiguardian-api-1.1.2.jar:/home/runner/.m2/repository/jakarta/ws/rs/jakarta.ws.rs-api/3.1.0/jakarta.ws.rs-api-3.1.0.jar:/home/runner/work/apicurio-testing/apicurio-testing/clusters/ci419/namespaces/mysql/tests/integration/apicurio-registry/java-sdk/target/apicurio-registry-java-sdk-3.0.9.jar:/home/runner/.m2/repository/com/microsoft/kiota/microsoft-kiota-abstractions/1.8.4/microsoft-kiota-abstractions-1.8.4.jar:/home/runner/.m2/repository/io/github/std-uritemplate/std-uritemplate/2.0.0/std-uritemplate-2.0.0.jar:/home/runner/.m2/repository/io/kiota/kiota-http-jdk/0.0.21/kiota-http-jdk-0.0.21.jar:/home/runner/.m2/repository/io/kiota/kiota-http-vertx/0.0.21/kiota-http-vertx-0.0.21.jar:/home/runner/.m2/repository/io/kiota/kiota-serialization-jackson/0.0.21/kiota-serialization-jackson-0.0.21.jar:/home/runner/.m2/repository/com/microsoft/kiota/microsoft-kiota-serialization-text/1.8.4/microsoft-kiota-serialization-text-1.8.4.jar:/home/runner/.m2/repository/com/microsoft/kiota/microsoft-kiota-serialization-form/1.8.4/microsoft-kiota-serialization-form-1.8.4.jar:/home/runner/.m2/repository/com/microsoft/kiota/microsoft-kiota-serialization-multipart/1.8.4/microsoft-kiota-serialization-multipart-1.8.4.jar:/home/runner/.m2/repository/jakarta/annotation/jakarta.annotation-api/3.0.0/jakarta.annotation-api-3.0.0.jar:/home/runner/.m2/repository/io/vertx/vertx-auth-oauth2/4.5.13/vertx-auth-oauth2-4.5.13.jar:/home/runner/work/apicurio-testing/apicurio-testing/clusters/ci419/namespaces/mysql/tests/integration/apicurio-registry/java-sdk-v2/target/apicurio-registry-v2-java-sdk-3.0.9.jar:/home/runner/work/apicurio-testing/apicurio-testing/clusters/ci419/namespaces/mysql/tests/integration/apicurio-registry/utils/kafka/target/apicurio-registry-utils-kafka-3.0.9-tests.jar:/home/runner/.m2/repository/org/eclipse/microprofile/config/microprofile-config-api/3.1/microprofile-config-api-3.1.jar:/home/runner/.m2/repository/org/apache/kafka/kafka-clients/3.9.0/kafka-clients-3.9.0.jar:/home/runner/.m2/repository/com/github/luben/zstd-jni/1.5.6-4/zstd-jni-1.5.6-4.jar:/home/runner/.m2/repository/org/lz4/lz4-java/1.8.0/lz4-java-1.8.0.jar:/home/runner/.m2/repository/org/xerial/snappy/snappy-java/1.1.10.5/snappy-java-1.1.10.5.jar:/home/runner/.m2/repository/org/slf4j/slf4j-api/2.0.6/slf4j-api-2.0.6.jar:/home/runner/work/apicurio-testing/apicurio-testing/clusters/ci419/namespaces/mysql/tests/integration/apicurio-registry/utils/tests/target/apicurio-registry-utils-tests-3.0.9.jar:/home/runner/work/apicurio-testing/apicurio-testing/clusters/ci419/namespaces/mysql/tests/integration/apicurio-registry/common/target/apicurio-registry-common-3.0.9.jar:/home/runner/.m2/repository/jakarta/validation/jakarta.validation-api/3.0.2/jakarta.validation-api-3.0.2.jar:/home/runner/.m2/repository/com/github/dasniko/testcontainers-keycloak/3.6.0/testcontainers-keycloak-3.6.0.jar:/home/runner/.m2/repository/org/testcontainers/testcontainers/1.20.1/testcontainers-1.20.1.jar:/home/runner/.m2/repository/org/rnorth/duct-tape/duct-tape/1.0.8/duct-tape-1.0.8.jar:/home/runner/.m2/repository/org/jetbrains/annotations/24.1.0/annotations-24.1.0.jar:/home/runner/.m2/repository/com/github/docker-java/docker-java-transport-zerodep/3.4.0/docker-java-transport-zerodep-3.4.0.jar:/home/runner/.m2/repository/com/github/docker-java/docker-java-transport/3.4.0/docker-java-transport-3.4.0.jar:/home/runner/.m2/repository/net/java/dev/jna/jna/5.8.0/jna-5.8.0.jar:/home/runner/.m2/repository/io/quarkus/quarkus-junit4-mock/3.15.4/quarkus-junit4-mock-3.15.4.jar:/home/runner/.m2/repository/org/jboss/shrinkwrap/shrinkwrap-api/2.0.0-beta-2/shrinkwrap-api-2.0.0-beta-2.jar:/home/runner/.m2/repository/org/jboss/shrinkwrap/shrinkwrap-impl-base/2.0.0-beta-2/shrinkwrap-impl-base-2.0.0-beta-2.jar:/home/runner/.m2/repository/org/jboss/shrinkwrap/shrinkwrap-spi/2.0.0-beta-2/shrinkwrap-spi-2.0.0-beta-2.jar:/home/runner/.m2/repository/org/keycloak/keycloak-admin-client/25.0.6/keycloak-admin-client-25.0.6.jar:/home/runner/.m2/repository/org/keycloak/keycloak-core/25.0.6/keycloak-core-25.0.6.jar:/home/runner/.m2/repository/org/keycloak/keycloak-common/25.0.6/keycloak-common-25.0.6.jar:/home/runner/.m2/repository/org/jboss/resteasy/resteasy-client/6.2.9.Final/resteasy-client-6.2.9.Final.jar:/home/runner/.m2/repository/org/jboss/resteasy/resteasy-client-api/6.2.9.Final/resteasy-client-api-6.2.9.Final.jar:/home/runner/.m2/repository/org/jboss/resteasy/resteasy-core-spi/6.2.9.Final/resteasy-core-spi-6.2.9.Final.jar:/home/runner/.m2/repository/org/jboss/resteasy/resteasy-core/6.2.9.Final/resteasy-core-6.2.9.Final.jar:/home/runner/.m2/repository/org/eclipse/angus/angus-activation/2.0.2/angus-activation-2.0.2.jar:/home/runner/.m2/repository/com/ibm/async/asyncutil/0.1.0/asyncutil-0.1.0.jar:/home/runner/.m2/repository/org/reactivestreams/reactive-streams/1.0.4/reactive-streams-1.0.4.jar:/home/runner/.m2/repository/org/jboss/resteasy/resteasy-multipart-provider/6.2.9.Final/resteasy-multipart-provider-6.2.9.Final.jar:/home/runner/.m2/repository/jakarta/mail/jakarta.mail-api/2.1.2/jakarta.mail-api-2.1.2.jar:/home/runner/.m2/repository/org/eclipse/angus/angus-mail/2.0.3/angus-mail-2.0.3.jar:/home/runner/.m2/repository/org/apache/james/apache-mime4j-dom/0.8.11/apache-mime4j-dom-0.8.11.jar:/home/runner/.m2/repository/org/apache/james/apache-mime4j-core/0.8.11/apache-mime4j-core-0.8.11.jar:/home/runner/.m2/repository/org/apache/james/apache-mime4j-storage/0.8.11/apache-mime4j-storage-0.8.11.jar:/home/runner/.m2/repository/org/jboss/resteasy/resteasy-jackson2-provider/6.2.9.Final/resteasy-jackson2-provider-6.2.9.Final.jar:/home/runner/.m2/repository/com/fasterxml/jackson/jakarta/rs/jackson-jakarta-rs-base/2.17.2/jackson-jakarta-rs-base-2.17.2.jar:/home/runner/.m2/repository/com/fasterxml/jackson/jakarta/rs/jackson-jakarta-rs-json-provider/2.17.2/jackson-jakarta-rs-json-provider-2.17.2.jar:/home/runner/.m2/repository/com/fasterxml/jackson/module/jackson-module-jakarta-xmlbind-annotations/2.17.2/jackson-module-jakarta-xmlbind-annotations-2.17.2.jar:/home/runner/.m2/repository/com/github/java-json-tools/json-patch/1.13/json-patch-1.13.jar:/home/runner/.m2/repository/com/github/java-json-tools/msg-simple/1.2/msg-simple-1.2.jar:/home/runner/.m2/repository/com/github/java-json-tools/btf/1.3/btf-1.3.jar:/home/runner/.m2/repository/com/github/java-json-tools/jackson-coreutils/2.0/jackson-coreutils-2.0.jar:/home/runner/.m2/repository/org/jboss/resteasy/resteasy-jaxb-provider/6.2.9.Final/resteasy-jaxb-provider-6.2.9.Final.jar:/home/runner/.m2/repository/org/glassfish/jaxb/codemodel/4.0.3/codemodel-4.0.3.jar:/home/runner/.m2/repository/org/glassfish/jaxb/jaxb-core/4.0.5/jaxb-core-4.0.5.jar:/home/runner/.m2/repository/org/glassfish/jaxb/jaxb-jxc/4.0.3/jaxb-jxc-4.0.3.jar:/home/runner/.m2/repository/org/glassfish/jaxb/jaxb-runtime/4.0.5/jaxb-runtime-4.0.5.jar:/home/runner/.m2/repository/org/glassfish/jaxb/txw2/4.0.5/txw2-4.0.5.jar:/home/runner/.m2/repository/org/glassfish/jaxb/jaxb-xjc/4.0.3/jaxb-xjc-4.0.3.jar:/home/runner/.m2/repository/org/glassfish/jaxb/xsom/4.0.3/xsom-4.0.3.jar:/home/runner/.m2/repository/com/sun/istack/istack-commons-runtime/4.1.2/istack-commons-runtime-4.1.2.jar:/home/runner/.m2/repository/com/sun/istack/istack-commons-tools/4.1.2/istack-commons-tools-4.1.2.jar:/home/runner/.m2/repository/com/sun/xml/bind/external/relaxng-datatype/4.0.3/relaxng-datatype-4.0.3.jar:/home/runner/.m2/repository/com/sun/xml/bind/external/rngom/4.0.3/rngom-4.0.3.jar:/home/runner/.m2/repository/org/testcontainers/mssqlserver/1.20.1/mssqlserver-1.20.1.jar:/home/runner/.m2/repository/org/testcontainers/jdbc/1.20.1/jdbc-1.20.1.jar:/home/runner/.m2/repository/org/testcontainers/database-commons/1.20.1/database-commons-1.20.1.jar:/home/runner/.m2/repository/org/testcontainers/mysql/1.20.1/mysql-1.20.1.jar:/home/runner/.m2/repository/io/strimzi/strimzi-test-container/0.107.0/strimzi-test-container-0.107.0.jar:/home/runner/.m2/repository/org/testcontainers/toxiproxy/1.20.1/toxiproxy-1.20.1.jar:/home/runner/.m2/repository/com/github/docker-java/docker-java-api/3.4.0/docker-java-api-3.4.0.jar:/home/runner/.m2/repository/eu/rekawek/toxiproxy/toxiproxy-java/2.1.7/toxiproxy-java-2.1.7.jar:/home/runner/.m2/repository/junit/junit/4.13.2/junit-4.13.2.jar:/home/runner/.m2/repository/org/hamcrest/hamcrest-core/1.3/hamcrest-core-1.3.jar:/home/runner/.m2/repository/org/testcontainers/pulsar/1.20.4/pulsar-1.20.4.jar:/home/runner/.m2/repository/io/debezium/debezium-testing-testcontainers/2.6.2.Final/debezium-testing-testcontainers-2.6.2.Final.jar:/home/runner/.m2/repository/org/testcontainers/kafka/1.20.1/kafka-1.20.1.jar:/home/runner/.m2/repository/com/squareup/okhttp3/okhttp/4.8.1/okhttp-4.8.1.jar:/home/runner/.m2/repository/com/squareup/okio/okio/3.10.2/okio-3.10.2.jar:/home/runner/.m2/repository/com/squareup/okio/okio-jvm/3.10.2/okio-jvm-3.10.2.jar:/home/runner/.m2/repository/org/jetbrains/kotlin/kotlin-stdlib/2.0.10/kotlin-stdlib-2.0.10.jar:/home/runner/.m2/repository/org/awaitility/awaitility/4.2.2/awaitility-4.2.2.jar:/home/runner/.m2/repository/org/testcontainers/mongodb/1.20.1/mongodb-1.20.1.jar:/home/runner/.m2/repository/org/testcontainers/oracle-xe/1.20.1/oracle-xe-1.20.1.jar:/home/runner/.m2/repository/org/testcontainers/postgresql/1.20.1/postgresql-1.20.1.jar:/home/runner/.m2/repository/org/wiremock/wiremock/3.0.1/wiremock-3.0.1.jar:/home/runner/.m2/repository/org/eclipse/jetty/jetty-server/11.0.15/jetty-server-11.0.15.jar:/home/runner/.m2/repository/org/eclipse/jetty/toolchain/jetty-jakarta-servlet-api/5.0.2/jetty-jakarta-servlet-api-5.0.2.jar:/home/runner/.m2/repository/org/eclipse/jetty/jetty-http/11.0.15/jetty-http-11.0.15.jar:/home/runner/.m2/repository/org/eclipse/jetty/jetty-io/11.0.15/jetty-io-11.0.15.jar:/home/runner/.m2/repository/org/eclipse/jetty/jetty-servlet/11.0.15/jetty-servlet-11.0.15.jar:/home/runner/.m2/repository/org/eclipse/jetty/jetty-security/11.0.15/jetty-security-11.0.15.jar:/home/runner/.m2/repository/org/eclipse/jetty/jetty-servlets/11.0.15/jetty-servlets-11.0.15.jar:/home/runner/.m2/repository/org/eclipse/jetty/jetty-util/11.0.15/jetty-util-11.0.15.jar:/home/runner/.m2/repository/org/eclipse/jetty/jetty-webapp/11.0.15/jetty-webapp-11.0.15.jar:/home/runner/.m2/repository/org/eclipse/jetty/jetty-xml/11.0.15/jetty-xml-11.0.15.jar:/home/runner/.m2/repository/org/eclipse/jetty/jetty-proxy/11.0.15/jetty-proxy-11.0.15.jar:/home/runner/.m2/repository/org/eclipse/jetty/jetty-client/11.0.15/jetty-client-11.0.15.jar:/home/runner/.m2/repository/org/eclipse/jetty/http2/http2-server/11.0.15/http2-server-11.0.15.jar:/home/runner/.m2/repository/org/eclipse/jetty/http2/http2-common/11.0.15/http2-common-11.0.15.jar:/home/runner/.m2/repository/org/eclipse/jetty/http2/http2-hpack/11.0.15/http2-hpack-11.0.15.jar:/home/runner/.m2/repository/org/eclipse/jetty/jetty-alpn-server/11.0.15/jetty-alpn-server-11.0.15.jar:/home/runner/.m2/repository/org/eclipse/jetty/jetty-alpn-java-server/11.0.15/jetty-alpn-java-server-11.0.15.jar:/home/runner/.m2/repository/org/eclipse/jetty/jetty-alpn-java-client/11.0.15/jetty-alpn-java-client-11.0.15.jar:/home/runner/.m2/repository/org/eclipse/jetty/jetty-alpn-client/11.0.15/jetty-alpn-client-11.0.15.jar:/home/runner/.m2/repository/org/apache/httpcomponents/client5/httpclient5/5.2.1/httpclient5-5.2.1.jar:/home/runner/.m2/repository/org/apache/httpcomponents/core5/httpcore5/5.2/httpcore5-5.2.jar:/home/runner/.m2/repository/org/apache/httpcomponents/core5/httpcore5-h2/5.2/httpcore5-h2-5.2.jar:/home/runner/.m2/repository/org/xmlunit/xmlunit-core/2.9.1/xmlunit-core-2.9.1.jar:/home/runner/.m2/repository/jakarta/xml/bind/jakarta.xml.bind-api/4.0.2/jakarta.xml.bind-api-4.0.2.jar:/home/runner/.m2/repository/jakarta/activation/jakarta.activation-api/2.1.3/jakarta.activation-api-2.1.3.jar:/home/runner/.m2/repository/org/xmlunit/xmlunit-legacy/2.9.1/xmlunit-legacy-2.9.1.jar:/home/runner/.m2/repository/org/xmlunit/xmlunit-placeholders/2.9.1/xmlunit-placeholders-2.9.1.jar:/home/runner/.m2/repository/net/javacrumbs/json-unit/json-unit-core/2.38.0/json-unit-core-2.38.0.jar:/home/runner/.m2/repository/com/jayway/jsonpath/json-path/2.8.0/json-path-2.8.0.jar:/home/runner/.m2/repository/net/minidev/json-smart/2.4.10/json-smart-2.4.10.jar:/home/runner/.m2/repository/net/minidev/accessors-smart/2.4.9/accessors-smart-2.4.9.jar:/home/runner/.m2/repository/org/ow2/asm/asm/9.7/asm-9.7.jar:/home/runner/.m2/repository/net/sf/jopt-simple/jopt-simple/5.0.4/jopt-simple-5.0.4.jar:/home/runner/.m2/repository/com/github/jknack/handlebars/4.3.1/handlebars-4.3.1.jar:/home/runner/.m2/repository/com/github/jknack/handlebars-helpers/4.3.1/handlebars-helpers-4.3.1.jar:/home/runner/.m2/repository/commons-fileupload/commons-fileupload/1.5/commons-fileupload-1.5.jar:/home/runner/.m2/repository/com/networknt/json-schema-validator/1.5.5/json-schema-validator-1.5.5.jar:/home/runner/.m2/repository/com/ethlo/time/itu/1.10.3/itu-1.10.3.jar:/home/runner/.m2/repository/io/quarkus/quarkus-smallrye-jwt-build/3.15.4/quarkus-smallrye-jwt-build-3.15.4.jar:/home/runner/.m2/repository/io/smallrye/smallrye-jwt-build/4.5.3/smallrye-jwt-build-4.5.3.jar:/home/runner/.m2/repository/org/eclipse/microprofile/jwt/microprofile-jwt-auth-api/2.1/microprofile-jwt-auth-api-2.1.jar:/home/runner/.m2/repository/org/bitbucket/b_c/jose4j/0.9.6/jose4j-0.9.6.jar:/home/runner/.m2/repository/io/smallrye/smallrye-jwt-common/4.5.3/smallrye-jwt-common-4.5.3.jar:/home/runner/.m2/repository/io/quarkus/quarkus-jsonp/3.15.4/quarkus-jsonp-3.15.4.jar:/home/runner/.m2/repository/io/quarkus/quarkus-arc/3.15.4/quarkus-arc-3.15.4.jar:/home/runner/.m2/repository/io/quarkus/arc/arc/3.15.4/arc-3.15.4.jar:/home/runner/.m2/repository/jakarta/transaction/jakarta.transaction-api/2.0.1/jakarta.transaction-api-2.0.1.jar:/home/runner/.m2/repository/io/smallrye/reactive/mutiny/2.6.2/mutiny-2.6.2.jar:/home/runner/.m2/repository/org/jctools/jctools-core/4.0.5/jctools-core-4.0.5.jar:/home/runner/.m2/repository/org/eclipse/microprofile/context-propagation/microprofile-context-propagation-api/1.3/microprofile-context-propagation-api-1.3.jar:/home/runner/.m2/repository/io/apicurio/apicurio-common-rest-client-common/0.1.18.Final/apicurio-common-rest-client-common-0.1.18.Final.jar:/home/runner/work/apicurio-testing/apicurio-testing/clusters/ci419/namespaces/mysql/tests/integration/apicurio-registry/utils/maven-plugin/target/apicurio-registry-maven-plugin-3.0.9.jar:/home/runner/.m2/repository/com/fasterxml/jackson/core/jackson-databind/2.17.2/jackson-databind-2.17.2.jar:/home/runner/.m2/repository/org/apache/avro/avro/1.12.0/avro-1.12.0.jar:/home/runner/.m2/repository/com/google/protobuf/protobuf-java/3.25.8/protobuf-java-3.25.8.jar:/home/runner/.m2/repository/com/google/protobuf/protobuf-java-util/3.25.8/protobuf-java-util-3.25.8.jar:/home/runner/.m2/repository/com/google/code/findbugs/jsr305/3.0.2/jsr305-3.0.2.jar:/home/runner/.m2/repository/com/google/code/gson/gson/2.11.0/gson-2.11.0.jar:/home/runner/.m2/repository/com/google/errorprone/error_prone_annotations/2.30.0/error_prone_annotations-2.30.0.jar:/home/runner/.m2/repository/com/google/j2objc/j2objc-annotations/2.8/j2objc-annotations-2.8.jar:/home/runner/work/apicurio-testing/apicurio-testing/clusters/ci419/namespaces/mysql/tests/integration/apicurio-registry/schema-util/util-provider/target/apicurio-registry-schema-util-provider-3.0.9.jar:/home/runner/work/apicurio-testing/apicurio-testing/clusters/ci419/namespaces/mysql/tests/integration/apicurio-registry/schema-util/common/target/apicurio-registry-schema-util-common-3.0.9.jar:/home/runner/.m2/repository/com/fasterxml/jackson/module/jackson-module-parameter-names/2.17.2/jackson-module-parameter-names-2.17.2.jar:/home/runner/.m2/repository/com/fasterxml/jackson/datatype/jackson-datatype-json-org/2.18.2/jackson-datatype-json-org-2.18.2.jar:/home/runner/work/apicurio-testing/apicurio-testing/clusters/ci419/namespaces/mysql/tests/integration/apicurio-registry/schema-util/json/target/apicurio-registry-schema-util-json-3.0.9.jar:/home/runner/.m2/repository/com/github/erosb/everit-json-schema/1.14.5/everit-json-schema-1.14.5.jar:/home/runner/.m2/repository/commons-validator/commons-validator/1.9.0/commons-validator-1.9.0.jar:/home/runner/.m2/repository/commons-digester/commons-digester/2.1/commons-digester-2.1.jar:/home/runner/.m2/repository/commons-collections/commons-collections/3.2.2/commons-collections-3.2.2.jar:/home/runner/.m2/repository/com/damnhandy/handy-uri-templates/2.1.8/handy-uri-templates-2.1.8.jar:/home/runner/.m2/repository/joda-time/joda-time/2.10.2/joda-time-2.10.2.jar:/home/runner/.m2/repository/com/github/erosb/json-sKema/0.20.0/json-sKema-0.20.0.jar:/home/runner/.m2/repository/io/vertx/vertx-json-schema/4.5.13/vertx-json-schema-4.5.13.jar:/home/runner/work/apicurio-testing/apicurio-testing/clusters/ci419/namespaces/mysql/tests/integration/apicurio-registry/schema-util/protobuf/target/apicurio-registry-schema-util-protobuf-3.0.9.jar:/home/runner/work/apicurio-testing/apicurio-testing/clusters/ci419/namespaces/mysql/tests/integration/apicurio-registry/utils/protobuf-schema-utilities/target/apicurio-registry-protobuf-schema-utilities-3.0.9.jar:/home/runner/.m2/repository/com/google/api/grpc/proto-google-common-protos/2.52.0/proto-google-common-protos-2.52.0.jar:/home/runner/.m2/repository/com/squareup/wire/wire-schema-jvm/5.1.0/wire-schema-jvm-5.1.0.jar:/home/runner/.m2/repository/com/squareup/javapoet/1.13.0/javapoet-1.13.0.jar:/home/runner/.m2/repository/com/squareup/kotlinpoet-jvm/1.18.1/kotlinpoet-jvm-1.18.1.jar:/home/runner/.m2/repository/org/jetbrains/kotlin/kotlin-reflect/2.0.10/kotlin-reflect-2.0.10.jar:/home/runner/.m2/repository/com/squareup/wire/wire-runtime-jvm/5.1.0/wire-runtime-jvm-5.1.0.jar:/home/runner/.m2/repository/com/ibm/icu/icu4j/76.1/icu4j-76.1.jar:/home/runner/.m2/repository/com/squareup/okio/okio-fakefilesystem/3.10.2/okio-fakefilesystem-3.10.2.jar:/home/runner/.m2/repository/com/squareup/okio/okio-fakefilesystem-jvm/3.10.2/okio-fakefilesystem-jvm-3.10.2.jar:/home/runner/.m2/repository/org/jetbrains/kotlinx/kotlinx-datetime-jvm/0.6.1/kotlinx-datetime-jvm-0.6.1.jar:/home/runner/work/apicurio-testing/apicurio-testing/clusters/ci419/namespaces/mysql/tests/integration/apicurio-registry/schema-util/asyncapi/target/apicurio-registry-schema-util-asyncapi-3.0.9.jar:/home/runner/work/apicurio-testing/apicurio-testing/clusters/ci419/namespaces/mysql/tests/integration/apicurio-registry/schema-util/avro/target/apicurio-registry-schema-util-avro-3.0.9.jar:/home/runner/work/apicurio-testing/apicurio-testing/clusters/ci419/namespaces/mysql/tests/integration/apicurio-registry/schema-util/graphql/target/apicurio-registry-schema-util-graphql-3.0.9.jar:/home/runner/.m2/repository/com/graphql-java/graphql-java/22.3/graphql-java-22.3.jar:/home/runner/.m2/repository/com/graphql-java/java-dataloader/3.3.0/java-dataloader-3.3.0.jar:/home/runner/work/apicurio-testing/apicurio-testing/clusters/ci419/namespaces/mysql/tests/integration/apicurio-registry/schema-util/kconnect/target/apicurio-registry-schema-util-kconnect-3.0.9.jar:/home/runner/work/apicurio-testing/apicurio-testing/clusters/ci419/namespaces/mysql/tests/integration/apicurio-registry/schema-util/openapi/target/apicurio-registry-schema-util-openapi-3.0.9.jar:/home/runner/.m2/repository/io/apicurio/apicurio-data-models/2.2.1/apicurio-data-models-2.2.1.jar:/home/runner/.m2/repository/org/openapitools/openapidiff/openapi-diff-core/2.0.1/openapi-diff-core-2.0.1.jar:/home/runner/.m2/repository/io/swagger/parser/v3/swagger-parser/2.0.28/swagger-parser-2.0.28.jar:/home/runner/.m2/repository/io/swagger/parser/v3/swagger-parser-v2-converter/2.0.28/swagger-parser-v2-converter-2.0.28.jar:/home/runner/.m2/repository/io/swagger/swagger-core/1.6.3/swagger-core-1.6.3.jar:/home/runner/.m2/repository/io/swagger/swagger-models/1.6.3/swagger-models-1.6.3.jar:/home/runner/.m2/repository/io/swagger/swagger-annotations/1.6.3/swagger-annotations-1.6.3.jar:/home/runner/.m2/repository/io/swagger/swagger-parser/1.0.56/swagger-parser-1.0.56.jar:/home/runner/.m2/repository/io/swagger/swagger-compat-spec-parser/1.0.56/swagger-compat-spec-parser-1.0.56.jar:/home/runner/.m2/repository/com/github/java-json-tools/json-schema-validator/2.2.14/json-schema-validator-2.2.14.jar:/home/runner/.m2/repository/com/github/java-json-tools/jackson-coreutils-equivalence/1.0/jackson-coreutils-equivalence-1.0.jar:/home/runner/.m2/repository/com/github/java-json-tools/json-schema-core/1.2.14/json-schema-core-1.2.14.jar:/home/runner/.m2/repository/com/github/java-json-tools/uri-template/0.10/uri-template-0.10.jar:/home/runner/.m2/repository/com/sun/mail/mailapi/1.6.2/mailapi-1.6.2.jar:/home/runner/.m2/repository/com/googlecode/libphonenumber/libphonenumber/8.11.1/libphonenumber-8.11.1.jar:/home/runner/.m2/repository/com/j2html/j2html/1.5.0/j2html-1.5.0.jar:/home/runner/.m2/repository/org/apache/commons/commons-collections4/4.4/commons-collections4-4.4.jar:/home/runner/.m2/repository/commons-httpclient/commons-httpclient/3.1/commons-httpclient-3.1.jar:/home/runner/.m2/repository/io/swagger/parser/v3/swagger-parser-v3/2.1.25/swagger-parser-v3-2.1.25.jar:/home/runner/.m2/repository/io/swagger/core/v3/swagger-models/2.2.28/swagger-models-2.2.28.jar:/home/runner/.m2/repository/io/swagger/core/v3/swagger-core/2.2.28/swagger-core-2.2.28.jar:/home/runner/.m2/repository/io/swagger/parser/v3/swagger-parser-core/2.1.25/swagger-parser-core-2.1.25.jar:/home/runner/.m2/repository/io/swagger/parser/v3/swagger-parser-safe-url-resolver/2.1.25/swagger-parser-safe-url-resolver-2.1.25.jar:/home/runner/work/apicurio-testing/apicurio-testing/clusters/ci419/namespaces/mysql/tests/integration/apicurio-registry/schema-util/wsdl/target/apicurio-registry-schema-util-wsdl-3.0.9.jar:/home/runner/.m2/repository/wsdl4j/wsdl4j/1.6.3/wsdl4j-1.6.3.jar:/home/runner/work/apicurio-testing/apicurio-testing/clusters/ci419/namespaces/mysql/tests/integration/apicurio-registry/schema-util/xml/target/apicurio-registry-schema-util-xml-3.0.9.jar:/home/runner/.m2/repository/org/apache/santuario/xmlsec/4.0.3/xmlsec-4.0.3.jar:/home/runner/.m2/repository/com/fasterxml/woodstox/woodstox-core/7.1.0/woodstox-core-7.1.0.jar:/home/runner/.m2/repository/org/codehaus/woodstox/stax2-api/4.2.2/stax2-api-4.2.2.jar:/home/runner/work/apicurio-testing/apicurio-testing/clusters/ci419/namespaces/mysql/tests/integration/apicurio-registry/schema-util/xsd/target/apicurio-registry-schema-util-xsd-3.0.9.jar:/home/runner/work/apicurio-testing/apicurio-testing/clusters/ci419/namespaces/mysql/tests/integration/apicurio-registry/serdes/kafka/jsonschema-serde/target/apicurio-registry-jsonschema-serde-kafka-3.0.9.jar:/home/runner/work/apicurio-testing/apicurio-testing/clusters/ci419/namespaces/mysql/tests/integration/apicurio-registry/serdes/kafka/serde-kafka-common/target/apicurio-registry-serde-kafka-common-3.0.9.jar:/home/runner/work/apicurio-testing/apicurio-testing/clusters/ci419/namespaces/mysql/tests/integration/apicurio-registry/serdes/generic/serde-common/target/apicurio-registry-serde-common-3.0.9.jar:/home/runner/work/apicurio-testing/apicurio-testing/clusters/ci419/namespaces/mysql/tests/integration/apicurio-registry/schema-resolver/target/apicurio-registry-schema-resolver-3.0.9.jar:/home/runner/work/apicurio-testing/apicurio-testing/clusters/ci419/namespaces/mysql/tests/integration/apicurio-registry/serdes/generic/serde-common-jsonschema/target/apicurio-registry-serde-common-jsonschema-3.0.9.jar:/home/runner/.m2/repository/org/json/json/20250107/json-20250107.jar:/home/runner/work/apicurio-testing/apicurio-testing/clusters/ci419/namespaces/mysql/tests/integration/apicurio-registry/serdes/kafka/avro-serde/target/apicurio-registry-avro-serde-kafka-3.0.9.jar:/home/runner/work/apicurio-testing/apicurio-testing/clusters/ci419/namespaces/mysql/tests/integration/apicurio-registry/serdes/generic/serde-common-avro/target/apicurio-registry-serde-common-avro-3.0.9.jar:/home/runner/work/apicurio-testing/apicurio-testing/clusters/ci419/namespaces/mysql/tests/integration/apicurio-registry/serdes/kafka/protobuf-serde/target/apicurio-registry-protobuf-serde-kafka-3.0.9.jar:/home/runner/work/apicurio-testing/apicurio-testing/clusters/ci419/namespaces/mysql/tests/integration/apicurio-registry/serdes/generic/serde-common-protobuf/target/apicurio-registry-serde-common-protobuf-3.0.9.jar:/home/runner/.m2/repository/com/squareup/wire/wire-schema/5.1.0/wire-schema-5.1.0.jar:/home/runner/.m2/repository/com/squareup/wire/wire-runtime/5.1.0/wire-runtime-5.1.0.jar:/home/runner/work/apicurio-testing/apicurio-testing/clusters/ci419/namespaces/mysql/tests/integration/apicurio-registry/serdes/pulsar/avro-serde/target/apicurio-registry-avro-serde-pulsar-3.0.9.jar:/home/runner/.m2/repository/org/apache/pulsar/pulsar-functions-api/3.3.4/pulsar-functions-api-3.3.4.jar:/home/runner/work/apicurio-testing/apicurio-testing/clusters/ci419/namespaces/mysql/tests/integration/apicurio-registry/serdes/nats/avro-serde/target/apicurio-registry-avro-serde-nats-3.0.9.jar:/home/runner/.m2/repository/io/nats/jnats/2.20.5/jnats-2.20.5.jar:/home/runner/.m2/repository/net/i2p/crypto/eddsa/0.3.0/eddsa-0.3.0.jar:/home/runner/work/apicurio-testing/apicurio-testing/clusters/ci419/namespaces/mysql/tests/integration/apicurio-registry/utils/converter/target/apicurio-registry-utils-converter-3.0.9.jar:/home/runner/.m2/repository/org/apache/kafka/connect-api/3.9.1/connect-api-3.9.1.jar:/home/runner/.m2/repository/javax/ws/rs/javax.ws.rs-api/2.1.1/javax.ws.rs-api-2.1.1.jar:/home/runner/.m2/repository/org/apache/kafka/connect-json/3.9.1/connect-json-3.9.1.jar:/home/runner/.m2/repository/com/fasterxml/jackson/datatype/jackson-datatype-jdk8/2.17.2/jackson-datatype-jdk8-2.17.2.jar:/home/runner/.m2/repository/com/fasterxml/jackson/module/jackson-module-afterburner/2.17.2/jackson-module-afterburner-2.17.2.jar:/home/runner/work/apicurio-testing/apicurio-testing/clusters/ci419/namespaces/mysql/tests/integration/apicurio-registry/utils/kafka/target/apicurio-registry-utils-kafka-3.0.9.jar:/home/runner/.m2/repository/org/apache/pulsar/pulsar-client/3.3.4/pulsar-client-3.3.4.jar:/home/runner/.m2/repository/org/apache/pulsar/pulsar-client-api/3.3.4/pulsar-client-api-3.3.4.jar:/home/runner/.m2/repository/org/apache/pulsar/pulsar-client-admin-api/3.3.4/pulsar-client-admin-api-3.3.4.jar:/home/runner/.m2/repository/org/apache/pulsar/bouncy-castle-bc/3.3.4/bouncy-castle-bc-3.3.4-pkg.jar:/home/runner/.m2/repository/org/bouncycastle/bcpkix-jdk18on/1.78.1/bcpkix-jdk18on-1.78.1.jar:/home/runner/.m2/repository/org/bouncycastle/bcutil-jdk18on/1.78.1/bcutil-jdk18on-1.78.1.jar:/home/runner/.m2/repository/org/bouncycastle/bcprov-jdk18on/1.78.1/bcprov-jdk18on-1.78.1.jar:/home/runner/.m2/repository/io/opentelemetry/opentelemetry-api/1.39.0/opentelemetry-api-1.39.0.jar:/home/runner/.m2/repository/io/opentelemetry/opentelemetry-context/1.39.0/opentelemetry-context-1.39.0.jar:/home/runner/.m2/repository/io/opentelemetry/opentelemetry-api-incubator/1.39.0-alpha/opentelemetry-api-incubator-1.39.0-alpha.jar:/home/runner/.m2/repository/com/fasterxml/jackson/core/jackson-annotations/2.17.2/jackson-annotations-2.17.2.jar:/home/runner/.m2/repository/javax/validation/validation-api/1.1.0.Final/validation-api-1.1.0.Final.jar:/home/runner/.m2/repository/io/confluent/kafka-avro-serializer/7.9.0/kafka-avro-serializer-7.9.0.jar:/home/runner/.m2/repository/org/apache/commons/commons-compress/1.27.0/commons-compress-1.27.0.jar:/home/runner/.m2/repository/io/confluent/kafka-schema-serializer/7.9.0/kafka-schema-serializer-7.9.0.jar:/home/runner/.m2/repository/com/fasterxml/jackson/dataformat/jackson-dataformat-csv/2.17.2/jackson-dataformat-csv-2.17.2.jar:/home/runner/.m2/repository/io/confluent/kafka-schema-registry-client/7.9.0/kafka-schema-registry-client-7.9.0.jar:/home/runner/.m2/repository/org/yaml/snakeyaml/2.2/snakeyaml-2.2.jar:/home/runner/.m2/repository/io/swagger/core/v3/swagger-annotations/2.1.10/swagger-annotations-2.1.10.jar:/home/runner/.m2/repository/com/google/guava/guava/33.2.1-jre/guava-33.2.1-jre.jar:/home/runner/.m2/repository/com/google/guava/failureaccess/1.0.1/failureaccess-1.0.1.jar:/home/runner/.m2/repository/org/checkerframework/checker-qual/3.46.0/checker-qual-3.46.0.jar:/home/runner/.m2/repository/io/confluent/logredactor/1.0.12/logredactor-1.0.12.jar:/home/runner/.m2/repository/com/google/re2j/re2j/1.6/re2j-1.6.jar:/home/runner/.m2/repository/io/confluent/logredactor-metrics/1.0.12/logredactor-metrics-1.0.12.jar:/home/runner/.m2/repository/com/eclipsesource/minimal-json/minimal-json/0.9.5/minimal-json-0.9.5.jar:/home/runner/.m2/repository/io/confluent/common-utils/7.9.0/common-utils-7.9.0.jar:/home/runner/.m2/repository/io/confluent/kafka-connect-avro-converter/7.9.0/kafka-connect-avro-converter-7.9.0.jar:/home/runner/.m2/repository/io/confluent/kafka-connect-avro-data/7.9.0/kafka-connect-avro-data-7.9.0.jar:/home/runner/.m2/repository/io/confluent/kafka-schema-converter/7.9.0/kafka-schema-converter-7.9.0.jar:/home/runner/.m2/repository/io/rest-assured/rest-assured/5.5.0/rest-assured-5.5.0.jar:/home/runner/.m2/repository/org/apache/groovy/groovy/4.0.22/groovy-4.0.22.jar:/home/runner/.m2/repository/org/apache/groovy/groovy-xml/4.0.22/groovy-xml-4.0.22.jar:/home/runner/.m2/repository/org/apache/httpcomponents/httpclient/4.5.14/httpclient-4.5.14.jar:/home/runner/.m2/repository/org/apache/httpcomponents/httpcore/4.4.16/httpcore-4.4.16.jar:/home/runner/.m2/repository/org/apache/httpcomponents/httpmime/4.5.14/httpmime-4.5.14.jar:/home/runner/.m2/repository/org/hamcrest/hamcrest/2.2/hamcrest-2.2.jar:/home/runner/.m2/repository/org/ccil/cowan/tagsoup/tagsoup/1.2.1/tagsoup-1.2.1.jar:/home/runner/.m2/repository/io/rest-assured/json-path/5.5.0/json-path-5.5.0.jar:/home/runner/.m2/repository/org/apache/groovy/groovy-json/4.0.22/groovy-json-4.0.22.jar:/home/runner/.m2/repository/io/rest-assured/rest-assured-common/5.5.0/rest-assured-common-5.5.0.jar:/home/runner/.m2/repository/io/rest-assured/xml-path/5.5.0/xml-path-5.5.0.jar:/home/runner/.m2/repository/io/zonky/test/embedded-postgres/2.1.0/embedded-postgres-2.1.0.jar:/home/runner/.m2/repository/io/zonky/test/postgres/embedded-postgres-binaries-windows-amd64/14.15.0/embedded-postgres-binaries-windows-amd64-14.15.0.jar:/home/runner/.m2/repository/io/zonky/test/postgres/embedded-postgres-binaries-darwin-amd64/14.15.0/embedded-postgres-binaries-darwin-amd64-14.15.0.jar:/home/runner/.m2/repository/io/zonky/test/postgres/embedded-postgres-binaries-linux-amd64/14.15.0/embedded-postgres-binaries-linux-amd64-14.15.0.jar:/home/runner/.m2/repository/io/zonky/test/postgres/embedded-postgres-binaries-linux-amd64-alpine/14.15.0/embedded-postgres-binaries-linux-amd64-alpine-14.15.0.jar:/home/runner/.m2/repository/org/apache/commons/commons-lang3/3.14.0/commons-lang3-3.14.0.jar:/home/runner/.m2/repository/org/tukaani/xz/1.10/xz-1.10.jar:/home/runner/.m2/repository/commons-codec/commons-codec/1.18.0/commons-codec-1.18.0.jar:/home/runner/.m2/repository/org/postgresql/postgresql/42.7.4/postgresql-42.7.4.jar:/home/runner/.m2/repository/commons-io/commons-io/2.16.1/commons-io-2.16.1.jar:/home/runner/work/apicurio-testing/apicurio-testing/clusters/ci419/namespaces/mysql/tests/integration/apicurio-registry/utils/importexport/target/apicurio-registry-utils-import-export-3.0.9.jar:/home/runner/.m2/repository/io/vertx/vertx-core/4.5.13/vertx-core-4.5.13.jar:/home/runner/.m2/repository/io/netty/netty-common/4.1.118.Final/netty-common-4.1.118.Final.jar:/home/runner/.m2/repository/io/netty/netty-buffer/4.1.118.Final/netty-buffer-4.1.118.Final.jar:/home/runner/.m2/repository/io/netty/netty-transport/4.1.118.Final/netty-transport-4.1.118.Final.jar:/home/runner/.m2/repository/io/netty/netty-handler/4.1.118.Final/netty-handler-4.1.118.Final.jar:/home/runner/.m2/repository/io/netty/netty-transport-native-unix-common/4.1.118.Final/netty-transport-native-unix-common-4.1.118.Final.jar:/home/runner/.m2/repository/io/netty/netty-codec/4.1.118.Final/netty-codec-4.1.118.Final.jar:/home/runner/.m2/repository/io/netty/netty-handler-proxy/4.1.118.Final/netty-handler-proxy-4.1.118.Final.jar:/home/runner/.m2/repository/io/netty/netty-codec-socks/4.1.118.Final/netty-codec-socks-4.1.118.Final.jar:/home/runner/.m2/repository/io/netty/netty-codec-http/4.1.118.Final/netty-codec-http-4.1.118.Final.jar:/home/runner/.m2/repository/io/netty/netty-codec-http2/4.1.118.Final/netty-codec-http2-4.1.118.Final.jar:/home/runner/.m2/repository/io/netty/netty-resolver/4.1.118.Final/netty-resolver-4.1.118.Final.jar:/home/runner/.m2/repository/io/netty/netty-resolver-dns/4.1.118.Final/netty-resolver-dns-4.1.118.Final.jar:/home/runner/.m2/repository/io/netty/netty-codec-dns/4.1.118.Final/netty-codec-dns-4.1.118.Final.jar:/home/runner/.m2/repository/com/fasterxml/jackson/core/jackson-core/2.17.2/jackson-core-2.17.2.jar:"/>
    <property name="java.vm.vendor" value="Eclipse Adoptium"/>
    <property name="maven.javadoc.skip" value="true"/>
    <property name="sun.arch.data.model" value="64"/>
    <property name="java.vendor.url" value="https://adoptium.net/"/>
    <property name="user.timezone" value="Etc/UTC"/>
    <property name="os.name" value="Linux"/>
    <property name="java.vm.specification.version" value="17"/>
    <property name="sun.java.launcher" value="SUN_STANDARD"/>
    <property name="quarkus.http.test-port" value="80"/>
    <property name="sun.boot.library.path" value="/usr/lib/jvm/temurin-17-jdk-amd64/lib"/>
    <property name="sun.java.command" value="/home/runner/work/apicurio-testing/apicurio-testing/clusters/ci419/namespaces/mysql/tests/integration/apicurio-registry/integration-tests/target/surefire/surefirebooter-20250731022243365_3.jar /home/runner/work/apicurio-testing/apicurio-testing/clusters/ci419/namespaces/mysql/tests/integration/apicurio-registry/integration-tests/target/surefire 2025-07-31T02-22-43_291-jvmRun1 surefire-20250731022243365_1tmp surefire_0-20250731022243365_2tmp"/>
    <property name="maven.home" value="/home/runner/.m2/wrapper/dists/apache-maven-3.9.8-bin/4fnp1ql35bgk2a0p7m31ovbgb0/apache-maven-3.9.8"/>
    <property name="jdk.debug" value="release"/>
    <property name="surefire.test.class.path" value="/home/runner/work/apicurio-testing/apicurio-testing/clusters/ci419/namespaces/mysql/tests/integration/apicurio-registry/integration-tests/target/test-classes:/home/runner/work/apicurio-testing/apicurio-testing/clusters/ci419/namespaces/mysql/tests/integration/apicurio-registry/integration-tests/target/apicurio-registry-integration-tests-3.0.9.jar:/home/runner/.m2/repository/io/quarkus/quarkus-junit5/3.15.4/quarkus-junit5-3.15.4.jar:/home/runner/.m2/repository/io/quarkus/quarkus-bootstrap-core/3.15.4/quarkus-bootstrap-core-3.15.4.jar:/home/runner/.m2/repository/io/quarkus/quarkus-classloader-commons/3.15.4/quarkus-classloader-commons-3.15.4.jar:/home/runner/.m2/repository/io/quarkus/quarkus-bootstrap-app-model/3.15.4/quarkus-bootstrap-app-model-3.15.4.jar:/home/runner/.m2/repository/io/smallrye/common/smallrye-common-io/2.6.1/smallrye-common-io-2.6.1.jar:/home/runner/.m2/repository/org/eclipse/sisu/org.eclipse.sisu.inject/0.9.0.M3/org.eclipse.sisu.inject-0.9.0.M3.jar:/home/runner/.m2/repository/io/quarkus/quarkus-test-common/3.15.4/quarkus-test-common-3.15.4.jar:/home/runner/.m2/repository/io/quarkus/quarkus-core-deployment/3.15.4/quarkus-core-deployment-3.15.4.jar:/home/runner/.m2/repository/org/aesh/readline/2.6/readline-2.6.jar:/home/runner/.m2/repository/org/fusesource/jansi/jansi/2.4.0/jansi-2.4.0.jar:/home/runner/.m2/repository/org/aesh/aesh/2.8.2/aesh-2.8.2.jar:/home/runner/.m2/repository/io/quarkus/gizmo/gizmo/1.8.0/gizmo-1.8.0.jar:/home/runner/.m2/repository/org/ow2/asm/asm-util/9.7/asm-util-9.7.jar:/home/runner/.m2/repository/org/ow2/asm/asm-analysis/9.7/asm-analysis-9.7.jar:/home/runner/.m2/repository/org/ow2/asm/asm-commons/9.7/asm-commons-9.7.jar:/home/runner/.m2/repository/org/ow2/asm/asm-tree/9.7/asm-tree-9.7.jar:/home/runner/.m2/repository/io/quarkus/quarkus-hibernate-validator-spi/3.15.4/quarkus-hibernate-validator-spi-3.15.4.jar:/home/runner/.m2/repository/io/quarkus/quarkus-class-change-agent/3.15.4/quarkus-class-change-agent-3.15.4.jar:/home/runner/.m2/repository/io/quarkus/quarkus-devtools-utilities/3.15.4/quarkus-devtools-utilities-3.15.4.jar:/home/runner/.m2/repository/io/quarkus/quarkus-builder/3.15.4/quarkus-builder-3.15.4.jar:/home/runner/.m2/repository/org/graalvm/sdk/nativeimage/23.1.2/nativeimage-23.1.2.jar:/home/runner/.m2/repository/org/graalvm/sdk/word/23.1.2/word-23.1.2.jar:/home/runner/.m2/repository/io/quarkus/quarkus-bootstrap-maven-resolver/3.15.4/quarkus-bootstrap-maven-resolver-3.15.4.jar:/home/runner/.m2/repository/io/smallrye/beanbag/smallrye-beanbag-maven/1.5.2/smallrye-beanbag-maven-1.5.2.jar:/home/runner/.m2/repository/io/smallrye/beanbag/smallrye-beanbag-sisu/1.5.2/smallrye-beanbag-sisu-1.5.2.jar:/home/runner/.m2/repository/io/smallrye/beanbag/smallrye-beanbag/1.5.2/smallrye-beanbag-1.5.2.jar:/home/runner/.m2/repository/javax/inject/javax.inject/1/javax.inject-1.jar:/home/runner/.m2/repository/org/apache/maven/maven-artifact/3.9.8/maven-artifact-3.9.8.jar:/home/runner/.m2/repository/org/apache/maven/maven-builder-support/3.9.8/maven-builder-support-3.9.8.jar:/home/runner/.m2/repository/org/apache/maven/maven-model/3.9.8/maven-model-3.9.8.jar:/home/runner/.m2/repository/org/apache/maven/maven-model-builder/3.9.8/maven-model-builder-3.9.8.jar:/home/runner/.m2/repository/org/apache/maven/maven-repository-metadata/3.9.8/maven-repository-metadata-3.9.8.jar:/home/runner/.m2/repository/org/apache/maven/maven-settings/3.9.8/maven-settings-3.9.8.jar:/home/runner/.m2/repository/org/apache/maven/resolver/maven-resolver-api/1.9.22/maven-resolver-api-1.9.22.jar:/home/runner/.m2/repository/org/apache/maven/resolver/maven-resolver-impl/1.9.22/maven-resolver-impl-1.9.22.jar:/home/runner/.m2/repository/org/apache/maven/resolver/maven-resolver-named-locks/1.9.22/maven-resolver-named-locks-1.9.22.jar:/home/runner/.m2/repository/org/apache/maven/resolver/maven-resolver-spi/1.9.22/maven-resolver-spi-1.9.22.jar:/home/runner/.m2/repository/org/apache/maven/resolver/maven-resolver-util/1.9.22/maven-resolver-util-1.9.22.jar:/home/runner/.m2/repository/org/apache/maven/resolver/maven-resolver-transport-http/1.9.20/maven-resolver-transport-http-1.9.20.jar:/home/runner/.m2/repository/org/apache/maven/wagon/wagon-provider-api/3.5.3/wagon-provider-api-3.5.3.jar:/home/runner/.m2/repository/org/apache/maven/wagon/wagon-http-shared/3.5.3/wagon-http-shared-3.5.3.jar:/home/runner/.m2/repository/org/codehaus/plexus/plexus-interpolation/1.26/plexus-interpolation-1.26.jar:/home/runner/.m2/repository/org/codehaus/plexus/plexus-utils/3.5.1/plexus-utils-3.5.1.jar:/home/runner/.m2/repository/org/codehaus/plexus/plexus-xml/4.0.1/plexus-xml-4.0.1.jar:/home/runner/.m2/repository/org/apache/maven/maven-xml-impl/4.0.0-alpha-5/maven-xml-impl-4.0.0-alpha-5.jar:/home/runner/.m2/repository/org/apache/maven/maven-api-xml/4.0.0-alpha-5/maven-api-xml-4.0.0-alpha-5.jar:/home/runner/.m2/repository/org/apache/maven/maven-api-meta/4.0.0-alpha-5/maven-api-meta-4.0.0-alpha-5.jar:/home/runner/.m2/repository/org/codehaus/plexus/plexus-cipher/2.0/plexus-cipher-2.0.jar:/home/runner/.m2/repository/org/codehaus/plexus/plexus-sec-dispatcher/2.0/plexus-sec-dispatcher-2.0.jar:/home/runner/.m2/repository/org/apache/maven/maven-embedder/3.9.8/maven-embedder-3.9.8.jar:/home/runner/.m2/repository/org/apache/maven/maven-core/3.9.8/maven-core-3.9.8.jar:/home/runner/.m2/repository/org/codehaus/plexus/plexus-component-annotations/2.1.0/plexus-component-annotations-2.1.0.jar:/home/runner/.m2/repository/org/apache/maven/maven-plugin-api/3.9.8/maven-plugin-api-3.9.8.jar:/home/runner/.m2/repository/org/apache/maven/shared/maven-shared-utils/3.4.2/maven-shared-utils-3.4.2.jar:/home/runner/.m2/repository/com/google/inject/guice/5.1.0/guice-5.1.0.jar:/home/runner/.m2/repository/aopalliance/aopalliance/1.0/aopalliance-1.0.jar:/home/runner/.m2/repository/javax/annotation/javax.annotation-api/1.3.2/javax.annotation-api-1.3.2.jar:/home/runner/.m2/repository/org/codehaus/plexus/plexus-classworlds/2.6.0/plexus-classworlds-2.6.0.jar:/home/runner/.m2/repository/commons-cli/commons-cli/1.8.0/commons-cli-1.8.0.jar:/home/runner/.m2/repository/org/eclipse/sisu/org.eclipse.sisu.plexus/0.9.0.M3/org.eclipse.sisu.plexus-0.9.0.M3.jar:/home/runner/.m2/repository/org/apache/maven/maven-settings-builder/3.9.8/maven-settings-builder-3.9.8.jar:/home/runner/.m2/repository/org/apache/maven/maven-resolver-provider/3.9.8/maven-resolver-provider-3.9.8.jar:/home/runner/.m2/repository/org/apache/maven/resolver/maven-resolver-connector-basic/1.9.22/maven-resolver-connector-basic-1.9.22.jar:/home/runner/.m2/repository/org/apache/maven/resolver/maven-resolver-transport-wagon/1.9.22/maven-resolver-transport-wagon-1.9.22.jar:/home/runner/.m2/repository/org/apache/maven/wagon/wagon-http/3.5.3/wagon-http-3.5.3.jar:/home/runner/.m2/repository/org/apache/maven/wagon/wagon-file/3.5.3/wagon-file-3.5.3.jar:/home/runner/.m2/repository/io/quarkus/quarkus-bootstrap-gradle-resolver/3.15.4/quarkus-bootstrap-gradle-resolver-3.15.4.jar:/home/runner/.m2/repository/io/smallrye/jandex/3.2.3/jandex-3.2.3.jar:/home/runner/.m2/repository/org/jboss/logging/commons-logging-jboss-logging/1.0.0.Final/commons-logging-jboss-logging-1.0.0.Final.jar:/home/runner/.m2/repository/io/quarkus/quarkus-junit5-properties/3.15.4/quarkus-junit5-properties-3.15.4.jar:/home/runner/.m2/repository/org/junit/jupiter/junit-jupiter/5.10.3/junit-jupiter-5.10.3.jar:/home/runner/.m2/repository/org/junit/jupiter/junit-jupiter-api/5.10.3/junit-jupiter-api-5.10.3.jar:/home/runner/.m2/repository/org/junit/jupiter/junit-jupiter-params/5.10.3/junit-jupiter-params-5.10.3.jar:/home/runner/.m2/repository/org/junit/jupiter/junit-jupiter-engine/5.10.3/junit-jupiter-engine-5.10.3.jar:/home/runner/.m2/repository/io/quarkus/quarkus-core/3.15.4/quarkus-core-3.15.4.jar:/home/runner/.m2/repository/jakarta/enterprise/jakarta.enterprise.cdi-api/4.1.0/jakarta.enterprise.cdi-api-4.1.0.jar:/home/runner/.m2/repository/jakarta/enterprise/jakarta.enterprise.lang-model/4.1.0/jakarta.enterprise.lang-model-4.1.0.jar:/home/runner/.m2/repository/jakarta/el/jakarta.el-api/5.0.1/jakarta.el-api-5.0.1.jar:/home/runner/.m2/repository/jakarta/interceptor/jakarta.interceptor-api/2.2.0/jakarta.interceptor-api-2.2.0.jar:/home/runner/.m2/repository/jakarta/inject/jakarta.inject-api/2.0.1/jakarta.inject-api-2.0.1.jar:/home/runner/.m2/repository/io/smallrye/common/smallrye-common-os/2.6.1/smallrye-common-os-2.6.1.jar:/home/runner/.m2/repository/io/quarkus/quarkus-ide-launcher/3.15.4/quarkus-ide-launcher-3.15.4.jar:/home/runner/.m2/repository/io/quarkus/quarkus-development-mode-spi/3.15.4/quarkus-development-mode-spi-3.15.4.jar:/home/runner/.m2/repository/io/smallrye/config/smallrye-config/3.9.1/smallrye-config-3.9.1.jar:/home/runner/.m2/repository/io/smallrye/config/smallrye-config-core/3.9.1/smallrye-config-core-3.9.1.jar:/home/runner/.m2/repository/io/smallrye/common/smallrye-common-annotation/2.6.1/smallrye-common-annotation-2.6.1.jar:/home/runner/.m2/repository/io/smallrye/common/smallrye-common-classloader/2.6.1/smallrye-common-classloader-2.6.1.jar:/home/runner/.m2/repository/io/smallrye/config/smallrye-config-common/3.9.1/smallrye-config-common-3.9.1.jar:/home/runner/.m2/repository/org/jboss/logging/jboss-logging/3.6.0.Final/jboss-logging-3.6.0.Final.jar:/home/runner/.m2/repository/org/jboss/logmanager/jboss-logmanager/3.1.1.Final/jboss-logmanager-3.1.1.Final.jar:/home/runner/.m2/repository/io/smallrye/common/smallrye-common-constraint/2.6.1/smallrye-common-constraint-2.6.1.jar:/home/runner/.m2/repository/io/smallrye/common/smallrye-common-cpu/2.6.1/smallrye-common-cpu-2.6.1.jar:/home/runner/.m2/repository/io/smallrye/common/smallrye-common-expression/2.6.1/smallrye-common-expression-2.6.1.jar:/home/runner/.m2/repository/io/smallrye/common/smallrye-common-function/2.6.1/smallrye-common-function-2.6.1.jar:/home/runner/.m2/repository/io/smallrye/common/smallrye-common-net/2.6.1/smallrye-common-net-2.6.1.jar:/home/runner/.m2/repository/io/smallrye/common/smallrye-common-ref/2.6.1/smallrye-common-ref-2.6.1.jar:/home/runner/.m2/repository/jakarta/json/jakarta.json-api/2.1.3/jakarta.json-api-2.1.3.jar:/home/runner/.m2/repository/org/eclipse/parsson/parsson/1.1.7/parsson-1.1.7.jar:/home/runner/.m2/repository/org/jboss/logging/jboss-logging-annotations/3.0.1.Final/jboss-logging-annotations-3.0.1.Final.jar:/home/runner/.m2/repository/org/jboss/threads/jboss-threads/3.6.1.Final/jboss-threads-3.6.1.Final.jar:/home/runner/.m2/repository/org/jboss/slf4j/slf4j-jboss-logmanager/2.0.0.Final/slf4j-jboss-logmanager-2.0.0.Final.jar:/home/runner/.m2/repository/org/wildfly/common/wildfly-common/1.7.0.Final/wildfly-common-1.7.0.Final.jar:/home/runner/.m2/repository/io/quarkus/quarkus-bootstrap-runner/3.15.4/quarkus-bootstrap-runner-3.15.4.jar:/home/runner/.m2/repository/io/github/crac/org-crac/0.1.3/org-crac-0.1.3.jar:/home/runner/.m2/repository/io/quarkus/quarkus-fs-util/0.0.10/quarkus-fs-util-0.0.10.jar:/home/runner/.m2/repository/org/jboss/marshalling/jboss-marshalling/2.2.1.Final/jboss-marshalling-2.2.1.Final.jar:/home/runner/.m2/repository/io/fabric8/kubernetes-client/6.13.5/kubernetes-client-6.13.5.jar:/home/runner/.m2/repository/io/fabric8/kubernetes-client-api/6.13.5/kubernetes-client-api-6.13.5.jar:/home/runner/.m2/repository/io/fabric8/kubernetes-model-core/6.13.5/kubernetes-model-core-6.13.5.jar:/home/runner/.m2/repository/io/fabric8/kubernetes-model-common/6.13.5/kubernetes-model-common-6.13.5.jar:/home/runner/.m2/repository/io/fabric8/kubernetes-model-gatewayapi/6.13.5/kubernetes-model-gatewayapi-6.13.5.jar:/home/runner/.m2/repository/io/fabric8/kubernetes-model-resource/6.13.5/kubernetes-model-resource-6.13.5.jar:/home/runner/.m2/repository/io/fabric8/kubernetes-model-rbac/6.13.5/kubernetes-model-rbac-6.13.5.jar:/home/runner/.m2/repository/io/fabric8/kubernetes-model-admissionregistration/6.13.5/kubernetes-model-admissionregistration-6.13.5.jar:/home/runner/.m2/repository/io/fabric8/kubernetes-model-apps/6.13.5/kubernetes-model-apps-6.13.5.jar:/home/runner/.m2/repository/io/fabric8/kubernetes-model-autoscaling/6.13.5/kubernetes-model-autoscaling-6.13.5.jar:/home/runner/.m2/repository/io/fabric8/kubernetes-model-apiextensions/6.13.5/kubernetes-model-apiextensions-6.13.5.jar:/home/runner/.m2/repository/io/fabric8/kubernetes-model-batch/6.13.5/kubernetes-model-batch-6.13.5.jar:/home/runner/.m2/repository/io/fabric8/kubernetes-model-certificates/6.13.5/kubernetes-model-certificates-6.13.5.jar:/home/runner/.m2/repository/io/fabric8/kubernetes-model-coordination/6.13.5/kubernetes-model-coordination-6.13.5.jar:/home/runner/.m2/repository/io/fabric8/kubernetes-model-discovery/6.13.5/kubernetes-model-discovery-6.13.5.jar:/home/runner/.m2/repository/io/fabric8/kubernetes-model-events/6.13.5/kubernetes-model-events-6.13.5.jar:/home/runner/.m2/repository/io/fabric8/kubernetes-model-extensions/6.13.5/kubernetes-model-extensions-6.13.5.jar:/home/runner/.m2/repository/io/fabric8/kubernetes-model-flowcontrol/6.13.5/kubernetes-model-flowcontrol-6.13.5.jar:/home/runner/.m2/repository/io/fabric8/kubernetes-model-networking/6.13.5/kubernetes-model-networking-6.13.5.jar:/home/runner/.m2/repository/io/fabric8/kubernetes-model-metrics/6.13.5/kubernetes-model-metrics-6.13.5.jar:/home/runner/.m2/repository/io/fabric8/kubernetes-model-policy/6.13.5/kubernetes-model-policy-6.13.5.jar:/home/runner/.m2/repository/io/fabric8/kubernetes-model-scheduling/6.13.5/kubernetes-model-scheduling-6.13.5.jar:/home/runner/.m2/repository/io/fabric8/kubernetes-model-storageclass/6.13.5/kubernetes-model-storageclass-6.13.5.jar:/home/runner/.m2/repository/io/fabric8/kubernetes-model-node/6.13.5/kubernetes-model-node-6.13.5.jar:/home/runner/.m2/repository/org/snakeyaml/snakeyaml-engine/2.7/snakeyaml-engine-2.7.jar:/home/runner/.m2/repository/com/fasterxml/jackson/dataformat/jackson-dataformat-yaml/2.15.2/jackson-dataformat-yaml-2.15.2.jar:/home/runner/.m2/repository/com/fasterxml/jackson/datatype/jackson-datatype-jsr310/2.17.2/jackson-datatype-jsr310-2.17.2.jar:/home/runner/.m2/repository/io/fabric8/zjsonpatch/0.3.0/zjsonpatch-0.3.0.jar:/home/runner/.m2/repository/io/fabric8/kubernetes-httpclient-vertx/6.13.5/kubernetes-httpclient-vertx-6.13.5.jar:/home/runner/.m2/repository/io/vertx/vertx-web-client/4.5.13/vertx-web-client-4.5.13.jar:/home/runner/.m2/repository/io/vertx/vertx-web-common/4.5.13/vertx-web-common-4.5.13.jar:/home/runner/.m2/repository/io/vertx/vertx-auth-common/4.5.13/vertx-auth-common-4.5.13.jar:/home/runner/.m2/repository/io/vertx/vertx-uri-template/4.5.13/vertx-uri-template-4.5.13.jar:/home/runner/.m2/repository/io/fabric8/openshift-client/6.13.5/openshift-client-6.13.5.jar:/home/runner/.m2/repository/io/fabric8/openshift-client-api/6.13.5/openshift-client-api-6.13.5.jar:/home/runner/.m2/repository/io/fabric8/openshift-model/6.13.5/openshift-model-6.13.5.jar:/home/runner/.m2/repository/io/fabric8/openshift-model-clusterautoscaling/6.13.5/openshift-model-clusterautoscaling-6.13.5.jar:/home/runner/.m2/repository/io/fabric8/openshift-model-operator/6.13.5/openshift-model-operator-6.13.5.jar:/home/runner/.m2/repository/io/fabric8/openshift-model-operatorhub/6.13.5/openshift-model-operatorhub-6.13.5.jar:/home/runner/.m2/repository/io/fabric8/openshift-model-machine/6.13.5/openshift-model-machine-6.13.5.jar:/home/runner/.m2/repository/io/fabric8/openshift-model-whereabouts/6.13.5/openshift-model-whereabouts-6.13.5.jar:/home/runner/.m2/repository/io/fabric8/openshift-model-monitoring/6.13.5/openshift-model-monitoring-6.13.5.jar:/home/runner/.m2/repository/io/fabric8/openshift-model-storageversionmigrator/6.13.5/openshift-model-storageversionmigrator-6.13.5.jar:/home/runner/.m2/repository/io/fabric8/openshift-model-tuned/6.13.5/openshift-model-tuned-6.13.5.jar:/home/runner/.m2/repository/io/fabric8/openshift-model-console/6.13.5/openshift-model-console-6.13.5.jar:/home/runner/.m2/repository/io/fabric8/openshift-model-config/6.13.5/openshift-model-config-6.13.5.jar:/home/runner/.m2/repository/io/fabric8/openshift-model-machineconfig/6.13.5/openshift-model-machineconfig-6.13.5.jar:/home/runner/.m2/repository/io/fabric8/openshift-model-miscellaneous/6.13.5/openshift-model-miscellaneous-6.13.5.jar:/home/runner/.m2/repository/io/fabric8/openshift-model-hive/6.13.5/openshift-model-hive-6.13.5.jar:/home/runner/.m2/repository/io/fabric8/openshift-model-installer/6.13.5/openshift-model-installer-6.13.5.jar:/home/runner/.m2/repository/com/github/mifmif/generex/1.0.2/generex-1.0.2.jar:/home/runner/.m2/repository/dk/brics/automaton/automaton/1.11-8/automaton-1.11-8.jar:/home/runner/.m2/repository/org/junit/platform/junit-platform-launcher/1.10.3/junit-platform-launcher-1.10.3.jar:/home/runner/.m2/repository/org/junit/platform/junit-platform-engine/1.10.3/junit-platform-engine-1.10.3.jar:/home/runner/.m2/repository/org/opentest4j/opentest4j/1.3.0/opentest4j-1.3.0.jar:/home/runner/.m2/repository/org/junit/platform/junit-platform-commons/1.10.3/junit-platform-commons-1.10.3.jar:/home/runner/.m2/repository/org/apiguardian/apiguardian-api/1.1.2/apiguardian-api-1.1.2.jar:/home/runner/.m2/repository/jakarta/ws/rs/jakarta.ws.rs-api/3.1.0/jakarta.ws.rs-api-3.1.0.jar:/home/runner/work/apicurio-testing/apicurio-testing/clusters/ci419/namespaces/mysql/tests/integration/apicurio-registry/java-sdk/target/apicurio-registry-java-sdk-3.0.9.jar:/home/runner/.m2/repository/com/microsoft/kiota/microsoft-kiota-abstractions/1.8.4/microsoft-kiota-abstractions-1.8.4.jar:/home/runner/.m2/repository/io/github/std-uritemplate/std-uritemplate/2.0.0/std-uritemplate-2.0.0.jar:/home/runner/.m2/repository/io/kiota/kiota-http-jdk/0.0.21/kiota-http-jdk-0.0.21.jar:/home/runner/.m2/repository/io/kiota/kiota-http-vertx/0.0.21/kiota-http-vertx-0.0.21.jar:/home/runner/.m2/repository/io/kiota/kiota-serialization-jackson/0.0.21/kiota-serialization-jackson-0.0.21.jar:/home/runner/.m2/repository/com/microsoft/kiota/microsoft-kiota-serialization-text/1.8.4/microsoft-kiota-serialization-text-1.8.4.jar:/home/runner/.m2/repository/com/microsoft/kiota/microsoft-kiota-serialization-form/1.8.4/microsoft-kiota-serialization-form-1.8.4.jar:/home/runner/.m2/repository/com/microsoft/kiota/microsoft-kiota-serialization-multipart/1.8.4/microsoft-kiota-serialization-multipart-1.8.4.jar:/home/runner/.m2/repository/jakarta/annotation/jakarta.annotation-api/3.0.0/jakarta.annotation-api-3.0.0.jar:/home/runner/.m2/repository/io/vertx/vertx-auth-oauth2/4.5.13/vertx-auth-oauth2-4.5.13.jar:/home/runner/work/apicurio-testing/apicurio-testing/clusters/ci419/namespaces/mysql/tests/integration/apicurio-registry/java-sdk-v2/target/apicurio-registry-v2-java-sdk-3.0.9.jar:/home/runner/work/apicurio-testing/apicurio-testing/clusters/ci419/namespaces/mysql/tests/integration/apicurio-registry/utils/kafka/target/apicurio-registry-utils-kafka-3.0.9-tests.jar:/home/runner/.m2/repository/org/eclipse/microprofile/config/microprofile-config-api/3.1/microprofile-config-api-3.1.jar:/home/runner/.m2/repository/org/apache/kafka/kafka-clients/3.9.0/kafka-clients-3.9.0.jar:/home/runner/.m2/repository/com/github/luben/zstd-jni/1.5.6-4/zstd-jni-1.5.6-4.jar:/home/runner/.m2/repository/org/lz4/lz4-java/1.8.0/lz4-java-1.8.0.jar:/home/runner/.m2/repository/org/xerial/snappy/snappy-java/1.1.10.5/snappy-java-1.1.10.5.jar:/home/runner/.m2/repository/org/slf4j/slf4j-api/2.0.6/slf4j-api-2.0.6.jar:/home/runner/work/apicurio-testing/apicurio-testing/clusters/ci419/namespaces/mysql/tests/integration/apicurio-registry/utils/tests/target/apicurio-registry-utils-tests-3.0.9.jar:/home/runner/work/apicurio-testing/apicurio-testing/clusters/ci419/namespaces/mysql/tests/integration/apicurio-registry/common/target/apicurio-registry-common-3.0.9.jar:/home/runner/.m2/repository/jakarta/validation/jakarta.validation-api/3.0.2/jakarta.validation-api-3.0.2.jar:/home/runner/.m2/repository/com/github/dasniko/testcontainers-keycloak/3.6.0/testcontainers-keycloak-3.6.0.jar:/home/runner/.m2/repository/org/testcontainers/testcontainers/1.20.1/testcontainers-1.20.1.jar:/home/runner/.m2/repository/org/rnorth/duct-tape/duct-tape/1.0.8/duct-tape-1.0.8.jar:/home/runner/.m2/repository/org/jetbrains/annotations/24.1.0/annotations-24.1.0.jar:/home/runner/.m2/repository/com/github/docker-java/docker-java-transport-zerodep/3.4.0/docker-java-transport-zerodep-3.4.0.jar:/home/runner/.m2/repository/com/github/docker-java/docker-java-transport/3.4.0/docker-java-transport-3.4.0.jar:/home/runner/.m2/repository/net/java/dev/jna/jna/5.8.0/jna-5.8.0.jar:/home/runner/.m2/repository/io/quarkus/quarkus-junit4-mock/3.15.4/quarkus-junit4-mock-3.15.4.jar:/home/runner/.m2/repository/org/jboss/shrinkwrap/shrinkwrap-api/2.0.0-beta-2/shrinkwrap-api-2.0.0-beta-2.jar:/home/runner/.m2/repository/org/jboss/shrinkwrap/shrinkwrap-impl-base/2.0.0-beta-2/shrinkwrap-impl-base-2.0.0-beta-2.jar:/home/runner/.m2/repository/org/jboss/shrinkwrap/shrinkwrap-spi/2.0.0-beta-2/shrinkwrap-spi-2.0.0-beta-2.jar:/home/runner/.m2/repository/org/keycloak/keycloak-admin-client/25.0.6/keycloak-admin-client-25.0.6.jar:/home/runner/.m2/repository/org/keycloak/keycloak-core/25.0.6/keycloak-core-25.0.6.jar:/home/runner/.m2/repository/org/keycloak/keycloak-common/25.0.6/keycloak-common-25.0.6.jar:/home/runner/.m2/repository/org/jboss/resteasy/resteasy-client/6.2.9.Final/resteasy-client-6.2.9.Final.jar:/home/runner/.m2/repository/org/jboss/resteasy/resteasy-client-api/6.2.9.Final/resteasy-client-api-6.2.9.Final.jar:/home/runner/.m2/repository/org/jboss/resteasy/resteasy-core-spi/6.2.9.Final/resteasy-core-spi-6.2.9.Final.jar:/home/runner/.m2/repository/org/jboss/resteasy/resteasy-core/6.2.9.Final/resteasy-core-6.2.9.Final.jar:/home/runner/.m2/repository/org/eclipse/angus/angus-activation/2.0.2/angus-activation-2.0.2.jar:/home/runner/.m2/repository/com/ibm/async/asyncutil/0.1.0/asyncutil-0.1.0.jar:/home/runner/.m2/repository/org/reactivestreams/reactive-streams/1.0.4/reactive-streams-1.0.4.jar:/home/runner/.m2/repository/org/jboss/resteasy/resteasy-multipart-provider/6.2.9.Final/resteasy-multipart-provider-6.2.9.Final.jar:/home/runner/.m2/repository/jakarta/mail/jakarta.mail-api/2.1.2/jakarta.mail-api-2.1.2.jar:/home/runner/.m2/repository/org/eclipse/angus/angus-mail/2.0.3/angus-mail-2.0.3.jar:/home/runner/.m2/repository/org/apache/james/apache-mime4j-dom/0.8.11/apache-mime4j-dom-0.8.11.jar:/home/runner/.m2/repository/org/apache/james/apache-mime4j-core/0.8.11/apache-mime4j-core-0.8.11.jar:/home/runner/.m2/repository/org/apache/james/apache-mime4j-storage/0.8.11/apache-mime4j-storage-0.8.11.jar:/home/runner/.m2/repository/org/jboss/resteasy/resteasy-jackson2-provider/6.2.9.Final/resteasy-jackson2-provider-6.2.9.Final.jar:/home/runner/.m2/repository/com/fasterxml/jackson/jakarta/rs/jackson-jakarta-rs-base/2.17.2/jackson-jakarta-rs-base-2.17.2.jar:/home/runner/.m2/repository/com/fasterxml/jackson/jakarta/rs/jackson-jakarta-rs-json-provider/2.17.2/jackson-jakarta-rs-json-provider-2.17.2.jar:/home/runner/.m2/repository/com/fasterxml/jackson/module/jackson-module-jakarta-xmlbind-annotations/2.17.2/jackson-module-jakarta-xmlbind-annotations-2.17.2.jar:/home/runner/.m2/repository/com/github/java-json-tools/json-patch/1.13/json-patch-1.13.jar:/home/runner/.m2/repository/com/github/java-json-tools/msg-simple/1.2/msg-simple-1.2.jar:/home/runner/.m2/repository/com/github/java-json-tools/btf/1.3/btf-1.3.jar:/home/runner/.m2/repository/com/github/java-json-tools/jackson-coreutils/2.0/jackson-coreutils-2.0.jar:/home/runner/.m2/repository/org/jboss/resteasy/resteasy-jaxb-provider/6.2.9.Final/resteasy-jaxb-provider-6.2.9.Final.jar:/home/runner/.m2/repository/org/glassfish/jaxb/codemodel/4.0.3/codemodel-4.0.3.jar:/home/runner/.m2/repository/org/glassfish/jaxb/jaxb-core/4.0.5/jaxb-core-4.0.5.jar:/home/runner/.m2/repository/org/glassfish/jaxb/jaxb-jxc/4.0.3/jaxb-jxc-4.0.3.jar:/home/runner/.m2/repository/org/glassfish/jaxb/jaxb-runtime/4.0.5/jaxb-runtime-4.0.5.jar:/home/runner/.m2/repository/org/glassfish/jaxb/txw2/4.0.5/txw2-4.0.5.jar:/home/runner/.m2/repository/org/glassfish/jaxb/jaxb-xjc/4.0.3/jaxb-xjc-4.0.3.jar:/home/runner/.m2/repository/org/glassfish/jaxb/xsom/4.0.3/xsom-4.0.3.jar:/home/runner/.m2/repository/com/sun/istack/istack-commons-runtime/4.1.2/istack-commons-runtime-4.1.2.jar:/home/runner/.m2/repository/com/sun/istack/istack-commons-tools/4.1.2/istack-commons-tools-4.1.2.jar:/home/runner/.m2/repository/com/sun/xml/bind/external/relaxng-datatype/4.0.3/relaxng-datatype-4.0.3.jar:/home/runner/.m2/repository/com/sun/xml/bind/external/rngom/4.0.3/rngom-4.0.3.jar:/home/runner/.m2/repository/org/testcontainers/mssqlserver/1.20.1/mssqlserver-1.20.1.jar:/home/runner/.m2/repository/org/testcontainers/jdbc/1.20.1/jdbc-1.20.1.jar:/home/runner/.m2/repository/org/testcontainers/database-commons/1.20.1/database-commons-1.20.1.jar:/home/runner/.m2/repository/org/testcontainers/mysql/1.20.1/mysql-1.20.1.jar:/home/runner/.m2/repository/io/strimzi/strimzi-test-container/0.107.0/strimzi-test-container-0.107.0.jar:/home/runner/.m2/repository/org/testcontainers/toxiproxy/1.20.1/toxiproxy-1.20.1.jar:/home/runner/.m2/repository/com/github/docker-java/docker-java-api/3.4.0/docker-java-api-3.4.0.jar:/home/runner/.m2/repository/eu/rekawek/toxiproxy/toxiproxy-java/2.1.7/toxiproxy-java-2.1.7.jar:/home/runner/.m2/repository/junit/junit/4.13.2/junit-4.13.2.jar:/home/runner/.m2/repository/org/hamcrest/hamcrest-core/1.3/hamcrest-core-1.3.jar:/home/runner/.m2/repository/org/testcontainers/pulsar/1.20.4/pulsar-1.20.4.jar:/home/runner/.m2/repository/io/debezium/debezium-testing-testcontainers/2.6.2.Final/debezium-testing-testcontainers-2.6.2.Final.jar:/home/runner/.m2/repository/org/testcontainers/kafka/1.20.1/kafka-1.20.1.jar:/home/runner/.m2/repository/com/squareup/okhttp3/okhttp/4.8.1/okhttp-4.8.1.jar:/home/runner/.m2/repository/com/squareup/okio/okio/3.10.2/okio-3.10.2.jar:/home/runner/.m2/repository/com/squareup/okio/okio-jvm/3.10.2/okio-jvm-3.10.2.jar:/home/runner/.m2/repository/org/jetbrains/kotlin/kotlin-stdlib/2.0.10/kotlin-stdlib-2.0.10.jar:/home/runner/.m2/repository/org/awaitility/awaitility/4.2.2/awaitility-4.2.2.jar:/home/runner/.m2/repository/org/testcontainers/mongodb/1.20.1/mongodb-1.20.1.jar:/home/runner/.m2/repository/org/testcontainers/oracle-xe/1.20.1/oracle-xe-1.20.1.jar:/home/runner/.m2/repository/org/testcontainers/postgresql/1.20.1/postgresql-1.20.1.jar:/home/runner/.m2/repository/org/wiremock/wiremock/3.0.1/wiremock-3.0.1.jar:/home/runner/.m2/repository/org/eclipse/jetty/jetty-server/11.0.15/jetty-server-11.0.15.jar:/home/runner/.m2/repository/org/eclipse/jetty/toolchain/jetty-jakarta-servlet-api/5.0.2/jetty-jakarta-servlet-api-5.0.2.jar:/home/runner/.m2/repository/org/eclipse/jetty/jetty-http/11.0.15/jetty-http-11.0.15.jar:/home/runner/.m2/repository/org/eclipse/jetty/jetty-io/11.0.15/jetty-io-11.0.15.jar:/home/runner/.m2/repository/org/eclipse/jetty/jetty-servlet/11.0.15/jetty-servlet-11.0.15.jar:/home/runner/.m2/repository/org/eclipse/jetty/jetty-security/11.0.15/jetty-security-11.0.15.jar:/home/runner/.m2/repository/org/eclipse/jetty/jetty-servlets/11.0.15/jetty-servlets-11.0.15.jar:/home/runner/.m2/repository/org/eclipse/jetty/jetty-util/11.0.15/jetty-util-11.0.15.jar:/home/runner/.m2/repository/org/eclipse/jetty/jetty-webapp/11.0.15/jetty-webapp-11.0.15.jar:/home/runner/.m2/repository/org/eclipse/jetty/jetty-xml/11.0.15/jetty-xml-11.0.15.jar:/home/runner/.m2/repository/org/eclipse/jetty/jetty-proxy/11.0.15/jetty-proxy-11.0.15.jar:/home/runner/.m2/repository/org/eclipse/jetty/jetty-client/11.0.15/jetty-client-11.0.15.jar:/home/runner/.m2/repository/org/eclipse/jetty/http2/http2-server/11.0.15/http2-server-11.0.15.jar:/home/runner/.m2/repository/org/eclipse/jetty/http2/http2-common/11.0.15/http2-common-11.0.15.jar:/home/runner/.m2/repository/org/eclipse/jetty/http2/http2-hpack/11.0.15/http2-hpack-11.0.15.jar:/home/runner/.m2/repository/org/eclipse/jetty/jetty-alpn-server/11.0.15/jetty-alpn-server-11.0.15.jar:/home/runner/.m2/repository/org/eclipse/jetty/jetty-alpn-java-server/11.0.15/jetty-alpn-java-server-11.0.15.jar:/home/runner/.m2/repository/org/eclipse/jetty/jetty-alpn-java-client/11.0.15/jetty-alpn-java-client-11.0.15.jar:/home/runner/.m2/repository/org/eclipse/jetty/jetty-alpn-client/11.0.15/jetty-alpn-client-11.0.15.jar:/home/runner/.m2/repository/org/apache/httpcomponents/client5/httpclient5/5.2.1/httpclient5-5.2.1.jar:/home/runner/.m2/repository/org/apache/httpcomponents/core5/httpcore5/5.2/httpcore5-5.2.jar:/home/runner/.m2/repository/org/apache/httpcomponents/core5/httpcore5-h2/5.2/httpcore5-h2-5.2.jar:/home/runner/.m2/repository/org/xmlunit/xmlunit-core/2.9.1/xmlunit-core-2.9.1.jar:/home/runner/.m2/repository/jakarta/xml/bind/jakarta.xml.bind-api/4.0.2/jakarta.xml.bind-api-4.0.2.jar:/home/runner/.m2/repository/jakarta/activation/jakarta.activation-api/2.1.3/jakarta.activation-api-2.1.3.jar:/home/runner/.m2/repository/org/xmlunit/xmlunit-legacy/2.9.1/xmlunit-legacy-2.9.1.jar:/home/runner/.m2/repository/org/xmlunit/xmlunit-placeholders/2.9.1/xmlunit-placeholders-2.9.1.jar:/home/runner/.m2/repository/net/javacrumbs/json-unit/json-unit-core/2.38.0/json-unit-core-2.38.0.jar:/home/runner/.m2/repository/com/jayway/jsonpath/json-path/2.8.0/json-path-2.8.0.jar:/home/runner/.m2/repository/net/minidev/json-smart/2.4.10/json-smart-2.4.10.jar:/home/runner/.m2/repository/net/minidev/accessors-smart/2.4.9/accessors-smart-2.4.9.jar:/home/runner/.m2/repository/org/ow2/asm/asm/9.7/asm-9.7.jar:/home/runner/.m2/repository/net/sf/jopt-simple/jopt-simple/5.0.4/jopt-simple-5.0.4.jar:/home/runner/.m2/repository/com/github/jknack/handlebars/4.3.1/handlebars-4.3.1.jar:/home/runner/.m2/repository/com/github/jknack/handlebars-helpers/4.3.1/handlebars-helpers-4.3.1.jar:/home/runner/.m2/repository/commons-fileupload/commons-fileupload/1.5/commons-fileupload-1.5.jar:/home/runner/.m2/repository/com/networknt/json-schema-validator/1.5.5/json-schema-validator-1.5.5.jar:/home/runner/.m2/repository/com/ethlo/time/itu/1.10.3/itu-1.10.3.jar:/home/runner/.m2/repository/io/quarkus/quarkus-smallrye-jwt-build/3.15.4/quarkus-smallrye-jwt-build-3.15.4.jar:/home/runner/.m2/repository/io/smallrye/smallrye-jwt-build/4.5.3/smallrye-jwt-build-4.5.3.jar:/home/runner/.m2/repository/org/eclipse/microprofile/jwt/microprofile-jwt-auth-api/2.1/microprofile-jwt-auth-api-2.1.jar:/home/runner/.m2/repository/org/bitbucket/b_c/jose4j/0.9.6/jose4j-0.9.6.jar:/home/runner/.m2/repository/io/smallrye/smallrye-jwt-common/4.5.3/smallrye-jwt-common-4.5.3.jar:/home/runner/.m2/repository/io/quarkus/quarkus-jsonp/3.15.4/quarkus-jsonp-3.15.4.jar:/home/runner/.m2/repository/io/quarkus/quarkus-arc/3.15.4/quarkus-arc-3.15.4.jar:/home/runner/.m2/repository/io/quarkus/arc/arc/3.15.4/arc-3.15.4.jar:/home/runner/.m2/repository/jakarta/transaction/jakarta.transaction-api/2.0.1/jakarta.transaction-api-2.0.1.jar:/home/runner/.m2/repository/io/smallrye/reactive/mutiny/2.6.2/mutiny-2.6.2.jar:/home/runner/.m2/repository/org/jctools/jctools-core/4.0.5/jctools-core-4.0.5.jar:/home/runner/.m2/repository/org/eclipse/microprofile/context-propagation/microprofile-context-propagation-api/1.3/microprofile-context-propagation-api-1.3.jar:/home/runner/.m2/repository/io/apicurio/apicurio-common-rest-client-common/0.1.18.Final/apicurio-common-rest-client-common-0.1.18.Final.jar:/home/runner/work/apicurio-testing/apicurio-testing/clusters/ci419/namespaces/mysql/tests/integration/apicurio-registry/utils/maven-plugin/target/apicurio-registry-maven-plugin-3.0.9.jar:/home/runner/.m2/repository/com/fasterxml/jackson/core/jackson-databind/2.17.2/jackson-databind-2.17.2.jar:/home/runner/.m2/repository/org/apache/avro/avro/1.12.0/avro-1.12.0.jar:/home/runner/.m2/repository/com/google/protobuf/protobuf-java/3.25.8/protobuf-java-3.25.8.jar:/home/runner/.m2/repository/com/google/protobuf/protobuf-java-util/3.25.8/protobuf-java-util-3.25.8.jar:/home/runner/.m2/repository/com/google/code/findbugs/jsr305/3.0.2/jsr305-3.0.2.jar:/home/runner/.m2/repository/com/google/code/gson/gson/2.11.0/gson-2.11.0.jar:/home/runner/.m2/repository/com/google/errorprone/error_prone_annotations/2.30.0/error_prone_annotations-2.30.0.jar:/home/runner/.m2/repository/com/google/j2objc/j2objc-annotations/2.8/j2objc-annotations-2.8.jar:/home/runner/work/apicurio-testing/apicurio-testing/clusters/ci419/namespaces/mysql/tests/integration/apicurio-registry/schema-util/util-provider/target/apicurio-registry-schema-util-provider-3.0.9.jar:/home/runner/work/apicurio-testing/apicurio-testing/clusters/ci419/namespaces/mysql/tests/integration/apicurio-registry/schema-util/common/target/apicurio-registry-schema-util-common-3.0.9.jar:/home/runner/.m2/repository/com/fasterxml/jackson/module/jackson-module-parameter-names/2.17.2/jackson-module-parameter-names-2.17.2.jar:/home/runner/.m2/repository/com/fasterxml/jackson/datatype/jackson-datatype-json-org/2.18.2/jackson-datatype-json-org-2.18.2.jar:/home/runner/work/apicurio-testing/apicurio-testing/clusters/ci419/namespaces/mysql/tests/integration/apicurio-registry/schema-util/json/target/apicurio-registry-schema-util-json-3.0.9.jar:/home/runner/.m2/repository/com/github/erosb/everit-json-schema/1.14.5/everit-json-schema-1.14.5.jar:/home/runner/.m2/repository/commons-validator/commons-validator/1.9.0/commons-validator-1.9.0.jar:/home/runner/.m2/repository/commons-digester/commons-digester/2.1/commons-digester-2.1.jar:/home/runner/.m2/repository/commons-collections/commons-collections/3.2.2/commons-collections-3.2.2.jar:/home/runner/.m2/repository/com/damnhandy/handy-uri-templates/2.1.8/handy-uri-templates-2.1.8.jar:/home/runner/.m2/repository/joda-time/joda-time/2.10.2/joda-time-2.10.2.jar:/home/runner/.m2/repository/com/github/erosb/json-sKema/0.20.0/json-sKema-0.20.0.jar:/home/runner/.m2/repository/io/vertx/vertx-json-schema/4.5.13/vertx-json-schema-4.5.13.jar:/home/runner/work/apicurio-testing/apicurio-testing/clusters/ci419/namespaces/mysql/tests/integration/apicurio-registry/schema-util/protobuf/target/apicurio-registry-schema-util-protobuf-3.0.9.jar:/home/runner/work/apicurio-testing/apicurio-testing/clusters/ci419/namespaces/mysql/tests/integration/apicurio-registry/utils/protobuf-schema-utilities/target/apicurio-registry-protobuf-schema-utilities-3.0.9.jar:/home/runner/.m2/repository/com/google/api/grpc/proto-google-common-protos/2.52.0/proto-google-common-protos-2.52.0.jar:/home/runner/.m2/repository/com/squareup/wire/wire-schema-jvm/5.1.0/wire-schema-jvm-5.1.0.jar:/home/runner/.m2/repository/com/squareup/javapoet/1.13.0/javapoet-1.13.0.jar:/home/runner/.m2/repository/com/squareup/kotlinpoet-jvm/1.18.1/kotlinpoet-jvm-1.18.1.jar:/home/runner/.m2/repository/org/jetbrains/kotlin/kotlin-reflect/2.0.10/kotlin-reflect-2.0.10.jar:/home/runner/.m2/repository/com/squareup/wire/wire-runtime-jvm/5.1.0/wire-runtime-jvm-5.1.0.jar:/home/runner/.m2/repository/com/ibm/icu/icu4j/76.1/icu4j-76.1.jar:/home/runner/.m2/repository/com/squareup/okio/okio-fakefilesystem/3.10.2/okio-fakefilesystem-3.10.2.jar:/home/runner/.m2/repository/com/squareup/okio/okio-fakefilesystem-jvm/3.10.2/okio-fakefilesystem-jvm-3.10.2.jar:/home/runner/.m2/repository/org/jetbrains/kotlinx/kotlinx-datetime-jvm/0.6.1/kotlinx-datetime-jvm-0.6.1.jar:/home/runner/work/apicurio-testing/apicurio-testing/clusters/ci419/namespaces/mysql/tests/integration/apicurio-registry/schema-util/asyncapi/target/apicurio-registry-schema-util-asyncapi-3.0.9.jar:/home/runner/work/apicurio-testing/apicurio-testing/clusters/ci419/namespaces/mysql/tests/integration/apicurio-registry/schema-util/avro/target/apicurio-registry-schema-util-avro-3.0.9.jar:/home/runner/work/apicurio-testing/apicurio-testing/clusters/ci419/namespaces/mysql/tests/integration/apicurio-registry/schema-util/graphql/target/apicurio-registry-schema-util-graphql-3.0.9.jar:/home/runner/.m2/repository/com/graphql-java/graphql-java/22.3/graphql-java-22.3.jar:/home/runner/.m2/repository/com/graphql-java/java-dataloader/3.3.0/java-dataloader-3.3.0.jar:/home/runner/work/apicurio-testing/apicurio-testing/clusters/ci419/namespaces/mysql/tests/integration/apicurio-registry/schema-util/kconnect/target/apicurio-registry-schema-util-kconnect-3.0.9.jar:/home/runner/work/apicurio-testing/apicurio-testing/clusters/ci419/namespaces/mysql/tests/integration/apicurio-registry/schema-util/openapi/target/apicurio-registry-schema-util-openapi-3.0.9.jar:/home/runner/.m2/repository/io/apicurio/apicurio-data-models/2.2.1/apicurio-data-models-2.2.1.jar:/home/runner/.m2/repository/org/openapitools/openapidiff/openapi-diff-core/2.0.1/openapi-diff-core-2.0.1.jar:/home/runner/.m2/repository/io/swagger/parser/v3/swagger-parser/2.0.28/swagger-parser-2.0.28.jar:/home/runner/.m2/repository/io/swagger/parser/v3/swagger-parser-v2-converter/2.0.28/swagger-parser-v2-converter-2.0.28.jar:/home/runner/.m2/repository/io/swagger/swagger-core/1.6.3/swagger-core-1.6.3.jar:/home/runner/.m2/repository/io/swagger/swagger-models/1.6.3/swagger-models-1.6.3.jar:/home/runner/.m2/repository/io/swagger/swagger-annotations/1.6.3/swagger-annotations-1.6.3.jar:/home/runner/.m2/repository/io/swagger/swagger-parser/1.0.56/swagger-parser-1.0.56.jar:/home/runner/.m2/repository/io/swagger/swagger-compat-spec-parser/1.0.56/swagger-compat-spec-parser-1.0.56.jar:/home/runner/.m2/repository/com/github/java-json-tools/json-schema-validator/2.2.14/json-schema-validator-2.2.14.jar:/home/runner/.m2/repository/com/github/java-json-tools/jackson-coreutils-equivalence/1.0/jackson-coreutils-equivalence-1.0.jar:/home/runner/.m2/repository/com/github/java-json-tools/json-schema-core/1.2.14/json-schema-core-1.2.14.jar:/home/runner/.m2/repository/com/github/java-json-tools/uri-template/0.10/uri-template-0.10.jar:/home/runner/.m2/repository/com/sun/mail/mailapi/1.6.2/mailapi-1.6.2.jar:/home/runner/.m2/repository/com/googlecode/libphonenumber/libphonenumber/8.11.1/libphonenumber-8.11.1.jar:/home/runner/.m2/repository/com/j2html/j2html/1.5.0/j2html-1.5.0.jar:/home/runner/.m2/repository/org/apache/commons/commons-collections4/4.4/commons-collections4-4.4.jar:/home/runner/.m2/repository/commons-httpclient/commons-httpclient/3.1/commons-httpclient-3.1.jar:/home/runner/.m2/repository/io/swagger/parser/v3/swagger-parser-v3/2.1.25/swagger-parser-v3-2.1.25.jar:/home/runner/.m2/repository/io/swagger/core/v3/swagger-models/2.2.28/swagger-models-2.2.28.jar:/home/runner/.m2/repository/io/swagger/core/v3/swagger-core/2.2.28/swagger-core-2.2.28.jar:/home/runner/.m2/repository/io/swagger/parser/v3/swagger-parser-core/2.1.25/swagger-parser-core-2.1.25.jar:/home/runner/.m2/repository/io/swagger/parser/v3/swagger-parser-safe-url-resolver/2.1.25/swagger-parser-safe-url-resolver-2.1.25.jar:/home/runner/work/apicurio-testing/apicurio-testing/clusters/ci419/namespaces/mysql/tests/integration/apicurio-registry/schema-util/wsdl/target/apicurio-registry-schema-util-wsdl-3.0.9.jar:/home/runner/.m2/repository/wsdl4j/wsdl4j/1.6.3/wsdl4j-1.6.3.jar:/home/runner/work/apicurio-testing/apicurio-testing/clusters/ci419/namespaces/mysql/tests/integration/apicurio-registry/schema-util/xml/target/apicurio-registry-schema-util-xml-3.0.9.jar:/home/runner/.m2/repository/org/apache/santuario/xmlsec/4.0.3/xmlsec-4.0.3.jar:/home/runner/.m2/repository/com/fasterxml/woodstox/woodstox-core/7.1.0/woodstox-core-7.1.0.jar:/home/runner/.m2/repository/org/codehaus/woodstox/stax2-api/4.2.2/stax2-api-4.2.2.jar:/home/runner/work/apicurio-testing/apicurio-testing/clusters/ci419/namespaces/mysql/tests/integration/apicurio-registry/schema-util/xsd/target/apicurio-registry-schema-util-xsd-3.0.9.jar:/home/runner/work/apicurio-testing/apicurio-testing/clusters/ci419/namespaces/mysql/tests/integration/apicurio-registry/serdes/kafka/jsonschema-serde/target/apicurio-registry-jsonschema-serde-kafka-3.0.9.jar:/home/runner/work/apicurio-testing/apicurio-testing/clusters/ci419/namespaces/mysql/tests/integration/apicurio-registry/serdes/kafka/serde-kafka-common/target/apicurio-registry-serde-kafka-common-3.0.9.jar:/home/runner/work/apicurio-testing/apicurio-testing/clusters/ci419/namespaces/mysql/tests/integration/apicurio-registry/serdes/generic/serde-common/target/apicurio-registry-serde-common-3.0.9.jar:/home/runner/work/apicurio-testing/apicurio-testing/clusters/ci419/namespaces/mysql/tests/integration/apicurio-registry/schema-resolver/target/apicurio-registry-schema-resolver-3.0.9.jar:/home/runner/work/apicurio-testing/apicurio-testing/clusters/ci419/namespaces/mysql/tests/integration/apicurio-registry/serdes/generic/serde-common-jsonschema/target/apicurio-registry-serde-common-jsonschema-3.0.9.jar:/home/runner/.m2/repository/org/json/json/20250107/json-20250107.jar:/home/runner/work/apicurio-testing/apicurio-testing/clusters/ci419/namespaces/mysql/tests/integration/apicurio-registry/serdes/kafka/avro-serde/target/apicurio-registry-avro-serde-kafka-3.0.9.jar:/home/runner/work/apicurio-testing/apicurio-testing/clusters/ci419/namespaces/mysql/tests/integration/apicurio-registry/serdes/generic/serde-common-avro/target/apicurio-registry-serde-common-avro-3.0.9.jar:/home/runner/work/apicurio-testing/apicurio-testing/clusters/ci419/namespaces/mysql/tests/integration/apicurio-registry/serdes/kafka/protobuf-serde/target/apicurio-registry-protobuf-serde-kafka-3.0.9.jar:/home/runner/work/apicurio-testing/apicurio-testing/clusters/ci419/namespaces/mysql/tests/integration/apicurio-registry/serdes/generic/serde-common-protobuf/target/apicurio-registry-serde-common-protobuf-3.0.9.jar:/home/runner/.m2/repository/com/squareup/wire/wire-schema/5.1.0/wire-schema-5.1.0.jar:/home/runner/.m2/repository/com/squareup/wire/wire-runtime/5.1.0/wire-runtime-5.1.0.jar:/home/runner/work/apicurio-testing/apicurio-testing/clusters/ci419/namespaces/mysql/tests/integration/apicurio-registry/serdes/pulsar/avro-serde/target/apicurio-registry-avro-serde-pulsar-3.0.9.jar:/home/runner/.m2/repository/org/apache/pulsar/pulsar-functions-api/3.3.4/pulsar-functions-api-3.3.4.jar:/home/runner/work/apicurio-testing/apicurio-testing/clusters/ci419/namespaces/mysql/tests/integration/apicurio-registry/serdes/nats/avro-serde/target/apicurio-registry-avro-serde-nats-3.0.9.jar:/home/runner/.m2/repository/io/nats/jnats/2.20.5/jnats-2.20.5.jar:/home/runner/.m2/repository/net/i2p/crypto/eddsa/0.3.0/eddsa-0.3.0.jar:/home/runner/work/apicurio-testing/apicurio-testing/clusters/ci419/namespaces/mysql/tests/integration/apicurio-registry/utils/converter/target/apicurio-registry-utils-converter-3.0.9.jar:/home/runner/.m2/repository/org/apache/kafka/connect-api/3.9.1/connect-api-3.9.1.jar:/home/runner/.m2/repository/javax/ws/rs/javax.ws.rs-api/2.1.1/javax.ws.rs-api-2.1.1.jar:/home/runner/.m2/repository/org/apache/kafka/connect-json/3.9.1/connect-json-3.9.1.jar:/home/runner/.m2/repository/com/fasterxml/jackson/datatype/jackson-datatype-jdk8/2.17.2/jackson-datatype-jdk8-2.17.2.jar:/home/runner/.m2/repository/com/fasterxml/jackson/module/jackson-module-afterburner/2.17.2/jackson-module-afterburner-2.17.2.jar:/home/runner/work/apicurio-testing/apicurio-testing/clusters/ci419/namespaces/mysql/tests/integration/apicurio-registry/utils/kafka/target/apicurio-registry-utils-kafka-3.0.9.jar:/home/runner/.m2/repository/org/apache/pulsar/pulsar-client/3.3.4/pulsar-client-3.3.4.jar:/home/runner/.m2/repository/org/apache/pulsar/pulsar-client-api/3.3.4/pulsar-client-api-3.3.4.jar:/home/runner/.m2/repository/org/apache/pulsar/pulsar-client-admin-api/3.3.4/pulsar-client-admin-api-3.3.4.jar:/home/runner/.m2/repository/org/apache/pulsar/bouncy-castle-bc/3.3.4/bouncy-castle-bc-3.3.4-pkg.jar:/home/runner/.m2/repository/org/bouncycastle/bcpkix-jdk18on/1.78.1/bcpkix-jdk18on-1.78.1.jar:/home/runner/.m2/repository/org/bouncycastle/bcutil-jdk18on/1.78.1/bcutil-jdk18on-1.78.1.jar:/home/runner/.m2/repository/org/bouncycastle/bcprov-jdk18on/1.78.1/bcprov-jdk18on-1.78.1.jar:/home/runner/.m2/repository/io/opentelemetry/opentelemetry-api/1.39.0/opentelemetry-api-1.39.0.jar:/home/runner/.m2/repository/io/opentelemetry/opentelemetry-context/1.39.0/opentelemetry-context-1.39.0.jar:/home/runner/.m2/repository/io/opentelemetry/opentelemetry-api-incubator/1.39.0-alpha/opentelemetry-api-incubator-1.39.0-alpha.jar:/home/runner/.m2/repository/com/fasterxml/jackson/core/jackson-annotations/2.17.2/jackson-annotations-2.17.2.jar:/home/runner/.m2/repository/javax/validation/validation-api/1.1.0.Final/validation-api-1.1.0.Final.jar:/home/runner/.m2/repository/io/confluent/kafka-avro-serializer/7.9.0/kafka-avro-serializer-7.9.0.jar:/home/runner/.m2/repository/org/apache/commons/commons-compress/1.27.0/commons-compress-1.27.0.jar:/home/runner/.m2/repository/io/confluent/kafka-schema-serializer/7.9.0/kafka-schema-serializer-7.9.0.jar:/home/runner/.m2/repository/com/fasterxml/jackson/dataformat/jackson-dataformat-csv/2.17.2/jackson-dataformat-csv-2.17.2.jar:/home/runner/.m2/repository/io/confluent/kafka-schema-registry-client/7.9.0/kafka-schema-registry-client-7.9.0.jar:/home/runner/.m2/repository/org/yaml/snakeyaml/2.2/snakeyaml-2.2.jar:/home/runner/.m2/repository/io/swagger/core/v3/swagger-annotations/2.1.10/swagger-annotations-2.1.10.jar:/home/runner/.m2/repository/com/google/guava/guava/33.2.1-jre/guava-33.2.1-jre.jar:/home/runner/.m2/repository/com/google/guava/failureaccess/1.0.1/failureaccess-1.0.1.jar:/home/runner/.m2/repository/org/checkerframework/checker-qual/3.46.0/checker-qual-3.46.0.jar:/home/runner/.m2/repository/io/confluent/logredactor/1.0.12/logredactor-1.0.12.jar:/home/runner/.m2/repository/com/google/re2j/re2j/1.6/re2j-1.6.jar:/home/runner/.m2/repository/io/confluent/logredactor-metrics/1.0.12/logredactor-metrics-1.0.12.jar:/home/runner/.m2/repository/com/eclipsesource/minimal-json/minimal-json/0.9.5/minimal-json-0.9.5.jar:/home/runner/.m2/repository/io/confluent/common-utils/7.9.0/common-utils-7.9.0.jar:/home/runner/.m2/repository/io/confluent/kafka-connect-avro-converter/7.9.0/kafka-connect-avro-converter-7.9.0.jar:/home/runner/.m2/repository/io/confluent/kafka-connect-avro-data/7.9.0/kafka-connect-avro-data-7.9.0.jar:/home/runner/.m2/repository/io/confluent/kafka-schema-converter/7.9.0/kafka-schema-converter-7.9.0.jar:/home/runner/.m2/repository/io/rest-assured/rest-assured/5.5.0/rest-assured-5.5.0.jar:/home/runner/.m2/repository/org/apache/groovy/groovy/4.0.22/groovy-4.0.22.jar:/home/runner/.m2/repository/org/apache/groovy/groovy-xml/4.0.22/groovy-xml-4.0.22.jar:/home/runner/.m2/repository/org/apache/httpcomponents/httpclient/4.5.14/httpclient-4.5.14.jar:/home/runner/.m2/repository/org/apache/httpcomponents/httpcore/4.4.16/httpcore-4.4.16.jar:/home/runner/.m2/repository/org/apache/httpcomponents/httpmime/4.5.14/httpmime-4.5.14.jar:/home/runner/.m2/repository/org/hamcrest/hamcrest/2.2/hamcrest-2.2.jar:/home/runner/.m2/repository/org/ccil/cowan/tagsoup/tagsoup/1.2.1/tagsoup-1.2.1.jar:/home/runner/.m2/repository/io/rest-assured/json-path/5.5.0/json-path-5.5.0.jar:/home/runner/.m2/repository/org/apache/groovy/groovy-json/4.0.22/groovy-json-4.0.22.jar:/home/runner/.m2/repository/io/rest-assured/rest-assured-common/5.5.0/rest-assured-common-5.5.0.jar:/home/runner/.m2/repository/io/rest-assured/xml-path/5.5.0/xml-path-5.5.0.jar:/home/runner/.m2/repository/io/zonky/test/embedded-postgres/2.1.0/embedded-postgres-2.1.0.jar:/home/runner/.m2/repository/io/zonky/test/postgres/embedded-postgres-binaries-windows-amd64/14.15.0/embedded-postgres-binaries-windows-amd64-14.15.0.jar:/home/runner/.m2/repository/io/zonky/test/postgres/embedded-postgres-binaries-darwin-amd64/14.15.0/embedded-postgres-binaries-darwin-amd64-14.15.0.jar:/home/runner/.m2/repository/io/zonky/test/postgres/embedded-postgres-binaries-linux-amd64/14.15.0/embedded-postgres-binaries-linux-amd64-14.15.0.jar:/home/runner/.m2/repository/io/zonky/test/postgres/embedded-postgres-binaries-linux-amd64-alpine/14.15.0/embedded-postgres-binaries-linux-amd64-alpine-14.15.0.jar:/home/runner/.m2/repository/org/apache/commons/commons-lang3/3.14.0/commons-lang3-3.14.0.jar:/home/runner/.m2/repository/org/tukaani/xz/1.10/xz-1.10.jar:/home/runner/.m2/repository/commons-codec/commons-codec/1.18.0/commons-codec-1.18.0.jar:/home/runner/.m2/repository/org/postgresql/postgresql/42.7.4/postgresql-42.7.4.jar:/home/runner/.m2/repository/commons-io/commons-io/2.16.1/commons-io-2.16.1.jar:/home/runner/work/apicurio-testing/apicurio-testing/clusters/ci419/namespaces/mysql/tests/integration/apicurio-registry/utils/importexport/target/apicurio-registry-utils-import-export-3.0.9.jar:/home/runner/.m2/repository/io/vertx/vertx-core/4.5.13/vertx-core-4.5.13.jar:/home/runner/.m2/repository/io/netty/netty-common/4.1.118.Final/netty-common-4.1.118.Final.jar:/home/runner/.m2/repository/io/netty/netty-buffer/4.1.118.Final/netty-buffer-4.1.118.Final.jar:/home/runner/.m2/repository/io/netty/netty-transport/4.1.118.Final/netty-transport-4.1.118.Final.jar:/home/runner/.m2/repository/io/netty/netty-handler/4.1.118.Final/netty-handler-4.1.118.Final.jar:/home/runner/.m2/repository/io/netty/netty-transport-native-unix-common/4.1.118.Final/netty-transport-native-unix-common-4.1.118.Final.jar:/home/runner/.m2/repository/io/netty/netty-codec/4.1.118.Final/netty-codec-4.1.118.Final.jar:/home/runner/.m2/repository/io/netty/netty-handler-proxy/4.1.118.Final/netty-handler-proxy-4.1.118.Final.jar:/home/runner/.m2/repository/io/netty/netty-codec-socks/4.1.118.Final/netty-codec-socks-4.1.118.Final.jar:/home/runner/.m2/repository/io/netty/netty-codec-http/4.1.118.Final/netty-codec-http-4.1.118.Final.jar:/home/runner/.m2/repository/io/netty/netty-codec-http2/4.1.118.Final/netty-codec-http2-4.1.118.Final.jar:/home/runner/.m2/repository/io/netty/netty-resolver/4.1.118.Final/netty-resolver-4.1.118.Final.jar:/home/runner/.m2/repository/io/netty/netty-resolver-dns/4.1.118.Final/netty-resolver-dns-4.1.118.Final.jar:/home/runner/.m2/repository/io/netty/netty-codec-dns/4.1.118.Final/netty-codec-dns-4.1.118.Final.jar:/home/runner/.m2/repository/com/fasterxml/jackson/core/jackson-core/2.17.2/jackson-core-2.17.2.jar:"/>
    <property name="sun.cpu.endian" value="little"/>
    <property name="user.home" value="/home/runner"/>
    <property name="user.language" value="en"/>
    <property name="jboss.log-version" value="false"/>
    <property name="java.specification.vendor" value="Oracle Corporation"/>
    <property name="java.version.date" value="2025-07-15"/>
    <property name="java.home" value="/usr/lib/jvm/temurin-17-jdk-amd64"/>
    <property name="file.separator" value="/"/>
    <property name="basedir" value="/home/runner/work/apicurio-testing/apicurio-testing/clusters/ci419/namespaces/mysql/tests/integration/apicurio-registry/integration-tests"/>
    <property name="java.vm.compressedOopsMode" value="32-bit"/>
    <property name="line.separator" value="&#10;"/>
    <property name="java.specification.name" value="Java Platform API Specification"/>
    <property name="java.vm.specification.vendor" value="Oracle Corporation"/>
    <property name="quarkus.http.test-host" value="registry-app-mysql.apps.ci419.apicurio-testing.org"/>
    <property name="surefire.real.class.path" value="/home/runner/work/apicurio-testing/apicurio-testing/clusters/ci419/namespaces/mysql/tests/integration/apicurio-registry/integration-tests/target/surefire/surefirebooter-20250731022243365_3.jar"/>
    <property name="sun.management.compiler" value="HotSpot 64-Bit Tiered Compilers"/>
    <property name="org.eclipse.jetty.http.HttpGenerator.STRICT" value="true"/>
    <property name="java.runtime.version" value="17.0.16+8"/>
    <property name="user.name" value="runner"/>
    <property name="path.separator" value=":"/>
    <property name="os.version" value="6.8.0-1031-azure"/>
    <property name="java.runtime.name" value="OpenJDK Runtime Environment"/>
    <property name="file.encoding" value="UTF-8"/>
    <property name="jnidispatch.path" value="/home/runner/.cache/JNA/temp/jna7163547519994193315.tmp"/>
    <property name="java.vm.name" value="OpenJDK 64-Bit Server VM"/>
    <property name="jna.platform.library.path" value="/usr/lib/x86_64-linux-gnu:/lib/x86_64-linux-gnu:/usr/lib64:/lib64:/usr/lib:/lib:/lib32:/usr/local/lib:/usr/lib/x86_64-linux-gnu/libfakeroot"/>
    <property name="java.vendor.version" value="Temurin-17.0.16+8"/>
    <property name="quarkus.oidc.token-path" value="https://keycloak-mysql.apps.ci419.apicurio-testing.org/realms/registry/protocol/openid-connect/token"/>
    <property name="quarkus.http.host" value="registry-app-mysql.apps.ci419.apicurio-testing.org"/>
    <property name="localRepository" value="/home/runner/.m2/repository"/>
    <property name="javax.xml.xpath.XPathFactory:http://java.sun.com/jaxp/xpath/dom" value="com.sun.org.apache.xpath.internal.jaxp.XPathFactoryImpl"/>
    <property name="jna.loaded" value="true"/>
    <property name="java.vendor.url.bug" value="https://github.com/adoptium/adoptium-support/issues"/>
    <property name="jetty.git.hash" value="5bc5e562c8d05c5862505aebe5cf83a61bdbcb96"/>
    <property name="java.io.tmpdir" value="/tmp"/>
    <property name="quarkus.http.test-protocol" value="http"/>
    <property name="java.version" value="17.0.16"/>
    <property name="user.dir" value="/home/runner/work/apicurio-testing/apicurio-testing/clusters/ci419/namespaces/mysql/tests/integration/apicurio-registry/integration-tests"/>
    <property name="os.arch" value="amd64"/>
    <property name="groups" value="( smoke | serdes | acceptance | ui)"/>
    <property name="java.vm.specification.name" value="Java Virtual Machine Specification"/>
    <property name="native.encoding" value="UTF-8"/>
    <property name="java.util.logging.manager" value="org.jboss.logmanager.LogManager"/>
    <property name="java.library.path" value="/usr/java/packages/lib:/usr/lib64:/lib64:/lib:/usr/lib"/>
    <property name="jdk.console" value="java.base"/>
    <property name="java.vm.info" value="mixed mode, sharing"/>
    <property name="java.vendor" value="Eclipse Adoptium"/>
    <property name="java.vm.version" value="17.0.16+8"/>
    <property name="java.specification.maintenance.version" value="1"/>
    <property name="sun.io.unicode.encoding" value="UnicodeLittle"/>
    <property name="javax.xml.transform.TransformerFactory" value="com.sun.org.apache.xalan.internal.xsltc.trax.TransformerFactoryImpl"/>
    <property name="java.class.version" value="61.0"/>
  </properties>
  <testcase name="testGlobalIdInHeaders" classname="io.apicurio.tests.serdes.apicurio.AvroSerdeIT" time="3.678">
    <system-out><![CDATA[2025-07-31 02:22:55,045 INFO  [io.api.tes.ser.api.AvroSerdeIT] (main) RestAssured configured with http://registry-app-mysql.apps.ci419.apicurio-testing.org:80/apis/registry/v3
2025-07-31 02:22:55,045 INFO  [io.api.tes.uti.KafkaFacade] (main) Starting kafka container
2025-07-31 02:22:55,108 INFO  [org.tes.ima.PullPolicy] (main) Image pull policy will be performed by: DefaultPullPolicy()
2025-07-31 02:22:55,110 INFO  [org.tes.uti.ImageNameSubstitutor] (main) Image name substitution will be performed by: DefaultImageNameSubstitutor (composite of 'ConfigurationFileImageNameSubstitutor' and 'PrefixingImageNameSubstitutor')
2025-07-31 02:22:55,120 INFO  [org.tes.DockerClientFactory] (main) Testcontainers version: 1.20.1
2025-07-31 02:22:55,626 INFO  [org.tes.doc.DockerClientProviderStrategy] (main) Found Docker environment with local Unix socket (unix:///var/run/docker.sock)
2025-07-31 02:22:55,636 INFO  [org.tes.DockerClientFactory] (main) Docker host IP address is localhost
2025-07-31 02:22:55,650 INFO  [org.tes.DockerClientFactory] (main) Connected to docker: 
  Server Version: 28.0.4
  API Version: 1.48
  Operating System: Ubuntu 22.04.5 LTS
  Total Memory: 7944 MB
2025-07-31 02:22:55,693 INFO  [tc.tes.8.1] (main) Pulling docker image: testcontainers/ryuk:0.8.1. Please be patient; this may take some time but only needs to be done once.
2025-07-31 02:22:56,127 INFO  [tc.tes.8.1] (docker-java-stream-1689030468) Starting to pull image
2025-07-31 02:22:56,155 INFO  [tc.tes.8.1] (docker-java-stream-1689030468) Pulling image layers:  0 pending,  0 downloaded,  0 extracted, (0 bytes/0 bytes)
2025-07-31 02:22:56,358 INFO  [tc.tes.8.1] (docker-java-stream-1689030468) Pulling image layers:  2 pending,  1 downloaded,  0 extracted, (317 KB/? MB)
2025-07-31 02:22:56,382 INFO  [tc.tes.8.1] (docker-java-stream-1689030468) Pulling image layers:  1 pending,  2 downloaded,  0 extracted, (3 MB/? MB)
2025-07-31 02:22:56,470 INFO  [tc.tes.8.1] (docker-java-stream-1689030468) Pulling image layers:  0 pending,  3 downloaded,  0 extracted, (3 MB/6 MB)
2025-07-31 02:22:56,585 INFO  [tc.tes.8.1] (docker-java-stream-1689030468) Pulling image layers:  0 pending,  3 downloaded,  1 extracted, (6 MB/6 MB)
2025-07-31 02:22:57,633 INFO  [tc.tes.8.1] (docker-java-stream-1689030468) Pulling image layers:  0 pending,  3 downloaded,  2 extracted, (6 MB/6 MB)
2025-07-31 02:22:57,701 INFO  [tc.tes.8.1] (docker-java-stream-1689030468) Pulling image layers:  0 pending,  3 downloaded,  3 extracted, (6 MB/6 MB)
2025-07-31 02:22:57,709 INFO  [tc.tes.8.1] (docker-java-stream-1689030468) Pull complete. 3 layers, pulled in 1s (downloaded 6 MB at 6 MB/s)
2025-07-31 02:22:57,709 INFO  [tc.tes.8.1] (main) Image testcontainers/ryuk:0.8.1 pull took PT2.015175369S
2025-07-31 02:22:57,727 INFO  [tc.tes.8.1] (main) Creating container for image: testcontainers/ryuk:0.8.1
2025-07-31 02:22:57,810 INFO  [tc.tes.8.1] (main) Container testcontainers/ryuk:0.8.1 is starting: c457f4594fc6616c9c4984f5d4e448a610043ee0121d62260f681d3012fd980e
2025-07-31 02:22:58,147 INFO  [tc.tes.8.1] (main) Container testcontainers/ryuk:0.8.1 started in PT0.419275731S
2025-07-31 02:22:58,153 INFO  [org.tes.uti.RyukResourceReaper] (main) Ryuk started - will monitor and terminate Testcontainers containers on JVM exit
2025-07-31 02:22:58,153 INFO  [org.tes.DockerClientFactory] (main) Checking the system...
2025-07-31 02:22:58,154 INFO  [org.tes.DockerClientFactory] (main) ✔︎ Docker server version should be at least 1.6.0
2025-07-31 02:22:58,157 INFO  [io.str.tes.con.KafkaVersionService] (main) Latest release of Kafka is:LogicalKafkaVersionEntity{version='3.7.1', image='quay.io/strimzi-test-container/test-container:0.107.0-kafka-3.7.1'}
2025-07-31 02:22:58,157 INFO  [io.str.tes.con.KafkaVersionService] (main) Latest release of Kafka is:LogicalKafkaVersionEntity{version='3.7.1', image='quay.io/strimzi-test-container/test-container:0.107.0-kafka-3.7.1'}
2025-07-31 02:22:58,157 INFO  [io.str.tes.con.KafkaVersionService] (main) No Kafka version specified. Using latest release: quay.io/strimzi-test-container/test-container:0.107.0-kafka-3.7.1
2025-07-31 02:22:58,160 INFO  [tc.qua.io/.107.0-k.7.1] (main) Pulling docker image: quay.io/strimzi-test-container/test-container:0.107.0-kafka-3.7.1. Please be patient; this may take some time but only needs to be done once.
2025-07-31 02:22:58,645 INFO  [tc.qua.io/.107.0-k.7.1] (docker-java-stream--720530420) Starting to pull image
2025-07-31 02:22:58,647 INFO  [tc.qua.io/.107.0-k.7.1] (docker-java-stream--720530420) Pulling image layers:  0 pending,  0 downloaded,  0 extracted, (0 bytes/0 bytes)
2025-07-31 02:22:59,106 INFO  [tc.qua.io/.107.0-k.7.1] (docker-java-stream--720530420) Pulling image layers:  4 pending,  1 downloaded,  0 extracted, (997 bytes/? MB)
2025-07-31 02:22:59,498 INFO  [tc.qua.io/.107.0-k.7.1] (docker-java-stream--720530420) Pulling image layers:  3 pending,  2 downloaded,  0 extracted, (35 MB/? MB)
2025-07-31 02:22:59,646 INFO  [tc.qua.io/.107.0-k.7.1] (docker-java-stream--720530420) Pulling image layers:  2 pending,  3 downloaded,  0 extracted, (43 MB/? MB)
2025-07-31 02:23:00,488 INFO  [tc.qua.io/.107.0-k.7.1] (docker-java-stream--720530420) Pulling image layers:  2 pending,  3 downloaded,  1 extracted, (112 MB/? MB)
2025-07-31 02:23:01,440 INFO  [tc.qua.io/.107.0-k.7.1] (docker-java-stream--720530420) Pulling image layers:  1 pending,  4 downloaded,  1 extracted, (225 MB/? MB)
2025-07-31 02:23:01,451 INFO  [tc.qua.io/.107.0-k.7.1] (docker-java-stream--720530420) Pulling image layers:  0 pending,  5 downloaded,  1 extracted, (225 MB/231 MB)
2025-07-31 02:23:04,066 INFO  [tc.qua.io/.107.0-k.7.1] (docker-java-stream--720530420) Pulling image layers:  0 pending,  5 downloaded,  2 extracted, (230 MB/231 MB)
2025-07-31 02:23:05,191 INFO  [tc.qua.io/.107.0-k.7.1] (docker-java-stream--720530420) Pulling image layers:  0 pending,  5 downloaded,  3 extracted, (230 MB/231 MB)
2025-07-31 02:23:06,394 INFO  [tc.qua.io/.107.0-k.7.1] (docker-java-stream--720530420) Pulling image layers:  0 pending,  5 downloaded,  4 extracted, (231 MB/231 MB)
2025-07-31 02:23:06,406 INFO  [tc.qua.io/.107.0-k.7.1] (docker-java-stream--720530420) Pulling image layers:  0 pending,  5 downloaded,  5 extracted, (231 MB/231 MB)
2025-07-31 02:23:06,417 INFO  [tc.qua.io/.107.0-k.7.1] (docker-java-stream--720530420) Pull complete. 5 layers, pulled in 7s (downloaded 231 MB at 33 MB/s)
2025-07-31 02:23:06,418 INFO  [tc.qua.io/.107.0-k.7.1] (main) Image quay.io/strimzi-test-container/test-container:0.107.0-kafka-3.7.1 pull took PT8.257604792S
2025-07-31 02:23:06,421 INFO  [tc.qua.io/.107.0-k.7.1] (main) Creating container for image: quay.io/strimzi-test-container/test-container:0.107.0-kafka-3.7.1
2025-07-31 02:23:06,493 INFO  [tc.qua.io/.107.0-k.7.1] (main) Container quay.io/strimzi-test-container/test-container:0.107.0-kafka-3.7.1 is starting: 8e6a4f0185acb3d31117408af040be7d3e1bf090151dae98145fe9e273198545
2025-07-31 02:23:06,702 INFO  [io.str.tes.con.StrimziKafkaContainer] (main) Mapped port: 32770
2025-07-31 02:23:06,703 INFO  [io.str.tes.con.StrimziKafkaContainer] (main) This is all advertised listeners for Kafka PLAINTEXT://localhost:32770,BROKER1://172.18.0.2:9093
2025-07-31 02:23:06,703 INFO  [io.str.tes.con.StrimziKafkaContainer] (main) Using internal ZooKeeper 'zookeeper.connect=localhost:2181.'
2025-07-31 02:23:06,704 INFO  [io.str.tes.con.StrimziKafkaContainer] (main) Copying command to 'STARTER_SCRIPT' script.
2025-07-31 02:23:10,607 INFO  [tc.qua.io/.107.0-k.7.1] (main) Container quay.io/strimzi-test-container/test-container:0.107.0-kafka-3.7.1 started in PT4.186089751S
2025-07-31 02:23:10,609 INFO  [io.api.tes.uti.TestSeparator] (main) ############################################################################
2025-07-31 02:23:10,611 INFO  [io.api.tes.uti.TestSeparator] (main) io.apicurio.tests.serdes.apicurio.AvroSerdeIT.testGlobalIdInHeaders-STARTED
2025-07-31 02:23:10,623 INFO  [org.apa.kaf.cli.adm.AdminClientConfig] (main) AdminClientConfig values: 
	auto.include.jmx.reporter = true
	bootstrap.controllers = []
	bootstrap.servers = [PLAINTEXT://localhost:32770]
	client.dns.lookup = use_all_dns_ips
	client.id = 
	connections.max.idle.ms = 10000
	default.api.timeout.ms = 60000
	enable.metrics.push = true
	metadata.max.age.ms = 300000
	metadata.recovery.strategy = none
	metric.reporters = []
	metrics.num.samples = 2
	metrics.recording.level = INFO
	metrics.sample.window.ms = 30000
	receive.buffer.bytes = 65536
	reconnect.backoff.max.ms = 1000
	reconnect.backoff.ms = 50
	request.timeout.ms = 5000
	retries = 2147483647
	retry.backoff.max.ms = 1000
	retry.backoff.ms = 100
	sasl.client.callback.handler.class = null
	sasl.jaas.config = null
	sasl.kerberos.kinit.cmd = /usr/bin/kinit
	sasl.kerberos.min.time.before.relogin = 60000
	sasl.kerberos.service.name = null
	sasl.kerberos.ticket.renew.jitter = 0.05
	sasl.kerberos.ticket.renew.window.factor = 0.8
	sasl.login.callback.handler.class = null
	sasl.login.class = null
	sasl.login.connect.timeout.ms = null
	sasl.login.read.timeout.ms = null
	sasl.login.refresh.buffer.seconds = 300
	sasl.login.refresh.min.period.seconds = 60
	sasl.login.refresh.window.factor = 0.8
	sasl.login.refresh.window.jitter = 0.05
	sasl.login.retry.backoff.max.ms = 10000
	sasl.login.retry.backoff.ms = 100
	sasl.mechanism = GSSAPI
	sasl.oauthbearer.clock.skew.seconds = 30
	sasl.oauthbearer.expected.audience = null
	sasl.oauthbearer.expected.issuer = null
	sasl.oauthbearer.header.urlencode = false
	sasl.oauthbearer.jwks.endpoint.refresh.ms = 3600000
	sasl.oauthbearer.jwks.endpoint.retry.backoff.max.ms = 10000
	sasl.oauthbearer.jwks.endpoint.retry.backoff.ms = 100
	sasl.oauthbearer.jwks.endpoint.url = null
	sasl.oauthbearer.scope.claim.name = scope
	sasl.oauthbearer.sub.claim.name = sub
	sasl.oauthbearer.token.endpoint.url = null
	security.protocol = PLAINTEXT
	security.providers = null
	send.buffer.bytes = 131072
	socket.connection.setup.timeout.max.ms = 30000
	socket.connection.setup.timeout.ms = 10000
	ssl.cipher.suites = null
	ssl.enabled.protocols = [TLSv1.2, TLSv1.3]
	ssl.endpoint.identification.algorithm = https
	ssl.engine.factory.class = null
	ssl.key.password = null
	ssl.keymanager.algorithm = SunX509
	ssl.keystore.certificate.chain = null
	ssl.keystore.key = null
	ssl.keystore.location = null
	ssl.keystore.password = null
	ssl.keystore.type = JKS
	ssl.protocol = TLSv1.3
	ssl.provider = null
	ssl.secure.random.implementation = null
	ssl.trustmanager.algorithm = PKIX
	ssl.truststore.certificates = null
	ssl.truststore.location = null
	ssl.truststore.password = null
	ssl.truststore.type = JKS

2025-07-31 02:23:11,183 INFO  [org.apa.kaf.com.uti.AppInfoParser] (main) Kafka version: 3.9.0
2025-07-31 02:23:11,183 INFO  [org.apa.kaf.com.uti.AppInfoParser] (main) Kafka commitId: 84caaa6e9da06435
2025-07-31 02:23:11,183 INFO  [org.apa.kaf.com.uti.AppInfoParser] (main) Kafka startTimeMs: 1753928591180
2025-07-31 02:23:11,234 INFO  [org.apa.kaf.cli.pro.ProducerConfig] (main) ProducerConfig values: 
	acks = -1
	auto.include.jmx.reporter = true
	batch.size = 16384
	bootstrap.servers = [PLAINTEXT://localhost:32770]
	buffer.memory = 33554432
	client.dns.lookup = use_all_dns_ips
	client.id = Producer-topic-eaf81873_1121_4d6a_ba22_c55f32ed329d
	compression.gzip.level = -1
	compression.lz4.level = 9
	compression.type = none
	compression.zstd.level = 3
	connections.max.idle.ms = 10000
	delivery.timeout.ms = 120000
	enable.idempotence = true
	enable.metrics.push = true
	interceptor.classes = []
	key.serializer = class org.apache.kafka.common.serialization.StringSerializer
	linger.ms = 0
	max.block.ms = 60000
	max.in.flight.requests.per.connection = 5
	max.request.size = 1048576
	metadata.max.age.ms = 300000
	metadata.max.idle.ms = 300000
	metadata.recovery.strategy = none
	metric.reporters = []
	metrics.num.samples = 2
	metrics.recording.level = INFO
	metrics.sample.window.ms = 30000
	partitioner.adaptive.partitioning.enable = true
	partitioner.availability.timeout.ms = 0
	partitioner.class = null
	partitioner.ignore.keys = false
	receive.buffer.bytes = 32768
	reconnect.backoff.max.ms = 1000
	reconnect.backoff.ms = 50
	request.timeout.ms = 5000
	retries = 2147483647
	retry.backoff.max.ms = 1000
	retry.backoff.ms = 100
	sasl.client.callback.handler.class = null
	sasl.jaas.config = null
	sasl.kerberos.kinit.cmd = /usr/bin/kinit
	sasl.kerberos.min.time.before.relogin = 60000
	sasl.kerberos.service.name = null
	sasl.kerberos.ticket.renew.jitter = 0.05
	sasl.kerberos.ticket.renew.window.factor = 0.8
	sasl.login.callback.handler.class = null
	sasl.login.class = null
	sasl.login.connect.timeout.ms = null
	sasl.login.read.timeout.ms = null
	sasl.login.refresh.buffer.seconds = 300
	sasl.login.refresh.min.period.seconds = 60
	sasl.login.refresh.window.factor = 0.8
	sasl.login.refresh.window.jitter = 0.05
	sasl.login.retry.backoff.max.ms = 10000
	sasl.login.retry.backoff.ms = 100
	sasl.mechanism = GSSAPI
	sasl.oauthbearer.clock.skew.seconds = 30
	sasl.oauthbearer.expected.audience = null
	sasl.oauthbearer.expected.issuer = null
	sasl.oauthbearer.header.urlencode = false
	sasl.oauthbearer.jwks.endpoint.refresh.ms = 3600000
	sasl.oauthbearer.jwks.endpoint.retry.backoff.max.ms = 10000
	sasl.oauthbearer.jwks.endpoint.retry.backoff.ms = 100
	sasl.oauthbearer.jwks.endpoint.url = null
	sasl.oauthbearer.scope.claim.name = scope
	sasl.oauthbearer.sub.claim.name = sub
	sasl.oauthbearer.token.endpoint.url = null
	security.protocol = PLAINTEXT
	security.providers = null
	send.buffer.bytes = 131072
	socket.connection.setup.timeout.max.ms = 30000
	socket.connection.setup.timeout.ms = 10000
	ssl.cipher.suites = null
	ssl.enabled.protocols = [TLSv1.2, TLSv1.3]
	ssl.endpoint.identification.algorithm = https
	ssl.engine.factory.class = null
	ssl.key.password = null
	ssl.keymanager.algorithm = SunX509
	ssl.keystore.certificate.chain = null
	ssl.keystore.key = null
	ssl.keystore.location = null
	ssl.keystore.password = null
	ssl.keystore.type = JKS
	ssl.protocol = TLSv1.3
	ssl.provider = null
	ssl.secure.random.implementation = null
	ssl.trustmanager.algorithm = PKIX
	ssl.truststore.certificates = null
	ssl.truststore.location = null
	ssl.truststore.password = null
	ssl.truststore.type = JKS
	transaction.timeout.ms = 60000
	transactional.id = null
	value.serializer = class io.apicurio.registry.serde.avro.AvroKafkaSerializer

2025-07-31 02:23:11,272 INFO  [org.apa.kaf.com.tel.int.KafkaMetricsCollector] (main) initializing Kafka metrics collector
2025-07-31 02:23:11,301 INFO  [org.apa.kaf.cli.pro.KafkaProducer] (main) [Producer clientId=Producer-topic-eaf81873_1121_4d6a_ba22_c55f32ed329d] Instantiated an idempotent producer.
2025-07-31 02:23:11,356 INFO  [org.apa.kaf.cli.pro.ProducerConfig] (main) These configurations '[apicurio.registry.url, apicurio.registry.auto-register, apicurio.registry.use-id, apicurio.registry.artifact-resolver-strategy]' were supplied but are not used yet.
2025-07-31 02:23:11,356 INFO  [org.apa.kaf.com.uti.AppInfoParser] (main) Kafka version: 3.9.0
2025-07-31 02:23:11,356 INFO  [org.apa.kaf.com.uti.AppInfoParser] (main) Kafka commitId: 84caaa6e9da06435
2025-07-31 02:23:11,356 INFO  [org.apa.kaf.com.uti.AppInfoParser] (main) Kafka startTimeMs: 1753928591356
2025-07-31 02:23:11,357 INFO  [io.api.tes.ser.api.SimpleSerdesTesterBuilder$SimpleSerdesTester] (main) Using producer configuration: {apicurio.registry.url=http://registry-app-mysql.apps.ci419.apicurio-testing.org:80/apis/registry/v3, apicurio.registry.auto-register=true, apicurio.registry.use-id=globalId, apicurio.registry.artifact-resolver-strategy=io.apicurio.registry.serde.strategy.TopicIdStrategy, value.serializer=io.apicurio.registry.serde.avro.AvroKafkaSerializer, request.timeout.ms=5000, acks=all, bootstrap.servers=PLAINTEXT://localhost:32770, connections.max.idle.ms=10000, key.serializer=org.apache.kafka.common.serialization.StringSerializer, client.id=Producer-topic-eaf81873_1121_4d6a_ba22_c55f32ed329d}
2025-07-31 02:23:11,357 INFO  [io.api.tes.ser.api.SimpleSerdesTesterBuilder$SimpleSerdesTester] (main) Using consumer configuration: {apicurio.registry.use-id=globalId}
2025-07-31 02:23:11,364 INFO  [io.api.tes.ser.api.KafkaSerdesTester] (Thread-120) Sending message {"key11753928591213": "value-0"} to topic topic-eaf81873_1121_4d6a_ba22_c55f32ed329d
2025-07-31 02:23:11,789 WARN  [org.apa.kaf.cli.NetworkClient] (kafka-producer-network-thread | Producer-topic-eaf81873_1121_4d6a_ba22_c55f32ed329d) [Producer clientId=Producer-topic-eaf81873_1121_4d6a_ba22_c55f32ed329d] The metadata response from the cluster reported a recoverable issue with correlation id 2 : {topic-eaf81873_1121_4d6a_ba22_c55f32ed329d=LEADER_NOT_AVAILABLE}
2025-07-31 02:23:11,792 INFO  [org.apa.kaf.cli.Metadata] (kafka-producer-network-thread | Producer-topic-eaf81873_1121_4d6a_ba22_c55f32ed329d) [Producer clientId=Producer-topic-eaf81873_1121_4d6a_ba22_c55f32ed329d] Cluster ID: EeXQRaomRg6j_8npZiTrIA
2025-07-31 02:23:11,939 INFO  [org.apa.kaf.cli.pro.int.TransactionManager] (kafka-producer-network-thread | Producer-topic-eaf81873_1121_4d6a_ba22_c55f32ed329d) [Producer clientId=Producer-topic-eaf81873_1121_4d6a_ba22_c55f32ed329d] ProducerId set to 0 with epoch 0
2025-07-31 02:23:11,948 WARN  [org.apa.kaf.cli.NetworkClient] (kafka-producer-network-thread | Producer-topic-eaf81873_1121_4d6a_ba22_c55f32ed329d) [Producer clientId=Producer-topic-eaf81873_1121_4d6a_ba22_c55f32ed329d] The metadata response from the cluster reported a recoverable issue with correlation id 8 : {topic-eaf81873_1121_4d6a_ba22_c55f32ed329d=LEADER_NOT_AVAILABLE}
2025-07-31 02:23:12,411 INFO  [io.api.tes.ser.api.KafkaSerdesTester] (Thread-120) Sending message {"key11753928591213": "value-1"} to topic topic-eaf81873_1121_4d6a_ba22_c55f32ed329d
2025-07-31 02:23:12,421 INFO  [io.api.tes.ser.api.KafkaSerdesTester] (Thread-120) Sending message {"key11753928591213": "value-2"} to topic topic-eaf81873_1121_4d6a_ba22_c55f32ed329d
2025-07-31 02:23:12,427 INFO  [io.api.tes.ser.api.KafkaSerdesTester] (Thread-120) Sending message {"key11753928591213": "value-3"} to topic topic-eaf81873_1121_4d6a_ba22_c55f32ed329d
2025-07-31 02:23:12,436 INFO  [io.api.tes.ser.api.KafkaSerdesTester] (Thread-120) Sending message {"key11753928591213": "value-4"} to topic topic-eaf81873_1121_4d6a_ba22_c55f32ed329d
2025-07-31 02:23:12,444 INFO  [io.api.tes.ser.api.KafkaSerdesTester] (Thread-120) Sending message {"key11753928591213": "value-5"} to topic topic-eaf81873_1121_4d6a_ba22_c55f32ed329d
2025-07-31 02:23:12,449 INFO  [io.api.tes.ser.api.KafkaSerdesTester] (Thread-120) Sending message {"key11753928591213": "value-6"} to topic topic-eaf81873_1121_4d6a_ba22_c55f32ed329d
2025-07-31 02:23:12,453 INFO  [io.api.tes.ser.api.KafkaSerdesTester] (Thread-120) Sending message {"key11753928591213": "value-7"} to topic topic-eaf81873_1121_4d6a_ba22_c55f32ed329d
2025-07-31 02:23:12,460 INFO  [io.api.tes.ser.api.KafkaSerdesTester] (Thread-120) Sending message {"key11753928591213": "value-8"} to topic topic-eaf81873_1121_4d6a_ba22_c55f32ed329d
2025-07-31 02:23:12,466 INFO  [io.api.tes.ser.api.KafkaSerdesTester] (Thread-120) Sending message {"key11753928591213": "value-9"} to topic topic-eaf81873_1121_4d6a_ba22_c55f32ed329d
2025-07-31 02:23:12,471 INFO  [io.api.tes.ser.api.KafkaSerdesTester] (Thread-120) Produced 10 messages
2025-07-31 02:23:12,472 INFO  [org.apa.kaf.cli.pro.KafkaProducer] (Thread-120) [Producer clientId=Producer-topic-eaf81873_1121_4d6a_ba22_c55f32ed329d] Closing the Kafka producer with timeoutMillis = 9223372036854775807 ms.
2025-07-31 02:23:12,499 INFO  [org.apa.kaf.com.met.Metrics] (Thread-120) Metrics scheduler closed
2025-07-31 02:23:12,499 INFO  [org.apa.kaf.com.met.Metrics] (Thread-120) Closing reporter org.apache.kafka.common.metrics.JmxReporter
2025-07-31 02:23:12,499 INFO  [org.apa.kaf.com.met.Metrics] (Thread-120) Closing reporter org.apache.kafka.common.telemetry.internals.ClientTelemetryReporter
2025-07-31 02:23:12,499 INFO  [org.apa.kaf.com.met.Metrics] (Thread-120) Metrics reporters closed
2025-07-31 02:23:12,502 INFO  [org.apa.kaf.com.uti.AppInfoParser] (Thread-120) App info kafka.producer for Producer-topic-eaf81873_1121_4d6a_ba22_c55f32ed329d unregistered
2025-07-31 02:23:12,611 INFO  [org.apa.kaf.cli.con.ConsumerConfig] (main) ConsumerConfig values: 
	allow.auto.create.topics = true
	auto.commit.interval.ms = 500
	auto.include.jmx.reporter = true
	auto.offset.reset = earliest
	bootstrap.servers = [PLAINTEXT://localhost:32770]
	check.crcs = true
	client.dns.lookup = use_all_dns_ips
	client.id = consumer-Consumer-topic-eaf81873_1121_4d6a_ba22_c55f32ed329d-1
	client.rack = 
	connections.max.idle.ms = 10000
	default.api.timeout.ms = 60000
	enable.auto.commit = true
	enable.metrics.push = true
	exclude.internal.topics = true
	fetch.max.bytes = 52428800
	fetch.max.wait.ms = 500
	fetch.min.bytes = 1
	group.id = Consumer-topic-eaf81873_1121_4d6a_ba22_c55f32ed329d
	group.instance.id = null
	group.protocol = classic
	group.remote.assignor = null
	heartbeat.interval.ms = 3000
	interceptor.classes = []
	internal.leave.group.on.close = true
	internal.throw.on.fetch.stable.offset.unsupported = false
	isolation.level = read_uncommitted
	key.deserializer = class org.apache.kafka.common.serialization.StringDeserializer
	max.partition.fetch.bytes = 1048576
	max.poll.interval.ms = 300000
	max.poll.records = 500
	metadata.max.age.ms = 300000
	metadata.recovery.strategy = none
	metric.reporters = []
	metrics.num.samples = 2
	metrics.recording.level = INFO
	metrics.sample.window.ms = 30000
	partition.assignment.strategy = [class org.apache.kafka.clients.consumer.RangeAssignor, class org.apache.kafka.clients.consumer.CooperativeStickyAssignor]
	receive.buffer.bytes = 65536
	reconnect.backoff.max.ms = 1000
	reconnect.backoff.ms = 50
	request.timeout.ms = 5000
	retry.backoff.max.ms = 1000
	retry.backoff.ms = 100
	sasl.client.callback.handler.class = null
	sasl.jaas.config = null
	sasl.kerberos.kinit.cmd = /usr/bin/kinit
	sasl.kerberos.min.time.before.relogin = 60000
	sasl.kerberos.service.name = null
	sasl.kerberos.ticket.renew.jitter = 0.05
	sasl.kerberos.ticket.renew.window.factor = 0.8
	sasl.login.callback.handler.class = null
	sasl.login.class = null
	sasl.login.connect.timeout.ms = null
	sasl.login.read.timeout.ms = null
	sasl.login.refresh.buffer.seconds = 300
	sasl.login.refresh.min.period.seconds = 60
	sasl.login.refresh.window.factor = 0.8
	sasl.login.refresh.window.jitter = 0.05
	sasl.login.retry.backoff.max.ms = 10000
	sasl.login.retry.backoff.ms = 100
	sasl.mechanism = GSSAPI
	sasl.oauthbearer.clock.skew.seconds = 30
	sasl.oauthbearer.expected.audience = null
	sasl.oauthbearer.expected.issuer = null
	sasl.oauthbearer.header.urlencode = false
	sasl.oauthbearer.jwks.endpoint.refresh.ms = 3600000
	sasl.oauthbearer.jwks.endpoint.retry.backoff.max.ms = 10000
	sasl.oauthbearer.jwks.endpoint.retry.backoff.ms = 100
	sasl.oauthbearer.jwks.endpoint.url = null
	sasl.oauthbearer.scope.claim.name = scope
	sasl.oauthbearer.sub.claim.name = sub
	sasl.oauthbearer.token.endpoint.url = null
	security.protocol = PLAINTEXT
	security.providers = null
	send.buffer.bytes = 131072
	session.timeout.ms = 45000
	socket.connection.setup.timeout.max.ms = 30000
	socket.connection.setup.timeout.ms = 10000
	ssl.cipher.suites = null
	ssl.enabled.protocols = [TLSv1.2, TLSv1.3]
	ssl.endpoint.identification.algorithm = https
	ssl.engine.factory.class = null
	ssl.key.password = null
	ssl.keymanager.algorithm = SunX509
	ssl.keystore.certificate.chain = null
	ssl.keystore.key = null
	ssl.keystore.location = null
	ssl.keystore.password = null
	ssl.keystore.type = JKS
	ssl.protocol = TLSv1.3
	ssl.provider = null
	ssl.secure.random.implementation = null
	ssl.trustmanager.algorithm = PKIX
	ssl.truststore.certificates = null
	ssl.truststore.location = null
	ssl.truststore.password = null
	ssl.truststore.type = JKS
	value.deserializer = class io.apicurio.registry.serde.avro.AvroKafkaDeserializer

2025-07-31 02:23:12,621 INFO  [org.apa.kaf.com.tel.int.KafkaMetricsCollector] (main) initializing Kafka metrics collector
2025-07-31 02:23:12,662 INFO  [org.apa.kaf.cli.con.ConsumerConfig] (main) These configurations '[apicurio.registry.url, apicurio.registry.use-id]' were supplied but are not used yet.
2025-07-31 02:23:12,662 INFO  [org.apa.kaf.com.uti.AppInfoParser] (main) Kafka version: 3.9.0
2025-07-31 02:23:12,663 INFO  [org.apa.kaf.com.uti.AppInfoParser] (main) Kafka commitId: 84caaa6e9da06435
2025-07-31 02:23:12,663 INFO  [org.apa.kaf.com.uti.AppInfoParser] (main) Kafka startTimeMs: 1753928592662
2025-07-31 02:23:12,665 INFO  [org.apa.kaf.cli.con.int.ClassicKafkaConsumer] (Thread-123) [Consumer clientId=consumer-Consumer-topic-eaf81873_1121_4d6a_ba22_c55f32ed329d-1, groupId=Consumer-topic-eaf81873_1121_4d6a_ba22_c55f32ed329d] Subscribed to topic(s): topic-eaf81873_1121_4d6a_ba22_c55f32ed329d
2025-07-31 02:23:12,685 INFO  [org.apa.kaf.cli.Metadata] (Thread-123) [Consumer clientId=consumer-Consumer-topic-eaf81873_1121_4d6a_ba22_c55f32ed329d-1, groupId=Consumer-topic-eaf81873_1121_4d6a_ba22_c55f32ed329d] Cluster ID: EeXQRaomRg6j_8npZiTrIA
2025-07-31 02:23:13,431 INFO  [org.apa.kaf.cli.con.int.ConsumerCoordinator] (Thread-123) [Consumer clientId=consumer-Consumer-topic-eaf81873_1121_4d6a_ba22_c55f32ed329d-1, groupId=Consumer-topic-eaf81873_1121_4d6a_ba22_c55f32ed329d] Discovered group coordinator localhost:32770 (id: 2147483647 rack: null)
2025-07-31 02:23:13,440 INFO  [org.apa.kaf.cli.con.int.ConsumerCoordinator] (Thread-123) [Consumer clientId=consumer-Consumer-topic-eaf81873_1121_4d6a_ba22_c55f32ed329d-1, groupId=Consumer-topic-eaf81873_1121_4d6a_ba22_c55f32ed329d] (Re-)joining group
2025-07-31 02:23:13,480 INFO  [org.apa.kaf.cli.con.int.ConsumerCoordinator] (Thread-123) [Consumer clientId=consumer-Consumer-topic-eaf81873_1121_4d6a_ba22_c55f32ed329d-1, groupId=Consumer-topic-eaf81873_1121_4d6a_ba22_c55f32ed329d] Request joining group due to: need to re-join with the given member-id: consumer-Consumer-topic-eaf81873_1121_4d6a_ba22_c55f32ed329d-1-bd45eb61-0adc-42d3-be6e-e186f8cf222d
2025-07-31 02:23:13,480 INFO  [org.apa.kaf.cli.con.int.ConsumerCoordinator] (Thread-123) [Consumer clientId=consumer-Consumer-topic-eaf81873_1121_4d6a_ba22_c55f32ed329d-1, groupId=Consumer-topic-eaf81873_1121_4d6a_ba22_c55f32ed329d] (Re-)joining group
2025-07-31 02:23:13,506 INFO  [org.apa.kaf.cli.con.int.ConsumerCoordinator] (Thread-123) [Consumer clientId=consumer-Consumer-topic-eaf81873_1121_4d6a_ba22_c55f32ed329d-1, groupId=Consumer-topic-eaf81873_1121_4d6a_ba22_c55f32ed329d] Successfully joined group with generation Generation{generationId=1, memberId='consumer-Consumer-topic-eaf81873_1121_4d6a_ba22_c55f32ed329d-1-bd45eb61-0adc-42d3-be6e-e186f8cf222d', protocol='range'}
2025-07-31 02:23:13,516 INFO  [org.apa.kaf.cli.con.int.ConsumerCoordinator] (Thread-123) [Consumer clientId=consumer-Consumer-topic-eaf81873_1121_4d6a_ba22_c55f32ed329d-1, groupId=Consumer-topic-eaf81873_1121_4d6a_ba22_c55f32ed329d] Finished assignment for group at generation 1: {consumer-Consumer-topic-eaf81873_1121_4d6a_ba22_c55f32ed329d-1-bd45eb61-0adc-42d3-be6e-e186f8cf222d=Assignment(partitions=[topic-eaf81873_1121_4d6a_ba22_c55f32ed329d-0])}
2025-07-31 02:23:13,552 INFO  [org.apa.kaf.cli.con.int.ConsumerCoordinator] (Thread-123) [Consumer clientId=consumer-Consumer-topic-eaf81873_1121_4d6a_ba22_c55f32ed329d-1, groupId=Consumer-topic-eaf81873_1121_4d6a_ba22_c55f32ed329d] Successfully synced group in generation Generation{generationId=1, memberId='consumer-Consumer-topic-eaf81873_1121_4d6a_ba22_c55f32ed329d-1-bd45eb61-0adc-42d3-be6e-e186f8cf222d', protocol='range'}
2025-07-31 02:23:13,552 INFO  [org.apa.kaf.cli.con.int.ConsumerCoordinator] (Thread-123) [Consumer clientId=consumer-Consumer-topic-eaf81873_1121_4d6a_ba22_c55f32ed329d-1, groupId=Consumer-topic-eaf81873_1121_4d6a_ba22_c55f32ed329d] Notifying assignor about the new Assignment(partitions=[topic-eaf81873_1121_4d6a_ba22_c55f32ed329d-0])
2025-07-31 02:23:13,555 INFO  [org.apa.kaf.cli.con.int.ConsumerRebalanceListenerInvoker] (Thread-123) [Consumer clientId=consumer-Consumer-topic-eaf81873_1121_4d6a_ba22_c55f32ed329d-1, groupId=Consumer-topic-eaf81873_1121_4d6a_ba22_c55f32ed329d] Adding newly assigned partitions: topic-eaf81873_1121_4d6a_ba22_c55f32ed329d-0
2025-07-31 02:23:13,570 INFO  [org.apa.kaf.cli.con.int.ConsumerCoordinator] (Thread-123) [Consumer clientId=consumer-Consumer-topic-eaf81873_1121_4d6a_ba22_c55f32ed329d-1, groupId=Consumer-topic-eaf81873_1121_4d6a_ba22_c55f32ed329d] Found no committed offset for partition topic-eaf81873_1121_4d6a_ba22_c55f32ed329d-0
2025-07-31 02:23:13,599 INFO  [org.apa.kaf.cli.con.int.SubscriptionState] (Thread-123) [Consumer clientId=consumer-Consumer-topic-eaf81873_1121_4d6a_ba22_c55f32ed329d-1, groupId=Consumer-topic-eaf81873_1121_4d6a_ba22_c55f32ed329d] Resetting offset for partition topic-eaf81873_1121_4d6a_ba22_c55f32ed329d-0 to position FetchPosition{offset=0, offsetEpoch=Optional.empty, currentLeader=LeaderAndEpoch{leader=Optional[localhost:32770 (id: 0 rack: null)], epoch=0}}.
2025-07-31 02:23:13,753 INFO  [io.api.tes.ser.api.KafkaSerdesTester] (Thread-123) topic-eaf81873_1121_4d6a_ba22_c55f32ed329d 0 0 {"key11753928591213": "value-0"}
2025-07-31 02:23:13,754 INFO  [io.api.tes.ser.api.KafkaSerdesTester] (Thread-123) topic-eaf81873_1121_4d6a_ba22_c55f32ed329d 0 1 {"key11753928591213": "value-1"}
2025-07-31 02:23:13,754 INFO  [io.api.tes.ser.api.KafkaSerdesTester] (Thread-123) topic-eaf81873_1121_4d6a_ba22_c55f32ed329d 0 2 {"key11753928591213": "value-2"}
2025-07-31 02:23:13,756 INFO  [io.api.tes.ser.api.KafkaSerdesTester] (Thread-123) topic-eaf81873_1121_4d6a_ba22_c55f32ed329d 0 3 {"key11753928591213": "value-3"}
2025-07-31 02:23:13,756 INFO  [io.api.tes.ser.api.KafkaSerdesTester] (Thread-123) topic-eaf81873_1121_4d6a_ba22_c55f32ed329d 0 4 {"key11753928591213": "value-4"}
2025-07-31 02:23:13,756 INFO  [io.api.tes.ser.api.KafkaSerdesTester] (Thread-123) topic-eaf81873_1121_4d6a_ba22_c55f32ed329d 0 5 {"key11753928591213": "value-5"}
2025-07-31 02:23:13,756 INFO  [io.api.tes.ser.api.KafkaSerdesTester] (Thread-123) topic-eaf81873_1121_4d6a_ba22_c55f32ed329d 0 6 {"key11753928591213": "value-6"}
2025-07-31 02:23:13,756 INFO  [io.api.tes.ser.api.KafkaSerdesTester] (Thread-123) topic-eaf81873_1121_4d6a_ba22_c55f32ed329d 0 7 {"key11753928591213": "value-7"}
2025-07-31 02:23:13,756 INFO  [io.api.tes.ser.api.KafkaSerdesTester] (Thread-123) topic-eaf81873_1121_4d6a_ba22_c55f32ed329d 0 8 {"key11753928591213": "value-8"}
2025-07-31 02:23:13,756 INFO  [io.api.tes.ser.api.KafkaSerdesTester] (Thread-123) topic-eaf81873_1121_4d6a_ba22_c55f32ed329d 0 9 {"key11753928591213": "value-9"}
2025-07-31 02:23:13,756 INFO  [io.api.tes.ser.api.KafkaSerdesTester] (Thread-123) Consumed 10 messages
2025-07-31 02:23:13,791 INFO  [org.apa.kaf.cli.con.int.ConsumerRebalanceListenerInvoker] (Thread-123) [Consumer clientId=consumer-Consumer-topic-eaf81873_1121_4d6a_ba22_c55f32ed329d-1, groupId=Consumer-topic-eaf81873_1121_4d6a_ba22_c55f32ed329d] Revoke previously assigned partitions topic-eaf81873_1121_4d6a_ba22_c55f32ed329d-0
2025-07-31 02:23:13,791 INFO  [org.apa.kaf.cli.con.int.ConsumerCoordinator] (Thread-123) [Consumer clientId=consumer-Consumer-topic-eaf81873_1121_4d6a_ba22_c55f32ed329d-1, groupId=Consumer-topic-eaf81873_1121_4d6a_ba22_c55f32ed329d] Member consumer-Consumer-topic-eaf81873_1121_4d6a_ba22_c55f32ed329d-1-bd45eb61-0adc-42d3-be6e-e186f8cf222d sending LeaveGroup request to coordinator localhost:32770 (id: 2147483647 rack: null) due to the consumer is being closed
2025-07-31 02:23:13,796 INFO  [org.apa.kaf.cli.con.int.ConsumerCoordinator] (Thread-123) [Consumer clientId=consumer-Consumer-topic-eaf81873_1121_4d6a_ba22_c55f32ed329d-1, groupId=Consumer-topic-eaf81873_1121_4d6a_ba22_c55f32ed329d] Resetting generation and member id due to: consumer pro-actively leaving the group
2025-07-31 02:23:13,796 INFO  [org.apa.kaf.cli.con.int.ConsumerCoordinator] (Thread-123) [Consumer clientId=consumer-Consumer-topic-eaf81873_1121_4d6a_ba22_c55f32ed329d-1, groupId=Consumer-topic-eaf81873_1121_4d6a_ba22_c55f32ed329d] Request joining group due to: consumer pro-actively leaving the group
2025-07-31 02:23:14,268 INFO  [org.apa.kaf.com.met.Metrics] (Thread-123) Metrics scheduler closed
2025-07-31 02:23:14,268 INFO  [org.apa.kaf.com.met.Metrics] (Thread-123) Closing reporter org.apache.kafka.common.metrics.JmxReporter
2025-07-31 02:23:14,271 INFO  [org.apa.kaf.com.met.Metrics] (Thread-123) Closing reporter org.apache.kafka.common.telemetry.internals.ClientTelemetryReporter
2025-07-31 02:23:14,272 INFO  [org.apa.kaf.com.met.Metrics] (Thread-123) Metrics reporters closed
2025-07-31 02:23:14,283 INFO  [org.apa.kaf.com.uti.AppInfoParser] (Thread-123) App info kafka.consumer for consumer-Consumer-topic-eaf81873_1121_4d6a_ba22_c55f32ed329d-1 unregistered
2025-07-31 02:23:14,284 INFO  [io.api.tes.uti.TestSeparator] (main) io.apicurio.tests.serdes.apicurio.AvroSerdeIT.testGlobalIdInHeaders-FINISHED
2025-07-31 02:23:14,284 INFO  [io.api.tes.uti.TestSeparator] (main) ############################################################################
]]></system-out>
  </testcase>
  <testcase name="testSimpleTopicIdStrategyFindLatest" classname="io.apicurio.tests.serdes.apicurio.AvroSerdeIT" time="1.969">
    <system-out><![CDATA[2025-07-31 02:23:14,291 INFO  [io.api.tes.uti.TestSeparator] (main) ############################################################################
2025-07-31 02:23:14,291 INFO  [io.api.tes.uti.TestSeparator] (main) io.apicurio.tests.serdes.apicurio.AvroSerdeIT.testSimpleTopicIdStrategyFindLatest-STARTED
2025-07-31 02:23:14,292 INFO  [io.api.tes.ser.api.AvroSerdeIT] (main) Registering Avro Schema: {"type":"record","name":"myrecordapicurio1","fields":[{"name":"key11753928594291","type":"string"}]}
2025-07-31 02:23:15,396 INFO  [org.apa.kaf.cli.pro.ProducerConfig] (main) ProducerConfig values: 
	acks = -1
	auto.include.jmx.reporter = true
	batch.size = 16384
	bootstrap.servers = [PLAINTEXT://localhost:32770]
	buffer.memory = 33554432
	client.dns.lookup = use_all_dns_ips
	client.id = Producer-topic-5f4d5a4d_9740_4506_a551_395b46e031bd
	compression.gzip.level = -1
	compression.lz4.level = 9
	compression.type = none
	compression.zstd.level = 3
	connections.max.idle.ms = 10000
	delivery.timeout.ms = 120000
	enable.idempotence = true
	enable.metrics.push = true
	interceptor.classes = []
	key.serializer = class org.apache.kafka.common.serialization.StringSerializer
	linger.ms = 0
	max.block.ms = 60000
	max.in.flight.requests.per.connection = 5
	max.request.size = 1048576
	metadata.max.age.ms = 300000
	metadata.max.idle.ms = 300000
	metadata.recovery.strategy = none
	metric.reporters = []
	metrics.num.samples = 2
	metrics.recording.level = INFO
	metrics.sample.window.ms = 30000
	partitioner.adaptive.partitioning.enable = true
	partitioner.availability.timeout.ms = 0
	partitioner.class = null
	partitioner.ignore.keys = false
	receive.buffer.bytes = 32768
	reconnect.backoff.max.ms = 1000
	reconnect.backoff.ms = 50
	request.timeout.ms = 5000
	retries = 2147483647
	retry.backoff.max.ms = 1000
	retry.backoff.ms = 100
	sasl.client.callback.handler.class = null
	sasl.jaas.config = null
	sasl.kerberos.kinit.cmd = /usr/bin/kinit
	sasl.kerberos.min.time.before.relogin = 60000
	sasl.kerberos.service.name = null
	sasl.kerberos.ticket.renew.jitter = 0.05
	sasl.kerberos.ticket.renew.window.factor = 0.8
	sasl.login.callback.handler.class = null
	sasl.login.class = null
	sasl.login.connect.timeout.ms = null
	sasl.login.read.timeout.ms = null
	sasl.login.refresh.buffer.seconds = 300
	sasl.login.refresh.min.period.seconds = 60
	sasl.login.refresh.window.factor = 0.8
	sasl.login.refresh.window.jitter = 0.05
	sasl.login.retry.backoff.max.ms = 10000
	sasl.login.retry.backoff.ms = 100
	sasl.mechanism = GSSAPI
	sasl.oauthbearer.clock.skew.seconds = 30
	sasl.oauthbearer.expected.audience = null
	sasl.oauthbearer.expected.issuer = null
	sasl.oauthbearer.header.urlencode = false
	sasl.oauthbearer.jwks.endpoint.refresh.ms = 3600000
	sasl.oauthbearer.jwks.endpoint.retry.backoff.max.ms = 10000
	sasl.oauthbearer.jwks.endpoint.retry.backoff.ms = 100
	sasl.oauthbearer.jwks.endpoint.url = null
	sasl.oauthbearer.scope.claim.name = scope
	sasl.oauthbearer.sub.claim.name = sub
	sasl.oauthbearer.token.endpoint.url = null
	security.protocol = PLAINTEXT
	security.providers = null
	send.buffer.bytes = 131072
	socket.connection.setup.timeout.max.ms = 30000
	socket.connection.setup.timeout.ms = 10000
	ssl.cipher.suites = null
	ssl.enabled.protocols = [TLSv1.2, TLSv1.3]
	ssl.endpoint.identification.algorithm = https
	ssl.engine.factory.class = null
	ssl.key.password = null
	ssl.keymanager.algorithm = SunX509
	ssl.keystore.certificate.chain = null
	ssl.keystore.key = null
	ssl.keystore.location = null
	ssl.keystore.password = null
	ssl.keystore.type = JKS
	ssl.protocol = TLSv1.3
	ssl.provider = null
	ssl.secure.random.implementation = null
	ssl.trustmanager.algorithm = PKIX
	ssl.truststore.certificates = null
	ssl.truststore.location = null
	ssl.truststore.password = null
	ssl.truststore.type = JKS
	transaction.timeout.ms = 60000
	transactional.id = null
	value.serializer = class io.apicurio.registry.serde.avro.AvroKafkaSerializer

2025-07-31 02:23:15,397 INFO  [org.apa.kaf.com.tel.int.KafkaMetricsCollector] (main) initializing Kafka metrics collector
2025-07-31 02:23:15,401 INFO  [org.apa.kaf.cli.pro.KafkaProducer] (main) [Producer clientId=Producer-topic-5f4d5a4d_9740_4506_a551_395b46e031bd] Instantiated an idempotent producer.
2025-07-31 02:23:15,405 INFO  [org.apa.kaf.cli.pro.ProducerConfig] (main) These configurations '[apicurio.registry.find-latest, apicurio.registry.artifact.group-id, apicurio.registry.url, apicurio.registry.artifact-resolver-strategy]' were supplied but are not used yet.
2025-07-31 02:23:15,405 INFO  [org.apa.kaf.com.uti.AppInfoParser] (main) Kafka version: 3.9.0
2025-07-31 02:23:15,405 INFO  [org.apa.kaf.com.uti.AppInfoParser] (main) Kafka commitId: 84caaa6e9da06435
2025-07-31 02:23:15,405 INFO  [org.apa.kaf.com.uti.AppInfoParser] (main) Kafka startTimeMs: 1753928595405
2025-07-31 02:23:15,406 INFO  [io.api.tes.ser.api.SimpleSerdesTesterBuilder$SimpleSerdesTester] (main) Using producer configuration: {apicurio.registry.find-latest=true, apicurio.registry.artifact.group-id=topic-5f4d5a4d_9740_4506_a551_395b46e031bd, apicurio.registry.url=http://registry-app-mysql.apps.ci419.apicurio-testing.org:80/apis/registry/v3, apicurio.registry.artifact-resolver-strategy=io.apicurio.registry.serde.strategy.SimpleTopicIdStrategy, value.serializer=io.apicurio.registry.serde.avro.AvroKafkaSerializer, request.timeout.ms=5000, acks=all, bootstrap.servers=PLAINTEXT://localhost:32770, connections.max.idle.ms=10000, key.serializer=org.apache.kafka.common.serialization.StringSerializer, client.id=Producer-topic-5f4d5a4d_9740_4506_a551_395b46e031bd}
2025-07-31 02:23:15,406 INFO  [io.api.tes.ser.api.SimpleSerdesTesterBuilder$SimpleSerdesTester] (main) Using consumer configuration: {}
2025-07-31 02:23:15,408 INFO  [io.api.tes.ser.api.KafkaSerdesTester] (Thread-126) Sending message {"key11753928594291": "value-0"} to topic topic-5f4d5a4d_9740_4506_a551_395b46e031bd
2025-07-31 02:23:15,419 INFO  [org.apa.kaf.cli.Metadata] (kafka-producer-network-thread | Producer-topic-5f4d5a4d_9740_4506_a551_395b46e031bd) [Producer clientId=Producer-topic-5f4d5a4d_9740_4506_a551_395b46e031bd] Cluster ID: EeXQRaomRg6j_8npZiTrIA
2025-07-31 02:23:15,423 INFO  [org.apa.kaf.cli.pro.int.TransactionManager] (kafka-producer-network-thread | Producer-topic-5f4d5a4d_9740_4506_a551_395b46e031bd) [Producer clientId=Producer-topic-5f4d5a4d_9740_4506_a551_395b46e031bd] ProducerId set to 1 with epoch 0
2025-07-31 02:23:15,560 INFO  [io.api.tes.ser.api.KafkaSerdesTester] (Thread-126) Sending message {"key11753928594291": "value-1"} to topic topic-5f4d5a4d_9740_4506_a551_395b46e031bd
2025-07-31 02:23:15,562 INFO  [io.api.tes.ser.api.KafkaSerdesTester] (Thread-126) Sending message {"key11753928594291": "value-2"} to topic topic-5f4d5a4d_9740_4506_a551_395b46e031bd
2025-07-31 02:23:15,565 INFO  [io.api.tes.ser.api.KafkaSerdesTester] (Thread-126) Sending message {"key11753928594291": "value-3"} to topic topic-5f4d5a4d_9740_4506_a551_395b46e031bd
2025-07-31 02:23:15,567 INFO  [io.api.tes.ser.api.KafkaSerdesTester] (Thread-126) Sending message {"key11753928594291": "value-4"} to topic topic-5f4d5a4d_9740_4506_a551_395b46e031bd
2025-07-31 02:23:15,570 INFO  [io.api.tes.ser.api.KafkaSerdesTester] (Thread-126) Sending message {"key11753928594291": "value-5"} to topic topic-5f4d5a4d_9740_4506_a551_395b46e031bd
2025-07-31 02:23:15,573 INFO  [io.api.tes.ser.api.KafkaSerdesTester] (Thread-126) Sending message {"key11753928594291": "value-6"} to topic topic-5f4d5a4d_9740_4506_a551_395b46e031bd
2025-07-31 02:23:15,576 INFO  [io.api.tes.ser.api.KafkaSerdesTester] (Thread-126) Sending message {"key11753928594291": "value-7"} to topic topic-5f4d5a4d_9740_4506_a551_395b46e031bd
2025-07-31 02:23:15,578 INFO  [io.api.tes.ser.api.KafkaSerdesTester] (Thread-126) Sending message {"key11753928594291": "value-8"} to topic topic-5f4d5a4d_9740_4506_a551_395b46e031bd
2025-07-31 02:23:15,583 INFO  [io.api.tes.ser.api.KafkaSerdesTester] (Thread-126) Sending message {"key11753928594291": "value-9"} to topic topic-5f4d5a4d_9740_4506_a551_395b46e031bd
2025-07-31 02:23:15,589 INFO  [io.api.tes.ser.api.KafkaSerdesTester] (Thread-126) Produced 10 messages
2025-07-31 02:23:15,589 INFO  [org.apa.kaf.cli.pro.KafkaProducer] (Thread-126) [Producer clientId=Producer-topic-5f4d5a4d_9740_4506_a551_395b46e031bd] Closing the Kafka producer with timeoutMillis = 9223372036854775807 ms.
2025-07-31 02:23:15,598 INFO  [org.apa.kaf.com.met.Metrics] (Thread-126) Metrics scheduler closed
2025-07-31 02:23:15,598 INFO  [org.apa.kaf.com.met.Metrics] (Thread-126) Closing reporter org.apache.kafka.common.metrics.JmxReporter
2025-07-31 02:23:15,599 INFO  [org.apa.kaf.com.met.Metrics] (Thread-126) Closing reporter org.apache.kafka.common.telemetry.internals.ClientTelemetryReporter
2025-07-31 02:23:15,599 INFO  [org.apa.kaf.com.met.Metrics] (Thread-126) Metrics reporters closed
2025-07-31 02:23:15,599 INFO  [org.apa.kaf.com.uti.AppInfoParser] (Thread-126) App info kafka.producer for Producer-topic-5f4d5a4d_9740_4506_a551_395b46e031bd unregistered
2025-07-31 02:23:15,601 INFO  [org.apa.kaf.cli.con.ConsumerConfig] (main) ConsumerConfig values: 
	allow.auto.create.topics = true
	auto.commit.interval.ms = 500
	auto.include.jmx.reporter = true
	auto.offset.reset = earliest
	bootstrap.servers = [PLAINTEXT://localhost:32770]
	check.crcs = true
	client.dns.lookup = use_all_dns_ips
	client.id = consumer-Consumer-topic-5f4d5a4d_9740_4506_a551_395b46e031bd-2
	client.rack = 
	connections.max.idle.ms = 10000
	default.api.timeout.ms = 60000
	enable.auto.commit = true
	enable.metrics.push = true
	exclude.internal.topics = true
	fetch.max.bytes = 52428800
	fetch.max.wait.ms = 500
	fetch.min.bytes = 1
	group.id = Consumer-topic-5f4d5a4d_9740_4506_a551_395b46e031bd
	group.instance.id = null
	group.protocol = classic
	group.remote.assignor = null
	heartbeat.interval.ms = 3000
	interceptor.classes = []
	internal.leave.group.on.close = true
	internal.throw.on.fetch.stable.offset.unsupported = false
	isolation.level = read_uncommitted
	key.deserializer = class org.apache.kafka.common.serialization.StringDeserializer
	max.partition.fetch.bytes = 1048576
	max.poll.interval.ms = 300000
	max.poll.records = 500
	metadata.max.age.ms = 300000
	metadata.recovery.strategy = none
	metric.reporters = []
	metrics.num.samples = 2
	metrics.recording.level = INFO
	metrics.sample.window.ms = 30000
	partition.assignment.strategy = [class org.apache.kafka.clients.consumer.RangeAssignor, class org.apache.kafka.clients.consumer.CooperativeStickyAssignor]
	receive.buffer.bytes = 65536
	reconnect.backoff.max.ms = 1000
	reconnect.backoff.ms = 50
	request.timeout.ms = 5000
	retry.backoff.max.ms = 1000
	retry.backoff.ms = 100
	sasl.client.callback.handler.class = null
	sasl.jaas.config = null
	sasl.kerberos.kinit.cmd = /usr/bin/kinit
	sasl.kerberos.min.time.before.relogin = 60000
	sasl.kerberos.service.name = null
	sasl.kerberos.ticket.renew.jitter = 0.05
	sasl.kerberos.ticket.renew.window.factor = 0.8
	sasl.login.callback.handler.class = null
	sasl.login.class = null
	sasl.login.connect.timeout.ms = null
	sasl.login.read.timeout.ms = null
	sasl.login.refresh.buffer.seconds = 300
	sasl.login.refresh.min.period.seconds = 60
	sasl.login.refresh.window.factor = 0.8
	sasl.login.refresh.window.jitter = 0.05
	sasl.login.retry.backoff.max.ms = 10000
	sasl.login.retry.backoff.ms = 100
	sasl.mechanism = GSSAPI
	sasl.oauthbearer.clock.skew.seconds = 30
	sasl.oauthbearer.expected.audience = null
	sasl.oauthbearer.expected.issuer = null
	sasl.oauthbearer.header.urlencode = false
	sasl.oauthbearer.jwks.endpoint.refresh.ms = 3600000
	sasl.oauthbearer.jwks.endpoint.retry.backoff.max.ms = 10000
	sasl.oauthbearer.jwks.endpoint.retry.backoff.ms = 100
	sasl.oauthbearer.jwks.endpoint.url = null
	sasl.oauthbearer.scope.claim.name = scope
	sasl.oauthbearer.sub.claim.name = sub
	sasl.oauthbearer.token.endpoint.url = null
	security.protocol = PLAINTEXT
	security.providers = null
	send.buffer.bytes = 131072
	session.timeout.ms = 45000
	socket.connection.setup.timeout.max.ms = 30000
	socket.connection.setup.timeout.ms = 10000
	ssl.cipher.suites = null
	ssl.enabled.protocols = [TLSv1.2, TLSv1.3]
	ssl.endpoint.identification.algorithm = https
	ssl.engine.factory.class = null
	ssl.key.password = null
	ssl.keymanager.algorithm = SunX509
	ssl.keystore.certificate.chain = null
	ssl.keystore.key = null
	ssl.keystore.location = null
	ssl.keystore.password = null
	ssl.keystore.type = JKS
	ssl.protocol = TLSv1.3
	ssl.provider = null
	ssl.secure.random.implementation = null
	ssl.trustmanager.algorithm = PKIX
	ssl.truststore.certificates = null
	ssl.truststore.location = null
	ssl.truststore.password = null
	ssl.truststore.type = JKS
	value.deserializer = class io.apicurio.registry.serde.avro.AvroKafkaDeserializer

2025-07-31 02:23:15,602 INFO  [org.apa.kaf.com.tel.int.KafkaMetricsCollector] (main) initializing Kafka metrics collector
2025-07-31 02:23:15,615 INFO  [org.apa.kaf.cli.con.ConsumerConfig] (main) These configurations '[apicurio.registry.url]' were supplied but are not used yet.
2025-07-31 02:23:15,615 INFO  [org.apa.kaf.com.uti.AppInfoParser] (main) Kafka version: 3.9.0
2025-07-31 02:23:15,615 INFO  [org.apa.kaf.com.uti.AppInfoParser] (main) Kafka commitId: 84caaa6e9da06435
2025-07-31 02:23:15,615 INFO  [org.apa.kaf.com.uti.AppInfoParser] (main) Kafka startTimeMs: 1753928595615
2025-07-31 02:23:15,616 INFO  [org.apa.kaf.cli.con.int.ClassicKafkaConsumer] (Thread-129) [Consumer clientId=consumer-Consumer-topic-5f4d5a4d_9740_4506_a551_395b46e031bd-2, groupId=Consumer-topic-5f4d5a4d_9740_4506_a551_395b46e031bd] Subscribed to topic(s): topic-5f4d5a4d_9740_4506_a551_395b46e031bd
2025-07-31 02:23:15,624 INFO  [org.apa.kaf.cli.Metadata] (Thread-129) [Consumer clientId=consumer-Consumer-topic-5f4d5a4d_9740_4506_a551_395b46e031bd-2, groupId=Consumer-topic-5f4d5a4d_9740_4506_a551_395b46e031bd] Cluster ID: EeXQRaomRg6j_8npZiTrIA
2025-07-31 02:23:15,625 INFO  [org.apa.kaf.cli.con.int.ConsumerCoordinator] (Thread-129) [Consumer clientId=consumer-Consumer-topic-5f4d5a4d_9740_4506_a551_395b46e031bd-2, groupId=Consumer-topic-5f4d5a4d_9740_4506_a551_395b46e031bd] Discovered group coordinator localhost:32770 (id: 2147483647 rack: null)
2025-07-31 02:23:15,628 INFO  [org.apa.kaf.cli.con.int.ConsumerCoordinator] (Thread-129) [Consumer clientId=consumer-Consumer-topic-5f4d5a4d_9740_4506_a551_395b46e031bd-2, groupId=Consumer-topic-5f4d5a4d_9740_4506_a551_395b46e031bd] (Re-)joining group
2025-07-31 02:23:15,635 INFO  [org.apa.kaf.cli.con.int.ConsumerCoordinator] (Thread-129) [Consumer clientId=consumer-Consumer-topic-5f4d5a4d_9740_4506_a551_395b46e031bd-2, groupId=Consumer-topic-5f4d5a4d_9740_4506_a551_395b46e031bd] Request joining group due to: need to re-join with the given member-id: consumer-Consumer-topic-5f4d5a4d_9740_4506_a551_395b46e031bd-2-84ea915f-2598-4475-af59-6cd34cb5b4ba
2025-07-31 02:23:15,635 INFO  [org.apa.kaf.cli.con.int.ConsumerCoordinator] (Thread-129) [Consumer clientId=consumer-Consumer-topic-5f4d5a4d_9740_4506_a551_395b46e031bd-2, groupId=Consumer-topic-5f4d5a4d_9740_4506_a551_395b46e031bd] (Re-)joining group
2025-07-31 02:23:15,641 INFO  [org.apa.kaf.cli.con.int.ConsumerCoordinator] (Thread-129) [Consumer clientId=consumer-Consumer-topic-5f4d5a4d_9740_4506_a551_395b46e031bd-2, groupId=Consumer-topic-5f4d5a4d_9740_4506_a551_395b46e031bd] Successfully joined group with generation Generation{generationId=1, memberId='consumer-Consumer-topic-5f4d5a4d_9740_4506_a551_395b46e031bd-2-84ea915f-2598-4475-af59-6cd34cb5b4ba', protocol='range'}
2025-07-31 02:23:15,641 INFO  [org.apa.kaf.cli.con.int.ConsumerCoordinator] (Thread-129) [Consumer clientId=consumer-Consumer-topic-5f4d5a4d_9740_4506_a551_395b46e031bd-2, groupId=Consumer-topic-5f4d5a4d_9740_4506_a551_395b46e031bd] Finished assignment for group at generation 1: {consumer-Consumer-topic-5f4d5a4d_9740_4506_a551_395b46e031bd-2-84ea915f-2598-4475-af59-6cd34cb5b4ba=Assignment(partitions=[topic-5f4d5a4d_9740_4506_a551_395b46e031bd-0])}
2025-07-31 02:23:15,646 INFO  [org.apa.kaf.cli.con.int.ConsumerCoordinator] (Thread-129) [Consumer clientId=consumer-Consumer-topic-5f4d5a4d_9740_4506_a551_395b46e031bd-2, groupId=Consumer-topic-5f4d5a4d_9740_4506_a551_395b46e031bd] Successfully synced group in generation Generation{generationId=1, memberId='consumer-Consumer-topic-5f4d5a4d_9740_4506_a551_395b46e031bd-2-84ea915f-2598-4475-af59-6cd34cb5b4ba', protocol='range'}
2025-07-31 02:23:15,646 INFO  [org.apa.kaf.cli.con.int.ConsumerCoordinator] (Thread-129) [Consumer clientId=consumer-Consumer-topic-5f4d5a4d_9740_4506_a551_395b46e031bd-2, groupId=Consumer-topic-5f4d5a4d_9740_4506_a551_395b46e031bd] Notifying assignor about the new Assignment(partitions=[topic-5f4d5a4d_9740_4506_a551_395b46e031bd-0])
2025-07-31 02:23:15,647 INFO  [org.apa.kaf.cli.con.int.ConsumerRebalanceListenerInvoker] (Thread-129) [Consumer clientId=consumer-Consumer-topic-5f4d5a4d_9740_4506_a551_395b46e031bd-2, groupId=Consumer-topic-5f4d5a4d_9740_4506_a551_395b46e031bd] Adding newly assigned partitions: topic-5f4d5a4d_9740_4506_a551_395b46e031bd-0
2025-07-31 02:23:15,648 INFO  [org.apa.kaf.cli.con.int.ConsumerCoordinator] (Thread-129) [Consumer clientId=consumer-Consumer-topic-5f4d5a4d_9740_4506_a551_395b46e031bd-2, groupId=Consumer-topic-5f4d5a4d_9740_4506_a551_395b46e031bd] Found no committed offset for partition topic-5f4d5a4d_9740_4506_a551_395b46e031bd-0
2025-07-31 02:23:15,656 INFO  [org.apa.kaf.cli.con.int.SubscriptionState] (Thread-129) [Consumer clientId=consumer-Consumer-topic-5f4d5a4d_9740_4506_a551_395b46e031bd-2, groupId=Consumer-topic-5f4d5a4d_9740_4506_a551_395b46e031bd] Resetting offset for partition topic-5f4d5a4d_9740_4506_a551_395b46e031bd-0 to position FetchPosition{offset=0, offsetEpoch=Optional.empty, currentLeader=LeaderAndEpoch{leader=Optional[localhost:32770 (id: 0 rack: null)], epoch=0}}.
2025-07-31 02:23:15,744 INFO  [io.api.tes.ser.api.KafkaSerdesTester] (Thread-129) topic-5f4d5a4d_9740_4506_a551_395b46e031bd 0 0 {"key11753928594291": "value-0"}
2025-07-31 02:23:15,744 INFO  [io.api.tes.ser.api.KafkaSerdesTester] (Thread-129) topic-5f4d5a4d_9740_4506_a551_395b46e031bd 0 1 {"key11753928594291": "value-1"}
2025-07-31 02:23:15,744 INFO  [io.api.tes.ser.api.KafkaSerdesTester] (Thread-129) topic-5f4d5a4d_9740_4506_a551_395b46e031bd 0 2 {"key11753928594291": "value-2"}
2025-07-31 02:23:15,744 INFO  [io.api.tes.ser.api.KafkaSerdesTester] (Thread-129) topic-5f4d5a4d_9740_4506_a551_395b46e031bd 0 3 {"key11753928594291": "value-3"}
2025-07-31 02:23:15,745 INFO  [io.api.tes.ser.api.KafkaSerdesTester] (Thread-129) topic-5f4d5a4d_9740_4506_a551_395b46e031bd 0 4 {"key11753928594291": "value-4"}
2025-07-31 02:23:15,745 INFO  [io.api.tes.ser.api.KafkaSerdesTester] (Thread-129) topic-5f4d5a4d_9740_4506_a551_395b46e031bd 0 5 {"key11753928594291": "value-5"}
2025-07-31 02:23:15,745 INFO  [io.api.tes.ser.api.KafkaSerdesTester] (Thread-129) topic-5f4d5a4d_9740_4506_a551_395b46e031bd 0 6 {"key11753928594291": "value-6"}
2025-07-31 02:23:15,745 INFO  [io.api.tes.ser.api.KafkaSerdesTester] (Thread-129) topic-5f4d5a4d_9740_4506_a551_395b46e031bd 0 7 {"key11753928594291": "value-7"}
2025-07-31 02:23:15,745 INFO  [io.api.tes.ser.api.KafkaSerdesTester] (Thread-129) topic-5f4d5a4d_9740_4506_a551_395b46e031bd 0 8 {"key11753928594291": "value-8"}
2025-07-31 02:23:15,745 INFO  [io.api.tes.ser.api.KafkaSerdesTester] (Thread-129) topic-5f4d5a4d_9740_4506_a551_395b46e031bd 0 9 {"key11753928594291": "value-9"}
2025-07-31 02:23:15,745 INFO  [io.api.tes.ser.api.KafkaSerdesTester] (Thread-129) Consumed 10 messages
2025-07-31 02:23:15,752 INFO  [org.apa.kaf.cli.con.int.ConsumerRebalanceListenerInvoker] (Thread-129) [Consumer clientId=consumer-Consumer-topic-5f4d5a4d_9740_4506_a551_395b46e031bd-2, groupId=Consumer-topic-5f4d5a4d_9740_4506_a551_395b46e031bd] Revoke previously assigned partitions topic-5f4d5a4d_9740_4506_a551_395b46e031bd-0
2025-07-31 02:23:15,752 INFO  [org.apa.kaf.cli.con.int.ConsumerCoordinator] (Thread-129) [Consumer clientId=consumer-Consumer-topic-5f4d5a4d_9740_4506_a551_395b46e031bd-2, groupId=Consumer-topic-5f4d5a4d_9740_4506_a551_395b46e031bd] Member consumer-Consumer-topic-5f4d5a4d_9740_4506_a551_395b46e031bd-2-84ea915f-2598-4475-af59-6cd34cb5b4ba sending LeaveGroup request to coordinator localhost:32770 (id: 2147483647 rack: null) due to the consumer is being closed
2025-07-31 02:23:15,753 INFO  [org.apa.kaf.cli.con.int.ConsumerCoordinator] (Thread-129) [Consumer clientId=consumer-Consumer-topic-5f4d5a4d_9740_4506_a551_395b46e031bd-2, groupId=Consumer-topic-5f4d5a4d_9740_4506_a551_395b46e031bd] Resetting generation and member id due to: consumer pro-actively leaving the group
2025-07-31 02:23:15,753 INFO  [org.apa.kaf.cli.con.int.ConsumerCoordinator] (Thread-129) [Consumer clientId=consumer-Consumer-topic-5f4d5a4d_9740_4506_a551_395b46e031bd-2, groupId=Consumer-topic-5f4d5a4d_9740_4506_a551_395b46e031bd] Request joining group due to: consumer pro-actively leaving the group
2025-07-31 02:23:16,250 INFO  [org.apa.kaf.com.met.Metrics] (Thread-129) Metrics scheduler closed
2025-07-31 02:23:16,250 INFO  [org.apa.kaf.com.met.Metrics] (Thread-129) Closing reporter org.apache.kafka.common.metrics.JmxReporter
2025-07-31 02:23:16,250 INFO  [org.apa.kaf.com.met.Metrics] (Thread-129) Closing reporter org.apache.kafka.common.telemetry.internals.ClientTelemetryReporter
2025-07-31 02:23:16,250 INFO  [org.apa.kaf.com.met.Metrics] (Thread-129) Metrics reporters closed
2025-07-31 02:23:16,255 INFO  [org.apa.kaf.com.uti.AppInfoParser] (Thread-129) App info kafka.consumer for consumer-Consumer-topic-5f4d5a4d_9740_4506_a551_395b46e031bd-2 unregistered
2025-07-31 02:23:16,255 INFO  [io.api.tes.uti.TestSeparator] (main) io.apicurio.tests.serdes.apicurio.AvroSerdeIT.testSimpleTopicIdStrategyFindLatest-FINISHED
2025-07-31 02:23:16,256 INFO  [io.api.tes.uti.TestSeparator] (main) ############################################################################
]]></system-out>
  </testcase>
  <testcase name="testWrongSchema" classname="io.apicurio.tests.serdes.apicurio.AvroSerdeIT" time="1.193">
    <system-out><![CDATA[2025-07-31 02:23:16,257 INFO  [io.api.tes.uti.TestSeparator] (main) ############################################################################
2025-07-31 02:23:16,257 INFO  [io.api.tes.uti.TestSeparator] (main) io.apicurio.tests.serdes.apicurio.AvroSerdeIT.testWrongSchema-STARTED
2025-07-31 02:23:17,361 INFO  [org.apa.kaf.cli.pro.ProducerConfig] (main) ProducerConfig values: 
	acks = -1
	auto.include.jmx.reporter = true
	batch.size = 16384
	bootstrap.servers = [PLAINTEXT://localhost:32770]
	buffer.memory = 33554432
	client.dns.lookup = use_all_dns_ips
	client.id = Producer-s8243cb34x3e00x4928xaa49xcbc8ece5c918
	compression.gzip.level = -1
	compression.lz4.level = 9
	compression.type = none
	compression.zstd.level = 3
	connections.max.idle.ms = 10000
	delivery.timeout.ms = 120000
	enable.idempotence = true
	enable.metrics.push = true
	interceptor.classes = []
	key.serializer = class org.apache.kafka.common.serialization.StringSerializer
	linger.ms = 0
	max.block.ms = 60000
	max.in.flight.requests.per.connection = 5
	max.request.size = 1048576
	metadata.max.age.ms = 300000
	metadata.max.idle.ms = 300000
	metadata.recovery.strategy = none
	metric.reporters = []
	metrics.num.samples = 2
	metrics.recording.level = INFO
	metrics.sample.window.ms = 30000
	partitioner.adaptive.partitioning.enable = true
	partitioner.availability.timeout.ms = 0
	partitioner.class = null
	partitioner.ignore.keys = false
	receive.buffer.bytes = 32768
	reconnect.backoff.max.ms = 1000
	reconnect.backoff.ms = 50
	request.timeout.ms = 5000
	retries = 2147483647
	retry.backoff.max.ms = 1000
	retry.backoff.ms = 100
	sasl.client.callback.handler.class = null
	sasl.jaas.config = null
	sasl.kerberos.kinit.cmd = /usr/bin/kinit
	sasl.kerberos.min.time.before.relogin = 60000
	sasl.kerberos.service.name = null
	sasl.kerberos.ticket.renew.jitter = 0.05
	sasl.kerberos.ticket.renew.window.factor = 0.8
	sasl.login.callback.handler.class = null
	sasl.login.class = null
	sasl.login.connect.timeout.ms = null
	sasl.login.read.timeout.ms = null
	sasl.login.refresh.buffer.seconds = 300
	sasl.login.refresh.min.period.seconds = 60
	sasl.login.refresh.window.factor = 0.8
	sasl.login.refresh.window.jitter = 0.05
	sasl.login.retry.backoff.max.ms = 10000
	sasl.login.retry.backoff.ms = 100
	sasl.mechanism = GSSAPI
	sasl.oauthbearer.clock.skew.seconds = 30
	sasl.oauthbearer.expected.audience = null
	sasl.oauthbearer.expected.issuer = null
	sasl.oauthbearer.header.urlencode = false
	sasl.oauthbearer.jwks.endpoint.refresh.ms = 3600000
	sasl.oauthbearer.jwks.endpoint.retry.backoff.max.ms = 10000
	sasl.oauthbearer.jwks.endpoint.retry.backoff.ms = 100
	sasl.oauthbearer.jwks.endpoint.url = null
	sasl.oauthbearer.scope.claim.name = scope
	sasl.oauthbearer.sub.claim.name = sub
	sasl.oauthbearer.token.endpoint.url = null
	security.protocol = PLAINTEXT
	security.providers = null
	send.buffer.bytes = 131072
	socket.connection.setup.timeout.max.ms = 30000
	socket.connection.setup.timeout.ms = 10000
	ssl.cipher.suites = null
	ssl.enabled.protocols = [TLSv1.2, TLSv1.3]
	ssl.endpoint.identification.algorithm = https
	ssl.engine.factory.class = null
	ssl.key.password = null
	ssl.keymanager.algorithm = SunX509
	ssl.keystore.certificate.chain = null
	ssl.keystore.key = null
	ssl.keystore.location = null
	ssl.keystore.password = null
	ssl.keystore.type = JKS
	ssl.protocol = TLSv1.3
	ssl.provider = null
	ssl.secure.random.implementation = null
	ssl.trustmanager.algorithm = PKIX
	ssl.truststore.certificates = null
	ssl.truststore.location = null
	ssl.truststore.password = null
	ssl.truststore.type = JKS
	transaction.timeout.ms = 60000
	transactional.id = null
	value.serializer = class io.apicurio.registry.serde.avro.AvroKafkaSerializer

2025-07-31 02:23:17,361 INFO  [org.apa.kaf.com.tel.int.KafkaMetricsCollector] (main) initializing Kafka metrics collector
2025-07-31 02:23:17,365 INFO  [org.apa.kaf.cli.pro.KafkaProducer] (main) [Producer clientId=Producer-s8243cb34x3e00x4928xaa49xcbc8ece5c918] Instantiated an idempotent producer.
2025-07-31 02:23:17,369 INFO  [org.apa.kaf.cli.pro.ProducerConfig] (main) These configurations '[apicurio.registry.find-latest, apicurio.registry.url, apicurio.registry.artifact-resolver-strategy]' were supplied but are not used yet.
2025-07-31 02:23:17,370 INFO  [org.apa.kaf.com.uti.AppInfoParser] (main) Kafka version: 3.9.0
2025-07-31 02:23:17,370 INFO  [org.apa.kaf.com.uti.AppInfoParser] (main) Kafka commitId: 84caaa6e9da06435
2025-07-31 02:23:17,370 INFO  [org.apa.kaf.com.uti.AppInfoParser] (main) Kafka startTimeMs: 1753928597370
2025-07-31 02:23:17,371 INFO  [io.api.tes.ser.api.KafkaSerdesTester] (Thread-132) Sending message {"keyB": "value-0"} to topic s8243cb34x3e00x4928xaa49xcbc8ece5c918
2025-07-31 02:23:17,376 INFO  [org.apa.kaf.cli.Metadata] (kafka-producer-network-thread | Producer-s8243cb34x3e00x4928xaa49xcbc8ece5c918) [Producer clientId=Producer-s8243cb34x3e00x4928xaa49xcbc8ece5c918] Cluster ID: EeXQRaomRg6j_8npZiTrIA
2025-07-31 02:23:17,376 INFO  [org.apa.kaf.cli.pro.int.TransactionManager] (kafka-producer-network-thread | Producer-s8243cb34x3e00x4928xaa49xcbc8ece5c918) [Producer clientId=Producer-s8243cb34x3e00x4928xaa49xcbc8ece5c918] ProducerId set to 2 with epoch 0
2025-07-31 02:23:17,442 INFO  [org.apa.kaf.cli.pro.KafkaProducer] (Thread-132) [Producer clientId=Producer-s8243cb34x3e00x4928xaa49xcbc8ece5c918] Closing the Kafka producer with timeoutMillis = 9223372036854775807 ms.
2025-07-31 02:23:17,446 INFO  [org.apa.kaf.com.met.Metrics] (Thread-132) Metrics scheduler closed
2025-07-31 02:23:17,446 INFO  [org.apa.kaf.com.met.Metrics] (Thread-132) Closing reporter org.apache.kafka.common.metrics.JmxReporter
2025-07-31 02:23:17,446 INFO  [org.apa.kaf.com.met.Metrics] (Thread-132) Closing reporter org.apache.kafka.common.telemetry.internals.ClientTelemetryReporter
2025-07-31 02:23:17,446 INFO  [org.apa.kaf.com.met.Metrics] (Thread-132) Metrics reporters closed
2025-07-31 02:23:17,447 INFO  [org.apa.kaf.com.uti.AppInfoParser] (Thread-132) App info kafka.producer for Producer-s8243cb34x3e00x4928xaa49xcbc8ece5c918 unregistered
2025-07-31 02:23:17,448 INFO  [io.api.tes.uti.TestSeparator] (main) io.apicurio.tests.serdes.apicurio.AvroSerdeIT.testWrongSchema-FINISHED
2025-07-31 02:23:17,448 INFO  [io.api.tes.uti.TestSeparator] (main) ############################################################################
]]></system-out>
    <system-err><![CDATA[io.apicurio.registry.rest.client.models.ProblemDetails
	at io.apicurio.registry.rest.client.models.ProblemDetails.createFromDiscriminatorValue(ProblemDetails.java:58)
	at io.kiota.serialization.json.JsonParseNode.getObjectValue(JsonParseNode.java:247)
	at io.kiota.http.vertx.VertXRequestAdapter.lambda$throwIfFailedResponse$0(VertXRequestAdapter.java:400)
	at com.microsoft.kiota.ApiExceptionBuilder.<init>(ApiExceptionBuilder.java:26)
	at io.kiota.http.vertx.VertXRequestAdapter.throwIfFailedResponse(VertXRequestAdapter.java:399)
	at io.kiota.http.vertx.VertXRequestAdapter.send(VertXRequestAdapter.java:170)
	at io.apicurio.registry.rest.client.groups.item.artifacts.item.versions.item.WithVersionExpressionItemRequestBuilder.get(WithVersionExpressionItemRequestBuilder.java:128)
	at io.apicurio.registry.rest.client.groups.item.artifacts.item.versions.item.WithVersionExpressionItemRequestBuilder.get(WithVersionExpressionItemRequestBuilder.java:111)
	at io.apicurio.registry.resolver.DefaultSchemaResolver.resolveByCoordinates(DefaultSchemaResolver.java:469)
	at io.apicurio.registry.resolver.DefaultSchemaResolver.lambda$resolveSchemaByArtifactReferenceCached$12(DefaultSchemaResolver.java:451)
	at io.apicurio.registry.resolver.ERCache.lambda$getValue$0(ERCache.java:181)
	at io.apicurio.registry.resolver.ERCache.retry(ERCache.java:234)
	at io.apicurio.registry.resolver.ERCache.getValue(ERCache.java:180)
	at io.apicurio.registry.resolver.ERCache.getByArtifactCoordinates(ERCache.java:165)
	at io.apicurio.registry.resolver.DefaultSchemaResolver.resolveSchemaByArtifactReferenceCached(DefaultSchemaResolver.java:449)
	at io.apicurio.registry.resolver.DefaultSchemaResolver.resolveSchemaByCoordinates(DefaultSchemaResolver.java:201)
	at io.apicurio.registry.resolver.DefaultSchemaResolver.getSchemaFromRegistry(DefaultSchemaResolver.java:134)
	at io.apicurio.registry.resolver.DefaultSchemaResolver.lambda$resolveSchema$0(DefaultSchemaResolver.java:86)
	at java.base/java.util.Optional.orElseGet(Optional.java:364)
	at io.apicurio.registry.resolver.DefaultSchemaResolver.resolveSchema(DefaultSchemaResolver.java:86)
	at io.apicurio.registry.serde.AbstractSerializer.serializeData(AbstractSerializer.java:62)
	at io.apicurio.registry.serde.KafkaSerializer.serialize(KafkaSerializer.java:77)
	at org.apache.kafka.clients.producer.KafkaProducer.doSend(KafkaProducer.java:1046)
	at org.apache.kafka.clients.producer.KafkaProducer.send(KafkaProducer.java:993)
	at org.apache.kafka.clients.producer.KafkaProducer.send(KafkaProducer.java:875)
	at io.apicurio.tests.serdes.apicurio.KafkaSerdesTester.lambda$produceMessages$3(KafkaSerdesTester.java:138)
	at java.base/java.util.concurrent.CompletableFuture$AsyncSupply.run(CompletableFuture.java:1768)
	at java.base/java.lang.Thread.run(Thread.java:840)
]]></system-err>
  </testcase>
  <testcase name="testAvroJSON" classname="io.apicurio.tests.serdes.apicurio.AvroSerdeIT" time="1.004">
    <system-out><![CDATA[2025-07-31 02:23:17,454 INFO  [io.api.tes.uti.TestSeparator] (main) ############################################################################
2025-07-31 02:23:17,454 INFO  [io.api.tes.uti.TestSeparator] (main) io.apicurio.tests.serdes.apicurio.AvroSerdeIT.testAvroJSON-STARTED
2025-07-31 02:23:17,460 INFO  [org.apa.kaf.cli.pro.ProducerConfig] (main) ProducerConfig values: 
	acks = -1
	auto.include.jmx.reporter = true
	batch.size = 16384
	bootstrap.servers = [PLAINTEXT://localhost:32770]
	buffer.memory = 33554432
	client.dns.lookup = use_all_dns_ips
	client.id = Producer-topic-62e4d537_f30f_4b03_ac1c_97c1615a3486
	compression.gzip.level = -1
	compression.lz4.level = 9
	compression.type = none
	compression.zstd.level = 3
	connections.max.idle.ms = 10000
	delivery.timeout.ms = 120000
	enable.idempotence = true
	enable.metrics.push = true
	interceptor.classes = []
	key.serializer = class org.apache.kafka.common.serialization.StringSerializer
	linger.ms = 0
	max.block.ms = 60000
	max.in.flight.requests.per.connection = 5
	max.request.size = 1048576
	metadata.max.age.ms = 300000
	metadata.max.idle.ms = 300000
	metadata.recovery.strategy = none
	metric.reporters = []
	metrics.num.samples = 2
	metrics.recording.level = INFO
	metrics.sample.window.ms = 30000
	partitioner.adaptive.partitioning.enable = true
	partitioner.availability.timeout.ms = 0
	partitioner.class = null
	partitioner.ignore.keys = false
	receive.buffer.bytes = 32768
	reconnect.backoff.max.ms = 1000
	reconnect.backoff.ms = 50
	request.timeout.ms = 5000
	retries = 2147483647
	retry.backoff.max.ms = 1000
	retry.backoff.ms = 100
	sasl.client.callback.handler.class = null
	sasl.jaas.config = null
	sasl.kerberos.kinit.cmd = /usr/bin/kinit
	sasl.kerberos.min.time.before.relogin = 60000
	sasl.kerberos.service.name = null
	sasl.kerberos.ticket.renew.jitter = 0.05
	sasl.kerberos.ticket.renew.window.factor = 0.8
	sasl.login.callback.handler.class = null
	sasl.login.class = null
	sasl.login.connect.timeout.ms = null
	sasl.login.read.timeout.ms = null
	sasl.login.refresh.buffer.seconds = 300
	sasl.login.refresh.min.period.seconds = 60
	sasl.login.refresh.window.factor = 0.8
	sasl.login.refresh.window.jitter = 0.05
	sasl.login.retry.backoff.max.ms = 10000
	sasl.login.retry.backoff.ms = 100
	sasl.mechanism = GSSAPI
	sasl.oauthbearer.clock.skew.seconds = 30
	sasl.oauthbearer.expected.audience = null
	sasl.oauthbearer.expected.issuer = null
	sasl.oauthbearer.header.urlencode = false
	sasl.oauthbearer.jwks.endpoint.refresh.ms = 3600000
	sasl.oauthbearer.jwks.endpoint.retry.backoff.max.ms = 10000
	sasl.oauthbearer.jwks.endpoint.retry.backoff.ms = 100
	sasl.oauthbearer.jwks.endpoint.url = null
	sasl.oauthbearer.scope.claim.name = scope
	sasl.oauthbearer.sub.claim.name = sub
	sasl.oauthbearer.token.endpoint.url = null
	security.protocol = PLAINTEXT
	security.providers = null
	send.buffer.bytes = 131072
	socket.connection.setup.timeout.max.ms = 30000
	socket.connection.setup.timeout.ms = 10000
	ssl.cipher.suites = null
	ssl.enabled.protocols = [TLSv1.2, TLSv1.3]
	ssl.endpoint.identification.algorithm = https
	ssl.engine.factory.class = null
	ssl.key.password = null
	ssl.keymanager.algorithm = SunX509
	ssl.keystore.certificate.chain = null
	ssl.keystore.key = null
	ssl.keystore.location = null
	ssl.keystore.password = null
	ssl.keystore.type = JKS
	ssl.protocol = TLSv1.3
	ssl.provider = null
	ssl.secure.random.implementation = null
	ssl.trustmanager.algorithm = PKIX
	ssl.truststore.certificates = null
	ssl.truststore.location = null
	ssl.truststore.password = null
	ssl.truststore.type = JKS
	transaction.timeout.ms = 60000
	transactional.id = null
	value.serializer = class io.apicurio.registry.serde.avro.AvroKafkaSerializer

2025-07-31 02:23:17,462 INFO  [org.apa.kaf.com.tel.int.KafkaMetricsCollector] (main) initializing Kafka metrics collector
2025-07-31 02:23:17,468 INFO  [org.apa.kaf.cli.pro.KafkaProducer] (main) [Producer clientId=Producer-topic-62e4d537_f30f_4b03_ac1c_97c1615a3486] Instantiated an idempotent producer.
2025-07-31 02:23:17,475 INFO  [org.apa.kaf.cli.pro.ProducerConfig] (main) These configurations '[apicurio.registry.avro.encoding, apicurio.registry.url, apicurio.registry.auto-register, apicurio.registry.artifact-resolver-strategy]' were supplied but are not used yet.
2025-07-31 02:23:17,478 INFO  [org.apa.kaf.com.uti.AppInfoParser] (main) Kafka version: 3.9.0
2025-07-31 02:23:17,478 INFO  [org.apa.kaf.com.uti.AppInfoParser] (main) Kafka commitId: 84caaa6e9da06435
2025-07-31 02:23:17,478 INFO  [org.apa.kaf.com.uti.AppInfoParser] (main) Kafka startTimeMs: 1753928597475
2025-07-31 02:23:17,482 INFO  [io.api.tes.ser.api.SimpleSerdesTesterBuilder$SimpleSerdesTester] (main) Using producer configuration: {apicurio.registry.avro.encoding=JSON, apicurio.registry.url=http://registry-app-mysql.apps.ci419.apicurio-testing.org:80/apis/registry/v3, apicurio.registry.auto-register=true, apicurio.registry.artifact-resolver-strategy=io.apicurio.registry.serde.strategy.TopicIdStrategy, value.serializer=io.apicurio.registry.serde.avro.AvroKafkaSerializer, request.timeout.ms=5000, acks=all, bootstrap.servers=PLAINTEXT://localhost:32770, connections.max.idle.ms=10000, key.serializer=org.apache.kafka.common.serialization.StringSerializer, client.id=Producer-topic-62e4d537_f30f_4b03_ac1c_97c1615a3486}
2025-07-31 02:23:17,483 INFO  [io.api.tes.ser.api.SimpleSerdesTesterBuilder$SimpleSerdesTester] (main) Using consumer configuration: {apicurio.registry.avro.encoding=JSON}
2025-07-31 02:23:17,485 INFO  [io.api.tes.ser.api.KafkaSerdesTester] (Thread-135) Sending message {"bar": "value-0"} to topic topic-62e4d537_f30f_4b03_ac1c_97c1615a3486
2025-07-31 02:23:17,488 INFO  [org.apa.kaf.cli.Metadata] (kafka-producer-network-thread | Producer-topic-62e4d537_f30f_4b03_ac1c_97c1615a3486) [Producer clientId=Producer-topic-62e4d537_f30f_4b03_ac1c_97c1615a3486] Cluster ID: EeXQRaomRg6j_8npZiTrIA
2025-07-31 02:23:17,490 INFO  [org.apa.kaf.cli.pro.int.TransactionManager] (kafka-producer-network-thread | Producer-topic-62e4d537_f30f_4b03_ac1c_97c1615a3486) [Producer clientId=Producer-topic-62e4d537_f30f_4b03_ac1c_97c1615a3486] ProducerId set to 3 with epoch 0
2025-07-31 02:23:17,505 WARN  [org.apa.kaf.cli.NetworkClient] (kafka-producer-network-thread | Producer-topic-62e4d537_f30f_4b03_ac1c_97c1615a3486) [Producer clientId=Producer-topic-62e4d537_f30f_4b03_ac1c_97c1615a3486] The metadata response from the cluster reported a recoverable issue with correlation id 6 : {topic-62e4d537_f30f_4b03_ac1c_97c1615a3486=LEADER_NOT_AVAILABLE}
2025-07-31 02:23:17,706 INFO  [io.api.tes.ser.api.KafkaSerdesTester] (Thread-135) Sending message {"bar": "value-1"} to topic topic-62e4d537_f30f_4b03_ac1c_97c1615a3486
2025-07-31 02:23:17,709 INFO  [io.api.tes.ser.api.KafkaSerdesTester] (Thread-135) Sending message {"bar": "value-2"} to topic topic-62e4d537_f30f_4b03_ac1c_97c1615a3486
2025-07-31 02:23:17,714 INFO  [io.api.tes.ser.api.KafkaSerdesTester] (Thread-135) Sending message {"bar": "value-3"} to topic topic-62e4d537_f30f_4b03_ac1c_97c1615a3486
2025-07-31 02:23:17,717 INFO  [io.api.tes.ser.api.KafkaSerdesTester] (Thread-135) Sending message {"bar": "value-4"} to topic topic-62e4d537_f30f_4b03_ac1c_97c1615a3486
2025-07-31 02:23:17,720 INFO  [io.api.tes.ser.api.KafkaSerdesTester] (Thread-135) Sending message {"bar": "value-5"} to topic topic-62e4d537_f30f_4b03_ac1c_97c1615a3486
2025-07-31 02:23:17,722 INFO  [io.api.tes.ser.api.KafkaSerdesTester] (Thread-135) Sending message {"bar": "value-6"} to topic topic-62e4d537_f30f_4b03_ac1c_97c1615a3486
2025-07-31 02:23:17,724 INFO  [io.api.tes.ser.api.KafkaSerdesTester] (Thread-135) Sending message {"bar": "value-7"} to topic topic-62e4d537_f30f_4b03_ac1c_97c1615a3486
2025-07-31 02:23:17,727 INFO  [io.api.tes.ser.api.KafkaSerdesTester] (Thread-135) Sending message {"bar": "value-8"} to topic topic-62e4d537_f30f_4b03_ac1c_97c1615a3486
2025-07-31 02:23:17,729 INFO  [io.api.tes.ser.api.KafkaSerdesTester] (Thread-135) Sending message {"bar": "value-9"} to topic topic-62e4d537_f30f_4b03_ac1c_97c1615a3486
2025-07-31 02:23:17,732 INFO  [io.api.tes.ser.api.KafkaSerdesTester] (Thread-135) Produced 10 messages
2025-07-31 02:23:17,732 INFO  [org.apa.kaf.cli.pro.KafkaProducer] (Thread-135) [Producer clientId=Producer-topic-62e4d537_f30f_4b03_ac1c_97c1615a3486] Closing the Kafka producer with timeoutMillis = 9223372036854775807 ms.
2025-07-31 02:23:17,737 INFO  [org.apa.kaf.com.met.Metrics] (Thread-135) Metrics scheduler closed
2025-07-31 02:23:17,737 INFO  [org.apa.kaf.com.met.Metrics] (Thread-135) Closing reporter org.apache.kafka.common.metrics.JmxReporter
2025-07-31 02:23:17,737 INFO  [org.apa.kaf.com.met.Metrics] (Thread-135) Closing reporter org.apache.kafka.common.telemetry.internals.ClientTelemetryReporter
2025-07-31 02:23:17,737 INFO  [org.apa.kaf.com.met.Metrics] (Thread-135) Metrics reporters closed
2025-07-31 02:23:17,738 INFO  [org.apa.kaf.com.uti.AppInfoParser] (Thread-135) App info kafka.producer for Producer-topic-62e4d537_f30f_4b03_ac1c_97c1615a3486 unregistered
2025-07-31 02:23:17,802 INFO  [org.apa.kaf.cli.con.ConsumerConfig] (main) ConsumerConfig values: 
	allow.auto.create.topics = true
	auto.commit.interval.ms = 500
	auto.include.jmx.reporter = true
	auto.offset.reset = earliest
	bootstrap.servers = [PLAINTEXT://localhost:32770]
	check.crcs = true
	client.dns.lookup = use_all_dns_ips
	client.id = consumer-Consumer-topic-62e4d537_f30f_4b03_ac1c_97c1615a3486-3
	client.rack = 
	connections.max.idle.ms = 10000
	default.api.timeout.ms = 60000
	enable.auto.commit = true
	enable.metrics.push = true
	exclude.internal.topics = true
	fetch.max.bytes = 52428800
	fetch.max.wait.ms = 500
	fetch.min.bytes = 1
	group.id = Consumer-topic-62e4d537_f30f_4b03_ac1c_97c1615a3486
	group.instance.id = null
	group.protocol = classic
	group.remote.assignor = null
	heartbeat.interval.ms = 3000
	interceptor.classes = []
	internal.leave.group.on.close = true
	internal.throw.on.fetch.stable.offset.unsupported = false
	isolation.level = read_uncommitted
	key.deserializer = class org.apache.kafka.common.serialization.StringDeserializer
	max.partition.fetch.bytes = 1048576
	max.poll.interval.ms = 300000
	max.poll.records = 500
	metadata.max.age.ms = 300000
	metadata.recovery.strategy = none
	metric.reporters = []
	metrics.num.samples = 2
	metrics.recording.level = INFO
	metrics.sample.window.ms = 30000
	partition.assignment.strategy = [class org.apache.kafka.clients.consumer.RangeAssignor, class org.apache.kafka.clients.consumer.CooperativeStickyAssignor]
	receive.buffer.bytes = 65536
	reconnect.backoff.max.ms = 1000
	reconnect.backoff.ms = 50
	request.timeout.ms = 5000
	retry.backoff.max.ms = 1000
	retry.backoff.ms = 100
	sasl.client.callback.handler.class = null
	sasl.jaas.config = null
	sasl.kerberos.kinit.cmd = /usr/bin/kinit
	sasl.kerberos.min.time.before.relogin = 60000
	sasl.kerberos.service.name = null
	sasl.kerberos.ticket.renew.jitter = 0.05
	sasl.kerberos.ticket.renew.window.factor = 0.8
	sasl.login.callback.handler.class = null
	sasl.login.class = null
	sasl.login.connect.timeout.ms = null
	sasl.login.read.timeout.ms = null
	sasl.login.refresh.buffer.seconds = 300
	sasl.login.refresh.min.period.seconds = 60
	sasl.login.refresh.window.factor = 0.8
	sasl.login.refresh.window.jitter = 0.05
	sasl.login.retry.backoff.max.ms = 10000
	sasl.login.retry.backoff.ms = 100
	sasl.mechanism = GSSAPI
	sasl.oauthbearer.clock.skew.seconds = 30
	sasl.oauthbearer.expected.audience = null
	sasl.oauthbearer.expected.issuer = null
	sasl.oauthbearer.header.urlencode = false
	sasl.oauthbearer.jwks.endpoint.refresh.ms = 3600000
	sasl.oauthbearer.jwks.endpoint.retry.backoff.max.ms = 10000
	sasl.oauthbearer.jwks.endpoint.retry.backoff.ms = 100
	sasl.oauthbearer.jwks.endpoint.url = null
	sasl.oauthbearer.scope.claim.name = scope
	sasl.oauthbearer.sub.claim.name = sub
	sasl.oauthbearer.token.endpoint.url = null
	security.protocol = PLAINTEXT
	security.providers = null
	send.buffer.bytes = 131072
	session.timeout.ms = 45000
	socket.connection.setup.timeout.max.ms = 30000
	socket.connection.setup.timeout.ms = 10000
	ssl.cipher.suites = null
	ssl.enabled.protocols = [TLSv1.2, TLSv1.3]
	ssl.endpoint.identification.algorithm = https
	ssl.engine.factory.class = null
	ssl.key.password = null
	ssl.keymanager.algorithm = SunX509
	ssl.keystore.certificate.chain = null
	ssl.keystore.key = null
	ssl.keystore.location = null
	ssl.keystore.password = null
	ssl.keystore.type = JKS
	ssl.protocol = TLSv1.3
	ssl.provider = null
	ssl.secure.random.implementation = null
	ssl.trustmanager.algorithm = PKIX
	ssl.truststore.certificates = null
	ssl.truststore.location = null
	ssl.truststore.password = null
	ssl.truststore.type = JKS
	value.deserializer = class io.apicurio.registry.serde.avro.AvroKafkaDeserializer

2025-07-31 02:23:17,803 INFO  [org.apa.kaf.com.tel.int.KafkaMetricsCollector] (main) initializing Kafka metrics collector
2025-07-31 02:23:17,809 INFO  [org.apa.kaf.cli.con.ConsumerConfig] (main) These configurations '[apicurio.registry.avro.encoding, apicurio.registry.url]' were supplied but are not used yet.
2025-07-31 02:23:17,809 INFO  [org.apa.kaf.com.uti.AppInfoParser] (main) Kafka version: 3.9.0
2025-07-31 02:23:17,809 INFO  [org.apa.kaf.com.uti.AppInfoParser] (main) Kafka commitId: 84caaa6e9da06435
2025-07-31 02:23:17,809 INFO  [org.apa.kaf.com.uti.AppInfoParser] (main) Kafka startTimeMs: 1753928597809
2025-07-31 02:23:17,810 INFO  [org.apa.kaf.cli.con.int.ClassicKafkaConsumer] (Thread-138) [Consumer clientId=consumer-Consumer-topic-62e4d537_f30f_4b03_ac1c_97c1615a3486-3, groupId=Consumer-topic-62e4d537_f30f_4b03_ac1c_97c1615a3486] Subscribed to topic(s): topic-62e4d537_f30f_4b03_ac1c_97c1615a3486
2025-07-31 02:23:17,819 INFO  [org.apa.kaf.cli.Metadata] (Thread-138) [Consumer clientId=consumer-Consumer-topic-62e4d537_f30f_4b03_ac1c_97c1615a3486-3, groupId=Consumer-topic-62e4d537_f30f_4b03_ac1c_97c1615a3486] Cluster ID: EeXQRaomRg6j_8npZiTrIA
2025-07-31 02:23:17,819 INFO  [org.apa.kaf.cli.con.int.ConsumerCoordinator] (Thread-138) [Consumer clientId=consumer-Consumer-topic-62e4d537_f30f_4b03_ac1c_97c1615a3486-3, groupId=Consumer-topic-62e4d537_f30f_4b03_ac1c_97c1615a3486] Discovered group coordinator localhost:32770 (id: 2147483647 rack: null)
2025-07-31 02:23:17,823 INFO  [org.apa.kaf.cli.con.int.ConsumerCoordinator] (Thread-138) [Consumer clientId=consumer-Consumer-topic-62e4d537_f30f_4b03_ac1c_97c1615a3486-3, groupId=Consumer-topic-62e4d537_f30f_4b03_ac1c_97c1615a3486] (Re-)joining group
2025-07-31 02:23:17,833 INFO  [org.apa.kaf.cli.con.int.ConsumerCoordinator] (Thread-138) [Consumer clientId=consumer-Consumer-topic-62e4d537_f30f_4b03_ac1c_97c1615a3486-3, groupId=Consumer-topic-62e4d537_f30f_4b03_ac1c_97c1615a3486] Request joining group due to: need to re-join with the given member-id: consumer-Consumer-topic-62e4d537_f30f_4b03_ac1c_97c1615a3486-3-80c27fd0-32c4-419e-a723-ad6af850d9ba
2025-07-31 02:23:17,833 INFO  [org.apa.kaf.cli.con.int.ConsumerCoordinator] (Thread-138) [Consumer clientId=consumer-Consumer-topic-62e4d537_f30f_4b03_ac1c_97c1615a3486-3, groupId=Consumer-topic-62e4d537_f30f_4b03_ac1c_97c1615a3486] (Re-)joining group
2025-07-31 02:23:17,839 INFO  [org.apa.kaf.cli.con.int.ConsumerCoordinator] (Thread-138) [Consumer clientId=consumer-Consumer-topic-62e4d537_f30f_4b03_ac1c_97c1615a3486-3, groupId=Consumer-topic-62e4d537_f30f_4b03_ac1c_97c1615a3486] Successfully joined group with generation Generation{generationId=1, memberId='consumer-Consumer-topic-62e4d537_f30f_4b03_ac1c_97c1615a3486-3-80c27fd0-32c4-419e-a723-ad6af850d9ba', protocol='range'}
2025-07-31 02:23:17,840 INFO  [org.apa.kaf.cli.con.int.ConsumerCoordinator] (Thread-138) [Consumer clientId=consumer-Consumer-topic-62e4d537_f30f_4b03_ac1c_97c1615a3486-3, groupId=Consumer-topic-62e4d537_f30f_4b03_ac1c_97c1615a3486] Finished assignment for group at generation 1: {consumer-Consumer-topic-62e4d537_f30f_4b03_ac1c_97c1615a3486-3-80c27fd0-32c4-419e-a723-ad6af850d9ba=Assignment(partitions=[topic-62e4d537_f30f_4b03_ac1c_97c1615a3486-0])}
2025-07-31 02:23:17,845 INFO  [org.apa.kaf.cli.con.int.ConsumerCoordinator] (Thread-138) [Consumer clientId=consumer-Consumer-topic-62e4d537_f30f_4b03_ac1c_97c1615a3486-3, groupId=Consumer-topic-62e4d537_f30f_4b03_ac1c_97c1615a3486] Successfully synced group in generation Generation{generationId=1, memberId='consumer-Consumer-topic-62e4d537_f30f_4b03_ac1c_97c1615a3486-3-80c27fd0-32c4-419e-a723-ad6af850d9ba', protocol='range'}
2025-07-31 02:23:17,846 INFO  [org.apa.kaf.cli.con.int.ConsumerCoordinator] (Thread-138) [Consumer clientId=consumer-Consumer-topic-62e4d537_f30f_4b03_ac1c_97c1615a3486-3, groupId=Consumer-topic-62e4d537_f30f_4b03_ac1c_97c1615a3486] Notifying assignor about the new Assignment(partitions=[topic-62e4d537_f30f_4b03_ac1c_97c1615a3486-0])
2025-07-31 02:23:17,846 INFO  [org.apa.kaf.cli.con.int.ConsumerRebalanceListenerInvoker] (Thread-138) [Consumer clientId=consumer-Consumer-topic-62e4d537_f30f_4b03_ac1c_97c1615a3486-3, groupId=Consumer-topic-62e4d537_f30f_4b03_ac1c_97c1615a3486] Adding newly assigned partitions: topic-62e4d537_f30f_4b03_ac1c_97c1615a3486-0
2025-07-31 02:23:17,848 INFO  [org.apa.kaf.cli.con.int.ConsumerCoordinator] (Thread-138) [Consumer clientId=consumer-Consumer-topic-62e4d537_f30f_4b03_ac1c_97c1615a3486-3, groupId=Consumer-topic-62e4d537_f30f_4b03_ac1c_97c1615a3486] Found no committed offset for partition topic-62e4d537_f30f_4b03_ac1c_97c1615a3486-0
2025-07-31 02:23:17,855 INFO  [org.apa.kaf.cli.con.int.SubscriptionState] (Thread-138) [Consumer clientId=consumer-Consumer-topic-62e4d537_f30f_4b03_ac1c_97c1615a3486-3, groupId=Consumer-topic-62e4d537_f30f_4b03_ac1c_97c1615a3486] Resetting offset for partition topic-62e4d537_f30f_4b03_ac1c_97c1615a3486-0 to position FetchPosition{offset=0, offsetEpoch=Optional.empty, currentLeader=LeaderAndEpoch{leader=Optional[localhost:32770 (id: 0 rack: null)], epoch=0}}.
2025-07-31 02:23:17,943 INFO  [io.api.tes.ser.api.KafkaSerdesTester] (Thread-138) topic-62e4d537_f30f_4b03_ac1c_97c1615a3486 0 0 {"bar": "value-0"}
2025-07-31 02:23:17,943 INFO  [io.api.tes.ser.api.KafkaSerdesTester] (Thread-138) topic-62e4d537_f30f_4b03_ac1c_97c1615a3486 0 1 {"bar": "value-1"}
2025-07-31 02:23:17,943 INFO  [io.api.tes.ser.api.KafkaSerdesTester] (Thread-138) topic-62e4d537_f30f_4b03_ac1c_97c1615a3486 0 2 {"bar": "value-2"}
2025-07-31 02:23:17,943 INFO  [io.api.tes.ser.api.KafkaSerdesTester] (Thread-138) topic-62e4d537_f30f_4b03_ac1c_97c1615a3486 0 3 {"bar": "value-3"}
2025-07-31 02:23:17,943 INFO  [io.api.tes.ser.api.KafkaSerdesTester] (Thread-138) topic-62e4d537_f30f_4b03_ac1c_97c1615a3486 0 4 {"bar": "value-4"}
2025-07-31 02:23:17,943 INFO  [io.api.tes.ser.api.KafkaSerdesTester] (Thread-138) topic-62e4d537_f30f_4b03_ac1c_97c1615a3486 0 5 {"bar": "value-5"}
2025-07-31 02:23:17,943 INFO  [io.api.tes.ser.api.KafkaSerdesTester] (Thread-138) topic-62e4d537_f30f_4b03_ac1c_97c1615a3486 0 6 {"bar": "value-6"}
2025-07-31 02:23:17,944 INFO  [io.api.tes.ser.api.KafkaSerdesTester] (Thread-138) topic-62e4d537_f30f_4b03_ac1c_97c1615a3486 0 7 {"bar": "value-7"}
2025-07-31 02:23:17,944 INFO  [io.api.tes.ser.api.KafkaSerdesTester] (Thread-138) topic-62e4d537_f30f_4b03_ac1c_97c1615a3486 0 8 {"bar": "value-8"}
2025-07-31 02:23:17,944 INFO  [io.api.tes.ser.api.KafkaSerdesTester] (Thread-138) topic-62e4d537_f30f_4b03_ac1c_97c1615a3486 0 9 {"bar": "value-9"}
2025-07-31 02:23:17,944 INFO  [io.api.tes.ser.api.KafkaSerdesTester] (Thread-138) Consumed 10 messages
2025-07-31 02:23:17,948 INFO  [org.apa.kaf.cli.con.int.ConsumerRebalanceListenerInvoker] (Thread-138) [Consumer clientId=consumer-Consumer-topic-62e4d537_f30f_4b03_ac1c_97c1615a3486-3, groupId=Consumer-topic-62e4d537_f30f_4b03_ac1c_97c1615a3486] Revoke previously assigned partitions topic-62e4d537_f30f_4b03_ac1c_97c1615a3486-0
2025-07-31 02:23:17,948 INFO  [org.apa.kaf.cli.con.int.ConsumerCoordinator] (Thread-138) [Consumer clientId=consumer-Consumer-topic-62e4d537_f30f_4b03_ac1c_97c1615a3486-3, groupId=Consumer-topic-62e4d537_f30f_4b03_ac1c_97c1615a3486] Member consumer-Consumer-topic-62e4d537_f30f_4b03_ac1c_97c1615a3486-3-80c27fd0-32c4-419e-a723-ad6af850d9ba sending LeaveGroup request to coordinator localhost:32770 (id: 2147483647 rack: null) due to the consumer is being closed
2025-07-31 02:23:17,949 INFO  [org.apa.kaf.cli.con.int.ConsumerCoordinator] (Thread-138) [Consumer clientId=consumer-Consumer-topic-62e4d537_f30f_4b03_ac1c_97c1615a3486-3, groupId=Consumer-topic-62e4d537_f30f_4b03_ac1c_97c1615a3486] Resetting generation and member id due to: consumer pro-actively leaving the group
2025-07-31 02:23:17,949 INFO  [org.apa.kaf.cli.con.int.ConsumerCoordinator] (Thread-138) [Consumer clientId=consumer-Consumer-topic-62e4d537_f30f_4b03_ac1c_97c1615a3486-3, groupId=Consumer-topic-62e4d537_f30f_4b03_ac1c_97c1615a3486] Request joining group due to: consumer pro-actively leaving the group
2025-07-31 02:23:18,448 INFO  [org.apa.kaf.com.met.Metrics] (Thread-138) Metrics scheduler closed
2025-07-31 02:23:18,449 INFO  [org.apa.kaf.com.met.Metrics] (Thread-138) Closing reporter org.apache.kafka.common.metrics.JmxReporter
2025-07-31 02:23:18,449 INFO  [org.apa.kaf.com.met.Metrics] (Thread-138) Closing reporter org.apache.kafka.common.telemetry.internals.ClientTelemetryReporter
2025-07-31 02:23:18,449 INFO  [org.apa.kaf.com.met.Metrics] (Thread-138) Metrics reporters closed
2025-07-31 02:23:18,453 INFO  [org.apa.kaf.com.uti.AppInfoParser] (Thread-138) App info kafka.consumer for consumer-Consumer-topic-62e4d537_f30f_4b03_ac1c_97c1615a3486-3 unregistered
2025-07-31 02:23:18,454 INFO  [io.api.tes.uti.TestSeparator] (main) io.apicurio.tests.serdes.apicurio.AvroSerdeIT.testAvroJSON-FINISHED
2025-07-31 02:23:18,454 INFO  [io.api.tes.uti.TestSeparator] (main) ############################################################################
]]></system-out>
  </testcase>
  <testcase name="testTopicIdStrategyAutoRegister" classname="io.apicurio.tests.serdes.apicurio.AvroSerdeIT" time="1.078">
    <system-out><![CDATA[2025-07-31 02:23:18,457 INFO  [io.api.tes.uti.TestSeparator] (main) ############################################################################
2025-07-31 02:23:18,457 INFO  [io.api.tes.uti.TestSeparator] (main) io.apicurio.tests.serdes.apicurio.AvroSerdeIT.testTopicIdStrategyAutoRegister-STARTED
2025-07-31 02:23:18,463 INFO  [org.apa.kaf.cli.pro.ProducerConfig] (main) ProducerConfig values: 
	acks = -1
	auto.include.jmx.reporter = true
	batch.size = 16384
	bootstrap.servers = [PLAINTEXT://localhost:32770]
	buffer.memory = 33554432
	client.dns.lookup = use_all_dns_ips
	client.id = Producer-topic-a28a5407_d8dd_4462_9933_79925f1e7267
	compression.gzip.level = -1
	compression.lz4.level = 9
	compression.type = none
	compression.zstd.level = 3
	connections.max.idle.ms = 10000
	delivery.timeout.ms = 120000
	enable.idempotence = true
	enable.metrics.push = true
	interceptor.classes = []
	key.serializer = class org.apache.kafka.common.serialization.StringSerializer
	linger.ms = 0
	max.block.ms = 60000
	max.in.flight.requests.per.connection = 5
	max.request.size = 1048576
	metadata.max.age.ms = 300000
	metadata.max.idle.ms = 300000
	metadata.recovery.strategy = none
	metric.reporters = []
	metrics.num.samples = 2
	metrics.recording.level = INFO
	metrics.sample.window.ms = 30000
	partitioner.adaptive.partitioning.enable = true
	partitioner.availability.timeout.ms = 0
	partitioner.class = null
	partitioner.ignore.keys = false
	receive.buffer.bytes = 32768
	reconnect.backoff.max.ms = 1000
	reconnect.backoff.ms = 50
	request.timeout.ms = 5000
	retries = 2147483647
	retry.backoff.max.ms = 1000
	retry.backoff.ms = 100
	sasl.client.callback.handler.class = null
	sasl.jaas.config = null
	sasl.kerberos.kinit.cmd = /usr/bin/kinit
	sasl.kerberos.min.time.before.relogin = 60000
	sasl.kerberos.service.name = null
	sasl.kerberos.ticket.renew.jitter = 0.05
	sasl.kerberos.ticket.renew.window.factor = 0.8
	sasl.login.callback.handler.class = null
	sasl.login.class = null
	sasl.login.connect.timeout.ms = null
	sasl.login.read.timeout.ms = null
	sasl.login.refresh.buffer.seconds = 300
	sasl.login.refresh.min.period.seconds = 60
	sasl.login.refresh.window.factor = 0.8
	sasl.login.refresh.window.jitter = 0.05
	sasl.login.retry.backoff.max.ms = 10000
	sasl.login.retry.backoff.ms = 100
	sasl.mechanism = GSSAPI
	sasl.oauthbearer.clock.skew.seconds = 30
	sasl.oauthbearer.expected.audience = null
	sasl.oauthbearer.expected.issuer = null
	sasl.oauthbearer.header.urlencode = false
	sasl.oauthbearer.jwks.endpoint.refresh.ms = 3600000
	sasl.oauthbearer.jwks.endpoint.retry.backoff.max.ms = 10000
	sasl.oauthbearer.jwks.endpoint.retry.backoff.ms = 100
	sasl.oauthbearer.jwks.endpoint.url = null
	sasl.oauthbearer.scope.claim.name = scope
	sasl.oauthbearer.sub.claim.name = sub
	sasl.oauthbearer.token.endpoint.url = null
	security.protocol = PLAINTEXT
	security.providers = null
	send.buffer.bytes = 131072
	socket.connection.setup.timeout.max.ms = 30000
	socket.connection.setup.timeout.ms = 10000
	ssl.cipher.suites = null
	ssl.enabled.protocols = [TLSv1.2, TLSv1.3]
	ssl.endpoint.identification.algorithm = https
	ssl.engine.factory.class = null
	ssl.key.password = null
	ssl.keymanager.algorithm = SunX509
	ssl.keystore.certificate.chain = null
	ssl.keystore.key = null
	ssl.keystore.location = null
	ssl.keystore.password = null
	ssl.keystore.type = JKS
	ssl.protocol = TLSv1.3
	ssl.provider = null
	ssl.secure.random.implementation = null
	ssl.trustmanager.algorithm = PKIX
	ssl.truststore.certificates = null
	ssl.truststore.location = null
	ssl.truststore.password = null
	ssl.truststore.type = JKS
	transaction.timeout.ms = 60000
	transactional.id = null
	value.serializer = class io.apicurio.registry.serde.avro.AvroKafkaSerializer

2025-07-31 02:23:18,463 INFO  [org.apa.kaf.com.tel.int.KafkaMetricsCollector] (main) initializing Kafka metrics collector
2025-07-31 02:23:18,476 INFO  [org.apa.kaf.cli.pro.KafkaProducer] (main) [Producer clientId=Producer-topic-a28a5407_d8dd_4462_9933_79925f1e7267] Instantiated an idempotent producer.
2025-07-31 02:23:18,483 INFO  [org.apa.kaf.cli.pro.ProducerConfig] (main) These configurations '[apicurio.registry.url, apicurio.registry.auto-register, apicurio.registry.artifact-resolver-strategy]' were supplied but are not used yet.
2025-07-31 02:23:18,483 INFO  [org.apa.kaf.com.uti.AppInfoParser] (main) Kafka version: 3.9.0
2025-07-31 02:23:18,483 INFO  [org.apa.kaf.com.uti.AppInfoParser] (main) Kafka commitId: 84caaa6e9da06435
2025-07-31 02:23:18,483 INFO  [org.apa.kaf.com.uti.AppInfoParser] (main) Kafka startTimeMs: 1753928598483
2025-07-31 02:23:18,484 INFO  [io.api.tes.ser.api.SimpleSerdesTesterBuilder$SimpleSerdesTester] (main) Using producer configuration: {apicurio.registry.url=http://registry-app-mysql.apps.ci419.apicurio-testing.org:80/apis/registry/v3, apicurio.registry.auto-register=true, apicurio.registry.artifact-resolver-strategy=io.apicurio.registry.serde.strategy.TopicIdStrategy, value.serializer=io.apicurio.registry.serde.avro.AvroKafkaSerializer, request.timeout.ms=5000, acks=all, bootstrap.servers=PLAINTEXT://localhost:32770, connections.max.idle.ms=10000, key.serializer=org.apache.kafka.common.serialization.StringSerializer, client.id=Producer-topic-a28a5407_d8dd_4462_9933_79925f1e7267}
2025-07-31 02:23:18,484 INFO  [io.api.tes.ser.api.SimpleSerdesTesterBuilder$SimpleSerdesTester] (main) Using consumer configuration: {}
2025-07-31 02:23:18,488 INFO  [io.api.tes.ser.api.KafkaSerdesTester] (Thread-141) Sending message {"key11753928598458": "value-0"} to topic topic-a28a5407_d8dd_4462_9933_79925f1e7267
2025-07-31 02:23:18,503 WARN  [org.apa.kaf.cli.NetworkClient] (kafka-producer-network-thread | Producer-topic-a28a5407_d8dd_4462_9933_79925f1e7267) [Producer clientId=Producer-topic-a28a5407_d8dd_4462_9933_79925f1e7267] The metadata response from the cluster reported a recoverable issue with correlation id 2 : {topic-a28a5407_d8dd_4462_9933_79925f1e7267=LEADER_NOT_AVAILABLE}
2025-07-31 02:23:18,503 INFO  [org.apa.kaf.cli.Metadata] (kafka-producer-network-thread | Producer-topic-a28a5407_d8dd_4462_9933_79925f1e7267) [Producer clientId=Producer-topic-a28a5407_d8dd_4462_9933_79925f1e7267] Cluster ID: EeXQRaomRg6j_8npZiTrIA
2025-07-31 02:23:18,506 INFO  [org.apa.kaf.cli.pro.int.TransactionManager] (kafka-producer-network-thread | Producer-topic-a28a5407_d8dd_4462_9933_79925f1e7267) [Producer clientId=Producer-topic-a28a5407_d8dd_4462_9933_79925f1e7267] ProducerId set to 4 with epoch 0
2025-07-31 02:23:18,718 INFO  [io.api.tes.ser.api.KafkaSerdesTester] (Thread-141) Sending message {"key11753928598458": "value-1"} to topic topic-a28a5407_d8dd_4462_9933_79925f1e7267
2025-07-31 02:23:18,722 INFO  [io.api.tes.ser.api.KafkaSerdesTester] (Thread-141) Sending message {"key11753928598458": "value-2"} to topic topic-a28a5407_d8dd_4462_9933_79925f1e7267
2025-07-31 02:23:18,724 INFO  [io.api.tes.ser.api.KafkaSerdesTester] (Thread-141) Sending message {"key11753928598458": "value-3"} to topic topic-a28a5407_d8dd_4462_9933_79925f1e7267
2025-07-31 02:23:18,728 INFO  [io.api.tes.ser.api.KafkaSerdesTester] (Thread-141) Sending message {"key11753928598458": "value-4"} to topic topic-a28a5407_d8dd_4462_9933_79925f1e7267
2025-07-31 02:23:18,732 INFO  [io.api.tes.ser.api.KafkaSerdesTester] (Thread-141) Sending message {"key11753928598458": "value-5"} to topic topic-a28a5407_d8dd_4462_9933_79925f1e7267
2025-07-31 02:23:18,738 INFO  [io.api.tes.ser.api.KafkaSerdesTester] (Thread-141) Sending message {"key11753928598458": "value-6"} to topic topic-a28a5407_d8dd_4462_9933_79925f1e7267
2025-07-31 02:23:18,740 INFO  [io.api.tes.ser.api.KafkaSerdesTester] (Thread-141) Sending message {"key11753928598458": "value-7"} to topic topic-a28a5407_d8dd_4462_9933_79925f1e7267
2025-07-31 02:23:18,742 INFO  [io.api.tes.ser.api.KafkaSerdesTester] (Thread-141) Sending message {"key11753928598458": "value-8"} to topic topic-a28a5407_d8dd_4462_9933_79925f1e7267
2025-07-31 02:23:18,744 INFO  [io.api.tes.ser.api.KafkaSerdesTester] (Thread-141) Sending message {"key11753928598458": "value-9"} to topic topic-a28a5407_d8dd_4462_9933_79925f1e7267
2025-07-31 02:23:18,746 INFO  [io.api.tes.ser.api.KafkaSerdesTester] (Thread-141) Produced 10 messages
2025-07-31 02:23:18,746 INFO  [org.apa.kaf.cli.pro.KafkaProducer] (Thread-141) [Producer clientId=Producer-topic-a28a5407_d8dd_4462_9933_79925f1e7267] Closing the Kafka producer with timeoutMillis = 9223372036854775807 ms.
2025-07-31 02:23:18,753 INFO  [org.apa.kaf.com.met.Metrics] (Thread-141) Metrics scheduler closed
2025-07-31 02:23:18,753 INFO  [org.apa.kaf.com.met.Metrics] (Thread-141) Closing reporter org.apache.kafka.common.metrics.JmxReporter
2025-07-31 02:23:18,753 INFO  [org.apa.kaf.com.met.Metrics] (Thread-141) Closing reporter org.apache.kafka.common.telemetry.internals.ClientTelemetryReporter
2025-07-31 02:23:18,753 INFO  [org.apa.kaf.com.met.Metrics] (Thread-141) Metrics reporters closed
2025-07-31 02:23:18,753 INFO  [org.apa.kaf.com.uti.AppInfoParser] (Thread-141) App info kafka.producer for Producer-topic-a28a5407_d8dd_4462_9933_79925f1e7267 unregistered
2025-07-31 02:23:18,824 INFO  [org.apa.kaf.cli.con.ConsumerConfig] (main) ConsumerConfig values: 
	allow.auto.create.topics = true
	auto.commit.interval.ms = 500
	auto.include.jmx.reporter = true
	auto.offset.reset = earliest
	bootstrap.servers = [PLAINTEXT://localhost:32770]
	check.crcs = true
	client.dns.lookup = use_all_dns_ips
	client.id = consumer-Consumer-topic-a28a5407_d8dd_4462_9933_79925f1e7267-4
	client.rack = 
	connections.max.idle.ms = 10000
	default.api.timeout.ms = 60000
	enable.auto.commit = true
	enable.metrics.push = true
	exclude.internal.topics = true
	fetch.max.bytes = 52428800
	fetch.max.wait.ms = 500
	fetch.min.bytes = 1
	group.id = Consumer-topic-a28a5407_d8dd_4462_9933_79925f1e7267
	group.instance.id = null
	group.protocol = classic
	group.remote.assignor = null
	heartbeat.interval.ms = 3000
	interceptor.classes = []
	internal.leave.group.on.close = true
	internal.throw.on.fetch.stable.offset.unsupported = false
	isolation.level = read_uncommitted
	key.deserializer = class org.apache.kafka.common.serialization.StringDeserializer
	max.partition.fetch.bytes = 1048576
	max.poll.interval.ms = 300000
	max.poll.records = 500
	metadata.max.age.ms = 300000
	metadata.recovery.strategy = none
	metric.reporters = []
	metrics.num.samples = 2
	metrics.recording.level = INFO
	metrics.sample.window.ms = 30000
	partition.assignment.strategy = [class org.apache.kafka.clients.consumer.RangeAssignor, class org.apache.kafka.clients.consumer.CooperativeStickyAssignor]
	receive.buffer.bytes = 65536
	reconnect.backoff.max.ms = 1000
	reconnect.backoff.ms = 50
	request.timeout.ms = 5000
	retry.backoff.max.ms = 1000
	retry.backoff.ms = 100
	sasl.client.callback.handler.class = null
	sasl.jaas.config = null
	sasl.kerberos.kinit.cmd = /usr/bin/kinit
	sasl.kerberos.min.time.before.relogin = 60000
	sasl.kerberos.service.name = null
	sasl.kerberos.ticket.renew.jitter = 0.05
	sasl.kerberos.ticket.renew.window.factor = 0.8
	sasl.login.callback.handler.class = null
	sasl.login.class = null
	sasl.login.connect.timeout.ms = null
	sasl.login.read.timeout.ms = null
	sasl.login.refresh.buffer.seconds = 300
	sasl.login.refresh.min.period.seconds = 60
	sasl.login.refresh.window.factor = 0.8
	sasl.login.refresh.window.jitter = 0.05
	sasl.login.retry.backoff.max.ms = 10000
	sasl.login.retry.backoff.ms = 100
	sasl.mechanism = GSSAPI
	sasl.oauthbearer.clock.skew.seconds = 30
	sasl.oauthbearer.expected.audience = null
	sasl.oauthbearer.expected.issuer = null
	sasl.oauthbearer.header.urlencode = false
	sasl.oauthbearer.jwks.endpoint.refresh.ms = 3600000
	sasl.oauthbearer.jwks.endpoint.retry.backoff.max.ms = 10000
	sasl.oauthbearer.jwks.endpoint.retry.backoff.ms = 100
	sasl.oauthbearer.jwks.endpoint.url = null
	sasl.oauthbearer.scope.claim.name = scope
	sasl.oauthbearer.sub.claim.name = sub
	sasl.oauthbearer.token.endpoint.url = null
	security.protocol = PLAINTEXT
	security.providers = null
	send.buffer.bytes = 131072
	session.timeout.ms = 45000
	socket.connection.setup.timeout.max.ms = 30000
	socket.connection.setup.timeout.ms = 10000
	ssl.cipher.suites = null
	ssl.enabled.protocols = [TLSv1.2, TLSv1.3]
	ssl.endpoint.identification.algorithm = https
	ssl.engine.factory.class = null
	ssl.key.password = null
	ssl.keymanager.algorithm = SunX509
	ssl.keystore.certificate.chain = null
	ssl.keystore.key = null
	ssl.keystore.location = null
	ssl.keystore.password = null
	ssl.keystore.type = JKS
	ssl.protocol = TLSv1.3
	ssl.provider = null
	ssl.secure.random.implementation = null
	ssl.trustmanager.algorithm = PKIX
	ssl.truststore.certificates = null
	ssl.truststore.location = null
	ssl.truststore.password = null
	ssl.truststore.type = JKS
	value.deserializer = class io.apicurio.registry.serde.avro.AvroKafkaDeserializer

2025-07-31 02:23:18,825 INFO  [org.apa.kaf.com.tel.int.KafkaMetricsCollector] (main) initializing Kafka metrics collector
2025-07-31 02:23:18,831 INFO  [org.apa.kaf.cli.con.ConsumerConfig] (main) These configurations '[apicurio.registry.url]' were supplied but are not used yet.
2025-07-31 02:23:18,831 INFO  [org.apa.kaf.com.uti.AppInfoParser] (main) Kafka version: 3.9.0
2025-07-31 02:23:18,832 INFO  [org.apa.kaf.com.uti.AppInfoParser] (main) Kafka commitId: 84caaa6e9da06435
2025-07-31 02:23:18,832 INFO  [org.apa.kaf.com.uti.AppInfoParser] (main) Kafka startTimeMs: 1753928598831
2025-07-31 02:23:18,832 INFO  [org.apa.kaf.cli.con.int.ClassicKafkaConsumer] (Thread-144) [Consumer clientId=consumer-Consumer-topic-a28a5407_d8dd_4462_9933_79925f1e7267-4, groupId=Consumer-topic-a28a5407_d8dd_4462_9933_79925f1e7267] Subscribed to topic(s): topic-a28a5407_d8dd_4462_9933_79925f1e7267
2025-07-31 02:23:18,841 INFO  [org.apa.kaf.cli.Metadata] (Thread-144) [Consumer clientId=consumer-Consumer-topic-a28a5407_d8dd_4462_9933_79925f1e7267-4, groupId=Consumer-topic-a28a5407_d8dd_4462_9933_79925f1e7267] Cluster ID: EeXQRaomRg6j_8npZiTrIA
2025-07-31 02:23:18,844 INFO  [org.apa.kaf.cli.con.int.ConsumerCoordinator] (Thread-144) [Consumer clientId=consumer-Consumer-topic-a28a5407_d8dd_4462_9933_79925f1e7267-4, groupId=Consumer-topic-a28a5407_d8dd_4462_9933_79925f1e7267] Discovered group coordinator localhost:32770 (id: 2147483647 rack: null)
2025-07-31 02:23:18,849 INFO  [org.apa.kaf.cli.con.int.ConsumerCoordinator] (Thread-144) [Consumer clientId=consumer-Consumer-topic-a28a5407_d8dd_4462_9933_79925f1e7267-4, groupId=Consumer-topic-a28a5407_d8dd_4462_9933_79925f1e7267] (Re-)joining group
2025-07-31 02:23:18,855 INFO  [org.apa.kaf.cli.con.int.ConsumerCoordinator] (Thread-144) [Consumer clientId=consumer-Consumer-topic-a28a5407_d8dd_4462_9933_79925f1e7267-4, groupId=Consumer-topic-a28a5407_d8dd_4462_9933_79925f1e7267] Request joining group due to: need to re-join with the given member-id: consumer-Consumer-topic-a28a5407_d8dd_4462_9933_79925f1e7267-4-35d0e9d6-5de3-4ac0-b531-e445793cdf6b
2025-07-31 02:23:18,855 INFO  [org.apa.kaf.cli.con.int.ConsumerCoordinator] (Thread-144) [Consumer clientId=consumer-Consumer-topic-a28a5407_d8dd_4462_9933_79925f1e7267-4, groupId=Consumer-topic-a28a5407_d8dd_4462_9933_79925f1e7267] (Re-)joining group
2025-07-31 02:23:18,861 INFO  [org.apa.kaf.cli.con.int.ConsumerCoordinator] (Thread-144) [Consumer clientId=consumer-Consumer-topic-a28a5407_d8dd_4462_9933_79925f1e7267-4, groupId=Consumer-topic-a28a5407_d8dd_4462_9933_79925f1e7267] Successfully joined group with generation Generation{generationId=1, memberId='consumer-Consumer-topic-a28a5407_d8dd_4462_9933_79925f1e7267-4-35d0e9d6-5de3-4ac0-b531-e445793cdf6b', protocol='range'}
2025-07-31 02:23:18,861 INFO  [org.apa.kaf.cli.con.int.ConsumerCoordinator] (Thread-144) [Consumer clientId=consumer-Consumer-topic-a28a5407_d8dd_4462_9933_79925f1e7267-4, groupId=Consumer-topic-a28a5407_d8dd_4462_9933_79925f1e7267] Finished assignment for group at generation 1: {consumer-Consumer-topic-a28a5407_d8dd_4462_9933_79925f1e7267-4-35d0e9d6-5de3-4ac0-b531-e445793cdf6b=Assignment(partitions=[topic-a28a5407_d8dd_4462_9933_79925f1e7267-0])}
2025-07-31 02:23:18,868 INFO  [org.apa.kaf.cli.con.int.ConsumerCoordinator] (Thread-144) [Consumer clientId=consumer-Consumer-topic-a28a5407_d8dd_4462_9933_79925f1e7267-4, groupId=Consumer-topic-a28a5407_d8dd_4462_9933_79925f1e7267] Successfully synced group in generation Generation{generationId=1, memberId='consumer-Consumer-topic-a28a5407_d8dd_4462_9933_79925f1e7267-4-35d0e9d6-5de3-4ac0-b531-e445793cdf6b', protocol='range'}
2025-07-31 02:23:18,868 INFO  [org.apa.kaf.cli.con.int.ConsumerCoordinator] (Thread-144) [Consumer clientId=consumer-Consumer-topic-a28a5407_d8dd_4462_9933_79925f1e7267-4, groupId=Consumer-topic-a28a5407_d8dd_4462_9933_79925f1e7267] Notifying assignor about the new Assignment(partitions=[topic-a28a5407_d8dd_4462_9933_79925f1e7267-0])
2025-07-31 02:23:18,868 INFO  [org.apa.kaf.cli.con.int.ConsumerRebalanceListenerInvoker] (Thread-144) [Consumer clientId=consumer-Consumer-topic-a28a5407_d8dd_4462_9933_79925f1e7267-4, groupId=Consumer-topic-a28a5407_d8dd_4462_9933_79925f1e7267] Adding newly assigned partitions: topic-a28a5407_d8dd_4462_9933_79925f1e7267-0
2025-07-31 02:23:18,870 INFO  [org.apa.kaf.cli.con.int.ConsumerCoordinator] (Thread-144) [Consumer clientId=consumer-Consumer-topic-a28a5407_d8dd_4462_9933_79925f1e7267-4, groupId=Consumer-topic-a28a5407_d8dd_4462_9933_79925f1e7267] Found no committed offset for partition topic-a28a5407_d8dd_4462_9933_79925f1e7267-0
2025-07-31 02:23:18,877 INFO  [org.apa.kaf.cli.con.int.SubscriptionState] (Thread-144) [Consumer clientId=consumer-Consumer-topic-a28a5407_d8dd_4462_9933_79925f1e7267-4, groupId=Consumer-topic-a28a5407_d8dd_4462_9933_79925f1e7267] Resetting offset for partition topic-a28a5407_d8dd_4462_9933_79925f1e7267-0 to position FetchPosition{offset=0, offsetEpoch=Optional.empty, currentLeader=LeaderAndEpoch{leader=Optional[localhost:32770 (id: 0 rack: null)], epoch=0}}.
2025-07-31 02:23:18,963 INFO  [io.api.tes.ser.api.KafkaSerdesTester] (Thread-144) topic-a28a5407_d8dd_4462_9933_79925f1e7267 0 0 {"key11753928598458": "value-0"}
2025-07-31 02:23:18,963 INFO  [io.api.tes.ser.api.KafkaSerdesTester] (Thread-144) topic-a28a5407_d8dd_4462_9933_79925f1e7267 0 1 {"key11753928598458": "value-1"}
2025-07-31 02:23:18,963 INFO  [io.api.tes.ser.api.KafkaSerdesTester] (Thread-144) topic-a28a5407_d8dd_4462_9933_79925f1e7267 0 2 {"key11753928598458": "value-2"}
2025-07-31 02:23:18,963 INFO  [io.api.tes.ser.api.KafkaSerdesTester] (Thread-144) topic-a28a5407_d8dd_4462_9933_79925f1e7267 0 3 {"key11753928598458": "value-3"}
2025-07-31 02:23:18,964 INFO  [io.api.tes.ser.api.KafkaSerdesTester] (Thread-144) topic-a28a5407_d8dd_4462_9933_79925f1e7267 0 4 {"key11753928598458": "value-4"}
2025-07-31 02:23:18,964 INFO  [io.api.tes.ser.api.KafkaSerdesTester] (Thread-144) topic-a28a5407_d8dd_4462_9933_79925f1e7267 0 5 {"key11753928598458": "value-5"}
2025-07-31 02:23:18,964 INFO  [io.api.tes.ser.api.KafkaSerdesTester] (Thread-144) topic-a28a5407_d8dd_4462_9933_79925f1e7267 0 6 {"key11753928598458": "value-6"}
2025-07-31 02:23:18,964 INFO  [io.api.tes.ser.api.KafkaSerdesTester] (Thread-144) topic-a28a5407_d8dd_4462_9933_79925f1e7267 0 7 {"key11753928598458": "value-7"}
2025-07-31 02:23:18,964 INFO  [io.api.tes.ser.api.KafkaSerdesTester] (Thread-144) topic-a28a5407_d8dd_4462_9933_79925f1e7267 0 8 {"key11753928598458": "value-8"}
2025-07-31 02:23:18,964 INFO  [io.api.tes.ser.api.KafkaSerdesTester] (Thread-144) topic-a28a5407_d8dd_4462_9933_79925f1e7267 0 9 {"key11753928598458": "value-9"}
2025-07-31 02:23:18,964 INFO  [io.api.tes.ser.api.KafkaSerdesTester] (Thread-144) Consumed 10 messages
2025-07-31 02:23:18,968 INFO  [org.apa.kaf.cli.con.int.ConsumerRebalanceListenerInvoker] (Thread-144) [Consumer clientId=consumer-Consumer-topic-a28a5407_d8dd_4462_9933_79925f1e7267-4, groupId=Consumer-topic-a28a5407_d8dd_4462_9933_79925f1e7267] Revoke previously assigned partitions topic-a28a5407_d8dd_4462_9933_79925f1e7267-0
2025-07-31 02:23:18,968 INFO  [org.apa.kaf.cli.con.int.ConsumerCoordinator] (Thread-144) [Consumer clientId=consumer-Consumer-topic-a28a5407_d8dd_4462_9933_79925f1e7267-4, groupId=Consumer-topic-a28a5407_d8dd_4462_9933_79925f1e7267] Member consumer-Consumer-topic-a28a5407_d8dd_4462_9933_79925f1e7267-4-35d0e9d6-5de3-4ac0-b531-e445793cdf6b sending LeaveGroup request to coordinator localhost:32770 (id: 2147483647 rack: null) due to the consumer is being closed
2025-07-31 02:23:18,968 INFO  [org.apa.kaf.cli.con.int.ConsumerCoordinator] (Thread-144) [Consumer clientId=consumer-Consumer-topic-a28a5407_d8dd_4462_9933_79925f1e7267-4, groupId=Consumer-topic-a28a5407_d8dd_4462_9933_79925f1e7267] Resetting generation and member id due to: consumer pro-actively leaving the group
2025-07-31 02:23:18,968 INFO  [org.apa.kaf.cli.con.int.ConsumerCoordinator] (Thread-144) [Consumer clientId=consumer-Consumer-topic-a28a5407_d8dd_4462_9933_79925f1e7267-4, groupId=Consumer-topic-a28a5407_d8dd_4462_9933_79925f1e7267] Request joining group due to: consumer pro-actively leaving the group
2025-07-31 02:23:19,466 INFO  [org.apa.kaf.com.met.Metrics] (Thread-144) Metrics scheduler closed
2025-07-31 02:23:19,467 INFO  [org.apa.kaf.com.met.Metrics] (Thread-144) Closing reporter org.apache.kafka.common.metrics.JmxReporter
2025-07-31 02:23:19,467 INFO  [org.apa.kaf.com.met.Metrics] (Thread-144) Closing reporter org.apache.kafka.common.telemetry.internals.ClientTelemetryReporter
2025-07-31 02:23:19,467 INFO  [org.apa.kaf.com.met.Metrics] (Thread-144) Metrics reporters closed
2025-07-31 02:23:19,470 INFO  [org.apa.kaf.com.uti.AppInfoParser] (Thread-144) App info kafka.consumer for consumer-Consumer-topic-a28a5407_d8dd_4462_9933_79925f1e7267-4 unregistered
2025-07-31 02:23:19,533 INFO  [io.api.tes.uti.TestSeparator] (main) io.apicurio.tests.serdes.apicurio.AvroSerdeIT.testTopicIdStrategyAutoRegister-FINISHED
2025-07-31 02:23:19,533 INFO  [io.api.tes.uti.TestSeparator] (main) ############################################################################
]]></system-out>
  </testcase>
  <testcase name="testRecordIdStrategydFindLatest" classname="io.apicurio.tests.serdes.apicurio.AvroSerdeIT" time="1.896">
    <system-out><![CDATA[2025-07-31 02:23:19,536 INFO  [io.api.tes.uti.TestSeparator] (main) ############################################################################
2025-07-31 02:23:19,536 INFO  [io.api.tes.uti.TestSeparator] (main) io.apicurio.tests.serdes.apicurio.AvroSerdeIT.testRecordIdStrategydFindLatest-STARTED
2025-07-31 02:23:19,537 INFO  [io.api.tes.ser.api.AvroSerdeIT] (main) Registering Avro Schema: {"type":"record","name":"scb0a902cx0e12x4c8ax81fex495bad6bf5ba","namespace":"s9f0deb2exd5c4x4a5dxb658xfc70ff92c6d2","fields":[{"name":"key11753928599536","type":"string"}]}
2025-07-31 02:23:20,632 INFO  [org.apa.kaf.cli.pro.ProducerConfig] (main) ProducerConfig values: 
	acks = -1
	auto.include.jmx.reporter = true
	batch.size = 16384
	bootstrap.servers = [PLAINTEXT://localhost:32770]
	buffer.memory = 33554432
	client.dns.lookup = use_all_dns_ips
	client.id = Producer-topic-8cac6dc2_32fa_47c5_8b28_2cb8b40065e9
	compression.gzip.level = -1
	compression.lz4.level = 9
	compression.type = none
	compression.zstd.level = 3
	connections.max.idle.ms = 10000
	delivery.timeout.ms = 120000
	enable.idempotence = true
	enable.metrics.push = true
	interceptor.classes = []
	key.serializer = class org.apache.kafka.common.serialization.StringSerializer
	linger.ms = 0
	max.block.ms = 60000
	max.in.flight.requests.per.connection = 5
	max.request.size = 1048576
	metadata.max.age.ms = 300000
	metadata.max.idle.ms = 300000
	metadata.recovery.strategy = none
	metric.reporters = []
	metrics.num.samples = 2
	metrics.recording.level = INFO
	metrics.sample.window.ms = 30000
	partitioner.adaptive.partitioning.enable = true
	partitioner.availability.timeout.ms = 0
	partitioner.class = null
	partitioner.ignore.keys = false
	receive.buffer.bytes = 32768
	reconnect.backoff.max.ms = 1000
	reconnect.backoff.ms = 50
	request.timeout.ms = 5000
	retries = 2147483647
	retry.backoff.max.ms = 1000
	retry.backoff.ms = 100
	sasl.client.callback.handler.class = null
	sasl.jaas.config = null
	sasl.kerberos.kinit.cmd = /usr/bin/kinit
	sasl.kerberos.min.time.before.relogin = 60000
	sasl.kerberos.service.name = null
	sasl.kerberos.ticket.renew.jitter = 0.05
	sasl.kerberos.ticket.renew.window.factor = 0.8
	sasl.login.callback.handler.class = null
	sasl.login.class = null
	sasl.login.connect.timeout.ms = null
	sasl.login.read.timeout.ms = null
	sasl.login.refresh.buffer.seconds = 300
	sasl.login.refresh.min.period.seconds = 60
	sasl.login.refresh.window.factor = 0.8
	sasl.login.refresh.window.jitter = 0.05
	sasl.login.retry.backoff.max.ms = 10000
	sasl.login.retry.backoff.ms = 100
	sasl.mechanism = GSSAPI
	sasl.oauthbearer.clock.skew.seconds = 30
	sasl.oauthbearer.expected.audience = null
	sasl.oauthbearer.expected.issuer = null
	sasl.oauthbearer.header.urlencode = false
	sasl.oauthbearer.jwks.endpoint.refresh.ms = 3600000
	sasl.oauthbearer.jwks.endpoint.retry.backoff.max.ms = 10000
	sasl.oauthbearer.jwks.endpoint.retry.backoff.ms = 100
	sasl.oauthbearer.jwks.endpoint.url = null
	sasl.oauthbearer.scope.claim.name = scope
	sasl.oauthbearer.sub.claim.name = sub
	sasl.oauthbearer.token.endpoint.url = null
	security.protocol = PLAINTEXT
	security.providers = null
	send.buffer.bytes = 131072
	socket.connection.setup.timeout.max.ms = 30000
	socket.connection.setup.timeout.ms = 10000
	ssl.cipher.suites = null
	ssl.enabled.protocols = [TLSv1.2, TLSv1.3]
	ssl.endpoint.identification.algorithm = https
	ssl.engine.factory.class = null
	ssl.key.password = null
	ssl.keymanager.algorithm = SunX509
	ssl.keystore.certificate.chain = null
	ssl.keystore.key = null
	ssl.keystore.location = null
	ssl.keystore.password = null
	ssl.keystore.type = JKS
	ssl.protocol = TLSv1.3
	ssl.provider = null
	ssl.secure.random.implementation = null
	ssl.trustmanager.algorithm = PKIX
	ssl.truststore.certificates = null
	ssl.truststore.location = null
	ssl.truststore.password = null
	ssl.truststore.type = JKS
	transaction.timeout.ms = 60000
	transactional.id = null
	value.serializer = class io.apicurio.registry.serde.avro.AvroKafkaSerializer

2025-07-31 02:23:20,632 INFO  [org.apa.kaf.com.tel.int.KafkaMetricsCollector] (main) initializing Kafka metrics collector
2025-07-31 02:23:20,635 INFO  [org.apa.kaf.cli.pro.KafkaProducer] (main) [Producer clientId=Producer-topic-8cac6dc2_32fa_47c5_8b28_2cb8b40065e9] Instantiated an idempotent producer.
2025-07-31 02:23:20,638 INFO  [org.apa.kaf.cli.pro.ProducerConfig] (main) These configurations '[apicurio.registry.find-latest, apicurio.registry.url, apicurio.registry.artifact-resolver-strategy]' were supplied but are not used yet.
2025-07-31 02:23:20,638 INFO  [org.apa.kaf.com.uti.AppInfoParser] (main) Kafka version: 3.9.0
2025-07-31 02:23:20,638 INFO  [org.apa.kaf.com.uti.AppInfoParser] (main) Kafka commitId: 84caaa6e9da06435
2025-07-31 02:23:20,638 INFO  [org.apa.kaf.com.uti.AppInfoParser] (main) Kafka startTimeMs: 1753928600638
2025-07-31 02:23:20,638 INFO  [io.api.tes.ser.api.SimpleSerdesTesterBuilder$SimpleSerdesTester] (main) Using producer configuration: {apicurio.registry.find-latest=true, apicurio.registry.url=http://registry-app-mysql.apps.ci419.apicurio-testing.org:80/apis/registry/v3, apicurio.registry.artifact-resolver-strategy=io.apicurio.registry.serde.avro.strategy.RecordIdStrategy, value.serializer=io.apicurio.registry.serde.avro.AvroKafkaSerializer, request.timeout.ms=5000, acks=all, bootstrap.servers=PLAINTEXT://localhost:32770, connections.max.idle.ms=10000, key.serializer=org.apache.kafka.common.serialization.StringSerializer, client.id=Producer-topic-8cac6dc2_32fa_47c5_8b28_2cb8b40065e9}
2025-07-31 02:23:20,638 INFO  [io.api.tes.ser.api.SimpleSerdesTesterBuilder$SimpleSerdesTester] (main) Using consumer configuration: {}
2025-07-31 02:23:20,641 INFO  [io.api.tes.ser.api.KafkaSerdesTester] (Thread-147) Sending message {"key11753928599536": "value-0"} to topic topic-8cac6dc2_32fa_47c5_8b28_2cb8b40065e9
2025-07-31 02:23:20,647 INFO  [org.apa.kaf.cli.Metadata] (kafka-producer-network-thread | Producer-topic-8cac6dc2_32fa_47c5_8b28_2cb8b40065e9) [Producer clientId=Producer-topic-8cac6dc2_32fa_47c5_8b28_2cb8b40065e9] Cluster ID: EeXQRaomRg6j_8npZiTrIA
2025-07-31 02:23:20,649 INFO  [org.apa.kaf.cli.pro.int.TransactionManager] (kafka-producer-network-thread | Producer-topic-8cac6dc2_32fa_47c5_8b28_2cb8b40065e9) [Producer clientId=Producer-topic-8cac6dc2_32fa_47c5_8b28_2cb8b40065e9] ProducerId set to 5 with epoch 0
2025-07-31 02:23:20,765 INFO  [io.api.tes.ser.api.KafkaSerdesTester] (Thread-147) Sending message {"key11753928599536": "value-1"} to topic topic-8cac6dc2_32fa_47c5_8b28_2cb8b40065e9
2025-07-31 02:23:20,768 INFO  [io.api.tes.ser.api.KafkaSerdesTester] (Thread-147) Sending message {"key11753928599536": "value-2"} to topic topic-8cac6dc2_32fa_47c5_8b28_2cb8b40065e9
2025-07-31 02:23:20,771 INFO  [io.api.tes.ser.api.KafkaSerdesTester] (Thread-147) Sending message {"key11753928599536": "value-3"} to topic topic-8cac6dc2_32fa_47c5_8b28_2cb8b40065e9
2025-07-31 02:23:20,773 INFO  [io.api.tes.ser.api.KafkaSerdesTester] (Thread-147) Sending message {"key11753928599536": "value-4"} to topic topic-8cac6dc2_32fa_47c5_8b28_2cb8b40065e9
2025-07-31 02:23:20,775 INFO  [io.api.tes.ser.api.KafkaSerdesTester] (Thread-147) Sending message {"key11753928599536": "value-5"} to topic topic-8cac6dc2_32fa_47c5_8b28_2cb8b40065e9
2025-07-31 02:23:20,777 INFO  [io.api.tes.ser.api.KafkaSerdesTester] (Thread-147) Sending message {"key11753928599536": "value-6"} to topic topic-8cac6dc2_32fa_47c5_8b28_2cb8b40065e9
2025-07-31 02:23:20,779 INFO  [io.api.tes.ser.api.KafkaSerdesTester] (Thread-147) Sending message {"key11753928599536": "value-7"} to topic topic-8cac6dc2_32fa_47c5_8b28_2cb8b40065e9
2025-07-31 02:23:20,781 INFO  [io.api.tes.ser.api.KafkaSerdesTester] (Thread-147) Sending message {"key11753928599536": "value-8"} to topic topic-8cac6dc2_32fa_47c5_8b28_2cb8b40065e9
2025-07-31 02:23:20,783 INFO  [io.api.tes.ser.api.KafkaSerdesTester] (Thread-147) Sending message {"key11753928599536": "value-9"} to topic topic-8cac6dc2_32fa_47c5_8b28_2cb8b40065e9
2025-07-31 02:23:20,785 INFO  [io.api.tes.ser.api.KafkaSerdesTester] (Thread-147) Produced 10 messages
2025-07-31 02:23:20,785 INFO  [org.apa.kaf.cli.pro.KafkaProducer] (Thread-147) [Producer clientId=Producer-topic-8cac6dc2_32fa_47c5_8b28_2cb8b40065e9] Closing the Kafka producer with timeoutMillis = 9223372036854775807 ms.
2025-07-31 02:23:20,787 INFO  [org.apa.kaf.com.met.Metrics] (Thread-147) Metrics scheduler closed
2025-07-31 02:23:20,787 INFO  [org.apa.kaf.com.met.Metrics] (Thread-147) Closing reporter org.apache.kafka.common.metrics.JmxReporter
2025-07-31 02:23:20,787 INFO  [org.apa.kaf.com.met.Metrics] (Thread-147) Closing reporter org.apache.kafka.common.telemetry.internals.ClientTelemetryReporter
2025-07-31 02:23:20,788 INFO  [org.apa.kaf.com.met.Metrics] (Thread-147) Metrics reporters closed
2025-07-31 02:23:20,788 INFO  [org.apa.kaf.com.uti.AppInfoParser] (Thread-147) App info kafka.producer for Producer-topic-8cac6dc2_32fa_47c5_8b28_2cb8b40065e9 unregistered
2025-07-31 02:23:20,788 INFO  [org.apa.kaf.cli.con.ConsumerConfig] (main) ConsumerConfig values: 
	allow.auto.create.topics = true
	auto.commit.interval.ms = 500
	auto.include.jmx.reporter = true
	auto.offset.reset = earliest
	bootstrap.servers = [PLAINTEXT://localhost:32770]
	check.crcs = true
	client.dns.lookup = use_all_dns_ips
	client.id = consumer-Consumer-topic-8cac6dc2_32fa_47c5_8b28_2cb8b40065e9-5
	client.rack = 
	connections.max.idle.ms = 10000
	default.api.timeout.ms = 60000
	enable.auto.commit = true
	enable.metrics.push = true
	exclude.internal.topics = true
	fetch.max.bytes = 52428800
	fetch.max.wait.ms = 500
	fetch.min.bytes = 1
	group.id = Consumer-topic-8cac6dc2_32fa_47c5_8b28_2cb8b40065e9
	group.instance.id = null
	group.protocol = classic
	group.remote.assignor = null
	heartbeat.interval.ms = 3000
	interceptor.classes = []
	internal.leave.group.on.close = true
	internal.throw.on.fetch.stable.offset.unsupported = false
	isolation.level = read_uncommitted
	key.deserializer = class org.apache.kafka.common.serialization.StringDeserializer
	max.partition.fetch.bytes = 1048576
	max.poll.interval.ms = 300000
	max.poll.records = 500
	metadata.max.age.ms = 300000
	metadata.recovery.strategy = none
	metric.reporters = []
	metrics.num.samples = 2
	metrics.recording.level = INFO
	metrics.sample.window.ms = 30000
	partition.assignment.strategy = [class org.apache.kafka.clients.consumer.RangeAssignor, class org.apache.kafka.clients.consumer.CooperativeStickyAssignor]
	receive.buffer.bytes = 65536
	reconnect.backoff.max.ms = 1000
	reconnect.backoff.ms = 50
	request.timeout.ms = 5000
	retry.backoff.max.ms = 1000
	retry.backoff.ms = 100
	sasl.client.callback.handler.class = null
	sasl.jaas.config = null
	sasl.kerberos.kinit.cmd = /usr/bin/kinit
	sasl.kerberos.min.time.before.relogin = 60000
	sasl.kerberos.service.name = null
	sasl.kerberos.ticket.renew.jitter = 0.05
	sasl.kerberos.ticket.renew.window.factor = 0.8
	sasl.login.callback.handler.class = null
	sasl.login.class = null
	sasl.login.connect.timeout.ms = null
	sasl.login.read.timeout.ms = null
	sasl.login.refresh.buffer.seconds = 300
	sasl.login.refresh.min.period.seconds = 60
	sasl.login.refresh.window.factor = 0.8
	sasl.login.refresh.window.jitter = 0.05
	sasl.login.retry.backoff.max.ms = 10000
	sasl.login.retry.backoff.ms = 100
	sasl.mechanism = GSSAPI
	sasl.oauthbearer.clock.skew.seconds = 30
	sasl.oauthbearer.expected.audience = null
	sasl.oauthbearer.expected.issuer = null
	sasl.oauthbearer.header.urlencode = false
	sasl.oauthbearer.jwks.endpoint.refresh.ms = 3600000
	sasl.oauthbearer.jwks.endpoint.retry.backoff.max.ms = 10000
	sasl.oauthbearer.jwks.endpoint.retry.backoff.ms = 100
	sasl.oauthbearer.jwks.endpoint.url = null
	sasl.oauthbearer.scope.claim.name = scope
	sasl.oauthbearer.sub.claim.name = sub
	sasl.oauthbearer.token.endpoint.url = null
	security.protocol = PLAINTEXT
	security.providers = null
	send.buffer.bytes = 131072
	session.timeout.ms = 45000
	socket.connection.setup.timeout.max.ms = 30000
	socket.connection.setup.timeout.ms = 10000
	ssl.cipher.suites = null
	ssl.enabled.protocols = [TLSv1.2, TLSv1.3]
	ssl.endpoint.identification.algorithm = https
	ssl.engine.factory.class = null
	ssl.key.password = null
	ssl.keymanager.algorithm = SunX509
	ssl.keystore.certificate.chain = null
	ssl.keystore.key = null
	ssl.keystore.location = null
	ssl.keystore.password = null
	ssl.keystore.type = JKS
	ssl.protocol = TLSv1.3
	ssl.provider = null
	ssl.secure.random.implementation = null
	ssl.trustmanager.algorithm = PKIX
	ssl.truststore.certificates = null
	ssl.truststore.location = null
	ssl.truststore.password = null
	ssl.truststore.type = JKS
	value.deserializer = class io.apicurio.registry.serde.avro.AvroKafkaDeserializer

2025-07-31 02:23:20,789 INFO  [org.apa.kaf.com.tel.int.KafkaMetricsCollector] (main) initializing Kafka metrics collector
2025-07-31 02:23:20,798 INFO  [org.apa.kaf.cli.con.ConsumerConfig] (main) These configurations '[apicurio.registry.url]' were supplied but are not used yet.
2025-07-31 02:23:20,798 INFO  [org.apa.kaf.com.uti.AppInfoParser] (main) Kafka version: 3.9.0
2025-07-31 02:23:20,798 INFO  [org.apa.kaf.com.uti.AppInfoParser] (main) Kafka commitId: 84caaa6e9da06435
2025-07-31 02:23:20,798 INFO  [org.apa.kaf.com.uti.AppInfoParser] (main) Kafka startTimeMs: 1753928600798
2025-07-31 02:23:20,798 INFO  [org.apa.kaf.cli.con.int.ClassicKafkaConsumer] (Thread-150) [Consumer clientId=consumer-Consumer-topic-8cac6dc2_32fa_47c5_8b28_2cb8b40065e9-5, groupId=Consumer-topic-8cac6dc2_32fa_47c5_8b28_2cb8b40065e9] Subscribed to topic(s): topic-8cac6dc2_32fa_47c5_8b28_2cb8b40065e9
2025-07-31 02:23:20,808 INFO  [org.apa.kaf.cli.Metadata] (Thread-150) [Consumer clientId=consumer-Consumer-topic-8cac6dc2_32fa_47c5_8b28_2cb8b40065e9-5, groupId=Consumer-topic-8cac6dc2_32fa_47c5_8b28_2cb8b40065e9] Cluster ID: EeXQRaomRg6j_8npZiTrIA
2025-07-31 02:23:20,811 INFO  [org.apa.kaf.cli.con.int.ConsumerCoordinator] (Thread-150) [Consumer clientId=consumer-Consumer-topic-8cac6dc2_32fa_47c5_8b28_2cb8b40065e9-5, groupId=Consumer-topic-8cac6dc2_32fa_47c5_8b28_2cb8b40065e9] Discovered group coordinator localhost:32770 (id: 2147483647 rack: null)
2025-07-31 02:23:20,813 INFO  [org.apa.kaf.cli.con.int.ConsumerCoordinator] (Thread-150) [Consumer clientId=consumer-Consumer-topic-8cac6dc2_32fa_47c5_8b28_2cb8b40065e9-5, groupId=Consumer-topic-8cac6dc2_32fa_47c5_8b28_2cb8b40065e9] (Re-)joining group
2025-07-31 02:23:20,821 INFO  [org.apa.kaf.cli.con.int.ConsumerCoordinator] (Thread-150) [Consumer clientId=consumer-Consumer-topic-8cac6dc2_32fa_47c5_8b28_2cb8b40065e9-5, groupId=Consumer-topic-8cac6dc2_32fa_47c5_8b28_2cb8b40065e9] Request joining group due to: need to re-join with the given member-id: consumer-Consumer-topic-8cac6dc2_32fa_47c5_8b28_2cb8b40065e9-5-aff13c62-50c0-4d3b-8db5-764149b951d7
2025-07-31 02:23:20,821 INFO  [org.apa.kaf.cli.con.int.ConsumerCoordinator] (Thread-150) [Consumer clientId=consumer-Consumer-topic-8cac6dc2_32fa_47c5_8b28_2cb8b40065e9-5, groupId=Consumer-topic-8cac6dc2_32fa_47c5_8b28_2cb8b40065e9] (Re-)joining group
2025-07-31 02:23:20,826 INFO  [org.apa.kaf.cli.con.int.ConsumerCoordinator] (Thread-150) [Consumer clientId=consumer-Consumer-topic-8cac6dc2_32fa_47c5_8b28_2cb8b40065e9-5, groupId=Consumer-topic-8cac6dc2_32fa_47c5_8b28_2cb8b40065e9] Successfully joined group with generation Generation{generationId=1, memberId='consumer-Consumer-topic-8cac6dc2_32fa_47c5_8b28_2cb8b40065e9-5-aff13c62-50c0-4d3b-8db5-764149b951d7', protocol='range'}
2025-07-31 02:23:20,826 INFO  [org.apa.kaf.cli.con.int.ConsumerCoordinator] (Thread-150) [Consumer clientId=consumer-Consumer-topic-8cac6dc2_32fa_47c5_8b28_2cb8b40065e9-5, groupId=Consumer-topic-8cac6dc2_32fa_47c5_8b28_2cb8b40065e9] Finished assignment for group at generation 1: {consumer-Consumer-topic-8cac6dc2_32fa_47c5_8b28_2cb8b40065e9-5-aff13c62-50c0-4d3b-8db5-764149b951d7=Assignment(partitions=[topic-8cac6dc2_32fa_47c5_8b28_2cb8b40065e9-0])}
2025-07-31 02:23:20,832 INFO  [org.apa.kaf.cli.con.int.ConsumerCoordinator] (Thread-150) [Consumer clientId=consumer-Consumer-topic-8cac6dc2_32fa_47c5_8b28_2cb8b40065e9-5, groupId=Consumer-topic-8cac6dc2_32fa_47c5_8b28_2cb8b40065e9] Successfully synced group in generation Generation{generationId=1, memberId='consumer-Consumer-topic-8cac6dc2_32fa_47c5_8b28_2cb8b40065e9-5-aff13c62-50c0-4d3b-8db5-764149b951d7', protocol='range'}
2025-07-31 02:23:20,832 INFO  [org.apa.kaf.cli.con.int.ConsumerCoordinator] (Thread-150) [Consumer clientId=consumer-Consumer-topic-8cac6dc2_32fa_47c5_8b28_2cb8b40065e9-5, groupId=Consumer-topic-8cac6dc2_32fa_47c5_8b28_2cb8b40065e9] Notifying assignor about the new Assignment(partitions=[topic-8cac6dc2_32fa_47c5_8b28_2cb8b40065e9-0])
2025-07-31 02:23:20,832 INFO  [org.apa.kaf.cli.con.int.ConsumerRebalanceListenerInvoker] (Thread-150) [Consumer clientId=consumer-Consumer-topic-8cac6dc2_32fa_47c5_8b28_2cb8b40065e9-5, groupId=Consumer-topic-8cac6dc2_32fa_47c5_8b28_2cb8b40065e9] Adding newly assigned partitions: topic-8cac6dc2_32fa_47c5_8b28_2cb8b40065e9-0
2025-07-31 02:23:20,833 INFO  [org.apa.kaf.cli.con.int.ConsumerCoordinator] (Thread-150) [Consumer clientId=consumer-Consumer-topic-8cac6dc2_32fa_47c5_8b28_2cb8b40065e9-5, groupId=Consumer-topic-8cac6dc2_32fa_47c5_8b28_2cb8b40065e9] Found no committed offset for partition topic-8cac6dc2_32fa_47c5_8b28_2cb8b40065e9-0
2025-07-31 02:23:20,835 INFO  [org.apa.kaf.cli.con.int.SubscriptionState] (Thread-150) [Consumer clientId=consumer-Consumer-topic-8cac6dc2_32fa_47c5_8b28_2cb8b40065e9-5, groupId=Consumer-topic-8cac6dc2_32fa_47c5_8b28_2cb8b40065e9] Resetting offset for partition topic-8cac6dc2_32fa_47c5_8b28_2cb8b40065e9-0 to position FetchPosition{offset=0, offsetEpoch=Optional.empty, currentLeader=LeaderAndEpoch{leader=Optional[localhost:32770 (id: 0 rack: null)], epoch=0}}.
2025-07-31 02:23:20,921 INFO  [io.api.tes.ser.api.KafkaSerdesTester] (Thread-150) topic-8cac6dc2_32fa_47c5_8b28_2cb8b40065e9 0 0 {"key11753928599536": "value-0"}
2025-07-31 02:23:20,921 INFO  [io.api.tes.ser.api.KafkaSerdesTester] (Thread-150) topic-8cac6dc2_32fa_47c5_8b28_2cb8b40065e9 0 1 {"key11753928599536": "value-1"}
2025-07-31 02:23:20,921 INFO  [io.api.tes.ser.api.KafkaSerdesTester] (Thread-150) topic-8cac6dc2_32fa_47c5_8b28_2cb8b40065e9 0 2 {"key11753928599536": "value-2"}
2025-07-31 02:23:20,921 INFO  [io.api.tes.ser.api.KafkaSerdesTester] (Thread-150) topic-8cac6dc2_32fa_47c5_8b28_2cb8b40065e9 0 3 {"key11753928599536": "value-3"}
2025-07-31 02:23:20,921 INFO  [io.api.tes.ser.api.KafkaSerdesTester] (Thread-150) topic-8cac6dc2_32fa_47c5_8b28_2cb8b40065e9 0 4 {"key11753928599536": "value-4"}
2025-07-31 02:23:20,921 INFO  [io.api.tes.ser.api.KafkaSerdesTester] (Thread-150) topic-8cac6dc2_32fa_47c5_8b28_2cb8b40065e9 0 5 {"key11753928599536": "value-5"}
2025-07-31 02:23:20,921 INFO  [io.api.tes.ser.api.KafkaSerdesTester] (Thread-150) topic-8cac6dc2_32fa_47c5_8b28_2cb8b40065e9 0 6 {"key11753928599536": "value-6"}
2025-07-31 02:23:20,921 INFO  [io.api.tes.ser.api.KafkaSerdesTester] (Thread-150) topic-8cac6dc2_32fa_47c5_8b28_2cb8b40065e9 0 7 {"key11753928599536": "value-7"}
2025-07-31 02:23:20,921 INFO  [io.api.tes.ser.api.KafkaSerdesTester] (Thread-150) topic-8cac6dc2_32fa_47c5_8b28_2cb8b40065e9 0 8 {"key11753928599536": "value-8"}
2025-07-31 02:23:20,922 INFO  [io.api.tes.ser.api.KafkaSerdesTester] (Thread-150) topic-8cac6dc2_32fa_47c5_8b28_2cb8b40065e9 0 9 {"key11753928599536": "value-9"}
2025-07-31 02:23:20,922 INFO  [io.api.tes.ser.api.KafkaSerdesTester] (Thread-150) Consumed 10 messages
2025-07-31 02:23:20,924 INFO  [org.apa.kaf.cli.con.int.ConsumerRebalanceListenerInvoker] (Thread-150) [Consumer clientId=consumer-Consumer-topic-8cac6dc2_32fa_47c5_8b28_2cb8b40065e9-5, groupId=Consumer-topic-8cac6dc2_32fa_47c5_8b28_2cb8b40065e9] Revoke previously assigned partitions topic-8cac6dc2_32fa_47c5_8b28_2cb8b40065e9-0
2025-07-31 02:23:20,924 INFO  [org.apa.kaf.cli.con.int.ConsumerCoordinator] (Thread-150) [Consumer clientId=consumer-Consumer-topic-8cac6dc2_32fa_47c5_8b28_2cb8b40065e9-5, groupId=Consumer-topic-8cac6dc2_32fa_47c5_8b28_2cb8b40065e9] Member consumer-Consumer-topic-8cac6dc2_32fa_47c5_8b28_2cb8b40065e9-5-aff13c62-50c0-4d3b-8db5-764149b951d7 sending LeaveGroup request to coordinator localhost:32770 (id: 2147483647 rack: null) due to the consumer is being closed
2025-07-31 02:23:20,925 INFO  [org.apa.kaf.cli.con.int.ConsumerCoordinator] (Thread-150) [Consumer clientId=consumer-Consumer-topic-8cac6dc2_32fa_47c5_8b28_2cb8b40065e9-5, groupId=Consumer-topic-8cac6dc2_32fa_47c5_8b28_2cb8b40065e9] Resetting generation and member id due to: consumer pro-actively leaving the group
2025-07-31 02:23:20,925 INFO  [org.apa.kaf.cli.con.int.ConsumerCoordinator] (Thread-150) [Consumer clientId=consumer-Consumer-topic-8cac6dc2_32fa_47c5_8b28_2cb8b40065e9-5, groupId=Consumer-topic-8cac6dc2_32fa_47c5_8b28_2cb8b40065e9] Request joining group due to: consumer pro-actively leaving the group
2025-07-31 02:23:21,424 INFO  [org.apa.kaf.com.met.Metrics] (Thread-150) Metrics scheduler closed
2025-07-31 02:23:21,425 INFO  [org.apa.kaf.com.met.Metrics] (Thread-150) Closing reporter org.apache.kafka.common.metrics.JmxReporter
2025-07-31 02:23:21,425 INFO  [org.apa.kaf.com.met.Metrics] (Thread-150) Closing reporter org.apache.kafka.common.telemetry.internals.ClientTelemetryReporter
2025-07-31 02:23:21,425 INFO  [org.apa.kaf.com.met.Metrics] (Thread-150) Metrics reporters closed
2025-07-31 02:23:21,428 INFO  [org.apa.kaf.com.uti.AppInfoParser] (Thread-150) App info kafka.consumer for consumer-Consumer-topic-8cac6dc2_32fa_47c5_8b28_2cb8b40065e9-5 unregistered
2025-07-31 02:23:21,428 INFO  [io.api.tes.uti.TestSeparator] (main) io.apicurio.tests.serdes.apicurio.AvroSerdeIT.testRecordIdStrategydFindLatest-FINISHED
2025-07-31 02:23:21,428 INFO  [io.api.tes.uti.TestSeparator] (main) ############################################################################
]]></system-out>
  </testcase>
  <testcase name="testReflectAutoRegister" classname="io.apicurio.tests.serdes.apicurio.AvroSerdeIT" time="1.015">
    <system-out><![CDATA[2025-07-31 02:23:21,434 INFO  [io.api.tes.uti.TestSeparator] (main) ############################################################################
2025-07-31 02:23:21,435 INFO  [io.api.tes.uti.TestSeparator] (main) io.apicurio.tests.serdes.apicurio.AvroSerdeIT.testReflectAutoRegister-STARTED
2025-07-31 02:23:21,440 INFO  [org.apa.kaf.cli.pro.ProducerConfig] (main) ProducerConfig values: 
	acks = -1
	auto.include.jmx.reporter = true
	batch.size = 16384
	bootstrap.servers = [PLAINTEXT://localhost:32770]
	buffer.memory = 33554432
	client.dns.lookup = use_all_dns_ips
	client.id = Producer-topic-40c63993_0643_4db8_a6f3_2543ab0ff43c
	compression.gzip.level = -1
	compression.lz4.level = 9
	compression.type = none
	compression.zstd.level = 3
	connections.max.idle.ms = 10000
	delivery.timeout.ms = 120000
	enable.idempotence = true
	enable.metrics.push = true
	interceptor.classes = []
	key.serializer = class org.apache.kafka.common.serialization.StringSerializer
	linger.ms = 0
	max.block.ms = 60000
	max.in.flight.requests.per.connection = 5
	max.request.size = 1048576
	metadata.max.age.ms = 300000
	metadata.max.idle.ms = 300000
	metadata.recovery.strategy = none
	metric.reporters = []
	metrics.num.samples = 2
	metrics.recording.level = INFO
	metrics.sample.window.ms = 30000
	partitioner.adaptive.partitioning.enable = true
	partitioner.availability.timeout.ms = 0
	partitioner.class = null
	partitioner.ignore.keys = false
	receive.buffer.bytes = 32768
	reconnect.backoff.max.ms = 1000
	reconnect.backoff.ms = 50
	request.timeout.ms = 5000
	retries = 2147483647
	retry.backoff.max.ms = 1000
	retry.backoff.ms = 100
	sasl.client.callback.handler.class = null
	sasl.jaas.config = null
	sasl.kerberos.kinit.cmd = /usr/bin/kinit
	sasl.kerberos.min.time.before.relogin = 60000
	sasl.kerberos.service.name = null
	sasl.kerberos.ticket.renew.jitter = 0.05
	sasl.kerberos.ticket.renew.window.factor = 0.8
	sasl.login.callback.handler.class = null
	sasl.login.class = null
	sasl.login.connect.timeout.ms = null
	sasl.login.read.timeout.ms = null
	sasl.login.refresh.buffer.seconds = 300
	sasl.login.refresh.min.period.seconds = 60
	sasl.login.refresh.window.factor = 0.8
	sasl.login.refresh.window.jitter = 0.05
	sasl.login.retry.backoff.max.ms = 10000
	sasl.login.retry.backoff.ms = 100
	sasl.mechanism = GSSAPI
	sasl.oauthbearer.clock.skew.seconds = 30
	sasl.oauthbearer.expected.audience = null
	sasl.oauthbearer.expected.issuer = null
	sasl.oauthbearer.header.urlencode = false
	sasl.oauthbearer.jwks.endpoint.refresh.ms = 3600000
	sasl.oauthbearer.jwks.endpoint.retry.backoff.max.ms = 10000
	sasl.oauthbearer.jwks.endpoint.retry.backoff.ms = 100
	sasl.oauthbearer.jwks.endpoint.url = null
	sasl.oauthbearer.scope.claim.name = scope
	sasl.oauthbearer.sub.claim.name = sub
	sasl.oauthbearer.token.endpoint.url = null
	security.protocol = PLAINTEXT
	security.providers = null
	send.buffer.bytes = 131072
	socket.connection.setup.timeout.max.ms = 30000
	socket.connection.setup.timeout.ms = 10000
	ssl.cipher.suites = null
	ssl.enabled.protocols = [TLSv1.2, TLSv1.3]
	ssl.endpoint.identification.algorithm = https
	ssl.engine.factory.class = null
	ssl.key.password = null
	ssl.keymanager.algorithm = SunX509
	ssl.keystore.certificate.chain = null
	ssl.keystore.key = null
	ssl.keystore.location = null
	ssl.keystore.password = null
	ssl.keystore.type = JKS
	ssl.protocol = TLSv1.3
	ssl.provider = null
	ssl.secure.random.implementation = null
	ssl.trustmanager.algorithm = PKIX
	ssl.truststore.certificates = null
	ssl.truststore.location = null
	ssl.truststore.password = null
	ssl.truststore.type = JKS
	transaction.timeout.ms = 60000
	transactional.id = null
	value.serializer = class io.apicurio.registry.serde.avro.AvroKafkaSerializer

2025-07-31 02:23:21,440 INFO  [org.apa.kaf.com.tel.int.KafkaMetricsCollector] (main) initializing Kafka metrics collector
2025-07-31 02:23:21,463 INFO  [org.apa.kaf.cli.pro.KafkaProducer] (main) [Producer clientId=Producer-topic-40c63993_0643_4db8_a6f3_2543ab0ff43c] Instantiated an idempotent producer.
2025-07-31 02:23:21,470 INFO  [org.apa.kaf.cli.pro.ProducerConfig] (main) These configurations '[apicurio.registry.url, apicurio.registry.auto-register, apicurio.registry.artifact-resolver-strategy, apicurio.registry.avro-datum-provider]' were supplied but are not used yet.
2025-07-31 02:23:21,471 INFO  [org.apa.kaf.com.uti.AppInfoParser] (main) Kafka version: 3.9.0
2025-07-31 02:23:21,471 INFO  [org.apa.kaf.com.uti.AppInfoParser] (main) Kafka commitId: 84caaa6e9da06435
2025-07-31 02:23:21,471 INFO  [org.apa.kaf.com.uti.AppInfoParser] (main) Kafka startTimeMs: 1753928601470
2025-07-31 02:23:21,471 INFO  [io.api.tes.ser.api.SimpleSerdesTesterBuilder$SimpleSerdesTester] (main) Using producer configuration: {apicurio.registry.url=http://registry-app-mysql.apps.ci419.apicurio-testing.org:80/apis/registry/v3, apicurio.registry.auto-register=true, apicurio.registry.artifact-resolver-strategy=io.apicurio.registry.serde.strategy.TopicIdStrategy, value.serializer=io.apicurio.registry.serde.avro.AvroKafkaSerializer, request.timeout.ms=5000, acks=all, bootstrap.servers=PLAINTEXT://localhost:32770, connections.max.idle.ms=10000, key.serializer=org.apache.kafka.common.serialization.StringSerializer, apicurio.registry.avro-datum-provider=io.apicurio.registry.serde.avro.ReflectAvroDatumProvider, client.id=Producer-topic-40c63993_0643_4db8_a6f3_2543ab0ff43c}
2025-07-31 02:23:21,471 INFO  [io.api.tes.ser.api.SimpleSerdesTesterBuilder$SimpleSerdesTester] (main) Using consumer configuration: {apicurio.registry.avro-datum-provider=io.apicurio.registry.serde.avro.ReflectAvroDatumProvider}
2025-07-31 02:23:21,473 INFO  [io.api.tes.ser.api.KafkaSerdesTester] (Thread-153) Sending message io.apicurio.tests.common.serdes.TestObject@3dbd29cb to topic topic-40c63993_0643_4db8_a6f3_2543ab0ff43c
2025-07-31 02:23:21,487 WARN  [org.apa.kaf.cli.NetworkClient] (kafka-producer-network-thread | Producer-topic-40c63993_0643_4db8_a6f3_2543ab0ff43c) [Producer clientId=Producer-topic-40c63993_0643_4db8_a6f3_2543ab0ff43c] The metadata response from the cluster reported a recoverable issue with correlation id 2 : {topic-40c63993_0643_4db8_a6f3_2543ab0ff43c=LEADER_NOT_AVAILABLE}
2025-07-31 02:23:21,487 INFO  [org.apa.kaf.cli.Metadata] (kafka-producer-network-thread | Producer-topic-40c63993_0643_4db8_a6f3_2543ab0ff43c) [Producer clientId=Producer-topic-40c63993_0643_4db8_a6f3_2543ab0ff43c] Cluster ID: EeXQRaomRg6j_8npZiTrIA
2025-07-31 02:23:21,491 INFO  [org.apa.kaf.cli.pro.int.TransactionManager] (kafka-producer-network-thread | Producer-topic-40c63993_0643_4db8_a6f3_2543ab0ff43c) [Producer clientId=Producer-topic-40c63993_0643_4db8_a6f3_2543ab0ff43c] ProducerId set to 6 with epoch 0
2025-07-31 02:23:21,713 INFO  [io.api.tes.ser.api.KafkaSerdesTester] (Thread-153) Sending message io.apicurio.tests.common.serdes.TestObject@3dbd29cb to topic topic-40c63993_0643_4db8_a6f3_2543ab0ff43c
2025-07-31 02:23:21,715 INFO  [io.api.tes.ser.api.KafkaSerdesTester] (Thread-153) Sending message io.apicurio.tests.common.serdes.TestObject@3dbd29cb to topic topic-40c63993_0643_4db8_a6f3_2543ab0ff43c
2025-07-31 02:23:21,717 INFO  [io.api.tes.ser.api.KafkaSerdesTester] (Thread-153) Sending message io.apicurio.tests.common.serdes.TestObject@3dbd29cb to topic topic-40c63993_0643_4db8_a6f3_2543ab0ff43c
2025-07-31 02:23:21,722 INFO  [io.api.tes.ser.api.KafkaSerdesTester] (Thread-153) Sending message io.apicurio.tests.common.serdes.TestObject@3dbd29cb to topic topic-40c63993_0643_4db8_a6f3_2543ab0ff43c
2025-07-31 02:23:21,726 INFO  [io.api.tes.ser.api.KafkaSerdesTester] (Thread-153) Sending message io.apicurio.tests.common.serdes.TestObject@3dbd29cb to topic topic-40c63993_0643_4db8_a6f3_2543ab0ff43c
2025-07-31 02:23:21,728 INFO  [io.api.tes.ser.api.KafkaSerdesTester] (Thread-153) Sending message io.apicurio.tests.common.serdes.TestObject@3dbd29cb to topic topic-40c63993_0643_4db8_a6f3_2543ab0ff43c
2025-07-31 02:23:21,730 INFO  [io.api.tes.ser.api.KafkaSerdesTester] (Thread-153) Sending message io.apicurio.tests.common.serdes.TestObject@3dbd29cb to topic topic-40c63993_0643_4db8_a6f3_2543ab0ff43c
2025-07-31 02:23:21,732 INFO  [io.api.tes.ser.api.KafkaSerdesTester] (Thread-153) Sending message io.apicurio.tests.common.serdes.TestObject@3dbd29cb to topic topic-40c63993_0643_4db8_a6f3_2543ab0ff43c
2025-07-31 02:23:21,734 INFO  [io.api.tes.ser.api.KafkaSerdesTester] (Thread-153) Sending message io.apicurio.tests.common.serdes.TestObject@3dbd29cb to topic topic-40c63993_0643_4db8_a6f3_2543ab0ff43c
2025-07-31 02:23:21,735 INFO  [io.api.tes.ser.api.KafkaSerdesTester] (Thread-153) Produced 10 messages
2025-07-31 02:23:21,735 INFO  [org.apa.kaf.cli.pro.KafkaProducer] (Thread-153) [Producer clientId=Producer-topic-40c63993_0643_4db8_a6f3_2543ab0ff43c] Closing the Kafka producer with timeoutMillis = 9223372036854775807 ms.
2025-07-31 02:23:21,738 INFO  [org.apa.kaf.com.met.Metrics] (Thread-153) Metrics scheduler closed
2025-07-31 02:23:21,738 INFO  [org.apa.kaf.com.met.Metrics] (Thread-153) Closing reporter org.apache.kafka.common.metrics.JmxReporter
2025-07-31 02:23:21,738 INFO  [org.apa.kaf.com.met.Metrics] (Thread-153) Closing reporter org.apache.kafka.common.telemetry.internals.ClientTelemetryReporter
2025-07-31 02:23:21,739 INFO  [org.apa.kaf.com.met.Metrics] (Thread-153) Metrics reporters closed
2025-07-31 02:23:21,739 INFO  [org.apa.kaf.com.uti.AppInfoParser] (Thread-153) App info kafka.producer for Producer-topic-40c63993_0643_4db8_a6f3_2543ab0ff43c unregistered
2025-07-31 02:23:21,801 INFO  [org.apa.kaf.cli.con.ConsumerConfig] (main) ConsumerConfig values: 
	allow.auto.create.topics = true
	auto.commit.interval.ms = 500
	auto.include.jmx.reporter = true
	auto.offset.reset = earliest
	bootstrap.servers = [PLAINTEXT://localhost:32770]
	check.crcs = true
	client.dns.lookup = use_all_dns_ips
	client.id = consumer-Consumer-topic-40c63993_0643_4db8_a6f3_2543ab0ff43c-6
	client.rack = 
	connections.max.idle.ms = 10000
	default.api.timeout.ms = 60000
	enable.auto.commit = true
	enable.metrics.push = true
	exclude.internal.topics = true
	fetch.max.bytes = 52428800
	fetch.max.wait.ms = 500
	fetch.min.bytes = 1
	group.id = Consumer-topic-40c63993_0643_4db8_a6f3_2543ab0ff43c
	group.instance.id = null
	group.protocol = classic
	group.remote.assignor = null
	heartbeat.interval.ms = 3000
	interceptor.classes = []
	internal.leave.group.on.close = true
	internal.throw.on.fetch.stable.offset.unsupported = false
	isolation.level = read_uncommitted
	key.deserializer = class org.apache.kafka.common.serialization.StringDeserializer
	max.partition.fetch.bytes = 1048576
	max.poll.interval.ms = 300000
	max.poll.records = 500
	metadata.max.age.ms = 300000
	metadata.recovery.strategy = none
	metric.reporters = []
	metrics.num.samples = 2
	metrics.recording.level = INFO
	metrics.sample.window.ms = 30000
	partition.assignment.strategy = [class org.apache.kafka.clients.consumer.RangeAssignor, class org.apache.kafka.clients.consumer.CooperativeStickyAssignor]
	receive.buffer.bytes = 65536
	reconnect.backoff.max.ms = 1000
	reconnect.backoff.ms = 50
	request.timeout.ms = 5000
	retry.backoff.max.ms = 1000
	retry.backoff.ms = 100
	sasl.client.callback.handler.class = null
	sasl.jaas.config = null
	sasl.kerberos.kinit.cmd = /usr/bin/kinit
	sasl.kerberos.min.time.before.relogin = 60000
	sasl.kerberos.service.name = null
	sasl.kerberos.ticket.renew.jitter = 0.05
	sasl.kerberos.ticket.renew.window.factor = 0.8
	sasl.login.callback.handler.class = null
	sasl.login.class = null
	sasl.login.connect.timeout.ms = null
	sasl.login.read.timeout.ms = null
	sasl.login.refresh.buffer.seconds = 300
	sasl.login.refresh.min.period.seconds = 60
	sasl.login.refresh.window.factor = 0.8
	sasl.login.refresh.window.jitter = 0.05
	sasl.login.retry.backoff.max.ms = 10000
	sasl.login.retry.backoff.ms = 100
	sasl.mechanism = GSSAPI
	sasl.oauthbearer.clock.skew.seconds = 30
	sasl.oauthbearer.expected.audience = null
	sasl.oauthbearer.expected.issuer = null
	sasl.oauthbearer.header.urlencode = false
	sasl.oauthbearer.jwks.endpoint.refresh.ms = 3600000
	sasl.oauthbearer.jwks.endpoint.retry.backoff.max.ms = 10000
	sasl.oauthbearer.jwks.endpoint.retry.backoff.ms = 100
	sasl.oauthbearer.jwks.endpoint.url = null
	sasl.oauthbearer.scope.claim.name = scope
	sasl.oauthbearer.sub.claim.name = sub
	sasl.oauthbearer.token.endpoint.url = null
	security.protocol = PLAINTEXT
	security.providers = null
	send.buffer.bytes = 131072
	session.timeout.ms = 45000
	socket.connection.setup.timeout.max.ms = 30000
	socket.connection.setup.timeout.ms = 10000
	ssl.cipher.suites = null
	ssl.enabled.protocols = [TLSv1.2, TLSv1.3]
	ssl.endpoint.identification.algorithm = https
	ssl.engine.factory.class = null
	ssl.key.password = null
	ssl.keymanager.algorithm = SunX509
	ssl.keystore.certificate.chain = null
	ssl.keystore.key = null
	ssl.keystore.location = null
	ssl.keystore.password = null
	ssl.keystore.type = JKS
	ssl.protocol = TLSv1.3
	ssl.provider = null
	ssl.secure.random.implementation = null
	ssl.trustmanager.algorithm = PKIX
	ssl.truststore.certificates = null
	ssl.truststore.location = null
	ssl.truststore.password = null
	ssl.truststore.type = JKS
	value.deserializer = class io.apicurio.registry.serde.avro.AvroKafkaDeserializer

2025-07-31 02:23:21,802 INFO  [org.apa.kaf.com.tel.int.KafkaMetricsCollector] (main) initializing Kafka metrics collector
2025-07-31 02:23:21,808 INFO  [org.apa.kaf.cli.con.ConsumerConfig] (main) These configurations '[apicurio.registry.url, apicurio.registry.avro-datum-provider]' were supplied but are not used yet.
2025-07-31 02:23:21,808 INFO  [org.apa.kaf.com.uti.AppInfoParser] (main) Kafka version: 3.9.0
2025-07-31 02:23:21,808 INFO  [org.apa.kaf.com.uti.AppInfoParser] (main) Kafka commitId: 84caaa6e9da06435
2025-07-31 02:23:21,808 INFO  [org.apa.kaf.com.uti.AppInfoParser] (main) Kafka startTimeMs: 1753928601808
2025-07-31 02:23:21,808 INFO  [org.apa.kaf.cli.con.int.ClassicKafkaConsumer] (Thread-156) [Consumer clientId=consumer-Consumer-topic-40c63993_0643_4db8_a6f3_2543ab0ff43c-6, groupId=Consumer-topic-40c63993_0643_4db8_a6f3_2543ab0ff43c] Subscribed to topic(s): topic-40c63993_0643_4db8_a6f3_2543ab0ff43c
2025-07-31 02:23:21,819 INFO  [org.apa.kaf.cli.Metadata] (Thread-156) [Consumer clientId=consumer-Consumer-topic-40c63993_0643_4db8_a6f3_2543ab0ff43c-6, groupId=Consumer-topic-40c63993_0643_4db8_a6f3_2543ab0ff43c] Cluster ID: EeXQRaomRg6j_8npZiTrIA
2025-07-31 02:23:21,820 INFO  [org.apa.kaf.cli.con.int.ConsumerCoordinator] (Thread-156) [Consumer clientId=consumer-Consumer-topic-40c63993_0643_4db8_a6f3_2543ab0ff43c-6, groupId=Consumer-topic-40c63993_0643_4db8_a6f3_2543ab0ff43c] Discovered group coordinator localhost:32770 (id: 2147483647 rack: null)
2025-07-31 02:23:21,822 INFO  [org.apa.kaf.cli.con.int.ConsumerCoordinator] (Thread-156) [Consumer clientId=consumer-Consumer-topic-40c63993_0643_4db8_a6f3_2543ab0ff43c-6, groupId=Consumer-topic-40c63993_0643_4db8_a6f3_2543ab0ff43c] (Re-)joining group
2025-07-31 02:23:21,829 INFO  [org.apa.kaf.cli.con.int.ConsumerCoordinator] (Thread-156) [Consumer clientId=consumer-Consumer-topic-40c63993_0643_4db8_a6f3_2543ab0ff43c-6, groupId=Consumer-topic-40c63993_0643_4db8_a6f3_2543ab0ff43c] Request joining group due to: need to re-join with the given member-id: consumer-Consumer-topic-40c63993_0643_4db8_a6f3_2543ab0ff43c-6-90f46a75-3bdb-4e71-b48f-35ab6e8ff3bd
2025-07-31 02:23:21,829 INFO  [org.apa.kaf.cli.con.int.ConsumerCoordinator] (Thread-156) [Consumer clientId=consumer-Consumer-topic-40c63993_0643_4db8_a6f3_2543ab0ff43c-6, groupId=Consumer-topic-40c63993_0643_4db8_a6f3_2543ab0ff43c] (Re-)joining group
2025-07-31 02:23:21,834 INFO  [org.apa.kaf.cli.con.int.ConsumerCoordinator] (Thread-156) [Consumer clientId=consumer-Consumer-topic-40c63993_0643_4db8_a6f3_2543ab0ff43c-6, groupId=Consumer-topic-40c63993_0643_4db8_a6f3_2543ab0ff43c] Successfully joined group with generation Generation{generationId=1, memberId='consumer-Consumer-topic-40c63993_0643_4db8_a6f3_2543ab0ff43c-6-90f46a75-3bdb-4e71-b48f-35ab6e8ff3bd', protocol='range'}
2025-07-31 02:23:21,835 INFO  [org.apa.kaf.cli.con.int.ConsumerCoordinator] (Thread-156) [Consumer clientId=consumer-Consumer-topic-40c63993_0643_4db8_a6f3_2543ab0ff43c-6, groupId=Consumer-topic-40c63993_0643_4db8_a6f3_2543ab0ff43c] Finished assignment for group at generation 1: {consumer-Consumer-topic-40c63993_0643_4db8_a6f3_2543ab0ff43c-6-90f46a75-3bdb-4e71-b48f-35ab6e8ff3bd=Assignment(partitions=[topic-40c63993_0643_4db8_a6f3_2543ab0ff43c-0])}
2025-07-31 02:23:21,839 INFO  [org.apa.kaf.cli.con.int.ConsumerCoordinator] (Thread-156) [Consumer clientId=consumer-Consumer-topic-40c63993_0643_4db8_a6f3_2543ab0ff43c-6, groupId=Consumer-topic-40c63993_0643_4db8_a6f3_2543ab0ff43c] Successfully synced group in generation Generation{generationId=1, memberId='consumer-Consumer-topic-40c63993_0643_4db8_a6f3_2543ab0ff43c-6-90f46a75-3bdb-4e71-b48f-35ab6e8ff3bd', protocol='range'}
2025-07-31 02:23:21,840 INFO  [org.apa.kaf.cli.con.int.ConsumerCoordinator] (Thread-156) [Consumer clientId=consumer-Consumer-topic-40c63993_0643_4db8_a6f3_2543ab0ff43c-6, groupId=Consumer-topic-40c63993_0643_4db8_a6f3_2543ab0ff43c] Notifying assignor about the new Assignment(partitions=[topic-40c63993_0643_4db8_a6f3_2543ab0ff43c-0])
2025-07-31 02:23:21,840 INFO  [org.apa.kaf.cli.con.int.ConsumerRebalanceListenerInvoker] (Thread-156) [Consumer clientId=consumer-Consumer-topic-40c63993_0643_4db8_a6f3_2543ab0ff43c-6, groupId=Consumer-topic-40c63993_0643_4db8_a6f3_2543ab0ff43c] Adding newly assigned partitions: topic-40c63993_0643_4db8_a6f3_2543ab0ff43c-0
2025-07-31 02:23:21,844 INFO  [org.apa.kaf.cli.con.int.ConsumerCoordinator] (Thread-156) [Consumer clientId=consumer-Consumer-topic-40c63993_0643_4db8_a6f3_2543ab0ff43c-6, groupId=Consumer-topic-40c63993_0643_4db8_a6f3_2543ab0ff43c] Found no committed offset for partition topic-40c63993_0643_4db8_a6f3_2543ab0ff43c-0
2025-07-31 02:23:21,846 INFO  [org.apa.kaf.cli.con.int.SubscriptionState] (Thread-156) [Consumer clientId=consumer-Consumer-topic-40c63993_0643_4db8_a6f3_2543ab0ff43c-6, groupId=Consumer-topic-40c63993_0643_4db8_a6f3_2543ab0ff43c] Resetting offset for partition topic-40c63993_0643_4db8_a6f3_2543ab0ff43c-0 to position FetchPosition{offset=0, offsetEpoch=Optional.empty, currentLeader=LeaderAndEpoch{leader=Optional[localhost:32770 (id: 0 rack: null)], epoch=0}}.
2025-07-31 02:23:21,935 INFO  [io.api.tes.ser.api.KafkaSerdesTester] (Thread-156) topic-40c63993_0643_4db8_a6f3_2543ab0ff43c 0 0 io.apicurio.tests.common.serdes.TestObject@3dbd29cb
2025-07-31 02:23:21,935 INFO  [io.api.tes.ser.api.KafkaSerdesTester] (Thread-156) topic-40c63993_0643_4db8_a6f3_2543ab0ff43c 0 1 io.apicurio.tests.common.serdes.TestObject@3dbd29cb
2025-07-31 02:23:21,935 INFO  [io.api.tes.ser.api.KafkaSerdesTester] (Thread-156) topic-40c63993_0643_4db8_a6f3_2543ab0ff43c 0 2 io.apicurio.tests.common.serdes.TestObject@3dbd29cb
2025-07-31 02:23:21,935 INFO  [io.api.tes.ser.api.KafkaSerdesTester] (Thread-156) topic-40c63993_0643_4db8_a6f3_2543ab0ff43c 0 3 io.apicurio.tests.common.serdes.TestObject@3dbd29cb
2025-07-31 02:23:21,935 INFO  [io.api.tes.ser.api.KafkaSerdesTester] (Thread-156) topic-40c63993_0643_4db8_a6f3_2543ab0ff43c 0 4 io.apicurio.tests.common.serdes.TestObject@3dbd29cb
2025-07-31 02:23:21,935 INFO  [io.api.tes.ser.api.KafkaSerdesTester] (Thread-156) topic-40c63993_0643_4db8_a6f3_2543ab0ff43c 0 5 io.apicurio.tests.common.serdes.TestObject@3dbd29cb
2025-07-31 02:23:21,935 INFO  [io.api.tes.ser.api.KafkaSerdesTester] (Thread-156) topic-40c63993_0643_4db8_a6f3_2543ab0ff43c 0 6 io.apicurio.tests.common.serdes.TestObject@3dbd29cb
2025-07-31 02:23:21,935 INFO  [io.api.tes.ser.api.KafkaSerdesTester] (Thread-156) topic-40c63993_0643_4db8_a6f3_2543ab0ff43c 0 7 io.apicurio.tests.common.serdes.TestObject@3dbd29cb
2025-07-31 02:23:21,935 INFO  [io.api.tes.ser.api.KafkaSerdesTester] (Thread-156) topic-40c63993_0643_4db8_a6f3_2543ab0ff43c 0 8 io.apicurio.tests.common.serdes.TestObject@3dbd29cb
2025-07-31 02:23:21,935 INFO  [io.api.tes.ser.api.KafkaSerdesTester] (Thread-156) topic-40c63993_0643_4db8_a6f3_2543ab0ff43c 0 9 io.apicurio.tests.common.serdes.TestObject@3dbd29cb
2025-07-31 02:23:21,935 INFO  [io.api.tes.ser.api.KafkaSerdesTester] (Thread-156) Consumed 10 messages
2025-07-31 02:23:21,938 INFO  [org.apa.kaf.cli.con.int.ConsumerRebalanceListenerInvoker] (Thread-156) [Consumer clientId=consumer-Consumer-topic-40c63993_0643_4db8_a6f3_2543ab0ff43c-6, groupId=Consumer-topic-40c63993_0643_4db8_a6f3_2543ab0ff43c] Revoke previously assigned partitions topic-40c63993_0643_4db8_a6f3_2543ab0ff43c-0
2025-07-31 02:23:21,938 INFO  [org.apa.kaf.cli.con.int.ConsumerCoordinator] (Thread-156) [Consumer clientId=consumer-Consumer-topic-40c63993_0643_4db8_a6f3_2543ab0ff43c-6, groupId=Consumer-topic-40c63993_0643_4db8_a6f3_2543ab0ff43c] Member consumer-Consumer-topic-40c63993_0643_4db8_a6f3_2543ab0ff43c-6-90f46a75-3bdb-4e71-b48f-35ab6e8ff3bd sending LeaveGroup request to coordinator localhost:32770 (id: 2147483647 rack: null) due to the consumer is being closed
2025-07-31 02:23:21,938 INFO  [org.apa.kaf.cli.con.int.ConsumerCoordinator] (Thread-156) [Consumer clientId=consumer-Consumer-topic-40c63993_0643_4db8_a6f3_2543ab0ff43c-6, groupId=Consumer-topic-40c63993_0643_4db8_a6f3_2543ab0ff43c] Resetting generation and member id due to: consumer pro-actively leaving the group
2025-07-31 02:23:21,938 INFO  [org.apa.kaf.cli.con.int.ConsumerCoordinator] (Thread-156) [Consumer clientId=consumer-Consumer-topic-40c63993_0643_4db8_a6f3_2543ab0ff43c-6, groupId=Consumer-topic-40c63993_0643_4db8_a6f3_2543ab0ff43c] Request joining group due to: consumer pro-actively leaving the group
2025-07-31 02:23:22,440 INFO  [org.apa.kaf.com.met.Metrics] (Thread-156) Metrics scheduler closed
2025-07-31 02:23:22,440 INFO  [org.apa.kaf.com.met.Metrics] (Thread-156) Closing reporter org.apache.kafka.common.metrics.JmxReporter
2025-07-31 02:23:22,440 INFO  [org.apa.kaf.com.met.Metrics] (Thread-156) Closing reporter org.apache.kafka.common.telemetry.internals.ClientTelemetryReporter
2025-07-31 02:23:22,440 INFO  [org.apa.kaf.com.met.Metrics] (Thread-156) Metrics reporters closed
2025-07-31 02:23:22,444 INFO  [org.apa.kaf.com.uti.AppInfoParser] (Thread-156) App info kafka.consumer for consumer-Consumer-topic-40c63993_0643_4db8_a6f3_2543ab0ff43c-6 unregistered
2025-07-31 02:23:22,444 INFO  [io.api.tes.uti.TestSeparator] (main) io.apicurio.tests.serdes.apicurio.AvroSerdeIT.testReflectAutoRegister-FINISHED
2025-07-31 02:23:22,444 INFO  [io.api.tes.uti.TestSeparator] (main) ############################################################################
]]></system-out>
  </testcase>
  <testcase name="testArtifactNotFound" classname="io.apicurio.tests.serdes.apicurio.AvroSerdeIT" time="0.249">
    <system-out><![CDATA[2025-07-31 02:23:22,449 INFO  [io.api.tes.uti.TestSeparator] (main) ############################################################################
2025-07-31 02:23:22,449 INFO  [io.api.tes.uti.TestSeparator] (main) io.apicurio.tests.serdes.apicurio.AvroSerdeIT.testArtifactNotFound-STARTED
2025-07-31 02:23:22,450 INFO  [org.apa.kaf.cli.pro.ProducerConfig] (main) ProducerConfig values: 
	acks = -1
	auto.include.jmx.reporter = true
	batch.size = 16384
	bootstrap.servers = [PLAINTEXT://localhost:32770]
	buffer.memory = 33554432
	client.dns.lookup = use_all_dns_ips
	client.id = Producer-sfd2e0e2ex65f0x4af2xa646xf472436e93e2
	compression.gzip.level = -1
	compression.lz4.level = 9
	compression.type = none
	compression.zstd.level = 3
	connections.max.idle.ms = 10000
	delivery.timeout.ms = 120000
	enable.idempotence = true
	enable.metrics.push = true
	interceptor.classes = []
	key.serializer = class org.apache.kafka.common.serialization.StringSerializer
	linger.ms = 0
	max.block.ms = 60000
	max.in.flight.requests.per.connection = 5
	max.request.size = 1048576
	metadata.max.age.ms = 300000
	metadata.max.idle.ms = 300000
	metadata.recovery.strategy = none
	metric.reporters = []
	metrics.num.samples = 2
	metrics.recording.level = INFO
	metrics.sample.window.ms = 30000
	partitioner.adaptive.partitioning.enable = true
	partitioner.availability.timeout.ms = 0
	partitioner.class = null
	partitioner.ignore.keys = false
	receive.buffer.bytes = 32768
	reconnect.backoff.max.ms = 1000
	reconnect.backoff.ms = 50
	request.timeout.ms = 5000
	retries = 2147483647
	retry.backoff.max.ms = 1000
	retry.backoff.ms = 100
	sasl.client.callback.handler.class = null
	sasl.jaas.config = null
	sasl.kerberos.kinit.cmd = /usr/bin/kinit
	sasl.kerberos.min.time.before.relogin = 60000
	sasl.kerberos.service.name = null
	sasl.kerberos.ticket.renew.jitter = 0.05
	sasl.kerberos.ticket.renew.window.factor = 0.8
	sasl.login.callback.handler.class = null
	sasl.login.class = null
	sasl.login.connect.timeout.ms = null
	sasl.login.read.timeout.ms = null
	sasl.login.refresh.buffer.seconds = 300
	sasl.login.refresh.min.period.seconds = 60
	sasl.login.refresh.window.factor = 0.8
	sasl.login.refresh.window.jitter = 0.05
	sasl.login.retry.backoff.max.ms = 10000
	sasl.login.retry.backoff.ms = 100
	sasl.mechanism = GSSAPI
	sasl.oauthbearer.clock.skew.seconds = 30
	sasl.oauthbearer.expected.audience = null
	sasl.oauthbearer.expected.issuer = null
	sasl.oauthbearer.header.urlencode = false
	sasl.oauthbearer.jwks.endpoint.refresh.ms = 3600000
	sasl.oauthbearer.jwks.endpoint.retry.backoff.max.ms = 10000
	sasl.oauthbearer.jwks.endpoint.retry.backoff.ms = 100
	sasl.oauthbearer.jwks.endpoint.url = null
	sasl.oauthbearer.scope.claim.name = scope
	sasl.oauthbearer.sub.claim.name = sub
	sasl.oauthbearer.token.endpoint.url = null
	security.protocol = PLAINTEXT
	security.providers = null
	send.buffer.bytes = 131072
	socket.connection.setup.timeout.max.ms = 30000
	socket.connection.setup.timeout.ms = 10000
	ssl.cipher.suites = null
	ssl.enabled.protocols = [TLSv1.2, TLSv1.3]
	ssl.endpoint.identification.algorithm = https
	ssl.engine.factory.class = null
	ssl.key.password = null
	ssl.keymanager.algorithm = SunX509
	ssl.keystore.certificate.chain = null
	ssl.keystore.key = null
	ssl.keystore.location = null
	ssl.keystore.password = null
	ssl.keystore.type = JKS
	ssl.protocol = TLSv1.3
	ssl.provider = null
	ssl.secure.random.implementation = null
	ssl.trustmanager.algorithm = PKIX
	ssl.truststore.certificates = null
	ssl.truststore.location = null
	ssl.truststore.password = null
	ssl.truststore.type = JKS
	transaction.timeout.ms = 60000
	transactional.id = null
	value.serializer = class io.apicurio.registry.serde.avro.AvroKafkaSerializer

2025-07-31 02:23:22,451 INFO  [org.apa.kaf.com.tel.int.KafkaMetricsCollector] (main) initializing Kafka metrics collector
2025-07-31 02:23:22,456 INFO  [org.apa.kaf.cli.pro.KafkaProducer] (main) [Producer clientId=Producer-sfd2e0e2ex65f0x4af2xa646xf472436e93e2] Instantiated an idempotent producer.
2025-07-31 02:23:22,465 INFO  [org.apa.kaf.cli.pro.ProducerConfig] (main) These configurations '[apicurio.registry.url, apicurio.registry.artifact-resolver-strategy]' were supplied but are not used yet.
2025-07-31 02:23:22,465 INFO  [org.apa.kaf.com.uti.AppInfoParser] (main) Kafka version: 3.9.0
2025-07-31 02:23:22,465 INFO  [org.apa.kaf.com.uti.AppInfoParser] (main) Kafka commitId: 84caaa6e9da06435
2025-07-31 02:23:22,465 INFO  [org.apa.kaf.com.uti.AppInfoParser] (main) Kafka startTimeMs: 1753928602465
2025-07-31 02:23:22,467 INFO  [io.api.tes.ser.api.KafkaSerdesTester] (Thread-159) Sending message {"keyB": "value-0"} to topic sfd2e0e2ex65f0x4af2xa646xf472436e93e2
2025-07-31 02:23:22,480 WARN  [org.apa.kaf.cli.NetworkClient] (kafka-producer-network-thread | Producer-sfd2e0e2ex65f0x4af2xa646xf472436e93e2) [Producer clientId=Producer-sfd2e0e2ex65f0x4af2xa646xf472436e93e2] The metadata response from the cluster reported a recoverable issue with correlation id 2 : {sfd2e0e2ex65f0x4af2xa646xf472436e93e2=LEADER_NOT_AVAILABLE}
2025-07-31 02:23:22,480 INFO  [org.apa.kaf.cli.Metadata] (kafka-producer-network-thread | Producer-sfd2e0e2ex65f0x4af2xa646xf472436e93e2) [Producer clientId=Producer-sfd2e0e2ex65f0x4af2xa646xf472436e93e2] Cluster ID: EeXQRaomRg6j_8npZiTrIA
2025-07-31 02:23:22,481 INFO  [org.apa.kaf.cli.pro.int.TransactionManager] (kafka-producer-network-thread | Producer-sfd2e0e2ex65f0x4af2xa646xf472436e93e2) [Producer clientId=Producer-sfd2e0e2ex65f0x4af2xa646xf472436e93e2] ProducerId set to 7 with epoch 0
2025-07-31 02:23:22,605 INFO  [DefaultSchemaResolver] (Thread-159) Retrieving schema content using string: {"type":"record","name":"myrecord","namespace":"mygroup","fields":[{"name":"keyB","type":"string"}]}
2025-07-31 02:23:22,691 INFO  [org.apa.kaf.cli.pro.KafkaProducer] (Thread-159) [Producer clientId=Producer-sfd2e0e2ex65f0x4af2xa646xf472436e93e2] Closing the Kafka producer with timeoutMillis = 9223372036854775807 ms.
2025-07-31 02:23:22,694 INFO  [org.apa.kaf.com.met.Metrics] (Thread-159) Metrics scheduler closed
2025-07-31 02:23:22,694 INFO  [org.apa.kaf.com.met.Metrics] (Thread-159) Closing reporter org.apache.kafka.common.metrics.JmxReporter
2025-07-31 02:23:22,694 INFO  [org.apa.kaf.com.met.Metrics] (Thread-159) Closing reporter org.apache.kafka.common.telemetry.internals.ClientTelemetryReporter
2025-07-31 02:23:22,694 INFO  [org.apa.kaf.com.met.Metrics] (Thread-159) Metrics reporters closed
2025-07-31 02:23:22,694 INFO  [org.apa.kaf.com.uti.AppInfoParser] (Thread-159) App info kafka.producer for Producer-sfd2e0e2ex65f0x4af2xa646xf472436e93e2 unregistered
2025-07-31 02:23:22,696 INFO  [io.api.tes.uti.TestSeparator] (main) io.apicurio.tests.serdes.apicurio.AvroSerdeIT.testArtifactNotFound-FINISHED
2025-07-31 02:23:22,696 INFO  [io.api.tes.uti.TestSeparator] (main) ############################################################################
]]></system-out>
    <system-err><![CDATA[java.lang.RuntimeException: Could not resolve artifact reference by content: {"type":"record","name":"myrecord","namespace":"mygroup","fields":[{"name":"keyB","type":"string"}]}&ArtifactReference [groupId=default, artifactId=sfd2e0e2ex65f0x4af2xa646xf472436e93e2-value, version=null, globalId=null, contentId=null, contentHash=null]
	at io.apicurio.registry.resolver.DefaultSchemaResolver.lambda$handleResolveSchemaByContent$5(DefaultSchemaResolver.java:300)
	at io.apicurio.registry.resolver.ERCache.lambda$getValue$0(ERCache.java:181)
	at io.apicurio.registry.resolver.ERCache.retry(ERCache.java:234)
	at io.apicurio.registry.resolver.ERCache.getValue(ERCache.java:180)
	at io.apicurio.registry.resolver.ERCache.getByContent(ERCache.java:154)
	at io.apicurio.registry.resolver.DefaultSchemaResolver.handleResolveSchemaByContent(DefaultSchemaResolver.java:269)
	at io.apicurio.registry.resolver.DefaultSchemaResolver.getSchemaFromRegistry(DefaultSchemaResolver.java:142)
	at io.apicurio.registry.resolver.DefaultSchemaResolver.lambda$resolveSchema$0(DefaultSchemaResolver.java:86)
	at java.base/java.util.Optional.orElseGet(Optional.java:364)
	at io.apicurio.registry.resolver.DefaultSchemaResolver.resolveSchema(DefaultSchemaResolver.java:86)
	at io.apicurio.registry.serde.AbstractSerializer.serializeData(AbstractSerializer.java:62)
	at io.apicurio.registry.serde.KafkaSerializer.serialize(KafkaSerializer.java:77)
	at org.apache.kafka.clients.producer.KafkaProducer.doSend(KafkaProducer.java:1046)
	at org.apache.kafka.clients.producer.KafkaProducer.send(KafkaProducer.java:993)
	at org.apache.kafka.clients.producer.KafkaProducer.send(KafkaProducer.java:875)
	at io.apicurio.tests.serdes.apicurio.KafkaSerdesTester.lambda$produceMessages$3(KafkaSerdesTester.java:138)
	at java.base/java.util.concurrent.CompletableFuture$AsyncSupply.run(CompletableFuture.java:1768)
	at java.base/java.lang.Thread.run(Thread.java:840)
]]></system-err>
  </testcase>
  <testcase name="testAvroSerDesFailDifferentSchemaByRecordName" classname="io.apicurio.tests.serdes.apicurio.AvroSerdeIT" time="1.169">
    <system-out><![CDATA[2025-07-31 02:23:22,699 INFO  [io.api.tes.uti.TestSeparator] (main) ############################################################################
2025-07-31 02:23:22,699 INFO  [io.api.tes.uti.TestSeparator] (main) io.apicurio.tests.serdes.apicurio.AvroSerdeIT.testAvroSerDesFailDifferentSchemaByRecordName-STARTED
2025-07-31 02:23:23,794 INFO  [org.apa.kaf.cli.pro.ProducerConfig] (main) ProducerConfig values: 
	acks = -1
	auto.include.jmx.reporter = true
	batch.size = 16384
	bootstrap.servers = [PLAINTEXT://localhost:32770]
	buffer.memory = 33554432
	client.dns.lookup = use_all_dns_ips
	client.id = Producer-topic-e9d712ca_ff1f_4555_a7a9_3b4f463ca7f1
	compression.gzip.level = -1
	compression.lz4.level = 9
	compression.type = none
	compression.zstd.level = 3
	connections.max.idle.ms = 10000
	delivery.timeout.ms = 120000
	enable.idempotence = true
	enable.metrics.push = true
	interceptor.classes = []
	key.serializer = class org.apache.kafka.common.serialization.StringSerializer
	linger.ms = 0
	max.block.ms = 60000
	max.in.flight.requests.per.connection = 5
	max.request.size = 1048576
	metadata.max.age.ms = 300000
	metadata.max.idle.ms = 300000
	metadata.recovery.strategy = none
	metric.reporters = []
	metrics.num.samples = 2
	metrics.recording.level = INFO
	metrics.sample.window.ms = 30000
	partitioner.adaptive.partitioning.enable = true
	partitioner.availability.timeout.ms = 0
	partitioner.class = null
	partitioner.ignore.keys = false
	receive.buffer.bytes = 32768
	reconnect.backoff.max.ms = 1000
	reconnect.backoff.ms = 50
	request.timeout.ms = 5000
	retries = 2147483647
	retry.backoff.max.ms = 1000
	retry.backoff.ms = 100
	sasl.client.callback.handler.class = null
	sasl.jaas.config = null
	sasl.kerberos.kinit.cmd = /usr/bin/kinit
	sasl.kerberos.min.time.before.relogin = 60000
	sasl.kerberos.service.name = null
	sasl.kerberos.ticket.renew.jitter = 0.05
	sasl.kerberos.ticket.renew.window.factor = 0.8
	sasl.login.callback.handler.class = null
	sasl.login.class = null
	sasl.login.connect.timeout.ms = null
	sasl.login.read.timeout.ms = null
	sasl.login.refresh.buffer.seconds = 300
	sasl.login.refresh.min.period.seconds = 60
	sasl.login.refresh.window.factor = 0.8
	sasl.login.refresh.window.jitter = 0.05
	sasl.login.retry.backoff.max.ms = 10000
	sasl.login.retry.backoff.ms = 100
	sasl.mechanism = GSSAPI
	sasl.oauthbearer.clock.skew.seconds = 30
	sasl.oauthbearer.expected.audience = null
	sasl.oauthbearer.expected.issuer = null
	sasl.oauthbearer.header.urlencode = false
	sasl.oauthbearer.jwks.endpoint.refresh.ms = 3600000
	sasl.oauthbearer.jwks.endpoint.retry.backoff.max.ms = 10000
	sasl.oauthbearer.jwks.endpoint.retry.backoff.ms = 100
	sasl.oauthbearer.jwks.endpoint.url = null
	sasl.oauthbearer.scope.claim.name = scope
	sasl.oauthbearer.sub.claim.name = sub
	sasl.oauthbearer.token.endpoint.url = null
	security.protocol = PLAINTEXT
	security.providers = null
	send.buffer.bytes = 131072
	socket.connection.setup.timeout.max.ms = 30000
	socket.connection.setup.timeout.ms = 10000
	ssl.cipher.suites = null
	ssl.enabled.protocols = [TLSv1.2, TLSv1.3]
	ssl.endpoint.identification.algorithm = https
	ssl.engine.factory.class = null
	ssl.key.password = null
	ssl.keymanager.algorithm = SunX509
	ssl.keystore.certificate.chain = null
	ssl.keystore.key = null
	ssl.keystore.location = null
	ssl.keystore.password = null
	ssl.keystore.type = JKS
	ssl.protocol = TLSv1.3
	ssl.provider = null
	ssl.secure.random.implementation = null
	ssl.trustmanager.algorithm = PKIX
	ssl.truststore.certificates = null
	ssl.truststore.location = null
	ssl.truststore.password = null
	ssl.truststore.type = JKS
	transaction.timeout.ms = 60000
	transactional.id = null
	value.serializer = class io.apicurio.registry.serde.avro.AvroKafkaSerializer

2025-07-31 02:23:23,794 INFO  [org.apa.kaf.com.tel.int.KafkaMetricsCollector] (main) initializing Kafka metrics collector
2025-07-31 02:23:23,797 INFO  [org.apa.kaf.cli.pro.KafkaProducer] (main) [Producer clientId=Producer-topic-e9d712ca_ff1f_4555_a7a9_3b4f463ca7f1] Instantiated an idempotent producer.
2025-07-31 02:23:23,800 INFO  [org.apa.kaf.cli.pro.ProducerConfig] (main) These configurations '[apicurio.registry.find-latest, apicurio.registry.url, apicurio.registry.artifact-resolver-strategy]' were supplied but are not used yet.
2025-07-31 02:23:23,800 INFO  [org.apa.kaf.com.uti.AppInfoParser] (main) Kafka version: 3.9.0
2025-07-31 02:23:23,800 INFO  [org.apa.kaf.com.uti.AppInfoParser] (main) Kafka commitId: 84caaa6e9da06435
2025-07-31 02:23:23,800 INFO  [org.apa.kaf.com.uti.AppInfoParser] (main) Kafka startTimeMs: 1753928603800
2025-07-31 02:23:23,802 INFO  [io.api.tes.ser.api.KafkaSerdesTester] (Thread-162) Sending message {"keyB": "value-0"} to topic topic-e9d712ca_ff1f_4555_a7a9_3b4f463ca7f1
2025-07-31 02:23:23,806 INFO  [org.apa.kaf.cli.Metadata] (kafka-producer-network-thread | Producer-topic-e9d712ca_ff1f_4555_a7a9_3b4f463ca7f1) [Producer clientId=Producer-topic-e9d712ca_ff1f_4555_a7a9_3b4f463ca7f1] Cluster ID: EeXQRaomRg6j_8npZiTrIA
2025-07-31 02:23:23,807 INFO  [org.apa.kaf.cli.pro.int.TransactionManager] (kafka-producer-network-thread | Producer-topic-e9d712ca_ff1f_4555_a7a9_3b4f463ca7f1) [Producer clientId=Producer-topic-e9d712ca_ff1f_4555_a7a9_3b4f463ca7f1] ProducerId set to 8 with epoch 0
2025-07-31 02:23:23,863 INFO  [org.apa.kaf.cli.pro.KafkaProducer] (Thread-162) [Producer clientId=Producer-topic-e9d712ca_ff1f_4555_a7a9_3b4f463ca7f1] Closing the Kafka producer with timeoutMillis = 9223372036854775807 ms.
2025-07-31 02:23:23,865 INFO  [org.apa.kaf.com.met.Metrics] (Thread-162) Metrics scheduler closed
2025-07-31 02:23:23,865 INFO  [org.apa.kaf.com.met.Metrics] (Thread-162) Closing reporter org.apache.kafka.common.metrics.JmxReporter
2025-07-31 02:23:23,865 INFO  [org.apa.kaf.com.met.Metrics] (Thread-162) Closing reporter org.apache.kafka.common.telemetry.internals.ClientTelemetryReporter
2025-07-31 02:23:23,865 INFO  [org.apa.kaf.com.met.Metrics] (Thread-162) Metrics reporters closed
2025-07-31 02:23:23,866 INFO  [org.apa.kaf.com.uti.AppInfoParser] (Thread-162) App info kafka.producer for Producer-topic-e9d712ca_ff1f_4555_a7a9_3b4f463ca7f1 unregistered
2025-07-31 02:23:23,866 INFO  [io.api.tes.uti.TestSeparator] (main) io.apicurio.tests.serdes.apicurio.AvroSerdeIT.testAvroSerDesFailDifferentSchemaByRecordName-FINISHED
2025-07-31 02:23:23,866 INFO  [io.api.tes.uti.TestSeparator] (main) ############################################################################
]]></system-out>
    <system-err><![CDATA[io.apicurio.registry.rest.client.models.ProblemDetails
	at io.apicurio.registry.rest.client.models.ProblemDetails.createFromDiscriminatorValue(ProblemDetails.java:58)
	at io.kiota.serialization.json.JsonParseNode.getObjectValue(JsonParseNode.java:247)
	at io.kiota.http.vertx.VertXRequestAdapter.lambda$throwIfFailedResponse$0(VertXRequestAdapter.java:400)
	at com.microsoft.kiota.ApiExceptionBuilder.<init>(ApiExceptionBuilder.java:26)
	at io.kiota.http.vertx.VertXRequestAdapter.throwIfFailedResponse(VertXRequestAdapter.java:399)
	at io.kiota.http.vertx.VertXRequestAdapter.send(VertXRequestAdapter.java:170)
	at io.apicurio.registry.rest.client.groups.item.artifacts.item.versions.item.WithVersionExpressionItemRequestBuilder.get(WithVersionExpressionItemRequestBuilder.java:128)
	at io.apicurio.registry.rest.client.groups.item.artifacts.item.versions.item.WithVersionExpressionItemRequestBuilder.get(WithVersionExpressionItemRequestBuilder.java:111)
	at io.apicurio.registry.resolver.DefaultSchemaResolver.resolveByCoordinates(DefaultSchemaResolver.java:469)
	at io.apicurio.registry.resolver.DefaultSchemaResolver.lambda$resolveSchemaByArtifactReferenceCached$12(DefaultSchemaResolver.java:451)
	at io.apicurio.registry.resolver.ERCache.lambda$getValue$0(ERCache.java:181)
	at io.apicurio.registry.resolver.ERCache.retry(ERCache.java:234)
	at io.apicurio.registry.resolver.ERCache.getValue(ERCache.java:180)
	at io.apicurio.registry.resolver.ERCache.getByArtifactCoordinates(ERCache.java:165)
	at io.apicurio.registry.resolver.DefaultSchemaResolver.resolveSchemaByArtifactReferenceCached(DefaultSchemaResolver.java:449)
	at io.apicurio.registry.resolver.DefaultSchemaResolver.resolveSchemaByCoordinates(DefaultSchemaResolver.java:201)
	at io.apicurio.registry.resolver.DefaultSchemaResolver.getSchemaFromRegistry(DefaultSchemaResolver.java:134)
	at io.apicurio.registry.resolver.DefaultSchemaResolver.lambda$resolveSchema$0(DefaultSchemaResolver.java:86)
	at java.base/java.util.Optional.orElseGet(Optional.java:364)
	at io.apicurio.registry.resolver.DefaultSchemaResolver.resolveSchema(DefaultSchemaResolver.java:86)
	at io.apicurio.registry.serde.AbstractSerializer.serializeData(AbstractSerializer.java:62)
	at io.apicurio.registry.serde.KafkaSerializer.serialize(KafkaSerializer.java:77)
	at org.apache.kafka.clients.producer.KafkaProducer.doSend(KafkaProducer.java:1046)
	at org.apache.kafka.clients.producer.KafkaProducer.send(KafkaProducer.java:993)
	at org.apache.kafka.clients.producer.KafkaProducer.send(KafkaProducer.java:875)
	at io.apicurio.tests.serdes.apicurio.KafkaSerdesTester.lambda$produceMessages$3(KafkaSerdesTester.java:138)
	at java.base/java.util.concurrent.CompletableFuture$AsyncSupply.run(CompletableFuture.java:1768)
	at java.base/java.lang.Thread.run(Thread.java:840)
]]></system-err>
  </testcase>
  <testcase name="testTopicIdStrategyFindLatest" classname="io.apicurio.tests.serdes.apicurio.AvroSerdeIT" time="1.924">
    <system-out><![CDATA[2025-07-31 02:23:23,868 INFO  [io.api.tes.uti.TestSeparator] (main) ############################################################################
2025-07-31 02:23:23,868 INFO  [io.api.tes.uti.TestSeparator] (main) io.apicurio.tests.serdes.apicurio.AvroSerdeIT.testTopicIdStrategyFindLatest-STARTED
2025-07-31 02:23:23,872 INFO  [io.api.tes.ser.api.AvroSerdeIT] (main) Registering Avro Schema: {"type":"record","name":"myrecordapicurio1","fields":[{"name":"key11753928603871","type":"string"}]}
2025-07-31 02:23:24,966 INFO  [org.apa.kaf.cli.pro.ProducerConfig] (main) ProducerConfig values: 
	acks = -1
	auto.include.jmx.reporter = true
	batch.size = 16384
	bootstrap.servers = [PLAINTEXT://localhost:32770]
	buffer.memory = 33554432
	client.dns.lookup = use_all_dns_ips
	client.id = Producer-topic-3cf9806c_011e_46a5_870a_66368ca50e38
	compression.gzip.level = -1
	compression.lz4.level = 9
	compression.type = none
	compression.zstd.level = 3
	connections.max.idle.ms = 10000
	delivery.timeout.ms = 120000
	enable.idempotence = true
	enable.metrics.push = true
	interceptor.classes = []
	key.serializer = class org.apache.kafka.common.serialization.StringSerializer
	linger.ms = 0
	max.block.ms = 60000
	max.in.flight.requests.per.connection = 5
	max.request.size = 1048576
	metadata.max.age.ms = 300000
	metadata.max.idle.ms = 300000
	metadata.recovery.strategy = none
	metric.reporters = []
	metrics.num.samples = 2
	metrics.recording.level = INFO
	metrics.sample.window.ms = 30000
	partitioner.adaptive.partitioning.enable = true
	partitioner.availability.timeout.ms = 0
	partitioner.class = null
	partitioner.ignore.keys = false
	receive.buffer.bytes = 32768
	reconnect.backoff.max.ms = 1000
	reconnect.backoff.ms = 50
	request.timeout.ms = 5000
	retries = 2147483647
	retry.backoff.max.ms = 1000
	retry.backoff.ms = 100
	sasl.client.callback.handler.class = null
	sasl.jaas.config = null
	sasl.kerberos.kinit.cmd = /usr/bin/kinit
	sasl.kerberos.min.time.before.relogin = 60000
	sasl.kerberos.service.name = null
	sasl.kerberos.ticket.renew.jitter = 0.05
	sasl.kerberos.ticket.renew.window.factor = 0.8
	sasl.login.callback.handler.class = null
	sasl.login.class = null
	sasl.login.connect.timeout.ms = null
	sasl.login.read.timeout.ms = null
	sasl.login.refresh.buffer.seconds = 300
	sasl.login.refresh.min.period.seconds = 60
	sasl.login.refresh.window.factor = 0.8
	sasl.login.refresh.window.jitter = 0.05
	sasl.login.retry.backoff.max.ms = 10000
	sasl.login.retry.backoff.ms = 100
	sasl.mechanism = GSSAPI
	sasl.oauthbearer.clock.skew.seconds = 30
	sasl.oauthbearer.expected.audience = null
	sasl.oauthbearer.expected.issuer = null
	sasl.oauthbearer.header.urlencode = false
	sasl.oauthbearer.jwks.endpoint.refresh.ms = 3600000
	sasl.oauthbearer.jwks.endpoint.retry.backoff.max.ms = 10000
	sasl.oauthbearer.jwks.endpoint.retry.backoff.ms = 100
	sasl.oauthbearer.jwks.endpoint.url = null
	sasl.oauthbearer.scope.claim.name = scope
	sasl.oauthbearer.sub.claim.name = sub
	sasl.oauthbearer.token.endpoint.url = null
	security.protocol = PLAINTEXT
	security.providers = null
	send.buffer.bytes = 131072
	socket.connection.setup.timeout.max.ms = 30000
	socket.connection.setup.timeout.ms = 10000
	ssl.cipher.suites = null
	ssl.enabled.protocols = [TLSv1.2, TLSv1.3]
	ssl.endpoint.identification.algorithm = https
	ssl.engine.factory.class = null
	ssl.key.password = null
	ssl.keymanager.algorithm = SunX509
	ssl.keystore.certificate.chain = null
	ssl.keystore.key = null
	ssl.keystore.location = null
	ssl.keystore.password = null
	ssl.keystore.type = JKS
	ssl.protocol = TLSv1.3
	ssl.provider = null
	ssl.secure.random.implementation = null
	ssl.trustmanager.algorithm = PKIX
	ssl.truststore.certificates = null
	ssl.truststore.location = null
	ssl.truststore.password = null
	ssl.truststore.type = JKS
	transaction.timeout.ms = 60000
	transactional.id = null
	value.serializer = class io.apicurio.registry.serde.avro.AvroKafkaSerializer

2025-07-31 02:23:24,966 INFO  [org.apa.kaf.com.tel.int.KafkaMetricsCollector] (main) initializing Kafka metrics collector
2025-07-31 02:23:24,969 INFO  [org.apa.kaf.cli.pro.KafkaProducer] (main) [Producer clientId=Producer-topic-3cf9806c_011e_46a5_870a_66368ca50e38] Instantiated an idempotent producer.
2025-07-31 02:23:24,971 INFO  [org.apa.kaf.cli.pro.ProducerConfig] (main) These configurations '[apicurio.registry.find-latest, apicurio.registry.url, apicurio.registry.artifact-resolver-strategy]' were supplied but are not used yet.
2025-07-31 02:23:24,971 INFO  [org.apa.kaf.com.uti.AppInfoParser] (main) Kafka version: 3.9.0
2025-07-31 02:23:24,971 INFO  [org.apa.kaf.com.uti.AppInfoParser] (main) Kafka commitId: 84caaa6e9da06435
2025-07-31 02:23:24,971 INFO  [org.apa.kaf.com.uti.AppInfoParser] (main) Kafka startTimeMs: 1753928604971
2025-07-31 02:23:24,971 INFO  [io.api.tes.ser.api.SimpleSerdesTesterBuilder$SimpleSerdesTester] (main) Using producer configuration: {apicurio.registry.find-latest=true, apicurio.registry.url=http://registry-app-mysql.apps.ci419.apicurio-testing.org:80/apis/registry/v3, apicurio.registry.artifact-resolver-strategy=io.apicurio.registry.serde.strategy.TopicIdStrategy, value.serializer=io.apicurio.registry.serde.avro.AvroKafkaSerializer, request.timeout.ms=5000, acks=all, bootstrap.servers=PLAINTEXT://localhost:32770, connections.max.idle.ms=10000, key.serializer=org.apache.kafka.common.serialization.StringSerializer, client.id=Producer-topic-3cf9806c_011e_46a5_870a_66368ca50e38}
2025-07-31 02:23:24,971 INFO  [io.api.tes.ser.api.SimpleSerdesTesterBuilder$SimpleSerdesTester] (main) Using consumer configuration: {}
2025-07-31 02:23:24,971 INFO  [io.api.tes.ser.api.KafkaSerdesTester] (Thread-165) Sending message {"key11753928603871": "value-0"} to topic topic-3cf9806c_011e_46a5_870a_66368ca50e38
2025-07-31 02:23:24,977 INFO  [org.apa.kaf.cli.Metadata] (kafka-producer-network-thread | Producer-topic-3cf9806c_011e_46a5_870a_66368ca50e38) [Producer clientId=Producer-topic-3cf9806c_011e_46a5_870a_66368ca50e38] Cluster ID: EeXQRaomRg6j_8npZiTrIA
2025-07-31 02:23:24,977 INFO  [org.apa.kaf.cli.pro.int.TransactionManager] (kafka-producer-network-thread | Producer-topic-3cf9806c_011e_46a5_870a_66368ca50e38) [Producer clientId=Producer-topic-3cf9806c_011e_46a5_870a_66368ca50e38] ProducerId set to 9 with epoch 0
2025-07-31 02:23:25,096 INFO  [io.api.tes.ser.api.KafkaSerdesTester] (Thread-165) Sending message {"key11753928603871": "value-1"} to topic topic-3cf9806c_011e_46a5_870a_66368ca50e38
2025-07-31 02:23:25,099 INFO  [io.api.tes.ser.api.KafkaSerdesTester] (Thread-165) Sending message {"key11753928603871": "value-2"} to topic topic-3cf9806c_011e_46a5_870a_66368ca50e38
2025-07-31 02:23:25,101 INFO  [io.api.tes.ser.api.KafkaSerdesTester] (Thread-165) Sending message {"key11753928603871": "value-3"} to topic topic-3cf9806c_011e_46a5_870a_66368ca50e38
2025-07-31 02:23:25,104 INFO  [io.api.tes.ser.api.KafkaSerdesTester] (Thread-165) Sending message {"key11753928603871": "value-4"} to topic topic-3cf9806c_011e_46a5_870a_66368ca50e38
2025-07-31 02:23:25,105 INFO  [io.api.tes.ser.api.KafkaSerdesTester] (Thread-165) Sending message {"key11753928603871": "value-5"} to topic topic-3cf9806c_011e_46a5_870a_66368ca50e38
2025-07-31 02:23:25,107 INFO  [io.api.tes.ser.api.KafkaSerdesTester] (Thread-165) Sending message {"key11753928603871": "value-6"} to topic topic-3cf9806c_011e_46a5_870a_66368ca50e38
2025-07-31 02:23:25,109 INFO  [io.api.tes.ser.api.KafkaSerdesTester] (Thread-165) Sending message {"key11753928603871": "value-7"} to topic topic-3cf9806c_011e_46a5_870a_66368ca50e38
2025-07-31 02:23:25,112 INFO  [io.api.tes.ser.api.KafkaSerdesTester] (Thread-165) Sending message {"key11753928603871": "value-8"} to topic topic-3cf9806c_011e_46a5_870a_66368ca50e38
2025-07-31 02:23:25,113 INFO  [io.api.tes.ser.api.KafkaSerdesTester] (Thread-165) Sending message {"key11753928603871": "value-9"} to topic topic-3cf9806c_011e_46a5_870a_66368ca50e38
2025-07-31 02:23:25,116 INFO  [io.api.tes.ser.api.KafkaSerdesTester] (Thread-165) Produced 10 messages
2025-07-31 02:23:25,116 INFO  [org.apa.kaf.cli.pro.KafkaProducer] (Thread-165) [Producer clientId=Producer-topic-3cf9806c_011e_46a5_870a_66368ca50e38] Closing the Kafka producer with timeoutMillis = 9223372036854775807 ms.
2025-07-31 02:23:25,119 INFO  [org.apa.kaf.com.met.Metrics] (Thread-165) Metrics scheduler closed
2025-07-31 02:23:25,119 INFO  [org.apa.kaf.com.met.Metrics] (Thread-165) Closing reporter org.apache.kafka.common.metrics.JmxReporter
2025-07-31 02:23:25,119 INFO  [org.apa.kaf.com.met.Metrics] (Thread-165) Closing reporter org.apache.kafka.common.telemetry.internals.ClientTelemetryReporter
2025-07-31 02:23:25,119 INFO  [org.apa.kaf.com.met.Metrics] (Thread-165) Metrics reporters closed
2025-07-31 02:23:25,119 INFO  [org.apa.kaf.com.uti.AppInfoParser] (Thread-165) App info kafka.producer for Producer-topic-3cf9806c_011e_46a5_870a_66368ca50e38 unregistered
2025-07-31 02:23:25,120 INFO  [org.apa.kaf.cli.con.ConsumerConfig] (main) ConsumerConfig values: 
	allow.auto.create.topics = true
	auto.commit.interval.ms = 500
	auto.include.jmx.reporter = true
	auto.offset.reset = earliest
	bootstrap.servers = [PLAINTEXT://localhost:32770]
	check.crcs = true
	client.dns.lookup = use_all_dns_ips
	client.id = consumer-Consumer-topic-3cf9806c_011e_46a5_870a_66368ca50e38-7
	client.rack = 
	connections.max.idle.ms = 10000
	default.api.timeout.ms = 60000
	enable.auto.commit = true
	enable.metrics.push = true
	exclude.internal.topics = true
	fetch.max.bytes = 52428800
	fetch.max.wait.ms = 500
	fetch.min.bytes = 1
	group.id = Consumer-topic-3cf9806c_011e_46a5_870a_66368ca50e38
	group.instance.id = null
	group.protocol = classic
	group.remote.assignor = null
	heartbeat.interval.ms = 3000
	interceptor.classes = []
	internal.leave.group.on.close = true
	internal.throw.on.fetch.stable.offset.unsupported = false
	isolation.level = read_uncommitted
	key.deserializer = class org.apache.kafka.common.serialization.StringDeserializer
	max.partition.fetch.bytes = 1048576
	max.poll.interval.ms = 300000
	max.poll.records = 500
	metadata.max.age.ms = 300000
	metadata.recovery.strategy = none
	metric.reporters = []
	metrics.num.samples = 2
	metrics.recording.level = INFO
	metrics.sample.window.ms = 30000
	partition.assignment.strategy = [class org.apache.kafka.clients.consumer.RangeAssignor, class org.apache.kafka.clients.consumer.CooperativeStickyAssignor]
	receive.buffer.bytes = 65536
	reconnect.backoff.max.ms = 1000
	reconnect.backoff.ms = 50
	request.timeout.ms = 5000
	retry.backoff.max.ms = 1000
	retry.backoff.ms = 100
	sasl.client.callback.handler.class = null
	sasl.jaas.config = null
	sasl.kerberos.kinit.cmd = /usr/bin/kinit
	sasl.kerberos.min.time.before.relogin = 60000
	sasl.kerberos.service.name = null
	sasl.kerberos.ticket.renew.jitter = 0.05
	sasl.kerberos.ticket.renew.window.factor = 0.8
	sasl.login.callback.handler.class = null
	sasl.login.class = null
	sasl.login.connect.timeout.ms = null
	sasl.login.read.timeout.ms = null
	sasl.login.refresh.buffer.seconds = 300
	sasl.login.refresh.min.period.seconds = 60
	sasl.login.refresh.window.factor = 0.8
	sasl.login.refresh.window.jitter = 0.05
	sasl.login.retry.backoff.max.ms = 10000
	sasl.login.retry.backoff.ms = 100
	sasl.mechanism = GSSAPI
	sasl.oauthbearer.clock.skew.seconds = 30
	sasl.oauthbearer.expected.audience = null
	sasl.oauthbearer.expected.issuer = null
	sasl.oauthbearer.header.urlencode = false
	sasl.oauthbearer.jwks.endpoint.refresh.ms = 3600000
	sasl.oauthbearer.jwks.endpoint.retry.backoff.max.ms = 10000
	sasl.oauthbearer.jwks.endpoint.retry.backoff.ms = 100
	sasl.oauthbearer.jwks.endpoint.url = null
	sasl.oauthbearer.scope.claim.name = scope
	sasl.oauthbearer.sub.claim.name = sub
	sasl.oauthbearer.token.endpoint.url = null
	security.protocol = PLAINTEXT
	security.providers = null
	send.buffer.bytes = 131072
	session.timeout.ms = 45000
	socket.connection.setup.timeout.max.ms = 30000
	socket.connection.setup.timeout.ms = 10000
	ssl.cipher.suites = null
	ssl.enabled.protocols = [TLSv1.2, TLSv1.3]
	ssl.endpoint.identification.algorithm = https
	ssl.engine.factory.class = null
	ssl.key.password = null
	ssl.keymanager.algorithm = SunX509
	ssl.keystore.certificate.chain = null
	ssl.keystore.key = null
	ssl.keystore.location = null
	ssl.keystore.password = null
	ssl.keystore.type = JKS
	ssl.protocol = TLSv1.3
	ssl.provider = null
	ssl.secure.random.implementation = null
	ssl.trustmanager.algorithm = PKIX
	ssl.truststore.certificates = null
	ssl.truststore.location = null
	ssl.truststore.password = null
	ssl.truststore.type = JKS
	value.deserializer = class io.apicurio.registry.serde.avro.AvroKafkaDeserializer

2025-07-31 02:23:25,120 INFO  [org.apa.kaf.com.tel.int.KafkaMetricsCollector] (main) initializing Kafka metrics collector
2025-07-31 02:23:25,128 INFO  [org.apa.kaf.cli.con.ConsumerConfig] (main) These configurations '[apicurio.registry.url]' were supplied but are not used yet.
2025-07-31 02:23:25,128 INFO  [org.apa.kaf.com.uti.AppInfoParser] (main) Kafka version: 3.9.0
2025-07-31 02:23:25,128 INFO  [org.apa.kaf.com.uti.AppInfoParser] (main) Kafka commitId: 84caaa6e9da06435
2025-07-31 02:23:25,128 INFO  [org.apa.kaf.com.uti.AppInfoParser] (main) Kafka startTimeMs: 1753928605128
2025-07-31 02:23:25,128 INFO  [org.apa.kaf.cli.con.int.ClassicKafkaConsumer] (Thread-168) [Consumer clientId=consumer-Consumer-topic-3cf9806c_011e_46a5_870a_66368ca50e38-7, groupId=Consumer-topic-3cf9806c_011e_46a5_870a_66368ca50e38] Subscribed to topic(s): topic-3cf9806c_011e_46a5_870a_66368ca50e38
2025-07-31 02:23:25,138 INFO  [org.apa.kaf.cli.Metadata] (Thread-168) [Consumer clientId=consumer-Consumer-topic-3cf9806c_011e_46a5_870a_66368ca50e38-7, groupId=Consumer-topic-3cf9806c_011e_46a5_870a_66368ca50e38] Cluster ID: EeXQRaomRg6j_8npZiTrIA
2025-07-31 02:23:25,139 INFO  [org.apa.kaf.cli.con.int.ConsumerCoordinator] (Thread-168) [Consumer clientId=consumer-Consumer-topic-3cf9806c_011e_46a5_870a_66368ca50e38-7, groupId=Consumer-topic-3cf9806c_011e_46a5_870a_66368ca50e38] Discovered group coordinator localhost:32770 (id: 2147483647 rack: null)
2025-07-31 02:23:25,147 INFO  [org.apa.kaf.cli.con.int.ConsumerCoordinator] (Thread-168) [Consumer clientId=consumer-Consumer-topic-3cf9806c_011e_46a5_870a_66368ca50e38-7, groupId=Consumer-topic-3cf9806c_011e_46a5_870a_66368ca50e38] (Re-)joining group
2025-07-31 02:23:25,157 INFO  [org.apa.kaf.cli.con.int.ConsumerCoordinator] (Thread-168) [Consumer clientId=consumer-Consumer-topic-3cf9806c_011e_46a5_870a_66368ca50e38-7, groupId=Consumer-topic-3cf9806c_011e_46a5_870a_66368ca50e38] Request joining group due to: need to re-join with the given member-id: consumer-Consumer-topic-3cf9806c_011e_46a5_870a_66368ca50e38-7-52859e9c-5d02-42ec-90a7-cc0d55ce39dc
2025-07-31 02:23:25,157 INFO  [org.apa.kaf.cli.con.int.ConsumerCoordinator] (Thread-168) [Consumer clientId=consumer-Consumer-topic-3cf9806c_011e_46a5_870a_66368ca50e38-7, groupId=Consumer-topic-3cf9806c_011e_46a5_870a_66368ca50e38] (Re-)joining group
2025-07-31 02:23:25,171 INFO  [org.apa.kaf.cli.con.int.ConsumerCoordinator] (Thread-168) [Consumer clientId=consumer-Consumer-topic-3cf9806c_011e_46a5_870a_66368ca50e38-7, groupId=Consumer-topic-3cf9806c_011e_46a5_870a_66368ca50e38] Successfully joined group with generation Generation{generationId=1, memberId='consumer-Consumer-topic-3cf9806c_011e_46a5_870a_66368ca50e38-7-52859e9c-5d02-42ec-90a7-cc0d55ce39dc', protocol='range'}
2025-07-31 02:23:25,171 INFO  [org.apa.kaf.cli.con.int.ConsumerCoordinator] (Thread-168) [Consumer clientId=consumer-Consumer-topic-3cf9806c_011e_46a5_870a_66368ca50e38-7, groupId=Consumer-topic-3cf9806c_011e_46a5_870a_66368ca50e38] Finished assignment for group at generation 1: {consumer-Consumer-topic-3cf9806c_011e_46a5_870a_66368ca50e38-7-52859e9c-5d02-42ec-90a7-cc0d55ce39dc=Assignment(partitions=[topic-3cf9806c_011e_46a5_870a_66368ca50e38-0])}
2025-07-31 02:23:25,178 INFO  [org.apa.kaf.cli.con.int.ConsumerCoordinator] (Thread-168) [Consumer clientId=consumer-Consumer-topic-3cf9806c_011e_46a5_870a_66368ca50e38-7, groupId=Consumer-topic-3cf9806c_011e_46a5_870a_66368ca50e38] Successfully synced group in generation Generation{generationId=1, memberId='consumer-Consumer-topic-3cf9806c_011e_46a5_870a_66368ca50e38-7-52859e9c-5d02-42ec-90a7-cc0d55ce39dc', protocol='range'}
2025-07-31 02:23:25,178 INFO  [org.apa.kaf.cli.con.int.ConsumerCoordinator] (Thread-168) [Consumer clientId=consumer-Consumer-topic-3cf9806c_011e_46a5_870a_66368ca50e38-7, groupId=Consumer-topic-3cf9806c_011e_46a5_870a_66368ca50e38] Notifying assignor about the new Assignment(partitions=[topic-3cf9806c_011e_46a5_870a_66368ca50e38-0])
2025-07-31 02:23:25,178 INFO  [org.apa.kaf.cli.con.int.ConsumerRebalanceListenerInvoker] (Thread-168) [Consumer clientId=consumer-Consumer-topic-3cf9806c_011e_46a5_870a_66368ca50e38-7, groupId=Consumer-topic-3cf9806c_011e_46a5_870a_66368ca50e38] Adding newly assigned partitions: topic-3cf9806c_011e_46a5_870a_66368ca50e38-0
2025-07-31 02:23:25,179 INFO  [org.apa.kaf.cli.con.int.ConsumerCoordinator] (Thread-168) [Consumer clientId=consumer-Consumer-topic-3cf9806c_011e_46a5_870a_66368ca50e38-7, groupId=Consumer-topic-3cf9806c_011e_46a5_870a_66368ca50e38] Found no committed offset for partition topic-3cf9806c_011e_46a5_870a_66368ca50e38-0
2025-07-31 02:23:25,187 INFO  [org.apa.kaf.cli.con.int.SubscriptionState] (Thread-168) [Consumer clientId=consumer-Consumer-topic-3cf9806c_011e_46a5_870a_66368ca50e38-7, groupId=Consumer-topic-3cf9806c_011e_46a5_870a_66368ca50e38] Resetting offset for partition topic-3cf9806c_011e_46a5_870a_66368ca50e38-0 to position FetchPosition{offset=0, offsetEpoch=Optional.empty, currentLeader=LeaderAndEpoch{leader=Optional[localhost:32770 (id: 0 rack: null)], epoch=0}}.
2025-07-31 02:23:25,282 INFO  [io.api.tes.ser.api.KafkaSerdesTester] (Thread-168) topic-3cf9806c_011e_46a5_870a_66368ca50e38 0 0 {"key11753928603871": "value-0"}
2025-07-31 02:23:25,282 INFO  [io.api.tes.ser.api.KafkaSerdesTester] (Thread-168) topic-3cf9806c_011e_46a5_870a_66368ca50e38 0 1 {"key11753928603871": "value-1"}
2025-07-31 02:23:25,283 INFO  [io.api.tes.ser.api.KafkaSerdesTester] (Thread-168) topic-3cf9806c_011e_46a5_870a_66368ca50e38 0 2 {"key11753928603871": "value-2"}
2025-07-31 02:23:25,283 INFO  [io.api.tes.ser.api.KafkaSerdesTester] (Thread-168) topic-3cf9806c_011e_46a5_870a_66368ca50e38 0 3 {"key11753928603871": "value-3"}
2025-07-31 02:23:25,283 INFO  [io.api.tes.ser.api.KafkaSerdesTester] (Thread-168) topic-3cf9806c_011e_46a5_870a_66368ca50e38 0 4 {"key11753928603871": "value-4"}
2025-07-31 02:23:25,283 INFO  [io.api.tes.ser.api.KafkaSerdesTester] (Thread-168) topic-3cf9806c_011e_46a5_870a_66368ca50e38 0 5 {"key11753928603871": "value-5"}
2025-07-31 02:23:25,283 INFO  [io.api.tes.ser.api.KafkaSerdesTester] (Thread-168) topic-3cf9806c_011e_46a5_870a_66368ca50e38 0 6 {"key11753928603871": "value-6"}
2025-07-31 02:23:25,283 INFO  [io.api.tes.ser.api.KafkaSerdesTester] (Thread-168) topic-3cf9806c_011e_46a5_870a_66368ca50e38 0 7 {"key11753928603871": "value-7"}
2025-07-31 02:23:25,283 INFO  [io.api.tes.ser.api.KafkaSerdesTester] (Thread-168) topic-3cf9806c_011e_46a5_870a_66368ca50e38 0 8 {"key11753928603871": "value-8"}
2025-07-31 02:23:25,283 INFO  [io.api.tes.ser.api.KafkaSerdesTester] (Thread-168) topic-3cf9806c_011e_46a5_870a_66368ca50e38 0 9 {"key11753928603871": "value-9"}
2025-07-31 02:23:25,283 INFO  [io.api.tes.ser.api.KafkaSerdesTester] (Thread-168) Consumed 10 messages
2025-07-31 02:23:25,286 INFO  [org.apa.kaf.cli.con.int.ConsumerRebalanceListenerInvoker] (Thread-168) [Consumer clientId=consumer-Consumer-topic-3cf9806c_011e_46a5_870a_66368ca50e38-7, groupId=Consumer-topic-3cf9806c_011e_46a5_870a_66368ca50e38] Revoke previously assigned partitions topic-3cf9806c_011e_46a5_870a_66368ca50e38-0
2025-07-31 02:23:25,286 INFO  [org.apa.kaf.cli.con.int.ConsumerCoordinator] (Thread-168) [Consumer clientId=consumer-Consumer-topic-3cf9806c_011e_46a5_870a_66368ca50e38-7, groupId=Consumer-topic-3cf9806c_011e_46a5_870a_66368ca50e38] Member consumer-Consumer-topic-3cf9806c_011e_46a5_870a_66368ca50e38-7-52859e9c-5d02-42ec-90a7-cc0d55ce39dc sending LeaveGroup request to coordinator localhost:32770 (id: 2147483647 rack: null) due to the consumer is being closed
2025-07-31 02:23:25,288 INFO  [org.apa.kaf.cli.con.int.ConsumerCoordinator] (Thread-168) [Consumer clientId=consumer-Consumer-topic-3cf9806c_011e_46a5_870a_66368ca50e38-7, groupId=Consumer-topic-3cf9806c_011e_46a5_870a_66368ca50e38] Resetting generation and member id due to: consumer pro-actively leaving the group
2025-07-31 02:23:25,288 INFO  [org.apa.kaf.cli.con.int.ConsumerCoordinator] (Thread-168) [Consumer clientId=consumer-Consumer-topic-3cf9806c_011e_46a5_870a_66368ca50e38-7, groupId=Consumer-topic-3cf9806c_011e_46a5_870a_66368ca50e38] Request joining group due to: consumer pro-actively leaving the group
2025-07-31 02:23:25,787 INFO  [org.apa.kaf.com.met.Metrics] (Thread-168) Metrics scheduler closed
2025-07-31 02:23:25,787 INFO  [org.apa.kaf.com.met.Metrics] (Thread-168) Closing reporter org.apache.kafka.common.metrics.JmxReporter
2025-07-31 02:23:25,787 INFO  [org.apa.kaf.com.met.Metrics] (Thread-168) Closing reporter org.apache.kafka.common.telemetry.internals.ClientTelemetryReporter
2025-07-31 02:23:25,787 INFO  [org.apa.kaf.com.met.Metrics] (Thread-168) Metrics reporters closed
2025-07-31 02:23:25,790 INFO  [org.apa.kaf.com.uti.AppInfoParser] (Thread-168) App info kafka.consumer for consumer-Consumer-topic-3cf9806c_011e_46a5_870a_66368ca50e38-7 unregistered
2025-07-31 02:23:25,792 INFO  [io.api.tes.uti.TestSeparator] (main) io.apicurio.tests.serdes.apicurio.AvroSerdeIT.testTopicIdStrategyFindLatest-FINISHED
2025-07-31 02:23:25,792 INFO  [io.api.tes.uti.TestSeparator] (main) ############################################################################
]]></system-out>
  </testcase>
  <testcase name="testAvroUnionWithSpecificReader" classname="io.apicurio.tests.serdes.apicurio.AvroSerdeIT" time="1.228">
    <system-out><![CDATA[2025-07-31 02:23:25,793 INFO  [io.api.tes.uti.TestSeparator] (main) ############################################################################
2025-07-31 02:23:25,793 INFO  [io.api.tes.uti.TestSeparator] (main) io.apicurio.tests.serdes.apicurio.AvroSerdeIT.testAvroUnionWithSpecificReader-STARTED
2025-07-31 02:23:25,802 INFO  [org.apa.kaf.cli.pro.ProducerConfig] (main) ProducerConfig values: 
	acks = -1
	auto.include.jmx.reporter = true
	batch.size = 16384
	bootstrap.servers = [PLAINTEXT://localhost:32770]
	buffer.memory = 33554432
	client.dns.lookup = use_all_dns_ips
	client.id = Producer-topic-f1e143d6_1671_45e7_a150_114bb319d8dd
	compression.gzip.level = -1
	compression.lz4.level = 9
	compression.type = none
	compression.zstd.level = 3
	connections.max.idle.ms = 10000
	delivery.timeout.ms = 120000
	enable.idempotence = true
	enable.metrics.push = true
	interceptor.classes = []
	key.serializer = class org.apache.kafka.common.serialization.StringSerializer
	linger.ms = 0
	max.block.ms = 60000
	max.in.flight.requests.per.connection = 5
	max.request.size = 1048576
	metadata.max.age.ms = 300000
	metadata.max.idle.ms = 300000
	metadata.recovery.strategy = none
	metric.reporters = []
	metrics.num.samples = 2
	metrics.recording.level = INFO
	metrics.sample.window.ms = 30000
	partitioner.adaptive.partitioning.enable = true
	partitioner.availability.timeout.ms = 0
	partitioner.class = null
	partitioner.ignore.keys = false
	receive.buffer.bytes = 32768
	reconnect.backoff.max.ms = 1000
	reconnect.backoff.ms = 50
	request.timeout.ms = 5000
	retries = 2147483647
	retry.backoff.max.ms = 1000
	retry.backoff.ms = 100
	sasl.client.callback.handler.class = null
	sasl.jaas.config = null
	sasl.kerberos.kinit.cmd = /usr/bin/kinit
	sasl.kerberos.min.time.before.relogin = 60000
	sasl.kerberos.service.name = null
	sasl.kerberos.ticket.renew.jitter = 0.05
	sasl.kerberos.ticket.renew.window.factor = 0.8
	sasl.login.callback.handler.class = null
	sasl.login.class = null
	sasl.login.connect.timeout.ms = null
	sasl.login.read.timeout.ms = null
	sasl.login.refresh.buffer.seconds = 300
	sasl.login.refresh.min.period.seconds = 60
	sasl.login.refresh.window.factor = 0.8
	sasl.login.refresh.window.jitter = 0.05
	sasl.login.retry.backoff.max.ms = 10000
	sasl.login.retry.backoff.ms = 100
	sasl.mechanism = GSSAPI
	sasl.oauthbearer.clock.skew.seconds = 30
	sasl.oauthbearer.expected.audience = null
	sasl.oauthbearer.expected.issuer = null
	sasl.oauthbearer.header.urlencode = false
	sasl.oauthbearer.jwks.endpoint.refresh.ms = 3600000
	sasl.oauthbearer.jwks.endpoint.retry.backoff.max.ms = 10000
	sasl.oauthbearer.jwks.endpoint.retry.backoff.ms = 100
	sasl.oauthbearer.jwks.endpoint.url = null
	sasl.oauthbearer.scope.claim.name = scope
	sasl.oauthbearer.sub.claim.name = sub
	sasl.oauthbearer.token.endpoint.url = null
	security.protocol = PLAINTEXT
	security.providers = null
	send.buffer.bytes = 131072
	socket.connection.setup.timeout.max.ms = 30000
	socket.connection.setup.timeout.ms = 10000
	ssl.cipher.suites = null
	ssl.enabled.protocols = [TLSv1.2, TLSv1.3]
	ssl.endpoint.identification.algorithm = https
	ssl.engine.factory.class = null
	ssl.key.password = null
	ssl.keymanager.algorithm = SunX509
	ssl.keystore.certificate.chain = null
	ssl.keystore.key = null
	ssl.keystore.location = null
	ssl.keystore.password = null
	ssl.keystore.type = JKS
	ssl.protocol = TLSv1.3
	ssl.provider = null
	ssl.secure.random.implementation = null
	ssl.trustmanager.algorithm = PKIX
	ssl.truststore.certificates = null
	ssl.truststore.location = null
	ssl.truststore.password = null
	ssl.truststore.type = JKS
	transaction.timeout.ms = 60000
	transactional.id = null
	value.serializer = class io.apicurio.registry.serde.avro.AvroKafkaSerializer

2025-07-31 02:23:25,802 INFO  [org.apa.kaf.com.tel.int.KafkaMetricsCollector] (main) initializing Kafka metrics collector
2025-07-31 02:23:25,808 INFO  [org.apa.kaf.cli.pro.KafkaProducer] (main) [Producer clientId=Producer-topic-f1e143d6_1671_45e7_a150_114bb319d8dd] Instantiated an idempotent producer.
2025-07-31 02:23:25,813 INFO  [org.apa.kaf.cli.pro.ProducerConfig] (main) These configurations '[apicurio.registry.url, apicurio.registry.auto-register, apicurio.registry.artifact-resolver-strategy]' were supplied but are not used yet.
2025-07-31 02:23:25,813 INFO  [org.apa.kaf.com.uti.AppInfoParser] (main) Kafka version: 3.9.0
2025-07-31 02:23:25,813 INFO  [org.apa.kaf.com.uti.AppInfoParser] (main) Kafka commitId: 84caaa6e9da06435
2025-07-31 02:23:25,813 INFO  [org.apa.kaf.com.uti.AppInfoParser] (main) Kafka startTimeMs: 1753928605813
2025-07-31 02:23:25,814 INFO  [io.api.tes.ser.api.SimpleSerdesTesterBuilder$SimpleSerdesTester] (main) Using producer configuration: {apicurio.registry.url=http://registry-app-mysql.apps.ci419.apicurio-testing.org:80/apis/registry/v3, apicurio.registry.auto-register=true, apicurio.registry.artifact-resolver-strategy=io.apicurio.registry.serde.strategy.TopicIdStrategy, value.serializer=io.apicurio.registry.serde.avro.AvroKafkaSerializer, request.timeout.ms=5000, acks=all, bootstrap.servers=PLAINTEXT://localhost:32770, connections.max.idle.ms=10000, key.serializer=org.apache.kafka.common.serialization.StringSerializer, client.id=Producer-topic-f1e143d6_1671_45e7_a150_114bb319d8dd}
2025-07-31 02:23:25,814 INFO  [io.api.tes.ser.api.SimpleSerdesTesterBuilder$SimpleSerdesTester] (main) Using consumer configuration: {}
2025-07-31 02:23:25,815 INFO  [io.api.tes.ser.api.KafkaSerdesTester] (Thread-171) Sending message {"id": "record-0"} to topic topic-f1e143d6_1671_45e7_a150_114bb319d8dd
2025-07-31 02:23:25,843 WARN  [org.apa.kaf.cli.NetworkClient] (kafka-producer-network-thread | Producer-topic-f1e143d6_1671_45e7_a150_114bb319d8dd) [Producer clientId=Producer-topic-f1e143d6_1671_45e7_a150_114bb319d8dd] The metadata response from the cluster reported a recoverable issue with correlation id 2 : {topic-f1e143d6_1671_45e7_a150_114bb319d8dd=LEADER_NOT_AVAILABLE}
2025-07-31 02:23:25,843 INFO  [org.apa.kaf.cli.Metadata] (kafka-producer-network-thread | Producer-topic-f1e143d6_1671_45e7_a150_114bb319d8dd) [Producer clientId=Producer-topic-f1e143d6_1671_45e7_a150_114bb319d8dd] Cluster ID: EeXQRaomRg6j_8npZiTrIA
2025-07-31 02:23:25,844 INFO  [org.apa.kaf.cli.pro.int.TransactionManager] (kafka-producer-network-thread | Producer-topic-f1e143d6_1671_45e7_a150_114bb319d8dd) [Producer clientId=Producer-topic-f1e143d6_1671_45e7_a150_114bb319d8dd] ProducerId set to 10 with epoch 0
2025-07-31 02:23:26,044 INFO  [io.api.tes.ser.api.KafkaSerdesTester] (Thread-171) Sending message {"value": 1} to topic topic-f1e143d6_1671_45e7_a150_114bb319d8dd
2025-07-31 02:23:26,138 INFO  [io.api.tes.ser.api.KafkaSerdesTester] (Thread-171) Sending message {"active": true} to topic topic-f1e143d6_1671_45e7_a150_114bb319d8dd
2025-07-31 02:23:26,230 INFO  [io.api.tes.ser.api.KafkaSerdesTester] (Thread-171) Sending message {"id": "record-3"} to topic topic-f1e143d6_1671_45e7_a150_114bb319d8dd
2025-07-31 02:23:26,233 INFO  [io.api.tes.ser.api.KafkaSerdesTester] (Thread-171) Sending message {"value": 4} to topic topic-f1e143d6_1671_45e7_a150_114bb319d8dd
2025-07-31 02:23:26,240 INFO  [io.api.tes.ser.api.KafkaSerdesTester] (Thread-171) Sending message {"active": false} to topic topic-f1e143d6_1671_45e7_a150_114bb319d8dd
2025-07-31 02:23:26,245 INFO  [io.api.tes.ser.api.KafkaSerdesTester] (Thread-171) Sending message {"id": "record-6"} to topic topic-f1e143d6_1671_45e7_a150_114bb319d8dd
2025-07-31 02:23:26,246 INFO  [io.api.tes.ser.api.KafkaSerdesTester] (Thread-171) Sending message {"value": 7} to topic topic-f1e143d6_1671_45e7_a150_114bb319d8dd
2025-07-31 02:23:26,248 INFO  [io.api.tes.ser.api.KafkaSerdesTester] (Thread-171) Sending message {"active": true} to topic topic-f1e143d6_1671_45e7_a150_114bb319d8dd
2025-07-31 02:23:26,250 INFO  [io.api.tes.ser.api.KafkaSerdesTester] (Thread-171) Sending message {"id": "record-9"} to topic topic-f1e143d6_1671_45e7_a150_114bb319d8dd
2025-07-31 02:23:26,252 INFO  [io.api.tes.ser.api.KafkaSerdesTester] (Thread-171) Produced 10 messages
2025-07-31 02:23:26,252 INFO  [org.apa.kaf.cli.pro.KafkaProducer] (Thread-171) [Producer clientId=Producer-topic-f1e143d6_1671_45e7_a150_114bb319d8dd] Closing the Kafka producer with timeoutMillis = 9223372036854775807 ms.
2025-07-31 02:23:26,255 INFO  [org.apa.kaf.com.met.Metrics] (Thread-171) Metrics scheduler closed
2025-07-31 02:23:26,255 INFO  [org.apa.kaf.com.met.Metrics] (Thread-171) Closing reporter org.apache.kafka.common.metrics.JmxReporter
2025-07-31 02:23:26,255 INFO  [org.apa.kaf.com.met.Metrics] (Thread-171) Closing reporter org.apache.kafka.common.telemetry.internals.ClientTelemetryReporter
2025-07-31 02:23:26,255 INFO  [org.apa.kaf.com.met.Metrics] (Thread-171) Metrics reporters closed
2025-07-31 02:23:26,255 INFO  [org.apa.kaf.com.uti.AppInfoParser] (Thread-171) App info kafka.producer for Producer-topic-f1e143d6_1671_45e7_a150_114bb319d8dd unregistered
2025-07-31 02:23:26,295 INFO  [io.api.tes.ser.api.AvroSerdeIT] (main) Artifact topic-f1e143d6_1671_45e7_a150_114bb319d8dd-value found in registry with globalId 20
2025-07-31 02:23:26,296 INFO  [org.apa.kaf.cli.con.ConsumerConfig] (main) ConsumerConfig values: 
	allow.auto.create.topics = true
	auto.commit.interval.ms = 500
	auto.include.jmx.reporter = true
	auto.offset.reset = earliest
	bootstrap.servers = [PLAINTEXT://localhost:32770]
	check.crcs = true
	client.dns.lookup = use_all_dns_ips
	client.id = consumer-Consumer-topic-f1e143d6_1671_45e7_a150_114bb319d8dd-8
	client.rack = 
	connections.max.idle.ms = 10000
	default.api.timeout.ms = 60000
	enable.auto.commit = true
	enable.metrics.push = true
	exclude.internal.topics = true
	fetch.max.bytes = 52428800
	fetch.max.wait.ms = 500
	fetch.min.bytes = 1
	group.id = Consumer-topic-f1e143d6_1671_45e7_a150_114bb319d8dd
	group.instance.id = null
	group.protocol = classic
	group.remote.assignor = null
	heartbeat.interval.ms = 3000
	interceptor.classes = []
	internal.leave.group.on.close = true
	internal.throw.on.fetch.stable.offset.unsupported = false
	isolation.level = read_uncommitted
	key.deserializer = class org.apache.kafka.common.serialization.StringDeserializer
	max.partition.fetch.bytes = 1048576
	max.poll.interval.ms = 300000
	max.poll.records = 500
	metadata.max.age.ms = 300000
	metadata.recovery.strategy = none
	metric.reporters = []
	metrics.num.samples = 2
	metrics.recording.level = INFO
	metrics.sample.window.ms = 30000
	partition.assignment.strategy = [class org.apache.kafka.clients.consumer.RangeAssignor, class org.apache.kafka.clients.consumer.CooperativeStickyAssignor]
	receive.buffer.bytes = 65536
	reconnect.backoff.max.ms = 1000
	reconnect.backoff.ms = 50
	request.timeout.ms = 5000
	retry.backoff.max.ms = 1000
	retry.backoff.ms = 100
	sasl.client.callback.handler.class = null
	sasl.jaas.config = null
	sasl.kerberos.kinit.cmd = /usr/bin/kinit
	sasl.kerberos.min.time.before.relogin = 60000
	sasl.kerberos.service.name = null
	sasl.kerberos.ticket.renew.jitter = 0.05
	sasl.kerberos.ticket.renew.window.factor = 0.8
	sasl.login.callback.handler.class = null
	sasl.login.class = null
	sasl.login.connect.timeout.ms = null
	sasl.login.read.timeout.ms = null
	sasl.login.refresh.buffer.seconds = 300
	sasl.login.refresh.min.period.seconds = 60
	sasl.login.refresh.window.factor = 0.8
	sasl.login.refresh.window.jitter = 0.05
	sasl.login.retry.backoff.max.ms = 10000
	sasl.login.retry.backoff.ms = 100
	sasl.mechanism = GSSAPI
	sasl.oauthbearer.clock.skew.seconds = 30
	sasl.oauthbearer.expected.audience = null
	sasl.oauthbearer.expected.issuer = null
	sasl.oauthbearer.header.urlencode = false
	sasl.oauthbearer.jwks.endpoint.refresh.ms = 3600000
	sasl.oauthbearer.jwks.endpoint.retry.backoff.max.ms = 10000
	sasl.oauthbearer.jwks.endpoint.retry.backoff.ms = 100
	sasl.oauthbearer.jwks.endpoint.url = null
	sasl.oauthbearer.scope.claim.name = scope
	sasl.oauthbearer.sub.claim.name = sub
	sasl.oauthbearer.token.endpoint.url = null
	security.protocol = PLAINTEXT
	security.providers = null
	send.buffer.bytes = 131072
	session.timeout.ms = 45000
	socket.connection.setup.timeout.max.ms = 30000
	socket.connection.setup.timeout.ms = 10000
	ssl.cipher.suites = null
	ssl.enabled.protocols = [TLSv1.2, TLSv1.3]
	ssl.endpoint.identification.algorithm = https
	ssl.engine.factory.class = null
	ssl.key.password = null
	ssl.keymanager.algorithm = SunX509
	ssl.keystore.certificate.chain = null
	ssl.keystore.key = null
	ssl.keystore.location = null
	ssl.keystore.password = null
	ssl.keystore.type = JKS
	ssl.protocol = TLSv1.3
	ssl.provider = null
	ssl.secure.random.implementation = null
	ssl.trustmanager.algorithm = PKIX
	ssl.truststore.certificates = null
	ssl.truststore.location = null
	ssl.truststore.password = null
	ssl.truststore.type = JKS
	value.deserializer = class io.apicurio.registry.serde.avro.AvroKafkaDeserializer

2025-07-31 02:23:26,296 INFO  [org.apa.kaf.com.tel.int.KafkaMetricsCollector] (main) initializing Kafka metrics collector
2025-07-31 02:23:26,301 INFO  [org.apa.kaf.cli.con.ConsumerConfig] (main) These configurations '[apicurio.registry.url]' were supplied but are not used yet.
2025-07-31 02:23:26,301 INFO  [org.apa.kaf.com.uti.AppInfoParser] (main) Kafka version: 3.9.0
2025-07-31 02:23:26,301 INFO  [org.apa.kaf.com.uti.AppInfoParser] (main) Kafka commitId: 84caaa6e9da06435
2025-07-31 02:23:26,301 INFO  [org.apa.kaf.com.uti.AppInfoParser] (main) Kafka startTimeMs: 1753928606301
2025-07-31 02:23:26,301 INFO  [org.apa.kaf.cli.con.int.ClassicKafkaConsumer] (Thread-174) [Consumer clientId=consumer-Consumer-topic-f1e143d6_1671_45e7_a150_114bb319d8dd-8, groupId=Consumer-topic-f1e143d6_1671_45e7_a150_114bb319d8dd] Subscribed to topic(s): topic-f1e143d6_1671_45e7_a150_114bb319d8dd
2025-07-31 02:23:26,307 INFO  [org.apa.kaf.cli.Metadata] (Thread-174) [Consumer clientId=consumer-Consumer-topic-f1e143d6_1671_45e7_a150_114bb319d8dd-8, groupId=Consumer-topic-f1e143d6_1671_45e7_a150_114bb319d8dd] Cluster ID: EeXQRaomRg6j_8npZiTrIA
2025-07-31 02:23:26,308 INFO  [org.apa.kaf.cli.con.int.ConsumerCoordinator] (Thread-174) [Consumer clientId=consumer-Consumer-topic-f1e143d6_1671_45e7_a150_114bb319d8dd-8, groupId=Consumer-topic-f1e143d6_1671_45e7_a150_114bb319d8dd] Discovered group coordinator localhost:32770 (id: 2147483647 rack: null)
2025-07-31 02:23:26,309 INFO  [org.apa.kaf.cli.con.int.ConsumerCoordinator] (Thread-174) [Consumer clientId=consumer-Consumer-topic-f1e143d6_1671_45e7_a150_114bb319d8dd-8, groupId=Consumer-topic-f1e143d6_1671_45e7_a150_114bb319d8dd] (Re-)joining group
2025-07-31 02:23:26,312 INFO  [org.apa.kaf.cli.con.int.ConsumerCoordinator] (Thread-174) [Consumer clientId=consumer-Consumer-topic-f1e143d6_1671_45e7_a150_114bb319d8dd-8, groupId=Consumer-topic-f1e143d6_1671_45e7_a150_114bb319d8dd] Request joining group due to: need to re-join with the given member-id: consumer-Consumer-topic-f1e143d6_1671_45e7_a150_114bb319d8dd-8-5af1d68f-a556-409c-9692-b1de8749b0b5
2025-07-31 02:23:26,312 INFO  [org.apa.kaf.cli.con.int.ConsumerCoordinator] (Thread-174) [Consumer clientId=consumer-Consumer-topic-f1e143d6_1671_45e7_a150_114bb319d8dd-8, groupId=Consumer-topic-f1e143d6_1671_45e7_a150_114bb319d8dd] (Re-)joining group
2025-07-31 02:23:26,314 INFO  [org.apa.kaf.cli.con.int.ConsumerCoordinator] (Thread-174) [Consumer clientId=consumer-Consumer-topic-f1e143d6_1671_45e7_a150_114bb319d8dd-8, groupId=Consumer-topic-f1e143d6_1671_45e7_a150_114bb319d8dd] Successfully joined group with generation Generation{generationId=1, memberId='consumer-Consumer-topic-f1e143d6_1671_45e7_a150_114bb319d8dd-8-5af1d68f-a556-409c-9692-b1de8749b0b5', protocol='range'}
2025-07-31 02:23:26,314 INFO  [org.apa.kaf.cli.con.int.ConsumerCoordinator] (Thread-174) [Consumer clientId=consumer-Consumer-topic-f1e143d6_1671_45e7_a150_114bb319d8dd-8, groupId=Consumer-topic-f1e143d6_1671_45e7_a150_114bb319d8dd] Finished assignment for group at generation 1: {consumer-Consumer-topic-f1e143d6_1671_45e7_a150_114bb319d8dd-8-5af1d68f-a556-409c-9692-b1de8749b0b5=Assignment(partitions=[topic-f1e143d6_1671_45e7_a150_114bb319d8dd-0])}
2025-07-31 02:23:26,317 INFO  [org.apa.kaf.cli.con.int.ConsumerCoordinator] (Thread-174) [Consumer clientId=consumer-Consumer-topic-f1e143d6_1671_45e7_a150_114bb319d8dd-8, groupId=Consumer-topic-f1e143d6_1671_45e7_a150_114bb319d8dd] Successfully synced group in generation Generation{generationId=1, memberId='consumer-Consumer-topic-f1e143d6_1671_45e7_a150_114bb319d8dd-8-5af1d68f-a556-409c-9692-b1de8749b0b5', protocol='range'}
2025-07-31 02:23:26,318 INFO  [org.apa.kaf.cli.con.int.ConsumerCoordinator] (Thread-174) [Consumer clientId=consumer-Consumer-topic-f1e143d6_1671_45e7_a150_114bb319d8dd-8, groupId=Consumer-topic-f1e143d6_1671_45e7_a150_114bb319d8dd] Notifying assignor about the new Assignment(partitions=[topic-f1e143d6_1671_45e7_a150_114bb319d8dd-0])
2025-07-31 02:23:26,318 INFO  [org.apa.kaf.cli.con.int.ConsumerRebalanceListenerInvoker] (Thread-174) [Consumer clientId=consumer-Consumer-topic-f1e143d6_1671_45e7_a150_114bb319d8dd-8, groupId=Consumer-topic-f1e143d6_1671_45e7_a150_114bb319d8dd] Adding newly assigned partitions: topic-f1e143d6_1671_45e7_a150_114bb319d8dd-0
2025-07-31 02:23:26,319 INFO  [org.apa.kaf.cli.con.int.ConsumerCoordinator] (Thread-174) [Consumer clientId=consumer-Consumer-topic-f1e143d6_1671_45e7_a150_114bb319d8dd-8, groupId=Consumer-topic-f1e143d6_1671_45e7_a150_114bb319d8dd] Found no committed offset for partition topic-f1e143d6_1671_45e7_a150_114bb319d8dd-0
2025-07-31 02:23:26,325 INFO  [org.apa.kaf.cli.con.int.SubscriptionState] (Thread-174) [Consumer clientId=consumer-Consumer-topic-f1e143d6_1671_45e7_a150_114bb319d8dd-8, groupId=Consumer-topic-f1e143d6_1671_45e7_a150_114bb319d8dd] Resetting offset for partition topic-f1e143d6_1671_45e7_a150_114bb319d8dd-0 to position FetchPosition{offset=0, offsetEpoch=Optional.empty, currentLeader=LeaderAndEpoch{leader=Optional[localhost:32770 (id: 0 rack: null)], epoch=0}}.
2025-07-31 02:23:26,512 INFO  [io.api.tes.ser.api.KafkaSerdesTester] (Thread-174) topic-f1e143d6_1671_45e7_a150_114bb319d8dd 0 0 {"id": "record-0"}
2025-07-31 02:23:26,512 INFO  [io.api.tes.ser.api.KafkaSerdesTester] (Thread-174) topic-f1e143d6_1671_45e7_a150_114bb319d8dd 0 1 {"value": 1}
2025-07-31 02:23:26,512 INFO  [io.api.tes.ser.api.KafkaSerdesTester] (Thread-174) topic-f1e143d6_1671_45e7_a150_114bb319d8dd 0 2 {"active": true}
2025-07-31 02:23:26,512 INFO  [io.api.tes.ser.api.KafkaSerdesTester] (Thread-174) topic-f1e143d6_1671_45e7_a150_114bb319d8dd 0 3 {"id": "record-3"}
2025-07-31 02:23:26,512 INFO  [io.api.tes.ser.api.KafkaSerdesTester] (Thread-174) topic-f1e143d6_1671_45e7_a150_114bb319d8dd 0 4 {"value": 4}
2025-07-31 02:23:26,512 INFO  [io.api.tes.ser.api.KafkaSerdesTester] (Thread-174) topic-f1e143d6_1671_45e7_a150_114bb319d8dd 0 5 {"active": false}
2025-07-31 02:23:26,512 INFO  [io.api.tes.ser.api.KafkaSerdesTester] (Thread-174) topic-f1e143d6_1671_45e7_a150_114bb319d8dd 0 6 {"id": "record-6"}
2025-07-31 02:23:26,512 INFO  [io.api.tes.ser.api.KafkaSerdesTester] (Thread-174) topic-f1e143d6_1671_45e7_a150_114bb319d8dd 0 7 {"value": 7}
2025-07-31 02:23:26,512 INFO  [io.api.tes.ser.api.KafkaSerdesTester] (Thread-174) topic-f1e143d6_1671_45e7_a150_114bb319d8dd 0 8 {"active": true}
2025-07-31 02:23:26,512 INFO  [io.api.tes.ser.api.KafkaSerdesTester] (Thread-174) topic-f1e143d6_1671_45e7_a150_114bb319d8dd 0 9 {"id": "record-9"}
2025-07-31 02:23:26,512 INFO  [io.api.tes.ser.api.KafkaSerdesTester] (Thread-174) Consumed 10 messages
2025-07-31 02:23:26,516 INFO  [org.apa.kaf.cli.con.int.ConsumerRebalanceListenerInvoker] (Thread-174) [Consumer clientId=consumer-Consumer-topic-f1e143d6_1671_45e7_a150_114bb319d8dd-8, groupId=Consumer-topic-f1e143d6_1671_45e7_a150_114bb319d8dd] Revoke previously assigned partitions topic-f1e143d6_1671_45e7_a150_114bb319d8dd-0
2025-07-31 02:23:26,516 INFO  [org.apa.kaf.cli.con.int.ConsumerCoordinator] (Thread-174) [Consumer clientId=consumer-Consumer-topic-f1e143d6_1671_45e7_a150_114bb319d8dd-8, groupId=Consumer-topic-f1e143d6_1671_45e7_a150_114bb319d8dd] Member consumer-Consumer-topic-f1e143d6_1671_45e7_a150_114bb319d8dd-8-5af1d68f-a556-409c-9692-b1de8749b0b5 sending LeaveGroup request to coordinator localhost:32770 (id: 2147483647 rack: null) due to the consumer is being closed
2025-07-31 02:23:26,516 INFO  [org.apa.kaf.cli.con.int.ConsumerCoordinator] (Thread-174) [Consumer clientId=consumer-Consumer-topic-f1e143d6_1671_45e7_a150_114bb319d8dd-8, groupId=Consumer-topic-f1e143d6_1671_45e7_a150_114bb319d8dd] Resetting generation and member id due to: consumer pro-actively leaving the group
2025-07-31 02:23:26,516 INFO  [org.apa.kaf.cli.con.int.ConsumerCoordinator] (Thread-174) [Consumer clientId=consumer-Consumer-topic-f1e143d6_1671_45e7_a150_114bb319d8dd-8, groupId=Consumer-topic-f1e143d6_1671_45e7_a150_114bb319d8dd] Request joining group due to: consumer pro-actively leaving the group
2025-07-31 02:23:27,016 INFO  [org.apa.kaf.com.met.Metrics] (Thread-174) Metrics scheduler closed
2025-07-31 02:23:27,017 INFO  [org.apa.kaf.com.met.Metrics] (Thread-174) Closing reporter org.apache.kafka.common.metrics.JmxReporter
2025-07-31 02:23:27,017 INFO  [org.apa.kaf.com.met.Metrics] (Thread-174) Closing reporter org.apache.kafka.common.telemetry.internals.ClientTelemetryReporter
2025-07-31 02:23:27,017 INFO  [org.apa.kaf.com.met.Metrics] (Thread-174) Metrics reporters closed
2025-07-31 02:23:27,019 INFO  [org.apa.kaf.com.uti.AppInfoParser] (Thread-174) App info kafka.consumer for consumer-Consumer-topic-f1e143d6_1671_45e7_a150_114bb319d8dd-8 unregistered
2025-07-31 02:23:27,020 INFO  [io.api.tes.uti.TestSeparator] (main) io.apicurio.tests.serdes.apicurio.AvroSerdeIT.testAvroUnionWithSpecificReader-FINISHED
2025-07-31 02:23:27,020 INFO  [io.api.tes.uti.TestSeparator] (main) ############################################################################
]]></system-out>
  </testcase>
  <testcase name="testEvolveAvroApicurioReusingClient" classname="io.apicurio.tests.serdes.apicurio.AvroSerdeIT" time="4.329">
    <system-out><![CDATA[2025-07-31 02:23:27,024 INFO  [io.api.tes.uti.TestSeparator] (main) ############################################################################
2025-07-31 02:23:27,024 INFO  [io.api.tes.uti.TestSeparator] (main) io.apicurio.tests.serdes.apicurio.AvroSerdeIT.testEvolveAvroApicurioReusingClient-STARTED
2025-07-31 02:23:27,025 INFO  [io.api.tes.ser.api.AvroSerdeIT] (main) Registering Avro Schema: {"type":"record","name":"se8603a5ex3906x4a22x8659xd498750e2187","namespace":"ns_0554b720_9429_4c85_8d6e_c29a0a207b6b","fields":[{"name":"key11753928607024","type":"string"}]}
2025-07-31 02:23:28,120 INFO  [org.apa.kaf.cli.pro.ProducerConfig] (main) ProducerConfig values: 
	acks = -1
	auto.include.jmx.reporter = true
	batch.size = 16384
	bootstrap.servers = [PLAINTEXT://localhost:32770]
	buffer.memory = 33554432
	client.dns.lookup = use_all_dns_ips
	client.id = Producer-topic-41a66ce2_ab60_460d_8e17_c0821e288fe3
	compression.gzip.level = -1
	compression.lz4.level = 9
	compression.type = none
	compression.zstd.level = 3
	connections.max.idle.ms = 10000
	delivery.timeout.ms = 120000
	enable.idempotence = true
	enable.metrics.push = true
	interceptor.classes = []
	key.serializer = class org.apache.kafka.common.serialization.StringSerializer
	linger.ms = 0
	max.block.ms = 60000
	max.in.flight.requests.per.connection = 5
	max.request.size = 1048576
	metadata.max.age.ms = 300000
	metadata.max.idle.ms = 300000
	metadata.recovery.strategy = none
	metric.reporters = []
	metrics.num.samples = 2
	metrics.recording.level = INFO
	metrics.sample.window.ms = 30000
	partitioner.adaptive.partitioning.enable = true
	partitioner.availability.timeout.ms = 0
	partitioner.class = null
	partitioner.ignore.keys = false
	receive.buffer.bytes = 32768
	reconnect.backoff.max.ms = 1000
	reconnect.backoff.ms = 50
	request.timeout.ms = 5000
	retries = 2147483647
	retry.backoff.max.ms = 1000
	retry.backoff.ms = 100
	sasl.client.callback.handler.class = null
	sasl.jaas.config = null
	sasl.kerberos.kinit.cmd = /usr/bin/kinit
	sasl.kerberos.min.time.before.relogin = 60000
	sasl.kerberos.service.name = null
	sasl.kerberos.ticket.renew.jitter = 0.05
	sasl.kerberos.ticket.renew.window.factor = 0.8
	sasl.login.callback.handler.class = null
	sasl.login.class = null
	sasl.login.connect.timeout.ms = null
	sasl.login.read.timeout.ms = null
	sasl.login.refresh.buffer.seconds = 300
	sasl.login.refresh.min.period.seconds = 60
	sasl.login.refresh.window.factor = 0.8
	sasl.login.refresh.window.jitter = 0.05
	sasl.login.retry.backoff.max.ms = 10000
	sasl.login.retry.backoff.ms = 100
	sasl.mechanism = GSSAPI
	sasl.oauthbearer.clock.skew.seconds = 30
	sasl.oauthbearer.expected.audience = null
	sasl.oauthbearer.expected.issuer = null
	sasl.oauthbearer.header.urlencode = false
	sasl.oauthbearer.jwks.endpoint.refresh.ms = 3600000
	sasl.oauthbearer.jwks.endpoint.retry.backoff.max.ms = 10000
	sasl.oauthbearer.jwks.endpoint.retry.backoff.ms = 100
	sasl.oauthbearer.jwks.endpoint.url = null
	sasl.oauthbearer.scope.claim.name = scope
	sasl.oauthbearer.sub.claim.name = sub
	sasl.oauthbearer.token.endpoint.url = null
	security.protocol = PLAINTEXT
	security.providers = null
	send.buffer.bytes = 131072
	socket.connection.setup.timeout.max.ms = 30000
	socket.connection.setup.timeout.ms = 10000
	ssl.cipher.suites = null
	ssl.enabled.protocols = [TLSv1.2, TLSv1.3]
	ssl.endpoint.identification.algorithm = https
	ssl.engine.factory.class = null
	ssl.key.password = null
	ssl.keymanager.algorithm = SunX509
	ssl.keystore.certificate.chain = null
	ssl.keystore.key = null
	ssl.keystore.location = null
	ssl.keystore.password = null
	ssl.keystore.type = JKS
	ssl.protocol = TLSv1.3
	ssl.provider = null
	ssl.secure.random.implementation = null
	ssl.trustmanager.algorithm = PKIX
	ssl.truststore.certificates = null
	ssl.truststore.location = null
	ssl.truststore.password = null
	ssl.truststore.type = JKS
	transaction.timeout.ms = 60000
	transactional.id = null
	value.serializer = class io.apicurio.registry.serde.avro.AvroKafkaSerializer

2025-07-31 02:23:28,120 INFO  [org.apa.kaf.com.tel.int.KafkaMetricsCollector] (main) initializing Kafka metrics collector
2025-07-31 02:23:28,123 INFO  [org.apa.kaf.cli.pro.KafkaProducer] (main) [Producer clientId=Producer-topic-41a66ce2_ab60_460d_8e17_c0821e288fe3] Instantiated an idempotent producer.
2025-07-31 02:23:28,125 INFO  [org.apa.kaf.cli.pro.ProducerConfig] (main) These configurations '[apicurio.registry.url, apicurio.registry.artifact-resolver-strategy]' were supplied but are not used yet.
2025-07-31 02:23:28,125 INFO  [org.apa.kaf.com.uti.AppInfoParser] (main) Kafka version: 3.9.0
2025-07-31 02:23:28,125 INFO  [org.apa.kaf.com.uti.AppInfoParser] (main) Kafka commitId: 84caaa6e9da06435
2025-07-31 02:23:28,125 INFO  [org.apa.kaf.com.uti.AppInfoParser] (main) Kafka startTimeMs: 1753928608125
2025-07-31 02:23:28,125 INFO  [org.apa.kaf.cli.con.ConsumerConfig] (main) ConsumerConfig values: 
	allow.auto.create.topics = true
	auto.commit.interval.ms = 500
	auto.include.jmx.reporter = true
	auto.offset.reset = earliest
	bootstrap.servers = [PLAINTEXT://localhost:32770]
	check.crcs = true
	client.dns.lookup = use_all_dns_ips
	client.id = consumer-Consumer-topic-41a66ce2_ab60_460d_8e17_c0821e288fe3-9
	client.rack = 
	connections.max.idle.ms = 10000
	default.api.timeout.ms = 60000
	enable.auto.commit = true
	enable.metrics.push = true
	exclude.internal.topics = true
	fetch.max.bytes = 52428800
	fetch.max.wait.ms = 500
	fetch.min.bytes = 1
	group.id = Consumer-topic-41a66ce2_ab60_460d_8e17_c0821e288fe3
	group.instance.id = null
	group.protocol = classic
	group.remote.assignor = null
	heartbeat.interval.ms = 3000
	interceptor.classes = []
	internal.leave.group.on.close = true
	internal.throw.on.fetch.stable.offset.unsupported = false
	isolation.level = read_uncommitted
	key.deserializer = class org.apache.kafka.common.serialization.StringDeserializer
	max.partition.fetch.bytes = 1048576
	max.poll.interval.ms = 300000
	max.poll.records = 500
	metadata.max.age.ms = 300000
	metadata.recovery.strategy = none
	metric.reporters = []
	metrics.num.samples = 2
	metrics.recording.level = INFO
	metrics.sample.window.ms = 30000
	partition.assignment.strategy = [class org.apache.kafka.clients.consumer.RangeAssignor, class org.apache.kafka.clients.consumer.CooperativeStickyAssignor]
	receive.buffer.bytes = 65536
	reconnect.backoff.max.ms = 1000
	reconnect.backoff.ms = 50
	request.timeout.ms = 5000
	retry.backoff.max.ms = 1000
	retry.backoff.ms = 100
	sasl.client.callback.handler.class = null
	sasl.jaas.config = null
	sasl.kerberos.kinit.cmd = /usr/bin/kinit
	sasl.kerberos.min.time.before.relogin = 60000
	sasl.kerberos.service.name = null
	sasl.kerberos.ticket.renew.jitter = 0.05
	sasl.kerberos.ticket.renew.window.factor = 0.8
	sasl.login.callback.handler.class = null
	sasl.login.class = null
	sasl.login.connect.timeout.ms = null
	sasl.login.read.timeout.ms = null
	sasl.login.refresh.buffer.seconds = 300
	sasl.login.refresh.min.period.seconds = 60
	sasl.login.refresh.window.factor = 0.8
	sasl.login.refresh.window.jitter = 0.05
	sasl.login.retry.backoff.max.ms = 10000
	sasl.login.retry.backoff.ms = 100
	sasl.mechanism = GSSAPI
	sasl.oauthbearer.clock.skew.seconds = 30
	sasl.oauthbearer.expected.audience = null
	sasl.oauthbearer.expected.issuer = null
	sasl.oauthbearer.header.urlencode = false
	sasl.oauthbearer.jwks.endpoint.refresh.ms = 3600000
	sasl.oauthbearer.jwks.endpoint.retry.backoff.max.ms = 10000
	sasl.oauthbearer.jwks.endpoint.retry.backoff.ms = 100
	sasl.oauthbearer.jwks.endpoint.url = null
	sasl.oauthbearer.scope.claim.name = scope
	sasl.oauthbearer.sub.claim.name = sub
	sasl.oauthbearer.token.endpoint.url = null
	security.protocol = PLAINTEXT
	security.providers = null
	send.buffer.bytes = 131072
	session.timeout.ms = 45000
	socket.connection.setup.timeout.max.ms = 30000
	socket.connection.setup.timeout.ms = 10000
	ssl.cipher.suites = null
	ssl.enabled.protocols = [TLSv1.2, TLSv1.3]
	ssl.endpoint.identification.algorithm = https
	ssl.engine.factory.class = null
	ssl.key.password = null
	ssl.keymanager.algorithm = SunX509
	ssl.keystore.certificate.chain = null
	ssl.keystore.key = null
	ssl.keystore.location = null
	ssl.keystore.password = null
	ssl.keystore.type = JKS
	ssl.protocol = TLSv1.3
	ssl.provider = null
	ssl.secure.random.implementation = null
	ssl.trustmanager.algorithm = PKIX
	ssl.truststore.certificates = null
	ssl.truststore.location = null
	ssl.truststore.password = null
	ssl.truststore.type = JKS
	value.deserializer = class io.apicurio.registry.serde.avro.AvroKafkaDeserializer

2025-07-31 02:23:28,126 INFO  [org.apa.kaf.com.tel.int.KafkaMetricsCollector] (main) initializing Kafka metrics collector
2025-07-31 02:23:28,132 INFO  [org.apa.kaf.cli.con.ConsumerConfig] (main) These configurations '[apicurio.registry.url]' were supplied but are not used yet.
2025-07-31 02:23:28,132 INFO  [org.apa.kaf.com.uti.AppInfoParser] (main) Kafka version: 3.9.0
2025-07-31 02:23:28,132 INFO  [org.apa.kaf.com.uti.AppInfoParser] (main) Kafka commitId: 84caaa6e9da06435
2025-07-31 02:23:28,132 INFO  [org.apa.kaf.com.uti.AppInfoParser] (main) Kafka startTimeMs: 1753928608132
2025-07-31 02:23:28,133 INFO  [org.apa.kaf.cli.Metadata] (kafka-producer-network-thread | Producer-topic-41a66ce2_ab60_460d_8e17_c0821e288fe3) [Producer clientId=Producer-topic-41a66ce2_ab60_460d_8e17_c0821e288fe3] Cluster ID: EeXQRaomRg6j_8npZiTrIA
2025-07-31 02:23:28,133 INFO  [org.apa.kaf.cli.pro.int.TransactionManager] (kafka-producer-network-thread | Producer-topic-41a66ce2_ab60_460d_8e17_c0821e288fe3) [Producer clientId=Producer-topic-41a66ce2_ab60_460d_8e17_c0821e288fe3] ProducerId set to 11 with epoch 0
2025-07-31 02:23:28,134 INFO  [io.api.tes.ser.api.KafkaSerdesTester] (Thread-179) Sending message {"key11753928607024": "value-0"} to topic topic-41a66ce2_ab60_460d_8e17_c0821e288fe3
2025-07-31 02:23:28,139 INFO  [DefaultSchemaResolver] (Thread-179) Retrieving schema content using string: {"type":"record","name":"se8603a5ex3906x4a22x8659xd498750e2187","namespace":"ns_0554b720_9429_4c85_8d6e_c29a0a207b6b","fields":[{"name":"key11753928607024","type":"string"}]}
2025-07-31 02:23:28,198 INFO  [io.api.tes.ser.api.KafkaSerdesTester] (Thread-179) Sending message {"key11753928607024": "value-1"} to topic topic-41a66ce2_ab60_460d_8e17_c0821e288fe3
2025-07-31 02:23:28,200 INFO  [io.api.tes.ser.api.KafkaSerdesTester] (Thread-179) Sending message {"key11753928607024": "value-2"} to topic topic-41a66ce2_ab60_460d_8e17_c0821e288fe3
2025-07-31 02:23:28,202 INFO  [io.api.tes.ser.api.KafkaSerdesTester] (Thread-179) Sending message {"key11753928607024": "value-3"} to topic topic-41a66ce2_ab60_460d_8e17_c0821e288fe3
2025-07-31 02:23:28,204 INFO  [io.api.tes.ser.api.KafkaSerdesTester] (Thread-179) Sending message {"key11753928607024": "value-4"} to topic topic-41a66ce2_ab60_460d_8e17_c0821e288fe3
2025-07-31 02:23:28,205 INFO  [io.api.tes.ser.api.KafkaSerdesTester] (Thread-179) Sending message {"key11753928607024": "value-5"} to topic topic-41a66ce2_ab60_460d_8e17_c0821e288fe3
2025-07-31 02:23:28,208 INFO  [io.api.tes.ser.api.KafkaSerdesTester] (Thread-179) Sending message {"key11753928607024": "value-6"} to topic topic-41a66ce2_ab60_460d_8e17_c0821e288fe3
2025-07-31 02:23:28,210 INFO  [io.api.tes.ser.api.KafkaSerdesTester] (Thread-179) Sending message {"key11753928607024": "value-7"} to topic topic-41a66ce2_ab60_460d_8e17_c0821e288fe3
2025-07-31 02:23:28,214 INFO  [io.api.tes.ser.api.KafkaSerdesTester] (Thread-179) Sending message {"key11753928607024": "value-8"} to topic topic-41a66ce2_ab60_460d_8e17_c0821e288fe3
2025-07-31 02:23:28,220 INFO  [io.api.tes.ser.api.KafkaSerdesTester] (Thread-179) Sending message {"key11753928607024": "value-9"} to topic topic-41a66ce2_ab60_460d_8e17_c0821e288fe3
2025-07-31 02:23:28,222 INFO  [io.api.tes.ser.api.KafkaSerdesTester] (Thread-179) Produced 10 messages
2025-07-31 02:23:28,224 INFO  [org.apa.kaf.cli.con.int.ClassicKafkaConsumer] (Thread-180) [Consumer clientId=consumer-Consumer-topic-41a66ce2_ab60_460d_8e17_c0821e288fe3-9, groupId=Consumer-topic-41a66ce2_ab60_460d_8e17_c0821e288fe3] Subscribed to topic(s): topic-41a66ce2_ab60_460d_8e17_c0821e288fe3
2025-07-31 02:23:28,229 INFO  [org.apa.kaf.cli.Metadata] (Thread-180) [Consumer clientId=consumer-Consumer-topic-41a66ce2_ab60_460d_8e17_c0821e288fe3-9, groupId=Consumer-topic-41a66ce2_ab60_460d_8e17_c0821e288fe3] Cluster ID: EeXQRaomRg6j_8npZiTrIA
2025-07-31 02:23:28,230 INFO  [org.apa.kaf.cli.con.int.ConsumerCoordinator] (Thread-180) [Consumer clientId=consumer-Consumer-topic-41a66ce2_ab60_460d_8e17_c0821e288fe3-9, groupId=Consumer-topic-41a66ce2_ab60_460d_8e17_c0821e288fe3] Discovered group coordinator localhost:32770 (id: 2147483647 rack: null)
2025-07-31 02:23:28,231 INFO  [org.apa.kaf.cli.con.int.ConsumerCoordinator] (Thread-180) [Consumer clientId=consumer-Consumer-topic-41a66ce2_ab60_460d_8e17_c0821e288fe3-9, groupId=Consumer-topic-41a66ce2_ab60_460d_8e17_c0821e288fe3] (Re-)joining group
2025-07-31 02:23:28,234 INFO  [org.apa.kaf.cli.con.int.ConsumerCoordinator] (Thread-180) [Consumer clientId=consumer-Consumer-topic-41a66ce2_ab60_460d_8e17_c0821e288fe3-9, groupId=Consumer-topic-41a66ce2_ab60_460d_8e17_c0821e288fe3] Request joining group due to: need to re-join with the given member-id: consumer-Consumer-topic-41a66ce2_ab60_460d_8e17_c0821e288fe3-9-3c1a63d0-6af2-4cee-bdb8-7fae131f9f5c
2025-07-31 02:23:28,235 INFO  [org.apa.kaf.cli.con.int.ConsumerCoordinator] (Thread-180) [Consumer clientId=consumer-Consumer-topic-41a66ce2_ab60_460d_8e17_c0821e288fe3-9, groupId=Consumer-topic-41a66ce2_ab60_460d_8e17_c0821e288fe3] (Re-)joining group
2025-07-31 02:23:28,237 INFO  [org.apa.kaf.cli.con.int.ConsumerCoordinator] (Thread-180) [Consumer clientId=consumer-Consumer-topic-41a66ce2_ab60_460d_8e17_c0821e288fe3-9, groupId=Consumer-topic-41a66ce2_ab60_460d_8e17_c0821e288fe3] Successfully joined group with generation Generation{generationId=1, memberId='consumer-Consumer-topic-41a66ce2_ab60_460d_8e17_c0821e288fe3-9-3c1a63d0-6af2-4cee-bdb8-7fae131f9f5c', protocol='range'}
2025-07-31 02:23:28,237 INFO  [org.apa.kaf.cli.con.int.ConsumerCoordinator] (Thread-180) [Consumer clientId=consumer-Consumer-topic-41a66ce2_ab60_460d_8e17_c0821e288fe3-9, groupId=Consumer-topic-41a66ce2_ab60_460d_8e17_c0821e288fe3] Finished assignment for group at generation 1: {consumer-Consumer-topic-41a66ce2_ab60_460d_8e17_c0821e288fe3-9-3c1a63d0-6af2-4cee-bdb8-7fae131f9f5c=Assignment(partitions=[topic-41a66ce2_ab60_460d_8e17_c0821e288fe3-0])}
2025-07-31 02:23:28,242 INFO  [org.apa.kaf.cli.con.int.ConsumerCoordinator] (Thread-180) [Consumer clientId=consumer-Consumer-topic-41a66ce2_ab60_460d_8e17_c0821e288fe3-9, groupId=Consumer-topic-41a66ce2_ab60_460d_8e17_c0821e288fe3] Successfully synced group in generation Generation{generationId=1, memberId='consumer-Consumer-topic-41a66ce2_ab60_460d_8e17_c0821e288fe3-9-3c1a63d0-6af2-4cee-bdb8-7fae131f9f5c', protocol='range'}
2025-07-31 02:23:28,242 INFO  [org.apa.kaf.cli.con.int.ConsumerCoordinator] (Thread-180) [Consumer clientId=consumer-Consumer-topic-41a66ce2_ab60_460d_8e17_c0821e288fe3-9, groupId=Consumer-topic-41a66ce2_ab60_460d_8e17_c0821e288fe3] Notifying assignor about the new Assignment(partitions=[topic-41a66ce2_ab60_460d_8e17_c0821e288fe3-0])
2025-07-31 02:23:28,242 INFO  [org.apa.kaf.cli.con.int.ConsumerRebalanceListenerInvoker] (Thread-180) [Consumer clientId=consumer-Consumer-topic-41a66ce2_ab60_460d_8e17_c0821e288fe3-9, groupId=Consumer-topic-41a66ce2_ab60_460d_8e17_c0821e288fe3] Adding newly assigned partitions: topic-41a66ce2_ab60_460d_8e17_c0821e288fe3-0
2025-07-31 02:23:28,244 INFO  [org.apa.kaf.cli.con.int.ConsumerCoordinator] (Thread-180) [Consumer clientId=consumer-Consumer-topic-41a66ce2_ab60_460d_8e17_c0821e288fe3-9, groupId=Consumer-topic-41a66ce2_ab60_460d_8e17_c0821e288fe3] Found no committed offset for partition topic-41a66ce2_ab60_460d_8e17_c0821e288fe3-0
2025-07-31 02:23:28,247 INFO  [org.apa.kaf.cli.con.int.SubscriptionState] (Thread-180) [Consumer clientId=consumer-Consumer-topic-41a66ce2_ab60_460d_8e17_c0821e288fe3-9, groupId=Consumer-topic-41a66ce2_ab60_460d_8e17_c0821e288fe3] Resetting offset for partition topic-41a66ce2_ab60_460d_8e17_c0821e288fe3-0 to position FetchPosition{offset=0, offsetEpoch=Optional.empty, currentLeader=LeaderAndEpoch{leader=Optional[localhost:32770 (id: 0 rack: null)], epoch=0}}.
2025-07-31 02:23:28,331 INFO  [io.api.tes.ser.api.KafkaSerdesTester] (Thread-180) topic-41a66ce2_ab60_460d_8e17_c0821e288fe3 0 0 {"key11753928607024": "value-0"}
2025-07-31 02:23:28,331 INFO  [io.api.tes.ser.api.KafkaSerdesTester] (Thread-180) topic-41a66ce2_ab60_460d_8e17_c0821e288fe3 0 1 {"key11753928607024": "value-1"}
2025-07-31 02:23:28,331 INFO  [io.api.tes.ser.api.KafkaSerdesTester] (Thread-180) topic-41a66ce2_ab60_460d_8e17_c0821e288fe3 0 2 {"key11753928607024": "value-2"}
2025-07-31 02:23:28,331 INFO  [io.api.tes.ser.api.KafkaSerdesTester] (Thread-180) topic-41a66ce2_ab60_460d_8e17_c0821e288fe3 0 3 {"key11753928607024": "value-3"}
2025-07-31 02:23:28,331 INFO  [io.api.tes.ser.api.KafkaSerdesTester] (Thread-180) topic-41a66ce2_ab60_460d_8e17_c0821e288fe3 0 4 {"key11753928607024": "value-4"}
2025-07-31 02:23:28,331 INFO  [io.api.tes.ser.api.KafkaSerdesTester] (Thread-180) topic-41a66ce2_ab60_460d_8e17_c0821e288fe3 0 5 {"key11753928607024": "value-5"}
2025-07-31 02:23:28,331 INFO  [io.api.tes.ser.api.KafkaSerdesTester] (Thread-180) topic-41a66ce2_ab60_460d_8e17_c0821e288fe3 0 6 {"key11753928607024": "value-6"}
2025-07-31 02:23:28,331 INFO  [io.api.tes.ser.api.KafkaSerdesTester] (Thread-180) topic-41a66ce2_ab60_460d_8e17_c0821e288fe3 0 7 {"key11753928607024": "value-7"}
2025-07-31 02:23:28,331 INFO  [io.api.tes.ser.api.KafkaSerdesTester] (Thread-180) topic-41a66ce2_ab60_460d_8e17_c0821e288fe3 0 8 {"key11753928607024": "value-8"}
2025-07-31 02:23:28,331 INFO  [io.api.tes.ser.api.KafkaSerdesTester] (Thread-180) topic-41a66ce2_ab60_460d_8e17_c0821e288fe3 0 9 {"key11753928607024": "value-9"}
2025-07-31 02:23:28,331 INFO  [io.api.tes.ser.api.KafkaSerdesTester] (Thread-180) Consumed 10 messages
2025-07-31 02:23:28,332 INFO  [io.api.tes.ser.api.AvroSerdeIT] (main) Registering Avro Schema 2: {"type":"record","name":"se8603a5ex3906x4a22x8659xd498750e2187","namespace":"ns_0554b720_9429_4c85_8d6e_c29a0a207b6b","fields":[{"name":"key11753928607024","type":"string"},{"name":"key21753928608331","type":"string"}]}
2025-07-31 02:23:29,434 INFO  [io.api.tes.ser.api.KafkaSerdesTester] (Thread-181) Sending message {"key11753928607024": "value-0", "key21753928608331": "value-0"} to topic topic-41a66ce2_ab60_460d_8e17_c0821e288fe3
2025-07-31 02:23:29,434 INFO  [DefaultSchemaResolver] (Thread-181) Retrieving schema content using string: {"type":"record","name":"se8603a5ex3906x4a22x8659xd498750e2187","namespace":"ns_0554b720_9429_4c85_8d6e_c29a0a207b6b","fields":[{"name":"key11753928607024","type":"string"},{"name":"key21753928608331","type":"string"}]}
2025-07-31 02:23:29,470 INFO  [io.api.tes.ser.api.KafkaSerdesTester] (Thread-181) Sending message {"key11753928607024": "value-1", "key21753928608331": "value-1"} to topic topic-41a66ce2_ab60_460d_8e17_c0821e288fe3
2025-07-31 02:23:29,472 INFO  [io.api.tes.ser.api.KafkaSerdesTester] (Thread-181) Sending message {"key11753928607024": "value-2", "key21753928608331": "value-2"} to topic topic-41a66ce2_ab60_460d_8e17_c0821e288fe3
2025-07-31 02:23:29,474 INFO  [io.api.tes.ser.api.KafkaSerdesTester] (Thread-181) Sending message {"key11753928607024": "value-3", "key21753928608331": "value-3"} to topic topic-41a66ce2_ab60_460d_8e17_c0821e288fe3
2025-07-31 02:23:29,476 INFO  [io.api.tes.ser.api.KafkaSerdesTester] (Thread-181) Sending message {"key11753928607024": "value-4", "key21753928608331": "value-4"} to topic topic-41a66ce2_ab60_460d_8e17_c0821e288fe3
2025-07-31 02:23:29,479 INFO  [io.api.tes.ser.api.KafkaSerdesTester] (Thread-181) Sending message {"key11753928607024": "value-5", "key21753928608331": "value-5"} to topic topic-41a66ce2_ab60_460d_8e17_c0821e288fe3
2025-07-31 02:23:29,484 INFO  [io.api.tes.ser.api.KafkaSerdesTester] (Thread-181) Sending message {"key11753928607024": "value-6", "key21753928608331": "value-6"} to topic topic-41a66ce2_ab60_460d_8e17_c0821e288fe3
2025-07-31 02:23:29,486 INFO  [io.api.tes.ser.api.KafkaSerdesTester] (Thread-181) Sending message {"key11753928607024": "value-7", "key21753928608331": "value-7"} to topic topic-41a66ce2_ab60_460d_8e17_c0821e288fe3
2025-07-31 02:23:29,488 INFO  [io.api.tes.ser.api.KafkaSerdesTester] (Thread-181) Sending message {"key11753928607024": "value-8", "key21753928608331": "value-8"} to topic topic-41a66ce2_ab60_460d_8e17_c0821e288fe3
2025-07-31 02:23:29,489 INFO  [io.api.tes.ser.api.KafkaSerdesTester] (Thread-181) Sending message {"key11753928607024": "value-9", "key21753928608331": "value-9"} to topic topic-41a66ce2_ab60_460d_8e17_c0821e288fe3
2025-07-31 02:23:29,491 INFO  [io.api.tes.ser.api.KafkaSerdesTester] (Thread-181) Produced 10 messages
2025-07-31 02:23:29,492 INFO  [io.api.tes.ser.api.KafkaSerdesTester] (Thread-182) Sending message {"key11753928607024": "value-0"} to topic topic-41a66ce2_ab60_460d_8e17_c0821e288fe3
2025-07-31 02:23:29,495 INFO  [io.api.tes.ser.api.KafkaSerdesTester] (Thread-182) Sending message {"key11753928607024": "value-1"} to topic topic-41a66ce2_ab60_460d_8e17_c0821e288fe3
2025-07-31 02:23:29,497 INFO  [io.api.tes.ser.api.KafkaSerdesTester] (Thread-182) Sending message {"key11753928607024": "value-2"} to topic topic-41a66ce2_ab60_460d_8e17_c0821e288fe3
2025-07-31 02:23:29,499 INFO  [io.api.tes.ser.api.KafkaSerdesTester] (Thread-182) Sending message {"key11753928607024": "value-3"} to topic topic-41a66ce2_ab60_460d_8e17_c0821e288fe3
2025-07-31 02:23:29,501 INFO  [io.api.tes.ser.api.KafkaSerdesTester] (Thread-182) Sending message {"key11753928607024": "value-4"} to topic topic-41a66ce2_ab60_460d_8e17_c0821e288fe3
2025-07-31 02:23:29,502 INFO  [io.api.tes.ser.api.KafkaSerdesTester] (Thread-182) Sending message {"key11753928607024": "value-5"} to topic topic-41a66ce2_ab60_460d_8e17_c0821e288fe3
2025-07-31 02:23:29,504 INFO  [io.api.tes.ser.api.KafkaSerdesTester] (Thread-182) Sending message {"key11753928607024": "value-6"} to topic topic-41a66ce2_ab60_460d_8e17_c0821e288fe3
2025-07-31 02:23:29,506 INFO  [io.api.tes.ser.api.KafkaSerdesTester] (Thread-182) Sending message {"key11753928607024": "value-7"} to topic topic-41a66ce2_ab60_460d_8e17_c0821e288fe3
2025-07-31 02:23:29,507 INFO  [io.api.tes.ser.api.KafkaSerdesTester] (Thread-182) Sending message {"key11753928607024": "value-8"} to topic topic-41a66ce2_ab60_460d_8e17_c0821e288fe3
2025-07-31 02:23:29,510 INFO  [io.api.tes.ser.api.KafkaSerdesTester] (Thread-182) Sending message {"key11753928607024": "value-9"} to topic topic-41a66ce2_ab60_460d_8e17_c0821e288fe3
2025-07-31 02:23:29,511 INFO  [io.api.tes.ser.api.KafkaSerdesTester] (Thread-182) Produced 10 messages
2025-07-31 02:23:29,512 INFO  [org.apa.kaf.cli.con.int.ClassicKafkaConsumer] (Thread-183) [Consumer clientId=consumer-Consumer-topic-41a66ce2_ab60_460d_8e17_c0821e288fe3-9, groupId=Consumer-topic-41a66ce2_ab60_460d_8e17_c0821e288fe3] Subscribed to topic(s): topic-41a66ce2_ab60_460d_8e17_c0821e288fe3
2025-07-31 02:23:29,574 INFO  [io.api.tes.ser.api.KafkaSerdesTester] (Thread-183) topic-41a66ce2_ab60_460d_8e17_c0821e288fe3 0 10 {"key11753928607024": "value-0", "key21753928608331": "value-0"}
2025-07-31 02:23:29,574 INFO  [io.api.tes.ser.api.KafkaSerdesTester] (Thread-183) topic-41a66ce2_ab60_460d_8e17_c0821e288fe3 0 11 {"key11753928607024": "value-1", "key21753928608331": "value-1"}
2025-07-31 02:23:29,574 INFO  [io.api.tes.ser.api.KafkaSerdesTester] (Thread-183) topic-41a66ce2_ab60_460d_8e17_c0821e288fe3 0 12 {"key11753928607024": "value-2", "key21753928608331": "value-2"}
2025-07-31 02:23:29,574 INFO  [io.api.tes.ser.api.KafkaSerdesTester] (Thread-183) topic-41a66ce2_ab60_460d_8e17_c0821e288fe3 0 13 {"key11753928607024": "value-3", "key21753928608331": "value-3"}
2025-07-31 02:23:29,574 INFO  [io.api.tes.ser.api.KafkaSerdesTester] (Thread-183) topic-41a66ce2_ab60_460d_8e17_c0821e288fe3 0 14 {"key11753928607024": "value-4", "key21753928608331": "value-4"}
2025-07-31 02:23:29,574 INFO  [io.api.tes.ser.api.KafkaSerdesTester] (Thread-183) topic-41a66ce2_ab60_460d_8e17_c0821e288fe3 0 15 {"key11753928607024": "value-5", "key21753928608331": "value-5"}
2025-07-31 02:23:29,574 INFO  [io.api.tes.ser.api.KafkaSerdesTester] (Thread-183) topic-41a66ce2_ab60_460d_8e17_c0821e288fe3 0 16 {"key11753928607024": "value-6", "key21753928608331": "value-6"}
2025-07-31 02:23:29,574 INFO  [io.api.tes.ser.api.KafkaSerdesTester] (Thread-183) topic-41a66ce2_ab60_460d_8e17_c0821e288fe3 0 17 {"key11753928607024": "value-7", "key21753928608331": "value-7"}
2025-07-31 02:23:29,574 INFO  [io.api.tes.ser.api.KafkaSerdesTester] (Thread-183) topic-41a66ce2_ab60_460d_8e17_c0821e288fe3 0 18 {"key11753928607024": "value-8", "key21753928608331": "value-8"}
2025-07-31 02:23:29,574 INFO  [io.api.tes.ser.api.KafkaSerdesTester] (Thread-183) topic-41a66ce2_ab60_460d_8e17_c0821e288fe3 0 19 {"key11753928607024": "value-9", "key21753928608331": "value-9"}
2025-07-31 02:23:29,574 INFO  [io.api.tes.ser.api.KafkaSerdesTester] (Thread-183) topic-41a66ce2_ab60_460d_8e17_c0821e288fe3 0 20 {"key11753928607024": "value-0"}
2025-07-31 02:23:29,574 INFO  [io.api.tes.ser.api.KafkaSerdesTester] (Thread-183) topic-41a66ce2_ab60_460d_8e17_c0821e288fe3 0 21 {"key11753928607024": "value-1"}
2025-07-31 02:23:29,574 INFO  [io.api.tes.ser.api.KafkaSerdesTester] (Thread-183) topic-41a66ce2_ab60_460d_8e17_c0821e288fe3 0 22 {"key11753928607024": "value-2"}
2025-07-31 02:23:29,574 INFO  [io.api.tes.ser.api.KafkaSerdesTester] (Thread-183) topic-41a66ce2_ab60_460d_8e17_c0821e288fe3 0 23 {"key11753928607024": "value-3"}
2025-07-31 02:23:29,574 INFO  [io.api.tes.ser.api.KafkaSerdesTester] (Thread-183) topic-41a66ce2_ab60_460d_8e17_c0821e288fe3 0 24 {"key11753928607024": "value-4"}
2025-07-31 02:23:29,574 INFO  [io.api.tes.ser.api.KafkaSerdesTester] (Thread-183) topic-41a66ce2_ab60_460d_8e17_c0821e288fe3 0 25 {"key11753928607024": "value-5"}
2025-07-31 02:23:29,574 INFO  [io.api.tes.ser.api.KafkaSerdesTester] (Thread-183) topic-41a66ce2_ab60_460d_8e17_c0821e288fe3 0 26 {"key11753928607024": "value-6"}
2025-07-31 02:23:29,575 INFO  [io.api.tes.ser.api.KafkaSerdesTester] (Thread-183) topic-41a66ce2_ab60_460d_8e17_c0821e288fe3 0 27 {"key11753928607024": "value-7"}
2025-07-31 02:23:29,575 INFO  [io.api.tes.ser.api.KafkaSerdesTester] (Thread-183) topic-41a66ce2_ab60_460d_8e17_c0821e288fe3 0 28 {"key11753928607024": "value-8"}
2025-07-31 02:23:29,575 INFO  [io.api.tes.ser.api.KafkaSerdesTester] (Thread-183) topic-41a66ce2_ab60_460d_8e17_c0821e288fe3 0 29 {"key11753928607024": "value-9"}
2025-07-31 02:23:29,575 INFO  [io.api.tes.ser.api.KafkaSerdesTester] (Thread-183) Consumed 20 messages
2025-07-31 02:23:29,576 INFO  [io.api.tes.ser.api.AvroSerdeIT] (main) Registering Avro Schema 3: {"type":"record","name":"se8603a5ex3906x4a22x8659xd498750e2187","namespace":"ns_0554b720_9429_4c85_8d6e_c29a0a207b6b","fields":[{"name":"key11753928607024","type":"string"},{"name":"key21753928608331","type":"string"},{"name":"key31753928609575","type":"string"}]}
2025-07-31 02:23:30,669 INFO  [io.api.tes.ser.api.KafkaSerdesTester] (Thread-184) Sending message {"key11753928607024": "value-0", "key21753928608331": "value-0", "key31753928609575": "value-0"} to topic topic-41a66ce2_ab60_460d_8e17_c0821e288fe3
2025-07-31 02:23:30,670 INFO  [DefaultSchemaResolver] (Thread-184) Retrieving schema content using string: {"type":"record","name":"se8603a5ex3906x4a22x8659xd498750e2187","namespace":"ns_0554b720_9429_4c85_8d6e_c29a0a207b6b","fields":[{"name":"key11753928607024","type":"string"},{"name":"key21753928608331","type":"string"},{"name":"key31753928609575","type":"string"}]}
2025-07-31 02:23:30,702 INFO  [io.api.tes.ser.api.KafkaSerdesTester] (Thread-184) Sending message {"key11753928607024": "value-1", "key21753928608331": "value-1", "key31753928609575": "value-1"} to topic topic-41a66ce2_ab60_460d_8e17_c0821e288fe3
2025-07-31 02:23:30,704 INFO  [io.api.tes.ser.api.KafkaSerdesTester] (Thread-184) Sending message {"key11753928607024": "value-2", "key21753928608331": "value-2", "key31753928609575": "value-2"} to topic topic-41a66ce2_ab60_460d_8e17_c0821e288fe3
2025-07-31 02:23:30,705 INFO  [io.api.tes.ser.api.KafkaSerdesTester] (Thread-184) Sending message {"key11753928607024": "value-3", "key21753928608331": "value-3", "key31753928609575": "value-3"} to topic topic-41a66ce2_ab60_460d_8e17_c0821e288fe3
2025-07-31 02:23:30,709 INFO  [io.api.tes.ser.api.KafkaSerdesTester] (Thread-184) Sending message {"key11753928607024": "value-4", "key21753928608331": "value-4", "key31753928609575": "value-4"} to topic topic-41a66ce2_ab60_460d_8e17_c0821e288fe3
2025-07-31 02:23:30,710 INFO  [io.api.tes.ser.api.KafkaSerdesTester] (Thread-184) Sending message {"key11753928607024": "value-5", "key21753928608331": "value-5", "key31753928609575": "value-5"} to topic topic-41a66ce2_ab60_460d_8e17_c0821e288fe3
2025-07-31 02:23:30,712 INFO  [io.api.tes.ser.api.KafkaSerdesTester] (Thread-184) Sending message {"key11753928607024": "value-6", "key21753928608331": "value-6", "key31753928609575": "value-6"} to topic topic-41a66ce2_ab60_460d_8e17_c0821e288fe3
2025-07-31 02:23:30,713 INFO  [io.api.tes.ser.api.KafkaSerdesTester] (Thread-184) Sending message {"key11753928607024": "value-7", "key21753928608331": "value-7", "key31753928609575": "value-7"} to topic topic-41a66ce2_ab60_460d_8e17_c0821e288fe3
2025-07-31 02:23:30,715 INFO  [io.api.tes.ser.api.KafkaSerdesTester] (Thread-184) Sending message {"key11753928607024": "value-8", "key21753928608331": "value-8", "key31753928609575": "value-8"} to topic topic-41a66ce2_ab60_460d_8e17_c0821e288fe3
2025-07-31 02:23:30,716 INFO  [io.api.tes.ser.api.KafkaSerdesTester] (Thread-184) Sending message {"key11753928607024": "value-9", "key21753928608331": "value-9", "key31753928609575": "value-9"} to topic topic-41a66ce2_ab60_460d_8e17_c0821e288fe3
2025-07-31 02:23:30,717 INFO  [io.api.tes.ser.api.KafkaSerdesTester] (Thread-184) Produced 10 messages
2025-07-31 02:23:30,718 INFO  [io.api.tes.ser.api.KafkaSerdesTester] (Thread-185) Sending message {"key11753928607024": "value-0", "key21753928608331": "value-0"} to topic topic-41a66ce2_ab60_460d_8e17_c0821e288fe3
2025-07-31 02:23:30,720 INFO  [io.api.tes.ser.api.KafkaSerdesTester] (Thread-185) Sending message {"key11753928607024": "value-1", "key21753928608331": "value-1"} to topic topic-41a66ce2_ab60_460d_8e17_c0821e288fe3
2025-07-31 02:23:30,721 INFO  [io.api.tes.ser.api.KafkaSerdesTester] (Thread-185) Sending message {"key11753928607024": "value-2", "key21753928608331": "value-2"} to topic topic-41a66ce2_ab60_460d_8e17_c0821e288fe3
2025-07-31 02:23:30,722 INFO  [io.api.tes.ser.api.KafkaSerdesTester] (Thread-185) Sending message {"key11753928607024": "value-3", "key21753928608331": "value-3"} to topic topic-41a66ce2_ab60_460d_8e17_c0821e288fe3
2025-07-31 02:23:30,726 INFO  [io.api.tes.ser.api.KafkaSerdesTester] (Thread-185) Sending message {"key11753928607024": "value-4", "key21753928608331": "value-4"} to topic topic-41a66ce2_ab60_460d_8e17_c0821e288fe3
2025-07-31 02:23:30,730 INFO  [io.api.tes.ser.api.KafkaSerdesTester] (Thread-185) Sending message {"key11753928607024": "value-5", "key21753928608331": "value-5"} to topic topic-41a66ce2_ab60_460d_8e17_c0821e288fe3
2025-07-31 02:23:30,732 INFO  [io.api.tes.ser.api.KafkaSerdesTester] (Thread-185) Sending message {"key11753928607024": "value-6", "key21753928608331": "value-6"} to topic topic-41a66ce2_ab60_460d_8e17_c0821e288fe3
2025-07-31 02:23:30,736 INFO  [io.api.tes.ser.api.KafkaSerdesTester] (Thread-185) Sending message {"key11753928607024": "value-7", "key21753928608331": "value-7"} to topic topic-41a66ce2_ab60_460d_8e17_c0821e288fe3
2025-07-31 02:23:30,742 INFO  [io.api.tes.ser.api.KafkaSerdesTester] (Thread-185) Sending message {"key11753928607024": "value-8", "key21753928608331": "value-8"} to topic topic-41a66ce2_ab60_460d_8e17_c0821e288fe3
2025-07-31 02:23:30,744 INFO  [io.api.tes.ser.api.KafkaSerdesTester] (Thread-185) Sending message {"key11753928607024": "value-9", "key21753928608331": "value-9"} to topic topic-41a66ce2_ab60_460d_8e17_c0821e288fe3
2025-07-31 02:23:30,745 INFO  [io.api.tes.ser.api.KafkaSerdesTester] (Thread-185) Produced 10 messages
2025-07-31 02:23:30,745 INFO  [io.api.tes.ser.api.KafkaSerdesTester] (Thread-186) Sending message {"key11753928607024": "value-0"} to topic topic-41a66ce2_ab60_460d_8e17_c0821e288fe3
2025-07-31 02:23:30,747 INFO  [io.api.tes.ser.api.KafkaSerdesTester] (Thread-186) Sending message {"key11753928607024": "value-1"} to topic topic-41a66ce2_ab60_460d_8e17_c0821e288fe3
2025-07-31 02:23:30,749 INFO  [io.api.tes.ser.api.KafkaSerdesTester] (Thread-186) Sending message {"key11753928607024": "value-2"} to topic topic-41a66ce2_ab60_460d_8e17_c0821e288fe3
2025-07-31 02:23:30,750 INFO  [io.api.tes.ser.api.KafkaSerdesTester] (Thread-186) Sending message {"key11753928607024": "value-3"} to topic topic-41a66ce2_ab60_460d_8e17_c0821e288fe3
2025-07-31 02:23:30,752 INFO  [io.api.tes.ser.api.KafkaSerdesTester] (Thread-186) Sending message {"key11753928607024": "value-4"} to topic topic-41a66ce2_ab60_460d_8e17_c0821e288fe3
2025-07-31 02:23:30,756 INFO  [io.api.tes.ser.api.KafkaSerdesTester] (Thread-186) Sending message {"key11753928607024": "value-5"} to topic topic-41a66ce2_ab60_460d_8e17_c0821e288fe3
2025-07-31 02:23:30,759 INFO  [io.api.tes.ser.api.KafkaSerdesTester] (Thread-186) Sending message {"key11753928607024": "value-6"} to topic topic-41a66ce2_ab60_460d_8e17_c0821e288fe3
2025-07-31 02:23:30,762 INFO  [io.api.tes.ser.api.KafkaSerdesTester] (Thread-186) Sending message {"key11753928607024": "value-7"} to topic topic-41a66ce2_ab60_460d_8e17_c0821e288fe3
2025-07-31 02:23:30,766 INFO  [io.api.tes.ser.api.KafkaSerdesTester] (Thread-186) Sending message {"key11753928607024": "value-8"} to topic topic-41a66ce2_ab60_460d_8e17_c0821e288fe3
2025-07-31 02:23:30,769 INFO  [io.api.tes.ser.api.KafkaSerdesTester] (Thread-186) Sending message {"key11753928607024": "value-9"} to topic topic-41a66ce2_ab60_460d_8e17_c0821e288fe3
2025-07-31 02:23:30,771 INFO  [io.api.tes.ser.api.KafkaSerdesTester] (Thread-186) Produced 10 messages
2025-07-31 02:23:30,772 INFO  [org.apa.kaf.cli.con.int.ClassicKafkaConsumer] (Thread-187) [Consumer clientId=consumer-Consumer-topic-41a66ce2_ab60_460d_8e17_c0821e288fe3-9, groupId=Consumer-topic-41a66ce2_ab60_460d_8e17_c0821e288fe3] Subscribed to topic(s): topic-41a66ce2_ab60_460d_8e17_c0821e288fe3
2025-07-31 02:23:30,843 INFO  [io.api.tes.ser.api.KafkaSerdesTester] (Thread-187) topic-41a66ce2_ab60_460d_8e17_c0821e288fe3 0 30 {"key11753928607024": "value-0", "key21753928608331": "value-0", "key31753928609575": "value-0"}
2025-07-31 02:23:30,843 INFO  [io.api.tes.ser.api.KafkaSerdesTester] (Thread-187) topic-41a66ce2_ab60_460d_8e17_c0821e288fe3 0 31 {"key11753928607024": "value-1", "key21753928608331": "value-1", "key31753928609575": "value-1"}
2025-07-31 02:23:30,844 INFO  [io.api.tes.ser.api.KafkaSerdesTester] (Thread-187) topic-41a66ce2_ab60_460d_8e17_c0821e288fe3 0 32 {"key11753928607024": "value-2", "key21753928608331": "value-2", "key31753928609575": "value-2"}
2025-07-31 02:23:30,844 INFO  [io.api.tes.ser.api.KafkaSerdesTester] (Thread-187) topic-41a66ce2_ab60_460d_8e17_c0821e288fe3 0 33 {"key11753928607024": "value-3", "key21753928608331": "value-3", "key31753928609575": "value-3"}
2025-07-31 02:23:30,844 INFO  [io.api.tes.ser.api.KafkaSerdesTester] (Thread-187) topic-41a66ce2_ab60_460d_8e17_c0821e288fe3 0 34 {"key11753928607024": "value-4", "key21753928608331": "value-4", "key31753928609575": "value-4"}
2025-07-31 02:23:30,844 INFO  [io.api.tes.ser.api.KafkaSerdesTester] (Thread-187) topic-41a66ce2_ab60_460d_8e17_c0821e288fe3 0 35 {"key11753928607024": "value-5", "key21753928608331": "value-5", "key31753928609575": "value-5"}
2025-07-31 02:23:30,844 INFO  [io.api.tes.ser.api.KafkaSerdesTester] (Thread-187) topic-41a66ce2_ab60_460d_8e17_c0821e288fe3 0 36 {"key11753928607024": "value-6", "key21753928608331": "value-6", "key31753928609575": "value-6"}
2025-07-31 02:23:30,844 INFO  [io.api.tes.ser.api.KafkaSerdesTester] (Thread-187) topic-41a66ce2_ab60_460d_8e17_c0821e288fe3 0 37 {"key11753928607024": "value-7", "key21753928608331": "value-7", "key31753928609575": "value-7"}
2025-07-31 02:23:30,844 INFO  [io.api.tes.ser.api.KafkaSerdesTester] (Thread-187) topic-41a66ce2_ab60_460d_8e17_c0821e288fe3 0 38 {"key11753928607024": "value-8", "key21753928608331": "value-8", "key31753928609575": "value-8"}
2025-07-31 02:23:30,844 INFO  [io.api.tes.ser.api.KafkaSerdesTester] (Thread-187) topic-41a66ce2_ab60_460d_8e17_c0821e288fe3 0 39 {"key11753928607024": "value-9", "key21753928608331": "value-9", "key31753928609575": "value-9"}
2025-07-31 02:23:30,844 INFO  [io.api.tes.ser.api.KafkaSerdesTester] (Thread-187) topic-41a66ce2_ab60_460d_8e17_c0821e288fe3 0 40 {"key11753928607024": "value-0", "key21753928608331": "value-0"}
2025-07-31 02:23:30,844 INFO  [io.api.tes.ser.api.KafkaSerdesTester] (Thread-187) topic-41a66ce2_ab60_460d_8e17_c0821e288fe3 0 41 {"key11753928607024": "value-1", "key21753928608331": "value-1"}
2025-07-31 02:23:30,844 INFO  [io.api.tes.ser.api.KafkaSerdesTester] (Thread-187) topic-41a66ce2_ab60_460d_8e17_c0821e288fe3 0 42 {"key11753928607024": "value-2", "key21753928608331": "value-2"}
2025-07-31 02:23:30,844 INFO  [io.api.tes.ser.api.KafkaSerdesTester] (Thread-187) topic-41a66ce2_ab60_460d_8e17_c0821e288fe3 0 43 {"key11753928607024": "value-3", "key21753928608331": "value-3"}
2025-07-31 02:23:30,844 INFO  [io.api.tes.ser.api.KafkaSerdesTester] (Thread-187) topic-41a66ce2_ab60_460d_8e17_c0821e288fe3 0 44 {"key11753928607024": "value-4", "key21753928608331": "value-4"}
2025-07-31 02:23:30,844 INFO  [io.api.tes.ser.api.KafkaSerdesTester] (Thread-187) topic-41a66ce2_ab60_460d_8e17_c0821e288fe3 0 45 {"key11753928607024": "value-5", "key21753928608331": "value-5"}
2025-07-31 02:23:30,844 INFO  [io.api.tes.ser.api.KafkaSerdesTester] (Thread-187) topic-41a66ce2_ab60_460d_8e17_c0821e288fe3 0 46 {"key11753928607024": "value-6", "key21753928608331": "value-6"}
2025-07-31 02:23:30,845 INFO  [io.api.tes.ser.api.KafkaSerdesTester] (Thread-187) topic-41a66ce2_ab60_460d_8e17_c0821e288fe3 0 47 {"key11753928607024": "value-7", "key21753928608331": "value-7"}
2025-07-31 02:23:30,845 INFO  [io.api.tes.ser.api.KafkaSerdesTester] (Thread-187) topic-41a66ce2_ab60_460d_8e17_c0821e288fe3 0 48 {"key11753928607024": "value-8", "key21753928608331": "value-8"}
2025-07-31 02:23:30,845 INFO  [io.api.tes.ser.api.KafkaSerdesTester] (Thread-187) topic-41a66ce2_ab60_460d_8e17_c0821e288fe3 0 49 {"key11753928607024": "value-9", "key21753928608331": "value-9"}
2025-07-31 02:23:30,845 INFO  [io.api.tes.ser.api.KafkaSerdesTester] (Thread-187) topic-41a66ce2_ab60_460d_8e17_c0821e288fe3 0 50 {"key11753928607024": "value-0"}
2025-07-31 02:23:30,845 INFO  [io.api.tes.ser.api.KafkaSerdesTester] (Thread-187) topic-41a66ce2_ab60_460d_8e17_c0821e288fe3 0 51 {"key11753928607024": "value-1"}
2025-07-31 02:23:30,845 INFO  [io.api.tes.ser.api.KafkaSerdesTester] (Thread-187) topic-41a66ce2_ab60_460d_8e17_c0821e288fe3 0 52 {"key11753928607024": "value-2"}
2025-07-31 02:23:30,845 INFO  [io.api.tes.ser.api.KafkaSerdesTester] (Thread-187) topic-41a66ce2_ab60_460d_8e17_c0821e288fe3 0 53 {"key11753928607024": "value-3"}
2025-07-31 02:23:30,845 INFO  [io.api.tes.ser.api.KafkaSerdesTester] (Thread-187) topic-41a66ce2_ab60_460d_8e17_c0821e288fe3 0 54 {"key11753928607024": "value-4"}
2025-07-31 02:23:30,845 INFO  [io.api.tes.ser.api.KafkaSerdesTester] (Thread-187) topic-41a66ce2_ab60_460d_8e17_c0821e288fe3 0 55 {"key11753928607024": "value-5"}
2025-07-31 02:23:30,845 INFO  [io.api.tes.ser.api.KafkaSerdesTester] (Thread-187) topic-41a66ce2_ab60_460d_8e17_c0821e288fe3 0 56 {"key11753928607024": "value-6"}
2025-07-31 02:23:30,845 INFO  [io.api.tes.ser.api.KafkaSerdesTester] (Thread-187) topic-41a66ce2_ab60_460d_8e17_c0821e288fe3 0 57 {"key11753928607024": "value-7"}
2025-07-31 02:23:30,845 INFO  [io.api.tes.ser.api.KafkaSerdesTester] (Thread-187) topic-41a66ce2_ab60_460d_8e17_c0821e288fe3 0 58 {"key11753928607024": "value-8"}
2025-07-31 02:23:30,845 INFO  [io.api.tes.ser.api.KafkaSerdesTester] (Thread-187) topic-41a66ce2_ab60_460d_8e17_c0821e288fe3 0 59 {"key11753928607024": "value-9"}
2025-07-31 02:23:30,845 INFO  [io.api.tes.ser.api.KafkaSerdesTester] (Thread-187) Consumed 30 messages
2025-07-31 02:23:30,846 INFO  [org.apa.kaf.cli.pro.KafkaProducer] (main) [Producer clientId=Producer-topic-41a66ce2_ab60_460d_8e17_c0821e288fe3] Closing the Kafka producer with timeoutMillis = 9223372036854775807 ms.
2025-07-31 02:23:30,848 INFO  [org.apa.kaf.com.met.Metrics] (main) Metrics scheduler closed
2025-07-31 02:23:30,848 INFO  [org.apa.kaf.com.met.Metrics] (main) Closing reporter org.apache.kafka.common.metrics.JmxReporter
2025-07-31 02:23:30,848 INFO  [org.apa.kaf.com.met.Metrics] (main) Closing reporter org.apache.kafka.common.telemetry.internals.ClientTelemetryReporter
2025-07-31 02:23:30,848 INFO  [org.apa.kaf.com.met.Metrics] (main) Metrics reporters closed
2025-07-31 02:23:30,848 INFO  [org.apa.kaf.com.uti.AppInfoParser] (main) App info kafka.producer for Producer-topic-41a66ce2_ab60_460d_8e17_c0821e288fe3 unregistered
2025-07-31 02:23:30,851 INFO  [org.apa.kaf.cli.con.int.ConsumerRebalanceListenerInvoker] (main) [Consumer clientId=consumer-Consumer-topic-41a66ce2_ab60_460d_8e17_c0821e288fe3-9, groupId=Consumer-topic-41a66ce2_ab60_460d_8e17_c0821e288fe3] Revoke previously assigned partitions topic-41a66ce2_ab60_460d_8e17_c0821e288fe3-0
2025-07-31 02:23:30,851 INFO  [org.apa.kaf.cli.con.int.ConsumerCoordinator] (main) [Consumer clientId=consumer-Consumer-topic-41a66ce2_ab60_460d_8e17_c0821e288fe3-9, groupId=Consumer-topic-41a66ce2_ab60_460d_8e17_c0821e288fe3] Member consumer-Consumer-topic-41a66ce2_ab60_460d_8e17_c0821e288fe3-9-3c1a63d0-6af2-4cee-bdb8-7fae131f9f5c sending LeaveGroup request to coordinator localhost:32770 (id: 2147483647 rack: null) due to the consumer is being closed
2025-07-31 02:23:30,851 INFO  [org.apa.kaf.cli.con.int.ConsumerCoordinator] (main) [Consumer clientId=consumer-Consumer-topic-41a66ce2_ab60_460d_8e17_c0821e288fe3-9, groupId=Consumer-topic-41a66ce2_ab60_460d_8e17_c0821e288fe3] Resetting generation and member id due to: consumer pro-actively leaving the group
2025-07-31 02:23:30,852 INFO  [org.apa.kaf.cli.con.int.ConsumerCoordinator] (main) [Consumer clientId=consumer-Consumer-topic-41a66ce2_ab60_460d_8e17_c0821e288fe3-9, groupId=Consumer-topic-41a66ce2_ab60_460d_8e17_c0821e288fe3] Request joining group due to: consumer pro-actively leaving the group
2025-07-31 02:23:31,346 INFO  [org.apa.kaf.com.met.Metrics] (main) Metrics scheduler closed
2025-07-31 02:23:31,346 INFO  [org.apa.kaf.com.met.Metrics] (main) Closing reporter org.apache.kafka.common.metrics.JmxReporter
2025-07-31 02:23:31,346 INFO  [org.apa.kaf.com.met.Metrics] (main) Closing reporter org.apache.kafka.common.telemetry.internals.ClientTelemetryReporter
2025-07-31 02:23:31,346 INFO  [org.apa.kaf.com.met.Metrics] (main) Metrics reporters closed
2025-07-31 02:23:31,349 INFO  [org.apa.kaf.com.uti.AppInfoParser] (main) App info kafka.consumer for consumer-Consumer-topic-41a66ce2_ab60_460d_8e17_c0821e288fe3-9 unregistered
2025-07-31 02:23:31,349 INFO  [io.api.tes.uti.TestSeparator] (main) io.apicurio.tests.serdes.apicurio.AvroSerdeIT.testEvolveAvroApicurioReusingClient-FINISHED
2025-07-31 02:23:31,349 INFO  [io.api.tes.uti.TestSeparator] (main) ############################################################################
]]></system-out>
  </testcase>
  <testcase name="testProducerUsesDefaultConsumerUsesGlobalId" classname="io.apicurio.tests.serdes.apicurio.AvroSerdeIT" time="0.0">
    <skipped message="void io.apicurio.tests.serdes.apicurio.AvroSerdeIT.testProducerUsesDefaultConsumerUsesGlobalId() throws java.lang.Exception is @Disabled"/>
  </testcase>
  <testcase name="testEvolveAvroApicurio" classname="io.apicurio.tests.serdes.apicurio.AvroSerdeIT" time="5.951">
    <system-out><![CDATA[2025-07-31 02:23:31,365 INFO  [io.api.tes.uti.TestSeparator] (main) ############################################################################
2025-07-31 02:23:31,365 INFO  [io.api.tes.uti.TestSeparator] (main) io.apicurio.tests.serdes.apicurio.AvroSerdeIT.testEvolveAvroApicurio-STARTED
2025-07-31 02:23:31,370 INFO  [io.api.tes.ser.api.AvroSerdeIT] (main) Registering Avro Schema: {"type":"record","name":"s3787f79ax2e49x4141x8915x7a3501d0ebfe","namespace":"ns_6f4770f5_21c9_4883_b1e0_8e3c76aaca2c","fields":[{"name":"key11753928611369","type":"string"}]}
2025-07-31 02:23:32,464 INFO  [org.apa.kaf.cli.pro.ProducerConfig] (main) ProducerConfig values: 
	acks = -1
	auto.include.jmx.reporter = true
	batch.size = 16384
	bootstrap.servers = [PLAINTEXT://localhost:32770]
	buffer.memory = 33554432
	client.dns.lookup = use_all_dns_ips
	client.id = Producer-topic-115658b3_24db_4d3f_a892_a3d271f04686
	compression.gzip.level = -1
	compression.lz4.level = 9
	compression.type = none
	compression.zstd.level = 3
	connections.max.idle.ms = 10000
	delivery.timeout.ms = 120000
	enable.idempotence = true
	enable.metrics.push = true
	interceptor.classes = []
	key.serializer = class org.apache.kafka.common.serialization.StringSerializer
	linger.ms = 0
	max.block.ms = 60000
	max.in.flight.requests.per.connection = 5
	max.request.size = 1048576
	metadata.max.age.ms = 300000
	metadata.max.idle.ms = 300000
	metadata.recovery.strategy = none
	metric.reporters = []
	metrics.num.samples = 2
	metrics.recording.level = INFO
	metrics.sample.window.ms = 30000
	partitioner.adaptive.partitioning.enable = true
	partitioner.availability.timeout.ms = 0
	partitioner.class = null
	partitioner.ignore.keys = false
	receive.buffer.bytes = 32768
	reconnect.backoff.max.ms = 1000
	reconnect.backoff.ms = 50
	request.timeout.ms = 5000
	retries = 2147483647
	retry.backoff.max.ms = 1000
	retry.backoff.ms = 100
	sasl.client.callback.handler.class = null
	sasl.jaas.config = null
	sasl.kerberos.kinit.cmd = /usr/bin/kinit
	sasl.kerberos.min.time.before.relogin = 60000
	sasl.kerberos.service.name = null
	sasl.kerberos.ticket.renew.jitter = 0.05
	sasl.kerberos.ticket.renew.window.factor = 0.8
	sasl.login.callback.handler.class = null
	sasl.login.class = null
	sasl.login.connect.timeout.ms = null
	sasl.login.read.timeout.ms = null
	sasl.login.refresh.buffer.seconds = 300
	sasl.login.refresh.min.period.seconds = 60
	sasl.login.refresh.window.factor = 0.8
	sasl.login.refresh.window.jitter = 0.05
	sasl.login.retry.backoff.max.ms = 10000
	sasl.login.retry.backoff.ms = 100
	sasl.mechanism = GSSAPI
	sasl.oauthbearer.clock.skew.seconds = 30
	sasl.oauthbearer.expected.audience = null
	sasl.oauthbearer.expected.issuer = null
	sasl.oauthbearer.header.urlencode = false
	sasl.oauthbearer.jwks.endpoint.refresh.ms = 3600000
	sasl.oauthbearer.jwks.endpoint.retry.backoff.max.ms = 10000
	sasl.oauthbearer.jwks.endpoint.retry.backoff.ms = 100
	sasl.oauthbearer.jwks.endpoint.url = null
	sasl.oauthbearer.scope.claim.name = scope
	sasl.oauthbearer.sub.claim.name = sub
	sasl.oauthbearer.token.endpoint.url = null
	security.protocol = PLAINTEXT
	security.providers = null
	send.buffer.bytes = 131072
	socket.connection.setup.timeout.max.ms = 30000
	socket.connection.setup.timeout.ms = 10000
	ssl.cipher.suites = null
	ssl.enabled.protocols = [TLSv1.2, TLSv1.3]
	ssl.endpoint.identification.algorithm = https
	ssl.engine.factory.class = null
	ssl.key.password = null
	ssl.keymanager.algorithm = SunX509
	ssl.keystore.certificate.chain = null
	ssl.keystore.key = null
	ssl.keystore.location = null
	ssl.keystore.password = null
	ssl.keystore.type = JKS
	ssl.protocol = TLSv1.3
	ssl.provider = null
	ssl.secure.random.implementation = null
	ssl.trustmanager.algorithm = PKIX
	ssl.truststore.certificates = null
	ssl.truststore.location = null
	ssl.truststore.password = null
	ssl.truststore.type = JKS
	transaction.timeout.ms = 60000
	transactional.id = null
	value.serializer = class io.apicurio.registry.serde.avro.AvroKafkaSerializer

2025-07-31 02:23:32,465 INFO  [org.apa.kaf.com.tel.int.KafkaMetricsCollector] (main) initializing Kafka metrics collector
2025-07-31 02:23:32,467 INFO  [org.apa.kaf.cli.pro.KafkaProducer] (main) [Producer clientId=Producer-topic-115658b3_24db_4d3f_a892_a3d271f04686] Instantiated an idempotent producer.
2025-07-31 02:23:32,469 INFO  [org.apa.kaf.cli.pro.ProducerConfig] (main) These configurations '[apicurio.registry.url, apicurio.registry.artifact-resolver-strategy]' were supplied but are not used yet.
2025-07-31 02:23:32,469 INFO  [org.apa.kaf.com.uti.AppInfoParser] (main) Kafka version: 3.9.0
2025-07-31 02:23:32,469 INFO  [org.apa.kaf.com.uti.AppInfoParser] (main) Kafka commitId: 84caaa6e9da06435
2025-07-31 02:23:32,469 INFO  [org.apa.kaf.com.uti.AppInfoParser] (main) Kafka startTimeMs: 1753928612469
2025-07-31 02:23:32,470 INFO  [org.apa.kaf.cli.con.ConsumerConfig] (main) ConsumerConfig values: 
	allow.auto.create.topics = true
	auto.commit.interval.ms = 500
	auto.include.jmx.reporter = true
	auto.offset.reset = earliest
	bootstrap.servers = [PLAINTEXT://localhost:32770]
	check.crcs = true
	client.dns.lookup = use_all_dns_ips
	client.id = consumer-Consumer-topic-115658b3_24db_4d3f_a892_a3d271f04686-10
	client.rack = 
	connections.max.idle.ms = 10000
	default.api.timeout.ms = 60000
	enable.auto.commit = true
	enable.metrics.push = true
	exclude.internal.topics = true
	fetch.max.bytes = 52428800
	fetch.max.wait.ms = 500
	fetch.min.bytes = 1
	group.id = Consumer-topic-115658b3_24db_4d3f_a892_a3d271f04686
	group.instance.id = null
	group.protocol = classic
	group.remote.assignor = null
	heartbeat.interval.ms = 3000
	interceptor.classes = []
	internal.leave.group.on.close = true
	internal.throw.on.fetch.stable.offset.unsupported = false
	isolation.level = read_uncommitted
	key.deserializer = class org.apache.kafka.common.serialization.StringDeserializer
	max.partition.fetch.bytes = 1048576
	max.poll.interval.ms = 300000
	max.poll.records = 500
	metadata.max.age.ms = 300000
	metadata.recovery.strategy = none
	metric.reporters = []
	metrics.num.samples = 2
	metrics.recording.level = INFO
	metrics.sample.window.ms = 30000
	partition.assignment.strategy = [class org.apache.kafka.clients.consumer.RangeAssignor, class org.apache.kafka.clients.consumer.CooperativeStickyAssignor]
	receive.buffer.bytes = 65536
	reconnect.backoff.max.ms = 1000
	reconnect.backoff.ms = 50
	request.timeout.ms = 5000
	retry.backoff.max.ms = 1000
	retry.backoff.ms = 100
	sasl.client.callback.handler.class = null
	sasl.jaas.config = null
	sasl.kerberos.kinit.cmd = /usr/bin/kinit
	sasl.kerberos.min.time.before.relogin = 60000
	sasl.kerberos.service.name = null
	sasl.kerberos.ticket.renew.jitter = 0.05
	sasl.kerberos.ticket.renew.window.factor = 0.8
	sasl.login.callback.handler.class = null
	sasl.login.class = null
	sasl.login.connect.timeout.ms = null
	sasl.login.read.timeout.ms = null
	sasl.login.refresh.buffer.seconds = 300
	sasl.login.refresh.min.period.seconds = 60
	sasl.login.refresh.window.factor = 0.8
	sasl.login.refresh.window.jitter = 0.05
	sasl.login.retry.backoff.max.ms = 10000
	sasl.login.retry.backoff.ms = 100
	sasl.mechanism = GSSAPI
	sasl.oauthbearer.clock.skew.seconds = 30
	sasl.oauthbearer.expected.audience = null
	sasl.oauthbearer.expected.issuer = null
	sasl.oauthbearer.header.urlencode = false
	sasl.oauthbearer.jwks.endpoint.refresh.ms = 3600000
	sasl.oauthbearer.jwks.endpoint.retry.backoff.max.ms = 10000
	sasl.oauthbearer.jwks.endpoint.retry.backoff.ms = 100
	sasl.oauthbearer.jwks.endpoint.url = null
	sasl.oauthbearer.scope.claim.name = scope
	sasl.oauthbearer.sub.claim.name = sub
	sasl.oauthbearer.token.endpoint.url = null
	security.protocol = PLAINTEXT
	security.providers = null
	send.buffer.bytes = 131072
	session.timeout.ms = 45000
	socket.connection.setup.timeout.max.ms = 30000
	socket.connection.setup.timeout.ms = 10000
	ssl.cipher.suites = null
	ssl.enabled.protocols = [TLSv1.2, TLSv1.3]
	ssl.endpoint.identification.algorithm = https
	ssl.engine.factory.class = null
	ssl.key.password = null
	ssl.keymanager.algorithm = SunX509
	ssl.keystore.certificate.chain = null
	ssl.keystore.key = null
	ssl.keystore.location = null
	ssl.keystore.password = null
	ssl.keystore.type = JKS
	ssl.protocol = TLSv1.3
	ssl.provider = null
	ssl.secure.random.implementation = null
	ssl.trustmanager.algorithm = PKIX
	ssl.truststore.certificates = null
	ssl.truststore.location = null
	ssl.truststore.password = null
	ssl.truststore.type = JKS
	value.deserializer = class io.apicurio.registry.serde.avro.AvroKafkaDeserializer

2025-07-31 02:23:32,471 INFO  [org.apa.kaf.com.tel.int.KafkaMetricsCollector] (main) initializing Kafka metrics collector
2025-07-31 02:23:32,479 INFO  [org.apa.kaf.cli.con.ConsumerConfig] (main) These configurations '[apicurio.registry.url]' were supplied but are not used yet.
2025-07-31 02:23:32,480 INFO  [org.apa.kaf.com.uti.AppInfoParser] (main) Kafka version: 3.9.0
2025-07-31 02:23:32,480 INFO  [org.apa.kaf.com.uti.AppInfoParser] (main) Kafka commitId: 84caaa6e9da06435
2025-07-31 02:23:32,480 INFO  [org.apa.kaf.com.uti.AppInfoParser] (main) Kafka startTimeMs: 1753928612480
2025-07-31 02:23:32,480 INFO  [io.api.tes.ser.api.KafkaSerdesTester] (Thread-192) Sending message {"key11753928611369": "value-0"} to topic topic-115658b3_24db_4d3f_a892_a3d271f04686
2025-07-31 02:23:32,482 INFO  [org.apa.kaf.cli.Metadata] (kafka-producer-network-thread | Producer-topic-115658b3_24db_4d3f_a892_a3d271f04686) [Producer clientId=Producer-topic-115658b3_24db_4d3f_a892_a3d271f04686] Cluster ID: EeXQRaomRg6j_8npZiTrIA
2025-07-31 02:23:32,482 INFO  [org.apa.kaf.cli.pro.int.TransactionManager] (kafka-producer-network-thread | Producer-topic-115658b3_24db_4d3f_a892_a3d271f04686) [Producer clientId=Producer-topic-115658b3_24db_4d3f_a892_a3d271f04686] ProducerId set to 12 with epoch 0
2025-07-31 02:23:32,488 INFO  [DefaultSchemaResolver] (Thread-192) Retrieving schema content using string: {"type":"record","name":"s3787f79ax2e49x4141x8915x7a3501d0ebfe","namespace":"ns_6f4770f5_21c9_4883_b1e0_8e3c76aaca2c","fields":[{"name":"key11753928611369","type":"string"}]}
2025-07-31 02:23:32,546 INFO  [io.api.tes.ser.api.KafkaSerdesTester] (Thread-192) Sending message {"key11753928611369": "value-1"} to topic topic-115658b3_24db_4d3f_a892_a3d271f04686
2025-07-31 02:23:32,548 INFO  [io.api.tes.ser.api.KafkaSerdesTester] (Thread-192) Sending message {"key11753928611369": "value-2"} to topic topic-115658b3_24db_4d3f_a892_a3d271f04686
2025-07-31 02:23:32,550 INFO  [io.api.tes.ser.api.KafkaSerdesTester] (Thread-192) Sending message {"key11753928611369": "value-3"} to topic topic-115658b3_24db_4d3f_a892_a3d271f04686
2025-07-31 02:23:32,552 INFO  [io.api.tes.ser.api.KafkaSerdesTester] (Thread-192) Sending message {"key11753928611369": "value-4"} to topic topic-115658b3_24db_4d3f_a892_a3d271f04686
2025-07-31 02:23:32,554 INFO  [io.api.tes.ser.api.KafkaSerdesTester] (Thread-192) Sending message {"key11753928611369": "value-5"} to topic topic-115658b3_24db_4d3f_a892_a3d271f04686
2025-07-31 02:23:32,555 INFO  [io.api.tes.ser.api.KafkaSerdesTester] (Thread-192) Sending message {"key11753928611369": "value-6"} to topic topic-115658b3_24db_4d3f_a892_a3d271f04686
2025-07-31 02:23:32,556 INFO  [io.api.tes.ser.api.KafkaSerdesTester] (Thread-192) Sending message {"key11753928611369": "value-7"} to topic topic-115658b3_24db_4d3f_a892_a3d271f04686
2025-07-31 02:23:32,558 INFO  [io.api.tes.ser.api.KafkaSerdesTester] (Thread-192) Sending message {"key11753928611369": "value-8"} to topic topic-115658b3_24db_4d3f_a892_a3d271f04686
2025-07-31 02:23:32,559 INFO  [io.api.tes.ser.api.KafkaSerdesTester] (Thread-192) Sending message {"key11753928611369": "value-9"} to topic topic-115658b3_24db_4d3f_a892_a3d271f04686
2025-07-31 02:23:32,560 INFO  [io.api.tes.ser.api.KafkaSerdesTester] (Thread-192) Produced 10 messages
2025-07-31 02:23:32,560 INFO  [org.apa.kaf.cli.pro.KafkaProducer] (Thread-192) [Producer clientId=Producer-topic-115658b3_24db_4d3f_a892_a3d271f04686] Closing the Kafka producer with timeoutMillis = 9223372036854775807 ms.
2025-07-31 02:23:32,562 INFO  [org.apa.kaf.com.met.Metrics] (Thread-192) Metrics scheduler closed
2025-07-31 02:23:32,562 INFO  [org.apa.kaf.com.met.Metrics] (Thread-192) Closing reporter org.apache.kafka.common.metrics.JmxReporter
2025-07-31 02:23:32,562 INFO  [org.apa.kaf.com.met.Metrics] (Thread-192) Closing reporter org.apache.kafka.common.telemetry.internals.ClientTelemetryReporter
2025-07-31 02:23:32,562 INFO  [org.apa.kaf.com.met.Metrics] (Thread-192) Metrics reporters closed
2025-07-31 02:23:32,562 INFO  [org.apa.kaf.com.uti.AppInfoParser] (Thread-192) App info kafka.producer for Producer-topic-115658b3_24db_4d3f_a892_a3d271f04686 unregistered
2025-07-31 02:23:32,563 INFO  [org.apa.kaf.cli.con.int.ClassicKafkaConsumer] (Thread-193) [Consumer clientId=consumer-Consumer-topic-115658b3_24db_4d3f_a892_a3d271f04686-10, groupId=Consumer-topic-115658b3_24db_4d3f_a892_a3d271f04686] Subscribed to topic(s): topic-115658b3_24db_4d3f_a892_a3d271f04686
2025-07-31 02:23:32,570 INFO  [org.apa.kaf.cli.Metadata] (Thread-193) [Consumer clientId=consumer-Consumer-topic-115658b3_24db_4d3f_a892_a3d271f04686-10, groupId=Consumer-topic-115658b3_24db_4d3f_a892_a3d271f04686] Cluster ID: EeXQRaomRg6j_8npZiTrIA
2025-07-31 02:23:32,571 INFO  [org.apa.kaf.cli.con.int.ConsumerCoordinator] (Thread-193) [Consumer clientId=consumer-Consumer-topic-115658b3_24db_4d3f_a892_a3d271f04686-10, groupId=Consumer-topic-115658b3_24db_4d3f_a892_a3d271f04686] Discovered group coordinator localhost:32770 (id: 2147483647 rack: null)
2025-07-31 02:23:32,572 INFO  [org.apa.kaf.cli.con.int.ConsumerCoordinator] (Thread-193) [Consumer clientId=consumer-Consumer-topic-115658b3_24db_4d3f_a892_a3d271f04686-10, groupId=Consumer-topic-115658b3_24db_4d3f_a892_a3d271f04686] (Re-)joining group
2025-07-31 02:23:32,578 INFO  [org.apa.kaf.cli.con.int.ConsumerCoordinator] (Thread-193) [Consumer clientId=consumer-Consumer-topic-115658b3_24db_4d3f_a892_a3d271f04686-10, groupId=Consumer-topic-115658b3_24db_4d3f_a892_a3d271f04686] Request joining group due to: need to re-join with the given member-id: consumer-Consumer-topic-115658b3_24db_4d3f_a892_a3d271f04686-10-e0289976-0fc5-48a5-87c7-69452c876955
2025-07-31 02:23:32,579 INFO  [org.apa.kaf.cli.con.int.ConsumerCoordinator] (Thread-193) [Consumer clientId=consumer-Consumer-topic-115658b3_24db_4d3f_a892_a3d271f04686-10, groupId=Consumer-topic-115658b3_24db_4d3f_a892_a3d271f04686] (Re-)joining group
2025-07-31 02:23:32,581 INFO  [org.apa.kaf.cli.con.int.ConsumerCoordinator] (Thread-193) [Consumer clientId=consumer-Consumer-topic-115658b3_24db_4d3f_a892_a3d271f04686-10, groupId=Consumer-topic-115658b3_24db_4d3f_a892_a3d271f04686] Successfully joined group with generation Generation{generationId=1, memberId='consumer-Consumer-topic-115658b3_24db_4d3f_a892_a3d271f04686-10-e0289976-0fc5-48a5-87c7-69452c876955', protocol='range'}
2025-07-31 02:23:32,582 INFO  [org.apa.kaf.cli.con.int.ConsumerCoordinator] (Thread-193) [Consumer clientId=consumer-Consumer-topic-115658b3_24db_4d3f_a892_a3d271f04686-10, groupId=Consumer-topic-115658b3_24db_4d3f_a892_a3d271f04686] Finished assignment for group at generation 1: {consumer-Consumer-topic-115658b3_24db_4d3f_a892_a3d271f04686-10-e0289976-0fc5-48a5-87c7-69452c876955=Assignment(partitions=[topic-115658b3_24db_4d3f_a892_a3d271f04686-0])}
2025-07-31 02:23:32,589 INFO  [org.apa.kaf.cli.con.int.ConsumerCoordinator] (Thread-193) [Consumer clientId=consumer-Consumer-topic-115658b3_24db_4d3f_a892_a3d271f04686-10, groupId=Consumer-topic-115658b3_24db_4d3f_a892_a3d271f04686] Successfully synced group in generation Generation{generationId=1, memberId='consumer-Consumer-topic-115658b3_24db_4d3f_a892_a3d271f04686-10-e0289976-0fc5-48a5-87c7-69452c876955', protocol='range'}
2025-07-31 02:23:32,589 INFO  [org.apa.kaf.cli.con.int.ConsumerCoordinator] (Thread-193) [Consumer clientId=consumer-Consumer-topic-115658b3_24db_4d3f_a892_a3d271f04686-10, groupId=Consumer-topic-115658b3_24db_4d3f_a892_a3d271f04686] Notifying assignor about the new Assignment(partitions=[topic-115658b3_24db_4d3f_a892_a3d271f04686-0])
2025-07-31 02:23:32,590 INFO  [org.apa.kaf.cli.con.int.ConsumerRebalanceListenerInvoker] (Thread-193) [Consumer clientId=consumer-Consumer-topic-115658b3_24db_4d3f_a892_a3d271f04686-10, groupId=Consumer-topic-115658b3_24db_4d3f_a892_a3d271f04686] Adding newly assigned partitions: topic-115658b3_24db_4d3f_a892_a3d271f04686-0
2025-07-31 02:23:32,592 INFO  [org.apa.kaf.cli.con.int.ConsumerCoordinator] (Thread-193) [Consumer clientId=consumer-Consumer-topic-115658b3_24db_4d3f_a892_a3d271f04686-10, groupId=Consumer-topic-115658b3_24db_4d3f_a892_a3d271f04686] Found no committed offset for partition topic-115658b3_24db_4d3f_a892_a3d271f04686-0
2025-07-31 02:23:32,594 INFO  [org.apa.kaf.cli.con.int.SubscriptionState] (Thread-193) [Consumer clientId=consumer-Consumer-topic-115658b3_24db_4d3f_a892_a3d271f04686-10, groupId=Consumer-topic-115658b3_24db_4d3f_a892_a3d271f04686] Resetting offset for partition topic-115658b3_24db_4d3f_a892_a3d271f04686-0 to position FetchPosition{offset=0, offsetEpoch=Optional.empty, currentLeader=LeaderAndEpoch{leader=Optional[localhost:32770 (id: 0 rack: null)], epoch=0}}.
2025-07-31 02:23:32,679 INFO  [io.api.tes.ser.api.KafkaSerdesTester] (Thread-193) topic-115658b3_24db_4d3f_a892_a3d271f04686 0 0 {"key11753928611369": "value-0"}
2025-07-31 02:23:32,679 INFO  [io.api.tes.ser.api.KafkaSerdesTester] (Thread-193) topic-115658b3_24db_4d3f_a892_a3d271f04686 0 1 {"key11753928611369": "value-1"}
2025-07-31 02:23:32,679 INFO  [io.api.tes.ser.api.KafkaSerdesTester] (Thread-193) topic-115658b3_24db_4d3f_a892_a3d271f04686 0 2 {"key11753928611369": "value-2"}
2025-07-31 02:23:32,679 INFO  [io.api.tes.ser.api.KafkaSerdesTester] (Thread-193) topic-115658b3_24db_4d3f_a892_a3d271f04686 0 3 {"key11753928611369": "value-3"}
2025-07-31 02:23:32,679 INFO  [io.api.tes.ser.api.KafkaSerdesTester] (Thread-193) topic-115658b3_24db_4d3f_a892_a3d271f04686 0 4 {"key11753928611369": "value-4"}
2025-07-31 02:23:32,679 INFO  [io.api.tes.ser.api.KafkaSerdesTester] (Thread-193) topic-115658b3_24db_4d3f_a892_a3d271f04686 0 5 {"key11753928611369": "value-5"}
2025-07-31 02:23:32,679 INFO  [io.api.tes.ser.api.KafkaSerdesTester] (Thread-193) topic-115658b3_24db_4d3f_a892_a3d271f04686 0 6 {"key11753928611369": "value-6"}
2025-07-31 02:23:32,679 INFO  [io.api.tes.ser.api.KafkaSerdesTester] (Thread-193) topic-115658b3_24db_4d3f_a892_a3d271f04686 0 7 {"key11753928611369": "value-7"}
2025-07-31 02:23:32,679 INFO  [io.api.tes.ser.api.KafkaSerdesTester] (Thread-193) topic-115658b3_24db_4d3f_a892_a3d271f04686 0 8 {"key11753928611369": "value-8"}
2025-07-31 02:23:32,679 INFO  [io.api.tes.ser.api.KafkaSerdesTester] (Thread-193) topic-115658b3_24db_4d3f_a892_a3d271f04686 0 9 {"key11753928611369": "value-9"}
2025-07-31 02:23:32,679 INFO  [io.api.tes.ser.api.KafkaSerdesTester] (Thread-193) Consumed 10 messages
2025-07-31 02:23:32,681 INFO  [org.apa.kaf.cli.con.int.ConsumerRebalanceListenerInvoker] (Thread-193) [Consumer clientId=consumer-Consumer-topic-115658b3_24db_4d3f_a892_a3d271f04686-10, groupId=Consumer-topic-115658b3_24db_4d3f_a892_a3d271f04686] Revoke previously assigned partitions topic-115658b3_24db_4d3f_a892_a3d271f04686-0
2025-07-31 02:23:32,681 INFO  [org.apa.kaf.cli.con.int.ConsumerCoordinator] (Thread-193) [Consumer clientId=consumer-Consumer-topic-115658b3_24db_4d3f_a892_a3d271f04686-10, groupId=Consumer-topic-115658b3_24db_4d3f_a892_a3d271f04686] Member consumer-Consumer-topic-115658b3_24db_4d3f_a892_a3d271f04686-10-e0289976-0fc5-48a5-87c7-69452c876955 sending LeaveGroup request to coordinator localhost:32770 (id: 2147483647 rack: null) due to the consumer is being closed
2025-07-31 02:23:32,682 INFO  [org.apa.kaf.cli.con.int.ConsumerCoordinator] (Thread-193) [Consumer clientId=consumer-Consumer-topic-115658b3_24db_4d3f_a892_a3d271f04686-10, groupId=Consumer-topic-115658b3_24db_4d3f_a892_a3d271f04686] Resetting generation and member id due to: consumer pro-actively leaving the group
2025-07-31 02:23:32,682 INFO  [org.apa.kaf.cli.con.int.ConsumerCoordinator] (Thread-193) [Consumer clientId=consumer-Consumer-topic-115658b3_24db_4d3f_a892_a3d271f04686-10, groupId=Consumer-topic-115658b3_24db_4d3f_a892_a3d271f04686] Request joining group due to: consumer pro-actively leaving the group
2025-07-31 02:23:33,182 INFO  [org.apa.kaf.com.met.Metrics] (Thread-193) Metrics scheduler closed
2025-07-31 02:23:33,182 INFO  [org.apa.kaf.com.met.Metrics] (Thread-193) Closing reporter org.apache.kafka.common.metrics.JmxReporter
2025-07-31 02:23:33,182 INFO  [org.apa.kaf.com.met.Metrics] (Thread-193) Closing reporter org.apache.kafka.common.telemetry.internals.ClientTelemetryReporter
2025-07-31 02:23:33,182 INFO  [org.apa.kaf.com.met.Metrics] (Thread-193) Metrics reporters closed
2025-07-31 02:23:33,185 INFO  [org.apa.kaf.com.uti.AppInfoParser] (Thread-193) App info kafka.consumer for consumer-Consumer-topic-115658b3_24db_4d3f_a892_a3d271f04686-10 unregistered
2025-07-31 02:23:33,185 INFO  [io.api.tes.ser.api.AvroSerdeIT] (main) Registering Avro Schema 2: {"type":"record","name":"s3787f79ax2e49x4141x8915x7a3501d0ebfe","namespace":"ns_6f4770f5_21c9_4883_b1e0_8e3c76aaca2c","fields":[{"name":"key11753928611369","type":"string"},{"name":"key21753928613185","type":"string"}]}
2025-07-31 02:23:34,300 INFO  [org.apa.kaf.cli.pro.ProducerConfig] (main) ProducerConfig values: 
	acks = -1
	auto.include.jmx.reporter = true
	batch.size = 16384
	bootstrap.servers = [PLAINTEXT://localhost:32770]
	buffer.memory = 33554432
	client.dns.lookup = use_all_dns_ips
	client.id = Producer-topic-115658b3_24db_4d3f_a892_a3d271f04686
	compression.gzip.level = -1
	compression.lz4.level = 9
	compression.type = none
	compression.zstd.level = 3
	connections.max.idle.ms = 10000
	delivery.timeout.ms = 120000
	enable.idempotence = true
	enable.metrics.push = true
	interceptor.classes = []
	key.serializer = class org.apache.kafka.common.serialization.StringSerializer
	linger.ms = 0
	max.block.ms = 60000
	max.in.flight.requests.per.connection = 5
	max.request.size = 1048576
	metadata.max.age.ms = 300000
	metadata.max.idle.ms = 300000
	metadata.recovery.strategy = none
	metric.reporters = []
	metrics.num.samples = 2
	metrics.recording.level = INFO
	metrics.sample.window.ms = 30000
	partitioner.adaptive.partitioning.enable = true
	partitioner.availability.timeout.ms = 0
	partitioner.class = null
	partitioner.ignore.keys = false
	receive.buffer.bytes = 32768
	reconnect.backoff.max.ms = 1000
	reconnect.backoff.ms = 50
	request.timeout.ms = 5000
	retries = 2147483647
	retry.backoff.max.ms = 1000
	retry.backoff.ms = 100
	sasl.client.callback.handler.class = null
	sasl.jaas.config = null
	sasl.kerberos.kinit.cmd = /usr/bin/kinit
	sasl.kerberos.min.time.before.relogin = 60000
	sasl.kerberos.service.name = null
	sasl.kerberos.ticket.renew.jitter = 0.05
	sasl.kerberos.ticket.renew.window.factor = 0.8
	sasl.login.callback.handler.class = null
	sasl.login.class = null
	sasl.login.connect.timeout.ms = null
	sasl.login.read.timeout.ms = null
	sasl.login.refresh.buffer.seconds = 300
	sasl.login.refresh.min.period.seconds = 60
	sasl.login.refresh.window.factor = 0.8
	sasl.login.refresh.window.jitter = 0.05
	sasl.login.retry.backoff.max.ms = 10000
	sasl.login.retry.backoff.ms = 100
	sasl.mechanism = GSSAPI
	sasl.oauthbearer.clock.skew.seconds = 30
	sasl.oauthbearer.expected.audience = null
	sasl.oauthbearer.expected.issuer = null
	sasl.oauthbearer.header.urlencode = false
	sasl.oauthbearer.jwks.endpoint.refresh.ms = 3600000
	sasl.oauthbearer.jwks.endpoint.retry.backoff.max.ms = 10000
	sasl.oauthbearer.jwks.endpoint.retry.backoff.ms = 100
	sasl.oauthbearer.jwks.endpoint.url = null
	sasl.oauthbearer.scope.claim.name = scope
	sasl.oauthbearer.sub.claim.name = sub
	sasl.oauthbearer.token.endpoint.url = null
	security.protocol = PLAINTEXT
	security.providers = null
	send.buffer.bytes = 131072
	socket.connection.setup.timeout.max.ms = 30000
	socket.connection.setup.timeout.ms = 10000
	ssl.cipher.suites = null
	ssl.enabled.protocols = [TLSv1.2, TLSv1.3]
	ssl.endpoint.identification.algorithm = https
	ssl.engine.factory.class = null
	ssl.key.password = null
	ssl.keymanager.algorithm = SunX509
	ssl.keystore.certificate.chain = null
	ssl.keystore.key = null
	ssl.keystore.location = null
	ssl.keystore.password = null
	ssl.keystore.type = JKS
	ssl.protocol = TLSv1.3
	ssl.provider = null
	ssl.secure.random.implementation = null
	ssl.trustmanager.algorithm = PKIX
	ssl.truststore.certificates = null
	ssl.truststore.location = null
	ssl.truststore.password = null
	ssl.truststore.type = JKS
	transaction.timeout.ms = 60000
	transactional.id = null
	value.serializer = class io.apicurio.registry.serde.avro.AvroKafkaSerializer

2025-07-31 02:23:34,300 INFO  [org.apa.kaf.com.tel.int.KafkaMetricsCollector] (main) initializing Kafka metrics collector
2025-07-31 02:23:34,303 INFO  [org.apa.kaf.cli.pro.KafkaProducer] (main) [Producer clientId=Producer-topic-115658b3_24db_4d3f_a892_a3d271f04686] Instantiated an idempotent producer.
2025-07-31 02:23:34,305 INFO  [org.apa.kaf.cli.pro.ProducerConfig] (main) These configurations '[apicurio.registry.url, apicurio.registry.artifact-resolver-strategy]' were supplied but are not used yet.
2025-07-31 02:23:34,305 INFO  [org.apa.kaf.com.uti.AppInfoParser] (main) Kafka version: 3.9.0
2025-07-31 02:23:34,305 INFO  [org.apa.kaf.com.uti.AppInfoParser] (main) Kafka commitId: 84caaa6e9da06435
2025-07-31 02:23:34,305 INFO  [org.apa.kaf.com.uti.AppInfoParser] (main) Kafka startTimeMs: 1753928614305
2025-07-31 02:23:34,307 INFO  [io.api.tes.ser.api.KafkaSerdesTester] (Thread-196) Sending message {"key11753928611369": "value-0", "key21753928613185": "value-0"} to topic topic-115658b3_24db_4d3f_a892_a3d271f04686
2025-07-31 02:23:34,311 INFO  [org.apa.kaf.cli.Metadata] (kafka-producer-network-thread | Producer-topic-115658b3_24db_4d3f_a892_a3d271f04686) [Producer clientId=Producer-topic-115658b3_24db_4d3f_a892_a3d271f04686] Cluster ID: EeXQRaomRg6j_8npZiTrIA
2025-07-31 02:23:34,311 INFO  [DefaultSchemaResolver] (Thread-196) Retrieving schema content using string: {"type":"record","name":"s3787f79ax2e49x4141x8915x7a3501d0ebfe","namespace":"ns_6f4770f5_21c9_4883_b1e0_8e3c76aaca2c","fields":[{"name":"key11753928611369","type":"string"},{"name":"key21753928613185","type":"string"}]}
2025-07-31 02:23:34,311 INFO  [org.apa.kaf.cli.pro.int.TransactionManager] (kafka-producer-network-thread | Producer-topic-115658b3_24db_4d3f_a892_a3d271f04686) [Producer clientId=Producer-topic-115658b3_24db_4d3f_a892_a3d271f04686] ProducerId set to 13 with epoch 0
2025-07-31 02:23:34,370 INFO  [io.api.tes.ser.api.KafkaSerdesTester] (Thread-196) Sending message {"key11753928611369": "value-1", "key21753928613185": "value-1"} to topic topic-115658b3_24db_4d3f_a892_a3d271f04686
2025-07-31 02:23:34,372 INFO  [io.api.tes.ser.api.KafkaSerdesTester] (Thread-196) Sending message {"key11753928611369": "value-2", "key21753928613185": "value-2"} to topic topic-115658b3_24db_4d3f_a892_a3d271f04686
2025-07-31 02:23:34,374 INFO  [io.api.tes.ser.api.KafkaSerdesTester] (Thread-196) Sending message {"key11753928611369": "value-3", "key21753928613185": "value-3"} to topic topic-115658b3_24db_4d3f_a892_a3d271f04686
2025-07-31 02:23:34,376 INFO  [io.api.tes.ser.api.KafkaSerdesTester] (Thread-196) Sending message {"key11753928611369": "value-4", "key21753928613185": "value-4"} to topic topic-115658b3_24db_4d3f_a892_a3d271f04686
2025-07-31 02:23:34,377 INFO  [io.api.tes.ser.api.KafkaSerdesTester] (Thread-196) Sending message {"key11753928611369": "value-5", "key21753928613185": "value-5"} to topic topic-115658b3_24db_4d3f_a892_a3d271f04686
2025-07-31 02:23:34,378 INFO  [io.api.tes.ser.api.KafkaSerdesTester] (Thread-196) Sending message {"key11753928611369": "value-6", "key21753928613185": "value-6"} to topic topic-115658b3_24db_4d3f_a892_a3d271f04686
2025-07-31 02:23:34,380 INFO  [io.api.tes.ser.api.KafkaSerdesTester] (Thread-196) Sending message {"key11753928611369": "value-7", "key21753928613185": "value-7"} to topic topic-115658b3_24db_4d3f_a892_a3d271f04686
2025-07-31 02:23:34,382 INFO  [io.api.tes.ser.api.KafkaSerdesTester] (Thread-196) Sending message {"key11753928611369": "value-8", "key21753928613185": "value-8"} to topic topic-115658b3_24db_4d3f_a892_a3d271f04686
2025-07-31 02:23:34,383 INFO  [io.api.tes.ser.api.KafkaSerdesTester] (Thread-196) Sending message {"key11753928611369": "value-9", "key21753928613185": "value-9"} to topic topic-115658b3_24db_4d3f_a892_a3d271f04686
2025-07-31 02:23:34,388 INFO  [io.api.tes.ser.api.KafkaSerdesTester] (Thread-196) Produced 10 messages
2025-07-31 02:23:34,389 INFO  [org.apa.kaf.cli.pro.KafkaProducer] (Thread-196) [Producer clientId=Producer-topic-115658b3_24db_4d3f_a892_a3d271f04686] Closing the Kafka producer with timeoutMillis = 9223372036854775807 ms.
2025-07-31 02:23:34,391 INFO  [org.apa.kaf.com.met.Metrics] (Thread-196) Metrics scheduler closed
2025-07-31 02:23:34,391 INFO  [org.apa.kaf.com.met.Metrics] (Thread-196) Closing reporter org.apache.kafka.common.metrics.JmxReporter
2025-07-31 02:23:34,391 INFO  [org.apa.kaf.com.met.Metrics] (Thread-196) Closing reporter org.apache.kafka.common.telemetry.internals.ClientTelemetryReporter
2025-07-31 02:23:34,391 INFO  [org.apa.kaf.com.met.Metrics] (Thread-196) Metrics reporters closed
2025-07-31 02:23:34,392 INFO  [org.apa.kaf.com.uti.AppInfoParser] (Thread-196) App info kafka.producer for Producer-topic-115658b3_24db_4d3f_a892_a3d271f04686 unregistered
2025-07-31 02:23:34,392 INFO  [org.apa.kaf.cli.pro.ProducerConfig] (main) ProducerConfig values: 
	acks = -1
	auto.include.jmx.reporter = true
	batch.size = 16384
	bootstrap.servers = [PLAINTEXT://localhost:32770]
	buffer.memory = 33554432
	client.dns.lookup = use_all_dns_ips
	client.id = Producer-topic-115658b3_24db_4d3f_a892_a3d271f04686
	compression.gzip.level = -1
	compression.lz4.level = 9
	compression.type = none
	compression.zstd.level = 3
	connections.max.idle.ms = 10000
	delivery.timeout.ms = 120000
	enable.idempotence = true
	enable.metrics.push = true
	interceptor.classes = []
	key.serializer = class org.apache.kafka.common.serialization.StringSerializer
	linger.ms = 0
	max.block.ms = 60000
	max.in.flight.requests.per.connection = 5
	max.request.size = 1048576
	metadata.max.age.ms = 300000
	metadata.max.idle.ms = 300000
	metadata.recovery.strategy = none
	metric.reporters = []
	metrics.num.samples = 2
	metrics.recording.level = INFO
	metrics.sample.window.ms = 30000
	partitioner.adaptive.partitioning.enable = true
	partitioner.availability.timeout.ms = 0
	partitioner.class = null
	partitioner.ignore.keys = false
	receive.buffer.bytes = 32768
	reconnect.backoff.max.ms = 1000
	reconnect.backoff.ms = 50
	request.timeout.ms = 5000
	retries = 2147483647
	retry.backoff.max.ms = 1000
	retry.backoff.ms = 100
	sasl.client.callback.handler.class = null
	sasl.jaas.config = null
	sasl.kerberos.kinit.cmd = /usr/bin/kinit
	sasl.kerberos.min.time.before.relogin = 60000
	sasl.kerberos.service.name = null
	sasl.kerberos.ticket.renew.jitter = 0.05
	sasl.kerberos.ticket.renew.window.factor = 0.8
	sasl.login.callback.handler.class = null
	sasl.login.class = null
	sasl.login.connect.timeout.ms = null
	sasl.login.read.timeout.ms = null
	sasl.login.refresh.buffer.seconds = 300
	sasl.login.refresh.min.period.seconds = 60
	sasl.login.refresh.window.factor = 0.8
	sasl.login.refresh.window.jitter = 0.05
	sasl.login.retry.backoff.max.ms = 10000
	sasl.login.retry.backoff.ms = 100
	sasl.mechanism = GSSAPI
	sasl.oauthbearer.clock.skew.seconds = 30
	sasl.oauthbearer.expected.audience = null
	sasl.oauthbearer.expected.issuer = null
	sasl.oauthbearer.header.urlencode = false
	sasl.oauthbearer.jwks.endpoint.refresh.ms = 3600000
	sasl.oauthbearer.jwks.endpoint.retry.backoff.max.ms = 10000
	sasl.oauthbearer.jwks.endpoint.retry.backoff.ms = 100
	sasl.oauthbearer.jwks.endpoint.url = null
	sasl.oauthbearer.scope.claim.name = scope
	sasl.oauthbearer.sub.claim.name = sub
	sasl.oauthbearer.token.endpoint.url = null
	security.protocol = PLAINTEXT
	security.providers = null
	send.buffer.bytes = 131072
	socket.connection.setup.timeout.max.ms = 30000
	socket.connection.setup.timeout.ms = 10000
	ssl.cipher.suites = null
	ssl.enabled.protocols = [TLSv1.2, TLSv1.3]
	ssl.endpoint.identification.algorithm = https
	ssl.engine.factory.class = null
	ssl.key.password = null
	ssl.keymanager.algorithm = SunX509
	ssl.keystore.certificate.chain = null
	ssl.keystore.key = null
	ssl.keystore.location = null
	ssl.keystore.password = null
	ssl.keystore.type = JKS
	ssl.protocol = TLSv1.3
	ssl.provider = null
	ssl.secure.random.implementation = null
	ssl.trustmanager.algorithm = PKIX
	ssl.truststore.certificates = null
	ssl.truststore.location = null
	ssl.truststore.password = null
	ssl.truststore.type = JKS
	transaction.timeout.ms = 60000
	transactional.id = null
	value.serializer = class io.apicurio.registry.serde.avro.AvroKafkaSerializer

2025-07-31 02:23:34,393 INFO  [org.apa.kaf.com.tel.int.KafkaMetricsCollector] (main) initializing Kafka metrics collector
2025-07-31 02:23:34,399 INFO  [org.apa.kaf.cli.pro.KafkaProducer] (main) [Producer clientId=Producer-topic-115658b3_24db_4d3f_a892_a3d271f04686] Instantiated an idempotent producer.
2025-07-31 02:23:34,400 INFO  [org.apa.kaf.cli.pro.ProducerConfig] (main) These configurations '[apicurio.registry.url, apicurio.registry.artifact-resolver-strategy]' were supplied but are not used yet.
2025-07-31 02:23:34,401 INFO  [org.apa.kaf.com.uti.AppInfoParser] (main) Kafka version: 3.9.0
2025-07-31 02:23:34,401 INFO  [org.apa.kaf.com.uti.AppInfoParser] (main) Kafka commitId: 84caaa6e9da06435
2025-07-31 02:23:34,401 INFO  [org.apa.kaf.com.uti.AppInfoParser] (main) Kafka startTimeMs: 1753928614400
2025-07-31 02:23:34,402 INFO  [io.api.tes.ser.api.KafkaSerdesTester] (Thread-199) Sending message {"key11753928611369": "value-0"} to topic topic-115658b3_24db_4d3f_a892_a3d271f04686
2025-07-31 02:23:34,404 INFO  [org.apa.kaf.cli.Metadata] (kafka-producer-network-thread | Producer-topic-115658b3_24db_4d3f_a892_a3d271f04686) [Producer clientId=Producer-topic-115658b3_24db_4d3f_a892_a3d271f04686] Cluster ID: EeXQRaomRg6j_8npZiTrIA
2025-07-31 02:23:34,404 INFO  [org.apa.kaf.cli.pro.int.TransactionManager] (kafka-producer-network-thread | Producer-topic-115658b3_24db_4d3f_a892_a3d271f04686) [Producer clientId=Producer-topic-115658b3_24db_4d3f_a892_a3d271f04686] ProducerId set to 14 with epoch 0
2025-07-31 02:23:34,409 INFO  [DefaultSchemaResolver] (Thread-199) Retrieving schema content using string: {"type":"record","name":"s3787f79ax2e49x4141x8915x7a3501d0ebfe","namespace":"ns_6f4770f5_21c9_4883_b1e0_8e3c76aaca2c","fields":[{"name":"key11753928611369","type":"string"}]}
2025-07-31 02:23:34,480 INFO  [io.api.tes.ser.api.KafkaSerdesTester] (Thread-199) Sending message {"key11753928611369": "value-1"} to topic topic-115658b3_24db_4d3f_a892_a3d271f04686
2025-07-31 02:23:34,483 INFO  [io.api.tes.ser.api.KafkaSerdesTester] (Thread-199) Sending message {"key11753928611369": "value-2"} to topic topic-115658b3_24db_4d3f_a892_a3d271f04686
2025-07-31 02:23:34,484 INFO  [io.api.tes.ser.api.KafkaSerdesTester] (Thread-199) Sending message {"key11753928611369": "value-3"} to topic topic-115658b3_24db_4d3f_a892_a3d271f04686
2025-07-31 02:23:34,486 INFO  [io.api.tes.ser.api.KafkaSerdesTester] (Thread-199) Sending message {"key11753928611369": "value-4"} to topic topic-115658b3_24db_4d3f_a892_a3d271f04686
2025-07-31 02:23:34,487 INFO  [io.api.tes.ser.api.KafkaSerdesTester] (Thread-199) Sending message {"key11753928611369": "value-5"} to topic topic-115658b3_24db_4d3f_a892_a3d271f04686
2025-07-31 02:23:34,489 INFO  [io.api.tes.ser.api.KafkaSerdesTester] (Thread-199) Sending message {"key11753928611369": "value-6"} to topic topic-115658b3_24db_4d3f_a892_a3d271f04686
2025-07-31 02:23:34,490 INFO  [io.api.tes.ser.api.KafkaSerdesTester] (Thread-199) Sending message {"key11753928611369": "value-7"} to topic topic-115658b3_24db_4d3f_a892_a3d271f04686
2025-07-31 02:23:34,491 INFO  [io.api.tes.ser.api.KafkaSerdesTester] (Thread-199) Sending message {"key11753928611369": "value-8"} to topic topic-115658b3_24db_4d3f_a892_a3d271f04686
2025-07-31 02:23:34,492 INFO  [io.api.tes.ser.api.KafkaSerdesTester] (Thread-199) Sending message {"key11753928611369": "value-9"} to topic topic-115658b3_24db_4d3f_a892_a3d271f04686
2025-07-31 02:23:34,493 INFO  [io.api.tes.ser.api.KafkaSerdesTester] (Thread-199) Produced 10 messages
2025-07-31 02:23:34,493 INFO  [org.apa.kaf.cli.pro.KafkaProducer] (Thread-199) [Producer clientId=Producer-topic-115658b3_24db_4d3f_a892_a3d271f04686] Closing the Kafka producer with timeoutMillis = 9223372036854775807 ms.
2025-07-31 02:23:34,495 INFO  [org.apa.kaf.com.met.Metrics] (Thread-199) Metrics scheduler closed
2025-07-31 02:23:34,495 INFO  [org.apa.kaf.com.met.Metrics] (Thread-199) Closing reporter org.apache.kafka.common.metrics.JmxReporter
2025-07-31 02:23:34,495 INFO  [org.apa.kaf.com.met.Metrics] (Thread-199) Closing reporter org.apache.kafka.common.telemetry.internals.ClientTelemetryReporter
2025-07-31 02:23:34,495 INFO  [org.apa.kaf.com.met.Metrics] (Thread-199) Metrics reporters closed
2025-07-31 02:23:34,495 INFO  [org.apa.kaf.com.uti.AppInfoParser] (Thread-199) App info kafka.producer for Producer-topic-115658b3_24db_4d3f_a892_a3d271f04686 unregistered
2025-07-31 02:23:34,496 INFO  [org.apa.kaf.cli.con.ConsumerConfig] (main) ConsumerConfig values: 
	allow.auto.create.topics = true
	auto.commit.interval.ms = 500
	auto.include.jmx.reporter = true
	auto.offset.reset = earliest
	bootstrap.servers = [PLAINTEXT://localhost:32770]
	check.crcs = true
	client.dns.lookup = use_all_dns_ips
	client.id = consumer-Consumer-topic-115658b3_24db_4d3f_a892_a3d271f04686-11
	client.rack = 
	connections.max.idle.ms = 10000
	default.api.timeout.ms = 60000
	enable.auto.commit = true
	enable.metrics.push = true
	exclude.internal.topics = true
	fetch.max.bytes = 52428800
	fetch.max.wait.ms = 500
	fetch.min.bytes = 1
	group.id = Consumer-topic-115658b3_24db_4d3f_a892_a3d271f04686
	group.instance.id = null
	group.protocol = classic
	group.remote.assignor = null
	heartbeat.interval.ms = 3000
	interceptor.classes = []
	internal.leave.group.on.close = true
	internal.throw.on.fetch.stable.offset.unsupported = false
	isolation.level = read_uncommitted
	key.deserializer = class org.apache.kafka.common.serialization.StringDeserializer
	max.partition.fetch.bytes = 1048576
	max.poll.interval.ms = 300000
	max.poll.records = 500
	metadata.max.age.ms = 300000
	metadata.recovery.strategy = none
	metric.reporters = []
	metrics.num.samples = 2
	metrics.recording.level = INFO
	metrics.sample.window.ms = 30000
	partition.assignment.strategy = [class org.apache.kafka.clients.consumer.RangeAssignor, class org.apache.kafka.clients.consumer.CooperativeStickyAssignor]
	receive.buffer.bytes = 65536
	reconnect.backoff.max.ms = 1000
	reconnect.backoff.ms = 50
	request.timeout.ms = 5000
	retry.backoff.max.ms = 1000
	retry.backoff.ms = 100
	sasl.client.callback.handler.class = null
	sasl.jaas.config = null
	sasl.kerberos.kinit.cmd = /usr/bin/kinit
	sasl.kerberos.min.time.before.relogin = 60000
	sasl.kerberos.service.name = null
	sasl.kerberos.ticket.renew.jitter = 0.05
	sasl.kerberos.ticket.renew.window.factor = 0.8
	sasl.login.callback.handler.class = null
	sasl.login.class = null
	sasl.login.connect.timeout.ms = null
	sasl.login.read.timeout.ms = null
	sasl.login.refresh.buffer.seconds = 300
	sasl.login.refresh.min.period.seconds = 60
	sasl.login.refresh.window.factor = 0.8
	sasl.login.refresh.window.jitter = 0.05
	sasl.login.retry.backoff.max.ms = 10000
	sasl.login.retry.backoff.ms = 100
	sasl.mechanism = GSSAPI
	sasl.oauthbearer.clock.skew.seconds = 30
	sasl.oauthbearer.expected.audience = null
	sasl.oauthbearer.expected.issuer = null
	sasl.oauthbearer.header.urlencode = false
	sasl.oauthbearer.jwks.endpoint.refresh.ms = 3600000
	sasl.oauthbearer.jwks.endpoint.retry.backoff.max.ms = 10000
	sasl.oauthbearer.jwks.endpoint.retry.backoff.ms = 100
	sasl.oauthbearer.jwks.endpoint.url = null
	sasl.oauthbearer.scope.claim.name = scope
	sasl.oauthbearer.sub.claim.name = sub
	sasl.oauthbearer.token.endpoint.url = null
	security.protocol = PLAINTEXT
	security.providers = null
	send.buffer.bytes = 131072
	session.timeout.ms = 45000
	socket.connection.setup.timeout.max.ms = 30000
	socket.connection.setup.timeout.ms = 10000
	ssl.cipher.suites = null
	ssl.enabled.protocols = [TLSv1.2, TLSv1.3]
	ssl.endpoint.identification.algorithm = https
	ssl.engine.factory.class = null
	ssl.key.password = null
	ssl.keymanager.algorithm = SunX509
	ssl.keystore.certificate.chain = null
	ssl.keystore.key = null
	ssl.keystore.location = null
	ssl.keystore.password = null
	ssl.keystore.type = JKS
	ssl.protocol = TLSv1.3
	ssl.provider = null
	ssl.secure.random.implementation = null
	ssl.trustmanager.algorithm = PKIX
	ssl.truststore.certificates = null
	ssl.truststore.location = null
	ssl.truststore.password = null
	ssl.truststore.type = JKS
	value.deserializer = class io.apicurio.registry.serde.avro.AvroKafkaDeserializer

2025-07-31 02:23:34,496 INFO  [org.apa.kaf.com.tel.int.KafkaMetricsCollector] (main) initializing Kafka metrics collector
2025-07-31 02:23:34,503 INFO  [org.apa.kaf.cli.con.ConsumerConfig] (main) These configurations '[apicurio.registry.url]' were supplied but are not used yet.
2025-07-31 02:23:34,503 INFO  [org.apa.kaf.com.uti.AppInfoParser] (main) Kafka version: 3.9.0
2025-07-31 02:23:34,503 INFO  [org.apa.kaf.com.uti.AppInfoParser] (main) Kafka commitId: 84caaa6e9da06435
2025-07-31 02:23:34,503 INFO  [org.apa.kaf.com.uti.AppInfoParser] (main) Kafka startTimeMs: 1753928614503
2025-07-31 02:23:34,503 INFO  [org.apa.kaf.cli.con.int.ClassicKafkaConsumer] (Thread-202) [Consumer clientId=consumer-Consumer-topic-115658b3_24db_4d3f_a892_a3d271f04686-11, groupId=Consumer-topic-115658b3_24db_4d3f_a892_a3d271f04686] Subscribed to topic(s): topic-115658b3_24db_4d3f_a892_a3d271f04686
2025-07-31 02:23:34,509 INFO  [org.apa.kaf.cli.Metadata] (Thread-202) [Consumer clientId=consumer-Consumer-topic-115658b3_24db_4d3f_a892_a3d271f04686-11, groupId=Consumer-topic-115658b3_24db_4d3f_a892_a3d271f04686] Cluster ID: EeXQRaomRg6j_8npZiTrIA
2025-07-31 02:23:34,510 INFO  [org.apa.kaf.cli.con.int.ConsumerCoordinator] (Thread-202) [Consumer clientId=consumer-Consumer-topic-115658b3_24db_4d3f_a892_a3d271f04686-11, groupId=Consumer-topic-115658b3_24db_4d3f_a892_a3d271f04686] Discovered group coordinator localhost:32770 (id: 2147483647 rack: null)
2025-07-31 02:23:34,511 INFO  [org.apa.kaf.cli.con.int.ConsumerCoordinator] (Thread-202) [Consumer clientId=consumer-Consumer-topic-115658b3_24db_4d3f_a892_a3d271f04686-11, groupId=Consumer-topic-115658b3_24db_4d3f_a892_a3d271f04686] (Re-)joining group
2025-07-31 02:23:34,514 INFO  [org.apa.kaf.cli.con.int.ConsumerCoordinator] (Thread-202) [Consumer clientId=consumer-Consumer-topic-115658b3_24db_4d3f_a892_a3d271f04686-11, groupId=Consumer-topic-115658b3_24db_4d3f_a892_a3d271f04686] Request joining group due to: need to re-join with the given member-id: consumer-Consumer-topic-115658b3_24db_4d3f_a892_a3d271f04686-11-6fa4a8bb-57a7-46c7-a771-5af50d6e300a
2025-07-31 02:23:34,514 INFO  [org.apa.kaf.cli.con.int.ConsumerCoordinator] (Thread-202) [Consumer clientId=consumer-Consumer-topic-115658b3_24db_4d3f_a892_a3d271f04686-11, groupId=Consumer-topic-115658b3_24db_4d3f_a892_a3d271f04686] (Re-)joining group
2025-07-31 02:23:34,520 INFO  [org.apa.kaf.cli.con.int.ConsumerCoordinator] (Thread-202) [Consumer clientId=consumer-Consumer-topic-115658b3_24db_4d3f_a892_a3d271f04686-11, groupId=Consumer-topic-115658b3_24db_4d3f_a892_a3d271f04686] Successfully joined group with generation Generation{generationId=3, memberId='consumer-Consumer-topic-115658b3_24db_4d3f_a892_a3d271f04686-11-6fa4a8bb-57a7-46c7-a771-5af50d6e300a', protocol='range'}
2025-07-31 02:23:34,520 INFO  [org.apa.kaf.cli.con.int.ConsumerCoordinator] (Thread-202) [Consumer clientId=consumer-Consumer-topic-115658b3_24db_4d3f_a892_a3d271f04686-11, groupId=Consumer-topic-115658b3_24db_4d3f_a892_a3d271f04686] Finished assignment for group at generation 3: {consumer-Consumer-topic-115658b3_24db_4d3f_a892_a3d271f04686-11-6fa4a8bb-57a7-46c7-a771-5af50d6e300a=Assignment(partitions=[topic-115658b3_24db_4d3f_a892_a3d271f04686-0])}
2025-07-31 02:23:34,524 INFO  [org.apa.kaf.cli.con.int.ConsumerCoordinator] (Thread-202) [Consumer clientId=consumer-Consumer-topic-115658b3_24db_4d3f_a892_a3d271f04686-11, groupId=Consumer-topic-115658b3_24db_4d3f_a892_a3d271f04686] Successfully synced group in generation Generation{generationId=3, memberId='consumer-Consumer-topic-115658b3_24db_4d3f_a892_a3d271f04686-11-6fa4a8bb-57a7-46c7-a771-5af50d6e300a', protocol='range'}
2025-07-31 02:23:34,525 INFO  [org.apa.kaf.cli.con.int.ConsumerCoordinator] (Thread-202) [Consumer clientId=consumer-Consumer-topic-115658b3_24db_4d3f_a892_a3d271f04686-11, groupId=Consumer-topic-115658b3_24db_4d3f_a892_a3d271f04686] Notifying assignor about the new Assignment(partitions=[topic-115658b3_24db_4d3f_a892_a3d271f04686-0])
2025-07-31 02:23:34,525 INFO  [org.apa.kaf.cli.con.int.ConsumerRebalanceListenerInvoker] (Thread-202) [Consumer clientId=consumer-Consumer-topic-115658b3_24db_4d3f_a892_a3d271f04686-11, groupId=Consumer-topic-115658b3_24db_4d3f_a892_a3d271f04686] Adding newly assigned partitions: topic-115658b3_24db_4d3f_a892_a3d271f04686-0
2025-07-31 02:23:34,528 INFO  [org.apa.kaf.cli.con.int.ConsumerUtils] (Thread-202) Setting offset for partition topic-115658b3_24db_4d3f_a892_a3d271f04686-0 to the committed offset FetchPosition{offset=10, offsetEpoch=Optional[0], currentLeader=LeaderAndEpoch{leader=Optional[localhost:32770 (id: 0 rack: null)], epoch=0}}
2025-07-31 02:23:34,673 INFO  [io.api.tes.ser.api.KafkaSerdesTester] (Thread-202) topic-115658b3_24db_4d3f_a892_a3d271f04686 0 10 {"key11753928611369": "value-0", "key21753928613185": "value-0"}
2025-07-31 02:23:34,674 INFO  [io.api.tes.ser.api.KafkaSerdesTester] (Thread-202) topic-115658b3_24db_4d3f_a892_a3d271f04686 0 11 {"key11753928611369": "value-1", "key21753928613185": "value-1"}
2025-07-31 02:23:34,674 INFO  [io.api.tes.ser.api.KafkaSerdesTester] (Thread-202) topic-115658b3_24db_4d3f_a892_a3d271f04686 0 12 {"key11753928611369": "value-2", "key21753928613185": "value-2"}
2025-07-31 02:23:34,674 INFO  [io.api.tes.ser.api.KafkaSerdesTester] (Thread-202) topic-115658b3_24db_4d3f_a892_a3d271f04686 0 13 {"key11753928611369": "value-3", "key21753928613185": "value-3"}
2025-07-31 02:23:34,674 INFO  [io.api.tes.ser.api.KafkaSerdesTester] (Thread-202) topic-115658b3_24db_4d3f_a892_a3d271f04686 0 14 {"key11753928611369": "value-4", "key21753928613185": "value-4"}
2025-07-31 02:23:34,674 INFO  [io.api.tes.ser.api.KafkaSerdesTester] (Thread-202) topic-115658b3_24db_4d3f_a892_a3d271f04686 0 15 {"key11753928611369": "value-5", "key21753928613185": "value-5"}
2025-07-31 02:23:34,674 INFO  [io.api.tes.ser.api.KafkaSerdesTester] (Thread-202) topic-115658b3_24db_4d3f_a892_a3d271f04686 0 16 {"key11753928611369": "value-6", "key21753928613185": "value-6"}
2025-07-31 02:23:34,674 INFO  [io.api.tes.ser.api.KafkaSerdesTester] (Thread-202) topic-115658b3_24db_4d3f_a892_a3d271f04686 0 17 {"key11753928611369": "value-7", "key21753928613185": "value-7"}
2025-07-31 02:23:34,674 INFO  [io.api.tes.ser.api.KafkaSerdesTester] (Thread-202) topic-115658b3_24db_4d3f_a892_a3d271f04686 0 18 {"key11753928611369": "value-8", "key21753928613185": "value-8"}
2025-07-31 02:23:34,674 INFO  [io.api.tes.ser.api.KafkaSerdesTester] (Thread-202) topic-115658b3_24db_4d3f_a892_a3d271f04686 0 19 {"key11753928611369": "value-9", "key21753928613185": "value-9"}
2025-07-31 02:23:34,674 INFO  [io.api.tes.ser.api.KafkaSerdesTester] (Thread-202) topic-115658b3_24db_4d3f_a892_a3d271f04686 0 20 {"key11753928611369": "value-0"}
2025-07-31 02:23:34,674 INFO  [io.api.tes.ser.api.KafkaSerdesTester] (Thread-202) topic-115658b3_24db_4d3f_a892_a3d271f04686 0 21 {"key11753928611369": "value-1"}
2025-07-31 02:23:34,674 INFO  [io.api.tes.ser.api.KafkaSerdesTester] (Thread-202) topic-115658b3_24db_4d3f_a892_a3d271f04686 0 22 {"key11753928611369": "value-2"}
2025-07-31 02:23:34,674 INFO  [io.api.tes.ser.api.KafkaSerdesTester] (Thread-202) topic-115658b3_24db_4d3f_a892_a3d271f04686 0 23 {"key11753928611369": "value-3"}
2025-07-31 02:23:34,674 INFO  [io.api.tes.ser.api.KafkaSerdesTester] (Thread-202) topic-115658b3_24db_4d3f_a892_a3d271f04686 0 24 {"key11753928611369": "value-4"}
2025-07-31 02:23:34,674 INFO  [io.api.tes.ser.api.KafkaSerdesTester] (Thread-202) topic-115658b3_24db_4d3f_a892_a3d271f04686 0 25 {"key11753928611369": "value-5"}
2025-07-31 02:23:34,674 INFO  [io.api.tes.ser.api.KafkaSerdesTester] (Thread-202) topic-115658b3_24db_4d3f_a892_a3d271f04686 0 26 {"key11753928611369": "value-6"}
2025-07-31 02:23:34,674 INFO  [io.api.tes.ser.api.KafkaSerdesTester] (Thread-202) topic-115658b3_24db_4d3f_a892_a3d271f04686 0 27 {"key11753928611369": "value-7"}
2025-07-31 02:23:34,674 INFO  [io.api.tes.ser.api.KafkaSerdesTester] (Thread-202) topic-115658b3_24db_4d3f_a892_a3d271f04686 0 28 {"key11753928611369": "value-8"}
2025-07-31 02:23:34,674 INFO  [io.api.tes.ser.api.KafkaSerdesTester] (Thread-202) topic-115658b3_24db_4d3f_a892_a3d271f04686 0 29 {"key11753928611369": "value-9"}
2025-07-31 02:23:34,674 INFO  [io.api.tes.ser.api.KafkaSerdesTester] (Thread-202) Consumed 20 messages
2025-07-31 02:23:34,683 INFO  [org.apa.kaf.cli.con.int.ConsumerRebalanceListenerInvoker] (Thread-202) [Consumer clientId=consumer-Consumer-topic-115658b3_24db_4d3f_a892_a3d271f04686-11, groupId=Consumer-topic-115658b3_24db_4d3f_a892_a3d271f04686] Revoke previously assigned partitions topic-115658b3_24db_4d3f_a892_a3d271f04686-0
2025-07-31 02:23:34,684 INFO  [org.apa.kaf.cli.con.int.ConsumerCoordinator] (Thread-202) [Consumer clientId=consumer-Consumer-topic-115658b3_24db_4d3f_a892_a3d271f04686-11, groupId=Consumer-topic-115658b3_24db_4d3f_a892_a3d271f04686] Member consumer-Consumer-topic-115658b3_24db_4d3f_a892_a3d271f04686-11-6fa4a8bb-57a7-46c7-a771-5af50d6e300a sending LeaveGroup request to coordinator localhost:32770 (id: 2147483647 rack: null) due to the consumer is being closed
2025-07-31 02:23:34,684 INFO  [org.apa.kaf.cli.con.int.ConsumerCoordinator] (Thread-202) [Consumer clientId=consumer-Consumer-topic-115658b3_24db_4d3f_a892_a3d271f04686-11, groupId=Consumer-topic-115658b3_24db_4d3f_a892_a3d271f04686] Resetting generation and member id due to: consumer pro-actively leaving the group
2025-07-31 02:23:34,685 INFO  [org.apa.kaf.cli.con.int.ConsumerCoordinator] (Thread-202) [Consumer clientId=consumer-Consumer-topic-115658b3_24db_4d3f_a892_a3d271f04686-11, groupId=Consumer-topic-115658b3_24db_4d3f_a892_a3d271f04686] Request joining group due to: consumer pro-actively leaving the group
2025-07-31 02:23:35,178 INFO  [org.apa.kaf.com.met.Metrics] (Thread-202) Metrics scheduler closed
2025-07-31 02:23:35,178 INFO  [org.apa.kaf.com.met.Metrics] (Thread-202) Closing reporter org.apache.kafka.common.metrics.JmxReporter
2025-07-31 02:23:35,178 INFO  [org.apa.kaf.com.met.Metrics] (Thread-202) Closing reporter org.apache.kafka.common.telemetry.internals.ClientTelemetryReporter
2025-07-31 02:23:35,178 INFO  [org.apa.kaf.com.met.Metrics] (Thread-202) Metrics reporters closed
2025-07-31 02:23:35,180 INFO  [org.apa.kaf.com.uti.AppInfoParser] (Thread-202) App info kafka.consumer for consumer-Consumer-topic-115658b3_24db_4d3f_a892_a3d271f04686-11 unregistered
2025-07-31 02:23:35,181 INFO  [io.api.tes.ser.api.AvroSerdeIT] (main) Registering Avro Schema 3: {"type":"record","name":"s3787f79ax2e49x4141x8915x7a3501d0ebfe","namespace":"ns_6f4770f5_21c9_4883_b1e0_8e3c76aaca2c","fields":[{"name":"key11753928611369","type":"string"},{"name":"key21753928613185","type":"string"},{"name":"key31753928615181","type":"string"}]}
2025-07-31 02:23:36,275 INFO  [org.apa.kaf.cli.pro.ProducerConfig] (main) ProducerConfig values: 
	acks = -1
	auto.include.jmx.reporter = true
	batch.size = 16384
	bootstrap.servers = [PLAINTEXT://localhost:32770]
	buffer.memory = 33554432
	client.dns.lookup = use_all_dns_ips
	client.id = Producer-topic-115658b3_24db_4d3f_a892_a3d271f04686
	compression.gzip.level = -1
	compression.lz4.level = 9
	compression.type = none
	compression.zstd.level = 3
	connections.max.idle.ms = 10000
	delivery.timeout.ms = 120000
	enable.idempotence = true
	enable.metrics.push = true
	interceptor.classes = []
	key.serializer = class org.apache.kafka.common.serialization.StringSerializer
	linger.ms = 0
	max.block.ms = 60000
	max.in.flight.requests.per.connection = 5
	max.request.size = 1048576
	metadata.max.age.ms = 300000
	metadata.max.idle.ms = 300000
	metadata.recovery.strategy = none
	metric.reporters = []
	metrics.num.samples = 2
	metrics.recording.level = INFO
	metrics.sample.window.ms = 30000
	partitioner.adaptive.partitioning.enable = true
	partitioner.availability.timeout.ms = 0
	partitioner.class = null
	partitioner.ignore.keys = false
	receive.buffer.bytes = 32768
	reconnect.backoff.max.ms = 1000
	reconnect.backoff.ms = 50
	request.timeout.ms = 5000
	retries = 2147483647
	retry.backoff.max.ms = 1000
	retry.backoff.ms = 100
	sasl.client.callback.handler.class = null
	sasl.jaas.config = null
	sasl.kerberos.kinit.cmd = /usr/bin/kinit
	sasl.kerberos.min.time.before.relogin = 60000
	sasl.kerberos.service.name = null
	sasl.kerberos.ticket.renew.jitter = 0.05
	sasl.kerberos.ticket.renew.window.factor = 0.8
	sasl.login.callback.handler.class = null
	sasl.login.class = null
	sasl.login.connect.timeout.ms = null
	sasl.login.read.timeout.ms = null
	sasl.login.refresh.buffer.seconds = 300
	sasl.login.refresh.min.period.seconds = 60
	sasl.login.refresh.window.factor = 0.8
	sasl.login.refresh.window.jitter = 0.05
	sasl.login.retry.backoff.max.ms = 10000
	sasl.login.retry.backoff.ms = 100
	sasl.mechanism = GSSAPI
	sasl.oauthbearer.clock.skew.seconds = 30
	sasl.oauthbearer.expected.audience = null
	sasl.oauthbearer.expected.issuer = null
	sasl.oauthbearer.header.urlencode = false
	sasl.oauthbearer.jwks.endpoint.refresh.ms = 3600000
	sasl.oauthbearer.jwks.endpoint.retry.backoff.max.ms = 10000
	sasl.oauthbearer.jwks.endpoint.retry.backoff.ms = 100
	sasl.oauthbearer.jwks.endpoint.url = null
	sasl.oauthbearer.scope.claim.name = scope
	sasl.oauthbearer.sub.claim.name = sub
	sasl.oauthbearer.token.endpoint.url = null
	security.protocol = PLAINTEXT
	security.providers = null
	send.buffer.bytes = 131072
	socket.connection.setup.timeout.max.ms = 30000
	socket.connection.setup.timeout.ms = 10000
	ssl.cipher.suites = null
	ssl.enabled.protocols = [TLSv1.2, TLSv1.3]
	ssl.endpoint.identification.algorithm = https
	ssl.engine.factory.class = null
	ssl.key.password = null
	ssl.keymanager.algorithm = SunX509
	ssl.keystore.certificate.chain = null
	ssl.keystore.key = null
	ssl.keystore.location = null
	ssl.keystore.password = null
	ssl.keystore.type = JKS
	ssl.protocol = TLSv1.3
	ssl.provider = null
	ssl.secure.random.implementation = null
	ssl.trustmanager.algorithm = PKIX
	ssl.truststore.certificates = null
	ssl.truststore.location = null
	ssl.truststore.password = null
	ssl.truststore.type = JKS
	transaction.timeout.ms = 60000
	transactional.id = null
	value.serializer = class io.apicurio.registry.serde.avro.AvroKafkaSerializer

2025-07-31 02:23:36,275 INFO  [org.apa.kaf.com.tel.int.KafkaMetricsCollector] (main) initializing Kafka metrics collector
2025-07-31 02:23:36,279 INFO  [org.apa.kaf.cli.pro.KafkaProducer] (main) [Producer clientId=Producer-topic-115658b3_24db_4d3f_a892_a3d271f04686] Instantiated an idempotent producer.
2025-07-31 02:23:36,282 INFO  [org.apa.kaf.cli.pro.ProducerConfig] (main) These configurations '[apicurio.registry.url, apicurio.registry.artifact-resolver-strategy]' were supplied but are not used yet.
2025-07-31 02:23:36,282 INFO  [org.apa.kaf.com.uti.AppInfoParser] (main) Kafka version: 3.9.0
2025-07-31 02:23:36,282 INFO  [org.apa.kaf.com.uti.AppInfoParser] (main) Kafka commitId: 84caaa6e9da06435
2025-07-31 02:23:36,282 INFO  [org.apa.kaf.com.uti.AppInfoParser] (main) Kafka startTimeMs: 1753928616282
2025-07-31 02:23:36,283 INFO  [io.api.tes.ser.api.KafkaSerdesTester] (Thread-205) Sending message {"key11753928611369": "value-0", "key21753928613185": "value-0", "key31753928615181": "value-0"} to topic topic-115658b3_24db_4d3f_a892_a3d271f04686
2025-07-31 02:23:36,288 INFO  [org.apa.kaf.cli.Metadata] (kafka-producer-network-thread | Producer-topic-115658b3_24db_4d3f_a892_a3d271f04686) [Producer clientId=Producer-topic-115658b3_24db_4d3f_a892_a3d271f04686] Cluster ID: EeXQRaomRg6j_8npZiTrIA
2025-07-31 02:23:36,290 INFO  [org.apa.kaf.cli.pro.int.TransactionManager] (kafka-producer-network-thread | Producer-topic-115658b3_24db_4d3f_a892_a3d271f04686) [Producer clientId=Producer-topic-115658b3_24db_4d3f_a892_a3d271f04686] ProducerId set to 15 with epoch 0
2025-07-31 02:23:36,290 INFO  [DefaultSchemaResolver] (Thread-205) Retrieving schema content using string: {"type":"record","name":"s3787f79ax2e49x4141x8915x7a3501d0ebfe","namespace":"ns_6f4770f5_21c9_4883_b1e0_8e3c76aaca2c","fields":[{"name":"key11753928611369","type":"string"},{"name":"key21753928613185","type":"string"},{"name":"key31753928615181","type":"string"}]}
2025-07-31 02:23:36,351 INFO  [io.api.tes.ser.api.KafkaSerdesTester] (Thread-205) Sending message {"key11753928611369": "value-1", "key21753928613185": "value-1", "key31753928615181": "value-1"} to topic topic-115658b3_24db_4d3f_a892_a3d271f04686
2025-07-31 02:23:36,353 INFO  [io.api.tes.ser.api.KafkaSerdesTester] (Thread-205) Sending message {"key11753928611369": "value-2", "key21753928613185": "value-2", "key31753928615181": "value-2"} to topic topic-115658b3_24db_4d3f_a892_a3d271f04686
2025-07-31 02:23:36,354 INFO  [io.api.tes.ser.api.KafkaSerdesTester] (Thread-205) Sending message {"key11753928611369": "value-3", "key21753928613185": "value-3", "key31753928615181": "value-3"} to topic topic-115658b3_24db_4d3f_a892_a3d271f04686
2025-07-31 02:23:36,355 INFO  [io.api.tes.ser.api.KafkaSerdesTester] (Thread-205) Sending message {"key11753928611369": "value-4", "key21753928613185": "value-4", "key31753928615181": "value-4"} to topic topic-115658b3_24db_4d3f_a892_a3d271f04686
2025-07-31 02:23:36,356 INFO  [io.api.tes.ser.api.KafkaSerdesTester] (Thread-205) Sending message {"key11753928611369": "value-5", "key21753928613185": "value-5", "key31753928615181": "value-5"} to topic topic-115658b3_24db_4d3f_a892_a3d271f04686
2025-07-31 02:23:36,358 INFO  [io.api.tes.ser.api.KafkaSerdesTester] (Thread-205) Sending message {"key11753928611369": "value-6", "key21753928613185": "value-6", "key31753928615181": "value-6"} to topic topic-115658b3_24db_4d3f_a892_a3d271f04686
2025-07-31 02:23:36,359 INFO  [io.api.tes.ser.api.KafkaSerdesTester] (Thread-205) Sending message {"key11753928611369": "value-7", "key21753928613185": "value-7", "key31753928615181": "value-7"} to topic topic-115658b3_24db_4d3f_a892_a3d271f04686
2025-07-31 02:23:36,360 INFO  [io.api.tes.ser.api.KafkaSerdesTester] (Thread-205) Sending message {"key11753928611369": "value-8", "key21753928613185": "value-8", "key31753928615181": "value-8"} to topic topic-115658b3_24db_4d3f_a892_a3d271f04686
2025-07-31 02:23:36,362 INFO  [io.api.tes.ser.api.KafkaSerdesTester] (Thread-205) Sending message {"key11753928611369": "value-9", "key21753928613185": "value-9", "key31753928615181": "value-9"} to topic topic-115658b3_24db_4d3f_a892_a3d271f04686
2025-07-31 02:23:36,363 INFO  [io.api.tes.ser.api.KafkaSerdesTester] (Thread-205) Produced 10 messages
2025-07-31 02:23:36,363 INFO  [org.apa.kaf.cli.pro.KafkaProducer] (Thread-205) [Producer clientId=Producer-topic-115658b3_24db_4d3f_a892_a3d271f04686] Closing the Kafka producer with timeoutMillis = 9223372036854775807 ms.
2025-07-31 02:23:36,365 INFO  [org.apa.kaf.com.met.Metrics] (Thread-205) Metrics scheduler closed
2025-07-31 02:23:36,365 INFO  [org.apa.kaf.com.met.Metrics] (Thread-205) Closing reporter org.apache.kafka.common.metrics.JmxReporter
2025-07-31 02:23:36,365 INFO  [org.apa.kaf.com.met.Metrics] (Thread-205) Closing reporter org.apache.kafka.common.telemetry.internals.ClientTelemetryReporter
2025-07-31 02:23:36,365 INFO  [org.apa.kaf.com.met.Metrics] (Thread-205) Metrics reporters closed
2025-07-31 02:23:36,366 INFO  [org.apa.kaf.com.uti.AppInfoParser] (Thread-205) App info kafka.producer for Producer-topic-115658b3_24db_4d3f_a892_a3d271f04686 unregistered
2025-07-31 02:23:36,366 INFO  [org.apa.kaf.cli.pro.ProducerConfig] (main) ProducerConfig values: 
	acks = -1
	auto.include.jmx.reporter = true
	batch.size = 16384
	bootstrap.servers = [PLAINTEXT://localhost:32770]
	buffer.memory = 33554432
	client.dns.lookup = use_all_dns_ips
	client.id = Producer-topic-115658b3_24db_4d3f_a892_a3d271f04686
	compression.gzip.level = -1
	compression.lz4.level = 9
	compression.type = none
	compression.zstd.level = 3
	connections.max.idle.ms = 10000
	delivery.timeout.ms = 120000
	enable.idempotence = true
	enable.metrics.push = true
	interceptor.classes = []
	key.serializer = class org.apache.kafka.common.serialization.StringSerializer
	linger.ms = 0
	max.block.ms = 60000
	max.in.flight.requests.per.connection = 5
	max.request.size = 1048576
	metadata.max.age.ms = 300000
	metadata.max.idle.ms = 300000
	metadata.recovery.strategy = none
	metric.reporters = []
	metrics.num.samples = 2
	metrics.recording.level = INFO
	metrics.sample.window.ms = 30000
	partitioner.adaptive.partitioning.enable = true
	partitioner.availability.timeout.ms = 0
	partitioner.class = null
	partitioner.ignore.keys = false
	receive.buffer.bytes = 32768
	reconnect.backoff.max.ms = 1000
	reconnect.backoff.ms = 50
	request.timeout.ms = 5000
	retries = 2147483647
	retry.backoff.max.ms = 1000
	retry.backoff.ms = 100
	sasl.client.callback.handler.class = null
	sasl.jaas.config = null
	sasl.kerberos.kinit.cmd = /usr/bin/kinit
	sasl.kerberos.min.time.before.relogin = 60000
	sasl.kerberos.service.name = null
	sasl.kerberos.ticket.renew.jitter = 0.05
	sasl.kerberos.ticket.renew.window.factor = 0.8
	sasl.login.callback.handler.class = null
	sasl.login.class = null
	sasl.login.connect.timeout.ms = null
	sasl.login.read.timeout.ms = null
	sasl.login.refresh.buffer.seconds = 300
	sasl.login.refresh.min.period.seconds = 60
	sasl.login.refresh.window.factor = 0.8
	sasl.login.refresh.window.jitter = 0.05
	sasl.login.retry.backoff.max.ms = 10000
	sasl.login.retry.backoff.ms = 100
	sasl.mechanism = GSSAPI
	sasl.oauthbearer.clock.skew.seconds = 30
	sasl.oauthbearer.expected.audience = null
	sasl.oauthbearer.expected.issuer = null
	sasl.oauthbearer.header.urlencode = false
	sasl.oauthbearer.jwks.endpoint.refresh.ms = 3600000
	sasl.oauthbearer.jwks.endpoint.retry.backoff.max.ms = 10000
	sasl.oauthbearer.jwks.endpoint.retry.backoff.ms = 100
	sasl.oauthbearer.jwks.endpoint.url = null
	sasl.oauthbearer.scope.claim.name = scope
	sasl.oauthbearer.sub.claim.name = sub
	sasl.oauthbearer.token.endpoint.url = null
	security.protocol = PLAINTEXT
	security.providers = null
	send.buffer.bytes = 131072
	socket.connection.setup.timeout.max.ms = 30000
	socket.connection.setup.timeout.ms = 10000
	ssl.cipher.suites = null
	ssl.enabled.protocols = [TLSv1.2, TLSv1.3]
	ssl.endpoint.identification.algorithm = https
	ssl.engine.factory.class = null
	ssl.key.password = null
	ssl.keymanager.algorithm = SunX509
	ssl.keystore.certificate.chain = null
	ssl.keystore.key = null
	ssl.keystore.location = null
	ssl.keystore.password = null
	ssl.keystore.type = JKS
	ssl.protocol = TLSv1.3
	ssl.provider = null
	ssl.secure.random.implementation = null
	ssl.trustmanager.algorithm = PKIX
	ssl.truststore.certificates = null
	ssl.truststore.location = null
	ssl.truststore.password = null
	ssl.truststore.type = JKS
	transaction.timeout.ms = 60000
	transactional.id = null
	value.serializer = class io.apicurio.registry.serde.avro.AvroKafkaSerializer

2025-07-31 02:23:36,366 INFO  [org.apa.kaf.com.tel.int.KafkaMetricsCollector] (main) initializing Kafka metrics collector
2025-07-31 02:23:36,370 INFO  [org.apa.kaf.cli.pro.KafkaProducer] (main) [Producer clientId=Producer-topic-115658b3_24db_4d3f_a892_a3d271f04686] Instantiated an idempotent producer.
2025-07-31 02:23:36,372 INFO  [org.apa.kaf.cli.pro.ProducerConfig] (main) These configurations '[apicurio.registry.url, apicurio.registry.artifact-resolver-strategy]' were supplied but are not used yet.
2025-07-31 02:23:36,372 INFO  [org.apa.kaf.com.uti.AppInfoParser] (main) Kafka version: 3.9.0
2025-07-31 02:23:36,372 INFO  [org.apa.kaf.com.uti.AppInfoParser] (main) Kafka commitId: 84caaa6e9da06435
2025-07-31 02:23:36,372 INFO  [org.apa.kaf.com.uti.AppInfoParser] (main) Kafka startTimeMs: 1753928616372
2025-07-31 02:23:36,374 INFO  [io.api.tes.ser.api.KafkaSerdesTester] (Thread-208) Sending message {"key11753928611369": "value-0", "key21753928613185": "value-0"} to topic topic-115658b3_24db_4d3f_a892_a3d271f04686
2025-07-31 02:23:36,381 INFO  [org.apa.kaf.cli.Metadata] (kafka-producer-network-thread | Producer-topic-115658b3_24db_4d3f_a892_a3d271f04686) [Producer clientId=Producer-topic-115658b3_24db_4d3f_a892_a3d271f04686] Cluster ID: EeXQRaomRg6j_8npZiTrIA
2025-07-31 02:23:36,381 INFO  [DefaultSchemaResolver] (Thread-208) Retrieving schema content using string: {"type":"record","name":"s3787f79ax2e49x4141x8915x7a3501d0ebfe","namespace":"ns_6f4770f5_21c9_4883_b1e0_8e3c76aaca2c","fields":[{"name":"key11753928611369","type":"string"},{"name":"key21753928613185","type":"string"}]}
2025-07-31 02:23:36,385 INFO  [org.apa.kaf.cli.pro.int.TransactionManager] (kafka-producer-network-thread | Producer-topic-115658b3_24db_4d3f_a892_a3d271f04686) [Producer clientId=Producer-topic-115658b3_24db_4d3f_a892_a3d271f04686] ProducerId set to 16 with epoch 0
2025-07-31 02:23:36,442 INFO  [io.api.tes.ser.api.KafkaSerdesTester] (Thread-208) Sending message {"key11753928611369": "value-1", "key21753928613185": "value-1"} to topic topic-115658b3_24db_4d3f_a892_a3d271f04686
2025-07-31 02:23:36,445 INFO  [io.api.tes.ser.api.KafkaSerdesTester] (Thread-208) Sending message {"key11753928611369": "value-2", "key21753928613185": "value-2"} to topic topic-115658b3_24db_4d3f_a892_a3d271f04686
2025-07-31 02:23:36,446 INFO  [io.api.tes.ser.api.KafkaSerdesTester] (Thread-208) Sending message {"key11753928611369": "value-3", "key21753928613185": "value-3"} to topic topic-115658b3_24db_4d3f_a892_a3d271f04686
2025-07-31 02:23:36,447 INFO  [io.api.tes.ser.api.KafkaSerdesTester] (Thread-208) Sending message {"key11753928611369": "value-4", "key21753928613185": "value-4"} to topic topic-115658b3_24db_4d3f_a892_a3d271f04686
2025-07-31 02:23:36,449 INFO  [io.api.tes.ser.api.KafkaSerdesTester] (Thread-208) Sending message {"key11753928611369": "value-5", "key21753928613185": "value-5"} to topic topic-115658b3_24db_4d3f_a892_a3d271f04686
2025-07-31 02:23:36,452 INFO  [io.api.tes.ser.api.KafkaSerdesTester] (Thread-208) Sending message {"key11753928611369": "value-6", "key21753928613185": "value-6"} to topic topic-115658b3_24db_4d3f_a892_a3d271f04686
2025-07-31 02:23:36,454 INFO  [io.api.tes.ser.api.KafkaSerdesTester] (Thread-208) Sending message {"key11753928611369": "value-7", "key21753928613185": "value-7"} to topic topic-115658b3_24db_4d3f_a892_a3d271f04686
2025-07-31 02:23:36,455 INFO  [io.api.tes.ser.api.KafkaSerdesTester] (Thread-208) Sending message {"key11753928611369": "value-8", "key21753928613185": "value-8"} to topic topic-115658b3_24db_4d3f_a892_a3d271f04686
2025-07-31 02:23:36,456 INFO  [io.api.tes.ser.api.KafkaSerdesTester] (Thread-208) Sending message {"key11753928611369": "value-9", "key21753928613185": "value-9"} to topic topic-115658b3_24db_4d3f_a892_a3d271f04686
2025-07-31 02:23:36,459 INFO  [io.api.tes.ser.api.KafkaSerdesTester] (Thread-208) Produced 10 messages
2025-07-31 02:23:36,459 INFO  [org.apa.kaf.cli.pro.KafkaProducer] (Thread-208) [Producer clientId=Producer-topic-115658b3_24db_4d3f_a892_a3d271f04686] Closing the Kafka producer with timeoutMillis = 9223372036854775807 ms.
2025-07-31 02:23:36,463 INFO  [org.apa.kaf.com.met.Metrics] (Thread-208) Metrics scheduler closed
2025-07-31 02:23:36,463 INFO  [org.apa.kaf.com.met.Metrics] (Thread-208) Closing reporter org.apache.kafka.common.metrics.JmxReporter
2025-07-31 02:23:36,463 INFO  [org.apa.kaf.com.met.Metrics] (Thread-208) Closing reporter org.apache.kafka.common.telemetry.internals.ClientTelemetryReporter
2025-07-31 02:23:36,463 INFO  [org.apa.kaf.com.met.Metrics] (Thread-208) Metrics reporters closed
2025-07-31 02:23:36,463 INFO  [org.apa.kaf.com.uti.AppInfoParser] (Thread-208) App info kafka.producer for Producer-topic-115658b3_24db_4d3f_a892_a3d271f04686 unregistered
2025-07-31 02:23:36,464 INFO  [org.apa.kaf.cli.pro.ProducerConfig] (main) ProducerConfig values: 
	acks = -1
	auto.include.jmx.reporter = true
	batch.size = 16384
	bootstrap.servers = [PLAINTEXT://localhost:32770]
	buffer.memory = 33554432
	client.dns.lookup = use_all_dns_ips
	client.id = Producer-topic-115658b3_24db_4d3f_a892_a3d271f04686
	compression.gzip.level = -1
	compression.lz4.level = 9
	compression.type = none
	compression.zstd.level = 3
	connections.max.idle.ms = 10000
	delivery.timeout.ms = 120000
	enable.idempotence = true
	enable.metrics.push = true
	interceptor.classes = []
	key.serializer = class org.apache.kafka.common.serialization.StringSerializer
	linger.ms = 0
	max.block.ms = 60000
	max.in.flight.requests.per.connection = 5
	max.request.size = 1048576
	metadata.max.age.ms = 300000
	metadata.max.idle.ms = 300000
	metadata.recovery.strategy = none
	metric.reporters = []
	metrics.num.samples = 2
	metrics.recording.level = INFO
	metrics.sample.window.ms = 30000
	partitioner.adaptive.partitioning.enable = true
	partitioner.availability.timeout.ms = 0
	partitioner.class = null
	partitioner.ignore.keys = false
	receive.buffer.bytes = 32768
	reconnect.backoff.max.ms = 1000
	reconnect.backoff.ms = 50
	request.timeout.ms = 5000
	retries = 2147483647
	retry.backoff.max.ms = 1000
	retry.backoff.ms = 100
	sasl.client.callback.handler.class = null
	sasl.jaas.config = null
	sasl.kerberos.kinit.cmd = /usr/bin/kinit
	sasl.kerberos.min.time.before.relogin = 60000
	sasl.kerberos.service.name = null
	sasl.kerberos.ticket.renew.jitter = 0.05
	sasl.kerberos.ticket.renew.window.factor = 0.8
	sasl.login.callback.handler.class = null
	sasl.login.class = null
	sasl.login.connect.timeout.ms = null
	sasl.login.read.timeout.ms = null
	sasl.login.refresh.buffer.seconds = 300
	sasl.login.refresh.min.period.seconds = 60
	sasl.login.refresh.window.factor = 0.8
	sasl.login.refresh.window.jitter = 0.05
	sasl.login.retry.backoff.max.ms = 10000
	sasl.login.retry.backoff.ms = 100
	sasl.mechanism = GSSAPI
	sasl.oauthbearer.clock.skew.seconds = 30
	sasl.oauthbearer.expected.audience = null
	sasl.oauthbearer.expected.issuer = null
	sasl.oauthbearer.header.urlencode = false
	sasl.oauthbearer.jwks.endpoint.refresh.ms = 3600000
	sasl.oauthbearer.jwks.endpoint.retry.backoff.max.ms = 10000
	sasl.oauthbearer.jwks.endpoint.retry.backoff.ms = 100
	sasl.oauthbearer.jwks.endpoint.url = null
	sasl.oauthbearer.scope.claim.name = scope
	sasl.oauthbearer.sub.claim.name = sub
	sasl.oauthbearer.token.endpoint.url = null
	security.protocol = PLAINTEXT
	security.providers = null
	send.buffer.bytes = 131072
	socket.connection.setup.timeout.max.ms = 30000
	socket.connection.setup.timeout.ms = 10000
	ssl.cipher.suites = null
	ssl.enabled.protocols = [TLSv1.2, TLSv1.3]
	ssl.endpoint.identification.algorithm = https
	ssl.engine.factory.class = null
	ssl.key.password = null
	ssl.keymanager.algorithm = SunX509
	ssl.keystore.certificate.chain = null
	ssl.keystore.key = null
	ssl.keystore.location = null
	ssl.keystore.password = null
	ssl.keystore.type = JKS
	ssl.protocol = TLSv1.3
	ssl.provider = null
	ssl.secure.random.implementation = null
	ssl.trustmanager.algorithm = PKIX
	ssl.truststore.certificates = null
	ssl.truststore.location = null
	ssl.truststore.password = null
	ssl.truststore.type = JKS
	transaction.timeout.ms = 60000
	transactional.id = null
	value.serializer = class io.apicurio.registry.serde.avro.AvroKafkaSerializer

2025-07-31 02:23:36,464 INFO  [org.apa.kaf.com.tel.int.KafkaMetricsCollector] (main) initializing Kafka metrics collector
2025-07-31 02:23:36,470 INFO  [org.apa.kaf.cli.pro.KafkaProducer] (main) [Producer clientId=Producer-topic-115658b3_24db_4d3f_a892_a3d271f04686] Instantiated an idempotent producer.
2025-07-31 02:23:36,474 INFO  [org.apa.kaf.cli.pro.ProducerConfig] (main) These configurations '[apicurio.registry.url, apicurio.registry.artifact-resolver-strategy]' were supplied but are not used yet.
2025-07-31 02:23:36,474 INFO  [org.apa.kaf.com.uti.AppInfoParser] (main) Kafka version: 3.9.0
2025-07-31 02:23:36,474 INFO  [org.apa.kaf.com.uti.AppInfoParser] (main) Kafka commitId: 84caaa6e9da06435
2025-07-31 02:23:36,474 INFO  [org.apa.kaf.com.uti.AppInfoParser] (main) Kafka startTimeMs: 1753928616474
2025-07-31 02:23:36,475 INFO  [io.api.tes.ser.api.KafkaSerdesTester] (Thread-211) Sending message {"key11753928611369": "value-0"} to topic topic-115658b3_24db_4d3f_a892_a3d271f04686
2025-07-31 02:23:36,483 INFO  [org.apa.kaf.cli.Metadata] (kafka-producer-network-thread | Producer-topic-115658b3_24db_4d3f_a892_a3d271f04686) [Producer clientId=Producer-topic-115658b3_24db_4d3f_a892_a3d271f04686] Cluster ID: EeXQRaomRg6j_8npZiTrIA
2025-07-31 02:23:36,483 INFO  [DefaultSchemaResolver] (Thread-211) Retrieving schema content using string: {"type":"record","name":"s3787f79ax2e49x4141x8915x7a3501d0ebfe","namespace":"ns_6f4770f5_21c9_4883_b1e0_8e3c76aaca2c","fields":[{"name":"key11753928611369","type":"string"}]}
2025-07-31 02:23:36,484 INFO  [org.apa.kaf.cli.pro.int.TransactionManager] (kafka-producer-network-thread | Producer-topic-115658b3_24db_4d3f_a892_a3d271f04686) [Producer clientId=Producer-topic-115658b3_24db_4d3f_a892_a3d271f04686] ProducerId set to 17 with epoch 0
2025-07-31 02:23:36,560 INFO  [io.api.tes.ser.api.KafkaSerdesTester] (Thread-211) Sending message {"key11753928611369": "value-1"} to topic topic-115658b3_24db_4d3f_a892_a3d271f04686
2025-07-31 02:23:36,566 INFO  [io.api.tes.ser.api.KafkaSerdesTester] (Thread-211) Sending message {"key11753928611369": "value-2"} to topic topic-115658b3_24db_4d3f_a892_a3d271f04686
2025-07-31 02:23:36,568 INFO  [io.api.tes.ser.api.KafkaSerdesTester] (Thread-211) Sending message {"key11753928611369": "value-3"} to topic topic-115658b3_24db_4d3f_a892_a3d271f04686
2025-07-31 02:23:36,570 INFO  [io.api.tes.ser.api.KafkaSerdesTester] (Thread-211) Sending message {"key11753928611369": "value-4"} to topic topic-115658b3_24db_4d3f_a892_a3d271f04686
2025-07-31 02:23:36,571 INFO  [io.api.tes.ser.api.KafkaSerdesTester] (Thread-211) Sending message {"key11753928611369": "value-5"} to topic topic-115658b3_24db_4d3f_a892_a3d271f04686
2025-07-31 02:23:36,575 INFO  [io.api.tes.ser.api.KafkaSerdesTester] (Thread-211) Sending message {"key11753928611369": "value-6"} to topic topic-115658b3_24db_4d3f_a892_a3d271f04686
2025-07-31 02:23:36,576 INFO  [io.api.tes.ser.api.KafkaSerdesTester] (Thread-211) Sending message {"key11753928611369": "value-7"} to topic topic-115658b3_24db_4d3f_a892_a3d271f04686
2025-07-31 02:23:36,578 INFO  [io.api.tes.ser.api.KafkaSerdesTester] (Thread-211) Sending message {"key11753928611369": "value-8"} to topic topic-115658b3_24db_4d3f_a892_a3d271f04686
2025-07-31 02:23:36,579 INFO  [io.api.tes.ser.api.KafkaSerdesTester] (Thread-211) Sending message {"key11753928611369": "value-9"} to topic topic-115658b3_24db_4d3f_a892_a3d271f04686
2025-07-31 02:23:36,581 INFO  [io.api.tes.ser.api.KafkaSerdesTester] (Thread-211) Produced 10 messages
2025-07-31 02:23:36,581 INFO  [org.apa.kaf.cli.pro.KafkaProducer] (Thread-211) [Producer clientId=Producer-topic-115658b3_24db_4d3f_a892_a3d271f04686] Closing the Kafka producer with timeoutMillis = 9223372036854775807 ms.
2025-07-31 02:23:36,584 INFO  [org.apa.kaf.com.met.Metrics] (Thread-211) Metrics scheduler closed
2025-07-31 02:23:36,584 INFO  [org.apa.kaf.com.met.Metrics] (Thread-211) Closing reporter org.apache.kafka.common.metrics.JmxReporter
2025-07-31 02:23:36,584 INFO  [org.apa.kaf.com.met.Metrics] (Thread-211) Closing reporter org.apache.kafka.common.telemetry.internals.ClientTelemetryReporter
2025-07-31 02:23:36,584 INFO  [org.apa.kaf.com.met.Metrics] (Thread-211) Metrics reporters closed
2025-07-31 02:23:36,584 INFO  [org.apa.kaf.com.uti.AppInfoParser] (Thread-211) App info kafka.producer for Producer-topic-115658b3_24db_4d3f_a892_a3d271f04686 unregistered
2025-07-31 02:23:36,585 INFO  [org.apa.kaf.cli.con.ConsumerConfig] (main) ConsumerConfig values: 
	allow.auto.create.topics = true
	auto.commit.interval.ms = 500
	auto.include.jmx.reporter = true
	auto.offset.reset = earliest
	bootstrap.servers = [PLAINTEXT://localhost:32770]
	check.crcs = true
	client.dns.lookup = use_all_dns_ips
	client.id = consumer-Consumer-topic-115658b3_24db_4d3f_a892_a3d271f04686-12
	client.rack = 
	connections.max.idle.ms = 10000
	default.api.timeout.ms = 60000
	enable.auto.commit = true
	enable.metrics.push = true
	exclude.internal.topics = true
	fetch.max.bytes = 52428800
	fetch.max.wait.ms = 500
	fetch.min.bytes = 1
	group.id = Consumer-topic-115658b3_24db_4d3f_a892_a3d271f04686
	group.instance.id = null
	group.protocol = classic
	group.remote.assignor = null
	heartbeat.interval.ms = 3000
	interceptor.classes = []
	internal.leave.group.on.close = true
	internal.throw.on.fetch.stable.offset.unsupported = false
	isolation.level = read_uncommitted
	key.deserializer = class org.apache.kafka.common.serialization.StringDeserializer
	max.partition.fetch.bytes = 1048576
	max.poll.interval.ms = 300000
	max.poll.records = 500
	metadata.max.age.ms = 300000
	metadata.recovery.strategy = none
	metric.reporters = []
	metrics.num.samples = 2
	metrics.recording.level = INFO
	metrics.sample.window.ms = 30000
	partition.assignment.strategy = [class org.apache.kafka.clients.consumer.RangeAssignor, class org.apache.kafka.clients.consumer.CooperativeStickyAssignor]
	receive.buffer.bytes = 65536
	reconnect.backoff.max.ms = 1000
	reconnect.backoff.ms = 50
	request.timeout.ms = 5000
	retry.backoff.max.ms = 1000
	retry.backoff.ms = 100
	sasl.client.callback.handler.class = null
	sasl.jaas.config = null
	sasl.kerberos.kinit.cmd = /usr/bin/kinit
	sasl.kerberos.min.time.before.relogin = 60000
	sasl.kerberos.service.name = null
	sasl.kerberos.ticket.renew.jitter = 0.05
	sasl.kerberos.ticket.renew.window.factor = 0.8
	sasl.login.callback.handler.class = null
	sasl.login.class = null
	sasl.login.connect.timeout.ms = null
	sasl.login.read.timeout.ms = null
	sasl.login.refresh.buffer.seconds = 300
	sasl.login.refresh.min.period.seconds = 60
	sasl.login.refresh.window.factor = 0.8
	sasl.login.refresh.window.jitter = 0.05
	sasl.login.retry.backoff.max.ms = 10000
	sasl.login.retry.backoff.ms = 100
	sasl.mechanism = GSSAPI
	sasl.oauthbearer.clock.skew.seconds = 30
	sasl.oauthbearer.expected.audience = null
	sasl.oauthbearer.expected.issuer = null
	sasl.oauthbearer.header.urlencode = false
	sasl.oauthbearer.jwks.endpoint.refresh.ms = 3600000
	sasl.oauthbearer.jwks.endpoint.retry.backoff.max.ms = 10000
	sasl.oauthbearer.jwks.endpoint.retry.backoff.ms = 100
	sasl.oauthbearer.jwks.endpoint.url = null
	sasl.oauthbearer.scope.claim.name = scope
	sasl.oauthbearer.sub.claim.name = sub
	sasl.oauthbearer.token.endpoint.url = null
	security.protocol = PLAINTEXT
	security.providers = null
	send.buffer.bytes = 131072
	session.timeout.ms = 45000
	socket.connection.setup.timeout.max.ms = 30000
	socket.connection.setup.timeout.ms = 10000
	ssl.cipher.suites = null
	ssl.enabled.protocols = [TLSv1.2, TLSv1.3]
	ssl.endpoint.identification.algorithm = https
	ssl.engine.factory.class = null
	ssl.key.password = null
	ssl.keymanager.algorithm = SunX509
	ssl.keystore.certificate.chain = null
	ssl.keystore.key = null
	ssl.keystore.location = null
	ssl.keystore.password = null
	ssl.keystore.type = JKS
	ssl.protocol = TLSv1.3
	ssl.provider = null
	ssl.secure.random.implementation = null
	ssl.trustmanager.algorithm = PKIX
	ssl.truststore.certificates = null
	ssl.truststore.location = null
	ssl.truststore.password = null
	ssl.truststore.type = JKS
	value.deserializer = class io.apicurio.registry.serde.avro.AvroKafkaDeserializer

2025-07-31 02:23:36,585 INFO  [org.apa.kaf.com.tel.int.KafkaMetricsCollector] (main) initializing Kafka metrics collector
2025-07-31 02:23:36,596 INFO  [org.apa.kaf.cli.con.ConsumerConfig] (main) These configurations '[apicurio.registry.url]' were supplied but are not used yet.
2025-07-31 02:23:36,596 INFO  [org.apa.kaf.com.uti.AppInfoParser] (main) Kafka version: 3.9.0
2025-07-31 02:23:36,596 INFO  [org.apa.kaf.com.uti.AppInfoParser] (main) Kafka commitId: 84caaa6e9da06435
2025-07-31 02:23:36,596 INFO  [org.apa.kaf.com.uti.AppInfoParser] (main) Kafka startTimeMs: 1753928616596
2025-07-31 02:23:36,597 INFO  [org.apa.kaf.cli.con.int.ClassicKafkaConsumer] (Thread-214) [Consumer clientId=consumer-Consumer-topic-115658b3_24db_4d3f_a892_a3d271f04686-12, groupId=Consumer-topic-115658b3_24db_4d3f_a892_a3d271f04686] Subscribed to topic(s): topic-115658b3_24db_4d3f_a892_a3d271f04686
2025-07-31 02:23:36,603 INFO  [org.apa.kaf.cli.Metadata] (Thread-214) [Consumer clientId=consumer-Consumer-topic-115658b3_24db_4d3f_a892_a3d271f04686-12, groupId=Consumer-topic-115658b3_24db_4d3f_a892_a3d271f04686] Cluster ID: EeXQRaomRg6j_8npZiTrIA
2025-07-31 02:23:36,604 INFO  [org.apa.kaf.cli.con.int.ConsumerCoordinator] (Thread-214) [Consumer clientId=consumer-Consumer-topic-115658b3_24db_4d3f_a892_a3d271f04686-12, groupId=Consumer-topic-115658b3_24db_4d3f_a892_a3d271f04686] Discovered group coordinator localhost:32770 (id: 2147483647 rack: null)
2025-07-31 02:23:36,606 INFO  [org.apa.kaf.cli.con.int.ConsumerCoordinator] (Thread-214) [Consumer clientId=consumer-Consumer-topic-115658b3_24db_4d3f_a892_a3d271f04686-12, groupId=Consumer-topic-115658b3_24db_4d3f_a892_a3d271f04686] (Re-)joining group
2025-07-31 02:23:36,608 INFO  [org.apa.kaf.cli.con.int.ConsumerCoordinator] (Thread-214) [Consumer clientId=consumer-Consumer-topic-115658b3_24db_4d3f_a892_a3d271f04686-12, groupId=Consumer-topic-115658b3_24db_4d3f_a892_a3d271f04686] Request joining group due to: need to re-join with the given member-id: consumer-Consumer-topic-115658b3_24db_4d3f_a892_a3d271f04686-12-3e790b37-f10d-445c-b682-302962fd4778
2025-07-31 02:23:36,608 INFO  [org.apa.kaf.cli.con.int.ConsumerCoordinator] (Thread-214) [Consumer clientId=consumer-Consumer-topic-115658b3_24db_4d3f_a892_a3d271f04686-12, groupId=Consumer-topic-115658b3_24db_4d3f_a892_a3d271f04686] (Re-)joining group
2025-07-31 02:23:36,611 INFO  [org.apa.kaf.cli.con.int.ConsumerCoordinator] (Thread-214) [Consumer clientId=consumer-Consumer-topic-115658b3_24db_4d3f_a892_a3d271f04686-12, groupId=Consumer-topic-115658b3_24db_4d3f_a892_a3d271f04686] Successfully joined group with generation Generation{generationId=5, memberId='consumer-Consumer-topic-115658b3_24db_4d3f_a892_a3d271f04686-12-3e790b37-f10d-445c-b682-302962fd4778', protocol='range'}
2025-07-31 02:23:36,611 INFO  [org.apa.kaf.cli.con.int.ConsumerCoordinator] (Thread-214) [Consumer clientId=consumer-Consumer-topic-115658b3_24db_4d3f_a892_a3d271f04686-12, groupId=Consumer-topic-115658b3_24db_4d3f_a892_a3d271f04686] Finished assignment for group at generation 5: {consumer-Consumer-topic-115658b3_24db_4d3f_a892_a3d271f04686-12-3e790b37-f10d-445c-b682-302962fd4778=Assignment(partitions=[topic-115658b3_24db_4d3f_a892_a3d271f04686-0])}
2025-07-31 02:23:36,614 INFO  [org.apa.kaf.cli.con.int.ConsumerCoordinator] (Thread-214) [Consumer clientId=consumer-Consumer-topic-115658b3_24db_4d3f_a892_a3d271f04686-12, groupId=Consumer-topic-115658b3_24db_4d3f_a892_a3d271f04686] Successfully synced group in generation Generation{generationId=5, memberId='consumer-Consumer-topic-115658b3_24db_4d3f_a892_a3d271f04686-12-3e790b37-f10d-445c-b682-302962fd4778', protocol='range'}
2025-07-31 02:23:36,614 INFO  [org.apa.kaf.cli.con.int.ConsumerCoordinator] (Thread-214) [Consumer clientId=consumer-Consumer-topic-115658b3_24db_4d3f_a892_a3d271f04686-12, groupId=Consumer-topic-115658b3_24db_4d3f_a892_a3d271f04686] Notifying assignor about the new Assignment(partitions=[topic-115658b3_24db_4d3f_a892_a3d271f04686-0])
2025-07-31 02:23:36,614 INFO  [org.apa.kaf.cli.con.int.ConsumerRebalanceListenerInvoker] (Thread-214) [Consumer clientId=consumer-Consumer-topic-115658b3_24db_4d3f_a892_a3d271f04686-12, groupId=Consumer-topic-115658b3_24db_4d3f_a892_a3d271f04686] Adding newly assigned partitions: topic-115658b3_24db_4d3f_a892_a3d271f04686-0
2025-07-31 02:23:36,615 INFO  [org.apa.kaf.cli.con.int.ConsumerUtils] (Thread-214) Setting offset for partition topic-115658b3_24db_4d3f_a892_a3d271f04686-0 to the committed offset FetchPosition{offset=30, offsetEpoch=Optional[0], currentLeader=LeaderAndEpoch{leader=Optional[localhost:32770 (id: 0 rack: null)], epoch=0}}
2025-07-31 02:23:36,809 INFO  [io.api.tes.ser.api.KafkaSerdesTester] (Thread-214) topic-115658b3_24db_4d3f_a892_a3d271f04686 0 30 {"key11753928611369": "value-0", "key21753928613185": "value-0", "key31753928615181": "value-0"}
2025-07-31 02:23:36,810 INFO  [io.api.tes.ser.api.KafkaSerdesTester] (Thread-214) topic-115658b3_24db_4d3f_a892_a3d271f04686 0 31 {"key11753928611369": "value-1", "key21753928613185": "value-1", "key31753928615181": "value-1"}
2025-07-31 02:23:36,810 INFO  [io.api.tes.ser.api.KafkaSerdesTester] (Thread-214) topic-115658b3_24db_4d3f_a892_a3d271f04686 0 32 {"key11753928611369": "value-2", "key21753928613185": "value-2", "key31753928615181": "value-2"}
2025-07-31 02:23:36,810 INFO  [io.api.tes.ser.api.KafkaSerdesTester] (Thread-214) topic-115658b3_24db_4d3f_a892_a3d271f04686 0 33 {"key11753928611369": "value-3", "key21753928613185": "value-3", "key31753928615181": "value-3"}
2025-07-31 02:23:36,810 INFO  [io.api.tes.ser.api.KafkaSerdesTester] (Thread-214) topic-115658b3_24db_4d3f_a892_a3d271f04686 0 34 {"key11753928611369": "value-4", "key21753928613185": "value-4", "key31753928615181": "value-4"}
2025-07-31 02:23:36,810 INFO  [io.api.tes.ser.api.KafkaSerdesTester] (Thread-214) topic-115658b3_24db_4d3f_a892_a3d271f04686 0 35 {"key11753928611369": "value-5", "key21753928613185": "value-5", "key31753928615181": "value-5"}
2025-07-31 02:23:36,810 INFO  [io.api.tes.ser.api.KafkaSerdesTester] (Thread-214) topic-115658b3_24db_4d3f_a892_a3d271f04686 0 36 {"key11753928611369": "value-6", "key21753928613185": "value-6", "key31753928615181": "value-6"}
2025-07-31 02:23:36,810 INFO  [io.api.tes.ser.api.KafkaSerdesTester] (Thread-214) topic-115658b3_24db_4d3f_a892_a3d271f04686 0 37 {"key11753928611369": "value-7", "key21753928613185": "value-7", "key31753928615181": "value-7"}
2025-07-31 02:23:36,810 INFO  [io.api.tes.ser.api.KafkaSerdesTester] (Thread-214) topic-115658b3_24db_4d3f_a892_a3d271f04686 0 38 {"key11753928611369": "value-8", "key21753928613185": "value-8", "key31753928615181": "value-8"}
2025-07-31 02:23:36,810 INFO  [io.api.tes.ser.api.KafkaSerdesTester] (Thread-214) topic-115658b3_24db_4d3f_a892_a3d271f04686 0 39 {"key11753928611369": "value-9", "key21753928613185": "value-9", "key31753928615181": "value-9"}
2025-07-31 02:23:36,810 INFO  [io.api.tes.ser.api.KafkaSerdesTester] (Thread-214) topic-115658b3_24db_4d3f_a892_a3d271f04686 0 40 {"key11753928611369": "value-0", "key21753928613185": "value-0"}
2025-07-31 02:23:36,810 INFO  [io.api.tes.ser.api.KafkaSerdesTester] (Thread-214) topic-115658b3_24db_4d3f_a892_a3d271f04686 0 41 {"key11753928611369": "value-1", "key21753928613185": "value-1"}
2025-07-31 02:23:36,810 INFO  [io.api.tes.ser.api.KafkaSerdesTester] (Thread-214) topic-115658b3_24db_4d3f_a892_a3d271f04686 0 42 {"key11753928611369": "value-2", "key21753928613185": "value-2"}
2025-07-31 02:23:36,810 INFO  [io.api.tes.ser.api.KafkaSerdesTester] (Thread-214) topic-115658b3_24db_4d3f_a892_a3d271f04686 0 43 {"key11753928611369": "value-3", "key21753928613185": "value-3"}
2025-07-31 02:23:36,811 INFO  [io.api.tes.ser.api.KafkaSerdesTester] (Thread-214) topic-115658b3_24db_4d3f_a892_a3d271f04686 0 44 {"key11753928611369": "value-4", "key21753928613185": "value-4"}
2025-07-31 02:23:36,811 INFO  [io.api.tes.ser.api.KafkaSerdesTester] (Thread-214) topic-115658b3_24db_4d3f_a892_a3d271f04686 0 45 {"key11753928611369": "value-5", "key21753928613185": "value-5"}
2025-07-31 02:23:36,811 INFO  [io.api.tes.ser.api.KafkaSerdesTester] (Thread-214) topic-115658b3_24db_4d3f_a892_a3d271f04686 0 46 {"key11753928611369": "value-6", "key21753928613185": "value-6"}
2025-07-31 02:23:36,811 INFO  [io.api.tes.ser.api.KafkaSerdesTester] (Thread-214) topic-115658b3_24db_4d3f_a892_a3d271f04686 0 47 {"key11753928611369": "value-7", "key21753928613185": "value-7"}
2025-07-31 02:23:36,811 INFO  [io.api.tes.ser.api.KafkaSerdesTester] (Thread-214) topic-115658b3_24db_4d3f_a892_a3d271f04686 0 48 {"key11753928611369": "value-8", "key21753928613185": "value-8"}
2025-07-31 02:23:36,811 INFO  [io.api.tes.ser.api.KafkaSerdesTester] (Thread-214) topic-115658b3_24db_4d3f_a892_a3d271f04686 0 49 {"key11753928611369": "value-9", "key21753928613185": "value-9"}
2025-07-31 02:23:36,811 INFO  [io.api.tes.ser.api.KafkaSerdesTester] (Thread-214) topic-115658b3_24db_4d3f_a892_a3d271f04686 0 50 {"key11753928611369": "value-0"}
2025-07-31 02:23:36,811 INFO  [io.api.tes.ser.api.KafkaSerdesTester] (Thread-214) topic-115658b3_24db_4d3f_a892_a3d271f04686 0 51 {"key11753928611369": "value-1"}
2025-07-31 02:23:36,811 INFO  [io.api.tes.ser.api.KafkaSerdesTester] (Thread-214) topic-115658b3_24db_4d3f_a892_a3d271f04686 0 52 {"key11753928611369": "value-2"}
2025-07-31 02:23:36,811 INFO  [io.api.tes.ser.api.KafkaSerdesTester] (Thread-214) topic-115658b3_24db_4d3f_a892_a3d271f04686 0 53 {"key11753928611369": "value-3"}
2025-07-31 02:23:36,811 INFO  [io.api.tes.ser.api.KafkaSerdesTester] (Thread-214) topic-115658b3_24db_4d3f_a892_a3d271f04686 0 54 {"key11753928611369": "value-4"}
2025-07-31 02:23:36,811 INFO  [io.api.tes.ser.api.KafkaSerdesTester] (Thread-214) topic-115658b3_24db_4d3f_a892_a3d271f04686 0 55 {"key11753928611369": "value-5"}
2025-07-31 02:23:36,811 INFO  [io.api.tes.ser.api.KafkaSerdesTester] (Thread-214) topic-115658b3_24db_4d3f_a892_a3d271f04686 0 56 {"key11753928611369": "value-6"}
2025-07-31 02:23:36,811 INFO  [io.api.tes.ser.api.KafkaSerdesTester] (Thread-214) topic-115658b3_24db_4d3f_a892_a3d271f04686 0 57 {"key11753928611369": "value-7"}
2025-07-31 02:23:36,811 INFO  [io.api.tes.ser.api.KafkaSerdesTester] (Thread-214) topic-115658b3_24db_4d3f_a892_a3d271f04686 0 58 {"key11753928611369": "value-8"}
2025-07-31 02:23:36,811 INFO  [io.api.tes.ser.api.KafkaSerdesTester] (Thread-214) topic-115658b3_24db_4d3f_a892_a3d271f04686 0 59 {"key11753928611369": "value-9"}
2025-07-31 02:23:36,811 INFO  [io.api.tes.ser.api.KafkaSerdesTester] (Thread-214) Consumed 30 messages
2025-07-31 02:23:36,813 INFO  [org.apa.kaf.cli.con.int.ConsumerRebalanceListenerInvoker] (Thread-214) [Consumer clientId=consumer-Consumer-topic-115658b3_24db_4d3f_a892_a3d271f04686-12, groupId=Consumer-topic-115658b3_24db_4d3f_a892_a3d271f04686] Revoke previously assigned partitions topic-115658b3_24db_4d3f_a892_a3d271f04686-0
2025-07-31 02:23:36,813 INFO  [org.apa.kaf.cli.con.int.ConsumerCoordinator] (Thread-214) [Consumer clientId=consumer-Consumer-topic-115658b3_24db_4d3f_a892_a3d271f04686-12, groupId=Consumer-topic-115658b3_24db_4d3f_a892_a3d271f04686] Member consumer-Consumer-topic-115658b3_24db_4d3f_a892_a3d271f04686-12-3e790b37-f10d-445c-b682-302962fd4778 sending LeaveGroup request to coordinator localhost:32770 (id: 2147483647 rack: null) due to the consumer is being closed
2025-07-31 02:23:36,814 INFO  [org.apa.kaf.cli.con.int.ConsumerCoordinator] (Thread-214) [Consumer clientId=consumer-Consumer-topic-115658b3_24db_4d3f_a892_a3d271f04686-12, groupId=Consumer-topic-115658b3_24db_4d3f_a892_a3d271f04686] Resetting generation and member id due to: consumer pro-actively leaving the group
2025-07-31 02:23:36,814 INFO  [org.apa.kaf.cli.con.int.ConsumerCoordinator] (Thread-214) [Consumer clientId=consumer-Consumer-topic-115658b3_24db_4d3f_a892_a3d271f04686-12, groupId=Consumer-topic-115658b3_24db_4d3f_a892_a3d271f04686] Request joining group due to: consumer pro-actively leaving the group
2025-07-31 02:23:37,312 INFO  [org.apa.kaf.com.met.Metrics] (Thread-214) Metrics scheduler closed
2025-07-31 02:23:37,312 INFO  [org.apa.kaf.com.met.Metrics] (Thread-214) Closing reporter org.apache.kafka.common.metrics.JmxReporter
2025-07-31 02:23:37,312 INFO  [org.apa.kaf.com.met.Metrics] (Thread-214) Closing reporter org.apache.kafka.common.telemetry.internals.ClientTelemetryReporter
2025-07-31 02:23:37,312 INFO  [org.apa.kaf.com.met.Metrics] (Thread-214) Metrics reporters closed
2025-07-31 02:23:37,314 INFO  [org.apa.kaf.com.uti.AppInfoParser] (Thread-214) App info kafka.consumer for consumer-Consumer-topic-115658b3_24db_4d3f_a892_a3d271f04686-12 unregistered
2025-07-31 02:23:37,315 INFO  [org.apa.kaf.cli.pro.KafkaProducer] (main) [Producer clientId=Producer-topic-115658b3_24db_4d3f_a892_a3d271f04686] Closing the Kafka producer with timeoutMillis = 9223372036854775807 ms.
2025-07-31 02:23:37,315 INFO  [org.apa.kaf.com.met.Metrics] (main) Metrics scheduler closed
2025-07-31 02:23:37,315 INFO  [org.apa.kaf.com.met.Metrics] (main) Closing reporter org.apache.kafka.common.metrics.JmxReporter
2025-07-31 02:23:37,315 INFO  [org.apa.kaf.com.met.Metrics] (main) Closing reporter org.apache.kafka.common.telemetry.internals.ClientTelemetryReporter
2025-07-31 02:23:37,315 INFO  [org.apa.kaf.com.met.Metrics] (main) Metrics reporters closed
2025-07-31 02:23:37,315 INFO  [org.apa.kaf.com.uti.AppInfoParser] (main) App info kafka.producer for Producer-topic-115658b3_24db_4d3f_a892_a3d271f04686 unregistered
2025-07-31 02:23:37,315 INFO  [io.api.tes.uti.TestSeparator] (main) io.apicurio.tests.serdes.apicurio.AvroSerdeIT.testEvolveAvroApicurio-FINISHED
2025-07-31 02:23:37,315 INFO  [io.api.tes.uti.TestSeparator] (main) ############################################################################
]]></system-out>
  </testcase>
  <testcase name="testTopicRecordIdStrategydFindLatest" classname="io.apicurio.tests.serdes.apicurio.AvroSerdeIT" time="1.868">
    <system-out><![CDATA[2025-07-31 02:23:37,317 INFO  [io.api.tes.uti.TestSeparator] (main) ############################################################################
2025-07-31 02:23:37,317 INFO  [io.api.tes.uti.TestSeparator] (main) io.apicurio.tests.serdes.apicurio.AvroSerdeIT.testTopicRecordIdStrategydFindLatest-STARTED
2025-07-31 02:23:37,322 INFO  [io.api.tes.ser.api.AvroSerdeIT] (main) Registering Avro Schema: {"type":"record","name":"s298578bcx5a38x4fb4xbebfxcdcfe3889ca4","namespace":"s835aa732x6e45x4d9exb6a9xbd5d75e850de","fields":[{"name":"key11753928617317","type":"string"}]}
2025-07-31 02:23:38,416 INFO  [org.apa.kaf.cli.pro.ProducerConfig] (main) ProducerConfig values: 
	acks = -1
	auto.include.jmx.reporter = true
	batch.size = 16384
	bootstrap.servers = [PLAINTEXT://localhost:32770]
	buffer.memory = 33554432
	client.dns.lookup = use_all_dns_ips
	client.id = Producer-topic-703716c3_5ba5_4d07_a789_ea2109804e69
	compression.gzip.level = -1
	compression.lz4.level = 9
	compression.type = none
	compression.zstd.level = 3
	connections.max.idle.ms = 10000
	delivery.timeout.ms = 120000
	enable.idempotence = true
	enable.metrics.push = true
	interceptor.classes = []
	key.serializer = class org.apache.kafka.common.serialization.StringSerializer
	linger.ms = 0
	max.block.ms = 60000
	max.in.flight.requests.per.connection = 5
	max.request.size = 1048576
	metadata.max.age.ms = 300000
	metadata.max.idle.ms = 300000
	metadata.recovery.strategy = none
	metric.reporters = []
	metrics.num.samples = 2
	metrics.recording.level = INFO
	metrics.sample.window.ms = 30000
	partitioner.adaptive.partitioning.enable = true
	partitioner.availability.timeout.ms = 0
	partitioner.class = null
	partitioner.ignore.keys = false
	receive.buffer.bytes = 32768
	reconnect.backoff.max.ms = 1000
	reconnect.backoff.ms = 50
	request.timeout.ms = 5000
	retries = 2147483647
	retry.backoff.max.ms = 1000
	retry.backoff.ms = 100
	sasl.client.callback.handler.class = null
	sasl.jaas.config = null
	sasl.kerberos.kinit.cmd = /usr/bin/kinit
	sasl.kerberos.min.time.before.relogin = 60000
	sasl.kerberos.service.name = null
	sasl.kerberos.ticket.renew.jitter = 0.05
	sasl.kerberos.ticket.renew.window.factor = 0.8
	sasl.login.callback.handler.class = null
	sasl.login.class = null
	sasl.login.connect.timeout.ms = null
	sasl.login.read.timeout.ms = null
	sasl.login.refresh.buffer.seconds = 300
	sasl.login.refresh.min.period.seconds = 60
	sasl.login.refresh.window.factor = 0.8
	sasl.login.refresh.window.jitter = 0.05
	sasl.login.retry.backoff.max.ms = 10000
	sasl.login.retry.backoff.ms = 100
	sasl.mechanism = GSSAPI
	sasl.oauthbearer.clock.skew.seconds = 30
	sasl.oauthbearer.expected.audience = null
	sasl.oauthbearer.expected.issuer = null
	sasl.oauthbearer.header.urlencode = false
	sasl.oauthbearer.jwks.endpoint.refresh.ms = 3600000
	sasl.oauthbearer.jwks.endpoint.retry.backoff.max.ms = 10000
	sasl.oauthbearer.jwks.endpoint.retry.backoff.ms = 100
	sasl.oauthbearer.jwks.endpoint.url = null
	sasl.oauthbearer.scope.claim.name = scope
	sasl.oauthbearer.sub.claim.name = sub
	sasl.oauthbearer.token.endpoint.url = null
	security.protocol = PLAINTEXT
	security.providers = null
	send.buffer.bytes = 131072
	socket.connection.setup.timeout.max.ms = 30000
	socket.connection.setup.timeout.ms = 10000
	ssl.cipher.suites = null
	ssl.enabled.protocols = [TLSv1.2, TLSv1.3]
	ssl.endpoint.identification.algorithm = https
	ssl.engine.factory.class = null
	ssl.key.password = null
	ssl.keymanager.algorithm = SunX509
	ssl.keystore.certificate.chain = null
	ssl.keystore.key = null
	ssl.keystore.location = null
	ssl.keystore.password = null
	ssl.keystore.type = JKS
	ssl.protocol = TLSv1.3
	ssl.provider = null
	ssl.secure.random.implementation = null
	ssl.trustmanager.algorithm = PKIX
	ssl.truststore.certificates = null
	ssl.truststore.location = null
	ssl.truststore.password = null
	ssl.truststore.type = JKS
	transaction.timeout.ms = 60000
	transactional.id = null
	value.serializer = class io.apicurio.registry.serde.avro.AvroKafkaSerializer

2025-07-31 02:23:38,417 INFO  [org.apa.kaf.com.tel.int.KafkaMetricsCollector] (main) initializing Kafka metrics collector
2025-07-31 02:23:38,420 INFO  [org.apa.kaf.cli.pro.KafkaProducer] (main) [Producer clientId=Producer-topic-703716c3_5ba5_4d07_a789_ea2109804e69] Instantiated an idempotent producer.
2025-07-31 02:23:38,422 INFO  [org.apa.kaf.cli.pro.ProducerConfig] (main) These configurations '[apicurio.registry.find-latest, apicurio.registry.url, apicurio.registry.artifact-resolver-strategy]' were supplied but are not used yet.
2025-07-31 02:23:38,422 INFO  [org.apa.kaf.com.uti.AppInfoParser] (main) Kafka version: 3.9.0
2025-07-31 02:23:38,422 INFO  [org.apa.kaf.com.uti.AppInfoParser] (main) Kafka commitId: 84caaa6e9da06435
2025-07-31 02:23:38,422 INFO  [org.apa.kaf.com.uti.AppInfoParser] (main) Kafka startTimeMs: 1753928618422
2025-07-31 02:23:38,422 INFO  [io.api.tes.ser.api.SimpleSerdesTesterBuilder$SimpleSerdesTester] (main) Using producer configuration: {apicurio.registry.find-latest=true, apicurio.registry.url=http://registry-app-mysql.apps.ci419.apicurio-testing.org:80/apis/registry/v3, apicurio.registry.artifact-resolver-strategy=io.apicurio.registry.serde.avro.strategy.TopicRecordIdStrategy, value.serializer=io.apicurio.registry.serde.avro.AvroKafkaSerializer, request.timeout.ms=5000, acks=all, bootstrap.servers=PLAINTEXT://localhost:32770, connections.max.idle.ms=10000, key.serializer=org.apache.kafka.common.serialization.StringSerializer, client.id=Producer-topic-703716c3_5ba5_4d07_a789_ea2109804e69}
2025-07-31 02:23:38,422 INFO  [io.api.tes.ser.api.SimpleSerdesTesterBuilder$SimpleSerdesTester] (main) Using consumer configuration: {}
2025-07-31 02:23:38,424 INFO  [io.api.tes.ser.api.KafkaSerdesTester] (Thread-217) Sending message {"key11753928617317": "value-0"} to topic topic-703716c3_5ba5_4d07_a789_ea2109804e69
2025-07-31 02:23:38,426 INFO  [org.apa.kaf.cli.Metadata] (kafka-producer-network-thread | Producer-topic-703716c3_5ba5_4d07_a789_ea2109804e69) [Producer clientId=Producer-topic-703716c3_5ba5_4d07_a789_ea2109804e69] Cluster ID: EeXQRaomRg6j_8npZiTrIA
2025-07-31 02:23:38,428 INFO  [org.apa.kaf.cli.pro.int.TransactionManager] (kafka-producer-network-thread | Producer-topic-703716c3_5ba5_4d07_a789_ea2109804e69) [Producer clientId=Producer-topic-703716c3_5ba5_4d07_a789_ea2109804e69] ProducerId set to 18 with epoch 0
2025-07-31 02:23:38,543 INFO  [io.api.tes.ser.api.KafkaSerdesTester] (Thread-217) Sending message {"key11753928617317": "value-1"} to topic topic-703716c3_5ba5_4d07_a789_ea2109804e69
2025-07-31 02:23:38,545 INFO  [io.api.tes.ser.api.KafkaSerdesTester] (Thread-217) Sending message {"key11753928617317": "value-2"} to topic topic-703716c3_5ba5_4d07_a789_ea2109804e69
2025-07-31 02:23:38,546 INFO  [io.api.tes.ser.api.KafkaSerdesTester] (Thread-217) Sending message {"key11753928617317": "value-3"} to topic topic-703716c3_5ba5_4d07_a789_ea2109804e69
2025-07-31 02:23:38,547 INFO  [io.api.tes.ser.api.KafkaSerdesTester] (Thread-217) Sending message {"key11753928617317": "value-4"} to topic topic-703716c3_5ba5_4d07_a789_ea2109804e69
2025-07-31 02:23:38,548 INFO  [io.api.tes.ser.api.KafkaSerdesTester] (Thread-217) Sending message {"key11753928617317": "value-5"} to topic topic-703716c3_5ba5_4d07_a789_ea2109804e69
2025-07-31 02:23:38,549 INFO  [io.api.tes.ser.api.KafkaSerdesTester] (Thread-217) Sending message {"key11753928617317": "value-6"} to topic topic-703716c3_5ba5_4d07_a789_ea2109804e69
2025-07-31 02:23:38,551 INFO  [io.api.tes.ser.api.KafkaSerdesTester] (Thread-217) Sending message {"key11753928617317": "value-7"} to topic topic-703716c3_5ba5_4d07_a789_ea2109804e69
2025-07-31 02:23:38,552 INFO  [io.api.tes.ser.api.KafkaSerdesTester] (Thread-217) Sending message {"key11753928617317": "value-8"} to topic topic-703716c3_5ba5_4d07_a789_ea2109804e69
2025-07-31 02:23:38,553 INFO  [io.api.tes.ser.api.KafkaSerdesTester] (Thread-217) Sending message {"key11753928617317": "value-9"} to topic topic-703716c3_5ba5_4d07_a789_ea2109804e69
2025-07-31 02:23:38,554 INFO  [io.api.tes.ser.api.KafkaSerdesTester] (Thread-217) Produced 10 messages
2025-07-31 02:23:38,554 INFO  [org.apa.kaf.cli.pro.KafkaProducer] (Thread-217) [Producer clientId=Producer-topic-703716c3_5ba5_4d07_a789_ea2109804e69] Closing the Kafka producer with timeoutMillis = 9223372036854775807 ms.
2025-07-31 02:23:38,555 INFO  [org.apa.kaf.com.met.Metrics] (Thread-217) Metrics scheduler closed
2025-07-31 02:23:38,555 INFO  [org.apa.kaf.com.met.Metrics] (Thread-217) Closing reporter org.apache.kafka.common.metrics.JmxReporter
2025-07-31 02:23:38,555 INFO  [org.apa.kaf.com.met.Metrics] (Thread-217) Closing reporter org.apache.kafka.common.telemetry.internals.ClientTelemetryReporter
2025-07-31 02:23:38,555 INFO  [org.apa.kaf.com.met.Metrics] (Thread-217) Metrics reporters closed
2025-07-31 02:23:38,556 INFO  [org.apa.kaf.com.uti.AppInfoParser] (Thread-217) App info kafka.producer for Producer-topic-703716c3_5ba5_4d07_a789_ea2109804e69 unregistered
2025-07-31 02:23:38,556 INFO  [org.apa.kaf.cli.con.ConsumerConfig] (main) ConsumerConfig values: 
	allow.auto.create.topics = true
	auto.commit.interval.ms = 500
	auto.include.jmx.reporter = true
	auto.offset.reset = earliest
	bootstrap.servers = [PLAINTEXT://localhost:32770]
	check.crcs = true
	client.dns.lookup = use_all_dns_ips
	client.id = consumer-Consumer-topic-703716c3_5ba5_4d07_a789_ea2109804e69-13
	client.rack = 
	connections.max.idle.ms = 10000
	default.api.timeout.ms = 60000
	enable.auto.commit = true
	enable.metrics.push = true
	exclude.internal.topics = true
	fetch.max.bytes = 52428800
	fetch.max.wait.ms = 500
	fetch.min.bytes = 1
	group.id = Consumer-topic-703716c3_5ba5_4d07_a789_ea2109804e69
	group.instance.id = null
	group.protocol = classic
	group.remote.assignor = null
	heartbeat.interval.ms = 3000
	interceptor.classes = []
	internal.leave.group.on.close = true
	internal.throw.on.fetch.stable.offset.unsupported = false
	isolation.level = read_uncommitted
	key.deserializer = class org.apache.kafka.common.serialization.StringDeserializer
	max.partition.fetch.bytes = 1048576
	max.poll.interval.ms = 300000
	max.poll.records = 500
	metadata.max.age.ms = 300000
	metadata.recovery.strategy = none
	metric.reporters = []
	metrics.num.samples = 2
	metrics.recording.level = INFO
	metrics.sample.window.ms = 30000
	partition.assignment.strategy = [class org.apache.kafka.clients.consumer.RangeAssignor, class org.apache.kafka.clients.consumer.CooperativeStickyAssignor]
	receive.buffer.bytes = 65536
	reconnect.backoff.max.ms = 1000
	reconnect.backoff.ms = 50
	request.timeout.ms = 5000
	retry.backoff.max.ms = 1000
	retry.backoff.ms = 100
	sasl.client.callback.handler.class = null
	sasl.jaas.config = null
	sasl.kerberos.kinit.cmd = /usr/bin/kinit
	sasl.kerberos.min.time.before.relogin = 60000
	sasl.kerberos.service.name = null
	sasl.kerberos.ticket.renew.jitter = 0.05
	sasl.kerberos.ticket.renew.window.factor = 0.8
	sasl.login.callback.handler.class = null
	sasl.login.class = null
	sasl.login.connect.timeout.ms = null
	sasl.login.read.timeout.ms = null
	sasl.login.refresh.buffer.seconds = 300
	sasl.login.refresh.min.period.seconds = 60
	sasl.login.refresh.window.factor = 0.8
	sasl.login.refresh.window.jitter = 0.05
	sasl.login.retry.backoff.max.ms = 10000
	sasl.login.retry.backoff.ms = 100
	sasl.mechanism = GSSAPI
	sasl.oauthbearer.clock.skew.seconds = 30
	sasl.oauthbearer.expected.audience = null
	sasl.oauthbearer.expected.issuer = null
	sasl.oauthbearer.header.urlencode = false
	sasl.oauthbearer.jwks.endpoint.refresh.ms = 3600000
	sasl.oauthbearer.jwks.endpoint.retry.backoff.max.ms = 10000
	sasl.oauthbearer.jwks.endpoint.retry.backoff.ms = 100
	sasl.oauthbearer.jwks.endpoint.url = null
	sasl.oauthbearer.scope.claim.name = scope
	sasl.oauthbearer.sub.claim.name = sub
	sasl.oauthbearer.token.endpoint.url = null
	security.protocol = PLAINTEXT
	security.providers = null
	send.buffer.bytes = 131072
	session.timeout.ms = 45000
	socket.connection.setup.timeout.max.ms = 30000
	socket.connection.setup.timeout.ms = 10000
	ssl.cipher.suites = null
	ssl.enabled.protocols = [TLSv1.2, TLSv1.3]
	ssl.endpoint.identification.algorithm = https
	ssl.engine.factory.class = null
	ssl.key.password = null
	ssl.keymanager.algorithm = SunX509
	ssl.keystore.certificate.chain = null
	ssl.keystore.key = null
	ssl.keystore.location = null
	ssl.keystore.password = null
	ssl.keystore.type = JKS
	ssl.protocol = TLSv1.3
	ssl.provider = null
	ssl.secure.random.implementation = null
	ssl.trustmanager.algorithm = PKIX
	ssl.truststore.certificates = null
	ssl.truststore.location = null
	ssl.truststore.password = null
	ssl.truststore.type = JKS
	value.deserializer = class io.apicurio.registry.serde.avro.AvroKafkaDeserializer

2025-07-31 02:23:38,557 INFO  [org.apa.kaf.com.tel.int.KafkaMetricsCollector] (main) initializing Kafka metrics collector
2025-07-31 02:23:38,566 INFO  [org.apa.kaf.cli.con.ConsumerConfig] (main) These configurations '[apicurio.registry.url]' were supplied but are not used yet.
2025-07-31 02:23:38,566 INFO  [org.apa.kaf.com.uti.AppInfoParser] (main) Kafka version: 3.9.0
2025-07-31 02:23:38,567 INFO  [org.apa.kaf.com.uti.AppInfoParser] (main) Kafka commitId: 84caaa6e9da06435
2025-07-31 02:23:38,567 INFO  [org.apa.kaf.com.uti.AppInfoParser] (main) Kafka startTimeMs: 1753928618566
2025-07-31 02:23:38,567 INFO  [org.apa.kaf.cli.con.int.ClassicKafkaConsumer] (Thread-220) [Consumer clientId=consumer-Consumer-topic-703716c3_5ba5_4d07_a789_ea2109804e69-13, groupId=Consumer-topic-703716c3_5ba5_4d07_a789_ea2109804e69] Subscribed to topic(s): topic-703716c3_5ba5_4d07_a789_ea2109804e69
2025-07-31 02:23:38,572 INFO  [org.apa.kaf.cli.Metadata] (Thread-220) [Consumer clientId=consumer-Consumer-topic-703716c3_5ba5_4d07_a789_ea2109804e69-13, groupId=Consumer-topic-703716c3_5ba5_4d07_a789_ea2109804e69] Cluster ID: EeXQRaomRg6j_8npZiTrIA
2025-07-31 02:23:38,573 INFO  [org.apa.kaf.cli.con.int.ConsumerCoordinator] (Thread-220) [Consumer clientId=consumer-Consumer-topic-703716c3_5ba5_4d07_a789_ea2109804e69-13, groupId=Consumer-topic-703716c3_5ba5_4d07_a789_ea2109804e69] Discovered group coordinator localhost:32770 (id: 2147483647 rack: null)
2025-07-31 02:23:38,575 INFO  [org.apa.kaf.cli.con.int.ConsumerCoordinator] (Thread-220) [Consumer clientId=consumer-Consumer-topic-703716c3_5ba5_4d07_a789_ea2109804e69-13, groupId=Consumer-topic-703716c3_5ba5_4d07_a789_ea2109804e69] (Re-)joining group
2025-07-31 02:23:38,580 INFO  [org.apa.kaf.cli.con.int.ConsumerCoordinator] (Thread-220) [Consumer clientId=consumer-Consumer-topic-703716c3_5ba5_4d07_a789_ea2109804e69-13, groupId=Consumer-topic-703716c3_5ba5_4d07_a789_ea2109804e69] Request joining group due to: need to re-join with the given member-id: consumer-Consumer-topic-703716c3_5ba5_4d07_a789_ea2109804e69-13-c5b49a3a-005d-46f5-8417-e68ba66a8b9f
2025-07-31 02:23:38,580 INFO  [org.apa.kaf.cli.con.int.ConsumerCoordinator] (Thread-220) [Consumer clientId=consumer-Consumer-topic-703716c3_5ba5_4d07_a789_ea2109804e69-13, groupId=Consumer-topic-703716c3_5ba5_4d07_a789_ea2109804e69] (Re-)joining group
2025-07-31 02:23:38,582 INFO  [org.apa.kaf.cli.con.int.ConsumerCoordinator] (Thread-220) [Consumer clientId=consumer-Consumer-topic-703716c3_5ba5_4d07_a789_ea2109804e69-13, groupId=Consumer-topic-703716c3_5ba5_4d07_a789_ea2109804e69] Successfully joined group with generation Generation{generationId=1, memberId='consumer-Consumer-topic-703716c3_5ba5_4d07_a789_ea2109804e69-13-c5b49a3a-005d-46f5-8417-e68ba66a8b9f', protocol='range'}
2025-07-31 02:23:38,583 INFO  [org.apa.kaf.cli.con.int.ConsumerCoordinator] (Thread-220) [Consumer clientId=consumer-Consumer-topic-703716c3_5ba5_4d07_a789_ea2109804e69-13, groupId=Consumer-topic-703716c3_5ba5_4d07_a789_ea2109804e69] Finished assignment for group at generation 1: {consumer-Consumer-topic-703716c3_5ba5_4d07_a789_ea2109804e69-13-c5b49a3a-005d-46f5-8417-e68ba66a8b9f=Assignment(partitions=[topic-703716c3_5ba5_4d07_a789_ea2109804e69-0])}
2025-07-31 02:23:38,584 INFO  [org.apa.kaf.cli.con.int.ConsumerCoordinator] (Thread-220) [Consumer clientId=consumer-Consumer-topic-703716c3_5ba5_4d07_a789_ea2109804e69-13, groupId=Consumer-topic-703716c3_5ba5_4d07_a789_ea2109804e69] Successfully synced group in generation Generation{generationId=1, memberId='consumer-Consumer-topic-703716c3_5ba5_4d07_a789_ea2109804e69-13-c5b49a3a-005d-46f5-8417-e68ba66a8b9f', protocol='range'}
2025-07-31 02:23:38,585 INFO  [org.apa.kaf.cli.con.int.ConsumerCoordinator] (Thread-220) [Consumer clientId=consumer-Consumer-topic-703716c3_5ba5_4d07_a789_ea2109804e69-13, groupId=Consumer-topic-703716c3_5ba5_4d07_a789_ea2109804e69] Notifying assignor about the new Assignment(partitions=[topic-703716c3_5ba5_4d07_a789_ea2109804e69-0])
2025-07-31 02:23:38,585 INFO  [org.apa.kaf.cli.con.int.ConsumerRebalanceListenerInvoker] (Thread-220) [Consumer clientId=consumer-Consumer-topic-703716c3_5ba5_4d07_a789_ea2109804e69-13, groupId=Consumer-topic-703716c3_5ba5_4d07_a789_ea2109804e69] Adding newly assigned partitions: topic-703716c3_5ba5_4d07_a789_ea2109804e69-0
2025-07-31 02:23:38,587 INFO  [org.apa.kaf.cli.con.int.ConsumerCoordinator] (Thread-220) [Consumer clientId=consumer-Consumer-topic-703716c3_5ba5_4d07_a789_ea2109804e69-13, groupId=Consumer-topic-703716c3_5ba5_4d07_a789_ea2109804e69] Found no committed offset for partition topic-703716c3_5ba5_4d07_a789_ea2109804e69-0
2025-07-31 02:23:38,592 INFO  [org.apa.kaf.cli.con.int.SubscriptionState] (Thread-220) [Consumer clientId=consumer-Consumer-topic-703716c3_5ba5_4d07_a789_ea2109804e69-13, groupId=Consumer-topic-703716c3_5ba5_4d07_a789_ea2109804e69] Resetting offset for partition topic-703716c3_5ba5_4d07_a789_ea2109804e69-0 to position FetchPosition{offset=0, offsetEpoch=Optional.empty, currentLeader=LeaderAndEpoch{leader=Optional[localhost:32770 (id: 0 rack: null)], epoch=0}}.
2025-07-31 02:23:38,678 INFO  [io.api.tes.ser.api.KafkaSerdesTester] (Thread-220) topic-703716c3_5ba5_4d07_a789_ea2109804e69 0 0 {"key11753928617317": "value-0"}
2025-07-31 02:23:38,678 INFO  [io.api.tes.ser.api.KafkaSerdesTester] (Thread-220) topic-703716c3_5ba5_4d07_a789_ea2109804e69 0 1 {"key11753928617317": "value-1"}
2025-07-31 02:23:38,678 INFO  [io.api.tes.ser.api.KafkaSerdesTester] (Thread-220) topic-703716c3_5ba5_4d07_a789_ea2109804e69 0 2 {"key11753928617317": "value-2"}
2025-07-31 02:23:38,678 INFO  [io.api.tes.ser.api.KafkaSerdesTester] (Thread-220) topic-703716c3_5ba5_4d07_a789_ea2109804e69 0 3 {"key11753928617317": "value-3"}
2025-07-31 02:23:38,678 INFO  [io.api.tes.ser.api.KafkaSerdesTester] (Thread-220) topic-703716c3_5ba5_4d07_a789_ea2109804e69 0 4 {"key11753928617317": "value-4"}
2025-07-31 02:23:38,678 INFO  [io.api.tes.ser.api.KafkaSerdesTester] (Thread-220) topic-703716c3_5ba5_4d07_a789_ea2109804e69 0 5 {"key11753928617317": "value-5"}
2025-07-31 02:23:38,678 INFO  [io.api.tes.ser.api.KafkaSerdesTester] (Thread-220) topic-703716c3_5ba5_4d07_a789_ea2109804e69 0 6 {"key11753928617317": "value-6"}
2025-07-31 02:23:38,678 INFO  [io.api.tes.ser.api.KafkaSerdesTester] (Thread-220) topic-703716c3_5ba5_4d07_a789_ea2109804e69 0 7 {"key11753928617317": "value-7"}
2025-07-31 02:23:38,678 INFO  [io.api.tes.ser.api.KafkaSerdesTester] (Thread-220) topic-703716c3_5ba5_4d07_a789_ea2109804e69 0 8 {"key11753928617317": "value-8"}
2025-07-31 02:23:38,678 INFO  [io.api.tes.ser.api.KafkaSerdesTester] (Thread-220) topic-703716c3_5ba5_4d07_a789_ea2109804e69 0 9 {"key11753928617317": "value-9"}
2025-07-31 02:23:38,678 INFO  [io.api.tes.ser.api.KafkaSerdesTester] (Thread-220) Consumed 10 messages
2025-07-31 02:23:38,681 INFO  [org.apa.kaf.cli.con.int.ConsumerRebalanceListenerInvoker] (Thread-220) [Consumer clientId=consumer-Consumer-topic-703716c3_5ba5_4d07_a789_ea2109804e69-13, groupId=Consumer-topic-703716c3_5ba5_4d07_a789_ea2109804e69] Revoke previously assigned partitions topic-703716c3_5ba5_4d07_a789_ea2109804e69-0
2025-07-31 02:23:38,681 INFO  [org.apa.kaf.cli.con.int.ConsumerCoordinator] (Thread-220) [Consumer clientId=consumer-Consumer-topic-703716c3_5ba5_4d07_a789_ea2109804e69-13, groupId=Consumer-topic-703716c3_5ba5_4d07_a789_ea2109804e69] Member consumer-Consumer-topic-703716c3_5ba5_4d07_a789_ea2109804e69-13-c5b49a3a-005d-46f5-8417-e68ba66a8b9f sending LeaveGroup request to coordinator localhost:32770 (id: 2147483647 rack: null) due to the consumer is being closed
2025-07-31 02:23:38,681 INFO  [org.apa.kaf.cli.con.int.ConsumerCoordinator] (Thread-220) [Consumer clientId=consumer-Consumer-topic-703716c3_5ba5_4d07_a789_ea2109804e69-13, groupId=Consumer-topic-703716c3_5ba5_4d07_a789_ea2109804e69] Resetting generation and member id due to: consumer pro-actively leaving the group
2025-07-31 02:23:38,681 INFO  [org.apa.kaf.cli.con.int.ConsumerCoordinator] (Thread-220) [Consumer clientId=consumer-Consumer-topic-703716c3_5ba5_4d07_a789_ea2109804e69-13, groupId=Consumer-topic-703716c3_5ba5_4d07_a789_ea2109804e69] Request joining group due to: consumer pro-actively leaving the group
2025-07-31 02:23:39,181 INFO  [org.apa.kaf.com.met.Metrics] (Thread-220) Metrics scheduler closed
2025-07-31 02:23:39,181 INFO  [org.apa.kaf.com.met.Metrics] (Thread-220) Closing reporter org.apache.kafka.common.metrics.JmxReporter
2025-07-31 02:23:39,181 INFO  [org.apa.kaf.com.met.Metrics] (Thread-220) Closing reporter org.apache.kafka.common.telemetry.internals.ClientTelemetryReporter
2025-07-31 02:23:39,181 INFO  [org.apa.kaf.com.met.Metrics] (Thread-220) Metrics reporters closed
2025-07-31 02:23:39,183 INFO  [org.apa.kaf.com.uti.AppInfoParser] (Thread-220) App info kafka.consumer for consumer-Consumer-topic-703716c3_5ba5_4d07_a789_ea2109804e69-13 unregistered
2025-07-31 02:23:39,184 INFO  [io.api.tes.uti.TestSeparator] (main) io.apicurio.tests.serdes.apicurio.AvroSerdeIT.testTopicRecordIdStrategydFindLatest-FINISHED
2025-07-31 02:23:39,184 INFO  [io.api.tes.uti.TestSeparator] (main) ############################################################################
]]></system-out>
  </testcase>
  <testcase name="testAvroConfluentForMultipleTopics" classname="io.apicurio.tests.serdes.apicurio.AvroSerdeIT" time="3.249">
    <system-out><![CDATA[2025-07-31 02:23:39,187 INFO  [io.api.tes.uti.TestSeparator] (main) ############################################################################
2025-07-31 02:23:39,187 INFO  [io.api.tes.uti.TestSeparator] (main) io.apicurio.tests.serdes.apicurio.AvroSerdeIT.testAvroConfluentForMultipleTopics-STARTED
2025-07-31 02:23:39,188 INFO  [io.api.tes.ser.api.AvroSerdeIT] (main) Registering Avro Schema: {"type":"record","name":"myrecordconfluent","fields":[{"name":"key11753928619188","type":"string"}]}
2025-07-31 02:23:40,274 INFO  [org.apa.kaf.cli.pro.ProducerConfig] (main) ProducerConfig values: 
	acks = -1
	auto.include.jmx.reporter = true
	batch.size = 16384
	bootstrap.servers = [PLAINTEXT://localhost:32770]
	buffer.memory = 33554432
	client.dns.lookup = use_all_dns_ips
	client.id = Producer-topic-2b80204f_1756_47ac_af21_350609712004
	compression.gzip.level = -1
	compression.lz4.level = 9
	compression.type = none
	compression.zstd.level = 3
	connections.max.idle.ms = 10000
	delivery.timeout.ms = 120000
	enable.idempotence = true
	enable.metrics.push = true
	interceptor.classes = []
	key.serializer = class org.apache.kafka.common.serialization.StringSerializer
	linger.ms = 0
	max.block.ms = 60000
	max.in.flight.requests.per.connection = 5
	max.request.size = 1048576
	metadata.max.age.ms = 300000
	metadata.max.idle.ms = 300000
	metadata.recovery.strategy = none
	metric.reporters = []
	metrics.num.samples = 2
	metrics.recording.level = INFO
	metrics.sample.window.ms = 30000
	partitioner.adaptive.partitioning.enable = true
	partitioner.availability.timeout.ms = 0
	partitioner.class = null
	partitioner.ignore.keys = false
	receive.buffer.bytes = 32768
	reconnect.backoff.max.ms = 1000
	reconnect.backoff.ms = 50
	request.timeout.ms = 5000
	retries = 2147483647
	retry.backoff.max.ms = 1000
	retry.backoff.ms = 100
	sasl.client.callback.handler.class = null
	sasl.jaas.config = null
	sasl.kerberos.kinit.cmd = /usr/bin/kinit
	sasl.kerberos.min.time.before.relogin = 60000
	sasl.kerberos.service.name = null
	sasl.kerberos.ticket.renew.jitter = 0.05
	sasl.kerberos.ticket.renew.window.factor = 0.8
	sasl.login.callback.handler.class = null
	sasl.login.class = null
	sasl.login.connect.timeout.ms = null
	sasl.login.read.timeout.ms = null
	sasl.login.refresh.buffer.seconds = 300
	sasl.login.refresh.min.period.seconds = 60
	sasl.login.refresh.window.factor = 0.8
	sasl.login.refresh.window.jitter = 0.05
	sasl.login.retry.backoff.max.ms = 10000
	sasl.login.retry.backoff.ms = 100
	sasl.mechanism = GSSAPI
	sasl.oauthbearer.clock.skew.seconds = 30
	sasl.oauthbearer.expected.audience = null
	sasl.oauthbearer.expected.issuer = null
	sasl.oauthbearer.header.urlencode = false
	sasl.oauthbearer.jwks.endpoint.refresh.ms = 3600000
	sasl.oauthbearer.jwks.endpoint.retry.backoff.max.ms = 10000
	sasl.oauthbearer.jwks.endpoint.retry.backoff.ms = 100
	sasl.oauthbearer.jwks.endpoint.url = null
	sasl.oauthbearer.scope.claim.name = scope
	sasl.oauthbearer.sub.claim.name = sub
	sasl.oauthbearer.token.endpoint.url = null
	security.protocol = PLAINTEXT
	security.providers = null
	send.buffer.bytes = 131072
	socket.connection.setup.timeout.max.ms = 30000
	socket.connection.setup.timeout.ms = 10000
	ssl.cipher.suites = null
	ssl.enabled.protocols = [TLSv1.2, TLSv1.3]
	ssl.endpoint.identification.algorithm = https
	ssl.engine.factory.class = null
	ssl.key.password = null
	ssl.keymanager.algorithm = SunX509
	ssl.keystore.certificate.chain = null
	ssl.keystore.key = null
	ssl.keystore.location = null
	ssl.keystore.password = null
	ssl.keystore.type = JKS
	ssl.protocol = TLSv1.3
	ssl.provider = null
	ssl.secure.random.implementation = null
	ssl.trustmanager.algorithm = PKIX
	ssl.truststore.certificates = null
	ssl.truststore.location = null
	ssl.truststore.password = null
	ssl.truststore.type = JKS
	transaction.timeout.ms = 60000
	transactional.id = null
	value.serializer = class io.apicurio.registry.serde.avro.AvroKafkaSerializer

2025-07-31 02:23:40,275 INFO  [org.apa.kaf.com.tel.int.KafkaMetricsCollector] (main) initializing Kafka metrics collector
2025-07-31 02:23:40,277 INFO  [org.apa.kaf.cli.pro.KafkaProducer] (main) [Producer clientId=Producer-topic-2b80204f_1756_47ac_af21_350609712004] Instantiated an idempotent producer.
2025-07-31 02:23:40,279 INFO  [org.apa.kaf.cli.pro.ProducerConfig] (main) These configurations '[apicurio.registry.url, apicurio.registry.artifact-resolver-strategy]' were supplied but are not used yet.
2025-07-31 02:23:40,279 INFO  [org.apa.kaf.com.uti.AppInfoParser] (main) Kafka version: 3.9.0
2025-07-31 02:23:40,279 INFO  [org.apa.kaf.com.uti.AppInfoParser] (main) Kafka commitId: 84caaa6e9da06435
2025-07-31 02:23:40,279 INFO  [org.apa.kaf.com.uti.AppInfoParser] (main) Kafka startTimeMs: 1753928620279
2025-07-31 02:23:40,280 INFO  [org.apa.kaf.cli.pro.ProducerConfig] (main) ProducerConfig values: 
	acks = -1
	auto.include.jmx.reporter = true
	batch.size = 16384
	bootstrap.servers = [PLAINTEXT://localhost:32770]
	buffer.memory = 33554432
	client.dns.lookup = use_all_dns_ips
	client.id = Producer-topic-a9a5227d_e691_4c1b_99bc_b90920c71002
	compression.gzip.level = -1
	compression.lz4.level = 9
	compression.type = none
	compression.zstd.level = 3
	connections.max.idle.ms = 10000
	delivery.timeout.ms = 120000
	enable.idempotence = true
	enable.metrics.push = true
	interceptor.classes = []
	key.serializer = class org.apache.kafka.common.serialization.StringSerializer
	linger.ms = 0
	max.block.ms = 60000
	max.in.flight.requests.per.connection = 5
	max.request.size = 1048576
	metadata.max.age.ms = 300000
	metadata.max.idle.ms = 300000
	metadata.recovery.strategy = none
	metric.reporters = []
	metrics.num.samples = 2
	metrics.recording.level = INFO
	metrics.sample.window.ms = 30000
	partitioner.adaptive.partitioning.enable = true
	partitioner.availability.timeout.ms = 0
	partitioner.class = null
	partitioner.ignore.keys = false
	receive.buffer.bytes = 32768
	reconnect.backoff.max.ms = 1000
	reconnect.backoff.ms = 50
	request.timeout.ms = 5000
	retries = 2147483647
	retry.backoff.max.ms = 1000
	retry.backoff.ms = 100
	sasl.client.callback.handler.class = null
	sasl.jaas.config = null
	sasl.kerberos.kinit.cmd = /usr/bin/kinit
	sasl.kerberos.min.time.before.relogin = 60000
	sasl.kerberos.service.name = null
	sasl.kerberos.ticket.renew.jitter = 0.05
	sasl.kerberos.ticket.renew.window.factor = 0.8
	sasl.login.callback.handler.class = null
	sasl.login.class = null
	sasl.login.connect.timeout.ms = null
	sasl.login.read.timeout.ms = null
	sasl.login.refresh.buffer.seconds = 300
	sasl.login.refresh.min.period.seconds = 60
	sasl.login.refresh.window.factor = 0.8
	sasl.login.refresh.window.jitter = 0.05
	sasl.login.retry.backoff.max.ms = 10000
	sasl.login.retry.backoff.ms = 100
	sasl.mechanism = GSSAPI
	sasl.oauthbearer.clock.skew.seconds = 30
	sasl.oauthbearer.expected.audience = null
	sasl.oauthbearer.expected.issuer = null
	sasl.oauthbearer.header.urlencode = false
	sasl.oauthbearer.jwks.endpoint.refresh.ms = 3600000
	sasl.oauthbearer.jwks.endpoint.retry.backoff.max.ms = 10000
	sasl.oauthbearer.jwks.endpoint.retry.backoff.ms = 100
	sasl.oauthbearer.jwks.endpoint.url = null
	sasl.oauthbearer.scope.claim.name = scope
	sasl.oauthbearer.sub.claim.name = sub
	sasl.oauthbearer.token.endpoint.url = null
	security.protocol = PLAINTEXT
	security.providers = null
	send.buffer.bytes = 131072
	socket.connection.setup.timeout.max.ms = 30000
	socket.connection.setup.timeout.ms = 10000
	ssl.cipher.suites = null
	ssl.enabled.protocols = [TLSv1.2, TLSv1.3]
	ssl.endpoint.identification.algorithm = https
	ssl.engine.factory.class = null
	ssl.key.password = null
	ssl.keymanager.algorithm = SunX509
	ssl.keystore.certificate.chain = null
	ssl.keystore.key = null
	ssl.keystore.location = null
	ssl.keystore.password = null
	ssl.keystore.type = JKS
	ssl.protocol = TLSv1.3
	ssl.provider = null
	ssl.secure.random.implementation = null
	ssl.trustmanager.algorithm = PKIX
	ssl.truststore.certificates = null
	ssl.truststore.location = null
	ssl.truststore.password = null
	ssl.truststore.type = JKS
	transaction.timeout.ms = 60000
	transactional.id = null
	value.serializer = class io.apicurio.registry.serde.avro.AvroKafkaSerializer

2025-07-31 02:23:40,280 INFO  [org.apa.kaf.com.tel.int.KafkaMetricsCollector] (main) initializing Kafka metrics collector
2025-07-31 02:23:40,284 INFO  [org.apa.kaf.cli.pro.KafkaProducer] (main) [Producer clientId=Producer-topic-a9a5227d_e691_4c1b_99bc_b90920c71002] Instantiated an idempotent producer.
2025-07-31 02:23:40,290 INFO  [org.apa.kaf.cli.Metadata] (kafka-producer-network-thread | Producer-topic-2b80204f_1756_47ac_af21_350609712004) [Producer clientId=Producer-topic-2b80204f_1756_47ac_af21_350609712004] Cluster ID: EeXQRaomRg6j_8npZiTrIA
2025-07-31 02:23:40,290 INFO  [org.apa.kaf.cli.pro.int.TransactionManager] (kafka-producer-network-thread | Producer-topic-2b80204f_1756_47ac_af21_350609712004) [Producer clientId=Producer-topic-2b80204f_1756_47ac_af21_350609712004] ProducerId set to 19 with epoch 0
2025-07-31 02:23:40,298 INFO  [org.apa.kaf.cli.pro.ProducerConfig] (main) These configurations '[apicurio.registry.url, apicurio.registry.artifact-resolver-strategy]' were supplied but are not used yet.
2025-07-31 02:23:40,298 INFO  [org.apa.kaf.com.uti.AppInfoParser] (main) Kafka version: 3.9.0
2025-07-31 02:23:40,299 INFO  [org.apa.kaf.com.uti.AppInfoParser] (main) Kafka commitId: 84caaa6e9da06435
2025-07-31 02:23:40,299 INFO  [org.apa.kaf.com.uti.AppInfoParser] (main) Kafka startTimeMs: 1753928620298
2025-07-31 02:23:40,299 INFO  [org.apa.kaf.cli.pro.ProducerConfig] (main) ProducerConfig values: 
	acks = -1
	auto.include.jmx.reporter = true
	batch.size = 16384
	bootstrap.servers = [PLAINTEXT://localhost:32770]
	buffer.memory = 33554432
	client.dns.lookup = use_all_dns_ips
	client.id = Producer-topic-9a4dcb52_e4c4_4b8d_b503_4a0da40376f1
	compression.gzip.level = -1
	compression.lz4.level = 9
	compression.type = none
	compression.zstd.level = 3
	connections.max.idle.ms = 10000
	delivery.timeout.ms = 120000
	enable.idempotence = true
	enable.metrics.push = true
	interceptor.classes = []
	key.serializer = class org.apache.kafka.common.serialization.StringSerializer
	linger.ms = 0
	max.block.ms = 60000
	max.in.flight.requests.per.connection = 5
	max.request.size = 1048576
	metadata.max.age.ms = 300000
	metadata.max.idle.ms = 300000
	metadata.recovery.strategy = none
	metric.reporters = []
	metrics.num.samples = 2
	metrics.recording.level = INFO
	metrics.sample.window.ms = 30000
	partitioner.adaptive.partitioning.enable = true
	partitioner.availability.timeout.ms = 0
	partitioner.class = null
	partitioner.ignore.keys = false
	receive.buffer.bytes = 32768
	reconnect.backoff.max.ms = 1000
	reconnect.backoff.ms = 50
	request.timeout.ms = 5000
	retries = 2147483647
	retry.backoff.max.ms = 1000
	retry.backoff.ms = 100
	sasl.client.callback.handler.class = null
	sasl.jaas.config = null
	sasl.kerberos.kinit.cmd = /usr/bin/kinit
	sasl.kerberos.min.time.before.relogin = 60000
	sasl.kerberos.service.name = null
	sasl.kerberos.ticket.renew.jitter = 0.05
	sasl.kerberos.ticket.renew.window.factor = 0.8
	sasl.login.callback.handler.class = null
	sasl.login.class = null
	sasl.login.connect.timeout.ms = null
	sasl.login.read.timeout.ms = null
	sasl.login.refresh.buffer.seconds = 300
	sasl.login.refresh.min.period.seconds = 60
	sasl.login.refresh.window.factor = 0.8
	sasl.login.refresh.window.jitter = 0.05
	sasl.login.retry.backoff.max.ms = 10000
	sasl.login.retry.backoff.ms = 100
	sasl.mechanism = GSSAPI
	sasl.oauthbearer.clock.skew.seconds = 30
	sasl.oauthbearer.expected.audience = null
	sasl.oauthbearer.expected.issuer = null
	sasl.oauthbearer.header.urlencode = false
	sasl.oauthbearer.jwks.endpoint.refresh.ms = 3600000
	sasl.oauthbearer.jwks.endpoint.retry.backoff.max.ms = 10000
	sasl.oauthbearer.jwks.endpoint.retry.backoff.ms = 100
	sasl.oauthbearer.jwks.endpoint.url = null
	sasl.oauthbearer.scope.claim.name = scope
	sasl.oauthbearer.sub.claim.name = sub
	sasl.oauthbearer.token.endpoint.url = null
	security.protocol = PLAINTEXT
	security.providers = null
	send.buffer.bytes = 131072
	socket.connection.setup.timeout.max.ms = 30000
	socket.connection.setup.timeout.ms = 10000
	ssl.cipher.suites = null
	ssl.enabled.protocols = [TLSv1.2, TLSv1.3]
	ssl.endpoint.identification.algorithm = https
	ssl.engine.factory.class = null
	ssl.key.password = null
	ssl.keymanager.algorithm = SunX509
	ssl.keystore.certificate.chain = null
	ssl.keystore.key = null
	ssl.keystore.location = null
	ssl.keystore.password = null
	ssl.keystore.type = JKS
	ssl.protocol = TLSv1.3
	ssl.provider = null
	ssl.secure.random.implementation = null
	ssl.trustmanager.algorithm = PKIX
	ssl.truststore.certificates = null
	ssl.truststore.location = null
	ssl.truststore.password = null
	ssl.truststore.type = JKS
	transaction.timeout.ms = 60000
	transactional.id = null
	value.serializer = class io.apicurio.registry.serde.avro.AvroKafkaSerializer

2025-07-31 02:23:40,299 INFO  [org.apa.kaf.com.tel.int.KafkaMetricsCollector] (main) initializing Kafka metrics collector
2025-07-31 02:23:40,304 INFO  [org.apa.kaf.cli.Metadata] (kafka-producer-network-thread | Producer-topic-a9a5227d_e691_4c1b_99bc_b90920c71002) [Producer clientId=Producer-topic-a9a5227d_e691_4c1b_99bc_b90920c71002] Cluster ID: EeXQRaomRg6j_8npZiTrIA
2025-07-31 02:23:40,306 INFO  [org.apa.kaf.cli.pro.KafkaProducer] (main) [Producer clientId=Producer-topic-9a4dcb52_e4c4_4b8d_b503_4a0da40376f1] Instantiated an idempotent producer.
2025-07-31 02:23:40,306 INFO  [org.apa.kaf.cli.pro.int.TransactionManager] (kafka-producer-network-thread | Producer-topic-a9a5227d_e691_4c1b_99bc_b90920c71002) [Producer clientId=Producer-topic-a9a5227d_e691_4c1b_99bc_b90920c71002] ProducerId set to 20 with epoch 0
2025-07-31 02:23:40,307 INFO  [org.apa.kaf.cli.pro.ProducerConfig] (main) These configurations '[apicurio.registry.url, apicurio.registry.artifact-resolver-strategy]' were supplied but are not used yet.
2025-07-31 02:23:40,308 INFO  [org.apa.kaf.com.uti.AppInfoParser] (main) Kafka version: 3.9.0
2025-07-31 02:23:40,308 INFO  [org.apa.kaf.com.uti.AppInfoParser] (main) Kafka commitId: 84caaa6e9da06435
2025-07-31 02:23:40,308 INFO  [org.apa.kaf.com.uti.AppInfoParser] (main) Kafka startTimeMs: 1753928620308
2025-07-31 02:23:40,308 INFO  [org.apa.kaf.cli.con.ConsumerConfig] (main) ConsumerConfig values: 
	allow.auto.create.topics = true
	auto.commit.interval.ms = 500
	auto.include.jmx.reporter = true
	auto.offset.reset = earliest
	bootstrap.servers = [PLAINTEXT://localhost:32770]
	check.crcs = true
	client.dns.lookup = use_all_dns_ips
	client.id = consumer-Consumer-topic-2b80204f_1756_47ac_af21_350609712004-14
	client.rack = 
	connections.max.idle.ms = 10000
	default.api.timeout.ms = 60000
	enable.auto.commit = true
	enable.metrics.push = true
	exclude.internal.topics = true
	fetch.max.bytes = 52428800
	fetch.max.wait.ms = 500
	fetch.min.bytes = 1
	group.id = Consumer-topic-2b80204f_1756_47ac_af21_350609712004
	group.instance.id = null
	group.protocol = classic
	group.remote.assignor = null
	heartbeat.interval.ms = 3000
	interceptor.classes = []
	internal.leave.group.on.close = true
	internal.throw.on.fetch.stable.offset.unsupported = false
	isolation.level = read_uncommitted
	key.deserializer = class org.apache.kafka.common.serialization.StringDeserializer
	max.partition.fetch.bytes = 1048576
	max.poll.interval.ms = 300000
	max.poll.records = 500
	metadata.max.age.ms = 300000
	metadata.recovery.strategy = none
	metric.reporters = []
	metrics.num.samples = 2
	metrics.recording.level = INFO
	metrics.sample.window.ms = 30000
	partition.assignment.strategy = [class org.apache.kafka.clients.consumer.RangeAssignor, class org.apache.kafka.clients.consumer.CooperativeStickyAssignor]
	receive.buffer.bytes = 65536
	reconnect.backoff.max.ms = 1000
	reconnect.backoff.ms = 50
	request.timeout.ms = 5000
	retry.backoff.max.ms = 1000
	retry.backoff.ms = 100
	sasl.client.callback.handler.class = null
	sasl.jaas.config = null
	sasl.kerberos.kinit.cmd = /usr/bin/kinit
	sasl.kerberos.min.time.before.relogin = 60000
	sasl.kerberos.service.name = null
	sasl.kerberos.ticket.renew.jitter = 0.05
	sasl.kerberos.ticket.renew.window.factor = 0.8
	sasl.login.callback.handler.class = null
	sasl.login.class = null
	sasl.login.connect.timeout.ms = null
	sasl.login.read.timeout.ms = null
	sasl.login.refresh.buffer.seconds = 300
	sasl.login.refresh.min.period.seconds = 60
	sasl.login.refresh.window.factor = 0.8
	sasl.login.refresh.window.jitter = 0.05
	sasl.login.retry.backoff.max.ms = 10000
	sasl.login.retry.backoff.ms = 100
	sasl.mechanism = GSSAPI
	sasl.oauthbearer.clock.skew.seconds = 30
	sasl.oauthbearer.expected.audience = null
	sasl.oauthbearer.expected.issuer = null
	sasl.oauthbearer.header.urlencode = false
	sasl.oauthbearer.jwks.endpoint.refresh.ms = 3600000
	sasl.oauthbearer.jwks.endpoint.retry.backoff.max.ms = 10000
	sasl.oauthbearer.jwks.endpoint.retry.backoff.ms = 100
	sasl.oauthbearer.jwks.endpoint.url = null
	sasl.oauthbearer.scope.claim.name = scope
	sasl.oauthbearer.sub.claim.name = sub
	sasl.oauthbearer.token.endpoint.url = null
	security.protocol = PLAINTEXT
	security.providers = null
	send.buffer.bytes = 131072
	session.timeout.ms = 45000
	socket.connection.setup.timeout.max.ms = 30000
	socket.connection.setup.timeout.ms = 10000
	ssl.cipher.suites = null
	ssl.enabled.protocols = [TLSv1.2, TLSv1.3]
	ssl.endpoint.identification.algorithm = https
	ssl.engine.factory.class = null
	ssl.key.password = null
	ssl.keymanager.algorithm = SunX509
	ssl.keystore.certificate.chain = null
	ssl.keystore.key = null
	ssl.keystore.location = null
	ssl.keystore.password = null
	ssl.keystore.type = JKS
	ssl.protocol = TLSv1.3
	ssl.provider = null
	ssl.secure.random.implementation = null
	ssl.trustmanager.algorithm = PKIX
	ssl.truststore.certificates = null
	ssl.truststore.location = null
	ssl.truststore.password = null
	ssl.truststore.type = JKS
	value.deserializer = class io.apicurio.registry.serde.avro.AvroKafkaDeserializer

2025-07-31 02:23:40,308 INFO  [org.apa.kaf.com.tel.int.KafkaMetricsCollector] (main) initializing Kafka metrics collector
2025-07-31 02:23:40,321 INFO  [org.apa.kaf.cli.Metadata] (kafka-producer-network-thread | Producer-topic-9a4dcb52_e4c4_4b8d_b503_4a0da40376f1) [Producer clientId=Producer-topic-9a4dcb52_e4c4_4b8d_b503_4a0da40376f1] Cluster ID: EeXQRaomRg6j_8npZiTrIA
2025-07-31 02:23:40,321 INFO  [org.apa.kaf.cli.pro.int.TransactionManager] (kafka-producer-network-thread | Producer-topic-9a4dcb52_e4c4_4b8d_b503_4a0da40376f1) [Producer clientId=Producer-topic-9a4dcb52_e4c4_4b8d_b503_4a0da40376f1] ProducerId set to 21 with epoch 0
2025-07-31 02:23:40,321 INFO  [org.apa.kaf.cli.con.ConsumerConfig] (main) These configurations '[apicurio.registry.url]' were supplied but are not used yet.
2025-07-31 02:23:40,321 INFO  [org.apa.kaf.com.uti.AppInfoParser] (main) Kafka version: 3.9.0
2025-07-31 02:23:40,321 INFO  [org.apa.kaf.com.uti.AppInfoParser] (main) Kafka commitId: 84caaa6e9da06435
2025-07-31 02:23:40,321 INFO  [org.apa.kaf.com.uti.AppInfoParser] (main) Kafka startTimeMs: 1753928620321
2025-07-31 02:23:40,322 INFO  [org.apa.kaf.cli.con.ConsumerConfig] (main) ConsumerConfig values: 
	allow.auto.create.topics = true
	auto.commit.interval.ms = 500
	auto.include.jmx.reporter = true
	auto.offset.reset = earliest
	bootstrap.servers = [PLAINTEXT://localhost:32770]
	check.crcs = true
	client.dns.lookup = use_all_dns_ips
	client.id = consumer-Consumer-topic-a9a5227d_e691_4c1b_99bc_b90920c71002-15
	client.rack = 
	connections.max.idle.ms = 10000
	default.api.timeout.ms = 60000
	enable.auto.commit = true
	enable.metrics.push = true
	exclude.internal.topics = true
	fetch.max.bytes = 52428800
	fetch.max.wait.ms = 500
	fetch.min.bytes = 1
	group.id = Consumer-topic-a9a5227d_e691_4c1b_99bc_b90920c71002
	group.instance.id = null
	group.protocol = classic
	group.remote.assignor = null
	heartbeat.interval.ms = 3000
	interceptor.classes = []
	internal.leave.group.on.close = true
	internal.throw.on.fetch.stable.offset.unsupported = false
	isolation.level = read_uncommitted
	key.deserializer = class org.apache.kafka.common.serialization.StringDeserializer
	max.partition.fetch.bytes = 1048576
	max.poll.interval.ms = 300000
	max.poll.records = 500
	metadata.max.age.ms = 300000
	metadata.recovery.strategy = none
	metric.reporters = []
	metrics.num.samples = 2
	metrics.recording.level = INFO
	metrics.sample.window.ms = 30000
	partition.assignment.strategy = [class org.apache.kafka.clients.consumer.RangeAssignor, class org.apache.kafka.clients.consumer.CooperativeStickyAssignor]
	receive.buffer.bytes = 65536
	reconnect.backoff.max.ms = 1000
	reconnect.backoff.ms = 50
	request.timeout.ms = 5000
	retry.backoff.max.ms = 1000
	retry.backoff.ms = 100
	sasl.client.callback.handler.class = null
	sasl.jaas.config = null
	sasl.kerberos.kinit.cmd = /usr/bin/kinit
	sasl.kerberos.min.time.before.relogin = 60000
	sasl.kerberos.service.name = null
	sasl.kerberos.ticket.renew.jitter = 0.05
	sasl.kerberos.ticket.renew.window.factor = 0.8
	sasl.login.callback.handler.class = null
	sasl.login.class = null
	sasl.login.connect.timeout.ms = null
	sasl.login.read.timeout.ms = null
	sasl.login.refresh.buffer.seconds = 300
	sasl.login.refresh.min.period.seconds = 60
	sasl.login.refresh.window.factor = 0.8
	sasl.login.refresh.window.jitter = 0.05
	sasl.login.retry.backoff.max.ms = 10000
	sasl.login.retry.backoff.ms = 100
	sasl.mechanism = GSSAPI
	sasl.oauthbearer.clock.skew.seconds = 30
	sasl.oauthbearer.expected.audience = null
	sasl.oauthbearer.expected.issuer = null
	sasl.oauthbearer.header.urlencode = false
	sasl.oauthbearer.jwks.endpoint.refresh.ms = 3600000
	sasl.oauthbearer.jwks.endpoint.retry.backoff.max.ms = 10000
	sasl.oauthbearer.jwks.endpoint.retry.backoff.ms = 100
	sasl.oauthbearer.jwks.endpoint.url = null
	sasl.oauthbearer.scope.claim.name = scope
	sasl.oauthbearer.sub.claim.name = sub
	sasl.oauthbearer.token.endpoint.url = null
	security.protocol = PLAINTEXT
	security.providers = null
	send.buffer.bytes = 131072
	session.timeout.ms = 45000
	socket.connection.setup.timeout.max.ms = 30000
	socket.connection.setup.timeout.ms = 10000
	ssl.cipher.suites = null
	ssl.enabled.protocols = [TLSv1.2, TLSv1.3]
	ssl.endpoint.identification.algorithm = https
	ssl.engine.factory.class = null
	ssl.key.password = null
	ssl.keymanager.algorithm = SunX509
	ssl.keystore.certificate.chain = null
	ssl.keystore.key = null
	ssl.keystore.location = null
	ssl.keystore.password = null
	ssl.keystore.type = JKS
	ssl.protocol = TLSv1.3
	ssl.provider = null
	ssl.secure.random.implementation = null
	ssl.trustmanager.algorithm = PKIX
	ssl.truststore.certificates = null
	ssl.truststore.location = null
	ssl.truststore.password = null
	ssl.truststore.type = JKS
	value.deserializer = class io.apicurio.registry.serde.avro.AvroKafkaDeserializer

2025-07-31 02:23:40,322 INFO  [org.apa.kaf.com.tel.int.KafkaMetricsCollector] (main) initializing Kafka metrics collector
2025-07-31 02:23:40,327 INFO  [org.apa.kaf.cli.con.ConsumerConfig] (main) These configurations '[apicurio.registry.url]' were supplied but are not used yet.
2025-07-31 02:23:40,327 INFO  [org.apa.kaf.com.uti.AppInfoParser] (main) Kafka version: 3.9.0
2025-07-31 02:23:40,327 INFO  [org.apa.kaf.com.uti.AppInfoParser] (main) Kafka commitId: 84caaa6e9da06435
2025-07-31 02:23:40,327 INFO  [org.apa.kaf.com.uti.AppInfoParser] (main) Kafka startTimeMs: 1753928620327
2025-07-31 02:23:40,327 INFO  [org.apa.kaf.cli.con.ConsumerConfig] (main) ConsumerConfig values: 
	allow.auto.create.topics = true
	auto.commit.interval.ms = 500
	auto.include.jmx.reporter = true
	auto.offset.reset = earliest
	bootstrap.servers = [PLAINTEXT://localhost:32770]
	check.crcs = true
	client.dns.lookup = use_all_dns_ips
	client.id = consumer-Consumer-topic-9a4dcb52_e4c4_4b8d_b503_4a0da40376f1-16
	client.rack = 
	connections.max.idle.ms = 10000
	default.api.timeout.ms = 60000
	enable.auto.commit = true
	enable.metrics.push = true
	exclude.internal.topics = true
	fetch.max.bytes = 52428800
	fetch.max.wait.ms = 500
	fetch.min.bytes = 1
	group.id = Consumer-topic-9a4dcb52_e4c4_4b8d_b503_4a0da40376f1
	group.instance.id = null
	group.protocol = classic
	group.remote.assignor = null
	heartbeat.interval.ms = 3000
	interceptor.classes = []
	internal.leave.group.on.close = true
	internal.throw.on.fetch.stable.offset.unsupported = false
	isolation.level = read_uncommitted
	key.deserializer = class org.apache.kafka.common.serialization.StringDeserializer
	max.partition.fetch.bytes = 1048576
	max.poll.interval.ms = 300000
	max.poll.records = 500
	metadata.max.age.ms = 300000
	metadata.recovery.strategy = none
	metric.reporters = []
	metrics.num.samples = 2
	metrics.recording.level = INFO
	metrics.sample.window.ms = 30000
	partition.assignment.strategy = [class org.apache.kafka.clients.consumer.RangeAssignor, class org.apache.kafka.clients.consumer.CooperativeStickyAssignor]
	receive.buffer.bytes = 65536
	reconnect.backoff.max.ms = 1000
	reconnect.backoff.ms = 50
	request.timeout.ms = 5000
	retry.backoff.max.ms = 1000
	retry.backoff.ms = 100
	sasl.client.callback.handler.class = null
	sasl.jaas.config = null
	sasl.kerberos.kinit.cmd = /usr/bin/kinit
	sasl.kerberos.min.time.before.relogin = 60000
	sasl.kerberos.service.name = null
	sasl.kerberos.ticket.renew.jitter = 0.05
	sasl.kerberos.ticket.renew.window.factor = 0.8
	sasl.login.callback.handler.class = null
	sasl.login.class = null
	sasl.login.connect.timeout.ms = null
	sasl.login.read.timeout.ms = null
	sasl.login.refresh.buffer.seconds = 300
	sasl.login.refresh.min.period.seconds = 60
	sasl.login.refresh.window.factor = 0.8
	sasl.login.refresh.window.jitter = 0.05
	sasl.login.retry.backoff.max.ms = 10000
	sasl.login.retry.backoff.ms = 100
	sasl.mechanism = GSSAPI
	sasl.oauthbearer.clock.skew.seconds = 30
	sasl.oauthbearer.expected.audience = null
	sasl.oauthbearer.expected.issuer = null
	sasl.oauthbearer.header.urlencode = false
	sasl.oauthbearer.jwks.endpoint.refresh.ms = 3600000
	sasl.oauthbearer.jwks.endpoint.retry.backoff.max.ms = 10000
	sasl.oauthbearer.jwks.endpoint.retry.backoff.ms = 100
	sasl.oauthbearer.jwks.endpoint.url = null
	sasl.oauthbearer.scope.claim.name = scope
	sasl.oauthbearer.sub.claim.name = sub
	sasl.oauthbearer.token.endpoint.url = null
	security.protocol = PLAINTEXT
	security.providers = null
	send.buffer.bytes = 131072
	session.timeout.ms = 45000
	socket.connection.setup.timeout.max.ms = 30000
	socket.connection.setup.timeout.ms = 10000
	ssl.cipher.suites = null
	ssl.enabled.protocols = [TLSv1.2, TLSv1.3]
	ssl.endpoint.identification.algorithm = https
	ssl.engine.factory.class = null
	ssl.key.password = null
	ssl.keymanager.algorithm = SunX509
	ssl.keystore.certificate.chain = null
	ssl.keystore.key = null
	ssl.keystore.location = null
	ssl.keystore.password = null
	ssl.keystore.type = JKS
	ssl.protocol = TLSv1.3
	ssl.provider = null
	ssl.secure.random.implementation = null
	ssl.trustmanager.algorithm = PKIX
	ssl.truststore.certificates = null
	ssl.truststore.location = null
	ssl.truststore.password = null
	ssl.truststore.type = JKS
	value.deserializer = class io.apicurio.registry.serde.avro.AvroKafkaDeserializer

2025-07-31 02:23:40,327 INFO  [org.apa.kaf.com.tel.int.KafkaMetricsCollector] (main) initializing Kafka metrics collector
2025-07-31 02:23:40,331 INFO  [org.apa.kaf.cli.con.ConsumerConfig] (main) These configurations '[apicurio.registry.url]' were supplied but are not used yet.
2025-07-31 02:23:40,331 INFO  [org.apa.kaf.com.uti.AppInfoParser] (main) Kafka version: 3.9.0
2025-07-31 02:23:40,331 INFO  [org.apa.kaf.com.uti.AppInfoParser] (main) Kafka commitId: 84caaa6e9da06435
2025-07-31 02:23:40,331 INFO  [org.apa.kaf.com.uti.AppInfoParser] (main) Kafka startTimeMs: 1753928620331
2025-07-31 02:23:40,331 INFO  [io.api.tes.ser.api.KafkaSerdesTester] (Thread-233) Sending message {"key11753928619188": "value-0"} to topic topic-2b80204f_1756_47ac_af21_350609712004
2025-07-31 02:23:40,336 INFO  [DefaultSchemaResolver] (Thread-233) Retrieving schema content using string: {"type":"record","name":"myrecordconfluent","fields":[{"name":"key11753928619188","type":"string"}]}
2025-07-31 02:23:40,392 INFO  [io.api.tes.ser.api.KafkaSerdesTester] (Thread-233) Sending message {"key11753928619188": "value-1"} to topic topic-2b80204f_1756_47ac_af21_350609712004
2025-07-31 02:23:40,394 INFO  [io.api.tes.ser.api.KafkaSerdesTester] (Thread-233) Sending message {"key11753928619188": "value-2"} to topic topic-2b80204f_1756_47ac_af21_350609712004
2025-07-31 02:23:40,396 INFO  [io.api.tes.ser.api.KafkaSerdesTester] (Thread-233) Sending message {"key11753928619188": "value-3"} to topic topic-2b80204f_1756_47ac_af21_350609712004
2025-07-31 02:23:40,398 INFO  [io.api.tes.ser.api.KafkaSerdesTester] (Thread-233) Sending message {"key11753928619188": "value-4"} to topic topic-2b80204f_1756_47ac_af21_350609712004
2025-07-31 02:23:40,406 INFO  [io.api.tes.ser.api.KafkaSerdesTester] (Thread-233) Sending message {"key11753928619188": "value-5"} to topic topic-2b80204f_1756_47ac_af21_350609712004
2025-07-31 02:23:40,412 INFO  [io.api.tes.ser.api.KafkaSerdesTester] (Thread-233) Sending message {"key11753928619188": "value-6"} to topic topic-2b80204f_1756_47ac_af21_350609712004
2025-07-31 02:23:40,414 INFO  [io.api.tes.ser.api.KafkaSerdesTester] (Thread-233) Sending message {"key11753928619188": "value-7"} to topic topic-2b80204f_1756_47ac_af21_350609712004
2025-07-31 02:23:40,416 INFO  [io.api.tes.ser.api.KafkaSerdesTester] (Thread-233) Sending message {"key11753928619188": "value-8"} to topic topic-2b80204f_1756_47ac_af21_350609712004
2025-07-31 02:23:40,418 INFO  [io.api.tes.ser.api.KafkaSerdesTester] (Thread-233) Sending message {"key11753928619188": "value-9"} to topic topic-2b80204f_1756_47ac_af21_350609712004
2025-07-31 02:23:40,421 INFO  [io.api.tes.ser.api.KafkaSerdesTester] (Thread-233) Produced 10 messages
2025-07-31 02:23:40,421 INFO  [org.apa.kaf.cli.pro.KafkaProducer] (Thread-233) [Producer clientId=Producer-topic-2b80204f_1756_47ac_af21_350609712004] Closing the Kafka producer with timeoutMillis = 9223372036854775807 ms.
2025-07-31 02:23:40,424 INFO  [org.apa.kaf.com.met.Metrics] (Thread-233) Metrics scheduler closed
2025-07-31 02:23:40,424 INFO  [org.apa.kaf.com.met.Metrics] (Thread-233) Closing reporter org.apache.kafka.common.metrics.JmxReporter
2025-07-31 02:23:40,424 INFO  [org.apa.kaf.com.met.Metrics] (Thread-233) Closing reporter org.apache.kafka.common.telemetry.internals.ClientTelemetryReporter
2025-07-31 02:23:40,424 INFO  [org.apa.kaf.com.met.Metrics] (Thread-233) Metrics reporters closed
2025-07-31 02:23:40,424 INFO  [org.apa.kaf.com.uti.AppInfoParser] (Thread-233) App info kafka.producer for Producer-topic-2b80204f_1756_47ac_af21_350609712004 unregistered
2025-07-31 02:23:40,426 INFO  [io.api.tes.ser.api.KafkaSerdesTester] (Thread-234) Sending message {"key11753928619188": "value-0"} to topic topic-a9a5227d_e691_4c1b_99bc_b90920c71002
2025-07-31 02:23:40,430 INFO  [DefaultSchemaResolver] (Thread-234) Retrieving schema content using string: {"type":"record","name":"myrecordconfluent","fields":[{"name":"key11753928619188","type":"string"}]}
2025-07-31 02:23:40,485 INFO  [io.api.tes.ser.api.KafkaSerdesTester] (Thread-234) Sending message {"key11753928619188": "value-1"} to topic topic-a9a5227d_e691_4c1b_99bc_b90920c71002
2025-07-31 02:23:40,487 INFO  [io.api.tes.ser.api.KafkaSerdesTester] (Thread-234) Sending message {"key11753928619188": "value-2"} to topic topic-a9a5227d_e691_4c1b_99bc_b90920c71002
2025-07-31 02:23:40,491 INFO  [io.api.tes.ser.api.KafkaSerdesTester] (Thread-234) Sending message {"key11753928619188": "value-3"} to topic topic-a9a5227d_e691_4c1b_99bc_b90920c71002
2025-07-31 02:23:40,492 INFO  [io.api.tes.ser.api.KafkaSerdesTester] (Thread-234) Sending message {"key11753928619188": "value-4"} to topic topic-a9a5227d_e691_4c1b_99bc_b90920c71002
2025-07-31 02:23:40,494 INFO  [io.api.tes.ser.api.KafkaSerdesTester] (Thread-234) Sending message {"key11753928619188": "value-5"} to topic topic-a9a5227d_e691_4c1b_99bc_b90920c71002
2025-07-31 02:23:40,496 INFO  [io.api.tes.ser.api.KafkaSerdesTester] (Thread-234) Sending message {"key11753928619188": "value-6"} to topic topic-a9a5227d_e691_4c1b_99bc_b90920c71002
2025-07-31 02:23:40,497 INFO  [io.api.tes.ser.api.KafkaSerdesTester] (Thread-234) Sending message {"key11753928619188": "value-7"} to topic topic-a9a5227d_e691_4c1b_99bc_b90920c71002
2025-07-31 02:23:40,498 INFO  [io.api.tes.ser.api.KafkaSerdesTester] (Thread-234) Sending message {"key11753928619188": "value-8"} to topic topic-a9a5227d_e691_4c1b_99bc_b90920c71002
2025-07-31 02:23:40,499 INFO  [io.api.tes.ser.api.KafkaSerdesTester] (Thread-234) Sending message {"key11753928619188": "value-9"} to topic topic-a9a5227d_e691_4c1b_99bc_b90920c71002
2025-07-31 02:23:40,500 INFO  [io.api.tes.ser.api.KafkaSerdesTester] (Thread-234) Produced 10 messages
2025-07-31 02:23:40,500 INFO  [org.apa.kaf.cli.pro.KafkaProducer] (Thread-234) [Producer clientId=Producer-topic-a9a5227d_e691_4c1b_99bc_b90920c71002] Closing the Kafka producer with timeoutMillis = 9223372036854775807 ms.
2025-07-31 02:23:40,501 INFO  [org.apa.kaf.com.met.Metrics] (Thread-234) Metrics scheduler closed
2025-07-31 02:23:40,501 INFO  [org.apa.kaf.com.met.Metrics] (Thread-234) Closing reporter org.apache.kafka.common.metrics.JmxReporter
2025-07-31 02:23:40,501 INFO  [org.apa.kaf.com.met.Metrics] (Thread-234) Closing reporter org.apache.kafka.common.telemetry.internals.ClientTelemetryReporter
2025-07-31 02:23:40,501 INFO  [org.apa.kaf.com.met.Metrics] (Thread-234) Metrics reporters closed
2025-07-31 02:23:40,502 INFO  [org.apa.kaf.com.uti.AppInfoParser] (Thread-234) App info kafka.producer for Producer-topic-a9a5227d_e691_4c1b_99bc_b90920c71002 unregistered
2025-07-31 02:23:40,503 INFO  [io.api.tes.ser.api.KafkaSerdesTester] (Thread-235) Sending message {"key11753928619188": "value-0"} to topic topic-9a4dcb52_e4c4_4b8d_b503_4a0da40376f1
2025-07-31 02:23:40,507 INFO  [DefaultSchemaResolver] (Thread-235) Retrieving schema content using string: {"type":"record","name":"myrecordconfluent","fields":[{"name":"key11753928619188","type":"string"}]}
2025-07-31 02:23:40,570 INFO  [io.api.tes.ser.api.KafkaSerdesTester] (Thread-235) Sending message {"key11753928619188": "value-1"} to topic topic-9a4dcb52_e4c4_4b8d_b503_4a0da40376f1
2025-07-31 02:23:40,572 INFO  [io.api.tes.ser.api.KafkaSerdesTester] (Thread-235) Sending message {"key11753928619188": "value-2"} to topic topic-9a4dcb52_e4c4_4b8d_b503_4a0da40376f1
2025-07-31 02:23:40,573 INFO  [io.api.tes.ser.api.KafkaSerdesTester] (Thread-235) Sending message {"key11753928619188": "value-3"} to topic topic-9a4dcb52_e4c4_4b8d_b503_4a0da40376f1
2025-07-31 02:23:40,575 INFO  [io.api.tes.ser.api.KafkaSerdesTester] (Thread-235) Sending message {"key11753928619188": "value-4"} to topic topic-9a4dcb52_e4c4_4b8d_b503_4a0da40376f1
2025-07-31 02:23:40,576 INFO  [io.api.tes.ser.api.KafkaSerdesTester] (Thread-235) Sending message {"key11753928619188": "value-5"} to topic topic-9a4dcb52_e4c4_4b8d_b503_4a0da40376f1
2025-07-31 02:23:40,577 INFO  [io.api.tes.ser.api.KafkaSerdesTester] (Thread-235) Sending message {"key11753928619188": "value-6"} to topic topic-9a4dcb52_e4c4_4b8d_b503_4a0da40376f1
2025-07-31 02:23:40,578 INFO  [io.api.tes.ser.api.KafkaSerdesTester] (Thread-235) Sending message {"key11753928619188": "value-7"} to topic topic-9a4dcb52_e4c4_4b8d_b503_4a0da40376f1
2025-07-31 02:23:40,579 INFO  [io.api.tes.ser.api.KafkaSerdesTester] (Thread-235) Sending message {"key11753928619188": "value-8"} to topic topic-9a4dcb52_e4c4_4b8d_b503_4a0da40376f1
2025-07-31 02:23:40,580 INFO  [io.api.tes.ser.api.KafkaSerdesTester] (Thread-235) Sending message {"key11753928619188": "value-9"} to topic topic-9a4dcb52_e4c4_4b8d_b503_4a0da40376f1
2025-07-31 02:23:40,585 INFO  [io.api.tes.ser.api.KafkaSerdesTester] (Thread-235) Produced 10 messages
2025-07-31 02:23:40,585 INFO  [org.apa.kaf.cli.pro.KafkaProducer] (Thread-235) [Producer clientId=Producer-topic-9a4dcb52_e4c4_4b8d_b503_4a0da40376f1] Closing the Kafka producer with timeoutMillis = 9223372036854775807 ms.
2025-07-31 02:23:40,588 INFO  [org.apa.kaf.com.met.Metrics] (Thread-235) Metrics scheduler closed
2025-07-31 02:23:40,588 INFO  [org.apa.kaf.com.met.Metrics] (Thread-235) Closing reporter org.apache.kafka.common.metrics.JmxReporter
2025-07-31 02:23:40,588 INFO  [org.apa.kaf.com.met.Metrics] (Thread-235) Closing reporter org.apache.kafka.common.telemetry.internals.ClientTelemetryReporter
2025-07-31 02:23:40,588 INFO  [org.apa.kaf.com.met.Metrics] (Thread-235) Metrics reporters closed
2025-07-31 02:23:40,588 INFO  [org.apa.kaf.com.uti.AppInfoParser] (Thread-235) App info kafka.producer for Producer-topic-9a4dcb52_e4c4_4b8d_b503_4a0da40376f1 unregistered
2025-07-31 02:23:40,589 INFO  [org.apa.kaf.cli.con.int.ClassicKafkaConsumer] (Thread-236) [Consumer clientId=consumer-Consumer-topic-2b80204f_1756_47ac_af21_350609712004-14, groupId=Consumer-topic-2b80204f_1756_47ac_af21_350609712004] Subscribed to topic(s): topic-2b80204f_1756_47ac_af21_350609712004
2025-07-31 02:23:40,597 INFO  [org.apa.kaf.cli.Metadata] (Thread-236) [Consumer clientId=consumer-Consumer-topic-2b80204f_1756_47ac_af21_350609712004-14, groupId=Consumer-topic-2b80204f_1756_47ac_af21_350609712004] Cluster ID: EeXQRaomRg6j_8npZiTrIA
2025-07-31 02:23:40,598 INFO  [org.apa.kaf.cli.con.int.ConsumerCoordinator] (Thread-236) [Consumer clientId=consumer-Consumer-topic-2b80204f_1756_47ac_af21_350609712004-14, groupId=Consumer-topic-2b80204f_1756_47ac_af21_350609712004] Discovered group coordinator localhost:32770 (id: 2147483647 rack: null)
2025-07-31 02:23:40,600 INFO  [org.apa.kaf.cli.con.int.ConsumerCoordinator] (Thread-236) [Consumer clientId=consumer-Consumer-topic-2b80204f_1756_47ac_af21_350609712004-14, groupId=Consumer-topic-2b80204f_1756_47ac_af21_350609712004] (Re-)joining group
2025-07-31 02:23:40,605 INFO  [org.apa.kaf.cli.con.int.ConsumerCoordinator] (Thread-236) [Consumer clientId=consumer-Consumer-topic-2b80204f_1756_47ac_af21_350609712004-14, groupId=Consumer-topic-2b80204f_1756_47ac_af21_350609712004] Request joining group due to: need to re-join with the given member-id: consumer-Consumer-topic-2b80204f_1756_47ac_af21_350609712004-14-0bd99696-eb03-4406-83d9-9a6c7cd60a74
2025-07-31 02:23:40,607 INFO  [org.apa.kaf.cli.con.int.ConsumerCoordinator] (Thread-236) [Consumer clientId=consumer-Consumer-topic-2b80204f_1756_47ac_af21_350609712004-14, groupId=Consumer-topic-2b80204f_1756_47ac_af21_350609712004] (Re-)joining group
2025-07-31 02:23:40,609 INFO  [org.apa.kaf.cli.con.int.ConsumerCoordinator] (Thread-236) [Consumer clientId=consumer-Consumer-topic-2b80204f_1756_47ac_af21_350609712004-14, groupId=Consumer-topic-2b80204f_1756_47ac_af21_350609712004] Successfully joined group with generation Generation{generationId=1, memberId='consumer-Consumer-topic-2b80204f_1756_47ac_af21_350609712004-14-0bd99696-eb03-4406-83d9-9a6c7cd60a74', protocol='range'}
2025-07-31 02:23:40,609 INFO  [org.apa.kaf.cli.con.int.ConsumerCoordinator] (Thread-236) [Consumer clientId=consumer-Consumer-topic-2b80204f_1756_47ac_af21_350609712004-14, groupId=Consumer-topic-2b80204f_1756_47ac_af21_350609712004] Finished assignment for group at generation 1: {consumer-Consumer-topic-2b80204f_1756_47ac_af21_350609712004-14-0bd99696-eb03-4406-83d9-9a6c7cd60a74=Assignment(partitions=[topic-2b80204f_1756_47ac_af21_350609712004-0])}
2025-07-31 02:23:40,612 INFO  [org.apa.kaf.cli.con.int.ConsumerCoordinator] (Thread-236) [Consumer clientId=consumer-Consumer-topic-2b80204f_1756_47ac_af21_350609712004-14, groupId=Consumer-topic-2b80204f_1756_47ac_af21_350609712004] Successfully synced group in generation Generation{generationId=1, memberId='consumer-Consumer-topic-2b80204f_1756_47ac_af21_350609712004-14-0bd99696-eb03-4406-83d9-9a6c7cd60a74', protocol='range'}
2025-07-31 02:23:40,613 INFO  [org.apa.kaf.cli.con.int.ConsumerCoordinator] (Thread-236) [Consumer clientId=consumer-Consumer-topic-2b80204f_1756_47ac_af21_350609712004-14, groupId=Consumer-topic-2b80204f_1756_47ac_af21_350609712004] Notifying assignor about the new Assignment(partitions=[topic-2b80204f_1756_47ac_af21_350609712004-0])
2025-07-31 02:23:40,613 INFO  [org.apa.kaf.cli.con.int.ConsumerRebalanceListenerInvoker] (Thread-236) [Consumer clientId=consumer-Consumer-topic-2b80204f_1756_47ac_af21_350609712004-14, groupId=Consumer-topic-2b80204f_1756_47ac_af21_350609712004] Adding newly assigned partitions: topic-2b80204f_1756_47ac_af21_350609712004-0
2025-07-31 02:23:40,614 INFO  [org.apa.kaf.cli.con.int.ConsumerCoordinator] (Thread-236) [Consumer clientId=consumer-Consumer-topic-2b80204f_1756_47ac_af21_350609712004-14, groupId=Consumer-topic-2b80204f_1756_47ac_af21_350609712004] Found no committed offset for partition topic-2b80204f_1756_47ac_af21_350609712004-0
2025-07-31 02:23:40,619 INFO  [org.apa.kaf.cli.con.int.SubscriptionState] (Thread-236) [Consumer clientId=consumer-Consumer-topic-2b80204f_1756_47ac_af21_350609712004-14, groupId=Consumer-topic-2b80204f_1756_47ac_af21_350609712004] Resetting offset for partition topic-2b80204f_1756_47ac_af21_350609712004-0 to position FetchPosition{offset=0, offsetEpoch=Optional.empty, currentLeader=LeaderAndEpoch{leader=Optional[localhost:32770 (id: 0 rack: null)], epoch=0}}.
2025-07-31 02:23:40,705 INFO  [io.api.tes.ser.api.KafkaSerdesTester] (Thread-236) topic-2b80204f_1756_47ac_af21_350609712004 0 0 {"key11753928619188": "value-0"}
2025-07-31 02:23:40,705 INFO  [io.api.tes.ser.api.KafkaSerdesTester] (Thread-236) topic-2b80204f_1756_47ac_af21_350609712004 0 1 {"key11753928619188": "value-1"}
2025-07-31 02:23:40,705 INFO  [io.api.tes.ser.api.KafkaSerdesTester] (Thread-236) topic-2b80204f_1756_47ac_af21_350609712004 0 2 {"key11753928619188": "value-2"}
2025-07-31 02:23:40,705 INFO  [io.api.tes.ser.api.KafkaSerdesTester] (Thread-236) topic-2b80204f_1756_47ac_af21_350609712004 0 3 {"key11753928619188": "value-3"}
2025-07-31 02:23:40,705 INFO  [io.api.tes.ser.api.KafkaSerdesTester] (Thread-236) topic-2b80204f_1756_47ac_af21_350609712004 0 4 {"key11753928619188": "value-4"}
2025-07-31 02:23:40,705 INFO  [io.api.tes.ser.api.KafkaSerdesTester] (Thread-236) topic-2b80204f_1756_47ac_af21_350609712004 0 5 {"key11753928619188": "value-5"}
2025-07-31 02:23:40,705 INFO  [io.api.tes.ser.api.KafkaSerdesTester] (Thread-236) topic-2b80204f_1756_47ac_af21_350609712004 0 6 {"key11753928619188": "value-6"}
2025-07-31 02:23:40,705 INFO  [io.api.tes.ser.api.KafkaSerdesTester] (Thread-236) topic-2b80204f_1756_47ac_af21_350609712004 0 7 {"key11753928619188": "value-7"}
2025-07-31 02:23:40,705 INFO  [io.api.tes.ser.api.KafkaSerdesTester] (Thread-236) topic-2b80204f_1756_47ac_af21_350609712004 0 8 {"key11753928619188": "value-8"}
2025-07-31 02:23:40,705 INFO  [io.api.tes.ser.api.KafkaSerdesTester] (Thread-236) topic-2b80204f_1756_47ac_af21_350609712004 0 9 {"key11753928619188": "value-9"}
2025-07-31 02:23:40,705 INFO  [io.api.tes.ser.api.KafkaSerdesTester] (Thread-236) Consumed 10 messages
2025-07-31 02:23:40,707 INFO  [org.apa.kaf.cli.con.int.ConsumerRebalanceListenerInvoker] (Thread-236) [Consumer clientId=consumer-Consumer-topic-2b80204f_1756_47ac_af21_350609712004-14, groupId=Consumer-topic-2b80204f_1756_47ac_af21_350609712004] Revoke previously assigned partitions topic-2b80204f_1756_47ac_af21_350609712004-0
2025-07-31 02:23:40,708 INFO  [org.apa.kaf.cli.con.int.ConsumerCoordinator] (Thread-236) [Consumer clientId=consumer-Consumer-topic-2b80204f_1756_47ac_af21_350609712004-14, groupId=Consumer-topic-2b80204f_1756_47ac_af21_350609712004] Member consumer-Consumer-topic-2b80204f_1756_47ac_af21_350609712004-14-0bd99696-eb03-4406-83d9-9a6c7cd60a74 sending LeaveGroup request to coordinator localhost:32770 (id: 2147483647 rack: null) due to the consumer is being closed
2025-07-31 02:23:40,708 INFO  [org.apa.kaf.cli.con.int.ConsumerCoordinator] (Thread-236) [Consumer clientId=consumer-Consumer-topic-2b80204f_1756_47ac_af21_350609712004-14, groupId=Consumer-topic-2b80204f_1756_47ac_af21_350609712004] Resetting generation and member id due to: consumer pro-actively leaving the group
2025-07-31 02:23:40,708 INFO  [org.apa.kaf.cli.con.int.ConsumerCoordinator] (Thread-236) [Consumer clientId=consumer-Consumer-topic-2b80204f_1756_47ac_af21_350609712004-14, groupId=Consumer-topic-2b80204f_1756_47ac_af21_350609712004] Request joining group due to: consumer pro-actively leaving the group
2025-07-31 02:23:41,210 INFO  [org.apa.kaf.com.met.Metrics] (Thread-236) Metrics scheduler closed
2025-07-31 02:23:41,210 INFO  [org.apa.kaf.com.met.Metrics] (Thread-236) Closing reporter org.apache.kafka.common.metrics.JmxReporter
2025-07-31 02:23:41,210 INFO  [org.apa.kaf.com.met.Metrics] (Thread-236) Closing reporter org.apache.kafka.common.telemetry.internals.ClientTelemetryReporter
2025-07-31 02:23:41,210 INFO  [org.apa.kaf.com.met.Metrics] (Thread-236) Metrics reporters closed
2025-07-31 02:23:41,214 INFO  [org.apa.kaf.com.uti.AppInfoParser] (Thread-236) App info kafka.consumer for consumer-Consumer-topic-2b80204f_1756_47ac_af21_350609712004-14 unregistered
2025-07-31 02:23:41,218 INFO  [org.apa.kaf.cli.con.int.ClassicKafkaConsumer] (Thread-237) [Consumer clientId=consumer-Consumer-topic-a9a5227d_e691_4c1b_99bc_b90920c71002-15, groupId=Consumer-topic-a9a5227d_e691_4c1b_99bc_b90920c71002] Subscribed to topic(s): topic-a9a5227d_e691_4c1b_99bc_b90920c71002
2025-07-31 02:23:41,223 INFO  [org.apa.kaf.cli.Metadata] (Thread-237) [Consumer clientId=consumer-Consumer-topic-a9a5227d_e691_4c1b_99bc_b90920c71002-15, groupId=Consumer-topic-a9a5227d_e691_4c1b_99bc_b90920c71002] Cluster ID: EeXQRaomRg6j_8npZiTrIA
2025-07-31 02:23:41,223 INFO  [org.apa.kaf.cli.con.int.ConsumerCoordinator] (Thread-237) [Consumer clientId=consumer-Consumer-topic-a9a5227d_e691_4c1b_99bc_b90920c71002-15, groupId=Consumer-topic-a9a5227d_e691_4c1b_99bc_b90920c71002] Discovered group coordinator localhost:32770 (id: 2147483647 rack: null)
2025-07-31 02:23:41,225 INFO  [org.apa.kaf.cli.con.int.ConsumerCoordinator] (Thread-237) [Consumer clientId=consumer-Consumer-topic-a9a5227d_e691_4c1b_99bc_b90920c71002-15, groupId=Consumer-topic-a9a5227d_e691_4c1b_99bc_b90920c71002] (Re-)joining group
2025-07-31 02:23:41,230 INFO  [org.apa.kaf.cli.con.int.ConsumerCoordinator] (Thread-237) [Consumer clientId=consumer-Consumer-topic-a9a5227d_e691_4c1b_99bc_b90920c71002-15, groupId=Consumer-topic-a9a5227d_e691_4c1b_99bc_b90920c71002] Request joining group due to: need to re-join with the given member-id: consumer-Consumer-topic-a9a5227d_e691_4c1b_99bc_b90920c71002-15-401f40e1-ffba-44a0-acef-33d15c0ba80d
2025-07-31 02:23:41,230 INFO  [org.apa.kaf.cli.con.int.ConsumerCoordinator] (Thread-237) [Consumer clientId=consumer-Consumer-topic-a9a5227d_e691_4c1b_99bc_b90920c71002-15, groupId=Consumer-topic-a9a5227d_e691_4c1b_99bc_b90920c71002] (Re-)joining group
2025-07-31 02:23:41,232 INFO  [org.apa.kaf.cli.con.int.ConsumerCoordinator] (Thread-237) [Consumer clientId=consumer-Consumer-topic-a9a5227d_e691_4c1b_99bc_b90920c71002-15, groupId=Consumer-topic-a9a5227d_e691_4c1b_99bc_b90920c71002] Successfully joined group with generation Generation{generationId=1, memberId='consumer-Consumer-topic-a9a5227d_e691_4c1b_99bc_b90920c71002-15-401f40e1-ffba-44a0-acef-33d15c0ba80d', protocol='range'}
2025-07-31 02:23:41,233 INFO  [org.apa.kaf.cli.con.int.ConsumerCoordinator] (Thread-237) [Consumer clientId=consumer-Consumer-topic-a9a5227d_e691_4c1b_99bc_b90920c71002-15, groupId=Consumer-topic-a9a5227d_e691_4c1b_99bc_b90920c71002] Finished assignment for group at generation 1: {consumer-Consumer-topic-a9a5227d_e691_4c1b_99bc_b90920c71002-15-401f40e1-ffba-44a0-acef-33d15c0ba80d=Assignment(partitions=[topic-a9a5227d_e691_4c1b_99bc_b90920c71002-0])}
2025-07-31 02:23:41,235 INFO  [org.apa.kaf.cli.con.int.ConsumerCoordinator] (Thread-237) [Consumer clientId=consumer-Consumer-topic-a9a5227d_e691_4c1b_99bc_b90920c71002-15, groupId=Consumer-topic-a9a5227d_e691_4c1b_99bc_b90920c71002] Successfully synced group in generation Generation{generationId=1, memberId='consumer-Consumer-topic-a9a5227d_e691_4c1b_99bc_b90920c71002-15-401f40e1-ffba-44a0-acef-33d15c0ba80d', protocol='range'}
2025-07-31 02:23:41,235 INFO  [org.apa.kaf.cli.con.int.ConsumerCoordinator] (Thread-237) [Consumer clientId=consumer-Consumer-topic-a9a5227d_e691_4c1b_99bc_b90920c71002-15, groupId=Consumer-topic-a9a5227d_e691_4c1b_99bc_b90920c71002] Notifying assignor about the new Assignment(partitions=[topic-a9a5227d_e691_4c1b_99bc_b90920c71002-0])
2025-07-31 02:23:41,235 INFO  [org.apa.kaf.cli.con.int.ConsumerRebalanceListenerInvoker] (Thread-237) [Consumer clientId=consumer-Consumer-topic-a9a5227d_e691_4c1b_99bc_b90920c71002-15, groupId=Consumer-topic-a9a5227d_e691_4c1b_99bc_b90920c71002] Adding newly assigned partitions: topic-a9a5227d_e691_4c1b_99bc_b90920c71002-0
2025-07-31 02:23:41,236 INFO  [org.apa.kaf.cli.con.int.ConsumerCoordinator] (Thread-237) [Consumer clientId=consumer-Consumer-topic-a9a5227d_e691_4c1b_99bc_b90920c71002-15, groupId=Consumer-topic-a9a5227d_e691_4c1b_99bc_b90920c71002] Found no committed offset for partition topic-a9a5227d_e691_4c1b_99bc_b90920c71002-0
2025-07-31 02:23:41,240 INFO  [org.apa.kaf.cli.con.int.SubscriptionState] (Thread-237) [Consumer clientId=consumer-Consumer-topic-a9a5227d_e691_4c1b_99bc_b90920c71002-15, groupId=Consumer-topic-a9a5227d_e691_4c1b_99bc_b90920c71002] Resetting offset for partition topic-a9a5227d_e691_4c1b_99bc_b90920c71002-0 to position FetchPosition{offset=0, offsetEpoch=Optional.empty, currentLeader=LeaderAndEpoch{leader=Optional[localhost:32770 (id: 0 rack: null)], epoch=0}}.
2025-07-31 02:23:41,320 INFO  [io.api.tes.ser.api.KafkaSerdesTester] (Thread-237) topic-a9a5227d_e691_4c1b_99bc_b90920c71002 0 0 {"key11753928619188": "value-0"}
2025-07-31 02:23:41,320 INFO  [io.api.tes.ser.api.KafkaSerdesTester] (Thread-237) topic-a9a5227d_e691_4c1b_99bc_b90920c71002 0 1 {"key11753928619188": "value-1"}
2025-07-31 02:23:41,320 INFO  [io.api.tes.ser.api.KafkaSerdesTester] (Thread-237) topic-a9a5227d_e691_4c1b_99bc_b90920c71002 0 2 {"key11753928619188": "value-2"}
2025-07-31 02:23:41,320 INFO  [io.api.tes.ser.api.KafkaSerdesTester] (Thread-237) topic-a9a5227d_e691_4c1b_99bc_b90920c71002 0 3 {"key11753928619188": "value-3"}
2025-07-31 02:23:41,320 INFO  [io.api.tes.ser.api.KafkaSerdesTester] (Thread-237) topic-a9a5227d_e691_4c1b_99bc_b90920c71002 0 4 {"key11753928619188": "value-4"}
2025-07-31 02:23:41,320 INFO  [io.api.tes.ser.api.KafkaSerdesTester] (Thread-237) topic-a9a5227d_e691_4c1b_99bc_b90920c71002 0 5 {"key11753928619188": "value-5"}
2025-07-31 02:23:41,320 INFO  [io.api.tes.ser.api.KafkaSerdesTester] (Thread-237) topic-a9a5227d_e691_4c1b_99bc_b90920c71002 0 6 {"key11753928619188": "value-6"}
2025-07-31 02:23:41,320 INFO  [io.api.tes.ser.api.KafkaSerdesTester] (Thread-237) topic-a9a5227d_e691_4c1b_99bc_b90920c71002 0 7 {"key11753928619188": "value-7"}
2025-07-31 02:23:41,320 INFO  [io.api.tes.ser.api.KafkaSerdesTester] (Thread-237) topic-a9a5227d_e691_4c1b_99bc_b90920c71002 0 8 {"key11753928619188": "value-8"}
2025-07-31 02:23:41,320 INFO  [io.api.tes.ser.api.KafkaSerdesTester] (Thread-237) topic-a9a5227d_e691_4c1b_99bc_b90920c71002 0 9 {"key11753928619188": "value-9"}
2025-07-31 02:23:41,320 INFO  [io.api.tes.ser.api.KafkaSerdesTester] (Thread-237) Consumed 10 messages
2025-07-31 02:23:41,322 INFO  [org.apa.kaf.cli.con.int.ConsumerRebalanceListenerInvoker] (Thread-237) [Consumer clientId=consumer-Consumer-topic-a9a5227d_e691_4c1b_99bc_b90920c71002-15, groupId=Consumer-topic-a9a5227d_e691_4c1b_99bc_b90920c71002] Revoke previously assigned partitions topic-a9a5227d_e691_4c1b_99bc_b90920c71002-0
2025-07-31 02:23:41,322 INFO  [org.apa.kaf.cli.con.int.ConsumerCoordinator] (Thread-237) [Consumer clientId=consumer-Consumer-topic-a9a5227d_e691_4c1b_99bc_b90920c71002-15, groupId=Consumer-topic-a9a5227d_e691_4c1b_99bc_b90920c71002] Member consumer-Consumer-topic-a9a5227d_e691_4c1b_99bc_b90920c71002-15-401f40e1-ffba-44a0-acef-33d15c0ba80d sending LeaveGroup request to coordinator localhost:32770 (id: 2147483647 rack: null) due to the consumer is being closed
2025-07-31 02:23:41,322 INFO  [org.apa.kaf.cli.con.int.ConsumerCoordinator] (Thread-237) [Consumer clientId=consumer-Consumer-topic-a9a5227d_e691_4c1b_99bc_b90920c71002-15, groupId=Consumer-topic-a9a5227d_e691_4c1b_99bc_b90920c71002] Resetting generation and member id due to: consumer pro-actively leaving the group
2025-07-31 02:23:41,322 INFO  [org.apa.kaf.cli.con.int.ConsumerCoordinator] (Thread-237) [Consumer clientId=consumer-Consumer-topic-a9a5227d_e691_4c1b_99bc_b90920c71002-15, groupId=Consumer-topic-a9a5227d_e691_4c1b_99bc_b90920c71002] Request joining group due to: consumer pro-actively leaving the group
2025-07-31 02:23:41,822 INFO  [org.apa.kaf.com.met.Metrics] (Thread-237) Metrics scheduler closed
2025-07-31 02:23:41,822 INFO  [org.apa.kaf.com.met.Metrics] (Thread-237) Closing reporter org.apache.kafka.common.metrics.JmxReporter
2025-07-31 02:23:41,822 INFO  [org.apa.kaf.com.met.Metrics] (Thread-237) Closing reporter org.apache.kafka.common.telemetry.internals.ClientTelemetryReporter
2025-07-31 02:23:41,822 INFO  [org.apa.kaf.com.met.Metrics] (Thread-237) Metrics reporters closed
2025-07-31 02:23:41,824 INFO  [org.apa.kaf.com.uti.AppInfoParser] (Thread-237) App info kafka.consumer for consumer-Consumer-topic-a9a5227d_e691_4c1b_99bc_b90920c71002-15 unregistered
2025-07-31 02:23:41,826 INFO  [org.apa.kaf.cli.con.int.ClassicKafkaConsumer] (Thread-238) [Consumer clientId=consumer-Consumer-topic-9a4dcb52_e4c4_4b8d_b503_4a0da40376f1-16, groupId=Consumer-topic-9a4dcb52_e4c4_4b8d_b503_4a0da40376f1] Subscribed to topic(s): topic-9a4dcb52_e4c4_4b8d_b503_4a0da40376f1
2025-07-31 02:23:41,833 INFO  [org.apa.kaf.cli.Metadata] (Thread-238) [Consumer clientId=consumer-Consumer-topic-9a4dcb52_e4c4_4b8d_b503_4a0da40376f1-16, groupId=Consumer-topic-9a4dcb52_e4c4_4b8d_b503_4a0da40376f1] Cluster ID: EeXQRaomRg6j_8npZiTrIA
2025-07-31 02:23:41,834 INFO  [org.apa.kaf.cli.con.int.ConsumerCoordinator] (Thread-238) [Consumer clientId=consumer-Consumer-topic-9a4dcb52_e4c4_4b8d_b503_4a0da40376f1-16, groupId=Consumer-topic-9a4dcb52_e4c4_4b8d_b503_4a0da40376f1] Discovered group coordinator localhost:32770 (id: 2147483647 rack: null)
2025-07-31 02:23:41,837 INFO  [org.apa.kaf.cli.con.int.ConsumerCoordinator] (Thread-238) [Consumer clientId=consumer-Consumer-topic-9a4dcb52_e4c4_4b8d_b503_4a0da40376f1-16, groupId=Consumer-topic-9a4dcb52_e4c4_4b8d_b503_4a0da40376f1] (Re-)joining group
2025-07-31 02:23:41,839 INFO  [org.apa.kaf.cli.con.int.ConsumerCoordinator] (Thread-238) [Consumer clientId=consumer-Consumer-topic-9a4dcb52_e4c4_4b8d_b503_4a0da40376f1-16, groupId=Consumer-topic-9a4dcb52_e4c4_4b8d_b503_4a0da40376f1] Request joining group due to: need to re-join with the given member-id: consumer-Consumer-topic-9a4dcb52_e4c4_4b8d_b503_4a0da40376f1-16-557c47a5-7787-4e30-a8aa-ca1dafc25159
2025-07-31 02:23:41,839 INFO  [org.apa.kaf.cli.con.int.ConsumerCoordinator] (Thread-238) [Consumer clientId=consumer-Consumer-topic-9a4dcb52_e4c4_4b8d_b503_4a0da40376f1-16, groupId=Consumer-topic-9a4dcb52_e4c4_4b8d_b503_4a0da40376f1] (Re-)joining group
2025-07-31 02:23:41,841 INFO  [org.apa.kaf.cli.con.int.ConsumerCoordinator] (Thread-238) [Consumer clientId=consumer-Consumer-topic-9a4dcb52_e4c4_4b8d_b503_4a0da40376f1-16, groupId=Consumer-topic-9a4dcb52_e4c4_4b8d_b503_4a0da40376f1] Successfully joined group with generation Generation{generationId=1, memberId='consumer-Consumer-topic-9a4dcb52_e4c4_4b8d_b503_4a0da40376f1-16-557c47a5-7787-4e30-a8aa-ca1dafc25159', protocol='range'}
2025-07-31 02:23:41,841 INFO  [org.apa.kaf.cli.con.int.ConsumerCoordinator] (Thread-238) [Consumer clientId=consumer-Consumer-topic-9a4dcb52_e4c4_4b8d_b503_4a0da40376f1-16, groupId=Consumer-topic-9a4dcb52_e4c4_4b8d_b503_4a0da40376f1] Finished assignment for group at generation 1: {consumer-Consumer-topic-9a4dcb52_e4c4_4b8d_b503_4a0da40376f1-16-557c47a5-7787-4e30-a8aa-ca1dafc25159=Assignment(partitions=[topic-9a4dcb52_e4c4_4b8d_b503_4a0da40376f1-0])}
2025-07-31 02:23:41,843 INFO  [org.apa.kaf.cli.con.int.ConsumerCoordinator] (Thread-238) [Consumer clientId=consumer-Consumer-topic-9a4dcb52_e4c4_4b8d_b503_4a0da40376f1-16, groupId=Consumer-topic-9a4dcb52_e4c4_4b8d_b503_4a0da40376f1] Successfully synced group in generation Generation{generationId=1, memberId='consumer-Consumer-topic-9a4dcb52_e4c4_4b8d_b503_4a0da40376f1-16-557c47a5-7787-4e30-a8aa-ca1dafc25159', protocol='range'}
2025-07-31 02:23:41,843 INFO  [org.apa.kaf.cli.con.int.ConsumerCoordinator] (Thread-238) [Consumer clientId=consumer-Consumer-topic-9a4dcb52_e4c4_4b8d_b503_4a0da40376f1-16, groupId=Consumer-topic-9a4dcb52_e4c4_4b8d_b503_4a0da40376f1] Notifying assignor about the new Assignment(partitions=[topic-9a4dcb52_e4c4_4b8d_b503_4a0da40376f1-0])
2025-07-31 02:23:41,843 INFO  [org.apa.kaf.cli.con.int.ConsumerRebalanceListenerInvoker] (Thread-238) [Consumer clientId=consumer-Consumer-topic-9a4dcb52_e4c4_4b8d_b503_4a0da40376f1-16, groupId=Consumer-topic-9a4dcb52_e4c4_4b8d_b503_4a0da40376f1] Adding newly assigned partitions: topic-9a4dcb52_e4c4_4b8d_b503_4a0da40376f1-0
2025-07-31 02:23:41,844 INFO  [org.apa.kaf.cli.con.int.ConsumerCoordinator] (Thread-238) [Consumer clientId=consumer-Consumer-topic-9a4dcb52_e4c4_4b8d_b503_4a0da40376f1-16, groupId=Consumer-topic-9a4dcb52_e4c4_4b8d_b503_4a0da40376f1] Found no committed offset for partition topic-9a4dcb52_e4c4_4b8d_b503_4a0da40376f1-0
2025-07-31 02:23:41,848 INFO  [org.apa.kaf.cli.con.int.SubscriptionState] (Thread-238) [Consumer clientId=consumer-Consumer-topic-9a4dcb52_e4c4_4b8d_b503_4a0da40376f1-16, groupId=Consumer-topic-9a4dcb52_e4c4_4b8d_b503_4a0da40376f1] Resetting offset for partition topic-9a4dcb52_e4c4_4b8d_b503_4a0da40376f1-0 to position FetchPosition{offset=0, offsetEpoch=Optional.empty, currentLeader=LeaderAndEpoch{leader=Optional[localhost:32770 (id: 0 rack: null)], epoch=0}}.
2025-07-31 02:23:41,926 INFO  [io.api.tes.ser.api.KafkaSerdesTester] (Thread-238) topic-9a4dcb52_e4c4_4b8d_b503_4a0da40376f1 0 0 {"key11753928619188": "value-0"}
2025-07-31 02:23:41,926 INFO  [io.api.tes.ser.api.KafkaSerdesTester] (Thread-238) topic-9a4dcb52_e4c4_4b8d_b503_4a0da40376f1 0 1 {"key11753928619188": "value-1"}
2025-07-31 02:23:41,926 INFO  [io.api.tes.ser.api.KafkaSerdesTester] (Thread-238) topic-9a4dcb52_e4c4_4b8d_b503_4a0da40376f1 0 2 {"key11753928619188": "value-2"}
2025-07-31 02:23:41,926 INFO  [io.api.tes.ser.api.KafkaSerdesTester] (Thread-238) topic-9a4dcb52_e4c4_4b8d_b503_4a0da40376f1 0 3 {"key11753928619188": "value-3"}
2025-07-31 02:23:41,926 INFO  [io.api.tes.ser.api.KafkaSerdesTester] (Thread-238) topic-9a4dcb52_e4c4_4b8d_b503_4a0da40376f1 0 4 {"key11753928619188": "value-4"}
2025-07-31 02:23:41,926 INFO  [io.api.tes.ser.api.KafkaSerdesTester] (Thread-238) topic-9a4dcb52_e4c4_4b8d_b503_4a0da40376f1 0 5 {"key11753928619188": "value-5"}
2025-07-31 02:23:41,926 INFO  [io.api.tes.ser.api.KafkaSerdesTester] (Thread-238) topic-9a4dcb52_e4c4_4b8d_b503_4a0da40376f1 0 6 {"key11753928619188": "value-6"}
2025-07-31 02:23:41,927 INFO  [io.api.tes.ser.api.KafkaSerdesTester] (Thread-238) topic-9a4dcb52_e4c4_4b8d_b503_4a0da40376f1 0 7 {"key11753928619188": "value-7"}
2025-07-31 02:23:41,927 INFO  [io.api.tes.ser.api.KafkaSerdesTester] (Thread-238) topic-9a4dcb52_e4c4_4b8d_b503_4a0da40376f1 0 8 {"key11753928619188": "value-8"}
2025-07-31 02:23:41,927 INFO  [io.api.tes.ser.api.KafkaSerdesTester] (Thread-238) topic-9a4dcb52_e4c4_4b8d_b503_4a0da40376f1 0 9 {"key11753928619188": "value-9"}
2025-07-31 02:23:41,927 INFO  [io.api.tes.ser.api.KafkaSerdesTester] (Thread-238) Consumed 10 messages
2025-07-31 02:23:41,929 INFO  [org.apa.kaf.cli.con.int.ConsumerRebalanceListenerInvoker] (Thread-238) [Consumer clientId=consumer-Consumer-topic-9a4dcb52_e4c4_4b8d_b503_4a0da40376f1-16, groupId=Consumer-topic-9a4dcb52_e4c4_4b8d_b503_4a0da40376f1] Revoke previously assigned partitions topic-9a4dcb52_e4c4_4b8d_b503_4a0da40376f1-0
2025-07-31 02:23:41,929 INFO  [org.apa.kaf.cli.con.int.ConsumerCoordinator] (Thread-238) [Consumer clientId=consumer-Consumer-topic-9a4dcb52_e4c4_4b8d_b503_4a0da40376f1-16, groupId=Consumer-topic-9a4dcb52_e4c4_4b8d_b503_4a0da40376f1] Member consumer-Consumer-topic-9a4dcb52_e4c4_4b8d_b503_4a0da40376f1-16-557c47a5-7787-4e30-a8aa-ca1dafc25159 sending LeaveGroup request to coordinator localhost:32770 (id: 2147483647 rack: null) due to the consumer is being closed
2025-07-31 02:23:41,929 INFO  [org.apa.kaf.cli.con.int.ConsumerCoordinator] (Thread-238) [Consumer clientId=consumer-Consumer-topic-9a4dcb52_e4c4_4b8d_b503_4a0da40376f1-16, groupId=Consumer-topic-9a4dcb52_e4c4_4b8d_b503_4a0da40376f1] Resetting generation and member id due to: consumer pro-actively leaving the group
2025-07-31 02:23:41,929 INFO  [org.apa.kaf.cli.con.int.ConsumerCoordinator] (Thread-238) [Consumer clientId=consumer-Consumer-topic-9a4dcb52_e4c4_4b8d_b503_4a0da40376f1-16, groupId=Consumer-topic-9a4dcb52_e4c4_4b8d_b503_4a0da40376f1] Request joining group due to: consumer pro-actively leaving the group
2025-07-31 02:23:42,430 INFO  [org.apa.kaf.com.met.Metrics] (Thread-238) Metrics scheduler closed
2025-07-31 02:23:42,430 INFO  [org.apa.kaf.com.met.Metrics] (Thread-238) Closing reporter org.apache.kafka.common.metrics.JmxReporter
2025-07-31 02:23:42,430 INFO  [org.apa.kaf.com.met.Metrics] (Thread-238) Closing reporter org.apache.kafka.common.telemetry.internals.ClientTelemetryReporter
2025-07-31 02:23:42,430 INFO  [org.apa.kaf.com.met.Metrics] (Thread-238) Metrics reporters closed
2025-07-31 02:23:42,432 INFO  [org.apa.kaf.com.uti.AppInfoParser] (Thread-238) App info kafka.consumer for consumer-Consumer-topic-9a4dcb52_e4c4_4b8d_b503_4a0da40376f1-16 unregistered
2025-07-31 02:23:42,433 INFO  [io.api.tes.uti.TestSeparator] (main) io.apicurio.tests.serdes.apicurio.AvroSerdeIT.testAvroConfluentForMultipleTopics-FINISHED
2025-07-31 02:23:42,433 INFO  [io.api.tes.uti.TestSeparator] (main) ############################################################################
]]></system-out>
  </testcase>
  <testcase name="testFirstRequestFailsRateLimited" classname="io.apicurio.tests.serdes.apicurio.AvroSerdeIT" time="0.91">
    <system-out><![CDATA[2025-07-31 02:23:42,435 INFO  [io.api.tes.uti.TestSeparator] (main) ############################################################################
2025-07-31 02:23:42,435 INFO  [io.api.tes.uti.TestSeparator] (main) io.apicurio.tests.serdes.apicurio.AvroSerdeIT.testFirstRequestFailsRateLimited-STARTED
2025-07-31 02:23:42,917 WARN  [org.ecl.jet.ser.AbstractConnector] (main) Acceptors should be <= availableProcessors: NetworkTrafficServerConnector@6226a088{HTTP/1.1, (http/1.1, h2c)}{0.0.0.0:0} 
2025-07-31 02:23:43,006 INFO  [org.ecl.jet.ser.Server] (main) jetty-11.0.15; built: 2023-04-11T18:37:53.775Z; git: 5bc5e562c8d05c5862505aebe5cf83a61bdbcb96; jvm 17.0.16+8
2025-07-31 02:23:43,037 INFO  [org.ecl.jet.ser.han.ContextHandler] (main) Started o.e.j.s.ServletContextHandler@7ebd31df{/__admin,null,AVAILABLE}
2025-07-31 02:23:43,045 INFO  [org.ecl.jet.ser.han.Con.ROOT] (main) RequestHandlerClass from context returned com.github.tomakehurst.wiremock.http.StubRequestHandler. Normalized mapped under returned 'null'
2025-07-31 02:23:43,045 INFO  [org.ecl.jet.ser.han.ContextHandler] (main) Started o.e.j.s.ServletContextHandler@500b6601{/,null,AVAILABLE}
2025-07-31 02:23:43,052 INFO  [org.ecl.jet.ser.AbstractConnector] (main) Started NetworkTrafficServerConnector@6226a088{HTTP/1.1, (http/1.1, h2c)}{0.0.0.0:45337}
2025-07-31 02:23:43,055 INFO  [org.ecl.jet.ser.Server] (main) Started Server@66f99dcc{STARTING}[11.0.15,sto=1000] @59624ms
2025-07-31 02:23:43,066 INFO  [org.apa.kaf.cli.pro.ProducerConfig] (main) ProducerConfig values: 
	acks = -1
	auto.include.jmx.reporter = true
	batch.size = 16384
	bootstrap.servers = [PLAINTEXT://localhost:32770]
	buffer.memory = 33554432
	client.dns.lookup = use_all_dns_ips
	client.id = Producer-topic-c8599cf7_ee3e_4ea0_a925_21579aee813d
	compression.gzip.level = -1
	compression.lz4.level = 9
	compression.type = none
	compression.zstd.level = 3
	connections.max.idle.ms = 10000
	delivery.timeout.ms = 120000
	enable.idempotence = true
	enable.metrics.push = true
	interceptor.classes = []
	key.serializer = class org.apache.kafka.common.serialization.StringSerializer
	linger.ms = 0
	max.block.ms = 60000
	max.in.flight.requests.per.connection = 5
	max.request.size = 1048576
	metadata.max.age.ms = 300000
	metadata.max.idle.ms = 300000
	metadata.recovery.strategy = none
	metric.reporters = []
	metrics.num.samples = 2
	metrics.recording.level = INFO
	metrics.sample.window.ms = 30000
	partitioner.adaptive.partitioning.enable = true
	partitioner.availability.timeout.ms = 0
	partitioner.class = null
	partitioner.ignore.keys = false
	receive.buffer.bytes = 32768
	reconnect.backoff.max.ms = 1000
	reconnect.backoff.ms = 50
	request.timeout.ms = 5000
	retries = 2147483647
	retry.backoff.max.ms = 1000
	retry.backoff.ms = 100
	sasl.client.callback.handler.class = null
	sasl.jaas.config = null
	sasl.kerberos.kinit.cmd = /usr/bin/kinit
	sasl.kerberos.min.time.before.relogin = 60000
	sasl.kerberos.service.name = null
	sasl.kerberos.ticket.renew.jitter = 0.05
	sasl.kerberos.ticket.renew.window.factor = 0.8
	sasl.login.callback.handler.class = null
	sasl.login.class = null
	sasl.login.connect.timeout.ms = null
	sasl.login.read.timeout.ms = null
	sasl.login.refresh.buffer.seconds = 300
	sasl.login.refresh.min.period.seconds = 60
	sasl.login.refresh.window.factor = 0.8
	sasl.login.refresh.window.jitter = 0.05
	sasl.login.retry.backoff.max.ms = 10000
	sasl.login.retry.backoff.ms = 100
	sasl.mechanism = GSSAPI
	sasl.oauthbearer.clock.skew.seconds = 30
	sasl.oauthbearer.expected.audience = null
	sasl.oauthbearer.expected.issuer = null
	sasl.oauthbearer.header.urlencode = false
	sasl.oauthbearer.jwks.endpoint.refresh.ms = 3600000
	sasl.oauthbearer.jwks.endpoint.retry.backoff.max.ms = 10000
	sasl.oauthbearer.jwks.endpoint.retry.backoff.ms = 100
	sasl.oauthbearer.jwks.endpoint.url = null
	sasl.oauthbearer.scope.claim.name = scope
	sasl.oauthbearer.sub.claim.name = sub
	sasl.oauthbearer.token.endpoint.url = null
	security.protocol = PLAINTEXT
	security.providers = null
	send.buffer.bytes = 131072
	socket.connection.setup.timeout.max.ms = 30000
	socket.connection.setup.timeout.ms = 10000
	ssl.cipher.suites = null
	ssl.enabled.protocols = [TLSv1.2, TLSv1.3]
	ssl.endpoint.identification.algorithm = https
	ssl.engine.factory.class = null
	ssl.key.password = null
	ssl.keymanager.algorithm = SunX509
	ssl.keystore.certificate.chain = null
	ssl.keystore.key = null
	ssl.keystore.location = null
	ssl.keystore.password = null
	ssl.keystore.type = JKS
	ssl.protocol = TLSv1.3
	ssl.provider = null
	ssl.secure.random.implementation = null
	ssl.trustmanager.algorithm = PKIX
	ssl.truststore.certificates = null
	ssl.truststore.location = null
	ssl.truststore.password = null
	ssl.truststore.type = JKS
	transaction.timeout.ms = 60000
	transactional.id = null
	value.serializer = class io.apicurio.registry.serde.avro.AvroKafkaSerializer

2025-07-31 02:23:43,067 INFO  [org.apa.kaf.com.tel.int.KafkaMetricsCollector] (main) initializing Kafka metrics collector
2025-07-31 02:23:43,070 INFO  [org.apa.kaf.cli.pro.KafkaProducer] (main) [Producer clientId=Producer-topic-c8599cf7_ee3e_4ea0_a925_21579aee813d] Instantiated an idempotent producer.
2025-07-31 02:23:43,072 INFO  [org.apa.kaf.cli.pro.ProducerConfig] (main) These configurations '[apicurio.registry.url, apicurio.registry.artifact-resolver-strategy]' were supplied but are not used yet.
2025-07-31 02:23:43,073 INFO  [org.apa.kaf.com.uti.AppInfoParser] (main) Kafka version: 3.9.0
2025-07-31 02:23:43,073 INFO  [org.apa.kaf.com.uti.AppInfoParser] (main) Kafka commitId: 84caaa6e9da06435
2025-07-31 02:23:43,073 INFO  [org.apa.kaf.com.uti.AppInfoParser] (main) Kafka startTimeMs: 1753928623073
2025-07-31 02:23:43,075 INFO  [io.api.tes.ser.api.KafkaSerdesTester] (Thread-249) Sending message {"keyB": "value-0"} to topic topic-c8599cf7_ee3e_4ea0_a925_21579aee813d
2025-07-31 02:23:43,092 WARN  [org.apa.kaf.cli.NetworkClient] (kafka-producer-network-thread | Producer-topic-c8599cf7_ee3e_4ea0_a925_21579aee813d) [Producer clientId=Producer-topic-c8599cf7_ee3e_4ea0_a925_21579aee813d] The metadata response from the cluster reported a recoverable issue with correlation id 2 : {topic-c8599cf7_ee3e_4ea0_a925_21579aee813d=LEADER_NOT_AVAILABLE}
2025-07-31 02:23:43,092 INFO  [org.apa.kaf.cli.Metadata] (kafka-producer-network-thread | Producer-topic-c8599cf7_ee3e_4ea0_a925_21579aee813d) [Producer clientId=Producer-topic-c8599cf7_ee3e_4ea0_a925_21579aee813d] Cluster ID: EeXQRaomRg6j_8npZiTrIA
2025-07-31 02:23:43,092 INFO  [org.apa.kaf.cli.pro.int.TransactionManager] (kafka-producer-network-thread | Producer-topic-c8599cf7_ee3e_4ea0_a925_21579aee813d) [Producer clientId=Producer-topic-c8599cf7_ee3e_4ea0_a925_21579aee813d] ProducerId set to 22 with epoch 0
2025-07-31 02:23:43,204 INFO  [DefaultSchemaResolver] (Thread-249) Retrieving schema content using string: {"type":"record","name":"myrecord","namespace":"mygroup","fields":[{"name":"keyB","type":"string"}]}
2025-07-31 02:23:43,331 INFO  [org.apa.kaf.cli.pro.KafkaProducer] (Thread-249) [Producer clientId=Producer-topic-c8599cf7_ee3e_4ea0_a925_21579aee813d] Closing the Kafka producer with timeoutMillis = 9223372036854775807 ms.
2025-07-31 02:23:43,333 INFO  [org.apa.kaf.com.met.Metrics] (Thread-249) Metrics scheduler closed
2025-07-31 02:23:43,333 INFO  [org.apa.kaf.com.met.Metrics] (Thread-249) Closing reporter org.apache.kafka.common.metrics.JmxReporter
2025-07-31 02:23:43,333 INFO  [org.apa.kaf.com.met.Metrics] (Thread-249) Closing reporter org.apache.kafka.common.telemetry.internals.ClientTelemetryReporter
2025-07-31 02:23:43,333 INFO  [org.apa.kaf.com.met.Metrics] (Thread-249) Metrics reporters closed
2025-07-31 02:23:43,333 INFO  [org.apa.kaf.com.uti.AppInfoParser] (Thread-249) App info kafka.producer for Producer-topic-c8599cf7_ee3e_4ea0_a925_21579aee813d unregistered
2025-07-31 02:23:43,337 INFO  [org.ecl.jet.ser.Server] (main) Stopped Server@66f99dcc{STOPPING}[11.0.15,sto=1000]
2025-07-31 02:23:43,337 INFO  [org.ecl.jet.ser.Server] (main) Shutdown Server@66f99dcc{STOPPING}[11.0.15,sto=1000]
2025-07-31 02:23:43,340 INFO  [org.ecl.jet.ser.AbstractConnector] (main) Stopped NetworkTrafficServerConnector@6226a088{HTTP/1.1, (http/1.1, h2c)}{0.0.0.0:0}
2025-07-31 02:23:43,341 INFO  [org.ecl.jet.ser.han.ContextHandler] (main) Stopped o.e.j.s.ServletContextHandler@500b6601{/,null,STOPPED}
2025-07-31 02:23:43,341 INFO  [org.ecl.jet.ser.han.ContextHandler] (main) Stopped o.e.j.s.ServletContextHandler@7ebd31df{/__admin,null,STOPPED}
2025-07-31 02:23:43,344 INFO  [io.api.tes.uti.TestSeparator] (main) io.apicurio.tests.serdes.apicurio.AvroSerdeIT.testFirstRequestFailsRateLimited-FINISHED
2025-07-31 02:23:43,344 INFO  [io.api.tes.uti.TestSeparator] (main) ############################################################################
]]></system-out>
    <system-err><![CDATA[com.microsoft.kiota.ApiException: the server returned an unexpected status code and no error class is registered for this code 429
	at com.microsoft.kiota.ApiExceptionBuilder.withMessage(ApiExceptionBuilder.java:45)
	at io.kiota.http.vertx.VertXRequestAdapter.throwIfFailedResponse(VertXRequestAdapter.java:370)
	at io.kiota.http.vertx.VertXRequestAdapter.send(VertXRequestAdapter.java:170)
	at io.apicurio.registry.rest.client.search.versions.VersionsRequestBuilder.post(VersionsRequestBuilder.java:94)
	at io.apicurio.registry.resolver.DefaultSchemaResolver.lambda$handleResolveSchemaByContent$5(DefaultSchemaResolver.java:276)
	at io.apicurio.registry.resolver.ERCache.lambda$getValue$0(ERCache.java:181)
	at io.apicurio.registry.resolver.ERCache.retry(ERCache.java:234)
	at io.apicurio.registry.resolver.ERCache.getValue(ERCache.java:180)
	at io.apicurio.registry.resolver.ERCache.getByContent(ERCache.java:154)
	at io.apicurio.registry.resolver.DefaultSchemaResolver.handleResolveSchemaByContent(DefaultSchemaResolver.java:269)
	at io.apicurio.registry.resolver.DefaultSchemaResolver.getSchemaFromRegistry(DefaultSchemaResolver.java:142)
	at io.apicurio.registry.resolver.DefaultSchemaResolver.lambda$resolveSchema$0(DefaultSchemaResolver.java:86)
	at java.base/java.util.Optional.orElseGet(Optional.java:364)
	at io.apicurio.registry.resolver.DefaultSchemaResolver.resolveSchema(DefaultSchemaResolver.java:86)
	at io.apicurio.registry.serde.AbstractSerializer.serializeData(AbstractSerializer.java:62)
	at io.apicurio.registry.serde.KafkaSerializer.serialize(KafkaSerializer.java:77)
	at org.apache.kafka.clients.producer.KafkaProducer.doSend(KafkaProducer.java:1046)
	at org.apache.kafka.clients.producer.KafkaProducer.send(KafkaProducer.java:993)
	at org.apache.kafka.clients.producer.KafkaProducer.send(KafkaProducer.java:875)
	at io.apicurio.tests.serdes.apicurio.KafkaSerdesTester.lambda$produceMessages$3(KafkaSerdesTester.java:138)
	at java.base/java.util.concurrent.CompletableFuture$AsyncSupply.run(CompletableFuture.java:1768)
	at java.base/java.lang.Thread.run(Thread.java:840)
]]></system-err>
  </testcase>
  <testcase name="testFirstEmptyFieldConfusedAsMagicByte" classname="io.apicurio.tests.serdes.apicurio.AvroSerdeIT" time="0.949">
    <system-out><![CDATA[2025-07-31 02:23:43,347 INFO  [io.api.tes.uti.TestSeparator] (main) ############################################################################
2025-07-31 02:23:43,347 INFO  [io.api.tes.uti.TestSeparator] (main) io.apicurio.tests.serdes.apicurio.AvroSerdeIT.testFirstEmptyFieldConfusedAsMagicByte-STARTED
2025-07-31 02:23:43,352 INFO  [org.apa.kaf.cli.pro.ProducerConfig] (main) ProducerConfig values: 
	acks = -1
	auto.include.jmx.reporter = true
	batch.size = 16384
	bootstrap.servers = [PLAINTEXT://localhost:32770]
	buffer.memory = 33554432
	client.dns.lookup = use_all_dns_ips
	client.id = Producer-topic-7d6795b4_c8e4_43e1_bf68_903f9a296d54
	compression.gzip.level = -1
	compression.lz4.level = 9
	compression.type = none
	compression.zstd.level = 3
	connections.max.idle.ms = 10000
	delivery.timeout.ms = 120000
	enable.idempotence = true
	enable.metrics.push = true
	interceptor.classes = []
	key.serializer = class org.apache.kafka.common.serialization.StringSerializer
	linger.ms = 0
	max.block.ms = 60000
	max.in.flight.requests.per.connection = 5
	max.request.size = 1048576
	metadata.max.age.ms = 300000
	metadata.max.idle.ms = 300000
	metadata.recovery.strategy = none
	metric.reporters = []
	metrics.num.samples = 2
	metrics.recording.level = INFO
	metrics.sample.window.ms = 30000
	partitioner.adaptive.partitioning.enable = true
	partitioner.availability.timeout.ms = 0
	partitioner.class = null
	partitioner.ignore.keys = false
	receive.buffer.bytes = 32768
	reconnect.backoff.max.ms = 1000
	reconnect.backoff.ms = 50
	request.timeout.ms = 5000
	retries = 2147483647
	retry.backoff.max.ms = 1000
	retry.backoff.ms = 100
	sasl.client.callback.handler.class = null
	sasl.jaas.config = null
	sasl.kerberos.kinit.cmd = /usr/bin/kinit
	sasl.kerberos.min.time.before.relogin = 60000
	sasl.kerberos.service.name = null
	sasl.kerberos.ticket.renew.jitter = 0.05
	sasl.kerberos.ticket.renew.window.factor = 0.8
	sasl.login.callback.handler.class = null
	sasl.login.class = null
	sasl.login.connect.timeout.ms = null
	sasl.login.read.timeout.ms = null
	sasl.login.refresh.buffer.seconds = 300
	sasl.login.refresh.min.period.seconds = 60
	sasl.login.refresh.window.factor = 0.8
	sasl.login.refresh.window.jitter = 0.05
	sasl.login.retry.backoff.max.ms = 10000
	sasl.login.retry.backoff.ms = 100
	sasl.mechanism = GSSAPI
	sasl.oauthbearer.clock.skew.seconds = 30
	sasl.oauthbearer.expected.audience = null
	sasl.oauthbearer.expected.issuer = null
	sasl.oauthbearer.header.urlencode = false
	sasl.oauthbearer.jwks.endpoint.refresh.ms = 3600000
	sasl.oauthbearer.jwks.endpoint.retry.backoff.max.ms = 10000
	sasl.oauthbearer.jwks.endpoint.retry.backoff.ms = 100
	sasl.oauthbearer.jwks.endpoint.url = null
	sasl.oauthbearer.scope.claim.name = scope
	sasl.oauthbearer.sub.claim.name = sub
	sasl.oauthbearer.token.endpoint.url = null
	security.protocol = PLAINTEXT
	security.providers = null
	send.buffer.bytes = 131072
	socket.connection.setup.timeout.max.ms = 30000
	socket.connection.setup.timeout.ms = 10000
	ssl.cipher.suites = null
	ssl.enabled.protocols = [TLSv1.2, TLSv1.3]
	ssl.endpoint.identification.algorithm = https
	ssl.engine.factory.class = null
	ssl.key.password = null
	ssl.keymanager.algorithm = SunX509
	ssl.keystore.certificate.chain = null
	ssl.keystore.key = null
	ssl.keystore.location = null
	ssl.keystore.password = null
	ssl.keystore.type = JKS
	ssl.protocol = TLSv1.3
	ssl.provider = null
	ssl.secure.random.implementation = null
	ssl.trustmanager.algorithm = PKIX
	ssl.truststore.certificates = null
	ssl.truststore.location = null
	ssl.truststore.password = null
	ssl.truststore.type = JKS
	transaction.timeout.ms = 60000
	transactional.id = null
	value.serializer = class io.apicurio.registry.serde.avro.AvroKafkaSerializer

2025-07-31 02:23:43,352 INFO  [org.apa.kaf.com.tel.int.KafkaMetricsCollector] (main) initializing Kafka metrics collector
2025-07-31 02:23:43,365 INFO  [org.apa.kaf.cli.pro.KafkaProducer] (main) [Producer clientId=Producer-topic-7d6795b4_c8e4_43e1_bf68_903f9a296d54] Instantiated an idempotent producer.
2025-07-31 02:23:43,371 INFO  [org.apa.kaf.cli.pro.ProducerConfig] (main) These configurations '[apicurio.registry.url, apicurio.registry.auto-register, apicurio.registry.artifact-resolver-strategy]' were supplied but are not used yet.
2025-07-31 02:23:43,371 INFO  [org.apa.kaf.com.uti.AppInfoParser] (main) Kafka version: 3.9.0
2025-07-31 02:23:43,371 INFO  [org.apa.kaf.com.uti.AppInfoParser] (main) Kafka commitId: 84caaa6e9da06435
2025-07-31 02:23:43,371 INFO  [org.apa.kaf.com.uti.AppInfoParser] (main) Kafka startTimeMs: 1753928623371
2025-07-31 02:23:43,371 INFO  [io.api.tes.ser.api.SimpleSerdesTesterBuilder$SimpleSerdesTester] (main) Using producer configuration: {apicurio.registry.url=http://registry-app-mysql.apps.ci419.apicurio-testing.org:80/apis/registry/v3, apicurio.registry.auto-register=true, apicurio.registry.artifact-resolver-strategy=io.apicurio.registry.serde.strategy.SimpleTopicIdStrategy, value.serializer=io.apicurio.registry.serde.avro.AvroKafkaSerializer, request.timeout.ms=5000, acks=all, bootstrap.servers=PLAINTEXT://localhost:32770, connections.max.idle.ms=10000, key.serializer=org.apache.kafka.common.serialization.StringSerializer, client.id=Producer-topic-7d6795b4_c8e4_43e1_bf68_903f9a296d54}
2025-07-31 02:23:43,371 INFO  [io.api.tes.ser.api.SimpleSerdesTesterBuilder$SimpleSerdesTester] (main) Using consumer configuration: {}
2025-07-31 02:23:43,373 INFO  [io.api.tes.ser.api.KafkaSerdesTester] (Thread-252) Sending message {"username": null} to topic topic-7d6795b4_c8e4_43e1_bf68_903f9a296d54
2025-07-31 02:23:43,401 WARN  [org.apa.kaf.cli.NetworkClient] (kafka-producer-network-thread | Producer-topic-7d6795b4_c8e4_43e1_bf68_903f9a296d54) [Producer clientId=Producer-topic-7d6795b4_c8e4_43e1_bf68_903f9a296d54] The metadata response from the cluster reported a recoverable issue with correlation id 2 : {topic-7d6795b4_c8e4_43e1_bf68_903f9a296d54=LEADER_NOT_AVAILABLE}
2025-07-31 02:23:43,401 INFO  [org.apa.kaf.cli.Metadata] (kafka-producer-network-thread | Producer-topic-7d6795b4_c8e4_43e1_bf68_903f9a296d54) [Producer clientId=Producer-topic-7d6795b4_c8e4_43e1_bf68_903f9a296d54] Cluster ID: EeXQRaomRg6j_8npZiTrIA
2025-07-31 02:23:43,401 INFO  [org.apa.kaf.cli.pro.int.TransactionManager] (kafka-producer-network-thread | Producer-topic-7d6795b4_c8e4_43e1_bf68_903f9a296d54) [Producer clientId=Producer-topic-7d6795b4_c8e4_43e1_bf68_903f9a296d54] ProducerId set to 23 with epoch 0
2025-07-31 02:23:43,597 INFO  [io.api.tes.ser.api.KafkaSerdesTester] (Thread-252) Sending message {"username": null} to topic topic-7d6795b4_c8e4_43e1_bf68_903f9a296d54
2025-07-31 02:23:43,599 INFO  [io.api.tes.ser.api.KafkaSerdesTester] (Thread-252) Sending message {"username": "value-2"} to topic topic-7d6795b4_c8e4_43e1_bf68_903f9a296d54
2025-07-31 02:23:43,601 INFO  [io.api.tes.ser.api.KafkaSerdesTester] (Thread-252) Sending message {"username": null} to topic topic-7d6795b4_c8e4_43e1_bf68_903f9a296d54
2025-07-31 02:23:43,603 INFO  [io.api.tes.ser.api.KafkaSerdesTester] (Thread-252) Sending message {"username": "value-4"} to topic topic-7d6795b4_c8e4_43e1_bf68_903f9a296d54
2025-07-31 02:23:43,604 INFO  [io.api.tes.ser.api.KafkaSerdesTester] (Thread-252) Sending message {"username": null} to topic topic-7d6795b4_c8e4_43e1_bf68_903f9a296d54
2025-07-31 02:23:43,606 INFO  [io.api.tes.ser.api.KafkaSerdesTester] (Thread-252) Sending message {"username": "value-6"} to topic topic-7d6795b4_c8e4_43e1_bf68_903f9a296d54
2025-07-31 02:23:43,608 INFO  [io.api.tes.ser.api.KafkaSerdesTester] (Thread-252) Sending message {"username": null} to topic topic-7d6795b4_c8e4_43e1_bf68_903f9a296d54
2025-07-31 02:23:43,609 INFO  [io.api.tes.ser.api.KafkaSerdesTester] (Thread-252) Sending message {"username": "value-8"} to topic topic-7d6795b4_c8e4_43e1_bf68_903f9a296d54
2025-07-31 02:23:43,610 INFO  [io.api.tes.ser.api.KafkaSerdesTester] (Thread-252) Sending message {"username": null} to topic topic-7d6795b4_c8e4_43e1_bf68_903f9a296d54
2025-07-31 02:23:43,611 INFO  [io.api.tes.ser.api.KafkaSerdesTester] (Thread-252) Produced 10 messages
2025-07-31 02:23:43,611 INFO  [org.apa.kaf.cli.pro.KafkaProducer] (Thread-252) [Producer clientId=Producer-topic-7d6795b4_c8e4_43e1_bf68_903f9a296d54] Closing the Kafka producer with timeoutMillis = 9223372036854775807 ms.
2025-07-31 02:23:43,613 INFO  [org.apa.kaf.com.met.Metrics] (Thread-252) Metrics scheduler closed
2025-07-31 02:23:43,613 INFO  [org.apa.kaf.com.met.Metrics] (Thread-252) Closing reporter org.apache.kafka.common.metrics.JmxReporter
2025-07-31 02:23:43,613 INFO  [org.apa.kaf.com.met.Metrics] (Thread-252) Closing reporter org.apache.kafka.common.telemetry.internals.ClientTelemetryReporter
2025-07-31 02:23:43,613 INFO  [org.apa.kaf.com.met.Metrics] (Thread-252) Metrics reporters closed
2025-07-31 02:23:43,613 INFO  [org.apa.kaf.com.uti.AppInfoParser] (Thread-252) App info kafka.producer for Producer-topic-7d6795b4_c8e4_43e1_bf68_903f9a296d54 unregistered
2025-07-31 02:23:43,673 INFO  [org.apa.kaf.cli.con.ConsumerConfig] (main) ConsumerConfig values: 
	allow.auto.create.topics = true
	auto.commit.interval.ms = 500
	auto.include.jmx.reporter = true
	auto.offset.reset = earliest
	bootstrap.servers = [PLAINTEXT://localhost:32770]
	check.crcs = true
	client.dns.lookup = use_all_dns_ips
	client.id = consumer-Consumer-topic-7d6795b4_c8e4_43e1_bf68_903f9a296d54-17
	client.rack = 
	connections.max.idle.ms = 10000
	default.api.timeout.ms = 60000
	enable.auto.commit = true
	enable.metrics.push = true
	exclude.internal.topics = true
	fetch.max.bytes = 52428800
	fetch.max.wait.ms = 500
	fetch.min.bytes = 1
	group.id = Consumer-topic-7d6795b4_c8e4_43e1_bf68_903f9a296d54
	group.instance.id = null
	group.protocol = classic
	group.remote.assignor = null
	heartbeat.interval.ms = 3000
	interceptor.classes = []
	internal.leave.group.on.close = true
	internal.throw.on.fetch.stable.offset.unsupported = false
	isolation.level = read_uncommitted
	key.deserializer = class org.apache.kafka.common.serialization.StringDeserializer
	max.partition.fetch.bytes = 1048576
	max.poll.interval.ms = 300000
	max.poll.records = 500
	metadata.max.age.ms = 300000
	metadata.recovery.strategy = none
	metric.reporters = []
	metrics.num.samples = 2
	metrics.recording.level = INFO
	metrics.sample.window.ms = 30000
	partition.assignment.strategy = [class org.apache.kafka.clients.consumer.RangeAssignor, class org.apache.kafka.clients.consumer.CooperativeStickyAssignor]
	receive.buffer.bytes = 65536
	reconnect.backoff.max.ms = 1000
	reconnect.backoff.ms = 50
	request.timeout.ms = 5000
	retry.backoff.max.ms = 1000
	retry.backoff.ms = 100
	sasl.client.callback.handler.class = null
	sasl.jaas.config = null
	sasl.kerberos.kinit.cmd = /usr/bin/kinit
	sasl.kerberos.min.time.before.relogin = 60000
	sasl.kerberos.service.name = null
	sasl.kerberos.ticket.renew.jitter = 0.05
	sasl.kerberos.ticket.renew.window.factor = 0.8
	sasl.login.callback.handler.class = null
	sasl.login.class = null
	sasl.login.connect.timeout.ms = null
	sasl.login.read.timeout.ms = null
	sasl.login.refresh.buffer.seconds = 300
	sasl.login.refresh.min.period.seconds = 60
	sasl.login.refresh.window.factor = 0.8
	sasl.login.refresh.window.jitter = 0.05
	sasl.login.retry.backoff.max.ms = 10000
	sasl.login.retry.backoff.ms = 100
	sasl.mechanism = GSSAPI
	sasl.oauthbearer.clock.skew.seconds = 30
	sasl.oauthbearer.expected.audience = null
	sasl.oauthbearer.expected.issuer = null
	sasl.oauthbearer.header.urlencode = false
	sasl.oauthbearer.jwks.endpoint.refresh.ms = 3600000
	sasl.oauthbearer.jwks.endpoint.retry.backoff.max.ms = 10000
	sasl.oauthbearer.jwks.endpoint.retry.backoff.ms = 100
	sasl.oauthbearer.jwks.endpoint.url = null
	sasl.oauthbearer.scope.claim.name = scope
	sasl.oauthbearer.sub.claim.name = sub
	sasl.oauthbearer.token.endpoint.url = null
	security.protocol = PLAINTEXT
	security.providers = null
	send.buffer.bytes = 131072
	session.timeout.ms = 45000
	socket.connection.setup.timeout.max.ms = 30000
	socket.connection.setup.timeout.ms = 10000
	ssl.cipher.suites = null
	ssl.enabled.protocols = [TLSv1.2, TLSv1.3]
	ssl.endpoint.identification.algorithm = https
	ssl.engine.factory.class = null
	ssl.key.password = null
	ssl.keymanager.algorithm = SunX509
	ssl.keystore.certificate.chain = null
	ssl.keystore.key = null
	ssl.keystore.location = null
	ssl.keystore.password = null
	ssl.keystore.type = JKS
	ssl.protocol = TLSv1.3
	ssl.provider = null
	ssl.secure.random.implementation = null
	ssl.trustmanager.algorithm = PKIX
	ssl.truststore.certificates = null
	ssl.truststore.location = null
	ssl.truststore.password = null
	ssl.truststore.type = JKS
	value.deserializer = class io.apicurio.registry.serde.avro.AvroKafkaDeserializer

2025-07-31 02:23:43,674 INFO  [org.apa.kaf.com.tel.int.KafkaMetricsCollector] (main) initializing Kafka metrics collector
2025-07-31 02:23:43,678 INFO  [org.apa.kaf.cli.con.ConsumerConfig] (main) These configurations '[apicurio.registry.url]' were supplied but are not used yet.
2025-07-31 02:23:43,678 INFO  [org.apa.kaf.com.uti.AppInfoParser] (main) Kafka version: 3.9.0
2025-07-31 02:23:43,678 INFO  [org.apa.kaf.com.uti.AppInfoParser] (main) Kafka commitId: 84caaa6e9da06435
2025-07-31 02:23:43,678 INFO  [org.apa.kaf.com.uti.AppInfoParser] (main) Kafka startTimeMs: 1753928623678
2025-07-31 02:23:43,679 INFO  [org.apa.kaf.cli.con.int.ClassicKafkaConsumer] (Thread-255) [Consumer clientId=consumer-Consumer-topic-7d6795b4_c8e4_43e1_bf68_903f9a296d54-17, groupId=Consumer-topic-7d6795b4_c8e4_43e1_bf68_903f9a296d54] Subscribed to topic(s): topic-7d6795b4_c8e4_43e1_bf68_903f9a296d54
2025-07-31 02:23:43,683 INFO  [org.apa.kaf.cli.Metadata] (Thread-255) [Consumer clientId=consumer-Consumer-topic-7d6795b4_c8e4_43e1_bf68_903f9a296d54-17, groupId=Consumer-topic-7d6795b4_c8e4_43e1_bf68_903f9a296d54] Cluster ID: EeXQRaomRg6j_8npZiTrIA
2025-07-31 02:23:43,683 INFO  [org.apa.kaf.cli.con.int.ConsumerCoordinator] (Thread-255) [Consumer clientId=consumer-Consumer-topic-7d6795b4_c8e4_43e1_bf68_903f9a296d54-17, groupId=Consumer-topic-7d6795b4_c8e4_43e1_bf68_903f9a296d54] Discovered group coordinator localhost:32770 (id: 2147483647 rack: null)
2025-07-31 02:23:43,685 INFO  [org.apa.kaf.cli.con.int.ConsumerCoordinator] (Thread-255) [Consumer clientId=consumer-Consumer-topic-7d6795b4_c8e4_43e1_bf68_903f9a296d54-17, groupId=Consumer-topic-7d6795b4_c8e4_43e1_bf68_903f9a296d54] (Re-)joining group
2025-07-31 02:23:43,693 INFO  [org.apa.kaf.cli.con.int.ConsumerCoordinator] (Thread-255) [Consumer clientId=consumer-Consumer-topic-7d6795b4_c8e4_43e1_bf68_903f9a296d54-17, groupId=Consumer-topic-7d6795b4_c8e4_43e1_bf68_903f9a296d54] Request joining group due to: need to re-join with the given member-id: consumer-Consumer-topic-7d6795b4_c8e4_43e1_bf68_903f9a296d54-17-93c90f67-4df4-47fc-9575-11a07ed8ca1a
2025-07-31 02:23:43,693 INFO  [org.apa.kaf.cli.con.int.ConsumerCoordinator] (Thread-255) [Consumer clientId=consumer-Consumer-topic-7d6795b4_c8e4_43e1_bf68_903f9a296d54-17, groupId=Consumer-topic-7d6795b4_c8e4_43e1_bf68_903f9a296d54] (Re-)joining group
2025-07-31 02:23:43,698 INFO  [org.apa.kaf.cli.con.int.ConsumerCoordinator] (Thread-255) [Consumer clientId=consumer-Consumer-topic-7d6795b4_c8e4_43e1_bf68_903f9a296d54-17, groupId=Consumer-topic-7d6795b4_c8e4_43e1_bf68_903f9a296d54] Successfully joined group with generation Generation{generationId=1, memberId='consumer-Consumer-topic-7d6795b4_c8e4_43e1_bf68_903f9a296d54-17-93c90f67-4df4-47fc-9575-11a07ed8ca1a', protocol='range'}
2025-07-31 02:23:43,699 INFO  [org.apa.kaf.cli.con.int.ConsumerCoordinator] (Thread-255) [Consumer clientId=consumer-Consumer-topic-7d6795b4_c8e4_43e1_bf68_903f9a296d54-17, groupId=Consumer-topic-7d6795b4_c8e4_43e1_bf68_903f9a296d54] Finished assignment for group at generation 1: {consumer-Consumer-topic-7d6795b4_c8e4_43e1_bf68_903f9a296d54-17-93c90f67-4df4-47fc-9575-11a07ed8ca1a=Assignment(partitions=[topic-7d6795b4_c8e4_43e1_bf68_903f9a296d54-0])}
2025-07-31 02:23:43,703 INFO  [org.apa.kaf.cli.con.int.ConsumerCoordinator] (Thread-255) [Consumer clientId=consumer-Consumer-topic-7d6795b4_c8e4_43e1_bf68_903f9a296d54-17, groupId=Consumer-topic-7d6795b4_c8e4_43e1_bf68_903f9a296d54] Successfully synced group in generation Generation{generationId=1, memberId='consumer-Consumer-topic-7d6795b4_c8e4_43e1_bf68_903f9a296d54-17-93c90f67-4df4-47fc-9575-11a07ed8ca1a', protocol='range'}
2025-07-31 02:23:43,704 INFO  [org.apa.kaf.cli.con.int.ConsumerCoordinator] (Thread-255) [Consumer clientId=consumer-Consumer-topic-7d6795b4_c8e4_43e1_bf68_903f9a296d54-17, groupId=Consumer-topic-7d6795b4_c8e4_43e1_bf68_903f9a296d54] Notifying assignor about the new Assignment(partitions=[topic-7d6795b4_c8e4_43e1_bf68_903f9a296d54-0])
2025-07-31 02:23:43,704 INFO  [org.apa.kaf.cli.con.int.ConsumerRebalanceListenerInvoker] (Thread-255) [Consumer clientId=consumer-Consumer-topic-7d6795b4_c8e4_43e1_bf68_903f9a296d54-17, groupId=Consumer-topic-7d6795b4_c8e4_43e1_bf68_903f9a296d54] Adding newly assigned partitions: topic-7d6795b4_c8e4_43e1_bf68_903f9a296d54-0
2025-07-31 02:23:43,705 INFO  [org.apa.kaf.cli.con.int.ConsumerCoordinator] (Thread-255) [Consumer clientId=consumer-Consumer-topic-7d6795b4_c8e4_43e1_bf68_903f9a296d54-17, groupId=Consumer-topic-7d6795b4_c8e4_43e1_bf68_903f9a296d54] Found no committed offset for partition topic-7d6795b4_c8e4_43e1_bf68_903f9a296d54-0
2025-07-31 02:23:43,709 INFO  [org.apa.kaf.cli.con.int.SubscriptionState] (Thread-255) [Consumer clientId=consumer-Consumer-topic-7d6795b4_c8e4_43e1_bf68_903f9a296d54-17, groupId=Consumer-topic-7d6795b4_c8e4_43e1_bf68_903f9a296d54] Resetting offset for partition topic-7d6795b4_c8e4_43e1_bf68_903f9a296d54-0 to position FetchPosition{offset=0, offsetEpoch=Optional.empty, currentLeader=LeaderAndEpoch{leader=Optional[localhost:32770 (id: 0 rack: null)], epoch=0}}.
2025-07-31 02:23:43,788 INFO  [io.api.tes.ser.api.KafkaSerdesTester] (Thread-255) topic-7d6795b4_c8e4_43e1_bf68_903f9a296d54 0 0 {"username": null}
2025-07-31 02:23:43,788 INFO  [io.api.tes.ser.api.KafkaSerdesTester] (Thread-255) topic-7d6795b4_c8e4_43e1_bf68_903f9a296d54 0 1 {"username": null}
2025-07-31 02:23:43,788 INFO  [io.api.tes.ser.api.KafkaSerdesTester] (Thread-255) topic-7d6795b4_c8e4_43e1_bf68_903f9a296d54 0 2 {"username": "value-2"}
2025-07-31 02:23:43,788 INFO  [io.api.tes.ser.api.KafkaSerdesTester] (Thread-255) topic-7d6795b4_c8e4_43e1_bf68_903f9a296d54 0 3 {"username": null}
2025-07-31 02:23:43,788 INFO  [io.api.tes.ser.api.KafkaSerdesTester] (Thread-255) topic-7d6795b4_c8e4_43e1_bf68_903f9a296d54 0 4 {"username": "value-4"}
2025-07-31 02:23:43,789 INFO  [io.api.tes.ser.api.KafkaSerdesTester] (Thread-255) topic-7d6795b4_c8e4_43e1_bf68_903f9a296d54 0 5 {"username": null}
2025-07-31 02:23:43,789 INFO  [io.api.tes.ser.api.KafkaSerdesTester] (Thread-255) topic-7d6795b4_c8e4_43e1_bf68_903f9a296d54 0 6 {"username": "value-6"}
2025-07-31 02:23:43,792 INFO  [io.api.tes.ser.api.KafkaSerdesTester] (Thread-255) topic-7d6795b4_c8e4_43e1_bf68_903f9a296d54 0 7 {"username": null}
2025-07-31 02:23:43,792 INFO  [io.api.tes.ser.api.KafkaSerdesTester] (Thread-255) topic-7d6795b4_c8e4_43e1_bf68_903f9a296d54 0 8 {"username": "value-8"}
2025-07-31 02:23:43,792 INFO  [io.api.tes.ser.api.KafkaSerdesTester] (Thread-255) topic-7d6795b4_c8e4_43e1_bf68_903f9a296d54 0 9 {"username": null}
2025-07-31 02:23:43,792 INFO  [io.api.tes.ser.api.KafkaSerdesTester] (Thread-255) Consumed 10 messages
2025-07-31 02:23:43,796 INFO  [org.apa.kaf.cli.con.int.ConsumerRebalanceListenerInvoker] (Thread-255) [Consumer clientId=consumer-Consumer-topic-7d6795b4_c8e4_43e1_bf68_903f9a296d54-17, groupId=Consumer-topic-7d6795b4_c8e4_43e1_bf68_903f9a296d54] Revoke previously assigned partitions topic-7d6795b4_c8e4_43e1_bf68_903f9a296d54-0
2025-07-31 02:23:43,796 INFO  [org.apa.kaf.cli.con.int.ConsumerCoordinator] (Thread-255) [Consumer clientId=consumer-Consumer-topic-7d6795b4_c8e4_43e1_bf68_903f9a296d54-17, groupId=Consumer-topic-7d6795b4_c8e4_43e1_bf68_903f9a296d54] Member consumer-Consumer-topic-7d6795b4_c8e4_43e1_bf68_903f9a296d54-17-93c90f67-4df4-47fc-9575-11a07ed8ca1a sending LeaveGroup request to coordinator localhost:32770 (id: 2147483647 rack: null) due to the consumer is being closed
2025-07-31 02:23:43,796 INFO  [org.apa.kaf.cli.con.int.ConsumerCoordinator] (Thread-255) [Consumer clientId=consumer-Consumer-topic-7d6795b4_c8e4_43e1_bf68_903f9a296d54-17, groupId=Consumer-topic-7d6795b4_c8e4_43e1_bf68_903f9a296d54] Resetting generation and member id due to: consumer pro-actively leaving the group
2025-07-31 02:23:43,796 INFO  [org.apa.kaf.cli.con.int.ConsumerCoordinator] (Thread-255) [Consumer clientId=consumer-Consumer-topic-7d6795b4_c8e4_43e1_bf68_903f9a296d54-17, groupId=Consumer-topic-7d6795b4_c8e4_43e1_bf68_903f9a296d54] Request joining group due to: consumer pro-actively leaving the group
2025-07-31 02:23:44,292 INFO  [org.apa.kaf.com.met.Metrics] (Thread-255) Metrics scheduler closed
2025-07-31 02:23:44,292 INFO  [org.apa.kaf.com.met.Metrics] (Thread-255) Closing reporter org.apache.kafka.common.metrics.JmxReporter
2025-07-31 02:23:44,292 INFO  [org.apa.kaf.com.met.Metrics] (Thread-255) Closing reporter org.apache.kafka.common.telemetry.internals.ClientTelemetryReporter
2025-07-31 02:23:44,292 INFO  [org.apa.kaf.com.met.Metrics] (Thread-255) Metrics reporters closed
2025-07-31 02:23:44,295 INFO  [org.apa.kaf.com.uti.AppInfoParser] (Thread-255) App info kafka.consumer for consumer-Consumer-topic-7d6795b4_c8e4_43e1_bf68_903f9a296d54-17 unregistered
2025-07-31 02:23:44,295 INFO  [io.api.tes.uti.TestSeparator] (main) io.apicurio.tests.serdes.apicurio.AvroSerdeIT.testFirstEmptyFieldConfusedAsMagicByte-FINISHED
2025-07-31 02:23:44,295 INFO  [io.api.tes.uti.TestSeparator] (main) ############################################################################
]]></system-out>
  </testcase>
  <testcase name="testAvroSerDesFailDifferentSchemaByContent" classname="io.apicurio.tests.serdes.apicurio.AvroSerdeIT" time="1.192">
    <system-out><![CDATA[2025-07-31 02:23:44,297 INFO  [io.api.tes.uti.TestSeparator] (main) ############################################################################
2025-07-31 02:23:44,297 INFO  [io.api.tes.uti.TestSeparator] (main) io.apicurio.tests.serdes.apicurio.AvroSerdeIT.testAvroSerDesFailDifferentSchemaByContent-STARTED
2025-07-31 02:23:45,390 INFO  [org.apa.kaf.cli.pro.ProducerConfig] (main) ProducerConfig values: 
	acks = -1
	auto.include.jmx.reporter = true
	batch.size = 16384
	bootstrap.servers = [PLAINTEXT://localhost:32770]
	buffer.memory = 33554432
	client.dns.lookup = use_all_dns_ips
	client.id = Producer-topic-648f67b6_8414_475a_9cf6_139691464e10
	compression.gzip.level = -1
	compression.lz4.level = 9
	compression.type = none
	compression.zstd.level = 3
	connections.max.idle.ms = 10000
	delivery.timeout.ms = 120000
	enable.idempotence = true
	enable.metrics.push = true
	interceptor.classes = []
	key.serializer = class org.apache.kafka.common.serialization.StringSerializer
	linger.ms = 0
	max.block.ms = 60000
	max.in.flight.requests.per.connection = 5
	max.request.size = 1048576
	metadata.max.age.ms = 300000
	metadata.max.idle.ms = 300000
	metadata.recovery.strategy = none
	metric.reporters = []
	metrics.num.samples = 2
	metrics.recording.level = INFO
	metrics.sample.window.ms = 30000
	partitioner.adaptive.partitioning.enable = true
	partitioner.availability.timeout.ms = 0
	partitioner.class = null
	partitioner.ignore.keys = false
	receive.buffer.bytes = 32768
	reconnect.backoff.max.ms = 1000
	reconnect.backoff.ms = 50
	request.timeout.ms = 5000
	retries = 2147483647
	retry.backoff.max.ms = 1000
	retry.backoff.ms = 100
	sasl.client.callback.handler.class = null
	sasl.jaas.config = null
	sasl.kerberos.kinit.cmd = /usr/bin/kinit
	sasl.kerberos.min.time.before.relogin = 60000
	sasl.kerberos.service.name = null
	sasl.kerberos.ticket.renew.jitter = 0.05
	sasl.kerberos.ticket.renew.window.factor = 0.8
	sasl.login.callback.handler.class = null
	sasl.login.class = null
	sasl.login.connect.timeout.ms = null
	sasl.login.read.timeout.ms = null
	sasl.login.refresh.buffer.seconds = 300
	sasl.login.refresh.min.period.seconds = 60
	sasl.login.refresh.window.factor = 0.8
	sasl.login.refresh.window.jitter = 0.05
	sasl.login.retry.backoff.max.ms = 10000
	sasl.login.retry.backoff.ms = 100
	sasl.mechanism = GSSAPI
	sasl.oauthbearer.clock.skew.seconds = 30
	sasl.oauthbearer.expected.audience = null
	sasl.oauthbearer.expected.issuer = null
	sasl.oauthbearer.header.urlencode = false
	sasl.oauthbearer.jwks.endpoint.refresh.ms = 3600000
	sasl.oauthbearer.jwks.endpoint.retry.backoff.max.ms = 10000
	sasl.oauthbearer.jwks.endpoint.retry.backoff.ms = 100
	sasl.oauthbearer.jwks.endpoint.url = null
	sasl.oauthbearer.scope.claim.name = scope
	sasl.oauthbearer.sub.claim.name = sub
	sasl.oauthbearer.token.endpoint.url = null
	security.protocol = PLAINTEXT
	security.providers = null
	send.buffer.bytes = 131072
	socket.connection.setup.timeout.max.ms = 30000
	socket.connection.setup.timeout.ms = 10000
	ssl.cipher.suites = null
	ssl.enabled.protocols = [TLSv1.2, TLSv1.3]
	ssl.endpoint.identification.algorithm = https
	ssl.engine.factory.class = null
	ssl.key.password = null
	ssl.keymanager.algorithm = SunX509
	ssl.keystore.certificate.chain = null
	ssl.keystore.key = null
	ssl.keystore.location = null
	ssl.keystore.password = null
	ssl.keystore.type = JKS
	ssl.protocol = TLSv1.3
	ssl.provider = null
	ssl.secure.random.implementation = null
	ssl.trustmanager.algorithm = PKIX
	ssl.truststore.certificates = null
	ssl.truststore.location = null
	ssl.truststore.password = null
	ssl.truststore.type = JKS
	transaction.timeout.ms = 60000
	transactional.id = null
	value.serializer = class io.apicurio.registry.serde.avro.AvroKafkaSerializer

2025-07-31 02:23:45,390 INFO  [org.apa.kaf.com.tel.int.KafkaMetricsCollector] (main) initializing Kafka metrics collector
2025-07-31 02:23:45,393 INFO  [org.apa.kaf.cli.pro.KafkaProducer] (main) [Producer clientId=Producer-topic-648f67b6_8414_475a_9cf6_139691464e10] Instantiated an idempotent producer.
2025-07-31 02:23:45,395 INFO  [org.apa.kaf.cli.pro.ProducerConfig] (main) These configurations '[apicurio.registry.url, apicurio.registry.artifact-resolver-strategy]' were supplied but are not used yet.
2025-07-31 02:23:45,395 INFO  [org.apa.kaf.com.uti.AppInfoParser] (main) Kafka version: 3.9.0
2025-07-31 02:23:45,395 INFO  [org.apa.kaf.com.uti.AppInfoParser] (main) Kafka commitId: 84caaa6e9da06435
2025-07-31 02:23:45,395 INFO  [org.apa.kaf.com.uti.AppInfoParser] (main) Kafka startTimeMs: 1753928625395
2025-07-31 02:23:45,396 INFO  [io.api.tes.ser.api.KafkaSerdesTester] (Thread-258) Sending message {"keyB": "value-0"} to topic topic-648f67b6_8414_475a_9cf6_139691464e10
2025-07-31 02:23:45,404 INFO  [org.apa.kaf.cli.Metadata] (kafka-producer-network-thread | Producer-topic-648f67b6_8414_475a_9cf6_139691464e10) [Producer clientId=Producer-topic-648f67b6_8414_475a_9cf6_139691464e10] Cluster ID: EeXQRaomRg6j_8npZiTrIA
2025-07-31 02:23:45,405 INFO  [DefaultSchemaResolver] (Thread-258) Retrieving schema content using string: {"type":"record","name":"s81de923bx44edx4c98x9287xbaf4eb8f0dd4","namespace":"sa7202028x4043x4d66xbaf9x7a3381dbf8c6","fields":[{"name":"keyB","type":"string"}]}
2025-07-31 02:23:45,406 INFO  [org.apa.kaf.cli.pro.int.TransactionManager] (kafka-producer-network-thread | Producer-topic-648f67b6_8414_475a_9cf6_139691464e10) [Producer clientId=Producer-topic-648f67b6_8414_475a_9cf6_139691464e10] ProducerId set to 24 with epoch 0
2025-07-31 02:23:45,486 INFO  [org.apa.kaf.cli.pro.KafkaProducer] (Thread-258) [Producer clientId=Producer-topic-648f67b6_8414_475a_9cf6_139691464e10] Closing the Kafka producer with timeoutMillis = 9223372036854775807 ms.
2025-07-31 02:23:45,487 INFO  [org.apa.kaf.com.met.Metrics] (Thread-258) Metrics scheduler closed
2025-07-31 02:23:45,487 INFO  [org.apa.kaf.com.met.Metrics] (Thread-258) Closing reporter org.apache.kafka.common.metrics.JmxReporter
2025-07-31 02:23:45,487 INFO  [org.apa.kaf.com.met.Metrics] (Thread-258) Closing reporter org.apache.kafka.common.telemetry.internals.ClientTelemetryReporter
2025-07-31 02:23:45,487 INFO  [org.apa.kaf.com.met.Metrics] (Thread-258) Metrics reporters closed
2025-07-31 02:23:45,488 INFO  [org.apa.kaf.com.uti.AppInfoParser] (Thread-258) App info kafka.producer for Producer-topic-648f67b6_8414_475a_9cf6_139691464e10 unregistered
2025-07-31 02:23:45,488 INFO  [io.api.tes.uti.TestSeparator] (main) io.apicurio.tests.serdes.apicurio.AvroSerdeIT.testAvroSerDesFailDifferentSchemaByContent-FINISHED
2025-07-31 02:23:45,488 INFO  [io.api.tes.uti.TestSeparator] (main) ############################################################################
]]></system-out>
    <system-err><![CDATA[java.lang.RuntimeException: Could not resolve artifact reference by content: {"type":"record","name":"s81de923bx44edx4c98x9287xbaf4eb8f0dd4","namespace":"sa7202028x4043x4d66xbaf9x7a3381dbf8c6","fields":[{"name":"keyB","type":"string"}]}&ArtifactReference [groupId=sa7202028x4043x4d66xbaf9x7a3381dbf8c6, artifactId=s81de923bx44edx4c98x9287xbaf4eb8f0dd4, version=null, globalId=null, contentId=null, contentHash=null]
	at io.apicurio.registry.resolver.DefaultSchemaResolver.lambda$handleResolveSchemaByContent$5(DefaultSchemaResolver.java:300)
	at io.apicurio.registry.resolver.ERCache.lambda$getValue$0(ERCache.java:181)
	at io.apicurio.registry.resolver.ERCache.retry(ERCache.java:234)
	at io.apicurio.registry.resolver.ERCache.getValue(ERCache.java:180)
	at io.apicurio.registry.resolver.ERCache.getByContent(ERCache.java:154)
	at io.apicurio.registry.resolver.DefaultSchemaResolver.handleResolveSchemaByContent(DefaultSchemaResolver.java:269)
	at io.apicurio.registry.resolver.DefaultSchemaResolver.getSchemaFromRegistry(DefaultSchemaResolver.java:142)
	at io.apicurio.registry.resolver.DefaultSchemaResolver.lambda$resolveSchema$0(DefaultSchemaResolver.java:86)
	at java.base/java.util.Optional.orElseGet(Optional.java:364)
	at io.apicurio.registry.resolver.DefaultSchemaResolver.resolveSchema(DefaultSchemaResolver.java:86)
	at io.apicurio.registry.serde.AbstractSerializer.serializeData(AbstractSerializer.java:62)
	at io.apicurio.registry.serde.KafkaSerializer.serialize(KafkaSerializer.java:77)
	at org.apache.kafka.clients.producer.KafkaProducer.doSend(KafkaProducer.java:1046)
	at org.apache.kafka.clients.producer.KafkaProducer.send(KafkaProducer.java:993)
	at org.apache.kafka.clients.producer.KafkaProducer.send(KafkaProducer.java:875)
	at io.apicurio.tests.serdes.apicurio.KafkaSerdesTester.lambda$produceMessages$3(KafkaSerdesTester.java:138)
	at java.base/java.util.concurrent.CompletableFuture$AsyncSupply.run(CompletableFuture.java:1768)
	at java.base/java.lang.Thread.run(Thread.java:840)
]]></system-err>
  </testcase>
  <testcase name="testGlobalIdInBody" classname="io.apicurio.tests.serdes.apicurio.AvroSerdeIT" time="0.936">
    <system-out><![CDATA[2025-07-31 02:23:45,494 INFO  [io.api.tes.uti.TestSeparator] (main) ############################################################################
2025-07-31 02:23:45,494 INFO  [io.api.tes.uti.TestSeparator] (main) io.apicurio.tests.serdes.apicurio.AvroSerdeIT.testGlobalIdInBody-STARTED
2025-07-31 02:23:45,496 INFO  [org.apa.kaf.cli.pro.ProducerConfig] (main) ProducerConfig values: 
	acks = -1
	auto.include.jmx.reporter = true
	batch.size = 16384
	bootstrap.servers = [PLAINTEXT://localhost:32770]
	buffer.memory = 33554432
	client.dns.lookup = use_all_dns_ips
	client.id = Producer-topic-2e4a2f77_b234_43b8_8a31_a8f8a9b12b01
	compression.gzip.level = -1
	compression.lz4.level = 9
	compression.type = none
	compression.zstd.level = 3
	connections.max.idle.ms = 10000
	delivery.timeout.ms = 120000
	enable.idempotence = true
	enable.metrics.push = true
	interceptor.classes = []
	key.serializer = class org.apache.kafka.common.serialization.StringSerializer
	linger.ms = 0
	max.block.ms = 60000
	max.in.flight.requests.per.connection = 5
	max.request.size = 1048576
	metadata.max.age.ms = 300000
	metadata.max.idle.ms = 300000
	metadata.recovery.strategy = none
	metric.reporters = []
	metrics.num.samples = 2
	metrics.recording.level = INFO
	metrics.sample.window.ms = 30000
	partitioner.adaptive.partitioning.enable = true
	partitioner.availability.timeout.ms = 0
	partitioner.class = null
	partitioner.ignore.keys = false
	receive.buffer.bytes = 32768
	reconnect.backoff.max.ms = 1000
	reconnect.backoff.ms = 50
	request.timeout.ms = 5000
	retries = 2147483647
	retry.backoff.max.ms = 1000
	retry.backoff.ms = 100
	sasl.client.callback.handler.class = null
	sasl.jaas.config = null
	sasl.kerberos.kinit.cmd = /usr/bin/kinit
	sasl.kerberos.min.time.before.relogin = 60000
	sasl.kerberos.service.name = null
	sasl.kerberos.ticket.renew.jitter = 0.05
	sasl.kerberos.ticket.renew.window.factor = 0.8
	sasl.login.callback.handler.class = null
	sasl.login.class = null
	sasl.login.connect.timeout.ms = null
	sasl.login.read.timeout.ms = null
	sasl.login.refresh.buffer.seconds = 300
	sasl.login.refresh.min.period.seconds = 60
	sasl.login.refresh.window.factor = 0.8
	sasl.login.refresh.window.jitter = 0.05
	sasl.login.retry.backoff.max.ms = 10000
	sasl.login.retry.backoff.ms = 100
	sasl.mechanism = GSSAPI
	sasl.oauthbearer.clock.skew.seconds = 30
	sasl.oauthbearer.expected.audience = null
	sasl.oauthbearer.expected.issuer = null
	sasl.oauthbearer.header.urlencode = false
	sasl.oauthbearer.jwks.endpoint.refresh.ms = 3600000
	sasl.oauthbearer.jwks.endpoint.retry.backoff.max.ms = 10000
	sasl.oauthbearer.jwks.endpoint.retry.backoff.ms = 100
	sasl.oauthbearer.jwks.endpoint.url = null
	sasl.oauthbearer.scope.claim.name = scope
	sasl.oauthbearer.sub.claim.name = sub
	sasl.oauthbearer.token.endpoint.url = null
	security.protocol = PLAINTEXT
	security.providers = null
	send.buffer.bytes = 131072
	socket.connection.setup.timeout.max.ms = 30000
	socket.connection.setup.timeout.ms = 10000
	ssl.cipher.suites = null
	ssl.enabled.protocols = [TLSv1.2, TLSv1.3]
	ssl.endpoint.identification.algorithm = https
	ssl.engine.factory.class = null
	ssl.key.password = null
	ssl.keymanager.algorithm = SunX509
	ssl.keystore.certificate.chain = null
	ssl.keystore.key = null
	ssl.keystore.location = null
	ssl.keystore.password = null
	ssl.keystore.type = JKS
	ssl.protocol = TLSv1.3
	ssl.provider = null
	ssl.secure.random.implementation = null
	ssl.trustmanager.algorithm = PKIX
	ssl.truststore.certificates = null
	ssl.truststore.location = null
	ssl.truststore.password = null
	ssl.truststore.type = JKS
	transaction.timeout.ms = 60000
	transactional.id = null
	value.serializer = class io.apicurio.registry.serde.avro.AvroKafkaSerializer

2025-07-31 02:23:45,496 INFO  [org.apa.kaf.com.tel.int.KafkaMetricsCollector] (main) initializing Kafka metrics collector
2025-07-31 02:23:45,510 INFO  [org.apa.kaf.cli.pro.KafkaProducer] (main) [Producer clientId=Producer-topic-2e4a2f77_b234_43b8_8a31_a8f8a9b12b01] Instantiated an idempotent producer.
2025-07-31 02:23:45,520 INFO  [org.apa.kaf.cli.pro.ProducerConfig] (main) These configurations '[apicurio.registry.url, apicurio.registry.auto-register, apicurio.registry.use-id, apicurio.registry.artifact-resolver-strategy]' were supplied but are not used yet.
2025-07-31 02:23:45,521 INFO  [org.apa.kaf.com.uti.AppInfoParser] (main) Kafka version: 3.9.0
2025-07-31 02:23:45,521 INFO  [org.apa.kaf.com.uti.AppInfoParser] (main) Kafka commitId: 84caaa6e9da06435
2025-07-31 02:23:45,521 INFO  [org.apa.kaf.com.uti.AppInfoParser] (main) Kafka startTimeMs: 1753928625521
2025-07-31 02:23:45,521 INFO  [io.api.tes.ser.api.SimpleSerdesTesterBuilder$SimpleSerdesTester] (main) Using producer configuration: {apicurio.registry.url=http://registry-app-mysql.apps.ci419.apicurio-testing.org:80/apis/registry/v3, apicurio.registry.auto-register=true, apicurio.registry.use-id=globalId, apicurio.registry.artifact-resolver-strategy=io.apicurio.registry.serde.strategy.TopicIdStrategy, value.serializer=io.apicurio.registry.serde.avro.AvroKafkaSerializer, request.timeout.ms=5000, acks=all, bootstrap.servers=PLAINTEXT://localhost:32770, connections.max.idle.ms=10000, key.serializer=org.apache.kafka.common.serialization.StringSerializer, client.id=Producer-topic-2e4a2f77_b234_43b8_8a31_a8f8a9b12b01}
2025-07-31 02:23:45,521 INFO  [io.api.tes.ser.api.SimpleSerdesTesterBuilder$SimpleSerdesTester] (main) Using consumer configuration: {apicurio.registry.use-id=globalId}
2025-07-31 02:23:45,521 INFO  [io.api.tes.ser.api.KafkaSerdesTester] (Thread-261) Sending message {"key11753928625494": "value-0"} to topic topic-2e4a2f77_b234_43b8_8a31_a8f8a9b12b01
2025-07-31 02:23:45,538 WARN  [org.apa.kaf.cli.NetworkClient] (kafka-producer-network-thread | Producer-topic-2e4a2f77_b234_43b8_8a31_a8f8a9b12b01) [Producer clientId=Producer-topic-2e4a2f77_b234_43b8_8a31_a8f8a9b12b01] The metadata response from the cluster reported a recoverable issue with correlation id 2 : {topic-2e4a2f77_b234_43b8_8a31_a8f8a9b12b01=LEADER_NOT_AVAILABLE}
2025-07-31 02:23:45,539 INFO  [org.apa.kaf.cli.Metadata] (kafka-producer-network-thread | Producer-topic-2e4a2f77_b234_43b8_8a31_a8f8a9b12b01) [Producer clientId=Producer-topic-2e4a2f77_b234_43b8_8a31_a8f8a9b12b01] Cluster ID: EeXQRaomRg6j_8npZiTrIA
2025-07-31 02:23:45,539 INFO  [org.apa.kaf.cli.pro.int.TransactionManager] (kafka-producer-network-thread | Producer-topic-2e4a2f77_b234_43b8_8a31_a8f8a9b12b01) [Producer clientId=Producer-topic-2e4a2f77_b234_43b8_8a31_a8f8a9b12b01] ProducerId set to 25 with epoch 0
2025-07-31 02:23:45,731 INFO  [io.api.tes.ser.api.KafkaSerdesTester] (Thread-261) Sending message {"key11753928625494": "value-1"} to topic topic-2e4a2f77_b234_43b8_8a31_a8f8a9b12b01
2025-07-31 02:23:45,732 INFO  [io.api.tes.ser.api.KafkaSerdesTester] (Thread-261) Sending message {"key11753928625494": "value-2"} to topic topic-2e4a2f77_b234_43b8_8a31_a8f8a9b12b01
2025-07-31 02:23:45,736 INFO  [io.api.tes.ser.api.KafkaSerdesTester] (Thread-261) Sending message {"key11753928625494": "value-3"} to topic topic-2e4a2f77_b234_43b8_8a31_a8f8a9b12b01
2025-07-31 02:23:45,737 INFO  [io.api.tes.ser.api.KafkaSerdesTester] (Thread-261) Sending message {"key11753928625494": "value-4"} to topic topic-2e4a2f77_b234_43b8_8a31_a8f8a9b12b01
2025-07-31 02:23:45,739 INFO  [io.api.tes.ser.api.KafkaSerdesTester] (Thread-261) Sending message {"key11753928625494": "value-5"} to topic topic-2e4a2f77_b234_43b8_8a31_a8f8a9b12b01
2025-07-31 02:23:45,742 INFO  [io.api.tes.ser.api.KafkaSerdesTester] (Thread-261) Sending message {"key11753928625494": "value-6"} to topic topic-2e4a2f77_b234_43b8_8a31_a8f8a9b12b01
2025-07-31 02:23:45,745 INFO  [io.api.tes.ser.api.KafkaSerdesTester] (Thread-261) Sending message {"key11753928625494": "value-7"} to topic topic-2e4a2f77_b234_43b8_8a31_a8f8a9b12b01
2025-07-31 02:23:45,746 INFO  [io.api.tes.ser.api.KafkaSerdesTester] (Thread-261) Sending message {"key11753928625494": "value-8"} to topic topic-2e4a2f77_b234_43b8_8a31_a8f8a9b12b01
2025-07-31 02:23:45,747 INFO  [io.api.tes.ser.api.KafkaSerdesTester] (Thread-261) Sending message {"key11753928625494": "value-9"} to topic topic-2e4a2f77_b234_43b8_8a31_a8f8a9b12b01
2025-07-31 02:23:45,748 INFO  [io.api.tes.ser.api.KafkaSerdesTester] (Thread-261) Produced 10 messages
2025-07-31 02:23:45,748 INFO  [org.apa.kaf.cli.pro.KafkaProducer] (Thread-261) [Producer clientId=Producer-topic-2e4a2f77_b234_43b8_8a31_a8f8a9b12b01] Closing the Kafka producer with timeoutMillis = 9223372036854775807 ms.
2025-07-31 02:23:45,750 INFO  [org.apa.kaf.com.met.Metrics] (Thread-261) Metrics scheduler closed
2025-07-31 02:23:45,751 INFO  [org.apa.kaf.com.met.Metrics] (Thread-261) Closing reporter org.apache.kafka.common.metrics.JmxReporter
2025-07-31 02:23:45,751 INFO  [org.apa.kaf.com.met.Metrics] (Thread-261) Closing reporter org.apache.kafka.common.telemetry.internals.ClientTelemetryReporter
2025-07-31 02:23:45,751 INFO  [org.apa.kaf.com.met.Metrics] (Thread-261) Metrics reporters closed
2025-07-31 02:23:45,751 INFO  [org.apa.kaf.com.uti.AppInfoParser] (Thread-261) App info kafka.producer for Producer-topic-2e4a2f77_b234_43b8_8a31_a8f8a9b12b01 unregistered
2025-07-31 02:23:45,811 INFO  [org.apa.kaf.cli.con.ConsumerConfig] (main) ConsumerConfig values: 
	allow.auto.create.topics = true
	auto.commit.interval.ms = 500
	auto.include.jmx.reporter = true
	auto.offset.reset = earliest
	bootstrap.servers = [PLAINTEXT://localhost:32770]
	check.crcs = true
	client.dns.lookup = use_all_dns_ips
	client.id = consumer-Consumer-topic-2e4a2f77_b234_43b8_8a31_a8f8a9b12b01-18
	client.rack = 
	connections.max.idle.ms = 10000
	default.api.timeout.ms = 60000
	enable.auto.commit = true
	enable.metrics.push = true
	exclude.internal.topics = true
	fetch.max.bytes = 52428800
	fetch.max.wait.ms = 500
	fetch.min.bytes = 1
	group.id = Consumer-topic-2e4a2f77_b234_43b8_8a31_a8f8a9b12b01
	group.instance.id = null
	group.protocol = classic
	group.remote.assignor = null
	heartbeat.interval.ms = 3000
	interceptor.classes = []
	internal.leave.group.on.close = true
	internal.throw.on.fetch.stable.offset.unsupported = false
	isolation.level = read_uncommitted
	key.deserializer = class org.apache.kafka.common.serialization.StringDeserializer
	max.partition.fetch.bytes = 1048576
	max.poll.interval.ms = 300000
	max.poll.records = 500
	metadata.max.age.ms = 300000
	metadata.recovery.strategy = none
	metric.reporters = []
	metrics.num.samples = 2
	metrics.recording.level = INFO
	metrics.sample.window.ms = 30000
	partition.assignment.strategy = [class org.apache.kafka.clients.consumer.RangeAssignor, class org.apache.kafka.clients.consumer.CooperativeStickyAssignor]
	receive.buffer.bytes = 65536
	reconnect.backoff.max.ms = 1000
	reconnect.backoff.ms = 50
	request.timeout.ms = 5000
	retry.backoff.max.ms = 1000
	retry.backoff.ms = 100
	sasl.client.callback.handler.class = null
	sasl.jaas.config = null
	sasl.kerberos.kinit.cmd = /usr/bin/kinit
	sasl.kerberos.min.time.before.relogin = 60000
	sasl.kerberos.service.name = null
	sasl.kerberos.ticket.renew.jitter = 0.05
	sasl.kerberos.ticket.renew.window.factor = 0.8
	sasl.login.callback.handler.class = null
	sasl.login.class = null
	sasl.login.connect.timeout.ms = null
	sasl.login.read.timeout.ms = null
	sasl.login.refresh.buffer.seconds = 300
	sasl.login.refresh.min.period.seconds = 60
	sasl.login.refresh.window.factor = 0.8
	sasl.login.refresh.window.jitter = 0.05
	sasl.login.retry.backoff.max.ms = 10000
	sasl.login.retry.backoff.ms = 100
	sasl.mechanism = GSSAPI
	sasl.oauthbearer.clock.skew.seconds = 30
	sasl.oauthbearer.expected.audience = null
	sasl.oauthbearer.expected.issuer = null
	sasl.oauthbearer.header.urlencode = false
	sasl.oauthbearer.jwks.endpoint.refresh.ms = 3600000
	sasl.oauthbearer.jwks.endpoint.retry.backoff.max.ms = 10000
	sasl.oauthbearer.jwks.endpoint.retry.backoff.ms = 100
	sasl.oauthbearer.jwks.endpoint.url = null
	sasl.oauthbearer.scope.claim.name = scope
	sasl.oauthbearer.sub.claim.name = sub
	sasl.oauthbearer.token.endpoint.url = null
	security.protocol = PLAINTEXT
	security.providers = null
	send.buffer.bytes = 131072
	session.timeout.ms = 45000
	socket.connection.setup.timeout.max.ms = 30000
	socket.connection.setup.timeout.ms = 10000
	ssl.cipher.suites = null
	ssl.enabled.protocols = [TLSv1.2, TLSv1.3]
	ssl.endpoint.identification.algorithm = https
	ssl.engine.factory.class = null
	ssl.key.password = null
	ssl.keymanager.algorithm = SunX509
	ssl.keystore.certificate.chain = null
	ssl.keystore.key = null
	ssl.keystore.location = null
	ssl.keystore.password = null
	ssl.keystore.type = JKS
	ssl.protocol = TLSv1.3
	ssl.provider = null
	ssl.secure.random.implementation = null
	ssl.trustmanager.algorithm = PKIX
	ssl.truststore.certificates = null
	ssl.truststore.location = null
	ssl.truststore.password = null
	ssl.truststore.type = JKS
	value.deserializer = class io.apicurio.registry.serde.avro.AvroKafkaDeserializer

2025-07-31 02:23:45,811 INFO  [org.apa.kaf.com.tel.int.KafkaMetricsCollector] (main) initializing Kafka metrics collector
2025-07-31 02:23:45,815 INFO  [org.apa.kaf.cli.con.ConsumerConfig] (main) These configurations '[apicurio.registry.url, apicurio.registry.use-id]' were supplied but are not used yet.
2025-07-31 02:23:45,815 INFO  [org.apa.kaf.com.uti.AppInfoParser] (main) Kafka version: 3.9.0
2025-07-31 02:23:45,816 INFO  [org.apa.kaf.com.uti.AppInfoParser] (main) Kafka commitId: 84caaa6e9da06435
2025-07-31 02:23:45,816 INFO  [org.apa.kaf.com.uti.AppInfoParser] (main) Kafka startTimeMs: 1753928625815
2025-07-31 02:23:45,816 INFO  [org.apa.kaf.cli.con.int.ClassicKafkaConsumer] (Thread-264) [Consumer clientId=consumer-Consumer-topic-2e4a2f77_b234_43b8_8a31_a8f8a9b12b01-18, groupId=Consumer-topic-2e4a2f77_b234_43b8_8a31_a8f8a9b12b01] Subscribed to topic(s): topic-2e4a2f77_b234_43b8_8a31_a8f8a9b12b01
2025-07-31 02:23:45,820 INFO  [org.apa.kaf.cli.Metadata] (Thread-264) [Consumer clientId=consumer-Consumer-topic-2e4a2f77_b234_43b8_8a31_a8f8a9b12b01-18, groupId=Consumer-topic-2e4a2f77_b234_43b8_8a31_a8f8a9b12b01] Cluster ID: EeXQRaomRg6j_8npZiTrIA
2025-07-31 02:23:45,821 INFO  [org.apa.kaf.cli.con.int.ConsumerCoordinator] (Thread-264) [Consumer clientId=consumer-Consumer-topic-2e4a2f77_b234_43b8_8a31_a8f8a9b12b01-18, groupId=Consumer-topic-2e4a2f77_b234_43b8_8a31_a8f8a9b12b01] Discovered group coordinator localhost:32770 (id: 2147483647 rack: null)
2025-07-31 02:23:45,822 INFO  [org.apa.kaf.cli.con.int.ConsumerCoordinator] (Thread-264) [Consumer clientId=consumer-Consumer-topic-2e4a2f77_b234_43b8_8a31_a8f8a9b12b01-18, groupId=Consumer-topic-2e4a2f77_b234_43b8_8a31_a8f8a9b12b01] (Re-)joining group
2025-07-31 02:23:45,824 INFO  [org.apa.kaf.cli.con.int.ConsumerCoordinator] (Thread-264) [Consumer clientId=consumer-Consumer-topic-2e4a2f77_b234_43b8_8a31_a8f8a9b12b01-18, groupId=Consumer-topic-2e4a2f77_b234_43b8_8a31_a8f8a9b12b01] Request joining group due to: need to re-join with the given member-id: consumer-Consumer-topic-2e4a2f77_b234_43b8_8a31_a8f8a9b12b01-18-271f9808-596d-41c1-b075-6a7b1cdc681f
2025-07-31 02:23:45,824 INFO  [org.apa.kaf.cli.con.int.ConsumerCoordinator] (Thread-264) [Consumer clientId=consumer-Consumer-topic-2e4a2f77_b234_43b8_8a31_a8f8a9b12b01-18, groupId=Consumer-topic-2e4a2f77_b234_43b8_8a31_a8f8a9b12b01] (Re-)joining group
2025-07-31 02:23:45,827 INFO  [org.apa.kaf.cli.con.int.ConsumerCoordinator] (Thread-264) [Consumer clientId=consumer-Consumer-topic-2e4a2f77_b234_43b8_8a31_a8f8a9b12b01-18, groupId=Consumer-topic-2e4a2f77_b234_43b8_8a31_a8f8a9b12b01] Successfully joined group with generation Generation{generationId=1, memberId='consumer-Consumer-topic-2e4a2f77_b234_43b8_8a31_a8f8a9b12b01-18-271f9808-596d-41c1-b075-6a7b1cdc681f', protocol='range'}
2025-07-31 02:23:45,827 INFO  [org.apa.kaf.cli.con.int.ConsumerCoordinator] (Thread-264) [Consumer clientId=consumer-Consumer-topic-2e4a2f77_b234_43b8_8a31_a8f8a9b12b01-18, groupId=Consumer-topic-2e4a2f77_b234_43b8_8a31_a8f8a9b12b01] Finished assignment for group at generation 1: {consumer-Consumer-topic-2e4a2f77_b234_43b8_8a31_a8f8a9b12b01-18-271f9808-596d-41c1-b075-6a7b1cdc681f=Assignment(partitions=[topic-2e4a2f77_b234_43b8_8a31_a8f8a9b12b01-0])}
2025-07-31 02:23:45,829 INFO  [org.apa.kaf.cli.con.int.ConsumerCoordinator] (Thread-264) [Consumer clientId=consumer-Consumer-topic-2e4a2f77_b234_43b8_8a31_a8f8a9b12b01-18, groupId=Consumer-topic-2e4a2f77_b234_43b8_8a31_a8f8a9b12b01] Successfully synced group in generation Generation{generationId=1, memberId='consumer-Consumer-topic-2e4a2f77_b234_43b8_8a31_a8f8a9b12b01-18-271f9808-596d-41c1-b075-6a7b1cdc681f', protocol='range'}
2025-07-31 02:23:45,829 INFO  [org.apa.kaf.cli.con.int.ConsumerCoordinator] (Thread-264) [Consumer clientId=consumer-Consumer-topic-2e4a2f77_b234_43b8_8a31_a8f8a9b12b01-18, groupId=Consumer-topic-2e4a2f77_b234_43b8_8a31_a8f8a9b12b01] Notifying assignor about the new Assignment(partitions=[topic-2e4a2f77_b234_43b8_8a31_a8f8a9b12b01-0])
2025-07-31 02:23:45,829 INFO  [org.apa.kaf.cli.con.int.ConsumerRebalanceListenerInvoker] (Thread-264) [Consumer clientId=consumer-Consumer-topic-2e4a2f77_b234_43b8_8a31_a8f8a9b12b01-18, groupId=Consumer-topic-2e4a2f77_b234_43b8_8a31_a8f8a9b12b01] Adding newly assigned partitions: topic-2e4a2f77_b234_43b8_8a31_a8f8a9b12b01-0
2025-07-31 02:23:45,831 INFO  [org.apa.kaf.cli.con.int.ConsumerCoordinator] (Thread-264) [Consumer clientId=consumer-Consumer-topic-2e4a2f77_b234_43b8_8a31_a8f8a9b12b01-18, groupId=Consumer-topic-2e4a2f77_b234_43b8_8a31_a8f8a9b12b01] Found no committed offset for partition topic-2e4a2f77_b234_43b8_8a31_a8f8a9b12b01-0
2025-07-31 02:23:45,834 INFO  [org.apa.kaf.cli.con.int.SubscriptionState] (Thread-264) [Consumer clientId=consumer-Consumer-topic-2e4a2f77_b234_43b8_8a31_a8f8a9b12b01-18, groupId=Consumer-topic-2e4a2f77_b234_43b8_8a31_a8f8a9b12b01] Resetting offset for partition topic-2e4a2f77_b234_43b8_8a31_a8f8a9b12b01-0 to position FetchPosition{offset=0, offsetEpoch=Optional.empty, currentLeader=LeaderAndEpoch{leader=Optional[localhost:32770 (id: 0 rack: null)], epoch=0}}.
2025-07-31 02:23:45,917 INFO  [io.api.tes.ser.api.KafkaSerdesTester] (Thread-264) topic-2e4a2f77_b234_43b8_8a31_a8f8a9b12b01 0 0 {"key11753928625494": "value-0"}
2025-07-31 02:23:45,917 INFO  [io.api.tes.ser.api.KafkaSerdesTester] (Thread-264) topic-2e4a2f77_b234_43b8_8a31_a8f8a9b12b01 0 1 {"key11753928625494": "value-1"}
2025-07-31 02:23:45,917 INFO  [io.api.tes.ser.api.KafkaSerdesTester] (Thread-264) topic-2e4a2f77_b234_43b8_8a31_a8f8a9b12b01 0 2 {"key11753928625494": "value-2"}
2025-07-31 02:23:45,917 INFO  [io.api.tes.ser.api.KafkaSerdesTester] (Thread-264) topic-2e4a2f77_b234_43b8_8a31_a8f8a9b12b01 0 3 {"key11753928625494": "value-3"}
2025-07-31 02:23:45,917 INFO  [io.api.tes.ser.api.KafkaSerdesTester] (Thread-264) topic-2e4a2f77_b234_43b8_8a31_a8f8a9b12b01 0 4 {"key11753928625494": "value-4"}
2025-07-31 02:23:45,917 INFO  [io.api.tes.ser.api.KafkaSerdesTester] (Thread-264) topic-2e4a2f77_b234_43b8_8a31_a8f8a9b12b01 0 5 {"key11753928625494": "value-5"}
2025-07-31 02:23:45,917 INFO  [io.api.tes.ser.api.KafkaSerdesTester] (Thread-264) topic-2e4a2f77_b234_43b8_8a31_a8f8a9b12b01 0 6 {"key11753928625494": "value-6"}
2025-07-31 02:23:45,917 INFO  [io.api.tes.ser.api.KafkaSerdesTester] (Thread-264) topic-2e4a2f77_b234_43b8_8a31_a8f8a9b12b01 0 7 {"key11753928625494": "value-7"}
2025-07-31 02:23:45,917 INFO  [io.api.tes.ser.api.KafkaSerdesTester] (Thread-264) topic-2e4a2f77_b234_43b8_8a31_a8f8a9b12b01 0 8 {"key11753928625494": "value-8"}
2025-07-31 02:23:45,917 INFO  [io.api.tes.ser.api.KafkaSerdesTester] (Thread-264) topic-2e4a2f77_b234_43b8_8a31_a8f8a9b12b01 0 9 {"key11753928625494": "value-9"}
2025-07-31 02:23:45,917 INFO  [io.api.tes.ser.api.KafkaSerdesTester] (Thread-264) Consumed 10 messages
2025-07-31 02:23:45,920 INFO  [org.apa.kaf.cli.con.int.ConsumerRebalanceListenerInvoker] (Thread-264) [Consumer clientId=consumer-Consumer-topic-2e4a2f77_b234_43b8_8a31_a8f8a9b12b01-18, groupId=Consumer-topic-2e4a2f77_b234_43b8_8a31_a8f8a9b12b01] Revoke previously assigned partitions topic-2e4a2f77_b234_43b8_8a31_a8f8a9b12b01-0
2025-07-31 02:23:45,920 INFO  [org.apa.kaf.cli.con.int.ConsumerCoordinator] (Thread-264) [Consumer clientId=consumer-Consumer-topic-2e4a2f77_b234_43b8_8a31_a8f8a9b12b01-18, groupId=Consumer-topic-2e4a2f77_b234_43b8_8a31_a8f8a9b12b01] Member consumer-Consumer-topic-2e4a2f77_b234_43b8_8a31_a8f8a9b12b01-18-271f9808-596d-41c1-b075-6a7b1cdc681f sending LeaveGroup request to coordinator localhost:32770 (id: 2147483647 rack: null) due to the consumer is being closed
2025-07-31 02:23:45,920 INFO  [org.apa.kaf.cli.con.int.ConsumerCoordinator] (Thread-264) [Consumer clientId=consumer-Consumer-topic-2e4a2f77_b234_43b8_8a31_a8f8a9b12b01-18, groupId=Consumer-topic-2e4a2f77_b234_43b8_8a31_a8f8a9b12b01] Resetting generation and member id due to: consumer pro-actively leaving the group
2025-07-31 02:23:45,920 INFO  [org.apa.kaf.cli.con.int.ConsumerCoordinator] (Thread-264) [Consumer clientId=consumer-Consumer-topic-2e4a2f77_b234_43b8_8a31_a8f8a9b12b01-18, groupId=Consumer-topic-2e4a2f77_b234_43b8_8a31_a8f8a9b12b01] Request joining group due to: consumer pro-actively leaving the group
2025-07-31 02:23:46,422 INFO  [org.apa.kaf.com.met.Metrics] (Thread-264) Metrics scheduler closed
2025-07-31 02:23:46,422 INFO  [org.apa.kaf.com.met.Metrics] (Thread-264) Closing reporter org.apache.kafka.common.metrics.JmxReporter
2025-07-31 02:23:46,422 INFO  [org.apa.kaf.com.met.Metrics] (Thread-264) Closing reporter org.apache.kafka.common.telemetry.internals.ClientTelemetryReporter
2025-07-31 02:23:46,423 INFO  [org.apa.kaf.com.met.Metrics] (Thread-264) Metrics reporters closed
2025-07-31 02:23:46,425 INFO  [org.apa.kaf.com.uti.AppInfoParser] (Thread-264) App info kafka.consumer for consumer-Consumer-topic-2e4a2f77_b234_43b8_8a31_a8f8a9b12b01-18 unregistered
2025-07-31 02:23:46,425 INFO  [io.api.tes.uti.TestSeparator] (main) io.apicurio.tests.serdes.apicurio.AvroSerdeIT.testGlobalIdInBody-FINISHED
2025-07-31 02:23:46,425 INFO  [io.api.tes.uti.TestSeparator] (main) ############################################################################
]]></system-out>
  </testcase>
  <testcase name="testProducerUsesGlobalIdConsumerUsesDefault" classname="io.apicurio.tests.serdes.apicurio.AvroSerdeIT" time="0.0">
    <skipped message="void io.apicurio.tests.serdes.apicurio.AvroSerdeIT.testProducerUsesGlobalIdConsumerUsesDefault() throws java.lang.Exception is @Disabled"/>
  </testcase>
</testsuite>