<?xml version="1.0" encoding="UTF-8"?>
<testsuite xmlns:xsi="http://www.w3.org/2001/XMLSchema-instance" xsi:noNamespaceSchemaLocation="https://maven.apache.org/surefire/maven-failsafe-plugin/xsd/failsafe-test-report.xsd" version="3.0.2" name="io.apicurio.tests.serdes.apicurio.AvroSerdeIT" time="47.966" tests="21" errors="0" skipped="2" failures="0">
  <properties>
    <property name="java.specification.version" value="17"/>
    <property name="sun.jnu.encoding" value="UTF-8"/>
    <property name="java.class.path" value="/home/runner/work/apicurio-testing/apicurio-testing/clusters/ci419/namespaces/postgresql/tests/integration/apicurio-registry/integration-tests/target/test-classes:/home/runner/work/apicurio-testing/apicurio-testing/clusters/ci419/namespaces/postgresql/tests/integration/apicurio-registry/integration-tests/target/apicurio-registry-integration-tests-3.0.11-SNAPSHOT.jar:/home/runner/.m2/repository/io/quarkus/quarkus-junit5/3.20.1/quarkus-junit5-3.20.1.jar:/home/runner/.m2/repository/io/quarkus/quarkus-bootstrap-core/3.20.1/quarkus-bootstrap-core-3.20.1.jar:/home/runner/.m2/repository/io/quarkus/quarkus-classloader-commons/3.20.1/quarkus-classloader-commons-3.20.1.jar:/home/runner/.m2/repository/io/quarkus/quarkus-bootstrap-app-model/3.20.1/quarkus-bootstrap-app-model-3.20.1.jar:/home/runner/.m2/repository/io/smallrye/common/smallrye-common-io/2.12.0/smallrye-common-io-2.12.0.jar:/home/runner/.m2/repository/org/eclipse/sisu/org.eclipse.sisu.inject/0.9.0.M3/org.eclipse.sisu.inject-0.9.0.M3.jar:/home/runner/.m2/repository/io/quarkus/quarkus-test-common/3.20.1/quarkus-test-common-3.20.1.jar:/home/runner/.m2/repository/io/quarkus/quarkus-core-deployment/3.20.1/quarkus-core-deployment-3.20.1.jar:/home/runner/.m2/repository/org/aesh/readline/2.6/readline-2.6.jar:/home/runner/.m2/repository/org/fusesource/jansi/jansi/2.4.0/jansi-2.4.0.jar:/home/runner/.m2/repository/org/aesh/aesh/2.8.2/aesh-2.8.2.jar:/home/runner/.m2/repository/io/quarkus/gizmo/gizmo/1.8.0/gizmo-1.8.0.jar:/home/runner/.m2/repository/org/ow2/asm/asm-util/9.7.1/asm-util-9.7.1.jar:/home/runner/.m2/repository/org/ow2/asm/asm-analysis/9.7.1/asm-analysis-9.7.1.jar:/home/runner/.m2/repository/org/ow2/asm/asm-commons/9.7.1/asm-commons-9.7.1.jar:/home/runner/.m2/repository/org/ow2/asm/asm-tree/9.7.1/asm-tree-9.7.1.jar:/home/runner/.m2/repository/io/quarkus/quarkus-hibernate-validator-spi/3.20.1/quarkus-hibernate-validator-spi-3.20.1.jar:/home/runner/.m2/repository/io/quarkus/quarkus-class-change-agent/3.20.1/quarkus-class-change-agent-3.20.1.jar:/home/runner/.m2/repository/io/quarkus/quarkus-devtools-utilities/3.20.1/quarkus-devtools-utilities-3.20.1.jar:/home/runner/.m2/repository/io/quarkus/quarkus-builder/3.20.1/quarkus-builder-3.20.1.jar:/home/runner/.m2/repository/org/graalvm/sdk/nativeimage/23.1.2/nativeimage-23.1.2.jar:/home/runner/.m2/repository/org/graalvm/sdk/word/23.1.2/word-23.1.2.jar:/home/runner/.m2/repository/io/quarkus/quarkus-bootstrap-maven-resolver/3.20.1/quarkus-bootstrap-maven-resolver-3.20.1.jar:/home/runner/.m2/repository/io/smallrye/beanbag/smallrye-beanbag-maven/1.5.2/smallrye-beanbag-maven-1.5.2.jar:/home/runner/.m2/repository/io/smallrye/beanbag/smallrye-beanbag-sisu/1.5.2/smallrye-beanbag-sisu-1.5.2.jar:/home/runner/.m2/repository/io/smallrye/beanbag/smallrye-beanbag/1.5.2/smallrye-beanbag-1.5.2.jar:/home/runner/.m2/repository/javax/inject/javax.inject/1/javax.inject-1.jar:/home/runner/.m2/repository/org/apache/maven/maven-artifact/3.9.9/maven-artifact-3.9.9.jar:/home/runner/.m2/repository/org/apache/maven/maven-builder-support/3.9.9/maven-builder-support-3.9.9.jar:/home/runner/.m2/repository/org/apache/maven/maven-model/3.9.9/maven-model-3.9.9.jar:/home/runner/.m2/repository/org/apache/maven/maven-model-builder/3.9.9/maven-model-builder-3.9.9.jar:/home/runner/.m2/repository/org/apache/maven/maven-repository-metadata/3.9.9/maven-repository-metadata-3.9.9.jar:/home/runner/.m2/repository/org/apache/maven/maven-settings/3.9.9/maven-settings-3.9.9.jar:/home/runner/.m2/repository/org/apache/maven/resolver/maven-resolver-api/1.9.22/maven-resolver-api-1.9.22.jar:/home/runner/.m2/repository/org/apache/maven/resolver/maven-resolver-impl/1.9.22/maven-resolver-impl-1.9.22.jar:/home/runner/.m2/repository/org/apache/maven/resolver/maven-resolver-named-locks/1.9.22/maven-resolver-named-locks-1.9.22.jar:/home/runner/.m2/repository/org/apache/maven/resolver/maven-resolver-spi/1.9.22/maven-resolver-spi-1.9.22.jar:/home/runner/.m2/repository/org/apache/maven/resolver/maven-resolver-util/1.9.22/maven-resolver-util-1.9.22.jar:/home/runner/.m2/repository/org/apache/maven/resolver/maven-resolver-transport-http/1.9.20/maven-resolver-transport-http-1.9.20.jar:/home/runner/.m2/repository/org/apache/maven/wagon/wagon-provider-api/3.5.3/wagon-provider-api-3.5.3.jar:/home/runner/.m2/repository/org/apache/maven/wagon/wagon-http-shared/3.5.3/wagon-http-shared-3.5.3.jar:/home/runner/.m2/repository/org/codehaus/plexus/plexus-interpolation/1.26/plexus-interpolation-1.26.jar:/home/runner/.m2/repository/org/codehaus/plexus/plexus-utils/3.5.1/plexus-utils-3.5.1.jar:/home/runner/.m2/repository/org/codehaus/plexus/plexus-xml/4.0.1/plexus-xml-4.0.1.jar:/home/runner/.m2/repository/org/apache/maven/maven-xml-impl/4.0.0-alpha-5/maven-xml-impl-4.0.0-alpha-5.jar:/home/runner/.m2/repository/org/apache/maven/maven-api-xml/4.0.0-alpha-5/maven-api-xml-4.0.0-alpha-5.jar:/home/runner/.m2/repository/org/apache/maven/maven-api-meta/4.0.0-alpha-5/maven-api-meta-4.0.0-alpha-5.jar:/home/runner/.m2/repository/org/codehaus/plexus/plexus-cipher/2.0/plexus-cipher-2.0.jar:/home/runner/.m2/repository/org/codehaus/plexus/plexus-sec-dispatcher/2.0/plexus-sec-dispatcher-2.0.jar:/home/runner/.m2/repository/org/apache/maven/maven-embedder/3.9.9/maven-embedder-3.9.9.jar:/home/runner/.m2/repository/org/apache/maven/maven-core/3.9.9/maven-core-3.9.9.jar:/home/runner/.m2/repository/org/codehaus/plexus/plexus-component-annotations/2.1.0/plexus-component-annotations-2.1.0.jar:/home/runner/.m2/repository/org/apache/maven/maven-plugin-api/3.9.9/maven-plugin-api-3.9.9.jar:/home/runner/.m2/repository/org/apache/maven/shared/maven-shared-utils/3.4.2/maven-shared-utils-3.4.2.jar:/home/runner/.m2/repository/com/google/inject/guice/5.1.0/guice-5.1.0.jar:/home/runner/.m2/repository/aopalliance/aopalliance/1.0/aopalliance-1.0.jar:/home/runner/.m2/repository/org/codehaus/plexus/plexus-classworlds/2.6.0/plexus-classworlds-2.6.0.jar:/home/runner/.m2/repository/commons-cli/commons-cli/1.8.0/commons-cli-1.8.0.jar:/home/runner/.m2/repository/org/eclipse/sisu/org.eclipse.sisu.plexus/0.9.0.M3/org.eclipse.sisu.plexus-0.9.0.M3.jar:/home/runner/.m2/repository/org/apache/maven/maven-settings-builder/3.9.9/maven-settings-builder-3.9.9.jar:/home/runner/.m2/repository/org/apache/maven/maven-resolver-provider/3.9.9/maven-resolver-provider-3.9.9.jar:/home/runner/.m2/repository/org/apache/maven/resolver/maven-resolver-connector-basic/1.9.22/maven-resolver-connector-basic-1.9.22.jar:/home/runner/.m2/repository/org/apache/maven/resolver/maven-resolver-transport-wagon/1.9.22/maven-resolver-transport-wagon-1.9.22.jar:/home/runner/.m2/repository/org/apache/maven/wagon/wagon-http/3.5.3/wagon-http-3.5.3.jar:/home/runner/.m2/repository/org/apache/maven/wagon/wagon-file/3.5.3/wagon-file-3.5.3.jar:/home/runner/.m2/repository/io/quarkus/quarkus-bootstrap-gradle-resolver/3.20.1/quarkus-bootstrap-gradle-resolver-3.20.1.jar:/home/runner/.m2/repository/io/smallrye/jandex/3.3.0/jandex-3.3.0.jar:/home/runner/.m2/repository/org/jboss/logging/commons-logging-jboss-logging/1.0.0.Final/commons-logging-jboss-logging-1.0.0.Final.jar:/home/runner/.m2/repository/io/quarkus/quarkus-junit5-config/3.20.1/quarkus-junit5-config-3.20.1.jar:/home/runner/.m2/repository/org/junit/jupiter/junit-jupiter-api/5.12.1/junit-jupiter-api-5.12.1.jar:/home/runner/.m2/repository/io/smallrye/config/smallrye-config/3.11.4/smallrye-config-3.11.4.jar:/home/runner/.m2/repository/io/smallrye/config/smallrye-config-core/3.11.4/smallrye-config-core-3.11.4.jar:/home/runner/.m2/repository/io/smallrye/common/smallrye-common-classloader/2.12.0/smallrye-common-classloader-2.12.0.jar:/home/runner/.m2/repository/io/smallrye/config/smallrye-config-common/3.11.4/smallrye-config-common-3.11.4.jar:/home/runner/.m2/repository/org/junit/jupiter/junit-jupiter/5.12.1/junit-jupiter-5.12.1.jar:/home/runner/.m2/repository/org/junit/jupiter/junit-jupiter-params/5.12.1/junit-jupiter-params-5.12.1.jar:/home/runner/.m2/repository/org/junit/jupiter/junit-jupiter-engine/5.12.1/junit-jupiter-engine-5.12.1.jar:/home/runner/.m2/repository/io/quarkus/quarkus-core/3.20.1/quarkus-core-3.20.1.jar:/home/runner/.m2/repository/jakarta/enterprise/jakarta.enterprise.cdi-api/4.1.0/jakarta.enterprise.cdi-api-4.1.0.jar:/home/runner/.m2/repository/jakarta/enterprise/jakarta.enterprise.lang-model/4.1.0/jakarta.enterprise.lang-model-4.1.0.jar:/home/runner/.m2/repository/jakarta/el/jakarta.el-api/5.0.1/jakarta.el-api-5.0.1.jar:/home/runner/.m2/repository/jakarta/interceptor/jakarta.interceptor-api/2.2.0/jakarta.interceptor-api-2.2.0.jar:/home/runner/.m2/repository/jakarta/inject/jakarta.inject-api/2.0.1/jakarta.inject-api-2.0.1.jar:/home/runner/.m2/repository/io/smallrye/common/smallrye-common-os/2.12.0/smallrye-common-os-2.12.0.jar:/home/runner/.m2/repository/io/quarkus/quarkus-ide-launcher/3.20.1/quarkus-ide-launcher-3.20.1.jar:/home/runner/.m2/repository/io/quarkus/quarkus-development-mode-spi/3.20.1/quarkus-development-mode-spi-3.20.1.jar:/home/runner/.m2/repository/org/jboss/logging/jboss-logging/3.6.1.Final/jboss-logging-3.6.1.Final.jar:/home/runner/.m2/repository/org/jboss/logmanager/jboss-logmanager/3.1.2.Final/jboss-logmanager-3.1.2.Final.jar:/home/runner/.m2/repository/io/smallrye/common/smallrye-common-constraint/2.12.0/smallrye-common-constraint-2.12.0.jar:/home/runner/.m2/repository/io/smallrye/common/smallrye-common-cpu/2.12.0/smallrye-common-cpu-2.12.0.jar:/home/runner/.m2/repository/io/smallrye/common/smallrye-common-expression/2.12.0/smallrye-common-expression-2.12.0.jar:/home/runner/.m2/repository/io/smallrye/common/smallrye-common-net/2.12.0/smallrye-common-net-2.12.0.jar:/home/runner/.m2/repository/io/smallrye/common/smallrye-common-ref/2.12.0/smallrye-common-ref-2.12.0.jar:/home/runner/.m2/repository/jakarta/json/jakarta.json-api/2.1.3/jakarta.json-api-2.1.3.jar:/home/runner/.m2/repository/org/eclipse/parsson/parsson/1.1.7/parsson-1.1.7.jar:/home/runner/.m2/repository/org/jboss/logging/jboss-logging-annotations/3.0.4.Final/jboss-logging-annotations-3.0.4.Final.jar:/home/runner/.m2/repository/org/jboss/threads/jboss-threads/3.8.0.Final/jboss-threads-3.8.0.Final.jar:/home/runner/.m2/repository/io/smallrye/common/smallrye-common-annotation/2.12.0/smallrye-common-annotation-2.12.0.jar:/home/runner/.m2/repository/io/smallrye/common/smallrye-common-function/2.12.0/smallrye-common-function-2.12.0.jar:/home/runner/.m2/repository/org/jboss/slf4j/slf4j-jboss-logmanager/2.0.0.Final/slf4j-jboss-logmanager-2.0.0.Final.jar:/home/runner/.m2/repository/org/wildfly/common/wildfly-common/2.0.1/wildfly-common-2.0.1.jar:/home/runner/.m2/repository/io/quarkus/quarkus-bootstrap-runner/3.20.1/quarkus-bootstrap-runner-3.20.1.jar:/home/runner/.m2/repository/io/github/crac/org-crac/0.1.3/org-crac-0.1.3.jar:/home/runner/.m2/repository/io/quarkus/quarkus-fs-util/0.0.10/quarkus-fs-util-0.0.10.jar:/home/runner/.m2/repository/org/jboss/marshalling/jboss-marshalling/2.2.2.Final/jboss-marshalling-2.2.2.Final.jar:/home/runner/.m2/repository/io/fabric8/kubernetes-client/7.1.0/kubernetes-client-7.1.0.jar:/home/runner/.m2/repository/io/fabric8/kubernetes-client-api/7.1.0/kubernetes-client-api-7.1.0.jar:/home/runner/.m2/repository/io/fabric8/kubernetes-model-core/7.1.0/kubernetes-model-core-7.1.0.jar:/home/runner/.m2/repository/io/fabric8/kubernetes-model-common/7.1.0/kubernetes-model-common-7.1.0.jar:/home/runner/.m2/repository/javax/annotation/javax.annotation-api/1.3.2/javax.annotation-api-1.3.2.jar:/home/runner/.m2/repository/io/fabric8/kubernetes-model-gatewayapi/7.1.0/kubernetes-model-gatewayapi-7.1.0.jar:/home/runner/.m2/repository/io/fabric8/kubernetes-model-resource/7.1.0/kubernetes-model-resource-7.1.0.jar:/home/runner/.m2/repository/io/fabric8/kubernetes-model-rbac/7.1.0/kubernetes-model-rbac-7.1.0.jar:/home/runner/.m2/repository/io/fabric8/kubernetes-model-admissionregistration/7.1.0/kubernetes-model-admissionregistration-7.1.0.jar:/home/runner/.m2/repository/io/fabric8/kubernetes-model-apps/7.1.0/kubernetes-model-apps-7.1.0.jar:/home/runner/.m2/repository/io/fabric8/kubernetes-model-autoscaling/7.1.0/kubernetes-model-autoscaling-7.1.0.jar:/home/runner/.m2/repository/io/fabric8/kubernetes-model-apiextensions/7.1.0/kubernetes-model-apiextensions-7.1.0.jar:/home/runner/.m2/repository/io/fabric8/kubernetes-model-batch/7.1.0/kubernetes-model-batch-7.1.0.jar:/home/runner/.m2/repository/io/fabric8/kubernetes-model-certificates/7.1.0/kubernetes-model-certificates-7.1.0.jar:/home/runner/.m2/repository/io/fabric8/kubernetes-model-coordination/7.1.0/kubernetes-model-coordination-7.1.0.jar:/home/runner/.m2/repository/io/fabric8/kubernetes-model-discovery/7.1.0/kubernetes-model-discovery-7.1.0.jar:/home/runner/.m2/repository/io/fabric8/kubernetes-model-events/7.1.0/kubernetes-model-events-7.1.0.jar:/home/runner/.m2/repository/io/fabric8/kubernetes-model-extensions/7.1.0/kubernetes-model-extensions-7.1.0.jar:/home/runner/.m2/repository/io/fabric8/kubernetes-model-flowcontrol/7.1.0/kubernetes-model-flowcontrol-7.1.0.jar:/home/runner/.m2/repository/io/fabric8/kubernetes-model-networking/7.1.0/kubernetes-model-networking-7.1.0.jar:/home/runner/.m2/repository/io/fabric8/kubernetes-model-metrics/7.1.0/kubernetes-model-metrics-7.1.0.jar:/home/runner/.m2/repository/io/fabric8/kubernetes-model-policy/7.1.0/kubernetes-model-policy-7.1.0.jar:/home/runner/.m2/repository/io/fabric8/kubernetes-model-scheduling/7.1.0/kubernetes-model-scheduling-7.1.0.jar:/home/runner/.m2/repository/io/fabric8/kubernetes-model-storageclass/7.1.0/kubernetes-model-storageclass-7.1.0.jar:/home/runner/.m2/repository/io/fabric8/kubernetes-model-node/7.1.0/kubernetes-model-node-7.1.0.jar:/home/runner/.m2/repository/org/snakeyaml/snakeyaml-engine/2.9/snakeyaml-engine-2.9.jar:/home/runner/.m2/repository/com/fasterxml/jackson/dataformat/jackson-dataformat-yaml/2.15.2/jackson-dataformat-yaml-2.15.2.jar:/home/runner/.m2/repository/com/fasterxml/jackson/datatype/jackson-datatype-jsr310/2.18.2/jackson-datatype-jsr310-2.18.2.jar:/home/runner/.m2/repository/io/fabric8/zjsonpatch/7.1.0/zjsonpatch-7.1.0.jar:/home/runner/.m2/repository/io/fabric8/kubernetes-httpclient-vertx/7.1.0/kubernetes-httpclient-vertx-7.1.0.jar:/home/runner/.m2/repository/io/vertx/vertx-web-client/4.5.14/vertx-web-client-4.5.14.jar:/home/runner/.m2/repository/io/vertx/vertx-web-common/4.5.14/vertx-web-common-4.5.14.jar:/home/runner/.m2/repository/io/vertx/vertx-auth-common/4.5.14/vertx-auth-common-4.5.14.jar:/home/runner/.m2/repository/io/vertx/vertx-uri-template/4.5.14/vertx-uri-template-4.5.14.jar:/home/runner/.m2/repository/io/fabric8/openshift-client/7.1.0/openshift-client-7.1.0.jar:/home/runner/.m2/repository/io/fabric8/openshift-client-api/7.1.0/openshift-client-api-7.1.0.jar:/home/runner/.m2/repository/io/fabric8/openshift-model/7.1.0/openshift-model-7.1.0.jar:/home/runner/.m2/repository/io/fabric8/openshift-model-autoscaling/7.1.0/openshift-model-autoscaling-7.1.0.jar:/home/runner/.m2/repository/io/fabric8/openshift-model-operator/7.1.0/openshift-model-operator-7.1.0.jar:/home/runner/.m2/repository/io/fabric8/openshift-model-operatorhub/7.1.0/openshift-model-operatorhub-7.1.0.jar:/home/runner/.m2/repository/io/fabric8/openshift-model-machine/7.1.0/openshift-model-machine-7.1.0.jar:/home/runner/.m2/repository/io/fabric8/openshift-model-whereabouts/7.1.0/openshift-model-whereabouts-7.1.0.jar:/home/runner/.m2/repository/io/fabric8/openshift-model-monitoring/7.1.0/openshift-model-monitoring-7.1.0.jar:/home/runner/.m2/repository/io/fabric8/openshift-model-storageversionmigrator/7.1.0/openshift-model-storageversionmigrator-7.1.0.jar:/home/runner/.m2/repository/io/fabric8/openshift-model-tuned/7.1.0/openshift-model-tuned-7.1.0.jar:/home/runner/.m2/repository/io/fabric8/openshift-model-console/7.1.0/openshift-model-console-7.1.0.jar:/home/runner/.m2/repository/io/fabric8/openshift-model-config/7.1.0/openshift-model-config-7.1.0.jar:/home/runner/.m2/repository/io/fabric8/openshift-model-machineconfiguration/7.1.0/openshift-model-machineconfiguration-7.1.0.jar:/home/runner/.m2/repository/io/fabric8/openshift-model-miscellaneous/7.1.0/openshift-model-miscellaneous-7.1.0.jar:/home/runner/.m2/repository/io/fabric8/openshift-model-hive/7.1.0/openshift-model-hive-7.1.0.jar:/home/runner/.m2/repository/io/fabric8/openshift-model-installer/7.1.0/openshift-model-installer-7.1.0.jar:/home/runner/.m2/repository/org/junit/platform/junit-platform-launcher/1.12.1/junit-platform-launcher-1.12.1.jar:/home/runner/.m2/repository/org/junit/platform/junit-platform-engine/1.12.1/junit-platform-engine-1.12.1.jar:/home/runner/.m2/repository/org/opentest4j/opentest4j/1.3.0/opentest4j-1.3.0.jar:/home/runner/.m2/repository/org/junit/platform/junit-platform-commons/1.12.1/junit-platform-commons-1.12.1.jar:/home/runner/.m2/repository/org/apiguardian/apiguardian-api/1.1.2/apiguardian-api-1.1.2.jar:/home/runner/.m2/repository/jakarta/ws/rs/jakarta.ws.rs-api/3.1.0/jakarta.ws.rs-api-3.1.0.jar:/home/runner/work/apicurio-testing/apicurio-testing/clusters/ci419/namespaces/postgresql/tests/integration/apicurio-registry/java-sdk/target/apicurio-registry-java-sdk-3.0.11-SNAPSHOT.jar:/home/runner/.m2/repository/com/microsoft/kiota/microsoft-kiota-abstractions/1.8.8/microsoft-kiota-abstractions-1.8.8.jar:/home/runner/.m2/repository/io/github/std-uritemplate/std-uritemplate/2.0.0/std-uritemplate-2.0.0.jar:/home/runner/.m2/repository/io/kiota/kiota-http-jdk/0.0.21/kiota-http-jdk-0.0.21.jar:/home/runner/.m2/repository/io/kiota/kiota-http-vertx/0.0.21/kiota-http-vertx-0.0.21.jar:/home/runner/.m2/repository/io/kiota/kiota-serialization-jackson/0.0.21/kiota-serialization-jackson-0.0.21.jar:/home/runner/.m2/repository/com/microsoft/kiota/microsoft-kiota-serialization-text/1.8.8/microsoft-kiota-serialization-text-1.8.8.jar:/home/runner/.m2/repository/com/microsoft/kiota/microsoft-kiota-serialization-form/1.8.8/microsoft-kiota-serialization-form-1.8.8.jar:/home/runner/.m2/repository/com/microsoft/kiota/microsoft-kiota-serialization-multipart/1.8.8/microsoft-kiota-serialization-multipart-1.8.8.jar:/home/runner/.m2/repository/jakarta/annotation/jakarta.annotation-api/3.0.0/jakarta.annotation-api-3.0.0.jar:/home/runner/.m2/repository/io/vertx/vertx-auth-oauth2/4.5.14/vertx-auth-oauth2-4.5.14.jar:/home/runner/work/apicurio-testing/apicurio-testing/clusters/ci419/namespaces/postgresql/tests/integration/apicurio-registry/java-sdk-v2/target/apicurio-registry-v2-java-sdk-3.0.11-SNAPSHOT.jar:/home/runner/work/apicurio-testing/apicurio-testing/clusters/ci419/namespaces/postgresql/tests/integration/apicurio-registry/utils/kafka/target/apicurio-registry-utils-kafka-3.0.11-SNAPSHOT-tests.jar:/home/runner/.m2/repository/org/eclipse/microprofile/config/microprofile-config-api/3.1/microprofile-config-api-3.1.jar:/home/runner/.m2/repository/org/apache/kafka/kafka-clients/3.9.1/kafka-clients-3.9.1.jar:/home/runner/.m2/repository/com/github/luben/zstd-jni/1.5.6-4/zstd-jni-1.5.6-4.jar:/home/runner/.m2/repository/org/lz4/lz4-java/1.8.0/lz4-java-1.8.0.jar:/home/runner/.m2/repository/org/xerial/snappy/snappy-java/1.1.10.5/snappy-java-1.1.10.5.jar:/home/runner/.m2/repository/org/slf4j/slf4j-api/2.0.6/slf4j-api-2.0.6.jar:/home/runner/work/apicurio-testing/apicurio-testing/clusters/ci419/namespaces/postgresql/tests/integration/apicurio-registry/utils/tests/target/apicurio-registry-utils-tests-3.0.11-SNAPSHOT.jar:/home/runner/work/apicurio-testing/apicurio-testing/clusters/ci419/namespaces/postgresql/tests/integration/apicurio-registry/common/target/apicurio-registry-common-3.0.11-SNAPSHOT.jar:/home/runner/.m2/repository/jakarta/validation/jakarta.validation-api/3.0.2/jakarta.validation-api-3.0.2.jar:/home/runner/.m2/repository/com/github/dasniko/testcontainers-keycloak/3.6.0/testcontainers-keycloak-3.6.0.jar:/home/runner/.m2/repository/org/testcontainers/testcontainers/1.20.6/testcontainers-1.20.6.jar:/home/runner/.m2/repository/org/rnorth/duct-tape/duct-tape/1.0.8/duct-tape-1.0.8.jar:/home/runner/.m2/repository/org/jetbrains/annotations/26.0.2/annotations-26.0.2.jar:/home/runner/.m2/repository/com/github/docker-java/docker-java-transport-zerodep/3.4.1/docker-java-transport-zerodep-3.4.1.jar:/home/runner/.m2/repository/com/github/docker-java/docker-java-transport/3.4.1/docker-java-transport-3.4.1.jar:/home/runner/.m2/repository/net/java/dev/jna/jna/5.8.0/jna-5.8.0.jar:/home/runner/.m2/repository/io/quarkus/quarkus-junit4-mock/3.20.1/quarkus-junit4-mock-3.20.1.jar:/home/runner/.m2/repository/org/jboss/shrinkwrap/shrinkwrap-api/2.0.0-beta-2/shrinkwrap-api-2.0.0-beta-2.jar:/home/runner/.m2/repository/org/jboss/shrinkwrap/shrinkwrap-impl-base/2.0.0-beta-2/shrinkwrap-impl-base-2.0.0-beta-2.jar:/home/runner/.m2/repository/org/jboss/shrinkwrap/shrinkwrap-spi/2.0.0-beta-2/shrinkwrap-spi-2.0.0-beta-2.jar:/home/runner/.m2/repository/org/keycloak/keycloak-admin-client/26.0.4/keycloak-admin-client-26.0.4.jar:/home/runner/.m2/repository/org/keycloak/keycloak-client-common-synced/26.0.4/keycloak-client-common-synced-26.0.4.jar:/home/runner/.m2/repository/jakarta/activation/jakarta.activation-api/2.1.3/jakarta.activation-api-2.1.3.jar:/home/runner/.m2/repository/org/eclipse/microprofile/openapi/microprofile-openapi-api/4.0.2/microprofile-openapi-api-4.0.2.jar:/home/runner/.m2/repository/org/jboss/resteasy/resteasy-client/6.2.12.Final/resteasy-client-6.2.12.Final.jar:/home/runner/.m2/repository/org/jboss/resteasy/resteasy-client-api/6.2.12.Final/resteasy-client-api-6.2.12.Final.jar:/home/runner/.m2/repository/org/jboss/resteasy/resteasy-core-spi/6.2.12.Final/resteasy-core-spi-6.2.12.Final.jar:/home/runner/.m2/repository/org/jboss/resteasy/resteasy-core/6.2.12.Final/resteasy-core-6.2.12.Final.jar:/home/runner/.m2/repository/org/eclipse/angus/angus-activation/2.0.2/angus-activation-2.0.2.jar:/home/runner/.m2/repository/com/ibm/async/asyncutil/0.1.0/asyncutil-0.1.0.jar:/home/runner/.m2/repository/org/reactivestreams/reactive-streams/1.0.4/reactive-streams-1.0.4.jar:/home/runner/.m2/repository/org/jboss/resteasy/resteasy-multipart-provider/6.2.12.Final/resteasy-multipart-provider-6.2.12.Final.jar:/home/runner/.m2/repository/jakarta/mail/jakarta.mail-api/2.1.3/jakarta.mail-api-2.1.3.jar:/home/runner/.m2/repository/org/eclipse/angus/angus-mail/2.0.3/angus-mail-2.0.3.jar:/home/runner/.m2/repository/org/apache/james/apache-mime4j-dom/0.8.12/apache-mime4j-dom-0.8.12.jar:/home/runner/.m2/repository/org/apache/james/apache-mime4j-core/0.8.12/apache-mime4j-core-0.8.12.jar:/home/runner/.m2/repository/org/apache/james/apache-mime4j-storage/0.8.12/apache-mime4j-storage-0.8.12.jar:/home/runner/.m2/repository/org/jboss/resteasy/resteasy-jackson2-provider/6.2.12.Final/resteasy-jackson2-provider-6.2.12.Final.jar:/home/runner/.m2/repository/com/fasterxml/jackson/jakarta/rs/jackson-jakarta-rs-base/2.18.2/jackson-jakarta-rs-base-2.18.2.jar:/home/runner/.m2/repository/com/fasterxml/jackson/jakarta/rs/jackson-jakarta-rs-json-provider/2.18.2/jackson-jakarta-rs-json-provider-2.18.2.jar:/home/runner/.m2/repository/com/fasterxml/jackson/module/jackson-module-jakarta-xmlbind-annotations/2.18.2/jackson-module-jakarta-xmlbind-annotations-2.18.2.jar:/home/runner/.m2/repository/com/github/java-json-tools/json-patch/1.13/json-patch-1.13.jar:/home/runner/.m2/repository/com/github/java-json-tools/msg-simple/1.2/msg-simple-1.2.jar:/home/runner/.m2/repository/com/github/java-json-tools/btf/1.3/btf-1.3.jar:/home/runner/.m2/repository/com/github/java-json-tools/jackson-coreutils/2.0/jackson-coreutils-2.0.jar:/home/runner/.m2/repository/org/jboss/resteasy/resteasy-jaxb-provider/6.2.12.Final/resteasy-jaxb-provider-6.2.12.Final.jar:/home/runner/.m2/repository/org/glassfish/jaxb/codemodel/4.0.5/codemodel-4.0.5.jar:/home/runner/.m2/repository/org/glassfish/jaxb/jaxb-core/4.0.5/jaxb-core-4.0.5.jar:/home/runner/.m2/repository/org/glassfish/jaxb/jaxb-jxc/4.0.5/jaxb-jxc-4.0.5.jar:/home/runner/.m2/repository/org/glassfish/jaxb/jaxb-runtime/4.0.5/jaxb-runtime-4.0.5.jar:/home/runner/.m2/repository/org/glassfish/jaxb/txw2/4.0.5/txw2-4.0.5.jar:/home/runner/.m2/repository/org/glassfish/jaxb/jaxb-xjc/4.0.5/jaxb-xjc-4.0.5.jar:/home/runner/.m2/repository/org/glassfish/jaxb/xsom/4.0.5/xsom-4.0.5.jar:/home/runner/.m2/repository/com/sun/istack/istack-commons-runtime/4.1.2/istack-commons-runtime-4.1.2.jar:/home/runner/.m2/repository/com/sun/istack/istack-commons-tools/4.1.2/istack-commons-tools-4.1.2.jar:/home/runner/.m2/repository/com/sun/xml/bind/external/relaxng-datatype/4.0.5/relaxng-datatype-4.0.5.jar:/home/runner/.m2/repository/com/sun/xml/bind/external/rngom/4.0.5/rngom-4.0.5.jar:/home/runner/.m2/repository/org/testcontainers/mssqlserver/1.20.6/mssqlserver-1.20.6.jar:/home/runner/.m2/repository/org/testcontainers/jdbc/1.20.6/jdbc-1.20.6.jar:/home/runner/.m2/repository/org/testcontainers/database-commons/1.20.6/database-commons-1.20.6.jar:/home/runner/.m2/repository/org/testcontainers/mysql/1.20.6/mysql-1.20.6.jar:/home/runner/.m2/repository/io/strimzi/strimzi-test-container/0.107.0/strimzi-test-container-0.107.0.jar:/home/runner/.m2/repository/org/testcontainers/toxiproxy/1.20.6/toxiproxy-1.20.6.jar:/home/runner/.m2/repository/com/github/docker-java/docker-java-api/3.4.1/docker-java-api-3.4.1.jar:/home/runner/.m2/repository/eu/rekawek/toxiproxy/toxiproxy-java/2.1.7/toxiproxy-java-2.1.7.jar:/home/runner/.m2/repository/junit/junit/4.13.2/junit-4.13.2.jar:/home/runner/.m2/repository/org/hamcrest/hamcrest-core/1.3/hamcrest-core-1.3.jar:/home/runner/.m2/repository/org/testcontainers/pulsar/1.20.4/pulsar-1.20.4.jar:/home/runner/.m2/repository/io/debezium/debezium-testing-testcontainers/2.6.2.Final/debezium-testing-testcontainers-2.6.2.Final.jar:/home/runner/.m2/repository/org/testcontainers/kafka/1.20.6/kafka-1.20.6.jar:/home/runner/.m2/repository/com/squareup/okhttp3/okhttp/4.8.1/okhttp-4.8.1.jar:/home/runner/.m2/repository/com/squareup/okio/okio/3.10.2/okio-3.10.2.jar:/home/runner/.m2/repository/com/squareup/okio/okio-jvm/3.10.2/okio-jvm-3.10.2.jar:/home/runner/.m2/repository/org/jetbrains/kotlin/kotlin-stdlib/2.0.21/kotlin-stdlib-2.0.21.jar:/home/runner/.m2/repository/org/awaitility/awaitility/4.2.2/awaitility-4.2.2.jar:/home/runner/.m2/repository/org/testcontainers/mongodb/1.20.6/mongodb-1.20.6.jar:/home/runner/.m2/repository/org/testcontainers/oracle-xe/1.20.6/oracle-xe-1.20.6.jar:/home/runner/.m2/repository/org/testcontainers/postgresql/1.20.6/postgresql-1.20.6.jar:/home/runner/.m2/repository/org/wiremock/wiremock/3.0.1/wiremock-3.0.1.jar:/home/runner/.m2/repository/org/eclipse/jetty/jetty-server/11.0.15/jetty-server-11.0.15.jar:/home/runner/.m2/repository/org/eclipse/jetty/toolchain/jetty-jakarta-servlet-api/5.0.2/jetty-jakarta-servlet-api-5.0.2.jar:/home/runner/.m2/repository/org/eclipse/jetty/jetty-http/11.0.15/jetty-http-11.0.15.jar:/home/runner/.m2/repository/org/eclipse/jetty/jetty-io/11.0.15/jetty-io-11.0.15.jar:/home/runner/.m2/repository/org/eclipse/jetty/jetty-servlet/11.0.15/jetty-servlet-11.0.15.jar:/home/runner/.m2/repository/org/eclipse/jetty/jetty-security/11.0.15/jetty-security-11.0.15.jar:/home/runner/.m2/repository/org/eclipse/jetty/jetty-servlets/11.0.15/jetty-servlets-11.0.15.jar:/home/runner/.m2/repository/org/eclipse/jetty/jetty-util/11.0.15/jetty-util-11.0.15.jar:/home/runner/.m2/repository/org/eclipse/jetty/jetty-webapp/11.0.15/jetty-webapp-11.0.15.jar:/home/runner/.m2/repository/org/eclipse/jetty/jetty-xml/11.0.15/jetty-xml-11.0.15.jar:/home/runner/.m2/repository/org/eclipse/jetty/jetty-proxy/11.0.15/jetty-proxy-11.0.15.jar:/home/runner/.m2/repository/org/eclipse/jetty/jetty-client/11.0.15/jetty-client-11.0.15.jar:/home/runner/.m2/repository/org/eclipse/jetty/http2/http2-server/11.0.15/http2-server-11.0.15.jar:/home/runner/.m2/repository/org/eclipse/jetty/http2/http2-common/11.0.15/http2-common-11.0.15.jar:/home/runner/.m2/repository/org/eclipse/jetty/http2/http2-hpack/11.0.15/http2-hpack-11.0.15.jar:/home/runner/.m2/repository/org/eclipse/jetty/jetty-alpn-server/11.0.15/jetty-alpn-server-11.0.15.jar:/home/runner/.m2/repository/org/eclipse/jetty/jetty-alpn-java-server/11.0.15/jetty-alpn-java-server-11.0.15.jar:/home/runner/.m2/repository/org/eclipse/jetty/jetty-alpn-java-client/11.0.15/jetty-alpn-java-client-11.0.15.jar:/home/runner/.m2/repository/org/eclipse/jetty/jetty-alpn-client/11.0.15/jetty-alpn-client-11.0.15.jar:/home/runner/.m2/repository/org/apache/httpcomponents/client5/httpclient5/5.2.1/httpclient5-5.2.1.jar:/home/runner/.m2/repository/org/apache/httpcomponents/core5/httpcore5/5.2/httpcore5-5.2.jar:/home/runner/.m2/repository/org/apache/httpcomponents/core5/httpcore5-h2/5.2/httpcore5-h2-5.2.jar:/home/runner/.m2/repository/org/xmlunit/xmlunit-core/2.9.1/xmlunit-core-2.9.1.jar:/home/runner/.m2/repository/jakarta/xml/bind/jakarta.xml.bind-api/4.0.2/jakarta.xml.bind-api-4.0.2.jar:/home/runner/.m2/repository/org/xmlunit/xmlunit-legacy/2.9.1/xmlunit-legacy-2.9.1.jar:/home/runner/.m2/repository/org/xmlunit/xmlunit-placeholders/2.9.1/xmlunit-placeholders-2.9.1.jar:/home/runner/.m2/repository/net/javacrumbs/json-unit/json-unit-core/2.38.0/json-unit-core-2.38.0.jar:/home/runner/.m2/repository/com/jayway/jsonpath/json-path/2.8.0/json-path-2.8.0.jar:/home/runner/.m2/repository/net/minidev/json-smart/2.4.10/json-smart-2.4.10.jar:/home/runner/.m2/repository/net/minidev/accessors-smart/2.4.9/accessors-smart-2.4.9.jar:/home/runner/.m2/repository/org/ow2/asm/asm/9.7.1/asm-9.7.1.jar:/home/runner/.m2/repository/net/sf/jopt-simple/jopt-simple/5.0.4/jopt-simple-5.0.4.jar:/home/runner/.m2/repository/com/github/jknack/handlebars/4.3.1/handlebars-4.3.1.jar:/home/runner/.m2/repository/com/github/jknack/handlebars-helpers/4.3.1/handlebars-helpers-4.3.1.jar:/home/runner/.m2/repository/commons-fileupload/commons-fileupload/1.5/commons-fileupload-1.5.jar:/home/runner/.m2/repository/com/networknt/json-schema-validator/1.5.5/json-schema-validator-1.5.5.jar:/home/runner/.m2/repository/com/ethlo/time/itu/1.10.3/itu-1.10.3.jar:/home/runner/.m2/repository/io/quarkus/quarkus-smallrye-jwt-build/3.20.1/quarkus-smallrye-jwt-build-3.20.1.jar:/home/runner/.m2/repository/io/smallrye/smallrye-jwt-build/4.6.1/smallrye-jwt-build-4.6.1.jar:/home/runner/.m2/repository/org/eclipse/microprofile/jwt/microprofile-jwt-auth-api/2.1/microprofile-jwt-auth-api-2.1.jar:/home/runner/.m2/repository/org/bitbucket/b_c/jose4j/0.9.6/jose4j-0.9.6.jar:/home/runner/.m2/repository/io/smallrye/smallrye-jwt-common/4.6.1/smallrye-jwt-common-4.6.1.jar:/home/runner/.m2/repository/io/quarkus/quarkus-jsonp/3.20.1/quarkus-jsonp-3.20.1.jar:/home/runner/.m2/repository/io/quarkus/quarkus-arc/3.20.1/quarkus-arc-3.20.1.jar:/home/runner/.m2/repository/io/quarkus/arc/arc/3.20.1/arc-3.20.1.jar:/home/runner/.m2/repository/jakarta/transaction/jakarta.transaction-api/2.0.1/jakarta.transaction-api-2.0.1.jar:/home/runner/.m2/repository/io/smallrye/reactive/mutiny/2.8.0/mutiny-2.8.0.jar:/home/runner/.m2/repository/org/jctools/jctools-core/4.0.5/jctools-core-4.0.5.jar:/home/runner/.m2/repository/org/eclipse/microprofile/context-propagation/microprofile-context-propagation-api/1.3/microprofile-context-propagation-api-1.3.jar:/home/runner/.m2/repository/io/apicurio/apicurio-common-rest-client-common/0.1.18.Final/apicurio-common-rest-client-common-0.1.18.Final.jar:/home/runner/work/apicurio-testing/apicurio-testing/clusters/ci419/namespaces/postgresql/tests/integration/apicurio-registry/utils/maven-plugin/target/apicurio-registry-maven-plugin-3.0.11-SNAPSHOT.jar:/home/runner/.m2/repository/com/fasterxml/jackson/core/jackson-databind/2.18.2/jackson-databind-2.18.2.jar:/home/runner/.m2/repository/org/apache/avro/avro/1.12.0/avro-1.12.0.jar:/home/runner/.m2/repository/com/google/protobuf/protobuf-java/4.31.1/protobuf-java-4.31.1.jar:/home/runner/.m2/repository/com/google/protobuf/protobuf-java-util/4.31.1/protobuf-java-util-4.31.1.jar:/home/runner/.m2/repository/com/google/code/findbugs/jsr305/3.0.2/jsr305-3.0.2.jar:/home/runner/.m2/repository/com/google/code/gson/gson/2.12.1/gson-2.12.1.jar:/home/runner/.m2/repository/com/google/errorprone/error_prone_annotations/2.36.0/error_prone_annotations-2.36.0.jar:/home/runner/.m2/repository/com/google/j2objc/j2objc-annotations/2.8/j2objc-annotations-2.8.jar:/home/runner/work/apicurio-testing/apicurio-testing/clusters/ci419/namespaces/postgresql/tests/integration/apicurio-registry/schema-util/util-provider/target/apicurio-registry-schema-util-provider-3.0.11-SNAPSHOT.jar:/home/runner/work/apicurio-testing/apicurio-testing/clusters/ci419/namespaces/postgresql/tests/integration/apicurio-registry/schema-util/common/target/apicurio-registry-schema-util-common-3.0.11-SNAPSHOT.jar:/home/runner/.m2/repository/com/fasterxml/jackson/module/jackson-module-parameter-names/2.18.2/jackson-module-parameter-names-2.18.2.jar:/home/runner/.m2/repository/com/fasterxml/jackson/datatype/jackson-datatype-json-org/2.18.2/jackson-datatype-json-org-2.18.2.jar:/home/runner/work/apicurio-testing/apicurio-testing/clusters/ci419/namespaces/postgresql/tests/integration/apicurio-registry/schema-util/json/target/apicurio-registry-schema-util-json-3.0.11-SNAPSHOT.jar:/home/runner/.m2/repository/com/github/erosb/everit-json-schema/1.14.5/everit-json-schema-1.14.5.jar:/home/runner/.m2/repository/commons-validator/commons-validator/1.9.0/commons-validator-1.9.0.jar:/home/runner/.m2/repository/commons-digester/commons-digester/2.1/commons-digester-2.1.jar:/home/runner/.m2/repository/commons-collections/commons-collections/3.2.2/commons-collections-3.2.2.jar:/home/runner/.m2/repository/com/damnhandy/handy-uri-templates/2.1.8/handy-uri-templates-2.1.8.jar:/home/runner/.m2/repository/joda-time/joda-time/2.10.2/joda-time-2.10.2.jar:/home/runner/.m2/repository/com/github/erosb/json-sKema/0.20.0/json-sKema-0.20.0.jar:/home/runner/.m2/repository/io/vertx/vertx-json-schema/4.5.14/vertx-json-schema-4.5.14.jar:/home/runner/work/apicurio-testing/apicurio-testing/clusters/ci419/namespaces/postgresql/tests/integration/apicurio-registry/schema-util/protobuf/target/apicurio-registry-schema-util-protobuf-3.0.11-SNAPSHOT.jar:/home/runner/work/apicurio-testing/apicurio-testing/clusters/ci419/namespaces/postgresql/tests/integration/apicurio-registry/utils/protobuf-schema-utilities/target/apicurio-registry-protobuf-schema-utilities-3.0.11-SNAPSHOT.jar:/home/runner/.m2/repository/com/google/api/grpc/proto-google-common-protos/2.52.0/proto-google-common-protos-2.52.0.jar:/home/runner/.m2/repository/com/squareup/wire/wire-schema-jvm/5.3.3/wire-schema-jvm-5.3.3.jar:/home/runner/.m2/repository/com/palantir/javapoet/javapoet/0.6.0/javapoet-0.6.0.jar:/home/runner/.m2/repository/com/squareup/kotlinpoet-jvm/2.0.0/kotlinpoet-jvm-2.0.0.jar:/home/runner/.m2/repository/org/jetbrains/kotlin/kotlin-reflect/2.0.21/kotlin-reflect-2.0.21.jar:/home/runner/.m2/repository/com/squareup/wire/wire-runtime-jvm/5.3.3/wire-runtime-jvm-5.3.3.jar:/home/runner/.m2/repository/com/ibm/icu/icu4j/76.1/icu4j-76.1.jar:/home/runner/.m2/repository/com/squareup/okio/okio-fakefilesystem/3.10.2/okio-fakefilesystem-3.10.2.jar:/home/runner/.m2/repository/com/squareup/okio/okio-fakefilesystem-jvm/3.10.2/okio-fakefilesystem-jvm-3.10.2.jar:/home/runner/.m2/repository/org/jetbrains/kotlinx/kotlinx-datetime-jvm/0.6.1/kotlinx-datetime-jvm-0.6.1.jar:/home/runner/work/apicurio-testing/apicurio-testing/clusters/ci419/namespaces/postgresql/tests/integration/apicurio-registry/schema-util/asyncapi/target/apicurio-registry-schema-util-asyncapi-3.0.11-SNAPSHOT.jar:/home/runner/work/apicurio-testing/apicurio-testing/clusters/ci419/namespaces/postgresql/tests/integration/apicurio-registry/schema-util/avro/target/apicurio-registry-schema-util-avro-3.0.11-SNAPSHOT.jar:/home/runner/work/apicurio-testing/apicurio-testing/clusters/ci419/namespaces/postgresql/tests/integration/apicurio-registry/schema-util/graphql/target/apicurio-registry-schema-util-graphql-3.0.11-SNAPSHOT.jar:/home/runner/.m2/repository/com/graphql-java/graphql-java/22.3/graphql-java-22.3.jar:/home/runner/.m2/repository/com/graphql-java/java-dataloader/3.3.0/java-dataloader-3.3.0.jar:/home/runner/work/apicurio-testing/apicurio-testing/clusters/ci419/namespaces/postgresql/tests/integration/apicurio-registry/schema-util/kconnect/target/apicurio-registry-schema-util-kconnect-3.0.11-SNAPSHOT.jar:/home/runner/work/apicurio-testing/apicurio-testing/clusters/ci419/namespaces/postgresql/tests/integration/apicurio-registry/schema-util/openapi/target/apicurio-registry-schema-util-openapi-3.0.11-SNAPSHOT.jar:/home/runner/.m2/repository/io/apicurio/apicurio-data-models/2.2.1/apicurio-data-models-2.2.1.jar:/home/runner/.m2/repository/org/openapitools/openapidiff/openapi-diff-core/2.1.2/openapi-diff-core-2.1.2.jar:/home/runner/.m2/repository/io/swagger/parser/v3/swagger-parser/2.1.28/swagger-parser-2.1.28.jar:/home/runner/.m2/repository/io/swagger/parser/v3/swagger-parser-v2-converter/2.1.28/swagger-parser-v2-converter-2.1.28.jar:/home/runner/.m2/repository/io/swagger/swagger-core/1.6.16/swagger-core-1.6.16.jar:/home/runner/.m2/repository/io/swagger/swagger-models/1.6.16/swagger-models-1.6.16.jar:/home/runner/.m2/repository/io/swagger/swagger-annotations/1.6.16/swagger-annotations-1.6.16.jar:/home/runner/.m2/repository/io/swagger/swagger-parser/1.0.75/swagger-parser-1.0.75.jar:/home/runner/.m2/repository/io/swagger/swagger-parser-safe-url-resolver/1.0.75/swagger-parser-safe-url-resolver-1.0.75.jar:/home/runner/.m2/repository/io/swagger/swagger-compat-spec-parser/1.0.75/swagger-compat-spec-parser-1.0.75.jar:/home/runner/.m2/repository/com/github/java-json-tools/json-schema-validator/2.2.14/json-schema-validator-2.2.14.jar:/home/runner/.m2/repository/com/github/java-json-tools/jackson-coreutils-equivalence/1.0/jackson-coreutils-equivalence-1.0.jar:/home/runner/.m2/repository/com/github/java-json-tools/json-schema-core/1.2.14/json-schema-core-1.2.14.jar:/home/runner/.m2/repository/com/github/java-json-tools/uri-template/0.10/uri-template-0.10.jar:/home/runner/.m2/repository/com/googlecode/libphonenumber/libphonenumber/8.11.1/libphonenumber-8.11.1.jar:/home/runner/.m2/repository/com/j2html/j2html/1.6.0/j2html-1.6.0.jar:/home/runner/.m2/repository/org/apache/commons/commons-collections4/4.5.0/commons-collections4-4.5.0.jar:/home/runner/.m2/repository/org/apache/commons/commons-configuration2/2.12.0/commons-configuration2-2.12.0.jar:/home/runner/.m2/repository/org/apache/commons/commons-text/1.13.0/commons-text-1.13.0.jar:/home/runner/.m2/repository/org/slf4j/jcl-over-slf4j/2.0.17/jcl-over-slf4j-2.0.17.jar:/home/runner/.m2/repository/io/swagger/parser/v3/swagger-parser-v3/2.1.30/swagger-parser-v3-2.1.30.jar:/home/runner/.m2/repository/io/swagger/core/v3/swagger-models/2.2.34/swagger-models-2.2.34.jar:/home/runner/.m2/repository/io/swagger/core/v3/swagger-core/2.2.34/swagger-core-2.2.34.jar:/home/runner/.m2/repository/io/swagger/parser/v3/swagger-parser-core/2.1.30/swagger-parser-core-2.1.30.jar:/home/runner/.m2/repository/io/swagger/parser/v3/swagger-parser-safe-url-resolver/2.1.30/swagger-parser-safe-url-resolver-2.1.30.jar:/home/runner/work/apicurio-testing/apicurio-testing/clusters/ci419/namespaces/postgresql/tests/integration/apicurio-registry/schema-util/wsdl/target/apicurio-registry-schema-util-wsdl-3.0.11-SNAPSHOT.jar:/home/runner/.m2/repository/wsdl4j/wsdl4j/1.6.3/wsdl4j-1.6.3.jar:/home/runner/work/apicurio-testing/apicurio-testing/clusters/ci419/namespaces/postgresql/tests/integration/apicurio-registry/schema-util/xml/target/apicurio-registry-schema-util-xml-3.0.11-SNAPSHOT.jar:/home/runner/.m2/repository/org/apache/santuario/xmlsec/4.0.3/xmlsec-4.0.3.jar:/home/runner/.m2/repository/com/fasterxml/woodstox/woodstox-core/7.1.0/woodstox-core-7.1.0.jar:/home/runner/.m2/repository/org/codehaus/woodstox/stax2-api/4.2.2/stax2-api-4.2.2.jar:/home/runner/work/apicurio-testing/apicurio-testing/clusters/ci419/namespaces/postgresql/tests/integration/apicurio-registry/schema-util/xsd/target/apicurio-registry-schema-util-xsd-3.0.11-SNAPSHOT.jar:/home/runner/work/apicurio-testing/apicurio-testing/clusters/ci419/namespaces/postgresql/tests/integration/apicurio-registry/serdes/kafka/jsonschema-serde/target/apicurio-registry-jsonschema-serde-kafka-3.0.11-SNAPSHOT.jar:/home/runner/work/apicurio-testing/apicurio-testing/clusters/ci419/namespaces/postgresql/tests/integration/apicurio-registry/serdes/kafka/serde-kafka-common/target/apicurio-registry-serde-kafka-common-3.0.11-SNAPSHOT.jar:/home/runner/work/apicurio-testing/apicurio-testing/clusters/ci419/namespaces/postgresql/tests/integration/apicurio-registry/serdes/generic/serde-common/target/apicurio-registry-serde-common-3.0.11-SNAPSHOT.jar:/home/runner/work/apicurio-testing/apicurio-testing/clusters/ci419/namespaces/postgresql/tests/integration/apicurio-registry/serdes/generic/serde-common-jsonschema/target/apicurio-registry-serde-common-jsonschema-3.0.11-SNAPSHOT.jar:/home/runner/.m2/repository/org/json/json/20250107/json-20250107.jar:/home/runner/work/apicurio-testing/apicurio-testing/clusters/ci419/namespaces/postgresql/tests/integration/apicurio-registry/serdes/kafka/avro-serde/target/apicurio-registry-avro-serde-kafka-3.0.11-SNAPSHOT.jar:/home/runner/work/apicurio-testing/apicurio-testing/clusters/ci419/namespaces/postgresql/tests/integration/apicurio-registry/serdes/generic/serde-common-avro/target/apicurio-registry-serde-common-avro-3.0.11-SNAPSHOT.jar:/home/runner/work/apicurio-testing/apicurio-testing/clusters/ci419/namespaces/postgresql/tests/integration/apicurio-registry/serdes/kafka/protobuf-serde/target/apicurio-registry-protobuf-serde-kafka-3.0.11-SNAPSHOT.jar:/home/runner/work/apicurio-testing/apicurio-testing/clusters/ci419/namespaces/postgresql/tests/integration/apicurio-registry/serdes/generic/serde-common-protobuf/target/apicurio-registry-serde-common-protobuf-3.0.11-SNAPSHOT.jar:/home/runner/.m2/repository/com/squareup/wire/wire-schema/5.3.3/wire-schema-5.3.3.jar:/home/runner/.m2/repository/com/squareup/wire/wire-runtime/5.3.3/wire-runtime-5.3.3.jar:/home/runner/work/apicurio-testing/apicurio-testing/clusters/ci419/namespaces/postgresql/tests/integration/apicurio-registry/serdes/pulsar/avro-serde/target/apicurio-registry-avro-serde-pulsar-3.0.11-SNAPSHOT.jar:/home/runner/.m2/repository/org/apache/pulsar/pulsar-functions-api/3.3.4/pulsar-functions-api-3.3.4.jar:/home/runner/work/apicurio-testing/apicurio-testing/clusters/ci419/namespaces/postgresql/tests/integration/apicurio-registry/serdes/nats/avro-serde/target/apicurio-registry-avro-serde-nats-3.0.11-SNAPSHOT.jar:/home/runner/.m2/repository/io/nats/jnats/2.20.5/jnats-2.20.5.jar:/home/runner/.m2/repository/net/i2p/crypto/eddsa/0.3.0/eddsa-0.3.0.jar:/home/runner/work/apicurio-testing/apicurio-testing/clusters/ci419/namespaces/postgresql/tests/integration/apicurio-registry/utils/converter/target/apicurio-registry-utils-converter-3.0.11-SNAPSHOT.jar:/home/runner/work/apicurio-testing/apicurio-testing/clusters/ci419/namespaces/postgresql/tests/integration/apicurio-registry/schema-resolver/target/apicurio-registry-schema-resolver-3.0.11-SNAPSHOT.jar:/home/runner/.m2/repository/org/apache/kafka/connect-api/3.9.1/connect-api-3.9.1.jar:/home/runner/.m2/repository/javax/ws/rs/javax.ws.rs-api/2.1.1/javax.ws.rs-api-2.1.1.jar:/home/runner/.m2/repository/org/apache/kafka/connect-json/3.9.1/connect-json-3.9.1.jar:/home/runner/.m2/repository/com/fasterxml/jackson/datatype/jackson-datatype-jdk8/2.18.2/jackson-datatype-jdk8-2.18.2.jar:/home/runner/.m2/repository/com/fasterxml/jackson/module/jackson-module-afterburner/2.18.2/jackson-module-afterburner-2.18.2.jar:/home/runner/work/apicurio-testing/apicurio-testing/clusters/ci419/namespaces/postgresql/tests/integration/apicurio-registry/utils/kafka/target/apicurio-registry-utils-kafka-3.0.11-SNAPSHOT.jar:/home/runner/.m2/repository/org/apache/pulsar/pulsar-client/3.3.4/pulsar-client-3.3.4.jar:/home/runner/.m2/repository/org/apache/pulsar/pulsar-client-api/3.3.4/pulsar-client-api-3.3.4.jar:/home/runner/.m2/repository/org/apache/pulsar/pulsar-client-admin-api/3.3.4/pulsar-client-admin-api-3.3.4.jar:/home/runner/.m2/repository/org/apache/pulsar/bouncy-castle-bc/3.3.4/bouncy-castle-bc-3.3.4-pkg.jar:/home/runner/.m2/repository/org/bouncycastle/bcpkix-jdk18on/1.80/bcpkix-jdk18on-1.80.jar:/home/runner/.m2/repository/org/bouncycastle/bcutil-jdk18on/1.80/bcutil-jdk18on-1.80.jar:/home/runner/.m2/repository/org/bouncycastle/bcprov-jdk18on/1.80/bcprov-jdk18on-1.80.jar:/home/runner/.m2/repository/io/opentelemetry/opentelemetry-api/1.44.1/opentelemetry-api-1.44.1.jar:/home/runner/.m2/repository/io/opentelemetry/opentelemetry-context/1.44.1/opentelemetry-context-1.44.1.jar:/home/runner/.m2/repository/io/opentelemetry/opentelemetry-api-incubator/1.44.1-alpha/opentelemetry-api-incubator-1.44.1-alpha.jar:/home/runner/.m2/repository/com/fasterxml/jackson/core/jackson-annotations/2.18.2/jackson-annotations-2.18.2.jar:/home/runner/.m2/repository/javax/validation/validation-api/1.1.0.Final/validation-api-1.1.0.Final.jar:/home/runner/.m2/repository/io/confluent/kafka-avro-serializer/8.0.0/kafka-avro-serializer-8.0.0.jar:/home/runner/.m2/repository/org/apache/commons/commons-compress/1.27.1/commons-compress-1.27.1.jar:/home/runner/.m2/repository/io/confluent/kafka-schema-serializer/8.0.0/kafka-schema-serializer-8.0.0.jar:/home/runner/.m2/repository/com/fasterxml/jackson/dataformat/jackson-dataformat-csv/2.18.2/jackson-dataformat-csv-2.18.2.jar:/home/runner/.m2/repository/io/confluent/kafka-schema-registry-client/8.0.0/kafka-schema-registry-client-8.0.0.jar:/home/runner/.m2/repository/org/yaml/snakeyaml/2.3/snakeyaml-2.3.jar:/home/runner/.m2/repository/io/swagger/core/v3/swagger-annotations/2.2.29/swagger-annotations-2.2.29.jar:/home/runner/.m2/repository/com/google/guava/guava/33.4.0-jre/guava-33.4.0-jre.jar:/home/runner/.m2/repository/com/google/guava/failureaccess/1.0.1/failureaccess-1.0.1.jar:/home/runner/.m2/repository/org/checkerframework/checker-qual/3.49.0/checker-qual-3.49.0.jar:/home/runner/.m2/repository/io/confluent/logredactor/1.0.13/logredactor-1.0.13.jar:/home/runner/.m2/repository/com/google/re2j/re2j/1.6/re2j-1.6.jar:/home/runner/.m2/repository/io/confluent/logredactor-metrics/1.0.13/logredactor-metrics-1.0.13.jar:/home/runner/.m2/repository/com/eclipsesource/minimal-json/minimal-json/0.9.5/minimal-json-0.9.5.jar:/home/runner/.m2/repository/io/confluent/common-utils/8.0.0/common-utils-8.0.0.jar:/home/runner/.m2/repository/io/confluent/kafka-connect-avro-converter/8.0.0/kafka-connect-avro-converter-8.0.0.jar:/home/runner/.m2/repository/io/confluent/kafka-connect-avro-data/8.0.0/kafka-connect-avro-data-8.0.0.jar:/home/runner/.m2/repository/io/confluent/kafka-schema-converter/8.0.0/kafka-schema-converter-8.0.0.jar:/home/runner/.m2/repository/io/rest-assured/rest-assured/5.5.1/rest-assured-5.5.1.jar:/home/runner/.m2/repository/org/apache/groovy/groovy/4.0.22/groovy-4.0.22.jar:/home/runner/.m2/repository/org/apache/groovy/groovy-xml/4.0.22/groovy-xml-4.0.22.jar:/home/runner/.m2/repository/org/apache/httpcomponents/httpclient/4.5.14/httpclient-4.5.14.jar:/home/runner/.m2/repository/org/apache/httpcomponents/httpcore/4.4.16/httpcore-4.4.16.jar:/home/runner/.m2/repository/org/apache/httpcomponents/httpmime/4.5.14/httpmime-4.5.14.jar:/home/runner/.m2/repository/org/hamcrest/hamcrest/2.2/hamcrest-2.2.jar:/home/runner/.m2/repository/org/ccil/cowan/tagsoup/tagsoup/1.2.1/tagsoup-1.2.1.jar:/home/runner/.m2/repository/io/rest-assured/json-path/5.5.1/json-path-5.5.1.jar:/home/runner/.m2/repository/org/apache/groovy/groovy-json/4.0.22/groovy-json-4.0.22.jar:/home/runner/.m2/repository/io/rest-assured/rest-assured-common/5.5.1/rest-assured-common-5.5.1.jar:/home/runner/.m2/repository/io/rest-assured/xml-path/5.5.1/xml-path-5.5.1.jar:/home/runner/.m2/repository/io/zonky/test/embedded-postgres/2.1.0/embedded-postgres-2.1.0.jar:/home/runner/.m2/repository/io/zonky/test/postgres/embedded-postgres-binaries-windows-amd64/14.15.0/embedded-postgres-binaries-windows-amd64-14.15.0.jar:/home/runner/.m2/repository/io/zonky/test/postgres/embedded-postgres-binaries-darwin-amd64/14.15.0/embedded-postgres-binaries-darwin-amd64-14.15.0.jar:/home/runner/.m2/repository/io/zonky/test/postgres/embedded-postgres-binaries-linux-amd64/14.15.0/embedded-postgres-binaries-linux-amd64-14.15.0.jar:/home/runner/.m2/repository/io/zonky/test/postgres/embedded-postgres-binaries-linux-amd64-alpine/14.15.0/embedded-postgres-binaries-linux-amd64-alpine-14.15.0.jar:/home/runner/.m2/repository/org/apache/commons/commons-lang3/3.17.0/commons-lang3-3.17.0.jar:/home/runner/.m2/repository/org/tukaani/xz/1.10/xz-1.10.jar:/home/runner/.m2/repository/commons-codec/commons-codec/1.18.0/commons-codec-1.18.0.jar:/home/runner/.m2/repository/org/postgresql/postgresql/42.7.5/postgresql-42.7.5.jar:/home/runner/.m2/repository/commons-io/commons-io/2.18.0/commons-io-2.18.0.jar:/home/runner/work/apicurio-testing/apicurio-testing/clusters/ci419/namespaces/postgresql/tests/integration/apicurio-registry/utils/importexport/target/apicurio-registry-utils-import-export-3.0.11-SNAPSHOT.jar:/home/runner/.m2/repository/io/vertx/vertx-core/4.5.14/vertx-core-4.5.14.jar:/home/runner/.m2/repository/io/netty/netty-common/4.1.119.Final/netty-common-4.1.119.Final.jar:/home/runner/.m2/repository/io/netty/netty-buffer/4.1.119.Final/netty-buffer-4.1.119.Final.jar:/home/runner/.m2/repository/io/netty/netty-transport/4.1.119.Final/netty-transport-4.1.119.Final.jar:/home/runner/.m2/repository/io/netty/netty-handler/4.1.119.Final/netty-handler-4.1.119.Final.jar:/home/runner/.m2/repository/io/netty/netty-transport-native-unix-common/4.1.119.Final/netty-transport-native-unix-common-4.1.119.Final.jar:/home/runner/.m2/repository/io/netty/netty-codec/4.1.119.Final/netty-codec-4.1.119.Final.jar:/home/runner/.m2/repository/io/netty/netty-handler-proxy/4.1.119.Final/netty-handler-proxy-4.1.119.Final.jar:/home/runner/.m2/repository/io/netty/netty-codec-socks/4.1.119.Final/netty-codec-socks-4.1.119.Final.jar:/home/runner/.m2/repository/io/netty/netty-codec-http/4.1.119.Final/netty-codec-http-4.1.119.Final.jar:/home/runner/.m2/repository/io/netty/netty-codec-http2/4.1.119.Final/netty-codec-http2-4.1.119.Final.jar:/home/runner/.m2/repository/io/netty/netty-resolver/4.1.119.Final/netty-resolver-4.1.119.Final.jar:/home/runner/.m2/repository/io/netty/netty-resolver-dns/4.1.119.Final/netty-resolver-dns-4.1.119.Final.jar:/home/runner/.m2/repository/io/netty/netty-codec-dns/4.1.119.Final/netty-codec-dns-4.1.119.Final.jar:/home/runner/.m2/repository/com/fasterxml/jackson/core/jackson-core/2.18.2/jackson-core-2.18.2.jar:"/>
    <property name="java.vm.vendor" value="Eclipse Adoptium"/>
    <property name="maven.javadoc.skip" value="true"/>
    <property name="sun.arch.data.model" value="64"/>
    <property name="java.vendor.url" value="https://adoptium.net/"/>
    <property name="user.timezone" value="Etc/UTC"/>
    <property name="os.name" value="Linux"/>
    <property name="java.vm.specification.version" value="17"/>
    <property name="sun.java.launcher" value="SUN_STANDARD"/>
    <property name="quarkus.http.test-port" value="80"/>
    <property name="sun.boot.library.path" value="/usr/lib/jvm/temurin-17-jdk-amd64/lib"/>
    <property name="sun.java.command" value="/home/runner/work/apicurio-testing/apicurio-testing/clusters/ci419/namespaces/postgresql/tests/integration/apicurio-registry/integration-tests/target/surefire/surefirebooter-20250731181314874_3.jar /home/runner/work/apicurio-testing/apicurio-testing/clusters/ci419/namespaces/postgresql/tests/integration/apicurio-registry/integration-tests/target/surefire 2025-07-31T18-13-14_795-jvmRun1 surefire-20250731181314874_1tmp surefire_0-20250731181314874_2tmp"/>
    <property name="maven.home" value="/home/runner/.m2/wrapper/dists/apache-maven-3.9.8-bin/4fnp1ql35bgk2a0p7m31ovbgb0/apache-maven-3.9.8"/>
    <property name="jdk.debug" value="release"/>
    <property name="surefire.test.class.path" value="/home/runner/work/apicurio-testing/apicurio-testing/clusters/ci419/namespaces/postgresql/tests/integration/apicurio-registry/integration-tests/target/test-classes:/home/runner/work/apicurio-testing/apicurio-testing/clusters/ci419/namespaces/postgresql/tests/integration/apicurio-registry/integration-tests/target/apicurio-registry-integration-tests-3.0.11-SNAPSHOT.jar:/home/runner/.m2/repository/io/quarkus/quarkus-junit5/3.20.1/quarkus-junit5-3.20.1.jar:/home/runner/.m2/repository/io/quarkus/quarkus-bootstrap-core/3.20.1/quarkus-bootstrap-core-3.20.1.jar:/home/runner/.m2/repository/io/quarkus/quarkus-classloader-commons/3.20.1/quarkus-classloader-commons-3.20.1.jar:/home/runner/.m2/repository/io/quarkus/quarkus-bootstrap-app-model/3.20.1/quarkus-bootstrap-app-model-3.20.1.jar:/home/runner/.m2/repository/io/smallrye/common/smallrye-common-io/2.12.0/smallrye-common-io-2.12.0.jar:/home/runner/.m2/repository/org/eclipse/sisu/org.eclipse.sisu.inject/0.9.0.M3/org.eclipse.sisu.inject-0.9.0.M3.jar:/home/runner/.m2/repository/io/quarkus/quarkus-test-common/3.20.1/quarkus-test-common-3.20.1.jar:/home/runner/.m2/repository/io/quarkus/quarkus-core-deployment/3.20.1/quarkus-core-deployment-3.20.1.jar:/home/runner/.m2/repository/org/aesh/readline/2.6/readline-2.6.jar:/home/runner/.m2/repository/org/fusesource/jansi/jansi/2.4.0/jansi-2.4.0.jar:/home/runner/.m2/repository/org/aesh/aesh/2.8.2/aesh-2.8.2.jar:/home/runner/.m2/repository/io/quarkus/gizmo/gizmo/1.8.0/gizmo-1.8.0.jar:/home/runner/.m2/repository/org/ow2/asm/asm-util/9.7.1/asm-util-9.7.1.jar:/home/runner/.m2/repository/org/ow2/asm/asm-analysis/9.7.1/asm-analysis-9.7.1.jar:/home/runner/.m2/repository/org/ow2/asm/asm-commons/9.7.1/asm-commons-9.7.1.jar:/home/runner/.m2/repository/org/ow2/asm/asm-tree/9.7.1/asm-tree-9.7.1.jar:/home/runner/.m2/repository/io/quarkus/quarkus-hibernate-validator-spi/3.20.1/quarkus-hibernate-validator-spi-3.20.1.jar:/home/runner/.m2/repository/io/quarkus/quarkus-class-change-agent/3.20.1/quarkus-class-change-agent-3.20.1.jar:/home/runner/.m2/repository/io/quarkus/quarkus-devtools-utilities/3.20.1/quarkus-devtools-utilities-3.20.1.jar:/home/runner/.m2/repository/io/quarkus/quarkus-builder/3.20.1/quarkus-builder-3.20.1.jar:/home/runner/.m2/repository/org/graalvm/sdk/nativeimage/23.1.2/nativeimage-23.1.2.jar:/home/runner/.m2/repository/org/graalvm/sdk/word/23.1.2/word-23.1.2.jar:/home/runner/.m2/repository/io/quarkus/quarkus-bootstrap-maven-resolver/3.20.1/quarkus-bootstrap-maven-resolver-3.20.1.jar:/home/runner/.m2/repository/io/smallrye/beanbag/smallrye-beanbag-maven/1.5.2/smallrye-beanbag-maven-1.5.2.jar:/home/runner/.m2/repository/io/smallrye/beanbag/smallrye-beanbag-sisu/1.5.2/smallrye-beanbag-sisu-1.5.2.jar:/home/runner/.m2/repository/io/smallrye/beanbag/smallrye-beanbag/1.5.2/smallrye-beanbag-1.5.2.jar:/home/runner/.m2/repository/javax/inject/javax.inject/1/javax.inject-1.jar:/home/runner/.m2/repository/org/apache/maven/maven-artifact/3.9.9/maven-artifact-3.9.9.jar:/home/runner/.m2/repository/org/apache/maven/maven-builder-support/3.9.9/maven-builder-support-3.9.9.jar:/home/runner/.m2/repository/org/apache/maven/maven-model/3.9.9/maven-model-3.9.9.jar:/home/runner/.m2/repository/org/apache/maven/maven-model-builder/3.9.9/maven-model-builder-3.9.9.jar:/home/runner/.m2/repository/org/apache/maven/maven-repository-metadata/3.9.9/maven-repository-metadata-3.9.9.jar:/home/runner/.m2/repository/org/apache/maven/maven-settings/3.9.9/maven-settings-3.9.9.jar:/home/runner/.m2/repository/org/apache/maven/resolver/maven-resolver-api/1.9.22/maven-resolver-api-1.9.22.jar:/home/runner/.m2/repository/org/apache/maven/resolver/maven-resolver-impl/1.9.22/maven-resolver-impl-1.9.22.jar:/home/runner/.m2/repository/org/apache/maven/resolver/maven-resolver-named-locks/1.9.22/maven-resolver-named-locks-1.9.22.jar:/home/runner/.m2/repository/org/apache/maven/resolver/maven-resolver-spi/1.9.22/maven-resolver-spi-1.9.22.jar:/home/runner/.m2/repository/org/apache/maven/resolver/maven-resolver-util/1.9.22/maven-resolver-util-1.9.22.jar:/home/runner/.m2/repository/org/apache/maven/resolver/maven-resolver-transport-http/1.9.20/maven-resolver-transport-http-1.9.20.jar:/home/runner/.m2/repository/org/apache/maven/wagon/wagon-provider-api/3.5.3/wagon-provider-api-3.5.3.jar:/home/runner/.m2/repository/org/apache/maven/wagon/wagon-http-shared/3.5.3/wagon-http-shared-3.5.3.jar:/home/runner/.m2/repository/org/codehaus/plexus/plexus-interpolation/1.26/plexus-interpolation-1.26.jar:/home/runner/.m2/repository/org/codehaus/plexus/plexus-utils/3.5.1/plexus-utils-3.5.1.jar:/home/runner/.m2/repository/org/codehaus/plexus/plexus-xml/4.0.1/plexus-xml-4.0.1.jar:/home/runner/.m2/repository/org/apache/maven/maven-xml-impl/4.0.0-alpha-5/maven-xml-impl-4.0.0-alpha-5.jar:/home/runner/.m2/repository/org/apache/maven/maven-api-xml/4.0.0-alpha-5/maven-api-xml-4.0.0-alpha-5.jar:/home/runner/.m2/repository/org/apache/maven/maven-api-meta/4.0.0-alpha-5/maven-api-meta-4.0.0-alpha-5.jar:/home/runner/.m2/repository/org/codehaus/plexus/plexus-cipher/2.0/plexus-cipher-2.0.jar:/home/runner/.m2/repository/org/codehaus/plexus/plexus-sec-dispatcher/2.0/plexus-sec-dispatcher-2.0.jar:/home/runner/.m2/repository/org/apache/maven/maven-embedder/3.9.9/maven-embedder-3.9.9.jar:/home/runner/.m2/repository/org/apache/maven/maven-core/3.9.9/maven-core-3.9.9.jar:/home/runner/.m2/repository/org/codehaus/plexus/plexus-component-annotations/2.1.0/plexus-component-annotations-2.1.0.jar:/home/runner/.m2/repository/org/apache/maven/maven-plugin-api/3.9.9/maven-plugin-api-3.9.9.jar:/home/runner/.m2/repository/org/apache/maven/shared/maven-shared-utils/3.4.2/maven-shared-utils-3.4.2.jar:/home/runner/.m2/repository/com/google/inject/guice/5.1.0/guice-5.1.0.jar:/home/runner/.m2/repository/aopalliance/aopalliance/1.0/aopalliance-1.0.jar:/home/runner/.m2/repository/org/codehaus/plexus/plexus-classworlds/2.6.0/plexus-classworlds-2.6.0.jar:/home/runner/.m2/repository/commons-cli/commons-cli/1.8.0/commons-cli-1.8.0.jar:/home/runner/.m2/repository/org/eclipse/sisu/org.eclipse.sisu.plexus/0.9.0.M3/org.eclipse.sisu.plexus-0.9.0.M3.jar:/home/runner/.m2/repository/org/apache/maven/maven-settings-builder/3.9.9/maven-settings-builder-3.9.9.jar:/home/runner/.m2/repository/org/apache/maven/maven-resolver-provider/3.9.9/maven-resolver-provider-3.9.9.jar:/home/runner/.m2/repository/org/apache/maven/resolver/maven-resolver-connector-basic/1.9.22/maven-resolver-connector-basic-1.9.22.jar:/home/runner/.m2/repository/org/apache/maven/resolver/maven-resolver-transport-wagon/1.9.22/maven-resolver-transport-wagon-1.9.22.jar:/home/runner/.m2/repository/org/apache/maven/wagon/wagon-http/3.5.3/wagon-http-3.5.3.jar:/home/runner/.m2/repository/org/apache/maven/wagon/wagon-file/3.5.3/wagon-file-3.5.3.jar:/home/runner/.m2/repository/io/quarkus/quarkus-bootstrap-gradle-resolver/3.20.1/quarkus-bootstrap-gradle-resolver-3.20.1.jar:/home/runner/.m2/repository/io/smallrye/jandex/3.3.0/jandex-3.3.0.jar:/home/runner/.m2/repository/org/jboss/logging/commons-logging-jboss-logging/1.0.0.Final/commons-logging-jboss-logging-1.0.0.Final.jar:/home/runner/.m2/repository/io/quarkus/quarkus-junit5-config/3.20.1/quarkus-junit5-config-3.20.1.jar:/home/runner/.m2/repository/org/junit/jupiter/junit-jupiter-api/5.12.1/junit-jupiter-api-5.12.1.jar:/home/runner/.m2/repository/io/smallrye/config/smallrye-config/3.11.4/smallrye-config-3.11.4.jar:/home/runner/.m2/repository/io/smallrye/config/smallrye-config-core/3.11.4/smallrye-config-core-3.11.4.jar:/home/runner/.m2/repository/io/smallrye/common/smallrye-common-classloader/2.12.0/smallrye-common-classloader-2.12.0.jar:/home/runner/.m2/repository/io/smallrye/config/smallrye-config-common/3.11.4/smallrye-config-common-3.11.4.jar:/home/runner/.m2/repository/org/junit/jupiter/junit-jupiter/5.12.1/junit-jupiter-5.12.1.jar:/home/runner/.m2/repository/org/junit/jupiter/junit-jupiter-params/5.12.1/junit-jupiter-params-5.12.1.jar:/home/runner/.m2/repository/org/junit/jupiter/junit-jupiter-engine/5.12.1/junit-jupiter-engine-5.12.1.jar:/home/runner/.m2/repository/io/quarkus/quarkus-core/3.20.1/quarkus-core-3.20.1.jar:/home/runner/.m2/repository/jakarta/enterprise/jakarta.enterprise.cdi-api/4.1.0/jakarta.enterprise.cdi-api-4.1.0.jar:/home/runner/.m2/repository/jakarta/enterprise/jakarta.enterprise.lang-model/4.1.0/jakarta.enterprise.lang-model-4.1.0.jar:/home/runner/.m2/repository/jakarta/el/jakarta.el-api/5.0.1/jakarta.el-api-5.0.1.jar:/home/runner/.m2/repository/jakarta/interceptor/jakarta.interceptor-api/2.2.0/jakarta.interceptor-api-2.2.0.jar:/home/runner/.m2/repository/jakarta/inject/jakarta.inject-api/2.0.1/jakarta.inject-api-2.0.1.jar:/home/runner/.m2/repository/io/smallrye/common/smallrye-common-os/2.12.0/smallrye-common-os-2.12.0.jar:/home/runner/.m2/repository/io/quarkus/quarkus-ide-launcher/3.20.1/quarkus-ide-launcher-3.20.1.jar:/home/runner/.m2/repository/io/quarkus/quarkus-development-mode-spi/3.20.1/quarkus-development-mode-spi-3.20.1.jar:/home/runner/.m2/repository/org/jboss/logging/jboss-logging/3.6.1.Final/jboss-logging-3.6.1.Final.jar:/home/runner/.m2/repository/org/jboss/logmanager/jboss-logmanager/3.1.2.Final/jboss-logmanager-3.1.2.Final.jar:/home/runner/.m2/repository/io/smallrye/common/smallrye-common-constraint/2.12.0/smallrye-common-constraint-2.12.0.jar:/home/runner/.m2/repository/io/smallrye/common/smallrye-common-cpu/2.12.0/smallrye-common-cpu-2.12.0.jar:/home/runner/.m2/repository/io/smallrye/common/smallrye-common-expression/2.12.0/smallrye-common-expression-2.12.0.jar:/home/runner/.m2/repository/io/smallrye/common/smallrye-common-net/2.12.0/smallrye-common-net-2.12.0.jar:/home/runner/.m2/repository/io/smallrye/common/smallrye-common-ref/2.12.0/smallrye-common-ref-2.12.0.jar:/home/runner/.m2/repository/jakarta/json/jakarta.json-api/2.1.3/jakarta.json-api-2.1.3.jar:/home/runner/.m2/repository/org/eclipse/parsson/parsson/1.1.7/parsson-1.1.7.jar:/home/runner/.m2/repository/org/jboss/logging/jboss-logging-annotations/3.0.4.Final/jboss-logging-annotations-3.0.4.Final.jar:/home/runner/.m2/repository/org/jboss/threads/jboss-threads/3.8.0.Final/jboss-threads-3.8.0.Final.jar:/home/runner/.m2/repository/io/smallrye/common/smallrye-common-annotation/2.12.0/smallrye-common-annotation-2.12.0.jar:/home/runner/.m2/repository/io/smallrye/common/smallrye-common-function/2.12.0/smallrye-common-function-2.12.0.jar:/home/runner/.m2/repository/org/jboss/slf4j/slf4j-jboss-logmanager/2.0.0.Final/slf4j-jboss-logmanager-2.0.0.Final.jar:/home/runner/.m2/repository/org/wildfly/common/wildfly-common/2.0.1/wildfly-common-2.0.1.jar:/home/runner/.m2/repository/io/quarkus/quarkus-bootstrap-runner/3.20.1/quarkus-bootstrap-runner-3.20.1.jar:/home/runner/.m2/repository/io/github/crac/org-crac/0.1.3/org-crac-0.1.3.jar:/home/runner/.m2/repository/io/quarkus/quarkus-fs-util/0.0.10/quarkus-fs-util-0.0.10.jar:/home/runner/.m2/repository/org/jboss/marshalling/jboss-marshalling/2.2.2.Final/jboss-marshalling-2.2.2.Final.jar:/home/runner/.m2/repository/io/fabric8/kubernetes-client/7.1.0/kubernetes-client-7.1.0.jar:/home/runner/.m2/repository/io/fabric8/kubernetes-client-api/7.1.0/kubernetes-client-api-7.1.0.jar:/home/runner/.m2/repository/io/fabric8/kubernetes-model-core/7.1.0/kubernetes-model-core-7.1.0.jar:/home/runner/.m2/repository/io/fabric8/kubernetes-model-common/7.1.0/kubernetes-model-common-7.1.0.jar:/home/runner/.m2/repository/javax/annotation/javax.annotation-api/1.3.2/javax.annotation-api-1.3.2.jar:/home/runner/.m2/repository/io/fabric8/kubernetes-model-gatewayapi/7.1.0/kubernetes-model-gatewayapi-7.1.0.jar:/home/runner/.m2/repository/io/fabric8/kubernetes-model-resource/7.1.0/kubernetes-model-resource-7.1.0.jar:/home/runner/.m2/repository/io/fabric8/kubernetes-model-rbac/7.1.0/kubernetes-model-rbac-7.1.0.jar:/home/runner/.m2/repository/io/fabric8/kubernetes-model-admissionregistration/7.1.0/kubernetes-model-admissionregistration-7.1.0.jar:/home/runner/.m2/repository/io/fabric8/kubernetes-model-apps/7.1.0/kubernetes-model-apps-7.1.0.jar:/home/runner/.m2/repository/io/fabric8/kubernetes-model-autoscaling/7.1.0/kubernetes-model-autoscaling-7.1.0.jar:/home/runner/.m2/repository/io/fabric8/kubernetes-model-apiextensions/7.1.0/kubernetes-model-apiextensions-7.1.0.jar:/home/runner/.m2/repository/io/fabric8/kubernetes-model-batch/7.1.0/kubernetes-model-batch-7.1.0.jar:/home/runner/.m2/repository/io/fabric8/kubernetes-model-certificates/7.1.0/kubernetes-model-certificates-7.1.0.jar:/home/runner/.m2/repository/io/fabric8/kubernetes-model-coordination/7.1.0/kubernetes-model-coordination-7.1.0.jar:/home/runner/.m2/repository/io/fabric8/kubernetes-model-discovery/7.1.0/kubernetes-model-discovery-7.1.0.jar:/home/runner/.m2/repository/io/fabric8/kubernetes-model-events/7.1.0/kubernetes-model-events-7.1.0.jar:/home/runner/.m2/repository/io/fabric8/kubernetes-model-extensions/7.1.0/kubernetes-model-extensions-7.1.0.jar:/home/runner/.m2/repository/io/fabric8/kubernetes-model-flowcontrol/7.1.0/kubernetes-model-flowcontrol-7.1.0.jar:/home/runner/.m2/repository/io/fabric8/kubernetes-model-networking/7.1.0/kubernetes-model-networking-7.1.0.jar:/home/runner/.m2/repository/io/fabric8/kubernetes-model-metrics/7.1.0/kubernetes-model-metrics-7.1.0.jar:/home/runner/.m2/repository/io/fabric8/kubernetes-model-policy/7.1.0/kubernetes-model-policy-7.1.0.jar:/home/runner/.m2/repository/io/fabric8/kubernetes-model-scheduling/7.1.0/kubernetes-model-scheduling-7.1.0.jar:/home/runner/.m2/repository/io/fabric8/kubernetes-model-storageclass/7.1.0/kubernetes-model-storageclass-7.1.0.jar:/home/runner/.m2/repository/io/fabric8/kubernetes-model-node/7.1.0/kubernetes-model-node-7.1.0.jar:/home/runner/.m2/repository/org/snakeyaml/snakeyaml-engine/2.9/snakeyaml-engine-2.9.jar:/home/runner/.m2/repository/com/fasterxml/jackson/dataformat/jackson-dataformat-yaml/2.15.2/jackson-dataformat-yaml-2.15.2.jar:/home/runner/.m2/repository/com/fasterxml/jackson/datatype/jackson-datatype-jsr310/2.18.2/jackson-datatype-jsr310-2.18.2.jar:/home/runner/.m2/repository/io/fabric8/zjsonpatch/7.1.0/zjsonpatch-7.1.0.jar:/home/runner/.m2/repository/io/fabric8/kubernetes-httpclient-vertx/7.1.0/kubernetes-httpclient-vertx-7.1.0.jar:/home/runner/.m2/repository/io/vertx/vertx-web-client/4.5.14/vertx-web-client-4.5.14.jar:/home/runner/.m2/repository/io/vertx/vertx-web-common/4.5.14/vertx-web-common-4.5.14.jar:/home/runner/.m2/repository/io/vertx/vertx-auth-common/4.5.14/vertx-auth-common-4.5.14.jar:/home/runner/.m2/repository/io/vertx/vertx-uri-template/4.5.14/vertx-uri-template-4.5.14.jar:/home/runner/.m2/repository/io/fabric8/openshift-client/7.1.0/openshift-client-7.1.0.jar:/home/runner/.m2/repository/io/fabric8/openshift-client-api/7.1.0/openshift-client-api-7.1.0.jar:/home/runner/.m2/repository/io/fabric8/openshift-model/7.1.0/openshift-model-7.1.0.jar:/home/runner/.m2/repository/io/fabric8/openshift-model-autoscaling/7.1.0/openshift-model-autoscaling-7.1.0.jar:/home/runner/.m2/repository/io/fabric8/openshift-model-operator/7.1.0/openshift-model-operator-7.1.0.jar:/home/runner/.m2/repository/io/fabric8/openshift-model-operatorhub/7.1.0/openshift-model-operatorhub-7.1.0.jar:/home/runner/.m2/repository/io/fabric8/openshift-model-machine/7.1.0/openshift-model-machine-7.1.0.jar:/home/runner/.m2/repository/io/fabric8/openshift-model-whereabouts/7.1.0/openshift-model-whereabouts-7.1.0.jar:/home/runner/.m2/repository/io/fabric8/openshift-model-monitoring/7.1.0/openshift-model-monitoring-7.1.0.jar:/home/runner/.m2/repository/io/fabric8/openshift-model-storageversionmigrator/7.1.0/openshift-model-storageversionmigrator-7.1.0.jar:/home/runner/.m2/repository/io/fabric8/openshift-model-tuned/7.1.0/openshift-model-tuned-7.1.0.jar:/home/runner/.m2/repository/io/fabric8/openshift-model-console/7.1.0/openshift-model-console-7.1.0.jar:/home/runner/.m2/repository/io/fabric8/openshift-model-config/7.1.0/openshift-model-config-7.1.0.jar:/home/runner/.m2/repository/io/fabric8/openshift-model-machineconfiguration/7.1.0/openshift-model-machineconfiguration-7.1.0.jar:/home/runner/.m2/repository/io/fabric8/openshift-model-miscellaneous/7.1.0/openshift-model-miscellaneous-7.1.0.jar:/home/runner/.m2/repository/io/fabric8/openshift-model-hive/7.1.0/openshift-model-hive-7.1.0.jar:/home/runner/.m2/repository/io/fabric8/openshift-model-installer/7.1.0/openshift-model-installer-7.1.0.jar:/home/runner/.m2/repository/org/junit/platform/junit-platform-launcher/1.12.1/junit-platform-launcher-1.12.1.jar:/home/runner/.m2/repository/org/junit/platform/junit-platform-engine/1.12.1/junit-platform-engine-1.12.1.jar:/home/runner/.m2/repository/org/opentest4j/opentest4j/1.3.0/opentest4j-1.3.0.jar:/home/runner/.m2/repository/org/junit/platform/junit-platform-commons/1.12.1/junit-platform-commons-1.12.1.jar:/home/runner/.m2/repository/org/apiguardian/apiguardian-api/1.1.2/apiguardian-api-1.1.2.jar:/home/runner/.m2/repository/jakarta/ws/rs/jakarta.ws.rs-api/3.1.0/jakarta.ws.rs-api-3.1.0.jar:/home/runner/work/apicurio-testing/apicurio-testing/clusters/ci419/namespaces/postgresql/tests/integration/apicurio-registry/java-sdk/target/apicurio-registry-java-sdk-3.0.11-SNAPSHOT.jar:/home/runner/.m2/repository/com/microsoft/kiota/microsoft-kiota-abstractions/1.8.8/microsoft-kiota-abstractions-1.8.8.jar:/home/runner/.m2/repository/io/github/std-uritemplate/std-uritemplate/2.0.0/std-uritemplate-2.0.0.jar:/home/runner/.m2/repository/io/kiota/kiota-http-jdk/0.0.21/kiota-http-jdk-0.0.21.jar:/home/runner/.m2/repository/io/kiota/kiota-http-vertx/0.0.21/kiota-http-vertx-0.0.21.jar:/home/runner/.m2/repository/io/kiota/kiota-serialization-jackson/0.0.21/kiota-serialization-jackson-0.0.21.jar:/home/runner/.m2/repository/com/microsoft/kiota/microsoft-kiota-serialization-text/1.8.8/microsoft-kiota-serialization-text-1.8.8.jar:/home/runner/.m2/repository/com/microsoft/kiota/microsoft-kiota-serialization-form/1.8.8/microsoft-kiota-serialization-form-1.8.8.jar:/home/runner/.m2/repository/com/microsoft/kiota/microsoft-kiota-serialization-multipart/1.8.8/microsoft-kiota-serialization-multipart-1.8.8.jar:/home/runner/.m2/repository/jakarta/annotation/jakarta.annotation-api/3.0.0/jakarta.annotation-api-3.0.0.jar:/home/runner/.m2/repository/io/vertx/vertx-auth-oauth2/4.5.14/vertx-auth-oauth2-4.5.14.jar:/home/runner/work/apicurio-testing/apicurio-testing/clusters/ci419/namespaces/postgresql/tests/integration/apicurio-registry/java-sdk-v2/target/apicurio-registry-v2-java-sdk-3.0.11-SNAPSHOT.jar:/home/runner/work/apicurio-testing/apicurio-testing/clusters/ci419/namespaces/postgresql/tests/integration/apicurio-registry/utils/kafka/target/apicurio-registry-utils-kafka-3.0.11-SNAPSHOT-tests.jar:/home/runner/.m2/repository/org/eclipse/microprofile/config/microprofile-config-api/3.1/microprofile-config-api-3.1.jar:/home/runner/.m2/repository/org/apache/kafka/kafka-clients/3.9.1/kafka-clients-3.9.1.jar:/home/runner/.m2/repository/com/github/luben/zstd-jni/1.5.6-4/zstd-jni-1.5.6-4.jar:/home/runner/.m2/repository/org/lz4/lz4-java/1.8.0/lz4-java-1.8.0.jar:/home/runner/.m2/repository/org/xerial/snappy/snappy-java/1.1.10.5/snappy-java-1.1.10.5.jar:/home/runner/.m2/repository/org/slf4j/slf4j-api/2.0.6/slf4j-api-2.0.6.jar:/home/runner/work/apicurio-testing/apicurio-testing/clusters/ci419/namespaces/postgresql/tests/integration/apicurio-registry/utils/tests/target/apicurio-registry-utils-tests-3.0.11-SNAPSHOT.jar:/home/runner/work/apicurio-testing/apicurio-testing/clusters/ci419/namespaces/postgresql/tests/integration/apicurio-registry/common/target/apicurio-registry-common-3.0.11-SNAPSHOT.jar:/home/runner/.m2/repository/jakarta/validation/jakarta.validation-api/3.0.2/jakarta.validation-api-3.0.2.jar:/home/runner/.m2/repository/com/github/dasniko/testcontainers-keycloak/3.6.0/testcontainers-keycloak-3.6.0.jar:/home/runner/.m2/repository/org/testcontainers/testcontainers/1.20.6/testcontainers-1.20.6.jar:/home/runner/.m2/repository/org/rnorth/duct-tape/duct-tape/1.0.8/duct-tape-1.0.8.jar:/home/runner/.m2/repository/org/jetbrains/annotations/26.0.2/annotations-26.0.2.jar:/home/runner/.m2/repository/com/github/docker-java/docker-java-transport-zerodep/3.4.1/docker-java-transport-zerodep-3.4.1.jar:/home/runner/.m2/repository/com/github/docker-java/docker-java-transport/3.4.1/docker-java-transport-3.4.1.jar:/home/runner/.m2/repository/net/java/dev/jna/jna/5.8.0/jna-5.8.0.jar:/home/runner/.m2/repository/io/quarkus/quarkus-junit4-mock/3.20.1/quarkus-junit4-mock-3.20.1.jar:/home/runner/.m2/repository/org/jboss/shrinkwrap/shrinkwrap-api/2.0.0-beta-2/shrinkwrap-api-2.0.0-beta-2.jar:/home/runner/.m2/repository/org/jboss/shrinkwrap/shrinkwrap-impl-base/2.0.0-beta-2/shrinkwrap-impl-base-2.0.0-beta-2.jar:/home/runner/.m2/repository/org/jboss/shrinkwrap/shrinkwrap-spi/2.0.0-beta-2/shrinkwrap-spi-2.0.0-beta-2.jar:/home/runner/.m2/repository/org/keycloak/keycloak-admin-client/26.0.4/keycloak-admin-client-26.0.4.jar:/home/runner/.m2/repository/org/keycloak/keycloak-client-common-synced/26.0.4/keycloak-client-common-synced-26.0.4.jar:/home/runner/.m2/repository/jakarta/activation/jakarta.activation-api/2.1.3/jakarta.activation-api-2.1.3.jar:/home/runner/.m2/repository/org/eclipse/microprofile/openapi/microprofile-openapi-api/4.0.2/microprofile-openapi-api-4.0.2.jar:/home/runner/.m2/repository/org/jboss/resteasy/resteasy-client/6.2.12.Final/resteasy-client-6.2.12.Final.jar:/home/runner/.m2/repository/org/jboss/resteasy/resteasy-client-api/6.2.12.Final/resteasy-client-api-6.2.12.Final.jar:/home/runner/.m2/repository/org/jboss/resteasy/resteasy-core-spi/6.2.12.Final/resteasy-core-spi-6.2.12.Final.jar:/home/runner/.m2/repository/org/jboss/resteasy/resteasy-core/6.2.12.Final/resteasy-core-6.2.12.Final.jar:/home/runner/.m2/repository/org/eclipse/angus/angus-activation/2.0.2/angus-activation-2.0.2.jar:/home/runner/.m2/repository/com/ibm/async/asyncutil/0.1.0/asyncutil-0.1.0.jar:/home/runner/.m2/repository/org/reactivestreams/reactive-streams/1.0.4/reactive-streams-1.0.4.jar:/home/runner/.m2/repository/org/jboss/resteasy/resteasy-multipart-provider/6.2.12.Final/resteasy-multipart-provider-6.2.12.Final.jar:/home/runner/.m2/repository/jakarta/mail/jakarta.mail-api/2.1.3/jakarta.mail-api-2.1.3.jar:/home/runner/.m2/repository/org/eclipse/angus/angus-mail/2.0.3/angus-mail-2.0.3.jar:/home/runner/.m2/repository/org/apache/james/apache-mime4j-dom/0.8.12/apache-mime4j-dom-0.8.12.jar:/home/runner/.m2/repository/org/apache/james/apache-mime4j-core/0.8.12/apache-mime4j-core-0.8.12.jar:/home/runner/.m2/repository/org/apache/james/apache-mime4j-storage/0.8.12/apache-mime4j-storage-0.8.12.jar:/home/runner/.m2/repository/org/jboss/resteasy/resteasy-jackson2-provider/6.2.12.Final/resteasy-jackson2-provider-6.2.12.Final.jar:/home/runner/.m2/repository/com/fasterxml/jackson/jakarta/rs/jackson-jakarta-rs-base/2.18.2/jackson-jakarta-rs-base-2.18.2.jar:/home/runner/.m2/repository/com/fasterxml/jackson/jakarta/rs/jackson-jakarta-rs-json-provider/2.18.2/jackson-jakarta-rs-json-provider-2.18.2.jar:/home/runner/.m2/repository/com/fasterxml/jackson/module/jackson-module-jakarta-xmlbind-annotations/2.18.2/jackson-module-jakarta-xmlbind-annotations-2.18.2.jar:/home/runner/.m2/repository/com/github/java-json-tools/json-patch/1.13/json-patch-1.13.jar:/home/runner/.m2/repository/com/github/java-json-tools/msg-simple/1.2/msg-simple-1.2.jar:/home/runner/.m2/repository/com/github/java-json-tools/btf/1.3/btf-1.3.jar:/home/runner/.m2/repository/com/github/java-json-tools/jackson-coreutils/2.0/jackson-coreutils-2.0.jar:/home/runner/.m2/repository/org/jboss/resteasy/resteasy-jaxb-provider/6.2.12.Final/resteasy-jaxb-provider-6.2.12.Final.jar:/home/runner/.m2/repository/org/glassfish/jaxb/codemodel/4.0.5/codemodel-4.0.5.jar:/home/runner/.m2/repository/org/glassfish/jaxb/jaxb-core/4.0.5/jaxb-core-4.0.5.jar:/home/runner/.m2/repository/org/glassfish/jaxb/jaxb-jxc/4.0.5/jaxb-jxc-4.0.5.jar:/home/runner/.m2/repository/org/glassfish/jaxb/jaxb-runtime/4.0.5/jaxb-runtime-4.0.5.jar:/home/runner/.m2/repository/org/glassfish/jaxb/txw2/4.0.5/txw2-4.0.5.jar:/home/runner/.m2/repository/org/glassfish/jaxb/jaxb-xjc/4.0.5/jaxb-xjc-4.0.5.jar:/home/runner/.m2/repository/org/glassfish/jaxb/xsom/4.0.5/xsom-4.0.5.jar:/home/runner/.m2/repository/com/sun/istack/istack-commons-runtime/4.1.2/istack-commons-runtime-4.1.2.jar:/home/runner/.m2/repository/com/sun/istack/istack-commons-tools/4.1.2/istack-commons-tools-4.1.2.jar:/home/runner/.m2/repository/com/sun/xml/bind/external/relaxng-datatype/4.0.5/relaxng-datatype-4.0.5.jar:/home/runner/.m2/repository/com/sun/xml/bind/external/rngom/4.0.5/rngom-4.0.5.jar:/home/runner/.m2/repository/org/testcontainers/mssqlserver/1.20.6/mssqlserver-1.20.6.jar:/home/runner/.m2/repository/org/testcontainers/jdbc/1.20.6/jdbc-1.20.6.jar:/home/runner/.m2/repository/org/testcontainers/database-commons/1.20.6/database-commons-1.20.6.jar:/home/runner/.m2/repository/org/testcontainers/mysql/1.20.6/mysql-1.20.6.jar:/home/runner/.m2/repository/io/strimzi/strimzi-test-container/0.107.0/strimzi-test-container-0.107.0.jar:/home/runner/.m2/repository/org/testcontainers/toxiproxy/1.20.6/toxiproxy-1.20.6.jar:/home/runner/.m2/repository/com/github/docker-java/docker-java-api/3.4.1/docker-java-api-3.4.1.jar:/home/runner/.m2/repository/eu/rekawek/toxiproxy/toxiproxy-java/2.1.7/toxiproxy-java-2.1.7.jar:/home/runner/.m2/repository/junit/junit/4.13.2/junit-4.13.2.jar:/home/runner/.m2/repository/org/hamcrest/hamcrest-core/1.3/hamcrest-core-1.3.jar:/home/runner/.m2/repository/org/testcontainers/pulsar/1.20.4/pulsar-1.20.4.jar:/home/runner/.m2/repository/io/debezium/debezium-testing-testcontainers/2.6.2.Final/debezium-testing-testcontainers-2.6.2.Final.jar:/home/runner/.m2/repository/org/testcontainers/kafka/1.20.6/kafka-1.20.6.jar:/home/runner/.m2/repository/com/squareup/okhttp3/okhttp/4.8.1/okhttp-4.8.1.jar:/home/runner/.m2/repository/com/squareup/okio/okio/3.10.2/okio-3.10.2.jar:/home/runner/.m2/repository/com/squareup/okio/okio-jvm/3.10.2/okio-jvm-3.10.2.jar:/home/runner/.m2/repository/org/jetbrains/kotlin/kotlin-stdlib/2.0.21/kotlin-stdlib-2.0.21.jar:/home/runner/.m2/repository/org/awaitility/awaitility/4.2.2/awaitility-4.2.2.jar:/home/runner/.m2/repository/org/testcontainers/mongodb/1.20.6/mongodb-1.20.6.jar:/home/runner/.m2/repository/org/testcontainers/oracle-xe/1.20.6/oracle-xe-1.20.6.jar:/home/runner/.m2/repository/org/testcontainers/postgresql/1.20.6/postgresql-1.20.6.jar:/home/runner/.m2/repository/org/wiremock/wiremock/3.0.1/wiremock-3.0.1.jar:/home/runner/.m2/repository/org/eclipse/jetty/jetty-server/11.0.15/jetty-server-11.0.15.jar:/home/runner/.m2/repository/org/eclipse/jetty/toolchain/jetty-jakarta-servlet-api/5.0.2/jetty-jakarta-servlet-api-5.0.2.jar:/home/runner/.m2/repository/org/eclipse/jetty/jetty-http/11.0.15/jetty-http-11.0.15.jar:/home/runner/.m2/repository/org/eclipse/jetty/jetty-io/11.0.15/jetty-io-11.0.15.jar:/home/runner/.m2/repository/org/eclipse/jetty/jetty-servlet/11.0.15/jetty-servlet-11.0.15.jar:/home/runner/.m2/repository/org/eclipse/jetty/jetty-security/11.0.15/jetty-security-11.0.15.jar:/home/runner/.m2/repository/org/eclipse/jetty/jetty-servlets/11.0.15/jetty-servlets-11.0.15.jar:/home/runner/.m2/repository/org/eclipse/jetty/jetty-util/11.0.15/jetty-util-11.0.15.jar:/home/runner/.m2/repository/org/eclipse/jetty/jetty-webapp/11.0.15/jetty-webapp-11.0.15.jar:/home/runner/.m2/repository/org/eclipse/jetty/jetty-xml/11.0.15/jetty-xml-11.0.15.jar:/home/runner/.m2/repository/org/eclipse/jetty/jetty-proxy/11.0.15/jetty-proxy-11.0.15.jar:/home/runner/.m2/repository/org/eclipse/jetty/jetty-client/11.0.15/jetty-client-11.0.15.jar:/home/runner/.m2/repository/org/eclipse/jetty/http2/http2-server/11.0.15/http2-server-11.0.15.jar:/home/runner/.m2/repository/org/eclipse/jetty/http2/http2-common/11.0.15/http2-common-11.0.15.jar:/home/runner/.m2/repository/org/eclipse/jetty/http2/http2-hpack/11.0.15/http2-hpack-11.0.15.jar:/home/runner/.m2/repository/org/eclipse/jetty/jetty-alpn-server/11.0.15/jetty-alpn-server-11.0.15.jar:/home/runner/.m2/repository/org/eclipse/jetty/jetty-alpn-java-server/11.0.15/jetty-alpn-java-server-11.0.15.jar:/home/runner/.m2/repository/org/eclipse/jetty/jetty-alpn-java-client/11.0.15/jetty-alpn-java-client-11.0.15.jar:/home/runner/.m2/repository/org/eclipse/jetty/jetty-alpn-client/11.0.15/jetty-alpn-client-11.0.15.jar:/home/runner/.m2/repository/org/apache/httpcomponents/client5/httpclient5/5.2.1/httpclient5-5.2.1.jar:/home/runner/.m2/repository/org/apache/httpcomponents/core5/httpcore5/5.2/httpcore5-5.2.jar:/home/runner/.m2/repository/org/apache/httpcomponents/core5/httpcore5-h2/5.2/httpcore5-h2-5.2.jar:/home/runner/.m2/repository/org/xmlunit/xmlunit-core/2.9.1/xmlunit-core-2.9.1.jar:/home/runner/.m2/repository/jakarta/xml/bind/jakarta.xml.bind-api/4.0.2/jakarta.xml.bind-api-4.0.2.jar:/home/runner/.m2/repository/org/xmlunit/xmlunit-legacy/2.9.1/xmlunit-legacy-2.9.1.jar:/home/runner/.m2/repository/org/xmlunit/xmlunit-placeholders/2.9.1/xmlunit-placeholders-2.9.1.jar:/home/runner/.m2/repository/net/javacrumbs/json-unit/json-unit-core/2.38.0/json-unit-core-2.38.0.jar:/home/runner/.m2/repository/com/jayway/jsonpath/json-path/2.8.0/json-path-2.8.0.jar:/home/runner/.m2/repository/net/minidev/json-smart/2.4.10/json-smart-2.4.10.jar:/home/runner/.m2/repository/net/minidev/accessors-smart/2.4.9/accessors-smart-2.4.9.jar:/home/runner/.m2/repository/org/ow2/asm/asm/9.7.1/asm-9.7.1.jar:/home/runner/.m2/repository/net/sf/jopt-simple/jopt-simple/5.0.4/jopt-simple-5.0.4.jar:/home/runner/.m2/repository/com/github/jknack/handlebars/4.3.1/handlebars-4.3.1.jar:/home/runner/.m2/repository/com/github/jknack/handlebars-helpers/4.3.1/handlebars-helpers-4.3.1.jar:/home/runner/.m2/repository/commons-fileupload/commons-fileupload/1.5/commons-fileupload-1.5.jar:/home/runner/.m2/repository/com/networknt/json-schema-validator/1.5.5/json-schema-validator-1.5.5.jar:/home/runner/.m2/repository/com/ethlo/time/itu/1.10.3/itu-1.10.3.jar:/home/runner/.m2/repository/io/quarkus/quarkus-smallrye-jwt-build/3.20.1/quarkus-smallrye-jwt-build-3.20.1.jar:/home/runner/.m2/repository/io/smallrye/smallrye-jwt-build/4.6.1/smallrye-jwt-build-4.6.1.jar:/home/runner/.m2/repository/org/eclipse/microprofile/jwt/microprofile-jwt-auth-api/2.1/microprofile-jwt-auth-api-2.1.jar:/home/runner/.m2/repository/org/bitbucket/b_c/jose4j/0.9.6/jose4j-0.9.6.jar:/home/runner/.m2/repository/io/smallrye/smallrye-jwt-common/4.6.1/smallrye-jwt-common-4.6.1.jar:/home/runner/.m2/repository/io/quarkus/quarkus-jsonp/3.20.1/quarkus-jsonp-3.20.1.jar:/home/runner/.m2/repository/io/quarkus/quarkus-arc/3.20.1/quarkus-arc-3.20.1.jar:/home/runner/.m2/repository/io/quarkus/arc/arc/3.20.1/arc-3.20.1.jar:/home/runner/.m2/repository/jakarta/transaction/jakarta.transaction-api/2.0.1/jakarta.transaction-api-2.0.1.jar:/home/runner/.m2/repository/io/smallrye/reactive/mutiny/2.8.0/mutiny-2.8.0.jar:/home/runner/.m2/repository/org/jctools/jctools-core/4.0.5/jctools-core-4.0.5.jar:/home/runner/.m2/repository/org/eclipse/microprofile/context-propagation/microprofile-context-propagation-api/1.3/microprofile-context-propagation-api-1.3.jar:/home/runner/.m2/repository/io/apicurio/apicurio-common-rest-client-common/0.1.18.Final/apicurio-common-rest-client-common-0.1.18.Final.jar:/home/runner/work/apicurio-testing/apicurio-testing/clusters/ci419/namespaces/postgresql/tests/integration/apicurio-registry/utils/maven-plugin/target/apicurio-registry-maven-plugin-3.0.11-SNAPSHOT.jar:/home/runner/.m2/repository/com/fasterxml/jackson/core/jackson-databind/2.18.2/jackson-databind-2.18.2.jar:/home/runner/.m2/repository/org/apache/avro/avro/1.12.0/avro-1.12.0.jar:/home/runner/.m2/repository/com/google/protobuf/protobuf-java/4.31.1/protobuf-java-4.31.1.jar:/home/runner/.m2/repository/com/google/protobuf/protobuf-java-util/4.31.1/protobuf-java-util-4.31.1.jar:/home/runner/.m2/repository/com/google/code/findbugs/jsr305/3.0.2/jsr305-3.0.2.jar:/home/runner/.m2/repository/com/google/code/gson/gson/2.12.1/gson-2.12.1.jar:/home/runner/.m2/repository/com/google/errorprone/error_prone_annotations/2.36.0/error_prone_annotations-2.36.0.jar:/home/runner/.m2/repository/com/google/j2objc/j2objc-annotations/2.8/j2objc-annotations-2.8.jar:/home/runner/work/apicurio-testing/apicurio-testing/clusters/ci419/namespaces/postgresql/tests/integration/apicurio-registry/schema-util/util-provider/target/apicurio-registry-schema-util-provider-3.0.11-SNAPSHOT.jar:/home/runner/work/apicurio-testing/apicurio-testing/clusters/ci419/namespaces/postgresql/tests/integration/apicurio-registry/schema-util/common/target/apicurio-registry-schema-util-common-3.0.11-SNAPSHOT.jar:/home/runner/.m2/repository/com/fasterxml/jackson/module/jackson-module-parameter-names/2.18.2/jackson-module-parameter-names-2.18.2.jar:/home/runner/.m2/repository/com/fasterxml/jackson/datatype/jackson-datatype-json-org/2.18.2/jackson-datatype-json-org-2.18.2.jar:/home/runner/work/apicurio-testing/apicurio-testing/clusters/ci419/namespaces/postgresql/tests/integration/apicurio-registry/schema-util/json/target/apicurio-registry-schema-util-json-3.0.11-SNAPSHOT.jar:/home/runner/.m2/repository/com/github/erosb/everit-json-schema/1.14.5/everit-json-schema-1.14.5.jar:/home/runner/.m2/repository/commons-validator/commons-validator/1.9.0/commons-validator-1.9.0.jar:/home/runner/.m2/repository/commons-digester/commons-digester/2.1/commons-digester-2.1.jar:/home/runner/.m2/repository/commons-collections/commons-collections/3.2.2/commons-collections-3.2.2.jar:/home/runner/.m2/repository/com/damnhandy/handy-uri-templates/2.1.8/handy-uri-templates-2.1.8.jar:/home/runner/.m2/repository/joda-time/joda-time/2.10.2/joda-time-2.10.2.jar:/home/runner/.m2/repository/com/github/erosb/json-sKema/0.20.0/json-sKema-0.20.0.jar:/home/runner/.m2/repository/io/vertx/vertx-json-schema/4.5.14/vertx-json-schema-4.5.14.jar:/home/runner/work/apicurio-testing/apicurio-testing/clusters/ci419/namespaces/postgresql/tests/integration/apicurio-registry/schema-util/protobuf/target/apicurio-registry-schema-util-protobuf-3.0.11-SNAPSHOT.jar:/home/runner/work/apicurio-testing/apicurio-testing/clusters/ci419/namespaces/postgresql/tests/integration/apicurio-registry/utils/protobuf-schema-utilities/target/apicurio-registry-protobuf-schema-utilities-3.0.11-SNAPSHOT.jar:/home/runner/.m2/repository/com/google/api/grpc/proto-google-common-protos/2.52.0/proto-google-common-protos-2.52.0.jar:/home/runner/.m2/repository/com/squareup/wire/wire-schema-jvm/5.3.3/wire-schema-jvm-5.3.3.jar:/home/runner/.m2/repository/com/palantir/javapoet/javapoet/0.6.0/javapoet-0.6.0.jar:/home/runner/.m2/repository/com/squareup/kotlinpoet-jvm/2.0.0/kotlinpoet-jvm-2.0.0.jar:/home/runner/.m2/repository/org/jetbrains/kotlin/kotlin-reflect/2.0.21/kotlin-reflect-2.0.21.jar:/home/runner/.m2/repository/com/squareup/wire/wire-runtime-jvm/5.3.3/wire-runtime-jvm-5.3.3.jar:/home/runner/.m2/repository/com/ibm/icu/icu4j/76.1/icu4j-76.1.jar:/home/runner/.m2/repository/com/squareup/okio/okio-fakefilesystem/3.10.2/okio-fakefilesystem-3.10.2.jar:/home/runner/.m2/repository/com/squareup/okio/okio-fakefilesystem-jvm/3.10.2/okio-fakefilesystem-jvm-3.10.2.jar:/home/runner/.m2/repository/org/jetbrains/kotlinx/kotlinx-datetime-jvm/0.6.1/kotlinx-datetime-jvm-0.6.1.jar:/home/runner/work/apicurio-testing/apicurio-testing/clusters/ci419/namespaces/postgresql/tests/integration/apicurio-registry/schema-util/asyncapi/target/apicurio-registry-schema-util-asyncapi-3.0.11-SNAPSHOT.jar:/home/runner/work/apicurio-testing/apicurio-testing/clusters/ci419/namespaces/postgresql/tests/integration/apicurio-registry/schema-util/avro/target/apicurio-registry-schema-util-avro-3.0.11-SNAPSHOT.jar:/home/runner/work/apicurio-testing/apicurio-testing/clusters/ci419/namespaces/postgresql/tests/integration/apicurio-registry/schema-util/graphql/target/apicurio-registry-schema-util-graphql-3.0.11-SNAPSHOT.jar:/home/runner/.m2/repository/com/graphql-java/graphql-java/22.3/graphql-java-22.3.jar:/home/runner/.m2/repository/com/graphql-java/java-dataloader/3.3.0/java-dataloader-3.3.0.jar:/home/runner/work/apicurio-testing/apicurio-testing/clusters/ci419/namespaces/postgresql/tests/integration/apicurio-registry/schema-util/kconnect/target/apicurio-registry-schema-util-kconnect-3.0.11-SNAPSHOT.jar:/home/runner/work/apicurio-testing/apicurio-testing/clusters/ci419/namespaces/postgresql/tests/integration/apicurio-registry/schema-util/openapi/target/apicurio-registry-schema-util-openapi-3.0.11-SNAPSHOT.jar:/home/runner/.m2/repository/io/apicurio/apicurio-data-models/2.2.1/apicurio-data-models-2.2.1.jar:/home/runner/.m2/repository/org/openapitools/openapidiff/openapi-diff-core/2.1.2/openapi-diff-core-2.1.2.jar:/home/runner/.m2/repository/io/swagger/parser/v3/swagger-parser/2.1.28/swagger-parser-2.1.28.jar:/home/runner/.m2/repository/io/swagger/parser/v3/swagger-parser-v2-converter/2.1.28/swagger-parser-v2-converter-2.1.28.jar:/home/runner/.m2/repository/io/swagger/swagger-core/1.6.16/swagger-core-1.6.16.jar:/home/runner/.m2/repository/io/swagger/swagger-models/1.6.16/swagger-models-1.6.16.jar:/home/runner/.m2/repository/io/swagger/swagger-annotations/1.6.16/swagger-annotations-1.6.16.jar:/home/runner/.m2/repository/io/swagger/swagger-parser/1.0.75/swagger-parser-1.0.75.jar:/home/runner/.m2/repository/io/swagger/swagger-parser-safe-url-resolver/1.0.75/swagger-parser-safe-url-resolver-1.0.75.jar:/home/runner/.m2/repository/io/swagger/swagger-compat-spec-parser/1.0.75/swagger-compat-spec-parser-1.0.75.jar:/home/runner/.m2/repository/com/github/java-json-tools/json-schema-validator/2.2.14/json-schema-validator-2.2.14.jar:/home/runner/.m2/repository/com/github/java-json-tools/jackson-coreutils-equivalence/1.0/jackson-coreutils-equivalence-1.0.jar:/home/runner/.m2/repository/com/github/java-json-tools/json-schema-core/1.2.14/json-schema-core-1.2.14.jar:/home/runner/.m2/repository/com/github/java-json-tools/uri-template/0.10/uri-template-0.10.jar:/home/runner/.m2/repository/com/googlecode/libphonenumber/libphonenumber/8.11.1/libphonenumber-8.11.1.jar:/home/runner/.m2/repository/com/j2html/j2html/1.6.0/j2html-1.6.0.jar:/home/runner/.m2/repository/org/apache/commons/commons-collections4/4.5.0/commons-collections4-4.5.0.jar:/home/runner/.m2/repository/org/apache/commons/commons-configuration2/2.12.0/commons-configuration2-2.12.0.jar:/home/runner/.m2/repository/org/apache/commons/commons-text/1.13.0/commons-text-1.13.0.jar:/home/runner/.m2/repository/org/slf4j/jcl-over-slf4j/2.0.17/jcl-over-slf4j-2.0.17.jar:/home/runner/.m2/repository/io/swagger/parser/v3/swagger-parser-v3/2.1.30/swagger-parser-v3-2.1.30.jar:/home/runner/.m2/repository/io/swagger/core/v3/swagger-models/2.2.34/swagger-models-2.2.34.jar:/home/runner/.m2/repository/io/swagger/core/v3/swagger-core/2.2.34/swagger-core-2.2.34.jar:/home/runner/.m2/repository/io/swagger/parser/v3/swagger-parser-core/2.1.30/swagger-parser-core-2.1.30.jar:/home/runner/.m2/repository/io/swagger/parser/v3/swagger-parser-safe-url-resolver/2.1.30/swagger-parser-safe-url-resolver-2.1.30.jar:/home/runner/work/apicurio-testing/apicurio-testing/clusters/ci419/namespaces/postgresql/tests/integration/apicurio-registry/schema-util/wsdl/target/apicurio-registry-schema-util-wsdl-3.0.11-SNAPSHOT.jar:/home/runner/.m2/repository/wsdl4j/wsdl4j/1.6.3/wsdl4j-1.6.3.jar:/home/runner/work/apicurio-testing/apicurio-testing/clusters/ci419/namespaces/postgresql/tests/integration/apicurio-registry/schema-util/xml/target/apicurio-registry-schema-util-xml-3.0.11-SNAPSHOT.jar:/home/runner/.m2/repository/org/apache/santuario/xmlsec/4.0.3/xmlsec-4.0.3.jar:/home/runner/.m2/repository/com/fasterxml/woodstox/woodstox-core/7.1.0/woodstox-core-7.1.0.jar:/home/runner/.m2/repository/org/codehaus/woodstox/stax2-api/4.2.2/stax2-api-4.2.2.jar:/home/runner/work/apicurio-testing/apicurio-testing/clusters/ci419/namespaces/postgresql/tests/integration/apicurio-registry/schema-util/xsd/target/apicurio-registry-schema-util-xsd-3.0.11-SNAPSHOT.jar:/home/runner/work/apicurio-testing/apicurio-testing/clusters/ci419/namespaces/postgresql/tests/integration/apicurio-registry/serdes/kafka/jsonschema-serde/target/apicurio-registry-jsonschema-serde-kafka-3.0.11-SNAPSHOT.jar:/home/runner/work/apicurio-testing/apicurio-testing/clusters/ci419/namespaces/postgresql/tests/integration/apicurio-registry/serdes/kafka/serde-kafka-common/target/apicurio-registry-serde-kafka-common-3.0.11-SNAPSHOT.jar:/home/runner/work/apicurio-testing/apicurio-testing/clusters/ci419/namespaces/postgresql/tests/integration/apicurio-registry/serdes/generic/serde-common/target/apicurio-registry-serde-common-3.0.11-SNAPSHOT.jar:/home/runner/work/apicurio-testing/apicurio-testing/clusters/ci419/namespaces/postgresql/tests/integration/apicurio-registry/serdes/generic/serde-common-jsonschema/target/apicurio-registry-serde-common-jsonschema-3.0.11-SNAPSHOT.jar:/home/runner/.m2/repository/org/json/json/20250107/json-20250107.jar:/home/runner/work/apicurio-testing/apicurio-testing/clusters/ci419/namespaces/postgresql/tests/integration/apicurio-registry/serdes/kafka/avro-serde/target/apicurio-registry-avro-serde-kafka-3.0.11-SNAPSHOT.jar:/home/runner/work/apicurio-testing/apicurio-testing/clusters/ci419/namespaces/postgresql/tests/integration/apicurio-registry/serdes/generic/serde-common-avro/target/apicurio-registry-serde-common-avro-3.0.11-SNAPSHOT.jar:/home/runner/work/apicurio-testing/apicurio-testing/clusters/ci419/namespaces/postgresql/tests/integration/apicurio-registry/serdes/kafka/protobuf-serde/target/apicurio-registry-protobuf-serde-kafka-3.0.11-SNAPSHOT.jar:/home/runner/work/apicurio-testing/apicurio-testing/clusters/ci419/namespaces/postgresql/tests/integration/apicurio-registry/serdes/generic/serde-common-protobuf/target/apicurio-registry-serde-common-protobuf-3.0.11-SNAPSHOT.jar:/home/runner/.m2/repository/com/squareup/wire/wire-schema/5.3.3/wire-schema-5.3.3.jar:/home/runner/.m2/repository/com/squareup/wire/wire-runtime/5.3.3/wire-runtime-5.3.3.jar:/home/runner/work/apicurio-testing/apicurio-testing/clusters/ci419/namespaces/postgresql/tests/integration/apicurio-registry/serdes/pulsar/avro-serde/target/apicurio-registry-avro-serde-pulsar-3.0.11-SNAPSHOT.jar:/home/runner/.m2/repository/org/apache/pulsar/pulsar-functions-api/3.3.4/pulsar-functions-api-3.3.4.jar:/home/runner/work/apicurio-testing/apicurio-testing/clusters/ci419/namespaces/postgresql/tests/integration/apicurio-registry/serdes/nats/avro-serde/target/apicurio-registry-avro-serde-nats-3.0.11-SNAPSHOT.jar:/home/runner/.m2/repository/io/nats/jnats/2.20.5/jnats-2.20.5.jar:/home/runner/.m2/repository/net/i2p/crypto/eddsa/0.3.0/eddsa-0.3.0.jar:/home/runner/work/apicurio-testing/apicurio-testing/clusters/ci419/namespaces/postgresql/tests/integration/apicurio-registry/utils/converter/target/apicurio-registry-utils-converter-3.0.11-SNAPSHOT.jar:/home/runner/work/apicurio-testing/apicurio-testing/clusters/ci419/namespaces/postgresql/tests/integration/apicurio-registry/schema-resolver/target/apicurio-registry-schema-resolver-3.0.11-SNAPSHOT.jar:/home/runner/.m2/repository/org/apache/kafka/connect-api/3.9.1/connect-api-3.9.1.jar:/home/runner/.m2/repository/javax/ws/rs/javax.ws.rs-api/2.1.1/javax.ws.rs-api-2.1.1.jar:/home/runner/.m2/repository/org/apache/kafka/connect-json/3.9.1/connect-json-3.9.1.jar:/home/runner/.m2/repository/com/fasterxml/jackson/datatype/jackson-datatype-jdk8/2.18.2/jackson-datatype-jdk8-2.18.2.jar:/home/runner/.m2/repository/com/fasterxml/jackson/module/jackson-module-afterburner/2.18.2/jackson-module-afterburner-2.18.2.jar:/home/runner/work/apicurio-testing/apicurio-testing/clusters/ci419/namespaces/postgresql/tests/integration/apicurio-registry/utils/kafka/target/apicurio-registry-utils-kafka-3.0.11-SNAPSHOT.jar:/home/runner/.m2/repository/org/apache/pulsar/pulsar-client/3.3.4/pulsar-client-3.3.4.jar:/home/runner/.m2/repository/org/apache/pulsar/pulsar-client-api/3.3.4/pulsar-client-api-3.3.4.jar:/home/runner/.m2/repository/org/apache/pulsar/pulsar-client-admin-api/3.3.4/pulsar-client-admin-api-3.3.4.jar:/home/runner/.m2/repository/org/apache/pulsar/bouncy-castle-bc/3.3.4/bouncy-castle-bc-3.3.4-pkg.jar:/home/runner/.m2/repository/org/bouncycastle/bcpkix-jdk18on/1.80/bcpkix-jdk18on-1.80.jar:/home/runner/.m2/repository/org/bouncycastle/bcutil-jdk18on/1.80/bcutil-jdk18on-1.80.jar:/home/runner/.m2/repository/org/bouncycastle/bcprov-jdk18on/1.80/bcprov-jdk18on-1.80.jar:/home/runner/.m2/repository/io/opentelemetry/opentelemetry-api/1.44.1/opentelemetry-api-1.44.1.jar:/home/runner/.m2/repository/io/opentelemetry/opentelemetry-context/1.44.1/opentelemetry-context-1.44.1.jar:/home/runner/.m2/repository/io/opentelemetry/opentelemetry-api-incubator/1.44.1-alpha/opentelemetry-api-incubator-1.44.1-alpha.jar:/home/runner/.m2/repository/com/fasterxml/jackson/core/jackson-annotations/2.18.2/jackson-annotations-2.18.2.jar:/home/runner/.m2/repository/javax/validation/validation-api/1.1.0.Final/validation-api-1.1.0.Final.jar:/home/runner/.m2/repository/io/confluent/kafka-avro-serializer/8.0.0/kafka-avro-serializer-8.0.0.jar:/home/runner/.m2/repository/org/apache/commons/commons-compress/1.27.1/commons-compress-1.27.1.jar:/home/runner/.m2/repository/io/confluent/kafka-schema-serializer/8.0.0/kafka-schema-serializer-8.0.0.jar:/home/runner/.m2/repository/com/fasterxml/jackson/dataformat/jackson-dataformat-csv/2.18.2/jackson-dataformat-csv-2.18.2.jar:/home/runner/.m2/repository/io/confluent/kafka-schema-registry-client/8.0.0/kafka-schema-registry-client-8.0.0.jar:/home/runner/.m2/repository/org/yaml/snakeyaml/2.3/snakeyaml-2.3.jar:/home/runner/.m2/repository/io/swagger/core/v3/swagger-annotations/2.2.29/swagger-annotations-2.2.29.jar:/home/runner/.m2/repository/com/google/guava/guava/33.4.0-jre/guava-33.4.0-jre.jar:/home/runner/.m2/repository/com/google/guava/failureaccess/1.0.1/failureaccess-1.0.1.jar:/home/runner/.m2/repository/org/checkerframework/checker-qual/3.49.0/checker-qual-3.49.0.jar:/home/runner/.m2/repository/io/confluent/logredactor/1.0.13/logredactor-1.0.13.jar:/home/runner/.m2/repository/com/google/re2j/re2j/1.6/re2j-1.6.jar:/home/runner/.m2/repository/io/confluent/logredactor-metrics/1.0.13/logredactor-metrics-1.0.13.jar:/home/runner/.m2/repository/com/eclipsesource/minimal-json/minimal-json/0.9.5/minimal-json-0.9.5.jar:/home/runner/.m2/repository/io/confluent/common-utils/8.0.0/common-utils-8.0.0.jar:/home/runner/.m2/repository/io/confluent/kafka-connect-avro-converter/8.0.0/kafka-connect-avro-converter-8.0.0.jar:/home/runner/.m2/repository/io/confluent/kafka-connect-avro-data/8.0.0/kafka-connect-avro-data-8.0.0.jar:/home/runner/.m2/repository/io/confluent/kafka-schema-converter/8.0.0/kafka-schema-converter-8.0.0.jar:/home/runner/.m2/repository/io/rest-assured/rest-assured/5.5.1/rest-assured-5.5.1.jar:/home/runner/.m2/repository/org/apache/groovy/groovy/4.0.22/groovy-4.0.22.jar:/home/runner/.m2/repository/org/apache/groovy/groovy-xml/4.0.22/groovy-xml-4.0.22.jar:/home/runner/.m2/repository/org/apache/httpcomponents/httpclient/4.5.14/httpclient-4.5.14.jar:/home/runner/.m2/repository/org/apache/httpcomponents/httpcore/4.4.16/httpcore-4.4.16.jar:/home/runner/.m2/repository/org/apache/httpcomponents/httpmime/4.5.14/httpmime-4.5.14.jar:/home/runner/.m2/repository/org/hamcrest/hamcrest/2.2/hamcrest-2.2.jar:/home/runner/.m2/repository/org/ccil/cowan/tagsoup/tagsoup/1.2.1/tagsoup-1.2.1.jar:/home/runner/.m2/repository/io/rest-assured/json-path/5.5.1/json-path-5.5.1.jar:/home/runner/.m2/repository/org/apache/groovy/groovy-json/4.0.22/groovy-json-4.0.22.jar:/home/runner/.m2/repository/io/rest-assured/rest-assured-common/5.5.1/rest-assured-common-5.5.1.jar:/home/runner/.m2/repository/io/rest-assured/xml-path/5.5.1/xml-path-5.5.1.jar:/home/runner/.m2/repository/io/zonky/test/embedded-postgres/2.1.0/embedded-postgres-2.1.0.jar:/home/runner/.m2/repository/io/zonky/test/postgres/embedded-postgres-binaries-windows-amd64/14.15.0/embedded-postgres-binaries-windows-amd64-14.15.0.jar:/home/runner/.m2/repository/io/zonky/test/postgres/embedded-postgres-binaries-darwin-amd64/14.15.0/embedded-postgres-binaries-darwin-amd64-14.15.0.jar:/home/runner/.m2/repository/io/zonky/test/postgres/embedded-postgres-binaries-linux-amd64/14.15.0/embedded-postgres-binaries-linux-amd64-14.15.0.jar:/home/runner/.m2/repository/io/zonky/test/postgres/embedded-postgres-binaries-linux-amd64-alpine/14.15.0/embedded-postgres-binaries-linux-amd64-alpine-14.15.0.jar:/home/runner/.m2/repository/org/apache/commons/commons-lang3/3.17.0/commons-lang3-3.17.0.jar:/home/runner/.m2/repository/org/tukaani/xz/1.10/xz-1.10.jar:/home/runner/.m2/repository/commons-codec/commons-codec/1.18.0/commons-codec-1.18.0.jar:/home/runner/.m2/repository/org/postgresql/postgresql/42.7.5/postgresql-42.7.5.jar:/home/runner/.m2/repository/commons-io/commons-io/2.18.0/commons-io-2.18.0.jar:/home/runner/work/apicurio-testing/apicurio-testing/clusters/ci419/namespaces/postgresql/tests/integration/apicurio-registry/utils/importexport/target/apicurio-registry-utils-import-export-3.0.11-SNAPSHOT.jar:/home/runner/.m2/repository/io/vertx/vertx-core/4.5.14/vertx-core-4.5.14.jar:/home/runner/.m2/repository/io/netty/netty-common/4.1.119.Final/netty-common-4.1.119.Final.jar:/home/runner/.m2/repository/io/netty/netty-buffer/4.1.119.Final/netty-buffer-4.1.119.Final.jar:/home/runner/.m2/repository/io/netty/netty-transport/4.1.119.Final/netty-transport-4.1.119.Final.jar:/home/runner/.m2/repository/io/netty/netty-handler/4.1.119.Final/netty-handler-4.1.119.Final.jar:/home/runner/.m2/repository/io/netty/netty-transport-native-unix-common/4.1.119.Final/netty-transport-native-unix-common-4.1.119.Final.jar:/home/runner/.m2/repository/io/netty/netty-codec/4.1.119.Final/netty-codec-4.1.119.Final.jar:/home/runner/.m2/repository/io/netty/netty-handler-proxy/4.1.119.Final/netty-handler-proxy-4.1.119.Final.jar:/home/runner/.m2/repository/io/netty/netty-codec-socks/4.1.119.Final/netty-codec-socks-4.1.119.Final.jar:/home/runner/.m2/repository/io/netty/netty-codec-http/4.1.119.Final/netty-codec-http-4.1.119.Final.jar:/home/runner/.m2/repository/io/netty/netty-codec-http2/4.1.119.Final/netty-codec-http2-4.1.119.Final.jar:/home/runner/.m2/repository/io/netty/netty-resolver/4.1.119.Final/netty-resolver-4.1.119.Final.jar:/home/runner/.m2/repository/io/netty/netty-resolver-dns/4.1.119.Final/netty-resolver-dns-4.1.119.Final.jar:/home/runner/.m2/repository/io/netty/netty-codec-dns/4.1.119.Final/netty-codec-dns-4.1.119.Final.jar:/home/runner/.m2/repository/com/fasterxml/jackson/core/jackson-core/2.18.2/jackson-core-2.18.2.jar:"/>
    <property name="sun.cpu.endian" value="little"/>
    <property name="user.home" value="/home/runner"/>
    <property name="user.language" value="en"/>
    <property name="jboss.log-version" value="false"/>
    <property name="java.specification.vendor" value="Oracle Corporation"/>
    <property name="java.version.date" value="2025-07-15"/>
    <property name="java.home" value="/usr/lib/jvm/temurin-17-jdk-amd64"/>
    <property name="file.separator" value="/"/>
    <property name="basedir" value="/home/runner/work/apicurio-testing/apicurio-testing/clusters/ci419/namespaces/postgresql/tests/integration/apicurio-registry/integration-tests"/>
    <property name="java.vm.compressedOopsMode" value="32-bit"/>
    <property name="line.separator" value="&#10;"/>
    <property name="java.specification.name" value="Java Platform API Specification"/>
    <property name="java.vm.specification.vendor" value="Oracle Corporation"/>
    <property name="quarkus.http.test-host" value="registry-app-postgresql.apps.ci419.apicurio-testing.org"/>
    <property name="surefire.real.class.path" value="/home/runner/work/apicurio-testing/apicurio-testing/clusters/ci419/namespaces/postgresql/tests/integration/apicurio-registry/integration-tests/target/surefire/surefirebooter-20250731181314874_3.jar"/>
    <property name="sun.management.compiler" value="HotSpot 64-Bit Tiered Compilers"/>
    <property name="org.eclipse.jetty.http.HttpGenerator.STRICT" value="true"/>
    <property name="java.runtime.version" value="17.0.16+8"/>
    <property name="user.name" value="runner"/>
    <property name="path.separator" value=":"/>
    <property name="os.version" value="6.8.0-1031-azure"/>
    <property name="java.runtime.name" value="OpenJDK Runtime Environment"/>
    <property name="file.encoding" value="UTF-8"/>
    <property name="jnidispatch.path" value="/home/runner/.cache/JNA/temp/jna1253588492975991767.tmp"/>
    <property name="java.vm.name" value="OpenJDK 64-Bit Server VM"/>
    <property name="jna.platform.library.path" value="/usr/lib/x86_64-linux-gnu:/lib/x86_64-linux-gnu:/usr/lib64:/lib64:/usr/lib:/lib:/lib32:/usr/local/lib:/usr/lib/x86_64-linux-gnu/libfakeroot"/>
    <property name="java.vendor.version" value="Temurin-17.0.16+8"/>
    <property name="quarkus.oidc.token-path" value="https://keycloak-postgresql.apps.ci419.apicurio-testing.org/realms/registry/protocol/openid-connect/token"/>
    <property name="quarkus.http.host" value="registry-app-postgresql.apps.ci419.apicurio-testing.org"/>
    <property name="localRepository" value="/home/runner/.m2/repository"/>
    <property name="javax.xml.xpath.XPathFactory:http://java.sun.com/jaxp/xpath/dom" value="com.sun.org.apache.xpath.internal.jaxp.XPathFactoryImpl"/>
    <property name="jna.loaded" value="true"/>
    <property name="java.vendor.url.bug" value="https://github.com/adoptium/adoptium-support/issues"/>
    <property name="jetty.git.hash" value="5bc5e562c8d05c5862505aebe5cf83a61bdbcb96"/>
    <property name="java.io.tmpdir" value="/tmp"/>
    <property name="quarkus.http.test-protocol" value="http"/>
    <property name="java.version" value="17.0.16"/>
    <property name="user.dir" value="/home/runner/work/apicurio-testing/apicurio-testing/clusters/ci419/namespaces/postgresql/tests/integration/apicurio-registry/integration-tests"/>
    <property name="os.arch" value="amd64"/>
    <property name="groups" value="( smoke | serdes | acceptance | ui)"/>
    <property name="java.vm.specification.name" value="Java Virtual Machine Specification"/>
    <property name="native.encoding" value="UTF-8"/>
    <property name="java.util.logging.manager" value="org.jboss.logmanager.LogManager"/>
    <property name="java.library.path" value="/usr/java/packages/lib:/usr/lib64:/lib64:/lib:/usr/lib"/>
    <property name="jdk.console" value="java.base"/>
    <property name="java.vm.info" value="mixed mode, sharing"/>
    <property name="java.vendor" value="Eclipse Adoptium"/>
    <property name="java.vm.version" value="17.0.16+8"/>
    <property name="java.specification.maintenance.version" value="1"/>
    <property name="sun.io.unicode.encoding" value="UnicodeLittle"/>
    <property name="javax.xml.transform.TransformerFactory" value="com.sun.org.apache.xalan.internal.xsltc.trax.TransformerFactoryImpl"/>
    <property name="java.class.version" value="61.0"/>
  </properties>
  <testcase name="testGlobalIdInHeaders" classname="io.apicurio.tests.serdes.apicurio.AvroSerdeIT" time="3.361">
    <system-out><![CDATA[**** Registry Base URL: http://registry-app-postgresql.apps.ci419.apicurio-testing.org:80
**** Registry Base URL: http://registry-app-postgresql.apps.ci419.apicurio-testing.org:80
2025-07-31 18:13:26,718 INFO  [io.api.tes.ser.api.AvroSerdeIT] (main) RestAssured configured with http://registry-app-postgresql.apps.ci419.apicurio-testing.org:80/apis/registry/v3
2025-07-31 18:13:26,721 INFO  [io.api.tes.uti.KafkaFacade] (main) Starting kafka container
2025-07-31 18:13:26,759 INFO  [org.tes.ima.PullPolicy] (main) Image pull policy will be performed by: DefaultPullPolicy()
2025-07-31 18:13:26,762 INFO  [org.tes.uti.ImageNameSubstitutor] (main) Image name substitution will be performed by: DefaultImageNameSubstitutor (composite of 'ConfigurationFileImageNameSubstitutor' and 'PrefixingImageNameSubstitutor')
2025-07-31 18:13:26,773 INFO  [org.tes.DockerClientFactory] (main) Testcontainers version: 1.20.6
2025-07-31 18:13:27,288 INFO  [org.tes.doc.DockerClientProviderStrategy] (main) Found Docker environment with local Unix socket (unix:///var/run/docker.sock)
2025-07-31 18:13:27,298 INFO  [org.tes.DockerClientFactory] (main) Docker host IP address is localhost
2025-07-31 18:13:27,320 INFO  [org.tes.DockerClientFactory] (main) Connected to docker: 
  Server Version: 28.0.4
  API Version: 1.48
  Operating System: Ubuntu 22.04.5 LTS
  Total Memory: 7944 MB
2025-07-31 18:13:27,364 INFO  [tc.tes.11.0] (main) Pulling docker image: testcontainers/ryuk:0.11.0. Please be patient; this may take some time but only needs to be done once.
2025-07-31 18:13:27,611 INFO  [tc.tes.11.0] (docker-java-stream--1295187651) Starting to pull image
2025-07-31 18:13:27,645 INFO  [tc.tes.11.0] (docker-java-stream--1295187651) Pulling image layers:  0 pending,  0 downloaded,  0 extracted, (0 bytes/0 bytes)
2025-07-31 18:13:27,741 INFO  [tc.tes.11.0] (docker-java-stream--1295187651) Pulling image layers:  2 pending,  1 downloaded,  0 extracted, (107 KB/? MB)
2025-07-31 18:13:27,777 INFO  [tc.tes.11.0] (docker-java-stream--1295187651) Pulling image layers:  1 pending,  2 downloaded,  0 extracted, (144 KB/? MB)
2025-07-31 18:13:27,823 INFO  [tc.tes.11.0] (docker-java-stream--1295187651) Pulling image layers:  0 pending,  3 downloaded,  0 extracted, (144 KB/10 MB)
2025-07-31 18:13:27,874 INFO  [tc.tes.11.0] (docker-java-stream--1295187651) Pulling image layers:  0 pending,  3 downloaded,  1 extracted, (3 MB/10 MB)
2025-07-31 18:13:28,840 INFO  [tc.tes.11.0] (docker-java-stream--1295187651) Pulling image layers:  0 pending,  3 downloaded,  2 extracted, (4 MB/10 MB)
2025-07-31 18:13:28,885 INFO  [tc.tes.11.0] (docker-java-stream--1295187651) Pulling image layers:  0 pending,  3 downloaded,  3 extracted, (10 MB/10 MB)
2025-07-31 18:13:28,892 INFO  [tc.tes.11.0] (docker-java-stream--1295187651) Pull complete. 3 layers, pulled in 1s (downloaded 10 MB at 10 MB/s)
2025-07-31 18:13:28,892 INFO  [tc.tes.11.0] (main) Image testcontainers/ryuk:0.11.0 pull took PT1.527311195S
2025-07-31 18:13:28,921 INFO  [tc.tes.11.0] (main) Creating container for image: testcontainers/ryuk:0.11.0
2025-07-31 18:13:29,016 INFO  [tc.tes.11.0] (main) Container testcontainers/ryuk:0.11.0 is starting: c5f21feac467b6c027b44c49b29324734bd36609e6a78af74bef0cda926b1d38
2025-07-31 18:13:29,396 INFO  [tc.tes.11.0] (main) Container testcontainers/ryuk:0.11.0 started in PT0.475639701S
2025-07-31 18:13:29,401 INFO  [org.tes.uti.RyukResourceReaper] (main) Ryuk started - will monitor and terminate Testcontainers containers on JVM exit
2025-07-31 18:13:29,402 INFO  [org.tes.DockerClientFactory] (main) Checking the system...
2025-07-31 18:13:29,402 INFO  [org.tes.DockerClientFactory] (main) ✔︎ Docker server version should be at least 1.6.0
2025-07-31 18:13:29,406 INFO  [io.str.tes.con.KafkaVersionService] (main) Latest release of Kafka is:LogicalKafkaVersionEntity{version='3.7.1', image='quay.io/strimzi-test-container/test-container:0.107.0-kafka-3.7.1'}
2025-07-31 18:13:29,406 INFO  [io.str.tes.con.KafkaVersionService] (main) Latest release of Kafka is:LogicalKafkaVersionEntity{version='3.7.1', image='quay.io/strimzi-test-container/test-container:0.107.0-kafka-3.7.1'}
2025-07-31 18:13:29,406 INFO  [io.str.tes.con.KafkaVersionService] (main) No Kafka version specified. Using latest release: quay.io/strimzi-test-container/test-container:0.107.0-kafka-3.7.1
2025-07-31 18:13:29,409 INFO  [tc.qua.io/.107.0-k.7.1] (main) Pulling docker image: quay.io/strimzi-test-container/test-container:0.107.0-kafka-3.7.1. Please be patient; this may take some time but only needs to be done once.
2025-07-31 18:13:29,681 INFO  [tc.qua.io/.107.0-k.7.1] (docker-java-stream--720530420) Starting to pull image
2025-07-31 18:13:29,683 INFO  [tc.qua.io/.107.0-k.7.1] (docker-java-stream--720530420) Pulling image layers:  0 pending,  0 downloaded,  0 extracted, (0 bytes/0 bytes)
2025-07-31 18:13:30,057 INFO  [tc.qua.io/.107.0-k.7.1] (docker-java-stream--720530420) Pulling image layers:  4 pending,  1 downloaded,  0 extracted, (8 MB/? MB)
2025-07-31 18:13:30,435 INFO  [tc.qua.io/.107.0-k.7.1] (docker-java-stream--720530420) Pulling image layers:  3 pending,  2 downloaded,  0 extracted, (55 MB/? MB)
2025-07-31 18:13:30,536 INFO  [tc.qua.io/.107.0-k.7.1] (docker-java-stream--720530420) Pulling image layers:  2 pending,  3 downloaded,  0 extracted, (64 MB/? MB)
2025-07-31 18:13:31,446 INFO  [tc.qua.io/.107.0-k.7.1] (docker-java-stream--720530420) Pulling image layers:  1 pending,  4 downloaded,  0 extracted, (198 MB/? MB)
2025-07-31 18:13:31,583 INFO  [tc.qua.io/.107.0-k.7.1] (docker-java-stream--720530420) Pulling image layers:  1 pending,  4 downloaded,  1 extracted, (205 MB/? MB)
2025-07-31 18:13:32,121 INFO  [tc.qua.io/.107.0-k.7.1] (docker-java-stream--720530420) Pulling image layers:  0 pending,  5 downloaded,  1 extracted, (227 MB/231 MB)
2025-07-31 18:13:36,442 INFO  [tc.qua.io/.107.0-k.7.1] (docker-java-stream--720530420) Pulling image layers:  0 pending,  5 downloaded,  2 extracted, (231 MB/231 MB)
2025-07-31 18:13:36,460 INFO  [tc.qua.io/.107.0-k.7.1] (docker-java-stream--720530420) Pulling image layers:  0 pending,  5 downloaded,  3 extracted, (231 MB/231 MB)
2025-07-31 18:13:37,497 INFO  [tc.qua.io/.107.0-k.7.1] (docker-java-stream--720530420) Pulling image layers:  0 pending,  5 downloaded,  4 extracted, (231 MB/231 MB)
2025-07-31 18:13:37,510 INFO  [tc.qua.io/.107.0-k.7.1] (docker-java-stream--720530420) Pulling image layers:  0 pending,  5 downloaded,  5 extracted, (231 MB/231 MB)
2025-07-31 18:13:37,516 INFO  [tc.qua.io/.107.0-k.7.1] (main) Image quay.io/strimzi-test-container/test-container:0.107.0-kafka-3.7.1 pull took PT8.107087881S
2025-07-31 18:13:37,516 INFO  [tc.qua.io/.107.0-k.7.1] (docker-java-stream--720530420) Pull complete. 5 layers, pulled in 7s (downloaded 231 MB at 33 MB/s)
2025-07-31 18:13:37,519 INFO  [tc.qua.io/.107.0-k.7.1] (main) Creating container for image: quay.io/strimzi-test-container/test-container:0.107.0-kafka-3.7.1
2025-07-31 18:13:37,600 INFO  [tc.qua.io/.107.0-k.7.1] (main) Container quay.io/strimzi-test-container/test-container:0.107.0-kafka-3.7.1 is starting: 50fbf0ca8343ab2c3f060b3101b9707e786c3b23c5ec6de41adde4a7a41e7d69
2025-07-31 18:13:37,804 INFO  [io.str.tes.con.StrimziKafkaContainer] (main) Mapped port: 32770
2025-07-31 18:13:37,807 INFO  [io.str.tes.con.StrimziKafkaContainer] (main) This is all advertised listeners for Kafka PLAINTEXT://localhost:32770,BROKER1://172.18.0.2:9093
2025-07-31 18:13:37,807 INFO  [io.str.tes.con.StrimziKafkaContainer] (main) Using internal ZooKeeper 'zookeeper.connect=localhost:2181.'
2025-07-31 18:13:37,808 INFO  [io.str.tes.con.StrimziKafkaContainer] (main) Copying command to 'STARTER_SCRIPT' script.
2025-07-31 18:13:41,983 INFO  [tc.qua.io/.107.0-k.7.1] (main) Container quay.io/strimzi-test-container/test-container:0.107.0-kafka-3.7.1 started in PT4.463630013S
2025-07-31 18:13:41,991 INFO  [io.api.tes.uti.TestSeparator] (main) ############################################################################
2025-07-31 18:13:41,991 INFO  [io.api.tes.uti.TestSeparator] (main) io.apicurio.tests.serdes.apicurio.AvroSerdeIT.testGlobalIdInHeaders-STARTED
2025-07-31 18:13:42,019 INFO  [org.apa.kaf.cli.adm.AdminClientConfig] (main) AdminClientConfig values: 
	auto.include.jmx.reporter = true
	bootstrap.controllers = []
	bootstrap.servers = [PLAINTEXT://localhost:32770]
	client.dns.lookup = use_all_dns_ips
	client.id = 
	connections.max.idle.ms = 10000
	default.api.timeout.ms = 60000
	enable.metrics.push = true
	metadata.max.age.ms = 300000
	metadata.recovery.strategy = none
	metric.reporters = []
	metrics.num.samples = 2
	metrics.recording.level = INFO
	metrics.sample.window.ms = 30000
	receive.buffer.bytes = 65536
	reconnect.backoff.max.ms = 1000
	reconnect.backoff.ms = 50
	request.timeout.ms = 5000
	retries = 2147483647
	retry.backoff.max.ms = 1000
	retry.backoff.ms = 100
	sasl.client.callback.handler.class = null
	sasl.jaas.config = null
	sasl.kerberos.kinit.cmd = /usr/bin/kinit
	sasl.kerberos.min.time.before.relogin = 60000
	sasl.kerberos.service.name = null
	sasl.kerberos.ticket.renew.jitter = 0.05
	sasl.kerberos.ticket.renew.window.factor = 0.8
	sasl.login.callback.handler.class = null
	sasl.login.class = null
	sasl.login.connect.timeout.ms = null
	sasl.login.read.timeout.ms = null
	sasl.login.refresh.buffer.seconds = 300
	sasl.login.refresh.min.period.seconds = 60
	sasl.login.refresh.window.factor = 0.8
	sasl.login.refresh.window.jitter = 0.05
	sasl.login.retry.backoff.max.ms = 10000
	sasl.login.retry.backoff.ms = 100
	sasl.mechanism = GSSAPI
	sasl.oauthbearer.clock.skew.seconds = 30
	sasl.oauthbearer.expected.audience = null
	sasl.oauthbearer.expected.issuer = null
	sasl.oauthbearer.header.urlencode = false
	sasl.oauthbearer.jwks.endpoint.refresh.ms = 3600000
	sasl.oauthbearer.jwks.endpoint.retry.backoff.max.ms = 10000
	sasl.oauthbearer.jwks.endpoint.retry.backoff.ms = 100
	sasl.oauthbearer.jwks.endpoint.url = null
	sasl.oauthbearer.scope.claim.name = scope
	sasl.oauthbearer.sub.claim.name = sub
	sasl.oauthbearer.token.endpoint.url = null
	security.protocol = PLAINTEXT
	security.providers = null
	send.buffer.bytes = 131072
	socket.connection.setup.timeout.max.ms = 30000
	socket.connection.setup.timeout.ms = 10000
	ssl.cipher.suites = null
	ssl.enabled.protocols = [TLSv1.2, TLSv1.3]
	ssl.endpoint.identification.algorithm = https
	ssl.engine.factory.class = null
	ssl.key.password = null
	ssl.keymanager.algorithm = SunX509
	ssl.keystore.certificate.chain = null
	ssl.keystore.key = null
	ssl.keystore.location = null
	ssl.keystore.password = null
	ssl.keystore.type = JKS
	ssl.protocol = TLSv1.3
	ssl.provider = null
	ssl.secure.random.implementation = null
	ssl.trustmanager.algorithm = PKIX
	ssl.truststore.certificates = null
	ssl.truststore.location = null
	ssl.truststore.password = null
	ssl.truststore.type = JKS

2025-07-31 18:13:42,403 INFO  [org.apa.kaf.com.uti.AppInfoParser] (main) Kafka version: 3.9.1
2025-07-31 18:13:42,403 INFO  [org.apa.kaf.com.uti.AppInfoParser] (main) Kafka commitId: f745dfdcee2b9851
2025-07-31 18:13:42,403 INFO  [org.apa.kaf.com.uti.AppInfoParser] (main) Kafka startTimeMs: 1753985622401
**** Registry Base URL: http://registry-app-postgresql.apps.ci419.apicurio-testing.org:80
2025-07-31 18:13:42,451 INFO  [org.apa.kaf.cli.pro.ProducerConfig] (main) ProducerConfig values: 
	acks = -1
	auto.include.jmx.reporter = true
	batch.size = 16384
	bootstrap.servers = [PLAINTEXT://localhost:32770]
	buffer.memory = 33554432
	client.dns.lookup = use_all_dns_ips
	client.id = Producer-topic-2c2f7a48_dc62_4308_8db0_67fd765bb448
	compression.gzip.level = -1
	compression.lz4.level = 9
	compression.type = none
	compression.zstd.level = 3
	connections.max.idle.ms = 10000
	delivery.timeout.ms = 120000
	enable.idempotence = true
	enable.metrics.push = true
	interceptor.classes = []
	key.serializer = class org.apache.kafka.common.serialization.StringSerializer
	linger.ms = 0
	max.block.ms = 60000
	max.in.flight.requests.per.connection = 5
	max.request.size = 1048576
	metadata.max.age.ms = 300000
	metadata.max.idle.ms = 300000
	metadata.recovery.strategy = none
	metric.reporters = []
	metrics.num.samples = 2
	metrics.recording.level = INFO
	metrics.sample.window.ms = 30000
	partitioner.adaptive.partitioning.enable = true
	partitioner.availability.timeout.ms = 0
	partitioner.class = null
	partitioner.ignore.keys = false
	receive.buffer.bytes = 32768
	reconnect.backoff.max.ms = 1000
	reconnect.backoff.ms = 50
	request.timeout.ms = 5000
	retries = 2147483647
	retry.backoff.max.ms = 1000
	retry.backoff.ms = 100
	sasl.client.callback.handler.class = null
	sasl.jaas.config = null
	sasl.kerberos.kinit.cmd = /usr/bin/kinit
	sasl.kerberos.min.time.before.relogin = 60000
	sasl.kerberos.service.name = null
	sasl.kerberos.ticket.renew.jitter = 0.05
	sasl.kerberos.ticket.renew.window.factor = 0.8
	sasl.login.callback.handler.class = null
	sasl.login.class = null
	sasl.login.connect.timeout.ms = null
	sasl.login.read.timeout.ms = null
	sasl.login.refresh.buffer.seconds = 300
	sasl.login.refresh.min.period.seconds = 60
	sasl.login.refresh.window.factor = 0.8
	sasl.login.refresh.window.jitter = 0.05
	sasl.login.retry.backoff.max.ms = 10000
	sasl.login.retry.backoff.ms = 100
	sasl.mechanism = GSSAPI
	sasl.oauthbearer.clock.skew.seconds = 30
	sasl.oauthbearer.expected.audience = null
	sasl.oauthbearer.expected.issuer = null
	sasl.oauthbearer.header.urlencode = false
	sasl.oauthbearer.jwks.endpoint.refresh.ms = 3600000
	sasl.oauthbearer.jwks.endpoint.retry.backoff.max.ms = 10000
	sasl.oauthbearer.jwks.endpoint.retry.backoff.ms = 100
	sasl.oauthbearer.jwks.endpoint.url = null
	sasl.oauthbearer.scope.claim.name = scope
	sasl.oauthbearer.sub.claim.name = sub
	sasl.oauthbearer.token.endpoint.url = null
	security.protocol = PLAINTEXT
	security.providers = null
	send.buffer.bytes = 131072
	socket.connection.setup.timeout.max.ms = 30000
	socket.connection.setup.timeout.ms = 10000
	ssl.cipher.suites = null
	ssl.enabled.protocols = [TLSv1.2, TLSv1.3]
	ssl.endpoint.identification.algorithm = https
	ssl.engine.factory.class = null
	ssl.key.password = null
	ssl.keymanager.algorithm = SunX509
	ssl.keystore.certificate.chain = null
	ssl.keystore.key = null
	ssl.keystore.location = null
	ssl.keystore.password = null
	ssl.keystore.type = JKS
	ssl.protocol = TLSv1.3
	ssl.provider = null
	ssl.secure.random.implementation = null
	ssl.trustmanager.algorithm = PKIX
	ssl.truststore.certificates = null
	ssl.truststore.location = null
	ssl.truststore.password = null
	ssl.truststore.type = JKS
	transaction.timeout.ms = 60000
	transactional.id = null
	value.serializer = class io.apicurio.registry.serde.avro.AvroKafkaSerializer

2025-07-31 18:13:42,489 INFO  [org.apa.kaf.com.tel.int.KafkaMetricsCollector] (main) initializing Kafka metrics collector
2025-07-31 18:13:42,506 INFO  [org.apa.kaf.cli.pro.KafkaProducer] (main) [Producer clientId=Producer-topic-2c2f7a48_dc62_4308_8db0_67fd765bb448] Instantiated an idempotent producer.
2025-07-31 18:13:42,550 INFO  [org.apa.kaf.cli.pro.ProducerConfig] (main) These configurations '[apicurio.registry.url, apicurio.registry.auto-register, apicurio.registry.use-id, apicurio.registry.artifact-resolver-strategy]' were supplied but are not used yet.
2025-07-31 18:13:42,550 INFO  [org.apa.kaf.com.uti.AppInfoParser] (main) Kafka version: 3.9.1
2025-07-31 18:13:42,550 INFO  [org.apa.kaf.com.uti.AppInfoParser] (main) Kafka commitId: f745dfdcee2b9851
2025-07-31 18:13:42,550 INFO  [org.apa.kaf.com.uti.AppInfoParser] (main) Kafka startTimeMs: 1753985622550
2025-07-31 18:13:42,553 INFO  [io.api.tes.ser.api.SimpleSerdesTesterBuilder$SimpleSerdesTester] (main) Using producer configuration: {apicurio.registry.url=http://registry-app-postgresql.apps.ci419.apicurio-testing.org:80/apis/registry/v3, apicurio.registry.auto-register=true, apicurio.registry.use-id=globalId, apicurio.registry.artifact-resolver-strategy=io.apicurio.registry.serde.strategy.TopicIdStrategy, value.serializer=io.apicurio.registry.serde.avro.AvroKafkaSerializer, request.timeout.ms=5000, acks=all, bootstrap.servers=PLAINTEXT://localhost:32770, connections.max.idle.ms=10000, key.serializer=org.apache.kafka.common.serialization.StringSerializer, client.id=Producer-topic-2c2f7a48_dc62_4308_8db0_67fd765bb448}
2025-07-31 18:13:42,556 INFO  [io.api.tes.ser.api.SimpleSerdesTesterBuilder$SimpleSerdesTester] (main) Using consumer configuration: {apicurio.registry.use-id=globalId}
2025-07-31 18:13:42,562 INFO  [io.api.tes.ser.api.KafkaSerdesTester] (Thread-594) Sending message {"key11753985622429": "value-0"} to topic topic-2c2f7a48_dc62_4308_8db0_67fd765bb448
2025-07-31 18:13:42,957 WARN  [org.apa.kaf.cli.NetworkClient] (kafka-producer-network-thread | Producer-topic-2c2f7a48_dc62_4308_8db0_67fd765bb448) [Producer clientId=Producer-topic-2c2f7a48_dc62_4308_8db0_67fd765bb448] The metadata response from the cluster reported a recoverable issue with correlation id 2 : {topic-2c2f7a48_dc62_4308_8db0_67fd765bb448=LEADER_NOT_AVAILABLE}
2025-07-31 18:13:42,961 INFO  [org.apa.kaf.cli.Metadata] (kafka-producer-network-thread | Producer-topic-2c2f7a48_dc62_4308_8db0_67fd765bb448) [Producer clientId=Producer-topic-2c2f7a48_dc62_4308_8db0_67fd765bb448] Cluster ID: UuE4P2bBQU2_qF9DHmdGkA
2025-07-31 18:13:43,133 INFO  [org.apa.kaf.cli.pro.int.TransactionManager] (kafka-producer-network-thread | Producer-topic-2c2f7a48_dc62_4308_8db0_67fd765bb448) [Producer clientId=Producer-topic-2c2f7a48_dc62_4308_8db0_67fd765bb448] ProducerId set to 0 with epoch 0
2025-07-31 18:13:43,140 WARN  [org.apa.kaf.cli.NetworkClient] (kafka-producer-network-thread | Producer-topic-2c2f7a48_dc62_4308_8db0_67fd765bb448) [Producer clientId=Producer-topic-2c2f7a48_dc62_4308_8db0_67fd765bb448] The metadata response from the cluster reported a recoverable issue with correlation id 8 : {topic-2c2f7a48_dc62_4308_8db0_67fd765bb448=LEADER_NOT_AVAILABLE}
2025-07-31 18:13:43,555 INFO  [io.api.tes.ser.api.KafkaSerdesTester] (Thread-594) Sending message {"key11753985622429": "value-1"} to topic topic-2c2f7a48_dc62_4308_8db0_67fd765bb448
2025-07-31 18:13:43,561 INFO  [io.api.tes.ser.api.KafkaSerdesTester] (Thread-594) Sending message {"key11753985622429": "value-2"} to topic topic-2c2f7a48_dc62_4308_8db0_67fd765bb448
2025-07-31 18:13:43,565 INFO  [io.api.tes.ser.api.KafkaSerdesTester] (Thread-594) Sending message {"key11753985622429": "value-3"} to topic topic-2c2f7a48_dc62_4308_8db0_67fd765bb448
2025-07-31 18:13:43,571 INFO  [io.api.tes.ser.api.KafkaSerdesTester] (Thread-594) Sending message {"key11753985622429": "value-4"} to topic topic-2c2f7a48_dc62_4308_8db0_67fd765bb448
2025-07-31 18:13:43,575 INFO  [io.api.tes.ser.api.KafkaSerdesTester] (Thread-594) Sending message {"key11753985622429": "value-5"} to topic topic-2c2f7a48_dc62_4308_8db0_67fd765bb448
2025-07-31 18:13:43,580 INFO  [io.api.tes.ser.api.KafkaSerdesTester] (Thread-594) Sending message {"key11753985622429": "value-6"} to topic topic-2c2f7a48_dc62_4308_8db0_67fd765bb448
2025-07-31 18:13:43,585 INFO  [io.api.tes.ser.api.KafkaSerdesTester] (Thread-594) Sending message {"key11753985622429": "value-7"} to topic topic-2c2f7a48_dc62_4308_8db0_67fd765bb448
2025-07-31 18:13:43,589 INFO  [io.api.tes.ser.api.KafkaSerdesTester] (Thread-594) Sending message {"key11753985622429": "value-8"} to topic topic-2c2f7a48_dc62_4308_8db0_67fd765bb448
2025-07-31 18:13:43,593 INFO  [io.api.tes.ser.api.KafkaSerdesTester] (Thread-594) Sending message {"key11753985622429": "value-9"} to topic topic-2c2f7a48_dc62_4308_8db0_67fd765bb448
2025-07-31 18:13:43,599 INFO  [io.api.tes.ser.api.KafkaSerdesTester] (Thread-594) Produced 10 messages
2025-07-31 18:13:43,599 INFO  [org.apa.kaf.cli.pro.KafkaProducer] (Thread-594) [Producer clientId=Producer-topic-2c2f7a48_dc62_4308_8db0_67fd765bb448] Closing the Kafka producer with timeoutMillis = 9223372036854775807 ms.
2025-07-31 18:13:43,619 INFO  [org.apa.kaf.com.met.Metrics] (Thread-594) Metrics scheduler closed
2025-07-31 18:13:43,619 INFO  [org.apa.kaf.com.met.Metrics] (Thread-594) Closing reporter org.apache.kafka.common.metrics.JmxReporter
2025-07-31 18:13:43,620 INFO  [org.apa.kaf.com.met.Metrics] (Thread-594) Closing reporter org.apache.kafka.common.telemetry.internals.ClientTelemetryReporter
2025-07-31 18:13:43,620 INFO  [org.apa.kaf.com.met.Metrics] (Thread-594) Metrics reporters closed
2025-07-31 18:13:43,620 INFO  [org.apa.kaf.com.uti.AppInfoParser] (Thread-594) App info kafka.producer for Producer-topic-2c2f7a48_dc62_4308_8db0_67fd765bb448 unregistered
**** Registry Base URL: http://registry-app-postgresql.apps.ci419.apicurio-testing.org:80
2025-07-31 18:13:43,676 INFO  [org.apa.kaf.cli.con.ConsumerConfig] (main) ConsumerConfig values: 
	allow.auto.create.topics = true
	auto.commit.interval.ms = 500
	auto.include.jmx.reporter = true
	auto.offset.reset = earliest
	bootstrap.servers = [PLAINTEXT://localhost:32770]
	check.crcs = true
	client.dns.lookup = use_all_dns_ips
	client.id = consumer-Consumer-topic-2c2f7a48_dc62_4308_8db0_67fd765bb448-1
	client.rack = 
	connections.max.idle.ms = 10000
	default.api.timeout.ms = 60000
	enable.auto.commit = true
	enable.metrics.push = true
	exclude.internal.topics = true
	fetch.max.bytes = 52428800
	fetch.max.wait.ms = 500
	fetch.min.bytes = 1
	group.id = Consumer-topic-2c2f7a48_dc62_4308_8db0_67fd765bb448
	group.instance.id = null
	group.protocol = classic
	group.remote.assignor = null
	heartbeat.interval.ms = 3000
	interceptor.classes = []
	internal.leave.group.on.close = true
	internal.throw.on.fetch.stable.offset.unsupported = false
	isolation.level = read_uncommitted
	key.deserializer = class org.apache.kafka.common.serialization.StringDeserializer
	max.partition.fetch.bytes = 1048576
	max.poll.interval.ms = 300000
	max.poll.records = 500
	metadata.max.age.ms = 300000
	metadata.recovery.strategy = none
	metric.reporters = []
	metrics.num.samples = 2
	metrics.recording.level = INFO
	metrics.sample.window.ms = 30000
	partition.assignment.strategy = [class org.apache.kafka.clients.consumer.RangeAssignor, class org.apache.kafka.clients.consumer.CooperativeStickyAssignor]
	receive.buffer.bytes = 65536
	reconnect.backoff.max.ms = 1000
	reconnect.backoff.ms = 50
	request.timeout.ms = 5000
	retry.backoff.max.ms = 1000
	retry.backoff.ms = 100
	sasl.client.callback.handler.class = null
	sasl.jaas.config = null
	sasl.kerberos.kinit.cmd = /usr/bin/kinit
	sasl.kerberos.min.time.before.relogin = 60000
	sasl.kerberos.service.name = null
	sasl.kerberos.ticket.renew.jitter = 0.05
	sasl.kerberos.ticket.renew.window.factor = 0.8
	sasl.login.callback.handler.class = null
	sasl.login.class = null
	sasl.login.connect.timeout.ms = null
	sasl.login.read.timeout.ms = null
	sasl.login.refresh.buffer.seconds = 300
	sasl.login.refresh.min.period.seconds = 60
	sasl.login.refresh.window.factor = 0.8
	sasl.login.refresh.window.jitter = 0.05
	sasl.login.retry.backoff.max.ms = 10000
	sasl.login.retry.backoff.ms = 100
	sasl.mechanism = GSSAPI
	sasl.oauthbearer.clock.skew.seconds = 30
	sasl.oauthbearer.expected.audience = null
	sasl.oauthbearer.expected.issuer = null
	sasl.oauthbearer.header.urlencode = false
	sasl.oauthbearer.jwks.endpoint.refresh.ms = 3600000
	sasl.oauthbearer.jwks.endpoint.retry.backoff.max.ms = 10000
	sasl.oauthbearer.jwks.endpoint.retry.backoff.ms = 100
	sasl.oauthbearer.jwks.endpoint.url = null
	sasl.oauthbearer.scope.claim.name = scope
	sasl.oauthbearer.sub.claim.name = sub
	sasl.oauthbearer.token.endpoint.url = null
	security.protocol = PLAINTEXT
	security.providers = null
	send.buffer.bytes = 131072
	session.timeout.ms = 45000
	socket.connection.setup.timeout.max.ms = 30000
	socket.connection.setup.timeout.ms = 10000
	ssl.cipher.suites = null
	ssl.enabled.protocols = [TLSv1.2, TLSv1.3]
	ssl.endpoint.identification.algorithm = https
	ssl.engine.factory.class = null
	ssl.key.password = null
	ssl.keymanager.algorithm = SunX509
	ssl.keystore.certificate.chain = null
	ssl.keystore.key = null
	ssl.keystore.location = null
	ssl.keystore.password = null
	ssl.keystore.type = JKS
	ssl.protocol = TLSv1.3
	ssl.provider = null
	ssl.secure.random.implementation = null
	ssl.trustmanager.algorithm = PKIX
	ssl.truststore.certificates = null
	ssl.truststore.location = null
	ssl.truststore.password = null
	ssl.truststore.type = JKS
	value.deserializer = class io.apicurio.registry.serde.avro.AvroKafkaDeserializer

2025-07-31 18:13:43,683 INFO  [org.apa.kaf.com.tel.int.KafkaMetricsCollector] (main) initializing Kafka metrics collector
2025-07-31 18:13:43,720 INFO  [org.apa.kaf.cli.con.ConsumerConfig] (main) These configurations '[apicurio.registry.url, apicurio.registry.use-id]' were supplied but are not used yet.
2025-07-31 18:13:43,720 INFO  [org.apa.kaf.com.uti.AppInfoParser] (main) Kafka version: 3.9.1
2025-07-31 18:13:43,720 INFO  [org.apa.kaf.com.uti.AppInfoParser] (main) Kafka commitId: f745dfdcee2b9851
2025-07-31 18:13:43,720 INFO  [org.apa.kaf.com.uti.AppInfoParser] (main) Kafka startTimeMs: 1753985623720
2025-07-31 18:13:43,722 INFO  [org.apa.kaf.cli.con.int.ClassicKafkaConsumer] (Thread-597) [Consumer clientId=consumer-Consumer-topic-2c2f7a48_dc62_4308_8db0_67fd765bb448-1, groupId=Consumer-topic-2c2f7a48_dc62_4308_8db0_67fd765bb448] Subscribed to topic(s): topic-2c2f7a48_dc62_4308_8db0_67fd765bb448
2025-07-31 18:13:43,735 INFO  [org.apa.kaf.cli.Metadata] (Thread-597) [Consumer clientId=consumer-Consumer-topic-2c2f7a48_dc62_4308_8db0_67fd765bb448-1, groupId=Consumer-topic-2c2f7a48_dc62_4308_8db0_67fd765bb448] Cluster ID: UuE4P2bBQU2_qF9DHmdGkA
2025-07-31 18:13:44,590 INFO  [org.apa.kaf.cli.con.int.ConsumerCoordinator] (Thread-597) [Consumer clientId=consumer-Consumer-topic-2c2f7a48_dc62_4308_8db0_67fd765bb448-1, groupId=Consumer-topic-2c2f7a48_dc62_4308_8db0_67fd765bb448] Discovered group coordinator localhost:32770 (id: 2147483647 rack: null)
2025-07-31 18:13:44,598 INFO  [org.apa.kaf.cli.con.int.ConsumerCoordinator] (Thread-597) [Consumer clientId=consumer-Consumer-topic-2c2f7a48_dc62_4308_8db0_67fd765bb448-1, groupId=Consumer-topic-2c2f7a48_dc62_4308_8db0_67fd765bb448] (Re-)joining group
2025-07-31 18:13:44,623 INFO  [org.apa.kaf.cli.con.int.ConsumerCoordinator] (Thread-597) [Consumer clientId=consumer-Consumer-topic-2c2f7a48_dc62_4308_8db0_67fd765bb448-1, groupId=Consumer-topic-2c2f7a48_dc62_4308_8db0_67fd765bb448] Request joining group due to: need to re-join with the given member-id: consumer-Consumer-topic-2c2f7a48_dc62_4308_8db0_67fd765bb448-1-c3836345-f5bd-4ca6-b836-1b3d67db6e46
2025-07-31 18:13:44,623 INFO  [org.apa.kaf.cli.con.int.ConsumerCoordinator] (Thread-597) [Consumer clientId=consumer-Consumer-topic-2c2f7a48_dc62_4308_8db0_67fd765bb448-1, groupId=Consumer-topic-2c2f7a48_dc62_4308_8db0_67fd765bb448] (Re-)joining group
2025-07-31 18:13:44,643 INFO  [org.apa.kaf.cli.con.int.ConsumerCoordinator] (Thread-597) [Consumer clientId=consumer-Consumer-topic-2c2f7a48_dc62_4308_8db0_67fd765bb448-1, groupId=Consumer-topic-2c2f7a48_dc62_4308_8db0_67fd765bb448] Successfully joined group with generation Generation{generationId=1, memberId='consumer-Consumer-topic-2c2f7a48_dc62_4308_8db0_67fd765bb448-1-c3836345-f5bd-4ca6-b836-1b3d67db6e46', protocol='range'}
2025-07-31 18:13:44,652 INFO  [org.apa.kaf.cli.con.int.ConsumerCoordinator] (Thread-597) [Consumer clientId=consumer-Consumer-topic-2c2f7a48_dc62_4308_8db0_67fd765bb448-1, groupId=Consumer-topic-2c2f7a48_dc62_4308_8db0_67fd765bb448] Finished assignment for group at generation 1: {consumer-Consumer-topic-2c2f7a48_dc62_4308_8db0_67fd765bb448-1-c3836345-f5bd-4ca6-b836-1b3d67db6e46=Assignment(partitions=[topic-2c2f7a48_dc62_4308_8db0_67fd765bb448-0])}
2025-07-31 18:13:44,679 INFO  [org.apa.kaf.cli.con.int.ConsumerCoordinator] (kafka-coordinator-heartbeat-thread | Consumer-topic-2c2f7a48_dc62_4308_8db0_67fd765bb448) [Consumer clientId=consumer-Consumer-topic-2c2f7a48_dc62_4308_8db0_67fd765bb448-1, groupId=Consumer-topic-2c2f7a48_dc62_4308_8db0_67fd765bb448] Successfully synced group in generation Generation{generationId=1, memberId='consumer-Consumer-topic-2c2f7a48_dc62_4308_8db0_67fd765bb448-1-c3836345-f5bd-4ca6-b836-1b3d67db6e46', protocol='range'}
2025-07-31 18:13:44,681 INFO  [org.apa.kaf.cli.con.int.ConsumerCoordinator] (Thread-597) [Consumer clientId=consumer-Consumer-topic-2c2f7a48_dc62_4308_8db0_67fd765bb448-1, groupId=Consumer-topic-2c2f7a48_dc62_4308_8db0_67fd765bb448] Notifying assignor about the new Assignment(partitions=[topic-2c2f7a48_dc62_4308_8db0_67fd765bb448-0])
2025-07-31 18:13:44,683 INFO  [org.apa.kaf.cli.con.int.ConsumerRebalanceListenerInvoker] (Thread-597) [Consumer clientId=consumer-Consumer-topic-2c2f7a48_dc62_4308_8db0_67fd765bb448-1, groupId=Consumer-topic-2c2f7a48_dc62_4308_8db0_67fd765bb448] Adding newly assigned partitions: topic-2c2f7a48_dc62_4308_8db0_67fd765bb448-0
2025-07-31 18:13:44,699 INFO  [org.apa.kaf.cli.con.int.ConsumerCoordinator] (Thread-597) [Consumer clientId=consumer-Consumer-topic-2c2f7a48_dc62_4308_8db0_67fd765bb448-1, groupId=Consumer-topic-2c2f7a48_dc62_4308_8db0_67fd765bb448] Found no committed offset for partition topic-2c2f7a48_dc62_4308_8db0_67fd765bb448-0
2025-07-31 18:13:44,720 INFO  [org.apa.kaf.cli.con.int.SubscriptionState] (Thread-597) [Consumer clientId=consumer-Consumer-topic-2c2f7a48_dc62_4308_8db0_67fd765bb448-1, groupId=Consumer-topic-2c2f7a48_dc62_4308_8db0_67fd765bb448] Resetting offset for partition topic-2c2f7a48_dc62_4308_8db0_67fd765bb448-0 to position FetchPosition{offset=0, offsetEpoch=Optional.empty, currentLeader=LeaderAndEpoch{leader=Optional[localhost:32770 (id: 0 rack: null)], epoch=0}}.
2025-07-31 18:13:44,727 INFO  [io.api.tes.ser.api.KafkaSerdesTester] (Thread-597) None found
2025-07-31 18:13:44,818 INFO  [io.api.tes.ser.api.KafkaSerdesTester] (Thread-597) topic-2c2f7a48_dc62_4308_8db0_67fd765bb448 0 0 {"key11753985622429": "value-0"}
2025-07-31 18:13:44,818 INFO  [io.api.tes.ser.api.KafkaSerdesTester] (Thread-597) topic-2c2f7a48_dc62_4308_8db0_67fd765bb448 0 1 {"key11753985622429": "value-1"}
2025-07-31 18:13:44,821 INFO  [io.api.tes.ser.api.KafkaSerdesTester] (Thread-597) topic-2c2f7a48_dc62_4308_8db0_67fd765bb448 0 2 {"key11753985622429": "value-2"}
2025-07-31 18:13:44,821 INFO  [io.api.tes.ser.api.KafkaSerdesTester] (Thread-597) topic-2c2f7a48_dc62_4308_8db0_67fd765bb448 0 3 {"key11753985622429": "value-3"}
2025-07-31 18:13:44,821 INFO  [io.api.tes.ser.api.KafkaSerdesTester] (Thread-597) topic-2c2f7a48_dc62_4308_8db0_67fd765bb448 0 4 {"key11753985622429": "value-4"}
2025-07-31 18:13:44,821 INFO  [io.api.tes.ser.api.KafkaSerdesTester] (Thread-597) topic-2c2f7a48_dc62_4308_8db0_67fd765bb448 0 5 {"key11753985622429": "value-5"}
2025-07-31 18:13:44,821 INFO  [io.api.tes.ser.api.KafkaSerdesTester] (Thread-597) topic-2c2f7a48_dc62_4308_8db0_67fd765bb448 0 6 {"key11753985622429": "value-6"}
2025-07-31 18:13:44,821 INFO  [io.api.tes.ser.api.KafkaSerdesTester] (Thread-597) topic-2c2f7a48_dc62_4308_8db0_67fd765bb448 0 7 {"key11753985622429": "value-7"}
2025-07-31 18:13:44,821 INFO  [io.api.tes.ser.api.KafkaSerdesTester] (Thread-597) topic-2c2f7a48_dc62_4308_8db0_67fd765bb448 0 8 {"key11753985622429": "value-8"}
2025-07-31 18:13:44,822 INFO  [io.api.tes.ser.api.KafkaSerdesTester] (Thread-597) topic-2c2f7a48_dc62_4308_8db0_67fd765bb448 0 9 {"key11753985622429": "value-9"}
2025-07-31 18:13:44,822 INFO  [io.api.tes.ser.api.KafkaSerdesTester] (Thread-597) Consumed 10 messages
2025-07-31 18:13:44,859 INFO  [org.apa.kaf.cli.con.int.ConsumerRebalanceListenerInvoker] (Thread-597) [Consumer clientId=consumer-Consumer-topic-2c2f7a48_dc62_4308_8db0_67fd765bb448-1, groupId=Consumer-topic-2c2f7a48_dc62_4308_8db0_67fd765bb448] Revoke previously assigned partitions topic-2c2f7a48_dc62_4308_8db0_67fd765bb448-0
2025-07-31 18:13:44,859 INFO  [org.apa.kaf.cli.con.int.ConsumerCoordinator] (Thread-597) [Consumer clientId=consumer-Consumer-topic-2c2f7a48_dc62_4308_8db0_67fd765bb448-1, groupId=Consumer-topic-2c2f7a48_dc62_4308_8db0_67fd765bb448] Member consumer-Consumer-topic-2c2f7a48_dc62_4308_8db0_67fd765bb448-1-c3836345-f5bd-4ca6-b836-1b3d67db6e46 sending LeaveGroup request to coordinator localhost:32770 (id: 2147483647 rack: null) due to the consumer is being closed
2025-07-31 18:13:44,864 INFO  [org.apa.kaf.cli.con.int.ConsumerCoordinator] (Thread-597) [Consumer clientId=consumer-Consumer-topic-2c2f7a48_dc62_4308_8db0_67fd765bb448-1, groupId=Consumer-topic-2c2f7a48_dc62_4308_8db0_67fd765bb448] Resetting generation and member id due to: consumer pro-actively leaving the group
2025-07-31 18:13:44,864 INFO  [org.apa.kaf.cli.con.int.ConsumerCoordinator] (Thread-597) [Consumer clientId=consumer-Consumer-topic-2c2f7a48_dc62_4308_8db0_67fd765bb448-1, groupId=Consumer-topic-2c2f7a48_dc62_4308_8db0_67fd765bb448] Request joining group due to: consumer pro-actively leaving the group
2025-07-31 18:13:45,336 INFO  [org.apa.kaf.com.met.Metrics] (Thread-597) Metrics scheduler closed
2025-07-31 18:13:45,336 INFO  [org.apa.kaf.com.met.Metrics] (Thread-597) Closing reporter org.apache.kafka.common.metrics.JmxReporter
2025-07-31 18:13:45,336 INFO  [org.apa.kaf.com.met.Metrics] (Thread-597) Closing reporter org.apache.kafka.common.telemetry.internals.ClientTelemetryReporter
2025-07-31 18:13:45,337 INFO  [org.apa.kaf.com.met.Metrics] (Thread-597) Metrics reporters closed
2025-07-31 18:13:45,344 INFO  [org.apa.kaf.com.uti.AppInfoParser] (Thread-597) App info kafka.consumer for consumer-Consumer-topic-2c2f7a48_dc62_4308_8db0_67fd765bb448-1 unregistered
2025-07-31 18:13:45,344 INFO  [io.api.tes.uti.TestSeparator] (main) io.apicurio.tests.serdes.apicurio.AvroSerdeIT.testGlobalIdInHeaders-FINISHED
2025-07-31 18:13:45,344 INFO  [io.api.tes.uti.TestSeparator] (main) ############################################################################
Test passed: testGlobalIdInHeaders
]]></system-out>
  </testcase>
  <testcase name="testSimpleTopicIdStrategyFindLatest" classname="io.apicurio.tests.serdes.apicurio.AvroSerdeIT" time="1.835">
    <system-out><![CDATA[2025-07-31 18:13:45,347 INFO  [io.api.tes.uti.TestSeparator] (main) ############################################################################
2025-07-31 18:13:45,347 INFO  [io.api.tes.uti.TestSeparator] (main) io.apicurio.tests.serdes.apicurio.AvroSerdeIT.testSimpleTopicIdStrategyFindLatest-STARTED
2025-07-31 18:13:45,348 INFO  [io.api.tes.ser.api.AvroSerdeIT] (main) Registering Avro Schema: {"type":"record","name":"myrecordapicurio1","fields":[{"name":"key11753985625348","type":"string"}]}
**** Registry Base URL: http://registry-app-postgresql.apps.ci419.apicurio-testing.org:80
2025-07-31 18:13:46,415 INFO  [org.apa.kaf.cli.pro.ProducerConfig] (main) ProducerConfig values: 
	acks = -1
	auto.include.jmx.reporter = true
	batch.size = 16384
	bootstrap.servers = [PLAINTEXT://localhost:32770]
	buffer.memory = 33554432
	client.dns.lookup = use_all_dns_ips
	client.id = Producer-topic-61b377a2_bcdc_4efa_af6b_0ea2d96f926e
	compression.gzip.level = -1
	compression.lz4.level = 9
	compression.type = none
	compression.zstd.level = 3
	connections.max.idle.ms = 10000
	delivery.timeout.ms = 120000
	enable.idempotence = true
	enable.metrics.push = true
	interceptor.classes = []
	key.serializer = class org.apache.kafka.common.serialization.StringSerializer
	linger.ms = 0
	max.block.ms = 60000
	max.in.flight.requests.per.connection = 5
	max.request.size = 1048576
	metadata.max.age.ms = 300000
	metadata.max.idle.ms = 300000
	metadata.recovery.strategy = none
	metric.reporters = []
	metrics.num.samples = 2
	metrics.recording.level = INFO
	metrics.sample.window.ms = 30000
	partitioner.adaptive.partitioning.enable = true
	partitioner.availability.timeout.ms = 0
	partitioner.class = null
	partitioner.ignore.keys = false
	receive.buffer.bytes = 32768
	reconnect.backoff.max.ms = 1000
	reconnect.backoff.ms = 50
	request.timeout.ms = 5000
	retries = 2147483647
	retry.backoff.max.ms = 1000
	retry.backoff.ms = 100
	sasl.client.callback.handler.class = null
	sasl.jaas.config = null
	sasl.kerberos.kinit.cmd = /usr/bin/kinit
	sasl.kerberos.min.time.before.relogin = 60000
	sasl.kerberos.service.name = null
	sasl.kerberos.ticket.renew.jitter = 0.05
	sasl.kerberos.ticket.renew.window.factor = 0.8
	sasl.login.callback.handler.class = null
	sasl.login.class = null
	sasl.login.connect.timeout.ms = null
	sasl.login.read.timeout.ms = null
	sasl.login.refresh.buffer.seconds = 300
	sasl.login.refresh.min.period.seconds = 60
	sasl.login.refresh.window.factor = 0.8
	sasl.login.refresh.window.jitter = 0.05
	sasl.login.retry.backoff.max.ms = 10000
	sasl.login.retry.backoff.ms = 100
	sasl.mechanism = GSSAPI
	sasl.oauthbearer.clock.skew.seconds = 30
	sasl.oauthbearer.expected.audience = null
	sasl.oauthbearer.expected.issuer = null
	sasl.oauthbearer.header.urlencode = false
	sasl.oauthbearer.jwks.endpoint.refresh.ms = 3600000
	sasl.oauthbearer.jwks.endpoint.retry.backoff.max.ms = 10000
	sasl.oauthbearer.jwks.endpoint.retry.backoff.ms = 100
	sasl.oauthbearer.jwks.endpoint.url = null
	sasl.oauthbearer.scope.claim.name = scope
	sasl.oauthbearer.sub.claim.name = sub
	sasl.oauthbearer.token.endpoint.url = null
	security.protocol = PLAINTEXT
	security.providers = null
	send.buffer.bytes = 131072
	socket.connection.setup.timeout.max.ms = 30000
	socket.connection.setup.timeout.ms = 10000
	ssl.cipher.suites = null
	ssl.enabled.protocols = [TLSv1.2, TLSv1.3]
	ssl.endpoint.identification.algorithm = https
	ssl.engine.factory.class = null
	ssl.key.password = null
	ssl.keymanager.algorithm = SunX509
	ssl.keystore.certificate.chain = null
	ssl.keystore.key = null
	ssl.keystore.location = null
	ssl.keystore.password = null
	ssl.keystore.type = JKS
	ssl.protocol = TLSv1.3
	ssl.provider = null
	ssl.secure.random.implementation = null
	ssl.trustmanager.algorithm = PKIX
	ssl.truststore.certificates = null
	ssl.truststore.location = null
	ssl.truststore.password = null
	ssl.truststore.type = JKS
	transaction.timeout.ms = 60000
	transactional.id = null
	value.serializer = class io.apicurio.registry.serde.avro.AvroKafkaSerializer

2025-07-31 18:13:46,416 INFO  [org.apa.kaf.com.tel.int.KafkaMetricsCollector] (main) initializing Kafka metrics collector
2025-07-31 18:13:46,421 INFO  [org.apa.kaf.cli.pro.KafkaProducer] (main) [Producer clientId=Producer-topic-61b377a2_bcdc_4efa_af6b_0ea2d96f926e] Instantiated an idempotent producer.
2025-07-31 18:13:46,431 INFO  [org.apa.kaf.cli.pro.ProducerConfig] (main) These configurations '[apicurio.registry.find-latest, apicurio.registry.artifact.group-id, apicurio.registry.url, apicurio.registry.artifact-resolver-strategy]' were supplied but are not used yet.
2025-07-31 18:13:46,431 INFO  [org.apa.kaf.com.uti.AppInfoParser] (main) Kafka version: 3.9.1
2025-07-31 18:13:46,431 INFO  [org.apa.kaf.com.uti.AppInfoParser] (main) Kafka commitId: f745dfdcee2b9851
2025-07-31 18:13:46,431 INFO  [org.apa.kaf.com.uti.AppInfoParser] (main) Kafka startTimeMs: 1753985626431
2025-07-31 18:13:46,431 INFO  [io.api.tes.ser.api.SimpleSerdesTesterBuilder$SimpleSerdesTester] (main) Using producer configuration: {apicurio.registry.find-latest=true, apicurio.registry.artifact.group-id=topic-61b377a2_bcdc_4efa_af6b_0ea2d96f926e, apicurio.registry.url=http://registry-app-postgresql.apps.ci419.apicurio-testing.org:80/apis/registry/v3, apicurio.registry.artifact-resolver-strategy=io.apicurio.registry.serde.strategy.SimpleTopicIdStrategy, value.serializer=io.apicurio.registry.serde.avro.AvroKafkaSerializer, request.timeout.ms=5000, acks=all, bootstrap.servers=PLAINTEXT://localhost:32770, connections.max.idle.ms=10000, key.serializer=org.apache.kafka.common.serialization.StringSerializer, client.id=Producer-topic-61b377a2_bcdc_4efa_af6b_0ea2d96f926e}
2025-07-31 18:13:46,431 INFO  [io.api.tes.ser.api.SimpleSerdesTesterBuilder$SimpleSerdesTester] (main) Using consumer configuration: {}
2025-07-31 18:13:46,440 INFO  [io.api.tes.ser.api.KafkaSerdesTester] (Thread-600) Sending message {"key11753985625348": "value-0"} to topic topic-61b377a2_bcdc_4efa_af6b_0ea2d96f926e
2025-07-31 18:13:46,445 INFO  [org.apa.kaf.cli.Metadata] (kafka-producer-network-thread | Producer-topic-61b377a2_bcdc_4efa_af6b_0ea2d96f926e) [Producer clientId=Producer-topic-61b377a2_bcdc_4efa_af6b_0ea2d96f926e] Cluster ID: UuE4P2bBQU2_qF9DHmdGkA
2025-07-31 18:13:46,448 INFO  [org.apa.kaf.cli.pro.int.TransactionManager] (kafka-producer-network-thread | Producer-topic-61b377a2_bcdc_4efa_af6b_0ea2d96f926e) [Producer clientId=Producer-topic-61b377a2_bcdc_4efa_af6b_0ea2d96f926e] ProducerId set to 1 with epoch 0
2025-07-31 18:13:46,509 INFO  [io.api.tes.ser.api.KafkaSerdesTester] (Thread-600) Sending message {"key11753985625348": "value-1"} to topic topic-61b377a2_bcdc_4efa_af6b_0ea2d96f926e
2025-07-31 18:13:46,513 INFO  [io.api.tes.ser.api.KafkaSerdesTester] (Thread-600) Sending message {"key11753985625348": "value-2"} to topic topic-61b377a2_bcdc_4efa_af6b_0ea2d96f926e
2025-07-31 18:13:46,515 INFO  [io.api.tes.ser.api.KafkaSerdesTester] (Thread-600) Sending message {"key11753985625348": "value-3"} to topic topic-61b377a2_bcdc_4efa_af6b_0ea2d96f926e
2025-07-31 18:13:46,520 INFO  [io.api.tes.ser.api.KafkaSerdesTester] (Thread-600) Sending message {"key11753985625348": "value-4"} to topic topic-61b377a2_bcdc_4efa_af6b_0ea2d96f926e
2025-07-31 18:13:46,523 INFO  [io.api.tes.ser.api.KafkaSerdesTester] (Thread-600) Sending message {"key11753985625348": "value-5"} to topic topic-61b377a2_bcdc_4efa_af6b_0ea2d96f926e
2025-07-31 18:13:46,527 INFO  [io.api.tes.ser.api.KafkaSerdesTester] (Thread-600) Sending message {"key11753985625348": "value-6"} to topic topic-61b377a2_bcdc_4efa_af6b_0ea2d96f926e
2025-07-31 18:13:46,530 INFO  [io.api.tes.ser.api.KafkaSerdesTester] (Thread-600) Sending message {"key11753985625348": "value-7"} to topic topic-61b377a2_bcdc_4efa_af6b_0ea2d96f926e
2025-07-31 18:13:46,534 INFO  [io.api.tes.ser.api.KafkaSerdesTester] (Thread-600) Sending message {"key11753985625348": "value-8"} to topic topic-61b377a2_bcdc_4efa_af6b_0ea2d96f926e
2025-07-31 18:13:46,537 INFO  [io.api.tes.ser.api.KafkaSerdesTester] (Thread-600) Sending message {"key11753985625348": "value-9"} to topic topic-61b377a2_bcdc_4efa_af6b_0ea2d96f926e
2025-07-31 18:13:46,541 INFO  [io.api.tes.ser.api.KafkaSerdesTester] (Thread-600) Produced 10 messages
2025-07-31 18:13:46,542 INFO  [org.apa.kaf.cli.pro.KafkaProducer] (Thread-600) [Producer clientId=Producer-topic-61b377a2_bcdc_4efa_af6b_0ea2d96f926e] Closing the Kafka producer with timeoutMillis = 9223372036854775807 ms.
2025-07-31 18:13:46,548 INFO  [org.apa.kaf.com.met.Metrics] (Thread-600) Metrics scheduler closed
2025-07-31 18:13:46,548 INFO  [org.apa.kaf.com.met.Metrics] (Thread-600) Closing reporter org.apache.kafka.common.metrics.JmxReporter
2025-07-31 18:13:46,548 INFO  [org.apa.kaf.com.met.Metrics] (Thread-600) Closing reporter org.apache.kafka.common.telemetry.internals.ClientTelemetryReporter
2025-07-31 18:13:46,548 INFO  [org.apa.kaf.com.met.Metrics] (Thread-600) Metrics reporters closed
2025-07-31 18:13:46,550 INFO  [org.apa.kaf.com.uti.AppInfoParser] (Thread-600) App info kafka.producer for Producer-topic-61b377a2_bcdc_4efa_af6b_0ea2d96f926e unregistered
**** Registry Base URL: http://registry-app-postgresql.apps.ci419.apicurio-testing.org:80
2025-07-31 18:13:46,551 INFO  [org.apa.kaf.cli.con.ConsumerConfig] (main) ConsumerConfig values: 
	allow.auto.create.topics = true
	auto.commit.interval.ms = 500
	auto.include.jmx.reporter = true
	auto.offset.reset = earliest
	bootstrap.servers = [PLAINTEXT://localhost:32770]
	check.crcs = true
	client.dns.lookup = use_all_dns_ips
	client.id = consumer-Consumer-topic-61b377a2_bcdc_4efa_af6b_0ea2d96f926e-2
	client.rack = 
	connections.max.idle.ms = 10000
	default.api.timeout.ms = 60000
	enable.auto.commit = true
	enable.metrics.push = true
	exclude.internal.topics = true
	fetch.max.bytes = 52428800
	fetch.max.wait.ms = 500
	fetch.min.bytes = 1
	group.id = Consumer-topic-61b377a2_bcdc_4efa_af6b_0ea2d96f926e
	group.instance.id = null
	group.protocol = classic
	group.remote.assignor = null
	heartbeat.interval.ms = 3000
	interceptor.classes = []
	internal.leave.group.on.close = true
	internal.throw.on.fetch.stable.offset.unsupported = false
	isolation.level = read_uncommitted
	key.deserializer = class org.apache.kafka.common.serialization.StringDeserializer
	max.partition.fetch.bytes = 1048576
	max.poll.interval.ms = 300000
	max.poll.records = 500
	metadata.max.age.ms = 300000
	metadata.recovery.strategy = none
	metric.reporters = []
	metrics.num.samples = 2
	metrics.recording.level = INFO
	metrics.sample.window.ms = 30000
	partition.assignment.strategy = [class org.apache.kafka.clients.consumer.RangeAssignor, class org.apache.kafka.clients.consumer.CooperativeStickyAssignor]
	receive.buffer.bytes = 65536
	reconnect.backoff.max.ms = 1000
	reconnect.backoff.ms = 50
	request.timeout.ms = 5000
	retry.backoff.max.ms = 1000
	retry.backoff.ms = 100
	sasl.client.callback.handler.class = null
	sasl.jaas.config = null
	sasl.kerberos.kinit.cmd = /usr/bin/kinit
	sasl.kerberos.min.time.before.relogin = 60000
	sasl.kerberos.service.name = null
	sasl.kerberos.ticket.renew.jitter = 0.05
	sasl.kerberos.ticket.renew.window.factor = 0.8
	sasl.login.callback.handler.class = null
	sasl.login.class = null
	sasl.login.connect.timeout.ms = null
	sasl.login.read.timeout.ms = null
	sasl.login.refresh.buffer.seconds = 300
	sasl.login.refresh.min.period.seconds = 60
	sasl.login.refresh.window.factor = 0.8
	sasl.login.refresh.window.jitter = 0.05
	sasl.login.retry.backoff.max.ms = 10000
	sasl.login.retry.backoff.ms = 100
	sasl.mechanism = GSSAPI
	sasl.oauthbearer.clock.skew.seconds = 30
	sasl.oauthbearer.expected.audience = null
	sasl.oauthbearer.expected.issuer = null
	sasl.oauthbearer.header.urlencode = false
	sasl.oauthbearer.jwks.endpoint.refresh.ms = 3600000
	sasl.oauthbearer.jwks.endpoint.retry.backoff.max.ms = 10000
	sasl.oauthbearer.jwks.endpoint.retry.backoff.ms = 100
	sasl.oauthbearer.jwks.endpoint.url = null
	sasl.oauthbearer.scope.claim.name = scope
	sasl.oauthbearer.sub.claim.name = sub
	sasl.oauthbearer.token.endpoint.url = null
	security.protocol = PLAINTEXT
	security.providers = null
	send.buffer.bytes = 131072
	session.timeout.ms = 45000
	socket.connection.setup.timeout.max.ms = 30000
	socket.connection.setup.timeout.ms = 10000
	ssl.cipher.suites = null
	ssl.enabled.protocols = [TLSv1.2, TLSv1.3]
	ssl.endpoint.identification.algorithm = https
	ssl.engine.factory.class = null
	ssl.key.password = null
	ssl.keymanager.algorithm = SunX509
	ssl.keystore.certificate.chain = null
	ssl.keystore.key = null
	ssl.keystore.location = null
	ssl.keystore.password = null
	ssl.keystore.type = JKS
	ssl.protocol = TLSv1.3
	ssl.provider = null
	ssl.secure.random.implementation = null
	ssl.trustmanager.algorithm = PKIX
	ssl.truststore.certificates = null
	ssl.truststore.location = null
	ssl.truststore.password = null
	ssl.truststore.type = JKS
	value.deserializer = class io.apicurio.registry.serde.avro.AvroKafkaDeserializer

2025-07-31 18:13:46,552 INFO  [org.apa.kaf.com.tel.int.KafkaMetricsCollector] (main) initializing Kafka metrics collector
2025-07-31 18:13:46,566 INFO  [org.apa.kaf.cli.con.ConsumerConfig] (main) These configurations '[apicurio.registry.url]' were supplied but are not used yet.
2025-07-31 18:13:46,566 INFO  [org.apa.kaf.com.uti.AppInfoParser] (main) Kafka version: 3.9.1
2025-07-31 18:13:46,566 INFO  [org.apa.kaf.com.uti.AppInfoParser] (main) Kafka commitId: f745dfdcee2b9851
2025-07-31 18:13:46,566 INFO  [org.apa.kaf.com.uti.AppInfoParser] (main) Kafka startTimeMs: 1753985626566
2025-07-31 18:13:46,567 INFO  [org.apa.kaf.cli.con.int.ClassicKafkaConsumer] (Thread-603) [Consumer clientId=consumer-Consumer-topic-61b377a2_bcdc_4efa_af6b_0ea2d96f926e-2, groupId=Consumer-topic-61b377a2_bcdc_4efa_af6b_0ea2d96f926e] Subscribed to topic(s): topic-61b377a2_bcdc_4efa_af6b_0ea2d96f926e
2025-07-31 18:13:46,580 INFO  [org.apa.kaf.cli.Metadata] (Thread-603) [Consumer clientId=consumer-Consumer-topic-61b377a2_bcdc_4efa_af6b_0ea2d96f926e-2, groupId=Consumer-topic-61b377a2_bcdc_4efa_af6b_0ea2d96f926e] Cluster ID: UuE4P2bBQU2_qF9DHmdGkA
2025-07-31 18:13:46,583 INFO  [org.apa.kaf.cli.con.int.ConsumerCoordinator] (Thread-603) [Consumer clientId=consumer-Consumer-topic-61b377a2_bcdc_4efa_af6b_0ea2d96f926e-2, groupId=Consumer-topic-61b377a2_bcdc_4efa_af6b_0ea2d96f926e] Discovered group coordinator localhost:32770 (id: 2147483647 rack: null)
2025-07-31 18:13:46,592 INFO  [org.apa.kaf.cli.con.int.ConsumerCoordinator] (Thread-603) [Consumer clientId=consumer-Consumer-topic-61b377a2_bcdc_4efa_af6b_0ea2d96f926e-2, groupId=Consumer-topic-61b377a2_bcdc_4efa_af6b_0ea2d96f926e] (Re-)joining group
2025-07-31 18:13:46,603 INFO  [org.apa.kaf.cli.con.int.ConsumerCoordinator] (Thread-603) [Consumer clientId=consumer-Consumer-topic-61b377a2_bcdc_4efa_af6b_0ea2d96f926e-2, groupId=Consumer-topic-61b377a2_bcdc_4efa_af6b_0ea2d96f926e] Request joining group due to: need to re-join with the given member-id: consumer-Consumer-topic-61b377a2_bcdc_4efa_af6b_0ea2d96f926e-2-96f301f4-8cbd-4f7b-adf6-2e77f8a03929
2025-07-31 18:13:46,603 INFO  [org.apa.kaf.cli.con.int.ConsumerCoordinator] (Thread-603) [Consumer clientId=consumer-Consumer-topic-61b377a2_bcdc_4efa_af6b_0ea2d96f926e-2, groupId=Consumer-topic-61b377a2_bcdc_4efa_af6b_0ea2d96f926e] (Re-)joining group
2025-07-31 18:13:46,610 INFO  [org.apa.kaf.cli.con.int.ConsumerCoordinator] (Thread-603) [Consumer clientId=consumer-Consumer-topic-61b377a2_bcdc_4efa_af6b_0ea2d96f926e-2, groupId=Consumer-topic-61b377a2_bcdc_4efa_af6b_0ea2d96f926e] Successfully joined group with generation Generation{generationId=1, memberId='consumer-Consumer-topic-61b377a2_bcdc_4efa_af6b_0ea2d96f926e-2-96f301f4-8cbd-4f7b-adf6-2e77f8a03929', protocol='range'}
2025-07-31 18:13:46,610 INFO  [org.apa.kaf.cli.con.int.ConsumerCoordinator] (Thread-603) [Consumer clientId=consumer-Consumer-topic-61b377a2_bcdc_4efa_af6b_0ea2d96f926e-2, groupId=Consumer-topic-61b377a2_bcdc_4efa_af6b_0ea2d96f926e] Finished assignment for group at generation 1: {consumer-Consumer-topic-61b377a2_bcdc_4efa_af6b_0ea2d96f926e-2-96f301f4-8cbd-4f7b-adf6-2e77f8a03929=Assignment(partitions=[topic-61b377a2_bcdc_4efa_af6b_0ea2d96f926e-0])}
2025-07-31 18:13:46,621 INFO  [org.apa.kaf.cli.con.int.ConsumerCoordinator] (Thread-603) [Consumer clientId=consumer-Consumer-topic-61b377a2_bcdc_4efa_af6b_0ea2d96f926e-2, groupId=Consumer-topic-61b377a2_bcdc_4efa_af6b_0ea2d96f926e] Successfully synced group in generation Generation{generationId=1, memberId='consumer-Consumer-topic-61b377a2_bcdc_4efa_af6b_0ea2d96f926e-2-96f301f4-8cbd-4f7b-adf6-2e77f8a03929', protocol='range'}
2025-07-31 18:13:46,621 INFO  [org.apa.kaf.cli.con.int.ConsumerCoordinator] (Thread-603) [Consumer clientId=consumer-Consumer-topic-61b377a2_bcdc_4efa_af6b_0ea2d96f926e-2, groupId=Consumer-topic-61b377a2_bcdc_4efa_af6b_0ea2d96f926e] Notifying assignor about the new Assignment(partitions=[topic-61b377a2_bcdc_4efa_af6b_0ea2d96f926e-0])
2025-07-31 18:13:46,621 INFO  [org.apa.kaf.cli.con.int.ConsumerRebalanceListenerInvoker] (Thread-603) [Consumer clientId=consumer-Consumer-topic-61b377a2_bcdc_4efa_af6b_0ea2d96f926e-2, groupId=Consumer-topic-61b377a2_bcdc_4efa_af6b_0ea2d96f926e] Adding newly assigned partitions: topic-61b377a2_bcdc_4efa_af6b_0ea2d96f926e-0
2025-07-31 18:13:46,623 INFO  [org.apa.kaf.cli.con.int.ConsumerCoordinator] (Thread-603) [Consumer clientId=consumer-Consumer-topic-61b377a2_bcdc_4efa_af6b_0ea2d96f926e-2, groupId=Consumer-topic-61b377a2_bcdc_4efa_af6b_0ea2d96f926e] Found no committed offset for partition topic-61b377a2_bcdc_4efa_af6b_0ea2d96f926e-0
2025-07-31 18:13:46,629 INFO  [org.apa.kaf.cli.con.int.SubscriptionState] (Thread-603) [Consumer clientId=consumer-Consumer-topic-61b377a2_bcdc_4efa_af6b_0ea2d96f926e-2, groupId=Consumer-topic-61b377a2_bcdc_4efa_af6b_0ea2d96f926e] Resetting offset for partition topic-61b377a2_bcdc_4efa_af6b_0ea2d96f926e-0 to position FetchPosition{offset=0, offsetEpoch=Optional.empty, currentLeader=LeaderAndEpoch{leader=Optional[localhost:32770 (id: 0 rack: null)], epoch=0}}.
2025-07-31 18:13:46,668 INFO  [io.api.tes.ser.api.KafkaSerdesTester] (Thread-603) topic-61b377a2_bcdc_4efa_af6b_0ea2d96f926e 0 0 {"key11753985625348": "value-0"}
2025-07-31 18:13:46,668 INFO  [io.api.tes.ser.api.KafkaSerdesTester] (Thread-603) topic-61b377a2_bcdc_4efa_af6b_0ea2d96f926e 0 1 {"key11753985625348": "value-1"}
2025-07-31 18:13:46,668 INFO  [io.api.tes.ser.api.KafkaSerdesTester] (Thread-603) topic-61b377a2_bcdc_4efa_af6b_0ea2d96f926e 0 2 {"key11753985625348": "value-2"}
2025-07-31 18:13:46,668 INFO  [io.api.tes.ser.api.KafkaSerdesTester] (Thread-603) topic-61b377a2_bcdc_4efa_af6b_0ea2d96f926e 0 3 {"key11753985625348": "value-3"}
2025-07-31 18:13:46,669 INFO  [io.api.tes.ser.api.KafkaSerdesTester] (Thread-603) topic-61b377a2_bcdc_4efa_af6b_0ea2d96f926e 0 4 {"key11753985625348": "value-4"}
2025-07-31 18:13:46,669 INFO  [io.api.tes.ser.api.KafkaSerdesTester] (Thread-603) topic-61b377a2_bcdc_4efa_af6b_0ea2d96f926e 0 5 {"key11753985625348": "value-5"}
2025-07-31 18:13:46,669 INFO  [io.api.tes.ser.api.KafkaSerdesTester] (Thread-603) topic-61b377a2_bcdc_4efa_af6b_0ea2d96f926e 0 6 {"key11753985625348": "value-6"}
2025-07-31 18:13:46,669 INFO  [io.api.tes.ser.api.KafkaSerdesTester] (Thread-603) topic-61b377a2_bcdc_4efa_af6b_0ea2d96f926e 0 7 {"key11753985625348": "value-7"}
2025-07-31 18:13:46,669 INFO  [io.api.tes.ser.api.KafkaSerdesTester] (Thread-603) topic-61b377a2_bcdc_4efa_af6b_0ea2d96f926e 0 8 {"key11753985625348": "value-8"}
2025-07-31 18:13:46,669 INFO  [io.api.tes.ser.api.KafkaSerdesTester] (Thread-603) topic-61b377a2_bcdc_4efa_af6b_0ea2d96f926e 0 9 {"key11753985625348": "value-9"}
2025-07-31 18:13:46,669 INFO  [io.api.tes.ser.api.KafkaSerdesTester] (Thread-603) Consumed 10 messages
2025-07-31 18:13:46,673 INFO  [org.apa.kaf.cli.con.int.ConsumerRebalanceListenerInvoker] (Thread-603) [Consumer clientId=consumer-Consumer-topic-61b377a2_bcdc_4efa_af6b_0ea2d96f926e-2, groupId=Consumer-topic-61b377a2_bcdc_4efa_af6b_0ea2d96f926e] Revoke previously assigned partitions topic-61b377a2_bcdc_4efa_af6b_0ea2d96f926e-0
2025-07-31 18:13:46,673 INFO  [org.apa.kaf.cli.con.int.ConsumerCoordinator] (Thread-603) [Consumer clientId=consumer-Consumer-topic-61b377a2_bcdc_4efa_af6b_0ea2d96f926e-2, groupId=Consumer-topic-61b377a2_bcdc_4efa_af6b_0ea2d96f926e] Member consumer-Consumer-topic-61b377a2_bcdc_4efa_af6b_0ea2d96f926e-2-96f301f4-8cbd-4f7b-adf6-2e77f8a03929 sending LeaveGroup request to coordinator localhost:32770 (id: 2147483647 rack: null) due to the consumer is being closed
2025-07-31 18:13:46,675 INFO  [org.apa.kaf.cli.con.int.ConsumerCoordinator] (Thread-603) [Consumer clientId=consumer-Consumer-topic-61b377a2_bcdc_4efa_af6b_0ea2d96f926e-2, groupId=Consumer-topic-61b377a2_bcdc_4efa_af6b_0ea2d96f926e] Resetting generation and member id due to: consumer pro-actively leaving the group
2025-07-31 18:13:46,675 INFO  [org.apa.kaf.cli.con.int.ConsumerCoordinator] (Thread-603) [Consumer clientId=consumer-Consumer-topic-61b377a2_bcdc_4efa_af6b_0ea2d96f926e-2, groupId=Consumer-topic-61b377a2_bcdc_4efa_af6b_0ea2d96f926e] Request joining group due to: consumer pro-actively leaving the group
2025-07-31 18:13:47,172 INFO  [org.apa.kaf.com.met.Metrics] (Thread-603) Metrics scheduler closed
2025-07-31 18:13:47,172 INFO  [org.apa.kaf.com.met.Metrics] (Thread-603) Closing reporter org.apache.kafka.common.metrics.JmxReporter
2025-07-31 18:13:47,172 INFO  [org.apa.kaf.com.met.Metrics] (Thread-603) Closing reporter org.apache.kafka.common.telemetry.internals.ClientTelemetryReporter
2025-07-31 18:13:47,173 INFO  [org.apa.kaf.com.met.Metrics] (Thread-603) Metrics reporters closed
2025-07-31 18:13:47,178 INFO  [org.apa.kaf.com.uti.AppInfoParser] (Thread-603) App info kafka.consumer for consumer-Consumer-topic-61b377a2_bcdc_4efa_af6b_0ea2d96f926e-2 unregistered
2025-07-31 18:13:47,180 INFO  [io.api.tes.uti.TestSeparator] (main) io.apicurio.tests.serdes.apicurio.AvroSerdeIT.testSimpleTopicIdStrategyFindLatest-FINISHED
2025-07-31 18:13:47,180 INFO  [io.api.tes.uti.TestSeparator] (main) ############################################################################
Test passed: testSimpleTopicIdStrategyFindLatest
]]></system-out>
  </testcase>
  <testcase name="testWrongSchema" classname="io.apicurio.tests.serdes.apicurio.AvroSerdeIT" time="1.127">
    <system-out><![CDATA[2025-07-31 18:13:47,185 INFO  [io.api.tes.uti.TestSeparator] (main) ############################################################################
2025-07-31 18:13:47,185 INFO  [io.api.tes.uti.TestSeparator] (main) io.apicurio.tests.serdes.apicurio.AvroSerdeIT.testWrongSchema-STARTED
**** Registry Base URL: http://registry-app-postgresql.apps.ci419.apicurio-testing.org:80
2025-07-31 18:13:48,246 INFO  [org.apa.kaf.cli.pro.ProducerConfig] (main) ProducerConfig values: 
	acks = -1
	auto.include.jmx.reporter = true
	batch.size = 16384
	bootstrap.servers = [PLAINTEXT://localhost:32770]
	buffer.memory = 33554432
	client.dns.lookup = use_all_dns_ips
	client.id = Producer-sc330534dxef93x47e1x9835xc813a84ca0b4
	compression.gzip.level = -1
	compression.lz4.level = 9
	compression.type = none
	compression.zstd.level = 3
	connections.max.idle.ms = 10000
	delivery.timeout.ms = 120000
	enable.idempotence = true
	enable.metrics.push = true
	interceptor.classes = []
	key.serializer = class org.apache.kafka.common.serialization.StringSerializer
	linger.ms = 0
	max.block.ms = 60000
	max.in.flight.requests.per.connection = 5
	max.request.size = 1048576
	metadata.max.age.ms = 300000
	metadata.max.idle.ms = 300000
	metadata.recovery.strategy = none
	metric.reporters = []
	metrics.num.samples = 2
	metrics.recording.level = INFO
	metrics.sample.window.ms = 30000
	partitioner.adaptive.partitioning.enable = true
	partitioner.availability.timeout.ms = 0
	partitioner.class = null
	partitioner.ignore.keys = false
	receive.buffer.bytes = 32768
	reconnect.backoff.max.ms = 1000
	reconnect.backoff.ms = 50
	request.timeout.ms = 5000
	retries = 2147483647
	retry.backoff.max.ms = 1000
	retry.backoff.ms = 100
	sasl.client.callback.handler.class = null
	sasl.jaas.config = null
	sasl.kerberos.kinit.cmd = /usr/bin/kinit
	sasl.kerberos.min.time.before.relogin = 60000
	sasl.kerberos.service.name = null
	sasl.kerberos.ticket.renew.jitter = 0.05
	sasl.kerberos.ticket.renew.window.factor = 0.8
	sasl.login.callback.handler.class = null
	sasl.login.class = null
	sasl.login.connect.timeout.ms = null
	sasl.login.read.timeout.ms = null
	sasl.login.refresh.buffer.seconds = 300
	sasl.login.refresh.min.period.seconds = 60
	sasl.login.refresh.window.factor = 0.8
	sasl.login.refresh.window.jitter = 0.05
	sasl.login.retry.backoff.max.ms = 10000
	sasl.login.retry.backoff.ms = 100
	sasl.mechanism = GSSAPI
	sasl.oauthbearer.clock.skew.seconds = 30
	sasl.oauthbearer.expected.audience = null
	sasl.oauthbearer.expected.issuer = null
	sasl.oauthbearer.header.urlencode = false
	sasl.oauthbearer.jwks.endpoint.refresh.ms = 3600000
	sasl.oauthbearer.jwks.endpoint.retry.backoff.max.ms = 10000
	sasl.oauthbearer.jwks.endpoint.retry.backoff.ms = 100
	sasl.oauthbearer.jwks.endpoint.url = null
	sasl.oauthbearer.scope.claim.name = scope
	sasl.oauthbearer.sub.claim.name = sub
	sasl.oauthbearer.token.endpoint.url = null
	security.protocol = PLAINTEXT
	security.providers = null
	send.buffer.bytes = 131072
	socket.connection.setup.timeout.max.ms = 30000
	socket.connection.setup.timeout.ms = 10000
	ssl.cipher.suites = null
	ssl.enabled.protocols = [TLSv1.2, TLSv1.3]
	ssl.endpoint.identification.algorithm = https
	ssl.engine.factory.class = null
	ssl.key.password = null
	ssl.keymanager.algorithm = SunX509
	ssl.keystore.certificate.chain = null
	ssl.keystore.key = null
	ssl.keystore.location = null
	ssl.keystore.password = null
	ssl.keystore.type = JKS
	ssl.protocol = TLSv1.3
	ssl.provider = null
	ssl.secure.random.implementation = null
	ssl.trustmanager.algorithm = PKIX
	ssl.truststore.certificates = null
	ssl.truststore.location = null
	ssl.truststore.password = null
	ssl.truststore.type = JKS
	transaction.timeout.ms = 60000
	transactional.id = null
	value.serializer = class io.apicurio.registry.serde.avro.AvroKafkaSerializer

2025-07-31 18:13:48,246 INFO  [org.apa.kaf.com.tel.int.KafkaMetricsCollector] (main) initializing Kafka metrics collector
2025-07-31 18:13:48,250 INFO  [org.apa.kaf.cli.pro.KafkaProducer] (main) [Producer clientId=Producer-sc330534dxef93x47e1x9835xc813a84ca0b4] Instantiated an idempotent producer.
2025-07-31 18:13:48,254 INFO  [org.apa.kaf.cli.pro.ProducerConfig] (main) These configurations '[apicurio.registry.find-latest, apicurio.registry.url, apicurio.registry.artifact-resolver-strategy]' were supplied but are not used yet.
2025-07-31 18:13:48,254 INFO  [org.apa.kaf.com.uti.AppInfoParser] (main) Kafka version: 3.9.1
2025-07-31 18:13:48,254 INFO  [org.apa.kaf.com.uti.AppInfoParser] (main) Kafka commitId: f745dfdcee2b9851
2025-07-31 18:13:48,254 INFO  [org.apa.kaf.com.uti.AppInfoParser] (main) Kafka startTimeMs: 1753985628254
2025-07-31 18:13:48,258 INFO  [io.api.tes.ser.api.KafkaSerdesTester] (Thread-606) Sending message {"keyB": "value-0"} to topic sc330534dxef93x47e1x9835xc813a84ca0b4
2025-07-31 18:13:48,263 INFO  [org.apa.kaf.cli.Metadata] (kafka-producer-network-thread | Producer-sc330534dxef93x47e1x9835xc813a84ca0b4) [Producer clientId=Producer-sc330534dxef93x47e1x9835xc813a84ca0b4] Cluster ID: UuE4P2bBQU2_qF9DHmdGkA
2025-07-31 18:13:48,264 INFO  [org.apa.kaf.cli.pro.int.TransactionManager] (kafka-producer-network-thread | Producer-sc330534dxef93x47e1x9835xc813a84ca0b4) [Producer clientId=Producer-sc330534dxef93x47e1x9835xc813a84ca0b4] ProducerId set to 2 with epoch 0
2025-07-31 18:13:48,302 INFO  [org.apa.kaf.cli.pro.KafkaProducer] (Thread-606) [Producer clientId=Producer-sc330534dxef93x47e1x9835xc813a84ca0b4] Closing the Kafka producer with timeoutMillis = 9223372036854775807 ms.
2025-07-31 18:13:48,305 INFO  [org.apa.kaf.com.met.Metrics] (Thread-606) Metrics scheduler closed
2025-07-31 18:13:48,305 INFO  [org.apa.kaf.com.met.Metrics] (Thread-606) Closing reporter org.apache.kafka.common.metrics.JmxReporter
2025-07-31 18:13:48,306 INFO  [org.apa.kaf.com.met.Metrics] (Thread-606) Closing reporter org.apache.kafka.common.telemetry.internals.ClientTelemetryReporter
2025-07-31 18:13:48,306 INFO  [org.apa.kaf.com.met.Metrics] (Thread-606) Metrics reporters closed
2025-07-31 18:13:48,306 INFO  [org.apa.kaf.com.uti.AppInfoParser] (Thread-606) App info kafka.producer for Producer-sc330534dxef93x47e1x9835xc813a84ca0b4 unregistered
2025-07-31 18:13:48,307 INFO  [io.api.tes.uti.TestSeparator] (main) io.apicurio.tests.serdes.apicurio.AvroSerdeIT.testWrongSchema-FINISHED
2025-07-31 18:13:48,307 INFO  [io.api.tes.uti.TestSeparator] (main) ############################################################################
Test passed: testWrongSchema
]]></system-out>
    <system-err><![CDATA[io.apicurio.registry.rest.client.models.ProblemDetails
	at io.apicurio.registry.rest.client.models.ProblemDetails.createFromDiscriminatorValue(ProblemDetails.java:58)
	at io.kiota.serialization.json.JsonParseNode.getObjectValue(JsonParseNode.java:247)
	at io.kiota.http.vertx.VertXRequestAdapter.lambda$throwIfFailedResponse$0(VertXRequestAdapter.java:400)
	at com.microsoft.kiota.ApiExceptionBuilder.<init>(ApiExceptionBuilder.java:26)
	at io.kiota.http.vertx.VertXRequestAdapter.throwIfFailedResponse(VertXRequestAdapter.java:399)
	at io.kiota.http.vertx.VertXRequestAdapter.send(VertXRequestAdapter.java:170)
	at io.apicurio.registry.rest.client.groups.item.artifacts.item.versions.item.WithVersionExpressionItemRequestBuilder.get(WithVersionExpressionItemRequestBuilder.java:128)
	at io.apicurio.registry.rest.client.groups.item.artifacts.item.versions.item.WithVersionExpressionItemRequestBuilder.get(WithVersionExpressionItemRequestBuilder.java:111)
	at io.apicurio.registry.resolver.client.RegistryClientFacadeImpl.getVersionCoordinatesByGAV(RegistryClientFacadeImpl.java:153)
	at io.apicurio.registry.resolver.DefaultSchemaResolver.resolveByCoordinates(DefaultSchemaResolver.java:352)
	at io.apicurio.registry.resolver.DefaultSchemaResolver.lambda$resolveSchemaByArtifactReferenceCached$6(DefaultSchemaResolver.java:340)
	at io.apicurio.registry.resolver.cache.ERCache.lambda$getValue$0(ERCache.java:174)
	at io.apicurio.registry.resolver.cache.ERCache.retry(ERCache.java:227)
	at io.apicurio.registry.resolver.cache.ERCache.getValue(ERCache.java:173)
	at io.apicurio.registry.resolver.cache.ERCache.getByArtifactCoordinates(ERCache.java:158)
	at io.apicurio.registry.resolver.DefaultSchemaResolver.resolveSchemaByArtifactReferenceCached(DefaultSchemaResolver.java:338)
	at io.apicurio.registry.resolver.DefaultSchemaResolver.resolveSchemaByCoordinates(DefaultSchemaResolver.java:193)
	at io.apicurio.registry.resolver.DefaultSchemaResolver.getSchemaFromRegistry(DefaultSchemaResolver.java:130)
	at io.apicurio.registry.resolver.DefaultSchemaResolver.lambda$resolveSchema$0(DefaultSchemaResolver.java:84)
	at java.base/java.util.Optional.orElseGet(Optional.java:364)
	at io.apicurio.registry.resolver.DefaultSchemaResolver.resolveSchema(DefaultSchemaResolver.java:84)
	at io.apicurio.registry.serde.AbstractSerializer.serializeData(AbstractSerializer.java:62)
	at io.apicurio.registry.serde.KafkaSerializer.serialize(KafkaSerializer.java:77)
	at org.apache.kafka.clients.producer.KafkaProducer.doSend(KafkaProducer.java:1046)
	at org.apache.kafka.clients.producer.KafkaProducer.send(KafkaProducer.java:993)
	at org.apache.kafka.clients.producer.KafkaProducer.send(KafkaProducer.java:875)
	at io.apicurio.tests.serdes.apicurio.KafkaSerdesTester.lambda$produceMessages$3(KafkaSerdesTester.java:138)
	at java.base/java.util.concurrent.CompletableFuture$AsyncSupply.run(CompletableFuture.java:1768)
	at java.base/java.lang.Thread.run(Thread.java:840)
]]></system-err>
  </testcase>
  <testcase name="testAvroJSON" classname="io.apicurio.tests.serdes.apicurio.AvroSerdeIT" time="0.901">
    <system-out><![CDATA[2025-07-31 18:13:48,310 INFO  [io.api.tes.uti.TestSeparator] (main) ############################################################################
2025-07-31 18:13:48,310 INFO  [io.api.tes.uti.TestSeparator] (main) io.apicurio.tests.serdes.apicurio.AvroSerdeIT.testAvroJSON-STARTED
**** Registry Base URL: http://registry-app-postgresql.apps.ci419.apicurio-testing.org:80
2025-07-31 18:13:48,320 INFO  [org.apa.kaf.cli.pro.ProducerConfig] (main) ProducerConfig values: 
	acks = -1
	auto.include.jmx.reporter = true
	batch.size = 16384
	bootstrap.servers = [PLAINTEXT://localhost:32770]
	buffer.memory = 33554432
	client.dns.lookup = use_all_dns_ips
	client.id = Producer-topic-ada6b8b4_3b0b_44b6_b9ac_1148d8afbdbf
	compression.gzip.level = -1
	compression.lz4.level = 9
	compression.type = none
	compression.zstd.level = 3
	connections.max.idle.ms = 10000
	delivery.timeout.ms = 120000
	enable.idempotence = true
	enable.metrics.push = true
	interceptor.classes = []
	key.serializer = class org.apache.kafka.common.serialization.StringSerializer
	linger.ms = 0
	max.block.ms = 60000
	max.in.flight.requests.per.connection = 5
	max.request.size = 1048576
	metadata.max.age.ms = 300000
	metadata.max.idle.ms = 300000
	metadata.recovery.strategy = none
	metric.reporters = []
	metrics.num.samples = 2
	metrics.recording.level = INFO
	metrics.sample.window.ms = 30000
	partitioner.adaptive.partitioning.enable = true
	partitioner.availability.timeout.ms = 0
	partitioner.class = null
	partitioner.ignore.keys = false
	receive.buffer.bytes = 32768
	reconnect.backoff.max.ms = 1000
	reconnect.backoff.ms = 50
	request.timeout.ms = 5000
	retries = 2147483647
	retry.backoff.max.ms = 1000
	retry.backoff.ms = 100
	sasl.client.callback.handler.class = null
	sasl.jaas.config = null
	sasl.kerberos.kinit.cmd = /usr/bin/kinit
	sasl.kerberos.min.time.before.relogin = 60000
	sasl.kerberos.service.name = null
	sasl.kerberos.ticket.renew.jitter = 0.05
	sasl.kerberos.ticket.renew.window.factor = 0.8
	sasl.login.callback.handler.class = null
	sasl.login.class = null
	sasl.login.connect.timeout.ms = null
	sasl.login.read.timeout.ms = null
	sasl.login.refresh.buffer.seconds = 300
	sasl.login.refresh.min.period.seconds = 60
	sasl.login.refresh.window.factor = 0.8
	sasl.login.refresh.window.jitter = 0.05
	sasl.login.retry.backoff.max.ms = 10000
	sasl.login.retry.backoff.ms = 100
	sasl.mechanism = GSSAPI
	sasl.oauthbearer.clock.skew.seconds = 30
	sasl.oauthbearer.expected.audience = null
	sasl.oauthbearer.expected.issuer = null
	sasl.oauthbearer.header.urlencode = false
	sasl.oauthbearer.jwks.endpoint.refresh.ms = 3600000
	sasl.oauthbearer.jwks.endpoint.retry.backoff.max.ms = 10000
	sasl.oauthbearer.jwks.endpoint.retry.backoff.ms = 100
	sasl.oauthbearer.jwks.endpoint.url = null
	sasl.oauthbearer.scope.claim.name = scope
	sasl.oauthbearer.sub.claim.name = sub
	sasl.oauthbearer.token.endpoint.url = null
	security.protocol = PLAINTEXT
	security.providers = null
	send.buffer.bytes = 131072
	socket.connection.setup.timeout.max.ms = 30000
	socket.connection.setup.timeout.ms = 10000
	ssl.cipher.suites = null
	ssl.enabled.protocols = [TLSv1.2, TLSv1.3]
	ssl.endpoint.identification.algorithm = https
	ssl.engine.factory.class = null
	ssl.key.password = null
	ssl.keymanager.algorithm = SunX509
	ssl.keystore.certificate.chain = null
	ssl.keystore.key = null
	ssl.keystore.location = null
	ssl.keystore.password = null
	ssl.keystore.type = JKS
	ssl.protocol = TLSv1.3
	ssl.provider = null
	ssl.secure.random.implementation = null
	ssl.trustmanager.algorithm = PKIX
	ssl.truststore.certificates = null
	ssl.truststore.location = null
	ssl.truststore.password = null
	ssl.truststore.type = JKS
	transaction.timeout.ms = 60000
	transactional.id = null
	value.serializer = class io.apicurio.registry.serde.avro.AvroKafkaSerializer

2025-07-31 18:13:48,321 INFO  [org.apa.kaf.com.tel.int.KafkaMetricsCollector] (main) initializing Kafka metrics collector
2025-07-31 18:13:48,333 INFO  [org.apa.kaf.cli.pro.KafkaProducer] (main) [Producer clientId=Producer-topic-ada6b8b4_3b0b_44b6_b9ac_1148d8afbdbf] Instantiated an idempotent producer.
2025-07-31 18:13:48,350 INFO  [org.apa.kaf.cli.pro.ProducerConfig] (main) These configurations '[apicurio.registry.avro.encoding, apicurio.registry.url, apicurio.registry.auto-register, apicurio.registry.artifact-resolver-strategy]' were supplied but are not used yet.
2025-07-31 18:13:48,350 INFO  [org.apa.kaf.com.uti.AppInfoParser] (main) Kafka version: 3.9.1
2025-07-31 18:13:48,350 INFO  [org.apa.kaf.com.uti.AppInfoParser] (main) Kafka commitId: f745dfdcee2b9851
2025-07-31 18:13:48,350 INFO  [org.apa.kaf.com.uti.AppInfoParser] (main) Kafka startTimeMs: 1753985628350
2025-07-31 18:13:48,350 INFO  [io.api.tes.ser.api.SimpleSerdesTesterBuilder$SimpleSerdesTester] (main) Using producer configuration: {apicurio.registry.avro.encoding=JSON, apicurio.registry.url=http://registry-app-postgresql.apps.ci419.apicurio-testing.org:80/apis/registry/v3, apicurio.registry.auto-register=true, apicurio.registry.artifact-resolver-strategy=io.apicurio.registry.serde.strategy.TopicIdStrategy, value.serializer=io.apicurio.registry.serde.avro.AvroKafkaSerializer, request.timeout.ms=5000, acks=all, bootstrap.servers=PLAINTEXT://localhost:32770, connections.max.idle.ms=10000, key.serializer=org.apache.kafka.common.serialization.StringSerializer, client.id=Producer-topic-ada6b8b4_3b0b_44b6_b9ac_1148d8afbdbf}
2025-07-31 18:13:48,350 INFO  [io.api.tes.ser.api.SimpleSerdesTesterBuilder$SimpleSerdesTester] (main) Using consumer configuration: {apicurio.registry.avro.encoding=JSON}
2025-07-31 18:13:48,353 INFO  [io.api.tes.ser.api.KafkaSerdesTester] (Thread-609) Sending message {"bar": "value-0"} to topic topic-ada6b8b4_3b0b_44b6_b9ac_1148d8afbdbf
2025-07-31 18:13:48,369 WARN  [org.apa.kaf.cli.NetworkClient] (kafka-producer-network-thread | Producer-topic-ada6b8b4_3b0b_44b6_b9ac_1148d8afbdbf) [Producer clientId=Producer-topic-ada6b8b4_3b0b_44b6_b9ac_1148d8afbdbf] The metadata response from the cluster reported a recoverable issue with correlation id 2 : {topic-ada6b8b4_3b0b_44b6_b9ac_1148d8afbdbf=LEADER_NOT_AVAILABLE}
2025-07-31 18:13:48,370 INFO  [org.apa.kaf.cli.Metadata] (kafka-producer-network-thread | Producer-topic-ada6b8b4_3b0b_44b6_b9ac_1148d8afbdbf) [Producer clientId=Producer-topic-ada6b8b4_3b0b_44b6_b9ac_1148d8afbdbf] Cluster ID: UuE4P2bBQU2_qF9DHmdGkA
2025-07-31 18:13:48,372 INFO  [org.apa.kaf.cli.pro.int.TransactionManager] (kafka-producer-network-thread | Producer-topic-ada6b8b4_3b0b_44b6_b9ac_1148d8afbdbf) [Producer clientId=Producer-topic-ada6b8b4_3b0b_44b6_b9ac_1148d8afbdbf] ProducerId set to 3 with epoch 0
2025-07-31 18:13:48,532 INFO  [io.api.tes.ser.api.KafkaSerdesTester] (Thread-609) Sending message {"bar": "value-1"} to topic topic-ada6b8b4_3b0b_44b6_b9ac_1148d8afbdbf
2025-07-31 18:13:48,537 INFO  [io.api.tes.ser.api.KafkaSerdesTester] (Thread-609) Sending message {"bar": "value-2"} to topic topic-ada6b8b4_3b0b_44b6_b9ac_1148d8afbdbf
2025-07-31 18:13:48,539 INFO  [io.api.tes.ser.api.KafkaSerdesTester] (Thread-609) Sending message {"bar": "value-3"} to topic topic-ada6b8b4_3b0b_44b6_b9ac_1148d8afbdbf
2025-07-31 18:13:48,541 INFO  [io.api.tes.ser.api.KafkaSerdesTester] (Thread-609) Sending message {"bar": "value-4"} to topic topic-ada6b8b4_3b0b_44b6_b9ac_1148d8afbdbf
2025-07-31 18:13:48,543 INFO  [io.api.tes.ser.api.KafkaSerdesTester] (Thread-609) Sending message {"bar": "value-5"} to topic topic-ada6b8b4_3b0b_44b6_b9ac_1148d8afbdbf
2025-07-31 18:13:48,546 INFO  [io.api.tes.ser.api.KafkaSerdesTester] (Thread-609) Sending message {"bar": "value-6"} to topic topic-ada6b8b4_3b0b_44b6_b9ac_1148d8afbdbf
2025-07-31 18:13:48,548 INFO  [io.api.tes.ser.api.KafkaSerdesTester] (Thread-609) Sending message {"bar": "value-7"} to topic topic-ada6b8b4_3b0b_44b6_b9ac_1148d8afbdbf
2025-07-31 18:13:48,554 INFO  [io.api.tes.ser.api.KafkaSerdesTester] (Thread-609) Sending message {"bar": "value-8"} to topic topic-ada6b8b4_3b0b_44b6_b9ac_1148d8afbdbf
2025-07-31 18:13:48,557 INFO  [io.api.tes.ser.api.KafkaSerdesTester] (Thread-609) Sending message {"bar": "value-9"} to topic topic-ada6b8b4_3b0b_44b6_b9ac_1148d8afbdbf
2025-07-31 18:13:48,561 INFO  [io.api.tes.ser.api.KafkaSerdesTester] (Thread-609) Produced 10 messages
2025-07-31 18:13:48,561 INFO  [org.apa.kaf.cli.pro.KafkaProducer] (Thread-609) [Producer clientId=Producer-topic-ada6b8b4_3b0b_44b6_b9ac_1148d8afbdbf] Closing the Kafka producer with timeoutMillis = 9223372036854775807 ms.
2025-07-31 18:13:48,567 INFO  [org.apa.kaf.com.met.Metrics] (Thread-609) Metrics scheduler closed
2025-07-31 18:13:48,567 INFO  [org.apa.kaf.com.met.Metrics] (Thread-609) Closing reporter org.apache.kafka.common.metrics.JmxReporter
2025-07-31 18:13:48,568 INFO  [org.apa.kaf.com.met.Metrics] (Thread-609) Closing reporter org.apache.kafka.common.telemetry.internals.ClientTelemetryReporter
2025-07-31 18:13:48,568 INFO  [org.apa.kaf.com.met.Metrics] (Thread-609) Metrics reporters closed
2025-07-31 18:13:48,568 INFO  [org.apa.kaf.com.uti.AppInfoParser] (Thread-609) App info kafka.producer for Producer-topic-ada6b8b4_3b0b_44b6_b9ac_1148d8afbdbf unregistered
**** Registry Base URL: http://registry-app-postgresql.apps.ci419.apicurio-testing.org:80
2025-07-31 18:13:48,600 INFO  [org.apa.kaf.cli.con.ConsumerConfig] (main) ConsumerConfig values: 
	allow.auto.create.topics = true
	auto.commit.interval.ms = 500
	auto.include.jmx.reporter = true
	auto.offset.reset = earliest
	bootstrap.servers = [PLAINTEXT://localhost:32770]
	check.crcs = true
	client.dns.lookup = use_all_dns_ips
	client.id = consumer-Consumer-topic-ada6b8b4_3b0b_44b6_b9ac_1148d8afbdbf-3
	client.rack = 
	connections.max.idle.ms = 10000
	default.api.timeout.ms = 60000
	enable.auto.commit = true
	enable.metrics.push = true
	exclude.internal.topics = true
	fetch.max.bytes = 52428800
	fetch.max.wait.ms = 500
	fetch.min.bytes = 1
	group.id = Consumer-topic-ada6b8b4_3b0b_44b6_b9ac_1148d8afbdbf
	group.instance.id = null
	group.protocol = classic
	group.remote.assignor = null
	heartbeat.interval.ms = 3000
	interceptor.classes = []
	internal.leave.group.on.close = true
	internal.throw.on.fetch.stable.offset.unsupported = false
	isolation.level = read_uncommitted
	key.deserializer = class org.apache.kafka.common.serialization.StringDeserializer
	max.partition.fetch.bytes = 1048576
	max.poll.interval.ms = 300000
	max.poll.records = 500
	metadata.max.age.ms = 300000
	metadata.recovery.strategy = none
	metric.reporters = []
	metrics.num.samples = 2
	metrics.recording.level = INFO
	metrics.sample.window.ms = 30000
	partition.assignment.strategy = [class org.apache.kafka.clients.consumer.RangeAssignor, class org.apache.kafka.clients.consumer.CooperativeStickyAssignor]
	receive.buffer.bytes = 65536
	reconnect.backoff.max.ms = 1000
	reconnect.backoff.ms = 50
	request.timeout.ms = 5000
	retry.backoff.max.ms = 1000
	retry.backoff.ms = 100
	sasl.client.callback.handler.class = null
	sasl.jaas.config = null
	sasl.kerberos.kinit.cmd = /usr/bin/kinit
	sasl.kerberos.min.time.before.relogin = 60000
	sasl.kerberos.service.name = null
	sasl.kerberos.ticket.renew.jitter = 0.05
	sasl.kerberos.ticket.renew.window.factor = 0.8
	sasl.login.callback.handler.class = null
	sasl.login.class = null
	sasl.login.connect.timeout.ms = null
	sasl.login.read.timeout.ms = null
	sasl.login.refresh.buffer.seconds = 300
	sasl.login.refresh.min.period.seconds = 60
	sasl.login.refresh.window.factor = 0.8
	sasl.login.refresh.window.jitter = 0.05
	sasl.login.retry.backoff.max.ms = 10000
	sasl.login.retry.backoff.ms = 100
	sasl.mechanism = GSSAPI
	sasl.oauthbearer.clock.skew.seconds = 30
	sasl.oauthbearer.expected.audience = null
	sasl.oauthbearer.expected.issuer = null
	sasl.oauthbearer.header.urlencode = false
	sasl.oauthbearer.jwks.endpoint.refresh.ms = 3600000
	sasl.oauthbearer.jwks.endpoint.retry.backoff.max.ms = 10000
	sasl.oauthbearer.jwks.endpoint.retry.backoff.ms = 100
	sasl.oauthbearer.jwks.endpoint.url = null
	sasl.oauthbearer.scope.claim.name = scope
	sasl.oauthbearer.sub.claim.name = sub
	sasl.oauthbearer.token.endpoint.url = null
	security.protocol = PLAINTEXT
	security.providers = null
	send.buffer.bytes = 131072
	session.timeout.ms = 45000
	socket.connection.setup.timeout.max.ms = 30000
	socket.connection.setup.timeout.ms = 10000
	ssl.cipher.suites = null
	ssl.enabled.protocols = [TLSv1.2, TLSv1.3]
	ssl.endpoint.identification.algorithm = https
	ssl.engine.factory.class = null
	ssl.key.password = null
	ssl.keymanager.algorithm = SunX509
	ssl.keystore.certificate.chain = null
	ssl.keystore.key = null
	ssl.keystore.location = null
	ssl.keystore.password = null
	ssl.keystore.type = JKS
	ssl.protocol = TLSv1.3
	ssl.provider = null
	ssl.secure.random.implementation = null
	ssl.trustmanager.algorithm = PKIX
	ssl.truststore.certificates = null
	ssl.truststore.location = null
	ssl.truststore.password = null
	ssl.truststore.type = JKS
	value.deserializer = class io.apicurio.registry.serde.avro.AvroKafkaDeserializer

2025-07-31 18:13:48,600 INFO  [org.apa.kaf.com.tel.int.KafkaMetricsCollector] (main) initializing Kafka metrics collector
2025-07-31 18:13:48,617 INFO  [org.apa.kaf.cli.con.ConsumerConfig] (main) These configurations '[apicurio.registry.avro.encoding, apicurio.registry.url]' were supplied but are not used yet.
2025-07-31 18:13:48,617 INFO  [org.apa.kaf.com.uti.AppInfoParser] (main) Kafka version: 3.9.1
2025-07-31 18:13:48,617 INFO  [org.apa.kaf.com.uti.AppInfoParser] (main) Kafka commitId: f745dfdcee2b9851
2025-07-31 18:13:48,617 INFO  [org.apa.kaf.com.uti.AppInfoParser] (main) Kafka startTimeMs: 1753985628617
2025-07-31 18:13:48,620 INFO  [org.apa.kaf.cli.con.int.ClassicKafkaConsumer] (Thread-612) [Consumer clientId=consumer-Consumer-topic-ada6b8b4_3b0b_44b6_b9ac_1148d8afbdbf-3, groupId=Consumer-topic-ada6b8b4_3b0b_44b6_b9ac_1148d8afbdbf] Subscribed to topic(s): topic-ada6b8b4_3b0b_44b6_b9ac_1148d8afbdbf
2025-07-31 18:13:48,631 INFO  [org.apa.kaf.cli.Metadata] (Thread-612) [Consumer clientId=consumer-Consumer-topic-ada6b8b4_3b0b_44b6_b9ac_1148d8afbdbf-3, groupId=Consumer-topic-ada6b8b4_3b0b_44b6_b9ac_1148d8afbdbf] Cluster ID: UuE4P2bBQU2_qF9DHmdGkA
2025-07-31 18:13:48,632 INFO  [org.apa.kaf.cli.con.int.ConsumerCoordinator] (Thread-612) [Consumer clientId=consumer-Consumer-topic-ada6b8b4_3b0b_44b6_b9ac_1148d8afbdbf-3, groupId=Consumer-topic-ada6b8b4_3b0b_44b6_b9ac_1148d8afbdbf] Discovered group coordinator localhost:32770 (id: 2147483647 rack: null)
2025-07-31 18:13:48,637 INFO  [org.apa.kaf.cli.con.int.ConsumerCoordinator] (Thread-612) [Consumer clientId=consumer-Consumer-topic-ada6b8b4_3b0b_44b6_b9ac_1148d8afbdbf-3, groupId=Consumer-topic-ada6b8b4_3b0b_44b6_b9ac_1148d8afbdbf] (Re-)joining group
2025-07-31 18:13:48,642 INFO  [org.apa.kaf.cli.con.int.ConsumerCoordinator] (Thread-612) [Consumer clientId=consumer-Consumer-topic-ada6b8b4_3b0b_44b6_b9ac_1148d8afbdbf-3, groupId=Consumer-topic-ada6b8b4_3b0b_44b6_b9ac_1148d8afbdbf] Request joining group due to: need to re-join with the given member-id: consumer-Consumer-topic-ada6b8b4_3b0b_44b6_b9ac_1148d8afbdbf-3-c0c971b5-3008-40e8-a310-8c53275e1e6b
2025-07-31 18:13:48,642 INFO  [org.apa.kaf.cli.con.int.ConsumerCoordinator] (Thread-612) [Consumer clientId=consumer-Consumer-topic-ada6b8b4_3b0b_44b6_b9ac_1148d8afbdbf-3, groupId=Consumer-topic-ada6b8b4_3b0b_44b6_b9ac_1148d8afbdbf] (Re-)joining group
2025-07-31 18:13:48,649 INFO  [org.apa.kaf.cli.con.int.ConsumerCoordinator] (Thread-612) [Consumer clientId=consumer-Consumer-topic-ada6b8b4_3b0b_44b6_b9ac_1148d8afbdbf-3, groupId=Consumer-topic-ada6b8b4_3b0b_44b6_b9ac_1148d8afbdbf] Successfully joined group with generation Generation{generationId=1, memberId='consumer-Consumer-topic-ada6b8b4_3b0b_44b6_b9ac_1148d8afbdbf-3-c0c971b5-3008-40e8-a310-8c53275e1e6b', protocol='range'}
2025-07-31 18:13:48,649 INFO  [org.apa.kaf.cli.con.int.ConsumerCoordinator] (Thread-612) [Consumer clientId=consumer-Consumer-topic-ada6b8b4_3b0b_44b6_b9ac_1148d8afbdbf-3, groupId=Consumer-topic-ada6b8b4_3b0b_44b6_b9ac_1148d8afbdbf] Finished assignment for group at generation 1: {consumer-Consumer-topic-ada6b8b4_3b0b_44b6_b9ac_1148d8afbdbf-3-c0c971b5-3008-40e8-a310-8c53275e1e6b=Assignment(partitions=[topic-ada6b8b4_3b0b_44b6_b9ac_1148d8afbdbf-0])}
2025-07-31 18:13:48,655 INFO  [org.apa.kaf.cli.con.int.ConsumerCoordinator] (Thread-612) [Consumer clientId=consumer-Consumer-topic-ada6b8b4_3b0b_44b6_b9ac_1148d8afbdbf-3, groupId=Consumer-topic-ada6b8b4_3b0b_44b6_b9ac_1148d8afbdbf] Successfully synced group in generation Generation{generationId=1, memberId='consumer-Consumer-topic-ada6b8b4_3b0b_44b6_b9ac_1148d8afbdbf-3-c0c971b5-3008-40e8-a310-8c53275e1e6b', protocol='range'}
2025-07-31 18:13:48,655 INFO  [org.apa.kaf.cli.con.int.ConsumerCoordinator] (Thread-612) [Consumer clientId=consumer-Consumer-topic-ada6b8b4_3b0b_44b6_b9ac_1148d8afbdbf-3, groupId=Consumer-topic-ada6b8b4_3b0b_44b6_b9ac_1148d8afbdbf] Notifying assignor about the new Assignment(partitions=[topic-ada6b8b4_3b0b_44b6_b9ac_1148d8afbdbf-0])
2025-07-31 18:13:48,655 INFO  [org.apa.kaf.cli.con.int.ConsumerRebalanceListenerInvoker] (Thread-612) [Consumer clientId=consumer-Consumer-topic-ada6b8b4_3b0b_44b6_b9ac_1148d8afbdbf-3, groupId=Consumer-topic-ada6b8b4_3b0b_44b6_b9ac_1148d8afbdbf] Adding newly assigned partitions: topic-ada6b8b4_3b0b_44b6_b9ac_1148d8afbdbf-0
2025-07-31 18:13:48,658 INFO  [org.apa.kaf.cli.con.int.ConsumerCoordinator] (Thread-612) [Consumer clientId=consumer-Consumer-topic-ada6b8b4_3b0b_44b6_b9ac_1148d8afbdbf-3, groupId=Consumer-topic-ada6b8b4_3b0b_44b6_b9ac_1148d8afbdbf] Found no committed offset for partition topic-ada6b8b4_3b0b_44b6_b9ac_1148d8afbdbf-0
2025-07-31 18:13:48,665 INFO  [org.apa.kaf.cli.con.int.SubscriptionState] (Thread-612) [Consumer clientId=consumer-Consumer-topic-ada6b8b4_3b0b_44b6_b9ac_1148d8afbdbf-3, groupId=Consumer-topic-ada6b8b4_3b0b_44b6_b9ac_1148d8afbdbf] Resetting offset for partition topic-ada6b8b4_3b0b_44b6_b9ac_1148d8afbdbf-0 to position FetchPosition{offset=0, offsetEpoch=Optional.empty, currentLeader=LeaderAndEpoch{leader=Optional[localhost:32770 (id: 0 rack: null)], epoch=0}}.
2025-07-31 18:13:48,698 INFO  [io.api.tes.ser.api.KafkaSerdesTester] (Thread-612) topic-ada6b8b4_3b0b_44b6_b9ac_1148d8afbdbf 0 0 {"bar": "value-0"}
2025-07-31 18:13:48,698 INFO  [io.api.tes.ser.api.KafkaSerdesTester] (Thread-612) topic-ada6b8b4_3b0b_44b6_b9ac_1148d8afbdbf 0 1 {"bar": "value-1"}
2025-07-31 18:13:48,698 INFO  [io.api.tes.ser.api.KafkaSerdesTester] (Thread-612) topic-ada6b8b4_3b0b_44b6_b9ac_1148d8afbdbf 0 2 {"bar": "value-2"}
2025-07-31 18:13:48,698 INFO  [io.api.tes.ser.api.KafkaSerdesTester] (Thread-612) topic-ada6b8b4_3b0b_44b6_b9ac_1148d8afbdbf 0 3 {"bar": "value-3"}
2025-07-31 18:13:48,698 INFO  [io.api.tes.ser.api.KafkaSerdesTester] (Thread-612) topic-ada6b8b4_3b0b_44b6_b9ac_1148d8afbdbf 0 4 {"bar": "value-4"}
2025-07-31 18:13:48,698 INFO  [io.api.tes.ser.api.KafkaSerdesTester] (Thread-612) topic-ada6b8b4_3b0b_44b6_b9ac_1148d8afbdbf 0 5 {"bar": "value-5"}
2025-07-31 18:13:48,699 INFO  [io.api.tes.ser.api.KafkaSerdesTester] (Thread-612) topic-ada6b8b4_3b0b_44b6_b9ac_1148d8afbdbf 0 6 {"bar": "value-6"}
2025-07-31 18:13:48,699 INFO  [io.api.tes.ser.api.KafkaSerdesTester] (Thread-612) topic-ada6b8b4_3b0b_44b6_b9ac_1148d8afbdbf 0 7 {"bar": "value-7"}
2025-07-31 18:13:48,699 INFO  [io.api.tes.ser.api.KafkaSerdesTester] (Thread-612) topic-ada6b8b4_3b0b_44b6_b9ac_1148d8afbdbf 0 8 {"bar": "value-8"}
2025-07-31 18:13:48,699 INFO  [io.api.tes.ser.api.KafkaSerdesTester] (Thread-612) topic-ada6b8b4_3b0b_44b6_b9ac_1148d8afbdbf 0 9 {"bar": "value-9"}
2025-07-31 18:13:48,699 INFO  [io.api.tes.ser.api.KafkaSerdesTester] (Thread-612) Consumed 10 messages
2025-07-31 18:13:48,702 INFO  [org.apa.kaf.cli.con.int.ConsumerRebalanceListenerInvoker] (Thread-612) [Consumer clientId=consumer-Consumer-topic-ada6b8b4_3b0b_44b6_b9ac_1148d8afbdbf-3, groupId=Consumer-topic-ada6b8b4_3b0b_44b6_b9ac_1148d8afbdbf] Revoke previously assigned partitions topic-ada6b8b4_3b0b_44b6_b9ac_1148d8afbdbf-0
2025-07-31 18:13:48,702 INFO  [org.apa.kaf.cli.con.int.ConsumerCoordinator] (Thread-612) [Consumer clientId=consumer-Consumer-topic-ada6b8b4_3b0b_44b6_b9ac_1148d8afbdbf-3, groupId=Consumer-topic-ada6b8b4_3b0b_44b6_b9ac_1148d8afbdbf] Member consumer-Consumer-topic-ada6b8b4_3b0b_44b6_b9ac_1148d8afbdbf-3-c0c971b5-3008-40e8-a310-8c53275e1e6b sending LeaveGroup request to coordinator localhost:32770 (id: 2147483647 rack: null) due to the consumer is being closed
2025-07-31 18:13:48,702 INFO  [org.apa.kaf.cli.con.int.ConsumerCoordinator] (Thread-612) [Consumer clientId=consumer-Consumer-topic-ada6b8b4_3b0b_44b6_b9ac_1148d8afbdbf-3, groupId=Consumer-topic-ada6b8b4_3b0b_44b6_b9ac_1148d8afbdbf] Resetting generation and member id due to: consumer pro-actively leaving the group
2025-07-31 18:13:48,703 INFO  [org.apa.kaf.cli.con.int.ConsumerCoordinator] (Thread-612) [Consumer clientId=consumer-Consumer-topic-ada6b8b4_3b0b_44b6_b9ac_1148d8afbdbf-3, groupId=Consumer-topic-ada6b8b4_3b0b_44b6_b9ac_1148d8afbdbf] Request joining group due to: consumer pro-actively leaving the group
2025-07-31 18:13:49,202 INFO  [org.apa.kaf.com.met.Metrics] (Thread-612) Metrics scheduler closed
2025-07-31 18:13:49,202 INFO  [org.apa.kaf.com.met.Metrics] (Thread-612) Closing reporter org.apache.kafka.common.metrics.JmxReporter
2025-07-31 18:13:49,202 INFO  [org.apa.kaf.com.met.Metrics] (Thread-612) Closing reporter org.apache.kafka.common.telemetry.internals.ClientTelemetryReporter
2025-07-31 18:13:49,203 INFO  [org.apa.kaf.com.met.Metrics] (Thread-612) Metrics reporters closed
2025-07-31 18:13:49,207 INFO  [org.apa.kaf.com.uti.AppInfoParser] (Thread-612) App info kafka.consumer for consumer-Consumer-topic-ada6b8b4_3b0b_44b6_b9ac_1148d8afbdbf-3 unregistered
2025-07-31 18:13:49,207 INFO  [io.api.tes.uti.TestSeparator] (main) io.apicurio.tests.serdes.apicurio.AvroSerdeIT.testAvroJSON-FINISHED
2025-07-31 18:13:49,207 INFO  [io.api.tes.uti.TestSeparator] (main) ############################################################################
Test passed: testAvroJSON
]]></system-out>
  </testcase>
  <testcase name="testTopicIdStrategyAutoRegister" classname="io.apicurio.tests.serdes.apicurio.AvroSerdeIT" time="0.874">
    <system-out><![CDATA[2025-07-31 18:13:49,213 INFO  [io.api.tes.uti.TestSeparator] (main) ############################################################################
2025-07-31 18:13:49,213 INFO  [io.api.tes.uti.TestSeparator] (main) io.apicurio.tests.serdes.apicurio.AvroSerdeIT.testTopicIdStrategyAutoRegister-STARTED
**** Registry Base URL: http://registry-app-postgresql.apps.ci419.apicurio-testing.org:80
2025-07-31 18:13:49,230 INFO  [org.apa.kaf.cli.pro.ProducerConfig] (main) ProducerConfig values: 
	acks = -1
	auto.include.jmx.reporter = true
	batch.size = 16384
	bootstrap.servers = [PLAINTEXT://localhost:32770]
	buffer.memory = 33554432
	client.dns.lookup = use_all_dns_ips
	client.id = Producer-topic-5253fb52_ff77_4690_9dfa_179729706dcd
	compression.gzip.level = -1
	compression.lz4.level = 9
	compression.type = none
	compression.zstd.level = 3
	connections.max.idle.ms = 10000
	delivery.timeout.ms = 120000
	enable.idempotence = true
	enable.metrics.push = true
	interceptor.classes = []
	key.serializer = class org.apache.kafka.common.serialization.StringSerializer
	linger.ms = 0
	max.block.ms = 60000
	max.in.flight.requests.per.connection = 5
	max.request.size = 1048576
	metadata.max.age.ms = 300000
	metadata.max.idle.ms = 300000
	metadata.recovery.strategy = none
	metric.reporters = []
	metrics.num.samples = 2
	metrics.recording.level = INFO
	metrics.sample.window.ms = 30000
	partitioner.adaptive.partitioning.enable = true
	partitioner.availability.timeout.ms = 0
	partitioner.class = null
	partitioner.ignore.keys = false
	receive.buffer.bytes = 32768
	reconnect.backoff.max.ms = 1000
	reconnect.backoff.ms = 50
	request.timeout.ms = 5000
	retries = 2147483647
	retry.backoff.max.ms = 1000
	retry.backoff.ms = 100
	sasl.client.callback.handler.class = null
	sasl.jaas.config = null
	sasl.kerberos.kinit.cmd = /usr/bin/kinit
	sasl.kerberos.min.time.before.relogin = 60000
	sasl.kerberos.service.name = null
	sasl.kerberos.ticket.renew.jitter = 0.05
	sasl.kerberos.ticket.renew.window.factor = 0.8
	sasl.login.callback.handler.class = null
	sasl.login.class = null
	sasl.login.connect.timeout.ms = null
	sasl.login.read.timeout.ms = null
	sasl.login.refresh.buffer.seconds = 300
	sasl.login.refresh.min.period.seconds = 60
	sasl.login.refresh.window.factor = 0.8
	sasl.login.refresh.window.jitter = 0.05
	sasl.login.retry.backoff.max.ms = 10000
	sasl.login.retry.backoff.ms = 100
	sasl.mechanism = GSSAPI
	sasl.oauthbearer.clock.skew.seconds = 30
	sasl.oauthbearer.expected.audience = null
	sasl.oauthbearer.expected.issuer = null
	sasl.oauthbearer.header.urlencode = false
	sasl.oauthbearer.jwks.endpoint.refresh.ms = 3600000
	sasl.oauthbearer.jwks.endpoint.retry.backoff.max.ms = 10000
	sasl.oauthbearer.jwks.endpoint.retry.backoff.ms = 100
	sasl.oauthbearer.jwks.endpoint.url = null
	sasl.oauthbearer.scope.claim.name = scope
	sasl.oauthbearer.sub.claim.name = sub
	sasl.oauthbearer.token.endpoint.url = null
	security.protocol = PLAINTEXT
	security.providers = null
	send.buffer.bytes = 131072
	socket.connection.setup.timeout.max.ms = 30000
	socket.connection.setup.timeout.ms = 10000
	ssl.cipher.suites = null
	ssl.enabled.protocols = [TLSv1.2, TLSv1.3]
	ssl.endpoint.identification.algorithm = https
	ssl.engine.factory.class = null
	ssl.key.password = null
	ssl.keymanager.algorithm = SunX509
	ssl.keystore.certificate.chain = null
	ssl.keystore.key = null
	ssl.keystore.location = null
	ssl.keystore.password = null
	ssl.keystore.type = JKS
	ssl.protocol = TLSv1.3
	ssl.provider = null
	ssl.secure.random.implementation = null
	ssl.trustmanager.algorithm = PKIX
	ssl.truststore.certificates = null
	ssl.truststore.location = null
	ssl.truststore.password = null
	ssl.truststore.type = JKS
	transaction.timeout.ms = 60000
	transactional.id = null
	value.serializer = class io.apicurio.registry.serde.avro.AvroKafkaSerializer

2025-07-31 18:13:49,230 INFO  [org.apa.kaf.com.tel.int.KafkaMetricsCollector] (main) initializing Kafka metrics collector
2025-07-31 18:13:49,246 INFO  [org.apa.kaf.cli.pro.KafkaProducer] (main) [Producer clientId=Producer-topic-5253fb52_ff77_4690_9dfa_179729706dcd] Instantiated an idempotent producer.
2025-07-31 18:13:49,255 INFO  [org.apa.kaf.cli.pro.ProducerConfig] (main) These configurations '[apicurio.registry.url, apicurio.registry.auto-register, apicurio.registry.artifact-resolver-strategy]' were supplied but are not used yet.
2025-07-31 18:13:49,256 INFO  [org.apa.kaf.com.uti.AppInfoParser] (main) Kafka version: 3.9.1
2025-07-31 18:13:49,256 INFO  [org.apa.kaf.com.uti.AppInfoParser] (main) Kafka commitId: f745dfdcee2b9851
2025-07-31 18:13:49,256 INFO  [org.apa.kaf.com.uti.AppInfoParser] (main) Kafka startTimeMs: 1753985629256
2025-07-31 18:13:49,256 INFO  [io.api.tes.ser.api.SimpleSerdesTesterBuilder$SimpleSerdesTester] (main) Using producer configuration: {apicurio.registry.url=http://registry-app-postgresql.apps.ci419.apicurio-testing.org:80/apis/registry/v3, apicurio.registry.auto-register=true, apicurio.registry.artifact-resolver-strategy=io.apicurio.registry.serde.strategy.TopicIdStrategy, value.serializer=io.apicurio.registry.serde.avro.AvroKafkaSerializer, request.timeout.ms=5000, acks=all, bootstrap.servers=PLAINTEXT://localhost:32770, connections.max.idle.ms=10000, key.serializer=org.apache.kafka.common.serialization.StringSerializer, client.id=Producer-topic-5253fb52_ff77_4690_9dfa_179729706dcd}
2025-07-31 18:13:49,256 INFO  [io.api.tes.ser.api.SimpleSerdesTesterBuilder$SimpleSerdesTester] (main) Using consumer configuration: {}
2025-07-31 18:13:49,301 INFO  [org.apa.kaf.cli.Metadata] (kafka-producer-network-thread | Producer-topic-5253fb52_ff77_4690_9dfa_179729706dcd) [Producer clientId=Producer-topic-5253fb52_ff77_4690_9dfa_179729706dcd] Cluster ID: UuE4P2bBQU2_qF9DHmdGkA
2025-07-31 18:13:49,302 INFO  [io.api.tes.ser.api.KafkaSerdesTester] (Thread-615) Sending message {"key11753985629216": "value-0"} to topic topic-5253fb52_ff77_4690_9dfa_179729706dcd
2025-07-31 18:13:49,304 INFO  [org.apa.kaf.cli.pro.int.TransactionManager] (kafka-producer-network-thread | Producer-topic-5253fb52_ff77_4690_9dfa_179729706dcd) [Producer clientId=Producer-topic-5253fb52_ff77_4690_9dfa_179729706dcd] ProducerId set to 4 with epoch 0
2025-07-31 18:13:49,355 INFO  [io.api.tes.ser.api.KafkaSerdesTester] (Thread-615) Sending message {"key11753985629216": "value-1"} to topic topic-5253fb52_ff77_4690_9dfa_179729706dcd
2025-07-31 18:13:49,358 INFO  [io.api.tes.ser.api.KafkaSerdesTester] (Thread-615) Sending message {"key11753985629216": "value-2"} to topic topic-5253fb52_ff77_4690_9dfa_179729706dcd
2025-07-31 18:13:49,361 INFO  [io.api.tes.ser.api.KafkaSerdesTester] (Thread-615) Sending message {"key11753985629216": "value-3"} to topic topic-5253fb52_ff77_4690_9dfa_179729706dcd
2025-07-31 18:13:49,365 INFO  [io.api.tes.ser.api.KafkaSerdesTester] (Thread-615) Sending message {"key11753985629216": "value-4"} to topic topic-5253fb52_ff77_4690_9dfa_179729706dcd
2025-07-31 18:13:49,367 INFO  [io.api.tes.ser.api.KafkaSerdesTester] (Thread-615) Sending message {"key11753985629216": "value-5"} to topic topic-5253fb52_ff77_4690_9dfa_179729706dcd
2025-07-31 18:13:49,375 INFO  [io.api.tes.ser.api.KafkaSerdesTester] (Thread-615) Sending message {"key11753985629216": "value-6"} to topic topic-5253fb52_ff77_4690_9dfa_179729706dcd
2025-07-31 18:13:49,381 INFO  [io.api.tes.ser.api.KafkaSerdesTester] (Thread-615) Sending message {"key11753985629216": "value-7"} to topic topic-5253fb52_ff77_4690_9dfa_179729706dcd
2025-07-31 18:13:49,383 INFO  [io.api.tes.ser.api.KafkaSerdesTester] (Thread-615) Sending message {"key11753985629216": "value-8"} to topic topic-5253fb52_ff77_4690_9dfa_179729706dcd
2025-07-31 18:13:49,388 INFO  [io.api.tes.ser.api.KafkaSerdesTester] (Thread-615) Sending message {"key11753985629216": "value-9"} to topic topic-5253fb52_ff77_4690_9dfa_179729706dcd
2025-07-31 18:13:49,391 INFO  [io.api.tes.ser.api.KafkaSerdesTester] (Thread-615) Produced 10 messages
2025-07-31 18:13:49,391 INFO  [org.apa.kaf.cli.pro.KafkaProducer] (Thread-615) [Producer clientId=Producer-topic-5253fb52_ff77_4690_9dfa_179729706dcd] Closing the Kafka producer with timeoutMillis = 9223372036854775807 ms.
2025-07-31 18:13:49,401 INFO  [org.apa.kaf.com.met.Metrics] (Thread-615) Metrics scheduler closed
2025-07-31 18:13:49,401 INFO  [org.apa.kaf.com.met.Metrics] (Thread-615) Closing reporter org.apache.kafka.common.metrics.JmxReporter
2025-07-31 18:13:49,401 INFO  [org.apa.kaf.com.met.Metrics] (Thread-615) Closing reporter org.apache.kafka.common.telemetry.internals.ClientTelemetryReporter
2025-07-31 18:13:49,401 INFO  [org.apa.kaf.com.met.Metrics] (Thread-615) Metrics reporters closed
2025-07-31 18:13:49,401 INFO  [org.apa.kaf.com.uti.AppInfoParser] (Thread-615) App info kafka.producer for Producer-topic-5253fb52_ff77_4690_9dfa_179729706dcd unregistered
**** Registry Base URL: http://registry-app-postgresql.apps.ci419.apicurio-testing.org:80
2025-07-31 18:13:49,429 INFO  [org.apa.kaf.cli.con.ConsumerConfig] (main) ConsumerConfig values: 
	allow.auto.create.topics = true
	auto.commit.interval.ms = 500
	auto.include.jmx.reporter = true
	auto.offset.reset = earliest
	bootstrap.servers = [PLAINTEXT://localhost:32770]
	check.crcs = true
	client.dns.lookup = use_all_dns_ips
	client.id = consumer-Consumer-topic-5253fb52_ff77_4690_9dfa_179729706dcd-4
	client.rack = 
	connections.max.idle.ms = 10000
	default.api.timeout.ms = 60000
	enable.auto.commit = true
	enable.metrics.push = true
	exclude.internal.topics = true
	fetch.max.bytes = 52428800
	fetch.max.wait.ms = 500
	fetch.min.bytes = 1
	group.id = Consumer-topic-5253fb52_ff77_4690_9dfa_179729706dcd
	group.instance.id = null
	group.protocol = classic
	group.remote.assignor = null
	heartbeat.interval.ms = 3000
	interceptor.classes = []
	internal.leave.group.on.close = true
	internal.throw.on.fetch.stable.offset.unsupported = false
	isolation.level = read_uncommitted
	key.deserializer = class org.apache.kafka.common.serialization.StringDeserializer
	max.partition.fetch.bytes = 1048576
	max.poll.interval.ms = 300000
	max.poll.records = 500
	metadata.max.age.ms = 300000
	metadata.recovery.strategy = none
	metric.reporters = []
	metrics.num.samples = 2
	metrics.recording.level = INFO
	metrics.sample.window.ms = 30000
	partition.assignment.strategy = [class org.apache.kafka.clients.consumer.RangeAssignor, class org.apache.kafka.clients.consumer.CooperativeStickyAssignor]
	receive.buffer.bytes = 65536
	reconnect.backoff.max.ms = 1000
	reconnect.backoff.ms = 50
	request.timeout.ms = 5000
	retry.backoff.max.ms = 1000
	retry.backoff.ms = 100
	sasl.client.callback.handler.class = null
	sasl.jaas.config = null
	sasl.kerberos.kinit.cmd = /usr/bin/kinit
	sasl.kerberos.min.time.before.relogin = 60000
	sasl.kerberos.service.name = null
	sasl.kerberos.ticket.renew.jitter = 0.05
	sasl.kerberos.ticket.renew.window.factor = 0.8
	sasl.login.callback.handler.class = null
	sasl.login.class = null
	sasl.login.connect.timeout.ms = null
	sasl.login.read.timeout.ms = null
	sasl.login.refresh.buffer.seconds = 300
	sasl.login.refresh.min.period.seconds = 60
	sasl.login.refresh.window.factor = 0.8
	sasl.login.refresh.window.jitter = 0.05
	sasl.login.retry.backoff.max.ms = 10000
	sasl.login.retry.backoff.ms = 100
	sasl.mechanism = GSSAPI
	sasl.oauthbearer.clock.skew.seconds = 30
	sasl.oauthbearer.expected.audience = null
	sasl.oauthbearer.expected.issuer = null
	sasl.oauthbearer.header.urlencode = false
	sasl.oauthbearer.jwks.endpoint.refresh.ms = 3600000
	sasl.oauthbearer.jwks.endpoint.retry.backoff.max.ms = 10000
	sasl.oauthbearer.jwks.endpoint.retry.backoff.ms = 100
	sasl.oauthbearer.jwks.endpoint.url = null
	sasl.oauthbearer.scope.claim.name = scope
	sasl.oauthbearer.sub.claim.name = sub
	sasl.oauthbearer.token.endpoint.url = null
	security.protocol = PLAINTEXT
	security.providers = null
	send.buffer.bytes = 131072
	session.timeout.ms = 45000
	socket.connection.setup.timeout.max.ms = 30000
	socket.connection.setup.timeout.ms = 10000
	ssl.cipher.suites = null
	ssl.enabled.protocols = [TLSv1.2, TLSv1.3]
	ssl.endpoint.identification.algorithm = https
	ssl.engine.factory.class = null
	ssl.key.password = null
	ssl.keymanager.algorithm = SunX509
	ssl.keystore.certificate.chain = null
	ssl.keystore.key = null
	ssl.keystore.location = null
	ssl.keystore.password = null
	ssl.keystore.type = JKS
	ssl.protocol = TLSv1.3
	ssl.provider = null
	ssl.secure.random.implementation = null
	ssl.trustmanager.algorithm = PKIX
	ssl.truststore.certificates = null
	ssl.truststore.location = null
	ssl.truststore.password = null
	ssl.truststore.type = JKS
	value.deserializer = class io.apicurio.registry.serde.avro.AvroKafkaDeserializer

2025-07-31 18:13:49,432 INFO  [org.apa.kaf.com.tel.int.KafkaMetricsCollector] (main) initializing Kafka metrics collector
2025-07-31 18:13:49,456 INFO  [org.apa.kaf.cli.con.ConsumerConfig] (main) These configurations '[apicurio.registry.url]' were supplied but are not used yet.
2025-07-31 18:13:49,456 INFO  [org.apa.kaf.com.uti.AppInfoParser] (main) Kafka version: 3.9.1
2025-07-31 18:13:49,456 INFO  [org.apa.kaf.com.uti.AppInfoParser] (main) Kafka commitId: f745dfdcee2b9851
2025-07-31 18:13:49,456 INFO  [org.apa.kaf.com.uti.AppInfoParser] (main) Kafka startTimeMs: 1753985629456
2025-07-31 18:13:49,458 INFO  [org.apa.kaf.cli.con.int.ClassicKafkaConsumer] (Thread-618) [Consumer clientId=consumer-Consumer-topic-5253fb52_ff77_4690_9dfa_179729706dcd-4, groupId=Consumer-topic-5253fb52_ff77_4690_9dfa_179729706dcd] Subscribed to topic(s): topic-5253fb52_ff77_4690_9dfa_179729706dcd
2025-07-31 18:13:49,474 INFO  [org.apa.kaf.cli.Metadata] (Thread-618) [Consumer clientId=consumer-Consumer-topic-5253fb52_ff77_4690_9dfa_179729706dcd-4, groupId=Consumer-topic-5253fb52_ff77_4690_9dfa_179729706dcd] Cluster ID: UuE4P2bBQU2_qF9DHmdGkA
2025-07-31 18:13:49,474 INFO  [org.apa.kaf.cli.con.int.ConsumerCoordinator] (Thread-618) [Consumer clientId=consumer-Consumer-topic-5253fb52_ff77_4690_9dfa_179729706dcd-4, groupId=Consumer-topic-5253fb52_ff77_4690_9dfa_179729706dcd] Discovered group coordinator localhost:32770 (id: 2147483647 rack: null)
2025-07-31 18:13:49,481 INFO  [org.apa.kaf.cli.con.int.ConsumerCoordinator] (Thread-618) [Consumer clientId=consumer-Consumer-topic-5253fb52_ff77_4690_9dfa_179729706dcd-4, groupId=Consumer-topic-5253fb52_ff77_4690_9dfa_179729706dcd] (Re-)joining group
2025-07-31 18:13:49,486 INFO  [org.apa.kaf.cli.con.int.ConsumerCoordinator] (Thread-618) [Consumer clientId=consumer-Consumer-topic-5253fb52_ff77_4690_9dfa_179729706dcd-4, groupId=Consumer-topic-5253fb52_ff77_4690_9dfa_179729706dcd] Request joining group due to: need to re-join with the given member-id: consumer-Consumer-topic-5253fb52_ff77_4690_9dfa_179729706dcd-4-def7d905-3836-4116-befe-fbb4720d1184
2025-07-31 18:13:49,486 INFO  [org.apa.kaf.cli.con.int.ConsumerCoordinator] (Thread-618) [Consumer clientId=consumer-Consumer-topic-5253fb52_ff77_4690_9dfa_179729706dcd-4, groupId=Consumer-topic-5253fb52_ff77_4690_9dfa_179729706dcd] (Re-)joining group
2025-07-31 18:13:49,489 INFO  [org.apa.kaf.cli.con.int.ConsumerCoordinator] (Thread-618) [Consumer clientId=consumer-Consumer-topic-5253fb52_ff77_4690_9dfa_179729706dcd-4, groupId=Consumer-topic-5253fb52_ff77_4690_9dfa_179729706dcd] Successfully joined group with generation Generation{generationId=1, memberId='consumer-Consumer-topic-5253fb52_ff77_4690_9dfa_179729706dcd-4-def7d905-3836-4116-befe-fbb4720d1184', protocol='range'}
2025-07-31 18:13:49,490 INFO  [org.apa.kaf.cli.con.int.ConsumerCoordinator] (Thread-618) [Consumer clientId=consumer-Consumer-topic-5253fb52_ff77_4690_9dfa_179729706dcd-4, groupId=Consumer-topic-5253fb52_ff77_4690_9dfa_179729706dcd] Finished assignment for group at generation 1: {consumer-Consumer-topic-5253fb52_ff77_4690_9dfa_179729706dcd-4-def7d905-3836-4116-befe-fbb4720d1184=Assignment(partitions=[topic-5253fb52_ff77_4690_9dfa_179729706dcd-0])}
2025-07-31 18:13:49,505 INFO  [org.apa.kaf.cli.con.int.ConsumerCoordinator] (Thread-618) [Consumer clientId=consumer-Consumer-topic-5253fb52_ff77_4690_9dfa_179729706dcd-4, groupId=Consumer-topic-5253fb52_ff77_4690_9dfa_179729706dcd] Successfully synced group in generation Generation{generationId=1, memberId='consumer-Consumer-topic-5253fb52_ff77_4690_9dfa_179729706dcd-4-def7d905-3836-4116-befe-fbb4720d1184', protocol='range'}
2025-07-31 18:13:49,505 INFO  [org.apa.kaf.cli.con.int.ConsumerCoordinator] (Thread-618) [Consumer clientId=consumer-Consumer-topic-5253fb52_ff77_4690_9dfa_179729706dcd-4, groupId=Consumer-topic-5253fb52_ff77_4690_9dfa_179729706dcd] Notifying assignor about the new Assignment(partitions=[topic-5253fb52_ff77_4690_9dfa_179729706dcd-0])
2025-07-31 18:13:49,506 INFO  [org.apa.kaf.cli.con.int.ConsumerRebalanceListenerInvoker] (Thread-618) [Consumer clientId=consumer-Consumer-topic-5253fb52_ff77_4690_9dfa_179729706dcd-4, groupId=Consumer-topic-5253fb52_ff77_4690_9dfa_179729706dcd] Adding newly assigned partitions: topic-5253fb52_ff77_4690_9dfa_179729706dcd-0
2025-07-31 18:13:49,507 INFO  [org.apa.kaf.cli.con.int.ConsumerCoordinator] (Thread-618) [Consumer clientId=consumer-Consumer-topic-5253fb52_ff77_4690_9dfa_179729706dcd-4, groupId=Consumer-topic-5253fb52_ff77_4690_9dfa_179729706dcd] Found no committed offset for partition topic-5253fb52_ff77_4690_9dfa_179729706dcd-0
2025-07-31 18:13:49,515 INFO  [org.apa.kaf.cli.con.int.SubscriptionState] (Thread-618) [Consumer clientId=consumer-Consumer-topic-5253fb52_ff77_4690_9dfa_179729706dcd-4, groupId=Consumer-topic-5253fb52_ff77_4690_9dfa_179729706dcd] Resetting offset for partition topic-5253fb52_ff77_4690_9dfa_179729706dcd-0 to position FetchPosition{offset=0, offsetEpoch=Optional.empty, currentLeader=LeaderAndEpoch{leader=Optional[localhost:32770 (id: 0 rack: null)], epoch=0}}.
2025-07-31 18:13:49,547 INFO  [io.api.tes.ser.api.KafkaSerdesTester] (Thread-618) topic-5253fb52_ff77_4690_9dfa_179729706dcd 0 0 {"key11753985629216": "value-0"}
2025-07-31 18:13:49,547 INFO  [io.api.tes.ser.api.KafkaSerdesTester] (Thread-618) topic-5253fb52_ff77_4690_9dfa_179729706dcd 0 1 {"key11753985629216": "value-1"}
2025-07-31 18:13:49,547 INFO  [io.api.tes.ser.api.KafkaSerdesTester] (Thread-618) topic-5253fb52_ff77_4690_9dfa_179729706dcd 0 2 {"key11753985629216": "value-2"}
2025-07-31 18:13:49,547 INFO  [io.api.tes.ser.api.KafkaSerdesTester] (Thread-618) topic-5253fb52_ff77_4690_9dfa_179729706dcd 0 3 {"key11753985629216": "value-3"}
2025-07-31 18:13:49,547 INFO  [io.api.tes.ser.api.KafkaSerdesTester] (Thread-618) topic-5253fb52_ff77_4690_9dfa_179729706dcd 0 4 {"key11753985629216": "value-4"}
2025-07-31 18:13:49,548 INFO  [io.api.tes.ser.api.KafkaSerdesTester] (Thread-618) topic-5253fb52_ff77_4690_9dfa_179729706dcd 0 5 {"key11753985629216": "value-5"}
2025-07-31 18:13:49,551 INFO  [io.api.tes.ser.api.KafkaSerdesTester] (Thread-618) topic-5253fb52_ff77_4690_9dfa_179729706dcd 0 6 {"key11753985629216": "value-6"}
2025-07-31 18:13:49,551 INFO  [io.api.tes.ser.api.KafkaSerdesTester] (Thread-618) topic-5253fb52_ff77_4690_9dfa_179729706dcd 0 7 {"key11753985629216": "value-7"}
2025-07-31 18:13:49,551 INFO  [io.api.tes.ser.api.KafkaSerdesTester] (Thread-618) topic-5253fb52_ff77_4690_9dfa_179729706dcd 0 8 {"key11753985629216": "value-8"}
2025-07-31 18:13:49,552 INFO  [io.api.tes.ser.api.KafkaSerdesTester] (Thread-618) topic-5253fb52_ff77_4690_9dfa_179729706dcd 0 9 {"key11753985629216": "value-9"}
2025-07-31 18:13:49,552 INFO  [io.api.tes.ser.api.KafkaSerdesTester] (Thread-618) Consumed 10 messages
2025-07-31 18:13:49,555 INFO  [org.apa.kaf.cli.con.int.ConsumerRebalanceListenerInvoker] (Thread-618) [Consumer clientId=consumer-Consumer-topic-5253fb52_ff77_4690_9dfa_179729706dcd-4, groupId=Consumer-topic-5253fb52_ff77_4690_9dfa_179729706dcd] Revoke previously assigned partitions topic-5253fb52_ff77_4690_9dfa_179729706dcd-0
2025-07-31 18:13:49,555 INFO  [org.apa.kaf.cli.con.int.ConsumerCoordinator] (Thread-618) [Consumer clientId=consumer-Consumer-topic-5253fb52_ff77_4690_9dfa_179729706dcd-4, groupId=Consumer-topic-5253fb52_ff77_4690_9dfa_179729706dcd] Member consumer-Consumer-topic-5253fb52_ff77_4690_9dfa_179729706dcd-4-def7d905-3836-4116-befe-fbb4720d1184 sending LeaveGroup request to coordinator localhost:32770 (id: 2147483647 rack: null) due to the consumer is being closed
2025-07-31 18:13:49,558 INFO  [org.apa.kaf.cli.con.int.ConsumerCoordinator] (Thread-618) [Consumer clientId=consumer-Consumer-topic-5253fb52_ff77_4690_9dfa_179729706dcd-4, groupId=Consumer-topic-5253fb52_ff77_4690_9dfa_179729706dcd] Resetting generation and member id due to: consumer pro-actively leaving the group
2025-07-31 18:13:49,558 INFO  [org.apa.kaf.cli.con.int.ConsumerCoordinator] (Thread-618) [Consumer clientId=consumer-Consumer-topic-5253fb52_ff77_4690_9dfa_179729706dcd-4, groupId=Consumer-topic-5253fb52_ff77_4690_9dfa_179729706dcd] Request joining group due to: consumer pro-actively leaving the group
2025-07-31 18:13:50,051 INFO  [org.apa.kaf.com.met.Metrics] (Thread-618) Metrics scheduler closed
2025-07-31 18:13:50,052 INFO  [org.apa.kaf.com.met.Metrics] (Thread-618) Closing reporter org.apache.kafka.common.metrics.JmxReporter
2025-07-31 18:13:50,052 INFO  [org.apa.kaf.com.met.Metrics] (Thread-618) Closing reporter org.apache.kafka.common.telemetry.internals.ClientTelemetryReporter
2025-07-31 18:13:50,052 INFO  [org.apa.kaf.com.met.Metrics] (Thread-618) Metrics reporters closed
2025-07-31 18:13:50,057 INFO  [org.apa.kaf.com.uti.AppInfoParser] (Thread-618) App info kafka.consumer for consumer-Consumer-topic-5253fb52_ff77_4690_9dfa_179729706dcd-4 unregistered
2025-07-31 18:13:50,083 INFO  [io.api.tes.uti.TestSeparator] (main) io.apicurio.tests.serdes.apicurio.AvroSerdeIT.testTopicIdStrategyAutoRegister-FINISHED
2025-07-31 18:13:50,083 INFO  [io.api.tes.uti.TestSeparator] (main) ############################################################################
Test passed: testTopicIdStrategyAutoRegister
]]></system-out>
  </testcase>
  <testcase name="testRecordIdStrategydFindLatest" classname="io.apicurio.tests.serdes.apicurio.AvroSerdeIT" time="1.723">
    <system-out><![CDATA[2025-07-31 18:13:50,085 INFO  [io.api.tes.uti.TestSeparator] (main) ############################################################################
2025-07-31 18:13:50,085 INFO  [io.api.tes.uti.TestSeparator] (main) io.apicurio.tests.serdes.apicurio.AvroSerdeIT.testRecordIdStrategydFindLatest-STARTED
2025-07-31 18:13:50,086 INFO  [io.api.tes.ser.api.AvroSerdeIT] (main) Registering Avro Schema: {"type":"record","name":"s43ef7c06x0586x4d95x8983x26764f207ad9","namespace":"s3b4d5b73x264ex4f86x8096x9a12c1a938a2","fields":[{"name":"key11753985630085","type":"string"}]}
**** Registry Base URL: http://registry-app-postgresql.apps.ci419.apicurio-testing.org:80
2025-07-31 18:13:51,135 INFO  [org.apa.kaf.cli.pro.ProducerConfig] (main) ProducerConfig values: 
	acks = -1
	auto.include.jmx.reporter = true
	batch.size = 16384
	bootstrap.servers = [PLAINTEXT://localhost:32770]
	buffer.memory = 33554432
	client.dns.lookup = use_all_dns_ips
	client.id = Producer-topic-e73e42fe_5898_4e95_b1ae_85085dcecf4e
	compression.gzip.level = -1
	compression.lz4.level = 9
	compression.type = none
	compression.zstd.level = 3
	connections.max.idle.ms = 10000
	delivery.timeout.ms = 120000
	enable.idempotence = true
	enable.metrics.push = true
	interceptor.classes = []
	key.serializer = class org.apache.kafka.common.serialization.StringSerializer
	linger.ms = 0
	max.block.ms = 60000
	max.in.flight.requests.per.connection = 5
	max.request.size = 1048576
	metadata.max.age.ms = 300000
	metadata.max.idle.ms = 300000
	metadata.recovery.strategy = none
	metric.reporters = []
	metrics.num.samples = 2
	metrics.recording.level = INFO
	metrics.sample.window.ms = 30000
	partitioner.adaptive.partitioning.enable = true
	partitioner.availability.timeout.ms = 0
	partitioner.class = null
	partitioner.ignore.keys = false
	receive.buffer.bytes = 32768
	reconnect.backoff.max.ms = 1000
	reconnect.backoff.ms = 50
	request.timeout.ms = 5000
	retries = 2147483647
	retry.backoff.max.ms = 1000
	retry.backoff.ms = 100
	sasl.client.callback.handler.class = null
	sasl.jaas.config = null
	sasl.kerberos.kinit.cmd = /usr/bin/kinit
	sasl.kerberos.min.time.before.relogin = 60000
	sasl.kerberos.service.name = null
	sasl.kerberos.ticket.renew.jitter = 0.05
	sasl.kerberos.ticket.renew.window.factor = 0.8
	sasl.login.callback.handler.class = null
	sasl.login.class = null
	sasl.login.connect.timeout.ms = null
	sasl.login.read.timeout.ms = null
	sasl.login.refresh.buffer.seconds = 300
	sasl.login.refresh.min.period.seconds = 60
	sasl.login.refresh.window.factor = 0.8
	sasl.login.refresh.window.jitter = 0.05
	sasl.login.retry.backoff.max.ms = 10000
	sasl.login.retry.backoff.ms = 100
	sasl.mechanism = GSSAPI
	sasl.oauthbearer.clock.skew.seconds = 30
	sasl.oauthbearer.expected.audience = null
	sasl.oauthbearer.expected.issuer = null
	sasl.oauthbearer.header.urlencode = false
	sasl.oauthbearer.jwks.endpoint.refresh.ms = 3600000
	sasl.oauthbearer.jwks.endpoint.retry.backoff.max.ms = 10000
	sasl.oauthbearer.jwks.endpoint.retry.backoff.ms = 100
	sasl.oauthbearer.jwks.endpoint.url = null
	sasl.oauthbearer.scope.claim.name = scope
	sasl.oauthbearer.sub.claim.name = sub
	sasl.oauthbearer.token.endpoint.url = null
	security.protocol = PLAINTEXT
	security.providers = null
	send.buffer.bytes = 131072
	socket.connection.setup.timeout.max.ms = 30000
	socket.connection.setup.timeout.ms = 10000
	ssl.cipher.suites = null
	ssl.enabled.protocols = [TLSv1.2, TLSv1.3]
	ssl.endpoint.identification.algorithm = https
	ssl.engine.factory.class = null
	ssl.key.password = null
	ssl.keymanager.algorithm = SunX509
	ssl.keystore.certificate.chain = null
	ssl.keystore.key = null
	ssl.keystore.location = null
	ssl.keystore.password = null
	ssl.keystore.type = JKS
	ssl.protocol = TLSv1.3
	ssl.provider = null
	ssl.secure.random.implementation = null
	ssl.trustmanager.algorithm = PKIX
	ssl.truststore.certificates = null
	ssl.truststore.location = null
	ssl.truststore.password = null
	ssl.truststore.type = JKS
	transaction.timeout.ms = 60000
	transactional.id = null
	value.serializer = class io.apicurio.registry.serde.avro.AvroKafkaSerializer

2025-07-31 18:13:51,136 INFO  [org.apa.kaf.com.tel.int.KafkaMetricsCollector] (main) initializing Kafka metrics collector
2025-07-31 18:13:51,140 INFO  [org.apa.kaf.cli.pro.KafkaProducer] (main) [Producer clientId=Producer-topic-e73e42fe_5898_4e95_b1ae_85085dcecf4e] Instantiated an idempotent producer.
2025-07-31 18:13:51,143 INFO  [org.apa.kaf.cli.pro.ProducerConfig] (main) These configurations '[apicurio.registry.find-latest, apicurio.registry.url, apicurio.registry.artifact-resolver-strategy]' were supplied but are not used yet.
2025-07-31 18:13:51,143 INFO  [org.apa.kaf.com.uti.AppInfoParser] (main) Kafka version: 3.9.1
2025-07-31 18:13:51,143 INFO  [org.apa.kaf.com.uti.AppInfoParser] (main) Kafka commitId: f745dfdcee2b9851
2025-07-31 18:13:51,143 INFO  [org.apa.kaf.com.uti.AppInfoParser] (main) Kafka startTimeMs: 1753985631143
2025-07-31 18:13:51,143 INFO  [io.api.tes.ser.api.SimpleSerdesTesterBuilder$SimpleSerdesTester] (main) Using producer configuration: {apicurio.registry.find-latest=true, apicurio.registry.url=http://registry-app-postgresql.apps.ci419.apicurio-testing.org:80/apis/registry/v3, apicurio.registry.artifact-resolver-strategy=io.apicurio.registry.serde.avro.strategy.RecordIdStrategy, value.serializer=io.apicurio.registry.serde.avro.AvroKafkaSerializer, request.timeout.ms=5000, acks=all, bootstrap.servers=PLAINTEXT://localhost:32770, connections.max.idle.ms=10000, key.serializer=org.apache.kafka.common.serialization.StringSerializer, client.id=Producer-topic-e73e42fe_5898_4e95_b1ae_85085dcecf4e}
2025-07-31 18:13:51,143 INFO  [io.api.tes.ser.api.SimpleSerdesTesterBuilder$SimpleSerdesTester] (main) Using consumer configuration: {}
2025-07-31 18:13:51,145 INFO  [io.api.tes.ser.api.KafkaSerdesTester] (Thread-621) Sending message {"key11753985630085": "value-0"} to topic topic-e73e42fe_5898_4e95_b1ae_85085dcecf4e
2025-07-31 18:13:51,153 INFO  [org.apa.kaf.cli.Metadata] (kafka-producer-network-thread | Producer-topic-e73e42fe_5898_4e95_b1ae_85085dcecf4e) [Producer clientId=Producer-topic-e73e42fe_5898_4e95_b1ae_85085dcecf4e] Cluster ID: UuE4P2bBQU2_qF9DHmdGkA
2025-07-31 18:13:51,154 INFO  [org.apa.kaf.cli.pro.int.TransactionManager] (kafka-producer-network-thread | Producer-topic-e73e42fe_5898_4e95_b1ae_85085dcecf4e) [Producer clientId=Producer-topic-e73e42fe_5898_4e95_b1ae_85085dcecf4e] ProducerId set to 5 with epoch 0
2025-07-31 18:13:51,208 INFO  [io.api.tes.ser.api.KafkaSerdesTester] (Thread-621) Sending message {"key11753985630085": "value-1"} to topic topic-e73e42fe_5898_4e95_b1ae_85085dcecf4e
2025-07-31 18:13:51,210 INFO  [io.api.tes.ser.api.KafkaSerdesTester] (Thread-621) Sending message {"key11753985630085": "value-2"} to topic topic-e73e42fe_5898_4e95_b1ae_85085dcecf4e
2025-07-31 18:13:51,213 INFO  [io.api.tes.ser.api.KafkaSerdesTester] (Thread-621) Sending message {"key11753985630085": "value-3"} to topic topic-e73e42fe_5898_4e95_b1ae_85085dcecf4e
2025-07-31 18:13:51,215 INFO  [io.api.tes.ser.api.KafkaSerdesTester] (Thread-621) Sending message {"key11753985630085": "value-4"} to topic topic-e73e42fe_5898_4e95_b1ae_85085dcecf4e
2025-07-31 18:13:51,216 INFO  [io.api.tes.ser.api.KafkaSerdesTester] (Thread-621) Sending message {"key11753985630085": "value-5"} to topic topic-e73e42fe_5898_4e95_b1ae_85085dcecf4e
2025-07-31 18:13:51,218 INFO  [io.api.tes.ser.api.KafkaSerdesTester] (Thread-621) Sending message {"key11753985630085": "value-6"} to topic topic-e73e42fe_5898_4e95_b1ae_85085dcecf4e
2025-07-31 18:13:51,221 INFO  [io.api.tes.ser.api.KafkaSerdesTester] (Thread-621) Sending message {"key11753985630085": "value-7"} to topic topic-e73e42fe_5898_4e95_b1ae_85085dcecf4e
2025-07-31 18:13:51,222 INFO  [io.api.tes.ser.api.KafkaSerdesTester] (Thread-621) Sending message {"key11753985630085": "value-8"} to topic topic-e73e42fe_5898_4e95_b1ae_85085dcecf4e
2025-07-31 18:13:51,224 INFO  [io.api.tes.ser.api.KafkaSerdesTester] (Thread-621) Sending message {"key11753985630085": "value-9"} to topic topic-e73e42fe_5898_4e95_b1ae_85085dcecf4e
2025-07-31 18:13:51,227 INFO  [io.api.tes.ser.api.KafkaSerdesTester] (Thread-621) Produced 10 messages
2025-07-31 18:13:51,228 INFO  [org.apa.kaf.cli.pro.KafkaProducer] (Thread-621) [Producer clientId=Producer-topic-e73e42fe_5898_4e95_b1ae_85085dcecf4e] Closing the Kafka producer with timeoutMillis = 9223372036854775807 ms.
2025-07-31 18:13:51,231 INFO  [org.apa.kaf.com.met.Metrics] (Thread-621) Metrics scheduler closed
2025-07-31 18:13:51,231 INFO  [org.apa.kaf.com.met.Metrics] (Thread-621) Closing reporter org.apache.kafka.common.metrics.JmxReporter
2025-07-31 18:13:51,231 INFO  [org.apa.kaf.com.met.Metrics] (Thread-621) Closing reporter org.apache.kafka.common.telemetry.internals.ClientTelemetryReporter
2025-07-31 18:13:51,231 INFO  [org.apa.kaf.com.met.Metrics] (Thread-621) Metrics reporters closed
2025-07-31 18:13:51,232 INFO  [org.apa.kaf.com.uti.AppInfoParser] (Thread-621) App info kafka.producer for Producer-topic-e73e42fe_5898_4e95_b1ae_85085dcecf4e unregistered
**** Registry Base URL: http://registry-app-postgresql.apps.ci419.apicurio-testing.org:80
2025-07-31 18:13:51,233 INFO  [org.apa.kaf.cli.con.ConsumerConfig] (main) ConsumerConfig values: 
	allow.auto.create.topics = true
	auto.commit.interval.ms = 500
	auto.include.jmx.reporter = true
	auto.offset.reset = earliest
	bootstrap.servers = [PLAINTEXT://localhost:32770]
	check.crcs = true
	client.dns.lookup = use_all_dns_ips
	client.id = consumer-Consumer-topic-e73e42fe_5898_4e95_b1ae_85085dcecf4e-5
	client.rack = 
	connections.max.idle.ms = 10000
	default.api.timeout.ms = 60000
	enable.auto.commit = true
	enable.metrics.push = true
	exclude.internal.topics = true
	fetch.max.bytes = 52428800
	fetch.max.wait.ms = 500
	fetch.min.bytes = 1
	group.id = Consumer-topic-e73e42fe_5898_4e95_b1ae_85085dcecf4e
	group.instance.id = null
	group.protocol = classic
	group.remote.assignor = null
	heartbeat.interval.ms = 3000
	interceptor.classes = []
	internal.leave.group.on.close = true
	internal.throw.on.fetch.stable.offset.unsupported = false
	isolation.level = read_uncommitted
	key.deserializer = class org.apache.kafka.common.serialization.StringDeserializer
	max.partition.fetch.bytes = 1048576
	max.poll.interval.ms = 300000
	max.poll.records = 500
	metadata.max.age.ms = 300000
	metadata.recovery.strategy = none
	metric.reporters = []
	metrics.num.samples = 2
	metrics.recording.level = INFO
	metrics.sample.window.ms = 30000
	partition.assignment.strategy = [class org.apache.kafka.clients.consumer.RangeAssignor, class org.apache.kafka.clients.consumer.CooperativeStickyAssignor]
	receive.buffer.bytes = 65536
	reconnect.backoff.max.ms = 1000
	reconnect.backoff.ms = 50
	request.timeout.ms = 5000
	retry.backoff.max.ms = 1000
	retry.backoff.ms = 100
	sasl.client.callback.handler.class = null
	sasl.jaas.config = null
	sasl.kerberos.kinit.cmd = /usr/bin/kinit
	sasl.kerberos.min.time.before.relogin = 60000
	sasl.kerberos.service.name = null
	sasl.kerberos.ticket.renew.jitter = 0.05
	sasl.kerberos.ticket.renew.window.factor = 0.8
	sasl.login.callback.handler.class = null
	sasl.login.class = null
	sasl.login.connect.timeout.ms = null
	sasl.login.read.timeout.ms = null
	sasl.login.refresh.buffer.seconds = 300
	sasl.login.refresh.min.period.seconds = 60
	sasl.login.refresh.window.factor = 0.8
	sasl.login.refresh.window.jitter = 0.05
	sasl.login.retry.backoff.max.ms = 10000
	sasl.login.retry.backoff.ms = 100
	sasl.mechanism = GSSAPI
	sasl.oauthbearer.clock.skew.seconds = 30
	sasl.oauthbearer.expected.audience = null
	sasl.oauthbearer.expected.issuer = null
	sasl.oauthbearer.header.urlencode = false
	sasl.oauthbearer.jwks.endpoint.refresh.ms = 3600000
	sasl.oauthbearer.jwks.endpoint.retry.backoff.max.ms = 10000
	sasl.oauthbearer.jwks.endpoint.retry.backoff.ms = 100
	sasl.oauthbearer.jwks.endpoint.url = null
	sasl.oauthbearer.scope.claim.name = scope
	sasl.oauthbearer.sub.claim.name = sub
	sasl.oauthbearer.token.endpoint.url = null
	security.protocol = PLAINTEXT
	security.providers = null
	send.buffer.bytes = 131072
	session.timeout.ms = 45000
	socket.connection.setup.timeout.max.ms = 30000
	socket.connection.setup.timeout.ms = 10000
	ssl.cipher.suites = null
	ssl.enabled.protocols = [TLSv1.2, TLSv1.3]
	ssl.endpoint.identification.algorithm = https
	ssl.engine.factory.class = null
	ssl.key.password = null
	ssl.keymanager.algorithm = SunX509
	ssl.keystore.certificate.chain = null
	ssl.keystore.key = null
	ssl.keystore.location = null
	ssl.keystore.password = null
	ssl.keystore.type = JKS
	ssl.protocol = TLSv1.3
	ssl.provider = null
	ssl.secure.random.implementation = null
	ssl.trustmanager.algorithm = PKIX
	ssl.truststore.certificates = null
	ssl.truststore.location = null
	ssl.truststore.password = null
	ssl.truststore.type = JKS
	value.deserializer = class io.apicurio.registry.serde.avro.AvroKafkaDeserializer

2025-07-31 18:13:51,234 INFO  [org.apa.kaf.com.tel.int.KafkaMetricsCollector] (main) initializing Kafka metrics collector
2025-07-31 18:13:51,241 INFO  [org.apa.kaf.cli.con.ConsumerConfig] (main) These configurations '[apicurio.registry.url]' were supplied but are not used yet.
2025-07-31 18:13:51,241 INFO  [org.apa.kaf.com.uti.AppInfoParser] (main) Kafka version: 3.9.1
2025-07-31 18:13:51,241 INFO  [org.apa.kaf.com.uti.AppInfoParser] (main) Kafka commitId: f745dfdcee2b9851
2025-07-31 18:13:51,241 INFO  [org.apa.kaf.com.uti.AppInfoParser] (main) Kafka startTimeMs: 1753985631241
2025-07-31 18:13:51,241 INFO  [org.apa.kaf.cli.con.int.ClassicKafkaConsumer] (Thread-624) [Consumer clientId=consumer-Consumer-topic-e73e42fe_5898_4e95_b1ae_85085dcecf4e-5, groupId=Consumer-topic-e73e42fe_5898_4e95_b1ae_85085dcecf4e] Subscribed to topic(s): topic-e73e42fe_5898_4e95_b1ae_85085dcecf4e
2025-07-31 18:13:51,247 INFO  [org.apa.kaf.cli.Metadata] (Thread-624) [Consumer clientId=consumer-Consumer-topic-e73e42fe_5898_4e95_b1ae_85085dcecf4e-5, groupId=Consumer-topic-e73e42fe_5898_4e95_b1ae_85085dcecf4e] Cluster ID: UuE4P2bBQU2_qF9DHmdGkA
2025-07-31 18:13:51,248 INFO  [org.apa.kaf.cli.con.int.ConsumerCoordinator] (Thread-624) [Consumer clientId=consumer-Consumer-topic-e73e42fe_5898_4e95_b1ae_85085dcecf4e-5, groupId=Consumer-topic-e73e42fe_5898_4e95_b1ae_85085dcecf4e] Discovered group coordinator localhost:32770 (id: 2147483647 rack: null)
2025-07-31 18:13:51,250 INFO  [org.apa.kaf.cli.con.int.ConsumerCoordinator] (Thread-624) [Consumer clientId=consumer-Consumer-topic-e73e42fe_5898_4e95_b1ae_85085dcecf4e-5, groupId=Consumer-topic-e73e42fe_5898_4e95_b1ae_85085dcecf4e] (Re-)joining group
2025-07-31 18:13:51,254 INFO  [org.apa.kaf.cli.con.int.ConsumerCoordinator] (Thread-624) [Consumer clientId=consumer-Consumer-topic-e73e42fe_5898_4e95_b1ae_85085dcecf4e-5, groupId=Consumer-topic-e73e42fe_5898_4e95_b1ae_85085dcecf4e] Request joining group due to: need to re-join with the given member-id: consumer-Consumer-topic-e73e42fe_5898_4e95_b1ae_85085dcecf4e-5-155a0786-9fd6-4ae3-9832-6f201b570968
2025-07-31 18:13:51,255 INFO  [org.apa.kaf.cli.con.int.ConsumerCoordinator] (Thread-624) [Consumer clientId=consumer-Consumer-topic-e73e42fe_5898_4e95_b1ae_85085dcecf4e-5, groupId=Consumer-topic-e73e42fe_5898_4e95_b1ae_85085dcecf4e] (Re-)joining group
2025-07-31 18:13:51,257 INFO  [org.apa.kaf.cli.con.int.ConsumerCoordinator] (Thread-624) [Consumer clientId=consumer-Consumer-topic-e73e42fe_5898_4e95_b1ae_85085dcecf4e-5, groupId=Consumer-topic-e73e42fe_5898_4e95_b1ae_85085dcecf4e] Successfully joined group with generation Generation{generationId=1, memberId='consumer-Consumer-topic-e73e42fe_5898_4e95_b1ae_85085dcecf4e-5-155a0786-9fd6-4ae3-9832-6f201b570968', protocol='range'}
2025-07-31 18:13:51,258 INFO  [org.apa.kaf.cli.con.int.ConsumerCoordinator] (Thread-624) [Consumer clientId=consumer-Consumer-topic-e73e42fe_5898_4e95_b1ae_85085dcecf4e-5, groupId=Consumer-topic-e73e42fe_5898_4e95_b1ae_85085dcecf4e] Finished assignment for group at generation 1: {consumer-Consumer-topic-e73e42fe_5898_4e95_b1ae_85085dcecf4e-5-155a0786-9fd6-4ae3-9832-6f201b570968=Assignment(partitions=[topic-e73e42fe_5898_4e95_b1ae_85085dcecf4e-0])}
2025-07-31 18:13:51,261 INFO  [org.apa.kaf.cli.con.int.ConsumerCoordinator] (Thread-624) [Consumer clientId=consumer-Consumer-topic-e73e42fe_5898_4e95_b1ae_85085dcecf4e-5, groupId=Consumer-topic-e73e42fe_5898_4e95_b1ae_85085dcecf4e] Successfully synced group in generation Generation{generationId=1, memberId='consumer-Consumer-topic-e73e42fe_5898_4e95_b1ae_85085dcecf4e-5-155a0786-9fd6-4ae3-9832-6f201b570968', protocol='range'}
2025-07-31 18:13:51,261 INFO  [org.apa.kaf.cli.con.int.ConsumerCoordinator] (Thread-624) [Consumer clientId=consumer-Consumer-topic-e73e42fe_5898_4e95_b1ae_85085dcecf4e-5, groupId=Consumer-topic-e73e42fe_5898_4e95_b1ae_85085dcecf4e] Notifying assignor about the new Assignment(partitions=[topic-e73e42fe_5898_4e95_b1ae_85085dcecf4e-0])
2025-07-31 18:13:51,261 INFO  [org.apa.kaf.cli.con.int.ConsumerRebalanceListenerInvoker] (Thread-624) [Consumer clientId=consumer-Consumer-topic-e73e42fe_5898_4e95_b1ae_85085dcecf4e-5, groupId=Consumer-topic-e73e42fe_5898_4e95_b1ae_85085dcecf4e] Adding newly assigned partitions: topic-e73e42fe_5898_4e95_b1ae_85085dcecf4e-0
2025-07-31 18:13:51,262 INFO  [org.apa.kaf.cli.con.int.ConsumerCoordinator] (Thread-624) [Consumer clientId=consumer-Consumer-topic-e73e42fe_5898_4e95_b1ae_85085dcecf4e-5, groupId=Consumer-topic-e73e42fe_5898_4e95_b1ae_85085dcecf4e] Found no committed offset for partition topic-e73e42fe_5898_4e95_b1ae_85085dcecf4e-0
2025-07-31 18:13:51,267 INFO  [org.apa.kaf.cli.con.int.SubscriptionState] (Thread-624) [Consumer clientId=consumer-Consumer-topic-e73e42fe_5898_4e95_b1ae_85085dcecf4e-5, groupId=Consumer-topic-e73e42fe_5898_4e95_b1ae_85085dcecf4e] Resetting offset for partition topic-e73e42fe_5898_4e95_b1ae_85085dcecf4e-0 to position FetchPosition{offset=0, offsetEpoch=Optional.empty, currentLeader=LeaderAndEpoch{leader=Optional[localhost:32770 (id: 0 rack: null)], epoch=0}}.
2025-07-31 18:13:51,300 INFO  [io.api.tes.ser.api.KafkaSerdesTester] (Thread-624) topic-e73e42fe_5898_4e95_b1ae_85085dcecf4e 0 0 {"key11753985630085": "value-0"}
2025-07-31 18:13:51,301 INFO  [io.api.tes.ser.api.KafkaSerdesTester] (Thread-624) topic-e73e42fe_5898_4e95_b1ae_85085dcecf4e 0 1 {"key11753985630085": "value-1"}
2025-07-31 18:13:51,301 INFO  [io.api.tes.ser.api.KafkaSerdesTester] (Thread-624) topic-e73e42fe_5898_4e95_b1ae_85085dcecf4e 0 2 {"key11753985630085": "value-2"}
2025-07-31 18:13:51,301 INFO  [io.api.tes.ser.api.KafkaSerdesTester] (Thread-624) topic-e73e42fe_5898_4e95_b1ae_85085dcecf4e 0 3 {"key11753985630085": "value-3"}
2025-07-31 18:13:51,301 INFO  [io.api.tes.ser.api.KafkaSerdesTester] (Thread-624) topic-e73e42fe_5898_4e95_b1ae_85085dcecf4e 0 4 {"key11753985630085": "value-4"}
2025-07-31 18:13:51,301 INFO  [io.api.tes.ser.api.KafkaSerdesTester] (Thread-624) topic-e73e42fe_5898_4e95_b1ae_85085dcecf4e 0 5 {"key11753985630085": "value-5"}
2025-07-31 18:13:51,301 INFO  [io.api.tes.ser.api.KafkaSerdesTester] (Thread-624) topic-e73e42fe_5898_4e95_b1ae_85085dcecf4e 0 6 {"key11753985630085": "value-6"}
2025-07-31 18:13:51,301 INFO  [io.api.tes.ser.api.KafkaSerdesTester] (Thread-624) topic-e73e42fe_5898_4e95_b1ae_85085dcecf4e 0 7 {"key11753985630085": "value-7"}
2025-07-31 18:13:51,301 INFO  [io.api.tes.ser.api.KafkaSerdesTester] (Thread-624) topic-e73e42fe_5898_4e95_b1ae_85085dcecf4e 0 8 {"key11753985630085": "value-8"}
2025-07-31 18:13:51,301 INFO  [io.api.tes.ser.api.KafkaSerdesTester] (Thread-624) topic-e73e42fe_5898_4e95_b1ae_85085dcecf4e 0 9 {"key11753985630085": "value-9"}
2025-07-31 18:13:51,301 INFO  [io.api.tes.ser.api.KafkaSerdesTester] (Thread-624) Consumed 10 messages
2025-07-31 18:13:51,305 INFO  [org.apa.kaf.cli.con.int.ConsumerRebalanceListenerInvoker] (Thread-624) [Consumer clientId=consumer-Consumer-topic-e73e42fe_5898_4e95_b1ae_85085dcecf4e-5, groupId=Consumer-topic-e73e42fe_5898_4e95_b1ae_85085dcecf4e] Revoke previously assigned partitions topic-e73e42fe_5898_4e95_b1ae_85085dcecf4e-0
2025-07-31 18:13:51,305 INFO  [org.apa.kaf.cli.con.int.ConsumerCoordinator] (Thread-624) [Consumer clientId=consumer-Consumer-topic-e73e42fe_5898_4e95_b1ae_85085dcecf4e-5, groupId=Consumer-topic-e73e42fe_5898_4e95_b1ae_85085dcecf4e] Member consumer-Consumer-topic-e73e42fe_5898_4e95_b1ae_85085dcecf4e-5-155a0786-9fd6-4ae3-9832-6f201b570968 sending LeaveGroup request to coordinator localhost:32770 (id: 2147483647 rack: null) due to the consumer is being closed
2025-07-31 18:13:51,308 INFO  [org.apa.kaf.cli.con.int.ConsumerCoordinator] (Thread-624) [Consumer clientId=consumer-Consumer-topic-e73e42fe_5898_4e95_b1ae_85085dcecf4e-5, groupId=Consumer-topic-e73e42fe_5898_4e95_b1ae_85085dcecf4e] Resetting generation and member id due to: consumer pro-actively leaving the group
2025-07-31 18:13:51,308 INFO  [org.apa.kaf.cli.con.int.ConsumerCoordinator] (Thread-624) [Consumer clientId=consumer-Consumer-topic-e73e42fe_5898_4e95_b1ae_85085dcecf4e-5, groupId=Consumer-topic-e73e42fe_5898_4e95_b1ae_85085dcecf4e] Request joining group due to: consumer pro-actively leaving the group
2025-07-31 18:13:51,801 INFO  [org.apa.kaf.com.met.Metrics] (Thread-624) Metrics scheduler closed
2025-07-31 18:13:51,802 INFO  [org.apa.kaf.com.met.Metrics] (Thread-624) Closing reporter org.apache.kafka.common.metrics.JmxReporter
2025-07-31 18:13:51,802 INFO  [org.apa.kaf.com.met.Metrics] (Thread-624) Closing reporter org.apache.kafka.common.telemetry.internals.ClientTelemetryReporter
2025-07-31 18:13:51,802 INFO  [org.apa.kaf.com.met.Metrics] (Thread-624) Metrics reporters closed
2025-07-31 18:13:51,806 INFO  [org.apa.kaf.com.uti.AppInfoParser] (Thread-624) App info kafka.consumer for consumer-Consumer-topic-e73e42fe_5898_4e95_b1ae_85085dcecf4e-5 unregistered
2025-07-31 18:13:51,807 INFO  [io.api.tes.uti.TestSeparator] (main) io.apicurio.tests.serdes.apicurio.AvroSerdeIT.testRecordIdStrategydFindLatest-FINISHED
2025-07-31 18:13:51,807 INFO  [io.api.tes.uti.TestSeparator] (main) ############################################################################
Test passed: testRecordIdStrategydFindLatest
]]></system-out>
  </testcase>
  <testcase name="testReflectAutoRegister" classname="io.apicurio.tests.serdes.apicurio.AvroSerdeIT" time="0.863">
    <system-out><![CDATA[2025-07-31 18:13:51,812 INFO  [io.api.tes.uti.TestSeparator] (main) ############################################################################
2025-07-31 18:13:51,812 INFO  [io.api.tes.uti.TestSeparator] (main) io.apicurio.tests.serdes.apicurio.AvroSerdeIT.testReflectAutoRegister-STARTED
**** Registry Base URL: http://registry-app-postgresql.apps.ci419.apicurio-testing.org:80
2025-07-31 18:13:51,819 INFO  [org.apa.kaf.cli.pro.ProducerConfig] (main) ProducerConfig values: 
	acks = -1
	auto.include.jmx.reporter = true
	batch.size = 16384
	bootstrap.servers = [PLAINTEXT://localhost:32770]
	buffer.memory = 33554432
	client.dns.lookup = use_all_dns_ips
	client.id = Producer-topic-8cfa329e_85c7_44b2_98ee_127f76cb1901
	compression.gzip.level = -1
	compression.lz4.level = 9
	compression.type = none
	compression.zstd.level = 3
	connections.max.idle.ms = 10000
	delivery.timeout.ms = 120000
	enable.idempotence = true
	enable.metrics.push = true
	interceptor.classes = []
	key.serializer = class org.apache.kafka.common.serialization.StringSerializer
	linger.ms = 0
	max.block.ms = 60000
	max.in.flight.requests.per.connection = 5
	max.request.size = 1048576
	metadata.max.age.ms = 300000
	metadata.max.idle.ms = 300000
	metadata.recovery.strategy = none
	metric.reporters = []
	metrics.num.samples = 2
	metrics.recording.level = INFO
	metrics.sample.window.ms = 30000
	partitioner.adaptive.partitioning.enable = true
	partitioner.availability.timeout.ms = 0
	partitioner.class = null
	partitioner.ignore.keys = false
	receive.buffer.bytes = 32768
	reconnect.backoff.max.ms = 1000
	reconnect.backoff.ms = 50
	request.timeout.ms = 5000
	retries = 2147483647
	retry.backoff.max.ms = 1000
	retry.backoff.ms = 100
	sasl.client.callback.handler.class = null
	sasl.jaas.config = null
	sasl.kerberos.kinit.cmd = /usr/bin/kinit
	sasl.kerberos.min.time.before.relogin = 60000
	sasl.kerberos.service.name = null
	sasl.kerberos.ticket.renew.jitter = 0.05
	sasl.kerberos.ticket.renew.window.factor = 0.8
	sasl.login.callback.handler.class = null
	sasl.login.class = null
	sasl.login.connect.timeout.ms = null
	sasl.login.read.timeout.ms = null
	sasl.login.refresh.buffer.seconds = 300
	sasl.login.refresh.min.period.seconds = 60
	sasl.login.refresh.window.factor = 0.8
	sasl.login.refresh.window.jitter = 0.05
	sasl.login.retry.backoff.max.ms = 10000
	sasl.login.retry.backoff.ms = 100
	sasl.mechanism = GSSAPI
	sasl.oauthbearer.clock.skew.seconds = 30
	sasl.oauthbearer.expected.audience = null
	sasl.oauthbearer.expected.issuer = null
	sasl.oauthbearer.header.urlencode = false
	sasl.oauthbearer.jwks.endpoint.refresh.ms = 3600000
	sasl.oauthbearer.jwks.endpoint.retry.backoff.max.ms = 10000
	sasl.oauthbearer.jwks.endpoint.retry.backoff.ms = 100
	sasl.oauthbearer.jwks.endpoint.url = null
	sasl.oauthbearer.scope.claim.name = scope
	sasl.oauthbearer.sub.claim.name = sub
	sasl.oauthbearer.token.endpoint.url = null
	security.protocol = PLAINTEXT
	security.providers = null
	send.buffer.bytes = 131072
	socket.connection.setup.timeout.max.ms = 30000
	socket.connection.setup.timeout.ms = 10000
	ssl.cipher.suites = null
	ssl.enabled.protocols = [TLSv1.2, TLSv1.3]
	ssl.endpoint.identification.algorithm = https
	ssl.engine.factory.class = null
	ssl.key.password = null
	ssl.keymanager.algorithm = SunX509
	ssl.keystore.certificate.chain = null
	ssl.keystore.key = null
	ssl.keystore.location = null
	ssl.keystore.password = null
	ssl.keystore.type = JKS
	ssl.protocol = TLSv1.3
	ssl.provider = null
	ssl.secure.random.implementation = null
	ssl.trustmanager.algorithm = PKIX
	ssl.truststore.certificates = null
	ssl.truststore.location = null
	ssl.truststore.password = null
	ssl.truststore.type = JKS
	transaction.timeout.ms = 60000
	transactional.id = null
	value.serializer = class io.apicurio.registry.serde.avro.AvroKafkaSerializer

2025-07-31 18:13:51,821 INFO  [org.apa.kaf.com.tel.int.KafkaMetricsCollector] (main) initializing Kafka metrics collector
2025-07-31 18:13:51,836 INFO  [org.apa.kaf.cli.pro.KafkaProducer] (main) [Producer clientId=Producer-topic-8cfa329e_85c7_44b2_98ee_127f76cb1901] Instantiated an idempotent producer.
2025-07-31 18:13:51,841 INFO  [org.apa.kaf.cli.pro.ProducerConfig] (main) These configurations '[apicurio.registry.url, apicurio.registry.auto-register, apicurio.registry.artifact-resolver-strategy, apicurio.registry.avro-datum-provider]' were supplied but are not used yet.
2025-07-31 18:13:51,841 INFO  [org.apa.kaf.com.uti.AppInfoParser] (main) Kafka version: 3.9.1
2025-07-31 18:13:51,841 INFO  [org.apa.kaf.com.uti.AppInfoParser] (main) Kafka commitId: f745dfdcee2b9851
2025-07-31 18:13:51,842 INFO  [org.apa.kaf.com.uti.AppInfoParser] (main) Kafka startTimeMs: 1753985631841
2025-07-31 18:13:51,842 INFO  [io.api.tes.ser.api.SimpleSerdesTesterBuilder$SimpleSerdesTester] (main) Using producer configuration: {apicurio.registry.url=http://registry-app-postgresql.apps.ci419.apicurio-testing.org:80/apis/registry/v3, apicurio.registry.auto-register=true, apicurio.registry.artifact-resolver-strategy=io.apicurio.registry.serde.strategy.TopicIdStrategy, value.serializer=io.apicurio.registry.serde.avro.AvroKafkaSerializer, request.timeout.ms=5000, acks=all, bootstrap.servers=PLAINTEXT://localhost:32770, connections.max.idle.ms=10000, key.serializer=org.apache.kafka.common.serialization.StringSerializer, apicurio.registry.avro-datum-provider=io.apicurio.registry.serde.avro.ReflectAvroDatumProvider, client.id=Producer-topic-8cfa329e_85c7_44b2_98ee_127f76cb1901}
2025-07-31 18:13:51,842 INFO  [io.api.tes.ser.api.SimpleSerdesTesterBuilder$SimpleSerdesTester] (main) Using consumer configuration: {apicurio.registry.avro-datum-provider=io.apicurio.registry.serde.avro.ReflectAvroDatumProvider}
2025-07-31 18:13:51,848 INFO  [io.api.tes.ser.api.KafkaSerdesTester] (Thread-627) Sending message io.apicurio.tests.common.serdes.TestObject@3dbd29cb to topic topic-8cfa329e_85c7_44b2_98ee_127f76cb1901
2025-07-31 18:13:51,849 INFO  [org.apa.kaf.cli.Metadata] (kafka-producer-network-thread | Producer-topic-8cfa329e_85c7_44b2_98ee_127f76cb1901) [Producer clientId=Producer-topic-8cfa329e_85c7_44b2_98ee_127f76cb1901] Cluster ID: UuE4P2bBQU2_qF9DHmdGkA
2025-07-31 18:13:51,852 INFO  [org.apa.kaf.cli.pro.int.TransactionManager] (kafka-producer-network-thread | Producer-topic-8cfa329e_85c7_44b2_98ee_127f76cb1901) [Producer clientId=Producer-topic-8cfa329e_85c7_44b2_98ee_127f76cb1901] ProducerId set to 6 with epoch 0
2025-07-31 18:13:51,857 WARN  [org.apa.kaf.cli.NetworkClient] (kafka-producer-network-thread | Producer-topic-8cfa329e_85c7_44b2_98ee_127f76cb1901) [Producer clientId=Producer-topic-8cfa329e_85c7_44b2_98ee_127f76cb1901] The metadata response from the cluster reported a recoverable issue with correlation id 7 : {topic-8cfa329e_85c7_44b2_98ee_127f76cb1901=LEADER_NOT_AVAILABLE}
2025-07-31 18:13:52,026 INFO  [io.api.tes.ser.api.KafkaSerdesTester] (Thread-627) Sending message io.apicurio.tests.common.serdes.TestObject@3dbd29cb to topic topic-8cfa329e_85c7_44b2_98ee_127f76cb1901
2025-07-31 18:13:52,028 INFO  [io.api.tes.ser.api.KafkaSerdesTester] (Thread-627) Sending message io.apicurio.tests.common.serdes.TestObject@3dbd29cb to topic topic-8cfa329e_85c7_44b2_98ee_127f76cb1901
2025-07-31 18:13:52,031 INFO  [io.api.tes.ser.api.KafkaSerdesTester] (Thread-627) Sending message io.apicurio.tests.common.serdes.TestObject@3dbd29cb to topic topic-8cfa329e_85c7_44b2_98ee_127f76cb1901
2025-07-31 18:13:52,033 INFO  [io.api.tes.ser.api.KafkaSerdesTester] (Thread-627) Sending message io.apicurio.tests.common.serdes.TestObject@3dbd29cb to topic topic-8cfa329e_85c7_44b2_98ee_127f76cb1901
2025-07-31 18:13:52,037 INFO  [io.api.tes.ser.api.KafkaSerdesTester] (Thread-627) Sending message io.apicurio.tests.common.serdes.TestObject@3dbd29cb to topic topic-8cfa329e_85c7_44b2_98ee_127f76cb1901
2025-07-31 18:13:52,040 INFO  [io.api.tes.ser.api.KafkaSerdesTester] (Thread-627) Sending message io.apicurio.tests.common.serdes.TestObject@3dbd29cb to topic topic-8cfa329e_85c7_44b2_98ee_127f76cb1901
2025-07-31 18:13:52,042 INFO  [io.api.tes.ser.api.KafkaSerdesTester] (Thread-627) Sending message io.apicurio.tests.common.serdes.TestObject@3dbd29cb to topic topic-8cfa329e_85c7_44b2_98ee_127f76cb1901
2025-07-31 18:13:52,045 INFO  [io.api.tes.ser.api.KafkaSerdesTester] (Thread-627) Sending message io.apicurio.tests.common.serdes.TestObject@3dbd29cb to topic topic-8cfa329e_85c7_44b2_98ee_127f76cb1901
2025-07-31 18:13:52,050 INFO  [io.api.tes.ser.api.KafkaSerdesTester] (Thread-627) Sending message io.apicurio.tests.common.serdes.TestObject@3dbd29cb to topic topic-8cfa329e_85c7_44b2_98ee_127f76cb1901
2025-07-31 18:13:52,054 INFO  [io.api.tes.ser.api.KafkaSerdesTester] (Thread-627) Produced 10 messages
2025-07-31 18:13:52,055 INFO  [org.apa.kaf.cli.pro.KafkaProducer] (Thread-627) [Producer clientId=Producer-topic-8cfa329e_85c7_44b2_98ee_127f76cb1901] Closing the Kafka producer with timeoutMillis = 9223372036854775807 ms.
2025-07-31 18:13:52,057 INFO  [org.apa.kaf.com.met.Metrics] (Thread-627) Metrics scheduler closed
2025-07-31 18:13:52,057 INFO  [org.apa.kaf.com.met.Metrics] (Thread-627) Closing reporter org.apache.kafka.common.metrics.JmxReporter
2025-07-31 18:13:52,057 INFO  [org.apa.kaf.com.met.Metrics] (Thread-627) Closing reporter org.apache.kafka.common.telemetry.internals.ClientTelemetryReporter
2025-07-31 18:13:52,057 INFO  [org.apa.kaf.com.met.Metrics] (Thread-627) Metrics reporters closed
2025-07-31 18:13:52,057 INFO  [org.apa.kaf.com.uti.AppInfoParser] (Thread-627) App info kafka.producer for Producer-topic-8cfa329e_85c7_44b2_98ee_127f76cb1901 unregistered
**** Registry Base URL: http://registry-app-postgresql.apps.ci419.apicurio-testing.org:80
2025-07-31 18:13:52,086 INFO  [org.apa.kaf.cli.con.ConsumerConfig] (main) ConsumerConfig values: 
	allow.auto.create.topics = true
	auto.commit.interval.ms = 500
	auto.include.jmx.reporter = true
	auto.offset.reset = earliest
	bootstrap.servers = [PLAINTEXT://localhost:32770]
	check.crcs = true
	client.dns.lookup = use_all_dns_ips
	client.id = consumer-Consumer-topic-8cfa329e_85c7_44b2_98ee_127f76cb1901-6
	client.rack = 
	connections.max.idle.ms = 10000
	default.api.timeout.ms = 60000
	enable.auto.commit = true
	enable.metrics.push = true
	exclude.internal.topics = true
	fetch.max.bytes = 52428800
	fetch.max.wait.ms = 500
	fetch.min.bytes = 1
	group.id = Consumer-topic-8cfa329e_85c7_44b2_98ee_127f76cb1901
	group.instance.id = null
	group.protocol = classic
	group.remote.assignor = null
	heartbeat.interval.ms = 3000
	interceptor.classes = []
	internal.leave.group.on.close = true
	internal.throw.on.fetch.stable.offset.unsupported = false
	isolation.level = read_uncommitted
	key.deserializer = class org.apache.kafka.common.serialization.StringDeserializer
	max.partition.fetch.bytes = 1048576
	max.poll.interval.ms = 300000
	max.poll.records = 500
	metadata.max.age.ms = 300000
	metadata.recovery.strategy = none
	metric.reporters = []
	metrics.num.samples = 2
	metrics.recording.level = INFO
	metrics.sample.window.ms = 30000
	partition.assignment.strategy = [class org.apache.kafka.clients.consumer.RangeAssignor, class org.apache.kafka.clients.consumer.CooperativeStickyAssignor]
	receive.buffer.bytes = 65536
	reconnect.backoff.max.ms = 1000
	reconnect.backoff.ms = 50
	request.timeout.ms = 5000
	retry.backoff.max.ms = 1000
	retry.backoff.ms = 100
	sasl.client.callback.handler.class = null
	sasl.jaas.config = null
	sasl.kerberos.kinit.cmd = /usr/bin/kinit
	sasl.kerberos.min.time.before.relogin = 60000
	sasl.kerberos.service.name = null
	sasl.kerberos.ticket.renew.jitter = 0.05
	sasl.kerberos.ticket.renew.window.factor = 0.8
	sasl.login.callback.handler.class = null
	sasl.login.class = null
	sasl.login.connect.timeout.ms = null
	sasl.login.read.timeout.ms = null
	sasl.login.refresh.buffer.seconds = 300
	sasl.login.refresh.min.period.seconds = 60
	sasl.login.refresh.window.factor = 0.8
	sasl.login.refresh.window.jitter = 0.05
	sasl.login.retry.backoff.max.ms = 10000
	sasl.login.retry.backoff.ms = 100
	sasl.mechanism = GSSAPI
	sasl.oauthbearer.clock.skew.seconds = 30
	sasl.oauthbearer.expected.audience = null
	sasl.oauthbearer.expected.issuer = null
	sasl.oauthbearer.header.urlencode = false
	sasl.oauthbearer.jwks.endpoint.refresh.ms = 3600000
	sasl.oauthbearer.jwks.endpoint.retry.backoff.max.ms = 10000
	sasl.oauthbearer.jwks.endpoint.retry.backoff.ms = 100
	sasl.oauthbearer.jwks.endpoint.url = null
	sasl.oauthbearer.scope.claim.name = scope
	sasl.oauthbearer.sub.claim.name = sub
	sasl.oauthbearer.token.endpoint.url = null
	security.protocol = PLAINTEXT
	security.providers = null
	send.buffer.bytes = 131072
	session.timeout.ms = 45000
	socket.connection.setup.timeout.max.ms = 30000
	socket.connection.setup.timeout.ms = 10000
	ssl.cipher.suites = null
	ssl.enabled.protocols = [TLSv1.2, TLSv1.3]
	ssl.endpoint.identification.algorithm = https
	ssl.engine.factory.class = null
	ssl.key.password = null
	ssl.keymanager.algorithm = SunX509
	ssl.keystore.certificate.chain = null
	ssl.keystore.key = null
	ssl.keystore.location = null
	ssl.keystore.password = null
	ssl.keystore.type = JKS
	ssl.protocol = TLSv1.3
	ssl.provider = null
	ssl.secure.random.implementation = null
	ssl.trustmanager.algorithm = PKIX
	ssl.truststore.certificates = null
	ssl.truststore.location = null
	ssl.truststore.password = null
	ssl.truststore.type = JKS
	value.deserializer = class io.apicurio.registry.serde.avro.AvroKafkaDeserializer

2025-07-31 18:13:52,086 INFO  [org.apa.kaf.com.tel.int.KafkaMetricsCollector] (main) initializing Kafka metrics collector
2025-07-31 18:13:52,091 INFO  [org.apa.kaf.cli.con.ConsumerConfig] (main) These configurations '[apicurio.registry.url, apicurio.registry.avro-datum-provider]' were supplied but are not used yet.
2025-07-31 18:13:52,091 INFO  [org.apa.kaf.com.uti.AppInfoParser] (main) Kafka version: 3.9.1
2025-07-31 18:13:52,091 INFO  [org.apa.kaf.com.uti.AppInfoParser] (main) Kafka commitId: f745dfdcee2b9851
2025-07-31 18:13:52,091 INFO  [org.apa.kaf.com.uti.AppInfoParser] (main) Kafka startTimeMs: 1753985632091
2025-07-31 18:13:52,092 INFO  [org.apa.kaf.cli.con.int.ClassicKafkaConsumer] (Thread-630) [Consumer clientId=consumer-Consumer-topic-8cfa329e_85c7_44b2_98ee_127f76cb1901-6, groupId=Consumer-topic-8cfa329e_85c7_44b2_98ee_127f76cb1901] Subscribed to topic(s): topic-8cfa329e_85c7_44b2_98ee_127f76cb1901
2025-07-31 18:13:52,104 INFO  [org.apa.kaf.cli.Metadata] (Thread-630) [Consumer clientId=consumer-Consumer-topic-8cfa329e_85c7_44b2_98ee_127f76cb1901-6, groupId=Consumer-topic-8cfa329e_85c7_44b2_98ee_127f76cb1901] Cluster ID: UuE4P2bBQU2_qF9DHmdGkA
2025-07-31 18:13:52,104 INFO  [org.apa.kaf.cli.con.int.ConsumerCoordinator] (Thread-630) [Consumer clientId=consumer-Consumer-topic-8cfa329e_85c7_44b2_98ee_127f76cb1901-6, groupId=Consumer-topic-8cfa329e_85c7_44b2_98ee_127f76cb1901] Discovered group coordinator localhost:32770 (id: 2147483647 rack: null)
2025-07-31 18:13:52,107 INFO  [org.apa.kaf.cli.con.int.ConsumerCoordinator] (Thread-630) [Consumer clientId=consumer-Consumer-topic-8cfa329e_85c7_44b2_98ee_127f76cb1901-6, groupId=Consumer-topic-8cfa329e_85c7_44b2_98ee_127f76cb1901] (Re-)joining group
2025-07-31 18:13:52,112 INFO  [org.apa.kaf.cli.con.int.ConsumerCoordinator] (Thread-630) [Consumer clientId=consumer-Consumer-topic-8cfa329e_85c7_44b2_98ee_127f76cb1901-6, groupId=Consumer-topic-8cfa329e_85c7_44b2_98ee_127f76cb1901] Request joining group due to: need to re-join with the given member-id: consumer-Consumer-topic-8cfa329e_85c7_44b2_98ee_127f76cb1901-6-64ada9e1-559c-4b3d-9b13-e27558b637c8
2025-07-31 18:13:52,113 INFO  [org.apa.kaf.cli.con.int.ConsumerCoordinator] (Thread-630) [Consumer clientId=consumer-Consumer-topic-8cfa329e_85c7_44b2_98ee_127f76cb1901-6, groupId=Consumer-topic-8cfa329e_85c7_44b2_98ee_127f76cb1901] (Re-)joining group
2025-07-31 18:13:52,115 INFO  [org.apa.kaf.cli.con.int.ConsumerCoordinator] (Thread-630) [Consumer clientId=consumer-Consumer-topic-8cfa329e_85c7_44b2_98ee_127f76cb1901-6, groupId=Consumer-topic-8cfa329e_85c7_44b2_98ee_127f76cb1901] Successfully joined group with generation Generation{generationId=1, memberId='consumer-Consumer-topic-8cfa329e_85c7_44b2_98ee_127f76cb1901-6-64ada9e1-559c-4b3d-9b13-e27558b637c8', protocol='range'}
2025-07-31 18:13:52,116 INFO  [org.apa.kaf.cli.con.int.ConsumerCoordinator] (Thread-630) [Consumer clientId=consumer-Consumer-topic-8cfa329e_85c7_44b2_98ee_127f76cb1901-6, groupId=Consumer-topic-8cfa329e_85c7_44b2_98ee_127f76cb1901] Finished assignment for group at generation 1: {consumer-Consumer-topic-8cfa329e_85c7_44b2_98ee_127f76cb1901-6-64ada9e1-559c-4b3d-9b13-e27558b637c8=Assignment(partitions=[topic-8cfa329e_85c7_44b2_98ee_127f76cb1901-0])}
2025-07-31 18:13:52,119 INFO  [org.apa.kaf.cli.con.int.ConsumerCoordinator] (Thread-630) [Consumer clientId=consumer-Consumer-topic-8cfa329e_85c7_44b2_98ee_127f76cb1901-6, groupId=Consumer-topic-8cfa329e_85c7_44b2_98ee_127f76cb1901] Successfully synced group in generation Generation{generationId=1, memberId='consumer-Consumer-topic-8cfa329e_85c7_44b2_98ee_127f76cb1901-6-64ada9e1-559c-4b3d-9b13-e27558b637c8', protocol='range'}
2025-07-31 18:13:52,120 INFO  [org.apa.kaf.cli.con.int.ConsumerCoordinator] (Thread-630) [Consumer clientId=consumer-Consumer-topic-8cfa329e_85c7_44b2_98ee_127f76cb1901-6, groupId=Consumer-topic-8cfa329e_85c7_44b2_98ee_127f76cb1901] Notifying assignor about the new Assignment(partitions=[topic-8cfa329e_85c7_44b2_98ee_127f76cb1901-0])
2025-07-31 18:13:52,120 INFO  [org.apa.kaf.cli.con.int.ConsumerRebalanceListenerInvoker] (Thread-630) [Consumer clientId=consumer-Consumer-topic-8cfa329e_85c7_44b2_98ee_127f76cb1901-6, groupId=Consumer-topic-8cfa329e_85c7_44b2_98ee_127f76cb1901] Adding newly assigned partitions: topic-8cfa329e_85c7_44b2_98ee_127f76cb1901-0
2025-07-31 18:13:52,122 INFO  [org.apa.kaf.cli.con.int.ConsumerCoordinator] (Thread-630) [Consumer clientId=consumer-Consumer-topic-8cfa329e_85c7_44b2_98ee_127f76cb1901-6, groupId=Consumer-topic-8cfa329e_85c7_44b2_98ee_127f76cb1901] Found no committed offset for partition topic-8cfa329e_85c7_44b2_98ee_127f76cb1901-0
2025-07-31 18:13:52,130 INFO  [org.apa.kaf.cli.con.int.SubscriptionState] (Thread-630) [Consumer clientId=consumer-Consumer-topic-8cfa329e_85c7_44b2_98ee_127f76cb1901-6, groupId=Consumer-topic-8cfa329e_85c7_44b2_98ee_127f76cb1901] Resetting offset for partition topic-8cfa329e_85c7_44b2_98ee_127f76cb1901-0 to position FetchPosition{offset=0, offsetEpoch=Optional.empty, currentLeader=LeaderAndEpoch{leader=Optional[localhost:32770 (id: 0 rack: null)], epoch=0}}.
2025-07-31 18:13:52,163 INFO  [io.api.tes.ser.api.KafkaSerdesTester] (Thread-630) topic-8cfa329e_85c7_44b2_98ee_127f76cb1901 0 0 io.apicurio.tests.common.serdes.TestObject@3dbd29cb
2025-07-31 18:13:52,164 INFO  [io.api.tes.ser.api.KafkaSerdesTester] (Thread-630) topic-8cfa329e_85c7_44b2_98ee_127f76cb1901 0 1 io.apicurio.tests.common.serdes.TestObject@3dbd29cb
2025-07-31 18:13:52,164 INFO  [io.api.tes.ser.api.KafkaSerdesTester] (Thread-630) topic-8cfa329e_85c7_44b2_98ee_127f76cb1901 0 2 io.apicurio.tests.common.serdes.TestObject@3dbd29cb
2025-07-31 18:13:52,164 INFO  [io.api.tes.ser.api.KafkaSerdesTester] (Thread-630) topic-8cfa329e_85c7_44b2_98ee_127f76cb1901 0 3 io.apicurio.tests.common.serdes.TestObject@3dbd29cb
2025-07-31 18:13:52,164 INFO  [io.api.tes.ser.api.KafkaSerdesTester] (Thread-630) topic-8cfa329e_85c7_44b2_98ee_127f76cb1901 0 4 io.apicurio.tests.common.serdes.TestObject@3dbd29cb
2025-07-31 18:13:52,164 INFO  [io.api.tes.ser.api.KafkaSerdesTester] (Thread-630) topic-8cfa329e_85c7_44b2_98ee_127f76cb1901 0 5 io.apicurio.tests.common.serdes.TestObject@3dbd29cb
2025-07-31 18:13:52,164 INFO  [io.api.tes.ser.api.KafkaSerdesTester] (Thread-630) topic-8cfa329e_85c7_44b2_98ee_127f76cb1901 0 6 io.apicurio.tests.common.serdes.TestObject@3dbd29cb
2025-07-31 18:13:52,164 INFO  [io.api.tes.ser.api.KafkaSerdesTester] (Thread-630) topic-8cfa329e_85c7_44b2_98ee_127f76cb1901 0 7 io.apicurio.tests.common.serdes.TestObject@3dbd29cb
2025-07-31 18:13:52,164 INFO  [io.api.tes.ser.api.KafkaSerdesTester] (Thread-630) topic-8cfa329e_85c7_44b2_98ee_127f76cb1901 0 8 io.apicurio.tests.common.serdes.TestObject@3dbd29cb
2025-07-31 18:13:52,164 INFO  [io.api.tes.ser.api.KafkaSerdesTester] (Thread-630) topic-8cfa329e_85c7_44b2_98ee_127f76cb1901 0 9 io.apicurio.tests.common.serdes.TestObject@3dbd29cb
2025-07-31 18:13:52,164 INFO  [io.api.tes.ser.api.KafkaSerdesTester] (Thread-630) Consumed 10 messages
2025-07-31 18:13:52,168 INFO  [org.apa.kaf.cli.con.int.ConsumerRebalanceListenerInvoker] (Thread-630) [Consumer clientId=consumer-Consumer-topic-8cfa329e_85c7_44b2_98ee_127f76cb1901-6, groupId=Consumer-topic-8cfa329e_85c7_44b2_98ee_127f76cb1901] Revoke previously assigned partitions topic-8cfa329e_85c7_44b2_98ee_127f76cb1901-0
2025-07-31 18:13:52,168 INFO  [org.apa.kaf.cli.con.int.ConsumerCoordinator] (Thread-630) [Consumer clientId=consumer-Consumer-topic-8cfa329e_85c7_44b2_98ee_127f76cb1901-6, groupId=Consumer-topic-8cfa329e_85c7_44b2_98ee_127f76cb1901] Member consumer-Consumer-topic-8cfa329e_85c7_44b2_98ee_127f76cb1901-6-64ada9e1-559c-4b3d-9b13-e27558b637c8 sending LeaveGroup request to coordinator localhost:32770 (id: 2147483647 rack: null) due to the consumer is being closed
2025-07-31 18:13:52,168 INFO  [org.apa.kaf.cli.con.int.ConsumerCoordinator] (Thread-630) [Consumer clientId=consumer-Consumer-topic-8cfa329e_85c7_44b2_98ee_127f76cb1901-6, groupId=Consumer-topic-8cfa329e_85c7_44b2_98ee_127f76cb1901] Resetting generation and member id due to: consumer pro-actively leaving the group
2025-07-31 18:13:52,168 INFO  [org.apa.kaf.cli.con.int.ConsumerCoordinator] (Thread-630) [Consumer clientId=consumer-Consumer-topic-8cfa329e_85c7_44b2_98ee_127f76cb1901-6, groupId=Consumer-topic-8cfa329e_85c7_44b2_98ee_127f76cb1901] Request joining group due to: consumer pro-actively leaving the group
2025-07-31 18:13:52,667 INFO  [org.apa.kaf.com.met.Metrics] (Thread-630) Metrics scheduler closed
2025-07-31 18:13:52,667 INFO  [org.apa.kaf.com.met.Metrics] (Thread-630) Closing reporter org.apache.kafka.common.metrics.JmxReporter
2025-07-31 18:13:52,667 INFO  [org.apa.kaf.com.met.Metrics] (Thread-630) Closing reporter org.apache.kafka.common.telemetry.internals.ClientTelemetryReporter
2025-07-31 18:13:52,667 INFO  [org.apa.kaf.com.met.Metrics] (Thread-630) Metrics reporters closed
2025-07-31 18:13:52,670 INFO  [org.apa.kaf.com.uti.AppInfoParser] (Thread-630) App info kafka.consumer for consumer-Consumer-topic-8cfa329e_85c7_44b2_98ee_127f76cb1901-6 unregistered
2025-07-31 18:13:52,671 INFO  [io.api.tes.uti.TestSeparator] (main) io.apicurio.tests.serdes.apicurio.AvroSerdeIT.testReflectAutoRegister-FINISHED
2025-07-31 18:13:52,671 INFO  [io.api.tes.uti.TestSeparator] (main) ############################################################################
Test passed: testReflectAutoRegister
]]></system-out>
  </testcase>
  <testcase name="testArtifactNotFound" classname="io.apicurio.tests.serdes.apicurio.AvroSerdeIT" time="0.215">
    <system-out><![CDATA[2025-07-31 18:13:52,673 INFO  [io.api.tes.uti.TestSeparator] (main) ############################################################################
2025-07-31 18:13:52,673 INFO  [io.api.tes.uti.TestSeparator] (main) io.apicurio.tests.serdes.apicurio.AvroSerdeIT.testArtifactNotFound-STARTED
**** Registry Base URL: http://registry-app-postgresql.apps.ci419.apicurio-testing.org:80
2025-07-31 18:13:52,675 INFO  [org.apa.kaf.cli.pro.ProducerConfig] (main) ProducerConfig values: 
	acks = -1
	auto.include.jmx.reporter = true
	batch.size = 16384
	bootstrap.servers = [PLAINTEXT://localhost:32770]
	buffer.memory = 33554432
	client.dns.lookup = use_all_dns_ips
	client.id = Producer-sc3cf0e89xd438x40cax8f27x46f28cf2321d
	compression.gzip.level = -1
	compression.lz4.level = 9
	compression.type = none
	compression.zstd.level = 3
	connections.max.idle.ms = 10000
	delivery.timeout.ms = 120000
	enable.idempotence = true
	enable.metrics.push = true
	interceptor.classes = []
	key.serializer = class org.apache.kafka.common.serialization.StringSerializer
	linger.ms = 0
	max.block.ms = 60000
	max.in.flight.requests.per.connection = 5
	max.request.size = 1048576
	metadata.max.age.ms = 300000
	metadata.max.idle.ms = 300000
	metadata.recovery.strategy = none
	metric.reporters = []
	metrics.num.samples = 2
	metrics.recording.level = INFO
	metrics.sample.window.ms = 30000
	partitioner.adaptive.partitioning.enable = true
	partitioner.availability.timeout.ms = 0
	partitioner.class = null
	partitioner.ignore.keys = false
	receive.buffer.bytes = 32768
	reconnect.backoff.max.ms = 1000
	reconnect.backoff.ms = 50
	request.timeout.ms = 5000
	retries = 2147483647
	retry.backoff.max.ms = 1000
	retry.backoff.ms = 100
	sasl.client.callback.handler.class = null
	sasl.jaas.config = null
	sasl.kerberos.kinit.cmd = /usr/bin/kinit
	sasl.kerberos.min.time.before.relogin = 60000
	sasl.kerberos.service.name = null
	sasl.kerberos.ticket.renew.jitter = 0.05
	sasl.kerberos.ticket.renew.window.factor = 0.8
	sasl.login.callback.handler.class = null
	sasl.login.class = null
	sasl.login.connect.timeout.ms = null
	sasl.login.read.timeout.ms = null
	sasl.login.refresh.buffer.seconds = 300
	sasl.login.refresh.min.period.seconds = 60
	sasl.login.refresh.window.factor = 0.8
	sasl.login.refresh.window.jitter = 0.05
	sasl.login.retry.backoff.max.ms = 10000
	sasl.login.retry.backoff.ms = 100
	sasl.mechanism = GSSAPI
	sasl.oauthbearer.clock.skew.seconds = 30
	sasl.oauthbearer.expected.audience = null
	sasl.oauthbearer.expected.issuer = null
	sasl.oauthbearer.header.urlencode = false
	sasl.oauthbearer.jwks.endpoint.refresh.ms = 3600000
	sasl.oauthbearer.jwks.endpoint.retry.backoff.max.ms = 10000
	sasl.oauthbearer.jwks.endpoint.retry.backoff.ms = 100
	sasl.oauthbearer.jwks.endpoint.url = null
	sasl.oauthbearer.scope.claim.name = scope
	sasl.oauthbearer.sub.claim.name = sub
	sasl.oauthbearer.token.endpoint.url = null
	security.protocol = PLAINTEXT
	security.providers = null
	send.buffer.bytes = 131072
	socket.connection.setup.timeout.max.ms = 30000
	socket.connection.setup.timeout.ms = 10000
	ssl.cipher.suites = null
	ssl.enabled.protocols = [TLSv1.2, TLSv1.3]
	ssl.endpoint.identification.algorithm = https
	ssl.engine.factory.class = null
	ssl.key.password = null
	ssl.keymanager.algorithm = SunX509
	ssl.keystore.certificate.chain = null
	ssl.keystore.key = null
	ssl.keystore.location = null
	ssl.keystore.password = null
	ssl.keystore.type = JKS
	ssl.protocol = TLSv1.3
	ssl.provider = null
	ssl.secure.random.implementation = null
	ssl.trustmanager.algorithm = PKIX
	ssl.truststore.certificates = null
	ssl.truststore.location = null
	ssl.truststore.password = null
	ssl.truststore.type = JKS
	transaction.timeout.ms = 60000
	transactional.id = null
	value.serializer = class io.apicurio.registry.serde.avro.AvroKafkaSerializer

2025-07-31 18:13:52,676 INFO  [org.apa.kaf.com.tel.int.KafkaMetricsCollector] (main) initializing Kafka metrics collector
2025-07-31 18:13:52,682 INFO  [org.apa.kaf.cli.pro.KafkaProducer] (main) [Producer clientId=Producer-sc3cf0e89xd438x40cax8f27x46f28cf2321d] Instantiated an idempotent producer.
2025-07-31 18:13:52,694 INFO  [org.apa.kaf.cli.pro.ProducerConfig] (main) These configurations '[apicurio.registry.url, apicurio.registry.artifact-resolver-strategy]' were supplied but are not used yet.
2025-07-31 18:13:52,697 INFO  [org.apa.kaf.com.uti.AppInfoParser] (main) Kafka version: 3.9.1
2025-07-31 18:13:52,697 INFO  [org.apa.kaf.com.uti.AppInfoParser] (main) Kafka commitId: f745dfdcee2b9851
2025-07-31 18:13:52,697 INFO  [org.apa.kaf.com.uti.AppInfoParser] (main) Kafka startTimeMs: 1753985632697
2025-07-31 18:13:52,700 INFO  [io.api.tes.ser.api.KafkaSerdesTester] (Thread-633) Sending message {"keyB": "value-0"} to topic sc3cf0e89xd438x40cax8f27x46f28cf2321d
2025-07-31 18:13:52,716 WARN  [org.apa.kaf.cli.NetworkClient] (kafka-producer-network-thread | Producer-sc3cf0e89xd438x40cax8f27x46f28cf2321d) [Producer clientId=Producer-sc3cf0e89xd438x40cax8f27x46f28cf2321d] The metadata response from the cluster reported a recoverable issue with correlation id 2 : {sc3cf0e89xd438x40cax8f27x46f28cf2321d=LEADER_NOT_AVAILABLE}
2025-07-31 18:13:52,716 INFO  [org.apa.kaf.cli.Metadata] (kafka-producer-network-thread | Producer-sc3cf0e89xd438x40cax8f27x46f28cf2321d) [Producer clientId=Producer-sc3cf0e89xd438x40cax8f27x46f28cf2321d] Cluster ID: UuE4P2bBQU2_qF9DHmdGkA
2025-07-31 18:13:52,718 INFO  [org.apa.kaf.cli.pro.int.TransactionManager] (kafka-producer-network-thread | Producer-sc3cf0e89xd438x40cax8f27x46f28cf2321d) [Producer clientId=Producer-sc3cf0e89xd438x40cax8f27x46f28cf2321d] ProducerId set to 7 with epoch 0
2025-07-31 18:13:52,839 INFO  [DefaultSchemaResolver] (Thread-633) Retrieving schema content using string: {"type":"record","name":"myrecord","namespace":"mygroup","fields":[{"name":"keyB","type":"string"}]}
2025-07-31 18:13:52,881 INFO  [org.apa.kaf.cli.pro.KafkaProducer] (Thread-633) [Producer clientId=Producer-sc3cf0e89xd438x40cax8f27x46f28cf2321d] Closing the Kafka producer with timeoutMillis = 9223372036854775807 ms.
2025-07-31 18:13:52,884 INFO  [org.apa.kaf.com.met.Metrics] (Thread-633) Metrics scheduler closed
2025-07-31 18:13:52,884 INFO  [org.apa.kaf.com.met.Metrics] (Thread-633) Closing reporter org.apache.kafka.common.metrics.JmxReporter
2025-07-31 18:13:52,884 INFO  [org.apa.kaf.com.met.Metrics] (Thread-633) Closing reporter org.apache.kafka.common.telemetry.internals.ClientTelemetryReporter
2025-07-31 18:13:52,884 INFO  [org.apa.kaf.com.met.Metrics] (Thread-633) Metrics reporters closed
2025-07-31 18:13:52,885 INFO  [org.apa.kaf.com.uti.AppInfoParser] (Thread-633) App info kafka.producer for Producer-sc3cf0e89xd438x40cax8f27x46f28cf2321d unregistered
2025-07-31 18:13:52,886 INFO  [io.api.tes.uti.TestSeparator] (main) io.apicurio.tests.serdes.apicurio.AvroSerdeIT.testArtifactNotFound-FINISHED
2025-07-31 18:13:52,886 INFO  [io.api.tes.uti.TestSeparator] (main) ############################################################################
Test passed: testArtifactNotFound
]]></system-out>
    <system-err><![CDATA[java.lang.RuntimeException: Could not resolve artifact reference by content: {"type":"record","name":"myrecord","namespace":"mygroup","fields":[{"name":"keyB","type":"string"}]}&ArtifactReference [groupId=default, artifactId=sc3cf0e89xd438x40cax8f27x46f28cf2321d-value, version=null, globalId=null, contentId=null, contentHash=null]
	at io.apicurio.registry.resolver.DefaultSchemaResolver.lambda$handleResolveSchemaByContent$3(DefaultSchemaResolver.java:265)
	at io.apicurio.registry.resolver.cache.ERCache.lambda$getValue$0(ERCache.java:174)
	at io.apicurio.registry.resolver.cache.ERCache.retry(ERCache.java:227)
	at io.apicurio.registry.resolver.cache.ERCache.getValue(ERCache.java:173)
	at io.apicurio.registry.resolver.cache.ERCache.getByContent(ERCache.java:147)
	at io.apicurio.registry.resolver.DefaultSchemaResolver.handleResolveSchemaByContent(DefaultSchemaResolver.java:253)
	at io.apicurio.registry.resolver.DefaultSchemaResolver.getSchemaFromRegistry(DefaultSchemaResolver.java:138)
	at io.apicurio.registry.resolver.DefaultSchemaResolver.lambda$resolveSchema$0(DefaultSchemaResolver.java:84)
	at java.base/java.util.Optional.orElseGet(Optional.java:364)
	at io.apicurio.registry.resolver.DefaultSchemaResolver.resolveSchema(DefaultSchemaResolver.java:84)
	at io.apicurio.registry.serde.AbstractSerializer.serializeData(AbstractSerializer.java:62)
	at io.apicurio.registry.serde.KafkaSerializer.serialize(KafkaSerializer.java:77)
	at org.apache.kafka.clients.producer.KafkaProducer.doSend(KafkaProducer.java:1046)
	at org.apache.kafka.clients.producer.KafkaProducer.send(KafkaProducer.java:993)
	at org.apache.kafka.clients.producer.KafkaProducer.send(KafkaProducer.java:875)
	at io.apicurio.tests.serdes.apicurio.KafkaSerdesTester.lambda$produceMessages$3(KafkaSerdesTester.java:138)
	at java.base/java.util.concurrent.CompletableFuture$AsyncSupply.run(CompletableFuture.java:1768)
	at java.base/java.lang.Thread.run(Thread.java:840)
]]></system-err>
  </testcase>
  <testcase name="testAvroSerDesFailDifferentSchemaByRecordName" classname="io.apicurio.tests.serdes.apicurio.AvroSerdeIT" time="1.1">
    <system-out><![CDATA[2025-07-31 18:13:52,888 INFO  [io.api.tes.uti.TestSeparator] (main) ############################################################################
2025-07-31 18:13:52,889 INFO  [io.api.tes.uti.TestSeparator] (main) io.apicurio.tests.serdes.apicurio.AvroSerdeIT.testAvroSerDesFailDifferentSchemaByRecordName-STARTED
**** Registry Base URL: http://registry-app-postgresql.apps.ci419.apicurio-testing.org:80
2025-07-31 18:13:53,941 INFO  [org.apa.kaf.cli.pro.ProducerConfig] (main) ProducerConfig values: 
	acks = -1
	auto.include.jmx.reporter = true
	batch.size = 16384
	bootstrap.servers = [PLAINTEXT://localhost:32770]
	buffer.memory = 33554432
	client.dns.lookup = use_all_dns_ips
	client.id = Producer-topic-12cfdbd9_80fa_42ca_9c4f_4dfcd3a5e375
	compression.gzip.level = -1
	compression.lz4.level = 9
	compression.type = none
	compression.zstd.level = 3
	connections.max.idle.ms = 10000
	delivery.timeout.ms = 120000
	enable.idempotence = true
	enable.metrics.push = true
	interceptor.classes = []
	key.serializer = class org.apache.kafka.common.serialization.StringSerializer
	linger.ms = 0
	max.block.ms = 60000
	max.in.flight.requests.per.connection = 5
	max.request.size = 1048576
	metadata.max.age.ms = 300000
	metadata.max.idle.ms = 300000
	metadata.recovery.strategy = none
	metric.reporters = []
	metrics.num.samples = 2
	metrics.recording.level = INFO
	metrics.sample.window.ms = 30000
	partitioner.adaptive.partitioning.enable = true
	partitioner.availability.timeout.ms = 0
	partitioner.class = null
	partitioner.ignore.keys = false
	receive.buffer.bytes = 32768
	reconnect.backoff.max.ms = 1000
	reconnect.backoff.ms = 50
	request.timeout.ms = 5000
	retries = 2147483647
	retry.backoff.max.ms = 1000
	retry.backoff.ms = 100
	sasl.client.callback.handler.class = null
	sasl.jaas.config = null
	sasl.kerberos.kinit.cmd = /usr/bin/kinit
	sasl.kerberos.min.time.before.relogin = 60000
	sasl.kerberos.service.name = null
	sasl.kerberos.ticket.renew.jitter = 0.05
	sasl.kerberos.ticket.renew.window.factor = 0.8
	sasl.login.callback.handler.class = null
	sasl.login.class = null
	sasl.login.connect.timeout.ms = null
	sasl.login.read.timeout.ms = null
	sasl.login.refresh.buffer.seconds = 300
	sasl.login.refresh.min.period.seconds = 60
	sasl.login.refresh.window.factor = 0.8
	sasl.login.refresh.window.jitter = 0.05
	sasl.login.retry.backoff.max.ms = 10000
	sasl.login.retry.backoff.ms = 100
	sasl.mechanism = GSSAPI
	sasl.oauthbearer.clock.skew.seconds = 30
	sasl.oauthbearer.expected.audience = null
	sasl.oauthbearer.expected.issuer = null
	sasl.oauthbearer.header.urlencode = false
	sasl.oauthbearer.jwks.endpoint.refresh.ms = 3600000
	sasl.oauthbearer.jwks.endpoint.retry.backoff.max.ms = 10000
	sasl.oauthbearer.jwks.endpoint.retry.backoff.ms = 100
	sasl.oauthbearer.jwks.endpoint.url = null
	sasl.oauthbearer.scope.claim.name = scope
	sasl.oauthbearer.sub.claim.name = sub
	sasl.oauthbearer.token.endpoint.url = null
	security.protocol = PLAINTEXT
	security.providers = null
	send.buffer.bytes = 131072
	socket.connection.setup.timeout.max.ms = 30000
	socket.connection.setup.timeout.ms = 10000
	ssl.cipher.suites = null
	ssl.enabled.protocols = [TLSv1.2, TLSv1.3]
	ssl.endpoint.identification.algorithm = https
	ssl.engine.factory.class = null
	ssl.key.password = null
	ssl.keymanager.algorithm = SunX509
	ssl.keystore.certificate.chain = null
	ssl.keystore.key = null
	ssl.keystore.location = null
	ssl.keystore.password = null
	ssl.keystore.type = JKS
	ssl.protocol = TLSv1.3
	ssl.provider = null
	ssl.secure.random.implementation = null
	ssl.trustmanager.algorithm = PKIX
	ssl.truststore.certificates = null
	ssl.truststore.location = null
	ssl.truststore.password = null
	ssl.truststore.type = JKS
	transaction.timeout.ms = 60000
	transactional.id = null
	value.serializer = class io.apicurio.registry.serde.avro.AvroKafkaSerializer

2025-07-31 18:13:53,942 INFO  [org.apa.kaf.com.tel.int.KafkaMetricsCollector] (main) initializing Kafka metrics collector
2025-07-31 18:13:53,947 INFO  [org.apa.kaf.cli.pro.KafkaProducer] (main) [Producer clientId=Producer-topic-12cfdbd9_80fa_42ca_9c4f_4dfcd3a5e375] Instantiated an idempotent producer.
2025-07-31 18:13:53,950 INFO  [org.apa.kaf.cli.pro.ProducerConfig] (main) These configurations '[apicurio.registry.find-latest, apicurio.registry.url, apicurio.registry.artifact-resolver-strategy]' were supplied but are not used yet.
2025-07-31 18:13:53,950 INFO  [org.apa.kaf.com.uti.AppInfoParser] (main) Kafka version: 3.9.1
2025-07-31 18:13:53,950 INFO  [org.apa.kaf.com.uti.AppInfoParser] (main) Kafka commitId: f745dfdcee2b9851
2025-07-31 18:13:53,950 INFO  [org.apa.kaf.com.uti.AppInfoParser] (main) Kafka startTimeMs: 1753985633950
2025-07-31 18:13:53,952 INFO  [io.api.tes.ser.api.KafkaSerdesTester] (Thread-636) Sending message {"keyB": "value-0"} to topic topic-12cfdbd9_80fa_42ca_9c4f_4dfcd3a5e375
2025-07-31 18:13:53,957 INFO  [org.apa.kaf.cli.Metadata] (kafka-producer-network-thread | Producer-topic-12cfdbd9_80fa_42ca_9c4f_4dfcd3a5e375) [Producer clientId=Producer-topic-12cfdbd9_80fa_42ca_9c4f_4dfcd3a5e375] Cluster ID: UuE4P2bBQU2_qF9DHmdGkA
2025-07-31 18:13:53,957 INFO  [org.apa.kaf.cli.pro.int.TransactionManager] (kafka-producer-network-thread | Producer-topic-12cfdbd9_80fa_42ca_9c4f_4dfcd3a5e375) [Producer clientId=Producer-topic-12cfdbd9_80fa_42ca_9c4f_4dfcd3a5e375] ProducerId set to 8 with epoch 0
2025-07-31 18:13:53,981 INFO  [org.apa.kaf.cli.pro.KafkaProducer] (Thread-636) [Producer clientId=Producer-topic-12cfdbd9_80fa_42ca_9c4f_4dfcd3a5e375] Closing the Kafka producer with timeoutMillis = 9223372036854775807 ms.
2025-07-31 18:13:53,985 INFO  [org.apa.kaf.com.met.Metrics] (Thread-636) Metrics scheduler closed
2025-07-31 18:13:53,985 INFO  [org.apa.kaf.com.met.Metrics] (Thread-636) Closing reporter org.apache.kafka.common.metrics.JmxReporter
2025-07-31 18:13:53,985 INFO  [org.apa.kaf.com.met.Metrics] (Thread-636) Closing reporter org.apache.kafka.common.telemetry.internals.ClientTelemetryReporter
2025-07-31 18:13:53,985 INFO  [org.apa.kaf.com.met.Metrics] (Thread-636) Metrics reporters closed
2025-07-31 18:13:53,985 INFO  [org.apa.kaf.com.uti.AppInfoParser] (Thread-636) App info kafka.producer for Producer-topic-12cfdbd9_80fa_42ca_9c4f_4dfcd3a5e375 unregistered
2025-07-31 18:13:53,986 INFO  [io.api.tes.uti.TestSeparator] (main) io.apicurio.tests.serdes.apicurio.AvroSerdeIT.testAvroSerDesFailDifferentSchemaByRecordName-FINISHED
2025-07-31 18:13:53,986 INFO  [io.api.tes.uti.TestSeparator] (main) ############################################################################
Test passed: testAvroSerDesFailDifferentSchemaByRecordName
]]></system-out>
    <system-err><![CDATA[io.apicurio.registry.rest.client.models.ProblemDetails
	at io.apicurio.registry.rest.client.models.ProblemDetails.createFromDiscriminatorValue(ProblemDetails.java:58)
	at io.kiota.serialization.json.JsonParseNode.getObjectValue(JsonParseNode.java:247)
	at io.kiota.http.vertx.VertXRequestAdapter.lambda$throwIfFailedResponse$0(VertXRequestAdapter.java:400)
	at com.microsoft.kiota.ApiExceptionBuilder.<init>(ApiExceptionBuilder.java:26)
	at io.kiota.http.vertx.VertXRequestAdapter.throwIfFailedResponse(VertXRequestAdapter.java:399)
	at io.kiota.http.vertx.VertXRequestAdapter.send(VertXRequestAdapter.java:170)
	at io.apicurio.registry.rest.client.groups.item.artifacts.item.versions.item.WithVersionExpressionItemRequestBuilder.get(WithVersionExpressionItemRequestBuilder.java:128)
	at io.apicurio.registry.rest.client.groups.item.artifacts.item.versions.item.WithVersionExpressionItemRequestBuilder.get(WithVersionExpressionItemRequestBuilder.java:111)
	at io.apicurio.registry.resolver.client.RegistryClientFacadeImpl.getVersionCoordinatesByGAV(RegistryClientFacadeImpl.java:153)
	at io.apicurio.registry.resolver.DefaultSchemaResolver.resolveByCoordinates(DefaultSchemaResolver.java:352)
	at io.apicurio.registry.resolver.DefaultSchemaResolver.lambda$resolveSchemaByArtifactReferenceCached$6(DefaultSchemaResolver.java:340)
	at io.apicurio.registry.resolver.cache.ERCache.lambda$getValue$0(ERCache.java:174)
	at io.apicurio.registry.resolver.cache.ERCache.retry(ERCache.java:227)
	at io.apicurio.registry.resolver.cache.ERCache.getValue(ERCache.java:173)
	at io.apicurio.registry.resolver.cache.ERCache.getByArtifactCoordinates(ERCache.java:158)
	at io.apicurio.registry.resolver.DefaultSchemaResolver.resolveSchemaByArtifactReferenceCached(DefaultSchemaResolver.java:338)
	at io.apicurio.registry.resolver.DefaultSchemaResolver.resolveSchemaByCoordinates(DefaultSchemaResolver.java:193)
	at io.apicurio.registry.resolver.DefaultSchemaResolver.getSchemaFromRegistry(DefaultSchemaResolver.java:130)
	at io.apicurio.registry.resolver.DefaultSchemaResolver.lambda$resolveSchema$0(DefaultSchemaResolver.java:84)
	at java.base/java.util.Optional.orElseGet(Optional.java:364)
	at io.apicurio.registry.resolver.DefaultSchemaResolver.resolveSchema(DefaultSchemaResolver.java:84)
	at io.apicurio.registry.serde.AbstractSerializer.serializeData(AbstractSerializer.java:62)
	at io.apicurio.registry.serde.KafkaSerializer.serialize(KafkaSerializer.java:77)
	at org.apache.kafka.clients.producer.KafkaProducer.doSend(KafkaProducer.java:1046)
	at org.apache.kafka.clients.producer.KafkaProducer.send(KafkaProducer.java:993)
	at org.apache.kafka.clients.producer.KafkaProducer.send(KafkaProducer.java:875)
	at io.apicurio.tests.serdes.apicurio.KafkaSerdesTester.lambda$produceMessages$3(KafkaSerdesTester.java:138)
	at java.base/java.util.concurrent.CompletableFuture$AsyncSupply.run(CompletableFuture.java:1768)
	at java.base/java.lang.Thread.run(Thread.java:840)
]]></system-err>
  </testcase>
  <testcase name="testTopicIdStrategyFindLatest" classname="io.apicurio.tests.serdes.apicurio.AvroSerdeIT" time="1.76">
    <system-out><![CDATA[2025-07-31 18:13:53,987 INFO  [io.api.tes.uti.TestSeparator] (main) ############################################################################
2025-07-31 18:13:53,987 INFO  [io.api.tes.uti.TestSeparator] (main) io.apicurio.tests.serdes.apicurio.AvroSerdeIT.testTopicIdStrategyFindLatest-STARTED
2025-07-31 18:13:53,993 INFO  [io.api.tes.ser.api.AvroSerdeIT] (main) Registering Avro Schema: {"type":"record","name":"myrecordapicurio1","fields":[{"name":"key11753985633987","type":"string"}]}
**** Registry Base URL: http://registry-app-postgresql.apps.ci419.apicurio-testing.org:80
2025-07-31 18:13:55,037 INFO  [org.apa.kaf.cli.pro.ProducerConfig] (main) ProducerConfig values: 
	acks = -1
	auto.include.jmx.reporter = true
	batch.size = 16384
	bootstrap.servers = [PLAINTEXT://localhost:32770]
	buffer.memory = 33554432
	client.dns.lookup = use_all_dns_ips
	client.id = Producer-topic-a2cd261b_a188_49d6_93bf_7762deb8386f
	compression.gzip.level = -1
	compression.lz4.level = 9
	compression.type = none
	compression.zstd.level = 3
	connections.max.idle.ms = 10000
	delivery.timeout.ms = 120000
	enable.idempotence = true
	enable.metrics.push = true
	interceptor.classes = []
	key.serializer = class org.apache.kafka.common.serialization.StringSerializer
	linger.ms = 0
	max.block.ms = 60000
	max.in.flight.requests.per.connection = 5
	max.request.size = 1048576
	metadata.max.age.ms = 300000
	metadata.max.idle.ms = 300000
	metadata.recovery.strategy = none
	metric.reporters = []
	metrics.num.samples = 2
	metrics.recording.level = INFO
	metrics.sample.window.ms = 30000
	partitioner.adaptive.partitioning.enable = true
	partitioner.availability.timeout.ms = 0
	partitioner.class = null
	partitioner.ignore.keys = false
	receive.buffer.bytes = 32768
	reconnect.backoff.max.ms = 1000
	reconnect.backoff.ms = 50
	request.timeout.ms = 5000
	retries = 2147483647
	retry.backoff.max.ms = 1000
	retry.backoff.ms = 100
	sasl.client.callback.handler.class = null
	sasl.jaas.config = null
	sasl.kerberos.kinit.cmd = /usr/bin/kinit
	sasl.kerberos.min.time.before.relogin = 60000
	sasl.kerberos.service.name = null
	sasl.kerberos.ticket.renew.jitter = 0.05
	sasl.kerberos.ticket.renew.window.factor = 0.8
	sasl.login.callback.handler.class = null
	sasl.login.class = null
	sasl.login.connect.timeout.ms = null
	sasl.login.read.timeout.ms = null
	sasl.login.refresh.buffer.seconds = 300
	sasl.login.refresh.min.period.seconds = 60
	sasl.login.refresh.window.factor = 0.8
	sasl.login.refresh.window.jitter = 0.05
	sasl.login.retry.backoff.max.ms = 10000
	sasl.login.retry.backoff.ms = 100
	sasl.mechanism = GSSAPI
	sasl.oauthbearer.clock.skew.seconds = 30
	sasl.oauthbearer.expected.audience = null
	sasl.oauthbearer.expected.issuer = null
	sasl.oauthbearer.header.urlencode = false
	sasl.oauthbearer.jwks.endpoint.refresh.ms = 3600000
	sasl.oauthbearer.jwks.endpoint.retry.backoff.max.ms = 10000
	sasl.oauthbearer.jwks.endpoint.retry.backoff.ms = 100
	sasl.oauthbearer.jwks.endpoint.url = null
	sasl.oauthbearer.scope.claim.name = scope
	sasl.oauthbearer.sub.claim.name = sub
	sasl.oauthbearer.token.endpoint.url = null
	security.protocol = PLAINTEXT
	security.providers = null
	send.buffer.bytes = 131072
	socket.connection.setup.timeout.max.ms = 30000
	socket.connection.setup.timeout.ms = 10000
	ssl.cipher.suites = null
	ssl.enabled.protocols = [TLSv1.2, TLSv1.3]
	ssl.endpoint.identification.algorithm = https
	ssl.engine.factory.class = null
	ssl.key.password = null
	ssl.keymanager.algorithm = SunX509
	ssl.keystore.certificate.chain = null
	ssl.keystore.key = null
	ssl.keystore.location = null
	ssl.keystore.password = null
	ssl.keystore.type = JKS
	ssl.protocol = TLSv1.3
	ssl.provider = null
	ssl.secure.random.implementation = null
	ssl.trustmanager.algorithm = PKIX
	ssl.truststore.certificates = null
	ssl.truststore.location = null
	ssl.truststore.password = null
	ssl.truststore.type = JKS
	transaction.timeout.ms = 60000
	transactional.id = null
	value.serializer = class io.apicurio.registry.serde.avro.AvroKafkaSerializer

2025-07-31 18:13:55,038 INFO  [org.apa.kaf.com.tel.int.KafkaMetricsCollector] (main) initializing Kafka metrics collector
2025-07-31 18:13:55,042 INFO  [org.apa.kaf.cli.pro.KafkaProducer] (main) [Producer clientId=Producer-topic-a2cd261b_a188_49d6_93bf_7762deb8386f] Instantiated an idempotent producer.
2025-07-31 18:13:55,045 INFO  [org.apa.kaf.cli.pro.ProducerConfig] (main) These configurations '[apicurio.registry.find-latest, apicurio.registry.url, apicurio.registry.artifact-resolver-strategy]' were supplied but are not used yet.
2025-07-31 18:13:55,045 INFO  [org.apa.kaf.com.uti.AppInfoParser] (main) Kafka version: 3.9.1
2025-07-31 18:13:55,045 INFO  [org.apa.kaf.com.uti.AppInfoParser] (main) Kafka commitId: f745dfdcee2b9851
2025-07-31 18:13:55,045 INFO  [org.apa.kaf.com.uti.AppInfoParser] (main) Kafka startTimeMs: 1753985635045
2025-07-31 18:13:55,045 INFO  [io.api.tes.ser.api.SimpleSerdesTesterBuilder$SimpleSerdesTester] (main) Using producer configuration: {apicurio.registry.find-latest=true, apicurio.registry.url=http://registry-app-postgresql.apps.ci419.apicurio-testing.org:80/apis/registry/v3, apicurio.registry.artifact-resolver-strategy=io.apicurio.registry.serde.strategy.TopicIdStrategy, value.serializer=io.apicurio.registry.serde.avro.AvroKafkaSerializer, request.timeout.ms=5000, acks=all, bootstrap.servers=PLAINTEXT://localhost:32770, connections.max.idle.ms=10000, key.serializer=org.apache.kafka.common.serialization.StringSerializer, client.id=Producer-topic-a2cd261b_a188_49d6_93bf_7762deb8386f}
2025-07-31 18:13:55,045 INFO  [io.api.tes.ser.api.SimpleSerdesTesterBuilder$SimpleSerdesTester] (main) Using consumer configuration: {}
2025-07-31 18:13:55,047 INFO  [io.api.tes.ser.api.KafkaSerdesTester] (Thread-639) Sending message {"key11753985633987": "value-0"} to topic topic-a2cd261b_a188_49d6_93bf_7762deb8386f
2025-07-31 18:13:55,055 INFO  [org.apa.kaf.cli.Metadata] (kafka-producer-network-thread | Producer-topic-a2cd261b_a188_49d6_93bf_7762deb8386f) [Producer clientId=Producer-topic-a2cd261b_a188_49d6_93bf_7762deb8386f] Cluster ID: UuE4P2bBQU2_qF9DHmdGkA
2025-07-31 18:13:55,060 INFO  [org.apa.kaf.cli.pro.int.TransactionManager] (kafka-producer-network-thread | Producer-topic-a2cd261b_a188_49d6_93bf_7762deb8386f) [Producer clientId=Producer-topic-a2cd261b_a188_49d6_93bf_7762deb8386f] ProducerId set to 9 with epoch 0
2025-07-31 18:13:55,104 INFO  [io.api.tes.ser.api.KafkaSerdesTester] (Thread-639) Sending message {"key11753985633987": "value-1"} to topic topic-a2cd261b_a188_49d6_93bf_7762deb8386f
2025-07-31 18:13:55,107 INFO  [io.api.tes.ser.api.KafkaSerdesTester] (Thread-639) Sending message {"key11753985633987": "value-2"} to topic topic-a2cd261b_a188_49d6_93bf_7762deb8386f
2025-07-31 18:13:55,111 INFO  [io.api.tes.ser.api.KafkaSerdesTester] (Thread-639) Sending message {"key11753985633987": "value-3"} to topic topic-a2cd261b_a188_49d6_93bf_7762deb8386f
2025-07-31 18:13:55,114 INFO  [io.api.tes.ser.api.KafkaSerdesTester] (Thread-639) Sending message {"key11753985633987": "value-4"} to topic topic-a2cd261b_a188_49d6_93bf_7762deb8386f
2025-07-31 18:13:55,115 INFO  [io.api.tes.ser.api.KafkaSerdesTester] (Thread-639) Sending message {"key11753985633987": "value-5"} to topic topic-a2cd261b_a188_49d6_93bf_7762deb8386f
2025-07-31 18:13:55,118 INFO  [io.api.tes.ser.api.KafkaSerdesTester] (Thread-639) Sending message {"key11753985633987": "value-6"} to topic topic-a2cd261b_a188_49d6_93bf_7762deb8386f
2025-07-31 18:13:55,119 INFO  [io.api.tes.ser.api.KafkaSerdesTester] (Thread-639) Sending message {"key11753985633987": "value-7"} to topic topic-a2cd261b_a188_49d6_93bf_7762deb8386f
2025-07-31 18:13:55,121 INFO  [io.api.tes.ser.api.KafkaSerdesTester] (Thread-639) Sending message {"key11753985633987": "value-8"} to topic topic-a2cd261b_a188_49d6_93bf_7762deb8386f
2025-07-31 18:13:55,123 INFO  [io.api.tes.ser.api.KafkaSerdesTester] (Thread-639) Sending message {"key11753985633987": "value-9"} to topic topic-a2cd261b_a188_49d6_93bf_7762deb8386f
2025-07-31 18:13:55,125 INFO  [io.api.tes.ser.api.KafkaSerdesTester] (Thread-639) Produced 10 messages
2025-07-31 18:13:55,125 INFO  [org.apa.kaf.cli.pro.KafkaProducer] (Thread-639) [Producer clientId=Producer-topic-a2cd261b_a188_49d6_93bf_7762deb8386f] Closing the Kafka producer with timeoutMillis = 9223372036854775807 ms.
2025-07-31 18:13:55,128 INFO  [org.apa.kaf.com.met.Metrics] (Thread-639) Metrics scheduler closed
2025-07-31 18:13:55,128 INFO  [org.apa.kaf.com.met.Metrics] (Thread-639) Closing reporter org.apache.kafka.common.metrics.JmxReporter
2025-07-31 18:13:55,128 INFO  [org.apa.kaf.com.met.Metrics] (Thread-639) Closing reporter org.apache.kafka.common.telemetry.internals.ClientTelemetryReporter
2025-07-31 18:13:55,128 INFO  [org.apa.kaf.com.met.Metrics] (Thread-639) Metrics reporters closed
2025-07-31 18:13:55,129 INFO  [org.apa.kaf.com.uti.AppInfoParser] (Thread-639) App info kafka.producer for Producer-topic-a2cd261b_a188_49d6_93bf_7762deb8386f unregistered
**** Registry Base URL: http://registry-app-postgresql.apps.ci419.apicurio-testing.org:80
2025-07-31 18:13:55,130 INFO  [org.apa.kaf.cli.con.ConsumerConfig] (main) ConsumerConfig values: 
	allow.auto.create.topics = true
	auto.commit.interval.ms = 500
	auto.include.jmx.reporter = true
	auto.offset.reset = earliest
	bootstrap.servers = [PLAINTEXT://localhost:32770]
	check.crcs = true
	client.dns.lookup = use_all_dns_ips
	client.id = consumer-Consumer-topic-a2cd261b_a188_49d6_93bf_7762deb8386f-7
	client.rack = 
	connections.max.idle.ms = 10000
	default.api.timeout.ms = 60000
	enable.auto.commit = true
	enable.metrics.push = true
	exclude.internal.topics = true
	fetch.max.bytes = 52428800
	fetch.max.wait.ms = 500
	fetch.min.bytes = 1
	group.id = Consumer-topic-a2cd261b_a188_49d6_93bf_7762deb8386f
	group.instance.id = null
	group.protocol = classic
	group.remote.assignor = null
	heartbeat.interval.ms = 3000
	interceptor.classes = []
	internal.leave.group.on.close = true
	internal.throw.on.fetch.stable.offset.unsupported = false
	isolation.level = read_uncommitted
	key.deserializer = class org.apache.kafka.common.serialization.StringDeserializer
	max.partition.fetch.bytes = 1048576
	max.poll.interval.ms = 300000
	max.poll.records = 500
	metadata.max.age.ms = 300000
	metadata.recovery.strategy = none
	metric.reporters = []
	metrics.num.samples = 2
	metrics.recording.level = INFO
	metrics.sample.window.ms = 30000
	partition.assignment.strategy = [class org.apache.kafka.clients.consumer.RangeAssignor, class org.apache.kafka.clients.consumer.CooperativeStickyAssignor]
	receive.buffer.bytes = 65536
	reconnect.backoff.max.ms = 1000
	reconnect.backoff.ms = 50
	request.timeout.ms = 5000
	retry.backoff.max.ms = 1000
	retry.backoff.ms = 100
	sasl.client.callback.handler.class = null
	sasl.jaas.config = null
	sasl.kerberos.kinit.cmd = /usr/bin/kinit
	sasl.kerberos.min.time.before.relogin = 60000
	sasl.kerberos.service.name = null
	sasl.kerberos.ticket.renew.jitter = 0.05
	sasl.kerberos.ticket.renew.window.factor = 0.8
	sasl.login.callback.handler.class = null
	sasl.login.class = null
	sasl.login.connect.timeout.ms = null
	sasl.login.read.timeout.ms = null
	sasl.login.refresh.buffer.seconds = 300
	sasl.login.refresh.min.period.seconds = 60
	sasl.login.refresh.window.factor = 0.8
	sasl.login.refresh.window.jitter = 0.05
	sasl.login.retry.backoff.max.ms = 10000
	sasl.login.retry.backoff.ms = 100
	sasl.mechanism = GSSAPI
	sasl.oauthbearer.clock.skew.seconds = 30
	sasl.oauthbearer.expected.audience = null
	sasl.oauthbearer.expected.issuer = null
	sasl.oauthbearer.header.urlencode = false
	sasl.oauthbearer.jwks.endpoint.refresh.ms = 3600000
	sasl.oauthbearer.jwks.endpoint.retry.backoff.max.ms = 10000
	sasl.oauthbearer.jwks.endpoint.retry.backoff.ms = 100
	sasl.oauthbearer.jwks.endpoint.url = null
	sasl.oauthbearer.scope.claim.name = scope
	sasl.oauthbearer.sub.claim.name = sub
	sasl.oauthbearer.token.endpoint.url = null
	security.protocol = PLAINTEXT
	security.providers = null
	send.buffer.bytes = 131072
	session.timeout.ms = 45000
	socket.connection.setup.timeout.max.ms = 30000
	socket.connection.setup.timeout.ms = 10000
	ssl.cipher.suites = null
	ssl.enabled.protocols = [TLSv1.2, TLSv1.3]
	ssl.endpoint.identification.algorithm = https
	ssl.engine.factory.class = null
	ssl.key.password = null
	ssl.keymanager.algorithm = SunX509
	ssl.keystore.certificate.chain = null
	ssl.keystore.key = null
	ssl.keystore.location = null
	ssl.keystore.password = null
	ssl.keystore.type = JKS
	ssl.protocol = TLSv1.3
	ssl.provider = null
	ssl.secure.random.implementation = null
	ssl.trustmanager.algorithm = PKIX
	ssl.truststore.certificates = null
	ssl.truststore.location = null
	ssl.truststore.password = null
	ssl.truststore.type = JKS
	value.deserializer = class io.apicurio.registry.serde.avro.AvroKafkaDeserializer

2025-07-31 18:13:55,130 INFO  [org.apa.kaf.com.tel.int.KafkaMetricsCollector] (main) initializing Kafka metrics collector
2025-07-31 18:13:55,141 INFO  [org.apa.kaf.cli.con.ConsumerConfig] (main) These configurations '[apicurio.registry.url]' were supplied but are not used yet.
2025-07-31 18:13:55,141 INFO  [org.apa.kaf.com.uti.AppInfoParser] (main) Kafka version: 3.9.1
2025-07-31 18:13:55,141 INFO  [org.apa.kaf.com.uti.AppInfoParser] (main) Kafka commitId: f745dfdcee2b9851
2025-07-31 18:13:55,141 INFO  [org.apa.kaf.com.uti.AppInfoParser] (main) Kafka startTimeMs: 1753985635141
2025-07-31 18:13:55,142 INFO  [org.apa.kaf.cli.con.int.ClassicKafkaConsumer] (Thread-642) [Consumer clientId=consumer-Consumer-topic-a2cd261b_a188_49d6_93bf_7762deb8386f-7, groupId=Consumer-topic-a2cd261b_a188_49d6_93bf_7762deb8386f] Subscribed to topic(s): topic-a2cd261b_a188_49d6_93bf_7762deb8386f
2025-07-31 18:13:55,160 INFO  [org.apa.kaf.cli.Metadata] (Thread-642) [Consumer clientId=consumer-Consumer-topic-a2cd261b_a188_49d6_93bf_7762deb8386f-7, groupId=Consumer-topic-a2cd261b_a188_49d6_93bf_7762deb8386f] Cluster ID: UuE4P2bBQU2_qF9DHmdGkA
2025-07-31 18:13:55,162 INFO  [org.apa.kaf.cli.con.int.ConsumerCoordinator] (Thread-642) [Consumer clientId=consumer-Consumer-topic-a2cd261b_a188_49d6_93bf_7762deb8386f-7, groupId=Consumer-topic-a2cd261b_a188_49d6_93bf_7762deb8386f] Discovered group coordinator localhost:32770 (id: 2147483647 rack: null)
2025-07-31 18:13:55,168 INFO  [org.apa.kaf.cli.con.int.ConsumerCoordinator] (Thread-642) [Consumer clientId=consumer-Consumer-topic-a2cd261b_a188_49d6_93bf_7762deb8386f-7, groupId=Consumer-topic-a2cd261b_a188_49d6_93bf_7762deb8386f] (Re-)joining group
2025-07-31 18:13:55,178 INFO  [org.apa.kaf.cli.con.int.ConsumerCoordinator] (Thread-642) [Consumer clientId=consumer-Consumer-topic-a2cd261b_a188_49d6_93bf_7762deb8386f-7, groupId=Consumer-topic-a2cd261b_a188_49d6_93bf_7762deb8386f] Request joining group due to: need to re-join with the given member-id: consumer-Consumer-topic-a2cd261b_a188_49d6_93bf_7762deb8386f-7-7470670f-f22e-4cd9-b223-683a90cd8c49
2025-07-31 18:13:55,178 INFO  [org.apa.kaf.cli.con.int.ConsumerCoordinator] (Thread-642) [Consumer clientId=consumer-Consumer-topic-a2cd261b_a188_49d6_93bf_7762deb8386f-7, groupId=Consumer-topic-a2cd261b_a188_49d6_93bf_7762deb8386f] (Re-)joining group
2025-07-31 18:13:55,186 INFO  [org.apa.kaf.cli.con.int.ConsumerCoordinator] (Thread-642) [Consumer clientId=consumer-Consumer-topic-a2cd261b_a188_49d6_93bf_7762deb8386f-7, groupId=Consumer-topic-a2cd261b_a188_49d6_93bf_7762deb8386f] Successfully joined group with generation Generation{generationId=1, memberId='consumer-Consumer-topic-a2cd261b_a188_49d6_93bf_7762deb8386f-7-7470670f-f22e-4cd9-b223-683a90cd8c49', protocol='range'}
2025-07-31 18:13:55,186 INFO  [org.apa.kaf.cli.con.int.ConsumerCoordinator] (Thread-642) [Consumer clientId=consumer-Consumer-topic-a2cd261b_a188_49d6_93bf_7762deb8386f-7, groupId=Consumer-topic-a2cd261b_a188_49d6_93bf_7762deb8386f] Finished assignment for group at generation 1: {consumer-Consumer-topic-a2cd261b_a188_49d6_93bf_7762deb8386f-7-7470670f-f22e-4cd9-b223-683a90cd8c49=Assignment(partitions=[topic-a2cd261b_a188_49d6_93bf_7762deb8386f-0])}
2025-07-31 18:13:55,192 INFO  [org.apa.kaf.cli.con.int.ConsumerCoordinator] (Thread-642) [Consumer clientId=consumer-Consumer-topic-a2cd261b_a188_49d6_93bf_7762deb8386f-7, groupId=Consumer-topic-a2cd261b_a188_49d6_93bf_7762deb8386f] Successfully synced group in generation Generation{generationId=1, memberId='consumer-Consumer-topic-a2cd261b_a188_49d6_93bf_7762deb8386f-7-7470670f-f22e-4cd9-b223-683a90cd8c49', protocol='range'}
2025-07-31 18:13:55,192 INFO  [org.apa.kaf.cli.con.int.ConsumerCoordinator] (Thread-642) [Consumer clientId=consumer-Consumer-topic-a2cd261b_a188_49d6_93bf_7762deb8386f-7, groupId=Consumer-topic-a2cd261b_a188_49d6_93bf_7762deb8386f] Notifying assignor about the new Assignment(partitions=[topic-a2cd261b_a188_49d6_93bf_7762deb8386f-0])
2025-07-31 18:13:55,192 INFO  [org.apa.kaf.cli.con.int.ConsumerRebalanceListenerInvoker] (Thread-642) [Consumer clientId=consumer-Consumer-topic-a2cd261b_a188_49d6_93bf_7762deb8386f-7, groupId=Consumer-topic-a2cd261b_a188_49d6_93bf_7762deb8386f] Adding newly assigned partitions: topic-a2cd261b_a188_49d6_93bf_7762deb8386f-0
2025-07-31 18:13:55,194 INFO  [org.apa.kaf.cli.con.int.ConsumerCoordinator] (Thread-642) [Consumer clientId=consumer-Consumer-topic-a2cd261b_a188_49d6_93bf_7762deb8386f-7, groupId=Consumer-topic-a2cd261b_a188_49d6_93bf_7762deb8386f] Found no committed offset for partition topic-a2cd261b_a188_49d6_93bf_7762deb8386f-0
2025-07-31 18:13:55,200 INFO  [org.apa.kaf.cli.con.int.SubscriptionState] (Thread-642) [Consumer clientId=consumer-Consumer-topic-a2cd261b_a188_49d6_93bf_7762deb8386f-7, groupId=Consumer-topic-a2cd261b_a188_49d6_93bf_7762deb8386f] Resetting offset for partition topic-a2cd261b_a188_49d6_93bf_7762deb8386f-0 to position FetchPosition{offset=0, offsetEpoch=Optional.empty, currentLeader=LeaderAndEpoch{leader=Optional[localhost:32770 (id: 0 rack: null)], epoch=0}}.
2025-07-31 18:13:55,236 INFO  [io.api.tes.ser.api.KafkaSerdesTester] (Thread-642) topic-a2cd261b_a188_49d6_93bf_7762deb8386f 0 0 {"key11753985633987": "value-0"}
2025-07-31 18:13:55,236 INFO  [io.api.tes.ser.api.KafkaSerdesTester] (Thread-642) topic-a2cd261b_a188_49d6_93bf_7762deb8386f 0 1 {"key11753985633987": "value-1"}
2025-07-31 18:13:55,236 INFO  [io.api.tes.ser.api.KafkaSerdesTester] (Thread-642) topic-a2cd261b_a188_49d6_93bf_7762deb8386f 0 2 {"key11753985633987": "value-2"}
2025-07-31 18:13:55,236 INFO  [io.api.tes.ser.api.KafkaSerdesTester] (Thread-642) topic-a2cd261b_a188_49d6_93bf_7762deb8386f 0 3 {"key11753985633987": "value-3"}
2025-07-31 18:13:55,236 INFO  [io.api.tes.ser.api.KafkaSerdesTester] (Thread-642) topic-a2cd261b_a188_49d6_93bf_7762deb8386f 0 4 {"key11753985633987": "value-4"}
2025-07-31 18:13:55,236 INFO  [io.api.tes.ser.api.KafkaSerdesTester] (Thread-642) topic-a2cd261b_a188_49d6_93bf_7762deb8386f 0 5 {"key11753985633987": "value-5"}
2025-07-31 18:13:55,236 INFO  [io.api.tes.ser.api.KafkaSerdesTester] (Thread-642) topic-a2cd261b_a188_49d6_93bf_7762deb8386f 0 6 {"key11753985633987": "value-6"}
2025-07-31 18:13:55,236 INFO  [io.api.tes.ser.api.KafkaSerdesTester] (Thread-642) topic-a2cd261b_a188_49d6_93bf_7762deb8386f 0 7 {"key11753985633987": "value-7"}
2025-07-31 18:13:55,236 INFO  [io.api.tes.ser.api.KafkaSerdesTester] (Thread-642) topic-a2cd261b_a188_49d6_93bf_7762deb8386f 0 8 {"key11753985633987": "value-8"}
2025-07-31 18:13:55,236 INFO  [io.api.tes.ser.api.KafkaSerdesTester] (Thread-642) topic-a2cd261b_a188_49d6_93bf_7762deb8386f 0 9 {"key11753985633987": "value-9"}
2025-07-31 18:13:55,236 INFO  [io.api.tes.ser.api.KafkaSerdesTester] (Thread-642) Consumed 10 messages
2025-07-31 18:13:55,241 INFO  [org.apa.kaf.cli.con.int.ConsumerRebalanceListenerInvoker] (Thread-642) [Consumer clientId=consumer-Consumer-topic-a2cd261b_a188_49d6_93bf_7762deb8386f-7, groupId=Consumer-topic-a2cd261b_a188_49d6_93bf_7762deb8386f] Revoke previously assigned partitions topic-a2cd261b_a188_49d6_93bf_7762deb8386f-0
2025-07-31 18:13:55,241 INFO  [org.apa.kaf.cli.con.int.ConsumerCoordinator] (Thread-642) [Consumer clientId=consumer-Consumer-topic-a2cd261b_a188_49d6_93bf_7762deb8386f-7, groupId=Consumer-topic-a2cd261b_a188_49d6_93bf_7762deb8386f] Member consumer-Consumer-topic-a2cd261b_a188_49d6_93bf_7762deb8386f-7-7470670f-f22e-4cd9-b223-683a90cd8c49 sending LeaveGroup request to coordinator localhost:32770 (id: 2147483647 rack: null) due to the consumer is being closed
2025-07-31 18:13:55,241 INFO  [org.apa.kaf.cli.con.int.ConsumerCoordinator] (Thread-642) [Consumer clientId=consumer-Consumer-topic-a2cd261b_a188_49d6_93bf_7762deb8386f-7, groupId=Consumer-topic-a2cd261b_a188_49d6_93bf_7762deb8386f] Resetting generation and member id due to: consumer pro-actively leaving the group
2025-07-31 18:13:55,241 INFO  [org.apa.kaf.cli.con.int.ConsumerCoordinator] (Thread-642) [Consumer clientId=consumer-Consumer-topic-a2cd261b_a188_49d6_93bf_7762deb8386f-7, groupId=Consumer-topic-a2cd261b_a188_49d6_93bf_7762deb8386f] Request joining group due to: consumer pro-actively leaving the group
2025-07-31 18:13:55,742 INFO  [org.apa.kaf.com.met.Metrics] (Thread-642) Metrics scheduler closed
2025-07-31 18:13:55,742 INFO  [org.apa.kaf.com.met.Metrics] (Thread-642) Closing reporter org.apache.kafka.common.metrics.JmxReporter
2025-07-31 18:13:55,742 INFO  [org.apa.kaf.com.met.Metrics] (Thread-642) Closing reporter org.apache.kafka.common.telemetry.internals.ClientTelemetryReporter
2025-07-31 18:13:55,742 INFO  [org.apa.kaf.com.met.Metrics] (Thread-642) Metrics reporters closed
2025-07-31 18:13:55,745 INFO  [org.apa.kaf.com.uti.AppInfoParser] (Thread-642) App info kafka.consumer for consumer-Consumer-topic-a2cd261b_a188_49d6_93bf_7762deb8386f-7 unregistered
2025-07-31 18:13:55,745 INFO  [io.api.tes.uti.TestSeparator] (main) io.apicurio.tests.serdes.apicurio.AvroSerdeIT.testTopicIdStrategyFindLatest-FINISHED
2025-07-31 18:13:55,745 INFO  [io.api.tes.uti.TestSeparator] (main) ############################################################################
Test passed: testTopicIdStrategyFindLatest
]]></system-out>
  </testcase>
  <testcase name="testAvroUnionWithSpecificReader" classname="io.apicurio.tests.serdes.apicurio.AvroSerdeIT" time="0.963">
    <system-out><![CDATA[2025-07-31 18:13:55,749 INFO  [io.api.tes.uti.TestSeparator] (main) ############################################################################
2025-07-31 18:13:55,749 INFO  [io.api.tes.uti.TestSeparator] (main) io.apicurio.tests.serdes.apicurio.AvroSerdeIT.testAvroUnionWithSpecificReader-STARTED
**** Registry Base URL: http://registry-app-postgresql.apps.ci419.apicurio-testing.org:80
2025-07-31 18:13:55,755 INFO  [org.apa.kaf.cli.pro.ProducerConfig] (main) ProducerConfig values: 
	acks = -1
	auto.include.jmx.reporter = true
	batch.size = 16384
	bootstrap.servers = [PLAINTEXT://localhost:32770]
	buffer.memory = 33554432
	client.dns.lookup = use_all_dns_ips
	client.id = Producer-topic-bb7ec1be_289d_4870_a8b8_6803484ef14d
	compression.gzip.level = -1
	compression.lz4.level = 9
	compression.type = none
	compression.zstd.level = 3
	connections.max.idle.ms = 10000
	delivery.timeout.ms = 120000
	enable.idempotence = true
	enable.metrics.push = true
	interceptor.classes = []
	key.serializer = class org.apache.kafka.common.serialization.StringSerializer
	linger.ms = 0
	max.block.ms = 60000
	max.in.flight.requests.per.connection = 5
	max.request.size = 1048576
	metadata.max.age.ms = 300000
	metadata.max.idle.ms = 300000
	metadata.recovery.strategy = none
	metric.reporters = []
	metrics.num.samples = 2
	metrics.recording.level = INFO
	metrics.sample.window.ms = 30000
	partitioner.adaptive.partitioning.enable = true
	partitioner.availability.timeout.ms = 0
	partitioner.class = null
	partitioner.ignore.keys = false
	receive.buffer.bytes = 32768
	reconnect.backoff.max.ms = 1000
	reconnect.backoff.ms = 50
	request.timeout.ms = 5000
	retries = 2147483647
	retry.backoff.max.ms = 1000
	retry.backoff.ms = 100
	sasl.client.callback.handler.class = null
	sasl.jaas.config = null
	sasl.kerberos.kinit.cmd = /usr/bin/kinit
	sasl.kerberos.min.time.before.relogin = 60000
	sasl.kerberos.service.name = null
	sasl.kerberos.ticket.renew.jitter = 0.05
	sasl.kerberos.ticket.renew.window.factor = 0.8
	sasl.login.callback.handler.class = null
	sasl.login.class = null
	sasl.login.connect.timeout.ms = null
	sasl.login.read.timeout.ms = null
	sasl.login.refresh.buffer.seconds = 300
	sasl.login.refresh.min.period.seconds = 60
	sasl.login.refresh.window.factor = 0.8
	sasl.login.refresh.window.jitter = 0.05
	sasl.login.retry.backoff.max.ms = 10000
	sasl.login.retry.backoff.ms = 100
	sasl.mechanism = GSSAPI
	sasl.oauthbearer.clock.skew.seconds = 30
	sasl.oauthbearer.expected.audience = null
	sasl.oauthbearer.expected.issuer = null
	sasl.oauthbearer.header.urlencode = false
	sasl.oauthbearer.jwks.endpoint.refresh.ms = 3600000
	sasl.oauthbearer.jwks.endpoint.retry.backoff.max.ms = 10000
	sasl.oauthbearer.jwks.endpoint.retry.backoff.ms = 100
	sasl.oauthbearer.jwks.endpoint.url = null
	sasl.oauthbearer.scope.claim.name = scope
	sasl.oauthbearer.sub.claim.name = sub
	sasl.oauthbearer.token.endpoint.url = null
	security.protocol = PLAINTEXT
	security.providers = null
	send.buffer.bytes = 131072
	socket.connection.setup.timeout.max.ms = 30000
	socket.connection.setup.timeout.ms = 10000
	ssl.cipher.suites = null
	ssl.enabled.protocols = [TLSv1.2, TLSv1.3]
	ssl.endpoint.identification.algorithm = https
	ssl.engine.factory.class = null
	ssl.key.password = null
	ssl.keymanager.algorithm = SunX509
	ssl.keystore.certificate.chain = null
	ssl.keystore.key = null
	ssl.keystore.location = null
	ssl.keystore.password = null
	ssl.keystore.type = JKS
	ssl.protocol = TLSv1.3
	ssl.provider = null
	ssl.secure.random.implementation = null
	ssl.trustmanager.algorithm = PKIX
	ssl.truststore.certificates = null
	ssl.truststore.location = null
	ssl.truststore.password = null
	ssl.truststore.type = JKS
	transaction.timeout.ms = 60000
	transactional.id = null
	value.serializer = class io.apicurio.registry.serde.avro.AvroKafkaSerializer

2025-07-31 18:13:55,755 INFO  [org.apa.kaf.com.tel.int.KafkaMetricsCollector] (main) initializing Kafka metrics collector
2025-07-31 18:13:55,759 INFO  [org.apa.kaf.cli.pro.KafkaProducer] (main) [Producer clientId=Producer-topic-bb7ec1be_289d_4870_a8b8_6803484ef14d] Instantiated an idempotent producer.
2025-07-31 18:13:55,762 INFO  [org.apa.kaf.cli.pro.ProducerConfig] (main) These configurations '[apicurio.registry.url, apicurio.registry.auto-register, apicurio.registry.artifact-resolver-strategy]' were supplied but are not used yet.
2025-07-31 18:13:55,762 INFO  [org.apa.kaf.com.uti.AppInfoParser] (main) Kafka version: 3.9.1
2025-07-31 18:13:55,763 INFO  [org.apa.kaf.com.uti.AppInfoParser] (main) Kafka commitId: f745dfdcee2b9851
2025-07-31 18:13:55,763 INFO  [org.apa.kaf.com.uti.AppInfoParser] (main) Kafka startTimeMs: 1753985635762
2025-07-31 18:13:55,763 INFO  [io.api.tes.ser.api.SimpleSerdesTesterBuilder$SimpleSerdesTester] (main) Using producer configuration: {apicurio.registry.url=http://registry-app-postgresql.apps.ci419.apicurio-testing.org:80/apis/registry/v3, apicurio.registry.auto-register=true, apicurio.registry.artifact-resolver-strategy=io.apicurio.registry.serde.strategy.TopicIdStrategy, value.serializer=io.apicurio.registry.serde.avro.AvroKafkaSerializer, request.timeout.ms=5000, acks=all, bootstrap.servers=PLAINTEXT://localhost:32770, connections.max.idle.ms=10000, key.serializer=org.apache.kafka.common.serialization.StringSerializer, client.id=Producer-topic-bb7ec1be_289d_4870_a8b8_6803484ef14d}
2025-07-31 18:13:55,763 INFO  [io.api.tes.ser.api.SimpleSerdesTesterBuilder$SimpleSerdesTester] (main) Using consumer configuration: {}
2025-07-31 18:13:55,764 INFO  [io.api.tes.ser.api.KafkaSerdesTester] (Thread-645) Sending message {"id": "record-0"} to topic topic-bb7ec1be_289d_4870_a8b8_6803484ef14d
2025-07-31 18:13:55,790 WARN  [org.apa.kaf.cli.NetworkClient] (kafka-producer-network-thread | Producer-topic-bb7ec1be_289d_4870_a8b8_6803484ef14d) [Producer clientId=Producer-topic-bb7ec1be_289d_4870_a8b8_6803484ef14d] The metadata response from the cluster reported a recoverable issue with correlation id 2 : {topic-bb7ec1be_289d_4870_a8b8_6803484ef14d=LEADER_NOT_AVAILABLE}
2025-07-31 18:13:55,791 INFO  [org.apa.kaf.cli.Metadata] (kafka-producer-network-thread | Producer-topic-bb7ec1be_289d_4870_a8b8_6803484ef14d) [Producer clientId=Producer-topic-bb7ec1be_289d_4870_a8b8_6803484ef14d] Cluster ID: UuE4P2bBQU2_qF9DHmdGkA
2025-07-31 18:13:55,791 INFO  [org.apa.kaf.cli.pro.int.TransactionManager] (kafka-producer-network-thread | Producer-topic-bb7ec1be_289d_4870_a8b8_6803484ef14d) [Producer clientId=Producer-topic-bb7ec1be_289d_4870_a8b8_6803484ef14d] ProducerId set to 10 with epoch 0
2025-07-31 18:13:55,964 INFO  [io.api.tes.ser.api.KafkaSerdesTester] (Thread-645) Sending message {"value": 1} to topic topic-bb7ec1be_289d_4870_a8b8_6803484ef14d
2025-07-31 18:13:56,013 INFO  [io.api.tes.ser.api.KafkaSerdesTester] (Thread-645) Sending message {"active": true} to topic topic-bb7ec1be_289d_4870_a8b8_6803484ef14d
2025-07-31 18:13:56,062 INFO  [io.api.tes.ser.api.KafkaSerdesTester] (Thread-645) Sending message {"id": "record-3"} to topic topic-bb7ec1be_289d_4870_a8b8_6803484ef14d
2025-07-31 18:13:56,064 INFO  [io.api.tes.ser.api.KafkaSerdesTester] (Thread-645) Sending message {"value": 4} to topic topic-bb7ec1be_289d_4870_a8b8_6803484ef14d
2025-07-31 18:13:56,066 INFO  [io.api.tes.ser.api.KafkaSerdesTester] (Thread-645) Sending message {"active": false} to topic topic-bb7ec1be_289d_4870_a8b8_6803484ef14d
2025-07-31 18:13:56,070 INFO  [io.api.tes.ser.api.KafkaSerdesTester] (Thread-645) Sending message {"id": "record-6"} to topic topic-bb7ec1be_289d_4870_a8b8_6803484ef14d
2025-07-31 18:13:56,072 INFO  [io.api.tes.ser.api.KafkaSerdesTester] (Thread-645) Sending message {"value": 7} to topic topic-bb7ec1be_289d_4870_a8b8_6803484ef14d
2025-07-31 18:13:56,073 INFO  [io.api.tes.ser.api.KafkaSerdesTester] (Thread-645) Sending message {"active": true} to topic topic-bb7ec1be_289d_4870_a8b8_6803484ef14d
2025-07-31 18:13:56,075 INFO  [io.api.tes.ser.api.KafkaSerdesTester] (Thread-645) Sending message {"id": "record-9"} to topic topic-bb7ec1be_289d_4870_a8b8_6803484ef14d
2025-07-31 18:13:56,076 INFO  [io.api.tes.ser.api.KafkaSerdesTester] (Thread-645) Produced 10 messages
2025-07-31 18:13:56,076 INFO  [org.apa.kaf.cli.pro.KafkaProducer] (Thread-645) [Producer clientId=Producer-topic-bb7ec1be_289d_4870_a8b8_6803484ef14d] Closing the Kafka producer with timeoutMillis = 9223372036854775807 ms.
2025-07-31 18:13:56,078 INFO  [org.apa.kaf.com.met.Metrics] (Thread-645) Metrics scheduler closed
2025-07-31 18:13:56,078 INFO  [org.apa.kaf.com.met.Metrics] (Thread-645) Closing reporter org.apache.kafka.common.metrics.JmxReporter
2025-07-31 18:13:56,079 INFO  [org.apa.kaf.com.met.Metrics] (Thread-645) Closing reporter org.apache.kafka.common.telemetry.internals.ClientTelemetryReporter
2025-07-31 18:13:56,079 INFO  [org.apa.kaf.com.met.Metrics] (Thread-645) Metrics reporters closed
2025-07-31 18:13:56,079 INFO  [org.apa.kaf.com.uti.AppInfoParser] (Thread-645) App info kafka.producer for Producer-topic-bb7ec1be_289d_4870_a8b8_6803484ef14d unregistered
2025-07-31 18:13:56,095 INFO  [io.api.tes.ser.api.AvroSerdeIT] (main) Artifact topic-bb7ec1be_289d_4870_a8b8_6803484ef14d-value found in registry with globalId 25
**** Registry Base URL: http://registry-app-postgresql.apps.ci419.apicurio-testing.org:80
2025-07-31 18:13:56,095 INFO  [org.apa.kaf.cli.con.ConsumerConfig] (main) ConsumerConfig values: 
	allow.auto.create.topics = true
	auto.commit.interval.ms = 500
	auto.include.jmx.reporter = true
	auto.offset.reset = earliest
	bootstrap.servers = [PLAINTEXT://localhost:32770]
	check.crcs = true
	client.dns.lookup = use_all_dns_ips
	client.id = consumer-Consumer-topic-bb7ec1be_289d_4870_a8b8_6803484ef14d-8
	client.rack = 
	connections.max.idle.ms = 10000
	default.api.timeout.ms = 60000
	enable.auto.commit = true
	enable.metrics.push = true
	exclude.internal.topics = true
	fetch.max.bytes = 52428800
	fetch.max.wait.ms = 500
	fetch.min.bytes = 1
	group.id = Consumer-topic-bb7ec1be_289d_4870_a8b8_6803484ef14d
	group.instance.id = null
	group.protocol = classic
	group.remote.assignor = null
	heartbeat.interval.ms = 3000
	interceptor.classes = []
	internal.leave.group.on.close = true
	internal.throw.on.fetch.stable.offset.unsupported = false
	isolation.level = read_uncommitted
	key.deserializer = class org.apache.kafka.common.serialization.StringDeserializer
	max.partition.fetch.bytes = 1048576
	max.poll.interval.ms = 300000
	max.poll.records = 500
	metadata.max.age.ms = 300000
	metadata.recovery.strategy = none
	metric.reporters = []
	metrics.num.samples = 2
	metrics.recording.level = INFO
	metrics.sample.window.ms = 30000
	partition.assignment.strategy = [class org.apache.kafka.clients.consumer.RangeAssignor, class org.apache.kafka.clients.consumer.CooperativeStickyAssignor]
	receive.buffer.bytes = 65536
	reconnect.backoff.max.ms = 1000
	reconnect.backoff.ms = 50
	request.timeout.ms = 5000
	retry.backoff.max.ms = 1000
	retry.backoff.ms = 100
	sasl.client.callback.handler.class = null
	sasl.jaas.config = null
	sasl.kerberos.kinit.cmd = /usr/bin/kinit
	sasl.kerberos.min.time.before.relogin = 60000
	sasl.kerberos.service.name = null
	sasl.kerberos.ticket.renew.jitter = 0.05
	sasl.kerberos.ticket.renew.window.factor = 0.8
	sasl.login.callback.handler.class = null
	sasl.login.class = null
	sasl.login.connect.timeout.ms = null
	sasl.login.read.timeout.ms = null
	sasl.login.refresh.buffer.seconds = 300
	sasl.login.refresh.min.period.seconds = 60
	sasl.login.refresh.window.factor = 0.8
	sasl.login.refresh.window.jitter = 0.05
	sasl.login.retry.backoff.max.ms = 10000
	sasl.login.retry.backoff.ms = 100
	sasl.mechanism = GSSAPI
	sasl.oauthbearer.clock.skew.seconds = 30
	sasl.oauthbearer.expected.audience = null
	sasl.oauthbearer.expected.issuer = null
	sasl.oauthbearer.header.urlencode = false
	sasl.oauthbearer.jwks.endpoint.refresh.ms = 3600000
	sasl.oauthbearer.jwks.endpoint.retry.backoff.max.ms = 10000
	sasl.oauthbearer.jwks.endpoint.retry.backoff.ms = 100
	sasl.oauthbearer.jwks.endpoint.url = null
	sasl.oauthbearer.scope.claim.name = scope
	sasl.oauthbearer.sub.claim.name = sub
	sasl.oauthbearer.token.endpoint.url = null
	security.protocol = PLAINTEXT
	security.providers = null
	send.buffer.bytes = 131072
	session.timeout.ms = 45000
	socket.connection.setup.timeout.max.ms = 30000
	socket.connection.setup.timeout.ms = 10000
	ssl.cipher.suites = null
	ssl.enabled.protocols = [TLSv1.2, TLSv1.3]
	ssl.endpoint.identification.algorithm = https
	ssl.engine.factory.class = null
	ssl.key.password = null
	ssl.keymanager.algorithm = SunX509
	ssl.keystore.certificate.chain = null
	ssl.keystore.key = null
	ssl.keystore.location = null
	ssl.keystore.password = null
	ssl.keystore.type = JKS
	ssl.protocol = TLSv1.3
	ssl.provider = null
	ssl.secure.random.implementation = null
	ssl.trustmanager.algorithm = PKIX
	ssl.truststore.certificates = null
	ssl.truststore.location = null
	ssl.truststore.password = null
	ssl.truststore.type = JKS
	value.deserializer = class io.apicurio.registry.serde.avro.AvroKafkaDeserializer

2025-07-31 18:13:56,096 INFO  [org.apa.kaf.com.tel.int.KafkaMetricsCollector] (main) initializing Kafka metrics collector
2025-07-31 18:13:56,102 INFO  [org.apa.kaf.cli.con.ConsumerConfig] (main) These configurations '[apicurio.registry.url]' were supplied but are not used yet.
2025-07-31 18:13:56,102 INFO  [org.apa.kaf.com.uti.AppInfoParser] (main) Kafka version: 3.9.1
2025-07-31 18:13:56,102 INFO  [org.apa.kaf.com.uti.AppInfoParser] (main) Kafka commitId: f745dfdcee2b9851
2025-07-31 18:13:56,102 INFO  [org.apa.kaf.com.uti.AppInfoParser] (main) Kafka startTimeMs: 1753985636102
2025-07-31 18:13:56,102 INFO  [org.apa.kaf.cli.con.int.ClassicKafkaConsumer] (Thread-648) [Consumer clientId=consumer-Consumer-topic-bb7ec1be_289d_4870_a8b8_6803484ef14d-8, groupId=Consumer-topic-bb7ec1be_289d_4870_a8b8_6803484ef14d] Subscribed to topic(s): topic-bb7ec1be_289d_4870_a8b8_6803484ef14d
2025-07-31 18:13:56,108 INFO  [org.apa.kaf.cli.Metadata] (Thread-648) [Consumer clientId=consumer-Consumer-topic-bb7ec1be_289d_4870_a8b8_6803484ef14d-8, groupId=Consumer-topic-bb7ec1be_289d_4870_a8b8_6803484ef14d] Cluster ID: UuE4P2bBQU2_qF9DHmdGkA
2025-07-31 18:13:56,110 INFO  [org.apa.kaf.cli.con.int.ConsumerCoordinator] (Thread-648) [Consumer clientId=consumer-Consumer-topic-bb7ec1be_289d_4870_a8b8_6803484ef14d-8, groupId=Consumer-topic-bb7ec1be_289d_4870_a8b8_6803484ef14d] Discovered group coordinator localhost:32770 (id: 2147483647 rack: null)
2025-07-31 18:13:56,111 INFO  [org.apa.kaf.cli.con.int.ConsumerCoordinator] (Thread-648) [Consumer clientId=consumer-Consumer-topic-bb7ec1be_289d_4870_a8b8_6803484ef14d-8, groupId=Consumer-topic-bb7ec1be_289d_4870_a8b8_6803484ef14d] (Re-)joining group
2025-07-31 18:13:56,113 INFO  [org.apa.kaf.cli.con.int.ConsumerCoordinator] (Thread-648) [Consumer clientId=consumer-Consumer-topic-bb7ec1be_289d_4870_a8b8_6803484ef14d-8, groupId=Consumer-topic-bb7ec1be_289d_4870_a8b8_6803484ef14d] Request joining group due to: need to re-join with the given member-id: consumer-Consumer-topic-bb7ec1be_289d_4870_a8b8_6803484ef14d-8-8ae05ed1-4b07-4198-9c56-d44c3d16d540
2025-07-31 18:13:56,113 INFO  [org.apa.kaf.cli.con.int.ConsumerCoordinator] (Thread-648) [Consumer clientId=consumer-Consumer-topic-bb7ec1be_289d_4870_a8b8_6803484ef14d-8, groupId=Consumer-topic-bb7ec1be_289d_4870_a8b8_6803484ef14d] (Re-)joining group
2025-07-31 18:13:56,115 INFO  [org.apa.kaf.cli.con.int.ConsumerCoordinator] (Thread-648) [Consumer clientId=consumer-Consumer-topic-bb7ec1be_289d_4870_a8b8_6803484ef14d-8, groupId=Consumer-topic-bb7ec1be_289d_4870_a8b8_6803484ef14d] Successfully joined group with generation Generation{generationId=1, memberId='consumer-Consumer-topic-bb7ec1be_289d_4870_a8b8_6803484ef14d-8-8ae05ed1-4b07-4198-9c56-d44c3d16d540', protocol='range'}
2025-07-31 18:13:56,116 INFO  [org.apa.kaf.cli.con.int.ConsumerCoordinator] (Thread-648) [Consumer clientId=consumer-Consumer-topic-bb7ec1be_289d_4870_a8b8_6803484ef14d-8, groupId=Consumer-topic-bb7ec1be_289d_4870_a8b8_6803484ef14d] Finished assignment for group at generation 1: {consumer-Consumer-topic-bb7ec1be_289d_4870_a8b8_6803484ef14d-8-8ae05ed1-4b07-4198-9c56-d44c3d16d540=Assignment(partitions=[topic-bb7ec1be_289d_4870_a8b8_6803484ef14d-0])}
2025-07-31 18:13:56,119 INFO  [org.apa.kaf.cli.con.int.ConsumerCoordinator] (Thread-648) [Consumer clientId=consumer-Consumer-topic-bb7ec1be_289d_4870_a8b8_6803484ef14d-8, groupId=Consumer-topic-bb7ec1be_289d_4870_a8b8_6803484ef14d] Successfully synced group in generation Generation{generationId=1, memberId='consumer-Consumer-topic-bb7ec1be_289d_4870_a8b8_6803484ef14d-8-8ae05ed1-4b07-4198-9c56-d44c3d16d540', protocol='range'}
2025-07-31 18:13:56,119 INFO  [org.apa.kaf.cli.con.int.ConsumerCoordinator] (Thread-648) [Consumer clientId=consumer-Consumer-topic-bb7ec1be_289d_4870_a8b8_6803484ef14d-8, groupId=Consumer-topic-bb7ec1be_289d_4870_a8b8_6803484ef14d] Notifying assignor about the new Assignment(partitions=[topic-bb7ec1be_289d_4870_a8b8_6803484ef14d-0])
2025-07-31 18:13:56,120 INFO  [org.apa.kaf.cli.con.int.ConsumerRebalanceListenerInvoker] (Thread-648) [Consumer clientId=consumer-Consumer-topic-bb7ec1be_289d_4870_a8b8_6803484ef14d-8, groupId=Consumer-topic-bb7ec1be_289d_4870_a8b8_6803484ef14d] Adding newly assigned partitions: topic-bb7ec1be_289d_4870_a8b8_6803484ef14d-0
2025-07-31 18:13:56,122 INFO  [org.apa.kaf.cli.con.int.ConsumerCoordinator] (Thread-648) [Consumer clientId=consumer-Consumer-topic-bb7ec1be_289d_4870_a8b8_6803484ef14d-8, groupId=Consumer-topic-bb7ec1be_289d_4870_a8b8_6803484ef14d] Found no committed offset for partition topic-bb7ec1be_289d_4870_a8b8_6803484ef14d-0
2025-07-31 18:13:56,127 INFO  [org.apa.kaf.cli.con.int.SubscriptionState] (Thread-648) [Consumer clientId=consumer-Consumer-topic-bb7ec1be_289d_4870_a8b8_6803484ef14d-8, groupId=Consumer-topic-bb7ec1be_289d_4870_a8b8_6803484ef14d] Resetting offset for partition topic-bb7ec1be_289d_4870_a8b8_6803484ef14d-0 to position FetchPosition{offset=0, offsetEpoch=Optional.empty, currentLeader=LeaderAndEpoch{leader=Optional[localhost:32770 (id: 0 rack: null)], epoch=0}}.
2025-07-31 18:13:56,198 INFO  [io.api.tes.ser.api.KafkaSerdesTester] (Thread-648) topic-bb7ec1be_289d_4870_a8b8_6803484ef14d 0 0 {"id": "record-0"}
2025-07-31 18:13:56,198 INFO  [io.api.tes.ser.api.KafkaSerdesTester] (Thread-648) topic-bb7ec1be_289d_4870_a8b8_6803484ef14d 0 1 {"value": 1}
2025-07-31 18:13:56,198 INFO  [io.api.tes.ser.api.KafkaSerdesTester] (Thread-648) topic-bb7ec1be_289d_4870_a8b8_6803484ef14d 0 2 {"active": true}
2025-07-31 18:13:56,198 INFO  [io.api.tes.ser.api.KafkaSerdesTester] (Thread-648) topic-bb7ec1be_289d_4870_a8b8_6803484ef14d 0 3 {"id": "record-3"}
2025-07-31 18:13:56,198 INFO  [io.api.tes.ser.api.KafkaSerdesTester] (Thread-648) topic-bb7ec1be_289d_4870_a8b8_6803484ef14d 0 4 {"value": 4}
2025-07-31 18:13:56,199 INFO  [io.api.tes.ser.api.KafkaSerdesTester] (Thread-648) topic-bb7ec1be_289d_4870_a8b8_6803484ef14d 0 5 {"active": false}
2025-07-31 18:13:56,199 INFO  [io.api.tes.ser.api.KafkaSerdesTester] (Thread-648) topic-bb7ec1be_289d_4870_a8b8_6803484ef14d 0 6 {"id": "record-6"}
2025-07-31 18:13:56,199 INFO  [io.api.tes.ser.api.KafkaSerdesTester] (Thread-648) topic-bb7ec1be_289d_4870_a8b8_6803484ef14d 0 7 {"value": 7}
2025-07-31 18:13:56,199 INFO  [io.api.tes.ser.api.KafkaSerdesTester] (Thread-648) topic-bb7ec1be_289d_4870_a8b8_6803484ef14d 0 8 {"active": true}
2025-07-31 18:13:56,199 INFO  [io.api.tes.ser.api.KafkaSerdesTester] (Thread-648) topic-bb7ec1be_289d_4870_a8b8_6803484ef14d 0 9 {"id": "record-9"}
2025-07-31 18:13:56,199 INFO  [io.api.tes.ser.api.KafkaSerdesTester] (Thread-648) Consumed 10 messages
2025-07-31 18:13:56,203 INFO  [org.apa.kaf.cli.con.int.ConsumerRebalanceListenerInvoker] (Thread-648) [Consumer clientId=consumer-Consumer-topic-bb7ec1be_289d_4870_a8b8_6803484ef14d-8, groupId=Consumer-topic-bb7ec1be_289d_4870_a8b8_6803484ef14d] Revoke previously assigned partitions topic-bb7ec1be_289d_4870_a8b8_6803484ef14d-0
2025-07-31 18:13:56,203 INFO  [org.apa.kaf.cli.con.int.ConsumerCoordinator] (Thread-648) [Consumer clientId=consumer-Consumer-topic-bb7ec1be_289d_4870_a8b8_6803484ef14d-8, groupId=Consumer-topic-bb7ec1be_289d_4870_a8b8_6803484ef14d] Member consumer-Consumer-topic-bb7ec1be_289d_4870_a8b8_6803484ef14d-8-8ae05ed1-4b07-4198-9c56-d44c3d16d540 sending LeaveGroup request to coordinator localhost:32770 (id: 2147483647 rack: null) due to the consumer is being closed
2025-07-31 18:13:56,204 INFO  [org.apa.kaf.cli.con.int.ConsumerCoordinator] (Thread-648) [Consumer clientId=consumer-Consumer-topic-bb7ec1be_289d_4870_a8b8_6803484ef14d-8, groupId=Consumer-topic-bb7ec1be_289d_4870_a8b8_6803484ef14d] Resetting generation and member id due to: consumer pro-actively leaving the group
2025-07-31 18:13:56,204 INFO  [org.apa.kaf.cli.con.int.ConsumerCoordinator] (Thread-648) [Consumer clientId=consumer-Consumer-topic-bb7ec1be_289d_4870_a8b8_6803484ef14d-8, groupId=Consumer-topic-bb7ec1be_289d_4870_a8b8_6803484ef14d] Request joining group due to: consumer pro-actively leaving the group
2025-07-31 18:13:56,705 INFO  [org.apa.kaf.com.met.Metrics] (Thread-648) Metrics scheduler closed
2025-07-31 18:13:56,705 INFO  [org.apa.kaf.com.met.Metrics] (Thread-648) Closing reporter org.apache.kafka.common.metrics.JmxReporter
2025-07-31 18:13:56,705 INFO  [org.apa.kaf.com.met.Metrics] (Thread-648) Closing reporter org.apache.kafka.common.telemetry.internals.ClientTelemetryReporter
2025-07-31 18:13:56,705 INFO  [org.apa.kaf.com.met.Metrics] (Thread-648) Metrics reporters closed
2025-07-31 18:13:56,708 INFO  [org.apa.kaf.com.uti.AppInfoParser] (Thread-648) App info kafka.consumer for consumer-Consumer-topic-bb7ec1be_289d_4870_a8b8_6803484ef14d-8 unregistered
2025-07-31 18:13:56,709 INFO  [io.api.tes.uti.TestSeparator] (main) io.apicurio.tests.serdes.apicurio.AvroSerdeIT.testAvroUnionWithSpecificReader-FINISHED
2025-07-31 18:13:56,709 INFO  [io.api.tes.uti.TestSeparator] (main) ############################################################################
Test passed: testAvroUnionWithSpecificReader
]]></system-out>
  </testcase>
  <testcase name="testEvolveAvroApicurioReusingClient" classname="io.apicurio.tests.serdes.apicurio.AvroSerdeIT" time="4.014">
    <system-out><![CDATA[2025-07-31 18:13:56,711 INFO  [io.api.tes.uti.TestSeparator] (main) ############################################################################
2025-07-31 18:13:56,711 INFO  [io.api.tes.uti.TestSeparator] (main) io.apicurio.tests.serdes.apicurio.AvroSerdeIT.testEvolveAvroApicurioReusingClient-STARTED
2025-07-31 18:13:56,712 INFO  [io.api.tes.ser.api.AvroSerdeIT] (main) Registering Avro Schema: {"type":"record","name":"s871bbc26x5321x4452xbf30x5cdf393b3e08","namespace":"ns_5cd9bc5c_4cdb_4807_a49c_6d6e1f94a00c","fields":[{"name":"key11753985636711","type":"string"}]}
**** Registry Base URL: http://registry-app-postgresql.apps.ci419.apicurio-testing.org:80
2025-07-31 18:13:57,755 INFO  [org.apa.kaf.cli.pro.ProducerConfig] (main) ProducerConfig values: 
	acks = -1
	auto.include.jmx.reporter = true
	batch.size = 16384
	bootstrap.servers = [PLAINTEXT://localhost:32770]
	buffer.memory = 33554432
	client.dns.lookup = use_all_dns_ips
	client.id = Producer-topic-9b1dac50_0438_4b1a_94a5_1eed25c70a28
	compression.gzip.level = -1
	compression.lz4.level = 9
	compression.type = none
	compression.zstd.level = 3
	connections.max.idle.ms = 10000
	delivery.timeout.ms = 120000
	enable.idempotence = true
	enable.metrics.push = true
	interceptor.classes = []
	key.serializer = class org.apache.kafka.common.serialization.StringSerializer
	linger.ms = 0
	max.block.ms = 60000
	max.in.flight.requests.per.connection = 5
	max.request.size = 1048576
	metadata.max.age.ms = 300000
	metadata.max.idle.ms = 300000
	metadata.recovery.strategy = none
	metric.reporters = []
	metrics.num.samples = 2
	metrics.recording.level = INFO
	metrics.sample.window.ms = 30000
	partitioner.adaptive.partitioning.enable = true
	partitioner.availability.timeout.ms = 0
	partitioner.class = null
	partitioner.ignore.keys = false
	receive.buffer.bytes = 32768
	reconnect.backoff.max.ms = 1000
	reconnect.backoff.ms = 50
	request.timeout.ms = 5000
	retries = 2147483647
	retry.backoff.max.ms = 1000
	retry.backoff.ms = 100
	sasl.client.callback.handler.class = null
	sasl.jaas.config = null
	sasl.kerberos.kinit.cmd = /usr/bin/kinit
	sasl.kerberos.min.time.before.relogin = 60000
	sasl.kerberos.service.name = null
	sasl.kerberos.ticket.renew.jitter = 0.05
	sasl.kerberos.ticket.renew.window.factor = 0.8
	sasl.login.callback.handler.class = null
	sasl.login.class = null
	sasl.login.connect.timeout.ms = null
	sasl.login.read.timeout.ms = null
	sasl.login.refresh.buffer.seconds = 300
	sasl.login.refresh.min.period.seconds = 60
	sasl.login.refresh.window.factor = 0.8
	sasl.login.refresh.window.jitter = 0.05
	sasl.login.retry.backoff.max.ms = 10000
	sasl.login.retry.backoff.ms = 100
	sasl.mechanism = GSSAPI
	sasl.oauthbearer.clock.skew.seconds = 30
	sasl.oauthbearer.expected.audience = null
	sasl.oauthbearer.expected.issuer = null
	sasl.oauthbearer.header.urlencode = false
	sasl.oauthbearer.jwks.endpoint.refresh.ms = 3600000
	sasl.oauthbearer.jwks.endpoint.retry.backoff.max.ms = 10000
	sasl.oauthbearer.jwks.endpoint.retry.backoff.ms = 100
	sasl.oauthbearer.jwks.endpoint.url = null
	sasl.oauthbearer.scope.claim.name = scope
	sasl.oauthbearer.sub.claim.name = sub
	sasl.oauthbearer.token.endpoint.url = null
	security.protocol = PLAINTEXT
	security.providers = null
	send.buffer.bytes = 131072
	socket.connection.setup.timeout.max.ms = 30000
	socket.connection.setup.timeout.ms = 10000
	ssl.cipher.suites = null
	ssl.enabled.protocols = [TLSv1.2, TLSv1.3]
	ssl.endpoint.identification.algorithm = https
	ssl.engine.factory.class = null
	ssl.key.password = null
	ssl.keymanager.algorithm = SunX509
	ssl.keystore.certificate.chain = null
	ssl.keystore.key = null
	ssl.keystore.location = null
	ssl.keystore.password = null
	ssl.keystore.type = JKS
	ssl.protocol = TLSv1.3
	ssl.provider = null
	ssl.secure.random.implementation = null
	ssl.trustmanager.algorithm = PKIX
	ssl.truststore.certificates = null
	ssl.truststore.location = null
	ssl.truststore.password = null
	ssl.truststore.type = JKS
	transaction.timeout.ms = 60000
	transactional.id = null
	value.serializer = class io.apicurio.registry.serde.avro.AvroKafkaSerializer

2025-07-31 18:13:57,755 INFO  [org.apa.kaf.com.tel.int.KafkaMetricsCollector] (main) initializing Kafka metrics collector
2025-07-31 18:13:57,759 INFO  [org.apa.kaf.cli.pro.KafkaProducer] (main) [Producer clientId=Producer-topic-9b1dac50_0438_4b1a_94a5_1eed25c70a28] Instantiated an idempotent producer.
2025-07-31 18:13:57,761 INFO  [org.apa.kaf.cli.pro.ProducerConfig] (main) These configurations '[apicurio.registry.url, apicurio.registry.artifact-resolver-strategy]' were supplied but are not used yet.
2025-07-31 18:13:57,763 INFO  [org.apa.kaf.com.uti.AppInfoParser] (main) Kafka version: 3.9.1
2025-07-31 18:13:57,763 INFO  [org.apa.kaf.com.uti.AppInfoParser] (main) Kafka commitId: f745dfdcee2b9851
2025-07-31 18:13:57,763 INFO  [org.apa.kaf.com.uti.AppInfoParser] (main) Kafka startTimeMs: 1753985637762
**** Registry Base URL: http://registry-app-postgresql.apps.ci419.apicurio-testing.org:80
2025-07-31 18:13:57,764 INFO  [org.apa.kaf.cli.con.ConsumerConfig] (main) ConsumerConfig values: 
	allow.auto.create.topics = true
	auto.commit.interval.ms = 500
	auto.include.jmx.reporter = true
	auto.offset.reset = earliest
	bootstrap.servers = [PLAINTEXT://localhost:32770]
	check.crcs = true
	client.dns.lookup = use_all_dns_ips
	client.id = consumer-Consumer-topic-9b1dac50_0438_4b1a_94a5_1eed25c70a28-9
	client.rack = 
	connections.max.idle.ms = 10000
	default.api.timeout.ms = 60000
	enable.auto.commit = true
	enable.metrics.push = true
	exclude.internal.topics = true
	fetch.max.bytes = 52428800
	fetch.max.wait.ms = 500
	fetch.min.bytes = 1
	group.id = Consumer-topic-9b1dac50_0438_4b1a_94a5_1eed25c70a28
	group.instance.id = null
	group.protocol = classic
	group.remote.assignor = null
	heartbeat.interval.ms = 3000
	interceptor.classes = []
	internal.leave.group.on.close = true
	internal.throw.on.fetch.stable.offset.unsupported = false
	isolation.level = read_uncommitted
	key.deserializer = class org.apache.kafka.common.serialization.StringDeserializer
	max.partition.fetch.bytes = 1048576
	max.poll.interval.ms = 300000
	max.poll.records = 500
	metadata.max.age.ms = 300000
	metadata.recovery.strategy = none
	metric.reporters = []
	metrics.num.samples = 2
	metrics.recording.level = INFO
	metrics.sample.window.ms = 30000
	partition.assignment.strategy = [class org.apache.kafka.clients.consumer.RangeAssignor, class org.apache.kafka.clients.consumer.CooperativeStickyAssignor]
	receive.buffer.bytes = 65536
	reconnect.backoff.max.ms = 1000
	reconnect.backoff.ms = 50
	request.timeout.ms = 5000
	retry.backoff.max.ms = 1000
	retry.backoff.ms = 100
	sasl.client.callback.handler.class = null
	sasl.jaas.config = null
	sasl.kerberos.kinit.cmd = /usr/bin/kinit
	sasl.kerberos.min.time.before.relogin = 60000
	sasl.kerberos.service.name = null
	sasl.kerberos.ticket.renew.jitter = 0.05
	sasl.kerberos.ticket.renew.window.factor = 0.8
	sasl.login.callback.handler.class = null
	sasl.login.class = null
	sasl.login.connect.timeout.ms = null
	sasl.login.read.timeout.ms = null
	sasl.login.refresh.buffer.seconds = 300
	sasl.login.refresh.min.period.seconds = 60
	sasl.login.refresh.window.factor = 0.8
	sasl.login.refresh.window.jitter = 0.05
	sasl.login.retry.backoff.max.ms = 10000
	sasl.login.retry.backoff.ms = 100
	sasl.mechanism = GSSAPI
	sasl.oauthbearer.clock.skew.seconds = 30
	sasl.oauthbearer.expected.audience = null
	sasl.oauthbearer.expected.issuer = null
	sasl.oauthbearer.header.urlencode = false
	sasl.oauthbearer.jwks.endpoint.refresh.ms = 3600000
	sasl.oauthbearer.jwks.endpoint.retry.backoff.max.ms = 10000
	sasl.oauthbearer.jwks.endpoint.retry.backoff.ms = 100
	sasl.oauthbearer.jwks.endpoint.url = null
	sasl.oauthbearer.scope.claim.name = scope
	sasl.oauthbearer.sub.claim.name = sub
	sasl.oauthbearer.token.endpoint.url = null
	security.protocol = PLAINTEXT
	security.providers = null
	send.buffer.bytes = 131072
	session.timeout.ms = 45000
	socket.connection.setup.timeout.max.ms = 30000
	socket.connection.setup.timeout.ms = 10000
	ssl.cipher.suites = null
	ssl.enabled.protocols = [TLSv1.2, TLSv1.3]
	ssl.endpoint.identification.algorithm = https
	ssl.engine.factory.class = null
	ssl.key.password = null
	ssl.keymanager.algorithm = SunX509
	ssl.keystore.certificate.chain = null
	ssl.keystore.key = null
	ssl.keystore.location = null
	ssl.keystore.password = null
	ssl.keystore.type = JKS
	ssl.protocol = TLSv1.3
	ssl.provider = null
	ssl.secure.random.implementation = null
	ssl.trustmanager.algorithm = PKIX
	ssl.truststore.certificates = null
	ssl.truststore.location = null
	ssl.truststore.password = null
	ssl.truststore.type = JKS
	value.deserializer = class io.apicurio.registry.serde.avro.AvroKafkaDeserializer

2025-07-31 18:13:57,765 INFO  [org.apa.kaf.com.tel.int.KafkaMetricsCollector] (main) initializing Kafka metrics collector
2025-07-31 18:13:57,769 INFO  [org.apa.kaf.cli.Metadata] (kafka-producer-network-thread | Producer-topic-9b1dac50_0438_4b1a_94a5_1eed25c70a28) [Producer clientId=Producer-topic-9b1dac50_0438_4b1a_94a5_1eed25c70a28] Cluster ID: UuE4P2bBQU2_qF9DHmdGkA
2025-07-31 18:13:57,771 INFO  [org.apa.kaf.cli.pro.int.TransactionManager] (kafka-producer-network-thread | Producer-topic-9b1dac50_0438_4b1a_94a5_1eed25c70a28) [Producer clientId=Producer-topic-9b1dac50_0438_4b1a_94a5_1eed25c70a28] ProducerId set to 11 with epoch 0
2025-07-31 18:13:57,774 INFO  [org.apa.kaf.cli.con.ConsumerConfig] (main) These configurations '[apicurio.registry.url]' were supplied but are not used yet.
2025-07-31 18:13:57,774 INFO  [org.apa.kaf.com.uti.AppInfoParser] (main) Kafka version: 3.9.1
2025-07-31 18:13:57,774 INFO  [org.apa.kaf.com.uti.AppInfoParser] (main) Kafka commitId: f745dfdcee2b9851
2025-07-31 18:13:57,774 INFO  [org.apa.kaf.com.uti.AppInfoParser] (main) Kafka startTimeMs: 1753985637774
2025-07-31 18:13:57,779 INFO  [io.api.tes.ser.api.KafkaSerdesTester] (Thread-653) Sending message {"key11753985636711": "value-0"} to topic topic-9b1dac50_0438_4b1a_94a5_1eed25c70a28
2025-07-31 18:13:57,782 INFO  [DefaultSchemaResolver] (Thread-653) Retrieving schema content using string: {"type":"record","name":"s871bbc26x5321x4452xbf30x5cdf393b3e08","namespace":"ns_5cd9bc5c_4cdb_4807_a49c_6d6e1f94a00c","fields":[{"name":"key11753985636711","type":"string"}]}
2025-07-31 18:13:57,808 INFO  [io.api.tes.ser.api.KafkaSerdesTester] (Thread-653) Sending message {"key11753985636711": "value-1"} to topic topic-9b1dac50_0438_4b1a_94a5_1eed25c70a28
2025-07-31 18:13:57,812 INFO  [io.api.tes.ser.api.KafkaSerdesTester] (Thread-653) Sending message {"key11753985636711": "value-2"} to topic topic-9b1dac50_0438_4b1a_94a5_1eed25c70a28
2025-07-31 18:13:57,814 INFO  [io.api.tes.ser.api.KafkaSerdesTester] (Thread-653) Sending message {"key11753985636711": "value-3"} to topic topic-9b1dac50_0438_4b1a_94a5_1eed25c70a28
2025-07-31 18:13:57,818 INFO  [io.api.tes.ser.api.KafkaSerdesTester] (Thread-653) Sending message {"key11753985636711": "value-4"} to topic topic-9b1dac50_0438_4b1a_94a5_1eed25c70a28
2025-07-31 18:13:57,823 INFO  [io.api.tes.ser.api.KafkaSerdesTester] (Thread-653) Sending message {"key11753985636711": "value-5"} to topic topic-9b1dac50_0438_4b1a_94a5_1eed25c70a28
2025-07-31 18:13:57,825 INFO  [io.api.tes.ser.api.KafkaSerdesTester] (Thread-653) Sending message {"key11753985636711": "value-6"} to topic topic-9b1dac50_0438_4b1a_94a5_1eed25c70a28
2025-07-31 18:13:57,826 INFO  [io.api.tes.ser.api.KafkaSerdesTester] (Thread-653) Sending message {"key11753985636711": "value-7"} to topic topic-9b1dac50_0438_4b1a_94a5_1eed25c70a28
2025-07-31 18:13:57,830 INFO  [io.api.tes.ser.api.KafkaSerdesTester] (Thread-653) Sending message {"key11753985636711": "value-8"} to topic topic-9b1dac50_0438_4b1a_94a5_1eed25c70a28
2025-07-31 18:13:57,832 INFO  [io.api.tes.ser.api.KafkaSerdesTester] (Thread-653) Sending message {"key11753985636711": "value-9"} to topic topic-9b1dac50_0438_4b1a_94a5_1eed25c70a28
2025-07-31 18:13:57,837 INFO  [io.api.tes.ser.api.KafkaSerdesTester] (Thread-653) Produced 10 messages
2025-07-31 18:13:57,839 INFO  [org.apa.kaf.cli.con.int.ClassicKafkaConsumer] (Thread-654) [Consumer clientId=consumer-Consumer-topic-9b1dac50_0438_4b1a_94a5_1eed25c70a28-9, groupId=Consumer-topic-9b1dac50_0438_4b1a_94a5_1eed25c70a28] Subscribed to topic(s): topic-9b1dac50_0438_4b1a_94a5_1eed25c70a28
2025-07-31 18:13:57,847 INFO  [org.apa.kaf.cli.Metadata] (Thread-654) [Consumer clientId=consumer-Consumer-topic-9b1dac50_0438_4b1a_94a5_1eed25c70a28-9, groupId=Consumer-topic-9b1dac50_0438_4b1a_94a5_1eed25c70a28] Cluster ID: UuE4P2bBQU2_qF9DHmdGkA
2025-07-31 18:13:57,847 INFO  [org.apa.kaf.cli.con.int.ConsumerCoordinator] (Thread-654) [Consumer clientId=consumer-Consumer-topic-9b1dac50_0438_4b1a_94a5_1eed25c70a28-9, groupId=Consumer-topic-9b1dac50_0438_4b1a_94a5_1eed25c70a28] Discovered group coordinator localhost:32770 (id: 2147483647 rack: null)
2025-07-31 18:13:57,851 INFO  [org.apa.kaf.cli.con.int.ConsumerCoordinator] (Thread-654) [Consumer clientId=consumer-Consumer-topic-9b1dac50_0438_4b1a_94a5_1eed25c70a28-9, groupId=Consumer-topic-9b1dac50_0438_4b1a_94a5_1eed25c70a28] (Re-)joining group
2025-07-31 18:13:57,854 INFO  [org.apa.kaf.cli.con.int.ConsumerCoordinator] (Thread-654) [Consumer clientId=consumer-Consumer-topic-9b1dac50_0438_4b1a_94a5_1eed25c70a28-9, groupId=Consumer-topic-9b1dac50_0438_4b1a_94a5_1eed25c70a28] Request joining group due to: need to re-join with the given member-id: consumer-Consumer-topic-9b1dac50_0438_4b1a_94a5_1eed25c70a28-9-bcc87ae7-2556-434f-b74e-6b52989beb26
2025-07-31 18:13:57,854 INFO  [org.apa.kaf.cli.con.int.ConsumerCoordinator] (Thread-654) [Consumer clientId=consumer-Consumer-topic-9b1dac50_0438_4b1a_94a5_1eed25c70a28-9, groupId=Consumer-topic-9b1dac50_0438_4b1a_94a5_1eed25c70a28] (Re-)joining group
2025-07-31 18:13:57,857 INFO  [org.apa.kaf.cli.con.int.ConsumerCoordinator] (Thread-654) [Consumer clientId=consumer-Consumer-topic-9b1dac50_0438_4b1a_94a5_1eed25c70a28-9, groupId=Consumer-topic-9b1dac50_0438_4b1a_94a5_1eed25c70a28] Successfully joined group with generation Generation{generationId=1, memberId='consumer-Consumer-topic-9b1dac50_0438_4b1a_94a5_1eed25c70a28-9-bcc87ae7-2556-434f-b74e-6b52989beb26', protocol='range'}
2025-07-31 18:13:57,857 INFO  [org.apa.kaf.cli.con.int.ConsumerCoordinator] (Thread-654) [Consumer clientId=consumer-Consumer-topic-9b1dac50_0438_4b1a_94a5_1eed25c70a28-9, groupId=Consumer-topic-9b1dac50_0438_4b1a_94a5_1eed25c70a28] Finished assignment for group at generation 1: {consumer-Consumer-topic-9b1dac50_0438_4b1a_94a5_1eed25c70a28-9-bcc87ae7-2556-434f-b74e-6b52989beb26=Assignment(partitions=[topic-9b1dac50_0438_4b1a_94a5_1eed25c70a28-0])}
2025-07-31 18:13:57,861 INFO  [org.apa.kaf.cli.con.int.ConsumerCoordinator] (Thread-654) [Consumer clientId=consumer-Consumer-topic-9b1dac50_0438_4b1a_94a5_1eed25c70a28-9, groupId=Consumer-topic-9b1dac50_0438_4b1a_94a5_1eed25c70a28] Successfully synced group in generation Generation{generationId=1, memberId='consumer-Consumer-topic-9b1dac50_0438_4b1a_94a5_1eed25c70a28-9-bcc87ae7-2556-434f-b74e-6b52989beb26', protocol='range'}
2025-07-31 18:13:57,861 INFO  [org.apa.kaf.cli.con.int.ConsumerCoordinator] (Thread-654) [Consumer clientId=consumer-Consumer-topic-9b1dac50_0438_4b1a_94a5_1eed25c70a28-9, groupId=Consumer-topic-9b1dac50_0438_4b1a_94a5_1eed25c70a28] Notifying assignor about the new Assignment(partitions=[topic-9b1dac50_0438_4b1a_94a5_1eed25c70a28-0])
2025-07-31 18:13:57,861 INFO  [org.apa.kaf.cli.con.int.ConsumerRebalanceListenerInvoker] (Thread-654) [Consumer clientId=consumer-Consumer-topic-9b1dac50_0438_4b1a_94a5_1eed25c70a28-9, groupId=Consumer-topic-9b1dac50_0438_4b1a_94a5_1eed25c70a28] Adding newly assigned partitions: topic-9b1dac50_0438_4b1a_94a5_1eed25c70a28-0
2025-07-31 18:13:57,864 INFO  [org.apa.kaf.cli.con.int.ConsumerCoordinator] (Thread-654) [Consumer clientId=consumer-Consumer-topic-9b1dac50_0438_4b1a_94a5_1eed25c70a28-9, groupId=Consumer-topic-9b1dac50_0438_4b1a_94a5_1eed25c70a28] Found no committed offset for partition topic-9b1dac50_0438_4b1a_94a5_1eed25c70a28-0
2025-07-31 18:13:57,872 INFO  [org.apa.kaf.cli.con.int.SubscriptionState] (Thread-654) [Consumer clientId=consumer-Consumer-topic-9b1dac50_0438_4b1a_94a5_1eed25c70a28-9, groupId=Consumer-topic-9b1dac50_0438_4b1a_94a5_1eed25c70a28] Resetting offset for partition topic-9b1dac50_0438_4b1a_94a5_1eed25c70a28-0 to position FetchPosition{offset=0, offsetEpoch=Optional.empty, currentLeader=LeaderAndEpoch{leader=Optional[localhost:32770 (id: 0 rack: null)], epoch=0}}.
2025-07-31 18:13:57,916 INFO  [io.api.tes.ser.api.KafkaSerdesTester] (Thread-654) topic-9b1dac50_0438_4b1a_94a5_1eed25c70a28 0 0 {"key11753985636711": "value-0"}
2025-07-31 18:13:57,916 INFO  [io.api.tes.ser.api.KafkaSerdesTester] (Thread-654) topic-9b1dac50_0438_4b1a_94a5_1eed25c70a28 0 1 {"key11753985636711": "value-1"}
2025-07-31 18:13:57,916 INFO  [io.api.tes.ser.api.KafkaSerdesTester] (Thread-654) topic-9b1dac50_0438_4b1a_94a5_1eed25c70a28 0 2 {"key11753985636711": "value-2"}
2025-07-31 18:13:57,916 INFO  [io.api.tes.ser.api.KafkaSerdesTester] (Thread-654) topic-9b1dac50_0438_4b1a_94a5_1eed25c70a28 0 3 {"key11753985636711": "value-3"}
2025-07-31 18:13:57,916 INFO  [io.api.tes.ser.api.KafkaSerdesTester] (Thread-654) topic-9b1dac50_0438_4b1a_94a5_1eed25c70a28 0 4 {"key11753985636711": "value-4"}
2025-07-31 18:13:57,916 INFO  [io.api.tes.ser.api.KafkaSerdesTester] (Thread-654) topic-9b1dac50_0438_4b1a_94a5_1eed25c70a28 0 5 {"key11753985636711": "value-5"}
2025-07-31 18:13:57,916 INFO  [io.api.tes.ser.api.KafkaSerdesTester] (Thread-654) topic-9b1dac50_0438_4b1a_94a5_1eed25c70a28 0 6 {"key11753985636711": "value-6"}
2025-07-31 18:13:57,916 INFO  [io.api.tes.ser.api.KafkaSerdesTester] (Thread-654) topic-9b1dac50_0438_4b1a_94a5_1eed25c70a28 0 7 {"key11753985636711": "value-7"}
2025-07-31 18:13:57,916 INFO  [io.api.tes.ser.api.KafkaSerdesTester] (Thread-654) topic-9b1dac50_0438_4b1a_94a5_1eed25c70a28 0 8 {"key11753985636711": "value-8"}
2025-07-31 18:13:57,916 INFO  [io.api.tes.ser.api.KafkaSerdesTester] (Thread-654) topic-9b1dac50_0438_4b1a_94a5_1eed25c70a28 0 9 {"key11753985636711": "value-9"}
2025-07-31 18:13:57,916 INFO  [io.api.tes.ser.api.KafkaSerdesTester] (Thread-654) Consumed 10 messages
2025-07-31 18:13:57,917 INFO  [io.api.tes.ser.api.AvroSerdeIT] (main) Registering Avro Schema 2: {"type":"record","name":"s871bbc26x5321x4452xbf30x5cdf393b3e08","namespace":"ns_5cd9bc5c_4cdb_4807_a49c_6d6e1f94a00c","fields":[{"name":"key11753985636711","type":"string"},{"name":"key21753985637916","type":"string"}]}
2025-07-31 18:13:58,974 INFO  [io.api.tes.ser.api.KafkaSerdesTester] (Thread-655) Sending message {"key11753985636711": "value-0", "key21753985637916": "value-0"} to topic topic-9b1dac50_0438_4b1a_94a5_1eed25c70a28
2025-07-31 18:13:58,975 INFO  [DefaultSchemaResolver] (Thread-655) Retrieving schema content using string: {"type":"record","name":"s871bbc26x5321x4452xbf30x5cdf393b3e08","namespace":"ns_5cd9bc5c_4cdb_4807_a49c_6d6e1f94a00c","fields":[{"name":"key11753985636711","type":"string"},{"name":"key21753985637916","type":"string"}]}
2025-07-31 18:13:58,993 INFO  [io.api.tes.ser.api.KafkaSerdesTester] (Thread-655) Sending message {"key11753985636711": "value-1", "key21753985637916": "value-1"} to topic topic-9b1dac50_0438_4b1a_94a5_1eed25c70a28
2025-07-31 18:13:58,994 INFO  [io.api.tes.ser.api.KafkaSerdesTester] (Thread-655) Sending message {"key11753985636711": "value-2", "key21753985637916": "value-2"} to topic topic-9b1dac50_0438_4b1a_94a5_1eed25c70a28
2025-07-31 18:13:58,998 INFO  [io.api.tes.ser.api.KafkaSerdesTester] (Thread-655) Sending message {"key11753985636711": "value-3", "key21753985637916": "value-3"} to topic topic-9b1dac50_0438_4b1a_94a5_1eed25c70a28
2025-07-31 18:13:59,002 INFO  [io.api.tes.ser.api.KafkaSerdesTester] (Thread-655) Sending message {"key11753985636711": "value-4", "key21753985637916": "value-4"} to topic topic-9b1dac50_0438_4b1a_94a5_1eed25c70a28
2025-07-31 18:13:59,005 INFO  [io.api.tes.ser.api.KafkaSerdesTester] (Thread-655) Sending message {"key11753985636711": "value-5", "key21753985637916": "value-5"} to topic topic-9b1dac50_0438_4b1a_94a5_1eed25c70a28
2025-07-31 18:13:59,007 INFO  [io.api.tes.ser.api.KafkaSerdesTester] (Thread-655) Sending message {"key11753985636711": "value-6", "key21753985637916": "value-6"} to topic topic-9b1dac50_0438_4b1a_94a5_1eed25c70a28
2025-07-31 18:13:59,012 INFO  [io.api.tes.ser.api.KafkaSerdesTester] (Thread-655) Sending message {"key11753985636711": "value-7", "key21753985637916": "value-7"} to topic topic-9b1dac50_0438_4b1a_94a5_1eed25c70a28
2025-07-31 18:13:59,015 INFO  [io.api.tes.ser.api.KafkaSerdesTester] (Thread-655) Sending message {"key11753985636711": "value-8", "key21753985637916": "value-8"} to topic topic-9b1dac50_0438_4b1a_94a5_1eed25c70a28
2025-07-31 18:13:59,017 INFO  [io.api.tes.ser.api.KafkaSerdesTester] (Thread-655) Sending message {"key11753985636711": "value-9", "key21753985637916": "value-9"} to topic topic-9b1dac50_0438_4b1a_94a5_1eed25c70a28
2025-07-31 18:13:59,019 INFO  [io.api.tes.ser.api.KafkaSerdesTester] (Thread-655) Produced 10 messages
2025-07-31 18:13:59,019 INFO  [io.api.tes.ser.api.KafkaSerdesTester] (Thread-656) Sending message {"key11753985636711": "value-0"} to topic topic-9b1dac50_0438_4b1a_94a5_1eed25c70a28
2025-07-31 18:13:59,021 INFO  [io.api.tes.ser.api.KafkaSerdesTester] (Thread-656) Sending message {"key11753985636711": "value-1"} to topic topic-9b1dac50_0438_4b1a_94a5_1eed25c70a28
2025-07-31 18:13:59,024 INFO  [io.api.tes.ser.api.KafkaSerdesTester] (Thread-656) Sending message {"key11753985636711": "value-2"} to topic topic-9b1dac50_0438_4b1a_94a5_1eed25c70a28
2025-07-31 18:13:59,026 INFO  [io.api.tes.ser.api.KafkaSerdesTester] (Thread-656) Sending message {"key11753985636711": "value-3"} to topic topic-9b1dac50_0438_4b1a_94a5_1eed25c70a28
2025-07-31 18:13:59,027 INFO  [io.api.tes.ser.api.KafkaSerdesTester] (Thread-656) Sending message {"key11753985636711": "value-4"} to topic topic-9b1dac50_0438_4b1a_94a5_1eed25c70a28
2025-07-31 18:13:59,029 INFO  [io.api.tes.ser.api.KafkaSerdesTester] (Thread-656) Sending message {"key11753985636711": "value-5"} to topic topic-9b1dac50_0438_4b1a_94a5_1eed25c70a28
2025-07-31 18:13:59,031 INFO  [io.api.tes.ser.api.KafkaSerdesTester] (Thread-656) Sending message {"key11753985636711": "value-6"} to topic topic-9b1dac50_0438_4b1a_94a5_1eed25c70a28
2025-07-31 18:13:59,033 INFO  [io.api.tes.ser.api.KafkaSerdesTester] (Thread-656) Sending message {"key11753985636711": "value-7"} to topic topic-9b1dac50_0438_4b1a_94a5_1eed25c70a28
2025-07-31 18:13:59,034 INFO  [io.api.tes.ser.api.KafkaSerdesTester] (Thread-656) Sending message {"key11753985636711": "value-8"} to topic topic-9b1dac50_0438_4b1a_94a5_1eed25c70a28
2025-07-31 18:13:59,037 INFO  [io.api.tes.ser.api.KafkaSerdesTester] (Thread-656) Sending message {"key11753985636711": "value-9"} to topic topic-9b1dac50_0438_4b1a_94a5_1eed25c70a28
2025-07-31 18:13:59,038 INFO  [io.api.tes.ser.api.KafkaSerdesTester] (Thread-656) Produced 10 messages
2025-07-31 18:13:59,040 INFO  [org.apa.kaf.cli.con.int.ClassicKafkaConsumer] (Thread-657) [Consumer clientId=consumer-Consumer-topic-9b1dac50_0438_4b1a_94a5_1eed25c70a28-9, groupId=Consumer-topic-9b1dac50_0438_4b1a_94a5_1eed25c70a28] Subscribed to topic(s): topic-9b1dac50_0438_4b1a_94a5_1eed25c70a28
2025-07-31 18:13:59,068 INFO  [io.api.tes.ser.api.KafkaSerdesTester] (Thread-657) topic-9b1dac50_0438_4b1a_94a5_1eed25c70a28 0 10 {"key11753985636711": "value-0", "key21753985637916": "value-0"}
2025-07-31 18:13:59,068 INFO  [io.api.tes.ser.api.KafkaSerdesTester] (Thread-657) topic-9b1dac50_0438_4b1a_94a5_1eed25c70a28 0 11 {"key11753985636711": "value-1", "key21753985637916": "value-1"}
2025-07-31 18:13:59,068 INFO  [io.api.tes.ser.api.KafkaSerdesTester] (Thread-657) topic-9b1dac50_0438_4b1a_94a5_1eed25c70a28 0 12 {"key11753985636711": "value-2", "key21753985637916": "value-2"}
2025-07-31 18:13:59,068 INFO  [io.api.tes.ser.api.KafkaSerdesTester] (Thread-657) topic-9b1dac50_0438_4b1a_94a5_1eed25c70a28 0 13 {"key11753985636711": "value-3", "key21753985637916": "value-3"}
2025-07-31 18:13:59,068 INFO  [io.api.tes.ser.api.KafkaSerdesTester] (Thread-657) topic-9b1dac50_0438_4b1a_94a5_1eed25c70a28 0 14 {"key11753985636711": "value-4", "key21753985637916": "value-4"}
2025-07-31 18:13:59,068 INFO  [io.api.tes.ser.api.KafkaSerdesTester] (Thread-657) topic-9b1dac50_0438_4b1a_94a5_1eed25c70a28 0 15 {"key11753985636711": "value-5", "key21753985637916": "value-5"}
2025-07-31 18:13:59,068 INFO  [io.api.tes.ser.api.KafkaSerdesTester] (Thread-657) topic-9b1dac50_0438_4b1a_94a5_1eed25c70a28 0 16 {"key11753985636711": "value-6", "key21753985637916": "value-6"}
2025-07-31 18:13:59,068 INFO  [io.api.tes.ser.api.KafkaSerdesTester] (Thread-657) topic-9b1dac50_0438_4b1a_94a5_1eed25c70a28 0 17 {"key11753985636711": "value-7", "key21753985637916": "value-7"}
2025-07-31 18:13:59,068 INFO  [io.api.tes.ser.api.KafkaSerdesTester] (Thread-657) topic-9b1dac50_0438_4b1a_94a5_1eed25c70a28 0 18 {"key11753985636711": "value-8", "key21753985637916": "value-8"}
2025-07-31 18:13:59,068 INFO  [io.api.tes.ser.api.KafkaSerdesTester] (Thread-657) topic-9b1dac50_0438_4b1a_94a5_1eed25c70a28 0 19 {"key11753985636711": "value-9", "key21753985637916": "value-9"}
2025-07-31 18:13:59,068 INFO  [io.api.tes.ser.api.KafkaSerdesTester] (Thread-657) topic-9b1dac50_0438_4b1a_94a5_1eed25c70a28 0 20 {"key11753985636711": "value-0"}
2025-07-31 18:13:59,068 INFO  [io.api.tes.ser.api.KafkaSerdesTester] (Thread-657) topic-9b1dac50_0438_4b1a_94a5_1eed25c70a28 0 21 {"key11753985636711": "value-1"}
2025-07-31 18:13:59,068 INFO  [io.api.tes.ser.api.KafkaSerdesTester] (Thread-657) topic-9b1dac50_0438_4b1a_94a5_1eed25c70a28 0 22 {"key11753985636711": "value-2"}
2025-07-31 18:13:59,069 INFO  [io.api.tes.ser.api.KafkaSerdesTester] (Thread-657) topic-9b1dac50_0438_4b1a_94a5_1eed25c70a28 0 23 {"key11753985636711": "value-3"}
2025-07-31 18:13:59,069 INFO  [io.api.tes.ser.api.KafkaSerdesTester] (Thread-657) topic-9b1dac50_0438_4b1a_94a5_1eed25c70a28 0 24 {"key11753985636711": "value-4"}
2025-07-31 18:13:59,069 INFO  [io.api.tes.ser.api.KafkaSerdesTester] (Thread-657) topic-9b1dac50_0438_4b1a_94a5_1eed25c70a28 0 25 {"key11753985636711": "value-5"}
2025-07-31 18:13:59,069 INFO  [io.api.tes.ser.api.KafkaSerdesTester] (Thread-657) topic-9b1dac50_0438_4b1a_94a5_1eed25c70a28 0 26 {"key11753985636711": "value-6"}
2025-07-31 18:13:59,069 INFO  [io.api.tes.ser.api.KafkaSerdesTester] (Thread-657) topic-9b1dac50_0438_4b1a_94a5_1eed25c70a28 0 27 {"key11753985636711": "value-7"}
2025-07-31 18:13:59,069 INFO  [io.api.tes.ser.api.KafkaSerdesTester] (Thread-657) topic-9b1dac50_0438_4b1a_94a5_1eed25c70a28 0 28 {"key11753985636711": "value-8"}
2025-07-31 18:13:59,069 INFO  [io.api.tes.ser.api.KafkaSerdesTester] (Thread-657) topic-9b1dac50_0438_4b1a_94a5_1eed25c70a28 0 29 {"key11753985636711": "value-9"}
2025-07-31 18:13:59,069 INFO  [io.api.tes.ser.api.KafkaSerdesTester] (Thread-657) Consumed 20 messages
2025-07-31 18:13:59,070 INFO  [io.api.tes.ser.api.AvroSerdeIT] (main) Registering Avro Schema 3: {"type":"record","name":"s871bbc26x5321x4452xbf30x5cdf393b3e08","namespace":"ns_5cd9bc5c_4cdb_4807_a49c_6d6e1f94a00c","fields":[{"name":"key11753985636711","type":"string"},{"name":"key21753985637916","type":"string"},{"name":"key31753985639069","type":"string"}]}
2025-07-31 18:14:00,112 INFO  [io.api.tes.ser.api.KafkaSerdesTester] (Thread-658) Sending message {"key11753985636711": "value-0", "key21753985637916": "value-0", "key31753985639069": "value-0"} to topic topic-9b1dac50_0438_4b1a_94a5_1eed25c70a28
2025-07-31 18:14:00,112 INFO  [DefaultSchemaResolver] (Thread-658) Retrieving schema content using string: {"type":"record","name":"s871bbc26x5321x4452xbf30x5cdf393b3e08","namespace":"ns_5cd9bc5c_4cdb_4807_a49c_6d6e1f94a00c","fields":[{"name":"key11753985636711","type":"string"},{"name":"key21753985637916","type":"string"},{"name":"key31753985639069","type":"string"}]}
2025-07-31 18:14:00,134 INFO  [io.api.tes.ser.api.KafkaSerdesTester] (Thread-658) Sending message {"key11753985636711": "value-1", "key21753985637916": "value-1", "key31753985639069": "value-1"} to topic topic-9b1dac50_0438_4b1a_94a5_1eed25c70a28
2025-07-31 18:14:00,135 INFO  [io.api.tes.ser.api.KafkaSerdesTester] (Thread-658) Sending message {"key11753985636711": "value-2", "key21753985637916": "value-2", "key31753985639069": "value-2"} to topic topic-9b1dac50_0438_4b1a_94a5_1eed25c70a28
2025-07-31 18:14:00,136 INFO  [io.api.tes.ser.api.KafkaSerdesTester] (Thread-658) Sending message {"key11753985636711": "value-3", "key21753985637916": "value-3", "key31753985639069": "value-3"} to topic topic-9b1dac50_0438_4b1a_94a5_1eed25c70a28
2025-07-31 18:14:00,138 INFO  [io.api.tes.ser.api.KafkaSerdesTester] (Thread-658) Sending message {"key11753985636711": "value-4", "key21753985637916": "value-4", "key31753985639069": "value-4"} to topic topic-9b1dac50_0438_4b1a_94a5_1eed25c70a28
2025-07-31 18:14:00,139 INFO  [io.api.tes.ser.api.KafkaSerdesTester] (Thread-658) Sending message {"key11753985636711": "value-5", "key21753985637916": "value-5", "key31753985639069": "value-5"} to topic topic-9b1dac50_0438_4b1a_94a5_1eed25c70a28
2025-07-31 18:14:00,141 INFO  [io.api.tes.ser.api.KafkaSerdesTester] (Thread-658) Sending message {"key11753985636711": "value-6", "key21753985637916": "value-6", "key31753985639069": "value-6"} to topic topic-9b1dac50_0438_4b1a_94a5_1eed25c70a28
2025-07-31 18:14:00,142 INFO  [io.api.tes.ser.api.KafkaSerdesTester] (Thread-658) Sending message {"key11753985636711": "value-7", "key21753985637916": "value-7", "key31753985639069": "value-7"} to topic topic-9b1dac50_0438_4b1a_94a5_1eed25c70a28
2025-07-31 18:14:00,144 INFO  [io.api.tes.ser.api.KafkaSerdesTester] (Thread-658) Sending message {"key11753985636711": "value-8", "key21753985637916": "value-8", "key31753985639069": "value-8"} to topic topic-9b1dac50_0438_4b1a_94a5_1eed25c70a28
2025-07-31 18:14:00,145 INFO  [io.api.tes.ser.api.KafkaSerdesTester] (Thread-658) Sending message {"key11753985636711": "value-9", "key21753985637916": "value-9", "key31753985639069": "value-9"} to topic topic-9b1dac50_0438_4b1a_94a5_1eed25c70a28
2025-07-31 18:14:00,147 INFO  [io.api.tes.ser.api.KafkaSerdesTester] (Thread-658) Produced 10 messages
2025-07-31 18:14:00,148 INFO  [io.api.tes.ser.api.KafkaSerdesTester] (Thread-659) Sending message {"key11753985636711": "value-0", "key21753985637916": "value-0"} to topic topic-9b1dac50_0438_4b1a_94a5_1eed25c70a28
2025-07-31 18:14:00,150 INFO  [io.api.tes.ser.api.KafkaSerdesTester] (Thread-659) Sending message {"key11753985636711": "value-1", "key21753985637916": "value-1"} to topic topic-9b1dac50_0438_4b1a_94a5_1eed25c70a28
2025-07-31 18:14:00,151 INFO  [io.api.tes.ser.api.KafkaSerdesTester] (Thread-659) Sending message {"key11753985636711": "value-2", "key21753985637916": "value-2"} to topic topic-9b1dac50_0438_4b1a_94a5_1eed25c70a28
2025-07-31 18:14:00,153 INFO  [io.api.tes.ser.api.KafkaSerdesTester] (Thread-659) Sending message {"key11753985636711": "value-3", "key21753985637916": "value-3"} to topic topic-9b1dac50_0438_4b1a_94a5_1eed25c70a28
2025-07-31 18:14:00,154 INFO  [io.api.tes.ser.api.KafkaSerdesTester] (Thread-659) Sending message {"key11753985636711": "value-4", "key21753985637916": "value-4"} to topic topic-9b1dac50_0438_4b1a_94a5_1eed25c70a28
2025-07-31 18:14:00,156 INFO  [io.api.tes.ser.api.KafkaSerdesTester] (Thread-659) Sending message {"key11753985636711": "value-5", "key21753985637916": "value-5"} to topic topic-9b1dac50_0438_4b1a_94a5_1eed25c70a28
2025-07-31 18:14:00,157 INFO  [io.api.tes.ser.api.KafkaSerdesTester] (Thread-659) Sending message {"key11753985636711": "value-6", "key21753985637916": "value-6"} to topic topic-9b1dac50_0438_4b1a_94a5_1eed25c70a28
2025-07-31 18:14:00,159 INFO  [io.api.tes.ser.api.KafkaSerdesTester] (Thread-659) Sending message {"key11753985636711": "value-7", "key21753985637916": "value-7"} to topic topic-9b1dac50_0438_4b1a_94a5_1eed25c70a28
2025-07-31 18:14:00,163 INFO  [io.api.tes.ser.api.KafkaSerdesTester] (Thread-659) Sending message {"key11753985636711": "value-8", "key21753985637916": "value-8"} to topic topic-9b1dac50_0438_4b1a_94a5_1eed25c70a28
2025-07-31 18:14:00,164 INFO  [io.api.tes.ser.api.KafkaSerdesTester] (Thread-659) Sending message {"key11753985636711": "value-9", "key21753985637916": "value-9"} to topic topic-9b1dac50_0438_4b1a_94a5_1eed25c70a28
2025-07-31 18:14:00,165 INFO  [io.api.tes.ser.api.KafkaSerdesTester] (Thread-659) Produced 10 messages
2025-07-31 18:14:00,166 INFO  [io.api.tes.ser.api.KafkaSerdesTester] (Thread-660) Sending message {"key11753985636711": "value-0"} to topic topic-9b1dac50_0438_4b1a_94a5_1eed25c70a28
2025-07-31 18:14:00,167 INFO  [io.api.tes.ser.api.KafkaSerdesTester] (Thread-660) Sending message {"key11753985636711": "value-1"} to topic topic-9b1dac50_0438_4b1a_94a5_1eed25c70a28
2025-07-31 18:14:00,168 INFO  [io.api.tes.ser.api.KafkaSerdesTester] (Thread-660) Sending message {"key11753985636711": "value-2"} to topic topic-9b1dac50_0438_4b1a_94a5_1eed25c70a28
2025-07-31 18:14:00,170 INFO  [io.api.tes.ser.api.KafkaSerdesTester] (Thread-660) Sending message {"key11753985636711": "value-3"} to topic topic-9b1dac50_0438_4b1a_94a5_1eed25c70a28
2025-07-31 18:14:00,171 INFO  [io.api.tes.ser.api.KafkaSerdesTester] (Thread-660) Sending message {"key11753985636711": "value-4"} to topic topic-9b1dac50_0438_4b1a_94a5_1eed25c70a28
2025-07-31 18:14:00,173 INFO  [io.api.tes.ser.api.KafkaSerdesTester] (Thread-660) Sending message {"key11753985636711": "value-5"} to topic topic-9b1dac50_0438_4b1a_94a5_1eed25c70a28
2025-07-31 18:14:00,174 INFO  [io.api.tes.ser.api.KafkaSerdesTester] (Thread-660) Sending message {"key11753985636711": "value-6"} to topic topic-9b1dac50_0438_4b1a_94a5_1eed25c70a28
2025-07-31 18:14:00,179 INFO  [io.api.tes.ser.api.KafkaSerdesTester] (Thread-660) Sending message {"key11753985636711": "value-7"} to topic topic-9b1dac50_0438_4b1a_94a5_1eed25c70a28
2025-07-31 18:14:00,183 INFO  [io.api.tes.ser.api.KafkaSerdesTester] (Thread-660) Sending message {"key11753985636711": "value-8"} to topic topic-9b1dac50_0438_4b1a_94a5_1eed25c70a28
2025-07-31 18:14:00,184 INFO  [io.api.tes.ser.api.KafkaSerdesTester] (Thread-660) Sending message {"key11753985636711": "value-9"} to topic topic-9b1dac50_0438_4b1a_94a5_1eed25c70a28
2025-07-31 18:14:00,187 INFO  [io.api.tes.ser.api.KafkaSerdesTester] (Thread-660) Produced 10 messages
2025-07-31 18:14:00,188 INFO  [org.apa.kaf.cli.con.int.ClassicKafkaConsumer] (Thread-661) [Consumer clientId=consumer-Consumer-topic-9b1dac50_0438_4b1a_94a5_1eed25c70a28-9, groupId=Consumer-topic-9b1dac50_0438_4b1a_94a5_1eed25c70a28] Subscribed to topic(s): topic-9b1dac50_0438_4b1a_94a5_1eed25c70a28
2025-07-31 18:14:00,218 INFO  [io.api.tes.ser.api.KafkaSerdesTester] (Thread-661) topic-9b1dac50_0438_4b1a_94a5_1eed25c70a28 0 30 {"key11753985636711": "value-0", "key21753985637916": "value-0", "key31753985639069": "value-0"}
2025-07-31 18:14:00,218 INFO  [io.api.tes.ser.api.KafkaSerdesTester] (Thread-661) topic-9b1dac50_0438_4b1a_94a5_1eed25c70a28 0 31 {"key11753985636711": "value-1", "key21753985637916": "value-1", "key31753985639069": "value-1"}
2025-07-31 18:14:00,218 INFO  [io.api.tes.ser.api.KafkaSerdesTester] (Thread-661) topic-9b1dac50_0438_4b1a_94a5_1eed25c70a28 0 32 {"key11753985636711": "value-2", "key21753985637916": "value-2", "key31753985639069": "value-2"}
2025-07-31 18:14:00,218 INFO  [io.api.tes.ser.api.KafkaSerdesTester] (Thread-661) topic-9b1dac50_0438_4b1a_94a5_1eed25c70a28 0 33 {"key11753985636711": "value-3", "key21753985637916": "value-3", "key31753985639069": "value-3"}
2025-07-31 18:14:00,218 INFO  [io.api.tes.ser.api.KafkaSerdesTester] (Thread-661) topic-9b1dac50_0438_4b1a_94a5_1eed25c70a28 0 34 {"key11753985636711": "value-4", "key21753985637916": "value-4", "key31753985639069": "value-4"}
2025-07-31 18:14:00,218 INFO  [io.api.tes.ser.api.KafkaSerdesTester] (Thread-661) topic-9b1dac50_0438_4b1a_94a5_1eed25c70a28 0 35 {"key11753985636711": "value-5", "key21753985637916": "value-5", "key31753985639069": "value-5"}
2025-07-31 18:14:00,218 INFO  [io.api.tes.ser.api.KafkaSerdesTester] (Thread-661) topic-9b1dac50_0438_4b1a_94a5_1eed25c70a28 0 36 {"key11753985636711": "value-6", "key21753985637916": "value-6", "key31753985639069": "value-6"}
2025-07-31 18:14:00,218 INFO  [io.api.tes.ser.api.KafkaSerdesTester] (Thread-661) topic-9b1dac50_0438_4b1a_94a5_1eed25c70a28 0 37 {"key11753985636711": "value-7", "key21753985637916": "value-7", "key31753985639069": "value-7"}
2025-07-31 18:14:00,218 INFO  [io.api.tes.ser.api.KafkaSerdesTester] (Thread-661) topic-9b1dac50_0438_4b1a_94a5_1eed25c70a28 0 38 {"key11753985636711": "value-8", "key21753985637916": "value-8", "key31753985639069": "value-8"}
2025-07-31 18:14:00,218 INFO  [io.api.tes.ser.api.KafkaSerdesTester] (Thread-661) topic-9b1dac50_0438_4b1a_94a5_1eed25c70a28 0 39 {"key11753985636711": "value-9", "key21753985637916": "value-9", "key31753985639069": "value-9"}
2025-07-31 18:14:00,218 INFO  [io.api.tes.ser.api.KafkaSerdesTester] (Thread-661) topic-9b1dac50_0438_4b1a_94a5_1eed25c70a28 0 40 {"key11753985636711": "value-0", "key21753985637916": "value-0"}
2025-07-31 18:14:00,218 INFO  [io.api.tes.ser.api.KafkaSerdesTester] (Thread-661) topic-9b1dac50_0438_4b1a_94a5_1eed25c70a28 0 41 {"key11753985636711": "value-1", "key21753985637916": "value-1"}
2025-07-31 18:14:00,218 INFO  [io.api.tes.ser.api.KafkaSerdesTester] (Thread-661) topic-9b1dac50_0438_4b1a_94a5_1eed25c70a28 0 42 {"key11753985636711": "value-2", "key21753985637916": "value-2"}
2025-07-31 18:14:00,218 INFO  [io.api.tes.ser.api.KafkaSerdesTester] (Thread-661) topic-9b1dac50_0438_4b1a_94a5_1eed25c70a28 0 43 {"key11753985636711": "value-3", "key21753985637916": "value-3"}
2025-07-31 18:14:00,218 INFO  [io.api.tes.ser.api.KafkaSerdesTester] (Thread-661) topic-9b1dac50_0438_4b1a_94a5_1eed25c70a28 0 44 {"key11753985636711": "value-4", "key21753985637916": "value-4"}
2025-07-31 18:14:00,219 INFO  [io.api.tes.ser.api.KafkaSerdesTester] (Thread-661) topic-9b1dac50_0438_4b1a_94a5_1eed25c70a28 0 45 {"key11753985636711": "value-5", "key21753985637916": "value-5"}
2025-07-31 18:14:00,219 INFO  [io.api.tes.ser.api.KafkaSerdesTester] (Thread-661) topic-9b1dac50_0438_4b1a_94a5_1eed25c70a28 0 46 {"key11753985636711": "value-6", "key21753985637916": "value-6"}
2025-07-31 18:14:00,219 INFO  [io.api.tes.ser.api.KafkaSerdesTester] (Thread-661) topic-9b1dac50_0438_4b1a_94a5_1eed25c70a28 0 47 {"key11753985636711": "value-7", "key21753985637916": "value-7"}
2025-07-31 18:14:00,219 INFO  [io.api.tes.ser.api.KafkaSerdesTester] (Thread-661) topic-9b1dac50_0438_4b1a_94a5_1eed25c70a28 0 48 {"key11753985636711": "value-8", "key21753985637916": "value-8"}
2025-07-31 18:14:00,219 INFO  [io.api.tes.ser.api.KafkaSerdesTester] (Thread-661) topic-9b1dac50_0438_4b1a_94a5_1eed25c70a28 0 49 {"key11753985636711": "value-9", "key21753985637916": "value-9"}
2025-07-31 18:14:00,219 INFO  [io.api.tes.ser.api.KafkaSerdesTester] (Thread-661) topic-9b1dac50_0438_4b1a_94a5_1eed25c70a28 0 50 {"key11753985636711": "value-0"}
2025-07-31 18:14:00,219 INFO  [io.api.tes.ser.api.KafkaSerdesTester] (Thread-661) topic-9b1dac50_0438_4b1a_94a5_1eed25c70a28 0 51 {"key11753985636711": "value-1"}
2025-07-31 18:14:00,219 INFO  [io.api.tes.ser.api.KafkaSerdesTester] (Thread-661) topic-9b1dac50_0438_4b1a_94a5_1eed25c70a28 0 52 {"key11753985636711": "value-2"}
2025-07-31 18:14:00,219 INFO  [io.api.tes.ser.api.KafkaSerdesTester] (Thread-661) topic-9b1dac50_0438_4b1a_94a5_1eed25c70a28 0 53 {"key11753985636711": "value-3"}
2025-07-31 18:14:00,219 INFO  [io.api.tes.ser.api.KafkaSerdesTester] (Thread-661) topic-9b1dac50_0438_4b1a_94a5_1eed25c70a28 0 54 {"key11753985636711": "value-4"}
2025-07-31 18:14:00,219 INFO  [io.api.tes.ser.api.KafkaSerdesTester] (Thread-661) topic-9b1dac50_0438_4b1a_94a5_1eed25c70a28 0 55 {"key11753985636711": "value-5"}
2025-07-31 18:14:00,219 INFO  [io.api.tes.ser.api.KafkaSerdesTester] (Thread-661) topic-9b1dac50_0438_4b1a_94a5_1eed25c70a28 0 56 {"key11753985636711": "value-6"}
2025-07-31 18:14:00,219 INFO  [io.api.tes.ser.api.KafkaSerdesTester] (Thread-661) topic-9b1dac50_0438_4b1a_94a5_1eed25c70a28 0 57 {"key11753985636711": "value-7"}
2025-07-31 18:14:00,219 INFO  [io.api.tes.ser.api.KafkaSerdesTester] (Thread-661) topic-9b1dac50_0438_4b1a_94a5_1eed25c70a28 0 58 {"key11753985636711": "value-8"}
2025-07-31 18:14:00,219 INFO  [io.api.tes.ser.api.KafkaSerdesTester] (Thread-661) topic-9b1dac50_0438_4b1a_94a5_1eed25c70a28 0 59 {"key11753985636711": "value-9"}
2025-07-31 18:14:00,219 INFO  [io.api.tes.ser.api.KafkaSerdesTester] (Thread-661) Consumed 30 messages
2025-07-31 18:14:00,220 INFO  [org.apa.kaf.cli.pro.KafkaProducer] (main) [Producer clientId=Producer-topic-9b1dac50_0438_4b1a_94a5_1eed25c70a28] Closing the Kafka producer with timeoutMillis = 9223372036854775807 ms.
2025-07-31 18:14:00,222 INFO  [org.apa.kaf.com.met.Metrics] (main) Metrics scheduler closed
2025-07-31 18:14:00,222 INFO  [org.apa.kaf.com.met.Metrics] (main) Closing reporter org.apache.kafka.common.metrics.JmxReporter
2025-07-31 18:14:00,222 INFO  [org.apa.kaf.com.met.Metrics] (main) Closing reporter org.apache.kafka.common.telemetry.internals.ClientTelemetryReporter
2025-07-31 18:14:00,222 INFO  [org.apa.kaf.com.met.Metrics] (main) Metrics reporters closed
2025-07-31 18:14:00,223 INFO  [org.apa.kaf.com.uti.AppInfoParser] (main) App info kafka.producer for Producer-topic-9b1dac50_0438_4b1a_94a5_1eed25c70a28 unregistered
2025-07-31 18:14:00,228 INFO  [org.apa.kaf.cli.con.int.ConsumerRebalanceListenerInvoker] (main) [Consumer clientId=consumer-Consumer-topic-9b1dac50_0438_4b1a_94a5_1eed25c70a28-9, groupId=Consumer-topic-9b1dac50_0438_4b1a_94a5_1eed25c70a28] Revoke previously assigned partitions topic-9b1dac50_0438_4b1a_94a5_1eed25c70a28-0
2025-07-31 18:14:00,228 INFO  [org.apa.kaf.cli.con.int.ConsumerCoordinator] (main) [Consumer clientId=consumer-Consumer-topic-9b1dac50_0438_4b1a_94a5_1eed25c70a28-9, groupId=Consumer-topic-9b1dac50_0438_4b1a_94a5_1eed25c70a28] Member consumer-Consumer-topic-9b1dac50_0438_4b1a_94a5_1eed25c70a28-9-bcc87ae7-2556-434f-b74e-6b52989beb26 sending LeaveGroup request to coordinator localhost:32770 (id: 2147483647 rack: null) due to the consumer is being closed
2025-07-31 18:14:00,229 INFO  [org.apa.kaf.cli.con.int.ConsumerCoordinator] (main) [Consumer clientId=consumer-Consumer-topic-9b1dac50_0438_4b1a_94a5_1eed25c70a28-9, groupId=Consumer-topic-9b1dac50_0438_4b1a_94a5_1eed25c70a28] Resetting generation and member id due to: consumer pro-actively leaving the group
2025-07-31 18:14:00,229 INFO  [org.apa.kaf.cli.con.int.ConsumerCoordinator] (main) [Consumer clientId=consumer-Consumer-topic-9b1dac50_0438_4b1a_94a5_1eed25c70a28-9, groupId=Consumer-topic-9b1dac50_0438_4b1a_94a5_1eed25c70a28] Request joining group due to: consumer pro-actively leaving the group
2025-07-31 18:14:00,721 INFO  [org.apa.kaf.com.met.Metrics] (main) Metrics scheduler closed
2025-07-31 18:14:00,721 INFO  [org.apa.kaf.com.met.Metrics] (main) Closing reporter org.apache.kafka.common.metrics.JmxReporter
2025-07-31 18:14:00,721 INFO  [org.apa.kaf.com.met.Metrics] (main) Closing reporter org.apache.kafka.common.telemetry.internals.ClientTelemetryReporter
2025-07-31 18:14:00,721 INFO  [org.apa.kaf.com.met.Metrics] (main) Metrics reporters closed
2025-07-31 18:14:00,724 INFO  [org.apa.kaf.com.uti.AppInfoParser] (main) App info kafka.consumer for consumer-Consumer-topic-9b1dac50_0438_4b1a_94a5_1eed25c70a28-9 unregistered
2025-07-31 18:14:00,724 INFO  [io.api.tes.uti.TestSeparator] (main) io.apicurio.tests.serdes.apicurio.AvroSerdeIT.testEvolveAvroApicurioReusingClient-FINISHED
2025-07-31 18:14:00,724 INFO  [io.api.tes.uti.TestSeparator] (main) ############################################################################
Test passed: testEvolveAvroApicurioReusingClient
]]></system-out>
  </testcase>
  <testcase name="testProducerUsesDefaultConsumerUsesGlobalId" classname="io.apicurio.tests.serdes.apicurio.AvroSerdeIT" time="0.0">
    <skipped message="void io.apicurio.tests.serdes.apicurio.AvroSerdeIT.testProducerUsesDefaultConsumerUsesGlobalId() throws java.lang.Exception is @Disabled"/>
  </testcase>
  <testcase name="testEvolveAvroApicurio" classname="io.apicurio.tests.serdes.apicurio.AvroSerdeIT" time="5.387">
    <system-out><![CDATA[2025-07-31 18:14:00,728 INFO  [io.api.tes.uti.TestSeparator] (main) ############################################################################
2025-07-31 18:14:00,728 INFO  [io.api.tes.uti.TestSeparator] (main) io.apicurio.tests.serdes.apicurio.AvroSerdeIT.testEvolveAvroApicurio-STARTED
2025-07-31 18:14:00,729 INFO  [io.api.tes.ser.api.AvroSerdeIT] (main) Registering Avro Schema: {"type":"record","name":"sc3adf713xe734x41c9xbf83xe763153179b4","namespace":"ns_86345dc0_10a6_44fd_bd85_d97b5aaf392f","fields":[{"name":"key11753985640728","type":"string"}]}
**** Registry Base URL: http://registry-app-postgresql.apps.ci419.apicurio-testing.org:80
2025-07-31 18:14:01,785 INFO  [org.apa.kaf.cli.pro.ProducerConfig] (main) ProducerConfig values: 
	acks = -1
	auto.include.jmx.reporter = true
	batch.size = 16384
	bootstrap.servers = [PLAINTEXT://localhost:32770]
	buffer.memory = 33554432
	client.dns.lookup = use_all_dns_ips
	client.id = Producer-topic-cc094736_8d72_4947_9d68_1f379593ee0d
	compression.gzip.level = -1
	compression.lz4.level = 9
	compression.type = none
	compression.zstd.level = 3
	connections.max.idle.ms = 10000
	delivery.timeout.ms = 120000
	enable.idempotence = true
	enable.metrics.push = true
	interceptor.classes = []
	key.serializer = class org.apache.kafka.common.serialization.StringSerializer
	linger.ms = 0
	max.block.ms = 60000
	max.in.flight.requests.per.connection = 5
	max.request.size = 1048576
	metadata.max.age.ms = 300000
	metadata.max.idle.ms = 300000
	metadata.recovery.strategy = none
	metric.reporters = []
	metrics.num.samples = 2
	metrics.recording.level = INFO
	metrics.sample.window.ms = 30000
	partitioner.adaptive.partitioning.enable = true
	partitioner.availability.timeout.ms = 0
	partitioner.class = null
	partitioner.ignore.keys = false
	receive.buffer.bytes = 32768
	reconnect.backoff.max.ms = 1000
	reconnect.backoff.ms = 50
	request.timeout.ms = 5000
	retries = 2147483647
	retry.backoff.max.ms = 1000
	retry.backoff.ms = 100
	sasl.client.callback.handler.class = null
	sasl.jaas.config = null
	sasl.kerberos.kinit.cmd = /usr/bin/kinit
	sasl.kerberos.min.time.before.relogin = 60000
	sasl.kerberos.service.name = null
	sasl.kerberos.ticket.renew.jitter = 0.05
	sasl.kerberos.ticket.renew.window.factor = 0.8
	sasl.login.callback.handler.class = null
	sasl.login.class = null
	sasl.login.connect.timeout.ms = null
	sasl.login.read.timeout.ms = null
	sasl.login.refresh.buffer.seconds = 300
	sasl.login.refresh.min.period.seconds = 60
	sasl.login.refresh.window.factor = 0.8
	sasl.login.refresh.window.jitter = 0.05
	sasl.login.retry.backoff.max.ms = 10000
	sasl.login.retry.backoff.ms = 100
	sasl.mechanism = GSSAPI
	sasl.oauthbearer.clock.skew.seconds = 30
	sasl.oauthbearer.expected.audience = null
	sasl.oauthbearer.expected.issuer = null
	sasl.oauthbearer.header.urlencode = false
	sasl.oauthbearer.jwks.endpoint.refresh.ms = 3600000
	sasl.oauthbearer.jwks.endpoint.retry.backoff.max.ms = 10000
	sasl.oauthbearer.jwks.endpoint.retry.backoff.ms = 100
	sasl.oauthbearer.jwks.endpoint.url = null
	sasl.oauthbearer.scope.claim.name = scope
	sasl.oauthbearer.sub.claim.name = sub
	sasl.oauthbearer.token.endpoint.url = null
	security.protocol = PLAINTEXT
	security.providers = null
	send.buffer.bytes = 131072
	socket.connection.setup.timeout.max.ms = 30000
	socket.connection.setup.timeout.ms = 10000
	ssl.cipher.suites = null
	ssl.enabled.protocols = [TLSv1.2, TLSv1.3]
	ssl.endpoint.identification.algorithm = https
	ssl.engine.factory.class = null
	ssl.key.password = null
	ssl.keymanager.algorithm = SunX509
	ssl.keystore.certificate.chain = null
	ssl.keystore.key = null
	ssl.keystore.location = null
	ssl.keystore.password = null
	ssl.keystore.type = JKS
	ssl.protocol = TLSv1.3
	ssl.provider = null
	ssl.secure.random.implementation = null
	ssl.trustmanager.algorithm = PKIX
	ssl.truststore.certificates = null
	ssl.truststore.location = null
	ssl.truststore.password = null
	ssl.truststore.type = JKS
	transaction.timeout.ms = 60000
	transactional.id = null
	value.serializer = class io.apicurio.registry.serde.avro.AvroKafkaSerializer

2025-07-31 18:14:01,786 INFO  [org.apa.kaf.com.tel.int.KafkaMetricsCollector] (main) initializing Kafka metrics collector
2025-07-31 18:14:01,789 INFO  [org.apa.kaf.cli.pro.KafkaProducer] (main) [Producer clientId=Producer-topic-cc094736_8d72_4947_9d68_1f379593ee0d] Instantiated an idempotent producer.
2025-07-31 18:14:01,791 INFO  [org.apa.kaf.cli.pro.ProducerConfig] (main) These configurations '[apicurio.registry.url, apicurio.registry.artifact-resolver-strategy]' were supplied but are not used yet.
2025-07-31 18:14:01,791 INFO  [org.apa.kaf.com.uti.AppInfoParser] (main) Kafka version: 3.9.1
2025-07-31 18:14:01,791 INFO  [org.apa.kaf.com.uti.AppInfoParser] (main) Kafka commitId: f745dfdcee2b9851
2025-07-31 18:14:01,791 INFO  [org.apa.kaf.com.uti.AppInfoParser] (main) Kafka startTimeMs: 1753985641791
**** Registry Base URL: http://registry-app-postgresql.apps.ci419.apicurio-testing.org:80
2025-07-31 18:14:01,792 INFO  [org.apa.kaf.cli.con.ConsumerConfig] (main) ConsumerConfig values: 
	allow.auto.create.topics = true
	auto.commit.interval.ms = 500
	auto.include.jmx.reporter = true
	auto.offset.reset = earliest
	bootstrap.servers = [PLAINTEXT://localhost:32770]
	check.crcs = true
	client.dns.lookup = use_all_dns_ips
	client.id = consumer-Consumer-topic-cc094736_8d72_4947_9d68_1f379593ee0d-10
	client.rack = 
	connections.max.idle.ms = 10000
	default.api.timeout.ms = 60000
	enable.auto.commit = true
	enable.metrics.push = true
	exclude.internal.topics = true
	fetch.max.bytes = 52428800
	fetch.max.wait.ms = 500
	fetch.min.bytes = 1
	group.id = Consumer-topic-cc094736_8d72_4947_9d68_1f379593ee0d
	group.instance.id = null
	group.protocol = classic
	group.remote.assignor = null
	heartbeat.interval.ms = 3000
	interceptor.classes = []
	internal.leave.group.on.close = true
	internal.throw.on.fetch.stable.offset.unsupported = false
	isolation.level = read_uncommitted
	key.deserializer = class org.apache.kafka.common.serialization.StringDeserializer
	max.partition.fetch.bytes = 1048576
	max.poll.interval.ms = 300000
	max.poll.records = 500
	metadata.max.age.ms = 300000
	metadata.recovery.strategy = none
	metric.reporters = []
	metrics.num.samples = 2
	metrics.recording.level = INFO
	metrics.sample.window.ms = 30000
	partition.assignment.strategy = [class org.apache.kafka.clients.consumer.RangeAssignor, class org.apache.kafka.clients.consumer.CooperativeStickyAssignor]
	receive.buffer.bytes = 65536
	reconnect.backoff.max.ms = 1000
	reconnect.backoff.ms = 50
	request.timeout.ms = 5000
	retry.backoff.max.ms = 1000
	retry.backoff.ms = 100
	sasl.client.callback.handler.class = null
	sasl.jaas.config = null
	sasl.kerberos.kinit.cmd = /usr/bin/kinit
	sasl.kerberos.min.time.before.relogin = 60000
	sasl.kerberos.service.name = null
	sasl.kerberos.ticket.renew.jitter = 0.05
	sasl.kerberos.ticket.renew.window.factor = 0.8
	sasl.login.callback.handler.class = null
	sasl.login.class = null
	sasl.login.connect.timeout.ms = null
	sasl.login.read.timeout.ms = null
	sasl.login.refresh.buffer.seconds = 300
	sasl.login.refresh.min.period.seconds = 60
	sasl.login.refresh.window.factor = 0.8
	sasl.login.refresh.window.jitter = 0.05
	sasl.login.retry.backoff.max.ms = 10000
	sasl.login.retry.backoff.ms = 100
	sasl.mechanism = GSSAPI
	sasl.oauthbearer.clock.skew.seconds = 30
	sasl.oauthbearer.expected.audience = null
	sasl.oauthbearer.expected.issuer = null
	sasl.oauthbearer.header.urlencode = false
	sasl.oauthbearer.jwks.endpoint.refresh.ms = 3600000
	sasl.oauthbearer.jwks.endpoint.retry.backoff.max.ms = 10000
	sasl.oauthbearer.jwks.endpoint.retry.backoff.ms = 100
	sasl.oauthbearer.jwks.endpoint.url = null
	sasl.oauthbearer.scope.claim.name = scope
	sasl.oauthbearer.sub.claim.name = sub
	sasl.oauthbearer.token.endpoint.url = null
	security.protocol = PLAINTEXT
	security.providers = null
	send.buffer.bytes = 131072
	session.timeout.ms = 45000
	socket.connection.setup.timeout.max.ms = 30000
	socket.connection.setup.timeout.ms = 10000
	ssl.cipher.suites = null
	ssl.enabled.protocols = [TLSv1.2, TLSv1.3]
	ssl.endpoint.identification.algorithm = https
	ssl.engine.factory.class = null
	ssl.key.password = null
	ssl.keymanager.algorithm = SunX509
	ssl.keystore.certificate.chain = null
	ssl.keystore.key = null
	ssl.keystore.location = null
	ssl.keystore.password = null
	ssl.keystore.type = JKS
	ssl.protocol = TLSv1.3
	ssl.provider = null
	ssl.secure.random.implementation = null
	ssl.trustmanager.algorithm = PKIX
	ssl.truststore.certificates = null
	ssl.truststore.location = null
	ssl.truststore.password = null
	ssl.truststore.type = JKS
	value.deserializer = class io.apicurio.registry.serde.avro.AvroKafkaDeserializer

2025-07-31 18:14:01,792 INFO  [org.apa.kaf.com.tel.int.KafkaMetricsCollector] (main) initializing Kafka metrics collector
2025-07-31 18:14:01,803 INFO  [org.apa.kaf.cli.Metadata] (kafka-producer-network-thread | Producer-topic-cc094736_8d72_4947_9d68_1f379593ee0d) [Producer clientId=Producer-topic-cc094736_8d72_4947_9d68_1f379593ee0d] Cluster ID: UuE4P2bBQU2_qF9DHmdGkA
2025-07-31 18:14:01,804 INFO  [org.apa.kaf.cli.pro.int.TransactionManager] (kafka-producer-network-thread | Producer-topic-cc094736_8d72_4947_9d68_1f379593ee0d) [Producer clientId=Producer-topic-cc094736_8d72_4947_9d68_1f379593ee0d] ProducerId set to 12 with epoch 0
2025-07-31 18:14:01,804 INFO  [org.apa.kaf.cli.con.ConsumerConfig] (main) These configurations '[apicurio.registry.url]' were supplied but are not used yet.
2025-07-31 18:14:01,804 INFO  [org.apa.kaf.com.uti.AppInfoParser] (main) Kafka version: 3.9.1
2025-07-31 18:14:01,804 INFO  [org.apa.kaf.com.uti.AppInfoParser] (main) Kafka commitId: f745dfdcee2b9851
2025-07-31 18:14:01,804 INFO  [org.apa.kaf.com.uti.AppInfoParser] (main) Kafka startTimeMs: 1753985641804
2025-07-31 18:14:01,804 INFO  [io.api.tes.ser.api.KafkaSerdesTester] (Thread-666) Sending message {"key11753985640728": "value-0"} to topic topic-cc094736_8d72_4947_9d68_1f379593ee0d
2025-07-31 18:14:01,809 INFO  [DefaultSchemaResolver] (Thread-666) Retrieving schema content using string: {"type":"record","name":"sc3adf713xe734x41c9xbf83xe763153179b4","namespace":"ns_86345dc0_10a6_44fd_bd85_d97b5aaf392f","fields":[{"name":"key11753985640728","type":"string"}]}
2025-07-31 18:14:01,858 INFO  [io.api.tes.ser.api.KafkaSerdesTester] (Thread-666) Sending message {"key11753985640728": "value-1"} to topic topic-cc094736_8d72_4947_9d68_1f379593ee0d
2025-07-31 18:14:01,860 INFO  [io.api.tes.ser.api.KafkaSerdesTester] (Thread-666) Sending message {"key11753985640728": "value-2"} to topic topic-cc094736_8d72_4947_9d68_1f379593ee0d
2025-07-31 18:14:01,862 INFO  [io.api.tes.ser.api.KafkaSerdesTester] (Thread-666) Sending message {"key11753985640728": "value-3"} to topic topic-cc094736_8d72_4947_9d68_1f379593ee0d
2025-07-31 18:14:01,863 INFO  [io.api.tes.ser.api.KafkaSerdesTester] (Thread-666) Sending message {"key11753985640728": "value-4"} to topic topic-cc094736_8d72_4947_9d68_1f379593ee0d
2025-07-31 18:14:01,864 INFO  [io.api.tes.ser.api.KafkaSerdesTester] (Thread-666) Sending message {"key11753985640728": "value-5"} to topic topic-cc094736_8d72_4947_9d68_1f379593ee0d
2025-07-31 18:14:01,865 INFO  [io.api.tes.ser.api.KafkaSerdesTester] (Thread-666) Sending message {"key11753985640728": "value-6"} to topic topic-cc094736_8d72_4947_9d68_1f379593ee0d
2025-07-31 18:14:01,867 INFO  [io.api.tes.ser.api.KafkaSerdesTester] (Thread-666) Sending message {"key11753985640728": "value-7"} to topic topic-cc094736_8d72_4947_9d68_1f379593ee0d
2025-07-31 18:14:01,868 INFO  [io.api.tes.ser.api.KafkaSerdesTester] (Thread-666) Sending message {"key11753985640728": "value-8"} to topic topic-cc094736_8d72_4947_9d68_1f379593ee0d
2025-07-31 18:14:01,870 INFO  [io.api.tes.ser.api.KafkaSerdesTester] (Thread-666) Sending message {"key11753985640728": "value-9"} to topic topic-cc094736_8d72_4947_9d68_1f379593ee0d
2025-07-31 18:14:01,871 INFO  [io.api.tes.ser.api.KafkaSerdesTester] (Thread-666) Produced 10 messages
2025-07-31 18:14:01,872 INFO  [org.apa.kaf.cli.pro.KafkaProducer] (Thread-666) [Producer clientId=Producer-topic-cc094736_8d72_4947_9d68_1f379593ee0d] Closing the Kafka producer with timeoutMillis = 9223372036854775807 ms.
2025-07-31 18:14:01,874 INFO  [org.apa.kaf.com.met.Metrics] (Thread-666) Metrics scheduler closed
2025-07-31 18:14:01,874 INFO  [org.apa.kaf.com.met.Metrics] (Thread-666) Closing reporter org.apache.kafka.common.metrics.JmxReporter
2025-07-31 18:14:01,874 INFO  [org.apa.kaf.com.met.Metrics] (Thread-666) Closing reporter org.apache.kafka.common.telemetry.internals.ClientTelemetryReporter
2025-07-31 18:14:01,874 INFO  [org.apa.kaf.com.met.Metrics] (Thread-666) Metrics reporters closed
2025-07-31 18:14:01,874 INFO  [org.apa.kaf.com.uti.AppInfoParser] (Thread-666) App info kafka.producer for Producer-topic-cc094736_8d72_4947_9d68_1f379593ee0d unregistered
2025-07-31 18:14:01,875 INFO  [org.apa.kaf.cli.con.int.ClassicKafkaConsumer] (Thread-667) [Consumer clientId=consumer-Consumer-topic-cc094736_8d72_4947_9d68_1f379593ee0d-10, groupId=Consumer-topic-cc094736_8d72_4947_9d68_1f379593ee0d] Subscribed to topic(s): topic-cc094736_8d72_4947_9d68_1f379593ee0d
2025-07-31 18:14:01,879 INFO  [org.apa.kaf.cli.Metadata] (Thread-667) [Consumer clientId=consumer-Consumer-topic-cc094736_8d72_4947_9d68_1f379593ee0d-10, groupId=Consumer-topic-cc094736_8d72_4947_9d68_1f379593ee0d] Cluster ID: UuE4P2bBQU2_qF9DHmdGkA
2025-07-31 18:14:01,880 INFO  [org.apa.kaf.cli.con.int.ConsumerCoordinator] (Thread-667) [Consumer clientId=consumer-Consumer-topic-cc094736_8d72_4947_9d68_1f379593ee0d-10, groupId=Consumer-topic-cc094736_8d72_4947_9d68_1f379593ee0d] Discovered group coordinator localhost:32770 (id: 2147483647 rack: null)
2025-07-31 18:14:01,881 INFO  [org.apa.kaf.cli.con.int.ConsumerCoordinator] (Thread-667) [Consumer clientId=consumer-Consumer-topic-cc094736_8d72_4947_9d68_1f379593ee0d-10, groupId=Consumer-topic-cc094736_8d72_4947_9d68_1f379593ee0d] (Re-)joining group
2025-07-31 18:14:01,883 INFO  [org.apa.kaf.cli.con.int.ConsumerCoordinator] (Thread-667) [Consumer clientId=consumer-Consumer-topic-cc094736_8d72_4947_9d68_1f379593ee0d-10, groupId=Consumer-topic-cc094736_8d72_4947_9d68_1f379593ee0d] Request joining group due to: need to re-join with the given member-id: consumer-Consumer-topic-cc094736_8d72_4947_9d68_1f379593ee0d-10-362c11c2-11cf-4e10-961d-820a40636f58
2025-07-31 18:14:01,883 INFO  [org.apa.kaf.cli.con.int.ConsumerCoordinator] (Thread-667) [Consumer clientId=consumer-Consumer-topic-cc094736_8d72_4947_9d68_1f379593ee0d-10, groupId=Consumer-topic-cc094736_8d72_4947_9d68_1f379593ee0d] (Re-)joining group
2025-07-31 18:14:01,885 INFO  [org.apa.kaf.cli.con.int.ConsumerCoordinator] (Thread-667) [Consumer clientId=consumer-Consumer-topic-cc094736_8d72_4947_9d68_1f379593ee0d-10, groupId=Consumer-topic-cc094736_8d72_4947_9d68_1f379593ee0d] Successfully joined group with generation Generation{generationId=1, memberId='consumer-Consumer-topic-cc094736_8d72_4947_9d68_1f379593ee0d-10-362c11c2-11cf-4e10-961d-820a40636f58', protocol='range'}
2025-07-31 18:14:01,885 INFO  [org.apa.kaf.cli.con.int.ConsumerCoordinator] (Thread-667) [Consumer clientId=consumer-Consumer-topic-cc094736_8d72_4947_9d68_1f379593ee0d-10, groupId=Consumer-topic-cc094736_8d72_4947_9d68_1f379593ee0d] Finished assignment for group at generation 1: {consumer-Consumer-topic-cc094736_8d72_4947_9d68_1f379593ee0d-10-362c11c2-11cf-4e10-961d-820a40636f58=Assignment(partitions=[topic-cc094736_8d72_4947_9d68_1f379593ee0d-0])}
2025-07-31 18:14:01,887 INFO  [org.apa.kaf.cli.con.int.ConsumerCoordinator] (Thread-667) [Consumer clientId=consumer-Consumer-topic-cc094736_8d72_4947_9d68_1f379593ee0d-10, groupId=Consumer-topic-cc094736_8d72_4947_9d68_1f379593ee0d] Successfully synced group in generation Generation{generationId=1, memberId='consumer-Consumer-topic-cc094736_8d72_4947_9d68_1f379593ee0d-10-362c11c2-11cf-4e10-961d-820a40636f58', protocol='range'}
2025-07-31 18:14:01,887 INFO  [org.apa.kaf.cli.con.int.ConsumerCoordinator] (Thread-667) [Consumer clientId=consumer-Consumer-topic-cc094736_8d72_4947_9d68_1f379593ee0d-10, groupId=Consumer-topic-cc094736_8d72_4947_9d68_1f379593ee0d] Notifying assignor about the new Assignment(partitions=[topic-cc094736_8d72_4947_9d68_1f379593ee0d-0])
2025-07-31 18:14:01,887 INFO  [org.apa.kaf.cli.con.int.ConsumerRebalanceListenerInvoker] (Thread-667) [Consumer clientId=consumer-Consumer-topic-cc094736_8d72_4947_9d68_1f379593ee0d-10, groupId=Consumer-topic-cc094736_8d72_4947_9d68_1f379593ee0d] Adding newly assigned partitions: topic-cc094736_8d72_4947_9d68_1f379593ee0d-0
2025-07-31 18:14:01,888 INFO  [org.apa.kaf.cli.con.int.ConsumerCoordinator] (Thread-667) [Consumer clientId=consumer-Consumer-topic-cc094736_8d72_4947_9d68_1f379593ee0d-10, groupId=Consumer-topic-cc094736_8d72_4947_9d68_1f379593ee0d] Found no committed offset for partition topic-cc094736_8d72_4947_9d68_1f379593ee0d-0
2025-07-31 18:14:01,895 INFO  [org.apa.kaf.cli.con.int.SubscriptionState] (Thread-667) [Consumer clientId=consumer-Consumer-topic-cc094736_8d72_4947_9d68_1f379593ee0d-10, groupId=Consumer-topic-cc094736_8d72_4947_9d68_1f379593ee0d] Resetting offset for partition topic-cc094736_8d72_4947_9d68_1f379593ee0d-0 to position FetchPosition{offset=0, offsetEpoch=Optional.empty, currentLeader=LeaderAndEpoch{leader=Optional[localhost:32770 (id: 0 rack: null)], epoch=0}}.
2025-07-31 18:14:01,938 INFO  [io.api.tes.ser.api.KafkaSerdesTester] (Thread-667) topic-cc094736_8d72_4947_9d68_1f379593ee0d 0 0 {"key11753985640728": "value-0"}
2025-07-31 18:14:01,939 INFO  [io.api.tes.ser.api.KafkaSerdesTester] (Thread-667) topic-cc094736_8d72_4947_9d68_1f379593ee0d 0 1 {"key11753985640728": "value-1"}
2025-07-31 18:14:01,939 INFO  [io.api.tes.ser.api.KafkaSerdesTester] (Thread-667) topic-cc094736_8d72_4947_9d68_1f379593ee0d 0 2 {"key11753985640728": "value-2"}
2025-07-31 18:14:01,939 INFO  [io.api.tes.ser.api.KafkaSerdesTester] (Thread-667) topic-cc094736_8d72_4947_9d68_1f379593ee0d 0 3 {"key11753985640728": "value-3"}
2025-07-31 18:14:01,939 INFO  [io.api.tes.ser.api.KafkaSerdesTester] (Thread-667) topic-cc094736_8d72_4947_9d68_1f379593ee0d 0 4 {"key11753985640728": "value-4"}
2025-07-31 18:14:01,939 INFO  [io.api.tes.ser.api.KafkaSerdesTester] (Thread-667) topic-cc094736_8d72_4947_9d68_1f379593ee0d 0 5 {"key11753985640728": "value-5"}
2025-07-31 18:14:01,939 INFO  [io.api.tes.ser.api.KafkaSerdesTester] (Thread-667) topic-cc094736_8d72_4947_9d68_1f379593ee0d 0 6 {"key11753985640728": "value-6"}
2025-07-31 18:14:01,939 INFO  [io.api.tes.ser.api.KafkaSerdesTester] (Thread-667) topic-cc094736_8d72_4947_9d68_1f379593ee0d 0 7 {"key11753985640728": "value-7"}
2025-07-31 18:14:01,939 INFO  [io.api.tes.ser.api.KafkaSerdesTester] (Thread-667) topic-cc094736_8d72_4947_9d68_1f379593ee0d 0 8 {"key11753985640728": "value-8"}
2025-07-31 18:14:01,939 INFO  [io.api.tes.ser.api.KafkaSerdesTester] (Thread-667) topic-cc094736_8d72_4947_9d68_1f379593ee0d 0 9 {"key11753985640728": "value-9"}
2025-07-31 18:14:01,939 INFO  [io.api.tes.ser.api.KafkaSerdesTester] (Thread-667) Consumed 10 messages
2025-07-31 18:14:01,942 INFO  [org.apa.kaf.cli.con.int.ConsumerRebalanceListenerInvoker] (Thread-667) [Consumer clientId=consumer-Consumer-topic-cc094736_8d72_4947_9d68_1f379593ee0d-10, groupId=Consumer-topic-cc094736_8d72_4947_9d68_1f379593ee0d] Revoke previously assigned partitions topic-cc094736_8d72_4947_9d68_1f379593ee0d-0
2025-07-31 18:14:01,942 INFO  [org.apa.kaf.cli.con.int.ConsumerCoordinator] (Thread-667) [Consumer clientId=consumer-Consumer-topic-cc094736_8d72_4947_9d68_1f379593ee0d-10, groupId=Consumer-topic-cc094736_8d72_4947_9d68_1f379593ee0d] Member consumer-Consumer-topic-cc094736_8d72_4947_9d68_1f379593ee0d-10-362c11c2-11cf-4e10-961d-820a40636f58 sending LeaveGroup request to coordinator localhost:32770 (id: 2147483647 rack: null) due to the consumer is being closed
2025-07-31 18:14:01,942 INFO  [org.apa.kaf.cli.con.int.ConsumerCoordinator] (Thread-667) [Consumer clientId=consumer-Consumer-topic-cc094736_8d72_4947_9d68_1f379593ee0d-10, groupId=Consumer-topic-cc094736_8d72_4947_9d68_1f379593ee0d] Resetting generation and member id due to: consumer pro-actively leaving the group
2025-07-31 18:14:01,942 INFO  [org.apa.kaf.cli.con.int.ConsumerCoordinator] (Thread-667) [Consumer clientId=consumer-Consumer-topic-cc094736_8d72_4947_9d68_1f379593ee0d-10, groupId=Consumer-topic-cc094736_8d72_4947_9d68_1f379593ee0d] Request joining group due to: consumer pro-actively leaving the group
2025-07-31 18:14:02,442 INFO  [org.apa.kaf.com.met.Metrics] (Thread-667) Metrics scheduler closed
2025-07-31 18:14:02,442 INFO  [org.apa.kaf.com.met.Metrics] (Thread-667) Closing reporter org.apache.kafka.common.metrics.JmxReporter
2025-07-31 18:14:02,442 INFO  [org.apa.kaf.com.met.Metrics] (Thread-667) Closing reporter org.apache.kafka.common.telemetry.internals.ClientTelemetryReporter
2025-07-31 18:14:02,442 INFO  [org.apa.kaf.com.met.Metrics] (Thread-667) Metrics reporters closed
2025-07-31 18:14:02,444 INFO  [org.apa.kaf.com.uti.AppInfoParser] (Thread-667) App info kafka.consumer for consumer-Consumer-topic-cc094736_8d72_4947_9d68_1f379593ee0d-10 unregistered
2025-07-31 18:14:02,445 INFO  [io.api.tes.ser.api.AvroSerdeIT] (main) Registering Avro Schema 2: {"type":"record","name":"sc3adf713xe734x41c9xbf83xe763153179b4","namespace":"ns_86345dc0_10a6_44fd_bd85_d97b5aaf392f","fields":[{"name":"key11753985640728","type":"string"},{"name":"key21753985642445","type":"string"}]}
**** Registry Base URL: http://registry-app-postgresql.apps.ci419.apicurio-testing.org:80
2025-07-31 18:14:03,498 INFO  [org.apa.kaf.cli.pro.ProducerConfig] (main) ProducerConfig values: 
	acks = -1
	auto.include.jmx.reporter = true
	batch.size = 16384
	bootstrap.servers = [PLAINTEXT://localhost:32770]
	buffer.memory = 33554432
	client.dns.lookup = use_all_dns_ips
	client.id = Producer-topic-cc094736_8d72_4947_9d68_1f379593ee0d
	compression.gzip.level = -1
	compression.lz4.level = 9
	compression.type = none
	compression.zstd.level = 3
	connections.max.idle.ms = 10000
	delivery.timeout.ms = 120000
	enable.idempotence = true
	enable.metrics.push = true
	interceptor.classes = []
	key.serializer = class org.apache.kafka.common.serialization.StringSerializer
	linger.ms = 0
	max.block.ms = 60000
	max.in.flight.requests.per.connection = 5
	max.request.size = 1048576
	metadata.max.age.ms = 300000
	metadata.max.idle.ms = 300000
	metadata.recovery.strategy = none
	metric.reporters = []
	metrics.num.samples = 2
	metrics.recording.level = INFO
	metrics.sample.window.ms = 30000
	partitioner.adaptive.partitioning.enable = true
	partitioner.availability.timeout.ms = 0
	partitioner.class = null
	partitioner.ignore.keys = false
	receive.buffer.bytes = 32768
	reconnect.backoff.max.ms = 1000
	reconnect.backoff.ms = 50
	request.timeout.ms = 5000
	retries = 2147483647
	retry.backoff.max.ms = 1000
	retry.backoff.ms = 100
	sasl.client.callback.handler.class = null
	sasl.jaas.config = null
	sasl.kerberos.kinit.cmd = /usr/bin/kinit
	sasl.kerberos.min.time.before.relogin = 60000
	sasl.kerberos.service.name = null
	sasl.kerberos.ticket.renew.jitter = 0.05
	sasl.kerberos.ticket.renew.window.factor = 0.8
	sasl.login.callback.handler.class = null
	sasl.login.class = null
	sasl.login.connect.timeout.ms = null
	sasl.login.read.timeout.ms = null
	sasl.login.refresh.buffer.seconds = 300
	sasl.login.refresh.min.period.seconds = 60
	sasl.login.refresh.window.factor = 0.8
	sasl.login.refresh.window.jitter = 0.05
	sasl.login.retry.backoff.max.ms = 10000
	sasl.login.retry.backoff.ms = 100
	sasl.mechanism = GSSAPI
	sasl.oauthbearer.clock.skew.seconds = 30
	sasl.oauthbearer.expected.audience = null
	sasl.oauthbearer.expected.issuer = null
	sasl.oauthbearer.header.urlencode = false
	sasl.oauthbearer.jwks.endpoint.refresh.ms = 3600000
	sasl.oauthbearer.jwks.endpoint.retry.backoff.max.ms = 10000
	sasl.oauthbearer.jwks.endpoint.retry.backoff.ms = 100
	sasl.oauthbearer.jwks.endpoint.url = null
	sasl.oauthbearer.scope.claim.name = scope
	sasl.oauthbearer.sub.claim.name = sub
	sasl.oauthbearer.token.endpoint.url = null
	security.protocol = PLAINTEXT
	security.providers = null
	send.buffer.bytes = 131072
	socket.connection.setup.timeout.max.ms = 30000
	socket.connection.setup.timeout.ms = 10000
	ssl.cipher.suites = null
	ssl.enabled.protocols = [TLSv1.2, TLSv1.3]
	ssl.endpoint.identification.algorithm = https
	ssl.engine.factory.class = null
	ssl.key.password = null
	ssl.keymanager.algorithm = SunX509
	ssl.keystore.certificate.chain = null
	ssl.keystore.key = null
	ssl.keystore.location = null
	ssl.keystore.password = null
	ssl.keystore.type = JKS
	ssl.protocol = TLSv1.3
	ssl.provider = null
	ssl.secure.random.implementation = null
	ssl.trustmanager.algorithm = PKIX
	ssl.truststore.certificates = null
	ssl.truststore.location = null
	ssl.truststore.password = null
	ssl.truststore.type = JKS
	transaction.timeout.ms = 60000
	transactional.id = null
	value.serializer = class io.apicurio.registry.serde.avro.AvroKafkaSerializer

2025-07-31 18:14:03,498 INFO  [org.apa.kaf.com.tel.int.KafkaMetricsCollector] (main) initializing Kafka metrics collector
2025-07-31 18:14:03,503 INFO  [org.apa.kaf.cli.pro.KafkaProducer] (main) [Producer clientId=Producer-topic-cc094736_8d72_4947_9d68_1f379593ee0d] Instantiated an idempotent producer.
2025-07-31 18:14:03,505 INFO  [org.apa.kaf.cli.pro.ProducerConfig] (main) These configurations '[apicurio.registry.url, apicurio.registry.artifact-resolver-strategy]' were supplied but are not used yet.
2025-07-31 18:14:03,505 INFO  [org.apa.kaf.com.uti.AppInfoParser] (main) Kafka version: 3.9.1
2025-07-31 18:14:03,505 INFO  [org.apa.kaf.com.uti.AppInfoParser] (main) Kafka commitId: f745dfdcee2b9851
2025-07-31 18:14:03,505 INFO  [org.apa.kaf.com.uti.AppInfoParser] (main) Kafka startTimeMs: 1753985643505
2025-07-31 18:14:03,507 INFO  [io.api.tes.ser.api.KafkaSerdesTester] (Thread-670) Sending message {"key11753985640728": "value-0", "key21753985642445": "value-0"} to topic topic-cc094736_8d72_4947_9d68_1f379593ee0d
2025-07-31 18:14:03,512 INFO  [org.apa.kaf.cli.Metadata] (kafka-producer-network-thread | Producer-topic-cc094736_8d72_4947_9d68_1f379593ee0d) [Producer clientId=Producer-topic-cc094736_8d72_4947_9d68_1f379593ee0d] Cluster ID: UuE4P2bBQU2_qF9DHmdGkA
2025-07-31 18:14:03,512 INFO  [DefaultSchemaResolver] (Thread-670) Retrieving schema content using string: {"type":"record","name":"sc3adf713xe734x41c9xbf83xe763153179b4","namespace":"ns_86345dc0_10a6_44fd_bd85_d97b5aaf392f","fields":[{"name":"key11753985640728","type":"string"},{"name":"key21753985642445","type":"string"}]}
2025-07-31 18:14:03,513 INFO  [org.apa.kaf.cli.pro.int.TransactionManager] (kafka-producer-network-thread | Producer-topic-cc094736_8d72_4947_9d68_1f379593ee0d) [Producer clientId=Producer-topic-cc094736_8d72_4947_9d68_1f379593ee0d] ProducerId set to 13 with epoch 0
2025-07-31 18:14:03,539 INFO  [io.api.tes.ser.api.KafkaSerdesTester] (Thread-670) Sending message {"key11753985640728": "value-1", "key21753985642445": "value-1"} to topic topic-cc094736_8d72_4947_9d68_1f379593ee0d
2025-07-31 18:14:03,541 INFO  [io.api.tes.ser.api.KafkaSerdesTester] (Thread-670) Sending message {"key11753985640728": "value-2", "key21753985642445": "value-2"} to topic topic-cc094736_8d72_4947_9d68_1f379593ee0d
2025-07-31 18:14:03,542 INFO  [io.api.tes.ser.api.KafkaSerdesTester] (Thread-670) Sending message {"key11753985640728": "value-3", "key21753985642445": "value-3"} to topic topic-cc094736_8d72_4947_9d68_1f379593ee0d
2025-07-31 18:14:03,543 INFO  [io.api.tes.ser.api.KafkaSerdesTester] (Thread-670) Sending message {"key11753985640728": "value-4", "key21753985642445": "value-4"} to topic topic-cc094736_8d72_4947_9d68_1f379593ee0d
2025-07-31 18:14:03,547 INFO  [io.api.tes.ser.api.KafkaSerdesTester] (Thread-670) Sending message {"key11753985640728": "value-5", "key21753985642445": "value-5"} to topic topic-cc094736_8d72_4947_9d68_1f379593ee0d
2025-07-31 18:14:03,548 INFO  [io.api.tes.ser.api.KafkaSerdesTester] (Thread-670) Sending message {"key11753985640728": "value-6", "key21753985642445": "value-6"} to topic topic-cc094736_8d72_4947_9d68_1f379593ee0d
2025-07-31 18:14:03,550 INFO  [io.api.tes.ser.api.KafkaSerdesTester] (Thread-670) Sending message {"key11753985640728": "value-7", "key21753985642445": "value-7"} to topic topic-cc094736_8d72_4947_9d68_1f379593ee0d
2025-07-31 18:14:03,551 INFO  [io.api.tes.ser.api.KafkaSerdesTester] (Thread-670) Sending message {"key11753985640728": "value-8", "key21753985642445": "value-8"} to topic topic-cc094736_8d72_4947_9d68_1f379593ee0d
2025-07-31 18:14:03,554 INFO  [io.api.tes.ser.api.KafkaSerdesTester] (Thread-670) Sending message {"key11753985640728": "value-9", "key21753985642445": "value-9"} to topic topic-cc094736_8d72_4947_9d68_1f379593ee0d
2025-07-31 18:14:03,557 INFO  [io.api.tes.ser.api.KafkaSerdesTester] (Thread-670) Produced 10 messages
2025-07-31 18:14:03,557 INFO  [org.apa.kaf.cli.pro.KafkaProducer] (Thread-670) [Producer clientId=Producer-topic-cc094736_8d72_4947_9d68_1f379593ee0d] Closing the Kafka producer with timeoutMillis = 9223372036854775807 ms.
2025-07-31 18:14:03,560 INFO  [org.apa.kaf.com.met.Metrics] (Thread-670) Metrics scheduler closed
2025-07-31 18:14:03,560 INFO  [org.apa.kaf.com.met.Metrics] (Thread-670) Closing reporter org.apache.kafka.common.metrics.JmxReporter
2025-07-31 18:14:03,560 INFO  [org.apa.kaf.com.met.Metrics] (Thread-670) Closing reporter org.apache.kafka.common.telemetry.internals.ClientTelemetryReporter
2025-07-31 18:14:03,560 INFO  [org.apa.kaf.com.met.Metrics] (Thread-670) Metrics reporters closed
2025-07-31 18:14:03,560 INFO  [org.apa.kaf.com.uti.AppInfoParser] (Thread-670) App info kafka.producer for Producer-topic-cc094736_8d72_4947_9d68_1f379593ee0d unregistered
**** Registry Base URL: http://registry-app-postgresql.apps.ci419.apicurio-testing.org:80
2025-07-31 18:14:03,561 INFO  [org.apa.kaf.cli.pro.ProducerConfig] (main) ProducerConfig values: 
	acks = -1
	auto.include.jmx.reporter = true
	batch.size = 16384
	bootstrap.servers = [PLAINTEXT://localhost:32770]
	buffer.memory = 33554432
	client.dns.lookup = use_all_dns_ips
	client.id = Producer-topic-cc094736_8d72_4947_9d68_1f379593ee0d
	compression.gzip.level = -1
	compression.lz4.level = 9
	compression.type = none
	compression.zstd.level = 3
	connections.max.idle.ms = 10000
	delivery.timeout.ms = 120000
	enable.idempotence = true
	enable.metrics.push = true
	interceptor.classes = []
	key.serializer = class org.apache.kafka.common.serialization.StringSerializer
	linger.ms = 0
	max.block.ms = 60000
	max.in.flight.requests.per.connection = 5
	max.request.size = 1048576
	metadata.max.age.ms = 300000
	metadata.max.idle.ms = 300000
	metadata.recovery.strategy = none
	metric.reporters = []
	metrics.num.samples = 2
	metrics.recording.level = INFO
	metrics.sample.window.ms = 30000
	partitioner.adaptive.partitioning.enable = true
	partitioner.availability.timeout.ms = 0
	partitioner.class = null
	partitioner.ignore.keys = false
	receive.buffer.bytes = 32768
	reconnect.backoff.max.ms = 1000
	reconnect.backoff.ms = 50
	request.timeout.ms = 5000
	retries = 2147483647
	retry.backoff.max.ms = 1000
	retry.backoff.ms = 100
	sasl.client.callback.handler.class = null
	sasl.jaas.config = null
	sasl.kerberos.kinit.cmd = /usr/bin/kinit
	sasl.kerberos.min.time.before.relogin = 60000
	sasl.kerberos.service.name = null
	sasl.kerberos.ticket.renew.jitter = 0.05
	sasl.kerberos.ticket.renew.window.factor = 0.8
	sasl.login.callback.handler.class = null
	sasl.login.class = null
	sasl.login.connect.timeout.ms = null
	sasl.login.read.timeout.ms = null
	sasl.login.refresh.buffer.seconds = 300
	sasl.login.refresh.min.period.seconds = 60
	sasl.login.refresh.window.factor = 0.8
	sasl.login.refresh.window.jitter = 0.05
	sasl.login.retry.backoff.max.ms = 10000
	sasl.login.retry.backoff.ms = 100
	sasl.mechanism = GSSAPI
	sasl.oauthbearer.clock.skew.seconds = 30
	sasl.oauthbearer.expected.audience = null
	sasl.oauthbearer.expected.issuer = null
	sasl.oauthbearer.header.urlencode = false
	sasl.oauthbearer.jwks.endpoint.refresh.ms = 3600000
	sasl.oauthbearer.jwks.endpoint.retry.backoff.max.ms = 10000
	sasl.oauthbearer.jwks.endpoint.retry.backoff.ms = 100
	sasl.oauthbearer.jwks.endpoint.url = null
	sasl.oauthbearer.scope.claim.name = scope
	sasl.oauthbearer.sub.claim.name = sub
	sasl.oauthbearer.token.endpoint.url = null
	security.protocol = PLAINTEXT
	security.providers = null
	send.buffer.bytes = 131072
	socket.connection.setup.timeout.max.ms = 30000
	socket.connection.setup.timeout.ms = 10000
	ssl.cipher.suites = null
	ssl.enabled.protocols = [TLSv1.2, TLSv1.3]
	ssl.endpoint.identification.algorithm = https
	ssl.engine.factory.class = null
	ssl.key.password = null
	ssl.keymanager.algorithm = SunX509
	ssl.keystore.certificate.chain = null
	ssl.keystore.key = null
	ssl.keystore.location = null
	ssl.keystore.password = null
	ssl.keystore.type = JKS
	ssl.protocol = TLSv1.3
	ssl.provider = null
	ssl.secure.random.implementation = null
	ssl.trustmanager.algorithm = PKIX
	ssl.truststore.certificates = null
	ssl.truststore.location = null
	ssl.truststore.password = null
	ssl.truststore.type = JKS
	transaction.timeout.ms = 60000
	transactional.id = null
	value.serializer = class io.apicurio.registry.serde.avro.AvroKafkaSerializer

2025-07-31 18:14:03,561 INFO  [org.apa.kaf.com.tel.int.KafkaMetricsCollector] (main) initializing Kafka metrics collector
2025-07-31 18:14:03,569 INFO  [org.apa.kaf.cli.pro.KafkaProducer] (main) [Producer clientId=Producer-topic-cc094736_8d72_4947_9d68_1f379593ee0d] Instantiated an idempotent producer.
2025-07-31 18:14:03,574 INFO  [org.apa.kaf.cli.pro.ProducerConfig] (main) These configurations '[apicurio.registry.url, apicurio.registry.artifact-resolver-strategy]' were supplied but are not used yet.
2025-07-31 18:14:03,574 INFO  [org.apa.kaf.com.uti.AppInfoParser] (main) Kafka version: 3.9.1
2025-07-31 18:14:03,574 INFO  [org.apa.kaf.com.uti.AppInfoParser] (main) Kafka commitId: f745dfdcee2b9851
2025-07-31 18:14:03,574 INFO  [org.apa.kaf.com.uti.AppInfoParser] (main) Kafka startTimeMs: 1753985643574
2025-07-31 18:14:03,575 INFO  [io.api.tes.ser.api.KafkaSerdesTester] (Thread-673) Sending message {"key11753985640728": "value-0"} to topic topic-cc094736_8d72_4947_9d68_1f379593ee0d
2025-07-31 18:14:03,579 INFO  [org.apa.kaf.cli.Metadata] (kafka-producer-network-thread | Producer-topic-cc094736_8d72_4947_9d68_1f379593ee0d) [Producer clientId=Producer-topic-cc094736_8d72_4947_9d68_1f379593ee0d] Cluster ID: UuE4P2bBQU2_qF9DHmdGkA
2025-07-31 18:14:03,579 INFO  [org.apa.kaf.cli.pro.int.TransactionManager] (kafka-producer-network-thread | Producer-topic-cc094736_8d72_4947_9d68_1f379593ee0d) [Producer clientId=Producer-topic-cc094736_8d72_4947_9d68_1f379593ee0d] ProducerId set to 14 with epoch 0
2025-07-31 18:14:03,579 INFO  [DefaultSchemaResolver] (Thread-673) Retrieving schema content using string: {"type":"record","name":"sc3adf713xe734x41c9xbf83xe763153179b4","namespace":"ns_86345dc0_10a6_44fd_bd85_d97b5aaf392f","fields":[{"name":"key11753985640728","type":"string"}]}
2025-07-31 18:14:03,604 INFO  [io.api.tes.ser.api.KafkaSerdesTester] (Thread-673) Sending message {"key11753985640728": "value-1"} to topic topic-cc094736_8d72_4947_9d68_1f379593ee0d
2025-07-31 18:14:03,605 INFO  [io.api.tes.ser.api.KafkaSerdesTester] (Thread-673) Sending message {"key11753985640728": "value-2"} to topic topic-cc094736_8d72_4947_9d68_1f379593ee0d
2025-07-31 18:14:03,607 INFO  [io.api.tes.ser.api.KafkaSerdesTester] (Thread-673) Sending message {"key11753985640728": "value-3"} to topic topic-cc094736_8d72_4947_9d68_1f379593ee0d
2025-07-31 18:14:03,609 INFO  [io.api.tes.ser.api.KafkaSerdesTester] (Thread-673) Sending message {"key11753985640728": "value-4"} to topic topic-cc094736_8d72_4947_9d68_1f379593ee0d
2025-07-31 18:14:03,611 INFO  [io.api.tes.ser.api.KafkaSerdesTester] (Thread-673) Sending message {"key11753985640728": "value-5"} to topic topic-cc094736_8d72_4947_9d68_1f379593ee0d
2025-07-31 18:14:03,612 INFO  [io.api.tes.ser.api.KafkaSerdesTester] (Thread-673) Sending message {"key11753985640728": "value-6"} to topic topic-cc094736_8d72_4947_9d68_1f379593ee0d
2025-07-31 18:14:03,613 INFO  [io.api.tes.ser.api.KafkaSerdesTester] (Thread-673) Sending message {"key11753985640728": "value-7"} to topic topic-cc094736_8d72_4947_9d68_1f379593ee0d
2025-07-31 18:14:03,615 INFO  [io.api.tes.ser.api.KafkaSerdesTester] (Thread-673) Sending message {"key11753985640728": "value-8"} to topic topic-cc094736_8d72_4947_9d68_1f379593ee0d
2025-07-31 18:14:03,616 INFO  [io.api.tes.ser.api.KafkaSerdesTester] (Thread-673) Sending message {"key11753985640728": "value-9"} to topic topic-cc094736_8d72_4947_9d68_1f379593ee0d
2025-07-31 18:14:03,618 INFO  [io.api.tes.ser.api.KafkaSerdesTester] (Thread-673) Produced 10 messages
2025-07-31 18:14:03,618 INFO  [org.apa.kaf.cli.pro.KafkaProducer] (Thread-673) [Producer clientId=Producer-topic-cc094736_8d72_4947_9d68_1f379593ee0d] Closing the Kafka producer with timeoutMillis = 9223372036854775807 ms.
2025-07-31 18:14:03,620 INFO  [org.apa.kaf.com.met.Metrics] (Thread-673) Metrics scheduler closed
2025-07-31 18:14:03,620 INFO  [org.apa.kaf.com.met.Metrics] (Thread-673) Closing reporter org.apache.kafka.common.metrics.JmxReporter
2025-07-31 18:14:03,620 INFO  [org.apa.kaf.com.met.Metrics] (Thread-673) Closing reporter org.apache.kafka.common.telemetry.internals.ClientTelemetryReporter
2025-07-31 18:14:03,620 INFO  [org.apa.kaf.com.met.Metrics] (Thread-673) Metrics reporters closed
2025-07-31 18:14:03,621 INFO  [org.apa.kaf.com.uti.AppInfoParser] (Thread-673) App info kafka.producer for Producer-topic-cc094736_8d72_4947_9d68_1f379593ee0d unregistered
**** Registry Base URL: http://registry-app-postgresql.apps.ci419.apicurio-testing.org:80
2025-07-31 18:14:03,622 INFO  [org.apa.kaf.cli.con.ConsumerConfig] (main) ConsumerConfig values: 
	allow.auto.create.topics = true
	auto.commit.interval.ms = 500
	auto.include.jmx.reporter = true
	auto.offset.reset = earliest
	bootstrap.servers = [PLAINTEXT://localhost:32770]
	check.crcs = true
	client.dns.lookup = use_all_dns_ips
	client.id = consumer-Consumer-topic-cc094736_8d72_4947_9d68_1f379593ee0d-11
	client.rack = 
	connections.max.idle.ms = 10000
	default.api.timeout.ms = 60000
	enable.auto.commit = true
	enable.metrics.push = true
	exclude.internal.topics = true
	fetch.max.bytes = 52428800
	fetch.max.wait.ms = 500
	fetch.min.bytes = 1
	group.id = Consumer-topic-cc094736_8d72_4947_9d68_1f379593ee0d
	group.instance.id = null
	group.protocol = classic
	group.remote.assignor = null
	heartbeat.interval.ms = 3000
	interceptor.classes = []
	internal.leave.group.on.close = true
	internal.throw.on.fetch.stable.offset.unsupported = false
	isolation.level = read_uncommitted
	key.deserializer = class org.apache.kafka.common.serialization.StringDeserializer
	max.partition.fetch.bytes = 1048576
	max.poll.interval.ms = 300000
	max.poll.records = 500
	metadata.max.age.ms = 300000
	metadata.recovery.strategy = none
	metric.reporters = []
	metrics.num.samples = 2
	metrics.recording.level = INFO
	metrics.sample.window.ms = 30000
	partition.assignment.strategy = [class org.apache.kafka.clients.consumer.RangeAssignor, class org.apache.kafka.clients.consumer.CooperativeStickyAssignor]
	receive.buffer.bytes = 65536
	reconnect.backoff.max.ms = 1000
	reconnect.backoff.ms = 50
	request.timeout.ms = 5000
	retry.backoff.max.ms = 1000
	retry.backoff.ms = 100
	sasl.client.callback.handler.class = null
	sasl.jaas.config = null
	sasl.kerberos.kinit.cmd = /usr/bin/kinit
	sasl.kerberos.min.time.before.relogin = 60000
	sasl.kerberos.service.name = null
	sasl.kerberos.ticket.renew.jitter = 0.05
	sasl.kerberos.ticket.renew.window.factor = 0.8
	sasl.login.callback.handler.class = null
	sasl.login.class = null
	sasl.login.connect.timeout.ms = null
	sasl.login.read.timeout.ms = null
	sasl.login.refresh.buffer.seconds = 300
	sasl.login.refresh.min.period.seconds = 60
	sasl.login.refresh.window.factor = 0.8
	sasl.login.refresh.window.jitter = 0.05
	sasl.login.retry.backoff.max.ms = 10000
	sasl.login.retry.backoff.ms = 100
	sasl.mechanism = GSSAPI
	sasl.oauthbearer.clock.skew.seconds = 30
	sasl.oauthbearer.expected.audience = null
	sasl.oauthbearer.expected.issuer = null
	sasl.oauthbearer.header.urlencode = false
	sasl.oauthbearer.jwks.endpoint.refresh.ms = 3600000
	sasl.oauthbearer.jwks.endpoint.retry.backoff.max.ms = 10000
	sasl.oauthbearer.jwks.endpoint.retry.backoff.ms = 100
	sasl.oauthbearer.jwks.endpoint.url = null
	sasl.oauthbearer.scope.claim.name = scope
	sasl.oauthbearer.sub.claim.name = sub
	sasl.oauthbearer.token.endpoint.url = null
	security.protocol = PLAINTEXT
	security.providers = null
	send.buffer.bytes = 131072
	session.timeout.ms = 45000
	socket.connection.setup.timeout.max.ms = 30000
	socket.connection.setup.timeout.ms = 10000
	ssl.cipher.suites = null
	ssl.enabled.protocols = [TLSv1.2, TLSv1.3]
	ssl.endpoint.identification.algorithm = https
	ssl.engine.factory.class = null
	ssl.key.password = null
	ssl.keymanager.algorithm = SunX509
	ssl.keystore.certificate.chain = null
	ssl.keystore.key = null
	ssl.keystore.location = null
	ssl.keystore.password = null
	ssl.keystore.type = JKS
	ssl.protocol = TLSv1.3
	ssl.provider = null
	ssl.secure.random.implementation = null
	ssl.trustmanager.algorithm = PKIX
	ssl.truststore.certificates = null
	ssl.truststore.location = null
	ssl.truststore.password = null
	ssl.truststore.type = JKS
	value.deserializer = class io.apicurio.registry.serde.avro.AvroKafkaDeserializer

2025-07-31 18:14:03,622 INFO  [org.apa.kaf.com.tel.int.KafkaMetricsCollector] (main) initializing Kafka metrics collector
2025-07-31 18:14:03,629 INFO  [org.apa.kaf.cli.con.ConsumerConfig] (main) These configurations '[apicurio.registry.url]' were supplied but are not used yet.
2025-07-31 18:14:03,629 INFO  [org.apa.kaf.com.uti.AppInfoParser] (main) Kafka version: 3.9.1
2025-07-31 18:14:03,629 INFO  [org.apa.kaf.com.uti.AppInfoParser] (main) Kafka commitId: f745dfdcee2b9851
2025-07-31 18:14:03,629 INFO  [org.apa.kaf.com.uti.AppInfoParser] (main) Kafka startTimeMs: 1753985643629
2025-07-31 18:14:03,630 INFO  [org.apa.kaf.cli.con.int.ClassicKafkaConsumer] (Thread-676) [Consumer clientId=consumer-Consumer-topic-cc094736_8d72_4947_9d68_1f379593ee0d-11, groupId=Consumer-topic-cc094736_8d72_4947_9d68_1f379593ee0d] Subscribed to topic(s): topic-cc094736_8d72_4947_9d68_1f379593ee0d
2025-07-31 18:14:03,638 INFO  [org.apa.kaf.cli.Metadata] (Thread-676) [Consumer clientId=consumer-Consumer-topic-cc094736_8d72_4947_9d68_1f379593ee0d-11, groupId=Consumer-topic-cc094736_8d72_4947_9d68_1f379593ee0d] Cluster ID: UuE4P2bBQU2_qF9DHmdGkA
2025-07-31 18:14:03,640 INFO  [org.apa.kaf.cli.con.int.ConsumerCoordinator] (Thread-676) [Consumer clientId=consumer-Consumer-topic-cc094736_8d72_4947_9d68_1f379593ee0d-11, groupId=Consumer-topic-cc094736_8d72_4947_9d68_1f379593ee0d] Discovered group coordinator localhost:32770 (id: 2147483647 rack: null)
2025-07-31 18:14:03,642 INFO  [org.apa.kaf.cli.con.int.ConsumerCoordinator] (Thread-676) [Consumer clientId=consumer-Consumer-topic-cc094736_8d72_4947_9d68_1f379593ee0d-11, groupId=Consumer-topic-cc094736_8d72_4947_9d68_1f379593ee0d] (Re-)joining group
2025-07-31 18:14:03,647 INFO  [org.apa.kaf.cli.con.int.ConsumerCoordinator] (Thread-676) [Consumer clientId=consumer-Consumer-topic-cc094736_8d72_4947_9d68_1f379593ee0d-11, groupId=Consumer-topic-cc094736_8d72_4947_9d68_1f379593ee0d] Request joining group due to: need to re-join with the given member-id: consumer-Consumer-topic-cc094736_8d72_4947_9d68_1f379593ee0d-11-8145bd77-1525-41d2-ad21-9f0afafb0a51
2025-07-31 18:14:03,647 INFO  [org.apa.kaf.cli.con.int.ConsumerCoordinator] (Thread-676) [Consumer clientId=consumer-Consumer-topic-cc094736_8d72_4947_9d68_1f379593ee0d-11, groupId=Consumer-topic-cc094736_8d72_4947_9d68_1f379593ee0d] (Re-)joining group
2025-07-31 18:14:03,649 INFO  [org.apa.kaf.cli.con.int.ConsumerCoordinator] (Thread-676) [Consumer clientId=consumer-Consumer-topic-cc094736_8d72_4947_9d68_1f379593ee0d-11, groupId=Consumer-topic-cc094736_8d72_4947_9d68_1f379593ee0d] Successfully joined group with generation Generation{generationId=3, memberId='consumer-Consumer-topic-cc094736_8d72_4947_9d68_1f379593ee0d-11-8145bd77-1525-41d2-ad21-9f0afafb0a51', protocol='range'}
2025-07-31 18:14:03,649 INFO  [org.apa.kaf.cli.con.int.ConsumerCoordinator] (Thread-676) [Consumer clientId=consumer-Consumer-topic-cc094736_8d72_4947_9d68_1f379593ee0d-11, groupId=Consumer-topic-cc094736_8d72_4947_9d68_1f379593ee0d] Finished assignment for group at generation 3: {consumer-Consumer-topic-cc094736_8d72_4947_9d68_1f379593ee0d-11-8145bd77-1525-41d2-ad21-9f0afafb0a51=Assignment(partitions=[topic-cc094736_8d72_4947_9d68_1f379593ee0d-0])}
2025-07-31 18:14:03,651 INFO  [org.apa.kaf.cli.con.int.ConsumerCoordinator] (Thread-676) [Consumer clientId=consumer-Consumer-topic-cc094736_8d72_4947_9d68_1f379593ee0d-11, groupId=Consumer-topic-cc094736_8d72_4947_9d68_1f379593ee0d] Successfully synced group in generation Generation{generationId=3, memberId='consumer-Consumer-topic-cc094736_8d72_4947_9d68_1f379593ee0d-11-8145bd77-1525-41d2-ad21-9f0afafb0a51', protocol='range'}
2025-07-31 18:14:03,651 INFO  [org.apa.kaf.cli.con.int.ConsumerCoordinator] (Thread-676) [Consumer clientId=consumer-Consumer-topic-cc094736_8d72_4947_9d68_1f379593ee0d-11, groupId=Consumer-topic-cc094736_8d72_4947_9d68_1f379593ee0d] Notifying assignor about the new Assignment(partitions=[topic-cc094736_8d72_4947_9d68_1f379593ee0d-0])
2025-07-31 18:14:03,651 INFO  [org.apa.kaf.cli.con.int.ConsumerRebalanceListenerInvoker] (Thread-676) [Consumer clientId=consumer-Consumer-topic-cc094736_8d72_4947_9d68_1f379593ee0d-11, groupId=Consumer-topic-cc094736_8d72_4947_9d68_1f379593ee0d] Adding newly assigned partitions: topic-cc094736_8d72_4947_9d68_1f379593ee0d-0
2025-07-31 18:14:03,653 INFO  [org.apa.kaf.cli.con.int.ConsumerUtils] (Thread-676) Setting offset for partition topic-cc094736_8d72_4947_9d68_1f379593ee0d-0 to the committed offset FetchPosition{offset=10, offsetEpoch=Optional[0], currentLeader=LeaderAndEpoch{leader=Optional[localhost:32770 (id: 0 rack: null)], epoch=0}}
2025-07-31 18:14:03,714 INFO  [io.api.tes.ser.api.KafkaSerdesTester] (Thread-676) topic-cc094736_8d72_4947_9d68_1f379593ee0d 0 10 {"key11753985640728": "value-0", "key21753985642445": "value-0"}
2025-07-31 18:14:03,714 INFO  [io.api.tes.ser.api.KafkaSerdesTester] (Thread-676) topic-cc094736_8d72_4947_9d68_1f379593ee0d 0 11 {"key11753985640728": "value-1", "key21753985642445": "value-1"}
2025-07-31 18:14:03,714 INFO  [io.api.tes.ser.api.KafkaSerdesTester] (Thread-676) topic-cc094736_8d72_4947_9d68_1f379593ee0d 0 12 {"key11753985640728": "value-2", "key21753985642445": "value-2"}
2025-07-31 18:14:03,715 INFO  [io.api.tes.ser.api.KafkaSerdesTester] (Thread-676) topic-cc094736_8d72_4947_9d68_1f379593ee0d 0 13 {"key11753985640728": "value-3", "key21753985642445": "value-3"}
2025-07-31 18:14:03,715 INFO  [io.api.tes.ser.api.KafkaSerdesTester] (Thread-676) topic-cc094736_8d72_4947_9d68_1f379593ee0d 0 14 {"key11753985640728": "value-4", "key21753985642445": "value-4"}
2025-07-31 18:14:03,715 INFO  [io.api.tes.ser.api.KafkaSerdesTester] (Thread-676) topic-cc094736_8d72_4947_9d68_1f379593ee0d 0 15 {"key11753985640728": "value-5", "key21753985642445": "value-5"}
2025-07-31 18:14:03,715 INFO  [io.api.tes.ser.api.KafkaSerdesTester] (Thread-676) topic-cc094736_8d72_4947_9d68_1f379593ee0d 0 16 {"key11753985640728": "value-6", "key21753985642445": "value-6"}
2025-07-31 18:14:03,715 INFO  [io.api.tes.ser.api.KafkaSerdesTester] (Thread-676) topic-cc094736_8d72_4947_9d68_1f379593ee0d 0 17 {"key11753985640728": "value-7", "key21753985642445": "value-7"}
2025-07-31 18:14:03,715 INFO  [io.api.tes.ser.api.KafkaSerdesTester] (Thread-676) topic-cc094736_8d72_4947_9d68_1f379593ee0d 0 18 {"key11753985640728": "value-8", "key21753985642445": "value-8"}
2025-07-31 18:14:03,715 INFO  [io.api.tes.ser.api.KafkaSerdesTester] (Thread-676) topic-cc094736_8d72_4947_9d68_1f379593ee0d 0 19 {"key11753985640728": "value-9", "key21753985642445": "value-9"}
2025-07-31 18:14:03,715 INFO  [io.api.tes.ser.api.KafkaSerdesTester] (Thread-676) topic-cc094736_8d72_4947_9d68_1f379593ee0d 0 20 {"key11753985640728": "value-0"}
2025-07-31 18:14:03,715 INFO  [io.api.tes.ser.api.KafkaSerdesTester] (Thread-676) topic-cc094736_8d72_4947_9d68_1f379593ee0d 0 21 {"key11753985640728": "value-1"}
2025-07-31 18:14:03,715 INFO  [io.api.tes.ser.api.KafkaSerdesTester] (Thread-676) topic-cc094736_8d72_4947_9d68_1f379593ee0d 0 22 {"key11753985640728": "value-2"}
2025-07-31 18:14:03,715 INFO  [io.api.tes.ser.api.KafkaSerdesTester] (Thread-676) topic-cc094736_8d72_4947_9d68_1f379593ee0d 0 23 {"key11753985640728": "value-3"}
2025-07-31 18:14:03,715 INFO  [io.api.tes.ser.api.KafkaSerdesTester] (Thread-676) topic-cc094736_8d72_4947_9d68_1f379593ee0d 0 24 {"key11753985640728": "value-4"}
2025-07-31 18:14:03,715 INFO  [io.api.tes.ser.api.KafkaSerdesTester] (Thread-676) topic-cc094736_8d72_4947_9d68_1f379593ee0d 0 25 {"key11753985640728": "value-5"}
2025-07-31 18:14:03,715 INFO  [io.api.tes.ser.api.KafkaSerdesTester] (Thread-676) topic-cc094736_8d72_4947_9d68_1f379593ee0d 0 26 {"key11753985640728": "value-6"}
2025-07-31 18:14:03,715 INFO  [io.api.tes.ser.api.KafkaSerdesTester] (Thread-676) topic-cc094736_8d72_4947_9d68_1f379593ee0d 0 27 {"key11753985640728": "value-7"}
2025-07-31 18:14:03,715 INFO  [io.api.tes.ser.api.KafkaSerdesTester] (Thread-676) topic-cc094736_8d72_4947_9d68_1f379593ee0d 0 28 {"key11753985640728": "value-8"}
2025-07-31 18:14:03,715 INFO  [io.api.tes.ser.api.KafkaSerdesTester] (Thread-676) topic-cc094736_8d72_4947_9d68_1f379593ee0d 0 29 {"key11753985640728": "value-9"}
2025-07-31 18:14:03,715 INFO  [io.api.tes.ser.api.KafkaSerdesTester] (Thread-676) Consumed 20 messages
2025-07-31 18:14:03,719 INFO  [org.apa.kaf.cli.con.int.ConsumerRebalanceListenerInvoker] (Thread-676) [Consumer clientId=consumer-Consumer-topic-cc094736_8d72_4947_9d68_1f379593ee0d-11, groupId=Consumer-topic-cc094736_8d72_4947_9d68_1f379593ee0d] Revoke previously assigned partitions topic-cc094736_8d72_4947_9d68_1f379593ee0d-0
2025-07-31 18:14:03,719 INFO  [org.apa.kaf.cli.con.int.ConsumerCoordinator] (Thread-676) [Consumer clientId=consumer-Consumer-topic-cc094736_8d72_4947_9d68_1f379593ee0d-11, groupId=Consumer-topic-cc094736_8d72_4947_9d68_1f379593ee0d] Member consumer-Consumer-topic-cc094736_8d72_4947_9d68_1f379593ee0d-11-8145bd77-1525-41d2-ad21-9f0afafb0a51 sending LeaveGroup request to coordinator localhost:32770 (id: 2147483647 rack: null) due to the consumer is being closed
2025-07-31 18:14:03,719 INFO  [org.apa.kaf.cli.con.int.ConsumerCoordinator] (Thread-676) [Consumer clientId=consumer-Consumer-topic-cc094736_8d72_4947_9d68_1f379593ee0d-11, groupId=Consumer-topic-cc094736_8d72_4947_9d68_1f379593ee0d] Resetting generation and member id due to: consumer pro-actively leaving the group
2025-07-31 18:14:03,719 INFO  [org.apa.kaf.cli.con.int.ConsumerCoordinator] (Thread-676) [Consumer clientId=consumer-Consumer-topic-cc094736_8d72_4947_9d68_1f379593ee0d-11, groupId=Consumer-topic-cc094736_8d72_4947_9d68_1f379593ee0d] Request joining group due to: consumer pro-actively leaving the group
2025-07-31 18:14:04,218 INFO  [org.apa.kaf.com.met.Metrics] (Thread-676) Metrics scheduler closed
2025-07-31 18:14:04,218 INFO  [org.apa.kaf.com.met.Metrics] (Thread-676) Closing reporter org.apache.kafka.common.metrics.JmxReporter
2025-07-31 18:14:04,218 INFO  [org.apa.kaf.com.met.Metrics] (Thread-676) Closing reporter org.apache.kafka.common.telemetry.internals.ClientTelemetryReporter
2025-07-31 18:14:04,218 INFO  [org.apa.kaf.com.met.Metrics] (Thread-676) Metrics reporters closed
2025-07-31 18:14:04,221 INFO  [org.apa.kaf.com.uti.AppInfoParser] (Thread-676) App info kafka.consumer for consumer-Consumer-topic-cc094736_8d72_4947_9d68_1f379593ee0d-11 unregistered
2025-07-31 18:14:04,224 INFO  [io.api.tes.ser.api.AvroSerdeIT] (main) Registering Avro Schema 3: {"type":"record","name":"sc3adf713xe734x41c9xbf83xe763153179b4","namespace":"ns_86345dc0_10a6_44fd_bd85_d97b5aaf392f","fields":[{"name":"key11753985640728","type":"string"},{"name":"key21753985642445","type":"string"},{"name":"key31753985644221","type":"string"}]}
**** Registry Base URL: http://registry-app-postgresql.apps.ci419.apicurio-testing.org:80
2025-07-31 18:14:05,268 INFO  [org.apa.kaf.cli.pro.ProducerConfig] (main) ProducerConfig values: 
	acks = -1
	auto.include.jmx.reporter = true
	batch.size = 16384
	bootstrap.servers = [PLAINTEXT://localhost:32770]
	buffer.memory = 33554432
	client.dns.lookup = use_all_dns_ips
	client.id = Producer-topic-cc094736_8d72_4947_9d68_1f379593ee0d
	compression.gzip.level = -1
	compression.lz4.level = 9
	compression.type = none
	compression.zstd.level = 3
	connections.max.idle.ms = 10000
	delivery.timeout.ms = 120000
	enable.idempotence = true
	enable.metrics.push = true
	interceptor.classes = []
	key.serializer = class org.apache.kafka.common.serialization.StringSerializer
	linger.ms = 0
	max.block.ms = 60000
	max.in.flight.requests.per.connection = 5
	max.request.size = 1048576
	metadata.max.age.ms = 300000
	metadata.max.idle.ms = 300000
	metadata.recovery.strategy = none
	metric.reporters = []
	metrics.num.samples = 2
	metrics.recording.level = INFO
	metrics.sample.window.ms = 30000
	partitioner.adaptive.partitioning.enable = true
	partitioner.availability.timeout.ms = 0
	partitioner.class = null
	partitioner.ignore.keys = false
	receive.buffer.bytes = 32768
	reconnect.backoff.max.ms = 1000
	reconnect.backoff.ms = 50
	request.timeout.ms = 5000
	retries = 2147483647
	retry.backoff.max.ms = 1000
	retry.backoff.ms = 100
	sasl.client.callback.handler.class = null
	sasl.jaas.config = null
	sasl.kerberos.kinit.cmd = /usr/bin/kinit
	sasl.kerberos.min.time.before.relogin = 60000
	sasl.kerberos.service.name = null
	sasl.kerberos.ticket.renew.jitter = 0.05
	sasl.kerberos.ticket.renew.window.factor = 0.8
	sasl.login.callback.handler.class = null
	sasl.login.class = null
	sasl.login.connect.timeout.ms = null
	sasl.login.read.timeout.ms = null
	sasl.login.refresh.buffer.seconds = 300
	sasl.login.refresh.min.period.seconds = 60
	sasl.login.refresh.window.factor = 0.8
	sasl.login.refresh.window.jitter = 0.05
	sasl.login.retry.backoff.max.ms = 10000
	sasl.login.retry.backoff.ms = 100
	sasl.mechanism = GSSAPI
	sasl.oauthbearer.clock.skew.seconds = 30
	sasl.oauthbearer.expected.audience = null
	sasl.oauthbearer.expected.issuer = null
	sasl.oauthbearer.header.urlencode = false
	sasl.oauthbearer.jwks.endpoint.refresh.ms = 3600000
	sasl.oauthbearer.jwks.endpoint.retry.backoff.max.ms = 10000
	sasl.oauthbearer.jwks.endpoint.retry.backoff.ms = 100
	sasl.oauthbearer.jwks.endpoint.url = null
	sasl.oauthbearer.scope.claim.name = scope
	sasl.oauthbearer.sub.claim.name = sub
	sasl.oauthbearer.token.endpoint.url = null
	security.protocol = PLAINTEXT
	security.providers = null
	send.buffer.bytes = 131072
	socket.connection.setup.timeout.max.ms = 30000
	socket.connection.setup.timeout.ms = 10000
	ssl.cipher.suites = null
	ssl.enabled.protocols = [TLSv1.2, TLSv1.3]
	ssl.endpoint.identification.algorithm = https
	ssl.engine.factory.class = null
	ssl.key.password = null
	ssl.keymanager.algorithm = SunX509
	ssl.keystore.certificate.chain = null
	ssl.keystore.key = null
	ssl.keystore.location = null
	ssl.keystore.password = null
	ssl.keystore.type = JKS
	ssl.protocol = TLSv1.3
	ssl.provider = null
	ssl.secure.random.implementation = null
	ssl.trustmanager.algorithm = PKIX
	ssl.truststore.certificates = null
	ssl.truststore.location = null
	ssl.truststore.password = null
	ssl.truststore.type = JKS
	transaction.timeout.ms = 60000
	transactional.id = null
	value.serializer = class io.apicurio.registry.serde.avro.AvroKafkaSerializer

2025-07-31 18:14:05,268 INFO  [org.apa.kaf.com.tel.int.KafkaMetricsCollector] (main) initializing Kafka metrics collector
2025-07-31 18:14:05,273 INFO  [org.apa.kaf.cli.pro.KafkaProducer] (main) [Producer clientId=Producer-topic-cc094736_8d72_4947_9d68_1f379593ee0d] Instantiated an idempotent producer.
2025-07-31 18:14:05,275 INFO  [org.apa.kaf.cli.pro.ProducerConfig] (main) These configurations '[apicurio.registry.url, apicurio.registry.artifact-resolver-strategy]' were supplied but are not used yet.
2025-07-31 18:14:05,275 INFO  [org.apa.kaf.com.uti.AppInfoParser] (main) Kafka version: 3.9.1
2025-07-31 18:14:05,275 INFO  [org.apa.kaf.com.uti.AppInfoParser] (main) Kafka commitId: f745dfdcee2b9851
2025-07-31 18:14:05,275 INFO  [org.apa.kaf.com.uti.AppInfoParser] (main) Kafka startTimeMs: 1753985645275
2025-07-31 18:14:05,276 INFO  [io.api.tes.ser.api.KafkaSerdesTester] (Thread-679) Sending message {"key11753985640728": "value-0", "key21753985642445": "value-0", "key31753985644221": "value-0"} to topic topic-cc094736_8d72_4947_9d68_1f379593ee0d
2025-07-31 18:14:05,280 INFO  [org.apa.kaf.cli.Metadata] (kafka-producer-network-thread | Producer-topic-cc094736_8d72_4947_9d68_1f379593ee0d) [Producer clientId=Producer-topic-cc094736_8d72_4947_9d68_1f379593ee0d] Cluster ID: UuE4P2bBQU2_qF9DHmdGkA
2025-07-31 18:14:05,281 INFO  [DefaultSchemaResolver] (Thread-679) Retrieving schema content using string: {"type":"record","name":"sc3adf713xe734x41c9xbf83xe763153179b4","namespace":"ns_86345dc0_10a6_44fd_bd85_d97b5aaf392f","fields":[{"name":"key11753985640728","type":"string"},{"name":"key21753985642445","type":"string"},{"name":"key31753985644221","type":"string"}]}
2025-07-31 18:14:05,282 INFO  [org.apa.kaf.cli.pro.int.TransactionManager] (kafka-producer-network-thread | Producer-topic-cc094736_8d72_4947_9d68_1f379593ee0d) [Producer clientId=Producer-topic-cc094736_8d72_4947_9d68_1f379593ee0d] ProducerId set to 15 with epoch 0
2025-07-31 18:14:05,309 INFO  [io.api.tes.ser.api.KafkaSerdesTester] (Thread-679) Sending message {"key11753985640728": "value-1", "key21753985642445": "value-1", "key31753985644221": "value-1"} to topic topic-cc094736_8d72_4947_9d68_1f379593ee0d
2025-07-31 18:14:05,311 INFO  [io.api.tes.ser.api.KafkaSerdesTester] (Thread-679) Sending message {"key11753985640728": "value-2", "key21753985642445": "value-2", "key31753985644221": "value-2"} to topic topic-cc094736_8d72_4947_9d68_1f379593ee0d
2025-07-31 18:14:05,312 INFO  [io.api.tes.ser.api.KafkaSerdesTester] (Thread-679) Sending message {"key11753985640728": "value-3", "key21753985642445": "value-3", "key31753985644221": "value-3"} to topic topic-cc094736_8d72_4947_9d68_1f379593ee0d
2025-07-31 18:14:05,314 INFO  [io.api.tes.ser.api.KafkaSerdesTester] (Thread-679) Sending message {"key11753985640728": "value-4", "key21753985642445": "value-4", "key31753985644221": "value-4"} to topic topic-cc094736_8d72_4947_9d68_1f379593ee0d
2025-07-31 18:14:05,316 INFO  [io.api.tes.ser.api.KafkaSerdesTester] (Thread-679) Sending message {"key11753985640728": "value-5", "key21753985642445": "value-5", "key31753985644221": "value-5"} to topic topic-cc094736_8d72_4947_9d68_1f379593ee0d
2025-07-31 18:14:05,318 INFO  [io.api.tes.ser.api.KafkaSerdesTester] (Thread-679) Sending message {"key11753985640728": "value-6", "key21753985642445": "value-6", "key31753985644221": "value-6"} to topic topic-cc094736_8d72_4947_9d68_1f379593ee0d
2025-07-31 18:14:05,320 INFO  [io.api.tes.ser.api.KafkaSerdesTester] (Thread-679) Sending message {"key11753985640728": "value-7", "key21753985642445": "value-7", "key31753985644221": "value-7"} to topic topic-cc094736_8d72_4947_9d68_1f379593ee0d
2025-07-31 18:14:05,324 INFO  [io.api.tes.ser.api.KafkaSerdesTester] (Thread-679) Sending message {"key11753985640728": "value-8", "key21753985642445": "value-8", "key31753985644221": "value-8"} to topic topic-cc094736_8d72_4947_9d68_1f379593ee0d
2025-07-31 18:14:05,325 INFO  [io.api.tes.ser.api.KafkaSerdesTester] (Thread-679) Sending message {"key11753985640728": "value-9", "key21753985642445": "value-9", "key31753985644221": "value-9"} to topic topic-cc094736_8d72_4947_9d68_1f379593ee0d
2025-07-31 18:14:05,333 INFO  [io.api.tes.ser.api.KafkaSerdesTester] (Thread-679) Produced 10 messages
2025-07-31 18:14:05,333 INFO  [org.apa.kaf.cli.pro.KafkaProducer] (Thread-679) [Producer clientId=Producer-topic-cc094736_8d72_4947_9d68_1f379593ee0d] Closing the Kafka producer with timeoutMillis = 9223372036854775807 ms.
2025-07-31 18:14:05,335 INFO  [org.apa.kaf.com.met.Metrics] (Thread-679) Metrics scheduler closed
2025-07-31 18:14:05,336 INFO  [org.apa.kaf.com.met.Metrics] (Thread-679) Closing reporter org.apache.kafka.common.metrics.JmxReporter
2025-07-31 18:14:05,336 INFO  [org.apa.kaf.com.met.Metrics] (Thread-679) Closing reporter org.apache.kafka.common.telemetry.internals.ClientTelemetryReporter
2025-07-31 18:14:05,336 INFO  [org.apa.kaf.com.met.Metrics] (Thread-679) Metrics reporters closed
2025-07-31 18:14:05,341 INFO  [org.apa.kaf.com.uti.AppInfoParser] (Thread-679) App info kafka.producer for Producer-topic-cc094736_8d72_4947_9d68_1f379593ee0d unregistered
**** Registry Base URL: http://registry-app-postgresql.apps.ci419.apicurio-testing.org:80
2025-07-31 18:14:05,342 INFO  [org.apa.kaf.cli.pro.ProducerConfig] (main) ProducerConfig values: 
	acks = -1
	auto.include.jmx.reporter = true
	batch.size = 16384
	bootstrap.servers = [PLAINTEXT://localhost:32770]
	buffer.memory = 33554432
	client.dns.lookup = use_all_dns_ips
	client.id = Producer-topic-cc094736_8d72_4947_9d68_1f379593ee0d
	compression.gzip.level = -1
	compression.lz4.level = 9
	compression.type = none
	compression.zstd.level = 3
	connections.max.idle.ms = 10000
	delivery.timeout.ms = 120000
	enable.idempotence = true
	enable.metrics.push = true
	interceptor.classes = []
	key.serializer = class org.apache.kafka.common.serialization.StringSerializer
	linger.ms = 0
	max.block.ms = 60000
	max.in.flight.requests.per.connection = 5
	max.request.size = 1048576
	metadata.max.age.ms = 300000
	metadata.max.idle.ms = 300000
	metadata.recovery.strategy = none
	metric.reporters = []
	metrics.num.samples = 2
	metrics.recording.level = INFO
	metrics.sample.window.ms = 30000
	partitioner.adaptive.partitioning.enable = true
	partitioner.availability.timeout.ms = 0
	partitioner.class = null
	partitioner.ignore.keys = false
	receive.buffer.bytes = 32768
	reconnect.backoff.max.ms = 1000
	reconnect.backoff.ms = 50
	request.timeout.ms = 5000
	retries = 2147483647
	retry.backoff.max.ms = 1000
	retry.backoff.ms = 100
	sasl.client.callback.handler.class = null
	sasl.jaas.config = null
	sasl.kerberos.kinit.cmd = /usr/bin/kinit
	sasl.kerberos.min.time.before.relogin = 60000
	sasl.kerberos.service.name = null
	sasl.kerberos.ticket.renew.jitter = 0.05
	sasl.kerberos.ticket.renew.window.factor = 0.8
	sasl.login.callback.handler.class = null
	sasl.login.class = null
	sasl.login.connect.timeout.ms = null
	sasl.login.read.timeout.ms = null
	sasl.login.refresh.buffer.seconds = 300
	sasl.login.refresh.min.period.seconds = 60
	sasl.login.refresh.window.factor = 0.8
	sasl.login.refresh.window.jitter = 0.05
	sasl.login.retry.backoff.max.ms = 10000
	sasl.login.retry.backoff.ms = 100
	sasl.mechanism = GSSAPI
	sasl.oauthbearer.clock.skew.seconds = 30
	sasl.oauthbearer.expected.audience = null
	sasl.oauthbearer.expected.issuer = null
	sasl.oauthbearer.header.urlencode = false
	sasl.oauthbearer.jwks.endpoint.refresh.ms = 3600000
	sasl.oauthbearer.jwks.endpoint.retry.backoff.max.ms = 10000
	sasl.oauthbearer.jwks.endpoint.retry.backoff.ms = 100
	sasl.oauthbearer.jwks.endpoint.url = null
	sasl.oauthbearer.scope.claim.name = scope
	sasl.oauthbearer.sub.claim.name = sub
	sasl.oauthbearer.token.endpoint.url = null
	security.protocol = PLAINTEXT
	security.providers = null
	send.buffer.bytes = 131072
	socket.connection.setup.timeout.max.ms = 30000
	socket.connection.setup.timeout.ms = 10000
	ssl.cipher.suites = null
	ssl.enabled.protocols = [TLSv1.2, TLSv1.3]
	ssl.endpoint.identification.algorithm = https
	ssl.engine.factory.class = null
	ssl.key.password = null
	ssl.keymanager.algorithm = SunX509
	ssl.keystore.certificate.chain = null
	ssl.keystore.key = null
	ssl.keystore.location = null
	ssl.keystore.password = null
	ssl.keystore.type = JKS
	ssl.protocol = TLSv1.3
	ssl.provider = null
	ssl.secure.random.implementation = null
	ssl.trustmanager.algorithm = PKIX
	ssl.truststore.certificates = null
	ssl.truststore.location = null
	ssl.truststore.password = null
	ssl.truststore.type = JKS
	transaction.timeout.ms = 60000
	transactional.id = null
	value.serializer = class io.apicurio.registry.serde.avro.AvroKafkaSerializer

2025-07-31 18:14:05,342 INFO  [org.apa.kaf.com.tel.int.KafkaMetricsCollector] (main) initializing Kafka metrics collector
2025-07-31 18:14:05,353 INFO  [org.apa.kaf.cli.pro.KafkaProducer] (main) [Producer clientId=Producer-topic-cc094736_8d72_4947_9d68_1f379593ee0d] Instantiated an idempotent producer.
2025-07-31 18:14:05,356 INFO  [org.apa.kaf.cli.pro.ProducerConfig] (main) These configurations '[apicurio.registry.url, apicurio.registry.artifact-resolver-strategy]' were supplied but are not used yet.
2025-07-31 18:14:05,356 INFO  [org.apa.kaf.com.uti.AppInfoParser] (main) Kafka version: 3.9.1
2025-07-31 18:14:05,356 INFO  [org.apa.kaf.com.uti.AppInfoParser] (main) Kafka commitId: f745dfdcee2b9851
2025-07-31 18:14:05,356 INFO  [org.apa.kaf.com.uti.AppInfoParser] (main) Kafka startTimeMs: 1753985645356
2025-07-31 18:14:05,361 INFO  [io.api.tes.ser.api.KafkaSerdesTester] (Thread-682) Sending message {"key11753985640728": "value-0", "key21753985642445": "value-0"} to topic topic-cc094736_8d72_4947_9d68_1f379593ee0d
2025-07-31 18:14:05,364 INFO  [org.apa.kaf.cli.Metadata] (kafka-producer-network-thread | Producer-topic-cc094736_8d72_4947_9d68_1f379593ee0d) [Producer clientId=Producer-topic-cc094736_8d72_4947_9d68_1f379593ee0d] Cluster ID: UuE4P2bBQU2_qF9DHmdGkA
2025-07-31 18:14:05,365 INFO  [DefaultSchemaResolver] (Thread-682) Retrieving schema content using string: {"type":"record","name":"sc3adf713xe734x41c9xbf83xe763153179b4","namespace":"ns_86345dc0_10a6_44fd_bd85_d97b5aaf392f","fields":[{"name":"key11753985640728","type":"string"},{"name":"key21753985642445","type":"string"}]}
2025-07-31 18:14:05,366 INFO  [org.apa.kaf.cli.pro.int.TransactionManager] (kafka-producer-network-thread | Producer-topic-cc094736_8d72_4947_9d68_1f379593ee0d) [Producer clientId=Producer-topic-cc094736_8d72_4947_9d68_1f379593ee0d] ProducerId set to 16 with epoch 0
2025-07-31 18:14:05,399 INFO  [io.api.tes.ser.api.KafkaSerdesTester] (Thread-682) Sending message {"key11753985640728": "value-1", "key21753985642445": "value-1"} to topic topic-cc094736_8d72_4947_9d68_1f379593ee0d
2025-07-31 18:14:05,401 INFO  [io.api.tes.ser.api.KafkaSerdesTester] (Thread-682) Sending message {"key11753985640728": "value-2", "key21753985642445": "value-2"} to topic topic-cc094736_8d72_4947_9d68_1f379593ee0d
2025-07-31 18:14:05,402 INFO  [io.api.tes.ser.api.KafkaSerdesTester] (Thread-682) Sending message {"key11753985640728": "value-3", "key21753985642445": "value-3"} to topic topic-cc094736_8d72_4947_9d68_1f379593ee0d
2025-07-31 18:14:05,403 INFO  [io.api.tes.ser.api.KafkaSerdesTester] (Thread-682) Sending message {"key11753985640728": "value-4", "key21753985642445": "value-4"} to topic topic-cc094736_8d72_4947_9d68_1f379593ee0d
2025-07-31 18:14:05,405 INFO  [io.api.tes.ser.api.KafkaSerdesTester] (Thread-682) Sending message {"key11753985640728": "value-5", "key21753985642445": "value-5"} to topic topic-cc094736_8d72_4947_9d68_1f379593ee0d
2025-07-31 18:14:05,408 INFO  [io.api.tes.ser.api.KafkaSerdesTester] (Thread-682) Sending message {"key11753985640728": "value-6", "key21753985642445": "value-6"} to topic topic-cc094736_8d72_4947_9d68_1f379593ee0d
2025-07-31 18:14:05,409 INFO  [io.api.tes.ser.api.KafkaSerdesTester] (Thread-682) Sending message {"key11753985640728": "value-7", "key21753985642445": "value-7"} to topic topic-cc094736_8d72_4947_9d68_1f379593ee0d
2025-07-31 18:14:05,411 INFO  [io.api.tes.ser.api.KafkaSerdesTester] (Thread-682) Sending message {"key11753985640728": "value-8", "key21753985642445": "value-8"} to topic topic-cc094736_8d72_4947_9d68_1f379593ee0d
2025-07-31 18:14:05,413 INFO  [io.api.tes.ser.api.KafkaSerdesTester] (Thread-682) Sending message {"key11753985640728": "value-9", "key21753985642445": "value-9"} to topic topic-cc094736_8d72_4947_9d68_1f379593ee0d
2025-07-31 18:14:05,415 INFO  [io.api.tes.ser.api.KafkaSerdesTester] (Thread-682) Produced 10 messages
2025-07-31 18:14:05,416 INFO  [org.apa.kaf.cli.pro.KafkaProducer] (Thread-682) [Producer clientId=Producer-topic-cc094736_8d72_4947_9d68_1f379593ee0d] Closing the Kafka producer with timeoutMillis = 9223372036854775807 ms.
2025-07-31 18:14:05,418 INFO  [org.apa.kaf.com.met.Metrics] (Thread-682) Metrics scheduler closed
2025-07-31 18:14:05,418 INFO  [org.apa.kaf.com.met.Metrics] (Thread-682) Closing reporter org.apache.kafka.common.metrics.JmxReporter
2025-07-31 18:14:05,418 INFO  [org.apa.kaf.com.met.Metrics] (Thread-682) Closing reporter org.apache.kafka.common.telemetry.internals.ClientTelemetryReporter
2025-07-31 18:14:05,418 INFO  [org.apa.kaf.com.met.Metrics] (Thread-682) Metrics reporters closed
2025-07-31 18:14:05,419 INFO  [org.apa.kaf.com.uti.AppInfoParser] (Thread-682) App info kafka.producer for Producer-topic-cc094736_8d72_4947_9d68_1f379593ee0d unregistered
**** Registry Base URL: http://registry-app-postgresql.apps.ci419.apicurio-testing.org:80
2025-07-31 18:14:05,420 INFO  [org.apa.kaf.cli.pro.ProducerConfig] (main) ProducerConfig values: 
	acks = -1
	auto.include.jmx.reporter = true
	batch.size = 16384
	bootstrap.servers = [PLAINTEXT://localhost:32770]
	buffer.memory = 33554432
	client.dns.lookup = use_all_dns_ips
	client.id = Producer-topic-cc094736_8d72_4947_9d68_1f379593ee0d
	compression.gzip.level = -1
	compression.lz4.level = 9
	compression.type = none
	compression.zstd.level = 3
	connections.max.idle.ms = 10000
	delivery.timeout.ms = 120000
	enable.idempotence = true
	enable.metrics.push = true
	interceptor.classes = []
	key.serializer = class org.apache.kafka.common.serialization.StringSerializer
	linger.ms = 0
	max.block.ms = 60000
	max.in.flight.requests.per.connection = 5
	max.request.size = 1048576
	metadata.max.age.ms = 300000
	metadata.max.idle.ms = 300000
	metadata.recovery.strategy = none
	metric.reporters = []
	metrics.num.samples = 2
	metrics.recording.level = INFO
	metrics.sample.window.ms = 30000
	partitioner.adaptive.partitioning.enable = true
	partitioner.availability.timeout.ms = 0
	partitioner.class = null
	partitioner.ignore.keys = false
	receive.buffer.bytes = 32768
	reconnect.backoff.max.ms = 1000
	reconnect.backoff.ms = 50
	request.timeout.ms = 5000
	retries = 2147483647
	retry.backoff.max.ms = 1000
	retry.backoff.ms = 100
	sasl.client.callback.handler.class = null
	sasl.jaas.config = null
	sasl.kerberos.kinit.cmd = /usr/bin/kinit
	sasl.kerberos.min.time.before.relogin = 60000
	sasl.kerberos.service.name = null
	sasl.kerberos.ticket.renew.jitter = 0.05
	sasl.kerberos.ticket.renew.window.factor = 0.8
	sasl.login.callback.handler.class = null
	sasl.login.class = null
	sasl.login.connect.timeout.ms = null
	sasl.login.read.timeout.ms = null
	sasl.login.refresh.buffer.seconds = 300
	sasl.login.refresh.min.period.seconds = 60
	sasl.login.refresh.window.factor = 0.8
	sasl.login.refresh.window.jitter = 0.05
	sasl.login.retry.backoff.max.ms = 10000
	sasl.login.retry.backoff.ms = 100
	sasl.mechanism = GSSAPI
	sasl.oauthbearer.clock.skew.seconds = 30
	sasl.oauthbearer.expected.audience = null
	sasl.oauthbearer.expected.issuer = null
	sasl.oauthbearer.header.urlencode = false
	sasl.oauthbearer.jwks.endpoint.refresh.ms = 3600000
	sasl.oauthbearer.jwks.endpoint.retry.backoff.max.ms = 10000
	sasl.oauthbearer.jwks.endpoint.retry.backoff.ms = 100
	sasl.oauthbearer.jwks.endpoint.url = null
	sasl.oauthbearer.scope.claim.name = scope
	sasl.oauthbearer.sub.claim.name = sub
	sasl.oauthbearer.token.endpoint.url = null
	security.protocol = PLAINTEXT
	security.providers = null
	send.buffer.bytes = 131072
	socket.connection.setup.timeout.max.ms = 30000
	socket.connection.setup.timeout.ms = 10000
	ssl.cipher.suites = null
	ssl.enabled.protocols = [TLSv1.2, TLSv1.3]
	ssl.endpoint.identification.algorithm = https
	ssl.engine.factory.class = null
	ssl.key.password = null
	ssl.keymanager.algorithm = SunX509
	ssl.keystore.certificate.chain = null
	ssl.keystore.key = null
	ssl.keystore.location = null
	ssl.keystore.password = null
	ssl.keystore.type = JKS
	ssl.protocol = TLSv1.3
	ssl.provider = null
	ssl.secure.random.implementation = null
	ssl.trustmanager.algorithm = PKIX
	ssl.truststore.certificates = null
	ssl.truststore.location = null
	ssl.truststore.password = null
	ssl.truststore.type = JKS
	transaction.timeout.ms = 60000
	transactional.id = null
	value.serializer = class io.apicurio.registry.serde.avro.AvroKafkaSerializer

2025-07-31 18:14:05,420 INFO  [org.apa.kaf.com.tel.int.KafkaMetricsCollector] (main) initializing Kafka metrics collector
2025-07-31 18:14:05,435 INFO  [org.apa.kaf.cli.pro.KafkaProducer] (main) [Producer clientId=Producer-topic-cc094736_8d72_4947_9d68_1f379593ee0d] Instantiated an idempotent producer.
2025-07-31 18:14:05,440 INFO  [org.apa.kaf.cli.pro.ProducerConfig] (main) These configurations '[apicurio.registry.url, apicurio.registry.artifact-resolver-strategy]' were supplied but are not used yet.
2025-07-31 18:14:05,440 INFO  [org.apa.kaf.com.uti.AppInfoParser] (main) Kafka version: 3.9.1
2025-07-31 18:14:05,440 INFO  [org.apa.kaf.com.uti.AppInfoParser] (main) Kafka commitId: f745dfdcee2b9851
2025-07-31 18:14:05,440 INFO  [org.apa.kaf.com.uti.AppInfoParser] (main) Kafka startTimeMs: 1753985645440
2025-07-31 18:14:05,442 INFO  [io.api.tes.ser.api.KafkaSerdesTester] (Thread-685) Sending message {"key11753985640728": "value-0"} to topic topic-cc094736_8d72_4947_9d68_1f379593ee0d
2025-07-31 18:14:05,446 INFO  [org.apa.kaf.cli.Metadata] (kafka-producer-network-thread | Producer-topic-cc094736_8d72_4947_9d68_1f379593ee0d) [Producer clientId=Producer-topic-cc094736_8d72_4947_9d68_1f379593ee0d] Cluster ID: UuE4P2bBQU2_qF9DHmdGkA
2025-07-31 18:14:05,446 INFO  [DefaultSchemaResolver] (Thread-685) Retrieving schema content using string: {"type":"record","name":"sc3adf713xe734x41c9xbf83xe763153179b4","namespace":"ns_86345dc0_10a6_44fd_bd85_d97b5aaf392f","fields":[{"name":"key11753985640728","type":"string"}]}
2025-07-31 18:14:05,447 INFO  [org.apa.kaf.cli.pro.int.TransactionManager] (kafka-producer-network-thread | Producer-topic-cc094736_8d72_4947_9d68_1f379593ee0d) [Producer clientId=Producer-topic-cc094736_8d72_4947_9d68_1f379593ee0d] ProducerId set to 17 with epoch 0
2025-07-31 18:14:05,473 INFO  [io.api.tes.ser.api.KafkaSerdesTester] (Thread-685) Sending message {"key11753985640728": "value-1"} to topic topic-cc094736_8d72_4947_9d68_1f379593ee0d
2025-07-31 18:14:05,480 INFO  [io.api.tes.ser.api.KafkaSerdesTester] (Thread-685) Sending message {"key11753985640728": "value-2"} to topic topic-cc094736_8d72_4947_9d68_1f379593ee0d
2025-07-31 18:14:05,481 INFO  [io.api.tes.ser.api.KafkaSerdesTester] (Thread-685) Sending message {"key11753985640728": "value-3"} to topic topic-cc094736_8d72_4947_9d68_1f379593ee0d
2025-07-31 18:14:05,482 INFO  [io.api.tes.ser.api.KafkaSerdesTester] (Thread-685) Sending message {"key11753985640728": "value-4"} to topic topic-cc094736_8d72_4947_9d68_1f379593ee0d
2025-07-31 18:14:05,484 INFO  [io.api.tes.ser.api.KafkaSerdesTester] (Thread-685) Sending message {"key11753985640728": "value-5"} to topic topic-cc094736_8d72_4947_9d68_1f379593ee0d
2025-07-31 18:14:05,486 INFO  [io.api.tes.ser.api.KafkaSerdesTester] (Thread-685) Sending message {"key11753985640728": "value-6"} to topic topic-cc094736_8d72_4947_9d68_1f379593ee0d
2025-07-31 18:14:05,487 INFO  [io.api.tes.ser.api.KafkaSerdesTester] (Thread-685) Sending message {"key11753985640728": "value-7"} to topic topic-cc094736_8d72_4947_9d68_1f379593ee0d
2025-07-31 18:14:05,488 INFO  [io.api.tes.ser.api.KafkaSerdesTester] (Thread-685) Sending message {"key11753985640728": "value-8"} to topic topic-cc094736_8d72_4947_9d68_1f379593ee0d
2025-07-31 18:14:05,489 INFO  [io.api.tes.ser.api.KafkaSerdesTester] (Thread-685) Sending message {"key11753985640728": "value-9"} to topic topic-cc094736_8d72_4947_9d68_1f379593ee0d
2025-07-31 18:14:05,491 INFO  [io.api.tes.ser.api.KafkaSerdesTester] (Thread-685) Produced 10 messages
2025-07-31 18:14:05,491 INFO  [org.apa.kaf.cli.pro.KafkaProducer] (Thread-685) [Producer clientId=Producer-topic-cc094736_8d72_4947_9d68_1f379593ee0d] Closing the Kafka producer with timeoutMillis = 9223372036854775807 ms.
2025-07-31 18:14:05,492 INFO  [org.apa.kaf.com.met.Metrics] (Thread-685) Metrics scheduler closed
2025-07-31 18:14:05,492 INFO  [org.apa.kaf.com.met.Metrics] (Thread-685) Closing reporter org.apache.kafka.common.metrics.JmxReporter
2025-07-31 18:14:05,492 INFO  [org.apa.kaf.com.met.Metrics] (Thread-685) Closing reporter org.apache.kafka.common.telemetry.internals.ClientTelemetryReporter
2025-07-31 18:14:05,492 INFO  [org.apa.kaf.com.met.Metrics] (Thread-685) Metrics reporters closed
2025-07-31 18:14:05,493 INFO  [org.apa.kaf.com.uti.AppInfoParser] (Thread-685) App info kafka.producer for Producer-topic-cc094736_8d72_4947_9d68_1f379593ee0d unregistered
**** Registry Base URL: http://registry-app-postgresql.apps.ci419.apicurio-testing.org:80
2025-07-31 18:14:05,493 INFO  [org.apa.kaf.cli.con.ConsumerConfig] (main) ConsumerConfig values: 
	allow.auto.create.topics = true
	auto.commit.interval.ms = 500
	auto.include.jmx.reporter = true
	auto.offset.reset = earliest
	bootstrap.servers = [PLAINTEXT://localhost:32770]
	check.crcs = true
	client.dns.lookup = use_all_dns_ips
	client.id = consumer-Consumer-topic-cc094736_8d72_4947_9d68_1f379593ee0d-12
	client.rack = 
	connections.max.idle.ms = 10000
	default.api.timeout.ms = 60000
	enable.auto.commit = true
	enable.metrics.push = true
	exclude.internal.topics = true
	fetch.max.bytes = 52428800
	fetch.max.wait.ms = 500
	fetch.min.bytes = 1
	group.id = Consumer-topic-cc094736_8d72_4947_9d68_1f379593ee0d
	group.instance.id = null
	group.protocol = classic
	group.remote.assignor = null
	heartbeat.interval.ms = 3000
	interceptor.classes = []
	internal.leave.group.on.close = true
	internal.throw.on.fetch.stable.offset.unsupported = false
	isolation.level = read_uncommitted
	key.deserializer = class org.apache.kafka.common.serialization.StringDeserializer
	max.partition.fetch.bytes = 1048576
	max.poll.interval.ms = 300000
	max.poll.records = 500
	metadata.max.age.ms = 300000
	metadata.recovery.strategy = none
	metric.reporters = []
	metrics.num.samples = 2
	metrics.recording.level = INFO
	metrics.sample.window.ms = 30000
	partition.assignment.strategy = [class org.apache.kafka.clients.consumer.RangeAssignor, class org.apache.kafka.clients.consumer.CooperativeStickyAssignor]
	receive.buffer.bytes = 65536
	reconnect.backoff.max.ms = 1000
	reconnect.backoff.ms = 50
	request.timeout.ms = 5000
	retry.backoff.max.ms = 1000
	retry.backoff.ms = 100
	sasl.client.callback.handler.class = null
	sasl.jaas.config = null
	sasl.kerberos.kinit.cmd = /usr/bin/kinit
	sasl.kerberos.min.time.before.relogin = 60000
	sasl.kerberos.service.name = null
	sasl.kerberos.ticket.renew.jitter = 0.05
	sasl.kerberos.ticket.renew.window.factor = 0.8
	sasl.login.callback.handler.class = null
	sasl.login.class = null
	sasl.login.connect.timeout.ms = null
	sasl.login.read.timeout.ms = null
	sasl.login.refresh.buffer.seconds = 300
	sasl.login.refresh.min.period.seconds = 60
	sasl.login.refresh.window.factor = 0.8
	sasl.login.refresh.window.jitter = 0.05
	sasl.login.retry.backoff.max.ms = 10000
	sasl.login.retry.backoff.ms = 100
	sasl.mechanism = GSSAPI
	sasl.oauthbearer.clock.skew.seconds = 30
	sasl.oauthbearer.expected.audience = null
	sasl.oauthbearer.expected.issuer = null
	sasl.oauthbearer.header.urlencode = false
	sasl.oauthbearer.jwks.endpoint.refresh.ms = 3600000
	sasl.oauthbearer.jwks.endpoint.retry.backoff.max.ms = 10000
	sasl.oauthbearer.jwks.endpoint.retry.backoff.ms = 100
	sasl.oauthbearer.jwks.endpoint.url = null
	sasl.oauthbearer.scope.claim.name = scope
	sasl.oauthbearer.sub.claim.name = sub
	sasl.oauthbearer.token.endpoint.url = null
	security.protocol = PLAINTEXT
	security.providers = null
	send.buffer.bytes = 131072
	session.timeout.ms = 45000
	socket.connection.setup.timeout.max.ms = 30000
	socket.connection.setup.timeout.ms = 10000
	ssl.cipher.suites = null
	ssl.enabled.protocols = [TLSv1.2, TLSv1.3]
	ssl.endpoint.identification.algorithm = https
	ssl.engine.factory.class = null
	ssl.key.password = null
	ssl.keymanager.algorithm = SunX509
	ssl.keystore.certificate.chain = null
	ssl.keystore.key = null
	ssl.keystore.location = null
	ssl.keystore.password = null
	ssl.keystore.type = JKS
	ssl.protocol = TLSv1.3
	ssl.provider = null
	ssl.secure.random.implementation = null
	ssl.trustmanager.algorithm = PKIX
	ssl.truststore.certificates = null
	ssl.truststore.location = null
	ssl.truststore.password = null
	ssl.truststore.type = JKS
	value.deserializer = class io.apicurio.registry.serde.avro.AvroKafkaDeserializer

2025-07-31 18:14:05,494 INFO  [org.apa.kaf.com.tel.int.KafkaMetricsCollector] (main) initializing Kafka metrics collector
2025-07-31 18:14:05,498 INFO  [org.apa.kaf.cli.con.ConsumerConfig] (main) These configurations '[apicurio.registry.url]' were supplied but are not used yet.
2025-07-31 18:14:05,498 INFO  [org.apa.kaf.com.uti.AppInfoParser] (main) Kafka version: 3.9.1
2025-07-31 18:14:05,498 INFO  [org.apa.kaf.com.uti.AppInfoParser] (main) Kafka commitId: f745dfdcee2b9851
2025-07-31 18:14:05,498 INFO  [org.apa.kaf.com.uti.AppInfoParser] (main) Kafka startTimeMs: 1753985645498
2025-07-31 18:14:05,499 INFO  [org.apa.kaf.cli.con.int.ClassicKafkaConsumer] (Thread-688) [Consumer clientId=consumer-Consumer-topic-cc094736_8d72_4947_9d68_1f379593ee0d-12, groupId=Consumer-topic-cc094736_8d72_4947_9d68_1f379593ee0d] Subscribed to topic(s): topic-cc094736_8d72_4947_9d68_1f379593ee0d
2025-07-31 18:14:05,502 INFO  [org.apa.kaf.cli.Metadata] (Thread-688) [Consumer clientId=consumer-Consumer-topic-cc094736_8d72_4947_9d68_1f379593ee0d-12, groupId=Consumer-topic-cc094736_8d72_4947_9d68_1f379593ee0d] Cluster ID: UuE4P2bBQU2_qF9DHmdGkA
2025-07-31 18:14:05,503 INFO  [org.apa.kaf.cli.con.int.ConsumerCoordinator] (Thread-688) [Consumer clientId=consumer-Consumer-topic-cc094736_8d72_4947_9d68_1f379593ee0d-12, groupId=Consumer-topic-cc094736_8d72_4947_9d68_1f379593ee0d] Discovered group coordinator localhost:32770 (id: 2147483647 rack: null)
2025-07-31 18:14:05,504 INFO  [org.apa.kaf.cli.con.int.ConsumerCoordinator] (Thread-688) [Consumer clientId=consumer-Consumer-topic-cc094736_8d72_4947_9d68_1f379593ee0d-12, groupId=Consumer-topic-cc094736_8d72_4947_9d68_1f379593ee0d] (Re-)joining group
2025-07-31 18:14:05,506 INFO  [org.apa.kaf.cli.con.int.ConsumerCoordinator] (Thread-688) [Consumer clientId=consumer-Consumer-topic-cc094736_8d72_4947_9d68_1f379593ee0d-12, groupId=Consumer-topic-cc094736_8d72_4947_9d68_1f379593ee0d] Request joining group due to: need to re-join with the given member-id: consumer-Consumer-topic-cc094736_8d72_4947_9d68_1f379593ee0d-12-20be1493-317a-4c91-867d-ac038321dd95
2025-07-31 18:14:05,506 INFO  [org.apa.kaf.cli.con.int.ConsumerCoordinator] (Thread-688) [Consumer clientId=consumer-Consumer-topic-cc094736_8d72_4947_9d68_1f379593ee0d-12, groupId=Consumer-topic-cc094736_8d72_4947_9d68_1f379593ee0d] (Re-)joining group
2025-07-31 18:14:05,508 INFO  [org.apa.kaf.cli.con.int.ConsumerCoordinator] (Thread-688) [Consumer clientId=consumer-Consumer-topic-cc094736_8d72_4947_9d68_1f379593ee0d-12, groupId=Consumer-topic-cc094736_8d72_4947_9d68_1f379593ee0d] Successfully joined group with generation Generation{generationId=5, memberId='consumer-Consumer-topic-cc094736_8d72_4947_9d68_1f379593ee0d-12-20be1493-317a-4c91-867d-ac038321dd95', protocol='range'}
2025-07-31 18:14:05,509 INFO  [org.apa.kaf.cli.con.int.ConsumerCoordinator] (Thread-688) [Consumer clientId=consumer-Consumer-topic-cc094736_8d72_4947_9d68_1f379593ee0d-12, groupId=Consumer-topic-cc094736_8d72_4947_9d68_1f379593ee0d] Finished assignment for group at generation 5: {consumer-Consumer-topic-cc094736_8d72_4947_9d68_1f379593ee0d-12-20be1493-317a-4c91-867d-ac038321dd95=Assignment(partitions=[topic-cc094736_8d72_4947_9d68_1f379593ee0d-0])}
2025-07-31 18:14:05,521 INFO  [org.apa.kaf.cli.con.int.ConsumerCoordinator] (Thread-688) [Consumer clientId=consumer-Consumer-topic-cc094736_8d72_4947_9d68_1f379593ee0d-12, groupId=Consumer-topic-cc094736_8d72_4947_9d68_1f379593ee0d] Successfully synced group in generation Generation{generationId=5, memberId='consumer-Consumer-topic-cc094736_8d72_4947_9d68_1f379593ee0d-12-20be1493-317a-4c91-867d-ac038321dd95', protocol='range'}
2025-07-31 18:14:05,523 INFO  [org.apa.kaf.cli.con.int.ConsumerCoordinator] (Thread-688) [Consumer clientId=consumer-Consumer-topic-cc094736_8d72_4947_9d68_1f379593ee0d-12, groupId=Consumer-topic-cc094736_8d72_4947_9d68_1f379593ee0d] Notifying assignor about the new Assignment(partitions=[topic-cc094736_8d72_4947_9d68_1f379593ee0d-0])
2025-07-31 18:14:05,523 INFO  [org.apa.kaf.cli.con.int.ConsumerRebalanceListenerInvoker] (Thread-688) [Consumer clientId=consumer-Consumer-topic-cc094736_8d72_4947_9d68_1f379593ee0d-12, groupId=Consumer-topic-cc094736_8d72_4947_9d68_1f379593ee0d] Adding newly assigned partitions: topic-cc094736_8d72_4947_9d68_1f379593ee0d-0
2025-07-31 18:14:05,525 INFO  [org.apa.kaf.cli.con.int.ConsumerUtils] (Thread-688) Setting offset for partition topic-cc094736_8d72_4947_9d68_1f379593ee0d-0 to the committed offset FetchPosition{offset=30, offsetEpoch=Optional[0], currentLeader=LeaderAndEpoch{leader=Optional[localhost:32770 (id: 0 rack: null)], epoch=0}}
2025-07-31 18:14:05,606 INFO  [io.api.tes.ser.api.KafkaSerdesTester] (Thread-688) topic-cc094736_8d72_4947_9d68_1f379593ee0d 0 30 {"key11753985640728": "value-0", "key21753985642445": "value-0", "key31753985644221": "value-0"}
2025-07-31 18:14:05,606 INFO  [io.api.tes.ser.api.KafkaSerdesTester] (Thread-688) topic-cc094736_8d72_4947_9d68_1f379593ee0d 0 31 {"key11753985640728": "value-1", "key21753985642445": "value-1", "key31753985644221": "value-1"}
2025-07-31 18:14:05,606 INFO  [io.api.tes.ser.api.KafkaSerdesTester] (Thread-688) topic-cc094736_8d72_4947_9d68_1f379593ee0d 0 32 {"key11753985640728": "value-2", "key21753985642445": "value-2", "key31753985644221": "value-2"}
2025-07-31 18:14:05,607 INFO  [io.api.tes.ser.api.KafkaSerdesTester] (Thread-688) topic-cc094736_8d72_4947_9d68_1f379593ee0d 0 33 {"key11753985640728": "value-3", "key21753985642445": "value-3", "key31753985644221": "value-3"}
2025-07-31 18:14:05,607 INFO  [io.api.tes.ser.api.KafkaSerdesTester] (Thread-688) topic-cc094736_8d72_4947_9d68_1f379593ee0d 0 34 {"key11753985640728": "value-4", "key21753985642445": "value-4", "key31753985644221": "value-4"}
2025-07-31 18:14:05,607 INFO  [io.api.tes.ser.api.KafkaSerdesTester] (Thread-688) topic-cc094736_8d72_4947_9d68_1f379593ee0d 0 35 {"key11753985640728": "value-5", "key21753985642445": "value-5", "key31753985644221": "value-5"}
2025-07-31 18:14:05,607 INFO  [io.api.tes.ser.api.KafkaSerdesTester] (Thread-688) topic-cc094736_8d72_4947_9d68_1f379593ee0d 0 36 {"key11753985640728": "value-6", "key21753985642445": "value-6", "key31753985644221": "value-6"}
2025-07-31 18:14:05,607 INFO  [io.api.tes.ser.api.KafkaSerdesTester] (Thread-688) topic-cc094736_8d72_4947_9d68_1f379593ee0d 0 37 {"key11753985640728": "value-7", "key21753985642445": "value-7", "key31753985644221": "value-7"}
2025-07-31 18:14:05,607 INFO  [io.api.tes.ser.api.KafkaSerdesTester] (Thread-688) topic-cc094736_8d72_4947_9d68_1f379593ee0d 0 38 {"key11753985640728": "value-8", "key21753985642445": "value-8", "key31753985644221": "value-8"}
2025-07-31 18:14:05,607 INFO  [io.api.tes.ser.api.KafkaSerdesTester] (Thread-688) topic-cc094736_8d72_4947_9d68_1f379593ee0d 0 39 {"key11753985640728": "value-9", "key21753985642445": "value-9", "key31753985644221": "value-9"}
2025-07-31 18:14:05,607 INFO  [io.api.tes.ser.api.KafkaSerdesTester] (Thread-688) topic-cc094736_8d72_4947_9d68_1f379593ee0d 0 40 {"key11753985640728": "value-0", "key21753985642445": "value-0"}
2025-07-31 18:14:05,607 INFO  [io.api.tes.ser.api.KafkaSerdesTester] (Thread-688) topic-cc094736_8d72_4947_9d68_1f379593ee0d 0 41 {"key11753985640728": "value-1", "key21753985642445": "value-1"}
2025-07-31 18:14:05,607 INFO  [io.api.tes.ser.api.KafkaSerdesTester] (Thread-688) topic-cc094736_8d72_4947_9d68_1f379593ee0d 0 42 {"key11753985640728": "value-2", "key21753985642445": "value-2"}
2025-07-31 18:14:05,607 INFO  [io.api.tes.ser.api.KafkaSerdesTester] (Thread-688) topic-cc094736_8d72_4947_9d68_1f379593ee0d 0 43 {"key11753985640728": "value-3", "key21753985642445": "value-3"}
2025-07-31 18:14:05,607 INFO  [io.api.tes.ser.api.KafkaSerdesTester] (Thread-688) topic-cc094736_8d72_4947_9d68_1f379593ee0d 0 44 {"key11753985640728": "value-4", "key21753985642445": "value-4"}
2025-07-31 18:14:05,607 INFO  [io.api.tes.ser.api.KafkaSerdesTester] (Thread-688) topic-cc094736_8d72_4947_9d68_1f379593ee0d 0 45 {"key11753985640728": "value-5", "key21753985642445": "value-5"}
2025-07-31 18:14:05,607 INFO  [io.api.tes.ser.api.KafkaSerdesTester] (Thread-688) topic-cc094736_8d72_4947_9d68_1f379593ee0d 0 46 {"key11753985640728": "value-6", "key21753985642445": "value-6"}
2025-07-31 18:14:05,607 INFO  [io.api.tes.ser.api.KafkaSerdesTester] (Thread-688) topic-cc094736_8d72_4947_9d68_1f379593ee0d 0 47 {"key11753985640728": "value-7", "key21753985642445": "value-7"}
2025-07-31 18:14:05,608 INFO  [io.api.tes.ser.api.KafkaSerdesTester] (Thread-688) topic-cc094736_8d72_4947_9d68_1f379593ee0d 0 48 {"key11753985640728": "value-8", "key21753985642445": "value-8"}
2025-07-31 18:14:05,608 INFO  [io.api.tes.ser.api.KafkaSerdesTester] (Thread-688) topic-cc094736_8d72_4947_9d68_1f379593ee0d 0 49 {"key11753985640728": "value-9", "key21753985642445": "value-9"}
2025-07-31 18:14:05,608 INFO  [io.api.tes.ser.api.KafkaSerdesTester] (Thread-688) topic-cc094736_8d72_4947_9d68_1f379593ee0d 0 50 {"key11753985640728": "value-0"}
2025-07-31 18:14:05,608 INFO  [io.api.tes.ser.api.KafkaSerdesTester] (Thread-688) topic-cc094736_8d72_4947_9d68_1f379593ee0d 0 51 {"key11753985640728": "value-1"}
2025-07-31 18:14:05,608 INFO  [io.api.tes.ser.api.KafkaSerdesTester] (Thread-688) topic-cc094736_8d72_4947_9d68_1f379593ee0d 0 52 {"key11753985640728": "value-2"}
2025-07-31 18:14:05,608 INFO  [io.api.tes.ser.api.KafkaSerdesTester] (Thread-688) topic-cc094736_8d72_4947_9d68_1f379593ee0d 0 53 {"key11753985640728": "value-3"}
2025-07-31 18:14:05,608 INFO  [io.api.tes.ser.api.KafkaSerdesTester] (Thread-688) topic-cc094736_8d72_4947_9d68_1f379593ee0d 0 54 {"key11753985640728": "value-4"}
2025-07-31 18:14:05,608 INFO  [io.api.tes.ser.api.KafkaSerdesTester] (Thread-688) topic-cc094736_8d72_4947_9d68_1f379593ee0d 0 55 {"key11753985640728": "value-5"}
2025-07-31 18:14:05,608 INFO  [io.api.tes.ser.api.KafkaSerdesTester] (Thread-688) topic-cc094736_8d72_4947_9d68_1f379593ee0d 0 56 {"key11753985640728": "value-6"}
2025-07-31 18:14:05,608 INFO  [io.api.tes.ser.api.KafkaSerdesTester] (Thread-688) topic-cc094736_8d72_4947_9d68_1f379593ee0d 0 57 {"key11753985640728": "value-7"}
2025-07-31 18:14:05,608 INFO  [io.api.tes.ser.api.KafkaSerdesTester] (Thread-688) topic-cc094736_8d72_4947_9d68_1f379593ee0d 0 58 {"key11753985640728": "value-8"}
2025-07-31 18:14:05,608 INFO  [io.api.tes.ser.api.KafkaSerdesTester] (Thread-688) topic-cc094736_8d72_4947_9d68_1f379593ee0d 0 59 {"key11753985640728": "value-9"}
2025-07-31 18:14:05,608 INFO  [io.api.tes.ser.api.KafkaSerdesTester] (Thread-688) Consumed 30 messages
2025-07-31 18:14:05,611 INFO  [org.apa.kaf.cli.con.int.ConsumerRebalanceListenerInvoker] (Thread-688) [Consumer clientId=consumer-Consumer-topic-cc094736_8d72_4947_9d68_1f379593ee0d-12, groupId=Consumer-topic-cc094736_8d72_4947_9d68_1f379593ee0d] Revoke previously assigned partitions topic-cc094736_8d72_4947_9d68_1f379593ee0d-0
2025-07-31 18:14:05,611 INFO  [org.apa.kaf.cli.con.int.ConsumerCoordinator] (Thread-688) [Consumer clientId=consumer-Consumer-topic-cc094736_8d72_4947_9d68_1f379593ee0d-12, groupId=Consumer-topic-cc094736_8d72_4947_9d68_1f379593ee0d] Member consumer-Consumer-topic-cc094736_8d72_4947_9d68_1f379593ee0d-12-20be1493-317a-4c91-867d-ac038321dd95 sending LeaveGroup request to coordinator localhost:32770 (id: 2147483647 rack: null) due to the consumer is being closed
2025-07-31 18:14:05,611 INFO  [org.apa.kaf.cli.con.int.ConsumerCoordinator] (Thread-688) [Consumer clientId=consumer-Consumer-topic-cc094736_8d72_4947_9d68_1f379593ee0d-12, groupId=Consumer-topic-cc094736_8d72_4947_9d68_1f379593ee0d] Resetting generation and member id due to: consumer pro-actively leaving the group
2025-07-31 18:14:05,611 INFO  [org.apa.kaf.cli.con.int.ConsumerCoordinator] (Thread-688) [Consumer clientId=consumer-Consumer-topic-cc094736_8d72_4947_9d68_1f379593ee0d-12, groupId=Consumer-topic-cc094736_8d72_4947_9d68_1f379593ee0d] Request joining group due to: consumer pro-actively leaving the group
2025-07-31 18:14:06,110 INFO  [org.apa.kaf.com.met.Metrics] (Thread-688) Metrics scheduler closed
2025-07-31 18:14:06,111 INFO  [org.apa.kaf.com.met.Metrics] (Thread-688) Closing reporter org.apache.kafka.common.metrics.JmxReporter
2025-07-31 18:14:06,111 INFO  [org.apa.kaf.com.met.Metrics] (Thread-688) Closing reporter org.apache.kafka.common.telemetry.internals.ClientTelemetryReporter
2025-07-31 18:14:06,111 INFO  [org.apa.kaf.com.met.Metrics] (Thread-688) Metrics reporters closed
2025-07-31 18:14:06,113 INFO  [org.apa.kaf.com.uti.AppInfoParser] (Thread-688) App info kafka.consumer for consumer-Consumer-topic-cc094736_8d72_4947_9d68_1f379593ee0d-12 unregistered
2025-07-31 18:14:06,113 INFO  [org.apa.kaf.cli.pro.KafkaProducer] (main) [Producer clientId=Producer-topic-cc094736_8d72_4947_9d68_1f379593ee0d] Closing the Kafka producer with timeoutMillis = 9223372036854775807 ms.
2025-07-31 18:14:06,113 INFO  [org.apa.kaf.com.met.Metrics] (main) Metrics scheduler closed
2025-07-31 18:14:06,113 INFO  [org.apa.kaf.com.met.Metrics] (main) Closing reporter org.apache.kafka.common.metrics.JmxReporter
2025-07-31 18:14:06,113 INFO  [org.apa.kaf.com.met.Metrics] (main) Closing reporter org.apache.kafka.common.telemetry.internals.ClientTelemetryReporter
2025-07-31 18:14:06,113 INFO  [org.apa.kaf.com.met.Metrics] (main) Metrics reporters closed
2025-07-31 18:14:06,113 INFO  [org.apa.kaf.com.uti.AppInfoParser] (main) App info kafka.producer for Producer-topic-cc094736_8d72_4947_9d68_1f379593ee0d unregistered
2025-07-31 18:14:06,114 INFO  [io.api.tes.uti.TestSeparator] (main) io.apicurio.tests.serdes.apicurio.AvroSerdeIT.testEvolveAvroApicurio-FINISHED
2025-07-31 18:14:06,114 INFO  [io.api.tes.uti.TestSeparator] (main) ############################################################################
Test passed: testEvolveAvroApicurio
]]></system-out>
  </testcase>
  <testcase name="testTopicRecordIdStrategydFindLatest" classname="io.apicurio.tests.serdes.apicurio.AvroSerdeIT" time="1.702">
    <system-out><![CDATA[2025-07-31 18:14:06,117 INFO  [io.api.tes.uti.TestSeparator] (main) ############################################################################
2025-07-31 18:14:06,117 INFO  [io.api.tes.uti.TestSeparator] (main) io.apicurio.tests.serdes.apicurio.AvroSerdeIT.testTopicRecordIdStrategydFindLatest-STARTED
2025-07-31 18:14:06,119 INFO  [io.api.tes.ser.api.AvroSerdeIT] (main) Registering Avro Schema: {"type":"record","name":"s6420a6abx49d1x475dx8e66xbf72f2b18723","namespace":"saffc4053xb190x4a04xaed2x3f47d42c6c73","fields":[{"name":"key11753985646117","type":"string"}]}
**** Registry Base URL: http://registry-app-postgresql.apps.ci419.apicurio-testing.org:80
2025-07-31 18:14:07,164 INFO  [org.apa.kaf.cli.pro.ProducerConfig] (main) ProducerConfig values: 
	acks = -1
	auto.include.jmx.reporter = true
	batch.size = 16384
	bootstrap.servers = [PLAINTEXT://localhost:32770]
	buffer.memory = 33554432
	client.dns.lookup = use_all_dns_ips
	client.id = Producer-topic-d9008f7e_a08f_4ba8_b4eb_7a772f09945c
	compression.gzip.level = -1
	compression.lz4.level = 9
	compression.type = none
	compression.zstd.level = 3
	connections.max.idle.ms = 10000
	delivery.timeout.ms = 120000
	enable.idempotence = true
	enable.metrics.push = true
	interceptor.classes = []
	key.serializer = class org.apache.kafka.common.serialization.StringSerializer
	linger.ms = 0
	max.block.ms = 60000
	max.in.flight.requests.per.connection = 5
	max.request.size = 1048576
	metadata.max.age.ms = 300000
	metadata.max.idle.ms = 300000
	metadata.recovery.strategy = none
	metric.reporters = []
	metrics.num.samples = 2
	metrics.recording.level = INFO
	metrics.sample.window.ms = 30000
	partitioner.adaptive.partitioning.enable = true
	partitioner.availability.timeout.ms = 0
	partitioner.class = null
	partitioner.ignore.keys = false
	receive.buffer.bytes = 32768
	reconnect.backoff.max.ms = 1000
	reconnect.backoff.ms = 50
	request.timeout.ms = 5000
	retries = 2147483647
	retry.backoff.max.ms = 1000
	retry.backoff.ms = 100
	sasl.client.callback.handler.class = null
	sasl.jaas.config = null
	sasl.kerberos.kinit.cmd = /usr/bin/kinit
	sasl.kerberos.min.time.before.relogin = 60000
	sasl.kerberos.service.name = null
	sasl.kerberos.ticket.renew.jitter = 0.05
	sasl.kerberos.ticket.renew.window.factor = 0.8
	sasl.login.callback.handler.class = null
	sasl.login.class = null
	sasl.login.connect.timeout.ms = null
	sasl.login.read.timeout.ms = null
	sasl.login.refresh.buffer.seconds = 300
	sasl.login.refresh.min.period.seconds = 60
	sasl.login.refresh.window.factor = 0.8
	sasl.login.refresh.window.jitter = 0.05
	sasl.login.retry.backoff.max.ms = 10000
	sasl.login.retry.backoff.ms = 100
	sasl.mechanism = GSSAPI
	sasl.oauthbearer.clock.skew.seconds = 30
	sasl.oauthbearer.expected.audience = null
	sasl.oauthbearer.expected.issuer = null
	sasl.oauthbearer.header.urlencode = false
	sasl.oauthbearer.jwks.endpoint.refresh.ms = 3600000
	sasl.oauthbearer.jwks.endpoint.retry.backoff.max.ms = 10000
	sasl.oauthbearer.jwks.endpoint.retry.backoff.ms = 100
	sasl.oauthbearer.jwks.endpoint.url = null
	sasl.oauthbearer.scope.claim.name = scope
	sasl.oauthbearer.sub.claim.name = sub
	sasl.oauthbearer.token.endpoint.url = null
	security.protocol = PLAINTEXT
	security.providers = null
	send.buffer.bytes = 131072
	socket.connection.setup.timeout.max.ms = 30000
	socket.connection.setup.timeout.ms = 10000
	ssl.cipher.suites = null
	ssl.enabled.protocols = [TLSv1.2, TLSv1.3]
	ssl.endpoint.identification.algorithm = https
	ssl.engine.factory.class = null
	ssl.key.password = null
	ssl.keymanager.algorithm = SunX509
	ssl.keystore.certificate.chain = null
	ssl.keystore.key = null
	ssl.keystore.location = null
	ssl.keystore.password = null
	ssl.keystore.type = JKS
	ssl.protocol = TLSv1.3
	ssl.provider = null
	ssl.secure.random.implementation = null
	ssl.trustmanager.algorithm = PKIX
	ssl.truststore.certificates = null
	ssl.truststore.location = null
	ssl.truststore.password = null
	ssl.truststore.type = JKS
	transaction.timeout.ms = 60000
	transactional.id = null
	value.serializer = class io.apicurio.registry.serde.avro.AvroKafkaSerializer

2025-07-31 18:14:07,164 INFO  [org.apa.kaf.com.tel.int.KafkaMetricsCollector] (main) initializing Kafka metrics collector
2025-07-31 18:14:07,168 INFO  [org.apa.kaf.cli.pro.KafkaProducer] (main) [Producer clientId=Producer-topic-d9008f7e_a08f_4ba8_b4eb_7a772f09945c] Instantiated an idempotent producer.
2025-07-31 18:14:07,171 INFO  [org.apa.kaf.cli.pro.ProducerConfig] (main) These configurations '[apicurio.registry.find-latest, apicurio.registry.url, apicurio.registry.artifact-resolver-strategy]' were supplied but are not used yet.
2025-07-31 18:14:07,171 INFO  [org.apa.kaf.com.uti.AppInfoParser] (main) Kafka version: 3.9.1
2025-07-31 18:14:07,172 INFO  [org.apa.kaf.com.uti.AppInfoParser] (main) Kafka commitId: f745dfdcee2b9851
2025-07-31 18:14:07,172 INFO  [org.apa.kaf.com.uti.AppInfoParser] (main) Kafka startTimeMs: 1753985647171
2025-07-31 18:14:07,172 INFO  [io.api.tes.ser.api.SimpleSerdesTesterBuilder$SimpleSerdesTester] (main) Using producer configuration: {apicurio.registry.find-latest=true, apicurio.registry.url=http://registry-app-postgresql.apps.ci419.apicurio-testing.org:80/apis/registry/v3, apicurio.registry.artifact-resolver-strategy=io.apicurio.registry.serde.avro.strategy.TopicRecordIdStrategy, value.serializer=io.apicurio.registry.serde.avro.AvroKafkaSerializer, request.timeout.ms=5000, acks=all, bootstrap.servers=PLAINTEXT://localhost:32770, connections.max.idle.ms=10000, key.serializer=org.apache.kafka.common.serialization.StringSerializer, client.id=Producer-topic-d9008f7e_a08f_4ba8_b4eb_7a772f09945c}
2025-07-31 18:14:07,172 INFO  [io.api.tes.ser.api.SimpleSerdesTesterBuilder$SimpleSerdesTester] (main) Using consumer configuration: {}
2025-07-31 18:14:07,173 INFO  [io.api.tes.ser.api.KafkaSerdesTester] (Thread-691) Sending message {"key11753985646117": "value-0"} to topic topic-d9008f7e_a08f_4ba8_b4eb_7a772f09945c
2025-07-31 18:14:07,176 INFO  [org.apa.kaf.cli.Metadata] (kafka-producer-network-thread | Producer-topic-d9008f7e_a08f_4ba8_b4eb_7a772f09945c) [Producer clientId=Producer-topic-d9008f7e_a08f_4ba8_b4eb_7a772f09945c] Cluster ID: UuE4P2bBQU2_qF9DHmdGkA
2025-07-31 18:14:07,178 INFO  [org.apa.kaf.cli.pro.int.TransactionManager] (kafka-producer-network-thread | Producer-topic-d9008f7e_a08f_4ba8_b4eb_7a772f09945c) [Producer clientId=Producer-topic-d9008f7e_a08f_4ba8_b4eb_7a772f09945c] ProducerId set to 18 with epoch 0
2025-07-31 18:14:07,219 INFO  [io.api.tes.ser.api.KafkaSerdesTester] (Thread-691) Sending message {"key11753985646117": "value-1"} to topic topic-d9008f7e_a08f_4ba8_b4eb_7a772f09945c
2025-07-31 18:14:07,221 INFO  [io.api.tes.ser.api.KafkaSerdesTester] (Thread-691) Sending message {"key11753985646117": "value-2"} to topic topic-d9008f7e_a08f_4ba8_b4eb_7a772f09945c
2025-07-31 18:14:07,223 INFO  [io.api.tes.ser.api.KafkaSerdesTester] (Thread-691) Sending message {"key11753985646117": "value-3"} to topic topic-d9008f7e_a08f_4ba8_b4eb_7a772f09945c
2025-07-31 18:14:07,224 INFO  [io.api.tes.ser.api.KafkaSerdesTester] (Thread-691) Sending message {"key11753985646117": "value-4"} to topic topic-d9008f7e_a08f_4ba8_b4eb_7a772f09945c
2025-07-31 18:14:07,225 INFO  [io.api.tes.ser.api.KafkaSerdesTester] (Thread-691) Sending message {"key11753985646117": "value-5"} to topic topic-d9008f7e_a08f_4ba8_b4eb_7a772f09945c
2025-07-31 18:14:07,226 INFO  [io.api.tes.ser.api.KafkaSerdesTester] (Thread-691) Sending message {"key11753985646117": "value-6"} to topic topic-d9008f7e_a08f_4ba8_b4eb_7a772f09945c
2025-07-31 18:14:07,227 INFO  [io.api.tes.ser.api.KafkaSerdesTester] (Thread-691) Sending message {"key11753985646117": "value-7"} to topic topic-d9008f7e_a08f_4ba8_b4eb_7a772f09945c
2025-07-31 18:14:07,228 INFO  [io.api.tes.ser.api.KafkaSerdesTester] (Thread-691) Sending message {"key11753985646117": "value-8"} to topic topic-d9008f7e_a08f_4ba8_b4eb_7a772f09945c
2025-07-31 18:14:07,229 INFO  [io.api.tes.ser.api.KafkaSerdesTester] (Thread-691) Sending message {"key11753985646117": "value-9"} to topic topic-d9008f7e_a08f_4ba8_b4eb_7a772f09945c
2025-07-31 18:14:07,231 INFO  [io.api.tes.ser.api.KafkaSerdesTester] (Thread-691) Produced 10 messages
2025-07-31 18:14:07,231 INFO  [org.apa.kaf.cli.pro.KafkaProducer] (Thread-691) [Producer clientId=Producer-topic-d9008f7e_a08f_4ba8_b4eb_7a772f09945c] Closing the Kafka producer with timeoutMillis = 9223372036854775807 ms.
2025-07-31 18:14:07,234 INFO  [org.apa.kaf.com.met.Metrics] (Thread-691) Metrics scheduler closed
2025-07-31 18:14:07,243 INFO  [org.apa.kaf.com.met.Metrics] (Thread-691) Closing reporter org.apache.kafka.common.metrics.JmxReporter
2025-07-31 18:14:07,244 INFO  [org.apa.kaf.com.met.Metrics] (Thread-691) Closing reporter org.apache.kafka.common.telemetry.internals.ClientTelemetryReporter
2025-07-31 18:14:07,244 INFO  [org.apa.kaf.com.met.Metrics] (Thread-691) Metrics reporters closed
2025-07-31 18:14:07,244 INFO  [org.apa.kaf.com.uti.AppInfoParser] (Thread-691) App info kafka.producer for Producer-topic-d9008f7e_a08f_4ba8_b4eb_7a772f09945c unregistered
**** Registry Base URL: http://registry-app-postgresql.apps.ci419.apicurio-testing.org:80
2025-07-31 18:14:07,244 INFO  [org.apa.kaf.cli.con.ConsumerConfig] (main) ConsumerConfig values: 
	allow.auto.create.topics = true
	auto.commit.interval.ms = 500
	auto.include.jmx.reporter = true
	auto.offset.reset = earliest
	bootstrap.servers = [PLAINTEXT://localhost:32770]
	check.crcs = true
	client.dns.lookup = use_all_dns_ips
	client.id = consumer-Consumer-topic-d9008f7e_a08f_4ba8_b4eb_7a772f09945c-13
	client.rack = 
	connections.max.idle.ms = 10000
	default.api.timeout.ms = 60000
	enable.auto.commit = true
	enable.metrics.push = true
	exclude.internal.topics = true
	fetch.max.bytes = 52428800
	fetch.max.wait.ms = 500
	fetch.min.bytes = 1
	group.id = Consumer-topic-d9008f7e_a08f_4ba8_b4eb_7a772f09945c
	group.instance.id = null
	group.protocol = classic
	group.remote.assignor = null
	heartbeat.interval.ms = 3000
	interceptor.classes = []
	internal.leave.group.on.close = true
	internal.throw.on.fetch.stable.offset.unsupported = false
	isolation.level = read_uncommitted
	key.deserializer = class org.apache.kafka.common.serialization.StringDeserializer
	max.partition.fetch.bytes = 1048576
	max.poll.interval.ms = 300000
	max.poll.records = 500
	metadata.max.age.ms = 300000
	metadata.recovery.strategy = none
	metric.reporters = []
	metrics.num.samples = 2
	metrics.recording.level = INFO
	metrics.sample.window.ms = 30000
	partition.assignment.strategy = [class org.apache.kafka.clients.consumer.RangeAssignor, class org.apache.kafka.clients.consumer.CooperativeStickyAssignor]
	receive.buffer.bytes = 65536
	reconnect.backoff.max.ms = 1000
	reconnect.backoff.ms = 50
	request.timeout.ms = 5000
	retry.backoff.max.ms = 1000
	retry.backoff.ms = 100
	sasl.client.callback.handler.class = null
	sasl.jaas.config = null
	sasl.kerberos.kinit.cmd = /usr/bin/kinit
	sasl.kerberos.min.time.before.relogin = 60000
	sasl.kerberos.service.name = null
	sasl.kerberos.ticket.renew.jitter = 0.05
	sasl.kerberos.ticket.renew.window.factor = 0.8
	sasl.login.callback.handler.class = null
	sasl.login.class = null
	sasl.login.connect.timeout.ms = null
	sasl.login.read.timeout.ms = null
	sasl.login.refresh.buffer.seconds = 300
	sasl.login.refresh.min.period.seconds = 60
	sasl.login.refresh.window.factor = 0.8
	sasl.login.refresh.window.jitter = 0.05
	sasl.login.retry.backoff.max.ms = 10000
	sasl.login.retry.backoff.ms = 100
	sasl.mechanism = GSSAPI
	sasl.oauthbearer.clock.skew.seconds = 30
	sasl.oauthbearer.expected.audience = null
	sasl.oauthbearer.expected.issuer = null
	sasl.oauthbearer.header.urlencode = false
	sasl.oauthbearer.jwks.endpoint.refresh.ms = 3600000
	sasl.oauthbearer.jwks.endpoint.retry.backoff.max.ms = 10000
	sasl.oauthbearer.jwks.endpoint.retry.backoff.ms = 100
	sasl.oauthbearer.jwks.endpoint.url = null
	sasl.oauthbearer.scope.claim.name = scope
	sasl.oauthbearer.sub.claim.name = sub
	sasl.oauthbearer.token.endpoint.url = null
	security.protocol = PLAINTEXT
	security.providers = null
	send.buffer.bytes = 131072
	session.timeout.ms = 45000
	socket.connection.setup.timeout.max.ms = 30000
	socket.connection.setup.timeout.ms = 10000
	ssl.cipher.suites = null
	ssl.enabled.protocols = [TLSv1.2, TLSv1.3]
	ssl.endpoint.identification.algorithm = https
	ssl.engine.factory.class = null
	ssl.key.password = null
	ssl.keymanager.algorithm = SunX509
	ssl.keystore.certificate.chain = null
	ssl.keystore.key = null
	ssl.keystore.location = null
	ssl.keystore.password = null
	ssl.keystore.type = JKS
	ssl.protocol = TLSv1.3
	ssl.provider = null
	ssl.secure.random.implementation = null
	ssl.trustmanager.algorithm = PKIX
	ssl.truststore.certificates = null
	ssl.truststore.location = null
	ssl.truststore.password = null
	ssl.truststore.type = JKS
	value.deserializer = class io.apicurio.registry.serde.avro.AvroKafkaDeserializer

2025-07-31 18:14:07,245 INFO  [org.apa.kaf.com.tel.int.KafkaMetricsCollector] (main) initializing Kafka metrics collector
2025-07-31 18:14:07,250 INFO  [org.apa.kaf.cli.con.ConsumerConfig] (main) These configurations '[apicurio.registry.url]' were supplied but are not used yet.
2025-07-31 18:14:07,250 INFO  [org.apa.kaf.com.uti.AppInfoParser] (main) Kafka version: 3.9.1
2025-07-31 18:14:07,250 INFO  [org.apa.kaf.com.uti.AppInfoParser] (main) Kafka commitId: f745dfdcee2b9851
2025-07-31 18:14:07,250 INFO  [org.apa.kaf.com.uti.AppInfoParser] (main) Kafka startTimeMs: 1753985647250
2025-07-31 18:14:07,250 INFO  [org.apa.kaf.cli.con.int.ClassicKafkaConsumer] (Thread-694) [Consumer clientId=consumer-Consumer-topic-d9008f7e_a08f_4ba8_b4eb_7a772f09945c-13, groupId=Consumer-topic-d9008f7e_a08f_4ba8_b4eb_7a772f09945c] Subscribed to topic(s): topic-d9008f7e_a08f_4ba8_b4eb_7a772f09945c
2025-07-31 18:14:07,256 INFO  [org.apa.kaf.cli.Metadata] (Thread-694) [Consumer clientId=consumer-Consumer-topic-d9008f7e_a08f_4ba8_b4eb_7a772f09945c-13, groupId=Consumer-topic-d9008f7e_a08f_4ba8_b4eb_7a772f09945c] Cluster ID: UuE4P2bBQU2_qF9DHmdGkA
2025-07-31 18:14:07,256 INFO  [org.apa.kaf.cli.con.int.ConsumerCoordinator] (Thread-694) [Consumer clientId=consumer-Consumer-topic-d9008f7e_a08f_4ba8_b4eb_7a772f09945c-13, groupId=Consumer-topic-d9008f7e_a08f_4ba8_b4eb_7a772f09945c] Discovered group coordinator localhost:32770 (id: 2147483647 rack: null)
2025-07-31 18:14:07,258 INFO  [org.apa.kaf.cli.con.int.ConsumerCoordinator] (Thread-694) [Consumer clientId=consumer-Consumer-topic-d9008f7e_a08f_4ba8_b4eb_7a772f09945c-13, groupId=Consumer-topic-d9008f7e_a08f_4ba8_b4eb_7a772f09945c] (Re-)joining group
2025-07-31 18:14:07,260 INFO  [org.apa.kaf.cli.con.int.ConsumerCoordinator] (Thread-694) [Consumer clientId=consumer-Consumer-topic-d9008f7e_a08f_4ba8_b4eb_7a772f09945c-13, groupId=Consumer-topic-d9008f7e_a08f_4ba8_b4eb_7a772f09945c] Request joining group due to: need to re-join with the given member-id: consumer-Consumer-topic-d9008f7e_a08f_4ba8_b4eb_7a772f09945c-13-b2a2d8c9-b4e5-4b40-9531-2e6e0eb04177
2025-07-31 18:14:07,260 INFO  [org.apa.kaf.cli.con.int.ConsumerCoordinator] (Thread-694) [Consumer clientId=consumer-Consumer-topic-d9008f7e_a08f_4ba8_b4eb_7a772f09945c-13, groupId=Consumer-topic-d9008f7e_a08f_4ba8_b4eb_7a772f09945c] (Re-)joining group
2025-07-31 18:14:07,264 INFO  [org.apa.kaf.cli.con.int.ConsumerCoordinator] (Thread-694) [Consumer clientId=consumer-Consumer-topic-d9008f7e_a08f_4ba8_b4eb_7a772f09945c-13, groupId=Consumer-topic-d9008f7e_a08f_4ba8_b4eb_7a772f09945c] Successfully joined group with generation Generation{generationId=1, memberId='consumer-Consumer-topic-d9008f7e_a08f_4ba8_b4eb_7a772f09945c-13-b2a2d8c9-b4e5-4b40-9531-2e6e0eb04177', protocol='range'}
2025-07-31 18:14:07,264 INFO  [org.apa.kaf.cli.con.int.ConsumerCoordinator] (Thread-694) [Consumer clientId=consumer-Consumer-topic-d9008f7e_a08f_4ba8_b4eb_7a772f09945c-13, groupId=Consumer-topic-d9008f7e_a08f_4ba8_b4eb_7a772f09945c] Finished assignment for group at generation 1: {consumer-Consumer-topic-d9008f7e_a08f_4ba8_b4eb_7a772f09945c-13-b2a2d8c9-b4e5-4b40-9531-2e6e0eb04177=Assignment(partitions=[topic-d9008f7e_a08f_4ba8_b4eb_7a772f09945c-0])}
2025-07-31 18:14:07,268 INFO  [org.apa.kaf.cli.con.int.ConsumerCoordinator] (Thread-694) [Consumer clientId=consumer-Consumer-topic-d9008f7e_a08f_4ba8_b4eb_7a772f09945c-13, groupId=Consumer-topic-d9008f7e_a08f_4ba8_b4eb_7a772f09945c] Successfully synced group in generation Generation{generationId=1, memberId='consumer-Consumer-topic-d9008f7e_a08f_4ba8_b4eb_7a772f09945c-13-b2a2d8c9-b4e5-4b40-9531-2e6e0eb04177', protocol='range'}
2025-07-31 18:14:07,268 INFO  [org.apa.kaf.cli.con.int.ConsumerCoordinator] (Thread-694) [Consumer clientId=consumer-Consumer-topic-d9008f7e_a08f_4ba8_b4eb_7a772f09945c-13, groupId=Consumer-topic-d9008f7e_a08f_4ba8_b4eb_7a772f09945c] Notifying assignor about the new Assignment(partitions=[topic-d9008f7e_a08f_4ba8_b4eb_7a772f09945c-0])
2025-07-31 18:14:07,268 INFO  [org.apa.kaf.cli.con.int.ConsumerRebalanceListenerInvoker] (Thread-694) [Consumer clientId=consumer-Consumer-topic-d9008f7e_a08f_4ba8_b4eb_7a772f09945c-13, groupId=Consumer-topic-d9008f7e_a08f_4ba8_b4eb_7a772f09945c] Adding newly assigned partitions: topic-d9008f7e_a08f_4ba8_b4eb_7a772f09945c-0
2025-07-31 18:14:07,269 INFO  [org.apa.kaf.cli.con.int.ConsumerCoordinator] (Thread-694) [Consumer clientId=consumer-Consumer-topic-d9008f7e_a08f_4ba8_b4eb_7a772f09945c-13, groupId=Consumer-topic-d9008f7e_a08f_4ba8_b4eb_7a772f09945c] Found no committed offset for partition topic-d9008f7e_a08f_4ba8_b4eb_7a772f09945c-0
2025-07-31 18:14:07,277 INFO  [org.apa.kaf.cli.con.int.SubscriptionState] (Thread-694) [Consumer clientId=consumer-Consumer-topic-d9008f7e_a08f_4ba8_b4eb_7a772f09945c-13, groupId=Consumer-topic-d9008f7e_a08f_4ba8_b4eb_7a772f09945c] Resetting offset for partition topic-d9008f7e_a08f_4ba8_b4eb_7a772f09945c-0 to position FetchPosition{offset=0, offsetEpoch=Optional.empty, currentLeader=LeaderAndEpoch{leader=Optional[localhost:32770 (id: 0 rack: null)], epoch=0}}.
2025-07-31 18:14:07,311 INFO  [io.api.tes.ser.api.KafkaSerdesTester] (Thread-694) topic-d9008f7e_a08f_4ba8_b4eb_7a772f09945c 0 0 {"key11753985646117": "value-0"}
2025-07-31 18:14:07,311 INFO  [io.api.tes.ser.api.KafkaSerdesTester] (Thread-694) topic-d9008f7e_a08f_4ba8_b4eb_7a772f09945c 0 1 {"key11753985646117": "value-1"}
2025-07-31 18:14:07,312 INFO  [io.api.tes.ser.api.KafkaSerdesTester] (Thread-694) topic-d9008f7e_a08f_4ba8_b4eb_7a772f09945c 0 2 {"key11753985646117": "value-2"}
2025-07-31 18:14:07,312 INFO  [io.api.tes.ser.api.KafkaSerdesTester] (Thread-694) topic-d9008f7e_a08f_4ba8_b4eb_7a772f09945c 0 3 {"key11753985646117": "value-3"}
2025-07-31 18:14:07,312 INFO  [io.api.tes.ser.api.KafkaSerdesTester] (Thread-694) topic-d9008f7e_a08f_4ba8_b4eb_7a772f09945c 0 4 {"key11753985646117": "value-4"}
2025-07-31 18:14:07,312 INFO  [io.api.tes.ser.api.KafkaSerdesTester] (Thread-694) topic-d9008f7e_a08f_4ba8_b4eb_7a772f09945c 0 5 {"key11753985646117": "value-5"}
2025-07-31 18:14:07,312 INFO  [io.api.tes.ser.api.KafkaSerdesTester] (Thread-694) topic-d9008f7e_a08f_4ba8_b4eb_7a772f09945c 0 6 {"key11753985646117": "value-6"}
2025-07-31 18:14:07,312 INFO  [io.api.tes.ser.api.KafkaSerdesTester] (Thread-694) topic-d9008f7e_a08f_4ba8_b4eb_7a772f09945c 0 7 {"key11753985646117": "value-7"}
2025-07-31 18:14:07,312 INFO  [io.api.tes.ser.api.KafkaSerdesTester] (Thread-694) topic-d9008f7e_a08f_4ba8_b4eb_7a772f09945c 0 8 {"key11753985646117": "value-8"}
2025-07-31 18:14:07,312 INFO  [io.api.tes.ser.api.KafkaSerdesTester] (Thread-694) topic-d9008f7e_a08f_4ba8_b4eb_7a772f09945c 0 9 {"key11753985646117": "value-9"}
2025-07-31 18:14:07,312 INFO  [io.api.tes.ser.api.KafkaSerdesTester] (Thread-694) Consumed 10 messages
2025-07-31 18:14:07,314 INFO  [org.apa.kaf.cli.con.int.ConsumerRebalanceListenerInvoker] (Thread-694) [Consumer clientId=consumer-Consumer-topic-d9008f7e_a08f_4ba8_b4eb_7a772f09945c-13, groupId=Consumer-topic-d9008f7e_a08f_4ba8_b4eb_7a772f09945c] Revoke previously assigned partitions topic-d9008f7e_a08f_4ba8_b4eb_7a772f09945c-0
2025-07-31 18:14:07,315 INFO  [org.apa.kaf.cli.con.int.ConsumerCoordinator] (Thread-694) [Consumer clientId=consumer-Consumer-topic-d9008f7e_a08f_4ba8_b4eb_7a772f09945c-13, groupId=Consumer-topic-d9008f7e_a08f_4ba8_b4eb_7a772f09945c] Member consumer-Consumer-topic-d9008f7e_a08f_4ba8_b4eb_7a772f09945c-13-b2a2d8c9-b4e5-4b40-9531-2e6e0eb04177 sending LeaveGroup request to coordinator localhost:32770 (id: 2147483647 rack: null) due to the consumer is being closed
2025-07-31 18:14:07,318 INFO  [org.apa.kaf.cli.con.int.ConsumerCoordinator] (Thread-694) [Consumer clientId=consumer-Consumer-topic-d9008f7e_a08f_4ba8_b4eb_7a772f09945c-13, groupId=Consumer-topic-d9008f7e_a08f_4ba8_b4eb_7a772f09945c] Resetting generation and member id due to: consumer pro-actively leaving the group
2025-07-31 18:14:07,318 INFO  [org.apa.kaf.cli.con.int.ConsumerCoordinator] (Thread-694) [Consumer clientId=consumer-Consumer-topic-d9008f7e_a08f_4ba8_b4eb_7a772f09945c-13, groupId=Consumer-topic-d9008f7e_a08f_4ba8_b4eb_7a772f09945c] Request joining group due to: consumer pro-actively leaving the group
2025-07-31 18:14:07,813 INFO  [org.apa.kaf.com.met.Metrics] (Thread-694) Metrics scheduler closed
2025-07-31 18:14:07,814 INFO  [org.apa.kaf.com.met.Metrics] (Thread-694) Closing reporter org.apache.kafka.common.metrics.JmxReporter
2025-07-31 18:14:07,814 INFO  [org.apa.kaf.com.met.Metrics] (Thread-694) Closing reporter org.apache.kafka.common.telemetry.internals.ClientTelemetryReporter
2025-07-31 18:14:07,814 INFO  [org.apa.kaf.com.met.Metrics] (Thread-694) Metrics reporters closed
2025-07-31 18:14:07,816 INFO  [org.apa.kaf.com.uti.AppInfoParser] (Thread-694) App info kafka.consumer for consumer-Consumer-topic-d9008f7e_a08f_4ba8_b4eb_7a772f09945c-13 unregistered
2025-07-31 18:14:07,816 INFO  [io.api.tes.uti.TestSeparator] (main) io.apicurio.tests.serdes.apicurio.AvroSerdeIT.testTopicRecordIdStrategydFindLatest-FINISHED
2025-07-31 18:14:07,816 INFO  [io.api.tes.uti.TestSeparator] (main) ############################################################################
Test passed: testTopicRecordIdStrategydFindLatest
]]></system-out>
  </testcase>
  <testcase name="testAvroConfluentForMultipleTopics" classname="io.apicurio.tests.serdes.apicurio.AvroSerdeIT" time="2.921">
    <system-out><![CDATA[2025-07-31 18:14:07,818 INFO  [io.api.tes.uti.TestSeparator] (main) ############################################################################
2025-07-31 18:14:07,818 INFO  [io.api.tes.uti.TestSeparator] (main) io.apicurio.tests.serdes.apicurio.AvroSerdeIT.testAvroConfluentForMultipleTopics-STARTED
2025-07-31 18:14:07,819 INFO  [io.api.tes.ser.api.AvroSerdeIT] (main) Registering Avro Schema: {"type":"record","name":"myrecordconfluent","fields":[{"name":"key11753985647818","type":"string"}]}
**** Registry Base URL: http://registry-app-postgresql.apps.ci419.apicurio-testing.org:80
2025-07-31 18:14:08,857 INFO  [org.apa.kaf.cli.pro.ProducerConfig] (main) ProducerConfig values: 
	acks = -1
	auto.include.jmx.reporter = true
	batch.size = 16384
	bootstrap.servers = [PLAINTEXT://localhost:32770]
	buffer.memory = 33554432
	client.dns.lookup = use_all_dns_ips
	client.id = Producer-topic-141e410e_8cd9_42a8_8bd4_a2e5597d93e3
	compression.gzip.level = -1
	compression.lz4.level = 9
	compression.type = none
	compression.zstd.level = 3
	connections.max.idle.ms = 10000
	delivery.timeout.ms = 120000
	enable.idempotence = true
	enable.metrics.push = true
	interceptor.classes = []
	key.serializer = class org.apache.kafka.common.serialization.StringSerializer
	linger.ms = 0
	max.block.ms = 60000
	max.in.flight.requests.per.connection = 5
	max.request.size = 1048576
	metadata.max.age.ms = 300000
	metadata.max.idle.ms = 300000
	metadata.recovery.strategy = none
	metric.reporters = []
	metrics.num.samples = 2
	metrics.recording.level = INFO
	metrics.sample.window.ms = 30000
	partitioner.adaptive.partitioning.enable = true
	partitioner.availability.timeout.ms = 0
	partitioner.class = null
	partitioner.ignore.keys = false
	receive.buffer.bytes = 32768
	reconnect.backoff.max.ms = 1000
	reconnect.backoff.ms = 50
	request.timeout.ms = 5000
	retries = 2147483647
	retry.backoff.max.ms = 1000
	retry.backoff.ms = 100
	sasl.client.callback.handler.class = null
	sasl.jaas.config = null
	sasl.kerberos.kinit.cmd = /usr/bin/kinit
	sasl.kerberos.min.time.before.relogin = 60000
	sasl.kerberos.service.name = null
	sasl.kerberos.ticket.renew.jitter = 0.05
	sasl.kerberos.ticket.renew.window.factor = 0.8
	sasl.login.callback.handler.class = null
	sasl.login.class = null
	sasl.login.connect.timeout.ms = null
	sasl.login.read.timeout.ms = null
	sasl.login.refresh.buffer.seconds = 300
	sasl.login.refresh.min.period.seconds = 60
	sasl.login.refresh.window.factor = 0.8
	sasl.login.refresh.window.jitter = 0.05
	sasl.login.retry.backoff.max.ms = 10000
	sasl.login.retry.backoff.ms = 100
	sasl.mechanism = GSSAPI
	sasl.oauthbearer.clock.skew.seconds = 30
	sasl.oauthbearer.expected.audience = null
	sasl.oauthbearer.expected.issuer = null
	sasl.oauthbearer.header.urlencode = false
	sasl.oauthbearer.jwks.endpoint.refresh.ms = 3600000
	sasl.oauthbearer.jwks.endpoint.retry.backoff.max.ms = 10000
	sasl.oauthbearer.jwks.endpoint.retry.backoff.ms = 100
	sasl.oauthbearer.jwks.endpoint.url = null
	sasl.oauthbearer.scope.claim.name = scope
	sasl.oauthbearer.sub.claim.name = sub
	sasl.oauthbearer.token.endpoint.url = null
	security.protocol = PLAINTEXT
	security.providers = null
	send.buffer.bytes = 131072
	socket.connection.setup.timeout.max.ms = 30000
	socket.connection.setup.timeout.ms = 10000
	ssl.cipher.suites = null
	ssl.enabled.protocols = [TLSv1.2, TLSv1.3]
	ssl.endpoint.identification.algorithm = https
	ssl.engine.factory.class = null
	ssl.key.password = null
	ssl.keymanager.algorithm = SunX509
	ssl.keystore.certificate.chain = null
	ssl.keystore.key = null
	ssl.keystore.location = null
	ssl.keystore.password = null
	ssl.keystore.type = JKS
	ssl.protocol = TLSv1.3
	ssl.provider = null
	ssl.secure.random.implementation = null
	ssl.trustmanager.algorithm = PKIX
	ssl.truststore.certificates = null
	ssl.truststore.location = null
	ssl.truststore.password = null
	ssl.truststore.type = JKS
	transaction.timeout.ms = 60000
	transactional.id = null
	value.serializer = class io.apicurio.registry.serde.avro.AvroKafkaSerializer

2025-07-31 18:14:08,857 INFO  [org.apa.kaf.com.tel.int.KafkaMetricsCollector] (main) initializing Kafka metrics collector
2025-07-31 18:14:08,860 INFO  [org.apa.kaf.cli.pro.KafkaProducer] (main) [Producer clientId=Producer-topic-141e410e_8cd9_42a8_8bd4_a2e5597d93e3] Instantiated an idempotent producer.
2025-07-31 18:14:08,863 INFO  [org.apa.kaf.cli.pro.ProducerConfig] (main) These configurations '[apicurio.registry.url, apicurio.registry.artifact-resolver-strategy]' were supplied but are not used yet.
2025-07-31 18:14:08,864 INFO  [org.apa.kaf.com.uti.AppInfoParser] (main) Kafka version: 3.9.1
2025-07-31 18:14:08,864 INFO  [org.apa.kaf.com.uti.AppInfoParser] (main) Kafka commitId: f745dfdcee2b9851
2025-07-31 18:14:08,864 INFO  [org.apa.kaf.com.uti.AppInfoParser] (main) Kafka startTimeMs: 1753985648864
**** Registry Base URL: http://registry-app-postgresql.apps.ci419.apicurio-testing.org:80
2025-07-31 18:14:08,864 INFO  [org.apa.kaf.cli.pro.ProducerConfig] (main) ProducerConfig values: 
	acks = -1
	auto.include.jmx.reporter = true
	batch.size = 16384
	bootstrap.servers = [PLAINTEXT://localhost:32770]
	buffer.memory = 33554432
	client.dns.lookup = use_all_dns_ips
	client.id = Producer-topic-876eb601_84df_49b7_bc26_e007d394a873
	compression.gzip.level = -1
	compression.lz4.level = 9
	compression.type = none
	compression.zstd.level = 3
	connections.max.idle.ms = 10000
	delivery.timeout.ms = 120000
	enable.idempotence = true
	enable.metrics.push = true
	interceptor.classes = []
	key.serializer = class org.apache.kafka.common.serialization.StringSerializer
	linger.ms = 0
	max.block.ms = 60000
	max.in.flight.requests.per.connection = 5
	max.request.size = 1048576
	metadata.max.age.ms = 300000
	metadata.max.idle.ms = 300000
	metadata.recovery.strategy = none
	metric.reporters = []
	metrics.num.samples = 2
	metrics.recording.level = INFO
	metrics.sample.window.ms = 30000
	partitioner.adaptive.partitioning.enable = true
	partitioner.availability.timeout.ms = 0
	partitioner.class = null
	partitioner.ignore.keys = false
	receive.buffer.bytes = 32768
	reconnect.backoff.max.ms = 1000
	reconnect.backoff.ms = 50
	request.timeout.ms = 5000
	retries = 2147483647
	retry.backoff.max.ms = 1000
	retry.backoff.ms = 100
	sasl.client.callback.handler.class = null
	sasl.jaas.config = null
	sasl.kerberos.kinit.cmd = /usr/bin/kinit
	sasl.kerberos.min.time.before.relogin = 60000
	sasl.kerberos.service.name = null
	sasl.kerberos.ticket.renew.jitter = 0.05
	sasl.kerberos.ticket.renew.window.factor = 0.8
	sasl.login.callback.handler.class = null
	sasl.login.class = null
	sasl.login.connect.timeout.ms = null
	sasl.login.read.timeout.ms = null
	sasl.login.refresh.buffer.seconds = 300
	sasl.login.refresh.min.period.seconds = 60
	sasl.login.refresh.window.factor = 0.8
	sasl.login.refresh.window.jitter = 0.05
	sasl.login.retry.backoff.max.ms = 10000
	sasl.login.retry.backoff.ms = 100
	sasl.mechanism = GSSAPI
	sasl.oauthbearer.clock.skew.seconds = 30
	sasl.oauthbearer.expected.audience = null
	sasl.oauthbearer.expected.issuer = null
	sasl.oauthbearer.header.urlencode = false
	sasl.oauthbearer.jwks.endpoint.refresh.ms = 3600000
	sasl.oauthbearer.jwks.endpoint.retry.backoff.max.ms = 10000
	sasl.oauthbearer.jwks.endpoint.retry.backoff.ms = 100
	sasl.oauthbearer.jwks.endpoint.url = null
	sasl.oauthbearer.scope.claim.name = scope
	sasl.oauthbearer.sub.claim.name = sub
	sasl.oauthbearer.token.endpoint.url = null
	security.protocol = PLAINTEXT
	security.providers = null
	send.buffer.bytes = 131072
	socket.connection.setup.timeout.max.ms = 30000
	socket.connection.setup.timeout.ms = 10000
	ssl.cipher.suites = null
	ssl.enabled.protocols = [TLSv1.2, TLSv1.3]
	ssl.endpoint.identification.algorithm = https
	ssl.engine.factory.class = null
	ssl.key.password = null
	ssl.keymanager.algorithm = SunX509
	ssl.keystore.certificate.chain = null
	ssl.keystore.key = null
	ssl.keystore.location = null
	ssl.keystore.password = null
	ssl.keystore.type = JKS
	ssl.protocol = TLSv1.3
	ssl.provider = null
	ssl.secure.random.implementation = null
	ssl.trustmanager.algorithm = PKIX
	ssl.truststore.certificates = null
	ssl.truststore.location = null
	ssl.truststore.password = null
	ssl.truststore.type = JKS
	transaction.timeout.ms = 60000
	transactional.id = null
	value.serializer = class io.apicurio.registry.serde.avro.AvroKafkaSerializer

2025-07-31 18:14:08,864 INFO  [org.apa.kaf.com.tel.int.KafkaMetricsCollector] (main) initializing Kafka metrics collector
2025-07-31 18:14:08,869 INFO  [org.apa.kaf.cli.pro.KafkaProducer] (main) [Producer clientId=Producer-topic-876eb601_84df_49b7_bc26_e007d394a873] Instantiated an idempotent producer.
2025-07-31 18:14:08,871 INFO  [org.apa.kaf.cli.Metadata] (kafka-producer-network-thread | Producer-topic-141e410e_8cd9_42a8_8bd4_a2e5597d93e3) [Producer clientId=Producer-topic-141e410e_8cd9_42a8_8bd4_a2e5597d93e3] Cluster ID: UuE4P2bBQU2_qF9DHmdGkA
2025-07-31 18:14:08,872 INFO  [org.apa.kaf.cli.pro.int.TransactionManager] (kafka-producer-network-thread | Producer-topic-141e410e_8cd9_42a8_8bd4_a2e5597d93e3) [Producer clientId=Producer-topic-141e410e_8cd9_42a8_8bd4_a2e5597d93e3] ProducerId set to 19 with epoch 0
2025-07-31 18:14:08,876 INFO  [org.apa.kaf.cli.pro.ProducerConfig] (main) These configurations '[apicurio.registry.url, apicurio.registry.artifact-resolver-strategy]' were supplied but are not used yet.
2025-07-31 18:14:08,876 INFO  [org.apa.kaf.com.uti.AppInfoParser] (main) Kafka version: 3.9.1
2025-07-31 18:14:08,876 INFO  [org.apa.kaf.com.uti.AppInfoParser] (main) Kafka commitId: f745dfdcee2b9851
2025-07-31 18:14:08,876 INFO  [org.apa.kaf.com.uti.AppInfoParser] (main) Kafka startTimeMs: 1753985648876
**** Registry Base URL: http://registry-app-postgresql.apps.ci419.apicurio-testing.org:80
2025-07-31 18:14:08,876 INFO  [org.apa.kaf.cli.pro.ProducerConfig] (main) ProducerConfig values: 
	acks = -1
	auto.include.jmx.reporter = true
	batch.size = 16384
	bootstrap.servers = [PLAINTEXT://localhost:32770]
	buffer.memory = 33554432
	client.dns.lookup = use_all_dns_ips
	client.id = Producer-topic-feeb6030_2075_459f_a5cd_8309c3391744
	compression.gzip.level = -1
	compression.lz4.level = 9
	compression.type = none
	compression.zstd.level = 3
	connections.max.idle.ms = 10000
	delivery.timeout.ms = 120000
	enable.idempotence = true
	enable.metrics.push = true
	interceptor.classes = []
	key.serializer = class org.apache.kafka.common.serialization.StringSerializer
	linger.ms = 0
	max.block.ms = 60000
	max.in.flight.requests.per.connection = 5
	max.request.size = 1048576
	metadata.max.age.ms = 300000
	metadata.max.idle.ms = 300000
	metadata.recovery.strategy = none
	metric.reporters = []
	metrics.num.samples = 2
	metrics.recording.level = INFO
	metrics.sample.window.ms = 30000
	partitioner.adaptive.partitioning.enable = true
	partitioner.availability.timeout.ms = 0
	partitioner.class = null
	partitioner.ignore.keys = false
	receive.buffer.bytes = 32768
	reconnect.backoff.max.ms = 1000
	reconnect.backoff.ms = 50
	request.timeout.ms = 5000
	retries = 2147483647
	retry.backoff.max.ms = 1000
	retry.backoff.ms = 100
	sasl.client.callback.handler.class = null
	sasl.jaas.config = null
	sasl.kerberos.kinit.cmd = /usr/bin/kinit
	sasl.kerberos.min.time.before.relogin = 60000
	sasl.kerberos.service.name = null
	sasl.kerberos.ticket.renew.jitter = 0.05
	sasl.kerberos.ticket.renew.window.factor = 0.8
	sasl.login.callback.handler.class = null
	sasl.login.class = null
	sasl.login.connect.timeout.ms = null
	sasl.login.read.timeout.ms = null
	sasl.login.refresh.buffer.seconds = 300
	sasl.login.refresh.min.period.seconds = 60
	sasl.login.refresh.window.factor = 0.8
	sasl.login.refresh.window.jitter = 0.05
	sasl.login.retry.backoff.max.ms = 10000
	sasl.login.retry.backoff.ms = 100
	sasl.mechanism = GSSAPI
	sasl.oauthbearer.clock.skew.seconds = 30
	sasl.oauthbearer.expected.audience = null
	sasl.oauthbearer.expected.issuer = null
	sasl.oauthbearer.header.urlencode = false
	sasl.oauthbearer.jwks.endpoint.refresh.ms = 3600000
	sasl.oauthbearer.jwks.endpoint.retry.backoff.max.ms = 10000
	sasl.oauthbearer.jwks.endpoint.retry.backoff.ms = 100
	sasl.oauthbearer.jwks.endpoint.url = null
	sasl.oauthbearer.scope.claim.name = scope
	sasl.oauthbearer.sub.claim.name = sub
	sasl.oauthbearer.token.endpoint.url = null
	security.protocol = PLAINTEXT
	security.providers = null
	send.buffer.bytes = 131072
	socket.connection.setup.timeout.max.ms = 30000
	socket.connection.setup.timeout.ms = 10000
	ssl.cipher.suites = null
	ssl.enabled.protocols = [TLSv1.2, TLSv1.3]
	ssl.endpoint.identification.algorithm = https
	ssl.engine.factory.class = null
	ssl.key.password = null
	ssl.keymanager.algorithm = SunX509
	ssl.keystore.certificate.chain = null
	ssl.keystore.key = null
	ssl.keystore.location = null
	ssl.keystore.password = null
	ssl.keystore.type = JKS
	ssl.protocol = TLSv1.3
	ssl.provider = null
	ssl.secure.random.implementation = null
	ssl.trustmanager.algorithm = PKIX
	ssl.truststore.certificates = null
	ssl.truststore.location = null
	ssl.truststore.password = null
	ssl.truststore.type = JKS
	transaction.timeout.ms = 60000
	transactional.id = null
	value.serializer = class io.apicurio.registry.serde.avro.AvroKafkaSerializer

2025-07-31 18:14:08,876 INFO  [org.apa.kaf.com.tel.int.KafkaMetricsCollector] (main) initializing Kafka metrics collector
2025-07-31 18:14:08,882 INFO  [org.apa.kaf.cli.Metadata] (kafka-producer-network-thread | Producer-topic-876eb601_84df_49b7_bc26_e007d394a873) [Producer clientId=Producer-topic-876eb601_84df_49b7_bc26_e007d394a873] Cluster ID: UuE4P2bBQU2_qF9DHmdGkA
2025-07-31 18:14:08,884 INFO  [org.apa.kaf.cli.pro.int.TransactionManager] (kafka-producer-network-thread | Producer-topic-876eb601_84df_49b7_bc26_e007d394a873) [Producer clientId=Producer-topic-876eb601_84df_49b7_bc26_e007d394a873] ProducerId set to 20 with epoch 0
2025-07-31 18:14:08,886 INFO  [org.apa.kaf.cli.pro.KafkaProducer] (main) [Producer clientId=Producer-topic-feeb6030_2075_459f_a5cd_8309c3391744] Instantiated an idempotent producer.
2025-07-31 18:14:08,888 INFO  [org.apa.kaf.cli.pro.ProducerConfig] (main) These configurations '[apicurio.registry.url, apicurio.registry.artifact-resolver-strategy]' were supplied but are not used yet.
2025-07-31 18:14:08,888 INFO  [org.apa.kaf.com.uti.AppInfoParser] (main) Kafka version: 3.9.1
2025-07-31 18:14:08,888 INFO  [org.apa.kaf.com.uti.AppInfoParser] (main) Kafka commitId: f745dfdcee2b9851
2025-07-31 18:14:08,888 INFO  [org.apa.kaf.com.uti.AppInfoParser] (main) Kafka startTimeMs: 1753985648888
**** Registry Base URL: http://registry-app-postgresql.apps.ci419.apicurio-testing.org:80
2025-07-31 18:14:08,889 INFO  [org.apa.kaf.cli.con.ConsumerConfig] (main) ConsumerConfig values: 
	allow.auto.create.topics = true
	auto.commit.interval.ms = 500
	auto.include.jmx.reporter = true
	auto.offset.reset = earliest
	bootstrap.servers = [PLAINTEXT://localhost:32770]
	check.crcs = true
	client.dns.lookup = use_all_dns_ips
	client.id = consumer-Consumer-topic-141e410e_8cd9_42a8_8bd4_a2e5597d93e3-14
	client.rack = 
	connections.max.idle.ms = 10000
	default.api.timeout.ms = 60000
	enable.auto.commit = true
	enable.metrics.push = true
	exclude.internal.topics = true
	fetch.max.bytes = 52428800
	fetch.max.wait.ms = 500
	fetch.min.bytes = 1
	group.id = Consumer-topic-141e410e_8cd9_42a8_8bd4_a2e5597d93e3
	group.instance.id = null
	group.protocol = classic
	group.remote.assignor = null
	heartbeat.interval.ms = 3000
	interceptor.classes = []
	internal.leave.group.on.close = true
	internal.throw.on.fetch.stable.offset.unsupported = false
	isolation.level = read_uncommitted
	key.deserializer = class org.apache.kafka.common.serialization.StringDeserializer
	max.partition.fetch.bytes = 1048576
	max.poll.interval.ms = 300000
	max.poll.records = 500
	metadata.max.age.ms = 300000
	metadata.recovery.strategy = none
	metric.reporters = []
	metrics.num.samples = 2
	metrics.recording.level = INFO
	metrics.sample.window.ms = 30000
	partition.assignment.strategy = [class org.apache.kafka.clients.consumer.RangeAssignor, class org.apache.kafka.clients.consumer.CooperativeStickyAssignor]
	receive.buffer.bytes = 65536
	reconnect.backoff.max.ms = 1000
	reconnect.backoff.ms = 50
	request.timeout.ms = 5000
	retry.backoff.max.ms = 1000
	retry.backoff.ms = 100
	sasl.client.callback.handler.class = null
	sasl.jaas.config = null
	sasl.kerberos.kinit.cmd = /usr/bin/kinit
	sasl.kerberos.min.time.before.relogin = 60000
	sasl.kerberos.service.name = null
	sasl.kerberos.ticket.renew.jitter = 0.05
	sasl.kerberos.ticket.renew.window.factor = 0.8
	sasl.login.callback.handler.class = null
	sasl.login.class = null
	sasl.login.connect.timeout.ms = null
	sasl.login.read.timeout.ms = null
	sasl.login.refresh.buffer.seconds = 300
	sasl.login.refresh.min.period.seconds = 60
	sasl.login.refresh.window.factor = 0.8
	sasl.login.refresh.window.jitter = 0.05
	sasl.login.retry.backoff.max.ms = 10000
	sasl.login.retry.backoff.ms = 100
	sasl.mechanism = GSSAPI
	sasl.oauthbearer.clock.skew.seconds = 30
	sasl.oauthbearer.expected.audience = null
	sasl.oauthbearer.expected.issuer = null
	sasl.oauthbearer.header.urlencode = false
	sasl.oauthbearer.jwks.endpoint.refresh.ms = 3600000
	sasl.oauthbearer.jwks.endpoint.retry.backoff.max.ms = 10000
	sasl.oauthbearer.jwks.endpoint.retry.backoff.ms = 100
	sasl.oauthbearer.jwks.endpoint.url = null
	sasl.oauthbearer.scope.claim.name = scope
	sasl.oauthbearer.sub.claim.name = sub
	sasl.oauthbearer.token.endpoint.url = null
	security.protocol = PLAINTEXT
	security.providers = null
	send.buffer.bytes = 131072
	session.timeout.ms = 45000
	socket.connection.setup.timeout.max.ms = 30000
	socket.connection.setup.timeout.ms = 10000
	ssl.cipher.suites = null
	ssl.enabled.protocols = [TLSv1.2, TLSv1.3]
	ssl.endpoint.identification.algorithm = https
	ssl.engine.factory.class = null
	ssl.key.password = null
	ssl.keymanager.algorithm = SunX509
	ssl.keystore.certificate.chain = null
	ssl.keystore.key = null
	ssl.keystore.location = null
	ssl.keystore.password = null
	ssl.keystore.type = JKS
	ssl.protocol = TLSv1.3
	ssl.provider = null
	ssl.secure.random.implementation = null
	ssl.trustmanager.algorithm = PKIX
	ssl.truststore.certificates = null
	ssl.truststore.location = null
	ssl.truststore.password = null
	ssl.truststore.type = JKS
	value.deserializer = class io.apicurio.registry.serde.avro.AvroKafkaDeserializer

2025-07-31 18:14:08,889 INFO  [org.apa.kaf.com.tel.int.KafkaMetricsCollector] (main) initializing Kafka metrics collector
2025-07-31 18:14:08,895 INFO  [org.apa.kaf.cli.Metadata] (kafka-producer-network-thread | Producer-topic-feeb6030_2075_459f_a5cd_8309c3391744) [Producer clientId=Producer-topic-feeb6030_2075_459f_a5cd_8309c3391744] Cluster ID: UuE4P2bBQU2_qF9DHmdGkA
2025-07-31 18:14:08,898 INFO  [org.apa.kaf.cli.pro.int.TransactionManager] (kafka-producer-network-thread | Producer-topic-feeb6030_2075_459f_a5cd_8309c3391744) [Producer clientId=Producer-topic-feeb6030_2075_459f_a5cd_8309c3391744] ProducerId set to 21 with epoch 0
2025-07-31 18:14:08,900 INFO  [org.apa.kaf.cli.con.ConsumerConfig] (main) These configurations '[apicurio.registry.url]' were supplied but are not used yet.
2025-07-31 18:14:08,900 INFO  [org.apa.kaf.com.uti.AppInfoParser] (main) Kafka version: 3.9.1
2025-07-31 18:14:08,900 INFO  [org.apa.kaf.com.uti.AppInfoParser] (main) Kafka commitId: f745dfdcee2b9851
2025-07-31 18:14:08,900 INFO  [org.apa.kaf.com.uti.AppInfoParser] (main) Kafka startTimeMs: 1753985648900
**** Registry Base URL: http://registry-app-postgresql.apps.ci419.apicurio-testing.org:80
2025-07-31 18:14:08,901 INFO  [org.apa.kaf.cli.con.ConsumerConfig] (main) ConsumerConfig values: 
	allow.auto.create.topics = true
	auto.commit.interval.ms = 500
	auto.include.jmx.reporter = true
	auto.offset.reset = earliest
	bootstrap.servers = [PLAINTEXT://localhost:32770]
	check.crcs = true
	client.dns.lookup = use_all_dns_ips
	client.id = consumer-Consumer-topic-876eb601_84df_49b7_bc26_e007d394a873-15
	client.rack = 
	connections.max.idle.ms = 10000
	default.api.timeout.ms = 60000
	enable.auto.commit = true
	enable.metrics.push = true
	exclude.internal.topics = true
	fetch.max.bytes = 52428800
	fetch.max.wait.ms = 500
	fetch.min.bytes = 1
	group.id = Consumer-topic-876eb601_84df_49b7_bc26_e007d394a873
	group.instance.id = null
	group.protocol = classic
	group.remote.assignor = null
	heartbeat.interval.ms = 3000
	interceptor.classes = []
	internal.leave.group.on.close = true
	internal.throw.on.fetch.stable.offset.unsupported = false
	isolation.level = read_uncommitted
	key.deserializer = class org.apache.kafka.common.serialization.StringDeserializer
	max.partition.fetch.bytes = 1048576
	max.poll.interval.ms = 300000
	max.poll.records = 500
	metadata.max.age.ms = 300000
	metadata.recovery.strategy = none
	metric.reporters = []
	metrics.num.samples = 2
	metrics.recording.level = INFO
	metrics.sample.window.ms = 30000
	partition.assignment.strategy = [class org.apache.kafka.clients.consumer.RangeAssignor, class org.apache.kafka.clients.consumer.CooperativeStickyAssignor]
	receive.buffer.bytes = 65536
	reconnect.backoff.max.ms = 1000
	reconnect.backoff.ms = 50
	request.timeout.ms = 5000
	retry.backoff.max.ms = 1000
	retry.backoff.ms = 100
	sasl.client.callback.handler.class = null
	sasl.jaas.config = null
	sasl.kerberos.kinit.cmd = /usr/bin/kinit
	sasl.kerberos.min.time.before.relogin = 60000
	sasl.kerberos.service.name = null
	sasl.kerberos.ticket.renew.jitter = 0.05
	sasl.kerberos.ticket.renew.window.factor = 0.8
	sasl.login.callback.handler.class = null
	sasl.login.class = null
	sasl.login.connect.timeout.ms = null
	sasl.login.read.timeout.ms = null
	sasl.login.refresh.buffer.seconds = 300
	sasl.login.refresh.min.period.seconds = 60
	sasl.login.refresh.window.factor = 0.8
	sasl.login.refresh.window.jitter = 0.05
	sasl.login.retry.backoff.max.ms = 10000
	sasl.login.retry.backoff.ms = 100
	sasl.mechanism = GSSAPI
	sasl.oauthbearer.clock.skew.seconds = 30
	sasl.oauthbearer.expected.audience = null
	sasl.oauthbearer.expected.issuer = null
	sasl.oauthbearer.header.urlencode = false
	sasl.oauthbearer.jwks.endpoint.refresh.ms = 3600000
	sasl.oauthbearer.jwks.endpoint.retry.backoff.max.ms = 10000
	sasl.oauthbearer.jwks.endpoint.retry.backoff.ms = 100
	sasl.oauthbearer.jwks.endpoint.url = null
	sasl.oauthbearer.scope.claim.name = scope
	sasl.oauthbearer.sub.claim.name = sub
	sasl.oauthbearer.token.endpoint.url = null
	security.protocol = PLAINTEXT
	security.providers = null
	send.buffer.bytes = 131072
	session.timeout.ms = 45000
	socket.connection.setup.timeout.max.ms = 30000
	socket.connection.setup.timeout.ms = 10000
	ssl.cipher.suites = null
	ssl.enabled.protocols = [TLSv1.2, TLSv1.3]
	ssl.endpoint.identification.algorithm = https
	ssl.engine.factory.class = null
	ssl.key.password = null
	ssl.keymanager.algorithm = SunX509
	ssl.keystore.certificate.chain = null
	ssl.keystore.key = null
	ssl.keystore.location = null
	ssl.keystore.password = null
	ssl.keystore.type = JKS
	ssl.protocol = TLSv1.3
	ssl.provider = null
	ssl.secure.random.implementation = null
	ssl.trustmanager.algorithm = PKIX
	ssl.truststore.certificates = null
	ssl.truststore.location = null
	ssl.truststore.password = null
	ssl.truststore.type = JKS
	value.deserializer = class io.apicurio.registry.serde.avro.AvroKafkaDeserializer

2025-07-31 18:14:08,901 INFO  [org.apa.kaf.com.tel.int.KafkaMetricsCollector] (main) initializing Kafka metrics collector
2025-07-31 18:14:08,907 INFO  [org.apa.kaf.cli.con.ConsumerConfig] (main) These configurations '[apicurio.registry.url]' were supplied but are not used yet.
2025-07-31 18:14:08,907 INFO  [org.apa.kaf.com.uti.AppInfoParser] (main) Kafka version: 3.9.1
2025-07-31 18:14:08,907 INFO  [org.apa.kaf.com.uti.AppInfoParser] (main) Kafka commitId: f745dfdcee2b9851
2025-07-31 18:14:08,907 INFO  [org.apa.kaf.com.uti.AppInfoParser] (main) Kafka startTimeMs: 1753985648907
**** Registry Base URL: http://registry-app-postgresql.apps.ci419.apicurio-testing.org:80
2025-07-31 18:14:08,907 INFO  [org.apa.kaf.cli.con.ConsumerConfig] (main) ConsumerConfig values: 
	allow.auto.create.topics = true
	auto.commit.interval.ms = 500
	auto.include.jmx.reporter = true
	auto.offset.reset = earliest
	bootstrap.servers = [PLAINTEXT://localhost:32770]
	check.crcs = true
	client.dns.lookup = use_all_dns_ips
	client.id = consumer-Consumer-topic-feeb6030_2075_459f_a5cd_8309c3391744-16
	client.rack = 
	connections.max.idle.ms = 10000
	default.api.timeout.ms = 60000
	enable.auto.commit = true
	enable.metrics.push = true
	exclude.internal.topics = true
	fetch.max.bytes = 52428800
	fetch.max.wait.ms = 500
	fetch.min.bytes = 1
	group.id = Consumer-topic-feeb6030_2075_459f_a5cd_8309c3391744
	group.instance.id = null
	group.protocol = classic
	group.remote.assignor = null
	heartbeat.interval.ms = 3000
	interceptor.classes = []
	internal.leave.group.on.close = true
	internal.throw.on.fetch.stable.offset.unsupported = false
	isolation.level = read_uncommitted
	key.deserializer = class org.apache.kafka.common.serialization.StringDeserializer
	max.partition.fetch.bytes = 1048576
	max.poll.interval.ms = 300000
	max.poll.records = 500
	metadata.max.age.ms = 300000
	metadata.recovery.strategy = none
	metric.reporters = []
	metrics.num.samples = 2
	metrics.recording.level = INFO
	metrics.sample.window.ms = 30000
	partition.assignment.strategy = [class org.apache.kafka.clients.consumer.RangeAssignor, class org.apache.kafka.clients.consumer.CooperativeStickyAssignor]
	receive.buffer.bytes = 65536
	reconnect.backoff.max.ms = 1000
	reconnect.backoff.ms = 50
	request.timeout.ms = 5000
	retry.backoff.max.ms = 1000
	retry.backoff.ms = 100
	sasl.client.callback.handler.class = null
	sasl.jaas.config = null
	sasl.kerberos.kinit.cmd = /usr/bin/kinit
	sasl.kerberos.min.time.before.relogin = 60000
	sasl.kerberos.service.name = null
	sasl.kerberos.ticket.renew.jitter = 0.05
	sasl.kerberos.ticket.renew.window.factor = 0.8
	sasl.login.callback.handler.class = null
	sasl.login.class = null
	sasl.login.connect.timeout.ms = null
	sasl.login.read.timeout.ms = null
	sasl.login.refresh.buffer.seconds = 300
	sasl.login.refresh.min.period.seconds = 60
	sasl.login.refresh.window.factor = 0.8
	sasl.login.refresh.window.jitter = 0.05
	sasl.login.retry.backoff.max.ms = 10000
	sasl.login.retry.backoff.ms = 100
	sasl.mechanism = GSSAPI
	sasl.oauthbearer.clock.skew.seconds = 30
	sasl.oauthbearer.expected.audience = null
	sasl.oauthbearer.expected.issuer = null
	sasl.oauthbearer.header.urlencode = false
	sasl.oauthbearer.jwks.endpoint.refresh.ms = 3600000
	sasl.oauthbearer.jwks.endpoint.retry.backoff.max.ms = 10000
	sasl.oauthbearer.jwks.endpoint.retry.backoff.ms = 100
	sasl.oauthbearer.jwks.endpoint.url = null
	sasl.oauthbearer.scope.claim.name = scope
	sasl.oauthbearer.sub.claim.name = sub
	sasl.oauthbearer.token.endpoint.url = null
	security.protocol = PLAINTEXT
	security.providers = null
	send.buffer.bytes = 131072
	session.timeout.ms = 45000
	socket.connection.setup.timeout.max.ms = 30000
	socket.connection.setup.timeout.ms = 10000
	ssl.cipher.suites = null
	ssl.enabled.protocols = [TLSv1.2, TLSv1.3]
	ssl.endpoint.identification.algorithm = https
	ssl.engine.factory.class = null
	ssl.key.password = null
	ssl.keymanager.algorithm = SunX509
	ssl.keystore.certificate.chain = null
	ssl.keystore.key = null
	ssl.keystore.location = null
	ssl.keystore.password = null
	ssl.keystore.type = JKS
	ssl.protocol = TLSv1.3
	ssl.provider = null
	ssl.secure.random.implementation = null
	ssl.trustmanager.algorithm = PKIX
	ssl.truststore.certificates = null
	ssl.truststore.location = null
	ssl.truststore.password = null
	ssl.truststore.type = JKS
	value.deserializer = class io.apicurio.registry.serde.avro.AvroKafkaDeserializer

2025-07-31 18:14:08,907 INFO  [org.apa.kaf.com.tel.int.KafkaMetricsCollector] (main) initializing Kafka metrics collector
2025-07-31 18:14:08,914 INFO  [org.apa.kaf.cli.con.ConsumerConfig] (main) These configurations '[apicurio.registry.url]' were supplied but are not used yet.
2025-07-31 18:14:08,914 INFO  [org.apa.kaf.com.uti.AppInfoParser] (main) Kafka version: 3.9.1
2025-07-31 18:14:08,914 INFO  [org.apa.kaf.com.uti.AppInfoParser] (main) Kafka commitId: f745dfdcee2b9851
2025-07-31 18:14:08,914 INFO  [org.apa.kaf.com.uti.AppInfoParser] (main) Kafka startTimeMs: 1753985648914
2025-07-31 18:14:08,914 INFO  [io.api.tes.ser.api.KafkaSerdesTester] (Thread-707) Sending message {"key11753985647818": "value-0"} to topic topic-141e410e_8cd9_42a8_8bd4_a2e5597d93e3
2025-07-31 18:14:08,918 INFO  [DefaultSchemaResolver] (Thread-707) Retrieving schema content using string: {"type":"record","name":"myrecordconfluent","fields":[{"name":"key11753985647818","type":"string"}]}
2025-07-31 18:14:08,943 INFO  [io.api.tes.ser.api.KafkaSerdesTester] (Thread-707) Sending message {"key11753985647818": "value-1"} to topic topic-141e410e_8cd9_42a8_8bd4_a2e5597d93e3
2025-07-31 18:14:08,944 INFO  [io.api.tes.ser.api.KafkaSerdesTester] (Thread-707) Sending message {"key11753985647818": "value-2"} to topic topic-141e410e_8cd9_42a8_8bd4_a2e5597d93e3
2025-07-31 18:14:08,946 INFO  [io.api.tes.ser.api.KafkaSerdesTester] (Thread-707) Sending message {"key11753985647818": "value-3"} to topic topic-141e410e_8cd9_42a8_8bd4_a2e5597d93e3
2025-07-31 18:14:08,948 INFO  [io.api.tes.ser.api.KafkaSerdesTester] (Thread-707) Sending message {"key11753985647818": "value-4"} to topic topic-141e410e_8cd9_42a8_8bd4_a2e5597d93e3
2025-07-31 18:14:08,952 INFO  [io.api.tes.ser.api.KafkaSerdesTester] (Thread-707) Sending message {"key11753985647818": "value-5"} to topic topic-141e410e_8cd9_42a8_8bd4_a2e5597d93e3
2025-07-31 18:14:08,959 INFO  [io.api.tes.ser.api.KafkaSerdesTester] (Thread-707) Sending message {"key11753985647818": "value-6"} to topic topic-141e410e_8cd9_42a8_8bd4_a2e5597d93e3
2025-07-31 18:14:08,963 INFO  [io.api.tes.ser.api.KafkaSerdesTester] (Thread-707) Sending message {"key11753985647818": "value-7"} to topic topic-141e410e_8cd9_42a8_8bd4_a2e5597d93e3
2025-07-31 18:14:08,966 INFO  [io.api.tes.ser.api.KafkaSerdesTester] (Thread-707) Sending message {"key11753985647818": "value-8"} to topic topic-141e410e_8cd9_42a8_8bd4_a2e5597d93e3
2025-07-31 18:14:08,967 INFO  [io.api.tes.ser.api.KafkaSerdesTester] (Thread-707) Sending message {"key11753985647818": "value-9"} to topic topic-141e410e_8cd9_42a8_8bd4_a2e5597d93e3
2025-07-31 18:14:08,969 INFO  [io.api.tes.ser.api.KafkaSerdesTester] (Thread-707) Produced 10 messages
2025-07-31 18:14:08,969 INFO  [org.apa.kaf.cli.pro.KafkaProducer] (Thread-707) [Producer clientId=Producer-topic-141e410e_8cd9_42a8_8bd4_a2e5597d93e3] Closing the Kafka producer with timeoutMillis = 9223372036854775807 ms.
2025-07-31 18:14:08,972 INFO  [org.apa.kaf.com.met.Metrics] (Thread-707) Metrics scheduler closed
2025-07-31 18:14:08,972 INFO  [org.apa.kaf.com.met.Metrics] (Thread-707) Closing reporter org.apache.kafka.common.metrics.JmxReporter
2025-07-31 18:14:08,972 INFO  [org.apa.kaf.com.met.Metrics] (Thread-707) Closing reporter org.apache.kafka.common.telemetry.internals.ClientTelemetryReporter
2025-07-31 18:14:08,972 INFO  [org.apa.kaf.com.met.Metrics] (Thread-707) Metrics reporters closed
2025-07-31 18:14:08,972 INFO  [org.apa.kaf.com.uti.AppInfoParser] (Thread-707) App info kafka.producer for Producer-topic-141e410e_8cd9_42a8_8bd4_a2e5597d93e3 unregistered
2025-07-31 18:14:08,976 INFO  [io.api.tes.ser.api.KafkaSerdesTester] (Thread-708) Sending message {"key11753985647818": "value-0"} to topic topic-876eb601_84df_49b7_bc26_e007d394a873
2025-07-31 18:14:08,978 INFO  [DefaultSchemaResolver] (Thread-708) Retrieving schema content using string: {"type":"record","name":"myrecordconfluent","fields":[{"name":"key11753985647818","type":"string"}]}
2025-07-31 18:14:09,001 INFO  [io.api.tes.ser.api.KafkaSerdesTester] (Thread-708) Sending message {"key11753985647818": "value-1"} to topic topic-876eb601_84df_49b7_bc26_e007d394a873
2025-07-31 18:14:09,003 INFO  [io.api.tes.ser.api.KafkaSerdesTester] (Thread-708) Sending message {"key11753985647818": "value-2"} to topic topic-876eb601_84df_49b7_bc26_e007d394a873
2025-07-31 18:14:09,004 INFO  [io.api.tes.ser.api.KafkaSerdesTester] (Thread-708) Sending message {"key11753985647818": "value-3"} to topic topic-876eb601_84df_49b7_bc26_e007d394a873
2025-07-31 18:14:09,006 INFO  [io.api.tes.ser.api.KafkaSerdesTester] (Thread-708) Sending message {"key11753985647818": "value-4"} to topic topic-876eb601_84df_49b7_bc26_e007d394a873
2025-07-31 18:14:09,008 INFO  [io.api.tes.ser.api.KafkaSerdesTester] (Thread-708) Sending message {"key11753985647818": "value-5"} to topic topic-876eb601_84df_49b7_bc26_e007d394a873
2025-07-31 18:14:09,010 INFO  [io.api.tes.ser.api.KafkaSerdesTester] (Thread-708) Sending message {"key11753985647818": "value-6"} to topic topic-876eb601_84df_49b7_bc26_e007d394a873
2025-07-31 18:14:09,011 INFO  [io.api.tes.ser.api.KafkaSerdesTester] (Thread-708) Sending message {"key11753985647818": "value-7"} to topic topic-876eb601_84df_49b7_bc26_e007d394a873
2025-07-31 18:14:09,012 INFO  [io.api.tes.ser.api.KafkaSerdesTester] (Thread-708) Sending message {"key11753985647818": "value-8"} to topic topic-876eb601_84df_49b7_bc26_e007d394a873
2025-07-31 18:14:09,013 INFO  [io.api.tes.ser.api.KafkaSerdesTester] (Thread-708) Sending message {"key11753985647818": "value-9"} to topic topic-876eb601_84df_49b7_bc26_e007d394a873
2025-07-31 18:14:09,015 INFO  [io.api.tes.ser.api.KafkaSerdesTester] (Thread-708) Produced 10 messages
2025-07-31 18:14:09,015 INFO  [org.apa.kaf.cli.pro.KafkaProducer] (Thread-708) [Producer clientId=Producer-topic-876eb601_84df_49b7_bc26_e007d394a873] Closing the Kafka producer with timeoutMillis = 9223372036854775807 ms.
2025-07-31 18:14:09,017 INFO  [org.apa.kaf.com.met.Metrics] (Thread-708) Metrics scheduler closed
2025-07-31 18:14:09,017 INFO  [org.apa.kaf.com.met.Metrics] (Thread-708) Closing reporter org.apache.kafka.common.metrics.JmxReporter
2025-07-31 18:14:09,017 INFO  [org.apa.kaf.com.met.Metrics] (Thread-708) Closing reporter org.apache.kafka.common.telemetry.internals.ClientTelemetryReporter
2025-07-31 18:14:09,017 INFO  [org.apa.kaf.com.met.Metrics] (Thread-708) Metrics reporters closed
2025-07-31 18:14:09,017 INFO  [org.apa.kaf.com.uti.AppInfoParser] (Thread-708) App info kafka.producer for Producer-topic-876eb601_84df_49b7_bc26_e007d394a873 unregistered
2025-07-31 18:14:09,019 INFO  [io.api.tes.ser.api.KafkaSerdesTester] (Thread-709) Sending message {"key11753985647818": "value-0"} to topic topic-feeb6030_2075_459f_a5cd_8309c3391744
2025-07-31 18:14:09,028 INFO  [DefaultSchemaResolver] (Thread-709) Retrieving schema content using string: {"type":"record","name":"myrecordconfluent","fields":[{"name":"key11753985647818","type":"string"}]}
2025-07-31 18:14:09,051 INFO  [io.api.tes.ser.api.KafkaSerdesTester] (Thread-709) Sending message {"key11753985647818": "value-1"} to topic topic-feeb6030_2075_459f_a5cd_8309c3391744
2025-07-31 18:14:09,053 INFO  [io.api.tes.ser.api.KafkaSerdesTester] (Thread-709) Sending message {"key11753985647818": "value-2"} to topic topic-feeb6030_2075_459f_a5cd_8309c3391744
2025-07-31 18:14:09,054 INFO  [io.api.tes.ser.api.KafkaSerdesTester] (Thread-709) Sending message {"key11753985647818": "value-3"} to topic topic-feeb6030_2075_459f_a5cd_8309c3391744
2025-07-31 18:14:09,056 INFO  [io.api.tes.ser.api.KafkaSerdesTester] (Thread-709) Sending message {"key11753985647818": "value-4"} to topic topic-feeb6030_2075_459f_a5cd_8309c3391744
2025-07-31 18:14:09,057 INFO  [io.api.tes.ser.api.KafkaSerdesTester] (Thread-709) Sending message {"key11753985647818": "value-5"} to topic topic-feeb6030_2075_459f_a5cd_8309c3391744
2025-07-31 18:14:09,058 INFO  [io.api.tes.ser.api.KafkaSerdesTester] (Thread-709) Sending message {"key11753985647818": "value-6"} to topic topic-feeb6030_2075_459f_a5cd_8309c3391744
2025-07-31 18:14:09,059 INFO  [io.api.tes.ser.api.KafkaSerdesTester] (Thread-709) Sending message {"key11753985647818": "value-7"} to topic topic-feeb6030_2075_459f_a5cd_8309c3391744
2025-07-31 18:14:09,060 INFO  [io.api.tes.ser.api.KafkaSerdesTester] (Thread-709) Sending message {"key11753985647818": "value-8"} to topic topic-feeb6030_2075_459f_a5cd_8309c3391744
2025-07-31 18:14:09,061 INFO  [io.api.tes.ser.api.KafkaSerdesTester] (Thread-709) Sending message {"key11753985647818": "value-9"} to topic topic-feeb6030_2075_459f_a5cd_8309c3391744
2025-07-31 18:14:09,063 INFO  [io.api.tes.ser.api.KafkaSerdesTester] (Thread-709) Produced 10 messages
2025-07-31 18:14:09,063 INFO  [org.apa.kaf.cli.pro.KafkaProducer] (Thread-709) [Producer clientId=Producer-topic-feeb6030_2075_459f_a5cd_8309c3391744] Closing the Kafka producer with timeoutMillis = 9223372036854775807 ms.
2025-07-31 18:14:09,066 INFO  [org.apa.kaf.com.met.Metrics] (Thread-709) Metrics scheduler closed
2025-07-31 18:14:09,066 INFO  [org.apa.kaf.com.met.Metrics] (Thread-709) Closing reporter org.apache.kafka.common.metrics.JmxReporter
2025-07-31 18:14:09,066 INFO  [org.apa.kaf.com.met.Metrics] (Thread-709) Closing reporter org.apache.kafka.common.telemetry.internals.ClientTelemetryReporter
2025-07-31 18:14:09,066 INFO  [org.apa.kaf.com.met.Metrics] (Thread-709) Metrics reporters closed
2025-07-31 18:14:09,067 INFO  [org.apa.kaf.com.uti.AppInfoParser] (Thread-709) App info kafka.producer for Producer-topic-feeb6030_2075_459f_a5cd_8309c3391744 unregistered
2025-07-31 18:14:09,067 INFO  [org.apa.kaf.cli.con.int.ClassicKafkaConsumer] (Thread-710) [Consumer clientId=consumer-Consumer-topic-141e410e_8cd9_42a8_8bd4_a2e5597d93e3-14, groupId=Consumer-topic-141e410e_8cd9_42a8_8bd4_a2e5597d93e3] Subscribed to topic(s): topic-141e410e_8cd9_42a8_8bd4_a2e5597d93e3
2025-07-31 18:14:09,073 INFO  [org.apa.kaf.cli.Metadata] (Thread-710) [Consumer clientId=consumer-Consumer-topic-141e410e_8cd9_42a8_8bd4_a2e5597d93e3-14, groupId=Consumer-topic-141e410e_8cd9_42a8_8bd4_a2e5597d93e3] Cluster ID: UuE4P2bBQU2_qF9DHmdGkA
2025-07-31 18:14:09,073 INFO  [org.apa.kaf.cli.con.int.ConsumerCoordinator] (Thread-710) [Consumer clientId=consumer-Consumer-topic-141e410e_8cd9_42a8_8bd4_a2e5597d93e3-14, groupId=Consumer-topic-141e410e_8cd9_42a8_8bd4_a2e5597d93e3] Discovered group coordinator localhost:32770 (id: 2147483647 rack: null)
2025-07-31 18:14:09,074 INFO  [org.apa.kaf.cli.con.int.ConsumerCoordinator] (Thread-710) [Consumer clientId=consumer-Consumer-topic-141e410e_8cd9_42a8_8bd4_a2e5597d93e3-14, groupId=Consumer-topic-141e410e_8cd9_42a8_8bd4_a2e5597d93e3] (Re-)joining group
2025-07-31 18:14:09,079 INFO  [org.apa.kaf.cli.con.int.ConsumerCoordinator] (Thread-710) [Consumer clientId=consumer-Consumer-topic-141e410e_8cd9_42a8_8bd4_a2e5597d93e3-14, groupId=Consumer-topic-141e410e_8cd9_42a8_8bd4_a2e5597d93e3] Request joining group due to: need to re-join with the given member-id: consumer-Consumer-topic-141e410e_8cd9_42a8_8bd4_a2e5597d93e3-14-5bdf2081-913e-45e4-b229-536e66cd0d8b
2025-07-31 18:14:09,079 INFO  [org.apa.kaf.cli.con.int.ConsumerCoordinator] (Thread-710) [Consumer clientId=consumer-Consumer-topic-141e410e_8cd9_42a8_8bd4_a2e5597d93e3-14, groupId=Consumer-topic-141e410e_8cd9_42a8_8bd4_a2e5597d93e3] (Re-)joining group
2025-07-31 18:14:09,082 INFO  [org.apa.kaf.cli.con.int.ConsumerCoordinator] (Thread-710) [Consumer clientId=consumer-Consumer-topic-141e410e_8cd9_42a8_8bd4_a2e5597d93e3-14, groupId=Consumer-topic-141e410e_8cd9_42a8_8bd4_a2e5597d93e3] Successfully joined group with generation Generation{generationId=1, memberId='consumer-Consumer-topic-141e410e_8cd9_42a8_8bd4_a2e5597d93e3-14-5bdf2081-913e-45e4-b229-536e66cd0d8b', protocol='range'}
2025-07-31 18:14:09,082 INFO  [org.apa.kaf.cli.con.int.ConsumerCoordinator] (Thread-710) [Consumer clientId=consumer-Consumer-topic-141e410e_8cd9_42a8_8bd4_a2e5597d93e3-14, groupId=Consumer-topic-141e410e_8cd9_42a8_8bd4_a2e5597d93e3] Finished assignment for group at generation 1: {consumer-Consumer-topic-141e410e_8cd9_42a8_8bd4_a2e5597d93e3-14-5bdf2081-913e-45e4-b229-536e66cd0d8b=Assignment(partitions=[topic-141e410e_8cd9_42a8_8bd4_a2e5597d93e3-0])}
2025-07-31 18:14:09,084 INFO  [org.apa.kaf.cli.con.int.ConsumerCoordinator] (Thread-710) [Consumer clientId=consumer-Consumer-topic-141e410e_8cd9_42a8_8bd4_a2e5597d93e3-14, groupId=Consumer-topic-141e410e_8cd9_42a8_8bd4_a2e5597d93e3] Successfully synced group in generation Generation{generationId=1, memberId='consumer-Consumer-topic-141e410e_8cd9_42a8_8bd4_a2e5597d93e3-14-5bdf2081-913e-45e4-b229-536e66cd0d8b', protocol='range'}
2025-07-31 18:14:09,084 INFO  [org.apa.kaf.cli.con.int.ConsumerCoordinator] (Thread-710) [Consumer clientId=consumer-Consumer-topic-141e410e_8cd9_42a8_8bd4_a2e5597d93e3-14, groupId=Consumer-topic-141e410e_8cd9_42a8_8bd4_a2e5597d93e3] Notifying assignor about the new Assignment(partitions=[topic-141e410e_8cd9_42a8_8bd4_a2e5597d93e3-0])
2025-07-31 18:14:09,084 INFO  [org.apa.kaf.cli.con.int.ConsumerRebalanceListenerInvoker] (Thread-710) [Consumer clientId=consumer-Consumer-topic-141e410e_8cd9_42a8_8bd4_a2e5597d93e3-14, groupId=Consumer-topic-141e410e_8cd9_42a8_8bd4_a2e5597d93e3] Adding newly assigned partitions: topic-141e410e_8cd9_42a8_8bd4_a2e5597d93e3-0
2025-07-31 18:14:09,085 INFO  [org.apa.kaf.cli.con.int.ConsumerCoordinator] (Thread-710) [Consumer clientId=consumer-Consumer-topic-141e410e_8cd9_42a8_8bd4_a2e5597d93e3-14, groupId=Consumer-topic-141e410e_8cd9_42a8_8bd4_a2e5597d93e3] Found no committed offset for partition topic-141e410e_8cd9_42a8_8bd4_a2e5597d93e3-0
2025-07-31 18:14:09,089 INFO  [org.apa.kaf.cli.con.int.SubscriptionState] (Thread-710) [Consumer clientId=consumer-Consumer-topic-141e410e_8cd9_42a8_8bd4_a2e5597d93e3-14, groupId=Consumer-topic-141e410e_8cd9_42a8_8bd4_a2e5597d93e3] Resetting offset for partition topic-141e410e_8cd9_42a8_8bd4_a2e5597d93e3-0 to position FetchPosition{offset=0, offsetEpoch=Optional.empty, currentLeader=LeaderAndEpoch{leader=Optional[localhost:32770 (id: 0 rack: null)], epoch=0}}.
2025-07-31 18:14:09,119 INFO  [io.api.tes.ser.api.KafkaSerdesTester] (Thread-710) topic-141e410e_8cd9_42a8_8bd4_a2e5597d93e3 0 0 {"key11753985647818": "value-0"}
2025-07-31 18:14:09,119 INFO  [io.api.tes.ser.api.KafkaSerdesTester] (Thread-710) topic-141e410e_8cd9_42a8_8bd4_a2e5597d93e3 0 1 {"key11753985647818": "value-1"}
2025-07-31 18:14:09,119 INFO  [io.api.tes.ser.api.KafkaSerdesTester] (Thread-710) topic-141e410e_8cd9_42a8_8bd4_a2e5597d93e3 0 2 {"key11753985647818": "value-2"}
2025-07-31 18:14:09,119 INFO  [io.api.tes.ser.api.KafkaSerdesTester] (Thread-710) topic-141e410e_8cd9_42a8_8bd4_a2e5597d93e3 0 3 {"key11753985647818": "value-3"}
2025-07-31 18:14:09,119 INFO  [io.api.tes.ser.api.KafkaSerdesTester] (Thread-710) topic-141e410e_8cd9_42a8_8bd4_a2e5597d93e3 0 4 {"key11753985647818": "value-4"}
2025-07-31 18:14:09,119 INFO  [io.api.tes.ser.api.KafkaSerdesTester] (Thread-710) topic-141e410e_8cd9_42a8_8bd4_a2e5597d93e3 0 5 {"key11753985647818": "value-5"}
2025-07-31 18:14:09,119 INFO  [io.api.tes.ser.api.KafkaSerdesTester] (Thread-710) topic-141e410e_8cd9_42a8_8bd4_a2e5597d93e3 0 6 {"key11753985647818": "value-6"}
2025-07-31 18:14:09,119 INFO  [io.api.tes.ser.api.KafkaSerdesTester] (Thread-710) topic-141e410e_8cd9_42a8_8bd4_a2e5597d93e3 0 7 {"key11753985647818": "value-7"}
2025-07-31 18:14:09,119 INFO  [io.api.tes.ser.api.KafkaSerdesTester] (Thread-710) topic-141e410e_8cd9_42a8_8bd4_a2e5597d93e3 0 8 {"key11753985647818": "value-8"}
2025-07-31 18:14:09,119 INFO  [io.api.tes.ser.api.KafkaSerdesTester] (Thread-710) topic-141e410e_8cd9_42a8_8bd4_a2e5597d93e3 0 9 {"key11753985647818": "value-9"}
2025-07-31 18:14:09,119 INFO  [io.api.tes.ser.api.KafkaSerdesTester] (Thread-710) Consumed 10 messages
2025-07-31 18:14:09,122 INFO  [org.apa.kaf.cli.con.int.ConsumerRebalanceListenerInvoker] (Thread-710) [Consumer clientId=consumer-Consumer-topic-141e410e_8cd9_42a8_8bd4_a2e5597d93e3-14, groupId=Consumer-topic-141e410e_8cd9_42a8_8bd4_a2e5597d93e3] Revoke previously assigned partitions topic-141e410e_8cd9_42a8_8bd4_a2e5597d93e3-0
2025-07-31 18:14:09,122 INFO  [org.apa.kaf.cli.con.int.ConsumerCoordinator] (Thread-710) [Consumer clientId=consumer-Consumer-topic-141e410e_8cd9_42a8_8bd4_a2e5597d93e3-14, groupId=Consumer-topic-141e410e_8cd9_42a8_8bd4_a2e5597d93e3] Member consumer-Consumer-topic-141e410e_8cd9_42a8_8bd4_a2e5597d93e3-14-5bdf2081-913e-45e4-b229-536e66cd0d8b sending LeaveGroup request to coordinator localhost:32770 (id: 2147483647 rack: null) due to the consumer is being closed
2025-07-31 18:14:09,122 INFO  [org.apa.kaf.cli.con.int.ConsumerCoordinator] (Thread-710) [Consumer clientId=consumer-Consumer-topic-141e410e_8cd9_42a8_8bd4_a2e5597d93e3-14, groupId=Consumer-topic-141e410e_8cd9_42a8_8bd4_a2e5597d93e3] Resetting generation and member id due to: consumer pro-actively leaving the group
2025-07-31 18:14:09,122 INFO  [org.apa.kaf.cli.con.int.ConsumerCoordinator] (Thread-710) [Consumer clientId=consumer-Consumer-topic-141e410e_8cd9_42a8_8bd4_a2e5597d93e3-14, groupId=Consumer-topic-141e410e_8cd9_42a8_8bd4_a2e5597d93e3] Request joining group due to: consumer pro-actively leaving the group
2025-07-31 18:14:09,622 INFO  [org.apa.kaf.com.met.Metrics] (Thread-710) Metrics scheduler closed
2025-07-31 18:14:09,622 INFO  [org.apa.kaf.com.met.Metrics] (Thread-710) Closing reporter org.apache.kafka.common.metrics.JmxReporter
2025-07-31 18:14:09,622 INFO  [org.apa.kaf.com.met.Metrics] (Thread-710) Closing reporter org.apache.kafka.common.telemetry.internals.ClientTelemetryReporter
2025-07-31 18:14:09,622 INFO  [org.apa.kaf.com.met.Metrics] (Thread-710) Metrics reporters closed
2025-07-31 18:14:09,624 INFO  [org.apa.kaf.com.uti.AppInfoParser] (Thread-710) App info kafka.consumer for consumer-Consumer-topic-141e410e_8cd9_42a8_8bd4_a2e5597d93e3-14 unregistered
2025-07-31 18:14:09,625 INFO  [org.apa.kaf.cli.con.int.ClassicKafkaConsumer] (Thread-711) [Consumer clientId=consumer-Consumer-topic-876eb601_84df_49b7_bc26_e007d394a873-15, groupId=Consumer-topic-876eb601_84df_49b7_bc26_e007d394a873] Subscribed to topic(s): topic-876eb601_84df_49b7_bc26_e007d394a873
2025-07-31 18:14:09,632 INFO  [org.apa.kaf.cli.Metadata] (Thread-711) [Consumer clientId=consumer-Consumer-topic-876eb601_84df_49b7_bc26_e007d394a873-15, groupId=Consumer-topic-876eb601_84df_49b7_bc26_e007d394a873] Cluster ID: UuE4P2bBQU2_qF9DHmdGkA
2025-07-31 18:14:09,633 INFO  [org.apa.kaf.cli.con.int.ConsumerCoordinator] (Thread-711) [Consumer clientId=consumer-Consumer-topic-876eb601_84df_49b7_bc26_e007d394a873-15, groupId=Consumer-topic-876eb601_84df_49b7_bc26_e007d394a873] Discovered group coordinator localhost:32770 (id: 2147483647 rack: null)
2025-07-31 18:14:09,634 INFO  [org.apa.kaf.cli.con.int.ConsumerCoordinator] (Thread-711) [Consumer clientId=consumer-Consumer-topic-876eb601_84df_49b7_bc26_e007d394a873-15, groupId=Consumer-topic-876eb601_84df_49b7_bc26_e007d394a873] (Re-)joining group
2025-07-31 18:14:09,637 INFO  [org.apa.kaf.cli.con.int.ConsumerCoordinator] (Thread-711) [Consumer clientId=consumer-Consumer-topic-876eb601_84df_49b7_bc26_e007d394a873-15, groupId=Consumer-topic-876eb601_84df_49b7_bc26_e007d394a873] Request joining group due to: need to re-join with the given member-id: consumer-Consumer-topic-876eb601_84df_49b7_bc26_e007d394a873-15-3726499b-9a5a-4777-8cb9-dc187f813c6c
2025-07-31 18:14:09,637 INFO  [org.apa.kaf.cli.con.int.ConsumerCoordinator] (Thread-711) [Consumer clientId=consumer-Consumer-topic-876eb601_84df_49b7_bc26_e007d394a873-15, groupId=Consumer-topic-876eb601_84df_49b7_bc26_e007d394a873] (Re-)joining group
2025-07-31 18:14:09,639 INFO  [org.apa.kaf.cli.con.int.ConsumerCoordinator] (Thread-711) [Consumer clientId=consumer-Consumer-topic-876eb601_84df_49b7_bc26_e007d394a873-15, groupId=Consumer-topic-876eb601_84df_49b7_bc26_e007d394a873] Successfully joined group with generation Generation{generationId=1, memberId='consumer-Consumer-topic-876eb601_84df_49b7_bc26_e007d394a873-15-3726499b-9a5a-4777-8cb9-dc187f813c6c', protocol='range'}
2025-07-31 18:14:09,640 INFO  [org.apa.kaf.cli.con.int.ConsumerCoordinator] (Thread-711) [Consumer clientId=consumer-Consumer-topic-876eb601_84df_49b7_bc26_e007d394a873-15, groupId=Consumer-topic-876eb601_84df_49b7_bc26_e007d394a873] Finished assignment for group at generation 1: {consumer-Consumer-topic-876eb601_84df_49b7_bc26_e007d394a873-15-3726499b-9a5a-4777-8cb9-dc187f813c6c=Assignment(partitions=[topic-876eb601_84df_49b7_bc26_e007d394a873-0])}
2025-07-31 18:14:09,642 INFO  [org.apa.kaf.cli.con.int.ConsumerCoordinator] (Thread-711) [Consumer clientId=consumer-Consumer-topic-876eb601_84df_49b7_bc26_e007d394a873-15, groupId=Consumer-topic-876eb601_84df_49b7_bc26_e007d394a873] Successfully synced group in generation Generation{generationId=1, memberId='consumer-Consumer-topic-876eb601_84df_49b7_bc26_e007d394a873-15-3726499b-9a5a-4777-8cb9-dc187f813c6c', protocol='range'}
2025-07-31 18:14:09,642 INFO  [org.apa.kaf.cli.con.int.ConsumerCoordinator] (Thread-711) [Consumer clientId=consumer-Consumer-topic-876eb601_84df_49b7_bc26_e007d394a873-15, groupId=Consumer-topic-876eb601_84df_49b7_bc26_e007d394a873] Notifying assignor about the new Assignment(partitions=[topic-876eb601_84df_49b7_bc26_e007d394a873-0])
2025-07-31 18:14:09,642 INFO  [org.apa.kaf.cli.con.int.ConsumerRebalanceListenerInvoker] (Thread-711) [Consumer clientId=consumer-Consumer-topic-876eb601_84df_49b7_bc26_e007d394a873-15, groupId=Consumer-topic-876eb601_84df_49b7_bc26_e007d394a873] Adding newly assigned partitions: topic-876eb601_84df_49b7_bc26_e007d394a873-0
2025-07-31 18:14:09,643 INFO  [org.apa.kaf.cli.con.int.ConsumerCoordinator] (Thread-711) [Consumer clientId=consumer-Consumer-topic-876eb601_84df_49b7_bc26_e007d394a873-15, groupId=Consumer-topic-876eb601_84df_49b7_bc26_e007d394a873] Found no committed offset for partition topic-876eb601_84df_49b7_bc26_e007d394a873-0
2025-07-31 18:14:09,646 INFO  [org.apa.kaf.cli.con.int.SubscriptionState] (Thread-711) [Consumer clientId=consumer-Consumer-topic-876eb601_84df_49b7_bc26_e007d394a873-15, groupId=Consumer-topic-876eb601_84df_49b7_bc26_e007d394a873] Resetting offset for partition topic-876eb601_84df_49b7_bc26_e007d394a873-0 to position FetchPosition{offset=0, offsetEpoch=Optional.empty, currentLeader=LeaderAndEpoch{leader=Optional[localhost:32770 (id: 0 rack: null)], epoch=0}}.
2025-07-31 18:14:09,673 INFO  [io.api.tes.ser.api.KafkaSerdesTester] (Thread-711) topic-876eb601_84df_49b7_bc26_e007d394a873 0 0 {"key11753985647818": "value-0"}
2025-07-31 18:14:09,673 INFO  [io.api.tes.ser.api.KafkaSerdesTester] (Thread-711) topic-876eb601_84df_49b7_bc26_e007d394a873 0 1 {"key11753985647818": "value-1"}
2025-07-31 18:14:09,673 INFO  [io.api.tes.ser.api.KafkaSerdesTester] (Thread-711) topic-876eb601_84df_49b7_bc26_e007d394a873 0 2 {"key11753985647818": "value-2"}
2025-07-31 18:14:09,673 INFO  [io.api.tes.ser.api.KafkaSerdesTester] (Thread-711) topic-876eb601_84df_49b7_bc26_e007d394a873 0 3 {"key11753985647818": "value-3"}
2025-07-31 18:14:09,673 INFO  [io.api.tes.ser.api.KafkaSerdesTester] (Thread-711) topic-876eb601_84df_49b7_bc26_e007d394a873 0 4 {"key11753985647818": "value-4"}
2025-07-31 18:14:09,674 INFO  [io.api.tes.ser.api.KafkaSerdesTester] (Thread-711) topic-876eb601_84df_49b7_bc26_e007d394a873 0 5 {"key11753985647818": "value-5"}
2025-07-31 18:14:09,674 INFO  [io.api.tes.ser.api.KafkaSerdesTester] (Thread-711) topic-876eb601_84df_49b7_bc26_e007d394a873 0 6 {"key11753985647818": "value-6"}
2025-07-31 18:14:09,674 INFO  [io.api.tes.ser.api.KafkaSerdesTester] (Thread-711) topic-876eb601_84df_49b7_bc26_e007d394a873 0 7 {"key11753985647818": "value-7"}
2025-07-31 18:14:09,674 INFO  [io.api.tes.ser.api.KafkaSerdesTester] (Thread-711) topic-876eb601_84df_49b7_bc26_e007d394a873 0 8 {"key11753985647818": "value-8"}
2025-07-31 18:14:09,674 INFO  [io.api.tes.ser.api.KafkaSerdesTester] (Thread-711) topic-876eb601_84df_49b7_bc26_e007d394a873 0 9 {"key11753985647818": "value-9"}
2025-07-31 18:14:09,674 INFO  [io.api.tes.ser.api.KafkaSerdesTester] (Thread-711) Consumed 10 messages
2025-07-31 18:14:09,676 INFO  [org.apa.kaf.cli.con.int.ConsumerRebalanceListenerInvoker] (Thread-711) [Consumer clientId=consumer-Consumer-topic-876eb601_84df_49b7_bc26_e007d394a873-15, groupId=Consumer-topic-876eb601_84df_49b7_bc26_e007d394a873] Revoke previously assigned partitions topic-876eb601_84df_49b7_bc26_e007d394a873-0
2025-07-31 18:14:09,676 INFO  [org.apa.kaf.cli.con.int.ConsumerCoordinator] (Thread-711) [Consumer clientId=consumer-Consumer-topic-876eb601_84df_49b7_bc26_e007d394a873-15, groupId=Consumer-topic-876eb601_84df_49b7_bc26_e007d394a873] Member consumer-Consumer-topic-876eb601_84df_49b7_bc26_e007d394a873-15-3726499b-9a5a-4777-8cb9-dc187f813c6c sending LeaveGroup request to coordinator localhost:32770 (id: 2147483647 rack: null) due to the consumer is being closed
2025-07-31 18:14:09,676 INFO  [org.apa.kaf.cli.con.int.ConsumerCoordinator] (Thread-711) [Consumer clientId=consumer-Consumer-topic-876eb601_84df_49b7_bc26_e007d394a873-15, groupId=Consumer-topic-876eb601_84df_49b7_bc26_e007d394a873] Resetting generation and member id due to: consumer pro-actively leaving the group
2025-07-31 18:14:09,676 INFO  [org.apa.kaf.cli.con.int.ConsumerCoordinator] (Thread-711) [Consumer clientId=consumer-Consumer-topic-876eb601_84df_49b7_bc26_e007d394a873-15, groupId=Consumer-topic-876eb601_84df_49b7_bc26_e007d394a873] Request joining group due to: consumer pro-actively leaving the group
2025-07-31 18:14:10,177 INFO  [org.apa.kaf.com.met.Metrics] (Thread-711) Metrics scheduler closed
2025-07-31 18:14:10,177 INFO  [org.apa.kaf.com.met.Metrics] (Thread-711) Closing reporter org.apache.kafka.common.metrics.JmxReporter
2025-07-31 18:14:10,177 INFO  [org.apa.kaf.com.met.Metrics] (Thread-711) Closing reporter org.apache.kafka.common.telemetry.internals.ClientTelemetryReporter
2025-07-31 18:14:10,178 INFO  [org.apa.kaf.com.met.Metrics] (Thread-711) Metrics reporters closed
2025-07-31 18:14:10,180 INFO  [org.apa.kaf.com.uti.AppInfoParser] (Thread-711) App info kafka.consumer for consumer-Consumer-topic-876eb601_84df_49b7_bc26_e007d394a873-15 unregistered
2025-07-31 18:14:10,181 INFO  [org.apa.kaf.cli.con.int.ClassicKafkaConsumer] (Thread-712) [Consumer clientId=consumer-Consumer-topic-feeb6030_2075_459f_a5cd_8309c3391744-16, groupId=Consumer-topic-feeb6030_2075_459f_a5cd_8309c3391744] Subscribed to topic(s): topic-feeb6030_2075_459f_a5cd_8309c3391744
2025-07-31 18:14:10,189 INFO  [org.apa.kaf.cli.Metadata] (Thread-712) [Consumer clientId=consumer-Consumer-topic-feeb6030_2075_459f_a5cd_8309c3391744-16, groupId=Consumer-topic-feeb6030_2075_459f_a5cd_8309c3391744] Cluster ID: UuE4P2bBQU2_qF9DHmdGkA
2025-07-31 18:14:10,189 INFO  [org.apa.kaf.cli.con.int.ConsumerCoordinator] (Thread-712) [Consumer clientId=consumer-Consumer-topic-feeb6030_2075_459f_a5cd_8309c3391744-16, groupId=Consumer-topic-feeb6030_2075_459f_a5cd_8309c3391744] Discovered group coordinator localhost:32770 (id: 2147483647 rack: null)
2025-07-31 18:14:10,190 INFO  [org.apa.kaf.cli.con.int.ConsumerCoordinator] (Thread-712) [Consumer clientId=consumer-Consumer-topic-feeb6030_2075_459f_a5cd_8309c3391744-16, groupId=Consumer-topic-feeb6030_2075_459f_a5cd_8309c3391744] (Re-)joining group
2025-07-31 18:14:10,192 INFO  [org.apa.kaf.cli.con.int.ConsumerCoordinator] (Thread-712) [Consumer clientId=consumer-Consumer-topic-feeb6030_2075_459f_a5cd_8309c3391744-16, groupId=Consumer-topic-feeb6030_2075_459f_a5cd_8309c3391744] Request joining group due to: need to re-join with the given member-id: consumer-Consumer-topic-feeb6030_2075_459f_a5cd_8309c3391744-16-adba6ff0-fbb9-44cb-9e7e-d6cfef5d0b68
2025-07-31 18:14:10,192 INFO  [org.apa.kaf.cli.con.int.ConsumerCoordinator] (Thread-712) [Consumer clientId=consumer-Consumer-topic-feeb6030_2075_459f_a5cd_8309c3391744-16, groupId=Consumer-topic-feeb6030_2075_459f_a5cd_8309c3391744] (Re-)joining group
2025-07-31 18:14:10,194 INFO  [org.apa.kaf.cli.con.int.ConsumerCoordinator] (Thread-712) [Consumer clientId=consumer-Consumer-topic-feeb6030_2075_459f_a5cd_8309c3391744-16, groupId=Consumer-topic-feeb6030_2075_459f_a5cd_8309c3391744] Successfully joined group with generation Generation{generationId=1, memberId='consumer-Consumer-topic-feeb6030_2075_459f_a5cd_8309c3391744-16-adba6ff0-fbb9-44cb-9e7e-d6cfef5d0b68', protocol='range'}
2025-07-31 18:14:10,194 INFO  [org.apa.kaf.cli.con.int.ConsumerCoordinator] (Thread-712) [Consumer clientId=consumer-Consumer-topic-feeb6030_2075_459f_a5cd_8309c3391744-16, groupId=Consumer-topic-feeb6030_2075_459f_a5cd_8309c3391744] Finished assignment for group at generation 1: {consumer-Consumer-topic-feeb6030_2075_459f_a5cd_8309c3391744-16-adba6ff0-fbb9-44cb-9e7e-d6cfef5d0b68=Assignment(partitions=[topic-feeb6030_2075_459f_a5cd_8309c3391744-0])}
2025-07-31 18:14:10,196 INFO  [org.apa.kaf.cli.con.int.ConsumerCoordinator] (Thread-712) [Consumer clientId=consumer-Consumer-topic-feeb6030_2075_459f_a5cd_8309c3391744-16, groupId=Consumer-topic-feeb6030_2075_459f_a5cd_8309c3391744] Successfully synced group in generation Generation{generationId=1, memberId='consumer-Consumer-topic-feeb6030_2075_459f_a5cd_8309c3391744-16-adba6ff0-fbb9-44cb-9e7e-d6cfef5d0b68', protocol='range'}
2025-07-31 18:14:10,196 INFO  [org.apa.kaf.cli.con.int.ConsumerCoordinator] (Thread-712) [Consumer clientId=consumer-Consumer-topic-feeb6030_2075_459f_a5cd_8309c3391744-16, groupId=Consumer-topic-feeb6030_2075_459f_a5cd_8309c3391744] Notifying assignor about the new Assignment(partitions=[topic-feeb6030_2075_459f_a5cd_8309c3391744-0])
2025-07-31 18:14:10,196 INFO  [org.apa.kaf.cli.con.int.ConsumerRebalanceListenerInvoker] (Thread-712) [Consumer clientId=consumer-Consumer-topic-feeb6030_2075_459f_a5cd_8309c3391744-16, groupId=Consumer-topic-feeb6030_2075_459f_a5cd_8309c3391744] Adding newly assigned partitions: topic-feeb6030_2075_459f_a5cd_8309c3391744-0
2025-07-31 18:14:10,197 INFO  [org.apa.kaf.cli.con.int.ConsumerCoordinator] (Thread-712) [Consumer clientId=consumer-Consumer-topic-feeb6030_2075_459f_a5cd_8309c3391744-16, groupId=Consumer-topic-feeb6030_2075_459f_a5cd_8309c3391744] Found no committed offset for partition topic-feeb6030_2075_459f_a5cd_8309c3391744-0
2025-07-31 18:14:10,200 INFO  [org.apa.kaf.cli.con.int.SubscriptionState] (Thread-712) [Consumer clientId=consumer-Consumer-topic-feeb6030_2075_459f_a5cd_8309c3391744-16, groupId=Consumer-topic-feeb6030_2075_459f_a5cd_8309c3391744] Resetting offset for partition topic-feeb6030_2075_459f_a5cd_8309c3391744-0 to position FetchPosition{offset=0, offsetEpoch=Optional.empty, currentLeader=LeaderAndEpoch{leader=Optional[localhost:32770 (id: 0 rack: null)], epoch=0}}.
2025-07-31 18:14:10,229 INFO  [io.api.tes.ser.api.KafkaSerdesTester] (Thread-712) topic-feeb6030_2075_459f_a5cd_8309c3391744 0 0 {"key11753985647818": "value-0"}
2025-07-31 18:14:10,229 INFO  [io.api.tes.ser.api.KafkaSerdesTester] (Thread-712) topic-feeb6030_2075_459f_a5cd_8309c3391744 0 1 {"key11753985647818": "value-1"}
2025-07-31 18:14:10,229 INFO  [io.api.tes.ser.api.KafkaSerdesTester] (Thread-712) topic-feeb6030_2075_459f_a5cd_8309c3391744 0 2 {"key11753985647818": "value-2"}
2025-07-31 18:14:10,229 INFO  [io.api.tes.ser.api.KafkaSerdesTester] (Thread-712) topic-feeb6030_2075_459f_a5cd_8309c3391744 0 3 {"key11753985647818": "value-3"}
2025-07-31 18:14:10,229 INFO  [io.api.tes.ser.api.KafkaSerdesTester] (Thread-712) topic-feeb6030_2075_459f_a5cd_8309c3391744 0 4 {"key11753985647818": "value-4"}
2025-07-31 18:14:10,229 INFO  [io.api.tes.ser.api.KafkaSerdesTester] (Thread-712) topic-feeb6030_2075_459f_a5cd_8309c3391744 0 5 {"key11753985647818": "value-5"}
2025-07-31 18:14:10,229 INFO  [io.api.tes.ser.api.KafkaSerdesTester] (Thread-712) topic-feeb6030_2075_459f_a5cd_8309c3391744 0 6 {"key11753985647818": "value-6"}
2025-07-31 18:14:10,229 INFO  [io.api.tes.ser.api.KafkaSerdesTester] (Thread-712) topic-feeb6030_2075_459f_a5cd_8309c3391744 0 7 {"key11753985647818": "value-7"}
2025-07-31 18:14:10,229 INFO  [io.api.tes.ser.api.KafkaSerdesTester] (Thread-712) topic-feeb6030_2075_459f_a5cd_8309c3391744 0 8 {"key11753985647818": "value-8"}
2025-07-31 18:14:10,229 INFO  [io.api.tes.ser.api.KafkaSerdesTester] (Thread-712) topic-feeb6030_2075_459f_a5cd_8309c3391744 0 9 {"key11753985647818": "value-9"}
2025-07-31 18:14:10,229 INFO  [io.api.tes.ser.api.KafkaSerdesTester] (Thread-712) Consumed 10 messages
2025-07-31 18:14:10,239 INFO  [org.apa.kaf.cli.con.int.ConsumerRebalanceListenerInvoker] (Thread-712) [Consumer clientId=consumer-Consumer-topic-feeb6030_2075_459f_a5cd_8309c3391744-16, groupId=Consumer-topic-feeb6030_2075_459f_a5cd_8309c3391744] Revoke previously assigned partitions topic-feeb6030_2075_459f_a5cd_8309c3391744-0
2025-07-31 18:14:10,239 INFO  [org.apa.kaf.cli.con.int.ConsumerCoordinator] (Thread-712) [Consumer clientId=consumer-Consumer-topic-feeb6030_2075_459f_a5cd_8309c3391744-16, groupId=Consumer-topic-feeb6030_2075_459f_a5cd_8309c3391744] Member consumer-Consumer-topic-feeb6030_2075_459f_a5cd_8309c3391744-16-adba6ff0-fbb9-44cb-9e7e-d6cfef5d0b68 sending LeaveGroup request to coordinator localhost:32770 (id: 2147483647 rack: null) due to the consumer is being closed
2025-07-31 18:14:10,239 INFO  [org.apa.kaf.cli.con.int.ConsumerCoordinator] (Thread-712) [Consumer clientId=consumer-Consumer-topic-feeb6030_2075_459f_a5cd_8309c3391744-16, groupId=Consumer-topic-feeb6030_2075_459f_a5cd_8309c3391744] Resetting generation and member id due to: consumer pro-actively leaving the group
2025-07-31 18:14:10,239 INFO  [org.apa.kaf.cli.con.int.ConsumerCoordinator] (Thread-712) [Consumer clientId=consumer-Consumer-topic-feeb6030_2075_459f_a5cd_8309c3391744-16, groupId=Consumer-topic-feeb6030_2075_459f_a5cd_8309c3391744] Request joining group due to: consumer pro-actively leaving the group
2025-07-31 18:14:10,734 INFO  [org.apa.kaf.com.met.Metrics] (Thread-712) Metrics scheduler closed
2025-07-31 18:14:10,734 INFO  [org.apa.kaf.com.met.Metrics] (Thread-712) Closing reporter org.apache.kafka.common.metrics.JmxReporter
2025-07-31 18:14:10,734 INFO  [org.apa.kaf.com.met.Metrics] (Thread-712) Closing reporter org.apache.kafka.common.telemetry.internals.ClientTelemetryReporter
2025-07-31 18:14:10,734 INFO  [org.apa.kaf.com.met.Metrics] (Thread-712) Metrics reporters closed
2025-07-31 18:14:10,737 INFO  [org.apa.kaf.com.uti.AppInfoParser] (Thread-712) App info kafka.consumer for consumer-Consumer-topic-feeb6030_2075_459f_a5cd_8309c3391744-16 unregistered
2025-07-31 18:14:10,737 INFO  [io.api.tes.uti.TestSeparator] (main) io.apicurio.tests.serdes.apicurio.AvroSerdeIT.testAvroConfluentForMultipleTopics-FINISHED
2025-07-31 18:14:10,737 INFO  [io.api.tes.uti.TestSeparator] (main) ############################################################################
Test passed: testAvroConfluentForMultipleTopics
]]></system-out>
  </testcase>
  <testcase name="testFirstRequestFailsRateLimited" classname="io.apicurio.tests.serdes.apicurio.AvroSerdeIT" time="1.105">
    <system-out><![CDATA[2025-07-31 18:14:10,743 INFO  [io.api.tes.uti.TestSeparator] (main) ############################################################################
2025-07-31 18:14:10,743 INFO  [io.api.tes.uti.TestSeparator] (main) io.apicurio.tests.serdes.apicurio.AvroSerdeIT.testFirstRequestFailsRateLimited-STARTED
2025-07-31 18:14:11,355 WARN  [org.ecl.jet.ser.AbstractConnector] (main) Acceptors should be <= availableProcessors: NetworkTrafficServerConnector@59889208{HTTP/1.1, (http/1.1, h2c)}{0.0.0.0:0} 
2025-07-31 18:14:11,458 INFO  [org.ecl.jet.ser.Server] (main) jetty-11.0.15; built: 2023-04-11T18:37:53.775Z; git: 5bc5e562c8d05c5862505aebe5cf83a61bdbcb96; jvm 17.0.16+8
2025-07-31 18:14:11,482 INFO  [org.ecl.jet.ser.han.ContextHandler] (main) Started o.e.j.s.ServletContextHandler@4da86d09{/__admin,null,AVAILABLE}
2025-07-31 18:14:11,491 INFO  [org.ecl.jet.ser.han.Con.ROOT] (main) RequestHandlerClass from context returned com.github.tomakehurst.wiremock.http.StubRequestHandler. Normalized mapped under returned 'null'
2025-07-31 18:14:11,492 INFO  [org.ecl.jet.ser.han.ContextHandler] (main) Started o.e.j.s.ServletContextHandler@426786ee{/,null,AVAILABLE}
2025-07-31 18:14:11,498 INFO  [org.ecl.jet.ser.AbstractConnector] (main) Started NetworkTrafficServerConnector@59889208{HTTP/1.1, (http/1.1, h2c)}{0.0.0.0:44305}
2025-07-31 18:14:11,501 INFO  [org.ecl.jet.ser.Server] (main) Started Server@6022a4c4{STARTING}[11.0.15,sto=1000] @56559ms
**** Registry Base URL: http://registry-app-postgresql.apps.ci419.apicurio-testing.org:80
2025-07-31 18:14:11,512 INFO  [org.apa.kaf.cli.pro.ProducerConfig] (main) ProducerConfig values: 
	acks = -1
	auto.include.jmx.reporter = true
	batch.size = 16384
	bootstrap.servers = [PLAINTEXT://localhost:32770]
	buffer.memory = 33554432
	client.dns.lookup = use_all_dns_ips
	client.id = Producer-topic-440958b1_2640_4257_b18f_2671858b603c
	compression.gzip.level = -1
	compression.lz4.level = 9
	compression.type = none
	compression.zstd.level = 3
	connections.max.idle.ms = 10000
	delivery.timeout.ms = 120000
	enable.idempotence = true
	enable.metrics.push = true
	interceptor.classes = []
	key.serializer = class org.apache.kafka.common.serialization.StringSerializer
	linger.ms = 0
	max.block.ms = 60000
	max.in.flight.requests.per.connection = 5
	max.request.size = 1048576
	metadata.max.age.ms = 300000
	metadata.max.idle.ms = 300000
	metadata.recovery.strategy = none
	metric.reporters = []
	metrics.num.samples = 2
	metrics.recording.level = INFO
	metrics.sample.window.ms = 30000
	partitioner.adaptive.partitioning.enable = true
	partitioner.availability.timeout.ms = 0
	partitioner.class = null
	partitioner.ignore.keys = false
	receive.buffer.bytes = 32768
	reconnect.backoff.max.ms = 1000
	reconnect.backoff.ms = 50
	request.timeout.ms = 5000
	retries = 2147483647
	retry.backoff.max.ms = 1000
	retry.backoff.ms = 100
	sasl.client.callback.handler.class = null
	sasl.jaas.config = null
	sasl.kerberos.kinit.cmd = /usr/bin/kinit
	sasl.kerberos.min.time.before.relogin = 60000
	sasl.kerberos.service.name = null
	sasl.kerberos.ticket.renew.jitter = 0.05
	sasl.kerberos.ticket.renew.window.factor = 0.8
	sasl.login.callback.handler.class = null
	sasl.login.class = null
	sasl.login.connect.timeout.ms = null
	sasl.login.read.timeout.ms = null
	sasl.login.refresh.buffer.seconds = 300
	sasl.login.refresh.min.period.seconds = 60
	sasl.login.refresh.window.factor = 0.8
	sasl.login.refresh.window.jitter = 0.05
	sasl.login.retry.backoff.max.ms = 10000
	sasl.login.retry.backoff.ms = 100
	sasl.mechanism = GSSAPI
	sasl.oauthbearer.clock.skew.seconds = 30
	sasl.oauthbearer.expected.audience = null
	sasl.oauthbearer.expected.issuer = null
	sasl.oauthbearer.header.urlencode = false
	sasl.oauthbearer.jwks.endpoint.refresh.ms = 3600000
	sasl.oauthbearer.jwks.endpoint.retry.backoff.max.ms = 10000
	sasl.oauthbearer.jwks.endpoint.retry.backoff.ms = 100
	sasl.oauthbearer.jwks.endpoint.url = null
	sasl.oauthbearer.scope.claim.name = scope
	sasl.oauthbearer.sub.claim.name = sub
	sasl.oauthbearer.token.endpoint.url = null
	security.protocol = PLAINTEXT
	security.providers = null
	send.buffer.bytes = 131072
	socket.connection.setup.timeout.max.ms = 30000
	socket.connection.setup.timeout.ms = 10000
	ssl.cipher.suites = null
	ssl.enabled.protocols = [TLSv1.2, TLSv1.3]
	ssl.endpoint.identification.algorithm = https
	ssl.engine.factory.class = null
	ssl.key.password = null
	ssl.keymanager.algorithm = SunX509
	ssl.keystore.certificate.chain = null
	ssl.keystore.key = null
	ssl.keystore.location = null
	ssl.keystore.password = null
	ssl.keystore.type = JKS
	ssl.protocol = TLSv1.3
	ssl.provider = null
	ssl.secure.random.implementation = null
	ssl.trustmanager.algorithm = PKIX
	ssl.truststore.certificates = null
	ssl.truststore.location = null
	ssl.truststore.password = null
	ssl.truststore.type = JKS
	transaction.timeout.ms = 60000
	transactional.id = null
	value.serializer = class io.apicurio.registry.serde.avro.AvroKafkaSerializer

2025-07-31 18:14:11,514 INFO  [org.apa.kaf.com.tel.int.KafkaMetricsCollector] (main) initializing Kafka metrics collector
2025-07-31 18:14:11,522 INFO  [org.apa.kaf.cli.pro.KafkaProducer] (main) [Producer clientId=Producer-topic-440958b1_2640_4257_b18f_2671858b603c] Instantiated an idempotent producer.
2025-07-31 18:14:11,529 INFO  [org.apa.kaf.cli.pro.ProducerConfig] (main) These configurations '[apicurio.registry.url, apicurio.registry.artifact-resolver-strategy]' were supplied but are not used yet.
2025-07-31 18:14:11,531 INFO  [org.apa.kaf.com.uti.AppInfoParser] (main) Kafka version: 3.9.1
2025-07-31 18:14:11,531 INFO  [org.apa.kaf.com.uti.AppInfoParser] (main) Kafka commitId: f745dfdcee2b9851
2025-07-31 18:14:11,531 INFO  [org.apa.kaf.com.uti.AppInfoParser] (main) Kafka startTimeMs: 1753985651531
2025-07-31 18:14:11,534 INFO  [io.api.tes.ser.api.KafkaSerdesTester] (Thread-723) Sending message {"keyB": "value-0"} to topic topic-440958b1_2640_4257_b18f_2671858b603c
2025-07-31 18:14:11,550 WARN  [org.apa.kaf.cli.NetworkClient] (kafka-producer-network-thread | Producer-topic-440958b1_2640_4257_b18f_2671858b603c) [Producer clientId=Producer-topic-440958b1_2640_4257_b18f_2671858b603c] The metadata response from the cluster reported a recoverable issue with correlation id 2 : {topic-440958b1_2640_4257_b18f_2671858b603c=LEADER_NOT_AVAILABLE}
2025-07-31 18:14:11,550 INFO  [org.apa.kaf.cli.Metadata] (kafka-producer-network-thread | Producer-topic-440958b1_2640_4257_b18f_2671858b603c) [Producer clientId=Producer-topic-440958b1_2640_4257_b18f_2671858b603c] Cluster ID: UuE4P2bBQU2_qF9DHmdGkA
2025-07-31 18:14:11,552 INFO  [org.apa.kaf.cli.pro.int.TransactionManager] (kafka-producer-network-thread | Producer-topic-440958b1_2640_4257_b18f_2671858b603c) [Producer clientId=Producer-topic-440958b1_2640_4257_b18f_2671858b603c] ProducerId set to 22 with epoch 0
2025-07-31 18:14:11,667 INFO  [DefaultSchemaResolver] (Thread-723) Retrieving schema content using string: {"type":"record","name":"myrecord","namespace":"mygroup","fields":[{"name":"keyB","type":"string"}]}
2025-07-31 18:14:11,827 INFO  [org.apa.kaf.cli.pro.KafkaProducer] (Thread-723) [Producer clientId=Producer-topic-440958b1_2640_4257_b18f_2671858b603c] Closing the Kafka producer with timeoutMillis = 9223372036854775807 ms.
2025-07-31 18:14:11,832 INFO  [org.apa.kaf.com.met.Metrics] (Thread-723) Metrics scheduler closed
2025-07-31 18:14:11,832 INFO  [org.apa.kaf.com.met.Metrics] (Thread-723) Closing reporter org.apache.kafka.common.metrics.JmxReporter
2025-07-31 18:14:11,832 INFO  [org.apa.kaf.com.met.Metrics] (Thread-723) Closing reporter org.apache.kafka.common.telemetry.internals.ClientTelemetryReporter
2025-07-31 18:14:11,832 INFO  [org.apa.kaf.com.met.Metrics] (Thread-723) Metrics reporters closed
2025-07-31 18:14:11,835 INFO  [org.apa.kaf.com.uti.AppInfoParser] (Thread-723) App info kafka.producer for Producer-topic-440958b1_2640_4257_b18f_2671858b603c unregistered
2025-07-31 18:14:11,836 INFO  [org.ecl.jet.ser.Server] (main) Stopped Server@6022a4c4{STOPPING}[11.0.15,sto=1000]
2025-07-31 18:14:11,836 INFO  [org.ecl.jet.ser.Server] (main) Shutdown Server@6022a4c4{STOPPING}[11.0.15,sto=1000]
2025-07-31 18:14:11,839 INFO  [org.ecl.jet.ser.AbstractConnector] (main) Stopped NetworkTrafficServerConnector@59889208{HTTP/1.1, (http/1.1, h2c)}{0.0.0.0:0}
2025-07-31 18:14:11,841 INFO  [org.ecl.jet.ser.han.ContextHandler] (main) Stopped o.e.j.s.ServletContextHandler@426786ee{/,null,STOPPED}
2025-07-31 18:14:11,841 INFO  [org.ecl.jet.ser.han.ContextHandler] (main) Stopped o.e.j.s.ServletContextHandler@4da86d09{/__admin,null,STOPPED}
2025-07-31 18:14:11,845 INFO  [io.api.tes.uti.TestSeparator] (main) io.apicurio.tests.serdes.apicurio.AvroSerdeIT.testFirstRequestFailsRateLimited-FINISHED
2025-07-31 18:14:11,845 INFO  [io.api.tes.uti.TestSeparator] (main) ############################################################################
Test passed: testFirstRequestFailsRateLimited
]]></system-out>
    <system-err><![CDATA[com.microsoft.kiota.ApiException: the server returned an unexpected status code and no error class is registered for this code 429
	at com.microsoft.kiota.ApiExceptionBuilder.withMessage(ApiExceptionBuilder.java:45)
	at io.kiota.http.vertx.VertXRequestAdapter.throwIfFailedResponse(VertXRequestAdapter.java:370)
	at io.kiota.http.vertx.VertXRequestAdapter.send(VertXRequestAdapter.java:170)
	at io.apicurio.registry.rest.client.search.versions.VersionsRequestBuilder.post(VersionsRequestBuilder.java:94)
	at io.apicurio.registry.resolver.client.RegistryClientFacadeImpl.searchVersionsByContent(RegistryClientFacadeImpl.java:104)
	at io.apicurio.registry.resolver.DefaultSchemaResolver.lambda$handleResolveSchemaByContent$3(DefaultSchemaResolver.java:258)
	at io.apicurio.registry.resolver.cache.ERCache.lambda$getValue$0(ERCache.java:174)
	at io.apicurio.registry.resolver.cache.ERCache.retry(ERCache.java:227)
	at io.apicurio.registry.resolver.cache.ERCache.getValue(ERCache.java:173)
	at io.apicurio.registry.resolver.cache.ERCache.getByContent(ERCache.java:147)
	at io.apicurio.registry.resolver.DefaultSchemaResolver.handleResolveSchemaByContent(DefaultSchemaResolver.java:253)
	at io.apicurio.registry.resolver.DefaultSchemaResolver.getSchemaFromRegistry(DefaultSchemaResolver.java:138)
	at io.apicurio.registry.resolver.DefaultSchemaResolver.lambda$resolveSchema$0(DefaultSchemaResolver.java:84)
	at java.base/java.util.Optional.orElseGet(Optional.java:364)
	at io.apicurio.registry.resolver.DefaultSchemaResolver.resolveSchema(DefaultSchemaResolver.java:84)
	at io.apicurio.registry.serde.AbstractSerializer.serializeData(AbstractSerializer.java:62)
	at io.apicurio.registry.serde.KafkaSerializer.serialize(KafkaSerializer.java:77)
	at org.apache.kafka.clients.producer.KafkaProducer.doSend(KafkaProducer.java:1046)
	at org.apache.kafka.clients.producer.KafkaProducer.send(KafkaProducer.java:993)
	at org.apache.kafka.clients.producer.KafkaProducer.send(KafkaProducer.java:875)
	at io.apicurio.tests.serdes.apicurio.KafkaSerdesTester.lambda$produceMessages$3(KafkaSerdesTester.java:138)
	at java.base/java.util.concurrent.CompletableFuture$AsyncSupply.run(CompletableFuture.java:1768)
	at java.base/java.lang.Thread.run(Thread.java:840)
]]></system-err>
  </testcase>
  <testcase name="testFirstEmptyFieldConfusedAsMagicByte" classname="io.apicurio.tests.serdes.apicurio.AvroSerdeIT" time="0.8">
    <system-out><![CDATA[2025-07-31 18:14:11,849 INFO  [io.api.tes.uti.TestSeparator] (main) ############################################################################
2025-07-31 18:14:11,849 INFO  [io.api.tes.uti.TestSeparator] (main) io.apicurio.tests.serdes.apicurio.AvroSerdeIT.testFirstEmptyFieldConfusedAsMagicByte-STARTED
**** Registry Base URL: http://registry-app-postgresql.apps.ci419.apicurio-testing.org:80
2025-07-31 18:14:11,853 INFO  [org.apa.kaf.cli.pro.ProducerConfig] (main) ProducerConfig values: 
	acks = -1
	auto.include.jmx.reporter = true
	batch.size = 16384
	bootstrap.servers = [PLAINTEXT://localhost:32770]
	buffer.memory = 33554432
	client.dns.lookup = use_all_dns_ips
	client.id = Producer-topic-03e44240_7d12_4a0d_b84a_cd0f2d569fa8
	compression.gzip.level = -1
	compression.lz4.level = 9
	compression.type = none
	compression.zstd.level = 3
	connections.max.idle.ms = 10000
	delivery.timeout.ms = 120000
	enable.idempotence = true
	enable.metrics.push = true
	interceptor.classes = []
	key.serializer = class org.apache.kafka.common.serialization.StringSerializer
	linger.ms = 0
	max.block.ms = 60000
	max.in.flight.requests.per.connection = 5
	max.request.size = 1048576
	metadata.max.age.ms = 300000
	metadata.max.idle.ms = 300000
	metadata.recovery.strategy = none
	metric.reporters = []
	metrics.num.samples = 2
	metrics.recording.level = INFO
	metrics.sample.window.ms = 30000
	partitioner.adaptive.partitioning.enable = true
	partitioner.availability.timeout.ms = 0
	partitioner.class = null
	partitioner.ignore.keys = false
	receive.buffer.bytes = 32768
	reconnect.backoff.max.ms = 1000
	reconnect.backoff.ms = 50
	request.timeout.ms = 5000
	retries = 2147483647
	retry.backoff.max.ms = 1000
	retry.backoff.ms = 100
	sasl.client.callback.handler.class = null
	sasl.jaas.config = null
	sasl.kerberos.kinit.cmd = /usr/bin/kinit
	sasl.kerberos.min.time.before.relogin = 60000
	sasl.kerberos.service.name = null
	sasl.kerberos.ticket.renew.jitter = 0.05
	sasl.kerberos.ticket.renew.window.factor = 0.8
	sasl.login.callback.handler.class = null
	sasl.login.class = null
	sasl.login.connect.timeout.ms = null
	sasl.login.read.timeout.ms = null
	sasl.login.refresh.buffer.seconds = 300
	sasl.login.refresh.min.period.seconds = 60
	sasl.login.refresh.window.factor = 0.8
	sasl.login.refresh.window.jitter = 0.05
	sasl.login.retry.backoff.max.ms = 10000
	sasl.login.retry.backoff.ms = 100
	sasl.mechanism = GSSAPI
	sasl.oauthbearer.clock.skew.seconds = 30
	sasl.oauthbearer.expected.audience = null
	sasl.oauthbearer.expected.issuer = null
	sasl.oauthbearer.header.urlencode = false
	sasl.oauthbearer.jwks.endpoint.refresh.ms = 3600000
	sasl.oauthbearer.jwks.endpoint.retry.backoff.max.ms = 10000
	sasl.oauthbearer.jwks.endpoint.retry.backoff.ms = 100
	sasl.oauthbearer.jwks.endpoint.url = null
	sasl.oauthbearer.scope.claim.name = scope
	sasl.oauthbearer.sub.claim.name = sub
	sasl.oauthbearer.token.endpoint.url = null
	security.protocol = PLAINTEXT
	security.providers = null
	send.buffer.bytes = 131072
	socket.connection.setup.timeout.max.ms = 30000
	socket.connection.setup.timeout.ms = 10000
	ssl.cipher.suites = null
	ssl.enabled.protocols = [TLSv1.2, TLSv1.3]
	ssl.endpoint.identification.algorithm = https
	ssl.engine.factory.class = null
	ssl.key.password = null
	ssl.keymanager.algorithm = SunX509
	ssl.keystore.certificate.chain = null
	ssl.keystore.key = null
	ssl.keystore.location = null
	ssl.keystore.password = null
	ssl.keystore.type = JKS
	ssl.protocol = TLSv1.3
	ssl.provider = null
	ssl.secure.random.implementation = null
	ssl.trustmanager.algorithm = PKIX
	ssl.truststore.certificates = null
	ssl.truststore.location = null
	ssl.truststore.password = null
	ssl.truststore.type = JKS
	transaction.timeout.ms = 60000
	transactional.id = null
	value.serializer = class io.apicurio.registry.serde.avro.AvroKafkaSerializer

2025-07-31 18:14:11,853 INFO  [org.apa.kaf.com.tel.int.KafkaMetricsCollector] (main) initializing Kafka metrics collector
2025-07-31 18:14:11,857 INFO  [org.apa.kaf.cli.pro.KafkaProducer] (main) [Producer clientId=Producer-topic-03e44240_7d12_4a0d_b84a_cd0f2d569fa8] Instantiated an idempotent producer.
2025-07-31 18:14:11,859 INFO  [org.apa.kaf.cli.pro.ProducerConfig] (main) These configurations '[apicurio.registry.url, apicurio.registry.auto-register, apicurio.registry.artifact-resolver-strategy]' were supplied but are not used yet.
2025-07-31 18:14:11,859 INFO  [org.apa.kaf.com.uti.AppInfoParser] (main) Kafka version: 3.9.1
2025-07-31 18:14:11,859 INFO  [org.apa.kaf.com.uti.AppInfoParser] (main) Kafka commitId: f745dfdcee2b9851
2025-07-31 18:14:11,859 INFO  [org.apa.kaf.com.uti.AppInfoParser] (main) Kafka startTimeMs: 1753985651859
2025-07-31 18:14:11,861 INFO  [io.api.tes.ser.api.SimpleSerdesTesterBuilder$SimpleSerdesTester] (main) Using producer configuration: {apicurio.registry.url=http://registry-app-postgresql.apps.ci419.apicurio-testing.org:80/apis/registry/v3, apicurio.registry.auto-register=true, apicurio.registry.artifact-resolver-strategy=io.apicurio.registry.serde.strategy.SimpleTopicIdStrategy, value.serializer=io.apicurio.registry.serde.avro.AvroKafkaSerializer, request.timeout.ms=5000, acks=all, bootstrap.servers=PLAINTEXT://localhost:32770, connections.max.idle.ms=10000, key.serializer=org.apache.kafka.common.serialization.StringSerializer, client.id=Producer-topic-03e44240_7d12_4a0d_b84a_cd0f2d569fa8}
2025-07-31 18:14:11,861 INFO  [io.api.tes.ser.api.SimpleSerdesTesterBuilder$SimpleSerdesTester] (main) Using consumer configuration: {}
2025-07-31 18:14:11,861 INFO  [io.api.tes.ser.api.KafkaSerdesTester] (Thread-726) Sending message {"username": null} to topic topic-03e44240_7d12_4a0d_b84a_cd0f2d569fa8
2025-07-31 18:14:11,880 WARN  [org.apa.kaf.cli.NetworkClient] (kafka-producer-network-thread | Producer-topic-03e44240_7d12_4a0d_b84a_cd0f2d569fa8) [Producer clientId=Producer-topic-03e44240_7d12_4a0d_b84a_cd0f2d569fa8] The metadata response from the cluster reported a recoverable issue with correlation id 2 : {topic-03e44240_7d12_4a0d_b84a_cd0f2d569fa8=LEADER_NOT_AVAILABLE}
2025-07-31 18:14:11,880 INFO  [org.apa.kaf.cli.Metadata] (kafka-producer-network-thread | Producer-topic-03e44240_7d12_4a0d_b84a_cd0f2d569fa8) [Producer clientId=Producer-topic-03e44240_7d12_4a0d_b84a_cd0f2d569fa8] Cluster ID: UuE4P2bBQU2_qF9DHmdGkA
2025-07-31 18:14:11,882 INFO  [org.apa.kaf.cli.pro.int.TransactionManager] (kafka-producer-network-thread | Producer-topic-03e44240_7d12_4a0d_b84a_cd0f2d569fa8) [Producer clientId=Producer-topic-03e44240_7d12_4a0d_b84a_cd0f2d569fa8] ProducerId set to 23 with epoch 0
2025-07-31 18:14:12,035 INFO  [io.api.tes.ser.api.KafkaSerdesTester] (Thread-726) Sending message {"username": null} to topic topic-03e44240_7d12_4a0d_b84a_cd0f2d569fa8
2025-07-31 18:14:12,038 INFO  [io.api.tes.ser.api.KafkaSerdesTester] (Thread-726) Sending message {"username": "value-2"} to topic topic-03e44240_7d12_4a0d_b84a_cd0f2d569fa8
2025-07-31 18:14:12,039 INFO  [io.api.tes.ser.api.KafkaSerdesTester] (Thread-726) Sending message {"username": null} to topic topic-03e44240_7d12_4a0d_b84a_cd0f2d569fa8
2025-07-31 18:14:12,042 INFO  [io.api.tes.ser.api.KafkaSerdesTester] (Thread-726) Sending message {"username": "value-4"} to topic topic-03e44240_7d12_4a0d_b84a_cd0f2d569fa8
2025-07-31 18:14:12,044 INFO  [io.api.tes.ser.api.KafkaSerdesTester] (Thread-726) Sending message {"username": null} to topic topic-03e44240_7d12_4a0d_b84a_cd0f2d569fa8
2025-07-31 18:14:12,046 INFO  [io.api.tes.ser.api.KafkaSerdesTester] (Thread-726) Sending message {"username": "value-6"} to topic topic-03e44240_7d12_4a0d_b84a_cd0f2d569fa8
2025-07-31 18:14:12,048 INFO  [io.api.tes.ser.api.KafkaSerdesTester] (Thread-726) Sending message {"username": null} to topic topic-03e44240_7d12_4a0d_b84a_cd0f2d569fa8
2025-07-31 18:14:12,050 INFO  [io.api.tes.ser.api.KafkaSerdesTester] (Thread-726) Sending message {"username": "value-8"} to topic topic-03e44240_7d12_4a0d_b84a_cd0f2d569fa8
2025-07-31 18:14:12,052 INFO  [io.api.tes.ser.api.KafkaSerdesTester] (Thread-726) Sending message {"username": null} to topic topic-03e44240_7d12_4a0d_b84a_cd0f2d569fa8
2025-07-31 18:14:12,053 INFO  [io.api.tes.ser.api.KafkaSerdesTester] (Thread-726) Produced 10 messages
2025-07-31 18:14:12,053 INFO  [org.apa.kaf.cli.pro.KafkaProducer] (Thread-726) [Producer clientId=Producer-topic-03e44240_7d12_4a0d_b84a_cd0f2d569fa8] Closing the Kafka producer with timeoutMillis = 9223372036854775807 ms.
2025-07-31 18:14:12,056 INFO  [org.apa.kaf.com.met.Metrics] (Thread-726) Metrics scheduler closed
2025-07-31 18:14:12,056 INFO  [org.apa.kaf.com.met.Metrics] (Thread-726) Closing reporter org.apache.kafka.common.metrics.JmxReporter
2025-07-31 18:14:12,056 INFO  [org.apa.kaf.com.met.Metrics] (Thread-726) Closing reporter org.apache.kafka.common.telemetry.internals.ClientTelemetryReporter
2025-07-31 18:14:12,056 INFO  [org.apa.kaf.com.met.Metrics] (Thread-726) Metrics reporters closed
2025-07-31 18:14:12,056 INFO  [org.apa.kaf.com.uti.AppInfoParser] (Thread-726) App info kafka.producer for Producer-topic-03e44240_7d12_4a0d_b84a_cd0f2d569fa8 unregistered
**** Registry Base URL: http://registry-app-postgresql.apps.ci419.apicurio-testing.org:80
2025-07-31 18:14:12,082 INFO  [org.apa.kaf.cli.con.ConsumerConfig] (main) ConsumerConfig values: 
	allow.auto.create.topics = true
	auto.commit.interval.ms = 500
	auto.include.jmx.reporter = true
	auto.offset.reset = earliest
	bootstrap.servers = [PLAINTEXT://localhost:32770]
	check.crcs = true
	client.dns.lookup = use_all_dns_ips
	client.id = consumer-Consumer-topic-03e44240_7d12_4a0d_b84a_cd0f2d569fa8-17
	client.rack = 
	connections.max.idle.ms = 10000
	default.api.timeout.ms = 60000
	enable.auto.commit = true
	enable.metrics.push = true
	exclude.internal.topics = true
	fetch.max.bytes = 52428800
	fetch.max.wait.ms = 500
	fetch.min.bytes = 1
	group.id = Consumer-topic-03e44240_7d12_4a0d_b84a_cd0f2d569fa8
	group.instance.id = null
	group.protocol = classic
	group.remote.assignor = null
	heartbeat.interval.ms = 3000
	interceptor.classes = []
	internal.leave.group.on.close = true
	internal.throw.on.fetch.stable.offset.unsupported = false
	isolation.level = read_uncommitted
	key.deserializer = class org.apache.kafka.common.serialization.StringDeserializer
	max.partition.fetch.bytes = 1048576
	max.poll.interval.ms = 300000
	max.poll.records = 500
	metadata.max.age.ms = 300000
	metadata.recovery.strategy = none
	metric.reporters = []
	metrics.num.samples = 2
	metrics.recording.level = INFO
	metrics.sample.window.ms = 30000
	partition.assignment.strategy = [class org.apache.kafka.clients.consumer.RangeAssignor, class org.apache.kafka.clients.consumer.CooperativeStickyAssignor]
	receive.buffer.bytes = 65536
	reconnect.backoff.max.ms = 1000
	reconnect.backoff.ms = 50
	request.timeout.ms = 5000
	retry.backoff.max.ms = 1000
	retry.backoff.ms = 100
	sasl.client.callback.handler.class = null
	sasl.jaas.config = null
	sasl.kerberos.kinit.cmd = /usr/bin/kinit
	sasl.kerberos.min.time.before.relogin = 60000
	sasl.kerberos.service.name = null
	sasl.kerberos.ticket.renew.jitter = 0.05
	sasl.kerberos.ticket.renew.window.factor = 0.8
	sasl.login.callback.handler.class = null
	sasl.login.class = null
	sasl.login.connect.timeout.ms = null
	sasl.login.read.timeout.ms = null
	sasl.login.refresh.buffer.seconds = 300
	sasl.login.refresh.min.period.seconds = 60
	sasl.login.refresh.window.factor = 0.8
	sasl.login.refresh.window.jitter = 0.05
	sasl.login.retry.backoff.max.ms = 10000
	sasl.login.retry.backoff.ms = 100
	sasl.mechanism = GSSAPI
	sasl.oauthbearer.clock.skew.seconds = 30
	sasl.oauthbearer.expected.audience = null
	sasl.oauthbearer.expected.issuer = null
	sasl.oauthbearer.header.urlencode = false
	sasl.oauthbearer.jwks.endpoint.refresh.ms = 3600000
	sasl.oauthbearer.jwks.endpoint.retry.backoff.max.ms = 10000
	sasl.oauthbearer.jwks.endpoint.retry.backoff.ms = 100
	sasl.oauthbearer.jwks.endpoint.url = null
	sasl.oauthbearer.scope.claim.name = scope
	sasl.oauthbearer.sub.claim.name = sub
	sasl.oauthbearer.token.endpoint.url = null
	security.protocol = PLAINTEXT
	security.providers = null
	send.buffer.bytes = 131072
	session.timeout.ms = 45000
	socket.connection.setup.timeout.max.ms = 30000
	socket.connection.setup.timeout.ms = 10000
	ssl.cipher.suites = null
	ssl.enabled.protocols = [TLSv1.2, TLSv1.3]
	ssl.endpoint.identification.algorithm = https
	ssl.engine.factory.class = null
	ssl.key.password = null
	ssl.keymanager.algorithm = SunX509
	ssl.keystore.certificate.chain = null
	ssl.keystore.key = null
	ssl.keystore.location = null
	ssl.keystore.password = null
	ssl.keystore.type = JKS
	ssl.protocol = TLSv1.3
	ssl.provider = null
	ssl.secure.random.implementation = null
	ssl.trustmanager.algorithm = PKIX
	ssl.truststore.certificates = null
	ssl.truststore.location = null
	ssl.truststore.password = null
	ssl.truststore.type = JKS
	value.deserializer = class io.apicurio.registry.serde.avro.AvroKafkaDeserializer

2025-07-31 18:14:12,083 INFO  [org.apa.kaf.com.tel.int.KafkaMetricsCollector] (main) initializing Kafka metrics collector
2025-07-31 18:14:12,088 INFO  [org.apa.kaf.cli.con.ConsumerConfig] (main) These configurations '[apicurio.registry.url]' were supplied but are not used yet.
2025-07-31 18:14:12,088 INFO  [org.apa.kaf.com.uti.AppInfoParser] (main) Kafka version: 3.9.1
2025-07-31 18:14:12,088 INFO  [org.apa.kaf.com.uti.AppInfoParser] (main) Kafka commitId: f745dfdcee2b9851
2025-07-31 18:14:12,088 INFO  [org.apa.kaf.com.uti.AppInfoParser] (main) Kafka startTimeMs: 1753985652088
2025-07-31 18:14:12,088 INFO  [org.apa.kaf.cli.con.int.ClassicKafkaConsumer] (Thread-729) [Consumer clientId=consumer-Consumer-topic-03e44240_7d12_4a0d_b84a_cd0f2d569fa8-17, groupId=Consumer-topic-03e44240_7d12_4a0d_b84a_cd0f2d569fa8] Subscribed to topic(s): topic-03e44240_7d12_4a0d_b84a_cd0f2d569fa8
2025-07-31 18:14:12,094 INFO  [org.apa.kaf.cli.Metadata] (Thread-729) [Consumer clientId=consumer-Consumer-topic-03e44240_7d12_4a0d_b84a_cd0f2d569fa8-17, groupId=Consumer-topic-03e44240_7d12_4a0d_b84a_cd0f2d569fa8] Cluster ID: UuE4P2bBQU2_qF9DHmdGkA
2025-07-31 18:14:12,095 INFO  [org.apa.kaf.cli.con.int.ConsumerCoordinator] (Thread-729) [Consumer clientId=consumer-Consumer-topic-03e44240_7d12_4a0d_b84a_cd0f2d569fa8-17, groupId=Consumer-topic-03e44240_7d12_4a0d_b84a_cd0f2d569fa8] Discovered group coordinator localhost:32770 (id: 2147483647 rack: null)
2025-07-31 18:14:12,097 INFO  [org.apa.kaf.cli.con.int.ConsumerCoordinator] (Thread-729) [Consumer clientId=consumer-Consumer-topic-03e44240_7d12_4a0d_b84a_cd0f2d569fa8-17, groupId=Consumer-topic-03e44240_7d12_4a0d_b84a_cd0f2d569fa8] (Re-)joining group
2025-07-31 18:14:12,102 INFO  [org.apa.kaf.cli.con.int.ConsumerCoordinator] (Thread-729) [Consumer clientId=consumer-Consumer-topic-03e44240_7d12_4a0d_b84a_cd0f2d569fa8-17, groupId=Consumer-topic-03e44240_7d12_4a0d_b84a_cd0f2d569fa8] Request joining group due to: need to re-join with the given member-id: consumer-Consumer-topic-03e44240_7d12_4a0d_b84a_cd0f2d569fa8-17-1729c284-dbbd-46ad-bec5-49e4c1570148
2025-07-31 18:14:12,102 INFO  [org.apa.kaf.cli.con.int.ConsumerCoordinator] (Thread-729) [Consumer clientId=consumer-Consumer-topic-03e44240_7d12_4a0d_b84a_cd0f2d569fa8-17, groupId=Consumer-topic-03e44240_7d12_4a0d_b84a_cd0f2d569fa8] (Re-)joining group
2025-07-31 18:14:12,105 INFO  [org.apa.kaf.cli.con.int.ConsumerCoordinator] (Thread-729) [Consumer clientId=consumer-Consumer-topic-03e44240_7d12_4a0d_b84a_cd0f2d569fa8-17, groupId=Consumer-topic-03e44240_7d12_4a0d_b84a_cd0f2d569fa8] Successfully joined group with generation Generation{generationId=1, memberId='consumer-Consumer-topic-03e44240_7d12_4a0d_b84a_cd0f2d569fa8-17-1729c284-dbbd-46ad-bec5-49e4c1570148', protocol='range'}
2025-07-31 18:14:12,105 INFO  [org.apa.kaf.cli.con.int.ConsumerCoordinator] (Thread-729) [Consumer clientId=consumer-Consumer-topic-03e44240_7d12_4a0d_b84a_cd0f2d569fa8-17, groupId=Consumer-topic-03e44240_7d12_4a0d_b84a_cd0f2d569fa8] Finished assignment for group at generation 1: {consumer-Consumer-topic-03e44240_7d12_4a0d_b84a_cd0f2d569fa8-17-1729c284-dbbd-46ad-bec5-49e4c1570148=Assignment(partitions=[topic-03e44240_7d12_4a0d_b84a_cd0f2d569fa8-0])}
2025-07-31 18:14:12,108 INFO  [org.apa.kaf.cli.con.int.ConsumerCoordinator] (Thread-729) [Consumer clientId=consumer-Consumer-topic-03e44240_7d12_4a0d_b84a_cd0f2d569fa8-17, groupId=Consumer-topic-03e44240_7d12_4a0d_b84a_cd0f2d569fa8] Successfully synced group in generation Generation{generationId=1, memberId='consumer-Consumer-topic-03e44240_7d12_4a0d_b84a_cd0f2d569fa8-17-1729c284-dbbd-46ad-bec5-49e4c1570148', protocol='range'}
2025-07-31 18:14:12,108 INFO  [org.apa.kaf.cli.con.int.ConsumerCoordinator] (Thread-729) [Consumer clientId=consumer-Consumer-topic-03e44240_7d12_4a0d_b84a_cd0f2d569fa8-17, groupId=Consumer-topic-03e44240_7d12_4a0d_b84a_cd0f2d569fa8] Notifying assignor about the new Assignment(partitions=[topic-03e44240_7d12_4a0d_b84a_cd0f2d569fa8-0])
2025-07-31 18:14:12,108 INFO  [org.apa.kaf.cli.con.int.ConsumerRebalanceListenerInvoker] (Thread-729) [Consumer clientId=consumer-Consumer-topic-03e44240_7d12_4a0d_b84a_cd0f2d569fa8-17, groupId=Consumer-topic-03e44240_7d12_4a0d_b84a_cd0f2d569fa8] Adding newly assigned partitions: topic-03e44240_7d12_4a0d_b84a_cd0f2d569fa8-0
2025-07-31 18:14:12,109 INFO  [org.apa.kaf.cli.con.int.ConsumerCoordinator] (Thread-729) [Consumer clientId=consumer-Consumer-topic-03e44240_7d12_4a0d_b84a_cd0f2d569fa8-17, groupId=Consumer-topic-03e44240_7d12_4a0d_b84a_cd0f2d569fa8] Found no committed offset for partition topic-03e44240_7d12_4a0d_b84a_cd0f2d569fa8-0
2025-07-31 18:14:12,110 INFO  [org.apa.kaf.cli.con.int.SubscriptionState] (Thread-729) [Consumer clientId=consumer-Consumer-topic-03e44240_7d12_4a0d_b84a_cd0f2d569fa8-17, groupId=Consumer-topic-03e44240_7d12_4a0d_b84a_cd0f2d569fa8] Resetting offset for partition topic-03e44240_7d12_4a0d_b84a_cd0f2d569fa8-0 to position FetchPosition{offset=0, offsetEpoch=Optional.empty, currentLeader=LeaderAndEpoch{leader=Optional[localhost:32770 (id: 0 rack: null)], epoch=0}}.
2025-07-31 18:14:12,142 INFO  [io.api.tes.ser.api.KafkaSerdesTester] (Thread-729) topic-03e44240_7d12_4a0d_b84a_cd0f2d569fa8 0 0 {"username": null}
2025-07-31 18:14:12,142 INFO  [io.api.tes.ser.api.KafkaSerdesTester] (Thread-729) topic-03e44240_7d12_4a0d_b84a_cd0f2d569fa8 0 1 {"username": null}
2025-07-31 18:14:12,142 INFO  [io.api.tes.ser.api.KafkaSerdesTester] (Thread-729) topic-03e44240_7d12_4a0d_b84a_cd0f2d569fa8 0 2 {"username": "value-2"}
2025-07-31 18:14:12,142 INFO  [io.api.tes.ser.api.KafkaSerdesTester] (Thread-729) topic-03e44240_7d12_4a0d_b84a_cd0f2d569fa8 0 3 {"username": null}
2025-07-31 18:14:12,142 INFO  [io.api.tes.ser.api.KafkaSerdesTester] (Thread-729) topic-03e44240_7d12_4a0d_b84a_cd0f2d569fa8 0 4 {"username": "value-4"}
2025-07-31 18:14:12,142 INFO  [io.api.tes.ser.api.KafkaSerdesTester] (Thread-729) topic-03e44240_7d12_4a0d_b84a_cd0f2d569fa8 0 5 {"username": null}
2025-07-31 18:14:12,142 INFO  [io.api.tes.ser.api.KafkaSerdesTester] (Thread-729) topic-03e44240_7d12_4a0d_b84a_cd0f2d569fa8 0 6 {"username": "value-6"}
2025-07-31 18:14:12,142 INFO  [io.api.tes.ser.api.KafkaSerdesTester] (Thread-729) topic-03e44240_7d12_4a0d_b84a_cd0f2d569fa8 0 7 {"username": null}
2025-07-31 18:14:12,142 INFO  [io.api.tes.ser.api.KafkaSerdesTester] (Thread-729) topic-03e44240_7d12_4a0d_b84a_cd0f2d569fa8 0 8 {"username": "value-8"}
2025-07-31 18:14:12,143 INFO  [io.api.tes.ser.api.KafkaSerdesTester] (Thread-729) topic-03e44240_7d12_4a0d_b84a_cd0f2d569fa8 0 9 {"username": null}
2025-07-31 18:14:12,143 INFO  [io.api.tes.ser.api.KafkaSerdesTester] (Thread-729) Consumed 10 messages
2025-07-31 18:14:12,147 INFO  [org.apa.kaf.cli.con.int.ConsumerRebalanceListenerInvoker] (Thread-729) [Consumer clientId=consumer-Consumer-topic-03e44240_7d12_4a0d_b84a_cd0f2d569fa8-17, groupId=Consumer-topic-03e44240_7d12_4a0d_b84a_cd0f2d569fa8] Revoke previously assigned partitions topic-03e44240_7d12_4a0d_b84a_cd0f2d569fa8-0
2025-07-31 18:14:12,147 INFO  [org.apa.kaf.cli.con.int.ConsumerCoordinator] (Thread-729) [Consumer clientId=consumer-Consumer-topic-03e44240_7d12_4a0d_b84a_cd0f2d569fa8-17, groupId=Consumer-topic-03e44240_7d12_4a0d_b84a_cd0f2d569fa8] Member consumer-Consumer-topic-03e44240_7d12_4a0d_b84a_cd0f2d569fa8-17-1729c284-dbbd-46ad-bec5-49e4c1570148 sending LeaveGroup request to coordinator localhost:32770 (id: 2147483647 rack: null) due to the consumer is being closed
2025-07-31 18:14:12,148 INFO  [org.apa.kaf.cli.con.int.ConsumerCoordinator] (Thread-729) [Consumer clientId=consumer-Consumer-topic-03e44240_7d12_4a0d_b84a_cd0f2d569fa8-17, groupId=Consumer-topic-03e44240_7d12_4a0d_b84a_cd0f2d569fa8] Resetting generation and member id due to: consumer pro-actively leaving the group
2025-07-31 18:14:12,148 INFO  [org.apa.kaf.cli.con.int.ConsumerCoordinator] (Thread-729) [Consumer clientId=consumer-Consumer-topic-03e44240_7d12_4a0d_b84a_cd0f2d569fa8-17, groupId=Consumer-topic-03e44240_7d12_4a0d_b84a_cd0f2d569fa8] Request joining group due to: consumer pro-actively leaving the group
2025-07-31 18:14:12,645 INFO  [org.apa.kaf.com.met.Metrics] (Thread-729) Metrics scheduler closed
2025-07-31 18:14:12,645 INFO  [org.apa.kaf.com.met.Metrics] (Thread-729) Closing reporter org.apache.kafka.common.metrics.JmxReporter
2025-07-31 18:14:12,645 INFO  [org.apa.kaf.com.met.Metrics] (Thread-729) Closing reporter org.apache.kafka.common.telemetry.internals.ClientTelemetryReporter
2025-07-31 18:14:12,645 INFO  [org.apa.kaf.com.met.Metrics] (Thread-729) Metrics reporters closed
2025-07-31 18:14:12,648 INFO  [org.apa.kaf.com.uti.AppInfoParser] (Thread-729) App info kafka.consumer for consumer-Consumer-topic-03e44240_7d12_4a0d_b84a_cd0f2d569fa8-17 unregistered
2025-07-31 18:14:12,649 INFO  [io.api.tes.uti.TestSeparator] (main) io.apicurio.tests.serdes.apicurio.AvroSerdeIT.testFirstEmptyFieldConfusedAsMagicByte-FINISHED
2025-07-31 18:14:12,649 INFO  [io.api.tes.uti.TestSeparator] (main) ############################################################################
Test passed: testFirstEmptyFieldConfusedAsMagicByte
]]></system-out>
  </testcase>
  <testcase name="testAvroSerDesFailDifferentSchemaByContent" classname="io.apicurio.tests.serdes.apicurio.AvroSerdeIT" time="1.099">
    <system-out><![CDATA[2025-07-31 18:14:12,650 INFO  [io.api.tes.uti.TestSeparator] (main) ############################################################################
2025-07-31 18:14:12,650 INFO  [io.api.tes.uti.TestSeparator] (main) io.apicurio.tests.serdes.apicurio.AvroSerdeIT.testAvroSerDesFailDifferentSchemaByContent-STARTED
**** Registry Base URL: http://registry-app-postgresql.apps.ci419.apicurio-testing.org:80
2025-07-31 18:14:13,699 INFO  [org.apa.kaf.cli.pro.ProducerConfig] (main) ProducerConfig values: 
	acks = -1
	auto.include.jmx.reporter = true
	batch.size = 16384
	bootstrap.servers = [PLAINTEXT://localhost:32770]
	buffer.memory = 33554432
	client.dns.lookup = use_all_dns_ips
	client.id = Producer-topic-b3064a35_1ae7_4406_9aef_ae55aefb8dae
	compression.gzip.level = -1
	compression.lz4.level = 9
	compression.type = none
	compression.zstd.level = 3
	connections.max.idle.ms = 10000
	delivery.timeout.ms = 120000
	enable.idempotence = true
	enable.metrics.push = true
	interceptor.classes = []
	key.serializer = class org.apache.kafka.common.serialization.StringSerializer
	linger.ms = 0
	max.block.ms = 60000
	max.in.flight.requests.per.connection = 5
	max.request.size = 1048576
	metadata.max.age.ms = 300000
	metadata.max.idle.ms = 300000
	metadata.recovery.strategy = none
	metric.reporters = []
	metrics.num.samples = 2
	metrics.recording.level = INFO
	metrics.sample.window.ms = 30000
	partitioner.adaptive.partitioning.enable = true
	partitioner.availability.timeout.ms = 0
	partitioner.class = null
	partitioner.ignore.keys = false
	receive.buffer.bytes = 32768
	reconnect.backoff.max.ms = 1000
	reconnect.backoff.ms = 50
	request.timeout.ms = 5000
	retries = 2147483647
	retry.backoff.max.ms = 1000
	retry.backoff.ms = 100
	sasl.client.callback.handler.class = null
	sasl.jaas.config = null
	sasl.kerberos.kinit.cmd = /usr/bin/kinit
	sasl.kerberos.min.time.before.relogin = 60000
	sasl.kerberos.service.name = null
	sasl.kerberos.ticket.renew.jitter = 0.05
	sasl.kerberos.ticket.renew.window.factor = 0.8
	sasl.login.callback.handler.class = null
	sasl.login.class = null
	sasl.login.connect.timeout.ms = null
	sasl.login.read.timeout.ms = null
	sasl.login.refresh.buffer.seconds = 300
	sasl.login.refresh.min.period.seconds = 60
	sasl.login.refresh.window.factor = 0.8
	sasl.login.refresh.window.jitter = 0.05
	sasl.login.retry.backoff.max.ms = 10000
	sasl.login.retry.backoff.ms = 100
	sasl.mechanism = GSSAPI
	sasl.oauthbearer.clock.skew.seconds = 30
	sasl.oauthbearer.expected.audience = null
	sasl.oauthbearer.expected.issuer = null
	sasl.oauthbearer.header.urlencode = false
	sasl.oauthbearer.jwks.endpoint.refresh.ms = 3600000
	sasl.oauthbearer.jwks.endpoint.retry.backoff.max.ms = 10000
	sasl.oauthbearer.jwks.endpoint.retry.backoff.ms = 100
	sasl.oauthbearer.jwks.endpoint.url = null
	sasl.oauthbearer.scope.claim.name = scope
	sasl.oauthbearer.sub.claim.name = sub
	sasl.oauthbearer.token.endpoint.url = null
	security.protocol = PLAINTEXT
	security.providers = null
	send.buffer.bytes = 131072
	socket.connection.setup.timeout.max.ms = 30000
	socket.connection.setup.timeout.ms = 10000
	ssl.cipher.suites = null
	ssl.enabled.protocols = [TLSv1.2, TLSv1.3]
	ssl.endpoint.identification.algorithm = https
	ssl.engine.factory.class = null
	ssl.key.password = null
	ssl.keymanager.algorithm = SunX509
	ssl.keystore.certificate.chain = null
	ssl.keystore.key = null
	ssl.keystore.location = null
	ssl.keystore.password = null
	ssl.keystore.type = JKS
	ssl.protocol = TLSv1.3
	ssl.provider = null
	ssl.secure.random.implementation = null
	ssl.trustmanager.algorithm = PKIX
	ssl.truststore.certificates = null
	ssl.truststore.location = null
	ssl.truststore.password = null
	ssl.truststore.type = JKS
	transaction.timeout.ms = 60000
	transactional.id = null
	value.serializer = class io.apicurio.registry.serde.avro.AvroKafkaSerializer

2025-07-31 18:14:13,700 INFO  [org.apa.kaf.com.tel.int.KafkaMetricsCollector] (main) initializing Kafka metrics collector
2025-07-31 18:14:13,705 INFO  [org.apa.kaf.cli.pro.KafkaProducer] (main) [Producer clientId=Producer-topic-b3064a35_1ae7_4406_9aef_ae55aefb8dae] Instantiated an idempotent producer.
2025-07-31 18:14:13,709 INFO  [org.apa.kaf.cli.pro.ProducerConfig] (main) These configurations '[apicurio.registry.url, apicurio.registry.artifact-resolver-strategy]' were supplied but are not used yet.
2025-07-31 18:14:13,709 INFO  [org.apa.kaf.com.uti.AppInfoParser] (main) Kafka version: 3.9.1
2025-07-31 18:14:13,709 INFO  [org.apa.kaf.com.uti.AppInfoParser] (main) Kafka commitId: f745dfdcee2b9851
2025-07-31 18:14:13,709 INFO  [org.apa.kaf.com.uti.AppInfoParser] (main) Kafka startTimeMs: 1753985653709
2025-07-31 18:14:13,711 INFO  [io.api.tes.ser.api.KafkaSerdesTester] (Thread-732) Sending message {"keyB": "value-0"} to topic topic-b3064a35_1ae7_4406_9aef_ae55aefb8dae
2025-07-31 18:14:13,715 INFO  [org.apa.kaf.cli.Metadata] (kafka-producer-network-thread | Producer-topic-b3064a35_1ae7_4406_9aef_ae55aefb8dae) [Producer clientId=Producer-topic-b3064a35_1ae7_4406_9aef_ae55aefb8dae] Cluster ID: UuE4P2bBQU2_qF9DHmdGkA
2025-07-31 18:14:13,715 INFO  [DefaultSchemaResolver] (Thread-732) Retrieving schema content using string: {"type":"record","name":"secfa7d99x49cfx44f0xad7exd2f0c856cef8","namespace":"s3eadf991x6310x43bfx9c01xd9996e277760","fields":[{"name":"keyB","type":"string"}]}
2025-07-31 18:14:13,716 INFO  [org.apa.kaf.cli.pro.int.TransactionManager] (kafka-producer-network-thread | Producer-topic-b3064a35_1ae7_4406_9aef_ae55aefb8dae) [Producer clientId=Producer-topic-b3064a35_1ae7_4406_9aef_ae55aefb8dae] ProducerId set to 24 with epoch 0
2025-07-31 18:14:13,745 INFO  [org.apa.kaf.cli.pro.KafkaProducer] (Thread-732) [Producer clientId=Producer-topic-b3064a35_1ae7_4406_9aef_ae55aefb8dae] Closing the Kafka producer with timeoutMillis = 9223372036854775807 ms.
2025-07-31 18:14:13,746 INFO  [org.apa.kaf.com.met.Metrics] (Thread-732) Metrics scheduler closed
2025-07-31 18:14:13,747 INFO  [org.apa.kaf.com.met.Metrics] (Thread-732) Closing reporter org.apache.kafka.common.metrics.JmxReporter
2025-07-31 18:14:13,747 INFO  [org.apa.kaf.com.met.Metrics] (Thread-732) Closing reporter org.apache.kafka.common.telemetry.internals.ClientTelemetryReporter
2025-07-31 18:14:13,747 INFO  [org.apa.kaf.com.met.Metrics] (Thread-732) Metrics reporters closed
2025-07-31 18:14:13,747 INFO  [org.apa.kaf.com.uti.AppInfoParser] (Thread-732) App info kafka.producer for Producer-topic-b3064a35_1ae7_4406_9aef_ae55aefb8dae unregistered
2025-07-31 18:14:13,748 INFO  [io.api.tes.uti.TestSeparator] (main) io.apicurio.tests.serdes.apicurio.AvroSerdeIT.testAvroSerDesFailDifferentSchemaByContent-FINISHED
2025-07-31 18:14:13,748 INFO  [io.api.tes.uti.TestSeparator] (main) ############################################################################
Test passed: testAvroSerDesFailDifferentSchemaByContent
]]></system-out>
    <system-err><![CDATA[java.lang.RuntimeException: Could not resolve artifact reference by content: {"type":"record","name":"secfa7d99x49cfx44f0xad7exd2f0c856cef8","namespace":"s3eadf991x6310x43bfx9c01xd9996e277760","fields":[{"name":"keyB","type":"string"}]}&ArtifactReference [groupId=s3eadf991x6310x43bfx9c01xd9996e277760, artifactId=secfa7d99x49cfx44f0xad7exd2f0c856cef8, version=null, globalId=null, contentId=null, contentHash=null]
	at io.apicurio.registry.resolver.DefaultSchemaResolver.lambda$handleResolveSchemaByContent$3(DefaultSchemaResolver.java:265)
	at io.apicurio.registry.resolver.cache.ERCache.lambda$getValue$0(ERCache.java:174)
	at io.apicurio.registry.resolver.cache.ERCache.retry(ERCache.java:227)
	at io.apicurio.registry.resolver.cache.ERCache.getValue(ERCache.java:173)
	at io.apicurio.registry.resolver.cache.ERCache.getByContent(ERCache.java:147)
	at io.apicurio.registry.resolver.DefaultSchemaResolver.handleResolveSchemaByContent(DefaultSchemaResolver.java:253)
	at io.apicurio.registry.resolver.DefaultSchemaResolver.getSchemaFromRegistry(DefaultSchemaResolver.java:138)
	at io.apicurio.registry.resolver.DefaultSchemaResolver.lambda$resolveSchema$0(DefaultSchemaResolver.java:84)
	at java.base/java.util.Optional.orElseGet(Optional.java:364)
	at io.apicurio.registry.resolver.DefaultSchemaResolver.resolveSchema(DefaultSchemaResolver.java:84)
	at io.apicurio.registry.serde.AbstractSerializer.serializeData(AbstractSerializer.java:62)
	at io.apicurio.registry.serde.KafkaSerializer.serialize(KafkaSerializer.java:77)
	at org.apache.kafka.clients.producer.KafkaProducer.doSend(KafkaProducer.java:1046)
	at org.apache.kafka.clients.producer.KafkaProducer.send(KafkaProducer.java:993)
	at org.apache.kafka.clients.producer.KafkaProducer.send(KafkaProducer.java:875)
	at io.apicurio.tests.serdes.apicurio.KafkaSerdesTester.lambda$produceMessages$3(KafkaSerdesTester.java:138)
	at java.base/java.util.concurrent.CompletableFuture$AsyncSupply.run(CompletableFuture.java:1768)
	at java.base/java.lang.Thread.run(Thread.java:840)
]]></system-err>
  </testcase>
  <testcase name="testGlobalIdInBody" classname="io.apicurio.tests.serdes.apicurio.AvroSerdeIT" time="0.831">
    <system-out><![CDATA[2025-07-31 18:14:13,751 INFO  [io.api.tes.uti.TestSeparator] (main) ############################################################################
2025-07-31 18:14:13,751 INFO  [io.api.tes.uti.TestSeparator] (main) io.apicurio.tests.serdes.apicurio.AvroSerdeIT.testGlobalIdInBody-STARTED
**** Registry Base URL: http://registry-app-postgresql.apps.ci419.apicurio-testing.org:80
2025-07-31 18:14:13,757 INFO  [org.apa.kaf.cli.pro.ProducerConfig] (main) ProducerConfig values: 
	acks = -1
	auto.include.jmx.reporter = true
	batch.size = 16384
	bootstrap.servers = [PLAINTEXT://localhost:32770]
	buffer.memory = 33554432
	client.dns.lookup = use_all_dns_ips
	client.id = Producer-topic-418b9a94_503b_4588_a9e9_06f634a6b0b6
	compression.gzip.level = -1
	compression.lz4.level = 9
	compression.type = none
	compression.zstd.level = 3
	connections.max.idle.ms = 10000
	delivery.timeout.ms = 120000
	enable.idempotence = true
	enable.metrics.push = true
	interceptor.classes = []
	key.serializer = class org.apache.kafka.common.serialization.StringSerializer
	linger.ms = 0
	max.block.ms = 60000
	max.in.flight.requests.per.connection = 5
	max.request.size = 1048576
	metadata.max.age.ms = 300000
	metadata.max.idle.ms = 300000
	metadata.recovery.strategy = none
	metric.reporters = []
	metrics.num.samples = 2
	metrics.recording.level = INFO
	metrics.sample.window.ms = 30000
	partitioner.adaptive.partitioning.enable = true
	partitioner.availability.timeout.ms = 0
	partitioner.class = null
	partitioner.ignore.keys = false
	receive.buffer.bytes = 32768
	reconnect.backoff.max.ms = 1000
	reconnect.backoff.ms = 50
	request.timeout.ms = 5000
	retries = 2147483647
	retry.backoff.max.ms = 1000
	retry.backoff.ms = 100
	sasl.client.callback.handler.class = null
	sasl.jaas.config = null
	sasl.kerberos.kinit.cmd = /usr/bin/kinit
	sasl.kerberos.min.time.before.relogin = 60000
	sasl.kerberos.service.name = null
	sasl.kerberos.ticket.renew.jitter = 0.05
	sasl.kerberos.ticket.renew.window.factor = 0.8
	sasl.login.callback.handler.class = null
	sasl.login.class = null
	sasl.login.connect.timeout.ms = null
	sasl.login.read.timeout.ms = null
	sasl.login.refresh.buffer.seconds = 300
	sasl.login.refresh.min.period.seconds = 60
	sasl.login.refresh.window.factor = 0.8
	sasl.login.refresh.window.jitter = 0.05
	sasl.login.retry.backoff.max.ms = 10000
	sasl.login.retry.backoff.ms = 100
	sasl.mechanism = GSSAPI
	sasl.oauthbearer.clock.skew.seconds = 30
	sasl.oauthbearer.expected.audience = null
	sasl.oauthbearer.expected.issuer = null
	sasl.oauthbearer.header.urlencode = false
	sasl.oauthbearer.jwks.endpoint.refresh.ms = 3600000
	sasl.oauthbearer.jwks.endpoint.retry.backoff.max.ms = 10000
	sasl.oauthbearer.jwks.endpoint.retry.backoff.ms = 100
	sasl.oauthbearer.jwks.endpoint.url = null
	sasl.oauthbearer.scope.claim.name = scope
	sasl.oauthbearer.sub.claim.name = sub
	sasl.oauthbearer.token.endpoint.url = null
	security.protocol = PLAINTEXT
	security.providers = null
	send.buffer.bytes = 131072
	socket.connection.setup.timeout.max.ms = 30000
	socket.connection.setup.timeout.ms = 10000
	ssl.cipher.suites = null
	ssl.enabled.protocols = [TLSv1.2, TLSv1.3]
	ssl.endpoint.identification.algorithm = https
	ssl.engine.factory.class = null
	ssl.key.password = null
	ssl.keymanager.algorithm = SunX509
	ssl.keystore.certificate.chain = null
	ssl.keystore.key = null
	ssl.keystore.location = null
	ssl.keystore.password = null
	ssl.keystore.type = JKS
	ssl.protocol = TLSv1.3
	ssl.provider = null
	ssl.secure.random.implementation = null
	ssl.trustmanager.algorithm = PKIX
	ssl.truststore.certificates = null
	ssl.truststore.location = null
	ssl.truststore.password = null
	ssl.truststore.type = JKS
	transaction.timeout.ms = 60000
	transactional.id = null
	value.serializer = class io.apicurio.registry.serde.avro.AvroKafkaSerializer

2025-07-31 18:14:13,757 INFO  [org.apa.kaf.com.tel.int.KafkaMetricsCollector] (main) initializing Kafka metrics collector
2025-07-31 18:14:13,766 INFO  [org.apa.kaf.cli.pro.KafkaProducer] (main) [Producer clientId=Producer-topic-418b9a94_503b_4588_a9e9_06f634a6b0b6] Instantiated an idempotent producer.
2025-07-31 18:14:13,786 INFO  [org.apa.kaf.cli.pro.ProducerConfig] (main) These configurations '[apicurio.registry.url, apicurio.registry.auto-register, apicurio.registry.use-id, apicurio.registry.artifact-resolver-strategy]' were supplied but are not used yet.
2025-07-31 18:14:13,786 INFO  [org.apa.kaf.com.uti.AppInfoParser] (main) Kafka version: 3.9.1
2025-07-31 18:14:13,787 INFO  [org.apa.kaf.com.uti.AppInfoParser] (main) Kafka commitId: f745dfdcee2b9851
2025-07-31 18:14:13,787 INFO  [org.apa.kaf.com.uti.AppInfoParser] (main) Kafka startTimeMs: 1753985653786
2025-07-31 18:14:13,787 INFO  [io.api.tes.ser.api.SimpleSerdesTesterBuilder$SimpleSerdesTester] (main) Using producer configuration: {apicurio.registry.url=http://registry-app-postgresql.apps.ci419.apicurio-testing.org:80/apis/registry/v3, apicurio.registry.auto-register=true, apicurio.registry.use-id=globalId, apicurio.registry.artifact-resolver-strategy=io.apicurio.registry.serde.strategy.TopicIdStrategy, value.serializer=io.apicurio.registry.serde.avro.AvroKafkaSerializer, request.timeout.ms=5000, acks=all, bootstrap.servers=PLAINTEXT://localhost:32770, connections.max.idle.ms=10000, key.serializer=org.apache.kafka.common.serialization.StringSerializer, client.id=Producer-topic-418b9a94_503b_4588_a9e9_06f634a6b0b6}
2025-07-31 18:14:13,787 INFO  [io.api.tes.ser.api.SimpleSerdesTesterBuilder$SimpleSerdesTester] (main) Using consumer configuration: {apicurio.registry.use-id=globalId}
2025-07-31 18:14:13,788 INFO  [io.api.tes.ser.api.KafkaSerdesTester] (Thread-735) Sending message {"key11753985653753": "value-0"} to topic topic-418b9a94_503b_4588_a9e9_06f634a6b0b6
2025-07-31 18:14:13,799 WARN  [org.apa.kaf.cli.NetworkClient] (kafka-producer-network-thread | Producer-topic-418b9a94_503b_4588_a9e9_06f634a6b0b6) [Producer clientId=Producer-topic-418b9a94_503b_4588_a9e9_06f634a6b0b6] The metadata response from the cluster reported a recoverable issue with correlation id 2 : {topic-418b9a94_503b_4588_a9e9_06f634a6b0b6=LEADER_NOT_AVAILABLE}
2025-07-31 18:14:13,799 INFO  [org.apa.kaf.cli.Metadata] (kafka-producer-network-thread | Producer-topic-418b9a94_503b_4588_a9e9_06f634a6b0b6) [Producer clientId=Producer-topic-418b9a94_503b_4588_a9e9_06f634a6b0b6] Cluster ID: UuE4P2bBQU2_qF9DHmdGkA
2025-07-31 18:14:13,799 INFO  [org.apa.kaf.cli.pro.int.TransactionManager] (kafka-producer-network-thread | Producer-topic-418b9a94_503b_4588_a9e9_06f634a6b0b6) [Producer clientId=Producer-topic-418b9a94_503b_4588_a9e9_06f634a6b0b6] ProducerId set to 25 with epoch 0
2025-07-31 18:14:13,955 INFO  [io.api.tes.ser.api.KafkaSerdesTester] (Thread-735) Sending message {"key11753985653753": "value-1"} to topic topic-418b9a94_503b_4588_a9e9_06f634a6b0b6
2025-07-31 18:14:13,956 INFO  [io.api.tes.ser.api.KafkaSerdesTester] (Thread-735) Sending message {"key11753985653753": "value-2"} to topic topic-418b9a94_503b_4588_a9e9_06f634a6b0b6
2025-07-31 18:14:13,958 INFO  [io.api.tes.ser.api.KafkaSerdesTester] (Thread-735) Sending message {"key11753985653753": "value-3"} to topic topic-418b9a94_503b_4588_a9e9_06f634a6b0b6
2025-07-31 18:14:13,962 INFO  [io.api.tes.ser.api.KafkaSerdesTester] (Thread-735) Sending message {"key11753985653753": "value-4"} to topic topic-418b9a94_503b_4588_a9e9_06f634a6b0b6
2025-07-31 18:14:13,965 INFO  [io.api.tes.ser.api.KafkaSerdesTester] (Thread-735) Sending message {"key11753985653753": "value-5"} to topic topic-418b9a94_503b_4588_a9e9_06f634a6b0b6
2025-07-31 18:14:13,968 INFO  [io.api.tes.ser.api.KafkaSerdesTester] (Thread-735) Sending message {"key11753985653753": "value-6"} to topic topic-418b9a94_503b_4588_a9e9_06f634a6b0b6
2025-07-31 18:14:13,971 INFO  [io.api.tes.ser.api.KafkaSerdesTester] (Thread-735) Sending message {"key11753985653753": "value-7"} to topic topic-418b9a94_503b_4588_a9e9_06f634a6b0b6
2025-07-31 18:14:13,973 INFO  [io.api.tes.ser.api.KafkaSerdesTester] (Thread-735) Sending message {"key11753985653753": "value-8"} to topic topic-418b9a94_503b_4588_a9e9_06f634a6b0b6
2025-07-31 18:14:13,974 INFO  [io.api.tes.ser.api.KafkaSerdesTester] (Thread-735) Sending message {"key11753985653753": "value-9"} to topic topic-418b9a94_503b_4588_a9e9_06f634a6b0b6
2025-07-31 18:14:13,976 INFO  [io.api.tes.ser.api.KafkaSerdesTester] (Thread-735) Produced 10 messages
2025-07-31 18:14:13,976 INFO  [org.apa.kaf.cli.pro.KafkaProducer] (Thread-735) [Producer clientId=Producer-topic-418b9a94_503b_4588_a9e9_06f634a6b0b6] Closing the Kafka producer with timeoutMillis = 9223372036854775807 ms.
2025-07-31 18:14:13,980 INFO  [org.apa.kaf.com.met.Metrics] (Thread-735) Metrics scheduler closed
2025-07-31 18:14:13,980 INFO  [org.apa.kaf.com.met.Metrics] (Thread-735) Closing reporter org.apache.kafka.common.metrics.JmxReporter
2025-07-31 18:14:13,980 INFO  [org.apa.kaf.com.met.Metrics] (Thread-735) Closing reporter org.apache.kafka.common.telemetry.internals.ClientTelemetryReporter
2025-07-31 18:14:13,980 INFO  [org.apa.kaf.com.met.Metrics] (Thread-735) Metrics reporters closed
2025-07-31 18:14:13,980 INFO  [org.apa.kaf.com.uti.AppInfoParser] (Thread-735) App info kafka.producer for Producer-topic-418b9a94_503b_4588_a9e9_06f634a6b0b6 unregistered
**** Registry Base URL: http://registry-app-postgresql.apps.ci419.apicurio-testing.org:80
2025-07-31 18:14:14,004 INFO  [org.apa.kaf.cli.con.ConsumerConfig] (main) ConsumerConfig values: 
	allow.auto.create.topics = true
	auto.commit.interval.ms = 500
	auto.include.jmx.reporter = true
	auto.offset.reset = earliest
	bootstrap.servers = [PLAINTEXT://localhost:32770]
	check.crcs = true
	client.dns.lookup = use_all_dns_ips
	client.id = consumer-Consumer-topic-418b9a94_503b_4588_a9e9_06f634a6b0b6-18
	client.rack = 
	connections.max.idle.ms = 10000
	default.api.timeout.ms = 60000
	enable.auto.commit = true
	enable.metrics.push = true
	exclude.internal.topics = true
	fetch.max.bytes = 52428800
	fetch.max.wait.ms = 500
	fetch.min.bytes = 1
	group.id = Consumer-topic-418b9a94_503b_4588_a9e9_06f634a6b0b6
	group.instance.id = null
	group.protocol = classic
	group.remote.assignor = null
	heartbeat.interval.ms = 3000
	interceptor.classes = []
	internal.leave.group.on.close = true
	internal.throw.on.fetch.stable.offset.unsupported = false
	isolation.level = read_uncommitted
	key.deserializer = class org.apache.kafka.common.serialization.StringDeserializer
	max.partition.fetch.bytes = 1048576
	max.poll.interval.ms = 300000
	max.poll.records = 500
	metadata.max.age.ms = 300000
	metadata.recovery.strategy = none
	metric.reporters = []
	metrics.num.samples = 2
	metrics.recording.level = INFO
	metrics.sample.window.ms = 30000
	partition.assignment.strategy = [class org.apache.kafka.clients.consumer.RangeAssignor, class org.apache.kafka.clients.consumer.CooperativeStickyAssignor]
	receive.buffer.bytes = 65536
	reconnect.backoff.max.ms = 1000
	reconnect.backoff.ms = 50
	request.timeout.ms = 5000
	retry.backoff.max.ms = 1000
	retry.backoff.ms = 100
	sasl.client.callback.handler.class = null
	sasl.jaas.config = null
	sasl.kerberos.kinit.cmd = /usr/bin/kinit
	sasl.kerberos.min.time.before.relogin = 60000
	sasl.kerberos.service.name = null
	sasl.kerberos.ticket.renew.jitter = 0.05
	sasl.kerberos.ticket.renew.window.factor = 0.8
	sasl.login.callback.handler.class = null
	sasl.login.class = null
	sasl.login.connect.timeout.ms = null
	sasl.login.read.timeout.ms = null
	sasl.login.refresh.buffer.seconds = 300
	sasl.login.refresh.min.period.seconds = 60
	sasl.login.refresh.window.factor = 0.8
	sasl.login.refresh.window.jitter = 0.05
	sasl.login.retry.backoff.max.ms = 10000
	sasl.login.retry.backoff.ms = 100
	sasl.mechanism = GSSAPI
	sasl.oauthbearer.clock.skew.seconds = 30
	sasl.oauthbearer.expected.audience = null
	sasl.oauthbearer.expected.issuer = null
	sasl.oauthbearer.header.urlencode = false
	sasl.oauthbearer.jwks.endpoint.refresh.ms = 3600000
	sasl.oauthbearer.jwks.endpoint.retry.backoff.max.ms = 10000
	sasl.oauthbearer.jwks.endpoint.retry.backoff.ms = 100
	sasl.oauthbearer.jwks.endpoint.url = null
	sasl.oauthbearer.scope.claim.name = scope
	sasl.oauthbearer.sub.claim.name = sub
	sasl.oauthbearer.token.endpoint.url = null
	security.protocol = PLAINTEXT
	security.providers = null
	send.buffer.bytes = 131072
	session.timeout.ms = 45000
	socket.connection.setup.timeout.max.ms = 30000
	socket.connection.setup.timeout.ms = 10000
	ssl.cipher.suites = null
	ssl.enabled.protocols = [TLSv1.2, TLSv1.3]
	ssl.endpoint.identification.algorithm = https
	ssl.engine.factory.class = null
	ssl.key.password = null
	ssl.keymanager.algorithm = SunX509
	ssl.keystore.certificate.chain = null
	ssl.keystore.key = null
	ssl.keystore.location = null
	ssl.keystore.password = null
	ssl.keystore.type = JKS
	ssl.protocol = TLSv1.3
	ssl.provider = null
	ssl.secure.random.implementation = null
	ssl.trustmanager.algorithm = PKIX
	ssl.truststore.certificates = null
	ssl.truststore.location = null
	ssl.truststore.password = null
	ssl.truststore.type = JKS
	value.deserializer = class io.apicurio.registry.serde.avro.AvroKafkaDeserializer

2025-07-31 18:14:14,004 INFO  [org.apa.kaf.com.tel.int.KafkaMetricsCollector] (main) initializing Kafka metrics collector
2025-07-31 18:14:14,010 INFO  [org.apa.kaf.cli.con.ConsumerConfig] (main) These configurations '[apicurio.registry.url, apicurio.registry.use-id]' were supplied but are not used yet.
2025-07-31 18:14:14,010 INFO  [org.apa.kaf.com.uti.AppInfoParser] (main) Kafka version: 3.9.1
2025-07-31 18:14:14,010 INFO  [org.apa.kaf.com.uti.AppInfoParser] (main) Kafka commitId: f745dfdcee2b9851
2025-07-31 18:14:14,010 INFO  [org.apa.kaf.com.uti.AppInfoParser] (main) Kafka startTimeMs: 1753985654010
2025-07-31 18:14:14,011 INFO  [org.apa.kaf.cli.con.int.ClassicKafkaConsumer] (Thread-738) [Consumer clientId=consumer-Consumer-topic-418b9a94_503b_4588_a9e9_06f634a6b0b6-18, groupId=Consumer-topic-418b9a94_503b_4588_a9e9_06f634a6b0b6] Subscribed to topic(s): topic-418b9a94_503b_4588_a9e9_06f634a6b0b6
2025-07-31 18:14:14,016 INFO  [org.apa.kaf.cli.Metadata] (Thread-738) [Consumer clientId=consumer-Consumer-topic-418b9a94_503b_4588_a9e9_06f634a6b0b6-18, groupId=Consumer-topic-418b9a94_503b_4588_a9e9_06f634a6b0b6] Cluster ID: UuE4P2bBQU2_qF9DHmdGkA
2025-07-31 18:14:14,016 INFO  [org.apa.kaf.cli.con.int.ConsumerCoordinator] (Thread-738) [Consumer clientId=consumer-Consumer-topic-418b9a94_503b_4588_a9e9_06f634a6b0b6-18, groupId=Consumer-topic-418b9a94_503b_4588_a9e9_06f634a6b0b6] Discovered group coordinator localhost:32770 (id: 2147483647 rack: null)
2025-07-31 18:14:14,018 INFO  [org.apa.kaf.cli.con.int.ConsumerCoordinator] (Thread-738) [Consumer clientId=consumer-Consumer-topic-418b9a94_503b_4588_a9e9_06f634a6b0b6-18, groupId=Consumer-topic-418b9a94_503b_4588_a9e9_06f634a6b0b6] (Re-)joining group
2025-07-31 18:14:14,023 INFO  [org.apa.kaf.cli.con.int.ConsumerCoordinator] (Thread-738) [Consumer clientId=consumer-Consumer-topic-418b9a94_503b_4588_a9e9_06f634a6b0b6-18, groupId=Consumer-topic-418b9a94_503b_4588_a9e9_06f634a6b0b6] Request joining group due to: need to re-join with the given member-id: consumer-Consumer-topic-418b9a94_503b_4588_a9e9_06f634a6b0b6-18-bdb40e89-587a-4104-a112-03209bc1086c
2025-07-31 18:14:14,023 INFO  [org.apa.kaf.cli.con.int.ConsumerCoordinator] (Thread-738) [Consumer clientId=consumer-Consumer-topic-418b9a94_503b_4588_a9e9_06f634a6b0b6-18, groupId=Consumer-topic-418b9a94_503b_4588_a9e9_06f634a6b0b6] (Re-)joining group
2025-07-31 18:14:14,025 INFO  [org.apa.kaf.cli.con.int.ConsumerCoordinator] (Thread-738) [Consumer clientId=consumer-Consumer-topic-418b9a94_503b_4588_a9e9_06f634a6b0b6-18, groupId=Consumer-topic-418b9a94_503b_4588_a9e9_06f634a6b0b6] Successfully joined group with generation Generation{generationId=1, memberId='consumer-Consumer-topic-418b9a94_503b_4588_a9e9_06f634a6b0b6-18-bdb40e89-587a-4104-a112-03209bc1086c', protocol='range'}
2025-07-31 18:14:14,025 INFO  [org.apa.kaf.cli.con.int.ConsumerCoordinator] (Thread-738) [Consumer clientId=consumer-Consumer-topic-418b9a94_503b_4588_a9e9_06f634a6b0b6-18, groupId=Consumer-topic-418b9a94_503b_4588_a9e9_06f634a6b0b6] Finished assignment for group at generation 1: {consumer-Consumer-topic-418b9a94_503b_4588_a9e9_06f634a6b0b6-18-bdb40e89-587a-4104-a112-03209bc1086c=Assignment(partitions=[topic-418b9a94_503b_4588_a9e9_06f634a6b0b6-0])}
2025-07-31 18:14:14,028 INFO  [org.apa.kaf.cli.con.int.ConsumerCoordinator] (Thread-738) [Consumer clientId=consumer-Consumer-topic-418b9a94_503b_4588_a9e9_06f634a6b0b6-18, groupId=Consumer-topic-418b9a94_503b_4588_a9e9_06f634a6b0b6] Successfully synced group in generation Generation{generationId=1, memberId='consumer-Consumer-topic-418b9a94_503b_4588_a9e9_06f634a6b0b6-18-bdb40e89-587a-4104-a112-03209bc1086c', protocol='range'}
2025-07-31 18:14:14,029 INFO  [org.apa.kaf.cli.con.int.ConsumerCoordinator] (Thread-738) [Consumer clientId=consumer-Consumer-topic-418b9a94_503b_4588_a9e9_06f634a6b0b6-18, groupId=Consumer-topic-418b9a94_503b_4588_a9e9_06f634a6b0b6] Notifying assignor about the new Assignment(partitions=[topic-418b9a94_503b_4588_a9e9_06f634a6b0b6-0])
2025-07-31 18:14:14,029 INFO  [org.apa.kaf.cli.con.int.ConsumerRebalanceListenerInvoker] (Thread-738) [Consumer clientId=consumer-Consumer-topic-418b9a94_503b_4588_a9e9_06f634a6b0b6-18, groupId=Consumer-topic-418b9a94_503b_4588_a9e9_06f634a6b0b6] Adding newly assigned partitions: topic-418b9a94_503b_4588_a9e9_06f634a6b0b6-0
2025-07-31 18:14:14,030 INFO  [org.apa.kaf.cli.con.int.ConsumerCoordinator] (Thread-738) [Consumer clientId=consumer-Consumer-topic-418b9a94_503b_4588_a9e9_06f634a6b0b6-18, groupId=Consumer-topic-418b9a94_503b_4588_a9e9_06f634a6b0b6] Found no committed offset for partition topic-418b9a94_503b_4588_a9e9_06f634a6b0b6-0
2025-07-31 18:14:14,035 INFO  [org.apa.kaf.cli.con.int.SubscriptionState] (Thread-738) [Consumer clientId=consumer-Consumer-topic-418b9a94_503b_4588_a9e9_06f634a6b0b6-18, groupId=Consumer-topic-418b9a94_503b_4588_a9e9_06f634a6b0b6] Resetting offset for partition topic-418b9a94_503b_4588_a9e9_06f634a6b0b6-0 to position FetchPosition{offset=0, offsetEpoch=Optional.empty, currentLeader=LeaderAndEpoch{leader=Optional[localhost:32770 (id: 0 rack: null)], epoch=0}}.
2025-07-31 18:14:14,074 INFO  [io.api.tes.ser.api.KafkaSerdesTester] (Thread-738) topic-418b9a94_503b_4588_a9e9_06f634a6b0b6 0 0 {"key11753985653753": "value-0"}
2025-07-31 18:14:14,074 INFO  [io.api.tes.ser.api.KafkaSerdesTester] (Thread-738) topic-418b9a94_503b_4588_a9e9_06f634a6b0b6 0 1 {"key11753985653753": "value-1"}
2025-07-31 18:14:14,074 INFO  [io.api.tes.ser.api.KafkaSerdesTester] (Thread-738) topic-418b9a94_503b_4588_a9e9_06f634a6b0b6 0 2 {"key11753985653753": "value-2"}
2025-07-31 18:14:14,074 INFO  [io.api.tes.ser.api.KafkaSerdesTester] (Thread-738) topic-418b9a94_503b_4588_a9e9_06f634a6b0b6 0 3 {"key11753985653753": "value-3"}
2025-07-31 18:14:14,074 INFO  [io.api.tes.ser.api.KafkaSerdesTester] (Thread-738) topic-418b9a94_503b_4588_a9e9_06f634a6b0b6 0 4 {"key11753985653753": "value-4"}
2025-07-31 18:14:14,075 INFO  [io.api.tes.ser.api.KafkaSerdesTester] (Thread-738) topic-418b9a94_503b_4588_a9e9_06f634a6b0b6 0 5 {"key11753985653753": "value-5"}
2025-07-31 18:14:14,075 INFO  [io.api.tes.ser.api.KafkaSerdesTester] (Thread-738) topic-418b9a94_503b_4588_a9e9_06f634a6b0b6 0 6 {"key11753985653753": "value-6"}
2025-07-31 18:14:14,075 INFO  [io.api.tes.ser.api.KafkaSerdesTester] (Thread-738) topic-418b9a94_503b_4588_a9e9_06f634a6b0b6 0 7 {"key11753985653753": "value-7"}
2025-07-31 18:14:14,075 INFO  [io.api.tes.ser.api.KafkaSerdesTester] (Thread-738) topic-418b9a94_503b_4588_a9e9_06f634a6b0b6 0 8 {"key11753985653753": "value-8"}
2025-07-31 18:14:14,075 INFO  [io.api.tes.ser.api.KafkaSerdesTester] (Thread-738) topic-418b9a94_503b_4588_a9e9_06f634a6b0b6 0 9 {"key11753985653753": "value-9"}
2025-07-31 18:14:14,075 INFO  [io.api.tes.ser.api.KafkaSerdesTester] (Thread-738) Consumed 10 messages
2025-07-31 18:14:14,078 INFO  [org.apa.kaf.cli.con.int.ConsumerRebalanceListenerInvoker] (Thread-738) [Consumer clientId=consumer-Consumer-topic-418b9a94_503b_4588_a9e9_06f634a6b0b6-18, groupId=Consumer-topic-418b9a94_503b_4588_a9e9_06f634a6b0b6] Revoke previously assigned partitions topic-418b9a94_503b_4588_a9e9_06f634a6b0b6-0
2025-07-31 18:14:14,078 INFO  [org.apa.kaf.cli.con.int.ConsumerCoordinator] (Thread-738) [Consumer clientId=consumer-Consumer-topic-418b9a94_503b_4588_a9e9_06f634a6b0b6-18, groupId=Consumer-topic-418b9a94_503b_4588_a9e9_06f634a6b0b6] Member consumer-Consumer-topic-418b9a94_503b_4588_a9e9_06f634a6b0b6-18-bdb40e89-587a-4104-a112-03209bc1086c sending LeaveGroup request to coordinator localhost:32770 (id: 2147483647 rack: null) due to the consumer is being closed
2025-07-31 18:14:14,078 INFO  [org.apa.kaf.cli.con.int.ConsumerCoordinator] (Thread-738) [Consumer clientId=consumer-Consumer-topic-418b9a94_503b_4588_a9e9_06f634a6b0b6-18, groupId=Consumer-topic-418b9a94_503b_4588_a9e9_06f634a6b0b6] Resetting generation and member id due to: consumer pro-actively leaving the group
2025-07-31 18:14:14,078 INFO  [org.apa.kaf.cli.con.int.ConsumerCoordinator] (Thread-738) [Consumer clientId=consumer-Consumer-topic-418b9a94_503b_4588_a9e9_06f634a6b0b6-18, groupId=Consumer-topic-418b9a94_503b_4588_a9e9_06f634a6b0b6] Request joining group due to: consumer pro-actively leaving the group
2025-07-31 18:14:14,578 INFO  [org.apa.kaf.com.met.Metrics] (Thread-738) Metrics scheduler closed
2025-07-31 18:14:14,578 INFO  [org.apa.kaf.com.met.Metrics] (Thread-738) Closing reporter org.apache.kafka.common.metrics.JmxReporter
2025-07-31 18:14:14,578 INFO  [org.apa.kaf.com.met.Metrics] (Thread-738) Closing reporter org.apache.kafka.common.telemetry.internals.ClientTelemetryReporter
2025-07-31 18:14:14,578 INFO  [org.apa.kaf.com.met.Metrics] (Thread-738) Metrics reporters closed
2025-07-31 18:14:14,580 INFO  [org.apa.kaf.com.uti.AppInfoParser] (Thread-738) App info kafka.consumer for consumer-Consumer-topic-418b9a94_503b_4588_a9e9_06f634a6b0b6-18 unregistered
2025-07-31 18:14:14,581 INFO  [io.api.tes.uti.TestSeparator] (main) io.apicurio.tests.serdes.apicurio.AvroSerdeIT.testGlobalIdInBody-FINISHED
2025-07-31 18:14:14,581 INFO  [io.api.tes.uti.TestSeparator] (main) ############################################################################
Test passed: testGlobalIdInBody
]]></system-out>
  </testcase>
  <testcase name="testProducerUsesGlobalIdConsumerUsesDefault" classname="io.apicurio.tests.serdes.apicurio.AvroSerdeIT" time="0.0">
    <skipped message="void io.apicurio.tests.serdes.apicurio.AvroSerdeIT.testProducerUsesGlobalIdConsumerUsesDefault() throws java.lang.Exception is @Disabled"/>
  </testcase>
</testsuite>