<?xml version="1.0" encoding="UTF-8"?>
<testsuite xmlns:xsi="http://www.w3.org/2001/XMLSchema-instance" xsi:noNamespaceSchemaLocation="https://maven.apache.org/surefire/maven-failsafe-plugin/xsd/failsafe-test-report.xsd" version="3.0.2" name="io.apicurio.tests.serdes.confluent.BasicConfluentSerDesIT" time="10.626" tests="8" errors="0" skipped="0" failures="0">
  <properties>
    <property name="java.specification.version" value="17"/>
    <property name="sun.jnu.encoding" value="UTF-8"/>
    <property name="java.class.path" value="/home/runner/work/apicurio-testing/apicurio-testing/clusters/ci419/namespaces/postgresql/tests/integration/apicurio-registry/integration-tests/target/test-classes:/home/runner/work/apicurio-testing/apicurio-testing/clusters/ci419/namespaces/postgresql/tests/integration/apicurio-registry/integration-tests/target/apicurio-registry-integration-tests-3.0.11-SNAPSHOT.jar:/home/runner/.m2/repository/io/quarkus/quarkus-junit5/3.20.1/quarkus-junit5-3.20.1.jar:/home/runner/.m2/repository/io/quarkus/quarkus-bootstrap-core/3.20.1/quarkus-bootstrap-core-3.20.1.jar:/home/runner/.m2/repository/io/quarkus/quarkus-classloader-commons/3.20.1/quarkus-classloader-commons-3.20.1.jar:/home/runner/.m2/repository/io/quarkus/quarkus-bootstrap-app-model/3.20.1/quarkus-bootstrap-app-model-3.20.1.jar:/home/runner/.m2/repository/io/smallrye/common/smallrye-common-io/2.12.0/smallrye-common-io-2.12.0.jar:/home/runner/.m2/repository/org/eclipse/sisu/org.eclipse.sisu.inject/0.9.0.M3/org.eclipse.sisu.inject-0.9.0.M3.jar:/home/runner/.m2/repository/io/quarkus/quarkus-test-common/3.20.1/quarkus-test-common-3.20.1.jar:/home/runner/.m2/repository/io/quarkus/quarkus-core-deployment/3.20.1/quarkus-core-deployment-3.20.1.jar:/home/runner/.m2/repository/org/aesh/readline/2.6/readline-2.6.jar:/home/runner/.m2/repository/org/fusesource/jansi/jansi/2.4.0/jansi-2.4.0.jar:/home/runner/.m2/repository/org/aesh/aesh/2.8.2/aesh-2.8.2.jar:/home/runner/.m2/repository/io/quarkus/gizmo/gizmo/1.8.0/gizmo-1.8.0.jar:/home/runner/.m2/repository/org/ow2/asm/asm-util/9.7.1/asm-util-9.7.1.jar:/home/runner/.m2/repository/org/ow2/asm/asm-analysis/9.7.1/asm-analysis-9.7.1.jar:/home/runner/.m2/repository/org/ow2/asm/asm-commons/9.7.1/asm-commons-9.7.1.jar:/home/runner/.m2/repository/org/ow2/asm/asm-tree/9.7.1/asm-tree-9.7.1.jar:/home/runner/.m2/repository/io/quarkus/quarkus-hibernate-validator-spi/3.20.1/quarkus-hibernate-validator-spi-3.20.1.jar:/home/runner/.m2/repository/io/quarkus/quarkus-class-change-agent/3.20.1/quarkus-class-change-agent-3.20.1.jar:/home/runner/.m2/repository/io/quarkus/quarkus-devtools-utilities/3.20.1/quarkus-devtools-utilities-3.20.1.jar:/home/runner/.m2/repository/io/quarkus/quarkus-builder/3.20.1/quarkus-builder-3.20.1.jar:/home/runner/.m2/repository/org/graalvm/sdk/nativeimage/23.1.2/nativeimage-23.1.2.jar:/home/runner/.m2/repository/org/graalvm/sdk/word/23.1.2/word-23.1.2.jar:/home/runner/.m2/repository/io/quarkus/quarkus-bootstrap-maven-resolver/3.20.1/quarkus-bootstrap-maven-resolver-3.20.1.jar:/home/runner/.m2/repository/io/smallrye/beanbag/smallrye-beanbag-maven/1.5.2/smallrye-beanbag-maven-1.5.2.jar:/home/runner/.m2/repository/io/smallrye/beanbag/smallrye-beanbag-sisu/1.5.2/smallrye-beanbag-sisu-1.5.2.jar:/home/runner/.m2/repository/io/smallrye/beanbag/smallrye-beanbag/1.5.2/smallrye-beanbag-1.5.2.jar:/home/runner/.m2/repository/javax/inject/javax.inject/1/javax.inject-1.jar:/home/runner/.m2/repository/org/apache/maven/maven-artifact/3.9.9/maven-artifact-3.9.9.jar:/home/runner/.m2/repository/org/apache/maven/maven-builder-support/3.9.9/maven-builder-support-3.9.9.jar:/home/runner/.m2/repository/org/apache/maven/maven-model/3.9.9/maven-model-3.9.9.jar:/home/runner/.m2/repository/org/apache/maven/maven-model-builder/3.9.9/maven-model-builder-3.9.9.jar:/home/runner/.m2/repository/org/apache/maven/maven-repository-metadata/3.9.9/maven-repository-metadata-3.9.9.jar:/home/runner/.m2/repository/org/apache/maven/maven-settings/3.9.9/maven-settings-3.9.9.jar:/home/runner/.m2/repository/org/apache/maven/resolver/maven-resolver-api/1.9.22/maven-resolver-api-1.9.22.jar:/home/runner/.m2/repository/org/apache/maven/resolver/maven-resolver-impl/1.9.22/maven-resolver-impl-1.9.22.jar:/home/runner/.m2/repository/org/apache/maven/resolver/maven-resolver-named-locks/1.9.22/maven-resolver-named-locks-1.9.22.jar:/home/runner/.m2/repository/org/apache/maven/resolver/maven-resolver-spi/1.9.22/maven-resolver-spi-1.9.22.jar:/home/runner/.m2/repository/org/apache/maven/resolver/maven-resolver-util/1.9.22/maven-resolver-util-1.9.22.jar:/home/runner/.m2/repository/org/apache/maven/resolver/maven-resolver-transport-http/1.9.20/maven-resolver-transport-http-1.9.20.jar:/home/runner/.m2/repository/org/apache/maven/wagon/wagon-provider-api/3.5.3/wagon-provider-api-3.5.3.jar:/home/runner/.m2/repository/org/apache/maven/wagon/wagon-http-shared/3.5.3/wagon-http-shared-3.5.3.jar:/home/runner/.m2/repository/org/codehaus/plexus/plexus-interpolation/1.26/plexus-interpolation-1.26.jar:/home/runner/.m2/repository/org/codehaus/plexus/plexus-utils/3.5.1/plexus-utils-3.5.1.jar:/home/runner/.m2/repository/org/codehaus/plexus/plexus-xml/4.0.1/plexus-xml-4.0.1.jar:/home/runner/.m2/repository/org/apache/maven/maven-xml-impl/4.0.0-alpha-5/maven-xml-impl-4.0.0-alpha-5.jar:/home/runner/.m2/repository/org/apache/maven/maven-api-xml/4.0.0-alpha-5/maven-api-xml-4.0.0-alpha-5.jar:/home/runner/.m2/repository/org/apache/maven/maven-api-meta/4.0.0-alpha-5/maven-api-meta-4.0.0-alpha-5.jar:/home/runner/.m2/repository/org/codehaus/plexus/plexus-cipher/2.0/plexus-cipher-2.0.jar:/home/runner/.m2/repository/org/codehaus/plexus/plexus-sec-dispatcher/2.0/plexus-sec-dispatcher-2.0.jar:/home/runner/.m2/repository/org/apache/maven/maven-embedder/3.9.9/maven-embedder-3.9.9.jar:/home/runner/.m2/repository/org/apache/maven/maven-core/3.9.9/maven-core-3.9.9.jar:/home/runner/.m2/repository/org/codehaus/plexus/plexus-component-annotations/2.1.0/plexus-component-annotations-2.1.0.jar:/home/runner/.m2/repository/org/apache/maven/maven-plugin-api/3.9.9/maven-plugin-api-3.9.9.jar:/home/runner/.m2/repository/org/apache/maven/shared/maven-shared-utils/3.4.2/maven-shared-utils-3.4.2.jar:/home/runner/.m2/repository/com/google/inject/guice/5.1.0/guice-5.1.0.jar:/home/runner/.m2/repository/aopalliance/aopalliance/1.0/aopalliance-1.0.jar:/home/runner/.m2/repository/org/codehaus/plexus/plexus-classworlds/2.6.0/plexus-classworlds-2.6.0.jar:/home/runner/.m2/repository/commons-cli/commons-cli/1.8.0/commons-cli-1.8.0.jar:/home/runner/.m2/repository/org/eclipse/sisu/org.eclipse.sisu.plexus/0.9.0.M3/org.eclipse.sisu.plexus-0.9.0.M3.jar:/home/runner/.m2/repository/org/apache/maven/maven-settings-builder/3.9.9/maven-settings-builder-3.9.9.jar:/home/runner/.m2/repository/org/apache/maven/maven-resolver-provider/3.9.9/maven-resolver-provider-3.9.9.jar:/home/runner/.m2/repository/org/apache/maven/resolver/maven-resolver-connector-basic/1.9.22/maven-resolver-connector-basic-1.9.22.jar:/home/runner/.m2/repository/org/apache/maven/resolver/maven-resolver-transport-wagon/1.9.22/maven-resolver-transport-wagon-1.9.22.jar:/home/runner/.m2/repository/org/apache/maven/wagon/wagon-http/3.5.3/wagon-http-3.5.3.jar:/home/runner/.m2/repository/org/apache/maven/wagon/wagon-file/3.5.3/wagon-file-3.5.3.jar:/home/runner/.m2/repository/io/quarkus/quarkus-bootstrap-gradle-resolver/3.20.1/quarkus-bootstrap-gradle-resolver-3.20.1.jar:/home/runner/.m2/repository/io/smallrye/jandex/3.3.0/jandex-3.3.0.jar:/home/runner/.m2/repository/org/jboss/logging/commons-logging-jboss-logging/1.0.0.Final/commons-logging-jboss-logging-1.0.0.Final.jar:/home/runner/.m2/repository/io/quarkus/quarkus-junit5-config/3.20.1/quarkus-junit5-config-3.20.1.jar:/home/runner/.m2/repository/org/junit/jupiter/junit-jupiter-api/5.12.1/junit-jupiter-api-5.12.1.jar:/home/runner/.m2/repository/io/smallrye/config/smallrye-config/3.11.4/smallrye-config-3.11.4.jar:/home/runner/.m2/repository/io/smallrye/config/smallrye-config-core/3.11.4/smallrye-config-core-3.11.4.jar:/home/runner/.m2/repository/io/smallrye/common/smallrye-common-classloader/2.12.0/smallrye-common-classloader-2.12.0.jar:/home/runner/.m2/repository/io/smallrye/config/smallrye-config-common/3.11.4/smallrye-config-common-3.11.4.jar:/home/runner/.m2/repository/org/junit/jupiter/junit-jupiter/5.12.1/junit-jupiter-5.12.1.jar:/home/runner/.m2/repository/org/junit/jupiter/junit-jupiter-params/5.12.1/junit-jupiter-params-5.12.1.jar:/home/runner/.m2/repository/org/junit/jupiter/junit-jupiter-engine/5.12.1/junit-jupiter-engine-5.12.1.jar:/home/runner/.m2/repository/io/quarkus/quarkus-core/3.20.1/quarkus-core-3.20.1.jar:/home/runner/.m2/repository/jakarta/enterprise/jakarta.enterprise.cdi-api/4.1.0/jakarta.enterprise.cdi-api-4.1.0.jar:/home/runner/.m2/repository/jakarta/enterprise/jakarta.enterprise.lang-model/4.1.0/jakarta.enterprise.lang-model-4.1.0.jar:/home/runner/.m2/repository/jakarta/el/jakarta.el-api/5.0.1/jakarta.el-api-5.0.1.jar:/home/runner/.m2/repository/jakarta/interceptor/jakarta.interceptor-api/2.2.0/jakarta.interceptor-api-2.2.0.jar:/home/runner/.m2/repository/jakarta/inject/jakarta.inject-api/2.0.1/jakarta.inject-api-2.0.1.jar:/home/runner/.m2/repository/io/smallrye/common/smallrye-common-os/2.12.0/smallrye-common-os-2.12.0.jar:/home/runner/.m2/repository/io/quarkus/quarkus-ide-launcher/3.20.1/quarkus-ide-launcher-3.20.1.jar:/home/runner/.m2/repository/io/quarkus/quarkus-development-mode-spi/3.20.1/quarkus-development-mode-spi-3.20.1.jar:/home/runner/.m2/repository/org/jboss/logging/jboss-logging/3.6.1.Final/jboss-logging-3.6.1.Final.jar:/home/runner/.m2/repository/org/jboss/logmanager/jboss-logmanager/3.1.2.Final/jboss-logmanager-3.1.2.Final.jar:/home/runner/.m2/repository/io/smallrye/common/smallrye-common-constraint/2.12.0/smallrye-common-constraint-2.12.0.jar:/home/runner/.m2/repository/io/smallrye/common/smallrye-common-cpu/2.12.0/smallrye-common-cpu-2.12.0.jar:/home/runner/.m2/repository/io/smallrye/common/smallrye-common-expression/2.12.0/smallrye-common-expression-2.12.0.jar:/home/runner/.m2/repository/io/smallrye/common/smallrye-common-net/2.12.0/smallrye-common-net-2.12.0.jar:/home/runner/.m2/repository/io/smallrye/common/smallrye-common-ref/2.12.0/smallrye-common-ref-2.12.0.jar:/home/runner/.m2/repository/jakarta/json/jakarta.json-api/2.1.3/jakarta.json-api-2.1.3.jar:/home/runner/.m2/repository/org/eclipse/parsson/parsson/1.1.7/parsson-1.1.7.jar:/home/runner/.m2/repository/org/jboss/logging/jboss-logging-annotations/3.0.4.Final/jboss-logging-annotations-3.0.4.Final.jar:/home/runner/.m2/repository/org/jboss/threads/jboss-threads/3.8.0.Final/jboss-threads-3.8.0.Final.jar:/home/runner/.m2/repository/io/smallrye/common/smallrye-common-annotation/2.12.0/smallrye-common-annotation-2.12.0.jar:/home/runner/.m2/repository/io/smallrye/common/smallrye-common-function/2.12.0/smallrye-common-function-2.12.0.jar:/home/runner/.m2/repository/org/jboss/slf4j/slf4j-jboss-logmanager/2.0.0.Final/slf4j-jboss-logmanager-2.0.0.Final.jar:/home/runner/.m2/repository/org/wildfly/common/wildfly-common/2.0.1/wildfly-common-2.0.1.jar:/home/runner/.m2/repository/io/quarkus/quarkus-bootstrap-runner/3.20.1/quarkus-bootstrap-runner-3.20.1.jar:/home/runner/.m2/repository/io/github/crac/org-crac/0.1.3/org-crac-0.1.3.jar:/home/runner/.m2/repository/io/quarkus/quarkus-fs-util/0.0.10/quarkus-fs-util-0.0.10.jar:/home/runner/.m2/repository/org/jboss/marshalling/jboss-marshalling/2.2.2.Final/jboss-marshalling-2.2.2.Final.jar:/home/runner/.m2/repository/io/fabric8/kubernetes-client/7.1.0/kubernetes-client-7.1.0.jar:/home/runner/.m2/repository/io/fabric8/kubernetes-client-api/7.1.0/kubernetes-client-api-7.1.0.jar:/home/runner/.m2/repository/io/fabric8/kubernetes-model-core/7.1.0/kubernetes-model-core-7.1.0.jar:/home/runner/.m2/repository/io/fabric8/kubernetes-model-common/7.1.0/kubernetes-model-common-7.1.0.jar:/home/runner/.m2/repository/javax/annotation/javax.annotation-api/1.3.2/javax.annotation-api-1.3.2.jar:/home/runner/.m2/repository/io/fabric8/kubernetes-model-gatewayapi/7.1.0/kubernetes-model-gatewayapi-7.1.0.jar:/home/runner/.m2/repository/io/fabric8/kubernetes-model-resource/7.1.0/kubernetes-model-resource-7.1.0.jar:/home/runner/.m2/repository/io/fabric8/kubernetes-model-rbac/7.1.0/kubernetes-model-rbac-7.1.0.jar:/home/runner/.m2/repository/io/fabric8/kubernetes-model-admissionregistration/7.1.0/kubernetes-model-admissionregistration-7.1.0.jar:/home/runner/.m2/repository/io/fabric8/kubernetes-model-apps/7.1.0/kubernetes-model-apps-7.1.0.jar:/home/runner/.m2/repository/io/fabric8/kubernetes-model-autoscaling/7.1.0/kubernetes-model-autoscaling-7.1.0.jar:/home/runner/.m2/repository/io/fabric8/kubernetes-model-apiextensions/7.1.0/kubernetes-model-apiextensions-7.1.0.jar:/home/runner/.m2/repository/io/fabric8/kubernetes-model-batch/7.1.0/kubernetes-model-batch-7.1.0.jar:/home/runner/.m2/repository/io/fabric8/kubernetes-model-certificates/7.1.0/kubernetes-model-certificates-7.1.0.jar:/home/runner/.m2/repository/io/fabric8/kubernetes-model-coordination/7.1.0/kubernetes-model-coordination-7.1.0.jar:/home/runner/.m2/repository/io/fabric8/kubernetes-model-discovery/7.1.0/kubernetes-model-discovery-7.1.0.jar:/home/runner/.m2/repository/io/fabric8/kubernetes-model-events/7.1.0/kubernetes-model-events-7.1.0.jar:/home/runner/.m2/repository/io/fabric8/kubernetes-model-extensions/7.1.0/kubernetes-model-extensions-7.1.0.jar:/home/runner/.m2/repository/io/fabric8/kubernetes-model-flowcontrol/7.1.0/kubernetes-model-flowcontrol-7.1.0.jar:/home/runner/.m2/repository/io/fabric8/kubernetes-model-networking/7.1.0/kubernetes-model-networking-7.1.0.jar:/home/runner/.m2/repository/io/fabric8/kubernetes-model-metrics/7.1.0/kubernetes-model-metrics-7.1.0.jar:/home/runner/.m2/repository/io/fabric8/kubernetes-model-policy/7.1.0/kubernetes-model-policy-7.1.0.jar:/home/runner/.m2/repository/io/fabric8/kubernetes-model-scheduling/7.1.0/kubernetes-model-scheduling-7.1.0.jar:/home/runner/.m2/repository/io/fabric8/kubernetes-model-storageclass/7.1.0/kubernetes-model-storageclass-7.1.0.jar:/home/runner/.m2/repository/io/fabric8/kubernetes-model-node/7.1.0/kubernetes-model-node-7.1.0.jar:/home/runner/.m2/repository/org/snakeyaml/snakeyaml-engine/2.9/snakeyaml-engine-2.9.jar:/home/runner/.m2/repository/com/fasterxml/jackson/dataformat/jackson-dataformat-yaml/2.15.2/jackson-dataformat-yaml-2.15.2.jar:/home/runner/.m2/repository/com/fasterxml/jackson/datatype/jackson-datatype-jsr310/2.18.2/jackson-datatype-jsr310-2.18.2.jar:/home/runner/.m2/repository/io/fabric8/zjsonpatch/7.1.0/zjsonpatch-7.1.0.jar:/home/runner/.m2/repository/io/fabric8/kubernetes-httpclient-vertx/7.1.0/kubernetes-httpclient-vertx-7.1.0.jar:/home/runner/.m2/repository/io/vertx/vertx-web-client/4.5.14/vertx-web-client-4.5.14.jar:/home/runner/.m2/repository/io/vertx/vertx-web-common/4.5.14/vertx-web-common-4.5.14.jar:/home/runner/.m2/repository/io/vertx/vertx-auth-common/4.5.14/vertx-auth-common-4.5.14.jar:/home/runner/.m2/repository/io/vertx/vertx-uri-template/4.5.14/vertx-uri-template-4.5.14.jar:/home/runner/.m2/repository/io/fabric8/openshift-client/7.1.0/openshift-client-7.1.0.jar:/home/runner/.m2/repository/io/fabric8/openshift-client-api/7.1.0/openshift-client-api-7.1.0.jar:/home/runner/.m2/repository/io/fabric8/openshift-model/7.1.0/openshift-model-7.1.0.jar:/home/runner/.m2/repository/io/fabric8/openshift-model-autoscaling/7.1.0/openshift-model-autoscaling-7.1.0.jar:/home/runner/.m2/repository/io/fabric8/openshift-model-operator/7.1.0/openshift-model-operator-7.1.0.jar:/home/runner/.m2/repository/io/fabric8/openshift-model-operatorhub/7.1.0/openshift-model-operatorhub-7.1.0.jar:/home/runner/.m2/repository/io/fabric8/openshift-model-machine/7.1.0/openshift-model-machine-7.1.0.jar:/home/runner/.m2/repository/io/fabric8/openshift-model-whereabouts/7.1.0/openshift-model-whereabouts-7.1.0.jar:/home/runner/.m2/repository/io/fabric8/openshift-model-monitoring/7.1.0/openshift-model-monitoring-7.1.0.jar:/home/runner/.m2/repository/io/fabric8/openshift-model-storageversionmigrator/7.1.0/openshift-model-storageversionmigrator-7.1.0.jar:/home/runner/.m2/repository/io/fabric8/openshift-model-tuned/7.1.0/openshift-model-tuned-7.1.0.jar:/home/runner/.m2/repository/io/fabric8/openshift-model-console/7.1.0/openshift-model-console-7.1.0.jar:/home/runner/.m2/repository/io/fabric8/openshift-model-config/7.1.0/openshift-model-config-7.1.0.jar:/home/runner/.m2/repository/io/fabric8/openshift-model-machineconfiguration/7.1.0/openshift-model-machineconfiguration-7.1.0.jar:/home/runner/.m2/repository/io/fabric8/openshift-model-miscellaneous/7.1.0/openshift-model-miscellaneous-7.1.0.jar:/home/runner/.m2/repository/io/fabric8/openshift-model-hive/7.1.0/openshift-model-hive-7.1.0.jar:/home/runner/.m2/repository/io/fabric8/openshift-model-installer/7.1.0/openshift-model-installer-7.1.0.jar:/home/runner/.m2/repository/org/junit/platform/junit-platform-launcher/1.12.1/junit-platform-launcher-1.12.1.jar:/home/runner/.m2/repository/org/junit/platform/junit-platform-engine/1.12.1/junit-platform-engine-1.12.1.jar:/home/runner/.m2/repository/org/opentest4j/opentest4j/1.3.0/opentest4j-1.3.0.jar:/home/runner/.m2/repository/org/junit/platform/junit-platform-commons/1.12.1/junit-platform-commons-1.12.1.jar:/home/runner/.m2/repository/org/apiguardian/apiguardian-api/1.1.2/apiguardian-api-1.1.2.jar:/home/runner/.m2/repository/jakarta/ws/rs/jakarta.ws.rs-api/3.1.0/jakarta.ws.rs-api-3.1.0.jar:/home/runner/work/apicurio-testing/apicurio-testing/clusters/ci419/namespaces/postgresql/tests/integration/apicurio-registry/java-sdk/target/apicurio-registry-java-sdk-3.0.11-SNAPSHOT.jar:/home/runner/.m2/repository/com/microsoft/kiota/microsoft-kiota-abstractions/1.8.8/microsoft-kiota-abstractions-1.8.8.jar:/home/runner/.m2/repository/io/github/std-uritemplate/std-uritemplate/2.0.0/std-uritemplate-2.0.0.jar:/home/runner/.m2/repository/io/kiota/kiota-http-jdk/0.0.21/kiota-http-jdk-0.0.21.jar:/home/runner/.m2/repository/io/kiota/kiota-http-vertx/0.0.21/kiota-http-vertx-0.0.21.jar:/home/runner/.m2/repository/io/kiota/kiota-serialization-jackson/0.0.21/kiota-serialization-jackson-0.0.21.jar:/home/runner/.m2/repository/com/microsoft/kiota/microsoft-kiota-serialization-text/1.8.8/microsoft-kiota-serialization-text-1.8.8.jar:/home/runner/.m2/repository/com/microsoft/kiota/microsoft-kiota-serialization-form/1.8.8/microsoft-kiota-serialization-form-1.8.8.jar:/home/runner/.m2/repository/com/microsoft/kiota/microsoft-kiota-serialization-multipart/1.8.8/microsoft-kiota-serialization-multipart-1.8.8.jar:/home/runner/.m2/repository/jakarta/annotation/jakarta.annotation-api/3.0.0/jakarta.annotation-api-3.0.0.jar:/home/runner/.m2/repository/io/vertx/vertx-auth-oauth2/4.5.14/vertx-auth-oauth2-4.5.14.jar:/home/runner/work/apicurio-testing/apicurio-testing/clusters/ci419/namespaces/postgresql/tests/integration/apicurio-registry/java-sdk-v2/target/apicurio-registry-v2-java-sdk-3.0.11-SNAPSHOT.jar:/home/runner/work/apicurio-testing/apicurio-testing/clusters/ci419/namespaces/postgresql/tests/integration/apicurio-registry/utils/kafka/target/apicurio-registry-utils-kafka-3.0.11-SNAPSHOT-tests.jar:/home/runner/.m2/repository/org/eclipse/microprofile/config/microprofile-config-api/3.1/microprofile-config-api-3.1.jar:/home/runner/.m2/repository/org/apache/kafka/kafka-clients/3.9.1/kafka-clients-3.9.1.jar:/home/runner/.m2/repository/com/github/luben/zstd-jni/1.5.6-4/zstd-jni-1.5.6-4.jar:/home/runner/.m2/repository/org/lz4/lz4-java/1.8.0/lz4-java-1.8.0.jar:/home/runner/.m2/repository/org/xerial/snappy/snappy-java/1.1.10.5/snappy-java-1.1.10.5.jar:/home/runner/.m2/repository/org/slf4j/slf4j-api/2.0.6/slf4j-api-2.0.6.jar:/home/runner/work/apicurio-testing/apicurio-testing/clusters/ci419/namespaces/postgresql/tests/integration/apicurio-registry/utils/tests/target/apicurio-registry-utils-tests-3.0.11-SNAPSHOT.jar:/home/runner/work/apicurio-testing/apicurio-testing/clusters/ci419/namespaces/postgresql/tests/integration/apicurio-registry/common/target/apicurio-registry-common-3.0.11-SNAPSHOT.jar:/home/runner/.m2/repository/jakarta/validation/jakarta.validation-api/3.0.2/jakarta.validation-api-3.0.2.jar:/home/runner/.m2/repository/com/github/dasniko/testcontainers-keycloak/3.6.0/testcontainers-keycloak-3.6.0.jar:/home/runner/.m2/repository/org/testcontainers/testcontainers/1.20.6/testcontainers-1.20.6.jar:/home/runner/.m2/repository/org/rnorth/duct-tape/duct-tape/1.0.8/duct-tape-1.0.8.jar:/home/runner/.m2/repository/org/jetbrains/annotations/26.0.2/annotations-26.0.2.jar:/home/runner/.m2/repository/com/github/docker-java/docker-java-transport-zerodep/3.4.1/docker-java-transport-zerodep-3.4.1.jar:/home/runner/.m2/repository/com/github/docker-java/docker-java-transport/3.4.1/docker-java-transport-3.4.1.jar:/home/runner/.m2/repository/net/java/dev/jna/jna/5.8.0/jna-5.8.0.jar:/home/runner/.m2/repository/io/quarkus/quarkus-junit4-mock/3.20.1/quarkus-junit4-mock-3.20.1.jar:/home/runner/.m2/repository/org/jboss/shrinkwrap/shrinkwrap-api/2.0.0-beta-2/shrinkwrap-api-2.0.0-beta-2.jar:/home/runner/.m2/repository/org/jboss/shrinkwrap/shrinkwrap-impl-base/2.0.0-beta-2/shrinkwrap-impl-base-2.0.0-beta-2.jar:/home/runner/.m2/repository/org/jboss/shrinkwrap/shrinkwrap-spi/2.0.0-beta-2/shrinkwrap-spi-2.0.0-beta-2.jar:/home/runner/.m2/repository/org/keycloak/keycloak-admin-client/26.0.4/keycloak-admin-client-26.0.4.jar:/home/runner/.m2/repository/org/keycloak/keycloak-client-common-synced/26.0.4/keycloak-client-common-synced-26.0.4.jar:/home/runner/.m2/repository/jakarta/activation/jakarta.activation-api/2.1.3/jakarta.activation-api-2.1.3.jar:/home/runner/.m2/repository/org/eclipse/microprofile/openapi/microprofile-openapi-api/4.0.2/microprofile-openapi-api-4.0.2.jar:/home/runner/.m2/repository/org/jboss/resteasy/resteasy-client/6.2.12.Final/resteasy-client-6.2.12.Final.jar:/home/runner/.m2/repository/org/jboss/resteasy/resteasy-client-api/6.2.12.Final/resteasy-client-api-6.2.12.Final.jar:/home/runner/.m2/repository/org/jboss/resteasy/resteasy-core-spi/6.2.12.Final/resteasy-core-spi-6.2.12.Final.jar:/home/runner/.m2/repository/org/jboss/resteasy/resteasy-core/6.2.12.Final/resteasy-core-6.2.12.Final.jar:/home/runner/.m2/repository/org/eclipse/angus/angus-activation/2.0.2/angus-activation-2.0.2.jar:/home/runner/.m2/repository/com/ibm/async/asyncutil/0.1.0/asyncutil-0.1.0.jar:/home/runner/.m2/repository/org/reactivestreams/reactive-streams/1.0.4/reactive-streams-1.0.4.jar:/home/runner/.m2/repository/org/jboss/resteasy/resteasy-multipart-provider/6.2.12.Final/resteasy-multipart-provider-6.2.12.Final.jar:/home/runner/.m2/repository/jakarta/mail/jakarta.mail-api/2.1.3/jakarta.mail-api-2.1.3.jar:/home/runner/.m2/repository/org/eclipse/angus/angus-mail/2.0.3/angus-mail-2.0.3.jar:/home/runner/.m2/repository/org/apache/james/apache-mime4j-dom/0.8.12/apache-mime4j-dom-0.8.12.jar:/home/runner/.m2/repository/org/apache/james/apache-mime4j-core/0.8.12/apache-mime4j-core-0.8.12.jar:/home/runner/.m2/repository/org/apache/james/apache-mime4j-storage/0.8.12/apache-mime4j-storage-0.8.12.jar:/home/runner/.m2/repository/org/jboss/resteasy/resteasy-jackson2-provider/6.2.12.Final/resteasy-jackson2-provider-6.2.12.Final.jar:/home/runner/.m2/repository/com/fasterxml/jackson/jakarta/rs/jackson-jakarta-rs-base/2.18.2/jackson-jakarta-rs-base-2.18.2.jar:/home/runner/.m2/repository/com/fasterxml/jackson/jakarta/rs/jackson-jakarta-rs-json-provider/2.18.2/jackson-jakarta-rs-json-provider-2.18.2.jar:/home/runner/.m2/repository/com/fasterxml/jackson/module/jackson-module-jakarta-xmlbind-annotations/2.18.2/jackson-module-jakarta-xmlbind-annotations-2.18.2.jar:/home/runner/.m2/repository/com/github/java-json-tools/json-patch/1.13/json-patch-1.13.jar:/home/runner/.m2/repository/com/github/java-json-tools/msg-simple/1.2/msg-simple-1.2.jar:/home/runner/.m2/repository/com/github/java-json-tools/btf/1.3/btf-1.3.jar:/home/runner/.m2/repository/com/github/java-json-tools/jackson-coreutils/2.0/jackson-coreutils-2.0.jar:/home/runner/.m2/repository/org/jboss/resteasy/resteasy-jaxb-provider/6.2.12.Final/resteasy-jaxb-provider-6.2.12.Final.jar:/home/runner/.m2/repository/org/glassfish/jaxb/codemodel/4.0.5/codemodel-4.0.5.jar:/home/runner/.m2/repository/org/glassfish/jaxb/jaxb-core/4.0.5/jaxb-core-4.0.5.jar:/home/runner/.m2/repository/org/glassfish/jaxb/jaxb-jxc/4.0.5/jaxb-jxc-4.0.5.jar:/home/runner/.m2/repository/org/glassfish/jaxb/jaxb-runtime/4.0.5/jaxb-runtime-4.0.5.jar:/home/runner/.m2/repository/org/glassfish/jaxb/txw2/4.0.5/txw2-4.0.5.jar:/home/runner/.m2/repository/org/glassfish/jaxb/jaxb-xjc/4.0.5/jaxb-xjc-4.0.5.jar:/home/runner/.m2/repository/org/glassfish/jaxb/xsom/4.0.5/xsom-4.0.5.jar:/home/runner/.m2/repository/com/sun/istack/istack-commons-runtime/4.1.2/istack-commons-runtime-4.1.2.jar:/home/runner/.m2/repository/com/sun/istack/istack-commons-tools/4.1.2/istack-commons-tools-4.1.2.jar:/home/runner/.m2/repository/com/sun/xml/bind/external/relaxng-datatype/4.0.5/relaxng-datatype-4.0.5.jar:/home/runner/.m2/repository/com/sun/xml/bind/external/rngom/4.0.5/rngom-4.0.5.jar:/home/runner/.m2/repository/org/testcontainers/mssqlserver/1.20.6/mssqlserver-1.20.6.jar:/home/runner/.m2/repository/org/testcontainers/jdbc/1.20.6/jdbc-1.20.6.jar:/home/runner/.m2/repository/org/testcontainers/database-commons/1.20.6/database-commons-1.20.6.jar:/home/runner/.m2/repository/org/testcontainers/mysql/1.20.6/mysql-1.20.6.jar:/home/runner/.m2/repository/io/strimzi/strimzi-test-container/0.107.0/strimzi-test-container-0.107.0.jar:/home/runner/.m2/repository/org/testcontainers/toxiproxy/1.20.6/toxiproxy-1.20.6.jar:/home/runner/.m2/repository/com/github/docker-java/docker-java-api/3.4.1/docker-java-api-3.4.1.jar:/home/runner/.m2/repository/eu/rekawek/toxiproxy/toxiproxy-java/2.1.7/toxiproxy-java-2.1.7.jar:/home/runner/.m2/repository/junit/junit/4.13.2/junit-4.13.2.jar:/home/runner/.m2/repository/org/hamcrest/hamcrest-core/1.3/hamcrest-core-1.3.jar:/home/runner/.m2/repository/org/testcontainers/pulsar/1.20.4/pulsar-1.20.4.jar:/home/runner/.m2/repository/io/debezium/debezium-testing-testcontainers/2.6.2.Final/debezium-testing-testcontainers-2.6.2.Final.jar:/home/runner/.m2/repository/org/testcontainers/kafka/1.20.6/kafka-1.20.6.jar:/home/runner/.m2/repository/com/squareup/okhttp3/okhttp/4.8.1/okhttp-4.8.1.jar:/home/runner/.m2/repository/com/squareup/okio/okio/3.10.2/okio-3.10.2.jar:/home/runner/.m2/repository/com/squareup/okio/okio-jvm/3.10.2/okio-jvm-3.10.2.jar:/home/runner/.m2/repository/org/jetbrains/kotlin/kotlin-stdlib/2.0.21/kotlin-stdlib-2.0.21.jar:/home/runner/.m2/repository/org/awaitility/awaitility/4.2.2/awaitility-4.2.2.jar:/home/runner/.m2/repository/org/testcontainers/mongodb/1.20.6/mongodb-1.20.6.jar:/home/runner/.m2/repository/org/testcontainers/oracle-xe/1.20.6/oracle-xe-1.20.6.jar:/home/runner/.m2/repository/org/testcontainers/postgresql/1.20.6/postgresql-1.20.6.jar:/home/runner/.m2/repository/org/wiremock/wiremock/3.0.1/wiremock-3.0.1.jar:/home/runner/.m2/repository/org/eclipse/jetty/jetty-server/11.0.15/jetty-server-11.0.15.jar:/home/runner/.m2/repository/org/eclipse/jetty/toolchain/jetty-jakarta-servlet-api/5.0.2/jetty-jakarta-servlet-api-5.0.2.jar:/home/runner/.m2/repository/org/eclipse/jetty/jetty-http/11.0.15/jetty-http-11.0.15.jar:/home/runner/.m2/repository/org/eclipse/jetty/jetty-io/11.0.15/jetty-io-11.0.15.jar:/home/runner/.m2/repository/org/eclipse/jetty/jetty-servlet/11.0.15/jetty-servlet-11.0.15.jar:/home/runner/.m2/repository/org/eclipse/jetty/jetty-security/11.0.15/jetty-security-11.0.15.jar:/home/runner/.m2/repository/org/eclipse/jetty/jetty-servlets/11.0.15/jetty-servlets-11.0.15.jar:/home/runner/.m2/repository/org/eclipse/jetty/jetty-util/11.0.15/jetty-util-11.0.15.jar:/home/runner/.m2/repository/org/eclipse/jetty/jetty-webapp/11.0.15/jetty-webapp-11.0.15.jar:/home/runner/.m2/repository/org/eclipse/jetty/jetty-xml/11.0.15/jetty-xml-11.0.15.jar:/home/runner/.m2/repository/org/eclipse/jetty/jetty-proxy/11.0.15/jetty-proxy-11.0.15.jar:/home/runner/.m2/repository/org/eclipse/jetty/jetty-client/11.0.15/jetty-client-11.0.15.jar:/home/runner/.m2/repository/org/eclipse/jetty/http2/http2-server/11.0.15/http2-server-11.0.15.jar:/home/runner/.m2/repository/org/eclipse/jetty/http2/http2-common/11.0.15/http2-common-11.0.15.jar:/home/runner/.m2/repository/org/eclipse/jetty/http2/http2-hpack/11.0.15/http2-hpack-11.0.15.jar:/home/runner/.m2/repository/org/eclipse/jetty/jetty-alpn-server/11.0.15/jetty-alpn-server-11.0.15.jar:/home/runner/.m2/repository/org/eclipse/jetty/jetty-alpn-java-server/11.0.15/jetty-alpn-java-server-11.0.15.jar:/home/runner/.m2/repository/org/eclipse/jetty/jetty-alpn-java-client/11.0.15/jetty-alpn-java-client-11.0.15.jar:/home/runner/.m2/repository/org/eclipse/jetty/jetty-alpn-client/11.0.15/jetty-alpn-client-11.0.15.jar:/home/runner/.m2/repository/org/apache/httpcomponents/client5/httpclient5/5.2.1/httpclient5-5.2.1.jar:/home/runner/.m2/repository/org/apache/httpcomponents/core5/httpcore5/5.2/httpcore5-5.2.jar:/home/runner/.m2/repository/org/apache/httpcomponents/core5/httpcore5-h2/5.2/httpcore5-h2-5.2.jar:/home/runner/.m2/repository/org/xmlunit/xmlunit-core/2.9.1/xmlunit-core-2.9.1.jar:/home/runner/.m2/repository/jakarta/xml/bind/jakarta.xml.bind-api/4.0.2/jakarta.xml.bind-api-4.0.2.jar:/home/runner/.m2/repository/org/xmlunit/xmlunit-legacy/2.9.1/xmlunit-legacy-2.9.1.jar:/home/runner/.m2/repository/org/xmlunit/xmlunit-placeholders/2.9.1/xmlunit-placeholders-2.9.1.jar:/home/runner/.m2/repository/net/javacrumbs/json-unit/json-unit-core/2.38.0/json-unit-core-2.38.0.jar:/home/runner/.m2/repository/com/jayway/jsonpath/json-path/2.8.0/json-path-2.8.0.jar:/home/runner/.m2/repository/net/minidev/json-smart/2.4.10/json-smart-2.4.10.jar:/home/runner/.m2/repository/net/minidev/accessors-smart/2.4.9/accessors-smart-2.4.9.jar:/home/runner/.m2/repository/org/ow2/asm/asm/9.7.1/asm-9.7.1.jar:/home/runner/.m2/repository/net/sf/jopt-simple/jopt-simple/5.0.4/jopt-simple-5.0.4.jar:/home/runner/.m2/repository/com/github/jknack/handlebars/4.3.1/handlebars-4.3.1.jar:/home/runner/.m2/repository/com/github/jknack/handlebars-helpers/4.3.1/handlebars-helpers-4.3.1.jar:/home/runner/.m2/repository/commons-fileupload/commons-fileupload/1.5/commons-fileupload-1.5.jar:/home/runner/.m2/repository/com/networknt/json-schema-validator/1.5.5/json-schema-validator-1.5.5.jar:/home/runner/.m2/repository/com/ethlo/time/itu/1.10.3/itu-1.10.3.jar:/home/runner/.m2/repository/io/quarkus/quarkus-smallrye-jwt-build/3.20.1/quarkus-smallrye-jwt-build-3.20.1.jar:/home/runner/.m2/repository/io/smallrye/smallrye-jwt-build/4.6.1/smallrye-jwt-build-4.6.1.jar:/home/runner/.m2/repository/org/eclipse/microprofile/jwt/microprofile-jwt-auth-api/2.1/microprofile-jwt-auth-api-2.1.jar:/home/runner/.m2/repository/org/bitbucket/b_c/jose4j/0.9.6/jose4j-0.9.6.jar:/home/runner/.m2/repository/io/smallrye/smallrye-jwt-common/4.6.1/smallrye-jwt-common-4.6.1.jar:/home/runner/.m2/repository/io/quarkus/quarkus-jsonp/3.20.1/quarkus-jsonp-3.20.1.jar:/home/runner/.m2/repository/io/quarkus/quarkus-arc/3.20.1/quarkus-arc-3.20.1.jar:/home/runner/.m2/repository/io/quarkus/arc/arc/3.20.1/arc-3.20.1.jar:/home/runner/.m2/repository/jakarta/transaction/jakarta.transaction-api/2.0.1/jakarta.transaction-api-2.0.1.jar:/home/runner/.m2/repository/io/smallrye/reactive/mutiny/2.8.0/mutiny-2.8.0.jar:/home/runner/.m2/repository/org/jctools/jctools-core/4.0.5/jctools-core-4.0.5.jar:/home/runner/.m2/repository/org/eclipse/microprofile/context-propagation/microprofile-context-propagation-api/1.3/microprofile-context-propagation-api-1.3.jar:/home/runner/.m2/repository/io/apicurio/apicurio-common-rest-client-common/0.1.18.Final/apicurio-common-rest-client-common-0.1.18.Final.jar:/home/runner/work/apicurio-testing/apicurio-testing/clusters/ci419/namespaces/postgresql/tests/integration/apicurio-registry/utils/maven-plugin/target/apicurio-registry-maven-plugin-3.0.11-SNAPSHOT.jar:/home/runner/.m2/repository/com/fasterxml/jackson/core/jackson-databind/2.18.2/jackson-databind-2.18.2.jar:/home/runner/.m2/repository/org/apache/avro/avro/1.12.0/avro-1.12.0.jar:/home/runner/.m2/repository/com/google/protobuf/protobuf-java/4.31.1/protobuf-java-4.31.1.jar:/home/runner/.m2/repository/com/google/protobuf/protobuf-java-util/4.31.1/protobuf-java-util-4.31.1.jar:/home/runner/.m2/repository/com/google/code/findbugs/jsr305/3.0.2/jsr305-3.0.2.jar:/home/runner/.m2/repository/com/google/code/gson/gson/2.12.1/gson-2.12.1.jar:/home/runner/.m2/repository/com/google/errorprone/error_prone_annotations/2.36.0/error_prone_annotations-2.36.0.jar:/home/runner/.m2/repository/com/google/j2objc/j2objc-annotations/2.8/j2objc-annotations-2.8.jar:/home/runner/work/apicurio-testing/apicurio-testing/clusters/ci419/namespaces/postgresql/tests/integration/apicurio-registry/schema-util/util-provider/target/apicurio-registry-schema-util-provider-3.0.11-SNAPSHOT.jar:/home/runner/work/apicurio-testing/apicurio-testing/clusters/ci419/namespaces/postgresql/tests/integration/apicurio-registry/schema-util/common/target/apicurio-registry-schema-util-common-3.0.11-SNAPSHOT.jar:/home/runner/.m2/repository/com/fasterxml/jackson/module/jackson-module-parameter-names/2.18.2/jackson-module-parameter-names-2.18.2.jar:/home/runner/.m2/repository/com/fasterxml/jackson/datatype/jackson-datatype-json-org/2.18.2/jackson-datatype-json-org-2.18.2.jar:/home/runner/work/apicurio-testing/apicurio-testing/clusters/ci419/namespaces/postgresql/tests/integration/apicurio-registry/schema-util/json/target/apicurio-registry-schema-util-json-3.0.11-SNAPSHOT.jar:/home/runner/.m2/repository/com/github/erosb/everit-json-schema/1.14.5/everit-json-schema-1.14.5.jar:/home/runner/.m2/repository/commons-validator/commons-validator/1.9.0/commons-validator-1.9.0.jar:/home/runner/.m2/repository/commons-digester/commons-digester/2.1/commons-digester-2.1.jar:/home/runner/.m2/repository/commons-collections/commons-collections/3.2.2/commons-collections-3.2.2.jar:/home/runner/.m2/repository/com/damnhandy/handy-uri-templates/2.1.8/handy-uri-templates-2.1.8.jar:/home/runner/.m2/repository/joda-time/joda-time/2.10.2/joda-time-2.10.2.jar:/home/runner/.m2/repository/com/github/erosb/json-sKema/0.20.0/json-sKema-0.20.0.jar:/home/runner/.m2/repository/io/vertx/vertx-json-schema/4.5.14/vertx-json-schema-4.5.14.jar:/home/runner/work/apicurio-testing/apicurio-testing/clusters/ci419/namespaces/postgresql/tests/integration/apicurio-registry/schema-util/protobuf/target/apicurio-registry-schema-util-protobuf-3.0.11-SNAPSHOT.jar:/home/runner/work/apicurio-testing/apicurio-testing/clusters/ci419/namespaces/postgresql/tests/integration/apicurio-registry/utils/protobuf-schema-utilities/target/apicurio-registry-protobuf-schema-utilities-3.0.11-SNAPSHOT.jar:/home/runner/.m2/repository/com/google/api/grpc/proto-google-common-protos/2.52.0/proto-google-common-protos-2.52.0.jar:/home/runner/.m2/repository/com/squareup/wire/wire-schema-jvm/5.3.3/wire-schema-jvm-5.3.3.jar:/home/runner/.m2/repository/com/palantir/javapoet/javapoet/0.6.0/javapoet-0.6.0.jar:/home/runner/.m2/repository/com/squareup/kotlinpoet-jvm/2.0.0/kotlinpoet-jvm-2.0.0.jar:/home/runner/.m2/repository/org/jetbrains/kotlin/kotlin-reflect/2.0.21/kotlin-reflect-2.0.21.jar:/home/runner/.m2/repository/com/squareup/wire/wire-runtime-jvm/5.3.3/wire-runtime-jvm-5.3.3.jar:/home/runner/.m2/repository/com/ibm/icu/icu4j/76.1/icu4j-76.1.jar:/home/runner/.m2/repository/com/squareup/okio/okio-fakefilesystem/3.10.2/okio-fakefilesystem-3.10.2.jar:/home/runner/.m2/repository/com/squareup/okio/okio-fakefilesystem-jvm/3.10.2/okio-fakefilesystem-jvm-3.10.2.jar:/home/runner/.m2/repository/org/jetbrains/kotlinx/kotlinx-datetime-jvm/0.6.1/kotlinx-datetime-jvm-0.6.1.jar:/home/runner/work/apicurio-testing/apicurio-testing/clusters/ci419/namespaces/postgresql/tests/integration/apicurio-registry/schema-util/asyncapi/target/apicurio-registry-schema-util-asyncapi-3.0.11-SNAPSHOT.jar:/home/runner/work/apicurio-testing/apicurio-testing/clusters/ci419/namespaces/postgresql/tests/integration/apicurio-registry/schema-util/avro/target/apicurio-registry-schema-util-avro-3.0.11-SNAPSHOT.jar:/home/runner/work/apicurio-testing/apicurio-testing/clusters/ci419/namespaces/postgresql/tests/integration/apicurio-registry/schema-util/graphql/target/apicurio-registry-schema-util-graphql-3.0.11-SNAPSHOT.jar:/home/runner/.m2/repository/com/graphql-java/graphql-java/22.3/graphql-java-22.3.jar:/home/runner/.m2/repository/com/graphql-java/java-dataloader/3.3.0/java-dataloader-3.3.0.jar:/home/runner/work/apicurio-testing/apicurio-testing/clusters/ci419/namespaces/postgresql/tests/integration/apicurio-registry/schema-util/kconnect/target/apicurio-registry-schema-util-kconnect-3.0.11-SNAPSHOT.jar:/home/runner/work/apicurio-testing/apicurio-testing/clusters/ci419/namespaces/postgresql/tests/integration/apicurio-registry/schema-util/openapi/target/apicurio-registry-schema-util-openapi-3.0.11-SNAPSHOT.jar:/home/runner/.m2/repository/io/apicurio/apicurio-data-models/2.2.1/apicurio-data-models-2.2.1.jar:/home/runner/.m2/repository/org/openapitools/openapidiff/openapi-diff-core/2.1.2/openapi-diff-core-2.1.2.jar:/home/runner/.m2/repository/io/swagger/parser/v3/swagger-parser/2.1.28/swagger-parser-2.1.28.jar:/home/runner/.m2/repository/io/swagger/parser/v3/swagger-parser-v2-converter/2.1.28/swagger-parser-v2-converter-2.1.28.jar:/home/runner/.m2/repository/io/swagger/swagger-core/1.6.16/swagger-core-1.6.16.jar:/home/runner/.m2/repository/io/swagger/swagger-models/1.6.16/swagger-models-1.6.16.jar:/home/runner/.m2/repository/io/swagger/swagger-annotations/1.6.16/swagger-annotations-1.6.16.jar:/home/runner/.m2/repository/io/swagger/swagger-parser/1.0.75/swagger-parser-1.0.75.jar:/home/runner/.m2/repository/io/swagger/swagger-parser-safe-url-resolver/1.0.75/swagger-parser-safe-url-resolver-1.0.75.jar:/home/runner/.m2/repository/io/swagger/swagger-compat-spec-parser/1.0.75/swagger-compat-spec-parser-1.0.75.jar:/home/runner/.m2/repository/com/github/java-json-tools/json-schema-validator/2.2.14/json-schema-validator-2.2.14.jar:/home/runner/.m2/repository/com/github/java-json-tools/jackson-coreutils-equivalence/1.0/jackson-coreutils-equivalence-1.0.jar:/home/runner/.m2/repository/com/github/java-json-tools/json-schema-core/1.2.14/json-schema-core-1.2.14.jar:/home/runner/.m2/repository/com/github/java-json-tools/uri-template/0.10/uri-template-0.10.jar:/home/runner/.m2/repository/com/googlecode/libphonenumber/libphonenumber/8.11.1/libphonenumber-8.11.1.jar:/home/runner/.m2/repository/com/j2html/j2html/1.6.0/j2html-1.6.0.jar:/home/runner/.m2/repository/org/apache/commons/commons-collections4/4.5.0/commons-collections4-4.5.0.jar:/home/runner/.m2/repository/org/apache/commons/commons-configuration2/2.12.0/commons-configuration2-2.12.0.jar:/home/runner/.m2/repository/org/apache/commons/commons-text/1.13.0/commons-text-1.13.0.jar:/home/runner/.m2/repository/org/slf4j/jcl-over-slf4j/2.0.17/jcl-over-slf4j-2.0.17.jar:/home/runner/.m2/repository/io/swagger/parser/v3/swagger-parser-v3/2.1.30/swagger-parser-v3-2.1.30.jar:/home/runner/.m2/repository/io/swagger/core/v3/swagger-models/2.2.34/swagger-models-2.2.34.jar:/home/runner/.m2/repository/io/swagger/core/v3/swagger-core/2.2.34/swagger-core-2.2.34.jar:/home/runner/.m2/repository/io/swagger/parser/v3/swagger-parser-core/2.1.30/swagger-parser-core-2.1.30.jar:/home/runner/.m2/repository/io/swagger/parser/v3/swagger-parser-safe-url-resolver/2.1.30/swagger-parser-safe-url-resolver-2.1.30.jar:/home/runner/work/apicurio-testing/apicurio-testing/clusters/ci419/namespaces/postgresql/tests/integration/apicurio-registry/schema-util/wsdl/target/apicurio-registry-schema-util-wsdl-3.0.11-SNAPSHOT.jar:/home/runner/.m2/repository/wsdl4j/wsdl4j/1.6.3/wsdl4j-1.6.3.jar:/home/runner/work/apicurio-testing/apicurio-testing/clusters/ci419/namespaces/postgresql/tests/integration/apicurio-registry/schema-util/xml/target/apicurio-registry-schema-util-xml-3.0.11-SNAPSHOT.jar:/home/runner/.m2/repository/org/apache/santuario/xmlsec/4.0.3/xmlsec-4.0.3.jar:/home/runner/.m2/repository/com/fasterxml/woodstox/woodstox-core/7.1.0/woodstox-core-7.1.0.jar:/home/runner/.m2/repository/org/codehaus/woodstox/stax2-api/4.2.2/stax2-api-4.2.2.jar:/home/runner/work/apicurio-testing/apicurio-testing/clusters/ci419/namespaces/postgresql/tests/integration/apicurio-registry/schema-util/xsd/target/apicurio-registry-schema-util-xsd-3.0.11-SNAPSHOT.jar:/home/runner/work/apicurio-testing/apicurio-testing/clusters/ci419/namespaces/postgresql/tests/integration/apicurio-registry/serdes/kafka/jsonschema-serde/target/apicurio-registry-jsonschema-serde-kafka-3.0.11-SNAPSHOT.jar:/home/runner/work/apicurio-testing/apicurio-testing/clusters/ci419/namespaces/postgresql/tests/integration/apicurio-registry/serdes/kafka/serde-kafka-common/target/apicurio-registry-serde-kafka-common-3.0.11-SNAPSHOT.jar:/home/runner/work/apicurio-testing/apicurio-testing/clusters/ci419/namespaces/postgresql/tests/integration/apicurio-registry/serdes/generic/serde-common/target/apicurio-registry-serde-common-3.0.11-SNAPSHOT.jar:/home/runner/work/apicurio-testing/apicurio-testing/clusters/ci419/namespaces/postgresql/tests/integration/apicurio-registry/serdes/generic/serde-common-jsonschema/target/apicurio-registry-serde-common-jsonschema-3.0.11-SNAPSHOT.jar:/home/runner/.m2/repository/org/json/json/20250107/json-20250107.jar:/home/runner/work/apicurio-testing/apicurio-testing/clusters/ci419/namespaces/postgresql/tests/integration/apicurio-registry/serdes/kafka/avro-serde/target/apicurio-registry-avro-serde-kafka-3.0.11-SNAPSHOT.jar:/home/runner/work/apicurio-testing/apicurio-testing/clusters/ci419/namespaces/postgresql/tests/integration/apicurio-registry/serdes/generic/serde-common-avro/target/apicurio-registry-serde-common-avro-3.0.11-SNAPSHOT.jar:/home/runner/work/apicurio-testing/apicurio-testing/clusters/ci419/namespaces/postgresql/tests/integration/apicurio-registry/serdes/kafka/protobuf-serde/target/apicurio-registry-protobuf-serde-kafka-3.0.11-SNAPSHOT.jar:/home/runner/work/apicurio-testing/apicurio-testing/clusters/ci419/namespaces/postgresql/tests/integration/apicurio-registry/serdes/generic/serde-common-protobuf/target/apicurio-registry-serde-common-protobuf-3.0.11-SNAPSHOT.jar:/home/runner/.m2/repository/com/squareup/wire/wire-schema/5.3.3/wire-schema-5.3.3.jar:/home/runner/.m2/repository/com/squareup/wire/wire-runtime/5.3.3/wire-runtime-5.3.3.jar:/home/runner/work/apicurio-testing/apicurio-testing/clusters/ci419/namespaces/postgresql/tests/integration/apicurio-registry/serdes/pulsar/avro-serde/target/apicurio-registry-avro-serde-pulsar-3.0.11-SNAPSHOT.jar:/home/runner/.m2/repository/org/apache/pulsar/pulsar-functions-api/3.3.4/pulsar-functions-api-3.3.4.jar:/home/runner/work/apicurio-testing/apicurio-testing/clusters/ci419/namespaces/postgresql/tests/integration/apicurio-registry/serdes/nats/avro-serde/target/apicurio-registry-avro-serde-nats-3.0.11-SNAPSHOT.jar:/home/runner/.m2/repository/io/nats/jnats/2.20.5/jnats-2.20.5.jar:/home/runner/.m2/repository/net/i2p/crypto/eddsa/0.3.0/eddsa-0.3.0.jar:/home/runner/work/apicurio-testing/apicurio-testing/clusters/ci419/namespaces/postgresql/tests/integration/apicurio-registry/utils/converter/target/apicurio-registry-utils-converter-3.0.11-SNAPSHOT.jar:/home/runner/work/apicurio-testing/apicurio-testing/clusters/ci419/namespaces/postgresql/tests/integration/apicurio-registry/schema-resolver/target/apicurio-registry-schema-resolver-3.0.11-SNAPSHOT.jar:/home/runner/.m2/repository/org/apache/kafka/connect-api/3.9.1/connect-api-3.9.1.jar:/home/runner/.m2/repository/javax/ws/rs/javax.ws.rs-api/2.1.1/javax.ws.rs-api-2.1.1.jar:/home/runner/.m2/repository/org/apache/kafka/connect-json/3.9.1/connect-json-3.9.1.jar:/home/runner/.m2/repository/com/fasterxml/jackson/datatype/jackson-datatype-jdk8/2.18.2/jackson-datatype-jdk8-2.18.2.jar:/home/runner/.m2/repository/com/fasterxml/jackson/module/jackson-module-afterburner/2.18.2/jackson-module-afterburner-2.18.2.jar:/home/runner/work/apicurio-testing/apicurio-testing/clusters/ci419/namespaces/postgresql/tests/integration/apicurio-registry/utils/kafka/target/apicurio-registry-utils-kafka-3.0.11-SNAPSHOT.jar:/home/runner/.m2/repository/org/apache/pulsar/pulsar-client/3.3.4/pulsar-client-3.3.4.jar:/home/runner/.m2/repository/org/apache/pulsar/pulsar-client-api/3.3.4/pulsar-client-api-3.3.4.jar:/home/runner/.m2/repository/org/apache/pulsar/pulsar-client-admin-api/3.3.4/pulsar-client-admin-api-3.3.4.jar:/home/runner/.m2/repository/org/apache/pulsar/bouncy-castle-bc/3.3.4/bouncy-castle-bc-3.3.4-pkg.jar:/home/runner/.m2/repository/org/bouncycastle/bcpkix-jdk18on/1.80/bcpkix-jdk18on-1.80.jar:/home/runner/.m2/repository/org/bouncycastle/bcutil-jdk18on/1.80/bcutil-jdk18on-1.80.jar:/home/runner/.m2/repository/org/bouncycastle/bcprov-jdk18on/1.80/bcprov-jdk18on-1.80.jar:/home/runner/.m2/repository/io/opentelemetry/opentelemetry-api/1.44.1/opentelemetry-api-1.44.1.jar:/home/runner/.m2/repository/io/opentelemetry/opentelemetry-context/1.44.1/opentelemetry-context-1.44.1.jar:/home/runner/.m2/repository/io/opentelemetry/opentelemetry-api-incubator/1.44.1-alpha/opentelemetry-api-incubator-1.44.1-alpha.jar:/home/runner/.m2/repository/com/fasterxml/jackson/core/jackson-annotations/2.18.2/jackson-annotations-2.18.2.jar:/home/runner/.m2/repository/javax/validation/validation-api/1.1.0.Final/validation-api-1.1.0.Final.jar:/home/runner/.m2/repository/io/confluent/kafka-avro-serializer/8.0.0/kafka-avro-serializer-8.0.0.jar:/home/runner/.m2/repository/org/apache/commons/commons-compress/1.27.1/commons-compress-1.27.1.jar:/home/runner/.m2/repository/io/confluent/kafka-schema-serializer/8.0.0/kafka-schema-serializer-8.0.0.jar:/home/runner/.m2/repository/com/fasterxml/jackson/dataformat/jackson-dataformat-csv/2.18.2/jackson-dataformat-csv-2.18.2.jar:/home/runner/.m2/repository/io/confluent/kafka-schema-registry-client/8.0.0/kafka-schema-registry-client-8.0.0.jar:/home/runner/.m2/repository/org/yaml/snakeyaml/2.3/snakeyaml-2.3.jar:/home/runner/.m2/repository/io/swagger/core/v3/swagger-annotations/2.2.29/swagger-annotations-2.2.29.jar:/home/runner/.m2/repository/com/google/guava/guava/33.4.0-jre/guava-33.4.0-jre.jar:/home/runner/.m2/repository/com/google/guava/failureaccess/1.0.1/failureaccess-1.0.1.jar:/home/runner/.m2/repository/org/checkerframework/checker-qual/3.49.0/checker-qual-3.49.0.jar:/home/runner/.m2/repository/io/confluent/logredactor/1.0.13/logredactor-1.0.13.jar:/home/runner/.m2/repository/com/google/re2j/re2j/1.6/re2j-1.6.jar:/home/runner/.m2/repository/io/confluent/logredactor-metrics/1.0.13/logredactor-metrics-1.0.13.jar:/home/runner/.m2/repository/com/eclipsesource/minimal-json/minimal-json/0.9.5/minimal-json-0.9.5.jar:/home/runner/.m2/repository/io/confluent/common-utils/8.0.0/common-utils-8.0.0.jar:/home/runner/.m2/repository/io/confluent/kafka-connect-avro-converter/8.0.0/kafka-connect-avro-converter-8.0.0.jar:/home/runner/.m2/repository/io/confluent/kafka-connect-avro-data/8.0.0/kafka-connect-avro-data-8.0.0.jar:/home/runner/.m2/repository/io/confluent/kafka-schema-converter/8.0.0/kafka-schema-converter-8.0.0.jar:/home/runner/.m2/repository/io/rest-assured/rest-assured/5.5.1/rest-assured-5.5.1.jar:/home/runner/.m2/repository/org/apache/groovy/groovy/4.0.22/groovy-4.0.22.jar:/home/runner/.m2/repository/org/apache/groovy/groovy-xml/4.0.22/groovy-xml-4.0.22.jar:/home/runner/.m2/repository/org/apache/httpcomponents/httpclient/4.5.14/httpclient-4.5.14.jar:/home/runner/.m2/repository/org/apache/httpcomponents/httpcore/4.4.16/httpcore-4.4.16.jar:/home/runner/.m2/repository/org/apache/httpcomponents/httpmime/4.5.14/httpmime-4.5.14.jar:/home/runner/.m2/repository/org/hamcrest/hamcrest/2.2/hamcrest-2.2.jar:/home/runner/.m2/repository/org/ccil/cowan/tagsoup/tagsoup/1.2.1/tagsoup-1.2.1.jar:/home/runner/.m2/repository/io/rest-assured/json-path/5.5.1/json-path-5.5.1.jar:/home/runner/.m2/repository/org/apache/groovy/groovy-json/4.0.22/groovy-json-4.0.22.jar:/home/runner/.m2/repository/io/rest-assured/rest-assured-common/5.5.1/rest-assured-common-5.5.1.jar:/home/runner/.m2/repository/io/rest-assured/xml-path/5.5.1/xml-path-5.5.1.jar:/home/runner/.m2/repository/io/zonky/test/embedded-postgres/2.1.0/embedded-postgres-2.1.0.jar:/home/runner/.m2/repository/io/zonky/test/postgres/embedded-postgres-binaries-windows-amd64/14.15.0/embedded-postgres-binaries-windows-amd64-14.15.0.jar:/home/runner/.m2/repository/io/zonky/test/postgres/embedded-postgres-binaries-darwin-amd64/14.15.0/embedded-postgres-binaries-darwin-amd64-14.15.0.jar:/home/runner/.m2/repository/io/zonky/test/postgres/embedded-postgres-binaries-linux-amd64/14.15.0/embedded-postgres-binaries-linux-amd64-14.15.0.jar:/home/runner/.m2/repository/io/zonky/test/postgres/embedded-postgres-binaries-linux-amd64-alpine/14.15.0/embedded-postgres-binaries-linux-amd64-alpine-14.15.0.jar:/home/runner/.m2/repository/org/apache/commons/commons-lang3/3.17.0/commons-lang3-3.17.0.jar:/home/runner/.m2/repository/org/tukaani/xz/1.10/xz-1.10.jar:/home/runner/.m2/repository/commons-codec/commons-codec/1.18.0/commons-codec-1.18.0.jar:/home/runner/.m2/repository/org/postgresql/postgresql/42.7.5/postgresql-42.7.5.jar:/home/runner/.m2/repository/commons-io/commons-io/2.18.0/commons-io-2.18.0.jar:/home/runner/work/apicurio-testing/apicurio-testing/clusters/ci419/namespaces/postgresql/tests/integration/apicurio-registry/utils/importexport/target/apicurio-registry-utils-import-export-3.0.11-SNAPSHOT.jar:/home/runner/.m2/repository/io/vertx/vertx-core/4.5.14/vertx-core-4.5.14.jar:/home/runner/.m2/repository/io/netty/netty-common/4.1.119.Final/netty-common-4.1.119.Final.jar:/home/runner/.m2/repository/io/netty/netty-buffer/4.1.119.Final/netty-buffer-4.1.119.Final.jar:/home/runner/.m2/repository/io/netty/netty-transport/4.1.119.Final/netty-transport-4.1.119.Final.jar:/home/runner/.m2/repository/io/netty/netty-handler/4.1.119.Final/netty-handler-4.1.119.Final.jar:/home/runner/.m2/repository/io/netty/netty-transport-native-unix-common/4.1.119.Final/netty-transport-native-unix-common-4.1.119.Final.jar:/home/runner/.m2/repository/io/netty/netty-codec/4.1.119.Final/netty-codec-4.1.119.Final.jar:/home/runner/.m2/repository/io/netty/netty-handler-proxy/4.1.119.Final/netty-handler-proxy-4.1.119.Final.jar:/home/runner/.m2/repository/io/netty/netty-codec-socks/4.1.119.Final/netty-codec-socks-4.1.119.Final.jar:/home/runner/.m2/repository/io/netty/netty-codec-http/4.1.119.Final/netty-codec-http-4.1.119.Final.jar:/home/runner/.m2/repository/io/netty/netty-codec-http2/4.1.119.Final/netty-codec-http2-4.1.119.Final.jar:/home/runner/.m2/repository/io/netty/netty-resolver/4.1.119.Final/netty-resolver-4.1.119.Final.jar:/home/runner/.m2/repository/io/netty/netty-resolver-dns/4.1.119.Final/netty-resolver-dns-4.1.119.Final.jar:/home/runner/.m2/repository/io/netty/netty-codec-dns/4.1.119.Final/netty-codec-dns-4.1.119.Final.jar:/home/runner/.m2/repository/com/fasterxml/jackson/core/jackson-core/2.18.2/jackson-core-2.18.2.jar:"/>
    <property name="java.vm.vendor" value="Eclipse Adoptium"/>
    <property name="maven.javadoc.skip" value="true"/>
    <property name="sun.arch.data.model" value="64"/>
    <property name="java.vendor.url" value="https://adoptium.net/"/>
    <property name="user.timezone" value="Etc/UTC"/>
    <property name="os.name" value="Linux"/>
    <property name="java.vm.specification.version" value="17"/>
    <property name="sun.java.launcher" value="SUN_STANDARD"/>
    <property name="quarkus.http.test-port" value="80"/>
    <property name="sun.boot.library.path" value="/usr/lib/jvm/temurin-17-jdk-amd64/lib"/>
    <property name="sun.java.command" value="/home/runner/work/apicurio-testing/apicurio-testing/clusters/ci419/namespaces/postgresql/tests/integration/apicurio-registry/integration-tests/target/surefire/surefirebooter-20250731181314874_3.jar /home/runner/work/apicurio-testing/apicurio-testing/clusters/ci419/namespaces/postgresql/tests/integration/apicurio-registry/integration-tests/target/surefire 2025-07-31T18-13-14_795-jvmRun1 surefire-20250731181314874_1tmp surefire_0-20250731181314874_2tmp"/>
    <property name="maven.home" value="/home/runner/.m2/wrapper/dists/apache-maven-3.9.8-bin/4fnp1ql35bgk2a0p7m31ovbgb0/apache-maven-3.9.8"/>
    <property name="jdk.debug" value="release"/>
    <property name="surefire.test.class.path" value="/home/runner/work/apicurio-testing/apicurio-testing/clusters/ci419/namespaces/postgresql/tests/integration/apicurio-registry/integration-tests/target/test-classes:/home/runner/work/apicurio-testing/apicurio-testing/clusters/ci419/namespaces/postgresql/tests/integration/apicurio-registry/integration-tests/target/apicurio-registry-integration-tests-3.0.11-SNAPSHOT.jar:/home/runner/.m2/repository/io/quarkus/quarkus-junit5/3.20.1/quarkus-junit5-3.20.1.jar:/home/runner/.m2/repository/io/quarkus/quarkus-bootstrap-core/3.20.1/quarkus-bootstrap-core-3.20.1.jar:/home/runner/.m2/repository/io/quarkus/quarkus-classloader-commons/3.20.1/quarkus-classloader-commons-3.20.1.jar:/home/runner/.m2/repository/io/quarkus/quarkus-bootstrap-app-model/3.20.1/quarkus-bootstrap-app-model-3.20.1.jar:/home/runner/.m2/repository/io/smallrye/common/smallrye-common-io/2.12.0/smallrye-common-io-2.12.0.jar:/home/runner/.m2/repository/org/eclipse/sisu/org.eclipse.sisu.inject/0.9.0.M3/org.eclipse.sisu.inject-0.9.0.M3.jar:/home/runner/.m2/repository/io/quarkus/quarkus-test-common/3.20.1/quarkus-test-common-3.20.1.jar:/home/runner/.m2/repository/io/quarkus/quarkus-core-deployment/3.20.1/quarkus-core-deployment-3.20.1.jar:/home/runner/.m2/repository/org/aesh/readline/2.6/readline-2.6.jar:/home/runner/.m2/repository/org/fusesource/jansi/jansi/2.4.0/jansi-2.4.0.jar:/home/runner/.m2/repository/org/aesh/aesh/2.8.2/aesh-2.8.2.jar:/home/runner/.m2/repository/io/quarkus/gizmo/gizmo/1.8.0/gizmo-1.8.0.jar:/home/runner/.m2/repository/org/ow2/asm/asm-util/9.7.1/asm-util-9.7.1.jar:/home/runner/.m2/repository/org/ow2/asm/asm-analysis/9.7.1/asm-analysis-9.7.1.jar:/home/runner/.m2/repository/org/ow2/asm/asm-commons/9.7.1/asm-commons-9.7.1.jar:/home/runner/.m2/repository/org/ow2/asm/asm-tree/9.7.1/asm-tree-9.7.1.jar:/home/runner/.m2/repository/io/quarkus/quarkus-hibernate-validator-spi/3.20.1/quarkus-hibernate-validator-spi-3.20.1.jar:/home/runner/.m2/repository/io/quarkus/quarkus-class-change-agent/3.20.1/quarkus-class-change-agent-3.20.1.jar:/home/runner/.m2/repository/io/quarkus/quarkus-devtools-utilities/3.20.1/quarkus-devtools-utilities-3.20.1.jar:/home/runner/.m2/repository/io/quarkus/quarkus-builder/3.20.1/quarkus-builder-3.20.1.jar:/home/runner/.m2/repository/org/graalvm/sdk/nativeimage/23.1.2/nativeimage-23.1.2.jar:/home/runner/.m2/repository/org/graalvm/sdk/word/23.1.2/word-23.1.2.jar:/home/runner/.m2/repository/io/quarkus/quarkus-bootstrap-maven-resolver/3.20.1/quarkus-bootstrap-maven-resolver-3.20.1.jar:/home/runner/.m2/repository/io/smallrye/beanbag/smallrye-beanbag-maven/1.5.2/smallrye-beanbag-maven-1.5.2.jar:/home/runner/.m2/repository/io/smallrye/beanbag/smallrye-beanbag-sisu/1.5.2/smallrye-beanbag-sisu-1.5.2.jar:/home/runner/.m2/repository/io/smallrye/beanbag/smallrye-beanbag/1.5.2/smallrye-beanbag-1.5.2.jar:/home/runner/.m2/repository/javax/inject/javax.inject/1/javax.inject-1.jar:/home/runner/.m2/repository/org/apache/maven/maven-artifact/3.9.9/maven-artifact-3.9.9.jar:/home/runner/.m2/repository/org/apache/maven/maven-builder-support/3.9.9/maven-builder-support-3.9.9.jar:/home/runner/.m2/repository/org/apache/maven/maven-model/3.9.9/maven-model-3.9.9.jar:/home/runner/.m2/repository/org/apache/maven/maven-model-builder/3.9.9/maven-model-builder-3.9.9.jar:/home/runner/.m2/repository/org/apache/maven/maven-repository-metadata/3.9.9/maven-repository-metadata-3.9.9.jar:/home/runner/.m2/repository/org/apache/maven/maven-settings/3.9.9/maven-settings-3.9.9.jar:/home/runner/.m2/repository/org/apache/maven/resolver/maven-resolver-api/1.9.22/maven-resolver-api-1.9.22.jar:/home/runner/.m2/repository/org/apache/maven/resolver/maven-resolver-impl/1.9.22/maven-resolver-impl-1.9.22.jar:/home/runner/.m2/repository/org/apache/maven/resolver/maven-resolver-named-locks/1.9.22/maven-resolver-named-locks-1.9.22.jar:/home/runner/.m2/repository/org/apache/maven/resolver/maven-resolver-spi/1.9.22/maven-resolver-spi-1.9.22.jar:/home/runner/.m2/repository/org/apache/maven/resolver/maven-resolver-util/1.9.22/maven-resolver-util-1.9.22.jar:/home/runner/.m2/repository/org/apache/maven/resolver/maven-resolver-transport-http/1.9.20/maven-resolver-transport-http-1.9.20.jar:/home/runner/.m2/repository/org/apache/maven/wagon/wagon-provider-api/3.5.3/wagon-provider-api-3.5.3.jar:/home/runner/.m2/repository/org/apache/maven/wagon/wagon-http-shared/3.5.3/wagon-http-shared-3.5.3.jar:/home/runner/.m2/repository/org/codehaus/plexus/plexus-interpolation/1.26/plexus-interpolation-1.26.jar:/home/runner/.m2/repository/org/codehaus/plexus/plexus-utils/3.5.1/plexus-utils-3.5.1.jar:/home/runner/.m2/repository/org/codehaus/plexus/plexus-xml/4.0.1/plexus-xml-4.0.1.jar:/home/runner/.m2/repository/org/apache/maven/maven-xml-impl/4.0.0-alpha-5/maven-xml-impl-4.0.0-alpha-5.jar:/home/runner/.m2/repository/org/apache/maven/maven-api-xml/4.0.0-alpha-5/maven-api-xml-4.0.0-alpha-5.jar:/home/runner/.m2/repository/org/apache/maven/maven-api-meta/4.0.0-alpha-5/maven-api-meta-4.0.0-alpha-5.jar:/home/runner/.m2/repository/org/codehaus/plexus/plexus-cipher/2.0/plexus-cipher-2.0.jar:/home/runner/.m2/repository/org/codehaus/plexus/plexus-sec-dispatcher/2.0/plexus-sec-dispatcher-2.0.jar:/home/runner/.m2/repository/org/apache/maven/maven-embedder/3.9.9/maven-embedder-3.9.9.jar:/home/runner/.m2/repository/org/apache/maven/maven-core/3.9.9/maven-core-3.9.9.jar:/home/runner/.m2/repository/org/codehaus/plexus/plexus-component-annotations/2.1.0/plexus-component-annotations-2.1.0.jar:/home/runner/.m2/repository/org/apache/maven/maven-plugin-api/3.9.9/maven-plugin-api-3.9.9.jar:/home/runner/.m2/repository/org/apache/maven/shared/maven-shared-utils/3.4.2/maven-shared-utils-3.4.2.jar:/home/runner/.m2/repository/com/google/inject/guice/5.1.0/guice-5.1.0.jar:/home/runner/.m2/repository/aopalliance/aopalliance/1.0/aopalliance-1.0.jar:/home/runner/.m2/repository/org/codehaus/plexus/plexus-classworlds/2.6.0/plexus-classworlds-2.6.0.jar:/home/runner/.m2/repository/commons-cli/commons-cli/1.8.0/commons-cli-1.8.0.jar:/home/runner/.m2/repository/org/eclipse/sisu/org.eclipse.sisu.plexus/0.9.0.M3/org.eclipse.sisu.plexus-0.9.0.M3.jar:/home/runner/.m2/repository/org/apache/maven/maven-settings-builder/3.9.9/maven-settings-builder-3.9.9.jar:/home/runner/.m2/repository/org/apache/maven/maven-resolver-provider/3.9.9/maven-resolver-provider-3.9.9.jar:/home/runner/.m2/repository/org/apache/maven/resolver/maven-resolver-connector-basic/1.9.22/maven-resolver-connector-basic-1.9.22.jar:/home/runner/.m2/repository/org/apache/maven/resolver/maven-resolver-transport-wagon/1.9.22/maven-resolver-transport-wagon-1.9.22.jar:/home/runner/.m2/repository/org/apache/maven/wagon/wagon-http/3.5.3/wagon-http-3.5.3.jar:/home/runner/.m2/repository/org/apache/maven/wagon/wagon-file/3.5.3/wagon-file-3.5.3.jar:/home/runner/.m2/repository/io/quarkus/quarkus-bootstrap-gradle-resolver/3.20.1/quarkus-bootstrap-gradle-resolver-3.20.1.jar:/home/runner/.m2/repository/io/smallrye/jandex/3.3.0/jandex-3.3.0.jar:/home/runner/.m2/repository/org/jboss/logging/commons-logging-jboss-logging/1.0.0.Final/commons-logging-jboss-logging-1.0.0.Final.jar:/home/runner/.m2/repository/io/quarkus/quarkus-junit5-config/3.20.1/quarkus-junit5-config-3.20.1.jar:/home/runner/.m2/repository/org/junit/jupiter/junit-jupiter-api/5.12.1/junit-jupiter-api-5.12.1.jar:/home/runner/.m2/repository/io/smallrye/config/smallrye-config/3.11.4/smallrye-config-3.11.4.jar:/home/runner/.m2/repository/io/smallrye/config/smallrye-config-core/3.11.4/smallrye-config-core-3.11.4.jar:/home/runner/.m2/repository/io/smallrye/common/smallrye-common-classloader/2.12.0/smallrye-common-classloader-2.12.0.jar:/home/runner/.m2/repository/io/smallrye/config/smallrye-config-common/3.11.4/smallrye-config-common-3.11.4.jar:/home/runner/.m2/repository/org/junit/jupiter/junit-jupiter/5.12.1/junit-jupiter-5.12.1.jar:/home/runner/.m2/repository/org/junit/jupiter/junit-jupiter-params/5.12.1/junit-jupiter-params-5.12.1.jar:/home/runner/.m2/repository/org/junit/jupiter/junit-jupiter-engine/5.12.1/junit-jupiter-engine-5.12.1.jar:/home/runner/.m2/repository/io/quarkus/quarkus-core/3.20.1/quarkus-core-3.20.1.jar:/home/runner/.m2/repository/jakarta/enterprise/jakarta.enterprise.cdi-api/4.1.0/jakarta.enterprise.cdi-api-4.1.0.jar:/home/runner/.m2/repository/jakarta/enterprise/jakarta.enterprise.lang-model/4.1.0/jakarta.enterprise.lang-model-4.1.0.jar:/home/runner/.m2/repository/jakarta/el/jakarta.el-api/5.0.1/jakarta.el-api-5.0.1.jar:/home/runner/.m2/repository/jakarta/interceptor/jakarta.interceptor-api/2.2.0/jakarta.interceptor-api-2.2.0.jar:/home/runner/.m2/repository/jakarta/inject/jakarta.inject-api/2.0.1/jakarta.inject-api-2.0.1.jar:/home/runner/.m2/repository/io/smallrye/common/smallrye-common-os/2.12.0/smallrye-common-os-2.12.0.jar:/home/runner/.m2/repository/io/quarkus/quarkus-ide-launcher/3.20.1/quarkus-ide-launcher-3.20.1.jar:/home/runner/.m2/repository/io/quarkus/quarkus-development-mode-spi/3.20.1/quarkus-development-mode-spi-3.20.1.jar:/home/runner/.m2/repository/org/jboss/logging/jboss-logging/3.6.1.Final/jboss-logging-3.6.1.Final.jar:/home/runner/.m2/repository/org/jboss/logmanager/jboss-logmanager/3.1.2.Final/jboss-logmanager-3.1.2.Final.jar:/home/runner/.m2/repository/io/smallrye/common/smallrye-common-constraint/2.12.0/smallrye-common-constraint-2.12.0.jar:/home/runner/.m2/repository/io/smallrye/common/smallrye-common-cpu/2.12.0/smallrye-common-cpu-2.12.0.jar:/home/runner/.m2/repository/io/smallrye/common/smallrye-common-expression/2.12.0/smallrye-common-expression-2.12.0.jar:/home/runner/.m2/repository/io/smallrye/common/smallrye-common-net/2.12.0/smallrye-common-net-2.12.0.jar:/home/runner/.m2/repository/io/smallrye/common/smallrye-common-ref/2.12.0/smallrye-common-ref-2.12.0.jar:/home/runner/.m2/repository/jakarta/json/jakarta.json-api/2.1.3/jakarta.json-api-2.1.3.jar:/home/runner/.m2/repository/org/eclipse/parsson/parsson/1.1.7/parsson-1.1.7.jar:/home/runner/.m2/repository/org/jboss/logging/jboss-logging-annotations/3.0.4.Final/jboss-logging-annotations-3.0.4.Final.jar:/home/runner/.m2/repository/org/jboss/threads/jboss-threads/3.8.0.Final/jboss-threads-3.8.0.Final.jar:/home/runner/.m2/repository/io/smallrye/common/smallrye-common-annotation/2.12.0/smallrye-common-annotation-2.12.0.jar:/home/runner/.m2/repository/io/smallrye/common/smallrye-common-function/2.12.0/smallrye-common-function-2.12.0.jar:/home/runner/.m2/repository/org/jboss/slf4j/slf4j-jboss-logmanager/2.0.0.Final/slf4j-jboss-logmanager-2.0.0.Final.jar:/home/runner/.m2/repository/org/wildfly/common/wildfly-common/2.0.1/wildfly-common-2.0.1.jar:/home/runner/.m2/repository/io/quarkus/quarkus-bootstrap-runner/3.20.1/quarkus-bootstrap-runner-3.20.1.jar:/home/runner/.m2/repository/io/github/crac/org-crac/0.1.3/org-crac-0.1.3.jar:/home/runner/.m2/repository/io/quarkus/quarkus-fs-util/0.0.10/quarkus-fs-util-0.0.10.jar:/home/runner/.m2/repository/org/jboss/marshalling/jboss-marshalling/2.2.2.Final/jboss-marshalling-2.2.2.Final.jar:/home/runner/.m2/repository/io/fabric8/kubernetes-client/7.1.0/kubernetes-client-7.1.0.jar:/home/runner/.m2/repository/io/fabric8/kubernetes-client-api/7.1.0/kubernetes-client-api-7.1.0.jar:/home/runner/.m2/repository/io/fabric8/kubernetes-model-core/7.1.0/kubernetes-model-core-7.1.0.jar:/home/runner/.m2/repository/io/fabric8/kubernetes-model-common/7.1.0/kubernetes-model-common-7.1.0.jar:/home/runner/.m2/repository/javax/annotation/javax.annotation-api/1.3.2/javax.annotation-api-1.3.2.jar:/home/runner/.m2/repository/io/fabric8/kubernetes-model-gatewayapi/7.1.0/kubernetes-model-gatewayapi-7.1.0.jar:/home/runner/.m2/repository/io/fabric8/kubernetes-model-resource/7.1.0/kubernetes-model-resource-7.1.0.jar:/home/runner/.m2/repository/io/fabric8/kubernetes-model-rbac/7.1.0/kubernetes-model-rbac-7.1.0.jar:/home/runner/.m2/repository/io/fabric8/kubernetes-model-admissionregistration/7.1.0/kubernetes-model-admissionregistration-7.1.0.jar:/home/runner/.m2/repository/io/fabric8/kubernetes-model-apps/7.1.0/kubernetes-model-apps-7.1.0.jar:/home/runner/.m2/repository/io/fabric8/kubernetes-model-autoscaling/7.1.0/kubernetes-model-autoscaling-7.1.0.jar:/home/runner/.m2/repository/io/fabric8/kubernetes-model-apiextensions/7.1.0/kubernetes-model-apiextensions-7.1.0.jar:/home/runner/.m2/repository/io/fabric8/kubernetes-model-batch/7.1.0/kubernetes-model-batch-7.1.0.jar:/home/runner/.m2/repository/io/fabric8/kubernetes-model-certificates/7.1.0/kubernetes-model-certificates-7.1.0.jar:/home/runner/.m2/repository/io/fabric8/kubernetes-model-coordination/7.1.0/kubernetes-model-coordination-7.1.0.jar:/home/runner/.m2/repository/io/fabric8/kubernetes-model-discovery/7.1.0/kubernetes-model-discovery-7.1.0.jar:/home/runner/.m2/repository/io/fabric8/kubernetes-model-events/7.1.0/kubernetes-model-events-7.1.0.jar:/home/runner/.m2/repository/io/fabric8/kubernetes-model-extensions/7.1.0/kubernetes-model-extensions-7.1.0.jar:/home/runner/.m2/repository/io/fabric8/kubernetes-model-flowcontrol/7.1.0/kubernetes-model-flowcontrol-7.1.0.jar:/home/runner/.m2/repository/io/fabric8/kubernetes-model-networking/7.1.0/kubernetes-model-networking-7.1.0.jar:/home/runner/.m2/repository/io/fabric8/kubernetes-model-metrics/7.1.0/kubernetes-model-metrics-7.1.0.jar:/home/runner/.m2/repository/io/fabric8/kubernetes-model-policy/7.1.0/kubernetes-model-policy-7.1.0.jar:/home/runner/.m2/repository/io/fabric8/kubernetes-model-scheduling/7.1.0/kubernetes-model-scheduling-7.1.0.jar:/home/runner/.m2/repository/io/fabric8/kubernetes-model-storageclass/7.1.0/kubernetes-model-storageclass-7.1.0.jar:/home/runner/.m2/repository/io/fabric8/kubernetes-model-node/7.1.0/kubernetes-model-node-7.1.0.jar:/home/runner/.m2/repository/org/snakeyaml/snakeyaml-engine/2.9/snakeyaml-engine-2.9.jar:/home/runner/.m2/repository/com/fasterxml/jackson/dataformat/jackson-dataformat-yaml/2.15.2/jackson-dataformat-yaml-2.15.2.jar:/home/runner/.m2/repository/com/fasterxml/jackson/datatype/jackson-datatype-jsr310/2.18.2/jackson-datatype-jsr310-2.18.2.jar:/home/runner/.m2/repository/io/fabric8/zjsonpatch/7.1.0/zjsonpatch-7.1.0.jar:/home/runner/.m2/repository/io/fabric8/kubernetes-httpclient-vertx/7.1.0/kubernetes-httpclient-vertx-7.1.0.jar:/home/runner/.m2/repository/io/vertx/vertx-web-client/4.5.14/vertx-web-client-4.5.14.jar:/home/runner/.m2/repository/io/vertx/vertx-web-common/4.5.14/vertx-web-common-4.5.14.jar:/home/runner/.m2/repository/io/vertx/vertx-auth-common/4.5.14/vertx-auth-common-4.5.14.jar:/home/runner/.m2/repository/io/vertx/vertx-uri-template/4.5.14/vertx-uri-template-4.5.14.jar:/home/runner/.m2/repository/io/fabric8/openshift-client/7.1.0/openshift-client-7.1.0.jar:/home/runner/.m2/repository/io/fabric8/openshift-client-api/7.1.0/openshift-client-api-7.1.0.jar:/home/runner/.m2/repository/io/fabric8/openshift-model/7.1.0/openshift-model-7.1.0.jar:/home/runner/.m2/repository/io/fabric8/openshift-model-autoscaling/7.1.0/openshift-model-autoscaling-7.1.0.jar:/home/runner/.m2/repository/io/fabric8/openshift-model-operator/7.1.0/openshift-model-operator-7.1.0.jar:/home/runner/.m2/repository/io/fabric8/openshift-model-operatorhub/7.1.0/openshift-model-operatorhub-7.1.0.jar:/home/runner/.m2/repository/io/fabric8/openshift-model-machine/7.1.0/openshift-model-machine-7.1.0.jar:/home/runner/.m2/repository/io/fabric8/openshift-model-whereabouts/7.1.0/openshift-model-whereabouts-7.1.0.jar:/home/runner/.m2/repository/io/fabric8/openshift-model-monitoring/7.1.0/openshift-model-monitoring-7.1.0.jar:/home/runner/.m2/repository/io/fabric8/openshift-model-storageversionmigrator/7.1.0/openshift-model-storageversionmigrator-7.1.0.jar:/home/runner/.m2/repository/io/fabric8/openshift-model-tuned/7.1.0/openshift-model-tuned-7.1.0.jar:/home/runner/.m2/repository/io/fabric8/openshift-model-console/7.1.0/openshift-model-console-7.1.0.jar:/home/runner/.m2/repository/io/fabric8/openshift-model-config/7.1.0/openshift-model-config-7.1.0.jar:/home/runner/.m2/repository/io/fabric8/openshift-model-machineconfiguration/7.1.0/openshift-model-machineconfiguration-7.1.0.jar:/home/runner/.m2/repository/io/fabric8/openshift-model-miscellaneous/7.1.0/openshift-model-miscellaneous-7.1.0.jar:/home/runner/.m2/repository/io/fabric8/openshift-model-hive/7.1.0/openshift-model-hive-7.1.0.jar:/home/runner/.m2/repository/io/fabric8/openshift-model-installer/7.1.0/openshift-model-installer-7.1.0.jar:/home/runner/.m2/repository/org/junit/platform/junit-platform-launcher/1.12.1/junit-platform-launcher-1.12.1.jar:/home/runner/.m2/repository/org/junit/platform/junit-platform-engine/1.12.1/junit-platform-engine-1.12.1.jar:/home/runner/.m2/repository/org/opentest4j/opentest4j/1.3.0/opentest4j-1.3.0.jar:/home/runner/.m2/repository/org/junit/platform/junit-platform-commons/1.12.1/junit-platform-commons-1.12.1.jar:/home/runner/.m2/repository/org/apiguardian/apiguardian-api/1.1.2/apiguardian-api-1.1.2.jar:/home/runner/.m2/repository/jakarta/ws/rs/jakarta.ws.rs-api/3.1.0/jakarta.ws.rs-api-3.1.0.jar:/home/runner/work/apicurio-testing/apicurio-testing/clusters/ci419/namespaces/postgresql/tests/integration/apicurio-registry/java-sdk/target/apicurio-registry-java-sdk-3.0.11-SNAPSHOT.jar:/home/runner/.m2/repository/com/microsoft/kiota/microsoft-kiota-abstractions/1.8.8/microsoft-kiota-abstractions-1.8.8.jar:/home/runner/.m2/repository/io/github/std-uritemplate/std-uritemplate/2.0.0/std-uritemplate-2.0.0.jar:/home/runner/.m2/repository/io/kiota/kiota-http-jdk/0.0.21/kiota-http-jdk-0.0.21.jar:/home/runner/.m2/repository/io/kiota/kiota-http-vertx/0.0.21/kiota-http-vertx-0.0.21.jar:/home/runner/.m2/repository/io/kiota/kiota-serialization-jackson/0.0.21/kiota-serialization-jackson-0.0.21.jar:/home/runner/.m2/repository/com/microsoft/kiota/microsoft-kiota-serialization-text/1.8.8/microsoft-kiota-serialization-text-1.8.8.jar:/home/runner/.m2/repository/com/microsoft/kiota/microsoft-kiota-serialization-form/1.8.8/microsoft-kiota-serialization-form-1.8.8.jar:/home/runner/.m2/repository/com/microsoft/kiota/microsoft-kiota-serialization-multipart/1.8.8/microsoft-kiota-serialization-multipart-1.8.8.jar:/home/runner/.m2/repository/jakarta/annotation/jakarta.annotation-api/3.0.0/jakarta.annotation-api-3.0.0.jar:/home/runner/.m2/repository/io/vertx/vertx-auth-oauth2/4.5.14/vertx-auth-oauth2-4.5.14.jar:/home/runner/work/apicurio-testing/apicurio-testing/clusters/ci419/namespaces/postgresql/tests/integration/apicurio-registry/java-sdk-v2/target/apicurio-registry-v2-java-sdk-3.0.11-SNAPSHOT.jar:/home/runner/work/apicurio-testing/apicurio-testing/clusters/ci419/namespaces/postgresql/tests/integration/apicurio-registry/utils/kafka/target/apicurio-registry-utils-kafka-3.0.11-SNAPSHOT-tests.jar:/home/runner/.m2/repository/org/eclipse/microprofile/config/microprofile-config-api/3.1/microprofile-config-api-3.1.jar:/home/runner/.m2/repository/org/apache/kafka/kafka-clients/3.9.1/kafka-clients-3.9.1.jar:/home/runner/.m2/repository/com/github/luben/zstd-jni/1.5.6-4/zstd-jni-1.5.6-4.jar:/home/runner/.m2/repository/org/lz4/lz4-java/1.8.0/lz4-java-1.8.0.jar:/home/runner/.m2/repository/org/xerial/snappy/snappy-java/1.1.10.5/snappy-java-1.1.10.5.jar:/home/runner/.m2/repository/org/slf4j/slf4j-api/2.0.6/slf4j-api-2.0.6.jar:/home/runner/work/apicurio-testing/apicurio-testing/clusters/ci419/namespaces/postgresql/tests/integration/apicurio-registry/utils/tests/target/apicurio-registry-utils-tests-3.0.11-SNAPSHOT.jar:/home/runner/work/apicurio-testing/apicurio-testing/clusters/ci419/namespaces/postgresql/tests/integration/apicurio-registry/common/target/apicurio-registry-common-3.0.11-SNAPSHOT.jar:/home/runner/.m2/repository/jakarta/validation/jakarta.validation-api/3.0.2/jakarta.validation-api-3.0.2.jar:/home/runner/.m2/repository/com/github/dasniko/testcontainers-keycloak/3.6.0/testcontainers-keycloak-3.6.0.jar:/home/runner/.m2/repository/org/testcontainers/testcontainers/1.20.6/testcontainers-1.20.6.jar:/home/runner/.m2/repository/org/rnorth/duct-tape/duct-tape/1.0.8/duct-tape-1.0.8.jar:/home/runner/.m2/repository/org/jetbrains/annotations/26.0.2/annotations-26.0.2.jar:/home/runner/.m2/repository/com/github/docker-java/docker-java-transport-zerodep/3.4.1/docker-java-transport-zerodep-3.4.1.jar:/home/runner/.m2/repository/com/github/docker-java/docker-java-transport/3.4.1/docker-java-transport-3.4.1.jar:/home/runner/.m2/repository/net/java/dev/jna/jna/5.8.0/jna-5.8.0.jar:/home/runner/.m2/repository/io/quarkus/quarkus-junit4-mock/3.20.1/quarkus-junit4-mock-3.20.1.jar:/home/runner/.m2/repository/org/jboss/shrinkwrap/shrinkwrap-api/2.0.0-beta-2/shrinkwrap-api-2.0.0-beta-2.jar:/home/runner/.m2/repository/org/jboss/shrinkwrap/shrinkwrap-impl-base/2.0.0-beta-2/shrinkwrap-impl-base-2.0.0-beta-2.jar:/home/runner/.m2/repository/org/jboss/shrinkwrap/shrinkwrap-spi/2.0.0-beta-2/shrinkwrap-spi-2.0.0-beta-2.jar:/home/runner/.m2/repository/org/keycloak/keycloak-admin-client/26.0.4/keycloak-admin-client-26.0.4.jar:/home/runner/.m2/repository/org/keycloak/keycloak-client-common-synced/26.0.4/keycloak-client-common-synced-26.0.4.jar:/home/runner/.m2/repository/jakarta/activation/jakarta.activation-api/2.1.3/jakarta.activation-api-2.1.3.jar:/home/runner/.m2/repository/org/eclipse/microprofile/openapi/microprofile-openapi-api/4.0.2/microprofile-openapi-api-4.0.2.jar:/home/runner/.m2/repository/org/jboss/resteasy/resteasy-client/6.2.12.Final/resteasy-client-6.2.12.Final.jar:/home/runner/.m2/repository/org/jboss/resteasy/resteasy-client-api/6.2.12.Final/resteasy-client-api-6.2.12.Final.jar:/home/runner/.m2/repository/org/jboss/resteasy/resteasy-core-spi/6.2.12.Final/resteasy-core-spi-6.2.12.Final.jar:/home/runner/.m2/repository/org/jboss/resteasy/resteasy-core/6.2.12.Final/resteasy-core-6.2.12.Final.jar:/home/runner/.m2/repository/org/eclipse/angus/angus-activation/2.0.2/angus-activation-2.0.2.jar:/home/runner/.m2/repository/com/ibm/async/asyncutil/0.1.0/asyncutil-0.1.0.jar:/home/runner/.m2/repository/org/reactivestreams/reactive-streams/1.0.4/reactive-streams-1.0.4.jar:/home/runner/.m2/repository/org/jboss/resteasy/resteasy-multipart-provider/6.2.12.Final/resteasy-multipart-provider-6.2.12.Final.jar:/home/runner/.m2/repository/jakarta/mail/jakarta.mail-api/2.1.3/jakarta.mail-api-2.1.3.jar:/home/runner/.m2/repository/org/eclipse/angus/angus-mail/2.0.3/angus-mail-2.0.3.jar:/home/runner/.m2/repository/org/apache/james/apache-mime4j-dom/0.8.12/apache-mime4j-dom-0.8.12.jar:/home/runner/.m2/repository/org/apache/james/apache-mime4j-core/0.8.12/apache-mime4j-core-0.8.12.jar:/home/runner/.m2/repository/org/apache/james/apache-mime4j-storage/0.8.12/apache-mime4j-storage-0.8.12.jar:/home/runner/.m2/repository/org/jboss/resteasy/resteasy-jackson2-provider/6.2.12.Final/resteasy-jackson2-provider-6.2.12.Final.jar:/home/runner/.m2/repository/com/fasterxml/jackson/jakarta/rs/jackson-jakarta-rs-base/2.18.2/jackson-jakarta-rs-base-2.18.2.jar:/home/runner/.m2/repository/com/fasterxml/jackson/jakarta/rs/jackson-jakarta-rs-json-provider/2.18.2/jackson-jakarta-rs-json-provider-2.18.2.jar:/home/runner/.m2/repository/com/fasterxml/jackson/module/jackson-module-jakarta-xmlbind-annotations/2.18.2/jackson-module-jakarta-xmlbind-annotations-2.18.2.jar:/home/runner/.m2/repository/com/github/java-json-tools/json-patch/1.13/json-patch-1.13.jar:/home/runner/.m2/repository/com/github/java-json-tools/msg-simple/1.2/msg-simple-1.2.jar:/home/runner/.m2/repository/com/github/java-json-tools/btf/1.3/btf-1.3.jar:/home/runner/.m2/repository/com/github/java-json-tools/jackson-coreutils/2.0/jackson-coreutils-2.0.jar:/home/runner/.m2/repository/org/jboss/resteasy/resteasy-jaxb-provider/6.2.12.Final/resteasy-jaxb-provider-6.2.12.Final.jar:/home/runner/.m2/repository/org/glassfish/jaxb/codemodel/4.0.5/codemodel-4.0.5.jar:/home/runner/.m2/repository/org/glassfish/jaxb/jaxb-core/4.0.5/jaxb-core-4.0.5.jar:/home/runner/.m2/repository/org/glassfish/jaxb/jaxb-jxc/4.0.5/jaxb-jxc-4.0.5.jar:/home/runner/.m2/repository/org/glassfish/jaxb/jaxb-runtime/4.0.5/jaxb-runtime-4.0.5.jar:/home/runner/.m2/repository/org/glassfish/jaxb/txw2/4.0.5/txw2-4.0.5.jar:/home/runner/.m2/repository/org/glassfish/jaxb/jaxb-xjc/4.0.5/jaxb-xjc-4.0.5.jar:/home/runner/.m2/repository/org/glassfish/jaxb/xsom/4.0.5/xsom-4.0.5.jar:/home/runner/.m2/repository/com/sun/istack/istack-commons-runtime/4.1.2/istack-commons-runtime-4.1.2.jar:/home/runner/.m2/repository/com/sun/istack/istack-commons-tools/4.1.2/istack-commons-tools-4.1.2.jar:/home/runner/.m2/repository/com/sun/xml/bind/external/relaxng-datatype/4.0.5/relaxng-datatype-4.0.5.jar:/home/runner/.m2/repository/com/sun/xml/bind/external/rngom/4.0.5/rngom-4.0.5.jar:/home/runner/.m2/repository/org/testcontainers/mssqlserver/1.20.6/mssqlserver-1.20.6.jar:/home/runner/.m2/repository/org/testcontainers/jdbc/1.20.6/jdbc-1.20.6.jar:/home/runner/.m2/repository/org/testcontainers/database-commons/1.20.6/database-commons-1.20.6.jar:/home/runner/.m2/repository/org/testcontainers/mysql/1.20.6/mysql-1.20.6.jar:/home/runner/.m2/repository/io/strimzi/strimzi-test-container/0.107.0/strimzi-test-container-0.107.0.jar:/home/runner/.m2/repository/org/testcontainers/toxiproxy/1.20.6/toxiproxy-1.20.6.jar:/home/runner/.m2/repository/com/github/docker-java/docker-java-api/3.4.1/docker-java-api-3.4.1.jar:/home/runner/.m2/repository/eu/rekawek/toxiproxy/toxiproxy-java/2.1.7/toxiproxy-java-2.1.7.jar:/home/runner/.m2/repository/junit/junit/4.13.2/junit-4.13.2.jar:/home/runner/.m2/repository/org/hamcrest/hamcrest-core/1.3/hamcrest-core-1.3.jar:/home/runner/.m2/repository/org/testcontainers/pulsar/1.20.4/pulsar-1.20.4.jar:/home/runner/.m2/repository/io/debezium/debezium-testing-testcontainers/2.6.2.Final/debezium-testing-testcontainers-2.6.2.Final.jar:/home/runner/.m2/repository/org/testcontainers/kafka/1.20.6/kafka-1.20.6.jar:/home/runner/.m2/repository/com/squareup/okhttp3/okhttp/4.8.1/okhttp-4.8.1.jar:/home/runner/.m2/repository/com/squareup/okio/okio/3.10.2/okio-3.10.2.jar:/home/runner/.m2/repository/com/squareup/okio/okio-jvm/3.10.2/okio-jvm-3.10.2.jar:/home/runner/.m2/repository/org/jetbrains/kotlin/kotlin-stdlib/2.0.21/kotlin-stdlib-2.0.21.jar:/home/runner/.m2/repository/org/awaitility/awaitility/4.2.2/awaitility-4.2.2.jar:/home/runner/.m2/repository/org/testcontainers/mongodb/1.20.6/mongodb-1.20.6.jar:/home/runner/.m2/repository/org/testcontainers/oracle-xe/1.20.6/oracle-xe-1.20.6.jar:/home/runner/.m2/repository/org/testcontainers/postgresql/1.20.6/postgresql-1.20.6.jar:/home/runner/.m2/repository/org/wiremock/wiremock/3.0.1/wiremock-3.0.1.jar:/home/runner/.m2/repository/org/eclipse/jetty/jetty-server/11.0.15/jetty-server-11.0.15.jar:/home/runner/.m2/repository/org/eclipse/jetty/toolchain/jetty-jakarta-servlet-api/5.0.2/jetty-jakarta-servlet-api-5.0.2.jar:/home/runner/.m2/repository/org/eclipse/jetty/jetty-http/11.0.15/jetty-http-11.0.15.jar:/home/runner/.m2/repository/org/eclipse/jetty/jetty-io/11.0.15/jetty-io-11.0.15.jar:/home/runner/.m2/repository/org/eclipse/jetty/jetty-servlet/11.0.15/jetty-servlet-11.0.15.jar:/home/runner/.m2/repository/org/eclipse/jetty/jetty-security/11.0.15/jetty-security-11.0.15.jar:/home/runner/.m2/repository/org/eclipse/jetty/jetty-servlets/11.0.15/jetty-servlets-11.0.15.jar:/home/runner/.m2/repository/org/eclipse/jetty/jetty-util/11.0.15/jetty-util-11.0.15.jar:/home/runner/.m2/repository/org/eclipse/jetty/jetty-webapp/11.0.15/jetty-webapp-11.0.15.jar:/home/runner/.m2/repository/org/eclipse/jetty/jetty-xml/11.0.15/jetty-xml-11.0.15.jar:/home/runner/.m2/repository/org/eclipse/jetty/jetty-proxy/11.0.15/jetty-proxy-11.0.15.jar:/home/runner/.m2/repository/org/eclipse/jetty/jetty-client/11.0.15/jetty-client-11.0.15.jar:/home/runner/.m2/repository/org/eclipse/jetty/http2/http2-server/11.0.15/http2-server-11.0.15.jar:/home/runner/.m2/repository/org/eclipse/jetty/http2/http2-common/11.0.15/http2-common-11.0.15.jar:/home/runner/.m2/repository/org/eclipse/jetty/http2/http2-hpack/11.0.15/http2-hpack-11.0.15.jar:/home/runner/.m2/repository/org/eclipse/jetty/jetty-alpn-server/11.0.15/jetty-alpn-server-11.0.15.jar:/home/runner/.m2/repository/org/eclipse/jetty/jetty-alpn-java-server/11.0.15/jetty-alpn-java-server-11.0.15.jar:/home/runner/.m2/repository/org/eclipse/jetty/jetty-alpn-java-client/11.0.15/jetty-alpn-java-client-11.0.15.jar:/home/runner/.m2/repository/org/eclipse/jetty/jetty-alpn-client/11.0.15/jetty-alpn-client-11.0.15.jar:/home/runner/.m2/repository/org/apache/httpcomponents/client5/httpclient5/5.2.1/httpclient5-5.2.1.jar:/home/runner/.m2/repository/org/apache/httpcomponents/core5/httpcore5/5.2/httpcore5-5.2.jar:/home/runner/.m2/repository/org/apache/httpcomponents/core5/httpcore5-h2/5.2/httpcore5-h2-5.2.jar:/home/runner/.m2/repository/org/xmlunit/xmlunit-core/2.9.1/xmlunit-core-2.9.1.jar:/home/runner/.m2/repository/jakarta/xml/bind/jakarta.xml.bind-api/4.0.2/jakarta.xml.bind-api-4.0.2.jar:/home/runner/.m2/repository/org/xmlunit/xmlunit-legacy/2.9.1/xmlunit-legacy-2.9.1.jar:/home/runner/.m2/repository/org/xmlunit/xmlunit-placeholders/2.9.1/xmlunit-placeholders-2.9.1.jar:/home/runner/.m2/repository/net/javacrumbs/json-unit/json-unit-core/2.38.0/json-unit-core-2.38.0.jar:/home/runner/.m2/repository/com/jayway/jsonpath/json-path/2.8.0/json-path-2.8.0.jar:/home/runner/.m2/repository/net/minidev/json-smart/2.4.10/json-smart-2.4.10.jar:/home/runner/.m2/repository/net/minidev/accessors-smart/2.4.9/accessors-smart-2.4.9.jar:/home/runner/.m2/repository/org/ow2/asm/asm/9.7.1/asm-9.7.1.jar:/home/runner/.m2/repository/net/sf/jopt-simple/jopt-simple/5.0.4/jopt-simple-5.0.4.jar:/home/runner/.m2/repository/com/github/jknack/handlebars/4.3.1/handlebars-4.3.1.jar:/home/runner/.m2/repository/com/github/jknack/handlebars-helpers/4.3.1/handlebars-helpers-4.3.1.jar:/home/runner/.m2/repository/commons-fileupload/commons-fileupload/1.5/commons-fileupload-1.5.jar:/home/runner/.m2/repository/com/networknt/json-schema-validator/1.5.5/json-schema-validator-1.5.5.jar:/home/runner/.m2/repository/com/ethlo/time/itu/1.10.3/itu-1.10.3.jar:/home/runner/.m2/repository/io/quarkus/quarkus-smallrye-jwt-build/3.20.1/quarkus-smallrye-jwt-build-3.20.1.jar:/home/runner/.m2/repository/io/smallrye/smallrye-jwt-build/4.6.1/smallrye-jwt-build-4.6.1.jar:/home/runner/.m2/repository/org/eclipse/microprofile/jwt/microprofile-jwt-auth-api/2.1/microprofile-jwt-auth-api-2.1.jar:/home/runner/.m2/repository/org/bitbucket/b_c/jose4j/0.9.6/jose4j-0.9.6.jar:/home/runner/.m2/repository/io/smallrye/smallrye-jwt-common/4.6.1/smallrye-jwt-common-4.6.1.jar:/home/runner/.m2/repository/io/quarkus/quarkus-jsonp/3.20.1/quarkus-jsonp-3.20.1.jar:/home/runner/.m2/repository/io/quarkus/quarkus-arc/3.20.1/quarkus-arc-3.20.1.jar:/home/runner/.m2/repository/io/quarkus/arc/arc/3.20.1/arc-3.20.1.jar:/home/runner/.m2/repository/jakarta/transaction/jakarta.transaction-api/2.0.1/jakarta.transaction-api-2.0.1.jar:/home/runner/.m2/repository/io/smallrye/reactive/mutiny/2.8.0/mutiny-2.8.0.jar:/home/runner/.m2/repository/org/jctools/jctools-core/4.0.5/jctools-core-4.0.5.jar:/home/runner/.m2/repository/org/eclipse/microprofile/context-propagation/microprofile-context-propagation-api/1.3/microprofile-context-propagation-api-1.3.jar:/home/runner/.m2/repository/io/apicurio/apicurio-common-rest-client-common/0.1.18.Final/apicurio-common-rest-client-common-0.1.18.Final.jar:/home/runner/work/apicurio-testing/apicurio-testing/clusters/ci419/namespaces/postgresql/tests/integration/apicurio-registry/utils/maven-plugin/target/apicurio-registry-maven-plugin-3.0.11-SNAPSHOT.jar:/home/runner/.m2/repository/com/fasterxml/jackson/core/jackson-databind/2.18.2/jackson-databind-2.18.2.jar:/home/runner/.m2/repository/org/apache/avro/avro/1.12.0/avro-1.12.0.jar:/home/runner/.m2/repository/com/google/protobuf/protobuf-java/4.31.1/protobuf-java-4.31.1.jar:/home/runner/.m2/repository/com/google/protobuf/protobuf-java-util/4.31.1/protobuf-java-util-4.31.1.jar:/home/runner/.m2/repository/com/google/code/findbugs/jsr305/3.0.2/jsr305-3.0.2.jar:/home/runner/.m2/repository/com/google/code/gson/gson/2.12.1/gson-2.12.1.jar:/home/runner/.m2/repository/com/google/errorprone/error_prone_annotations/2.36.0/error_prone_annotations-2.36.0.jar:/home/runner/.m2/repository/com/google/j2objc/j2objc-annotations/2.8/j2objc-annotations-2.8.jar:/home/runner/work/apicurio-testing/apicurio-testing/clusters/ci419/namespaces/postgresql/tests/integration/apicurio-registry/schema-util/util-provider/target/apicurio-registry-schema-util-provider-3.0.11-SNAPSHOT.jar:/home/runner/work/apicurio-testing/apicurio-testing/clusters/ci419/namespaces/postgresql/tests/integration/apicurio-registry/schema-util/common/target/apicurio-registry-schema-util-common-3.0.11-SNAPSHOT.jar:/home/runner/.m2/repository/com/fasterxml/jackson/module/jackson-module-parameter-names/2.18.2/jackson-module-parameter-names-2.18.2.jar:/home/runner/.m2/repository/com/fasterxml/jackson/datatype/jackson-datatype-json-org/2.18.2/jackson-datatype-json-org-2.18.2.jar:/home/runner/work/apicurio-testing/apicurio-testing/clusters/ci419/namespaces/postgresql/tests/integration/apicurio-registry/schema-util/json/target/apicurio-registry-schema-util-json-3.0.11-SNAPSHOT.jar:/home/runner/.m2/repository/com/github/erosb/everit-json-schema/1.14.5/everit-json-schema-1.14.5.jar:/home/runner/.m2/repository/commons-validator/commons-validator/1.9.0/commons-validator-1.9.0.jar:/home/runner/.m2/repository/commons-digester/commons-digester/2.1/commons-digester-2.1.jar:/home/runner/.m2/repository/commons-collections/commons-collections/3.2.2/commons-collections-3.2.2.jar:/home/runner/.m2/repository/com/damnhandy/handy-uri-templates/2.1.8/handy-uri-templates-2.1.8.jar:/home/runner/.m2/repository/joda-time/joda-time/2.10.2/joda-time-2.10.2.jar:/home/runner/.m2/repository/com/github/erosb/json-sKema/0.20.0/json-sKema-0.20.0.jar:/home/runner/.m2/repository/io/vertx/vertx-json-schema/4.5.14/vertx-json-schema-4.5.14.jar:/home/runner/work/apicurio-testing/apicurio-testing/clusters/ci419/namespaces/postgresql/tests/integration/apicurio-registry/schema-util/protobuf/target/apicurio-registry-schema-util-protobuf-3.0.11-SNAPSHOT.jar:/home/runner/work/apicurio-testing/apicurio-testing/clusters/ci419/namespaces/postgresql/tests/integration/apicurio-registry/utils/protobuf-schema-utilities/target/apicurio-registry-protobuf-schema-utilities-3.0.11-SNAPSHOT.jar:/home/runner/.m2/repository/com/google/api/grpc/proto-google-common-protos/2.52.0/proto-google-common-protos-2.52.0.jar:/home/runner/.m2/repository/com/squareup/wire/wire-schema-jvm/5.3.3/wire-schema-jvm-5.3.3.jar:/home/runner/.m2/repository/com/palantir/javapoet/javapoet/0.6.0/javapoet-0.6.0.jar:/home/runner/.m2/repository/com/squareup/kotlinpoet-jvm/2.0.0/kotlinpoet-jvm-2.0.0.jar:/home/runner/.m2/repository/org/jetbrains/kotlin/kotlin-reflect/2.0.21/kotlin-reflect-2.0.21.jar:/home/runner/.m2/repository/com/squareup/wire/wire-runtime-jvm/5.3.3/wire-runtime-jvm-5.3.3.jar:/home/runner/.m2/repository/com/ibm/icu/icu4j/76.1/icu4j-76.1.jar:/home/runner/.m2/repository/com/squareup/okio/okio-fakefilesystem/3.10.2/okio-fakefilesystem-3.10.2.jar:/home/runner/.m2/repository/com/squareup/okio/okio-fakefilesystem-jvm/3.10.2/okio-fakefilesystem-jvm-3.10.2.jar:/home/runner/.m2/repository/org/jetbrains/kotlinx/kotlinx-datetime-jvm/0.6.1/kotlinx-datetime-jvm-0.6.1.jar:/home/runner/work/apicurio-testing/apicurio-testing/clusters/ci419/namespaces/postgresql/tests/integration/apicurio-registry/schema-util/asyncapi/target/apicurio-registry-schema-util-asyncapi-3.0.11-SNAPSHOT.jar:/home/runner/work/apicurio-testing/apicurio-testing/clusters/ci419/namespaces/postgresql/tests/integration/apicurio-registry/schema-util/avro/target/apicurio-registry-schema-util-avro-3.0.11-SNAPSHOT.jar:/home/runner/work/apicurio-testing/apicurio-testing/clusters/ci419/namespaces/postgresql/tests/integration/apicurio-registry/schema-util/graphql/target/apicurio-registry-schema-util-graphql-3.0.11-SNAPSHOT.jar:/home/runner/.m2/repository/com/graphql-java/graphql-java/22.3/graphql-java-22.3.jar:/home/runner/.m2/repository/com/graphql-java/java-dataloader/3.3.0/java-dataloader-3.3.0.jar:/home/runner/work/apicurio-testing/apicurio-testing/clusters/ci419/namespaces/postgresql/tests/integration/apicurio-registry/schema-util/kconnect/target/apicurio-registry-schema-util-kconnect-3.0.11-SNAPSHOT.jar:/home/runner/work/apicurio-testing/apicurio-testing/clusters/ci419/namespaces/postgresql/tests/integration/apicurio-registry/schema-util/openapi/target/apicurio-registry-schema-util-openapi-3.0.11-SNAPSHOT.jar:/home/runner/.m2/repository/io/apicurio/apicurio-data-models/2.2.1/apicurio-data-models-2.2.1.jar:/home/runner/.m2/repository/org/openapitools/openapidiff/openapi-diff-core/2.1.2/openapi-diff-core-2.1.2.jar:/home/runner/.m2/repository/io/swagger/parser/v3/swagger-parser/2.1.28/swagger-parser-2.1.28.jar:/home/runner/.m2/repository/io/swagger/parser/v3/swagger-parser-v2-converter/2.1.28/swagger-parser-v2-converter-2.1.28.jar:/home/runner/.m2/repository/io/swagger/swagger-core/1.6.16/swagger-core-1.6.16.jar:/home/runner/.m2/repository/io/swagger/swagger-models/1.6.16/swagger-models-1.6.16.jar:/home/runner/.m2/repository/io/swagger/swagger-annotations/1.6.16/swagger-annotations-1.6.16.jar:/home/runner/.m2/repository/io/swagger/swagger-parser/1.0.75/swagger-parser-1.0.75.jar:/home/runner/.m2/repository/io/swagger/swagger-parser-safe-url-resolver/1.0.75/swagger-parser-safe-url-resolver-1.0.75.jar:/home/runner/.m2/repository/io/swagger/swagger-compat-spec-parser/1.0.75/swagger-compat-spec-parser-1.0.75.jar:/home/runner/.m2/repository/com/github/java-json-tools/json-schema-validator/2.2.14/json-schema-validator-2.2.14.jar:/home/runner/.m2/repository/com/github/java-json-tools/jackson-coreutils-equivalence/1.0/jackson-coreutils-equivalence-1.0.jar:/home/runner/.m2/repository/com/github/java-json-tools/json-schema-core/1.2.14/json-schema-core-1.2.14.jar:/home/runner/.m2/repository/com/github/java-json-tools/uri-template/0.10/uri-template-0.10.jar:/home/runner/.m2/repository/com/googlecode/libphonenumber/libphonenumber/8.11.1/libphonenumber-8.11.1.jar:/home/runner/.m2/repository/com/j2html/j2html/1.6.0/j2html-1.6.0.jar:/home/runner/.m2/repository/org/apache/commons/commons-collections4/4.5.0/commons-collections4-4.5.0.jar:/home/runner/.m2/repository/org/apache/commons/commons-configuration2/2.12.0/commons-configuration2-2.12.0.jar:/home/runner/.m2/repository/org/apache/commons/commons-text/1.13.0/commons-text-1.13.0.jar:/home/runner/.m2/repository/org/slf4j/jcl-over-slf4j/2.0.17/jcl-over-slf4j-2.0.17.jar:/home/runner/.m2/repository/io/swagger/parser/v3/swagger-parser-v3/2.1.30/swagger-parser-v3-2.1.30.jar:/home/runner/.m2/repository/io/swagger/core/v3/swagger-models/2.2.34/swagger-models-2.2.34.jar:/home/runner/.m2/repository/io/swagger/core/v3/swagger-core/2.2.34/swagger-core-2.2.34.jar:/home/runner/.m2/repository/io/swagger/parser/v3/swagger-parser-core/2.1.30/swagger-parser-core-2.1.30.jar:/home/runner/.m2/repository/io/swagger/parser/v3/swagger-parser-safe-url-resolver/2.1.30/swagger-parser-safe-url-resolver-2.1.30.jar:/home/runner/work/apicurio-testing/apicurio-testing/clusters/ci419/namespaces/postgresql/tests/integration/apicurio-registry/schema-util/wsdl/target/apicurio-registry-schema-util-wsdl-3.0.11-SNAPSHOT.jar:/home/runner/.m2/repository/wsdl4j/wsdl4j/1.6.3/wsdl4j-1.6.3.jar:/home/runner/work/apicurio-testing/apicurio-testing/clusters/ci419/namespaces/postgresql/tests/integration/apicurio-registry/schema-util/xml/target/apicurio-registry-schema-util-xml-3.0.11-SNAPSHOT.jar:/home/runner/.m2/repository/org/apache/santuario/xmlsec/4.0.3/xmlsec-4.0.3.jar:/home/runner/.m2/repository/com/fasterxml/woodstox/woodstox-core/7.1.0/woodstox-core-7.1.0.jar:/home/runner/.m2/repository/org/codehaus/woodstox/stax2-api/4.2.2/stax2-api-4.2.2.jar:/home/runner/work/apicurio-testing/apicurio-testing/clusters/ci419/namespaces/postgresql/tests/integration/apicurio-registry/schema-util/xsd/target/apicurio-registry-schema-util-xsd-3.0.11-SNAPSHOT.jar:/home/runner/work/apicurio-testing/apicurio-testing/clusters/ci419/namespaces/postgresql/tests/integration/apicurio-registry/serdes/kafka/jsonschema-serde/target/apicurio-registry-jsonschema-serde-kafka-3.0.11-SNAPSHOT.jar:/home/runner/work/apicurio-testing/apicurio-testing/clusters/ci419/namespaces/postgresql/tests/integration/apicurio-registry/serdes/kafka/serde-kafka-common/target/apicurio-registry-serde-kafka-common-3.0.11-SNAPSHOT.jar:/home/runner/work/apicurio-testing/apicurio-testing/clusters/ci419/namespaces/postgresql/tests/integration/apicurio-registry/serdes/generic/serde-common/target/apicurio-registry-serde-common-3.0.11-SNAPSHOT.jar:/home/runner/work/apicurio-testing/apicurio-testing/clusters/ci419/namespaces/postgresql/tests/integration/apicurio-registry/serdes/generic/serde-common-jsonschema/target/apicurio-registry-serde-common-jsonschema-3.0.11-SNAPSHOT.jar:/home/runner/.m2/repository/org/json/json/20250107/json-20250107.jar:/home/runner/work/apicurio-testing/apicurio-testing/clusters/ci419/namespaces/postgresql/tests/integration/apicurio-registry/serdes/kafka/avro-serde/target/apicurio-registry-avro-serde-kafka-3.0.11-SNAPSHOT.jar:/home/runner/work/apicurio-testing/apicurio-testing/clusters/ci419/namespaces/postgresql/tests/integration/apicurio-registry/serdes/generic/serde-common-avro/target/apicurio-registry-serde-common-avro-3.0.11-SNAPSHOT.jar:/home/runner/work/apicurio-testing/apicurio-testing/clusters/ci419/namespaces/postgresql/tests/integration/apicurio-registry/serdes/kafka/protobuf-serde/target/apicurio-registry-protobuf-serde-kafka-3.0.11-SNAPSHOT.jar:/home/runner/work/apicurio-testing/apicurio-testing/clusters/ci419/namespaces/postgresql/tests/integration/apicurio-registry/serdes/generic/serde-common-protobuf/target/apicurio-registry-serde-common-protobuf-3.0.11-SNAPSHOT.jar:/home/runner/.m2/repository/com/squareup/wire/wire-schema/5.3.3/wire-schema-5.3.3.jar:/home/runner/.m2/repository/com/squareup/wire/wire-runtime/5.3.3/wire-runtime-5.3.3.jar:/home/runner/work/apicurio-testing/apicurio-testing/clusters/ci419/namespaces/postgresql/tests/integration/apicurio-registry/serdes/pulsar/avro-serde/target/apicurio-registry-avro-serde-pulsar-3.0.11-SNAPSHOT.jar:/home/runner/.m2/repository/org/apache/pulsar/pulsar-functions-api/3.3.4/pulsar-functions-api-3.3.4.jar:/home/runner/work/apicurio-testing/apicurio-testing/clusters/ci419/namespaces/postgresql/tests/integration/apicurio-registry/serdes/nats/avro-serde/target/apicurio-registry-avro-serde-nats-3.0.11-SNAPSHOT.jar:/home/runner/.m2/repository/io/nats/jnats/2.20.5/jnats-2.20.5.jar:/home/runner/.m2/repository/net/i2p/crypto/eddsa/0.3.0/eddsa-0.3.0.jar:/home/runner/work/apicurio-testing/apicurio-testing/clusters/ci419/namespaces/postgresql/tests/integration/apicurio-registry/utils/converter/target/apicurio-registry-utils-converter-3.0.11-SNAPSHOT.jar:/home/runner/work/apicurio-testing/apicurio-testing/clusters/ci419/namespaces/postgresql/tests/integration/apicurio-registry/schema-resolver/target/apicurio-registry-schema-resolver-3.0.11-SNAPSHOT.jar:/home/runner/.m2/repository/org/apache/kafka/connect-api/3.9.1/connect-api-3.9.1.jar:/home/runner/.m2/repository/javax/ws/rs/javax.ws.rs-api/2.1.1/javax.ws.rs-api-2.1.1.jar:/home/runner/.m2/repository/org/apache/kafka/connect-json/3.9.1/connect-json-3.9.1.jar:/home/runner/.m2/repository/com/fasterxml/jackson/datatype/jackson-datatype-jdk8/2.18.2/jackson-datatype-jdk8-2.18.2.jar:/home/runner/.m2/repository/com/fasterxml/jackson/module/jackson-module-afterburner/2.18.2/jackson-module-afterburner-2.18.2.jar:/home/runner/work/apicurio-testing/apicurio-testing/clusters/ci419/namespaces/postgresql/tests/integration/apicurio-registry/utils/kafka/target/apicurio-registry-utils-kafka-3.0.11-SNAPSHOT.jar:/home/runner/.m2/repository/org/apache/pulsar/pulsar-client/3.3.4/pulsar-client-3.3.4.jar:/home/runner/.m2/repository/org/apache/pulsar/pulsar-client-api/3.3.4/pulsar-client-api-3.3.4.jar:/home/runner/.m2/repository/org/apache/pulsar/pulsar-client-admin-api/3.3.4/pulsar-client-admin-api-3.3.4.jar:/home/runner/.m2/repository/org/apache/pulsar/bouncy-castle-bc/3.3.4/bouncy-castle-bc-3.3.4-pkg.jar:/home/runner/.m2/repository/org/bouncycastle/bcpkix-jdk18on/1.80/bcpkix-jdk18on-1.80.jar:/home/runner/.m2/repository/org/bouncycastle/bcutil-jdk18on/1.80/bcutil-jdk18on-1.80.jar:/home/runner/.m2/repository/org/bouncycastle/bcprov-jdk18on/1.80/bcprov-jdk18on-1.80.jar:/home/runner/.m2/repository/io/opentelemetry/opentelemetry-api/1.44.1/opentelemetry-api-1.44.1.jar:/home/runner/.m2/repository/io/opentelemetry/opentelemetry-context/1.44.1/opentelemetry-context-1.44.1.jar:/home/runner/.m2/repository/io/opentelemetry/opentelemetry-api-incubator/1.44.1-alpha/opentelemetry-api-incubator-1.44.1-alpha.jar:/home/runner/.m2/repository/com/fasterxml/jackson/core/jackson-annotations/2.18.2/jackson-annotations-2.18.2.jar:/home/runner/.m2/repository/javax/validation/validation-api/1.1.0.Final/validation-api-1.1.0.Final.jar:/home/runner/.m2/repository/io/confluent/kafka-avro-serializer/8.0.0/kafka-avro-serializer-8.0.0.jar:/home/runner/.m2/repository/org/apache/commons/commons-compress/1.27.1/commons-compress-1.27.1.jar:/home/runner/.m2/repository/io/confluent/kafka-schema-serializer/8.0.0/kafka-schema-serializer-8.0.0.jar:/home/runner/.m2/repository/com/fasterxml/jackson/dataformat/jackson-dataformat-csv/2.18.2/jackson-dataformat-csv-2.18.2.jar:/home/runner/.m2/repository/io/confluent/kafka-schema-registry-client/8.0.0/kafka-schema-registry-client-8.0.0.jar:/home/runner/.m2/repository/org/yaml/snakeyaml/2.3/snakeyaml-2.3.jar:/home/runner/.m2/repository/io/swagger/core/v3/swagger-annotations/2.2.29/swagger-annotations-2.2.29.jar:/home/runner/.m2/repository/com/google/guava/guava/33.4.0-jre/guava-33.4.0-jre.jar:/home/runner/.m2/repository/com/google/guava/failureaccess/1.0.1/failureaccess-1.0.1.jar:/home/runner/.m2/repository/org/checkerframework/checker-qual/3.49.0/checker-qual-3.49.0.jar:/home/runner/.m2/repository/io/confluent/logredactor/1.0.13/logredactor-1.0.13.jar:/home/runner/.m2/repository/com/google/re2j/re2j/1.6/re2j-1.6.jar:/home/runner/.m2/repository/io/confluent/logredactor-metrics/1.0.13/logredactor-metrics-1.0.13.jar:/home/runner/.m2/repository/com/eclipsesource/minimal-json/minimal-json/0.9.5/minimal-json-0.9.5.jar:/home/runner/.m2/repository/io/confluent/common-utils/8.0.0/common-utils-8.0.0.jar:/home/runner/.m2/repository/io/confluent/kafka-connect-avro-converter/8.0.0/kafka-connect-avro-converter-8.0.0.jar:/home/runner/.m2/repository/io/confluent/kafka-connect-avro-data/8.0.0/kafka-connect-avro-data-8.0.0.jar:/home/runner/.m2/repository/io/confluent/kafka-schema-converter/8.0.0/kafka-schema-converter-8.0.0.jar:/home/runner/.m2/repository/io/rest-assured/rest-assured/5.5.1/rest-assured-5.5.1.jar:/home/runner/.m2/repository/org/apache/groovy/groovy/4.0.22/groovy-4.0.22.jar:/home/runner/.m2/repository/org/apache/groovy/groovy-xml/4.0.22/groovy-xml-4.0.22.jar:/home/runner/.m2/repository/org/apache/httpcomponents/httpclient/4.5.14/httpclient-4.5.14.jar:/home/runner/.m2/repository/org/apache/httpcomponents/httpcore/4.4.16/httpcore-4.4.16.jar:/home/runner/.m2/repository/org/apache/httpcomponents/httpmime/4.5.14/httpmime-4.5.14.jar:/home/runner/.m2/repository/org/hamcrest/hamcrest/2.2/hamcrest-2.2.jar:/home/runner/.m2/repository/org/ccil/cowan/tagsoup/tagsoup/1.2.1/tagsoup-1.2.1.jar:/home/runner/.m2/repository/io/rest-assured/json-path/5.5.1/json-path-5.5.1.jar:/home/runner/.m2/repository/org/apache/groovy/groovy-json/4.0.22/groovy-json-4.0.22.jar:/home/runner/.m2/repository/io/rest-assured/rest-assured-common/5.5.1/rest-assured-common-5.5.1.jar:/home/runner/.m2/repository/io/rest-assured/xml-path/5.5.1/xml-path-5.5.1.jar:/home/runner/.m2/repository/io/zonky/test/embedded-postgres/2.1.0/embedded-postgres-2.1.0.jar:/home/runner/.m2/repository/io/zonky/test/postgres/embedded-postgres-binaries-windows-amd64/14.15.0/embedded-postgres-binaries-windows-amd64-14.15.0.jar:/home/runner/.m2/repository/io/zonky/test/postgres/embedded-postgres-binaries-darwin-amd64/14.15.0/embedded-postgres-binaries-darwin-amd64-14.15.0.jar:/home/runner/.m2/repository/io/zonky/test/postgres/embedded-postgres-binaries-linux-amd64/14.15.0/embedded-postgres-binaries-linux-amd64-14.15.0.jar:/home/runner/.m2/repository/io/zonky/test/postgres/embedded-postgres-binaries-linux-amd64-alpine/14.15.0/embedded-postgres-binaries-linux-amd64-alpine-14.15.0.jar:/home/runner/.m2/repository/org/apache/commons/commons-lang3/3.17.0/commons-lang3-3.17.0.jar:/home/runner/.m2/repository/org/tukaani/xz/1.10/xz-1.10.jar:/home/runner/.m2/repository/commons-codec/commons-codec/1.18.0/commons-codec-1.18.0.jar:/home/runner/.m2/repository/org/postgresql/postgresql/42.7.5/postgresql-42.7.5.jar:/home/runner/.m2/repository/commons-io/commons-io/2.18.0/commons-io-2.18.0.jar:/home/runner/work/apicurio-testing/apicurio-testing/clusters/ci419/namespaces/postgresql/tests/integration/apicurio-registry/utils/importexport/target/apicurio-registry-utils-import-export-3.0.11-SNAPSHOT.jar:/home/runner/.m2/repository/io/vertx/vertx-core/4.5.14/vertx-core-4.5.14.jar:/home/runner/.m2/repository/io/netty/netty-common/4.1.119.Final/netty-common-4.1.119.Final.jar:/home/runner/.m2/repository/io/netty/netty-buffer/4.1.119.Final/netty-buffer-4.1.119.Final.jar:/home/runner/.m2/repository/io/netty/netty-transport/4.1.119.Final/netty-transport-4.1.119.Final.jar:/home/runner/.m2/repository/io/netty/netty-handler/4.1.119.Final/netty-handler-4.1.119.Final.jar:/home/runner/.m2/repository/io/netty/netty-transport-native-unix-common/4.1.119.Final/netty-transport-native-unix-common-4.1.119.Final.jar:/home/runner/.m2/repository/io/netty/netty-codec/4.1.119.Final/netty-codec-4.1.119.Final.jar:/home/runner/.m2/repository/io/netty/netty-handler-proxy/4.1.119.Final/netty-handler-proxy-4.1.119.Final.jar:/home/runner/.m2/repository/io/netty/netty-codec-socks/4.1.119.Final/netty-codec-socks-4.1.119.Final.jar:/home/runner/.m2/repository/io/netty/netty-codec-http/4.1.119.Final/netty-codec-http-4.1.119.Final.jar:/home/runner/.m2/repository/io/netty/netty-codec-http2/4.1.119.Final/netty-codec-http2-4.1.119.Final.jar:/home/runner/.m2/repository/io/netty/netty-resolver/4.1.119.Final/netty-resolver-4.1.119.Final.jar:/home/runner/.m2/repository/io/netty/netty-resolver-dns/4.1.119.Final/netty-resolver-dns-4.1.119.Final.jar:/home/runner/.m2/repository/io/netty/netty-codec-dns/4.1.119.Final/netty-codec-dns-4.1.119.Final.jar:/home/runner/.m2/repository/com/fasterxml/jackson/core/jackson-core/2.18.2/jackson-core-2.18.2.jar:"/>
    <property name="sun.cpu.endian" value="little"/>
    <property name="user.home" value="/home/runner"/>
    <property name="user.language" value="en"/>
    <property name="jboss.log-version" value="false"/>
    <property name="java.specification.vendor" value="Oracle Corporation"/>
    <property name="java.version.date" value="2025-07-15"/>
    <property name="java.home" value="/usr/lib/jvm/temurin-17-jdk-amd64"/>
    <property name="file.separator" value="/"/>
    <property name="basedir" value="/home/runner/work/apicurio-testing/apicurio-testing/clusters/ci419/namespaces/postgresql/tests/integration/apicurio-registry/integration-tests"/>
    <property name="java.vm.compressedOopsMode" value="32-bit"/>
    <property name="line.separator" value="&#10;"/>
    <property name="java.specification.name" value="Java Platform API Specification"/>
    <property name="java.vm.specification.vendor" value="Oracle Corporation"/>
    <property name="quarkus.http.test-host" value="registry-app-postgresql.apps.ci419.apicurio-testing.org"/>
    <property name="surefire.real.class.path" value="/home/runner/work/apicurio-testing/apicurio-testing/clusters/ci419/namespaces/postgresql/tests/integration/apicurio-registry/integration-tests/target/surefire/surefirebooter-20250731181314874_3.jar"/>
    <property name="sun.management.compiler" value="HotSpot 64-Bit Tiered Compilers"/>
    <property name="org.eclipse.jetty.http.HttpGenerator.STRICT" value="true"/>
    <property name="java.runtime.version" value="17.0.16+8"/>
    <property name="user.name" value="runner"/>
    <property name="path.separator" value=":"/>
    <property name="os.version" value="6.8.0-1031-azure"/>
    <property name="java.runtime.name" value="OpenJDK Runtime Environment"/>
    <property name="file.encoding" value="UTF-8"/>
    <property name="jnidispatch.path" value="/home/runner/.cache/JNA/temp/jna1253588492975991767.tmp"/>
    <property name="java.vm.name" value="OpenJDK 64-Bit Server VM"/>
    <property name="jna.platform.library.path" value="/usr/lib/x86_64-linux-gnu:/lib/x86_64-linux-gnu:/usr/lib64:/lib64:/usr/lib:/lib:/lib32:/usr/local/lib:/usr/lib/x86_64-linux-gnu/libfakeroot"/>
    <property name="java.vendor.version" value="Temurin-17.0.16+8"/>
    <property name="quarkus.oidc.token-path" value="https://keycloak-postgresql.apps.ci419.apicurio-testing.org/realms/registry/protocol/openid-connect/token"/>
    <property name="quarkus.http.host" value="registry-app-postgresql.apps.ci419.apicurio-testing.org"/>
    <property name="localRepository" value="/home/runner/.m2/repository"/>
    <property name="javax.xml.xpath.XPathFactory:http://java.sun.com/jaxp/xpath/dom" value="com.sun.org.apache.xpath.internal.jaxp.XPathFactoryImpl"/>
    <property name="jna.loaded" value="true"/>
    <property name="java.vendor.url.bug" value="https://github.com/adoptium/adoptium-support/issues"/>
    <property name="jetty.git.hash" value="5bc5e562c8d05c5862505aebe5cf83a61bdbcb96"/>
    <property name="java.io.tmpdir" value="/tmp"/>
    <property name="quarkus.http.test-protocol" value="http"/>
    <property name="java.version" value="17.0.16"/>
    <property name="user.dir" value="/home/runner/work/apicurio-testing/apicurio-testing/clusters/ci419/namespaces/postgresql/tests/integration/apicurio-registry/integration-tests"/>
    <property name="os.arch" value="amd64"/>
    <property name="groups" value="( smoke | serdes | acceptance | ui)"/>
    <property name="java.vm.specification.name" value="Java Virtual Machine Specification"/>
    <property name="native.encoding" value="UTF-8"/>
    <property name="java.util.logging.manager" value="org.jboss.logmanager.LogManager"/>
    <property name="java.library.path" value="/usr/java/packages/lib:/usr/lib64:/lib64:/lib:/usr/lib"/>
    <property name="jdk.console" value="java.base"/>
    <property name="java.vm.info" value="mixed mode, sharing"/>
    <property name="java.vendor" value="Eclipse Adoptium"/>
    <property name="java.vm.version" value="17.0.16+8"/>
    <property name="java.specification.maintenance.version" value="1"/>
    <property name="sun.io.unicode.encoding" value="UnicodeLittle"/>
    <property name="javax.xml.transform.TransformerFactory" value="com.sun.org.apache.xalan.internal.xsltc.trax.TransformerFactoryImpl"/>
    <property name="java.class.version" value="61.0"/>
  </properties>
  <testcase name="testEvolveAvroConfluent" classname="io.apicurio.tests.serdes.confluent.BasicConfluentSerDesIT" time="4.47">
    <system-out><![CDATA[**** Registry Base URL: http://registry-app-postgresql.apps.ci419.apicurio-testing.org:80
**** Registry Base URL: http://registry-app-postgresql.apps.ci419.apicurio-testing.org:80
2025-07-31 18:14:57,210 INFO  [io.api.tes.ser.con.BasicConfluentSerDesIT] (main) RestAssured configured with http://registry-app-postgresql.apps.ci419.apicurio-testing.org:80/apis/registry/v3
**** Registry Base URL: http://registry-app-postgresql.apps.ci419.apicurio-testing.org:80
2025-07-31 18:14:57,475 INFO  [io.api.tes.ser.con.BasicConfluentSerDesIT] (main) Deleting confluent schema subj_a0b98efd_c039_43c0_8e0c_10fbefc722db-value
2025-07-31 18:14:57,498 INFO  [io.api.tes.ser.con.BasicConfluentSerDesIT] (main) Deleting confluent schema subj_ddb26b70_0df0_4e98_bb99_7e70764057ec-value
2025-07-31 18:14:57,511 INFO  [io.api.tes.ser.con.BasicConfluentSerDesIT] (main) Deleting confluent schema CUSTOMERS-key
2025-07-31 18:14:57,525 INFO  [io.api.tes.ser.con.BasicConfluentSerDesIT] (main) Deleting confluent schema CUSTOMERS.Value
2025-07-31 18:14:57,545 INFO  [io.api.tes.ser.con.BasicConfluentSerDesIT] (main) Deleting confluent schema CUSTOMERS-value
2025-07-31 18:14:57,558 INFO  [io.api.tes.ser.con.BasicConfluentSerDesIT] (main) Deleting confluent schema subj_a596cfad_7f10_4764_8cfd_31e091ff5816-value
2025-07-31 18:14:57,571 INFO  [io.api.tes.ser.con.BasicConfluentSerDesIT] (main) Deleting confluent schema topic-2c2f7a48_dc62_4308_8db0_67fd765bb448-value
2025-07-31 18:14:57,583 INFO  [io.api.tes.ser.con.BasicConfluentSerDesIT] (main) Deleting confluent schema topic-ada6b8b4_3b0b_44b6_b9ac_1148d8afbdbf-value
2025-07-31 18:14:57,595 INFO  [io.api.tes.ser.con.BasicConfluentSerDesIT] (main) Deleting confluent schema topic-5253fb52_ff77_4690_9dfa_179729706dcd-value
2025-07-31 18:14:57,607 INFO  [io.api.tes.ser.con.BasicConfluentSerDesIT] (main) Deleting confluent schema topic-8cfa329e_85c7_44b2_98ee_127f76cb1901-value
2025-07-31 18:14:57,618 INFO  [io.api.tes.ser.con.BasicConfluentSerDesIT] (main) Deleting confluent schema topic-a2cd261b_a188_49d6_93bf_7762deb8386f-value
2025-07-31 18:14:57,629 INFO  [io.api.tes.ser.con.BasicConfluentSerDesIT] (main) Deleting confluent schema topic-bb7ec1be_289d_4870_a8b8_6803484ef14d-value
2025-07-31 18:14:57,641 INFO  [io.api.tes.ser.con.BasicConfluentSerDesIT] (main) Deleting confluent schema myrecordconfluent
2025-07-31 18:14:57,653 INFO  [io.api.tes.ser.con.BasicConfluentSerDesIT] (main) Deleting confluent schema topic-03e44240_7d12_4a0d_b84a_cd0f2d569fa8
2025-07-31 18:14:57,666 INFO  [io.api.tes.ser.con.BasicConfluentSerDesIT] (main) Deleting confluent schema topic-418b9a94_503b_4588_a9e9_06f634a6b0b6-value
2025-07-31 18:14:57,678 INFO  [io.api.tes.ser.con.BasicConfluentSerDesIT] (main) Deleting confluent schema topic-dc01a953_2d42_4cc3_ac4c_b61af32867c2
2025-07-31 18:14:57,690 INFO  [io.api.tes.ser.con.BasicConfluentSerDesIT] (main) Deleting confluent schema topic-a9086b1f_9e60_4196_9125_e2df78b80ea3-value
2025-07-31 18:14:57,708 INFO  [io.api.tes.ser.con.BasicConfluentSerDesIT] (main) Deleting confluent schema topic-1d67ba73_0479_4590_a2fa_0ec0a04ba4d4
2025-07-31 18:14:57,721 INFO  [io.api.tes.ser.con.BasicConfluentSerDesIT] (main) Deleting confluent schema google/protobuf/timestamp.proto
2025-07-31 18:14:57,733 INFO  [io.api.tes.ser.con.BasicConfluentSerDesIT] (main) Deleting confluent schema topic-ed961f7a_248c_4e87_8cb1_249a720664ca-value
2025-07-31 18:14:57,757 INFO  [io.api.tes.ser.con.BasicConfluentSerDesIT] (main) Deleting confluent schema topic-41bbfb4d_be56_4abf_8300_e6fa2761fca8-value
2025-07-31 18:14:57,769 INFO  [io.api.tes.ser.con.BasicConfluentSerDesIT] (main) Deleting confluent schema topic-a8658909_35de_4ff8_986b_e3b9a67b6d0a-value
2025-07-31 18:14:57,781 INFO  [io.api.tes.ser.con.BasicConfluentSerDesIT] (main) Deleting confluent schema topic-c5e23893_5d72_4830_86da_3589402a37da-value
2025-07-31 18:14:57,797 INFO  [io.api.tes.uti.KafkaFacade] (main) Skipping deployment of kafka, because it's already deployed
2025-07-31 18:14:57,798 INFO  [io.api.tes.uti.TestSeparator] (main) ############################################################################
2025-07-31 18:14:57,798 INFO  [io.api.tes.uti.TestSeparator] (main) io.apicurio.tests.serdes.confluent.BasicConfluentSerDesIT.testEvolveAvroConfluent-STARTED
2025-07-31 18:14:57,801 INFO  [org.apa.kaf.cli.adm.AdminClientConfig] (main) AdminClientConfig values: 
	auto.include.jmx.reporter = true
	bootstrap.controllers = []
	bootstrap.servers = [PLAINTEXT://localhost:32770]
	client.dns.lookup = use_all_dns_ips
	client.id = 
	connections.max.idle.ms = 10000
	default.api.timeout.ms = 60000
	enable.metrics.push = true
	metadata.max.age.ms = 300000
	metadata.recovery.strategy = none
	metric.reporters = []
	metrics.num.samples = 2
	metrics.recording.level = INFO
	metrics.sample.window.ms = 30000
	receive.buffer.bytes = 65536
	reconnect.backoff.max.ms = 1000
	reconnect.backoff.ms = 50
	request.timeout.ms = 5000
	retries = 2147483647
	retry.backoff.max.ms = 1000
	retry.backoff.ms = 100
	sasl.client.callback.handler.class = null
	sasl.jaas.config = null
	sasl.kerberos.kinit.cmd = /usr/bin/kinit
	sasl.kerberos.min.time.before.relogin = 60000
	sasl.kerberos.service.name = null
	sasl.kerberos.ticket.renew.jitter = 0.05
	sasl.kerberos.ticket.renew.window.factor = 0.8
	sasl.login.callback.handler.class = null
	sasl.login.class = null
	sasl.login.connect.timeout.ms = null
	sasl.login.read.timeout.ms = null
	sasl.login.refresh.buffer.seconds = 300
	sasl.login.refresh.min.period.seconds = 60
	sasl.login.refresh.window.factor = 0.8
	sasl.login.refresh.window.jitter = 0.05
	sasl.login.retry.backoff.max.ms = 10000
	sasl.login.retry.backoff.ms = 100
	sasl.mechanism = GSSAPI
	sasl.oauthbearer.clock.skew.seconds = 30
	sasl.oauthbearer.expected.audience = null
	sasl.oauthbearer.expected.issuer = null
	sasl.oauthbearer.header.urlencode = false
	sasl.oauthbearer.jwks.endpoint.refresh.ms = 3600000
	sasl.oauthbearer.jwks.endpoint.retry.backoff.max.ms = 10000
	sasl.oauthbearer.jwks.endpoint.retry.backoff.ms = 100
	sasl.oauthbearer.jwks.endpoint.url = null
	sasl.oauthbearer.scope.claim.name = scope
	sasl.oauthbearer.sub.claim.name = sub
	sasl.oauthbearer.token.endpoint.url = null
	security.protocol = PLAINTEXT
	security.providers = null
	send.buffer.bytes = 131072
	socket.connection.setup.timeout.max.ms = 30000
	socket.connection.setup.timeout.ms = 10000
	ssl.cipher.suites = null
	ssl.enabled.protocols = [TLSv1.2, TLSv1.3]
	ssl.endpoint.identification.algorithm = https
	ssl.engine.factory.class = null
	ssl.key.password = null
	ssl.keymanager.algorithm = SunX509
	ssl.keystore.certificate.chain = null
	ssl.keystore.key = null
	ssl.keystore.location = null
	ssl.keystore.password = null
	ssl.keystore.type = JKS
	ssl.protocol = TLSv1.3
	ssl.provider = null
	ssl.secure.random.implementation = null
	ssl.trustmanager.algorithm = PKIX
	ssl.truststore.certificates = null
	ssl.truststore.location = null
	ssl.truststore.password = null
	ssl.truststore.type = JKS

2025-07-31 18:14:57,803 INFO  [org.apa.kaf.com.uti.AppInfoParser] (main) Kafka version: 3.9.1
2025-07-31 18:14:57,803 INFO  [org.apa.kaf.com.uti.AppInfoParser] (main) Kafka commitId: f745dfdcee2b9851
2025-07-31 18:14:57,803 INFO  [org.apa.kaf.com.uti.AppInfoParser] (main) Kafka startTimeMs: 1753985697803
2025-07-31 18:14:57,974 INFO  [io.api.tes.ser.con.BasicConfluentSerDesIT] (main) Checking that created schema is equal to the get schema
2025-07-31 18:14:58,000 INFO  [io.api.tes.ser.con.BasicConfluentSerDesIT] (main) Created schema with id:44 and name:sbdf211d4xc9a7x442ax92c0xb1552529bff4
**** Registry Base URL: http://registry-app-postgresql.apps.ci419.apicurio-testing.org:80
2025-07-31 18:14:58,009 INFO  [org.apa.kaf.cli.pro.ProducerConfig] (main) ProducerConfig values: 
	acks = -1
	auto.include.jmx.reporter = true
	batch.size = 16384
	bootstrap.servers = [PLAINTEXT://localhost:32770]
	buffer.memory = 33554432
	client.dns.lookup = use_all_dns_ips
	client.id = Producer-topic-fd0e6687_857d_4957_be84_2d0b08c64c15
	compression.gzip.level = -1
	compression.lz4.level = 9
	compression.type = none
	compression.zstd.level = 3
	connections.max.idle.ms = 10000
	delivery.timeout.ms = 120000
	enable.idempotence = true
	enable.metrics.push = true
	interceptor.classes = []
	key.serializer = class org.apache.kafka.common.serialization.StringSerializer
	linger.ms = 0
	max.block.ms = 60000
	max.in.flight.requests.per.connection = 5
	max.request.size = 1048576
	metadata.max.age.ms = 300000
	metadata.max.idle.ms = 300000
	metadata.recovery.strategy = none
	metric.reporters = []
	metrics.num.samples = 2
	metrics.recording.level = INFO
	metrics.sample.window.ms = 30000
	partitioner.adaptive.partitioning.enable = true
	partitioner.availability.timeout.ms = 0
	partitioner.class = null
	partitioner.ignore.keys = false
	receive.buffer.bytes = 32768
	reconnect.backoff.max.ms = 1000
	reconnect.backoff.ms = 50
	request.timeout.ms = 5000
	retries = 2147483647
	retry.backoff.max.ms = 1000
	retry.backoff.ms = 100
	sasl.client.callback.handler.class = null
	sasl.jaas.config = null
	sasl.kerberos.kinit.cmd = /usr/bin/kinit
	sasl.kerberos.min.time.before.relogin = 60000
	sasl.kerberos.service.name = null
	sasl.kerberos.ticket.renew.jitter = 0.05
	sasl.kerberos.ticket.renew.window.factor = 0.8
	sasl.login.callback.handler.class = null
	sasl.login.class = null
	sasl.login.connect.timeout.ms = null
	sasl.login.read.timeout.ms = null
	sasl.login.refresh.buffer.seconds = 300
	sasl.login.refresh.min.period.seconds = 60
	sasl.login.refresh.window.factor = 0.8
	sasl.login.refresh.window.jitter = 0.05
	sasl.login.retry.backoff.max.ms = 10000
	sasl.login.retry.backoff.ms = 100
	sasl.mechanism = GSSAPI
	sasl.oauthbearer.clock.skew.seconds = 30
	sasl.oauthbearer.expected.audience = null
	sasl.oauthbearer.expected.issuer = null
	sasl.oauthbearer.header.urlencode = false
	sasl.oauthbearer.jwks.endpoint.refresh.ms = 3600000
	sasl.oauthbearer.jwks.endpoint.retry.backoff.max.ms = 10000
	sasl.oauthbearer.jwks.endpoint.retry.backoff.ms = 100
	sasl.oauthbearer.jwks.endpoint.url = null
	sasl.oauthbearer.scope.claim.name = scope
	sasl.oauthbearer.sub.claim.name = sub
	sasl.oauthbearer.token.endpoint.url = null
	security.protocol = PLAINTEXT
	security.providers = null
	send.buffer.bytes = 131072
	socket.connection.setup.timeout.max.ms = 30000
	socket.connection.setup.timeout.ms = 10000
	ssl.cipher.suites = null
	ssl.enabled.protocols = [TLSv1.2, TLSv1.3]
	ssl.endpoint.identification.algorithm = https
	ssl.engine.factory.class = null
	ssl.key.password = null
	ssl.keymanager.algorithm = SunX509
	ssl.keystore.certificate.chain = null
	ssl.keystore.key = null
	ssl.keystore.location = null
	ssl.keystore.password = null
	ssl.keystore.type = JKS
	ssl.protocol = TLSv1.3
	ssl.provider = null
	ssl.secure.random.implementation = null
	ssl.trustmanager.algorithm = PKIX
	ssl.truststore.certificates = null
	ssl.truststore.location = null
	ssl.truststore.password = null
	ssl.truststore.type = JKS
	transaction.timeout.ms = 60000
	transactional.id = null
	value.serializer = class io.confluent.kafka.serializers.KafkaAvroSerializer

2025-07-31 18:14:58,009 INFO  [org.apa.kaf.com.tel.int.KafkaMetricsCollector] (main) initializing Kafka metrics collector
2025-07-31 18:14:58,012 INFO  [io.con.kaf.ser.KafkaAvroSerializerConfig] (main) KafkaAvroSerializerConfig values: 
	auto.register.schemas = false
	avro.reflection.allow.null = false
	avro.remove.java.properties = false
	avro.use.logical.type.converters = false
	basic.auth.credentials.source = URL
	basic.auth.user.info = [hidden]
	bearer.auth.cache.expiry.buffer.seconds = 300
	bearer.auth.client.id = null
	bearer.auth.client.secret = null
	bearer.auth.credentials.source = STATIC_TOKEN
	bearer.auth.custom.provider.class = null
	bearer.auth.identity.pool.id = null
	bearer.auth.issuer.endpoint.url = null
	bearer.auth.logical.cluster = null
	bearer.auth.scope = null
	bearer.auth.scope.claim.name = scope
	bearer.auth.sub.claim.name = sub
	bearer.auth.token = [hidden]
	context.name.strategy = class io.confluent.kafka.serializers.context.NullContextNameStrategy
	http.connect.timeout.ms = 60000
	http.read.timeout.ms = 60000
	id.compatibility.strict = true
	key.schema.id.deserializer = class io.confluent.kafka.serializers.schema.id.DualSchemaIdDeserializer
	key.schema.id.serializer = class io.confluent.kafka.serializers.schema.id.PrefixSchemaIdSerializer
	key.subject.name.strategy = class io.confluent.kafka.serializers.subject.TopicNameStrategy
	latest.cache.size = 1000
	latest.cache.ttl.sec = -1
	latest.compatibility.strict = true
	max.retries = 3
	max.schemas.per.subject = 1000
	normalize.schemas = false
	propagate.schema.tags = false
	proxy.host = 
	proxy.port = -1
	retries.max.wait.ms = 20000
	retries.wait.ms = 1000
	rule.actions = []
	rule.executors = []
	rule.service.loader.enable = true
	schema.format = null
	schema.reflection = false
	schema.registry.basic.auth.user.info = [hidden]
	schema.registry.ssl.cipher.suites = null
	schema.registry.ssl.enabled.protocols = [TLSv1.2, TLSv1.3]
	schema.registry.ssl.endpoint.identification.algorithm = https
	schema.registry.ssl.engine.factory.class = null
	schema.registry.ssl.key.password = null
	schema.registry.ssl.keymanager.algorithm = SunX509
	schema.registry.ssl.keystore.certificate.chain = null
	schema.registry.ssl.keystore.key = null
	schema.registry.ssl.keystore.location = null
	schema.registry.ssl.keystore.password = null
	schema.registry.ssl.keystore.type = JKS
	schema.registry.ssl.protocol = TLSv1.3
	schema.registry.ssl.provider = null
	schema.registry.ssl.secure.random.implementation = null
	schema.registry.ssl.trustmanager.algorithm = PKIX
	schema.registry.ssl.truststore.certificates = null
	schema.registry.ssl.truststore.location = null
	schema.registry.ssl.truststore.password = null
	schema.registry.ssl.truststore.type = JKS
	schema.registry.url = [http://registry-app-postgresql.apps.ci419.apicurio-testing.org:80/apis/ccompat/v7]
	schema.registry.url.randomize = false
	use.latest.version = false
	use.latest.with.metadata = null
	use.schema.id = -1
	value.schema.id.deserializer = class io.confluent.kafka.serializers.schema.id.DualSchemaIdDeserializer
	value.schema.id.serializer = class io.confluent.kafka.serializers.schema.id.PrefixSchemaIdSerializer
	value.subject.name.strategy = class io.confluent.kafka.serializers.subject.TopicRecordNameStrategy

2025-07-31 18:14:58,025 INFO  [org.apa.kaf.cli.pro.KafkaProducer] (main) [Producer clientId=Producer-topic-fd0e6687_857d_4957_be84_2d0b08c64c15] Instantiated an idempotent producer.
2025-07-31 18:14:58,028 INFO  [org.apa.kaf.cli.pro.ProducerConfig] (main) These configurations '[schema.registry.url, auto.register.schemas, value.subject.name.strategy]' were supplied but are not used yet.
2025-07-31 18:14:58,028 INFO  [org.apa.kaf.com.uti.AppInfoParser] (main) Kafka version: 3.9.1
2025-07-31 18:14:58,028 INFO  [org.apa.kaf.com.uti.AppInfoParser] (main) Kafka commitId: f745dfdcee2b9851
2025-07-31 18:14:58,028 INFO  [org.apa.kaf.com.uti.AppInfoParser] (main) Kafka startTimeMs: 1753985698028
**** Registry Base URL: http://registry-app-postgresql.apps.ci419.apicurio-testing.org:80
2025-07-31 18:14:58,035 INFO  [org.apa.kaf.cli.con.ConsumerConfig] (main) ConsumerConfig values: 
	allow.auto.create.topics = true
	auto.commit.interval.ms = 500
	auto.include.jmx.reporter = true
	auto.offset.reset = earliest
	bootstrap.servers = [PLAINTEXT://localhost:32770]
	check.crcs = true
	client.dns.lookup = use_all_dns_ips
	client.id = consumer-Consumer-topic-fd0e6687_857d_4957_be84_2d0b08c64c15-27
	client.rack = 
	connections.max.idle.ms = 10000
	default.api.timeout.ms = 60000
	enable.auto.commit = true
	enable.metrics.push = true
	exclude.internal.topics = true
	fetch.max.bytes = 52428800
	fetch.max.wait.ms = 500
	fetch.min.bytes = 1
	group.id = Consumer-topic-fd0e6687_857d_4957_be84_2d0b08c64c15
	group.instance.id = null
	group.protocol = classic
	group.remote.assignor = null
	heartbeat.interval.ms = 3000
	interceptor.classes = []
	internal.leave.group.on.close = true
	internal.throw.on.fetch.stable.offset.unsupported = false
	isolation.level = read_uncommitted
	key.deserializer = class org.apache.kafka.common.serialization.StringDeserializer
	max.partition.fetch.bytes = 1048576
	max.poll.interval.ms = 300000
	max.poll.records = 500
	metadata.max.age.ms = 300000
	metadata.recovery.strategy = none
	metric.reporters = []
	metrics.num.samples = 2
	metrics.recording.level = INFO
	metrics.sample.window.ms = 30000
	partition.assignment.strategy = [class org.apache.kafka.clients.consumer.RangeAssignor, class org.apache.kafka.clients.consumer.CooperativeStickyAssignor]
	receive.buffer.bytes = 65536
	reconnect.backoff.max.ms = 1000
	reconnect.backoff.ms = 50
	request.timeout.ms = 5000
	retry.backoff.max.ms = 1000
	retry.backoff.ms = 100
	sasl.client.callback.handler.class = null
	sasl.jaas.config = null
	sasl.kerberos.kinit.cmd = /usr/bin/kinit
	sasl.kerberos.min.time.before.relogin = 60000
	sasl.kerberos.service.name = null
	sasl.kerberos.ticket.renew.jitter = 0.05
	sasl.kerberos.ticket.renew.window.factor = 0.8
	sasl.login.callback.handler.class = null
	sasl.login.class = null
	sasl.login.connect.timeout.ms = null
	sasl.login.read.timeout.ms = null
	sasl.login.refresh.buffer.seconds = 300
	sasl.login.refresh.min.period.seconds = 60
	sasl.login.refresh.window.factor = 0.8
	sasl.login.refresh.window.jitter = 0.05
	sasl.login.retry.backoff.max.ms = 10000
	sasl.login.retry.backoff.ms = 100
	sasl.mechanism = GSSAPI
	sasl.oauthbearer.clock.skew.seconds = 30
	sasl.oauthbearer.expected.audience = null
	sasl.oauthbearer.expected.issuer = null
	sasl.oauthbearer.header.urlencode = false
	sasl.oauthbearer.jwks.endpoint.refresh.ms = 3600000
	sasl.oauthbearer.jwks.endpoint.retry.backoff.max.ms = 10000
	sasl.oauthbearer.jwks.endpoint.retry.backoff.ms = 100
	sasl.oauthbearer.jwks.endpoint.url = null
	sasl.oauthbearer.scope.claim.name = scope
	sasl.oauthbearer.sub.claim.name = sub
	sasl.oauthbearer.token.endpoint.url = null
	security.protocol = PLAINTEXT
	security.providers = null
	send.buffer.bytes = 131072
	session.timeout.ms = 45000
	socket.connection.setup.timeout.max.ms = 30000
	socket.connection.setup.timeout.ms = 10000
	ssl.cipher.suites = null
	ssl.enabled.protocols = [TLSv1.2, TLSv1.3]
	ssl.endpoint.identification.algorithm = https
	ssl.engine.factory.class = null
	ssl.key.password = null
	ssl.keymanager.algorithm = SunX509
	ssl.keystore.certificate.chain = null
	ssl.keystore.key = null
	ssl.keystore.location = null
	ssl.keystore.password = null
	ssl.keystore.type = JKS
	ssl.protocol = TLSv1.3
	ssl.provider = null
	ssl.secure.random.implementation = null
	ssl.trustmanager.algorithm = PKIX
	ssl.truststore.certificates = null
	ssl.truststore.location = null
	ssl.truststore.password = null
	ssl.truststore.type = JKS
	value.deserializer = class io.confluent.kafka.serializers.KafkaAvroDeserializer

2025-07-31 18:14:58,035 INFO  [org.apa.kaf.com.tel.int.KafkaMetricsCollector] (main) initializing Kafka metrics collector
2025-07-31 18:14:58,036 INFO  [io.con.kaf.ser.KafkaAvroDeserializerConfig] (main) KafkaAvroDeserializerConfig values: 
	auto.register.schemas = true
	avro.reflection.allow.null = false
	avro.use.logical.type.converters = false
	basic.auth.credentials.source = URL
	basic.auth.user.info = [hidden]
	bearer.auth.cache.expiry.buffer.seconds = 300
	bearer.auth.client.id = null
	bearer.auth.client.secret = null
	bearer.auth.credentials.source = STATIC_TOKEN
	bearer.auth.custom.provider.class = null
	bearer.auth.identity.pool.id = null
	bearer.auth.issuer.endpoint.url = null
	bearer.auth.logical.cluster = null
	bearer.auth.scope = null
	bearer.auth.scope.claim.name = scope
	bearer.auth.sub.claim.name = sub
	bearer.auth.token = [hidden]
	context.name.strategy = class io.confluent.kafka.serializers.context.NullContextNameStrategy
	http.connect.timeout.ms = 60000
	http.read.timeout.ms = 60000
	id.compatibility.strict = true
	key.schema.id.deserializer = class io.confluent.kafka.serializers.schema.id.DualSchemaIdDeserializer
	key.schema.id.serializer = class io.confluent.kafka.serializers.schema.id.PrefixSchemaIdSerializer
	key.subject.name.strategy = class io.confluent.kafka.serializers.subject.TopicNameStrategy
	latest.cache.size = 1000
	latest.cache.ttl.sec = -1
	latest.compatibility.strict = true
	max.retries = 3
	max.schemas.per.subject = 1000
	normalize.schemas = false
	propagate.schema.tags = false
	proxy.host = 
	proxy.port = -1
	retries.max.wait.ms = 20000
	retries.wait.ms = 1000
	rule.actions = []
	rule.executors = []
	rule.service.loader.enable = true
	schema.format = null
	schema.reflection = false
	schema.registry.basic.auth.user.info = [hidden]
	schema.registry.ssl.cipher.suites = null
	schema.registry.ssl.enabled.protocols = [TLSv1.2, TLSv1.3]
	schema.registry.ssl.endpoint.identification.algorithm = https
	schema.registry.ssl.engine.factory.class = null
	schema.registry.ssl.key.password = null
	schema.registry.ssl.keymanager.algorithm = SunX509
	schema.registry.ssl.keystore.certificate.chain = null
	schema.registry.ssl.keystore.key = null
	schema.registry.ssl.keystore.location = null
	schema.registry.ssl.keystore.password = null
	schema.registry.ssl.keystore.type = JKS
	schema.registry.ssl.protocol = TLSv1.3
	schema.registry.ssl.provider = null
	schema.registry.ssl.secure.random.implementation = null
	schema.registry.ssl.trustmanager.algorithm = PKIX
	schema.registry.ssl.truststore.certificates = null
	schema.registry.ssl.truststore.location = null
	schema.registry.ssl.truststore.password = null
	schema.registry.ssl.truststore.type = JKS
	schema.registry.url = [http://registry-app-postgresql.apps.ci419.apicurio-testing.org:80/apis/ccompat/v7]
	schema.registry.url.randomize = false
	specific.avro.key.type = null
	specific.avro.reader = false
	specific.avro.value.type = null
	use.latest.version = false
	use.latest.with.metadata = null
	use.schema.id = -1
	value.schema.id.deserializer = class io.confluent.kafka.serializers.schema.id.DualSchemaIdDeserializer
	value.schema.id.serializer = class io.confluent.kafka.serializers.schema.id.PrefixSchemaIdSerializer
	value.subject.name.strategy = class io.confluent.kafka.serializers.subject.TopicNameStrategy

2025-07-31 18:14:58,037 INFO  [org.apa.kaf.cli.Metadata] (kafka-producer-network-thread | Producer-topic-fd0e6687_857d_4957_be84_2d0b08c64c15) [Producer clientId=Producer-topic-fd0e6687_857d_4957_be84_2d0b08c64c15] Cluster ID: UuE4P2bBQU2_qF9DHmdGkA
2025-07-31 18:14:58,037 INFO  [org.apa.kaf.cli.pro.int.TransactionManager] (kafka-producer-network-thread | Producer-topic-fd0e6687_857d_4957_be84_2d0b08c64c15) [Producer clientId=Producer-topic-fd0e6687_857d_4957_be84_2d0b08c64c15] ProducerId set to 36 with epoch 0
2025-07-31 18:14:58,043 INFO  [org.apa.kaf.cli.con.ConsumerConfig] (main) These configurations '[schema.registry.url]' were supplied but are not used yet.
2025-07-31 18:14:58,043 INFO  [org.apa.kaf.com.uti.AppInfoParser] (main) Kafka version: 3.9.1
2025-07-31 18:14:58,043 INFO  [org.apa.kaf.com.uti.AppInfoParser] (main) Kafka commitId: f745dfdcee2b9851
2025-07-31 18:14:58,043 INFO  [org.apa.kaf.com.uti.AppInfoParser] (main) Kafka startTimeMs: 1753985698043
2025-07-31 18:14:58,044 INFO  [io.api.tes.ser.api.KafkaSerdesTester] (Thread-821) Sending message {"key1": "value-0"} to topic topic-fd0e6687_857d_4957_be84_2d0b08c64c15
2025-07-31 18:14:58,088 INFO  [io.api.tes.ser.api.KafkaSerdesTester] (Thread-821) Sending message {"key1": "value-1"} to topic topic-fd0e6687_857d_4957_be84_2d0b08c64c15
2025-07-31 18:14:58,090 INFO  [io.api.tes.ser.api.KafkaSerdesTester] (Thread-821) Sending message {"key1": "value-2"} to topic topic-fd0e6687_857d_4957_be84_2d0b08c64c15
2025-07-31 18:14:58,091 INFO  [io.api.tes.ser.api.KafkaSerdesTester] (Thread-821) Sending message {"key1": "value-3"} to topic topic-fd0e6687_857d_4957_be84_2d0b08c64c15
2025-07-31 18:14:58,093 INFO  [io.api.tes.ser.api.KafkaSerdesTester] (Thread-821) Sending message {"key1": "value-4"} to topic topic-fd0e6687_857d_4957_be84_2d0b08c64c15
2025-07-31 18:14:58,094 INFO  [io.api.tes.ser.api.KafkaSerdesTester] (Thread-821) Sending message {"key1": "value-5"} to topic topic-fd0e6687_857d_4957_be84_2d0b08c64c15
2025-07-31 18:14:58,095 INFO  [io.api.tes.ser.api.KafkaSerdesTester] (Thread-821) Sending message {"key1": "value-6"} to topic topic-fd0e6687_857d_4957_be84_2d0b08c64c15
2025-07-31 18:14:58,096 INFO  [io.api.tes.ser.api.KafkaSerdesTester] (Thread-821) Sending message {"key1": "value-7"} to topic topic-fd0e6687_857d_4957_be84_2d0b08c64c15
2025-07-31 18:14:58,098 INFO  [io.api.tes.ser.api.KafkaSerdesTester] (Thread-821) Sending message {"key1": "value-8"} to topic topic-fd0e6687_857d_4957_be84_2d0b08c64c15
2025-07-31 18:14:58,100 INFO  [io.api.tes.ser.api.KafkaSerdesTester] (Thread-821) Sending message {"key1": "value-9"} to topic topic-fd0e6687_857d_4957_be84_2d0b08c64c15
2025-07-31 18:14:58,101 INFO  [io.api.tes.ser.api.KafkaSerdesTester] (Thread-821) Produced 10 messages
2025-07-31 18:14:58,101 INFO  [org.apa.kaf.cli.pro.KafkaProducer] (Thread-821) [Producer clientId=Producer-topic-fd0e6687_857d_4957_be84_2d0b08c64c15] Closing the Kafka producer with timeoutMillis = 9223372036854775807 ms.
2025-07-31 18:14:58,104 INFO  [org.apa.kaf.com.met.Metrics] (Thread-821) Metrics scheduler closed
2025-07-31 18:14:58,104 INFO  [org.apa.kaf.com.met.Metrics] (Thread-821) Closing reporter org.apache.kafka.common.metrics.JmxReporter
2025-07-31 18:14:58,104 INFO  [org.apa.kaf.com.met.Metrics] (Thread-821) Closing reporter org.apache.kafka.common.telemetry.internals.ClientTelemetryReporter
2025-07-31 18:14:58,104 INFO  [org.apa.kaf.com.met.Metrics] (Thread-821) Metrics reporters closed
2025-07-31 18:14:58,104 INFO  [org.apa.kaf.com.uti.AppInfoParser] (Thread-821) App info kafka.producer for Producer-topic-fd0e6687_857d_4957_be84_2d0b08c64c15 unregistered
2025-07-31 18:14:58,105 INFO  [org.apa.kaf.cli.con.int.ClassicKafkaConsumer] (Thread-822) [Consumer clientId=consumer-Consumer-topic-fd0e6687_857d_4957_be84_2d0b08c64c15-27, groupId=Consumer-topic-fd0e6687_857d_4957_be84_2d0b08c64c15] Subscribed to topic(s): topic-fd0e6687_857d_4957_be84_2d0b08c64c15
2025-07-31 18:14:58,109 INFO  [org.apa.kaf.cli.Metadata] (Thread-822) [Consumer clientId=consumer-Consumer-topic-fd0e6687_857d_4957_be84_2d0b08c64c15-27, groupId=Consumer-topic-fd0e6687_857d_4957_be84_2d0b08c64c15] Cluster ID: UuE4P2bBQU2_qF9DHmdGkA
2025-07-31 18:14:58,110 INFO  [org.apa.kaf.cli.con.int.ConsumerCoordinator] (Thread-822) [Consumer clientId=consumer-Consumer-topic-fd0e6687_857d_4957_be84_2d0b08c64c15-27, groupId=Consumer-topic-fd0e6687_857d_4957_be84_2d0b08c64c15] Discovered group coordinator localhost:32770 (id: 2147483647 rack: null)
2025-07-31 18:14:58,112 INFO  [org.apa.kaf.cli.con.int.ConsumerCoordinator] (Thread-822) [Consumer clientId=consumer-Consumer-topic-fd0e6687_857d_4957_be84_2d0b08c64c15-27, groupId=Consumer-topic-fd0e6687_857d_4957_be84_2d0b08c64c15] (Re-)joining group
2025-07-31 18:14:58,115 INFO  [org.apa.kaf.cli.con.int.ConsumerCoordinator] (Thread-822) [Consumer clientId=consumer-Consumer-topic-fd0e6687_857d_4957_be84_2d0b08c64c15-27, groupId=Consumer-topic-fd0e6687_857d_4957_be84_2d0b08c64c15] Request joining group due to: need to re-join with the given member-id: consumer-Consumer-topic-fd0e6687_857d_4957_be84_2d0b08c64c15-27-99c54507-1b23-427a-b37e-4c0d975dab10
2025-07-31 18:14:58,115 INFO  [org.apa.kaf.cli.con.int.ConsumerCoordinator] (Thread-822) [Consumer clientId=consumer-Consumer-topic-fd0e6687_857d_4957_be84_2d0b08c64c15-27, groupId=Consumer-topic-fd0e6687_857d_4957_be84_2d0b08c64c15] (Re-)joining group
2025-07-31 18:14:58,119 INFO  [org.apa.kaf.cli.con.int.ConsumerCoordinator] (Thread-822) [Consumer clientId=consumer-Consumer-topic-fd0e6687_857d_4957_be84_2d0b08c64c15-27, groupId=Consumer-topic-fd0e6687_857d_4957_be84_2d0b08c64c15] Successfully joined group with generation Generation{generationId=1, memberId='consumer-Consumer-topic-fd0e6687_857d_4957_be84_2d0b08c64c15-27-99c54507-1b23-427a-b37e-4c0d975dab10', protocol='range'}
2025-07-31 18:14:58,119 INFO  [org.apa.kaf.cli.con.int.ConsumerCoordinator] (Thread-822) [Consumer clientId=consumer-Consumer-topic-fd0e6687_857d_4957_be84_2d0b08c64c15-27, groupId=Consumer-topic-fd0e6687_857d_4957_be84_2d0b08c64c15] Finished assignment for group at generation 1: {consumer-Consumer-topic-fd0e6687_857d_4957_be84_2d0b08c64c15-27-99c54507-1b23-427a-b37e-4c0d975dab10=Assignment(partitions=[topic-fd0e6687_857d_4957_be84_2d0b08c64c15-0])}
2025-07-31 18:14:58,122 INFO  [org.apa.kaf.cli.con.int.ConsumerCoordinator] (Thread-822) [Consumer clientId=consumer-Consumer-topic-fd0e6687_857d_4957_be84_2d0b08c64c15-27, groupId=Consumer-topic-fd0e6687_857d_4957_be84_2d0b08c64c15] Successfully synced group in generation Generation{generationId=1, memberId='consumer-Consumer-topic-fd0e6687_857d_4957_be84_2d0b08c64c15-27-99c54507-1b23-427a-b37e-4c0d975dab10', protocol='range'}
2025-07-31 18:14:58,122 INFO  [org.apa.kaf.cli.con.int.ConsumerCoordinator] (Thread-822) [Consumer clientId=consumer-Consumer-topic-fd0e6687_857d_4957_be84_2d0b08c64c15-27, groupId=Consumer-topic-fd0e6687_857d_4957_be84_2d0b08c64c15] Notifying assignor about the new Assignment(partitions=[topic-fd0e6687_857d_4957_be84_2d0b08c64c15-0])
2025-07-31 18:14:58,122 INFO  [org.apa.kaf.cli.con.int.ConsumerRebalanceListenerInvoker] (Thread-822) [Consumer clientId=consumer-Consumer-topic-fd0e6687_857d_4957_be84_2d0b08c64c15-27, groupId=Consumer-topic-fd0e6687_857d_4957_be84_2d0b08c64c15] Adding newly assigned partitions: topic-fd0e6687_857d_4957_be84_2d0b08c64c15-0
2025-07-31 18:14:58,123 INFO  [org.apa.kaf.cli.con.int.ConsumerCoordinator] (Thread-822) [Consumer clientId=consumer-Consumer-topic-fd0e6687_857d_4957_be84_2d0b08c64c15-27, groupId=Consumer-topic-fd0e6687_857d_4957_be84_2d0b08c64c15] Found no committed offset for partition topic-fd0e6687_857d_4957_be84_2d0b08c64c15-0
2025-07-31 18:14:58,128 INFO  [org.apa.kaf.cli.con.int.SubscriptionState] (Thread-822) [Consumer clientId=consumer-Consumer-topic-fd0e6687_857d_4957_be84_2d0b08c64c15-27, groupId=Consumer-topic-fd0e6687_857d_4957_be84_2d0b08c64c15] Resetting offset for partition topic-fd0e6687_857d_4957_be84_2d0b08c64c15-0 to position FetchPosition{offset=0, offsetEpoch=Optional.empty, currentLeader=LeaderAndEpoch{leader=Optional[localhost:32770 (id: 0 rack: null)], epoch=0}}.
2025-07-31 18:14:58,145 INFO  [io.api.tes.ser.api.KafkaSerdesTester] (Thread-822) topic-fd0e6687_857d_4957_be84_2d0b08c64c15 0 0 {"key1": "value-0"}
2025-07-31 18:14:58,145 INFO  [io.api.tes.ser.api.KafkaSerdesTester] (Thread-822) topic-fd0e6687_857d_4957_be84_2d0b08c64c15 0 1 {"key1": "value-1"}
2025-07-31 18:14:58,145 INFO  [io.api.tes.ser.api.KafkaSerdesTester] (Thread-822) topic-fd0e6687_857d_4957_be84_2d0b08c64c15 0 2 {"key1": "value-2"}
2025-07-31 18:14:58,145 INFO  [io.api.tes.ser.api.KafkaSerdesTester] (Thread-822) topic-fd0e6687_857d_4957_be84_2d0b08c64c15 0 3 {"key1": "value-3"}
2025-07-31 18:14:58,145 INFO  [io.api.tes.ser.api.KafkaSerdesTester] (Thread-822) topic-fd0e6687_857d_4957_be84_2d0b08c64c15 0 4 {"key1": "value-4"}
2025-07-31 18:14:58,145 INFO  [io.api.tes.ser.api.KafkaSerdesTester] (Thread-822) topic-fd0e6687_857d_4957_be84_2d0b08c64c15 0 5 {"key1": "value-5"}
2025-07-31 18:14:58,145 INFO  [io.api.tes.ser.api.KafkaSerdesTester] (Thread-822) topic-fd0e6687_857d_4957_be84_2d0b08c64c15 0 6 {"key1": "value-6"}
2025-07-31 18:14:58,145 INFO  [io.api.tes.ser.api.KafkaSerdesTester] (Thread-822) topic-fd0e6687_857d_4957_be84_2d0b08c64c15 0 7 {"key1": "value-7"}
2025-07-31 18:14:58,145 INFO  [io.api.tes.ser.api.KafkaSerdesTester] (Thread-822) topic-fd0e6687_857d_4957_be84_2d0b08c64c15 0 8 {"key1": "value-8"}
2025-07-31 18:14:58,145 INFO  [io.api.tes.ser.api.KafkaSerdesTester] (Thread-822) topic-fd0e6687_857d_4957_be84_2d0b08c64c15 0 9 {"key1": "value-9"}
2025-07-31 18:14:58,145 INFO  [io.api.tes.ser.api.KafkaSerdesTester] (Thread-822) Consumed 10 messages
2025-07-31 18:14:58,148 INFO  [org.apa.kaf.cli.con.int.ConsumerRebalanceListenerInvoker] (Thread-822) [Consumer clientId=consumer-Consumer-topic-fd0e6687_857d_4957_be84_2d0b08c64c15-27, groupId=Consumer-topic-fd0e6687_857d_4957_be84_2d0b08c64c15] Revoke previously assigned partitions topic-fd0e6687_857d_4957_be84_2d0b08c64c15-0
2025-07-31 18:14:58,148 INFO  [org.apa.kaf.cli.con.int.ConsumerCoordinator] (Thread-822) [Consumer clientId=consumer-Consumer-topic-fd0e6687_857d_4957_be84_2d0b08c64c15-27, groupId=Consumer-topic-fd0e6687_857d_4957_be84_2d0b08c64c15] Member consumer-Consumer-topic-fd0e6687_857d_4957_be84_2d0b08c64c15-27-99c54507-1b23-427a-b37e-4c0d975dab10 sending LeaveGroup request to coordinator localhost:32770 (id: 2147483647 rack: null) due to the consumer is being closed
2025-07-31 18:14:58,148 INFO  [org.apa.kaf.cli.con.int.ConsumerCoordinator] (Thread-822) [Consumer clientId=consumer-Consumer-topic-fd0e6687_857d_4957_be84_2d0b08c64c15-27, groupId=Consumer-topic-fd0e6687_857d_4957_be84_2d0b08c64c15] Resetting generation and member id due to: consumer pro-actively leaving the group
2025-07-31 18:14:58,149 INFO  [org.apa.kaf.cli.con.int.ConsumerCoordinator] (Thread-822) [Consumer clientId=consumer-Consumer-topic-fd0e6687_857d_4957_be84_2d0b08c64c15-27, groupId=Consumer-topic-fd0e6687_857d_4957_be84_2d0b08c64c15] Request joining group due to: consumer pro-actively leaving the group
2025-07-31 18:14:58,649 INFO  [org.apa.kaf.com.met.Metrics] (Thread-822) Metrics scheduler closed
2025-07-31 18:14:58,649 INFO  [org.apa.kaf.com.met.Metrics] (Thread-822) Closing reporter org.apache.kafka.common.metrics.JmxReporter
2025-07-31 18:14:58,650 INFO  [org.apa.kaf.com.met.Metrics] (Thread-822) Closing reporter org.apache.kafka.common.telemetry.internals.ClientTelemetryReporter
2025-07-31 18:14:58,650 INFO  [org.apa.kaf.com.met.Metrics] (Thread-822) Metrics reporters closed
2025-07-31 18:14:58,652 INFO  [org.apa.kaf.com.uti.AppInfoParser] (Thread-822) App info kafka.consumer for consumer-Consumer-topic-fd0e6687_857d_4957_be84_2d0b08c64c15-27 unregistered
**** Registry Base URL: http://registry-app-postgresql.apps.ci419.apicurio-testing.org:80
2025-07-31 18:14:59,693 INFO  [org.apa.kaf.cli.pro.ProducerConfig] (main) ProducerConfig values: 
	acks = -1
	auto.include.jmx.reporter = true
	batch.size = 16384
	bootstrap.servers = [PLAINTEXT://localhost:32770]
	buffer.memory = 33554432
	client.dns.lookup = use_all_dns_ips
	client.id = Producer-topic-fd0e6687_857d_4957_be84_2d0b08c64c15
	compression.gzip.level = -1
	compression.lz4.level = 9
	compression.type = none
	compression.zstd.level = 3
	connections.max.idle.ms = 10000
	delivery.timeout.ms = 120000
	enable.idempotence = true
	enable.metrics.push = true
	interceptor.classes = []
	key.serializer = class org.apache.kafka.common.serialization.StringSerializer
	linger.ms = 0
	max.block.ms = 60000
	max.in.flight.requests.per.connection = 5
	max.request.size = 1048576
	metadata.max.age.ms = 300000
	metadata.max.idle.ms = 300000
	metadata.recovery.strategy = none
	metric.reporters = []
	metrics.num.samples = 2
	metrics.recording.level = INFO
	metrics.sample.window.ms = 30000
	partitioner.adaptive.partitioning.enable = true
	partitioner.availability.timeout.ms = 0
	partitioner.class = null
	partitioner.ignore.keys = false
	receive.buffer.bytes = 32768
	reconnect.backoff.max.ms = 1000
	reconnect.backoff.ms = 50
	request.timeout.ms = 5000
	retries = 2147483647
	retry.backoff.max.ms = 1000
	retry.backoff.ms = 100
	sasl.client.callback.handler.class = null
	sasl.jaas.config = null
	sasl.kerberos.kinit.cmd = /usr/bin/kinit
	sasl.kerberos.min.time.before.relogin = 60000
	sasl.kerberos.service.name = null
	sasl.kerberos.ticket.renew.jitter = 0.05
	sasl.kerberos.ticket.renew.window.factor = 0.8
	sasl.login.callback.handler.class = null
	sasl.login.class = null
	sasl.login.connect.timeout.ms = null
	sasl.login.read.timeout.ms = null
	sasl.login.refresh.buffer.seconds = 300
	sasl.login.refresh.min.period.seconds = 60
	sasl.login.refresh.window.factor = 0.8
	sasl.login.refresh.window.jitter = 0.05
	sasl.login.retry.backoff.max.ms = 10000
	sasl.login.retry.backoff.ms = 100
	sasl.mechanism = GSSAPI
	sasl.oauthbearer.clock.skew.seconds = 30
	sasl.oauthbearer.expected.audience = null
	sasl.oauthbearer.expected.issuer = null
	sasl.oauthbearer.header.urlencode = false
	sasl.oauthbearer.jwks.endpoint.refresh.ms = 3600000
	sasl.oauthbearer.jwks.endpoint.retry.backoff.max.ms = 10000
	sasl.oauthbearer.jwks.endpoint.retry.backoff.ms = 100
	sasl.oauthbearer.jwks.endpoint.url = null
	sasl.oauthbearer.scope.claim.name = scope
	sasl.oauthbearer.sub.claim.name = sub
	sasl.oauthbearer.token.endpoint.url = null
	security.protocol = PLAINTEXT
	security.providers = null
	send.buffer.bytes = 131072
	socket.connection.setup.timeout.max.ms = 30000
	socket.connection.setup.timeout.ms = 10000
	ssl.cipher.suites = null
	ssl.enabled.protocols = [TLSv1.2, TLSv1.3]
	ssl.endpoint.identification.algorithm = https
	ssl.engine.factory.class = null
	ssl.key.password = null
	ssl.keymanager.algorithm = SunX509
	ssl.keystore.certificate.chain = null
	ssl.keystore.key = null
	ssl.keystore.location = null
	ssl.keystore.password = null
	ssl.keystore.type = JKS
	ssl.protocol = TLSv1.3
	ssl.provider = null
	ssl.secure.random.implementation = null
	ssl.trustmanager.algorithm = PKIX
	ssl.truststore.certificates = null
	ssl.truststore.location = null
	ssl.truststore.password = null
	ssl.truststore.type = JKS
	transaction.timeout.ms = 60000
	transactional.id = null
	value.serializer = class io.confluent.kafka.serializers.KafkaAvroSerializer

2025-07-31 18:14:59,693 INFO  [org.apa.kaf.com.tel.int.KafkaMetricsCollector] (main) initializing Kafka metrics collector
2025-07-31 18:14:59,694 INFO  [io.con.kaf.ser.KafkaAvroSerializerConfig] (main) KafkaAvroSerializerConfig values: 
	auto.register.schemas = false
	avro.reflection.allow.null = false
	avro.remove.java.properties = false
	avro.use.logical.type.converters = false
	basic.auth.credentials.source = URL
	basic.auth.user.info = [hidden]
	bearer.auth.cache.expiry.buffer.seconds = 300
	bearer.auth.client.id = null
	bearer.auth.client.secret = null
	bearer.auth.credentials.source = STATIC_TOKEN
	bearer.auth.custom.provider.class = null
	bearer.auth.identity.pool.id = null
	bearer.auth.issuer.endpoint.url = null
	bearer.auth.logical.cluster = null
	bearer.auth.scope = null
	bearer.auth.scope.claim.name = scope
	bearer.auth.sub.claim.name = sub
	bearer.auth.token = [hidden]
	context.name.strategy = class io.confluent.kafka.serializers.context.NullContextNameStrategy
	http.connect.timeout.ms = 60000
	http.read.timeout.ms = 60000
	id.compatibility.strict = true
	key.schema.id.deserializer = class io.confluent.kafka.serializers.schema.id.DualSchemaIdDeserializer
	key.schema.id.serializer = class io.confluent.kafka.serializers.schema.id.PrefixSchemaIdSerializer
	key.subject.name.strategy = class io.confluent.kafka.serializers.subject.TopicNameStrategy
	latest.cache.size = 1000
	latest.cache.ttl.sec = -1
	latest.compatibility.strict = true
	max.retries = 3
	max.schemas.per.subject = 1000
	normalize.schemas = false
	propagate.schema.tags = false
	proxy.host = 
	proxy.port = -1
	retries.max.wait.ms = 20000
	retries.wait.ms = 1000
	rule.actions = []
	rule.executors = []
	rule.service.loader.enable = true
	schema.format = null
	schema.reflection = false
	schema.registry.basic.auth.user.info = [hidden]
	schema.registry.ssl.cipher.suites = null
	schema.registry.ssl.enabled.protocols = [TLSv1.2, TLSv1.3]
	schema.registry.ssl.endpoint.identification.algorithm = https
	schema.registry.ssl.engine.factory.class = null
	schema.registry.ssl.key.password = null
	schema.registry.ssl.keymanager.algorithm = SunX509
	schema.registry.ssl.keystore.certificate.chain = null
	schema.registry.ssl.keystore.key = null
	schema.registry.ssl.keystore.location = null
	schema.registry.ssl.keystore.password = null
	schema.registry.ssl.keystore.type = JKS
	schema.registry.ssl.protocol = TLSv1.3
	schema.registry.ssl.provider = null
	schema.registry.ssl.secure.random.implementation = null
	schema.registry.ssl.trustmanager.algorithm = PKIX
	schema.registry.ssl.truststore.certificates = null
	schema.registry.ssl.truststore.location = null
	schema.registry.ssl.truststore.password = null
	schema.registry.ssl.truststore.type = JKS
	schema.registry.url = [http://registry-app-postgresql.apps.ci419.apicurio-testing.org:80/apis/ccompat/v7]
	schema.registry.url.randomize = false
	use.latest.version = false
	use.latest.with.metadata = null
	use.schema.id = -1
	value.schema.id.deserializer = class io.confluent.kafka.serializers.schema.id.DualSchemaIdDeserializer
	value.schema.id.serializer = class io.confluent.kafka.serializers.schema.id.PrefixSchemaIdSerializer
	value.subject.name.strategy = class io.confluent.kafka.serializers.subject.TopicRecordNameStrategy

2025-07-31 18:14:59,696 INFO  [org.apa.kaf.cli.pro.KafkaProducer] (main) [Producer clientId=Producer-topic-fd0e6687_857d_4957_be84_2d0b08c64c15] Instantiated an idempotent producer.
2025-07-31 18:14:59,697 INFO  [org.apa.kaf.cli.pro.ProducerConfig] (main) These configurations '[schema.registry.url, auto.register.schemas, value.subject.name.strategy]' were supplied but are not used yet.
2025-07-31 18:14:59,697 INFO  [org.apa.kaf.com.uti.AppInfoParser] (main) Kafka version: 3.9.1
2025-07-31 18:14:59,697 INFO  [org.apa.kaf.com.uti.AppInfoParser] (main) Kafka commitId: f745dfdcee2b9851
2025-07-31 18:14:59,697 INFO  [org.apa.kaf.com.uti.AppInfoParser] (main) Kafka startTimeMs: 1753985699697
2025-07-31 18:14:59,698 INFO  [io.api.tes.ser.api.KafkaSerdesTester] (Thread-823) Sending message {"key1": "value-0", "key2": "value-0"} to topic topic-fd0e6687_857d_4957_be84_2d0b08c64c15
2025-07-31 18:14:59,701 INFO  [org.apa.kaf.cli.Metadata] (kafka-producer-network-thread | Producer-topic-fd0e6687_857d_4957_be84_2d0b08c64c15) [Producer clientId=Producer-topic-fd0e6687_857d_4957_be84_2d0b08c64c15] Cluster ID: UuE4P2bBQU2_qF9DHmdGkA
2025-07-31 18:14:59,701 INFO  [org.apa.kaf.cli.pro.int.TransactionManager] (kafka-producer-network-thread | Producer-topic-fd0e6687_857d_4957_be84_2d0b08c64c15) [Producer clientId=Producer-topic-fd0e6687_857d_4957_be84_2d0b08c64c15] ProducerId set to 37 with epoch 0
2025-07-31 18:14:59,725 INFO  [io.api.tes.ser.api.KafkaSerdesTester] (Thread-823) Sending message {"key1": "value-1", "key2": "value-1"} to topic topic-fd0e6687_857d_4957_be84_2d0b08c64c15
2025-07-31 18:14:59,726 INFO  [io.api.tes.ser.api.KafkaSerdesTester] (Thread-823) Sending message {"key1": "value-2", "key2": "value-2"} to topic topic-fd0e6687_857d_4957_be84_2d0b08c64c15
2025-07-31 18:14:59,730 INFO  [io.api.tes.ser.api.KafkaSerdesTester] (Thread-823) Sending message {"key1": "value-3", "key2": "value-3"} to topic topic-fd0e6687_857d_4957_be84_2d0b08c64c15
2025-07-31 18:14:59,732 INFO  [io.api.tes.ser.api.KafkaSerdesTester] (Thread-823) Sending message {"key1": "value-4", "key2": "value-4"} to topic topic-fd0e6687_857d_4957_be84_2d0b08c64c15
2025-07-31 18:14:59,734 INFO  [io.api.tes.ser.api.KafkaSerdesTester] (Thread-823) Sending message {"key1": "value-5", "key2": "value-5"} to topic topic-fd0e6687_857d_4957_be84_2d0b08c64c15
2025-07-31 18:14:59,737 INFO  [io.api.tes.ser.api.KafkaSerdesTester] (Thread-823) Sending message {"key1": "value-6", "key2": "value-6"} to topic topic-fd0e6687_857d_4957_be84_2d0b08c64c15
2025-07-31 18:14:59,740 INFO  [io.api.tes.ser.api.KafkaSerdesTester] (Thread-823) Sending message {"key1": "value-7", "key2": "value-7"} to topic topic-fd0e6687_857d_4957_be84_2d0b08c64c15
2025-07-31 18:14:59,745 INFO  [io.api.tes.ser.api.KafkaSerdesTester] (Thread-823) Sending message {"key1": "value-8", "key2": "value-8"} to topic topic-fd0e6687_857d_4957_be84_2d0b08c64c15
2025-07-31 18:14:59,748 INFO  [io.api.tes.ser.api.KafkaSerdesTester] (Thread-823) Sending message {"key1": "value-9", "key2": "value-9"} to topic topic-fd0e6687_857d_4957_be84_2d0b08c64c15
2025-07-31 18:14:59,749 INFO  [io.api.tes.ser.api.KafkaSerdesTester] (Thread-823) Produced 10 messages
2025-07-31 18:14:59,749 INFO  [org.apa.kaf.cli.pro.KafkaProducer] (Thread-823) [Producer clientId=Producer-topic-fd0e6687_857d_4957_be84_2d0b08c64c15] Closing the Kafka producer with timeoutMillis = 9223372036854775807 ms.
2025-07-31 18:14:59,753 INFO  [org.apa.kaf.com.met.Metrics] (Thread-823) Metrics scheduler closed
2025-07-31 18:14:59,753 INFO  [org.apa.kaf.com.met.Metrics] (Thread-823) Closing reporter org.apache.kafka.common.metrics.JmxReporter
2025-07-31 18:14:59,753 INFO  [org.apa.kaf.com.met.Metrics] (Thread-823) Closing reporter org.apache.kafka.common.telemetry.internals.ClientTelemetryReporter
2025-07-31 18:14:59,753 INFO  [org.apa.kaf.com.met.Metrics] (Thread-823) Metrics reporters closed
2025-07-31 18:14:59,753 INFO  [org.apa.kaf.com.uti.AppInfoParser] (Thread-823) App info kafka.producer for Producer-topic-fd0e6687_857d_4957_be84_2d0b08c64c15 unregistered
**** Registry Base URL: http://registry-app-postgresql.apps.ci419.apicurio-testing.org:80
2025-07-31 18:14:59,756 INFO  [org.apa.kaf.cli.pro.ProducerConfig] (main) ProducerConfig values: 
	acks = -1
	auto.include.jmx.reporter = true
	batch.size = 16384
	bootstrap.servers = [PLAINTEXT://localhost:32770]
	buffer.memory = 33554432
	client.dns.lookup = use_all_dns_ips
	client.id = Producer-topic-fd0e6687_857d_4957_be84_2d0b08c64c15
	compression.gzip.level = -1
	compression.lz4.level = 9
	compression.type = none
	compression.zstd.level = 3
	connections.max.idle.ms = 10000
	delivery.timeout.ms = 120000
	enable.idempotence = true
	enable.metrics.push = true
	interceptor.classes = []
	key.serializer = class org.apache.kafka.common.serialization.StringSerializer
	linger.ms = 0
	max.block.ms = 60000
	max.in.flight.requests.per.connection = 5
	max.request.size = 1048576
	metadata.max.age.ms = 300000
	metadata.max.idle.ms = 300000
	metadata.recovery.strategy = none
	metric.reporters = []
	metrics.num.samples = 2
	metrics.recording.level = INFO
	metrics.sample.window.ms = 30000
	partitioner.adaptive.partitioning.enable = true
	partitioner.availability.timeout.ms = 0
	partitioner.class = null
	partitioner.ignore.keys = false
	receive.buffer.bytes = 32768
	reconnect.backoff.max.ms = 1000
	reconnect.backoff.ms = 50
	request.timeout.ms = 5000
	retries = 2147483647
	retry.backoff.max.ms = 1000
	retry.backoff.ms = 100
	sasl.client.callback.handler.class = null
	sasl.jaas.config = null
	sasl.kerberos.kinit.cmd = /usr/bin/kinit
	sasl.kerberos.min.time.before.relogin = 60000
	sasl.kerberos.service.name = null
	sasl.kerberos.ticket.renew.jitter = 0.05
	sasl.kerberos.ticket.renew.window.factor = 0.8
	sasl.login.callback.handler.class = null
	sasl.login.class = null
	sasl.login.connect.timeout.ms = null
	sasl.login.read.timeout.ms = null
	sasl.login.refresh.buffer.seconds = 300
	sasl.login.refresh.min.period.seconds = 60
	sasl.login.refresh.window.factor = 0.8
	sasl.login.refresh.window.jitter = 0.05
	sasl.login.retry.backoff.max.ms = 10000
	sasl.login.retry.backoff.ms = 100
	sasl.mechanism = GSSAPI
	sasl.oauthbearer.clock.skew.seconds = 30
	sasl.oauthbearer.expected.audience = null
	sasl.oauthbearer.expected.issuer = null
	sasl.oauthbearer.header.urlencode = false
	sasl.oauthbearer.jwks.endpoint.refresh.ms = 3600000
	sasl.oauthbearer.jwks.endpoint.retry.backoff.max.ms = 10000
	sasl.oauthbearer.jwks.endpoint.retry.backoff.ms = 100
	sasl.oauthbearer.jwks.endpoint.url = null
	sasl.oauthbearer.scope.claim.name = scope
	sasl.oauthbearer.sub.claim.name = sub
	sasl.oauthbearer.token.endpoint.url = null
	security.protocol = PLAINTEXT
	security.providers = null
	send.buffer.bytes = 131072
	socket.connection.setup.timeout.max.ms = 30000
	socket.connection.setup.timeout.ms = 10000
	ssl.cipher.suites = null
	ssl.enabled.protocols = [TLSv1.2, TLSv1.3]
	ssl.endpoint.identification.algorithm = https
	ssl.engine.factory.class = null
	ssl.key.password = null
	ssl.keymanager.algorithm = SunX509
	ssl.keystore.certificate.chain = null
	ssl.keystore.key = null
	ssl.keystore.location = null
	ssl.keystore.password = null
	ssl.keystore.type = JKS
	ssl.protocol = TLSv1.3
	ssl.provider = null
	ssl.secure.random.implementation = null
	ssl.trustmanager.algorithm = PKIX
	ssl.truststore.certificates = null
	ssl.truststore.location = null
	ssl.truststore.password = null
	ssl.truststore.type = JKS
	transaction.timeout.ms = 60000
	transactional.id = null
	value.serializer = class io.confluent.kafka.serializers.KafkaAvroSerializer

2025-07-31 18:14:59,756 INFO  [org.apa.kaf.com.tel.int.KafkaMetricsCollector] (main) initializing Kafka metrics collector
2025-07-31 18:14:59,757 INFO  [io.con.kaf.ser.KafkaAvroSerializerConfig] (main) KafkaAvroSerializerConfig values: 
	auto.register.schemas = false
	avro.reflection.allow.null = false
	avro.remove.java.properties = false
	avro.use.logical.type.converters = false
	basic.auth.credentials.source = URL
	basic.auth.user.info = [hidden]
	bearer.auth.cache.expiry.buffer.seconds = 300
	bearer.auth.client.id = null
	bearer.auth.client.secret = null
	bearer.auth.credentials.source = STATIC_TOKEN
	bearer.auth.custom.provider.class = null
	bearer.auth.identity.pool.id = null
	bearer.auth.issuer.endpoint.url = null
	bearer.auth.logical.cluster = null
	bearer.auth.scope = null
	bearer.auth.scope.claim.name = scope
	bearer.auth.sub.claim.name = sub
	bearer.auth.token = [hidden]
	context.name.strategy = class io.confluent.kafka.serializers.context.NullContextNameStrategy
	http.connect.timeout.ms = 60000
	http.read.timeout.ms = 60000
	id.compatibility.strict = true
	key.schema.id.deserializer = class io.confluent.kafka.serializers.schema.id.DualSchemaIdDeserializer
	key.schema.id.serializer = class io.confluent.kafka.serializers.schema.id.PrefixSchemaIdSerializer
	key.subject.name.strategy = class io.confluent.kafka.serializers.subject.TopicNameStrategy
	latest.cache.size = 1000
	latest.cache.ttl.sec = -1
	latest.compatibility.strict = true
	max.retries = 3
	max.schemas.per.subject = 1000
	normalize.schemas = false
	propagate.schema.tags = false
	proxy.host = 
	proxy.port = -1
	retries.max.wait.ms = 20000
	retries.wait.ms = 1000
	rule.actions = []
	rule.executors = []
	rule.service.loader.enable = true
	schema.format = null
	schema.reflection = false
	schema.registry.basic.auth.user.info = [hidden]
	schema.registry.ssl.cipher.suites = null
	schema.registry.ssl.enabled.protocols = [TLSv1.2, TLSv1.3]
	schema.registry.ssl.endpoint.identification.algorithm = https
	schema.registry.ssl.engine.factory.class = null
	schema.registry.ssl.key.password = null
	schema.registry.ssl.keymanager.algorithm = SunX509
	schema.registry.ssl.keystore.certificate.chain = null
	schema.registry.ssl.keystore.key = null
	schema.registry.ssl.keystore.location = null
	schema.registry.ssl.keystore.password = null
	schema.registry.ssl.keystore.type = JKS
	schema.registry.ssl.protocol = TLSv1.3
	schema.registry.ssl.provider = null
	schema.registry.ssl.secure.random.implementation = null
	schema.registry.ssl.trustmanager.algorithm = PKIX
	schema.registry.ssl.truststore.certificates = null
	schema.registry.ssl.truststore.location = null
	schema.registry.ssl.truststore.password = null
	schema.registry.ssl.truststore.type = JKS
	schema.registry.url = [http://registry-app-postgresql.apps.ci419.apicurio-testing.org:80/apis/ccompat/v7]
	schema.registry.url.randomize = false
	use.latest.version = false
	use.latest.with.metadata = null
	use.schema.id = -1
	value.schema.id.deserializer = class io.confluent.kafka.serializers.schema.id.DualSchemaIdDeserializer
	value.schema.id.serializer = class io.confluent.kafka.serializers.schema.id.PrefixSchemaIdSerializer
	value.subject.name.strategy = class io.confluent.kafka.serializers.subject.TopicRecordNameStrategy

2025-07-31 18:14:59,764 INFO  [org.apa.kaf.cli.pro.KafkaProducer] (main) [Producer clientId=Producer-topic-fd0e6687_857d_4957_be84_2d0b08c64c15] Instantiated an idempotent producer.
2025-07-31 18:14:59,775 INFO  [org.apa.kaf.cli.pro.ProducerConfig] (main) These configurations '[schema.registry.url, auto.register.schemas, value.subject.name.strategy]' were supplied but are not used yet.
2025-07-31 18:14:59,775 INFO  [org.apa.kaf.com.uti.AppInfoParser] (main) Kafka version: 3.9.1
2025-07-31 18:14:59,775 INFO  [org.apa.kaf.com.uti.AppInfoParser] (main) Kafka commitId: f745dfdcee2b9851
2025-07-31 18:14:59,775 INFO  [org.apa.kaf.com.uti.AppInfoParser] (main) Kafka startTimeMs: 1753985699775
2025-07-31 18:14:59,780 INFO  [io.api.tes.ser.api.KafkaSerdesTester] (Thread-824) Sending message {"key1": "value-0"} to topic topic-fd0e6687_857d_4957_be84_2d0b08c64c15
2025-07-31 18:14:59,785 INFO  [org.apa.kaf.cli.Metadata] (kafka-producer-network-thread | Producer-topic-fd0e6687_857d_4957_be84_2d0b08c64c15) [Producer clientId=Producer-topic-fd0e6687_857d_4957_be84_2d0b08c64c15] Cluster ID: UuE4P2bBQU2_qF9DHmdGkA
2025-07-31 18:14:59,786 INFO  [org.apa.kaf.cli.pro.int.TransactionManager] (kafka-producer-network-thread | Producer-topic-fd0e6687_857d_4957_be84_2d0b08c64c15) [Producer clientId=Producer-topic-fd0e6687_857d_4957_be84_2d0b08c64c15] ProducerId set to 38 with epoch 0
2025-07-31 18:14:59,808 INFO  [io.api.tes.ser.api.KafkaSerdesTester] (Thread-824) Sending message {"key1": "value-1"} to topic topic-fd0e6687_857d_4957_be84_2d0b08c64c15
2025-07-31 18:14:59,810 INFO  [io.api.tes.ser.api.KafkaSerdesTester] (Thread-824) Sending message {"key1": "value-2"} to topic topic-fd0e6687_857d_4957_be84_2d0b08c64c15
2025-07-31 18:14:59,812 INFO  [io.api.tes.ser.api.KafkaSerdesTester] (Thread-824) Sending message {"key1": "value-3"} to topic topic-fd0e6687_857d_4957_be84_2d0b08c64c15
2025-07-31 18:14:59,814 INFO  [io.api.tes.ser.api.KafkaSerdesTester] (Thread-824) Sending message {"key1": "value-4"} to topic topic-fd0e6687_857d_4957_be84_2d0b08c64c15
2025-07-31 18:14:59,815 INFO  [io.api.tes.ser.api.KafkaSerdesTester] (Thread-824) Sending message {"key1": "value-5"} to topic topic-fd0e6687_857d_4957_be84_2d0b08c64c15
2025-07-31 18:14:59,816 INFO  [io.api.tes.ser.api.KafkaSerdesTester] (Thread-824) Sending message {"key1": "value-6"} to topic topic-fd0e6687_857d_4957_be84_2d0b08c64c15
2025-07-31 18:14:59,817 INFO  [io.api.tes.ser.api.KafkaSerdesTester] (Thread-824) Sending message {"key1": "value-7"} to topic topic-fd0e6687_857d_4957_be84_2d0b08c64c15
2025-07-31 18:14:59,818 INFO  [io.api.tes.ser.api.KafkaSerdesTester] (Thread-824) Sending message {"key1": "value-8"} to topic topic-fd0e6687_857d_4957_be84_2d0b08c64c15
2025-07-31 18:14:59,819 INFO  [io.api.tes.ser.api.KafkaSerdesTester] (Thread-824) Sending message {"key1": "value-9"} to topic topic-fd0e6687_857d_4957_be84_2d0b08c64c15
2025-07-31 18:14:59,821 INFO  [io.api.tes.ser.api.KafkaSerdesTester] (Thread-824) Produced 10 messages
2025-07-31 18:14:59,821 INFO  [org.apa.kaf.cli.pro.KafkaProducer] (Thread-824) [Producer clientId=Producer-topic-fd0e6687_857d_4957_be84_2d0b08c64c15] Closing the Kafka producer with timeoutMillis = 9223372036854775807 ms.
2025-07-31 18:14:59,824 INFO  [org.apa.kaf.com.met.Metrics] (Thread-824) Metrics scheduler closed
2025-07-31 18:14:59,824 INFO  [org.apa.kaf.com.met.Metrics] (Thread-824) Closing reporter org.apache.kafka.common.metrics.JmxReporter
2025-07-31 18:14:59,824 INFO  [org.apa.kaf.com.met.Metrics] (Thread-824) Closing reporter org.apache.kafka.common.telemetry.internals.ClientTelemetryReporter
2025-07-31 18:14:59,824 INFO  [org.apa.kaf.com.met.Metrics] (Thread-824) Metrics reporters closed
2025-07-31 18:14:59,825 INFO  [org.apa.kaf.com.uti.AppInfoParser] (Thread-824) App info kafka.producer for Producer-topic-fd0e6687_857d_4957_be84_2d0b08c64c15 unregistered
**** Registry Base URL: http://registry-app-postgresql.apps.ci419.apicurio-testing.org:80
2025-07-31 18:14:59,826 INFO  [org.apa.kaf.cli.con.ConsumerConfig] (main) ConsumerConfig values: 
	allow.auto.create.topics = true
	auto.commit.interval.ms = 500
	auto.include.jmx.reporter = true
	auto.offset.reset = earliest
	bootstrap.servers = [PLAINTEXT://localhost:32770]
	check.crcs = true
	client.dns.lookup = use_all_dns_ips
	client.id = consumer-Consumer-topic-fd0e6687_857d_4957_be84_2d0b08c64c15-28
	client.rack = 
	connections.max.idle.ms = 10000
	default.api.timeout.ms = 60000
	enable.auto.commit = true
	enable.metrics.push = true
	exclude.internal.topics = true
	fetch.max.bytes = 52428800
	fetch.max.wait.ms = 500
	fetch.min.bytes = 1
	group.id = Consumer-topic-fd0e6687_857d_4957_be84_2d0b08c64c15
	group.instance.id = null
	group.protocol = classic
	group.remote.assignor = null
	heartbeat.interval.ms = 3000
	interceptor.classes = []
	internal.leave.group.on.close = true
	internal.throw.on.fetch.stable.offset.unsupported = false
	isolation.level = read_uncommitted
	key.deserializer = class org.apache.kafka.common.serialization.StringDeserializer
	max.partition.fetch.bytes = 1048576
	max.poll.interval.ms = 300000
	max.poll.records = 500
	metadata.max.age.ms = 300000
	metadata.recovery.strategy = none
	metric.reporters = []
	metrics.num.samples = 2
	metrics.recording.level = INFO
	metrics.sample.window.ms = 30000
	partition.assignment.strategy = [class org.apache.kafka.clients.consumer.RangeAssignor, class org.apache.kafka.clients.consumer.CooperativeStickyAssignor]
	receive.buffer.bytes = 65536
	reconnect.backoff.max.ms = 1000
	reconnect.backoff.ms = 50
	request.timeout.ms = 5000
	retry.backoff.max.ms = 1000
	retry.backoff.ms = 100
	sasl.client.callback.handler.class = null
	sasl.jaas.config = null
	sasl.kerberos.kinit.cmd = /usr/bin/kinit
	sasl.kerberos.min.time.before.relogin = 60000
	sasl.kerberos.service.name = null
	sasl.kerberos.ticket.renew.jitter = 0.05
	sasl.kerberos.ticket.renew.window.factor = 0.8
	sasl.login.callback.handler.class = null
	sasl.login.class = null
	sasl.login.connect.timeout.ms = null
	sasl.login.read.timeout.ms = null
	sasl.login.refresh.buffer.seconds = 300
	sasl.login.refresh.min.period.seconds = 60
	sasl.login.refresh.window.factor = 0.8
	sasl.login.refresh.window.jitter = 0.05
	sasl.login.retry.backoff.max.ms = 10000
	sasl.login.retry.backoff.ms = 100
	sasl.mechanism = GSSAPI
	sasl.oauthbearer.clock.skew.seconds = 30
	sasl.oauthbearer.expected.audience = null
	sasl.oauthbearer.expected.issuer = null
	sasl.oauthbearer.header.urlencode = false
	sasl.oauthbearer.jwks.endpoint.refresh.ms = 3600000
	sasl.oauthbearer.jwks.endpoint.retry.backoff.max.ms = 10000
	sasl.oauthbearer.jwks.endpoint.retry.backoff.ms = 100
	sasl.oauthbearer.jwks.endpoint.url = null
	sasl.oauthbearer.scope.claim.name = scope
	sasl.oauthbearer.sub.claim.name = sub
	sasl.oauthbearer.token.endpoint.url = null
	security.protocol = PLAINTEXT
	security.providers = null
	send.buffer.bytes = 131072
	session.timeout.ms = 45000
	socket.connection.setup.timeout.max.ms = 30000
	socket.connection.setup.timeout.ms = 10000
	ssl.cipher.suites = null
	ssl.enabled.protocols = [TLSv1.2, TLSv1.3]
	ssl.endpoint.identification.algorithm = https
	ssl.engine.factory.class = null
	ssl.key.password = null
	ssl.keymanager.algorithm = SunX509
	ssl.keystore.certificate.chain = null
	ssl.keystore.key = null
	ssl.keystore.location = null
	ssl.keystore.password = null
	ssl.keystore.type = JKS
	ssl.protocol = TLSv1.3
	ssl.provider = null
	ssl.secure.random.implementation = null
	ssl.trustmanager.algorithm = PKIX
	ssl.truststore.certificates = null
	ssl.truststore.location = null
	ssl.truststore.password = null
	ssl.truststore.type = JKS
	value.deserializer = class io.confluent.kafka.serializers.KafkaAvroDeserializer

2025-07-31 18:14:59,826 INFO  [org.apa.kaf.com.tel.int.KafkaMetricsCollector] (main) initializing Kafka metrics collector
2025-07-31 18:14:59,826 INFO  [io.con.kaf.ser.KafkaAvroDeserializerConfig] (main) KafkaAvroDeserializerConfig values: 
	auto.register.schemas = true
	avro.reflection.allow.null = false
	avro.use.logical.type.converters = false
	basic.auth.credentials.source = URL
	basic.auth.user.info = [hidden]
	bearer.auth.cache.expiry.buffer.seconds = 300
	bearer.auth.client.id = null
	bearer.auth.client.secret = null
	bearer.auth.credentials.source = STATIC_TOKEN
	bearer.auth.custom.provider.class = null
	bearer.auth.identity.pool.id = null
	bearer.auth.issuer.endpoint.url = null
	bearer.auth.logical.cluster = null
	bearer.auth.scope = null
	bearer.auth.scope.claim.name = scope
	bearer.auth.sub.claim.name = sub
	bearer.auth.token = [hidden]
	context.name.strategy = class io.confluent.kafka.serializers.context.NullContextNameStrategy
	http.connect.timeout.ms = 60000
	http.read.timeout.ms = 60000
	id.compatibility.strict = true
	key.schema.id.deserializer = class io.confluent.kafka.serializers.schema.id.DualSchemaIdDeserializer
	key.schema.id.serializer = class io.confluent.kafka.serializers.schema.id.PrefixSchemaIdSerializer
	key.subject.name.strategy = class io.confluent.kafka.serializers.subject.TopicNameStrategy
	latest.cache.size = 1000
	latest.cache.ttl.sec = -1
	latest.compatibility.strict = true
	max.retries = 3
	max.schemas.per.subject = 1000
	normalize.schemas = false
	propagate.schema.tags = false
	proxy.host = 
	proxy.port = -1
	retries.max.wait.ms = 20000
	retries.wait.ms = 1000
	rule.actions = []
	rule.executors = []
	rule.service.loader.enable = true
	schema.format = null
	schema.reflection = false
	schema.registry.basic.auth.user.info = [hidden]
	schema.registry.ssl.cipher.suites = null
	schema.registry.ssl.enabled.protocols = [TLSv1.2, TLSv1.3]
	schema.registry.ssl.endpoint.identification.algorithm = https
	schema.registry.ssl.engine.factory.class = null
	schema.registry.ssl.key.password = null
	schema.registry.ssl.keymanager.algorithm = SunX509
	schema.registry.ssl.keystore.certificate.chain = null
	schema.registry.ssl.keystore.key = null
	schema.registry.ssl.keystore.location = null
	schema.registry.ssl.keystore.password = null
	schema.registry.ssl.keystore.type = JKS
	schema.registry.ssl.protocol = TLSv1.3
	schema.registry.ssl.provider = null
	schema.registry.ssl.secure.random.implementation = null
	schema.registry.ssl.trustmanager.algorithm = PKIX
	schema.registry.ssl.truststore.certificates = null
	schema.registry.ssl.truststore.location = null
	schema.registry.ssl.truststore.password = null
	schema.registry.ssl.truststore.type = JKS
	schema.registry.url = [http://registry-app-postgresql.apps.ci419.apicurio-testing.org:80/apis/ccompat/v7]
	schema.registry.url.randomize = false
	specific.avro.key.type = null
	specific.avro.reader = false
	specific.avro.value.type = null
	use.latest.version = false
	use.latest.with.metadata = null
	use.schema.id = -1
	value.schema.id.deserializer = class io.confluent.kafka.serializers.schema.id.DualSchemaIdDeserializer
	value.schema.id.serializer = class io.confluent.kafka.serializers.schema.id.PrefixSchemaIdSerializer
	value.subject.name.strategy = class io.confluent.kafka.serializers.subject.TopicNameStrategy

2025-07-31 18:14:59,834 INFO  [org.apa.kaf.cli.con.ConsumerConfig] (main) These configurations '[schema.registry.url]' were supplied but are not used yet.
2025-07-31 18:14:59,834 INFO  [org.apa.kaf.com.uti.AppInfoParser] (main) Kafka version: 3.9.1
2025-07-31 18:14:59,834 INFO  [org.apa.kaf.com.uti.AppInfoParser] (main) Kafka commitId: f745dfdcee2b9851
2025-07-31 18:14:59,835 INFO  [org.apa.kaf.com.uti.AppInfoParser] (main) Kafka startTimeMs: 1753985699834
2025-07-31 18:14:59,835 INFO  [org.apa.kaf.cli.con.int.ClassicKafkaConsumer] (Thread-825) [Consumer clientId=consumer-Consumer-topic-fd0e6687_857d_4957_be84_2d0b08c64c15-28, groupId=Consumer-topic-fd0e6687_857d_4957_be84_2d0b08c64c15] Subscribed to topic(s): topic-fd0e6687_857d_4957_be84_2d0b08c64c15
2025-07-31 18:14:59,841 INFO  [org.apa.kaf.cli.Metadata] (Thread-825) [Consumer clientId=consumer-Consumer-topic-fd0e6687_857d_4957_be84_2d0b08c64c15-28, groupId=Consumer-topic-fd0e6687_857d_4957_be84_2d0b08c64c15] Cluster ID: UuE4P2bBQU2_qF9DHmdGkA
2025-07-31 18:14:59,843 INFO  [org.apa.kaf.cli.con.int.ConsumerCoordinator] (Thread-825) [Consumer clientId=consumer-Consumer-topic-fd0e6687_857d_4957_be84_2d0b08c64c15-28, groupId=Consumer-topic-fd0e6687_857d_4957_be84_2d0b08c64c15] Discovered group coordinator localhost:32770 (id: 2147483647 rack: null)
2025-07-31 18:14:59,846 INFO  [org.apa.kaf.cli.con.int.ConsumerCoordinator] (Thread-825) [Consumer clientId=consumer-Consumer-topic-fd0e6687_857d_4957_be84_2d0b08c64c15-28, groupId=Consumer-topic-fd0e6687_857d_4957_be84_2d0b08c64c15] (Re-)joining group
2025-07-31 18:14:59,849 INFO  [org.apa.kaf.cli.con.int.ConsumerCoordinator] (Thread-825) [Consumer clientId=consumer-Consumer-topic-fd0e6687_857d_4957_be84_2d0b08c64c15-28, groupId=Consumer-topic-fd0e6687_857d_4957_be84_2d0b08c64c15] Request joining group due to: need to re-join with the given member-id: consumer-Consumer-topic-fd0e6687_857d_4957_be84_2d0b08c64c15-28-c9518aca-a9c5-4fd4-abf1-f99cd1b41425
2025-07-31 18:14:59,849 INFO  [org.apa.kaf.cli.con.int.ConsumerCoordinator] (Thread-825) [Consumer clientId=consumer-Consumer-topic-fd0e6687_857d_4957_be84_2d0b08c64c15-28, groupId=Consumer-topic-fd0e6687_857d_4957_be84_2d0b08c64c15] (Re-)joining group
2025-07-31 18:14:59,851 INFO  [org.apa.kaf.cli.con.int.ConsumerCoordinator] (Thread-825) [Consumer clientId=consumer-Consumer-topic-fd0e6687_857d_4957_be84_2d0b08c64c15-28, groupId=Consumer-topic-fd0e6687_857d_4957_be84_2d0b08c64c15] Successfully joined group with generation Generation{generationId=3, memberId='consumer-Consumer-topic-fd0e6687_857d_4957_be84_2d0b08c64c15-28-c9518aca-a9c5-4fd4-abf1-f99cd1b41425', protocol='range'}
2025-07-31 18:14:59,852 INFO  [org.apa.kaf.cli.con.int.ConsumerCoordinator] (Thread-825) [Consumer clientId=consumer-Consumer-topic-fd0e6687_857d_4957_be84_2d0b08c64c15-28, groupId=Consumer-topic-fd0e6687_857d_4957_be84_2d0b08c64c15] Finished assignment for group at generation 3: {consumer-Consumer-topic-fd0e6687_857d_4957_be84_2d0b08c64c15-28-c9518aca-a9c5-4fd4-abf1-f99cd1b41425=Assignment(partitions=[topic-fd0e6687_857d_4957_be84_2d0b08c64c15-0])}
2025-07-31 18:14:59,854 INFO  [org.apa.kaf.cli.con.int.ConsumerCoordinator] (Thread-825) [Consumer clientId=consumer-Consumer-topic-fd0e6687_857d_4957_be84_2d0b08c64c15-28, groupId=Consumer-topic-fd0e6687_857d_4957_be84_2d0b08c64c15] Successfully synced group in generation Generation{generationId=3, memberId='consumer-Consumer-topic-fd0e6687_857d_4957_be84_2d0b08c64c15-28-c9518aca-a9c5-4fd4-abf1-f99cd1b41425', protocol='range'}
2025-07-31 18:14:59,854 INFO  [org.apa.kaf.cli.con.int.ConsumerCoordinator] (Thread-825) [Consumer clientId=consumer-Consumer-topic-fd0e6687_857d_4957_be84_2d0b08c64c15-28, groupId=Consumer-topic-fd0e6687_857d_4957_be84_2d0b08c64c15] Notifying assignor about the new Assignment(partitions=[topic-fd0e6687_857d_4957_be84_2d0b08c64c15-0])
2025-07-31 18:14:59,854 INFO  [org.apa.kaf.cli.con.int.ConsumerRebalanceListenerInvoker] (Thread-825) [Consumer clientId=consumer-Consumer-topic-fd0e6687_857d_4957_be84_2d0b08c64c15-28, groupId=Consumer-topic-fd0e6687_857d_4957_be84_2d0b08c64c15] Adding newly assigned partitions: topic-fd0e6687_857d_4957_be84_2d0b08c64c15-0
2025-07-31 18:14:59,855 INFO  [org.apa.kaf.cli.con.int.ConsumerUtils] (Thread-825) Setting offset for partition topic-fd0e6687_857d_4957_be84_2d0b08c64c15-0 to the committed offset FetchPosition{offset=10, offsetEpoch=Optional[0], currentLeader=LeaderAndEpoch{leader=Optional[localhost:32770 (id: 0 rack: null)], epoch=0}}
2025-07-31 18:14:59,902 INFO  [io.api.tes.ser.api.KafkaSerdesTester] (Thread-825) topic-fd0e6687_857d_4957_be84_2d0b08c64c15 0 10 {"key1": "value-0", "key2": "value-0"}
2025-07-31 18:14:59,902 INFO  [io.api.tes.ser.api.KafkaSerdesTester] (Thread-825) topic-fd0e6687_857d_4957_be84_2d0b08c64c15 0 11 {"key1": "value-1", "key2": "value-1"}
2025-07-31 18:14:59,902 INFO  [io.api.tes.ser.api.KafkaSerdesTester] (Thread-825) topic-fd0e6687_857d_4957_be84_2d0b08c64c15 0 12 {"key1": "value-2", "key2": "value-2"}
2025-07-31 18:14:59,902 INFO  [io.api.tes.ser.api.KafkaSerdesTester] (Thread-825) topic-fd0e6687_857d_4957_be84_2d0b08c64c15 0 13 {"key1": "value-3", "key2": "value-3"}
2025-07-31 18:14:59,902 INFO  [io.api.tes.ser.api.KafkaSerdesTester] (Thread-825) topic-fd0e6687_857d_4957_be84_2d0b08c64c15 0 14 {"key1": "value-4", "key2": "value-4"}
2025-07-31 18:14:59,902 INFO  [io.api.tes.ser.api.KafkaSerdesTester] (Thread-825) topic-fd0e6687_857d_4957_be84_2d0b08c64c15 0 15 {"key1": "value-5", "key2": "value-5"}
2025-07-31 18:14:59,902 INFO  [io.api.tes.ser.api.KafkaSerdesTester] (Thread-825) topic-fd0e6687_857d_4957_be84_2d0b08c64c15 0 16 {"key1": "value-6", "key2": "value-6"}
2025-07-31 18:14:59,902 INFO  [io.api.tes.ser.api.KafkaSerdesTester] (Thread-825) topic-fd0e6687_857d_4957_be84_2d0b08c64c15 0 17 {"key1": "value-7", "key2": "value-7"}
2025-07-31 18:14:59,902 INFO  [io.api.tes.ser.api.KafkaSerdesTester] (Thread-825) topic-fd0e6687_857d_4957_be84_2d0b08c64c15 0 18 {"key1": "value-8", "key2": "value-8"}
2025-07-31 18:14:59,902 INFO  [io.api.tes.ser.api.KafkaSerdesTester] (Thread-825) topic-fd0e6687_857d_4957_be84_2d0b08c64c15 0 19 {"key1": "value-9", "key2": "value-9"}
2025-07-31 18:14:59,902 INFO  [io.api.tes.ser.api.KafkaSerdesTester] (Thread-825) topic-fd0e6687_857d_4957_be84_2d0b08c64c15 0 20 {"key1": "value-0"}
2025-07-31 18:14:59,902 INFO  [io.api.tes.ser.api.KafkaSerdesTester] (Thread-825) topic-fd0e6687_857d_4957_be84_2d0b08c64c15 0 21 {"key1": "value-1"}
2025-07-31 18:14:59,902 INFO  [io.api.tes.ser.api.KafkaSerdesTester] (Thread-825) topic-fd0e6687_857d_4957_be84_2d0b08c64c15 0 22 {"key1": "value-2"}
2025-07-31 18:14:59,902 INFO  [io.api.tes.ser.api.KafkaSerdesTester] (Thread-825) topic-fd0e6687_857d_4957_be84_2d0b08c64c15 0 23 {"key1": "value-3"}
2025-07-31 18:14:59,903 INFO  [io.api.tes.ser.api.KafkaSerdesTester] (Thread-825) topic-fd0e6687_857d_4957_be84_2d0b08c64c15 0 24 {"key1": "value-4"}
2025-07-31 18:14:59,903 INFO  [io.api.tes.ser.api.KafkaSerdesTester] (Thread-825) topic-fd0e6687_857d_4957_be84_2d0b08c64c15 0 25 {"key1": "value-5"}
2025-07-31 18:14:59,903 INFO  [io.api.tes.ser.api.KafkaSerdesTester] (Thread-825) topic-fd0e6687_857d_4957_be84_2d0b08c64c15 0 26 {"key1": "value-6"}
2025-07-31 18:14:59,903 INFO  [io.api.tes.ser.api.KafkaSerdesTester] (Thread-825) topic-fd0e6687_857d_4957_be84_2d0b08c64c15 0 27 {"key1": "value-7"}
2025-07-31 18:14:59,903 INFO  [io.api.tes.ser.api.KafkaSerdesTester] (Thread-825) topic-fd0e6687_857d_4957_be84_2d0b08c64c15 0 28 {"key1": "value-8"}
2025-07-31 18:14:59,903 INFO  [io.api.tes.ser.api.KafkaSerdesTester] (Thread-825) topic-fd0e6687_857d_4957_be84_2d0b08c64c15 0 29 {"key1": "value-9"}
2025-07-31 18:14:59,903 INFO  [io.api.tes.ser.api.KafkaSerdesTester] (Thread-825) Consumed 20 messages
2025-07-31 18:14:59,906 INFO  [org.apa.kaf.cli.con.int.ConsumerRebalanceListenerInvoker] (Thread-825) [Consumer clientId=consumer-Consumer-topic-fd0e6687_857d_4957_be84_2d0b08c64c15-28, groupId=Consumer-topic-fd0e6687_857d_4957_be84_2d0b08c64c15] Revoke previously assigned partitions topic-fd0e6687_857d_4957_be84_2d0b08c64c15-0
2025-07-31 18:14:59,906 INFO  [org.apa.kaf.cli.con.int.ConsumerCoordinator] (Thread-825) [Consumer clientId=consumer-Consumer-topic-fd0e6687_857d_4957_be84_2d0b08c64c15-28, groupId=Consumer-topic-fd0e6687_857d_4957_be84_2d0b08c64c15] Member consumer-Consumer-topic-fd0e6687_857d_4957_be84_2d0b08c64c15-28-c9518aca-a9c5-4fd4-abf1-f99cd1b41425 sending LeaveGroup request to coordinator localhost:32770 (id: 2147483647 rack: null) due to the consumer is being closed
2025-07-31 18:14:59,906 INFO  [org.apa.kaf.cli.con.int.ConsumerCoordinator] (Thread-825) [Consumer clientId=consumer-Consumer-topic-fd0e6687_857d_4957_be84_2d0b08c64c15-28, groupId=Consumer-topic-fd0e6687_857d_4957_be84_2d0b08c64c15] Resetting generation and member id due to: consumer pro-actively leaving the group
2025-07-31 18:14:59,906 INFO  [org.apa.kaf.cli.con.int.ConsumerCoordinator] (Thread-825) [Consumer clientId=consumer-Consumer-topic-fd0e6687_857d_4957_be84_2d0b08c64c15-28, groupId=Consumer-topic-fd0e6687_857d_4957_be84_2d0b08c64c15] Request joining group due to: consumer pro-actively leaving the group
2025-07-31 18:15:00,405 INFO  [org.apa.kaf.com.met.Metrics] (Thread-825) Metrics scheduler closed
2025-07-31 18:15:00,405 INFO  [org.apa.kaf.com.met.Metrics] (Thread-825) Closing reporter org.apache.kafka.common.metrics.JmxReporter
2025-07-31 18:15:00,405 INFO  [org.apa.kaf.com.met.Metrics] (Thread-825) Closing reporter org.apache.kafka.common.telemetry.internals.ClientTelemetryReporter
2025-07-31 18:15:00,405 INFO  [org.apa.kaf.com.met.Metrics] (Thread-825) Metrics reporters closed
2025-07-31 18:15:00,407 INFO  [org.apa.kaf.com.uti.AppInfoParser] (Thread-825) App info kafka.consumer for consumer-Consumer-topic-fd0e6687_857d_4957_be84_2d0b08c64c15-28 unregistered
**** Registry Base URL: http://registry-app-postgresql.apps.ci419.apicurio-testing.org:80
2025-07-31 18:15:01,446 INFO  [org.apa.kaf.cli.pro.ProducerConfig] (main) ProducerConfig values: 
	acks = -1
	auto.include.jmx.reporter = true
	batch.size = 16384
	bootstrap.servers = [PLAINTEXT://localhost:32770]
	buffer.memory = 33554432
	client.dns.lookup = use_all_dns_ips
	client.id = Producer-topic-fd0e6687_857d_4957_be84_2d0b08c64c15
	compression.gzip.level = -1
	compression.lz4.level = 9
	compression.type = none
	compression.zstd.level = 3
	connections.max.idle.ms = 10000
	delivery.timeout.ms = 120000
	enable.idempotence = true
	enable.metrics.push = true
	interceptor.classes = []
	key.serializer = class org.apache.kafka.common.serialization.StringSerializer
	linger.ms = 0
	max.block.ms = 60000
	max.in.flight.requests.per.connection = 5
	max.request.size = 1048576
	metadata.max.age.ms = 300000
	metadata.max.idle.ms = 300000
	metadata.recovery.strategy = none
	metric.reporters = []
	metrics.num.samples = 2
	metrics.recording.level = INFO
	metrics.sample.window.ms = 30000
	partitioner.adaptive.partitioning.enable = true
	partitioner.availability.timeout.ms = 0
	partitioner.class = null
	partitioner.ignore.keys = false
	receive.buffer.bytes = 32768
	reconnect.backoff.max.ms = 1000
	reconnect.backoff.ms = 50
	request.timeout.ms = 5000
	retries = 2147483647
	retry.backoff.max.ms = 1000
	retry.backoff.ms = 100
	sasl.client.callback.handler.class = null
	sasl.jaas.config = null
	sasl.kerberos.kinit.cmd = /usr/bin/kinit
	sasl.kerberos.min.time.before.relogin = 60000
	sasl.kerberos.service.name = null
	sasl.kerberos.ticket.renew.jitter = 0.05
	sasl.kerberos.ticket.renew.window.factor = 0.8
	sasl.login.callback.handler.class = null
	sasl.login.class = null
	sasl.login.connect.timeout.ms = null
	sasl.login.read.timeout.ms = null
	sasl.login.refresh.buffer.seconds = 300
	sasl.login.refresh.min.period.seconds = 60
	sasl.login.refresh.window.factor = 0.8
	sasl.login.refresh.window.jitter = 0.05
	sasl.login.retry.backoff.max.ms = 10000
	sasl.login.retry.backoff.ms = 100
	sasl.mechanism = GSSAPI
	sasl.oauthbearer.clock.skew.seconds = 30
	sasl.oauthbearer.expected.audience = null
	sasl.oauthbearer.expected.issuer = null
	sasl.oauthbearer.header.urlencode = false
	sasl.oauthbearer.jwks.endpoint.refresh.ms = 3600000
	sasl.oauthbearer.jwks.endpoint.retry.backoff.max.ms = 10000
	sasl.oauthbearer.jwks.endpoint.retry.backoff.ms = 100
	sasl.oauthbearer.jwks.endpoint.url = null
	sasl.oauthbearer.scope.claim.name = scope
	sasl.oauthbearer.sub.claim.name = sub
	sasl.oauthbearer.token.endpoint.url = null
	security.protocol = PLAINTEXT
	security.providers = null
	send.buffer.bytes = 131072
	socket.connection.setup.timeout.max.ms = 30000
	socket.connection.setup.timeout.ms = 10000
	ssl.cipher.suites = null
	ssl.enabled.protocols = [TLSv1.2, TLSv1.3]
	ssl.endpoint.identification.algorithm = https
	ssl.engine.factory.class = null
	ssl.key.password = null
	ssl.keymanager.algorithm = SunX509
	ssl.keystore.certificate.chain = null
	ssl.keystore.key = null
	ssl.keystore.location = null
	ssl.keystore.password = null
	ssl.keystore.type = JKS
	ssl.protocol = TLSv1.3
	ssl.provider = null
	ssl.secure.random.implementation = null
	ssl.trustmanager.algorithm = PKIX
	ssl.truststore.certificates = null
	ssl.truststore.location = null
	ssl.truststore.password = null
	ssl.truststore.type = JKS
	transaction.timeout.ms = 60000
	transactional.id = null
	value.serializer = class io.confluent.kafka.serializers.KafkaAvroSerializer

2025-07-31 18:15:01,447 INFO  [org.apa.kaf.com.tel.int.KafkaMetricsCollector] (main) initializing Kafka metrics collector
2025-07-31 18:15:01,447 INFO  [io.con.kaf.ser.KafkaAvroSerializerConfig] (main) KafkaAvroSerializerConfig values: 
	auto.register.schemas = false
	avro.reflection.allow.null = false
	avro.remove.java.properties = false
	avro.use.logical.type.converters = false
	basic.auth.credentials.source = URL
	basic.auth.user.info = [hidden]
	bearer.auth.cache.expiry.buffer.seconds = 300
	bearer.auth.client.id = null
	bearer.auth.client.secret = null
	bearer.auth.credentials.source = STATIC_TOKEN
	bearer.auth.custom.provider.class = null
	bearer.auth.identity.pool.id = null
	bearer.auth.issuer.endpoint.url = null
	bearer.auth.logical.cluster = null
	bearer.auth.scope = null
	bearer.auth.scope.claim.name = scope
	bearer.auth.sub.claim.name = sub
	bearer.auth.token = [hidden]
	context.name.strategy = class io.confluent.kafka.serializers.context.NullContextNameStrategy
	http.connect.timeout.ms = 60000
	http.read.timeout.ms = 60000
	id.compatibility.strict = true
	key.schema.id.deserializer = class io.confluent.kafka.serializers.schema.id.DualSchemaIdDeserializer
	key.schema.id.serializer = class io.confluent.kafka.serializers.schema.id.PrefixSchemaIdSerializer
	key.subject.name.strategy = class io.confluent.kafka.serializers.subject.TopicNameStrategy
	latest.cache.size = 1000
	latest.cache.ttl.sec = -1
	latest.compatibility.strict = true
	max.retries = 3
	max.schemas.per.subject = 1000
	normalize.schemas = false
	propagate.schema.tags = false
	proxy.host = 
	proxy.port = -1
	retries.max.wait.ms = 20000
	retries.wait.ms = 1000
	rule.actions = []
	rule.executors = []
	rule.service.loader.enable = true
	schema.format = null
	schema.reflection = false
	schema.registry.basic.auth.user.info = [hidden]
	schema.registry.ssl.cipher.suites = null
	schema.registry.ssl.enabled.protocols = [TLSv1.2, TLSv1.3]
	schema.registry.ssl.endpoint.identification.algorithm = https
	schema.registry.ssl.engine.factory.class = null
	schema.registry.ssl.key.password = null
	schema.registry.ssl.keymanager.algorithm = SunX509
	schema.registry.ssl.keystore.certificate.chain = null
	schema.registry.ssl.keystore.key = null
	schema.registry.ssl.keystore.location = null
	schema.registry.ssl.keystore.password = null
	schema.registry.ssl.keystore.type = JKS
	schema.registry.ssl.protocol = TLSv1.3
	schema.registry.ssl.provider = null
	schema.registry.ssl.secure.random.implementation = null
	schema.registry.ssl.trustmanager.algorithm = PKIX
	schema.registry.ssl.truststore.certificates = null
	schema.registry.ssl.truststore.location = null
	schema.registry.ssl.truststore.password = null
	schema.registry.ssl.truststore.type = JKS
	schema.registry.url = [http://registry-app-postgresql.apps.ci419.apicurio-testing.org:80/apis/ccompat/v7]
	schema.registry.url.randomize = false
	use.latest.version = false
	use.latest.with.metadata = null
	use.schema.id = -1
	value.schema.id.deserializer = class io.confluent.kafka.serializers.schema.id.DualSchemaIdDeserializer
	value.schema.id.serializer = class io.confluent.kafka.serializers.schema.id.PrefixSchemaIdSerializer
	value.subject.name.strategy = class io.confluent.kafka.serializers.subject.TopicRecordNameStrategy

2025-07-31 18:15:01,449 INFO  [org.apa.kaf.cli.pro.KafkaProducer] (main) [Producer clientId=Producer-topic-fd0e6687_857d_4957_be84_2d0b08c64c15] Instantiated an idempotent producer.
2025-07-31 18:15:01,452 INFO  [org.apa.kaf.cli.pro.ProducerConfig] (main) These configurations '[schema.registry.url, auto.register.schemas, value.subject.name.strategy]' were supplied but are not used yet.
2025-07-31 18:15:01,452 INFO  [org.apa.kaf.com.uti.AppInfoParser] (main) Kafka version: 3.9.1
2025-07-31 18:15:01,452 INFO  [org.apa.kaf.com.uti.AppInfoParser] (main) Kafka commitId: f745dfdcee2b9851
2025-07-31 18:15:01,452 INFO  [org.apa.kaf.com.uti.AppInfoParser] (main) Kafka startTimeMs: 1753985701452
2025-07-31 18:15:01,454 INFO  [io.api.tes.ser.api.KafkaSerdesTester] (Thread-826) Sending message {"key1": "value-0", "key2": "value-0", "key3": "value-0"} to topic topic-fd0e6687_857d_4957_be84_2d0b08c64c15
2025-07-31 18:15:01,456 INFO  [org.apa.kaf.cli.Metadata] (kafka-producer-network-thread | Producer-topic-fd0e6687_857d_4957_be84_2d0b08c64c15) [Producer clientId=Producer-topic-fd0e6687_857d_4957_be84_2d0b08c64c15] Cluster ID: UuE4P2bBQU2_qF9DHmdGkA
2025-07-31 18:15:01,457 INFO  [org.apa.kaf.cli.pro.int.TransactionManager] (kafka-producer-network-thread | Producer-topic-fd0e6687_857d_4957_be84_2d0b08c64c15) [Producer clientId=Producer-topic-fd0e6687_857d_4957_be84_2d0b08c64c15] ProducerId set to 39 with epoch 0
2025-07-31 18:15:01,474 INFO  [io.api.tes.ser.api.KafkaSerdesTester] (Thread-826) Sending message {"key1": "value-1", "key2": "value-1", "key3": "value-1"} to topic topic-fd0e6687_857d_4957_be84_2d0b08c64c15
2025-07-31 18:15:01,476 INFO  [io.api.tes.ser.api.KafkaSerdesTester] (Thread-826) Sending message {"key1": "value-2", "key2": "value-2", "key3": "value-2"} to topic topic-fd0e6687_857d_4957_be84_2d0b08c64c15
2025-07-31 18:15:01,477 INFO  [io.api.tes.ser.api.KafkaSerdesTester] (Thread-826) Sending message {"key1": "value-3", "key2": "value-3", "key3": "value-3"} to topic topic-fd0e6687_857d_4957_be84_2d0b08c64c15
2025-07-31 18:15:01,478 INFO  [io.api.tes.ser.api.KafkaSerdesTester] (Thread-826) Sending message {"key1": "value-4", "key2": "value-4", "key3": "value-4"} to topic topic-fd0e6687_857d_4957_be84_2d0b08c64c15
2025-07-31 18:15:01,481 INFO  [io.api.tes.ser.api.KafkaSerdesTester] (Thread-826) Sending message {"key1": "value-5", "key2": "value-5", "key3": "value-5"} to topic topic-fd0e6687_857d_4957_be84_2d0b08c64c15
2025-07-31 18:15:01,482 INFO  [io.api.tes.ser.api.KafkaSerdesTester] (Thread-826) Sending message {"key1": "value-6", "key2": "value-6", "key3": "value-6"} to topic topic-fd0e6687_857d_4957_be84_2d0b08c64c15
2025-07-31 18:15:01,483 INFO  [io.api.tes.ser.api.KafkaSerdesTester] (Thread-826) Sending message {"key1": "value-7", "key2": "value-7", "key3": "value-7"} to topic topic-fd0e6687_857d_4957_be84_2d0b08c64c15
2025-07-31 18:15:01,484 INFO  [io.api.tes.ser.api.KafkaSerdesTester] (Thread-826) Sending message {"key1": "value-8", "key2": "value-8", "key3": "value-8"} to topic topic-fd0e6687_857d_4957_be84_2d0b08c64c15
2025-07-31 18:15:01,486 INFO  [io.api.tes.ser.api.KafkaSerdesTester] (Thread-826) Sending message {"key1": "value-9", "key2": "value-9", "key3": "value-9"} to topic topic-fd0e6687_857d_4957_be84_2d0b08c64c15
2025-07-31 18:15:01,487 INFO  [io.api.tes.ser.api.KafkaSerdesTester] (Thread-826) Produced 10 messages
2025-07-31 18:15:01,487 INFO  [org.apa.kaf.cli.pro.KafkaProducer] (Thread-826) [Producer clientId=Producer-topic-fd0e6687_857d_4957_be84_2d0b08c64c15] Closing the Kafka producer with timeoutMillis = 9223372036854775807 ms.
2025-07-31 18:15:01,489 INFO  [org.apa.kaf.com.met.Metrics] (Thread-826) Metrics scheduler closed
2025-07-31 18:15:01,489 INFO  [org.apa.kaf.com.met.Metrics] (Thread-826) Closing reporter org.apache.kafka.common.metrics.JmxReporter
2025-07-31 18:15:01,489 INFO  [org.apa.kaf.com.met.Metrics] (Thread-826) Closing reporter org.apache.kafka.common.telemetry.internals.ClientTelemetryReporter
2025-07-31 18:15:01,489 INFO  [org.apa.kaf.com.met.Metrics] (Thread-826) Metrics reporters closed
2025-07-31 18:15:01,489 INFO  [org.apa.kaf.com.uti.AppInfoParser] (Thread-826) App info kafka.producer for Producer-topic-fd0e6687_857d_4957_be84_2d0b08c64c15 unregistered
**** Registry Base URL: http://registry-app-postgresql.apps.ci419.apicurio-testing.org:80
2025-07-31 18:15:01,490 INFO  [org.apa.kaf.cli.pro.ProducerConfig] (main) ProducerConfig values: 
	acks = -1
	auto.include.jmx.reporter = true
	batch.size = 16384
	bootstrap.servers = [PLAINTEXT://localhost:32770]
	buffer.memory = 33554432
	client.dns.lookup = use_all_dns_ips
	client.id = Producer-topic-fd0e6687_857d_4957_be84_2d0b08c64c15
	compression.gzip.level = -1
	compression.lz4.level = 9
	compression.type = none
	compression.zstd.level = 3
	connections.max.idle.ms = 10000
	delivery.timeout.ms = 120000
	enable.idempotence = true
	enable.metrics.push = true
	interceptor.classes = []
	key.serializer = class org.apache.kafka.common.serialization.StringSerializer
	linger.ms = 0
	max.block.ms = 60000
	max.in.flight.requests.per.connection = 5
	max.request.size = 1048576
	metadata.max.age.ms = 300000
	metadata.max.idle.ms = 300000
	metadata.recovery.strategy = none
	metric.reporters = []
	metrics.num.samples = 2
	metrics.recording.level = INFO
	metrics.sample.window.ms = 30000
	partitioner.adaptive.partitioning.enable = true
	partitioner.availability.timeout.ms = 0
	partitioner.class = null
	partitioner.ignore.keys = false
	receive.buffer.bytes = 32768
	reconnect.backoff.max.ms = 1000
	reconnect.backoff.ms = 50
	request.timeout.ms = 5000
	retries = 2147483647
	retry.backoff.max.ms = 1000
	retry.backoff.ms = 100
	sasl.client.callback.handler.class = null
	sasl.jaas.config = null
	sasl.kerberos.kinit.cmd = /usr/bin/kinit
	sasl.kerberos.min.time.before.relogin = 60000
	sasl.kerberos.service.name = null
	sasl.kerberos.ticket.renew.jitter = 0.05
	sasl.kerberos.ticket.renew.window.factor = 0.8
	sasl.login.callback.handler.class = null
	sasl.login.class = null
	sasl.login.connect.timeout.ms = null
	sasl.login.read.timeout.ms = null
	sasl.login.refresh.buffer.seconds = 300
	sasl.login.refresh.min.period.seconds = 60
	sasl.login.refresh.window.factor = 0.8
	sasl.login.refresh.window.jitter = 0.05
	sasl.login.retry.backoff.max.ms = 10000
	sasl.login.retry.backoff.ms = 100
	sasl.mechanism = GSSAPI
	sasl.oauthbearer.clock.skew.seconds = 30
	sasl.oauthbearer.expected.audience = null
	sasl.oauthbearer.expected.issuer = null
	sasl.oauthbearer.header.urlencode = false
	sasl.oauthbearer.jwks.endpoint.refresh.ms = 3600000
	sasl.oauthbearer.jwks.endpoint.retry.backoff.max.ms = 10000
	sasl.oauthbearer.jwks.endpoint.retry.backoff.ms = 100
	sasl.oauthbearer.jwks.endpoint.url = null
	sasl.oauthbearer.scope.claim.name = scope
	sasl.oauthbearer.sub.claim.name = sub
	sasl.oauthbearer.token.endpoint.url = null
	security.protocol = PLAINTEXT
	security.providers = null
	send.buffer.bytes = 131072
	socket.connection.setup.timeout.max.ms = 30000
	socket.connection.setup.timeout.ms = 10000
	ssl.cipher.suites = null
	ssl.enabled.protocols = [TLSv1.2, TLSv1.3]
	ssl.endpoint.identification.algorithm = https
	ssl.engine.factory.class = null
	ssl.key.password = null
	ssl.keymanager.algorithm = SunX509
	ssl.keystore.certificate.chain = null
	ssl.keystore.key = null
	ssl.keystore.location = null
	ssl.keystore.password = null
	ssl.keystore.type = JKS
	ssl.protocol = TLSv1.3
	ssl.provider = null
	ssl.secure.random.implementation = null
	ssl.trustmanager.algorithm = PKIX
	ssl.truststore.certificates = null
	ssl.truststore.location = null
	ssl.truststore.password = null
	ssl.truststore.type = JKS
	transaction.timeout.ms = 60000
	transactional.id = null
	value.serializer = class io.confluent.kafka.serializers.KafkaAvroSerializer

2025-07-31 18:15:01,490 INFO  [org.apa.kaf.com.tel.int.KafkaMetricsCollector] (main) initializing Kafka metrics collector
2025-07-31 18:15:01,490 INFO  [io.con.kaf.ser.KafkaAvroSerializerConfig] (main) KafkaAvroSerializerConfig values: 
	auto.register.schemas = false
	avro.reflection.allow.null = false
	avro.remove.java.properties = false
	avro.use.logical.type.converters = false
	basic.auth.credentials.source = URL
	basic.auth.user.info = [hidden]
	bearer.auth.cache.expiry.buffer.seconds = 300
	bearer.auth.client.id = null
	bearer.auth.client.secret = null
	bearer.auth.credentials.source = STATIC_TOKEN
	bearer.auth.custom.provider.class = null
	bearer.auth.identity.pool.id = null
	bearer.auth.issuer.endpoint.url = null
	bearer.auth.logical.cluster = null
	bearer.auth.scope = null
	bearer.auth.scope.claim.name = scope
	bearer.auth.sub.claim.name = sub
	bearer.auth.token = [hidden]
	context.name.strategy = class io.confluent.kafka.serializers.context.NullContextNameStrategy
	http.connect.timeout.ms = 60000
	http.read.timeout.ms = 60000
	id.compatibility.strict = true
	key.schema.id.deserializer = class io.confluent.kafka.serializers.schema.id.DualSchemaIdDeserializer
	key.schema.id.serializer = class io.confluent.kafka.serializers.schema.id.PrefixSchemaIdSerializer
	key.subject.name.strategy = class io.confluent.kafka.serializers.subject.TopicNameStrategy
	latest.cache.size = 1000
	latest.cache.ttl.sec = -1
	latest.compatibility.strict = true
	max.retries = 3
	max.schemas.per.subject = 1000
	normalize.schemas = false
	propagate.schema.tags = false
	proxy.host = 
	proxy.port = -1
	retries.max.wait.ms = 20000
	retries.wait.ms = 1000
	rule.actions = []
	rule.executors = []
	rule.service.loader.enable = true
	schema.format = null
	schema.reflection = false
	schema.registry.basic.auth.user.info = [hidden]
	schema.registry.ssl.cipher.suites = null
	schema.registry.ssl.enabled.protocols = [TLSv1.2, TLSv1.3]
	schema.registry.ssl.endpoint.identification.algorithm = https
	schema.registry.ssl.engine.factory.class = null
	schema.registry.ssl.key.password = null
	schema.registry.ssl.keymanager.algorithm = SunX509
	schema.registry.ssl.keystore.certificate.chain = null
	schema.registry.ssl.keystore.key = null
	schema.registry.ssl.keystore.location = null
	schema.registry.ssl.keystore.password = null
	schema.registry.ssl.keystore.type = JKS
	schema.registry.ssl.protocol = TLSv1.3
	schema.registry.ssl.provider = null
	schema.registry.ssl.secure.random.implementation = null
	schema.registry.ssl.trustmanager.algorithm = PKIX
	schema.registry.ssl.truststore.certificates = null
	schema.registry.ssl.truststore.location = null
	schema.registry.ssl.truststore.password = null
	schema.registry.ssl.truststore.type = JKS
	schema.registry.url = [http://registry-app-postgresql.apps.ci419.apicurio-testing.org:80/apis/ccompat/v7]
	schema.registry.url.randomize = false
	use.latest.version = false
	use.latest.with.metadata = null
	use.schema.id = -1
	value.schema.id.deserializer = class io.confluent.kafka.serializers.schema.id.DualSchemaIdDeserializer
	value.schema.id.serializer = class io.confluent.kafka.serializers.schema.id.PrefixSchemaIdSerializer
	value.subject.name.strategy = class io.confluent.kafka.serializers.subject.TopicRecordNameStrategy

2025-07-31 18:15:01,492 INFO  [org.apa.kaf.cli.pro.KafkaProducer] (main) [Producer clientId=Producer-topic-fd0e6687_857d_4957_be84_2d0b08c64c15] Instantiated an idempotent producer.
2025-07-31 18:15:01,493 INFO  [org.apa.kaf.cli.pro.ProducerConfig] (main) These configurations '[schema.registry.url, auto.register.schemas, value.subject.name.strategy]' were supplied but are not used yet.
2025-07-31 18:15:01,493 INFO  [org.apa.kaf.com.uti.AppInfoParser] (main) Kafka version: 3.9.1
2025-07-31 18:15:01,493 INFO  [org.apa.kaf.com.uti.AppInfoParser] (main) Kafka commitId: f745dfdcee2b9851
2025-07-31 18:15:01,493 INFO  [org.apa.kaf.com.uti.AppInfoParser] (main) Kafka startTimeMs: 1753985701493
2025-07-31 18:15:01,495 INFO  [io.api.tes.ser.api.KafkaSerdesTester] (Thread-827) Sending message {"key1": "value-0", "key2": "value-0"} to topic topic-fd0e6687_857d_4957_be84_2d0b08c64c15
2025-07-31 18:15:01,501 INFO  [org.apa.kaf.cli.Metadata] (kafka-producer-network-thread | Producer-topic-fd0e6687_857d_4957_be84_2d0b08c64c15) [Producer clientId=Producer-topic-fd0e6687_857d_4957_be84_2d0b08c64c15] Cluster ID: UuE4P2bBQU2_qF9DHmdGkA
2025-07-31 18:15:01,501 INFO  [org.apa.kaf.cli.pro.int.TransactionManager] (kafka-producer-network-thread | Producer-topic-fd0e6687_857d_4957_be84_2d0b08c64c15) [Producer clientId=Producer-topic-fd0e6687_857d_4957_be84_2d0b08c64c15] ProducerId set to 40 with epoch 0
2025-07-31 18:15:01,521 INFO  [io.api.tes.ser.api.KafkaSerdesTester] (Thread-827) Sending message {"key1": "value-1", "key2": "value-1"} to topic topic-fd0e6687_857d_4957_be84_2d0b08c64c15
2025-07-31 18:15:01,522 INFO  [io.api.tes.ser.api.KafkaSerdesTester] (Thread-827) Sending message {"key1": "value-2", "key2": "value-2"} to topic topic-fd0e6687_857d_4957_be84_2d0b08c64c15
2025-07-31 18:15:01,524 INFO  [io.api.tes.ser.api.KafkaSerdesTester] (Thread-827) Sending message {"key1": "value-3", "key2": "value-3"} to topic topic-fd0e6687_857d_4957_be84_2d0b08c64c15
2025-07-31 18:15:01,529 INFO  [io.api.tes.ser.api.KafkaSerdesTester] (Thread-827) Sending message {"key1": "value-4", "key2": "value-4"} to topic topic-fd0e6687_857d_4957_be84_2d0b08c64c15
2025-07-31 18:15:01,530 INFO  [io.api.tes.ser.api.KafkaSerdesTester] (Thread-827) Sending message {"key1": "value-5", "key2": "value-5"} to topic topic-fd0e6687_857d_4957_be84_2d0b08c64c15
2025-07-31 18:15:01,534 INFO  [io.api.tes.ser.api.KafkaSerdesTester] (Thread-827) Sending message {"key1": "value-6", "key2": "value-6"} to topic topic-fd0e6687_857d_4957_be84_2d0b08c64c15
2025-07-31 18:15:01,545 INFO  [io.api.tes.ser.api.KafkaSerdesTester] (Thread-827) Sending message {"key1": "value-7", "key2": "value-7"} to topic topic-fd0e6687_857d_4957_be84_2d0b08c64c15
2025-07-31 18:15:01,548 INFO  [io.api.tes.ser.api.KafkaSerdesTester] (Thread-827) Sending message {"key1": "value-8", "key2": "value-8"} to topic topic-fd0e6687_857d_4957_be84_2d0b08c64c15
2025-07-31 18:15:01,549 INFO  [io.api.tes.ser.api.KafkaSerdesTester] (Thread-827) Sending message {"key1": "value-9", "key2": "value-9"} to topic topic-fd0e6687_857d_4957_be84_2d0b08c64c15
2025-07-31 18:15:01,550 INFO  [io.api.tes.ser.api.KafkaSerdesTester] (Thread-827) Produced 10 messages
2025-07-31 18:15:01,550 INFO  [org.apa.kaf.cli.pro.KafkaProducer] (Thread-827) [Producer clientId=Producer-topic-fd0e6687_857d_4957_be84_2d0b08c64c15] Closing the Kafka producer with timeoutMillis = 9223372036854775807 ms.
2025-07-31 18:15:01,554 INFO  [org.apa.kaf.com.met.Metrics] (Thread-827) Metrics scheduler closed
2025-07-31 18:15:01,554 INFO  [org.apa.kaf.com.met.Metrics] (Thread-827) Closing reporter org.apache.kafka.common.metrics.JmxReporter
2025-07-31 18:15:01,554 INFO  [org.apa.kaf.com.met.Metrics] (Thread-827) Closing reporter org.apache.kafka.common.telemetry.internals.ClientTelemetryReporter
2025-07-31 18:15:01,554 INFO  [org.apa.kaf.com.met.Metrics] (Thread-827) Metrics reporters closed
2025-07-31 18:15:01,554 INFO  [org.apa.kaf.com.uti.AppInfoParser] (Thread-827) App info kafka.producer for Producer-topic-fd0e6687_857d_4957_be84_2d0b08c64c15 unregistered
**** Registry Base URL: http://registry-app-postgresql.apps.ci419.apicurio-testing.org:80
2025-07-31 18:15:01,555 INFO  [org.apa.kaf.cli.pro.ProducerConfig] (main) ProducerConfig values: 
	acks = -1
	auto.include.jmx.reporter = true
	batch.size = 16384
	bootstrap.servers = [PLAINTEXT://localhost:32770]
	buffer.memory = 33554432
	client.dns.lookup = use_all_dns_ips
	client.id = Producer-topic-fd0e6687_857d_4957_be84_2d0b08c64c15
	compression.gzip.level = -1
	compression.lz4.level = 9
	compression.type = none
	compression.zstd.level = 3
	connections.max.idle.ms = 10000
	delivery.timeout.ms = 120000
	enable.idempotence = true
	enable.metrics.push = true
	interceptor.classes = []
	key.serializer = class org.apache.kafka.common.serialization.StringSerializer
	linger.ms = 0
	max.block.ms = 60000
	max.in.flight.requests.per.connection = 5
	max.request.size = 1048576
	metadata.max.age.ms = 300000
	metadata.max.idle.ms = 300000
	metadata.recovery.strategy = none
	metric.reporters = []
	metrics.num.samples = 2
	metrics.recording.level = INFO
	metrics.sample.window.ms = 30000
	partitioner.adaptive.partitioning.enable = true
	partitioner.availability.timeout.ms = 0
	partitioner.class = null
	partitioner.ignore.keys = false
	receive.buffer.bytes = 32768
	reconnect.backoff.max.ms = 1000
	reconnect.backoff.ms = 50
	request.timeout.ms = 5000
	retries = 2147483647
	retry.backoff.max.ms = 1000
	retry.backoff.ms = 100
	sasl.client.callback.handler.class = null
	sasl.jaas.config = null
	sasl.kerberos.kinit.cmd = /usr/bin/kinit
	sasl.kerberos.min.time.before.relogin = 60000
	sasl.kerberos.service.name = null
	sasl.kerberos.ticket.renew.jitter = 0.05
	sasl.kerberos.ticket.renew.window.factor = 0.8
	sasl.login.callback.handler.class = null
	sasl.login.class = null
	sasl.login.connect.timeout.ms = null
	sasl.login.read.timeout.ms = null
	sasl.login.refresh.buffer.seconds = 300
	sasl.login.refresh.min.period.seconds = 60
	sasl.login.refresh.window.factor = 0.8
	sasl.login.refresh.window.jitter = 0.05
	sasl.login.retry.backoff.max.ms = 10000
	sasl.login.retry.backoff.ms = 100
	sasl.mechanism = GSSAPI
	sasl.oauthbearer.clock.skew.seconds = 30
	sasl.oauthbearer.expected.audience = null
	sasl.oauthbearer.expected.issuer = null
	sasl.oauthbearer.header.urlencode = false
	sasl.oauthbearer.jwks.endpoint.refresh.ms = 3600000
	sasl.oauthbearer.jwks.endpoint.retry.backoff.max.ms = 10000
	sasl.oauthbearer.jwks.endpoint.retry.backoff.ms = 100
	sasl.oauthbearer.jwks.endpoint.url = null
	sasl.oauthbearer.scope.claim.name = scope
	sasl.oauthbearer.sub.claim.name = sub
	sasl.oauthbearer.token.endpoint.url = null
	security.protocol = PLAINTEXT
	security.providers = null
	send.buffer.bytes = 131072
	socket.connection.setup.timeout.max.ms = 30000
	socket.connection.setup.timeout.ms = 10000
	ssl.cipher.suites = null
	ssl.enabled.protocols = [TLSv1.2, TLSv1.3]
	ssl.endpoint.identification.algorithm = https
	ssl.engine.factory.class = null
	ssl.key.password = null
	ssl.keymanager.algorithm = SunX509
	ssl.keystore.certificate.chain = null
	ssl.keystore.key = null
	ssl.keystore.location = null
	ssl.keystore.password = null
	ssl.keystore.type = JKS
	ssl.protocol = TLSv1.3
	ssl.provider = null
	ssl.secure.random.implementation = null
	ssl.trustmanager.algorithm = PKIX
	ssl.truststore.certificates = null
	ssl.truststore.location = null
	ssl.truststore.password = null
	ssl.truststore.type = JKS
	transaction.timeout.ms = 60000
	transactional.id = null
	value.serializer = class io.confluent.kafka.serializers.KafkaAvroSerializer

2025-07-31 18:15:01,555 INFO  [org.apa.kaf.com.tel.int.KafkaMetricsCollector] (main) initializing Kafka metrics collector
2025-07-31 18:15:01,555 INFO  [io.con.kaf.ser.KafkaAvroSerializerConfig] (main) KafkaAvroSerializerConfig values: 
	auto.register.schemas = false
	avro.reflection.allow.null = false
	avro.remove.java.properties = false
	avro.use.logical.type.converters = false
	basic.auth.credentials.source = URL
	basic.auth.user.info = [hidden]
	bearer.auth.cache.expiry.buffer.seconds = 300
	bearer.auth.client.id = null
	bearer.auth.client.secret = null
	bearer.auth.credentials.source = STATIC_TOKEN
	bearer.auth.custom.provider.class = null
	bearer.auth.identity.pool.id = null
	bearer.auth.issuer.endpoint.url = null
	bearer.auth.logical.cluster = null
	bearer.auth.scope = null
	bearer.auth.scope.claim.name = scope
	bearer.auth.sub.claim.name = sub
	bearer.auth.token = [hidden]
	context.name.strategy = class io.confluent.kafka.serializers.context.NullContextNameStrategy
	http.connect.timeout.ms = 60000
	http.read.timeout.ms = 60000
	id.compatibility.strict = true
	key.schema.id.deserializer = class io.confluent.kafka.serializers.schema.id.DualSchemaIdDeserializer
	key.schema.id.serializer = class io.confluent.kafka.serializers.schema.id.PrefixSchemaIdSerializer
	key.subject.name.strategy = class io.confluent.kafka.serializers.subject.TopicNameStrategy
	latest.cache.size = 1000
	latest.cache.ttl.sec = -1
	latest.compatibility.strict = true
	max.retries = 3
	max.schemas.per.subject = 1000
	normalize.schemas = false
	propagate.schema.tags = false
	proxy.host = 
	proxy.port = -1
	retries.max.wait.ms = 20000
	retries.wait.ms = 1000
	rule.actions = []
	rule.executors = []
	rule.service.loader.enable = true
	schema.format = null
	schema.reflection = false
	schema.registry.basic.auth.user.info = [hidden]
	schema.registry.ssl.cipher.suites = null
	schema.registry.ssl.enabled.protocols = [TLSv1.2, TLSv1.3]
	schema.registry.ssl.endpoint.identification.algorithm = https
	schema.registry.ssl.engine.factory.class = null
	schema.registry.ssl.key.password = null
	schema.registry.ssl.keymanager.algorithm = SunX509
	schema.registry.ssl.keystore.certificate.chain = null
	schema.registry.ssl.keystore.key = null
	schema.registry.ssl.keystore.location = null
	schema.registry.ssl.keystore.password = null
	schema.registry.ssl.keystore.type = JKS
	schema.registry.ssl.protocol = TLSv1.3
	schema.registry.ssl.provider = null
	schema.registry.ssl.secure.random.implementation = null
	schema.registry.ssl.trustmanager.algorithm = PKIX
	schema.registry.ssl.truststore.certificates = null
	schema.registry.ssl.truststore.location = null
	schema.registry.ssl.truststore.password = null
	schema.registry.ssl.truststore.type = JKS
	schema.registry.url = [http://registry-app-postgresql.apps.ci419.apicurio-testing.org:80/apis/ccompat/v7]
	schema.registry.url.randomize = false
	use.latest.version = false
	use.latest.with.metadata = null
	use.schema.id = -1
	value.schema.id.deserializer = class io.confluent.kafka.serializers.schema.id.DualSchemaIdDeserializer
	value.schema.id.serializer = class io.confluent.kafka.serializers.schema.id.PrefixSchemaIdSerializer
	value.subject.name.strategy = class io.confluent.kafka.serializers.subject.TopicRecordNameStrategy

2025-07-31 18:15:01,558 INFO  [org.apa.kaf.cli.pro.KafkaProducer] (main) [Producer clientId=Producer-topic-fd0e6687_857d_4957_be84_2d0b08c64c15] Instantiated an idempotent producer.
2025-07-31 18:15:01,560 INFO  [org.apa.kaf.cli.pro.ProducerConfig] (main) These configurations '[schema.registry.url, auto.register.schemas, value.subject.name.strategy]' were supplied but are not used yet.
2025-07-31 18:15:01,560 INFO  [org.apa.kaf.com.uti.AppInfoParser] (main) Kafka version: 3.9.1
2025-07-31 18:15:01,560 INFO  [org.apa.kaf.com.uti.AppInfoParser] (main) Kafka commitId: f745dfdcee2b9851
2025-07-31 18:15:01,560 INFO  [org.apa.kaf.com.uti.AppInfoParser] (main) Kafka startTimeMs: 1753985701560
2025-07-31 18:15:01,562 INFO  [io.api.tes.ser.api.KafkaSerdesTester] (Thread-828) Sending message {"key1": "value-0"} to topic topic-fd0e6687_857d_4957_be84_2d0b08c64c15
2025-07-31 18:15:01,568 INFO  [org.apa.kaf.cli.Metadata] (kafka-producer-network-thread | Producer-topic-fd0e6687_857d_4957_be84_2d0b08c64c15) [Producer clientId=Producer-topic-fd0e6687_857d_4957_be84_2d0b08c64c15] Cluster ID: UuE4P2bBQU2_qF9DHmdGkA
2025-07-31 18:15:01,572 INFO  [org.apa.kaf.cli.pro.int.TransactionManager] (kafka-producer-network-thread | Producer-topic-fd0e6687_857d_4957_be84_2d0b08c64c15) [Producer clientId=Producer-topic-fd0e6687_857d_4957_be84_2d0b08c64c15] ProducerId set to 41 with epoch 0
2025-07-31 18:15:01,592 INFO  [io.api.tes.ser.api.KafkaSerdesTester] (Thread-828) Sending message {"key1": "value-1"} to topic topic-fd0e6687_857d_4957_be84_2d0b08c64c15
2025-07-31 18:15:01,593 INFO  [io.api.tes.ser.api.KafkaSerdesTester] (Thread-828) Sending message {"key1": "value-2"} to topic topic-fd0e6687_857d_4957_be84_2d0b08c64c15
2025-07-31 18:15:01,595 INFO  [io.api.tes.ser.api.KafkaSerdesTester] (Thread-828) Sending message {"key1": "value-3"} to topic topic-fd0e6687_857d_4957_be84_2d0b08c64c15
2025-07-31 18:15:01,597 INFO  [io.api.tes.ser.api.KafkaSerdesTester] (Thread-828) Sending message {"key1": "value-4"} to topic topic-fd0e6687_857d_4957_be84_2d0b08c64c15
2025-07-31 18:15:01,599 INFO  [io.api.tes.ser.api.KafkaSerdesTester] (Thread-828) Sending message {"key1": "value-5"} to topic topic-fd0e6687_857d_4957_be84_2d0b08c64c15
2025-07-31 18:15:01,602 INFO  [io.api.tes.ser.api.KafkaSerdesTester] (Thread-828) Sending message {"key1": "value-6"} to topic topic-fd0e6687_857d_4957_be84_2d0b08c64c15
2025-07-31 18:15:01,604 INFO  [io.api.tes.ser.api.KafkaSerdesTester] (Thread-828) Sending message {"key1": "value-7"} to topic topic-fd0e6687_857d_4957_be84_2d0b08c64c15
2025-07-31 18:15:01,605 INFO  [io.api.tes.ser.api.KafkaSerdesTester] (Thread-828) Sending message {"key1": "value-8"} to topic topic-fd0e6687_857d_4957_be84_2d0b08c64c15
2025-07-31 18:15:01,606 INFO  [io.api.tes.ser.api.KafkaSerdesTester] (Thread-828) Sending message {"key1": "value-9"} to topic topic-fd0e6687_857d_4957_be84_2d0b08c64c15
2025-07-31 18:15:01,607 INFO  [io.api.tes.ser.api.KafkaSerdesTester] (Thread-828) Produced 10 messages
2025-07-31 18:15:01,608 INFO  [org.apa.kaf.cli.pro.KafkaProducer] (Thread-828) [Producer clientId=Producer-topic-fd0e6687_857d_4957_be84_2d0b08c64c15] Closing the Kafka producer with timeoutMillis = 9223372036854775807 ms.
2025-07-31 18:15:01,610 INFO  [org.apa.kaf.com.met.Metrics] (Thread-828) Metrics scheduler closed
2025-07-31 18:15:01,610 INFO  [org.apa.kaf.com.met.Metrics] (Thread-828) Closing reporter org.apache.kafka.common.metrics.JmxReporter
2025-07-31 18:15:01,610 INFO  [org.apa.kaf.com.met.Metrics] (Thread-828) Closing reporter org.apache.kafka.common.telemetry.internals.ClientTelemetryReporter
2025-07-31 18:15:01,610 INFO  [org.apa.kaf.com.met.Metrics] (Thread-828) Metrics reporters closed
2025-07-31 18:15:01,610 INFO  [org.apa.kaf.com.uti.AppInfoParser] (Thread-828) App info kafka.producer for Producer-topic-fd0e6687_857d_4957_be84_2d0b08c64c15 unregistered
**** Registry Base URL: http://registry-app-postgresql.apps.ci419.apicurio-testing.org:80
2025-07-31 18:15:01,611 INFO  [org.apa.kaf.cli.con.ConsumerConfig] (main) ConsumerConfig values: 
	allow.auto.create.topics = true
	auto.commit.interval.ms = 500
	auto.include.jmx.reporter = true
	auto.offset.reset = earliest
	bootstrap.servers = [PLAINTEXT://localhost:32770]
	check.crcs = true
	client.dns.lookup = use_all_dns_ips
	client.id = consumer-Consumer-topic-fd0e6687_857d_4957_be84_2d0b08c64c15-29
	client.rack = 
	connections.max.idle.ms = 10000
	default.api.timeout.ms = 60000
	enable.auto.commit = true
	enable.metrics.push = true
	exclude.internal.topics = true
	fetch.max.bytes = 52428800
	fetch.max.wait.ms = 500
	fetch.min.bytes = 1
	group.id = Consumer-topic-fd0e6687_857d_4957_be84_2d0b08c64c15
	group.instance.id = null
	group.protocol = classic
	group.remote.assignor = null
	heartbeat.interval.ms = 3000
	interceptor.classes = []
	internal.leave.group.on.close = true
	internal.throw.on.fetch.stable.offset.unsupported = false
	isolation.level = read_uncommitted
	key.deserializer = class org.apache.kafka.common.serialization.StringDeserializer
	max.partition.fetch.bytes = 1048576
	max.poll.interval.ms = 300000
	max.poll.records = 500
	metadata.max.age.ms = 300000
	metadata.recovery.strategy = none
	metric.reporters = []
	metrics.num.samples = 2
	metrics.recording.level = INFO
	metrics.sample.window.ms = 30000
	partition.assignment.strategy = [class org.apache.kafka.clients.consumer.RangeAssignor, class org.apache.kafka.clients.consumer.CooperativeStickyAssignor]
	receive.buffer.bytes = 65536
	reconnect.backoff.max.ms = 1000
	reconnect.backoff.ms = 50
	request.timeout.ms = 5000
	retry.backoff.max.ms = 1000
	retry.backoff.ms = 100
	sasl.client.callback.handler.class = null
	sasl.jaas.config = null
	sasl.kerberos.kinit.cmd = /usr/bin/kinit
	sasl.kerberos.min.time.before.relogin = 60000
	sasl.kerberos.service.name = null
	sasl.kerberos.ticket.renew.jitter = 0.05
	sasl.kerberos.ticket.renew.window.factor = 0.8
	sasl.login.callback.handler.class = null
	sasl.login.class = null
	sasl.login.connect.timeout.ms = null
	sasl.login.read.timeout.ms = null
	sasl.login.refresh.buffer.seconds = 300
	sasl.login.refresh.min.period.seconds = 60
	sasl.login.refresh.window.factor = 0.8
	sasl.login.refresh.window.jitter = 0.05
	sasl.login.retry.backoff.max.ms = 10000
	sasl.login.retry.backoff.ms = 100
	sasl.mechanism = GSSAPI
	sasl.oauthbearer.clock.skew.seconds = 30
	sasl.oauthbearer.expected.audience = null
	sasl.oauthbearer.expected.issuer = null
	sasl.oauthbearer.header.urlencode = false
	sasl.oauthbearer.jwks.endpoint.refresh.ms = 3600000
	sasl.oauthbearer.jwks.endpoint.retry.backoff.max.ms = 10000
	sasl.oauthbearer.jwks.endpoint.retry.backoff.ms = 100
	sasl.oauthbearer.jwks.endpoint.url = null
	sasl.oauthbearer.scope.claim.name = scope
	sasl.oauthbearer.sub.claim.name = sub
	sasl.oauthbearer.token.endpoint.url = null
	security.protocol = PLAINTEXT
	security.providers = null
	send.buffer.bytes = 131072
	session.timeout.ms = 45000
	socket.connection.setup.timeout.max.ms = 30000
	socket.connection.setup.timeout.ms = 10000
	ssl.cipher.suites = null
	ssl.enabled.protocols = [TLSv1.2, TLSv1.3]
	ssl.endpoint.identification.algorithm = https
	ssl.engine.factory.class = null
	ssl.key.password = null
	ssl.keymanager.algorithm = SunX509
	ssl.keystore.certificate.chain = null
	ssl.keystore.key = null
	ssl.keystore.location = null
	ssl.keystore.password = null
	ssl.keystore.type = JKS
	ssl.protocol = TLSv1.3
	ssl.provider = null
	ssl.secure.random.implementation = null
	ssl.trustmanager.algorithm = PKIX
	ssl.truststore.certificates = null
	ssl.truststore.location = null
	ssl.truststore.password = null
	ssl.truststore.type = JKS
	value.deserializer = class io.confluent.kafka.serializers.KafkaAvroDeserializer

2025-07-31 18:15:01,611 INFO  [org.apa.kaf.com.tel.int.KafkaMetricsCollector] (main) initializing Kafka metrics collector
2025-07-31 18:15:01,611 INFO  [io.con.kaf.ser.KafkaAvroDeserializerConfig] (main) KafkaAvroDeserializerConfig values: 
	auto.register.schemas = true
	avro.reflection.allow.null = false
	avro.use.logical.type.converters = false
	basic.auth.credentials.source = URL
	basic.auth.user.info = [hidden]
	bearer.auth.cache.expiry.buffer.seconds = 300
	bearer.auth.client.id = null
	bearer.auth.client.secret = null
	bearer.auth.credentials.source = STATIC_TOKEN
	bearer.auth.custom.provider.class = null
	bearer.auth.identity.pool.id = null
	bearer.auth.issuer.endpoint.url = null
	bearer.auth.logical.cluster = null
	bearer.auth.scope = null
	bearer.auth.scope.claim.name = scope
	bearer.auth.sub.claim.name = sub
	bearer.auth.token = [hidden]
	context.name.strategy = class io.confluent.kafka.serializers.context.NullContextNameStrategy
	http.connect.timeout.ms = 60000
	http.read.timeout.ms = 60000
	id.compatibility.strict = true
	key.schema.id.deserializer = class io.confluent.kafka.serializers.schema.id.DualSchemaIdDeserializer
	key.schema.id.serializer = class io.confluent.kafka.serializers.schema.id.PrefixSchemaIdSerializer
	key.subject.name.strategy = class io.confluent.kafka.serializers.subject.TopicNameStrategy
	latest.cache.size = 1000
	latest.cache.ttl.sec = -1
	latest.compatibility.strict = true
	max.retries = 3
	max.schemas.per.subject = 1000
	normalize.schemas = false
	propagate.schema.tags = false
	proxy.host = 
	proxy.port = -1
	retries.max.wait.ms = 20000
	retries.wait.ms = 1000
	rule.actions = []
	rule.executors = []
	rule.service.loader.enable = true
	schema.format = null
	schema.reflection = false
	schema.registry.basic.auth.user.info = [hidden]
	schema.registry.ssl.cipher.suites = null
	schema.registry.ssl.enabled.protocols = [TLSv1.2, TLSv1.3]
	schema.registry.ssl.endpoint.identification.algorithm = https
	schema.registry.ssl.engine.factory.class = null
	schema.registry.ssl.key.password = null
	schema.registry.ssl.keymanager.algorithm = SunX509
	schema.registry.ssl.keystore.certificate.chain = null
	schema.registry.ssl.keystore.key = null
	schema.registry.ssl.keystore.location = null
	schema.registry.ssl.keystore.password = null
	schema.registry.ssl.keystore.type = JKS
	schema.registry.ssl.protocol = TLSv1.3
	schema.registry.ssl.provider = null
	schema.registry.ssl.secure.random.implementation = null
	schema.registry.ssl.trustmanager.algorithm = PKIX
	schema.registry.ssl.truststore.certificates = null
	schema.registry.ssl.truststore.location = null
	schema.registry.ssl.truststore.password = null
	schema.registry.ssl.truststore.type = JKS
	schema.registry.url = [http://registry-app-postgresql.apps.ci419.apicurio-testing.org:80/apis/ccompat/v7]
	schema.registry.url.randomize = false
	specific.avro.key.type = null
	specific.avro.reader = false
	specific.avro.value.type = null
	use.latest.version = false
	use.latest.with.metadata = null
	use.schema.id = -1
	value.schema.id.deserializer = class io.confluent.kafka.serializers.schema.id.DualSchemaIdDeserializer
	value.schema.id.serializer = class io.confluent.kafka.serializers.schema.id.PrefixSchemaIdSerializer
	value.subject.name.strategy = class io.confluent.kafka.serializers.subject.TopicNameStrategy

2025-07-31 18:15:01,618 INFO  [org.apa.kaf.cli.con.ConsumerConfig] (main) These configurations '[schema.registry.url]' were supplied but are not used yet.
2025-07-31 18:15:01,618 INFO  [org.apa.kaf.com.uti.AppInfoParser] (main) Kafka version: 3.9.1
2025-07-31 18:15:01,618 INFO  [org.apa.kaf.com.uti.AppInfoParser] (main) Kafka commitId: f745dfdcee2b9851
2025-07-31 18:15:01,618 INFO  [org.apa.kaf.com.uti.AppInfoParser] (main) Kafka startTimeMs: 1753985701618
2025-07-31 18:15:01,619 INFO  [org.apa.kaf.cli.con.int.ClassicKafkaConsumer] (Thread-829) [Consumer clientId=consumer-Consumer-topic-fd0e6687_857d_4957_be84_2d0b08c64c15-29, groupId=Consumer-topic-fd0e6687_857d_4957_be84_2d0b08c64c15] Subscribed to topic(s): topic-fd0e6687_857d_4957_be84_2d0b08c64c15
2025-07-31 18:15:01,624 INFO  [org.apa.kaf.cli.Metadata] (Thread-829) [Consumer clientId=consumer-Consumer-topic-fd0e6687_857d_4957_be84_2d0b08c64c15-29, groupId=Consumer-topic-fd0e6687_857d_4957_be84_2d0b08c64c15] Cluster ID: UuE4P2bBQU2_qF9DHmdGkA
2025-07-31 18:15:01,624 INFO  [org.apa.kaf.cli.con.int.ConsumerCoordinator] (Thread-829) [Consumer clientId=consumer-Consumer-topic-fd0e6687_857d_4957_be84_2d0b08c64c15-29, groupId=Consumer-topic-fd0e6687_857d_4957_be84_2d0b08c64c15] Discovered group coordinator localhost:32770 (id: 2147483647 rack: null)
2025-07-31 18:15:01,625 INFO  [org.apa.kaf.cli.con.int.ConsumerCoordinator] (Thread-829) [Consumer clientId=consumer-Consumer-topic-fd0e6687_857d_4957_be84_2d0b08c64c15-29, groupId=Consumer-topic-fd0e6687_857d_4957_be84_2d0b08c64c15] (Re-)joining group
2025-07-31 18:15:01,629 INFO  [org.apa.kaf.cli.con.int.ConsumerCoordinator] (Thread-829) [Consumer clientId=consumer-Consumer-topic-fd0e6687_857d_4957_be84_2d0b08c64c15-29, groupId=Consumer-topic-fd0e6687_857d_4957_be84_2d0b08c64c15] Request joining group due to: need to re-join with the given member-id: consumer-Consumer-topic-fd0e6687_857d_4957_be84_2d0b08c64c15-29-3d415ec8-db76-4d18-967e-f78bf73c59d4
2025-07-31 18:15:01,629 INFO  [org.apa.kaf.cli.con.int.ConsumerCoordinator] (Thread-829) [Consumer clientId=consumer-Consumer-topic-fd0e6687_857d_4957_be84_2d0b08c64c15-29, groupId=Consumer-topic-fd0e6687_857d_4957_be84_2d0b08c64c15] (Re-)joining group
2025-07-31 18:15:01,631 INFO  [org.apa.kaf.cli.con.int.ConsumerCoordinator] (Thread-829) [Consumer clientId=consumer-Consumer-topic-fd0e6687_857d_4957_be84_2d0b08c64c15-29, groupId=Consumer-topic-fd0e6687_857d_4957_be84_2d0b08c64c15] Successfully joined group with generation Generation{generationId=5, memberId='consumer-Consumer-topic-fd0e6687_857d_4957_be84_2d0b08c64c15-29-3d415ec8-db76-4d18-967e-f78bf73c59d4', protocol='range'}
2025-07-31 18:15:01,631 INFO  [org.apa.kaf.cli.con.int.ConsumerCoordinator] (Thread-829) [Consumer clientId=consumer-Consumer-topic-fd0e6687_857d_4957_be84_2d0b08c64c15-29, groupId=Consumer-topic-fd0e6687_857d_4957_be84_2d0b08c64c15] Finished assignment for group at generation 5: {consumer-Consumer-topic-fd0e6687_857d_4957_be84_2d0b08c64c15-29-3d415ec8-db76-4d18-967e-f78bf73c59d4=Assignment(partitions=[topic-fd0e6687_857d_4957_be84_2d0b08c64c15-0])}
2025-07-31 18:15:01,633 INFO  [org.apa.kaf.cli.con.int.ConsumerCoordinator] (Thread-829) [Consumer clientId=consumer-Consumer-topic-fd0e6687_857d_4957_be84_2d0b08c64c15-29, groupId=Consumer-topic-fd0e6687_857d_4957_be84_2d0b08c64c15] Successfully synced group in generation Generation{generationId=5, memberId='consumer-Consumer-topic-fd0e6687_857d_4957_be84_2d0b08c64c15-29-3d415ec8-db76-4d18-967e-f78bf73c59d4', protocol='range'}
2025-07-31 18:15:01,634 INFO  [org.apa.kaf.cli.con.int.ConsumerCoordinator] (Thread-829) [Consumer clientId=consumer-Consumer-topic-fd0e6687_857d_4957_be84_2d0b08c64c15-29, groupId=Consumer-topic-fd0e6687_857d_4957_be84_2d0b08c64c15] Notifying assignor about the new Assignment(partitions=[topic-fd0e6687_857d_4957_be84_2d0b08c64c15-0])
2025-07-31 18:15:01,634 INFO  [org.apa.kaf.cli.con.int.ConsumerRebalanceListenerInvoker] (Thread-829) [Consumer clientId=consumer-Consumer-topic-fd0e6687_857d_4957_be84_2d0b08c64c15-29, groupId=Consumer-topic-fd0e6687_857d_4957_be84_2d0b08c64c15] Adding newly assigned partitions: topic-fd0e6687_857d_4957_be84_2d0b08c64c15-0
2025-07-31 18:15:01,635 INFO  [org.apa.kaf.cli.con.int.ConsumerUtils] (Thread-829) Setting offset for partition topic-fd0e6687_857d_4957_be84_2d0b08c64c15-0 to the committed offset FetchPosition{offset=30, offsetEpoch=Optional[0], currentLeader=LeaderAndEpoch{leader=Optional[localhost:32770 (id: 0 rack: null)], epoch=0}}
2025-07-31 18:15:01,701 INFO  [io.api.tes.ser.api.KafkaSerdesTester] (Thread-829) topic-fd0e6687_857d_4957_be84_2d0b08c64c15 0 30 {"key1": "value-0", "key2": "value-0", "key3": "value-0"}
2025-07-31 18:15:01,701 INFO  [io.api.tes.ser.api.KafkaSerdesTester] (Thread-829) topic-fd0e6687_857d_4957_be84_2d0b08c64c15 0 31 {"key1": "value-1", "key2": "value-1", "key3": "value-1"}
2025-07-31 18:15:01,701 INFO  [io.api.tes.ser.api.KafkaSerdesTester] (Thread-829) topic-fd0e6687_857d_4957_be84_2d0b08c64c15 0 32 {"key1": "value-2", "key2": "value-2", "key3": "value-2"}
2025-07-31 18:15:01,701 INFO  [io.api.tes.ser.api.KafkaSerdesTester] (Thread-829) topic-fd0e6687_857d_4957_be84_2d0b08c64c15 0 33 {"key1": "value-3", "key2": "value-3", "key3": "value-3"}
2025-07-31 18:15:01,701 INFO  [io.api.tes.ser.api.KafkaSerdesTester] (Thread-829) topic-fd0e6687_857d_4957_be84_2d0b08c64c15 0 34 {"key1": "value-4", "key2": "value-4", "key3": "value-4"}
2025-07-31 18:15:01,701 INFO  [io.api.tes.ser.api.KafkaSerdesTester] (Thread-829) topic-fd0e6687_857d_4957_be84_2d0b08c64c15 0 35 {"key1": "value-5", "key2": "value-5", "key3": "value-5"}
2025-07-31 18:15:01,701 INFO  [io.api.tes.ser.api.KafkaSerdesTester] (Thread-829) topic-fd0e6687_857d_4957_be84_2d0b08c64c15 0 36 {"key1": "value-6", "key2": "value-6", "key3": "value-6"}
2025-07-31 18:15:01,701 INFO  [io.api.tes.ser.api.KafkaSerdesTester] (Thread-829) topic-fd0e6687_857d_4957_be84_2d0b08c64c15 0 37 {"key1": "value-7", "key2": "value-7", "key3": "value-7"}
2025-07-31 18:15:01,701 INFO  [io.api.tes.ser.api.KafkaSerdesTester] (Thread-829) topic-fd0e6687_857d_4957_be84_2d0b08c64c15 0 38 {"key1": "value-8", "key2": "value-8", "key3": "value-8"}
2025-07-31 18:15:01,701 INFO  [io.api.tes.ser.api.KafkaSerdesTester] (Thread-829) topic-fd0e6687_857d_4957_be84_2d0b08c64c15 0 39 {"key1": "value-9", "key2": "value-9", "key3": "value-9"}
2025-07-31 18:15:01,701 INFO  [io.api.tes.ser.api.KafkaSerdesTester] (Thread-829) topic-fd0e6687_857d_4957_be84_2d0b08c64c15 0 40 {"key1": "value-0", "key2": "value-0"}
2025-07-31 18:15:01,701 INFO  [io.api.tes.ser.api.KafkaSerdesTester] (Thread-829) topic-fd0e6687_857d_4957_be84_2d0b08c64c15 0 41 {"key1": "value-1", "key2": "value-1"}
2025-07-31 18:15:01,701 INFO  [io.api.tes.ser.api.KafkaSerdesTester] (Thread-829) topic-fd0e6687_857d_4957_be84_2d0b08c64c15 0 42 {"key1": "value-2", "key2": "value-2"}
2025-07-31 18:15:01,701 INFO  [io.api.tes.ser.api.KafkaSerdesTester] (Thread-829) topic-fd0e6687_857d_4957_be84_2d0b08c64c15 0 43 {"key1": "value-3", "key2": "value-3"}
2025-07-31 18:15:01,701 INFO  [io.api.tes.ser.api.KafkaSerdesTester] (Thread-829) topic-fd0e6687_857d_4957_be84_2d0b08c64c15 0 44 {"key1": "value-4", "key2": "value-4"}
2025-07-31 18:15:01,701 INFO  [io.api.tes.ser.api.KafkaSerdesTester] (Thread-829) topic-fd0e6687_857d_4957_be84_2d0b08c64c15 0 45 {"key1": "value-5", "key2": "value-5"}
2025-07-31 18:15:01,701 INFO  [io.api.tes.ser.api.KafkaSerdesTester] (Thread-829) topic-fd0e6687_857d_4957_be84_2d0b08c64c15 0 46 {"key1": "value-6", "key2": "value-6"}
2025-07-31 18:15:01,702 INFO  [io.api.tes.ser.api.KafkaSerdesTester] (Thread-829) topic-fd0e6687_857d_4957_be84_2d0b08c64c15 0 47 {"key1": "value-7", "key2": "value-7"}
2025-07-31 18:15:01,703 INFO  [io.api.tes.ser.api.KafkaSerdesTester] (Thread-829) topic-fd0e6687_857d_4957_be84_2d0b08c64c15 0 48 {"key1": "value-8", "key2": "value-8"}
2025-07-31 18:15:01,703 INFO  [io.api.tes.ser.api.KafkaSerdesTester] (Thread-829) topic-fd0e6687_857d_4957_be84_2d0b08c64c15 0 49 {"key1": "value-9", "key2": "value-9"}
2025-07-31 18:15:01,703 INFO  [io.api.tes.ser.api.KafkaSerdesTester] (Thread-829) topic-fd0e6687_857d_4957_be84_2d0b08c64c15 0 50 {"key1": "value-0"}
2025-07-31 18:15:01,703 INFO  [io.api.tes.ser.api.KafkaSerdesTester] (Thread-829) topic-fd0e6687_857d_4957_be84_2d0b08c64c15 0 51 {"key1": "value-1"}
2025-07-31 18:15:01,703 INFO  [io.api.tes.ser.api.KafkaSerdesTester] (Thread-829) topic-fd0e6687_857d_4957_be84_2d0b08c64c15 0 52 {"key1": "value-2"}
2025-07-31 18:15:01,703 INFO  [io.api.tes.ser.api.KafkaSerdesTester] (Thread-829) topic-fd0e6687_857d_4957_be84_2d0b08c64c15 0 53 {"key1": "value-3"}
2025-07-31 18:15:01,703 INFO  [io.api.tes.ser.api.KafkaSerdesTester] (Thread-829) topic-fd0e6687_857d_4957_be84_2d0b08c64c15 0 54 {"key1": "value-4"}
2025-07-31 18:15:01,703 INFO  [io.api.tes.ser.api.KafkaSerdesTester] (Thread-829) topic-fd0e6687_857d_4957_be84_2d0b08c64c15 0 55 {"key1": "value-5"}
2025-07-31 18:15:01,703 INFO  [io.api.tes.ser.api.KafkaSerdesTester] (Thread-829) topic-fd0e6687_857d_4957_be84_2d0b08c64c15 0 56 {"key1": "value-6"}
2025-07-31 18:15:01,703 INFO  [io.api.tes.ser.api.KafkaSerdesTester] (Thread-829) topic-fd0e6687_857d_4957_be84_2d0b08c64c15 0 57 {"key1": "value-7"}
2025-07-31 18:15:01,703 INFO  [io.api.tes.ser.api.KafkaSerdesTester] (Thread-829) topic-fd0e6687_857d_4957_be84_2d0b08c64c15 0 58 {"key1": "value-8"}
2025-07-31 18:15:01,703 INFO  [io.api.tes.ser.api.KafkaSerdesTester] (Thread-829) topic-fd0e6687_857d_4957_be84_2d0b08c64c15 0 59 {"key1": "value-9"}
2025-07-31 18:15:01,703 INFO  [io.api.tes.ser.api.KafkaSerdesTester] (Thread-829) Consumed 30 messages
2025-07-31 18:15:01,705 INFO  [org.apa.kaf.cli.con.int.ConsumerRebalanceListenerInvoker] (Thread-829) [Consumer clientId=consumer-Consumer-topic-fd0e6687_857d_4957_be84_2d0b08c64c15-29, groupId=Consumer-topic-fd0e6687_857d_4957_be84_2d0b08c64c15] Revoke previously assigned partitions topic-fd0e6687_857d_4957_be84_2d0b08c64c15-0
2025-07-31 18:15:01,705 INFO  [org.apa.kaf.cli.con.int.ConsumerCoordinator] (Thread-829) [Consumer clientId=consumer-Consumer-topic-fd0e6687_857d_4957_be84_2d0b08c64c15-29, groupId=Consumer-topic-fd0e6687_857d_4957_be84_2d0b08c64c15] Member consumer-Consumer-topic-fd0e6687_857d_4957_be84_2d0b08c64c15-29-3d415ec8-db76-4d18-967e-f78bf73c59d4 sending LeaveGroup request to coordinator localhost:32770 (id: 2147483647 rack: null) due to the consumer is being closed
2025-07-31 18:15:01,705 INFO  [org.apa.kaf.cli.con.int.ConsumerCoordinator] (Thread-829) [Consumer clientId=consumer-Consumer-topic-fd0e6687_857d_4957_be84_2d0b08c64c15-29, groupId=Consumer-topic-fd0e6687_857d_4957_be84_2d0b08c64c15] Resetting generation and member id due to: consumer pro-actively leaving the group
2025-07-31 18:15:01,705 INFO  [org.apa.kaf.cli.con.int.ConsumerCoordinator] (Thread-829) [Consumer clientId=consumer-Consumer-topic-fd0e6687_857d_4957_be84_2d0b08c64c15-29, groupId=Consumer-topic-fd0e6687_857d_4957_be84_2d0b08c64c15] Request joining group due to: consumer pro-actively leaving the group
2025-07-31 18:15:02,204 INFO  [org.apa.kaf.com.met.Metrics] (Thread-829) Metrics scheduler closed
2025-07-31 18:15:02,204 INFO  [org.apa.kaf.com.met.Metrics] (Thread-829) Closing reporter org.apache.kafka.common.metrics.JmxReporter
2025-07-31 18:15:02,204 INFO  [org.apa.kaf.com.met.Metrics] (Thread-829) Closing reporter org.apache.kafka.common.telemetry.internals.ClientTelemetryReporter
2025-07-31 18:15:02,204 INFO  [org.apa.kaf.com.met.Metrics] (Thread-829) Metrics reporters closed
2025-07-31 18:15:02,206 INFO  [org.apa.kaf.com.uti.AppInfoParser] (Thread-829) App info kafka.consumer for consumer-Consumer-topic-fd0e6687_857d_4957_be84_2d0b08c64c15-29 unregistered
2025-07-31 18:15:02,206 INFO  [org.apa.kaf.cli.pro.KafkaProducer] (main) [Producer clientId=Producer-topic-fd0e6687_857d_4957_be84_2d0b08c64c15] Closing the Kafka producer with timeoutMillis = 9223372036854775807 ms.
2025-07-31 18:15:02,206 INFO  [org.apa.kaf.com.met.Metrics] (main) Metrics scheduler closed
2025-07-31 18:15:02,206 INFO  [org.apa.kaf.com.met.Metrics] (main) Closing reporter org.apache.kafka.common.metrics.JmxReporter
2025-07-31 18:15:02,206 INFO  [org.apa.kaf.com.met.Metrics] (main) Closing reporter org.apache.kafka.common.telemetry.internals.ClientTelemetryReporter
2025-07-31 18:15:02,206 INFO  [org.apa.kaf.com.met.Metrics] (main) Metrics reporters closed
2025-07-31 18:15:02,206 INFO  [org.apa.kaf.com.uti.AppInfoParser] (main) App info kafka.producer for Producer-topic-fd0e6687_857d_4957_be84_2d0b08c64c15 unregistered
2025-07-31 18:15:02,240 INFO  [io.api.tes.ser.con.BasicConfluentSerDesIT] (main) Deleting confluent schema topic-fd0e6687_857d_4957_be84_2d0b08c64c15-sbdf211d4xc9a7x442ax92c0xb1552529bff4
2025-07-31 18:15:02,267 INFO  [io.api.tes.uti.TestSeparator] (main) io.apicurio.tests.serdes.confluent.BasicConfluentSerDesIT.testEvolveAvroConfluent-FINISHED
2025-07-31 18:15:02,267 INFO  [io.api.tes.uti.TestSeparator] (main) ############################################################################
Test passed: testEvolveAvroConfluent
]]></system-out>
  </testcase>
  <testcase name="testAvroConfluentSerDes" classname="io.apicurio.tests.serdes.confluent.BasicConfluentSerDesIT" time="0.732">
    <system-out><![CDATA[2025-07-31 18:15:02,268 INFO  [io.api.tes.uti.TestSeparator] (main) ############################################################################
2025-07-31 18:15:02,268 INFO  [io.api.tes.uti.TestSeparator] (main) io.apicurio.tests.serdes.confluent.BasicConfluentSerDesIT.testAvroConfluentSerDes-STARTED
2025-07-31 18:15:02,311 INFO  [io.api.tes.ser.con.BasicConfluentSerDesIT] (main) Checking that created schema is equal to the get schema
2025-07-31 18:15:02,323 INFO  [io.api.tes.ser.con.BasicConfluentSerDesIT] (main) Created schema with id:47 and name:myrecordconfluent1
**** Registry Base URL: http://registry-app-postgresql.apps.ci419.apicurio-testing.org:80
2025-07-31 18:15:02,325 INFO  [org.apa.kaf.cli.pro.ProducerConfig] (main) ProducerConfig values: 
	acks = -1
	auto.include.jmx.reporter = true
	batch.size = 16384
	bootstrap.servers = [PLAINTEXT://localhost:32770]
	buffer.memory = 33554432
	client.dns.lookup = use_all_dns_ips
	client.id = Producer-topic-4c1ea969_f8e4_4b07_bfd5_b684c546e808
	compression.gzip.level = -1
	compression.lz4.level = 9
	compression.type = none
	compression.zstd.level = 3
	connections.max.idle.ms = 10000
	delivery.timeout.ms = 120000
	enable.idempotence = true
	enable.metrics.push = true
	interceptor.classes = []
	key.serializer = class org.apache.kafka.common.serialization.StringSerializer
	linger.ms = 0
	max.block.ms = 60000
	max.in.flight.requests.per.connection = 5
	max.request.size = 1048576
	metadata.max.age.ms = 300000
	metadata.max.idle.ms = 300000
	metadata.recovery.strategy = none
	metric.reporters = []
	metrics.num.samples = 2
	metrics.recording.level = INFO
	metrics.sample.window.ms = 30000
	partitioner.adaptive.partitioning.enable = true
	partitioner.availability.timeout.ms = 0
	partitioner.class = null
	partitioner.ignore.keys = false
	receive.buffer.bytes = 32768
	reconnect.backoff.max.ms = 1000
	reconnect.backoff.ms = 50
	request.timeout.ms = 5000
	retries = 2147483647
	retry.backoff.max.ms = 1000
	retry.backoff.ms = 100
	sasl.client.callback.handler.class = null
	sasl.jaas.config = null
	sasl.kerberos.kinit.cmd = /usr/bin/kinit
	sasl.kerberos.min.time.before.relogin = 60000
	sasl.kerberos.service.name = null
	sasl.kerberos.ticket.renew.jitter = 0.05
	sasl.kerberos.ticket.renew.window.factor = 0.8
	sasl.login.callback.handler.class = null
	sasl.login.class = null
	sasl.login.connect.timeout.ms = null
	sasl.login.read.timeout.ms = null
	sasl.login.refresh.buffer.seconds = 300
	sasl.login.refresh.min.period.seconds = 60
	sasl.login.refresh.window.factor = 0.8
	sasl.login.refresh.window.jitter = 0.05
	sasl.login.retry.backoff.max.ms = 10000
	sasl.login.retry.backoff.ms = 100
	sasl.mechanism = GSSAPI
	sasl.oauthbearer.clock.skew.seconds = 30
	sasl.oauthbearer.expected.audience = null
	sasl.oauthbearer.expected.issuer = null
	sasl.oauthbearer.header.urlencode = false
	sasl.oauthbearer.jwks.endpoint.refresh.ms = 3600000
	sasl.oauthbearer.jwks.endpoint.retry.backoff.max.ms = 10000
	sasl.oauthbearer.jwks.endpoint.retry.backoff.ms = 100
	sasl.oauthbearer.jwks.endpoint.url = null
	sasl.oauthbearer.scope.claim.name = scope
	sasl.oauthbearer.sub.claim.name = sub
	sasl.oauthbearer.token.endpoint.url = null
	security.protocol = PLAINTEXT
	security.providers = null
	send.buffer.bytes = 131072
	socket.connection.setup.timeout.max.ms = 30000
	socket.connection.setup.timeout.ms = 10000
	ssl.cipher.suites = null
	ssl.enabled.protocols = [TLSv1.2, TLSv1.3]
	ssl.endpoint.identification.algorithm = https
	ssl.engine.factory.class = null
	ssl.key.password = null
	ssl.keymanager.algorithm = SunX509
	ssl.keystore.certificate.chain = null
	ssl.keystore.key = null
	ssl.keystore.location = null
	ssl.keystore.password = null
	ssl.keystore.type = JKS
	ssl.protocol = TLSv1.3
	ssl.provider = null
	ssl.secure.random.implementation = null
	ssl.trustmanager.algorithm = PKIX
	ssl.truststore.certificates = null
	ssl.truststore.location = null
	ssl.truststore.password = null
	ssl.truststore.type = JKS
	transaction.timeout.ms = 60000
	transactional.id = null
	value.serializer = class io.confluent.kafka.serializers.KafkaAvroSerializer

2025-07-31 18:15:02,325 INFO  [org.apa.kaf.com.tel.int.KafkaMetricsCollector] (main) initializing Kafka metrics collector
2025-07-31 18:15:02,325 INFO  [io.con.kaf.ser.KafkaAvroSerializerConfig] (main) KafkaAvroSerializerConfig values: 
	auto.register.schemas = false
	avro.reflection.allow.null = false
	avro.remove.java.properties = false
	avro.use.logical.type.converters = false
	basic.auth.credentials.source = URL
	basic.auth.user.info = [hidden]
	bearer.auth.cache.expiry.buffer.seconds = 300
	bearer.auth.client.id = null
	bearer.auth.client.secret = null
	bearer.auth.credentials.source = STATIC_TOKEN
	bearer.auth.custom.provider.class = null
	bearer.auth.identity.pool.id = null
	bearer.auth.issuer.endpoint.url = null
	bearer.auth.logical.cluster = null
	bearer.auth.scope = null
	bearer.auth.scope.claim.name = scope
	bearer.auth.sub.claim.name = sub
	bearer.auth.token = [hidden]
	context.name.strategy = class io.confluent.kafka.serializers.context.NullContextNameStrategy
	http.connect.timeout.ms = 60000
	http.read.timeout.ms = 60000
	id.compatibility.strict = true
	key.schema.id.deserializer = class io.confluent.kafka.serializers.schema.id.DualSchemaIdDeserializer
	key.schema.id.serializer = class io.confluent.kafka.serializers.schema.id.PrefixSchemaIdSerializer
	key.subject.name.strategy = class io.confluent.kafka.serializers.subject.TopicNameStrategy
	latest.cache.size = 1000
	latest.cache.ttl.sec = -1
	latest.compatibility.strict = true
	max.retries = 3
	max.schemas.per.subject = 1000
	normalize.schemas = false
	propagate.schema.tags = false
	proxy.host = 
	proxy.port = -1
	retries.max.wait.ms = 20000
	retries.wait.ms = 1000
	rule.actions = []
	rule.executors = []
	rule.service.loader.enable = true
	schema.format = null
	schema.reflection = false
	schema.registry.basic.auth.user.info = [hidden]
	schema.registry.ssl.cipher.suites = null
	schema.registry.ssl.enabled.protocols = [TLSv1.2, TLSv1.3]
	schema.registry.ssl.endpoint.identification.algorithm = https
	schema.registry.ssl.engine.factory.class = null
	schema.registry.ssl.key.password = null
	schema.registry.ssl.keymanager.algorithm = SunX509
	schema.registry.ssl.keystore.certificate.chain = null
	schema.registry.ssl.keystore.key = null
	schema.registry.ssl.keystore.location = null
	schema.registry.ssl.keystore.password = null
	schema.registry.ssl.keystore.type = JKS
	schema.registry.ssl.protocol = TLSv1.3
	schema.registry.ssl.provider = null
	schema.registry.ssl.secure.random.implementation = null
	schema.registry.ssl.trustmanager.algorithm = PKIX
	schema.registry.ssl.truststore.certificates = null
	schema.registry.ssl.truststore.location = null
	schema.registry.ssl.truststore.password = null
	schema.registry.ssl.truststore.type = JKS
	schema.registry.url = [http://registry-app-postgresql.apps.ci419.apicurio-testing.org:80/apis/ccompat/v7]
	schema.registry.url.randomize = false
	use.latest.version = false
	use.latest.with.metadata = null
	use.schema.id = -1
	value.schema.id.deserializer = class io.confluent.kafka.serializers.schema.id.DualSchemaIdDeserializer
	value.schema.id.serializer = class io.confluent.kafka.serializers.schema.id.PrefixSchemaIdSerializer
	value.subject.name.strategy = class io.confluent.kafka.serializers.subject.TopicNameStrategy

2025-07-31 18:15:02,327 INFO  [org.apa.kaf.cli.pro.KafkaProducer] (main) [Producer clientId=Producer-topic-4c1ea969_f8e4_4b07_bfd5_b684c546e808] Instantiated an idempotent producer.
2025-07-31 18:15:02,329 INFO  [org.apa.kaf.cli.pro.ProducerConfig] (main) These configurations '[schema.registry.url, auto.register.schemas, value.subject.name.strategy]' were supplied but are not used yet.
2025-07-31 18:15:02,329 INFO  [org.apa.kaf.com.uti.AppInfoParser] (main) Kafka version: 3.9.1
2025-07-31 18:15:02,329 INFO  [org.apa.kaf.com.uti.AppInfoParser] (main) Kafka commitId: f745dfdcee2b9851
2025-07-31 18:15:02,329 INFO  [org.apa.kaf.com.uti.AppInfoParser] (main) Kafka startTimeMs: 1753985702329
2025-07-31 18:15:02,329 INFO  [io.api.tes.ser.api.SimpleSerdesTesterBuilder$SimpleSerdesTester] (main) Using producer configuration: {schema.registry.url=http://registry-app-postgresql.apps.ci419.apicurio-testing.org:80/apis/ccompat/v7, value.serializer=io.confluent.kafka.serializers.KafkaAvroSerializer, request.timeout.ms=5000, auto.register.schemas=false, acks=all, bootstrap.servers=PLAINTEXT://localhost:32770, connections.max.idle.ms=10000, key.serializer=org.apache.kafka.common.serialization.StringSerializer, value.subject.name.strategy=io.confluent.kafka.serializers.subject.TopicNameStrategy, client.id=Producer-topic-4c1ea969_f8e4_4b07_bfd5_b684c546e808}
2025-07-31 18:15:02,329 INFO  [io.api.tes.ser.api.SimpleSerdesTesterBuilder$SimpleSerdesTester] (main) Using consumer configuration: {}
2025-07-31 18:15:02,331 INFO  [io.api.tes.ser.api.KafkaSerdesTester] (Thread-830) Sending message {"key1": "value-0"} to topic topic-4c1ea969_f8e4_4b07_bfd5_b684c546e808
2025-07-31 18:15:02,336 INFO  [org.apa.kaf.cli.Metadata] (kafka-producer-network-thread | Producer-topic-4c1ea969_f8e4_4b07_bfd5_b684c546e808) [Producer clientId=Producer-topic-4c1ea969_f8e4_4b07_bfd5_b684c546e808] Cluster ID: UuE4P2bBQU2_qF9DHmdGkA
2025-07-31 18:15:02,336 INFO  [org.apa.kaf.cli.pro.int.TransactionManager] (kafka-producer-network-thread | Producer-topic-4c1ea969_f8e4_4b07_bfd5_b684c546e808) [Producer clientId=Producer-topic-4c1ea969_f8e4_4b07_bfd5_b684c546e808] ProducerId set to 42 with epoch 0
2025-07-31 18:15:02,355 INFO  [io.api.tes.ser.api.KafkaSerdesTester] (Thread-830) Sending message {"key1": "value-1"} to topic topic-4c1ea969_f8e4_4b07_bfd5_b684c546e808
2025-07-31 18:15:02,356 INFO  [io.api.tes.ser.api.KafkaSerdesTester] (Thread-830) Sending message {"key1": "value-2"} to topic topic-4c1ea969_f8e4_4b07_bfd5_b684c546e808
2025-07-31 18:15:02,358 INFO  [io.api.tes.ser.api.KafkaSerdesTester] (Thread-830) Sending message {"key1": "value-3"} to topic topic-4c1ea969_f8e4_4b07_bfd5_b684c546e808
2025-07-31 18:15:02,359 INFO  [io.api.tes.ser.api.KafkaSerdesTester] (Thread-830) Sending message {"key1": "value-4"} to topic topic-4c1ea969_f8e4_4b07_bfd5_b684c546e808
2025-07-31 18:15:02,360 INFO  [io.api.tes.ser.api.KafkaSerdesTester] (Thread-830) Sending message {"key1": "value-5"} to topic topic-4c1ea969_f8e4_4b07_bfd5_b684c546e808
2025-07-31 18:15:02,365 INFO  [io.api.tes.ser.api.KafkaSerdesTester] (Thread-830) Sending message {"key1": "value-6"} to topic topic-4c1ea969_f8e4_4b07_bfd5_b684c546e808
2025-07-31 18:15:02,371 INFO  [io.api.tes.ser.api.KafkaSerdesTester] (Thread-830) Sending message {"key1": "value-7"} to topic topic-4c1ea969_f8e4_4b07_bfd5_b684c546e808
2025-07-31 18:15:02,372 INFO  [io.api.tes.ser.api.KafkaSerdesTester] (Thread-830) Sending message {"key1": "value-8"} to topic topic-4c1ea969_f8e4_4b07_bfd5_b684c546e808
2025-07-31 18:15:02,375 INFO  [io.api.tes.ser.api.KafkaSerdesTester] (Thread-830) Sending message {"key1": "value-9"} to topic topic-4c1ea969_f8e4_4b07_bfd5_b684c546e808
2025-07-31 18:15:02,378 INFO  [io.api.tes.ser.api.KafkaSerdesTester] (Thread-830) Produced 10 messages
2025-07-31 18:15:02,378 INFO  [org.apa.kaf.cli.pro.KafkaProducer] (Thread-830) [Producer clientId=Producer-topic-4c1ea969_f8e4_4b07_bfd5_b684c546e808] Closing the Kafka producer with timeoutMillis = 9223372036854775807 ms.
2025-07-31 18:15:02,395 INFO  [org.apa.kaf.com.met.Metrics] (Thread-830) Metrics scheduler closed
2025-07-31 18:15:02,395 INFO  [org.apa.kaf.com.met.Metrics] (Thread-830) Closing reporter org.apache.kafka.common.metrics.JmxReporter
2025-07-31 18:15:02,395 INFO  [org.apa.kaf.com.met.Metrics] (Thread-830) Closing reporter org.apache.kafka.common.telemetry.internals.ClientTelemetryReporter
2025-07-31 18:15:02,395 INFO  [org.apa.kaf.com.met.Metrics] (Thread-830) Metrics reporters closed
2025-07-31 18:15:02,395 INFO  [org.apa.kaf.com.uti.AppInfoParser] (Thread-830) App info kafka.producer for Producer-topic-4c1ea969_f8e4_4b07_bfd5_b684c546e808 unregistered
**** Registry Base URL: http://registry-app-postgresql.apps.ci419.apicurio-testing.org:80
2025-07-31 18:15:02,396 INFO  [org.apa.kaf.cli.con.ConsumerConfig] (main) ConsumerConfig values: 
	allow.auto.create.topics = true
	auto.commit.interval.ms = 500
	auto.include.jmx.reporter = true
	auto.offset.reset = earliest
	bootstrap.servers = [PLAINTEXT://localhost:32770]
	check.crcs = true
	client.dns.lookup = use_all_dns_ips
	client.id = consumer-Consumer-topic-4c1ea969_f8e4_4b07_bfd5_b684c546e808-30
	client.rack = 
	connections.max.idle.ms = 10000
	default.api.timeout.ms = 60000
	enable.auto.commit = true
	enable.metrics.push = true
	exclude.internal.topics = true
	fetch.max.bytes = 52428800
	fetch.max.wait.ms = 500
	fetch.min.bytes = 1
	group.id = Consumer-topic-4c1ea969_f8e4_4b07_bfd5_b684c546e808
	group.instance.id = null
	group.protocol = classic
	group.remote.assignor = null
	heartbeat.interval.ms = 3000
	interceptor.classes = []
	internal.leave.group.on.close = true
	internal.throw.on.fetch.stable.offset.unsupported = false
	isolation.level = read_uncommitted
	key.deserializer = class org.apache.kafka.common.serialization.StringDeserializer
	max.partition.fetch.bytes = 1048576
	max.poll.interval.ms = 300000
	max.poll.records = 500
	metadata.max.age.ms = 300000
	metadata.recovery.strategy = none
	metric.reporters = []
	metrics.num.samples = 2
	metrics.recording.level = INFO
	metrics.sample.window.ms = 30000
	partition.assignment.strategy = [class org.apache.kafka.clients.consumer.RangeAssignor, class org.apache.kafka.clients.consumer.CooperativeStickyAssignor]
	receive.buffer.bytes = 65536
	reconnect.backoff.max.ms = 1000
	reconnect.backoff.ms = 50
	request.timeout.ms = 5000
	retry.backoff.max.ms = 1000
	retry.backoff.ms = 100
	sasl.client.callback.handler.class = null
	sasl.jaas.config = null
	sasl.kerberos.kinit.cmd = /usr/bin/kinit
	sasl.kerberos.min.time.before.relogin = 60000
	sasl.kerberos.service.name = null
	sasl.kerberos.ticket.renew.jitter = 0.05
	sasl.kerberos.ticket.renew.window.factor = 0.8
	sasl.login.callback.handler.class = null
	sasl.login.class = null
	sasl.login.connect.timeout.ms = null
	sasl.login.read.timeout.ms = null
	sasl.login.refresh.buffer.seconds = 300
	sasl.login.refresh.min.period.seconds = 60
	sasl.login.refresh.window.factor = 0.8
	sasl.login.refresh.window.jitter = 0.05
	sasl.login.retry.backoff.max.ms = 10000
	sasl.login.retry.backoff.ms = 100
	sasl.mechanism = GSSAPI
	sasl.oauthbearer.clock.skew.seconds = 30
	sasl.oauthbearer.expected.audience = null
	sasl.oauthbearer.expected.issuer = null
	sasl.oauthbearer.header.urlencode = false
	sasl.oauthbearer.jwks.endpoint.refresh.ms = 3600000
	sasl.oauthbearer.jwks.endpoint.retry.backoff.max.ms = 10000
	sasl.oauthbearer.jwks.endpoint.retry.backoff.ms = 100
	sasl.oauthbearer.jwks.endpoint.url = null
	sasl.oauthbearer.scope.claim.name = scope
	sasl.oauthbearer.sub.claim.name = sub
	sasl.oauthbearer.token.endpoint.url = null
	security.protocol = PLAINTEXT
	security.providers = null
	send.buffer.bytes = 131072
	session.timeout.ms = 45000
	socket.connection.setup.timeout.max.ms = 30000
	socket.connection.setup.timeout.ms = 10000
	ssl.cipher.suites = null
	ssl.enabled.protocols = [TLSv1.2, TLSv1.3]
	ssl.endpoint.identification.algorithm = https
	ssl.engine.factory.class = null
	ssl.key.password = null
	ssl.keymanager.algorithm = SunX509
	ssl.keystore.certificate.chain = null
	ssl.keystore.key = null
	ssl.keystore.location = null
	ssl.keystore.password = null
	ssl.keystore.type = JKS
	ssl.protocol = TLSv1.3
	ssl.provider = null
	ssl.secure.random.implementation = null
	ssl.trustmanager.algorithm = PKIX
	ssl.truststore.certificates = null
	ssl.truststore.location = null
	ssl.truststore.password = null
	ssl.truststore.type = JKS
	value.deserializer = class io.confluent.kafka.serializers.KafkaAvroDeserializer

2025-07-31 18:15:02,397 INFO  [org.apa.kaf.com.tel.int.KafkaMetricsCollector] (main) initializing Kafka metrics collector
2025-07-31 18:15:02,397 INFO  [io.con.kaf.ser.KafkaAvroDeserializerConfig] (main) KafkaAvroDeserializerConfig values: 
	auto.register.schemas = true
	avro.reflection.allow.null = false
	avro.use.logical.type.converters = false
	basic.auth.credentials.source = URL
	basic.auth.user.info = [hidden]
	bearer.auth.cache.expiry.buffer.seconds = 300
	bearer.auth.client.id = null
	bearer.auth.client.secret = null
	bearer.auth.credentials.source = STATIC_TOKEN
	bearer.auth.custom.provider.class = null
	bearer.auth.identity.pool.id = null
	bearer.auth.issuer.endpoint.url = null
	bearer.auth.logical.cluster = null
	bearer.auth.scope = null
	bearer.auth.scope.claim.name = scope
	bearer.auth.sub.claim.name = sub
	bearer.auth.token = [hidden]
	context.name.strategy = class io.confluent.kafka.serializers.context.NullContextNameStrategy
	http.connect.timeout.ms = 60000
	http.read.timeout.ms = 60000
	id.compatibility.strict = true
	key.schema.id.deserializer = class io.confluent.kafka.serializers.schema.id.DualSchemaIdDeserializer
	key.schema.id.serializer = class io.confluent.kafka.serializers.schema.id.PrefixSchemaIdSerializer
	key.subject.name.strategy = class io.confluent.kafka.serializers.subject.TopicNameStrategy
	latest.cache.size = 1000
	latest.cache.ttl.sec = -1
	latest.compatibility.strict = true
	max.retries = 3
	max.schemas.per.subject = 1000
	normalize.schemas = false
	propagate.schema.tags = false
	proxy.host = 
	proxy.port = -1
	retries.max.wait.ms = 20000
	retries.wait.ms = 1000
	rule.actions = []
	rule.executors = []
	rule.service.loader.enable = true
	schema.format = null
	schema.reflection = false
	schema.registry.basic.auth.user.info = [hidden]
	schema.registry.ssl.cipher.suites = null
	schema.registry.ssl.enabled.protocols = [TLSv1.2, TLSv1.3]
	schema.registry.ssl.endpoint.identification.algorithm = https
	schema.registry.ssl.engine.factory.class = null
	schema.registry.ssl.key.password = null
	schema.registry.ssl.keymanager.algorithm = SunX509
	schema.registry.ssl.keystore.certificate.chain = null
	schema.registry.ssl.keystore.key = null
	schema.registry.ssl.keystore.location = null
	schema.registry.ssl.keystore.password = null
	schema.registry.ssl.keystore.type = JKS
	schema.registry.ssl.protocol = TLSv1.3
	schema.registry.ssl.provider = null
	schema.registry.ssl.secure.random.implementation = null
	schema.registry.ssl.trustmanager.algorithm = PKIX
	schema.registry.ssl.truststore.certificates = null
	schema.registry.ssl.truststore.location = null
	schema.registry.ssl.truststore.password = null
	schema.registry.ssl.truststore.type = JKS
	schema.registry.url = [http://registry-app-postgresql.apps.ci419.apicurio-testing.org:80/apis/ccompat/v7]
	schema.registry.url.randomize = false
	specific.avro.key.type = null
	specific.avro.reader = false
	specific.avro.value.type = null
	use.latest.version = false
	use.latest.with.metadata = null
	use.schema.id = -1
	value.schema.id.deserializer = class io.confluent.kafka.serializers.schema.id.DualSchemaIdDeserializer
	value.schema.id.serializer = class io.confluent.kafka.serializers.schema.id.PrefixSchemaIdSerializer
	value.subject.name.strategy = class io.confluent.kafka.serializers.subject.TopicNameStrategy

2025-07-31 18:15:02,402 INFO  [org.apa.kaf.cli.con.ConsumerConfig] (main) These configurations '[schema.registry.url]' were supplied but are not used yet.
2025-07-31 18:15:02,402 INFO  [org.apa.kaf.com.uti.AppInfoParser] (main) Kafka version: 3.9.1
2025-07-31 18:15:02,402 INFO  [org.apa.kaf.com.uti.AppInfoParser] (main) Kafka commitId: f745dfdcee2b9851
2025-07-31 18:15:02,402 INFO  [org.apa.kaf.com.uti.AppInfoParser] (main) Kafka startTimeMs: 1753985702402
2025-07-31 18:15:02,403 INFO  [org.apa.kaf.cli.con.int.ClassicKafkaConsumer] (Thread-831) [Consumer clientId=consumer-Consumer-topic-4c1ea969_f8e4_4b07_bfd5_b684c546e808-30, groupId=Consumer-topic-4c1ea969_f8e4_4b07_bfd5_b684c546e808] Subscribed to topic(s): topic-4c1ea969_f8e4_4b07_bfd5_b684c546e808
2025-07-31 18:15:02,409 INFO  [org.apa.kaf.cli.Metadata] (Thread-831) [Consumer clientId=consumer-Consumer-topic-4c1ea969_f8e4_4b07_bfd5_b684c546e808-30, groupId=Consumer-topic-4c1ea969_f8e4_4b07_bfd5_b684c546e808] Cluster ID: UuE4P2bBQU2_qF9DHmdGkA
2025-07-31 18:15:02,411 INFO  [org.apa.kaf.cli.con.int.ConsumerCoordinator] (Thread-831) [Consumer clientId=consumer-Consumer-topic-4c1ea969_f8e4_4b07_bfd5_b684c546e808-30, groupId=Consumer-topic-4c1ea969_f8e4_4b07_bfd5_b684c546e808] Discovered group coordinator localhost:32770 (id: 2147483647 rack: null)
2025-07-31 18:15:02,415 INFO  [org.apa.kaf.cli.con.int.ConsumerCoordinator] (Thread-831) [Consumer clientId=consumer-Consumer-topic-4c1ea969_f8e4_4b07_bfd5_b684c546e808-30, groupId=Consumer-topic-4c1ea969_f8e4_4b07_bfd5_b684c546e808] (Re-)joining group
2025-07-31 18:15:02,421 INFO  [org.apa.kaf.cli.con.int.ConsumerCoordinator] (Thread-831) [Consumer clientId=consumer-Consumer-topic-4c1ea969_f8e4_4b07_bfd5_b684c546e808-30, groupId=Consumer-topic-4c1ea969_f8e4_4b07_bfd5_b684c546e808] Request joining group due to: need to re-join with the given member-id: consumer-Consumer-topic-4c1ea969_f8e4_4b07_bfd5_b684c546e808-30-942fa485-e1fa-499c-8f89-a2235f9b8aa2
2025-07-31 18:15:02,421 INFO  [org.apa.kaf.cli.con.int.ConsumerCoordinator] (Thread-831) [Consumer clientId=consumer-Consumer-topic-4c1ea969_f8e4_4b07_bfd5_b684c546e808-30, groupId=Consumer-topic-4c1ea969_f8e4_4b07_bfd5_b684c546e808] (Re-)joining group
2025-07-31 18:15:02,427 INFO  [org.apa.kaf.cli.con.int.ConsumerCoordinator] (Thread-831) [Consumer clientId=consumer-Consumer-topic-4c1ea969_f8e4_4b07_bfd5_b684c546e808-30, groupId=Consumer-topic-4c1ea969_f8e4_4b07_bfd5_b684c546e808] Successfully joined group with generation Generation{generationId=1, memberId='consumer-Consumer-topic-4c1ea969_f8e4_4b07_bfd5_b684c546e808-30-942fa485-e1fa-499c-8f89-a2235f9b8aa2', protocol='range'}
2025-07-31 18:15:02,427 INFO  [org.apa.kaf.cli.con.int.ConsumerCoordinator] (Thread-831) [Consumer clientId=consumer-Consumer-topic-4c1ea969_f8e4_4b07_bfd5_b684c546e808-30, groupId=Consumer-topic-4c1ea969_f8e4_4b07_bfd5_b684c546e808] Finished assignment for group at generation 1: {consumer-Consumer-topic-4c1ea969_f8e4_4b07_bfd5_b684c546e808-30-942fa485-e1fa-499c-8f89-a2235f9b8aa2=Assignment(partitions=[topic-4c1ea969_f8e4_4b07_bfd5_b684c546e808-0])}
2025-07-31 18:15:02,430 INFO  [org.apa.kaf.cli.con.int.ConsumerCoordinator] (Thread-831) [Consumer clientId=consumer-Consumer-topic-4c1ea969_f8e4_4b07_bfd5_b684c546e808-30, groupId=Consumer-topic-4c1ea969_f8e4_4b07_bfd5_b684c546e808] Successfully synced group in generation Generation{generationId=1, memberId='consumer-Consumer-topic-4c1ea969_f8e4_4b07_bfd5_b684c546e808-30-942fa485-e1fa-499c-8f89-a2235f9b8aa2', protocol='range'}
2025-07-31 18:15:02,431 INFO  [org.apa.kaf.cli.con.int.ConsumerCoordinator] (Thread-831) [Consumer clientId=consumer-Consumer-topic-4c1ea969_f8e4_4b07_bfd5_b684c546e808-30, groupId=Consumer-topic-4c1ea969_f8e4_4b07_bfd5_b684c546e808] Notifying assignor about the new Assignment(partitions=[topic-4c1ea969_f8e4_4b07_bfd5_b684c546e808-0])
2025-07-31 18:15:02,431 INFO  [org.apa.kaf.cli.con.int.ConsumerRebalanceListenerInvoker] (Thread-831) [Consumer clientId=consumer-Consumer-topic-4c1ea969_f8e4_4b07_bfd5_b684c546e808-30, groupId=Consumer-topic-4c1ea969_f8e4_4b07_bfd5_b684c546e808] Adding newly assigned partitions: topic-4c1ea969_f8e4_4b07_bfd5_b684c546e808-0
2025-07-31 18:15:02,433 INFO  [org.apa.kaf.cli.con.int.ConsumerCoordinator] (Thread-831) [Consumer clientId=consumer-Consumer-topic-4c1ea969_f8e4_4b07_bfd5_b684c546e808-30, groupId=Consumer-topic-4c1ea969_f8e4_4b07_bfd5_b684c546e808] Found no committed offset for partition topic-4c1ea969_f8e4_4b07_bfd5_b684c546e808-0
2025-07-31 18:15:02,439 INFO  [org.apa.kaf.cli.con.int.SubscriptionState] (Thread-831) [Consumer clientId=consumer-Consumer-topic-4c1ea969_f8e4_4b07_bfd5_b684c546e808-30, groupId=Consumer-topic-4c1ea969_f8e4_4b07_bfd5_b684c546e808] Resetting offset for partition topic-4c1ea969_f8e4_4b07_bfd5_b684c546e808-0 to position FetchPosition{offset=0, offsetEpoch=Optional.empty, currentLeader=LeaderAndEpoch{leader=Optional[localhost:32770 (id: 0 rack: null)], epoch=0}}.
2025-07-31 18:15:02,456 INFO  [io.api.tes.ser.api.KafkaSerdesTester] (Thread-831) topic-4c1ea969_f8e4_4b07_bfd5_b684c546e808 0 0 {"key1": "value-0"}
2025-07-31 18:15:02,457 INFO  [io.api.tes.ser.api.KafkaSerdesTester] (Thread-831) topic-4c1ea969_f8e4_4b07_bfd5_b684c546e808 0 1 {"key1": "value-1"}
2025-07-31 18:15:02,457 INFO  [io.api.tes.ser.api.KafkaSerdesTester] (Thread-831) topic-4c1ea969_f8e4_4b07_bfd5_b684c546e808 0 2 {"key1": "value-2"}
2025-07-31 18:15:02,457 INFO  [io.api.tes.ser.api.KafkaSerdesTester] (Thread-831) topic-4c1ea969_f8e4_4b07_bfd5_b684c546e808 0 3 {"key1": "value-3"}
2025-07-31 18:15:02,457 INFO  [io.api.tes.ser.api.KafkaSerdesTester] (Thread-831) topic-4c1ea969_f8e4_4b07_bfd5_b684c546e808 0 4 {"key1": "value-4"}
2025-07-31 18:15:02,457 INFO  [io.api.tes.ser.api.KafkaSerdesTester] (Thread-831) topic-4c1ea969_f8e4_4b07_bfd5_b684c546e808 0 5 {"key1": "value-5"}
2025-07-31 18:15:02,457 INFO  [io.api.tes.ser.api.KafkaSerdesTester] (Thread-831) topic-4c1ea969_f8e4_4b07_bfd5_b684c546e808 0 6 {"key1": "value-6"}
2025-07-31 18:15:02,457 INFO  [io.api.tes.ser.api.KafkaSerdesTester] (Thread-831) topic-4c1ea969_f8e4_4b07_bfd5_b684c546e808 0 7 {"key1": "value-7"}
2025-07-31 18:15:02,457 INFO  [io.api.tes.ser.api.KafkaSerdesTester] (Thread-831) topic-4c1ea969_f8e4_4b07_bfd5_b684c546e808 0 8 {"key1": "value-8"}
2025-07-31 18:15:02,457 INFO  [io.api.tes.ser.api.KafkaSerdesTester] (Thread-831) topic-4c1ea969_f8e4_4b07_bfd5_b684c546e808 0 9 {"key1": "value-9"}
2025-07-31 18:15:02,457 INFO  [io.api.tes.ser.api.KafkaSerdesTester] (Thread-831) Consumed 10 messages
2025-07-31 18:15:02,459 INFO  [org.apa.kaf.cli.con.int.ConsumerRebalanceListenerInvoker] (Thread-831) [Consumer clientId=consumer-Consumer-topic-4c1ea969_f8e4_4b07_bfd5_b684c546e808-30, groupId=Consumer-topic-4c1ea969_f8e4_4b07_bfd5_b684c546e808] Revoke previously assigned partitions topic-4c1ea969_f8e4_4b07_bfd5_b684c546e808-0
2025-07-31 18:15:02,459 INFO  [org.apa.kaf.cli.con.int.ConsumerCoordinator] (Thread-831) [Consumer clientId=consumer-Consumer-topic-4c1ea969_f8e4_4b07_bfd5_b684c546e808-30, groupId=Consumer-topic-4c1ea969_f8e4_4b07_bfd5_b684c546e808] Member consumer-Consumer-topic-4c1ea969_f8e4_4b07_bfd5_b684c546e808-30-942fa485-e1fa-499c-8f89-a2235f9b8aa2 sending LeaveGroup request to coordinator localhost:32770 (id: 2147483647 rack: null) due to the consumer is being closed
2025-07-31 18:15:02,459 INFO  [org.apa.kaf.cli.con.int.ConsumerCoordinator] (Thread-831) [Consumer clientId=consumer-Consumer-topic-4c1ea969_f8e4_4b07_bfd5_b684c546e808-30, groupId=Consumer-topic-4c1ea969_f8e4_4b07_bfd5_b684c546e808] Resetting generation and member id due to: consumer pro-actively leaving the group
2025-07-31 18:15:02,459 INFO  [org.apa.kaf.cli.con.int.ConsumerCoordinator] (Thread-831) [Consumer clientId=consumer-Consumer-topic-4c1ea969_f8e4_4b07_bfd5_b684c546e808-30, groupId=Consumer-topic-4c1ea969_f8e4_4b07_bfd5_b684c546e808] Request joining group due to: consumer pro-actively leaving the group
2025-07-31 18:15:02,959 INFO  [org.apa.kaf.com.met.Metrics] (Thread-831) Metrics scheduler closed
2025-07-31 18:15:02,960 INFO  [org.apa.kaf.com.met.Metrics] (Thread-831) Closing reporter org.apache.kafka.common.metrics.JmxReporter
2025-07-31 18:15:02,960 INFO  [org.apa.kaf.com.met.Metrics] (Thread-831) Closing reporter org.apache.kafka.common.telemetry.internals.ClientTelemetryReporter
2025-07-31 18:15:02,960 INFO  [org.apa.kaf.com.met.Metrics] (Thread-831) Metrics reporters closed
2025-07-31 18:15:02,962 INFO  [org.apa.kaf.com.uti.AppInfoParser] (Thread-831) App info kafka.consumer for consumer-Consumer-topic-4c1ea969_f8e4_4b07_bfd5_b684c546e808-30 unregistered
2025-07-31 18:15:02,984 INFO  [io.api.tes.ser.con.BasicConfluentSerDesIT] (main) Deleting confluent schema topic-4c1ea969_f8e4_4b07_bfd5_b684c546e808-value
2025-07-31 18:15:02,999 INFO  [io.api.tes.uti.TestSeparator] (main) io.apicurio.tests.serdes.confluent.BasicConfluentSerDesIT.testAvroConfluentSerDes-FINISHED
2025-07-31 18:15:02,999 INFO  [io.api.tes.uti.TestSeparator] (main) ############################################################################
Test passed: testAvroConfluentSerDes
]]></system-out>
  </testcase>
  <testcase name="testAvroConfluentForMultipleTopics" classname="io.apicurio.tests.serdes.confluent.BasicConfluentSerDesIT" time="2.065">
    <system-out><![CDATA[2025-07-31 18:15:03,000 INFO  [io.api.tes.uti.TestSeparator] (main) ############################################################################
2025-07-31 18:15:03,001 INFO  [io.api.tes.uti.TestSeparator] (main) io.apicurio.tests.serdes.confluent.BasicConfluentSerDesIT.testAvroConfluentForMultipleTopics-STARTED
2025-07-31 18:15:03,043 INFO  [io.api.tes.ser.con.BasicConfluentSerDesIT] (main) Checking that created schema is equal to the get schema
2025-07-31 18:15:03,056 INFO  [io.api.tes.ser.con.BasicConfluentSerDesIT] (main) Created schema with id:48 and name:myrecordconfluent6
**** Registry Base URL: http://registry-app-postgresql.apps.ci419.apicurio-testing.org:80
2025-07-31 18:15:03,059 INFO  [org.apa.kaf.cli.pro.ProducerConfig] (main) ProducerConfig values: 
	acks = -1
	auto.include.jmx.reporter = true
	batch.size = 16384
	bootstrap.servers = [PLAINTEXT://localhost:32770]
	buffer.memory = 33554432
	client.dns.lookup = use_all_dns_ips
	client.id = Producer-topic-a1a4844b_b1c6_4917_b052_7f18e985afb6
	compression.gzip.level = -1
	compression.lz4.level = 9
	compression.type = none
	compression.zstd.level = 3
	connections.max.idle.ms = 10000
	delivery.timeout.ms = 120000
	enable.idempotence = true
	enable.metrics.push = true
	interceptor.classes = []
	key.serializer = class org.apache.kafka.common.serialization.StringSerializer
	linger.ms = 0
	max.block.ms = 60000
	max.in.flight.requests.per.connection = 5
	max.request.size = 1048576
	metadata.max.age.ms = 300000
	metadata.max.idle.ms = 300000
	metadata.recovery.strategy = none
	metric.reporters = []
	metrics.num.samples = 2
	metrics.recording.level = INFO
	metrics.sample.window.ms = 30000
	partitioner.adaptive.partitioning.enable = true
	partitioner.availability.timeout.ms = 0
	partitioner.class = null
	partitioner.ignore.keys = false
	receive.buffer.bytes = 32768
	reconnect.backoff.max.ms = 1000
	reconnect.backoff.ms = 50
	request.timeout.ms = 5000
	retries = 2147483647
	retry.backoff.max.ms = 1000
	retry.backoff.ms = 100
	sasl.client.callback.handler.class = null
	sasl.jaas.config = null
	sasl.kerberos.kinit.cmd = /usr/bin/kinit
	sasl.kerberos.min.time.before.relogin = 60000
	sasl.kerberos.service.name = null
	sasl.kerberos.ticket.renew.jitter = 0.05
	sasl.kerberos.ticket.renew.window.factor = 0.8
	sasl.login.callback.handler.class = null
	sasl.login.class = null
	sasl.login.connect.timeout.ms = null
	sasl.login.read.timeout.ms = null
	sasl.login.refresh.buffer.seconds = 300
	sasl.login.refresh.min.period.seconds = 60
	sasl.login.refresh.window.factor = 0.8
	sasl.login.refresh.window.jitter = 0.05
	sasl.login.retry.backoff.max.ms = 10000
	sasl.login.retry.backoff.ms = 100
	sasl.mechanism = GSSAPI
	sasl.oauthbearer.clock.skew.seconds = 30
	sasl.oauthbearer.expected.audience = null
	sasl.oauthbearer.expected.issuer = null
	sasl.oauthbearer.header.urlencode = false
	sasl.oauthbearer.jwks.endpoint.refresh.ms = 3600000
	sasl.oauthbearer.jwks.endpoint.retry.backoff.max.ms = 10000
	sasl.oauthbearer.jwks.endpoint.retry.backoff.ms = 100
	sasl.oauthbearer.jwks.endpoint.url = null
	sasl.oauthbearer.scope.claim.name = scope
	sasl.oauthbearer.sub.claim.name = sub
	sasl.oauthbearer.token.endpoint.url = null
	security.protocol = PLAINTEXT
	security.providers = null
	send.buffer.bytes = 131072
	socket.connection.setup.timeout.max.ms = 30000
	socket.connection.setup.timeout.ms = 10000
	ssl.cipher.suites = null
	ssl.enabled.protocols = [TLSv1.2, TLSv1.3]
	ssl.endpoint.identification.algorithm = https
	ssl.engine.factory.class = null
	ssl.key.password = null
	ssl.keymanager.algorithm = SunX509
	ssl.keystore.certificate.chain = null
	ssl.keystore.key = null
	ssl.keystore.location = null
	ssl.keystore.password = null
	ssl.keystore.type = JKS
	ssl.protocol = TLSv1.3
	ssl.provider = null
	ssl.secure.random.implementation = null
	ssl.trustmanager.algorithm = PKIX
	ssl.truststore.certificates = null
	ssl.truststore.location = null
	ssl.truststore.password = null
	ssl.truststore.type = JKS
	transaction.timeout.ms = 60000
	transactional.id = null
	value.serializer = class io.apicurio.registry.serde.avro.AvroKafkaSerializer

2025-07-31 18:15:03,059 INFO  [org.apa.kaf.com.tel.int.KafkaMetricsCollector] (main) initializing Kafka metrics collector
2025-07-31 18:15:03,066 INFO  [org.apa.kaf.cli.pro.KafkaProducer] (main) [Producer clientId=Producer-topic-a1a4844b_b1c6_4917_b052_7f18e985afb6] Instantiated an idempotent producer.
2025-07-31 18:15:03,073 INFO  [org.apa.kaf.cli.pro.ProducerConfig] (main) These configurations '[apicurio.registry.url, apicurio.registry.artifact-resolver-strategy]' were supplied but are not used yet.
2025-07-31 18:15:03,073 INFO  [org.apa.kaf.com.uti.AppInfoParser] (main) Kafka version: 3.9.1
2025-07-31 18:15:03,073 INFO  [org.apa.kaf.com.uti.AppInfoParser] (main) Kafka commitId: f745dfdcee2b9851
2025-07-31 18:15:03,073 INFO  [org.apa.kaf.com.uti.AppInfoParser] (main) Kafka startTimeMs: 1753985703073
**** Registry Base URL: http://registry-app-postgresql.apps.ci419.apicurio-testing.org:80
2025-07-31 18:15:03,073 INFO  [org.apa.kaf.cli.pro.ProducerConfig] (main) ProducerConfig values: 
	acks = -1
	auto.include.jmx.reporter = true
	batch.size = 16384
	bootstrap.servers = [PLAINTEXT://localhost:32770]
	buffer.memory = 33554432
	client.dns.lookup = use_all_dns_ips
	client.id = Producer-topic-21e02c1c_93a2_4a6e_a18f_2e54f6407786
	compression.gzip.level = -1
	compression.lz4.level = 9
	compression.type = none
	compression.zstd.level = 3
	connections.max.idle.ms = 10000
	delivery.timeout.ms = 120000
	enable.idempotence = true
	enable.metrics.push = true
	interceptor.classes = []
	key.serializer = class org.apache.kafka.common.serialization.StringSerializer
	linger.ms = 0
	max.block.ms = 60000
	max.in.flight.requests.per.connection = 5
	max.request.size = 1048576
	metadata.max.age.ms = 300000
	metadata.max.idle.ms = 300000
	metadata.recovery.strategy = none
	metric.reporters = []
	metrics.num.samples = 2
	metrics.recording.level = INFO
	metrics.sample.window.ms = 30000
	partitioner.adaptive.partitioning.enable = true
	partitioner.availability.timeout.ms = 0
	partitioner.class = null
	partitioner.ignore.keys = false
	receive.buffer.bytes = 32768
	reconnect.backoff.max.ms = 1000
	reconnect.backoff.ms = 50
	request.timeout.ms = 5000
	retries = 2147483647
	retry.backoff.max.ms = 1000
	retry.backoff.ms = 100
	sasl.client.callback.handler.class = null
	sasl.jaas.config = null
	sasl.kerberos.kinit.cmd = /usr/bin/kinit
	sasl.kerberos.min.time.before.relogin = 60000
	sasl.kerberos.service.name = null
	sasl.kerberos.ticket.renew.jitter = 0.05
	sasl.kerberos.ticket.renew.window.factor = 0.8
	sasl.login.callback.handler.class = null
	sasl.login.class = null
	sasl.login.connect.timeout.ms = null
	sasl.login.read.timeout.ms = null
	sasl.login.refresh.buffer.seconds = 300
	sasl.login.refresh.min.period.seconds = 60
	sasl.login.refresh.window.factor = 0.8
	sasl.login.refresh.window.jitter = 0.05
	sasl.login.retry.backoff.max.ms = 10000
	sasl.login.retry.backoff.ms = 100
	sasl.mechanism = GSSAPI
	sasl.oauthbearer.clock.skew.seconds = 30
	sasl.oauthbearer.expected.audience = null
	sasl.oauthbearer.expected.issuer = null
	sasl.oauthbearer.header.urlencode = false
	sasl.oauthbearer.jwks.endpoint.refresh.ms = 3600000
	sasl.oauthbearer.jwks.endpoint.retry.backoff.max.ms = 10000
	sasl.oauthbearer.jwks.endpoint.retry.backoff.ms = 100
	sasl.oauthbearer.jwks.endpoint.url = null
	sasl.oauthbearer.scope.claim.name = scope
	sasl.oauthbearer.sub.claim.name = sub
	sasl.oauthbearer.token.endpoint.url = null
	security.protocol = PLAINTEXT
	security.providers = null
	send.buffer.bytes = 131072
	socket.connection.setup.timeout.max.ms = 30000
	socket.connection.setup.timeout.ms = 10000
	ssl.cipher.suites = null
	ssl.enabled.protocols = [TLSv1.2, TLSv1.3]
	ssl.endpoint.identification.algorithm = https
	ssl.engine.factory.class = null
	ssl.key.password = null
	ssl.keymanager.algorithm = SunX509
	ssl.keystore.certificate.chain = null
	ssl.keystore.key = null
	ssl.keystore.location = null
	ssl.keystore.password = null
	ssl.keystore.type = JKS
	ssl.protocol = TLSv1.3
	ssl.provider = null
	ssl.secure.random.implementation = null
	ssl.trustmanager.algorithm = PKIX
	ssl.truststore.certificates = null
	ssl.truststore.location = null
	ssl.truststore.password = null
	ssl.truststore.type = JKS
	transaction.timeout.ms = 60000
	transactional.id = null
	value.serializer = class io.apicurio.registry.serde.avro.AvroKafkaSerializer

2025-07-31 18:15:03,077 INFO  [org.apa.kaf.com.tel.int.KafkaMetricsCollector] (main) initializing Kafka metrics collector
2025-07-31 18:15:03,082 INFO  [org.apa.kaf.cli.Metadata] (kafka-producer-network-thread | Producer-topic-a1a4844b_b1c6_4917_b052_7f18e985afb6) [Producer clientId=Producer-topic-a1a4844b_b1c6_4917_b052_7f18e985afb6] Cluster ID: UuE4P2bBQU2_qF9DHmdGkA
2025-07-31 18:15:03,087 INFO  [org.apa.kaf.cli.pro.KafkaProducer] (main) [Producer clientId=Producer-topic-21e02c1c_93a2_4a6e_a18f_2e54f6407786] Instantiated an idempotent producer.
2025-07-31 18:15:03,088 INFO  [org.apa.kaf.cli.pro.int.TransactionManager] (kafka-producer-network-thread | Producer-topic-a1a4844b_b1c6_4917_b052_7f18e985afb6) [Producer clientId=Producer-topic-a1a4844b_b1c6_4917_b052_7f18e985afb6] ProducerId set to 43 with epoch 0
2025-07-31 18:15:03,089 INFO  [org.apa.kaf.cli.pro.ProducerConfig] (main) These configurations '[apicurio.registry.url, apicurio.registry.artifact-resolver-strategy]' were supplied but are not used yet.
2025-07-31 18:15:03,089 INFO  [org.apa.kaf.com.uti.AppInfoParser] (main) Kafka version: 3.9.1
2025-07-31 18:15:03,089 INFO  [org.apa.kaf.com.uti.AppInfoParser] (main) Kafka commitId: f745dfdcee2b9851
2025-07-31 18:15:03,089 INFO  [org.apa.kaf.com.uti.AppInfoParser] (main) Kafka startTimeMs: 1753985703089
**** Registry Base URL: http://registry-app-postgresql.apps.ci419.apicurio-testing.org:80
2025-07-31 18:15:03,091 INFO  [org.apa.kaf.cli.pro.ProducerConfig] (main) ProducerConfig values: 
	acks = -1
	auto.include.jmx.reporter = true
	batch.size = 16384
	bootstrap.servers = [PLAINTEXT://localhost:32770]
	buffer.memory = 33554432
	client.dns.lookup = use_all_dns_ips
	client.id = Producer-topic-68b2043b_6385_4788_a982_7346c8f66217
	compression.gzip.level = -1
	compression.lz4.level = 9
	compression.type = none
	compression.zstd.level = 3
	connections.max.idle.ms = 10000
	delivery.timeout.ms = 120000
	enable.idempotence = true
	enable.metrics.push = true
	interceptor.classes = []
	key.serializer = class org.apache.kafka.common.serialization.StringSerializer
	linger.ms = 0
	max.block.ms = 60000
	max.in.flight.requests.per.connection = 5
	max.request.size = 1048576
	metadata.max.age.ms = 300000
	metadata.max.idle.ms = 300000
	metadata.recovery.strategy = none
	metric.reporters = []
	metrics.num.samples = 2
	metrics.recording.level = INFO
	metrics.sample.window.ms = 30000
	partitioner.adaptive.partitioning.enable = true
	partitioner.availability.timeout.ms = 0
	partitioner.class = null
	partitioner.ignore.keys = false
	receive.buffer.bytes = 32768
	reconnect.backoff.max.ms = 1000
	reconnect.backoff.ms = 50
	request.timeout.ms = 5000
	retries = 2147483647
	retry.backoff.max.ms = 1000
	retry.backoff.ms = 100
	sasl.client.callback.handler.class = null
	sasl.jaas.config = null
	sasl.kerberos.kinit.cmd = /usr/bin/kinit
	sasl.kerberos.min.time.before.relogin = 60000
	sasl.kerberos.service.name = null
	sasl.kerberos.ticket.renew.jitter = 0.05
	sasl.kerberos.ticket.renew.window.factor = 0.8
	sasl.login.callback.handler.class = null
	sasl.login.class = null
	sasl.login.connect.timeout.ms = null
	sasl.login.read.timeout.ms = null
	sasl.login.refresh.buffer.seconds = 300
	sasl.login.refresh.min.period.seconds = 60
	sasl.login.refresh.window.factor = 0.8
	sasl.login.refresh.window.jitter = 0.05
	sasl.login.retry.backoff.max.ms = 10000
	sasl.login.retry.backoff.ms = 100
	sasl.mechanism = GSSAPI
	sasl.oauthbearer.clock.skew.seconds = 30
	sasl.oauthbearer.expected.audience = null
	sasl.oauthbearer.expected.issuer = null
	sasl.oauthbearer.header.urlencode = false
	sasl.oauthbearer.jwks.endpoint.refresh.ms = 3600000
	sasl.oauthbearer.jwks.endpoint.retry.backoff.max.ms = 10000
	sasl.oauthbearer.jwks.endpoint.retry.backoff.ms = 100
	sasl.oauthbearer.jwks.endpoint.url = null
	sasl.oauthbearer.scope.claim.name = scope
	sasl.oauthbearer.sub.claim.name = sub
	sasl.oauthbearer.token.endpoint.url = null
	security.protocol = PLAINTEXT
	security.providers = null
	send.buffer.bytes = 131072
	socket.connection.setup.timeout.max.ms = 30000
	socket.connection.setup.timeout.ms = 10000
	ssl.cipher.suites = null
	ssl.enabled.protocols = [TLSv1.2, TLSv1.3]
	ssl.endpoint.identification.algorithm = https
	ssl.engine.factory.class = null
	ssl.key.password = null
	ssl.keymanager.algorithm = SunX509
	ssl.keystore.certificate.chain = null
	ssl.keystore.key = null
	ssl.keystore.location = null
	ssl.keystore.password = null
	ssl.keystore.type = JKS
	ssl.protocol = TLSv1.3
	ssl.provider = null
	ssl.secure.random.implementation = null
	ssl.trustmanager.algorithm = PKIX
	ssl.truststore.certificates = null
	ssl.truststore.location = null
	ssl.truststore.password = null
	ssl.truststore.type = JKS
	transaction.timeout.ms = 60000
	transactional.id = null
	value.serializer = class io.apicurio.registry.serde.avro.AvroKafkaSerializer

2025-07-31 18:15:03,091 INFO  [org.apa.kaf.com.tel.int.KafkaMetricsCollector] (main) initializing Kafka metrics collector
2025-07-31 18:15:03,097 INFO  [org.apa.kaf.cli.Metadata] (kafka-producer-network-thread | Producer-topic-21e02c1c_93a2_4a6e_a18f_2e54f6407786) [Producer clientId=Producer-topic-21e02c1c_93a2_4a6e_a18f_2e54f6407786] Cluster ID: UuE4P2bBQU2_qF9DHmdGkA
2025-07-31 18:15:03,098 INFO  [org.apa.kaf.cli.pro.int.TransactionManager] (kafka-producer-network-thread | Producer-topic-21e02c1c_93a2_4a6e_a18f_2e54f6407786) [Producer clientId=Producer-topic-21e02c1c_93a2_4a6e_a18f_2e54f6407786] ProducerId set to 44 with epoch 0
2025-07-31 18:15:03,099 INFO  [org.apa.kaf.cli.pro.KafkaProducer] (main) [Producer clientId=Producer-topic-68b2043b_6385_4788_a982_7346c8f66217] Instantiated an idempotent producer.
2025-07-31 18:15:03,102 INFO  [org.apa.kaf.cli.pro.ProducerConfig] (main) These configurations '[apicurio.registry.url, apicurio.registry.artifact-resolver-strategy]' were supplied but are not used yet.
2025-07-31 18:15:03,102 INFO  [org.apa.kaf.com.uti.AppInfoParser] (main) Kafka version: 3.9.1
2025-07-31 18:15:03,102 INFO  [org.apa.kaf.com.uti.AppInfoParser] (main) Kafka commitId: f745dfdcee2b9851
2025-07-31 18:15:03,102 INFO  [org.apa.kaf.com.uti.AppInfoParser] (main) Kafka startTimeMs: 1753985703102
**** Registry Base URL: http://registry-app-postgresql.apps.ci419.apicurio-testing.org:80
2025-07-31 18:15:03,103 INFO  [org.apa.kaf.cli.con.ConsumerConfig] (main) ConsumerConfig values: 
	allow.auto.create.topics = true
	auto.commit.interval.ms = 500
	auto.include.jmx.reporter = true
	auto.offset.reset = earliest
	bootstrap.servers = [PLAINTEXT://localhost:32770]
	check.crcs = true
	client.dns.lookup = use_all_dns_ips
	client.id = consumer-Consumer-topic-a1a4844b_b1c6_4917_b052_7f18e985afb6-31
	client.rack = 
	connections.max.idle.ms = 10000
	default.api.timeout.ms = 60000
	enable.auto.commit = true
	enable.metrics.push = true
	exclude.internal.topics = true
	fetch.max.bytes = 52428800
	fetch.max.wait.ms = 500
	fetch.min.bytes = 1
	group.id = Consumer-topic-a1a4844b_b1c6_4917_b052_7f18e985afb6
	group.instance.id = null
	group.protocol = classic
	group.remote.assignor = null
	heartbeat.interval.ms = 3000
	interceptor.classes = []
	internal.leave.group.on.close = true
	internal.throw.on.fetch.stable.offset.unsupported = false
	isolation.level = read_uncommitted
	key.deserializer = class org.apache.kafka.common.serialization.StringDeserializer
	max.partition.fetch.bytes = 1048576
	max.poll.interval.ms = 300000
	max.poll.records = 500
	metadata.max.age.ms = 300000
	metadata.recovery.strategy = none
	metric.reporters = []
	metrics.num.samples = 2
	metrics.recording.level = INFO
	metrics.sample.window.ms = 30000
	partition.assignment.strategy = [class org.apache.kafka.clients.consumer.RangeAssignor, class org.apache.kafka.clients.consumer.CooperativeStickyAssignor]
	receive.buffer.bytes = 65536
	reconnect.backoff.max.ms = 1000
	reconnect.backoff.ms = 50
	request.timeout.ms = 5000
	retry.backoff.max.ms = 1000
	retry.backoff.ms = 100
	sasl.client.callback.handler.class = null
	sasl.jaas.config = null
	sasl.kerberos.kinit.cmd = /usr/bin/kinit
	sasl.kerberos.min.time.before.relogin = 60000
	sasl.kerberos.service.name = null
	sasl.kerberos.ticket.renew.jitter = 0.05
	sasl.kerberos.ticket.renew.window.factor = 0.8
	sasl.login.callback.handler.class = null
	sasl.login.class = null
	sasl.login.connect.timeout.ms = null
	sasl.login.read.timeout.ms = null
	sasl.login.refresh.buffer.seconds = 300
	sasl.login.refresh.min.period.seconds = 60
	sasl.login.refresh.window.factor = 0.8
	sasl.login.refresh.window.jitter = 0.05
	sasl.login.retry.backoff.max.ms = 10000
	sasl.login.retry.backoff.ms = 100
	sasl.mechanism = GSSAPI
	sasl.oauthbearer.clock.skew.seconds = 30
	sasl.oauthbearer.expected.audience = null
	sasl.oauthbearer.expected.issuer = null
	sasl.oauthbearer.header.urlencode = false
	sasl.oauthbearer.jwks.endpoint.refresh.ms = 3600000
	sasl.oauthbearer.jwks.endpoint.retry.backoff.max.ms = 10000
	sasl.oauthbearer.jwks.endpoint.retry.backoff.ms = 100
	sasl.oauthbearer.jwks.endpoint.url = null
	sasl.oauthbearer.scope.claim.name = scope
	sasl.oauthbearer.sub.claim.name = sub
	sasl.oauthbearer.token.endpoint.url = null
	security.protocol = PLAINTEXT
	security.providers = null
	send.buffer.bytes = 131072
	session.timeout.ms = 45000
	socket.connection.setup.timeout.max.ms = 30000
	socket.connection.setup.timeout.ms = 10000
	ssl.cipher.suites = null
	ssl.enabled.protocols = [TLSv1.2, TLSv1.3]
	ssl.endpoint.identification.algorithm = https
	ssl.engine.factory.class = null
	ssl.key.password = null
	ssl.keymanager.algorithm = SunX509
	ssl.keystore.certificate.chain = null
	ssl.keystore.key = null
	ssl.keystore.location = null
	ssl.keystore.password = null
	ssl.keystore.type = JKS
	ssl.protocol = TLSv1.3
	ssl.provider = null
	ssl.secure.random.implementation = null
	ssl.trustmanager.algorithm = PKIX
	ssl.truststore.certificates = null
	ssl.truststore.location = null
	ssl.truststore.password = null
	ssl.truststore.type = JKS
	value.deserializer = class io.apicurio.registry.serde.avro.AvroKafkaDeserializer

2025-07-31 18:15:03,104 INFO  [org.apa.kaf.com.tel.int.KafkaMetricsCollector] (main) initializing Kafka metrics collector
2025-07-31 18:15:03,111 INFO  [org.apa.kaf.cli.con.ConsumerConfig] (main) These configurations '[apicurio.registry.url]' were supplied but are not used yet.
2025-07-31 18:15:03,111 INFO  [org.apa.kaf.com.uti.AppInfoParser] (main) Kafka version: 3.9.1
2025-07-31 18:15:03,111 INFO  [org.apa.kaf.com.uti.AppInfoParser] (main) Kafka commitId: f745dfdcee2b9851
2025-07-31 18:15:03,111 INFO  [org.apa.kaf.com.uti.AppInfoParser] (main) Kafka startTimeMs: 1753985703111
**** Registry Base URL: http://registry-app-postgresql.apps.ci419.apicurio-testing.org:80
2025-07-31 18:15:03,112 INFO  [org.apa.kaf.cli.con.ConsumerConfig] (main) ConsumerConfig values: 
	allow.auto.create.topics = true
	auto.commit.interval.ms = 500
	auto.include.jmx.reporter = true
	auto.offset.reset = earliest
	bootstrap.servers = [PLAINTEXT://localhost:32770]
	check.crcs = true
	client.dns.lookup = use_all_dns_ips
	client.id = consumer-Consumer-topic-21e02c1c_93a2_4a6e_a18f_2e54f6407786-32
	client.rack = 
	connections.max.idle.ms = 10000
	default.api.timeout.ms = 60000
	enable.auto.commit = true
	enable.metrics.push = true
	exclude.internal.topics = true
	fetch.max.bytes = 52428800
	fetch.max.wait.ms = 500
	fetch.min.bytes = 1
	group.id = Consumer-topic-21e02c1c_93a2_4a6e_a18f_2e54f6407786
	group.instance.id = null
	group.protocol = classic
	group.remote.assignor = null
	heartbeat.interval.ms = 3000
	interceptor.classes = []
	internal.leave.group.on.close = true
	internal.throw.on.fetch.stable.offset.unsupported = false
	isolation.level = read_uncommitted
	key.deserializer = class org.apache.kafka.common.serialization.StringDeserializer
	max.partition.fetch.bytes = 1048576
	max.poll.interval.ms = 300000
	max.poll.records = 500
	metadata.max.age.ms = 300000
	metadata.recovery.strategy = none
	metric.reporters = []
	metrics.num.samples = 2
	metrics.recording.level = INFO
	metrics.sample.window.ms = 30000
	partition.assignment.strategy = [class org.apache.kafka.clients.consumer.RangeAssignor, class org.apache.kafka.clients.consumer.CooperativeStickyAssignor]
	receive.buffer.bytes = 65536
	reconnect.backoff.max.ms = 1000
	reconnect.backoff.ms = 50
	request.timeout.ms = 5000
	retry.backoff.max.ms = 1000
	retry.backoff.ms = 100
	sasl.client.callback.handler.class = null
	sasl.jaas.config = null
	sasl.kerberos.kinit.cmd = /usr/bin/kinit
	sasl.kerberos.min.time.before.relogin = 60000
	sasl.kerberos.service.name = null
	sasl.kerberos.ticket.renew.jitter = 0.05
	sasl.kerberos.ticket.renew.window.factor = 0.8
	sasl.login.callback.handler.class = null
	sasl.login.class = null
	sasl.login.connect.timeout.ms = null
	sasl.login.read.timeout.ms = null
	sasl.login.refresh.buffer.seconds = 300
	sasl.login.refresh.min.period.seconds = 60
	sasl.login.refresh.window.factor = 0.8
	sasl.login.refresh.window.jitter = 0.05
	sasl.login.retry.backoff.max.ms = 10000
	sasl.login.retry.backoff.ms = 100
	sasl.mechanism = GSSAPI
	sasl.oauthbearer.clock.skew.seconds = 30
	sasl.oauthbearer.expected.audience = null
	sasl.oauthbearer.expected.issuer = null
	sasl.oauthbearer.header.urlencode = false
	sasl.oauthbearer.jwks.endpoint.refresh.ms = 3600000
	sasl.oauthbearer.jwks.endpoint.retry.backoff.max.ms = 10000
	sasl.oauthbearer.jwks.endpoint.retry.backoff.ms = 100
	sasl.oauthbearer.jwks.endpoint.url = null
	sasl.oauthbearer.scope.claim.name = scope
	sasl.oauthbearer.sub.claim.name = sub
	sasl.oauthbearer.token.endpoint.url = null
	security.protocol = PLAINTEXT
	security.providers = null
	send.buffer.bytes = 131072
	session.timeout.ms = 45000
	socket.connection.setup.timeout.max.ms = 30000
	socket.connection.setup.timeout.ms = 10000
	ssl.cipher.suites = null
	ssl.enabled.protocols = [TLSv1.2, TLSv1.3]
	ssl.endpoint.identification.algorithm = https
	ssl.engine.factory.class = null
	ssl.key.password = null
	ssl.keymanager.algorithm = SunX509
	ssl.keystore.certificate.chain = null
	ssl.keystore.key = null
	ssl.keystore.location = null
	ssl.keystore.password = null
	ssl.keystore.type = JKS
	ssl.protocol = TLSv1.3
	ssl.provider = null
	ssl.secure.random.implementation = null
	ssl.trustmanager.algorithm = PKIX
	ssl.truststore.certificates = null
	ssl.truststore.location = null
	ssl.truststore.password = null
	ssl.truststore.type = JKS
	value.deserializer = class io.apicurio.registry.serde.avro.AvroKafkaDeserializer

2025-07-31 18:15:03,112 INFO  [org.apa.kaf.com.tel.int.KafkaMetricsCollector] (main) initializing Kafka metrics collector
2025-07-31 18:15:03,120 INFO  [org.apa.kaf.cli.Metadata] (kafka-producer-network-thread | Producer-topic-68b2043b_6385_4788_a982_7346c8f66217) [Producer clientId=Producer-topic-68b2043b_6385_4788_a982_7346c8f66217] Cluster ID: UuE4P2bBQU2_qF9DHmdGkA
2025-07-31 18:15:03,120 INFO  [org.apa.kaf.cli.pro.int.TransactionManager] (kafka-producer-network-thread | Producer-topic-68b2043b_6385_4788_a982_7346c8f66217) [Producer clientId=Producer-topic-68b2043b_6385_4788_a982_7346c8f66217] ProducerId set to 45 with epoch 0
2025-07-31 18:15:03,120 INFO  [org.apa.kaf.cli.con.ConsumerConfig] (main) These configurations '[apicurio.registry.url]' were supplied but are not used yet.
2025-07-31 18:15:03,120 INFO  [org.apa.kaf.com.uti.AppInfoParser] (main) Kafka version: 3.9.1
2025-07-31 18:15:03,120 INFO  [org.apa.kaf.com.uti.AppInfoParser] (main) Kafka commitId: f745dfdcee2b9851
2025-07-31 18:15:03,120 INFO  [org.apa.kaf.com.uti.AppInfoParser] (main) Kafka startTimeMs: 1753985703120
**** Registry Base URL: http://registry-app-postgresql.apps.ci419.apicurio-testing.org:80
2025-07-31 18:15:03,121 INFO  [org.apa.kaf.cli.con.ConsumerConfig] (main) ConsumerConfig values: 
	allow.auto.create.topics = true
	auto.commit.interval.ms = 500
	auto.include.jmx.reporter = true
	auto.offset.reset = earliest
	bootstrap.servers = [PLAINTEXT://localhost:32770]
	check.crcs = true
	client.dns.lookup = use_all_dns_ips
	client.id = consumer-Consumer-topic-68b2043b_6385_4788_a982_7346c8f66217-33
	client.rack = 
	connections.max.idle.ms = 10000
	default.api.timeout.ms = 60000
	enable.auto.commit = true
	enable.metrics.push = true
	exclude.internal.topics = true
	fetch.max.bytes = 52428800
	fetch.max.wait.ms = 500
	fetch.min.bytes = 1
	group.id = Consumer-topic-68b2043b_6385_4788_a982_7346c8f66217
	group.instance.id = null
	group.protocol = classic
	group.remote.assignor = null
	heartbeat.interval.ms = 3000
	interceptor.classes = []
	internal.leave.group.on.close = true
	internal.throw.on.fetch.stable.offset.unsupported = false
	isolation.level = read_uncommitted
	key.deserializer = class org.apache.kafka.common.serialization.StringDeserializer
	max.partition.fetch.bytes = 1048576
	max.poll.interval.ms = 300000
	max.poll.records = 500
	metadata.max.age.ms = 300000
	metadata.recovery.strategy = none
	metric.reporters = []
	metrics.num.samples = 2
	metrics.recording.level = INFO
	metrics.sample.window.ms = 30000
	partition.assignment.strategy = [class org.apache.kafka.clients.consumer.RangeAssignor, class org.apache.kafka.clients.consumer.CooperativeStickyAssignor]
	receive.buffer.bytes = 65536
	reconnect.backoff.max.ms = 1000
	reconnect.backoff.ms = 50
	request.timeout.ms = 5000
	retry.backoff.max.ms = 1000
	retry.backoff.ms = 100
	sasl.client.callback.handler.class = null
	sasl.jaas.config = null
	sasl.kerberos.kinit.cmd = /usr/bin/kinit
	sasl.kerberos.min.time.before.relogin = 60000
	sasl.kerberos.service.name = null
	sasl.kerberos.ticket.renew.jitter = 0.05
	sasl.kerberos.ticket.renew.window.factor = 0.8
	sasl.login.callback.handler.class = null
	sasl.login.class = null
	sasl.login.connect.timeout.ms = null
	sasl.login.read.timeout.ms = null
	sasl.login.refresh.buffer.seconds = 300
	sasl.login.refresh.min.period.seconds = 60
	sasl.login.refresh.window.factor = 0.8
	sasl.login.refresh.window.jitter = 0.05
	sasl.login.retry.backoff.max.ms = 10000
	sasl.login.retry.backoff.ms = 100
	sasl.mechanism = GSSAPI
	sasl.oauthbearer.clock.skew.seconds = 30
	sasl.oauthbearer.expected.audience = null
	sasl.oauthbearer.expected.issuer = null
	sasl.oauthbearer.header.urlencode = false
	sasl.oauthbearer.jwks.endpoint.refresh.ms = 3600000
	sasl.oauthbearer.jwks.endpoint.retry.backoff.max.ms = 10000
	sasl.oauthbearer.jwks.endpoint.retry.backoff.ms = 100
	sasl.oauthbearer.jwks.endpoint.url = null
	sasl.oauthbearer.scope.claim.name = scope
	sasl.oauthbearer.sub.claim.name = sub
	sasl.oauthbearer.token.endpoint.url = null
	security.protocol = PLAINTEXT
	security.providers = null
	send.buffer.bytes = 131072
	session.timeout.ms = 45000
	socket.connection.setup.timeout.max.ms = 30000
	socket.connection.setup.timeout.ms = 10000
	ssl.cipher.suites = null
	ssl.enabled.protocols = [TLSv1.2, TLSv1.3]
	ssl.endpoint.identification.algorithm = https
	ssl.engine.factory.class = null
	ssl.key.password = null
	ssl.keymanager.algorithm = SunX509
	ssl.keystore.certificate.chain = null
	ssl.keystore.key = null
	ssl.keystore.location = null
	ssl.keystore.password = null
	ssl.keystore.type = JKS
	ssl.protocol = TLSv1.3
	ssl.provider = null
	ssl.secure.random.implementation = null
	ssl.trustmanager.algorithm = PKIX
	ssl.truststore.certificates = null
	ssl.truststore.location = null
	ssl.truststore.password = null
	ssl.truststore.type = JKS
	value.deserializer = class io.apicurio.registry.serde.avro.AvroKafkaDeserializer

2025-07-31 18:15:03,121 INFO  [org.apa.kaf.com.tel.int.KafkaMetricsCollector] (main) initializing Kafka metrics collector
2025-07-31 18:15:03,126 INFO  [org.apa.kaf.cli.con.ConsumerConfig] (main) These configurations '[apicurio.registry.url]' were supplied but are not used yet.
2025-07-31 18:15:03,127 INFO  [org.apa.kaf.com.uti.AppInfoParser] (main) Kafka version: 3.9.1
2025-07-31 18:15:03,127 INFO  [org.apa.kaf.com.uti.AppInfoParser] (main) Kafka commitId: f745dfdcee2b9851
2025-07-31 18:15:03,129 INFO  [org.apa.kaf.com.uti.AppInfoParser] (main) Kafka startTimeMs: 1753985703127
2025-07-31 18:15:03,130 INFO  [io.api.tes.ser.api.KafkaSerdesTester] (Thread-844) Sending message {"key1": "value-0"} to topic topic-a1a4844b_b1c6_4917_b052_7f18e985afb6
2025-07-31 18:15:03,135 INFO  [DefaultSchemaResolver] (Thread-844) Retrieving schema content using string: {"type":"record","name":"myrecordconfluent6","fields":[{"name":"key1","type":"string"}]}
2025-07-31 18:15:03,159 INFO  [io.api.tes.ser.api.KafkaSerdesTester] (Thread-844) Sending message {"key1": "value-1"} to topic topic-a1a4844b_b1c6_4917_b052_7f18e985afb6
2025-07-31 18:15:03,160 INFO  [io.api.tes.ser.api.KafkaSerdesTester] (Thread-844) Sending message {"key1": "value-2"} to topic topic-a1a4844b_b1c6_4917_b052_7f18e985afb6
2025-07-31 18:15:03,162 INFO  [io.api.tes.ser.api.KafkaSerdesTester] (Thread-844) Sending message {"key1": "value-3"} to topic topic-a1a4844b_b1c6_4917_b052_7f18e985afb6
2025-07-31 18:15:03,164 INFO  [io.api.tes.ser.api.KafkaSerdesTester] (Thread-844) Sending message {"key1": "value-4"} to topic topic-a1a4844b_b1c6_4917_b052_7f18e985afb6
2025-07-31 18:15:03,165 INFO  [io.api.tes.ser.api.KafkaSerdesTester] (Thread-844) Sending message {"key1": "value-5"} to topic topic-a1a4844b_b1c6_4917_b052_7f18e985afb6
2025-07-31 18:15:03,168 INFO  [io.api.tes.ser.api.KafkaSerdesTester] (Thread-844) Sending message {"key1": "value-6"} to topic topic-a1a4844b_b1c6_4917_b052_7f18e985afb6
2025-07-31 18:15:03,174 INFO  [io.api.tes.ser.api.KafkaSerdesTester] (Thread-844) Sending message {"key1": "value-7"} to topic topic-a1a4844b_b1c6_4917_b052_7f18e985afb6
2025-07-31 18:15:03,180 INFO  [io.api.tes.ser.api.KafkaSerdesTester] (Thread-844) Sending message {"key1": "value-8"} to topic topic-a1a4844b_b1c6_4917_b052_7f18e985afb6
2025-07-31 18:15:03,184 INFO  [io.api.tes.ser.api.KafkaSerdesTester] (Thread-844) Sending message {"key1": "value-9"} to topic topic-a1a4844b_b1c6_4917_b052_7f18e985afb6
2025-07-31 18:15:03,192 INFO  [io.api.tes.ser.api.KafkaSerdesTester] (Thread-844) Produced 10 messages
2025-07-31 18:15:03,193 INFO  [org.apa.kaf.cli.pro.KafkaProducer] (Thread-844) [Producer clientId=Producer-topic-a1a4844b_b1c6_4917_b052_7f18e985afb6] Closing the Kafka producer with timeoutMillis = 9223372036854775807 ms.
2025-07-31 18:15:03,200 INFO  [org.apa.kaf.com.met.Metrics] (Thread-844) Metrics scheduler closed
2025-07-31 18:15:03,200 INFO  [org.apa.kaf.com.met.Metrics] (Thread-844) Closing reporter org.apache.kafka.common.metrics.JmxReporter
2025-07-31 18:15:03,200 INFO  [org.apa.kaf.com.met.Metrics] (Thread-844) Closing reporter org.apache.kafka.common.telemetry.internals.ClientTelemetryReporter
2025-07-31 18:15:03,200 INFO  [org.apa.kaf.com.met.Metrics] (Thread-844) Metrics reporters closed
2025-07-31 18:15:03,201 INFO  [org.apa.kaf.com.uti.AppInfoParser] (Thread-844) App info kafka.producer for Producer-topic-a1a4844b_b1c6_4917_b052_7f18e985afb6 unregistered
2025-07-31 18:15:03,209 INFO  [io.api.tes.ser.api.KafkaSerdesTester] (Thread-845) Sending message {"key1": "value-0"} to topic topic-21e02c1c_93a2_4a6e_a18f_2e54f6407786
2025-07-31 18:15:03,226 INFO  [DefaultSchemaResolver] (Thread-845) Retrieving schema content using string: {"type":"record","name":"myrecordconfluent6","fields":[{"name":"key1","type":"string"}]}
2025-07-31 18:15:03,258 INFO  [io.api.tes.ser.api.KafkaSerdesTester] (Thread-845) Sending message {"key1": "value-1"} to topic topic-21e02c1c_93a2_4a6e_a18f_2e54f6407786
2025-07-31 18:15:03,260 INFO  [io.api.tes.ser.api.KafkaSerdesTester] (Thread-845) Sending message {"key1": "value-2"} to topic topic-21e02c1c_93a2_4a6e_a18f_2e54f6407786
2025-07-31 18:15:03,262 INFO  [io.api.tes.ser.api.KafkaSerdesTester] (Thread-845) Sending message {"key1": "value-3"} to topic topic-21e02c1c_93a2_4a6e_a18f_2e54f6407786
2025-07-31 18:15:03,264 INFO  [io.api.tes.ser.api.KafkaSerdesTester] (Thread-845) Sending message {"key1": "value-4"} to topic topic-21e02c1c_93a2_4a6e_a18f_2e54f6407786
2025-07-31 18:15:03,265 INFO  [io.api.tes.ser.api.KafkaSerdesTester] (Thread-845) Sending message {"key1": "value-5"} to topic topic-21e02c1c_93a2_4a6e_a18f_2e54f6407786
2025-07-31 18:15:03,266 INFO  [io.api.tes.ser.api.KafkaSerdesTester] (Thread-845) Sending message {"key1": "value-6"} to topic topic-21e02c1c_93a2_4a6e_a18f_2e54f6407786
2025-07-31 18:15:03,271 INFO  [io.api.tes.ser.api.KafkaSerdesTester] (Thread-845) Sending message {"key1": "value-7"} to topic topic-21e02c1c_93a2_4a6e_a18f_2e54f6407786
2025-07-31 18:15:03,272 INFO  [io.api.tes.ser.api.KafkaSerdesTester] (Thread-845) Sending message {"key1": "value-8"} to topic topic-21e02c1c_93a2_4a6e_a18f_2e54f6407786
2025-07-31 18:15:03,275 INFO  [io.api.tes.ser.api.KafkaSerdesTester] (Thread-845) Sending message {"key1": "value-9"} to topic topic-21e02c1c_93a2_4a6e_a18f_2e54f6407786
2025-07-31 18:15:03,279 INFO  [io.api.tes.ser.api.KafkaSerdesTester] (Thread-845) Produced 10 messages
2025-07-31 18:15:03,279 INFO  [org.apa.kaf.cli.pro.KafkaProducer] (Thread-845) [Producer clientId=Producer-topic-21e02c1c_93a2_4a6e_a18f_2e54f6407786] Closing the Kafka producer with timeoutMillis = 9223372036854775807 ms.
2025-07-31 18:15:03,281 INFO  [org.apa.kaf.com.met.Metrics] (Thread-845) Metrics scheduler closed
2025-07-31 18:15:03,281 INFO  [org.apa.kaf.com.met.Metrics] (Thread-845) Closing reporter org.apache.kafka.common.metrics.JmxReporter
2025-07-31 18:15:03,281 INFO  [org.apa.kaf.com.met.Metrics] (Thread-845) Closing reporter org.apache.kafka.common.telemetry.internals.ClientTelemetryReporter
2025-07-31 18:15:03,281 INFO  [org.apa.kaf.com.met.Metrics] (Thread-845) Metrics reporters closed
2025-07-31 18:15:03,282 INFO  [org.apa.kaf.com.uti.AppInfoParser] (Thread-845) App info kafka.producer for Producer-topic-21e02c1c_93a2_4a6e_a18f_2e54f6407786 unregistered
2025-07-31 18:15:03,286 INFO  [io.api.tes.ser.api.KafkaSerdesTester] (Thread-846) Sending message {"key1": "value-0"} to topic topic-68b2043b_6385_4788_a982_7346c8f66217
2025-07-31 18:15:03,302 INFO  [DefaultSchemaResolver] (Thread-846) Retrieving schema content using string: {"type":"record","name":"myrecordconfluent6","fields":[{"name":"key1","type":"string"}]}
2025-07-31 18:15:03,330 INFO  [io.api.tes.ser.api.KafkaSerdesTester] (Thread-846) Sending message {"key1": "value-1"} to topic topic-68b2043b_6385_4788_a982_7346c8f66217
2025-07-31 18:15:03,334 INFO  [io.api.tes.ser.api.KafkaSerdesTester] (Thread-846) Sending message {"key1": "value-2"} to topic topic-68b2043b_6385_4788_a982_7346c8f66217
2025-07-31 18:15:03,336 INFO  [io.api.tes.ser.api.KafkaSerdesTester] (Thread-846) Sending message {"key1": "value-3"} to topic topic-68b2043b_6385_4788_a982_7346c8f66217
2025-07-31 18:15:03,338 INFO  [io.api.tes.ser.api.KafkaSerdesTester] (Thread-846) Sending message {"key1": "value-4"} to topic topic-68b2043b_6385_4788_a982_7346c8f66217
2025-07-31 18:15:03,339 INFO  [io.api.tes.ser.api.KafkaSerdesTester] (Thread-846) Sending message {"key1": "value-5"} to topic topic-68b2043b_6385_4788_a982_7346c8f66217
2025-07-31 18:15:03,340 INFO  [io.api.tes.ser.api.KafkaSerdesTester] (Thread-846) Sending message {"key1": "value-6"} to topic topic-68b2043b_6385_4788_a982_7346c8f66217
2025-07-31 18:15:03,340 INFO  [io.api.tes.ser.api.KafkaSerdesTester] (Thread-846) Sending message {"key1": "value-7"} to topic topic-68b2043b_6385_4788_a982_7346c8f66217
2025-07-31 18:15:03,342 INFO  [io.api.tes.ser.api.KafkaSerdesTester] (Thread-846) Sending message {"key1": "value-8"} to topic topic-68b2043b_6385_4788_a982_7346c8f66217
2025-07-31 18:15:03,342 INFO  [io.api.tes.ser.api.KafkaSerdesTester] (Thread-846) Sending message {"key1": "value-9"} to topic topic-68b2043b_6385_4788_a982_7346c8f66217
2025-07-31 18:15:03,343 INFO  [io.api.tes.ser.api.KafkaSerdesTester] (Thread-846) Produced 10 messages
2025-07-31 18:15:03,343 INFO  [org.apa.kaf.cli.pro.KafkaProducer] (Thread-846) [Producer clientId=Producer-topic-68b2043b_6385_4788_a982_7346c8f66217] Closing the Kafka producer with timeoutMillis = 9223372036854775807 ms.
2025-07-31 18:15:03,346 INFO  [org.apa.kaf.com.met.Metrics] (Thread-846) Metrics scheduler closed
2025-07-31 18:15:03,346 INFO  [org.apa.kaf.com.met.Metrics] (Thread-846) Closing reporter org.apache.kafka.common.metrics.JmxReporter
2025-07-31 18:15:03,346 INFO  [org.apa.kaf.com.met.Metrics] (Thread-846) Closing reporter org.apache.kafka.common.telemetry.internals.ClientTelemetryReporter
2025-07-31 18:15:03,346 INFO  [org.apa.kaf.com.met.Metrics] (Thread-846) Metrics reporters closed
2025-07-31 18:15:03,346 INFO  [org.apa.kaf.com.uti.AppInfoParser] (Thread-846) App info kafka.producer for Producer-topic-68b2043b_6385_4788_a982_7346c8f66217 unregistered
2025-07-31 18:15:03,348 INFO  [org.apa.kaf.cli.con.int.ClassicKafkaConsumer] (Thread-847) [Consumer clientId=consumer-Consumer-topic-a1a4844b_b1c6_4917_b052_7f18e985afb6-31, groupId=Consumer-topic-a1a4844b_b1c6_4917_b052_7f18e985afb6] Subscribed to topic(s): topic-a1a4844b_b1c6_4917_b052_7f18e985afb6
2025-07-31 18:15:03,355 INFO  [org.apa.kaf.cli.Metadata] (Thread-847) [Consumer clientId=consumer-Consumer-topic-a1a4844b_b1c6_4917_b052_7f18e985afb6-31, groupId=Consumer-topic-a1a4844b_b1c6_4917_b052_7f18e985afb6] Cluster ID: UuE4P2bBQU2_qF9DHmdGkA
2025-07-31 18:15:03,355 INFO  [org.apa.kaf.cli.con.int.ConsumerCoordinator] (Thread-847) [Consumer clientId=consumer-Consumer-topic-a1a4844b_b1c6_4917_b052_7f18e985afb6-31, groupId=Consumer-topic-a1a4844b_b1c6_4917_b052_7f18e985afb6] Discovered group coordinator localhost:32770 (id: 2147483647 rack: null)
2025-07-31 18:15:03,357 INFO  [org.apa.kaf.cli.con.int.ConsumerCoordinator] (Thread-847) [Consumer clientId=consumer-Consumer-topic-a1a4844b_b1c6_4917_b052_7f18e985afb6-31, groupId=Consumer-topic-a1a4844b_b1c6_4917_b052_7f18e985afb6] (Re-)joining group
2025-07-31 18:15:03,362 INFO  [org.apa.kaf.cli.con.int.ConsumerCoordinator] (Thread-847) [Consumer clientId=consumer-Consumer-topic-a1a4844b_b1c6_4917_b052_7f18e985afb6-31, groupId=Consumer-topic-a1a4844b_b1c6_4917_b052_7f18e985afb6] Request joining group due to: need to re-join with the given member-id: consumer-Consumer-topic-a1a4844b_b1c6_4917_b052_7f18e985afb6-31-dd3916dd-5c6b-4a00-8dc7-0fa4a0f6068e
2025-07-31 18:15:03,363 INFO  [org.apa.kaf.cli.con.int.ConsumerCoordinator] (Thread-847) [Consumer clientId=consumer-Consumer-topic-a1a4844b_b1c6_4917_b052_7f18e985afb6-31, groupId=Consumer-topic-a1a4844b_b1c6_4917_b052_7f18e985afb6] (Re-)joining group
2025-07-31 18:15:03,366 INFO  [org.apa.kaf.cli.con.int.ConsumerCoordinator] (Thread-847) [Consumer clientId=consumer-Consumer-topic-a1a4844b_b1c6_4917_b052_7f18e985afb6-31, groupId=Consumer-topic-a1a4844b_b1c6_4917_b052_7f18e985afb6] Successfully joined group with generation Generation{generationId=1, memberId='consumer-Consumer-topic-a1a4844b_b1c6_4917_b052_7f18e985afb6-31-dd3916dd-5c6b-4a00-8dc7-0fa4a0f6068e', protocol='range'}
2025-07-31 18:15:03,366 INFO  [org.apa.kaf.cli.con.int.ConsumerCoordinator] (Thread-847) [Consumer clientId=consumer-Consumer-topic-a1a4844b_b1c6_4917_b052_7f18e985afb6-31, groupId=Consumer-topic-a1a4844b_b1c6_4917_b052_7f18e985afb6] Finished assignment for group at generation 1: {consumer-Consumer-topic-a1a4844b_b1c6_4917_b052_7f18e985afb6-31-dd3916dd-5c6b-4a00-8dc7-0fa4a0f6068e=Assignment(partitions=[topic-a1a4844b_b1c6_4917_b052_7f18e985afb6-0])}
2025-07-31 18:15:03,370 INFO  [org.apa.kaf.cli.con.int.ConsumerCoordinator] (Thread-847) [Consumer clientId=consumer-Consumer-topic-a1a4844b_b1c6_4917_b052_7f18e985afb6-31, groupId=Consumer-topic-a1a4844b_b1c6_4917_b052_7f18e985afb6] Successfully synced group in generation Generation{generationId=1, memberId='consumer-Consumer-topic-a1a4844b_b1c6_4917_b052_7f18e985afb6-31-dd3916dd-5c6b-4a00-8dc7-0fa4a0f6068e', protocol='range'}
2025-07-31 18:15:03,371 INFO  [org.apa.kaf.cli.con.int.ConsumerCoordinator] (Thread-847) [Consumer clientId=consumer-Consumer-topic-a1a4844b_b1c6_4917_b052_7f18e985afb6-31, groupId=Consumer-topic-a1a4844b_b1c6_4917_b052_7f18e985afb6] Notifying assignor about the new Assignment(partitions=[topic-a1a4844b_b1c6_4917_b052_7f18e985afb6-0])
2025-07-31 18:15:03,371 INFO  [org.apa.kaf.cli.con.int.ConsumerRebalanceListenerInvoker] (Thread-847) [Consumer clientId=consumer-Consumer-topic-a1a4844b_b1c6_4917_b052_7f18e985afb6-31, groupId=Consumer-topic-a1a4844b_b1c6_4917_b052_7f18e985afb6] Adding newly assigned partitions: topic-a1a4844b_b1c6_4917_b052_7f18e985afb6-0
2025-07-31 18:15:03,373 INFO  [org.apa.kaf.cli.con.int.ConsumerCoordinator] (Thread-847) [Consumer clientId=consumer-Consumer-topic-a1a4844b_b1c6_4917_b052_7f18e985afb6-31, groupId=Consumer-topic-a1a4844b_b1c6_4917_b052_7f18e985afb6] Found no committed offset for partition topic-a1a4844b_b1c6_4917_b052_7f18e985afb6-0
2025-07-31 18:15:03,376 INFO  [org.apa.kaf.cli.con.int.SubscriptionState] (Thread-847) [Consumer clientId=consumer-Consumer-topic-a1a4844b_b1c6_4917_b052_7f18e985afb6-31, groupId=Consumer-topic-a1a4844b_b1c6_4917_b052_7f18e985afb6] Resetting offset for partition topic-a1a4844b_b1c6_4917_b052_7f18e985afb6-0 to position FetchPosition{offset=0, offsetEpoch=Optional.empty, currentLeader=LeaderAndEpoch{leader=Optional[localhost:32770 (id: 0 rack: null)], epoch=0}}.
2025-07-31 18:15:03,410 INFO  [io.api.tes.ser.api.KafkaSerdesTester] (Thread-847) topic-a1a4844b_b1c6_4917_b052_7f18e985afb6 0 0 {"key1": "value-0"}
2025-07-31 18:15:03,410 INFO  [io.api.tes.ser.api.KafkaSerdesTester] (Thread-847) topic-a1a4844b_b1c6_4917_b052_7f18e985afb6 0 1 {"key1": "value-1"}
2025-07-31 18:15:03,410 INFO  [io.api.tes.ser.api.KafkaSerdesTester] (Thread-847) topic-a1a4844b_b1c6_4917_b052_7f18e985afb6 0 2 {"key1": "value-2"}
2025-07-31 18:15:03,410 INFO  [io.api.tes.ser.api.KafkaSerdesTester] (Thread-847) topic-a1a4844b_b1c6_4917_b052_7f18e985afb6 0 3 {"key1": "value-3"}
2025-07-31 18:15:03,410 INFO  [io.api.tes.ser.api.KafkaSerdesTester] (Thread-847) topic-a1a4844b_b1c6_4917_b052_7f18e985afb6 0 4 {"key1": "value-4"}
2025-07-31 18:15:03,410 INFO  [io.api.tes.ser.api.KafkaSerdesTester] (Thread-847) topic-a1a4844b_b1c6_4917_b052_7f18e985afb6 0 5 {"key1": "value-5"}
2025-07-31 18:15:03,410 INFO  [io.api.tes.ser.api.KafkaSerdesTester] (Thread-847) topic-a1a4844b_b1c6_4917_b052_7f18e985afb6 0 6 {"key1": "value-6"}
2025-07-31 18:15:03,410 INFO  [io.api.tes.ser.api.KafkaSerdesTester] (Thread-847) topic-a1a4844b_b1c6_4917_b052_7f18e985afb6 0 7 {"key1": "value-7"}
2025-07-31 18:15:03,410 INFO  [io.api.tes.ser.api.KafkaSerdesTester] (Thread-847) topic-a1a4844b_b1c6_4917_b052_7f18e985afb6 0 8 {"key1": "value-8"}
2025-07-31 18:15:03,410 INFO  [io.api.tes.ser.api.KafkaSerdesTester] (Thread-847) topic-a1a4844b_b1c6_4917_b052_7f18e985afb6 0 9 {"key1": "value-9"}
2025-07-31 18:15:03,410 INFO  [io.api.tes.ser.api.KafkaSerdesTester] (Thread-847) Consumed 10 messages
2025-07-31 18:15:03,414 INFO  [org.apa.kaf.cli.con.int.ConsumerRebalanceListenerInvoker] (Thread-847) [Consumer clientId=consumer-Consumer-topic-a1a4844b_b1c6_4917_b052_7f18e985afb6-31, groupId=Consumer-topic-a1a4844b_b1c6_4917_b052_7f18e985afb6] Revoke previously assigned partitions topic-a1a4844b_b1c6_4917_b052_7f18e985afb6-0
2025-07-31 18:15:03,414 INFO  [org.apa.kaf.cli.con.int.ConsumerCoordinator] (Thread-847) [Consumer clientId=consumer-Consumer-topic-a1a4844b_b1c6_4917_b052_7f18e985afb6-31, groupId=Consumer-topic-a1a4844b_b1c6_4917_b052_7f18e985afb6] Member consumer-Consumer-topic-a1a4844b_b1c6_4917_b052_7f18e985afb6-31-dd3916dd-5c6b-4a00-8dc7-0fa4a0f6068e sending LeaveGroup request to coordinator localhost:32770 (id: 2147483647 rack: null) due to the consumer is being closed
2025-07-31 18:15:03,414 INFO  [org.apa.kaf.cli.con.int.ConsumerCoordinator] (Thread-847) [Consumer clientId=consumer-Consumer-topic-a1a4844b_b1c6_4917_b052_7f18e985afb6-31, groupId=Consumer-topic-a1a4844b_b1c6_4917_b052_7f18e985afb6] Resetting generation and member id due to: consumer pro-actively leaving the group
2025-07-31 18:15:03,414 INFO  [org.apa.kaf.cli.con.int.ConsumerCoordinator] (Thread-847) [Consumer clientId=consumer-Consumer-topic-a1a4844b_b1c6_4917_b052_7f18e985afb6-31, groupId=Consumer-topic-a1a4844b_b1c6_4917_b052_7f18e985afb6] Request joining group due to: consumer pro-actively leaving the group
2025-07-31 18:15:03,912 INFO  [org.apa.kaf.com.met.Metrics] (Thread-847) Metrics scheduler closed
2025-07-31 18:15:03,912 INFO  [org.apa.kaf.com.met.Metrics] (Thread-847) Closing reporter org.apache.kafka.common.metrics.JmxReporter
2025-07-31 18:15:03,912 INFO  [org.apa.kaf.com.met.Metrics] (Thread-847) Closing reporter org.apache.kafka.common.telemetry.internals.ClientTelemetryReporter
2025-07-31 18:15:03,912 INFO  [org.apa.kaf.com.met.Metrics] (Thread-847) Metrics reporters closed
2025-07-31 18:15:03,914 INFO  [org.apa.kaf.com.uti.AppInfoParser] (Thread-847) App info kafka.consumer for consumer-Consumer-topic-a1a4844b_b1c6_4917_b052_7f18e985afb6-31 unregistered
2025-07-31 18:15:03,917 INFO  [org.apa.kaf.cli.con.int.ClassicKafkaConsumer] (Thread-848) [Consumer clientId=consumer-Consumer-topic-21e02c1c_93a2_4a6e_a18f_2e54f6407786-32, groupId=Consumer-topic-21e02c1c_93a2_4a6e_a18f_2e54f6407786] Subscribed to topic(s): topic-21e02c1c_93a2_4a6e_a18f_2e54f6407786
2025-07-31 18:15:03,925 INFO  [org.apa.kaf.cli.Metadata] (Thread-848) [Consumer clientId=consumer-Consumer-topic-21e02c1c_93a2_4a6e_a18f_2e54f6407786-32, groupId=Consumer-topic-21e02c1c_93a2_4a6e_a18f_2e54f6407786] Cluster ID: UuE4P2bBQU2_qF9DHmdGkA
2025-07-31 18:15:03,926 INFO  [org.apa.kaf.cli.con.int.ConsumerCoordinator] (Thread-848) [Consumer clientId=consumer-Consumer-topic-21e02c1c_93a2_4a6e_a18f_2e54f6407786-32, groupId=Consumer-topic-21e02c1c_93a2_4a6e_a18f_2e54f6407786] Discovered group coordinator localhost:32770 (id: 2147483647 rack: null)
2025-07-31 18:15:03,928 INFO  [org.apa.kaf.cli.con.int.ConsumerCoordinator] (Thread-848) [Consumer clientId=consumer-Consumer-topic-21e02c1c_93a2_4a6e_a18f_2e54f6407786-32, groupId=Consumer-topic-21e02c1c_93a2_4a6e_a18f_2e54f6407786] (Re-)joining group
2025-07-31 18:15:03,931 INFO  [org.apa.kaf.cli.con.int.ConsumerCoordinator] (Thread-848) [Consumer clientId=consumer-Consumer-topic-21e02c1c_93a2_4a6e_a18f_2e54f6407786-32, groupId=Consumer-topic-21e02c1c_93a2_4a6e_a18f_2e54f6407786] Request joining group due to: need to re-join with the given member-id: consumer-Consumer-topic-21e02c1c_93a2_4a6e_a18f_2e54f6407786-32-69b6e230-f39d-4daa-9a39-c9306055c1e1
2025-07-31 18:15:03,931 INFO  [org.apa.kaf.cli.con.int.ConsumerCoordinator] (Thread-848) [Consumer clientId=consumer-Consumer-topic-21e02c1c_93a2_4a6e_a18f_2e54f6407786-32, groupId=Consumer-topic-21e02c1c_93a2_4a6e_a18f_2e54f6407786] (Re-)joining group
2025-07-31 18:15:03,934 INFO  [org.apa.kaf.cli.con.int.ConsumerCoordinator] (Thread-848) [Consumer clientId=consumer-Consumer-topic-21e02c1c_93a2_4a6e_a18f_2e54f6407786-32, groupId=Consumer-topic-21e02c1c_93a2_4a6e_a18f_2e54f6407786] Successfully joined group with generation Generation{generationId=1, memberId='consumer-Consumer-topic-21e02c1c_93a2_4a6e_a18f_2e54f6407786-32-69b6e230-f39d-4daa-9a39-c9306055c1e1', protocol='range'}
2025-07-31 18:15:03,935 INFO  [org.apa.kaf.cli.con.int.ConsumerCoordinator] (Thread-848) [Consumer clientId=consumer-Consumer-topic-21e02c1c_93a2_4a6e_a18f_2e54f6407786-32, groupId=Consumer-topic-21e02c1c_93a2_4a6e_a18f_2e54f6407786] Finished assignment for group at generation 1: {consumer-Consumer-topic-21e02c1c_93a2_4a6e_a18f_2e54f6407786-32-69b6e230-f39d-4daa-9a39-c9306055c1e1=Assignment(partitions=[topic-21e02c1c_93a2_4a6e_a18f_2e54f6407786-0])}
2025-07-31 18:15:03,938 INFO  [org.apa.kaf.cli.con.int.ConsumerCoordinator] (Thread-848) [Consumer clientId=consumer-Consumer-topic-21e02c1c_93a2_4a6e_a18f_2e54f6407786-32, groupId=Consumer-topic-21e02c1c_93a2_4a6e_a18f_2e54f6407786] Successfully synced group in generation Generation{generationId=1, memberId='consumer-Consumer-topic-21e02c1c_93a2_4a6e_a18f_2e54f6407786-32-69b6e230-f39d-4daa-9a39-c9306055c1e1', protocol='range'}
2025-07-31 18:15:03,938 INFO  [org.apa.kaf.cli.con.int.ConsumerCoordinator] (Thread-848) [Consumer clientId=consumer-Consumer-topic-21e02c1c_93a2_4a6e_a18f_2e54f6407786-32, groupId=Consumer-topic-21e02c1c_93a2_4a6e_a18f_2e54f6407786] Notifying assignor about the new Assignment(partitions=[topic-21e02c1c_93a2_4a6e_a18f_2e54f6407786-0])
2025-07-31 18:15:03,938 INFO  [org.apa.kaf.cli.con.int.ConsumerRebalanceListenerInvoker] (Thread-848) [Consumer clientId=consumer-Consumer-topic-21e02c1c_93a2_4a6e_a18f_2e54f6407786-32, groupId=Consumer-topic-21e02c1c_93a2_4a6e_a18f_2e54f6407786] Adding newly assigned partitions: topic-21e02c1c_93a2_4a6e_a18f_2e54f6407786-0
2025-07-31 18:15:03,939 INFO  [org.apa.kaf.cli.con.int.ConsumerCoordinator] (Thread-848) [Consumer clientId=consumer-Consumer-topic-21e02c1c_93a2_4a6e_a18f_2e54f6407786-32, groupId=Consumer-topic-21e02c1c_93a2_4a6e_a18f_2e54f6407786] Found no committed offset for partition topic-21e02c1c_93a2_4a6e_a18f_2e54f6407786-0
2025-07-31 18:15:03,945 INFO  [org.apa.kaf.cli.con.int.SubscriptionState] (Thread-848) [Consumer clientId=consumer-Consumer-topic-21e02c1c_93a2_4a6e_a18f_2e54f6407786-32, groupId=Consumer-topic-21e02c1c_93a2_4a6e_a18f_2e54f6407786] Resetting offset for partition topic-21e02c1c_93a2_4a6e_a18f_2e54f6407786-0 to position FetchPosition{offset=0, offsetEpoch=Optional.empty, currentLeader=LeaderAndEpoch{leader=Optional[localhost:32770 (id: 0 rack: null)], epoch=0}}.
2025-07-31 18:15:03,976 INFO  [io.api.tes.ser.api.KafkaSerdesTester] (Thread-848) topic-21e02c1c_93a2_4a6e_a18f_2e54f6407786 0 0 {"key1": "value-0"}
2025-07-31 18:15:03,976 INFO  [io.api.tes.ser.api.KafkaSerdesTester] (Thread-848) topic-21e02c1c_93a2_4a6e_a18f_2e54f6407786 0 1 {"key1": "value-1"}
2025-07-31 18:15:03,976 INFO  [io.api.tes.ser.api.KafkaSerdesTester] (Thread-848) topic-21e02c1c_93a2_4a6e_a18f_2e54f6407786 0 2 {"key1": "value-2"}
2025-07-31 18:15:03,976 INFO  [io.api.tes.ser.api.KafkaSerdesTester] (Thread-848) topic-21e02c1c_93a2_4a6e_a18f_2e54f6407786 0 3 {"key1": "value-3"}
2025-07-31 18:15:03,976 INFO  [io.api.tes.ser.api.KafkaSerdesTester] (Thread-848) topic-21e02c1c_93a2_4a6e_a18f_2e54f6407786 0 4 {"key1": "value-4"}
2025-07-31 18:15:03,976 INFO  [io.api.tes.ser.api.KafkaSerdesTester] (Thread-848) topic-21e02c1c_93a2_4a6e_a18f_2e54f6407786 0 5 {"key1": "value-5"}
2025-07-31 18:15:03,978 INFO  [io.api.tes.ser.api.KafkaSerdesTester] (Thread-848) topic-21e02c1c_93a2_4a6e_a18f_2e54f6407786 0 6 {"key1": "value-6"}
2025-07-31 18:15:03,978 INFO  [io.api.tes.ser.api.KafkaSerdesTester] (Thread-848) topic-21e02c1c_93a2_4a6e_a18f_2e54f6407786 0 7 {"key1": "value-7"}
2025-07-31 18:15:03,978 INFO  [io.api.tes.ser.api.KafkaSerdesTester] (Thread-848) topic-21e02c1c_93a2_4a6e_a18f_2e54f6407786 0 8 {"key1": "value-8"}
2025-07-31 18:15:03,978 INFO  [io.api.tes.ser.api.KafkaSerdesTester] (Thread-848) topic-21e02c1c_93a2_4a6e_a18f_2e54f6407786 0 9 {"key1": "value-9"}
2025-07-31 18:15:03,978 INFO  [io.api.tes.ser.api.KafkaSerdesTester] (Thread-848) Consumed 10 messages
2025-07-31 18:15:03,981 INFO  [org.apa.kaf.cli.con.int.ConsumerRebalanceListenerInvoker] (Thread-848) [Consumer clientId=consumer-Consumer-topic-21e02c1c_93a2_4a6e_a18f_2e54f6407786-32, groupId=Consumer-topic-21e02c1c_93a2_4a6e_a18f_2e54f6407786] Revoke previously assigned partitions topic-21e02c1c_93a2_4a6e_a18f_2e54f6407786-0
2025-07-31 18:15:03,981 INFO  [org.apa.kaf.cli.con.int.ConsumerCoordinator] (Thread-848) [Consumer clientId=consumer-Consumer-topic-21e02c1c_93a2_4a6e_a18f_2e54f6407786-32, groupId=Consumer-topic-21e02c1c_93a2_4a6e_a18f_2e54f6407786] Member consumer-Consumer-topic-21e02c1c_93a2_4a6e_a18f_2e54f6407786-32-69b6e230-f39d-4daa-9a39-c9306055c1e1 sending LeaveGroup request to coordinator localhost:32770 (id: 2147483647 rack: null) due to the consumer is being closed
2025-07-31 18:15:03,983 INFO  [org.apa.kaf.cli.con.int.ConsumerCoordinator] (Thread-848) [Consumer clientId=consumer-Consumer-topic-21e02c1c_93a2_4a6e_a18f_2e54f6407786-32, groupId=Consumer-topic-21e02c1c_93a2_4a6e_a18f_2e54f6407786] Resetting generation and member id due to: consumer pro-actively leaving the group
2025-07-31 18:15:03,983 INFO  [org.apa.kaf.cli.con.int.ConsumerCoordinator] (Thread-848) [Consumer clientId=consumer-Consumer-topic-21e02c1c_93a2_4a6e_a18f_2e54f6407786-32, groupId=Consumer-topic-21e02c1c_93a2_4a6e_a18f_2e54f6407786] Request joining group due to: consumer pro-actively leaving the group
2025-07-31 18:15:04,480 INFO  [org.apa.kaf.com.met.Metrics] (Thread-848) Metrics scheduler closed
2025-07-31 18:15:04,480 INFO  [org.apa.kaf.com.met.Metrics] (Thread-848) Closing reporter org.apache.kafka.common.metrics.JmxReporter
2025-07-31 18:15:04,480 INFO  [org.apa.kaf.com.met.Metrics] (Thread-848) Closing reporter org.apache.kafka.common.telemetry.internals.ClientTelemetryReporter
2025-07-31 18:15:04,480 INFO  [org.apa.kaf.com.met.Metrics] (Thread-848) Metrics reporters closed
2025-07-31 18:15:04,482 INFO  [org.apa.kaf.com.uti.AppInfoParser] (Thread-848) App info kafka.consumer for consumer-Consumer-topic-21e02c1c_93a2_4a6e_a18f_2e54f6407786-32 unregistered
2025-07-31 18:15:04,484 INFO  [org.apa.kaf.cli.con.int.ClassicKafkaConsumer] (Thread-849) [Consumer clientId=consumer-Consumer-topic-68b2043b_6385_4788_a982_7346c8f66217-33, groupId=Consumer-topic-68b2043b_6385_4788_a982_7346c8f66217] Subscribed to topic(s): topic-68b2043b_6385_4788_a982_7346c8f66217
2025-07-31 18:15:04,488 INFO  [org.apa.kaf.cli.Metadata] (Thread-849) [Consumer clientId=consumer-Consumer-topic-68b2043b_6385_4788_a982_7346c8f66217-33, groupId=Consumer-topic-68b2043b_6385_4788_a982_7346c8f66217] Cluster ID: UuE4P2bBQU2_qF9DHmdGkA
2025-07-31 18:15:04,489 INFO  [org.apa.kaf.cli.con.int.ConsumerCoordinator] (Thread-849) [Consumer clientId=consumer-Consumer-topic-68b2043b_6385_4788_a982_7346c8f66217-33, groupId=Consumer-topic-68b2043b_6385_4788_a982_7346c8f66217] Discovered group coordinator localhost:32770 (id: 2147483647 rack: null)
2025-07-31 18:15:04,490 INFO  [org.apa.kaf.cli.con.int.ConsumerCoordinator] (Thread-849) [Consumer clientId=consumer-Consumer-topic-68b2043b_6385_4788_a982_7346c8f66217-33, groupId=Consumer-topic-68b2043b_6385_4788_a982_7346c8f66217] (Re-)joining group
2025-07-31 18:15:04,492 INFO  [org.apa.kaf.cli.con.int.ConsumerCoordinator] (Thread-849) [Consumer clientId=consumer-Consumer-topic-68b2043b_6385_4788_a982_7346c8f66217-33, groupId=Consumer-topic-68b2043b_6385_4788_a982_7346c8f66217] Request joining group due to: need to re-join with the given member-id: consumer-Consumer-topic-68b2043b_6385_4788_a982_7346c8f66217-33-9788d168-2766-4862-a3ae-1e771c74b971
2025-07-31 18:15:04,492 INFO  [org.apa.kaf.cli.con.int.ConsumerCoordinator] (Thread-849) [Consumer clientId=consumer-Consumer-topic-68b2043b_6385_4788_a982_7346c8f66217-33, groupId=Consumer-topic-68b2043b_6385_4788_a982_7346c8f66217] (Re-)joining group
2025-07-31 18:15:04,494 INFO  [org.apa.kaf.cli.con.int.ConsumerCoordinator] (Thread-849) [Consumer clientId=consumer-Consumer-topic-68b2043b_6385_4788_a982_7346c8f66217-33, groupId=Consumer-topic-68b2043b_6385_4788_a982_7346c8f66217] Successfully joined group with generation Generation{generationId=1, memberId='consumer-Consumer-topic-68b2043b_6385_4788_a982_7346c8f66217-33-9788d168-2766-4862-a3ae-1e771c74b971', protocol='range'}
2025-07-31 18:15:04,494 INFO  [org.apa.kaf.cli.con.int.ConsumerCoordinator] (Thread-849) [Consumer clientId=consumer-Consumer-topic-68b2043b_6385_4788_a982_7346c8f66217-33, groupId=Consumer-topic-68b2043b_6385_4788_a982_7346c8f66217] Finished assignment for group at generation 1: {consumer-Consumer-topic-68b2043b_6385_4788_a982_7346c8f66217-33-9788d168-2766-4862-a3ae-1e771c74b971=Assignment(partitions=[topic-68b2043b_6385_4788_a982_7346c8f66217-0])}
2025-07-31 18:15:04,496 INFO  [org.apa.kaf.cli.con.int.ConsumerCoordinator] (Thread-849) [Consumer clientId=consumer-Consumer-topic-68b2043b_6385_4788_a982_7346c8f66217-33, groupId=Consumer-topic-68b2043b_6385_4788_a982_7346c8f66217] Successfully synced group in generation Generation{generationId=1, memberId='consumer-Consumer-topic-68b2043b_6385_4788_a982_7346c8f66217-33-9788d168-2766-4862-a3ae-1e771c74b971', protocol='range'}
2025-07-31 18:15:04,496 INFO  [org.apa.kaf.cli.con.int.ConsumerCoordinator] (Thread-849) [Consumer clientId=consumer-Consumer-topic-68b2043b_6385_4788_a982_7346c8f66217-33, groupId=Consumer-topic-68b2043b_6385_4788_a982_7346c8f66217] Notifying assignor about the new Assignment(partitions=[topic-68b2043b_6385_4788_a982_7346c8f66217-0])
2025-07-31 18:15:04,496 INFO  [org.apa.kaf.cli.con.int.ConsumerRebalanceListenerInvoker] (Thread-849) [Consumer clientId=consumer-Consumer-topic-68b2043b_6385_4788_a982_7346c8f66217-33, groupId=Consumer-topic-68b2043b_6385_4788_a982_7346c8f66217] Adding newly assigned partitions: topic-68b2043b_6385_4788_a982_7346c8f66217-0
2025-07-31 18:15:04,497 INFO  [org.apa.kaf.cli.con.int.ConsumerCoordinator] (Thread-849) [Consumer clientId=consumer-Consumer-topic-68b2043b_6385_4788_a982_7346c8f66217-33, groupId=Consumer-topic-68b2043b_6385_4788_a982_7346c8f66217] Found no committed offset for partition topic-68b2043b_6385_4788_a982_7346c8f66217-0
2025-07-31 18:15:04,498 INFO  [org.apa.kaf.cli.con.int.SubscriptionState] (Thread-849) [Consumer clientId=consumer-Consumer-topic-68b2043b_6385_4788_a982_7346c8f66217-33, groupId=Consumer-topic-68b2043b_6385_4788_a982_7346c8f66217] Resetting offset for partition topic-68b2043b_6385_4788_a982_7346c8f66217-0 to position FetchPosition{offset=0, offsetEpoch=Optional.empty, currentLeader=LeaderAndEpoch{leader=Optional[localhost:32770 (id: 0 rack: null)], epoch=0}}.
2025-07-31 18:15:04,527 INFO  [io.api.tes.ser.api.KafkaSerdesTester] (Thread-849) topic-68b2043b_6385_4788_a982_7346c8f66217 0 0 {"key1": "value-0"}
2025-07-31 18:15:04,527 INFO  [io.api.tes.ser.api.KafkaSerdesTester] (Thread-849) topic-68b2043b_6385_4788_a982_7346c8f66217 0 1 {"key1": "value-1"}
2025-07-31 18:15:04,527 INFO  [io.api.tes.ser.api.KafkaSerdesTester] (Thread-849) topic-68b2043b_6385_4788_a982_7346c8f66217 0 2 {"key1": "value-2"}
2025-07-31 18:15:04,527 INFO  [io.api.tes.ser.api.KafkaSerdesTester] (Thread-849) topic-68b2043b_6385_4788_a982_7346c8f66217 0 3 {"key1": "value-3"}
2025-07-31 18:15:04,527 INFO  [io.api.tes.ser.api.KafkaSerdesTester] (Thread-849) topic-68b2043b_6385_4788_a982_7346c8f66217 0 4 {"key1": "value-4"}
2025-07-31 18:15:04,527 INFO  [io.api.tes.ser.api.KafkaSerdesTester] (Thread-849) topic-68b2043b_6385_4788_a982_7346c8f66217 0 5 {"key1": "value-5"}
2025-07-31 18:15:04,527 INFO  [io.api.tes.ser.api.KafkaSerdesTester] (Thread-849) topic-68b2043b_6385_4788_a982_7346c8f66217 0 6 {"key1": "value-6"}
2025-07-31 18:15:04,527 INFO  [io.api.tes.ser.api.KafkaSerdesTester] (Thread-849) topic-68b2043b_6385_4788_a982_7346c8f66217 0 7 {"key1": "value-7"}
2025-07-31 18:15:04,527 INFO  [io.api.tes.ser.api.KafkaSerdesTester] (Thread-849) topic-68b2043b_6385_4788_a982_7346c8f66217 0 8 {"key1": "value-8"}
2025-07-31 18:15:04,527 INFO  [io.api.tes.ser.api.KafkaSerdesTester] (Thread-849) topic-68b2043b_6385_4788_a982_7346c8f66217 0 9 {"key1": "value-9"}
2025-07-31 18:15:04,527 INFO  [io.api.tes.ser.api.KafkaSerdesTester] (Thread-849) Consumed 10 messages
2025-07-31 18:15:04,529 INFO  [org.apa.kaf.cli.con.int.ConsumerRebalanceListenerInvoker] (Thread-849) [Consumer clientId=consumer-Consumer-topic-68b2043b_6385_4788_a982_7346c8f66217-33, groupId=Consumer-topic-68b2043b_6385_4788_a982_7346c8f66217] Revoke previously assigned partitions topic-68b2043b_6385_4788_a982_7346c8f66217-0
2025-07-31 18:15:04,529 INFO  [org.apa.kaf.cli.con.int.ConsumerCoordinator] (Thread-849) [Consumer clientId=consumer-Consumer-topic-68b2043b_6385_4788_a982_7346c8f66217-33, groupId=Consumer-topic-68b2043b_6385_4788_a982_7346c8f66217] Member consumer-Consumer-topic-68b2043b_6385_4788_a982_7346c8f66217-33-9788d168-2766-4862-a3ae-1e771c74b971 sending LeaveGroup request to coordinator localhost:32770 (id: 2147483647 rack: null) due to the consumer is being closed
2025-07-31 18:15:04,529 INFO  [org.apa.kaf.cli.con.int.ConsumerCoordinator] (Thread-849) [Consumer clientId=consumer-Consumer-topic-68b2043b_6385_4788_a982_7346c8f66217-33, groupId=Consumer-topic-68b2043b_6385_4788_a982_7346c8f66217] Resetting generation and member id due to: consumer pro-actively leaving the group
2025-07-31 18:15:04,529 INFO  [org.apa.kaf.cli.con.int.ConsumerCoordinator] (Thread-849) [Consumer clientId=consumer-Consumer-topic-68b2043b_6385_4788_a982_7346c8f66217-33, groupId=Consumer-topic-68b2043b_6385_4788_a982_7346c8f66217] Request joining group due to: consumer pro-actively leaving the group
2025-07-31 18:15:05,029 INFO  [org.apa.kaf.com.met.Metrics] (Thread-849) Metrics scheduler closed
2025-07-31 18:15:05,029 INFO  [org.apa.kaf.com.met.Metrics] (Thread-849) Closing reporter org.apache.kafka.common.metrics.JmxReporter
2025-07-31 18:15:05,029 INFO  [org.apa.kaf.com.met.Metrics] (Thread-849) Closing reporter org.apache.kafka.common.telemetry.internals.ClientTelemetryReporter
2025-07-31 18:15:05,029 INFO  [org.apa.kaf.com.met.Metrics] (Thread-849) Metrics reporters closed
2025-07-31 18:15:05,031 INFO  [org.apa.kaf.com.uti.AppInfoParser] (Thread-849) App info kafka.consumer for consumer-Consumer-topic-68b2043b_6385_4788_a982_7346c8f66217-33 unregistered
2025-07-31 18:15:05,052 INFO  [io.api.tes.ser.con.BasicConfluentSerDesIT] (main) Deleting confluent schema myrecordconfluent6
2025-07-31 18:15:05,065 INFO  [io.api.tes.uti.TestSeparator] (main) io.apicurio.tests.serdes.confluent.BasicConfluentSerDesIT.testAvroConfluentForMultipleTopics-FINISHED
2025-07-31 18:15:05,065 INFO  [io.api.tes.uti.TestSeparator] (main) ############################################################################
Test passed: testAvroConfluentForMultipleTopics
]]></system-out>
  </testcase>
  <testcase name="testAvroConfluentApicurio" classname="io.apicurio.tests.serdes.confluent.BasicConfluentSerDesIT" time="0.715">
    <system-out><![CDATA[2025-07-31 18:15:05,066 INFO  [io.api.tes.uti.TestSeparator] (main) ############################################################################
2025-07-31 18:15:05,066 INFO  [io.api.tes.uti.TestSeparator] (main) io.apicurio.tests.serdes.confluent.BasicConfluentSerDesIT.testAvroConfluentApicurio-STARTED
2025-07-31 18:15:05,105 INFO  [io.api.tes.ser.con.BasicConfluentSerDesIT] (main) Checking that created schema is equal to the get schema
2025-07-31 18:15:05,118 INFO  [io.api.tes.ser.con.BasicConfluentSerDesIT] (main) Created schema with id:49 and name:myrecordconfluent1
**** Registry Base URL: http://registry-app-postgresql.apps.ci419.apicurio-testing.org:80
2025-07-31 18:15:05,119 INFO  [org.apa.kaf.cli.pro.ProducerConfig] (main) ProducerConfig values: 
	acks = -1
	auto.include.jmx.reporter = true
	batch.size = 16384
	bootstrap.servers = [PLAINTEXT://localhost:32770]
	buffer.memory = 33554432
	client.dns.lookup = use_all_dns_ips
	client.id = Producer-topic-0890f06a_f57c_4b1c_a033_073533936066
	compression.gzip.level = -1
	compression.lz4.level = 9
	compression.type = none
	compression.zstd.level = 3
	connections.max.idle.ms = 10000
	delivery.timeout.ms = 120000
	enable.idempotence = true
	enable.metrics.push = true
	interceptor.classes = []
	key.serializer = class org.apache.kafka.common.serialization.StringSerializer
	linger.ms = 0
	max.block.ms = 60000
	max.in.flight.requests.per.connection = 5
	max.request.size = 1048576
	metadata.max.age.ms = 300000
	metadata.max.idle.ms = 300000
	metadata.recovery.strategy = none
	metric.reporters = []
	metrics.num.samples = 2
	metrics.recording.level = INFO
	metrics.sample.window.ms = 30000
	partitioner.adaptive.partitioning.enable = true
	partitioner.availability.timeout.ms = 0
	partitioner.class = null
	partitioner.ignore.keys = false
	receive.buffer.bytes = 32768
	reconnect.backoff.max.ms = 1000
	reconnect.backoff.ms = 50
	request.timeout.ms = 5000
	retries = 2147483647
	retry.backoff.max.ms = 1000
	retry.backoff.ms = 100
	sasl.client.callback.handler.class = null
	sasl.jaas.config = null
	sasl.kerberos.kinit.cmd = /usr/bin/kinit
	sasl.kerberos.min.time.before.relogin = 60000
	sasl.kerberos.service.name = null
	sasl.kerberos.ticket.renew.jitter = 0.05
	sasl.kerberos.ticket.renew.window.factor = 0.8
	sasl.login.callback.handler.class = null
	sasl.login.class = null
	sasl.login.connect.timeout.ms = null
	sasl.login.read.timeout.ms = null
	sasl.login.refresh.buffer.seconds = 300
	sasl.login.refresh.min.period.seconds = 60
	sasl.login.refresh.window.factor = 0.8
	sasl.login.refresh.window.jitter = 0.05
	sasl.login.retry.backoff.max.ms = 10000
	sasl.login.retry.backoff.ms = 100
	sasl.mechanism = GSSAPI
	sasl.oauthbearer.clock.skew.seconds = 30
	sasl.oauthbearer.expected.audience = null
	sasl.oauthbearer.expected.issuer = null
	sasl.oauthbearer.header.urlencode = false
	sasl.oauthbearer.jwks.endpoint.refresh.ms = 3600000
	sasl.oauthbearer.jwks.endpoint.retry.backoff.max.ms = 10000
	sasl.oauthbearer.jwks.endpoint.retry.backoff.ms = 100
	sasl.oauthbearer.jwks.endpoint.url = null
	sasl.oauthbearer.scope.claim.name = scope
	sasl.oauthbearer.sub.claim.name = sub
	sasl.oauthbearer.token.endpoint.url = null
	security.protocol = PLAINTEXT
	security.providers = null
	send.buffer.bytes = 131072
	socket.connection.setup.timeout.max.ms = 30000
	socket.connection.setup.timeout.ms = 10000
	ssl.cipher.suites = null
	ssl.enabled.protocols = [TLSv1.2, TLSv1.3]
	ssl.endpoint.identification.algorithm = https
	ssl.engine.factory.class = null
	ssl.key.password = null
	ssl.keymanager.algorithm = SunX509
	ssl.keystore.certificate.chain = null
	ssl.keystore.key = null
	ssl.keystore.location = null
	ssl.keystore.password = null
	ssl.keystore.type = JKS
	ssl.protocol = TLSv1.3
	ssl.provider = null
	ssl.secure.random.implementation = null
	ssl.trustmanager.algorithm = PKIX
	ssl.truststore.certificates = null
	ssl.truststore.location = null
	ssl.truststore.password = null
	ssl.truststore.type = JKS
	transaction.timeout.ms = 60000
	transactional.id = null
	value.serializer = class io.confluent.kafka.serializers.KafkaAvroSerializer

2025-07-31 18:15:05,122 INFO  [org.apa.kaf.com.tel.int.KafkaMetricsCollector] (main) initializing Kafka metrics collector
2025-07-31 18:15:05,122 INFO  [io.con.kaf.ser.KafkaAvroSerializerConfig] (main) KafkaAvroSerializerConfig values: 
	auto.register.schemas = false
	avro.reflection.allow.null = false
	avro.remove.java.properties = false
	avro.use.logical.type.converters = false
	basic.auth.credentials.source = URL
	basic.auth.user.info = [hidden]
	bearer.auth.cache.expiry.buffer.seconds = 300
	bearer.auth.client.id = null
	bearer.auth.client.secret = null
	bearer.auth.credentials.source = STATIC_TOKEN
	bearer.auth.custom.provider.class = null
	bearer.auth.identity.pool.id = null
	bearer.auth.issuer.endpoint.url = null
	bearer.auth.logical.cluster = null
	bearer.auth.scope = null
	bearer.auth.scope.claim.name = scope
	bearer.auth.sub.claim.name = sub
	bearer.auth.token = [hidden]
	context.name.strategy = class io.confluent.kafka.serializers.context.NullContextNameStrategy
	http.connect.timeout.ms = 60000
	http.read.timeout.ms = 60000
	id.compatibility.strict = true
	key.schema.id.deserializer = class io.confluent.kafka.serializers.schema.id.DualSchemaIdDeserializer
	key.schema.id.serializer = class io.confluent.kafka.serializers.schema.id.PrefixSchemaIdSerializer
	key.subject.name.strategy = class io.confluent.kafka.serializers.subject.TopicNameStrategy
	latest.cache.size = 1000
	latest.cache.ttl.sec = -1
	latest.compatibility.strict = true
	max.retries = 3
	max.schemas.per.subject = 1000
	normalize.schemas = false
	propagate.schema.tags = false
	proxy.host = 
	proxy.port = -1
	retries.max.wait.ms = 20000
	retries.wait.ms = 1000
	rule.actions = []
	rule.executors = []
	rule.service.loader.enable = true
	schema.format = null
	schema.reflection = false
	schema.registry.basic.auth.user.info = [hidden]
	schema.registry.ssl.cipher.suites = null
	schema.registry.ssl.enabled.protocols = [TLSv1.2, TLSv1.3]
	schema.registry.ssl.endpoint.identification.algorithm = https
	schema.registry.ssl.engine.factory.class = null
	schema.registry.ssl.key.password = null
	schema.registry.ssl.keymanager.algorithm = SunX509
	schema.registry.ssl.keystore.certificate.chain = null
	schema.registry.ssl.keystore.key = null
	schema.registry.ssl.keystore.location = null
	schema.registry.ssl.keystore.password = null
	schema.registry.ssl.keystore.type = JKS
	schema.registry.ssl.protocol = TLSv1.3
	schema.registry.ssl.provider = null
	schema.registry.ssl.secure.random.implementation = null
	schema.registry.ssl.trustmanager.algorithm = PKIX
	schema.registry.ssl.truststore.certificates = null
	schema.registry.ssl.truststore.location = null
	schema.registry.ssl.truststore.password = null
	schema.registry.ssl.truststore.type = JKS
	schema.registry.url = [http://registry-app-postgresql.apps.ci419.apicurio-testing.org:80/apis/ccompat/v7]
	schema.registry.url.randomize = false
	use.latest.version = false
	use.latest.with.metadata = null
	use.schema.id = -1
	value.schema.id.deserializer = class io.confluent.kafka.serializers.schema.id.DualSchemaIdDeserializer
	value.schema.id.serializer = class io.confluent.kafka.serializers.schema.id.PrefixSchemaIdSerializer
	value.subject.name.strategy = class io.confluent.kafka.serializers.subject.TopicNameStrategy

2025-07-31 18:15:05,129 INFO  [org.apa.kaf.cli.pro.KafkaProducer] (main) [Producer clientId=Producer-topic-0890f06a_f57c_4b1c_a033_073533936066] Instantiated an idempotent producer.
2025-07-31 18:15:05,131 INFO  [org.apa.kaf.cli.pro.ProducerConfig] (main) These configurations '[schema.registry.url, auto.register.schemas, value.subject.name.strategy]' were supplied but are not used yet.
2025-07-31 18:15:05,131 INFO  [org.apa.kaf.com.uti.AppInfoParser] (main) Kafka version: 3.9.1
2025-07-31 18:15:05,131 INFO  [org.apa.kaf.com.uti.AppInfoParser] (main) Kafka commitId: f745dfdcee2b9851
2025-07-31 18:15:05,131 INFO  [org.apa.kaf.com.uti.AppInfoParser] (main) Kafka startTimeMs: 1753985705131
2025-07-31 18:15:05,133 INFO  [io.api.tes.ser.api.SimpleSerdesTesterBuilder$SimpleSerdesTester] (main) Using producer configuration: {schema.registry.url=http://registry-app-postgresql.apps.ci419.apicurio-testing.org:80/apis/ccompat/v7, value.serializer=io.confluent.kafka.serializers.KafkaAvroSerializer, request.timeout.ms=5000, auto.register.schemas=false, acks=all, bootstrap.servers=PLAINTEXT://localhost:32770, connections.max.idle.ms=10000, key.serializer=org.apache.kafka.common.serialization.StringSerializer, value.subject.name.strategy=io.confluent.kafka.serializers.subject.TopicNameStrategy, client.id=Producer-topic-0890f06a_f57c_4b1c_a033_073533936066}
2025-07-31 18:15:05,133 INFO  [io.api.tes.ser.api.SimpleSerdesTesterBuilder$SimpleSerdesTester] (main) Using consumer configuration: {}
2025-07-31 18:15:05,134 INFO  [io.api.tes.ser.api.KafkaSerdesTester] (Thread-850) Sending message {"key1": "value-0"} to topic topic-0890f06a_f57c_4b1c_a033_073533936066
2025-07-31 18:15:05,140 INFO  [org.apa.kaf.cli.Metadata] (kafka-producer-network-thread | Producer-topic-0890f06a_f57c_4b1c_a033_073533936066) [Producer clientId=Producer-topic-0890f06a_f57c_4b1c_a033_073533936066] Cluster ID: UuE4P2bBQU2_qF9DHmdGkA
2025-07-31 18:15:05,140 INFO  [org.apa.kaf.cli.pro.int.TransactionManager] (kafka-producer-network-thread | Producer-topic-0890f06a_f57c_4b1c_a033_073533936066) [Producer clientId=Producer-topic-0890f06a_f57c_4b1c_a033_073533936066] ProducerId set to 46 with epoch 0
2025-07-31 18:15:05,160 INFO  [io.api.tes.ser.api.KafkaSerdesTester] (Thread-850) Sending message {"key1": "value-1"} to topic topic-0890f06a_f57c_4b1c_a033_073533936066
2025-07-31 18:15:05,162 INFO  [io.api.tes.ser.api.KafkaSerdesTester] (Thread-850) Sending message {"key1": "value-2"} to topic topic-0890f06a_f57c_4b1c_a033_073533936066
2025-07-31 18:15:05,163 INFO  [io.api.tes.ser.api.KafkaSerdesTester] (Thread-850) Sending message {"key1": "value-3"} to topic topic-0890f06a_f57c_4b1c_a033_073533936066
2025-07-31 18:15:05,164 INFO  [io.api.tes.ser.api.KafkaSerdesTester] (Thread-850) Sending message {"key1": "value-4"} to topic topic-0890f06a_f57c_4b1c_a033_073533936066
2025-07-31 18:15:05,165 INFO  [io.api.tes.ser.api.KafkaSerdesTester] (Thread-850) Sending message {"key1": "value-5"} to topic topic-0890f06a_f57c_4b1c_a033_073533936066
2025-07-31 18:15:05,166 INFO  [io.api.tes.ser.api.KafkaSerdesTester] (Thread-850) Sending message {"key1": "value-6"} to topic topic-0890f06a_f57c_4b1c_a033_073533936066
2025-07-31 18:15:05,169 INFO  [io.api.tes.ser.api.KafkaSerdesTester] (Thread-850) Sending message {"key1": "value-7"} to topic topic-0890f06a_f57c_4b1c_a033_073533936066
2025-07-31 18:15:05,172 INFO  [io.api.tes.ser.api.KafkaSerdesTester] (Thread-850) Sending message {"key1": "value-8"} to topic topic-0890f06a_f57c_4b1c_a033_073533936066
2025-07-31 18:15:05,173 INFO  [io.api.tes.ser.api.KafkaSerdesTester] (Thread-850) Sending message {"key1": "value-9"} to topic topic-0890f06a_f57c_4b1c_a033_073533936066
2025-07-31 18:15:05,174 INFO  [io.api.tes.ser.api.KafkaSerdesTester] (Thread-850) Produced 10 messages
2025-07-31 18:15:05,174 INFO  [org.apa.kaf.cli.pro.KafkaProducer] (Thread-850) [Producer clientId=Producer-topic-0890f06a_f57c_4b1c_a033_073533936066] Closing the Kafka producer with timeoutMillis = 9223372036854775807 ms.
2025-07-31 18:15:05,178 INFO  [org.apa.kaf.com.met.Metrics] (Thread-850) Metrics scheduler closed
2025-07-31 18:15:05,178 INFO  [org.apa.kaf.com.met.Metrics] (Thread-850) Closing reporter org.apache.kafka.common.metrics.JmxReporter
2025-07-31 18:15:05,178 INFO  [org.apa.kaf.com.met.Metrics] (Thread-850) Closing reporter org.apache.kafka.common.telemetry.internals.ClientTelemetryReporter
2025-07-31 18:15:05,178 INFO  [org.apa.kaf.com.met.Metrics] (Thread-850) Metrics reporters closed
2025-07-31 18:15:05,178 INFO  [org.apa.kaf.com.uti.AppInfoParser] (Thread-850) App info kafka.producer for Producer-topic-0890f06a_f57c_4b1c_a033_073533936066 unregistered
**** Registry Base URL: http://registry-app-postgresql.apps.ci419.apicurio-testing.org:80
2025-07-31 18:15:05,178 INFO  [org.apa.kaf.cli.con.ConsumerConfig] (main) ConsumerConfig values: 
	allow.auto.create.topics = true
	auto.commit.interval.ms = 500
	auto.include.jmx.reporter = true
	auto.offset.reset = earliest
	bootstrap.servers = [PLAINTEXT://localhost:32770]
	check.crcs = true
	client.dns.lookup = use_all_dns_ips
	client.id = consumer-Consumer-topic-0890f06a_f57c_4b1c_a033_073533936066-34
	client.rack = 
	connections.max.idle.ms = 10000
	default.api.timeout.ms = 60000
	enable.auto.commit = true
	enable.metrics.push = true
	exclude.internal.topics = true
	fetch.max.bytes = 52428800
	fetch.max.wait.ms = 500
	fetch.min.bytes = 1
	group.id = Consumer-topic-0890f06a_f57c_4b1c_a033_073533936066
	group.instance.id = null
	group.protocol = classic
	group.remote.assignor = null
	heartbeat.interval.ms = 3000
	interceptor.classes = []
	internal.leave.group.on.close = true
	internal.throw.on.fetch.stable.offset.unsupported = false
	isolation.level = read_uncommitted
	key.deserializer = class org.apache.kafka.common.serialization.StringDeserializer
	max.partition.fetch.bytes = 1048576
	max.poll.interval.ms = 300000
	max.poll.records = 500
	metadata.max.age.ms = 300000
	metadata.recovery.strategy = none
	metric.reporters = []
	metrics.num.samples = 2
	metrics.recording.level = INFO
	metrics.sample.window.ms = 30000
	partition.assignment.strategy = [class org.apache.kafka.clients.consumer.RangeAssignor, class org.apache.kafka.clients.consumer.CooperativeStickyAssignor]
	receive.buffer.bytes = 65536
	reconnect.backoff.max.ms = 1000
	reconnect.backoff.ms = 50
	request.timeout.ms = 5000
	retry.backoff.max.ms = 1000
	retry.backoff.ms = 100
	sasl.client.callback.handler.class = null
	sasl.jaas.config = null
	sasl.kerberos.kinit.cmd = /usr/bin/kinit
	sasl.kerberos.min.time.before.relogin = 60000
	sasl.kerberos.service.name = null
	sasl.kerberos.ticket.renew.jitter = 0.05
	sasl.kerberos.ticket.renew.window.factor = 0.8
	sasl.login.callback.handler.class = null
	sasl.login.class = null
	sasl.login.connect.timeout.ms = null
	sasl.login.read.timeout.ms = null
	sasl.login.refresh.buffer.seconds = 300
	sasl.login.refresh.min.period.seconds = 60
	sasl.login.refresh.window.factor = 0.8
	sasl.login.refresh.window.jitter = 0.05
	sasl.login.retry.backoff.max.ms = 10000
	sasl.login.retry.backoff.ms = 100
	sasl.mechanism = GSSAPI
	sasl.oauthbearer.clock.skew.seconds = 30
	sasl.oauthbearer.expected.audience = null
	sasl.oauthbearer.expected.issuer = null
	sasl.oauthbearer.header.urlencode = false
	sasl.oauthbearer.jwks.endpoint.refresh.ms = 3600000
	sasl.oauthbearer.jwks.endpoint.retry.backoff.max.ms = 10000
	sasl.oauthbearer.jwks.endpoint.retry.backoff.ms = 100
	sasl.oauthbearer.jwks.endpoint.url = null
	sasl.oauthbearer.scope.claim.name = scope
	sasl.oauthbearer.sub.claim.name = sub
	sasl.oauthbearer.token.endpoint.url = null
	security.protocol = PLAINTEXT
	security.providers = null
	send.buffer.bytes = 131072
	session.timeout.ms = 45000
	socket.connection.setup.timeout.max.ms = 30000
	socket.connection.setup.timeout.ms = 10000
	ssl.cipher.suites = null
	ssl.enabled.protocols = [TLSv1.2, TLSv1.3]
	ssl.endpoint.identification.algorithm = https
	ssl.engine.factory.class = null
	ssl.key.password = null
	ssl.keymanager.algorithm = SunX509
	ssl.keystore.certificate.chain = null
	ssl.keystore.key = null
	ssl.keystore.location = null
	ssl.keystore.password = null
	ssl.keystore.type = JKS
	ssl.protocol = TLSv1.3
	ssl.provider = null
	ssl.secure.random.implementation = null
	ssl.trustmanager.algorithm = PKIX
	ssl.truststore.certificates = null
	ssl.truststore.location = null
	ssl.truststore.password = null
	ssl.truststore.type = JKS
	value.deserializer = class io.apicurio.registry.serde.avro.AvroKafkaDeserializer

2025-07-31 18:15:05,181 INFO  [org.apa.kaf.com.tel.int.KafkaMetricsCollector] (main) initializing Kafka metrics collector
2025-07-31 18:15:05,193 INFO  [org.apa.kaf.cli.con.ConsumerConfig] (main) These configurations '[apicurio.registry.url]' were supplied but are not used yet.
2025-07-31 18:15:05,193 INFO  [org.apa.kaf.com.uti.AppInfoParser] (main) Kafka version: 3.9.1
2025-07-31 18:15:05,193 INFO  [org.apa.kaf.com.uti.AppInfoParser] (main) Kafka commitId: f745dfdcee2b9851
2025-07-31 18:15:05,193 INFO  [org.apa.kaf.com.uti.AppInfoParser] (main) Kafka startTimeMs: 1753985705193
2025-07-31 18:15:05,194 INFO  [org.apa.kaf.cli.con.int.ClassicKafkaConsumer] (Thread-853) [Consumer clientId=consumer-Consumer-topic-0890f06a_f57c_4b1c_a033_073533936066-34, groupId=Consumer-topic-0890f06a_f57c_4b1c_a033_073533936066] Subscribed to topic(s): topic-0890f06a_f57c_4b1c_a033_073533936066
2025-07-31 18:15:05,200 INFO  [org.apa.kaf.cli.Metadata] (Thread-853) [Consumer clientId=consumer-Consumer-topic-0890f06a_f57c_4b1c_a033_073533936066-34, groupId=Consumer-topic-0890f06a_f57c_4b1c_a033_073533936066] Cluster ID: UuE4P2bBQU2_qF9DHmdGkA
2025-07-31 18:15:05,200 INFO  [org.apa.kaf.cli.con.int.ConsumerCoordinator] (Thread-853) [Consumer clientId=consumer-Consumer-topic-0890f06a_f57c_4b1c_a033_073533936066-34, groupId=Consumer-topic-0890f06a_f57c_4b1c_a033_073533936066] Discovered group coordinator localhost:32770 (id: 2147483647 rack: null)
2025-07-31 18:15:05,205 INFO  [org.apa.kaf.cli.con.int.ConsumerCoordinator] (Thread-853) [Consumer clientId=consumer-Consumer-topic-0890f06a_f57c_4b1c_a033_073533936066-34, groupId=Consumer-topic-0890f06a_f57c_4b1c_a033_073533936066] (Re-)joining group
2025-07-31 18:15:05,207 INFO  [org.apa.kaf.cli.con.int.ConsumerCoordinator] (Thread-853) [Consumer clientId=consumer-Consumer-topic-0890f06a_f57c_4b1c_a033_073533936066-34, groupId=Consumer-topic-0890f06a_f57c_4b1c_a033_073533936066] Request joining group due to: need to re-join with the given member-id: consumer-Consumer-topic-0890f06a_f57c_4b1c_a033_073533936066-34-c663fc2c-5dff-4bce-ad2b-e238137487c9
2025-07-31 18:15:05,207 INFO  [org.apa.kaf.cli.con.int.ConsumerCoordinator] (Thread-853) [Consumer clientId=consumer-Consumer-topic-0890f06a_f57c_4b1c_a033_073533936066-34, groupId=Consumer-topic-0890f06a_f57c_4b1c_a033_073533936066] (Re-)joining group
2025-07-31 18:15:05,210 INFO  [org.apa.kaf.cli.con.int.ConsumerCoordinator] (Thread-853) [Consumer clientId=consumer-Consumer-topic-0890f06a_f57c_4b1c_a033_073533936066-34, groupId=Consumer-topic-0890f06a_f57c_4b1c_a033_073533936066] Successfully joined group with generation Generation{generationId=1, memberId='consumer-Consumer-topic-0890f06a_f57c_4b1c_a033_073533936066-34-c663fc2c-5dff-4bce-ad2b-e238137487c9', protocol='range'}
2025-07-31 18:15:05,210 INFO  [org.apa.kaf.cli.con.int.ConsumerCoordinator] (Thread-853) [Consumer clientId=consumer-Consumer-topic-0890f06a_f57c_4b1c_a033_073533936066-34, groupId=Consumer-topic-0890f06a_f57c_4b1c_a033_073533936066] Finished assignment for group at generation 1: {consumer-Consumer-topic-0890f06a_f57c_4b1c_a033_073533936066-34-c663fc2c-5dff-4bce-ad2b-e238137487c9=Assignment(partitions=[topic-0890f06a_f57c_4b1c_a033_073533936066-0])}
2025-07-31 18:15:05,213 INFO  [org.apa.kaf.cli.con.int.ConsumerCoordinator] (Thread-853) [Consumer clientId=consumer-Consumer-topic-0890f06a_f57c_4b1c_a033_073533936066-34, groupId=Consumer-topic-0890f06a_f57c_4b1c_a033_073533936066] Successfully synced group in generation Generation{generationId=1, memberId='consumer-Consumer-topic-0890f06a_f57c_4b1c_a033_073533936066-34-c663fc2c-5dff-4bce-ad2b-e238137487c9', protocol='range'}
2025-07-31 18:15:05,214 INFO  [org.apa.kaf.cli.con.int.ConsumerCoordinator] (Thread-853) [Consumer clientId=consumer-Consumer-topic-0890f06a_f57c_4b1c_a033_073533936066-34, groupId=Consumer-topic-0890f06a_f57c_4b1c_a033_073533936066] Notifying assignor about the new Assignment(partitions=[topic-0890f06a_f57c_4b1c_a033_073533936066-0])
2025-07-31 18:15:05,214 INFO  [org.apa.kaf.cli.con.int.ConsumerRebalanceListenerInvoker] (Thread-853) [Consumer clientId=consumer-Consumer-topic-0890f06a_f57c_4b1c_a033_073533936066-34, groupId=Consumer-topic-0890f06a_f57c_4b1c_a033_073533936066] Adding newly assigned partitions: topic-0890f06a_f57c_4b1c_a033_073533936066-0
2025-07-31 18:15:05,214 INFO  [org.apa.kaf.cli.con.int.ConsumerCoordinator] (Thread-853) [Consumer clientId=consumer-Consumer-topic-0890f06a_f57c_4b1c_a033_073533936066-34, groupId=Consumer-topic-0890f06a_f57c_4b1c_a033_073533936066] Found no committed offset for partition topic-0890f06a_f57c_4b1c_a033_073533936066-0
2025-07-31 18:15:05,217 INFO  [org.apa.kaf.cli.con.int.SubscriptionState] (Thread-853) [Consumer clientId=consumer-Consumer-topic-0890f06a_f57c_4b1c_a033_073533936066-34, groupId=Consumer-topic-0890f06a_f57c_4b1c_a033_073533936066] Resetting offset for partition topic-0890f06a_f57c_4b1c_a033_073533936066-0 to position FetchPosition{offset=0, offsetEpoch=Optional.empty, currentLeader=LeaderAndEpoch{leader=Optional[localhost:32770 (id: 0 rack: null)], epoch=0}}.
2025-07-31 18:15:05,245 INFO  [io.api.tes.ser.api.KafkaSerdesTester] (Thread-853) topic-0890f06a_f57c_4b1c_a033_073533936066 0 0 {"key1": "value-0"}
2025-07-31 18:15:05,245 INFO  [io.api.tes.ser.api.KafkaSerdesTester] (Thread-853) topic-0890f06a_f57c_4b1c_a033_073533936066 0 1 {"key1": "value-1"}
2025-07-31 18:15:05,245 INFO  [io.api.tes.ser.api.KafkaSerdesTester] (Thread-853) topic-0890f06a_f57c_4b1c_a033_073533936066 0 2 {"key1": "value-2"}
2025-07-31 18:15:05,245 INFO  [io.api.tes.ser.api.KafkaSerdesTester] (Thread-853) topic-0890f06a_f57c_4b1c_a033_073533936066 0 3 {"key1": "value-3"}
2025-07-31 18:15:05,245 INFO  [io.api.tes.ser.api.KafkaSerdesTester] (Thread-853) topic-0890f06a_f57c_4b1c_a033_073533936066 0 4 {"key1": "value-4"}
2025-07-31 18:15:05,245 INFO  [io.api.tes.ser.api.KafkaSerdesTester] (Thread-853) topic-0890f06a_f57c_4b1c_a033_073533936066 0 5 {"key1": "value-5"}
2025-07-31 18:15:05,245 INFO  [io.api.tes.ser.api.KafkaSerdesTester] (Thread-853) topic-0890f06a_f57c_4b1c_a033_073533936066 0 6 {"key1": "value-6"}
2025-07-31 18:15:05,245 INFO  [io.api.tes.ser.api.KafkaSerdesTester] (Thread-853) topic-0890f06a_f57c_4b1c_a033_073533936066 0 7 {"key1": "value-7"}
2025-07-31 18:15:05,245 INFO  [io.api.tes.ser.api.KafkaSerdesTester] (Thread-853) topic-0890f06a_f57c_4b1c_a033_073533936066 0 8 {"key1": "value-8"}
2025-07-31 18:15:05,245 INFO  [io.api.tes.ser.api.KafkaSerdesTester] (Thread-853) topic-0890f06a_f57c_4b1c_a033_073533936066 0 9 {"key1": "value-9"}
2025-07-31 18:15:05,245 INFO  [io.api.tes.ser.api.KafkaSerdesTester] (Thread-853) Consumed 10 messages
2025-07-31 18:15:05,248 INFO  [org.apa.kaf.cli.con.int.ConsumerRebalanceListenerInvoker] (Thread-853) [Consumer clientId=consumer-Consumer-topic-0890f06a_f57c_4b1c_a033_073533936066-34, groupId=Consumer-topic-0890f06a_f57c_4b1c_a033_073533936066] Revoke previously assigned partitions topic-0890f06a_f57c_4b1c_a033_073533936066-0
2025-07-31 18:15:05,248 INFO  [org.apa.kaf.cli.con.int.ConsumerCoordinator] (Thread-853) [Consumer clientId=consumer-Consumer-topic-0890f06a_f57c_4b1c_a033_073533936066-34, groupId=Consumer-topic-0890f06a_f57c_4b1c_a033_073533936066] Member consumer-Consumer-topic-0890f06a_f57c_4b1c_a033_073533936066-34-c663fc2c-5dff-4bce-ad2b-e238137487c9 sending LeaveGroup request to coordinator localhost:32770 (id: 2147483647 rack: null) due to the consumer is being closed
2025-07-31 18:15:05,250 INFO  [org.apa.kaf.cli.con.int.ConsumerCoordinator] (Thread-853) [Consumer clientId=consumer-Consumer-topic-0890f06a_f57c_4b1c_a033_073533936066-34, groupId=Consumer-topic-0890f06a_f57c_4b1c_a033_073533936066] Resetting generation and member id due to: consumer pro-actively leaving the group
2025-07-31 18:15:05,250 INFO  [org.apa.kaf.cli.con.int.ConsumerCoordinator] (Thread-853) [Consumer clientId=consumer-Consumer-topic-0890f06a_f57c_4b1c_a033_073533936066-34, groupId=Consumer-topic-0890f06a_f57c_4b1c_a033_073533936066] Request joining group due to: consumer pro-actively leaving the group
2025-07-31 18:15:05,747 INFO  [org.apa.kaf.com.met.Metrics] (Thread-853) Metrics scheduler closed
2025-07-31 18:15:05,747 INFO  [org.apa.kaf.com.met.Metrics] (Thread-853) Closing reporter org.apache.kafka.common.metrics.JmxReporter
2025-07-31 18:15:05,747 INFO  [org.apa.kaf.com.met.Metrics] (Thread-853) Closing reporter org.apache.kafka.common.telemetry.internals.ClientTelemetryReporter
2025-07-31 18:15:05,748 INFO  [org.apa.kaf.com.met.Metrics] (Thread-853) Metrics reporters closed
2025-07-31 18:15:05,750 INFO  [org.apa.kaf.com.uti.AppInfoParser] (Thread-853) App info kafka.consumer for consumer-Consumer-topic-0890f06a_f57c_4b1c_a033_073533936066-34 unregistered
2025-07-31 18:15:05,768 INFO  [io.api.tes.ser.con.BasicConfluentSerDesIT] (main) Deleting confluent schema topic-0890f06a_f57c_4b1c_a033_073533936066-value
2025-07-31 18:15:05,781 INFO  [io.api.tes.uti.TestSeparator] (main) io.apicurio.tests.serdes.confluent.BasicConfluentSerDesIT.testAvroConfluentApicurio-FINISHED
2025-07-31 18:15:05,781 INFO  [io.api.tes.uti.TestSeparator] (main) ############################################################################
Test passed: testAvroConfluentApicurio
]]></system-out>
  </testcase>
  <testcase name="testAvroConfluentSerDesWrongStrategyTopic" classname="io.apicurio.tests.serdes.confluent.BasicConfluentSerDesIT" time="0.115">
    <system-out><![CDATA[2025-07-31 18:15:05,782 INFO  [io.api.tes.uti.TestSeparator] (main) ############################################################################
2025-07-31 18:15:05,782 INFO  [io.api.tes.uti.TestSeparator] (main) io.apicurio.tests.serdes.confluent.BasicConfluentSerDesIT.testAvroConfluentSerDesWrongStrategyTopic-STARTED
2025-07-31 18:15:05,824 INFO  [io.api.tes.ser.con.BasicConfluentSerDesIT] (main) Checking that created schema is equal to the get schema
2025-07-31 18:15:05,841 INFO  [io.api.tes.ser.con.BasicConfluentSerDesIT] (main) Created schema with id:50 and name:myrecordconfluent3
**** Registry Base URL: http://registry-app-postgresql.apps.ci419.apicurio-testing.org:80
2025-07-31 18:15:05,841 INFO  [org.apa.kaf.cli.pro.ProducerConfig] (main) ProducerConfig values: 
	acks = -1
	auto.include.jmx.reporter = true
	batch.size = 16384
	bootstrap.servers = [PLAINTEXT://localhost:32770]
	buffer.memory = 33554432
	client.dns.lookup = use_all_dns_ips
	client.id = Producer-topic-8beab639_8212_4872_9bc5_21daaa854da2
	compression.gzip.level = -1
	compression.lz4.level = 9
	compression.type = none
	compression.zstd.level = 3
	connections.max.idle.ms = 10000
	delivery.timeout.ms = 120000
	enable.idempotence = true
	enable.metrics.push = true
	interceptor.classes = []
	key.serializer = class org.apache.kafka.common.serialization.StringSerializer
	linger.ms = 0
	max.block.ms = 60000
	max.in.flight.requests.per.connection = 5
	max.request.size = 1048576
	metadata.max.age.ms = 300000
	metadata.max.idle.ms = 300000
	metadata.recovery.strategy = none
	metric.reporters = []
	metrics.num.samples = 2
	metrics.recording.level = INFO
	metrics.sample.window.ms = 30000
	partitioner.adaptive.partitioning.enable = true
	partitioner.availability.timeout.ms = 0
	partitioner.class = null
	partitioner.ignore.keys = false
	receive.buffer.bytes = 32768
	reconnect.backoff.max.ms = 1000
	reconnect.backoff.ms = 50
	request.timeout.ms = 5000
	retries = 2147483647
	retry.backoff.max.ms = 1000
	retry.backoff.ms = 100
	sasl.client.callback.handler.class = null
	sasl.jaas.config = null
	sasl.kerberos.kinit.cmd = /usr/bin/kinit
	sasl.kerberos.min.time.before.relogin = 60000
	sasl.kerberos.service.name = null
	sasl.kerberos.ticket.renew.jitter = 0.05
	sasl.kerberos.ticket.renew.window.factor = 0.8
	sasl.login.callback.handler.class = null
	sasl.login.class = null
	sasl.login.connect.timeout.ms = null
	sasl.login.read.timeout.ms = null
	sasl.login.refresh.buffer.seconds = 300
	sasl.login.refresh.min.period.seconds = 60
	sasl.login.refresh.window.factor = 0.8
	sasl.login.refresh.window.jitter = 0.05
	sasl.login.retry.backoff.max.ms = 10000
	sasl.login.retry.backoff.ms = 100
	sasl.mechanism = GSSAPI
	sasl.oauthbearer.clock.skew.seconds = 30
	sasl.oauthbearer.expected.audience = null
	sasl.oauthbearer.expected.issuer = null
	sasl.oauthbearer.header.urlencode = false
	sasl.oauthbearer.jwks.endpoint.refresh.ms = 3600000
	sasl.oauthbearer.jwks.endpoint.retry.backoff.max.ms = 10000
	sasl.oauthbearer.jwks.endpoint.retry.backoff.ms = 100
	sasl.oauthbearer.jwks.endpoint.url = null
	sasl.oauthbearer.scope.claim.name = scope
	sasl.oauthbearer.sub.claim.name = sub
	sasl.oauthbearer.token.endpoint.url = null
	security.protocol = PLAINTEXT
	security.providers = null
	send.buffer.bytes = 131072
	socket.connection.setup.timeout.max.ms = 30000
	socket.connection.setup.timeout.ms = 10000
	ssl.cipher.suites = null
	ssl.enabled.protocols = [TLSv1.2, TLSv1.3]
	ssl.endpoint.identification.algorithm = https
	ssl.engine.factory.class = null
	ssl.key.password = null
	ssl.keymanager.algorithm = SunX509
	ssl.keystore.certificate.chain = null
	ssl.keystore.key = null
	ssl.keystore.location = null
	ssl.keystore.password = null
	ssl.keystore.type = JKS
	ssl.protocol = TLSv1.3
	ssl.provider = null
	ssl.secure.random.implementation = null
	ssl.trustmanager.algorithm = PKIX
	ssl.truststore.certificates = null
	ssl.truststore.location = null
	ssl.truststore.password = null
	ssl.truststore.type = JKS
	transaction.timeout.ms = 60000
	transactional.id = null
	value.serializer = class io.confluent.kafka.serializers.KafkaAvroSerializer

2025-07-31 18:15:05,841 INFO  [org.apa.kaf.com.tel.int.KafkaMetricsCollector] (main) initializing Kafka metrics collector
2025-07-31 18:15:05,842 INFO  [io.con.kaf.ser.KafkaAvroSerializerConfig] (main) KafkaAvroSerializerConfig values: 
	auto.register.schemas = false
	avro.reflection.allow.null = false
	avro.remove.java.properties = false
	avro.use.logical.type.converters = false
	basic.auth.credentials.source = URL
	basic.auth.user.info = [hidden]
	bearer.auth.cache.expiry.buffer.seconds = 300
	bearer.auth.client.id = null
	bearer.auth.client.secret = null
	bearer.auth.credentials.source = STATIC_TOKEN
	bearer.auth.custom.provider.class = null
	bearer.auth.identity.pool.id = null
	bearer.auth.issuer.endpoint.url = null
	bearer.auth.logical.cluster = null
	bearer.auth.scope = null
	bearer.auth.scope.claim.name = scope
	bearer.auth.sub.claim.name = sub
	bearer.auth.token = [hidden]
	context.name.strategy = class io.confluent.kafka.serializers.context.NullContextNameStrategy
	http.connect.timeout.ms = 60000
	http.read.timeout.ms = 60000
	id.compatibility.strict = true
	key.schema.id.deserializer = class io.confluent.kafka.serializers.schema.id.DualSchemaIdDeserializer
	key.schema.id.serializer = class io.confluent.kafka.serializers.schema.id.PrefixSchemaIdSerializer
	key.subject.name.strategy = class io.confluent.kafka.serializers.subject.TopicNameStrategy
	latest.cache.size = 1000
	latest.cache.ttl.sec = -1
	latest.compatibility.strict = true
	max.retries = 3
	max.schemas.per.subject = 1000
	normalize.schemas = false
	propagate.schema.tags = false
	proxy.host = 
	proxy.port = -1
	retries.max.wait.ms = 20000
	retries.wait.ms = 1000
	rule.actions = []
	rule.executors = []
	rule.service.loader.enable = true
	schema.format = null
	schema.reflection = false
	schema.registry.basic.auth.user.info = [hidden]
	schema.registry.ssl.cipher.suites = null
	schema.registry.ssl.enabled.protocols = [TLSv1.2, TLSv1.3]
	schema.registry.ssl.endpoint.identification.algorithm = https
	schema.registry.ssl.engine.factory.class = null
	schema.registry.ssl.key.password = null
	schema.registry.ssl.keymanager.algorithm = SunX509
	schema.registry.ssl.keystore.certificate.chain = null
	schema.registry.ssl.keystore.key = null
	schema.registry.ssl.keystore.location = null
	schema.registry.ssl.keystore.password = null
	schema.registry.ssl.keystore.type = JKS
	schema.registry.ssl.protocol = TLSv1.3
	schema.registry.ssl.provider = null
	schema.registry.ssl.secure.random.implementation = null
	schema.registry.ssl.trustmanager.algorithm = PKIX
	schema.registry.ssl.truststore.certificates = null
	schema.registry.ssl.truststore.location = null
	schema.registry.ssl.truststore.password = null
	schema.registry.ssl.truststore.type = JKS
	schema.registry.url = [http://registry-app-postgresql.apps.ci419.apicurio-testing.org:80/apis/ccompat/v7]
	schema.registry.url.randomize = false
	use.latest.version = false
	use.latest.with.metadata = null
	use.schema.id = -1
	value.schema.id.deserializer = class io.confluent.kafka.serializers.schema.id.DualSchemaIdDeserializer
	value.schema.id.serializer = class io.confluent.kafka.serializers.schema.id.PrefixSchemaIdSerializer
	value.subject.name.strategy = class io.confluent.kafka.serializers.subject.TopicNameStrategy

2025-07-31 18:15:05,843 INFO  [org.apa.kaf.cli.pro.KafkaProducer] (main) [Producer clientId=Producer-topic-8beab639_8212_4872_9bc5_21daaa854da2] Instantiated an idempotent producer.
2025-07-31 18:15:05,844 INFO  [org.apa.kaf.cli.pro.ProducerConfig] (main) These configurations '[schema.registry.url, auto.register.schemas, value.subject.name.strategy]' were supplied but are not used yet.
2025-07-31 18:15:05,844 INFO  [org.apa.kaf.com.uti.AppInfoParser] (main) Kafka version: 3.9.1
2025-07-31 18:15:05,844 INFO  [org.apa.kaf.com.uti.AppInfoParser] (main) Kafka commitId: f745dfdcee2b9851
2025-07-31 18:15:05,844 INFO  [org.apa.kaf.com.uti.AppInfoParser] (main) Kafka startTimeMs: 1753985705844
2025-07-31 18:15:05,845 INFO  [io.api.tes.ser.api.KafkaSerdesTester] (Thread-854) Sending message {"key1": "value-0"} to topic topic-8beab639_8212_4872_9bc5_21daaa854da2
2025-07-31 18:15:05,848 INFO  [org.apa.kaf.cli.Metadata] (kafka-producer-network-thread | Producer-topic-8beab639_8212_4872_9bc5_21daaa854da2) [Producer clientId=Producer-topic-8beab639_8212_4872_9bc5_21daaa854da2] Cluster ID: UuE4P2bBQU2_qF9DHmdGkA
2025-07-31 18:15:05,849 INFO  [org.apa.kaf.cli.pro.int.TransactionManager] (kafka-producer-network-thread | Producer-topic-8beab639_8212_4872_9bc5_21daaa854da2) [Producer clientId=Producer-topic-8beab639_8212_4872_9bc5_21daaa854da2] ProducerId set to 47 with epoch 0
2025-07-31 18:15:05,864 INFO  [org.apa.kaf.cli.pro.KafkaProducer] (Thread-854) [Producer clientId=Producer-topic-8beab639_8212_4872_9bc5_21daaa854da2] Closing the Kafka producer with timeoutMillis = 9223372036854775807 ms.
2025-07-31 18:15:05,866 INFO  [org.apa.kaf.com.met.Metrics] (Thread-854) Metrics scheduler closed
2025-07-31 18:15:05,866 INFO  [org.apa.kaf.com.met.Metrics] (Thread-854) Closing reporter org.apache.kafka.common.metrics.JmxReporter
2025-07-31 18:15:05,866 INFO  [org.apa.kaf.com.met.Metrics] (Thread-854) Closing reporter org.apache.kafka.common.telemetry.internals.ClientTelemetryReporter
2025-07-31 18:15:05,866 INFO  [org.apa.kaf.com.met.Metrics] (Thread-854) Metrics reporters closed
2025-07-31 18:15:05,866 INFO  [org.apa.kaf.com.uti.AppInfoParser] (Thread-854) App info kafka.producer for Producer-topic-8beab639_8212_4872_9bc5_21daaa854da2 unregistered
2025-07-31 18:15:05,884 INFO  [io.api.tes.ser.con.BasicConfluentSerDesIT] (main) Deleting confluent schema myrecordconfluent3
2025-07-31 18:15:05,896 INFO  [io.api.tes.uti.TestSeparator] (main) io.apicurio.tests.serdes.confluent.BasicConfluentSerDesIT.testAvroConfluentSerDesWrongStrategyTopic-FINISHED
2025-07-31 18:15:05,896 INFO  [io.api.tes.uti.TestSeparator] (main) ############################################################################
Test passed: testAvroConfluentSerDesWrongStrategyTopic
]]></system-out>
  </testcase>
  <testcase name="testAvroApicurioConfluent" classname="io.apicurio.tests.serdes.confluent.BasicConfluentSerDesIT" time="1.678">
    <system-out><![CDATA[2025-07-31 18:15:05,897 INFO  [io.api.tes.uti.TestSeparator] (main) ############################################################################
2025-07-31 18:15:05,897 INFO  [io.api.tes.uti.TestSeparator] (main) io.apicurio.tests.serdes.confluent.BasicConfluentSerDesIT.testAvroApicurioConfluent-STARTED
**** Registry Base URL: http://registry-app-postgresql.apps.ci419.apicurio-testing.org:80
2025-07-31 18:15:06,938 INFO  [org.apa.kaf.cli.pro.ProducerConfig] (main) ProducerConfig values: 
	acks = -1
	auto.include.jmx.reporter = true
	batch.size = 16384
	bootstrap.servers = [PLAINTEXT://localhost:32770]
	buffer.memory = 33554432
	client.dns.lookup = use_all_dns_ips
	client.id = Producer-topic-0c9dc927_e4d5_4941_bfbd_6f7d6836f9a9
	compression.gzip.level = -1
	compression.lz4.level = 9
	compression.type = none
	compression.zstd.level = 3
	connections.max.idle.ms = 10000
	delivery.timeout.ms = 120000
	enable.idempotence = true
	enable.metrics.push = true
	interceptor.classes = []
	key.serializer = class org.apache.kafka.common.serialization.StringSerializer
	linger.ms = 0
	max.block.ms = 60000
	max.in.flight.requests.per.connection = 5
	max.request.size = 1048576
	metadata.max.age.ms = 300000
	metadata.max.idle.ms = 300000
	metadata.recovery.strategy = none
	metric.reporters = []
	metrics.num.samples = 2
	metrics.recording.level = INFO
	metrics.sample.window.ms = 30000
	partitioner.adaptive.partitioning.enable = true
	partitioner.availability.timeout.ms = 0
	partitioner.class = null
	partitioner.ignore.keys = false
	receive.buffer.bytes = 32768
	reconnect.backoff.max.ms = 1000
	reconnect.backoff.ms = 50
	request.timeout.ms = 5000
	retries = 2147483647
	retry.backoff.max.ms = 1000
	retry.backoff.ms = 100
	sasl.client.callback.handler.class = null
	sasl.jaas.config = null
	sasl.kerberos.kinit.cmd = /usr/bin/kinit
	sasl.kerberos.min.time.before.relogin = 60000
	sasl.kerberos.service.name = null
	sasl.kerberos.ticket.renew.jitter = 0.05
	sasl.kerberos.ticket.renew.window.factor = 0.8
	sasl.login.callback.handler.class = null
	sasl.login.class = null
	sasl.login.connect.timeout.ms = null
	sasl.login.read.timeout.ms = null
	sasl.login.refresh.buffer.seconds = 300
	sasl.login.refresh.min.period.seconds = 60
	sasl.login.refresh.window.factor = 0.8
	sasl.login.refresh.window.jitter = 0.05
	sasl.login.retry.backoff.max.ms = 10000
	sasl.login.retry.backoff.ms = 100
	sasl.mechanism = GSSAPI
	sasl.oauthbearer.clock.skew.seconds = 30
	sasl.oauthbearer.expected.audience = null
	sasl.oauthbearer.expected.issuer = null
	sasl.oauthbearer.header.urlencode = false
	sasl.oauthbearer.jwks.endpoint.refresh.ms = 3600000
	sasl.oauthbearer.jwks.endpoint.retry.backoff.max.ms = 10000
	sasl.oauthbearer.jwks.endpoint.retry.backoff.ms = 100
	sasl.oauthbearer.jwks.endpoint.url = null
	sasl.oauthbearer.scope.claim.name = scope
	sasl.oauthbearer.sub.claim.name = sub
	sasl.oauthbearer.token.endpoint.url = null
	security.protocol = PLAINTEXT
	security.providers = null
	send.buffer.bytes = 131072
	socket.connection.setup.timeout.max.ms = 30000
	socket.connection.setup.timeout.ms = 10000
	ssl.cipher.suites = null
	ssl.enabled.protocols = [TLSv1.2, TLSv1.3]
	ssl.endpoint.identification.algorithm = https
	ssl.engine.factory.class = null
	ssl.key.password = null
	ssl.keymanager.algorithm = SunX509
	ssl.keystore.certificate.chain = null
	ssl.keystore.key = null
	ssl.keystore.location = null
	ssl.keystore.password = null
	ssl.keystore.type = JKS
	ssl.protocol = TLSv1.3
	ssl.provider = null
	ssl.secure.random.implementation = null
	ssl.trustmanager.algorithm = PKIX
	ssl.truststore.certificates = null
	ssl.truststore.location = null
	ssl.truststore.password = null
	ssl.truststore.type = JKS
	transaction.timeout.ms = 60000
	transactional.id = null
	value.serializer = class io.apicurio.registry.serde.avro.AvroKafkaSerializer

2025-07-31 18:15:06,938 INFO  [org.apa.kaf.com.tel.int.KafkaMetricsCollector] (main) initializing Kafka metrics collector
2025-07-31 18:15:06,941 INFO  [org.apa.kaf.cli.pro.KafkaProducer] (main) [Producer clientId=Producer-topic-0c9dc927_e4d5_4941_bfbd_6f7d6836f9a9] Instantiated an idempotent producer.
2025-07-31 18:15:06,943 INFO  [org.apa.kaf.cli.pro.ProducerConfig] (main) These configurations '[apicurio.registry.url, apicurio.registry.artifact-resolver-strategy]' were supplied but are not used yet.
2025-07-31 18:15:06,943 INFO  [org.apa.kaf.com.uti.AppInfoParser] (main) Kafka version: 3.9.1
2025-07-31 18:15:06,943 INFO  [org.apa.kaf.com.uti.AppInfoParser] (main) Kafka commitId: f745dfdcee2b9851
2025-07-31 18:15:06,943 INFO  [org.apa.kaf.com.uti.AppInfoParser] (main) Kafka startTimeMs: 1753985706943
2025-07-31 18:15:06,943 INFO  [io.api.tes.ser.api.SimpleSerdesTesterBuilder$SimpleSerdesTester] (main) Using producer configuration: {apicurio.registry.url=http://registry-app-postgresql.apps.ci419.apicurio-testing.org:80/apis/registry/v3, apicurio.registry.artifact-resolver-strategy=io.apicurio.registry.serde.strategy.TopicIdStrategy, value.serializer=io.apicurio.registry.serde.avro.AvroKafkaSerializer, request.timeout.ms=5000, acks=all, bootstrap.servers=PLAINTEXT://localhost:32770, connections.max.idle.ms=10000, key.serializer=org.apache.kafka.common.serialization.StringSerializer, client.id=Producer-topic-0c9dc927_e4d5_4941_bfbd_6f7d6836f9a9}
2025-07-31 18:15:06,943 INFO  [io.api.tes.ser.api.SimpleSerdesTesterBuilder$SimpleSerdesTester] (main) Using consumer configuration: {}
2025-07-31 18:15:06,945 INFO  [io.api.tes.ser.api.KafkaSerdesTester] (Thread-857) Sending message {"key1": "value-0"} to topic topic-0c9dc927_e4d5_4941_bfbd_6f7d6836f9a9
2025-07-31 18:15:06,950 INFO  [org.apa.kaf.cli.Metadata] (kafka-producer-network-thread | Producer-topic-0c9dc927_e4d5_4941_bfbd_6f7d6836f9a9) [Producer clientId=Producer-topic-0c9dc927_e4d5_4941_bfbd_6f7d6836f9a9] Cluster ID: UuE4P2bBQU2_qF9DHmdGkA
2025-07-31 18:15:06,950 INFO  [org.apa.kaf.cli.pro.int.TransactionManager] (kafka-producer-network-thread | Producer-topic-0c9dc927_e4d5_4941_bfbd_6f7d6836f9a9) [Producer clientId=Producer-topic-0c9dc927_e4d5_4941_bfbd_6f7d6836f9a9] ProducerId set to 48 with epoch 0
2025-07-31 18:15:06,950 INFO  [DefaultSchemaResolver] (Thread-857) Retrieving schema content using string: {"type":"record","name":"myrecordconfluent1","fields":[{"name":"key1","type":"string"}]}
2025-07-31 18:15:06,975 INFO  [io.api.tes.ser.api.KafkaSerdesTester] (Thread-857) Sending message {"key1": "value-1"} to topic topic-0c9dc927_e4d5_4941_bfbd_6f7d6836f9a9
2025-07-31 18:15:06,976 INFO  [io.api.tes.ser.api.KafkaSerdesTester] (Thread-857) Sending message {"key1": "value-2"} to topic topic-0c9dc927_e4d5_4941_bfbd_6f7d6836f9a9
2025-07-31 18:15:06,977 INFO  [io.api.tes.ser.api.KafkaSerdesTester] (Thread-857) Sending message {"key1": "value-3"} to topic topic-0c9dc927_e4d5_4941_bfbd_6f7d6836f9a9
2025-07-31 18:15:06,978 INFO  [io.api.tes.ser.api.KafkaSerdesTester] (Thread-857) Sending message {"key1": "value-4"} to topic topic-0c9dc927_e4d5_4941_bfbd_6f7d6836f9a9
2025-07-31 18:15:06,979 INFO  [io.api.tes.ser.api.KafkaSerdesTester] (Thread-857) Sending message {"key1": "value-5"} to topic topic-0c9dc927_e4d5_4941_bfbd_6f7d6836f9a9
2025-07-31 18:15:06,983 INFO  [io.api.tes.ser.api.KafkaSerdesTester] (Thread-857) Sending message {"key1": "value-6"} to topic topic-0c9dc927_e4d5_4941_bfbd_6f7d6836f9a9
2025-07-31 18:15:06,986 INFO  [io.api.tes.ser.api.KafkaSerdesTester] (Thread-857) Sending message {"key1": "value-7"} to topic topic-0c9dc927_e4d5_4941_bfbd_6f7d6836f9a9
2025-07-31 18:15:06,989 INFO  [io.api.tes.ser.api.KafkaSerdesTester] (Thread-857) Sending message {"key1": "value-8"} to topic topic-0c9dc927_e4d5_4941_bfbd_6f7d6836f9a9
2025-07-31 18:15:06,990 INFO  [io.api.tes.ser.api.KafkaSerdesTester] (Thread-857) Sending message {"key1": "value-9"} to topic topic-0c9dc927_e4d5_4941_bfbd_6f7d6836f9a9
2025-07-31 18:15:06,992 INFO  [io.api.tes.ser.api.KafkaSerdesTester] (Thread-857) Produced 10 messages
2025-07-31 18:15:06,992 INFO  [org.apa.kaf.cli.pro.KafkaProducer] (Thread-857) [Producer clientId=Producer-topic-0c9dc927_e4d5_4941_bfbd_6f7d6836f9a9] Closing the Kafka producer with timeoutMillis = 9223372036854775807 ms.
2025-07-31 18:15:06,995 INFO  [org.apa.kaf.com.met.Metrics] (Thread-857) Metrics scheduler closed
2025-07-31 18:15:06,995 INFO  [org.apa.kaf.com.met.Metrics] (Thread-857) Closing reporter org.apache.kafka.common.metrics.JmxReporter
2025-07-31 18:15:06,995 INFO  [org.apa.kaf.com.met.Metrics] (Thread-857) Closing reporter org.apache.kafka.common.telemetry.internals.ClientTelemetryReporter
2025-07-31 18:15:06,995 INFO  [org.apa.kaf.com.met.Metrics] (Thread-857) Metrics reporters closed
2025-07-31 18:15:06,995 INFO  [org.apa.kaf.com.uti.AppInfoParser] (Thread-857) App info kafka.producer for Producer-topic-0c9dc927_e4d5_4941_bfbd_6f7d6836f9a9 unregistered
**** Registry Base URL: http://registry-app-postgresql.apps.ci419.apicurio-testing.org:80
2025-07-31 18:15:06,997 INFO  [org.apa.kaf.cli.con.ConsumerConfig] (main) ConsumerConfig values: 
	allow.auto.create.topics = true
	auto.commit.interval.ms = 500
	auto.include.jmx.reporter = true
	auto.offset.reset = earliest
	bootstrap.servers = [PLAINTEXT://localhost:32770]
	check.crcs = true
	client.dns.lookup = use_all_dns_ips
	client.id = consumer-Consumer-topic-0c9dc927_e4d5_4941_bfbd_6f7d6836f9a9-35
	client.rack = 
	connections.max.idle.ms = 10000
	default.api.timeout.ms = 60000
	enable.auto.commit = true
	enable.metrics.push = true
	exclude.internal.topics = true
	fetch.max.bytes = 52428800
	fetch.max.wait.ms = 500
	fetch.min.bytes = 1
	group.id = Consumer-topic-0c9dc927_e4d5_4941_bfbd_6f7d6836f9a9
	group.instance.id = null
	group.protocol = classic
	group.remote.assignor = null
	heartbeat.interval.ms = 3000
	interceptor.classes = []
	internal.leave.group.on.close = true
	internal.throw.on.fetch.stable.offset.unsupported = false
	isolation.level = read_uncommitted
	key.deserializer = class org.apache.kafka.common.serialization.StringDeserializer
	max.partition.fetch.bytes = 1048576
	max.poll.interval.ms = 300000
	max.poll.records = 500
	metadata.max.age.ms = 300000
	metadata.recovery.strategy = none
	metric.reporters = []
	metrics.num.samples = 2
	metrics.recording.level = INFO
	metrics.sample.window.ms = 30000
	partition.assignment.strategy = [class org.apache.kafka.clients.consumer.RangeAssignor, class org.apache.kafka.clients.consumer.CooperativeStickyAssignor]
	receive.buffer.bytes = 65536
	reconnect.backoff.max.ms = 1000
	reconnect.backoff.ms = 50
	request.timeout.ms = 5000
	retry.backoff.max.ms = 1000
	retry.backoff.ms = 100
	sasl.client.callback.handler.class = null
	sasl.jaas.config = null
	sasl.kerberos.kinit.cmd = /usr/bin/kinit
	sasl.kerberos.min.time.before.relogin = 60000
	sasl.kerberos.service.name = null
	sasl.kerberos.ticket.renew.jitter = 0.05
	sasl.kerberos.ticket.renew.window.factor = 0.8
	sasl.login.callback.handler.class = null
	sasl.login.class = null
	sasl.login.connect.timeout.ms = null
	sasl.login.read.timeout.ms = null
	sasl.login.refresh.buffer.seconds = 300
	sasl.login.refresh.min.period.seconds = 60
	sasl.login.refresh.window.factor = 0.8
	sasl.login.refresh.window.jitter = 0.05
	sasl.login.retry.backoff.max.ms = 10000
	sasl.login.retry.backoff.ms = 100
	sasl.mechanism = GSSAPI
	sasl.oauthbearer.clock.skew.seconds = 30
	sasl.oauthbearer.expected.audience = null
	sasl.oauthbearer.expected.issuer = null
	sasl.oauthbearer.header.urlencode = false
	sasl.oauthbearer.jwks.endpoint.refresh.ms = 3600000
	sasl.oauthbearer.jwks.endpoint.retry.backoff.max.ms = 10000
	sasl.oauthbearer.jwks.endpoint.retry.backoff.ms = 100
	sasl.oauthbearer.jwks.endpoint.url = null
	sasl.oauthbearer.scope.claim.name = scope
	sasl.oauthbearer.sub.claim.name = sub
	sasl.oauthbearer.token.endpoint.url = null
	security.protocol = PLAINTEXT
	security.providers = null
	send.buffer.bytes = 131072
	session.timeout.ms = 45000
	socket.connection.setup.timeout.max.ms = 30000
	socket.connection.setup.timeout.ms = 10000
	ssl.cipher.suites = null
	ssl.enabled.protocols = [TLSv1.2, TLSv1.3]
	ssl.endpoint.identification.algorithm = https
	ssl.engine.factory.class = null
	ssl.key.password = null
	ssl.keymanager.algorithm = SunX509
	ssl.keystore.certificate.chain = null
	ssl.keystore.key = null
	ssl.keystore.location = null
	ssl.keystore.password = null
	ssl.keystore.type = JKS
	ssl.protocol = TLSv1.3
	ssl.provider = null
	ssl.secure.random.implementation = null
	ssl.trustmanager.algorithm = PKIX
	ssl.truststore.certificates = null
	ssl.truststore.location = null
	ssl.truststore.password = null
	ssl.truststore.type = JKS
	value.deserializer = class io.confluent.kafka.serializers.KafkaAvroDeserializer

2025-07-31 18:15:06,997 INFO  [org.apa.kaf.com.tel.int.KafkaMetricsCollector] (main) initializing Kafka metrics collector
2025-07-31 18:15:06,998 INFO  [io.con.kaf.ser.KafkaAvroDeserializerConfig] (main) KafkaAvroDeserializerConfig values: 
	auto.register.schemas = true
	avro.reflection.allow.null = false
	avro.use.logical.type.converters = false
	basic.auth.credentials.source = URL
	basic.auth.user.info = [hidden]
	bearer.auth.cache.expiry.buffer.seconds = 300
	bearer.auth.client.id = null
	bearer.auth.client.secret = null
	bearer.auth.credentials.source = STATIC_TOKEN
	bearer.auth.custom.provider.class = null
	bearer.auth.identity.pool.id = null
	bearer.auth.issuer.endpoint.url = null
	bearer.auth.logical.cluster = null
	bearer.auth.scope = null
	bearer.auth.scope.claim.name = scope
	bearer.auth.sub.claim.name = sub
	bearer.auth.token = [hidden]
	context.name.strategy = class io.confluent.kafka.serializers.context.NullContextNameStrategy
	http.connect.timeout.ms = 60000
	http.read.timeout.ms = 60000
	id.compatibility.strict = true
	key.schema.id.deserializer = class io.confluent.kafka.serializers.schema.id.DualSchemaIdDeserializer
	key.schema.id.serializer = class io.confluent.kafka.serializers.schema.id.PrefixSchemaIdSerializer
	key.subject.name.strategy = class io.confluent.kafka.serializers.subject.TopicNameStrategy
	latest.cache.size = 1000
	latest.cache.ttl.sec = -1
	latest.compatibility.strict = true
	max.retries = 3
	max.schemas.per.subject = 1000
	normalize.schemas = false
	propagate.schema.tags = false
	proxy.host = 
	proxy.port = -1
	retries.max.wait.ms = 20000
	retries.wait.ms = 1000
	rule.actions = []
	rule.executors = []
	rule.service.loader.enable = true
	schema.format = null
	schema.reflection = false
	schema.registry.basic.auth.user.info = [hidden]
	schema.registry.ssl.cipher.suites = null
	schema.registry.ssl.enabled.protocols = [TLSv1.2, TLSv1.3]
	schema.registry.ssl.endpoint.identification.algorithm = https
	schema.registry.ssl.engine.factory.class = null
	schema.registry.ssl.key.password = null
	schema.registry.ssl.keymanager.algorithm = SunX509
	schema.registry.ssl.keystore.certificate.chain = null
	schema.registry.ssl.keystore.key = null
	schema.registry.ssl.keystore.location = null
	schema.registry.ssl.keystore.password = null
	schema.registry.ssl.keystore.type = JKS
	schema.registry.ssl.protocol = TLSv1.3
	schema.registry.ssl.provider = null
	schema.registry.ssl.secure.random.implementation = null
	schema.registry.ssl.trustmanager.algorithm = PKIX
	schema.registry.ssl.truststore.certificates = null
	schema.registry.ssl.truststore.location = null
	schema.registry.ssl.truststore.password = null
	schema.registry.ssl.truststore.type = JKS
	schema.registry.url = [http://registry-app-postgresql.apps.ci419.apicurio-testing.org:80/apis/ccompat/v7]
	schema.registry.url.randomize = false
	specific.avro.key.type = null
	specific.avro.reader = false
	specific.avro.value.type = null
	use.latest.version = false
	use.latest.with.metadata = null
	use.schema.id = -1
	value.schema.id.deserializer = class io.confluent.kafka.serializers.schema.id.DualSchemaIdDeserializer
	value.schema.id.serializer = class io.confluent.kafka.serializers.schema.id.PrefixSchemaIdSerializer
	value.subject.name.strategy = class io.confluent.kafka.serializers.subject.TopicNameStrategy

2025-07-31 18:15:07,006 INFO  [org.apa.kaf.cli.con.ConsumerConfig] (main) These configurations '[schema.registry.url]' were supplied but are not used yet.
2025-07-31 18:15:07,006 INFO  [org.apa.kaf.com.uti.AppInfoParser] (main) Kafka version: 3.9.1
2025-07-31 18:15:07,006 INFO  [org.apa.kaf.com.uti.AppInfoParser] (main) Kafka commitId: f745dfdcee2b9851
2025-07-31 18:15:07,006 INFO  [org.apa.kaf.com.uti.AppInfoParser] (main) Kafka startTimeMs: 1753985707006
2025-07-31 18:15:07,006 INFO  [org.apa.kaf.cli.con.int.ClassicKafkaConsumer] (Thread-858) [Consumer clientId=consumer-Consumer-topic-0c9dc927_e4d5_4941_bfbd_6f7d6836f9a9-35, groupId=Consumer-topic-0c9dc927_e4d5_4941_bfbd_6f7d6836f9a9] Subscribed to topic(s): topic-0c9dc927_e4d5_4941_bfbd_6f7d6836f9a9
2025-07-31 18:15:07,011 INFO  [org.apa.kaf.cli.Metadata] (Thread-858) [Consumer clientId=consumer-Consumer-topic-0c9dc927_e4d5_4941_bfbd_6f7d6836f9a9-35, groupId=Consumer-topic-0c9dc927_e4d5_4941_bfbd_6f7d6836f9a9] Cluster ID: UuE4P2bBQU2_qF9DHmdGkA
2025-07-31 18:15:07,011 INFO  [org.apa.kaf.cli.con.int.ConsumerCoordinator] (Thread-858) [Consumer clientId=consumer-Consumer-topic-0c9dc927_e4d5_4941_bfbd_6f7d6836f9a9-35, groupId=Consumer-topic-0c9dc927_e4d5_4941_bfbd_6f7d6836f9a9] Discovered group coordinator localhost:32770 (id: 2147483647 rack: null)
2025-07-31 18:15:07,012 INFO  [org.apa.kaf.cli.con.int.ConsumerCoordinator] (Thread-858) [Consumer clientId=consumer-Consumer-topic-0c9dc927_e4d5_4941_bfbd_6f7d6836f9a9-35, groupId=Consumer-topic-0c9dc927_e4d5_4941_bfbd_6f7d6836f9a9] (Re-)joining group
2025-07-31 18:15:07,014 INFO  [org.apa.kaf.cli.con.int.ConsumerCoordinator] (Thread-858) [Consumer clientId=consumer-Consumer-topic-0c9dc927_e4d5_4941_bfbd_6f7d6836f9a9-35, groupId=Consumer-topic-0c9dc927_e4d5_4941_bfbd_6f7d6836f9a9] Request joining group due to: need to re-join with the given member-id: consumer-Consumer-topic-0c9dc927_e4d5_4941_bfbd_6f7d6836f9a9-35-2d8584f0-c510-4c05-985b-ecedc7e07bbc
2025-07-31 18:15:07,014 INFO  [org.apa.kaf.cli.con.int.ConsumerCoordinator] (Thread-858) [Consumer clientId=consumer-Consumer-topic-0c9dc927_e4d5_4941_bfbd_6f7d6836f9a9-35, groupId=Consumer-topic-0c9dc927_e4d5_4941_bfbd_6f7d6836f9a9] (Re-)joining group
2025-07-31 18:15:07,016 INFO  [org.apa.kaf.cli.con.int.ConsumerCoordinator] (Thread-858) [Consumer clientId=consumer-Consumer-topic-0c9dc927_e4d5_4941_bfbd_6f7d6836f9a9-35, groupId=Consumer-topic-0c9dc927_e4d5_4941_bfbd_6f7d6836f9a9] Successfully joined group with generation Generation{generationId=1, memberId='consumer-Consumer-topic-0c9dc927_e4d5_4941_bfbd_6f7d6836f9a9-35-2d8584f0-c510-4c05-985b-ecedc7e07bbc', protocol='range'}
2025-07-31 18:15:07,017 INFO  [org.apa.kaf.cli.con.int.ConsumerCoordinator] (Thread-858) [Consumer clientId=consumer-Consumer-topic-0c9dc927_e4d5_4941_bfbd_6f7d6836f9a9-35, groupId=Consumer-topic-0c9dc927_e4d5_4941_bfbd_6f7d6836f9a9] Finished assignment for group at generation 1: {consumer-Consumer-topic-0c9dc927_e4d5_4941_bfbd_6f7d6836f9a9-35-2d8584f0-c510-4c05-985b-ecedc7e07bbc=Assignment(partitions=[topic-0c9dc927_e4d5_4941_bfbd_6f7d6836f9a9-0])}
2025-07-31 18:15:07,019 INFO  [org.apa.kaf.cli.con.int.ConsumerCoordinator] (Thread-858) [Consumer clientId=consumer-Consumer-topic-0c9dc927_e4d5_4941_bfbd_6f7d6836f9a9-35, groupId=Consumer-topic-0c9dc927_e4d5_4941_bfbd_6f7d6836f9a9] Successfully synced group in generation Generation{generationId=1, memberId='consumer-Consumer-topic-0c9dc927_e4d5_4941_bfbd_6f7d6836f9a9-35-2d8584f0-c510-4c05-985b-ecedc7e07bbc', protocol='range'}
2025-07-31 18:15:07,019 INFO  [org.apa.kaf.cli.con.int.ConsumerCoordinator] (Thread-858) [Consumer clientId=consumer-Consumer-topic-0c9dc927_e4d5_4941_bfbd_6f7d6836f9a9-35, groupId=Consumer-topic-0c9dc927_e4d5_4941_bfbd_6f7d6836f9a9] Notifying assignor about the new Assignment(partitions=[topic-0c9dc927_e4d5_4941_bfbd_6f7d6836f9a9-0])
2025-07-31 18:15:07,019 INFO  [org.apa.kaf.cli.con.int.ConsumerRebalanceListenerInvoker] (Thread-858) [Consumer clientId=consumer-Consumer-topic-0c9dc927_e4d5_4941_bfbd_6f7d6836f9a9-35, groupId=Consumer-topic-0c9dc927_e4d5_4941_bfbd_6f7d6836f9a9] Adding newly assigned partitions: topic-0c9dc927_e4d5_4941_bfbd_6f7d6836f9a9-0
2025-07-31 18:15:07,020 INFO  [org.apa.kaf.cli.con.int.ConsumerCoordinator] (Thread-858) [Consumer clientId=consumer-Consumer-topic-0c9dc927_e4d5_4941_bfbd_6f7d6836f9a9-35, groupId=Consumer-topic-0c9dc927_e4d5_4941_bfbd_6f7d6836f9a9] Found no committed offset for partition topic-0c9dc927_e4d5_4941_bfbd_6f7d6836f9a9-0
2025-07-31 18:15:07,023 INFO  [org.apa.kaf.cli.con.int.SubscriptionState] (Thread-858) [Consumer clientId=consumer-Consumer-topic-0c9dc927_e4d5_4941_bfbd_6f7d6836f9a9-35, groupId=Consumer-topic-0c9dc927_e4d5_4941_bfbd_6f7d6836f9a9] Resetting offset for partition topic-0c9dc927_e4d5_4941_bfbd_6f7d6836f9a9-0 to position FetchPosition{offset=0, offsetEpoch=Optional.empty, currentLeader=LeaderAndEpoch{leader=Optional[localhost:32770 (id: 0 rack: null)], epoch=0}}.
2025-07-31 18:15:07,036 INFO  [io.api.tes.ser.api.KafkaSerdesTester] (Thread-858) topic-0c9dc927_e4d5_4941_bfbd_6f7d6836f9a9 0 0 {"key1": "value-0"}
2025-07-31 18:15:07,036 INFO  [io.api.tes.ser.api.KafkaSerdesTester] (Thread-858) topic-0c9dc927_e4d5_4941_bfbd_6f7d6836f9a9 0 1 {"key1": "value-1"}
2025-07-31 18:15:07,036 INFO  [io.api.tes.ser.api.KafkaSerdesTester] (Thread-858) topic-0c9dc927_e4d5_4941_bfbd_6f7d6836f9a9 0 2 {"key1": "value-2"}
2025-07-31 18:15:07,036 INFO  [io.api.tes.ser.api.KafkaSerdesTester] (Thread-858) topic-0c9dc927_e4d5_4941_bfbd_6f7d6836f9a9 0 3 {"key1": "value-3"}
2025-07-31 18:15:07,036 INFO  [io.api.tes.ser.api.KafkaSerdesTester] (Thread-858) topic-0c9dc927_e4d5_4941_bfbd_6f7d6836f9a9 0 4 {"key1": "value-4"}
2025-07-31 18:15:07,036 INFO  [io.api.tes.ser.api.KafkaSerdesTester] (Thread-858) topic-0c9dc927_e4d5_4941_bfbd_6f7d6836f9a9 0 5 {"key1": "value-5"}
2025-07-31 18:15:07,036 INFO  [io.api.tes.ser.api.KafkaSerdesTester] (Thread-858) topic-0c9dc927_e4d5_4941_bfbd_6f7d6836f9a9 0 6 {"key1": "value-6"}
2025-07-31 18:15:07,036 INFO  [io.api.tes.ser.api.KafkaSerdesTester] (Thread-858) topic-0c9dc927_e4d5_4941_bfbd_6f7d6836f9a9 0 7 {"key1": "value-7"}
2025-07-31 18:15:07,036 INFO  [io.api.tes.ser.api.KafkaSerdesTester] (Thread-858) topic-0c9dc927_e4d5_4941_bfbd_6f7d6836f9a9 0 8 {"key1": "value-8"}
2025-07-31 18:15:07,036 INFO  [io.api.tes.ser.api.KafkaSerdesTester] (Thread-858) topic-0c9dc927_e4d5_4941_bfbd_6f7d6836f9a9 0 9 {"key1": "value-9"}
2025-07-31 18:15:07,036 INFO  [io.api.tes.ser.api.KafkaSerdesTester] (Thread-858) Consumed 10 messages
2025-07-31 18:15:07,038 INFO  [org.apa.kaf.cli.con.int.ConsumerRebalanceListenerInvoker] (Thread-858) [Consumer clientId=consumer-Consumer-topic-0c9dc927_e4d5_4941_bfbd_6f7d6836f9a9-35, groupId=Consumer-topic-0c9dc927_e4d5_4941_bfbd_6f7d6836f9a9] Revoke previously assigned partitions topic-0c9dc927_e4d5_4941_bfbd_6f7d6836f9a9-0
2025-07-31 18:15:07,038 INFO  [org.apa.kaf.cli.con.int.ConsumerCoordinator] (Thread-858) [Consumer clientId=consumer-Consumer-topic-0c9dc927_e4d5_4941_bfbd_6f7d6836f9a9-35, groupId=Consumer-topic-0c9dc927_e4d5_4941_bfbd_6f7d6836f9a9] Member consumer-Consumer-topic-0c9dc927_e4d5_4941_bfbd_6f7d6836f9a9-35-2d8584f0-c510-4c05-985b-ecedc7e07bbc sending LeaveGroup request to coordinator localhost:32770 (id: 2147483647 rack: null) due to the consumer is being closed
2025-07-31 18:15:07,038 INFO  [org.apa.kaf.cli.con.int.ConsumerCoordinator] (Thread-858) [Consumer clientId=consumer-Consumer-topic-0c9dc927_e4d5_4941_bfbd_6f7d6836f9a9-35, groupId=Consumer-topic-0c9dc927_e4d5_4941_bfbd_6f7d6836f9a9] Resetting generation and member id due to: consumer pro-actively leaving the group
2025-07-31 18:15:07,038 INFO  [org.apa.kaf.cli.con.int.ConsumerCoordinator] (Thread-858) [Consumer clientId=consumer-Consumer-topic-0c9dc927_e4d5_4941_bfbd_6f7d6836f9a9-35, groupId=Consumer-topic-0c9dc927_e4d5_4941_bfbd_6f7d6836f9a9] Request joining group due to: consumer pro-actively leaving the group
2025-07-31 18:15:07,537 INFO  [org.apa.kaf.com.met.Metrics] (Thread-858) Metrics scheduler closed
2025-07-31 18:15:07,537 INFO  [org.apa.kaf.com.met.Metrics] (Thread-858) Closing reporter org.apache.kafka.common.metrics.JmxReporter
2025-07-31 18:15:07,538 INFO  [org.apa.kaf.com.met.Metrics] (Thread-858) Closing reporter org.apache.kafka.common.telemetry.internals.ClientTelemetryReporter
2025-07-31 18:15:07,538 INFO  [org.apa.kaf.com.met.Metrics] (Thread-858) Metrics reporters closed
2025-07-31 18:15:07,541 INFO  [org.apa.kaf.com.uti.AppInfoParser] (Thread-858) App info kafka.consumer for consumer-Consumer-topic-0c9dc927_e4d5_4941_bfbd_6f7d6836f9a9-35 unregistered
2025-07-31 18:15:07,560 INFO  [io.api.tes.ser.con.BasicConfluentSerDesIT] (main) Deleting confluent schema topic-0c9dc927_e4d5_4941_bfbd_6f7d6836f9a9-value
2025-07-31 18:15:07,574 INFO  [io.api.tes.uti.TestSeparator] (main) io.apicurio.tests.serdes.confluent.BasicConfluentSerDesIT.testAvroApicurioConfluent-FINISHED
2025-07-31 18:15:07,574 INFO  [io.api.tes.uti.TestSeparator] (main) ############################################################################
Test passed: testAvroApicurioConfluent
]]></system-out>
  </testcase>
  <testcase name="testAvroConfluentSerDesFail" classname="io.apicurio.tests.serdes.confluent.BasicConfluentSerDesIT" time="0.111">
    <system-out><![CDATA[2025-07-31 18:15:07,575 INFO  [io.api.tes.uti.TestSeparator] (main) ############################################################################
2025-07-31 18:15:07,575 INFO  [io.api.tes.uti.TestSeparator] (main) io.apicurio.tests.serdes.confluent.BasicConfluentSerDesIT.testAvroConfluentSerDesFail-STARTED
2025-07-31 18:15:07,624 INFO  [io.api.tes.ser.con.BasicConfluentSerDesIT] (main) Checking that created schema is equal to the get schema
2025-07-31 18:15:07,635 INFO  [io.api.tes.ser.con.BasicConfluentSerDesIT] (main) Created schema with id:52 and name:myrecordconfluent2
**** Registry Base URL: http://registry-app-postgresql.apps.ci419.apicurio-testing.org:80
2025-07-31 18:15:07,636 INFO  [org.apa.kaf.cli.pro.ProducerConfig] (main) ProducerConfig values: 
	acks = -1
	auto.include.jmx.reporter = true
	batch.size = 16384
	bootstrap.servers = [PLAINTEXT://localhost:32770]
	buffer.memory = 33554432
	client.dns.lookup = use_all_dns_ips
	client.id = Producer-topic-6a460efa_eea2_4a74_9078_7e0422924a4a
	compression.gzip.level = -1
	compression.lz4.level = 9
	compression.type = none
	compression.zstd.level = 3
	connections.max.idle.ms = 10000
	delivery.timeout.ms = 120000
	enable.idempotence = true
	enable.metrics.push = true
	interceptor.classes = []
	key.serializer = class org.apache.kafka.common.serialization.StringSerializer
	linger.ms = 0
	max.block.ms = 60000
	max.in.flight.requests.per.connection = 5
	max.request.size = 1048576
	metadata.max.age.ms = 300000
	metadata.max.idle.ms = 300000
	metadata.recovery.strategy = none
	metric.reporters = []
	metrics.num.samples = 2
	metrics.recording.level = INFO
	metrics.sample.window.ms = 30000
	partitioner.adaptive.partitioning.enable = true
	partitioner.availability.timeout.ms = 0
	partitioner.class = null
	partitioner.ignore.keys = false
	receive.buffer.bytes = 32768
	reconnect.backoff.max.ms = 1000
	reconnect.backoff.ms = 50
	request.timeout.ms = 5000
	retries = 2147483647
	retry.backoff.max.ms = 1000
	retry.backoff.ms = 100
	sasl.client.callback.handler.class = null
	sasl.jaas.config = null
	sasl.kerberos.kinit.cmd = /usr/bin/kinit
	sasl.kerberos.min.time.before.relogin = 60000
	sasl.kerberos.service.name = null
	sasl.kerberos.ticket.renew.jitter = 0.05
	sasl.kerberos.ticket.renew.window.factor = 0.8
	sasl.login.callback.handler.class = null
	sasl.login.class = null
	sasl.login.connect.timeout.ms = null
	sasl.login.read.timeout.ms = null
	sasl.login.refresh.buffer.seconds = 300
	sasl.login.refresh.min.period.seconds = 60
	sasl.login.refresh.window.factor = 0.8
	sasl.login.refresh.window.jitter = 0.05
	sasl.login.retry.backoff.max.ms = 10000
	sasl.login.retry.backoff.ms = 100
	sasl.mechanism = GSSAPI
	sasl.oauthbearer.clock.skew.seconds = 30
	sasl.oauthbearer.expected.audience = null
	sasl.oauthbearer.expected.issuer = null
	sasl.oauthbearer.header.urlencode = false
	sasl.oauthbearer.jwks.endpoint.refresh.ms = 3600000
	sasl.oauthbearer.jwks.endpoint.retry.backoff.max.ms = 10000
	sasl.oauthbearer.jwks.endpoint.retry.backoff.ms = 100
	sasl.oauthbearer.jwks.endpoint.url = null
	sasl.oauthbearer.scope.claim.name = scope
	sasl.oauthbearer.sub.claim.name = sub
	sasl.oauthbearer.token.endpoint.url = null
	security.protocol = PLAINTEXT
	security.providers = null
	send.buffer.bytes = 131072
	socket.connection.setup.timeout.max.ms = 30000
	socket.connection.setup.timeout.ms = 10000
	ssl.cipher.suites = null
	ssl.enabled.protocols = [TLSv1.2, TLSv1.3]
	ssl.endpoint.identification.algorithm = https
	ssl.engine.factory.class = null
	ssl.key.password = null
	ssl.keymanager.algorithm = SunX509
	ssl.keystore.certificate.chain = null
	ssl.keystore.key = null
	ssl.keystore.location = null
	ssl.keystore.password = null
	ssl.keystore.type = JKS
	ssl.protocol = TLSv1.3
	ssl.provider = null
	ssl.secure.random.implementation = null
	ssl.trustmanager.algorithm = PKIX
	ssl.truststore.certificates = null
	ssl.truststore.location = null
	ssl.truststore.password = null
	ssl.truststore.type = JKS
	transaction.timeout.ms = 60000
	transactional.id = null
	value.serializer = class io.confluent.kafka.serializers.KafkaAvroSerializer

2025-07-31 18:15:07,636 INFO  [org.apa.kaf.com.tel.int.KafkaMetricsCollector] (main) initializing Kafka metrics collector
2025-07-31 18:15:07,636 INFO  [io.con.kaf.ser.KafkaAvroSerializerConfig] (main) KafkaAvroSerializerConfig values: 
	auto.register.schemas = false
	avro.reflection.allow.null = false
	avro.remove.java.properties = false
	avro.use.logical.type.converters = false
	basic.auth.credentials.source = URL
	basic.auth.user.info = [hidden]
	bearer.auth.cache.expiry.buffer.seconds = 300
	bearer.auth.client.id = null
	bearer.auth.client.secret = null
	bearer.auth.credentials.source = STATIC_TOKEN
	bearer.auth.custom.provider.class = null
	bearer.auth.identity.pool.id = null
	bearer.auth.issuer.endpoint.url = null
	bearer.auth.logical.cluster = null
	bearer.auth.scope = null
	bearer.auth.scope.claim.name = scope
	bearer.auth.sub.claim.name = sub
	bearer.auth.token = [hidden]
	context.name.strategy = class io.confluent.kafka.serializers.context.NullContextNameStrategy
	http.connect.timeout.ms = 60000
	http.read.timeout.ms = 60000
	id.compatibility.strict = true
	key.schema.id.deserializer = class io.confluent.kafka.serializers.schema.id.DualSchemaIdDeserializer
	key.schema.id.serializer = class io.confluent.kafka.serializers.schema.id.PrefixSchemaIdSerializer
	key.subject.name.strategy = class io.confluent.kafka.serializers.subject.TopicNameStrategy
	latest.cache.size = 1000
	latest.cache.ttl.sec = -1
	latest.compatibility.strict = true
	max.retries = 3
	max.schemas.per.subject = 1000
	normalize.schemas = false
	propagate.schema.tags = false
	proxy.host = 
	proxy.port = -1
	retries.max.wait.ms = 20000
	retries.wait.ms = 1000
	rule.actions = []
	rule.executors = []
	rule.service.loader.enable = true
	schema.format = null
	schema.reflection = false
	schema.registry.basic.auth.user.info = [hidden]
	schema.registry.ssl.cipher.suites = null
	schema.registry.ssl.enabled.protocols = [TLSv1.2, TLSv1.3]
	schema.registry.ssl.endpoint.identification.algorithm = https
	schema.registry.ssl.engine.factory.class = null
	schema.registry.ssl.key.password = null
	schema.registry.ssl.keymanager.algorithm = SunX509
	schema.registry.ssl.keystore.certificate.chain = null
	schema.registry.ssl.keystore.key = null
	schema.registry.ssl.keystore.location = null
	schema.registry.ssl.keystore.password = null
	schema.registry.ssl.keystore.type = JKS
	schema.registry.ssl.protocol = TLSv1.3
	schema.registry.ssl.provider = null
	schema.registry.ssl.secure.random.implementation = null
	schema.registry.ssl.trustmanager.algorithm = PKIX
	schema.registry.ssl.truststore.certificates = null
	schema.registry.ssl.truststore.location = null
	schema.registry.ssl.truststore.password = null
	schema.registry.ssl.truststore.type = JKS
	schema.registry.url = [http://registry-app-postgresql.apps.ci419.apicurio-testing.org:80/apis/ccompat/v7]
	schema.registry.url.randomize = false
	use.latest.version = false
	use.latest.with.metadata = null
	use.schema.id = -1
	value.schema.id.deserializer = class io.confluent.kafka.serializers.schema.id.DualSchemaIdDeserializer
	value.schema.id.serializer = class io.confluent.kafka.serializers.schema.id.PrefixSchemaIdSerializer
	value.subject.name.strategy = class io.confluent.kafka.serializers.subject.RecordNameStrategy

2025-07-31 18:15:07,638 INFO  [org.apa.kaf.cli.pro.KafkaProducer] (main) [Producer clientId=Producer-topic-6a460efa_eea2_4a74_9078_7e0422924a4a] Instantiated an idempotent producer.
2025-07-31 18:15:07,639 INFO  [org.apa.kaf.cli.pro.ProducerConfig] (main) These configurations '[schema.registry.url, auto.register.schemas, value.subject.name.strategy]' were supplied but are not used yet.
2025-07-31 18:15:07,639 INFO  [org.apa.kaf.com.uti.AppInfoParser] (main) Kafka version: 3.9.1
2025-07-31 18:15:07,639 INFO  [org.apa.kaf.com.uti.AppInfoParser] (main) Kafka commitId: f745dfdcee2b9851
2025-07-31 18:15:07,639 INFO  [org.apa.kaf.com.uti.AppInfoParser] (main) Kafka startTimeMs: 1753985707639
2025-07-31 18:15:07,639 INFO  [io.api.tes.ser.api.KafkaSerdesTester] (Thread-859) Sending message {"wrongkey": "value-0"} to topic topic-6a460efa_eea2_4a74_9078_7e0422924a4a
2025-07-31 18:15:07,643 INFO  [org.apa.kaf.cli.Metadata] (kafka-producer-network-thread | Producer-topic-6a460efa_eea2_4a74_9078_7e0422924a4a) [Producer clientId=Producer-topic-6a460efa_eea2_4a74_9078_7e0422924a4a] Cluster ID: UuE4P2bBQU2_qF9DHmdGkA
2025-07-31 18:15:07,645 INFO  [org.apa.kaf.cli.pro.int.TransactionManager] (kafka-producer-network-thread | Producer-topic-6a460efa_eea2_4a74_9078_7e0422924a4a) [Producer clientId=Producer-topic-6a460efa_eea2_4a74_9078_7e0422924a4a] ProducerId set to 49 with epoch 0
2025-07-31 18:15:07,655 INFO  [org.apa.kaf.cli.pro.KafkaProducer] (Thread-859) [Producer clientId=Producer-topic-6a460efa_eea2_4a74_9078_7e0422924a4a] Closing the Kafka producer with timeoutMillis = 9223372036854775807 ms.
2025-07-31 18:15:07,656 INFO  [org.apa.kaf.com.met.Metrics] (Thread-859) Metrics scheduler closed
2025-07-31 18:15:07,656 INFO  [org.apa.kaf.com.met.Metrics] (Thread-859) Closing reporter org.apache.kafka.common.metrics.JmxReporter
2025-07-31 18:15:07,656 INFO  [org.apa.kaf.com.met.Metrics] (Thread-859) Closing reporter org.apache.kafka.common.telemetry.internals.ClientTelemetryReporter
2025-07-31 18:15:07,656 INFO  [org.apa.kaf.com.met.Metrics] (Thread-859) Metrics reporters closed
2025-07-31 18:15:07,656 INFO  [org.apa.kaf.com.uti.AppInfoParser] (Thread-859) App info kafka.producer for Producer-topic-6a460efa_eea2_4a74_9078_7e0422924a4a unregistered
2025-07-31 18:15:07,672 INFO  [io.api.tes.ser.con.BasicConfluentSerDesIT] (main) Deleting confluent schema myrecordconfluent2
2025-07-31 18:15:07,685 INFO  [io.api.tes.uti.TestSeparator] (main) io.apicurio.tests.serdes.confluent.BasicConfluentSerDesIT.testAvroConfluentSerDesFail-FINISHED
2025-07-31 18:15:07,685 INFO  [io.api.tes.uti.TestSeparator] (main) ############################################################################
Test passed: testAvroConfluentSerDesFail
]]></system-out>
  </testcase>
  <testcase name="testAvroConfluentSerDesWrongStrategyRecord" classname="io.apicurio.tests.serdes.confluent.BasicConfluentSerDesIT" time="0.097">
    <system-out><![CDATA[2025-07-31 18:15:07,686 INFO  [io.api.tes.uti.TestSeparator] (main) ############################################################################
2025-07-31 18:15:07,686 INFO  [io.api.tes.uti.TestSeparator] (main) io.apicurio.tests.serdes.confluent.BasicConfluentSerDesIT.testAvroConfluentSerDesWrongStrategyRecord-STARTED
2025-07-31 18:15:07,723 INFO  [io.api.tes.ser.con.BasicConfluentSerDesIT] (main) Checking that created schema is equal to the get schema
2025-07-31 18:15:07,733 INFO  [io.api.tes.ser.con.BasicConfluentSerDesIT] (main) Created schema with id:53 and name:myrecordconfluent4
**** Registry Base URL: http://registry-app-postgresql.apps.ci419.apicurio-testing.org:80
2025-07-31 18:15:07,734 INFO  [org.apa.kaf.cli.pro.ProducerConfig] (main) ProducerConfig values: 
	acks = -1
	auto.include.jmx.reporter = true
	batch.size = 16384
	bootstrap.servers = [PLAINTEXT://localhost:32770]
	buffer.memory = 33554432
	client.dns.lookup = use_all_dns_ips
	client.id = Producer-topic-03e3286b_7b2c_4b38_a753_407cd379ce5a
	compression.gzip.level = -1
	compression.lz4.level = 9
	compression.type = none
	compression.zstd.level = 3
	connections.max.idle.ms = 10000
	delivery.timeout.ms = 120000
	enable.idempotence = true
	enable.metrics.push = true
	interceptor.classes = []
	key.serializer = class org.apache.kafka.common.serialization.StringSerializer
	linger.ms = 0
	max.block.ms = 60000
	max.in.flight.requests.per.connection = 5
	max.request.size = 1048576
	metadata.max.age.ms = 300000
	metadata.max.idle.ms = 300000
	metadata.recovery.strategy = none
	metric.reporters = []
	metrics.num.samples = 2
	metrics.recording.level = INFO
	metrics.sample.window.ms = 30000
	partitioner.adaptive.partitioning.enable = true
	partitioner.availability.timeout.ms = 0
	partitioner.class = null
	partitioner.ignore.keys = false
	receive.buffer.bytes = 32768
	reconnect.backoff.max.ms = 1000
	reconnect.backoff.ms = 50
	request.timeout.ms = 5000
	retries = 2147483647
	retry.backoff.max.ms = 1000
	retry.backoff.ms = 100
	sasl.client.callback.handler.class = null
	sasl.jaas.config = null
	sasl.kerberos.kinit.cmd = /usr/bin/kinit
	sasl.kerberos.min.time.before.relogin = 60000
	sasl.kerberos.service.name = null
	sasl.kerberos.ticket.renew.jitter = 0.05
	sasl.kerberos.ticket.renew.window.factor = 0.8
	sasl.login.callback.handler.class = null
	sasl.login.class = null
	sasl.login.connect.timeout.ms = null
	sasl.login.read.timeout.ms = null
	sasl.login.refresh.buffer.seconds = 300
	sasl.login.refresh.min.period.seconds = 60
	sasl.login.refresh.window.factor = 0.8
	sasl.login.refresh.window.jitter = 0.05
	sasl.login.retry.backoff.max.ms = 10000
	sasl.login.retry.backoff.ms = 100
	sasl.mechanism = GSSAPI
	sasl.oauthbearer.clock.skew.seconds = 30
	sasl.oauthbearer.expected.audience = null
	sasl.oauthbearer.expected.issuer = null
	sasl.oauthbearer.header.urlencode = false
	sasl.oauthbearer.jwks.endpoint.refresh.ms = 3600000
	sasl.oauthbearer.jwks.endpoint.retry.backoff.max.ms = 10000
	sasl.oauthbearer.jwks.endpoint.retry.backoff.ms = 100
	sasl.oauthbearer.jwks.endpoint.url = null
	sasl.oauthbearer.scope.claim.name = scope
	sasl.oauthbearer.sub.claim.name = sub
	sasl.oauthbearer.token.endpoint.url = null
	security.protocol = PLAINTEXT
	security.providers = null
	send.buffer.bytes = 131072
	socket.connection.setup.timeout.max.ms = 30000
	socket.connection.setup.timeout.ms = 10000
	ssl.cipher.suites = null
	ssl.enabled.protocols = [TLSv1.2, TLSv1.3]
	ssl.endpoint.identification.algorithm = https
	ssl.engine.factory.class = null
	ssl.key.password = null
	ssl.keymanager.algorithm = SunX509
	ssl.keystore.certificate.chain = null
	ssl.keystore.key = null
	ssl.keystore.location = null
	ssl.keystore.password = null
	ssl.keystore.type = JKS
	ssl.protocol = TLSv1.3
	ssl.provider = null
	ssl.secure.random.implementation = null
	ssl.trustmanager.algorithm = PKIX
	ssl.truststore.certificates = null
	ssl.truststore.location = null
	ssl.truststore.password = null
	ssl.truststore.type = JKS
	transaction.timeout.ms = 60000
	transactional.id = null
	value.serializer = class io.confluent.kafka.serializers.KafkaAvroSerializer

2025-07-31 18:15:07,735 INFO  [org.apa.kaf.com.tel.int.KafkaMetricsCollector] (main) initializing Kafka metrics collector
2025-07-31 18:15:07,735 INFO  [io.con.kaf.ser.KafkaAvroSerializerConfig] (main) KafkaAvroSerializerConfig values: 
	auto.register.schemas = false
	avro.reflection.allow.null = false
	avro.remove.java.properties = false
	avro.use.logical.type.converters = false
	basic.auth.credentials.source = URL
	basic.auth.user.info = [hidden]
	bearer.auth.cache.expiry.buffer.seconds = 300
	bearer.auth.client.id = null
	bearer.auth.client.secret = null
	bearer.auth.credentials.source = STATIC_TOKEN
	bearer.auth.custom.provider.class = null
	bearer.auth.identity.pool.id = null
	bearer.auth.issuer.endpoint.url = null
	bearer.auth.logical.cluster = null
	bearer.auth.scope = null
	bearer.auth.scope.claim.name = scope
	bearer.auth.sub.claim.name = sub
	bearer.auth.token = [hidden]
	context.name.strategy = class io.confluent.kafka.serializers.context.NullContextNameStrategy
	http.connect.timeout.ms = 60000
	http.read.timeout.ms = 60000
	id.compatibility.strict = true
	key.schema.id.deserializer = class io.confluent.kafka.serializers.schema.id.DualSchemaIdDeserializer
	key.schema.id.serializer = class io.confluent.kafka.serializers.schema.id.PrefixSchemaIdSerializer
	key.subject.name.strategy = class io.confluent.kafka.serializers.subject.TopicNameStrategy
	latest.cache.size = 1000
	latest.cache.ttl.sec = -1
	latest.compatibility.strict = true
	max.retries = 3
	max.schemas.per.subject = 1000
	normalize.schemas = false
	propagate.schema.tags = false
	proxy.host = 
	proxy.port = -1
	retries.max.wait.ms = 20000
	retries.wait.ms = 1000
	rule.actions = []
	rule.executors = []
	rule.service.loader.enable = true
	schema.format = null
	schema.reflection = false
	schema.registry.basic.auth.user.info = [hidden]
	schema.registry.ssl.cipher.suites = null
	schema.registry.ssl.enabled.protocols = [TLSv1.2, TLSv1.3]
	schema.registry.ssl.endpoint.identification.algorithm = https
	schema.registry.ssl.engine.factory.class = null
	schema.registry.ssl.key.password = null
	schema.registry.ssl.keymanager.algorithm = SunX509
	schema.registry.ssl.keystore.certificate.chain = null
	schema.registry.ssl.keystore.key = null
	schema.registry.ssl.keystore.location = null
	schema.registry.ssl.keystore.password = null
	schema.registry.ssl.keystore.type = JKS
	schema.registry.ssl.protocol = TLSv1.3
	schema.registry.ssl.provider = null
	schema.registry.ssl.secure.random.implementation = null
	schema.registry.ssl.trustmanager.algorithm = PKIX
	schema.registry.ssl.truststore.certificates = null
	schema.registry.ssl.truststore.location = null
	schema.registry.ssl.truststore.password = null
	schema.registry.ssl.truststore.type = JKS
	schema.registry.url = [http://registry-app-postgresql.apps.ci419.apicurio-testing.org:80/apis/ccompat/v7]
	schema.registry.url.randomize = false
	use.latest.version = false
	use.latest.with.metadata = null
	use.schema.id = -1
	value.schema.id.deserializer = class io.confluent.kafka.serializers.schema.id.DualSchemaIdDeserializer
	value.schema.id.serializer = class io.confluent.kafka.serializers.schema.id.PrefixSchemaIdSerializer
	value.subject.name.strategy = class io.confluent.kafka.serializers.subject.RecordNameStrategy

2025-07-31 18:15:07,738 INFO  [org.apa.kaf.cli.pro.KafkaProducer] (main) [Producer clientId=Producer-topic-03e3286b_7b2c_4b38_a753_407cd379ce5a] Instantiated an idempotent producer.
2025-07-31 18:15:07,740 INFO  [org.apa.kaf.cli.pro.ProducerConfig] (main) These configurations '[schema.registry.url, auto.register.schemas, value.subject.name.strategy]' were supplied but are not used yet.
2025-07-31 18:15:07,740 INFO  [org.apa.kaf.com.uti.AppInfoParser] (main) Kafka version: 3.9.1
2025-07-31 18:15:07,740 INFO  [org.apa.kaf.com.uti.AppInfoParser] (main) Kafka commitId: f745dfdcee2b9851
2025-07-31 18:15:07,740 INFO  [org.apa.kaf.com.uti.AppInfoParser] (main) Kafka startTimeMs: 1753985707740
2025-07-31 18:15:07,741 INFO  [io.api.tes.ser.api.KafkaSerdesTester] (Thread-860) Sending message {"wrongkey": "value-0"} to topic topic-03e3286b_7b2c_4b38_a753_407cd379ce5a
2025-07-31 18:15:07,744 INFO  [org.apa.kaf.cli.Metadata] (kafka-producer-network-thread | Producer-topic-03e3286b_7b2c_4b38_a753_407cd379ce5a) [Producer clientId=Producer-topic-03e3286b_7b2c_4b38_a753_407cd379ce5a] Cluster ID: UuE4P2bBQU2_qF9DHmdGkA
2025-07-31 18:15:07,744 INFO  [org.apa.kaf.cli.pro.int.TransactionManager] (kafka-producer-network-thread | Producer-topic-03e3286b_7b2c_4b38_a753_407cd379ce5a) [Producer clientId=Producer-topic-03e3286b_7b2c_4b38_a753_407cd379ce5a] ProducerId set to 50 with epoch 0
2025-07-31 18:15:07,753 INFO  [org.apa.kaf.cli.pro.KafkaProducer] (Thread-860) [Producer clientId=Producer-topic-03e3286b_7b2c_4b38_a753_407cd379ce5a] Closing the Kafka producer with timeoutMillis = 9223372036854775807 ms.
2025-07-31 18:15:07,754 INFO  [org.apa.kaf.com.met.Metrics] (Thread-860) Metrics scheduler closed
2025-07-31 18:15:07,754 INFO  [org.apa.kaf.com.met.Metrics] (Thread-860) Closing reporter org.apache.kafka.common.metrics.JmxReporter
2025-07-31 18:15:07,754 INFO  [org.apa.kaf.com.met.Metrics] (Thread-860) Closing reporter org.apache.kafka.common.telemetry.internals.ClientTelemetryReporter
2025-07-31 18:15:07,754 INFO  [org.apa.kaf.com.met.Metrics] (Thread-860) Metrics reporters closed
2025-07-31 18:15:07,755 INFO  [org.apa.kaf.com.uti.AppInfoParser] (Thread-860) App info kafka.producer for Producer-topic-03e3286b_7b2c_4b38_a753_407cd379ce5a unregistered
2025-07-31 18:15:07,771 INFO  [io.api.tes.ser.con.BasicConfluentSerDesIT] (main) Deleting confluent schema topic-03e3286b_7b2c_4b38_a753_407cd379ce5a-value
2025-07-31 18:15:07,783 INFO  [io.api.tes.uti.TestSeparator] (main) io.apicurio.tests.serdes.confluent.BasicConfluentSerDesIT.testAvroConfluentSerDesWrongStrategyRecord-FINISHED
2025-07-31 18:15:07,783 INFO  [io.api.tes.uti.TestSeparator] (main) ############################################################################
Test passed: testAvroConfluentSerDesWrongStrategyRecord
]]></system-out>
  </testcase>
</testsuite>