<?xml version="1.0" encoding="UTF-8"?>
<testsuite xmlns:xsi="http://www.w3.org/2001/XMLSchema-instance" xsi:noNamespaceSchemaLocation="https://maven.apache.org/surefire/maven-failsafe-plugin/xsd/failsafe-test-report.xsd" version="3.0.2" name="io.apicurio.tests.serdes.apicurio.AvroSerdeIT" time="50.646" tests="21" errors="0" skipped="2" failures="0">
  <properties>
    <property name="java.specification.version" value="17"/>
    <property name="sun.jnu.encoding" value="UTF-8"/>
    <property name="java.class.path" value="/home/runner/work/apicurio-testing/apicurio-testing/clusters/ci419/namespaces/inmemory/tests/integration/apicurio-registry/integration-tests/target/test-classes:/home/runner/work/apicurio-testing/apicurio-testing/clusters/ci419/namespaces/inmemory/tests/integration/apicurio-registry/integration-tests/target/apicurio-registry-integration-tests-3.0.11-SNAPSHOT.jar:/home/runner/.m2/repository/io/quarkus/quarkus-junit5/3.20.1/quarkus-junit5-3.20.1.jar:/home/runner/.m2/repository/io/quarkus/quarkus-bootstrap-core/3.20.1/quarkus-bootstrap-core-3.20.1.jar:/home/runner/.m2/repository/io/quarkus/quarkus-classloader-commons/3.20.1/quarkus-classloader-commons-3.20.1.jar:/home/runner/.m2/repository/io/quarkus/quarkus-bootstrap-app-model/3.20.1/quarkus-bootstrap-app-model-3.20.1.jar:/home/runner/.m2/repository/io/smallrye/common/smallrye-common-io/2.12.0/smallrye-common-io-2.12.0.jar:/home/runner/.m2/repository/org/eclipse/sisu/org.eclipse.sisu.inject/0.9.0.M3/org.eclipse.sisu.inject-0.9.0.M3.jar:/home/runner/.m2/repository/io/quarkus/quarkus-test-common/3.20.1/quarkus-test-common-3.20.1.jar:/home/runner/.m2/repository/io/quarkus/quarkus-core-deployment/3.20.1/quarkus-core-deployment-3.20.1.jar:/home/runner/.m2/repository/org/aesh/readline/2.6/readline-2.6.jar:/home/runner/.m2/repository/org/fusesource/jansi/jansi/2.4.0/jansi-2.4.0.jar:/home/runner/.m2/repository/org/aesh/aesh/2.8.2/aesh-2.8.2.jar:/home/runner/.m2/repository/io/quarkus/gizmo/gizmo/1.8.0/gizmo-1.8.0.jar:/home/runner/.m2/repository/org/ow2/asm/asm-util/9.7.1/asm-util-9.7.1.jar:/home/runner/.m2/repository/org/ow2/asm/asm-analysis/9.7.1/asm-analysis-9.7.1.jar:/home/runner/.m2/repository/org/ow2/asm/asm-commons/9.7.1/asm-commons-9.7.1.jar:/home/runner/.m2/repository/org/ow2/asm/asm-tree/9.7.1/asm-tree-9.7.1.jar:/home/runner/.m2/repository/io/quarkus/quarkus-hibernate-validator-spi/3.20.1/quarkus-hibernate-validator-spi-3.20.1.jar:/home/runner/.m2/repository/io/quarkus/quarkus-class-change-agent/3.20.1/quarkus-class-change-agent-3.20.1.jar:/home/runner/.m2/repository/io/quarkus/quarkus-devtools-utilities/3.20.1/quarkus-devtools-utilities-3.20.1.jar:/home/runner/.m2/repository/io/quarkus/quarkus-builder/3.20.1/quarkus-builder-3.20.1.jar:/home/runner/.m2/repository/org/graalvm/sdk/nativeimage/23.1.2/nativeimage-23.1.2.jar:/home/runner/.m2/repository/org/graalvm/sdk/word/23.1.2/word-23.1.2.jar:/home/runner/.m2/repository/io/quarkus/quarkus-bootstrap-maven-resolver/3.20.1/quarkus-bootstrap-maven-resolver-3.20.1.jar:/home/runner/.m2/repository/io/smallrye/beanbag/smallrye-beanbag-maven/1.5.2/smallrye-beanbag-maven-1.5.2.jar:/home/runner/.m2/repository/io/smallrye/beanbag/smallrye-beanbag-sisu/1.5.2/smallrye-beanbag-sisu-1.5.2.jar:/home/runner/.m2/repository/io/smallrye/beanbag/smallrye-beanbag/1.5.2/smallrye-beanbag-1.5.2.jar:/home/runner/.m2/repository/javax/inject/javax.inject/1/javax.inject-1.jar:/home/runner/.m2/repository/org/apache/maven/maven-artifact/3.9.9/maven-artifact-3.9.9.jar:/home/runner/.m2/repository/org/apache/maven/maven-builder-support/3.9.9/maven-builder-support-3.9.9.jar:/home/runner/.m2/repository/org/apache/maven/maven-model/3.9.9/maven-model-3.9.9.jar:/home/runner/.m2/repository/org/apache/maven/maven-model-builder/3.9.9/maven-model-builder-3.9.9.jar:/home/runner/.m2/repository/org/apache/maven/maven-repository-metadata/3.9.9/maven-repository-metadata-3.9.9.jar:/home/runner/.m2/repository/org/apache/maven/maven-settings/3.9.9/maven-settings-3.9.9.jar:/home/runner/.m2/repository/org/apache/maven/resolver/maven-resolver-api/1.9.22/maven-resolver-api-1.9.22.jar:/home/runner/.m2/repository/org/apache/maven/resolver/maven-resolver-impl/1.9.22/maven-resolver-impl-1.9.22.jar:/home/runner/.m2/repository/org/apache/maven/resolver/maven-resolver-named-locks/1.9.22/maven-resolver-named-locks-1.9.22.jar:/home/runner/.m2/repository/org/apache/maven/resolver/maven-resolver-spi/1.9.22/maven-resolver-spi-1.9.22.jar:/home/runner/.m2/repository/org/apache/maven/resolver/maven-resolver-util/1.9.22/maven-resolver-util-1.9.22.jar:/home/runner/.m2/repository/org/apache/maven/resolver/maven-resolver-transport-http/1.9.20/maven-resolver-transport-http-1.9.20.jar:/home/runner/.m2/repository/org/apache/maven/wagon/wagon-provider-api/3.5.3/wagon-provider-api-3.5.3.jar:/home/runner/.m2/repository/org/apache/maven/wagon/wagon-http-shared/3.5.3/wagon-http-shared-3.5.3.jar:/home/runner/.m2/repository/org/codehaus/plexus/plexus-interpolation/1.26/plexus-interpolation-1.26.jar:/home/runner/.m2/repository/org/codehaus/plexus/plexus-utils/3.5.1/plexus-utils-3.5.1.jar:/home/runner/.m2/repository/org/codehaus/plexus/plexus-xml/4.0.1/plexus-xml-4.0.1.jar:/home/runner/.m2/repository/org/apache/maven/maven-xml-impl/4.0.0-alpha-5/maven-xml-impl-4.0.0-alpha-5.jar:/home/runner/.m2/repository/org/apache/maven/maven-api-xml/4.0.0-alpha-5/maven-api-xml-4.0.0-alpha-5.jar:/home/runner/.m2/repository/org/apache/maven/maven-api-meta/4.0.0-alpha-5/maven-api-meta-4.0.0-alpha-5.jar:/home/runner/.m2/repository/org/codehaus/plexus/plexus-cipher/2.0/plexus-cipher-2.0.jar:/home/runner/.m2/repository/org/codehaus/plexus/plexus-sec-dispatcher/2.0/plexus-sec-dispatcher-2.0.jar:/home/runner/.m2/repository/org/apache/maven/maven-embedder/3.9.9/maven-embedder-3.9.9.jar:/home/runner/.m2/repository/org/apache/maven/maven-core/3.9.9/maven-core-3.9.9.jar:/home/runner/.m2/repository/org/codehaus/plexus/plexus-component-annotations/2.1.0/plexus-component-annotations-2.1.0.jar:/home/runner/.m2/repository/org/apache/maven/maven-plugin-api/3.9.9/maven-plugin-api-3.9.9.jar:/home/runner/.m2/repository/org/apache/maven/shared/maven-shared-utils/3.4.2/maven-shared-utils-3.4.2.jar:/home/runner/.m2/repository/com/google/inject/guice/5.1.0/guice-5.1.0.jar:/home/runner/.m2/repository/aopalliance/aopalliance/1.0/aopalliance-1.0.jar:/home/runner/.m2/repository/org/codehaus/plexus/plexus-classworlds/2.6.0/plexus-classworlds-2.6.0.jar:/home/runner/.m2/repository/commons-cli/commons-cli/1.8.0/commons-cli-1.8.0.jar:/home/runner/.m2/repository/org/eclipse/sisu/org.eclipse.sisu.plexus/0.9.0.M3/org.eclipse.sisu.plexus-0.9.0.M3.jar:/home/runner/.m2/repository/org/apache/maven/maven-settings-builder/3.9.9/maven-settings-builder-3.9.9.jar:/home/runner/.m2/repository/org/apache/maven/maven-resolver-provider/3.9.9/maven-resolver-provider-3.9.9.jar:/home/runner/.m2/repository/org/apache/maven/resolver/maven-resolver-connector-basic/1.9.22/maven-resolver-connector-basic-1.9.22.jar:/home/runner/.m2/repository/org/apache/maven/resolver/maven-resolver-transport-wagon/1.9.22/maven-resolver-transport-wagon-1.9.22.jar:/home/runner/.m2/repository/org/apache/maven/wagon/wagon-http/3.5.3/wagon-http-3.5.3.jar:/home/runner/.m2/repository/org/apache/maven/wagon/wagon-file/3.5.3/wagon-file-3.5.3.jar:/home/runner/.m2/repository/io/quarkus/quarkus-bootstrap-gradle-resolver/3.20.1/quarkus-bootstrap-gradle-resolver-3.20.1.jar:/home/runner/.m2/repository/io/smallrye/jandex/3.3.0/jandex-3.3.0.jar:/home/runner/.m2/repository/org/jboss/logging/commons-logging-jboss-logging/1.0.0.Final/commons-logging-jboss-logging-1.0.0.Final.jar:/home/runner/.m2/repository/io/quarkus/quarkus-junit5-config/3.20.1/quarkus-junit5-config-3.20.1.jar:/home/runner/.m2/repository/org/junit/jupiter/junit-jupiter-api/5.12.1/junit-jupiter-api-5.12.1.jar:/home/runner/.m2/repository/io/smallrye/config/smallrye-config/3.11.4/smallrye-config-3.11.4.jar:/home/runner/.m2/repository/io/smallrye/config/smallrye-config-core/3.11.4/smallrye-config-core-3.11.4.jar:/home/runner/.m2/repository/io/smallrye/common/smallrye-common-classloader/2.12.0/smallrye-common-classloader-2.12.0.jar:/home/runner/.m2/repository/io/smallrye/config/smallrye-config-common/3.11.4/smallrye-config-common-3.11.4.jar:/home/runner/.m2/repository/org/junit/jupiter/junit-jupiter/5.12.1/junit-jupiter-5.12.1.jar:/home/runner/.m2/repository/org/junit/jupiter/junit-jupiter-params/5.12.1/junit-jupiter-params-5.12.1.jar:/home/runner/.m2/repository/org/junit/jupiter/junit-jupiter-engine/5.12.1/junit-jupiter-engine-5.12.1.jar:/home/runner/.m2/repository/io/quarkus/quarkus-core/3.20.1/quarkus-core-3.20.1.jar:/home/runner/.m2/repository/jakarta/enterprise/jakarta.enterprise.cdi-api/4.1.0/jakarta.enterprise.cdi-api-4.1.0.jar:/home/runner/.m2/repository/jakarta/enterprise/jakarta.enterprise.lang-model/4.1.0/jakarta.enterprise.lang-model-4.1.0.jar:/home/runner/.m2/repository/jakarta/el/jakarta.el-api/5.0.1/jakarta.el-api-5.0.1.jar:/home/runner/.m2/repository/jakarta/interceptor/jakarta.interceptor-api/2.2.0/jakarta.interceptor-api-2.2.0.jar:/home/runner/.m2/repository/jakarta/inject/jakarta.inject-api/2.0.1/jakarta.inject-api-2.0.1.jar:/home/runner/.m2/repository/io/smallrye/common/smallrye-common-os/2.12.0/smallrye-common-os-2.12.0.jar:/home/runner/.m2/repository/io/quarkus/quarkus-ide-launcher/3.20.1/quarkus-ide-launcher-3.20.1.jar:/home/runner/.m2/repository/io/quarkus/quarkus-development-mode-spi/3.20.1/quarkus-development-mode-spi-3.20.1.jar:/home/runner/.m2/repository/org/jboss/logging/jboss-logging/3.6.1.Final/jboss-logging-3.6.1.Final.jar:/home/runner/.m2/repository/org/jboss/logmanager/jboss-logmanager/3.1.2.Final/jboss-logmanager-3.1.2.Final.jar:/home/runner/.m2/repository/io/smallrye/common/smallrye-common-constraint/2.12.0/smallrye-common-constraint-2.12.0.jar:/home/runner/.m2/repository/io/smallrye/common/smallrye-common-cpu/2.12.0/smallrye-common-cpu-2.12.0.jar:/home/runner/.m2/repository/io/smallrye/common/smallrye-common-expression/2.12.0/smallrye-common-expression-2.12.0.jar:/home/runner/.m2/repository/io/smallrye/common/smallrye-common-net/2.12.0/smallrye-common-net-2.12.0.jar:/home/runner/.m2/repository/io/smallrye/common/smallrye-common-ref/2.12.0/smallrye-common-ref-2.12.0.jar:/home/runner/.m2/repository/jakarta/json/jakarta.json-api/2.1.3/jakarta.json-api-2.1.3.jar:/home/runner/.m2/repository/org/eclipse/parsson/parsson/1.1.7/parsson-1.1.7.jar:/home/runner/.m2/repository/org/jboss/logging/jboss-logging-annotations/3.0.4.Final/jboss-logging-annotations-3.0.4.Final.jar:/home/runner/.m2/repository/org/jboss/threads/jboss-threads/3.8.0.Final/jboss-threads-3.8.0.Final.jar:/home/runner/.m2/repository/io/smallrye/common/smallrye-common-annotation/2.12.0/smallrye-common-annotation-2.12.0.jar:/home/runner/.m2/repository/io/smallrye/common/smallrye-common-function/2.12.0/smallrye-common-function-2.12.0.jar:/home/runner/.m2/repository/org/jboss/slf4j/slf4j-jboss-logmanager/2.0.0.Final/slf4j-jboss-logmanager-2.0.0.Final.jar:/home/runner/.m2/repository/org/wildfly/common/wildfly-common/2.0.1/wildfly-common-2.0.1.jar:/home/runner/.m2/repository/io/quarkus/quarkus-bootstrap-runner/3.20.1/quarkus-bootstrap-runner-3.20.1.jar:/home/runner/.m2/repository/io/github/crac/org-crac/0.1.3/org-crac-0.1.3.jar:/home/runner/.m2/repository/io/quarkus/quarkus-fs-util/0.0.10/quarkus-fs-util-0.0.10.jar:/home/runner/.m2/repository/org/jboss/marshalling/jboss-marshalling/2.2.2.Final/jboss-marshalling-2.2.2.Final.jar:/home/runner/.m2/repository/io/fabric8/kubernetes-client/7.1.0/kubernetes-client-7.1.0.jar:/home/runner/.m2/repository/io/fabric8/kubernetes-client-api/7.1.0/kubernetes-client-api-7.1.0.jar:/home/runner/.m2/repository/io/fabric8/kubernetes-model-core/7.1.0/kubernetes-model-core-7.1.0.jar:/home/runner/.m2/repository/io/fabric8/kubernetes-model-common/7.1.0/kubernetes-model-common-7.1.0.jar:/home/runner/.m2/repository/javax/annotation/javax.annotation-api/1.3.2/javax.annotation-api-1.3.2.jar:/home/runner/.m2/repository/io/fabric8/kubernetes-model-gatewayapi/7.1.0/kubernetes-model-gatewayapi-7.1.0.jar:/home/runner/.m2/repository/io/fabric8/kubernetes-model-resource/7.1.0/kubernetes-model-resource-7.1.0.jar:/home/runner/.m2/repository/io/fabric8/kubernetes-model-rbac/7.1.0/kubernetes-model-rbac-7.1.0.jar:/home/runner/.m2/repository/io/fabric8/kubernetes-model-admissionregistration/7.1.0/kubernetes-model-admissionregistration-7.1.0.jar:/home/runner/.m2/repository/io/fabric8/kubernetes-model-apps/7.1.0/kubernetes-model-apps-7.1.0.jar:/home/runner/.m2/repository/io/fabric8/kubernetes-model-autoscaling/7.1.0/kubernetes-model-autoscaling-7.1.0.jar:/home/runner/.m2/repository/io/fabric8/kubernetes-model-apiextensions/7.1.0/kubernetes-model-apiextensions-7.1.0.jar:/home/runner/.m2/repository/io/fabric8/kubernetes-model-batch/7.1.0/kubernetes-model-batch-7.1.0.jar:/home/runner/.m2/repository/io/fabric8/kubernetes-model-certificates/7.1.0/kubernetes-model-certificates-7.1.0.jar:/home/runner/.m2/repository/io/fabric8/kubernetes-model-coordination/7.1.0/kubernetes-model-coordination-7.1.0.jar:/home/runner/.m2/repository/io/fabric8/kubernetes-model-discovery/7.1.0/kubernetes-model-discovery-7.1.0.jar:/home/runner/.m2/repository/io/fabric8/kubernetes-model-events/7.1.0/kubernetes-model-events-7.1.0.jar:/home/runner/.m2/repository/io/fabric8/kubernetes-model-extensions/7.1.0/kubernetes-model-extensions-7.1.0.jar:/home/runner/.m2/repository/io/fabric8/kubernetes-model-flowcontrol/7.1.0/kubernetes-model-flowcontrol-7.1.0.jar:/home/runner/.m2/repository/io/fabric8/kubernetes-model-networking/7.1.0/kubernetes-model-networking-7.1.0.jar:/home/runner/.m2/repository/io/fabric8/kubernetes-model-metrics/7.1.0/kubernetes-model-metrics-7.1.0.jar:/home/runner/.m2/repository/io/fabric8/kubernetes-model-policy/7.1.0/kubernetes-model-policy-7.1.0.jar:/home/runner/.m2/repository/io/fabric8/kubernetes-model-scheduling/7.1.0/kubernetes-model-scheduling-7.1.0.jar:/home/runner/.m2/repository/io/fabric8/kubernetes-model-storageclass/7.1.0/kubernetes-model-storageclass-7.1.0.jar:/home/runner/.m2/repository/io/fabric8/kubernetes-model-node/7.1.0/kubernetes-model-node-7.1.0.jar:/home/runner/.m2/repository/org/snakeyaml/snakeyaml-engine/2.9/snakeyaml-engine-2.9.jar:/home/runner/.m2/repository/com/fasterxml/jackson/dataformat/jackson-dataformat-yaml/2.15.2/jackson-dataformat-yaml-2.15.2.jar:/home/runner/.m2/repository/com/fasterxml/jackson/datatype/jackson-datatype-jsr310/2.18.2/jackson-datatype-jsr310-2.18.2.jar:/home/runner/.m2/repository/io/fabric8/zjsonpatch/7.1.0/zjsonpatch-7.1.0.jar:/home/runner/.m2/repository/io/fabric8/kubernetes-httpclient-vertx/7.1.0/kubernetes-httpclient-vertx-7.1.0.jar:/home/runner/.m2/repository/io/vertx/vertx-web-client/4.5.14/vertx-web-client-4.5.14.jar:/home/runner/.m2/repository/io/vertx/vertx-web-common/4.5.14/vertx-web-common-4.5.14.jar:/home/runner/.m2/repository/io/vertx/vertx-auth-common/4.5.14/vertx-auth-common-4.5.14.jar:/home/runner/.m2/repository/io/vertx/vertx-uri-template/4.5.14/vertx-uri-template-4.5.14.jar:/home/runner/.m2/repository/io/fabric8/openshift-client/7.1.0/openshift-client-7.1.0.jar:/home/runner/.m2/repository/io/fabric8/openshift-client-api/7.1.0/openshift-client-api-7.1.0.jar:/home/runner/.m2/repository/io/fabric8/openshift-model/7.1.0/openshift-model-7.1.0.jar:/home/runner/.m2/repository/io/fabric8/openshift-model-autoscaling/7.1.0/openshift-model-autoscaling-7.1.0.jar:/home/runner/.m2/repository/io/fabric8/openshift-model-operator/7.1.0/openshift-model-operator-7.1.0.jar:/home/runner/.m2/repository/io/fabric8/openshift-model-operatorhub/7.1.0/openshift-model-operatorhub-7.1.0.jar:/home/runner/.m2/repository/io/fabric8/openshift-model-machine/7.1.0/openshift-model-machine-7.1.0.jar:/home/runner/.m2/repository/io/fabric8/openshift-model-whereabouts/7.1.0/openshift-model-whereabouts-7.1.0.jar:/home/runner/.m2/repository/io/fabric8/openshift-model-monitoring/7.1.0/openshift-model-monitoring-7.1.0.jar:/home/runner/.m2/repository/io/fabric8/openshift-model-storageversionmigrator/7.1.0/openshift-model-storageversionmigrator-7.1.0.jar:/home/runner/.m2/repository/io/fabric8/openshift-model-tuned/7.1.0/openshift-model-tuned-7.1.0.jar:/home/runner/.m2/repository/io/fabric8/openshift-model-console/7.1.0/openshift-model-console-7.1.0.jar:/home/runner/.m2/repository/io/fabric8/openshift-model-config/7.1.0/openshift-model-config-7.1.0.jar:/home/runner/.m2/repository/io/fabric8/openshift-model-machineconfiguration/7.1.0/openshift-model-machineconfiguration-7.1.0.jar:/home/runner/.m2/repository/io/fabric8/openshift-model-miscellaneous/7.1.0/openshift-model-miscellaneous-7.1.0.jar:/home/runner/.m2/repository/io/fabric8/openshift-model-hive/7.1.0/openshift-model-hive-7.1.0.jar:/home/runner/.m2/repository/io/fabric8/openshift-model-installer/7.1.0/openshift-model-installer-7.1.0.jar:/home/runner/.m2/repository/org/junit/platform/junit-platform-launcher/1.12.1/junit-platform-launcher-1.12.1.jar:/home/runner/.m2/repository/org/junit/platform/junit-platform-engine/1.12.1/junit-platform-engine-1.12.1.jar:/home/runner/.m2/repository/org/opentest4j/opentest4j/1.3.0/opentest4j-1.3.0.jar:/home/runner/.m2/repository/org/junit/platform/junit-platform-commons/1.12.1/junit-platform-commons-1.12.1.jar:/home/runner/.m2/repository/org/apiguardian/apiguardian-api/1.1.2/apiguardian-api-1.1.2.jar:/home/runner/.m2/repository/jakarta/ws/rs/jakarta.ws.rs-api/3.1.0/jakarta.ws.rs-api-3.1.0.jar:/home/runner/work/apicurio-testing/apicurio-testing/clusters/ci419/namespaces/inmemory/tests/integration/apicurio-registry/java-sdk/target/apicurio-registry-java-sdk-3.0.11-SNAPSHOT.jar:/home/runner/.m2/repository/com/microsoft/kiota/microsoft-kiota-abstractions/1.8.8/microsoft-kiota-abstractions-1.8.8.jar:/home/runner/.m2/repository/io/github/std-uritemplate/std-uritemplate/2.0.0/std-uritemplate-2.0.0.jar:/home/runner/.m2/repository/io/kiota/kiota-http-jdk/0.0.21/kiota-http-jdk-0.0.21.jar:/home/runner/.m2/repository/io/kiota/kiota-http-vertx/0.0.21/kiota-http-vertx-0.0.21.jar:/home/runner/.m2/repository/io/kiota/kiota-serialization-jackson/0.0.21/kiota-serialization-jackson-0.0.21.jar:/home/runner/.m2/repository/com/microsoft/kiota/microsoft-kiota-serialization-text/1.8.8/microsoft-kiota-serialization-text-1.8.8.jar:/home/runner/.m2/repository/com/microsoft/kiota/microsoft-kiota-serialization-form/1.8.8/microsoft-kiota-serialization-form-1.8.8.jar:/home/runner/.m2/repository/com/microsoft/kiota/microsoft-kiota-serialization-multipart/1.8.8/microsoft-kiota-serialization-multipart-1.8.8.jar:/home/runner/.m2/repository/jakarta/annotation/jakarta.annotation-api/3.0.0/jakarta.annotation-api-3.0.0.jar:/home/runner/.m2/repository/io/vertx/vertx-auth-oauth2/4.5.14/vertx-auth-oauth2-4.5.14.jar:/home/runner/work/apicurio-testing/apicurio-testing/clusters/ci419/namespaces/inmemory/tests/integration/apicurio-registry/java-sdk-v2/target/apicurio-registry-v2-java-sdk-3.0.11-SNAPSHOT.jar:/home/runner/work/apicurio-testing/apicurio-testing/clusters/ci419/namespaces/inmemory/tests/integration/apicurio-registry/utils/kafka/target/apicurio-registry-utils-kafka-3.0.11-SNAPSHOT-tests.jar:/home/runner/.m2/repository/org/eclipse/microprofile/config/microprofile-config-api/3.1/microprofile-config-api-3.1.jar:/home/runner/.m2/repository/org/apache/kafka/kafka-clients/3.9.1/kafka-clients-3.9.1.jar:/home/runner/.m2/repository/com/github/luben/zstd-jni/1.5.6-4/zstd-jni-1.5.6-4.jar:/home/runner/.m2/repository/org/lz4/lz4-java/1.8.0/lz4-java-1.8.0.jar:/home/runner/.m2/repository/org/xerial/snappy/snappy-java/1.1.10.5/snappy-java-1.1.10.5.jar:/home/runner/.m2/repository/org/slf4j/slf4j-api/2.0.6/slf4j-api-2.0.6.jar:/home/runner/work/apicurio-testing/apicurio-testing/clusters/ci419/namespaces/inmemory/tests/integration/apicurio-registry/utils/tests/target/apicurio-registry-utils-tests-3.0.11-SNAPSHOT.jar:/home/runner/work/apicurio-testing/apicurio-testing/clusters/ci419/namespaces/inmemory/tests/integration/apicurio-registry/common/target/apicurio-registry-common-3.0.11-SNAPSHOT.jar:/home/runner/.m2/repository/jakarta/validation/jakarta.validation-api/3.0.2/jakarta.validation-api-3.0.2.jar:/home/runner/.m2/repository/com/github/dasniko/testcontainers-keycloak/3.6.0/testcontainers-keycloak-3.6.0.jar:/home/runner/.m2/repository/org/testcontainers/testcontainers/1.20.6/testcontainers-1.20.6.jar:/home/runner/.m2/repository/org/rnorth/duct-tape/duct-tape/1.0.8/duct-tape-1.0.8.jar:/home/runner/.m2/repository/org/jetbrains/annotations/26.0.2/annotations-26.0.2.jar:/home/runner/.m2/repository/com/github/docker-java/docker-java-transport-zerodep/3.4.1/docker-java-transport-zerodep-3.4.1.jar:/home/runner/.m2/repository/com/github/docker-java/docker-java-transport/3.4.1/docker-java-transport-3.4.1.jar:/home/runner/.m2/repository/net/java/dev/jna/jna/5.8.0/jna-5.8.0.jar:/home/runner/.m2/repository/io/quarkus/quarkus-junit4-mock/3.20.1/quarkus-junit4-mock-3.20.1.jar:/home/runner/.m2/repository/org/jboss/shrinkwrap/shrinkwrap-api/2.0.0-beta-2/shrinkwrap-api-2.0.0-beta-2.jar:/home/runner/.m2/repository/org/jboss/shrinkwrap/shrinkwrap-impl-base/2.0.0-beta-2/shrinkwrap-impl-base-2.0.0-beta-2.jar:/home/runner/.m2/repository/org/jboss/shrinkwrap/shrinkwrap-spi/2.0.0-beta-2/shrinkwrap-spi-2.0.0-beta-2.jar:/home/runner/.m2/repository/org/keycloak/keycloak-admin-client/26.0.4/keycloak-admin-client-26.0.4.jar:/home/runner/.m2/repository/org/keycloak/keycloak-client-common-synced/26.0.4/keycloak-client-common-synced-26.0.4.jar:/home/runner/.m2/repository/jakarta/activation/jakarta.activation-api/2.1.3/jakarta.activation-api-2.1.3.jar:/home/runner/.m2/repository/org/eclipse/microprofile/openapi/microprofile-openapi-api/4.0.2/microprofile-openapi-api-4.0.2.jar:/home/runner/.m2/repository/org/jboss/resteasy/resteasy-client/6.2.12.Final/resteasy-client-6.2.12.Final.jar:/home/runner/.m2/repository/org/jboss/resteasy/resteasy-client-api/6.2.12.Final/resteasy-client-api-6.2.12.Final.jar:/home/runner/.m2/repository/org/jboss/resteasy/resteasy-core-spi/6.2.12.Final/resteasy-core-spi-6.2.12.Final.jar:/home/runner/.m2/repository/org/jboss/resteasy/resteasy-core/6.2.12.Final/resteasy-core-6.2.12.Final.jar:/home/runner/.m2/repository/org/eclipse/angus/angus-activation/2.0.2/angus-activation-2.0.2.jar:/home/runner/.m2/repository/com/ibm/async/asyncutil/0.1.0/asyncutil-0.1.0.jar:/home/runner/.m2/repository/org/reactivestreams/reactive-streams/1.0.4/reactive-streams-1.0.4.jar:/home/runner/.m2/repository/org/jboss/resteasy/resteasy-multipart-provider/6.2.12.Final/resteasy-multipart-provider-6.2.12.Final.jar:/home/runner/.m2/repository/jakarta/mail/jakarta.mail-api/2.1.3/jakarta.mail-api-2.1.3.jar:/home/runner/.m2/repository/org/eclipse/angus/angus-mail/2.0.3/angus-mail-2.0.3.jar:/home/runner/.m2/repository/org/apache/james/apache-mime4j-dom/0.8.12/apache-mime4j-dom-0.8.12.jar:/home/runner/.m2/repository/org/apache/james/apache-mime4j-core/0.8.12/apache-mime4j-core-0.8.12.jar:/home/runner/.m2/repository/org/apache/james/apache-mime4j-storage/0.8.12/apache-mime4j-storage-0.8.12.jar:/home/runner/.m2/repository/org/jboss/resteasy/resteasy-jackson2-provider/6.2.12.Final/resteasy-jackson2-provider-6.2.12.Final.jar:/home/runner/.m2/repository/com/fasterxml/jackson/jakarta/rs/jackson-jakarta-rs-base/2.18.2/jackson-jakarta-rs-base-2.18.2.jar:/home/runner/.m2/repository/com/fasterxml/jackson/jakarta/rs/jackson-jakarta-rs-json-provider/2.18.2/jackson-jakarta-rs-json-provider-2.18.2.jar:/home/runner/.m2/repository/com/fasterxml/jackson/module/jackson-module-jakarta-xmlbind-annotations/2.18.2/jackson-module-jakarta-xmlbind-annotations-2.18.2.jar:/home/runner/.m2/repository/com/github/java-json-tools/json-patch/1.13/json-patch-1.13.jar:/home/runner/.m2/repository/com/github/java-json-tools/msg-simple/1.2/msg-simple-1.2.jar:/home/runner/.m2/repository/com/github/java-json-tools/btf/1.3/btf-1.3.jar:/home/runner/.m2/repository/com/github/java-json-tools/jackson-coreutils/2.0/jackson-coreutils-2.0.jar:/home/runner/.m2/repository/org/jboss/resteasy/resteasy-jaxb-provider/6.2.12.Final/resteasy-jaxb-provider-6.2.12.Final.jar:/home/runner/.m2/repository/org/glassfish/jaxb/codemodel/4.0.5/codemodel-4.0.5.jar:/home/runner/.m2/repository/org/glassfish/jaxb/jaxb-core/4.0.5/jaxb-core-4.0.5.jar:/home/runner/.m2/repository/org/glassfish/jaxb/jaxb-jxc/4.0.5/jaxb-jxc-4.0.5.jar:/home/runner/.m2/repository/org/glassfish/jaxb/jaxb-runtime/4.0.5/jaxb-runtime-4.0.5.jar:/home/runner/.m2/repository/org/glassfish/jaxb/txw2/4.0.5/txw2-4.0.5.jar:/home/runner/.m2/repository/org/glassfish/jaxb/jaxb-xjc/4.0.5/jaxb-xjc-4.0.5.jar:/home/runner/.m2/repository/org/glassfish/jaxb/xsom/4.0.5/xsom-4.0.5.jar:/home/runner/.m2/repository/com/sun/istack/istack-commons-runtime/4.1.2/istack-commons-runtime-4.1.2.jar:/home/runner/.m2/repository/com/sun/istack/istack-commons-tools/4.1.2/istack-commons-tools-4.1.2.jar:/home/runner/.m2/repository/com/sun/xml/bind/external/relaxng-datatype/4.0.5/relaxng-datatype-4.0.5.jar:/home/runner/.m2/repository/com/sun/xml/bind/external/rngom/4.0.5/rngom-4.0.5.jar:/home/runner/.m2/repository/org/testcontainers/mssqlserver/1.20.6/mssqlserver-1.20.6.jar:/home/runner/.m2/repository/org/testcontainers/jdbc/1.20.6/jdbc-1.20.6.jar:/home/runner/.m2/repository/org/testcontainers/database-commons/1.20.6/database-commons-1.20.6.jar:/home/runner/.m2/repository/org/testcontainers/mysql/1.20.6/mysql-1.20.6.jar:/home/runner/.m2/repository/io/strimzi/strimzi-test-container/0.107.0/strimzi-test-container-0.107.0.jar:/home/runner/.m2/repository/org/testcontainers/toxiproxy/1.20.6/toxiproxy-1.20.6.jar:/home/runner/.m2/repository/com/github/docker-java/docker-java-api/3.4.1/docker-java-api-3.4.1.jar:/home/runner/.m2/repository/eu/rekawek/toxiproxy/toxiproxy-java/2.1.7/toxiproxy-java-2.1.7.jar:/home/runner/.m2/repository/junit/junit/4.13.2/junit-4.13.2.jar:/home/runner/.m2/repository/org/hamcrest/hamcrest-core/1.3/hamcrest-core-1.3.jar:/home/runner/.m2/repository/org/testcontainers/pulsar/1.20.4/pulsar-1.20.4.jar:/home/runner/.m2/repository/io/debezium/debezium-testing-testcontainers/2.6.2.Final/debezium-testing-testcontainers-2.6.2.Final.jar:/home/runner/.m2/repository/org/testcontainers/kafka/1.20.6/kafka-1.20.6.jar:/home/runner/.m2/repository/com/squareup/okhttp3/okhttp/4.8.1/okhttp-4.8.1.jar:/home/runner/.m2/repository/com/squareup/okio/okio/3.10.2/okio-3.10.2.jar:/home/runner/.m2/repository/com/squareup/okio/okio-jvm/3.10.2/okio-jvm-3.10.2.jar:/home/runner/.m2/repository/org/jetbrains/kotlin/kotlin-stdlib/2.0.21/kotlin-stdlib-2.0.21.jar:/home/runner/.m2/repository/org/awaitility/awaitility/4.2.2/awaitility-4.2.2.jar:/home/runner/.m2/repository/org/testcontainers/mongodb/1.20.6/mongodb-1.20.6.jar:/home/runner/.m2/repository/org/testcontainers/oracle-xe/1.20.6/oracle-xe-1.20.6.jar:/home/runner/.m2/repository/org/testcontainers/postgresql/1.20.6/postgresql-1.20.6.jar:/home/runner/.m2/repository/org/wiremock/wiremock/3.0.1/wiremock-3.0.1.jar:/home/runner/.m2/repository/org/eclipse/jetty/jetty-server/11.0.15/jetty-server-11.0.15.jar:/home/runner/.m2/repository/org/eclipse/jetty/toolchain/jetty-jakarta-servlet-api/5.0.2/jetty-jakarta-servlet-api-5.0.2.jar:/home/runner/.m2/repository/org/eclipse/jetty/jetty-http/11.0.15/jetty-http-11.0.15.jar:/home/runner/.m2/repository/org/eclipse/jetty/jetty-io/11.0.15/jetty-io-11.0.15.jar:/home/runner/.m2/repository/org/eclipse/jetty/jetty-servlet/11.0.15/jetty-servlet-11.0.15.jar:/home/runner/.m2/repository/org/eclipse/jetty/jetty-security/11.0.15/jetty-security-11.0.15.jar:/home/runner/.m2/repository/org/eclipse/jetty/jetty-servlets/11.0.15/jetty-servlets-11.0.15.jar:/home/runner/.m2/repository/org/eclipse/jetty/jetty-util/11.0.15/jetty-util-11.0.15.jar:/home/runner/.m2/repository/org/eclipse/jetty/jetty-webapp/11.0.15/jetty-webapp-11.0.15.jar:/home/runner/.m2/repository/org/eclipse/jetty/jetty-xml/11.0.15/jetty-xml-11.0.15.jar:/home/runner/.m2/repository/org/eclipse/jetty/jetty-proxy/11.0.15/jetty-proxy-11.0.15.jar:/home/runner/.m2/repository/org/eclipse/jetty/jetty-client/11.0.15/jetty-client-11.0.15.jar:/home/runner/.m2/repository/org/eclipse/jetty/http2/http2-server/11.0.15/http2-server-11.0.15.jar:/home/runner/.m2/repository/org/eclipse/jetty/http2/http2-common/11.0.15/http2-common-11.0.15.jar:/home/runner/.m2/repository/org/eclipse/jetty/http2/http2-hpack/11.0.15/http2-hpack-11.0.15.jar:/home/runner/.m2/repository/org/eclipse/jetty/jetty-alpn-server/11.0.15/jetty-alpn-server-11.0.15.jar:/home/runner/.m2/repository/org/eclipse/jetty/jetty-alpn-java-server/11.0.15/jetty-alpn-java-server-11.0.15.jar:/home/runner/.m2/repository/org/eclipse/jetty/jetty-alpn-java-client/11.0.15/jetty-alpn-java-client-11.0.15.jar:/home/runner/.m2/repository/org/eclipse/jetty/jetty-alpn-client/11.0.15/jetty-alpn-client-11.0.15.jar:/home/runner/.m2/repository/org/apache/httpcomponents/client5/httpclient5/5.2.1/httpclient5-5.2.1.jar:/home/runner/.m2/repository/org/apache/httpcomponents/core5/httpcore5/5.2/httpcore5-5.2.jar:/home/runner/.m2/repository/org/apache/httpcomponents/core5/httpcore5-h2/5.2/httpcore5-h2-5.2.jar:/home/runner/.m2/repository/org/xmlunit/xmlunit-core/2.9.1/xmlunit-core-2.9.1.jar:/home/runner/.m2/repository/jakarta/xml/bind/jakarta.xml.bind-api/4.0.2/jakarta.xml.bind-api-4.0.2.jar:/home/runner/.m2/repository/org/xmlunit/xmlunit-legacy/2.9.1/xmlunit-legacy-2.9.1.jar:/home/runner/.m2/repository/org/xmlunit/xmlunit-placeholders/2.9.1/xmlunit-placeholders-2.9.1.jar:/home/runner/.m2/repository/net/javacrumbs/json-unit/json-unit-core/2.38.0/json-unit-core-2.38.0.jar:/home/runner/.m2/repository/com/jayway/jsonpath/json-path/2.8.0/json-path-2.8.0.jar:/home/runner/.m2/repository/net/minidev/json-smart/2.4.10/json-smart-2.4.10.jar:/home/runner/.m2/repository/net/minidev/accessors-smart/2.4.9/accessors-smart-2.4.9.jar:/home/runner/.m2/repository/org/ow2/asm/asm/9.7.1/asm-9.7.1.jar:/home/runner/.m2/repository/net/sf/jopt-simple/jopt-simple/5.0.4/jopt-simple-5.0.4.jar:/home/runner/.m2/repository/com/github/jknack/handlebars/4.3.1/handlebars-4.3.1.jar:/home/runner/.m2/repository/com/github/jknack/handlebars-helpers/4.3.1/handlebars-helpers-4.3.1.jar:/home/runner/.m2/repository/commons-fileupload/commons-fileupload/1.5/commons-fileupload-1.5.jar:/home/runner/.m2/repository/com/networknt/json-schema-validator/1.5.5/json-schema-validator-1.5.5.jar:/home/runner/.m2/repository/com/ethlo/time/itu/1.10.3/itu-1.10.3.jar:/home/runner/.m2/repository/io/quarkus/quarkus-smallrye-jwt-build/3.20.1/quarkus-smallrye-jwt-build-3.20.1.jar:/home/runner/.m2/repository/io/smallrye/smallrye-jwt-build/4.6.1/smallrye-jwt-build-4.6.1.jar:/home/runner/.m2/repository/org/eclipse/microprofile/jwt/microprofile-jwt-auth-api/2.1/microprofile-jwt-auth-api-2.1.jar:/home/runner/.m2/repository/org/bitbucket/b_c/jose4j/0.9.6/jose4j-0.9.6.jar:/home/runner/.m2/repository/io/smallrye/smallrye-jwt-common/4.6.1/smallrye-jwt-common-4.6.1.jar:/home/runner/.m2/repository/io/quarkus/quarkus-jsonp/3.20.1/quarkus-jsonp-3.20.1.jar:/home/runner/.m2/repository/io/quarkus/quarkus-arc/3.20.1/quarkus-arc-3.20.1.jar:/home/runner/.m2/repository/io/quarkus/arc/arc/3.20.1/arc-3.20.1.jar:/home/runner/.m2/repository/jakarta/transaction/jakarta.transaction-api/2.0.1/jakarta.transaction-api-2.0.1.jar:/home/runner/.m2/repository/io/smallrye/reactive/mutiny/2.8.0/mutiny-2.8.0.jar:/home/runner/.m2/repository/org/jctools/jctools-core/4.0.5/jctools-core-4.0.5.jar:/home/runner/.m2/repository/org/eclipse/microprofile/context-propagation/microprofile-context-propagation-api/1.3/microprofile-context-propagation-api-1.3.jar:/home/runner/.m2/repository/io/apicurio/apicurio-common-rest-client-common/0.1.18.Final/apicurio-common-rest-client-common-0.1.18.Final.jar:/home/runner/work/apicurio-testing/apicurio-testing/clusters/ci419/namespaces/inmemory/tests/integration/apicurio-registry/utils/maven-plugin/target/apicurio-registry-maven-plugin-3.0.11-SNAPSHOT.jar:/home/runner/.m2/repository/com/fasterxml/jackson/core/jackson-databind/2.18.2/jackson-databind-2.18.2.jar:/home/runner/.m2/repository/org/apache/avro/avro/1.12.0/avro-1.12.0.jar:/home/runner/.m2/repository/com/google/protobuf/protobuf-java/4.31.1/protobuf-java-4.31.1.jar:/home/runner/.m2/repository/com/google/protobuf/protobuf-java-util/4.31.1/protobuf-java-util-4.31.1.jar:/home/runner/.m2/repository/com/google/code/findbugs/jsr305/3.0.2/jsr305-3.0.2.jar:/home/runner/.m2/repository/com/google/code/gson/gson/2.12.1/gson-2.12.1.jar:/home/runner/.m2/repository/com/google/errorprone/error_prone_annotations/2.36.0/error_prone_annotations-2.36.0.jar:/home/runner/.m2/repository/com/google/j2objc/j2objc-annotations/2.8/j2objc-annotations-2.8.jar:/home/runner/work/apicurio-testing/apicurio-testing/clusters/ci419/namespaces/inmemory/tests/integration/apicurio-registry/schema-util/util-provider/target/apicurio-registry-schema-util-provider-3.0.11-SNAPSHOT.jar:/home/runner/work/apicurio-testing/apicurio-testing/clusters/ci419/namespaces/inmemory/tests/integration/apicurio-registry/schema-util/common/target/apicurio-registry-schema-util-common-3.0.11-SNAPSHOT.jar:/home/runner/.m2/repository/com/fasterxml/jackson/module/jackson-module-parameter-names/2.18.2/jackson-module-parameter-names-2.18.2.jar:/home/runner/.m2/repository/com/fasterxml/jackson/datatype/jackson-datatype-json-org/2.18.2/jackson-datatype-json-org-2.18.2.jar:/home/runner/work/apicurio-testing/apicurio-testing/clusters/ci419/namespaces/inmemory/tests/integration/apicurio-registry/schema-util/json/target/apicurio-registry-schema-util-json-3.0.11-SNAPSHOT.jar:/home/runner/.m2/repository/com/github/erosb/everit-json-schema/1.14.5/everit-json-schema-1.14.5.jar:/home/runner/.m2/repository/commons-validator/commons-validator/1.9.0/commons-validator-1.9.0.jar:/home/runner/.m2/repository/commons-digester/commons-digester/2.1/commons-digester-2.1.jar:/home/runner/.m2/repository/commons-collections/commons-collections/3.2.2/commons-collections-3.2.2.jar:/home/runner/.m2/repository/com/damnhandy/handy-uri-templates/2.1.8/handy-uri-templates-2.1.8.jar:/home/runner/.m2/repository/joda-time/joda-time/2.10.2/joda-time-2.10.2.jar:/home/runner/.m2/repository/com/github/erosb/json-sKema/0.20.0/json-sKema-0.20.0.jar:/home/runner/.m2/repository/io/vertx/vertx-json-schema/4.5.14/vertx-json-schema-4.5.14.jar:/home/runner/work/apicurio-testing/apicurio-testing/clusters/ci419/namespaces/inmemory/tests/integration/apicurio-registry/schema-util/protobuf/target/apicurio-registry-schema-util-protobuf-3.0.11-SNAPSHOT.jar:/home/runner/work/apicurio-testing/apicurio-testing/clusters/ci419/namespaces/inmemory/tests/integration/apicurio-registry/utils/protobuf-schema-utilities/target/apicurio-registry-protobuf-schema-utilities-3.0.11-SNAPSHOT.jar:/home/runner/.m2/repository/com/google/api/grpc/proto-google-common-protos/2.52.0/proto-google-common-protos-2.52.0.jar:/home/runner/.m2/repository/com/squareup/wire/wire-schema-jvm/5.3.3/wire-schema-jvm-5.3.3.jar:/home/runner/.m2/repository/com/palantir/javapoet/javapoet/0.6.0/javapoet-0.6.0.jar:/home/runner/.m2/repository/com/squareup/kotlinpoet-jvm/2.0.0/kotlinpoet-jvm-2.0.0.jar:/home/runner/.m2/repository/org/jetbrains/kotlin/kotlin-reflect/2.0.21/kotlin-reflect-2.0.21.jar:/home/runner/.m2/repository/com/squareup/wire/wire-runtime-jvm/5.3.3/wire-runtime-jvm-5.3.3.jar:/home/runner/.m2/repository/com/ibm/icu/icu4j/76.1/icu4j-76.1.jar:/home/runner/.m2/repository/com/squareup/okio/okio-fakefilesystem/3.10.2/okio-fakefilesystem-3.10.2.jar:/home/runner/.m2/repository/com/squareup/okio/okio-fakefilesystem-jvm/3.10.2/okio-fakefilesystem-jvm-3.10.2.jar:/home/runner/.m2/repository/org/jetbrains/kotlinx/kotlinx-datetime-jvm/0.6.1/kotlinx-datetime-jvm-0.6.1.jar:/home/runner/work/apicurio-testing/apicurio-testing/clusters/ci419/namespaces/inmemory/tests/integration/apicurio-registry/schema-util/asyncapi/target/apicurio-registry-schema-util-asyncapi-3.0.11-SNAPSHOT.jar:/home/runner/work/apicurio-testing/apicurio-testing/clusters/ci419/namespaces/inmemory/tests/integration/apicurio-registry/schema-util/avro/target/apicurio-registry-schema-util-avro-3.0.11-SNAPSHOT.jar:/home/runner/work/apicurio-testing/apicurio-testing/clusters/ci419/namespaces/inmemory/tests/integration/apicurio-registry/schema-util/graphql/target/apicurio-registry-schema-util-graphql-3.0.11-SNAPSHOT.jar:/home/runner/.m2/repository/com/graphql-java/graphql-java/22.3/graphql-java-22.3.jar:/home/runner/.m2/repository/com/graphql-java/java-dataloader/3.3.0/java-dataloader-3.3.0.jar:/home/runner/work/apicurio-testing/apicurio-testing/clusters/ci419/namespaces/inmemory/tests/integration/apicurio-registry/schema-util/kconnect/target/apicurio-registry-schema-util-kconnect-3.0.11-SNAPSHOT.jar:/home/runner/work/apicurio-testing/apicurio-testing/clusters/ci419/namespaces/inmemory/tests/integration/apicurio-registry/schema-util/openapi/target/apicurio-registry-schema-util-openapi-3.0.11-SNAPSHOT.jar:/home/runner/.m2/repository/io/apicurio/apicurio-data-models/2.2.1/apicurio-data-models-2.2.1.jar:/home/runner/.m2/repository/org/openapitools/openapidiff/openapi-diff-core/2.1.2/openapi-diff-core-2.1.2.jar:/home/runner/.m2/repository/io/swagger/parser/v3/swagger-parser/2.1.28/swagger-parser-2.1.28.jar:/home/runner/.m2/repository/io/swagger/parser/v3/swagger-parser-v2-converter/2.1.28/swagger-parser-v2-converter-2.1.28.jar:/home/runner/.m2/repository/io/swagger/swagger-core/1.6.16/swagger-core-1.6.16.jar:/home/runner/.m2/repository/io/swagger/swagger-models/1.6.16/swagger-models-1.6.16.jar:/home/runner/.m2/repository/io/swagger/swagger-annotations/1.6.16/swagger-annotations-1.6.16.jar:/home/runner/.m2/repository/io/swagger/swagger-parser/1.0.75/swagger-parser-1.0.75.jar:/home/runner/.m2/repository/io/swagger/swagger-parser-safe-url-resolver/1.0.75/swagger-parser-safe-url-resolver-1.0.75.jar:/home/runner/.m2/repository/io/swagger/swagger-compat-spec-parser/1.0.75/swagger-compat-spec-parser-1.0.75.jar:/home/runner/.m2/repository/com/github/java-json-tools/json-schema-validator/2.2.14/json-schema-validator-2.2.14.jar:/home/runner/.m2/repository/com/github/java-json-tools/jackson-coreutils-equivalence/1.0/jackson-coreutils-equivalence-1.0.jar:/home/runner/.m2/repository/com/github/java-json-tools/json-schema-core/1.2.14/json-schema-core-1.2.14.jar:/home/runner/.m2/repository/com/github/java-json-tools/uri-template/0.10/uri-template-0.10.jar:/home/runner/.m2/repository/com/googlecode/libphonenumber/libphonenumber/8.11.1/libphonenumber-8.11.1.jar:/home/runner/.m2/repository/com/j2html/j2html/1.6.0/j2html-1.6.0.jar:/home/runner/.m2/repository/org/apache/commons/commons-collections4/4.5.0/commons-collections4-4.5.0.jar:/home/runner/.m2/repository/org/apache/commons/commons-configuration2/2.12.0/commons-configuration2-2.12.0.jar:/home/runner/.m2/repository/org/apache/commons/commons-text/1.13.0/commons-text-1.13.0.jar:/home/runner/.m2/repository/org/slf4j/jcl-over-slf4j/2.0.17/jcl-over-slf4j-2.0.17.jar:/home/runner/.m2/repository/io/swagger/parser/v3/swagger-parser-v3/2.1.30/swagger-parser-v3-2.1.30.jar:/home/runner/.m2/repository/io/swagger/core/v3/swagger-models/2.2.34/swagger-models-2.2.34.jar:/home/runner/.m2/repository/io/swagger/core/v3/swagger-core/2.2.34/swagger-core-2.2.34.jar:/home/runner/.m2/repository/io/swagger/parser/v3/swagger-parser-core/2.1.30/swagger-parser-core-2.1.30.jar:/home/runner/.m2/repository/io/swagger/parser/v3/swagger-parser-safe-url-resolver/2.1.30/swagger-parser-safe-url-resolver-2.1.30.jar:/home/runner/work/apicurio-testing/apicurio-testing/clusters/ci419/namespaces/inmemory/tests/integration/apicurio-registry/schema-util/wsdl/target/apicurio-registry-schema-util-wsdl-3.0.11-SNAPSHOT.jar:/home/runner/.m2/repository/wsdl4j/wsdl4j/1.6.3/wsdl4j-1.6.3.jar:/home/runner/work/apicurio-testing/apicurio-testing/clusters/ci419/namespaces/inmemory/tests/integration/apicurio-registry/schema-util/xml/target/apicurio-registry-schema-util-xml-3.0.11-SNAPSHOT.jar:/home/runner/.m2/repository/org/apache/santuario/xmlsec/4.0.3/xmlsec-4.0.3.jar:/home/runner/.m2/repository/com/fasterxml/woodstox/woodstox-core/7.1.0/woodstox-core-7.1.0.jar:/home/runner/.m2/repository/org/codehaus/woodstox/stax2-api/4.2.2/stax2-api-4.2.2.jar:/home/runner/work/apicurio-testing/apicurio-testing/clusters/ci419/namespaces/inmemory/tests/integration/apicurio-registry/schema-util/xsd/target/apicurio-registry-schema-util-xsd-3.0.11-SNAPSHOT.jar:/home/runner/work/apicurio-testing/apicurio-testing/clusters/ci419/namespaces/inmemory/tests/integration/apicurio-registry/serdes/kafka/jsonschema-serde/target/apicurio-registry-jsonschema-serde-kafka-3.0.11-SNAPSHOT.jar:/home/runner/work/apicurio-testing/apicurio-testing/clusters/ci419/namespaces/inmemory/tests/integration/apicurio-registry/serdes/kafka/serde-kafka-common/target/apicurio-registry-serde-kafka-common-3.0.11-SNAPSHOT.jar:/home/runner/work/apicurio-testing/apicurio-testing/clusters/ci419/namespaces/inmemory/tests/integration/apicurio-registry/serdes/generic/serde-common/target/apicurio-registry-serde-common-3.0.11-SNAPSHOT.jar:/home/runner/work/apicurio-testing/apicurio-testing/clusters/ci419/namespaces/inmemory/tests/integration/apicurio-registry/serdes/generic/serde-common-jsonschema/target/apicurio-registry-serde-common-jsonschema-3.0.11-SNAPSHOT.jar:/home/runner/.m2/repository/org/json/json/20250107/json-20250107.jar:/home/runner/work/apicurio-testing/apicurio-testing/clusters/ci419/namespaces/inmemory/tests/integration/apicurio-registry/serdes/kafka/avro-serde/target/apicurio-registry-avro-serde-kafka-3.0.11-SNAPSHOT.jar:/home/runner/work/apicurio-testing/apicurio-testing/clusters/ci419/namespaces/inmemory/tests/integration/apicurio-registry/serdes/generic/serde-common-avro/target/apicurio-registry-serde-common-avro-3.0.11-SNAPSHOT.jar:/home/runner/work/apicurio-testing/apicurio-testing/clusters/ci419/namespaces/inmemory/tests/integration/apicurio-registry/serdes/kafka/protobuf-serde/target/apicurio-registry-protobuf-serde-kafka-3.0.11-SNAPSHOT.jar:/home/runner/work/apicurio-testing/apicurio-testing/clusters/ci419/namespaces/inmemory/tests/integration/apicurio-registry/serdes/generic/serde-common-protobuf/target/apicurio-registry-serde-common-protobuf-3.0.11-SNAPSHOT.jar:/home/runner/.m2/repository/com/squareup/wire/wire-schema/5.3.3/wire-schema-5.3.3.jar:/home/runner/.m2/repository/com/squareup/wire/wire-runtime/5.3.3/wire-runtime-5.3.3.jar:/home/runner/work/apicurio-testing/apicurio-testing/clusters/ci419/namespaces/inmemory/tests/integration/apicurio-registry/serdes/pulsar/avro-serde/target/apicurio-registry-avro-serde-pulsar-3.0.11-SNAPSHOT.jar:/home/runner/.m2/repository/org/apache/pulsar/pulsar-functions-api/3.3.4/pulsar-functions-api-3.3.4.jar:/home/runner/work/apicurio-testing/apicurio-testing/clusters/ci419/namespaces/inmemory/tests/integration/apicurio-registry/serdes/nats/avro-serde/target/apicurio-registry-avro-serde-nats-3.0.11-SNAPSHOT.jar:/home/runner/.m2/repository/io/nats/jnats/2.20.5/jnats-2.20.5.jar:/home/runner/.m2/repository/net/i2p/crypto/eddsa/0.3.0/eddsa-0.3.0.jar:/home/runner/work/apicurio-testing/apicurio-testing/clusters/ci419/namespaces/inmemory/tests/integration/apicurio-registry/utils/converter/target/apicurio-registry-utils-converter-3.0.11-SNAPSHOT.jar:/home/runner/work/apicurio-testing/apicurio-testing/clusters/ci419/namespaces/inmemory/tests/integration/apicurio-registry/schema-resolver/target/apicurio-registry-schema-resolver-3.0.11-SNAPSHOT.jar:/home/runner/.m2/repository/org/apache/kafka/connect-api/3.9.1/connect-api-3.9.1.jar:/home/runner/.m2/repository/javax/ws/rs/javax.ws.rs-api/2.1.1/javax.ws.rs-api-2.1.1.jar:/home/runner/.m2/repository/org/apache/kafka/connect-json/3.9.1/connect-json-3.9.1.jar:/home/runner/.m2/repository/com/fasterxml/jackson/datatype/jackson-datatype-jdk8/2.18.2/jackson-datatype-jdk8-2.18.2.jar:/home/runner/.m2/repository/com/fasterxml/jackson/module/jackson-module-afterburner/2.18.2/jackson-module-afterburner-2.18.2.jar:/home/runner/work/apicurio-testing/apicurio-testing/clusters/ci419/namespaces/inmemory/tests/integration/apicurio-registry/utils/kafka/target/apicurio-registry-utils-kafka-3.0.11-SNAPSHOT.jar:/home/runner/.m2/repository/org/apache/pulsar/pulsar-client/3.3.4/pulsar-client-3.3.4.jar:/home/runner/.m2/repository/org/apache/pulsar/pulsar-client-api/3.3.4/pulsar-client-api-3.3.4.jar:/home/runner/.m2/repository/org/apache/pulsar/pulsar-client-admin-api/3.3.4/pulsar-client-admin-api-3.3.4.jar:/home/runner/.m2/repository/org/apache/pulsar/bouncy-castle-bc/3.3.4/bouncy-castle-bc-3.3.4-pkg.jar:/home/runner/.m2/repository/org/bouncycastle/bcpkix-jdk18on/1.80/bcpkix-jdk18on-1.80.jar:/home/runner/.m2/repository/org/bouncycastle/bcutil-jdk18on/1.80/bcutil-jdk18on-1.80.jar:/home/runner/.m2/repository/org/bouncycastle/bcprov-jdk18on/1.80/bcprov-jdk18on-1.80.jar:/home/runner/.m2/repository/io/opentelemetry/opentelemetry-api/1.44.1/opentelemetry-api-1.44.1.jar:/home/runner/.m2/repository/io/opentelemetry/opentelemetry-context/1.44.1/opentelemetry-context-1.44.1.jar:/home/runner/.m2/repository/io/opentelemetry/opentelemetry-api-incubator/1.44.1-alpha/opentelemetry-api-incubator-1.44.1-alpha.jar:/home/runner/.m2/repository/com/fasterxml/jackson/core/jackson-annotations/2.18.2/jackson-annotations-2.18.2.jar:/home/runner/.m2/repository/javax/validation/validation-api/1.1.0.Final/validation-api-1.1.0.Final.jar:/home/runner/.m2/repository/io/confluent/kafka-avro-serializer/8.0.0/kafka-avro-serializer-8.0.0.jar:/home/runner/.m2/repository/org/apache/commons/commons-compress/1.27.1/commons-compress-1.27.1.jar:/home/runner/.m2/repository/io/confluent/kafka-schema-serializer/8.0.0/kafka-schema-serializer-8.0.0.jar:/home/runner/.m2/repository/com/fasterxml/jackson/dataformat/jackson-dataformat-csv/2.18.2/jackson-dataformat-csv-2.18.2.jar:/home/runner/.m2/repository/io/confluent/kafka-schema-registry-client/8.0.0/kafka-schema-registry-client-8.0.0.jar:/home/runner/.m2/repository/org/yaml/snakeyaml/2.3/snakeyaml-2.3.jar:/home/runner/.m2/repository/io/swagger/core/v3/swagger-annotations/2.2.29/swagger-annotations-2.2.29.jar:/home/runner/.m2/repository/com/google/guava/guava/33.4.0-jre/guava-33.4.0-jre.jar:/home/runner/.m2/repository/com/google/guava/failureaccess/1.0.1/failureaccess-1.0.1.jar:/home/runner/.m2/repository/org/checkerframework/checker-qual/3.49.0/checker-qual-3.49.0.jar:/home/runner/.m2/repository/io/confluent/logredactor/1.0.13/logredactor-1.0.13.jar:/home/runner/.m2/repository/com/google/re2j/re2j/1.6/re2j-1.6.jar:/home/runner/.m2/repository/io/confluent/logredactor-metrics/1.0.13/logredactor-metrics-1.0.13.jar:/home/runner/.m2/repository/com/eclipsesource/minimal-json/minimal-json/0.9.5/minimal-json-0.9.5.jar:/home/runner/.m2/repository/io/confluent/common-utils/8.0.0/common-utils-8.0.0.jar:/home/runner/.m2/repository/io/confluent/kafka-connect-avro-converter/8.0.0/kafka-connect-avro-converter-8.0.0.jar:/home/runner/.m2/repository/io/confluent/kafka-connect-avro-data/8.0.0/kafka-connect-avro-data-8.0.0.jar:/home/runner/.m2/repository/io/confluent/kafka-schema-converter/8.0.0/kafka-schema-converter-8.0.0.jar:/home/runner/.m2/repository/io/rest-assured/rest-assured/5.5.1/rest-assured-5.5.1.jar:/home/runner/.m2/repository/org/apache/groovy/groovy/4.0.22/groovy-4.0.22.jar:/home/runner/.m2/repository/org/apache/groovy/groovy-xml/4.0.22/groovy-xml-4.0.22.jar:/home/runner/.m2/repository/org/apache/httpcomponents/httpclient/4.5.14/httpclient-4.5.14.jar:/home/runner/.m2/repository/org/apache/httpcomponents/httpcore/4.4.16/httpcore-4.4.16.jar:/home/runner/.m2/repository/org/apache/httpcomponents/httpmime/4.5.14/httpmime-4.5.14.jar:/home/runner/.m2/repository/org/hamcrest/hamcrest/2.2/hamcrest-2.2.jar:/home/runner/.m2/repository/org/ccil/cowan/tagsoup/tagsoup/1.2.1/tagsoup-1.2.1.jar:/home/runner/.m2/repository/io/rest-assured/json-path/5.5.1/json-path-5.5.1.jar:/home/runner/.m2/repository/org/apache/groovy/groovy-json/4.0.22/groovy-json-4.0.22.jar:/home/runner/.m2/repository/io/rest-assured/rest-assured-common/5.5.1/rest-assured-common-5.5.1.jar:/home/runner/.m2/repository/io/rest-assured/xml-path/5.5.1/xml-path-5.5.1.jar:/home/runner/.m2/repository/io/zonky/test/embedded-postgres/2.1.0/embedded-postgres-2.1.0.jar:/home/runner/.m2/repository/io/zonky/test/postgres/embedded-postgres-binaries-windows-amd64/14.15.0/embedded-postgres-binaries-windows-amd64-14.15.0.jar:/home/runner/.m2/repository/io/zonky/test/postgres/embedded-postgres-binaries-darwin-amd64/14.15.0/embedded-postgres-binaries-darwin-amd64-14.15.0.jar:/home/runner/.m2/repository/io/zonky/test/postgres/embedded-postgres-binaries-linux-amd64/14.15.0/embedded-postgres-binaries-linux-amd64-14.15.0.jar:/home/runner/.m2/repository/io/zonky/test/postgres/embedded-postgres-binaries-linux-amd64-alpine/14.15.0/embedded-postgres-binaries-linux-amd64-alpine-14.15.0.jar:/home/runner/.m2/repository/org/apache/commons/commons-lang3/3.17.0/commons-lang3-3.17.0.jar:/home/runner/.m2/repository/org/tukaani/xz/1.10/xz-1.10.jar:/home/runner/.m2/repository/commons-codec/commons-codec/1.18.0/commons-codec-1.18.0.jar:/home/runner/.m2/repository/org/postgresql/postgresql/42.7.5/postgresql-42.7.5.jar:/home/runner/.m2/repository/commons-io/commons-io/2.18.0/commons-io-2.18.0.jar:/home/runner/work/apicurio-testing/apicurio-testing/clusters/ci419/namespaces/inmemory/tests/integration/apicurio-registry/utils/importexport/target/apicurio-registry-utils-import-export-3.0.11-SNAPSHOT.jar:/home/runner/.m2/repository/io/vertx/vertx-core/4.5.14/vertx-core-4.5.14.jar:/home/runner/.m2/repository/io/netty/netty-common/4.1.119.Final/netty-common-4.1.119.Final.jar:/home/runner/.m2/repository/io/netty/netty-buffer/4.1.119.Final/netty-buffer-4.1.119.Final.jar:/home/runner/.m2/repository/io/netty/netty-transport/4.1.119.Final/netty-transport-4.1.119.Final.jar:/home/runner/.m2/repository/io/netty/netty-handler/4.1.119.Final/netty-handler-4.1.119.Final.jar:/home/runner/.m2/repository/io/netty/netty-transport-native-unix-common/4.1.119.Final/netty-transport-native-unix-common-4.1.119.Final.jar:/home/runner/.m2/repository/io/netty/netty-codec/4.1.119.Final/netty-codec-4.1.119.Final.jar:/home/runner/.m2/repository/io/netty/netty-handler-proxy/4.1.119.Final/netty-handler-proxy-4.1.119.Final.jar:/home/runner/.m2/repository/io/netty/netty-codec-socks/4.1.119.Final/netty-codec-socks-4.1.119.Final.jar:/home/runner/.m2/repository/io/netty/netty-codec-http/4.1.119.Final/netty-codec-http-4.1.119.Final.jar:/home/runner/.m2/repository/io/netty/netty-codec-http2/4.1.119.Final/netty-codec-http2-4.1.119.Final.jar:/home/runner/.m2/repository/io/netty/netty-resolver/4.1.119.Final/netty-resolver-4.1.119.Final.jar:/home/runner/.m2/repository/io/netty/netty-resolver-dns/4.1.119.Final/netty-resolver-dns-4.1.119.Final.jar:/home/runner/.m2/repository/io/netty/netty-codec-dns/4.1.119.Final/netty-codec-dns-4.1.119.Final.jar:/home/runner/.m2/repository/com/fasterxml/jackson/core/jackson-core/2.18.2/jackson-core-2.18.2.jar:"/>
    <property name="java.vm.vendor" value="Eclipse Adoptium"/>
    <property name="maven.javadoc.skip" value="true"/>
    <property name="sun.arch.data.model" value="64"/>
    <property name="java.vendor.url" value="https://adoptium.net/"/>
    <property name="user.timezone" value="Etc/UTC"/>
    <property name="os.name" value="Linux"/>
    <property name="java.vm.specification.version" value="17"/>
    <property name="sun.java.launcher" value="SUN_STANDARD"/>
    <property name="quarkus.http.test-port" value="80"/>
    <property name="sun.boot.library.path" value="/usr/lib/jvm/temurin-17-jdk-amd64/lib"/>
    <property name="sun.java.command" value="/home/runner/work/apicurio-testing/apicurio-testing/clusters/ci419/namespaces/inmemory/tests/integration/apicurio-registry/integration-tests/target/surefire/surefirebooter-20250731181204509_3.jar /home/runner/work/apicurio-testing/apicurio-testing/clusters/ci419/namespaces/inmemory/tests/integration/apicurio-registry/integration-tests/target/surefire 2025-07-31T18-12-04_406-jvmRun1 surefire-20250731181204509_1tmp surefire_0-20250731181204509_2tmp"/>
    <property name="maven.home" value="/home/runner/.m2/wrapper/dists/apache-maven-3.9.8-bin/4fnp1ql35bgk2a0p7m31ovbgb0/apache-maven-3.9.8"/>
    <property name="jdk.debug" value="release"/>
    <property name="surefire.test.class.path" value="/home/runner/work/apicurio-testing/apicurio-testing/clusters/ci419/namespaces/inmemory/tests/integration/apicurio-registry/integration-tests/target/test-classes:/home/runner/work/apicurio-testing/apicurio-testing/clusters/ci419/namespaces/inmemory/tests/integration/apicurio-registry/integration-tests/target/apicurio-registry-integration-tests-3.0.11-SNAPSHOT.jar:/home/runner/.m2/repository/io/quarkus/quarkus-junit5/3.20.1/quarkus-junit5-3.20.1.jar:/home/runner/.m2/repository/io/quarkus/quarkus-bootstrap-core/3.20.1/quarkus-bootstrap-core-3.20.1.jar:/home/runner/.m2/repository/io/quarkus/quarkus-classloader-commons/3.20.1/quarkus-classloader-commons-3.20.1.jar:/home/runner/.m2/repository/io/quarkus/quarkus-bootstrap-app-model/3.20.1/quarkus-bootstrap-app-model-3.20.1.jar:/home/runner/.m2/repository/io/smallrye/common/smallrye-common-io/2.12.0/smallrye-common-io-2.12.0.jar:/home/runner/.m2/repository/org/eclipse/sisu/org.eclipse.sisu.inject/0.9.0.M3/org.eclipse.sisu.inject-0.9.0.M3.jar:/home/runner/.m2/repository/io/quarkus/quarkus-test-common/3.20.1/quarkus-test-common-3.20.1.jar:/home/runner/.m2/repository/io/quarkus/quarkus-core-deployment/3.20.1/quarkus-core-deployment-3.20.1.jar:/home/runner/.m2/repository/org/aesh/readline/2.6/readline-2.6.jar:/home/runner/.m2/repository/org/fusesource/jansi/jansi/2.4.0/jansi-2.4.0.jar:/home/runner/.m2/repository/org/aesh/aesh/2.8.2/aesh-2.8.2.jar:/home/runner/.m2/repository/io/quarkus/gizmo/gizmo/1.8.0/gizmo-1.8.0.jar:/home/runner/.m2/repository/org/ow2/asm/asm-util/9.7.1/asm-util-9.7.1.jar:/home/runner/.m2/repository/org/ow2/asm/asm-analysis/9.7.1/asm-analysis-9.7.1.jar:/home/runner/.m2/repository/org/ow2/asm/asm-commons/9.7.1/asm-commons-9.7.1.jar:/home/runner/.m2/repository/org/ow2/asm/asm-tree/9.7.1/asm-tree-9.7.1.jar:/home/runner/.m2/repository/io/quarkus/quarkus-hibernate-validator-spi/3.20.1/quarkus-hibernate-validator-spi-3.20.1.jar:/home/runner/.m2/repository/io/quarkus/quarkus-class-change-agent/3.20.1/quarkus-class-change-agent-3.20.1.jar:/home/runner/.m2/repository/io/quarkus/quarkus-devtools-utilities/3.20.1/quarkus-devtools-utilities-3.20.1.jar:/home/runner/.m2/repository/io/quarkus/quarkus-builder/3.20.1/quarkus-builder-3.20.1.jar:/home/runner/.m2/repository/org/graalvm/sdk/nativeimage/23.1.2/nativeimage-23.1.2.jar:/home/runner/.m2/repository/org/graalvm/sdk/word/23.1.2/word-23.1.2.jar:/home/runner/.m2/repository/io/quarkus/quarkus-bootstrap-maven-resolver/3.20.1/quarkus-bootstrap-maven-resolver-3.20.1.jar:/home/runner/.m2/repository/io/smallrye/beanbag/smallrye-beanbag-maven/1.5.2/smallrye-beanbag-maven-1.5.2.jar:/home/runner/.m2/repository/io/smallrye/beanbag/smallrye-beanbag-sisu/1.5.2/smallrye-beanbag-sisu-1.5.2.jar:/home/runner/.m2/repository/io/smallrye/beanbag/smallrye-beanbag/1.5.2/smallrye-beanbag-1.5.2.jar:/home/runner/.m2/repository/javax/inject/javax.inject/1/javax.inject-1.jar:/home/runner/.m2/repository/org/apache/maven/maven-artifact/3.9.9/maven-artifact-3.9.9.jar:/home/runner/.m2/repository/org/apache/maven/maven-builder-support/3.9.9/maven-builder-support-3.9.9.jar:/home/runner/.m2/repository/org/apache/maven/maven-model/3.9.9/maven-model-3.9.9.jar:/home/runner/.m2/repository/org/apache/maven/maven-model-builder/3.9.9/maven-model-builder-3.9.9.jar:/home/runner/.m2/repository/org/apache/maven/maven-repository-metadata/3.9.9/maven-repository-metadata-3.9.9.jar:/home/runner/.m2/repository/org/apache/maven/maven-settings/3.9.9/maven-settings-3.9.9.jar:/home/runner/.m2/repository/org/apache/maven/resolver/maven-resolver-api/1.9.22/maven-resolver-api-1.9.22.jar:/home/runner/.m2/repository/org/apache/maven/resolver/maven-resolver-impl/1.9.22/maven-resolver-impl-1.9.22.jar:/home/runner/.m2/repository/org/apache/maven/resolver/maven-resolver-named-locks/1.9.22/maven-resolver-named-locks-1.9.22.jar:/home/runner/.m2/repository/org/apache/maven/resolver/maven-resolver-spi/1.9.22/maven-resolver-spi-1.9.22.jar:/home/runner/.m2/repository/org/apache/maven/resolver/maven-resolver-util/1.9.22/maven-resolver-util-1.9.22.jar:/home/runner/.m2/repository/org/apache/maven/resolver/maven-resolver-transport-http/1.9.20/maven-resolver-transport-http-1.9.20.jar:/home/runner/.m2/repository/org/apache/maven/wagon/wagon-provider-api/3.5.3/wagon-provider-api-3.5.3.jar:/home/runner/.m2/repository/org/apache/maven/wagon/wagon-http-shared/3.5.3/wagon-http-shared-3.5.3.jar:/home/runner/.m2/repository/org/codehaus/plexus/plexus-interpolation/1.26/plexus-interpolation-1.26.jar:/home/runner/.m2/repository/org/codehaus/plexus/plexus-utils/3.5.1/plexus-utils-3.5.1.jar:/home/runner/.m2/repository/org/codehaus/plexus/plexus-xml/4.0.1/plexus-xml-4.0.1.jar:/home/runner/.m2/repository/org/apache/maven/maven-xml-impl/4.0.0-alpha-5/maven-xml-impl-4.0.0-alpha-5.jar:/home/runner/.m2/repository/org/apache/maven/maven-api-xml/4.0.0-alpha-5/maven-api-xml-4.0.0-alpha-5.jar:/home/runner/.m2/repository/org/apache/maven/maven-api-meta/4.0.0-alpha-5/maven-api-meta-4.0.0-alpha-5.jar:/home/runner/.m2/repository/org/codehaus/plexus/plexus-cipher/2.0/plexus-cipher-2.0.jar:/home/runner/.m2/repository/org/codehaus/plexus/plexus-sec-dispatcher/2.0/plexus-sec-dispatcher-2.0.jar:/home/runner/.m2/repository/org/apache/maven/maven-embedder/3.9.9/maven-embedder-3.9.9.jar:/home/runner/.m2/repository/org/apache/maven/maven-core/3.9.9/maven-core-3.9.9.jar:/home/runner/.m2/repository/org/codehaus/plexus/plexus-component-annotations/2.1.0/plexus-component-annotations-2.1.0.jar:/home/runner/.m2/repository/org/apache/maven/maven-plugin-api/3.9.9/maven-plugin-api-3.9.9.jar:/home/runner/.m2/repository/org/apache/maven/shared/maven-shared-utils/3.4.2/maven-shared-utils-3.4.2.jar:/home/runner/.m2/repository/com/google/inject/guice/5.1.0/guice-5.1.0.jar:/home/runner/.m2/repository/aopalliance/aopalliance/1.0/aopalliance-1.0.jar:/home/runner/.m2/repository/org/codehaus/plexus/plexus-classworlds/2.6.0/plexus-classworlds-2.6.0.jar:/home/runner/.m2/repository/commons-cli/commons-cli/1.8.0/commons-cli-1.8.0.jar:/home/runner/.m2/repository/org/eclipse/sisu/org.eclipse.sisu.plexus/0.9.0.M3/org.eclipse.sisu.plexus-0.9.0.M3.jar:/home/runner/.m2/repository/org/apache/maven/maven-settings-builder/3.9.9/maven-settings-builder-3.9.9.jar:/home/runner/.m2/repository/org/apache/maven/maven-resolver-provider/3.9.9/maven-resolver-provider-3.9.9.jar:/home/runner/.m2/repository/org/apache/maven/resolver/maven-resolver-connector-basic/1.9.22/maven-resolver-connector-basic-1.9.22.jar:/home/runner/.m2/repository/org/apache/maven/resolver/maven-resolver-transport-wagon/1.9.22/maven-resolver-transport-wagon-1.9.22.jar:/home/runner/.m2/repository/org/apache/maven/wagon/wagon-http/3.5.3/wagon-http-3.5.3.jar:/home/runner/.m2/repository/org/apache/maven/wagon/wagon-file/3.5.3/wagon-file-3.5.3.jar:/home/runner/.m2/repository/io/quarkus/quarkus-bootstrap-gradle-resolver/3.20.1/quarkus-bootstrap-gradle-resolver-3.20.1.jar:/home/runner/.m2/repository/io/smallrye/jandex/3.3.0/jandex-3.3.0.jar:/home/runner/.m2/repository/org/jboss/logging/commons-logging-jboss-logging/1.0.0.Final/commons-logging-jboss-logging-1.0.0.Final.jar:/home/runner/.m2/repository/io/quarkus/quarkus-junit5-config/3.20.1/quarkus-junit5-config-3.20.1.jar:/home/runner/.m2/repository/org/junit/jupiter/junit-jupiter-api/5.12.1/junit-jupiter-api-5.12.1.jar:/home/runner/.m2/repository/io/smallrye/config/smallrye-config/3.11.4/smallrye-config-3.11.4.jar:/home/runner/.m2/repository/io/smallrye/config/smallrye-config-core/3.11.4/smallrye-config-core-3.11.4.jar:/home/runner/.m2/repository/io/smallrye/common/smallrye-common-classloader/2.12.0/smallrye-common-classloader-2.12.0.jar:/home/runner/.m2/repository/io/smallrye/config/smallrye-config-common/3.11.4/smallrye-config-common-3.11.4.jar:/home/runner/.m2/repository/org/junit/jupiter/junit-jupiter/5.12.1/junit-jupiter-5.12.1.jar:/home/runner/.m2/repository/org/junit/jupiter/junit-jupiter-params/5.12.1/junit-jupiter-params-5.12.1.jar:/home/runner/.m2/repository/org/junit/jupiter/junit-jupiter-engine/5.12.1/junit-jupiter-engine-5.12.1.jar:/home/runner/.m2/repository/io/quarkus/quarkus-core/3.20.1/quarkus-core-3.20.1.jar:/home/runner/.m2/repository/jakarta/enterprise/jakarta.enterprise.cdi-api/4.1.0/jakarta.enterprise.cdi-api-4.1.0.jar:/home/runner/.m2/repository/jakarta/enterprise/jakarta.enterprise.lang-model/4.1.0/jakarta.enterprise.lang-model-4.1.0.jar:/home/runner/.m2/repository/jakarta/el/jakarta.el-api/5.0.1/jakarta.el-api-5.0.1.jar:/home/runner/.m2/repository/jakarta/interceptor/jakarta.interceptor-api/2.2.0/jakarta.interceptor-api-2.2.0.jar:/home/runner/.m2/repository/jakarta/inject/jakarta.inject-api/2.0.1/jakarta.inject-api-2.0.1.jar:/home/runner/.m2/repository/io/smallrye/common/smallrye-common-os/2.12.0/smallrye-common-os-2.12.0.jar:/home/runner/.m2/repository/io/quarkus/quarkus-ide-launcher/3.20.1/quarkus-ide-launcher-3.20.1.jar:/home/runner/.m2/repository/io/quarkus/quarkus-development-mode-spi/3.20.1/quarkus-development-mode-spi-3.20.1.jar:/home/runner/.m2/repository/org/jboss/logging/jboss-logging/3.6.1.Final/jboss-logging-3.6.1.Final.jar:/home/runner/.m2/repository/org/jboss/logmanager/jboss-logmanager/3.1.2.Final/jboss-logmanager-3.1.2.Final.jar:/home/runner/.m2/repository/io/smallrye/common/smallrye-common-constraint/2.12.0/smallrye-common-constraint-2.12.0.jar:/home/runner/.m2/repository/io/smallrye/common/smallrye-common-cpu/2.12.0/smallrye-common-cpu-2.12.0.jar:/home/runner/.m2/repository/io/smallrye/common/smallrye-common-expression/2.12.0/smallrye-common-expression-2.12.0.jar:/home/runner/.m2/repository/io/smallrye/common/smallrye-common-net/2.12.0/smallrye-common-net-2.12.0.jar:/home/runner/.m2/repository/io/smallrye/common/smallrye-common-ref/2.12.0/smallrye-common-ref-2.12.0.jar:/home/runner/.m2/repository/jakarta/json/jakarta.json-api/2.1.3/jakarta.json-api-2.1.3.jar:/home/runner/.m2/repository/org/eclipse/parsson/parsson/1.1.7/parsson-1.1.7.jar:/home/runner/.m2/repository/org/jboss/logging/jboss-logging-annotations/3.0.4.Final/jboss-logging-annotations-3.0.4.Final.jar:/home/runner/.m2/repository/org/jboss/threads/jboss-threads/3.8.0.Final/jboss-threads-3.8.0.Final.jar:/home/runner/.m2/repository/io/smallrye/common/smallrye-common-annotation/2.12.0/smallrye-common-annotation-2.12.0.jar:/home/runner/.m2/repository/io/smallrye/common/smallrye-common-function/2.12.0/smallrye-common-function-2.12.0.jar:/home/runner/.m2/repository/org/jboss/slf4j/slf4j-jboss-logmanager/2.0.0.Final/slf4j-jboss-logmanager-2.0.0.Final.jar:/home/runner/.m2/repository/org/wildfly/common/wildfly-common/2.0.1/wildfly-common-2.0.1.jar:/home/runner/.m2/repository/io/quarkus/quarkus-bootstrap-runner/3.20.1/quarkus-bootstrap-runner-3.20.1.jar:/home/runner/.m2/repository/io/github/crac/org-crac/0.1.3/org-crac-0.1.3.jar:/home/runner/.m2/repository/io/quarkus/quarkus-fs-util/0.0.10/quarkus-fs-util-0.0.10.jar:/home/runner/.m2/repository/org/jboss/marshalling/jboss-marshalling/2.2.2.Final/jboss-marshalling-2.2.2.Final.jar:/home/runner/.m2/repository/io/fabric8/kubernetes-client/7.1.0/kubernetes-client-7.1.0.jar:/home/runner/.m2/repository/io/fabric8/kubernetes-client-api/7.1.0/kubernetes-client-api-7.1.0.jar:/home/runner/.m2/repository/io/fabric8/kubernetes-model-core/7.1.0/kubernetes-model-core-7.1.0.jar:/home/runner/.m2/repository/io/fabric8/kubernetes-model-common/7.1.0/kubernetes-model-common-7.1.0.jar:/home/runner/.m2/repository/javax/annotation/javax.annotation-api/1.3.2/javax.annotation-api-1.3.2.jar:/home/runner/.m2/repository/io/fabric8/kubernetes-model-gatewayapi/7.1.0/kubernetes-model-gatewayapi-7.1.0.jar:/home/runner/.m2/repository/io/fabric8/kubernetes-model-resource/7.1.0/kubernetes-model-resource-7.1.0.jar:/home/runner/.m2/repository/io/fabric8/kubernetes-model-rbac/7.1.0/kubernetes-model-rbac-7.1.0.jar:/home/runner/.m2/repository/io/fabric8/kubernetes-model-admissionregistration/7.1.0/kubernetes-model-admissionregistration-7.1.0.jar:/home/runner/.m2/repository/io/fabric8/kubernetes-model-apps/7.1.0/kubernetes-model-apps-7.1.0.jar:/home/runner/.m2/repository/io/fabric8/kubernetes-model-autoscaling/7.1.0/kubernetes-model-autoscaling-7.1.0.jar:/home/runner/.m2/repository/io/fabric8/kubernetes-model-apiextensions/7.1.0/kubernetes-model-apiextensions-7.1.0.jar:/home/runner/.m2/repository/io/fabric8/kubernetes-model-batch/7.1.0/kubernetes-model-batch-7.1.0.jar:/home/runner/.m2/repository/io/fabric8/kubernetes-model-certificates/7.1.0/kubernetes-model-certificates-7.1.0.jar:/home/runner/.m2/repository/io/fabric8/kubernetes-model-coordination/7.1.0/kubernetes-model-coordination-7.1.0.jar:/home/runner/.m2/repository/io/fabric8/kubernetes-model-discovery/7.1.0/kubernetes-model-discovery-7.1.0.jar:/home/runner/.m2/repository/io/fabric8/kubernetes-model-events/7.1.0/kubernetes-model-events-7.1.0.jar:/home/runner/.m2/repository/io/fabric8/kubernetes-model-extensions/7.1.0/kubernetes-model-extensions-7.1.0.jar:/home/runner/.m2/repository/io/fabric8/kubernetes-model-flowcontrol/7.1.0/kubernetes-model-flowcontrol-7.1.0.jar:/home/runner/.m2/repository/io/fabric8/kubernetes-model-networking/7.1.0/kubernetes-model-networking-7.1.0.jar:/home/runner/.m2/repository/io/fabric8/kubernetes-model-metrics/7.1.0/kubernetes-model-metrics-7.1.0.jar:/home/runner/.m2/repository/io/fabric8/kubernetes-model-policy/7.1.0/kubernetes-model-policy-7.1.0.jar:/home/runner/.m2/repository/io/fabric8/kubernetes-model-scheduling/7.1.0/kubernetes-model-scheduling-7.1.0.jar:/home/runner/.m2/repository/io/fabric8/kubernetes-model-storageclass/7.1.0/kubernetes-model-storageclass-7.1.0.jar:/home/runner/.m2/repository/io/fabric8/kubernetes-model-node/7.1.0/kubernetes-model-node-7.1.0.jar:/home/runner/.m2/repository/org/snakeyaml/snakeyaml-engine/2.9/snakeyaml-engine-2.9.jar:/home/runner/.m2/repository/com/fasterxml/jackson/dataformat/jackson-dataformat-yaml/2.15.2/jackson-dataformat-yaml-2.15.2.jar:/home/runner/.m2/repository/com/fasterxml/jackson/datatype/jackson-datatype-jsr310/2.18.2/jackson-datatype-jsr310-2.18.2.jar:/home/runner/.m2/repository/io/fabric8/zjsonpatch/7.1.0/zjsonpatch-7.1.0.jar:/home/runner/.m2/repository/io/fabric8/kubernetes-httpclient-vertx/7.1.0/kubernetes-httpclient-vertx-7.1.0.jar:/home/runner/.m2/repository/io/vertx/vertx-web-client/4.5.14/vertx-web-client-4.5.14.jar:/home/runner/.m2/repository/io/vertx/vertx-web-common/4.5.14/vertx-web-common-4.5.14.jar:/home/runner/.m2/repository/io/vertx/vertx-auth-common/4.5.14/vertx-auth-common-4.5.14.jar:/home/runner/.m2/repository/io/vertx/vertx-uri-template/4.5.14/vertx-uri-template-4.5.14.jar:/home/runner/.m2/repository/io/fabric8/openshift-client/7.1.0/openshift-client-7.1.0.jar:/home/runner/.m2/repository/io/fabric8/openshift-client-api/7.1.0/openshift-client-api-7.1.0.jar:/home/runner/.m2/repository/io/fabric8/openshift-model/7.1.0/openshift-model-7.1.0.jar:/home/runner/.m2/repository/io/fabric8/openshift-model-autoscaling/7.1.0/openshift-model-autoscaling-7.1.0.jar:/home/runner/.m2/repository/io/fabric8/openshift-model-operator/7.1.0/openshift-model-operator-7.1.0.jar:/home/runner/.m2/repository/io/fabric8/openshift-model-operatorhub/7.1.0/openshift-model-operatorhub-7.1.0.jar:/home/runner/.m2/repository/io/fabric8/openshift-model-machine/7.1.0/openshift-model-machine-7.1.0.jar:/home/runner/.m2/repository/io/fabric8/openshift-model-whereabouts/7.1.0/openshift-model-whereabouts-7.1.0.jar:/home/runner/.m2/repository/io/fabric8/openshift-model-monitoring/7.1.0/openshift-model-monitoring-7.1.0.jar:/home/runner/.m2/repository/io/fabric8/openshift-model-storageversionmigrator/7.1.0/openshift-model-storageversionmigrator-7.1.0.jar:/home/runner/.m2/repository/io/fabric8/openshift-model-tuned/7.1.0/openshift-model-tuned-7.1.0.jar:/home/runner/.m2/repository/io/fabric8/openshift-model-console/7.1.0/openshift-model-console-7.1.0.jar:/home/runner/.m2/repository/io/fabric8/openshift-model-config/7.1.0/openshift-model-config-7.1.0.jar:/home/runner/.m2/repository/io/fabric8/openshift-model-machineconfiguration/7.1.0/openshift-model-machineconfiguration-7.1.0.jar:/home/runner/.m2/repository/io/fabric8/openshift-model-miscellaneous/7.1.0/openshift-model-miscellaneous-7.1.0.jar:/home/runner/.m2/repository/io/fabric8/openshift-model-hive/7.1.0/openshift-model-hive-7.1.0.jar:/home/runner/.m2/repository/io/fabric8/openshift-model-installer/7.1.0/openshift-model-installer-7.1.0.jar:/home/runner/.m2/repository/org/junit/platform/junit-platform-launcher/1.12.1/junit-platform-launcher-1.12.1.jar:/home/runner/.m2/repository/org/junit/platform/junit-platform-engine/1.12.1/junit-platform-engine-1.12.1.jar:/home/runner/.m2/repository/org/opentest4j/opentest4j/1.3.0/opentest4j-1.3.0.jar:/home/runner/.m2/repository/org/junit/platform/junit-platform-commons/1.12.1/junit-platform-commons-1.12.1.jar:/home/runner/.m2/repository/org/apiguardian/apiguardian-api/1.1.2/apiguardian-api-1.1.2.jar:/home/runner/.m2/repository/jakarta/ws/rs/jakarta.ws.rs-api/3.1.0/jakarta.ws.rs-api-3.1.0.jar:/home/runner/work/apicurio-testing/apicurio-testing/clusters/ci419/namespaces/inmemory/tests/integration/apicurio-registry/java-sdk/target/apicurio-registry-java-sdk-3.0.11-SNAPSHOT.jar:/home/runner/.m2/repository/com/microsoft/kiota/microsoft-kiota-abstractions/1.8.8/microsoft-kiota-abstractions-1.8.8.jar:/home/runner/.m2/repository/io/github/std-uritemplate/std-uritemplate/2.0.0/std-uritemplate-2.0.0.jar:/home/runner/.m2/repository/io/kiota/kiota-http-jdk/0.0.21/kiota-http-jdk-0.0.21.jar:/home/runner/.m2/repository/io/kiota/kiota-http-vertx/0.0.21/kiota-http-vertx-0.0.21.jar:/home/runner/.m2/repository/io/kiota/kiota-serialization-jackson/0.0.21/kiota-serialization-jackson-0.0.21.jar:/home/runner/.m2/repository/com/microsoft/kiota/microsoft-kiota-serialization-text/1.8.8/microsoft-kiota-serialization-text-1.8.8.jar:/home/runner/.m2/repository/com/microsoft/kiota/microsoft-kiota-serialization-form/1.8.8/microsoft-kiota-serialization-form-1.8.8.jar:/home/runner/.m2/repository/com/microsoft/kiota/microsoft-kiota-serialization-multipart/1.8.8/microsoft-kiota-serialization-multipart-1.8.8.jar:/home/runner/.m2/repository/jakarta/annotation/jakarta.annotation-api/3.0.0/jakarta.annotation-api-3.0.0.jar:/home/runner/.m2/repository/io/vertx/vertx-auth-oauth2/4.5.14/vertx-auth-oauth2-4.5.14.jar:/home/runner/work/apicurio-testing/apicurio-testing/clusters/ci419/namespaces/inmemory/tests/integration/apicurio-registry/java-sdk-v2/target/apicurio-registry-v2-java-sdk-3.0.11-SNAPSHOT.jar:/home/runner/work/apicurio-testing/apicurio-testing/clusters/ci419/namespaces/inmemory/tests/integration/apicurio-registry/utils/kafka/target/apicurio-registry-utils-kafka-3.0.11-SNAPSHOT-tests.jar:/home/runner/.m2/repository/org/eclipse/microprofile/config/microprofile-config-api/3.1/microprofile-config-api-3.1.jar:/home/runner/.m2/repository/org/apache/kafka/kafka-clients/3.9.1/kafka-clients-3.9.1.jar:/home/runner/.m2/repository/com/github/luben/zstd-jni/1.5.6-4/zstd-jni-1.5.6-4.jar:/home/runner/.m2/repository/org/lz4/lz4-java/1.8.0/lz4-java-1.8.0.jar:/home/runner/.m2/repository/org/xerial/snappy/snappy-java/1.1.10.5/snappy-java-1.1.10.5.jar:/home/runner/.m2/repository/org/slf4j/slf4j-api/2.0.6/slf4j-api-2.0.6.jar:/home/runner/work/apicurio-testing/apicurio-testing/clusters/ci419/namespaces/inmemory/tests/integration/apicurio-registry/utils/tests/target/apicurio-registry-utils-tests-3.0.11-SNAPSHOT.jar:/home/runner/work/apicurio-testing/apicurio-testing/clusters/ci419/namespaces/inmemory/tests/integration/apicurio-registry/common/target/apicurio-registry-common-3.0.11-SNAPSHOT.jar:/home/runner/.m2/repository/jakarta/validation/jakarta.validation-api/3.0.2/jakarta.validation-api-3.0.2.jar:/home/runner/.m2/repository/com/github/dasniko/testcontainers-keycloak/3.6.0/testcontainers-keycloak-3.6.0.jar:/home/runner/.m2/repository/org/testcontainers/testcontainers/1.20.6/testcontainers-1.20.6.jar:/home/runner/.m2/repository/org/rnorth/duct-tape/duct-tape/1.0.8/duct-tape-1.0.8.jar:/home/runner/.m2/repository/org/jetbrains/annotations/26.0.2/annotations-26.0.2.jar:/home/runner/.m2/repository/com/github/docker-java/docker-java-transport-zerodep/3.4.1/docker-java-transport-zerodep-3.4.1.jar:/home/runner/.m2/repository/com/github/docker-java/docker-java-transport/3.4.1/docker-java-transport-3.4.1.jar:/home/runner/.m2/repository/net/java/dev/jna/jna/5.8.0/jna-5.8.0.jar:/home/runner/.m2/repository/io/quarkus/quarkus-junit4-mock/3.20.1/quarkus-junit4-mock-3.20.1.jar:/home/runner/.m2/repository/org/jboss/shrinkwrap/shrinkwrap-api/2.0.0-beta-2/shrinkwrap-api-2.0.0-beta-2.jar:/home/runner/.m2/repository/org/jboss/shrinkwrap/shrinkwrap-impl-base/2.0.0-beta-2/shrinkwrap-impl-base-2.0.0-beta-2.jar:/home/runner/.m2/repository/org/jboss/shrinkwrap/shrinkwrap-spi/2.0.0-beta-2/shrinkwrap-spi-2.0.0-beta-2.jar:/home/runner/.m2/repository/org/keycloak/keycloak-admin-client/26.0.4/keycloak-admin-client-26.0.4.jar:/home/runner/.m2/repository/org/keycloak/keycloak-client-common-synced/26.0.4/keycloak-client-common-synced-26.0.4.jar:/home/runner/.m2/repository/jakarta/activation/jakarta.activation-api/2.1.3/jakarta.activation-api-2.1.3.jar:/home/runner/.m2/repository/org/eclipse/microprofile/openapi/microprofile-openapi-api/4.0.2/microprofile-openapi-api-4.0.2.jar:/home/runner/.m2/repository/org/jboss/resteasy/resteasy-client/6.2.12.Final/resteasy-client-6.2.12.Final.jar:/home/runner/.m2/repository/org/jboss/resteasy/resteasy-client-api/6.2.12.Final/resteasy-client-api-6.2.12.Final.jar:/home/runner/.m2/repository/org/jboss/resteasy/resteasy-core-spi/6.2.12.Final/resteasy-core-spi-6.2.12.Final.jar:/home/runner/.m2/repository/org/jboss/resteasy/resteasy-core/6.2.12.Final/resteasy-core-6.2.12.Final.jar:/home/runner/.m2/repository/org/eclipse/angus/angus-activation/2.0.2/angus-activation-2.0.2.jar:/home/runner/.m2/repository/com/ibm/async/asyncutil/0.1.0/asyncutil-0.1.0.jar:/home/runner/.m2/repository/org/reactivestreams/reactive-streams/1.0.4/reactive-streams-1.0.4.jar:/home/runner/.m2/repository/org/jboss/resteasy/resteasy-multipart-provider/6.2.12.Final/resteasy-multipart-provider-6.2.12.Final.jar:/home/runner/.m2/repository/jakarta/mail/jakarta.mail-api/2.1.3/jakarta.mail-api-2.1.3.jar:/home/runner/.m2/repository/org/eclipse/angus/angus-mail/2.0.3/angus-mail-2.0.3.jar:/home/runner/.m2/repository/org/apache/james/apache-mime4j-dom/0.8.12/apache-mime4j-dom-0.8.12.jar:/home/runner/.m2/repository/org/apache/james/apache-mime4j-core/0.8.12/apache-mime4j-core-0.8.12.jar:/home/runner/.m2/repository/org/apache/james/apache-mime4j-storage/0.8.12/apache-mime4j-storage-0.8.12.jar:/home/runner/.m2/repository/org/jboss/resteasy/resteasy-jackson2-provider/6.2.12.Final/resteasy-jackson2-provider-6.2.12.Final.jar:/home/runner/.m2/repository/com/fasterxml/jackson/jakarta/rs/jackson-jakarta-rs-base/2.18.2/jackson-jakarta-rs-base-2.18.2.jar:/home/runner/.m2/repository/com/fasterxml/jackson/jakarta/rs/jackson-jakarta-rs-json-provider/2.18.2/jackson-jakarta-rs-json-provider-2.18.2.jar:/home/runner/.m2/repository/com/fasterxml/jackson/module/jackson-module-jakarta-xmlbind-annotations/2.18.2/jackson-module-jakarta-xmlbind-annotations-2.18.2.jar:/home/runner/.m2/repository/com/github/java-json-tools/json-patch/1.13/json-patch-1.13.jar:/home/runner/.m2/repository/com/github/java-json-tools/msg-simple/1.2/msg-simple-1.2.jar:/home/runner/.m2/repository/com/github/java-json-tools/btf/1.3/btf-1.3.jar:/home/runner/.m2/repository/com/github/java-json-tools/jackson-coreutils/2.0/jackson-coreutils-2.0.jar:/home/runner/.m2/repository/org/jboss/resteasy/resteasy-jaxb-provider/6.2.12.Final/resteasy-jaxb-provider-6.2.12.Final.jar:/home/runner/.m2/repository/org/glassfish/jaxb/codemodel/4.0.5/codemodel-4.0.5.jar:/home/runner/.m2/repository/org/glassfish/jaxb/jaxb-core/4.0.5/jaxb-core-4.0.5.jar:/home/runner/.m2/repository/org/glassfish/jaxb/jaxb-jxc/4.0.5/jaxb-jxc-4.0.5.jar:/home/runner/.m2/repository/org/glassfish/jaxb/jaxb-runtime/4.0.5/jaxb-runtime-4.0.5.jar:/home/runner/.m2/repository/org/glassfish/jaxb/txw2/4.0.5/txw2-4.0.5.jar:/home/runner/.m2/repository/org/glassfish/jaxb/jaxb-xjc/4.0.5/jaxb-xjc-4.0.5.jar:/home/runner/.m2/repository/org/glassfish/jaxb/xsom/4.0.5/xsom-4.0.5.jar:/home/runner/.m2/repository/com/sun/istack/istack-commons-runtime/4.1.2/istack-commons-runtime-4.1.2.jar:/home/runner/.m2/repository/com/sun/istack/istack-commons-tools/4.1.2/istack-commons-tools-4.1.2.jar:/home/runner/.m2/repository/com/sun/xml/bind/external/relaxng-datatype/4.0.5/relaxng-datatype-4.0.5.jar:/home/runner/.m2/repository/com/sun/xml/bind/external/rngom/4.0.5/rngom-4.0.5.jar:/home/runner/.m2/repository/org/testcontainers/mssqlserver/1.20.6/mssqlserver-1.20.6.jar:/home/runner/.m2/repository/org/testcontainers/jdbc/1.20.6/jdbc-1.20.6.jar:/home/runner/.m2/repository/org/testcontainers/database-commons/1.20.6/database-commons-1.20.6.jar:/home/runner/.m2/repository/org/testcontainers/mysql/1.20.6/mysql-1.20.6.jar:/home/runner/.m2/repository/io/strimzi/strimzi-test-container/0.107.0/strimzi-test-container-0.107.0.jar:/home/runner/.m2/repository/org/testcontainers/toxiproxy/1.20.6/toxiproxy-1.20.6.jar:/home/runner/.m2/repository/com/github/docker-java/docker-java-api/3.4.1/docker-java-api-3.4.1.jar:/home/runner/.m2/repository/eu/rekawek/toxiproxy/toxiproxy-java/2.1.7/toxiproxy-java-2.1.7.jar:/home/runner/.m2/repository/junit/junit/4.13.2/junit-4.13.2.jar:/home/runner/.m2/repository/org/hamcrest/hamcrest-core/1.3/hamcrest-core-1.3.jar:/home/runner/.m2/repository/org/testcontainers/pulsar/1.20.4/pulsar-1.20.4.jar:/home/runner/.m2/repository/io/debezium/debezium-testing-testcontainers/2.6.2.Final/debezium-testing-testcontainers-2.6.2.Final.jar:/home/runner/.m2/repository/org/testcontainers/kafka/1.20.6/kafka-1.20.6.jar:/home/runner/.m2/repository/com/squareup/okhttp3/okhttp/4.8.1/okhttp-4.8.1.jar:/home/runner/.m2/repository/com/squareup/okio/okio/3.10.2/okio-3.10.2.jar:/home/runner/.m2/repository/com/squareup/okio/okio-jvm/3.10.2/okio-jvm-3.10.2.jar:/home/runner/.m2/repository/org/jetbrains/kotlin/kotlin-stdlib/2.0.21/kotlin-stdlib-2.0.21.jar:/home/runner/.m2/repository/org/awaitility/awaitility/4.2.2/awaitility-4.2.2.jar:/home/runner/.m2/repository/org/testcontainers/mongodb/1.20.6/mongodb-1.20.6.jar:/home/runner/.m2/repository/org/testcontainers/oracle-xe/1.20.6/oracle-xe-1.20.6.jar:/home/runner/.m2/repository/org/testcontainers/postgresql/1.20.6/postgresql-1.20.6.jar:/home/runner/.m2/repository/org/wiremock/wiremock/3.0.1/wiremock-3.0.1.jar:/home/runner/.m2/repository/org/eclipse/jetty/jetty-server/11.0.15/jetty-server-11.0.15.jar:/home/runner/.m2/repository/org/eclipse/jetty/toolchain/jetty-jakarta-servlet-api/5.0.2/jetty-jakarta-servlet-api-5.0.2.jar:/home/runner/.m2/repository/org/eclipse/jetty/jetty-http/11.0.15/jetty-http-11.0.15.jar:/home/runner/.m2/repository/org/eclipse/jetty/jetty-io/11.0.15/jetty-io-11.0.15.jar:/home/runner/.m2/repository/org/eclipse/jetty/jetty-servlet/11.0.15/jetty-servlet-11.0.15.jar:/home/runner/.m2/repository/org/eclipse/jetty/jetty-security/11.0.15/jetty-security-11.0.15.jar:/home/runner/.m2/repository/org/eclipse/jetty/jetty-servlets/11.0.15/jetty-servlets-11.0.15.jar:/home/runner/.m2/repository/org/eclipse/jetty/jetty-util/11.0.15/jetty-util-11.0.15.jar:/home/runner/.m2/repository/org/eclipse/jetty/jetty-webapp/11.0.15/jetty-webapp-11.0.15.jar:/home/runner/.m2/repository/org/eclipse/jetty/jetty-xml/11.0.15/jetty-xml-11.0.15.jar:/home/runner/.m2/repository/org/eclipse/jetty/jetty-proxy/11.0.15/jetty-proxy-11.0.15.jar:/home/runner/.m2/repository/org/eclipse/jetty/jetty-client/11.0.15/jetty-client-11.0.15.jar:/home/runner/.m2/repository/org/eclipse/jetty/http2/http2-server/11.0.15/http2-server-11.0.15.jar:/home/runner/.m2/repository/org/eclipse/jetty/http2/http2-common/11.0.15/http2-common-11.0.15.jar:/home/runner/.m2/repository/org/eclipse/jetty/http2/http2-hpack/11.0.15/http2-hpack-11.0.15.jar:/home/runner/.m2/repository/org/eclipse/jetty/jetty-alpn-server/11.0.15/jetty-alpn-server-11.0.15.jar:/home/runner/.m2/repository/org/eclipse/jetty/jetty-alpn-java-server/11.0.15/jetty-alpn-java-server-11.0.15.jar:/home/runner/.m2/repository/org/eclipse/jetty/jetty-alpn-java-client/11.0.15/jetty-alpn-java-client-11.0.15.jar:/home/runner/.m2/repository/org/eclipse/jetty/jetty-alpn-client/11.0.15/jetty-alpn-client-11.0.15.jar:/home/runner/.m2/repository/org/apache/httpcomponents/client5/httpclient5/5.2.1/httpclient5-5.2.1.jar:/home/runner/.m2/repository/org/apache/httpcomponents/core5/httpcore5/5.2/httpcore5-5.2.jar:/home/runner/.m2/repository/org/apache/httpcomponents/core5/httpcore5-h2/5.2/httpcore5-h2-5.2.jar:/home/runner/.m2/repository/org/xmlunit/xmlunit-core/2.9.1/xmlunit-core-2.9.1.jar:/home/runner/.m2/repository/jakarta/xml/bind/jakarta.xml.bind-api/4.0.2/jakarta.xml.bind-api-4.0.2.jar:/home/runner/.m2/repository/org/xmlunit/xmlunit-legacy/2.9.1/xmlunit-legacy-2.9.1.jar:/home/runner/.m2/repository/org/xmlunit/xmlunit-placeholders/2.9.1/xmlunit-placeholders-2.9.1.jar:/home/runner/.m2/repository/net/javacrumbs/json-unit/json-unit-core/2.38.0/json-unit-core-2.38.0.jar:/home/runner/.m2/repository/com/jayway/jsonpath/json-path/2.8.0/json-path-2.8.0.jar:/home/runner/.m2/repository/net/minidev/json-smart/2.4.10/json-smart-2.4.10.jar:/home/runner/.m2/repository/net/minidev/accessors-smart/2.4.9/accessors-smart-2.4.9.jar:/home/runner/.m2/repository/org/ow2/asm/asm/9.7.1/asm-9.7.1.jar:/home/runner/.m2/repository/net/sf/jopt-simple/jopt-simple/5.0.4/jopt-simple-5.0.4.jar:/home/runner/.m2/repository/com/github/jknack/handlebars/4.3.1/handlebars-4.3.1.jar:/home/runner/.m2/repository/com/github/jknack/handlebars-helpers/4.3.1/handlebars-helpers-4.3.1.jar:/home/runner/.m2/repository/commons-fileupload/commons-fileupload/1.5/commons-fileupload-1.5.jar:/home/runner/.m2/repository/com/networknt/json-schema-validator/1.5.5/json-schema-validator-1.5.5.jar:/home/runner/.m2/repository/com/ethlo/time/itu/1.10.3/itu-1.10.3.jar:/home/runner/.m2/repository/io/quarkus/quarkus-smallrye-jwt-build/3.20.1/quarkus-smallrye-jwt-build-3.20.1.jar:/home/runner/.m2/repository/io/smallrye/smallrye-jwt-build/4.6.1/smallrye-jwt-build-4.6.1.jar:/home/runner/.m2/repository/org/eclipse/microprofile/jwt/microprofile-jwt-auth-api/2.1/microprofile-jwt-auth-api-2.1.jar:/home/runner/.m2/repository/org/bitbucket/b_c/jose4j/0.9.6/jose4j-0.9.6.jar:/home/runner/.m2/repository/io/smallrye/smallrye-jwt-common/4.6.1/smallrye-jwt-common-4.6.1.jar:/home/runner/.m2/repository/io/quarkus/quarkus-jsonp/3.20.1/quarkus-jsonp-3.20.1.jar:/home/runner/.m2/repository/io/quarkus/quarkus-arc/3.20.1/quarkus-arc-3.20.1.jar:/home/runner/.m2/repository/io/quarkus/arc/arc/3.20.1/arc-3.20.1.jar:/home/runner/.m2/repository/jakarta/transaction/jakarta.transaction-api/2.0.1/jakarta.transaction-api-2.0.1.jar:/home/runner/.m2/repository/io/smallrye/reactive/mutiny/2.8.0/mutiny-2.8.0.jar:/home/runner/.m2/repository/org/jctools/jctools-core/4.0.5/jctools-core-4.0.5.jar:/home/runner/.m2/repository/org/eclipse/microprofile/context-propagation/microprofile-context-propagation-api/1.3/microprofile-context-propagation-api-1.3.jar:/home/runner/.m2/repository/io/apicurio/apicurio-common-rest-client-common/0.1.18.Final/apicurio-common-rest-client-common-0.1.18.Final.jar:/home/runner/work/apicurio-testing/apicurio-testing/clusters/ci419/namespaces/inmemory/tests/integration/apicurio-registry/utils/maven-plugin/target/apicurio-registry-maven-plugin-3.0.11-SNAPSHOT.jar:/home/runner/.m2/repository/com/fasterxml/jackson/core/jackson-databind/2.18.2/jackson-databind-2.18.2.jar:/home/runner/.m2/repository/org/apache/avro/avro/1.12.0/avro-1.12.0.jar:/home/runner/.m2/repository/com/google/protobuf/protobuf-java/4.31.1/protobuf-java-4.31.1.jar:/home/runner/.m2/repository/com/google/protobuf/protobuf-java-util/4.31.1/protobuf-java-util-4.31.1.jar:/home/runner/.m2/repository/com/google/code/findbugs/jsr305/3.0.2/jsr305-3.0.2.jar:/home/runner/.m2/repository/com/google/code/gson/gson/2.12.1/gson-2.12.1.jar:/home/runner/.m2/repository/com/google/errorprone/error_prone_annotations/2.36.0/error_prone_annotations-2.36.0.jar:/home/runner/.m2/repository/com/google/j2objc/j2objc-annotations/2.8/j2objc-annotations-2.8.jar:/home/runner/work/apicurio-testing/apicurio-testing/clusters/ci419/namespaces/inmemory/tests/integration/apicurio-registry/schema-util/util-provider/target/apicurio-registry-schema-util-provider-3.0.11-SNAPSHOT.jar:/home/runner/work/apicurio-testing/apicurio-testing/clusters/ci419/namespaces/inmemory/tests/integration/apicurio-registry/schema-util/common/target/apicurio-registry-schema-util-common-3.0.11-SNAPSHOT.jar:/home/runner/.m2/repository/com/fasterxml/jackson/module/jackson-module-parameter-names/2.18.2/jackson-module-parameter-names-2.18.2.jar:/home/runner/.m2/repository/com/fasterxml/jackson/datatype/jackson-datatype-json-org/2.18.2/jackson-datatype-json-org-2.18.2.jar:/home/runner/work/apicurio-testing/apicurio-testing/clusters/ci419/namespaces/inmemory/tests/integration/apicurio-registry/schema-util/json/target/apicurio-registry-schema-util-json-3.0.11-SNAPSHOT.jar:/home/runner/.m2/repository/com/github/erosb/everit-json-schema/1.14.5/everit-json-schema-1.14.5.jar:/home/runner/.m2/repository/commons-validator/commons-validator/1.9.0/commons-validator-1.9.0.jar:/home/runner/.m2/repository/commons-digester/commons-digester/2.1/commons-digester-2.1.jar:/home/runner/.m2/repository/commons-collections/commons-collections/3.2.2/commons-collections-3.2.2.jar:/home/runner/.m2/repository/com/damnhandy/handy-uri-templates/2.1.8/handy-uri-templates-2.1.8.jar:/home/runner/.m2/repository/joda-time/joda-time/2.10.2/joda-time-2.10.2.jar:/home/runner/.m2/repository/com/github/erosb/json-sKema/0.20.0/json-sKema-0.20.0.jar:/home/runner/.m2/repository/io/vertx/vertx-json-schema/4.5.14/vertx-json-schema-4.5.14.jar:/home/runner/work/apicurio-testing/apicurio-testing/clusters/ci419/namespaces/inmemory/tests/integration/apicurio-registry/schema-util/protobuf/target/apicurio-registry-schema-util-protobuf-3.0.11-SNAPSHOT.jar:/home/runner/work/apicurio-testing/apicurio-testing/clusters/ci419/namespaces/inmemory/tests/integration/apicurio-registry/utils/protobuf-schema-utilities/target/apicurio-registry-protobuf-schema-utilities-3.0.11-SNAPSHOT.jar:/home/runner/.m2/repository/com/google/api/grpc/proto-google-common-protos/2.52.0/proto-google-common-protos-2.52.0.jar:/home/runner/.m2/repository/com/squareup/wire/wire-schema-jvm/5.3.3/wire-schema-jvm-5.3.3.jar:/home/runner/.m2/repository/com/palantir/javapoet/javapoet/0.6.0/javapoet-0.6.0.jar:/home/runner/.m2/repository/com/squareup/kotlinpoet-jvm/2.0.0/kotlinpoet-jvm-2.0.0.jar:/home/runner/.m2/repository/org/jetbrains/kotlin/kotlin-reflect/2.0.21/kotlin-reflect-2.0.21.jar:/home/runner/.m2/repository/com/squareup/wire/wire-runtime-jvm/5.3.3/wire-runtime-jvm-5.3.3.jar:/home/runner/.m2/repository/com/ibm/icu/icu4j/76.1/icu4j-76.1.jar:/home/runner/.m2/repository/com/squareup/okio/okio-fakefilesystem/3.10.2/okio-fakefilesystem-3.10.2.jar:/home/runner/.m2/repository/com/squareup/okio/okio-fakefilesystem-jvm/3.10.2/okio-fakefilesystem-jvm-3.10.2.jar:/home/runner/.m2/repository/org/jetbrains/kotlinx/kotlinx-datetime-jvm/0.6.1/kotlinx-datetime-jvm-0.6.1.jar:/home/runner/work/apicurio-testing/apicurio-testing/clusters/ci419/namespaces/inmemory/tests/integration/apicurio-registry/schema-util/asyncapi/target/apicurio-registry-schema-util-asyncapi-3.0.11-SNAPSHOT.jar:/home/runner/work/apicurio-testing/apicurio-testing/clusters/ci419/namespaces/inmemory/tests/integration/apicurio-registry/schema-util/avro/target/apicurio-registry-schema-util-avro-3.0.11-SNAPSHOT.jar:/home/runner/work/apicurio-testing/apicurio-testing/clusters/ci419/namespaces/inmemory/tests/integration/apicurio-registry/schema-util/graphql/target/apicurio-registry-schema-util-graphql-3.0.11-SNAPSHOT.jar:/home/runner/.m2/repository/com/graphql-java/graphql-java/22.3/graphql-java-22.3.jar:/home/runner/.m2/repository/com/graphql-java/java-dataloader/3.3.0/java-dataloader-3.3.0.jar:/home/runner/work/apicurio-testing/apicurio-testing/clusters/ci419/namespaces/inmemory/tests/integration/apicurio-registry/schema-util/kconnect/target/apicurio-registry-schema-util-kconnect-3.0.11-SNAPSHOT.jar:/home/runner/work/apicurio-testing/apicurio-testing/clusters/ci419/namespaces/inmemory/tests/integration/apicurio-registry/schema-util/openapi/target/apicurio-registry-schema-util-openapi-3.0.11-SNAPSHOT.jar:/home/runner/.m2/repository/io/apicurio/apicurio-data-models/2.2.1/apicurio-data-models-2.2.1.jar:/home/runner/.m2/repository/org/openapitools/openapidiff/openapi-diff-core/2.1.2/openapi-diff-core-2.1.2.jar:/home/runner/.m2/repository/io/swagger/parser/v3/swagger-parser/2.1.28/swagger-parser-2.1.28.jar:/home/runner/.m2/repository/io/swagger/parser/v3/swagger-parser-v2-converter/2.1.28/swagger-parser-v2-converter-2.1.28.jar:/home/runner/.m2/repository/io/swagger/swagger-core/1.6.16/swagger-core-1.6.16.jar:/home/runner/.m2/repository/io/swagger/swagger-models/1.6.16/swagger-models-1.6.16.jar:/home/runner/.m2/repository/io/swagger/swagger-annotations/1.6.16/swagger-annotations-1.6.16.jar:/home/runner/.m2/repository/io/swagger/swagger-parser/1.0.75/swagger-parser-1.0.75.jar:/home/runner/.m2/repository/io/swagger/swagger-parser-safe-url-resolver/1.0.75/swagger-parser-safe-url-resolver-1.0.75.jar:/home/runner/.m2/repository/io/swagger/swagger-compat-spec-parser/1.0.75/swagger-compat-spec-parser-1.0.75.jar:/home/runner/.m2/repository/com/github/java-json-tools/json-schema-validator/2.2.14/json-schema-validator-2.2.14.jar:/home/runner/.m2/repository/com/github/java-json-tools/jackson-coreutils-equivalence/1.0/jackson-coreutils-equivalence-1.0.jar:/home/runner/.m2/repository/com/github/java-json-tools/json-schema-core/1.2.14/json-schema-core-1.2.14.jar:/home/runner/.m2/repository/com/github/java-json-tools/uri-template/0.10/uri-template-0.10.jar:/home/runner/.m2/repository/com/googlecode/libphonenumber/libphonenumber/8.11.1/libphonenumber-8.11.1.jar:/home/runner/.m2/repository/com/j2html/j2html/1.6.0/j2html-1.6.0.jar:/home/runner/.m2/repository/org/apache/commons/commons-collections4/4.5.0/commons-collections4-4.5.0.jar:/home/runner/.m2/repository/org/apache/commons/commons-configuration2/2.12.0/commons-configuration2-2.12.0.jar:/home/runner/.m2/repository/org/apache/commons/commons-text/1.13.0/commons-text-1.13.0.jar:/home/runner/.m2/repository/org/slf4j/jcl-over-slf4j/2.0.17/jcl-over-slf4j-2.0.17.jar:/home/runner/.m2/repository/io/swagger/parser/v3/swagger-parser-v3/2.1.30/swagger-parser-v3-2.1.30.jar:/home/runner/.m2/repository/io/swagger/core/v3/swagger-models/2.2.34/swagger-models-2.2.34.jar:/home/runner/.m2/repository/io/swagger/core/v3/swagger-core/2.2.34/swagger-core-2.2.34.jar:/home/runner/.m2/repository/io/swagger/parser/v3/swagger-parser-core/2.1.30/swagger-parser-core-2.1.30.jar:/home/runner/.m2/repository/io/swagger/parser/v3/swagger-parser-safe-url-resolver/2.1.30/swagger-parser-safe-url-resolver-2.1.30.jar:/home/runner/work/apicurio-testing/apicurio-testing/clusters/ci419/namespaces/inmemory/tests/integration/apicurio-registry/schema-util/wsdl/target/apicurio-registry-schema-util-wsdl-3.0.11-SNAPSHOT.jar:/home/runner/.m2/repository/wsdl4j/wsdl4j/1.6.3/wsdl4j-1.6.3.jar:/home/runner/work/apicurio-testing/apicurio-testing/clusters/ci419/namespaces/inmemory/tests/integration/apicurio-registry/schema-util/xml/target/apicurio-registry-schema-util-xml-3.0.11-SNAPSHOT.jar:/home/runner/.m2/repository/org/apache/santuario/xmlsec/4.0.3/xmlsec-4.0.3.jar:/home/runner/.m2/repository/com/fasterxml/woodstox/woodstox-core/7.1.0/woodstox-core-7.1.0.jar:/home/runner/.m2/repository/org/codehaus/woodstox/stax2-api/4.2.2/stax2-api-4.2.2.jar:/home/runner/work/apicurio-testing/apicurio-testing/clusters/ci419/namespaces/inmemory/tests/integration/apicurio-registry/schema-util/xsd/target/apicurio-registry-schema-util-xsd-3.0.11-SNAPSHOT.jar:/home/runner/work/apicurio-testing/apicurio-testing/clusters/ci419/namespaces/inmemory/tests/integration/apicurio-registry/serdes/kafka/jsonschema-serde/target/apicurio-registry-jsonschema-serde-kafka-3.0.11-SNAPSHOT.jar:/home/runner/work/apicurio-testing/apicurio-testing/clusters/ci419/namespaces/inmemory/tests/integration/apicurio-registry/serdes/kafka/serde-kafka-common/target/apicurio-registry-serde-kafka-common-3.0.11-SNAPSHOT.jar:/home/runner/work/apicurio-testing/apicurio-testing/clusters/ci419/namespaces/inmemory/tests/integration/apicurio-registry/serdes/generic/serde-common/target/apicurio-registry-serde-common-3.0.11-SNAPSHOT.jar:/home/runner/work/apicurio-testing/apicurio-testing/clusters/ci419/namespaces/inmemory/tests/integration/apicurio-registry/serdes/generic/serde-common-jsonschema/target/apicurio-registry-serde-common-jsonschema-3.0.11-SNAPSHOT.jar:/home/runner/.m2/repository/org/json/json/20250107/json-20250107.jar:/home/runner/work/apicurio-testing/apicurio-testing/clusters/ci419/namespaces/inmemory/tests/integration/apicurio-registry/serdes/kafka/avro-serde/target/apicurio-registry-avro-serde-kafka-3.0.11-SNAPSHOT.jar:/home/runner/work/apicurio-testing/apicurio-testing/clusters/ci419/namespaces/inmemory/tests/integration/apicurio-registry/serdes/generic/serde-common-avro/target/apicurio-registry-serde-common-avro-3.0.11-SNAPSHOT.jar:/home/runner/work/apicurio-testing/apicurio-testing/clusters/ci419/namespaces/inmemory/tests/integration/apicurio-registry/serdes/kafka/protobuf-serde/target/apicurio-registry-protobuf-serde-kafka-3.0.11-SNAPSHOT.jar:/home/runner/work/apicurio-testing/apicurio-testing/clusters/ci419/namespaces/inmemory/tests/integration/apicurio-registry/serdes/generic/serde-common-protobuf/target/apicurio-registry-serde-common-protobuf-3.0.11-SNAPSHOT.jar:/home/runner/.m2/repository/com/squareup/wire/wire-schema/5.3.3/wire-schema-5.3.3.jar:/home/runner/.m2/repository/com/squareup/wire/wire-runtime/5.3.3/wire-runtime-5.3.3.jar:/home/runner/work/apicurio-testing/apicurio-testing/clusters/ci419/namespaces/inmemory/tests/integration/apicurio-registry/serdes/pulsar/avro-serde/target/apicurio-registry-avro-serde-pulsar-3.0.11-SNAPSHOT.jar:/home/runner/.m2/repository/org/apache/pulsar/pulsar-functions-api/3.3.4/pulsar-functions-api-3.3.4.jar:/home/runner/work/apicurio-testing/apicurio-testing/clusters/ci419/namespaces/inmemory/tests/integration/apicurio-registry/serdes/nats/avro-serde/target/apicurio-registry-avro-serde-nats-3.0.11-SNAPSHOT.jar:/home/runner/.m2/repository/io/nats/jnats/2.20.5/jnats-2.20.5.jar:/home/runner/.m2/repository/net/i2p/crypto/eddsa/0.3.0/eddsa-0.3.0.jar:/home/runner/work/apicurio-testing/apicurio-testing/clusters/ci419/namespaces/inmemory/tests/integration/apicurio-registry/utils/converter/target/apicurio-registry-utils-converter-3.0.11-SNAPSHOT.jar:/home/runner/work/apicurio-testing/apicurio-testing/clusters/ci419/namespaces/inmemory/tests/integration/apicurio-registry/schema-resolver/target/apicurio-registry-schema-resolver-3.0.11-SNAPSHOT.jar:/home/runner/.m2/repository/org/apache/kafka/connect-api/3.9.1/connect-api-3.9.1.jar:/home/runner/.m2/repository/javax/ws/rs/javax.ws.rs-api/2.1.1/javax.ws.rs-api-2.1.1.jar:/home/runner/.m2/repository/org/apache/kafka/connect-json/3.9.1/connect-json-3.9.1.jar:/home/runner/.m2/repository/com/fasterxml/jackson/datatype/jackson-datatype-jdk8/2.18.2/jackson-datatype-jdk8-2.18.2.jar:/home/runner/.m2/repository/com/fasterxml/jackson/module/jackson-module-afterburner/2.18.2/jackson-module-afterburner-2.18.2.jar:/home/runner/work/apicurio-testing/apicurio-testing/clusters/ci419/namespaces/inmemory/tests/integration/apicurio-registry/utils/kafka/target/apicurio-registry-utils-kafka-3.0.11-SNAPSHOT.jar:/home/runner/.m2/repository/org/apache/pulsar/pulsar-client/3.3.4/pulsar-client-3.3.4.jar:/home/runner/.m2/repository/org/apache/pulsar/pulsar-client-api/3.3.4/pulsar-client-api-3.3.4.jar:/home/runner/.m2/repository/org/apache/pulsar/pulsar-client-admin-api/3.3.4/pulsar-client-admin-api-3.3.4.jar:/home/runner/.m2/repository/org/apache/pulsar/bouncy-castle-bc/3.3.4/bouncy-castle-bc-3.3.4-pkg.jar:/home/runner/.m2/repository/org/bouncycastle/bcpkix-jdk18on/1.80/bcpkix-jdk18on-1.80.jar:/home/runner/.m2/repository/org/bouncycastle/bcutil-jdk18on/1.80/bcutil-jdk18on-1.80.jar:/home/runner/.m2/repository/org/bouncycastle/bcprov-jdk18on/1.80/bcprov-jdk18on-1.80.jar:/home/runner/.m2/repository/io/opentelemetry/opentelemetry-api/1.44.1/opentelemetry-api-1.44.1.jar:/home/runner/.m2/repository/io/opentelemetry/opentelemetry-context/1.44.1/opentelemetry-context-1.44.1.jar:/home/runner/.m2/repository/io/opentelemetry/opentelemetry-api-incubator/1.44.1-alpha/opentelemetry-api-incubator-1.44.1-alpha.jar:/home/runner/.m2/repository/com/fasterxml/jackson/core/jackson-annotations/2.18.2/jackson-annotations-2.18.2.jar:/home/runner/.m2/repository/javax/validation/validation-api/1.1.0.Final/validation-api-1.1.0.Final.jar:/home/runner/.m2/repository/io/confluent/kafka-avro-serializer/8.0.0/kafka-avro-serializer-8.0.0.jar:/home/runner/.m2/repository/org/apache/commons/commons-compress/1.27.1/commons-compress-1.27.1.jar:/home/runner/.m2/repository/io/confluent/kafka-schema-serializer/8.0.0/kafka-schema-serializer-8.0.0.jar:/home/runner/.m2/repository/com/fasterxml/jackson/dataformat/jackson-dataformat-csv/2.18.2/jackson-dataformat-csv-2.18.2.jar:/home/runner/.m2/repository/io/confluent/kafka-schema-registry-client/8.0.0/kafka-schema-registry-client-8.0.0.jar:/home/runner/.m2/repository/org/yaml/snakeyaml/2.3/snakeyaml-2.3.jar:/home/runner/.m2/repository/io/swagger/core/v3/swagger-annotations/2.2.29/swagger-annotations-2.2.29.jar:/home/runner/.m2/repository/com/google/guava/guava/33.4.0-jre/guava-33.4.0-jre.jar:/home/runner/.m2/repository/com/google/guava/failureaccess/1.0.1/failureaccess-1.0.1.jar:/home/runner/.m2/repository/org/checkerframework/checker-qual/3.49.0/checker-qual-3.49.0.jar:/home/runner/.m2/repository/io/confluent/logredactor/1.0.13/logredactor-1.0.13.jar:/home/runner/.m2/repository/com/google/re2j/re2j/1.6/re2j-1.6.jar:/home/runner/.m2/repository/io/confluent/logredactor-metrics/1.0.13/logredactor-metrics-1.0.13.jar:/home/runner/.m2/repository/com/eclipsesource/minimal-json/minimal-json/0.9.5/minimal-json-0.9.5.jar:/home/runner/.m2/repository/io/confluent/common-utils/8.0.0/common-utils-8.0.0.jar:/home/runner/.m2/repository/io/confluent/kafka-connect-avro-converter/8.0.0/kafka-connect-avro-converter-8.0.0.jar:/home/runner/.m2/repository/io/confluent/kafka-connect-avro-data/8.0.0/kafka-connect-avro-data-8.0.0.jar:/home/runner/.m2/repository/io/confluent/kafka-schema-converter/8.0.0/kafka-schema-converter-8.0.0.jar:/home/runner/.m2/repository/io/rest-assured/rest-assured/5.5.1/rest-assured-5.5.1.jar:/home/runner/.m2/repository/org/apache/groovy/groovy/4.0.22/groovy-4.0.22.jar:/home/runner/.m2/repository/org/apache/groovy/groovy-xml/4.0.22/groovy-xml-4.0.22.jar:/home/runner/.m2/repository/org/apache/httpcomponents/httpclient/4.5.14/httpclient-4.5.14.jar:/home/runner/.m2/repository/org/apache/httpcomponents/httpcore/4.4.16/httpcore-4.4.16.jar:/home/runner/.m2/repository/org/apache/httpcomponents/httpmime/4.5.14/httpmime-4.5.14.jar:/home/runner/.m2/repository/org/hamcrest/hamcrest/2.2/hamcrest-2.2.jar:/home/runner/.m2/repository/org/ccil/cowan/tagsoup/tagsoup/1.2.1/tagsoup-1.2.1.jar:/home/runner/.m2/repository/io/rest-assured/json-path/5.5.1/json-path-5.5.1.jar:/home/runner/.m2/repository/org/apache/groovy/groovy-json/4.0.22/groovy-json-4.0.22.jar:/home/runner/.m2/repository/io/rest-assured/rest-assured-common/5.5.1/rest-assured-common-5.5.1.jar:/home/runner/.m2/repository/io/rest-assured/xml-path/5.5.1/xml-path-5.5.1.jar:/home/runner/.m2/repository/io/zonky/test/embedded-postgres/2.1.0/embedded-postgres-2.1.0.jar:/home/runner/.m2/repository/io/zonky/test/postgres/embedded-postgres-binaries-windows-amd64/14.15.0/embedded-postgres-binaries-windows-amd64-14.15.0.jar:/home/runner/.m2/repository/io/zonky/test/postgres/embedded-postgres-binaries-darwin-amd64/14.15.0/embedded-postgres-binaries-darwin-amd64-14.15.0.jar:/home/runner/.m2/repository/io/zonky/test/postgres/embedded-postgres-binaries-linux-amd64/14.15.0/embedded-postgres-binaries-linux-amd64-14.15.0.jar:/home/runner/.m2/repository/io/zonky/test/postgres/embedded-postgres-binaries-linux-amd64-alpine/14.15.0/embedded-postgres-binaries-linux-amd64-alpine-14.15.0.jar:/home/runner/.m2/repository/org/apache/commons/commons-lang3/3.17.0/commons-lang3-3.17.0.jar:/home/runner/.m2/repository/org/tukaani/xz/1.10/xz-1.10.jar:/home/runner/.m2/repository/commons-codec/commons-codec/1.18.0/commons-codec-1.18.0.jar:/home/runner/.m2/repository/org/postgresql/postgresql/42.7.5/postgresql-42.7.5.jar:/home/runner/.m2/repository/commons-io/commons-io/2.18.0/commons-io-2.18.0.jar:/home/runner/work/apicurio-testing/apicurio-testing/clusters/ci419/namespaces/inmemory/tests/integration/apicurio-registry/utils/importexport/target/apicurio-registry-utils-import-export-3.0.11-SNAPSHOT.jar:/home/runner/.m2/repository/io/vertx/vertx-core/4.5.14/vertx-core-4.5.14.jar:/home/runner/.m2/repository/io/netty/netty-common/4.1.119.Final/netty-common-4.1.119.Final.jar:/home/runner/.m2/repository/io/netty/netty-buffer/4.1.119.Final/netty-buffer-4.1.119.Final.jar:/home/runner/.m2/repository/io/netty/netty-transport/4.1.119.Final/netty-transport-4.1.119.Final.jar:/home/runner/.m2/repository/io/netty/netty-handler/4.1.119.Final/netty-handler-4.1.119.Final.jar:/home/runner/.m2/repository/io/netty/netty-transport-native-unix-common/4.1.119.Final/netty-transport-native-unix-common-4.1.119.Final.jar:/home/runner/.m2/repository/io/netty/netty-codec/4.1.119.Final/netty-codec-4.1.119.Final.jar:/home/runner/.m2/repository/io/netty/netty-handler-proxy/4.1.119.Final/netty-handler-proxy-4.1.119.Final.jar:/home/runner/.m2/repository/io/netty/netty-codec-socks/4.1.119.Final/netty-codec-socks-4.1.119.Final.jar:/home/runner/.m2/repository/io/netty/netty-codec-http/4.1.119.Final/netty-codec-http-4.1.119.Final.jar:/home/runner/.m2/repository/io/netty/netty-codec-http2/4.1.119.Final/netty-codec-http2-4.1.119.Final.jar:/home/runner/.m2/repository/io/netty/netty-resolver/4.1.119.Final/netty-resolver-4.1.119.Final.jar:/home/runner/.m2/repository/io/netty/netty-resolver-dns/4.1.119.Final/netty-resolver-dns-4.1.119.Final.jar:/home/runner/.m2/repository/io/netty/netty-codec-dns/4.1.119.Final/netty-codec-dns-4.1.119.Final.jar:/home/runner/.m2/repository/com/fasterxml/jackson/core/jackson-core/2.18.2/jackson-core-2.18.2.jar:"/>
    <property name="sun.cpu.endian" value="little"/>
    <property name="user.home" value="/home/runner"/>
    <property name="user.language" value="en"/>
    <property name="jboss.log-version" value="false"/>
    <property name="java.specification.vendor" value="Oracle Corporation"/>
    <property name="java.version.date" value="2025-07-15"/>
    <property name="java.home" value="/usr/lib/jvm/temurin-17-jdk-amd64"/>
    <property name="file.separator" value="/"/>
    <property name="basedir" value="/home/runner/work/apicurio-testing/apicurio-testing/clusters/ci419/namespaces/inmemory/tests/integration/apicurio-registry/integration-tests"/>
    <property name="java.vm.compressedOopsMode" value="32-bit"/>
    <property name="line.separator" value="&#10;"/>
    <property name="java.specification.name" value="Java Platform API Specification"/>
    <property name="java.vm.specification.vendor" value="Oracle Corporation"/>
    <property name="quarkus.http.test-host" value="registry-app-inmemory.apps.ci419.apicurio-testing.org"/>
    <property name="surefire.real.class.path" value="/home/runner/work/apicurio-testing/apicurio-testing/clusters/ci419/namespaces/inmemory/tests/integration/apicurio-registry/integration-tests/target/surefire/surefirebooter-20250731181204509_3.jar"/>
    <property name="sun.management.compiler" value="HotSpot 64-Bit Tiered Compilers"/>
    <property name="org.eclipse.jetty.http.HttpGenerator.STRICT" value="true"/>
    <property name="java.runtime.version" value="17.0.16+8"/>
    <property name="user.name" value="runner"/>
    <property name="path.separator" value=":"/>
    <property name="os.version" value="6.8.0-1031-azure"/>
    <property name="java.runtime.name" value="OpenJDK Runtime Environment"/>
    <property name="file.encoding" value="UTF-8"/>
    <property name="jnidispatch.path" value="/home/runner/.cache/JNA/temp/jna16471376801523330694.tmp"/>
    <property name="java.vm.name" value="OpenJDK 64-Bit Server VM"/>
    <property name="jna.platform.library.path" value="/usr/lib/x86_64-linux-gnu:/lib/x86_64-linux-gnu:/usr/lib64:/lib64:/usr/lib:/lib:/lib32:/usr/local/lib:/usr/lib/x86_64-linux-gnu/libfakeroot"/>
    <property name="java.vendor.version" value="Temurin-17.0.16+8"/>
    <property name="quarkus.oidc.token-path" value="https://keycloak-inmemory.apps.ci419.apicurio-testing.org/realms/registry/protocol/openid-connect/token"/>
    <property name="quarkus.http.host" value="registry-app-inmemory.apps.ci419.apicurio-testing.org"/>
    <property name="localRepository" value="/home/runner/.m2/repository"/>
    <property name="javax.xml.xpath.XPathFactory:http://java.sun.com/jaxp/xpath/dom" value="com.sun.org.apache.xpath.internal.jaxp.XPathFactoryImpl"/>
    <property name="jna.loaded" value="true"/>
    <property name="java.vendor.url.bug" value="https://github.com/adoptium/adoptium-support/issues"/>
    <property name="jetty.git.hash" value="5bc5e562c8d05c5862505aebe5cf83a61bdbcb96"/>
    <property name="java.io.tmpdir" value="/tmp"/>
    <property name="quarkus.http.test-protocol" value="http"/>
    <property name="java.version" value="17.0.16"/>
    <property name="user.dir" value="/home/runner/work/apicurio-testing/apicurio-testing/clusters/ci419/namespaces/inmemory/tests/integration/apicurio-registry/integration-tests"/>
    <property name="os.arch" value="amd64"/>
    <property name="groups" value="( smoke | serdes | acceptance | ui)"/>
    <property name="java.vm.specification.name" value="Java Virtual Machine Specification"/>
    <property name="native.encoding" value="UTF-8"/>
    <property name="java.util.logging.manager" value="org.jboss.logmanager.LogManager"/>
    <property name="java.library.path" value="/usr/java/packages/lib:/usr/lib64:/lib64:/lib:/usr/lib"/>
    <property name="jdk.console" value="java.base"/>
    <property name="java.vm.info" value="mixed mode, sharing"/>
    <property name="java.vendor" value="Eclipse Adoptium"/>
    <property name="java.vm.version" value="17.0.16+8"/>
    <property name="java.specification.maintenance.version" value="1"/>
    <property name="sun.io.unicode.encoding" value="UnicodeLittle"/>
    <property name="javax.xml.transform.TransformerFactory" value="com.sun.org.apache.xalan.internal.xsltc.trax.TransformerFactoryImpl"/>
    <property name="java.class.version" value="61.0"/>
  </properties>
  <testcase name="testGlobalIdInHeaders" classname="io.apicurio.tests.serdes.apicurio.AvroSerdeIT" time="3.761">
    <system-out><![CDATA[**** Registry Base URL: http://registry-app-inmemory.apps.ci419.apicurio-testing.org:80
**** Registry Base URL: http://registry-app-inmemory.apps.ci419.apicurio-testing.org:80
2025-07-31 18:12:15,959 INFO  [io.api.tes.ser.api.AvroSerdeIT] (main) RestAssured configured with http://registry-app-inmemory.apps.ci419.apicurio-testing.org:80/apis/registry/v3
2025-07-31 18:12:15,960 INFO  [io.api.tes.uti.KafkaFacade] (main) Starting kafka container
2025-07-31 18:12:16,003 INFO  [org.tes.ima.PullPolicy] (main) Image pull policy will be performed by: DefaultPullPolicy()
2025-07-31 18:12:16,005 INFO  [org.tes.uti.ImageNameSubstitutor] (main) Image name substitution will be performed by: DefaultImageNameSubstitutor (composite of 'ConfigurationFileImageNameSubstitutor' and 'PrefixingImageNameSubstitutor')
2025-07-31 18:12:16,016 INFO  [org.tes.DockerClientFactory] (main) Testcontainers version: 1.20.6
2025-07-31 18:12:16,498 INFO  [org.tes.doc.DockerClientProviderStrategy] (main) Found Docker environment with local Unix socket (unix:///var/run/docker.sock)
2025-07-31 18:12:16,506 INFO  [org.tes.DockerClientFactory] (main) Docker host IP address is localhost
2025-07-31 18:12:16,524 INFO  [org.tes.DockerClientFactory] (main) Connected to docker: 
  Server Version: 28.0.4
  API Version: 1.48
  Operating System: Ubuntu 22.04.5 LTS
  Total Memory: 7944 MB
2025-07-31 18:12:16,570 INFO  [tc.tes.11.0] (main) Pulling docker image: testcontainers/ryuk:0.11.0. Please be patient; this may take some time but only needs to be done once.
2025-07-31 18:12:16,899 INFO  [tc.tes.11.0] (docker-java-stream--1295187651) Starting to pull image
2025-07-31 18:12:16,925 INFO  [tc.tes.11.0] (docker-java-stream--1295187651) Pulling image layers:  0 pending,  0 downloaded,  0 extracted, (0 bytes/0 bytes)
2025-07-31 18:12:17,191 INFO  [tc.tes.11.0] (docker-java-stream--1295187651) Pulling image layers:  2 pending,  1 downloaded,  0 extracted, (115 KB/? MB)
2025-07-31 18:12:17,216 INFO  [tc.tes.11.0] (docker-java-stream--1295187651) Pulling image layers:  1 pending,  2 downloaded,  0 extracted, (115 KB/? MB)
2025-07-31 18:12:17,218 INFO  [tc.tes.11.0] (docker-java-stream--1295187651) Pulling image layers:  0 pending,  3 downloaded,  0 extracted, (115 KB/10 MB)
2025-07-31 18:12:17,345 INFO  [tc.tes.11.0] (docker-java-stream--1295187651) Pulling image layers:  0 pending,  3 downloaded,  1 extracted, (3 MB/10 MB)
2025-07-31 18:12:18,309 INFO  [tc.tes.11.0] (docker-java-stream--1295187651) Pulling image layers:  0 pending,  3 downloaded,  2 extracted, (4 MB/10 MB)
2025-07-31 18:12:18,356 INFO  [tc.tes.11.0] (docker-java-stream--1295187651) Pulling image layers:  0 pending,  3 downloaded,  3 extracted, (10 MB/10 MB)
2025-07-31 18:12:18,364 INFO  [tc.tes.11.0] (docker-java-stream--1295187651) Pull complete. 3 layers, pulled in 1s (downloaded 10 MB at 10 MB/s)
2025-07-31 18:12:18,365 INFO  [tc.tes.11.0] (main) Image testcontainers/ryuk:0.11.0 pull took PT1.794666072S
2025-07-31 18:12:18,390 INFO  [tc.tes.11.0] (main) Creating container for image: testcontainers/ryuk:0.11.0
2025-07-31 18:12:18,474 INFO  [tc.tes.11.0] (main) Container testcontainers/ryuk:0.11.0 is starting: 5d03bb3baed25c0160e80040ee6d6137e124bd3c8e2e03fe185c84c8544b6270
2025-07-31 18:12:19,612 INFO  [tc.tes.11.0] (main) Container testcontainers/ryuk:0.11.0 started in PT1.22183853S
2025-07-31 18:12:19,617 INFO  [org.tes.uti.RyukResourceReaper] (main) Ryuk started - will monitor and terminate Testcontainers containers on JVM exit
2025-07-31 18:12:19,617 INFO  [org.tes.DockerClientFactory] (main) Checking the system...
2025-07-31 18:12:19,618 INFO  [org.tes.DockerClientFactory] (main) ✔︎ Docker server version should be at least 1.6.0
2025-07-31 18:12:19,620 INFO  [io.str.tes.con.KafkaVersionService] (main) Latest release of Kafka is:LogicalKafkaVersionEntity{version='3.7.1', image='quay.io/strimzi-test-container/test-container:0.107.0-kafka-3.7.1'}
2025-07-31 18:12:19,621 INFO  [io.str.tes.con.KafkaVersionService] (main) Latest release of Kafka is:LogicalKafkaVersionEntity{version='3.7.1', image='quay.io/strimzi-test-container/test-container:0.107.0-kafka-3.7.1'}
2025-07-31 18:12:19,621 INFO  [io.str.tes.con.KafkaVersionService] (main) No Kafka version specified. Using latest release: quay.io/strimzi-test-container/test-container:0.107.0-kafka-3.7.1
2025-07-31 18:12:19,623 INFO  [tc.qua.io/.107.0-k.7.1] (main) Pulling docker image: quay.io/strimzi-test-container/test-container:0.107.0-kafka-3.7.1. Please be patient; this may take some time but only needs to be done once.
2025-07-31 18:12:20,025 INFO  [tc.qua.io/.107.0-k.7.1] (docker-java-stream--720530420) Starting to pull image
2025-07-31 18:12:20,026 INFO  [tc.qua.io/.107.0-k.7.1] (docker-java-stream--720530420) Pulling image layers:  0 pending,  0 downloaded,  0 extracted, (0 bytes/0 bytes)
2025-07-31 18:12:20,463 INFO  [tc.qua.io/.107.0-k.7.1] (docker-java-stream--720530420) Pulling image layers:  4 pending,  1 downloaded,  0 extracted, (373 KB/? MB)
2025-07-31 18:12:20,850 INFO  [tc.qua.io/.107.0-k.7.1] (docker-java-stream--720530420) Pulling image layers:  3 pending,  2 downloaded,  0 extracted, (40 MB/? MB)
2025-07-31 18:12:21,032 INFO  [tc.qua.io/.107.0-k.7.1] (docker-java-stream--720530420) Pulling image layers:  2 pending,  3 downloaded,  0 extracted, (48 MB/? MB)
2025-07-31 18:12:21,785 INFO  [tc.qua.io/.107.0-k.7.1] (docker-java-stream--720530420) Pulling image layers:  2 pending,  3 downloaded,  1 extracted, (87 MB/? MB)
2025-07-31 18:12:23,718 INFO  [tc.qua.io/.107.0-k.7.1] (docker-java-stream--720530420) Pulling image layers:  1 pending,  4 downloaded,  1 extracted, (181 MB/? MB)
2025-07-31 18:12:25,155 INFO  [tc.qua.io/.107.0-k.7.1] (docker-java-stream--720530420) Pulling image layers:  0 pending,  5 downloaded,  1 extracted, (228 MB/231 MB)
2025-07-31 18:12:28,048 INFO  [tc.qua.io/.107.0-k.7.1] (docker-java-stream--720530420) Pulling image layers:  0 pending,  5 downloaded,  2 extracted, (229 MB/231 MB)
2025-07-31 18:12:28,069 INFO  [tc.qua.io/.107.0-k.7.1] (docker-java-stream--720530420) Pulling image layers:  0 pending,  5 downloaded,  3 extracted, (229 MB/231 MB)
2025-07-31 18:12:29,122 INFO  [tc.qua.io/.107.0-k.7.1] (docker-java-stream--720530420) Pulling image layers:  0 pending,  5 downloaded,  4 extracted, (231 MB/231 MB)
2025-07-31 18:12:29,137 INFO  [tc.qua.io/.107.0-k.7.1] (docker-java-stream--720530420) Pulling image layers:  0 pending,  5 downloaded,  5 extracted, (231 MB/231 MB)
2025-07-31 18:12:29,145 INFO  [tc.qua.io/.107.0-k.7.1] (docker-java-stream--720530420) Pull complete. 5 layers, pulled in 9s (downloaded 231 MB at 25 MB/s)
2025-07-31 18:12:29,145 INFO  [tc.qua.io/.107.0-k.7.1] (main) Image quay.io/strimzi-test-container/test-container:0.107.0-kafka-3.7.1 pull took PT9.521727018S
2025-07-31 18:12:29,150 INFO  [tc.qua.io/.107.0-k.7.1] (main) Creating container for image: quay.io/strimzi-test-container/test-container:0.107.0-kafka-3.7.1
2025-07-31 18:12:29,236 INFO  [tc.qua.io/.107.0-k.7.1] (main) Container quay.io/strimzi-test-container/test-container:0.107.0-kafka-3.7.1 is starting: 84195b4f4a2412cd1127f456d6197fd09080599307039e2b76bd0dde6b057b70
2025-07-31 18:12:29,432 INFO  [io.str.tes.con.StrimziKafkaContainer] (main) Mapped port: 32770
2025-07-31 18:12:29,437 INFO  [io.str.tes.con.StrimziKafkaContainer] (main) This is all advertised listeners for Kafka PLAINTEXT://localhost:32770,BROKER1://172.18.0.2:9093
2025-07-31 18:12:29,437 INFO  [io.str.tes.con.StrimziKafkaContainer] (main) Using internal ZooKeeper 'zookeeper.connect=localhost:2181.'
2025-07-31 18:12:29,439 INFO  [io.str.tes.con.StrimziKafkaContainer] (main) Copying command to 'STARTER_SCRIPT' script.
2025-07-31 18:12:33,459 INFO  [tc.qua.io/.107.0-k.7.1] (main) Container quay.io/strimzi-test-container/test-container:0.107.0-kafka-3.7.1 started in PT4.308983602S
2025-07-31 18:12:33,460 INFO  [io.api.tes.uti.TestSeparator] (main) ############################################################################
2025-07-31 18:12:33,460 INFO  [io.api.tes.uti.TestSeparator] (main) io.apicurio.tests.serdes.apicurio.AvroSerdeIT.testGlobalIdInHeaders-STARTED
2025-07-31 18:12:33,496 INFO  [org.apa.kaf.cli.adm.AdminClientConfig] (main) AdminClientConfig values: 
	auto.include.jmx.reporter = true
	bootstrap.controllers = []
	bootstrap.servers = [PLAINTEXT://localhost:32770]
	client.dns.lookup = use_all_dns_ips
	client.id = 
	connections.max.idle.ms = 10000
	default.api.timeout.ms = 60000
	enable.metrics.push = true
	metadata.max.age.ms = 300000
	metadata.recovery.strategy = none
	metric.reporters = []
	metrics.num.samples = 2
	metrics.recording.level = INFO
	metrics.sample.window.ms = 30000
	receive.buffer.bytes = 65536
	reconnect.backoff.max.ms = 1000
	reconnect.backoff.ms = 50
	request.timeout.ms = 5000
	retries = 2147483647
	retry.backoff.max.ms = 1000
	retry.backoff.ms = 100
	sasl.client.callback.handler.class = null
	sasl.jaas.config = null
	sasl.kerberos.kinit.cmd = /usr/bin/kinit
	sasl.kerberos.min.time.before.relogin = 60000
	sasl.kerberos.service.name = null
	sasl.kerberos.ticket.renew.jitter = 0.05
	sasl.kerberos.ticket.renew.window.factor = 0.8
	sasl.login.callback.handler.class = null
	sasl.login.class = null
	sasl.login.connect.timeout.ms = null
	sasl.login.read.timeout.ms = null
	sasl.login.refresh.buffer.seconds = 300
	sasl.login.refresh.min.period.seconds = 60
	sasl.login.refresh.window.factor = 0.8
	sasl.login.refresh.window.jitter = 0.05
	sasl.login.retry.backoff.max.ms = 10000
	sasl.login.retry.backoff.ms = 100
	sasl.mechanism = GSSAPI
	sasl.oauthbearer.clock.skew.seconds = 30
	sasl.oauthbearer.expected.audience = null
	sasl.oauthbearer.expected.issuer = null
	sasl.oauthbearer.header.urlencode = false
	sasl.oauthbearer.jwks.endpoint.refresh.ms = 3600000
	sasl.oauthbearer.jwks.endpoint.retry.backoff.max.ms = 10000
	sasl.oauthbearer.jwks.endpoint.retry.backoff.ms = 100
	sasl.oauthbearer.jwks.endpoint.url = null
	sasl.oauthbearer.scope.claim.name = scope
	sasl.oauthbearer.sub.claim.name = sub
	sasl.oauthbearer.token.endpoint.url = null
	security.protocol = PLAINTEXT
	security.providers = null
	send.buffer.bytes = 131072
	socket.connection.setup.timeout.max.ms = 30000
	socket.connection.setup.timeout.ms = 10000
	ssl.cipher.suites = null
	ssl.enabled.protocols = [TLSv1.2, TLSv1.3]
	ssl.endpoint.identification.algorithm = https
	ssl.engine.factory.class = null
	ssl.key.password = null
	ssl.keymanager.algorithm = SunX509
	ssl.keystore.certificate.chain = null
	ssl.keystore.key = null
	ssl.keystore.location = null
	ssl.keystore.password = null
	ssl.keystore.type = JKS
	ssl.protocol = TLSv1.3
	ssl.provider = null
	ssl.secure.random.implementation = null
	ssl.trustmanager.algorithm = PKIX
	ssl.truststore.certificates = null
	ssl.truststore.location = null
	ssl.truststore.password = null
	ssl.truststore.type = JKS

2025-07-31 18:12:34,212 INFO  [org.apa.kaf.com.uti.AppInfoParser] (main) Kafka version: 3.9.1
2025-07-31 18:12:34,213 INFO  [org.apa.kaf.com.uti.AppInfoParser] (main) Kafka commitId: f745dfdcee2b9851
2025-07-31 18:12:34,213 INFO  [org.apa.kaf.com.uti.AppInfoParser] (main) Kafka startTimeMs: 1753985554211
**** Registry Base URL: http://registry-app-inmemory.apps.ci419.apicurio-testing.org:80
2025-07-31 18:12:34,266 INFO  [org.apa.kaf.cli.pro.ProducerConfig] (main) ProducerConfig values: 
	acks = -1
	auto.include.jmx.reporter = true
	batch.size = 16384
	bootstrap.servers = [PLAINTEXT://localhost:32770]
	buffer.memory = 33554432
	client.dns.lookup = use_all_dns_ips
	client.id = Producer-topic-586f52ee_5a85_4861_9648_73698ac041db
	compression.gzip.level = -1
	compression.lz4.level = 9
	compression.type = none
	compression.zstd.level = 3
	connections.max.idle.ms = 10000
	delivery.timeout.ms = 120000
	enable.idempotence = true
	enable.metrics.push = true
	interceptor.classes = []
	key.serializer = class org.apache.kafka.common.serialization.StringSerializer
	linger.ms = 0
	max.block.ms = 60000
	max.in.flight.requests.per.connection = 5
	max.request.size = 1048576
	metadata.max.age.ms = 300000
	metadata.max.idle.ms = 300000
	metadata.recovery.strategy = none
	metric.reporters = []
	metrics.num.samples = 2
	metrics.recording.level = INFO
	metrics.sample.window.ms = 30000
	partitioner.adaptive.partitioning.enable = true
	partitioner.availability.timeout.ms = 0
	partitioner.class = null
	partitioner.ignore.keys = false
	receive.buffer.bytes = 32768
	reconnect.backoff.max.ms = 1000
	reconnect.backoff.ms = 50
	request.timeout.ms = 5000
	retries = 2147483647
	retry.backoff.max.ms = 1000
	retry.backoff.ms = 100
	sasl.client.callback.handler.class = null
	sasl.jaas.config = null
	sasl.kerberos.kinit.cmd = /usr/bin/kinit
	sasl.kerberos.min.time.before.relogin = 60000
	sasl.kerberos.service.name = null
	sasl.kerberos.ticket.renew.jitter = 0.05
	sasl.kerberos.ticket.renew.window.factor = 0.8
	sasl.login.callback.handler.class = null
	sasl.login.class = null
	sasl.login.connect.timeout.ms = null
	sasl.login.read.timeout.ms = null
	sasl.login.refresh.buffer.seconds = 300
	sasl.login.refresh.min.period.seconds = 60
	sasl.login.refresh.window.factor = 0.8
	sasl.login.refresh.window.jitter = 0.05
	sasl.login.retry.backoff.max.ms = 10000
	sasl.login.retry.backoff.ms = 100
	sasl.mechanism = GSSAPI
	sasl.oauthbearer.clock.skew.seconds = 30
	sasl.oauthbearer.expected.audience = null
	sasl.oauthbearer.expected.issuer = null
	sasl.oauthbearer.header.urlencode = false
	sasl.oauthbearer.jwks.endpoint.refresh.ms = 3600000
	sasl.oauthbearer.jwks.endpoint.retry.backoff.max.ms = 10000
	sasl.oauthbearer.jwks.endpoint.retry.backoff.ms = 100
	sasl.oauthbearer.jwks.endpoint.url = null
	sasl.oauthbearer.scope.claim.name = scope
	sasl.oauthbearer.sub.claim.name = sub
	sasl.oauthbearer.token.endpoint.url = null
	security.protocol = PLAINTEXT
	security.providers = null
	send.buffer.bytes = 131072
	socket.connection.setup.timeout.max.ms = 30000
	socket.connection.setup.timeout.ms = 10000
	ssl.cipher.suites = null
	ssl.enabled.protocols = [TLSv1.2, TLSv1.3]
	ssl.endpoint.identification.algorithm = https
	ssl.engine.factory.class = null
	ssl.key.password = null
	ssl.keymanager.algorithm = SunX509
	ssl.keystore.certificate.chain = null
	ssl.keystore.key = null
	ssl.keystore.location = null
	ssl.keystore.password = null
	ssl.keystore.type = JKS
	ssl.protocol = TLSv1.3
	ssl.provider = null
	ssl.secure.random.implementation = null
	ssl.trustmanager.algorithm = PKIX
	ssl.truststore.certificates = null
	ssl.truststore.location = null
	ssl.truststore.password = null
	ssl.truststore.type = JKS
	transaction.timeout.ms = 60000
	transactional.id = null
	value.serializer = class io.apicurio.registry.serde.avro.AvroKafkaSerializer

2025-07-31 18:12:34,316 INFO  [org.apa.kaf.com.tel.int.KafkaMetricsCollector] (main) initializing Kafka metrics collector
2025-07-31 18:12:34,341 INFO  [org.apa.kaf.cli.pro.KafkaProducer] (main) [Producer clientId=Producer-topic-586f52ee_5a85_4861_9648_73698ac041db] Instantiated an idempotent producer.
2025-07-31 18:12:34,389 INFO  [org.apa.kaf.cli.pro.ProducerConfig] (main) These configurations '[apicurio.registry.url, apicurio.registry.auto-register, apicurio.registry.use-id, apicurio.registry.artifact-resolver-strategy]' were supplied but are not used yet.
2025-07-31 18:12:34,389 INFO  [org.apa.kaf.com.uti.AppInfoParser] (main) Kafka version: 3.9.1
2025-07-31 18:12:34,389 INFO  [org.apa.kaf.com.uti.AppInfoParser] (main) Kafka commitId: f745dfdcee2b9851
2025-07-31 18:12:34,389 INFO  [org.apa.kaf.com.uti.AppInfoParser] (main) Kafka startTimeMs: 1753985554389
2025-07-31 18:12:34,390 INFO  [io.api.tes.ser.api.SimpleSerdesTesterBuilder$SimpleSerdesTester] (main) Using producer configuration: {apicurio.registry.url=http://registry-app-inmemory.apps.ci419.apicurio-testing.org:80/apis/registry/v3, apicurio.registry.auto-register=true, apicurio.registry.use-id=globalId, apicurio.registry.artifact-resolver-strategy=io.apicurio.registry.serde.strategy.TopicIdStrategy, value.serializer=io.apicurio.registry.serde.avro.AvroKafkaSerializer, request.timeout.ms=5000, acks=all, bootstrap.servers=PLAINTEXT://localhost:32770, connections.max.idle.ms=10000, key.serializer=org.apache.kafka.common.serialization.StringSerializer, client.id=Producer-topic-586f52ee_5a85_4861_9648_73698ac041db}
2025-07-31 18:12:34,390 INFO  [io.api.tes.ser.api.SimpleSerdesTesterBuilder$SimpleSerdesTester] (main) Using consumer configuration: {apicurio.registry.use-id=globalId}
2025-07-31 18:12:34,398 INFO  [io.api.tes.ser.api.KafkaSerdesTester] (Thread-594) Sending message {"key11753985554240": "value-0"} to topic topic-586f52ee_5a85_4861_9648_73698ac041db
2025-07-31 18:12:34,804 WARN  [org.apa.kaf.cli.NetworkClient] (kafka-producer-network-thread | Producer-topic-586f52ee_5a85_4861_9648_73698ac041db) [Producer clientId=Producer-topic-586f52ee_5a85_4861_9648_73698ac041db] The metadata response from the cluster reported a recoverable issue with correlation id 2 : {topic-586f52ee_5a85_4861_9648_73698ac041db=LEADER_NOT_AVAILABLE}
2025-07-31 18:12:34,805 INFO  [org.apa.kaf.cli.Metadata] (kafka-producer-network-thread | Producer-topic-586f52ee_5a85_4861_9648_73698ac041db) [Producer clientId=Producer-topic-586f52ee_5a85_4861_9648_73698ac041db] Cluster ID: Pi_RUBSBSj-WuHInrGEQ6g
2025-07-31 18:12:35,063 WARN  [org.apa.kaf.cli.NetworkClient] (kafka-producer-network-thread | Producer-topic-586f52ee_5a85_4861_9648_73698ac041db) [Producer clientId=Producer-topic-586f52ee_5a85_4861_9648_73698ac041db] The metadata response from the cluster reported a recoverable issue with correlation id 8 : {topic-586f52ee_5a85_4861_9648_73698ac041db=LEADER_NOT_AVAILABLE}
2025-07-31 18:12:35,068 INFO  [org.apa.kaf.cli.pro.int.TransactionManager] (kafka-producer-network-thread | Producer-topic-586f52ee_5a85_4861_9648_73698ac041db) [Producer clientId=Producer-topic-586f52ee_5a85_4861_9648_73698ac041db] ProducerId set to 0 with epoch 0
2025-07-31 18:12:35,436 INFO  [io.api.tes.ser.api.KafkaSerdesTester] (Thread-594) Sending message {"key11753985554240": "value-1"} to topic topic-586f52ee_5a85_4861_9648_73698ac041db
2025-07-31 18:12:35,441 INFO  [io.api.tes.ser.api.KafkaSerdesTester] (Thread-594) Sending message {"key11753985554240": "value-2"} to topic topic-586f52ee_5a85_4861_9648_73698ac041db
2025-07-31 18:12:35,447 INFO  [io.api.tes.ser.api.KafkaSerdesTester] (Thread-594) Sending message {"key11753985554240": "value-3"} to topic topic-586f52ee_5a85_4861_9648_73698ac041db
2025-07-31 18:12:35,451 INFO  [io.api.tes.ser.api.KafkaSerdesTester] (Thread-594) Sending message {"key11753985554240": "value-4"} to topic topic-586f52ee_5a85_4861_9648_73698ac041db
2025-07-31 18:12:35,457 INFO  [io.api.tes.ser.api.KafkaSerdesTester] (Thread-594) Sending message {"key11753985554240": "value-5"} to topic topic-586f52ee_5a85_4861_9648_73698ac041db
2025-07-31 18:12:35,462 INFO  [io.api.tes.ser.api.KafkaSerdesTester] (Thread-594) Sending message {"key11753985554240": "value-6"} to topic topic-586f52ee_5a85_4861_9648_73698ac041db
2025-07-31 18:12:35,467 INFO  [io.api.tes.ser.api.KafkaSerdesTester] (Thread-594) Sending message {"key11753985554240": "value-7"} to topic topic-586f52ee_5a85_4861_9648_73698ac041db
2025-07-31 18:12:35,472 INFO  [io.api.tes.ser.api.KafkaSerdesTester] (Thread-594) Sending message {"key11753985554240": "value-8"} to topic topic-586f52ee_5a85_4861_9648_73698ac041db
2025-07-31 18:12:35,476 INFO  [io.api.tes.ser.api.KafkaSerdesTester] (Thread-594) Sending message {"key11753985554240": "value-9"} to topic topic-586f52ee_5a85_4861_9648_73698ac041db
2025-07-31 18:12:35,479 INFO  [io.api.tes.ser.api.KafkaSerdesTester] (Thread-594) Produced 10 messages
2025-07-31 18:12:35,482 INFO  [org.apa.kaf.cli.pro.KafkaProducer] (Thread-594) [Producer clientId=Producer-topic-586f52ee_5a85_4861_9648_73698ac041db] Closing the Kafka producer with timeoutMillis = 9223372036854775807 ms.
2025-07-31 18:12:35,500 INFO  [org.apa.kaf.com.met.Metrics] (Thread-594) Metrics scheduler closed
2025-07-31 18:12:35,500 INFO  [org.apa.kaf.com.met.Metrics] (Thread-594) Closing reporter org.apache.kafka.common.metrics.JmxReporter
2025-07-31 18:12:35,501 INFO  [org.apa.kaf.com.met.Metrics] (Thread-594) Closing reporter org.apache.kafka.common.telemetry.internals.ClientTelemetryReporter
2025-07-31 18:12:35,501 INFO  [org.apa.kaf.com.met.Metrics] (Thread-594) Metrics reporters closed
2025-07-31 18:12:35,501 INFO  [org.apa.kaf.com.uti.AppInfoParser] (Thread-594) App info kafka.producer for Producer-topic-586f52ee_5a85_4861_9648_73698ac041db unregistered
**** Registry Base URL: http://registry-app-inmemory.apps.ci419.apicurio-testing.org:80
2025-07-31 18:12:35,560 INFO  [org.apa.kaf.cli.con.ConsumerConfig] (main) ConsumerConfig values: 
	allow.auto.create.topics = true
	auto.commit.interval.ms = 500
	auto.include.jmx.reporter = true
	auto.offset.reset = earliest
	bootstrap.servers = [PLAINTEXT://localhost:32770]
	check.crcs = true
	client.dns.lookup = use_all_dns_ips
	client.id = consumer-Consumer-topic-586f52ee_5a85_4861_9648_73698ac041db-1
	client.rack = 
	connections.max.idle.ms = 10000
	default.api.timeout.ms = 60000
	enable.auto.commit = true
	enable.metrics.push = true
	exclude.internal.topics = true
	fetch.max.bytes = 52428800
	fetch.max.wait.ms = 500
	fetch.min.bytes = 1
	group.id = Consumer-topic-586f52ee_5a85_4861_9648_73698ac041db
	group.instance.id = null
	group.protocol = classic
	group.remote.assignor = null
	heartbeat.interval.ms = 3000
	interceptor.classes = []
	internal.leave.group.on.close = true
	internal.throw.on.fetch.stable.offset.unsupported = false
	isolation.level = read_uncommitted
	key.deserializer = class org.apache.kafka.common.serialization.StringDeserializer
	max.partition.fetch.bytes = 1048576
	max.poll.interval.ms = 300000
	max.poll.records = 500
	metadata.max.age.ms = 300000
	metadata.recovery.strategy = none
	metric.reporters = []
	metrics.num.samples = 2
	metrics.recording.level = INFO
	metrics.sample.window.ms = 30000
	partition.assignment.strategy = [class org.apache.kafka.clients.consumer.RangeAssignor, class org.apache.kafka.clients.consumer.CooperativeStickyAssignor]
	receive.buffer.bytes = 65536
	reconnect.backoff.max.ms = 1000
	reconnect.backoff.ms = 50
	request.timeout.ms = 5000
	retry.backoff.max.ms = 1000
	retry.backoff.ms = 100
	sasl.client.callback.handler.class = null
	sasl.jaas.config = null
	sasl.kerberos.kinit.cmd = /usr/bin/kinit
	sasl.kerberos.min.time.before.relogin = 60000
	sasl.kerberos.service.name = null
	sasl.kerberos.ticket.renew.jitter = 0.05
	sasl.kerberos.ticket.renew.window.factor = 0.8
	sasl.login.callback.handler.class = null
	sasl.login.class = null
	sasl.login.connect.timeout.ms = null
	sasl.login.read.timeout.ms = null
	sasl.login.refresh.buffer.seconds = 300
	sasl.login.refresh.min.period.seconds = 60
	sasl.login.refresh.window.factor = 0.8
	sasl.login.refresh.window.jitter = 0.05
	sasl.login.retry.backoff.max.ms = 10000
	sasl.login.retry.backoff.ms = 100
	sasl.mechanism = GSSAPI
	sasl.oauthbearer.clock.skew.seconds = 30
	sasl.oauthbearer.expected.audience = null
	sasl.oauthbearer.expected.issuer = null
	sasl.oauthbearer.header.urlencode = false
	sasl.oauthbearer.jwks.endpoint.refresh.ms = 3600000
	sasl.oauthbearer.jwks.endpoint.retry.backoff.max.ms = 10000
	sasl.oauthbearer.jwks.endpoint.retry.backoff.ms = 100
	sasl.oauthbearer.jwks.endpoint.url = null
	sasl.oauthbearer.scope.claim.name = scope
	sasl.oauthbearer.sub.claim.name = sub
	sasl.oauthbearer.token.endpoint.url = null
	security.protocol = PLAINTEXT
	security.providers = null
	send.buffer.bytes = 131072
	session.timeout.ms = 45000
	socket.connection.setup.timeout.max.ms = 30000
	socket.connection.setup.timeout.ms = 10000
	ssl.cipher.suites = null
	ssl.enabled.protocols = [TLSv1.2, TLSv1.3]
	ssl.endpoint.identification.algorithm = https
	ssl.engine.factory.class = null
	ssl.key.password = null
	ssl.keymanager.algorithm = SunX509
	ssl.keystore.certificate.chain = null
	ssl.keystore.key = null
	ssl.keystore.location = null
	ssl.keystore.password = null
	ssl.keystore.type = JKS
	ssl.protocol = TLSv1.3
	ssl.provider = null
	ssl.secure.random.implementation = null
	ssl.trustmanager.algorithm = PKIX
	ssl.truststore.certificates = null
	ssl.truststore.location = null
	ssl.truststore.password = null
	ssl.truststore.type = JKS
	value.deserializer = class io.apicurio.registry.serde.avro.AvroKafkaDeserializer

2025-07-31 18:12:35,569 INFO  [org.apa.kaf.com.tel.int.KafkaMetricsCollector] (main) initializing Kafka metrics collector
2025-07-31 18:12:35,614 INFO  [org.apa.kaf.cli.con.ConsumerConfig] (main) These configurations '[apicurio.registry.url, apicurio.registry.use-id]' were supplied but are not used yet.
2025-07-31 18:12:35,615 INFO  [org.apa.kaf.com.uti.AppInfoParser] (main) Kafka version: 3.9.1
2025-07-31 18:12:35,615 INFO  [org.apa.kaf.com.uti.AppInfoParser] (main) Kafka commitId: f745dfdcee2b9851
2025-07-31 18:12:35,615 INFO  [org.apa.kaf.com.uti.AppInfoParser] (main) Kafka startTimeMs: 1753985555615
2025-07-31 18:12:35,617 INFO  [org.apa.kaf.cli.con.int.ClassicKafkaConsumer] (Thread-597) [Consumer clientId=consumer-Consumer-topic-586f52ee_5a85_4861_9648_73698ac041db-1, groupId=Consumer-topic-586f52ee_5a85_4861_9648_73698ac041db] Subscribed to topic(s): topic-586f52ee_5a85_4861_9648_73698ac041db
2025-07-31 18:12:35,633 INFO  [org.apa.kaf.cli.Metadata] (Thread-597) [Consumer clientId=consumer-Consumer-topic-586f52ee_5a85_4861_9648_73698ac041db-1, groupId=Consumer-topic-586f52ee_5a85_4861_9648_73698ac041db] Cluster ID: Pi_RUBSBSj-WuHInrGEQ6g
2025-07-31 18:12:36,410 INFO  [org.apa.kaf.cli.con.int.ConsumerCoordinator] (Thread-597) [Consumer clientId=consumer-Consumer-topic-586f52ee_5a85_4861_9648_73698ac041db-1, groupId=Consumer-topic-586f52ee_5a85_4861_9648_73698ac041db] Discovered group coordinator localhost:32770 (id: 2147483647 rack: null)
2025-07-31 18:12:36,418 INFO  [org.apa.kaf.cli.con.int.ConsumerCoordinator] (Thread-597) [Consumer clientId=consumer-Consumer-topic-586f52ee_5a85_4861_9648_73698ac041db-1, groupId=Consumer-topic-586f52ee_5a85_4861_9648_73698ac041db] (Re-)joining group
2025-07-31 18:12:36,461 INFO  [org.apa.kaf.cli.con.int.ConsumerCoordinator] (Thread-597) [Consumer clientId=consumer-Consumer-topic-586f52ee_5a85_4861_9648_73698ac041db-1, groupId=Consumer-topic-586f52ee_5a85_4861_9648_73698ac041db] Request joining group due to: need to re-join with the given member-id: consumer-Consumer-topic-586f52ee_5a85_4861_9648_73698ac041db-1-336876ca-04eb-4660-9c6d-cb1f23e4a757
2025-07-31 18:12:36,461 INFO  [org.apa.kaf.cli.con.int.ConsumerCoordinator] (Thread-597) [Consumer clientId=consumer-Consumer-topic-586f52ee_5a85_4861_9648_73698ac041db-1, groupId=Consumer-topic-586f52ee_5a85_4861_9648_73698ac041db] (Re-)joining group
2025-07-31 18:12:36,495 INFO  [org.apa.kaf.cli.con.int.ConsumerCoordinator] (Thread-597) [Consumer clientId=consumer-Consumer-topic-586f52ee_5a85_4861_9648_73698ac041db-1, groupId=Consumer-topic-586f52ee_5a85_4861_9648_73698ac041db] Successfully joined group with generation Generation{generationId=1, memberId='consumer-Consumer-topic-586f52ee_5a85_4861_9648_73698ac041db-1-336876ca-04eb-4660-9c6d-cb1f23e4a757', protocol='range'}
2025-07-31 18:12:36,502 INFO  [org.apa.kaf.cli.con.int.ConsumerCoordinator] (Thread-597) [Consumer clientId=consumer-Consumer-topic-586f52ee_5a85_4861_9648_73698ac041db-1, groupId=Consumer-topic-586f52ee_5a85_4861_9648_73698ac041db] Finished assignment for group at generation 1: {consumer-Consumer-topic-586f52ee_5a85_4861_9648_73698ac041db-1-336876ca-04eb-4660-9c6d-cb1f23e4a757=Assignment(partitions=[topic-586f52ee_5a85_4861_9648_73698ac041db-0])}
2025-07-31 18:12:36,532 INFO  [org.apa.kaf.cli.con.int.ConsumerCoordinator] (Thread-597) [Consumer clientId=consumer-Consumer-topic-586f52ee_5a85_4861_9648_73698ac041db-1, groupId=Consumer-topic-586f52ee_5a85_4861_9648_73698ac041db] Successfully synced group in generation Generation{generationId=1, memberId='consumer-Consumer-topic-586f52ee_5a85_4861_9648_73698ac041db-1-336876ca-04eb-4660-9c6d-cb1f23e4a757', protocol='range'}
2025-07-31 18:12:36,532 INFO  [org.apa.kaf.cli.con.int.ConsumerCoordinator] (Thread-597) [Consumer clientId=consumer-Consumer-topic-586f52ee_5a85_4861_9648_73698ac041db-1, groupId=Consumer-topic-586f52ee_5a85_4861_9648_73698ac041db] Notifying assignor about the new Assignment(partitions=[topic-586f52ee_5a85_4861_9648_73698ac041db-0])
2025-07-31 18:12:36,536 INFO  [org.apa.kaf.cli.con.int.ConsumerRebalanceListenerInvoker] (Thread-597) [Consumer clientId=consumer-Consumer-topic-586f52ee_5a85_4861_9648_73698ac041db-1, groupId=Consumer-topic-586f52ee_5a85_4861_9648_73698ac041db] Adding newly assigned partitions: topic-586f52ee_5a85_4861_9648_73698ac041db-0
2025-07-31 18:12:36,550 INFO  [org.apa.kaf.cli.con.int.ConsumerCoordinator] (Thread-597) [Consumer clientId=consumer-Consumer-topic-586f52ee_5a85_4861_9648_73698ac041db-1, groupId=Consumer-topic-586f52ee_5a85_4861_9648_73698ac041db] Found no committed offset for partition topic-586f52ee_5a85_4861_9648_73698ac041db-0
2025-07-31 18:12:36,575 INFO  [org.apa.kaf.cli.con.int.SubscriptionState] (Thread-597) [Consumer clientId=consumer-Consumer-topic-586f52ee_5a85_4861_9648_73698ac041db-1, groupId=Consumer-topic-586f52ee_5a85_4861_9648_73698ac041db] Resetting offset for partition topic-586f52ee_5a85_4861_9648_73698ac041db-0 to position FetchPosition{offset=0, offsetEpoch=Optional.empty, currentLeader=LeaderAndEpoch{leader=Optional[localhost:32770 (id: 0 rack: null)], epoch=0}}.
2025-07-31 18:12:36,618 INFO  [io.api.tes.ser.api.KafkaSerdesTester] (Thread-597) None found
2025-07-31 18:12:36,681 INFO  [io.api.tes.ser.api.KafkaSerdesTester] (Thread-597) topic-586f52ee_5a85_4861_9648_73698ac041db 0 0 {"key11753985554240": "value-0"}
2025-07-31 18:12:36,681 INFO  [io.api.tes.ser.api.KafkaSerdesTester] (Thread-597) topic-586f52ee_5a85_4861_9648_73698ac041db 0 1 {"key11753985554240": "value-1"}
2025-07-31 18:12:36,681 INFO  [io.api.tes.ser.api.KafkaSerdesTester] (Thread-597) topic-586f52ee_5a85_4861_9648_73698ac041db 0 2 {"key11753985554240": "value-2"}
2025-07-31 18:12:36,681 INFO  [io.api.tes.ser.api.KafkaSerdesTester] (Thread-597) topic-586f52ee_5a85_4861_9648_73698ac041db 0 3 {"key11753985554240": "value-3"}
2025-07-31 18:12:36,681 INFO  [io.api.tes.ser.api.KafkaSerdesTester] (Thread-597) topic-586f52ee_5a85_4861_9648_73698ac041db 0 4 {"key11753985554240": "value-4"}
2025-07-31 18:12:36,681 INFO  [io.api.tes.ser.api.KafkaSerdesTester] (Thread-597) topic-586f52ee_5a85_4861_9648_73698ac041db 0 5 {"key11753985554240": "value-5"}
2025-07-31 18:12:36,681 INFO  [io.api.tes.ser.api.KafkaSerdesTester] (Thread-597) topic-586f52ee_5a85_4861_9648_73698ac041db 0 6 {"key11753985554240": "value-6"}
2025-07-31 18:12:36,682 INFO  [io.api.tes.ser.api.KafkaSerdesTester] (Thread-597) topic-586f52ee_5a85_4861_9648_73698ac041db 0 7 {"key11753985554240": "value-7"}
2025-07-31 18:12:36,682 INFO  [io.api.tes.ser.api.KafkaSerdesTester] (Thread-597) topic-586f52ee_5a85_4861_9648_73698ac041db 0 8 {"key11753985554240": "value-8"}
2025-07-31 18:12:36,682 INFO  [io.api.tes.ser.api.KafkaSerdesTester] (Thread-597) topic-586f52ee_5a85_4861_9648_73698ac041db 0 9 {"key11753985554240": "value-9"}
2025-07-31 18:12:36,682 INFO  [io.api.tes.ser.api.KafkaSerdesTester] (Thread-597) Consumed 10 messages
2025-07-31 18:12:36,704 INFO  [org.apa.kaf.cli.con.int.ConsumerRebalanceListenerInvoker] (Thread-597) [Consumer clientId=consumer-Consumer-topic-586f52ee_5a85_4861_9648_73698ac041db-1, groupId=Consumer-topic-586f52ee_5a85_4861_9648_73698ac041db] Revoke previously assigned partitions topic-586f52ee_5a85_4861_9648_73698ac041db-0
2025-07-31 18:12:36,705 INFO  [org.apa.kaf.cli.con.int.ConsumerCoordinator] (Thread-597) [Consumer clientId=consumer-Consumer-topic-586f52ee_5a85_4861_9648_73698ac041db-1, groupId=Consumer-topic-586f52ee_5a85_4861_9648_73698ac041db] Member consumer-Consumer-topic-586f52ee_5a85_4861_9648_73698ac041db-1-336876ca-04eb-4660-9c6d-cb1f23e4a757 sending LeaveGroup request to coordinator localhost:32770 (id: 2147483647 rack: null) due to the consumer is being closed
2025-07-31 18:12:36,709 INFO  [org.apa.kaf.cli.con.int.ConsumerCoordinator] (Thread-597) [Consumer clientId=consumer-Consumer-topic-586f52ee_5a85_4861_9648_73698ac041db-1, groupId=Consumer-topic-586f52ee_5a85_4861_9648_73698ac041db] Resetting generation and member id due to: consumer pro-actively leaving the group
2025-07-31 18:12:36,709 INFO  [org.apa.kaf.cli.con.int.ConsumerCoordinator] (Thread-597) [Consumer clientId=consumer-Consumer-topic-586f52ee_5a85_4861_9648_73698ac041db-1, groupId=Consumer-topic-586f52ee_5a85_4861_9648_73698ac041db] Request joining group due to: consumer pro-actively leaving the group
2025-07-31 18:12:37,198 INFO  [org.apa.kaf.com.met.Metrics] (Thread-597) Metrics scheduler closed
2025-07-31 18:12:37,198 INFO  [org.apa.kaf.com.met.Metrics] (Thread-597) Closing reporter org.apache.kafka.common.metrics.JmxReporter
2025-07-31 18:12:37,199 INFO  [org.apa.kaf.com.met.Metrics] (Thread-597) Closing reporter org.apache.kafka.common.telemetry.internals.ClientTelemetryReporter
2025-07-31 18:12:37,199 INFO  [org.apa.kaf.com.met.Metrics] (Thread-597) Metrics reporters closed
2025-07-31 18:12:37,216 INFO  [org.apa.kaf.com.uti.AppInfoParser] (Thread-597) App info kafka.consumer for consumer-Consumer-topic-586f52ee_5a85_4861_9648_73698ac041db-1 unregistered
2025-07-31 18:12:37,220 INFO  [io.api.tes.uti.TestSeparator] (main) io.apicurio.tests.serdes.apicurio.AvroSerdeIT.testGlobalIdInHeaders-FINISHED
2025-07-31 18:12:37,220 INFO  [io.api.tes.uti.TestSeparator] (main) ############################################################################
Test passed: testGlobalIdInHeaders
]]></system-out>
  </testcase>
  <testcase name="testSimpleTopicIdStrategyFindLatest" classname="io.apicurio.tests.serdes.apicurio.AvroSerdeIT" time="1.801">
    <system-out><![CDATA[2025-07-31 18:12:37,225 INFO  [io.api.tes.uti.TestSeparator] (main) ############################################################################
2025-07-31 18:12:37,225 INFO  [io.api.tes.uti.TestSeparator] (main) io.apicurio.tests.serdes.apicurio.AvroSerdeIT.testSimpleTopicIdStrategyFindLatest-STARTED
2025-07-31 18:12:37,226 INFO  [io.api.tes.ser.api.AvroSerdeIT] (main) Registering Avro Schema: {"type":"record","name":"myrecordapicurio1","fields":[{"name":"key11753985557225","type":"string"}]}
**** Registry Base URL: http://registry-app-inmemory.apps.ci419.apicurio-testing.org:80
2025-07-31 18:12:38,286 INFO  [org.apa.kaf.cli.pro.ProducerConfig] (main) ProducerConfig values: 
	acks = -1
	auto.include.jmx.reporter = true
	batch.size = 16384
	bootstrap.servers = [PLAINTEXT://localhost:32770]
	buffer.memory = 33554432
	client.dns.lookup = use_all_dns_ips
	client.id = Producer-topic-ef1b2b5f_e1a2_4a2f_b9d6_08a7af7b9166
	compression.gzip.level = -1
	compression.lz4.level = 9
	compression.type = none
	compression.zstd.level = 3
	connections.max.idle.ms = 10000
	delivery.timeout.ms = 120000
	enable.idempotence = true
	enable.metrics.push = true
	interceptor.classes = []
	key.serializer = class org.apache.kafka.common.serialization.StringSerializer
	linger.ms = 0
	max.block.ms = 60000
	max.in.flight.requests.per.connection = 5
	max.request.size = 1048576
	metadata.max.age.ms = 300000
	metadata.max.idle.ms = 300000
	metadata.recovery.strategy = none
	metric.reporters = []
	metrics.num.samples = 2
	metrics.recording.level = INFO
	metrics.sample.window.ms = 30000
	partitioner.adaptive.partitioning.enable = true
	partitioner.availability.timeout.ms = 0
	partitioner.class = null
	partitioner.ignore.keys = false
	receive.buffer.bytes = 32768
	reconnect.backoff.max.ms = 1000
	reconnect.backoff.ms = 50
	request.timeout.ms = 5000
	retries = 2147483647
	retry.backoff.max.ms = 1000
	retry.backoff.ms = 100
	sasl.client.callback.handler.class = null
	sasl.jaas.config = null
	sasl.kerberos.kinit.cmd = /usr/bin/kinit
	sasl.kerberos.min.time.before.relogin = 60000
	sasl.kerberos.service.name = null
	sasl.kerberos.ticket.renew.jitter = 0.05
	sasl.kerberos.ticket.renew.window.factor = 0.8
	sasl.login.callback.handler.class = null
	sasl.login.class = null
	sasl.login.connect.timeout.ms = null
	sasl.login.read.timeout.ms = null
	sasl.login.refresh.buffer.seconds = 300
	sasl.login.refresh.min.period.seconds = 60
	sasl.login.refresh.window.factor = 0.8
	sasl.login.refresh.window.jitter = 0.05
	sasl.login.retry.backoff.max.ms = 10000
	sasl.login.retry.backoff.ms = 100
	sasl.mechanism = GSSAPI
	sasl.oauthbearer.clock.skew.seconds = 30
	sasl.oauthbearer.expected.audience = null
	sasl.oauthbearer.expected.issuer = null
	sasl.oauthbearer.header.urlencode = false
	sasl.oauthbearer.jwks.endpoint.refresh.ms = 3600000
	sasl.oauthbearer.jwks.endpoint.retry.backoff.max.ms = 10000
	sasl.oauthbearer.jwks.endpoint.retry.backoff.ms = 100
	sasl.oauthbearer.jwks.endpoint.url = null
	sasl.oauthbearer.scope.claim.name = scope
	sasl.oauthbearer.sub.claim.name = sub
	sasl.oauthbearer.token.endpoint.url = null
	security.protocol = PLAINTEXT
	security.providers = null
	send.buffer.bytes = 131072
	socket.connection.setup.timeout.max.ms = 30000
	socket.connection.setup.timeout.ms = 10000
	ssl.cipher.suites = null
	ssl.enabled.protocols = [TLSv1.2, TLSv1.3]
	ssl.endpoint.identification.algorithm = https
	ssl.engine.factory.class = null
	ssl.key.password = null
	ssl.keymanager.algorithm = SunX509
	ssl.keystore.certificate.chain = null
	ssl.keystore.key = null
	ssl.keystore.location = null
	ssl.keystore.password = null
	ssl.keystore.type = JKS
	ssl.protocol = TLSv1.3
	ssl.provider = null
	ssl.secure.random.implementation = null
	ssl.trustmanager.algorithm = PKIX
	ssl.truststore.certificates = null
	ssl.truststore.location = null
	ssl.truststore.password = null
	ssl.truststore.type = JKS
	transaction.timeout.ms = 60000
	transactional.id = null
	value.serializer = class io.apicurio.registry.serde.avro.AvroKafkaSerializer

2025-07-31 18:12:38,287 INFO  [org.apa.kaf.com.tel.int.KafkaMetricsCollector] (main) initializing Kafka metrics collector
2025-07-31 18:12:38,291 INFO  [org.apa.kaf.cli.pro.KafkaProducer] (main) [Producer clientId=Producer-topic-ef1b2b5f_e1a2_4a2f_b9d6_08a7af7b9166] Instantiated an idempotent producer.
2025-07-31 18:12:38,296 INFO  [org.apa.kaf.cli.pro.ProducerConfig] (main) These configurations '[apicurio.registry.find-latest, apicurio.registry.artifact.group-id, apicurio.registry.url, apicurio.registry.artifact-resolver-strategy]' were supplied but are not used yet.
2025-07-31 18:12:38,296 INFO  [org.apa.kaf.com.uti.AppInfoParser] (main) Kafka version: 3.9.1
2025-07-31 18:12:38,296 INFO  [org.apa.kaf.com.uti.AppInfoParser] (main) Kafka commitId: f745dfdcee2b9851
2025-07-31 18:12:38,296 INFO  [org.apa.kaf.com.uti.AppInfoParser] (main) Kafka startTimeMs: 1753985558296
2025-07-31 18:12:38,296 INFO  [io.api.tes.ser.api.SimpleSerdesTesterBuilder$SimpleSerdesTester] (main) Using producer configuration: {apicurio.registry.find-latest=true, apicurio.registry.artifact.group-id=topic-ef1b2b5f_e1a2_4a2f_b9d6_08a7af7b9166, apicurio.registry.url=http://registry-app-inmemory.apps.ci419.apicurio-testing.org:80/apis/registry/v3, apicurio.registry.artifact-resolver-strategy=io.apicurio.registry.serde.strategy.SimpleTopicIdStrategy, value.serializer=io.apicurio.registry.serde.avro.AvroKafkaSerializer, request.timeout.ms=5000, acks=all, bootstrap.servers=PLAINTEXT://localhost:32770, connections.max.idle.ms=10000, key.serializer=org.apache.kafka.common.serialization.StringSerializer, client.id=Producer-topic-ef1b2b5f_e1a2_4a2f_b9d6_08a7af7b9166}
2025-07-31 18:12:38,296 INFO  [io.api.tes.ser.api.SimpleSerdesTesterBuilder$SimpleSerdesTester] (main) Using consumer configuration: {}
2025-07-31 18:12:38,299 INFO  [io.api.tes.ser.api.KafkaSerdesTester] (Thread-600) Sending message {"key11753985557225": "value-0"} to topic topic-ef1b2b5f_e1a2_4a2f_b9d6_08a7af7b9166
2025-07-31 18:12:38,306 INFO  [org.apa.kaf.cli.Metadata] (kafka-producer-network-thread | Producer-topic-ef1b2b5f_e1a2_4a2f_b9d6_08a7af7b9166) [Producer clientId=Producer-topic-ef1b2b5f_e1a2_4a2f_b9d6_08a7af7b9166] Cluster ID: Pi_RUBSBSj-WuHInrGEQ6g
2025-07-31 18:12:38,308 INFO  [org.apa.kaf.cli.pro.int.TransactionManager] (kafka-producer-network-thread | Producer-topic-ef1b2b5f_e1a2_4a2f_b9d6_08a7af7b9166) [Producer clientId=Producer-topic-ef1b2b5f_e1a2_4a2f_b9d6_08a7af7b9166] ProducerId set to 1 with epoch 0
2025-07-31 18:12:38,369 INFO  [io.api.tes.ser.api.KafkaSerdesTester] (Thread-600) Sending message {"key11753985557225": "value-1"} to topic topic-ef1b2b5f_e1a2_4a2f_b9d6_08a7af7b9166
2025-07-31 18:12:38,372 INFO  [io.api.tes.ser.api.KafkaSerdesTester] (Thread-600) Sending message {"key11753985557225": "value-2"} to topic topic-ef1b2b5f_e1a2_4a2f_b9d6_08a7af7b9166
2025-07-31 18:12:38,375 INFO  [io.api.tes.ser.api.KafkaSerdesTester] (Thread-600) Sending message {"key11753985557225": "value-3"} to topic topic-ef1b2b5f_e1a2_4a2f_b9d6_08a7af7b9166
2025-07-31 18:12:38,378 INFO  [io.api.tes.ser.api.KafkaSerdesTester] (Thread-600) Sending message {"key11753985557225": "value-4"} to topic topic-ef1b2b5f_e1a2_4a2f_b9d6_08a7af7b9166
2025-07-31 18:12:38,384 INFO  [io.api.tes.ser.api.KafkaSerdesTester] (Thread-600) Sending message {"key11753985557225": "value-5"} to topic topic-ef1b2b5f_e1a2_4a2f_b9d6_08a7af7b9166
2025-07-31 18:12:38,389 INFO  [io.api.tes.ser.api.KafkaSerdesTester] (Thread-600) Sending message {"key11753985557225": "value-6"} to topic topic-ef1b2b5f_e1a2_4a2f_b9d6_08a7af7b9166
2025-07-31 18:12:38,391 INFO  [io.api.tes.ser.api.KafkaSerdesTester] (Thread-600) Sending message {"key11753985557225": "value-7"} to topic topic-ef1b2b5f_e1a2_4a2f_b9d6_08a7af7b9166
2025-07-31 18:12:38,394 INFO  [io.api.tes.ser.api.KafkaSerdesTester] (Thread-600) Sending message {"key11753985557225": "value-8"} to topic topic-ef1b2b5f_e1a2_4a2f_b9d6_08a7af7b9166
2025-07-31 18:12:38,396 INFO  [io.api.tes.ser.api.KafkaSerdesTester] (Thread-600) Sending message {"key11753985557225": "value-9"} to topic topic-ef1b2b5f_e1a2_4a2f_b9d6_08a7af7b9166
2025-07-31 18:12:38,398 INFO  [io.api.tes.ser.api.KafkaSerdesTester] (Thread-600) Produced 10 messages
2025-07-31 18:12:38,398 INFO  [org.apa.kaf.cli.pro.KafkaProducer] (Thread-600) [Producer clientId=Producer-topic-ef1b2b5f_e1a2_4a2f_b9d6_08a7af7b9166] Closing the Kafka producer with timeoutMillis = 9223372036854775807 ms.
2025-07-31 18:12:38,403 INFO  [org.apa.kaf.com.met.Metrics] (Thread-600) Metrics scheduler closed
2025-07-31 18:12:38,403 INFO  [org.apa.kaf.com.met.Metrics] (Thread-600) Closing reporter org.apache.kafka.common.metrics.JmxReporter
2025-07-31 18:12:38,405 INFO  [org.apa.kaf.com.met.Metrics] (Thread-600) Closing reporter org.apache.kafka.common.telemetry.internals.ClientTelemetryReporter
2025-07-31 18:12:38,405 INFO  [org.apa.kaf.com.met.Metrics] (Thread-600) Metrics reporters closed
2025-07-31 18:12:38,406 INFO  [org.apa.kaf.com.uti.AppInfoParser] (Thread-600) App info kafka.producer for Producer-topic-ef1b2b5f_e1a2_4a2f_b9d6_08a7af7b9166 unregistered
**** Registry Base URL: http://registry-app-inmemory.apps.ci419.apicurio-testing.org:80
2025-07-31 18:12:38,406 INFO  [org.apa.kaf.cli.con.ConsumerConfig] (main) ConsumerConfig values: 
	allow.auto.create.topics = true
	auto.commit.interval.ms = 500
	auto.include.jmx.reporter = true
	auto.offset.reset = earliest
	bootstrap.servers = [PLAINTEXT://localhost:32770]
	check.crcs = true
	client.dns.lookup = use_all_dns_ips
	client.id = consumer-Consumer-topic-ef1b2b5f_e1a2_4a2f_b9d6_08a7af7b9166-2
	client.rack = 
	connections.max.idle.ms = 10000
	default.api.timeout.ms = 60000
	enable.auto.commit = true
	enable.metrics.push = true
	exclude.internal.topics = true
	fetch.max.bytes = 52428800
	fetch.max.wait.ms = 500
	fetch.min.bytes = 1
	group.id = Consumer-topic-ef1b2b5f_e1a2_4a2f_b9d6_08a7af7b9166
	group.instance.id = null
	group.protocol = classic
	group.remote.assignor = null
	heartbeat.interval.ms = 3000
	interceptor.classes = []
	internal.leave.group.on.close = true
	internal.throw.on.fetch.stable.offset.unsupported = false
	isolation.level = read_uncommitted
	key.deserializer = class org.apache.kafka.common.serialization.StringDeserializer
	max.partition.fetch.bytes = 1048576
	max.poll.interval.ms = 300000
	max.poll.records = 500
	metadata.max.age.ms = 300000
	metadata.recovery.strategy = none
	metric.reporters = []
	metrics.num.samples = 2
	metrics.recording.level = INFO
	metrics.sample.window.ms = 30000
	partition.assignment.strategy = [class org.apache.kafka.clients.consumer.RangeAssignor, class org.apache.kafka.clients.consumer.CooperativeStickyAssignor]
	receive.buffer.bytes = 65536
	reconnect.backoff.max.ms = 1000
	reconnect.backoff.ms = 50
	request.timeout.ms = 5000
	retry.backoff.max.ms = 1000
	retry.backoff.ms = 100
	sasl.client.callback.handler.class = null
	sasl.jaas.config = null
	sasl.kerberos.kinit.cmd = /usr/bin/kinit
	sasl.kerberos.min.time.before.relogin = 60000
	sasl.kerberos.service.name = null
	sasl.kerberos.ticket.renew.jitter = 0.05
	sasl.kerberos.ticket.renew.window.factor = 0.8
	sasl.login.callback.handler.class = null
	sasl.login.class = null
	sasl.login.connect.timeout.ms = null
	sasl.login.read.timeout.ms = null
	sasl.login.refresh.buffer.seconds = 300
	sasl.login.refresh.min.period.seconds = 60
	sasl.login.refresh.window.factor = 0.8
	sasl.login.refresh.window.jitter = 0.05
	sasl.login.retry.backoff.max.ms = 10000
	sasl.login.retry.backoff.ms = 100
	sasl.mechanism = GSSAPI
	sasl.oauthbearer.clock.skew.seconds = 30
	sasl.oauthbearer.expected.audience = null
	sasl.oauthbearer.expected.issuer = null
	sasl.oauthbearer.header.urlencode = false
	sasl.oauthbearer.jwks.endpoint.refresh.ms = 3600000
	sasl.oauthbearer.jwks.endpoint.retry.backoff.max.ms = 10000
	sasl.oauthbearer.jwks.endpoint.retry.backoff.ms = 100
	sasl.oauthbearer.jwks.endpoint.url = null
	sasl.oauthbearer.scope.claim.name = scope
	sasl.oauthbearer.sub.claim.name = sub
	sasl.oauthbearer.token.endpoint.url = null
	security.protocol = PLAINTEXT
	security.providers = null
	send.buffer.bytes = 131072
	session.timeout.ms = 45000
	socket.connection.setup.timeout.max.ms = 30000
	socket.connection.setup.timeout.ms = 10000
	ssl.cipher.suites = null
	ssl.enabled.protocols = [TLSv1.2, TLSv1.3]
	ssl.endpoint.identification.algorithm = https
	ssl.engine.factory.class = null
	ssl.key.password = null
	ssl.keymanager.algorithm = SunX509
	ssl.keystore.certificate.chain = null
	ssl.keystore.key = null
	ssl.keystore.location = null
	ssl.keystore.password = null
	ssl.keystore.type = JKS
	ssl.protocol = TLSv1.3
	ssl.provider = null
	ssl.secure.random.implementation = null
	ssl.trustmanager.algorithm = PKIX
	ssl.truststore.certificates = null
	ssl.truststore.location = null
	ssl.truststore.password = null
	ssl.truststore.type = JKS
	value.deserializer = class io.apicurio.registry.serde.avro.AvroKafkaDeserializer

2025-07-31 18:12:38,408 INFO  [org.apa.kaf.com.tel.int.KafkaMetricsCollector] (main) initializing Kafka metrics collector
2025-07-31 18:12:38,423 INFO  [org.apa.kaf.cli.con.ConsumerConfig] (main) These configurations '[apicurio.registry.url]' were supplied but are not used yet.
2025-07-31 18:12:38,423 INFO  [org.apa.kaf.com.uti.AppInfoParser] (main) Kafka version: 3.9.1
2025-07-31 18:12:38,423 INFO  [org.apa.kaf.com.uti.AppInfoParser] (main) Kafka commitId: f745dfdcee2b9851
2025-07-31 18:12:38,423 INFO  [org.apa.kaf.com.uti.AppInfoParser] (main) Kafka startTimeMs: 1753985558423
2025-07-31 18:12:38,425 INFO  [org.apa.kaf.cli.con.int.ClassicKafkaConsumer] (Thread-603) [Consumer clientId=consumer-Consumer-topic-ef1b2b5f_e1a2_4a2f_b9d6_08a7af7b9166-2, groupId=Consumer-topic-ef1b2b5f_e1a2_4a2f_b9d6_08a7af7b9166] Subscribed to topic(s): topic-ef1b2b5f_e1a2_4a2f_b9d6_08a7af7b9166
2025-07-31 18:12:38,433 INFO  [org.apa.kaf.cli.Metadata] (Thread-603) [Consumer clientId=consumer-Consumer-topic-ef1b2b5f_e1a2_4a2f_b9d6_08a7af7b9166-2, groupId=Consumer-topic-ef1b2b5f_e1a2_4a2f_b9d6_08a7af7b9166] Cluster ID: Pi_RUBSBSj-WuHInrGEQ6g
2025-07-31 18:12:38,437 INFO  [org.apa.kaf.cli.con.int.ConsumerCoordinator] (Thread-603) [Consumer clientId=consumer-Consumer-topic-ef1b2b5f_e1a2_4a2f_b9d6_08a7af7b9166-2, groupId=Consumer-topic-ef1b2b5f_e1a2_4a2f_b9d6_08a7af7b9166] Discovered group coordinator localhost:32770 (id: 2147483647 rack: null)
2025-07-31 18:12:38,439 INFO  [org.apa.kaf.cli.con.int.ConsumerCoordinator] (Thread-603) [Consumer clientId=consumer-Consumer-topic-ef1b2b5f_e1a2_4a2f_b9d6_08a7af7b9166-2, groupId=Consumer-topic-ef1b2b5f_e1a2_4a2f_b9d6_08a7af7b9166] (Re-)joining group
2025-07-31 18:12:38,447 INFO  [org.apa.kaf.cli.con.int.ConsumerCoordinator] (Thread-603) [Consumer clientId=consumer-Consumer-topic-ef1b2b5f_e1a2_4a2f_b9d6_08a7af7b9166-2, groupId=Consumer-topic-ef1b2b5f_e1a2_4a2f_b9d6_08a7af7b9166] Request joining group due to: need to re-join with the given member-id: consumer-Consumer-topic-ef1b2b5f_e1a2_4a2f_b9d6_08a7af7b9166-2-7fb950cf-b54e-4c06-ac6e-e2fd19a042de
2025-07-31 18:12:38,448 INFO  [org.apa.kaf.cli.con.int.ConsumerCoordinator] (Thread-603) [Consumer clientId=consumer-Consumer-topic-ef1b2b5f_e1a2_4a2f_b9d6_08a7af7b9166-2, groupId=Consumer-topic-ef1b2b5f_e1a2_4a2f_b9d6_08a7af7b9166] (Re-)joining group
2025-07-31 18:12:38,453 INFO  [org.apa.kaf.cli.con.int.ConsumerCoordinator] (Thread-603) [Consumer clientId=consumer-Consumer-topic-ef1b2b5f_e1a2_4a2f_b9d6_08a7af7b9166-2, groupId=Consumer-topic-ef1b2b5f_e1a2_4a2f_b9d6_08a7af7b9166] Successfully joined group with generation Generation{generationId=1, memberId='consumer-Consumer-topic-ef1b2b5f_e1a2_4a2f_b9d6_08a7af7b9166-2-7fb950cf-b54e-4c06-ac6e-e2fd19a042de', protocol='range'}
2025-07-31 18:12:38,453 INFO  [org.apa.kaf.cli.con.int.ConsumerCoordinator] (Thread-603) [Consumer clientId=consumer-Consumer-topic-ef1b2b5f_e1a2_4a2f_b9d6_08a7af7b9166-2, groupId=Consumer-topic-ef1b2b5f_e1a2_4a2f_b9d6_08a7af7b9166] Finished assignment for group at generation 1: {consumer-Consumer-topic-ef1b2b5f_e1a2_4a2f_b9d6_08a7af7b9166-2-7fb950cf-b54e-4c06-ac6e-e2fd19a042de=Assignment(partitions=[topic-ef1b2b5f_e1a2_4a2f_b9d6_08a7af7b9166-0])}
2025-07-31 18:12:38,456 INFO  [org.apa.kaf.cli.con.int.ConsumerCoordinator] (Thread-603) [Consumer clientId=consumer-Consumer-topic-ef1b2b5f_e1a2_4a2f_b9d6_08a7af7b9166-2, groupId=Consumer-topic-ef1b2b5f_e1a2_4a2f_b9d6_08a7af7b9166] Successfully synced group in generation Generation{generationId=1, memberId='consumer-Consumer-topic-ef1b2b5f_e1a2_4a2f_b9d6_08a7af7b9166-2-7fb950cf-b54e-4c06-ac6e-e2fd19a042de', protocol='range'}
2025-07-31 18:12:38,457 INFO  [org.apa.kaf.cli.con.int.ConsumerCoordinator] (Thread-603) [Consumer clientId=consumer-Consumer-topic-ef1b2b5f_e1a2_4a2f_b9d6_08a7af7b9166-2, groupId=Consumer-topic-ef1b2b5f_e1a2_4a2f_b9d6_08a7af7b9166] Notifying assignor about the new Assignment(partitions=[topic-ef1b2b5f_e1a2_4a2f_b9d6_08a7af7b9166-0])
2025-07-31 18:12:38,457 INFO  [org.apa.kaf.cli.con.int.ConsumerRebalanceListenerInvoker] (Thread-603) [Consumer clientId=consumer-Consumer-topic-ef1b2b5f_e1a2_4a2f_b9d6_08a7af7b9166-2, groupId=Consumer-topic-ef1b2b5f_e1a2_4a2f_b9d6_08a7af7b9166] Adding newly assigned partitions: topic-ef1b2b5f_e1a2_4a2f_b9d6_08a7af7b9166-0
2025-07-31 18:12:38,459 INFO  [org.apa.kaf.cli.con.int.ConsumerCoordinator] (Thread-603) [Consumer clientId=consumer-Consumer-topic-ef1b2b5f_e1a2_4a2f_b9d6_08a7af7b9166-2, groupId=Consumer-topic-ef1b2b5f_e1a2_4a2f_b9d6_08a7af7b9166] Found no committed offset for partition topic-ef1b2b5f_e1a2_4a2f_b9d6_08a7af7b9166-0
2025-07-31 18:12:38,465 INFO  [org.apa.kaf.cli.con.int.SubscriptionState] (Thread-603) [Consumer clientId=consumer-Consumer-topic-ef1b2b5f_e1a2_4a2f_b9d6_08a7af7b9166-2, groupId=Consumer-topic-ef1b2b5f_e1a2_4a2f_b9d6_08a7af7b9166] Resetting offset for partition topic-ef1b2b5f_e1a2_4a2f_b9d6_08a7af7b9166-0 to position FetchPosition{offset=0, offsetEpoch=Optional.empty, currentLeader=LeaderAndEpoch{leader=Optional[localhost:32770 (id: 0 rack: null)], epoch=0}}.
2025-07-31 18:12:38,507 INFO  [io.api.tes.ser.api.KafkaSerdesTester] (Thread-603) topic-ef1b2b5f_e1a2_4a2f_b9d6_08a7af7b9166 0 0 {"key11753985557225": "value-0"}
2025-07-31 18:12:38,507 INFO  [io.api.tes.ser.api.KafkaSerdesTester] (Thread-603) topic-ef1b2b5f_e1a2_4a2f_b9d6_08a7af7b9166 0 1 {"key11753985557225": "value-1"}
2025-07-31 18:12:38,507 INFO  [io.api.tes.ser.api.KafkaSerdesTester] (Thread-603) topic-ef1b2b5f_e1a2_4a2f_b9d6_08a7af7b9166 0 2 {"key11753985557225": "value-2"}
2025-07-31 18:12:38,507 INFO  [io.api.tes.ser.api.KafkaSerdesTester] (Thread-603) topic-ef1b2b5f_e1a2_4a2f_b9d6_08a7af7b9166 0 3 {"key11753985557225": "value-3"}
2025-07-31 18:12:38,508 INFO  [io.api.tes.ser.api.KafkaSerdesTester] (Thread-603) topic-ef1b2b5f_e1a2_4a2f_b9d6_08a7af7b9166 0 4 {"key11753985557225": "value-4"}
2025-07-31 18:12:38,508 INFO  [io.api.tes.ser.api.KafkaSerdesTester] (Thread-603) topic-ef1b2b5f_e1a2_4a2f_b9d6_08a7af7b9166 0 5 {"key11753985557225": "value-5"}
2025-07-31 18:12:38,508 INFO  [io.api.tes.ser.api.KafkaSerdesTester] (Thread-603) topic-ef1b2b5f_e1a2_4a2f_b9d6_08a7af7b9166 0 6 {"key11753985557225": "value-6"}
2025-07-31 18:12:38,508 INFO  [io.api.tes.ser.api.KafkaSerdesTester] (Thread-603) topic-ef1b2b5f_e1a2_4a2f_b9d6_08a7af7b9166 0 7 {"key11753985557225": "value-7"}
2025-07-31 18:12:38,508 INFO  [io.api.tes.ser.api.KafkaSerdesTester] (Thread-603) topic-ef1b2b5f_e1a2_4a2f_b9d6_08a7af7b9166 0 8 {"key11753985557225": "value-8"}
2025-07-31 18:12:38,508 INFO  [io.api.tes.ser.api.KafkaSerdesTester] (Thread-603) topic-ef1b2b5f_e1a2_4a2f_b9d6_08a7af7b9166 0 9 {"key11753985557225": "value-9"}
2025-07-31 18:12:38,508 INFO  [io.api.tes.ser.api.KafkaSerdesTester] (Thread-603) Consumed 10 messages
2025-07-31 18:12:38,512 INFO  [org.apa.kaf.cli.con.int.ConsumerRebalanceListenerInvoker] (Thread-603) [Consumer clientId=consumer-Consumer-topic-ef1b2b5f_e1a2_4a2f_b9d6_08a7af7b9166-2, groupId=Consumer-topic-ef1b2b5f_e1a2_4a2f_b9d6_08a7af7b9166] Revoke previously assigned partitions topic-ef1b2b5f_e1a2_4a2f_b9d6_08a7af7b9166-0
2025-07-31 18:12:38,512 INFO  [org.apa.kaf.cli.con.int.ConsumerCoordinator] (Thread-603) [Consumer clientId=consumer-Consumer-topic-ef1b2b5f_e1a2_4a2f_b9d6_08a7af7b9166-2, groupId=Consumer-topic-ef1b2b5f_e1a2_4a2f_b9d6_08a7af7b9166] Member consumer-Consumer-topic-ef1b2b5f_e1a2_4a2f_b9d6_08a7af7b9166-2-7fb950cf-b54e-4c06-ac6e-e2fd19a042de sending LeaveGroup request to coordinator localhost:32770 (id: 2147483647 rack: null) due to the consumer is being closed
2025-07-31 18:12:38,513 INFO  [org.apa.kaf.cli.con.int.ConsumerCoordinator] (Thread-603) [Consumer clientId=consumer-Consumer-topic-ef1b2b5f_e1a2_4a2f_b9d6_08a7af7b9166-2, groupId=Consumer-topic-ef1b2b5f_e1a2_4a2f_b9d6_08a7af7b9166] Resetting generation and member id due to: consumer pro-actively leaving the group
2025-07-31 18:12:38,513 INFO  [org.apa.kaf.cli.con.int.ConsumerCoordinator] (Thread-603) [Consumer clientId=consumer-Consumer-topic-ef1b2b5f_e1a2_4a2f_b9d6_08a7af7b9166-2, groupId=Consumer-topic-ef1b2b5f_e1a2_4a2f_b9d6_08a7af7b9166] Request joining group due to: consumer pro-actively leaving the group
2025-07-31 18:12:39,013 INFO  [org.apa.kaf.com.met.Metrics] (Thread-603) Metrics scheduler closed
2025-07-31 18:12:39,013 INFO  [org.apa.kaf.com.met.Metrics] (Thread-603) Closing reporter org.apache.kafka.common.metrics.JmxReporter
2025-07-31 18:12:39,014 INFO  [org.apa.kaf.com.met.Metrics] (Thread-603) Closing reporter org.apache.kafka.common.telemetry.internals.ClientTelemetryReporter
2025-07-31 18:12:39,014 INFO  [org.apa.kaf.com.met.Metrics] (Thread-603) Metrics reporters closed
2025-07-31 18:12:39,020 INFO  [org.apa.kaf.com.uti.AppInfoParser] (Thread-603) App info kafka.consumer for consumer-Consumer-topic-ef1b2b5f_e1a2_4a2f_b9d6_08a7af7b9166-2 unregistered
2025-07-31 18:12:39,021 INFO  [io.api.tes.uti.TestSeparator] (main) io.apicurio.tests.serdes.apicurio.AvroSerdeIT.testSimpleTopicIdStrategyFindLatest-FINISHED
2025-07-31 18:12:39,021 INFO  [io.api.tes.uti.TestSeparator] (main) ############################################################################
Test passed: testSimpleTopicIdStrategyFindLatest
]]></system-out>
  </testcase>
  <testcase name="testWrongSchema" classname="io.apicurio.tests.serdes.apicurio.AvroSerdeIT" time="1.114">
    <system-out><![CDATA[2025-07-31 18:12:39,025 INFO  [io.api.tes.uti.TestSeparator] (main) ############################################################################
2025-07-31 18:12:39,025 INFO  [io.api.tes.uti.TestSeparator] (main) io.apicurio.tests.serdes.apicurio.AvroSerdeIT.testWrongSchema-STARTED
**** Registry Base URL: http://registry-app-inmemory.apps.ci419.apicurio-testing.org:80
2025-07-31 18:12:40,064 INFO  [org.apa.kaf.cli.pro.ProducerConfig] (main) ProducerConfig values: 
	acks = -1
	auto.include.jmx.reporter = true
	batch.size = 16384
	bootstrap.servers = [PLAINTEXT://localhost:32770]
	buffer.memory = 33554432
	client.dns.lookup = use_all_dns_ips
	client.id = Producer-sc5f9061ex0fc8x43abxb1cex3c5ca94d074f
	compression.gzip.level = -1
	compression.lz4.level = 9
	compression.type = none
	compression.zstd.level = 3
	connections.max.idle.ms = 10000
	delivery.timeout.ms = 120000
	enable.idempotence = true
	enable.metrics.push = true
	interceptor.classes = []
	key.serializer = class org.apache.kafka.common.serialization.StringSerializer
	linger.ms = 0
	max.block.ms = 60000
	max.in.flight.requests.per.connection = 5
	max.request.size = 1048576
	metadata.max.age.ms = 300000
	metadata.max.idle.ms = 300000
	metadata.recovery.strategy = none
	metric.reporters = []
	metrics.num.samples = 2
	metrics.recording.level = INFO
	metrics.sample.window.ms = 30000
	partitioner.adaptive.partitioning.enable = true
	partitioner.availability.timeout.ms = 0
	partitioner.class = null
	partitioner.ignore.keys = false
	receive.buffer.bytes = 32768
	reconnect.backoff.max.ms = 1000
	reconnect.backoff.ms = 50
	request.timeout.ms = 5000
	retries = 2147483647
	retry.backoff.max.ms = 1000
	retry.backoff.ms = 100
	sasl.client.callback.handler.class = null
	sasl.jaas.config = null
	sasl.kerberos.kinit.cmd = /usr/bin/kinit
	sasl.kerberos.min.time.before.relogin = 60000
	sasl.kerberos.service.name = null
	sasl.kerberos.ticket.renew.jitter = 0.05
	sasl.kerberos.ticket.renew.window.factor = 0.8
	sasl.login.callback.handler.class = null
	sasl.login.class = null
	sasl.login.connect.timeout.ms = null
	sasl.login.read.timeout.ms = null
	sasl.login.refresh.buffer.seconds = 300
	sasl.login.refresh.min.period.seconds = 60
	sasl.login.refresh.window.factor = 0.8
	sasl.login.refresh.window.jitter = 0.05
	sasl.login.retry.backoff.max.ms = 10000
	sasl.login.retry.backoff.ms = 100
	sasl.mechanism = GSSAPI
	sasl.oauthbearer.clock.skew.seconds = 30
	sasl.oauthbearer.expected.audience = null
	sasl.oauthbearer.expected.issuer = null
	sasl.oauthbearer.header.urlencode = false
	sasl.oauthbearer.jwks.endpoint.refresh.ms = 3600000
	sasl.oauthbearer.jwks.endpoint.retry.backoff.max.ms = 10000
	sasl.oauthbearer.jwks.endpoint.retry.backoff.ms = 100
	sasl.oauthbearer.jwks.endpoint.url = null
	sasl.oauthbearer.scope.claim.name = scope
	sasl.oauthbearer.sub.claim.name = sub
	sasl.oauthbearer.token.endpoint.url = null
	security.protocol = PLAINTEXT
	security.providers = null
	send.buffer.bytes = 131072
	socket.connection.setup.timeout.max.ms = 30000
	socket.connection.setup.timeout.ms = 10000
	ssl.cipher.suites = null
	ssl.enabled.protocols = [TLSv1.2, TLSv1.3]
	ssl.endpoint.identification.algorithm = https
	ssl.engine.factory.class = null
	ssl.key.password = null
	ssl.keymanager.algorithm = SunX509
	ssl.keystore.certificate.chain = null
	ssl.keystore.key = null
	ssl.keystore.location = null
	ssl.keystore.password = null
	ssl.keystore.type = JKS
	ssl.protocol = TLSv1.3
	ssl.provider = null
	ssl.secure.random.implementation = null
	ssl.trustmanager.algorithm = PKIX
	ssl.truststore.certificates = null
	ssl.truststore.location = null
	ssl.truststore.password = null
	ssl.truststore.type = JKS
	transaction.timeout.ms = 60000
	transactional.id = null
	value.serializer = class io.apicurio.registry.serde.avro.AvroKafkaSerializer

2025-07-31 18:12:40,065 INFO  [org.apa.kaf.com.tel.int.KafkaMetricsCollector] (main) initializing Kafka metrics collector
2025-07-31 18:12:40,069 INFO  [org.apa.kaf.cli.pro.KafkaProducer] (main) [Producer clientId=Producer-sc5f9061ex0fc8x43abxb1cex3c5ca94d074f] Instantiated an idempotent producer.
2025-07-31 18:12:40,072 INFO  [org.apa.kaf.cli.pro.ProducerConfig] (main) These configurations '[apicurio.registry.find-latest, apicurio.registry.url, apicurio.registry.artifact-resolver-strategy]' were supplied but are not used yet.
2025-07-31 18:12:40,072 INFO  [org.apa.kaf.com.uti.AppInfoParser] (main) Kafka version: 3.9.1
2025-07-31 18:12:40,072 INFO  [org.apa.kaf.com.uti.AppInfoParser] (main) Kafka commitId: f745dfdcee2b9851
2025-07-31 18:12:40,072 INFO  [org.apa.kaf.com.uti.AppInfoParser] (main) Kafka startTimeMs: 1753985560072
2025-07-31 18:12:40,078 INFO  [io.api.tes.ser.api.KafkaSerdesTester] (Thread-606) Sending message {"keyB": "value-0"} to topic sc5f9061ex0fc8x43abxb1cex3c5ca94d074f
2025-07-31 18:12:40,083 INFO  [org.apa.kaf.cli.Metadata] (kafka-producer-network-thread | Producer-sc5f9061ex0fc8x43abxb1cex3c5ca94d074f) [Producer clientId=Producer-sc5f9061ex0fc8x43abxb1cex3c5ca94d074f] Cluster ID: Pi_RUBSBSj-WuHInrGEQ6g
2025-07-31 18:12:40,085 INFO  [org.apa.kaf.cli.pro.int.TransactionManager] (kafka-producer-network-thread | Producer-sc5f9061ex0fc8x43abxb1cex3c5ca94d074f) [Producer clientId=Producer-sc5f9061ex0fc8x43abxb1cex3c5ca94d074f] ProducerId set to 2 with epoch 0
2025-07-31 18:12:40,131 INFO  [org.apa.kaf.cli.pro.KafkaProducer] (Thread-606) [Producer clientId=Producer-sc5f9061ex0fc8x43abxb1cex3c5ca94d074f] Closing the Kafka producer with timeoutMillis = 9223372036854775807 ms.
2025-07-31 18:12:40,134 INFO  [org.apa.kaf.com.met.Metrics] (Thread-606) Metrics scheduler closed
2025-07-31 18:12:40,134 INFO  [org.apa.kaf.com.met.Metrics] (Thread-606) Closing reporter org.apache.kafka.common.metrics.JmxReporter
2025-07-31 18:12:40,134 INFO  [org.apa.kaf.com.met.Metrics] (Thread-606) Closing reporter org.apache.kafka.common.telemetry.internals.ClientTelemetryReporter
2025-07-31 18:12:40,134 INFO  [org.apa.kaf.com.met.Metrics] (Thread-606) Metrics reporters closed
2025-07-31 18:12:40,135 INFO  [org.apa.kaf.com.uti.AppInfoParser] (Thread-606) App info kafka.producer for Producer-sc5f9061ex0fc8x43abxb1cex3c5ca94d074f unregistered
2025-07-31 18:12:40,136 INFO  [io.api.tes.uti.TestSeparator] (main) io.apicurio.tests.serdes.apicurio.AvroSerdeIT.testWrongSchema-FINISHED
2025-07-31 18:12:40,136 INFO  [io.api.tes.uti.TestSeparator] (main) ############################################################################
Test passed: testWrongSchema
]]></system-out>
    <system-err><![CDATA[io.apicurio.registry.rest.client.models.ProblemDetails
	at io.apicurio.registry.rest.client.models.ProblemDetails.createFromDiscriminatorValue(ProblemDetails.java:58)
	at io.kiota.serialization.json.JsonParseNode.getObjectValue(JsonParseNode.java:247)
	at io.kiota.http.vertx.VertXRequestAdapter.lambda$throwIfFailedResponse$0(VertXRequestAdapter.java:400)
	at com.microsoft.kiota.ApiExceptionBuilder.<init>(ApiExceptionBuilder.java:26)
	at io.kiota.http.vertx.VertXRequestAdapter.throwIfFailedResponse(VertXRequestAdapter.java:399)
	at io.kiota.http.vertx.VertXRequestAdapter.send(VertXRequestAdapter.java:170)
	at io.apicurio.registry.rest.client.groups.item.artifacts.item.versions.item.WithVersionExpressionItemRequestBuilder.get(WithVersionExpressionItemRequestBuilder.java:128)
	at io.apicurio.registry.rest.client.groups.item.artifacts.item.versions.item.WithVersionExpressionItemRequestBuilder.get(WithVersionExpressionItemRequestBuilder.java:111)
	at io.apicurio.registry.resolver.client.RegistryClientFacadeImpl.getVersionCoordinatesByGAV(RegistryClientFacadeImpl.java:153)
	at io.apicurio.registry.resolver.DefaultSchemaResolver.resolveByCoordinates(DefaultSchemaResolver.java:352)
	at io.apicurio.registry.resolver.DefaultSchemaResolver.lambda$resolveSchemaByArtifactReferenceCached$6(DefaultSchemaResolver.java:340)
	at io.apicurio.registry.resolver.cache.ERCache.lambda$getValue$0(ERCache.java:174)
	at io.apicurio.registry.resolver.cache.ERCache.retry(ERCache.java:227)
	at io.apicurio.registry.resolver.cache.ERCache.getValue(ERCache.java:173)
	at io.apicurio.registry.resolver.cache.ERCache.getByArtifactCoordinates(ERCache.java:158)
	at io.apicurio.registry.resolver.DefaultSchemaResolver.resolveSchemaByArtifactReferenceCached(DefaultSchemaResolver.java:338)
	at io.apicurio.registry.resolver.DefaultSchemaResolver.resolveSchemaByCoordinates(DefaultSchemaResolver.java:193)
	at io.apicurio.registry.resolver.DefaultSchemaResolver.getSchemaFromRegistry(DefaultSchemaResolver.java:130)
	at io.apicurio.registry.resolver.DefaultSchemaResolver.lambda$resolveSchema$0(DefaultSchemaResolver.java:84)
	at java.base/java.util.Optional.orElseGet(Optional.java:364)
	at io.apicurio.registry.resolver.DefaultSchemaResolver.resolveSchema(DefaultSchemaResolver.java:84)
	at io.apicurio.registry.serde.AbstractSerializer.serializeData(AbstractSerializer.java:62)
	at io.apicurio.registry.serde.KafkaSerializer.serialize(KafkaSerializer.java:77)
	at org.apache.kafka.clients.producer.KafkaProducer.doSend(KafkaProducer.java:1046)
	at org.apache.kafka.clients.producer.KafkaProducer.send(KafkaProducer.java:993)
	at org.apache.kafka.clients.producer.KafkaProducer.send(KafkaProducer.java:875)
	at io.apicurio.tests.serdes.apicurio.KafkaSerdesTester.lambda$produceMessages$3(KafkaSerdesTester.java:138)
	at java.base/java.util.concurrent.CompletableFuture$AsyncSupply.run(CompletableFuture.java:1768)
	at java.base/java.lang.Thread.run(Thread.java:840)
]]></system-err>
  </testcase>
  <testcase name="testAvroJSON" classname="io.apicurio.tests.serdes.apicurio.AvroSerdeIT" time="0.943">
    <system-out><![CDATA[2025-07-31 18:12:40,139 INFO  [io.api.tes.uti.TestSeparator] (main) ############################################################################
2025-07-31 18:12:40,139 INFO  [io.api.tes.uti.TestSeparator] (main) io.apicurio.tests.serdes.apicurio.AvroSerdeIT.testAvroJSON-STARTED
**** Registry Base URL: http://registry-app-inmemory.apps.ci419.apicurio-testing.org:80
2025-07-31 18:12:40,152 INFO  [org.apa.kaf.cli.pro.ProducerConfig] (main) ProducerConfig values: 
	acks = -1
	auto.include.jmx.reporter = true
	batch.size = 16384
	bootstrap.servers = [PLAINTEXT://localhost:32770]
	buffer.memory = 33554432
	client.dns.lookup = use_all_dns_ips
	client.id = Producer-topic-c7a2f8f4_b81d_4ded_aeb0_18828b9cd374
	compression.gzip.level = -1
	compression.lz4.level = 9
	compression.type = none
	compression.zstd.level = 3
	connections.max.idle.ms = 10000
	delivery.timeout.ms = 120000
	enable.idempotence = true
	enable.metrics.push = true
	interceptor.classes = []
	key.serializer = class org.apache.kafka.common.serialization.StringSerializer
	linger.ms = 0
	max.block.ms = 60000
	max.in.flight.requests.per.connection = 5
	max.request.size = 1048576
	metadata.max.age.ms = 300000
	metadata.max.idle.ms = 300000
	metadata.recovery.strategy = none
	metric.reporters = []
	metrics.num.samples = 2
	metrics.recording.level = INFO
	metrics.sample.window.ms = 30000
	partitioner.adaptive.partitioning.enable = true
	partitioner.availability.timeout.ms = 0
	partitioner.class = null
	partitioner.ignore.keys = false
	receive.buffer.bytes = 32768
	reconnect.backoff.max.ms = 1000
	reconnect.backoff.ms = 50
	request.timeout.ms = 5000
	retries = 2147483647
	retry.backoff.max.ms = 1000
	retry.backoff.ms = 100
	sasl.client.callback.handler.class = null
	sasl.jaas.config = null
	sasl.kerberos.kinit.cmd = /usr/bin/kinit
	sasl.kerberos.min.time.before.relogin = 60000
	sasl.kerberos.service.name = null
	sasl.kerberos.ticket.renew.jitter = 0.05
	sasl.kerberos.ticket.renew.window.factor = 0.8
	sasl.login.callback.handler.class = null
	sasl.login.class = null
	sasl.login.connect.timeout.ms = null
	sasl.login.read.timeout.ms = null
	sasl.login.refresh.buffer.seconds = 300
	sasl.login.refresh.min.period.seconds = 60
	sasl.login.refresh.window.factor = 0.8
	sasl.login.refresh.window.jitter = 0.05
	sasl.login.retry.backoff.max.ms = 10000
	sasl.login.retry.backoff.ms = 100
	sasl.mechanism = GSSAPI
	sasl.oauthbearer.clock.skew.seconds = 30
	sasl.oauthbearer.expected.audience = null
	sasl.oauthbearer.expected.issuer = null
	sasl.oauthbearer.header.urlencode = false
	sasl.oauthbearer.jwks.endpoint.refresh.ms = 3600000
	sasl.oauthbearer.jwks.endpoint.retry.backoff.max.ms = 10000
	sasl.oauthbearer.jwks.endpoint.retry.backoff.ms = 100
	sasl.oauthbearer.jwks.endpoint.url = null
	sasl.oauthbearer.scope.claim.name = scope
	sasl.oauthbearer.sub.claim.name = sub
	sasl.oauthbearer.token.endpoint.url = null
	security.protocol = PLAINTEXT
	security.providers = null
	send.buffer.bytes = 131072
	socket.connection.setup.timeout.max.ms = 30000
	socket.connection.setup.timeout.ms = 10000
	ssl.cipher.suites = null
	ssl.enabled.protocols = [TLSv1.2, TLSv1.3]
	ssl.endpoint.identification.algorithm = https
	ssl.engine.factory.class = null
	ssl.key.password = null
	ssl.keymanager.algorithm = SunX509
	ssl.keystore.certificate.chain = null
	ssl.keystore.key = null
	ssl.keystore.location = null
	ssl.keystore.password = null
	ssl.keystore.type = JKS
	ssl.protocol = TLSv1.3
	ssl.provider = null
	ssl.secure.random.implementation = null
	ssl.trustmanager.algorithm = PKIX
	ssl.truststore.certificates = null
	ssl.truststore.location = null
	ssl.truststore.password = null
	ssl.truststore.type = JKS
	transaction.timeout.ms = 60000
	transactional.id = null
	value.serializer = class io.apicurio.registry.serde.avro.AvroKafkaSerializer

2025-07-31 18:12:40,152 INFO  [org.apa.kaf.com.tel.int.KafkaMetricsCollector] (main) initializing Kafka metrics collector
2025-07-31 18:12:40,175 INFO  [org.apa.kaf.cli.pro.KafkaProducer] (main) [Producer clientId=Producer-topic-c7a2f8f4_b81d_4ded_aeb0_18828b9cd374] Instantiated an idempotent producer.
2025-07-31 18:12:40,186 INFO  [org.apa.kaf.cli.pro.ProducerConfig] (main) These configurations '[apicurio.registry.avro.encoding, apicurio.registry.url, apicurio.registry.auto-register, apicurio.registry.artifact-resolver-strategy]' were supplied but are not used yet.
2025-07-31 18:12:40,191 INFO  [org.apa.kaf.com.uti.AppInfoParser] (main) Kafka version: 3.9.1
2025-07-31 18:12:40,192 INFO  [org.apa.kaf.com.uti.AppInfoParser] (main) Kafka commitId: f745dfdcee2b9851
2025-07-31 18:12:40,192 INFO  [org.apa.kaf.com.uti.AppInfoParser] (main) Kafka startTimeMs: 1753985560188
2025-07-31 18:12:40,192 INFO  [io.api.tes.ser.api.SimpleSerdesTesterBuilder$SimpleSerdesTester] (main) Using producer configuration: {apicurio.registry.avro.encoding=JSON, apicurio.registry.url=http://registry-app-inmemory.apps.ci419.apicurio-testing.org:80/apis/registry/v3, apicurio.registry.auto-register=true, apicurio.registry.artifact-resolver-strategy=io.apicurio.registry.serde.strategy.TopicIdStrategy, value.serializer=io.apicurio.registry.serde.avro.AvroKafkaSerializer, request.timeout.ms=5000, acks=all, bootstrap.servers=PLAINTEXT://localhost:32770, connections.max.idle.ms=10000, key.serializer=org.apache.kafka.common.serialization.StringSerializer, client.id=Producer-topic-c7a2f8f4_b81d_4ded_aeb0_18828b9cd374}
2025-07-31 18:12:40,192 INFO  [io.api.tes.ser.api.SimpleSerdesTesterBuilder$SimpleSerdesTester] (main) Using consumer configuration: {apicurio.registry.avro.encoding=JSON}
2025-07-31 18:12:40,197 INFO  [io.api.tes.ser.api.KafkaSerdesTester] (Thread-609) Sending message {"bar": "value-0"} to topic topic-c7a2f8f4_b81d_4ded_aeb0_18828b9cd374
2025-07-31 18:12:40,215 WARN  [org.apa.kaf.cli.NetworkClient] (kafka-producer-network-thread | Producer-topic-c7a2f8f4_b81d_4ded_aeb0_18828b9cd374) [Producer clientId=Producer-topic-c7a2f8f4_b81d_4ded_aeb0_18828b9cd374] The metadata response from the cluster reported a recoverable issue with correlation id 2 : {topic-c7a2f8f4_b81d_4ded_aeb0_18828b9cd374=LEADER_NOT_AVAILABLE}
2025-07-31 18:12:40,215 INFO  [org.apa.kaf.cli.Metadata] (kafka-producer-network-thread | Producer-topic-c7a2f8f4_b81d_4ded_aeb0_18828b9cd374) [Producer clientId=Producer-topic-c7a2f8f4_b81d_4ded_aeb0_18828b9cd374] Cluster ID: Pi_RUBSBSj-WuHInrGEQ6g
2025-07-31 18:12:40,216 INFO  [org.apa.kaf.cli.pro.int.TransactionManager] (kafka-producer-network-thread | Producer-topic-c7a2f8f4_b81d_4ded_aeb0_18828b9cd374) [Producer clientId=Producer-topic-c7a2f8f4_b81d_4ded_aeb0_18828b9cd374] ProducerId set to 3 with epoch 0
2025-07-31 18:12:40,385 INFO  [io.api.tes.ser.api.KafkaSerdesTester] (Thread-609) Sending message {"bar": "value-1"} to topic topic-c7a2f8f4_b81d_4ded_aeb0_18828b9cd374
2025-07-31 18:12:40,390 INFO  [io.api.tes.ser.api.KafkaSerdesTester] (Thread-609) Sending message {"bar": "value-2"} to topic topic-c7a2f8f4_b81d_4ded_aeb0_18828b9cd374
2025-07-31 18:12:40,394 INFO  [io.api.tes.ser.api.KafkaSerdesTester] (Thread-609) Sending message {"bar": "value-3"} to topic topic-c7a2f8f4_b81d_4ded_aeb0_18828b9cd374
2025-07-31 18:12:40,396 INFO  [io.api.tes.ser.api.KafkaSerdesTester] (Thread-609) Sending message {"bar": "value-4"} to topic topic-c7a2f8f4_b81d_4ded_aeb0_18828b9cd374
2025-07-31 18:12:40,399 INFO  [io.api.tes.ser.api.KafkaSerdesTester] (Thread-609) Sending message {"bar": "value-5"} to topic topic-c7a2f8f4_b81d_4ded_aeb0_18828b9cd374
2025-07-31 18:12:40,403 INFO  [io.api.tes.ser.api.KafkaSerdesTester] (Thread-609) Sending message {"bar": "value-6"} to topic topic-c7a2f8f4_b81d_4ded_aeb0_18828b9cd374
2025-07-31 18:12:40,406 INFO  [io.api.tes.ser.api.KafkaSerdesTester] (Thread-609) Sending message {"bar": "value-7"} to topic topic-c7a2f8f4_b81d_4ded_aeb0_18828b9cd374
2025-07-31 18:12:40,408 INFO  [io.api.tes.ser.api.KafkaSerdesTester] (Thread-609) Sending message {"bar": "value-8"} to topic topic-c7a2f8f4_b81d_4ded_aeb0_18828b9cd374
2025-07-31 18:12:40,412 INFO  [io.api.tes.ser.api.KafkaSerdesTester] (Thread-609) Sending message {"bar": "value-9"} to topic topic-c7a2f8f4_b81d_4ded_aeb0_18828b9cd374
2025-07-31 18:12:40,414 INFO  [io.api.tes.ser.api.KafkaSerdesTester] (Thread-609) Produced 10 messages
2025-07-31 18:12:40,414 INFO  [org.apa.kaf.cli.pro.KafkaProducer] (Thread-609) [Producer clientId=Producer-topic-c7a2f8f4_b81d_4ded_aeb0_18828b9cd374] Closing the Kafka producer with timeoutMillis = 9223372036854775807 ms.
2025-07-31 18:12:40,418 INFO  [org.apa.kaf.com.met.Metrics] (Thread-609) Metrics scheduler closed
2025-07-31 18:12:40,418 INFO  [org.apa.kaf.com.met.Metrics] (Thread-609) Closing reporter org.apache.kafka.common.metrics.JmxReporter
2025-07-31 18:12:40,418 INFO  [org.apa.kaf.com.met.Metrics] (Thread-609) Closing reporter org.apache.kafka.common.telemetry.internals.ClientTelemetryReporter
2025-07-31 18:12:40,418 INFO  [org.apa.kaf.com.met.Metrics] (Thread-609) Metrics reporters closed
2025-07-31 18:12:40,419 INFO  [org.apa.kaf.com.uti.AppInfoParser] (Thread-609) App info kafka.producer for Producer-topic-c7a2f8f4_b81d_4ded_aeb0_18828b9cd374 unregistered
**** Registry Base URL: http://registry-app-inmemory.apps.ci419.apicurio-testing.org:80
2025-07-31 18:12:40,445 INFO  [org.apa.kaf.cli.con.ConsumerConfig] (main) ConsumerConfig values: 
	allow.auto.create.topics = true
	auto.commit.interval.ms = 500
	auto.include.jmx.reporter = true
	auto.offset.reset = earliest
	bootstrap.servers = [PLAINTEXT://localhost:32770]
	check.crcs = true
	client.dns.lookup = use_all_dns_ips
	client.id = consumer-Consumer-topic-c7a2f8f4_b81d_4ded_aeb0_18828b9cd374-3
	client.rack = 
	connections.max.idle.ms = 10000
	default.api.timeout.ms = 60000
	enable.auto.commit = true
	enable.metrics.push = true
	exclude.internal.topics = true
	fetch.max.bytes = 52428800
	fetch.max.wait.ms = 500
	fetch.min.bytes = 1
	group.id = Consumer-topic-c7a2f8f4_b81d_4ded_aeb0_18828b9cd374
	group.instance.id = null
	group.protocol = classic
	group.remote.assignor = null
	heartbeat.interval.ms = 3000
	interceptor.classes = []
	internal.leave.group.on.close = true
	internal.throw.on.fetch.stable.offset.unsupported = false
	isolation.level = read_uncommitted
	key.deserializer = class org.apache.kafka.common.serialization.StringDeserializer
	max.partition.fetch.bytes = 1048576
	max.poll.interval.ms = 300000
	max.poll.records = 500
	metadata.max.age.ms = 300000
	metadata.recovery.strategy = none
	metric.reporters = []
	metrics.num.samples = 2
	metrics.recording.level = INFO
	metrics.sample.window.ms = 30000
	partition.assignment.strategy = [class org.apache.kafka.clients.consumer.RangeAssignor, class org.apache.kafka.clients.consumer.CooperativeStickyAssignor]
	receive.buffer.bytes = 65536
	reconnect.backoff.max.ms = 1000
	reconnect.backoff.ms = 50
	request.timeout.ms = 5000
	retry.backoff.max.ms = 1000
	retry.backoff.ms = 100
	sasl.client.callback.handler.class = null
	sasl.jaas.config = null
	sasl.kerberos.kinit.cmd = /usr/bin/kinit
	sasl.kerberos.min.time.before.relogin = 60000
	sasl.kerberos.service.name = null
	sasl.kerberos.ticket.renew.jitter = 0.05
	sasl.kerberos.ticket.renew.window.factor = 0.8
	sasl.login.callback.handler.class = null
	sasl.login.class = null
	sasl.login.connect.timeout.ms = null
	sasl.login.read.timeout.ms = null
	sasl.login.refresh.buffer.seconds = 300
	sasl.login.refresh.min.period.seconds = 60
	sasl.login.refresh.window.factor = 0.8
	sasl.login.refresh.window.jitter = 0.05
	sasl.login.retry.backoff.max.ms = 10000
	sasl.login.retry.backoff.ms = 100
	sasl.mechanism = GSSAPI
	sasl.oauthbearer.clock.skew.seconds = 30
	sasl.oauthbearer.expected.audience = null
	sasl.oauthbearer.expected.issuer = null
	sasl.oauthbearer.header.urlencode = false
	sasl.oauthbearer.jwks.endpoint.refresh.ms = 3600000
	sasl.oauthbearer.jwks.endpoint.retry.backoff.max.ms = 10000
	sasl.oauthbearer.jwks.endpoint.retry.backoff.ms = 100
	sasl.oauthbearer.jwks.endpoint.url = null
	sasl.oauthbearer.scope.claim.name = scope
	sasl.oauthbearer.sub.claim.name = sub
	sasl.oauthbearer.token.endpoint.url = null
	security.protocol = PLAINTEXT
	security.providers = null
	send.buffer.bytes = 131072
	session.timeout.ms = 45000
	socket.connection.setup.timeout.max.ms = 30000
	socket.connection.setup.timeout.ms = 10000
	ssl.cipher.suites = null
	ssl.enabled.protocols = [TLSv1.2, TLSv1.3]
	ssl.endpoint.identification.algorithm = https
	ssl.engine.factory.class = null
	ssl.key.password = null
	ssl.keymanager.algorithm = SunX509
	ssl.keystore.certificate.chain = null
	ssl.keystore.key = null
	ssl.keystore.location = null
	ssl.keystore.password = null
	ssl.keystore.type = JKS
	ssl.protocol = TLSv1.3
	ssl.provider = null
	ssl.secure.random.implementation = null
	ssl.trustmanager.algorithm = PKIX
	ssl.truststore.certificates = null
	ssl.truststore.location = null
	ssl.truststore.password = null
	ssl.truststore.type = JKS
	value.deserializer = class io.apicurio.registry.serde.avro.AvroKafkaDeserializer

2025-07-31 18:12:40,445 INFO  [org.apa.kaf.com.tel.int.KafkaMetricsCollector] (main) initializing Kafka metrics collector
2025-07-31 18:12:40,465 INFO  [org.apa.kaf.cli.con.ConsumerConfig] (main) These configurations '[apicurio.registry.avro.encoding, apicurio.registry.url]' were supplied but are not used yet.
2025-07-31 18:12:40,465 INFO  [org.apa.kaf.com.uti.AppInfoParser] (main) Kafka version: 3.9.1
2025-07-31 18:12:40,465 INFO  [org.apa.kaf.com.uti.AppInfoParser] (main) Kafka commitId: f745dfdcee2b9851
2025-07-31 18:12:40,466 INFO  [org.apa.kaf.com.uti.AppInfoParser] (main) Kafka startTimeMs: 1753985560465
2025-07-31 18:12:40,466 INFO  [org.apa.kaf.cli.con.int.ClassicKafkaConsumer] (Thread-612) [Consumer clientId=consumer-Consumer-topic-c7a2f8f4_b81d_4ded_aeb0_18828b9cd374-3, groupId=Consumer-topic-c7a2f8f4_b81d_4ded_aeb0_18828b9cd374] Subscribed to topic(s): topic-c7a2f8f4_b81d_4ded_aeb0_18828b9cd374
2025-07-31 18:12:40,478 INFO  [org.apa.kaf.cli.Metadata] (Thread-612) [Consumer clientId=consumer-Consumer-topic-c7a2f8f4_b81d_4ded_aeb0_18828b9cd374-3, groupId=Consumer-topic-c7a2f8f4_b81d_4ded_aeb0_18828b9cd374] Cluster ID: Pi_RUBSBSj-WuHInrGEQ6g
2025-07-31 18:12:40,480 INFO  [org.apa.kaf.cli.con.int.ConsumerCoordinator] (Thread-612) [Consumer clientId=consumer-Consumer-topic-c7a2f8f4_b81d_4ded_aeb0_18828b9cd374-3, groupId=Consumer-topic-c7a2f8f4_b81d_4ded_aeb0_18828b9cd374] Discovered group coordinator localhost:32770 (id: 2147483647 rack: null)
2025-07-31 18:12:40,485 INFO  [org.apa.kaf.cli.con.int.ConsumerCoordinator] (Thread-612) [Consumer clientId=consumer-Consumer-topic-c7a2f8f4_b81d_4ded_aeb0_18828b9cd374-3, groupId=Consumer-topic-c7a2f8f4_b81d_4ded_aeb0_18828b9cd374] (Re-)joining group
2025-07-31 18:12:40,495 INFO  [org.apa.kaf.cli.con.int.ConsumerCoordinator] (Thread-612) [Consumer clientId=consumer-Consumer-topic-c7a2f8f4_b81d_4ded_aeb0_18828b9cd374-3, groupId=Consumer-topic-c7a2f8f4_b81d_4ded_aeb0_18828b9cd374] Request joining group due to: need to re-join with the given member-id: consumer-Consumer-topic-c7a2f8f4_b81d_4ded_aeb0_18828b9cd374-3-def77a00-ee51-4291-90e7-34773483c721
2025-07-31 18:12:40,495 INFO  [org.apa.kaf.cli.con.int.ConsumerCoordinator] (Thread-612) [Consumer clientId=consumer-Consumer-topic-c7a2f8f4_b81d_4ded_aeb0_18828b9cd374-3, groupId=Consumer-topic-c7a2f8f4_b81d_4ded_aeb0_18828b9cd374] (Re-)joining group
2025-07-31 18:12:40,506 INFO  [org.apa.kaf.cli.con.int.ConsumerCoordinator] (Thread-612) [Consumer clientId=consumer-Consumer-topic-c7a2f8f4_b81d_4ded_aeb0_18828b9cd374-3, groupId=Consumer-topic-c7a2f8f4_b81d_4ded_aeb0_18828b9cd374] Successfully joined group with generation Generation{generationId=1, memberId='consumer-Consumer-topic-c7a2f8f4_b81d_4ded_aeb0_18828b9cd374-3-def77a00-ee51-4291-90e7-34773483c721', protocol='range'}
2025-07-31 18:12:40,507 INFO  [org.apa.kaf.cli.con.int.ConsumerCoordinator] (Thread-612) [Consumer clientId=consumer-Consumer-topic-c7a2f8f4_b81d_4ded_aeb0_18828b9cd374-3, groupId=Consumer-topic-c7a2f8f4_b81d_4ded_aeb0_18828b9cd374] Finished assignment for group at generation 1: {consumer-Consumer-topic-c7a2f8f4_b81d_4ded_aeb0_18828b9cd374-3-def77a00-ee51-4291-90e7-34773483c721=Assignment(partitions=[topic-c7a2f8f4_b81d_4ded_aeb0_18828b9cd374-0])}
2025-07-31 18:12:40,516 INFO  [org.apa.kaf.cli.con.int.ConsumerCoordinator] (Thread-612) [Consumer clientId=consumer-Consumer-topic-c7a2f8f4_b81d_4ded_aeb0_18828b9cd374-3, groupId=Consumer-topic-c7a2f8f4_b81d_4ded_aeb0_18828b9cd374] Successfully synced group in generation Generation{generationId=1, memberId='consumer-Consumer-topic-c7a2f8f4_b81d_4ded_aeb0_18828b9cd374-3-def77a00-ee51-4291-90e7-34773483c721', protocol='range'}
2025-07-31 18:12:40,516 INFO  [org.apa.kaf.cli.con.int.ConsumerCoordinator] (Thread-612) [Consumer clientId=consumer-Consumer-topic-c7a2f8f4_b81d_4ded_aeb0_18828b9cd374-3, groupId=Consumer-topic-c7a2f8f4_b81d_4ded_aeb0_18828b9cd374] Notifying assignor about the new Assignment(partitions=[topic-c7a2f8f4_b81d_4ded_aeb0_18828b9cd374-0])
2025-07-31 18:12:40,516 INFO  [org.apa.kaf.cli.con.int.ConsumerRebalanceListenerInvoker] (Thread-612) [Consumer clientId=consumer-Consumer-topic-c7a2f8f4_b81d_4ded_aeb0_18828b9cd374-3, groupId=Consumer-topic-c7a2f8f4_b81d_4ded_aeb0_18828b9cd374] Adding newly assigned partitions: topic-c7a2f8f4_b81d_4ded_aeb0_18828b9cd374-0
2025-07-31 18:12:40,518 INFO  [org.apa.kaf.cli.con.int.ConsumerCoordinator] (Thread-612) [Consumer clientId=consumer-Consumer-topic-c7a2f8f4_b81d_4ded_aeb0_18828b9cd374-3, groupId=Consumer-topic-c7a2f8f4_b81d_4ded_aeb0_18828b9cd374] Found no committed offset for partition topic-c7a2f8f4_b81d_4ded_aeb0_18828b9cd374-0
2025-07-31 18:12:40,525 INFO  [org.apa.kaf.cli.con.int.SubscriptionState] (Thread-612) [Consumer clientId=consumer-Consumer-topic-c7a2f8f4_b81d_4ded_aeb0_18828b9cd374-3, groupId=Consumer-topic-c7a2f8f4_b81d_4ded_aeb0_18828b9cd374] Resetting offset for partition topic-c7a2f8f4_b81d_4ded_aeb0_18828b9cd374-0 to position FetchPosition{offset=0, offsetEpoch=Optional.empty, currentLeader=LeaderAndEpoch{leader=Optional[localhost:32770 (id: 0 rack: null)], epoch=0}}.
2025-07-31 18:12:40,566 INFO  [io.api.tes.ser.api.KafkaSerdesTester] (Thread-612) topic-c7a2f8f4_b81d_4ded_aeb0_18828b9cd374 0 0 {"bar": "value-0"}
2025-07-31 18:12:40,566 INFO  [io.api.tes.ser.api.KafkaSerdesTester] (Thread-612) topic-c7a2f8f4_b81d_4ded_aeb0_18828b9cd374 0 1 {"bar": "value-1"}
2025-07-31 18:12:40,566 INFO  [io.api.tes.ser.api.KafkaSerdesTester] (Thread-612) topic-c7a2f8f4_b81d_4ded_aeb0_18828b9cd374 0 2 {"bar": "value-2"}
2025-07-31 18:12:40,567 INFO  [io.api.tes.ser.api.KafkaSerdesTester] (Thread-612) topic-c7a2f8f4_b81d_4ded_aeb0_18828b9cd374 0 3 {"bar": "value-3"}
2025-07-31 18:12:40,567 INFO  [io.api.tes.ser.api.KafkaSerdesTester] (Thread-612) topic-c7a2f8f4_b81d_4ded_aeb0_18828b9cd374 0 4 {"bar": "value-4"}
2025-07-31 18:12:40,567 INFO  [io.api.tes.ser.api.KafkaSerdesTester] (Thread-612) topic-c7a2f8f4_b81d_4ded_aeb0_18828b9cd374 0 5 {"bar": "value-5"}
2025-07-31 18:12:40,567 INFO  [io.api.tes.ser.api.KafkaSerdesTester] (Thread-612) topic-c7a2f8f4_b81d_4ded_aeb0_18828b9cd374 0 6 {"bar": "value-6"}
2025-07-31 18:12:40,567 INFO  [io.api.tes.ser.api.KafkaSerdesTester] (Thread-612) topic-c7a2f8f4_b81d_4ded_aeb0_18828b9cd374 0 7 {"bar": "value-7"}
2025-07-31 18:12:40,567 INFO  [io.api.tes.ser.api.KafkaSerdesTester] (Thread-612) topic-c7a2f8f4_b81d_4ded_aeb0_18828b9cd374 0 8 {"bar": "value-8"}
2025-07-31 18:12:40,567 INFO  [io.api.tes.ser.api.KafkaSerdesTester] (Thread-612) topic-c7a2f8f4_b81d_4ded_aeb0_18828b9cd374 0 9 {"bar": "value-9"}
2025-07-31 18:12:40,567 INFO  [io.api.tes.ser.api.KafkaSerdesTester] (Thread-612) Consumed 10 messages
2025-07-31 18:12:40,571 INFO  [org.apa.kaf.cli.con.int.ConsumerRebalanceListenerInvoker] (Thread-612) [Consumer clientId=consumer-Consumer-topic-c7a2f8f4_b81d_4ded_aeb0_18828b9cd374-3, groupId=Consumer-topic-c7a2f8f4_b81d_4ded_aeb0_18828b9cd374] Revoke previously assigned partitions topic-c7a2f8f4_b81d_4ded_aeb0_18828b9cd374-0
2025-07-31 18:12:40,571 INFO  [org.apa.kaf.cli.con.int.ConsumerCoordinator] (Thread-612) [Consumer clientId=consumer-Consumer-topic-c7a2f8f4_b81d_4ded_aeb0_18828b9cd374-3, groupId=Consumer-topic-c7a2f8f4_b81d_4ded_aeb0_18828b9cd374] Member consumer-Consumer-topic-c7a2f8f4_b81d_4ded_aeb0_18828b9cd374-3-def77a00-ee51-4291-90e7-34773483c721 sending LeaveGroup request to coordinator localhost:32770 (id: 2147483647 rack: null) due to the consumer is being closed
2025-07-31 18:12:40,572 INFO  [org.apa.kaf.cli.con.int.ConsumerCoordinator] (Thread-612) [Consumer clientId=consumer-Consumer-topic-c7a2f8f4_b81d_4ded_aeb0_18828b9cd374-3, groupId=Consumer-topic-c7a2f8f4_b81d_4ded_aeb0_18828b9cd374] Resetting generation and member id due to: consumer pro-actively leaving the group
2025-07-31 18:12:40,572 INFO  [org.apa.kaf.cli.con.int.ConsumerCoordinator] (Thread-612) [Consumer clientId=consumer-Consumer-topic-c7a2f8f4_b81d_4ded_aeb0_18828b9cd374-3, groupId=Consumer-topic-c7a2f8f4_b81d_4ded_aeb0_18828b9cd374] Request joining group due to: consumer pro-actively leaving the group
2025-07-31 18:12:41,072 INFO  [org.apa.kaf.com.met.Metrics] (Thread-612) Metrics scheduler closed
2025-07-31 18:12:41,072 INFO  [org.apa.kaf.com.met.Metrics] (Thread-612) Closing reporter org.apache.kafka.common.metrics.JmxReporter
2025-07-31 18:12:41,072 INFO  [org.apa.kaf.com.met.Metrics] (Thread-612) Closing reporter org.apache.kafka.common.telemetry.internals.ClientTelemetryReporter
2025-07-31 18:12:41,072 INFO  [org.apa.kaf.com.met.Metrics] (Thread-612) Metrics reporters closed
2025-07-31 18:12:41,079 INFO  [org.apa.kaf.com.uti.AppInfoParser] (Thread-612) App info kafka.consumer for consumer-Consumer-topic-c7a2f8f4_b81d_4ded_aeb0_18828b9cd374-3 unregistered
2025-07-31 18:12:41,079 INFO  [io.api.tes.uti.TestSeparator] (main) io.apicurio.tests.serdes.apicurio.AvroSerdeIT.testAvroJSON-FINISHED
2025-07-31 18:12:41,079 INFO  [io.api.tes.uti.TestSeparator] (main) ############################################################################
Test passed: testAvroJSON
]]></system-out>
  </testcase>
  <testcase name="testTopicIdStrategyAutoRegister" classname="io.apicurio.tests.serdes.apicurio.AvroSerdeIT" time="0.879">
    <system-out><![CDATA[2025-07-31 18:12:41,085 INFO  [io.api.tes.uti.TestSeparator] (main) ############################################################################
2025-07-31 18:12:41,085 INFO  [io.api.tes.uti.TestSeparator] (main) io.apicurio.tests.serdes.apicurio.AvroSerdeIT.testTopicIdStrategyAutoRegister-STARTED
**** Registry Base URL: http://registry-app-inmemory.apps.ci419.apicurio-testing.org:80
2025-07-31 18:12:41,089 INFO  [org.apa.kaf.cli.pro.ProducerConfig] (main) ProducerConfig values: 
	acks = -1
	auto.include.jmx.reporter = true
	batch.size = 16384
	bootstrap.servers = [PLAINTEXT://localhost:32770]
	buffer.memory = 33554432
	client.dns.lookup = use_all_dns_ips
	client.id = Producer-topic-5081e164_cd43_4926_aa30_1f29b79d4afd
	compression.gzip.level = -1
	compression.lz4.level = 9
	compression.type = none
	compression.zstd.level = 3
	connections.max.idle.ms = 10000
	delivery.timeout.ms = 120000
	enable.idempotence = true
	enable.metrics.push = true
	interceptor.classes = []
	key.serializer = class org.apache.kafka.common.serialization.StringSerializer
	linger.ms = 0
	max.block.ms = 60000
	max.in.flight.requests.per.connection = 5
	max.request.size = 1048576
	metadata.max.age.ms = 300000
	metadata.max.idle.ms = 300000
	metadata.recovery.strategy = none
	metric.reporters = []
	metrics.num.samples = 2
	metrics.recording.level = INFO
	metrics.sample.window.ms = 30000
	partitioner.adaptive.partitioning.enable = true
	partitioner.availability.timeout.ms = 0
	partitioner.class = null
	partitioner.ignore.keys = false
	receive.buffer.bytes = 32768
	reconnect.backoff.max.ms = 1000
	reconnect.backoff.ms = 50
	request.timeout.ms = 5000
	retries = 2147483647
	retry.backoff.max.ms = 1000
	retry.backoff.ms = 100
	sasl.client.callback.handler.class = null
	sasl.jaas.config = null
	sasl.kerberos.kinit.cmd = /usr/bin/kinit
	sasl.kerberos.min.time.before.relogin = 60000
	sasl.kerberos.service.name = null
	sasl.kerberos.ticket.renew.jitter = 0.05
	sasl.kerberos.ticket.renew.window.factor = 0.8
	sasl.login.callback.handler.class = null
	sasl.login.class = null
	sasl.login.connect.timeout.ms = null
	sasl.login.read.timeout.ms = null
	sasl.login.refresh.buffer.seconds = 300
	sasl.login.refresh.min.period.seconds = 60
	sasl.login.refresh.window.factor = 0.8
	sasl.login.refresh.window.jitter = 0.05
	sasl.login.retry.backoff.max.ms = 10000
	sasl.login.retry.backoff.ms = 100
	sasl.mechanism = GSSAPI
	sasl.oauthbearer.clock.skew.seconds = 30
	sasl.oauthbearer.expected.audience = null
	sasl.oauthbearer.expected.issuer = null
	sasl.oauthbearer.header.urlencode = false
	sasl.oauthbearer.jwks.endpoint.refresh.ms = 3600000
	sasl.oauthbearer.jwks.endpoint.retry.backoff.max.ms = 10000
	sasl.oauthbearer.jwks.endpoint.retry.backoff.ms = 100
	sasl.oauthbearer.jwks.endpoint.url = null
	sasl.oauthbearer.scope.claim.name = scope
	sasl.oauthbearer.sub.claim.name = sub
	sasl.oauthbearer.token.endpoint.url = null
	security.protocol = PLAINTEXT
	security.providers = null
	send.buffer.bytes = 131072
	socket.connection.setup.timeout.max.ms = 30000
	socket.connection.setup.timeout.ms = 10000
	ssl.cipher.suites = null
	ssl.enabled.protocols = [TLSv1.2, TLSv1.3]
	ssl.endpoint.identification.algorithm = https
	ssl.engine.factory.class = null
	ssl.key.password = null
	ssl.keymanager.algorithm = SunX509
	ssl.keystore.certificate.chain = null
	ssl.keystore.key = null
	ssl.keystore.location = null
	ssl.keystore.password = null
	ssl.keystore.type = JKS
	ssl.protocol = TLSv1.3
	ssl.provider = null
	ssl.secure.random.implementation = null
	ssl.trustmanager.algorithm = PKIX
	ssl.truststore.certificates = null
	ssl.truststore.location = null
	ssl.truststore.password = null
	ssl.truststore.type = JKS
	transaction.timeout.ms = 60000
	transactional.id = null
	value.serializer = class io.apicurio.registry.serde.avro.AvroKafkaSerializer

2025-07-31 18:12:41,089 INFO  [org.apa.kaf.com.tel.int.KafkaMetricsCollector] (main) initializing Kafka metrics collector
2025-07-31 18:12:41,098 INFO  [org.apa.kaf.cli.pro.KafkaProducer] (main) [Producer clientId=Producer-topic-5081e164_cd43_4926_aa30_1f29b79d4afd] Instantiated an idempotent producer.
2025-07-31 18:12:41,105 INFO  [org.apa.kaf.cli.pro.ProducerConfig] (main) These configurations '[apicurio.registry.url, apicurio.registry.auto-register, apicurio.registry.artifact-resolver-strategy]' were supplied but are not used yet.
2025-07-31 18:12:41,106 INFO  [org.apa.kaf.com.uti.AppInfoParser] (main) Kafka version: 3.9.1
2025-07-31 18:12:41,108 INFO  [org.apa.kaf.com.uti.AppInfoParser] (main) Kafka commitId: f745dfdcee2b9851
2025-07-31 18:12:41,108 INFO  [org.apa.kaf.com.uti.AppInfoParser] (main) Kafka startTimeMs: 1753985561105
2025-07-31 18:12:41,110 INFO  [io.api.tes.ser.api.SimpleSerdesTesterBuilder$SimpleSerdesTester] (main) Using producer configuration: {apicurio.registry.url=http://registry-app-inmemory.apps.ci419.apicurio-testing.org:80/apis/registry/v3, apicurio.registry.auto-register=true, apicurio.registry.artifact-resolver-strategy=io.apicurio.registry.serde.strategy.TopicIdStrategy, value.serializer=io.apicurio.registry.serde.avro.AvroKafkaSerializer, request.timeout.ms=5000, acks=all, bootstrap.servers=PLAINTEXT://localhost:32770, connections.max.idle.ms=10000, key.serializer=org.apache.kafka.common.serialization.StringSerializer, client.id=Producer-topic-5081e164_cd43_4926_aa30_1f29b79d4afd}
2025-07-31 18:12:41,110 INFO  [io.api.tes.ser.api.SimpleSerdesTesterBuilder$SimpleSerdesTester] (main) Using consumer configuration: {}
2025-07-31 18:12:41,111 INFO  [io.api.tes.ser.api.KafkaSerdesTester] (Thread-615) Sending message {"key11753985561085": "value-0"} to topic topic-5081e164_cd43_4926_aa30_1f29b79d4afd
2025-07-31 18:12:41,121 WARN  [org.apa.kaf.cli.NetworkClient] (kafka-producer-network-thread | Producer-topic-5081e164_cd43_4926_aa30_1f29b79d4afd) [Producer clientId=Producer-topic-5081e164_cd43_4926_aa30_1f29b79d4afd] The metadata response from the cluster reported a recoverable issue with correlation id 2 : {topic-5081e164_cd43_4926_aa30_1f29b79d4afd=LEADER_NOT_AVAILABLE}
2025-07-31 18:12:41,121 INFO  [org.apa.kaf.cli.Metadata] (kafka-producer-network-thread | Producer-topic-5081e164_cd43_4926_aa30_1f29b79d4afd) [Producer clientId=Producer-topic-5081e164_cd43_4926_aa30_1f29b79d4afd] Cluster ID: Pi_RUBSBSj-WuHInrGEQ6g
2025-07-31 18:12:41,124 INFO  [org.apa.kaf.cli.pro.int.TransactionManager] (kafka-producer-network-thread | Producer-topic-5081e164_cd43_4926_aa30_1f29b79d4afd) [Producer clientId=Producer-topic-5081e164_cd43_4926_aa30_1f29b79d4afd] ProducerId set to 4 with epoch 0
2025-07-31 18:12:41,273 INFO  [io.api.tes.ser.api.KafkaSerdesTester] (Thread-615) Sending message {"key11753985561085": "value-1"} to topic topic-5081e164_cd43_4926_aa30_1f29b79d4afd
2025-07-31 18:12:41,275 INFO  [io.api.tes.ser.api.KafkaSerdesTester] (Thread-615) Sending message {"key11753985561085": "value-2"} to topic topic-5081e164_cd43_4926_aa30_1f29b79d4afd
2025-07-31 18:12:41,277 INFO  [io.api.tes.ser.api.KafkaSerdesTester] (Thread-615) Sending message {"key11753985561085": "value-3"} to topic topic-5081e164_cd43_4926_aa30_1f29b79d4afd
2025-07-31 18:12:41,279 INFO  [io.api.tes.ser.api.KafkaSerdesTester] (Thread-615) Sending message {"key11753985561085": "value-4"} to topic topic-5081e164_cd43_4926_aa30_1f29b79d4afd
2025-07-31 18:12:41,283 INFO  [io.api.tes.ser.api.KafkaSerdesTester] (Thread-615) Sending message {"key11753985561085": "value-5"} to topic topic-5081e164_cd43_4926_aa30_1f29b79d4afd
2025-07-31 18:12:41,285 INFO  [io.api.tes.ser.api.KafkaSerdesTester] (Thread-615) Sending message {"key11753985561085": "value-6"} to topic topic-5081e164_cd43_4926_aa30_1f29b79d4afd
2025-07-31 18:12:41,286 INFO  [io.api.tes.ser.api.KafkaSerdesTester] (Thread-615) Sending message {"key11753985561085": "value-7"} to topic topic-5081e164_cd43_4926_aa30_1f29b79d4afd
2025-07-31 18:12:41,288 INFO  [io.api.tes.ser.api.KafkaSerdesTester] (Thread-615) Sending message {"key11753985561085": "value-8"} to topic topic-5081e164_cd43_4926_aa30_1f29b79d4afd
2025-07-31 18:12:41,290 INFO  [io.api.tes.ser.api.KafkaSerdesTester] (Thread-615) Sending message {"key11753985561085": "value-9"} to topic topic-5081e164_cd43_4926_aa30_1f29b79d4afd
2025-07-31 18:12:41,292 INFO  [io.api.tes.ser.api.KafkaSerdesTester] (Thread-615) Produced 10 messages
2025-07-31 18:12:41,292 INFO  [org.apa.kaf.cli.pro.KafkaProducer] (Thread-615) [Producer clientId=Producer-topic-5081e164_cd43_4926_aa30_1f29b79d4afd] Closing the Kafka producer with timeoutMillis = 9223372036854775807 ms.
2025-07-31 18:12:41,296 INFO  [org.apa.kaf.com.met.Metrics] (Thread-615) Metrics scheduler closed
2025-07-31 18:12:41,296 INFO  [org.apa.kaf.com.met.Metrics] (Thread-615) Closing reporter org.apache.kafka.common.metrics.JmxReporter
2025-07-31 18:12:41,296 INFO  [org.apa.kaf.com.met.Metrics] (Thread-615) Closing reporter org.apache.kafka.common.telemetry.internals.ClientTelemetryReporter
2025-07-31 18:12:41,296 INFO  [org.apa.kaf.com.met.Metrics] (Thread-615) Metrics reporters closed
2025-07-31 18:12:41,296 INFO  [org.apa.kaf.com.uti.AppInfoParser] (Thread-615) App info kafka.producer for Producer-topic-5081e164_cd43_4926_aa30_1f29b79d4afd unregistered
**** Registry Base URL: http://registry-app-inmemory.apps.ci419.apicurio-testing.org:80
2025-07-31 18:12:41,329 INFO  [org.apa.kaf.cli.con.ConsumerConfig] (main) ConsumerConfig values: 
	allow.auto.create.topics = true
	auto.commit.interval.ms = 500
	auto.include.jmx.reporter = true
	auto.offset.reset = earliest
	bootstrap.servers = [PLAINTEXT://localhost:32770]
	check.crcs = true
	client.dns.lookup = use_all_dns_ips
	client.id = consumer-Consumer-topic-5081e164_cd43_4926_aa30_1f29b79d4afd-4
	client.rack = 
	connections.max.idle.ms = 10000
	default.api.timeout.ms = 60000
	enable.auto.commit = true
	enable.metrics.push = true
	exclude.internal.topics = true
	fetch.max.bytes = 52428800
	fetch.max.wait.ms = 500
	fetch.min.bytes = 1
	group.id = Consumer-topic-5081e164_cd43_4926_aa30_1f29b79d4afd
	group.instance.id = null
	group.protocol = classic
	group.remote.assignor = null
	heartbeat.interval.ms = 3000
	interceptor.classes = []
	internal.leave.group.on.close = true
	internal.throw.on.fetch.stable.offset.unsupported = false
	isolation.level = read_uncommitted
	key.deserializer = class org.apache.kafka.common.serialization.StringDeserializer
	max.partition.fetch.bytes = 1048576
	max.poll.interval.ms = 300000
	max.poll.records = 500
	metadata.max.age.ms = 300000
	metadata.recovery.strategy = none
	metric.reporters = []
	metrics.num.samples = 2
	metrics.recording.level = INFO
	metrics.sample.window.ms = 30000
	partition.assignment.strategy = [class org.apache.kafka.clients.consumer.RangeAssignor, class org.apache.kafka.clients.consumer.CooperativeStickyAssignor]
	receive.buffer.bytes = 65536
	reconnect.backoff.max.ms = 1000
	reconnect.backoff.ms = 50
	request.timeout.ms = 5000
	retry.backoff.max.ms = 1000
	retry.backoff.ms = 100
	sasl.client.callback.handler.class = null
	sasl.jaas.config = null
	sasl.kerberos.kinit.cmd = /usr/bin/kinit
	sasl.kerberos.min.time.before.relogin = 60000
	sasl.kerberos.service.name = null
	sasl.kerberos.ticket.renew.jitter = 0.05
	sasl.kerberos.ticket.renew.window.factor = 0.8
	sasl.login.callback.handler.class = null
	sasl.login.class = null
	sasl.login.connect.timeout.ms = null
	sasl.login.read.timeout.ms = null
	sasl.login.refresh.buffer.seconds = 300
	sasl.login.refresh.min.period.seconds = 60
	sasl.login.refresh.window.factor = 0.8
	sasl.login.refresh.window.jitter = 0.05
	sasl.login.retry.backoff.max.ms = 10000
	sasl.login.retry.backoff.ms = 100
	sasl.mechanism = GSSAPI
	sasl.oauthbearer.clock.skew.seconds = 30
	sasl.oauthbearer.expected.audience = null
	sasl.oauthbearer.expected.issuer = null
	sasl.oauthbearer.header.urlencode = false
	sasl.oauthbearer.jwks.endpoint.refresh.ms = 3600000
	sasl.oauthbearer.jwks.endpoint.retry.backoff.max.ms = 10000
	sasl.oauthbearer.jwks.endpoint.retry.backoff.ms = 100
	sasl.oauthbearer.jwks.endpoint.url = null
	sasl.oauthbearer.scope.claim.name = scope
	sasl.oauthbearer.sub.claim.name = sub
	sasl.oauthbearer.token.endpoint.url = null
	security.protocol = PLAINTEXT
	security.providers = null
	send.buffer.bytes = 131072
	session.timeout.ms = 45000
	socket.connection.setup.timeout.max.ms = 30000
	socket.connection.setup.timeout.ms = 10000
	ssl.cipher.suites = null
	ssl.enabled.protocols = [TLSv1.2, TLSv1.3]
	ssl.endpoint.identification.algorithm = https
	ssl.engine.factory.class = null
	ssl.key.password = null
	ssl.keymanager.algorithm = SunX509
	ssl.keystore.certificate.chain = null
	ssl.keystore.key = null
	ssl.keystore.location = null
	ssl.keystore.password = null
	ssl.keystore.type = JKS
	ssl.protocol = TLSv1.3
	ssl.provider = null
	ssl.secure.random.implementation = null
	ssl.trustmanager.algorithm = PKIX
	ssl.truststore.certificates = null
	ssl.truststore.location = null
	ssl.truststore.password = null
	ssl.truststore.type = JKS
	value.deserializer = class io.apicurio.registry.serde.avro.AvroKafkaDeserializer

2025-07-31 18:12:41,329 INFO  [org.apa.kaf.com.tel.int.KafkaMetricsCollector] (main) initializing Kafka metrics collector
2025-07-31 18:12:41,338 INFO  [org.apa.kaf.cli.con.ConsumerConfig] (main) These configurations '[apicurio.registry.url]' were supplied but are not used yet.
2025-07-31 18:12:41,338 INFO  [org.apa.kaf.com.uti.AppInfoParser] (main) Kafka version: 3.9.1
2025-07-31 18:12:41,338 INFO  [org.apa.kaf.com.uti.AppInfoParser] (main) Kafka commitId: f745dfdcee2b9851
2025-07-31 18:12:41,338 INFO  [org.apa.kaf.com.uti.AppInfoParser] (main) Kafka startTimeMs: 1753985561338
2025-07-31 18:12:41,340 INFO  [org.apa.kaf.cli.con.int.ClassicKafkaConsumer] (Thread-618) [Consumer clientId=consumer-Consumer-topic-5081e164_cd43_4926_aa30_1f29b79d4afd-4, groupId=Consumer-topic-5081e164_cd43_4926_aa30_1f29b79d4afd] Subscribed to topic(s): topic-5081e164_cd43_4926_aa30_1f29b79d4afd
2025-07-31 18:12:41,348 INFO  [org.apa.kaf.cli.Metadata] (Thread-618) [Consumer clientId=consumer-Consumer-topic-5081e164_cd43_4926_aa30_1f29b79d4afd-4, groupId=Consumer-topic-5081e164_cd43_4926_aa30_1f29b79d4afd] Cluster ID: Pi_RUBSBSj-WuHInrGEQ6g
2025-07-31 18:12:41,351 INFO  [org.apa.kaf.cli.con.int.ConsumerCoordinator] (Thread-618) [Consumer clientId=consumer-Consumer-topic-5081e164_cd43_4926_aa30_1f29b79d4afd-4, groupId=Consumer-topic-5081e164_cd43_4926_aa30_1f29b79d4afd] Discovered group coordinator localhost:32770 (id: 2147483647 rack: null)
2025-07-31 18:12:41,354 INFO  [org.apa.kaf.cli.con.int.ConsumerCoordinator] (Thread-618) [Consumer clientId=consumer-Consumer-topic-5081e164_cd43_4926_aa30_1f29b79d4afd-4, groupId=Consumer-topic-5081e164_cd43_4926_aa30_1f29b79d4afd] (Re-)joining group
2025-07-31 18:12:41,360 INFO  [org.apa.kaf.cli.con.int.ConsumerCoordinator] (Thread-618) [Consumer clientId=consumer-Consumer-topic-5081e164_cd43_4926_aa30_1f29b79d4afd-4, groupId=Consumer-topic-5081e164_cd43_4926_aa30_1f29b79d4afd] Request joining group due to: need to re-join with the given member-id: consumer-Consumer-topic-5081e164_cd43_4926_aa30_1f29b79d4afd-4-836197a1-eb2e-4960-8dfe-9dba2b5bd87e
2025-07-31 18:12:41,360 INFO  [org.apa.kaf.cli.con.int.ConsumerCoordinator] (Thread-618) [Consumer clientId=consumer-Consumer-topic-5081e164_cd43_4926_aa30_1f29b79d4afd-4, groupId=Consumer-topic-5081e164_cd43_4926_aa30_1f29b79d4afd] (Re-)joining group
2025-07-31 18:12:41,363 INFO  [org.apa.kaf.cli.con.int.ConsumerCoordinator] (Thread-618) [Consumer clientId=consumer-Consumer-topic-5081e164_cd43_4926_aa30_1f29b79d4afd-4, groupId=Consumer-topic-5081e164_cd43_4926_aa30_1f29b79d4afd] Successfully joined group with generation Generation{generationId=1, memberId='consumer-Consumer-topic-5081e164_cd43_4926_aa30_1f29b79d4afd-4-836197a1-eb2e-4960-8dfe-9dba2b5bd87e', protocol='range'}
2025-07-31 18:12:41,365 INFO  [org.apa.kaf.cli.con.int.ConsumerCoordinator] (Thread-618) [Consumer clientId=consumer-Consumer-topic-5081e164_cd43_4926_aa30_1f29b79d4afd-4, groupId=Consumer-topic-5081e164_cd43_4926_aa30_1f29b79d4afd] Finished assignment for group at generation 1: {consumer-Consumer-topic-5081e164_cd43_4926_aa30_1f29b79d4afd-4-836197a1-eb2e-4960-8dfe-9dba2b5bd87e=Assignment(partitions=[topic-5081e164_cd43_4926_aa30_1f29b79d4afd-0])}
2025-07-31 18:12:41,374 INFO  [org.apa.kaf.cli.con.int.ConsumerCoordinator] (Thread-618) [Consumer clientId=consumer-Consumer-topic-5081e164_cd43_4926_aa30_1f29b79d4afd-4, groupId=Consumer-topic-5081e164_cd43_4926_aa30_1f29b79d4afd] Successfully synced group in generation Generation{generationId=1, memberId='consumer-Consumer-topic-5081e164_cd43_4926_aa30_1f29b79d4afd-4-836197a1-eb2e-4960-8dfe-9dba2b5bd87e', protocol='range'}
2025-07-31 18:12:41,374 INFO  [org.apa.kaf.cli.con.int.ConsumerCoordinator] (Thread-618) [Consumer clientId=consumer-Consumer-topic-5081e164_cd43_4926_aa30_1f29b79d4afd-4, groupId=Consumer-topic-5081e164_cd43_4926_aa30_1f29b79d4afd] Notifying assignor about the new Assignment(partitions=[topic-5081e164_cd43_4926_aa30_1f29b79d4afd-0])
2025-07-31 18:12:41,374 INFO  [org.apa.kaf.cli.con.int.ConsumerRebalanceListenerInvoker] (Thread-618) [Consumer clientId=consumer-Consumer-topic-5081e164_cd43_4926_aa30_1f29b79d4afd-4, groupId=Consumer-topic-5081e164_cd43_4926_aa30_1f29b79d4afd] Adding newly assigned partitions: topic-5081e164_cd43_4926_aa30_1f29b79d4afd-0
2025-07-31 18:12:41,376 INFO  [org.apa.kaf.cli.con.int.ConsumerCoordinator] (Thread-618) [Consumer clientId=consumer-Consumer-topic-5081e164_cd43_4926_aa30_1f29b79d4afd-4, groupId=Consumer-topic-5081e164_cd43_4926_aa30_1f29b79d4afd] Found no committed offset for partition topic-5081e164_cd43_4926_aa30_1f29b79d4afd-0
2025-07-31 18:12:41,385 INFO  [org.apa.kaf.cli.con.int.SubscriptionState] (Thread-618) [Consumer clientId=consumer-Consumer-topic-5081e164_cd43_4926_aa30_1f29b79d4afd-4, groupId=Consumer-topic-5081e164_cd43_4926_aa30_1f29b79d4afd] Resetting offset for partition topic-5081e164_cd43_4926_aa30_1f29b79d4afd-0 to position FetchPosition{offset=0, offsetEpoch=Optional.empty, currentLeader=LeaderAndEpoch{leader=Optional[localhost:32770 (id: 0 rack: null)], epoch=0}}.
2025-07-31 18:12:41,430 INFO  [io.api.tes.ser.api.KafkaSerdesTester] (Thread-618) topic-5081e164_cd43_4926_aa30_1f29b79d4afd 0 0 {"key11753985561085": "value-0"}
2025-07-31 18:12:41,431 INFO  [io.api.tes.ser.api.KafkaSerdesTester] (Thread-618) topic-5081e164_cd43_4926_aa30_1f29b79d4afd 0 1 {"key11753985561085": "value-1"}
2025-07-31 18:12:41,431 INFO  [io.api.tes.ser.api.KafkaSerdesTester] (Thread-618) topic-5081e164_cd43_4926_aa30_1f29b79d4afd 0 2 {"key11753985561085": "value-2"}
2025-07-31 18:12:41,431 INFO  [io.api.tes.ser.api.KafkaSerdesTester] (Thread-618) topic-5081e164_cd43_4926_aa30_1f29b79d4afd 0 3 {"key11753985561085": "value-3"}
2025-07-31 18:12:41,431 INFO  [io.api.tes.ser.api.KafkaSerdesTester] (Thread-618) topic-5081e164_cd43_4926_aa30_1f29b79d4afd 0 4 {"key11753985561085": "value-4"}
2025-07-31 18:12:41,431 INFO  [io.api.tes.ser.api.KafkaSerdesTester] (Thread-618) topic-5081e164_cd43_4926_aa30_1f29b79d4afd 0 5 {"key11753985561085": "value-5"}
2025-07-31 18:12:41,431 INFO  [io.api.tes.ser.api.KafkaSerdesTester] (Thread-618) topic-5081e164_cd43_4926_aa30_1f29b79d4afd 0 6 {"key11753985561085": "value-6"}
2025-07-31 18:12:41,431 INFO  [io.api.tes.ser.api.KafkaSerdesTester] (Thread-618) topic-5081e164_cd43_4926_aa30_1f29b79d4afd 0 7 {"key11753985561085": "value-7"}
2025-07-31 18:12:41,431 INFO  [io.api.tes.ser.api.KafkaSerdesTester] (Thread-618) topic-5081e164_cd43_4926_aa30_1f29b79d4afd 0 8 {"key11753985561085": "value-8"}
2025-07-31 18:12:41,431 INFO  [io.api.tes.ser.api.KafkaSerdesTester] (Thread-618) topic-5081e164_cd43_4926_aa30_1f29b79d4afd 0 9 {"key11753985561085": "value-9"}
2025-07-31 18:12:41,431 INFO  [io.api.tes.ser.api.KafkaSerdesTester] (Thread-618) Consumed 10 messages
2025-07-31 18:12:41,435 INFO  [org.apa.kaf.cli.con.int.ConsumerRebalanceListenerInvoker] (Thread-618) [Consumer clientId=consumer-Consumer-topic-5081e164_cd43_4926_aa30_1f29b79d4afd-4, groupId=Consumer-topic-5081e164_cd43_4926_aa30_1f29b79d4afd] Revoke previously assigned partitions topic-5081e164_cd43_4926_aa30_1f29b79d4afd-0
2025-07-31 18:12:41,435 INFO  [org.apa.kaf.cli.con.int.ConsumerCoordinator] (Thread-618) [Consumer clientId=consumer-Consumer-topic-5081e164_cd43_4926_aa30_1f29b79d4afd-4, groupId=Consumer-topic-5081e164_cd43_4926_aa30_1f29b79d4afd] Member consumer-Consumer-topic-5081e164_cd43_4926_aa30_1f29b79d4afd-4-836197a1-eb2e-4960-8dfe-9dba2b5bd87e sending LeaveGroup request to coordinator localhost:32770 (id: 2147483647 rack: null) due to the consumer is being closed
2025-07-31 18:12:41,435 INFO  [org.apa.kaf.cli.con.int.ConsumerCoordinator] (Thread-618) [Consumer clientId=consumer-Consumer-topic-5081e164_cd43_4926_aa30_1f29b79d4afd-4, groupId=Consumer-topic-5081e164_cd43_4926_aa30_1f29b79d4afd] Resetting generation and member id due to: consumer pro-actively leaving the group
2025-07-31 18:12:41,435 INFO  [org.apa.kaf.cli.con.int.ConsumerCoordinator] (Thread-618) [Consumer clientId=consumer-Consumer-topic-5081e164_cd43_4926_aa30_1f29b79d4afd-4, groupId=Consumer-topic-5081e164_cd43_4926_aa30_1f29b79d4afd] Request joining group due to: consumer pro-actively leaving the group
2025-07-31 18:12:41,934 INFO  [org.apa.kaf.com.met.Metrics] (Thread-618) Metrics scheduler closed
2025-07-31 18:12:41,934 INFO  [org.apa.kaf.com.met.Metrics] (Thread-618) Closing reporter org.apache.kafka.common.metrics.JmxReporter
2025-07-31 18:12:41,934 INFO  [org.apa.kaf.com.met.Metrics] (Thread-618) Closing reporter org.apache.kafka.common.telemetry.internals.ClientTelemetryReporter
2025-07-31 18:12:41,934 INFO  [org.apa.kaf.com.met.Metrics] (Thread-618) Metrics reporters closed
2025-07-31 18:12:41,937 INFO  [org.apa.kaf.com.uti.AppInfoParser] (Thread-618) App info kafka.consumer for consumer-Consumer-topic-5081e164_cd43_4926_aa30_1f29b79d4afd-4 unregistered
2025-07-31 18:12:41,960 INFO  [io.api.tes.uti.TestSeparator] (main) io.apicurio.tests.serdes.apicurio.AvroSerdeIT.testTopicIdStrategyAutoRegister-FINISHED
2025-07-31 18:12:41,961 INFO  [io.api.tes.uti.TestSeparator] (main) ############################################################################
Test passed: testTopicIdStrategyAutoRegister
]]></system-out>
  </testcase>
  <testcase name="testRecordIdStrategydFindLatest" classname="io.apicurio.tests.serdes.apicurio.AvroSerdeIT" time="1.762">
    <system-out><![CDATA[2025-07-31 18:12:41,962 INFO  [io.api.tes.uti.TestSeparator] (main) ############################################################################
2025-07-31 18:12:41,962 INFO  [io.api.tes.uti.TestSeparator] (main) io.apicurio.tests.serdes.apicurio.AvroSerdeIT.testRecordIdStrategydFindLatest-STARTED
2025-07-31 18:12:41,964 INFO  [io.api.tes.ser.api.AvroSerdeIT] (main) Registering Avro Schema: {"type":"record","name":"s63a09015xb316x46a7x966fx163a84c95037","namespace":"seee61f70xaa5dx44b2xa538x706ec550f7f2","fields":[{"name":"key11753985561964","type":"string"}]}
**** Registry Base URL: http://registry-app-inmemory.apps.ci419.apicurio-testing.org:80
2025-07-31 18:12:42,999 INFO  [org.apa.kaf.cli.pro.ProducerConfig] (main) ProducerConfig values: 
	acks = -1
	auto.include.jmx.reporter = true
	batch.size = 16384
	bootstrap.servers = [PLAINTEXT://localhost:32770]
	buffer.memory = 33554432
	client.dns.lookup = use_all_dns_ips
	client.id = Producer-topic-aa653b34_a726_4e11_b58c_ccb684b57ec7
	compression.gzip.level = -1
	compression.lz4.level = 9
	compression.type = none
	compression.zstd.level = 3
	connections.max.idle.ms = 10000
	delivery.timeout.ms = 120000
	enable.idempotence = true
	enable.metrics.push = true
	interceptor.classes = []
	key.serializer = class org.apache.kafka.common.serialization.StringSerializer
	linger.ms = 0
	max.block.ms = 60000
	max.in.flight.requests.per.connection = 5
	max.request.size = 1048576
	metadata.max.age.ms = 300000
	metadata.max.idle.ms = 300000
	metadata.recovery.strategy = none
	metric.reporters = []
	metrics.num.samples = 2
	metrics.recording.level = INFO
	metrics.sample.window.ms = 30000
	partitioner.adaptive.partitioning.enable = true
	partitioner.availability.timeout.ms = 0
	partitioner.class = null
	partitioner.ignore.keys = false
	receive.buffer.bytes = 32768
	reconnect.backoff.max.ms = 1000
	reconnect.backoff.ms = 50
	request.timeout.ms = 5000
	retries = 2147483647
	retry.backoff.max.ms = 1000
	retry.backoff.ms = 100
	sasl.client.callback.handler.class = null
	sasl.jaas.config = null
	sasl.kerberos.kinit.cmd = /usr/bin/kinit
	sasl.kerberos.min.time.before.relogin = 60000
	sasl.kerberos.service.name = null
	sasl.kerberos.ticket.renew.jitter = 0.05
	sasl.kerberos.ticket.renew.window.factor = 0.8
	sasl.login.callback.handler.class = null
	sasl.login.class = null
	sasl.login.connect.timeout.ms = null
	sasl.login.read.timeout.ms = null
	sasl.login.refresh.buffer.seconds = 300
	sasl.login.refresh.min.period.seconds = 60
	sasl.login.refresh.window.factor = 0.8
	sasl.login.refresh.window.jitter = 0.05
	sasl.login.retry.backoff.max.ms = 10000
	sasl.login.retry.backoff.ms = 100
	sasl.mechanism = GSSAPI
	sasl.oauthbearer.clock.skew.seconds = 30
	sasl.oauthbearer.expected.audience = null
	sasl.oauthbearer.expected.issuer = null
	sasl.oauthbearer.header.urlencode = false
	sasl.oauthbearer.jwks.endpoint.refresh.ms = 3600000
	sasl.oauthbearer.jwks.endpoint.retry.backoff.max.ms = 10000
	sasl.oauthbearer.jwks.endpoint.retry.backoff.ms = 100
	sasl.oauthbearer.jwks.endpoint.url = null
	sasl.oauthbearer.scope.claim.name = scope
	sasl.oauthbearer.sub.claim.name = sub
	sasl.oauthbearer.token.endpoint.url = null
	security.protocol = PLAINTEXT
	security.providers = null
	send.buffer.bytes = 131072
	socket.connection.setup.timeout.max.ms = 30000
	socket.connection.setup.timeout.ms = 10000
	ssl.cipher.suites = null
	ssl.enabled.protocols = [TLSv1.2, TLSv1.3]
	ssl.endpoint.identification.algorithm = https
	ssl.engine.factory.class = null
	ssl.key.password = null
	ssl.keymanager.algorithm = SunX509
	ssl.keystore.certificate.chain = null
	ssl.keystore.key = null
	ssl.keystore.location = null
	ssl.keystore.password = null
	ssl.keystore.type = JKS
	ssl.protocol = TLSv1.3
	ssl.provider = null
	ssl.secure.random.implementation = null
	ssl.trustmanager.algorithm = PKIX
	ssl.truststore.certificates = null
	ssl.truststore.location = null
	ssl.truststore.password = null
	ssl.truststore.type = JKS
	transaction.timeout.ms = 60000
	transactional.id = null
	value.serializer = class io.apicurio.registry.serde.avro.AvroKafkaSerializer

2025-07-31 18:12:43,000 INFO  [org.apa.kaf.com.tel.int.KafkaMetricsCollector] (main) initializing Kafka metrics collector
2025-07-31 18:12:43,003 INFO  [org.apa.kaf.cli.pro.KafkaProducer] (main) [Producer clientId=Producer-topic-aa653b34_a726_4e11_b58c_ccb684b57ec7] Instantiated an idempotent producer.
2025-07-31 18:12:43,006 INFO  [org.apa.kaf.cli.pro.ProducerConfig] (main) These configurations '[apicurio.registry.find-latest, apicurio.registry.url, apicurio.registry.artifact-resolver-strategy]' were supplied but are not used yet.
2025-07-31 18:12:43,006 INFO  [org.apa.kaf.com.uti.AppInfoParser] (main) Kafka version: 3.9.1
2025-07-31 18:12:43,009 INFO  [org.apa.kaf.com.uti.AppInfoParser] (main) Kafka commitId: f745dfdcee2b9851
2025-07-31 18:12:43,009 INFO  [org.apa.kaf.com.uti.AppInfoParser] (main) Kafka startTimeMs: 1753985563006
2025-07-31 18:12:43,009 INFO  [io.api.tes.ser.api.SimpleSerdesTesterBuilder$SimpleSerdesTester] (main) Using producer configuration: {apicurio.registry.find-latest=true, apicurio.registry.url=http://registry-app-inmemory.apps.ci419.apicurio-testing.org:80/apis/registry/v3, apicurio.registry.artifact-resolver-strategy=io.apicurio.registry.serde.avro.strategy.RecordIdStrategy, value.serializer=io.apicurio.registry.serde.avro.AvroKafkaSerializer, request.timeout.ms=5000, acks=all, bootstrap.servers=PLAINTEXT://localhost:32770, connections.max.idle.ms=10000, key.serializer=org.apache.kafka.common.serialization.StringSerializer, client.id=Producer-topic-aa653b34_a726_4e11_b58c_ccb684b57ec7}
2025-07-31 18:12:43,009 INFO  [io.api.tes.ser.api.SimpleSerdesTesterBuilder$SimpleSerdesTester] (main) Using consumer configuration: {}
2025-07-31 18:12:43,012 INFO  [io.api.tes.ser.api.KafkaSerdesTester] (Thread-621) Sending message {"key11753985561964": "value-0"} to topic topic-aa653b34_a726_4e11_b58c_ccb684b57ec7
2025-07-31 18:12:43,014 INFO  [org.apa.kaf.cli.Metadata] (kafka-producer-network-thread | Producer-topic-aa653b34_a726_4e11_b58c_ccb684b57ec7) [Producer clientId=Producer-topic-aa653b34_a726_4e11_b58c_ccb684b57ec7] Cluster ID: Pi_RUBSBSj-WuHInrGEQ6g
2025-07-31 18:12:43,016 INFO  [org.apa.kaf.cli.pro.int.TransactionManager] (kafka-producer-network-thread | Producer-topic-aa653b34_a726_4e11_b58c_ccb684b57ec7) [Producer clientId=Producer-topic-aa653b34_a726_4e11_b58c_ccb684b57ec7] ProducerId set to 5 with epoch 0
2025-07-31 18:12:43,078 INFO  [io.api.tes.ser.api.KafkaSerdesTester] (Thread-621) Sending message {"key11753985561964": "value-1"} to topic topic-aa653b34_a726_4e11_b58c_ccb684b57ec7
2025-07-31 18:12:43,080 INFO  [io.api.tes.ser.api.KafkaSerdesTester] (Thread-621) Sending message {"key11753985561964": "value-2"} to topic topic-aa653b34_a726_4e11_b58c_ccb684b57ec7
2025-07-31 18:12:43,083 INFO  [io.api.tes.ser.api.KafkaSerdesTester] (Thread-621) Sending message {"key11753985561964": "value-3"} to topic topic-aa653b34_a726_4e11_b58c_ccb684b57ec7
2025-07-31 18:12:43,085 INFO  [io.api.tes.ser.api.KafkaSerdesTester] (Thread-621) Sending message {"key11753985561964": "value-4"} to topic topic-aa653b34_a726_4e11_b58c_ccb684b57ec7
2025-07-31 18:12:43,086 INFO  [io.api.tes.ser.api.KafkaSerdesTester] (Thread-621) Sending message {"key11753985561964": "value-5"} to topic topic-aa653b34_a726_4e11_b58c_ccb684b57ec7
2025-07-31 18:12:43,089 INFO  [io.api.tes.ser.api.KafkaSerdesTester] (Thread-621) Sending message {"key11753985561964": "value-6"} to topic topic-aa653b34_a726_4e11_b58c_ccb684b57ec7
2025-07-31 18:12:43,091 INFO  [io.api.tes.ser.api.KafkaSerdesTester] (Thread-621) Sending message {"key11753985561964": "value-7"} to topic topic-aa653b34_a726_4e11_b58c_ccb684b57ec7
2025-07-31 18:12:43,093 INFO  [io.api.tes.ser.api.KafkaSerdesTester] (Thread-621) Sending message {"key11753985561964": "value-8"} to topic topic-aa653b34_a726_4e11_b58c_ccb684b57ec7
2025-07-31 18:12:43,096 INFO  [io.api.tes.ser.api.KafkaSerdesTester] (Thread-621) Sending message {"key11753985561964": "value-9"} to topic topic-aa653b34_a726_4e11_b58c_ccb684b57ec7
2025-07-31 18:12:43,100 INFO  [io.api.tes.ser.api.KafkaSerdesTester] (Thread-621) Produced 10 messages
2025-07-31 18:12:43,100 INFO  [org.apa.kaf.cli.pro.KafkaProducer] (Thread-621) [Producer clientId=Producer-topic-aa653b34_a726_4e11_b58c_ccb684b57ec7] Closing the Kafka producer with timeoutMillis = 9223372036854775807 ms.
2025-07-31 18:12:43,104 INFO  [org.apa.kaf.com.met.Metrics] (Thread-621) Metrics scheduler closed
2025-07-31 18:12:43,104 INFO  [org.apa.kaf.com.met.Metrics] (Thread-621) Closing reporter org.apache.kafka.common.metrics.JmxReporter
2025-07-31 18:12:43,105 INFO  [org.apa.kaf.com.met.Metrics] (Thread-621) Closing reporter org.apache.kafka.common.telemetry.internals.ClientTelemetryReporter
2025-07-31 18:12:43,105 INFO  [org.apa.kaf.com.met.Metrics] (Thread-621) Metrics reporters closed
2025-07-31 18:12:43,105 INFO  [org.apa.kaf.com.uti.AppInfoParser] (Thread-621) App info kafka.producer for Producer-topic-aa653b34_a726_4e11_b58c_ccb684b57ec7 unregistered
**** Registry Base URL: http://registry-app-inmemory.apps.ci419.apicurio-testing.org:80
2025-07-31 18:12:43,106 INFO  [org.apa.kaf.cli.con.ConsumerConfig] (main) ConsumerConfig values: 
	allow.auto.create.topics = true
	auto.commit.interval.ms = 500
	auto.include.jmx.reporter = true
	auto.offset.reset = earliest
	bootstrap.servers = [PLAINTEXT://localhost:32770]
	check.crcs = true
	client.dns.lookup = use_all_dns_ips
	client.id = consumer-Consumer-topic-aa653b34_a726_4e11_b58c_ccb684b57ec7-5
	client.rack = 
	connections.max.idle.ms = 10000
	default.api.timeout.ms = 60000
	enable.auto.commit = true
	enable.metrics.push = true
	exclude.internal.topics = true
	fetch.max.bytes = 52428800
	fetch.max.wait.ms = 500
	fetch.min.bytes = 1
	group.id = Consumer-topic-aa653b34_a726_4e11_b58c_ccb684b57ec7
	group.instance.id = null
	group.protocol = classic
	group.remote.assignor = null
	heartbeat.interval.ms = 3000
	interceptor.classes = []
	internal.leave.group.on.close = true
	internal.throw.on.fetch.stable.offset.unsupported = false
	isolation.level = read_uncommitted
	key.deserializer = class org.apache.kafka.common.serialization.StringDeserializer
	max.partition.fetch.bytes = 1048576
	max.poll.interval.ms = 300000
	max.poll.records = 500
	metadata.max.age.ms = 300000
	metadata.recovery.strategy = none
	metric.reporters = []
	metrics.num.samples = 2
	metrics.recording.level = INFO
	metrics.sample.window.ms = 30000
	partition.assignment.strategy = [class org.apache.kafka.clients.consumer.RangeAssignor, class org.apache.kafka.clients.consumer.CooperativeStickyAssignor]
	receive.buffer.bytes = 65536
	reconnect.backoff.max.ms = 1000
	reconnect.backoff.ms = 50
	request.timeout.ms = 5000
	retry.backoff.max.ms = 1000
	retry.backoff.ms = 100
	sasl.client.callback.handler.class = null
	sasl.jaas.config = null
	sasl.kerberos.kinit.cmd = /usr/bin/kinit
	sasl.kerberos.min.time.before.relogin = 60000
	sasl.kerberos.service.name = null
	sasl.kerberos.ticket.renew.jitter = 0.05
	sasl.kerberos.ticket.renew.window.factor = 0.8
	sasl.login.callback.handler.class = null
	sasl.login.class = null
	sasl.login.connect.timeout.ms = null
	sasl.login.read.timeout.ms = null
	sasl.login.refresh.buffer.seconds = 300
	sasl.login.refresh.min.period.seconds = 60
	sasl.login.refresh.window.factor = 0.8
	sasl.login.refresh.window.jitter = 0.05
	sasl.login.retry.backoff.max.ms = 10000
	sasl.login.retry.backoff.ms = 100
	sasl.mechanism = GSSAPI
	sasl.oauthbearer.clock.skew.seconds = 30
	sasl.oauthbearer.expected.audience = null
	sasl.oauthbearer.expected.issuer = null
	sasl.oauthbearer.header.urlencode = false
	sasl.oauthbearer.jwks.endpoint.refresh.ms = 3600000
	sasl.oauthbearer.jwks.endpoint.retry.backoff.max.ms = 10000
	sasl.oauthbearer.jwks.endpoint.retry.backoff.ms = 100
	sasl.oauthbearer.jwks.endpoint.url = null
	sasl.oauthbearer.scope.claim.name = scope
	sasl.oauthbearer.sub.claim.name = sub
	sasl.oauthbearer.token.endpoint.url = null
	security.protocol = PLAINTEXT
	security.providers = null
	send.buffer.bytes = 131072
	session.timeout.ms = 45000
	socket.connection.setup.timeout.max.ms = 30000
	socket.connection.setup.timeout.ms = 10000
	ssl.cipher.suites = null
	ssl.enabled.protocols = [TLSv1.2, TLSv1.3]
	ssl.endpoint.identification.algorithm = https
	ssl.engine.factory.class = null
	ssl.key.password = null
	ssl.keymanager.algorithm = SunX509
	ssl.keystore.certificate.chain = null
	ssl.keystore.key = null
	ssl.keystore.location = null
	ssl.keystore.password = null
	ssl.keystore.type = JKS
	ssl.protocol = TLSv1.3
	ssl.provider = null
	ssl.secure.random.implementation = null
	ssl.trustmanager.algorithm = PKIX
	ssl.truststore.certificates = null
	ssl.truststore.location = null
	ssl.truststore.password = null
	ssl.truststore.type = JKS
	value.deserializer = class io.apicurio.registry.serde.avro.AvroKafkaDeserializer

2025-07-31 18:12:43,107 INFO  [org.apa.kaf.com.tel.int.KafkaMetricsCollector] (main) initializing Kafka metrics collector
2025-07-31 18:12:43,124 INFO  [org.apa.kaf.cli.con.ConsumerConfig] (main) These configurations '[apicurio.registry.url]' were supplied but are not used yet.
2025-07-31 18:12:43,124 INFO  [org.apa.kaf.com.uti.AppInfoParser] (main) Kafka version: 3.9.1
2025-07-31 18:12:43,124 INFO  [org.apa.kaf.com.uti.AppInfoParser] (main) Kafka commitId: f745dfdcee2b9851
2025-07-31 18:12:43,126 INFO  [org.apa.kaf.com.uti.AppInfoParser] (main) Kafka startTimeMs: 1753985563124
2025-07-31 18:12:43,126 INFO  [org.apa.kaf.cli.con.int.ClassicKafkaConsumer] (Thread-624) [Consumer clientId=consumer-Consumer-topic-aa653b34_a726_4e11_b58c_ccb684b57ec7-5, groupId=Consumer-topic-aa653b34_a726_4e11_b58c_ccb684b57ec7] Subscribed to topic(s): topic-aa653b34_a726_4e11_b58c_ccb684b57ec7
2025-07-31 18:12:43,133 INFO  [org.apa.kaf.cli.Metadata] (Thread-624) [Consumer clientId=consumer-Consumer-topic-aa653b34_a726_4e11_b58c_ccb684b57ec7-5, groupId=Consumer-topic-aa653b34_a726_4e11_b58c_ccb684b57ec7] Cluster ID: Pi_RUBSBSj-WuHInrGEQ6g
2025-07-31 18:12:43,134 INFO  [org.apa.kaf.cli.con.int.ConsumerCoordinator] (Thread-624) [Consumer clientId=consumer-Consumer-topic-aa653b34_a726_4e11_b58c_ccb684b57ec7-5, groupId=Consumer-topic-aa653b34_a726_4e11_b58c_ccb684b57ec7] Discovered group coordinator localhost:32770 (id: 2147483647 rack: null)
2025-07-31 18:12:43,135 INFO  [org.apa.kaf.cli.con.int.ConsumerCoordinator] (Thread-624) [Consumer clientId=consumer-Consumer-topic-aa653b34_a726_4e11_b58c_ccb684b57ec7-5, groupId=Consumer-topic-aa653b34_a726_4e11_b58c_ccb684b57ec7] (Re-)joining group
2025-07-31 18:12:43,141 INFO  [org.apa.kaf.cli.con.int.ConsumerCoordinator] (Thread-624) [Consumer clientId=consumer-Consumer-topic-aa653b34_a726_4e11_b58c_ccb684b57ec7-5, groupId=Consumer-topic-aa653b34_a726_4e11_b58c_ccb684b57ec7] Request joining group due to: need to re-join with the given member-id: consumer-Consumer-topic-aa653b34_a726_4e11_b58c_ccb684b57ec7-5-b5920545-8abf-4196-8c18-29f0cc81171a
2025-07-31 18:12:43,141 INFO  [org.apa.kaf.cli.con.int.ConsumerCoordinator] (Thread-624) [Consumer clientId=consumer-Consumer-topic-aa653b34_a726_4e11_b58c_ccb684b57ec7-5, groupId=Consumer-topic-aa653b34_a726_4e11_b58c_ccb684b57ec7] (Re-)joining group
2025-07-31 18:12:43,145 INFO  [org.apa.kaf.cli.con.int.ConsumerCoordinator] (Thread-624) [Consumer clientId=consumer-Consumer-topic-aa653b34_a726_4e11_b58c_ccb684b57ec7-5, groupId=Consumer-topic-aa653b34_a726_4e11_b58c_ccb684b57ec7] Successfully joined group with generation Generation{generationId=1, memberId='consumer-Consumer-topic-aa653b34_a726_4e11_b58c_ccb684b57ec7-5-b5920545-8abf-4196-8c18-29f0cc81171a', protocol='range'}
2025-07-31 18:12:43,145 INFO  [org.apa.kaf.cli.con.int.ConsumerCoordinator] (Thread-624) [Consumer clientId=consumer-Consumer-topic-aa653b34_a726_4e11_b58c_ccb684b57ec7-5, groupId=Consumer-topic-aa653b34_a726_4e11_b58c_ccb684b57ec7] Finished assignment for group at generation 1: {consumer-Consumer-topic-aa653b34_a726_4e11_b58c_ccb684b57ec7-5-b5920545-8abf-4196-8c18-29f0cc81171a=Assignment(partitions=[topic-aa653b34_a726_4e11_b58c_ccb684b57ec7-0])}
2025-07-31 18:12:43,149 INFO  [org.apa.kaf.cli.con.int.ConsumerCoordinator] (Thread-624) [Consumer clientId=consumer-Consumer-topic-aa653b34_a726_4e11_b58c_ccb684b57ec7-5, groupId=Consumer-topic-aa653b34_a726_4e11_b58c_ccb684b57ec7] Successfully synced group in generation Generation{generationId=1, memberId='consumer-Consumer-topic-aa653b34_a726_4e11_b58c_ccb684b57ec7-5-b5920545-8abf-4196-8c18-29f0cc81171a', protocol='range'}
2025-07-31 18:12:43,149 INFO  [org.apa.kaf.cli.con.int.ConsumerCoordinator] (Thread-624) [Consumer clientId=consumer-Consumer-topic-aa653b34_a726_4e11_b58c_ccb684b57ec7-5, groupId=Consumer-topic-aa653b34_a726_4e11_b58c_ccb684b57ec7] Notifying assignor about the new Assignment(partitions=[topic-aa653b34_a726_4e11_b58c_ccb684b57ec7-0])
2025-07-31 18:12:43,149 INFO  [org.apa.kaf.cli.con.int.ConsumerRebalanceListenerInvoker] (Thread-624) [Consumer clientId=consumer-Consumer-topic-aa653b34_a726_4e11_b58c_ccb684b57ec7-5, groupId=Consumer-topic-aa653b34_a726_4e11_b58c_ccb684b57ec7] Adding newly assigned partitions: topic-aa653b34_a726_4e11_b58c_ccb684b57ec7-0
2025-07-31 18:12:43,150 INFO  [org.apa.kaf.cli.con.int.ConsumerCoordinator] (Thread-624) [Consumer clientId=consumer-Consumer-topic-aa653b34_a726_4e11_b58c_ccb684b57ec7-5, groupId=Consumer-topic-aa653b34_a726_4e11_b58c_ccb684b57ec7] Found no committed offset for partition topic-aa653b34_a726_4e11_b58c_ccb684b57ec7-0
2025-07-31 18:12:43,156 INFO  [org.apa.kaf.cli.con.int.SubscriptionState] (Thread-624) [Consumer clientId=consumer-Consumer-topic-aa653b34_a726_4e11_b58c_ccb684b57ec7-5, groupId=Consumer-topic-aa653b34_a726_4e11_b58c_ccb684b57ec7] Resetting offset for partition topic-aa653b34_a726_4e11_b58c_ccb684b57ec7-0 to position FetchPosition{offset=0, offsetEpoch=Optional.empty, currentLeader=LeaderAndEpoch{leader=Optional[localhost:32770 (id: 0 rack: null)], epoch=0}}.
2025-07-31 18:12:43,212 INFO  [io.api.tes.ser.api.KafkaSerdesTester] (Thread-624) topic-aa653b34_a726_4e11_b58c_ccb684b57ec7 0 0 {"key11753985561964": "value-0"}
2025-07-31 18:12:43,212 INFO  [io.api.tes.ser.api.KafkaSerdesTester] (Thread-624) topic-aa653b34_a726_4e11_b58c_ccb684b57ec7 0 1 {"key11753985561964": "value-1"}
2025-07-31 18:12:43,212 INFO  [io.api.tes.ser.api.KafkaSerdesTester] (Thread-624) topic-aa653b34_a726_4e11_b58c_ccb684b57ec7 0 2 {"key11753985561964": "value-2"}
2025-07-31 18:12:43,212 INFO  [io.api.tes.ser.api.KafkaSerdesTester] (Thread-624) topic-aa653b34_a726_4e11_b58c_ccb684b57ec7 0 3 {"key11753985561964": "value-3"}
2025-07-31 18:12:43,212 INFO  [io.api.tes.ser.api.KafkaSerdesTester] (Thread-624) topic-aa653b34_a726_4e11_b58c_ccb684b57ec7 0 4 {"key11753985561964": "value-4"}
2025-07-31 18:12:43,212 INFO  [io.api.tes.ser.api.KafkaSerdesTester] (Thread-624) topic-aa653b34_a726_4e11_b58c_ccb684b57ec7 0 5 {"key11753985561964": "value-5"}
2025-07-31 18:12:43,213 INFO  [io.api.tes.ser.api.KafkaSerdesTester] (Thread-624) topic-aa653b34_a726_4e11_b58c_ccb684b57ec7 0 6 {"key11753985561964": "value-6"}
2025-07-31 18:12:43,213 INFO  [io.api.tes.ser.api.KafkaSerdesTester] (Thread-624) topic-aa653b34_a726_4e11_b58c_ccb684b57ec7 0 7 {"key11753985561964": "value-7"}
2025-07-31 18:12:43,214 INFO  [io.api.tes.ser.api.KafkaSerdesTester] (Thread-624) topic-aa653b34_a726_4e11_b58c_ccb684b57ec7 0 8 {"key11753985561964": "value-8"}
2025-07-31 18:12:43,214 INFO  [io.api.tes.ser.api.KafkaSerdesTester] (Thread-624) topic-aa653b34_a726_4e11_b58c_ccb684b57ec7 0 9 {"key11753985561964": "value-9"}
2025-07-31 18:12:43,214 INFO  [io.api.tes.ser.api.KafkaSerdesTester] (Thread-624) Consumed 10 messages
2025-07-31 18:12:43,218 INFO  [org.apa.kaf.cli.con.int.ConsumerRebalanceListenerInvoker] (Thread-624) [Consumer clientId=consumer-Consumer-topic-aa653b34_a726_4e11_b58c_ccb684b57ec7-5, groupId=Consumer-topic-aa653b34_a726_4e11_b58c_ccb684b57ec7] Revoke previously assigned partitions topic-aa653b34_a726_4e11_b58c_ccb684b57ec7-0
2025-07-31 18:12:43,218 INFO  [org.apa.kaf.cli.con.int.ConsumerCoordinator] (Thread-624) [Consumer clientId=consumer-Consumer-topic-aa653b34_a726_4e11_b58c_ccb684b57ec7-5, groupId=Consumer-topic-aa653b34_a726_4e11_b58c_ccb684b57ec7] Member consumer-Consumer-topic-aa653b34_a726_4e11_b58c_ccb684b57ec7-5-b5920545-8abf-4196-8c18-29f0cc81171a sending LeaveGroup request to coordinator localhost:32770 (id: 2147483647 rack: null) due to the consumer is being closed
2025-07-31 18:12:43,220 INFO  [org.apa.kaf.cli.con.int.ConsumerCoordinator] (Thread-624) [Consumer clientId=consumer-Consumer-topic-aa653b34_a726_4e11_b58c_ccb684b57ec7-5, groupId=Consumer-topic-aa653b34_a726_4e11_b58c_ccb684b57ec7] Resetting generation and member id due to: consumer pro-actively leaving the group
2025-07-31 18:12:43,220 INFO  [org.apa.kaf.cli.con.int.ConsumerCoordinator] (Thread-624) [Consumer clientId=consumer-Consumer-topic-aa653b34_a726_4e11_b58c_ccb684b57ec7-5, groupId=Consumer-topic-aa653b34_a726_4e11_b58c_ccb684b57ec7] Request joining group due to: consumer pro-actively leaving the group
2025-07-31 18:12:43,715 INFO  [org.apa.kaf.com.met.Metrics] (Thread-624) Metrics scheduler closed
2025-07-31 18:12:43,715 INFO  [org.apa.kaf.com.met.Metrics] (Thread-624) Closing reporter org.apache.kafka.common.metrics.JmxReporter
2025-07-31 18:12:43,715 INFO  [org.apa.kaf.com.met.Metrics] (Thread-624) Closing reporter org.apache.kafka.common.telemetry.internals.ClientTelemetryReporter
2025-07-31 18:12:43,715 INFO  [org.apa.kaf.com.met.Metrics] (Thread-624) Metrics reporters closed
2025-07-31 18:12:43,721 INFO  [org.apa.kaf.com.uti.AppInfoParser] (Thread-624) App info kafka.consumer for consumer-Consumer-topic-aa653b34_a726_4e11_b58c_ccb684b57ec7-5 unregistered
2025-07-31 18:12:43,723 INFO  [io.api.tes.uti.TestSeparator] (main) io.apicurio.tests.serdes.apicurio.AvroSerdeIT.testRecordIdStrategydFindLatest-FINISHED
2025-07-31 18:12:43,723 INFO  [io.api.tes.uti.TestSeparator] (main) ############################################################################
Test passed: testRecordIdStrategydFindLatest
]]></system-out>
  </testcase>
  <testcase name="testReflectAutoRegister" classname="io.apicurio.tests.serdes.apicurio.AvroSerdeIT" time="0.87">
    <system-out><![CDATA[2025-07-31 18:12:43,726 INFO  [io.api.tes.uti.TestSeparator] (main) ############################################################################
2025-07-31 18:12:43,726 INFO  [io.api.tes.uti.TestSeparator] (main) io.apicurio.tests.serdes.apicurio.AvroSerdeIT.testReflectAutoRegister-STARTED
**** Registry Base URL: http://registry-app-inmemory.apps.ci419.apicurio-testing.org:80
2025-07-31 18:12:43,733 INFO  [org.apa.kaf.cli.pro.ProducerConfig] (main) ProducerConfig values: 
	acks = -1
	auto.include.jmx.reporter = true
	batch.size = 16384
	bootstrap.servers = [PLAINTEXT://localhost:32770]
	buffer.memory = 33554432
	client.dns.lookup = use_all_dns_ips
	client.id = Producer-topic-02ee9ff4_8320_4eac_a9e3_fa89cdab0337
	compression.gzip.level = -1
	compression.lz4.level = 9
	compression.type = none
	compression.zstd.level = 3
	connections.max.idle.ms = 10000
	delivery.timeout.ms = 120000
	enable.idempotence = true
	enable.metrics.push = true
	interceptor.classes = []
	key.serializer = class org.apache.kafka.common.serialization.StringSerializer
	linger.ms = 0
	max.block.ms = 60000
	max.in.flight.requests.per.connection = 5
	max.request.size = 1048576
	metadata.max.age.ms = 300000
	metadata.max.idle.ms = 300000
	metadata.recovery.strategy = none
	metric.reporters = []
	metrics.num.samples = 2
	metrics.recording.level = INFO
	metrics.sample.window.ms = 30000
	partitioner.adaptive.partitioning.enable = true
	partitioner.availability.timeout.ms = 0
	partitioner.class = null
	partitioner.ignore.keys = false
	receive.buffer.bytes = 32768
	reconnect.backoff.max.ms = 1000
	reconnect.backoff.ms = 50
	request.timeout.ms = 5000
	retries = 2147483647
	retry.backoff.max.ms = 1000
	retry.backoff.ms = 100
	sasl.client.callback.handler.class = null
	sasl.jaas.config = null
	sasl.kerberos.kinit.cmd = /usr/bin/kinit
	sasl.kerberos.min.time.before.relogin = 60000
	sasl.kerberos.service.name = null
	sasl.kerberos.ticket.renew.jitter = 0.05
	sasl.kerberos.ticket.renew.window.factor = 0.8
	sasl.login.callback.handler.class = null
	sasl.login.class = null
	sasl.login.connect.timeout.ms = null
	sasl.login.read.timeout.ms = null
	sasl.login.refresh.buffer.seconds = 300
	sasl.login.refresh.min.period.seconds = 60
	sasl.login.refresh.window.factor = 0.8
	sasl.login.refresh.window.jitter = 0.05
	sasl.login.retry.backoff.max.ms = 10000
	sasl.login.retry.backoff.ms = 100
	sasl.mechanism = GSSAPI
	sasl.oauthbearer.clock.skew.seconds = 30
	sasl.oauthbearer.expected.audience = null
	sasl.oauthbearer.expected.issuer = null
	sasl.oauthbearer.header.urlencode = false
	sasl.oauthbearer.jwks.endpoint.refresh.ms = 3600000
	sasl.oauthbearer.jwks.endpoint.retry.backoff.max.ms = 10000
	sasl.oauthbearer.jwks.endpoint.retry.backoff.ms = 100
	sasl.oauthbearer.jwks.endpoint.url = null
	sasl.oauthbearer.scope.claim.name = scope
	sasl.oauthbearer.sub.claim.name = sub
	sasl.oauthbearer.token.endpoint.url = null
	security.protocol = PLAINTEXT
	security.providers = null
	send.buffer.bytes = 131072
	socket.connection.setup.timeout.max.ms = 30000
	socket.connection.setup.timeout.ms = 10000
	ssl.cipher.suites = null
	ssl.enabled.protocols = [TLSv1.2, TLSv1.3]
	ssl.endpoint.identification.algorithm = https
	ssl.engine.factory.class = null
	ssl.key.password = null
	ssl.keymanager.algorithm = SunX509
	ssl.keystore.certificate.chain = null
	ssl.keystore.key = null
	ssl.keystore.location = null
	ssl.keystore.password = null
	ssl.keystore.type = JKS
	ssl.protocol = TLSv1.3
	ssl.provider = null
	ssl.secure.random.implementation = null
	ssl.trustmanager.algorithm = PKIX
	ssl.truststore.certificates = null
	ssl.truststore.location = null
	ssl.truststore.password = null
	ssl.truststore.type = JKS
	transaction.timeout.ms = 60000
	transactional.id = null
	value.serializer = class io.apicurio.registry.serde.avro.AvroKafkaSerializer

2025-07-31 18:12:43,734 INFO  [org.apa.kaf.com.tel.int.KafkaMetricsCollector] (main) initializing Kafka metrics collector
2025-07-31 18:12:43,761 INFO  [org.apa.kaf.cli.pro.KafkaProducer] (main) [Producer clientId=Producer-topic-02ee9ff4_8320_4eac_a9e3_fa89cdab0337] Instantiated an idempotent producer.
2025-07-31 18:12:43,764 INFO  [org.apa.kaf.cli.pro.ProducerConfig] (main) These configurations '[apicurio.registry.url, apicurio.registry.auto-register, apicurio.registry.artifact-resolver-strategy, apicurio.registry.avro-datum-provider]' were supplied but are not used yet.
2025-07-31 18:12:43,764 INFO  [org.apa.kaf.com.uti.AppInfoParser] (main) Kafka version: 3.9.1
2025-07-31 18:12:43,764 INFO  [org.apa.kaf.com.uti.AppInfoParser] (main) Kafka commitId: f745dfdcee2b9851
2025-07-31 18:12:43,764 INFO  [org.apa.kaf.com.uti.AppInfoParser] (main) Kafka startTimeMs: 1753985563764
2025-07-31 18:12:43,764 INFO  [io.api.tes.ser.api.SimpleSerdesTesterBuilder$SimpleSerdesTester] (main) Using producer configuration: {apicurio.registry.url=http://registry-app-inmemory.apps.ci419.apicurio-testing.org:80/apis/registry/v3, apicurio.registry.auto-register=true, apicurio.registry.artifact-resolver-strategy=io.apicurio.registry.serde.strategy.TopicIdStrategy, value.serializer=io.apicurio.registry.serde.avro.AvroKafkaSerializer, request.timeout.ms=5000, acks=all, bootstrap.servers=PLAINTEXT://localhost:32770, connections.max.idle.ms=10000, key.serializer=org.apache.kafka.common.serialization.StringSerializer, apicurio.registry.avro-datum-provider=io.apicurio.registry.serde.avro.ReflectAvroDatumProvider, client.id=Producer-topic-02ee9ff4_8320_4eac_a9e3_fa89cdab0337}
2025-07-31 18:12:43,764 INFO  [io.api.tes.ser.api.SimpleSerdesTesterBuilder$SimpleSerdesTester] (main) Using consumer configuration: {apicurio.registry.avro-datum-provider=io.apicurio.registry.serde.avro.ReflectAvroDatumProvider}
2025-07-31 18:12:43,766 INFO  [io.api.tes.ser.api.KafkaSerdesTester] (Thread-627) Sending message io.apicurio.tests.common.serdes.TestObject@3dbd29cb to topic topic-02ee9ff4_8320_4eac_a9e3_fa89cdab0337
2025-07-31 18:12:43,774 WARN  [org.apa.kaf.cli.NetworkClient] (kafka-producer-network-thread | Producer-topic-02ee9ff4_8320_4eac_a9e3_fa89cdab0337) [Producer clientId=Producer-topic-02ee9ff4_8320_4eac_a9e3_fa89cdab0337] The metadata response from the cluster reported a recoverable issue with correlation id 2 : {topic-02ee9ff4_8320_4eac_a9e3_fa89cdab0337=LEADER_NOT_AVAILABLE}
2025-07-31 18:12:43,775 INFO  [org.apa.kaf.cli.Metadata] (kafka-producer-network-thread | Producer-topic-02ee9ff4_8320_4eac_a9e3_fa89cdab0337) [Producer clientId=Producer-topic-02ee9ff4_8320_4eac_a9e3_fa89cdab0337] Cluster ID: Pi_RUBSBSj-WuHInrGEQ6g
2025-07-31 18:12:43,777 INFO  [org.apa.kaf.cli.pro.int.TransactionManager] (kafka-producer-network-thread | Producer-topic-02ee9ff4_8320_4eac_a9e3_fa89cdab0337) [Producer clientId=Producer-topic-02ee9ff4_8320_4eac_a9e3_fa89cdab0337] ProducerId set to 6 with epoch 0
2025-07-31 18:12:43,942 INFO  [io.api.tes.ser.api.KafkaSerdesTester] (Thread-627) Sending message io.apicurio.tests.common.serdes.TestObject@3dbd29cb to topic topic-02ee9ff4_8320_4eac_a9e3_fa89cdab0337
2025-07-31 18:12:43,944 INFO  [io.api.tes.ser.api.KafkaSerdesTester] (Thread-627) Sending message io.apicurio.tests.common.serdes.TestObject@3dbd29cb to topic topic-02ee9ff4_8320_4eac_a9e3_fa89cdab0337
2025-07-31 18:12:43,946 INFO  [io.api.tes.ser.api.KafkaSerdesTester] (Thread-627) Sending message io.apicurio.tests.common.serdes.TestObject@3dbd29cb to topic topic-02ee9ff4_8320_4eac_a9e3_fa89cdab0337
2025-07-31 18:12:43,949 INFO  [io.api.tes.ser.api.KafkaSerdesTester] (Thread-627) Sending message io.apicurio.tests.common.serdes.TestObject@3dbd29cb to topic topic-02ee9ff4_8320_4eac_a9e3_fa89cdab0337
2025-07-31 18:12:43,951 INFO  [io.api.tes.ser.api.KafkaSerdesTester] (Thread-627) Sending message io.apicurio.tests.common.serdes.TestObject@3dbd29cb to topic topic-02ee9ff4_8320_4eac_a9e3_fa89cdab0337
2025-07-31 18:12:43,954 INFO  [io.api.tes.ser.api.KafkaSerdesTester] (Thread-627) Sending message io.apicurio.tests.common.serdes.TestObject@3dbd29cb to topic topic-02ee9ff4_8320_4eac_a9e3_fa89cdab0337
2025-07-31 18:12:43,956 INFO  [io.api.tes.ser.api.KafkaSerdesTester] (Thread-627) Sending message io.apicurio.tests.common.serdes.TestObject@3dbd29cb to topic topic-02ee9ff4_8320_4eac_a9e3_fa89cdab0337
2025-07-31 18:12:43,960 INFO  [io.api.tes.ser.api.KafkaSerdesTester] (Thread-627) Sending message io.apicurio.tests.common.serdes.TestObject@3dbd29cb to topic topic-02ee9ff4_8320_4eac_a9e3_fa89cdab0337
2025-07-31 18:12:43,965 INFO  [io.api.tes.ser.api.KafkaSerdesTester] (Thread-627) Sending message io.apicurio.tests.common.serdes.TestObject@3dbd29cb to topic topic-02ee9ff4_8320_4eac_a9e3_fa89cdab0337
2025-07-31 18:12:43,967 INFO  [io.api.tes.ser.api.KafkaSerdesTester] (Thread-627) Produced 10 messages
2025-07-31 18:12:43,967 INFO  [org.apa.kaf.cli.pro.KafkaProducer] (Thread-627) [Producer clientId=Producer-topic-02ee9ff4_8320_4eac_a9e3_fa89cdab0337] Closing the Kafka producer with timeoutMillis = 9223372036854775807 ms.
2025-07-31 18:12:43,972 INFO  [org.apa.kaf.com.met.Metrics] (Thread-627) Metrics scheduler closed
2025-07-31 18:12:43,972 INFO  [org.apa.kaf.com.met.Metrics] (Thread-627) Closing reporter org.apache.kafka.common.metrics.JmxReporter
2025-07-31 18:12:43,972 INFO  [org.apa.kaf.com.met.Metrics] (Thread-627) Closing reporter org.apache.kafka.common.telemetry.internals.ClientTelemetryReporter
2025-07-31 18:12:43,973 INFO  [org.apa.kaf.com.met.Metrics] (Thread-627) Metrics reporters closed
2025-07-31 18:12:43,973 INFO  [org.apa.kaf.com.uti.AppInfoParser] (Thread-627) App info kafka.producer for Producer-topic-02ee9ff4_8320_4eac_a9e3_fa89cdab0337 unregistered
**** Registry Base URL: http://registry-app-inmemory.apps.ci419.apicurio-testing.org:80
2025-07-31 18:12:43,999 INFO  [org.apa.kaf.cli.con.ConsumerConfig] (main) ConsumerConfig values: 
	allow.auto.create.topics = true
	auto.commit.interval.ms = 500
	auto.include.jmx.reporter = true
	auto.offset.reset = earliest
	bootstrap.servers = [PLAINTEXT://localhost:32770]
	check.crcs = true
	client.dns.lookup = use_all_dns_ips
	client.id = consumer-Consumer-topic-02ee9ff4_8320_4eac_a9e3_fa89cdab0337-6
	client.rack = 
	connections.max.idle.ms = 10000
	default.api.timeout.ms = 60000
	enable.auto.commit = true
	enable.metrics.push = true
	exclude.internal.topics = true
	fetch.max.bytes = 52428800
	fetch.max.wait.ms = 500
	fetch.min.bytes = 1
	group.id = Consumer-topic-02ee9ff4_8320_4eac_a9e3_fa89cdab0337
	group.instance.id = null
	group.protocol = classic
	group.remote.assignor = null
	heartbeat.interval.ms = 3000
	interceptor.classes = []
	internal.leave.group.on.close = true
	internal.throw.on.fetch.stable.offset.unsupported = false
	isolation.level = read_uncommitted
	key.deserializer = class org.apache.kafka.common.serialization.StringDeserializer
	max.partition.fetch.bytes = 1048576
	max.poll.interval.ms = 300000
	max.poll.records = 500
	metadata.max.age.ms = 300000
	metadata.recovery.strategy = none
	metric.reporters = []
	metrics.num.samples = 2
	metrics.recording.level = INFO
	metrics.sample.window.ms = 30000
	partition.assignment.strategy = [class org.apache.kafka.clients.consumer.RangeAssignor, class org.apache.kafka.clients.consumer.CooperativeStickyAssignor]
	receive.buffer.bytes = 65536
	reconnect.backoff.max.ms = 1000
	reconnect.backoff.ms = 50
	request.timeout.ms = 5000
	retry.backoff.max.ms = 1000
	retry.backoff.ms = 100
	sasl.client.callback.handler.class = null
	sasl.jaas.config = null
	sasl.kerberos.kinit.cmd = /usr/bin/kinit
	sasl.kerberos.min.time.before.relogin = 60000
	sasl.kerberos.service.name = null
	sasl.kerberos.ticket.renew.jitter = 0.05
	sasl.kerberos.ticket.renew.window.factor = 0.8
	sasl.login.callback.handler.class = null
	sasl.login.class = null
	sasl.login.connect.timeout.ms = null
	sasl.login.read.timeout.ms = null
	sasl.login.refresh.buffer.seconds = 300
	sasl.login.refresh.min.period.seconds = 60
	sasl.login.refresh.window.factor = 0.8
	sasl.login.refresh.window.jitter = 0.05
	sasl.login.retry.backoff.max.ms = 10000
	sasl.login.retry.backoff.ms = 100
	sasl.mechanism = GSSAPI
	sasl.oauthbearer.clock.skew.seconds = 30
	sasl.oauthbearer.expected.audience = null
	sasl.oauthbearer.expected.issuer = null
	sasl.oauthbearer.header.urlencode = false
	sasl.oauthbearer.jwks.endpoint.refresh.ms = 3600000
	sasl.oauthbearer.jwks.endpoint.retry.backoff.max.ms = 10000
	sasl.oauthbearer.jwks.endpoint.retry.backoff.ms = 100
	sasl.oauthbearer.jwks.endpoint.url = null
	sasl.oauthbearer.scope.claim.name = scope
	sasl.oauthbearer.sub.claim.name = sub
	sasl.oauthbearer.token.endpoint.url = null
	security.protocol = PLAINTEXT
	security.providers = null
	send.buffer.bytes = 131072
	session.timeout.ms = 45000
	socket.connection.setup.timeout.max.ms = 30000
	socket.connection.setup.timeout.ms = 10000
	ssl.cipher.suites = null
	ssl.enabled.protocols = [TLSv1.2, TLSv1.3]
	ssl.endpoint.identification.algorithm = https
	ssl.engine.factory.class = null
	ssl.key.password = null
	ssl.keymanager.algorithm = SunX509
	ssl.keystore.certificate.chain = null
	ssl.keystore.key = null
	ssl.keystore.location = null
	ssl.keystore.password = null
	ssl.keystore.type = JKS
	ssl.protocol = TLSv1.3
	ssl.provider = null
	ssl.secure.random.implementation = null
	ssl.trustmanager.algorithm = PKIX
	ssl.truststore.certificates = null
	ssl.truststore.location = null
	ssl.truststore.password = null
	ssl.truststore.type = JKS
	value.deserializer = class io.apicurio.registry.serde.avro.AvroKafkaDeserializer

2025-07-31 18:12:43,999 INFO  [org.apa.kaf.com.tel.int.KafkaMetricsCollector] (main) initializing Kafka metrics collector
2025-07-31 18:12:44,006 INFO  [org.apa.kaf.cli.con.ConsumerConfig] (main) These configurations '[apicurio.registry.url, apicurio.registry.avro-datum-provider]' were supplied but are not used yet.
2025-07-31 18:12:44,006 INFO  [org.apa.kaf.com.uti.AppInfoParser] (main) Kafka version: 3.9.1
2025-07-31 18:12:44,006 INFO  [org.apa.kaf.com.uti.AppInfoParser] (main) Kafka commitId: f745dfdcee2b9851
2025-07-31 18:12:44,006 INFO  [org.apa.kaf.com.uti.AppInfoParser] (main) Kafka startTimeMs: 1753985564006
2025-07-31 18:12:44,006 INFO  [org.apa.kaf.cli.con.int.ClassicKafkaConsumer] (Thread-630) [Consumer clientId=consumer-Consumer-topic-02ee9ff4_8320_4eac_a9e3_fa89cdab0337-6, groupId=Consumer-topic-02ee9ff4_8320_4eac_a9e3_fa89cdab0337] Subscribed to topic(s): topic-02ee9ff4_8320_4eac_a9e3_fa89cdab0337
2025-07-31 18:12:44,017 INFO  [org.apa.kaf.cli.Metadata] (Thread-630) [Consumer clientId=consumer-Consumer-topic-02ee9ff4_8320_4eac_a9e3_fa89cdab0337-6, groupId=Consumer-topic-02ee9ff4_8320_4eac_a9e3_fa89cdab0337] Cluster ID: Pi_RUBSBSj-WuHInrGEQ6g
2025-07-31 18:12:44,017 INFO  [org.apa.kaf.cli.con.int.ConsumerCoordinator] (Thread-630) [Consumer clientId=consumer-Consumer-topic-02ee9ff4_8320_4eac_a9e3_fa89cdab0337-6, groupId=Consumer-topic-02ee9ff4_8320_4eac_a9e3_fa89cdab0337] Discovered group coordinator localhost:32770 (id: 2147483647 rack: null)
2025-07-31 18:12:44,018 INFO  [org.apa.kaf.cli.con.int.ConsumerCoordinator] (Thread-630) [Consumer clientId=consumer-Consumer-topic-02ee9ff4_8320_4eac_a9e3_fa89cdab0337-6, groupId=Consumer-topic-02ee9ff4_8320_4eac_a9e3_fa89cdab0337] (Re-)joining group
2025-07-31 18:12:44,023 INFO  [org.apa.kaf.cli.con.int.ConsumerCoordinator] (Thread-630) [Consumer clientId=consumer-Consumer-topic-02ee9ff4_8320_4eac_a9e3_fa89cdab0337-6, groupId=Consumer-topic-02ee9ff4_8320_4eac_a9e3_fa89cdab0337] Request joining group due to: need to re-join with the given member-id: consumer-Consumer-topic-02ee9ff4_8320_4eac_a9e3_fa89cdab0337-6-929efaf9-ff26-4441-8228-1699d141bfe5
2025-07-31 18:12:44,024 INFO  [org.apa.kaf.cli.con.int.ConsumerCoordinator] (Thread-630) [Consumer clientId=consumer-Consumer-topic-02ee9ff4_8320_4eac_a9e3_fa89cdab0337-6, groupId=Consumer-topic-02ee9ff4_8320_4eac_a9e3_fa89cdab0337] (Re-)joining group
2025-07-31 18:12:44,032 INFO  [org.apa.kaf.cli.con.int.ConsumerCoordinator] (Thread-630) [Consumer clientId=consumer-Consumer-topic-02ee9ff4_8320_4eac_a9e3_fa89cdab0337-6, groupId=Consumer-topic-02ee9ff4_8320_4eac_a9e3_fa89cdab0337] Successfully joined group with generation Generation{generationId=1, memberId='consumer-Consumer-topic-02ee9ff4_8320_4eac_a9e3_fa89cdab0337-6-929efaf9-ff26-4441-8228-1699d141bfe5', protocol='range'}
2025-07-31 18:12:44,032 INFO  [org.apa.kaf.cli.con.int.ConsumerCoordinator] (Thread-630) [Consumer clientId=consumer-Consumer-topic-02ee9ff4_8320_4eac_a9e3_fa89cdab0337-6, groupId=Consumer-topic-02ee9ff4_8320_4eac_a9e3_fa89cdab0337] Finished assignment for group at generation 1: {consumer-Consumer-topic-02ee9ff4_8320_4eac_a9e3_fa89cdab0337-6-929efaf9-ff26-4441-8228-1699d141bfe5=Assignment(partitions=[topic-02ee9ff4_8320_4eac_a9e3_fa89cdab0337-0])}
2025-07-31 18:12:44,038 INFO  [org.apa.kaf.cli.con.int.ConsumerCoordinator] (Thread-630) [Consumer clientId=consumer-Consumer-topic-02ee9ff4_8320_4eac_a9e3_fa89cdab0337-6, groupId=Consumer-topic-02ee9ff4_8320_4eac_a9e3_fa89cdab0337] Successfully synced group in generation Generation{generationId=1, memberId='consumer-Consumer-topic-02ee9ff4_8320_4eac_a9e3_fa89cdab0337-6-929efaf9-ff26-4441-8228-1699d141bfe5', protocol='range'}
2025-07-31 18:12:44,039 INFO  [org.apa.kaf.cli.con.int.ConsumerCoordinator] (Thread-630) [Consumer clientId=consumer-Consumer-topic-02ee9ff4_8320_4eac_a9e3_fa89cdab0337-6, groupId=Consumer-topic-02ee9ff4_8320_4eac_a9e3_fa89cdab0337] Notifying assignor about the new Assignment(partitions=[topic-02ee9ff4_8320_4eac_a9e3_fa89cdab0337-0])
2025-07-31 18:12:44,039 INFO  [org.apa.kaf.cli.con.int.ConsumerRebalanceListenerInvoker] (Thread-630) [Consumer clientId=consumer-Consumer-topic-02ee9ff4_8320_4eac_a9e3_fa89cdab0337-6, groupId=Consumer-topic-02ee9ff4_8320_4eac_a9e3_fa89cdab0337] Adding newly assigned partitions: topic-02ee9ff4_8320_4eac_a9e3_fa89cdab0337-0
2025-07-31 18:12:44,040 INFO  [org.apa.kaf.cli.con.int.ConsumerCoordinator] (Thread-630) [Consumer clientId=consumer-Consumer-topic-02ee9ff4_8320_4eac_a9e3_fa89cdab0337-6, groupId=Consumer-topic-02ee9ff4_8320_4eac_a9e3_fa89cdab0337] Found no committed offset for partition topic-02ee9ff4_8320_4eac_a9e3_fa89cdab0337-0
2025-07-31 18:12:44,046 INFO  [org.apa.kaf.cli.con.int.SubscriptionState] (Thread-630) [Consumer clientId=consumer-Consumer-topic-02ee9ff4_8320_4eac_a9e3_fa89cdab0337-6, groupId=Consumer-topic-02ee9ff4_8320_4eac_a9e3_fa89cdab0337] Resetting offset for partition topic-02ee9ff4_8320_4eac_a9e3_fa89cdab0337-0 to position FetchPosition{offset=0, offsetEpoch=Optional.empty, currentLeader=LeaderAndEpoch{leader=Optional[localhost:32770 (id: 0 rack: null)], epoch=0}}.
2025-07-31 18:12:44,085 INFO  [io.api.tes.ser.api.KafkaSerdesTester] (Thread-630) topic-02ee9ff4_8320_4eac_a9e3_fa89cdab0337 0 0 io.apicurio.tests.common.serdes.TestObject@3dbd29cb
2025-07-31 18:12:44,085 INFO  [io.api.tes.ser.api.KafkaSerdesTester] (Thread-630) topic-02ee9ff4_8320_4eac_a9e3_fa89cdab0337 0 1 io.apicurio.tests.common.serdes.TestObject@3dbd29cb
2025-07-31 18:12:44,085 INFO  [io.api.tes.ser.api.KafkaSerdesTester] (Thread-630) topic-02ee9ff4_8320_4eac_a9e3_fa89cdab0337 0 2 io.apicurio.tests.common.serdes.TestObject@3dbd29cb
2025-07-31 18:12:44,085 INFO  [io.api.tes.ser.api.KafkaSerdesTester] (Thread-630) topic-02ee9ff4_8320_4eac_a9e3_fa89cdab0337 0 3 io.apicurio.tests.common.serdes.TestObject@3dbd29cb
2025-07-31 18:12:44,085 INFO  [io.api.tes.ser.api.KafkaSerdesTester] (Thread-630) topic-02ee9ff4_8320_4eac_a9e3_fa89cdab0337 0 4 io.apicurio.tests.common.serdes.TestObject@3dbd29cb
2025-07-31 18:12:44,085 INFO  [io.api.tes.ser.api.KafkaSerdesTester] (Thread-630) topic-02ee9ff4_8320_4eac_a9e3_fa89cdab0337 0 5 io.apicurio.tests.common.serdes.TestObject@3dbd29cb
2025-07-31 18:12:44,085 INFO  [io.api.tes.ser.api.KafkaSerdesTester] (Thread-630) topic-02ee9ff4_8320_4eac_a9e3_fa89cdab0337 0 6 io.apicurio.tests.common.serdes.TestObject@3dbd29cb
2025-07-31 18:12:44,086 INFO  [io.api.tes.ser.api.KafkaSerdesTester] (Thread-630) topic-02ee9ff4_8320_4eac_a9e3_fa89cdab0337 0 7 io.apicurio.tests.common.serdes.TestObject@3dbd29cb
2025-07-31 18:12:44,086 INFO  [io.api.tes.ser.api.KafkaSerdesTester] (Thread-630) topic-02ee9ff4_8320_4eac_a9e3_fa89cdab0337 0 8 io.apicurio.tests.common.serdes.TestObject@3dbd29cb
2025-07-31 18:12:44,086 INFO  [io.api.tes.ser.api.KafkaSerdesTester] (Thread-630) topic-02ee9ff4_8320_4eac_a9e3_fa89cdab0337 0 9 io.apicurio.tests.common.serdes.TestObject@3dbd29cb
2025-07-31 18:12:44,086 INFO  [io.api.tes.ser.api.KafkaSerdesTester] (Thread-630) Consumed 10 messages
2025-07-31 18:12:44,089 INFO  [org.apa.kaf.cli.con.int.ConsumerRebalanceListenerInvoker] (Thread-630) [Consumer clientId=consumer-Consumer-topic-02ee9ff4_8320_4eac_a9e3_fa89cdab0337-6, groupId=Consumer-topic-02ee9ff4_8320_4eac_a9e3_fa89cdab0337] Revoke previously assigned partitions topic-02ee9ff4_8320_4eac_a9e3_fa89cdab0337-0
2025-07-31 18:12:44,090 INFO  [org.apa.kaf.cli.con.int.ConsumerCoordinator] (Thread-630) [Consumer clientId=consumer-Consumer-topic-02ee9ff4_8320_4eac_a9e3_fa89cdab0337-6, groupId=Consumer-topic-02ee9ff4_8320_4eac_a9e3_fa89cdab0337] Member consumer-Consumer-topic-02ee9ff4_8320_4eac_a9e3_fa89cdab0337-6-929efaf9-ff26-4441-8228-1699d141bfe5 sending LeaveGroup request to coordinator localhost:32770 (id: 2147483647 rack: null) due to the consumer is being closed
2025-07-31 18:12:44,090 INFO  [org.apa.kaf.cli.con.int.ConsumerCoordinator] (Thread-630) [Consumer clientId=consumer-Consumer-topic-02ee9ff4_8320_4eac_a9e3_fa89cdab0337-6, groupId=Consumer-topic-02ee9ff4_8320_4eac_a9e3_fa89cdab0337] Resetting generation and member id due to: consumer pro-actively leaving the group
2025-07-31 18:12:44,090 INFO  [org.apa.kaf.cli.con.int.ConsumerCoordinator] (Thread-630) [Consumer clientId=consumer-Consumer-topic-02ee9ff4_8320_4eac_a9e3_fa89cdab0337-6, groupId=Consumer-topic-02ee9ff4_8320_4eac_a9e3_fa89cdab0337] Request joining group due to: consumer pro-actively leaving the group
2025-07-31 18:12:44,589 INFO  [org.apa.kaf.com.met.Metrics] (Thread-630) Metrics scheduler closed
2025-07-31 18:12:44,590 INFO  [org.apa.kaf.com.met.Metrics] (Thread-630) Closing reporter org.apache.kafka.common.metrics.JmxReporter
2025-07-31 18:12:44,590 INFO  [org.apa.kaf.com.met.Metrics] (Thread-630) Closing reporter org.apache.kafka.common.telemetry.internals.ClientTelemetryReporter
2025-07-31 18:12:44,590 INFO  [org.apa.kaf.com.met.Metrics] (Thread-630) Metrics reporters closed
2025-07-31 18:12:44,593 INFO  [org.apa.kaf.com.uti.AppInfoParser] (Thread-630) App info kafka.consumer for consumer-Consumer-topic-02ee9ff4_8320_4eac_a9e3_fa89cdab0337-6 unregistered
2025-07-31 18:12:44,594 INFO  [io.api.tes.uti.TestSeparator] (main) io.apicurio.tests.serdes.apicurio.AvroSerdeIT.testReflectAutoRegister-FINISHED
2025-07-31 18:12:44,594 INFO  [io.api.tes.uti.TestSeparator] (main) ############################################################################
Test passed: testReflectAutoRegister
]]></system-out>
  </testcase>
  <testcase name="testArtifactNotFound" classname="io.apicurio.tests.serdes.apicurio.AvroSerdeIT" time="0.237">
    <system-out><![CDATA[2025-07-31 18:12:44,599 INFO  [io.api.tes.uti.TestSeparator] (main) ############################################################################
2025-07-31 18:12:44,599 INFO  [io.api.tes.uti.TestSeparator] (main) io.apicurio.tests.serdes.apicurio.AvroSerdeIT.testArtifactNotFound-STARTED
**** Registry Base URL: http://registry-app-inmemory.apps.ci419.apicurio-testing.org:80
2025-07-31 18:12:44,600 INFO  [org.apa.kaf.cli.pro.ProducerConfig] (main) ProducerConfig values: 
	acks = -1
	auto.include.jmx.reporter = true
	batch.size = 16384
	bootstrap.servers = [PLAINTEXT://localhost:32770]
	buffer.memory = 33554432
	client.dns.lookup = use_all_dns_ips
	client.id = Producer-s7f412537x2fb0x4340xb902x15541b2df6b1
	compression.gzip.level = -1
	compression.lz4.level = 9
	compression.type = none
	compression.zstd.level = 3
	connections.max.idle.ms = 10000
	delivery.timeout.ms = 120000
	enable.idempotence = true
	enable.metrics.push = true
	interceptor.classes = []
	key.serializer = class org.apache.kafka.common.serialization.StringSerializer
	linger.ms = 0
	max.block.ms = 60000
	max.in.flight.requests.per.connection = 5
	max.request.size = 1048576
	metadata.max.age.ms = 300000
	metadata.max.idle.ms = 300000
	metadata.recovery.strategy = none
	metric.reporters = []
	metrics.num.samples = 2
	metrics.recording.level = INFO
	metrics.sample.window.ms = 30000
	partitioner.adaptive.partitioning.enable = true
	partitioner.availability.timeout.ms = 0
	partitioner.class = null
	partitioner.ignore.keys = false
	receive.buffer.bytes = 32768
	reconnect.backoff.max.ms = 1000
	reconnect.backoff.ms = 50
	request.timeout.ms = 5000
	retries = 2147483647
	retry.backoff.max.ms = 1000
	retry.backoff.ms = 100
	sasl.client.callback.handler.class = null
	sasl.jaas.config = null
	sasl.kerberos.kinit.cmd = /usr/bin/kinit
	sasl.kerberos.min.time.before.relogin = 60000
	sasl.kerberos.service.name = null
	sasl.kerberos.ticket.renew.jitter = 0.05
	sasl.kerberos.ticket.renew.window.factor = 0.8
	sasl.login.callback.handler.class = null
	sasl.login.class = null
	sasl.login.connect.timeout.ms = null
	sasl.login.read.timeout.ms = null
	sasl.login.refresh.buffer.seconds = 300
	sasl.login.refresh.min.period.seconds = 60
	sasl.login.refresh.window.factor = 0.8
	sasl.login.refresh.window.jitter = 0.05
	sasl.login.retry.backoff.max.ms = 10000
	sasl.login.retry.backoff.ms = 100
	sasl.mechanism = GSSAPI
	sasl.oauthbearer.clock.skew.seconds = 30
	sasl.oauthbearer.expected.audience = null
	sasl.oauthbearer.expected.issuer = null
	sasl.oauthbearer.header.urlencode = false
	sasl.oauthbearer.jwks.endpoint.refresh.ms = 3600000
	sasl.oauthbearer.jwks.endpoint.retry.backoff.max.ms = 10000
	sasl.oauthbearer.jwks.endpoint.retry.backoff.ms = 100
	sasl.oauthbearer.jwks.endpoint.url = null
	sasl.oauthbearer.scope.claim.name = scope
	sasl.oauthbearer.sub.claim.name = sub
	sasl.oauthbearer.token.endpoint.url = null
	security.protocol = PLAINTEXT
	security.providers = null
	send.buffer.bytes = 131072
	socket.connection.setup.timeout.max.ms = 30000
	socket.connection.setup.timeout.ms = 10000
	ssl.cipher.suites = null
	ssl.enabled.protocols = [TLSv1.2, TLSv1.3]
	ssl.endpoint.identification.algorithm = https
	ssl.engine.factory.class = null
	ssl.key.password = null
	ssl.keymanager.algorithm = SunX509
	ssl.keystore.certificate.chain = null
	ssl.keystore.key = null
	ssl.keystore.location = null
	ssl.keystore.password = null
	ssl.keystore.type = JKS
	ssl.protocol = TLSv1.3
	ssl.provider = null
	ssl.secure.random.implementation = null
	ssl.trustmanager.algorithm = PKIX
	ssl.truststore.certificates = null
	ssl.truststore.location = null
	ssl.truststore.password = null
	ssl.truststore.type = JKS
	transaction.timeout.ms = 60000
	transactional.id = null
	value.serializer = class io.apicurio.registry.serde.avro.AvroKafkaSerializer

2025-07-31 18:12:44,601 INFO  [org.apa.kaf.com.tel.int.KafkaMetricsCollector] (main) initializing Kafka metrics collector
2025-07-31 18:12:44,611 INFO  [org.apa.kaf.cli.pro.KafkaProducer] (main) [Producer clientId=Producer-s7f412537x2fb0x4340xb902x15541b2df6b1] Instantiated an idempotent producer.
2025-07-31 18:12:44,623 INFO  [org.apa.kaf.cli.pro.ProducerConfig] (main) These configurations '[apicurio.registry.url, apicurio.registry.artifact-resolver-strategy]' were supplied but are not used yet.
2025-07-31 18:12:44,623 INFO  [org.apa.kaf.com.uti.AppInfoParser] (main) Kafka version: 3.9.1
2025-07-31 18:12:44,623 INFO  [org.apa.kaf.com.uti.AppInfoParser] (main) Kafka commitId: f745dfdcee2b9851
2025-07-31 18:12:44,623 INFO  [org.apa.kaf.com.uti.AppInfoParser] (main) Kafka startTimeMs: 1753985564623
2025-07-31 18:12:44,632 INFO  [io.api.tes.ser.api.KafkaSerdesTester] (Thread-633) Sending message {"keyB": "value-0"} to topic s7f412537x2fb0x4340xb902x15541b2df6b1
2025-07-31 18:12:44,632 INFO  [org.apa.kaf.cli.Metadata] (kafka-producer-network-thread | Producer-s7f412537x2fb0x4340xb902x15541b2df6b1) [Producer clientId=Producer-s7f412537x2fb0x4340xb902x15541b2df6b1] Cluster ID: Pi_RUBSBSj-WuHInrGEQ6g
2025-07-31 18:12:44,635 INFO  [org.apa.kaf.cli.pro.int.TransactionManager] (kafka-producer-network-thread | Producer-s7f412537x2fb0x4340xb902x15541b2df6b1) [Producer clientId=Producer-s7f412537x2fb0x4340xb902x15541b2df6b1] ProducerId set to 7 with epoch 0
2025-07-31 18:12:44,661 WARN  [org.apa.kaf.cli.NetworkClient] (kafka-producer-network-thread | Producer-s7f412537x2fb0x4340xb902x15541b2df6b1) [Producer clientId=Producer-s7f412537x2fb0x4340xb902x15541b2df6b1] The metadata response from the cluster reported a recoverable issue with correlation id 7 : {s7f412537x2fb0x4340xb902x15541b2df6b1=LEADER_NOT_AVAILABLE}
2025-07-31 18:12:44,781 INFO  [DefaultSchemaResolver] (Thread-633) Retrieving schema content using string: {"type":"record","name":"myrecord","namespace":"mygroup","fields":[{"name":"keyB","type":"string"}]}
2025-07-31 18:12:44,829 INFO  [org.apa.kaf.cli.pro.KafkaProducer] (Thread-633) [Producer clientId=Producer-s7f412537x2fb0x4340xb902x15541b2df6b1] Closing the Kafka producer with timeoutMillis = 9223372036854775807 ms.
2025-07-31 18:12:44,833 INFO  [org.apa.kaf.com.met.Metrics] (Thread-633) Metrics scheduler closed
2025-07-31 18:12:44,833 INFO  [org.apa.kaf.com.met.Metrics] (Thread-633) Closing reporter org.apache.kafka.common.metrics.JmxReporter
2025-07-31 18:12:44,833 INFO  [org.apa.kaf.com.met.Metrics] (Thread-633) Closing reporter org.apache.kafka.common.telemetry.internals.ClientTelemetryReporter
2025-07-31 18:12:44,833 INFO  [org.apa.kaf.com.met.Metrics] (Thread-633) Metrics reporters closed
2025-07-31 18:12:44,833 INFO  [org.apa.kaf.com.uti.AppInfoParser] (Thread-633) App info kafka.producer for Producer-s7f412537x2fb0x4340xb902x15541b2df6b1 unregistered
2025-07-31 18:12:44,834 INFO  [io.api.tes.uti.TestSeparator] (main) io.apicurio.tests.serdes.apicurio.AvroSerdeIT.testArtifactNotFound-FINISHED
2025-07-31 18:12:44,834 INFO  [io.api.tes.uti.TestSeparator] (main) ############################################################################
Test passed: testArtifactNotFound
]]></system-out>
    <system-err><![CDATA[java.lang.RuntimeException: Could not resolve artifact reference by content: {"type":"record","name":"myrecord","namespace":"mygroup","fields":[{"name":"keyB","type":"string"}]}&ArtifactReference [groupId=default, artifactId=s7f412537x2fb0x4340xb902x15541b2df6b1-value, version=null, globalId=null, contentId=null, contentHash=null]
	at io.apicurio.registry.resolver.DefaultSchemaResolver.lambda$handleResolveSchemaByContent$3(DefaultSchemaResolver.java:265)
	at io.apicurio.registry.resolver.cache.ERCache.lambda$getValue$0(ERCache.java:174)
	at io.apicurio.registry.resolver.cache.ERCache.retry(ERCache.java:227)
	at io.apicurio.registry.resolver.cache.ERCache.getValue(ERCache.java:173)
	at io.apicurio.registry.resolver.cache.ERCache.getByContent(ERCache.java:147)
	at io.apicurio.registry.resolver.DefaultSchemaResolver.handleResolveSchemaByContent(DefaultSchemaResolver.java:253)
	at io.apicurio.registry.resolver.DefaultSchemaResolver.getSchemaFromRegistry(DefaultSchemaResolver.java:138)
	at io.apicurio.registry.resolver.DefaultSchemaResolver.lambda$resolveSchema$0(DefaultSchemaResolver.java:84)
	at java.base/java.util.Optional.orElseGet(Optional.java:364)
	at io.apicurio.registry.resolver.DefaultSchemaResolver.resolveSchema(DefaultSchemaResolver.java:84)
	at io.apicurio.registry.serde.AbstractSerializer.serializeData(AbstractSerializer.java:62)
	at io.apicurio.registry.serde.KafkaSerializer.serialize(KafkaSerializer.java:77)
	at org.apache.kafka.clients.producer.KafkaProducer.doSend(KafkaProducer.java:1046)
	at org.apache.kafka.clients.producer.KafkaProducer.send(KafkaProducer.java:993)
	at org.apache.kafka.clients.producer.KafkaProducer.send(KafkaProducer.java:875)
	at io.apicurio.tests.serdes.apicurio.KafkaSerdesTester.lambda$produceMessages$3(KafkaSerdesTester.java:138)
	at java.base/java.util.concurrent.CompletableFuture$AsyncSupply.run(CompletableFuture.java:1768)
	at java.base/java.lang.Thread.run(Thread.java:840)
]]></system-err>
  </testcase>
  <testcase name="testAvroSerDesFailDifferentSchemaByRecordName" classname="io.apicurio.tests.serdes.apicurio.AvroSerdeIT" time="1.096">
    <system-out><![CDATA[2025-07-31 18:12:44,839 INFO  [io.api.tes.uti.TestSeparator] (main) ############################################################################
2025-07-31 18:12:44,839 INFO  [io.api.tes.uti.TestSeparator] (main) io.apicurio.tests.serdes.apicurio.AvroSerdeIT.testAvroSerDesFailDifferentSchemaByRecordName-STARTED
**** Registry Base URL: http://registry-app-inmemory.apps.ci419.apicurio-testing.org:80
2025-07-31 18:12:45,888 INFO  [org.apa.kaf.cli.pro.ProducerConfig] (main) ProducerConfig values: 
	acks = -1
	auto.include.jmx.reporter = true
	batch.size = 16384
	bootstrap.servers = [PLAINTEXT://localhost:32770]
	buffer.memory = 33554432
	client.dns.lookup = use_all_dns_ips
	client.id = Producer-topic-e41d1031_20ec_4f95_b2f0_78e915b3d063
	compression.gzip.level = -1
	compression.lz4.level = 9
	compression.type = none
	compression.zstd.level = 3
	connections.max.idle.ms = 10000
	delivery.timeout.ms = 120000
	enable.idempotence = true
	enable.metrics.push = true
	interceptor.classes = []
	key.serializer = class org.apache.kafka.common.serialization.StringSerializer
	linger.ms = 0
	max.block.ms = 60000
	max.in.flight.requests.per.connection = 5
	max.request.size = 1048576
	metadata.max.age.ms = 300000
	metadata.max.idle.ms = 300000
	metadata.recovery.strategy = none
	metric.reporters = []
	metrics.num.samples = 2
	metrics.recording.level = INFO
	metrics.sample.window.ms = 30000
	partitioner.adaptive.partitioning.enable = true
	partitioner.availability.timeout.ms = 0
	partitioner.class = null
	partitioner.ignore.keys = false
	receive.buffer.bytes = 32768
	reconnect.backoff.max.ms = 1000
	reconnect.backoff.ms = 50
	request.timeout.ms = 5000
	retries = 2147483647
	retry.backoff.max.ms = 1000
	retry.backoff.ms = 100
	sasl.client.callback.handler.class = null
	sasl.jaas.config = null
	sasl.kerberos.kinit.cmd = /usr/bin/kinit
	sasl.kerberos.min.time.before.relogin = 60000
	sasl.kerberos.service.name = null
	sasl.kerberos.ticket.renew.jitter = 0.05
	sasl.kerberos.ticket.renew.window.factor = 0.8
	sasl.login.callback.handler.class = null
	sasl.login.class = null
	sasl.login.connect.timeout.ms = null
	sasl.login.read.timeout.ms = null
	sasl.login.refresh.buffer.seconds = 300
	sasl.login.refresh.min.period.seconds = 60
	sasl.login.refresh.window.factor = 0.8
	sasl.login.refresh.window.jitter = 0.05
	sasl.login.retry.backoff.max.ms = 10000
	sasl.login.retry.backoff.ms = 100
	sasl.mechanism = GSSAPI
	sasl.oauthbearer.clock.skew.seconds = 30
	sasl.oauthbearer.expected.audience = null
	sasl.oauthbearer.expected.issuer = null
	sasl.oauthbearer.header.urlencode = false
	sasl.oauthbearer.jwks.endpoint.refresh.ms = 3600000
	sasl.oauthbearer.jwks.endpoint.retry.backoff.max.ms = 10000
	sasl.oauthbearer.jwks.endpoint.retry.backoff.ms = 100
	sasl.oauthbearer.jwks.endpoint.url = null
	sasl.oauthbearer.scope.claim.name = scope
	sasl.oauthbearer.sub.claim.name = sub
	sasl.oauthbearer.token.endpoint.url = null
	security.protocol = PLAINTEXT
	security.providers = null
	send.buffer.bytes = 131072
	socket.connection.setup.timeout.max.ms = 30000
	socket.connection.setup.timeout.ms = 10000
	ssl.cipher.suites = null
	ssl.enabled.protocols = [TLSv1.2, TLSv1.3]
	ssl.endpoint.identification.algorithm = https
	ssl.engine.factory.class = null
	ssl.key.password = null
	ssl.keymanager.algorithm = SunX509
	ssl.keystore.certificate.chain = null
	ssl.keystore.key = null
	ssl.keystore.location = null
	ssl.keystore.password = null
	ssl.keystore.type = JKS
	ssl.protocol = TLSv1.3
	ssl.provider = null
	ssl.secure.random.implementation = null
	ssl.trustmanager.algorithm = PKIX
	ssl.truststore.certificates = null
	ssl.truststore.location = null
	ssl.truststore.password = null
	ssl.truststore.type = JKS
	transaction.timeout.ms = 60000
	transactional.id = null
	value.serializer = class io.apicurio.registry.serde.avro.AvroKafkaSerializer

2025-07-31 18:12:45,888 INFO  [org.apa.kaf.com.tel.int.KafkaMetricsCollector] (main) initializing Kafka metrics collector
2025-07-31 18:12:45,892 INFO  [org.apa.kaf.cli.pro.KafkaProducer] (main) [Producer clientId=Producer-topic-e41d1031_20ec_4f95_b2f0_78e915b3d063] Instantiated an idempotent producer.
2025-07-31 18:12:45,894 INFO  [org.apa.kaf.cli.pro.ProducerConfig] (main) These configurations '[apicurio.registry.find-latest, apicurio.registry.url, apicurio.registry.artifact-resolver-strategy]' were supplied but are not used yet.
2025-07-31 18:12:45,894 INFO  [org.apa.kaf.com.uti.AppInfoParser] (main) Kafka version: 3.9.1
2025-07-31 18:12:45,894 INFO  [org.apa.kaf.com.uti.AppInfoParser] (main) Kafka commitId: f745dfdcee2b9851
2025-07-31 18:12:45,894 INFO  [org.apa.kaf.com.uti.AppInfoParser] (main) Kafka startTimeMs: 1753985565894
2025-07-31 18:12:45,895 INFO  [io.api.tes.ser.api.KafkaSerdesTester] (Thread-636) Sending message {"keyB": "value-0"} to topic topic-e41d1031_20ec_4f95_b2f0_78e915b3d063
2025-07-31 18:12:45,901 INFO  [org.apa.kaf.cli.Metadata] (kafka-producer-network-thread | Producer-topic-e41d1031_20ec_4f95_b2f0_78e915b3d063) [Producer clientId=Producer-topic-e41d1031_20ec_4f95_b2f0_78e915b3d063] Cluster ID: Pi_RUBSBSj-WuHInrGEQ6g
2025-07-31 18:12:45,901 INFO  [org.apa.kaf.cli.pro.int.TransactionManager] (kafka-producer-network-thread | Producer-topic-e41d1031_20ec_4f95_b2f0_78e915b3d063) [Producer clientId=Producer-topic-e41d1031_20ec_4f95_b2f0_78e915b3d063] ProducerId set to 8 with epoch 0
2025-07-31 18:12:45,927 INFO  [org.apa.kaf.cli.pro.KafkaProducer] (Thread-636) [Producer clientId=Producer-topic-e41d1031_20ec_4f95_b2f0_78e915b3d063] Closing the Kafka producer with timeoutMillis = 9223372036854775807 ms.
2025-07-31 18:12:45,929 INFO  [org.apa.kaf.com.met.Metrics] (Thread-636) Metrics scheduler closed
2025-07-31 18:12:45,929 INFO  [org.apa.kaf.com.met.Metrics] (Thread-636) Closing reporter org.apache.kafka.common.metrics.JmxReporter
2025-07-31 18:12:45,929 INFO  [org.apa.kaf.com.met.Metrics] (Thread-636) Closing reporter org.apache.kafka.common.telemetry.internals.ClientTelemetryReporter
2025-07-31 18:12:45,929 INFO  [org.apa.kaf.com.met.Metrics] (Thread-636) Metrics reporters closed
2025-07-31 18:12:45,929 INFO  [org.apa.kaf.com.uti.AppInfoParser] (Thread-636) App info kafka.producer for Producer-topic-e41d1031_20ec_4f95_b2f0_78e915b3d063 unregistered
2025-07-31 18:12:45,929 INFO  [io.api.tes.uti.TestSeparator] (main) io.apicurio.tests.serdes.apicurio.AvroSerdeIT.testAvroSerDesFailDifferentSchemaByRecordName-FINISHED
2025-07-31 18:12:45,929 INFO  [io.api.tes.uti.TestSeparator] (main) ############################################################################
Test passed: testAvroSerDesFailDifferentSchemaByRecordName
]]></system-out>
    <system-err><![CDATA[io.apicurio.registry.rest.client.models.ProblemDetails
	at io.apicurio.registry.rest.client.models.ProblemDetails.createFromDiscriminatorValue(ProblemDetails.java:58)
	at io.kiota.serialization.json.JsonParseNode.getObjectValue(JsonParseNode.java:247)
	at io.kiota.http.vertx.VertXRequestAdapter.lambda$throwIfFailedResponse$0(VertXRequestAdapter.java:400)
	at com.microsoft.kiota.ApiExceptionBuilder.<init>(ApiExceptionBuilder.java:26)
	at io.kiota.http.vertx.VertXRequestAdapter.throwIfFailedResponse(VertXRequestAdapter.java:399)
	at io.kiota.http.vertx.VertXRequestAdapter.send(VertXRequestAdapter.java:170)
	at io.apicurio.registry.rest.client.groups.item.artifacts.item.versions.item.WithVersionExpressionItemRequestBuilder.get(WithVersionExpressionItemRequestBuilder.java:128)
	at io.apicurio.registry.rest.client.groups.item.artifacts.item.versions.item.WithVersionExpressionItemRequestBuilder.get(WithVersionExpressionItemRequestBuilder.java:111)
	at io.apicurio.registry.resolver.client.RegistryClientFacadeImpl.getVersionCoordinatesByGAV(RegistryClientFacadeImpl.java:153)
	at io.apicurio.registry.resolver.DefaultSchemaResolver.resolveByCoordinates(DefaultSchemaResolver.java:352)
	at io.apicurio.registry.resolver.DefaultSchemaResolver.lambda$resolveSchemaByArtifactReferenceCached$6(DefaultSchemaResolver.java:340)
	at io.apicurio.registry.resolver.cache.ERCache.lambda$getValue$0(ERCache.java:174)
	at io.apicurio.registry.resolver.cache.ERCache.retry(ERCache.java:227)
	at io.apicurio.registry.resolver.cache.ERCache.getValue(ERCache.java:173)
	at io.apicurio.registry.resolver.cache.ERCache.getByArtifactCoordinates(ERCache.java:158)
	at io.apicurio.registry.resolver.DefaultSchemaResolver.resolveSchemaByArtifactReferenceCached(DefaultSchemaResolver.java:338)
	at io.apicurio.registry.resolver.DefaultSchemaResolver.resolveSchemaByCoordinates(DefaultSchemaResolver.java:193)
	at io.apicurio.registry.resolver.DefaultSchemaResolver.getSchemaFromRegistry(DefaultSchemaResolver.java:130)
	at io.apicurio.registry.resolver.DefaultSchemaResolver.lambda$resolveSchema$0(DefaultSchemaResolver.java:84)
	at java.base/java.util.Optional.orElseGet(Optional.java:364)
	at io.apicurio.registry.resolver.DefaultSchemaResolver.resolveSchema(DefaultSchemaResolver.java:84)
	at io.apicurio.registry.serde.AbstractSerializer.serializeData(AbstractSerializer.java:62)
	at io.apicurio.registry.serde.KafkaSerializer.serialize(KafkaSerializer.java:77)
	at org.apache.kafka.clients.producer.KafkaProducer.doSend(KafkaProducer.java:1046)
	at org.apache.kafka.clients.producer.KafkaProducer.send(KafkaProducer.java:993)
	at org.apache.kafka.clients.producer.KafkaProducer.send(KafkaProducer.java:875)
	at io.apicurio.tests.serdes.apicurio.KafkaSerdesTester.lambda$produceMessages$3(KafkaSerdesTester.java:138)
	at java.base/java.util.concurrent.CompletableFuture$AsyncSupply.run(CompletableFuture.java:1768)
	at java.base/java.lang.Thread.run(Thread.java:840)
]]></system-err>
  </testcase>
  <testcase name="testTopicIdStrategyFindLatest" classname="io.apicurio.tests.serdes.apicurio.AvroSerdeIT" time="1.753">
    <system-out><![CDATA[2025-07-31 18:12:45,931 INFO  [io.api.tes.uti.TestSeparator] (main) ############################################################################
2025-07-31 18:12:45,931 INFO  [io.api.tes.uti.TestSeparator] (main) io.apicurio.tests.serdes.apicurio.AvroSerdeIT.testTopicIdStrategyFindLatest-STARTED
2025-07-31 18:12:45,936 INFO  [io.api.tes.ser.api.AvroSerdeIT] (main) Registering Avro Schema: {"type":"record","name":"myrecordapicurio1","fields":[{"name":"key11753985565931","type":"string"}]}
**** Registry Base URL: http://registry-app-inmemory.apps.ci419.apicurio-testing.org:80
2025-07-31 18:12:46,971 INFO  [org.apa.kaf.cli.pro.ProducerConfig] (main) ProducerConfig values: 
	acks = -1
	auto.include.jmx.reporter = true
	batch.size = 16384
	bootstrap.servers = [PLAINTEXT://localhost:32770]
	buffer.memory = 33554432
	client.dns.lookup = use_all_dns_ips
	client.id = Producer-topic-d40ae838_7ee1_4b34_8713_f73770686ec9
	compression.gzip.level = -1
	compression.lz4.level = 9
	compression.type = none
	compression.zstd.level = 3
	connections.max.idle.ms = 10000
	delivery.timeout.ms = 120000
	enable.idempotence = true
	enable.metrics.push = true
	interceptor.classes = []
	key.serializer = class org.apache.kafka.common.serialization.StringSerializer
	linger.ms = 0
	max.block.ms = 60000
	max.in.flight.requests.per.connection = 5
	max.request.size = 1048576
	metadata.max.age.ms = 300000
	metadata.max.idle.ms = 300000
	metadata.recovery.strategy = none
	metric.reporters = []
	metrics.num.samples = 2
	metrics.recording.level = INFO
	metrics.sample.window.ms = 30000
	partitioner.adaptive.partitioning.enable = true
	partitioner.availability.timeout.ms = 0
	partitioner.class = null
	partitioner.ignore.keys = false
	receive.buffer.bytes = 32768
	reconnect.backoff.max.ms = 1000
	reconnect.backoff.ms = 50
	request.timeout.ms = 5000
	retries = 2147483647
	retry.backoff.max.ms = 1000
	retry.backoff.ms = 100
	sasl.client.callback.handler.class = null
	sasl.jaas.config = null
	sasl.kerberos.kinit.cmd = /usr/bin/kinit
	sasl.kerberos.min.time.before.relogin = 60000
	sasl.kerberos.service.name = null
	sasl.kerberos.ticket.renew.jitter = 0.05
	sasl.kerberos.ticket.renew.window.factor = 0.8
	sasl.login.callback.handler.class = null
	sasl.login.class = null
	sasl.login.connect.timeout.ms = null
	sasl.login.read.timeout.ms = null
	sasl.login.refresh.buffer.seconds = 300
	sasl.login.refresh.min.period.seconds = 60
	sasl.login.refresh.window.factor = 0.8
	sasl.login.refresh.window.jitter = 0.05
	sasl.login.retry.backoff.max.ms = 10000
	sasl.login.retry.backoff.ms = 100
	sasl.mechanism = GSSAPI
	sasl.oauthbearer.clock.skew.seconds = 30
	sasl.oauthbearer.expected.audience = null
	sasl.oauthbearer.expected.issuer = null
	sasl.oauthbearer.header.urlencode = false
	sasl.oauthbearer.jwks.endpoint.refresh.ms = 3600000
	sasl.oauthbearer.jwks.endpoint.retry.backoff.max.ms = 10000
	sasl.oauthbearer.jwks.endpoint.retry.backoff.ms = 100
	sasl.oauthbearer.jwks.endpoint.url = null
	sasl.oauthbearer.scope.claim.name = scope
	sasl.oauthbearer.sub.claim.name = sub
	sasl.oauthbearer.token.endpoint.url = null
	security.protocol = PLAINTEXT
	security.providers = null
	send.buffer.bytes = 131072
	socket.connection.setup.timeout.max.ms = 30000
	socket.connection.setup.timeout.ms = 10000
	ssl.cipher.suites = null
	ssl.enabled.protocols = [TLSv1.2, TLSv1.3]
	ssl.endpoint.identification.algorithm = https
	ssl.engine.factory.class = null
	ssl.key.password = null
	ssl.keymanager.algorithm = SunX509
	ssl.keystore.certificate.chain = null
	ssl.keystore.key = null
	ssl.keystore.location = null
	ssl.keystore.password = null
	ssl.keystore.type = JKS
	ssl.protocol = TLSv1.3
	ssl.provider = null
	ssl.secure.random.implementation = null
	ssl.trustmanager.algorithm = PKIX
	ssl.truststore.certificates = null
	ssl.truststore.location = null
	ssl.truststore.password = null
	ssl.truststore.type = JKS
	transaction.timeout.ms = 60000
	transactional.id = null
	value.serializer = class io.apicurio.registry.serde.avro.AvroKafkaSerializer

2025-07-31 18:12:46,971 INFO  [org.apa.kaf.com.tel.int.KafkaMetricsCollector] (main) initializing Kafka metrics collector
2025-07-31 18:12:46,974 INFO  [org.apa.kaf.cli.pro.KafkaProducer] (main) [Producer clientId=Producer-topic-d40ae838_7ee1_4b34_8713_f73770686ec9] Instantiated an idempotent producer.
2025-07-31 18:12:46,976 INFO  [org.apa.kaf.cli.pro.ProducerConfig] (main) These configurations '[apicurio.registry.find-latest, apicurio.registry.url, apicurio.registry.artifact-resolver-strategy]' were supplied but are not used yet.
2025-07-31 18:12:46,976 INFO  [org.apa.kaf.com.uti.AppInfoParser] (main) Kafka version: 3.9.1
2025-07-31 18:12:46,976 INFO  [org.apa.kaf.com.uti.AppInfoParser] (main) Kafka commitId: f745dfdcee2b9851
2025-07-31 18:12:46,976 INFO  [org.apa.kaf.com.uti.AppInfoParser] (main) Kafka startTimeMs: 1753985566976
2025-07-31 18:12:46,976 INFO  [io.api.tes.ser.api.SimpleSerdesTesterBuilder$SimpleSerdesTester] (main) Using producer configuration: {apicurio.registry.find-latest=true, apicurio.registry.url=http://registry-app-inmemory.apps.ci419.apicurio-testing.org:80/apis/registry/v3, apicurio.registry.artifact-resolver-strategy=io.apicurio.registry.serde.strategy.TopicIdStrategy, value.serializer=io.apicurio.registry.serde.avro.AvroKafkaSerializer, request.timeout.ms=5000, acks=all, bootstrap.servers=PLAINTEXT://localhost:32770, connections.max.idle.ms=10000, key.serializer=org.apache.kafka.common.serialization.StringSerializer, client.id=Producer-topic-d40ae838_7ee1_4b34_8713_f73770686ec9}
2025-07-31 18:12:46,976 INFO  [io.api.tes.ser.api.SimpleSerdesTesterBuilder$SimpleSerdesTester] (main) Using consumer configuration: {}
2025-07-31 18:12:46,977 INFO  [io.api.tes.ser.api.KafkaSerdesTester] (Thread-639) Sending message {"key11753985565931": "value-0"} to topic topic-d40ae838_7ee1_4b34_8713_f73770686ec9
2025-07-31 18:12:46,981 INFO  [org.apa.kaf.cli.Metadata] (kafka-producer-network-thread | Producer-topic-d40ae838_7ee1_4b34_8713_f73770686ec9) [Producer clientId=Producer-topic-d40ae838_7ee1_4b34_8713_f73770686ec9] Cluster ID: Pi_RUBSBSj-WuHInrGEQ6g
2025-07-31 18:12:46,982 INFO  [org.apa.kaf.cli.pro.int.TransactionManager] (kafka-producer-network-thread | Producer-topic-d40ae838_7ee1_4b34_8713_f73770686ec9) [Producer clientId=Producer-topic-d40ae838_7ee1_4b34_8713_f73770686ec9] ProducerId set to 9 with epoch 0
2025-07-31 18:12:47,037 INFO  [io.api.tes.ser.api.KafkaSerdesTester] (Thread-639) Sending message {"key11753985565931": "value-1"} to topic topic-d40ae838_7ee1_4b34_8713_f73770686ec9
2025-07-31 18:12:47,039 INFO  [io.api.tes.ser.api.KafkaSerdesTester] (Thread-639) Sending message {"key11753985565931": "value-2"} to topic topic-d40ae838_7ee1_4b34_8713_f73770686ec9
2025-07-31 18:12:47,041 INFO  [io.api.tes.ser.api.KafkaSerdesTester] (Thread-639) Sending message {"key11753985565931": "value-3"} to topic topic-d40ae838_7ee1_4b34_8713_f73770686ec9
2025-07-31 18:12:47,043 INFO  [io.api.tes.ser.api.KafkaSerdesTester] (Thread-639) Sending message {"key11753985565931": "value-4"} to topic topic-d40ae838_7ee1_4b34_8713_f73770686ec9
2025-07-31 18:12:47,045 INFO  [io.api.tes.ser.api.KafkaSerdesTester] (Thread-639) Sending message {"key11753985565931": "value-5"} to topic topic-d40ae838_7ee1_4b34_8713_f73770686ec9
2025-07-31 18:12:47,046 INFO  [io.api.tes.ser.api.KafkaSerdesTester] (Thread-639) Sending message {"key11753985565931": "value-6"} to topic topic-d40ae838_7ee1_4b34_8713_f73770686ec9
2025-07-31 18:12:47,048 INFO  [io.api.tes.ser.api.KafkaSerdesTester] (Thread-639) Sending message {"key11753985565931": "value-7"} to topic topic-d40ae838_7ee1_4b34_8713_f73770686ec9
2025-07-31 18:12:47,053 INFO  [io.api.tes.ser.api.KafkaSerdesTester] (Thread-639) Sending message {"key11753985565931": "value-8"} to topic topic-d40ae838_7ee1_4b34_8713_f73770686ec9
2025-07-31 18:12:47,057 INFO  [io.api.tes.ser.api.KafkaSerdesTester] (Thread-639) Sending message {"key11753985565931": "value-9"} to topic topic-d40ae838_7ee1_4b34_8713_f73770686ec9
2025-07-31 18:12:47,059 INFO  [io.api.tes.ser.api.KafkaSerdesTester] (Thread-639) Produced 10 messages
2025-07-31 18:12:47,059 INFO  [org.apa.kaf.cli.pro.KafkaProducer] (Thread-639) [Producer clientId=Producer-topic-d40ae838_7ee1_4b34_8713_f73770686ec9] Closing the Kafka producer with timeoutMillis = 9223372036854775807 ms.
2025-07-31 18:12:47,061 INFO  [org.apa.kaf.com.met.Metrics] (Thread-639) Metrics scheduler closed
2025-07-31 18:12:47,061 INFO  [org.apa.kaf.com.met.Metrics] (Thread-639) Closing reporter org.apache.kafka.common.metrics.JmxReporter
2025-07-31 18:12:47,061 INFO  [org.apa.kaf.com.met.Metrics] (Thread-639) Closing reporter org.apache.kafka.common.telemetry.internals.ClientTelemetryReporter
2025-07-31 18:12:47,061 INFO  [org.apa.kaf.com.met.Metrics] (Thread-639) Metrics reporters closed
2025-07-31 18:12:47,062 INFO  [org.apa.kaf.com.uti.AppInfoParser] (Thread-639) App info kafka.producer for Producer-topic-d40ae838_7ee1_4b34_8713_f73770686ec9 unregistered
**** Registry Base URL: http://registry-app-inmemory.apps.ci419.apicurio-testing.org:80
2025-07-31 18:12:47,064 INFO  [org.apa.kaf.cli.con.ConsumerConfig] (main) ConsumerConfig values: 
	allow.auto.create.topics = true
	auto.commit.interval.ms = 500
	auto.include.jmx.reporter = true
	auto.offset.reset = earliest
	bootstrap.servers = [PLAINTEXT://localhost:32770]
	check.crcs = true
	client.dns.lookup = use_all_dns_ips
	client.id = consumer-Consumer-topic-d40ae838_7ee1_4b34_8713_f73770686ec9-7
	client.rack = 
	connections.max.idle.ms = 10000
	default.api.timeout.ms = 60000
	enable.auto.commit = true
	enable.metrics.push = true
	exclude.internal.topics = true
	fetch.max.bytes = 52428800
	fetch.max.wait.ms = 500
	fetch.min.bytes = 1
	group.id = Consumer-topic-d40ae838_7ee1_4b34_8713_f73770686ec9
	group.instance.id = null
	group.protocol = classic
	group.remote.assignor = null
	heartbeat.interval.ms = 3000
	interceptor.classes = []
	internal.leave.group.on.close = true
	internal.throw.on.fetch.stable.offset.unsupported = false
	isolation.level = read_uncommitted
	key.deserializer = class org.apache.kafka.common.serialization.StringDeserializer
	max.partition.fetch.bytes = 1048576
	max.poll.interval.ms = 300000
	max.poll.records = 500
	metadata.max.age.ms = 300000
	metadata.recovery.strategy = none
	metric.reporters = []
	metrics.num.samples = 2
	metrics.recording.level = INFO
	metrics.sample.window.ms = 30000
	partition.assignment.strategy = [class org.apache.kafka.clients.consumer.RangeAssignor, class org.apache.kafka.clients.consumer.CooperativeStickyAssignor]
	receive.buffer.bytes = 65536
	reconnect.backoff.max.ms = 1000
	reconnect.backoff.ms = 50
	request.timeout.ms = 5000
	retry.backoff.max.ms = 1000
	retry.backoff.ms = 100
	sasl.client.callback.handler.class = null
	sasl.jaas.config = null
	sasl.kerberos.kinit.cmd = /usr/bin/kinit
	sasl.kerberos.min.time.before.relogin = 60000
	sasl.kerberos.service.name = null
	sasl.kerberos.ticket.renew.jitter = 0.05
	sasl.kerberos.ticket.renew.window.factor = 0.8
	sasl.login.callback.handler.class = null
	sasl.login.class = null
	sasl.login.connect.timeout.ms = null
	sasl.login.read.timeout.ms = null
	sasl.login.refresh.buffer.seconds = 300
	sasl.login.refresh.min.period.seconds = 60
	sasl.login.refresh.window.factor = 0.8
	sasl.login.refresh.window.jitter = 0.05
	sasl.login.retry.backoff.max.ms = 10000
	sasl.login.retry.backoff.ms = 100
	sasl.mechanism = GSSAPI
	sasl.oauthbearer.clock.skew.seconds = 30
	sasl.oauthbearer.expected.audience = null
	sasl.oauthbearer.expected.issuer = null
	sasl.oauthbearer.header.urlencode = false
	sasl.oauthbearer.jwks.endpoint.refresh.ms = 3600000
	sasl.oauthbearer.jwks.endpoint.retry.backoff.max.ms = 10000
	sasl.oauthbearer.jwks.endpoint.retry.backoff.ms = 100
	sasl.oauthbearer.jwks.endpoint.url = null
	sasl.oauthbearer.scope.claim.name = scope
	sasl.oauthbearer.sub.claim.name = sub
	sasl.oauthbearer.token.endpoint.url = null
	security.protocol = PLAINTEXT
	security.providers = null
	send.buffer.bytes = 131072
	session.timeout.ms = 45000
	socket.connection.setup.timeout.max.ms = 30000
	socket.connection.setup.timeout.ms = 10000
	ssl.cipher.suites = null
	ssl.enabled.protocols = [TLSv1.2, TLSv1.3]
	ssl.endpoint.identification.algorithm = https
	ssl.engine.factory.class = null
	ssl.key.password = null
	ssl.keymanager.algorithm = SunX509
	ssl.keystore.certificate.chain = null
	ssl.keystore.key = null
	ssl.keystore.location = null
	ssl.keystore.password = null
	ssl.keystore.type = JKS
	ssl.protocol = TLSv1.3
	ssl.provider = null
	ssl.secure.random.implementation = null
	ssl.trustmanager.algorithm = PKIX
	ssl.truststore.certificates = null
	ssl.truststore.location = null
	ssl.truststore.password = null
	ssl.truststore.type = JKS
	value.deserializer = class io.apicurio.registry.serde.avro.AvroKafkaDeserializer

2025-07-31 18:12:47,064 INFO  [org.apa.kaf.com.tel.int.KafkaMetricsCollector] (main) initializing Kafka metrics collector
2025-07-31 18:12:47,070 INFO  [org.apa.kaf.cli.con.ConsumerConfig] (main) These configurations '[apicurio.registry.url]' were supplied but are not used yet.
2025-07-31 18:12:47,070 INFO  [org.apa.kaf.com.uti.AppInfoParser] (main) Kafka version: 3.9.1
2025-07-31 18:12:47,070 INFO  [org.apa.kaf.com.uti.AppInfoParser] (main) Kafka commitId: f745dfdcee2b9851
2025-07-31 18:12:47,070 INFO  [org.apa.kaf.com.uti.AppInfoParser] (main) Kafka startTimeMs: 1753985567070
2025-07-31 18:12:47,071 INFO  [org.apa.kaf.cli.con.int.ClassicKafkaConsumer] (Thread-642) [Consumer clientId=consumer-Consumer-topic-d40ae838_7ee1_4b34_8713_f73770686ec9-7, groupId=Consumer-topic-d40ae838_7ee1_4b34_8713_f73770686ec9] Subscribed to topic(s): topic-d40ae838_7ee1_4b34_8713_f73770686ec9
2025-07-31 18:12:47,078 INFO  [org.apa.kaf.cli.Metadata] (Thread-642) [Consumer clientId=consumer-Consumer-topic-d40ae838_7ee1_4b34_8713_f73770686ec9-7, groupId=Consumer-topic-d40ae838_7ee1_4b34_8713_f73770686ec9] Cluster ID: Pi_RUBSBSj-WuHInrGEQ6g
2025-07-31 18:12:47,084 INFO  [org.apa.kaf.cli.con.int.ConsumerCoordinator] (Thread-642) [Consumer clientId=consumer-Consumer-topic-d40ae838_7ee1_4b34_8713_f73770686ec9-7, groupId=Consumer-topic-d40ae838_7ee1_4b34_8713_f73770686ec9] Discovered group coordinator localhost:32770 (id: 2147483647 rack: null)
2025-07-31 18:12:47,089 INFO  [org.apa.kaf.cli.con.int.ConsumerCoordinator] (Thread-642) [Consumer clientId=consumer-Consumer-topic-d40ae838_7ee1_4b34_8713_f73770686ec9-7, groupId=Consumer-topic-d40ae838_7ee1_4b34_8713_f73770686ec9] (Re-)joining group
2025-07-31 18:12:47,097 INFO  [org.apa.kaf.cli.con.int.ConsumerCoordinator] (Thread-642) [Consumer clientId=consumer-Consumer-topic-d40ae838_7ee1_4b34_8713_f73770686ec9-7, groupId=Consumer-topic-d40ae838_7ee1_4b34_8713_f73770686ec9] Request joining group due to: need to re-join with the given member-id: consumer-Consumer-topic-d40ae838_7ee1_4b34_8713_f73770686ec9-7-bc1fd188-3fa4-400f-b75f-58b10a4b66df
2025-07-31 18:12:47,102 INFO  [org.apa.kaf.cli.con.int.ConsumerCoordinator] (Thread-642) [Consumer clientId=consumer-Consumer-topic-d40ae838_7ee1_4b34_8713_f73770686ec9-7, groupId=Consumer-topic-d40ae838_7ee1_4b34_8713_f73770686ec9] (Re-)joining group
2025-07-31 18:12:47,111 INFO  [org.apa.kaf.cli.con.int.ConsumerCoordinator] (Thread-642) [Consumer clientId=consumer-Consumer-topic-d40ae838_7ee1_4b34_8713_f73770686ec9-7, groupId=Consumer-topic-d40ae838_7ee1_4b34_8713_f73770686ec9] Successfully joined group with generation Generation{generationId=1, memberId='consumer-Consumer-topic-d40ae838_7ee1_4b34_8713_f73770686ec9-7-bc1fd188-3fa4-400f-b75f-58b10a4b66df', protocol='range'}
2025-07-31 18:12:47,111 INFO  [org.apa.kaf.cli.con.int.ConsumerCoordinator] (Thread-642) [Consumer clientId=consumer-Consumer-topic-d40ae838_7ee1_4b34_8713_f73770686ec9-7, groupId=Consumer-topic-d40ae838_7ee1_4b34_8713_f73770686ec9] Finished assignment for group at generation 1: {consumer-Consumer-topic-d40ae838_7ee1_4b34_8713_f73770686ec9-7-bc1fd188-3fa4-400f-b75f-58b10a4b66df=Assignment(partitions=[topic-d40ae838_7ee1_4b34_8713_f73770686ec9-0])}
2025-07-31 18:12:47,115 INFO  [org.apa.kaf.cli.con.int.ConsumerCoordinator] (Thread-642) [Consumer clientId=consumer-Consumer-topic-d40ae838_7ee1_4b34_8713_f73770686ec9-7, groupId=Consumer-topic-d40ae838_7ee1_4b34_8713_f73770686ec9] Successfully synced group in generation Generation{generationId=1, memberId='consumer-Consumer-topic-d40ae838_7ee1_4b34_8713_f73770686ec9-7-bc1fd188-3fa4-400f-b75f-58b10a4b66df', protocol='range'}
2025-07-31 18:12:47,116 INFO  [org.apa.kaf.cli.con.int.ConsumerCoordinator] (Thread-642) [Consumer clientId=consumer-Consumer-topic-d40ae838_7ee1_4b34_8713_f73770686ec9-7, groupId=Consumer-topic-d40ae838_7ee1_4b34_8713_f73770686ec9] Notifying assignor about the new Assignment(partitions=[topic-d40ae838_7ee1_4b34_8713_f73770686ec9-0])
2025-07-31 18:12:47,116 INFO  [org.apa.kaf.cli.con.int.ConsumerRebalanceListenerInvoker] (Thread-642) [Consumer clientId=consumer-Consumer-topic-d40ae838_7ee1_4b34_8713_f73770686ec9-7, groupId=Consumer-topic-d40ae838_7ee1_4b34_8713_f73770686ec9] Adding newly assigned partitions: topic-d40ae838_7ee1_4b34_8713_f73770686ec9-0
2025-07-31 18:12:47,121 INFO  [org.apa.kaf.cli.con.int.ConsumerCoordinator] (Thread-642) [Consumer clientId=consumer-Consumer-topic-d40ae838_7ee1_4b34_8713_f73770686ec9-7, groupId=Consumer-topic-d40ae838_7ee1_4b34_8713_f73770686ec9] Found no committed offset for partition topic-d40ae838_7ee1_4b34_8713_f73770686ec9-0
2025-07-31 18:12:47,128 INFO  [org.apa.kaf.cli.con.int.SubscriptionState] (Thread-642) [Consumer clientId=consumer-Consumer-topic-d40ae838_7ee1_4b34_8713_f73770686ec9-7, groupId=Consumer-topic-d40ae838_7ee1_4b34_8713_f73770686ec9] Resetting offset for partition topic-d40ae838_7ee1_4b34_8713_f73770686ec9-0 to position FetchPosition{offset=0, offsetEpoch=Optional.empty, currentLeader=LeaderAndEpoch{leader=Optional[localhost:32770 (id: 0 rack: null)], epoch=0}}.
2025-07-31 18:12:47,175 INFO  [io.api.tes.ser.api.KafkaSerdesTester] (Thread-642) topic-d40ae838_7ee1_4b34_8713_f73770686ec9 0 0 {"key11753985565931": "value-0"}
2025-07-31 18:12:47,175 INFO  [io.api.tes.ser.api.KafkaSerdesTester] (Thread-642) topic-d40ae838_7ee1_4b34_8713_f73770686ec9 0 1 {"key11753985565931": "value-1"}
2025-07-31 18:12:47,175 INFO  [io.api.tes.ser.api.KafkaSerdesTester] (Thread-642) topic-d40ae838_7ee1_4b34_8713_f73770686ec9 0 2 {"key11753985565931": "value-2"}
2025-07-31 18:12:47,175 INFO  [io.api.tes.ser.api.KafkaSerdesTester] (Thread-642) topic-d40ae838_7ee1_4b34_8713_f73770686ec9 0 3 {"key11753985565931": "value-3"}
2025-07-31 18:12:47,175 INFO  [io.api.tes.ser.api.KafkaSerdesTester] (Thread-642) topic-d40ae838_7ee1_4b34_8713_f73770686ec9 0 4 {"key11753985565931": "value-4"}
2025-07-31 18:12:47,175 INFO  [io.api.tes.ser.api.KafkaSerdesTester] (Thread-642) topic-d40ae838_7ee1_4b34_8713_f73770686ec9 0 5 {"key11753985565931": "value-5"}
2025-07-31 18:12:47,175 INFO  [io.api.tes.ser.api.KafkaSerdesTester] (Thread-642) topic-d40ae838_7ee1_4b34_8713_f73770686ec9 0 6 {"key11753985565931": "value-6"}
2025-07-31 18:12:47,175 INFO  [io.api.tes.ser.api.KafkaSerdesTester] (Thread-642) topic-d40ae838_7ee1_4b34_8713_f73770686ec9 0 7 {"key11753985565931": "value-7"}
2025-07-31 18:12:47,175 INFO  [io.api.tes.ser.api.KafkaSerdesTester] (Thread-642) topic-d40ae838_7ee1_4b34_8713_f73770686ec9 0 8 {"key11753985565931": "value-8"}
2025-07-31 18:12:47,175 INFO  [io.api.tes.ser.api.KafkaSerdesTester] (Thread-642) topic-d40ae838_7ee1_4b34_8713_f73770686ec9 0 9 {"key11753985565931": "value-9"}
2025-07-31 18:12:47,175 INFO  [io.api.tes.ser.api.KafkaSerdesTester] (Thread-642) Consumed 10 messages
2025-07-31 18:12:47,178 INFO  [org.apa.kaf.cli.con.int.ConsumerRebalanceListenerInvoker] (Thread-642) [Consumer clientId=consumer-Consumer-topic-d40ae838_7ee1_4b34_8713_f73770686ec9-7, groupId=Consumer-topic-d40ae838_7ee1_4b34_8713_f73770686ec9] Revoke previously assigned partitions topic-d40ae838_7ee1_4b34_8713_f73770686ec9-0
2025-07-31 18:12:47,178 INFO  [org.apa.kaf.cli.con.int.ConsumerCoordinator] (Thread-642) [Consumer clientId=consumer-Consumer-topic-d40ae838_7ee1_4b34_8713_f73770686ec9-7, groupId=Consumer-topic-d40ae838_7ee1_4b34_8713_f73770686ec9] Member consumer-Consumer-topic-d40ae838_7ee1_4b34_8713_f73770686ec9-7-bc1fd188-3fa4-400f-b75f-58b10a4b66df sending LeaveGroup request to coordinator localhost:32770 (id: 2147483647 rack: null) due to the consumer is being closed
2025-07-31 18:12:47,178 INFO  [org.apa.kaf.cli.con.int.ConsumerCoordinator] (Thread-642) [Consumer clientId=consumer-Consumer-topic-d40ae838_7ee1_4b34_8713_f73770686ec9-7, groupId=Consumer-topic-d40ae838_7ee1_4b34_8713_f73770686ec9] Resetting generation and member id due to: consumer pro-actively leaving the group
2025-07-31 18:12:47,178 INFO  [org.apa.kaf.cli.con.int.ConsumerCoordinator] (Thread-642) [Consumer clientId=consumer-Consumer-topic-d40ae838_7ee1_4b34_8713_f73770686ec9-7, groupId=Consumer-topic-d40ae838_7ee1_4b34_8713_f73770686ec9] Request joining group due to: consumer pro-actively leaving the group
2025-07-31 18:12:47,679 INFO  [org.apa.kaf.com.met.Metrics] (Thread-642) Metrics scheduler closed
2025-07-31 18:12:47,679 INFO  [org.apa.kaf.com.met.Metrics] (Thread-642) Closing reporter org.apache.kafka.common.metrics.JmxReporter
2025-07-31 18:12:47,679 INFO  [org.apa.kaf.com.met.Metrics] (Thread-642) Closing reporter org.apache.kafka.common.telemetry.internals.ClientTelemetryReporter
2025-07-31 18:12:47,679 INFO  [org.apa.kaf.com.met.Metrics] (Thread-642) Metrics reporters closed
2025-07-31 18:12:47,682 INFO  [org.apa.kaf.com.uti.AppInfoParser] (Thread-642) App info kafka.consumer for consumer-Consumer-topic-d40ae838_7ee1_4b34_8713_f73770686ec9-7 unregistered
2025-07-31 18:12:47,682 INFO  [io.api.tes.uti.TestSeparator] (main) io.apicurio.tests.serdes.apicurio.AvroSerdeIT.testTopicIdStrategyFindLatest-FINISHED
2025-07-31 18:12:47,682 INFO  [io.api.tes.uti.TestSeparator] (main) ############################################################################
Test passed: testTopicIdStrategyFindLatest
]]></system-out>
  </testcase>
  <testcase name="testAvroUnionWithSpecificReader" classname="io.apicurio.tests.serdes.apicurio.AvroSerdeIT" time="0.927">
    <system-out><![CDATA[2025-07-31 18:12:47,684 INFO  [io.api.tes.uti.TestSeparator] (main) ############################################################################
2025-07-31 18:12:47,684 INFO  [io.api.tes.uti.TestSeparator] (main) io.apicurio.tests.serdes.apicurio.AvroSerdeIT.testAvroUnionWithSpecificReader-STARTED
**** Registry Base URL: http://registry-app-inmemory.apps.ci419.apicurio-testing.org:80
2025-07-31 18:12:47,690 INFO  [org.apa.kaf.cli.pro.ProducerConfig] (main) ProducerConfig values: 
	acks = -1
	auto.include.jmx.reporter = true
	batch.size = 16384
	bootstrap.servers = [PLAINTEXT://localhost:32770]
	buffer.memory = 33554432
	client.dns.lookup = use_all_dns_ips
	client.id = Producer-topic-72a060b0_74da_4930_af5d_989e76d21c1a
	compression.gzip.level = -1
	compression.lz4.level = 9
	compression.type = none
	compression.zstd.level = 3
	connections.max.idle.ms = 10000
	delivery.timeout.ms = 120000
	enable.idempotence = true
	enable.metrics.push = true
	interceptor.classes = []
	key.serializer = class org.apache.kafka.common.serialization.StringSerializer
	linger.ms = 0
	max.block.ms = 60000
	max.in.flight.requests.per.connection = 5
	max.request.size = 1048576
	metadata.max.age.ms = 300000
	metadata.max.idle.ms = 300000
	metadata.recovery.strategy = none
	metric.reporters = []
	metrics.num.samples = 2
	metrics.recording.level = INFO
	metrics.sample.window.ms = 30000
	partitioner.adaptive.partitioning.enable = true
	partitioner.availability.timeout.ms = 0
	partitioner.class = null
	partitioner.ignore.keys = false
	receive.buffer.bytes = 32768
	reconnect.backoff.max.ms = 1000
	reconnect.backoff.ms = 50
	request.timeout.ms = 5000
	retries = 2147483647
	retry.backoff.max.ms = 1000
	retry.backoff.ms = 100
	sasl.client.callback.handler.class = null
	sasl.jaas.config = null
	sasl.kerberos.kinit.cmd = /usr/bin/kinit
	sasl.kerberos.min.time.before.relogin = 60000
	sasl.kerberos.service.name = null
	sasl.kerberos.ticket.renew.jitter = 0.05
	sasl.kerberos.ticket.renew.window.factor = 0.8
	sasl.login.callback.handler.class = null
	sasl.login.class = null
	sasl.login.connect.timeout.ms = null
	sasl.login.read.timeout.ms = null
	sasl.login.refresh.buffer.seconds = 300
	sasl.login.refresh.min.period.seconds = 60
	sasl.login.refresh.window.factor = 0.8
	sasl.login.refresh.window.jitter = 0.05
	sasl.login.retry.backoff.max.ms = 10000
	sasl.login.retry.backoff.ms = 100
	sasl.mechanism = GSSAPI
	sasl.oauthbearer.clock.skew.seconds = 30
	sasl.oauthbearer.expected.audience = null
	sasl.oauthbearer.expected.issuer = null
	sasl.oauthbearer.header.urlencode = false
	sasl.oauthbearer.jwks.endpoint.refresh.ms = 3600000
	sasl.oauthbearer.jwks.endpoint.retry.backoff.max.ms = 10000
	sasl.oauthbearer.jwks.endpoint.retry.backoff.ms = 100
	sasl.oauthbearer.jwks.endpoint.url = null
	sasl.oauthbearer.scope.claim.name = scope
	sasl.oauthbearer.sub.claim.name = sub
	sasl.oauthbearer.token.endpoint.url = null
	security.protocol = PLAINTEXT
	security.providers = null
	send.buffer.bytes = 131072
	socket.connection.setup.timeout.max.ms = 30000
	socket.connection.setup.timeout.ms = 10000
	ssl.cipher.suites = null
	ssl.enabled.protocols = [TLSv1.2, TLSv1.3]
	ssl.endpoint.identification.algorithm = https
	ssl.engine.factory.class = null
	ssl.key.password = null
	ssl.keymanager.algorithm = SunX509
	ssl.keystore.certificate.chain = null
	ssl.keystore.key = null
	ssl.keystore.location = null
	ssl.keystore.password = null
	ssl.keystore.type = JKS
	ssl.protocol = TLSv1.3
	ssl.provider = null
	ssl.secure.random.implementation = null
	ssl.trustmanager.algorithm = PKIX
	ssl.truststore.certificates = null
	ssl.truststore.location = null
	ssl.truststore.password = null
	ssl.truststore.type = JKS
	transaction.timeout.ms = 60000
	transactional.id = null
	value.serializer = class io.apicurio.registry.serde.avro.AvroKafkaSerializer

2025-07-31 18:12:47,693 INFO  [org.apa.kaf.com.tel.int.KafkaMetricsCollector] (main) initializing Kafka metrics collector
2025-07-31 18:12:47,701 INFO  [org.apa.kaf.cli.pro.KafkaProducer] (main) [Producer clientId=Producer-topic-72a060b0_74da_4930_af5d_989e76d21c1a] Instantiated an idempotent producer.
2025-07-31 18:12:47,711 INFO  [org.apa.kaf.cli.pro.ProducerConfig] (main) These configurations '[apicurio.registry.url, apicurio.registry.auto-register, apicurio.registry.artifact-resolver-strategy]' were supplied but are not used yet.
2025-07-31 18:12:47,712 INFO  [org.apa.kaf.com.uti.AppInfoParser] (main) Kafka version: 3.9.1
2025-07-31 18:12:47,712 INFO  [org.apa.kaf.com.uti.AppInfoParser] (main) Kafka commitId: f745dfdcee2b9851
2025-07-31 18:12:47,712 INFO  [org.apa.kaf.com.uti.AppInfoParser] (main) Kafka startTimeMs: 1753985567711
2025-07-31 18:12:47,712 INFO  [io.api.tes.ser.api.SimpleSerdesTesterBuilder$SimpleSerdesTester] (main) Using producer configuration: {apicurio.registry.url=http://registry-app-inmemory.apps.ci419.apicurio-testing.org:80/apis/registry/v3, apicurio.registry.auto-register=true, apicurio.registry.artifact-resolver-strategy=io.apicurio.registry.serde.strategy.TopicIdStrategy, value.serializer=io.apicurio.registry.serde.avro.AvroKafkaSerializer, request.timeout.ms=5000, acks=all, bootstrap.servers=PLAINTEXT://localhost:32770, connections.max.idle.ms=10000, key.serializer=org.apache.kafka.common.serialization.StringSerializer, client.id=Producer-topic-72a060b0_74da_4930_af5d_989e76d21c1a}
2025-07-31 18:12:47,712 INFO  [io.api.tes.ser.api.SimpleSerdesTesterBuilder$SimpleSerdesTester] (main) Using consumer configuration: {}
2025-07-31 18:12:47,715 INFO  [io.api.tes.ser.api.KafkaSerdesTester] (Thread-645) Sending message {"id": "record-0"} to topic topic-72a060b0_74da_4930_af5d_989e76d21c1a
2025-07-31 18:12:47,724 WARN  [org.apa.kaf.cli.NetworkClient] (kafka-producer-network-thread | Producer-topic-72a060b0_74da_4930_af5d_989e76d21c1a) [Producer clientId=Producer-topic-72a060b0_74da_4930_af5d_989e76d21c1a] The metadata response from the cluster reported a recoverable issue with correlation id 2 : {topic-72a060b0_74da_4930_af5d_989e76d21c1a=LEADER_NOT_AVAILABLE}
2025-07-31 18:12:47,724 INFO  [org.apa.kaf.cli.Metadata] (kafka-producer-network-thread | Producer-topic-72a060b0_74da_4930_af5d_989e76d21c1a) [Producer clientId=Producer-topic-72a060b0_74da_4930_af5d_989e76d21c1a] Cluster ID: Pi_RUBSBSj-WuHInrGEQ6g
2025-07-31 18:12:47,725 INFO  [org.apa.kaf.cli.pro.int.TransactionManager] (kafka-producer-network-thread | Producer-topic-72a060b0_74da_4930_af5d_989e76d21c1a) [Producer clientId=Producer-topic-72a060b0_74da_4930_af5d_989e76d21c1a] ProducerId set to 10 with epoch 0
2025-07-31 18:12:47,868 INFO  [io.api.tes.ser.api.KafkaSerdesTester] (Thread-645) Sending message {"value": 1} to topic topic-72a060b0_74da_4930_af5d_989e76d21c1a
2025-07-31 18:12:47,895 INFO  [io.api.tes.ser.api.KafkaSerdesTester] (Thread-645) Sending message {"active": true} to topic topic-72a060b0_74da_4930_af5d_989e76d21c1a
2025-07-31 18:12:47,922 INFO  [io.api.tes.ser.api.KafkaSerdesTester] (Thread-645) Sending message {"id": "record-3"} to topic topic-72a060b0_74da_4930_af5d_989e76d21c1a
2025-07-31 18:12:47,924 INFO  [io.api.tes.ser.api.KafkaSerdesTester] (Thread-645) Sending message {"value": 4} to topic topic-72a060b0_74da_4930_af5d_989e76d21c1a
2025-07-31 18:12:47,928 INFO  [io.api.tes.ser.api.KafkaSerdesTester] (Thread-645) Sending message {"active": false} to topic topic-72a060b0_74da_4930_af5d_989e76d21c1a
2025-07-31 18:12:47,930 INFO  [io.api.tes.ser.api.KafkaSerdesTester] (Thread-645) Sending message {"id": "record-6"} to topic topic-72a060b0_74da_4930_af5d_989e76d21c1a
2025-07-31 18:12:47,931 INFO  [io.api.tes.ser.api.KafkaSerdesTester] (Thread-645) Sending message {"value": 7} to topic topic-72a060b0_74da_4930_af5d_989e76d21c1a
2025-07-31 18:12:47,935 INFO  [io.api.tes.ser.api.KafkaSerdesTester] (Thread-645) Sending message {"active": true} to topic topic-72a060b0_74da_4930_af5d_989e76d21c1a
2025-07-31 18:12:47,937 INFO  [io.api.tes.ser.api.KafkaSerdesTester] (Thread-645) Sending message {"id": "record-9"} to topic topic-72a060b0_74da_4930_af5d_989e76d21c1a
2025-07-31 18:12:47,938 INFO  [io.api.tes.ser.api.KafkaSerdesTester] (Thread-645) Produced 10 messages
2025-07-31 18:12:47,938 INFO  [org.apa.kaf.cli.pro.KafkaProducer] (Thread-645) [Producer clientId=Producer-topic-72a060b0_74da_4930_af5d_989e76d21c1a] Closing the Kafka producer with timeoutMillis = 9223372036854775807 ms.
2025-07-31 18:12:47,940 INFO  [org.apa.kaf.com.met.Metrics] (Thread-645) Metrics scheduler closed
2025-07-31 18:12:47,940 INFO  [org.apa.kaf.com.met.Metrics] (Thread-645) Closing reporter org.apache.kafka.common.metrics.JmxReporter
2025-07-31 18:12:47,940 INFO  [org.apa.kaf.com.met.Metrics] (Thread-645) Closing reporter org.apache.kafka.common.telemetry.internals.ClientTelemetryReporter
2025-07-31 18:12:47,940 INFO  [org.apa.kaf.com.met.Metrics] (Thread-645) Metrics reporters closed
2025-07-31 18:12:47,940 INFO  [org.apa.kaf.com.uti.AppInfoParser] (Thread-645) App info kafka.producer for Producer-topic-72a060b0_74da_4930_af5d_989e76d21c1a unregistered
2025-07-31 18:12:47,978 INFO  [io.api.tes.ser.api.AvroSerdeIT] (main) Artifact topic-72a060b0_74da_4930_af5d_989e76d21c1a-value found in registry with globalId 25
**** Registry Base URL: http://registry-app-inmemory.apps.ci419.apicurio-testing.org:80
2025-07-31 18:12:47,979 INFO  [org.apa.kaf.cli.con.ConsumerConfig] (main) ConsumerConfig values: 
	allow.auto.create.topics = true
	auto.commit.interval.ms = 500
	auto.include.jmx.reporter = true
	auto.offset.reset = earliest
	bootstrap.servers = [PLAINTEXT://localhost:32770]
	check.crcs = true
	client.dns.lookup = use_all_dns_ips
	client.id = consumer-Consumer-topic-72a060b0_74da_4930_af5d_989e76d21c1a-8
	client.rack = 
	connections.max.idle.ms = 10000
	default.api.timeout.ms = 60000
	enable.auto.commit = true
	enable.metrics.push = true
	exclude.internal.topics = true
	fetch.max.bytes = 52428800
	fetch.max.wait.ms = 500
	fetch.min.bytes = 1
	group.id = Consumer-topic-72a060b0_74da_4930_af5d_989e76d21c1a
	group.instance.id = null
	group.protocol = classic
	group.remote.assignor = null
	heartbeat.interval.ms = 3000
	interceptor.classes = []
	internal.leave.group.on.close = true
	internal.throw.on.fetch.stable.offset.unsupported = false
	isolation.level = read_uncommitted
	key.deserializer = class org.apache.kafka.common.serialization.StringDeserializer
	max.partition.fetch.bytes = 1048576
	max.poll.interval.ms = 300000
	max.poll.records = 500
	metadata.max.age.ms = 300000
	metadata.recovery.strategy = none
	metric.reporters = []
	metrics.num.samples = 2
	metrics.recording.level = INFO
	metrics.sample.window.ms = 30000
	partition.assignment.strategy = [class org.apache.kafka.clients.consumer.RangeAssignor, class org.apache.kafka.clients.consumer.CooperativeStickyAssignor]
	receive.buffer.bytes = 65536
	reconnect.backoff.max.ms = 1000
	reconnect.backoff.ms = 50
	request.timeout.ms = 5000
	retry.backoff.max.ms = 1000
	retry.backoff.ms = 100
	sasl.client.callback.handler.class = null
	sasl.jaas.config = null
	sasl.kerberos.kinit.cmd = /usr/bin/kinit
	sasl.kerberos.min.time.before.relogin = 60000
	sasl.kerberos.service.name = null
	sasl.kerberos.ticket.renew.jitter = 0.05
	sasl.kerberos.ticket.renew.window.factor = 0.8
	sasl.login.callback.handler.class = null
	sasl.login.class = null
	sasl.login.connect.timeout.ms = null
	sasl.login.read.timeout.ms = null
	sasl.login.refresh.buffer.seconds = 300
	sasl.login.refresh.min.period.seconds = 60
	sasl.login.refresh.window.factor = 0.8
	sasl.login.refresh.window.jitter = 0.05
	sasl.login.retry.backoff.max.ms = 10000
	sasl.login.retry.backoff.ms = 100
	sasl.mechanism = GSSAPI
	sasl.oauthbearer.clock.skew.seconds = 30
	sasl.oauthbearer.expected.audience = null
	sasl.oauthbearer.expected.issuer = null
	sasl.oauthbearer.header.urlencode = false
	sasl.oauthbearer.jwks.endpoint.refresh.ms = 3600000
	sasl.oauthbearer.jwks.endpoint.retry.backoff.max.ms = 10000
	sasl.oauthbearer.jwks.endpoint.retry.backoff.ms = 100
	sasl.oauthbearer.jwks.endpoint.url = null
	sasl.oauthbearer.scope.claim.name = scope
	sasl.oauthbearer.sub.claim.name = sub
	sasl.oauthbearer.token.endpoint.url = null
	security.protocol = PLAINTEXT
	security.providers = null
	send.buffer.bytes = 131072
	session.timeout.ms = 45000
	socket.connection.setup.timeout.max.ms = 30000
	socket.connection.setup.timeout.ms = 10000
	ssl.cipher.suites = null
	ssl.enabled.protocols = [TLSv1.2, TLSv1.3]
	ssl.endpoint.identification.algorithm = https
	ssl.engine.factory.class = null
	ssl.key.password = null
	ssl.keymanager.algorithm = SunX509
	ssl.keystore.certificate.chain = null
	ssl.keystore.key = null
	ssl.keystore.location = null
	ssl.keystore.password = null
	ssl.keystore.type = JKS
	ssl.protocol = TLSv1.3
	ssl.provider = null
	ssl.secure.random.implementation = null
	ssl.trustmanager.algorithm = PKIX
	ssl.truststore.certificates = null
	ssl.truststore.location = null
	ssl.truststore.password = null
	ssl.truststore.type = JKS
	value.deserializer = class io.apicurio.registry.serde.avro.AvroKafkaDeserializer

2025-07-31 18:12:47,979 INFO  [org.apa.kaf.com.tel.int.KafkaMetricsCollector] (main) initializing Kafka metrics collector
2025-07-31 18:12:47,986 INFO  [org.apa.kaf.cli.con.ConsumerConfig] (main) These configurations '[apicurio.registry.url]' were supplied but are not used yet.
2025-07-31 18:12:47,986 INFO  [org.apa.kaf.com.uti.AppInfoParser] (main) Kafka version: 3.9.1
2025-07-31 18:12:47,986 INFO  [org.apa.kaf.com.uti.AppInfoParser] (main) Kafka commitId: f745dfdcee2b9851
2025-07-31 18:12:47,986 INFO  [org.apa.kaf.com.uti.AppInfoParser] (main) Kafka startTimeMs: 1753985567986
2025-07-31 18:12:47,987 INFO  [org.apa.kaf.cli.con.int.ClassicKafkaConsumer] (Thread-648) [Consumer clientId=consumer-Consumer-topic-72a060b0_74da_4930_af5d_989e76d21c1a-8, groupId=Consumer-topic-72a060b0_74da_4930_af5d_989e76d21c1a] Subscribed to topic(s): topic-72a060b0_74da_4930_af5d_989e76d21c1a
2025-07-31 18:12:47,992 INFO  [org.apa.kaf.cli.Metadata] (Thread-648) [Consumer clientId=consumer-Consumer-topic-72a060b0_74da_4930_af5d_989e76d21c1a-8, groupId=Consumer-topic-72a060b0_74da_4930_af5d_989e76d21c1a] Cluster ID: Pi_RUBSBSj-WuHInrGEQ6g
2025-07-31 18:12:47,993 INFO  [org.apa.kaf.cli.con.int.ConsumerCoordinator] (Thread-648) [Consumer clientId=consumer-Consumer-topic-72a060b0_74da_4930_af5d_989e76d21c1a-8, groupId=Consumer-topic-72a060b0_74da_4930_af5d_989e76d21c1a] Discovered group coordinator localhost:32770 (id: 2147483647 rack: null)
2025-07-31 18:12:47,994 INFO  [org.apa.kaf.cli.con.int.ConsumerCoordinator] (Thread-648) [Consumer clientId=consumer-Consumer-topic-72a060b0_74da_4930_af5d_989e76d21c1a-8, groupId=Consumer-topic-72a060b0_74da_4930_af5d_989e76d21c1a] (Re-)joining group
2025-07-31 18:12:48,000 INFO  [org.apa.kaf.cli.con.int.ConsumerCoordinator] (Thread-648) [Consumer clientId=consumer-Consumer-topic-72a060b0_74da_4930_af5d_989e76d21c1a-8, groupId=Consumer-topic-72a060b0_74da_4930_af5d_989e76d21c1a] Request joining group due to: need to re-join with the given member-id: consumer-Consumer-topic-72a060b0_74da_4930_af5d_989e76d21c1a-8-9c4deb2f-c28c-4ab7-9487-383a08490595
2025-07-31 18:12:48,001 INFO  [org.apa.kaf.cli.con.int.ConsumerCoordinator] (Thread-648) [Consumer clientId=consumer-Consumer-topic-72a060b0_74da_4930_af5d_989e76d21c1a-8, groupId=Consumer-topic-72a060b0_74da_4930_af5d_989e76d21c1a] (Re-)joining group
2025-07-31 18:12:48,003 INFO  [org.apa.kaf.cli.con.int.ConsumerCoordinator] (Thread-648) [Consumer clientId=consumer-Consumer-topic-72a060b0_74da_4930_af5d_989e76d21c1a-8, groupId=Consumer-topic-72a060b0_74da_4930_af5d_989e76d21c1a] Successfully joined group with generation Generation{generationId=1, memberId='consumer-Consumer-topic-72a060b0_74da_4930_af5d_989e76d21c1a-8-9c4deb2f-c28c-4ab7-9487-383a08490595', protocol='range'}
2025-07-31 18:12:48,003 INFO  [org.apa.kaf.cli.con.int.ConsumerCoordinator] (Thread-648) [Consumer clientId=consumer-Consumer-topic-72a060b0_74da_4930_af5d_989e76d21c1a-8, groupId=Consumer-topic-72a060b0_74da_4930_af5d_989e76d21c1a] Finished assignment for group at generation 1: {consumer-Consumer-topic-72a060b0_74da_4930_af5d_989e76d21c1a-8-9c4deb2f-c28c-4ab7-9487-383a08490595=Assignment(partitions=[topic-72a060b0_74da_4930_af5d_989e76d21c1a-0])}
2025-07-31 18:12:48,012 INFO  [org.apa.kaf.cli.con.int.ConsumerCoordinator] (Thread-648) [Consumer clientId=consumer-Consumer-topic-72a060b0_74da_4930_af5d_989e76d21c1a-8, groupId=Consumer-topic-72a060b0_74da_4930_af5d_989e76d21c1a] Successfully synced group in generation Generation{generationId=1, memberId='consumer-Consumer-topic-72a060b0_74da_4930_af5d_989e76d21c1a-8-9c4deb2f-c28c-4ab7-9487-383a08490595', protocol='range'}
2025-07-31 18:12:48,012 INFO  [org.apa.kaf.cli.con.int.ConsumerCoordinator] (Thread-648) [Consumer clientId=consumer-Consumer-topic-72a060b0_74da_4930_af5d_989e76d21c1a-8, groupId=Consumer-topic-72a060b0_74da_4930_af5d_989e76d21c1a] Notifying assignor about the new Assignment(partitions=[topic-72a060b0_74da_4930_af5d_989e76d21c1a-0])
2025-07-31 18:12:48,012 INFO  [org.apa.kaf.cli.con.int.ConsumerRebalanceListenerInvoker] (Thread-648) [Consumer clientId=consumer-Consumer-topic-72a060b0_74da_4930_af5d_989e76d21c1a-8, groupId=Consumer-topic-72a060b0_74da_4930_af5d_989e76d21c1a] Adding newly assigned partitions: topic-72a060b0_74da_4930_af5d_989e76d21c1a-0
2025-07-31 18:12:48,014 INFO  [org.apa.kaf.cli.con.int.ConsumerCoordinator] (Thread-648) [Consumer clientId=consumer-Consumer-topic-72a060b0_74da_4930_af5d_989e76d21c1a-8, groupId=Consumer-topic-72a060b0_74da_4930_af5d_989e76d21c1a] Found no committed offset for partition topic-72a060b0_74da_4930_af5d_989e76d21c1a-0
2025-07-31 18:12:48,018 INFO  [org.apa.kaf.cli.con.int.SubscriptionState] (Thread-648) [Consumer clientId=consumer-Consumer-topic-72a060b0_74da_4930_af5d_989e76d21c1a-8, groupId=Consumer-topic-72a060b0_74da_4930_af5d_989e76d21c1a] Resetting offset for partition topic-72a060b0_74da_4930_af5d_989e76d21c1a-0 to position FetchPosition{offset=0, offsetEpoch=Optional.empty, currentLeader=LeaderAndEpoch{leader=Optional[localhost:32770 (id: 0 rack: null)], epoch=0}}.
2025-07-31 18:12:48,101 INFO  [io.api.tes.ser.api.KafkaSerdesTester] (Thread-648) topic-72a060b0_74da_4930_af5d_989e76d21c1a 0 0 {"id": "record-0"}
2025-07-31 18:12:48,101 INFO  [io.api.tes.ser.api.KafkaSerdesTester] (Thread-648) topic-72a060b0_74da_4930_af5d_989e76d21c1a 0 1 {"value": 1}
2025-07-31 18:12:48,101 INFO  [io.api.tes.ser.api.KafkaSerdesTester] (Thread-648) topic-72a060b0_74da_4930_af5d_989e76d21c1a 0 2 {"active": true}
2025-07-31 18:12:48,101 INFO  [io.api.tes.ser.api.KafkaSerdesTester] (Thread-648) topic-72a060b0_74da_4930_af5d_989e76d21c1a 0 3 {"id": "record-3"}
2025-07-31 18:12:48,101 INFO  [io.api.tes.ser.api.KafkaSerdesTester] (Thread-648) topic-72a060b0_74da_4930_af5d_989e76d21c1a 0 4 {"value": 4}
2025-07-31 18:12:48,101 INFO  [io.api.tes.ser.api.KafkaSerdesTester] (Thread-648) topic-72a060b0_74da_4930_af5d_989e76d21c1a 0 5 {"active": false}
2025-07-31 18:12:48,101 INFO  [io.api.tes.ser.api.KafkaSerdesTester] (Thread-648) topic-72a060b0_74da_4930_af5d_989e76d21c1a 0 6 {"id": "record-6"}
2025-07-31 18:12:48,101 INFO  [io.api.tes.ser.api.KafkaSerdesTester] (Thread-648) topic-72a060b0_74da_4930_af5d_989e76d21c1a 0 7 {"value": 7}
2025-07-31 18:12:48,102 INFO  [io.api.tes.ser.api.KafkaSerdesTester] (Thread-648) topic-72a060b0_74da_4930_af5d_989e76d21c1a 0 8 {"active": true}
2025-07-31 18:12:48,102 INFO  [io.api.tes.ser.api.KafkaSerdesTester] (Thread-648) topic-72a060b0_74da_4930_af5d_989e76d21c1a 0 9 {"id": "record-9"}
2025-07-31 18:12:48,102 INFO  [io.api.tes.ser.api.KafkaSerdesTester] (Thread-648) Consumed 10 messages
2025-07-31 18:12:48,106 INFO  [org.apa.kaf.cli.con.int.ConsumerRebalanceListenerInvoker] (Thread-648) [Consumer clientId=consumer-Consumer-topic-72a060b0_74da_4930_af5d_989e76d21c1a-8, groupId=Consumer-topic-72a060b0_74da_4930_af5d_989e76d21c1a] Revoke previously assigned partitions topic-72a060b0_74da_4930_af5d_989e76d21c1a-0
2025-07-31 18:12:48,106 INFO  [org.apa.kaf.cli.con.int.ConsumerCoordinator] (Thread-648) [Consumer clientId=consumer-Consumer-topic-72a060b0_74da_4930_af5d_989e76d21c1a-8, groupId=Consumer-topic-72a060b0_74da_4930_af5d_989e76d21c1a] Member consumer-Consumer-topic-72a060b0_74da_4930_af5d_989e76d21c1a-8-9c4deb2f-c28c-4ab7-9487-383a08490595 sending LeaveGroup request to coordinator localhost:32770 (id: 2147483647 rack: null) due to the consumer is being closed
2025-07-31 18:12:48,106 INFO  [org.apa.kaf.cli.con.int.ConsumerCoordinator] (Thread-648) [Consumer clientId=consumer-Consumer-topic-72a060b0_74da_4930_af5d_989e76d21c1a-8, groupId=Consumer-topic-72a060b0_74da_4930_af5d_989e76d21c1a] Resetting generation and member id due to: consumer pro-actively leaving the group
2025-07-31 18:12:48,106 INFO  [org.apa.kaf.cli.con.int.ConsumerCoordinator] (Thread-648) [Consumer clientId=consumer-Consumer-topic-72a060b0_74da_4930_af5d_989e76d21c1a-8, groupId=Consumer-topic-72a060b0_74da_4930_af5d_989e76d21c1a] Request joining group due to: consumer pro-actively leaving the group
2025-07-31 18:12:48,605 INFO  [org.apa.kaf.com.met.Metrics] (Thread-648) Metrics scheduler closed
2025-07-31 18:12:48,605 INFO  [org.apa.kaf.com.met.Metrics] (Thread-648) Closing reporter org.apache.kafka.common.metrics.JmxReporter
2025-07-31 18:12:48,605 INFO  [org.apa.kaf.com.met.Metrics] (Thread-648) Closing reporter org.apache.kafka.common.telemetry.internals.ClientTelemetryReporter
2025-07-31 18:12:48,605 INFO  [org.apa.kaf.com.met.Metrics] (Thread-648) Metrics reporters closed
2025-07-31 18:12:48,610 INFO  [org.apa.kaf.com.uti.AppInfoParser] (Thread-648) App info kafka.consumer for consumer-Consumer-topic-72a060b0_74da_4930_af5d_989e76d21c1a-8 unregistered
2025-07-31 18:12:48,610 INFO  [io.api.tes.uti.TestSeparator] (main) io.apicurio.tests.serdes.apicurio.AvroSerdeIT.testAvroUnionWithSpecificReader-FINISHED
2025-07-31 18:12:48,610 INFO  [io.api.tes.uti.TestSeparator] (main) ############################################################################
Test passed: testAvroUnionWithSpecificReader
]]></system-out>
  </testcase>
  <testcase name="testEvolveAvroApicurioReusingClient" classname="io.apicurio.tests.serdes.apicurio.AvroSerdeIT" time="3.987">
    <system-out><![CDATA[2025-07-31 18:12:48,613 INFO  [io.api.tes.uti.TestSeparator] (main) ############################################################################
2025-07-31 18:12:48,613 INFO  [io.api.tes.uti.TestSeparator] (main) io.apicurio.tests.serdes.apicurio.AvroSerdeIT.testEvolveAvroApicurioReusingClient-STARTED
2025-07-31 18:12:48,617 INFO  [io.api.tes.ser.api.AvroSerdeIT] (main) Registering Avro Schema: {"type":"record","name":"s725c4428xd11ex4367x988dx97d03060e82c","namespace":"ns_29084014_3472_4b09_930f_e14d581c7265","fields":[{"name":"key11753985568613","type":"string"}]}
**** Registry Base URL: http://registry-app-inmemory.apps.ci419.apicurio-testing.org:80
2025-07-31 18:12:49,651 INFO  [org.apa.kaf.cli.pro.ProducerConfig] (main) ProducerConfig values: 
	acks = -1
	auto.include.jmx.reporter = true
	batch.size = 16384
	bootstrap.servers = [PLAINTEXT://localhost:32770]
	buffer.memory = 33554432
	client.dns.lookup = use_all_dns_ips
	client.id = Producer-topic-04adaa04_8c32_41cb_9e4c_6f62b1f15e1c
	compression.gzip.level = -1
	compression.lz4.level = 9
	compression.type = none
	compression.zstd.level = 3
	connections.max.idle.ms = 10000
	delivery.timeout.ms = 120000
	enable.idempotence = true
	enable.metrics.push = true
	interceptor.classes = []
	key.serializer = class org.apache.kafka.common.serialization.StringSerializer
	linger.ms = 0
	max.block.ms = 60000
	max.in.flight.requests.per.connection = 5
	max.request.size = 1048576
	metadata.max.age.ms = 300000
	metadata.max.idle.ms = 300000
	metadata.recovery.strategy = none
	metric.reporters = []
	metrics.num.samples = 2
	metrics.recording.level = INFO
	metrics.sample.window.ms = 30000
	partitioner.adaptive.partitioning.enable = true
	partitioner.availability.timeout.ms = 0
	partitioner.class = null
	partitioner.ignore.keys = false
	receive.buffer.bytes = 32768
	reconnect.backoff.max.ms = 1000
	reconnect.backoff.ms = 50
	request.timeout.ms = 5000
	retries = 2147483647
	retry.backoff.max.ms = 1000
	retry.backoff.ms = 100
	sasl.client.callback.handler.class = null
	sasl.jaas.config = null
	sasl.kerberos.kinit.cmd = /usr/bin/kinit
	sasl.kerberos.min.time.before.relogin = 60000
	sasl.kerberos.service.name = null
	sasl.kerberos.ticket.renew.jitter = 0.05
	sasl.kerberos.ticket.renew.window.factor = 0.8
	sasl.login.callback.handler.class = null
	sasl.login.class = null
	sasl.login.connect.timeout.ms = null
	sasl.login.read.timeout.ms = null
	sasl.login.refresh.buffer.seconds = 300
	sasl.login.refresh.min.period.seconds = 60
	sasl.login.refresh.window.factor = 0.8
	sasl.login.refresh.window.jitter = 0.05
	sasl.login.retry.backoff.max.ms = 10000
	sasl.login.retry.backoff.ms = 100
	sasl.mechanism = GSSAPI
	sasl.oauthbearer.clock.skew.seconds = 30
	sasl.oauthbearer.expected.audience = null
	sasl.oauthbearer.expected.issuer = null
	sasl.oauthbearer.header.urlencode = false
	sasl.oauthbearer.jwks.endpoint.refresh.ms = 3600000
	sasl.oauthbearer.jwks.endpoint.retry.backoff.max.ms = 10000
	sasl.oauthbearer.jwks.endpoint.retry.backoff.ms = 100
	sasl.oauthbearer.jwks.endpoint.url = null
	sasl.oauthbearer.scope.claim.name = scope
	sasl.oauthbearer.sub.claim.name = sub
	sasl.oauthbearer.token.endpoint.url = null
	security.protocol = PLAINTEXT
	security.providers = null
	send.buffer.bytes = 131072
	socket.connection.setup.timeout.max.ms = 30000
	socket.connection.setup.timeout.ms = 10000
	ssl.cipher.suites = null
	ssl.enabled.protocols = [TLSv1.2, TLSv1.3]
	ssl.endpoint.identification.algorithm = https
	ssl.engine.factory.class = null
	ssl.key.password = null
	ssl.keymanager.algorithm = SunX509
	ssl.keystore.certificate.chain = null
	ssl.keystore.key = null
	ssl.keystore.location = null
	ssl.keystore.password = null
	ssl.keystore.type = JKS
	ssl.protocol = TLSv1.3
	ssl.provider = null
	ssl.secure.random.implementation = null
	ssl.trustmanager.algorithm = PKIX
	ssl.truststore.certificates = null
	ssl.truststore.location = null
	ssl.truststore.password = null
	ssl.truststore.type = JKS
	transaction.timeout.ms = 60000
	transactional.id = null
	value.serializer = class io.apicurio.registry.serde.avro.AvroKafkaSerializer

2025-07-31 18:12:49,651 INFO  [org.apa.kaf.com.tel.int.KafkaMetricsCollector] (main) initializing Kafka metrics collector
2025-07-31 18:12:49,655 INFO  [org.apa.kaf.cli.pro.KafkaProducer] (main) [Producer clientId=Producer-topic-04adaa04_8c32_41cb_9e4c_6f62b1f15e1c] Instantiated an idempotent producer.
2025-07-31 18:12:49,657 INFO  [org.apa.kaf.cli.pro.ProducerConfig] (main) These configurations '[apicurio.registry.url, apicurio.registry.artifact-resolver-strategy]' were supplied but are not used yet.
2025-07-31 18:12:49,657 INFO  [org.apa.kaf.com.uti.AppInfoParser] (main) Kafka version: 3.9.1
2025-07-31 18:12:49,657 INFO  [org.apa.kaf.com.uti.AppInfoParser] (main) Kafka commitId: f745dfdcee2b9851
2025-07-31 18:12:49,657 INFO  [org.apa.kaf.com.uti.AppInfoParser] (main) Kafka startTimeMs: 1753985569657
**** Registry Base URL: http://registry-app-inmemory.apps.ci419.apicurio-testing.org:80
2025-07-31 18:12:49,658 INFO  [org.apa.kaf.cli.con.ConsumerConfig] (main) ConsumerConfig values: 
	allow.auto.create.topics = true
	auto.commit.interval.ms = 500
	auto.include.jmx.reporter = true
	auto.offset.reset = earliest
	bootstrap.servers = [PLAINTEXT://localhost:32770]
	check.crcs = true
	client.dns.lookup = use_all_dns_ips
	client.id = consumer-Consumer-topic-04adaa04_8c32_41cb_9e4c_6f62b1f15e1c-9
	client.rack = 
	connections.max.idle.ms = 10000
	default.api.timeout.ms = 60000
	enable.auto.commit = true
	enable.metrics.push = true
	exclude.internal.topics = true
	fetch.max.bytes = 52428800
	fetch.max.wait.ms = 500
	fetch.min.bytes = 1
	group.id = Consumer-topic-04adaa04_8c32_41cb_9e4c_6f62b1f15e1c
	group.instance.id = null
	group.protocol = classic
	group.remote.assignor = null
	heartbeat.interval.ms = 3000
	interceptor.classes = []
	internal.leave.group.on.close = true
	internal.throw.on.fetch.stable.offset.unsupported = false
	isolation.level = read_uncommitted
	key.deserializer = class org.apache.kafka.common.serialization.StringDeserializer
	max.partition.fetch.bytes = 1048576
	max.poll.interval.ms = 300000
	max.poll.records = 500
	metadata.max.age.ms = 300000
	metadata.recovery.strategy = none
	metric.reporters = []
	metrics.num.samples = 2
	metrics.recording.level = INFO
	metrics.sample.window.ms = 30000
	partition.assignment.strategy = [class org.apache.kafka.clients.consumer.RangeAssignor, class org.apache.kafka.clients.consumer.CooperativeStickyAssignor]
	receive.buffer.bytes = 65536
	reconnect.backoff.max.ms = 1000
	reconnect.backoff.ms = 50
	request.timeout.ms = 5000
	retry.backoff.max.ms = 1000
	retry.backoff.ms = 100
	sasl.client.callback.handler.class = null
	sasl.jaas.config = null
	sasl.kerberos.kinit.cmd = /usr/bin/kinit
	sasl.kerberos.min.time.before.relogin = 60000
	sasl.kerberos.service.name = null
	sasl.kerberos.ticket.renew.jitter = 0.05
	sasl.kerberos.ticket.renew.window.factor = 0.8
	sasl.login.callback.handler.class = null
	sasl.login.class = null
	sasl.login.connect.timeout.ms = null
	sasl.login.read.timeout.ms = null
	sasl.login.refresh.buffer.seconds = 300
	sasl.login.refresh.min.period.seconds = 60
	sasl.login.refresh.window.factor = 0.8
	sasl.login.refresh.window.jitter = 0.05
	sasl.login.retry.backoff.max.ms = 10000
	sasl.login.retry.backoff.ms = 100
	sasl.mechanism = GSSAPI
	sasl.oauthbearer.clock.skew.seconds = 30
	sasl.oauthbearer.expected.audience = null
	sasl.oauthbearer.expected.issuer = null
	sasl.oauthbearer.header.urlencode = false
	sasl.oauthbearer.jwks.endpoint.refresh.ms = 3600000
	sasl.oauthbearer.jwks.endpoint.retry.backoff.max.ms = 10000
	sasl.oauthbearer.jwks.endpoint.retry.backoff.ms = 100
	sasl.oauthbearer.jwks.endpoint.url = null
	sasl.oauthbearer.scope.claim.name = scope
	sasl.oauthbearer.sub.claim.name = sub
	sasl.oauthbearer.token.endpoint.url = null
	security.protocol = PLAINTEXT
	security.providers = null
	send.buffer.bytes = 131072
	session.timeout.ms = 45000
	socket.connection.setup.timeout.max.ms = 30000
	socket.connection.setup.timeout.ms = 10000
	ssl.cipher.suites = null
	ssl.enabled.protocols = [TLSv1.2, TLSv1.3]
	ssl.endpoint.identification.algorithm = https
	ssl.engine.factory.class = null
	ssl.key.password = null
	ssl.keymanager.algorithm = SunX509
	ssl.keystore.certificate.chain = null
	ssl.keystore.key = null
	ssl.keystore.location = null
	ssl.keystore.password = null
	ssl.keystore.type = JKS
	ssl.protocol = TLSv1.3
	ssl.provider = null
	ssl.secure.random.implementation = null
	ssl.trustmanager.algorithm = PKIX
	ssl.truststore.certificates = null
	ssl.truststore.location = null
	ssl.truststore.password = null
	ssl.truststore.type = JKS
	value.deserializer = class io.apicurio.registry.serde.avro.AvroKafkaDeserializer

2025-07-31 18:12:49,658 INFO  [org.apa.kaf.com.tel.int.KafkaMetricsCollector] (main) initializing Kafka metrics collector
2025-07-31 18:12:49,664 INFO  [org.apa.kaf.cli.Metadata] (kafka-producer-network-thread | Producer-topic-04adaa04_8c32_41cb_9e4c_6f62b1f15e1c) [Producer clientId=Producer-topic-04adaa04_8c32_41cb_9e4c_6f62b1f15e1c] Cluster ID: Pi_RUBSBSj-WuHInrGEQ6g
2025-07-31 18:12:49,666 INFO  [org.apa.kaf.cli.pro.int.TransactionManager] (kafka-producer-network-thread | Producer-topic-04adaa04_8c32_41cb_9e4c_6f62b1f15e1c) [Producer clientId=Producer-topic-04adaa04_8c32_41cb_9e4c_6f62b1f15e1c] ProducerId set to 11 with epoch 0
2025-07-31 18:12:49,669 INFO  [org.apa.kaf.cli.con.ConsumerConfig] (main) These configurations '[apicurio.registry.url]' were supplied but are not used yet.
2025-07-31 18:12:49,669 INFO  [org.apa.kaf.com.uti.AppInfoParser] (main) Kafka version: 3.9.1
2025-07-31 18:12:49,669 INFO  [org.apa.kaf.com.uti.AppInfoParser] (main) Kafka commitId: f745dfdcee2b9851
2025-07-31 18:12:49,669 INFO  [org.apa.kaf.com.uti.AppInfoParser] (main) Kafka startTimeMs: 1753985569669
2025-07-31 18:12:49,674 INFO  [io.api.tes.ser.api.KafkaSerdesTester] (Thread-653) Sending message {"key11753985568613": "value-0"} to topic topic-04adaa04_8c32_41cb_9e4c_6f62b1f15e1c
2025-07-31 18:12:49,677 INFO  [DefaultSchemaResolver] (Thread-653) Retrieving schema content using string: {"type":"record","name":"s725c4428xd11ex4367x988dx97d03060e82c","namespace":"ns_29084014_3472_4b09_930f_e14d581c7265","fields":[{"name":"key11753985568613","type":"string"}]}
2025-07-31 18:12:49,708 INFO  [io.api.tes.ser.api.KafkaSerdesTester] (Thread-653) Sending message {"key11753985568613": "value-1"} to topic topic-04adaa04_8c32_41cb_9e4c_6f62b1f15e1c
2025-07-31 18:12:49,710 INFO  [io.api.tes.ser.api.KafkaSerdesTester] (Thread-653) Sending message {"key11753985568613": "value-2"} to topic topic-04adaa04_8c32_41cb_9e4c_6f62b1f15e1c
2025-07-31 18:12:49,712 INFO  [io.api.tes.ser.api.KafkaSerdesTester] (Thread-653) Sending message {"key11753985568613": "value-3"} to topic topic-04adaa04_8c32_41cb_9e4c_6f62b1f15e1c
2025-07-31 18:12:49,714 INFO  [io.api.tes.ser.api.KafkaSerdesTester] (Thread-653) Sending message {"key11753985568613": "value-4"} to topic topic-04adaa04_8c32_41cb_9e4c_6f62b1f15e1c
2025-07-31 18:12:49,723 INFO  [io.api.tes.ser.api.KafkaSerdesTester] (Thread-653) Sending message {"key11753985568613": "value-5"} to topic topic-04adaa04_8c32_41cb_9e4c_6f62b1f15e1c
2025-07-31 18:12:49,726 INFO  [io.api.tes.ser.api.KafkaSerdesTester] (Thread-653) Sending message {"key11753985568613": "value-6"} to topic topic-04adaa04_8c32_41cb_9e4c_6f62b1f15e1c
2025-07-31 18:12:49,728 INFO  [io.api.tes.ser.api.KafkaSerdesTester] (Thread-653) Sending message {"key11753985568613": "value-7"} to topic topic-04adaa04_8c32_41cb_9e4c_6f62b1f15e1c
2025-07-31 18:12:49,731 INFO  [io.api.tes.ser.api.KafkaSerdesTester] (Thread-653) Sending message {"key11753985568613": "value-8"} to topic topic-04adaa04_8c32_41cb_9e4c_6f62b1f15e1c
2025-07-31 18:12:49,734 INFO  [io.api.tes.ser.api.KafkaSerdesTester] (Thread-653) Sending message {"key11753985568613": "value-9"} to topic topic-04adaa04_8c32_41cb_9e4c_6f62b1f15e1c
2025-07-31 18:12:49,736 INFO  [io.api.tes.ser.api.KafkaSerdesTester] (Thread-653) Produced 10 messages
2025-07-31 18:12:49,741 INFO  [org.apa.kaf.cli.con.int.ClassicKafkaConsumer] (Thread-654) [Consumer clientId=consumer-Consumer-topic-04adaa04_8c32_41cb_9e4c_6f62b1f15e1c-9, groupId=Consumer-topic-04adaa04_8c32_41cb_9e4c_6f62b1f15e1c] Subscribed to topic(s): topic-04adaa04_8c32_41cb_9e4c_6f62b1f15e1c
2025-07-31 18:12:49,755 INFO  [org.apa.kaf.cli.Metadata] (Thread-654) [Consumer clientId=consumer-Consumer-topic-04adaa04_8c32_41cb_9e4c_6f62b1f15e1c-9, groupId=Consumer-topic-04adaa04_8c32_41cb_9e4c_6f62b1f15e1c] Cluster ID: Pi_RUBSBSj-WuHInrGEQ6g
2025-07-31 18:12:49,755 INFO  [org.apa.kaf.cli.con.int.ConsumerCoordinator] (Thread-654) [Consumer clientId=consumer-Consumer-topic-04adaa04_8c32_41cb_9e4c_6f62b1f15e1c-9, groupId=Consumer-topic-04adaa04_8c32_41cb_9e4c_6f62b1f15e1c] Discovered group coordinator localhost:32770 (id: 2147483647 rack: null)
2025-07-31 18:12:49,759 INFO  [org.apa.kaf.cli.con.int.ConsumerCoordinator] (Thread-654) [Consumer clientId=consumer-Consumer-topic-04adaa04_8c32_41cb_9e4c_6f62b1f15e1c-9, groupId=Consumer-topic-04adaa04_8c32_41cb_9e4c_6f62b1f15e1c] (Re-)joining group
2025-07-31 18:12:49,768 INFO  [org.apa.kaf.cli.con.int.ConsumerCoordinator] (Thread-654) [Consumer clientId=consumer-Consumer-topic-04adaa04_8c32_41cb_9e4c_6f62b1f15e1c-9, groupId=Consumer-topic-04adaa04_8c32_41cb_9e4c_6f62b1f15e1c] Request joining group due to: need to re-join with the given member-id: consumer-Consumer-topic-04adaa04_8c32_41cb_9e4c_6f62b1f15e1c-9-bd1d31be-18b0-471e-b497-edcf1dd84cb6
2025-07-31 18:12:49,768 INFO  [org.apa.kaf.cli.con.int.ConsumerCoordinator] (Thread-654) [Consumer clientId=consumer-Consumer-topic-04adaa04_8c32_41cb_9e4c_6f62b1f15e1c-9, groupId=Consumer-topic-04adaa04_8c32_41cb_9e4c_6f62b1f15e1c] (Re-)joining group
2025-07-31 18:12:49,771 INFO  [org.apa.kaf.cli.con.int.ConsumerCoordinator] (Thread-654) [Consumer clientId=consumer-Consumer-topic-04adaa04_8c32_41cb_9e4c_6f62b1f15e1c-9, groupId=Consumer-topic-04adaa04_8c32_41cb_9e4c_6f62b1f15e1c] Successfully joined group with generation Generation{generationId=1, memberId='consumer-Consumer-topic-04adaa04_8c32_41cb_9e4c_6f62b1f15e1c-9-bd1d31be-18b0-471e-b497-edcf1dd84cb6', protocol='range'}
2025-07-31 18:12:49,772 INFO  [org.apa.kaf.cli.con.int.ConsumerCoordinator] (Thread-654) [Consumer clientId=consumer-Consumer-topic-04adaa04_8c32_41cb_9e4c_6f62b1f15e1c-9, groupId=Consumer-topic-04adaa04_8c32_41cb_9e4c_6f62b1f15e1c] Finished assignment for group at generation 1: {consumer-Consumer-topic-04adaa04_8c32_41cb_9e4c_6f62b1f15e1c-9-bd1d31be-18b0-471e-b497-edcf1dd84cb6=Assignment(partitions=[topic-04adaa04_8c32_41cb_9e4c_6f62b1f15e1c-0])}
2025-07-31 18:12:49,776 INFO  [org.apa.kaf.cli.con.int.ConsumerCoordinator] (Thread-654) [Consumer clientId=consumer-Consumer-topic-04adaa04_8c32_41cb_9e4c_6f62b1f15e1c-9, groupId=Consumer-topic-04adaa04_8c32_41cb_9e4c_6f62b1f15e1c] Successfully synced group in generation Generation{generationId=1, memberId='consumer-Consumer-topic-04adaa04_8c32_41cb_9e4c_6f62b1f15e1c-9-bd1d31be-18b0-471e-b497-edcf1dd84cb6', protocol='range'}
2025-07-31 18:12:49,776 INFO  [org.apa.kaf.cli.con.int.ConsumerCoordinator] (Thread-654) [Consumer clientId=consumer-Consumer-topic-04adaa04_8c32_41cb_9e4c_6f62b1f15e1c-9, groupId=Consumer-topic-04adaa04_8c32_41cb_9e4c_6f62b1f15e1c] Notifying assignor about the new Assignment(partitions=[topic-04adaa04_8c32_41cb_9e4c_6f62b1f15e1c-0])
2025-07-31 18:12:49,776 INFO  [org.apa.kaf.cli.con.int.ConsumerRebalanceListenerInvoker] (Thread-654) [Consumer clientId=consumer-Consumer-topic-04adaa04_8c32_41cb_9e4c_6f62b1f15e1c-9, groupId=Consumer-topic-04adaa04_8c32_41cb_9e4c_6f62b1f15e1c] Adding newly assigned partitions: topic-04adaa04_8c32_41cb_9e4c_6f62b1f15e1c-0
2025-07-31 18:12:49,777 INFO  [org.apa.kaf.cli.con.int.ConsumerCoordinator] (Thread-654) [Consumer clientId=consumer-Consumer-topic-04adaa04_8c32_41cb_9e4c_6f62b1f15e1c-9, groupId=Consumer-topic-04adaa04_8c32_41cb_9e4c_6f62b1f15e1c] Found no committed offset for partition topic-04adaa04_8c32_41cb_9e4c_6f62b1f15e1c-0
2025-07-31 18:12:49,780 INFO  [org.apa.kaf.cli.con.int.SubscriptionState] (Thread-654) [Consumer clientId=consumer-Consumer-topic-04adaa04_8c32_41cb_9e4c_6f62b1f15e1c-9, groupId=Consumer-topic-04adaa04_8c32_41cb_9e4c_6f62b1f15e1c] Resetting offset for partition topic-04adaa04_8c32_41cb_9e4c_6f62b1f15e1c-0 to position FetchPosition{offset=0, offsetEpoch=Optional.empty, currentLeader=LeaderAndEpoch{leader=Optional[localhost:32770 (id: 0 rack: null)], epoch=0}}.
2025-07-31 18:12:49,818 INFO  [io.api.tes.ser.api.KafkaSerdesTester] (Thread-654) topic-04adaa04_8c32_41cb_9e4c_6f62b1f15e1c 0 0 {"key11753985568613": "value-0"}
2025-07-31 18:12:49,818 INFO  [io.api.tes.ser.api.KafkaSerdesTester] (Thread-654) topic-04adaa04_8c32_41cb_9e4c_6f62b1f15e1c 0 1 {"key11753985568613": "value-1"}
2025-07-31 18:12:49,818 INFO  [io.api.tes.ser.api.KafkaSerdesTester] (Thread-654) topic-04adaa04_8c32_41cb_9e4c_6f62b1f15e1c 0 2 {"key11753985568613": "value-2"}
2025-07-31 18:12:49,818 INFO  [io.api.tes.ser.api.KafkaSerdesTester] (Thread-654) topic-04adaa04_8c32_41cb_9e4c_6f62b1f15e1c 0 3 {"key11753985568613": "value-3"}
2025-07-31 18:12:49,818 INFO  [io.api.tes.ser.api.KafkaSerdesTester] (Thread-654) topic-04adaa04_8c32_41cb_9e4c_6f62b1f15e1c 0 4 {"key11753985568613": "value-4"}
2025-07-31 18:12:49,818 INFO  [io.api.tes.ser.api.KafkaSerdesTester] (Thread-654) topic-04adaa04_8c32_41cb_9e4c_6f62b1f15e1c 0 5 {"key11753985568613": "value-5"}
2025-07-31 18:12:49,818 INFO  [io.api.tes.ser.api.KafkaSerdesTester] (Thread-654) topic-04adaa04_8c32_41cb_9e4c_6f62b1f15e1c 0 6 {"key11753985568613": "value-6"}
2025-07-31 18:12:49,818 INFO  [io.api.tes.ser.api.KafkaSerdesTester] (Thread-654) topic-04adaa04_8c32_41cb_9e4c_6f62b1f15e1c 0 7 {"key11753985568613": "value-7"}
2025-07-31 18:12:49,818 INFO  [io.api.tes.ser.api.KafkaSerdesTester] (Thread-654) topic-04adaa04_8c32_41cb_9e4c_6f62b1f15e1c 0 8 {"key11753985568613": "value-8"}
2025-07-31 18:12:49,818 INFO  [io.api.tes.ser.api.KafkaSerdesTester] (Thread-654) topic-04adaa04_8c32_41cb_9e4c_6f62b1f15e1c 0 9 {"key11753985568613": "value-9"}
2025-07-31 18:12:49,818 INFO  [io.api.tes.ser.api.KafkaSerdesTester] (Thread-654) Consumed 10 messages
2025-07-31 18:12:49,819 INFO  [io.api.tes.ser.api.AvroSerdeIT] (main) Registering Avro Schema 2: {"type":"record","name":"s725c4428xd11ex4367x988dx97d03060e82c","namespace":"ns_29084014_3472_4b09_930f_e14d581c7265","fields":[{"name":"key11753985568613","type":"string"},{"name":"key21753985569818","type":"string"}]}
2025-07-31 18:12:50,862 INFO  [io.api.tes.ser.api.KafkaSerdesTester] (Thread-655) Sending message {"key11753985568613": "value-0", "key21753985569818": "value-0"} to topic topic-04adaa04_8c32_41cb_9e4c_6f62b1f15e1c
2025-07-31 18:12:50,862 INFO  [DefaultSchemaResolver] (Thread-655) Retrieving schema content using string: {"type":"record","name":"s725c4428xd11ex4367x988dx97d03060e82c","namespace":"ns_29084014_3472_4b09_930f_e14d581c7265","fields":[{"name":"key11753985568613","type":"string"},{"name":"key21753985569818","type":"string"}]}
2025-07-31 18:12:50,883 INFO  [io.api.tes.ser.api.KafkaSerdesTester] (Thread-655) Sending message {"key11753985568613": "value-1", "key21753985569818": "value-1"} to topic topic-04adaa04_8c32_41cb_9e4c_6f62b1f15e1c
2025-07-31 18:12:50,885 INFO  [io.api.tes.ser.api.KafkaSerdesTester] (Thread-655) Sending message {"key11753985568613": "value-2", "key21753985569818": "value-2"} to topic topic-04adaa04_8c32_41cb_9e4c_6f62b1f15e1c
2025-07-31 18:12:50,886 INFO  [io.api.tes.ser.api.KafkaSerdesTester] (Thread-655) Sending message {"key11753985568613": "value-3", "key21753985569818": "value-3"} to topic topic-04adaa04_8c32_41cb_9e4c_6f62b1f15e1c
2025-07-31 18:12:50,890 INFO  [io.api.tes.ser.api.KafkaSerdesTester] (Thread-655) Sending message {"key11753985568613": "value-4", "key21753985569818": "value-4"} to topic topic-04adaa04_8c32_41cb_9e4c_6f62b1f15e1c
2025-07-31 18:12:50,892 INFO  [io.api.tes.ser.api.KafkaSerdesTester] (Thread-655) Sending message {"key11753985568613": "value-5", "key21753985569818": "value-5"} to topic topic-04adaa04_8c32_41cb_9e4c_6f62b1f15e1c
2025-07-31 18:12:50,895 INFO  [io.api.tes.ser.api.KafkaSerdesTester] (Thread-655) Sending message {"key11753985568613": "value-6", "key21753985569818": "value-6"} to topic topic-04adaa04_8c32_41cb_9e4c_6f62b1f15e1c
2025-07-31 18:12:50,896 INFO  [io.api.tes.ser.api.KafkaSerdesTester] (Thread-655) Sending message {"key11753985568613": "value-7", "key21753985569818": "value-7"} to topic topic-04adaa04_8c32_41cb_9e4c_6f62b1f15e1c
2025-07-31 18:12:50,899 INFO  [io.api.tes.ser.api.KafkaSerdesTester] (Thread-655) Sending message {"key11753985568613": "value-8", "key21753985569818": "value-8"} to topic topic-04adaa04_8c32_41cb_9e4c_6f62b1f15e1c
2025-07-31 18:12:50,900 INFO  [io.api.tes.ser.api.KafkaSerdesTester] (Thread-655) Sending message {"key11753985568613": "value-9", "key21753985569818": "value-9"} to topic topic-04adaa04_8c32_41cb_9e4c_6f62b1f15e1c
2025-07-31 18:12:50,902 INFO  [io.api.tes.ser.api.KafkaSerdesTester] (Thread-655) Produced 10 messages
2025-07-31 18:12:50,902 INFO  [io.api.tes.ser.api.KafkaSerdesTester] (Thread-656) Sending message {"key11753985568613": "value-0"} to topic topic-04adaa04_8c32_41cb_9e4c_6f62b1f15e1c
2025-07-31 18:12:50,904 INFO  [io.api.tes.ser.api.KafkaSerdesTester] (Thread-656) Sending message {"key11753985568613": "value-1"} to topic topic-04adaa04_8c32_41cb_9e4c_6f62b1f15e1c
2025-07-31 18:12:50,905 INFO  [io.api.tes.ser.api.KafkaSerdesTester] (Thread-656) Sending message {"key11753985568613": "value-2"} to topic topic-04adaa04_8c32_41cb_9e4c_6f62b1f15e1c
2025-07-31 18:12:50,907 INFO  [io.api.tes.ser.api.KafkaSerdesTester] (Thread-656) Sending message {"key11753985568613": "value-3"} to topic topic-04adaa04_8c32_41cb_9e4c_6f62b1f15e1c
2025-07-31 18:12:50,909 INFO  [io.api.tes.ser.api.KafkaSerdesTester] (Thread-656) Sending message {"key11753985568613": "value-4"} to topic topic-04adaa04_8c32_41cb_9e4c_6f62b1f15e1c
2025-07-31 18:12:50,912 INFO  [io.api.tes.ser.api.KafkaSerdesTester] (Thread-656) Sending message {"key11753985568613": "value-5"} to topic topic-04adaa04_8c32_41cb_9e4c_6f62b1f15e1c
2025-07-31 18:12:50,915 INFO  [io.api.tes.ser.api.KafkaSerdesTester] (Thread-656) Sending message {"key11753985568613": "value-6"} to topic topic-04adaa04_8c32_41cb_9e4c_6f62b1f15e1c
2025-07-31 18:12:50,918 INFO  [io.api.tes.ser.api.KafkaSerdesTester] (Thread-656) Sending message {"key11753985568613": "value-7"} to topic topic-04adaa04_8c32_41cb_9e4c_6f62b1f15e1c
2025-07-31 18:12:50,921 INFO  [io.api.tes.ser.api.KafkaSerdesTester] (Thread-656) Sending message {"key11753985568613": "value-8"} to topic topic-04adaa04_8c32_41cb_9e4c_6f62b1f15e1c
2025-07-31 18:12:50,922 INFO  [io.api.tes.ser.api.KafkaSerdesTester] (Thread-656) Sending message {"key11753985568613": "value-9"} to topic topic-04adaa04_8c32_41cb_9e4c_6f62b1f15e1c
2025-07-31 18:12:50,923 INFO  [io.api.tes.ser.api.KafkaSerdesTester] (Thread-656) Produced 10 messages
2025-07-31 18:12:50,924 INFO  [org.apa.kaf.cli.con.int.ClassicKafkaConsumer] (Thread-657) [Consumer clientId=consumer-Consumer-topic-04adaa04_8c32_41cb_9e4c_6f62b1f15e1c-9, groupId=Consumer-topic-04adaa04_8c32_41cb_9e4c_6f62b1f15e1c] Subscribed to topic(s): topic-04adaa04_8c32_41cb_9e4c_6f62b1f15e1c
2025-07-31 18:12:50,957 INFO  [io.api.tes.ser.api.KafkaSerdesTester] (Thread-657) topic-04adaa04_8c32_41cb_9e4c_6f62b1f15e1c 0 10 {"key11753985568613": "value-0", "key21753985569818": "value-0"}
2025-07-31 18:12:50,957 INFO  [io.api.tes.ser.api.KafkaSerdesTester] (Thread-657) topic-04adaa04_8c32_41cb_9e4c_6f62b1f15e1c 0 11 {"key11753985568613": "value-1", "key21753985569818": "value-1"}
2025-07-31 18:12:50,958 INFO  [io.api.tes.ser.api.KafkaSerdesTester] (Thread-657) topic-04adaa04_8c32_41cb_9e4c_6f62b1f15e1c 0 12 {"key11753985568613": "value-2", "key21753985569818": "value-2"}
2025-07-31 18:12:50,958 INFO  [io.api.tes.ser.api.KafkaSerdesTester] (Thread-657) topic-04adaa04_8c32_41cb_9e4c_6f62b1f15e1c 0 13 {"key11753985568613": "value-3", "key21753985569818": "value-3"}
2025-07-31 18:12:50,958 INFO  [io.api.tes.ser.api.KafkaSerdesTester] (Thread-657) topic-04adaa04_8c32_41cb_9e4c_6f62b1f15e1c 0 14 {"key11753985568613": "value-4", "key21753985569818": "value-4"}
2025-07-31 18:12:50,958 INFO  [io.api.tes.ser.api.KafkaSerdesTester] (Thread-657) topic-04adaa04_8c32_41cb_9e4c_6f62b1f15e1c 0 15 {"key11753985568613": "value-5", "key21753985569818": "value-5"}
2025-07-31 18:12:50,958 INFO  [io.api.tes.ser.api.KafkaSerdesTester] (Thread-657) topic-04adaa04_8c32_41cb_9e4c_6f62b1f15e1c 0 16 {"key11753985568613": "value-6", "key21753985569818": "value-6"}
2025-07-31 18:12:50,958 INFO  [io.api.tes.ser.api.KafkaSerdesTester] (Thread-657) topic-04adaa04_8c32_41cb_9e4c_6f62b1f15e1c 0 17 {"key11753985568613": "value-7", "key21753985569818": "value-7"}
2025-07-31 18:12:50,958 INFO  [io.api.tes.ser.api.KafkaSerdesTester] (Thread-657) topic-04adaa04_8c32_41cb_9e4c_6f62b1f15e1c 0 18 {"key11753985568613": "value-8", "key21753985569818": "value-8"}
2025-07-31 18:12:50,958 INFO  [io.api.tes.ser.api.KafkaSerdesTester] (Thread-657) topic-04adaa04_8c32_41cb_9e4c_6f62b1f15e1c 0 19 {"key11753985568613": "value-9", "key21753985569818": "value-9"}
2025-07-31 18:12:50,958 INFO  [io.api.tes.ser.api.KafkaSerdesTester] (Thread-657) topic-04adaa04_8c32_41cb_9e4c_6f62b1f15e1c 0 20 {"key11753985568613": "value-0"}
2025-07-31 18:12:50,958 INFO  [io.api.tes.ser.api.KafkaSerdesTester] (Thread-657) topic-04adaa04_8c32_41cb_9e4c_6f62b1f15e1c 0 21 {"key11753985568613": "value-1"}
2025-07-31 18:12:50,958 INFO  [io.api.tes.ser.api.KafkaSerdesTester] (Thread-657) topic-04adaa04_8c32_41cb_9e4c_6f62b1f15e1c 0 22 {"key11753985568613": "value-2"}
2025-07-31 18:12:50,958 INFO  [io.api.tes.ser.api.KafkaSerdesTester] (Thread-657) topic-04adaa04_8c32_41cb_9e4c_6f62b1f15e1c 0 23 {"key11753985568613": "value-3"}
2025-07-31 18:12:50,958 INFO  [io.api.tes.ser.api.KafkaSerdesTester] (Thread-657) topic-04adaa04_8c32_41cb_9e4c_6f62b1f15e1c 0 24 {"key11753985568613": "value-4"}
2025-07-31 18:12:50,958 INFO  [io.api.tes.ser.api.KafkaSerdesTester] (Thread-657) topic-04adaa04_8c32_41cb_9e4c_6f62b1f15e1c 0 25 {"key11753985568613": "value-5"}
2025-07-31 18:12:50,958 INFO  [io.api.tes.ser.api.KafkaSerdesTester] (Thread-657) topic-04adaa04_8c32_41cb_9e4c_6f62b1f15e1c 0 26 {"key11753985568613": "value-6"}
2025-07-31 18:12:50,958 INFO  [io.api.tes.ser.api.KafkaSerdesTester] (Thread-657) topic-04adaa04_8c32_41cb_9e4c_6f62b1f15e1c 0 27 {"key11753985568613": "value-7"}
2025-07-31 18:12:50,958 INFO  [io.api.tes.ser.api.KafkaSerdesTester] (Thread-657) topic-04adaa04_8c32_41cb_9e4c_6f62b1f15e1c 0 28 {"key11753985568613": "value-8"}
2025-07-31 18:12:50,958 INFO  [io.api.tes.ser.api.KafkaSerdesTester] (Thread-657) topic-04adaa04_8c32_41cb_9e4c_6f62b1f15e1c 0 29 {"key11753985568613": "value-9"}
2025-07-31 18:12:50,958 INFO  [io.api.tes.ser.api.KafkaSerdesTester] (Thread-657) Consumed 20 messages
2025-07-31 18:12:50,959 INFO  [io.api.tes.ser.api.AvroSerdeIT] (main) Registering Avro Schema 3: {"type":"record","name":"s725c4428xd11ex4367x988dx97d03060e82c","namespace":"ns_29084014_3472_4b09_930f_e14d581c7265","fields":[{"name":"key11753985568613","type":"string"},{"name":"key21753985569818","type":"string"},{"name":"key31753985570958","type":"string"}]}
2025-07-31 18:12:51,987 INFO  [io.api.tes.ser.api.KafkaSerdesTester] (Thread-658) Sending message {"key11753985568613": "value-0", "key21753985569818": "value-0", "key31753985570958": "value-0"} to topic topic-04adaa04_8c32_41cb_9e4c_6f62b1f15e1c
2025-07-31 18:12:51,987 INFO  [DefaultSchemaResolver] (Thread-658) Retrieving schema content using string: {"type":"record","name":"s725c4428xd11ex4367x988dx97d03060e82c","namespace":"ns_29084014_3472_4b09_930f_e14d581c7265","fields":[{"name":"key11753985568613","type":"string"},{"name":"key21753985569818","type":"string"},{"name":"key31753985570958","type":"string"}]}
2025-07-31 18:12:52,009 INFO  [io.api.tes.ser.api.KafkaSerdesTester] (Thread-658) Sending message {"key11753985568613": "value-1", "key21753985569818": "value-1", "key31753985570958": "value-1"} to topic topic-04adaa04_8c32_41cb_9e4c_6f62b1f15e1c
2025-07-31 18:12:52,010 INFO  [io.api.tes.ser.api.KafkaSerdesTester] (Thread-658) Sending message {"key11753985568613": "value-2", "key21753985569818": "value-2", "key31753985570958": "value-2"} to topic topic-04adaa04_8c32_41cb_9e4c_6f62b1f15e1c
2025-07-31 18:12:52,011 INFO  [io.api.tes.ser.api.KafkaSerdesTester] (Thread-658) Sending message {"key11753985568613": "value-3", "key21753985569818": "value-3", "key31753985570958": "value-3"} to topic topic-04adaa04_8c32_41cb_9e4c_6f62b1f15e1c
2025-07-31 18:12:52,014 INFO  [io.api.tes.ser.api.KafkaSerdesTester] (Thread-658) Sending message {"key11753985568613": "value-4", "key21753985569818": "value-4", "key31753985570958": "value-4"} to topic topic-04adaa04_8c32_41cb_9e4c_6f62b1f15e1c
2025-07-31 18:12:52,015 INFO  [io.api.tes.ser.api.KafkaSerdesTester] (Thread-658) Sending message {"key11753985568613": "value-5", "key21753985569818": "value-5", "key31753985570958": "value-5"} to topic topic-04adaa04_8c32_41cb_9e4c_6f62b1f15e1c
2025-07-31 18:12:52,017 INFO  [io.api.tes.ser.api.KafkaSerdesTester] (Thread-658) Sending message {"key11753985568613": "value-6", "key21753985569818": "value-6", "key31753985570958": "value-6"} to topic topic-04adaa04_8c32_41cb_9e4c_6f62b1f15e1c
2025-07-31 18:12:52,018 INFO  [io.api.tes.ser.api.KafkaSerdesTester] (Thread-658) Sending message {"key11753985568613": "value-7", "key21753985569818": "value-7", "key31753985570958": "value-7"} to topic topic-04adaa04_8c32_41cb_9e4c_6f62b1f15e1c
2025-07-31 18:12:52,020 INFO  [io.api.tes.ser.api.KafkaSerdesTester] (Thread-658) Sending message {"key11753985568613": "value-8", "key21753985569818": "value-8", "key31753985570958": "value-8"} to topic topic-04adaa04_8c32_41cb_9e4c_6f62b1f15e1c
2025-07-31 18:12:52,021 INFO  [io.api.tes.ser.api.KafkaSerdesTester] (Thread-658) Sending message {"key11753985568613": "value-9", "key21753985569818": "value-9", "key31753985570958": "value-9"} to topic topic-04adaa04_8c32_41cb_9e4c_6f62b1f15e1c
2025-07-31 18:12:52,023 INFO  [io.api.tes.ser.api.KafkaSerdesTester] (Thread-658) Produced 10 messages
2025-07-31 18:12:52,024 INFO  [io.api.tes.ser.api.KafkaSerdesTester] (Thread-659) Sending message {"key11753985568613": "value-0", "key21753985569818": "value-0"} to topic topic-04adaa04_8c32_41cb_9e4c_6f62b1f15e1c
2025-07-31 18:12:52,025 INFO  [io.api.tes.ser.api.KafkaSerdesTester] (Thread-659) Sending message {"key11753985568613": "value-1", "key21753985569818": "value-1"} to topic topic-04adaa04_8c32_41cb_9e4c_6f62b1f15e1c
2025-07-31 18:12:52,027 INFO  [io.api.tes.ser.api.KafkaSerdesTester] (Thread-659) Sending message {"key11753985568613": "value-2", "key21753985569818": "value-2"} to topic topic-04adaa04_8c32_41cb_9e4c_6f62b1f15e1c
2025-07-31 18:12:52,028 INFO  [io.api.tes.ser.api.KafkaSerdesTester] (Thread-659) Sending message {"key11753985568613": "value-3", "key21753985569818": "value-3"} to topic topic-04adaa04_8c32_41cb_9e4c_6f62b1f15e1c
2025-07-31 18:12:52,029 INFO  [io.api.tes.ser.api.KafkaSerdesTester] (Thread-659) Sending message {"key11753985568613": "value-4", "key21753985569818": "value-4"} to topic topic-04adaa04_8c32_41cb_9e4c_6f62b1f15e1c
2025-07-31 18:12:52,031 INFO  [io.api.tes.ser.api.KafkaSerdesTester] (Thread-659) Sending message {"key11753985568613": "value-5", "key21753985569818": "value-5"} to topic topic-04adaa04_8c32_41cb_9e4c_6f62b1f15e1c
2025-07-31 18:12:52,033 INFO  [io.api.tes.ser.api.KafkaSerdesTester] (Thread-659) Sending message {"key11753985568613": "value-6", "key21753985569818": "value-6"} to topic topic-04adaa04_8c32_41cb_9e4c_6f62b1f15e1c
2025-07-31 18:12:52,034 INFO  [io.api.tes.ser.api.KafkaSerdesTester] (Thread-659) Sending message {"key11753985568613": "value-7", "key21753985569818": "value-7"} to topic topic-04adaa04_8c32_41cb_9e4c_6f62b1f15e1c
2025-07-31 18:12:52,038 INFO  [io.api.tes.ser.api.KafkaSerdesTester] (Thread-659) Sending message {"key11753985568613": "value-8", "key21753985569818": "value-8"} to topic topic-04adaa04_8c32_41cb_9e4c_6f62b1f15e1c
2025-07-31 18:12:52,039 INFO  [io.api.tes.ser.api.KafkaSerdesTester] (Thread-659) Sending message {"key11753985568613": "value-9", "key21753985569818": "value-9"} to topic topic-04adaa04_8c32_41cb_9e4c_6f62b1f15e1c
2025-07-31 18:12:52,040 INFO  [io.api.tes.ser.api.KafkaSerdesTester] (Thread-659) Produced 10 messages
2025-07-31 18:12:52,040 INFO  [io.api.tes.ser.api.KafkaSerdesTester] (Thread-660) Sending message {"key11753985568613": "value-0"} to topic topic-04adaa04_8c32_41cb_9e4c_6f62b1f15e1c
2025-07-31 18:12:52,042 INFO  [io.api.tes.ser.api.KafkaSerdesTester] (Thread-660) Sending message {"key11753985568613": "value-1"} to topic topic-04adaa04_8c32_41cb_9e4c_6f62b1f15e1c
2025-07-31 18:12:52,044 INFO  [io.api.tes.ser.api.KafkaSerdesTester] (Thread-660) Sending message {"key11753985568613": "value-2"} to topic topic-04adaa04_8c32_41cb_9e4c_6f62b1f15e1c
2025-07-31 18:12:52,045 INFO  [io.api.tes.ser.api.KafkaSerdesTester] (Thread-660) Sending message {"key11753985568613": "value-3"} to topic topic-04adaa04_8c32_41cb_9e4c_6f62b1f15e1c
2025-07-31 18:12:52,049 INFO  [io.api.tes.ser.api.KafkaSerdesTester] (Thread-660) Sending message {"key11753985568613": "value-4"} to topic topic-04adaa04_8c32_41cb_9e4c_6f62b1f15e1c
2025-07-31 18:12:52,050 INFO  [io.api.tes.ser.api.KafkaSerdesTester] (Thread-660) Sending message {"key11753985568613": "value-5"} to topic topic-04adaa04_8c32_41cb_9e4c_6f62b1f15e1c
2025-07-31 18:12:52,051 INFO  [io.api.tes.ser.api.KafkaSerdesTester] (Thread-660) Sending message {"key11753985568613": "value-6"} to topic topic-04adaa04_8c32_41cb_9e4c_6f62b1f15e1c
2025-07-31 18:12:52,052 INFO  [io.api.tes.ser.api.KafkaSerdesTester] (Thread-660) Sending message {"key11753985568613": "value-7"} to topic topic-04adaa04_8c32_41cb_9e4c_6f62b1f15e1c
2025-07-31 18:12:52,053 INFO  [io.api.tes.ser.api.KafkaSerdesTester] (Thread-660) Sending message {"key11753985568613": "value-8"} to topic topic-04adaa04_8c32_41cb_9e4c_6f62b1f15e1c
2025-07-31 18:12:52,055 INFO  [io.api.tes.ser.api.KafkaSerdesTester] (Thread-660) Sending message {"key11753985568613": "value-9"} to topic topic-04adaa04_8c32_41cb_9e4c_6f62b1f15e1c
2025-07-31 18:12:52,059 INFO  [io.api.tes.ser.api.KafkaSerdesTester] (Thread-660) Produced 10 messages
2025-07-31 18:12:52,060 INFO  [org.apa.kaf.cli.con.int.ClassicKafkaConsumer] (Thread-661) [Consumer clientId=consumer-Consumer-topic-04adaa04_8c32_41cb_9e4c_6f62b1f15e1c-9, groupId=Consumer-topic-04adaa04_8c32_41cb_9e4c_6f62b1f15e1c] Subscribed to topic(s): topic-04adaa04_8c32_41cb_9e4c_6f62b1f15e1c
2025-07-31 18:12:52,089 INFO  [io.api.tes.ser.api.KafkaSerdesTester] (Thread-661) topic-04adaa04_8c32_41cb_9e4c_6f62b1f15e1c 0 30 {"key11753985568613": "value-0", "key21753985569818": "value-0", "key31753985570958": "value-0"}
2025-07-31 18:12:52,089 INFO  [io.api.tes.ser.api.KafkaSerdesTester] (Thread-661) topic-04adaa04_8c32_41cb_9e4c_6f62b1f15e1c 0 31 {"key11753985568613": "value-1", "key21753985569818": "value-1", "key31753985570958": "value-1"}
2025-07-31 18:12:52,089 INFO  [io.api.tes.ser.api.KafkaSerdesTester] (Thread-661) topic-04adaa04_8c32_41cb_9e4c_6f62b1f15e1c 0 32 {"key11753985568613": "value-2", "key21753985569818": "value-2", "key31753985570958": "value-2"}
2025-07-31 18:12:52,089 INFO  [io.api.tes.ser.api.KafkaSerdesTester] (Thread-661) topic-04adaa04_8c32_41cb_9e4c_6f62b1f15e1c 0 33 {"key11753985568613": "value-3", "key21753985569818": "value-3", "key31753985570958": "value-3"}
2025-07-31 18:12:52,089 INFO  [io.api.tes.ser.api.KafkaSerdesTester] (Thread-661) topic-04adaa04_8c32_41cb_9e4c_6f62b1f15e1c 0 34 {"key11753985568613": "value-4", "key21753985569818": "value-4", "key31753985570958": "value-4"}
2025-07-31 18:12:52,089 INFO  [io.api.tes.ser.api.KafkaSerdesTester] (Thread-661) topic-04adaa04_8c32_41cb_9e4c_6f62b1f15e1c 0 35 {"key11753985568613": "value-5", "key21753985569818": "value-5", "key31753985570958": "value-5"}
2025-07-31 18:12:52,089 INFO  [io.api.tes.ser.api.KafkaSerdesTester] (Thread-661) topic-04adaa04_8c32_41cb_9e4c_6f62b1f15e1c 0 36 {"key11753985568613": "value-6", "key21753985569818": "value-6", "key31753985570958": "value-6"}
2025-07-31 18:12:52,089 INFO  [io.api.tes.ser.api.KafkaSerdesTester] (Thread-661) topic-04adaa04_8c32_41cb_9e4c_6f62b1f15e1c 0 37 {"key11753985568613": "value-7", "key21753985569818": "value-7", "key31753985570958": "value-7"}
2025-07-31 18:12:52,089 INFO  [io.api.tes.ser.api.KafkaSerdesTester] (Thread-661) topic-04adaa04_8c32_41cb_9e4c_6f62b1f15e1c 0 38 {"key11753985568613": "value-8", "key21753985569818": "value-8", "key31753985570958": "value-8"}
2025-07-31 18:12:52,089 INFO  [io.api.tes.ser.api.KafkaSerdesTester] (Thread-661) topic-04adaa04_8c32_41cb_9e4c_6f62b1f15e1c 0 39 {"key11753985568613": "value-9", "key21753985569818": "value-9", "key31753985570958": "value-9"}
2025-07-31 18:12:52,090 INFO  [io.api.tes.ser.api.KafkaSerdesTester] (Thread-661) topic-04adaa04_8c32_41cb_9e4c_6f62b1f15e1c 0 40 {"key11753985568613": "value-0", "key21753985569818": "value-0"}
2025-07-31 18:12:52,090 INFO  [io.api.tes.ser.api.KafkaSerdesTester] (Thread-661) topic-04adaa04_8c32_41cb_9e4c_6f62b1f15e1c 0 41 {"key11753985568613": "value-1", "key21753985569818": "value-1"}
2025-07-31 18:12:52,090 INFO  [io.api.tes.ser.api.KafkaSerdesTester] (Thread-661) topic-04adaa04_8c32_41cb_9e4c_6f62b1f15e1c 0 42 {"key11753985568613": "value-2", "key21753985569818": "value-2"}
2025-07-31 18:12:52,090 INFO  [io.api.tes.ser.api.KafkaSerdesTester] (Thread-661) topic-04adaa04_8c32_41cb_9e4c_6f62b1f15e1c 0 43 {"key11753985568613": "value-3", "key21753985569818": "value-3"}
2025-07-31 18:12:52,090 INFO  [io.api.tes.ser.api.KafkaSerdesTester] (Thread-661) topic-04adaa04_8c32_41cb_9e4c_6f62b1f15e1c 0 44 {"key11753985568613": "value-4", "key21753985569818": "value-4"}
2025-07-31 18:12:52,090 INFO  [io.api.tes.ser.api.KafkaSerdesTester] (Thread-661) topic-04adaa04_8c32_41cb_9e4c_6f62b1f15e1c 0 45 {"key11753985568613": "value-5", "key21753985569818": "value-5"}
2025-07-31 18:12:52,090 INFO  [io.api.tes.ser.api.KafkaSerdesTester] (Thread-661) topic-04adaa04_8c32_41cb_9e4c_6f62b1f15e1c 0 46 {"key11753985568613": "value-6", "key21753985569818": "value-6"}
2025-07-31 18:12:52,090 INFO  [io.api.tes.ser.api.KafkaSerdesTester] (Thread-661) topic-04adaa04_8c32_41cb_9e4c_6f62b1f15e1c 0 47 {"key11753985568613": "value-7", "key21753985569818": "value-7"}
2025-07-31 18:12:52,090 INFO  [io.api.tes.ser.api.KafkaSerdesTester] (Thread-661) topic-04adaa04_8c32_41cb_9e4c_6f62b1f15e1c 0 48 {"key11753985568613": "value-8", "key21753985569818": "value-8"}
2025-07-31 18:12:52,090 INFO  [io.api.tes.ser.api.KafkaSerdesTester] (Thread-661) topic-04adaa04_8c32_41cb_9e4c_6f62b1f15e1c 0 49 {"key11753985568613": "value-9", "key21753985569818": "value-9"}
2025-07-31 18:12:52,090 INFO  [io.api.tes.ser.api.KafkaSerdesTester] (Thread-661) topic-04adaa04_8c32_41cb_9e4c_6f62b1f15e1c 0 50 {"key11753985568613": "value-0"}
2025-07-31 18:12:52,090 INFO  [io.api.tes.ser.api.KafkaSerdesTester] (Thread-661) topic-04adaa04_8c32_41cb_9e4c_6f62b1f15e1c 0 51 {"key11753985568613": "value-1"}
2025-07-31 18:12:52,090 INFO  [io.api.tes.ser.api.KafkaSerdesTester] (Thread-661) topic-04adaa04_8c32_41cb_9e4c_6f62b1f15e1c 0 52 {"key11753985568613": "value-2"}
2025-07-31 18:12:52,090 INFO  [io.api.tes.ser.api.KafkaSerdesTester] (Thread-661) topic-04adaa04_8c32_41cb_9e4c_6f62b1f15e1c 0 53 {"key11753985568613": "value-3"}
2025-07-31 18:12:52,090 INFO  [io.api.tes.ser.api.KafkaSerdesTester] (Thread-661) topic-04adaa04_8c32_41cb_9e4c_6f62b1f15e1c 0 54 {"key11753985568613": "value-4"}
2025-07-31 18:12:52,090 INFO  [io.api.tes.ser.api.KafkaSerdesTester] (Thread-661) topic-04adaa04_8c32_41cb_9e4c_6f62b1f15e1c 0 55 {"key11753985568613": "value-5"}
2025-07-31 18:12:52,090 INFO  [io.api.tes.ser.api.KafkaSerdesTester] (Thread-661) topic-04adaa04_8c32_41cb_9e4c_6f62b1f15e1c 0 56 {"key11753985568613": "value-6"}
2025-07-31 18:12:52,090 INFO  [io.api.tes.ser.api.KafkaSerdesTester] (Thread-661) topic-04adaa04_8c32_41cb_9e4c_6f62b1f15e1c 0 57 {"key11753985568613": "value-7"}
2025-07-31 18:12:52,090 INFO  [io.api.tes.ser.api.KafkaSerdesTester] (Thread-661) topic-04adaa04_8c32_41cb_9e4c_6f62b1f15e1c 0 58 {"key11753985568613": "value-8"}
2025-07-31 18:12:52,090 INFO  [io.api.tes.ser.api.KafkaSerdesTester] (Thread-661) topic-04adaa04_8c32_41cb_9e4c_6f62b1f15e1c 0 59 {"key11753985568613": "value-9"}
2025-07-31 18:12:52,090 INFO  [io.api.tes.ser.api.KafkaSerdesTester] (Thread-661) Consumed 30 messages
2025-07-31 18:12:52,091 INFO  [org.apa.kaf.cli.pro.KafkaProducer] (main) [Producer clientId=Producer-topic-04adaa04_8c32_41cb_9e4c_6f62b1f15e1c] Closing the Kafka producer with timeoutMillis = 9223372036854775807 ms.
2025-07-31 18:12:52,093 INFO  [org.apa.kaf.com.met.Metrics] (main) Metrics scheduler closed
2025-07-31 18:12:52,093 INFO  [org.apa.kaf.com.met.Metrics] (main) Closing reporter org.apache.kafka.common.metrics.JmxReporter
2025-07-31 18:12:52,093 INFO  [org.apa.kaf.com.met.Metrics] (main) Closing reporter org.apache.kafka.common.telemetry.internals.ClientTelemetryReporter
2025-07-31 18:12:52,093 INFO  [org.apa.kaf.com.met.Metrics] (main) Metrics reporters closed
2025-07-31 18:12:52,093 INFO  [org.apa.kaf.com.uti.AppInfoParser] (main) App info kafka.producer for Producer-topic-04adaa04_8c32_41cb_9e4c_6f62b1f15e1c unregistered
2025-07-31 18:12:52,097 INFO  [org.apa.kaf.cli.con.int.ConsumerRebalanceListenerInvoker] (main) [Consumer clientId=consumer-Consumer-topic-04adaa04_8c32_41cb_9e4c_6f62b1f15e1c-9, groupId=Consumer-topic-04adaa04_8c32_41cb_9e4c_6f62b1f15e1c] Revoke previously assigned partitions topic-04adaa04_8c32_41cb_9e4c_6f62b1f15e1c-0
2025-07-31 18:12:52,097 INFO  [org.apa.kaf.cli.con.int.ConsumerCoordinator] (main) [Consumer clientId=consumer-Consumer-topic-04adaa04_8c32_41cb_9e4c_6f62b1f15e1c-9, groupId=Consumer-topic-04adaa04_8c32_41cb_9e4c_6f62b1f15e1c] Member consumer-Consumer-topic-04adaa04_8c32_41cb_9e4c_6f62b1f15e1c-9-bd1d31be-18b0-471e-b497-edcf1dd84cb6 sending LeaveGroup request to coordinator localhost:32770 (id: 2147483647 rack: null) due to the consumer is being closed
2025-07-31 18:12:52,097 INFO  [org.apa.kaf.cli.con.int.ConsumerCoordinator] (main) [Consumer clientId=consumer-Consumer-topic-04adaa04_8c32_41cb_9e4c_6f62b1f15e1c-9, groupId=Consumer-topic-04adaa04_8c32_41cb_9e4c_6f62b1f15e1c] Resetting generation and member id due to: consumer pro-actively leaving the group
2025-07-31 18:12:52,097 INFO  [org.apa.kaf.cli.con.int.ConsumerCoordinator] (main) [Consumer clientId=consumer-Consumer-topic-04adaa04_8c32_41cb_9e4c_6f62b1f15e1c-9, groupId=Consumer-topic-04adaa04_8c32_41cb_9e4c_6f62b1f15e1c] Request joining group due to: consumer pro-actively leaving the group
2025-07-31 18:12:52,593 INFO  [org.apa.kaf.com.met.Metrics] (main) Metrics scheduler closed
2025-07-31 18:12:52,593 INFO  [org.apa.kaf.com.met.Metrics] (main) Closing reporter org.apache.kafka.common.metrics.JmxReporter
2025-07-31 18:12:52,593 INFO  [org.apa.kaf.com.met.Metrics] (main) Closing reporter org.apache.kafka.common.telemetry.internals.ClientTelemetryReporter
2025-07-31 18:12:52,594 INFO  [org.apa.kaf.com.met.Metrics] (main) Metrics reporters closed
2025-07-31 18:12:52,597 INFO  [org.apa.kaf.com.uti.AppInfoParser] (main) App info kafka.consumer for consumer-Consumer-topic-04adaa04_8c32_41cb_9e4c_6f62b1f15e1c-9 unregistered
2025-07-31 18:12:52,598 INFO  [io.api.tes.uti.TestSeparator] (main) io.apicurio.tests.serdes.apicurio.AvroSerdeIT.testEvolveAvroApicurioReusingClient-FINISHED
2025-07-31 18:12:52,598 INFO  [io.api.tes.uti.TestSeparator] (main) ############################################################################
Test passed: testEvolveAvroApicurioReusingClient
]]></system-out>
  </testcase>
  <testcase name="testProducerUsesDefaultConsumerUsesGlobalId" classname="io.apicurio.tests.serdes.apicurio.AvroSerdeIT" time="0.0">
    <skipped message="void io.apicurio.tests.serdes.apicurio.AvroSerdeIT.testProducerUsesDefaultConsumerUsesGlobalId() throws java.lang.Exception is @Disabled"/>
  </testcase>
  <testcase name="testEvolveAvroApicurio" classname="io.apicurio.tests.serdes.apicurio.AvroSerdeIT" time="5.351">
    <system-out><![CDATA[2025-07-31 18:12:52,602 INFO  [io.api.tes.uti.TestSeparator] (main) ############################################################################
2025-07-31 18:12:52,602 INFO  [io.api.tes.uti.TestSeparator] (main) io.apicurio.tests.serdes.apicurio.AvroSerdeIT.testEvolveAvroApicurio-STARTED
2025-07-31 18:12:52,603 INFO  [io.api.tes.ser.api.AvroSerdeIT] (main) Registering Avro Schema: {"type":"record","name":"s00d73bebxe760x4a75xb2a2xc4ae28d8cfda","namespace":"ns_f3a16996_c08d_452c_83ac_5f3592b70791","fields":[{"name":"key11753985572602","type":"string"}]}
**** Registry Base URL: http://registry-app-inmemory.apps.ci419.apicurio-testing.org:80
2025-07-31 18:12:53,638 INFO  [org.apa.kaf.cli.pro.ProducerConfig] (main) ProducerConfig values: 
	acks = -1
	auto.include.jmx.reporter = true
	batch.size = 16384
	bootstrap.servers = [PLAINTEXT://localhost:32770]
	buffer.memory = 33554432
	client.dns.lookup = use_all_dns_ips
	client.id = Producer-topic-ed602d7c_0eb9_4a0c_a336_8ce8ef263bfc
	compression.gzip.level = -1
	compression.lz4.level = 9
	compression.type = none
	compression.zstd.level = 3
	connections.max.idle.ms = 10000
	delivery.timeout.ms = 120000
	enable.idempotence = true
	enable.metrics.push = true
	interceptor.classes = []
	key.serializer = class org.apache.kafka.common.serialization.StringSerializer
	linger.ms = 0
	max.block.ms = 60000
	max.in.flight.requests.per.connection = 5
	max.request.size = 1048576
	metadata.max.age.ms = 300000
	metadata.max.idle.ms = 300000
	metadata.recovery.strategy = none
	metric.reporters = []
	metrics.num.samples = 2
	metrics.recording.level = INFO
	metrics.sample.window.ms = 30000
	partitioner.adaptive.partitioning.enable = true
	partitioner.availability.timeout.ms = 0
	partitioner.class = null
	partitioner.ignore.keys = false
	receive.buffer.bytes = 32768
	reconnect.backoff.max.ms = 1000
	reconnect.backoff.ms = 50
	request.timeout.ms = 5000
	retries = 2147483647
	retry.backoff.max.ms = 1000
	retry.backoff.ms = 100
	sasl.client.callback.handler.class = null
	sasl.jaas.config = null
	sasl.kerberos.kinit.cmd = /usr/bin/kinit
	sasl.kerberos.min.time.before.relogin = 60000
	sasl.kerberos.service.name = null
	sasl.kerberos.ticket.renew.jitter = 0.05
	sasl.kerberos.ticket.renew.window.factor = 0.8
	sasl.login.callback.handler.class = null
	sasl.login.class = null
	sasl.login.connect.timeout.ms = null
	sasl.login.read.timeout.ms = null
	sasl.login.refresh.buffer.seconds = 300
	sasl.login.refresh.min.period.seconds = 60
	sasl.login.refresh.window.factor = 0.8
	sasl.login.refresh.window.jitter = 0.05
	sasl.login.retry.backoff.max.ms = 10000
	sasl.login.retry.backoff.ms = 100
	sasl.mechanism = GSSAPI
	sasl.oauthbearer.clock.skew.seconds = 30
	sasl.oauthbearer.expected.audience = null
	sasl.oauthbearer.expected.issuer = null
	sasl.oauthbearer.header.urlencode = false
	sasl.oauthbearer.jwks.endpoint.refresh.ms = 3600000
	sasl.oauthbearer.jwks.endpoint.retry.backoff.max.ms = 10000
	sasl.oauthbearer.jwks.endpoint.retry.backoff.ms = 100
	sasl.oauthbearer.jwks.endpoint.url = null
	sasl.oauthbearer.scope.claim.name = scope
	sasl.oauthbearer.sub.claim.name = sub
	sasl.oauthbearer.token.endpoint.url = null
	security.protocol = PLAINTEXT
	security.providers = null
	send.buffer.bytes = 131072
	socket.connection.setup.timeout.max.ms = 30000
	socket.connection.setup.timeout.ms = 10000
	ssl.cipher.suites = null
	ssl.enabled.protocols = [TLSv1.2, TLSv1.3]
	ssl.endpoint.identification.algorithm = https
	ssl.engine.factory.class = null
	ssl.key.password = null
	ssl.keymanager.algorithm = SunX509
	ssl.keystore.certificate.chain = null
	ssl.keystore.key = null
	ssl.keystore.location = null
	ssl.keystore.password = null
	ssl.keystore.type = JKS
	ssl.protocol = TLSv1.3
	ssl.provider = null
	ssl.secure.random.implementation = null
	ssl.trustmanager.algorithm = PKIX
	ssl.truststore.certificates = null
	ssl.truststore.location = null
	ssl.truststore.password = null
	ssl.truststore.type = JKS
	transaction.timeout.ms = 60000
	transactional.id = null
	value.serializer = class io.apicurio.registry.serde.avro.AvroKafkaSerializer

2025-07-31 18:12:53,639 INFO  [org.apa.kaf.com.tel.int.KafkaMetricsCollector] (main) initializing Kafka metrics collector
2025-07-31 18:12:53,643 INFO  [org.apa.kaf.cli.pro.KafkaProducer] (main) [Producer clientId=Producer-topic-ed602d7c_0eb9_4a0c_a336_8ce8ef263bfc] Instantiated an idempotent producer.
2025-07-31 18:12:53,646 INFO  [org.apa.kaf.cli.pro.ProducerConfig] (main) These configurations '[apicurio.registry.url, apicurio.registry.artifact-resolver-strategy]' were supplied but are not used yet.
2025-07-31 18:12:53,646 INFO  [org.apa.kaf.com.uti.AppInfoParser] (main) Kafka version: 3.9.1
2025-07-31 18:12:53,646 INFO  [org.apa.kaf.com.uti.AppInfoParser] (main) Kafka commitId: f745dfdcee2b9851
2025-07-31 18:12:53,646 INFO  [org.apa.kaf.com.uti.AppInfoParser] (main) Kafka startTimeMs: 1753985573646
**** Registry Base URL: http://registry-app-inmemory.apps.ci419.apicurio-testing.org:80
2025-07-31 18:12:53,648 INFO  [org.apa.kaf.cli.con.ConsumerConfig] (main) ConsumerConfig values: 
	allow.auto.create.topics = true
	auto.commit.interval.ms = 500
	auto.include.jmx.reporter = true
	auto.offset.reset = earliest
	bootstrap.servers = [PLAINTEXT://localhost:32770]
	check.crcs = true
	client.dns.lookup = use_all_dns_ips
	client.id = consumer-Consumer-topic-ed602d7c_0eb9_4a0c_a336_8ce8ef263bfc-10
	client.rack = 
	connections.max.idle.ms = 10000
	default.api.timeout.ms = 60000
	enable.auto.commit = true
	enable.metrics.push = true
	exclude.internal.topics = true
	fetch.max.bytes = 52428800
	fetch.max.wait.ms = 500
	fetch.min.bytes = 1
	group.id = Consumer-topic-ed602d7c_0eb9_4a0c_a336_8ce8ef263bfc
	group.instance.id = null
	group.protocol = classic
	group.remote.assignor = null
	heartbeat.interval.ms = 3000
	interceptor.classes = []
	internal.leave.group.on.close = true
	internal.throw.on.fetch.stable.offset.unsupported = false
	isolation.level = read_uncommitted
	key.deserializer = class org.apache.kafka.common.serialization.StringDeserializer
	max.partition.fetch.bytes = 1048576
	max.poll.interval.ms = 300000
	max.poll.records = 500
	metadata.max.age.ms = 300000
	metadata.recovery.strategy = none
	metric.reporters = []
	metrics.num.samples = 2
	metrics.recording.level = INFO
	metrics.sample.window.ms = 30000
	partition.assignment.strategy = [class org.apache.kafka.clients.consumer.RangeAssignor, class org.apache.kafka.clients.consumer.CooperativeStickyAssignor]
	receive.buffer.bytes = 65536
	reconnect.backoff.max.ms = 1000
	reconnect.backoff.ms = 50
	request.timeout.ms = 5000
	retry.backoff.max.ms = 1000
	retry.backoff.ms = 100
	sasl.client.callback.handler.class = null
	sasl.jaas.config = null
	sasl.kerberos.kinit.cmd = /usr/bin/kinit
	sasl.kerberos.min.time.before.relogin = 60000
	sasl.kerberos.service.name = null
	sasl.kerberos.ticket.renew.jitter = 0.05
	sasl.kerberos.ticket.renew.window.factor = 0.8
	sasl.login.callback.handler.class = null
	sasl.login.class = null
	sasl.login.connect.timeout.ms = null
	sasl.login.read.timeout.ms = null
	sasl.login.refresh.buffer.seconds = 300
	sasl.login.refresh.min.period.seconds = 60
	sasl.login.refresh.window.factor = 0.8
	sasl.login.refresh.window.jitter = 0.05
	sasl.login.retry.backoff.max.ms = 10000
	sasl.login.retry.backoff.ms = 100
	sasl.mechanism = GSSAPI
	sasl.oauthbearer.clock.skew.seconds = 30
	sasl.oauthbearer.expected.audience = null
	sasl.oauthbearer.expected.issuer = null
	sasl.oauthbearer.header.urlencode = false
	sasl.oauthbearer.jwks.endpoint.refresh.ms = 3600000
	sasl.oauthbearer.jwks.endpoint.retry.backoff.max.ms = 10000
	sasl.oauthbearer.jwks.endpoint.retry.backoff.ms = 100
	sasl.oauthbearer.jwks.endpoint.url = null
	sasl.oauthbearer.scope.claim.name = scope
	sasl.oauthbearer.sub.claim.name = sub
	sasl.oauthbearer.token.endpoint.url = null
	security.protocol = PLAINTEXT
	security.providers = null
	send.buffer.bytes = 131072
	session.timeout.ms = 45000
	socket.connection.setup.timeout.max.ms = 30000
	socket.connection.setup.timeout.ms = 10000
	ssl.cipher.suites = null
	ssl.enabled.protocols = [TLSv1.2, TLSv1.3]
	ssl.endpoint.identification.algorithm = https
	ssl.engine.factory.class = null
	ssl.key.password = null
	ssl.keymanager.algorithm = SunX509
	ssl.keystore.certificate.chain = null
	ssl.keystore.key = null
	ssl.keystore.location = null
	ssl.keystore.password = null
	ssl.keystore.type = JKS
	ssl.protocol = TLSv1.3
	ssl.provider = null
	ssl.secure.random.implementation = null
	ssl.trustmanager.algorithm = PKIX
	ssl.truststore.certificates = null
	ssl.truststore.location = null
	ssl.truststore.password = null
	ssl.truststore.type = JKS
	value.deserializer = class io.apicurio.registry.serde.avro.AvroKafkaDeserializer

2025-07-31 18:12:53,649 INFO  [org.apa.kaf.com.tel.int.KafkaMetricsCollector] (main) initializing Kafka metrics collector
2025-07-31 18:12:53,656 INFO  [org.apa.kaf.cli.con.ConsumerConfig] (main) These configurations '[apicurio.registry.url]' were supplied but are not used yet.
2025-07-31 18:12:53,656 INFO  [org.apa.kaf.com.uti.AppInfoParser] (main) Kafka version: 3.9.1
2025-07-31 18:12:53,656 INFO  [org.apa.kaf.com.uti.AppInfoParser] (main) Kafka commitId: f745dfdcee2b9851
2025-07-31 18:12:53,656 INFO  [org.apa.kaf.com.uti.AppInfoParser] (main) Kafka startTimeMs: 1753985573656
2025-07-31 18:12:53,657 INFO  [io.api.tes.ser.api.KafkaSerdesTester] (Thread-666) Sending message {"key11753985572602": "value-0"} to topic topic-ed602d7c_0eb9_4a0c_a336_8ce8ef263bfc
2025-07-31 18:12:53,657 INFO  [org.apa.kaf.cli.Metadata] (kafka-producer-network-thread | Producer-topic-ed602d7c_0eb9_4a0c_a336_8ce8ef263bfc) [Producer clientId=Producer-topic-ed602d7c_0eb9_4a0c_a336_8ce8ef263bfc] Cluster ID: Pi_RUBSBSj-WuHInrGEQ6g
2025-07-31 18:12:53,658 INFO  [org.apa.kaf.cli.pro.int.TransactionManager] (kafka-producer-network-thread | Producer-topic-ed602d7c_0eb9_4a0c_a336_8ce8ef263bfc) [Producer clientId=Producer-topic-ed602d7c_0eb9_4a0c_a336_8ce8ef263bfc] ProducerId set to 12 with epoch 0
2025-07-31 18:12:53,662 INFO  [DefaultSchemaResolver] (Thread-666) Retrieving schema content using string: {"type":"record","name":"s00d73bebxe760x4a75xb2a2xc4ae28d8cfda","namespace":"ns_f3a16996_c08d_452c_83ac_5f3592b70791","fields":[{"name":"key11753985572602","type":"string"}]}
2025-07-31 18:12:53,690 INFO  [io.api.tes.ser.api.KafkaSerdesTester] (Thread-666) Sending message {"key11753985572602": "value-1"} to topic topic-ed602d7c_0eb9_4a0c_a336_8ce8ef263bfc
2025-07-31 18:12:53,691 INFO  [io.api.tes.ser.api.KafkaSerdesTester] (Thread-666) Sending message {"key11753985572602": "value-2"} to topic topic-ed602d7c_0eb9_4a0c_a336_8ce8ef263bfc
2025-07-31 18:12:53,692 INFO  [io.api.tes.ser.api.KafkaSerdesTester] (Thread-666) Sending message {"key11753985572602": "value-3"} to topic topic-ed602d7c_0eb9_4a0c_a336_8ce8ef263bfc
2025-07-31 18:12:53,693 INFO  [io.api.tes.ser.api.KafkaSerdesTester] (Thread-666) Sending message {"key11753985572602": "value-4"} to topic topic-ed602d7c_0eb9_4a0c_a336_8ce8ef263bfc
2025-07-31 18:12:53,695 INFO  [io.api.tes.ser.api.KafkaSerdesTester] (Thread-666) Sending message {"key11753985572602": "value-5"} to topic topic-ed602d7c_0eb9_4a0c_a336_8ce8ef263bfc
2025-07-31 18:12:53,696 INFO  [io.api.tes.ser.api.KafkaSerdesTester] (Thread-666) Sending message {"key11753985572602": "value-6"} to topic topic-ed602d7c_0eb9_4a0c_a336_8ce8ef263bfc
2025-07-31 18:12:53,697 INFO  [io.api.tes.ser.api.KafkaSerdesTester] (Thread-666) Sending message {"key11753985572602": "value-7"} to topic topic-ed602d7c_0eb9_4a0c_a336_8ce8ef263bfc
2025-07-31 18:12:53,698 INFO  [io.api.tes.ser.api.KafkaSerdesTester] (Thread-666) Sending message {"key11753985572602": "value-8"} to topic topic-ed602d7c_0eb9_4a0c_a336_8ce8ef263bfc
2025-07-31 18:12:53,699 INFO  [io.api.tes.ser.api.KafkaSerdesTester] (Thread-666) Sending message {"key11753985572602": "value-9"} to topic topic-ed602d7c_0eb9_4a0c_a336_8ce8ef263bfc
2025-07-31 18:12:53,700 INFO  [io.api.tes.ser.api.KafkaSerdesTester] (Thread-666) Produced 10 messages
2025-07-31 18:12:53,701 INFO  [org.apa.kaf.cli.pro.KafkaProducer] (Thread-666) [Producer clientId=Producer-topic-ed602d7c_0eb9_4a0c_a336_8ce8ef263bfc] Closing the Kafka producer with timeoutMillis = 9223372036854775807 ms.
2025-07-31 18:12:53,702 INFO  [org.apa.kaf.com.met.Metrics] (Thread-666) Metrics scheduler closed
2025-07-31 18:12:53,702 INFO  [org.apa.kaf.com.met.Metrics] (Thread-666) Closing reporter org.apache.kafka.common.metrics.JmxReporter
2025-07-31 18:12:53,702 INFO  [org.apa.kaf.com.met.Metrics] (Thread-666) Closing reporter org.apache.kafka.common.telemetry.internals.ClientTelemetryReporter
2025-07-31 18:12:53,702 INFO  [org.apa.kaf.com.met.Metrics] (Thread-666) Metrics reporters closed
2025-07-31 18:12:53,702 INFO  [org.apa.kaf.com.uti.AppInfoParser] (Thread-666) App info kafka.producer for Producer-topic-ed602d7c_0eb9_4a0c_a336_8ce8ef263bfc unregistered
2025-07-31 18:12:53,703 INFO  [org.apa.kaf.cli.con.int.ClassicKafkaConsumer] (Thread-667) [Consumer clientId=consumer-Consumer-topic-ed602d7c_0eb9_4a0c_a336_8ce8ef263bfc-10, groupId=Consumer-topic-ed602d7c_0eb9_4a0c_a336_8ce8ef263bfc] Subscribed to topic(s): topic-ed602d7c_0eb9_4a0c_a336_8ce8ef263bfc
2025-07-31 18:12:53,707 INFO  [org.apa.kaf.cli.Metadata] (Thread-667) [Consumer clientId=consumer-Consumer-topic-ed602d7c_0eb9_4a0c_a336_8ce8ef263bfc-10, groupId=Consumer-topic-ed602d7c_0eb9_4a0c_a336_8ce8ef263bfc] Cluster ID: Pi_RUBSBSj-WuHInrGEQ6g
2025-07-31 18:12:53,707 INFO  [org.apa.kaf.cli.con.int.ConsumerCoordinator] (Thread-667) [Consumer clientId=consumer-Consumer-topic-ed602d7c_0eb9_4a0c_a336_8ce8ef263bfc-10, groupId=Consumer-topic-ed602d7c_0eb9_4a0c_a336_8ce8ef263bfc] Discovered group coordinator localhost:32770 (id: 2147483647 rack: null)
2025-07-31 18:12:53,708 INFO  [org.apa.kaf.cli.con.int.ConsumerCoordinator] (Thread-667) [Consumer clientId=consumer-Consumer-topic-ed602d7c_0eb9_4a0c_a336_8ce8ef263bfc-10, groupId=Consumer-topic-ed602d7c_0eb9_4a0c_a336_8ce8ef263bfc] (Re-)joining group
2025-07-31 18:12:53,712 INFO  [org.apa.kaf.cli.con.int.ConsumerCoordinator] (Thread-667) [Consumer clientId=consumer-Consumer-topic-ed602d7c_0eb9_4a0c_a336_8ce8ef263bfc-10, groupId=Consumer-topic-ed602d7c_0eb9_4a0c_a336_8ce8ef263bfc] Request joining group due to: need to re-join with the given member-id: consumer-Consumer-topic-ed602d7c_0eb9_4a0c_a336_8ce8ef263bfc-10-b9def5c0-2eb9-41fd-837a-6cbe1008cd1c
2025-07-31 18:12:53,712 INFO  [org.apa.kaf.cli.con.int.ConsumerCoordinator] (Thread-667) [Consumer clientId=consumer-Consumer-topic-ed602d7c_0eb9_4a0c_a336_8ce8ef263bfc-10, groupId=Consumer-topic-ed602d7c_0eb9_4a0c_a336_8ce8ef263bfc] (Re-)joining group
2025-07-31 18:12:53,714 INFO  [org.apa.kaf.cli.con.int.ConsumerCoordinator] (Thread-667) [Consumer clientId=consumer-Consumer-topic-ed602d7c_0eb9_4a0c_a336_8ce8ef263bfc-10, groupId=Consumer-topic-ed602d7c_0eb9_4a0c_a336_8ce8ef263bfc] Successfully joined group with generation Generation{generationId=1, memberId='consumer-Consumer-topic-ed602d7c_0eb9_4a0c_a336_8ce8ef263bfc-10-b9def5c0-2eb9-41fd-837a-6cbe1008cd1c', protocol='range'}
2025-07-31 18:12:53,715 INFO  [org.apa.kaf.cli.con.int.ConsumerCoordinator] (Thread-667) [Consumer clientId=consumer-Consumer-topic-ed602d7c_0eb9_4a0c_a336_8ce8ef263bfc-10, groupId=Consumer-topic-ed602d7c_0eb9_4a0c_a336_8ce8ef263bfc] Finished assignment for group at generation 1: {consumer-Consumer-topic-ed602d7c_0eb9_4a0c_a336_8ce8ef263bfc-10-b9def5c0-2eb9-41fd-837a-6cbe1008cd1c=Assignment(partitions=[topic-ed602d7c_0eb9_4a0c_a336_8ce8ef263bfc-0])}
2025-07-31 18:12:53,717 INFO  [org.apa.kaf.cli.con.int.ConsumerCoordinator] (Thread-667) [Consumer clientId=consumer-Consumer-topic-ed602d7c_0eb9_4a0c_a336_8ce8ef263bfc-10, groupId=Consumer-topic-ed602d7c_0eb9_4a0c_a336_8ce8ef263bfc] Successfully synced group in generation Generation{generationId=1, memberId='consumer-Consumer-topic-ed602d7c_0eb9_4a0c_a336_8ce8ef263bfc-10-b9def5c0-2eb9-41fd-837a-6cbe1008cd1c', protocol='range'}
2025-07-31 18:12:53,717 INFO  [org.apa.kaf.cli.con.int.ConsumerCoordinator] (Thread-667) [Consumer clientId=consumer-Consumer-topic-ed602d7c_0eb9_4a0c_a336_8ce8ef263bfc-10, groupId=Consumer-topic-ed602d7c_0eb9_4a0c_a336_8ce8ef263bfc] Notifying assignor about the new Assignment(partitions=[topic-ed602d7c_0eb9_4a0c_a336_8ce8ef263bfc-0])
2025-07-31 18:12:53,717 INFO  [org.apa.kaf.cli.con.int.ConsumerRebalanceListenerInvoker] (Thread-667) [Consumer clientId=consumer-Consumer-topic-ed602d7c_0eb9_4a0c_a336_8ce8ef263bfc-10, groupId=Consumer-topic-ed602d7c_0eb9_4a0c_a336_8ce8ef263bfc] Adding newly assigned partitions: topic-ed602d7c_0eb9_4a0c_a336_8ce8ef263bfc-0
2025-07-31 18:12:53,718 INFO  [org.apa.kaf.cli.con.int.ConsumerCoordinator] (Thread-667) [Consumer clientId=consumer-Consumer-topic-ed602d7c_0eb9_4a0c_a336_8ce8ef263bfc-10, groupId=Consumer-topic-ed602d7c_0eb9_4a0c_a336_8ce8ef263bfc] Found no committed offset for partition topic-ed602d7c_0eb9_4a0c_a336_8ce8ef263bfc-0
2025-07-31 18:12:53,725 INFO  [org.apa.kaf.cli.con.int.SubscriptionState] (Thread-667) [Consumer clientId=consumer-Consumer-topic-ed602d7c_0eb9_4a0c_a336_8ce8ef263bfc-10, groupId=Consumer-topic-ed602d7c_0eb9_4a0c_a336_8ce8ef263bfc] Resetting offset for partition topic-ed602d7c_0eb9_4a0c_a336_8ce8ef263bfc-0 to position FetchPosition{offset=0, offsetEpoch=Optional.empty, currentLeader=LeaderAndEpoch{leader=Optional[localhost:32770 (id: 0 rack: null)], epoch=0}}.
2025-07-31 18:12:53,766 INFO  [io.api.tes.ser.api.KafkaSerdesTester] (Thread-667) topic-ed602d7c_0eb9_4a0c_a336_8ce8ef263bfc 0 0 {"key11753985572602": "value-0"}
2025-07-31 18:12:53,766 INFO  [io.api.tes.ser.api.KafkaSerdesTester] (Thread-667) topic-ed602d7c_0eb9_4a0c_a336_8ce8ef263bfc 0 1 {"key11753985572602": "value-1"}
2025-07-31 18:12:53,766 INFO  [io.api.tes.ser.api.KafkaSerdesTester] (Thread-667) topic-ed602d7c_0eb9_4a0c_a336_8ce8ef263bfc 0 2 {"key11753985572602": "value-2"}
2025-07-31 18:12:53,766 INFO  [io.api.tes.ser.api.KafkaSerdesTester] (Thread-667) topic-ed602d7c_0eb9_4a0c_a336_8ce8ef263bfc 0 3 {"key11753985572602": "value-3"}
2025-07-31 18:12:53,766 INFO  [io.api.tes.ser.api.KafkaSerdesTester] (Thread-667) topic-ed602d7c_0eb9_4a0c_a336_8ce8ef263bfc 0 4 {"key11753985572602": "value-4"}
2025-07-31 18:12:53,767 INFO  [io.api.tes.ser.api.KafkaSerdesTester] (Thread-667) topic-ed602d7c_0eb9_4a0c_a336_8ce8ef263bfc 0 5 {"key11753985572602": "value-5"}
2025-07-31 18:12:53,767 INFO  [io.api.tes.ser.api.KafkaSerdesTester] (Thread-667) topic-ed602d7c_0eb9_4a0c_a336_8ce8ef263bfc 0 6 {"key11753985572602": "value-6"}
2025-07-31 18:12:53,767 INFO  [io.api.tes.ser.api.KafkaSerdesTester] (Thread-667) topic-ed602d7c_0eb9_4a0c_a336_8ce8ef263bfc 0 7 {"key11753985572602": "value-7"}
2025-07-31 18:12:53,767 INFO  [io.api.tes.ser.api.KafkaSerdesTester] (Thread-667) topic-ed602d7c_0eb9_4a0c_a336_8ce8ef263bfc 0 8 {"key11753985572602": "value-8"}
2025-07-31 18:12:53,767 INFO  [io.api.tes.ser.api.KafkaSerdesTester] (Thread-667) topic-ed602d7c_0eb9_4a0c_a336_8ce8ef263bfc 0 9 {"key11753985572602": "value-9"}
2025-07-31 18:12:53,767 INFO  [io.api.tes.ser.api.KafkaSerdesTester] (Thread-667) Consumed 10 messages
2025-07-31 18:12:53,768 INFO  [org.apa.kaf.cli.con.int.ConsumerRebalanceListenerInvoker] (Thread-667) [Consumer clientId=consumer-Consumer-topic-ed602d7c_0eb9_4a0c_a336_8ce8ef263bfc-10, groupId=Consumer-topic-ed602d7c_0eb9_4a0c_a336_8ce8ef263bfc] Revoke previously assigned partitions topic-ed602d7c_0eb9_4a0c_a336_8ce8ef263bfc-0
2025-07-31 18:12:53,768 INFO  [org.apa.kaf.cli.con.int.ConsumerCoordinator] (Thread-667) [Consumer clientId=consumer-Consumer-topic-ed602d7c_0eb9_4a0c_a336_8ce8ef263bfc-10, groupId=Consumer-topic-ed602d7c_0eb9_4a0c_a336_8ce8ef263bfc] Member consumer-Consumer-topic-ed602d7c_0eb9_4a0c_a336_8ce8ef263bfc-10-b9def5c0-2eb9-41fd-837a-6cbe1008cd1c sending LeaveGroup request to coordinator localhost:32770 (id: 2147483647 rack: null) due to the consumer is being closed
2025-07-31 18:12:53,769 INFO  [org.apa.kaf.cli.con.int.ConsumerCoordinator] (Thread-667) [Consumer clientId=consumer-Consumer-topic-ed602d7c_0eb9_4a0c_a336_8ce8ef263bfc-10, groupId=Consumer-topic-ed602d7c_0eb9_4a0c_a336_8ce8ef263bfc] Resetting generation and member id due to: consumer pro-actively leaving the group
2025-07-31 18:12:53,769 INFO  [org.apa.kaf.cli.con.int.ConsumerCoordinator] (Thread-667) [Consumer clientId=consumer-Consumer-topic-ed602d7c_0eb9_4a0c_a336_8ce8ef263bfc-10, groupId=Consumer-topic-ed602d7c_0eb9_4a0c_a336_8ce8ef263bfc] Request joining group due to: consumer pro-actively leaving the group
2025-07-31 18:12:54,269 INFO  [org.apa.kaf.com.met.Metrics] (Thread-667) Metrics scheduler closed
2025-07-31 18:12:54,269 INFO  [org.apa.kaf.com.met.Metrics] (Thread-667) Closing reporter org.apache.kafka.common.metrics.JmxReporter
2025-07-31 18:12:54,269 INFO  [org.apa.kaf.com.met.Metrics] (Thread-667) Closing reporter org.apache.kafka.common.telemetry.internals.ClientTelemetryReporter
2025-07-31 18:12:54,269 INFO  [org.apa.kaf.com.met.Metrics] (Thread-667) Metrics reporters closed
2025-07-31 18:12:54,271 INFO  [org.apa.kaf.com.uti.AppInfoParser] (Thread-667) App info kafka.consumer for consumer-Consumer-topic-ed602d7c_0eb9_4a0c_a336_8ce8ef263bfc-10 unregistered
2025-07-31 18:12:54,272 INFO  [io.api.tes.ser.api.AvroSerdeIT] (main) Registering Avro Schema 2: {"type":"record","name":"s00d73bebxe760x4a75xb2a2xc4ae28d8cfda","namespace":"ns_f3a16996_c08d_452c_83ac_5f3592b70791","fields":[{"name":"key11753985572602","type":"string"},{"name":"key21753985574271","type":"string"}]}
**** Registry Base URL: http://registry-app-inmemory.apps.ci419.apicurio-testing.org:80
2025-07-31 18:12:55,308 INFO  [org.apa.kaf.cli.pro.ProducerConfig] (main) ProducerConfig values: 
	acks = -1
	auto.include.jmx.reporter = true
	batch.size = 16384
	bootstrap.servers = [PLAINTEXT://localhost:32770]
	buffer.memory = 33554432
	client.dns.lookup = use_all_dns_ips
	client.id = Producer-topic-ed602d7c_0eb9_4a0c_a336_8ce8ef263bfc
	compression.gzip.level = -1
	compression.lz4.level = 9
	compression.type = none
	compression.zstd.level = 3
	connections.max.idle.ms = 10000
	delivery.timeout.ms = 120000
	enable.idempotence = true
	enable.metrics.push = true
	interceptor.classes = []
	key.serializer = class org.apache.kafka.common.serialization.StringSerializer
	linger.ms = 0
	max.block.ms = 60000
	max.in.flight.requests.per.connection = 5
	max.request.size = 1048576
	metadata.max.age.ms = 300000
	metadata.max.idle.ms = 300000
	metadata.recovery.strategy = none
	metric.reporters = []
	metrics.num.samples = 2
	metrics.recording.level = INFO
	metrics.sample.window.ms = 30000
	partitioner.adaptive.partitioning.enable = true
	partitioner.availability.timeout.ms = 0
	partitioner.class = null
	partitioner.ignore.keys = false
	receive.buffer.bytes = 32768
	reconnect.backoff.max.ms = 1000
	reconnect.backoff.ms = 50
	request.timeout.ms = 5000
	retries = 2147483647
	retry.backoff.max.ms = 1000
	retry.backoff.ms = 100
	sasl.client.callback.handler.class = null
	sasl.jaas.config = null
	sasl.kerberos.kinit.cmd = /usr/bin/kinit
	sasl.kerberos.min.time.before.relogin = 60000
	sasl.kerberos.service.name = null
	sasl.kerberos.ticket.renew.jitter = 0.05
	sasl.kerberos.ticket.renew.window.factor = 0.8
	sasl.login.callback.handler.class = null
	sasl.login.class = null
	sasl.login.connect.timeout.ms = null
	sasl.login.read.timeout.ms = null
	sasl.login.refresh.buffer.seconds = 300
	sasl.login.refresh.min.period.seconds = 60
	sasl.login.refresh.window.factor = 0.8
	sasl.login.refresh.window.jitter = 0.05
	sasl.login.retry.backoff.max.ms = 10000
	sasl.login.retry.backoff.ms = 100
	sasl.mechanism = GSSAPI
	sasl.oauthbearer.clock.skew.seconds = 30
	sasl.oauthbearer.expected.audience = null
	sasl.oauthbearer.expected.issuer = null
	sasl.oauthbearer.header.urlencode = false
	sasl.oauthbearer.jwks.endpoint.refresh.ms = 3600000
	sasl.oauthbearer.jwks.endpoint.retry.backoff.max.ms = 10000
	sasl.oauthbearer.jwks.endpoint.retry.backoff.ms = 100
	sasl.oauthbearer.jwks.endpoint.url = null
	sasl.oauthbearer.scope.claim.name = scope
	sasl.oauthbearer.sub.claim.name = sub
	sasl.oauthbearer.token.endpoint.url = null
	security.protocol = PLAINTEXT
	security.providers = null
	send.buffer.bytes = 131072
	socket.connection.setup.timeout.max.ms = 30000
	socket.connection.setup.timeout.ms = 10000
	ssl.cipher.suites = null
	ssl.enabled.protocols = [TLSv1.2, TLSv1.3]
	ssl.endpoint.identification.algorithm = https
	ssl.engine.factory.class = null
	ssl.key.password = null
	ssl.keymanager.algorithm = SunX509
	ssl.keystore.certificate.chain = null
	ssl.keystore.key = null
	ssl.keystore.location = null
	ssl.keystore.password = null
	ssl.keystore.type = JKS
	ssl.protocol = TLSv1.3
	ssl.provider = null
	ssl.secure.random.implementation = null
	ssl.trustmanager.algorithm = PKIX
	ssl.truststore.certificates = null
	ssl.truststore.location = null
	ssl.truststore.password = null
	ssl.truststore.type = JKS
	transaction.timeout.ms = 60000
	transactional.id = null
	value.serializer = class io.apicurio.registry.serde.avro.AvroKafkaSerializer

2025-07-31 18:12:55,308 INFO  [org.apa.kaf.com.tel.int.KafkaMetricsCollector] (main) initializing Kafka metrics collector
2025-07-31 18:12:55,311 INFO  [org.apa.kaf.cli.pro.KafkaProducer] (main) [Producer clientId=Producer-topic-ed602d7c_0eb9_4a0c_a336_8ce8ef263bfc] Instantiated an idempotent producer.
2025-07-31 18:12:55,314 INFO  [org.apa.kaf.cli.pro.ProducerConfig] (main) These configurations '[apicurio.registry.url, apicurio.registry.artifact-resolver-strategy]' were supplied but are not used yet.
2025-07-31 18:12:55,314 INFO  [org.apa.kaf.com.uti.AppInfoParser] (main) Kafka version: 3.9.1
2025-07-31 18:12:55,314 INFO  [org.apa.kaf.com.uti.AppInfoParser] (main) Kafka commitId: f745dfdcee2b9851
2025-07-31 18:12:55,314 INFO  [org.apa.kaf.com.uti.AppInfoParser] (main) Kafka startTimeMs: 1753985575314
2025-07-31 18:12:55,316 INFO  [io.api.tes.ser.api.KafkaSerdesTester] (Thread-670) Sending message {"key11753985572602": "value-0", "key21753985574271": "value-0"} to topic topic-ed602d7c_0eb9_4a0c_a336_8ce8ef263bfc
2025-07-31 18:12:55,318 INFO  [org.apa.kaf.cli.Metadata] (kafka-producer-network-thread | Producer-topic-ed602d7c_0eb9_4a0c_a336_8ce8ef263bfc) [Producer clientId=Producer-topic-ed602d7c_0eb9_4a0c_a336_8ce8ef263bfc] Cluster ID: Pi_RUBSBSj-WuHInrGEQ6g
2025-07-31 18:12:55,320 INFO  [DefaultSchemaResolver] (Thread-670) Retrieving schema content using string: {"type":"record","name":"s00d73bebxe760x4a75xb2a2xc4ae28d8cfda","namespace":"ns_f3a16996_c08d_452c_83ac_5f3592b70791","fields":[{"name":"key11753985572602","type":"string"},{"name":"key21753985574271","type":"string"}]}
2025-07-31 18:12:55,321 INFO  [org.apa.kaf.cli.pro.int.TransactionManager] (kafka-producer-network-thread | Producer-topic-ed602d7c_0eb9_4a0c_a336_8ce8ef263bfc) [Producer clientId=Producer-topic-ed602d7c_0eb9_4a0c_a336_8ce8ef263bfc] ProducerId set to 13 with epoch 0
2025-07-31 18:12:55,352 INFO  [io.api.tes.ser.api.KafkaSerdesTester] (Thread-670) Sending message {"key11753985572602": "value-1", "key21753985574271": "value-1"} to topic topic-ed602d7c_0eb9_4a0c_a336_8ce8ef263bfc
2025-07-31 18:12:55,354 INFO  [io.api.tes.ser.api.KafkaSerdesTester] (Thread-670) Sending message {"key11753985572602": "value-2", "key21753985574271": "value-2"} to topic topic-ed602d7c_0eb9_4a0c_a336_8ce8ef263bfc
2025-07-31 18:12:55,355 INFO  [io.api.tes.ser.api.KafkaSerdesTester] (Thread-670) Sending message {"key11753985572602": "value-3", "key21753985574271": "value-3"} to topic topic-ed602d7c_0eb9_4a0c_a336_8ce8ef263bfc
2025-07-31 18:12:55,357 INFO  [io.api.tes.ser.api.KafkaSerdesTester] (Thread-670) Sending message {"key11753985572602": "value-4", "key21753985574271": "value-4"} to topic topic-ed602d7c_0eb9_4a0c_a336_8ce8ef263bfc
2025-07-31 18:12:55,359 INFO  [io.api.tes.ser.api.KafkaSerdesTester] (Thread-670) Sending message {"key11753985572602": "value-5", "key21753985574271": "value-5"} to topic topic-ed602d7c_0eb9_4a0c_a336_8ce8ef263bfc
2025-07-31 18:12:55,360 INFO  [io.api.tes.ser.api.KafkaSerdesTester] (Thread-670) Sending message {"key11753985572602": "value-6", "key21753985574271": "value-6"} to topic topic-ed602d7c_0eb9_4a0c_a336_8ce8ef263bfc
2025-07-31 18:12:55,362 INFO  [io.api.tes.ser.api.KafkaSerdesTester] (Thread-670) Sending message {"key11753985572602": "value-7", "key21753985574271": "value-7"} to topic topic-ed602d7c_0eb9_4a0c_a336_8ce8ef263bfc
2025-07-31 18:12:55,364 INFO  [io.api.tes.ser.api.KafkaSerdesTester] (Thread-670) Sending message {"key11753985572602": "value-8", "key21753985574271": "value-8"} to topic topic-ed602d7c_0eb9_4a0c_a336_8ce8ef263bfc
2025-07-31 18:12:55,373 INFO  [io.api.tes.ser.api.KafkaSerdesTester] (Thread-670) Sending message {"key11753985572602": "value-9", "key21753985574271": "value-9"} to topic topic-ed602d7c_0eb9_4a0c_a336_8ce8ef263bfc
2025-07-31 18:12:55,378 INFO  [io.api.tes.ser.api.KafkaSerdesTester] (Thread-670) Produced 10 messages
2025-07-31 18:12:55,378 INFO  [org.apa.kaf.cli.pro.KafkaProducer] (Thread-670) [Producer clientId=Producer-topic-ed602d7c_0eb9_4a0c_a336_8ce8ef263bfc] Closing the Kafka producer with timeoutMillis = 9223372036854775807 ms.
2025-07-31 18:12:55,381 INFO  [org.apa.kaf.com.met.Metrics] (Thread-670) Metrics scheduler closed
2025-07-31 18:12:55,381 INFO  [org.apa.kaf.com.met.Metrics] (Thread-670) Closing reporter org.apache.kafka.common.metrics.JmxReporter
2025-07-31 18:12:55,381 INFO  [org.apa.kaf.com.met.Metrics] (Thread-670) Closing reporter org.apache.kafka.common.telemetry.internals.ClientTelemetryReporter
2025-07-31 18:12:55,381 INFO  [org.apa.kaf.com.met.Metrics] (Thread-670) Metrics reporters closed
2025-07-31 18:12:55,382 INFO  [org.apa.kaf.com.uti.AppInfoParser] (Thread-670) App info kafka.producer for Producer-topic-ed602d7c_0eb9_4a0c_a336_8ce8ef263bfc unregistered
**** Registry Base URL: http://registry-app-inmemory.apps.ci419.apicurio-testing.org:80
2025-07-31 18:12:55,382 INFO  [org.apa.kaf.cli.pro.ProducerConfig] (main) ProducerConfig values: 
	acks = -1
	auto.include.jmx.reporter = true
	batch.size = 16384
	bootstrap.servers = [PLAINTEXT://localhost:32770]
	buffer.memory = 33554432
	client.dns.lookup = use_all_dns_ips
	client.id = Producer-topic-ed602d7c_0eb9_4a0c_a336_8ce8ef263bfc
	compression.gzip.level = -1
	compression.lz4.level = 9
	compression.type = none
	compression.zstd.level = 3
	connections.max.idle.ms = 10000
	delivery.timeout.ms = 120000
	enable.idempotence = true
	enable.metrics.push = true
	interceptor.classes = []
	key.serializer = class org.apache.kafka.common.serialization.StringSerializer
	linger.ms = 0
	max.block.ms = 60000
	max.in.flight.requests.per.connection = 5
	max.request.size = 1048576
	metadata.max.age.ms = 300000
	metadata.max.idle.ms = 300000
	metadata.recovery.strategy = none
	metric.reporters = []
	metrics.num.samples = 2
	metrics.recording.level = INFO
	metrics.sample.window.ms = 30000
	partitioner.adaptive.partitioning.enable = true
	partitioner.availability.timeout.ms = 0
	partitioner.class = null
	partitioner.ignore.keys = false
	receive.buffer.bytes = 32768
	reconnect.backoff.max.ms = 1000
	reconnect.backoff.ms = 50
	request.timeout.ms = 5000
	retries = 2147483647
	retry.backoff.max.ms = 1000
	retry.backoff.ms = 100
	sasl.client.callback.handler.class = null
	sasl.jaas.config = null
	sasl.kerberos.kinit.cmd = /usr/bin/kinit
	sasl.kerberos.min.time.before.relogin = 60000
	sasl.kerberos.service.name = null
	sasl.kerberos.ticket.renew.jitter = 0.05
	sasl.kerberos.ticket.renew.window.factor = 0.8
	sasl.login.callback.handler.class = null
	sasl.login.class = null
	sasl.login.connect.timeout.ms = null
	sasl.login.read.timeout.ms = null
	sasl.login.refresh.buffer.seconds = 300
	sasl.login.refresh.min.period.seconds = 60
	sasl.login.refresh.window.factor = 0.8
	sasl.login.refresh.window.jitter = 0.05
	sasl.login.retry.backoff.max.ms = 10000
	sasl.login.retry.backoff.ms = 100
	sasl.mechanism = GSSAPI
	sasl.oauthbearer.clock.skew.seconds = 30
	sasl.oauthbearer.expected.audience = null
	sasl.oauthbearer.expected.issuer = null
	sasl.oauthbearer.header.urlencode = false
	sasl.oauthbearer.jwks.endpoint.refresh.ms = 3600000
	sasl.oauthbearer.jwks.endpoint.retry.backoff.max.ms = 10000
	sasl.oauthbearer.jwks.endpoint.retry.backoff.ms = 100
	sasl.oauthbearer.jwks.endpoint.url = null
	sasl.oauthbearer.scope.claim.name = scope
	sasl.oauthbearer.sub.claim.name = sub
	sasl.oauthbearer.token.endpoint.url = null
	security.protocol = PLAINTEXT
	security.providers = null
	send.buffer.bytes = 131072
	socket.connection.setup.timeout.max.ms = 30000
	socket.connection.setup.timeout.ms = 10000
	ssl.cipher.suites = null
	ssl.enabled.protocols = [TLSv1.2, TLSv1.3]
	ssl.endpoint.identification.algorithm = https
	ssl.engine.factory.class = null
	ssl.key.password = null
	ssl.keymanager.algorithm = SunX509
	ssl.keystore.certificate.chain = null
	ssl.keystore.key = null
	ssl.keystore.location = null
	ssl.keystore.password = null
	ssl.keystore.type = JKS
	ssl.protocol = TLSv1.3
	ssl.provider = null
	ssl.secure.random.implementation = null
	ssl.trustmanager.algorithm = PKIX
	ssl.truststore.certificates = null
	ssl.truststore.location = null
	ssl.truststore.password = null
	ssl.truststore.type = JKS
	transaction.timeout.ms = 60000
	transactional.id = null
	value.serializer = class io.apicurio.registry.serde.avro.AvroKafkaSerializer

2025-07-31 18:12:55,382 INFO  [org.apa.kaf.com.tel.int.KafkaMetricsCollector] (main) initializing Kafka metrics collector
2025-07-31 18:12:55,386 INFO  [org.apa.kaf.cli.pro.KafkaProducer] (main) [Producer clientId=Producer-topic-ed602d7c_0eb9_4a0c_a336_8ce8ef263bfc] Instantiated an idempotent producer.
2025-07-31 18:12:55,389 INFO  [org.apa.kaf.cli.pro.ProducerConfig] (main) These configurations '[apicurio.registry.url, apicurio.registry.artifact-resolver-strategy]' were supplied but are not used yet.
2025-07-31 18:12:55,389 INFO  [org.apa.kaf.com.uti.AppInfoParser] (main) Kafka version: 3.9.1
2025-07-31 18:12:55,389 INFO  [org.apa.kaf.com.uti.AppInfoParser] (main) Kafka commitId: f745dfdcee2b9851
2025-07-31 18:12:55,389 INFO  [org.apa.kaf.com.uti.AppInfoParser] (main) Kafka startTimeMs: 1753985575389
2025-07-31 18:12:55,390 INFO  [io.api.tes.ser.api.KafkaSerdesTester] (Thread-673) Sending message {"key11753985572602": "value-0"} to topic topic-ed602d7c_0eb9_4a0c_a336_8ce8ef263bfc
2025-07-31 18:12:55,395 INFO  [org.apa.kaf.cli.Metadata] (kafka-producer-network-thread | Producer-topic-ed602d7c_0eb9_4a0c_a336_8ce8ef263bfc) [Producer clientId=Producer-topic-ed602d7c_0eb9_4a0c_a336_8ce8ef263bfc] Cluster ID: Pi_RUBSBSj-WuHInrGEQ6g
2025-07-31 18:12:55,395 INFO  [org.apa.kaf.cli.pro.int.TransactionManager] (kafka-producer-network-thread | Producer-topic-ed602d7c_0eb9_4a0c_a336_8ce8ef263bfc) [Producer clientId=Producer-topic-ed602d7c_0eb9_4a0c_a336_8ce8ef263bfc] ProducerId set to 14 with epoch 0
2025-07-31 18:12:55,395 INFO  [DefaultSchemaResolver] (Thread-673) Retrieving schema content using string: {"type":"record","name":"s00d73bebxe760x4a75xb2a2xc4ae28d8cfda","namespace":"ns_f3a16996_c08d_452c_83ac_5f3592b70791","fields":[{"name":"key11753985572602","type":"string"}]}
2025-07-31 18:12:55,436 INFO  [io.api.tes.ser.api.KafkaSerdesTester] (Thread-673) Sending message {"key11753985572602": "value-1"} to topic topic-ed602d7c_0eb9_4a0c_a336_8ce8ef263bfc
2025-07-31 18:12:55,437 INFO  [io.api.tes.ser.api.KafkaSerdesTester] (Thread-673) Sending message {"key11753985572602": "value-2"} to topic topic-ed602d7c_0eb9_4a0c_a336_8ce8ef263bfc
2025-07-31 18:12:55,441 INFO  [io.api.tes.ser.api.KafkaSerdesTester] (Thread-673) Sending message {"key11753985572602": "value-3"} to topic topic-ed602d7c_0eb9_4a0c_a336_8ce8ef263bfc
2025-07-31 18:12:55,442 INFO  [io.api.tes.ser.api.KafkaSerdesTester] (Thread-673) Sending message {"key11753985572602": "value-4"} to topic topic-ed602d7c_0eb9_4a0c_a336_8ce8ef263bfc
2025-07-31 18:12:55,443 INFO  [io.api.tes.ser.api.KafkaSerdesTester] (Thread-673) Sending message {"key11753985572602": "value-5"} to topic topic-ed602d7c_0eb9_4a0c_a336_8ce8ef263bfc
2025-07-31 18:12:55,445 INFO  [io.api.tes.ser.api.KafkaSerdesTester] (Thread-673) Sending message {"key11753985572602": "value-6"} to topic topic-ed602d7c_0eb9_4a0c_a336_8ce8ef263bfc
2025-07-31 18:12:55,447 INFO  [io.api.tes.ser.api.KafkaSerdesTester] (Thread-673) Sending message {"key11753985572602": "value-7"} to topic topic-ed602d7c_0eb9_4a0c_a336_8ce8ef263bfc
2025-07-31 18:12:55,448 INFO  [io.api.tes.ser.api.KafkaSerdesTester] (Thread-673) Sending message {"key11753985572602": "value-8"} to topic topic-ed602d7c_0eb9_4a0c_a336_8ce8ef263bfc
2025-07-31 18:12:55,450 INFO  [io.api.tes.ser.api.KafkaSerdesTester] (Thread-673) Sending message {"key11753985572602": "value-9"} to topic topic-ed602d7c_0eb9_4a0c_a336_8ce8ef263bfc
2025-07-31 18:12:55,453 INFO  [io.api.tes.ser.api.KafkaSerdesTester] (Thread-673) Produced 10 messages
2025-07-31 18:12:55,453 INFO  [org.apa.kaf.cli.pro.KafkaProducer] (Thread-673) [Producer clientId=Producer-topic-ed602d7c_0eb9_4a0c_a336_8ce8ef263bfc] Closing the Kafka producer with timeoutMillis = 9223372036854775807 ms.
2025-07-31 18:12:55,456 INFO  [org.apa.kaf.com.met.Metrics] (Thread-673) Metrics scheduler closed
2025-07-31 18:12:55,456 INFO  [org.apa.kaf.com.met.Metrics] (Thread-673) Closing reporter org.apache.kafka.common.metrics.JmxReporter
2025-07-31 18:12:55,456 INFO  [org.apa.kaf.com.met.Metrics] (Thread-673) Closing reporter org.apache.kafka.common.telemetry.internals.ClientTelemetryReporter
2025-07-31 18:12:55,456 INFO  [org.apa.kaf.com.met.Metrics] (Thread-673) Metrics reporters closed
2025-07-31 18:12:55,457 INFO  [org.apa.kaf.com.uti.AppInfoParser] (Thread-673) App info kafka.producer for Producer-topic-ed602d7c_0eb9_4a0c_a336_8ce8ef263bfc unregistered
**** Registry Base URL: http://registry-app-inmemory.apps.ci419.apicurio-testing.org:80
2025-07-31 18:12:55,458 INFO  [org.apa.kaf.cli.con.ConsumerConfig] (main) ConsumerConfig values: 
	allow.auto.create.topics = true
	auto.commit.interval.ms = 500
	auto.include.jmx.reporter = true
	auto.offset.reset = earliest
	bootstrap.servers = [PLAINTEXT://localhost:32770]
	check.crcs = true
	client.dns.lookup = use_all_dns_ips
	client.id = consumer-Consumer-topic-ed602d7c_0eb9_4a0c_a336_8ce8ef263bfc-11
	client.rack = 
	connections.max.idle.ms = 10000
	default.api.timeout.ms = 60000
	enable.auto.commit = true
	enable.metrics.push = true
	exclude.internal.topics = true
	fetch.max.bytes = 52428800
	fetch.max.wait.ms = 500
	fetch.min.bytes = 1
	group.id = Consumer-topic-ed602d7c_0eb9_4a0c_a336_8ce8ef263bfc
	group.instance.id = null
	group.protocol = classic
	group.remote.assignor = null
	heartbeat.interval.ms = 3000
	interceptor.classes = []
	internal.leave.group.on.close = true
	internal.throw.on.fetch.stable.offset.unsupported = false
	isolation.level = read_uncommitted
	key.deserializer = class org.apache.kafka.common.serialization.StringDeserializer
	max.partition.fetch.bytes = 1048576
	max.poll.interval.ms = 300000
	max.poll.records = 500
	metadata.max.age.ms = 300000
	metadata.recovery.strategy = none
	metric.reporters = []
	metrics.num.samples = 2
	metrics.recording.level = INFO
	metrics.sample.window.ms = 30000
	partition.assignment.strategy = [class org.apache.kafka.clients.consumer.RangeAssignor, class org.apache.kafka.clients.consumer.CooperativeStickyAssignor]
	receive.buffer.bytes = 65536
	reconnect.backoff.max.ms = 1000
	reconnect.backoff.ms = 50
	request.timeout.ms = 5000
	retry.backoff.max.ms = 1000
	retry.backoff.ms = 100
	sasl.client.callback.handler.class = null
	sasl.jaas.config = null
	sasl.kerberos.kinit.cmd = /usr/bin/kinit
	sasl.kerberos.min.time.before.relogin = 60000
	sasl.kerberos.service.name = null
	sasl.kerberos.ticket.renew.jitter = 0.05
	sasl.kerberos.ticket.renew.window.factor = 0.8
	sasl.login.callback.handler.class = null
	sasl.login.class = null
	sasl.login.connect.timeout.ms = null
	sasl.login.read.timeout.ms = null
	sasl.login.refresh.buffer.seconds = 300
	sasl.login.refresh.min.period.seconds = 60
	sasl.login.refresh.window.factor = 0.8
	sasl.login.refresh.window.jitter = 0.05
	sasl.login.retry.backoff.max.ms = 10000
	sasl.login.retry.backoff.ms = 100
	sasl.mechanism = GSSAPI
	sasl.oauthbearer.clock.skew.seconds = 30
	sasl.oauthbearer.expected.audience = null
	sasl.oauthbearer.expected.issuer = null
	sasl.oauthbearer.header.urlencode = false
	sasl.oauthbearer.jwks.endpoint.refresh.ms = 3600000
	sasl.oauthbearer.jwks.endpoint.retry.backoff.max.ms = 10000
	sasl.oauthbearer.jwks.endpoint.retry.backoff.ms = 100
	sasl.oauthbearer.jwks.endpoint.url = null
	sasl.oauthbearer.scope.claim.name = scope
	sasl.oauthbearer.sub.claim.name = sub
	sasl.oauthbearer.token.endpoint.url = null
	security.protocol = PLAINTEXT
	security.providers = null
	send.buffer.bytes = 131072
	session.timeout.ms = 45000
	socket.connection.setup.timeout.max.ms = 30000
	socket.connection.setup.timeout.ms = 10000
	ssl.cipher.suites = null
	ssl.enabled.protocols = [TLSv1.2, TLSv1.3]
	ssl.endpoint.identification.algorithm = https
	ssl.engine.factory.class = null
	ssl.key.password = null
	ssl.keymanager.algorithm = SunX509
	ssl.keystore.certificate.chain = null
	ssl.keystore.key = null
	ssl.keystore.location = null
	ssl.keystore.password = null
	ssl.keystore.type = JKS
	ssl.protocol = TLSv1.3
	ssl.provider = null
	ssl.secure.random.implementation = null
	ssl.trustmanager.algorithm = PKIX
	ssl.truststore.certificates = null
	ssl.truststore.location = null
	ssl.truststore.password = null
	ssl.truststore.type = JKS
	value.deserializer = class io.apicurio.registry.serde.avro.AvroKafkaDeserializer

2025-07-31 18:12:55,458 INFO  [org.apa.kaf.com.tel.int.KafkaMetricsCollector] (main) initializing Kafka metrics collector
2025-07-31 18:12:55,473 INFO  [org.apa.kaf.cli.con.ConsumerConfig] (main) These configurations '[apicurio.registry.url]' were supplied but are not used yet.
2025-07-31 18:12:55,473 INFO  [org.apa.kaf.com.uti.AppInfoParser] (main) Kafka version: 3.9.1
2025-07-31 18:12:55,473 INFO  [org.apa.kaf.com.uti.AppInfoParser] (main) Kafka commitId: f745dfdcee2b9851
2025-07-31 18:12:55,473 INFO  [org.apa.kaf.com.uti.AppInfoParser] (main) Kafka startTimeMs: 1753985575473
2025-07-31 18:12:55,473 INFO  [org.apa.kaf.cli.con.int.ClassicKafkaConsumer] (Thread-676) [Consumer clientId=consumer-Consumer-topic-ed602d7c_0eb9_4a0c_a336_8ce8ef263bfc-11, groupId=Consumer-topic-ed602d7c_0eb9_4a0c_a336_8ce8ef263bfc] Subscribed to topic(s): topic-ed602d7c_0eb9_4a0c_a336_8ce8ef263bfc
2025-07-31 18:12:55,479 INFO  [org.apa.kaf.cli.Metadata] (Thread-676) [Consumer clientId=consumer-Consumer-topic-ed602d7c_0eb9_4a0c_a336_8ce8ef263bfc-11, groupId=Consumer-topic-ed602d7c_0eb9_4a0c_a336_8ce8ef263bfc] Cluster ID: Pi_RUBSBSj-WuHInrGEQ6g
2025-07-31 18:12:55,480 INFO  [org.apa.kaf.cli.con.int.ConsumerCoordinator] (Thread-676) [Consumer clientId=consumer-Consumer-topic-ed602d7c_0eb9_4a0c_a336_8ce8ef263bfc-11, groupId=Consumer-topic-ed602d7c_0eb9_4a0c_a336_8ce8ef263bfc] Discovered group coordinator localhost:32770 (id: 2147483647 rack: null)
2025-07-31 18:12:55,481 INFO  [org.apa.kaf.cli.con.int.ConsumerCoordinator] (Thread-676) [Consumer clientId=consumer-Consumer-topic-ed602d7c_0eb9_4a0c_a336_8ce8ef263bfc-11, groupId=Consumer-topic-ed602d7c_0eb9_4a0c_a336_8ce8ef263bfc] (Re-)joining group
2025-07-31 18:12:55,484 INFO  [org.apa.kaf.cli.con.int.ConsumerCoordinator] (Thread-676) [Consumer clientId=consumer-Consumer-topic-ed602d7c_0eb9_4a0c_a336_8ce8ef263bfc-11, groupId=Consumer-topic-ed602d7c_0eb9_4a0c_a336_8ce8ef263bfc] Request joining group due to: need to re-join with the given member-id: consumer-Consumer-topic-ed602d7c_0eb9_4a0c_a336_8ce8ef263bfc-11-29e6210c-077b-4817-b81f-7bdeb055ffe4
2025-07-31 18:12:55,484 INFO  [org.apa.kaf.cli.con.int.ConsumerCoordinator] (Thread-676) [Consumer clientId=consumer-Consumer-topic-ed602d7c_0eb9_4a0c_a336_8ce8ef263bfc-11, groupId=Consumer-topic-ed602d7c_0eb9_4a0c_a336_8ce8ef263bfc] (Re-)joining group
2025-07-31 18:12:55,486 INFO  [org.apa.kaf.cli.con.int.ConsumerCoordinator] (Thread-676) [Consumer clientId=consumer-Consumer-topic-ed602d7c_0eb9_4a0c_a336_8ce8ef263bfc-11, groupId=Consumer-topic-ed602d7c_0eb9_4a0c_a336_8ce8ef263bfc] Successfully joined group with generation Generation{generationId=3, memberId='consumer-Consumer-topic-ed602d7c_0eb9_4a0c_a336_8ce8ef263bfc-11-29e6210c-077b-4817-b81f-7bdeb055ffe4', protocol='range'}
2025-07-31 18:12:55,487 INFO  [org.apa.kaf.cli.con.int.ConsumerCoordinator] (Thread-676) [Consumer clientId=consumer-Consumer-topic-ed602d7c_0eb9_4a0c_a336_8ce8ef263bfc-11, groupId=Consumer-topic-ed602d7c_0eb9_4a0c_a336_8ce8ef263bfc] Finished assignment for group at generation 3: {consumer-Consumer-topic-ed602d7c_0eb9_4a0c_a336_8ce8ef263bfc-11-29e6210c-077b-4817-b81f-7bdeb055ffe4=Assignment(partitions=[topic-ed602d7c_0eb9_4a0c_a336_8ce8ef263bfc-0])}
2025-07-31 18:12:55,490 INFO  [org.apa.kaf.cli.con.int.ConsumerCoordinator] (Thread-676) [Consumer clientId=consumer-Consumer-topic-ed602d7c_0eb9_4a0c_a336_8ce8ef263bfc-11, groupId=Consumer-topic-ed602d7c_0eb9_4a0c_a336_8ce8ef263bfc] Successfully synced group in generation Generation{generationId=3, memberId='consumer-Consumer-topic-ed602d7c_0eb9_4a0c_a336_8ce8ef263bfc-11-29e6210c-077b-4817-b81f-7bdeb055ffe4', protocol='range'}
2025-07-31 18:12:55,490 INFO  [org.apa.kaf.cli.con.int.ConsumerCoordinator] (Thread-676) [Consumer clientId=consumer-Consumer-topic-ed602d7c_0eb9_4a0c_a336_8ce8ef263bfc-11, groupId=Consumer-topic-ed602d7c_0eb9_4a0c_a336_8ce8ef263bfc] Notifying assignor about the new Assignment(partitions=[topic-ed602d7c_0eb9_4a0c_a336_8ce8ef263bfc-0])
2025-07-31 18:12:55,491 INFO  [org.apa.kaf.cli.con.int.ConsumerRebalanceListenerInvoker] (Thread-676) [Consumer clientId=consumer-Consumer-topic-ed602d7c_0eb9_4a0c_a336_8ce8ef263bfc-11, groupId=Consumer-topic-ed602d7c_0eb9_4a0c_a336_8ce8ef263bfc] Adding newly assigned partitions: topic-ed602d7c_0eb9_4a0c_a336_8ce8ef263bfc-0
2025-07-31 18:12:55,492 INFO  [org.apa.kaf.cli.con.int.ConsumerUtils] (Thread-676) Setting offset for partition topic-ed602d7c_0eb9_4a0c_a336_8ce8ef263bfc-0 to the committed offset FetchPosition{offset=10, offsetEpoch=Optional[0], currentLeader=LeaderAndEpoch{leader=Optional[localhost:32770 (id: 0 rack: null)], epoch=0}}
2025-07-31 18:12:55,566 INFO  [io.api.tes.ser.api.KafkaSerdesTester] (Thread-676) topic-ed602d7c_0eb9_4a0c_a336_8ce8ef263bfc 0 10 {"key11753985572602": "value-0", "key21753985574271": "value-0"}
2025-07-31 18:12:55,567 INFO  [io.api.tes.ser.api.KafkaSerdesTester] (Thread-676) topic-ed602d7c_0eb9_4a0c_a336_8ce8ef263bfc 0 11 {"key11753985572602": "value-1", "key21753985574271": "value-1"}
2025-07-31 18:12:55,567 INFO  [io.api.tes.ser.api.KafkaSerdesTester] (Thread-676) topic-ed602d7c_0eb9_4a0c_a336_8ce8ef263bfc 0 12 {"key11753985572602": "value-2", "key21753985574271": "value-2"}
2025-07-31 18:12:55,567 INFO  [io.api.tes.ser.api.KafkaSerdesTester] (Thread-676) topic-ed602d7c_0eb9_4a0c_a336_8ce8ef263bfc 0 13 {"key11753985572602": "value-3", "key21753985574271": "value-3"}
2025-07-31 18:12:55,567 INFO  [io.api.tes.ser.api.KafkaSerdesTester] (Thread-676) topic-ed602d7c_0eb9_4a0c_a336_8ce8ef263bfc 0 14 {"key11753985572602": "value-4", "key21753985574271": "value-4"}
2025-07-31 18:12:55,567 INFO  [io.api.tes.ser.api.KafkaSerdesTester] (Thread-676) topic-ed602d7c_0eb9_4a0c_a336_8ce8ef263bfc 0 15 {"key11753985572602": "value-5", "key21753985574271": "value-5"}
2025-07-31 18:12:55,567 INFO  [io.api.tes.ser.api.KafkaSerdesTester] (Thread-676) topic-ed602d7c_0eb9_4a0c_a336_8ce8ef263bfc 0 16 {"key11753985572602": "value-6", "key21753985574271": "value-6"}
2025-07-31 18:12:55,567 INFO  [io.api.tes.ser.api.KafkaSerdesTester] (Thread-676) topic-ed602d7c_0eb9_4a0c_a336_8ce8ef263bfc 0 17 {"key11753985572602": "value-7", "key21753985574271": "value-7"}
2025-07-31 18:12:55,567 INFO  [io.api.tes.ser.api.KafkaSerdesTester] (Thread-676) topic-ed602d7c_0eb9_4a0c_a336_8ce8ef263bfc 0 18 {"key11753985572602": "value-8", "key21753985574271": "value-8"}
2025-07-31 18:12:55,567 INFO  [io.api.tes.ser.api.KafkaSerdesTester] (Thread-676) topic-ed602d7c_0eb9_4a0c_a336_8ce8ef263bfc 0 19 {"key11753985572602": "value-9", "key21753985574271": "value-9"}
2025-07-31 18:12:55,567 INFO  [io.api.tes.ser.api.KafkaSerdesTester] (Thread-676) topic-ed602d7c_0eb9_4a0c_a336_8ce8ef263bfc 0 20 {"key11753985572602": "value-0"}
2025-07-31 18:12:55,567 INFO  [io.api.tes.ser.api.KafkaSerdesTester] (Thread-676) topic-ed602d7c_0eb9_4a0c_a336_8ce8ef263bfc 0 21 {"key11753985572602": "value-1"}
2025-07-31 18:12:55,567 INFO  [io.api.tes.ser.api.KafkaSerdesTester] (Thread-676) topic-ed602d7c_0eb9_4a0c_a336_8ce8ef263bfc 0 22 {"key11753985572602": "value-2"}
2025-07-31 18:12:55,567 INFO  [io.api.tes.ser.api.KafkaSerdesTester] (Thread-676) topic-ed602d7c_0eb9_4a0c_a336_8ce8ef263bfc 0 23 {"key11753985572602": "value-3"}
2025-07-31 18:12:55,567 INFO  [io.api.tes.ser.api.KafkaSerdesTester] (Thread-676) topic-ed602d7c_0eb9_4a0c_a336_8ce8ef263bfc 0 24 {"key11753985572602": "value-4"}
2025-07-31 18:12:55,567 INFO  [io.api.tes.ser.api.KafkaSerdesTester] (Thread-676) topic-ed602d7c_0eb9_4a0c_a336_8ce8ef263bfc 0 25 {"key11753985572602": "value-5"}
2025-07-31 18:12:55,567 INFO  [io.api.tes.ser.api.KafkaSerdesTester] (Thread-676) topic-ed602d7c_0eb9_4a0c_a336_8ce8ef263bfc 0 26 {"key11753985572602": "value-6"}
2025-07-31 18:12:55,567 INFO  [io.api.tes.ser.api.KafkaSerdesTester] (Thread-676) topic-ed602d7c_0eb9_4a0c_a336_8ce8ef263bfc 0 27 {"key11753985572602": "value-7"}
2025-07-31 18:12:55,567 INFO  [io.api.tes.ser.api.KafkaSerdesTester] (Thread-676) topic-ed602d7c_0eb9_4a0c_a336_8ce8ef263bfc 0 28 {"key11753985572602": "value-8"}
2025-07-31 18:12:55,567 INFO  [io.api.tes.ser.api.KafkaSerdesTester] (Thread-676) topic-ed602d7c_0eb9_4a0c_a336_8ce8ef263bfc 0 29 {"key11753985572602": "value-9"}
2025-07-31 18:12:55,567 INFO  [io.api.tes.ser.api.KafkaSerdesTester] (Thread-676) Consumed 20 messages
2025-07-31 18:12:55,570 INFO  [org.apa.kaf.cli.con.int.ConsumerRebalanceListenerInvoker] (Thread-676) [Consumer clientId=consumer-Consumer-topic-ed602d7c_0eb9_4a0c_a336_8ce8ef263bfc-11, groupId=Consumer-topic-ed602d7c_0eb9_4a0c_a336_8ce8ef263bfc] Revoke previously assigned partitions topic-ed602d7c_0eb9_4a0c_a336_8ce8ef263bfc-0
2025-07-31 18:12:55,570 INFO  [org.apa.kaf.cli.con.int.ConsumerCoordinator] (Thread-676) [Consumer clientId=consumer-Consumer-topic-ed602d7c_0eb9_4a0c_a336_8ce8ef263bfc-11, groupId=Consumer-topic-ed602d7c_0eb9_4a0c_a336_8ce8ef263bfc] Member consumer-Consumer-topic-ed602d7c_0eb9_4a0c_a336_8ce8ef263bfc-11-29e6210c-077b-4817-b81f-7bdeb055ffe4 sending LeaveGroup request to coordinator localhost:32770 (id: 2147483647 rack: null) due to the consumer is being closed
2025-07-31 18:12:55,570 INFO  [org.apa.kaf.cli.con.int.ConsumerCoordinator] (Thread-676) [Consumer clientId=consumer-Consumer-topic-ed602d7c_0eb9_4a0c_a336_8ce8ef263bfc-11, groupId=Consumer-topic-ed602d7c_0eb9_4a0c_a336_8ce8ef263bfc] Resetting generation and member id due to: consumer pro-actively leaving the group
2025-07-31 18:12:55,570 INFO  [org.apa.kaf.cli.con.int.ConsumerCoordinator] (Thread-676) [Consumer clientId=consumer-Consumer-topic-ed602d7c_0eb9_4a0c_a336_8ce8ef263bfc-11, groupId=Consumer-topic-ed602d7c_0eb9_4a0c_a336_8ce8ef263bfc] Request joining group due to: consumer pro-actively leaving the group
2025-07-31 18:12:56,069 INFO  [org.apa.kaf.com.met.Metrics] (Thread-676) Metrics scheduler closed
2025-07-31 18:12:56,069 INFO  [org.apa.kaf.com.met.Metrics] (Thread-676) Closing reporter org.apache.kafka.common.metrics.JmxReporter
2025-07-31 18:12:56,069 INFO  [org.apa.kaf.com.met.Metrics] (Thread-676) Closing reporter org.apache.kafka.common.telemetry.internals.ClientTelemetryReporter
2025-07-31 18:12:56,069 INFO  [org.apa.kaf.com.met.Metrics] (Thread-676) Metrics reporters closed
2025-07-31 18:12:56,072 INFO  [org.apa.kaf.com.uti.AppInfoParser] (Thread-676) App info kafka.consumer for consumer-Consumer-topic-ed602d7c_0eb9_4a0c_a336_8ce8ef263bfc-11 unregistered
2025-07-31 18:12:56,073 INFO  [io.api.tes.ser.api.AvroSerdeIT] (main) Registering Avro Schema 3: {"type":"record","name":"s00d73bebxe760x4a75xb2a2xc4ae28d8cfda","namespace":"ns_f3a16996_c08d_452c_83ac_5f3592b70791","fields":[{"name":"key11753985572602","type":"string"},{"name":"key21753985574271","type":"string"},{"name":"key31753985576072","type":"string"}]}
**** Registry Base URL: http://registry-app-inmemory.apps.ci419.apicurio-testing.org:80
2025-07-31 18:12:57,111 INFO  [org.apa.kaf.cli.pro.ProducerConfig] (main) ProducerConfig values: 
	acks = -1
	auto.include.jmx.reporter = true
	batch.size = 16384
	bootstrap.servers = [PLAINTEXT://localhost:32770]
	buffer.memory = 33554432
	client.dns.lookup = use_all_dns_ips
	client.id = Producer-topic-ed602d7c_0eb9_4a0c_a336_8ce8ef263bfc
	compression.gzip.level = -1
	compression.lz4.level = 9
	compression.type = none
	compression.zstd.level = 3
	connections.max.idle.ms = 10000
	delivery.timeout.ms = 120000
	enable.idempotence = true
	enable.metrics.push = true
	interceptor.classes = []
	key.serializer = class org.apache.kafka.common.serialization.StringSerializer
	linger.ms = 0
	max.block.ms = 60000
	max.in.flight.requests.per.connection = 5
	max.request.size = 1048576
	metadata.max.age.ms = 300000
	metadata.max.idle.ms = 300000
	metadata.recovery.strategy = none
	metric.reporters = []
	metrics.num.samples = 2
	metrics.recording.level = INFO
	metrics.sample.window.ms = 30000
	partitioner.adaptive.partitioning.enable = true
	partitioner.availability.timeout.ms = 0
	partitioner.class = null
	partitioner.ignore.keys = false
	receive.buffer.bytes = 32768
	reconnect.backoff.max.ms = 1000
	reconnect.backoff.ms = 50
	request.timeout.ms = 5000
	retries = 2147483647
	retry.backoff.max.ms = 1000
	retry.backoff.ms = 100
	sasl.client.callback.handler.class = null
	sasl.jaas.config = null
	sasl.kerberos.kinit.cmd = /usr/bin/kinit
	sasl.kerberos.min.time.before.relogin = 60000
	sasl.kerberos.service.name = null
	sasl.kerberos.ticket.renew.jitter = 0.05
	sasl.kerberos.ticket.renew.window.factor = 0.8
	sasl.login.callback.handler.class = null
	sasl.login.class = null
	sasl.login.connect.timeout.ms = null
	sasl.login.read.timeout.ms = null
	sasl.login.refresh.buffer.seconds = 300
	sasl.login.refresh.min.period.seconds = 60
	sasl.login.refresh.window.factor = 0.8
	sasl.login.refresh.window.jitter = 0.05
	sasl.login.retry.backoff.max.ms = 10000
	sasl.login.retry.backoff.ms = 100
	sasl.mechanism = GSSAPI
	sasl.oauthbearer.clock.skew.seconds = 30
	sasl.oauthbearer.expected.audience = null
	sasl.oauthbearer.expected.issuer = null
	sasl.oauthbearer.header.urlencode = false
	sasl.oauthbearer.jwks.endpoint.refresh.ms = 3600000
	sasl.oauthbearer.jwks.endpoint.retry.backoff.max.ms = 10000
	sasl.oauthbearer.jwks.endpoint.retry.backoff.ms = 100
	sasl.oauthbearer.jwks.endpoint.url = null
	sasl.oauthbearer.scope.claim.name = scope
	sasl.oauthbearer.sub.claim.name = sub
	sasl.oauthbearer.token.endpoint.url = null
	security.protocol = PLAINTEXT
	security.providers = null
	send.buffer.bytes = 131072
	socket.connection.setup.timeout.max.ms = 30000
	socket.connection.setup.timeout.ms = 10000
	ssl.cipher.suites = null
	ssl.enabled.protocols = [TLSv1.2, TLSv1.3]
	ssl.endpoint.identification.algorithm = https
	ssl.engine.factory.class = null
	ssl.key.password = null
	ssl.keymanager.algorithm = SunX509
	ssl.keystore.certificate.chain = null
	ssl.keystore.key = null
	ssl.keystore.location = null
	ssl.keystore.password = null
	ssl.keystore.type = JKS
	ssl.protocol = TLSv1.3
	ssl.provider = null
	ssl.secure.random.implementation = null
	ssl.trustmanager.algorithm = PKIX
	ssl.truststore.certificates = null
	ssl.truststore.location = null
	ssl.truststore.password = null
	ssl.truststore.type = JKS
	transaction.timeout.ms = 60000
	transactional.id = null
	value.serializer = class io.apicurio.registry.serde.avro.AvroKafkaSerializer

2025-07-31 18:12:57,111 INFO  [org.apa.kaf.com.tel.int.KafkaMetricsCollector] (main) initializing Kafka metrics collector
2025-07-31 18:12:57,115 INFO  [org.apa.kaf.cli.pro.KafkaProducer] (main) [Producer clientId=Producer-topic-ed602d7c_0eb9_4a0c_a336_8ce8ef263bfc] Instantiated an idempotent producer.
2025-07-31 18:12:57,117 INFO  [org.apa.kaf.cli.pro.ProducerConfig] (main) These configurations '[apicurio.registry.url, apicurio.registry.artifact-resolver-strategy]' were supplied but are not used yet.
2025-07-31 18:12:57,117 INFO  [org.apa.kaf.com.uti.AppInfoParser] (main) Kafka version: 3.9.1
2025-07-31 18:12:57,117 INFO  [org.apa.kaf.com.uti.AppInfoParser] (main) Kafka commitId: f745dfdcee2b9851
2025-07-31 18:12:57,117 INFO  [org.apa.kaf.com.uti.AppInfoParser] (main) Kafka startTimeMs: 1753985577117
2025-07-31 18:12:57,117 INFO  [io.api.tes.ser.api.KafkaSerdesTester] (Thread-679) Sending message {"key11753985572602": "value-0", "key21753985574271": "value-0", "key31753985576072": "value-0"} to topic topic-ed602d7c_0eb9_4a0c_a336_8ce8ef263bfc
2025-07-31 18:12:57,123 INFO  [org.apa.kaf.cli.Metadata] (kafka-producer-network-thread | Producer-topic-ed602d7c_0eb9_4a0c_a336_8ce8ef263bfc) [Producer clientId=Producer-topic-ed602d7c_0eb9_4a0c_a336_8ce8ef263bfc] Cluster ID: Pi_RUBSBSj-WuHInrGEQ6g
2025-07-31 18:12:57,124 INFO  [org.apa.kaf.cli.pro.int.TransactionManager] (kafka-producer-network-thread | Producer-topic-ed602d7c_0eb9_4a0c_a336_8ce8ef263bfc) [Producer clientId=Producer-topic-ed602d7c_0eb9_4a0c_a336_8ce8ef263bfc] ProducerId set to 15 with epoch 0
2025-07-31 18:12:57,124 INFO  [DefaultSchemaResolver] (Thread-679) Retrieving schema content using string: {"type":"record","name":"s00d73bebxe760x4a75xb2a2xc4ae28d8cfda","namespace":"ns_f3a16996_c08d_452c_83ac_5f3592b70791","fields":[{"name":"key11753985572602","type":"string"},{"name":"key21753985574271","type":"string"},{"name":"key31753985576072","type":"string"}]}
2025-07-31 18:12:57,158 INFO  [io.api.tes.ser.api.KafkaSerdesTester] (Thread-679) Sending message {"key11753985572602": "value-1", "key21753985574271": "value-1", "key31753985576072": "value-1"} to topic topic-ed602d7c_0eb9_4a0c_a336_8ce8ef263bfc
2025-07-31 18:12:57,160 INFO  [io.api.tes.ser.api.KafkaSerdesTester] (Thread-679) Sending message {"key11753985572602": "value-2", "key21753985574271": "value-2", "key31753985576072": "value-2"} to topic topic-ed602d7c_0eb9_4a0c_a336_8ce8ef263bfc
2025-07-31 18:12:57,161 INFO  [io.api.tes.ser.api.KafkaSerdesTester] (Thread-679) Sending message {"key11753985572602": "value-3", "key21753985574271": "value-3", "key31753985576072": "value-3"} to topic topic-ed602d7c_0eb9_4a0c_a336_8ce8ef263bfc
2025-07-31 18:12:57,162 INFO  [io.api.tes.ser.api.KafkaSerdesTester] (Thread-679) Sending message {"key11753985572602": "value-4", "key21753985574271": "value-4", "key31753985576072": "value-4"} to topic topic-ed602d7c_0eb9_4a0c_a336_8ce8ef263bfc
2025-07-31 18:12:57,163 INFO  [io.api.tes.ser.api.KafkaSerdesTester] (Thread-679) Sending message {"key11753985572602": "value-5", "key21753985574271": "value-5", "key31753985576072": "value-5"} to topic topic-ed602d7c_0eb9_4a0c_a336_8ce8ef263bfc
2025-07-31 18:12:57,166 INFO  [io.api.tes.ser.api.KafkaSerdesTester] (Thread-679) Sending message {"key11753985572602": "value-6", "key21753985574271": "value-6", "key31753985576072": "value-6"} to topic topic-ed602d7c_0eb9_4a0c_a336_8ce8ef263bfc
2025-07-31 18:12:57,167 INFO  [io.api.tes.ser.api.KafkaSerdesTester] (Thread-679) Sending message {"key11753985572602": "value-7", "key21753985574271": "value-7", "key31753985576072": "value-7"} to topic topic-ed602d7c_0eb9_4a0c_a336_8ce8ef263bfc
2025-07-31 18:12:57,168 INFO  [io.api.tes.ser.api.KafkaSerdesTester] (Thread-679) Sending message {"key11753985572602": "value-8", "key21753985574271": "value-8", "key31753985576072": "value-8"} to topic topic-ed602d7c_0eb9_4a0c_a336_8ce8ef263bfc
2025-07-31 18:12:57,170 INFO  [io.api.tes.ser.api.KafkaSerdesTester] (Thread-679) Sending message {"key11753985572602": "value-9", "key21753985574271": "value-9", "key31753985576072": "value-9"} to topic topic-ed602d7c_0eb9_4a0c_a336_8ce8ef263bfc
2025-07-31 18:12:57,171 INFO  [io.api.tes.ser.api.KafkaSerdesTester] (Thread-679) Produced 10 messages
2025-07-31 18:12:57,171 INFO  [org.apa.kaf.cli.pro.KafkaProducer] (Thread-679) [Producer clientId=Producer-topic-ed602d7c_0eb9_4a0c_a336_8ce8ef263bfc] Closing the Kafka producer with timeoutMillis = 9223372036854775807 ms.
2025-07-31 18:12:57,176 INFO  [org.apa.kaf.com.met.Metrics] (Thread-679) Metrics scheduler closed
2025-07-31 18:12:57,176 INFO  [org.apa.kaf.com.met.Metrics] (Thread-679) Closing reporter org.apache.kafka.common.metrics.JmxReporter
2025-07-31 18:12:57,176 INFO  [org.apa.kaf.com.met.Metrics] (Thread-679) Closing reporter org.apache.kafka.common.telemetry.internals.ClientTelemetryReporter
2025-07-31 18:12:57,176 INFO  [org.apa.kaf.com.met.Metrics] (Thread-679) Metrics reporters closed
2025-07-31 18:12:57,176 INFO  [org.apa.kaf.com.uti.AppInfoParser] (Thread-679) App info kafka.producer for Producer-topic-ed602d7c_0eb9_4a0c_a336_8ce8ef263bfc unregistered
**** Registry Base URL: http://registry-app-inmemory.apps.ci419.apicurio-testing.org:80
2025-07-31 18:12:57,178 INFO  [org.apa.kaf.cli.pro.ProducerConfig] (main) ProducerConfig values: 
	acks = -1
	auto.include.jmx.reporter = true
	batch.size = 16384
	bootstrap.servers = [PLAINTEXT://localhost:32770]
	buffer.memory = 33554432
	client.dns.lookup = use_all_dns_ips
	client.id = Producer-topic-ed602d7c_0eb9_4a0c_a336_8ce8ef263bfc
	compression.gzip.level = -1
	compression.lz4.level = 9
	compression.type = none
	compression.zstd.level = 3
	connections.max.idle.ms = 10000
	delivery.timeout.ms = 120000
	enable.idempotence = true
	enable.metrics.push = true
	interceptor.classes = []
	key.serializer = class org.apache.kafka.common.serialization.StringSerializer
	linger.ms = 0
	max.block.ms = 60000
	max.in.flight.requests.per.connection = 5
	max.request.size = 1048576
	metadata.max.age.ms = 300000
	metadata.max.idle.ms = 300000
	metadata.recovery.strategy = none
	metric.reporters = []
	metrics.num.samples = 2
	metrics.recording.level = INFO
	metrics.sample.window.ms = 30000
	partitioner.adaptive.partitioning.enable = true
	partitioner.availability.timeout.ms = 0
	partitioner.class = null
	partitioner.ignore.keys = false
	receive.buffer.bytes = 32768
	reconnect.backoff.max.ms = 1000
	reconnect.backoff.ms = 50
	request.timeout.ms = 5000
	retries = 2147483647
	retry.backoff.max.ms = 1000
	retry.backoff.ms = 100
	sasl.client.callback.handler.class = null
	sasl.jaas.config = null
	sasl.kerberos.kinit.cmd = /usr/bin/kinit
	sasl.kerberos.min.time.before.relogin = 60000
	sasl.kerberos.service.name = null
	sasl.kerberos.ticket.renew.jitter = 0.05
	sasl.kerberos.ticket.renew.window.factor = 0.8
	sasl.login.callback.handler.class = null
	sasl.login.class = null
	sasl.login.connect.timeout.ms = null
	sasl.login.read.timeout.ms = null
	sasl.login.refresh.buffer.seconds = 300
	sasl.login.refresh.min.period.seconds = 60
	sasl.login.refresh.window.factor = 0.8
	sasl.login.refresh.window.jitter = 0.05
	sasl.login.retry.backoff.max.ms = 10000
	sasl.login.retry.backoff.ms = 100
	sasl.mechanism = GSSAPI
	sasl.oauthbearer.clock.skew.seconds = 30
	sasl.oauthbearer.expected.audience = null
	sasl.oauthbearer.expected.issuer = null
	sasl.oauthbearer.header.urlencode = false
	sasl.oauthbearer.jwks.endpoint.refresh.ms = 3600000
	sasl.oauthbearer.jwks.endpoint.retry.backoff.max.ms = 10000
	sasl.oauthbearer.jwks.endpoint.retry.backoff.ms = 100
	sasl.oauthbearer.jwks.endpoint.url = null
	sasl.oauthbearer.scope.claim.name = scope
	sasl.oauthbearer.sub.claim.name = sub
	sasl.oauthbearer.token.endpoint.url = null
	security.protocol = PLAINTEXT
	security.providers = null
	send.buffer.bytes = 131072
	socket.connection.setup.timeout.max.ms = 30000
	socket.connection.setup.timeout.ms = 10000
	ssl.cipher.suites = null
	ssl.enabled.protocols = [TLSv1.2, TLSv1.3]
	ssl.endpoint.identification.algorithm = https
	ssl.engine.factory.class = null
	ssl.key.password = null
	ssl.keymanager.algorithm = SunX509
	ssl.keystore.certificate.chain = null
	ssl.keystore.key = null
	ssl.keystore.location = null
	ssl.keystore.password = null
	ssl.keystore.type = JKS
	ssl.protocol = TLSv1.3
	ssl.provider = null
	ssl.secure.random.implementation = null
	ssl.trustmanager.algorithm = PKIX
	ssl.truststore.certificates = null
	ssl.truststore.location = null
	ssl.truststore.password = null
	ssl.truststore.type = JKS
	transaction.timeout.ms = 60000
	transactional.id = null
	value.serializer = class io.apicurio.registry.serde.avro.AvroKafkaSerializer

2025-07-31 18:12:57,178 INFO  [org.apa.kaf.com.tel.int.KafkaMetricsCollector] (main) initializing Kafka metrics collector
2025-07-31 18:12:57,183 INFO  [org.apa.kaf.cli.pro.KafkaProducer] (main) [Producer clientId=Producer-topic-ed602d7c_0eb9_4a0c_a336_8ce8ef263bfc] Instantiated an idempotent producer.
2025-07-31 18:12:57,188 INFO  [org.apa.kaf.cli.pro.ProducerConfig] (main) These configurations '[apicurio.registry.url, apicurio.registry.artifact-resolver-strategy]' were supplied but are not used yet.
2025-07-31 18:12:57,188 INFO  [org.apa.kaf.com.uti.AppInfoParser] (main) Kafka version: 3.9.1
2025-07-31 18:12:57,188 INFO  [org.apa.kaf.com.uti.AppInfoParser] (main) Kafka commitId: f745dfdcee2b9851
2025-07-31 18:12:57,188 INFO  [org.apa.kaf.com.uti.AppInfoParser] (main) Kafka startTimeMs: 1753985577188
2025-07-31 18:12:57,190 INFO  [io.api.tes.ser.api.KafkaSerdesTester] (Thread-682) Sending message {"key11753985572602": "value-0", "key21753985574271": "value-0"} to topic topic-ed602d7c_0eb9_4a0c_a336_8ce8ef263bfc
2025-07-31 18:12:57,193 INFO  [org.apa.kaf.cli.Metadata] (kafka-producer-network-thread | Producer-topic-ed602d7c_0eb9_4a0c_a336_8ce8ef263bfc) [Producer clientId=Producer-topic-ed602d7c_0eb9_4a0c_a336_8ce8ef263bfc] Cluster ID: Pi_RUBSBSj-WuHInrGEQ6g
2025-07-31 18:12:57,193 INFO  [DefaultSchemaResolver] (Thread-682) Retrieving schema content using string: {"type":"record","name":"s00d73bebxe760x4a75xb2a2xc4ae28d8cfda","namespace":"ns_f3a16996_c08d_452c_83ac_5f3592b70791","fields":[{"name":"key11753985572602","type":"string"},{"name":"key21753985574271","type":"string"}]}
2025-07-31 18:12:57,199 INFO  [org.apa.kaf.cli.pro.int.TransactionManager] (kafka-producer-network-thread | Producer-topic-ed602d7c_0eb9_4a0c_a336_8ce8ef263bfc) [Producer clientId=Producer-topic-ed602d7c_0eb9_4a0c_a336_8ce8ef263bfc] ProducerId set to 16 with epoch 0
2025-07-31 18:12:57,252 INFO  [io.api.tes.ser.api.KafkaSerdesTester] (Thread-682) Sending message {"key11753985572602": "value-1", "key21753985574271": "value-1"} to topic topic-ed602d7c_0eb9_4a0c_a336_8ce8ef263bfc
2025-07-31 18:12:57,255 INFO  [io.api.tes.ser.api.KafkaSerdesTester] (Thread-682) Sending message {"key11753985572602": "value-2", "key21753985574271": "value-2"} to topic topic-ed602d7c_0eb9_4a0c_a336_8ce8ef263bfc
2025-07-31 18:12:57,258 INFO  [io.api.tes.ser.api.KafkaSerdesTester] (Thread-682) Sending message {"key11753985572602": "value-3", "key21753985574271": "value-3"} to topic topic-ed602d7c_0eb9_4a0c_a336_8ce8ef263bfc
2025-07-31 18:12:57,259 INFO  [io.api.tes.ser.api.KafkaSerdesTester] (Thread-682) Sending message {"key11753985572602": "value-4", "key21753985574271": "value-4"} to topic topic-ed602d7c_0eb9_4a0c_a336_8ce8ef263bfc
2025-07-31 18:12:57,264 INFO  [io.api.tes.ser.api.KafkaSerdesTester] (Thread-682) Sending message {"key11753985572602": "value-5", "key21753985574271": "value-5"} to topic topic-ed602d7c_0eb9_4a0c_a336_8ce8ef263bfc
2025-07-31 18:12:57,265 INFO  [io.api.tes.ser.api.KafkaSerdesTester] (Thread-682) Sending message {"key11753985572602": "value-6", "key21753985574271": "value-6"} to topic topic-ed602d7c_0eb9_4a0c_a336_8ce8ef263bfc
2025-07-31 18:12:57,267 INFO  [io.api.tes.ser.api.KafkaSerdesTester] (Thread-682) Sending message {"key11753985572602": "value-7", "key21753985574271": "value-7"} to topic topic-ed602d7c_0eb9_4a0c_a336_8ce8ef263bfc
2025-07-31 18:12:57,271 INFO  [io.api.tes.ser.api.KafkaSerdesTester] (Thread-682) Sending message {"key11753985572602": "value-8", "key21753985574271": "value-8"} to topic topic-ed602d7c_0eb9_4a0c_a336_8ce8ef263bfc
2025-07-31 18:12:57,273 INFO  [io.api.tes.ser.api.KafkaSerdesTester] (Thread-682) Sending message {"key11753985572602": "value-9", "key21753985574271": "value-9"} to topic topic-ed602d7c_0eb9_4a0c_a336_8ce8ef263bfc
2025-07-31 18:12:57,274 INFO  [io.api.tes.ser.api.KafkaSerdesTester] (Thread-682) Produced 10 messages
2025-07-31 18:12:57,274 INFO  [org.apa.kaf.cli.pro.KafkaProducer] (Thread-682) [Producer clientId=Producer-topic-ed602d7c_0eb9_4a0c_a336_8ce8ef263bfc] Closing the Kafka producer with timeoutMillis = 9223372036854775807 ms.
2025-07-31 18:12:57,277 INFO  [org.apa.kaf.com.met.Metrics] (Thread-682) Metrics scheduler closed
2025-07-31 18:12:57,277 INFO  [org.apa.kaf.com.met.Metrics] (Thread-682) Closing reporter org.apache.kafka.common.metrics.JmxReporter
2025-07-31 18:12:57,277 INFO  [org.apa.kaf.com.met.Metrics] (Thread-682) Closing reporter org.apache.kafka.common.telemetry.internals.ClientTelemetryReporter
2025-07-31 18:12:57,277 INFO  [org.apa.kaf.com.met.Metrics] (Thread-682) Metrics reporters closed
2025-07-31 18:12:57,277 INFO  [org.apa.kaf.com.uti.AppInfoParser] (Thread-682) App info kafka.producer for Producer-topic-ed602d7c_0eb9_4a0c_a336_8ce8ef263bfc unregistered
**** Registry Base URL: http://registry-app-inmemory.apps.ci419.apicurio-testing.org:80
2025-07-31 18:12:57,278 INFO  [org.apa.kaf.cli.pro.ProducerConfig] (main) ProducerConfig values: 
	acks = -1
	auto.include.jmx.reporter = true
	batch.size = 16384
	bootstrap.servers = [PLAINTEXT://localhost:32770]
	buffer.memory = 33554432
	client.dns.lookup = use_all_dns_ips
	client.id = Producer-topic-ed602d7c_0eb9_4a0c_a336_8ce8ef263bfc
	compression.gzip.level = -1
	compression.lz4.level = 9
	compression.type = none
	compression.zstd.level = 3
	connections.max.idle.ms = 10000
	delivery.timeout.ms = 120000
	enable.idempotence = true
	enable.metrics.push = true
	interceptor.classes = []
	key.serializer = class org.apache.kafka.common.serialization.StringSerializer
	linger.ms = 0
	max.block.ms = 60000
	max.in.flight.requests.per.connection = 5
	max.request.size = 1048576
	metadata.max.age.ms = 300000
	metadata.max.idle.ms = 300000
	metadata.recovery.strategy = none
	metric.reporters = []
	metrics.num.samples = 2
	metrics.recording.level = INFO
	metrics.sample.window.ms = 30000
	partitioner.adaptive.partitioning.enable = true
	partitioner.availability.timeout.ms = 0
	partitioner.class = null
	partitioner.ignore.keys = false
	receive.buffer.bytes = 32768
	reconnect.backoff.max.ms = 1000
	reconnect.backoff.ms = 50
	request.timeout.ms = 5000
	retries = 2147483647
	retry.backoff.max.ms = 1000
	retry.backoff.ms = 100
	sasl.client.callback.handler.class = null
	sasl.jaas.config = null
	sasl.kerberos.kinit.cmd = /usr/bin/kinit
	sasl.kerberos.min.time.before.relogin = 60000
	sasl.kerberos.service.name = null
	sasl.kerberos.ticket.renew.jitter = 0.05
	sasl.kerberos.ticket.renew.window.factor = 0.8
	sasl.login.callback.handler.class = null
	sasl.login.class = null
	sasl.login.connect.timeout.ms = null
	sasl.login.read.timeout.ms = null
	sasl.login.refresh.buffer.seconds = 300
	sasl.login.refresh.min.period.seconds = 60
	sasl.login.refresh.window.factor = 0.8
	sasl.login.refresh.window.jitter = 0.05
	sasl.login.retry.backoff.max.ms = 10000
	sasl.login.retry.backoff.ms = 100
	sasl.mechanism = GSSAPI
	sasl.oauthbearer.clock.skew.seconds = 30
	sasl.oauthbearer.expected.audience = null
	sasl.oauthbearer.expected.issuer = null
	sasl.oauthbearer.header.urlencode = false
	sasl.oauthbearer.jwks.endpoint.refresh.ms = 3600000
	sasl.oauthbearer.jwks.endpoint.retry.backoff.max.ms = 10000
	sasl.oauthbearer.jwks.endpoint.retry.backoff.ms = 100
	sasl.oauthbearer.jwks.endpoint.url = null
	sasl.oauthbearer.scope.claim.name = scope
	sasl.oauthbearer.sub.claim.name = sub
	sasl.oauthbearer.token.endpoint.url = null
	security.protocol = PLAINTEXT
	security.providers = null
	send.buffer.bytes = 131072
	socket.connection.setup.timeout.max.ms = 30000
	socket.connection.setup.timeout.ms = 10000
	ssl.cipher.suites = null
	ssl.enabled.protocols = [TLSv1.2, TLSv1.3]
	ssl.endpoint.identification.algorithm = https
	ssl.engine.factory.class = null
	ssl.key.password = null
	ssl.keymanager.algorithm = SunX509
	ssl.keystore.certificate.chain = null
	ssl.keystore.key = null
	ssl.keystore.location = null
	ssl.keystore.password = null
	ssl.keystore.type = JKS
	ssl.protocol = TLSv1.3
	ssl.provider = null
	ssl.secure.random.implementation = null
	ssl.trustmanager.algorithm = PKIX
	ssl.truststore.certificates = null
	ssl.truststore.location = null
	ssl.truststore.password = null
	ssl.truststore.type = JKS
	transaction.timeout.ms = 60000
	transactional.id = null
	value.serializer = class io.apicurio.registry.serde.avro.AvroKafkaSerializer

2025-07-31 18:12:57,278 INFO  [org.apa.kaf.com.tel.int.KafkaMetricsCollector] (main) initializing Kafka metrics collector
2025-07-31 18:12:57,283 INFO  [org.apa.kaf.cli.pro.KafkaProducer] (main) [Producer clientId=Producer-topic-ed602d7c_0eb9_4a0c_a336_8ce8ef263bfc] Instantiated an idempotent producer.
2025-07-31 18:12:57,286 INFO  [org.apa.kaf.cli.pro.ProducerConfig] (main) These configurations '[apicurio.registry.url, apicurio.registry.artifact-resolver-strategy]' were supplied but are not used yet.
2025-07-31 18:12:57,286 INFO  [org.apa.kaf.com.uti.AppInfoParser] (main) Kafka version: 3.9.1
2025-07-31 18:12:57,286 INFO  [org.apa.kaf.com.uti.AppInfoParser] (main) Kafka commitId: f745dfdcee2b9851
2025-07-31 18:12:57,286 INFO  [org.apa.kaf.com.uti.AppInfoParser] (main) Kafka startTimeMs: 1753985577286
2025-07-31 18:12:57,288 INFO  [io.api.tes.ser.api.KafkaSerdesTester] (Thread-685) Sending message {"key11753985572602": "value-0"} to topic topic-ed602d7c_0eb9_4a0c_a336_8ce8ef263bfc
2025-07-31 18:12:57,290 INFO  [org.apa.kaf.cli.Metadata] (kafka-producer-network-thread | Producer-topic-ed602d7c_0eb9_4a0c_a336_8ce8ef263bfc) [Producer clientId=Producer-topic-ed602d7c_0eb9_4a0c_a336_8ce8ef263bfc] Cluster ID: Pi_RUBSBSj-WuHInrGEQ6g
2025-07-31 18:12:57,290 INFO  [DefaultSchemaResolver] (Thread-685) Retrieving schema content using string: {"type":"record","name":"s00d73bebxe760x4a75xb2a2xc4ae28d8cfda","namespace":"ns_f3a16996_c08d_452c_83ac_5f3592b70791","fields":[{"name":"key11753985572602","type":"string"}]}
2025-07-31 18:12:57,291 INFO  [org.apa.kaf.cli.pro.int.TransactionManager] (kafka-producer-network-thread | Producer-topic-ed602d7c_0eb9_4a0c_a336_8ce8ef263bfc) [Producer clientId=Producer-topic-ed602d7c_0eb9_4a0c_a336_8ce8ef263bfc] ProducerId set to 17 with epoch 0
2025-07-31 18:12:57,319 INFO  [io.api.tes.ser.api.KafkaSerdesTester] (Thread-685) Sending message {"key11753985572602": "value-1"} to topic topic-ed602d7c_0eb9_4a0c_a336_8ce8ef263bfc
2025-07-31 18:12:57,325 INFO  [io.api.tes.ser.api.KafkaSerdesTester] (Thread-685) Sending message {"key11753985572602": "value-2"} to topic topic-ed602d7c_0eb9_4a0c_a336_8ce8ef263bfc
2025-07-31 18:12:57,328 INFO  [io.api.tes.ser.api.KafkaSerdesTester] (Thread-685) Sending message {"key11753985572602": "value-3"} to topic topic-ed602d7c_0eb9_4a0c_a336_8ce8ef263bfc
2025-07-31 18:12:57,329 INFO  [io.api.tes.ser.api.KafkaSerdesTester] (Thread-685) Sending message {"key11753985572602": "value-4"} to topic topic-ed602d7c_0eb9_4a0c_a336_8ce8ef263bfc
2025-07-31 18:12:57,330 INFO  [io.api.tes.ser.api.KafkaSerdesTester] (Thread-685) Sending message {"key11753985572602": "value-5"} to topic topic-ed602d7c_0eb9_4a0c_a336_8ce8ef263bfc
2025-07-31 18:12:57,332 INFO  [io.api.tes.ser.api.KafkaSerdesTester] (Thread-685) Sending message {"key11753985572602": "value-6"} to topic topic-ed602d7c_0eb9_4a0c_a336_8ce8ef263bfc
2025-07-31 18:12:57,334 INFO  [io.api.tes.ser.api.KafkaSerdesTester] (Thread-685) Sending message {"key11753985572602": "value-7"} to topic topic-ed602d7c_0eb9_4a0c_a336_8ce8ef263bfc
2025-07-31 18:12:57,336 INFO  [io.api.tes.ser.api.KafkaSerdesTester] (Thread-685) Sending message {"key11753985572602": "value-8"} to topic topic-ed602d7c_0eb9_4a0c_a336_8ce8ef263bfc
2025-07-31 18:12:57,337 INFO  [io.api.tes.ser.api.KafkaSerdesTester] (Thread-685) Sending message {"key11753985572602": "value-9"} to topic topic-ed602d7c_0eb9_4a0c_a336_8ce8ef263bfc
2025-07-31 18:12:57,339 INFO  [io.api.tes.ser.api.KafkaSerdesTester] (Thread-685) Produced 10 messages
2025-07-31 18:12:57,339 INFO  [org.apa.kaf.cli.pro.KafkaProducer] (Thread-685) [Producer clientId=Producer-topic-ed602d7c_0eb9_4a0c_a336_8ce8ef263bfc] Closing the Kafka producer with timeoutMillis = 9223372036854775807 ms.
2025-07-31 18:12:57,341 INFO  [org.apa.kaf.com.met.Metrics] (Thread-685) Metrics scheduler closed
2025-07-31 18:12:57,341 INFO  [org.apa.kaf.com.met.Metrics] (Thread-685) Closing reporter org.apache.kafka.common.metrics.JmxReporter
2025-07-31 18:12:57,341 INFO  [org.apa.kaf.com.met.Metrics] (Thread-685) Closing reporter org.apache.kafka.common.telemetry.internals.ClientTelemetryReporter
2025-07-31 18:12:57,341 INFO  [org.apa.kaf.com.met.Metrics] (Thread-685) Metrics reporters closed
2025-07-31 18:12:57,341 INFO  [org.apa.kaf.com.uti.AppInfoParser] (Thread-685) App info kafka.producer for Producer-topic-ed602d7c_0eb9_4a0c_a336_8ce8ef263bfc unregistered
**** Registry Base URL: http://registry-app-inmemory.apps.ci419.apicurio-testing.org:80
2025-07-31 18:12:57,342 INFO  [org.apa.kaf.cli.con.ConsumerConfig] (main) ConsumerConfig values: 
	allow.auto.create.topics = true
	auto.commit.interval.ms = 500
	auto.include.jmx.reporter = true
	auto.offset.reset = earliest
	bootstrap.servers = [PLAINTEXT://localhost:32770]
	check.crcs = true
	client.dns.lookup = use_all_dns_ips
	client.id = consumer-Consumer-topic-ed602d7c_0eb9_4a0c_a336_8ce8ef263bfc-12
	client.rack = 
	connections.max.idle.ms = 10000
	default.api.timeout.ms = 60000
	enable.auto.commit = true
	enable.metrics.push = true
	exclude.internal.topics = true
	fetch.max.bytes = 52428800
	fetch.max.wait.ms = 500
	fetch.min.bytes = 1
	group.id = Consumer-topic-ed602d7c_0eb9_4a0c_a336_8ce8ef263bfc
	group.instance.id = null
	group.protocol = classic
	group.remote.assignor = null
	heartbeat.interval.ms = 3000
	interceptor.classes = []
	internal.leave.group.on.close = true
	internal.throw.on.fetch.stable.offset.unsupported = false
	isolation.level = read_uncommitted
	key.deserializer = class org.apache.kafka.common.serialization.StringDeserializer
	max.partition.fetch.bytes = 1048576
	max.poll.interval.ms = 300000
	max.poll.records = 500
	metadata.max.age.ms = 300000
	metadata.recovery.strategy = none
	metric.reporters = []
	metrics.num.samples = 2
	metrics.recording.level = INFO
	metrics.sample.window.ms = 30000
	partition.assignment.strategy = [class org.apache.kafka.clients.consumer.RangeAssignor, class org.apache.kafka.clients.consumer.CooperativeStickyAssignor]
	receive.buffer.bytes = 65536
	reconnect.backoff.max.ms = 1000
	reconnect.backoff.ms = 50
	request.timeout.ms = 5000
	retry.backoff.max.ms = 1000
	retry.backoff.ms = 100
	sasl.client.callback.handler.class = null
	sasl.jaas.config = null
	sasl.kerberos.kinit.cmd = /usr/bin/kinit
	sasl.kerberos.min.time.before.relogin = 60000
	sasl.kerberos.service.name = null
	sasl.kerberos.ticket.renew.jitter = 0.05
	sasl.kerberos.ticket.renew.window.factor = 0.8
	sasl.login.callback.handler.class = null
	sasl.login.class = null
	sasl.login.connect.timeout.ms = null
	sasl.login.read.timeout.ms = null
	sasl.login.refresh.buffer.seconds = 300
	sasl.login.refresh.min.period.seconds = 60
	sasl.login.refresh.window.factor = 0.8
	sasl.login.refresh.window.jitter = 0.05
	sasl.login.retry.backoff.max.ms = 10000
	sasl.login.retry.backoff.ms = 100
	sasl.mechanism = GSSAPI
	sasl.oauthbearer.clock.skew.seconds = 30
	sasl.oauthbearer.expected.audience = null
	sasl.oauthbearer.expected.issuer = null
	sasl.oauthbearer.header.urlencode = false
	sasl.oauthbearer.jwks.endpoint.refresh.ms = 3600000
	sasl.oauthbearer.jwks.endpoint.retry.backoff.max.ms = 10000
	sasl.oauthbearer.jwks.endpoint.retry.backoff.ms = 100
	sasl.oauthbearer.jwks.endpoint.url = null
	sasl.oauthbearer.scope.claim.name = scope
	sasl.oauthbearer.sub.claim.name = sub
	sasl.oauthbearer.token.endpoint.url = null
	security.protocol = PLAINTEXT
	security.providers = null
	send.buffer.bytes = 131072
	session.timeout.ms = 45000
	socket.connection.setup.timeout.max.ms = 30000
	socket.connection.setup.timeout.ms = 10000
	ssl.cipher.suites = null
	ssl.enabled.protocols = [TLSv1.2, TLSv1.3]
	ssl.endpoint.identification.algorithm = https
	ssl.engine.factory.class = null
	ssl.key.password = null
	ssl.keymanager.algorithm = SunX509
	ssl.keystore.certificate.chain = null
	ssl.keystore.key = null
	ssl.keystore.location = null
	ssl.keystore.password = null
	ssl.keystore.type = JKS
	ssl.protocol = TLSv1.3
	ssl.provider = null
	ssl.secure.random.implementation = null
	ssl.trustmanager.algorithm = PKIX
	ssl.truststore.certificates = null
	ssl.truststore.location = null
	ssl.truststore.password = null
	ssl.truststore.type = JKS
	value.deserializer = class io.apicurio.registry.serde.avro.AvroKafkaDeserializer

2025-07-31 18:12:57,342 INFO  [org.apa.kaf.com.tel.int.KafkaMetricsCollector] (main) initializing Kafka metrics collector
2025-07-31 18:12:57,348 INFO  [org.apa.kaf.cli.con.ConsumerConfig] (main) These configurations '[apicurio.registry.url]' were supplied but are not used yet.
2025-07-31 18:12:57,348 INFO  [org.apa.kaf.com.uti.AppInfoParser] (main) Kafka version: 3.9.1
2025-07-31 18:12:57,348 INFO  [org.apa.kaf.com.uti.AppInfoParser] (main) Kafka commitId: f745dfdcee2b9851
2025-07-31 18:12:57,348 INFO  [org.apa.kaf.com.uti.AppInfoParser] (main) Kafka startTimeMs: 1753985577348
2025-07-31 18:12:57,348 INFO  [org.apa.kaf.cli.con.int.ClassicKafkaConsumer] (Thread-688) [Consumer clientId=consumer-Consumer-topic-ed602d7c_0eb9_4a0c_a336_8ce8ef263bfc-12, groupId=Consumer-topic-ed602d7c_0eb9_4a0c_a336_8ce8ef263bfc] Subscribed to topic(s): topic-ed602d7c_0eb9_4a0c_a336_8ce8ef263bfc
2025-07-31 18:12:57,353 INFO  [org.apa.kaf.cli.Metadata] (Thread-688) [Consumer clientId=consumer-Consumer-topic-ed602d7c_0eb9_4a0c_a336_8ce8ef263bfc-12, groupId=Consumer-topic-ed602d7c_0eb9_4a0c_a336_8ce8ef263bfc] Cluster ID: Pi_RUBSBSj-WuHInrGEQ6g
2025-07-31 18:12:57,353 INFO  [org.apa.kaf.cli.con.int.ConsumerCoordinator] (Thread-688) [Consumer clientId=consumer-Consumer-topic-ed602d7c_0eb9_4a0c_a336_8ce8ef263bfc-12, groupId=Consumer-topic-ed602d7c_0eb9_4a0c_a336_8ce8ef263bfc] Discovered group coordinator localhost:32770 (id: 2147483647 rack: null)
2025-07-31 18:12:57,354 INFO  [org.apa.kaf.cli.con.int.ConsumerCoordinator] (Thread-688) [Consumer clientId=consumer-Consumer-topic-ed602d7c_0eb9_4a0c_a336_8ce8ef263bfc-12, groupId=Consumer-topic-ed602d7c_0eb9_4a0c_a336_8ce8ef263bfc] (Re-)joining group
2025-07-31 18:12:57,357 INFO  [org.apa.kaf.cli.con.int.ConsumerCoordinator] (Thread-688) [Consumer clientId=consumer-Consumer-topic-ed602d7c_0eb9_4a0c_a336_8ce8ef263bfc-12, groupId=Consumer-topic-ed602d7c_0eb9_4a0c_a336_8ce8ef263bfc] Request joining group due to: need to re-join with the given member-id: consumer-Consumer-topic-ed602d7c_0eb9_4a0c_a336_8ce8ef263bfc-12-a5f7475d-eb0e-45e8-bca0-fb17d6ba13fb
2025-07-31 18:12:57,357 INFO  [org.apa.kaf.cli.con.int.ConsumerCoordinator] (Thread-688) [Consumer clientId=consumer-Consumer-topic-ed602d7c_0eb9_4a0c_a336_8ce8ef263bfc-12, groupId=Consumer-topic-ed602d7c_0eb9_4a0c_a336_8ce8ef263bfc] (Re-)joining group
2025-07-31 18:12:57,359 INFO  [org.apa.kaf.cli.con.int.ConsumerCoordinator] (Thread-688) [Consumer clientId=consumer-Consumer-topic-ed602d7c_0eb9_4a0c_a336_8ce8ef263bfc-12, groupId=Consumer-topic-ed602d7c_0eb9_4a0c_a336_8ce8ef263bfc] Successfully joined group with generation Generation{generationId=5, memberId='consumer-Consumer-topic-ed602d7c_0eb9_4a0c_a336_8ce8ef263bfc-12-a5f7475d-eb0e-45e8-bca0-fb17d6ba13fb', protocol='range'}
2025-07-31 18:12:57,359 INFO  [org.apa.kaf.cli.con.int.ConsumerCoordinator] (Thread-688) [Consumer clientId=consumer-Consumer-topic-ed602d7c_0eb9_4a0c_a336_8ce8ef263bfc-12, groupId=Consumer-topic-ed602d7c_0eb9_4a0c_a336_8ce8ef263bfc] Finished assignment for group at generation 5: {consumer-Consumer-topic-ed602d7c_0eb9_4a0c_a336_8ce8ef263bfc-12-a5f7475d-eb0e-45e8-bca0-fb17d6ba13fb=Assignment(partitions=[topic-ed602d7c_0eb9_4a0c_a336_8ce8ef263bfc-0])}
2025-07-31 18:12:57,361 INFO  [org.apa.kaf.cli.con.int.ConsumerCoordinator] (Thread-688) [Consumer clientId=consumer-Consumer-topic-ed602d7c_0eb9_4a0c_a336_8ce8ef263bfc-12, groupId=Consumer-topic-ed602d7c_0eb9_4a0c_a336_8ce8ef263bfc] Successfully synced group in generation Generation{generationId=5, memberId='consumer-Consumer-topic-ed602d7c_0eb9_4a0c_a336_8ce8ef263bfc-12-a5f7475d-eb0e-45e8-bca0-fb17d6ba13fb', protocol='range'}
2025-07-31 18:12:57,361 INFO  [org.apa.kaf.cli.con.int.ConsumerCoordinator] (Thread-688) [Consumer clientId=consumer-Consumer-topic-ed602d7c_0eb9_4a0c_a336_8ce8ef263bfc-12, groupId=Consumer-topic-ed602d7c_0eb9_4a0c_a336_8ce8ef263bfc] Notifying assignor about the new Assignment(partitions=[topic-ed602d7c_0eb9_4a0c_a336_8ce8ef263bfc-0])
2025-07-31 18:12:57,361 INFO  [org.apa.kaf.cli.con.int.ConsumerRebalanceListenerInvoker] (Thread-688) [Consumer clientId=consumer-Consumer-topic-ed602d7c_0eb9_4a0c_a336_8ce8ef263bfc-12, groupId=Consumer-topic-ed602d7c_0eb9_4a0c_a336_8ce8ef263bfc] Adding newly assigned partitions: topic-ed602d7c_0eb9_4a0c_a336_8ce8ef263bfc-0
2025-07-31 18:12:57,363 INFO  [org.apa.kaf.cli.con.int.ConsumerUtils] (Thread-688) Setting offset for partition topic-ed602d7c_0eb9_4a0c_a336_8ce8ef263bfc-0 to the committed offset FetchPosition{offset=30, offsetEpoch=Optional[0], currentLeader=LeaderAndEpoch{leader=Optional[localhost:32770 (id: 0 rack: null)], epoch=0}}
2025-07-31 18:12:57,444 INFO  [io.api.tes.ser.api.KafkaSerdesTester] (Thread-688) topic-ed602d7c_0eb9_4a0c_a336_8ce8ef263bfc 0 30 {"key11753985572602": "value-0", "key21753985574271": "value-0", "key31753985576072": "value-0"}
2025-07-31 18:12:57,444 INFO  [io.api.tes.ser.api.KafkaSerdesTester] (Thread-688) topic-ed602d7c_0eb9_4a0c_a336_8ce8ef263bfc 0 31 {"key11753985572602": "value-1", "key21753985574271": "value-1", "key31753985576072": "value-1"}
2025-07-31 18:12:57,444 INFO  [io.api.tes.ser.api.KafkaSerdesTester] (Thread-688) topic-ed602d7c_0eb9_4a0c_a336_8ce8ef263bfc 0 32 {"key11753985572602": "value-2", "key21753985574271": "value-2", "key31753985576072": "value-2"}
2025-07-31 18:12:57,444 INFO  [io.api.tes.ser.api.KafkaSerdesTester] (Thread-688) topic-ed602d7c_0eb9_4a0c_a336_8ce8ef263bfc 0 33 {"key11753985572602": "value-3", "key21753985574271": "value-3", "key31753985576072": "value-3"}
2025-07-31 18:12:57,444 INFO  [io.api.tes.ser.api.KafkaSerdesTester] (Thread-688) topic-ed602d7c_0eb9_4a0c_a336_8ce8ef263bfc 0 34 {"key11753985572602": "value-4", "key21753985574271": "value-4", "key31753985576072": "value-4"}
2025-07-31 18:12:57,444 INFO  [io.api.tes.ser.api.KafkaSerdesTester] (Thread-688) topic-ed602d7c_0eb9_4a0c_a336_8ce8ef263bfc 0 35 {"key11753985572602": "value-5", "key21753985574271": "value-5", "key31753985576072": "value-5"}
2025-07-31 18:12:57,444 INFO  [io.api.tes.ser.api.KafkaSerdesTester] (Thread-688) topic-ed602d7c_0eb9_4a0c_a336_8ce8ef263bfc 0 36 {"key11753985572602": "value-6", "key21753985574271": "value-6", "key31753985576072": "value-6"}
2025-07-31 18:12:57,444 INFO  [io.api.tes.ser.api.KafkaSerdesTester] (Thread-688) topic-ed602d7c_0eb9_4a0c_a336_8ce8ef263bfc 0 37 {"key11753985572602": "value-7", "key21753985574271": "value-7", "key31753985576072": "value-7"}
2025-07-31 18:12:57,444 INFO  [io.api.tes.ser.api.KafkaSerdesTester] (Thread-688) topic-ed602d7c_0eb9_4a0c_a336_8ce8ef263bfc 0 38 {"key11753985572602": "value-8", "key21753985574271": "value-8", "key31753985576072": "value-8"}
2025-07-31 18:12:57,444 INFO  [io.api.tes.ser.api.KafkaSerdesTester] (Thread-688) topic-ed602d7c_0eb9_4a0c_a336_8ce8ef263bfc 0 39 {"key11753985572602": "value-9", "key21753985574271": "value-9", "key31753985576072": "value-9"}
2025-07-31 18:12:57,444 INFO  [io.api.tes.ser.api.KafkaSerdesTester] (Thread-688) topic-ed602d7c_0eb9_4a0c_a336_8ce8ef263bfc 0 40 {"key11753985572602": "value-0", "key21753985574271": "value-0"}
2025-07-31 18:12:57,444 INFO  [io.api.tes.ser.api.KafkaSerdesTester] (Thread-688) topic-ed602d7c_0eb9_4a0c_a336_8ce8ef263bfc 0 41 {"key11753985572602": "value-1", "key21753985574271": "value-1"}
2025-07-31 18:12:57,444 INFO  [io.api.tes.ser.api.KafkaSerdesTester] (Thread-688) topic-ed602d7c_0eb9_4a0c_a336_8ce8ef263bfc 0 42 {"key11753985572602": "value-2", "key21753985574271": "value-2"}
2025-07-31 18:12:57,444 INFO  [io.api.tes.ser.api.KafkaSerdesTester] (Thread-688) topic-ed602d7c_0eb9_4a0c_a336_8ce8ef263bfc 0 43 {"key11753985572602": "value-3", "key21753985574271": "value-3"}
2025-07-31 18:12:57,444 INFO  [io.api.tes.ser.api.KafkaSerdesTester] (Thread-688) topic-ed602d7c_0eb9_4a0c_a336_8ce8ef263bfc 0 44 {"key11753985572602": "value-4", "key21753985574271": "value-4"}
2025-07-31 18:12:57,444 INFO  [io.api.tes.ser.api.KafkaSerdesTester] (Thread-688) topic-ed602d7c_0eb9_4a0c_a336_8ce8ef263bfc 0 45 {"key11753985572602": "value-5", "key21753985574271": "value-5"}
2025-07-31 18:12:57,444 INFO  [io.api.tes.ser.api.KafkaSerdesTester] (Thread-688) topic-ed602d7c_0eb9_4a0c_a336_8ce8ef263bfc 0 46 {"key11753985572602": "value-6", "key21753985574271": "value-6"}
2025-07-31 18:12:57,444 INFO  [io.api.tes.ser.api.KafkaSerdesTester] (Thread-688) topic-ed602d7c_0eb9_4a0c_a336_8ce8ef263bfc 0 47 {"key11753985572602": "value-7", "key21753985574271": "value-7"}
2025-07-31 18:12:57,445 INFO  [io.api.tes.ser.api.KafkaSerdesTester] (Thread-688) topic-ed602d7c_0eb9_4a0c_a336_8ce8ef263bfc 0 48 {"key11753985572602": "value-8", "key21753985574271": "value-8"}
2025-07-31 18:12:57,445 INFO  [io.api.tes.ser.api.KafkaSerdesTester] (Thread-688) topic-ed602d7c_0eb9_4a0c_a336_8ce8ef263bfc 0 49 {"key11753985572602": "value-9", "key21753985574271": "value-9"}
2025-07-31 18:12:57,445 INFO  [io.api.tes.ser.api.KafkaSerdesTester] (Thread-688) topic-ed602d7c_0eb9_4a0c_a336_8ce8ef263bfc 0 50 {"key11753985572602": "value-0"}
2025-07-31 18:12:57,445 INFO  [io.api.tes.ser.api.KafkaSerdesTester] (Thread-688) topic-ed602d7c_0eb9_4a0c_a336_8ce8ef263bfc 0 51 {"key11753985572602": "value-1"}
2025-07-31 18:12:57,445 INFO  [io.api.tes.ser.api.KafkaSerdesTester] (Thread-688) topic-ed602d7c_0eb9_4a0c_a336_8ce8ef263bfc 0 52 {"key11753985572602": "value-2"}
2025-07-31 18:12:57,445 INFO  [io.api.tes.ser.api.KafkaSerdesTester] (Thread-688) topic-ed602d7c_0eb9_4a0c_a336_8ce8ef263bfc 0 53 {"key11753985572602": "value-3"}
2025-07-31 18:12:57,445 INFO  [io.api.tes.ser.api.KafkaSerdesTester] (Thread-688) topic-ed602d7c_0eb9_4a0c_a336_8ce8ef263bfc 0 54 {"key11753985572602": "value-4"}
2025-07-31 18:12:57,445 INFO  [io.api.tes.ser.api.KafkaSerdesTester] (Thread-688) topic-ed602d7c_0eb9_4a0c_a336_8ce8ef263bfc 0 55 {"key11753985572602": "value-5"}
2025-07-31 18:12:57,445 INFO  [io.api.tes.ser.api.KafkaSerdesTester] (Thread-688) topic-ed602d7c_0eb9_4a0c_a336_8ce8ef263bfc 0 56 {"key11753985572602": "value-6"}
2025-07-31 18:12:57,445 INFO  [io.api.tes.ser.api.KafkaSerdesTester] (Thread-688) topic-ed602d7c_0eb9_4a0c_a336_8ce8ef263bfc 0 57 {"key11753985572602": "value-7"}
2025-07-31 18:12:57,445 INFO  [io.api.tes.ser.api.KafkaSerdesTester] (Thread-688) topic-ed602d7c_0eb9_4a0c_a336_8ce8ef263bfc 0 58 {"key11753985572602": "value-8"}
2025-07-31 18:12:57,445 INFO  [io.api.tes.ser.api.KafkaSerdesTester] (Thread-688) topic-ed602d7c_0eb9_4a0c_a336_8ce8ef263bfc 0 59 {"key11753985572602": "value-9"}
2025-07-31 18:12:57,445 INFO  [io.api.tes.ser.api.KafkaSerdesTester] (Thread-688) Consumed 30 messages
2025-07-31 18:12:57,448 INFO  [org.apa.kaf.cli.con.int.ConsumerRebalanceListenerInvoker] (Thread-688) [Consumer clientId=consumer-Consumer-topic-ed602d7c_0eb9_4a0c_a336_8ce8ef263bfc-12, groupId=Consumer-topic-ed602d7c_0eb9_4a0c_a336_8ce8ef263bfc] Revoke previously assigned partitions topic-ed602d7c_0eb9_4a0c_a336_8ce8ef263bfc-0
2025-07-31 18:12:57,448 INFO  [org.apa.kaf.cli.con.int.ConsumerCoordinator] (Thread-688) [Consumer clientId=consumer-Consumer-topic-ed602d7c_0eb9_4a0c_a336_8ce8ef263bfc-12, groupId=Consumer-topic-ed602d7c_0eb9_4a0c_a336_8ce8ef263bfc] Member consumer-Consumer-topic-ed602d7c_0eb9_4a0c_a336_8ce8ef263bfc-12-a5f7475d-eb0e-45e8-bca0-fb17d6ba13fb sending LeaveGroup request to coordinator localhost:32770 (id: 2147483647 rack: null) due to the consumer is being closed
2025-07-31 18:12:57,448 INFO  [org.apa.kaf.cli.con.int.ConsumerCoordinator] (Thread-688) [Consumer clientId=consumer-Consumer-topic-ed602d7c_0eb9_4a0c_a336_8ce8ef263bfc-12, groupId=Consumer-topic-ed602d7c_0eb9_4a0c_a336_8ce8ef263bfc] Resetting generation and member id due to: consumer pro-actively leaving the group
2025-07-31 18:12:57,448 INFO  [org.apa.kaf.cli.con.int.ConsumerCoordinator] (Thread-688) [Consumer clientId=consumer-Consumer-topic-ed602d7c_0eb9_4a0c_a336_8ce8ef263bfc-12, groupId=Consumer-topic-ed602d7c_0eb9_4a0c_a336_8ce8ef263bfc] Request joining group due to: consumer pro-actively leaving the group
2025-07-31 18:12:57,949 INFO  [org.apa.kaf.com.met.Metrics] (Thread-688) Metrics scheduler closed
2025-07-31 18:12:57,949 INFO  [org.apa.kaf.com.met.Metrics] (Thread-688) Closing reporter org.apache.kafka.common.metrics.JmxReporter
2025-07-31 18:12:57,949 INFO  [org.apa.kaf.com.met.Metrics] (Thread-688) Closing reporter org.apache.kafka.common.telemetry.internals.ClientTelemetryReporter
2025-07-31 18:12:57,949 INFO  [org.apa.kaf.com.met.Metrics] (Thread-688) Metrics reporters closed
2025-07-31 18:12:57,951 INFO  [org.apa.kaf.com.uti.AppInfoParser] (Thread-688) App info kafka.consumer for consumer-Consumer-topic-ed602d7c_0eb9_4a0c_a336_8ce8ef263bfc-12 unregistered
2025-07-31 18:12:57,951 INFO  [org.apa.kaf.cli.pro.KafkaProducer] (main) [Producer clientId=Producer-topic-ed602d7c_0eb9_4a0c_a336_8ce8ef263bfc] Closing the Kafka producer with timeoutMillis = 9223372036854775807 ms.
2025-07-31 18:12:57,951 INFO  [org.apa.kaf.com.met.Metrics] (main) Metrics scheduler closed
2025-07-31 18:12:57,951 INFO  [org.apa.kaf.com.met.Metrics] (main) Closing reporter org.apache.kafka.common.metrics.JmxReporter
2025-07-31 18:12:57,951 INFO  [org.apa.kaf.com.met.Metrics] (main) Closing reporter org.apache.kafka.common.telemetry.internals.ClientTelemetryReporter
2025-07-31 18:12:57,951 INFO  [org.apa.kaf.com.met.Metrics] (main) Metrics reporters closed
2025-07-31 18:12:57,951 INFO  [org.apa.kaf.com.uti.AppInfoParser] (main) App info kafka.producer for Producer-topic-ed602d7c_0eb9_4a0c_a336_8ce8ef263bfc unregistered
2025-07-31 18:12:57,952 INFO  [io.api.tes.uti.TestSeparator] (main) io.apicurio.tests.serdes.apicurio.AvroSerdeIT.testEvolveAvroApicurio-FINISHED
2025-07-31 18:12:57,952 INFO  [io.api.tes.uti.TestSeparator] (main) ############################################################################
Test passed: testEvolveAvroApicurio
]]></system-out>
  </testcase>
  <testcase name="testTopicRecordIdStrategydFindLatest" classname="io.apicurio.tests.serdes.apicurio.AvroSerdeIT" time="1.698">
    <system-out><![CDATA[2025-07-31 18:12:57,954 INFO  [io.api.tes.uti.TestSeparator] (main) ############################################################################
2025-07-31 18:12:57,954 INFO  [io.api.tes.uti.TestSeparator] (main) io.apicurio.tests.serdes.apicurio.AvroSerdeIT.testTopicRecordIdStrategydFindLatest-STARTED
2025-07-31 18:12:57,959 INFO  [io.api.tes.ser.api.AvroSerdeIT] (main) Registering Avro Schema: {"type":"record","name":"s4b7ee7fexcaffx45c0x9cf7x5271fc538cef","namespace":"s04440a7bx26d7x4ce9x8659x65dca151f30d","fields":[{"name":"key11753985577954","type":"string"}]}
**** Registry Base URL: http://registry-app-inmemory.apps.ci419.apicurio-testing.org:80
2025-07-31 18:12:58,994 INFO  [org.apa.kaf.cli.pro.ProducerConfig] (main) ProducerConfig values: 
	acks = -1
	auto.include.jmx.reporter = true
	batch.size = 16384
	bootstrap.servers = [PLAINTEXT://localhost:32770]
	buffer.memory = 33554432
	client.dns.lookup = use_all_dns_ips
	client.id = Producer-topic-1c00718e_eb7c_4639_8bad_503c7af80de4
	compression.gzip.level = -1
	compression.lz4.level = 9
	compression.type = none
	compression.zstd.level = 3
	connections.max.idle.ms = 10000
	delivery.timeout.ms = 120000
	enable.idempotence = true
	enable.metrics.push = true
	interceptor.classes = []
	key.serializer = class org.apache.kafka.common.serialization.StringSerializer
	linger.ms = 0
	max.block.ms = 60000
	max.in.flight.requests.per.connection = 5
	max.request.size = 1048576
	metadata.max.age.ms = 300000
	metadata.max.idle.ms = 300000
	metadata.recovery.strategy = none
	metric.reporters = []
	metrics.num.samples = 2
	metrics.recording.level = INFO
	metrics.sample.window.ms = 30000
	partitioner.adaptive.partitioning.enable = true
	partitioner.availability.timeout.ms = 0
	partitioner.class = null
	partitioner.ignore.keys = false
	receive.buffer.bytes = 32768
	reconnect.backoff.max.ms = 1000
	reconnect.backoff.ms = 50
	request.timeout.ms = 5000
	retries = 2147483647
	retry.backoff.max.ms = 1000
	retry.backoff.ms = 100
	sasl.client.callback.handler.class = null
	sasl.jaas.config = null
	sasl.kerberos.kinit.cmd = /usr/bin/kinit
	sasl.kerberos.min.time.before.relogin = 60000
	sasl.kerberos.service.name = null
	sasl.kerberos.ticket.renew.jitter = 0.05
	sasl.kerberos.ticket.renew.window.factor = 0.8
	sasl.login.callback.handler.class = null
	sasl.login.class = null
	sasl.login.connect.timeout.ms = null
	sasl.login.read.timeout.ms = null
	sasl.login.refresh.buffer.seconds = 300
	sasl.login.refresh.min.period.seconds = 60
	sasl.login.refresh.window.factor = 0.8
	sasl.login.refresh.window.jitter = 0.05
	sasl.login.retry.backoff.max.ms = 10000
	sasl.login.retry.backoff.ms = 100
	sasl.mechanism = GSSAPI
	sasl.oauthbearer.clock.skew.seconds = 30
	sasl.oauthbearer.expected.audience = null
	sasl.oauthbearer.expected.issuer = null
	sasl.oauthbearer.header.urlencode = false
	sasl.oauthbearer.jwks.endpoint.refresh.ms = 3600000
	sasl.oauthbearer.jwks.endpoint.retry.backoff.max.ms = 10000
	sasl.oauthbearer.jwks.endpoint.retry.backoff.ms = 100
	sasl.oauthbearer.jwks.endpoint.url = null
	sasl.oauthbearer.scope.claim.name = scope
	sasl.oauthbearer.sub.claim.name = sub
	sasl.oauthbearer.token.endpoint.url = null
	security.protocol = PLAINTEXT
	security.providers = null
	send.buffer.bytes = 131072
	socket.connection.setup.timeout.max.ms = 30000
	socket.connection.setup.timeout.ms = 10000
	ssl.cipher.suites = null
	ssl.enabled.protocols = [TLSv1.2, TLSv1.3]
	ssl.endpoint.identification.algorithm = https
	ssl.engine.factory.class = null
	ssl.key.password = null
	ssl.keymanager.algorithm = SunX509
	ssl.keystore.certificate.chain = null
	ssl.keystore.key = null
	ssl.keystore.location = null
	ssl.keystore.password = null
	ssl.keystore.type = JKS
	ssl.protocol = TLSv1.3
	ssl.provider = null
	ssl.secure.random.implementation = null
	ssl.trustmanager.algorithm = PKIX
	ssl.truststore.certificates = null
	ssl.truststore.location = null
	ssl.truststore.password = null
	ssl.truststore.type = JKS
	transaction.timeout.ms = 60000
	transactional.id = null
	value.serializer = class io.apicurio.registry.serde.avro.AvroKafkaSerializer

2025-07-31 18:12:58,995 INFO  [org.apa.kaf.com.tel.int.KafkaMetricsCollector] (main) initializing Kafka metrics collector
2025-07-31 18:12:58,997 INFO  [org.apa.kaf.cli.pro.KafkaProducer] (main) [Producer clientId=Producer-topic-1c00718e_eb7c_4639_8bad_503c7af80de4] Instantiated an idempotent producer.
2025-07-31 18:12:58,999 INFO  [org.apa.kaf.cli.pro.ProducerConfig] (main) These configurations '[apicurio.registry.find-latest, apicurio.registry.url, apicurio.registry.artifact-resolver-strategy]' were supplied but are not used yet.
2025-07-31 18:12:58,999 INFO  [org.apa.kaf.com.uti.AppInfoParser] (main) Kafka version: 3.9.1
2025-07-31 18:12:58,999 INFO  [org.apa.kaf.com.uti.AppInfoParser] (main) Kafka commitId: f745dfdcee2b9851
2025-07-31 18:12:59,000 INFO  [org.apa.kaf.com.uti.AppInfoParser] (main) Kafka startTimeMs: 1753985578999
2025-07-31 18:12:59,000 INFO  [io.api.tes.ser.api.SimpleSerdesTesterBuilder$SimpleSerdesTester] (main) Using producer configuration: {apicurio.registry.find-latest=true, apicurio.registry.url=http://registry-app-inmemory.apps.ci419.apicurio-testing.org:80/apis/registry/v3, apicurio.registry.artifact-resolver-strategy=io.apicurio.registry.serde.avro.strategy.TopicRecordIdStrategy, value.serializer=io.apicurio.registry.serde.avro.AvroKafkaSerializer, request.timeout.ms=5000, acks=all, bootstrap.servers=PLAINTEXT://localhost:32770, connections.max.idle.ms=10000, key.serializer=org.apache.kafka.common.serialization.StringSerializer, client.id=Producer-topic-1c00718e_eb7c_4639_8bad_503c7af80de4}
2025-07-31 18:12:59,000 INFO  [io.api.tes.ser.api.SimpleSerdesTesterBuilder$SimpleSerdesTester] (main) Using consumer configuration: {}
2025-07-31 18:12:59,001 INFO  [io.api.tes.ser.api.KafkaSerdesTester] (Thread-691) Sending message {"key11753985577954": "value-0"} to topic topic-1c00718e_eb7c_4639_8bad_503c7af80de4
2025-07-31 18:12:59,003 INFO  [org.apa.kaf.cli.Metadata] (kafka-producer-network-thread | Producer-topic-1c00718e_eb7c_4639_8bad_503c7af80de4) [Producer clientId=Producer-topic-1c00718e_eb7c_4639_8bad_503c7af80de4] Cluster ID: Pi_RUBSBSj-WuHInrGEQ6g
2025-07-31 18:12:59,004 INFO  [org.apa.kaf.cli.pro.int.TransactionManager] (kafka-producer-network-thread | Producer-topic-1c00718e_eb7c_4639_8bad_503c7af80de4) [Producer clientId=Producer-topic-1c00718e_eb7c_4639_8bad_503c7af80de4] ProducerId set to 18 with epoch 0
2025-07-31 18:12:59,053 INFO  [io.api.tes.ser.api.KafkaSerdesTester] (Thread-691) Sending message {"key11753985577954": "value-1"} to topic topic-1c00718e_eb7c_4639_8bad_503c7af80de4
2025-07-31 18:12:59,055 INFO  [io.api.tes.ser.api.KafkaSerdesTester] (Thread-691) Sending message {"key11753985577954": "value-2"} to topic topic-1c00718e_eb7c_4639_8bad_503c7af80de4
2025-07-31 18:12:59,058 INFO  [io.api.tes.ser.api.KafkaSerdesTester] (Thread-691) Sending message {"key11753985577954": "value-3"} to topic topic-1c00718e_eb7c_4639_8bad_503c7af80de4
2025-07-31 18:12:59,059 INFO  [io.api.tes.ser.api.KafkaSerdesTester] (Thread-691) Sending message {"key11753985577954": "value-4"} to topic topic-1c00718e_eb7c_4639_8bad_503c7af80de4
2025-07-31 18:12:59,061 INFO  [io.api.tes.ser.api.KafkaSerdesTester] (Thread-691) Sending message {"key11753985577954": "value-5"} to topic topic-1c00718e_eb7c_4639_8bad_503c7af80de4
2025-07-31 18:12:59,062 INFO  [io.api.tes.ser.api.KafkaSerdesTester] (Thread-691) Sending message {"key11753985577954": "value-6"} to topic topic-1c00718e_eb7c_4639_8bad_503c7af80de4
2025-07-31 18:12:59,063 INFO  [io.api.tes.ser.api.KafkaSerdesTester] (Thread-691) Sending message {"key11753985577954": "value-7"} to topic topic-1c00718e_eb7c_4639_8bad_503c7af80de4
2025-07-31 18:12:59,064 INFO  [io.api.tes.ser.api.KafkaSerdesTester] (Thread-691) Sending message {"key11753985577954": "value-8"} to topic topic-1c00718e_eb7c_4639_8bad_503c7af80de4
2025-07-31 18:12:59,065 INFO  [io.api.tes.ser.api.KafkaSerdesTester] (Thread-691) Sending message {"key11753985577954": "value-9"} to topic topic-1c00718e_eb7c_4639_8bad_503c7af80de4
2025-07-31 18:12:59,066 INFO  [io.api.tes.ser.api.KafkaSerdesTester] (Thread-691) Produced 10 messages
2025-07-31 18:12:59,066 INFO  [org.apa.kaf.cli.pro.KafkaProducer] (Thread-691) [Producer clientId=Producer-topic-1c00718e_eb7c_4639_8bad_503c7af80de4] Closing the Kafka producer with timeoutMillis = 9223372036854775807 ms.
2025-07-31 18:12:59,068 INFO  [org.apa.kaf.com.met.Metrics] (Thread-691) Metrics scheduler closed
2025-07-31 18:12:59,068 INFO  [org.apa.kaf.com.met.Metrics] (Thread-691) Closing reporter org.apache.kafka.common.metrics.JmxReporter
2025-07-31 18:12:59,068 INFO  [org.apa.kaf.com.met.Metrics] (Thread-691) Closing reporter org.apache.kafka.common.telemetry.internals.ClientTelemetryReporter
2025-07-31 18:12:59,068 INFO  [org.apa.kaf.com.met.Metrics] (Thread-691) Metrics reporters closed
2025-07-31 18:12:59,068 INFO  [org.apa.kaf.com.uti.AppInfoParser] (Thread-691) App info kafka.producer for Producer-topic-1c00718e_eb7c_4639_8bad_503c7af80de4 unregistered
**** Registry Base URL: http://registry-app-inmemory.apps.ci419.apicurio-testing.org:80
2025-07-31 18:12:59,069 INFO  [org.apa.kaf.cli.con.ConsumerConfig] (main) ConsumerConfig values: 
	allow.auto.create.topics = true
	auto.commit.interval.ms = 500
	auto.include.jmx.reporter = true
	auto.offset.reset = earliest
	bootstrap.servers = [PLAINTEXT://localhost:32770]
	check.crcs = true
	client.dns.lookup = use_all_dns_ips
	client.id = consumer-Consumer-topic-1c00718e_eb7c_4639_8bad_503c7af80de4-13
	client.rack = 
	connections.max.idle.ms = 10000
	default.api.timeout.ms = 60000
	enable.auto.commit = true
	enable.metrics.push = true
	exclude.internal.topics = true
	fetch.max.bytes = 52428800
	fetch.max.wait.ms = 500
	fetch.min.bytes = 1
	group.id = Consumer-topic-1c00718e_eb7c_4639_8bad_503c7af80de4
	group.instance.id = null
	group.protocol = classic
	group.remote.assignor = null
	heartbeat.interval.ms = 3000
	interceptor.classes = []
	internal.leave.group.on.close = true
	internal.throw.on.fetch.stable.offset.unsupported = false
	isolation.level = read_uncommitted
	key.deserializer = class org.apache.kafka.common.serialization.StringDeserializer
	max.partition.fetch.bytes = 1048576
	max.poll.interval.ms = 300000
	max.poll.records = 500
	metadata.max.age.ms = 300000
	metadata.recovery.strategy = none
	metric.reporters = []
	metrics.num.samples = 2
	metrics.recording.level = INFO
	metrics.sample.window.ms = 30000
	partition.assignment.strategy = [class org.apache.kafka.clients.consumer.RangeAssignor, class org.apache.kafka.clients.consumer.CooperativeStickyAssignor]
	receive.buffer.bytes = 65536
	reconnect.backoff.max.ms = 1000
	reconnect.backoff.ms = 50
	request.timeout.ms = 5000
	retry.backoff.max.ms = 1000
	retry.backoff.ms = 100
	sasl.client.callback.handler.class = null
	sasl.jaas.config = null
	sasl.kerberos.kinit.cmd = /usr/bin/kinit
	sasl.kerberos.min.time.before.relogin = 60000
	sasl.kerberos.service.name = null
	sasl.kerberos.ticket.renew.jitter = 0.05
	sasl.kerberos.ticket.renew.window.factor = 0.8
	sasl.login.callback.handler.class = null
	sasl.login.class = null
	sasl.login.connect.timeout.ms = null
	sasl.login.read.timeout.ms = null
	sasl.login.refresh.buffer.seconds = 300
	sasl.login.refresh.min.period.seconds = 60
	sasl.login.refresh.window.factor = 0.8
	sasl.login.refresh.window.jitter = 0.05
	sasl.login.retry.backoff.max.ms = 10000
	sasl.login.retry.backoff.ms = 100
	sasl.mechanism = GSSAPI
	sasl.oauthbearer.clock.skew.seconds = 30
	sasl.oauthbearer.expected.audience = null
	sasl.oauthbearer.expected.issuer = null
	sasl.oauthbearer.header.urlencode = false
	sasl.oauthbearer.jwks.endpoint.refresh.ms = 3600000
	sasl.oauthbearer.jwks.endpoint.retry.backoff.max.ms = 10000
	sasl.oauthbearer.jwks.endpoint.retry.backoff.ms = 100
	sasl.oauthbearer.jwks.endpoint.url = null
	sasl.oauthbearer.scope.claim.name = scope
	sasl.oauthbearer.sub.claim.name = sub
	sasl.oauthbearer.token.endpoint.url = null
	security.protocol = PLAINTEXT
	security.providers = null
	send.buffer.bytes = 131072
	session.timeout.ms = 45000
	socket.connection.setup.timeout.max.ms = 30000
	socket.connection.setup.timeout.ms = 10000
	ssl.cipher.suites = null
	ssl.enabled.protocols = [TLSv1.2, TLSv1.3]
	ssl.endpoint.identification.algorithm = https
	ssl.engine.factory.class = null
	ssl.key.password = null
	ssl.keymanager.algorithm = SunX509
	ssl.keystore.certificate.chain = null
	ssl.keystore.key = null
	ssl.keystore.location = null
	ssl.keystore.password = null
	ssl.keystore.type = JKS
	ssl.protocol = TLSv1.3
	ssl.provider = null
	ssl.secure.random.implementation = null
	ssl.trustmanager.algorithm = PKIX
	ssl.truststore.certificates = null
	ssl.truststore.location = null
	ssl.truststore.password = null
	ssl.truststore.type = JKS
	value.deserializer = class io.apicurio.registry.serde.avro.AvroKafkaDeserializer

2025-07-31 18:12:59,069 INFO  [org.apa.kaf.com.tel.int.KafkaMetricsCollector] (main) initializing Kafka metrics collector
2025-07-31 18:12:59,074 INFO  [org.apa.kaf.cli.con.ConsumerConfig] (main) These configurations '[apicurio.registry.url]' were supplied but are not used yet.
2025-07-31 18:12:59,074 INFO  [org.apa.kaf.com.uti.AppInfoParser] (main) Kafka version: 3.9.1
2025-07-31 18:12:59,074 INFO  [org.apa.kaf.com.uti.AppInfoParser] (main) Kafka commitId: f745dfdcee2b9851
2025-07-31 18:12:59,074 INFO  [org.apa.kaf.com.uti.AppInfoParser] (main) Kafka startTimeMs: 1753985579074
2025-07-31 18:12:59,074 INFO  [org.apa.kaf.cli.con.int.ClassicKafkaConsumer] (Thread-694) [Consumer clientId=consumer-Consumer-topic-1c00718e_eb7c_4639_8bad_503c7af80de4-13, groupId=Consumer-topic-1c00718e_eb7c_4639_8bad_503c7af80de4] Subscribed to topic(s): topic-1c00718e_eb7c_4639_8bad_503c7af80de4
2025-07-31 18:12:59,077 INFO  [org.apa.kaf.cli.Metadata] (Thread-694) [Consumer clientId=consumer-Consumer-topic-1c00718e_eb7c_4639_8bad_503c7af80de4-13, groupId=Consumer-topic-1c00718e_eb7c_4639_8bad_503c7af80de4] Cluster ID: Pi_RUBSBSj-WuHInrGEQ6g
2025-07-31 18:12:59,078 INFO  [org.apa.kaf.cli.con.int.ConsumerCoordinator] (Thread-694) [Consumer clientId=consumer-Consumer-topic-1c00718e_eb7c_4639_8bad_503c7af80de4-13, groupId=Consumer-topic-1c00718e_eb7c_4639_8bad_503c7af80de4] Discovered group coordinator localhost:32770 (id: 2147483647 rack: null)
2025-07-31 18:12:59,078 INFO  [org.apa.kaf.cli.con.int.ConsumerCoordinator] (Thread-694) [Consumer clientId=consumer-Consumer-topic-1c00718e_eb7c_4639_8bad_503c7af80de4-13, groupId=Consumer-topic-1c00718e_eb7c_4639_8bad_503c7af80de4] (Re-)joining group
2025-07-31 18:12:59,080 INFO  [org.apa.kaf.cli.con.int.ConsumerCoordinator] (Thread-694) [Consumer clientId=consumer-Consumer-topic-1c00718e_eb7c_4639_8bad_503c7af80de4-13, groupId=Consumer-topic-1c00718e_eb7c_4639_8bad_503c7af80de4] Request joining group due to: need to re-join with the given member-id: consumer-Consumer-topic-1c00718e_eb7c_4639_8bad_503c7af80de4-13-4be95468-b74a-4a05-a4eb-30bb6aea04ef
2025-07-31 18:12:59,080 INFO  [org.apa.kaf.cli.con.int.ConsumerCoordinator] (Thread-694) [Consumer clientId=consumer-Consumer-topic-1c00718e_eb7c_4639_8bad_503c7af80de4-13, groupId=Consumer-topic-1c00718e_eb7c_4639_8bad_503c7af80de4] (Re-)joining group
2025-07-31 18:12:59,083 INFO  [org.apa.kaf.cli.con.int.ConsumerCoordinator] (Thread-694) [Consumer clientId=consumer-Consumer-topic-1c00718e_eb7c_4639_8bad_503c7af80de4-13, groupId=Consumer-topic-1c00718e_eb7c_4639_8bad_503c7af80de4] Successfully joined group with generation Generation{generationId=1, memberId='consumer-Consumer-topic-1c00718e_eb7c_4639_8bad_503c7af80de4-13-4be95468-b74a-4a05-a4eb-30bb6aea04ef', protocol='range'}
2025-07-31 18:12:59,084 INFO  [org.apa.kaf.cli.con.int.ConsumerCoordinator] (Thread-694) [Consumer clientId=consumer-Consumer-topic-1c00718e_eb7c_4639_8bad_503c7af80de4-13, groupId=Consumer-topic-1c00718e_eb7c_4639_8bad_503c7af80de4] Finished assignment for group at generation 1: {consumer-Consumer-topic-1c00718e_eb7c_4639_8bad_503c7af80de4-13-4be95468-b74a-4a05-a4eb-30bb6aea04ef=Assignment(partitions=[topic-1c00718e_eb7c_4639_8bad_503c7af80de4-0])}
2025-07-31 18:12:59,085 INFO  [org.apa.kaf.cli.con.int.ConsumerCoordinator] (Thread-694) [Consumer clientId=consumer-Consumer-topic-1c00718e_eb7c_4639_8bad_503c7af80de4-13, groupId=Consumer-topic-1c00718e_eb7c_4639_8bad_503c7af80de4] Successfully synced group in generation Generation{generationId=1, memberId='consumer-Consumer-topic-1c00718e_eb7c_4639_8bad_503c7af80de4-13-4be95468-b74a-4a05-a4eb-30bb6aea04ef', protocol='range'}
2025-07-31 18:12:59,085 INFO  [org.apa.kaf.cli.con.int.ConsumerCoordinator] (Thread-694) [Consumer clientId=consumer-Consumer-topic-1c00718e_eb7c_4639_8bad_503c7af80de4-13, groupId=Consumer-topic-1c00718e_eb7c_4639_8bad_503c7af80de4] Notifying assignor about the new Assignment(partitions=[topic-1c00718e_eb7c_4639_8bad_503c7af80de4-0])
2025-07-31 18:12:59,085 INFO  [org.apa.kaf.cli.con.int.ConsumerRebalanceListenerInvoker] (Thread-694) [Consumer clientId=consumer-Consumer-topic-1c00718e_eb7c_4639_8bad_503c7af80de4-13, groupId=Consumer-topic-1c00718e_eb7c_4639_8bad_503c7af80de4] Adding newly assigned partitions: topic-1c00718e_eb7c_4639_8bad_503c7af80de4-0
2025-07-31 18:12:59,086 INFO  [org.apa.kaf.cli.con.int.ConsumerCoordinator] (Thread-694) [Consumer clientId=consumer-Consumer-topic-1c00718e_eb7c_4639_8bad_503c7af80de4-13, groupId=Consumer-topic-1c00718e_eb7c_4639_8bad_503c7af80de4] Found no committed offset for partition topic-1c00718e_eb7c_4639_8bad_503c7af80de4-0
2025-07-31 18:12:59,091 INFO  [org.apa.kaf.cli.con.int.SubscriptionState] (Thread-694) [Consumer clientId=consumer-Consumer-topic-1c00718e_eb7c_4639_8bad_503c7af80de4-13, groupId=Consumer-topic-1c00718e_eb7c_4639_8bad_503c7af80de4] Resetting offset for partition topic-1c00718e_eb7c_4639_8bad_503c7af80de4-0 to position FetchPosition{offset=0, offsetEpoch=Optional.empty, currentLeader=LeaderAndEpoch{leader=Optional[localhost:32770 (id: 0 rack: null)], epoch=0}}.
2025-07-31 18:12:59,138 INFO  [io.api.tes.ser.api.KafkaSerdesTester] (Thread-694) topic-1c00718e_eb7c_4639_8bad_503c7af80de4 0 0 {"key11753985577954": "value-0"}
2025-07-31 18:12:59,138 INFO  [io.api.tes.ser.api.KafkaSerdesTester] (Thread-694) topic-1c00718e_eb7c_4639_8bad_503c7af80de4 0 1 {"key11753985577954": "value-1"}
2025-07-31 18:12:59,138 INFO  [io.api.tes.ser.api.KafkaSerdesTester] (Thread-694) topic-1c00718e_eb7c_4639_8bad_503c7af80de4 0 2 {"key11753985577954": "value-2"}
2025-07-31 18:12:59,138 INFO  [io.api.tes.ser.api.KafkaSerdesTester] (Thread-694) topic-1c00718e_eb7c_4639_8bad_503c7af80de4 0 3 {"key11753985577954": "value-3"}
2025-07-31 18:12:59,138 INFO  [io.api.tes.ser.api.KafkaSerdesTester] (Thread-694) topic-1c00718e_eb7c_4639_8bad_503c7af80de4 0 4 {"key11753985577954": "value-4"}
2025-07-31 18:12:59,138 INFO  [io.api.tes.ser.api.KafkaSerdesTester] (Thread-694) topic-1c00718e_eb7c_4639_8bad_503c7af80de4 0 5 {"key11753985577954": "value-5"}
2025-07-31 18:12:59,138 INFO  [io.api.tes.ser.api.KafkaSerdesTester] (Thread-694) topic-1c00718e_eb7c_4639_8bad_503c7af80de4 0 6 {"key11753985577954": "value-6"}
2025-07-31 18:12:59,138 INFO  [io.api.tes.ser.api.KafkaSerdesTester] (Thread-694) topic-1c00718e_eb7c_4639_8bad_503c7af80de4 0 7 {"key11753985577954": "value-7"}
2025-07-31 18:12:59,138 INFO  [io.api.tes.ser.api.KafkaSerdesTester] (Thread-694) topic-1c00718e_eb7c_4639_8bad_503c7af80de4 0 8 {"key11753985577954": "value-8"}
2025-07-31 18:12:59,138 INFO  [io.api.tes.ser.api.KafkaSerdesTester] (Thread-694) topic-1c00718e_eb7c_4639_8bad_503c7af80de4 0 9 {"key11753985577954": "value-9"}
2025-07-31 18:12:59,138 INFO  [io.api.tes.ser.api.KafkaSerdesTester] (Thread-694) Consumed 10 messages
2025-07-31 18:12:59,143 INFO  [org.apa.kaf.cli.con.int.ConsumerRebalanceListenerInvoker] (Thread-694) [Consumer clientId=consumer-Consumer-topic-1c00718e_eb7c_4639_8bad_503c7af80de4-13, groupId=Consumer-topic-1c00718e_eb7c_4639_8bad_503c7af80de4] Revoke previously assigned partitions topic-1c00718e_eb7c_4639_8bad_503c7af80de4-0
2025-07-31 18:12:59,143 INFO  [org.apa.kaf.cli.con.int.ConsumerCoordinator] (Thread-694) [Consumer clientId=consumer-Consumer-topic-1c00718e_eb7c_4639_8bad_503c7af80de4-13, groupId=Consumer-topic-1c00718e_eb7c_4639_8bad_503c7af80de4] Member consumer-Consumer-topic-1c00718e_eb7c_4639_8bad_503c7af80de4-13-4be95468-b74a-4a05-a4eb-30bb6aea04ef sending LeaveGroup request to coordinator localhost:32770 (id: 2147483647 rack: null) due to the consumer is being closed
2025-07-31 18:12:59,144 INFO  [org.apa.kaf.cli.con.int.ConsumerCoordinator] (Thread-694) [Consumer clientId=consumer-Consumer-topic-1c00718e_eb7c_4639_8bad_503c7af80de4-13, groupId=Consumer-topic-1c00718e_eb7c_4639_8bad_503c7af80de4] Resetting generation and member id due to: consumer pro-actively leaving the group
2025-07-31 18:12:59,144 INFO  [org.apa.kaf.cli.con.int.ConsumerCoordinator] (Thread-694) [Consumer clientId=consumer-Consumer-topic-1c00718e_eb7c_4639_8bad_503c7af80de4-13, groupId=Consumer-topic-1c00718e_eb7c_4639_8bad_503c7af80de4] Request joining group due to: consumer pro-actively leaving the group
2025-07-31 18:12:59,644 INFO  [org.apa.kaf.com.met.Metrics] (Thread-694) Metrics scheduler closed
2025-07-31 18:12:59,644 INFO  [org.apa.kaf.com.met.Metrics] (Thread-694) Closing reporter org.apache.kafka.common.metrics.JmxReporter
2025-07-31 18:12:59,644 INFO  [org.apa.kaf.com.met.Metrics] (Thread-694) Closing reporter org.apache.kafka.common.telemetry.internals.ClientTelemetryReporter
2025-07-31 18:12:59,644 INFO  [org.apa.kaf.com.met.Metrics] (Thread-694) Metrics reporters closed
2025-07-31 18:12:59,647 INFO  [org.apa.kaf.com.uti.AppInfoParser] (Thread-694) App info kafka.consumer for consumer-Consumer-topic-1c00718e_eb7c_4639_8bad_503c7af80de4-13 unregistered
2025-07-31 18:12:59,649 INFO  [io.api.tes.uti.TestSeparator] (main) io.apicurio.tests.serdes.apicurio.AvroSerdeIT.testTopicRecordIdStrategydFindLatest-FINISHED
2025-07-31 18:12:59,650 INFO  [io.api.tes.uti.TestSeparator] (main) ############################################################################
Test passed: testTopicRecordIdStrategydFindLatest
]]></system-out>
  </testcase>
  <testcase name="testAvroConfluentForMultipleTopics" classname="io.apicurio.tests.serdes.apicurio.AvroSerdeIT" time="2.955">
    <system-out><![CDATA[2025-07-31 18:12:59,651 INFO  [io.api.tes.uti.TestSeparator] (main) ############################################################################
2025-07-31 18:12:59,651 INFO  [io.api.tes.uti.TestSeparator] (main) io.apicurio.tests.serdes.apicurio.AvroSerdeIT.testAvroConfluentForMultipleTopics-STARTED
2025-07-31 18:12:59,652 INFO  [io.api.tes.ser.api.AvroSerdeIT] (main) Registering Avro Schema: {"type":"record","name":"myrecordconfluent","fields":[{"name":"key11753985579651","type":"string"}]}
**** Registry Base URL: http://registry-app-inmemory.apps.ci419.apicurio-testing.org:80
2025-07-31 18:13:00,685 INFO  [org.apa.kaf.cli.pro.ProducerConfig] (main) ProducerConfig values: 
	acks = -1
	auto.include.jmx.reporter = true
	batch.size = 16384
	bootstrap.servers = [PLAINTEXT://localhost:32770]
	buffer.memory = 33554432
	client.dns.lookup = use_all_dns_ips
	client.id = Producer-topic-178840aa_5e5f_4373_86e6_32b6e487384d
	compression.gzip.level = -1
	compression.lz4.level = 9
	compression.type = none
	compression.zstd.level = 3
	connections.max.idle.ms = 10000
	delivery.timeout.ms = 120000
	enable.idempotence = true
	enable.metrics.push = true
	interceptor.classes = []
	key.serializer = class org.apache.kafka.common.serialization.StringSerializer
	linger.ms = 0
	max.block.ms = 60000
	max.in.flight.requests.per.connection = 5
	max.request.size = 1048576
	metadata.max.age.ms = 300000
	metadata.max.idle.ms = 300000
	metadata.recovery.strategy = none
	metric.reporters = []
	metrics.num.samples = 2
	metrics.recording.level = INFO
	metrics.sample.window.ms = 30000
	partitioner.adaptive.partitioning.enable = true
	partitioner.availability.timeout.ms = 0
	partitioner.class = null
	partitioner.ignore.keys = false
	receive.buffer.bytes = 32768
	reconnect.backoff.max.ms = 1000
	reconnect.backoff.ms = 50
	request.timeout.ms = 5000
	retries = 2147483647
	retry.backoff.max.ms = 1000
	retry.backoff.ms = 100
	sasl.client.callback.handler.class = null
	sasl.jaas.config = null
	sasl.kerberos.kinit.cmd = /usr/bin/kinit
	sasl.kerberos.min.time.before.relogin = 60000
	sasl.kerberos.service.name = null
	sasl.kerberos.ticket.renew.jitter = 0.05
	sasl.kerberos.ticket.renew.window.factor = 0.8
	sasl.login.callback.handler.class = null
	sasl.login.class = null
	sasl.login.connect.timeout.ms = null
	sasl.login.read.timeout.ms = null
	sasl.login.refresh.buffer.seconds = 300
	sasl.login.refresh.min.period.seconds = 60
	sasl.login.refresh.window.factor = 0.8
	sasl.login.refresh.window.jitter = 0.05
	sasl.login.retry.backoff.max.ms = 10000
	sasl.login.retry.backoff.ms = 100
	sasl.mechanism = GSSAPI
	sasl.oauthbearer.clock.skew.seconds = 30
	sasl.oauthbearer.expected.audience = null
	sasl.oauthbearer.expected.issuer = null
	sasl.oauthbearer.header.urlencode = false
	sasl.oauthbearer.jwks.endpoint.refresh.ms = 3600000
	sasl.oauthbearer.jwks.endpoint.retry.backoff.max.ms = 10000
	sasl.oauthbearer.jwks.endpoint.retry.backoff.ms = 100
	sasl.oauthbearer.jwks.endpoint.url = null
	sasl.oauthbearer.scope.claim.name = scope
	sasl.oauthbearer.sub.claim.name = sub
	sasl.oauthbearer.token.endpoint.url = null
	security.protocol = PLAINTEXT
	security.providers = null
	send.buffer.bytes = 131072
	socket.connection.setup.timeout.max.ms = 30000
	socket.connection.setup.timeout.ms = 10000
	ssl.cipher.suites = null
	ssl.enabled.protocols = [TLSv1.2, TLSv1.3]
	ssl.endpoint.identification.algorithm = https
	ssl.engine.factory.class = null
	ssl.key.password = null
	ssl.keymanager.algorithm = SunX509
	ssl.keystore.certificate.chain = null
	ssl.keystore.key = null
	ssl.keystore.location = null
	ssl.keystore.password = null
	ssl.keystore.type = JKS
	ssl.protocol = TLSv1.3
	ssl.provider = null
	ssl.secure.random.implementation = null
	ssl.trustmanager.algorithm = PKIX
	ssl.truststore.certificates = null
	ssl.truststore.location = null
	ssl.truststore.password = null
	ssl.truststore.type = JKS
	transaction.timeout.ms = 60000
	transactional.id = null
	value.serializer = class io.apicurio.registry.serde.avro.AvroKafkaSerializer

2025-07-31 18:13:00,686 INFO  [org.apa.kaf.com.tel.int.KafkaMetricsCollector] (main) initializing Kafka metrics collector
2025-07-31 18:13:00,689 INFO  [org.apa.kaf.cli.pro.KafkaProducer] (main) [Producer clientId=Producer-topic-178840aa_5e5f_4373_86e6_32b6e487384d] Instantiated an idempotent producer.
2025-07-31 18:13:00,690 INFO  [org.apa.kaf.cli.pro.ProducerConfig] (main) These configurations '[apicurio.registry.url, apicurio.registry.artifact-resolver-strategy]' were supplied but are not used yet.
2025-07-31 18:13:00,690 INFO  [org.apa.kaf.com.uti.AppInfoParser] (main) Kafka version: 3.9.1
2025-07-31 18:13:00,690 INFO  [org.apa.kaf.com.uti.AppInfoParser] (main) Kafka commitId: f745dfdcee2b9851
2025-07-31 18:13:00,691 INFO  [org.apa.kaf.com.uti.AppInfoParser] (main) Kafka startTimeMs: 1753985580690
**** Registry Base URL: http://registry-app-inmemory.apps.ci419.apicurio-testing.org:80
2025-07-31 18:13:00,691 INFO  [org.apa.kaf.cli.pro.ProducerConfig] (main) ProducerConfig values: 
	acks = -1
	auto.include.jmx.reporter = true
	batch.size = 16384
	bootstrap.servers = [PLAINTEXT://localhost:32770]
	buffer.memory = 33554432
	client.dns.lookup = use_all_dns_ips
	client.id = Producer-topic-96ae8260_8682_48c7_8b3a_699dcb9f6ed0
	compression.gzip.level = -1
	compression.lz4.level = 9
	compression.type = none
	compression.zstd.level = 3
	connections.max.idle.ms = 10000
	delivery.timeout.ms = 120000
	enable.idempotence = true
	enable.metrics.push = true
	interceptor.classes = []
	key.serializer = class org.apache.kafka.common.serialization.StringSerializer
	linger.ms = 0
	max.block.ms = 60000
	max.in.flight.requests.per.connection = 5
	max.request.size = 1048576
	metadata.max.age.ms = 300000
	metadata.max.idle.ms = 300000
	metadata.recovery.strategy = none
	metric.reporters = []
	metrics.num.samples = 2
	metrics.recording.level = INFO
	metrics.sample.window.ms = 30000
	partitioner.adaptive.partitioning.enable = true
	partitioner.availability.timeout.ms = 0
	partitioner.class = null
	partitioner.ignore.keys = false
	receive.buffer.bytes = 32768
	reconnect.backoff.max.ms = 1000
	reconnect.backoff.ms = 50
	request.timeout.ms = 5000
	retries = 2147483647
	retry.backoff.max.ms = 1000
	retry.backoff.ms = 100
	sasl.client.callback.handler.class = null
	sasl.jaas.config = null
	sasl.kerberos.kinit.cmd = /usr/bin/kinit
	sasl.kerberos.min.time.before.relogin = 60000
	sasl.kerberos.service.name = null
	sasl.kerberos.ticket.renew.jitter = 0.05
	sasl.kerberos.ticket.renew.window.factor = 0.8
	sasl.login.callback.handler.class = null
	sasl.login.class = null
	sasl.login.connect.timeout.ms = null
	sasl.login.read.timeout.ms = null
	sasl.login.refresh.buffer.seconds = 300
	sasl.login.refresh.min.period.seconds = 60
	sasl.login.refresh.window.factor = 0.8
	sasl.login.refresh.window.jitter = 0.05
	sasl.login.retry.backoff.max.ms = 10000
	sasl.login.retry.backoff.ms = 100
	sasl.mechanism = GSSAPI
	sasl.oauthbearer.clock.skew.seconds = 30
	sasl.oauthbearer.expected.audience = null
	sasl.oauthbearer.expected.issuer = null
	sasl.oauthbearer.header.urlencode = false
	sasl.oauthbearer.jwks.endpoint.refresh.ms = 3600000
	sasl.oauthbearer.jwks.endpoint.retry.backoff.max.ms = 10000
	sasl.oauthbearer.jwks.endpoint.retry.backoff.ms = 100
	sasl.oauthbearer.jwks.endpoint.url = null
	sasl.oauthbearer.scope.claim.name = scope
	sasl.oauthbearer.sub.claim.name = sub
	sasl.oauthbearer.token.endpoint.url = null
	security.protocol = PLAINTEXT
	security.providers = null
	send.buffer.bytes = 131072
	socket.connection.setup.timeout.max.ms = 30000
	socket.connection.setup.timeout.ms = 10000
	ssl.cipher.suites = null
	ssl.enabled.protocols = [TLSv1.2, TLSv1.3]
	ssl.endpoint.identification.algorithm = https
	ssl.engine.factory.class = null
	ssl.key.password = null
	ssl.keymanager.algorithm = SunX509
	ssl.keystore.certificate.chain = null
	ssl.keystore.key = null
	ssl.keystore.location = null
	ssl.keystore.password = null
	ssl.keystore.type = JKS
	ssl.protocol = TLSv1.3
	ssl.provider = null
	ssl.secure.random.implementation = null
	ssl.trustmanager.algorithm = PKIX
	ssl.truststore.certificates = null
	ssl.truststore.location = null
	ssl.truststore.password = null
	ssl.truststore.type = JKS
	transaction.timeout.ms = 60000
	transactional.id = null
	value.serializer = class io.apicurio.registry.serde.avro.AvroKafkaSerializer

2025-07-31 18:13:00,691 INFO  [org.apa.kaf.com.tel.int.KafkaMetricsCollector] (main) initializing Kafka metrics collector
2025-07-31 18:13:00,695 INFO  [org.apa.kaf.cli.pro.KafkaProducer] (main) [Producer clientId=Producer-topic-96ae8260_8682_48c7_8b3a_699dcb9f6ed0] Instantiated an idempotent producer.
2025-07-31 18:13:00,697 INFO  [org.apa.kaf.cli.Metadata] (kafka-producer-network-thread | Producer-topic-178840aa_5e5f_4373_86e6_32b6e487384d) [Producer clientId=Producer-topic-178840aa_5e5f_4373_86e6_32b6e487384d] Cluster ID: Pi_RUBSBSj-WuHInrGEQ6g
2025-07-31 18:13:00,698 INFO  [org.apa.kaf.cli.pro.ProducerConfig] (main) These configurations '[apicurio.registry.url, apicurio.registry.artifact-resolver-strategy]' were supplied but are not used yet.
2025-07-31 18:13:00,698 INFO  [org.apa.kaf.com.uti.AppInfoParser] (main) Kafka version: 3.9.1
2025-07-31 18:13:00,698 INFO  [org.apa.kaf.com.uti.AppInfoParser] (main) Kafka commitId: f745dfdcee2b9851
2025-07-31 18:13:00,698 INFO  [org.apa.kaf.com.uti.AppInfoParser] (main) Kafka startTimeMs: 1753985580698
**** Registry Base URL: http://registry-app-inmemory.apps.ci419.apicurio-testing.org:80
2025-07-31 18:13:00,699 INFO  [org.apa.kaf.cli.pro.ProducerConfig] (main) ProducerConfig values: 
	acks = -1
	auto.include.jmx.reporter = true
	batch.size = 16384
	bootstrap.servers = [PLAINTEXT://localhost:32770]
	buffer.memory = 33554432
	client.dns.lookup = use_all_dns_ips
	client.id = Producer-topic-fbecb44b_d9dc_4a9f_8679_d5087960c09c
	compression.gzip.level = -1
	compression.lz4.level = 9
	compression.type = none
	compression.zstd.level = 3
	connections.max.idle.ms = 10000
	delivery.timeout.ms = 120000
	enable.idempotence = true
	enable.metrics.push = true
	interceptor.classes = []
	key.serializer = class org.apache.kafka.common.serialization.StringSerializer
	linger.ms = 0
	max.block.ms = 60000
	max.in.flight.requests.per.connection = 5
	max.request.size = 1048576
	metadata.max.age.ms = 300000
	metadata.max.idle.ms = 300000
	metadata.recovery.strategy = none
	metric.reporters = []
	metrics.num.samples = 2
	metrics.recording.level = INFO
	metrics.sample.window.ms = 30000
	partitioner.adaptive.partitioning.enable = true
	partitioner.availability.timeout.ms = 0
	partitioner.class = null
	partitioner.ignore.keys = false
	receive.buffer.bytes = 32768
	reconnect.backoff.max.ms = 1000
	reconnect.backoff.ms = 50
	request.timeout.ms = 5000
	retries = 2147483647
	retry.backoff.max.ms = 1000
	retry.backoff.ms = 100
	sasl.client.callback.handler.class = null
	sasl.jaas.config = null
	sasl.kerberos.kinit.cmd = /usr/bin/kinit
	sasl.kerberos.min.time.before.relogin = 60000
	sasl.kerberos.service.name = null
	sasl.kerberos.ticket.renew.jitter = 0.05
	sasl.kerberos.ticket.renew.window.factor = 0.8
	sasl.login.callback.handler.class = null
	sasl.login.class = null
	sasl.login.connect.timeout.ms = null
	sasl.login.read.timeout.ms = null
	sasl.login.refresh.buffer.seconds = 300
	sasl.login.refresh.min.period.seconds = 60
	sasl.login.refresh.window.factor = 0.8
	sasl.login.refresh.window.jitter = 0.05
	sasl.login.retry.backoff.max.ms = 10000
	sasl.login.retry.backoff.ms = 100
	sasl.mechanism = GSSAPI
	sasl.oauthbearer.clock.skew.seconds = 30
	sasl.oauthbearer.expected.audience = null
	sasl.oauthbearer.expected.issuer = null
	sasl.oauthbearer.header.urlencode = false
	sasl.oauthbearer.jwks.endpoint.refresh.ms = 3600000
	sasl.oauthbearer.jwks.endpoint.retry.backoff.max.ms = 10000
	sasl.oauthbearer.jwks.endpoint.retry.backoff.ms = 100
	sasl.oauthbearer.jwks.endpoint.url = null
	sasl.oauthbearer.scope.claim.name = scope
	sasl.oauthbearer.sub.claim.name = sub
	sasl.oauthbearer.token.endpoint.url = null
	security.protocol = PLAINTEXT
	security.providers = null
	send.buffer.bytes = 131072
	socket.connection.setup.timeout.max.ms = 30000
	socket.connection.setup.timeout.ms = 10000
	ssl.cipher.suites = null
	ssl.enabled.protocols = [TLSv1.2, TLSv1.3]
	ssl.endpoint.identification.algorithm = https
	ssl.engine.factory.class = null
	ssl.key.password = null
	ssl.keymanager.algorithm = SunX509
	ssl.keystore.certificate.chain = null
	ssl.keystore.key = null
	ssl.keystore.location = null
	ssl.keystore.password = null
	ssl.keystore.type = JKS
	ssl.protocol = TLSv1.3
	ssl.provider = null
	ssl.secure.random.implementation = null
	ssl.trustmanager.algorithm = PKIX
	ssl.truststore.certificates = null
	ssl.truststore.location = null
	ssl.truststore.password = null
	ssl.truststore.type = JKS
	transaction.timeout.ms = 60000
	transactional.id = null
	value.serializer = class io.apicurio.registry.serde.avro.AvroKafkaSerializer

2025-07-31 18:13:00,699 INFO  [org.apa.kaf.com.tel.int.KafkaMetricsCollector] (main) initializing Kafka metrics collector
2025-07-31 18:13:00,698 INFO  [org.apa.kaf.cli.pro.int.TransactionManager] (kafka-producer-network-thread | Producer-topic-178840aa_5e5f_4373_86e6_32b6e487384d) [Producer clientId=Producer-topic-178840aa_5e5f_4373_86e6_32b6e487384d] ProducerId set to 19 with epoch 0
2025-07-31 18:13:00,702 INFO  [org.apa.kaf.cli.Metadata] (kafka-producer-network-thread | Producer-topic-96ae8260_8682_48c7_8b3a_699dcb9f6ed0) [Producer clientId=Producer-topic-96ae8260_8682_48c7_8b3a_699dcb9f6ed0] Cluster ID: Pi_RUBSBSj-WuHInrGEQ6g
2025-07-31 18:13:00,707 INFO  [org.apa.kaf.cli.pro.int.TransactionManager] (kafka-producer-network-thread | Producer-topic-96ae8260_8682_48c7_8b3a_699dcb9f6ed0) [Producer clientId=Producer-topic-96ae8260_8682_48c7_8b3a_699dcb9f6ed0] ProducerId set to 20 with epoch 0
2025-07-31 18:13:00,707 INFO  [org.apa.kaf.cli.pro.KafkaProducer] (main) [Producer clientId=Producer-topic-fbecb44b_d9dc_4a9f_8679_d5087960c09c] Instantiated an idempotent producer.
2025-07-31 18:13:00,709 INFO  [org.apa.kaf.cli.pro.ProducerConfig] (main) These configurations '[apicurio.registry.url, apicurio.registry.artifact-resolver-strategy]' were supplied but are not used yet.
2025-07-31 18:13:00,710 INFO  [org.apa.kaf.com.uti.AppInfoParser] (main) Kafka version: 3.9.1
2025-07-31 18:13:00,710 INFO  [org.apa.kaf.com.uti.AppInfoParser] (main) Kafka commitId: f745dfdcee2b9851
2025-07-31 18:13:00,710 INFO  [org.apa.kaf.com.uti.AppInfoParser] (main) Kafka startTimeMs: 1753985580710
**** Registry Base URL: http://registry-app-inmemory.apps.ci419.apicurio-testing.org:80
2025-07-31 18:13:00,710 INFO  [org.apa.kaf.cli.con.ConsumerConfig] (main) ConsumerConfig values: 
	allow.auto.create.topics = true
	auto.commit.interval.ms = 500
	auto.include.jmx.reporter = true
	auto.offset.reset = earliest
	bootstrap.servers = [PLAINTEXT://localhost:32770]
	check.crcs = true
	client.dns.lookup = use_all_dns_ips
	client.id = consumer-Consumer-topic-178840aa_5e5f_4373_86e6_32b6e487384d-14
	client.rack = 
	connections.max.idle.ms = 10000
	default.api.timeout.ms = 60000
	enable.auto.commit = true
	enable.metrics.push = true
	exclude.internal.topics = true
	fetch.max.bytes = 52428800
	fetch.max.wait.ms = 500
	fetch.min.bytes = 1
	group.id = Consumer-topic-178840aa_5e5f_4373_86e6_32b6e487384d
	group.instance.id = null
	group.protocol = classic
	group.remote.assignor = null
	heartbeat.interval.ms = 3000
	interceptor.classes = []
	internal.leave.group.on.close = true
	internal.throw.on.fetch.stable.offset.unsupported = false
	isolation.level = read_uncommitted
	key.deserializer = class org.apache.kafka.common.serialization.StringDeserializer
	max.partition.fetch.bytes = 1048576
	max.poll.interval.ms = 300000
	max.poll.records = 500
	metadata.max.age.ms = 300000
	metadata.recovery.strategy = none
	metric.reporters = []
	metrics.num.samples = 2
	metrics.recording.level = INFO
	metrics.sample.window.ms = 30000
	partition.assignment.strategy = [class org.apache.kafka.clients.consumer.RangeAssignor, class org.apache.kafka.clients.consumer.CooperativeStickyAssignor]
	receive.buffer.bytes = 65536
	reconnect.backoff.max.ms = 1000
	reconnect.backoff.ms = 50
	request.timeout.ms = 5000
	retry.backoff.max.ms = 1000
	retry.backoff.ms = 100
	sasl.client.callback.handler.class = null
	sasl.jaas.config = null
	sasl.kerberos.kinit.cmd = /usr/bin/kinit
	sasl.kerberos.min.time.before.relogin = 60000
	sasl.kerberos.service.name = null
	sasl.kerberos.ticket.renew.jitter = 0.05
	sasl.kerberos.ticket.renew.window.factor = 0.8
	sasl.login.callback.handler.class = null
	sasl.login.class = null
	sasl.login.connect.timeout.ms = null
	sasl.login.read.timeout.ms = null
	sasl.login.refresh.buffer.seconds = 300
	sasl.login.refresh.min.period.seconds = 60
	sasl.login.refresh.window.factor = 0.8
	sasl.login.refresh.window.jitter = 0.05
	sasl.login.retry.backoff.max.ms = 10000
	sasl.login.retry.backoff.ms = 100
	sasl.mechanism = GSSAPI
	sasl.oauthbearer.clock.skew.seconds = 30
	sasl.oauthbearer.expected.audience = null
	sasl.oauthbearer.expected.issuer = null
	sasl.oauthbearer.header.urlencode = false
	sasl.oauthbearer.jwks.endpoint.refresh.ms = 3600000
	sasl.oauthbearer.jwks.endpoint.retry.backoff.max.ms = 10000
	sasl.oauthbearer.jwks.endpoint.retry.backoff.ms = 100
	sasl.oauthbearer.jwks.endpoint.url = null
	sasl.oauthbearer.scope.claim.name = scope
	sasl.oauthbearer.sub.claim.name = sub
	sasl.oauthbearer.token.endpoint.url = null
	security.protocol = PLAINTEXT
	security.providers = null
	send.buffer.bytes = 131072
	session.timeout.ms = 45000
	socket.connection.setup.timeout.max.ms = 30000
	socket.connection.setup.timeout.ms = 10000
	ssl.cipher.suites = null
	ssl.enabled.protocols = [TLSv1.2, TLSv1.3]
	ssl.endpoint.identification.algorithm = https
	ssl.engine.factory.class = null
	ssl.key.password = null
	ssl.keymanager.algorithm = SunX509
	ssl.keystore.certificate.chain = null
	ssl.keystore.key = null
	ssl.keystore.location = null
	ssl.keystore.password = null
	ssl.keystore.type = JKS
	ssl.protocol = TLSv1.3
	ssl.provider = null
	ssl.secure.random.implementation = null
	ssl.trustmanager.algorithm = PKIX
	ssl.truststore.certificates = null
	ssl.truststore.location = null
	ssl.truststore.password = null
	ssl.truststore.type = JKS
	value.deserializer = class io.apicurio.registry.serde.avro.AvroKafkaDeserializer

2025-07-31 18:13:00,710 INFO  [org.apa.kaf.com.tel.int.KafkaMetricsCollector] (main) initializing Kafka metrics collector
2025-07-31 18:13:00,714 INFO  [org.apa.kaf.cli.Metadata] (kafka-producer-network-thread | Producer-topic-fbecb44b_d9dc_4a9f_8679_d5087960c09c) [Producer clientId=Producer-topic-fbecb44b_d9dc_4a9f_8679_d5087960c09c] Cluster ID: Pi_RUBSBSj-WuHInrGEQ6g
2025-07-31 18:13:00,715 INFO  [org.apa.kaf.cli.pro.int.TransactionManager] (kafka-producer-network-thread | Producer-topic-fbecb44b_d9dc_4a9f_8679_d5087960c09c) [Producer clientId=Producer-topic-fbecb44b_d9dc_4a9f_8679_d5087960c09c] ProducerId set to 21 with epoch 0
2025-07-31 18:13:00,720 INFO  [org.apa.kaf.cli.con.ConsumerConfig] (main) These configurations '[apicurio.registry.url]' were supplied but are not used yet.
2025-07-31 18:13:00,720 INFO  [org.apa.kaf.com.uti.AppInfoParser] (main) Kafka version: 3.9.1
2025-07-31 18:13:00,720 INFO  [org.apa.kaf.com.uti.AppInfoParser] (main) Kafka commitId: f745dfdcee2b9851
2025-07-31 18:13:00,720 INFO  [org.apa.kaf.com.uti.AppInfoParser] (main) Kafka startTimeMs: 1753985580720
**** Registry Base URL: http://registry-app-inmemory.apps.ci419.apicurio-testing.org:80
2025-07-31 18:13:00,722 INFO  [org.apa.kaf.cli.con.ConsumerConfig] (main) ConsumerConfig values: 
	allow.auto.create.topics = true
	auto.commit.interval.ms = 500
	auto.include.jmx.reporter = true
	auto.offset.reset = earliest
	bootstrap.servers = [PLAINTEXT://localhost:32770]
	check.crcs = true
	client.dns.lookup = use_all_dns_ips
	client.id = consumer-Consumer-topic-96ae8260_8682_48c7_8b3a_699dcb9f6ed0-15
	client.rack = 
	connections.max.idle.ms = 10000
	default.api.timeout.ms = 60000
	enable.auto.commit = true
	enable.metrics.push = true
	exclude.internal.topics = true
	fetch.max.bytes = 52428800
	fetch.max.wait.ms = 500
	fetch.min.bytes = 1
	group.id = Consumer-topic-96ae8260_8682_48c7_8b3a_699dcb9f6ed0
	group.instance.id = null
	group.protocol = classic
	group.remote.assignor = null
	heartbeat.interval.ms = 3000
	interceptor.classes = []
	internal.leave.group.on.close = true
	internal.throw.on.fetch.stable.offset.unsupported = false
	isolation.level = read_uncommitted
	key.deserializer = class org.apache.kafka.common.serialization.StringDeserializer
	max.partition.fetch.bytes = 1048576
	max.poll.interval.ms = 300000
	max.poll.records = 500
	metadata.max.age.ms = 300000
	metadata.recovery.strategy = none
	metric.reporters = []
	metrics.num.samples = 2
	metrics.recording.level = INFO
	metrics.sample.window.ms = 30000
	partition.assignment.strategy = [class org.apache.kafka.clients.consumer.RangeAssignor, class org.apache.kafka.clients.consumer.CooperativeStickyAssignor]
	receive.buffer.bytes = 65536
	reconnect.backoff.max.ms = 1000
	reconnect.backoff.ms = 50
	request.timeout.ms = 5000
	retry.backoff.max.ms = 1000
	retry.backoff.ms = 100
	sasl.client.callback.handler.class = null
	sasl.jaas.config = null
	sasl.kerberos.kinit.cmd = /usr/bin/kinit
	sasl.kerberos.min.time.before.relogin = 60000
	sasl.kerberos.service.name = null
	sasl.kerberos.ticket.renew.jitter = 0.05
	sasl.kerberos.ticket.renew.window.factor = 0.8
	sasl.login.callback.handler.class = null
	sasl.login.class = null
	sasl.login.connect.timeout.ms = null
	sasl.login.read.timeout.ms = null
	sasl.login.refresh.buffer.seconds = 300
	sasl.login.refresh.min.period.seconds = 60
	sasl.login.refresh.window.factor = 0.8
	sasl.login.refresh.window.jitter = 0.05
	sasl.login.retry.backoff.max.ms = 10000
	sasl.login.retry.backoff.ms = 100
	sasl.mechanism = GSSAPI
	sasl.oauthbearer.clock.skew.seconds = 30
	sasl.oauthbearer.expected.audience = null
	sasl.oauthbearer.expected.issuer = null
	sasl.oauthbearer.header.urlencode = false
	sasl.oauthbearer.jwks.endpoint.refresh.ms = 3600000
	sasl.oauthbearer.jwks.endpoint.retry.backoff.max.ms = 10000
	sasl.oauthbearer.jwks.endpoint.retry.backoff.ms = 100
	sasl.oauthbearer.jwks.endpoint.url = null
	sasl.oauthbearer.scope.claim.name = scope
	sasl.oauthbearer.sub.claim.name = sub
	sasl.oauthbearer.token.endpoint.url = null
	security.protocol = PLAINTEXT
	security.providers = null
	send.buffer.bytes = 131072
	session.timeout.ms = 45000
	socket.connection.setup.timeout.max.ms = 30000
	socket.connection.setup.timeout.ms = 10000
	ssl.cipher.suites = null
	ssl.enabled.protocols = [TLSv1.2, TLSv1.3]
	ssl.endpoint.identification.algorithm = https
	ssl.engine.factory.class = null
	ssl.key.password = null
	ssl.keymanager.algorithm = SunX509
	ssl.keystore.certificate.chain = null
	ssl.keystore.key = null
	ssl.keystore.location = null
	ssl.keystore.password = null
	ssl.keystore.type = JKS
	ssl.protocol = TLSv1.3
	ssl.provider = null
	ssl.secure.random.implementation = null
	ssl.trustmanager.algorithm = PKIX
	ssl.truststore.certificates = null
	ssl.truststore.location = null
	ssl.truststore.password = null
	ssl.truststore.type = JKS
	value.deserializer = class io.apicurio.registry.serde.avro.AvroKafkaDeserializer

2025-07-31 18:13:00,722 INFO  [org.apa.kaf.com.tel.int.KafkaMetricsCollector] (main) initializing Kafka metrics collector
2025-07-31 18:13:00,725 INFO  [org.apa.kaf.cli.con.ConsumerConfig] (main) These configurations '[apicurio.registry.url]' were supplied but are not used yet.
2025-07-31 18:13:00,725 INFO  [org.apa.kaf.com.uti.AppInfoParser] (main) Kafka version: 3.9.1
2025-07-31 18:13:00,725 INFO  [org.apa.kaf.com.uti.AppInfoParser] (main) Kafka commitId: f745dfdcee2b9851
2025-07-31 18:13:00,725 INFO  [org.apa.kaf.com.uti.AppInfoParser] (main) Kafka startTimeMs: 1753985580725
**** Registry Base URL: http://registry-app-inmemory.apps.ci419.apicurio-testing.org:80
2025-07-31 18:13:00,726 INFO  [org.apa.kaf.cli.con.ConsumerConfig] (main) ConsumerConfig values: 
	allow.auto.create.topics = true
	auto.commit.interval.ms = 500
	auto.include.jmx.reporter = true
	auto.offset.reset = earliest
	bootstrap.servers = [PLAINTEXT://localhost:32770]
	check.crcs = true
	client.dns.lookup = use_all_dns_ips
	client.id = consumer-Consumer-topic-fbecb44b_d9dc_4a9f_8679_d5087960c09c-16
	client.rack = 
	connections.max.idle.ms = 10000
	default.api.timeout.ms = 60000
	enable.auto.commit = true
	enable.metrics.push = true
	exclude.internal.topics = true
	fetch.max.bytes = 52428800
	fetch.max.wait.ms = 500
	fetch.min.bytes = 1
	group.id = Consumer-topic-fbecb44b_d9dc_4a9f_8679_d5087960c09c
	group.instance.id = null
	group.protocol = classic
	group.remote.assignor = null
	heartbeat.interval.ms = 3000
	interceptor.classes = []
	internal.leave.group.on.close = true
	internal.throw.on.fetch.stable.offset.unsupported = false
	isolation.level = read_uncommitted
	key.deserializer = class org.apache.kafka.common.serialization.StringDeserializer
	max.partition.fetch.bytes = 1048576
	max.poll.interval.ms = 300000
	max.poll.records = 500
	metadata.max.age.ms = 300000
	metadata.recovery.strategy = none
	metric.reporters = []
	metrics.num.samples = 2
	metrics.recording.level = INFO
	metrics.sample.window.ms = 30000
	partition.assignment.strategy = [class org.apache.kafka.clients.consumer.RangeAssignor, class org.apache.kafka.clients.consumer.CooperativeStickyAssignor]
	receive.buffer.bytes = 65536
	reconnect.backoff.max.ms = 1000
	reconnect.backoff.ms = 50
	request.timeout.ms = 5000
	retry.backoff.max.ms = 1000
	retry.backoff.ms = 100
	sasl.client.callback.handler.class = null
	sasl.jaas.config = null
	sasl.kerberos.kinit.cmd = /usr/bin/kinit
	sasl.kerberos.min.time.before.relogin = 60000
	sasl.kerberos.service.name = null
	sasl.kerberos.ticket.renew.jitter = 0.05
	sasl.kerberos.ticket.renew.window.factor = 0.8
	sasl.login.callback.handler.class = null
	sasl.login.class = null
	sasl.login.connect.timeout.ms = null
	sasl.login.read.timeout.ms = null
	sasl.login.refresh.buffer.seconds = 300
	sasl.login.refresh.min.period.seconds = 60
	sasl.login.refresh.window.factor = 0.8
	sasl.login.refresh.window.jitter = 0.05
	sasl.login.retry.backoff.max.ms = 10000
	sasl.login.retry.backoff.ms = 100
	sasl.mechanism = GSSAPI
	sasl.oauthbearer.clock.skew.seconds = 30
	sasl.oauthbearer.expected.audience = null
	sasl.oauthbearer.expected.issuer = null
	sasl.oauthbearer.header.urlencode = false
	sasl.oauthbearer.jwks.endpoint.refresh.ms = 3600000
	sasl.oauthbearer.jwks.endpoint.retry.backoff.max.ms = 10000
	sasl.oauthbearer.jwks.endpoint.retry.backoff.ms = 100
	sasl.oauthbearer.jwks.endpoint.url = null
	sasl.oauthbearer.scope.claim.name = scope
	sasl.oauthbearer.sub.claim.name = sub
	sasl.oauthbearer.token.endpoint.url = null
	security.protocol = PLAINTEXT
	security.providers = null
	send.buffer.bytes = 131072
	session.timeout.ms = 45000
	socket.connection.setup.timeout.max.ms = 30000
	socket.connection.setup.timeout.ms = 10000
	ssl.cipher.suites = null
	ssl.enabled.protocols = [TLSv1.2, TLSv1.3]
	ssl.endpoint.identification.algorithm = https
	ssl.engine.factory.class = null
	ssl.key.password = null
	ssl.keymanager.algorithm = SunX509
	ssl.keystore.certificate.chain = null
	ssl.keystore.key = null
	ssl.keystore.location = null
	ssl.keystore.password = null
	ssl.keystore.type = JKS
	ssl.protocol = TLSv1.3
	ssl.provider = null
	ssl.secure.random.implementation = null
	ssl.trustmanager.algorithm = PKIX
	ssl.truststore.certificates = null
	ssl.truststore.location = null
	ssl.truststore.password = null
	ssl.truststore.type = JKS
	value.deserializer = class io.apicurio.registry.serde.avro.AvroKafkaDeserializer

2025-07-31 18:13:00,726 INFO  [org.apa.kaf.com.tel.int.KafkaMetricsCollector] (main) initializing Kafka metrics collector
2025-07-31 18:13:00,733 INFO  [org.apa.kaf.cli.con.ConsumerConfig] (main) These configurations '[apicurio.registry.url]' were supplied but are not used yet.
2025-07-31 18:13:00,733 INFO  [org.apa.kaf.com.uti.AppInfoParser] (main) Kafka version: 3.9.1
2025-07-31 18:13:00,733 INFO  [org.apa.kaf.com.uti.AppInfoParser] (main) Kafka commitId: f745dfdcee2b9851
2025-07-31 18:13:00,733 INFO  [org.apa.kaf.com.uti.AppInfoParser] (main) Kafka startTimeMs: 1753985580733
2025-07-31 18:13:00,734 INFO  [io.api.tes.ser.api.KafkaSerdesTester] (Thread-707) Sending message {"key11753985579651": "value-0"} to topic topic-178840aa_5e5f_4373_86e6_32b6e487384d
2025-07-31 18:13:00,738 INFO  [DefaultSchemaResolver] (Thread-707) Retrieving schema content using string: {"type":"record","name":"myrecordconfluent","fields":[{"name":"key11753985579651","type":"string"}]}
2025-07-31 18:13:00,766 INFO  [io.api.tes.ser.api.KafkaSerdesTester] (Thread-707) Sending message {"key11753985579651": "value-1"} to topic topic-178840aa_5e5f_4373_86e6_32b6e487384d
2025-07-31 18:13:00,767 INFO  [io.api.tes.ser.api.KafkaSerdesTester] (Thread-707) Sending message {"key11753985579651": "value-2"} to topic topic-178840aa_5e5f_4373_86e6_32b6e487384d
2025-07-31 18:13:00,768 INFO  [io.api.tes.ser.api.KafkaSerdesTester] (Thread-707) Sending message {"key11753985579651": "value-3"} to topic topic-178840aa_5e5f_4373_86e6_32b6e487384d
2025-07-31 18:13:00,770 INFO  [io.api.tes.ser.api.KafkaSerdesTester] (Thread-707) Sending message {"key11753985579651": "value-4"} to topic topic-178840aa_5e5f_4373_86e6_32b6e487384d
2025-07-31 18:13:00,773 INFO  [io.api.tes.ser.api.KafkaSerdesTester] (Thread-707) Sending message {"key11753985579651": "value-5"} to topic topic-178840aa_5e5f_4373_86e6_32b6e487384d
2025-07-31 18:13:00,774 INFO  [io.api.tes.ser.api.KafkaSerdesTester] (Thread-707) Sending message {"key11753985579651": "value-6"} to topic topic-178840aa_5e5f_4373_86e6_32b6e487384d
2025-07-31 18:13:00,775 INFO  [io.api.tes.ser.api.KafkaSerdesTester] (Thread-707) Sending message {"key11753985579651": "value-7"} to topic topic-178840aa_5e5f_4373_86e6_32b6e487384d
2025-07-31 18:13:00,778 INFO  [io.api.tes.ser.api.KafkaSerdesTester] (Thread-707) Sending message {"key11753985579651": "value-8"} to topic topic-178840aa_5e5f_4373_86e6_32b6e487384d
2025-07-31 18:13:00,779 INFO  [io.api.tes.ser.api.KafkaSerdesTester] (Thread-707) Sending message {"key11753985579651": "value-9"} to topic topic-178840aa_5e5f_4373_86e6_32b6e487384d
2025-07-31 18:13:00,782 INFO  [io.api.tes.ser.api.KafkaSerdesTester] (Thread-707) Produced 10 messages
2025-07-31 18:13:00,782 INFO  [org.apa.kaf.cli.pro.KafkaProducer] (Thread-707) [Producer clientId=Producer-topic-178840aa_5e5f_4373_86e6_32b6e487384d] Closing the Kafka producer with timeoutMillis = 9223372036854775807 ms.
2025-07-31 18:13:00,784 INFO  [org.apa.kaf.com.met.Metrics] (Thread-707) Metrics scheduler closed
2025-07-31 18:13:00,784 INFO  [org.apa.kaf.com.met.Metrics] (Thread-707) Closing reporter org.apache.kafka.common.metrics.JmxReporter
2025-07-31 18:13:00,784 INFO  [org.apa.kaf.com.met.Metrics] (Thread-707) Closing reporter org.apache.kafka.common.telemetry.internals.ClientTelemetryReporter
2025-07-31 18:13:00,784 INFO  [org.apa.kaf.com.met.Metrics] (Thread-707) Metrics reporters closed
2025-07-31 18:13:00,785 INFO  [org.apa.kaf.com.uti.AppInfoParser] (Thread-707) App info kafka.producer for Producer-topic-178840aa_5e5f_4373_86e6_32b6e487384d unregistered
2025-07-31 18:13:00,787 INFO  [io.api.tes.ser.api.KafkaSerdesTester] (Thread-708) Sending message {"key11753985579651": "value-0"} to topic topic-96ae8260_8682_48c7_8b3a_699dcb9f6ed0
2025-07-31 18:13:00,789 INFO  [DefaultSchemaResolver] (Thread-708) Retrieving schema content using string: {"type":"record","name":"myrecordconfluent","fields":[{"name":"key11753985579651","type":"string"}]}
2025-07-31 18:13:00,822 INFO  [io.api.tes.ser.api.KafkaSerdesTester] (Thread-708) Sending message {"key11753985579651": "value-1"} to topic topic-96ae8260_8682_48c7_8b3a_699dcb9f6ed0
2025-07-31 18:13:00,824 INFO  [io.api.tes.ser.api.KafkaSerdesTester] (Thread-708) Sending message {"key11753985579651": "value-2"} to topic topic-96ae8260_8682_48c7_8b3a_699dcb9f6ed0
2025-07-31 18:13:00,825 INFO  [io.api.tes.ser.api.KafkaSerdesTester] (Thread-708) Sending message {"key11753985579651": "value-3"} to topic topic-96ae8260_8682_48c7_8b3a_699dcb9f6ed0
2025-07-31 18:13:00,826 INFO  [io.api.tes.ser.api.KafkaSerdesTester] (Thread-708) Sending message {"key11753985579651": "value-4"} to topic topic-96ae8260_8682_48c7_8b3a_699dcb9f6ed0
2025-07-31 18:13:00,828 INFO  [io.api.tes.ser.api.KafkaSerdesTester] (Thread-708) Sending message {"key11753985579651": "value-5"} to topic topic-96ae8260_8682_48c7_8b3a_699dcb9f6ed0
2025-07-31 18:13:00,829 INFO  [io.api.tes.ser.api.KafkaSerdesTester] (Thread-708) Sending message {"key11753985579651": "value-6"} to topic topic-96ae8260_8682_48c7_8b3a_699dcb9f6ed0
2025-07-31 18:13:00,831 INFO  [io.api.tes.ser.api.KafkaSerdesTester] (Thread-708) Sending message {"key11753985579651": "value-7"} to topic topic-96ae8260_8682_48c7_8b3a_699dcb9f6ed0
2025-07-31 18:13:00,832 INFO  [io.api.tes.ser.api.KafkaSerdesTester] (Thread-708) Sending message {"key11753985579651": "value-8"} to topic topic-96ae8260_8682_48c7_8b3a_699dcb9f6ed0
2025-07-31 18:13:00,833 INFO  [io.api.tes.ser.api.KafkaSerdesTester] (Thread-708) Sending message {"key11753985579651": "value-9"} to topic topic-96ae8260_8682_48c7_8b3a_699dcb9f6ed0
2025-07-31 18:13:00,834 INFO  [io.api.tes.ser.api.KafkaSerdesTester] (Thread-708) Produced 10 messages
2025-07-31 18:13:00,834 INFO  [org.apa.kaf.cli.pro.KafkaProducer] (Thread-708) [Producer clientId=Producer-topic-96ae8260_8682_48c7_8b3a_699dcb9f6ed0] Closing the Kafka producer with timeoutMillis = 9223372036854775807 ms.
2025-07-31 18:13:00,837 INFO  [org.apa.kaf.com.met.Metrics] (Thread-708) Metrics scheduler closed
2025-07-31 18:13:00,837 INFO  [org.apa.kaf.com.met.Metrics] (Thread-708) Closing reporter org.apache.kafka.common.metrics.JmxReporter
2025-07-31 18:13:00,837 INFO  [org.apa.kaf.com.met.Metrics] (Thread-708) Closing reporter org.apache.kafka.common.telemetry.internals.ClientTelemetryReporter
2025-07-31 18:13:00,837 INFO  [org.apa.kaf.com.met.Metrics] (Thread-708) Metrics reporters closed
2025-07-31 18:13:00,837 INFO  [org.apa.kaf.com.uti.AppInfoParser] (Thread-708) App info kafka.producer for Producer-topic-96ae8260_8682_48c7_8b3a_699dcb9f6ed0 unregistered
2025-07-31 18:13:00,839 INFO  [io.api.tes.ser.api.KafkaSerdesTester] (Thread-709) Sending message {"key11753985579651": "value-0"} to topic topic-fbecb44b_d9dc_4a9f_8679_d5087960c09c
2025-07-31 18:13:00,847 INFO  [DefaultSchemaResolver] (Thread-709) Retrieving schema content using string: {"type":"record","name":"myrecordconfluent","fields":[{"name":"key11753985579651","type":"string"}]}
2025-07-31 18:13:00,878 INFO  [io.api.tes.ser.api.KafkaSerdesTester] (Thread-709) Sending message {"key11753985579651": "value-1"} to topic topic-fbecb44b_d9dc_4a9f_8679_d5087960c09c
2025-07-31 18:13:00,880 INFO  [io.api.tes.ser.api.KafkaSerdesTester] (Thread-709) Sending message {"key11753985579651": "value-2"} to topic topic-fbecb44b_d9dc_4a9f_8679_d5087960c09c
2025-07-31 18:13:00,881 INFO  [io.api.tes.ser.api.KafkaSerdesTester] (Thread-709) Sending message {"key11753985579651": "value-3"} to topic topic-fbecb44b_d9dc_4a9f_8679_d5087960c09c
2025-07-31 18:13:00,883 INFO  [io.api.tes.ser.api.KafkaSerdesTester] (Thread-709) Sending message {"key11753985579651": "value-4"} to topic topic-fbecb44b_d9dc_4a9f_8679_d5087960c09c
2025-07-31 18:13:00,884 INFO  [io.api.tes.ser.api.KafkaSerdesTester] (Thread-709) Sending message {"key11753985579651": "value-5"} to topic topic-fbecb44b_d9dc_4a9f_8679_d5087960c09c
2025-07-31 18:13:00,886 INFO  [io.api.tes.ser.api.KafkaSerdesTester] (Thread-709) Sending message {"key11753985579651": "value-6"} to topic topic-fbecb44b_d9dc_4a9f_8679_d5087960c09c
2025-07-31 18:13:00,888 INFO  [io.api.tes.ser.api.KafkaSerdesTester] (Thread-709) Sending message {"key11753985579651": "value-7"} to topic topic-fbecb44b_d9dc_4a9f_8679_d5087960c09c
2025-07-31 18:13:00,893 INFO  [io.api.tes.ser.api.KafkaSerdesTester] (Thread-709) Sending message {"key11753985579651": "value-8"} to topic topic-fbecb44b_d9dc_4a9f_8679_d5087960c09c
2025-07-31 18:13:00,895 INFO  [io.api.tes.ser.api.KafkaSerdesTester] (Thread-709) Sending message {"key11753985579651": "value-9"} to topic topic-fbecb44b_d9dc_4a9f_8679_d5087960c09c
2025-07-31 18:13:00,899 INFO  [io.api.tes.ser.api.KafkaSerdesTester] (Thread-709) Produced 10 messages
2025-07-31 18:13:00,899 INFO  [org.apa.kaf.cli.pro.KafkaProducer] (Thread-709) [Producer clientId=Producer-topic-fbecb44b_d9dc_4a9f_8679_d5087960c09c] Closing the Kafka producer with timeoutMillis = 9223372036854775807 ms.
2025-07-31 18:13:00,902 INFO  [org.apa.kaf.com.met.Metrics] (Thread-709) Metrics scheduler closed
2025-07-31 18:13:00,902 INFO  [org.apa.kaf.com.met.Metrics] (Thread-709) Closing reporter org.apache.kafka.common.metrics.JmxReporter
2025-07-31 18:13:00,902 INFO  [org.apa.kaf.com.met.Metrics] (Thread-709) Closing reporter org.apache.kafka.common.telemetry.internals.ClientTelemetryReporter
2025-07-31 18:13:00,902 INFO  [org.apa.kaf.com.met.Metrics] (Thread-709) Metrics reporters closed
2025-07-31 18:13:00,902 INFO  [org.apa.kaf.com.uti.AppInfoParser] (Thread-709) App info kafka.producer for Producer-topic-fbecb44b_d9dc_4a9f_8679_d5087960c09c unregistered
2025-07-31 18:13:00,903 INFO  [org.apa.kaf.cli.con.int.ClassicKafkaConsumer] (Thread-710) [Consumer clientId=consumer-Consumer-topic-178840aa_5e5f_4373_86e6_32b6e487384d-14, groupId=Consumer-topic-178840aa_5e5f_4373_86e6_32b6e487384d] Subscribed to topic(s): topic-178840aa_5e5f_4373_86e6_32b6e487384d
2025-07-31 18:13:00,910 INFO  [org.apa.kaf.cli.Metadata] (Thread-710) [Consumer clientId=consumer-Consumer-topic-178840aa_5e5f_4373_86e6_32b6e487384d-14, groupId=Consumer-topic-178840aa_5e5f_4373_86e6_32b6e487384d] Cluster ID: Pi_RUBSBSj-WuHInrGEQ6g
2025-07-31 18:13:00,910 INFO  [org.apa.kaf.cli.con.int.ConsumerCoordinator] (Thread-710) [Consumer clientId=consumer-Consumer-topic-178840aa_5e5f_4373_86e6_32b6e487384d-14, groupId=Consumer-topic-178840aa_5e5f_4373_86e6_32b6e487384d] Discovered group coordinator localhost:32770 (id: 2147483647 rack: null)
2025-07-31 18:13:00,911 INFO  [org.apa.kaf.cli.con.int.ConsumerCoordinator] (Thread-710) [Consumer clientId=consumer-Consumer-topic-178840aa_5e5f_4373_86e6_32b6e487384d-14, groupId=Consumer-topic-178840aa_5e5f_4373_86e6_32b6e487384d] (Re-)joining group
2025-07-31 18:13:00,914 INFO  [org.apa.kaf.cli.con.int.ConsumerCoordinator] (Thread-710) [Consumer clientId=consumer-Consumer-topic-178840aa_5e5f_4373_86e6_32b6e487384d-14, groupId=Consumer-topic-178840aa_5e5f_4373_86e6_32b6e487384d] Request joining group due to: need to re-join with the given member-id: consumer-Consumer-topic-178840aa_5e5f_4373_86e6_32b6e487384d-14-044157dc-9e59-4356-aac9-cab8c429ee5f
2025-07-31 18:13:00,914 INFO  [org.apa.kaf.cli.con.int.ConsumerCoordinator] (Thread-710) [Consumer clientId=consumer-Consumer-topic-178840aa_5e5f_4373_86e6_32b6e487384d-14, groupId=Consumer-topic-178840aa_5e5f_4373_86e6_32b6e487384d] (Re-)joining group
2025-07-31 18:13:00,917 INFO  [org.apa.kaf.cli.con.int.ConsumerCoordinator] (Thread-710) [Consumer clientId=consumer-Consumer-topic-178840aa_5e5f_4373_86e6_32b6e487384d-14, groupId=Consumer-topic-178840aa_5e5f_4373_86e6_32b6e487384d] Successfully joined group with generation Generation{generationId=1, memberId='consumer-Consumer-topic-178840aa_5e5f_4373_86e6_32b6e487384d-14-044157dc-9e59-4356-aac9-cab8c429ee5f', protocol='range'}
2025-07-31 18:13:00,917 INFO  [org.apa.kaf.cli.con.int.ConsumerCoordinator] (Thread-710) [Consumer clientId=consumer-Consumer-topic-178840aa_5e5f_4373_86e6_32b6e487384d-14, groupId=Consumer-topic-178840aa_5e5f_4373_86e6_32b6e487384d] Finished assignment for group at generation 1: {consumer-Consumer-topic-178840aa_5e5f_4373_86e6_32b6e487384d-14-044157dc-9e59-4356-aac9-cab8c429ee5f=Assignment(partitions=[topic-178840aa_5e5f_4373_86e6_32b6e487384d-0])}
2025-07-31 18:13:00,919 INFO  [org.apa.kaf.cli.con.int.ConsumerCoordinator] (Thread-710) [Consumer clientId=consumer-Consumer-topic-178840aa_5e5f_4373_86e6_32b6e487384d-14, groupId=Consumer-topic-178840aa_5e5f_4373_86e6_32b6e487384d] Successfully synced group in generation Generation{generationId=1, memberId='consumer-Consumer-topic-178840aa_5e5f_4373_86e6_32b6e487384d-14-044157dc-9e59-4356-aac9-cab8c429ee5f', protocol='range'}
2025-07-31 18:13:00,919 INFO  [org.apa.kaf.cli.con.int.ConsumerCoordinator] (Thread-710) [Consumer clientId=consumer-Consumer-topic-178840aa_5e5f_4373_86e6_32b6e487384d-14, groupId=Consumer-topic-178840aa_5e5f_4373_86e6_32b6e487384d] Notifying assignor about the new Assignment(partitions=[topic-178840aa_5e5f_4373_86e6_32b6e487384d-0])
2025-07-31 18:13:00,919 INFO  [org.apa.kaf.cli.con.int.ConsumerRebalanceListenerInvoker] (Thread-710) [Consumer clientId=consumer-Consumer-topic-178840aa_5e5f_4373_86e6_32b6e487384d-14, groupId=Consumer-topic-178840aa_5e5f_4373_86e6_32b6e487384d] Adding newly assigned partitions: topic-178840aa_5e5f_4373_86e6_32b6e487384d-0
2025-07-31 18:13:00,920 INFO  [org.apa.kaf.cli.con.int.ConsumerCoordinator] (Thread-710) [Consumer clientId=consumer-Consumer-topic-178840aa_5e5f_4373_86e6_32b6e487384d-14, groupId=Consumer-topic-178840aa_5e5f_4373_86e6_32b6e487384d] Found no committed offset for partition topic-178840aa_5e5f_4373_86e6_32b6e487384d-0
2025-07-31 18:13:00,923 INFO  [org.apa.kaf.cli.con.int.SubscriptionState] (Thread-710) [Consumer clientId=consumer-Consumer-topic-178840aa_5e5f_4373_86e6_32b6e487384d-14, groupId=Consumer-topic-178840aa_5e5f_4373_86e6_32b6e487384d] Resetting offset for partition topic-178840aa_5e5f_4373_86e6_32b6e487384d-0 to position FetchPosition{offset=0, offsetEpoch=Optional.empty, currentLeader=LeaderAndEpoch{leader=Optional[localhost:32770 (id: 0 rack: null)], epoch=0}}.
2025-07-31 18:13:00,969 INFO  [io.api.tes.ser.api.KafkaSerdesTester] (Thread-710) topic-178840aa_5e5f_4373_86e6_32b6e487384d 0 0 {"key11753985579651": "value-0"}
2025-07-31 18:13:00,970 INFO  [io.api.tes.ser.api.KafkaSerdesTester] (Thread-710) topic-178840aa_5e5f_4373_86e6_32b6e487384d 0 1 {"key11753985579651": "value-1"}
2025-07-31 18:13:00,970 INFO  [io.api.tes.ser.api.KafkaSerdesTester] (Thread-710) topic-178840aa_5e5f_4373_86e6_32b6e487384d 0 2 {"key11753985579651": "value-2"}
2025-07-31 18:13:00,970 INFO  [io.api.tes.ser.api.KafkaSerdesTester] (Thread-710) topic-178840aa_5e5f_4373_86e6_32b6e487384d 0 3 {"key11753985579651": "value-3"}
2025-07-31 18:13:00,970 INFO  [io.api.tes.ser.api.KafkaSerdesTester] (Thread-710) topic-178840aa_5e5f_4373_86e6_32b6e487384d 0 4 {"key11753985579651": "value-4"}
2025-07-31 18:13:00,970 INFO  [io.api.tes.ser.api.KafkaSerdesTester] (Thread-710) topic-178840aa_5e5f_4373_86e6_32b6e487384d 0 5 {"key11753985579651": "value-5"}
2025-07-31 18:13:00,970 INFO  [io.api.tes.ser.api.KafkaSerdesTester] (Thread-710) topic-178840aa_5e5f_4373_86e6_32b6e487384d 0 6 {"key11753985579651": "value-6"}
2025-07-31 18:13:00,970 INFO  [io.api.tes.ser.api.KafkaSerdesTester] (Thread-710) topic-178840aa_5e5f_4373_86e6_32b6e487384d 0 7 {"key11753985579651": "value-7"}
2025-07-31 18:13:00,970 INFO  [io.api.tes.ser.api.KafkaSerdesTester] (Thread-710) topic-178840aa_5e5f_4373_86e6_32b6e487384d 0 8 {"key11753985579651": "value-8"}
2025-07-31 18:13:00,970 INFO  [io.api.tes.ser.api.KafkaSerdesTester] (Thread-710) topic-178840aa_5e5f_4373_86e6_32b6e487384d 0 9 {"key11753985579651": "value-9"}
2025-07-31 18:13:00,970 INFO  [io.api.tes.ser.api.KafkaSerdesTester] (Thread-710) Consumed 10 messages
2025-07-31 18:13:00,972 INFO  [org.apa.kaf.cli.con.int.ConsumerRebalanceListenerInvoker] (Thread-710) [Consumer clientId=consumer-Consumer-topic-178840aa_5e5f_4373_86e6_32b6e487384d-14, groupId=Consumer-topic-178840aa_5e5f_4373_86e6_32b6e487384d] Revoke previously assigned partitions topic-178840aa_5e5f_4373_86e6_32b6e487384d-0
2025-07-31 18:13:00,973 INFO  [org.apa.kaf.cli.con.int.ConsumerCoordinator] (Thread-710) [Consumer clientId=consumer-Consumer-topic-178840aa_5e5f_4373_86e6_32b6e487384d-14, groupId=Consumer-topic-178840aa_5e5f_4373_86e6_32b6e487384d] Member consumer-Consumer-topic-178840aa_5e5f_4373_86e6_32b6e487384d-14-044157dc-9e59-4356-aac9-cab8c429ee5f sending LeaveGroup request to coordinator localhost:32770 (id: 2147483647 rack: null) due to the consumer is being closed
2025-07-31 18:13:00,973 INFO  [org.apa.kaf.cli.con.int.ConsumerCoordinator] (Thread-710) [Consumer clientId=consumer-Consumer-topic-178840aa_5e5f_4373_86e6_32b6e487384d-14, groupId=Consumer-topic-178840aa_5e5f_4373_86e6_32b6e487384d] Resetting generation and member id due to: consumer pro-actively leaving the group
2025-07-31 18:13:00,973 INFO  [org.apa.kaf.cli.con.int.ConsumerCoordinator] (Thread-710) [Consumer clientId=consumer-Consumer-topic-178840aa_5e5f_4373_86e6_32b6e487384d-14, groupId=Consumer-topic-178840aa_5e5f_4373_86e6_32b6e487384d] Request joining group due to: consumer pro-actively leaving the group
2025-07-31 18:13:01,473 INFO  [org.apa.kaf.com.met.Metrics] (Thread-710) Metrics scheduler closed
2025-07-31 18:13:01,473 INFO  [org.apa.kaf.com.met.Metrics] (Thread-710) Closing reporter org.apache.kafka.common.metrics.JmxReporter
2025-07-31 18:13:01,473 INFO  [org.apa.kaf.com.met.Metrics] (Thread-710) Closing reporter org.apache.kafka.common.telemetry.internals.ClientTelemetryReporter
2025-07-31 18:13:01,473 INFO  [org.apa.kaf.com.met.Metrics] (Thread-710) Metrics reporters closed
2025-07-31 18:13:01,475 INFO  [org.apa.kaf.com.uti.AppInfoParser] (Thread-710) App info kafka.consumer for consumer-Consumer-topic-178840aa_5e5f_4373_86e6_32b6e487384d-14 unregistered
2025-07-31 18:13:01,476 INFO  [org.apa.kaf.cli.con.int.ClassicKafkaConsumer] (Thread-711) [Consumer clientId=consumer-Consumer-topic-96ae8260_8682_48c7_8b3a_699dcb9f6ed0-15, groupId=Consumer-topic-96ae8260_8682_48c7_8b3a_699dcb9f6ed0] Subscribed to topic(s): topic-96ae8260_8682_48c7_8b3a_699dcb9f6ed0
2025-07-31 18:13:01,480 INFO  [org.apa.kaf.cli.Metadata] (Thread-711) [Consumer clientId=consumer-Consumer-topic-96ae8260_8682_48c7_8b3a_699dcb9f6ed0-15, groupId=Consumer-topic-96ae8260_8682_48c7_8b3a_699dcb9f6ed0] Cluster ID: Pi_RUBSBSj-WuHInrGEQ6g
2025-07-31 18:13:01,481 INFO  [org.apa.kaf.cli.con.int.ConsumerCoordinator] (Thread-711) [Consumer clientId=consumer-Consumer-topic-96ae8260_8682_48c7_8b3a_699dcb9f6ed0-15, groupId=Consumer-topic-96ae8260_8682_48c7_8b3a_699dcb9f6ed0] Discovered group coordinator localhost:32770 (id: 2147483647 rack: null)
2025-07-31 18:13:01,482 INFO  [org.apa.kaf.cli.con.int.ConsumerCoordinator] (Thread-711) [Consumer clientId=consumer-Consumer-topic-96ae8260_8682_48c7_8b3a_699dcb9f6ed0-15, groupId=Consumer-topic-96ae8260_8682_48c7_8b3a_699dcb9f6ed0] (Re-)joining group
2025-07-31 18:13:01,484 INFO  [org.apa.kaf.cli.con.int.ConsumerCoordinator] (Thread-711) [Consumer clientId=consumer-Consumer-topic-96ae8260_8682_48c7_8b3a_699dcb9f6ed0-15, groupId=Consumer-topic-96ae8260_8682_48c7_8b3a_699dcb9f6ed0] Request joining group due to: need to re-join with the given member-id: consumer-Consumer-topic-96ae8260_8682_48c7_8b3a_699dcb9f6ed0-15-7e37048c-ece3-4714-b1cc-43e8f69260b2
2025-07-31 18:13:01,484 INFO  [org.apa.kaf.cli.con.int.ConsumerCoordinator] (Thread-711) [Consumer clientId=consumer-Consumer-topic-96ae8260_8682_48c7_8b3a_699dcb9f6ed0-15, groupId=Consumer-topic-96ae8260_8682_48c7_8b3a_699dcb9f6ed0] (Re-)joining group
2025-07-31 18:13:01,486 INFO  [org.apa.kaf.cli.con.int.ConsumerCoordinator] (Thread-711) [Consumer clientId=consumer-Consumer-topic-96ae8260_8682_48c7_8b3a_699dcb9f6ed0-15, groupId=Consumer-topic-96ae8260_8682_48c7_8b3a_699dcb9f6ed0] Successfully joined group with generation Generation{generationId=1, memberId='consumer-Consumer-topic-96ae8260_8682_48c7_8b3a_699dcb9f6ed0-15-7e37048c-ece3-4714-b1cc-43e8f69260b2', protocol='range'}
2025-07-31 18:13:01,486 INFO  [org.apa.kaf.cli.con.int.ConsumerCoordinator] (Thread-711) [Consumer clientId=consumer-Consumer-topic-96ae8260_8682_48c7_8b3a_699dcb9f6ed0-15, groupId=Consumer-topic-96ae8260_8682_48c7_8b3a_699dcb9f6ed0] Finished assignment for group at generation 1: {consumer-Consumer-topic-96ae8260_8682_48c7_8b3a_699dcb9f6ed0-15-7e37048c-ece3-4714-b1cc-43e8f69260b2=Assignment(partitions=[topic-96ae8260_8682_48c7_8b3a_699dcb9f6ed0-0])}
2025-07-31 18:13:01,488 INFO  [org.apa.kaf.cli.con.int.ConsumerCoordinator] (Thread-711) [Consumer clientId=consumer-Consumer-topic-96ae8260_8682_48c7_8b3a_699dcb9f6ed0-15, groupId=Consumer-topic-96ae8260_8682_48c7_8b3a_699dcb9f6ed0] Successfully synced group in generation Generation{generationId=1, memberId='consumer-Consumer-topic-96ae8260_8682_48c7_8b3a_699dcb9f6ed0-15-7e37048c-ece3-4714-b1cc-43e8f69260b2', protocol='range'}
2025-07-31 18:13:01,488 INFO  [org.apa.kaf.cli.con.int.ConsumerCoordinator] (Thread-711) [Consumer clientId=consumer-Consumer-topic-96ae8260_8682_48c7_8b3a_699dcb9f6ed0-15, groupId=Consumer-topic-96ae8260_8682_48c7_8b3a_699dcb9f6ed0] Notifying assignor about the new Assignment(partitions=[topic-96ae8260_8682_48c7_8b3a_699dcb9f6ed0-0])
2025-07-31 18:13:01,488 INFO  [org.apa.kaf.cli.con.int.ConsumerRebalanceListenerInvoker] (Thread-711) [Consumer clientId=consumer-Consumer-topic-96ae8260_8682_48c7_8b3a_699dcb9f6ed0-15, groupId=Consumer-topic-96ae8260_8682_48c7_8b3a_699dcb9f6ed0] Adding newly assigned partitions: topic-96ae8260_8682_48c7_8b3a_699dcb9f6ed0-0
2025-07-31 18:13:01,489 INFO  [org.apa.kaf.cli.con.int.ConsumerCoordinator] (Thread-711) [Consumer clientId=consumer-Consumer-topic-96ae8260_8682_48c7_8b3a_699dcb9f6ed0-15, groupId=Consumer-topic-96ae8260_8682_48c7_8b3a_699dcb9f6ed0] Found no committed offset for partition topic-96ae8260_8682_48c7_8b3a_699dcb9f6ed0-0
2025-07-31 18:13:01,493 INFO  [org.apa.kaf.cli.con.int.SubscriptionState] (Thread-711) [Consumer clientId=consumer-Consumer-topic-96ae8260_8682_48c7_8b3a_699dcb9f6ed0-15, groupId=Consumer-topic-96ae8260_8682_48c7_8b3a_699dcb9f6ed0] Resetting offset for partition topic-96ae8260_8682_48c7_8b3a_699dcb9f6ed0-0 to position FetchPosition{offset=0, offsetEpoch=Optional.empty, currentLeader=LeaderAndEpoch{leader=Optional[localhost:32770 (id: 0 rack: null)], epoch=0}}.
2025-07-31 18:13:01,538 INFO  [io.api.tes.ser.api.KafkaSerdesTester] (Thread-711) topic-96ae8260_8682_48c7_8b3a_699dcb9f6ed0 0 0 {"key11753985579651": "value-0"}
2025-07-31 18:13:01,538 INFO  [io.api.tes.ser.api.KafkaSerdesTester] (Thread-711) topic-96ae8260_8682_48c7_8b3a_699dcb9f6ed0 0 1 {"key11753985579651": "value-1"}
2025-07-31 18:13:01,539 INFO  [io.api.tes.ser.api.KafkaSerdesTester] (Thread-711) topic-96ae8260_8682_48c7_8b3a_699dcb9f6ed0 0 2 {"key11753985579651": "value-2"}
2025-07-31 18:13:01,539 INFO  [io.api.tes.ser.api.KafkaSerdesTester] (Thread-711) topic-96ae8260_8682_48c7_8b3a_699dcb9f6ed0 0 3 {"key11753985579651": "value-3"}
2025-07-31 18:13:01,539 INFO  [io.api.tes.ser.api.KafkaSerdesTester] (Thread-711) topic-96ae8260_8682_48c7_8b3a_699dcb9f6ed0 0 4 {"key11753985579651": "value-4"}
2025-07-31 18:13:01,539 INFO  [io.api.tes.ser.api.KafkaSerdesTester] (Thread-711) topic-96ae8260_8682_48c7_8b3a_699dcb9f6ed0 0 5 {"key11753985579651": "value-5"}
2025-07-31 18:13:01,539 INFO  [io.api.tes.ser.api.KafkaSerdesTester] (Thread-711) topic-96ae8260_8682_48c7_8b3a_699dcb9f6ed0 0 6 {"key11753985579651": "value-6"}
2025-07-31 18:13:01,539 INFO  [io.api.tes.ser.api.KafkaSerdesTester] (Thread-711) topic-96ae8260_8682_48c7_8b3a_699dcb9f6ed0 0 7 {"key11753985579651": "value-7"}
2025-07-31 18:13:01,539 INFO  [io.api.tes.ser.api.KafkaSerdesTester] (Thread-711) topic-96ae8260_8682_48c7_8b3a_699dcb9f6ed0 0 8 {"key11753985579651": "value-8"}
2025-07-31 18:13:01,539 INFO  [io.api.tes.ser.api.KafkaSerdesTester] (Thread-711) topic-96ae8260_8682_48c7_8b3a_699dcb9f6ed0 0 9 {"key11753985579651": "value-9"}
2025-07-31 18:13:01,539 INFO  [io.api.tes.ser.api.KafkaSerdesTester] (Thread-711) Consumed 10 messages
2025-07-31 18:13:01,541 INFO  [org.apa.kaf.cli.con.int.ConsumerRebalanceListenerInvoker] (Thread-711) [Consumer clientId=consumer-Consumer-topic-96ae8260_8682_48c7_8b3a_699dcb9f6ed0-15, groupId=Consumer-topic-96ae8260_8682_48c7_8b3a_699dcb9f6ed0] Revoke previously assigned partitions topic-96ae8260_8682_48c7_8b3a_699dcb9f6ed0-0
2025-07-31 18:13:01,541 INFO  [org.apa.kaf.cli.con.int.ConsumerCoordinator] (Thread-711) [Consumer clientId=consumer-Consumer-topic-96ae8260_8682_48c7_8b3a_699dcb9f6ed0-15, groupId=Consumer-topic-96ae8260_8682_48c7_8b3a_699dcb9f6ed0] Member consumer-Consumer-topic-96ae8260_8682_48c7_8b3a_699dcb9f6ed0-15-7e37048c-ece3-4714-b1cc-43e8f69260b2 sending LeaveGroup request to coordinator localhost:32770 (id: 2147483647 rack: null) due to the consumer is being closed
2025-07-31 18:13:01,541 INFO  [org.apa.kaf.cli.con.int.ConsumerCoordinator] (Thread-711) [Consumer clientId=consumer-Consumer-topic-96ae8260_8682_48c7_8b3a_699dcb9f6ed0-15, groupId=Consumer-topic-96ae8260_8682_48c7_8b3a_699dcb9f6ed0] Resetting generation and member id due to: consumer pro-actively leaving the group
2025-07-31 18:13:01,541 INFO  [org.apa.kaf.cli.con.int.ConsumerCoordinator] (Thread-711) [Consumer clientId=consumer-Consumer-topic-96ae8260_8682_48c7_8b3a_699dcb9f6ed0-15, groupId=Consumer-topic-96ae8260_8682_48c7_8b3a_699dcb9f6ed0] Request joining group due to: consumer pro-actively leaving the group
2025-07-31 18:13:02,040 INFO  [org.apa.kaf.com.met.Metrics] (Thread-711) Metrics scheduler closed
2025-07-31 18:13:02,040 INFO  [org.apa.kaf.com.met.Metrics] (Thread-711) Closing reporter org.apache.kafka.common.metrics.JmxReporter
2025-07-31 18:13:02,040 INFO  [org.apa.kaf.com.met.Metrics] (Thread-711) Closing reporter org.apache.kafka.common.telemetry.internals.ClientTelemetryReporter
2025-07-31 18:13:02,040 INFO  [org.apa.kaf.com.met.Metrics] (Thread-711) Metrics reporters closed
2025-07-31 18:13:02,042 INFO  [org.apa.kaf.com.uti.AppInfoParser] (Thread-711) App info kafka.consumer for consumer-Consumer-topic-96ae8260_8682_48c7_8b3a_699dcb9f6ed0-15 unregistered
2025-07-31 18:13:02,043 INFO  [org.apa.kaf.cli.con.int.ClassicKafkaConsumer] (Thread-712) [Consumer clientId=consumer-Consumer-topic-fbecb44b_d9dc_4a9f_8679_d5087960c09c-16, groupId=Consumer-topic-fbecb44b_d9dc_4a9f_8679_d5087960c09c] Subscribed to topic(s): topic-fbecb44b_d9dc_4a9f_8679_d5087960c09c
2025-07-31 18:13:02,048 INFO  [org.apa.kaf.cli.Metadata] (Thread-712) [Consumer clientId=consumer-Consumer-topic-fbecb44b_d9dc_4a9f_8679_d5087960c09c-16, groupId=Consumer-topic-fbecb44b_d9dc_4a9f_8679_d5087960c09c] Cluster ID: Pi_RUBSBSj-WuHInrGEQ6g
2025-07-31 18:13:02,049 INFO  [org.apa.kaf.cli.con.int.ConsumerCoordinator] (Thread-712) [Consumer clientId=consumer-Consumer-topic-fbecb44b_d9dc_4a9f_8679_d5087960c09c-16, groupId=Consumer-topic-fbecb44b_d9dc_4a9f_8679_d5087960c09c] Discovered group coordinator localhost:32770 (id: 2147483647 rack: null)
2025-07-31 18:13:02,051 INFO  [org.apa.kaf.cli.con.int.ConsumerCoordinator] (Thread-712) [Consumer clientId=consumer-Consumer-topic-fbecb44b_d9dc_4a9f_8679_d5087960c09c-16, groupId=Consumer-topic-fbecb44b_d9dc_4a9f_8679_d5087960c09c] (Re-)joining group
2025-07-31 18:13:02,053 INFO  [org.apa.kaf.cli.con.int.ConsumerCoordinator] (Thread-712) [Consumer clientId=consumer-Consumer-topic-fbecb44b_d9dc_4a9f_8679_d5087960c09c-16, groupId=Consumer-topic-fbecb44b_d9dc_4a9f_8679_d5087960c09c] Request joining group due to: need to re-join with the given member-id: consumer-Consumer-topic-fbecb44b_d9dc_4a9f_8679_d5087960c09c-16-8a1e39dd-9f68-4157-b07c-da9a91f64ae1
2025-07-31 18:13:02,053 INFO  [org.apa.kaf.cli.con.int.ConsumerCoordinator] (Thread-712) [Consumer clientId=consumer-Consumer-topic-fbecb44b_d9dc_4a9f_8679_d5087960c09c-16, groupId=Consumer-topic-fbecb44b_d9dc_4a9f_8679_d5087960c09c] (Re-)joining group
2025-07-31 18:13:02,054 INFO  [org.apa.kaf.cli.con.int.ConsumerCoordinator] (Thread-712) [Consumer clientId=consumer-Consumer-topic-fbecb44b_d9dc_4a9f_8679_d5087960c09c-16, groupId=Consumer-topic-fbecb44b_d9dc_4a9f_8679_d5087960c09c] Successfully joined group with generation Generation{generationId=1, memberId='consumer-Consumer-topic-fbecb44b_d9dc_4a9f_8679_d5087960c09c-16-8a1e39dd-9f68-4157-b07c-da9a91f64ae1', protocol='range'}
2025-07-31 18:13:02,055 INFO  [org.apa.kaf.cli.con.int.ConsumerCoordinator] (Thread-712) [Consumer clientId=consumer-Consumer-topic-fbecb44b_d9dc_4a9f_8679_d5087960c09c-16, groupId=Consumer-topic-fbecb44b_d9dc_4a9f_8679_d5087960c09c] Finished assignment for group at generation 1: {consumer-Consumer-topic-fbecb44b_d9dc_4a9f_8679_d5087960c09c-16-8a1e39dd-9f68-4157-b07c-da9a91f64ae1=Assignment(partitions=[topic-fbecb44b_d9dc_4a9f_8679_d5087960c09c-0])}
2025-07-31 18:13:02,056 INFO  [org.apa.kaf.cli.con.int.ConsumerCoordinator] (Thread-712) [Consumer clientId=consumer-Consumer-topic-fbecb44b_d9dc_4a9f_8679_d5087960c09c-16, groupId=Consumer-topic-fbecb44b_d9dc_4a9f_8679_d5087960c09c] Successfully synced group in generation Generation{generationId=1, memberId='consumer-Consumer-topic-fbecb44b_d9dc_4a9f_8679_d5087960c09c-16-8a1e39dd-9f68-4157-b07c-da9a91f64ae1', protocol='range'}
2025-07-31 18:13:02,056 INFO  [org.apa.kaf.cli.con.int.ConsumerCoordinator] (Thread-712) [Consumer clientId=consumer-Consumer-topic-fbecb44b_d9dc_4a9f_8679_d5087960c09c-16, groupId=Consumer-topic-fbecb44b_d9dc_4a9f_8679_d5087960c09c] Notifying assignor about the new Assignment(partitions=[topic-fbecb44b_d9dc_4a9f_8679_d5087960c09c-0])
2025-07-31 18:13:02,056 INFO  [org.apa.kaf.cli.con.int.ConsumerRebalanceListenerInvoker] (Thread-712) [Consumer clientId=consumer-Consumer-topic-fbecb44b_d9dc_4a9f_8679_d5087960c09c-16, groupId=Consumer-topic-fbecb44b_d9dc_4a9f_8679_d5087960c09c] Adding newly assigned partitions: topic-fbecb44b_d9dc_4a9f_8679_d5087960c09c-0
2025-07-31 18:13:02,057 INFO  [org.apa.kaf.cli.con.int.ConsumerCoordinator] (Thread-712) [Consumer clientId=consumer-Consumer-topic-fbecb44b_d9dc_4a9f_8679_d5087960c09c-16, groupId=Consumer-topic-fbecb44b_d9dc_4a9f_8679_d5087960c09c] Found no committed offset for partition topic-fbecb44b_d9dc_4a9f_8679_d5087960c09c-0
2025-07-31 18:13:02,061 INFO  [org.apa.kaf.cli.con.int.SubscriptionState] (Thread-712) [Consumer clientId=consumer-Consumer-topic-fbecb44b_d9dc_4a9f_8679_d5087960c09c-16, groupId=Consumer-topic-fbecb44b_d9dc_4a9f_8679_d5087960c09c] Resetting offset for partition topic-fbecb44b_d9dc_4a9f_8679_d5087960c09c-0 to position FetchPosition{offset=0, offsetEpoch=Optional.empty, currentLeader=LeaderAndEpoch{leader=Optional[localhost:32770 (id: 0 rack: null)], epoch=0}}.
2025-07-31 18:13:02,097 INFO  [io.api.tes.ser.api.KafkaSerdesTester] (Thread-712) topic-fbecb44b_d9dc_4a9f_8679_d5087960c09c 0 0 {"key11753985579651": "value-0"}
2025-07-31 18:13:02,097 INFO  [io.api.tes.ser.api.KafkaSerdesTester] (Thread-712) topic-fbecb44b_d9dc_4a9f_8679_d5087960c09c 0 1 {"key11753985579651": "value-1"}
2025-07-31 18:13:02,097 INFO  [io.api.tes.ser.api.KafkaSerdesTester] (Thread-712) topic-fbecb44b_d9dc_4a9f_8679_d5087960c09c 0 2 {"key11753985579651": "value-2"}
2025-07-31 18:13:02,097 INFO  [io.api.tes.ser.api.KafkaSerdesTester] (Thread-712) topic-fbecb44b_d9dc_4a9f_8679_d5087960c09c 0 3 {"key11753985579651": "value-3"}
2025-07-31 18:13:02,097 INFO  [io.api.tes.ser.api.KafkaSerdesTester] (Thread-712) topic-fbecb44b_d9dc_4a9f_8679_d5087960c09c 0 4 {"key11753985579651": "value-4"}
2025-07-31 18:13:02,097 INFO  [io.api.tes.ser.api.KafkaSerdesTester] (Thread-712) topic-fbecb44b_d9dc_4a9f_8679_d5087960c09c 0 5 {"key11753985579651": "value-5"}
2025-07-31 18:13:02,097 INFO  [io.api.tes.ser.api.KafkaSerdesTester] (Thread-712) topic-fbecb44b_d9dc_4a9f_8679_d5087960c09c 0 6 {"key11753985579651": "value-6"}
2025-07-31 18:13:02,097 INFO  [io.api.tes.ser.api.KafkaSerdesTester] (Thread-712) topic-fbecb44b_d9dc_4a9f_8679_d5087960c09c 0 7 {"key11753985579651": "value-7"}
2025-07-31 18:13:02,097 INFO  [io.api.tes.ser.api.KafkaSerdesTester] (Thread-712) topic-fbecb44b_d9dc_4a9f_8679_d5087960c09c 0 8 {"key11753985579651": "value-8"}
2025-07-31 18:13:02,097 INFO  [io.api.tes.ser.api.KafkaSerdesTester] (Thread-712) topic-fbecb44b_d9dc_4a9f_8679_d5087960c09c 0 9 {"key11753985579651": "value-9"}
2025-07-31 18:13:02,097 INFO  [io.api.tes.ser.api.KafkaSerdesTester] (Thread-712) Consumed 10 messages
2025-07-31 18:13:02,101 INFO  [org.apa.kaf.cli.con.int.ConsumerRebalanceListenerInvoker] (Thread-712) [Consumer clientId=consumer-Consumer-topic-fbecb44b_d9dc_4a9f_8679_d5087960c09c-16, groupId=Consumer-topic-fbecb44b_d9dc_4a9f_8679_d5087960c09c] Revoke previously assigned partitions topic-fbecb44b_d9dc_4a9f_8679_d5087960c09c-0
2025-07-31 18:13:02,101 INFO  [org.apa.kaf.cli.con.int.ConsumerCoordinator] (Thread-712) [Consumer clientId=consumer-Consumer-topic-fbecb44b_d9dc_4a9f_8679_d5087960c09c-16, groupId=Consumer-topic-fbecb44b_d9dc_4a9f_8679_d5087960c09c] Member consumer-Consumer-topic-fbecb44b_d9dc_4a9f_8679_d5087960c09c-16-8a1e39dd-9f68-4157-b07c-da9a91f64ae1 sending LeaveGroup request to coordinator localhost:32770 (id: 2147483647 rack: null) due to the consumer is being closed
2025-07-31 18:13:02,101 INFO  [org.apa.kaf.cli.con.int.ConsumerCoordinator] (Thread-712) [Consumer clientId=consumer-Consumer-topic-fbecb44b_d9dc_4a9f_8679_d5087960c09c-16, groupId=Consumer-topic-fbecb44b_d9dc_4a9f_8679_d5087960c09c] Resetting generation and member id due to: consumer pro-actively leaving the group
2025-07-31 18:13:02,101 INFO  [org.apa.kaf.cli.con.int.ConsumerCoordinator] (Thread-712) [Consumer clientId=consumer-Consumer-topic-fbecb44b_d9dc_4a9f_8679_d5087960c09c-16, groupId=Consumer-topic-fbecb44b_d9dc_4a9f_8679_d5087960c09c] Request joining group due to: consumer pro-actively leaving the group
2025-07-31 18:13:02,602 INFO  [org.apa.kaf.com.met.Metrics] (Thread-712) Metrics scheduler closed
2025-07-31 18:13:02,602 INFO  [org.apa.kaf.com.met.Metrics] (Thread-712) Closing reporter org.apache.kafka.common.metrics.JmxReporter
2025-07-31 18:13:02,602 INFO  [org.apa.kaf.com.met.Metrics] (Thread-712) Closing reporter org.apache.kafka.common.telemetry.internals.ClientTelemetryReporter
2025-07-31 18:13:02,602 INFO  [org.apa.kaf.com.met.Metrics] (Thread-712) Metrics reporters closed
2025-07-31 18:13:02,605 INFO  [org.apa.kaf.com.uti.AppInfoParser] (Thread-712) App info kafka.consumer for consumer-Consumer-topic-fbecb44b_d9dc_4a9f_8679_d5087960c09c-16 unregistered
2025-07-31 18:13:02,605 INFO  [io.api.tes.uti.TestSeparator] (main) io.apicurio.tests.serdes.apicurio.AvroSerdeIT.testAvroConfluentForMultipleTopics-FINISHED
2025-07-31 18:13:02,605 INFO  [io.api.tes.uti.TestSeparator] (main) ############################################################################
Test passed: testAvroConfluentForMultipleTopics
]]></system-out>
  </testcase>
  <testcase name="testFirstRequestFailsRateLimited" classname="io.apicurio.tests.serdes.apicurio.AvroSerdeIT" time="1.094">
    <system-out><![CDATA[2025-07-31 18:13:02,607 INFO  [io.api.tes.uti.TestSeparator] (main) ############################################################################
2025-07-31 18:13:02,607 INFO  [io.api.tes.uti.TestSeparator] (main) io.apicurio.tests.serdes.apicurio.AvroSerdeIT.testFirstRequestFailsRateLimited-STARTED
2025-07-31 18:13:03,164 WARN  [org.ecl.jet.ser.AbstractConnector] (main) Acceptors should be <= availableProcessors: NetworkTrafficServerConnector@1861c4a9{HTTP/1.1, (http/1.1, h2c)}{0.0.0.0:0} 
2025-07-31 18:13:03,272 INFO  [org.ecl.jet.ser.Server] (main) jetty-11.0.15; built: 2023-04-11T18:37:53.775Z; git: 5bc5e562c8d05c5862505aebe5cf83a61bdbcb96; jvm 17.0.16+8
2025-07-31 18:13:03,294 INFO  [org.ecl.jet.ser.han.ContextHandler] (main) Started o.e.j.s.ServletContextHandler@474c8dec{/__admin,null,AVAILABLE}
2025-07-31 18:13:03,302 INFO  [org.ecl.jet.ser.han.Con.ROOT] (main) RequestHandlerClass from context returned com.github.tomakehurst.wiremock.http.StubRequestHandler. Normalized mapped under returned 'null'
2025-07-31 18:13:03,303 INFO  [org.ecl.jet.ser.han.ContextHandler] (main) Started o.e.j.s.ServletContextHandler@c9ebdb{/,null,AVAILABLE}
2025-07-31 18:13:03,309 INFO  [org.ecl.jet.ser.AbstractConnector] (main) Started NetworkTrafficServerConnector@1861c4a9{HTTP/1.1, (http/1.1, h2c)}{0.0.0.0:36191}
2025-07-31 18:13:03,313 INFO  [org.ecl.jet.ser.Server] (main) Started Server@2640893e{STARTING}[11.0.15,sto=1000] @58642ms
**** Registry Base URL: http://registry-app-inmemory.apps.ci419.apicurio-testing.org:80
2025-07-31 18:13:03,322 INFO  [org.apa.kaf.cli.pro.ProducerConfig] (main) ProducerConfig values: 
	acks = -1
	auto.include.jmx.reporter = true
	batch.size = 16384
	bootstrap.servers = [PLAINTEXT://localhost:32770]
	buffer.memory = 33554432
	client.dns.lookup = use_all_dns_ips
	client.id = Producer-topic-38cc0d0d_d138_4e22_95f6_a84f4c51e656
	compression.gzip.level = -1
	compression.lz4.level = 9
	compression.type = none
	compression.zstd.level = 3
	connections.max.idle.ms = 10000
	delivery.timeout.ms = 120000
	enable.idempotence = true
	enable.metrics.push = true
	interceptor.classes = []
	key.serializer = class org.apache.kafka.common.serialization.StringSerializer
	linger.ms = 0
	max.block.ms = 60000
	max.in.flight.requests.per.connection = 5
	max.request.size = 1048576
	metadata.max.age.ms = 300000
	metadata.max.idle.ms = 300000
	metadata.recovery.strategy = none
	metric.reporters = []
	metrics.num.samples = 2
	metrics.recording.level = INFO
	metrics.sample.window.ms = 30000
	partitioner.adaptive.partitioning.enable = true
	partitioner.availability.timeout.ms = 0
	partitioner.class = null
	partitioner.ignore.keys = false
	receive.buffer.bytes = 32768
	reconnect.backoff.max.ms = 1000
	reconnect.backoff.ms = 50
	request.timeout.ms = 5000
	retries = 2147483647
	retry.backoff.max.ms = 1000
	retry.backoff.ms = 100
	sasl.client.callback.handler.class = null
	sasl.jaas.config = null
	sasl.kerberos.kinit.cmd = /usr/bin/kinit
	sasl.kerberos.min.time.before.relogin = 60000
	sasl.kerberos.service.name = null
	sasl.kerberos.ticket.renew.jitter = 0.05
	sasl.kerberos.ticket.renew.window.factor = 0.8
	sasl.login.callback.handler.class = null
	sasl.login.class = null
	sasl.login.connect.timeout.ms = null
	sasl.login.read.timeout.ms = null
	sasl.login.refresh.buffer.seconds = 300
	sasl.login.refresh.min.period.seconds = 60
	sasl.login.refresh.window.factor = 0.8
	sasl.login.refresh.window.jitter = 0.05
	sasl.login.retry.backoff.max.ms = 10000
	sasl.login.retry.backoff.ms = 100
	sasl.mechanism = GSSAPI
	sasl.oauthbearer.clock.skew.seconds = 30
	sasl.oauthbearer.expected.audience = null
	sasl.oauthbearer.expected.issuer = null
	sasl.oauthbearer.header.urlencode = false
	sasl.oauthbearer.jwks.endpoint.refresh.ms = 3600000
	sasl.oauthbearer.jwks.endpoint.retry.backoff.max.ms = 10000
	sasl.oauthbearer.jwks.endpoint.retry.backoff.ms = 100
	sasl.oauthbearer.jwks.endpoint.url = null
	sasl.oauthbearer.scope.claim.name = scope
	sasl.oauthbearer.sub.claim.name = sub
	sasl.oauthbearer.token.endpoint.url = null
	security.protocol = PLAINTEXT
	security.providers = null
	send.buffer.bytes = 131072
	socket.connection.setup.timeout.max.ms = 30000
	socket.connection.setup.timeout.ms = 10000
	ssl.cipher.suites = null
	ssl.enabled.protocols = [TLSv1.2, TLSv1.3]
	ssl.endpoint.identification.algorithm = https
	ssl.engine.factory.class = null
	ssl.key.password = null
	ssl.keymanager.algorithm = SunX509
	ssl.keystore.certificate.chain = null
	ssl.keystore.key = null
	ssl.keystore.location = null
	ssl.keystore.password = null
	ssl.keystore.type = JKS
	ssl.protocol = TLSv1.3
	ssl.provider = null
	ssl.secure.random.implementation = null
	ssl.trustmanager.algorithm = PKIX
	ssl.truststore.certificates = null
	ssl.truststore.location = null
	ssl.truststore.password = null
	ssl.truststore.type = JKS
	transaction.timeout.ms = 60000
	transactional.id = null
	value.serializer = class io.apicurio.registry.serde.avro.AvroKafkaSerializer

2025-07-31 18:13:03,326 INFO  [org.apa.kaf.com.tel.int.KafkaMetricsCollector] (main) initializing Kafka metrics collector
2025-07-31 18:13:03,340 INFO  [org.apa.kaf.cli.pro.KafkaProducer] (main) [Producer clientId=Producer-topic-38cc0d0d_d138_4e22_95f6_a84f4c51e656] Instantiated an idempotent producer.
2025-07-31 18:13:03,347 INFO  [org.apa.kaf.cli.pro.ProducerConfig] (main) These configurations '[apicurio.registry.url, apicurio.registry.artifact-resolver-strategy]' were supplied but are not used yet.
2025-07-31 18:13:03,347 INFO  [org.apa.kaf.com.uti.AppInfoParser] (main) Kafka version: 3.9.1
2025-07-31 18:13:03,347 INFO  [org.apa.kaf.com.uti.AppInfoParser] (main) Kafka commitId: f745dfdcee2b9851
2025-07-31 18:13:03,347 INFO  [org.apa.kaf.com.uti.AppInfoParser] (main) Kafka startTimeMs: 1753985583347
2025-07-31 18:13:03,352 INFO  [io.api.tes.ser.api.KafkaSerdesTester] (Thread-723) Sending message {"keyB": "value-0"} to topic topic-38cc0d0d_d138_4e22_95f6_a84f4c51e656
2025-07-31 18:13:03,358 WARN  [org.apa.kaf.cli.NetworkClient] (kafka-producer-network-thread | Producer-topic-38cc0d0d_d138_4e22_95f6_a84f4c51e656) [Producer clientId=Producer-topic-38cc0d0d_d138_4e22_95f6_a84f4c51e656] The metadata response from the cluster reported a recoverable issue with correlation id 2 : {topic-38cc0d0d_d138_4e22_95f6_a84f4c51e656=LEADER_NOT_AVAILABLE}
2025-07-31 18:13:03,358 INFO  [org.apa.kaf.cli.Metadata] (kafka-producer-network-thread | Producer-topic-38cc0d0d_d138_4e22_95f6_a84f4c51e656) [Producer clientId=Producer-topic-38cc0d0d_d138_4e22_95f6_a84f4c51e656] Cluster ID: Pi_RUBSBSj-WuHInrGEQ6g
2025-07-31 18:13:03,362 INFO  [org.apa.kaf.cli.pro.int.TransactionManager] (kafka-producer-network-thread | Producer-topic-38cc0d0d_d138_4e22_95f6_a84f4c51e656) [Producer clientId=Producer-topic-38cc0d0d_d138_4e22_95f6_a84f4c51e656] ProducerId set to 22 with epoch 0
2025-07-31 18:13:03,478 INFO  [DefaultSchemaResolver] (Thread-723) Retrieving schema content using string: {"type":"record","name":"myrecord","namespace":"mygroup","fields":[{"name":"keyB","type":"string"}]}
2025-07-31 18:13:03,675 INFO  [org.apa.kaf.cli.pro.KafkaProducer] (Thread-723) [Producer clientId=Producer-topic-38cc0d0d_d138_4e22_95f6_a84f4c51e656] Closing the Kafka producer with timeoutMillis = 9223372036854775807 ms.
2025-07-31 18:13:03,680 INFO  [org.apa.kaf.com.met.Metrics] (Thread-723) Metrics scheduler closed
2025-07-31 18:13:03,680 INFO  [org.apa.kaf.com.met.Metrics] (Thread-723) Closing reporter org.apache.kafka.common.metrics.JmxReporter
2025-07-31 18:13:03,680 INFO  [org.apa.kaf.com.met.Metrics] (Thread-723) Closing reporter org.apache.kafka.common.telemetry.internals.ClientTelemetryReporter
2025-07-31 18:13:03,680 INFO  [org.apa.kaf.com.met.Metrics] (Thread-723) Metrics reporters closed
2025-07-31 18:13:03,680 INFO  [org.apa.kaf.com.uti.AppInfoParser] (Thread-723) App info kafka.producer for Producer-topic-38cc0d0d_d138_4e22_95f6_a84f4c51e656 unregistered
2025-07-31 18:13:03,687 INFO  [org.ecl.jet.ser.Server] (main) Stopped Server@2640893e{STOPPING}[11.0.15,sto=1000]
2025-07-31 18:13:03,688 INFO  [org.ecl.jet.ser.Server] (main) Shutdown Server@2640893e{STOPPING}[11.0.15,sto=1000]
2025-07-31 18:13:03,696 INFO  [org.ecl.jet.ser.AbstractConnector] (main) Stopped NetworkTrafficServerConnector@1861c4a9{HTTP/1.1, (http/1.1, h2c)}{0.0.0.0:0}
2025-07-31 18:13:03,697 INFO  [org.ecl.jet.ser.han.ContextHandler] (main) Stopped o.e.j.s.ServletContextHandler@c9ebdb{/,null,STOPPED}
2025-07-31 18:13:03,698 INFO  [org.ecl.jet.ser.han.ContextHandler] (main) Stopped o.e.j.s.ServletContextHandler@474c8dec{/__admin,null,STOPPED}
2025-07-31 18:13:03,700 INFO  [io.api.tes.uti.TestSeparator] (main) io.apicurio.tests.serdes.apicurio.AvroSerdeIT.testFirstRequestFailsRateLimited-FINISHED
2025-07-31 18:13:03,700 INFO  [io.api.tes.uti.TestSeparator] (main) ############################################################################
Test passed: testFirstRequestFailsRateLimited
]]></system-out>
    <system-err><![CDATA[com.microsoft.kiota.ApiException: the server returned an unexpected status code and no error class is registered for this code 429
	at com.microsoft.kiota.ApiExceptionBuilder.withMessage(ApiExceptionBuilder.java:45)
	at io.kiota.http.vertx.VertXRequestAdapter.throwIfFailedResponse(VertXRequestAdapter.java:370)
	at io.kiota.http.vertx.VertXRequestAdapter.send(VertXRequestAdapter.java:170)
	at io.apicurio.registry.rest.client.search.versions.VersionsRequestBuilder.post(VersionsRequestBuilder.java:94)
	at io.apicurio.registry.resolver.client.RegistryClientFacadeImpl.searchVersionsByContent(RegistryClientFacadeImpl.java:104)
	at io.apicurio.registry.resolver.DefaultSchemaResolver.lambda$handleResolveSchemaByContent$3(DefaultSchemaResolver.java:258)
	at io.apicurio.registry.resolver.cache.ERCache.lambda$getValue$0(ERCache.java:174)
	at io.apicurio.registry.resolver.cache.ERCache.retry(ERCache.java:227)
	at io.apicurio.registry.resolver.cache.ERCache.getValue(ERCache.java:173)
	at io.apicurio.registry.resolver.cache.ERCache.getByContent(ERCache.java:147)
	at io.apicurio.registry.resolver.DefaultSchemaResolver.handleResolveSchemaByContent(DefaultSchemaResolver.java:253)
	at io.apicurio.registry.resolver.DefaultSchemaResolver.getSchemaFromRegistry(DefaultSchemaResolver.java:138)
	at io.apicurio.registry.resolver.DefaultSchemaResolver.lambda$resolveSchema$0(DefaultSchemaResolver.java:84)
	at java.base/java.util.Optional.orElseGet(Optional.java:364)
	at io.apicurio.registry.resolver.DefaultSchemaResolver.resolveSchema(DefaultSchemaResolver.java:84)
	at io.apicurio.registry.serde.AbstractSerializer.serializeData(AbstractSerializer.java:62)
	at io.apicurio.registry.serde.KafkaSerializer.serialize(KafkaSerializer.java:77)
	at org.apache.kafka.clients.producer.KafkaProducer.doSend(KafkaProducer.java:1046)
	at org.apache.kafka.clients.producer.KafkaProducer.send(KafkaProducer.java:993)
	at org.apache.kafka.clients.producer.KafkaProducer.send(KafkaProducer.java:875)
	at io.apicurio.tests.serdes.apicurio.KafkaSerdesTester.lambda$produceMessages$3(KafkaSerdesTester.java:138)
	at java.base/java.util.concurrent.CompletableFuture$AsyncSupply.run(CompletableFuture.java:1768)
	at java.base/java.lang.Thread.run(Thread.java:840)
]]></system-err>
  </testcase>
  <testcase name="testFirstEmptyFieldConfusedAsMagicByte" classname="io.apicurio.tests.serdes.apicurio.AvroSerdeIT" time="0.83">
    <system-out><![CDATA[2025-07-31 18:13:03,705 INFO  [io.api.tes.uti.TestSeparator] (main) ############################################################################
2025-07-31 18:13:03,705 INFO  [io.api.tes.uti.TestSeparator] (main) io.apicurio.tests.serdes.apicurio.AvroSerdeIT.testFirstEmptyFieldConfusedAsMagicByte-STARTED
**** Registry Base URL: http://registry-app-inmemory.apps.ci419.apicurio-testing.org:80
2025-07-31 18:13:03,710 INFO  [org.apa.kaf.cli.pro.ProducerConfig] (main) ProducerConfig values: 
	acks = -1
	auto.include.jmx.reporter = true
	batch.size = 16384
	bootstrap.servers = [PLAINTEXT://localhost:32770]
	buffer.memory = 33554432
	client.dns.lookup = use_all_dns_ips
	client.id = Producer-topic-c2736685_e599_423d_b22b_940a507935a1
	compression.gzip.level = -1
	compression.lz4.level = 9
	compression.type = none
	compression.zstd.level = 3
	connections.max.idle.ms = 10000
	delivery.timeout.ms = 120000
	enable.idempotence = true
	enable.metrics.push = true
	interceptor.classes = []
	key.serializer = class org.apache.kafka.common.serialization.StringSerializer
	linger.ms = 0
	max.block.ms = 60000
	max.in.flight.requests.per.connection = 5
	max.request.size = 1048576
	metadata.max.age.ms = 300000
	metadata.max.idle.ms = 300000
	metadata.recovery.strategy = none
	metric.reporters = []
	metrics.num.samples = 2
	metrics.recording.level = INFO
	metrics.sample.window.ms = 30000
	partitioner.adaptive.partitioning.enable = true
	partitioner.availability.timeout.ms = 0
	partitioner.class = null
	partitioner.ignore.keys = false
	receive.buffer.bytes = 32768
	reconnect.backoff.max.ms = 1000
	reconnect.backoff.ms = 50
	request.timeout.ms = 5000
	retries = 2147483647
	retry.backoff.max.ms = 1000
	retry.backoff.ms = 100
	sasl.client.callback.handler.class = null
	sasl.jaas.config = null
	sasl.kerberos.kinit.cmd = /usr/bin/kinit
	sasl.kerberos.min.time.before.relogin = 60000
	sasl.kerberos.service.name = null
	sasl.kerberos.ticket.renew.jitter = 0.05
	sasl.kerberos.ticket.renew.window.factor = 0.8
	sasl.login.callback.handler.class = null
	sasl.login.class = null
	sasl.login.connect.timeout.ms = null
	sasl.login.read.timeout.ms = null
	sasl.login.refresh.buffer.seconds = 300
	sasl.login.refresh.min.period.seconds = 60
	sasl.login.refresh.window.factor = 0.8
	sasl.login.refresh.window.jitter = 0.05
	sasl.login.retry.backoff.max.ms = 10000
	sasl.login.retry.backoff.ms = 100
	sasl.mechanism = GSSAPI
	sasl.oauthbearer.clock.skew.seconds = 30
	sasl.oauthbearer.expected.audience = null
	sasl.oauthbearer.expected.issuer = null
	sasl.oauthbearer.header.urlencode = false
	sasl.oauthbearer.jwks.endpoint.refresh.ms = 3600000
	sasl.oauthbearer.jwks.endpoint.retry.backoff.max.ms = 10000
	sasl.oauthbearer.jwks.endpoint.retry.backoff.ms = 100
	sasl.oauthbearer.jwks.endpoint.url = null
	sasl.oauthbearer.scope.claim.name = scope
	sasl.oauthbearer.sub.claim.name = sub
	sasl.oauthbearer.token.endpoint.url = null
	security.protocol = PLAINTEXT
	security.providers = null
	send.buffer.bytes = 131072
	socket.connection.setup.timeout.max.ms = 30000
	socket.connection.setup.timeout.ms = 10000
	ssl.cipher.suites = null
	ssl.enabled.protocols = [TLSv1.2, TLSv1.3]
	ssl.endpoint.identification.algorithm = https
	ssl.engine.factory.class = null
	ssl.key.password = null
	ssl.keymanager.algorithm = SunX509
	ssl.keystore.certificate.chain = null
	ssl.keystore.key = null
	ssl.keystore.location = null
	ssl.keystore.password = null
	ssl.keystore.type = JKS
	ssl.protocol = TLSv1.3
	ssl.provider = null
	ssl.secure.random.implementation = null
	ssl.trustmanager.algorithm = PKIX
	ssl.truststore.certificates = null
	ssl.truststore.location = null
	ssl.truststore.password = null
	ssl.truststore.type = JKS
	transaction.timeout.ms = 60000
	transactional.id = null
	value.serializer = class io.apicurio.registry.serde.avro.AvroKafkaSerializer

2025-07-31 18:13:03,713 INFO  [org.apa.kaf.com.tel.int.KafkaMetricsCollector] (main) initializing Kafka metrics collector
2025-07-31 18:13:03,722 INFO  [org.apa.kaf.cli.pro.KafkaProducer] (main) [Producer clientId=Producer-topic-c2736685_e599_423d_b22b_940a507935a1] Instantiated an idempotent producer.
2025-07-31 18:13:03,727 INFO  [org.apa.kaf.cli.pro.ProducerConfig] (main) These configurations '[apicurio.registry.url, apicurio.registry.auto-register, apicurio.registry.artifact-resolver-strategy]' were supplied but are not used yet.
2025-07-31 18:13:03,727 INFO  [org.apa.kaf.com.uti.AppInfoParser] (main) Kafka version: 3.9.1
2025-07-31 18:13:03,727 INFO  [org.apa.kaf.com.uti.AppInfoParser] (main) Kafka commitId: f745dfdcee2b9851
2025-07-31 18:13:03,727 INFO  [org.apa.kaf.com.uti.AppInfoParser] (main) Kafka startTimeMs: 1753985583727
2025-07-31 18:13:03,729 INFO  [io.api.tes.ser.api.SimpleSerdesTesterBuilder$SimpleSerdesTester] (main) Using producer configuration: {apicurio.registry.url=http://registry-app-inmemory.apps.ci419.apicurio-testing.org:80/apis/registry/v3, apicurio.registry.auto-register=true, apicurio.registry.artifact-resolver-strategy=io.apicurio.registry.serde.strategy.SimpleTopicIdStrategy, value.serializer=io.apicurio.registry.serde.avro.AvroKafkaSerializer, request.timeout.ms=5000, acks=all, bootstrap.servers=PLAINTEXT://localhost:32770, connections.max.idle.ms=10000, key.serializer=org.apache.kafka.common.serialization.StringSerializer, client.id=Producer-topic-c2736685_e599_423d_b22b_940a507935a1}
2025-07-31 18:13:03,729 INFO  [io.api.tes.ser.api.SimpleSerdesTesterBuilder$SimpleSerdesTester] (main) Using consumer configuration: {}
2025-07-31 18:13:03,729 INFO  [io.api.tes.ser.api.KafkaSerdesTester] (Thread-726) Sending message {"username": null} to topic topic-c2736685_e599_423d_b22b_940a507935a1
2025-07-31 18:13:03,754 WARN  [org.apa.kaf.cli.NetworkClient] (kafka-producer-network-thread | Producer-topic-c2736685_e599_423d_b22b_940a507935a1) [Producer clientId=Producer-topic-c2736685_e599_423d_b22b_940a507935a1] The metadata response from the cluster reported a recoverable issue with correlation id 2 : {topic-c2736685_e599_423d_b22b_940a507935a1=LEADER_NOT_AVAILABLE}
2025-07-31 18:13:03,755 INFO  [org.apa.kaf.cli.Metadata] (kafka-producer-network-thread | Producer-topic-c2736685_e599_423d_b22b_940a507935a1) [Producer clientId=Producer-topic-c2736685_e599_423d_b22b_940a507935a1] Cluster ID: Pi_RUBSBSj-WuHInrGEQ6g
2025-07-31 18:13:03,755 INFO  [org.apa.kaf.cli.pro.int.TransactionManager] (kafka-producer-network-thread | Producer-topic-c2736685_e599_423d_b22b_940a507935a1) [Producer clientId=Producer-topic-c2736685_e599_423d_b22b_940a507935a1] ProducerId set to 23 with epoch 0
2025-07-31 18:13:03,911 INFO  [io.api.tes.ser.api.KafkaSerdesTester] (Thread-726) Sending message {"username": null} to topic topic-c2736685_e599_423d_b22b_940a507935a1
2025-07-31 18:13:03,913 INFO  [io.api.tes.ser.api.KafkaSerdesTester] (Thread-726) Sending message {"username": "value-2"} to topic topic-c2736685_e599_423d_b22b_940a507935a1
2025-07-31 18:13:03,915 INFO  [io.api.tes.ser.api.KafkaSerdesTester] (Thread-726) Sending message {"username": null} to topic topic-c2736685_e599_423d_b22b_940a507935a1
2025-07-31 18:13:03,919 INFO  [io.api.tes.ser.api.KafkaSerdesTester] (Thread-726) Sending message {"username": "value-4"} to topic topic-c2736685_e599_423d_b22b_940a507935a1
2025-07-31 18:13:03,920 INFO  [io.api.tes.ser.api.KafkaSerdesTester] (Thread-726) Sending message {"username": null} to topic topic-c2736685_e599_423d_b22b_940a507935a1
2025-07-31 18:13:03,921 INFO  [io.api.tes.ser.api.KafkaSerdesTester] (Thread-726) Sending message {"username": "value-6"} to topic topic-c2736685_e599_423d_b22b_940a507935a1
2025-07-31 18:13:03,922 INFO  [io.api.tes.ser.api.KafkaSerdesTester] (Thread-726) Sending message {"username": null} to topic topic-c2736685_e599_423d_b22b_940a507935a1
2025-07-31 18:13:03,924 INFO  [io.api.tes.ser.api.KafkaSerdesTester] (Thread-726) Sending message {"username": "value-8"} to topic topic-c2736685_e599_423d_b22b_940a507935a1
2025-07-31 18:13:03,925 INFO  [io.api.tes.ser.api.KafkaSerdesTester] (Thread-726) Sending message {"username": null} to topic topic-c2736685_e599_423d_b22b_940a507935a1
2025-07-31 18:13:03,929 INFO  [io.api.tes.ser.api.KafkaSerdesTester] (Thread-726) Produced 10 messages
2025-07-31 18:13:03,929 INFO  [org.apa.kaf.cli.pro.KafkaProducer] (Thread-726) [Producer clientId=Producer-topic-c2736685_e599_423d_b22b_940a507935a1] Closing the Kafka producer with timeoutMillis = 9223372036854775807 ms.
2025-07-31 18:13:03,933 INFO  [org.apa.kaf.com.met.Metrics] (Thread-726) Metrics scheduler closed
2025-07-31 18:13:03,933 INFO  [org.apa.kaf.com.met.Metrics] (Thread-726) Closing reporter org.apache.kafka.common.metrics.JmxReporter
2025-07-31 18:13:03,933 INFO  [org.apa.kaf.com.met.Metrics] (Thread-726) Closing reporter org.apache.kafka.common.telemetry.internals.ClientTelemetryReporter
2025-07-31 18:13:03,933 INFO  [org.apa.kaf.com.met.Metrics] (Thread-726) Metrics reporters closed
2025-07-31 18:13:03,933 INFO  [org.apa.kaf.com.uti.AppInfoParser] (Thread-726) App info kafka.producer for Producer-topic-c2736685_e599_423d_b22b_940a507935a1 unregistered
**** Registry Base URL: http://registry-app-inmemory.apps.ci419.apicurio-testing.org:80
2025-07-31 18:13:03,958 INFO  [org.apa.kaf.cli.con.ConsumerConfig] (main) ConsumerConfig values: 
	allow.auto.create.topics = true
	auto.commit.interval.ms = 500
	auto.include.jmx.reporter = true
	auto.offset.reset = earliest
	bootstrap.servers = [PLAINTEXT://localhost:32770]
	check.crcs = true
	client.dns.lookup = use_all_dns_ips
	client.id = consumer-Consumer-topic-c2736685_e599_423d_b22b_940a507935a1-17
	client.rack = 
	connections.max.idle.ms = 10000
	default.api.timeout.ms = 60000
	enable.auto.commit = true
	enable.metrics.push = true
	exclude.internal.topics = true
	fetch.max.bytes = 52428800
	fetch.max.wait.ms = 500
	fetch.min.bytes = 1
	group.id = Consumer-topic-c2736685_e599_423d_b22b_940a507935a1
	group.instance.id = null
	group.protocol = classic
	group.remote.assignor = null
	heartbeat.interval.ms = 3000
	interceptor.classes = []
	internal.leave.group.on.close = true
	internal.throw.on.fetch.stable.offset.unsupported = false
	isolation.level = read_uncommitted
	key.deserializer = class org.apache.kafka.common.serialization.StringDeserializer
	max.partition.fetch.bytes = 1048576
	max.poll.interval.ms = 300000
	max.poll.records = 500
	metadata.max.age.ms = 300000
	metadata.recovery.strategy = none
	metric.reporters = []
	metrics.num.samples = 2
	metrics.recording.level = INFO
	metrics.sample.window.ms = 30000
	partition.assignment.strategy = [class org.apache.kafka.clients.consumer.RangeAssignor, class org.apache.kafka.clients.consumer.CooperativeStickyAssignor]
	receive.buffer.bytes = 65536
	reconnect.backoff.max.ms = 1000
	reconnect.backoff.ms = 50
	request.timeout.ms = 5000
	retry.backoff.max.ms = 1000
	retry.backoff.ms = 100
	sasl.client.callback.handler.class = null
	sasl.jaas.config = null
	sasl.kerberos.kinit.cmd = /usr/bin/kinit
	sasl.kerberos.min.time.before.relogin = 60000
	sasl.kerberos.service.name = null
	sasl.kerberos.ticket.renew.jitter = 0.05
	sasl.kerberos.ticket.renew.window.factor = 0.8
	sasl.login.callback.handler.class = null
	sasl.login.class = null
	sasl.login.connect.timeout.ms = null
	sasl.login.read.timeout.ms = null
	sasl.login.refresh.buffer.seconds = 300
	sasl.login.refresh.min.period.seconds = 60
	sasl.login.refresh.window.factor = 0.8
	sasl.login.refresh.window.jitter = 0.05
	sasl.login.retry.backoff.max.ms = 10000
	sasl.login.retry.backoff.ms = 100
	sasl.mechanism = GSSAPI
	sasl.oauthbearer.clock.skew.seconds = 30
	sasl.oauthbearer.expected.audience = null
	sasl.oauthbearer.expected.issuer = null
	sasl.oauthbearer.header.urlencode = false
	sasl.oauthbearer.jwks.endpoint.refresh.ms = 3600000
	sasl.oauthbearer.jwks.endpoint.retry.backoff.max.ms = 10000
	sasl.oauthbearer.jwks.endpoint.retry.backoff.ms = 100
	sasl.oauthbearer.jwks.endpoint.url = null
	sasl.oauthbearer.scope.claim.name = scope
	sasl.oauthbearer.sub.claim.name = sub
	sasl.oauthbearer.token.endpoint.url = null
	security.protocol = PLAINTEXT
	security.providers = null
	send.buffer.bytes = 131072
	session.timeout.ms = 45000
	socket.connection.setup.timeout.max.ms = 30000
	socket.connection.setup.timeout.ms = 10000
	ssl.cipher.suites = null
	ssl.enabled.protocols = [TLSv1.2, TLSv1.3]
	ssl.endpoint.identification.algorithm = https
	ssl.engine.factory.class = null
	ssl.key.password = null
	ssl.keymanager.algorithm = SunX509
	ssl.keystore.certificate.chain = null
	ssl.keystore.key = null
	ssl.keystore.location = null
	ssl.keystore.password = null
	ssl.keystore.type = JKS
	ssl.protocol = TLSv1.3
	ssl.provider = null
	ssl.secure.random.implementation = null
	ssl.trustmanager.algorithm = PKIX
	ssl.truststore.certificates = null
	ssl.truststore.location = null
	ssl.truststore.password = null
	ssl.truststore.type = JKS
	value.deserializer = class io.apicurio.registry.serde.avro.AvroKafkaDeserializer

2025-07-31 18:13:03,958 INFO  [org.apa.kaf.com.tel.int.KafkaMetricsCollector] (main) initializing Kafka metrics collector
2025-07-31 18:13:03,965 INFO  [org.apa.kaf.cli.con.ConsumerConfig] (main) These configurations '[apicurio.registry.url]' were supplied but are not used yet.
2025-07-31 18:13:03,965 INFO  [org.apa.kaf.com.uti.AppInfoParser] (main) Kafka version: 3.9.1
2025-07-31 18:13:03,965 INFO  [org.apa.kaf.com.uti.AppInfoParser] (main) Kafka commitId: f745dfdcee2b9851
2025-07-31 18:13:03,965 INFO  [org.apa.kaf.com.uti.AppInfoParser] (main) Kafka startTimeMs: 1753985583965
2025-07-31 18:13:03,965 INFO  [org.apa.kaf.cli.con.int.ClassicKafkaConsumer] (Thread-729) [Consumer clientId=consumer-Consumer-topic-c2736685_e599_423d_b22b_940a507935a1-17, groupId=Consumer-topic-c2736685_e599_423d_b22b_940a507935a1] Subscribed to topic(s): topic-c2736685_e599_423d_b22b_940a507935a1
2025-07-31 18:13:03,969 INFO  [org.apa.kaf.cli.Metadata] (Thread-729) [Consumer clientId=consumer-Consumer-topic-c2736685_e599_423d_b22b_940a507935a1-17, groupId=Consumer-topic-c2736685_e599_423d_b22b_940a507935a1] Cluster ID: Pi_RUBSBSj-WuHInrGEQ6g
2025-07-31 18:13:03,969 INFO  [org.apa.kaf.cli.con.int.ConsumerCoordinator] (Thread-729) [Consumer clientId=consumer-Consumer-topic-c2736685_e599_423d_b22b_940a507935a1-17, groupId=Consumer-topic-c2736685_e599_423d_b22b_940a507935a1] Discovered group coordinator localhost:32770 (id: 2147483647 rack: null)
2025-07-31 18:13:03,971 INFO  [org.apa.kaf.cli.con.int.ConsumerCoordinator] (Thread-729) [Consumer clientId=consumer-Consumer-topic-c2736685_e599_423d_b22b_940a507935a1-17, groupId=Consumer-topic-c2736685_e599_423d_b22b_940a507935a1] (Re-)joining group
2025-07-31 18:13:03,975 INFO  [org.apa.kaf.cli.con.int.ConsumerCoordinator] (Thread-729) [Consumer clientId=consumer-Consumer-topic-c2736685_e599_423d_b22b_940a507935a1-17, groupId=Consumer-topic-c2736685_e599_423d_b22b_940a507935a1] Request joining group due to: need to re-join with the given member-id: consumer-Consumer-topic-c2736685_e599_423d_b22b_940a507935a1-17-2867357c-1889-49fd-af65-4c8b035bb9e2
2025-07-31 18:13:03,975 INFO  [org.apa.kaf.cli.con.int.ConsumerCoordinator] (Thread-729) [Consumer clientId=consumer-Consumer-topic-c2736685_e599_423d_b22b_940a507935a1-17, groupId=Consumer-topic-c2736685_e599_423d_b22b_940a507935a1] (Re-)joining group
2025-07-31 18:13:03,977 INFO  [org.apa.kaf.cli.con.int.ConsumerCoordinator] (Thread-729) [Consumer clientId=consumer-Consumer-topic-c2736685_e599_423d_b22b_940a507935a1-17, groupId=Consumer-topic-c2736685_e599_423d_b22b_940a507935a1] Successfully joined group with generation Generation{generationId=1, memberId='consumer-Consumer-topic-c2736685_e599_423d_b22b_940a507935a1-17-2867357c-1889-49fd-af65-4c8b035bb9e2', protocol='range'}
2025-07-31 18:13:03,977 INFO  [org.apa.kaf.cli.con.int.ConsumerCoordinator] (Thread-729) [Consumer clientId=consumer-Consumer-topic-c2736685_e599_423d_b22b_940a507935a1-17, groupId=Consumer-topic-c2736685_e599_423d_b22b_940a507935a1] Finished assignment for group at generation 1: {consumer-Consumer-topic-c2736685_e599_423d_b22b_940a507935a1-17-2867357c-1889-49fd-af65-4c8b035bb9e2=Assignment(partitions=[topic-c2736685_e599_423d_b22b_940a507935a1-0])}
2025-07-31 18:13:03,979 INFO  [org.apa.kaf.cli.con.int.ConsumerCoordinator] (Thread-729) [Consumer clientId=consumer-Consumer-topic-c2736685_e599_423d_b22b_940a507935a1-17, groupId=Consumer-topic-c2736685_e599_423d_b22b_940a507935a1] Successfully synced group in generation Generation{generationId=1, memberId='consumer-Consumer-topic-c2736685_e599_423d_b22b_940a507935a1-17-2867357c-1889-49fd-af65-4c8b035bb9e2', protocol='range'}
2025-07-31 18:13:03,979 INFO  [org.apa.kaf.cli.con.int.ConsumerCoordinator] (Thread-729) [Consumer clientId=consumer-Consumer-topic-c2736685_e599_423d_b22b_940a507935a1-17, groupId=Consumer-topic-c2736685_e599_423d_b22b_940a507935a1] Notifying assignor about the new Assignment(partitions=[topic-c2736685_e599_423d_b22b_940a507935a1-0])
2025-07-31 18:13:03,980 INFO  [org.apa.kaf.cli.con.int.ConsumerRebalanceListenerInvoker] (Thread-729) [Consumer clientId=consumer-Consumer-topic-c2736685_e599_423d_b22b_940a507935a1-17, groupId=Consumer-topic-c2736685_e599_423d_b22b_940a507935a1] Adding newly assigned partitions: topic-c2736685_e599_423d_b22b_940a507935a1-0
2025-07-31 18:13:03,981 INFO  [org.apa.kaf.cli.con.int.ConsumerCoordinator] (Thread-729) [Consumer clientId=consumer-Consumer-topic-c2736685_e599_423d_b22b_940a507935a1-17, groupId=Consumer-topic-c2736685_e599_423d_b22b_940a507935a1] Found no committed offset for partition topic-c2736685_e599_423d_b22b_940a507935a1-0
2025-07-31 18:13:03,986 INFO  [org.apa.kaf.cli.con.int.SubscriptionState] (Thread-729) [Consumer clientId=consumer-Consumer-topic-c2736685_e599_423d_b22b_940a507935a1-17, groupId=Consumer-topic-c2736685_e599_423d_b22b_940a507935a1] Resetting offset for partition topic-c2736685_e599_423d_b22b_940a507935a1-0 to position FetchPosition{offset=0, offsetEpoch=Optional.empty, currentLeader=LeaderAndEpoch{leader=Optional[localhost:32770 (id: 0 rack: null)], epoch=0}}.
2025-07-31 18:13:04,027 INFO  [io.api.tes.ser.api.KafkaSerdesTester] (Thread-729) topic-c2736685_e599_423d_b22b_940a507935a1 0 0 {"username": null}
2025-07-31 18:13:04,027 INFO  [io.api.tes.ser.api.KafkaSerdesTester] (Thread-729) topic-c2736685_e599_423d_b22b_940a507935a1 0 1 {"username": null}
2025-07-31 18:13:04,027 INFO  [io.api.tes.ser.api.KafkaSerdesTester] (Thread-729) topic-c2736685_e599_423d_b22b_940a507935a1 0 2 {"username": "value-2"}
2025-07-31 18:13:04,027 INFO  [io.api.tes.ser.api.KafkaSerdesTester] (Thread-729) topic-c2736685_e599_423d_b22b_940a507935a1 0 3 {"username": null}
2025-07-31 18:13:04,027 INFO  [io.api.tes.ser.api.KafkaSerdesTester] (Thread-729) topic-c2736685_e599_423d_b22b_940a507935a1 0 4 {"username": "value-4"}
2025-07-31 18:13:04,027 INFO  [io.api.tes.ser.api.KafkaSerdesTester] (Thread-729) topic-c2736685_e599_423d_b22b_940a507935a1 0 5 {"username": null}
2025-07-31 18:13:04,027 INFO  [io.api.tes.ser.api.KafkaSerdesTester] (Thread-729) topic-c2736685_e599_423d_b22b_940a507935a1 0 6 {"username": "value-6"}
2025-07-31 18:13:04,027 INFO  [io.api.tes.ser.api.KafkaSerdesTester] (Thread-729) topic-c2736685_e599_423d_b22b_940a507935a1 0 7 {"username": null}
2025-07-31 18:13:04,027 INFO  [io.api.tes.ser.api.KafkaSerdesTester] (Thread-729) topic-c2736685_e599_423d_b22b_940a507935a1 0 8 {"username": "value-8"}
2025-07-31 18:13:04,027 INFO  [io.api.tes.ser.api.KafkaSerdesTester] (Thread-729) topic-c2736685_e599_423d_b22b_940a507935a1 0 9 {"username": null}
2025-07-31 18:13:04,027 INFO  [io.api.tes.ser.api.KafkaSerdesTester] (Thread-729) Consumed 10 messages
2025-07-31 18:13:04,030 INFO  [org.apa.kaf.cli.con.int.ConsumerRebalanceListenerInvoker] (Thread-729) [Consumer clientId=consumer-Consumer-topic-c2736685_e599_423d_b22b_940a507935a1-17, groupId=Consumer-topic-c2736685_e599_423d_b22b_940a507935a1] Revoke previously assigned partitions topic-c2736685_e599_423d_b22b_940a507935a1-0
2025-07-31 18:13:04,030 INFO  [org.apa.kaf.cli.con.int.ConsumerCoordinator] (Thread-729) [Consumer clientId=consumer-Consumer-topic-c2736685_e599_423d_b22b_940a507935a1-17, groupId=Consumer-topic-c2736685_e599_423d_b22b_940a507935a1] Member consumer-Consumer-topic-c2736685_e599_423d_b22b_940a507935a1-17-2867357c-1889-49fd-af65-4c8b035bb9e2 sending LeaveGroup request to coordinator localhost:32770 (id: 2147483647 rack: null) due to the consumer is being closed
2025-07-31 18:13:04,030 INFO  [org.apa.kaf.cli.con.int.ConsumerCoordinator] (Thread-729) [Consumer clientId=consumer-Consumer-topic-c2736685_e599_423d_b22b_940a507935a1-17, groupId=Consumer-topic-c2736685_e599_423d_b22b_940a507935a1] Resetting generation and member id due to: consumer pro-actively leaving the group
2025-07-31 18:13:04,030 INFO  [org.apa.kaf.cli.con.int.ConsumerCoordinator] (Thread-729) [Consumer clientId=consumer-Consumer-topic-c2736685_e599_423d_b22b_940a507935a1-17, groupId=Consumer-topic-c2736685_e599_423d_b22b_940a507935a1] Request joining group due to: consumer pro-actively leaving the group
2025-07-31 18:13:04,530 INFO  [org.apa.kaf.com.met.Metrics] (Thread-729) Metrics scheduler closed
2025-07-31 18:13:04,530 INFO  [org.apa.kaf.com.met.Metrics] (Thread-729) Closing reporter org.apache.kafka.common.metrics.JmxReporter
2025-07-31 18:13:04,530 INFO  [org.apa.kaf.com.met.Metrics] (Thread-729) Closing reporter org.apache.kafka.common.telemetry.internals.ClientTelemetryReporter
2025-07-31 18:13:04,530 INFO  [org.apa.kaf.com.met.Metrics] (Thread-729) Metrics reporters closed
2025-07-31 18:13:04,532 INFO  [org.apa.kaf.com.uti.AppInfoParser] (Thread-729) App info kafka.consumer for consumer-Consumer-topic-c2736685_e599_423d_b22b_940a507935a1-17 unregistered
2025-07-31 18:13:04,534 INFO  [io.api.tes.uti.TestSeparator] (main) io.apicurio.tests.serdes.apicurio.AvroSerdeIT.testFirstEmptyFieldConfusedAsMagicByte-FINISHED
2025-07-31 18:13:04,534 INFO  [io.api.tes.uti.TestSeparator] (main) ############################################################################
Test passed: testFirstEmptyFieldConfusedAsMagicByte
]]></system-out>
  </testcase>
  <testcase name="testAvroSerDesFailDifferentSchemaByContent" classname="io.apicurio.tests.serdes.apicurio.AvroSerdeIT" time="1.094">
    <system-out><![CDATA[2025-07-31 18:13:04,535 INFO  [io.api.tes.uti.TestSeparator] (main) ############################################################################
2025-07-31 18:13:04,535 INFO  [io.api.tes.uti.TestSeparator] (main) io.apicurio.tests.serdes.apicurio.AvroSerdeIT.testAvroSerDesFailDifferentSchemaByContent-STARTED
**** Registry Base URL: http://registry-app-inmemory.apps.ci419.apicurio-testing.org:80
2025-07-31 18:13:05,574 INFO  [org.apa.kaf.cli.pro.ProducerConfig] (main) ProducerConfig values: 
	acks = -1
	auto.include.jmx.reporter = true
	batch.size = 16384
	bootstrap.servers = [PLAINTEXT://localhost:32770]
	buffer.memory = 33554432
	client.dns.lookup = use_all_dns_ips
	client.id = Producer-topic-5c0e0142_4998_4954_82b7_962388009c68
	compression.gzip.level = -1
	compression.lz4.level = 9
	compression.type = none
	compression.zstd.level = 3
	connections.max.idle.ms = 10000
	delivery.timeout.ms = 120000
	enable.idempotence = true
	enable.metrics.push = true
	interceptor.classes = []
	key.serializer = class org.apache.kafka.common.serialization.StringSerializer
	linger.ms = 0
	max.block.ms = 60000
	max.in.flight.requests.per.connection = 5
	max.request.size = 1048576
	metadata.max.age.ms = 300000
	metadata.max.idle.ms = 300000
	metadata.recovery.strategy = none
	metric.reporters = []
	metrics.num.samples = 2
	metrics.recording.level = INFO
	metrics.sample.window.ms = 30000
	partitioner.adaptive.partitioning.enable = true
	partitioner.availability.timeout.ms = 0
	partitioner.class = null
	partitioner.ignore.keys = false
	receive.buffer.bytes = 32768
	reconnect.backoff.max.ms = 1000
	reconnect.backoff.ms = 50
	request.timeout.ms = 5000
	retries = 2147483647
	retry.backoff.max.ms = 1000
	retry.backoff.ms = 100
	sasl.client.callback.handler.class = null
	sasl.jaas.config = null
	sasl.kerberos.kinit.cmd = /usr/bin/kinit
	sasl.kerberos.min.time.before.relogin = 60000
	sasl.kerberos.service.name = null
	sasl.kerberos.ticket.renew.jitter = 0.05
	sasl.kerberos.ticket.renew.window.factor = 0.8
	sasl.login.callback.handler.class = null
	sasl.login.class = null
	sasl.login.connect.timeout.ms = null
	sasl.login.read.timeout.ms = null
	sasl.login.refresh.buffer.seconds = 300
	sasl.login.refresh.min.period.seconds = 60
	sasl.login.refresh.window.factor = 0.8
	sasl.login.refresh.window.jitter = 0.05
	sasl.login.retry.backoff.max.ms = 10000
	sasl.login.retry.backoff.ms = 100
	sasl.mechanism = GSSAPI
	sasl.oauthbearer.clock.skew.seconds = 30
	sasl.oauthbearer.expected.audience = null
	sasl.oauthbearer.expected.issuer = null
	sasl.oauthbearer.header.urlencode = false
	sasl.oauthbearer.jwks.endpoint.refresh.ms = 3600000
	sasl.oauthbearer.jwks.endpoint.retry.backoff.max.ms = 10000
	sasl.oauthbearer.jwks.endpoint.retry.backoff.ms = 100
	sasl.oauthbearer.jwks.endpoint.url = null
	sasl.oauthbearer.scope.claim.name = scope
	sasl.oauthbearer.sub.claim.name = sub
	sasl.oauthbearer.token.endpoint.url = null
	security.protocol = PLAINTEXT
	security.providers = null
	send.buffer.bytes = 131072
	socket.connection.setup.timeout.max.ms = 30000
	socket.connection.setup.timeout.ms = 10000
	ssl.cipher.suites = null
	ssl.enabled.protocols = [TLSv1.2, TLSv1.3]
	ssl.endpoint.identification.algorithm = https
	ssl.engine.factory.class = null
	ssl.key.password = null
	ssl.keymanager.algorithm = SunX509
	ssl.keystore.certificate.chain = null
	ssl.keystore.key = null
	ssl.keystore.location = null
	ssl.keystore.password = null
	ssl.keystore.type = JKS
	ssl.protocol = TLSv1.3
	ssl.provider = null
	ssl.secure.random.implementation = null
	ssl.trustmanager.algorithm = PKIX
	ssl.truststore.certificates = null
	ssl.truststore.location = null
	ssl.truststore.password = null
	ssl.truststore.type = JKS
	transaction.timeout.ms = 60000
	transactional.id = null
	value.serializer = class io.apicurio.registry.serde.avro.AvroKafkaSerializer

2025-07-31 18:13:05,575 INFO  [org.apa.kaf.com.tel.int.KafkaMetricsCollector] (main) initializing Kafka metrics collector
2025-07-31 18:13:05,577 INFO  [org.apa.kaf.cli.pro.KafkaProducer] (main) [Producer clientId=Producer-topic-5c0e0142_4998_4954_82b7_962388009c68] Instantiated an idempotent producer.
2025-07-31 18:13:05,579 INFO  [org.apa.kaf.cli.pro.ProducerConfig] (main) These configurations '[apicurio.registry.url, apicurio.registry.artifact-resolver-strategy]' were supplied but are not used yet.
2025-07-31 18:13:05,579 INFO  [org.apa.kaf.com.uti.AppInfoParser] (main) Kafka version: 3.9.1
2025-07-31 18:13:05,579 INFO  [org.apa.kaf.com.uti.AppInfoParser] (main) Kafka commitId: f745dfdcee2b9851
2025-07-31 18:13:05,579 INFO  [org.apa.kaf.com.uti.AppInfoParser] (main) Kafka startTimeMs: 1753985585579
2025-07-31 18:13:05,581 INFO  [io.api.tes.ser.api.KafkaSerdesTester] (Thread-732) Sending message {"keyB": "value-0"} to topic topic-5c0e0142_4998_4954_82b7_962388009c68
2025-07-31 18:13:05,584 INFO  [org.apa.kaf.cli.Metadata] (kafka-producer-network-thread | Producer-topic-5c0e0142_4998_4954_82b7_962388009c68) [Producer clientId=Producer-topic-5c0e0142_4998_4954_82b7_962388009c68] Cluster ID: Pi_RUBSBSj-WuHInrGEQ6g
2025-07-31 18:13:05,585 INFO  [DefaultSchemaResolver] (Thread-732) Retrieving schema content using string: {"type":"record","name":"s45aaaa2fx1a69x4f24x9256x9b92b9c8eba2","namespace":"s8fc5dad6x7ee3x432axb0cfx608800992b70","fields":[{"name":"keyB","type":"string"}]}
2025-07-31 18:13:05,586 INFO  [org.apa.kaf.cli.pro.int.TransactionManager] (kafka-producer-network-thread | Producer-topic-5c0e0142_4998_4954_82b7_962388009c68) [Producer clientId=Producer-topic-5c0e0142_4998_4954_82b7_962388009c68] ProducerId set to 24 with epoch 0
2025-07-31 18:13:05,625 INFO  [org.apa.kaf.cli.pro.KafkaProducer] (Thread-732) [Producer clientId=Producer-topic-5c0e0142_4998_4954_82b7_962388009c68] Closing the Kafka producer with timeoutMillis = 9223372036854775807 ms.
2025-07-31 18:13:05,627 INFO  [org.apa.kaf.com.met.Metrics] (Thread-732) Metrics scheduler closed
2025-07-31 18:13:05,627 INFO  [org.apa.kaf.com.met.Metrics] (Thread-732) Closing reporter org.apache.kafka.common.metrics.JmxReporter
2025-07-31 18:13:05,627 INFO  [org.apa.kaf.com.met.Metrics] (Thread-732) Closing reporter org.apache.kafka.common.telemetry.internals.ClientTelemetryReporter
2025-07-31 18:13:05,627 INFO  [org.apa.kaf.com.met.Metrics] (Thread-732) Metrics reporters closed
2025-07-31 18:13:05,628 INFO  [org.apa.kaf.com.uti.AppInfoParser] (Thread-732) App info kafka.producer for Producer-topic-5c0e0142_4998_4954_82b7_962388009c68 unregistered
2025-07-31 18:13:05,628 INFO  [io.api.tes.uti.TestSeparator] (main) io.apicurio.tests.serdes.apicurio.AvroSerdeIT.testAvroSerDesFailDifferentSchemaByContent-FINISHED
2025-07-31 18:13:05,628 INFO  [io.api.tes.uti.TestSeparator] (main) ############################################################################
Test passed: testAvroSerDesFailDifferentSchemaByContent
]]></system-out>
    <system-err><![CDATA[java.lang.RuntimeException: Could not resolve artifact reference by content: {"type":"record","name":"s45aaaa2fx1a69x4f24x9256x9b92b9c8eba2","namespace":"s8fc5dad6x7ee3x432axb0cfx608800992b70","fields":[{"name":"keyB","type":"string"}]}&ArtifactReference [groupId=s8fc5dad6x7ee3x432axb0cfx608800992b70, artifactId=s45aaaa2fx1a69x4f24x9256x9b92b9c8eba2, version=null, globalId=null, contentId=null, contentHash=null]
	at io.apicurio.registry.resolver.DefaultSchemaResolver.lambda$handleResolveSchemaByContent$3(DefaultSchemaResolver.java:265)
	at io.apicurio.registry.resolver.cache.ERCache.lambda$getValue$0(ERCache.java:174)
	at io.apicurio.registry.resolver.cache.ERCache.retry(ERCache.java:227)
	at io.apicurio.registry.resolver.cache.ERCache.getValue(ERCache.java:173)
	at io.apicurio.registry.resolver.cache.ERCache.getByContent(ERCache.java:147)
	at io.apicurio.registry.resolver.DefaultSchemaResolver.handleResolveSchemaByContent(DefaultSchemaResolver.java:253)
	at io.apicurio.registry.resolver.DefaultSchemaResolver.getSchemaFromRegistry(DefaultSchemaResolver.java:138)
	at io.apicurio.registry.resolver.DefaultSchemaResolver.lambda$resolveSchema$0(DefaultSchemaResolver.java:84)
	at java.base/java.util.Optional.orElseGet(Optional.java:364)
	at io.apicurio.registry.resolver.DefaultSchemaResolver.resolveSchema(DefaultSchemaResolver.java:84)
	at io.apicurio.registry.serde.AbstractSerializer.serializeData(AbstractSerializer.java:62)
	at io.apicurio.registry.serde.KafkaSerializer.serialize(KafkaSerializer.java:77)
	at org.apache.kafka.clients.producer.KafkaProducer.doSend(KafkaProducer.java:1046)
	at org.apache.kafka.clients.producer.KafkaProducer.send(KafkaProducer.java:993)
	at org.apache.kafka.clients.producer.KafkaProducer.send(KafkaProducer.java:875)
	at io.apicurio.tests.serdes.apicurio.KafkaSerdesTester.lambda$produceMessages$3(KafkaSerdesTester.java:138)
	at java.base/java.util.concurrent.CompletableFuture$AsyncSupply.run(CompletableFuture.java:1768)
	at java.base/java.lang.Thread.run(Thread.java:840)
]]></system-err>
  </testcase>
  <testcase name="testGlobalIdInBody" classname="io.apicurio.tests.serdes.apicurio.AvroSerdeIT" time="0.802">
    <system-out><![CDATA[2025-07-31 18:13:05,631 INFO  [io.api.tes.uti.TestSeparator] (main) ############################################################################
2025-07-31 18:13:05,631 INFO  [io.api.tes.uti.TestSeparator] (main) io.apicurio.tests.serdes.apicurio.AvroSerdeIT.testGlobalIdInBody-STARTED
**** Registry Base URL: http://registry-app-inmemory.apps.ci419.apicurio-testing.org:80
2025-07-31 18:13:05,634 INFO  [org.apa.kaf.cli.pro.ProducerConfig] (main) ProducerConfig values: 
	acks = -1
	auto.include.jmx.reporter = true
	batch.size = 16384
	bootstrap.servers = [PLAINTEXT://localhost:32770]
	buffer.memory = 33554432
	client.dns.lookup = use_all_dns_ips
	client.id = Producer-topic-5148a720_870d_4711_9224_2807ac5c2b04
	compression.gzip.level = -1
	compression.lz4.level = 9
	compression.type = none
	compression.zstd.level = 3
	connections.max.idle.ms = 10000
	delivery.timeout.ms = 120000
	enable.idempotence = true
	enable.metrics.push = true
	interceptor.classes = []
	key.serializer = class org.apache.kafka.common.serialization.StringSerializer
	linger.ms = 0
	max.block.ms = 60000
	max.in.flight.requests.per.connection = 5
	max.request.size = 1048576
	metadata.max.age.ms = 300000
	metadata.max.idle.ms = 300000
	metadata.recovery.strategy = none
	metric.reporters = []
	metrics.num.samples = 2
	metrics.recording.level = INFO
	metrics.sample.window.ms = 30000
	partitioner.adaptive.partitioning.enable = true
	partitioner.availability.timeout.ms = 0
	partitioner.class = null
	partitioner.ignore.keys = false
	receive.buffer.bytes = 32768
	reconnect.backoff.max.ms = 1000
	reconnect.backoff.ms = 50
	request.timeout.ms = 5000
	retries = 2147483647
	retry.backoff.max.ms = 1000
	retry.backoff.ms = 100
	sasl.client.callback.handler.class = null
	sasl.jaas.config = null
	sasl.kerberos.kinit.cmd = /usr/bin/kinit
	sasl.kerberos.min.time.before.relogin = 60000
	sasl.kerberos.service.name = null
	sasl.kerberos.ticket.renew.jitter = 0.05
	sasl.kerberos.ticket.renew.window.factor = 0.8
	sasl.login.callback.handler.class = null
	sasl.login.class = null
	sasl.login.connect.timeout.ms = null
	sasl.login.read.timeout.ms = null
	sasl.login.refresh.buffer.seconds = 300
	sasl.login.refresh.min.period.seconds = 60
	sasl.login.refresh.window.factor = 0.8
	sasl.login.refresh.window.jitter = 0.05
	sasl.login.retry.backoff.max.ms = 10000
	sasl.login.retry.backoff.ms = 100
	sasl.mechanism = GSSAPI
	sasl.oauthbearer.clock.skew.seconds = 30
	sasl.oauthbearer.expected.audience = null
	sasl.oauthbearer.expected.issuer = null
	sasl.oauthbearer.header.urlencode = false
	sasl.oauthbearer.jwks.endpoint.refresh.ms = 3600000
	sasl.oauthbearer.jwks.endpoint.retry.backoff.max.ms = 10000
	sasl.oauthbearer.jwks.endpoint.retry.backoff.ms = 100
	sasl.oauthbearer.jwks.endpoint.url = null
	sasl.oauthbearer.scope.claim.name = scope
	sasl.oauthbearer.sub.claim.name = sub
	sasl.oauthbearer.token.endpoint.url = null
	security.protocol = PLAINTEXT
	security.providers = null
	send.buffer.bytes = 131072
	socket.connection.setup.timeout.max.ms = 30000
	socket.connection.setup.timeout.ms = 10000
	ssl.cipher.suites = null
	ssl.enabled.protocols = [TLSv1.2, TLSv1.3]
	ssl.endpoint.identification.algorithm = https
	ssl.engine.factory.class = null
	ssl.key.password = null
	ssl.keymanager.algorithm = SunX509
	ssl.keystore.certificate.chain = null
	ssl.keystore.key = null
	ssl.keystore.location = null
	ssl.keystore.password = null
	ssl.keystore.type = JKS
	ssl.protocol = TLSv1.3
	ssl.provider = null
	ssl.secure.random.implementation = null
	ssl.trustmanager.algorithm = PKIX
	ssl.truststore.certificates = null
	ssl.truststore.location = null
	ssl.truststore.password = null
	ssl.truststore.type = JKS
	transaction.timeout.ms = 60000
	transactional.id = null
	value.serializer = class io.apicurio.registry.serde.avro.AvroKafkaSerializer

2025-07-31 18:13:05,634 INFO  [org.apa.kaf.com.tel.int.KafkaMetricsCollector] (main) initializing Kafka metrics collector
2025-07-31 18:13:05,642 INFO  [org.apa.kaf.cli.pro.KafkaProducer] (main) [Producer clientId=Producer-topic-5148a720_870d_4711_9224_2807ac5c2b04] Instantiated an idempotent producer.
2025-07-31 18:13:05,644 INFO  [org.apa.kaf.cli.pro.ProducerConfig] (main) These configurations '[apicurio.registry.url, apicurio.registry.auto-register, apicurio.registry.use-id, apicurio.registry.artifact-resolver-strategy]' were supplied but are not used yet.
2025-07-31 18:13:05,644 INFO  [org.apa.kaf.com.uti.AppInfoParser] (main) Kafka version: 3.9.1
2025-07-31 18:13:05,644 INFO  [org.apa.kaf.com.uti.AppInfoParser] (main) Kafka commitId: f745dfdcee2b9851
2025-07-31 18:13:05,644 INFO  [org.apa.kaf.com.uti.AppInfoParser] (main) Kafka startTimeMs: 1753985585644
2025-07-31 18:13:05,644 INFO  [io.api.tes.ser.api.SimpleSerdesTesterBuilder$SimpleSerdesTester] (main) Using producer configuration: {apicurio.registry.url=http://registry-app-inmemory.apps.ci419.apicurio-testing.org:80/apis/registry/v3, apicurio.registry.auto-register=true, apicurio.registry.use-id=globalId, apicurio.registry.artifact-resolver-strategy=io.apicurio.registry.serde.strategy.TopicIdStrategy, value.serializer=io.apicurio.registry.serde.avro.AvroKafkaSerializer, request.timeout.ms=5000, acks=all, bootstrap.servers=PLAINTEXT://localhost:32770, connections.max.idle.ms=10000, key.serializer=org.apache.kafka.common.serialization.StringSerializer, client.id=Producer-topic-5148a720_870d_4711_9224_2807ac5c2b04}
2025-07-31 18:13:05,644 INFO  [io.api.tes.ser.api.SimpleSerdesTesterBuilder$SimpleSerdesTester] (main) Using consumer configuration: {apicurio.registry.use-id=globalId}
2025-07-31 18:13:05,647 INFO  [io.api.tes.ser.api.KafkaSerdesTester] (Thread-735) Sending message {"key11753985585633": "value-0"} to topic topic-5148a720_870d_4711_9224_2807ac5c2b04
2025-07-31 18:13:05,655 WARN  [org.apa.kaf.cli.NetworkClient] (kafka-producer-network-thread | Producer-topic-5148a720_870d_4711_9224_2807ac5c2b04) [Producer clientId=Producer-topic-5148a720_870d_4711_9224_2807ac5c2b04] The metadata response from the cluster reported a recoverable issue with correlation id 2 : {topic-5148a720_870d_4711_9224_2807ac5c2b04=LEADER_NOT_AVAILABLE}
2025-07-31 18:13:05,655 INFO  [org.apa.kaf.cli.Metadata] (kafka-producer-network-thread | Producer-topic-5148a720_870d_4711_9224_2807ac5c2b04) [Producer clientId=Producer-topic-5148a720_870d_4711_9224_2807ac5c2b04] Cluster ID: Pi_RUBSBSj-WuHInrGEQ6g
2025-07-31 18:13:05,655 INFO  [org.apa.kaf.cli.pro.int.TransactionManager] (kafka-producer-network-thread | Producer-topic-5148a720_870d_4711_9224_2807ac5c2b04) [Producer clientId=Producer-topic-5148a720_870d_4711_9224_2807ac5c2b04] ProducerId set to 25 with epoch 0
2025-07-31 18:13:05,803 INFO  [io.api.tes.ser.api.KafkaSerdesTester] (Thread-735) Sending message {"key11753985585633": "value-1"} to topic topic-5148a720_870d_4711_9224_2807ac5c2b04
2025-07-31 18:13:05,805 INFO  [io.api.tes.ser.api.KafkaSerdesTester] (Thread-735) Sending message {"key11753985585633": "value-2"} to topic topic-5148a720_870d_4711_9224_2807ac5c2b04
2025-07-31 18:13:05,806 INFO  [io.api.tes.ser.api.KafkaSerdesTester] (Thread-735) Sending message {"key11753985585633": "value-3"} to topic topic-5148a720_870d_4711_9224_2807ac5c2b04
2025-07-31 18:13:05,807 INFO  [io.api.tes.ser.api.KafkaSerdesTester] (Thread-735) Sending message {"key11753985585633": "value-4"} to topic topic-5148a720_870d_4711_9224_2807ac5c2b04
2025-07-31 18:13:05,809 INFO  [io.api.tes.ser.api.KafkaSerdesTester] (Thread-735) Sending message {"key11753985585633": "value-5"} to topic topic-5148a720_870d_4711_9224_2807ac5c2b04
2025-07-31 18:13:05,812 INFO  [io.api.tes.ser.api.KafkaSerdesTester] (Thread-735) Sending message {"key11753985585633": "value-6"} to topic topic-5148a720_870d_4711_9224_2807ac5c2b04
2025-07-31 18:13:05,815 INFO  [io.api.tes.ser.api.KafkaSerdesTester] (Thread-735) Sending message {"key11753985585633": "value-7"} to topic topic-5148a720_870d_4711_9224_2807ac5c2b04
2025-07-31 18:13:05,818 INFO  [io.api.tes.ser.api.KafkaSerdesTester] (Thread-735) Sending message {"key11753985585633": "value-8"} to topic topic-5148a720_870d_4711_9224_2807ac5c2b04
2025-07-31 18:13:05,821 INFO  [io.api.tes.ser.api.KafkaSerdesTester] (Thread-735) Sending message {"key11753985585633": "value-9"} to topic topic-5148a720_870d_4711_9224_2807ac5c2b04
2025-07-31 18:13:05,824 INFO  [io.api.tes.ser.api.KafkaSerdesTester] (Thread-735) Produced 10 messages
2025-07-31 18:13:05,824 INFO  [org.apa.kaf.cli.pro.KafkaProducer] (Thread-735) [Producer clientId=Producer-topic-5148a720_870d_4711_9224_2807ac5c2b04] Closing the Kafka producer with timeoutMillis = 9223372036854775807 ms.
2025-07-31 18:13:05,826 INFO  [org.apa.kaf.com.met.Metrics] (Thread-735) Metrics scheduler closed
2025-07-31 18:13:05,826 INFO  [org.apa.kaf.com.met.Metrics] (Thread-735) Closing reporter org.apache.kafka.common.metrics.JmxReporter
2025-07-31 18:13:05,826 INFO  [org.apa.kaf.com.met.Metrics] (Thread-735) Closing reporter org.apache.kafka.common.telemetry.internals.ClientTelemetryReporter
2025-07-31 18:13:05,826 INFO  [org.apa.kaf.com.met.Metrics] (Thread-735) Metrics reporters closed
2025-07-31 18:13:05,827 INFO  [org.apa.kaf.com.uti.AppInfoParser] (Thread-735) App info kafka.producer for Producer-topic-5148a720_870d_4711_9224_2807ac5c2b04 unregistered
**** Registry Base URL: http://registry-app-inmemory.apps.ci419.apicurio-testing.org:80
2025-07-31 18:13:05,852 INFO  [org.apa.kaf.cli.con.ConsumerConfig] (main) ConsumerConfig values: 
	allow.auto.create.topics = true
	auto.commit.interval.ms = 500
	auto.include.jmx.reporter = true
	auto.offset.reset = earliest
	bootstrap.servers = [PLAINTEXT://localhost:32770]
	check.crcs = true
	client.dns.lookup = use_all_dns_ips
	client.id = consumer-Consumer-topic-5148a720_870d_4711_9224_2807ac5c2b04-18
	client.rack = 
	connections.max.idle.ms = 10000
	default.api.timeout.ms = 60000
	enable.auto.commit = true
	enable.metrics.push = true
	exclude.internal.topics = true
	fetch.max.bytes = 52428800
	fetch.max.wait.ms = 500
	fetch.min.bytes = 1
	group.id = Consumer-topic-5148a720_870d_4711_9224_2807ac5c2b04
	group.instance.id = null
	group.protocol = classic
	group.remote.assignor = null
	heartbeat.interval.ms = 3000
	interceptor.classes = []
	internal.leave.group.on.close = true
	internal.throw.on.fetch.stable.offset.unsupported = false
	isolation.level = read_uncommitted
	key.deserializer = class org.apache.kafka.common.serialization.StringDeserializer
	max.partition.fetch.bytes = 1048576
	max.poll.interval.ms = 300000
	max.poll.records = 500
	metadata.max.age.ms = 300000
	metadata.recovery.strategy = none
	metric.reporters = []
	metrics.num.samples = 2
	metrics.recording.level = INFO
	metrics.sample.window.ms = 30000
	partition.assignment.strategy = [class org.apache.kafka.clients.consumer.RangeAssignor, class org.apache.kafka.clients.consumer.CooperativeStickyAssignor]
	receive.buffer.bytes = 65536
	reconnect.backoff.max.ms = 1000
	reconnect.backoff.ms = 50
	request.timeout.ms = 5000
	retry.backoff.max.ms = 1000
	retry.backoff.ms = 100
	sasl.client.callback.handler.class = null
	sasl.jaas.config = null
	sasl.kerberos.kinit.cmd = /usr/bin/kinit
	sasl.kerberos.min.time.before.relogin = 60000
	sasl.kerberos.service.name = null
	sasl.kerberos.ticket.renew.jitter = 0.05
	sasl.kerberos.ticket.renew.window.factor = 0.8
	sasl.login.callback.handler.class = null
	sasl.login.class = null
	sasl.login.connect.timeout.ms = null
	sasl.login.read.timeout.ms = null
	sasl.login.refresh.buffer.seconds = 300
	sasl.login.refresh.min.period.seconds = 60
	sasl.login.refresh.window.factor = 0.8
	sasl.login.refresh.window.jitter = 0.05
	sasl.login.retry.backoff.max.ms = 10000
	sasl.login.retry.backoff.ms = 100
	sasl.mechanism = GSSAPI
	sasl.oauthbearer.clock.skew.seconds = 30
	sasl.oauthbearer.expected.audience = null
	sasl.oauthbearer.expected.issuer = null
	sasl.oauthbearer.header.urlencode = false
	sasl.oauthbearer.jwks.endpoint.refresh.ms = 3600000
	sasl.oauthbearer.jwks.endpoint.retry.backoff.max.ms = 10000
	sasl.oauthbearer.jwks.endpoint.retry.backoff.ms = 100
	sasl.oauthbearer.jwks.endpoint.url = null
	sasl.oauthbearer.scope.claim.name = scope
	sasl.oauthbearer.sub.claim.name = sub
	sasl.oauthbearer.token.endpoint.url = null
	security.protocol = PLAINTEXT
	security.providers = null
	send.buffer.bytes = 131072
	session.timeout.ms = 45000
	socket.connection.setup.timeout.max.ms = 30000
	socket.connection.setup.timeout.ms = 10000
	ssl.cipher.suites = null
	ssl.enabled.protocols = [TLSv1.2, TLSv1.3]
	ssl.endpoint.identification.algorithm = https
	ssl.engine.factory.class = null
	ssl.key.password = null
	ssl.keymanager.algorithm = SunX509
	ssl.keystore.certificate.chain = null
	ssl.keystore.key = null
	ssl.keystore.location = null
	ssl.keystore.password = null
	ssl.keystore.type = JKS
	ssl.protocol = TLSv1.3
	ssl.provider = null
	ssl.secure.random.implementation = null
	ssl.trustmanager.algorithm = PKIX
	ssl.truststore.certificates = null
	ssl.truststore.location = null
	ssl.truststore.password = null
	ssl.truststore.type = JKS
	value.deserializer = class io.apicurio.registry.serde.avro.AvroKafkaDeserializer

2025-07-31 18:13:05,852 INFO  [org.apa.kaf.com.tel.int.KafkaMetricsCollector] (main) initializing Kafka metrics collector
2025-07-31 18:13:05,857 INFO  [org.apa.kaf.cli.con.ConsumerConfig] (main) These configurations '[apicurio.registry.url, apicurio.registry.use-id]' were supplied but are not used yet.
2025-07-31 18:13:05,857 INFO  [org.apa.kaf.com.uti.AppInfoParser] (main) Kafka version: 3.9.1
2025-07-31 18:13:05,857 INFO  [org.apa.kaf.com.uti.AppInfoParser] (main) Kafka commitId: f745dfdcee2b9851
2025-07-31 18:13:05,857 INFO  [org.apa.kaf.com.uti.AppInfoParser] (main) Kafka startTimeMs: 1753985585857
2025-07-31 18:13:05,857 INFO  [org.apa.kaf.cli.con.int.ClassicKafkaConsumer] (Thread-738) [Consumer clientId=consumer-Consumer-topic-5148a720_870d_4711_9224_2807ac5c2b04-18, groupId=Consumer-topic-5148a720_870d_4711_9224_2807ac5c2b04] Subscribed to topic(s): topic-5148a720_870d_4711_9224_2807ac5c2b04
2025-07-31 18:13:05,865 INFO  [org.apa.kaf.cli.Metadata] (Thread-738) [Consumer clientId=consumer-Consumer-topic-5148a720_870d_4711_9224_2807ac5c2b04-18, groupId=Consumer-topic-5148a720_870d_4711_9224_2807ac5c2b04] Cluster ID: Pi_RUBSBSj-WuHInrGEQ6g
2025-07-31 18:13:05,865 INFO  [org.apa.kaf.cli.con.int.ConsumerCoordinator] (Thread-738) [Consumer clientId=consumer-Consumer-topic-5148a720_870d_4711_9224_2807ac5c2b04-18, groupId=Consumer-topic-5148a720_870d_4711_9224_2807ac5c2b04] Discovered group coordinator localhost:32770 (id: 2147483647 rack: null)
2025-07-31 18:13:05,869 INFO  [org.apa.kaf.cli.con.int.ConsumerCoordinator] (Thread-738) [Consumer clientId=consumer-Consumer-topic-5148a720_870d_4711_9224_2807ac5c2b04-18, groupId=Consumer-topic-5148a720_870d_4711_9224_2807ac5c2b04] (Re-)joining group
2025-07-31 18:13:05,871 INFO  [org.apa.kaf.cli.con.int.ConsumerCoordinator] (Thread-738) [Consumer clientId=consumer-Consumer-topic-5148a720_870d_4711_9224_2807ac5c2b04-18, groupId=Consumer-topic-5148a720_870d_4711_9224_2807ac5c2b04] Request joining group due to: need to re-join with the given member-id: consumer-Consumer-topic-5148a720_870d_4711_9224_2807ac5c2b04-18-000a683e-cde6-4246-95b0-16b5c80ce9e5
2025-07-31 18:13:05,872 INFO  [org.apa.kaf.cli.con.int.ConsumerCoordinator] (Thread-738) [Consumer clientId=consumer-Consumer-topic-5148a720_870d_4711_9224_2807ac5c2b04-18, groupId=Consumer-topic-5148a720_870d_4711_9224_2807ac5c2b04] (Re-)joining group
2025-07-31 18:13:05,875 INFO  [org.apa.kaf.cli.con.int.ConsumerCoordinator] (Thread-738) [Consumer clientId=consumer-Consumer-topic-5148a720_870d_4711_9224_2807ac5c2b04-18, groupId=Consumer-topic-5148a720_870d_4711_9224_2807ac5c2b04] Successfully joined group with generation Generation{generationId=1, memberId='consumer-Consumer-topic-5148a720_870d_4711_9224_2807ac5c2b04-18-000a683e-cde6-4246-95b0-16b5c80ce9e5', protocol='range'}
2025-07-31 18:13:05,876 INFO  [org.apa.kaf.cli.con.int.ConsumerCoordinator] (Thread-738) [Consumer clientId=consumer-Consumer-topic-5148a720_870d_4711_9224_2807ac5c2b04-18, groupId=Consumer-topic-5148a720_870d_4711_9224_2807ac5c2b04] Finished assignment for group at generation 1: {consumer-Consumer-topic-5148a720_870d_4711_9224_2807ac5c2b04-18-000a683e-cde6-4246-95b0-16b5c80ce9e5=Assignment(partitions=[topic-5148a720_870d_4711_9224_2807ac5c2b04-0])}
2025-07-31 18:13:05,880 INFO  [org.apa.kaf.cli.con.int.ConsumerCoordinator] (Thread-738) [Consumer clientId=consumer-Consumer-topic-5148a720_870d_4711_9224_2807ac5c2b04-18, groupId=Consumer-topic-5148a720_870d_4711_9224_2807ac5c2b04] Successfully synced group in generation Generation{generationId=1, memberId='consumer-Consumer-topic-5148a720_870d_4711_9224_2807ac5c2b04-18-000a683e-cde6-4246-95b0-16b5c80ce9e5', protocol='range'}
2025-07-31 18:13:05,880 INFO  [org.apa.kaf.cli.con.int.ConsumerCoordinator] (Thread-738) [Consumer clientId=consumer-Consumer-topic-5148a720_870d_4711_9224_2807ac5c2b04-18, groupId=Consumer-topic-5148a720_870d_4711_9224_2807ac5c2b04] Notifying assignor about the new Assignment(partitions=[topic-5148a720_870d_4711_9224_2807ac5c2b04-0])
2025-07-31 18:13:05,880 INFO  [org.apa.kaf.cli.con.int.ConsumerRebalanceListenerInvoker] (Thread-738) [Consumer clientId=consumer-Consumer-topic-5148a720_870d_4711_9224_2807ac5c2b04-18, groupId=Consumer-topic-5148a720_870d_4711_9224_2807ac5c2b04] Adding newly assigned partitions: topic-5148a720_870d_4711_9224_2807ac5c2b04-0
2025-07-31 18:13:05,881 INFO  [org.apa.kaf.cli.con.int.ConsumerCoordinator] (Thread-738) [Consumer clientId=consumer-Consumer-topic-5148a720_870d_4711_9224_2807ac5c2b04-18, groupId=Consumer-topic-5148a720_870d_4711_9224_2807ac5c2b04] Found no committed offset for partition topic-5148a720_870d_4711_9224_2807ac5c2b04-0
2025-07-31 18:13:05,883 INFO  [org.apa.kaf.cli.con.int.SubscriptionState] (Thread-738) [Consumer clientId=consumer-Consumer-topic-5148a720_870d_4711_9224_2807ac5c2b04-18, groupId=Consumer-topic-5148a720_870d_4711_9224_2807ac5c2b04] Resetting offset for partition topic-5148a720_870d_4711_9224_2807ac5c2b04-0 to position FetchPosition{offset=0, offsetEpoch=Optional.empty, currentLeader=LeaderAndEpoch{leader=Optional[localhost:32770 (id: 0 rack: null)], epoch=0}}.
2025-07-31 18:13:05,923 INFO  [io.api.tes.ser.api.KafkaSerdesTester] (Thread-738) topic-5148a720_870d_4711_9224_2807ac5c2b04 0 0 {"key11753985585633": "value-0"}
2025-07-31 18:13:05,923 INFO  [io.api.tes.ser.api.KafkaSerdesTester] (Thread-738) topic-5148a720_870d_4711_9224_2807ac5c2b04 0 1 {"key11753985585633": "value-1"}
2025-07-31 18:13:05,923 INFO  [io.api.tes.ser.api.KafkaSerdesTester] (Thread-738) topic-5148a720_870d_4711_9224_2807ac5c2b04 0 2 {"key11753985585633": "value-2"}
2025-07-31 18:13:05,923 INFO  [io.api.tes.ser.api.KafkaSerdesTester] (Thread-738) topic-5148a720_870d_4711_9224_2807ac5c2b04 0 3 {"key11753985585633": "value-3"}
2025-07-31 18:13:05,923 INFO  [io.api.tes.ser.api.KafkaSerdesTester] (Thread-738) topic-5148a720_870d_4711_9224_2807ac5c2b04 0 4 {"key11753985585633": "value-4"}
2025-07-31 18:13:05,923 INFO  [io.api.tes.ser.api.KafkaSerdesTester] (Thread-738) topic-5148a720_870d_4711_9224_2807ac5c2b04 0 5 {"key11753985585633": "value-5"}
2025-07-31 18:13:05,923 INFO  [io.api.tes.ser.api.KafkaSerdesTester] (Thread-738) topic-5148a720_870d_4711_9224_2807ac5c2b04 0 6 {"key11753985585633": "value-6"}
2025-07-31 18:13:05,923 INFO  [io.api.tes.ser.api.KafkaSerdesTester] (Thread-738) topic-5148a720_870d_4711_9224_2807ac5c2b04 0 7 {"key11753985585633": "value-7"}
2025-07-31 18:13:05,923 INFO  [io.api.tes.ser.api.KafkaSerdesTester] (Thread-738) topic-5148a720_870d_4711_9224_2807ac5c2b04 0 8 {"key11753985585633": "value-8"}
2025-07-31 18:13:05,923 INFO  [io.api.tes.ser.api.KafkaSerdesTester] (Thread-738) topic-5148a720_870d_4711_9224_2807ac5c2b04 0 9 {"key11753985585633": "value-9"}
2025-07-31 18:13:05,923 INFO  [io.api.tes.ser.api.KafkaSerdesTester] (Thread-738) Consumed 10 messages
2025-07-31 18:13:05,929 INFO  [org.apa.kaf.cli.con.int.ConsumerRebalanceListenerInvoker] (Thread-738) [Consumer clientId=consumer-Consumer-topic-5148a720_870d_4711_9224_2807ac5c2b04-18, groupId=Consumer-topic-5148a720_870d_4711_9224_2807ac5c2b04] Revoke previously assigned partitions topic-5148a720_870d_4711_9224_2807ac5c2b04-0
2025-07-31 18:13:05,929 INFO  [org.apa.kaf.cli.con.int.ConsumerCoordinator] (Thread-738) [Consumer clientId=consumer-Consumer-topic-5148a720_870d_4711_9224_2807ac5c2b04-18, groupId=Consumer-topic-5148a720_870d_4711_9224_2807ac5c2b04] Member consumer-Consumer-topic-5148a720_870d_4711_9224_2807ac5c2b04-18-000a683e-cde6-4246-95b0-16b5c80ce9e5 sending LeaveGroup request to coordinator localhost:32770 (id: 2147483647 rack: null) due to the consumer is being closed
2025-07-31 18:13:05,929 INFO  [org.apa.kaf.cli.con.int.ConsumerCoordinator] (Thread-738) [Consumer clientId=consumer-Consumer-topic-5148a720_870d_4711_9224_2807ac5c2b04-18, groupId=Consumer-topic-5148a720_870d_4711_9224_2807ac5c2b04] Resetting generation and member id due to: consumer pro-actively leaving the group
2025-07-31 18:13:05,929 INFO  [org.apa.kaf.cli.con.int.ConsumerCoordinator] (Thread-738) [Consumer clientId=consumer-Consumer-topic-5148a720_870d_4711_9224_2807ac5c2b04-18, groupId=Consumer-topic-5148a720_870d_4711_9224_2807ac5c2b04] Request joining group due to: consumer pro-actively leaving the group
2025-07-31 18:13:06,429 INFO  [org.apa.kaf.com.met.Metrics] (Thread-738) Metrics scheduler closed
2025-07-31 18:13:06,429 INFO  [org.apa.kaf.com.met.Metrics] (Thread-738) Closing reporter org.apache.kafka.common.metrics.JmxReporter
2025-07-31 18:13:06,429 INFO  [org.apa.kaf.com.met.Metrics] (Thread-738) Closing reporter org.apache.kafka.common.telemetry.internals.ClientTelemetryReporter
2025-07-31 18:13:06,429 INFO  [org.apa.kaf.com.met.Metrics] (Thread-738) Metrics reporters closed
2025-07-31 18:13:06,431 INFO  [org.apa.kaf.com.uti.AppInfoParser] (Thread-738) App info kafka.consumer for consumer-Consumer-topic-5148a720_870d_4711_9224_2807ac5c2b04-18 unregistered
2025-07-31 18:13:06,433 INFO  [io.api.tes.uti.TestSeparator] (main) io.apicurio.tests.serdes.apicurio.AvroSerdeIT.testGlobalIdInBody-FINISHED
2025-07-31 18:13:06,433 INFO  [io.api.tes.uti.TestSeparator] (main) ############################################################################
Test passed: testGlobalIdInBody
]]></system-out>
  </testcase>
  <testcase name="testProducerUsesGlobalIdConsumerUsesDefault" classname="io.apicurio.tests.serdes.apicurio.AvroSerdeIT" time="0.0">
    <skipped message="void io.apicurio.tests.serdes.apicurio.AvroSerdeIT.testProducerUsesGlobalIdConsumerUsesDefault() throws java.lang.Exception is @Disabled"/>
  </testcase>
</testsuite>