<?xml version="1.0" encoding="UTF-8"?>
<testsuite xmlns:xsi="http://www.w3.org/2001/XMLSchema-instance" xsi:noNamespaceSchemaLocation="https://maven.apache.org/surefire/maven-failsafe-plugin/xsd/failsafe-test-report.xsd" version="3.0.2" name="io.apicurio.tests.serdes.confluent.BasicConfluentSerDesIT" time="10.391" tests="8" errors="0" skipped="0" failures="0">
  <properties>
    <property name="java.specification.version" value="17"/>
    <property name="sun.jnu.encoding" value="UTF-8"/>
    <property name="java.class.path" value="/home/runner/work/apicurio-testing/apicurio-testing/clusters/ci419/namespaces/inmemory/tests/integration/apicurio-registry/integration-tests/target/test-classes:/home/runner/work/apicurio-testing/apicurio-testing/clusters/ci419/namespaces/inmemory/tests/integration/apicurio-registry/integration-tests/target/apicurio-registry-integration-tests-3.0.11-SNAPSHOT.jar:/home/runner/.m2/repository/io/quarkus/quarkus-junit5/3.20.1/quarkus-junit5-3.20.1.jar:/home/runner/.m2/repository/io/quarkus/quarkus-bootstrap-core/3.20.1/quarkus-bootstrap-core-3.20.1.jar:/home/runner/.m2/repository/io/quarkus/quarkus-classloader-commons/3.20.1/quarkus-classloader-commons-3.20.1.jar:/home/runner/.m2/repository/io/quarkus/quarkus-bootstrap-app-model/3.20.1/quarkus-bootstrap-app-model-3.20.1.jar:/home/runner/.m2/repository/io/smallrye/common/smallrye-common-io/2.12.0/smallrye-common-io-2.12.0.jar:/home/runner/.m2/repository/org/eclipse/sisu/org.eclipse.sisu.inject/0.9.0.M3/org.eclipse.sisu.inject-0.9.0.M3.jar:/home/runner/.m2/repository/io/quarkus/quarkus-test-common/3.20.1/quarkus-test-common-3.20.1.jar:/home/runner/.m2/repository/io/quarkus/quarkus-core-deployment/3.20.1/quarkus-core-deployment-3.20.1.jar:/home/runner/.m2/repository/org/aesh/readline/2.6/readline-2.6.jar:/home/runner/.m2/repository/org/fusesource/jansi/jansi/2.4.0/jansi-2.4.0.jar:/home/runner/.m2/repository/org/aesh/aesh/2.8.2/aesh-2.8.2.jar:/home/runner/.m2/repository/io/quarkus/gizmo/gizmo/1.8.0/gizmo-1.8.0.jar:/home/runner/.m2/repository/org/ow2/asm/asm-util/9.7.1/asm-util-9.7.1.jar:/home/runner/.m2/repository/org/ow2/asm/asm-analysis/9.7.1/asm-analysis-9.7.1.jar:/home/runner/.m2/repository/org/ow2/asm/asm-commons/9.7.1/asm-commons-9.7.1.jar:/home/runner/.m2/repository/org/ow2/asm/asm-tree/9.7.1/asm-tree-9.7.1.jar:/home/runner/.m2/repository/io/quarkus/quarkus-hibernate-validator-spi/3.20.1/quarkus-hibernate-validator-spi-3.20.1.jar:/home/runner/.m2/repository/io/quarkus/quarkus-class-change-agent/3.20.1/quarkus-class-change-agent-3.20.1.jar:/home/runner/.m2/repository/io/quarkus/quarkus-devtools-utilities/3.20.1/quarkus-devtools-utilities-3.20.1.jar:/home/runner/.m2/repository/io/quarkus/quarkus-builder/3.20.1/quarkus-builder-3.20.1.jar:/home/runner/.m2/repository/org/graalvm/sdk/nativeimage/23.1.2/nativeimage-23.1.2.jar:/home/runner/.m2/repository/org/graalvm/sdk/word/23.1.2/word-23.1.2.jar:/home/runner/.m2/repository/io/quarkus/quarkus-bootstrap-maven-resolver/3.20.1/quarkus-bootstrap-maven-resolver-3.20.1.jar:/home/runner/.m2/repository/io/smallrye/beanbag/smallrye-beanbag-maven/1.5.2/smallrye-beanbag-maven-1.5.2.jar:/home/runner/.m2/repository/io/smallrye/beanbag/smallrye-beanbag-sisu/1.5.2/smallrye-beanbag-sisu-1.5.2.jar:/home/runner/.m2/repository/io/smallrye/beanbag/smallrye-beanbag/1.5.2/smallrye-beanbag-1.5.2.jar:/home/runner/.m2/repository/javax/inject/javax.inject/1/javax.inject-1.jar:/home/runner/.m2/repository/org/apache/maven/maven-artifact/3.9.9/maven-artifact-3.9.9.jar:/home/runner/.m2/repository/org/apache/maven/maven-builder-support/3.9.9/maven-builder-support-3.9.9.jar:/home/runner/.m2/repository/org/apache/maven/maven-model/3.9.9/maven-model-3.9.9.jar:/home/runner/.m2/repository/org/apache/maven/maven-model-builder/3.9.9/maven-model-builder-3.9.9.jar:/home/runner/.m2/repository/org/apache/maven/maven-repository-metadata/3.9.9/maven-repository-metadata-3.9.9.jar:/home/runner/.m2/repository/org/apache/maven/maven-settings/3.9.9/maven-settings-3.9.9.jar:/home/runner/.m2/repository/org/apache/maven/resolver/maven-resolver-api/1.9.22/maven-resolver-api-1.9.22.jar:/home/runner/.m2/repository/org/apache/maven/resolver/maven-resolver-impl/1.9.22/maven-resolver-impl-1.9.22.jar:/home/runner/.m2/repository/org/apache/maven/resolver/maven-resolver-named-locks/1.9.22/maven-resolver-named-locks-1.9.22.jar:/home/runner/.m2/repository/org/apache/maven/resolver/maven-resolver-spi/1.9.22/maven-resolver-spi-1.9.22.jar:/home/runner/.m2/repository/org/apache/maven/resolver/maven-resolver-util/1.9.22/maven-resolver-util-1.9.22.jar:/home/runner/.m2/repository/org/apache/maven/resolver/maven-resolver-transport-http/1.9.20/maven-resolver-transport-http-1.9.20.jar:/home/runner/.m2/repository/org/apache/maven/wagon/wagon-provider-api/3.5.3/wagon-provider-api-3.5.3.jar:/home/runner/.m2/repository/org/apache/maven/wagon/wagon-http-shared/3.5.3/wagon-http-shared-3.5.3.jar:/home/runner/.m2/repository/org/codehaus/plexus/plexus-interpolation/1.26/plexus-interpolation-1.26.jar:/home/runner/.m2/repository/org/codehaus/plexus/plexus-utils/3.5.1/plexus-utils-3.5.1.jar:/home/runner/.m2/repository/org/codehaus/plexus/plexus-xml/4.0.1/plexus-xml-4.0.1.jar:/home/runner/.m2/repository/org/apache/maven/maven-xml-impl/4.0.0-alpha-5/maven-xml-impl-4.0.0-alpha-5.jar:/home/runner/.m2/repository/org/apache/maven/maven-api-xml/4.0.0-alpha-5/maven-api-xml-4.0.0-alpha-5.jar:/home/runner/.m2/repository/org/apache/maven/maven-api-meta/4.0.0-alpha-5/maven-api-meta-4.0.0-alpha-5.jar:/home/runner/.m2/repository/org/codehaus/plexus/plexus-cipher/2.0/plexus-cipher-2.0.jar:/home/runner/.m2/repository/org/codehaus/plexus/plexus-sec-dispatcher/2.0/plexus-sec-dispatcher-2.0.jar:/home/runner/.m2/repository/org/apache/maven/maven-embedder/3.9.9/maven-embedder-3.9.9.jar:/home/runner/.m2/repository/org/apache/maven/maven-core/3.9.9/maven-core-3.9.9.jar:/home/runner/.m2/repository/org/codehaus/plexus/plexus-component-annotations/2.1.0/plexus-component-annotations-2.1.0.jar:/home/runner/.m2/repository/org/apache/maven/maven-plugin-api/3.9.9/maven-plugin-api-3.9.9.jar:/home/runner/.m2/repository/org/apache/maven/shared/maven-shared-utils/3.4.2/maven-shared-utils-3.4.2.jar:/home/runner/.m2/repository/com/google/inject/guice/5.1.0/guice-5.1.0.jar:/home/runner/.m2/repository/aopalliance/aopalliance/1.0/aopalliance-1.0.jar:/home/runner/.m2/repository/org/codehaus/plexus/plexus-classworlds/2.6.0/plexus-classworlds-2.6.0.jar:/home/runner/.m2/repository/commons-cli/commons-cli/1.8.0/commons-cli-1.8.0.jar:/home/runner/.m2/repository/org/eclipse/sisu/org.eclipse.sisu.plexus/0.9.0.M3/org.eclipse.sisu.plexus-0.9.0.M3.jar:/home/runner/.m2/repository/org/apache/maven/maven-settings-builder/3.9.9/maven-settings-builder-3.9.9.jar:/home/runner/.m2/repository/org/apache/maven/maven-resolver-provider/3.9.9/maven-resolver-provider-3.9.9.jar:/home/runner/.m2/repository/org/apache/maven/resolver/maven-resolver-connector-basic/1.9.22/maven-resolver-connector-basic-1.9.22.jar:/home/runner/.m2/repository/org/apache/maven/resolver/maven-resolver-transport-wagon/1.9.22/maven-resolver-transport-wagon-1.9.22.jar:/home/runner/.m2/repository/org/apache/maven/wagon/wagon-http/3.5.3/wagon-http-3.5.3.jar:/home/runner/.m2/repository/org/apache/maven/wagon/wagon-file/3.5.3/wagon-file-3.5.3.jar:/home/runner/.m2/repository/io/quarkus/quarkus-bootstrap-gradle-resolver/3.20.1/quarkus-bootstrap-gradle-resolver-3.20.1.jar:/home/runner/.m2/repository/io/smallrye/jandex/3.3.0/jandex-3.3.0.jar:/home/runner/.m2/repository/org/jboss/logging/commons-logging-jboss-logging/1.0.0.Final/commons-logging-jboss-logging-1.0.0.Final.jar:/home/runner/.m2/repository/io/quarkus/quarkus-junit5-config/3.20.1/quarkus-junit5-config-3.20.1.jar:/home/runner/.m2/repository/org/junit/jupiter/junit-jupiter-api/5.12.1/junit-jupiter-api-5.12.1.jar:/home/runner/.m2/repository/io/smallrye/config/smallrye-config/3.11.4/smallrye-config-3.11.4.jar:/home/runner/.m2/repository/io/smallrye/config/smallrye-config-core/3.11.4/smallrye-config-core-3.11.4.jar:/home/runner/.m2/repository/io/smallrye/common/smallrye-common-classloader/2.12.0/smallrye-common-classloader-2.12.0.jar:/home/runner/.m2/repository/io/smallrye/config/smallrye-config-common/3.11.4/smallrye-config-common-3.11.4.jar:/home/runner/.m2/repository/org/junit/jupiter/junit-jupiter/5.12.1/junit-jupiter-5.12.1.jar:/home/runner/.m2/repository/org/junit/jupiter/junit-jupiter-params/5.12.1/junit-jupiter-params-5.12.1.jar:/home/runner/.m2/repository/org/junit/jupiter/junit-jupiter-engine/5.12.1/junit-jupiter-engine-5.12.1.jar:/home/runner/.m2/repository/io/quarkus/quarkus-core/3.20.1/quarkus-core-3.20.1.jar:/home/runner/.m2/repository/jakarta/enterprise/jakarta.enterprise.cdi-api/4.1.0/jakarta.enterprise.cdi-api-4.1.0.jar:/home/runner/.m2/repository/jakarta/enterprise/jakarta.enterprise.lang-model/4.1.0/jakarta.enterprise.lang-model-4.1.0.jar:/home/runner/.m2/repository/jakarta/el/jakarta.el-api/5.0.1/jakarta.el-api-5.0.1.jar:/home/runner/.m2/repository/jakarta/interceptor/jakarta.interceptor-api/2.2.0/jakarta.interceptor-api-2.2.0.jar:/home/runner/.m2/repository/jakarta/inject/jakarta.inject-api/2.0.1/jakarta.inject-api-2.0.1.jar:/home/runner/.m2/repository/io/smallrye/common/smallrye-common-os/2.12.0/smallrye-common-os-2.12.0.jar:/home/runner/.m2/repository/io/quarkus/quarkus-ide-launcher/3.20.1/quarkus-ide-launcher-3.20.1.jar:/home/runner/.m2/repository/io/quarkus/quarkus-development-mode-spi/3.20.1/quarkus-development-mode-spi-3.20.1.jar:/home/runner/.m2/repository/org/jboss/logging/jboss-logging/3.6.1.Final/jboss-logging-3.6.1.Final.jar:/home/runner/.m2/repository/org/jboss/logmanager/jboss-logmanager/3.1.2.Final/jboss-logmanager-3.1.2.Final.jar:/home/runner/.m2/repository/io/smallrye/common/smallrye-common-constraint/2.12.0/smallrye-common-constraint-2.12.0.jar:/home/runner/.m2/repository/io/smallrye/common/smallrye-common-cpu/2.12.0/smallrye-common-cpu-2.12.0.jar:/home/runner/.m2/repository/io/smallrye/common/smallrye-common-expression/2.12.0/smallrye-common-expression-2.12.0.jar:/home/runner/.m2/repository/io/smallrye/common/smallrye-common-net/2.12.0/smallrye-common-net-2.12.0.jar:/home/runner/.m2/repository/io/smallrye/common/smallrye-common-ref/2.12.0/smallrye-common-ref-2.12.0.jar:/home/runner/.m2/repository/jakarta/json/jakarta.json-api/2.1.3/jakarta.json-api-2.1.3.jar:/home/runner/.m2/repository/org/eclipse/parsson/parsson/1.1.7/parsson-1.1.7.jar:/home/runner/.m2/repository/org/jboss/logging/jboss-logging-annotations/3.0.4.Final/jboss-logging-annotations-3.0.4.Final.jar:/home/runner/.m2/repository/org/jboss/threads/jboss-threads/3.8.0.Final/jboss-threads-3.8.0.Final.jar:/home/runner/.m2/repository/io/smallrye/common/smallrye-common-annotation/2.12.0/smallrye-common-annotation-2.12.0.jar:/home/runner/.m2/repository/io/smallrye/common/smallrye-common-function/2.12.0/smallrye-common-function-2.12.0.jar:/home/runner/.m2/repository/org/jboss/slf4j/slf4j-jboss-logmanager/2.0.0.Final/slf4j-jboss-logmanager-2.0.0.Final.jar:/home/runner/.m2/repository/org/wildfly/common/wildfly-common/2.0.1/wildfly-common-2.0.1.jar:/home/runner/.m2/repository/io/quarkus/quarkus-bootstrap-runner/3.20.1/quarkus-bootstrap-runner-3.20.1.jar:/home/runner/.m2/repository/io/github/crac/org-crac/0.1.3/org-crac-0.1.3.jar:/home/runner/.m2/repository/io/quarkus/quarkus-fs-util/0.0.10/quarkus-fs-util-0.0.10.jar:/home/runner/.m2/repository/org/jboss/marshalling/jboss-marshalling/2.2.2.Final/jboss-marshalling-2.2.2.Final.jar:/home/runner/.m2/repository/io/fabric8/kubernetes-client/7.1.0/kubernetes-client-7.1.0.jar:/home/runner/.m2/repository/io/fabric8/kubernetes-client-api/7.1.0/kubernetes-client-api-7.1.0.jar:/home/runner/.m2/repository/io/fabric8/kubernetes-model-core/7.1.0/kubernetes-model-core-7.1.0.jar:/home/runner/.m2/repository/io/fabric8/kubernetes-model-common/7.1.0/kubernetes-model-common-7.1.0.jar:/home/runner/.m2/repository/javax/annotation/javax.annotation-api/1.3.2/javax.annotation-api-1.3.2.jar:/home/runner/.m2/repository/io/fabric8/kubernetes-model-gatewayapi/7.1.0/kubernetes-model-gatewayapi-7.1.0.jar:/home/runner/.m2/repository/io/fabric8/kubernetes-model-resource/7.1.0/kubernetes-model-resource-7.1.0.jar:/home/runner/.m2/repository/io/fabric8/kubernetes-model-rbac/7.1.0/kubernetes-model-rbac-7.1.0.jar:/home/runner/.m2/repository/io/fabric8/kubernetes-model-admissionregistration/7.1.0/kubernetes-model-admissionregistration-7.1.0.jar:/home/runner/.m2/repository/io/fabric8/kubernetes-model-apps/7.1.0/kubernetes-model-apps-7.1.0.jar:/home/runner/.m2/repository/io/fabric8/kubernetes-model-autoscaling/7.1.0/kubernetes-model-autoscaling-7.1.0.jar:/home/runner/.m2/repository/io/fabric8/kubernetes-model-apiextensions/7.1.0/kubernetes-model-apiextensions-7.1.0.jar:/home/runner/.m2/repository/io/fabric8/kubernetes-model-batch/7.1.0/kubernetes-model-batch-7.1.0.jar:/home/runner/.m2/repository/io/fabric8/kubernetes-model-certificates/7.1.0/kubernetes-model-certificates-7.1.0.jar:/home/runner/.m2/repository/io/fabric8/kubernetes-model-coordination/7.1.0/kubernetes-model-coordination-7.1.0.jar:/home/runner/.m2/repository/io/fabric8/kubernetes-model-discovery/7.1.0/kubernetes-model-discovery-7.1.0.jar:/home/runner/.m2/repository/io/fabric8/kubernetes-model-events/7.1.0/kubernetes-model-events-7.1.0.jar:/home/runner/.m2/repository/io/fabric8/kubernetes-model-extensions/7.1.0/kubernetes-model-extensions-7.1.0.jar:/home/runner/.m2/repository/io/fabric8/kubernetes-model-flowcontrol/7.1.0/kubernetes-model-flowcontrol-7.1.0.jar:/home/runner/.m2/repository/io/fabric8/kubernetes-model-networking/7.1.0/kubernetes-model-networking-7.1.0.jar:/home/runner/.m2/repository/io/fabric8/kubernetes-model-metrics/7.1.0/kubernetes-model-metrics-7.1.0.jar:/home/runner/.m2/repository/io/fabric8/kubernetes-model-policy/7.1.0/kubernetes-model-policy-7.1.0.jar:/home/runner/.m2/repository/io/fabric8/kubernetes-model-scheduling/7.1.0/kubernetes-model-scheduling-7.1.0.jar:/home/runner/.m2/repository/io/fabric8/kubernetes-model-storageclass/7.1.0/kubernetes-model-storageclass-7.1.0.jar:/home/runner/.m2/repository/io/fabric8/kubernetes-model-node/7.1.0/kubernetes-model-node-7.1.0.jar:/home/runner/.m2/repository/org/snakeyaml/snakeyaml-engine/2.9/snakeyaml-engine-2.9.jar:/home/runner/.m2/repository/com/fasterxml/jackson/dataformat/jackson-dataformat-yaml/2.15.2/jackson-dataformat-yaml-2.15.2.jar:/home/runner/.m2/repository/com/fasterxml/jackson/datatype/jackson-datatype-jsr310/2.18.2/jackson-datatype-jsr310-2.18.2.jar:/home/runner/.m2/repository/io/fabric8/zjsonpatch/7.1.0/zjsonpatch-7.1.0.jar:/home/runner/.m2/repository/io/fabric8/kubernetes-httpclient-vertx/7.1.0/kubernetes-httpclient-vertx-7.1.0.jar:/home/runner/.m2/repository/io/vertx/vertx-web-client/4.5.14/vertx-web-client-4.5.14.jar:/home/runner/.m2/repository/io/vertx/vertx-web-common/4.5.14/vertx-web-common-4.5.14.jar:/home/runner/.m2/repository/io/vertx/vertx-auth-common/4.5.14/vertx-auth-common-4.5.14.jar:/home/runner/.m2/repository/io/vertx/vertx-uri-template/4.5.14/vertx-uri-template-4.5.14.jar:/home/runner/.m2/repository/io/fabric8/openshift-client/7.1.0/openshift-client-7.1.0.jar:/home/runner/.m2/repository/io/fabric8/openshift-client-api/7.1.0/openshift-client-api-7.1.0.jar:/home/runner/.m2/repository/io/fabric8/openshift-model/7.1.0/openshift-model-7.1.0.jar:/home/runner/.m2/repository/io/fabric8/openshift-model-autoscaling/7.1.0/openshift-model-autoscaling-7.1.0.jar:/home/runner/.m2/repository/io/fabric8/openshift-model-operator/7.1.0/openshift-model-operator-7.1.0.jar:/home/runner/.m2/repository/io/fabric8/openshift-model-operatorhub/7.1.0/openshift-model-operatorhub-7.1.0.jar:/home/runner/.m2/repository/io/fabric8/openshift-model-machine/7.1.0/openshift-model-machine-7.1.0.jar:/home/runner/.m2/repository/io/fabric8/openshift-model-whereabouts/7.1.0/openshift-model-whereabouts-7.1.0.jar:/home/runner/.m2/repository/io/fabric8/openshift-model-monitoring/7.1.0/openshift-model-monitoring-7.1.0.jar:/home/runner/.m2/repository/io/fabric8/openshift-model-storageversionmigrator/7.1.0/openshift-model-storageversionmigrator-7.1.0.jar:/home/runner/.m2/repository/io/fabric8/openshift-model-tuned/7.1.0/openshift-model-tuned-7.1.0.jar:/home/runner/.m2/repository/io/fabric8/openshift-model-console/7.1.0/openshift-model-console-7.1.0.jar:/home/runner/.m2/repository/io/fabric8/openshift-model-config/7.1.0/openshift-model-config-7.1.0.jar:/home/runner/.m2/repository/io/fabric8/openshift-model-machineconfiguration/7.1.0/openshift-model-machineconfiguration-7.1.0.jar:/home/runner/.m2/repository/io/fabric8/openshift-model-miscellaneous/7.1.0/openshift-model-miscellaneous-7.1.0.jar:/home/runner/.m2/repository/io/fabric8/openshift-model-hive/7.1.0/openshift-model-hive-7.1.0.jar:/home/runner/.m2/repository/io/fabric8/openshift-model-installer/7.1.0/openshift-model-installer-7.1.0.jar:/home/runner/.m2/repository/org/junit/platform/junit-platform-launcher/1.12.1/junit-platform-launcher-1.12.1.jar:/home/runner/.m2/repository/org/junit/platform/junit-platform-engine/1.12.1/junit-platform-engine-1.12.1.jar:/home/runner/.m2/repository/org/opentest4j/opentest4j/1.3.0/opentest4j-1.3.0.jar:/home/runner/.m2/repository/org/junit/platform/junit-platform-commons/1.12.1/junit-platform-commons-1.12.1.jar:/home/runner/.m2/repository/org/apiguardian/apiguardian-api/1.1.2/apiguardian-api-1.1.2.jar:/home/runner/.m2/repository/jakarta/ws/rs/jakarta.ws.rs-api/3.1.0/jakarta.ws.rs-api-3.1.0.jar:/home/runner/work/apicurio-testing/apicurio-testing/clusters/ci419/namespaces/inmemory/tests/integration/apicurio-registry/java-sdk/target/apicurio-registry-java-sdk-3.0.11-SNAPSHOT.jar:/home/runner/.m2/repository/com/microsoft/kiota/microsoft-kiota-abstractions/1.8.8/microsoft-kiota-abstractions-1.8.8.jar:/home/runner/.m2/repository/io/github/std-uritemplate/std-uritemplate/2.0.0/std-uritemplate-2.0.0.jar:/home/runner/.m2/repository/io/kiota/kiota-http-jdk/0.0.21/kiota-http-jdk-0.0.21.jar:/home/runner/.m2/repository/io/kiota/kiota-http-vertx/0.0.21/kiota-http-vertx-0.0.21.jar:/home/runner/.m2/repository/io/kiota/kiota-serialization-jackson/0.0.21/kiota-serialization-jackson-0.0.21.jar:/home/runner/.m2/repository/com/microsoft/kiota/microsoft-kiota-serialization-text/1.8.8/microsoft-kiota-serialization-text-1.8.8.jar:/home/runner/.m2/repository/com/microsoft/kiota/microsoft-kiota-serialization-form/1.8.8/microsoft-kiota-serialization-form-1.8.8.jar:/home/runner/.m2/repository/com/microsoft/kiota/microsoft-kiota-serialization-multipart/1.8.8/microsoft-kiota-serialization-multipart-1.8.8.jar:/home/runner/.m2/repository/jakarta/annotation/jakarta.annotation-api/3.0.0/jakarta.annotation-api-3.0.0.jar:/home/runner/.m2/repository/io/vertx/vertx-auth-oauth2/4.5.14/vertx-auth-oauth2-4.5.14.jar:/home/runner/work/apicurio-testing/apicurio-testing/clusters/ci419/namespaces/inmemory/tests/integration/apicurio-registry/java-sdk-v2/target/apicurio-registry-v2-java-sdk-3.0.11-SNAPSHOT.jar:/home/runner/work/apicurio-testing/apicurio-testing/clusters/ci419/namespaces/inmemory/tests/integration/apicurio-registry/utils/kafka/target/apicurio-registry-utils-kafka-3.0.11-SNAPSHOT-tests.jar:/home/runner/.m2/repository/org/eclipse/microprofile/config/microprofile-config-api/3.1/microprofile-config-api-3.1.jar:/home/runner/.m2/repository/org/apache/kafka/kafka-clients/3.9.1/kafka-clients-3.9.1.jar:/home/runner/.m2/repository/com/github/luben/zstd-jni/1.5.6-4/zstd-jni-1.5.6-4.jar:/home/runner/.m2/repository/org/lz4/lz4-java/1.8.0/lz4-java-1.8.0.jar:/home/runner/.m2/repository/org/xerial/snappy/snappy-java/1.1.10.5/snappy-java-1.1.10.5.jar:/home/runner/.m2/repository/org/slf4j/slf4j-api/2.0.6/slf4j-api-2.0.6.jar:/home/runner/work/apicurio-testing/apicurio-testing/clusters/ci419/namespaces/inmemory/tests/integration/apicurio-registry/utils/tests/target/apicurio-registry-utils-tests-3.0.11-SNAPSHOT.jar:/home/runner/work/apicurio-testing/apicurio-testing/clusters/ci419/namespaces/inmemory/tests/integration/apicurio-registry/common/target/apicurio-registry-common-3.0.11-SNAPSHOT.jar:/home/runner/.m2/repository/jakarta/validation/jakarta.validation-api/3.0.2/jakarta.validation-api-3.0.2.jar:/home/runner/.m2/repository/com/github/dasniko/testcontainers-keycloak/3.6.0/testcontainers-keycloak-3.6.0.jar:/home/runner/.m2/repository/org/testcontainers/testcontainers/1.20.6/testcontainers-1.20.6.jar:/home/runner/.m2/repository/org/rnorth/duct-tape/duct-tape/1.0.8/duct-tape-1.0.8.jar:/home/runner/.m2/repository/org/jetbrains/annotations/26.0.2/annotations-26.0.2.jar:/home/runner/.m2/repository/com/github/docker-java/docker-java-transport-zerodep/3.4.1/docker-java-transport-zerodep-3.4.1.jar:/home/runner/.m2/repository/com/github/docker-java/docker-java-transport/3.4.1/docker-java-transport-3.4.1.jar:/home/runner/.m2/repository/net/java/dev/jna/jna/5.8.0/jna-5.8.0.jar:/home/runner/.m2/repository/io/quarkus/quarkus-junit4-mock/3.20.1/quarkus-junit4-mock-3.20.1.jar:/home/runner/.m2/repository/org/jboss/shrinkwrap/shrinkwrap-api/2.0.0-beta-2/shrinkwrap-api-2.0.0-beta-2.jar:/home/runner/.m2/repository/org/jboss/shrinkwrap/shrinkwrap-impl-base/2.0.0-beta-2/shrinkwrap-impl-base-2.0.0-beta-2.jar:/home/runner/.m2/repository/org/jboss/shrinkwrap/shrinkwrap-spi/2.0.0-beta-2/shrinkwrap-spi-2.0.0-beta-2.jar:/home/runner/.m2/repository/org/keycloak/keycloak-admin-client/26.0.4/keycloak-admin-client-26.0.4.jar:/home/runner/.m2/repository/org/keycloak/keycloak-client-common-synced/26.0.4/keycloak-client-common-synced-26.0.4.jar:/home/runner/.m2/repository/jakarta/activation/jakarta.activation-api/2.1.3/jakarta.activation-api-2.1.3.jar:/home/runner/.m2/repository/org/eclipse/microprofile/openapi/microprofile-openapi-api/4.0.2/microprofile-openapi-api-4.0.2.jar:/home/runner/.m2/repository/org/jboss/resteasy/resteasy-client/6.2.12.Final/resteasy-client-6.2.12.Final.jar:/home/runner/.m2/repository/org/jboss/resteasy/resteasy-client-api/6.2.12.Final/resteasy-client-api-6.2.12.Final.jar:/home/runner/.m2/repository/org/jboss/resteasy/resteasy-core-spi/6.2.12.Final/resteasy-core-spi-6.2.12.Final.jar:/home/runner/.m2/repository/org/jboss/resteasy/resteasy-core/6.2.12.Final/resteasy-core-6.2.12.Final.jar:/home/runner/.m2/repository/org/eclipse/angus/angus-activation/2.0.2/angus-activation-2.0.2.jar:/home/runner/.m2/repository/com/ibm/async/asyncutil/0.1.0/asyncutil-0.1.0.jar:/home/runner/.m2/repository/org/reactivestreams/reactive-streams/1.0.4/reactive-streams-1.0.4.jar:/home/runner/.m2/repository/org/jboss/resteasy/resteasy-multipart-provider/6.2.12.Final/resteasy-multipart-provider-6.2.12.Final.jar:/home/runner/.m2/repository/jakarta/mail/jakarta.mail-api/2.1.3/jakarta.mail-api-2.1.3.jar:/home/runner/.m2/repository/org/eclipse/angus/angus-mail/2.0.3/angus-mail-2.0.3.jar:/home/runner/.m2/repository/org/apache/james/apache-mime4j-dom/0.8.12/apache-mime4j-dom-0.8.12.jar:/home/runner/.m2/repository/org/apache/james/apache-mime4j-core/0.8.12/apache-mime4j-core-0.8.12.jar:/home/runner/.m2/repository/org/apache/james/apache-mime4j-storage/0.8.12/apache-mime4j-storage-0.8.12.jar:/home/runner/.m2/repository/org/jboss/resteasy/resteasy-jackson2-provider/6.2.12.Final/resteasy-jackson2-provider-6.2.12.Final.jar:/home/runner/.m2/repository/com/fasterxml/jackson/jakarta/rs/jackson-jakarta-rs-base/2.18.2/jackson-jakarta-rs-base-2.18.2.jar:/home/runner/.m2/repository/com/fasterxml/jackson/jakarta/rs/jackson-jakarta-rs-json-provider/2.18.2/jackson-jakarta-rs-json-provider-2.18.2.jar:/home/runner/.m2/repository/com/fasterxml/jackson/module/jackson-module-jakarta-xmlbind-annotations/2.18.2/jackson-module-jakarta-xmlbind-annotations-2.18.2.jar:/home/runner/.m2/repository/com/github/java-json-tools/json-patch/1.13/json-patch-1.13.jar:/home/runner/.m2/repository/com/github/java-json-tools/msg-simple/1.2/msg-simple-1.2.jar:/home/runner/.m2/repository/com/github/java-json-tools/btf/1.3/btf-1.3.jar:/home/runner/.m2/repository/com/github/java-json-tools/jackson-coreutils/2.0/jackson-coreutils-2.0.jar:/home/runner/.m2/repository/org/jboss/resteasy/resteasy-jaxb-provider/6.2.12.Final/resteasy-jaxb-provider-6.2.12.Final.jar:/home/runner/.m2/repository/org/glassfish/jaxb/codemodel/4.0.5/codemodel-4.0.5.jar:/home/runner/.m2/repository/org/glassfish/jaxb/jaxb-core/4.0.5/jaxb-core-4.0.5.jar:/home/runner/.m2/repository/org/glassfish/jaxb/jaxb-jxc/4.0.5/jaxb-jxc-4.0.5.jar:/home/runner/.m2/repository/org/glassfish/jaxb/jaxb-runtime/4.0.5/jaxb-runtime-4.0.5.jar:/home/runner/.m2/repository/org/glassfish/jaxb/txw2/4.0.5/txw2-4.0.5.jar:/home/runner/.m2/repository/org/glassfish/jaxb/jaxb-xjc/4.0.5/jaxb-xjc-4.0.5.jar:/home/runner/.m2/repository/org/glassfish/jaxb/xsom/4.0.5/xsom-4.0.5.jar:/home/runner/.m2/repository/com/sun/istack/istack-commons-runtime/4.1.2/istack-commons-runtime-4.1.2.jar:/home/runner/.m2/repository/com/sun/istack/istack-commons-tools/4.1.2/istack-commons-tools-4.1.2.jar:/home/runner/.m2/repository/com/sun/xml/bind/external/relaxng-datatype/4.0.5/relaxng-datatype-4.0.5.jar:/home/runner/.m2/repository/com/sun/xml/bind/external/rngom/4.0.5/rngom-4.0.5.jar:/home/runner/.m2/repository/org/testcontainers/mssqlserver/1.20.6/mssqlserver-1.20.6.jar:/home/runner/.m2/repository/org/testcontainers/jdbc/1.20.6/jdbc-1.20.6.jar:/home/runner/.m2/repository/org/testcontainers/database-commons/1.20.6/database-commons-1.20.6.jar:/home/runner/.m2/repository/org/testcontainers/mysql/1.20.6/mysql-1.20.6.jar:/home/runner/.m2/repository/io/strimzi/strimzi-test-container/0.107.0/strimzi-test-container-0.107.0.jar:/home/runner/.m2/repository/org/testcontainers/toxiproxy/1.20.6/toxiproxy-1.20.6.jar:/home/runner/.m2/repository/com/github/docker-java/docker-java-api/3.4.1/docker-java-api-3.4.1.jar:/home/runner/.m2/repository/eu/rekawek/toxiproxy/toxiproxy-java/2.1.7/toxiproxy-java-2.1.7.jar:/home/runner/.m2/repository/junit/junit/4.13.2/junit-4.13.2.jar:/home/runner/.m2/repository/org/hamcrest/hamcrest-core/1.3/hamcrest-core-1.3.jar:/home/runner/.m2/repository/org/testcontainers/pulsar/1.20.4/pulsar-1.20.4.jar:/home/runner/.m2/repository/io/debezium/debezium-testing-testcontainers/2.6.2.Final/debezium-testing-testcontainers-2.6.2.Final.jar:/home/runner/.m2/repository/org/testcontainers/kafka/1.20.6/kafka-1.20.6.jar:/home/runner/.m2/repository/com/squareup/okhttp3/okhttp/4.8.1/okhttp-4.8.1.jar:/home/runner/.m2/repository/com/squareup/okio/okio/3.10.2/okio-3.10.2.jar:/home/runner/.m2/repository/com/squareup/okio/okio-jvm/3.10.2/okio-jvm-3.10.2.jar:/home/runner/.m2/repository/org/jetbrains/kotlin/kotlin-stdlib/2.0.21/kotlin-stdlib-2.0.21.jar:/home/runner/.m2/repository/org/awaitility/awaitility/4.2.2/awaitility-4.2.2.jar:/home/runner/.m2/repository/org/testcontainers/mongodb/1.20.6/mongodb-1.20.6.jar:/home/runner/.m2/repository/org/testcontainers/oracle-xe/1.20.6/oracle-xe-1.20.6.jar:/home/runner/.m2/repository/org/testcontainers/postgresql/1.20.6/postgresql-1.20.6.jar:/home/runner/.m2/repository/org/wiremock/wiremock/3.0.1/wiremock-3.0.1.jar:/home/runner/.m2/repository/org/eclipse/jetty/jetty-server/11.0.15/jetty-server-11.0.15.jar:/home/runner/.m2/repository/org/eclipse/jetty/toolchain/jetty-jakarta-servlet-api/5.0.2/jetty-jakarta-servlet-api-5.0.2.jar:/home/runner/.m2/repository/org/eclipse/jetty/jetty-http/11.0.15/jetty-http-11.0.15.jar:/home/runner/.m2/repository/org/eclipse/jetty/jetty-io/11.0.15/jetty-io-11.0.15.jar:/home/runner/.m2/repository/org/eclipse/jetty/jetty-servlet/11.0.15/jetty-servlet-11.0.15.jar:/home/runner/.m2/repository/org/eclipse/jetty/jetty-security/11.0.15/jetty-security-11.0.15.jar:/home/runner/.m2/repository/org/eclipse/jetty/jetty-servlets/11.0.15/jetty-servlets-11.0.15.jar:/home/runner/.m2/repository/org/eclipse/jetty/jetty-util/11.0.15/jetty-util-11.0.15.jar:/home/runner/.m2/repository/org/eclipse/jetty/jetty-webapp/11.0.15/jetty-webapp-11.0.15.jar:/home/runner/.m2/repository/org/eclipse/jetty/jetty-xml/11.0.15/jetty-xml-11.0.15.jar:/home/runner/.m2/repository/org/eclipse/jetty/jetty-proxy/11.0.15/jetty-proxy-11.0.15.jar:/home/runner/.m2/repository/org/eclipse/jetty/jetty-client/11.0.15/jetty-client-11.0.15.jar:/home/runner/.m2/repository/org/eclipse/jetty/http2/http2-server/11.0.15/http2-server-11.0.15.jar:/home/runner/.m2/repository/org/eclipse/jetty/http2/http2-common/11.0.15/http2-common-11.0.15.jar:/home/runner/.m2/repository/org/eclipse/jetty/http2/http2-hpack/11.0.15/http2-hpack-11.0.15.jar:/home/runner/.m2/repository/org/eclipse/jetty/jetty-alpn-server/11.0.15/jetty-alpn-server-11.0.15.jar:/home/runner/.m2/repository/org/eclipse/jetty/jetty-alpn-java-server/11.0.15/jetty-alpn-java-server-11.0.15.jar:/home/runner/.m2/repository/org/eclipse/jetty/jetty-alpn-java-client/11.0.15/jetty-alpn-java-client-11.0.15.jar:/home/runner/.m2/repository/org/eclipse/jetty/jetty-alpn-client/11.0.15/jetty-alpn-client-11.0.15.jar:/home/runner/.m2/repository/org/apache/httpcomponents/client5/httpclient5/5.2.1/httpclient5-5.2.1.jar:/home/runner/.m2/repository/org/apache/httpcomponents/core5/httpcore5/5.2/httpcore5-5.2.jar:/home/runner/.m2/repository/org/apache/httpcomponents/core5/httpcore5-h2/5.2/httpcore5-h2-5.2.jar:/home/runner/.m2/repository/org/xmlunit/xmlunit-core/2.9.1/xmlunit-core-2.9.1.jar:/home/runner/.m2/repository/jakarta/xml/bind/jakarta.xml.bind-api/4.0.2/jakarta.xml.bind-api-4.0.2.jar:/home/runner/.m2/repository/org/xmlunit/xmlunit-legacy/2.9.1/xmlunit-legacy-2.9.1.jar:/home/runner/.m2/repository/org/xmlunit/xmlunit-placeholders/2.9.1/xmlunit-placeholders-2.9.1.jar:/home/runner/.m2/repository/net/javacrumbs/json-unit/json-unit-core/2.38.0/json-unit-core-2.38.0.jar:/home/runner/.m2/repository/com/jayway/jsonpath/json-path/2.8.0/json-path-2.8.0.jar:/home/runner/.m2/repository/net/minidev/json-smart/2.4.10/json-smart-2.4.10.jar:/home/runner/.m2/repository/net/minidev/accessors-smart/2.4.9/accessors-smart-2.4.9.jar:/home/runner/.m2/repository/org/ow2/asm/asm/9.7.1/asm-9.7.1.jar:/home/runner/.m2/repository/net/sf/jopt-simple/jopt-simple/5.0.4/jopt-simple-5.0.4.jar:/home/runner/.m2/repository/com/github/jknack/handlebars/4.3.1/handlebars-4.3.1.jar:/home/runner/.m2/repository/com/github/jknack/handlebars-helpers/4.3.1/handlebars-helpers-4.3.1.jar:/home/runner/.m2/repository/commons-fileupload/commons-fileupload/1.5/commons-fileupload-1.5.jar:/home/runner/.m2/repository/com/networknt/json-schema-validator/1.5.5/json-schema-validator-1.5.5.jar:/home/runner/.m2/repository/com/ethlo/time/itu/1.10.3/itu-1.10.3.jar:/home/runner/.m2/repository/io/quarkus/quarkus-smallrye-jwt-build/3.20.1/quarkus-smallrye-jwt-build-3.20.1.jar:/home/runner/.m2/repository/io/smallrye/smallrye-jwt-build/4.6.1/smallrye-jwt-build-4.6.1.jar:/home/runner/.m2/repository/org/eclipse/microprofile/jwt/microprofile-jwt-auth-api/2.1/microprofile-jwt-auth-api-2.1.jar:/home/runner/.m2/repository/org/bitbucket/b_c/jose4j/0.9.6/jose4j-0.9.6.jar:/home/runner/.m2/repository/io/smallrye/smallrye-jwt-common/4.6.1/smallrye-jwt-common-4.6.1.jar:/home/runner/.m2/repository/io/quarkus/quarkus-jsonp/3.20.1/quarkus-jsonp-3.20.1.jar:/home/runner/.m2/repository/io/quarkus/quarkus-arc/3.20.1/quarkus-arc-3.20.1.jar:/home/runner/.m2/repository/io/quarkus/arc/arc/3.20.1/arc-3.20.1.jar:/home/runner/.m2/repository/jakarta/transaction/jakarta.transaction-api/2.0.1/jakarta.transaction-api-2.0.1.jar:/home/runner/.m2/repository/io/smallrye/reactive/mutiny/2.8.0/mutiny-2.8.0.jar:/home/runner/.m2/repository/org/jctools/jctools-core/4.0.5/jctools-core-4.0.5.jar:/home/runner/.m2/repository/org/eclipse/microprofile/context-propagation/microprofile-context-propagation-api/1.3/microprofile-context-propagation-api-1.3.jar:/home/runner/.m2/repository/io/apicurio/apicurio-common-rest-client-common/0.1.18.Final/apicurio-common-rest-client-common-0.1.18.Final.jar:/home/runner/work/apicurio-testing/apicurio-testing/clusters/ci419/namespaces/inmemory/tests/integration/apicurio-registry/utils/maven-plugin/target/apicurio-registry-maven-plugin-3.0.11-SNAPSHOT.jar:/home/runner/.m2/repository/com/fasterxml/jackson/core/jackson-databind/2.18.2/jackson-databind-2.18.2.jar:/home/runner/.m2/repository/org/apache/avro/avro/1.12.0/avro-1.12.0.jar:/home/runner/.m2/repository/com/google/protobuf/protobuf-java/4.31.1/protobuf-java-4.31.1.jar:/home/runner/.m2/repository/com/google/protobuf/protobuf-java-util/4.31.1/protobuf-java-util-4.31.1.jar:/home/runner/.m2/repository/com/google/code/findbugs/jsr305/3.0.2/jsr305-3.0.2.jar:/home/runner/.m2/repository/com/google/code/gson/gson/2.12.1/gson-2.12.1.jar:/home/runner/.m2/repository/com/google/errorprone/error_prone_annotations/2.36.0/error_prone_annotations-2.36.0.jar:/home/runner/.m2/repository/com/google/j2objc/j2objc-annotations/2.8/j2objc-annotations-2.8.jar:/home/runner/work/apicurio-testing/apicurio-testing/clusters/ci419/namespaces/inmemory/tests/integration/apicurio-registry/schema-util/util-provider/target/apicurio-registry-schema-util-provider-3.0.11-SNAPSHOT.jar:/home/runner/work/apicurio-testing/apicurio-testing/clusters/ci419/namespaces/inmemory/tests/integration/apicurio-registry/schema-util/common/target/apicurio-registry-schema-util-common-3.0.11-SNAPSHOT.jar:/home/runner/.m2/repository/com/fasterxml/jackson/module/jackson-module-parameter-names/2.18.2/jackson-module-parameter-names-2.18.2.jar:/home/runner/.m2/repository/com/fasterxml/jackson/datatype/jackson-datatype-json-org/2.18.2/jackson-datatype-json-org-2.18.2.jar:/home/runner/work/apicurio-testing/apicurio-testing/clusters/ci419/namespaces/inmemory/tests/integration/apicurio-registry/schema-util/json/target/apicurio-registry-schema-util-json-3.0.11-SNAPSHOT.jar:/home/runner/.m2/repository/com/github/erosb/everit-json-schema/1.14.5/everit-json-schema-1.14.5.jar:/home/runner/.m2/repository/commons-validator/commons-validator/1.9.0/commons-validator-1.9.0.jar:/home/runner/.m2/repository/commons-digester/commons-digester/2.1/commons-digester-2.1.jar:/home/runner/.m2/repository/commons-collections/commons-collections/3.2.2/commons-collections-3.2.2.jar:/home/runner/.m2/repository/com/damnhandy/handy-uri-templates/2.1.8/handy-uri-templates-2.1.8.jar:/home/runner/.m2/repository/joda-time/joda-time/2.10.2/joda-time-2.10.2.jar:/home/runner/.m2/repository/com/github/erosb/json-sKema/0.20.0/json-sKema-0.20.0.jar:/home/runner/.m2/repository/io/vertx/vertx-json-schema/4.5.14/vertx-json-schema-4.5.14.jar:/home/runner/work/apicurio-testing/apicurio-testing/clusters/ci419/namespaces/inmemory/tests/integration/apicurio-registry/schema-util/protobuf/target/apicurio-registry-schema-util-protobuf-3.0.11-SNAPSHOT.jar:/home/runner/work/apicurio-testing/apicurio-testing/clusters/ci419/namespaces/inmemory/tests/integration/apicurio-registry/utils/protobuf-schema-utilities/target/apicurio-registry-protobuf-schema-utilities-3.0.11-SNAPSHOT.jar:/home/runner/.m2/repository/com/google/api/grpc/proto-google-common-protos/2.52.0/proto-google-common-protos-2.52.0.jar:/home/runner/.m2/repository/com/squareup/wire/wire-schema-jvm/5.3.3/wire-schema-jvm-5.3.3.jar:/home/runner/.m2/repository/com/palantir/javapoet/javapoet/0.6.0/javapoet-0.6.0.jar:/home/runner/.m2/repository/com/squareup/kotlinpoet-jvm/2.0.0/kotlinpoet-jvm-2.0.0.jar:/home/runner/.m2/repository/org/jetbrains/kotlin/kotlin-reflect/2.0.21/kotlin-reflect-2.0.21.jar:/home/runner/.m2/repository/com/squareup/wire/wire-runtime-jvm/5.3.3/wire-runtime-jvm-5.3.3.jar:/home/runner/.m2/repository/com/ibm/icu/icu4j/76.1/icu4j-76.1.jar:/home/runner/.m2/repository/com/squareup/okio/okio-fakefilesystem/3.10.2/okio-fakefilesystem-3.10.2.jar:/home/runner/.m2/repository/com/squareup/okio/okio-fakefilesystem-jvm/3.10.2/okio-fakefilesystem-jvm-3.10.2.jar:/home/runner/.m2/repository/org/jetbrains/kotlinx/kotlinx-datetime-jvm/0.6.1/kotlinx-datetime-jvm-0.6.1.jar:/home/runner/work/apicurio-testing/apicurio-testing/clusters/ci419/namespaces/inmemory/tests/integration/apicurio-registry/schema-util/asyncapi/target/apicurio-registry-schema-util-asyncapi-3.0.11-SNAPSHOT.jar:/home/runner/work/apicurio-testing/apicurio-testing/clusters/ci419/namespaces/inmemory/tests/integration/apicurio-registry/schema-util/avro/target/apicurio-registry-schema-util-avro-3.0.11-SNAPSHOT.jar:/home/runner/work/apicurio-testing/apicurio-testing/clusters/ci419/namespaces/inmemory/tests/integration/apicurio-registry/schema-util/graphql/target/apicurio-registry-schema-util-graphql-3.0.11-SNAPSHOT.jar:/home/runner/.m2/repository/com/graphql-java/graphql-java/22.3/graphql-java-22.3.jar:/home/runner/.m2/repository/com/graphql-java/java-dataloader/3.3.0/java-dataloader-3.3.0.jar:/home/runner/work/apicurio-testing/apicurio-testing/clusters/ci419/namespaces/inmemory/tests/integration/apicurio-registry/schema-util/kconnect/target/apicurio-registry-schema-util-kconnect-3.0.11-SNAPSHOT.jar:/home/runner/work/apicurio-testing/apicurio-testing/clusters/ci419/namespaces/inmemory/tests/integration/apicurio-registry/schema-util/openapi/target/apicurio-registry-schema-util-openapi-3.0.11-SNAPSHOT.jar:/home/runner/.m2/repository/io/apicurio/apicurio-data-models/2.2.1/apicurio-data-models-2.2.1.jar:/home/runner/.m2/repository/org/openapitools/openapidiff/openapi-diff-core/2.1.2/openapi-diff-core-2.1.2.jar:/home/runner/.m2/repository/io/swagger/parser/v3/swagger-parser/2.1.28/swagger-parser-2.1.28.jar:/home/runner/.m2/repository/io/swagger/parser/v3/swagger-parser-v2-converter/2.1.28/swagger-parser-v2-converter-2.1.28.jar:/home/runner/.m2/repository/io/swagger/swagger-core/1.6.16/swagger-core-1.6.16.jar:/home/runner/.m2/repository/io/swagger/swagger-models/1.6.16/swagger-models-1.6.16.jar:/home/runner/.m2/repository/io/swagger/swagger-annotations/1.6.16/swagger-annotations-1.6.16.jar:/home/runner/.m2/repository/io/swagger/swagger-parser/1.0.75/swagger-parser-1.0.75.jar:/home/runner/.m2/repository/io/swagger/swagger-parser-safe-url-resolver/1.0.75/swagger-parser-safe-url-resolver-1.0.75.jar:/home/runner/.m2/repository/io/swagger/swagger-compat-spec-parser/1.0.75/swagger-compat-spec-parser-1.0.75.jar:/home/runner/.m2/repository/com/github/java-json-tools/json-schema-validator/2.2.14/json-schema-validator-2.2.14.jar:/home/runner/.m2/repository/com/github/java-json-tools/jackson-coreutils-equivalence/1.0/jackson-coreutils-equivalence-1.0.jar:/home/runner/.m2/repository/com/github/java-json-tools/json-schema-core/1.2.14/json-schema-core-1.2.14.jar:/home/runner/.m2/repository/com/github/java-json-tools/uri-template/0.10/uri-template-0.10.jar:/home/runner/.m2/repository/com/googlecode/libphonenumber/libphonenumber/8.11.1/libphonenumber-8.11.1.jar:/home/runner/.m2/repository/com/j2html/j2html/1.6.0/j2html-1.6.0.jar:/home/runner/.m2/repository/org/apache/commons/commons-collections4/4.5.0/commons-collections4-4.5.0.jar:/home/runner/.m2/repository/org/apache/commons/commons-configuration2/2.12.0/commons-configuration2-2.12.0.jar:/home/runner/.m2/repository/org/apache/commons/commons-text/1.13.0/commons-text-1.13.0.jar:/home/runner/.m2/repository/org/slf4j/jcl-over-slf4j/2.0.17/jcl-over-slf4j-2.0.17.jar:/home/runner/.m2/repository/io/swagger/parser/v3/swagger-parser-v3/2.1.30/swagger-parser-v3-2.1.30.jar:/home/runner/.m2/repository/io/swagger/core/v3/swagger-models/2.2.34/swagger-models-2.2.34.jar:/home/runner/.m2/repository/io/swagger/core/v3/swagger-core/2.2.34/swagger-core-2.2.34.jar:/home/runner/.m2/repository/io/swagger/parser/v3/swagger-parser-core/2.1.30/swagger-parser-core-2.1.30.jar:/home/runner/.m2/repository/io/swagger/parser/v3/swagger-parser-safe-url-resolver/2.1.30/swagger-parser-safe-url-resolver-2.1.30.jar:/home/runner/work/apicurio-testing/apicurio-testing/clusters/ci419/namespaces/inmemory/tests/integration/apicurio-registry/schema-util/wsdl/target/apicurio-registry-schema-util-wsdl-3.0.11-SNAPSHOT.jar:/home/runner/.m2/repository/wsdl4j/wsdl4j/1.6.3/wsdl4j-1.6.3.jar:/home/runner/work/apicurio-testing/apicurio-testing/clusters/ci419/namespaces/inmemory/tests/integration/apicurio-registry/schema-util/xml/target/apicurio-registry-schema-util-xml-3.0.11-SNAPSHOT.jar:/home/runner/.m2/repository/org/apache/santuario/xmlsec/4.0.3/xmlsec-4.0.3.jar:/home/runner/.m2/repository/com/fasterxml/woodstox/woodstox-core/7.1.0/woodstox-core-7.1.0.jar:/home/runner/.m2/repository/org/codehaus/woodstox/stax2-api/4.2.2/stax2-api-4.2.2.jar:/home/runner/work/apicurio-testing/apicurio-testing/clusters/ci419/namespaces/inmemory/tests/integration/apicurio-registry/schema-util/xsd/target/apicurio-registry-schema-util-xsd-3.0.11-SNAPSHOT.jar:/home/runner/work/apicurio-testing/apicurio-testing/clusters/ci419/namespaces/inmemory/tests/integration/apicurio-registry/serdes/kafka/jsonschema-serde/target/apicurio-registry-jsonschema-serde-kafka-3.0.11-SNAPSHOT.jar:/home/runner/work/apicurio-testing/apicurio-testing/clusters/ci419/namespaces/inmemory/tests/integration/apicurio-registry/serdes/kafka/serde-kafka-common/target/apicurio-registry-serde-kafka-common-3.0.11-SNAPSHOT.jar:/home/runner/work/apicurio-testing/apicurio-testing/clusters/ci419/namespaces/inmemory/tests/integration/apicurio-registry/serdes/generic/serde-common/target/apicurio-registry-serde-common-3.0.11-SNAPSHOT.jar:/home/runner/work/apicurio-testing/apicurio-testing/clusters/ci419/namespaces/inmemory/tests/integration/apicurio-registry/serdes/generic/serde-common-jsonschema/target/apicurio-registry-serde-common-jsonschema-3.0.11-SNAPSHOT.jar:/home/runner/.m2/repository/org/json/json/20250107/json-20250107.jar:/home/runner/work/apicurio-testing/apicurio-testing/clusters/ci419/namespaces/inmemory/tests/integration/apicurio-registry/serdes/kafka/avro-serde/target/apicurio-registry-avro-serde-kafka-3.0.11-SNAPSHOT.jar:/home/runner/work/apicurio-testing/apicurio-testing/clusters/ci419/namespaces/inmemory/tests/integration/apicurio-registry/serdes/generic/serde-common-avro/target/apicurio-registry-serde-common-avro-3.0.11-SNAPSHOT.jar:/home/runner/work/apicurio-testing/apicurio-testing/clusters/ci419/namespaces/inmemory/tests/integration/apicurio-registry/serdes/kafka/protobuf-serde/target/apicurio-registry-protobuf-serde-kafka-3.0.11-SNAPSHOT.jar:/home/runner/work/apicurio-testing/apicurio-testing/clusters/ci419/namespaces/inmemory/tests/integration/apicurio-registry/serdes/generic/serde-common-protobuf/target/apicurio-registry-serde-common-protobuf-3.0.11-SNAPSHOT.jar:/home/runner/.m2/repository/com/squareup/wire/wire-schema/5.3.3/wire-schema-5.3.3.jar:/home/runner/.m2/repository/com/squareup/wire/wire-runtime/5.3.3/wire-runtime-5.3.3.jar:/home/runner/work/apicurio-testing/apicurio-testing/clusters/ci419/namespaces/inmemory/tests/integration/apicurio-registry/serdes/pulsar/avro-serde/target/apicurio-registry-avro-serde-pulsar-3.0.11-SNAPSHOT.jar:/home/runner/.m2/repository/org/apache/pulsar/pulsar-functions-api/3.3.4/pulsar-functions-api-3.3.4.jar:/home/runner/work/apicurio-testing/apicurio-testing/clusters/ci419/namespaces/inmemory/tests/integration/apicurio-registry/serdes/nats/avro-serde/target/apicurio-registry-avro-serde-nats-3.0.11-SNAPSHOT.jar:/home/runner/.m2/repository/io/nats/jnats/2.20.5/jnats-2.20.5.jar:/home/runner/.m2/repository/net/i2p/crypto/eddsa/0.3.0/eddsa-0.3.0.jar:/home/runner/work/apicurio-testing/apicurio-testing/clusters/ci419/namespaces/inmemory/tests/integration/apicurio-registry/utils/converter/target/apicurio-registry-utils-converter-3.0.11-SNAPSHOT.jar:/home/runner/work/apicurio-testing/apicurio-testing/clusters/ci419/namespaces/inmemory/tests/integration/apicurio-registry/schema-resolver/target/apicurio-registry-schema-resolver-3.0.11-SNAPSHOT.jar:/home/runner/.m2/repository/org/apache/kafka/connect-api/3.9.1/connect-api-3.9.1.jar:/home/runner/.m2/repository/javax/ws/rs/javax.ws.rs-api/2.1.1/javax.ws.rs-api-2.1.1.jar:/home/runner/.m2/repository/org/apache/kafka/connect-json/3.9.1/connect-json-3.9.1.jar:/home/runner/.m2/repository/com/fasterxml/jackson/datatype/jackson-datatype-jdk8/2.18.2/jackson-datatype-jdk8-2.18.2.jar:/home/runner/.m2/repository/com/fasterxml/jackson/module/jackson-module-afterburner/2.18.2/jackson-module-afterburner-2.18.2.jar:/home/runner/work/apicurio-testing/apicurio-testing/clusters/ci419/namespaces/inmemory/tests/integration/apicurio-registry/utils/kafka/target/apicurio-registry-utils-kafka-3.0.11-SNAPSHOT.jar:/home/runner/.m2/repository/org/apache/pulsar/pulsar-client/3.3.4/pulsar-client-3.3.4.jar:/home/runner/.m2/repository/org/apache/pulsar/pulsar-client-api/3.3.4/pulsar-client-api-3.3.4.jar:/home/runner/.m2/repository/org/apache/pulsar/pulsar-client-admin-api/3.3.4/pulsar-client-admin-api-3.3.4.jar:/home/runner/.m2/repository/org/apache/pulsar/bouncy-castle-bc/3.3.4/bouncy-castle-bc-3.3.4-pkg.jar:/home/runner/.m2/repository/org/bouncycastle/bcpkix-jdk18on/1.80/bcpkix-jdk18on-1.80.jar:/home/runner/.m2/repository/org/bouncycastle/bcutil-jdk18on/1.80/bcutil-jdk18on-1.80.jar:/home/runner/.m2/repository/org/bouncycastle/bcprov-jdk18on/1.80/bcprov-jdk18on-1.80.jar:/home/runner/.m2/repository/io/opentelemetry/opentelemetry-api/1.44.1/opentelemetry-api-1.44.1.jar:/home/runner/.m2/repository/io/opentelemetry/opentelemetry-context/1.44.1/opentelemetry-context-1.44.1.jar:/home/runner/.m2/repository/io/opentelemetry/opentelemetry-api-incubator/1.44.1-alpha/opentelemetry-api-incubator-1.44.1-alpha.jar:/home/runner/.m2/repository/com/fasterxml/jackson/core/jackson-annotations/2.18.2/jackson-annotations-2.18.2.jar:/home/runner/.m2/repository/javax/validation/validation-api/1.1.0.Final/validation-api-1.1.0.Final.jar:/home/runner/.m2/repository/io/confluent/kafka-avro-serializer/8.0.0/kafka-avro-serializer-8.0.0.jar:/home/runner/.m2/repository/org/apache/commons/commons-compress/1.27.1/commons-compress-1.27.1.jar:/home/runner/.m2/repository/io/confluent/kafka-schema-serializer/8.0.0/kafka-schema-serializer-8.0.0.jar:/home/runner/.m2/repository/com/fasterxml/jackson/dataformat/jackson-dataformat-csv/2.18.2/jackson-dataformat-csv-2.18.2.jar:/home/runner/.m2/repository/io/confluent/kafka-schema-registry-client/8.0.0/kafka-schema-registry-client-8.0.0.jar:/home/runner/.m2/repository/org/yaml/snakeyaml/2.3/snakeyaml-2.3.jar:/home/runner/.m2/repository/io/swagger/core/v3/swagger-annotations/2.2.29/swagger-annotations-2.2.29.jar:/home/runner/.m2/repository/com/google/guava/guava/33.4.0-jre/guava-33.4.0-jre.jar:/home/runner/.m2/repository/com/google/guava/failureaccess/1.0.1/failureaccess-1.0.1.jar:/home/runner/.m2/repository/org/checkerframework/checker-qual/3.49.0/checker-qual-3.49.0.jar:/home/runner/.m2/repository/io/confluent/logredactor/1.0.13/logredactor-1.0.13.jar:/home/runner/.m2/repository/com/google/re2j/re2j/1.6/re2j-1.6.jar:/home/runner/.m2/repository/io/confluent/logredactor-metrics/1.0.13/logredactor-metrics-1.0.13.jar:/home/runner/.m2/repository/com/eclipsesource/minimal-json/minimal-json/0.9.5/minimal-json-0.9.5.jar:/home/runner/.m2/repository/io/confluent/common-utils/8.0.0/common-utils-8.0.0.jar:/home/runner/.m2/repository/io/confluent/kafka-connect-avro-converter/8.0.0/kafka-connect-avro-converter-8.0.0.jar:/home/runner/.m2/repository/io/confluent/kafka-connect-avro-data/8.0.0/kafka-connect-avro-data-8.0.0.jar:/home/runner/.m2/repository/io/confluent/kafka-schema-converter/8.0.0/kafka-schema-converter-8.0.0.jar:/home/runner/.m2/repository/io/rest-assured/rest-assured/5.5.1/rest-assured-5.5.1.jar:/home/runner/.m2/repository/org/apache/groovy/groovy/4.0.22/groovy-4.0.22.jar:/home/runner/.m2/repository/org/apache/groovy/groovy-xml/4.0.22/groovy-xml-4.0.22.jar:/home/runner/.m2/repository/org/apache/httpcomponents/httpclient/4.5.14/httpclient-4.5.14.jar:/home/runner/.m2/repository/org/apache/httpcomponents/httpcore/4.4.16/httpcore-4.4.16.jar:/home/runner/.m2/repository/org/apache/httpcomponents/httpmime/4.5.14/httpmime-4.5.14.jar:/home/runner/.m2/repository/org/hamcrest/hamcrest/2.2/hamcrest-2.2.jar:/home/runner/.m2/repository/org/ccil/cowan/tagsoup/tagsoup/1.2.1/tagsoup-1.2.1.jar:/home/runner/.m2/repository/io/rest-assured/json-path/5.5.1/json-path-5.5.1.jar:/home/runner/.m2/repository/org/apache/groovy/groovy-json/4.0.22/groovy-json-4.0.22.jar:/home/runner/.m2/repository/io/rest-assured/rest-assured-common/5.5.1/rest-assured-common-5.5.1.jar:/home/runner/.m2/repository/io/rest-assured/xml-path/5.5.1/xml-path-5.5.1.jar:/home/runner/.m2/repository/io/zonky/test/embedded-postgres/2.1.0/embedded-postgres-2.1.0.jar:/home/runner/.m2/repository/io/zonky/test/postgres/embedded-postgres-binaries-windows-amd64/14.15.0/embedded-postgres-binaries-windows-amd64-14.15.0.jar:/home/runner/.m2/repository/io/zonky/test/postgres/embedded-postgres-binaries-darwin-amd64/14.15.0/embedded-postgres-binaries-darwin-amd64-14.15.0.jar:/home/runner/.m2/repository/io/zonky/test/postgres/embedded-postgres-binaries-linux-amd64/14.15.0/embedded-postgres-binaries-linux-amd64-14.15.0.jar:/home/runner/.m2/repository/io/zonky/test/postgres/embedded-postgres-binaries-linux-amd64-alpine/14.15.0/embedded-postgres-binaries-linux-amd64-alpine-14.15.0.jar:/home/runner/.m2/repository/org/apache/commons/commons-lang3/3.17.0/commons-lang3-3.17.0.jar:/home/runner/.m2/repository/org/tukaani/xz/1.10/xz-1.10.jar:/home/runner/.m2/repository/commons-codec/commons-codec/1.18.0/commons-codec-1.18.0.jar:/home/runner/.m2/repository/org/postgresql/postgresql/42.7.5/postgresql-42.7.5.jar:/home/runner/.m2/repository/commons-io/commons-io/2.18.0/commons-io-2.18.0.jar:/home/runner/work/apicurio-testing/apicurio-testing/clusters/ci419/namespaces/inmemory/tests/integration/apicurio-registry/utils/importexport/target/apicurio-registry-utils-import-export-3.0.11-SNAPSHOT.jar:/home/runner/.m2/repository/io/vertx/vertx-core/4.5.14/vertx-core-4.5.14.jar:/home/runner/.m2/repository/io/netty/netty-common/4.1.119.Final/netty-common-4.1.119.Final.jar:/home/runner/.m2/repository/io/netty/netty-buffer/4.1.119.Final/netty-buffer-4.1.119.Final.jar:/home/runner/.m2/repository/io/netty/netty-transport/4.1.119.Final/netty-transport-4.1.119.Final.jar:/home/runner/.m2/repository/io/netty/netty-handler/4.1.119.Final/netty-handler-4.1.119.Final.jar:/home/runner/.m2/repository/io/netty/netty-transport-native-unix-common/4.1.119.Final/netty-transport-native-unix-common-4.1.119.Final.jar:/home/runner/.m2/repository/io/netty/netty-codec/4.1.119.Final/netty-codec-4.1.119.Final.jar:/home/runner/.m2/repository/io/netty/netty-handler-proxy/4.1.119.Final/netty-handler-proxy-4.1.119.Final.jar:/home/runner/.m2/repository/io/netty/netty-codec-socks/4.1.119.Final/netty-codec-socks-4.1.119.Final.jar:/home/runner/.m2/repository/io/netty/netty-codec-http/4.1.119.Final/netty-codec-http-4.1.119.Final.jar:/home/runner/.m2/repository/io/netty/netty-codec-http2/4.1.119.Final/netty-codec-http2-4.1.119.Final.jar:/home/runner/.m2/repository/io/netty/netty-resolver/4.1.119.Final/netty-resolver-4.1.119.Final.jar:/home/runner/.m2/repository/io/netty/netty-resolver-dns/4.1.119.Final/netty-resolver-dns-4.1.119.Final.jar:/home/runner/.m2/repository/io/netty/netty-codec-dns/4.1.119.Final/netty-codec-dns-4.1.119.Final.jar:/home/runner/.m2/repository/com/fasterxml/jackson/core/jackson-core/2.18.2/jackson-core-2.18.2.jar:"/>
    <property name="java.vm.vendor" value="Eclipse Adoptium"/>
    <property name="maven.javadoc.skip" value="true"/>
    <property name="sun.arch.data.model" value="64"/>
    <property name="java.vendor.url" value="https://adoptium.net/"/>
    <property name="user.timezone" value="Etc/UTC"/>
    <property name="os.name" value="Linux"/>
    <property name="java.vm.specification.version" value="17"/>
    <property name="sun.java.launcher" value="SUN_STANDARD"/>
    <property name="quarkus.http.test-port" value="80"/>
    <property name="sun.boot.library.path" value="/usr/lib/jvm/temurin-17-jdk-amd64/lib"/>
    <property name="sun.java.command" value="/home/runner/work/apicurio-testing/apicurio-testing/clusters/ci419/namespaces/inmemory/tests/integration/apicurio-registry/integration-tests/target/surefire/surefirebooter-20250731181204509_3.jar /home/runner/work/apicurio-testing/apicurio-testing/clusters/ci419/namespaces/inmemory/tests/integration/apicurio-registry/integration-tests/target/surefire 2025-07-31T18-12-04_406-jvmRun1 surefire-20250731181204509_1tmp surefire_0-20250731181204509_2tmp"/>
    <property name="maven.home" value="/home/runner/.m2/wrapper/dists/apache-maven-3.9.8-bin/4fnp1ql35bgk2a0p7m31ovbgb0/apache-maven-3.9.8"/>
    <property name="jdk.debug" value="release"/>
    <property name="surefire.test.class.path" value="/home/runner/work/apicurio-testing/apicurio-testing/clusters/ci419/namespaces/inmemory/tests/integration/apicurio-registry/integration-tests/target/test-classes:/home/runner/work/apicurio-testing/apicurio-testing/clusters/ci419/namespaces/inmemory/tests/integration/apicurio-registry/integration-tests/target/apicurio-registry-integration-tests-3.0.11-SNAPSHOT.jar:/home/runner/.m2/repository/io/quarkus/quarkus-junit5/3.20.1/quarkus-junit5-3.20.1.jar:/home/runner/.m2/repository/io/quarkus/quarkus-bootstrap-core/3.20.1/quarkus-bootstrap-core-3.20.1.jar:/home/runner/.m2/repository/io/quarkus/quarkus-classloader-commons/3.20.1/quarkus-classloader-commons-3.20.1.jar:/home/runner/.m2/repository/io/quarkus/quarkus-bootstrap-app-model/3.20.1/quarkus-bootstrap-app-model-3.20.1.jar:/home/runner/.m2/repository/io/smallrye/common/smallrye-common-io/2.12.0/smallrye-common-io-2.12.0.jar:/home/runner/.m2/repository/org/eclipse/sisu/org.eclipse.sisu.inject/0.9.0.M3/org.eclipse.sisu.inject-0.9.0.M3.jar:/home/runner/.m2/repository/io/quarkus/quarkus-test-common/3.20.1/quarkus-test-common-3.20.1.jar:/home/runner/.m2/repository/io/quarkus/quarkus-core-deployment/3.20.1/quarkus-core-deployment-3.20.1.jar:/home/runner/.m2/repository/org/aesh/readline/2.6/readline-2.6.jar:/home/runner/.m2/repository/org/fusesource/jansi/jansi/2.4.0/jansi-2.4.0.jar:/home/runner/.m2/repository/org/aesh/aesh/2.8.2/aesh-2.8.2.jar:/home/runner/.m2/repository/io/quarkus/gizmo/gizmo/1.8.0/gizmo-1.8.0.jar:/home/runner/.m2/repository/org/ow2/asm/asm-util/9.7.1/asm-util-9.7.1.jar:/home/runner/.m2/repository/org/ow2/asm/asm-analysis/9.7.1/asm-analysis-9.7.1.jar:/home/runner/.m2/repository/org/ow2/asm/asm-commons/9.7.1/asm-commons-9.7.1.jar:/home/runner/.m2/repository/org/ow2/asm/asm-tree/9.7.1/asm-tree-9.7.1.jar:/home/runner/.m2/repository/io/quarkus/quarkus-hibernate-validator-spi/3.20.1/quarkus-hibernate-validator-spi-3.20.1.jar:/home/runner/.m2/repository/io/quarkus/quarkus-class-change-agent/3.20.1/quarkus-class-change-agent-3.20.1.jar:/home/runner/.m2/repository/io/quarkus/quarkus-devtools-utilities/3.20.1/quarkus-devtools-utilities-3.20.1.jar:/home/runner/.m2/repository/io/quarkus/quarkus-builder/3.20.1/quarkus-builder-3.20.1.jar:/home/runner/.m2/repository/org/graalvm/sdk/nativeimage/23.1.2/nativeimage-23.1.2.jar:/home/runner/.m2/repository/org/graalvm/sdk/word/23.1.2/word-23.1.2.jar:/home/runner/.m2/repository/io/quarkus/quarkus-bootstrap-maven-resolver/3.20.1/quarkus-bootstrap-maven-resolver-3.20.1.jar:/home/runner/.m2/repository/io/smallrye/beanbag/smallrye-beanbag-maven/1.5.2/smallrye-beanbag-maven-1.5.2.jar:/home/runner/.m2/repository/io/smallrye/beanbag/smallrye-beanbag-sisu/1.5.2/smallrye-beanbag-sisu-1.5.2.jar:/home/runner/.m2/repository/io/smallrye/beanbag/smallrye-beanbag/1.5.2/smallrye-beanbag-1.5.2.jar:/home/runner/.m2/repository/javax/inject/javax.inject/1/javax.inject-1.jar:/home/runner/.m2/repository/org/apache/maven/maven-artifact/3.9.9/maven-artifact-3.9.9.jar:/home/runner/.m2/repository/org/apache/maven/maven-builder-support/3.9.9/maven-builder-support-3.9.9.jar:/home/runner/.m2/repository/org/apache/maven/maven-model/3.9.9/maven-model-3.9.9.jar:/home/runner/.m2/repository/org/apache/maven/maven-model-builder/3.9.9/maven-model-builder-3.9.9.jar:/home/runner/.m2/repository/org/apache/maven/maven-repository-metadata/3.9.9/maven-repository-metadata-3.9.9.jar:/home/runner/.m2/repository/org/apache/maven/maven-settings/3.9.9/maven-settings-3.9.9.jar:/home/runner/.m2/repository/org/apache/maven/resolver/maven-resolver-api/1.9.22/maven-resolver-api-1.9.22.jar:/home/runner/.m2/repository/org/apache/maven/resolver/maven-resolver-impl/1.9.22/maven-resolver-impl-1.9.22.jar:/home/runner/.m2/repository/org/apache/maven/resolver/maven-resolver-named-locks/1.9.22/maven-resolver-named-locks-1.9.22.jar:/home/runner/.m2/repository/org/apache/maven/resolver/maven-resolver-spi/1.9.22/maven-resolver-spi-1.9.22.jar:/home/runner/.m2/repository/org/apache/maven/resolver/maven-resolver-util/1.9.22/maven-resolver-util-1.9.22.jar:/home/runner/.m2/repository/org/apache/maven/resolver/maven-resolver-transport-http/1.9.20/maven-resolver-transport-http-1.9.20.jar:/home/runner/.m2/repository/org/apache/maven/wagon/wagon-provider-api/3.5.3/wagon-provider-api-3.5.3.jar:/home/runner/.m2/repository/org/apache/maven/wagon/wagon-http-shared/3.5.3/wagon-http-shared-3.5.3.jar:/home/runner/.m2/repository/org/codehaus/plexus/plexus-interpolation/1.26/plexus-interpolation-1.26.jar:/home/runner/.m2/repository/org/codehaus/plexus/plexus-utils/3.5.1/plexus-utils-3.5.1.jar:/home/runner/.m2/repository/org/codehaus/plexus/plexus-xml/4.0.1/plexus-xml-4.0.1.jar:/home/runner/.m2/repository/org/apache/maven/maven-xml-impl/4.0.0-alpha-5/maven-xml-impl-4.0.0-alpha-5.jar:/home/runner/.m2/repository/org/apache/maven/maven-api-xml/4.0.0-alpha-5/maven-api-xml-4.0.0-alpha-5.jar:/home/runner/.m2/repository/org/apache/maven/maven-api-meta/4.0.0-alpha-5/maven-api-meta-4.0.0-alpha-5.jar:/home/runner/.m2/repository/org/codehaus/plexus/plexus-cipher/2.0/plexus-cipher-2.0.jar:/home/runner/.m2/repository/org/codehaus/plexus/plexus-sec-dispatcher/2.0/plexus-sec-dispatcher-2.0.jar:/home/runner/.m2/repository/org/apache/maven/maven-embedder/3.9.9/maven-embedder-3.9.9.jar:/home/runner/.m2/repository/org/apache/maven/maven-core/3.9.9/maven-core-3.9.9.jar:/home/runner/.m2/repository/org/codehaus/plexus/plexus-component-annotations/2.1.0/plexus-component-annotations-2.1.0.jar:/home/runner/.m2/repository/org/apache/maven/maven-plugin-api/3.9.9/maven-plugin-api-3.9.9.jar:/home/runner/.m2/repository/org/apache/maven/shared/maven-shared-utils/3.4.2/maven-shared-utils-3.4.2.jar:/home/runner/.m2/repository/com/google/inject/guice/5.1.0/guice-5.1.0.jar:/home/runner/.m2/repository/aopalliance/aopalliance/1.0/aopalliance-1.0.jar:/home/runner/.m2/repository/org/codehaus/plexus/plexus-classworlds/2.6.0/plexus-classworlds-2.6.0.jar:/home/runner/.m2/repository/commons-cli/commons-cli/1.8.0/commons-cli-1.8.0.jar:/home/runner/.m2/repository/org/eclipse/sisu/org.eclipse.sisu.plexus/0.9.0.M3/org.eclipse.sisu.plexus-0.9.0.M3.jar:/home/runner/.m2/repository/org/apache/maven/maven-settings-builder/3.9.9/maven-settings-builder-3.9.9.jar:/home/runner/.m2/repository/org/apache/maven/maven-resolver-provider/3.9.9/maven-resolver-provider-3.9.9.jar:/home/runner/.m2/repository/org/apache/maven/resolver/maven-resolver-connector-basic/1.9.22/maven-resolver-connector-basic-1.9.22.jar:/home/runner/.m2/repository/org/apache/maven/resolver/maven-resolver-transport-wagon/1.9.22/maven-resolver-transport-wagon-1.9.22.jar:/home/runner/.m2/repository/org/apache/maven/wagon/wagon-http/3.5.3/wagon-http-3.5.3.jar:/home/runner/.m2/repository/org/apache/maven/wagon/wagon-file/3.5.3/wagon-file-3.5.3.jar:/home/runner/.m2/repository/io/quarkus/quarkus-bootstrap-gradle-resolver/3.20.1/quarkus-bootstrap-gradle-resolver-3.20.1.jar:/home/runner/.m2/repository/io/smallrye/jandex/3.3.0/jandex-3.3.0.jar:/home/runner/.m2/repository/org/jboss/logging/commons-logging-jboss-logging/1.0.0.Final/commons-logging-jboss-logging-1.0.0.Final.jar:/home/runner/.m2/repository/io/quarkus/quarkus-junit5-config/3.20.1/quarkus-junit5-config-3.20.1.jar:/home/runner/.m2/repository/org/junit/jupiter/junit-jupiter-api/5.12.1/junit-jupiter-api-5.12.1.jar:/home/runner/.m2/repository/io/smallrye/config/smallrye-config/3.11.4/smallrye-config-3.11.4.jar:/home/runner/.m2/repository/io/smallrye/config/smallrye-config-core/3.11.4/smallrye-config-core-3.11.4.jar:/home/runner/.m2/repository/io/smallrye/common/smallrye-common-classloader/2.12.0/smallrye-common-classloader-2.12.0.jar:/home/runner/.m2/repository/io/smallrye/config/smallrye-config-common/3.11.4/smallrye-config-common-3.11.4.jar:/home/runner/.m2/repository/org/junit/jupiter/junit-jupiter/5.12.1/junit-jupiter-5.12.1.jar:/home/runner/.m2/repository/org/junit/jupiter/junit-jupiter-params/5.12.1/junit-jupiter-params-5.12.1.jar:/home/runner/.m2/repository/org/junit/jupiter/junit-jupiter-engine/5.12.1/junit-jupiter-engine-5.12.1.jar:/home/runner/.m2/repository/io/quarkus/quarkus-core/3.20.1/quarkus-core-3.20.1.jar:/home/runner/.m2/repository/jakarta/enterprise/jakarta.enterprise.cdi-api/4.1.0/jakarta.enterprise.cdi-api-4.1.0.jar:/home/runner/.m2/repository/jakarta/enterprise/jakarta.enterprise.lang-model/4.1.0/jakarta.enterprise.lang-model-4.1.0.jar:/home/runner/.m2/repository/jakarta/el/jakarta.el-api/5.0.1/jakarta.el-api-5.0.1.jar:/home/runner/.m2/repository/jakarta/interceptor/jakarta.interceptor-api/2.2.0/jakarta.interceptor-api-2.2.0.jar:/home/runner/.m2/repository/jakarta/inject/jakarta.inject-api/2.0.1/jakarta.inject-api-2.0.1.jar:/home/runner/.m2/repository/io/smallrye/common/smallrye-common-os/2.12.0/smallrye-common-os-2.12.0.jar:/home/runner/.m2/repository/io/quarkus/quarkus-ide-launcher/3.20.1/quarkus-ide-launcher-3.20.1.jar:/home/runner/.m2/repository/io/quarkus/quarkus-development-mode-spi/3.20.1/quarkus-development-mode-spi-3.20.1.jar:/home/runner/.m2/repository/org/jboss/logging/jboss-logging/3.6.1.Final/jboss-logging-3.6.1.Final.jar:/home/runner/.m2/repository/org/jboss/logmanager/jboss-logmanager/3.1.2.Final/jboss-logmanager-3.1.2.Final.jar:/home/runner/.m2/repository/io/smallrye/common/smallrye-common-constraint/2.12.0/smallrye-common-constraint-2.12.0.jar:/home/runner/.m2/repository/io/smallrye/common/smallrye-common-cpu/2.12.0/smallrye-common-cpu-2.12.0.jar:/home/runner/.m2/repository/io/smallrye/common/smallrye-common-expression/2.12.0/smallrye-common-expression-2.12.0.jar:/home/runner/.m2/repository/io/smallrye/common/smallrye-common-net/2.12.0/smallrye-common-net-2.12.0.jar:/home/runner/.m2/repository/io/smallrye/common/smallrye-common-ref/2.12.0/smallrye-common-ref-2.12.0.jar:/home/runner/.m2/repository/jakarta/json/jakarta.json-api/2.1.3/jakarta.json-api-2.1.3.jar:/home/runner/.m2/repository/org/eclipse/parsson/parsson/1.1.7/parsson-1.1.7.jar:/home/runner/.m2/repository/org/jboss/logging/jboss-logging-annotations/3.0.4.Final/jboss-logging-annotations-3.0.4.Final.jar:/home/runner/.m2/repository/org/jboss/threads/jboss-threads/3.8.0.Final/jboss-threads-3.8.0.Final.jar:/home/runner/.m2/repository/io/smallrye/common/smallrye-common-annotation/2.12.0/smallrye-common-annotation-2.12.0.jar:/home/runner/.m2/repository/io/smallrye/common/smallrye-common-function/2.12.0/smallrye-common-function-2.12.0.jar:/home/runner/.m2/repository/org/jboss/slf4j/slf4j-jboss-logmanager/2.0.0.Final/slf4j-jboss-logmanager-2.0.0.Final.jar:/home/runner/.m2/repository/org/wildfly/common/wildfly-common/2.0.1/wildfly-common-2.0.1.jar:/home/runner/.m2/repository/io/quarkus/quarkus-bootstrap-runner/3.20.1/quarkus-bootstrap-runner-3.20.1.jar:/home/runner/.m2/repository/io/github/crac/org-crac/0.1.3/org-crac-0.1.3.jar:/home/runner/.m2/repository/io/quarkus/quarkus-fs-util/0.0.10/quarkus-fs-util-0.0.10.jar:/home/runner/.m2/repository/org/jboss/marshalling/jboss-marshalling/2.2.2.Final/jboss-marshalling-2.2.2.Final.jar:/home/runner/.m2/repository/io/fabric8/kubernetes-client/7.1.0/kubernetes-client-7.1.0.jar:/home/runner/.m2/repository/io/fabric8/kubernetes-client-api/7.1.0/kubernetes-client-api-7.1.0.jar:/home/runner/.m2/repository/io/fabric8/kubernetes-model-core/7.1.0/kubernetes-model-core-7.1.0.jar:/home/runner/.m2/repository/io/fabric8/kubernetes-model-common/7.1.0/kubernetes-model-common-7.1.0.jar:/home/runner/.m2/repository/javax/annotation/javax.annotation-api/1.3.2/javax.annotation-api-1.3.2.jar:/home/runner/.m2/repository/io/fabric8/kubernetes-model-gatewayapi/7.1.0/kubernetes-model-gatewayapi-7.1.0.jar:/home/runner/.m2/repository/io/fabric8/kubernetes-model-resource/7.1.0/kubernetes-model-resource-7.1.0.jar:/home/runner/.m2/repository/io/fabric8/kubernetes-model-rbac/7.1.0/kubernetes-model-rbac-7.1.0.jar:/home/runner/.m2/repository/io/fabric8/kubernetes-model-admissionregistration/7.1.0/kubernetes-model-admissionregistration-7.1.0.jar:/home/runner/.m2/repository/io/fabric8/kubernetes-model-apps/7.1.0/kubernetes-model-apps-7.1.0.jar:/home/runner/.m2/repository/io/fabric8/kubernetes-model-autoscaling/7.1.0/kubernetes-model-autoscaling-7.1.0.jar:/home/runner/.m2/repository/io/fabric8/kubernetes-model-apiextensions/7.1.0/kubernetes-model-apiextensions-7.1.0.jar:/home/runner/.m2/repository/io/fabric8/kubernetes-model-batch/7.1.0/kubernetes-model-batch-7.1.0.jar:/home/runner/.m2/repository/io/fabric8/kubernetes-model-certificates/7.1.0/kubernetes-model-certificates-7.1.0.jar:/home/runner/.m2/repository/io/fabric8/kubernetes-model-coordination/7.1.0/kubernetes-model-coordination-7.1.0.jar:/home/runner/.m2/repository/io/fabric8/kubernetes-model-discovery/7.1.0/kubernetes-model-discovery-7.1.0.jar:/home/runner/.m2/repository/io/fabric8/kubernetes-model-events/7.1.0/kubernetes-model-events-7.1.0.jar:/home/runner/.m2/repository/io/fabric8/kubernetes-model-extensions/7.1.0/kubernetes-model-extensions-7.1.0.jar:/home/runner/.m2/repository/io/fabric8/kubernetes-model-flowcontrol/7.1.0/kubernetes-model-flowcontrol-7.1.0.jar:/home/runner/.m2/repository/io/fabric8/kubernetes-model-networking/7.1.0/kubernetes-model-networking-7.1.0.jar:/home/runner/.m2/repository/io/fabric8/kubernetes-model-metrics/7.1.0/kubernetes-model-metrics-7.1.0.jar:/home/runner/.m2/repository/io/fabric8/kubernetes-model-policy/7.1.0/kubernetes-model-policy-7.1.0.jar:/home/runner/.m2/repository/io/fabric8/kubernetes-model-scheduling/7.1.0/kubernetes-model-scheduling-7.1.0.jar:/home/runner/.m2/repository/io/fabric8/kubernetes-model-storageclass/7.1.0/kubernetes-model-storageclass-7.1.0.jar:/home/runner/.m2/repository/io/fabric8/kubernetes-model-node/7.1.0/kubernetes-model-node-7.1.0.jar:/home/runner/.m2/repository/org/snakeyaml/snakeyaml-engine/2.9/snakeyaml-engine-2.9.jar:/home/runner/.m2/repository/com/fasterxml/jackson/dataformat/jackson-dataformat-yaml/2.15.2/jackson-dataformat-yaml-2.15.2.jar:/home/runner/.m2/repository/com/fasterxml/jackson/datatype/jackson-datatype-jsr310/2.18.2/jackson-datatype-jsr310-2.18.2.jar:/home/runner/.m2/repository/io/fabric8/zjsonpatch/7.1.0/zjsonpatch-7.1.0.jar:/home/runner/.m2/repository/io/fabric8/kubernetes-httpclient-vertx/7.1.0/kubernetes-httpclient-vertx-7.1.0.jar:/home/runner/.m2/repository/io/vertx/vertx-web-client/4.5.14/vertx-web-client-4.5.14.jar:/home/runner/.m2/repository/io/vertx/vertx-web-common/4.5.14/vertx-web-common-4.5.14.jar:/home/runner/.m2/repository/io/vertx/vertx-auth-common/4.5.14/vertx-auth-common-4.5.14.jar:/home/runner/.m2/repository/io/vertx/vertx-uri-template/4.5.14/vertx-uri-template-4.5.14.jar:/home/runner/.m2/repository/io/fabric8/openshift-client/7.1.0/openshift-client-7.1.0.jar:/home/runner/.m2/repository/io/fabric8/openshift-client-api/7.1.0/openshift-client-api-7.1.0.jar:/home/runner/.m2/repository/io/fabric8/openshift-model/7.1.0/openshift-model-7.1.0.jar:/home/runner/.m2/repository/io/fabric8/openshift-model-autoscaling/7.1.0/openshift-model-autoscaling-7.1.0.jar:/home/runner/.m2/repository/io/fabric8/openshift-model-operator/7.1.0/openshift-model-operator-7.1.0.jar:/home/runner/.m2/repository/io/fabric8/openshift-model-operatorhub/7.1.0/openshift-model-operatorhub-7.1.0.jar:/home/runner/.m2/repository/io/fabric8/openshift-model-machine/7.1.0/openshift-model-machine-7.1.0.jar:/home/runner/.m2/repository/io/fabric8/openshift-model-whereabouts/7.1.0/openshift-model-whereabouts-7.1.0.jar:/home/runner/.m2/repository/io/fabric8/openshift-model-monitoring/7.1.0/openshift-model-monitoring-7.1.0.jar:/home/runner/.m2/repository/io/fabric8/openshift-model-storageversionmigrator/7.1.0/openshift-model-storageversionmigrator-7.1.0.jar:/home/runner/.m2/repository/io/fabric8/openshift-model-tuned/7.1.0/openshift-model-tuned-7.1.0.jar:/home/runner/.m2/repository/io/fabric8/openshift-model-console/7.1.0/openshift-model-console-7.1.0.jar:/home/runner/.m2/repository/io/fabric8/openshift-model-config/7.1.0/openshift-model-config-7.1.0.jar:/home/runner/.m2/repository/io/fabric8/openshift-model-machineconfiguration/7.1.0/openshift-model-machineconfiguration-7.1.0.jar:/home/runner/.m2/repository/io/fabric8/openshift-model-miscellaneous/7.1.0/openshift-model-miscellaneous-7.1.0.jar:/home/runner/.m2/repository/io/fabric8/openshift-model-hive/7.1.0/openshift-model-hive-7.1.0.jar:/home/runner/.m2/repository/io/fabric8/openshift-model-installer/7.1.0/openshift-model-installer-7.1.0.jar:/home/runner/.m2/repository/org/junit/platform/junit-platform-launcher/1.12.1/junit-platform-launcher-1.12.1.jar:/home/runner/.m2/repository/org/junit/platform/junit-platform-engine/1.12.1/junit-platform-engine-1.12.1.jar:/home/runner/.m2/repository/org/opentest4j/opentest4j/1.3.0/opentest4j-1.3.0.jar:/home/runner/.m2/repository/org/junit/platform/junit-platform-commons/1.12.1/junit-platform-commons-1.12.1.jar:/home/runner/.m2/repository/org/apiguardian/apiguardian-api/1.1.2/apiguardian-api-1.1.2.jar:/home/runner/.m2/repository/jakarta/ws/rs/jakarta.ws.rs-api/3.1.0/jakarta.ws.rs-api-3.1.0.jar:/home/runner/work/apicurio-testing/apicurio-testing/clusters/ci419/namespaces/inmemory/tests/integration/apicurio-registry/java-sdk/target/apicurio-registry-java-sdk-3.0.11-SNAPSHOT.jar:/home/runner/.m2/repository/com/microsoft/kiota/microsoft-kiota-abstractions/1.8.8/microsoft-kiota-abstractions-1.8.8.jar:/home/runner/.m2/repository/io/github/std-uritemplate/std-uritemplate/2.0.0/std-uritemplate-2.0.0.jar:/home/runner/.m2/repository/io/kiota/kiota-http-jdk/0.0.21/kiota-http-jdk-0.0.21.jar:/home/runner/.m2/repository/io/kiota/kiota-http-vertx/0.0.21/kiota-http-vertx-0.0.21.jar:/home/runner/.m2/repository/io/kiota/kiota-serialization-jackson/0.0.21/kiota-serialization-jackson-0.0.21.jar:/home/runner/.m2/repository/com/microsoft/kiota/microsoft-kiota-serialization-text/1.8.8/microsoft-kiota-serialization-text-1.8.8.jar:/home/runner/.m2/repository/com/microsoft/kiota/microsoft-kiota-serialization-form/1.8.8/microsoft-kiota-serialization-form-1.8.8.jar:/home/runner/.m2/repository/com/microsoft/kiota/microsoft-kiota-serialization-multipart/1.8.8/microsoft-kiota-serialization-multipart-1.8.8.jar:/home/runner/.m2/repository/jakarta/annotation/jakarta.annotation-api/3.0.0/jakarta.annotation-api-3.0.0.jar:/home/runner/.m2/repository/io/vertx/vertx-auth-oauth2/4.5.14/vertx-auth-oauth2-4.5.14.jar:/home/runner/work/apicurio-testing/apicurio-testing/clusters/ci419/namespaces/inmemory/tests/integration/apicurio-registry/java-sdk-v2/target/apicurio-registry-v2-java-sdk-3.0.11-SNAPSHOT.jar:/home/runner/work/apicurio-testing/apicurio-testing/clusters/ci419/namespaces/inmemory/tests/integration/apicurio-registry/utils/kafka/target/apicurio-registry-utils-kafka-3.0.11-SNAPSHOT-tests.jar:/home/runner/.m2/repository/org/eclipse/microprofile/config/microprofile-config-api/3.1/microprofile-config-api-3.1.jar:/home/runner/.m2/repository/org/apache/kafka/kafka-clients/3.9.1/kafka-clients-3.9.1.jar:/home/runner/.m2/repository/com/github/luben/zstd-jni/1.5.6-4/zstd-jni-1.5.6-4.jar:/home/runner/.m2/repository/org/lz4/lz4-java/1.8.0/lz4-java-1.8.0.jar:/home/runner/.m2/repository/org/xerial/snappy/snappy-java/1.1.10.5/snappy-java-1.1.10.5.jar:/home/runner/.m2/repository/org/slf4j/slf4j-api/2.0.6/slf4j-api-2.0.6.jar:/home/runner/work/apicurio-testing/apicurio-testing/clusters/ci419/namespaces/inmemory/tests/integration/apicurio-registry/utils/tests/target/apicurio-registry-utils-tests-3.0.11-SNAPSHOT.jar:/home/runner/work/apicurio-testing/apicurio-testing/clusters/ci419/namespaces/inmemory/tests/integration/apicurio-registry/common/target/apicurio-registry-common-3.0.11-SNAPSHOT.jar:/home/runner/.m2/repository/jakarta/validation/jakarta.validation-api/3.0.2/jakarta.validation-api-3.0.2.jar:/home/runner/.m2/repository/com/github/dasniko/testcontainers-keycloak/3.6.0/testcontainers-keycloak-3.6.0.jar:/home/runner/.m2/repository/org/testcontainers/testcontainers/1.20.6/testcontainers-1.20.6.jar:/home/runner/.m2/repository/org/rnorth/duct-tape/duct-tape/1.0.8/duct-tape-1.0.8.jar:/home/runner/.m2/repository/org/jetbrains/annotations/26.0.2/annotations-26.0.2.jar:/home/runner/.m2/repository/com/github/docker-java/docker-java-transport-zerodep/3.4.1/docker-java-transport-zerodep-3.4.1.jar:/home/runner/.m2/repository/com/github/docker-java/docker-java-transport/3.4.1/docker-java-transport-3.4.1.jar:/home/runner/.m2/repository/net/java/dev/jna/jna/5.8.0/jna-5.8.0.jar:/home/runner/.m2/repository/io/quarkus/quarkus-junit4-mock/3.20.1/quarkus-junit4-mock-3.20.1.jar:/home/runner/.m2/repository/org/jboss/shrinkwrap/shrinkwrap-api/2.0.0-beta-2/shrinkwrap-api-2.0.0-beta-2.jar:/home/runner/.m2/repository/org/jboss/shrinkwrap/shrinkwrap-impl-base/2.0.0-beta-2/shrinkwrap-impl-base-2.0.0-beta-2.jar:/home/runner/.m2/repository/org/jboss/shrinkwrap/shrinkwrap-spi/2.0.0-beta-2/shrinkwrap-spi-2.0.0-beta-2.jar:/home/runner/.m2/repository/org/keycloak/keycloak-admin-client/26.0.4/keycloak-admin-client-26.0.4.jar:/home/runner/.m2/repository/org/keycloak/keycloak-client-common-synced/26.0.4/keycloak-client-common-synced-26.0.4.jar:/home/runner/.m2/repository/jakarta/activation/jakarta.activation-api/2.1.3/jakarta.activation-api-2.1.3.jar:/home/runner/.m2/repository/org/eclipse/microprofile/openapi/microprofile-openapi-api/4.0.2/microprofile-openapi-api-4.0.2.jar:/home/runner/.m2/repository/org/jboss/resteasy/resteasy-client/6.2.12.Final/resteasy-client-6.2.12.Final.jar:/home/runner/.m2/repository/org/jboss/resteasy/resteasy-client-api/6.2.12.Final/resteasy-client-api-6.2.12.Final.jar:/home/runner/.m2/repository/org/jboss/resteasy/resteasy-core-spi/6.2.12.Final/resteasy-core-spi-6.2.12.Final.jar:/home/runner/.m2/repository/org/jboss/resteasy/resteasy-core/6.2.12.Final/resteasy-core-6.2.12.Final.jar:/home/runner/.m2/repository/org/eclipse/angus/angus-activation/2.0.2/angus-activation-2.0.2.jar:/home/runner/.m2/repository/com/ibm/async/asyncutil/0.1.0/asyncutil-0.1.0.jar:/home/runner/.m2/repository/org/reactivestreams/reactive-streams/1.0.4/reactive-streams-1.0.4.jar:/home/runner/.m2/repository/org/jboss/resteasy/resteasy-multipart-provider/6.2.12.Final/resteasy-multipart-provider-6.2.12.Final.jar:/home/runner/.m2/repository/jakarta/mail/jakarta.mail-api/2.1.3/jakarta.mail-api-2.1.3.jar:/home/runner/.m2/repository/org/eclipse/angus/angus-mail/2.0.3/angus-mail-2.0.3.jar:/home/runner/.m2/repository/org/apache/james/apache-mime4j-dom/0.8.12/apache-mime4j-dom-0.8.12.jar:/home/runner/.m2/repository/org/apache/james/apache-mime4j-core/0.8.12/apache-mime4j-core-0.8.12.jar:/home/runner/.m2/repository/org/apache/james/apache-mime4j-storage/0.8.12/apache-mime4j-storage-0.8.12.jar:/home/runner/.m2/repository/org/jboss/resteasy/resteasy-jackson2-provider/6.2.12.Final/resteasy-jackson2-provider-6.2.12.Final.jar:/home/runner/.m2/repository/com/fasterxml/jackson/jakarta/rs/jackson-jakarta-rs-base/2.18.2/jackson-jakarta-rs-base-2.18.2.jar:/home/runner/.m2/repository/com/fasterxml/jackson/jakarta/rs/jackson-jakarta-rs-json-provider/2.18.2/jackson-jakarta-rs-json-provider-2.18.2.jar:/home/runner/.m2/repository/com/fasterxml/jackson/module/jackson-module-jakarta-xmlbind-annotations/2.18.2/jackson-module-jakarta-xmlbind-annotations-2.18.2.jar:/home/runner/.m2/repository/com/github/java-json-tools/json-patch/1.13/json-patch-1.13.jar:/home/runner/.m2/repository/com/github/java-json-tools/msg-simple/1.2/msg-simple-1.2.jar:/home/runner/.m2/repository/com/github/java-json-tools/btf/1.3/btf-1.3.jar:/home/runner/.m2/repository/com/github/java-json-tools/jackson-coreutils/2.0/jackson-coreutils-2.0.jar:/home/runner/.m2/repository/org/jboss/resteasy/resteasy-jaxb-provider/6.2.12.Final/resteasy-jaxb-provider-6.2.12.Final.jar:/home/runner/.m2/repository/org/glassfish/jaxb/codemodel/4.0.5/codemodel-4.0.5.jar:/home/runner/.m2/repository/org/glassfish/jaxb/jaxb-core/4.0.5/jaxb-core-4.0.5.jar:/home/runner/.m2/repository/org/glassfish/jaxb/jaxb-jxc/4.0.5/jaxb-jxc-4.0.5.jar:/home/runner/.m2/repository/org/glassfish/jaxb/jaxb-runtime/4.0.5/jaxb-runtime-4.0.5.jar:/home/runner/.m2/repository/org/glassfish/jaxb/txw2/4.0.5/txw2-4.0.5.jar:/home/runner/.m2/repository/org/glassfish/jaxb/jaxb-xjc/4.0.5/jaxb-xjc-4.0.5.jar:/home/runner/.m2/repository/org/glassfish/jaxb/xsom/4.0.5/xsom-4.0.5.jar:/home/runner/.m2/repository/com/sun/istack/istack-commons-runtime/4.1.2/istack-commons-runtime-4.1.2.jar:/home/runner/.m2/repository/com/sun/istack/istack-commons-tools/4.1.2/istack-commons-tools-4.1.2.jar:/home/runner/.m2/repository/com/sun/xml/bind/external/relaxng-datatype/4.0.5/relaxng-datatype-4.0.5.jar:/home/runner/.m2/repository/com/sun/xml/bind/external/rngom/4.0.5/rngom-4.0.5.jar:/home/runner/.m2/repository/org/testcontainers/mssqlserver/1.20.6/mssqlserver-1.20.6.jar:/home/runner/.m2/repository/org/testcontainers/jdbc/1.20.6/jdbc-1.20.6.jar:/home/runner/.m2/repository/org/testcontainers/database-commons/1.20.6/database-commons-1.20.6.jar:/home/runner/.m2/repository/org/testcontainers/mysql/1.20.6/mysql-1.20.6.jar:/home/runner/.m2/repository/io/strimzi/strimzi-test-container/0.107.0/strimzi-test-container-0.107.0.jar:/home/runner/.m2/repository/org/testcontainers/toxiproxy/1.20.6/toxiproxy-1.20.6.jar:/home/runner/.m2/repository/com/github/docker-java/docker-java-api/3.4.1/docker-java-api-3.4.1.jar:/home/runner/.m2/repository/eu/rekawek/toxiproxy/toxiproxy-java/2.1.7/toxiproxy-java-2.1.7.jar:/home/runner/.m2/repository/junit/junit/4.13.2/junit-4.13.2.jar:/home/runner/.m2/repository/org/hamcrest/hamcrest-core/1.3/hamcrest-core-1.3.jar:/home/runner/.m2/repository/org/testcontainers/pulsar/1.20.4/pulsar-1.20.4.jar:/home/runner/.m2/repository/io/debezium/debezium-testing-testcontainers/2.6.2.Final/debezium-testing-testcontainers-2.6.2.Final.jar:/home/runner/.m2/repository/org/testcontainers/kafka/1.20.6/kafka-1.20.6.jar:/home/runner/.m2/repository/com/squareup/okhttp3/okhttp/4.8.1/okhttp-4.8.1.jar:/home/runner/.m2/repository/com/squareup/okio/okio/3.10.2/okio-3.10.2.jar:/home/runner/.m2/repository/com/squareup/okio/okio-jvm/3.10.2/okio-jvm-3.10.2.jar:/home/runner/.m2/repository/org/jetbrains/kotlin/kotlin-stdlib/2.0.21/kotlin-stdlib-2.0.21.jar:/home/runner/.m2/repository/org/awaitility/awaitility/4.2.2/awaitility-4.2.2.jar:/home/runner/.m2/repository/org/testcontainers/mongodb/1.20.6/mongodb-1.20.6.jar:/home/runner/.m2/repository/org/testcontainers/oracle-xe/1.20.6/oracle-xe-1.20.6.jar:/home/runner/.m2/repository/org/testcontainers/postgresql/1.20.6/postgresql-1.20.6.jar:/home/runner/.m2/repository/org/wiremock/wiremock/3.0.1/wiremock-3.0.1.jar:/home/runner/.m2/repository/org/eclipse/jetty/jetty-server/11.0.15/jetty-server-11.0.15.jar:/home/runner/.m2/repository/org/eclipse/jetty/toolchain/jetty-jakarta-servlet-api/5.0.2/jetty-jakarta-servlet-api-5.0.2.jar:/home/runner/.m2/repository/org/eclipse/jetty/jetty-http/11.0.15/jetty-http-11.0.15.jar:/home/runner/.m2/repository/org/eclipse/jetty/jetty-io/11.0.15/jetty-io-11.0.15.jar:/home/runner/.m2/repository/org/eclipse/jetty/jetty-servlet/11.0.15/jetty-servlet-11.0.15.jar:/home/runner/.m2/repository/org/eclipse/jetty/jetty-security/11.0.15/jetty-security-11.0.15.jar:/home/runner/.m2/repository/org/eclipse/jetty/jetty-servlets/11.0.15/jetty-servlets-11.0.15.jar:/home/runner/.m2/repository/org/eclipse/jetty/jetty-util/11.0.15/jetty-util-11.0.15.jar:/home/runner/.m2/repository/org/eclipse/jetty/jetty-webapp/11.0.15/jetty-webapp-11.0.15.jar:/home/runner/.m2/repository/org/eclipse/jetty/jetty-xml/11.0.15/jetty-xml-11.0.15.jar:/home/runner/.m2/repository/org/eclipse/jetty/jetty-proxy/11.0.15/jetty-proxy-11.0.15.jar:/home/runner/.m2/repository/org/eclipse/jetty/jetty-client/11.0.15/jetty-client-11.0.15.jar:/home/runner/.m2/repository/org/eclipse/jetty/http2/http2-server/11.0.15/http2-server-11.0.15.jar:/home/runner/.m2/repository/org/eclipse/jetty/http2/http2-common/11.0.15/http2-common-11.0.15.jar:/home/runner/.m2/repository/org/eclipse/jetty/http2/http2-hpack/11.0.15/http2-hpack-11.0.15.jar:/home/runner/.m2/repository/org/eclipse/jetty/jetty-alpn-server/11.0.15/jetty-alpn-server-11.0.15.jar:/home/runner/.m2/repository/org/eclipse/jetty/jetty-alpn-java-server/11.0.15/jetty-alpn-java-server-11.0.15.jar:/home/runner/.m2/repository/org/eclipse/jetty/jetty-alpn-java-client/11.0.15/jetty-alpn-java-client-11.0.15.jar:/home/runner/.m2/repository/org/eclipse/jetty/jetty-alpn-client/11.0.15/jetty-alpn-client-11.0.15.jar:/home/runner/.m2/repository/org/apache/httpcomponents/client5/httpclient5/5.2.1/httpclient5-5.2.1.jar:/home/runner/.m2/repository/org/apache/httpcomponents/core5/httpcore5/5.2/httpcore5-5.2.jar:/home/runner/.m2/repository/org/apache/httpcomponents/core5/httpcore5-h2/5.2/httpcore5-h2-5.2.jar:/home/runner/.m2/repository/org/xmlunit/xmlunit-core/2.9.1/xmlunit-core-2.9.1.jar:/home/runner/.m2/repository/jakarta/xml/bind/jakarta.xml.bind-api/4.0.2/jakarta.xml.bind-api-4.0.2.jar:/home/runner/.m2/repository/org/xmlunit/xmlunit-legacy/2.9.1/xmlunit-legacy-2.9.1.jar:/home/runner/.m2/repository/org/xmlunit/xmlunit-placeholders/2.9.1/xmlunit-placeholders-2.9.1.jar:/home/runner/.m2/repository/net/javacrumbs/json-unit/json-unit-core/2.38.0/json-unit-core-2.38.0.jar:/home/runner/.m2/repository/com/jayway/jsonpath/json-path/2.8.0/json-path-2.8.0.jar:/home/runner/.m2/repository/net/minidev/json-smart/2.4.10/json-smart-2.4.10.jar:/home/runner/.m2/repository/net/minidev/accessors-smart/2.4.9/accessors-smart-2.4.9.jar:/home/runner/.m2/repository/org/ow2/asm/asm/9.7.1/asm-9.7.1.jar:/home/runner/.m2/repository/net/sf/jopt-simple/jopt-simple/5.0.4/jopt-simple-5.0.4.jar:/home/runner/.m2/repository/com/github/jknack/handlebars/4.3.1/handlebars-4.3.1.jar:/home/runner/.m2/repository/com/github/jknack/handlebars-helpers/4.3.1/handlebars-helpers-4.3.1.jar:/home/runner/.m2/repository/commons-fileupload/commons-fileupload/1.5/commons-fileupload-1.5.jar:/home/runner/.m2/repository/com/networknt/json-schema-validator/1.5.5/json-schema-validator-1.5.5.jar:/home/runner/.m2/repository/com/ethlo/time/itu/1.10.3/itu-1.10.3.jar:/home/runner/.m2/repository/io/quarkus/quarkus-smallrye-jwt-build/3.20.1/quarkus-smallrye-jwt-build-3.20.1.jar:/home/runner/.m2/repository/io/smallrye/smallrye-jwt-build/4.6.1/smallrye-jwt-build-4.6.1.jar:/home/runner/.m2/repository/org/eclipse/microprofile/jwt/microprofile-jwt-auth-api/2.1/microprofile-jwt-auth-api-2.1.jar:/home/runner/.m2/repository/org/bitbucket/b_c/jose4j/0.9.6/jose4j-0.9.6.jar:/home/runner/.m2/repository/io/smallrye/smallrye-jwt-common/4.6.1/smallrye-jwt-common-4.6.1.jar:/home/runner/.m2/repository/io/quarkus/quarkus-jsonp/3.20.1/quarkus-jsonp-3.20.1.jar:/home/runner/.m2/repository/io/quarkus/quarkus-arc/3.20.1/quarkus-arc-3.20.1.jar:/home/runner/.m2/repository/io/quarkus/arc/arc/3.20.1/arc-3.20.1.jar:/home/runner/.m2/repository/jakarta/transaction/jakarta.transaction-api/2.0.1/jakarta.transaction-api-2.0.1.jar:/home/runner/.m2/repository/io/smallrye/reactive/mutiny/2.8.0/mutiny-2.8.0.jar:/home/runner/.m2/repository/org/jctools/jctools-core/4.0.5/jctools-core-4.0.5.jar:/home/runner/.m2/repository/org/eclipse/microprofile/context-propagation/microprofile-context-propagation-api/1.3/microprofile-context-propagation-api-1.3.jar:/home/runner/.m2/repository/io/apicurio/apicurio-common-rest-client-common/0.1.18.Final/apicurio-common-rest-client-common-0.1.18.Final.jar:/home/runner/work/apicurio-testing/apicurio-testing/clusters/ci419/namespaces/inmemory/tests/integration/apicurio-registry/utils/maven-plugin/target/apicurio-registry-maven-plugin-3.0.11-SNAPSHOT.jar:/home/runner/.m2/repository/com/fasterxml/jackson/core/jackson-databind/2.18.2/jackson-databind-2.18.2.jar:/home/runner/.m2/repository/org/apache/avro/avro/1.12.0/avro-1.12.0.jar:/home/runner/.m2/repository/com/google/protobuf/protobuf-java/4.31.1/protobuf-java-4.31.1.jar:/home/runner/.m2/repository/com/google/protobuf/protobuf-java-util/4.31.1/protobuf-java-util-4.31.1.jar:/home/runner/.m2/repository/com/google/code/findbugs/jsr305/3.0.2/jsr305-3.0.2.jar:/home/runner/.m2/repository/com/google/code/gson/gson/2.12.1/gson-2.12.1.jar:/home/runner/.m2/repository/com/google/errorprone/error_prone_annotations/2.36.0/error_prone_annotations-2.36.0.jar:/home/runner/.m2/repository/com/google/j2objc/j2objc-annotations/2.8/j2objc-annotations-2.8.jar:/home/runner/work/apicurio-testing/apicurio-testing/clusters/ci419/namespaces/inmemory/tests/integration/apicurio-registry/schema-util/util-provider/target/apicurio-registry-schema-util-provider-3.0.11-SNAPSHOT.jar:/home/runner/work/apicurio-testing/apicurio-testing/clusters/ci419/namespaces/inmemory/tests/integration/apicurio-registry/schema-util/common/target/apicurio-registry-schema-util-common-3.0.11-SNAPSHOT.jar:/home/runner/.m2/repository/com/fasterxml/jackson/module/jackson-module-parameter-names/2.18.2/jackson-module-parameter-names-2.18.2.jar:/home/runner/.m2/repository/com/fasterxml/jackson/datatype/jackson-datatype-json-org/2.18.2/jackson-datatype-json-org-2.18.2.jar:/home/runner/work/apicurio-testing/apicurio-testing/clusters/ci419/namespaces/inmemory/tests/integration/apicurio-registry/schema-util/json/target/apicurio-registry-schema-util-json-3.0.11-SNAPSHOT.jar:/home/runner/.m2/repository/com/github/erosb/everit-json-schema/1.14.5/everit-json-schema-1.14.5.jar:/home/runner/.m2/repository/commons-validator/commons-validator/1.9.0/commons-validator-1.9.0.jar:/home/runner/.m2/repository/commons-digester/commons-digester/2.1/commons-digester-2.1.jar:/home/runner/.m2/repository/commons-collections/commons-collections/3.2.2/commons-collections-3.2.2.jar:/home/runner/.m2/repository/com/damnhandy/handy-uri-templates/2.1.8/handy-uri-templates-2.1.8.jar:/home/runner/.m2/repository/joda-time/joda-time/2.10.2/joda-time-2.10.2.jar:/home/runner/.m2/repository/com/github/erosb/json-sKema/0.20.0/json-sKema-0.20.0.jar:/home/runner/.m2/repository/io/vertx/vertx-json-schema/4.5.14/vertx-json-schema-4.5.14.jar:/home/runner/work/apicurio-testing/apicurio-testing/clusters/ci419/namespaces/inmemory/tests/integration/apicurio-registry/schema-util/protobuf/target/apicurio-registry-schema-util-protobuf-3.0.11-SNAPSHOT.jar:/home/runner/work/apicurio-testing/apicurio-testing/clusters/ci419/namespaces/inmemory/tests/integration/apicurio-registry/utils/protobuf-schema-utilities/target/apicurio-registry-protobuf-schema-utilities-3.0.11-SNAPSHOT.jar:/home/runner/.m2/repository/com/google/api/grpc/proto-google-common-protos/2.52.0/proto-google-common-protos-2.52.0.jar:/home/runner/.m2/repository/com/squareup/wire/wire-schema-jvm/5.3.3/wire-schema-jvm-5.3.3.jar:/home/runner/.m2/repository/com/palantir/javapoet/javapoet/0.6.0/javapoet-0.6.0.jar:/home/runner/.m2/repository/com/squareup/kotlinpoet-jvm/2.0.0/kotlinpoet-jvm-2.0.0.jar:/home/runner/.m2/repository/org/jetbrains/kotlin/kotlin-reflect/2.0.21/kotlin-reflect-2.0.21.jar:/home/runner/.m2/repository/com/squareup/wire/wire-runtime-jvm/5.3.3/wire-runtime-jvm-5.3.3.jar:/home/runner/.m2/repository/com/ibm/icu/icu4j/76.1/icu4j-76.1.jar:/home/runner/.m2/repository/com/squareup/okio/okio-fakefilesystem/3.10.2/okio-fakefilesystem-3.10.2.jar:/home/runner/.m2/repository/com/squareup/okio/okio-fakefilesystem-jvm/3.10.2/okio-fakefilesystem-jvm-3.10.2.jar:/home/runner/.m2/repository/org/jetbrains/kotlinx/kotlinx-datetime-jvm/0.6.1/kotlinx-datetime-jvm-0.6.1.jar:/home/runner/work/apicurio-testing/apicurio-testing/clusters/ci419/namespaces/inmemory/tests/integration/apicurio-registry/schema-util/asyncapi/target/apicurio-registry-schema-util-asyncapi-3.0.11-SNAPSHOT.jar:/home/runner/work/apicurio-testing/apicurio-testing/clusters/ci419/namespaces/inmemory/tests/integration/apicurio-registry/schema-util/avro/target/apicurio-registry-schema-util-avro-3.0.11-SNAPSHOT.jar:/home/runner/work/apicurio-testing/apicurio-testing/clusters/ci419/namespaces/inmemory/tests/integration/apicurio-registry/schema-util/graphql/target/apicurio-registry-schema-util-graphql-3.0.11-SNAPSHOT.jar:/home/runner/.m2/repository/com/graphql-java/graphql-java/22.3/graphql-java-22.3.jar:/home/runner/.m2/repository/com/graphql-java/java-dataloader/3.3.0/java-dataloader-3.3.0.jar:/home/runner/work/apicurio-testing/apicurio-testing/clusters/ci419/namespaces/inmemory/tests/integration/apicurio-registry/schema-util/kconnect/target/apicurio-registry-schema-util-kconnect-3.0.11-SNAPSHOT.jar:/home/runner/work/apicurio-testing/apicurio-testing/clusters/ci419/namespaces/inmemory/tests/integration/apicurio-registry/schema-util/openapi/target/apicurio-registry-schema-util-openapi-3.0.11-SNAPSHOT.jar:/home/runner/.m2/repository/io/apicurio/apicurio-data-models/2.2.1/apicurio-data-models-2.2.1.jar:/home/runner/.m2/repository/org/openapitools/openapidiff/openapi-diff-core/2.1.2/openapi-diff-core-2.1.2.jar:/home/runner/.m2/repository/io/swagger/parser/v3/swagger-parser/2.1.28/swagger-parser-2.1.28.jar:/home/runner/.m2/repository/io/swagger/parser/v3/swagger-parser-v2-converter/2.1.28/swagger-parser-v2-converter-2.1.28.jar:/home/runner/.m2/repository/io/swagger/swagger-core/1.6.16/swagger-core-1.6.16.jar:/home/runner/.m2/repository/io/swagger/swagger-models/1.6.16/swagger-models-1.6.16.jar:/home/runner/.m2/repository/io/swagger/swagger-annotations/1.6.16/swagger-annotations-1.6.16.jar:/home/runner/.m2/repository/io/swagger/swagger-parser/1.0.75/swagger-parser-1.0.75.jar:/home/runner/.m2/repository/io/swagger/swagger-parser-safe-url-resolver/1.0.75/swagger-parser-safe-url-resolver-1.0.75.jar:/home/runner/.m2/repository/io/swagger/swagger-compat-spec-parser/1.0.75/swagger-compat-spec-parser-1.0.75.jar:/home/runner/.m2/repository/com/github/java-json-tools/json-schema-validator/2.2.14/json-schema-validator-2.2.14.jar:/home/runner/.m2/repository/com/github/java-json-tools/jackson-coreutils-equivalence/1.0/jackson-coreutils-equivalence-1.0.jar:/home/runner/.m2/repository/com/github/java-json-tools/json-schema-core/1.2.14/json-schema-core-1.2.14.jar:/home/runner/.m2/repository/com/github/java-json-tools/uri-template/0.10/uri-template-0.10.jar:/home/runner/.m2/repository/com/googlecode/libphonenumber/libphonenumber/8.11.1/libphonenumber-8.11.1.jar:/home/runner/.m2/repository/com/j2html/j2html/1.6.0/j2html-1.6.0.jar:/home/runner/.m2/repository/org/apache/commons/commons-collections4/4.5.0/commons-collections4-4.5.0.jar:/home/runner/.m2/repository/org/apache/commons/commons-configuration2/2.12.0/commons-configuration2-2.12.0.jar:/home/runner/.m2/repository/org/apache/commons/commons-text/1.13.0/commons-text-1.13.0.jar:/home/runner/.m2/repository/org/slf4j/jcl-over-slf4j/2.0.17/jcl-over-slf4j-2.0.17.jar:/home/runner/.m2/repository/io/swagger/parser/v3/swagger-parser-v3/2.1.30/swagger-parser-v3-2.1.30.jar:/home/runner/.m2/repository/io/swagger/core/v3/swagger-models/2.2.34/swagger-models-2.2.34.jar:/home/runner/.m2/repository/io/swagger/core/v3/swagger-core/2.2.34/swagger-core-2.2.34.jar:/home/runner/.m2/repository/io/swagger/parser/v3/swagger-parser-core/2.1.30/swagger-parser-core-2.1.30.jar:/home/runner/.m2/repository/io/swagger/parser/v3/swagger-parser-safe-url-resolver/2.1.30/swagger-parser-safe-url-resolver-2.1.30.jar:/home/runner/work/apicurio-testing/apicurio-testing/clusters/ci419/namespaces/inmemory/tests/integration/apicurio-registry/schema-util/wsdl/target/apicurio-registry-schema-util-wsdl-3.0.11-SNAPSHOT.jar:/home/runner/.m2/repository/wsdl4j/wsdl4j/1.6.3/wsdl4j-1.6.3.jar:/home/runner/work/apicurio-testing/apicurio-testing/clusters/ci419/namespaces/inmemory/tests/integration/apicurio-registry/schema-util/xml/target/apicurio-registry-schema-util-xml-3.0.11-SNAPSHOT.jar:/home/runner/.m2/repository/org/apache/santuario/xmlsec/4.0.3/xmlsec-4.0.3.jar:/home/runner/.m2/repository/com/fasterxml/woodstox/woodstox-core/7.1.0/woodstox-core-7.1.0.jar:/home/runner/.m2/repository/org/codehaus/woodstox/stax2-api/4.2.2/stax2-api-4.2.2.jar:/home/runner/work/apicurio-testing/apicurio-testing/clusters/ci419/namespaces/inmemory/tests/integration/apicurio-registry/schema-util/xsd/target/apicurio-registry-schema-util-xsd-3.0.11-SNAPSHOT.jar:/home/runner/work/apicurio-testing/apicurio-testing/clusters/ci419/namespaces/inmemory/tests/integration/apicurio-registry/serdes/kafka/jsonschema-serde/target/apicurio-registry-jsonschema-serde-kafka-3.0.11-SNAPSHOT.jar:/home/runner/work/apicurio-testing/apicurio-testing/clusters/ci419/namespaces/inmemory/tests/integration/apicurio-registry/serdes/kafka/serde-kafka-common/target/apicurio-registry-serde-kafka-common-3.0.11-SNAPSHOT.jar:/home/runner/work/apicurio-testing/apicurio-testing/clusters/ci419/namespaces/inmemory/tests/integration/apicurio-registry/serdes/generic/serde-common/target/apicurio-registry-serde-common-3.0.11-SNAPSHOT.jar:/home/runner/work/apicurio-testing/apicurio-testing/clusters/ci419/namespaces/inmemory/tests/integration/apicurio-registry/serdes/generic/serde-common-jsonschema/target/apicurio-registry-serde-common-jsonschema-3.0.11-SNAPSHOT.jar:/home/runner/.m2/repository/org/json/json/20250107/json-20250107.jar:/home/runner/work/apicurio-testing/apicurio-testing/clusters/ci419/namespaces/inmemory/tests/integration/apicurio-registry/serdes/kafka/avro-serde/target/apicurio-registry-avro-serde-kafka-3.0.11-SNAPSHOT.jar:/home/runner/work/apicurio-testing/apicurio-testing/clusters/ci419/namespaces/inmemory/tests/integration/apicurio-registry/serdes/generic/serde-common-avro/target/apicurio-registry-serde-common-avro-3.0.11-SNAPSHOT.jar:/home/runner/work/apicurio-testing/apicurio-testing/clusters/ci419/namespaces/inmemory/tests/integration/apicurio-registry/serdes/kafka/protobuf-serde/target/apicurio-registry-protobuf-serde-kafka-3.0.11-SNAPSHOT.jar:/home/runner/work/apicurio-testing/apicurio-testing/clusters/ci419/namespaces/inmemory/tests/integration/apicurio-registry/serdes/generic/serde-common-protobuf/target/apicurio-registry-serde-common-protobuf-3.0.11-SNAPSHOT.jar:/home/runner/.m2/repository/com/squareup/wire/wire-schema/5.3.3/wire-schema-5.3.3.jar:/home/runner/.m2/repository/com/squareup/wire/wire-runtime/5.3.3/wire-runtime-5.3.3.jar:/home/runner/work/apicurio-testing/apicurio-testing/clusters/ci419/namespaces/inmemory/tests/integration/apicurio-registry/serdes/pulsar/avro-serde/target/apicurio-registry-avro-serde-pulsar-3.0.11-SNAPSHOT.jar:/home/runner/.m2/repository/org/apache/pulsar/pulsar-functions-api/3.3.4/pulsar-functions-api-3.3.4.jar:/home/runner/work/apicurio-testing/apicurio-testing/clusters/ci419/namespaces/inmemory/tests/integration/apicurio-registry/serdes/nats/avro-serde/target/apicurio-registry-avro-serde-nats-3.0.11-SNAPSHOT.jar:/home/runner/.m2/repository/io/nats/jnats/2.20.5/jnats-2.20.5.jar:/home/runner/.m2/repository/net/i2p/crypto/eddsa/0.3.0/eddsa-0.3.0.jar:/home/runner/work/apicurio-testing/apicurio-testing/clusters/ci419/namespaces/inmemory/tests/integration/apicurio-registry/utils/converter/target/apicurio-registry-utils-converter-3.0.11-SNAPSHOT.jar:/home/runner/work/apicurio-testing/apicurio-testing/clusters/ci419/namespaces/inmemory/tests/integration/apicurio-registry/schema-resolver/target/apicurio-registry-schema-resolver-3.0.11-SNAPSHOT.jar:/home/runner/.m2/repository/org/apache/kafka/connect-api/3.9.1/connect-api-3.9.1.jar:/home/runner/.m2/repository/javax/ws/rs/javax.ws.rs-api/2.1.1/javax.ws.rs-api-2.1.1.jar:/home/runner/.m2/repository/org/apache/kafka/connect-json/3.9.1/connect-json-3.9.1.jar:/home/runner/.m2/repository/com/fasterxml/jackson/datatype/jackson-datatype-jdk8/2.18.2/jackson-datatype-jdk8-2.18.2.jar:/home/runner/.m2/repository/com/fasterxml/jackson/module/jackson-module-afterburner/2.18.2/jackson-module-afterburner-2.18.2.jar:/home/runner/work/apicurio-testing/apicurio-testing/clusters/ci419/namespaces/inmemory/tests/integration/apicurio-registry/utils/kafka/target/apicurio-registry-utils-kafka-3.0.11-SNAPSHOT.jar:/home/runner/.m2/repository/org/apache/pulsar/pulsar-client/3.3.4/pulsar-client-3.3.4.jar:/home/runner/.m2/repository/org/apache/pulsar/pulsar-client-api/3.3.4/pulsar-client-api-3.3.4.jar:/home/runner/.m2/repository/org/apache/pulsar/pulsar-client-admin-api/3.3.4/pulsar-client-admin-api-3.3.4.jar:/home/runner/.m2/repository/org/apache/pulsar/bouncy-castle-bc/3.3.4/bouncy-castle-bc-3.3.4-pkg.jar:/home/runner/.m2/repository/org/bouncycastle/bcpkix-jdk18on/1.80/bcpkix-jdk18on-1.80.jar:/home/runner/.m2/repository/org/bouncycastle/bcutil-jdk18on/1.80/bcutil-jdk18on-1.80.jar:/home/runner/.m2/repository/org/bouncycastle/bcprov-jdk18on/1.80/bcprov-jdk18on-1.80.jar:/home/runner/.m2/repository/io/opentelemetry/opentelemetry-api/1.44.1/opentelemetry-api-1.44.1.jar:/home/runner/.m2/repository/io/opentelemetry/opentelemetry-context/1.44.1/opentelemetry-context-1.44.1.jar:/home/runner/.m2/repository/io/opentelemetry/opentelemetry-api-incubator/1.44.1-alpha/opentelemetry-api-incubator-1.44.1-alpha.jar:/home/runner/.m2/repository/com/fasterxml/jackson/core/jackson-annotations/2.18.2/jackson-annotations-2.18.2.jar:/home/runner/.m2/repository/javax/validation/validation-api/1.1.0.Final/validation-api-1.1.0.Final.jar:/home/runner/.m2/repository/io/confluent/kafka-avro-serializer/8.0.0/kafka-avro-serializer-8.0.0.jar:/home/runner/.m2/repository/org/apache/commons/commons-compress/1.27.1/commons-compress-1.27.1.jar:/home/runner/.m2/repository/io/confluent/kafka-schema-serializer/8.0.0/kafka-schema-serializer-8.0.0.jar:/home/runner/.m2/repository/com/fasterxml/jackson/dataformat/jackson-dataformat-csv/2.18.2/jackson-dataformat-csv-2.18.2.jar:/home/runner/.m2/repository/io/confluent/kafka-schema-registry-client/8.0.0/kafka-schema-registry-client-8.0.0.jar:/home/runner/.m2/repository/org/yaml/snakeyaml/2.3/snakeyaml-2.3.jar:/home/runner/.m2/repository/io/swagger/core/v3/swagger-annotations/2.2.29/swagger-annotations-2.2.29.jar:/home/runner/.m2/repository/com/google/guava/guava/33.4.0-jre/guava-33.4.0-jre.jar:/home/runner/.m2/repository/com/google/guava/failureaccess/1.0.1/failureaccess-1.0.1.jar:/home/runner/.m2/repository/org/checkerframework/checker-qual/3.49.0/checker-qual-3.49.0.jar:/home/runner/.m2/repository/io/confluent/logredactor/1.0.13/logredactor-1.0.13.jar:/home/runner/.m2/repository/com/google/re2j/re2j/1.6/re2j-1.6.jar:/home/runner/.m2/repository/io/confluent/logredactor-metrics/1.0.13/logredactor-metrics-1.0.13.jar:/home/runner/.m2/repository/com/eclipsesource/minimal-json/minimal-json/0.9.5/minimal-json-0.9.5.jar:/home/runner/.m2/repository/io/confluent/common-utils/8.0.0/common-utils-8.0.0.jar:/home/runner/.m2/repository/io/confluent/kafka-connect-avro-converter/8.0.0/kafka-connect-avro-converter-8.0.0.jar:/home/runner/.m2/repository/io/confluent/kafka-connect-avro-data/8.0.0/kafka-connect-avro-data-8.0.0.jar:/home/runner/.m2/repository/io/confluent/kafka-schema-converter/8.0.0/kafka-schema-converter-8.0.0.jar:/home/runner/.m2/repository/io/rest-assured/rest-assured/5.5.1/rest-assured-5.5.1.jar:/home/runner/.m2/repository/org/apache/groovy/groovy/4.0.22/groovy-4.0.22.jar:/home/runner/.m2/repository/org/apache/groovy/groovy-xml/4.0.22/groovy-xml-4.0.22.jar:/home/runner/.m2/repository/org/apache/httpcomponents/httpclient/4.5.14/httpclient-4.5.14.jar:/home/runner/.m2/repository/org/apache/httpcomponents/httpcore/4.4.16/httpcore-4.4.16.jar:/home/runner/.m2/repository/org/apache/httpcomponents/httpmime/4.5.14/httpmime-4.5.14.jar:/home/runner/.m2/repository/org/hamcrest/hamcrest/2.2/hamcrest-2.2.jar:/home/runner/.m2/repository/org/ccil/cowan/tagsoup/tagsoup/1.2.1/tagsoup-1.2.1.jar:/home/runner/.m2/repository/io/rest-assured/json-path/5.5.1/json-path-5.5.1.jar:/home/runner/.m2/repository/org/apache/groovy/groovy-json/4.0.22/groovy-json-4.0.22.jar:/home/runner/.m2/repository/io/rest-assured/rest-assured-common/5.5.1/rest-assured-common-5.5.1.jar:/home/runner/.m2/repository/io/rest-assured/xml-path/5.5.1/xml-path-5.5.1.jar:/home/runner/.m2/repository/io/zonky/test/embedded-postgres/2.1.0/embedded-postgres-2.1.0.jar:/home/runner/.m2/repository/io/zonky/test/postgres/embedded-postgres-binaries-windows-amd64/14.15.0/embedded-postgres-binaries-windows-amd64-14.15.0.jar:/home/runner/.m2/repository/io/zonky/test/postgres/embedded-postgres-binaries-darwin-amd64/14.15.0/embedded-postgres-binaries-darwin-amd64-14.15.0.jar:/home/runner/.m2/repository/io/zonky/test/postgres/embedded-postgres-binaries-linux-amd64/14.15.0/embedded-postgres-binaries-linux-amd64-14.15.0.jar:/home/runner/.m2/repository/io/zonky/test/postgres/embedded-postgres-binaries-linux-amd64-alpine/14.15.0/embedded-postgres-binaries-linux-amd64-alpine-14.15.0.jar:/home/runner/.m2/repository/org/apache/commons/commons-lang3/3.17.0/commons-lang3-3.17.0.jar:/home/runner/.m2/repository/org/tukaani/xz/1.10/xz-1.10.jar:/home/runner/.m2/repository/commons-codec/commons-codec/1.18.0/commons-codec-1.18.0.jar:/home/runner/.m2/repository/org/postgresql/postgresql/42.7.5/postgresql-42.7.5.jar:/home/runner/.m2/repository/commons-io/commons-io/2.18.0/commons-io-2.18.0.jar:/home/runner/work/apicurio-testing/apicurio-testing/clusters/ci419/namespaces/inmemory/tests/integration/apicurio-registry/utils/importexport/target/apicurio-registry-utils-import-export-3.0.11-SNAPSHOT.jar:/home/runner/.m2/repository/io/vertx/vertx-core/4.5.14/vertx-core-4.5.14.jar:/home/runner/.m2/repository/io/netty/netty-common/4.1.119.Final/netty-common-4.1.119.Final.jar:/home/runner/.m2/repository/io/netty/netty-buffer/4.1.119.Final/netty-buffer-4.1.119.Final.jar:/home/runner/.m2/repository/io/netty/netty-transport/4.1.119.Final/netty-transport-4.1.119.Final.jar:/home/runner/.m2/repository/io/netty/netty-handler/4.1.119.Final/netty-handler-4.1.119.Final.jar:/home/runner/.m2/repository/io/netty/netty-transport-native-unix-common/4.1.119.Final/netty-transport-native-unix-common-4.1.119.Final.jar:/home/runner/.m2/repository/io/netty/netty-codec/4.1.119.Final/netty-codec-4.1.119.Final.jar:/home/runner/.m2/repository/io/netty/netty-handler-proxy/4.1.119.Final/netty-handler-proxy-4.1.119.Final.jar:/home/runner/.m2/repository/io/netty/netty-codec-socks/4.1.119.Final/netty-codec-socks-4.1.119.Final.jar:/home/runner/.m2/repository/io/netty/netty-codec-http/4.1.119.Final/netty-codec-http-4.1.119.Final.jar:/home/runner/.m2/repository/io/netty/netty-codec-http2/4.1.119.Final/netty-codec-http2-4.1.119.Final.jar:/home/runner/.m2/repository/io/netty/netty-resolver/4.1.119.Final/netty-resolver-4.1.119.Final.jar:/home/runner/.m2/repository/io/netty/netty-resolver-dns/4.1.119.Final/netty-resolver-dns-4.1.119.Final.jar:/home/runner/.m2/repository/io/netty/netty-codec-dns/4.1.119.Final/netty-codec-dns-4.1.119.Final.jar:/home/runner/.m2/repository/com/fasterxml/jackson/core/jackson-core/2.18.2/jackson-core-2.18.2.jar:"/>
    <property name="sun.cpu.endian" value="little"/>
    <property name="user.home" value="/home/runner"/>
    <property name="user.language" value="en"/>
    <property name="jboss.log-version" value="false"/>
    <property name="java.specification.vendor" value="Oracle Corporation"/>
    <property name="java.version.date" value="2025-07-15"/>
    <property name="java.home" value="/usr/lib/jvm/temurin-17-jdk-amd64"/>
    <property name="file.separator" value="/"/>
    <property name="basedir" value="/home/runner/work/apicurio-testing/apicurio-testing/clusters/ci419/namespaces/inmemory/tests/integration/apicurio-registry/integration-tests"/>
    <property name="java.vm.compressedOopsMode" value="32-bit"/>
    <property name="line.separator" value="&#10;"/>
    <property name="java.specification.name" value="Java Platform API Specification"/>
    <property name="java.vm.specification.vendor" value="Oracle Corporation"/>
    <property name="quarkus.http.test-host" value="registry-app-inmemory.apps.ci419.apicurio-testing.org"/>
    <property name="surefire.real.class.path" value="/home/runner/work/apicurio-testing/apicurio-testing/clusters/ci419/namespaces/inmemory/tests/integration/apicurio-registry/integration-tests/target/surefire/surefirebooter-20250731181204509_3.jar"/>
    <property name="sun.management.compiler" value="HotSpot 64-Bit Tiered Compilers"/>
    <property name="org.eclipse.jetty.http.HttpGenerator.STRICT" value="true"/>
    <property name="java.runtime.version" value="17.0.16+8"/>
    <property name="user.name" value="runner"/>
    <property name="path.separator" value=":"/>
    <property name="os.version" value="6.8.0-1031-azure"/>
    <property name="java.runtime.name" value="OpenJDK Runtime Environment"/>
    <property name="file.encoding" value="UTF-8"/>
    <property name="jnidispatch.path" value="/home/runner/.cache/JNA/temp/jna16471376801523330694.tmp"/>
    <property name="java.vm.name" value="OpenJDK 64-Bit Server VM"/>
    <property name="jna.platform.library.path" value="/usr/lib/x86_64-linux-gnu:/lib/x86_64-linux-gnu:/usr/lib64:/lib64:/usr/lib:/lib:/lib32:/usr/local/lib:/usr/lib/x86_64-linux-gnu/libfakeroot"/>
    <property name="java.vendor.version" value="Temurin-17.0.16+8"/>
    <property name="quarkus.oidc.token-path" value="https://keycloak-inmemory.apps.ci419.apicurio-testing.org/realms/registry/protocol/openid-connect/token"/>
    <property name="quarkus.http.host" value="registry-app-inmemory.apps.ci419.apicurio-testing.org"/>
    <property name="localRepository" value="/home/runner/.m2/repository"/>
    <property name="javax.xml.xpath.XPathFactory:http://java.sun.com/jaxp/xpath/dom" value="com.sun.org.apache.xpath.internal.jaxp.XPathFactoryImpl"/>
    <property name="jna.loaded" value="true"/>
    <property name="java.vendor.url.bug" value="https://github.com/adoptium/adoptium-support/issues"/>
    <property name="jetty.git.hash" value="5bc5e562c8d05c5862505aebe5cf83a61bdbcb96"/>
    <property name="java.io.tmpdir" value="/tmp"/>
    <property name="quarkus.http.test-protocol" value="http"/>
    <property name="java.version" value="17.0.16"/>
    <property name="user.dir" value="/home/runner/work/apicurio-testing/apicurio-testing/clusters/ci419/namespaces/inmemory/tests/integration/apicurio-registry/integration-tests"/>
    <property name="os.arch" value="amd64"/>
    <property name="groups" value="( smoke | serdes | acceptance | ui)"/>
    <property name="java.vm.specification.name" value="Java Virtual Machine Specification"/>
    <property name="native.encoding" value="UTF-8"/>
    <property name="java.util.logging.manager" value="org.jboss.logmanager.LogManager"/>
    <property name="java.library.path" value="/usr/java/packages/lib:/usr/lib64:/lib64:/lib:/usr/lib"/>
    <property name="jdk.console" value="java.base"/>
    <property name="java.vm.info" value="mixed mode, sharing"/>
    <property name="java.vendor" value="Eclipse Adoptium"/>
    <property name="java.vm.version" value="17.0.16+8"/>
    <property name="java.specification.maintenance.version" value="1"/>
    <property name="sun.io.unicode.encoding" value="UnicodeLittle"/>
    <property name="javax.xml.transform.TransformerFactory" value="com.sun.org.apache.xalan.internal.xsltc.trax.TransformerFactoryImpl"/>
    <property name="java.class.version" value="61.0"/>
  </properties>
  <testcase name="testEvolveAvroConfluent" classname="io.apicurio.tests.serdes.confluent.BasicConfluentSerDesIT" time="4.341">
    <system-out><![CDATA[**** Registry Base URL: http://registry-app-inmemory.apps.ci419.apicurio-testing.org:80
**** Registry Base URL: http://registry-app-inmemory.apps.ci419.apicurio-testing.org:80
2025-07-31 18:13:48,640 INFO  [io.api.tes.ser.con.BasicConfluentSerDesIT] (main) RestAssured configured with http://registry-app-inmemory.apps.ci419.apicurio-testing.org:80/apis/registry/v3
**** Registry Base URL: http://registry-app-inmemory.apps.ci419.apicurio-testing.org:80
2025-07-31 18:13:48,905 INFO  [io.api.tes.ser.con.BasicConfluentSerDesIT] (main) Deleting confluent schema subj_ddbdb97e_cc19_46f1_b722_c7e3f3dc4a27-value
2025-07-31 18:13:48,930 INFO  [io.api.tes.ser.con.BasicConfluentSerDesIT] (main) Deleting confluent schema subj_e7dfd2b0_8fd7_4549_bf12_0ab3587c48a2-value
2025-07-31 18:13:48,942 INFO  [io.api.tes.ser.con.BasicConfluentSerDesIT] (main) Deleting confluent schema CUSTOMERS-key
2025-07-31 18:13:48,954 INFO  [io.api.tes.ser.con.BasicConfluentSerDesIT] (main) Deleting confluent schema CUSTOMERS.Value
2025-07-31 18:13:48,968 INFO  [io.api.tes.ser.con.BasicConfluentSerDesIT] (main) Deleting confluent schema CUSTOMERS-value
2025-07-31 18:13:48,981 INFO  [io.api.tes.ser.con.BasicConfluentSerDesIT] (main) Deleting confluent schema subj_a549e72a_a79d_4720_a7a4_a200e08dabcf-value
2025-07-31 18:13:48,992 INFO  [io.api.tes.ser.con.BasicConfluentSerDesIT] (main) Deleting confluent schema topic-586f52ee_5a85_4861_9648_73698ac041db-value
2025-07-31 18:13:49,004 INFO  [io.api.tes.ser.con.BasicConfluentSerDesIT] (main) Deleting confluent schema topic-c7a2f8f4_b81d_4ded_aeb0_18828b9cd374-value
2025-07-31 18:13:49,015 INFO  [io.api.tes.ser.con.BasicConfluentSerDesIT] (main) Deleting confluent schema topic-5081e164_cd43_4926_aa30_1f29b79d4afd-value
2025-07-31 18:13:49,025 INFO  [io.api.tes.ser.con.BasicConfluentSerDesIT] (main) Deleting confluent schema topic-02ee9ff4_8320_4eac_a9e3_fa89cdab0337-value
2025-07-31 18:13:49,036 INFO  [io.api.tes.ser.con.BasicConfluentSerDesIT] (main) Deleting confluent schema topic-d40ae838_7ee1_4b34_8713_f73770686ec9-value
2025-07-31 18:13:49,073 INFO  [io.api.tes.ser.con.BasicConfluentSerDesIT] (main) Deleting confluent schema topic-72a060b0_74da_4930_af5d_989e76d21c1a-value
2025-07-31 18:13:49,085 INFO  [io.api.tes.ser.con.BasicConfluentSerDesIT] (main) Deleting confluent schema myrecordconfluent
2025-07-31 18:13:49,097 INFO  [io.api.tes.ser.con.BasicConfluentSerDesIT] (main) Deleting confluent schema topic-c2736685_e599_423d_b22b_940a507935a1
2025-07-31 18:13:49,107 INFO  [io.api.tes.ser.con.BasicConfluentSerDesIT] (main) Deleting confluent schema topic-5148a720_870d_4711_9224_2807ac5c2b04-value
2025-07-31 18:13:49,119 INFO  [io.api.tes.ser.con.BasicConfluentSerDesIT] (main) Deleting confluent schema topic-ab3d2bc9_8fd7_41ac_b0aa_b9320ef3a998
2025-07-31 18:13:49,130 INFO  [io.api.tes.ser.con.BasicConfluentSerDesIT] (main) Deleting confluent schema topic-c5c9ecc3_36b6_4ebd_b475_c78408d1e08b-value
2025-07-31 18:13:49,141 INFO  [io.api.tes.ser.con.BasicConfluentSerDesIT] (main) Deleting confluent schema topic-58ad1c47_6124_4bf2_93a4_4aa182b730ce
2025-07-31 18:13:49,153 INFO  [io.api.tes.ser.con.BasicConfluentSerDesIT] (main) Deleting confluent schema google/protobuf/timestamp.proto
2025-07-31 18:13:49,165 INFO  [io.api.tes.ser.con.BasicConfluentSerDesIT] (main) Deleting confluent schema topic-72fa7676_a911_4cc7_ac8d_f7e8b64a0fd8-value
2025-07-31 18:13:49,176 INFO  [io.api.tes.ser.con.BasicConfluentSerDesIT] (main) Deleting confluent schema topic-6d8526a6_e940_4f2a_8118_ac3b03e9461a-value
2025-07-31 18:13:49,187 INFO  [io.api.tes.ser.con.BasicConfluentSerDesIT] (main) Deleting confluent schema topic-ecf2aa36_52fe_4cc0_9145_73cee4c0f955-value
2025-07-31 18:13:49,198 INFO  [io.api.tes.ser.con.BasicConfluentSerDesIT] (main) Deleting confluent schema topic-e22848fe_f01b_426b_995f_0e398fdcef6c-value
2025-07-31 18:13:49,214 INFO  [io.api.tes.uti.KafkaFacade] (main) Skipping deployment of kafka, because it's already deployed
2025-07-31 18:13:49,214 INFO  [io.api.tes.uti.TestSeparator] (main) ############################################################################
2025-07-31 18:13:49,215 INFO  [io.api.tes.uti.TestSeparator] (main) io.apicurio.tests.serdes.confluent.BasicConfluentSerDesIT.testEvolveAvroConfluent-STARTED
2025-07-31 18:13:49,216 INFO  [org.apa.kaf.cli.adm.AdminClientConfig] (main) AdminClientConfig values: 
	auto.include.jmx.reporter = true
	bootstrap.controllers = []
	bootstrap.servers = [PLAINTEXT://localhost:32770]
	client.dns.lookup = use_all_dns_ips
	client.id = 
	connections.max.idle.ms = 10000
	default.api.timeout.ms = 60000
	enable.metrics.push = true
	metadata.max.age.ms = 300000
	metadata.recovery.strategy = none
	metric.reporters = []
	metrics.num.samples = 2
	metrics.recording.level = INFO
	metrics.sample.window.ms = 30000
	receive.buffer.bytes = 65536
	reconnect.backoff.max.ms = 1000
	reconnect.backoff.ms = 50
	request.timeout.ms = 5000
	retries = 2147483647
	retry.backoff.max.ms = 1000
	retry.backoff.ms = 100
	sasl.client.callback.handler.class = null
	sasl.jaas.config = null
	sasl.kerberos.kinit.cmd = /usr/bin/kinit
	sasl.kerberos.min.time.before.relogin = 60000
	sasl.kerberos.service.name = null
	sasl.kerberos.ticket.renew.jitter = 0.05
	sasl.kerberos.ticket.renew.window.factor = 0.8
	sasl.login.callback.handler.class = null
	sasl.login.class = null
	sasl.login.connect.timeout.ms = null
	sasl.login.read.timeout.ms = null
	sasl.login.refresh.buffer.seconds = 300
	sasl.login.refresh.min.period.seconds = 60
	sasl.login.refresh.window.factor = 0.8
	sasl.login.refresh.window.jitter = 0.05
	sasl.login.retry.backoff.max.ms = 10000
	sasl.login.retry.backoff.ms = 100
	sasl.mechanism = GSSAPI
	sasl.oauthbearer.clock.skew.seconds = 30
	sasl.oauthbearer.expected.audience = null
	sasl.oauthbearer.expected.issuer = null
	sasl.oauthbearer.header.urlencode = false
	sasl.oauthbearer.jwks.endpoint.refresh.ms = 3600000
	sasl.oauthbearer.jwks.endpoint.retry.backoff.max.ms = 10000
	sasl.oauthbearer.jwks.endpoint.retry.backoff.ms = 100
	sasl.oauthbearer.jwks.endpoint.url = null
	sasl.oauthbearer.scope.claim.name = scope
	sasl.oauthbearer.sub.claim.name = sub
	sasl.oauthbearer.token.endpoint.url = null
	security.protocol = PLAINTEXT
	security.providers = null
	send.buffer.bytes = 131072
	socket.connection.setup.timeout.max.ms = 30000
	socket.connection.setup.timeout.ms = 10000
	ssl.cipher.suites = null
	ssl.enabled.protocols = [TLSv1.2, TLSv1.3]
	ssl.endpoint.identification.algorithm = https
	ssl.engine.factory.class = null
	ssl.key.password = null
	ssl.keymanager.algorithm = SunX509
	ssl.keystore.certificate.chain = null
	ssl.keystore.key = null
	ssl.keystore.location = null
	ssl.keystore.password = null
	ssl.keystore.type = JKS
	ssl.protocol = TLSv1.3
	ssl.provider = null
	ssl.secure.random.implementation = null
	ssl.trustmanager.algorithm = PKIX
	ssl.truststore.certificates = null
	ssl.truststore.location = null
	ssl.truststore.password = null
	ssl.truststore.type = JKS

2025-07-31 18:13:49,217 INFO  [org.apa.kaf.com.uti.AppInfoParser] (main) Kafka version: 3.9.1
2025-07-31 18:13:49,218 INFO  [org.apa.kaf.com.uti.AppInfoParser] (main) Kafka commitId: f745dfdcee2b9851
2025-07-31 18:13:49,218 INFO  [org.apa.kaf.com.uti.AppInfoParser] (main) Kafka startTimeMs: 1753985629217
2025-07-31 18:13:49,358 INFO  [io.api.tes.ser.con.BasicConfluentSerDesIT] (main) Checking that created schema is equal to the get schema
2025-07-31 18:13:49,384 INFO  [io.api.tes.ser.con.BasicConfluentSerDesIT] (main) Created schema with id:95 and name:se6099b60xef08x45fbxa5fexbe22f5c48622
**** Registry Base URL: http://registry-app-inmemory.apps.ci419.apicurio-testing.org:80
2025-07-31 18:13:49,391 INFO  [org.apa.kaf.cli.pro.ProducerConfig] (main) ProducerConfig values: 
	acks = -1
	auto.include.jmx.reporter = true
	batch.size = 16384
	bootstrap.servers = [PLAINTEXT://localhost:32770]
	buffer.memory = 33554432
	client.dns.lookup = use_all_dns_ips
	client.id = Producer-topic-52c48b67_a0ad_426b_921a_65b847b7ab26
	compression.gzip.level = -1
	compression.lz4.level = 9
	compression.type = none
	compression.zstd.level = 3
	connections.max.idle.ms = 10000
	delivery.timeout.ms = 120000
	enable.idempotence = true
	enable.metrics.push = true
	interceptor.classes = []
	key.serializer = class org.apache.kafka.common.serialization.StringSerializer
	linger.ms = 0
	max.block.ms = 60000
	max.in.flight.requests.per.connection = 5
	max.request.size = 1048576
	metadata.max.age.ms = 300000
	metadata.max.idle.ms = 300000
	metadata.recovery.strategy = none
	metric.reporters = []
	metrics.num.samples = 2
	metrics.recording.level = INFO
	metrics.sample.window.ms = 30000
	partitioner.adaptive.partitioning.enable = true
	partitioner.availability.timeout.ms = 0
	partitioner.class = null
	partitioner.ignore.keys = false
	receive.buffer.bytes = 32768
	reconnect.backoff.max.ms = 1000
	reconnect.backoff.ms = 50
	request.timeout.ms = 5000
	retries = 2147483647
	retry.backoff.max.ms = 1000
	retry.backoff.ms = 100
	sasl.client.callback.handler.class = null
	sasl.jaas.config = null
	sasl.kerberos.kinit.cmd = /usr/bin/kinit
	sasl.kerberos.min.time.before.relogin = 60000
	sasl.kerberos.service.name = null
	sasl.kerberos.ticket.renew.jitter = 0.05
	sasl.kerberos.ticket.renew.window.factor = 0.8
	sasl.login.callback.handler.class = null
	sasl.login.class = null
	sasl.login.connect.timeout.ms = null
	sasl.login.read.timeout.ms = null
	sasl.login.refresh.buffer.seconds = 300
	sasl.login.refresh.min.period.seconds = 60
	sasl.login.refresh.window.factor = 0.8
	sasl.login.refresh.window.jitter = 0.05
	sasl.login.retry.backoff.max.ms = 10000
	sasl.login.retry.backoff.ms = 100
	sasl.mechanism = GSSAPI
	sasl.oauthbearer.clock.skew.seconds = 30
	sasl.oauthbearer.expected.audience = null
	sasl.oauthbearer.expected.issuer = null
	sasl.oauthbearer.header.urlencode = false
	sasl.oauthbearer.jwks.endpoint.refresh.ms = 3600000
	sasl.oauthbearer.jwks.endpoint.retry.backoff.max.ms = 10000
	sasl.oauthbearer.jwks.endpoint.retry.backoff.ms = 100
	sasl.oauthbearer.jwks.endpoint.url = null
	sasl.oauthbearer.scope.claim.name = scope
	sasl.oauthbearer.sub.claim.name = sub
	sasl.oauthbearer.token.endpoint.url = null
	security.protocol = PLAINTEXT
	security.providers = null
	send.buffer.bytes = 131072
	socket.connection.setup.timeout.max.ms = 30000
	socket.connection.setup.timeout.ms = 10000
	ssl.cipher.suites = null
	ssl.enabled.protocols = [TLSv1.2, TLSv1.3]
	ssl.endpoint.identification.algorithm = https
	ssl.engine.factory.class = null
	ssl.key.password = null
	ssl.keymanager.algorithm = SunX509
	ssl.keystore.certificate.chain = null
	ssl.keystore.key = null
	ssl.keystore.location = null
	ssl.keystore.password = null
	ssl.keystore.type = JKS
	ssl.protocol = TLSv1.3
	ssl.provider = null
	ssl.secure.random.implementation = null
	ssl.trustmanager.algorithm = PKIX
	ssl.truststore.certificates = null
	ssl.truststore.location = null
	ssl.truststore.password = null
	ssl.truststore.type = JKS
	transaction.timeout.ms = 60000
	transactional.id = null
	value.serializer = class io.confluent.kafka.serializers.KafkaAvroSerializer

2025-07-31 18:13:49,391 INFO  [org.apa.kaf.com.tel.int.KafkaMetricsCollector] (main) initializing Kafka metrics collector
2025-07-31 18:13:49,395 INFO  [io.con.kaf.ser.KafkaAvroSerializerConfig] (main) KafkaAvroSerializerConfig values: 
	auto.register.schemas = false
	avro.reflection.allow.null = false
	avro.remove.java.properties = false
	avro.use.logical.type.converters = false
	basic.auth.credentials.source = URL
	basic.auth.user.info = [hidden]
	bearer.auth.cache.expiry.buffer.seconds = 300
	bearer.auth.client.id = null
	bearer.auth.client.secret = null
	bearer.auth.credentials.source = STATIC_TOKEN
	bearer.auth.custom.provider.class = null
	bearer.auth.identity.pool.id = null
	bearer.auth.issuer.endpoint.url = null
	bearer.auth.logical.cluster = null
	bearer.auth.scope = null
	bearer.auth.scope.claim.name = scope
	bearer.auth.sub.claim.name = sub
	bearer.auth.token = [hidden]
	context.name.strategy = class io.confluent.kafka.serializers.context.NullContextNameStrategy
	http.connect.timeout.ms = 60000
	http.read.timeout.ms = 60000
	id.compatibility.strict = true
	key.schema.id.deserializer = class io.confluent.kafka.serializers.schema.id.DualSchemaIdDeserializer
	key.schema.id.serializer = class io.confluent.kafka.serializers.schema.id.PrefixSchemaIdSerializer
	key.subject.name.strategy = class io.confluent.kafka.serializers.subject.TopicNameStrategy
	latest.cache.size = 1000
	latest.cache.ttl.sec = -1
	latest.compatibility.strict = true
	max.retries = 3
	max.schemas.per.subject = 1000
	normalize.schemas = false
	propagate.schema.tags = false
	proxy.host = 
	proxy.port = -1
	retries.max.wait.ms = 20000
	retries.wait.ms = 1000
	rule.actions = []
	rule.executors = []
	rule.service.loader.enable = true
	schema.format = null
	schema.reflection = false
	schema.registry.basic.auth.user.info = [hidden]
	schema.registry.ssl.cipher.suites = null
	schema.registry.ssl.enabled.protocols = [TLSv1.2, TLSv1.3]
	schema.registry.ssl.endpoint.identification.algorithm = https
	schema.registry.ssl.engine.factory.class = null
	schema.registry.ssl.key.password = null
	schema.registry.ssl.keymanager.algorithm = SunX509
	schema.registry.ssl.keystore.certificate.chain = null
	schema.registry.ssl.keystore.key = null
	schema.registry.ssl.keystore.location = null
	schema.registry.ssl.keystore.password = null
	schema.registry.ssl.keystore.type = JKS
	schema.registry.ssl.protocol = TLSv1.3
	schema.registry.ssl.provider = null
	schema.registry.ssl.secure.random.implementation = null
	schema.registry.ssl.trustmanager.algorithm = PKIX
	schema.registry.ssl.truststore.certificates = null
	schema.registry.ssl.truststore.location = null
	schema.registry.ssl.truststore.password = null
	schema.registry.ssl.truststore.type = JKS
	schema.registry.url = [http://registry-app-inmemory.apps.ci419.apicurio-testing.org:80/apis/ccompat/v7]
	schema.registry.url.randomize = false
	use.latest.version = false
	use.latest.with.metadata = null
	use.schema.id = -1
	value.schema.id.deserializer = class io.confluent.kafka.serializers.schema.id.DualSchemaIdDeserializer
	value.schema.id.serializer = class io.confluent.kafka.serializers.schema.id.PrefixSchemaIdSerializer
	value.subject.name.strategy = class io.confluent.kafka.serializers.subject.TopicRecordNameStrategy

2025-07-31 18:13:49,413 INFO  [org.apa.kaf.cli.pro.KafkaProducer] (main) [Producer clientId=Producer-topic-52c48b67_a0ad_426b_921a_65b847b7ab26] Instantiated an idempotent producer.
2025-07-31 18:13:49,418 INFO  [org.apa.kaf.cli.pro.ProducerConfig] (main) These configurations '[schema.registry.url, auto.register.schemas, value.subject.name.strategy]' were supplied but are not used yet.
2025-07-31 18:13:49,418 INFO  [org.apa.kaf.com.uti.AppInfoParser] (main) Kafka version: 3.9.1
2025-07-31 18:13:49,418 INFO  [org.apa.kaf.com.uti.AppInfoParser] (main) Kafka commitId: f745dfdcee2b9851
2025-07-31 18:13:49,418 INFO  [org.apa.kaf.com.uti.AppInfoParser] (main) Kafka startTimeMs: 1753985629418
**** Registry Base URL: http://registry-app-inmemory.apps.ci419.apicurio-testing.org:80
2025-07-31 18:13:49,422 INFO  [org.apa.kaf.cli.Metadata] (kafka-producer-network-thread | Producer-topic-52c48b67_a0ad_426b_921a_65b847b7ab26) [Producer clientId=Producer-topic-52c48b67_a0ad_426b_921a_65b847b7ab26] Cluster ID: Pi_RUBSBSj-WuHInrGEQ6g
2025-07-31 18:13:49,422 INFO  [org.apa.kaf.cli.pro.int.TransactionManager] (kafka-producer-network-thread | Producer-topic-52c48b67_a0ad_426b_921a_65b847b7ab26) [Producer clientId=Producer-topic-52c48b67_a0ad_426b_921a_65b847b7ab26] ProducerId set to 36 with epoch 0
2025-07-31 18:13:49,422 INFO  [org.apa.kaf.cli.con.ConsumerConfig] (main) ConsumerConfig values: 
	allow.auto.create.topics = true
	auto.commit.interval.ms = 500
	auto.include.jmx.reporter = true
	auto.offset.reset = earliest
	bootstrap.servers = [PLAINTEXT://localhost:32770]
	check.crcs = true
	client.dns.lookup = use_all_dns_ips
	client.id = consumer-Consumer-topic-52c48b67_a0ad_426b_921a_65b847b7ab26-27
	client.rack = 
	connections.max.idle.ms = 10000
	default.api.timeout.ms = 60000
	enable.auto.commit = true
	enable.metrics.push = true
	exclude.internal.topics = true
	fetch.max.bytes = 52428800
	fetch.max.wait.ms = 500
	fetch.min.bytes = 1
	group.id = Consumer-topic-52c48b67_a0ad_426b_921a_65b847b7ab26
	group.instance.id = null
	group.protocol = classic
	group.remote.assignor = null
	heartbeat.interval.ms = 3000
	interceptor.classes = []
	internal.leave.group.on.close = true
	internal.throw.on.fetch.stable.offset.unsupported = false
	isolation.level = read_uncommitted
	key.deserializer = class org.apache.kafka.common.serialization.StringDeserializer
	max.partition.fetch.bytes = 1048576
	max.poll.interval.ms = 300000
	max.poll.records = 500
	metadata.max.age.ms = 300000
	metadata.recovery.strategy = none
	metric.reporters = []
	metrics.num.samples = 2
	metrics.recording.level = INFO
	metrics.sample.window.ms = 30000
	partition.assignment.strategy = [class org.apache.kafka.clients.consumer.RangeAssignor, class org.apache.kafka.clients.consumer.CooperativeStickyAssignor]
	receive.buffer.bytes = 65536
	reconnect.backoff.max.ms = 1000
	reconnect.backoff.ms = 50
	request.timeout.ms = 5000
	retry.backoff.max.ms = 1000
	retry.backoff.ms = 100
	sasl.client.callback.handler.class = null
	sasl.jaas.config = null
	sasl.kerberos.kinit.cmd = /usr/bin/kinit
	sasl.kerberos.min.time.before.relogin = 60000
	sasl.kerberos.service.name = null
	sasl.kerberos.ticket.renew.jitter = 0.05
	sasl.kerberos.ticket.renew.window.factor = 0.8
	sasl.login.callback.handler.class = null
	sasl.login.class = null
	sasl.login.connect.timeout.ms = null
	sasl.login.read.timeout.ms = null
	sasl.login.refresh.buffer.seconds = 300
	sasl.login.refresh.min.period.seconds = 60
	sasl.login.refresh.window.factor = 0.8
	sasl.login.refresh.window.jitter = 0.05
	sasl.login.retry.backoff.max.ms = 10000
	sasl.login.retry.backoff.ms = 100
	sasl.mechanism = GSSAPI
	sasl.oauthbearer.clock.skew.seconds = 30
	sasl.oauthbearer.expected.audience = null
	sasl.oauthbearer.expected.issuer = null
	sasl.oauthbearer.header.urlencode = false
	sasl.oauthbearer.jwks.endpoint.refresh.ms = 3600000
	sasl.oauthbearer.jwks.endpoint.retry.backoff.max.ms = 10000
	sasl.oauthbearer.jwks.endpoint.retry.backoff.ms = 100
	sasl.oauthbearer.jwks.endpoint.url = null
	sasl.oauthbearer.scope.claim.name = scope
	sasl.oauthbearer.sub.claim.name = sub
	sasl.oauthbearer.token.endpoint.url = null
	security.protocol = PLAINTEXT
	security.providers = null
	send.buffer.bytes = 131072
	session.timeout.ms = 45000
	socket.connection.setup.timeout.max.ms = 30000
	socket.connection.setup.timeout.ms = 10000
	ssl.cipher.suites = null
	ssl.enabled.protocols = [TLSv1.2, TLSv1.3]
	ssl.endpoint.identification.algorithm = https
	ssl.engine.factory.class = null
	ssl.key.password = null
	ssl.keymanager.algorithm = SunX509
	ssl.keystore.certificate.chain = null
	ssl.keystore.key = null
	ssl.keystore.location = null
	ssl.keystore.password = null
	ssl.keystore.type = JKS
	ssl.protocol = TLSv1.3
	ssl.provider = null
	ssl.secure.random.implementation = null
	ssl.trustmanager.algorithm = PKIX
	ssl.truststore.certificates = null
	ssl.truststore.location = null
	ssl.truststore.password = null
	ssl.truststore.type = JKS
	value.deserializer = class io.confluent.kafka.serializers.KafkaAvroDeserializer

2025-07-31 18:13:49,423 INFO  [org.apa.kaf.com.tel.int.KafkaMetricsCollector] (main) initializing Kafka metrics collector
2025-07-31 18:13:49,424 INFO  [io.con.kaf.ser.KafkaAvroDeserializerConfig] (main) KafkaAvroDeserializerConfig values: 
	auto.register.schemas = true
	avro.reflection.allow.null = false
	avro.use.logical.type.converters = false
	basic.auth.credentials.source = URL
	basic.auth.user.info = [hidden]
	bearer.auth.cache.expiry.buffer.seconds = 300
	bearer.auth.client.id = null
	bearer.auth.client.secret = null
	bearer.auth.credentials.source = STATIC_TOKEN
	bearer.auth.custom.provider.class = null
	bearer.auth.identity.pool.id = null
	bearer.auth.issuer.endpoint.url = null
	bearer.auth.logical.cluster = null
	bearer.auth.scope = null
	bearer.auth.scope.claim.name = scope
	bearer.auth.sub.claim.name = sub
	bearer.auth.token = [hidden]
	context.name.strategy = class io.confluent.kafka.serializers.context.NullContextNameStrategy
	http.connect.timeout.ms = 60000
	http.read.timeout.ms = 60000
	id.compatibility.strict = true
	key.schema.id.deserializer = class io.confluent.kafka.serializers.schema.id.DualSchemaIdDeserializer
	key.schema.id.serializer = class io.confluent.kafka.serializers.schema.id.PrefixSchemaIdSerializer
	key.subject.name.strategy = class io.confluent.kafka.serializers.subject.TopicNameStrategy
	latest.cache.size = 1000
	latest.cache.ttl.sec = -1
	latest.compatibility.strict = true
	max.retries = 3
	max.schemas.per.subject = 1000
	normalize.schemas = false
	propagate.schema.tags = false
	proxy.host = 
	proxy.port = -1
	retries.max.wait.ms = 20000
	retries.wait.ms = 1000
	rule.actions = []
	rule.executors = []
	rule.service.loader.enable = true
	schema.format = null
	schema.reflection = false
	schema.registry.basic.auth.user.info = [hidden]
	schema.registry.ssl.cipher.suites = null
	schema.registry.ssl.enabled.protocols = [TLSv1.2, TLSv1.3]
	schema.registry.ssl.endpoint.identification.algorithm = https
	schema.registry.ssl.engine.factory.class = null
	schema.registry.ssl.key.password = null
	schema.registry.ssl.keymanager.algorithm = SunX509
	schema.registry.ssl.keystore.certificate.chain = null
	schema.registry.ssl.keystore.key = null
	schema.registry.ssl.keystore.location = null
	schema.registry.ssl.keystore.password = null
	schema.registry.ssl.keystore.type = JKS
	schema.registry.ssl.protocol = TLSv1.3
	schema.registry.ssl.provider = null
	schema.registry.ssl.secure.random.implementation = null
	schema.registry.ssl.trustmanager.algorithm = PKIX
	schema.registry.ssl.truststore.certificates = null
	schema.registry.ssl.truststore.location = null
	schema.registry.ssl.truststore.password = null
	schema.registry.ssl.truststore.type = JKS
	schema.registry.url = [http://registry-app-inmemory.apps.ci419.apicurio-testing.org:80/apis/ccompat/v7]
	schema.registry.url.randomize = false
	specific.avro.key.type = null
	specific.avro.reader = false
	specific.avro.value.type = null
	use.latest.version = false
	use.latest.with.metadata = null
	use.schema.id = -1
	value.schema.id.deserializer = class io.confluent.kafka.serializers.schema.id.DualSchemaIdDeserializer
	value.schema.id.serializer = class io.confluent.kafka.serializers.schema.id.PrefixSchemaIdSerializer
	value.subject.name.strategy = class io.confluent.kafka.serializers.subject.TopicNameStrategy

2025-07-31 18:13:49,428 INFO  [org.apa.kaf.cli.con.ConsumerConfig] (main) These configurations '[schema.registry.url]' were supplied but are not used yet.
2025-07-31 18:13:49,428 INFO  [org.apa.kaf.com.uti.AppInfoParser] (main) Kafka version: 3.9.1
2025-07-31 18:13:49,428 INFO  [org.apa.kaf.com.uti.AppInfoParser] (main) Kafka commitId: f745dfdcee2b9851
2025-07-31 18:13:49,428 INFO  [org.apa.kaf.com.uti.AppInfoParser] (main) Kafka startTimeMs: 1753985629428
2025-07-31 18:13:49,429 INFO  [io.api.tes.ser.api.KafkaSerdesTester] (Thread-822) Sending message {"key1": "value-0"} to topic topic-52c48b67_a0ad_426b_921a_65b847b7ab26
2025-07-31 18:13:49,496 INFO  [io.api.tes.ser.api.KafkaSerdesTester] (Thread-822) Sending message {"key1": "value-1"} to topic topic-52c48b67_a0ad_426b_921a_65b847b7ab26
2025-07-31 18:13:49,497 INFO  [io.api.tes.ser.api.KafkaSerdesTester] (Thread-822) Sending message {"key1": "value-2"} to topic topic-52c48b67_a0ad_426b_921a_65b847b7ab26
2025-07-31 18:13:49,498 INFO  [io.api.tes.ser.api.KafkaSerdesTester] (Thread-822) Sending message {"key1": "value-3"} to topic topic-52c48b67_a0ad_426b_921a_65b847b7ab26
2025-07-31 18:13:49,499 INFO  [io.api.tes.ser.api.KafkaSerdesTester] (Thread-822) Sending message {"key1": "value-4"} to topic topic-52c48b67_a0ad_426b_921a_65b847b7ab26
2025-07-31 18:13:49,501 INFO  [io.api.tes.ser.api.KafkaSerdesTester] (Thread-822) Sending message {"key1": "value-5"} to topic topic-52c48b67_a0ad_426b_921a_65b847b7ab26
2025-07-31 18:13:49,502 INFO  [io.api.tes.ser.api.KafkaSerdesTester] (Thread-822) Sending message {"key1": "value-6"} to topic topic-52c48b67_a0ad_426b_921a_65b847b7ab26
2025-07-31 18:13:49,503 INFO  [io.api.tes.ser.api.KafkaSerdesTester] (Thread-822) Sending message {"key1": "value-7"} to topic topic-52c48b67_a0ad_426b_921a_65b847b7ab26
2025-07-31 18:13:49,504 INFO  [io.api.tes.ser.api.KafkaSerdesTester] (Thread-822) Sending message {"key1": "value-8"} to topic topic-52c48b67_a0ad_426b_921a_65b847b7ab26
2025-07-31 18:13:49,505 INFO  [io.api.tes.ser.api.KafkaSerdesTester] (Thread-822) Sending message {"key1": "value-9"} to topic topic-52c48b67_a0ad_426b_921a_65b847b7ab26
2025-07-31 18:13:49,506 INFO  [io.api.tes.ser.api.KafkaSerdesTester] (Thread-822) Produced 10 messages
2025-07-31 18:13:49,506 INFO  [org.apa.kaf.cli.pro.KafkaProducer] (Thread-822) [Producer clientId=Producer-topic-52c48b67_a0ad_426b_921a_65b847b7ab26] Closing the Kafka producer with timeoutMillis = 9223372036854775807 ms.
2025-07-31 18:13:49,508 INFO  [org.apa.kaf.com.met.Metrics] (Thread-822) Metrics scheduler closed
2025-07-31 18:13:49,508 INFO  [org.apa.kaf.com.met.Metrics] (Thread-822) Closing reporter org.apache.kafka.common.metrics.JmxReporter
2025-07-31 18:13:49,508 INFO  [org.apa.kaf.com.met.Metrics] (Thread-822) Closing reporter org.apache.kafka.common.telemetry.internals.ClientTelemetryReporter
2025-07-31 18:13:49,508 INFO  [org.apa.kaf.com.met.Metrics] (Thread-822) Metrics reporters closed
2025-07-31 18:13:49,508 INFO  [org.apa.kaf.com.uti.AppInfoParser] (Thread-822) App info kafka.producer for Producer-topic-52c48b67_a0ad_426b_921a_65b847b7ab26 unregistered
2025-07-31 18:13:49,510 INFO  [org.apa.kaf.cli.con.int.ClassicKafkaConsumer] (Thread-823) [Consumer clientId=consumer-Consumer-topic-52c48b67_a0ad_426b_921a_65b847b7ab26-27, groupId=Consumer-topic-52c48b67_a0ad_426b_921a_65b847b7ab26] Subscribed to topic(s): topic-52c48b67_a0ad_426b_921a_65b847b7ab26
2025-07-31 18:13:49,513 INFO  [org.apa.kaf.cli.Metadata] (Thread-823) [Consumer clientId=consumer-Consumer-topic-52c48b67_a0ad_426b_921a_65b847b7ab26-27, groupId=Consumer-topic-52c48b67_a0ad_426b_921a_65b847b7ab26] Cluster ID: Pi_RUBSBSj-WuHInrGEQ6g
2025-07-31 18:13:49,514 INFO  [org.apa.kaf.cli.con.int.ConsumerCoordinator] (Thread-823) [Consumer clientId=consumer-Consumer-topic-52c48b67_a0ad_426b_921a_65b847b7ab26-27, groupId=Consumer-topic-52c48b67_a0ad_426b_921a_65b847b7ab26] Discovered group coordinator localhost:32770 (id: 2147483647 rack: null)
2025-07-31 18:13:49,515 INFO  [org.apa.kaf.cli.con.int.ConsumerCoordinator] (Thread-823) [Consumer clientId=consumer-Consumer-topic-52c48b67_a0ad_426b_921a_65b847b7ab26-27, groupId=Consumer-topic-52c48b67_a0ad_426b_921a_65b847b7ab26] (Re-)joining group
2025-07-31 18:13:49,518 INFO  [org.apa.kaf.cli.con.int.ConsumerCoordinator] (Thread-823) [Consumer clientId=consumer-Consumer-topic-52c48b67_a0ad_426b_921a_65b847b7ab26-27, groupId=Consumer-topic-52c48b67_a0ad_426b_921a_65b847b7ab26] Request joining group due to: need to re-join with the given member-id: consumer-Consumer-topic-52c48b67_a0ad_426b_921a_65b847b7ab26-27-b27427ae-91f6-4be4-8751-03201aadca70
2025-07-31 18:13:49,518 INFO  [org.apa.kaf.cli.con.int.ConsumerCoordinator] (Thread-823) [Consumer clientId=consumer-Consumer-topic-52c48b67_a0ad_426b_921a_65b847b7ab26-27, groupId=Consumer-topic-52c48b67_a0ad_426b_921a_65b847b7ab26] (Re-)joining group
2025-07-31 18:13:49,522 INFO  [org.apa.kaf.cli.con.int.ConsumerCoordinator] (Thread-823) [Consumer clientId=consumer-Consumer-topic-52c48b67_a0ad_426b_921a_65b847b7ab26-27, groupId=Consumer-topic-52c48b67_a0ad_426b_921a_65b847b7ab26] Successfully joined group with generation Generation{generationId=1, memberId='consumer-Consumer-topic-52c48b67_a0ad_426b_921a_65b847b7ab26-27-b27427ae-91f6-4be4-8751-03201aadca70', protocol='range'}
2025-07-31 18:13:49,522 INFO  [org.apa.kaf.cli.con.int.ConsumerCoordinator] (Thread-823) [Consumer clientId=consumer-Consumer-topic-52c48b67_a0ad_426b_921a_65b847b7ab26-27, groupId=Consumer-topic-52c48b67_a0ad_426b_921a_65b847b7ab26] Finished assignment for group at generation 1: {consumer-Consumer-topic-52c48b67_a0ad_426b_921a_65b847b7ab26-27-b27427ae-91f6-4be4-8751-03201aadca70=Assignment(partitions=[topic-52c48b67_a0ad_426b_921a_65b847b7ab26-0])}
2025-07-31 18:13:49,524 INFO  [org.apa.kaf.cli.con.int.ConsumerCoordinator] (Thread-823) [Consumer clientId=consumer-Consumer-topic-52c48b67_a0ad_426b_921a_65b847b7ab26-27, groupId=Consumer-topic-52c48b67_a0ad_426b_921a_65b847b7ab26] Successfully synced group in generation Generation{generationId=1, memberId='consumer-Consumer-topic-52c48b67_a0ad_426b_921a_65b847b7ab26-27-b27427ae-91f6-4be4-8751-03201aadca70', protocol='range'}
2025-07-31 18:13:49,524 INFO  [org.apa.kaf.cli.con.int.ConsumerCoordinator] (Thread-823) [Consumer clientId=consumer-Consumer-topic-52c48b67_a0ad_426b_921a_65b847b7ab26-27, groupId=Consumer-topic-52c48b67_a0ad_426b_921a_65b847b7ab26] Notifying assignor about the new Assignment(partitions=[topic-52c48b67_a0ad_426b_921a_65b847b7ab26-0])
2025-07-31 18:13:49,524 INFO  [org.apa.kaf.cli.con.int.ConsumerRebalanceListenerInvoker] (Thread-823) [Consumer clientId=consumer-Consumer-topic-52c48b67_a0ad_426b_921a_65b847b7ab26-27, groupId=Consumer-topic-52c48b67_a0ad_426b_921a_65b847b7ab26] Adding newly assigned partitions: topic-52c48b67_a0ad_426b_921a_65b847b7ab26-0
2025-07-31 18:13:49,525 INFO  [org.apa.kaf.cli.con.int.ConsumerCoordinator] (Thread-823) [Consumer clientId=consumer-Consumer-topic-52c48b67_a0ad_426b_921a_65b847b7ab26-27, groupId=Consumer-topic-52c48b67_a0ad_426b_921a_65b847b7ab26] Found no committed offset for partition topic-52c48b67_a0ad_426b_921a_65b847b7ab26-0
2025-07-31 18:13:49,543 INFO  [org.apa.kaf.cli.con.int.SubscriptionState] (Thread-823) [Consumer clientId=consumer-Consumer-topic-52c48b67_a0ad_426b_921a_65b847b7ab26-27, groupId=Consumer-topic-52c48b67_a0ad_426b_921a_65b847b7ab26] Resetting offset for partition topic-52c48b67_a0ad_426b_921a_65b847b7ab26-0 to position FetchPosition{offset=0, offsetEpoch=Optional.empty, currentLeader=LeaderAndEpoch{leader=Optional[localhost:32770 (id: 0 rack: null)], epoch=0}}.
2025-07-31 18:13:49,561 INFO  [io.api.tes.ser.api.KafkaSerdesTester] (Thread-823) topic-52c48b67_a0ad_426b_921a_65b847b7ab26 0 0 {"key1": "value-0"}
2025-07-31 18:13:49,561 INFO  [io.api.tes.ser.api.KafkaSerdesTester] (Thread-823) topic-52c48b67_a0ad_426b_921a_65b847b7ab26 0 1 {"key1": "value-1"}
2025-07-31 18:13:49,561 INFO  [io.api.tes.ser.api.KafkaSerdesTester] (Thread-823) topic-52c48b67_a0ad_426b_921a_65b847b7ab26 0 2 {"key1": "value-2"}
2025-07-31 18:13:49,561 INFO  [io.api.tes.ser.api.KafkaSerdesTester] (Thread-823) topic-52c48b67_a0ad_426b_921a_65b847b7ab26 0 3 {"key1": "value-3"}
2025-07-31 18:13:49,561 INFO  [io.api.tes.ser.api.KafkaSerdesTester] (Thread-823) topic-52c48b67_a0ad_426b_921a_65b847b7ab26 0 4 {"key1": "value-4"}
2025-07-31 18:13:49,561 INFO  [io.api.tes.ser.api.KafkaSerdesTester] (Thread-823) topic-52c48b67_a0ad_426b_921a_65b847b7ab26 0 5 {"key1": "value-5"}
2025-07-31 18:13:49,561 INFO  [io.api.tes.ser.api.KafkaSerdesTester] (Thread-823) topic-52c48b67_a0ad_426b_921a_65b847b7ab26 0 6 {"key1": "value-6"}
2025-07-31 18:13:49,561 INFO  [io.api.tes.ser.api.KafkaSerdesTester] (Thread-823) topic-52c48b67_a0ad_426b_921a_65b847b7ab26 0 7 {"key1": "value-7"}
2025-07-31 18:13:49,561 INFO  [io.api.tes.ser.api.KafkaSerdesTester] (Thread-823) topic-52c48b67_a0ad_426b_921a_65b847b7ab26 0 8 {"key1": "value-8"}
2025-07-31 18:13:49,562 INFO  [io.api.tes.ser.api.KafkaSerdesTester] (Thread-823) topic-52c48b67_a0ad_426b_921a_65b847b7ab26 0 9 {"key1": "value-9"}
2025-07-31 18:13:49,562 INFO  [io.api.tes.ser.api.KafkaSerdesTester] (Thread-823) Consumed 10 messages
2025-07-31 18:13:49,565 INFO  [org.apa.kaf.cli.con.int.ConsumerRebalanceListenerInvoker] (Thread-823) [Consumer clientId=consumer-Consumer-topic-52c48b67_a0ad_426b_921a_65b847b7ab26-27, groupId=Consumer-topic-52c48b67_a0ad_426b_921a_65b847b7ab26] Revoke previously assigned partitions topic-52c48b67_a0ad_426b_921a_65b847b7ab26-0
2025-07-31 18:13:49,565 INFO  [org.apa.kaf.cli.con.int.ConsumerCoordinator] (Thread-823) [Consumer clientId=consumer-Consumer-topic-52c48b67_a0ad_426b_921a_65b847b7ab26-27, groupId=Consumer-topic-52c48b67_a0ad_426b_921a_65b847b7ab26] Member consumer-Consumer-topic-52c48b67_a0ad_426b_921a_65b847b7ab26-27-b27427ae-91f6-4be4-8751-03201aadca70 sending LeaveGroup request to coordinator localhost:32770 (id: 2147483647 rack: null) due to the consumer is being closed
2025-07-31 18:13:49,565 INFO  [org.apa.kaf.cli.con.int.ConsumerCoordinator] (Thread-823) [Consumer clientId=consumer-Consumer-topic-52c48b67_a0ad_426b_921a_65b847b7ab26-27, groupId=Consumer-topic-52c48b67_a0ad_426b_921a_65b847b7ab26] Resetting generation and member id due to: consumer pro-actively leaving the group
2025-07-31 18:13:49,565 INFO  [org.apa.kaf.cli.con.int.ConsumerCoordinator] (Thread-823) [Consumer clientId=consumer-Consumer-topic-52c48b67_a0ad_426b_921a_65b847b7ab26-27, groupId=Consumer-topic-52c48b67_a0ad_426b_921a_65b847b7ab26] Request joining group due to: consumer pro-actively leaving the group
2025-07-31 18:13:50,065 INFO  [org.apa.kaf.com.met.Metrics] (Thread-823) Metrics scheduler closed
2025-07-31 18:13:50,065 INFO  [org.apa.kaf.com.met.Metrics] (Thread-823) Closing reporter org.apache.kafka.common.metrics.JmxReporter
2025-07-31 18:13:50,065 INFO  [org.apa.kaf.com.met.Metrics] (Thread-823) Closing reporter org.apache.kafka.common.telemetry.internals.ClientTelemetryReporter
2025-07-31 18:13:50,065 INFO  [org.apa.kaf.com.met.Metrics] (Thread-823) Metrics reporters closed
2025-07-31 18:13:50,067 INFO  [org.apa.kaf.com.uti.AppInfoParser] (Thread-823) App info kafka.consumer for consumer-Consumer-topic-52c48b67_a0ad_426b_921a_65b847b7ab26-27 unregistered
**** Registry Base URL: http://registry-app-inmemory.apps.ci419.apicurio-testing.org:80
2025-07-31 18:13:51,101 INFO  [org.apa.kaf.cli.pro.ProducerConfig] (main) ProducerConfig values: 
	acks = -1
	auto.include.jmx.reporter = true
	batch.size = 16384
	bootstrap.servers = [PLAINTEXT://localhost:32770]
	buffer.memory = 33554432
	client.dns.lookup = use_all_dns_ips
	client.id = Producer-topic-52c48b67_a0ad_426b_921a_65b847b7ab26
	compression.gzip.level = -1
	compression.lz4.level = 9
	compression.type = none
	compression.zstd.level = 3
	connections.max.idle.ms = 10000
	delivery.timeout.ms = 120000
	enable.idempotence = true
	enable.metrics.push = true
	interceptor.classes = []
	key.serializer = class org.apache.kafka.common.serialization.StringSerializer
	linger.ms = 0
	max.block.ms = 60000
	max.in.flight.requests.per.connection = 5
	max.request.size = 1048576
	metadata.max.age.ms = 300000
	metadata.max.idle.ms = 300000
	metadata.recovery.strategy = none
	metric.reporters = []
	metrics.num.samples = 2
	metrics.recording.level = INFO
	metrics.sample.window.ms = 30000
	partitioner.adaptive.partitioning.enable = true
	partitioner.availability.timeout.ms = 0
	partitioner.class = null
	partitioner.ignore.keys = false
	receive.buffer.bytes = 32768
	reconnect.backoff.max.ms = 1000
	reconnect.backoff.ms = 50
	request.timeout.ms = 5000
	retries = 2147483647
	retry.backoff.max.ms = 1000
	retry.backoff.ms = 100
	sasl.client.callback.handler.class = null
	sasl.jaas.config = null
	sasl.kerberos.kinit.cmd = /usr/bin/kinit
	sasl.kerberos.min.time.before.relogin = 60000
	sasl.kerberos.service.name = null
	sasl.kerberos.ticket.renew.jitter = 0.05
	sasl.kerberos.ticket.renew.window.factor = 0.8
	sasl.login.callback.handler.class = null
	sasl.login.class = null
	sasl.login.connect.timeout.ms = null
	sasl.login.read.timeout.ms = null
	sasl.login.refresh.buffer.seconds = 300
	sasl.login.refresh.min.period.seconds = 60
	sasl.login.refresh.window.factor = 0.8
	sasl.login.refresh.window.jitter = 0.05
	sasl.login.retry.backoff.max.ms = 10000
	sasl.login.retry.backoff.ms = 100
	sasl.mechanism = GSSAPI
	sasl.oauthbearer.clock.skew.seconds = 30
	sasl.oauthbearer.expected.audience = null
	sasl.oauthbearer.expected.issuer = null
	sasl.oauthbearer.header.urlencode = false
	sasl.oauthbearer.jwks.endpoint.refresh.ms = 3600000
	sasl.oauthbearer.jwks.endpoint.retry.backoff.max.ms = 10000
	sasl.oauthbearer.jwks.endpoint.retry.backoff.ms = 100
	sasl.oauthbearer.jwks.endpoint.url = null
	sasl.oauthbearer.scope.claim.name = scope
	sasl.oauthbearer.sub.claim.name = sub
	sasl.oauthbearer.token.endpoint.url = null
	security.protocol = PLAINTEXT
	security.providers = null
	send.buffer.bytes = 131072
	socket.connection.setup.timeout.max.ms = 30000
	socket.connection.setup.timeout.ms = 10000
	ssl.cipher.suites = null
	ssl.enabled.protocols = [TLSv1.2, TLSv1.3]
	ssl.endpoint.identification.algorithm = https
	ssl.engine.factory.class = null
	ssl.key.password = null
	ssl.keymanager.algorithm = SunX509
	ssl.keystore.certificate.chain = null
	ssl.keystore.key = null
	ssl.keystore.location = null
	ssl.keystore.password = null
	ssl.keystore.type = JKS
	ssl.protocol = TLSv1.3
	ssl.provider = null
	ssl.secure.random.implementation = null
	ssl.trustmanager.algorithm = PKIX
	ssl.truststore.certificates = null
	ssl.truststore.location = null
	ssl.truststore.password = null
	ssl.truststore.type = JKS
	transaction.timeout.ms = 60000
	transactional.id = null
	value.serializer = class io.confluent.kafka.serializers.KafkaAvroSerializer

2025-07-31 18:13:51,102 INFO  [org.apa.kaf.com.tel.int.KafkaMetricsCollector] (main) initializing Kafka metrics collector
2025-07-31 18:13:51,102 INFO  [io.con.kaf.ser.KafkaAvroSerializerConfig] (main) KafkaAvroSerializerConfig values: 
	auto.register.schemas = false
	avro.reflection.allow.null = false
	avro.remove.java.properties = false
	avro.use.logical.type.converters = false
	basic.auth.credentials.source = URL
	basic.auth.user.info = [hidden]
	bearer.auth.cache.expiry.buffer.seconds = 300
	bearer.auth.client.id = null
	bearer.auth.client.secret = null
	bearer.auth.credentials.source = STATIC_TOKEN
	bearer.auth.custom.provider.class = null
	bearer.auth.identity.pool.id = null
	bearer.auth.issuer.endpoint.url = null
	bearer.auth.logical.cluster = null
	bearer.auth.scope = null
	bearer.auth.scope.claim.name = scope
	bearer.auth.sub.claim.name = sub
	bearer.auth.token = [hidden]
	context.name.strategy = class io.confluent.kafka.serializers.context.NullContextNameStrategy
	http.connect.timeout.ms = 60000
	http.read.timeout.ms = 60000
	id.compatibility.strict = true
	key.schema.id.deserializer = class io.confluent.kafka.serializers.schema.id.DualSchemaIdDeserializer
	key.schema.id.serializer = class io.confluent.kafka.serializers.schema.id.PrefixSchemaIdSerializer
	key.subject.name.strategy = class io.confluent.kafka.serializers.subject.TopicNameStrategy
	latest.cache.size = 1000
	latest.cache.ttl.sec = -1
	latest.compatibility.strict = true
	max.retries = 3
	max.schemas.per.subject = 1000
	normalize.schemas = false
	propagate.schema.tags = false
	proxy.host = 
	proxy.port = -1
	retries.max.wait.ms = 20000
	retries.wait.ms = 1000
	rule.actions = []
	rule.executors = []
	rule.service.loader.enable = true
	schema.format = null
	schema.reflection = false
	schema.registry.basic.auth.user.info = [hidden]
	schema.registry.ssl.cipher.suites = null
	schema.registry.ssl.enabled.protocols = [TLSv1.2, TLSv1.3]
	schema.registry.ssl.endpoint.identification.algorithm = https
	schema.registry.ssl.engine.factory.class = null
	schema.registry.ssl.key.password = null
	schema.registry.ssl.keymanager.algorithm = SunX509
	schema.registry.ssl.keystore.certificate.chain = null
	schema.registry.ssl.keystore.key = null
	schema.registry.ssl.keystore.location = null
	schema.registry.ssl.keystore.password = null
	schema.registry.ssl.keystore.type = JKS
	schema.registry.ssl.protocol = TLSv1.3
	schema.registry.ssl.provider = null
	schema.registry.ssl.secure.random.implementation = null
	schema.registry.ssl.trustmanager.algorithm = PKIX
	schema.registry.ssl.truststore.certificates = null
	schema.registry.ssl.truststore.location = null
	schema.registry.ssl.truststore.password = null
	schema.registry.ssl.truststore.type = JKS
	schema.registry.url = [http://registry-app-inmemory.apps.ci419.apicurio-testing.org:80/apis/ccompat/v7]
	schema.registry.url.randomize = false
	use.latest.version = false
	use.latest.with.metadata = null
	use.schema.id = -1
	value.schema.id.deserializer = class io.confluent.kafka.serializers.schema.id.DualSchemaIdDeserializer
	value.schema.id.serializer = class io.confluent.kafka.serializers.schema.id.PrefixSchemaIdSerializer
	value.subject.name.strategy = class io.confluent.kafka.serializers.subject.TopicRecordNameStrategy

2025-07-31 18:13:51,104 INFO  [org.apa.kaf.cli.pro.KafkaProducer] (main) [Producer clientId=Producer-topic-52c48b67_a0ad_426b_921a_65b847b7ab26] Instantiated an idempotent producer.
2025-07-31 18:13:51,106 INFO  [org.apa.kaf.cli.pro.ProducerConfig] (main) These configurations '[schema.registry.url, auto.register.schemas, value.subject.name.strategy]' were supplied but are not used yet.
2025-07-31 18:13:51,106 INFO  [org.apa.kaf.com.uti.AppInfoParser] (main) Kafka version: 3.9.1
2025-07-31 18:13:51,106 INFO  [org.apa.kaf.com.uti.AppInfoParser] (main) Kafka commitId: f745dfdcee2b9851
2025-07-31 18:13:51,106 INFO  [org.apa.kaf.com.uti.AppInfoParser] (main) Kafka startTimeMs: 1753985631106
2025-07-31 18:13:51,107 INFO  [io.api.tes.ser.api.KafkaSerdesTester] (Thread-824) Sending message {"key1": "value-0", "key2": "value-0"} to topic topic-52c48b67_a0ad_426b_921a_65b847b7ab26
2025-07-31 18:13:51,110 INFO  [org.apa.kaf.cli.Metadata] (kafka-producer-network-thread | Producer-topic-52c48b67_a0ad_426b_921a_65b847b7ab26) [Producer clientId=Producer-topic-52c48b67_a0ad_426b_921a_65b847b7ab26] Cluster ID: Pi_RUBSBSj-WuHInrGEQ6g
2025-07-31 18:13:51,111 INFO  [org.apa.kaf.cli.pro.int.TransactionManager] (kafka-producer-network-thread | Producer-topic-52c48b67_a0ad_426b_921a_65b847b7ab26) [Producer clientId=Producer-topic-52c48b67_a0ad_426b_921a_65b847b7ab26] ProducerId set to 37 with epoch 0
2025-07-31 18:13:51,128 INFO  [io.api.tes.ser.api.KafkaSerdesTester] (Thread-824) Sending message {"key1": "value-1", "key2": "value-1"} to topic topic-52c48b67_a0ad_426b_921a_65b847b7ab26
2025-07-31 18:13:51,129 INFO  [io.api.tes.ser.api.KafkaSerdesTester] (Thread-824) Sending message {"key1": "value-2", "key2": "value-2"} to topic topic-52c48b67_a0ad_426b_921a_65b847b7ab26
2025-07-31 18:13:51,130 INFO  [io.api.tes.ser.api.KafkaSerdesTester] (Thread-824) Sending message {"key1": "value-3", "key2": "value-3"} to topic topic-52c48b67_a0ad_426b_921a_65b847b7ab26
2025-07-31 18:13:51,131 INFO  [io.api.tes.ser.api.KafkaSerdesTester] (Thread-824) Sending message {"key1": "value-4", "key2": "value-4"} to topic topic-52c48b67_a0ad_426b_921a_65b847b7ab26
2025-07-31 18:13:51,132 INFO  [io.api.tes.ser.api.KafkaSerdesTester] (Thread-824) Sending message {"key1": "value-5", "key2": "value-5"} to topic topic-52c48b67_a0ad_426b_921a_65b847b7ab26
2025-07-31 18:13:51,133 INFO  [io.api.tes.ser.api.KafkaSerdesTester] (Thread-824) Sending message {"key1": "value-6", "key2": "value-6"} to topic topic-52c48b67_a0ad_426b_921a_65b847b7ab26
2025-07-31 18:13:51,136 INFO  [io.api.tes.ser.api.KafkaSerdesTester] (Thread-824) Sending message {"key1": "value-7", "key2": "value-7"} to topic topic-52c48b67_a0ad_426b_921a_65b847b7ab26
2025-07-31 18:13:51,137 INFO  [io.api.tes.ser.api.KafkaSerdesTester] (Thread-824) Sending message {"key1": "value-8", "key2": "value-8"} to topic topic-52c48b67_a0ad_426b_921a_65b847b7ab26
2025-07-31 18:13:51,140 INFO  [io.api.tes.ser.api.KafkaSerdesTester] (Thread-824) Sending message {"key1": "value-9", "key2": "value-9"} to topic topic-52c48b67_a0ad_426b_921a_65b847b7ab26
2025-07-31 18:13:51,142 INFO  [io.api.tes.ser.api.KafkaSerdesTester] (Thread-824) Produced 10 messages
2025-07-31 18:13:51,142 INFO  [org.apa.kaf.cli.pro.KafkaProducer] (Thread-824) [Producer clientId=Producer-topic-52c48b67_a0ad_426b_921a_65b847b7ab26] Closing the Kafka producer with timeoutMillis = 9223372036854775807 ms.
2025-07-31 18:13:51,144 INFO  [org.apa.kaf.com.met.Metrics] (Thread-824) Metrics scheduler closed
2025-07-31 18:13:51,144 INFO  [org.apa.kaf.com.met.Metrics] (Thread-824) Closing reporter org.apache.kafka.common.metrics.JmxReporter
2025-07-31 18:13:51,144 INFO  [org.apa.kaf.com.met.Metrics] (Thread-824) Closing reporter org.apache.kafka.common.telemetry.internals.ClientTelemetryReporter
2025-07-31 18:13:51,144 INFO  [org.apa.kaf.com.met.Metrics] (Thread-824) Metrics reporters closed
2025-07-31 18:13:51,144 INFO  [org.apa.kaf.com.uti.AppInfoParser] (Thread-824) App info kafka.producer for Producer-topic-52c48b67_a0ad_426b_921a_65b847b7ab26 unregistered
**** Registry Base URL: http://registry-app-inmemory.apps.ci419.apicurio-testing.org:80
2025-07-31 18:13:51,145 INFO  [org.apa.kaf.cli.pro.ProducerConfig] (main) ProducerConfig values: 
	acks = -1
	auto.include.jmx.reporter = true
	batch.size = 16384
	bootstrap.servers = [PLAINTEXT://localhost:32770]
	buffer.memory = 33554432
	client.dns.lookup = use_all_dns_ips
	client.id = Producer-topic-52c48b67_a0ad_426b_921a_65b847b7ab26
	compression.gzip.level = -1
	compression.lz4.level = 9
	compression.type = none
	compression.zstd.level = 3
	connections.max.idle.ms = 10000
	delivery.timeout.ms = 120000
	enable.idempotence = true
	enable.metrics.push = true
	interceptor.classes = []
	key.serializer = class org.apache.kafka.common.serialization.StringSerializer
	linger.ms = 0
	max.block.ms = 60000
	max.in.flight.requests.per.connection = 5
	max.request.size = 1048576
	metadata.max.age.ms = 300000
	metadata.max.idle.ms = 300000
	metadata.recovery.strategy = none
	metric.reporters = []
	metrics.num.samples = 2
	metrics.recording.level = INFO
	metrics.sample.window.ms = 30000
	partitioner.adaptive.partitioning.enable = true
	partitioner.availability.timeout.ms = 0
	partitioner.class = null
	partitioner.ignore.keys = false
	receive.buffer.bytes = 32768
	reconnect.backoff.max.ms = 1000
	reconnect.backoff.ms = 50
	request.timeout.ms = 5000
	retries = 2147483647
	retry.backoff.max.ms = 1000
	retry.backoff.ms = 100
	sasl.client.callback.handler.class = null
	sasl.jaas.config = null
	sasl.kerberos.kinit.cmd = /usr/bin/kinit
	sasl.kerberos.min.time.before.relogin = 60000
	sasl.kerberos.service.name = null
	sasl.kerberos.ticket.renew.jitter = 0.05
	sasl.kerberos.ticket.renew.window.factor = 0.8
	sasl.login.callback.handler.class = null
	sasl.login.class = null
	sasl.login.connect.timeout.ms = null
	sasl.login.read.timeout.ms = null
	sasl.login.refresh.buffer.seconds = 300
	sasl.login.refresh.min.period.seconds = 60
	sasl.login.refresh.window.factor = 0.8
	sasl.login.refresh.window.jitter = 0.05
	sasl.login.retry.backoff.max.ms = 10000
	sasl.login.retry.backoff.ms = 100
	sasl.mechanism = GSSAPI
	sasl.oauthbearer.clock.skew.seconds = 30
	sasl.oauthbearer.expected.audience = null
	sasl.oauthbearer.expected.issuer = null
	sasl.oauthbearer.header.urlencode = false
	sasl.oauthbearer.jwks.endpoint.refresh.ms = 3600000
	sasl.oauthbearer.jwks.endpoint.retry.backoff.max.ms = 10000
	sasl.oauthbearer.jwks.endpoint.retry.backoff.ms = 100
	sasl.oauthbearer.jwks.endpoint.url = null
	sasl.oauthbearer.scope.claim.name = scope
	sasl.oauthbearer.sub.claim.name = sub
	sasl.oauthbearer.token.endpoint.url = null
	security.protocol = PLAINTEXT
	security.providers = null
	send.buffer.bytes = 131072
	socket.connection.setup.timeout.max.ms = 30000
	socket.connection.setup.timeout.ms = 10000
	ssl.cipher.suites = null
	ssl.enabled.protocols = [TLSv1.2, TLSv1.3]
	ssl.endpoint.identification.algorithm = https
	ssl.engine.factory.class = null
	ssl.key.password = null
	ssl.keymanager.algorithm = SunX509
	ssl.keystore.certificate.chain = null
	ssl.keystore.key = null
	ssl.keystore.location = null
	ssl.keystore.password = null
	ssl.keystore.type = JKS
	ssl.protocol = TLSv1.3
	ssl.provider = null
	ssl.secure.random.implementation = null
	ssl.trustmanager.algorithm = PKIX
	ssl.truststore.certificates = null
	ssl.truststore.location = null
	ssl.truststore.password = null
	ssl.truststore.type = JKS
	transaction.timeout.ms = 60000
	transactional.id = null
	value.serializer = class io.confluent.kafka.serializers.KafkaAvroSerializer

2025-07-31 18:13:51,145 INFO  [org.apa.kaf.com.tel.int.KafkaMetricsCollector] (main) initializing Kafka metrics collector
2025-07-31 18:13:51,145 INFO  [io.con.kaf.ser.KafkaAvroSerializerConfig] (main) KafkaAvroSerializerConfig values: 
	auto.register.schemas = false
	avro.reflection.allow.null = false
	avro.remove.java.properties = false
	avro.use.logical.type.converters = false
	basic.auth.credentials.source = URL
	basic.auth.user.info = [hidden]
	bearer.auth.cache.expiry.buffer.seconds = 300
	bearer.auth.client.id = null
	bearer.auth.client.secret = null
	bearer.auth.credentials.source = STATIC_TOKEN
	bearer.auth.custom.provider.class = null
	bearer.auth.identity.pool.id = null
	bearer.auth.issuer.endpoint.url = null
	bearer.auth.logical.cluster = null
	bearer.auth.scope = null
	bearer.auth.scope.claim.name = scope
	bearer.auth.sub.claim.name = sub
	bearer.auth.token = [hidden]
	context.name.strategy = class io.confluent.kafka.serializers.context.NullContextNameStrategy
	http.connect.timeout.ms = 60000
	http.read.timeout.ms = 60000
	id.compatibility.strict = true
	key.schema.id.deserializer = class io.confluent.kafka.serializers.schema.id.DualSchemaIdDeserializer
	key.schema.id.serializer = class io.confluent.kafka.serializers.schema.id.PrefixSchemaIdSerializer
	key.subject.name.strategy = class io.confluent.kafka.serializers.subject.TopicNameStrategy
	latest.cache.size = 1000
	latest.cache.ttl.sec = -1
	latest.compatibility.strict = true
	max.retries = 3
	max.schemas.per.subject = 1000
	normalize.schemas = false
	propagate.schema.tags = false
	proxy.host = 
	proxy.port = -1
	retries.max.wait.ms = 20000
	retries.wait.ms = 1000
	rule.actions = []
	rule.executors = []
	rule.service.loader.enable = true
	schema.format = null
	schema.reflection = false
	schema.registry.basic.auth.user.info = [hidden]
	schema.registry.ssl.cipher.suites = null
	schema.registry.ssl.enabled.protocols = [TLSv1.2, TLSv1.3]
	schema.registry.ssl.endpoint.identification.algorithm = https
	schema.registry.ssl.engine.factory.class = null
	schema.registry.ssl.key.password = null
	schema.registry.ssl.keymanager.algorithm = SunX509
	schema.registry.ssl.keystore.certificate.chain = null
	schema.registry.ssl.keystore.key = null
	schema.registry.ssl.keystore.location = null
	schema.registry.ssl.keystore.password = null
	schema.registry.ssl.keystore.type = JKS
	schema.registry.ssl.protocol = TLSv1.3
	schema.registry.ssl.provider = null
	schema.registry.ssl.secure.random.implementation = null
	schema.registry.ssl.trustmanager.algorithm = PKIX
	schema.registry.ssl.truststore.certificates = null
	schema.registry.ssl.truststore.location = null
	schema.registry.ssl.truststore.password = null
	schema.registry.ssl.truststore.type = JKS
	schema.registry.url = [http://registry-app-inmemory.apps.ci419.apicurio-testing.org:80/apis/ccompat/v7]
	schema.registry.url.randomize = false
	use.latest.version = false
	use.latest.with.metadata = null
	use.schema.id = -1
	value.schema.id.deserializer = class io.confluent.kafka.serializers.schema.id.DualSchemaIdDeserializer
	value.schema.id.serializer = class io.confluent.kafka.serializers.schema.id.PrefixSchemaIdSerializer
	value.subject.name.strategy = class io.confluent.kafka.serializers.subject.TopicRecordNameStrategy

2025-07-31 18:13:51,155 INFO  [org.apa.kaf.cli.pro.KafkaProducer] (main) [Producer clientId=Producer-topic-52c48b67_a0ad_426b_921a_65b847b7ab26] Instantiated an idempotent producer.
2025-07-31 18:13:51,157 INFO  [org.apa.kaf.cli.pro.ProducerConfig] (main) These configurations '[schema.registry.url, auto.register.schemas, value.subject.name.strategy]' were supplied but are not used yet.
2025-07-31 18:13:51,157 INFO  [org.apa.kaf.com.uti.AppInfoParser] (main) Kafka version: 3.9.1
2025-07-31 18:13:51,157 INFO  [org.apa.kaf.com.uti.AppInfoParser] (main) Kafka commitId: f745dfdcee2b9851
2025-07-31 18:13:51,157 INFO  [org.apa.kaf.com.uti.AppInfoParser] (main) Kafka startTimeMs: 1753985631157
2025-07-31 18:13:51,159 INFO  [io.api.tes.ser.api.KafkaSerdesTester] (Thread-825) Sending message {"key1": "value-0"} to topic topic-52c48b67_a0ad_426b_921a_65b847b7ab26
2025-07-31 18:13:51,162 INFO  [org.apa.kaf.cli.Metadata] (kafka-producer-network-thread | Producer-topic-52c48b67_a0ad_426b_921a_65b847b7ab26) [Producer clientId=Producer-topic-52c48b67_a0ad_426b_921a_65b847b7ab26] Cluster ID: Pi_RUBSBSj-WuHInrGEQ6g
2025-07-31 18:13:51,162 INFO  [org.apa.kaf.cli.pro.int.TransactionManager] (kafka-producer-network-thread | Producer-topic-52c48b67_a0ad_426b_921a_65b847b7ab26) [Producer clientId=Producer-topic-52c48b67_a0ad_426b_921a_65b847b7ab26] ProducerId set to 38 with epoch 0
2025-07-31 18:13:51,182 INFO  [io.api.tes.ser.api.KafkaSerdesTester] (Thread-825) Sending message {"key1": "value-1"} to topic topic-52c48b67_a0ad_426b_921a_65b847b7ab26
2025-07-31 18:13:51,183 INFO  [io.api.tes.ser.api.KafkaSerdesTester] (Thread-825) Sending message {"key1": "value-2"} to topic topic-52c48b67_a0ad_426b_921a_65b847b7ab26
2025-07-31 18:13:51,184 INFO  [io.api.tes.ser.api.KafkaSerdesTester] (Thread-825) Sending message {"key1": "value-3"} to topic topic-52c48b67_a0ad_426b_921a_65b847b7ab26
2025-07-31 18:13:51,186 INFO  [io.api.tes.ser.api.KafkaSerdesTester] (Thread-825) Sending message {"key1": "value-4"} to topic topic-52c48b67_a0ad_426b_921a_65b847b7ab26
2025-07-31 18:13:51,187 INFO  [io.api.tes.ser.api.KafkaSerdesTester] (Thread-825) Sending message {"key1": "value-5"} to topic topic-52c48b67_a0ad_426b_921a_65b847b7ab26
2025-07-31 18:13:51,188 INFO  [io.api.tes.ser.api.KafkaSerdesTester] (Thread-825) Sending message {"key1": "value-6"} to topic topic-52c48b67_a0ad_426b_921a_65b847b7ab26
2025-07-31 18:13:51,189 INFO  [io.api.tes.ser.api.KafkaSerdesTester] (Thread-825) Sending message {"key1": "value-7"} to topic topic-52c48b67_a0ad_426b_921a_65b847b7ab26
2025-07-31 18:13:51,190 INFO  [io.api.tes.ser.api.KafkaSerdesTester] (Thread-825) Sending message {"key1": "value-8"} to topic topic-52c48b67_a0ad_426b_921a_65b847b7ab26
2025-07-31 18:13:51,192 INFO  [io.api.tes.ser.api.KafkaSerdesTester] (Thread-825) Sending message {"key1": "value-9"} to topic topic-52c48b67_a0ad_426b_921a_65b847b7ab26
2025-07-31 18:13:51,193 INFO  [io.api.tes.ser.api.KafkaSerdesTester] (Thread-825) Produced 10 messages
2025-07-31 18:13:51,193 INFO  [org.apa.kaf.cli.pro.KafkaProducer] (Thread-825) [Producer clientId=Producer-topic-52c48b67_a0ad_426b_921a_65b847b7ab26] Closing the Kafka producer with timeoutMillis = 9223372036854775807 ms.
2025-07-31 18:13:51,194 INFO  [org.apa.kaf.com.met.Metrics] (Thread-825) Metrics scheduler closed
2025-07-31 18:13:51,194 INFO  [org.apa.kaf.com.met.Metrics] (Thread-825) Closing reporter org.apache.kafka.common.metrics.JmxReporter
2025-07-31 18:13:51,194 INFO  [org.apa.kaf.com.met.Metrics] (Thread-825) Closing reporter org.apache.kafka.common.telemetry.internals.ClientTelemetryReporter
2025-07-31 18:13:51,194 INFO  [org.apa.kaf.com.met.Metrics] (Thread-825) Metrics reporters closed
2025-07-31 18:13:51,194 INFO  [org.apa.kaf.com.uti.AppInfoParser] (Thread-825) App info kafka.producer for Producer-topic-52c48b67_a0ad_426b_921a_65b847b7ab26 unregistered
**** Registry Base URL: http://registry-app-inmemory.apps.ci419.apicurio-testing.org:80
2025-07-31 18:13:51,195 INFO  [org.apa.kaf.cli.con.ConsumerConfig] (main) ConsumerConfig values: 
	allow.auto.create.topics = true
	auto.commit.interval.ms = 500
	auto.include.jmx.reporter = true
	auto.offset.reset = earliest
	bootstrap.servers = [PLAINTEXT://localhost:32770]
	check.crcs = true
	client.dns.lookup = use_all_dns_ips
	client.id = consumer-Consumer-topic-52c48b67_a0ad_426b_921a_65b847b7ab26-28
	client.rack = 
	connections.max.idle.ms = 10000
	default.api.timeout.ms = 60000
	enable.auto.commit = true
	enable.metrics.push = true
	exclude.internal.topics = true
	fetch.max.bytes = 52428800
	fetch.max.wait.ms = 500
	fetch.min.bytes = 1
	group.id = Consumer-topic-52c48b67_a0ad_426b_921a_65b847b7ab26
	group.instance.id = null
	group.protocol = classic
	group.remote.assignor = null
	heartbeat.interval.ms = 3000
	interceptor.classes = []
	internal.leave.group.on.close = true
	internal.throw.on.fetch.stable.offset.unsupported = false
	isolation.level = read_uncommitted
	key.deserializer = class org.apache.kafka.common.serialization.StringDeserializer
	max.partition.fetch.bytes = 1048576
	max.poll.interval.ms = 300000
	max.poll.records = 500
	metadata.max.age.ms = 300000
	metadata.recovery.strategy = none
	metric.reporters = []
	metrics.num.samples = 2
	metrics.recording.level = INFO
	metrics.sample.window.ms = 30000
	partition.assignment.strategy = [class org.apache.kafka.clients.consumer.RangeAssignor, class org.apache.kafka.clients.consumer.CooperativeStickyAssignor]
	receive.buffer.bytes = 65536
	reconnect.backoff.max.ms = 1000
	reconnect.backoff.ms = 50
	request.timeout.ms = 5000
	retry.backoff.max.ms = 1000
	retry.backoff.ms = 100
	sasl.client.callback.handler.class = null
	sasl.jaas.config = null
	sasl.kerberos.kinit.cmd = /usr/bin/kinit
	sasl.kerberos.min.time.before.relogin = 60000
	sasl.kerberos.service.name = null
	sasl.kerberos.ticket.renew.jitter = 0.05
	sasl.kerberos.ticket.renew.window.factor = 0.8
	sasl.login.callback.handler.class = null
	sasl.login.class = null
	sasl.login.connect.timeout.ms = null
	sasl.login.read.timeout.ms = null
	sasl.login.refresh.buffer.seconds = 300
	sasl.login.refresh.min.period.seconds = 60
	sasl.login.refresh.window.factor = 0.8
	sasl.login.refresh.window.jitter = 0.05
	sasl.login.retry.backoff.max.ms = 10000
	sasl.login.retry.backoff.ms = 100
	sasl.mechanism = GSSAPI
	sasl.oauthbearer.clock.skew.seconds = 30
	sasl.oauthbearer.expected.audience = null
	sasl.oauthbearer.expected.issuer = null
	sasl.oauthbearer.header.urlencode = false
	sasl.oauthbearer.jwks.endpoint.refresh.ms = 3600000
	sasl.oauthbearer.jwks.endpoint.retry.backoff.max.ms = 10000
	sasl.oauthbearer.jwks.endpoint.retry.backoff.ms = 100
	sasl.oauthbearer.jwks.endpoint.url = null
	sasl.oauthbearer.scope.claim.name = scope
	sasl.oauthbearer.sub.claim.name = sub
	sasl.oauthbearer.token.endpoint.url = null
	security.protocol = PLAINTEXT
	security.providers = null
	send.buffer.bytes = 131072
	session.timeout.ms = 45000
	socket.connection.setup.timeout.max.ms = 30000
	socket.connection.setup.timeout.ms = 10000
	ssl.cipher.suites = null
	ssl.enabled.protocols = [TLSv1.2, TLSv1.3]
	ssl.endpoint.identification.algorithm = https
	ssl.engine.factory.class = null
	ssl.key.password = null
	ssl.keymanager.algorithm = SunX509
	ssl.keystore.certificate.chain = null
	ssl.keystore.key = null
	ssl.keystore.location = null
	ssl.keystore.password = null
	ssl.keystore.type = JKS
	ssl.protocol = TLSv1.3
	ssl.provider = null
	ssl.secure.random.implementation = null
	ssl.trustmanager.algorithm = PKIX
	ssl.truststore.certificates = null
	ssl.truststore.location = null
	ssl.truststore.password = null
	ssl.truststore.type = JKS
	value.deserializer = class io.confluent.kafka.serializers.KafkaAvroDeserializer

2025-07-31 18:13:51,195 INFO  [org.apa.kaf.com.tel.int.KafkaMetricsCollector] (main) initializing Kafka metrics collector
2025-07-31 18:13:51,195 INFO  [io.con.kaf.ser.KafkaAvroDeserializerConfig] (main) KafkaAvroDeserializerConfig values: 
	auto.register.schemas = true
	avro.reflection.allow.null = false
	avro.use.logical.type.converters = false
	basic.auth.credentials.source = URL
	basic.auth.user.info = [hidden]
	bearer.auth.cache.expiry.buffer.seconds = 300
	bearer.auth.client.id = null
	bearer.auth.client.secret = null
	bearer.auth.credentials.source = STATIC_TOKEN
	bearer.auth.custom.provider.class = null
	bearer.auth.identity.pool.id = null
	bearer.auth.issuer.endpoint.url = null
	bearer.auth.logical.cluster = null
	bearer.auth.scope = null
	bearer.auth.scope.claim.name = scope
	bearer.auth.sub.claim.name = sub
	bearer.auth.token = [hidden]
	context.name.strategy = class io.confluent.kafka.serializers.context.NullContextNameStrategy
	http.connect.timeout.ms = 60000
	http.read.timeout.ms = 60000
	id.compatibility.strict = true
	key.schema.id.deserializer = class io.confluent.kafka.serializers.schema.id.DualSchemaIdDeserializer
	key.schema.id.serializer = class io.confluent.kafka.serializers.schema.id.PrefixSchemaIdSerializer
	key.subject.name.strategy = class io.confluent.kafka.serializers.subject.TopicNameStrategy
	latest.cache.size = 1000
	latest.cache.ttl.sec = -1
	latest.compatibility.strict = true
	max.retries = 3
	max.schemas.per.subject = 1000
	normalize.schemas = false
	propagate.schema.tags = false
	proxy.host = 
	proxy.port = -1
	retries.max.wait.ms = 20000
	retries.wait.ms = 1000
	rule.actions = []
	rule.executors = []
	rule.service.loader.enable = true
	schema.format = null
	schema.reflection = false
	schema.registry.basic.auth.user.info = [hidden]
	schema.registry.ssl.cipher.suites = null
	schema.registry.ssl.enabled.protocols = [TLSv1.2, TLSv1.3]
	schema.registry.ssl.endpoint.identification.algorithm = https
	schema.registry.ssl.engine.factory.class = null
	schema.registry.ssl.key.password = null
	schema.registry.ssl.keymanager.algorithm = SunX509
	schema.registry.ssl.keystore.certificate.chain = null
	schema.registry.ssl.keystore.key = null
	schema.registry.ssl.keystore.location = null
	schema.registry.ssl.keystore.password = null
	schema.registry.ssl.keystore.type = JKS
	schema.registry.ssl.protocol = TLSv1.3
	schema.registry.ssl.provider = null
	schema.registry.ssl.secure.random.implementation = null
	schema.registry.ssl.trustmanager.algorithm = PKIX
	schema.registry.ssl.truststore.certificates = null
	schema.registry.ssl.truststore.location = null
	schema.registry.ssl.truststore.password = null
	schema.registry.ssl.truststore.type = JKS
	schema.registry.url = [http://registry-app-inmemory.apps.ci419.apicurio-testing.org:80/apis/ccompat/v7]
	schema.registry.url.randomize = false
	specific.avro.key.type = null
	specific.avro.reader = false
	specific.avro.value.type = null
	use.latest.version = false
	use.latest.with.metadata = null
	use.schema.id = -1
	value.schema.id.deserializer = class io.confluent.kafka.serializers.schema.id.DualSchemaIdDeserializer
	value.schema.id.serializer = class io.confluent.kafka.serializers.schema.id.PrefixSchemaIdSerializer
	value.subject.name.strategy = class io.confluent.kafka.serializers.subject.TopicNameStrategy

2025-07-31 18:13:51,199 INFO  [org.apa.kaf.cli.con.ConsumerConfig] (main) These configurations '[schema.registry.url]' were supplied but are not used yet.
2025-07-31 18:13:51,199 INFO  [org.apa.kaf.com.uti.AppInfoParser] (main) Kafka version: 3.9.1
2025-07-31 18:13:51,199 INFO  [org.apa.kaf.com.uti.AppInfoParser] (main) Kafka commitId: f745dfdcee2b9851
2025-07-31 18:13:51,199 INFO  [org.apa.kaf.com.uti.AppInfoParser] (main) Kafka startTimeMs: 1753985631199
2025-07-31 18:13:51,200 INFO  [org.apa.kaf.cli.con.int.ClassicKafkaConsumer] (Thread-826) [Consumer clientId=consumer-Consumer-topic-52c48b67_a0ad_426b_921a_65b847b7ab26-28, groupId=Consumer-topic-52c48b67_a0ad_426b_921a_65b847b7ab26] Subscribed to topic(s): topic-52c48b67_a0ad_426b_921a_65b847b7ab26
2025-07-31 18:13:51,203 INFO  [org.apa.kaf.cli.Metadata] (Thread-826) [Consumer clientId=consumer-Consumer-topic-52c48b67_a0ad_426b_921a_65b847b7ab26-28, groupId=Consumer-topic-52c48b67_a0ad_426b_921a_65b847b7ab26] Cluster ID: Pi_RUBSBSj-WuHInrGEQ6g
2025-07-31 18:13:51,203 INFO  [org.apa.kaf.cli.con.int.ConsumerCoordinator] (Thread-826) [Consumer clientId=consumer-Consumer-topic-52c48b67_a0ad_426b_921a_65b847b7ab26-28, groupId=Consumer-topic-52c48b67_a0ad_426b_921a_65b847b7ab26] Discovered group coordinator localhost:32770 (id: 2147483647 rack: null)
2025-07-31 18:13:51,204 INFO  [org.apa.kaf.cli.con.int.ConsumerCoordinator] (Thread-826) [Consumer clientId=consumer-Consumer-topic-52c48b67_a0ad_426b_921a_65b847b7ab26-28, groupId=Consumer-topic-52c48b67_a0ad_426b_921a_65b847b7ab26] (Re-)joining group
2025-07-31 18:13:51,205 INFO  [org.apa.kaf.cli.con.int.ConsumerCoordinator] (Thread-826) [Consumer clientId=consumer-Consumer-topic-52c48b67_a0ad_426b_921a_65b847b7ab26-28, groupId=Consumer-topic-52c48b67_a0ad_426b_921a_65b847b7ab26] Request joining group due to: need to re-join with the given member-id: consumer-Consumer-topic-52c48b67_a0ad_426b_921a_65b847b7ab26-28-3de1581f-34d4-493d-b0c4-b2ba4cbcd8b6
2025-07-31 18:13:51,205 INFO  [org.apa.kaf.cli.con.int.ConsumerCoordinator] (Thread-826) [Consumer clientId=consumer-Consumer-topic-52c48b67_a0ad_426b_921a_65b847b7ab26-28, groupId=Consumer-topic-52c48b67_a0ad_426b_921a_65b847b7ab26] (Re-)joining group
2025-07-31 18:13:51,207 INFO  [org.apa.kaf.cli.con.int.ConsumerCoordinator] (Thread-826) [Consumer clientId=consumer-Consumer-topic-52c48b67_a0ad_426b_921a_65b847b7ab26-28, groupId=Consumer-topic-52c48b67_a0ad_426b_921a_65b847b7ab26] Successfully joined group with generation Generation{generationId=3, memberId='consumer-Consumer-topic-52c48b67_a0ad_426b_921a_65b847b7ab26-28-3de1581f-34d4-493d-b0c4-b2ba4cbcd8b6', protocol='range'}
2025-07-31 18:13:51,207 INFO  [org.apa.kaf.cli.con.int.ConsumerCoordinator] (Thread-826) [Consumer clientId=consumer-Consumer-topic-52c48b67_a0ad_426b_921a_65b847b7ab26-28, groupId=Consumer-topic-52c48b67_a0ad_426b_921a_65b847b7ab26] Finished assignment for group at generation 3: {consumer-Consumer-topic-52c48b67_a0ad_426b_921a_65b847b7ab26-28-3de1581f-34d4-493d-b0c4-b2ba4cbcd8b6=Assignment(partitions=[topic-52c48b67_a0ad_426b_921a_65b847b7ab26-0])}
2025-07-31 18:13:51,209 INFO  [org.apa.kaf.cli.con.int.ConsumerCoordinator] (Thread-826) [Consumer clientId=consumer-Consumer-topic-52c48b67_a0ad_426b_921a_65b847b7ab26-28, groupId=Consumer-topic-52c48b67_a0ad_426b_921a_65b847b7ab26] Successfully synced group in generation Generation{generationId=3, memberId='consumer-Consumer-topic-52c48b67_a0ad_426b_921a_65b847b7ab26-28-3de1581f-34d4-493d-b0c4-b2ba4cbcd8b6', protocol='range'}
2025-07-31 18:13:51,209 INFO  [org.apa.kaf.cli.con.int.ConsumerCoordinator] (Thread-826) [Consumer clientId=consumer-Consumer-topic-52c48b67_a0ad_426b_921a_65b847b7ab26-28, groupId=Consumer-topic-52c48b67_a0ad_426b_921a_65b847b7ab26] Notifying assignor about the new Assignment(partitions=[topic-52c48b67_a0ad_426b_921a_65b847b7ab26-0])
2025-07-31 18:13:51,209 INFO  [org.apa.kaf.cli.con.int.ConsumerRebalanceListenerInvoker] (Thread-826) [Consumer clientId=consumer-Consumer-topic-52c48b67_a0ad_426b_921a_65b847b7ab26-28, groupId=Consumer-topic-52c48b67_a0ad_426b_921a_65b847b7ab26] Adding newly assigned partitions: topic-52c48b67_a0ad_426b_921a_65b847b7ab26-0
2025-07-31 18:13:51,210 INFO  [org.apa.kaf.cli.con.int.ConsumerUtils] (Thread-826) Setting offset for partition topic-52c48b67_a0ad_426b_921a_65b847b7ab26-0 to the committed offset FetchPosition{offset=10, offsetEpoch=Optional[0], currentLeader=LeaderAndEpoch{leader=Optional[localhost:32770 (id: 0 rack: null)], epoch=0}}
2025-07-31 18:13:51,239 INFO  [io.api.tes.ser.api.KafkaSerdesTester] (Thread-826) topic-52c48b67_a0ad_426b_921a_65b847b7ab26 0 10 {"key1": "value-0", "key2": "value-0"}
2025-07-31 18:13:51,239 INFO  [io.api.tes.ser.api.KafkaSerdesTester] (Thread-826) topic-52c48b67_a0ad_426b_921a_65b847b7ab26 0 11 {"key1": "value-1", "key2": "value-1"}
2025-07-31 18:13:51,239 INFO  [io.api.tes.ser.api.KafkaSerdesTester] (Thread-826) topic-52c48b67_a0ad_426b_921a_65b847b7ab26 0 12 {"key1": "value-2", "key2": "value-2"}
2025-07-31 18:13:51,239 INFO  [io.api.tes.ser.api.KafkaSerdesTester] (Thread-826) topic-52c48b67_a0ad_426b_921a_65b847b7ab26 0 13 {"key1": "value-3", "key2": "value-3"}
2025-07-31 18:13:51,239 INFO  [io.api.tes.ser.api.KafkaSerdesTester] (Thread-826) topic-52c48b67_a0ad_426b_921a_65b847b7ab26 0 14 {"key1": "value-4", "key2": "value-4"}
2025-07-31 18:13:51,239 INFO  [io.api.tes.ser.api.KafkaSerdesTester] (Thread-826) topic-52c48b67_a0ad_426b_921a_65b847b7ab26 0 15 {"key1": "value-5", "key2": "value-5"}
2025-07-31 18:13:51,239 INFO  [io.api.tes.ser.api.KafkaSerdesTester] (Thread-826) topic-52c48b67_a0ad_426b_921a_65b847b7ab26 0 16 {"key1": "value-6", "key2": "value-6"}
2025-07-31 18:13:51,239 INFO  [io.api.tes.ser.api.KafkaSerdesTester] (Thread-826) topic-52c48b67_a0ad_426b_921a_65b847b7ab26 0 17 {"key1": "value-7", "key2": "value-7"}
2025-07-31 18:13:51,239 INFO  [io.api.tes.ser.api.KafkaSerdesTester] (Thread-826) topic-52c48b67_a0ad_426b_921a_65b847b7ab26 0 18 {"key1": "value-8", "key2": "value-8"}
2025-07-31 18:13:51,239 INFO  [io.api.tes.ser.api.KafkaSerdesTester] (Thread-826) topic-52c48b67_a0ad_426b_921a_65b847b7ab26 0 19 {"key1": "value-9", "key2": "value-9"}
2025-07-31 18:13:51,239 INFO  [io.api.tes.ser.api.KafkaSerdesTester] (Thread-826) topic-52c48b67_a0ad_426b_921a_65b847b7ab26 0 20 {"key1": "value-0"}
2025-07-31 18:13:51,240 INFO  [io.api.tes.ser.api.KafkaSerdesTester] (Thread-826) topic-52c48b67_a0ad_426b_921a_65b847b7ab26 0 21 {"key1": "value-1"}
2025-07-31 18:13:51,240 INFO  [io.api.tes.ser.api.KafkaSerdesTester] (Thread-826) topic-52c48b67_a0ad_426b_921a_65b847b7ab26 0 22 {"key1": "value-2"}
2025-07-31 18:13:51,240 INFO  [io.api.tes.ser.api.KafkaSerdesTester] (Thread-826) topic-52c48b67_a0ad_426b_921a_65b847b7ab26 0 23 {"key1": "value-3"}
2025-07-31 18:13:51,240 INFO  [io.api.tes.ser.api.KafkaSerdesTester] (Thread-826) topic-52c48b67_a0ad_426b_921a_65b847b7ab26 0 24 {"key1": "value-4"}
2025-07-31 18:13:51,240 INFO  [io.api.tes.ser.api.KafkaSerdesTester] (Thread-826) topic-52c48b67_a0ad_426b_921a_65b847b7ab26 0 25 {"key1": "value-5"}
2025-07-31 18:13:51,240 INFO  [io.api.tes.ser.api.KafkaSerdesTester] (Thread-826) topic-52c48b67_a0ad_426b_921a_65b847b7ab26 0 26 {"key1": "value-6"}
2025-07-31 18:13:51,240 INFO  [io.api.tes.ser.api.KafkaSerdesTester] (Thread-826) topic-52c48b67_a0ad_426b_921a_65b847b7ab26 0 27 {"key1": "value-7"}
2025-07-31 18:13:51,240 INFO  [io.api.tes.ser.api.KafkaSerdesTester] (Thread-826) topic-52c48b67_a0ad_426b_921a_65b847b7ab26 0 28 {"key1": "value-8"}
2025-07-31 18:13:51,240 INFO  [io.api.tes.ser.api.KafkaSerdesTester] (Thread-826) topic-52c48b67_a0ad_426b_921a_65b847b7ab26 0 29 {"key1": "value-9"}
2025-07-31 18:13:51,240 INFO  [io.api.tes.ser.api.KafkaSerdesTester] (Thread-826) Consumed 20 messages
2025-07-31 18:13:51,243 INFO  [org.apa.kaf.cli.con.int.ConsumerRebalanceListenerInvoker] (Thread-826) [Consumer clientId=consumer-Consumer-topic-52c48b67_a0ad_426b_921a_65b847b7ab26-28, groupId=Consumer-topic-52c48b67_a0ad_426b_921a_65b847b7ab26] Revoke previously assigned partitions topic-52c48b67_a0ad_426b_921a_65b847b7ab26-0
2025-07-31 18:13:51,243 INFO  [org.apa.kaf.cli.con.int.ConsumerCoordinator] (Thread-826) [Consumer clientId=consumer-Consumer-topic-52c48b67_a0ad_426b_921a_65b847b7ab26-28, groupId=Consumer-topic-52c48b67_a0ad_426b_921a_65b847b7ab26] Member consumer-Consumer-topic-52c48b67_a0ad_426b_921a_65b847b7ab26-28-3de1581f-34d4-493d-b0c4-b2ba4cbcd8b6 sending LeaveGroup request to coordinator localhost:32770 (id: 2147483647 rack: null) due to the consumer is being closed
2025-07-31 18:13:51,243 INFO  [org.apa.kaf.cli.con.int.ConsumerCoordinator] (Thread-826) [Consumer clientId=consumer-Consumer-topic-52c48b67_a0ad_426b_921a_65b847b7ab26-28, groupId=Consumer-topic-52c48b67_a0ad_426b_921a_65b847b7ab26] Resetting generation and member id due to: consumer pro-actively leaving the group
2025-07-31 18:13:51,243 INFO  [org.apa.kaf.cli.con.int.ConsumerCoordinator] (Thread-826) [Consumer clientId=consumer-Consumer-topic-52c48b67_a0ad_426b_921a_65b847b7ab26-28, groupId=Consumer-topic-52c48b67_a0ad_426b_921a_65b847b7ab26] Request joining group due to: consumer pro-actively leaving the group
2025-07-31 18:13:51,745 INFO  [org.apa.kaf.com.met.Metrics] (Thread-826) Metrics scheduler closed
2025-07-31 18:13:51,745 INFO  [org.apa.kaf.com.met.Metrics] (Thread-826) Closing reporter org.apache.kafka.common.metrics.JmxReporter
2025-07-31 18:13:51,745 INFO  [org.apa.kaf.com.met.Metrics] (Thread-826) Closing reporter org.apache.kafka.common.telemetry.internals.ClientTelemetryReporter
2025-07-31 18:13:51,745 INFO  [org.apa.kaf.com.met.Metrics] (Thread-826) Metrics reporters closed
2025-07-31 18:13:51,748 INFO  [org.apa.kaf.com.uti.AppInfoParser] (Thread-826) App info kafka.consumer for consumer-Consumer-topic-52c48b67_a0ad_426b_921a_65b847b7ab26-28 unregistered
**** Registry Base URL: http://registry-app-inmemory.apps.ci419.apicurio-testing.org:80
2025-07-31 18:13:52,785 INFO  [org.apa.kaf.cli.pro.ProducerConfig] (main) ProducerConfig values: 
	acks = -1
	auto.include.jmx.reporter = true
	batch.size = 16384
	bootstrap.servers = [PLAINTEXT://localhost:32770]
	buffer.memory = 33554432
	client.dns.lookup = use_all_dns_ips
	client.id = Producer-topic-52c48b67_a0ad_426b_921a_65b847b7ab26
	compression.gzip.level = -1
	compression.lz4.level = 9
	compression.type = none
	compression.zstd.level = 3
	connections.max.idle.ms = 10000
	delivery.timeout.ms = 120000
	enable.idempotence = true
	enable.metrics.push = true
	interceptor.classes = []
	key.serializer = class org.apache.kafka.common.serialization.StringSerializer
	linger.ms = 0
	max.block.ms = 60000
	max.in.flight.requests.per.connection = 5
	max.request.size = 1048576
	metadata.max.age.ms = 300000
	metadata.max.idle.ms = 300000
	metadata.recovery.strategy = none
	metric.reporters = []
	metrics.num.samples = 2
	metrics.recording.level = INFO
	metrics.sample.window.ms = 30000
	partitioner.adaptive.partitioning.enable = true
	partitioner.availability.timeout.ms = 0
	partitioner.class = null
	partitioner.ignore.keys = false
	receive.buffer.bytes = 32768
	reconnect.backoff.max.ms = 1000
	reconnect.backoff.ms = 50
	request.timeout.ms = 5000
	retries = 2147483647
	retry.backoff.max.ms = 1000
	retry.backoff.ms = 100
	sasl.client.callback.handler.class = null
	sasl.jaas.config = null
	sasl.kerberos.kinit.cmd = /usr/bin/kinit
	sasl.kerberos.min.time.before.relogin = 60000
	sasl.kerberos.service.name = null
	sasl.kerberos.ticket.renew.jitter = 0.05
	sasl.kerberos.ticket.renew.window.factor = 0.8
	sasl.login.callback.handler.class = null
	sasl.login.class = null
	sasl.login.connect.timeout.ms = null
	sasl.login.read.timeout.ms = null
	sasl.login.refresh.buffer.seconds = 300
	sasl.login.refresh.min.period.seconds = 60
	sasl.login.refresh.window.factor = 0.8
	sasl.login.refresh.window.jitter = 0.05
	sasl.login.retry.backoff.max.ms = 10000
	sasl.login.retry.backoff.ms = 100
	sasl.mechanism = GSSAPI
	sasl.oauthbearer.clock.skew.seconds = 30
	sasl.oauthbearer.expected.audience = null
	sasl.oauthbearer.expected.issuer = null
	sasl.oauthbearer.header.urlencode = false
	sasl.oauthbearer.jwks.endpoint.refresh.ms = 3600000
	sasl.oauthbearer.jwks.endpoint.retry.backoff.max.ms = 10000
	sasl.oauthbearer.jwks.endpoint.retry.backoff.ms = 100
	sasl.oauthbearer.jwks.endpoint.url = null
	sasl.oauthbearer.scope.claim.name = scope
	sasl.oauthbearer.sub.claim.name = sub
	sasl.oauthbearer.token.endpoint.url = null
	security.protocol = PLAINTEXT
	security.providers = null
	send.buffer.bytes = 131072
	socket.connection.setup.timeout.max.ms = 30000
	socket.connection.setup.timeout.ms = 10000
	ssl.cipher.suites = null
	ssl.enabled.protocols = [TLSv1.2, TLSv1.3]
	ssl.endpoint.identification.algorithm = https
	ssl.engine.factory.class = null
	ssl.key.password = null
	ssl.keymanager.algorithm = SunX509
	ssl.keystore.certificate.chain = null
	ssl.keystore.key = null
	ssl.keystore.location = null
	ssl.keystore.password = null
	ssl.keystore.type = JKS
	ssl.protocol = TLSv1.3
	ssl.provider = null
	ssl.secure.random.implementation = null
	ssl.trustmanager.algorithm = PKIX
	ssl.truststore.certificates = null
	ssl.truststore.location = null
	ssl.truststore.password = null
	ssl.truststore.type = JKS
	transaction.timeout.ms = 60000
	transactional.id = null
	value.serializer = class io.confluent.kafka.serializers.KafkaAvroSerializer

2025-07-31 18:13:52,786 INFO  [org.apa.kaf.com.tel.int.KafkaMetricsCollector] (main) initializing Kafka metrics collector
2025-07-31 18:13:52,786 INFO  [io.con.kaf.ser.KafkaAvroSerializerConfig] (main) KafkaAvroSerializerConfig values: 
	auto.register.schemas = false
	avro.reflection.allow.null = false
	avro.remove.java.properties = false
	avro.use.logical.type.converters = false
	basic.auth.credentials.source = URL
	basic.auth.user.info = [hidden]
	bearer.auth.cache.expiry.buffer.seconds = 300
	bearer.auth.client.id = null
	bearer.auth.client.secret = null
	bearer.auth.credentials.source = STATIC_TOKEN
	bearer.auth.custom.provider.class = null
	bearer.auth.identity.pool.id = null
	bearer.auth.issuer.endpoint.url = null
	bearer.auth.logical.cluster = null
	bearer.auth.scope = null
	bearer.auth.scope.claim.name = scope
	bearer.auth.sub.claim.name = sub
	bearer.auth.token = [hidden]
	context.name.strategy = class io.confluent.kafka.serializers.context.NullContextNameStrategy
	http.connect.timeout.ms = 60000
	http.read.timeout.ms = 60000
	id.compatibility.strict = true
	key.schema.id.deserializer = class io.confluent.kafka.serializers.schema.id.DualSchemaIdDeserializer
	key.schema.id.serializer = class io.confluent.kafka.serializers.schema.id.PrefixSchemaIdSerializer
	key.subject.name.strategy = class io.confluent.kafka.serializers.subject.TopicNameStrategy
	latest.cache.size = 1000
	latest.cache.ttl.sec = -1
	latest.compatibility.strict = true
	max.retries = 3
	max.schemas.per.subject = 1000
	normalize.schemas = false
	propagate.schema.tags = false
	proxy.host = 
	proxy.port = -1
	retries.max.wait.ms = 20000
	retries.wait.ms = 1000
	rule.actions = []
	rule.executors = []
	rule.service.loader.enable = true
	schema.format = null
	schema.reflection = false
	schema.registry.basic.auth.user.info = [hidden]
	schema.registry.ssl.cipher.suites = null
	schema.registry.ssl.enabled.protocols = [TLSv1.2, TLSv1.3]
	schema.registry.ssl.endpoint.identification.algorithm = https
	schema.registry.ssl.engine.factory.class = null
	schema.registry.ssl.key.password = null
	schema.registry.ssl.keymanager.algorithm = SunX509
	schema.registry.ssl.keystore.certificate.chain = null
	schema.registry.ssl.keystore.key = null
	schema.registry.ssl.keystore.location = null
	schema.registry.ssl.keystore.password = null
	schema.registry.ssl.keystore.type = JKS
	schema.registry.ssl.protocol = TLSv1.3
	schema.registry.ssl.provider = null
	schema.registry.ssl.secure.random.implementation = null
	schema.registry.ssl.trustmanager.algorithm = PKIX
	schema.registry.ssl.truststore.certificates = null
	schema.registry.ssl.truststore.location = null
	schema.registry.ssl.truststore.password = null
	schema.registry.ssl.truststore.type = JKS
	schema.registry.url = [http://registry-app-inmemory.apps.ci419.apicurio-testing.org:80/apis/ccompat/v7]
	schema.registry.url.randomize = false
	use.latest.version = false
	use.latest.with.metadata = null
	use.schema.id = -1
	value.schema.id.deserializer = class io.confluent.kafka.serializers.schema.id.DualSchemaIdDeserializer
	value.schema.id.serializer = class io.confluent.kafka.serializers.schema.id.PrefixSchemaIdSerializer
	value.subject.name.strategy = class io.confluent.kafka.serializers.subject.TopicRecordNameStrategy

2025-07-31 18:13:52,788 INFO  [org.apa.kaf.cli.pro.KafkaProducer] (main) [Producer clientId=Producer-topic-52c48b67_a0ad_426b_921a_65b847b7ab26] Instantiated an idempotent producer.
2025-07-31 18:13:52,789 INFO  [org.apa.kaf.cli.pro.ProducerConfig] (main) These configurations '[schema.registry.url, auto.register.schemas, value.subject.name.strategy]' were supplied but are not used yet.
2025-07-31 18:13:52,789 INFO  [org.apa.kaf.com.uti.AppInfoParser] (main) Kafka version: 3.9.1
2025-07-31 18:13:52,789 INFO  [org.apa.kaf.com.uti.AppInfoParser] (main) Kafka commitId: f745dfdcee2b9851
2025-07-31 18:13:52,789 INFO  [org.apa.kaf.com.uti.AppInfoParser] (main) Kafka startTimeMs: 1753985632789
2025-07-31 18:13:52,791 INFO  [io.api.tes.ser.api.KafkaSerdesTester] (Thread-827) Sending message {"key1": "value-0", "key2": "value-0", "key3": "value-0"} to topic topic-52c48b67_a0ad_426b_921a_65b847b7ab26
2025-07-31 18:13:52,798 INFO  [org.apa.kaf.cli.Metadata] (kafka-producer-network-thread | Producer-topic-52c48b67_a0ad_426b_921a_65b847b7ab26) [Producer clientId=Producer-topic-52c48b67_a0ad_426b_921a_65b847b7ab26] Cluster ID: Pi_RUBSBSj-WuHInrGEQ6g
2025-07-31 18:13:52,801 INFO  [org.apa.kaf.cli.pro.int.TransactionManager] (kafka-producer-network-thread | Producer-topic-52c48b67_a0ad_426b_921a_65b847b7ab26) [Producer clientId=Producer-topic-52c48b67_a0ad_426b_921a_65b847b7ab26] ProducerId set to 39 with epoch 0
2025-07-31 18:13:52,826 INFO  [io.api.tes.ser.api.KafkaSerdesTester] (Thread-827) Sending message {"key1": "value-1", "key2": "value-1", "key3": "value-1"} to topic topic-52c48b67_a0ad_426b_921a_65b847b7ab26
2025-07-31 18:13:52,829 INFO  [io.api.tes.ser.api.KafkaSerdesTester] (Thread-827) Sending message {"key1": "value-2", "key2": "value-2", "key3": "value-2"} to topic topic-52c48b67_a0ad_426b_921a_65b847b7ab26
2025-07-31 18:13:52,830 INFO  [io.api.tes.ser.api.KafkaSerdesTester] (Thread-827) Sending message {"key1": "value-3", "key2": "value-3", "key3": "value-3"} to topic topic-52c48b67_a0ad_426b_921a_65b847b7ab26
2025-07-31 18:13:52,831 INFO  [io.api.tes.ser.api.KafkaSerdesTester] (Thread-827) Sending message {"key1": "value-4", "key2": "value-4", "key3": "value-4"} to topic topic-52c48b67_a0ad_426b_921a_65b847b7ab26
2025-07-31 18:13:52,834 INFO  [io.api.tes.ser.api.KafkaSerdesTester] (Thread-827) Sending message {"key1": "value-5", "key2": "value-5", "key3": "value-5"} to topic topic-52c48b67_a0ad_426b_921a_65b847b7ab26
2025-07-31 18:13:52,839 INFO  [io.api.tes.ser.api.KafkaSerdesTester] (Thread-827) Sending message {"key1": "value-6", "key2": "value-6", "key3": "value-6"} to topic topic-52c48b67_a0ad_426b_921a_65b847b7ab26
2025-07-31 18:13:52,841 INFO  [io.api.tes.ser.api.KafkaSerdesTester] (Thread-827) Sending message {"key1": "value-7", "key2": "value-7", "key3": "value-7"} to topic topic-52c48b67_a0ad_426b_921a_65b847b7ab26
2025-07-31 18:13:52,842 INFO  [io.api.tes.ser.api.KafkaSerdesTester] (Thread-827) Sending message {"key1": "value-8", "key2": "value-8", "key3": "value-8"} to topic topic-52c48b67_a0ad_426b_921a_65b847b7ab26
2025-07-31 18:13:52,845 INFO  [io.api.tes.ser.api.KafkaSerdesTester] (Thread-827) Sending message {"key1": "value-9", "key2": "value-9", "key3": "value-9"} to topic topic-52c48b67_a0ad_426b_921a_65b847b7ab26
2025-07-31 18:13:52,846 INFO  [io.api.tes.ser.api.KafkaSerdesTester] (Thread-827) Produced 10 messages
2025-07-31 18:13:52,846 INFO  [org.apa.kaf.cli.pro.KafkaProducer] (Thread-827) [Producer clientId=Producer-topic-52c48b67_a0ad_426b_921a_65b847b7ab26] Closing the Kafka producer with timeoutMillis = 9223372036854775807 ms.
2025-07-31 18:13:52,849 INFO  [org.apa.kaf.com.met.Metrics] (Thread-827) Metrics scheduler closed
2025-07-31 18:13:52,849 INFO  [org.apa.kaf.com.met.Metrics] (Thread-827) Closing reporter org.apache.kafka.common.metrics.JmxReporter
2025-07-31 18:13:52,850 INFO  [org.apa.kaf.com.met.Metrics] (Thread-827) Closing reporter org.apache.kafka.common.telemetry.internals.ClientTelemetryReporter
2025-07-31 18:13:52,850 INFO  [org.apa.kaf.com.met.Metrics] (Thread-827) Metrics reporters closed
2025-07-31 18:13:52,850 INFO  [org.apa.kaf.com.uti.AppInfoParser] (Thread-827) App info kafka.producer for Producer-topic-52c48b67_a0ad_426b_921a_65b847b7ab26 unregistered
**** Registry Base URL: http://registry-app-inmemory.apps.ci419.apicurio-testing.org:80
2025-07-31 18:13:52,851 INFO  [org.apa.kaf.cli.pro.ProducerConfig] (main) ProducerConfig values: 
	acks = -1
	auto.include.jmx.reporter = true
	batch.size = 16384
	bootstrap.servers = [PLAINTEXT://localhost:32770]
	buffer.memory = 33554432
	client.dns.lookup = use_all_dns_ips
	client.id = Producer-topic-52c48b67_a0ad_426b_921a_65b847b7ab26
	compression.gzip.level = -1
	compression.lz4.level = 9
	compression.type = none
	compression.zstd.level = 3
	connections.max.idle.ms = 10000
	delivery.timeout.ms = 120000
	enable.idempotence = true
	enable.metrics.push = true
	interceptor.classes = []
	key.serializer = class org.apache.kafka.common.serialization.StringSerializer
	linger.ms = 0
	max.block.ms = 60000
	max.in.flight.requests.per.connection = 5
	max.request.size = 1048576
	metadata.max.age.ms = 300000
	metadata.max.idle.ms = 300000
	metadata.recovery.strategy = none
	metric.reporters = []
	metrics.num.samples = 2
	metrics.recording.level = INFO
	metrics.sample.window.ms = 30000
	partitioner.adaptive.partitioning.enable = true
	partitioner.availability.timeout.ms = 0
	partitioner.class = null
	partitioner.ignore.keys = false
	receive.buffer.bytes = 32768
	reconnect.backoff.max.ms = 1000
	reconnect.backoff.ms = 50
	request.timeout.ms = 5000
	retries = 2147483647
	retry.backoff.max.ms = 1000
	retry.backoff.ms = 100
	sasl.client.callback.handler.class = null
	sasl.jaas.config = null
	sasl.kerberos.kinit.cmd = /usr/bin/kinit
	sasl.kerberos.min.time.before.relogin = 60000
	sasl.kerberos.service.name = null
	sasl.kerberos.ticket.renew.jitter = 0.05
	sasl.kerberos.ticket.renew.window.factor = 0.8
	sasl.login.callback.handler.class = null
	sasl.login.class = null
	sasl.login.connect.timeout.ms = null
	sasl.login.read.timeout.ms = null
	sasl.login.refresh.buffer.seconds = 300
	sasl.login.refresh.min.period.seconds = 60
	sasl.login.refresh.window.factor = 0.8
	sasl.login.refresh.window.jitter = 0.05
	sasl.login.retry.backoff.max.ms = 10000
	sasl.login.retry.backoff.ms = 100
	sasl.mechanism = GSSAPI
	sasl.oauthbearer.clock.skew.seconds = 30
	sasl.oauthbearer.expected.audience = null
	sasl.oauthbearer.expected.issuer = null
	sasl.oauthbearer.header.urlencode = false
	sasl.oauthbearer.jwks.endpoint.refresh.ms = 3600000
	sasl.oauthbearer.jwks.endpoint.retry.backoff.max.ms = 10000
	sasl.oauthbearer.jwks.endpoint.retry.backoff.ms = 100
	sasl.oauthbearer.jwks.endpoint.url = null
	sasl.oauthbearer.scope.claim.name = scope
	sasl.oauthbearer.sub.claim.name = sub
	sasl.oauthbearer.token.endpoint.url = null
	security.protocol = PLAINTEXT
	security.providers = null
	send.buffer.bytes = 131072
	socket.connection.setup.timeout.max.ms = 30000
	socket.connection.setup.timeout.ms = 10000
	ssl.cipher.suites = null
	ssl.enabled.protocols = [TLSv1.2, TLSv1.3]
	ssl.endpoint.identification.algorithm = https
	ssl.engine.factory.class = null
	ssl.key.password = null
	ssl.keymanager.algorithm = SunX509
	ssl.keystore.certificate.chain = null
	ssl.keystore.key = null
	ssl.keystore.location = null
	ssl.keystore.password = null
	ssl.keystore.type = JKS
	ssl.protocol = TLSv1.3
	ssl.provider = null
	ssl.secure.random.implementation = null
	ssl.trustmanager.algorithm = PKIX
	ssl.truststore.certificates = null
	ssl.truststore.location = null
	ssl.truststore.password = null
	ssl.truststore.type = JKS
	transaction.timeout.ms = 60000
	transactional.id = null
	value.serializer = class io.confluent.kafka.serializers.KafkaAvroSerializer

2025-07-31 18:13:52,851 INFO  [org.apa.kaf.com.tel.int.KafkaMetricsCollector] (main) initializing Kafka metrics collector
2025-07-31 18:13:52,851 INFO  [io.con.kaf.ser.KafkaAvroSerializerConfig] (main) KafkaAvroSerializerConfig values: 
	auto.register.schemas = false
	avro.reflection.allow.null = false
	avro.remove.java.properties = false
	avro.use.logical.type.converters = false
	basic.auth.credentials.source = URL
	basic.auth.user.info = [hidden]
	bearer.auth.cache.expiry.buffer.seconds = 300
	bearer.auth.client.id = null
	bearer.auth.client.secret = null
	bearer.auth.credentials.source = STATIC_TOKEN
	bearer.auth.custom.provider.class = null
	bearer.auth.identity.pool.id = null
	bearer.auth.issuer.endpoint.url = null
	bearer.auth.logical.cluster = null
	bearer.auth.scope = null
	bearer.auth.scope.claim.name = scope
	bearer.auth.sub.claim.name = sub
	bearer.auth.token = [hidden]
	context.name.strategy = class io.confluent.kafka.serializers.context.NullContextNameStrategy
	http.connect.timeout.ms = 60000
	http.read.timeout.ms = 60000
	id.compatibility.strict = true
	key.schema.id.deserializer = class io.confluent.kafka.serializers.schema.id.DualSchemaIdDeserializer
	key.schema.id.serializer = class io.confluent.kafka.serializers.schema.id.PrefixSchemaIdSerializer
	key.subject.name.strategy = class io.confluent.kafka.serializers.subject.TopicNameStrategy
	latest.cache.size = 1000
	latest.cache.ttl.sec = -1
	latest.compatibility.strict = true
	max.retries = 3
	max.schemas.per.subject = 1000
	normalize.schemas = false
	propagate.schema.tags = false
	proxy.host = 
	proxy.port = -1
	retries.max.wait.ms = 20000
	retries.wait.ms = 1000
	rule.actions = []
	rule.executors = []
	rule.service.loader.enable = true
	schema.format = null
	schema.reflection = false
	schema.registry.basic.auth.user.info = [hidden]
	schema.registry.ssl.cipher.suites = null
	schema.registry.ssl.enabled.protocols = [TLSv1.2, TLSv1.3]
	schema.registry.ssl.endpoint.identification.algorithm = https
	schema.registry.ssl.engine.factory.class = null
	schema.registry.ssl.key.password = null
	schema.registry.ssl.keymanager.algorithm = SunX509
	schema.registry.ssl.keystore.certificate.chain = null
	schema.registry.ssl.keystore.key = null
	schema.registry.ssl.keystore.location = null
	schema.registry.ssl.keystore.password = null
	schema.registry.ssl.keystore.type = JKS
	schema.registry.ssl.protocol = TLSv1.3
	schema.registry.ssl.provider = null
	schema.registry.ssl.secure.random.implementation = null
	schema.registry.ssl.trustmanager.algorithm = PKIX
	schema.registry.ssl.truststore.certificates = null
	schema.registry.ssl.truststore.location = null
	schema.registry.ssl.truststore.password = null
	schema.registry.ssl.truststore.type = JKS
	schema.registry.url = [http://registry-app-inmemory.apps.ci419.apicurio-testing.org:80/apis/ccompat/v7]
	schema.registry.url.randomize = false
	use.latest.version = false
	use.latest.with.metadata = null
	use.schema.id = -1
	value.schema.id.deserializer = class io.confluent.kafka.serializers.schema.id.DualSchemaIdDeserializer
	value.schema.id.serializer = class io.confluent.kafka.serializers.schema.id.PrefixSchemaIdSerializer
	value.subject.name.strategy = class io.confluent.kafka.serializers.subject.TopicRecordNameStrategy

2025-07-31 18:13:52,855 INFO  [org.apa.kaf.cli.pro.KafkaProducer] (main) [Producer clientId=Producer-topic-52c48b67_a0ad_426b_921a_65b847b7ab26] Instantiated an idempotent producer.
2025-07-31 18:13:52,858 INFO  [org.apa.kaf.cli.pro.ProducerConfig] (main) These configurations '[schema.registry.url, auto.register.schemas, value.subject.name.strategy]' were supplied but are not used yet.
2025-07-31 18:13:52,858 INFO  [org.apa.kaf.com.uti.AppInfoParser] (main) Kafka version: 3.9.1
2025-07-31 18:13:52,858 INFO  [org.apa.kaf.com.uti.AppInfoParser] (main) Kafka commitId: f745dfdcee2b9851
2025-07-31 18:13:52,858 INFO  [org.apa.kaf.com.uti.AppInfoParser] (main) Kafka startTimeMs: 1753985632858
2025-07-31 18:13:52,860 INFO  [io.api.tes.ser.api.KafkaSerdesTester] (Thread-828) Sending message {"key1": "value-0", "key2": "value-0"} to topic topic-52c48b67_a0ad_426b_921a_65b847b7ab26
2025-07-31 18:13:52,861 INFO  [org.apa.kaf.cli.Metadata] (kafka-producer-network-thread | Producer-topic-52c48b67_a0ad_426b_921a_65b847b7ab26) [Producer clientId=Producer-topic-52c48b67_a0ad_426b_921a_65b847b7ab26] Cluster ID: Pi_RUBSBSj-WuHInrGEQ6g
2025-07-31 18:13:52,862 INFO  [org.apa.kaf.cli.pro.int.TransactionManager] (kafka-producer-network-thread | Producer-topic-52c48b67_a0ad_426b_921a_65b847b7ab26) [Producer clientId=Producer-topic-52c48b67_a0ad_426b_921a_65b847b7ab26] ProducerId set to 40 with epoch 0
2025-07-31 18:13:52,877 INFO  [io.api.tes.ser.api.KafkaSerdesTester] (Thread-828) Sending message {"key1": "value-1", "key2": "value-1"} to topic topic-52c48b67_a0ad_426b_921a_65b847b7ab26
2025-07-31 18:13:52,878 INFO  [io.api.tes.ser.api.KafkaSerdesTester] (Thread-828) Sending message {"key1": "value-2", "key2": "value-2"} to topic topic-52c48b67_a0ad_426b_921a_65b847b7ab26
2025-07-31 18:13:52,879 INFO  [io.api.tes.ser.api.KafkaSerdesTester] (Thread-828) Sending message {"key1": "value-3", "key2": "value-3"} to topic topic-52c48b67_a0ad_426b_921a_65b847b7ab26
2025-07-31 18:13:52,882 INFO  [io.api.tes.ser.api.KafkaSerdesTester] (Thread-828) Sending message {"key1": "value-4", "key2": "value-4"} to topic topic-52c48b67_a0ad_426b_921a_65b847b7ab26
2025-07-31 18:13:52,886 INFO  [io.api.tes.ser.api.KafkaSerdesTester] (Thread-828) Sending message {"key1": "value-5", "key2": "value-5"} to topic topic-52c48b67_a0ad_426b_921a_65b847b7ab26
2025-07-31 18:13:52,887 INFO  [io.api.tes.ser.api.KafkaSerdesTester] (Thread-828) Sending message {"key1": "value-6", "key2": "value-6"} to topic topic-52c48b67_a0ad_426b_921a_65b847b7ab26
2025-07-31 18:13:52,889 INFO  [io.api.tes.ser.api.KafkaSerdesTester] (Thread-828) Sending message {"key1": "value-7", "key2": "value-7"} to topic topic-52c48b67_a0ad_426b_921a_65b847b7ab26
2025-07-31 18:13:52,892 INFO  [io.api.tes.ser.api.KafkaSerdesTester] (Thread-828) Sending message {"key1": "value-8", "key2": "value-8"} to topic topic-52c48b67_a0ad_426b_921a_65b847b7ab26
2025-07-31 18:13:52,893 INFO  [io.api.tes.ser.api.KafkaSerdesTester] (Thread-828) Sending message {"key1": "value-9", "key2": "value-9"} to topic topic-52c48b67_a0ad_426b_921a_65b847b7ab26
2025-07-31 18:13:52,896 INFO  [io.api.tes.ser.api.KafkaSerdesTester] (Thread-828) Produced 10 messages
2025-07-31 18:13:52,896 INFO  [org.apa.kaf.cli.pro.KafkaProducer] (Thread-828) [Producer clientId=Producer-topic-52c48b67_a0ad_426b_921a_65b847b7ab26] Closing the Kafka producer with timeoutMillis = 9223372036854775807 ms.
2025-07-31 18:13:52,900 INFO  [org.apa.kaf.com.met.Metrics] (Thread-828) Metrics scheduler closed
2025-07-31 18:13:52,900 INFO  [org.apa.kaf.com.met.Metrics] (Thread-828) Closing reporter org.apache.kafka.common.metrics.JmxReporter
2025-07-31 18:13:52,901 INFO  [org.apa.kaf.com.met.Metrics] (Thread-828) Closing reporter org.apache.kafka.common.telemetry.internals.ClientTelemetryReporter
2025-07-31 18:13:52,901 INFO  [org.apa.kaf.com.met.Metrics] (Thread-828) Metrics reporters closed
2025-07-31 18:13:52,901 INFO  [org.apa.kaf.com.uti.AppInfoParser] (Thread-828) App info kafka.producer for Producer-topic-52c48b67_a0ad_426b_921a_65b847b7ab26 unregistered
**** Registry Base URL: http://registry-app-inmemory.apps.ci419.apicurio-testing.org:80
2025-07-31 18:13:52,903 INFO  [org.apa.kaf.cli.pro.ProducerConfig] (main) ProducerConfig values: 
	acks = -1
	auto.include.jmx.reporter = true
	batch.size = 16384
	bootstrap.servers = [PLAINTEXT://localhost:32770]
	buffer.memory = 33554432
	client.dns.lookup = use_all_dns_ips
	client.id = Producer-topic-52c48b67_a0ad_426b_921a_65b847b7ab26
	compression.gzip.level = -1
	compression.lz4.level = 9
	compression.type = none
	compression.zstd.level = 3
	connections.max.idle.ms = 10000
	delivery.timeout.ms = 120000
	enable.idempotence = true
	enable.metrics.push = true
	interceptor.classes = []
	key.serializer = class org.apache.kafka.common.serialization.StringSerializer
	linger.ms = 0
	max.block.ms = 60000
	max.in.flight.requests.per.connection = 5
	max.request.size = 1048576
	metadata.max.age.ms = 300000
	metadata.max.idle.ms = 300000
	metadata.recovery.strategy = none
	metric.reporters = []
	metrics.num.samples = 2
	metrics.recording.level = INFO
	metrics.sample.window.ms = 30000
	partitioner.adaptive.partitioning.enable = true
	partitioner.availability.timeout.ms = 0
	partitioner.class = null
	partitioner.ignore.keys = false
	receive.buffer.bytes = 32768
	reconnect.backoff.max.ms = 1000
	reconnect.backoff.ms = 50
	request.timeout.ms = 5000
	retries = 2147483647
	retry.backoff.max.ms = 1000
	retry.backoff.ms = 100
	sasl.client.callback.handler.class = null
	sasl.jaas.config = null
	sasl.kerberos.kinit.cmd = /usr/bin/kinit
	sasl.kerberos.min.time.before.relogin = 60000
	sasl.kerberos.service.name = null
	sasl.kerberos.ticket.renew.jitter = 0.05
	sasl.kerberos.ticket.renew.window.factor = 0.8
	sasl.login.callback.handler.class = null
	sasl.login.class = null
	sasl.login.connect.timeout.ms = null
	sasl.login.read.timeout.ms = null
	sasl.login.refresh.buffer.seconds = 300
	sasl.login.refresh.min.period.seconds = 60
	sasl.login.refresh.window.factor = 0.8
	sasl.login.refresh.window.jitter = 0.05
	sasl.login.retry.backoff.max.ms = 10000
	sasl.login.retry.backoff.ms = 100
	sasl.mechanism = GSSAPI
	sasl.oauthbearer.clock.skew.seconds = 30
	sasl.oauthbearer.expected.audience = null
	sasl.oauthbearer.expected.issuer = null
	sasl.oauthbearer.header.urlencode = false
	sasl.oauthbearer.jwks.endpoint.refresh.ms = 3600000
	sasl.oauthbearer.jwks.endpoint.retry.backoff.max.ms = 10000
	sasl.oauthbearer.jwks.endpoint.retry.backoff.ms = 100
	sasl.oauthbearer.jwks.endpoint.url = null
	sasl.oauthbearer.scope.claim.name = scope
	sasl.oauthbearer.sub.claim.name = sub
	sasl.oauthbearer.token.endpoint.url = null
	security.protocol = PLAINTEXT
	security.providers = null
	send.buffer.bytes = 131072
	socket.connection.setup.timeout.max.ms = 30000
	socket.connection.setup.timeout.ms = 10000
	ssl.cipher.suites = null
	ssl.enabled.protocols = [TLSv1.2, TLSv1.3]
	ssl.endpoint.identification.algorithm = https
	ssl.engine.factory.class = null
	ssl.key.password = null
	ssl.keymanager.algorithm = SunX509
	ssl.keystore.certificate.chain = null
	ssl.keystore.key = null
	ssl.keystore.location = null
	ssl.keystore.password = null
	ssl.keystore.type = JKS
	ssl.protocol = TLSv1.3
	ssl.provider = null
	ssl.secure.random.implementation = null
	ssl.trustmanager.algorithm = PKIX
	ssl.truststore.certificates = null
	ssl.truststore.location = null
	ssl.truststore.password = null
	ssl.truststore.type = JKS
	transaction.timeout.ms = 60000
	transactional.id = null
	value.serializer = class io.confluent.kafka.serializers.KafkaAvroSerializer

2025-07-31 18:13:52,903 INFO  [org.apa.kaf.com.tel.int.KafkaMetricsCollector] (main) initializing Kafka metrics collector
2025-07-31 18:13:52,904 INFO  [io.con.kaf.ser.KafkaAvroSerializerConfig] (main) KafkaAvroSerializerConfig values: 
	auto.register.schemas = false
	avro.reflection.allow.null = false
	avro.remove.java.properties = false
	avro.use.logical.type.converters = false
	basic.auth.credentials.source = URL
	basic.auth.user.info = [hidden]
	bearer.auth.cache.expiry.buffer.seconds = 300
	bearer.auth.client.id = null
	bearer.auth.client.secret = null
	bearer.auth.credentials.source = STATIC_TOKEN
	bearer.auth.custom.provider.class = null
	bearer.auth.identity.pool.id = null
	bearer.auth.issuer.endpoint.url = null
	bearer.auth.logical.cluster = null
	bearer.auth.scope = null
	bearer.auth.scope.claim.name = scope
	bearer.auth.sub.claim.name = sub
	bearer.auth.token = [hidden]
	context.name.strategy = class io.confluent.kafka.serializers.context.NullContextNameStrategy
	http.connect.timeout.ms = 60000
	http.read.timeout.ms = 60000
	id.compatibility.strict = true
	key.schema.id.deserializer = class io.confluent.kafka.serializers.schema.id.DualSchemaIdDeserializer
	key.schema.id.serializer = class io.confluent.kafka.serializers.schema.id.PrefixSchemaIdSerializer
	key.subject.name.strategy = class io.confluent.kafka.serializers.subject.TopicNameStrategy
	latest.cache.size = 1000
	latest.cache.ttl.sec = -1
	latest.compatibility.strict = true
	max.retries = 3
	max.schemas.per.subject = 1000
	normalize.schemas = false
	propagate.schema.tags = false
	proxy.host = 
	proxy.port = -1
	retries.max.wait.ms = 20000
	retries.wait.ms = 1000
	rule.actions = []
	rule.executors = []
	rule.service.loader.enable = true
	schema.format = null
	schema.reflection = false
	schema.registry.basic.auth.user.info = [hidden]
	schema.registry.ssl.cipher.suites = null
	schema.registry.ssl.enabled.protocols = [TLSv1.2, TLSv1.3]
	schema.registry.ssl.endpoint.identification.algorithm = https
	schema.registry.ssl.engine.factory.class = null
	schema.registry.ssl.key.password = null
	schema.registry.ssl.keymanager.algorithm = SunX509
	schema.registry.ssl.keystore.certificate.chain = null
	schema.registry.ssl.keystore.key = null
	schema.registry.ssl.keystore.location = null
	schema.registry.ssl.keystore.password = null
	schema.registry.ssl.keystore.type = JKS
	schema.registry.ssl.protocol = TLSv1.3
	schema.registry.ssl.provider = null
	schema.registry.ssl.secure.random.implementation = null
	schema.registry.ssl.trustmanager.algorithm = PKIX
	schema.registry.ssl.truststore.certificates = null
	schema.registry.ssl.truststore.location = null
	schema.registry.ssl.truststore.password = null
	schema.registry.ssl.truststore.type = JKS
	schema.registry.url = [http://registry-app-inmemory.apps.ci419.apicurio-testing.org:80/apis/ccompat/v7]
	schema.registry.url.randomize = false
	use.latest.version = false
	use.latest.with.metadata = null
	use.schema.id = -1
	value.schema.id.deserializer = class io.confluent.kafka.serializers.schema.id.DualSchemaIdDeserializer
	value.schema.id.serializer = class io.confluent.kafka.serializers.schema.id.PrefixSchemaIdSerializer
	value.subject.name.strategy = class io.confluent.kafka.serializers.subject.TopicRecordNameStrategy

2025-07-31 18:13:52,906 INFO  [org.apa.kaf.cli.pro.KafkaProducer] (main) [Producer clientId=Producer-topic-52c48b67_a0ad_426b_921a_65b847b7ab26] Instantiated an idempotent producer.
2025-07-31 18:13:52,908 INFO  [org.apa.kaf.cli.pro.ProducerConfig] (main) These configurations '[schema.registry.url, auto.register.schemas, value.subject.name.strategy]' were supplied but are not used yet.
2025-07-31 18:13:52,908 INFO  [org.apa.kaf.com.uti.AppInfoParser] (main) Kafka version: 3.9.1
2025-07-31 18:13:52,908 INFO  [org.apa.kaf.com.uti.AppInfoParser] (main) Kafka commitId: f745dfdcee2b9851
2025-07-31 18:13:52,908 INFO  [org.apa.kaf.com.uti.AppInfoParser] (main) Kafka startTimeMs: 1753985632908
2025-07-31 18:13:52,910 INFO  [io.api.tes.ser.api.KafkaSerdesTester] (Thread-829) Sending message {"key1": "value-0"} to topic topic-52c48b67_a0ad_426b_921a_65b847b7ab26
2025-07-31 18:13:52,913 INFO  [org.apa.kaf.cli.Metadata] (kafka-producer-network-thread | Producer-topic-52c48b67_a0ad_426b_921a_65b847b7ab26) [Producer clientId=Producer-topic-52c48b67_a0ad_426b_921a_65b847b7ab26] Cluster ID: Pi_RUBSBSj-WuHInrGEQ6g
2025-07-31 18:13:52,913 INFO  [org.apa.kaf.cli.pro.int.TransactionManager] (kafka-producer-network-thread | Producer-topic-52c48b67_a0ad_426b_921a_65b847b7ab26) [Producer clientId=Producer-topic-52c48b67_a0ad_426b_921a_65b847b7ab26] ProducerId set to 41 with epoch 0
2025-07-31 18:13:52,928 INFO  [io.api.tes.ser.api.KafkaSerdesTester] (Thread-829) Sending message {"key1": "value-1"} to topic topic-52c48b67_a0ad_426b_921a_65b847b7ab26
2025-07-31 18:13:52,931 INFO  [io.api.tes.ser.api.KafkaSerdesTester] (Thread-829) Sending message {"key1": "value-2"} to topic topic-52c48b67_a0ad_426b_921a_65b847b7ab26
2025-07-31 18:13:52,932 INFO  [io.api.tes.ser.api.KafkaSerdesTester] (Thread-829) Sending message {"key1": "value-3"} to topic topic-52c48b67_a0ad_426b_921a_65b847b7ab26
2025-07-31 18:13:52,933 INFO  [io.api.tes.ser.api.KafkaSerdesTester] (Thread-829) Sending message {"key1": "value-4"} to topic topic-52c48b67_a0ad_426b_921a_65b847b7ab26
2025-07-31 18:13:52,934 INFO  [io.api.tes.ser.api.KafkaSerdesTester] (Thread-829) Sending message {"key1": "value-5"} to topic topic-52c48b67_a0ad_426b_921a_65b847b7ab26
2025-07-31 18:13:52,935 INFO  [io.api.tes.ser.api.KafkaSerdesTester] (Thread-829) Sending message {"key1": "value-6"} to topic topic-52c48b67_a0ad_426b_921a_65b847b7ab26
2025-07-31 18:13:52,936 INFO  [io.api.tes.ser.api.KafkaSerdesTester] (Thread-829) Sending message {"key1": "value-7"} to topic topic-52c48b67_a0ad_426b_921a_65b847b7ab26
2025-07-31 18:13:52,937 INFO  [io.api.tes.ser.api.KafkaSerdesTester] (Thread-829) Sending message {"key1": "value-8"} to topic topic-52c48b67_a0ad_426b_921a_65b847b7ab26
2025-07-31 18:13:52,938 INFO  [io.api.tes.ser.api.KafkaSerdesTester] (Thread-829) Sending message {"key1": "value-9"} to topic topic-52c48b67_a0ad_426b_921a_65b847b7ab26
2025-07-31 18:13:52,939 INFO  [io.api.tes.ser.api.KafkaSerdesTester] (Thread-829) Produced 10 messages
2025-07-31 18:13:52,939 INFO  [org.apa.kaf.cli.pro.KafkaProducer] (Thread-829) [Producer clientId=Producer-topic-52c48b67_a0ad_426b_921a_65b847b7ab26] Closing the Kafka producer with timeoutMillis = 9223372036854775807 ms.
2025-07-31 18:13:52,941 INFO  [org.apa.kaf.com.met.Metrics] (Thread-829) Metrics scheduler closed
2025-07-31 18:13:52,941 INFO  [org.apa.kaf.com.met.Metrics] (Thread-829) Closing reporter org.apache.kafka.common.metrics.JmxReporter
2025-07-31 18:13:52,941 INFO  [org.apa.kaf.com.met.Metrics] (Thread-829) Closing reporter org.apache.kafka.common.telemetry.internals.ClientTelemetryReporter
2025-07-31 18:13:52,941 INFO  [org.apa.kaf.com.met.Metrics] (Thread-829) Metrics reporters closed
2025-07-31 18:13:52,941 INFO  [org.apa.kaf.com.uti.AppInfoParser] (Thread-829) App info kafka.producer for Producer-topic-52c48b67_a0ad_426b_921a_65b847b7ab26 unregistered
**** Registry Base URL: http://registry-app-inmemory.apps.ci419.apicurio-testing.org:80
2025-07-31 18:13:52,942 INFO  [org.apa.kaf.cli.con.ConsumerConfig] (main) ConsumerConfig values: 
	allow.auto.create.topics = true
	auto.commit.interval.ms = 500
	auto.include.jmx.reporter = true
	auto.offset.reset = earliest
	bootstrap.servers = [PLAINTEXT://localhost:32770]
	check.crcs = true
	client.dns.lookup = use_all_dns_ips
	client.id = consumer-Consumer-topic-52c48b67_a0ad_426b_921a_65b847b7ab26-29
	client.rack = 
	connections.max.idle.ms = 10000
	default.api.timeout.ms = 60000
	enable.auto.commit = true
	enable.metrics.push = true
	exclude.internal.topics = true
	fetch.max.bytes = 52428800
	fetch.max.wait.ms = 500
	fetch.min.bytes = 1
	group.id = Consumer-topic-52c48b67_a0ad_426b_921a_65b847b7ab26
	group.instance.id = null
	group.protocol = classic
	group.remote.assignor = null
	heartbeat.interval.ms = 3000
	interceptor.classes = []
	internal.leave.group.on.close = true
	internal.throw.on.fetch.stable.offset.unsupported = false
	isolation.level = read_uncommitted
	key.deserializer = class org.apache.kafka.common.serialization.StringDeserializer
	max.partition.fetch.bytes = 1048576
	max.poll.interval.ms = 300000
	max.poll.records = 500
	metadata.max.age.ms = 300000
	metadata.recovery.strategy = none
	metric.reporters = []
	metrics.num.samples = 2
	metrics.recording.level = INFO
	metrics.sample.window.ms = 30000
	partition.assignment.strategy = [class org.apache.kafka.clients.consumer.RangeAssignor, class org.apache.kafka.clients.consumer.CooperativeStickyAssignor]
	receive.buffer.bytes = 65536
	reconnect.backoff.max.ms = 1000
	reconnect.backoff.ms = 50
	request.timeout.ms = 5000
	retry.backoff.max.ms = 1000
	retry.backoff.ms = 100
	sasl.client.callback.handler.class = null
	sasl.jaas.config = null
	sasl.kerberos.kinit.cmd = /usr/bin/kinit
	sasl.kerberos.min.time.before.relogin = 60000
	sasl.kerberos.service.name = null
	sasl.kerberos.ticket.renew.jitter = 0.05
	sasl.kerberos.ticket.renew.window.factor = 0.8
	sasl.login.callback.handler.class = null
	sasl.login.class = null
	sasl.login.connect.timeout.ms = null
	sasl.login.read.timeout.ms = null
	sasl.login.refresh.buffer.seconds = 300
	sasl.login.refresh.min.period.seconds = 60
	sasl.login.refresh.window.factor = 0.8
	sasl.login.refresh.window.jitter = 0.05
	sasl.login.retry.backoff.max.ms = 10000
	sasl.login.retry.backoff.ms = 100
	sasl.mechanism = GSSAPI
	sasl.oauthbearer.clock.skew.seconds = 30
	sasl.oauthbearer.expected.audience = null
	sasl.oauthbearer.expected.issuer = null
	sasl.oauthbearer.header.urlencode = false
	sasl.oauthbearer.jwks.endpoint.refresh.ms = 3600000
	sasl.oauthbearer.jwks.endpoint.retry.backoff.max.ms = 10000
	sasl.oauthbearer.jwks.endpoint.retry.backoff.ms = 100
	sasl.oauthbearer.jwks.endpoint.url = null
	sasl.oauthbearer.scope.claim.name = scope
	sasl.oauthbearer.sub.claim.name = sub
	sasl.oauthbearer.token.endpoint.url = null
	security.protocol = PLAINTEXT
	security.providers = null
	send.buffer.bytes = 131072
	session.timeout.ms = 45000
	socket.connection.setup.timeout.max.ms = 30000
	socket.connection.setup.timeout.ms = 10000
	ssl.cipher.suites = null
	ssl.enabled.protocols = [TLSv1.2, TLSv1.3]
	ssl.endpoint.identification.algorithm = https
	ssl.engine.factory.class = null
	ssl.key.password = null
	ssl.keymanager.algorithm = SunX509
	ssl.keystore.certificate.chain = null
	ssl.keystore.key = null
	ssl.keystore.location = null
	ssl.keystore.password = null
	ssl.keystore.type = JKS
	ssl.protocol = TLSv1.3
	ssl.provider = null
	ssl.secure.random.implementation = null
	ssl.trustmanager.algorithm = PKIX
	ssl.truststore.certificates = null
	ssl.truststore.location = null
	ssl.truststore.password = null
	ssl.truststore.type = JKS
	value.deserializer = class io.confluent.kafka.serializers.KafkaAvroDeserializer

2025-07-31 18:13:52,942 INFO  [org.apa.kaf.com.tel.int.KafkaMetricsCollector] (main) initializing Kafka metrics collector
2025-07-31 18:13:52,942 INFO  [io.con.kaf.ser.KafkaAvroDeserializerConfig] (main) KafkaAvroDeserializerConfig values: 
	auto.register.schemas = true
	avro.reflection.allow.null = false
	avro.use.logical.type.converters = false
	basic.auth.credentials.source = URL
	basic.auth.user.info = [hidden]
	bearer.auth.cache.expiry.buffer.seconds = 300
	bearer.auth.client.id = null
	bearer.auth.client.secret = null
	bearer.auth.credentials.source = STATIC_TOKEN
	bearer.auth.custom.provider.class = null
	bearer.auth.identity.pool.id = null
	bearer.auth.issuer.endpoint.url = null
	bearer.auth.logical.cluster = null
	bearer.auth.scope = null
	bearer.auth.scope.claim.name = scope
	bearer.auth.sub.claim.name = sub
	bearer.auth.token = [hidden]
	context.name.strategy = class io.confluent.kafka.serializers.context.NullContextNameStrategy
	http.connect.timeout.ms = 60000
	http.read.timeout.ms = 60000
	id.compatibility.strict = true
	key.schema.id.deserializer = class io.confluent.kafka.serializers.schema.id.DualSchemaIdDeserializer
	key.schema.id.serializer = class io.confluent.kafka.serializers.schema.id.PrefixSchemaIdSerializer
	key.subject.name.strategy = class io.confluent.kafka.serializers.subject.TopicNameStrategy
	latest.cache.size = 1000
	latest.cache.ttl.sec = -1
	latest.compatibility.strict = true
	max.retries = 3
	max.schemas.per.subject = 1000
	normalize.schemas = false
	propagate.schema.tags = false
	proxy.host = 
	proxy.port = -1
	retries.max.wait.ms = 20000
	retries.wait.ms = 1000
	rule.actions = []
	rule.executors = []
	rule.service.loader.enable = true
	schema.format = null
	schema.reflection = false
	schema.registry.basic.auth.user.info = [hidden]
	schema.registry.ssl.cipher.suites = null
	schema.registry.ssl.enabled.protocols = [TLSv1.2, TLSv1.3]
	schema.registry.ssl.endpoint.identification.algorithm = https
	schema.registry.ssl.engine.factory.class = null
	schema.registry.ssl.key.password = null
	schema.registry.ssl.keymanager.algorithm = SunX509
	schema.registry.ssl.keystore.certificate.chain = null
	schema.registry.ssl.keystore.key = null
	schema.registry.ssl.keystore.location = null
	schema.registry.ssl.keystore.password = null
	schema.registry.ssl.keystore.type = JKS
	schema.registry.ssl.protocol = TLSv1.3
	schema.registry.ssl.provider = null
	schema.registry.ssl.secure.random.implementation = null
	schema.registry.ssl.trustmanager.algorithm = PKIX
	schema.registry.ssl.truststore.certificates = null
	schema.registry.ssl.truststore.location = null
	schema.registry.ssl.truststore.password = null
	schema.registry.ssl.truststore.type = JKS
	schema.registry.url = [http://registry-app-inmemory.apps.ci419.apicurio-testing.org:80/apis/ccompat/v7]
	schema.registry.url.randomize = false
	specific.avro.key.type = null
	specific.avro.reader = false
	specific.avro.value.type = null
	use.latest.version = false
	use.latest.with.metadata = null
	use.schema.id = -1
	value.schema.id.deserializer = class io.confluent.kafka.serializers.schema.id.DualSchemaIdDeserializer
	value.schema.id.serializer = class io.confluent.kafka.serializers.schema.id.PrefixSchemaIdSerializer
	value.subject.name.strategy = class io.confluent.kafka.serializers.subject.TopicNameStrategy

2025-07-31 18:13:52,946 INFO  [org.apa.kaf.cli.con.ConsumerConfig] (main) These configurations '[schema.registry.url]' were supplied but are not used yet.
2025-07-31 18:13:52,946 INFO  [org.apa.kaf.com.uti.AppInfoParser] (main) Kafka version: 3.9.1
2025-07-31 18:13:52,946 INFO  [org.apa.kaf.com.uti.AppInfoParser] (main) Kafka commitId: f745dfdcee2b9851
2025-07-31 18:13:52,946 INFO  [org.apa.kaf.com.uti.AppInfoParser] (main) Kafka startTimeMs: 1753985632946
2025-07-31 18:13:52,947 INFO  [org.apa.kaf.cli.con.int.ClassicKafkaConsumer] (Thread-830) [Consumer clientId=consumer-Consumer-topic-52c48b67_a0ad_426b_921a_65b847b7ab26-29, groupId=Consumer-topic-52c48b67_a0ad_426b_921a_65b847b7ab26] Subscribed to topic(s): topic-52c48b67_a0ad_426b_921a_65b847b7ab26
2025-07-31 18:13:52,950 INFO  [org.apa.kaf.cli.Metadata] (Thread-830) [Consumer clientId=consumer-Consumer-topic-52c48b67_a0ad_426b_921a_65b847b7ab26-29, groupId=Consumer-topic-52c48b67_a0ad_426b_921a_65b847b7ab26] Cluster ID: Pi_RUBSBSj-WuHInrGEQ6g
2025-07-31 18:13:52,950 INFO  [org.apa.kaf.cli.con.int.ConsumerCoordinator] (Thread-830) [Consumer clientId=consumer-Consumer-topic-52c48b67_a0ad_426b_921a_65b847b7ab26-29, groupId=Consumer-topic-52c48b67_a0ad_426b_921a_65b847b7ab26] Discovered group coordinator localhost:32770 (id: 2147483647 rack: null)
2025-07-31 18:13:52,952 INFO  [org.apa.kaf.cli.con.int.ConsumerCoordinator] (Thread-830) [Consumer clientId=consumer-Consumer-topic-52c48b67_a0ad_426b_921a_65b847b7ab26-29, groupId=Consumer-topic-52c48b67_a0ad_426b_921a_65b847b7ab26] (Re-)joining group
2025-07-31 18:13:52,953 INFO  [org.apa.kaf.cli.con.int.ConsumerCoordinator] (Thread-830) [Consumer clientId=consumer-Consumer-topic-52c48b67_a0ad_426b_921a_65b847b7ab26-29, groupId=Consumer-topic-52c48b67_a0ad_426b_921a_65b847b7ab26] Request joining group due to: need to re-join with the given member-id: consumer-Consumer-topic-52c48b67_a0ad_426b_921a_65b847b7ab26-29-fc2346d3-3dbb-4ab9-85d7-242bf7c9724c
2025-07-31 18:13:52,954 INFO  [org.apa.kaf.cli.con.int.ConsumerCoordinator] (Thread-830) [Consumer clientId=consumer-Consumer-topic-52c48b67_a0ad_426b_921a_65b847b7ab26-29, groupId=Consumer-topic-52c48b67_a0ad_426b_921a_65b847b7ab26] (Re-)joining group
2025-07-31 18:13:52,955 INFO  [org.apa.kaf.cli.con.int.ConsumerCoordinator] (Thread-830) [Consumer clientId=consumer-Consumer-topic-52c48b67_a0ad_426b_921a_65b847b7ab26-29, groupId=Consumer-topic-52c48b67_a0ad_426b_921a_65b847b7ab26] Successfully joined group with generation Generation{generationId=5, memberId='consumer-Consumer-topic-52c48b67_a0ad_426b_921a_65b847b7ab26-29-fc2346d3-3dbb-4ab9-85d7-242bf7c9724c', protocol='range'}
2025-07-31 18:13:52,955 INFO  [org.apa.kaf.cli.con.int.ConsumerCoordinator] (Thread-830) [Consumer clientId=consumer-Consumer-topic-52c48b67_a0ad_426b_921a_65b847b7ab26-29, groupId=Consumer-topic-52c48b67_a0ad_426b_921a_65b847b7ab26] Finished assignment for group at generation 5: {consumer-Consumer-topic-52c48b67_a0ad_426b_921a_65b847b7ab26-29-fc2346d3-3dbb-4ab9-85d7-242bf7c9724c=Assignment(partitions=[topic-52c48b67_a0ad_426b_921a_65b847b7ab26-0])}
2025-07-31 18:13:52,957 INFO  [org.apa.kaf.cli.con.int.ConsumerCoordinator] (Thread-830) [Consumer clientId=consumer-Consumer-topic-52c48b67_a0ad_426b_921a_65b847b7ab26-29, groupId=Consumer-topic-52c48b67_a0ad_426b_921a_65b847b7ab26] Successfully synced group in generation Generation{generationId=5, memberId='consumer-Consumer-topic-52c48b67_a0ad_426b_921a_65b847b7ab26-29-fc2346d3-3dbb-4ab9-85d7-242bf7c9724c', protocol='range'}
2025-07-31 18:13:52,957 INFO  [org.apa.kaf.cli.con.int.ConsumerCoordinator] (Thread-830) [Consumer clientId=consumer-Consumer-topic-52c48b67_a0ad_426b_921a_65b847b7ab26-29, groupId=Consumer-topic-52c48b67_a0ad_426b_921a_65b847b7ab26] Notifying assignor about the new Assignment(partitions=[topic-52c48b67_a0ad_426b_921a_65b847b7ab26-0])
2025-07-31 18:13:52,957 INFO  [org.apa.kaf.cli.con.int.ConsumerRebalanceListenerInvoker] (Thread-830) [Consumer clientId=consumer-Consumer-topic-52c48b67_a0ad_426b_921a_65b847b7ab26-29, groupId=Consumer-topic-52c48b67_a0ad_426b_921a_65b847b7ab26] Adding newly assigned partitions: topic-52c48b67_a0ad_426b_921a_65b847b7ab26-0
2025-07-31 18:13:52,958 INFO  [org.apa.kaf.cli.con.int.ConsumerUtils] (Thread-830) Setting offset for partition topic-52c48b67_a0ad_426b_921a_65b847b7ab26-0 to the committed offset FetchPosition{offset=30, offsetEpoch=Optional[0], currentLeader=LeaderAndEpoch{leader=Optional[localhost:32770 (id: 0 rack: null)], epoch=0}}
2025-07-31 18:13:53,016 INFO  [io.api.tes.ser.api.KafkaSerdesTester] (Thread-830) topic-52c48b67_a0ad_426b_921a_65b847b7ab26 0 30 {"key1": "value-0", "key2": "value-0", "key3": "value-0"}
2025-07-31 18:13:53,017 INFO  [io.api.tes.ser.api.KafkaSerdesTester] (Thread-830) topic-52c48b67_a0ad_426b_921a_65b847b7ab26 0 31 {"key1": "value-1", "key2": "value-1", "key3": "value-1"}
2025-07-31 18:13:53,017 INFO  [io.api.tes.ser.api.KafkaSerdesTester] (Thread-830) topic-52c48b67_a0ad_426b_921a_65b847b7ab26 0 32 {"key1": "value-2", "key2": "value-2", "key3": "value-2"}
2025-07-31 18:13:53,017 INFO  [io.api.tes.ser.api.KafkaSerdesTester] (Thread-830) topic-52c48b67_a0ad_426b_921a_65b847b7ab26 0 33 {"key1": "value-3", "key2": "value-3", "key3": "value-3"}
2025-07-31 18:13:53,017 INFO  [io.api.tes.ser.api.KafkaSerdesTester] (Thread-830) topic-52c48b67_a0ad_426b_921a_65b847b7ab26 0 34 {"key1": "value-4", "key2": "value-4", "key3": "value-4"}
2025-07-31 18:13:53,017 INFO  [io.api.tes.ser.api.KafkaSerdesTester] (Thread-830) topic-52c48b67_a0ad_426b_921a_65b847b7ab26 0 35 {"key1": "value-5", "key2": "value-5", "key3": "value-5"}
2025-07-31 18:13:53,017 INFO  [io.api.tes.ser.api.KafkaSerdesTester] (Thread-830) topic-52c48b67_a0ad_426b_921a_65b847b7ab26 0 36 {"key1": "value-6", "key2": "value-6", "key3": "value-6"}
2025-07-31 18:13:53,017 INFO  [io.api.tes.ser.api.KafkaSerdesTester] (Thread-830) topic-52c48b67_a0ad_426b_921a_65b847b7ab26 0 37 {"key1": "value-7", "key2": "value-7", "key3": "value-7"}
2025-07-31 18:13:53,017 INFO  [io.api.tes.ser.api.KafkaSerdesTester] (Thread-830) topic-52c48b67_a0ad_426b_921a_65b847b7ab26 0 38 {"key1": "value-8", "key2": "value-8", "key3": "value-8"}
2025-07-31 18:13:53,017 INFO  [io.api.tes.ser.api.KafkaSerdesTester] (Thread-830) topic-52c48b67_a0ad_426b_921a_65b847b7ab26 0 39 {"key1": "value-9", "key2": "value-9", "key3": "value-9"}
2025-07-31 18:13:53,017 INFO  [io.api.tes.ser.api.KafkaSerdesTester] (Thread-830) topic-52c48b67_a0ad_426b_921a_65b847b7ab26 0 40 {"key1": "value-0", "key2": "value-0"}
2025-07-31 18:13:53,017 INFO  [io.api.tes.ser.api.KafkaSerdesTester] (Thread-830) topic-52c48b67_a0ad_426b_921a_65b847b7ab26 0 41 {"key1": "value-1", "key2": "value-1"}
2025-07-31 18:13:53,017 INFO  [io.api.tes.ser.api.KafkaSerdesTester] (Thread-830) topic-52c48b67_a0ad_426b_921a_65b847b7ab26 0 42 {"key1": "value-2", "key2": "value-2"}
2025-07-31 18:13:53,017 INFO  [io.api.tes.ser.api.KafkaSerdesTester] (Thread-830) topic-52c48b67_a0ad_426b_921a_65b847b7ab26 0 43 {"key1": "value-3", "key2": "value-3"}
2025-07-31 18:13:53,017 INFO  [io.api.tes.ser.api.KafkaSerdesTester] (Thread-830) topic-52c48b67_a0ad_426b_921a_65b847b7ab26 0 44 {"key1": "value-4", "key2": "value-4"}
2025-07-31 18:13:53,018 INFO  [io.api.tes.ser.api.KafkaSerdesTester] (Thread-830) topic-52c48b67_a0ad_426b_921a_65b847b7ab26 0 45 {"key1": "value-5", "key2": "value-5"}
2025-07-31 18:13:53,018 INFO  [io.api.tes.ser.api.KafkaSerdesTester] (Thread-830) topic-52c48b67_a0ad_426b_921a_65b847b7ab26 0 46 {"key1": "value-6", "key2": "value-6"}
2025-07-31 18:13:53,018 INFO  [io.api.tes.ser.api.KafkaSerdesTester] (Thread-830) topic-52c48b67_a0ad_426b_921a_65b847b7ab26 0 47 {"key1": "value-7", "key2": "value-7"}
2025-07-31 18:13:53,018 INFO  [io.api.tes.ser.api.KafkaSerdesTester] (Thread-830) topic-52c48b67_a0ad_426b_921a_65b847b7ab26 0 48 {"key1": "value-8", "key2": "value-8"}
2025-07-31 18:13:53,018 INFO  [io.api.tes.ser.api.KafkaSerdesTester] (Thread-830) topic-52c48b67_a0ad_426b_921a_65b847b7ab26 0 49 {"key1": "value-9", "key2": "value-9"}
2025-07-31 18:13:53,018 INFO  [io.api.tes.ser.api.KafkaSerdesTester] (Thread-830) topic-52c48b67_a0ad_426b_921a_65b847b7ab26 0 50 {"key1": "value-0"}
2025-07-31 18:13:53,018 INFO  [io.api.tes.ser.api.KafkaSerdesTester] (Thread-830) topic-52c48b67_a0ad_426b_921a_65b847b7ab26 0 51 {"key1": "value-1"}
2025-07-31 18:13:53,018 INFO  [io.api.tes.ser.api.KafkaSerdesTester] (Thread-830) topic-52c48b67_a0ad_426b_921a_65b847b7ab26 0 52 {"key1": "value-2"}
2025-07-31 18:13:53,018 INFO  [io.api.tes.ser.api.KafkaSerdesTester] (Thread-830) topic-52c48b67_a0ad_426b_921a_65b847b7ab26 0 53 {"key1": "value-3"}
2025-07-31 18:13:53,018 INFO  [io.api.tes.ser.api.KafkaSerdesTester] (Thread-830) topic-52c48b67_a0ad_426b_921a_65b847b7ab26 0 54 {"key1": "value-4"}
2025-07-31 18:13:53,018 INFO  [io.api.tes.ser.api.KafkaSerdesTester] (Thread-830) topic-52c48b67_a0ad_426b_921a_65b847b7ab26 0 55 {"key1": "value-5"}
2025-07-31 18:13:53,018 INFO  [io.api.tes.ser.api.KafkaSerdesTester] (Thread-830) topic-52c48b67_a0ad_426b_921a_65b847b7ab26 0 56 {"key1": "value-6"}
2025-07-31 18:13:53,018 INFO  [io.api.tes.ser.api.KafkaSerdesTester] (Thread-830) topic-52c48b67_a0ad_426b_921a_65b847b7ab26 0 57 {"key1": "value-7"}
2025-07-31 18:13:53,018 INFO  [io.api.tes.ser.api.KafkaSerdesTester] (Thread-830) topic-52c48b67_a0ad_426b_921a_65b847b7ab26 0 58 {"key1": "value-8"}
2025-07-31 18:13:53,018 INFO  [io.api.tes.ser.api.KafkaSerdesTester] (Thread-830) topic-52c48b67_a0ad_426b_921a_65b847b7ab26 0 59 {"key1": "value-9"}
2025-07-31 18:13:53,018 INFO  [io.api.tes.ser.api.KafkaSerdesTester] (Thread-830) Consumed 30 messages
2025-07-31 18:13:53,023 INFO  [org.apa.kaf.cli.con.int.ConsumerRebalanceListenerInvoker] (Thread-830) [Consumer clientId=consumer-Consumer-topic-52c48b67_a0ad_426b_921a_65b847b7ab26-29, groupId=Consumer-topic-52c48b67_a0ad_426b_921a_65b847b7ab26] Revoke previously assigned partitions topic-52c48b67_a0ad_426b_921a_65b847b7ab26-0
2025-07-31 18:13:53,023 INFO  [org.apa.kaf.cli.con.int.ConsumerCoordinator] (Thread-830) [Consumer clientId=consumer-Consumer-topic-52c48b67_a0ad_426b_921a_65b847b7ab26-29, groupId=Consumer-topic-52c48b67_a0ad_426b_921a_65b847b7ab26] Member consumer-Consumer-topic-52c48b67_a0ad_426b_921a_65b847b7ab26-29-fc2346d3-3dbb-4ab9-85d7-242bf7c9724c sending LeaveGroup request to coordinator localhost:32770 (id: 2147483647 rack: null) due to the consumer is being closed
2025-07-31 18:13:53,024 INFO  [org.apa.kaf.cli.con.int.ConsumerCoordinator] (Thread-830) [Consumer clientId=consumer-Consumer-topic-52c48b67_a0ad_426b_921a_65b847b7ab26-29, groupId=Consumer-topic-52c48b67_a0ad_426b_921a_65b847b7ab26] Resetting generation and member id due to: consumer pro-actively leaving the group
2025-07-31 18:13:53,025 INFO  [org.apa.kaf.cli.con.int.ConsumerCoordinator] (Thread-830) [Consumer clientId=consumer-Consumer-topic-52c48b67_a0ad_426b_921a_65b847b7ab26-29, groupId=Consumer-topic-52c48b67_a0ad_426b_921a_65b847b7ab26] Request joining group due to: consumer pro-actively leaving the group
2025-07-31 18:13:53,519 INFO  [org.apa.kaf.com.met.Metrics] (Thread-830) Metrics scheduler closed
2025-07-31 18:13:53,519 INFO  [org.apa.kaf.com.met.Metrics] (Thread-830) Closing reporter org.apache.kafka.common.metrics.JmxReporter
2025-07-31 18:13:53,519 INFO  [org.apa.kaf.com.met.Metrics] (Thread-830) Closing reporter org.apache.kafka.common.telemetry.internals.ClientTelemetryReporter
2025-07-31 18:13:53,519 INFO  [org.apa.kaf.com.met.Metrics] (Thread-830) Metrics reporters closed
2025-07-31 18:13:53,521 INFO  [org.apa.kaf.com.uti.AppInfoParser] (Thread-830) App info kafka.consumer for consumer-Consumer-topic-52c48b67_a0ad_426b_921a_65b847b7ab26-29 unregistered
2025-07-31 18:13:53,521 INFO  [org.apa.kaf.cli.pro.KafkaProducer] (main) [Producer clientId=Producer-topic-52c48b67_a0ad_426b_921a_65b847b7ab26] Closing the Kafka producer with timeoutMillis = 9223372036854775807 ms.
2025-07-31 18:13:53,522 INFO  [org.apa.kaf.com.met.Metrics] (main) Metrics scheduler closed
2025-07-31 18:13:53,522 INFO  [org.apa.kaf.com.met.Metrics] (main) Closing reporter org.apache.kafka.common.metrics.JmxReporter
2025-07-31 18:13:53,522 INFO  [org.apa.kaf.com.met.Metrics] (main) Closing reporter org.apache.kafka.common.telemetry.internals.ClientTelemetryReporter
2025-07-31 18:13:53,522 INFO  [org.apa.kaf.com.met.Metrics] (main) Metrics reporters closed
2025-07-31 18:13:53,522 INFO  [org.apa.kaf.com.uti.AppInfoParser] (main) App info kafka.producer for Producer-topic-52c48b67_a0ad_426b_921a_65b847b7ab26 unregistered
2025-07-31 18:13:53,543 INFO  [io.api.tes.ser.con.BasicConfluentSerDesIT] (main) Deleting confluent schema topic-52c48b67_a0ad_426b_921a_65b847b7ab26-se6099b60xef08x45fbxa5fexbe22f5c48622
2025-07-31 18:13:53,555 INFO  [io.api.tes.uti.TestSeparator] (main) io.apicurio.tests.serdes.confluent.BasicConfluentSerDesIT.testEvolveAvroConfluent-FINISHED
2025-07-31 18:13:53,555 INFO  [io.api.tes.uti.TestSeparator] (main) ############################################################################
Test passed: testEvolveAvroConfluent
]]></system-out>
  </testcase>
  <testcase name="testAvroConfluentSerDes" classname="io.apicurio.tests.serdes.confluent.BasicConfluentSerDesIT" time="0.678">
    <system-out><![CDATA[2025-07-31 18:13:53,557 INFO  [io.api.tes.uti.TestSeparator] (main) ############################################################################
2025-07-31 18:13:53,557 INFO  [io.api.tes.uti.TestSeparator] (main) io.apicurio.tests.serdes.confluent.BasicConfluentSerDesIT.testAvroConfluentSerDes-STARTED
2025-07-31 18:13:53,588 INFO  [io.api.tes.ser.con.BasicConfluentSerDesIT] (main) Checking that created schema is equal to the get schema
2025-07-31 18:13:53,602 INFO  [io.api.tes.ser.con.BasicConfluentSerDesIT] (main) Created schema with id:98 and name:myrecordconfluent1
**** Registry Base URL: http://registry-app-inmemory.apps.ci419.apicurio-testing.org:80
2025-07-31 18:13:53,603 INFO  [org.apa.kaf.cli.pro.ProducerConfig] (main) ProducerConfig values: 
	acks = -1
	auto.include.jmx.reporter = true
	batch.size = 16384
	bootstrap.servers = [PLAINTEXT://localhost:32770]
	buffer.memory = 33554432
	client.dns.lookup = use_all_dns_ips
	client.id = Producer-topic-2f3f7ee8_9b85_4d6a_9707_3ab758b3c74e
	compression.gzip.level = -1
	compression.lz4.level = 9
	compression.type = none
	compression.zstd.level = 3
	connections.max.idle.ms = 10000
	delivery.timeout.ms = 120000
	enable.idempotence = true
	enable.metrics.push = true
	interceptor.classes = []
	key.serializer = class org.apache.kafka.common.serialization.StringSerializer
	linger.ms = 0
	max.block.ms = 60000
	max.in.flight.requests.per.connection = 5
	max.request.size = 1048576
	metadata.max.age.ms = 300000
	metadata.max.idle.ms = 300000
	metadata.recovery.strategy = none
	metric.reporters = []
	metrics.num.samples = 2
	metrics.recording.level = INFO
	metrics.sample.window.ms = 30000
	partitioner.adaptive.partitioning.enable = true
	partitioner.availability.timeout.ms = 0
	partitioner.class = null
	partitioner.ignore.keys = false
	receive.buffer.bytes = 32768
	reconnect.backoff.max.ms = 1000
	reconnect.backoff.ms = 50
	request.timeout.ms = 5000
	retries = 2147483647
	retry.backoff.max.ms = 1000
	retry.backoff.ms = 100
	sasl.client.callback.handler.class = null
	sasl.jaas.config = null
	sasl.kerberos.kinit.cmd = /usr/bin/kinit
	sasl.kerberos.min.time.before.relogin = 60000
	sasl.kerberos.service.name = null
	sasl.kerberos.ticket.renew.jitter = 0.05
	sasl.kerberos.ticket.renew.window.factor = 0.8
	sasl.login.callback.handler.class = null
	sasl.login.class = null
	sasl.login.connect.timeout.ms = null
	sasl.login.read.timeout.ms = null
	sasl.login.refresh.buffer.seconds = 300
	sasl.login.refresh.min.period.seconds = 60
	sasl.login.refresh.window.factor = 0.8
	sasl.login.refresh.window.jitter = 0.05
	sasl.login.retry.backoff.max.ms = 10000
	sasl.login.retry.backoff.ms = 100
	sasl.mechanism = GSSAPI
	sasl.oauthbearer.clock.skew.seconds = 30
	sasl.oauthbearer.expected.audience = null
	sasl.oauthbearer.expected.issuer = null
	sasl.oauthbearer.header.urlencode = false
	sasl.oauthbearer.jwks.endpoint.refresh.ms = 3600000
	sasl.oauthbearer.jwks.endpoint.retry.backoff.max.ms = 10000
	sasl.oauthbearer.jwks.endpoint.retry.backoff.ms = 100
	sasl.oauthbearer.jwks.endpoint.url = null
	sasl.oauthbearer.scope.claim.name = scope
	sasl.oauthbearer.sub.claim.name = sub
	sasl.oauthbearer.token.endpoint.url = null
	security.protocol = PLAINTEXT
	security.providers = null
	send.buffer.bytes = 131072
	socket.connection.setup.timeout.max.ms = 30000
	socket.connection.setup.timeout.ms = 10000
	ssl.cipher.suites = null
	ssl.enabled.protocols = [TLSv1.2, TLSv1.3]
	ssl.endpoint.identification.algorithm = https
	ssl.engine.factory.class = null
	ssl.key.password = null
	ssl.keymanager.algorithm = SunX509
	ssl.keystore.certificate.chain = null
	ssl.keystore.key = null
	ssl.keystore.location = null
	ssl.keystore.password = null
	ssl.keystore.type = JKS
	ssl.protocol = TLSv1.3
	ssl.provider = null
	ssl.secure.random.implementation = null
	ssl.trustmanager.algorithm = PKIX
	ssl.truststore.certificates = null
	ssl.truststore.location = null
	ssl.truststore.password = null
	ssl.truststore.type = JKS
	transaction.timeout.ms = 60000
	transactional.id = null
	value.serializer = class io.confluent.kafka.serializers.KafkaAvroSerializer

2025-07-31 18:13:53,603 INFO  [org.apa.kaf.com.tel.int.KafkaMetricsCollector] (main) initializing Kafka metrics collector
2025-07-31 18:13:53,603 INFO  [io.con.kaf.ser.KafkaAvroSerializerConfig] (main) KafkaAvroSerializerConfig values: 
	auto.register.schemas = false
	avro.reflection.allow.null = false
	avro.remove.java.properties = false
	avro.use.logical.type.converters = false
	basic.auth.credentials.source = URL
	basic.auth.user.info = [hidden]
	bearer.auth.cache.expiry.buffer.seconds = 300
	bearer.auth.client.id = null
	bearer.auth.client.secret = null
	bearer.auth.credentials.source = STATIC_TOKEN
	bearer.auth.custom.provider.class = null
	bearer.auth.identity.pool.id = null
	bearer.auth.issuer.endpoint.url = null
	bearer.auth.logical.cluster = null
	bearer.auth.scope = null
	bearer.auth.scope.claim.name = scope
	bearer.auth.sub.claim.name = sub
	bearer.auth.token = [hidden]
	context.name.strategy = class io.confluent.kafka.serializers.context.NullContextNameStrategy
	http.connect.timeout.ms = 60000
	http.read.timeout.ms = 60000
	id.compatibility.strict = true
	key.schema.id.deserializer = class io.confluent.kafka.serializers.schema.id.DualSchemaIdDeserializer
	key.schema.id.serializer = class io.confluent.kafka.serializers.schema.id.PrefixSchemaIdSerializer
	key.subject.name.strategy = class io.confluent.kafka.serializers.subject.TopicNameStrategy
	latest.cache.size = 1000
	latest.cache.ttl.sec = -1
	latest.compatibility.strict = true
	max.retries = 3
	max.schemas.per.subject = 1000
	normalize.schemas = false
	propagate.schema.tags = false
	proxy.host = 
	proxy.port = -1
	retries.max.wait.ms = 20000
	retries.wait.ms = 1000
	rule.actions = []
	rule.executors = []
	rule.service.loader.enable = true
	schema.format = null
	schema.reflection = false
	schema.registry.basic.auth.user.info = [hidden]
	schema.registry.ssl.cipher.suites = null
	schema.registry.ssl.enabled.protocols = [TLSv1.2, TLSv1.3]
	schema.registry.ssl.endpoint.identification.algorithm = https
	schema.registry.ssl.engine.factory.class = null
	schema.registry.ssl.key.password = null
	schema.registry.ssl.keymanager.algorithm = SunX509
	schema.registry.ssl.keystore.certificate.chain = null
	schema.registry.ssl.keystore.key = null
	schema.registry.ssl.keystore.location = null
	schema.registry.ssl.keystore.password = null
	schema.registry.ssl.keystore.type = JKS
	schema.registry.ssl.protocol = TLSv1.3
	schema.registry.ssl.provider = null
	schema.registry.ssl.secure.random.implementation = null
	schema.registry.ssl.trustmanager.algorithm = PKIX
	schema.registry.ssl.truststore.certificates = null
	schema.registry.ssl.truststore.location = null
	schema.registry.ssl.truststore.password = null
	schema.registry.ssl.truststore.type = JKS
	schema.registry.url = [http://registry-app-inmemory.apps.ci419.apicurio-testing.org:80/apis/ccompat/v7]
	schema.registry.url.randomize = false
	use.latest.version = false
	use.latest.with.metadata = null
	use.schema.id = -1
	value.schema.id.deserializer = class io.confluent.kafka.serializers.schema.id.DualSchemaIdDeserializer
	value.schema.id.serializer = class io.confluent.kafka.serializers.schema.id.PrefixSchemaIdSerializer
	value.subject.name.strategy = class io.confluent.kafka.serializers.subject.TopicNameStrategy

2025-07-31 18:13:53,606 INFO  [org.apa.kaf.cli.pro.KafkaProducer] (main) [Producer clientId=Producer-topic-2f3f7ee8_9b85_4d6a_9707_3ab758b3c74e] Instantiated an idempotent producer.
2025-07-31 18:13:53,608 INFO  [org.apa.kaf.cli.pro.ProducerConfig] (main) These configurations '[schema.registry.url, auto.register.schemas, value.subject.name.strategy]' were supplied but are not used yet.
2025-07-31 18:13:53,608 INFO  [org.apa.kaf.com.uti.AppInfoParser] (main) Kafka version: 3.9.1
2025-07-31 18:13:53,608 INFO  [org.apa.kaf.com.uti.AppInfoParser] (main) Kafka commitId: f745dfdcee2b9851
2025-07-31 18:13:53,608 INFO  [org.apa.kaf.com.uti.AppInfoParser] (main) Kafka startTimeMs: 1753985633608
2025-07-31 18:13:53,608 INFO  [io.api.tes.ser.api.SimpleSerdesTesterBuilder$SimpleSerdesTester] (main) Using producer configuration: {schema.registry.url=http://registry-app-inmemory.apps.ci419.apicurio-testing.org:80/apis/ccompat/v7, value.serializer=io.confluent.kafka.serializers.KafkaAvroSerializer, request.timeout.ms=5000, auto.register.schemas=false, acks=all, bootstrap.servers=PLAINTEXT://localhost:32770, connections.max.idle.ms=10000, key.serializer=org.apache.kafka.common.serialization.StringSerializer, value.subject.name.strategy=io.confluent.kafka.serializers.subject.TopicNameStrategy, client.id=Producer-topic-2f3f7ee8_9b85_4d6a_9707_3ab758b3c74e}
2025-07-31 18:13:53,608 INFO  [io.api.tes.ser.api.SimpleSerdesTesterBuilder$SimpleSerdesTester] (main) Using consumer configuration: {}
2025-07-31 18:13:53,609 INFO  [io.api.tes.ser.api.KafkaSerdesTester] (Thread-831) Sending message {"key1": "value-0"} to topic topic-2f3f7ee8_9b85_4d6a_9707_3ab758b3c74e
2025-07-31 18:13:53,611 INFO  [org.apa.kaf.cli.Metadata] (kafka-producer-network-thread | Producer-topic-2f3f7ee8_9b85_4d6a_9707_3ab758b3c74e) [Producer clientId=Producer-topic-2f3f7ee8_9b85_4d6a_9707_3ab758b3c74e] Cluster ID: Pi_RUBSBSj-WuHInrGEQ6g
2025-07-31 18:13:53,613 INFO  [org.apa.kaf.cli.pro.int.TransactionManager] (kafka-producer-network-thread | Producer-topic-2f3f7ee8_9b85_4d6a_9707_3ab758b3c74e) [Producer clientId=Producer-topic-2f3f7ee8_9b85_4d6a_9707_3ab758b3c74e] ProducerId set to 42 with epoch 0
2025-07-31 18:13:53,627 INFO  [io.api.tes.ser.api.KafkaSerdesTester] (Thread-831) Sending message {"key1": "value-1"} to topic topic-2f3f7ee8_9b85_4d6a_9707_3ab758b3c74e
2025-07-31 18:13:53,628 INFO  [io.api.tes.ser.api.KafkaSerdesTester] (Thread-831) Sending message {"key1": "value-2"} to topic topic-2f3f7ee8_9b85_4d6a_9707_3ab758b3c74e
2025-07-31 18:13:53,629 INFO  [io.api.tes.ser.api.KafkaSerdesTester] (Thread-831) Sending message {"key1": "value-3"} to topic topic-2f3f7ee8_9b85_4d6a_9707_3ab758b3c74e
2025-07-31 18:13:53,630 INFO  [io.api.tes.ser.api.KafkaSerdesTester] (Thread-831) Sending message {"key1": "value-4"} to topic topic-2f3f7ee8_9b85_4d6a_9707_3ab758b3c74e
2025-07-31 18:13:53,632 INFO  [io.api.tes.ser.api.KafkaSerdesTester] (Thread-831) Sending message {"key1": "value-5"} to topic topic-2f3f7ee8_9b85_4d6a_9707_3ab758b3c74e
2025-07-31 18:13:53,635 INFO  [io.api.tes.ser.api.KafkaSerdesTester] (Thread-831) Sending message {"key1": "value-6"} to topic topic-2f3f7ee8_9b85_4d6a_9707_3ab758b3c74e
2025-07-31 18:13:53,636 INFO  [io.api.tes.ser.api.KafkaSerdesTester] (Thread-831) Sending message {"key1": "value-7"} to topic topic-2f3f7ee8_9b85_4d6a_9707_3ab758b3c74e
2025-07-31 18:13:53,638 INFO  [io.api.tes.ser.api.KafkaSerdesTester] (Thread-831) Sending message {"key1": "value-8"} to topic topic-2f3f7ee8_9b85_4d6a_9707_3ab758b3c74e
2025-07-31 18:13:53,639 INFO  [io.api.tes.ser.api.KafkaSerdesTester] (Thread-831) Sending message {"key1": "value-9"} to topic topic-2f3f7ee8_9b85_4d6a_9707_3ab758b3c74e
2025-07-31 18:13:53,640 INFO  [io.api.tes.ser.api.KafkaSerdesTester] (Thread-831) Produced 10 messages
2025-07-31 18:13:53,640 INFO  [org.apa.kaf.cli.pro.KafkaProducer] (Thread-831) [Producer clientId=Producer-topic-2f3f7ee8_9b85_4d6a_9707_3ab758b3c74e] Closing the Kafka producer with timeoutMillis = 9223372036854775807 ms.
2025-07-31 18:13:53,643 INFO  [org.apa.kaf.com.met.Metrics] (Thread-831) Metrics scheduler closed
2025-07-31 18:13:53,643 INFO  [org.apa.kaf.com.met.Metrics] (Thread-831) Closing reporter org.apache.kafka.common.metrics.JmxReporter
2025-07-31 18:13:53,643 INFO  [org.apa.kaf.com.met.Metrics] (Thread-831) Closing reporter org.apache.kafka.common.telemetry.internals.ClientTelemetryReporter
2025-07-31 18:13:53,643 INFO  [org.apa.kaf.com.met.Metrics] (Thread-831) Metrics reporters closed
2025-07-31 18:13:53,643 INFO  [org.apa.kaf.com.uti.AppInfoParser] (Thread-831) App info kafka.producer for Producer-topic-2f3f7ee8_9b85_4d6a_9707_3ab758b3c74e unregistered
**** Registry Base URL: http://registry-app-inmemory.apps.ci419.apicurio-testing.org:80
2025-07-31 18:13:53,643 INFO  [org.apa.kaf.cli.con.ConsumerConfig] (main) ConsumerConfig values: 
	allow.auto.create.topics = true
	auto.commit.interval.ms = 500
	auto.include.jmx.reporter = true
	auto.offset.reset = earliest
	bootstrap.servers = [PLAINTEXT://localhost:32770]
	check.crcs = true
	client.dns.lookup = use_all_dns_ips
	client.id = consumer-Consumer-topic-2f3f7ee8_9b85_4d6a_9707_3ab758b3c74e-30
	client.rack = 
	connections.max.idle.ms = 10000
	default.api.timeout.ms = 60000
	enable.auto.commit = true
	enable.metrics.push = true
	exclude.internal.topics = true
	fetch.max.bytes = 52428800
	fetch.max.wait.ms = 500
	fetch.min.bytes = 1
	group.id = Consumer-topic-2f3f7ee8_9b85_4d6a_9707_3ab758b3c74e
	group.instance.id = null
	group.protocol = classic
	group.remote.assignor = null
	heartbeat.interval.ms = 3000
	interceptor.classes = []
	internal.leave.group.on.close = true
	internal.throw.on.fetch.stable.offset.unsupported = false
	isolation.level = read_uncommitted
	key.deserializer = class org.apache.kafka.common.serialization.StringDeserializer
	max.partition.fetch.bytes = 1048576
	max.poll.interval.ms = 300000
	max.poll.records = 500
	metadata.max.age.ms = 300000
	metadata.recovery.strategy = none
	metric.reporters = []
	metrics.num.samples = 2
	metrics.recording.level = INFO
	metrics.sample.window.ms = 30000
	partition.assignment.strategy = [class org.apache.kafka.clients.consumer.RangeAssignor, class org.apache.kafka.clients.consumer.CooperativeStickyAssignor]
	receive.buffer.bytes = 65536
	reconnect.backoff.max.ms = 1000
	reconnect.backoff.ms = 50
	request.timeout.ms = 5000
	retry.backoff.max.ms = 1000
	retry.backoff.ms = 100
	sasl.client.callback.handler.class = null
	sasl.jaas.config = null
	sasl.kerberos.kinit.cmd = /usr/bin/kinit
	sasl.kerberos.min.time.before.relogin = 60000
	sasl.kerberos.service.name = null
	sasl.kerberos.ticket.renew.jitter = 0.05
	sasl.kerberos.ticket.renew.window.factor = 0.8
	sasl.login.callback.handler.class = null
	sasl.login.class = null
	sasl.login.connect.timeout.ms = null
	sasl.login.read.timeout.ms = null
	sasl.login.refresh.buffer.seconds = 300
	sasl.login.refresh.min.period.seconds = 60
	sasl.login.refresh.window.factor = 0.8
	sasl.login.refresh.window.jitter = 0.05
	sasl.login.retry.backoff.max.ms = 10000
	sasl.login.retry.backoff.ms = 100
	sasl.mechanism = GSSAPI
	sasl.oauthbearer.clock.skew.seconds = 30
	sasl.oauthbearer.expected.audience = null
	sasl.oauthbearer.expected.issuer = null
	sasl.oauthbearer.header.urlencode = false
	sasl.oauthbearer.jwks.endpoint.refresh.ms = 3600000
	sasl.oauthbearer.jwks.endpoint.retry.backoff.max.ms = 10000
	sasl.oauthbearer.jwks.endpoint.retry.backoff.ms = 100
	sasl.oauthbearer.jwks.endpoint.url = null
	sasl.oauthbearer.scope.claim.name = scope
	sasl.oauthbearer.sub.claim.name = sub
	sasl.oauthbearer.token.endpoint.url = null
	security.protocol = PLAINTEXT
	security.providers = null
	send.buffer.bytes = 131072
	session.timeout.ms = 45000
	socket.connection.setup.timeout.max.ms = 30000
	socket.connection.setup.timeout.ms = 10000
	ssl.cipher.suites = null
	ssl.enabled.protocols = [TLSv1.2, TLSv1.3]
	ssl.endpoint.identification.algorithm = https
	ssl.engine.factory.class = null
	ssl.key.password = null
	ssl.keymanager.algorithm = SunX509
	ssl.keystore.certificate.chain = null
	ssl.keystore.key = null
	ssl.keystore.location = null
	ssl.keystore.password = null
	ssl.keystore.type = JKS
	ssl.protocol = TLSv1.3
	ssl.provider = null
	ssl.secure.random.implementation = null
	ssl.trustmanager.algorithm = PKIX
	ssl.truststore.certificates = null
	ssl.truststore.location = null
	ssl.truststore.password = null
	ssl.truststore.type = JKS
	value.deserializer = class io.confluent.kafka.serializers.KafkaAvroDeserializer

2025-07-31 18:13:53,644 INFO  [org.apa.kaf.com.tel.int.KafkaMetricsCollector] (main) initializing Kafka metrics collector
2025-07-31 18:13:53,644 INFO  [io.con.kaf.ser.KafkaAvroDeserializerConfig] (main) KafkaAvroDeserializerConfig values: 
	auto.register.schemas = true
	avro.reflection.allow.null = false
	avro.use.logical.type.converters = false
	basic.auth.credentials.source = URL
	basic.auth.user.info = [hidden]
	bearer.auth.cache.expiry.buffer.seconds = 300
	bearer.auth.client.id = null
	bearer.auth.client.secret = null
	bearer.auth.credentials.source = STATIC_TOKEN
	bearer.auth.custom.provider.class = null
	bearer.auth.identity.pool.id = null
	bearer.auth.issuer.endpoint.url = null
	bearer.auth.logical.cluster = null
	bearer.auth.scope = null
	bearer.auth.scope.claim.name = scope
	bearer.auth.sub.claim.name = sub
	bearer.auth.token = [hidden]
	context.name.strategy = class io.confluent.kafka.serializers.context.NullContextNameStrategy
	http.connect.timeout.ms = 60000
	http.read.timeout.ms = 60000
	id.compatibility.strict = true
	key.schema.id.deserializer = class io.confluent.kafka.serializers.schema.id.DualSchemaIdDeserializer
	key.schema.id.serializer = class io.confluent.kafka.serializers.schema.id.PrefixSchemaIdSerializer
	key.subject.name.strategy = class io.confluent.kafka.serializers.subject.TopicNameStrategy
	latest.cache.size = 1000
	latest.cache.ttl.sec = -1
	latest.compatibility.strict = true
	max.retries = 3
	max.schemas.per.subject = 1000
	normalize.schemas = false
	propagate.schema.tags = false
	proxy.host = 
	proxy.port = -1
	retries.max.wait.ms = 20000
	retries.wait.ms = 1000
	rule.actions = []
	rule.executors = []
	rule.service.loader.enable = true
	schema.format = null
	schema.reflection = false
	schema.registry.basic.auth.user.info = [hidden]
	schema.registry.ssl.cipher.suites = null
	schema.registry.ssl.enabled.protocols = [TLSv1.2, TLSv1.3]
	schema.registry.ssl.endpoint.identification.algorithm = https
	schema.registry.ssl.engine.factory.class = null
	schema.registry.ssl.key.password = null
	schema.registry.ssl.keymanager.algorithm = SunX509
	schema.registry.ssl.keystore.certificate.chain = null
	schema.registry.ssl.keystore.key = null
	schema.registry.ssl.keystore.location = null
	schema.registry.ssl.keystore.password = null
	schema.registry.ssl.keystore.type = JKS
	schema.registry.ssl.protocol = TLSv1.3
	schema.registry.ssl.provider = null
	schema.registry.ssl.secure.random.implementation = null
	schema.registry.ssl.trustmanager.algorithm = PKIX
	schema.registry.ssl.truststore.certificates = null
	schema.registry.ssl.truststore.location = null
	schema.registry.ssl.truststore.password = null
	schema.registry.ssl.truststore.type = JKS
	schema.registry.url = [http://registry-app-inmemory.apps.ci419.apicurio-testing.org:80/apis/ccompat/v7]
	schema.registry.url.randomize = false
	specific.avro.key.type = null
	specific.avro.reader = false
	specific.avro.value.type = null
	use.latest.version = false
	use.latest.with.metadata = null
	use.schema.id = -1
	value.schema.id.deserializer = class io.confluent.kafka.serializers.schema.id.DualSchemaIdDeserializer
	value.schema.id.serializer = class io.confluent.kafka.serializers.schema.id.PrefixSchemaIdSerializer
	value.subject.name.strategy = class io.confluent.kafka.serializers.subject.TopicNameStrategy

2025-07-31 18:13:53,650 INFO  [org.apa.kaf.cli.con.ConsumerConfig] (main) These configurations '[schema.registry.url]' were supplied but are not used yet.
2025-07-31 18:13:53,650 INFO  [org.apa.kaf.com.uti.AppInfoParser] (main) Kafka version: 3.9.1
2025-07-31 18:13:53,650 INFO  [org.apa.kaf.com.uti.AppInfoParser] (main) Kafka commitId: f745dfdcee2b9851
2025-07-31 18:13:53,650 INFO  [org.apa.kaf.com.uti.AppInfoParser] (main) Kafka startTimeMs: 1753985633650
2025-07-31 18:13:53,653 INFO  [org.apa.kaf.cli.con.int.ClassicKafkaConsumer] (Thread-832) [Consumer clientId=consumer-Consumer-topic-2f3f7ee8_9b85_4d6a_9707_3ab758b3c74e-30, groupId=Consumer-topic-2f3f7ee8_9b85_4d6a_9707_3ab758b3c74e] Subscribed to topic(s): topic-2f3f7ee8_9b85_4d6a_9707_3ab758b3c74e
2025-07-31 18:13:53,656 INFO  [org.apa.kaf.cli.Metadata] (Thread-832) [Consumer clientId=consumer-Consumer-topic-2f3f7ee8_9b85_4d6a_9707_3ab758b3c74e-30, groupId=Consumer-topic-2f3f7ee8_9b85_4d6a_9707_3ab758b3c74e] Cluster ID: Pi_RUBSBSj-WuHInrGEQ6g
2025-07-31 18:13:53,658 INFO  [org.apa.kaf.cli.con.int.ConsumerCoordinator] (Thread-832) [Consumer clientId=consumer-Consumer-topic-2f3f7ee8_9b85_4d6a_9707_3ab758b3c74e-30, groupId=Consumer-topic-2f3f7ee8_9b85_4d6a_9707_3ab758b3c74e] Discovered group coordinator localhost:32770 (id: 2147483647 rack: null)
2025-07-31 18:13:53,660 INFO  [org.apa.kaf.cli.con.int.ConsumerCoordinator] (Thread-832) [Consumer clientId=consumer-Consumer-topic-2f3f7ee8_9b85_4d6a_9707_3ab758b3c74e-30, groupId=Consumer-topic-2f3f7ee8_9b85_4d6a_9707_3ab758b3c74e] (Re-)joining group
2025-07-31 18:13:53,664 INFO  [org.apa.kaf.cli.con.int.ConsumerCoordinator] (Thread-832) [Consumer clientId=consumer-Consumer-topic-2f3f7ee8_9b85_4d6a_9707_3ab758b3c74e-30, groupId=Consumer-topic-2f3f7ee8_9b85_4d6a_9707_3ab758b3c74e] Request joining group due to: need to re-join with the given member-id: consumer-Consumer-topic-2f3f7ee8_9b85_4d6a_9707_3ab758b3c74e-30-ddeaa131-178f-43db-957c-e3f90f5b2640
2025-07-31 18:13:53,664 INFO  [org.apa.kaf.cli.con.int.ConsumerCoordinator] (Thread-832) [Consumer clientId=consumer-Consumer-topic-2f3f7ee8_9b85_4d6a_9707_3ab758b3c74e-30, groupId=Consumer-topic-2f3f7ee8_9b85_4d6a_9707_3ab758b3c74e] (Re-)joining group
2025-07-31 18:13:53,667 INFO  [org.apa.kaf.cli.con.int.ConsumerCoordinator] (Thread-832) [Consumer clientId=consumer-Consumer-topic-2f3f7ee8_9b85_4d6a_9707_3ab758b3c74e-30, groupId=Consumer-topic-2f3f7ee8_9b85_4d6a_9707_3ab758b3c74e] Successfully joined group with generation Generation{generationId=1, memberId='consumer-Consumer-topic-2f3f7ee8_9b85_4d6a_9707_3ab758b3c74e-30-ddeaa131-178f-43db-957c-e3f90f5b2640', protocol='range'}
2025-07-31 18:13:53,668 INFO  [org.apa.kaf.cli.con.int.ConsumerCoordinator] (Thread-832) [Consumer clientId=consumer-Consumer-topic-2f3f7ee8_9b85_4d6a_9707_3ab758b3c74e-30, groupId=Consumer-topic-2f3f7ee8_9b85_4d6a_9707_3ab758b3c74e] Finished assignment for group at generation 1: {consumer-Consumer-topic-2f3f7ee8_9b85_4d6a_9707_3ab758b3c74e-30-ddeaa131-178f-43db-957c-e3f90f5b2640=Assignment(partitions=[topic-2f3f7ee8_9b85_4d6a_9707_3ab758b3c74e-0])}
2025-07-31 18:13:53,673 INFO  [org.apa.kaf.cli.con.int.ConsumerCoordinator] (Thread-832) [Consumer clientId=consumer-Consumer-topic-2f3f7ee8_9b85_4d6a_9707_3ab758b3c74e-30, groupId=Consumer-topic-2f3f7ee8_9b85_4d6a_9707_3ab758b3c74e] Successfully synced group in generation Generation{generationId=1, memberId='consumer-Consumer-topic-2f3f7ee8_9b85_4d6a_9707_3ab758b3c74e-30-ddeaa131-178f-43db-957c-e3f90f5b2640', protocol='range'}
2025-07-31 18:13:53,673 INFO  [org.apa.kaf.cli.con.int.ConsumerCoordinator] (Thread-832) [Consumer clientId=consumer-Consumer-topic-2f3f7ee8_9b85_4d6a_9707_3ab758b3c74e-30, groupId=Consumer-topic-2f3f7ee8_9b85_4d6a_9707_3ab758b3c74e] Notifying assignor about the new Assignment(partitions=[topic-2f3f7ee8_9b85_4d6a_9707_3ab758b3c74e-0])
2025-07-31 18:13:53,673 INFO  [org.apa.kaf.cli.con.int.ConsumerRebalanceListenerInvoker] (Thread-832) [Consumer clientId=consumer-Consumer-topic-2f3f7ee8_9b85_4d6a_9707_3ab758b3c74e-30, groupId=Consumer-topic-2f3f7ee8_9b85_4d6a_9707_3ab758b3c74e] Adding newly assigned partitions: topic-2f3f7ee8_9b85_4d6a_9707_3ab758b3c74e-0
2025-07-31 18:13:53,674 INFO  [org.apa.kaf.cli.con.int.ConsumerCoordinator] (Thread-832) [Consumer clientId=consumer-Consumer-topic-2f3f7ee8_9b85_4d6a_9707_3ab758b3c74e-30, groupId=Consumer-topic-2f3f7ee8_9b85_4d6a_9707_3ab758b3c74e] Found no committed offset for partition topic-2f3f7ee8_9b85_4d6a_9707_3ab758b3c74e-0
2025-07-31 18:13:53,679 INFO  [org.apa.kaf.cli.con.int.SubscriptionState] (Thread-832) [Consumer clientId=consumer-Consumer-topic-2f3f7ee8_9b85_4d6a_9707_3ab758b3c74e-30, groupId=Consumer-topic-2f3f7ee8_9b85_4d6a_9707_3ab758b3c74e] Resetting offset for partition topic-2f3f7ee8_9b85_4d6a_9707_3ab758b3c74e-0 to position FetchPosition{offset=0, offsetEpoch=Optional.empty, currentLeader=LeaderAndEpoch{leader=Optional[localhost:32770 (id: 0 rack: null)], epoch=0}}.
2025-07-31 18:13:53,698 INFO  [io.api.tes.ser.api.KafkaSerdesTester] (Thread-832) topic-2f3f7ee8_9b85_4d6a_9707_3ab758b3c74e 0 0 {"key1": "value-0"}
2025-07-31 18:13:53,698 INFO  [io.api.tes.ser.api.KafkaSerdesTester] (Thread-832) topic-2f3f7ee8_9b85_4d6a_9707_3ab758b3c74e 0 1 {"key1": "value-1"}
2025-07-31 18:13:53,699 INFO  [io.api.tes.ser.api.KafkaSerdesTester] (Thread-832) topic-2f3f7ee8_9b85_4d6a_9707_3ab758b3c74e 0 2 {"key1": "value-2"}
2025-07-31 18:13:53,699 INFO  [io.api.tes.ser.api.KafkaSerdesTester] (Thread-832) topic-2f3f7ee8_9b85_4d6a_9707_3ab758b3c74e 0 3 {"key1": "value-3"}
2025-07-31 18:13:53,699 INFO  [io.api.tes.ser.api.KafkaSerdesTester] (Thread-832) topic-2f3f7ee8_9b85_4d6a_9707_3ab758b3c74e 0 4 {"key1": "value-4"}
2025-07-31 18:13:53,699 INFO  [io.api.tes.ser.api.KafkaSerdesTester] (Thread-832) topic-2f3f7ee8_9b85_4d6a_9707_3ab758b3c74e 0 5 {"key1": "value-5"}
2025-07-31 18:13:53,699 INFO  [io.api.tes.ser.api.KafkaSerdesTester] (Thread-832) topic-2f3f7ee8_9b85_4d6a_9707_3ab758b3c74e 0 6 {"key1": "value-6"}
2025-07-31 18:13:53,699 INFO  [io.api.tes.ser.api.KafkaSerdesTester] (Thread-832) topic-2f3f7ee8_9b85_4d6a_9707_3ab758b3c74e 0 7 {"key1": "value-7"}
2025-07-31 18:13:53,699 INFO  [io.api.tes.ser.api.KafkaSerdesTester] (Thread-832) topic-2f3f7ee8_9b85_4d6a_9707_3ab758b3c74e 0 8 {"key1": "value-8"}
2025-07-31 18:13:53,699 INFO  [io.api.tes.ser.api.KafkaSerdesTester] (Thread-832) topic-2f3f7ee8_9b85_4d6a_9707_3ab758b3c74e 0 9 {"key1": "value-9"}
2025-07-31 18:13:53,699 INFO  [io.api.tes.ser.api.KafkaSerdesTester] (Thread-832) Consumed 10 messages
2025-07-31 18:13:53,701 INFO  [org.apa.kaf.cli.con.int.ConsumerRebalanceListenerInvoker] (Thread-832) [Consumer clientId=consumer-Consumer-topic-2f3f7ee8_9b85_4d6a_9707_3ab758b3c74e-30, groupId=Consumer-topic-2f3f7ee8_9b85_4d6a_9707_3ab758b3c74e] Revoke previously assigned partitions topic-2f3f7ee8_9b85_4d6a_9707_3ab758b3c74e-0
2025-07-31 18:13:53,701 INFO  [org.apa.kaf.cli.con.int.ConsumerCoordinator] (Thread-832) [Consumer clientId=consumer-Consumer-topic-2f3f7ee8_9b85_4d6a_9707_3ab758b3c74e-30, groupId=Consumer-topic-2f3f7ee8_9b85_4d6a_9707_3ab758b3c74e] Member consumer-Consumer-topic-2f3f7ee8_9b85_4d6a_9707_3ab758b3c74e-30-ddeaa131-178f-43db-957c-e3f90f5b2640 sending LeaveGroup request to coordinator localhost:32770 (id: 2147483647 rack: null) due to the consumer is being closed
2025-07-31 18:13:53,701 INFO  [org.apa.kaf.cli.con.int.ConsumerCoordinator] (Thread-832) [Consumer clientId=consumer-Consumer-topic-2f3f7ee8_9b85_4d6a_9707_3ab758b3c74e-30, groupId=Consumer-topic-2f3f7ee8_9b85_4d6a_9707_3ab758b3c74e] Resetting generation and member id due to: consumer pro-actively leaving the group
2025-07-31 18:13:53,701 INFO  [org.apa.kaf.cli.con.int.ConsumerCoordinator] (Thread-832) [Consumer clientId=consumer-Consumer-topic-2f3f7ee8_9b85_4d6a_9707_3ab758b3c74e-30, groupId=Consumer-topic-2f3f7ee8_9b85_4d6a_9707_3ab758b3c74e] Request joining group due to: consumer pro-actively leaving the group
2025-07-31 18:13:54,200 INFO  [org.apa.kaf.com.met.Metrics] (Thread-832) Metrics scheduler closed
2025-07-31 18:13:54,200 INFO  [org.apa.kaf.com.met.Metrics] (Thread-832) Closing reporter org.apache.kafka.common.metrics.JmxReporter
2025-07-31 18:13:54,200 INFO  [org.apa.kaf.com.met.Metrics] (Thread-832) Closing reporter org.apache.kafka.common.telemetry.internals.ClientTelemetryReporter
2025-07-31 18:13:54,200 INFO  [org.apa.kaf.com.met.Metrics] (Thread-832) Metrics reporters closed
2025-07-31 18:13:54,202 INFO  [org.apa.kaf.com.uti.AppInfoParser] (Thread-832) App info kafka.consumer for consumer-Consumer-topic-2f3f7ee8_9b85_4d6a_9707_3ab758b3c74e-30 unregistered
2025-07-31 18:13:54,223 INFO  [io.api.tes.ser.con.BasicConfluentSerDesIT] (main) Deleting confluent schema topic-2f3f7ee8_9b85_4d6a_9707_3ab758b3c74e-value
2025-07-31 18:13:54,234 INFO  [io.api.tes.uti.TestSeparator] (main) io.apicurio.tests.serdes.confluent.BasicConfluentSerDesIT.testAvroConfluentSerDes-FINISHED
2025-07-31 18:13:54,234 INFO  [io.api.tes.uti.TestSeparator] (main) ############################################################################
Test passed: testAvroConfluentSerDes
]]></system-out>
  </testcase>
  <testcase name="testAvroConfluentForMultipleTopics" classname="io.apicurio.tests.serdes.confluent.BasicConfluentSerDesIT" time="2.022">
    <system-out><![CDATA[2025-07-31 18:13:54,235 INFO  [io.api.tes.uti.TestSeparator] (main) ############################################################################
2025-07-31 18:13:54,235 INFO  [io.api.tes.uti.TestSeparator] (main) io.apicurio.tests.serdes.confluent.BasicConfluentSerDesIT.testAvroConfluentForMultipleTopics-STARTED
2025-07-31 18:13:54,266 INFO  [io.api.tes.ser.con.BasicConfluentSerDesIT] (main) Checking that created schema is equal to the get schema
2025-07-31 18:13:54,277 INFO  [io.api.tes.ser.con.BasicConfluentSerDesIT] (main) Created schema with id:99 and name:myrecordconfluent6
**** Registry Base URL: http://registry-app-inmemory.apps.ci419.apicurio-testing.org:80
2025-07-31 18:13:54,277 INFO  [org.apa.kaf.cli.pro.ProducerConfig] (main) ProducerConfig values: 
	acks = -1
	auto.include.jmx.reporter = true
	batch.size = 16384
	bootstrap.servers = [PLAINTEXT://localhost:32770]
	buffer.memory = 33554432
	client.dns.lookup = use_all_dns_ips
	client.id = Producer-topic-d04ac166_86f7_4a23_b328_da702f227b16
	compression.gzip.level = -1
	compression.lz4.level = 9
	compression.type = none
	compression.zstd.level = 3
	connections.max.idle.ms = 10000
	delivery.timeout.ms = 120000
	enable.idempotence = true
	enable.metrics.push = true
	interceptor.classes = []
	key.serializer = class org.apache.kafka.common.serialization.StringSerializer
	linger.ms = 0
	max.block.ms = 60000
	max.in.flight.requests.per.connection = 5
	max.request.size = 1048576
	metadata.max.age.ms = 300000
	metadata.max.idle.ms = 300000
	metadata.recovery.strategy = none
	metric.reporters = []
	metrics.num.samples = 2
	metrics.recording.level = INFO
	metrics.sample.window.ms = 30000
	partitioner.adaptive.partitioning.enable = true
	partitioner.availability.timeout.ms = 0
	partitioner.class = null
	partitioner.ignore.keys = false
	receive.buffer.bytes = 32768
	reconnect.backoff.max.ms = 1000
	reconnect.backoff.ms = 50
	request.timeout.ms = 5000
	retries = 2147483647
	retry.backoff.max.ms = 1000
	retry.backoff.ms = 100
	sasl.client.callback.handler.class = null
	sasl.jaas.config = null
	sasl.kerberos.kinit.cmd = /usr/bin/kinit
	sasl.kerberos.min.time.before.relogin = 60000
	sasl.kerberos.service.name = null
	sasl.kerberos.ticket.renew.jitter = 0.05
	sasl.kerberos.ticket.renew.window.factor = 0.8
	sasl.login.callback.handler.class = null
	sasl.login.class = null
	sasl.login.connect.timeout.ms = null
	sasl.login.read.timeout.ms = null
	sasl.login.refresh.buffer.seconds = 300
	sasl.login.refresh.min.period.seconds = 60
	sasl.login.refresh.window.factor = 0.8
	sasl.login.refresh.window.jitter = 0.05
	sasl.login.retry.backoff.max.ms = 10000
	sasl.login.retry.backoff.ms = 100
	sasl.mechanism = GSSAPI
	sasl.oauthbearer.clock.skew.seconds = 30
	sasl.oauthbearer.expected.audience = null
	sasl.oauthbearer.expected.issuer = null
	sasl.oauthbearer.header.urlencode = false
	sasl.oauthbearer.jwks.endpoint.refresh.ms = 3600000
	sasl.oauthbearer.jwks.endpoint.retry.backoff.max.ms = 10000
	sasl.oauthbearer.jwks.endpoint.retry.backoff.ms = 100
	sasl.oauthbearer.jwks.endpoint.url = null
	sasl.oauthbearer.scope.claim.name = scope
	sasl.oauthbearer.sub.claim.name = sub
	sasl.oauthbearer.token.endpoint.url = null
	security.protocol = PLAINTEXT
	security.providers = null
	send.buffer.bytes = 131072
	socket.connection.setup.timeout.max.ms = 30000
	socket.connection.setup.timeout.ms = 10000
	ssl.cipher.suites = null
	ssl.enabled.protocols = [TLSv1.2, TLSv1.3]
	ssl.endpoint.identification.algorithm = https
	ssl.engine.factory.class = null
	ssl.key.password = null
	ssl.keymanager.algorithm = SunX509
	ssl.keystore.certificate.chain = null
	ssl.keystore.key = null
	ssl.keystore.location = null
	ssl.keystore.password = null
	ssl.keystore.type = JKS
	ssl.protocol = TLSv1.3
	ssl.provider = null
	ssl.secure.random.implementation = null
	ssl.trustmanager.algorithm = PKIX
	ssl.truststore.certificates = null
	ssl.truststore.location = null
	ssl.truststore.password = null
	ssl.truststore.type = JKS
	transaction.timeout.ms = 60000
	transactional.id = null
	value.serializer = class io.apicurio.registry.serde.avro.AvroKafkaSerializer

2025-07-31 18:13:54,278 INFO  [org.apa.kaf.com.tel.int.KafkaMetricsCollector] (main) initializing Kafka metrics collector
2025-07-31 18:13:54,283 INFO  [org.apa.kaf.cli.pro.KafkaProducer] (main) [Producer clientId=Producer-topic-d04ac166_86f7_4a23_b328_da702f227b16] Instantiated an idempotent producer.
2025-07-31 18:13:54,284 INFO  [org.apa.kaf.cli.pro.ProducerConfig] (main) These configurations '[apicurio.registry.url, apicurio.registry.artifact-resolver-strategy]' were supplied but are not used yet.
2025-07-31 18:13:54,285 INFO  [org.apa.kaf.com.uti.AppInfoParser] (main) Kafka version: 3.9.1
2025-07-31 18:13:54,285 INFO  [org.apa.kaf.com.uti.AppInfoParser] (main) Kafka commitId: f745dfdcee2b9851
2025-07-31 18:13:54,285 INFO  [org.apa.kaf.com.uti.AppInfoParser] (main) Kafka startTimeMs: 1753985634285
**** Registry Base URL: http://registry-app-inmemory.apps.ci419.apicurio-testing.org:80
2025-07-31 18:13:54,285 INFO  [org.apa.kaf.cli.pro.ProducerConfig] (main) ProducerConfig values: 
	acks = -1
	auto.include.jmx.reporter = true
	batch.size = 16384
	bootstrap.servers = [PLAINTEXT://localhost:32770]
	buffer.memory = 33554432
	client.dns.lookup = use_all_dns_ips
	client.id = Producer-topic-8dd55ac5_e7e7_4771_9466_f90a3a28ac22
	compression.gzip.level = -1
	compression.lz4.level = 9
	compression.type = none
	compression.zstd.level = 3
	connections.max.idle.ms = 10000
	delivery.timeout.ms = 120000
	enable.idempotence = true
	enable.metrics.push = true
	interceptor.classes = []
	key.serializer = class org.apache.kafka.common.serialization.StringSerializer
	linger.ms = 0
	max.block.ms = 60000
	max.in.flight.requests.per.connection = 5
	max.request.size = 1048576
	metadata.max.age.ms = 300000
	metadata.max.idle.ms = 300000
	metadata.recovery.strategy = none
	metric.reporters = []
	metrics.num.samples = 2
	metrics.recording.level = INFO
	metrics.sample.window.ms = 30000
	partitioner.adaptive.partitioning.enable = true
	partitioner.availability.timeout.ms = 0
	partitioner.class = null
	partitioner.ignore.keys = false
	receive.buffer.bytes = 32768
	reconnect.backoff.max.ms = 1000
	reconnect.backoff.ms = 50
	request.timeout.ms = 5000
	retries = 2147483647
	retry.backoff.max.ms = 1000
	retry.backoff.ms = 100
	sasl.client.callback.handler.class = null
	sasl.jaas.config = null
	sasl.kerberos.kinit.cmd = /usr/bin/kinit
	sasl.kerberos.min.time.before.relogin = 60000
	sasl.kerberos.service.name = null
	sasl.kerberos.ticket.renew.jitter = 0.05
	sasl.kerberos.ticket.renew.window.factor = 0.8
	sasl.login.callback.handler.class = null
	sasl.login.class = null
	sasl.login.connect.timeout.ms = null
	sasl.login.read.timeout.ms = null
	sasl.login.refresh.buffer.seconds = 300
	sasl.login.refresh.min.period.seconds = 60
	sasl.login.refresh.window.factor = 0.8
	sasl.login.refresh.window.jitter = 0.05
	sasl.login.retry.backoff.max.ms = 10000
	sasl.login.retry.backoff.ms = 100
	sasl.mechanism = GSSAPI
	sasl.oauthbearer.clock.skew.seconds = 30
	sasl.oauthbearer.expected.audience = null
	sasl.oauthbearer.expected.issuer = null
	sasl.oauthbearer.header.urlencode = false
	sasl.oauthbearer.jwks.endpoint.refresh.ms = 3600000
	sasl.oauthbearer.jwks.endpoint.retry.backoff.max.ms = 10000
	sasl.oauthbearer.jwks.endpoint.retry.backoff.ms = 100
	sasl.oauthbearer.jwks.endpoint.url = null
	sasl.oauthbearer.scope.claim.name = scope
	sasl.oauthbearer.sub.claim.name = sub
	sasl.oauthbearer.token.endpoint.url = null
	security.protocol = PLAINTEXT
	security.providers = null
	send.buffer.bytes = 131072
	socket.connection.setup.timeout.max.ms = 30000
	socket.connection.setup.timeout.ms = 10000
	ssl.cipher.suites = null
	ssl.enabled.protocols = [TLSv1.2, TLSv1.3]
	ssl.endpoint.identification.algorithm = https
	ssl.engine.factory.class = null
	ssl.key.password = null
	ssl.keymanager.algorithm = SunX509
	ssl.keystore.certificate.chain = null
	ssl.keystore.key = null
	ssl.keystore.location = null
	ssl.keystore.password = null
	ssl.keystore.type = JKS
	ssl.protocol = TLSv1.3
	ssl.provider = null
	ssl.secure.random.implementation = null
	ssl.trustmanager.algorithm = PKIX
	ssl.truststore.certificates = null
	ssl.truststore.location = null
	ssl.truststore.password = null
	ssl.truststore.type = JKS
	transaction.timeout.ms = 60000
	transactional.id = null
	value.serializer = class io.apicurio.registry.serde.avro.AvroKafkaSerializer

2025-07-31 18:13:54,285 INFO  [org.apa.kaf.com.tel.int.KafkaMetricsCollector] (main) initializing Kafka metrics collector
2025-07-31 18:13:54,289 INFO  [org.apa.kaf.cli.pro.KafkaProducer] (main) [Producer clientId=Producer-topic-8dd55ac5_e7e7_4771_9466_f90a3a28ac22] Instantiated an idempotent producer.
2025-07-31 18:13:54,290 INFO  [org.apa.kaf.cli.Metadata] (kafka-producer-network-thread | Producer-topic-d04ac166_86f7_4a23_b328_da702f227b16) [Producer clientId=Producer-topic-d04ac166_86f7_4a23_b328_da702f227b16] Cluster ID: Pi_RUBSBSj-WuHInrGEQ6g
2025-07-31 18:13:54,291 INFO  [org.apa.kaf.cli.pro.int.TransactionManager] (kafka-producer-network-thread | Producer-topic-d04ac166_86f7_4a23_b328_da702f227b16) [Producer clientId=Producer-topic-d04ac166_86f7_4a23_b328_da702f227b16] ProducerId set to 43 with epoch 0
2025-07-31 18:13:54,295 INFO  [org.apa.kaf.cli.pro.ProducerConfig] (main) These configurations '[apicurio.registry.url, apicurio.registry.artifact-resolver-strategy]' were supplied but are not used yet.
2025-07-31 18:13:54,295 INFO  [org.apa.kaf.com.uti.AppInfoParser] (main) Kafka version: 3.9.1
2025-07-31 18:13:54,295 INFO  [org.apa.kaf.com.uti.AppInfoParser] (main) Kafka commitId: f745dfdcee2b9851
2025-07-31 18:13:54,295 INFO  [org.apa.kaf.com.uti.AppInfoParser] (main) Kafka startTimeMs: 1753985634295
**** Registry Base URL: http://registry-app-inmemory.apps.ci419.apicurio-testing.org:80
2025-07-31 18:13:54,296 INFO  [org.apa.kaf.cli.pro.ProducerConfig] (main) ProducerConfig values: 
	acks = -1
	auto.include.jmx.reporter = true
	batch.size = 16384
	bootstrap.servers = [PLAINTEXT://localhost:32770]
	buffer.memory = 33554432
	client.dns.lookup = use_all_dns_ips
	client.id = Producer-topic-858dbd79_9583_4df9_b782_8c9af14ff3b3
	compression.gzip.level = -1
	compression.lz4.level = 9
	compression.type = none
	compression.zstd.level = 3
	connections.max.idle.ms = 10000
	delivery.timeout.ms = 120000
	enable.idempotence = true
	enable.metrics.push = true
	interceptor.classes = []
	key.serializer = class org.apache.kafka.common.serialization.StringSerializer
	linger.ms = 0
	max.block.ms = 60000
	max.in.flight.requests.per.connection = 5
	max.request.size = 1048576
	metadata.max.age.ms = 300000
	metadata.max.idle.ms = 300000
	metadata.recovery.strategy = none
	metric.reporters = []
	metrics.num.samples = 2
	metrics.recording.level = INFO
	metrics.sample.window.ms = 30000
	partitioner.adaptive.partitioning.enable = true
	partitioner.availability.timeout.ms = 0
	partitioner.class = null
	partitioner.ignore.keys = false
	receive.buffer.bytes = 32768
	reconnect.backoff.max.ms = 1000
	reconnect.backoff.ms = 50
	request.timeout.ms = 5000
	retries = 2147483647
	retry.backoff.max.ms = 1000
	retry.backoff.ms = 100
	sasl.client.callback.handler.class = null
	sasl.jaas.config = null
	sasl.kerberos.kinit.cmd = /usr/bin/kinit
	sasl.kerberos.min.time.before.relogin = 60000
	sasl.kerberos.service.name = null
	sasl.kerberos.ticket.renew.jitter = 0.05
	sasl.kerberos.ticket.renew.window.factor = 0.8
	sasl.login.callback.handler.class = null
	sasl.login.class = null
	sasl.login.connect.timeout.ms = null
	sasl.login.read.timeout.ms = null
	sasl.login.refresh.buffer.seconds = 300
	sasl.login.refresh.min.period.seconds = 60
	sasl.login.refresh.window.factor = 0.8
	sasl.login.refresh.window.jitter = 0.05
	sasl.login.retry.backoff.max.ms = 10000
	sasl.login.retry.backoff.ms = 100
	sasl.mechanism = GSSAPI
	sasl.oauthbearer.clock.skew.seconds = 30
	sasl.oauthbearer.expected.audience = null
	sasl.oauthbearer.expected.issuer = null
	sasl.oauthbearer.header.urlencode = false
	sasl.oauthbearer.jwks.endpoint.refresh.ms = 3600000
	sasl.oauthbearer.jwks.endpoint.retry.backoff.max.ms = 10000
	sasl.oauthbearer.jwks.endpoint.retry.backoff.ms = 100
	sasl.oauthbearer.jwks.endpoint.url = null
	sasl.oauthbearer.scope.claim.name = scope
	sasl.oauthbearer.sub.claim.name = sub
	sasl.oauthbearer.token.endpoint.url = null
	security.protocol = PLAINTEXT
	security.providers = null
	send.buffer.bytes = 131072
	socket.connection.setup.timeout.max.ms = 30000
	socket.connection.setup.timeout.ms = 10000
	ssl.cipher.suites = null
	ssl.enabled.protocols = [TLSv1.2, TLSv1.3]
	ssl.endpoint.identification.algorithm = https
	ssl.engine.factory.class = null
	ssl.key.password = null
	ssl.keymanager.algorithm = SunX509
	ssl.keystore.certificate.chain = null
	ssl.keystore.key = null
	ssl.keystore.location = null
	ssl.keystore.password = null
	ssl.keystore.type = JKS
	ssl.protocol = TLSv1.3
	ssl.provider = null
	ssl.secure.random.implementation = null
	ssl.trustmanager.algorithm = PKIX
	ssl.truststore.certificates = null
	ssl.truststore.location = null
	ssl.truststore.password = null
	ssl.truststore.type = JKS
	transaction.timeout.ms = 60000
	transactional.id = null
	value.serializer = class io.apicurio.registry.serde.avro.AvroKafkaSerializer

2025-07-31 18:13:54,296 INFO  [org.apa.kaf.com.tel.int.KafkaMetricsCollector] (main) initializing Kafka metrics collector
2025-07-31 18:13:54,303 INFO  [org.apa.kaf.cli.pro.KafkaProducer] (main) [Producer clientId=Producer-topic-858dbd79_9583_4df9_b782_8c9af14ff3b3] Instantiated an idempotent producer.
2025-07-31 18:13:54,303 INFO  [org.apa.kaf.cli.Metadata] (kafka-producer-network-thread | Producer-topic-8dd55ac5_e7e7_4771_9466_f90a3a28ac22) [Producer clientId=Producer-topic-8dd55ac5_e7e7_4771_9466_f90a3a28ac22] Cluster ID: Pi_RUBSBSj-WuHInrGEQ6g
2025-07-31 18:13:54,303 INFO  [org.apa.kaf.cli.pro.int.TransactionManager] (kafka-producer-network-thread | Producer-topic-8dd55ac5_e7e7_4771_9466_f90a3a28ac22) [Producer clientId=Producer-topic-8dd55ac5_e7e7_4771_9466_f90a3a28ac22] ProducerId set to 44 with epoch 0
2025-07-31 18:13:54,304 INFO  [org.apa.kaf.cli.pro.ProducerConfig] (main) These configurations '[apicurio.registry.url, apicurio.registry.artifact-resolver-strategy]' were supplied but are not used yet.
2025-07-31 18:13:54,304 INFO  [org.apa.kaf.com.uti.AppInfoParser] (main) Kafka version: 3.9.1
2025-07-31 18:13:54,304 INFO  [org.apa.kaf.com.uti.AppInfoParser] (main) Kafka commitId: f745dfdcee2b9851
2025-07-31 18:13:54,304 INFO  [org.apa.kaf.com.uti.AppInfoParser] (main) Kafka startTimeMs: 1753985634304
**** Registry Base URL: http://registry-app-inmemory.apps.ci419.apicurio-testing.org:80
2025-07-31 18:13:54,305 INFO  [org.apa.kaf.cli.con.ConsumerConfig] (main) ConsumerConfig values: 
	allow.auto.create.topics = true
	auto.commit.interval.ms = 500
	auto.include.jmx.reporter = true
	auto.offset.reset = earliest
	bootstrap.servers = [PLAINTEXT://localhost:32770]
	check.crcs = true
	client.dns.lookup = use_all_dns_ips
	client.id = consumer-Consumer-topic-d04ac166_86f7_4a23_b328_da702f227b16-31
	client.rack = 
	connections.max.idle.ms = 10000
	default.api.timeout.ms = 60000
	enable.auto.commit = true
	enable.metrics.push = true
	exclude.internal.topics = true
	fetch.max.bytes = 52428800
	fetch.max.wait.ms = 500
	fetch.min.bytes = 1
	group.id = Consumer-topic-d04ac166_86f7_4a23_b328_da702f227b16
	group.instance.id = null
	group.protocol = classic
	group.remote.assignor = null
	heartbeat.interval.ms = 3000
	interceptor.classes = []
	internal.leave.group.on.close = true
	internal.throw.on.fetch.stable.offset.unsupported = false
	isolation.level = read_uncommitted
	key.deserializer = class org.apache.kafka.common.serialization.StringDeserializer
	max.partition.fetch.bytes = 1048576
	max.poll.interval.ms = 300000
	max.poll.records = 500
	metadata.max.age.ms = 300000
	metadata.recovery.strategy = none
	metric.reporters = []
	metrics.num.samples = 2
	metrics.recording.level = INFO
	metrics.sample.window.ms = 30000
	partition.assignment.strategy = [class org.apache.kafka.clients.consumer.RangeAssignor, class org.apache.kafka.clients.consumer.CooperativeStickyAssignor]
	receive.buffer.bytes = 65536
	reconnect.backoff.max.ms = 1000
	reconnect.backoff.ms = 50
	request.timeout.ms = 5000
	retry.backoff.max.ms = 1000
	retry.backoff.ms = 100
	sasl.client.callback.handler.class = null
	sasl.jaas.config = null
	sasl.kerberos.kinit.cmd = /usr/bin/kinit
	sasl.kerberos.min.time.before.relogin = 60000
	sasl.kerberos.service.name = null
	sasl.kerberos.ticket.renew.jitter = 0.05
	sasl.kerberos.ticket.renew.window.factor = 0.8
	sasl.login.callback.handler.class = null
	sasl.login.class = null
	sasl.login.connect.timeout.ms = null
	sasl.login.read.timeout.ms = null
	sasl.login.refresh.buffer.seconds = 300
	sasl.login.refresh.min.period.seconds = 60
	sasl.login.refresh.window.factor = 0.8
	sasl.login.refresh.window.jitter = 0.05
	sasl.login.retry.backoff.max.ms = 10000
	sasl.login.retry.backoff.ms = 100
	sasl.mechanism = GSSAPI
	sasl.oauthbearer.clock.skew.seconds = 30
	sasl.oauthbearer.expected.audience = null
	sasl.oauthbearer.expected.issuer = null
	sasl.oauthbearer.header.urlencode = false
	sasl.oauthbearer.jwks.endpoint.refresh.ms = 3600000
	sasl.oauthbearer.jwks.endpoint.retry.backoff.max.ms = 10000
	sasl.oauthbearer.jwks.endpoint.retry.backoff.ms = 100
	sasl.oauthbearer.jwks.endpoint.url = null
	sasl.oauthbearer.scope.claim.name = scope
	sasl.oauthbearer.sub.claim.name = sub
	sasl.oauthbearer.token.endpoint.url = null
	security.protocol = PLAINTEXT
	security.providers = null
	send.buffer.bytes = 131072
	session.timeout.ms = 45000
	socket.connection.setup.timeout.max.ms = 30000
	socket.connection.setup.timeout.ms = 10000
	ssl.cipher.suites = null
	ssl.enabled.protocols = [TLSv1.2, TLSv1.3]
	ssl.endpoint.identification.algorithm = https
	ssl.engine.factory.class = null
	ssl.key.password = null
	ssl.keymanager.algorithm = SunX509
	ssl.keystore.certificate.chain = null
	ssl.keystore.key = null
	ssl.keystore.location = null
	ssl.keystore.password = null
	ssl.keystore.type = JKS
	ssl.protocol = TLSv1.3
	ssl.provider = null
	ssl.secure.random.implementation = null
	ssl.trustmanager.algorithm = PKIX
	ssl.truststore.certificates = null
	ssl.truststore.location = null
	ssl.truststore.password = null
	ssl.truststore.type = JKS
	value.deserializer = class io.apicurio.registry.serde.avro.AvroKafkaDeserializer

2025-07-31 18:13:54,305 INFO  [org.apa.kaf.com.tel.int.KafkaMetricsCollector] (main) initializing Kafka metrics collector
2025-07-31 18:13:54,311 INFO  [org.apa.kaf.cli.Metadata] (kafka-producer-network-thread | Producer-topic-858dbd79_9583_4df9_b782_8c9af14ff3b3) [Producer clientId=Producer-topic-858dbd79_9583_4df9_b782_8c9af14ff3b3] Cluster ID: Pi_RUBSBSj-WuHInrGEQ6g
2025-07-31 18:13:54,311 INFO  [org.apa.kaf.cli.pro.int.TransactionManager] (kafka-producer-network-thread | Producer-topic-858dbd79_9583_4df9_b782_8c9af14ff3b3) [Producer clientId=Producer-topic-858dbd79_9583_4df9_b782_8c9af14ff3b3] ProducerId set to 45 with epoch 0
2025-07-31 18:13:54,315 INFO  [org.apa.kaf.cli.con.ConsumerConfig] (main) These configurations '[apicurio.registry.url]' were supplied but are not used yet.
2025-07-31 18:13:54,315 INFO  [org.apa.kaf.com.uti.AppInfoParser] (main) Kafka version: 3.9.1
2025-07-31 18:13:54,315 INFO  [org.apa.kaf.com.uti.AppInfoParser] (main) Kafka commitId: f745dfdcee2b9851
2025-07-31 18:13:54,315 INFO  [org.apa.kaf.com.uti.AppInfoParser] (main) Kafka startTimeMs: 1753985634315
**** Registry Base URL: http://registry-app-inmemory.apps.ci419.apicurio-testing.org:80
2025-07-31 18:13:54,318 INFO  [org.apa.kaf.cli.con.ConsumerConfig] (main) ConsumerConfig values: 
	allow.auto.create.topics = true
	auto.commit.interval.ms = 500
	auto.include.jmx.reporter = true
	auto.offset.reset = earliest
	bootstrap.servers = [PLAINTEXT://localhost:32770]
	check.crcs = true
	client.dns.lookup = use_all_dns_ips
	client.id = consumer-Consumer-topic-8dd55ac5_e7e7_4771_9466_f90a3a28ac22-32
	client.rack = 
	connections.max.idle.ms = 10000
	default.api.timeout.ms = 60000
	enable.auto.commit = true
	enable.metrics.push = true
	exclude.internal.topics = true
	fetch.max.bytes = 52428800
	fetch.max.wait.ms = 500
	fetch.min.bytes = 1
	group.id = Consumer-topic-8dd55ac5_e7e7_4771_9466_f90a3a28ac22
	group.instance.id = null
	group.protocol = classic
	group.remote.assignor = null
	heartbeat.interval.ms = 3000
	interceptor.classes = []
	internal.leave.group.on.close = true
	internal.throw.on.fetch.stable.offset.unsupported = false
	isolation.level = read_uncommitted
	key.deserializer = class org.apache.kafka.common.serialization.StringDeserializer
	max.partition.fetch.bytes = 1048576
	max.poll.interval.ms = 300000
	max.poll.records = 500
	metadata.max.age.ms = 300000
	metadata.recovery.strategy = none
	metric.reporters = []
	metrics.num.samples = 2
	metrics.recording.level = INFO
	metrics.sample.window.ms = 30000
	partition.assignment.strategy = [class org.apache.kafka.clients.consumer.RangeAssignor, class org.apache.kafka.clients.consumer.CooperativeStickyAssignor]
	receive.buffer.bytes = 65536
	reconnect.backoff.max.ms = 1000
	reconnect.backoff.ms = 50
	request.timeout.ms = 5000
	retry.backoff.max.ms = 1000
	retry.backoff.ms = 100
	sasl.client.callback.handler.class = null
	sasl.jaas.config = null
	sasl.kerberos.kinit.cmd = /usr/bin/kinit
	sasl.kerberos.min.time.before.relogin = 60000
	sasl.kerberos.service.name = null
	sasl.kerberos.ticket.renew.jitter = 0.05
	sasl.kerberos.ticket.renew.window.factor = 0.8
	sasl.login.callback.handler.class = null
	sasl.login.class = null
	sasl.login.connect.timeout.ms = null
	sasl.login.read.timeout.ms = null
	sasl.login.refresh.buffer.seconds = 300
	sasl.login.refresh.min.period.seconds = 60
	sasl.login.refresh.window.factor = 0.8
	sasl.login.refresh.window.jitter = 0.05
	sasl.login.retry.backoff.max.ms = 10000
	sasl.login.retry.backoff.ms = 100
	sasl.mechanism = GSSAPI
	sasl.oauthbearer.clock.skew.seconds = 30
	sasl.oauthbearer.expected.audience = null
	sasl.oauthbearer.expected.issuer = null
	sasl.oauthbearer.header.urlencode = false
	sasl.oauthbearer.jwks.endpoint.refresh.ms = 3600000
	sasl.oauthbearer.jwks.endpoint.retry.backoff.max.ms = 10000
	sasl.oauthbearer.jwks.endpoint.retry.backoff.ms = 100
	sasl.oauthbearer.jwks.endpoint.url = null
	sasl.oauthbearer.scope.claim.name = scope
	sasl.oauthbearer.sub.claim.name = sub
	sasl.oauthbearer.token.endpoint.url = null
	security.protocol = PLAINTEXT
	security.providers = null
	send.buffer.bytes = 131072
	session.timeout.ms = 45000
	socket.connection.setup.timeout.max.ms = 30000
	socket.connection.setup.timeout.ms = 10000
	ssl.cipher.suites = null
	ssl.enabled.protocols = [TLSv1.2, TLSv1.3]
	ssl.endpoint.identification.algorithm = https
	ssl.engine.factory.class = null
	ssl.key.password = null
	ssl.keymanager.algorithm = SunX509
	ssl.keystore.certificate.chain = null
	ssl.keystore.key = null
	ssl.keystore.location = null
	ssl.keystore.password = null
	ssl.keystore.type = JKS
	ssl.protocol = TLSv1.3
	ssl.provider = null
	ssl.secure.random.implementation = null
	ssl.trustmanager.algorithm = PKIX
	ssl.truststore.certificates = null
	ssl.truststore.location = null
	ssl.truststore.password = null
	ssl.truststore.type = JKS
	value.deserializer = class io.apicurio.registry.serde.avro.AvroKafkaDeserializer

2025-07-31 18:13:54,318 INFO  [org.apa.kaf.com.tel.int.KafkaMetricsCollector] (main) initializing Kafka metrics collector
2025-07-31 18:13:54,328 INFO  [org.apa.kaf.cli.con.ConsumerConfig] (main) These configurations '[apicurio.registry.url]' were supplied but are not used yet.
2025-07-31 18:13:54,328 INFO  [org.apa.kaf.com.uti.AppInfoParser] (main) Kafka version: 3.9.1
2025-07-31 18:13:54,328 INFO  [org.apa.kaf.com.uti.AppInfoParser] (main) Kafka commitId: f745dfdcee2b9851
2025-07-31 18:13:54,328 INFO  [org.apa.kaf.com.uti.AppInfoParser] (main) Kafka startTimeMs: 1753985634328
**** Registry Base URL: http://registry-app-inmemory.apps.ci419.apicurio-testing.org:80
2025-07-31 18:13:54,328 INFO  [org.apa.kaf.cli.con.ConsumerConfig] (main) ConsumerConfig values: 
	allow.auto.create.topics = true
	auto.commit.interval.ms = 500
	auto.include.jmx.reporter = true
	auto.offset.reset = earliest
	bootstrap.servers = [PLAINTEXT://localhost:32770]
	check.crcs = true
	client.dns.lookup = use_all_dns_ips
	client.id = consumer-Consumer-topic-858dbd79_9583_4df9_b782_8c9af14ff3b3-33
	client.rack = 
	connections.max.idle.ms = 10000
	default.api.timeout.ms = 60000
	enable.auto.commit = true
	enable.metrics.push = true
	exclude.internal.topics = true
	fetch.max.bytes = 52428800
	fetch.max.wait.ms = 500
	fetch.min.bytes = 1
	group.id = Consumer-topic-858dbd79_9583_4df9_b782_8c9af14ff3b3
	group.instance.id = null
	group.protocol = classic
	group.remote.assignor = null
	heartbeat.interval.ms = 3000
	interceptor.classes = []
	internal.leave.group.on.close = true
	internal.throw.on.fetch.stable.offset.unsupported = false
	isolation.level = read_uncommitted
	key.deserializer = class org.apache.kafka.common.serialization.StringDeserializer
	max.partition.fetch.bytes = 1048576
	max.poll.interval.ms = 300000
	max.poll.records = 500
	metadata.max.age.ms = 300000
	metadata.recovery.strategy = none
	metric.reporters = []
	metrics.num.samples = 2
	metrics.recording.level = INFO
	metrics.sample.window.ms = 30000
	partition.assignment.strategy = [class org.apache.kafka.clients.consumer.RangeAssignor, class org.apache.kafka.clients.consumer.CooperativeStickyAssignor]
	receive.buffer.bytes = 65536
	reconnect.backoff.max.ms = 1000
	reconnect.backoff.ms = 50
	request.timeout.ms = 5000
	retry.backoff.max.ms = 1000
	retry.backoff.ms = 100
	sasl.client.callback.handler.class = null
	sasl.jaas.config = null
	sasl.kerberos.kinit.cmd = /usr/bin/kinit
	sasl.kerberos.min.time.before.relogin = 60000
	sasl.kerberos.service.name = null
	sasl.kerberos.ticket.renew.jitter = 0.05
	sasl.kerberos.ticket.renew.window.factor = 0.8
	sasl.login.callback.handler.class = null
	sasl.login.class = null
	sasl.login.connect.timeout.ms = null
	sasl.login.read.timeout.ms = null
	sasl.login.refresh.buffer.seconds = 300
	sasl.login.refresh.min.period.seconds = 60
	sasl.login.refresh.window.factor = 0.8
	sasl.login.refresh.window.jitter = 0.05
	sasl.login.retry.backoff.max.ms = 10000
	sasl.login.retry.backoff.ms = 100
	sasl.mechanism = GSSAPI
	sasl.oauthbearer.clock.skew.seconds = 30
	sasl.oauthbearer.expected.audience = null
	sasl.oauthbearer.expected.issuer = null
	sasl.oauthbearer.header.urlencode = false
	sasl.oauthbearer.jwks.endpoint.refresh.ms = 3600000
	sasl.oauthbearer.jwks.endpoint.retry.backoff.max.ms = 10000
	sasl.oauthbearer.jwks.endpoint.retry.backoff.ms = 100
	sasl.oauthbearer.jwks.endpoint.url = null
	sasl.oauthbearer.scope.claim.name = scope
	sasl.oauthbearer.sub.claim.name = sub
	sasl.oauthbearer.token.endpoint.url = null
	security.protocol = PLAINTEXT
	security.providers = null
	send.buffer.bytes = 131072
	session.timeout.ms = 45000
	socket.connection.setup.timeout.max.ms = 30000
	socket.connection.setup.timeout.ms = 10000
	ssl.cipher.suites = null
	ssl.enabled.protocols = [TLSv1.2, TLSv1.3]
	ssl.endpoint.identification.algorithm = https
	ssl.engine.factory.class = null
	ssl.key.password = null
	ssl.keymanager.algorithm = SunX509
	ssl.keystore.certificate.chain = null
	ssl.keystore.key = null
	ssl.keystore.location = null
	ssl.keystore.password = null
	ssl.keystore.type = JKS
	ssl.protocol = TLSv1.3
	ssl.provider = null
	ssl.secure.random.implementation = null
	ssl.trustmanager.algorithm = PKIX
	ssl.truststore.certificates = null
	ssl.truststore.location = null
	ssl.truststore.password = null
	ssl.truststore.type = JKS
	value.deserializer = class io.apicurio.registry.serde.avro.AvroKafkaDeserializer

2025-07-31 18:13:54,328 INFO  [org.apa.kaf.com.tel.int.KafkaMetricsCollector] (main) initializing Kafka metrics collector
2025-07-31 18:13:54,339 INFO  [org.apa.kaf.cli.con.ConsumerConfig] (main) These configurations '[apicurio.registry.url]' were supplied but are not used yet.
2025-07-31 18:13:54,339 INFO  [org.apa.kaf.com.uti.AppInfoParser] (main) Kafka version: 3.9.1
2025-07-31 18:13:54,339 INFO  [org.apa.kaf.com.uti.AppInfoParser] (main) Kafka commitId: f745dfdcee2b9851
2025-07-31 18:13:54,339 INFO  [org.apa.kaf.com.uti.AppInfoParser] (main) Kafka startTimeMs: 1753985634339
2025-07-31 18:13:54,339 INFO  [io.api.tes.ser.api.KafkaSerdesTester] (Thread-845) Sending message {"key1": "value-0"} to topic topic-d04ac166_86f7_4a23_b328_da702f227b16
2025-07-31 18:13:54,346 INFO  [DefaultSchemaResolver] (Thread-845) Retrieving schema content using string: {"type":"record","name":"myrecordconfluent6","fields":[{"name":"key1","type":"string"}]}
2025-07-31 18:13:54,375 INFO  [io.api.tes.ser.api.KafkaSerdesTester] (Thread-845) Sending message {"key1": "value-1"} to topic topic-d04ac166_86f7_4a23_b328_da702f227b16
2025-07-31 18:13:54,378 INFO  [io.api.tes.ser.api.KafkaSerdesTester] (Thread-845) Sending message {"key1": "value-2"} to topic topic-d04ac166_86f7_4a23_b328_da702f227b16
2025-07-31 18:13:54,381 INFO  [io.api.tes.ser.api.KafkaSerdesTester] (Thread-845) Sending message {"key1": "value-3"} to topic topic-d04ac166_86f7_4a23_b328_da702f227b16
2025-07-31 18:13:54,383 INFO  [io.api.tes.ser.api.KafkaSerdesTester] (Thread-845) Sending message {"key1": "value-4"} to topic topic-d04ac166_86f7_4a23_b328_da702f227b16
2025-07-31 18:13:54,388 INFO  [io.api.tes.ser.api.KafkaSerdesTester] (Thread-845) Sending message {"key1": "value-5"} to topic topic-d04ac166_86f7_4a23_b328_da702f227b16
2025-07-31 18:13:54,392 INFO  [io.api.tes.ser.api.KafkaSerdesTester] (Thread-845) Sending message {"key1": "value-6"} to topic topic-d04ac166_86f7_4a23_b328_da702f227b16
2025-07-31 18:13:54,393 INFO  [io.api.tes.ser.api.KafkaSerdesTester] (Thread-845) Sending message {"key1": "value-7"} to topic topic-d04ac166_86f7_4a23_b328_da702f227b16
2025-07-31 18:13:54,394 INFO  [io.api.tes.ser.api.KafkaSerdesTester] (Thread-845) Sending message {"key1": "value-8"} to topic topic-d04ac166_86f7_4a23_b328_da702f227b16
2025-07-31 18:13:54,396 INFO  [io.api.tes.ser.api.KafkaSerdesTester] (Thread-845) Sending message {"key1": "value-9"} to topic topic-d04ac166_86f7_4a23_b328_da702f227b16
2025-07-31 18:13:54,403 INFO  [io.api.tes.ser.api.KafkaSerdesTester] (Thread-845) Produced 10 messages
2025-07-31 18:13:54,403 INFO  [org.apa.kaf.cli.pro.KafkaProducer] (Thread-845) [Producer clientId=Producer-topic-d04ac166_86f7_4a23_b328_da702f227b16] Closing the Kafka producer with timeoutMillis = 9223372036854775807 ms.
2025-07-31 18:13:54,406 INFO  [org.apa.kaf.com.met.Metrics] (Thread-845) Metrics scheduler closed
2025-07-31 18:13:54,406 INFO  [org.apa.kaf.com.met.Metrics] (Thread-845) Closing reporter org.apache.kafka.common.metrics.JmxReporter
2025-07-31 18:13:54,406 INFO  [org.apa.kaf.com.met.Metrics] (Thread-845) Closing reporter org.apache.kafka.common.telemetry.internals.ClientTelemetryReporter
2025-07-31 18:13:54,406 INFO  [org.apa.kaf.com.met.Metrics] (Thread-845) Metrics reporters closed
2025-07-31 18:13:54,406 INFO  [org.apa.kaf.com.uti.AppInfoParser] (Thread-845) App info kafka.producer for Producer-topic-d04ac166_86f7_4a23_b328_da702f227b16 unregistered
2025-07-31 18:13:54,407 INFO  [io.api.tes.ser.api.KafkaSerdesTester] (Thread-846) Sending message {"key1": "value-0"} to topic topic-8dd55ac5_e7e7_4771_9466_f90a3a28ac22
2025-07-31 18:13:54,415 INFO  [DefaultSchemaResolver] (Thread-846) Retrieving schema content using string: {"type":"record","name":"myrecordconfluent6","fields":[{"name":"key1","type":"string"}]}
2025-07-31 18:13:54,443 INFO  [io.api.tes.ser.api.KafkaSerdesTester] (Thread-846) Sending message {"key1": "value-1"} to topic topic-8dd55ac5_e7e7_4771_9466_f90a3a28ac22
2025-07-31 18:13:54,444 INFO  [io.api.tes.ser.api.KafkaSerdesTester] (Thread-846) Sending message {"key1": "value-2"} to topic topic-8dd55ac5_e7e7_4771_9466_f90a3a28ac22
2025-07-31 18:13:54,448 INFO  [io.api.tes.ser.api.KafkaSerdesTester] (Thread-846) Sending message {"key1": "value-3"} to topic topic-8dd55ac5_e7e7_4771_9466_f90a3a28ac22
2025-07-31 18:13:54,453 INFO  [io.api.tes.ser.api.KafkaSerdesTester] (Thread-846) Sending message {"key1": "value-4"} to topic topic-8dd55ac5_e7e7_4771_9466_f90a3a28ac22
2025-07-31 18:13:54,454 INFO  [io.api.tes.ser.api.KafkaSerdesTester] (Thread-846) Sending message {"key1": "value-5"} to topic topic-8dd55ac5_e7e7_4771_9466_f90a3a28ac22
2025-07-31 18:13:54,455 INFO  [io.api.tes.ser.api.KafkaSerdesTester] (Thread-846) Sending message {"key1": "value-6"} to topic topic-8dd55ac5_e7e7_4771_9466_f90a3a28ac22
2025-07-31 18:13:54,461 INFO  [io.api.tes.ser.api.KafkaSerdesTester] (Thread-846) Sending message {"key1": "value-7"} to topic topic-8dd55ac5_e7e7_4771_9466_f90a3a28ac22
2025-07-31 18:13:54,462 INFO  [io.api.tes.ser.api.KafkaSerdesTester] (Thread-846) Sending message {"key1": "value-8"} to topic topic-8dd55ac5_e7e7_4771_9466_f90a3a28ac22
2025-07-31 18:13:54,464 INFO  [io.api.tes.ser.api.KafkaSerdesTester] (Thread-846) Sending message {"key1": "value-9"} to topic topic-8dd55ac5_e7e7_4771_9466_f90a3a28ac22
2025-07-31 18:13:54,466 INFO  [io.api.tes.ser.api.KafkaSerdesTester] (Thread-846) Produced 10 messages
2025-07-31 18:13:54,466 INFO  [org.apa.kaf.cli.pro.KafkaProducer] (Thread-846) [Producer clientId=Producer-topic-8dd55ac5_e7e7_4771_9466_f90a3a28ac22] Closing the Kafka producer with timeoutMillis = 9223372036854775807 ms.
2025-07-31 18:13:54,470 INFO  [org.apa.kaf.com.met.Metrics] (Thread-846) Metrics scheduler closed
2025-07-31 18:13:54,470 INFO  [org.apa.kaf.com.met.Metrics] (Thread-846) Closing reporter org.apache.kafka.common.metrics.JmxReporter
2025-07-31 18:13:54,470 INFO  [org.apa.kaf.com.met.Metrics] (Thread-846) Closing reporter org.apache.kafka.common.telemetry.internals.ClientTelemetryReporter
2025-07-31 18:13:54,470 INFO  [org.apa.kaf.com.met.Metrics] (Thread-846) Metrics reporters closed
2025-07-31 18:13:54,470 INFO  [org.apa.kaf.com.uti.AppInfoParser] (Thread-846) App info kafka.producer for Producer-topic-8dd55ac5_e7e7_4771_9466_f90a3a28ac22 unregistered
2025-07-31 18:13:54,472 INFO  [io.api.tes.ser.api.KafkaSerdesTester] (Thread-847) Sending message {"key1": "value-0"} to topic topic-858dbd79_9583_4df9_b782_8c9af14ff3b3
2025-07-31 18:13:54,478 INFO  [DefaultSchemaResolver] (Thread-847) Retrieving schema content using string: {"type":"record","name":"myrecordconfluent6","fields":[{"name":"key1","type":"string"}]}
2025-07-31 18:13:54,506 INFO  [io.api.tes.ser.api.KafkaSerdesTester] (Thread-847) Sending message {"key1": "value-1"} to topic topic-858dbd79_9583_4df9_b782_8c9af14ff3b3
2025-07-31 18:13:54,508 INFO  [io.api.tes.ser.api.KafkaSerdesTester] (Thread-847) Sending message {"key1": "value-2"} to topic topic-858dbd79_9583_4df9_b782_8c9af14ff3b3
2025-07-31 18:13:54,509 INFO  [io.api.tes.ser.api.KafkaSerdesTester] (Thread-847) Sending message {"key1": "value-3"} to topic topic-858dbd79_9583_4df9_b782_8c9af14ff3b3
2025-07-31 18:13:54,510 INFO  [io.api.tes.ser.api.KafkaSerdesTester] (Thread-847) Sending message {"key1": "value-4"} to topic topic-858dbd79_9583_4df9_b782_8c9af14ff3b3
2025-07-31 18:13:54,511 INFO  [io.api.tes.ser.api.KafkaSerdesTester] (Thread-847) Sending message {"key1": "value-5"} to topic topic-858dbd79_9583_4df9_b782_8c9af14ff3b3
2025-07-31 18:13:54,513 INFO  [io.api.tes.ser.api.KafkaSerdesTester] (Thread-847) Sending message {"key1": "value-6"} to topic topic-858dbd79_9583_4df9_b782_8c9af14ff3b3
2025-07-31 18:13:54,514 INFO  [io.api.tes.ser.api.KafkaSerdesTester] (Thread-847) Sending message {"key1": "value-7"} to topic topic-858dbd79_9583_4df9_b782_8c9af14ff3b3
2025-07-31 18:13:54,515 INFO  [io.api.tes.ser.api.KafkaSerdesTester] (Thread-847) Sending message {"key1": "value-8"} to topic topic-858dbd79_9583_4df9_b782_8c9af14ff3b3
2025-07-31 18:13:54,516 INFO  [io.api.tes.ser.api.KafkaSerdesTester] (Thread-847) Sending message {"key1": "value-9"} to topic topic-858dbd79_9583_4df9_b782_8c9af14ff3b3
2025-07-31 18:13:54,516 INFO  [io.api.tes.ser.api.KafkaSerdesTester] (Thread-847) Produced 10 messages
2025-07-31 18:13:54,517 INFO  [org.apa.kaf.cli.pro.KafkaProducer] (Thread-847) [Producer clientId=Producer-topic-858dbd79_9583_4df9_b782_8c9af14ff3b3] Closing the Kafka producer with timeoutMillis = 9223372036854775807 ms.
2025-07-31 18:13:54,519 INFO  [org.apa.kaf.com.met.Metrics] (Thread-847) Metrics scheduler closed
2025-07-31 18:13:54,519 INFO  [org.apa.kaf.com.met.Metrics] (Thread-847) Closing reporter org.apache.kafka.common.metrics.JmxReporter
2025-07-31 18:13:54,519 INFO  [org.apa.kaf.com.met.Metrics] (Thread-847) Closing reporter org.apache.kafka.common.telemetry.internals.ClientTelemetryReporter
2025-07-31 18:13:54,519 INFO  [org.apa.kaf.com.met.Metrics] (Thread-847) Metrics reporters closed
2025-07-31 18:13:54,519 INFO  [org.apa.kaf.com.uti.AppInfoParser] (Thread-847) App info kafka.producer for Producer-topic-858dbd79_9583_4df9_b782_8c9af14ff3b3 unregistered
2025-07-31 18:13:54,521 INFO  [org.apa.kaf.cli.con.int.ClassicKafkaConsumer] (Thread-848) [Consumer clientId=consumer-Consumer-topic-d04ac166_86f7_4a23_b328_da702f227b16-31, groupId=Consumer-topic-d04ac166_86f7_4a23_b328_da702f227b16] Subscribed to topic(s): topic-d04ac166_86f7_4a23_b328_da702f227b16
2025-07-31 18:13:54,524 INFO  [org.apa.kaf.cli.Metadata] (Thread-848) [Consumer clientId=consumer-Consumer-topic-d04ac166_86f7_4a23_b328_da702f227b16-31, groupId=Consumer-topic-d04ac166_86f7_4a23_b328_da702f227b16] Cluster ID: Pi_RUBSBSj-WuHInrGEQ6g
2025-07-31 18:13:54,525 INFO  [org.apa.kaf.cli.con.int.ConsumerCoordinator] (Thread-848) [Consumer clientId=consumer-Consumer-topic-d04ac166_86f7_4a23_b328_da702f227b16-31, groupId=Consumer-topic-d04ac166_86f7_4a23_b328_da702f227b16] Discovered group coordinator localhost:32770 (id: 2147483647 rack: null)
2025-07-31 18:13:54,530 INFO  [org.apa.kaf.cli.con.int.ConsumerCoordinator] (Thread-848) [Consumer clientId=consumer-Consumer-topic-d04ac166_86f7_4a23_b328_da702f227b16-31, groupId=Consumer-topic-d04ac166_86f7_4a23_b328_da702f227b16] (Re-)joining group
2025-07-31 18:13:54,533 INFO  [org.apa.kaf.cli.con.int.ConsumerCoordinator] (Thread-848) [Consumer clientId=consumer-Consumer-topic-d04ac166_86f7_4a23_b328_da702f227b16-31, groupId=Consumer-topic-d04ac166_86f7_4a23_b328_da702f227b16] Request joining group due to: need to re-join with the given member-id: consumer-Consumer-topic-d04ac166_86f7_4a23_b328_da702f227b16-31-50203858-1aa3-496a-9256-4d6a7ab78964
2025-07-31 18:13:54,533 INFO  [org.apa.kaf.cli.con.int.ConsumerCoordinator] (Thread-848) [Consumer clientId=consumer-Consumer-topic-d04ac166_86f7_4a23_b328_da702f227b16-31, groupId=Consumer-topic-d04ac166_86f7_4a23_b328_da702f227b16] (Re-)joining group
2025-07-31 18:13:54,536 INFO  [org.apa.kaf.cli.con.int.ConsumerCoordinator] (Thread-848) [Consumer clientId=consumer-Consumer-topic-d04ac166_86f7_4a23_b328_da702f227b16-31, groupId=Consumer-topic-d04ac166_86f7_4a23_b328_da702f227b16] Successfully joined group with generation Generation{generationId=1, memberId='consumer-Consumer-topic-d04ac166_86f7_4a23_b328_da702f227b16-31-50203858-1aa3-496a-9256-4d6a7ab78964', protocol='range'}
2025-07-31 18:13:54,536 INFO  [org.apa.kaf.cli.con.int.ConsumerCoordinator] (Thread-848) [Consumer clientId=consumer-Consumer-topic-d04ac166_86f7_4a23_b328_da702f227b16-31, groupId=Consumer-topic-d04ac166_86f7_4a23_b328_da702f227b16] Finished assignment for group at generation 1: {consumer-Consumer-topic-d04ac166_86f7_4a23_b328_da702f227b16-31-50203858-1aa3-496a-9256-4d6a7ab78964=Assignment(partitions=[topic-d04ac166_86f7_4a23_b328_da702f227b16-0])}
2025-07-31 18:13:54,538 INFO  [org.apa.kaf.cli.con.int.ConsumerCoordinator] (Thread-848) [Consumer clientId=consumer-Consumer-topic-d04ac166_86f7_4a23_b328_da702f227b16-31, groupId=Consumer-topic-d04ac166_86f7_4a23_b328_da702f227b16] Successfully synced group in generation Generation{generationId=1, memberId='consumer-Consumer-topic-d04ac166_86f7_4a23_b328_da702f227b16-31-50203858-1aa3-496a-9256-4d6a7ab78964', protocol='range'}
2025-07-31 18:13:54,538 INFO  [org.apa.kaf.cli.con.int.ConsumerCoordinator] (Thread-848) [Consumer clientId=consumer-Consumer-topic-d04ac166_86f7_4a23_b328_da702f227b16-31, groupId=Consumer-topic-d04ac166_86f7_4a23_b328_da702f227b16] Notifying assignor about the new Assignment(partitions=[topic-d04ac166_86f7_4a23_b328_da702f227b16-0])
2025-07-31 18:13:54,538 INFO  [org.apa.kaf.cli.con.int.ConsumerRebalanceListenerInvoker] (Thread-848) [Consumer clientId=consumer-Consumer-topic-d04ac166_86f7_4a23_b328_da702f227b16-31, groupId=Consumer-topic-d04ac166_86f7_4a23_b328_da702f227b16] Adding newly assigned partitions: topic-d04ac166_86f7_4a23_b328_da702f227b16-0
2025-07-31 18:13:54,539 INFO  [org.apa.kaf.cli.con.int.ConsumerCoordinator] (Thread-848) [Consumer clientId=consumer-Consumer-topic-d04ac166_86f7_4a23_b328_da702f227b16-31, groupId=Consumer-topic-d04ac166_86f7_4a23_b328_da702f227b16] Found no committed offset for partition topic-d04ac166_86f7_4a23_b328_da702f227b16-0
2025-07-31 18:13:54,544 INFO  [org.apa.kaf.cli.con.int.SubscriptionState] (Thread-848) [Consumer clientId=consumer-Consumer-topic-d04ac166_86f7_4a23_b328_da702f227b16-31, groupId=Consumer-topic-d04ac166_86f7_4a23_b328_da702f227b16] Resetting offset for partition topic-d04ac166_86f7_4a23_b328_da702f227b16-0 to position FetchPosition{offset=0, offsetEpoch=Optional.empty, currentLeader=LeaderAndEpoch{leader=Optional[localhost:32770 (id: 0 rack: null)], epoch=0}}.
2025-07-31 18:13:54,581 INFO  [io.api.tes.ser.api.KafkaSerdesTester] (Thread-848) topic-d04ac166_86f7_4a23_b328_da702f227b16 0 0 {"key1": "value-0"}
2025-07-31 18:13:54,587 INFO  [io.api.tes.ser.api.KafkaSerdesTester] (Thread-848) topic-d04ac166_86f7_4a23_b328_da702f227b16 0 1 {"key1": "value-1"}
2025-07-31 18:13:54,587 INFO  [io.api.tes.ser.api.KafkaSerdesTester] (Thread-848) topic-d04ac166_86f7_4a23_b328_da702f227b16 0 2 {"key1": "value-2"}
2025-07-31 18:13:54,587 INFO  [io.api.tes.ser.api.KafkaSerdesTester] (Thread-848) topic-d04ac166_86f7_4a23_b328_da702f227b16 0 3 {"key1": "value-3"}
2025-07-31 18:13:54,587 INFO  [io.api.tes.ser.api.KafkaSerdesTester] (Thread-848) topic-d04ac166_86f7_4a23_b328_da702f227b16 0 4 {"key1": "value-4"}
2025-07-31 18:13:54,587 INFO  [io.api.tes.ser.api.KafkaSerdesTester] (Thread-848) topic-d04ac166_86f7_4a23_b328_da702f227b16 0 5 {"key1": "value-5"}
2025-07-31 18:13:54,587 INFO  [io.api.tes.ser.api.KafkaSerdesTester] (Thread-848) topic-d04ac166_86f7_4a23_b328_da702f227b16 0 6 {"key1": "value-6"}
2025-07-31 18:13:54,587 INFO  [io.api.tes.ser.api.KafkaSerdesTester] (Thread-848) topic-d04ac166_86f7_4a23_b328_da702f227b16 0 7 {"key1": "value-7"}
2025-07-31 18:13:54,587 INFO  [io.api.tes.ser.api.KafkaSerdesTester] (Thread-848) topic-d04ac166_86f7_4a23_b328_da702f227b16 0 8 {"key1": "value-8"}
2025-07-31 18:13:54,587 INFO  [io.api.tes.ser.api.KafkaSerdesTester] (Thread-848) topic-d04ac166_86f7_4a23_b328_da702f227b16 0 9 {"key1": "value-9"}
2025-07-31 18:13:54,587 INFO  [io.api.tes.ser.api.KafkaSerdesTester] (Thread-848) Consumed 10 messages
2025-07-31 18:13:54,588 INFO  [org.apa.kaf.cli.con.int.ConsumerRebalanceListenerInvoker] (Thread-848) [Consumer clientId=consumer-Consumer-topic-d04ac166_86f7_4a23_b328_da702f227b16-31, groupId=Consumer-topic-d04ac166_86f7_4a23_b328_da702f227b16] Revoke previously assigned partitions topic-d04ac166_86f7_4a23_b328_da702f227b16-0
2025-07-31 18:13:54,588 INFO  [org.apa.kaf.cli.con.int.ConsumerCoordinator] (Thread-848) [Consumer clientId=consumer-Consumer-topic-d04ac166_86f7_4a23_b328_da702f227b16-31, groupId=Consumer-topic-d04ac166_86f7_4a23_b328_da702f227b16] Member consumer-Consumer-topic-d04ac166_86f7_4a23_b328_da702f227b16-31-50203858-1aa3-496a-9256-4d6a7ab78964 sending LeaveGroup request to coordinator localhost:32770 (id: 2147483647 rack: null) due to the consumer is being closed
2025-07-31 18:13:54,589 INFO  [org.apa.kaf.cli.con.int.ConsumerCoordinator] (Thread-848) [Consumer clientId=consumer-Consumer-topic-d04ac166_86f7_4a23_b328_da702f227b16-31, groupId=Consumer-topic-d04ac166_86f7_4a23_b328_da702f227b16] Resetting generation and member id due to: consumer pro-actively leaving the group
2025-07-31 18:13:54,589 INFO  [org.apa.kaf.cli.con.int.ConsumerCoordinator] (Thread-848) [Consumer clientId=consumer-Consumer-topic-d04ac166_86f7_4a23_b328_da702f227b16-31, groupId=Consumer-topic-d04ac166_86f7_4a23_b328_da702f227b16] Request joining group due to: consumer pro-actively leaving the group
2025-07-31 18:13:55,085 INFO  [org.apa.kaf.com.met.Metrics] (Thread-848) Metrics scheduler closed
2025-07-31 18:13:55,085 INFO  [org.apa.kaf.com.met.Metrics] (Thread-848) Closing reporter org.apache.kafka.common.metrics.JmxReporter
2025-07-31 18:13:55,085 INFO  [org.apa.kaf.com.met.Metrics] (Thread-848) Closing reporter org.apache.kafka.common.telemetry.internals.ClientTelemetryReporter
2025-07-31 18:13:55,085 INFO  [org.apa.kaf.com.met.Metrics] (Thread-848) Metrics reporters closed
2025-07-31 18:13:55,087 INFO  [org.apa.kaf.com.uti.AppInfoParser] (Thread-848) App info kafka.consumer for consumer-Consumer-topic-d04ac166_86f7_4a23_b328_da702f227b16-31 unregistered
2025-07-31 18:13:55,088 INFO  [org.apa.kaf.cli.con.int.ClassicKafkaConsumer] (Thread-849) [Consumer clientId=consumer-Consumer-topic-8dd55ac5_e7e7_4771_9466_f90a3a28ac22-32, groupId=Consumer-topic-8dd55ac5_e7e7_4771_9466_f90a3a28ac22] Subscribed to topic(s): topic-8dd55ac5_e7e7_4771_9466_f90a3a28ac22
2025-07-31 18:13:55,091 INFO  [org.apa.kaf.cli.Metadata] (Thread-849) [Consumer clientId=consumer-Consumer-topic-8dd55ac5_e7e7_4771_9466_f90a3a28ac22-32, groupId=Consumer-topic-8dd55ac5_e7e7_4771_9466_f90a3a28ac22] Cluster ID: Pi_RUBSBSj-WuHInrGEQ6g
2025-07-31 18:13:55,092 INFO  [org.apa.kaf.cli.con.int.ConsumerCoordinator] (Thread-849) [Consumer clientId=consumer-Consumer-topic-8dd55ac5_e7e7_4771_9466_f90a3a28ac22-32, groupId=Consumer-topic-8dd55ac5_e7e7_4771_9466_f90a3a28ac22] Discovered group coordinator localhost:32770 (id: 2147483647 rack: null)
2025-07-31 18:13:55,092 INFO  [org.apa.kaf.cli.con.int.ConsumerCoordinator] (Thread-849) [Consumer clientId=consumer-Consumer-topic-8dd55ac5_e7e7_4771_9466_f90a3a28ac22-32, groupId=Consumer-topic-8dd55ac5_e7e7_4771_9466_f90a3a28ac22] (Re-)joining group
2025-07-31 18:13:55,101 INFO  [org.apa.kaf.cli.con.int.ConsumerCoordinator] (Thread-849) [Consumer clientId=consumer-Consumer-topic-8dd55ac5_e7e7_4771_9466_f90a3a28ac22-32, groupId=Consumer-topic-8dd55ac5_e7e7_4771_9466_f90a3a28ac22] Request joining group due to: need to re-join with the given member-id: consumer-Consumer-topic-8dd55ac5_e7e7_4771_9466_f90a3a28ac22-32-f1e324ee-3307-4c69-9db9-fab25e0a7898
2025-07-31 18:13:55,101 INFO  [org.apa.kaf.cli.con.int.ConsumerCoordinator] (Thread-849) [Consumer clientId=consumer-Consumer-topic-8dd55ac5_e7e7_4771_9466_f90a3a28ac22-32, groupId=Consumer-topic-8dd55ac5_e7e7_4771_9466_f90a3a28ac22] (Re-)joining group
2025-07-31 18:13:55,105 INFO  [org.apa.kaf.cli.con.int.ConsumerCoordinator] (Thread-849) [Consumer clientId=consumer-Consumer-topic-8dd55ac5_e7e7_4771_9466_f90a3a28ac22-32, groupId=Consumer-topic-8dd55ac5_e7e7_4771_9466_f90a3a28ac22] Successfully joined group with generation Generation{generationId=1, memberId='consumer-Consumer-topic-8dd55ac5_e7e7_4771_9466_f90a3a28ac22-32-f1e324ee-3307-4c69-9db9-fab25e0a7898', protocol='range'}
2025-07-31 18:13:55,105 INFO  [org.apa.kaf.cli.con.int.ConsumerCoordinator] (Thread-849) [Consumer clientId=consumer-Consumer-topic-8dd55ac5_e7e7_4771_9466_f90a3a28ac22-32, groupId=Consumer-topic-8dd55ac5_e7e7_4771_9466_f90a3a28ac22] Finished assignment for group at generation 1: {consumer-Consumer-topic-8dd55ac5_e7e7_4771_9466_f90a3a28ac22-32-f1e324ee-3307-4c69-9db9-fab25e0a7898=Assignment(partitions=[topic-8dd55ac5_e7e7_4771_9466_f90a3a28ac22-0])}
2025-07-31 18:13:55,107 INFO  [org.apa.kaf.cli.con.int.ConsumerCoordinator] (Thread-849) [Consumer clientId=consumer-Consumer-topic-8dd55ac5_e7e7_4771_9466_f90a3a28ac22-32, groupId=Consumer-topic-8dd55ac5_e7e7_4771_9466_f90a3a28ac22] Successfully synced group in generation Generation{generationId=1, memberId='consumer-Consumer-topic-8dd55ac5_e7e7_4771_9466_f90a3a28ac22-32-f1e324ee-3307-4c69-9db9-fab25e0a7898', protocol='range'}
2025-07-31 18:13:55,107 INFO  [org.apa.kaf.cli.con.int.ConsumerCoordinator] (Thread-849) [Consumer clientId=consumer-Consumer-topic-8dd55ac5_e7e7_4771_9466_f90a3a28ac22-32, groupId=Consumer-topic-8dd55ac5_e7e7_4771_9466_f90a3a28ac22] Notifying assignor about the new Assignment(partitions=[topic-8dd55ac5_e7e7_4771_9466_f90a3a28ac22-0])
2025-07-31 18:13:55,107 INFO  [org.apa.kaf.cli.con.int.ConsumerRebalanceListenerInvoker] (Thread-849) [Consumer clientId=consumer-Consumer-topic-8dd55ac5_e7e7_4771_9466_f90a3a28ac22-32, groupId=Consumer-topic-8dd55ac5_e7e7_4771_9466_f90a3a28ac22] Adding newly assigned partitions: topic-8dd55ac5_e7e7_4771_9466_f90a3a28ac22-0
2025-07-31 18:13:55,108 INFO  [org.apa.kaf.cli.con.int.ConsumerCoordinator] (Thread-849) [Consumer clientId=consumer-Consumer-topic-8dd55ac5_e7e7_4771_9466_f90a3a28ac22-32, groupId=Consumer-topic-8dd55ac5_e7e7_4771_9466_f90a3a28ac22] Found no committed offset for partition topic-8dd55ac5_e7e7_4771_9466_f90a3a28ac22-0
2025-07-31 18:13:55,112 INFO  [org.apa.kaf.cli.con.int.SubscriptionState] (Thread-849) [Consumer clientId=consumer-Consumer-topic-8dd55ac5_e7e7_4771_9466_f90a3a28ac22-32, groupId=Consumer-topic-8dd55ac5_e7e7_4771_9466_f90a3a28ac22] Resetting offset for partition topic-8dd55ac5_e7e7_4771_9466_f90a3a28ac22-0 to position FetchPosition{offset=0, offsetEpoch=Optional.empty, currentLeader=LeaderAndEpoch{leader=Optional[localhost:32770 (id: 0 rack: null)], epoch=0}}.
2025-07-31 18:13:55,145 INFO  [io.api.tes.ser.api.KafkaSerdesTester] (Thread-849) topic-8dd55ac5_e7e7_4771_9466_f90a3a28ac22 0 0 {"key1": "value-0"}
2025-07-31 18:13:55,145 INFO  [io.api.tes.ser.api.KafkaSerdesTester] (Thread-849) topic-8dd55ac5_e7e7_4771_9466_f90a3a28ac22 0 1 {"key1": "value-1"}
2025-07-31 18:13:55,145 INFO  [io.api.tes.ser.api.KafkaSerdesTester] (Thread-849) topic-8dd55ac5_e7e7_4771_9466_f90a3a28ac22 0 2 {"key1": "value-2"}
2025-07-31 18:13:55,145 INFO  [io.api.tes.ser.api.KafkaSerdesTester] (Thread-849) topic-8dd55ac5_e7e7_4771_9466_f90a3a28ac22 0 3 {"key1": "value-3"}
2025-07-31 18:13:55,145 INFO  [io.api.tes.ser.api.KafkaSerdesTester] (Thread-849) topic-8dd55ac5_e7e7_4771_9466_f90a3a28ac22 0 4 {"key1": "value-4"}
2025-07-31 18:13:55,145 INFO  [io.api.tes.ser.api.KafkaSerdesTester] (Thread-849) topic-8dd55ac5_e7e7_4771_9466_f90a3a28ac22 0 5 {"key1": "value-5"}
2025-07-31 18:13:55,145 INFO  [io.api.tes.ser.api.KafkaSerdesTester] (Thread-849) topic-8dd55ac5_e7e7_4771_9466_f90a3a28ac22 0 6 {"key1": "value-6"}
2025-07-31 18:13:55,145 INFO  [io.api.tes.ser.api.KafkaSerdesTester] (Thread-849) topic-8dd55ac5_e7e7_4771_9466_f90a3a28ac22 0 7 {"key1": "value-7"}
2025-07-31 18:13:55,145 INFO  [io.api.tes.ser.api.KafkaSerdesTester] (Thread-849) topic-8dd55ac5_e7e7_4771_9466_f90a3a28ac22 0 8 {"key1": "value-8"}
2025-07-31 18:13:55,145 INFO  [io.api.tes.ser.api.KafkaSerdesTester] (Thread-849) topic-8dd55ac5_e7e7_4771_9466_f90a3a28ac22 0 9 {"key1": "value-9"}
2025-07-31 18:13:55,145 INFO  [io.api.tes.ser.api.KafkaSerdesTester] (Thread-849) Consumed 10 messages
2025-07-31 18:13:55,147 INFO  [org.apa.kaf.cli.con.int.ConsumerRebalanceListenerInvoker] (Thread-849) [Consumer clientId=consumer-Consumer-topic-8dd55ac5_e7e7_4771_9466_f90a3a28ac22-32, groupId=Consumer-topic-8dd55ac5_e7e7_4771_9466_f90a3a28ac22] Revoke previously assigned partitions topic-8dd55ac5_e7e7_4771_9466_f90a3a28ac22-0
2025-07-31 18:13:55,147 INFO  [org.apa.kaf.cli.con.int.ConsumerCoordinator] (Thread-849) [Consumer clientId=consumer-Consumer-topic-8dd55ac5_e7e7_4771_9466_f90a3a28ac22-32, groupId=Consumer-topic-8dd55ac5_e7e7_4771_9466_f90a3a28ac22] Member consumer-Consumer-topic-8dd55ac5_e7e7_4771_9466_f90a3a28ac22-32-f1e324ee-3307-4c69-9db9-fab25e0a7898 sending LeaveGroup request to coordinator localhost:32770 (id: 2147483647 rack: null) due to the consumer is being closed
2025-07-31 18:13:55,148 INFO  [org.apa.kaf.cli.con.int.ConsumerCoordinator] (Thread-849) [Consumer clientId=consumer-Consumer-topic-8dd55ac5_e7e7_4771_9466_f90a3a28ac22-32, groupId=Consumer-topic-8dd55ac5_e7e7_4771_9466_f90a3a28ac22] Resetting generation and member id due to: consumer pro-actively leaving the group
2025-07-31 18:13:55,148 INFO  [org.apa.kaf.cli.con.int.ConsumerCoordinator] (Thread-849) [Consumer clientId=consumer-Consumer-topic-8dd55ac5_e7e7_4771_9466_f90a3a28ac22-32, groupId=Consumer-topic-8dd55ac5_e7e7_4771_9466_f90a3a28ac22] Request joining group due to: consumer pro-actively leaving the group
2025-07-31 18:13:55,647 INFO  [org.apa.kaf.com.met.Metrics] (Thread-849) Metrics scheduler closed
2025-07-31 18:13:55,647 INFO  [org.apa.kaf.com.met.Metrics] (Thread-849) Closing reporter org.apache.kafka.common.metrics.JmxReporter
2025-07-31 18:13:55,647 INFO  [org.apa.kaf.com.met.Metrics] (Thread-849) Closing reporter org.apache.kafka.common.telemetry.internals.ClientTelemetryReporter
2025-07-31 18:13:55,647 INFO  [org.apa.kaf.com.met.Metrics] (Thread-849) Metrics reporters closed
2025-07-31 18:13:55,651 INFO  [org.apa.kaf.com.uti.AppInfoParser] (Thread-849) App info kafka.consumer for consumer-Consumer-topic-8dd55ac5_e7e7_4771_9466_f90a3a28ac22-32 unregistered
2025-07-31 18:13:55,653 INFO  [org.apa.kaf.cli.con.int.ClassicKafkaConsumer] (Thread-850) [Consumer clientId=consumer-Consumer-topic-858dbd79_9583_4df9_b782_8c9af14ff3b3-33, groupId=Consumer-topic-858dbd79_9583_4df9_b782_8c9af14ff3b3] Subscribed to topic(s): topic-858dbd79_9583_4df9_b782_8c9af14ff3b3
2025-07-31 18:13:55,659 INFO  [org.apa.kaf.cli.Metadata] (Thread-850) [Consumer clientId=consumer-Consumer-topic-858dbd79_9583_4df9_b782_8c9af14ff3b3-33, groupId=Consumer-topic-858dbd79_9583_4df9_b782_8c9af14ff3b3] Cluster ID: Pi_RUBSBSj-WuHInrGEQ6g
2025-07-31 18:13:55,660 INFO  [org.apa.kaf.cli.con.int.ConsumerCoordinator] (Thread-850) [Consumer clientId=consumer-Consumer-topic-858dbd79_9583_4df9_b782_8c9af14ff3b3-33, groupId=Consumer-topic-858dbd79_9583_4df9_b782_8c9af14ff3b3] Discovered group coordinator localhost:32770 (id: 2147483647 rack: null)
2025-07-31 18:13:55,662 INFO  [org.apa.kaf.cli.con.int.ConsumerCoordinator] (Thread-850) [Consumer clientId=consumer-Consumer-topic-858dbd79_9583_4df9_b782_8c9af14ff3b3-33, groupId=Consumer-topic-858dbd79_9583_4df9_b782_8c9af14ff3b3] (Re-)joining group
2025-07-31 18:13:55,666 INFO  [org.apa.kaf.cli.con.int.ConsumerCoordinator] (Thread-850) [Consumer clientId=consumer-Consumer-topic-858dbd79_9583_4df9_b782_8c9af14ff3b3-33, groupId=Consumer-topic-858dbd79_9583_4df9_b782_8c9af14ff3b3] Request joining group due to: need to re-join with the given member-id: consumer-Consumer-topic-858dbd79_9583_4df9_b782_8c9af14ff3b3-33-2a4c475d-0135-448a-b35b-6fadd6583232
2025-07-31 18:13:55,666 INFO  [org.apa.kaf.cli.con.int.ConsumerCoordinator] (Thread-850) [Consumer clientId=consumer-Consumer-topic-858dbd79_9583_4df9_b782_8c9af14ff3b3-33, groupId=Consumer-topic-858dbd79_9583_4df9_b782_8c9af14ff3b3] (Re-)joining group
2025-07-31 18:13:55,668 INFO  [org.apa.kaf.cli.con.int.ConsumerCoordinator] (Thread-850) [Consumer clientId=consumer-Consumer-topic-858dbd79_9583_4df9_b782_8c9af14ff3b3-33, groupId=Consumer-topic-858dbd79_9583_4df9_b782_8c9af14ff3b3] Successfully joined group with generation Generation{generationId=1, memberId='consumer-Consumer-topic-858dbd79_9583_4df9_b782_8c9af14ff3b3-33-2a4c475d-0135-448a-b35b-6fadd6583232', protocol='range'}
2025-07-31 18:13:55,668 INFO  [org.apa.kaf.cli.con.int.ConsumerCoordinator] (Thread-850) [Consumer clientId=consumer-Consumer-topic-858dbd79_9583_4df9_b782_8c9af14ff3b3-33, groupId=Consumer-topic-858dbd79_9583_4df9_b782_8c9af14ff3b3] Finished assignment for group at generation 1: {consumer-Consumer-topic-858dbd79_9583_4df9_b782_8c9af14ff3b3-33-2a4c475d-0135-448a-b35b-6fadd6583232=Assignment(partitions=[topic-858dbd79_9583_4df9_b782_8c9af14ff3b3-0])}
2025-07-31 18:13:55,670 INFO  [org.apa.kaf.cli.con.int.ConsumerCoordinator] (Thread-850) [Consumer clientId=consumer-Consumer-topic-858dbd79_9583_4df9_b782_8c9af14ff3b3-33, groupId=Consumer-topic-858dbd79_9583_4df9_b782_8c9af14ff3b3] Successfully synced group in generation Generation{generationId=1, memberId='consumer-Consumer-topic-858dbd79_9583_4df9_b782_8c9af14ff3b3-33-2a4c475d-0135-448a-b35b-6fadd6583232', protocol='range'}
2025-07-31 18:13:55,670 INFO  [org.apa.kaf.cli.con.int.ConsumerCoordinator] (Thread-850) [Consumer clientId=consumer-Consumer-topic-858dbd79_9583_4df9_b782_8c9af14ff3b3-33, groupId=Consumer-topic-858dbd79_9583_4df9_b782_8c9af14ff3b3] Notifying assignor about the new Assignment(partitions=[topic-858dbd79_9583_4df9_b782_8c9af14ff3b3-0])
2025-07-31 18:13:55,670 INFO  [org.apa.kaf.cli.con.int.ConsumerRebalanceListenerInvoker] (Thread-850) [Consumer clientId=consumer-Consumer-topic-858dbd79_9583_4df9_b782_8c9af14ff3b3-33, groupId=Consumer-topic-858dbd79_9583_4df9_b782_8c9af14ff3b3] Adding newly assigned partitions: topic-858dbd79_9583_4df9_b782_8c9af14ff3b3-0
2025-07-31 18:13:55,671 INFO  [org.apa.kaf.cli.con.int.ConsumerCoordinator] (Thread-850) [Consumer clientId=consumer-Consumer-topic-858dbd79_9583_4df9_b782_8c9af14ff3b3-33, groupId=Consumer-topic-858dbd79_9583_4df9_b782_8c9af14ff3b3] Found no committed offset for partition topic-858dbd79_9583_4df9_b782_8c9af14ff3b3-0
2025-07-31 18:13:55,678 INFO  [org.apa.kaf.cli.con.int.SubscriptionState] (Thread-850) [Consumer clientId=consumer-Consumer-topic-858dbd79_9583_4df9_b782_8c9af14ff3b3-33, groupId=Consumer-topic-858dbd79_9583_4df9_b782_8c9af14ff3b3] Resetting offset for partition topic-858dbd79_9583_4df9_b782_8c9af14ff3b3-0 to position FetchPosition{offset=0, offsetEpoch=Optional.empty, currentLeader=LeaderAndEpoch{leader=Optional[localhost:32770 (id: 0 rack: null)], epoch=0}}.
2025-07-31 18:13:55,716 INFO  [io.api.tes.ser.api.KafkaSerdesTester] (Thread-850) topic-858dbd79_9583_4df9_b782_8c9af14ff3b3 0 0 {"key1": "value-0"}
2025-07-31 18:13:55,717 INFO  [io.api.tes.ser.api.KafkaSerdesTester] (Thread-850) topic-858dbd79_9583_4df9_b782_8c9af14ff3b3 0 1 {"key1": "value-1"}
2025-07-31 18:13:55,717 INFO  [io.api.tes.ser.api.KafkaSerdesTester] (Thread-850) topic-858dbd79_9583_4df9_b782_8c9af14ff3b3 0 2 {"key1": "value-2"}
2025-07-31 18:13:55,717 INFO  [io.api.tes.ser.api.KafkaSerdesTester] (Thread-850) topic-858dbd79_9583_4df9_b782_8c9af14ff3b3 0 3 {"key1": "value-3"}
2025-07-31 18:13:55,717 INFO  [io.api.tes.ser.api.KafkaSerdesTester] (Thread-850) topic-858dbd79_9583_4df9_b782_8c9af14ff3b3 0 4 {"key1": "value-4"}
2025-07-31 18:13:55,717 INFO  [io.api.tes.ser.api.KafkaSerdesTester] (Thread-850) topic-858dbd79_9583_4df9_b782_8c9af14ff3b3 0 5 {"key1": "value-5"}
2025-07-31 18:13:55,717 INFO  [io.api.tes.ser.api.KafkaSerdesTester] (Thread-850) topic-858dbd79_9583_4df9_b782_8c9af14ff3b3 0 6 {"key1": "value-6"}
2025-07-31 18:13:55,717 INFO  [io.api.tes.ser.api.KafkaSerdesTester] (Thread-850) topic-858dbd79_9583_4df9_b782_8c9af14ff3b3 0 7 {"key1": "value-7"}
2025-07-31 18:13:55,717 INFO  [io.api.tes.ser.api.KafkaSerdesTester] (Thread-850) topic-858dbd79_9583_4df9_b782_8c9af14ff3b3 0 8 {"key1": "value-8"}
2025-07-31 18:13:55,717 INFO  [io.api.tes.ser.api.KafkaSerdesTester] (Thread-850) topic-858dbd79_9583_4df9_b782_8c9af14ff3b3 0 9 {"key1": "value-9"}
2025-07-31 18:13:55,717 INFO  [io.api.tes.ser.api.KafkaSerdesTester] (Thread-850) Consumed 10 messages
2025-07-31 18:13:55,719 INFO  [org.apa.kaf.cli.con.int.ConsumerRebalanceListenerInvoker] (Thread-850) [Consumer clientId=consumer-Consumer-topic-858dbd79_9583_4df9_b782_8c9af14ff3b3-33, groupId=Consumer-topic-858dbd79_9583_4df9_b782_8c9af14ff3b3] Revoke previously assigned partitions topic-858dbd79_9583_4df9_b782_8c9af14ff3b3-0
2025-07-31 18:13:55,719 INFO  [org.apa.kaf.cli.con.int.ConsumerCoordinator] (Thread-850) [Consumer clientId=consumer-Consumer-topic-858dbd79_9583_4df9_b782_8c9af14ff3b3-33, groupId=Consumer-topic-858dbd79_9583_4df9_b782_8c9af14ff3b3] Member consumer-Consumer-topic-858dbd79_9583_4df9_b782_8c9af14ff3b3-33-2a4c475d-0135-448a-b35b-6fadd6583232 sending LeaveGroup request to coordinator localhost:32770 (id: 2147483647 rack: null) due to the consumer is being closed
2025-07-31 18:13:55,719 INFO  [org.apa.kaf.cli.con.int.ConsumerCoordinator] (Thread-850) [Consumer clientId=consumer-Consumer-topic-858dbd79_9583_4df9_b782_8c9af14ff3b3-33, groupId=Consumer-topic-858dbd79_9583_4df9_b782_8c9af14ff3b3] Resetting generation and member id due to: consumer pro-actively leaving the group
2025-07-31 18:13:55,719 INFO  [org.apa.kaf.cli.con.int.ConsumerCoordinator] (Thread-850) [Consumer clientId=consumer-Consumer-topic-858dbd79_9583_4df9_b782_8c9af14ff3b3-33, groupId=Consumer-topic-858dbd79_9583_4df9_b782_8c9af14ff3b3] Request joining group due to: consumer pro-actively leaving the group
2025-07-31 18:13:56,220 INFO  [org.apa.kaf.com.met.Metrics] (Thread-850) Metrics scheduler closed
2025-07-31 18:13:56,220 INFO  [org.apa.kaf.com.met.Metrics] (Thread-850) Closing reporter org.apache.kafka.common.metrics.JmxReporter
2025-07-31 18:13:56,220 INFO  [org.apa.kaf.com.met.Metrics] (Thread-850) Closing reporter org.apache.kafka.common.telemetry.internals.ClientTelemetryReporter
2025-07-31 18:13:56,220 INFO  [org.apa.kaf.com.met.Metrics] (Thread-850) Metrics reporters closed
2025-07-31 18:13:56,222 INFO  [org.apa.kaf.com.uti.AppInfoParser] (Thread-850) App info kafka.consumer for consumer-Consumer-topic-858dbd79_9583_4df9_b782_8c9af14ff3b3-33 unregistered
2025-07-31 18:13:56,246 INFO  [io.api.tes.ser.con.BasicConfluentSerDesIT] (main) Deleting confluent schema myrecordconfluent6
2025-07-31 18:13:56,257 INFO  [io.api.tes.uti.TestSeparator] (main) io.apicurio.tests.serdes.confluent.BasicConfluentSerDesIT.testAvroConfluentForMultipleTopics-FINISHED
2025-07-31 18:13:56,257 INFO  [io.api.tes.uti.TestSeparator] (main) ############################################################################
Test passed: testAvroConfluentForMultipleTopics
]]></system-out>
  </testcase>
  <testcase name="testAvroConfluentApicurio" classname="io.apicurio.tests.serdes.confluent.BasicConfluentSerDesIT" time="0.675">
    <system-out><![CDATA[2025-07-31 18:13:56,259 INFO  [io.api.tes.uti.TestSeparator] (main) ############################################################################
2025-07-31 18:13:56,259 INFO  [io.api.tes.uti.TestSeparator] (main) io.apicurio.tests.serdes.confluent.BasicConfluentSerDesIT.testAvroConfluentApicurio-STARTED
2025-07-31 18:13:56,284 INFO  [io.api.tes.ser.con.BasicConfluentSerDesIT] (main) Checking that created schema is equal to the get schema
2025-07-31 18:13:56,294 INFO  [io.api.tes.ser.con.BasicConfluentSerDesIT] (main) Created schema with id:100 and name:myrecordconfluent1
**** Registry Base URL: http://registry-app-inmemory.apps.ci419.apicurio-testing.org:80
2025-07-31 18:13:56,295 INFO  [org.apa.kaf.cli.pro.ProducerConfig] (main) ProducerConfig values: 
	acks = -1
	auto.include.jmx.reporter = true
	batch.size = 16384
	bootstrap.servers = [PLAINTEXT://localhost:32770]
	buffer.memory = 33554432
	client.dns.lookup = use_all_dns_ips
	client.id = Producer-topic-6d115bfd_ad84_4229_90b4_5c3e625e5bb4
	compression.gzip.level = -1
	compression.lz4.level = 9
	compression.type = none
	compression.zstd.level = 3
	connections.max.idle.ms = 10000
	delivery.timeout.ms = 120000
	enable.idempotence = true
	enable.metrics.push = true
	interceptor.classes = []
	key.serializer = class org.apache.kafka.common.serialization.StringSerializer
	linger.ms = 0
	max.block.ms = 60000
	max.in.flight.requests.per.connection = 5
	max.request.size = 1048576
	metadata.max.age.ms = 300000
	metadata.max.idle.ms = 300000
	metadata.recovery.strategy = none
	metric.reporters = []
	metrics.num.samples = 2
	metrics.recording.level = INFO
	metrics.sample.window.ms = 30000
	partitioner.adaptive.partitioning.enable = true
	partitioner.availability.timeout.ms = 0
	partitioner.class = null
	partitioner.ignore.keys = false
	receive.buffer.bytes = 32768
	reconnect.backoff.max.ms = 1000
	reconnect.backoff.ms = 50
	request.timeout.ms = 5000
	retries = 2147483647
	retry.backoff.max.ms = 1000
	retry.backoff.ms = 100
	sasl.client.callback.handler.class = null
	sasl.jaas.config = null
	sasl.kerberos.kinit.cmd = /usr/bin/kinit
	sasl.kerberos.min.time.before.relogin = 60000
	sasl.kerberos.service.name = null
	sasl.kerberos.ticket.renew.jitter = 0.05
	sasl.kerberos.ticket.renew.window.factor = 0.8
	sasl.login.callback.handler.class = null
	sasl.login.class = null
	sasl.login.connect.timeout.ms = null
	sasl.login.read.timeout.ms = null
	sasl.login.refresh.buffer.seconds = 300
	sasl.login.refresh.min.period.seconds = 60
	sasl.login.refresh.window.factor = 0.8
	sasl.login.refresh.window.jitter = 0.05
	sasl.login.retry.backoff.max.ms = 10000
	sasl.login.retry.backoff.ms = 100
	sasl.mechanism = GSSAPI
	sasl.oauthbearer.clock.skew.seconds = 30
	sasl.oauthbearer.expected.audience = null
	sasl.oauthbearer.expected.issuer = null
	sasl.oauthbearer.header.urlencode = false
	sasl.oauthbearer.jwks.endpoint.refresh.ms = 3600000
	sasl.oauthbearer.jwks.endpoint.retry.backoff.max.ms = 10000
	sasl.oauthbearer.jwks.endpoint.retry.backoff.ms = 100
	sasl.oauthbearer.jwks.endpoint.url = null
	sasl.oauthbearer.scope.claim.name = scope
	sasl.oauthbearer.sub.claim.name = sub
	sasl.oauthbearer.token.endpoint.url = null
	security.protocol = PLAINTEXT
	security.providers = null
	send.buffer.bytes = 131072
	socket.connection.setup.timeout.max.ms = 30000
	socket.connection.setup.timeout.ms = 10000
	ssl.cipher.suites = null
	ssl.enabled.protocols = [TLSv1.2, TLSv1.3]
	ssl.endpoint.identification.algorithm = https
	ssl.engine.factory.class = null
	ssl.key.password = null
	ssl.keymanager.algorithm = SunX509
	ssl.keystore.certificate.chain = null
	ssl.keystore.key = null
	ssl.keystore.location = null
	ssl.keystore.password = null
	ssl.keystore.type = JKS
	ssl.protocol = TLSv1.3
	ssl.provider = null
	ssl.secure.random.implementation = null
	ssl.trustmanager.algorithm = PKIX
	ssl.truststore.certificates = null
	ssl.truststore.location = null
	ssl.truststore.password = null
	ssl.truststore.type = JKS
	transaction.timeout.ms = 60000
	transactional.id = null
	value.serializer = class io.confluent.kafka.serializers.KafkaAvroSerializer

2025-07-31 18:13:56,295 INFO  [org.apa.kaf.com.tel.int.KafkaMetricsCollector] (main) initializing Kafka metrics collector
2025-07-31 18:13:56,295 INFO  [io.con.kaf.ser.KafkaAvroSerializerConfig] (main) KafkaAvroSerializerConfig values: 
	auto.register.schemas = false
	avro.reflection.allow.null = false
	avro.remove.java.properties = false
	avro.use.logical.type.converters = false
	basic.auth.credentials.source = URL
	basic.auth.user.info = [hidden]
	bearer.auth.cache.expiry.buffer.seconds = 300
	bearer.auth.client.id = null
	bearer.auth.client.secret = null
	bearer.auth.credentials.source = STATIC_TOKEN
	bearer.auth.custom.provider.class = null
	bearer.auth.identity.pool.id = null
	bearer.auth.issuer.endpoint.url = null
	bearer.auth.logical.cluster = null
	bearer.auth.scope = null
	bearer.auth.scope.claim.name = scope
	bearer.auth.sub.claim.name = sub
	bearer.auth.token = [hidden]
	context.name.strategy = class io.confluent.kafka.serializers.context.NullContextNameStrategy
	http.connect.timeout.ms = 60000
	http.read.timeout.ms = 60000
	id.compatibility.strict = true
	key.schema.id.deserializer = class io.confluent.kafka.serializers.schema.id.DualSchemaIdDeserializer
	key.schema.id.serializer = class io.confluent.kafka.serializers.schema.id.PrefixSchemaIdSerializer
	key.subject.name.strategy = class io.confluent.kafka.serializers.subject.TopicNameStrategy
	latest.cache.size = 1000
	latest.cache.ttl.sec = -1
	latest.compatibility.strict = true
	max.retries = 3
	max.schemas.per.subject = 1000
	normalize.schemas = false
	propagate.schema.tags = false
	proxy.host = 
	proxy.port = -1
	retries.max.wait.ms = 20000
	retries.wait.ms = 1000
	rule.actions = []
	rule.executors = []
	rule.service.loader.enable = true
	schema.format = null
	schema.reflection = false
	schema.registry.basic.auth.user.info = [hidden]
	schema.registry.ssl.cipher.suites = null
	schema.registry.ssl.enabled.protocols = [TLSv1.2, TLSv1.3]
	schema.registry.ssl.endpoint.identification.algorithm = https
	schema.registry.ssl.engine.factory.class = null
	schema.registry.ssl.key.password = null
	schema.registry.ssl.keymanager.algorithm = SunX509
	schema.registry.ssl.keystore.certificate.chain = null
	schema.registry.ssl.keystore.key = null
	schema.registry.ssl.keystore.location = null
	schema.registry.ssl.keystore.password = null
	schema.registry.ssl.keystore.type = JKS
	schema.registry.ssl.protocol = TLSv1.3
	schema.registry.ssl.provider = null
	schema.registry.ssl.secure.random.implementation = null
	schema.registry.ssl.trustmanager.algorithm = PKIX
	schema.registry.ssl.truststore.certificates = null
	schema.registry.ssl.truststore.location = null
	schema.registry.ssl.truststore.password = null
	schema.registry.ssl.truststore.type = JKS
	schema.registry.url = [http://registry-app-inmemory.apps.ci419.apicurio-testing.org:80/apis/ccompat/v7]
	schema.registry.url.randomize = false
	use.latest.version = false
	use.latest.with.metadata = null
	use.schema.id = -1
	value.schema.id.deserializer = class io.confluent.kafka.serializers.schema.id.DualSchemaIdDeserializer
	value.schema.id.serializer = class io.confluent.kafka.serializers.schema.id.PrefixSchemaIdSerializer
	value.subject.name.strategy = class io.confluent.kafka.serializers.subject.TopicNameStrategy

2025-07-31 18:13:56,297 INFO  [org.apa.kaf.cli.pro.KafkaProducer] (main) [Producer clientId=Producer-topic-6d115bfd_ad84_4229_90b4_5c3e625e5bb4] Instantiated an idempotent producer.
2025-07-31 18:13:56,298 INFO  [org.apa.kaf.cli.pro.ProducerConfig] (main) These configurations '[schema.registry.url, auto.register.schemas, value.subject.name.strategy]' were supplied but are not used yet.
2025-07-31 18:13:56,298 INFO  [org.apa.kaf.com.uti.AppInfoParser] (main) Kafka version: 3.9.1
2025-07-31 18:13:56,298 INFO  [org.apa.kaf.com.uti.AppInfoParser] (main) Kafka commitId: f745dfdcee2b9851
2025-07-31 18:13:56,298 INFO  [org.apa.kaf.com.uti.AppInfoParser] (main) Kafka startTimeMs: 1753985636298
2025-07-31 18:13:56,298 INFO  [io.api.tes.ser.api.SimpleSerdesTesterBuilder$SimpleSerdesTester] (main) Using producer configuration: {schema.registry.url=http://registry-app-inmemory.apps.ci419.apicurio-testing.org:80/apis/ccompat/v7, value.serializer=io.confluent.kafka.serializers.KafkaAvroSerializer, request.timeout.ms=5000, auto.register.schemas=false, acks=all, bootstrap.servers=PLAINTEXT://localhost:32770, connections.max.idle.ms=10000, key.serializer=org.apache.kafka.common.serialization.StringSerializer, value.subject.name.strategy=io.confluent.kafka.serializers.subject.TopicNameStrategy, client.id=Producer-topic-6d115bfd_ad84_4229_90b4_5c3e625e5bb4}
2025-07-31 18:13:56,298 INFO  [io.api.tes.ser.api.SimpleSerdesTesterBuilder$SimpleSerdesTester] (main) Using consumer configuration: {}
2025-07-31 18:13:56,300 INFO  [io.api.tes.ser.api.KafkaSerdesTester] (Thread-851) Sending message {"key1": "value-0"} to topic topic-6d115bfd_ad84_4229_90b4_5c3e625e5bb4
2025-07-31 18:13:56,302 INFO  [org.apa.kaf.cli.Metadata] (kafka-producer-network-thread | Producer-topic-6d115bfd_ad84_4229_90b4_5c3e625e5bb4) [Producer clientId=Producer-topic-6d115bfd_ad84_4229_90b4_5c3e625e5bb4] Cluster ID: Pi_RUBSBSj-WuHInrGEQ6g
2025-07-31 18:13:56,302 INFO  [org.apa.kaf.cli.pro.int.TransactionManager] (kafka-producer-network-thread | Producer-topic-6d115bfd_ad84_4229_90b4_5c3e625e5bb4) [Producer clientId=Producer-topic-6d115bfd_ad84_4229_90b4_5c3e625e5bb4] ProducerId set to 46 with epoch 0
2025-07-31 18:13:56,318 INFO  [io.api.tes.ser.api.KafkaSerdesTester] (Thread-851) Sending message {"key1": "value-1"} to topic topic-6d115bfd_ad84_4229_90b4_5c3e625e5bb4
2025-07-31 18:13:56,319 INFO  [io.api.tes.ser.api.KafkaSerdesTester] (Thread-851) Sending message {"key1": "value-2"} to topic topic-6d115bfd_ad84_4229_90b4_5c3e625e5bb4
2025-07-31 18:13:56,323 INFO  [io.api.tes.ser.api.KafkaSerdesTester] (Thread-851) Sending message {"key1": "value-3"} to topic topic-6d115bfd_ad84_4229_90b4_5c3e625e5bb4
2025-07-31 18:13:56,324 INFO  [io.api.tes.ser.api.KafkaSerdesTester] (Thread-851) Sending message {"key1": "value-4"} to topic topic-6d115bfd_ad84_4229_90b4_5c3e625e5bb4
2025-07-31 18:13:56,325 INFO  [io.api.tes.ser.api.KafkaSerdesTester] (Thread-851) Sending message {"key1": "value-5"} to topic topic-6d115bfd_ad84_4229_90b4_5c3e625e5bb4
2025-07-31 18:13:56,326 INFO  [io.api.tes.ser.api.KafkaSerdesTester] (Thread-851) Sending message {"key1": "value-6"} to topic topic-6d115bfd_ad84_4229_90b4_5c3e625e5bb4
2025-07-31 18:13:56,327 INFO  [io.api.tes.ser.api.KafkaSerdesTester] (Thread-851) Sending message {"key1": "value-7"} to topic topic-6d115bfd_ad84_4229_90b4_5c3e625e5bb4
2025-07-31 18:13:56,328 INFO  [io.api.tes.ser.api.KafkaSerdesTester] (Thread-851) Sending message {"key1": "value-8"} to topic topic-6d115bfd_ad84_4229_90b4_5c3e625e5bb4
2025-07-31 18:13:56,329 INFO  [io.api.tes.ser.api.KafkaSerdesTester] (Thread-851) Sending message {"key1": "value-9"} to topic topic-6d115bfd_ad84_4229_90b4_5c3e625e5bb4
2025-07-31 18:13:56,330 INFO  [io.api.tes.ser.api.KafkaSerdesTester] (Thread-851) Produced 10 messages
2025-07-31 18:13:56,330 INFO  [org.apa.kaf.cli.pro.KafkaProducer] (Thread-851) [Producer clientId=Producer-topic-6d115bfd_ad84_4229_90b4_5c3e625e5bb4] Closing the Kafka producer with timeoutMillis = 9223372036854775807 ms.
2025-07-31 18:13:56,332 INFO  [org.apa.kaf.com.met.Metrics] (Thread-851) Metrics scheduler closed
2025-07-31 18:13:56,332 INFO  [org.apa.kaf.com.met.Metrics] (Thread-851) Closing reporter org.apache.kafka.common.metrics.JmxReporter
2025-07-31 18:13:56,332 INFO  [org.apa.kaf.com.met.Metrics] (Thread-851) Closing reporter org.apache.kafka.common.telemetry.internals.ClientTelemetryReporter
2025-07-31 18:13:56,332 INFO  [org.apa.kaf.com.met.Metrics] (Thread-851) Metrics reporters closed
2025-07-31 18:13:56,332 INFO  [org.apa.kaf.com.uti.AppInfoParser] (Thread-851) App info kafka.producer for Producer-topic-6d115bfd_ad84_4229_90b4_5c3e625e5bb4 unregistered
**** Registry Base URL: http://registry-app-inmemory.apps.ci419.apicurio-testing.org:80
2025-07-31 18:13:56,333 INFO  [org.apa.kaf.cli.con.ConsumerConfig] (main) ConsumerConfig values: 
	allow.auto.create.topics = true
	auto.commit.interval.ms = 500
	auto.include.jmx.reporter = true
	auto.offset.reset = earliest
	bootstrap.servers = [PLAINTEXT://localhost:32770]
	check.crcs = true
	client.dns.lookup = use_all_dns_ips
	client.id = consumer-Consumer-topic-6d115bfd_ad84_4229_90b4_5c3e625e5bb4-34
	client.rack = 
	connections.max.idle.ms = 10000
	default.api.timeout.ms = 60000
	enable.auto.commit = true
	enable.metrics.push = true
	exclude.internal.topics = true
	fetch.max.bytes = 52428800
	fetch.max.wait.ms = 500
	fetch.min.bytes = 1
	group.id = Consumer-topic-6d115bfd_ad84_4229_90b4_5c3e625e5bb4
	group.instance.id = null
	group.protocol = classic
	group.remote.assignor = null
	heartbeat.interval.ms = 3000
	interceptor.classes = []
	internal.leave.group.on.close = true
	internal.throw.on.fetch.stable.offset.unsupported = false
	isolation.level = read_uncommitted
	key.deserializer = class org.apache.kafka.common.serialization.StringDeserializer
	max.partition.fetch.bytes = 1048576
	max.poll.interval.ms = 300000
	max.poll.records = 500
	metadata.max.age.ms = 300000
	metadata.recovery.strategy = none
	metric.reporters = []
	metrics.num.samples = 2
	metrics.recording.level = INFO
	metrics.sample.window.ms = 30000
	partition.assignment.strategy = [class org.apache.kafka.clients.consumer.RangeAssignor, class org.apache.kafka.clients.consumer.CooperativeStickyAssignor]
	receive.buffer.bytes = 65536
	reconnect.backoff.max.ms = 1000
	reconnect.backoff.ms = 50
	request.timeout.ms = 5000
	retry.backoff.max.ms = 1000
	retry.backoff.ms = 100
	sasl.client.callback.handler.class = null
	sasl.jaas.config = null
	sasl.kerberos.kinit.cmd = /usr/bin/kinit
	sasl.kerberos.min.time.before.relogin = 60000
	sasl.kerberos.service.name = null
	sasl.kerberos.ticket.renew.jitter = 0.05
	sasl.kerberos.ticket.renew.window.factor = 0.8
	sasl.login.callback.handler.class = null
	sasl.login.class = null
	sasl.login.connect.timeout.ms = null
	sasl.login.read.timeout.ms = null
	sasl.login.refresh.buffer.seconds = 300
	sasl.login.refresh.min.period.seconds = 60
	sasl.login.refresh.window.factor = 0.8
	sasl.login.refresh.window.jitter = 0.05
	sasl.login.retry.backoff.max.ms = 10000
	sasl.login.retry.backoff.ms = 100
	sasl.mechanism = GSSAPI
	sasl.oauthbearer.clock.skew.seconds = 30
	sasl.oauthbearer.expected.audience = null
	sasl.oauthbearer.expected.issuer = null
	sasl.oauthbearer.header.urlencode = false
	sasl.oauthbearer.jwks.endpoint.refresh.ms = 3600000
	sasl.oauthbearer.jwks.endpoint.retry.backoff.max.ms = 10000
	sasl.oauthbearer.jwks.endpoint.retry.backoff.ms = 100
	sasl.oauthbearer.jwks.endpoint.url = null
	sasl.oauthbearer.scope.claim.name = scope
	sasl.oauthbearer.sub.claim.name = sub
	sasl.oauthbearer.token.endpoint.url = null
	security.protocol = PLAINTEXT
	security.providers = null
	send.buffer.bytes = 131072
	session.timeout.ms = 45000
	socket.connection.setup.timeout.max.ms = 30000
	socket.connection.setup.timeout.ms = 10000
	ssl.cipher.suites = null
	ssl.enabled.protocols = [TLSv1.2, TLSv1.3]
	ssl.endpoint.identification.algorithm = https
	ssl.engine.factory.class = null
	ssl.key.password = null
	ssl.keymanager.algorithm = SunX509
	ssl.keystore.certificate.chain = null
	ssl.keystore.key = null
	ssl.keystore.location = null
	ssl.keystore.password = null
	ssl.keystore.type = JKS
	ssl.protocol = TLSv1.3
	ssl.provider = null
	ssl.secure.random.implementation = null
	ssl.trustmanager.algorithm = PKIX
	ssl.truststore.certificates = null
	ssl.truststore.location = null
	ssl.truststore.password = null
	ssl.truststore.type = JKS
	value.deserializer = class io.apicurio.registry.serde.avro.AvroKafkaDeserializer

2025-07-31 18:13:56,333 INFO  [org.apa.kaf.com.tel.int.KafkaMetricsCollector] (main) initializing Kafka metrics collector
2025-07-31 18:13:56,338 INFO  [org.apa.kaf.cli.con.ConsumerConfig] (main) These configurations '[apicurio.registry.url]' were supplied but are not used yet.
2025-07-31 18:13:56,338 INFO  [org.apa.kaf.com.uti.AppInfoParser] (main) Kafka version: 3.9.1
2025-07-31 18:13:56,338 INFO  [org.apa.kaf.com.uti.AppInfoParser] (main) Kafka commitId: f745dfdcee2b9851
2025-07-31 18:13:56,338 INFO  [org.apa.kaf.com.uti.AppInfoParser] (main) Kafka startTimeMs: 1753985636338
2025-07-31 18:13:56,338 INFO  [org.apa.kaf.cli.con.int.ClassicKafkaConsumer] (Thread-854) [Consumer clientId=consumer-Consumer-topic-6d115bfd_ad84_4229_90b4_5c3e625e5bb4-34, groupId=Consumer-topic-6d115bfd_ad84_4229_90b4_5c3e625e5bb4] Subscribed to topic(s): topic-6d115bfd_ad84_4229_90b4_5c3e625e5bb4
2025-07-31 18:13:56,341 INFO  [org.apa.kaf.cli.Metadata] (Thread-854) [Consumer clientId=consumer-Consumer-topic-6d115bfd_ad84_4229_90b4_5c3e625e5bb4-34, groupId=Consumer-topic-6d115bfd_ad84_4229_90b4_5c3e625e5bb4] Cluster ID: Pi_RUBSBSj-WuHInrGEQ6g
2025-07-31 18:13:56,342 INFO  [org.apa.kaf.cli.con.int.ConsumerCoordinator] (Thread-854) [Consumer clientId=consumer-Consumer-topic-6d115bfd_ad84_4229_90b4_5c3e625e5bb4-34, groupId=Consumer-topic-6d115bfd_ad84_4229_90b4_5c3e625e5bb4] Discovered group coordinator localhost:32770 (id: 2147483647 rack: null)
2025-07-31 18:13:56,344 INFO  [org.apa.kaf.cli.con.int.ConsumerCoordinator] (Thread-854) [Consumer clientId=consumer-Consumer-topic-6d115bfd_ad84_4229_90b4_5c3e625e5bb4-34, groupId=Consumer-topic-6d115bfd_ad84_4229_90b4_5c3e625e5bb4] (Re-)joining group
2025-07-31 18:13:56,346 INFO  [org.apa.kaf.cli.con.int.ConsumerCoordinator] (Thread-854) [Consumer clientId=consumer-Consumer-topic-6d115bfd_ad84_4229_90b4_5c3e625e5bb4-34, groupId=Consumer-topic-6d115bfd_ad84_4229_90b4_5c3e625e5bb4] Request joining group due to: need to re-join with the given member-id: consumer-Consumer-topic-6d115bfd_ad84_4229_90b4_5c3e625e5bb4-34-2ae6f249-3185-411b-8bf2-13780ea09af9
2025-07-31 18:13:56,346 INFO  [org.apa.kaf.cli.con.int.ConsumerCoordinator] (Thread-854) [Consumer clientId=consumer-Consumer-topic-6d115bfd_ad84_4229_90b4_5c3e625e5bb4-34, groupId=Consumer-topic-6d115bfd_ad84_4229_90b4_5c3e625e5bb4] (Re-)joining group
2025-07-31 18:13:56,347 INFO  [org.apa.kaf.cli.con.int.ConsumerCoordinator] (Thread-854) [Consumer clientId=consumer-Consumer-topic-6d115bfd_ad84_4229_90b4_5c3e625e5bb4-34, groupId=Consumer-topic-6d115bfd_ad84_4229_90b4_5c3e625e5bb4] Successfully joined group with generation Generation{generationId=1, memberId='consumer-Consumer-topic-6d115bfd_ad84_4229_90b4_5c3e625e5bb4-34-2ae6f249-3185-411b-8bf2-13780ea09af9', protocol='range'}
2025-07-31 18:13:56,348 INFO  [org.apa.kaf.cli.con.int.ConsumerCoordinator] (Thread-854) [Consumer clientId=consumer-Consumer-topic-6d115bfd_ad84_4229_90b4_5c3e625e5bb4-34, groupId=Consumer-topic-6d115bfd_ad84_4229_90b4_5c3e625e5bb4] Finished assignment for group at generation 1: {consumer-Consumer-topic-6d115bfd_ad84_4229_90b4_5c3e625e5bb4-34-2ae6f249-3185-411b-8bf2-13780ea09af9=Assignment(partitions=[topic-6d115bfd_ad84_4229_90b4_5c3e625e5bb4-0])}
2025-07-31 18:13:56,352 INFO  [org.apa.kaf.cli.con.int.ConsumerCoordinator] (Thread-854) [Consumer clientId=consumer-Consumer-topic-6d115bfd_ad84_4229_90b4_5c3e625e5bb4-34, groupId=Consumer-topic-6d115bfd_ad84_4229_90b4_5c3e625e5bb4] Successfully synced group in generation Generation{generationId=1, memberId='consumer-Consumer-topic-6d115bfd_ad84_4229_90b4_5c3e625e5bb4-34-2ae6f249-3185-411b-8bf2-13780ea09af9', protocol='range'}
2025-07-31 18:13:56,352 INFO  [org.apa.kaf.cli.con.int.ConsumerCoordinator] (Thread-854) [Consumer clientId=consumer-Consumer-topic-6d115bfd_ad84_4229_90b4_5c3e625e5bb4-34, groupId=Consumer-topic-6d115bfd_ad84_4229_90b4_5c3e625e5bb4] Notifying assignor about the new Assignment(partitions=[topic-6d115bfd_ad84_4229_90b4_5c3e625e5bb4-0])
2025-07-31 18:13:56,352 INFO  [org.apa.kaf.cli.con.int.ConsumerRebalanceListenerInvoker] (Thread-854) [Consumer clientId=consumer-Consumer-topic-6d115bfd_ad84_4229_90b4_5c3e625e5bb4-34, groupId=Consumer-topic-6d115bfd_ad84_4229_90b4_5c3e625e5bb4] Adding newly assigned partitions: topic-6d115bfd_ad84_4229_90b4_5c3e625e5bb4-0
2025-07-31 18:13:56,352 INFO  [org.apa.kaf.cli.con.int.ConsumerCoordinator] (Thread-854) [Consumer clientId=consumer-Consumer-topic-6d115bfd_ad84_4229_90b4_5c3e625e5bb4-34, groupId=Consumer-topic-6d115bfd_ad84_4229_90b4_5c3e625e5bb4] Found no committed offset for partition topic-6d115bfd_ad84_4229_90b4_5c3e625e5bb4-0
2025-07-31 18:13:56,355 INFO  [org.apa.kaf.cli.con.int.SubscriptionState] (Thread-854) [Consumer clientId=consumer-Consumer-topic-6d115bfd_ad84_4229_90b4_5c3e625e5bb4-34, groupId=Consumer-topic-6d115bfd_ad84_4229_90b4_5c3e625e5bb4] Resetting offset for partition topic-6d115bfd_ad84_4229_90b4_5c3e625e5bb4-0 to position FetchPosition{offset=0, offsetEpoch=Optional.empty, currentLeader=LeaderAndEpoch{leader=Optional[localhost:32770 (id: 0 rack: null)], epoch=0}}.
2025-07-31 18:13:56,393 INFO  [io.api.tes.ser.api.KafkaSerdesTester] (Thread-854) topic-6d115bfd_ad84_4229_90b4_5c3e625e5bb4 0 0 {"key1": "value-0"}
2025-07-31 18:13:56,393 INFO  [io.api.tes.ser.api.KafkaSerdesTester] (Thread-854) topic-6d115bfd_ad84_4229_90b4_5c3e625e5bb4 0 1 {"key1": "value-1"}
2025-07-31 18:13:56,393 INFO  [io.api.tes.ser.api.KafkaSerdesTester] (Thread-854) topic-6d115bfd_ad84_4229_90b4_5c3e625e5bb4 0 2 {"key1": "value-2"}
2025-07-31 18:13:56,393 INFO  [io.api.tes.ser.api.KafkaSerdesTester] (Thread-854) topic-6d115bfd_ad84_4229_90b4_5c3e625e5bb4 0 3 {"key1": "value-3"}
2025-07-31 18:13:56,393 INFO  [io.api.tes.ser.api.KafkaSerdesTester] (Thread-854) topic-6d115bfd_ad84_4229_90b4_5c3e625e5bb4 0 4 {"key1": "value-4"}
2025-07-31 18:13:56,393 INFO  [io.api.tes.ser.api.KafkaSerdesTester] (Thread-854) topic-6d115bfd_ad84_4229_90b4_5c3e625e5bb4 0 5 {"key1": "value-5"}
2025-07-31 18:13:56,393 INFO  [io.api.tes.ser.api.KafkaSerdesTester] (Thread-854) topic-6d115bfd_ad84_4229_90b4_5c3e625e5bb4 0 6 {"key1": "value-6"}
2025-07-31 18:13:56,393 INFO  [io.api.tes.ser.api.KafkaSerdesTester] (Thread-854) topic-6d115bfd_ad84_4229_90b4_5c3e625e5bb4 0 7 {"key1": "value-7"}
2025-07-31 18:13:56,393 INFO  [io.api.tes.ser.api.KafkaSerdesTester] (Thread-854) topic-6d115bfd_ad84_4229_90b4_5c3e625e5bb4 0 8 {"key1": "value-8"}
2025-07-31 18:13:56,393 INFO  [io.api.tes.ser.api.KafkaSerdesTester] (Thread-854) topic-6d115bfd_ad84_4229_90b4_5c3e625e5bb4 0 9 {"key1": "value-9"}
2025-07-31 18:13:56,393 INFO  [io.api.tes.ser.api.KafkaSerdesTester] (Thread-854) Consumed 10 messages
2025-07-31 18:13:56,396 INFO  [org.apa.kaf.cli.con.int.ConsumerRebalanceListenerInvoker] (Thread-854) [Consumer clientId=consumer-Consumer-topic-6d115bfd_ad84_4229_90b4_5c3e625e5bb4-34, groupId=Consumer-topic-6d115bfd_ad84_4229_90b4_5c3e625e5bb4] Revoke previously assigned partitions topic-6d115bfd_ad84_4229_90b4_5c3e625e5bb4-0
2025-07-31 18:13:56,396 INFO  [org.apa.kaf.cli.con.int.ConsumerCoordinator] (Thread-854) [Consumer clientId=consumer-Consumer-topic-6d115bfd_ad84_4229_90b4_5c3e625e5bb4-34, groupId=Consumer-topic-6d115bfd_ad84_4229_90b4_5c3e625e5bb4] Member consumer-Consumer-topic-6d115bfd_ad84_4229_90b4_5c3e625e5bb4-34-2ae6f249-3185-411b-8bf2-13780ea09af9 sending LeaveGroup request to coordinator localhost:32770 (id: 2147483647 rack: null) due to the consumer is being closed
2025-07-31 18:13:56,396 INFO  [org.apa.kaf.cli.con.int.ConsumerCoordinator] (Thread-854) [Consumer clientId=consumer-Consumer-topic-6d115bfd_ad84_4229_90b4_5c3e625e5bb4-34, groupId=Consumer-topic-6d115bfd_ad84_4229_90b4_5c3e625e5bb4] Resetting generation and member id due to: consumer pro-actively leaving the group
2025-07-31 18:13:56,397 INFO  [org.apa.kaf.cli.con.int.ConsumerCoordinator] (Thread-854) [Consumer clientId=consumer-Consumer-topic-6d115bfd_ad84_4229_90b4_5c3e625e5bb4-34, groupId=Consumer-topic-6d115bfd_ad84_4229_90b4_5c3e625e5bb4] Request joining group due to: consumer pro-actively leaving the group
2025-07-31 18:13:56,894 INFO  [org.apa.kaf.com.met.Metrics] (Thread-854) Metrics scheduler closed
2025-07-31 18:13:56,894 INFO  [org.apa.kaf.com.met.Metrics] (Thread-854) Closing reporter org.apache.kafka.common.metrics.JmxReporter
2025-07-31 18:13:56,894 INFO  [org.apa.kaf.com.met.Metrics] (Thread-854) Closing reporter org.apache.kafka.common.telemetry.internals.ClientTelemetryReporter
2025-07-31 18:13:56,894 INFO  [org.apa.kaf.com.met.Metrics] (Thread-854) Metrics reporters closed
2025-07-31 18:13:56,896 INFO  [org.apa.kaf.com.uti.AppInfoParser] (Thread-854) App info kafka.consumer for consumer-Consumer-topic-6d115bfd_ad84_4229_90b4_5c3e625e5bb4-34 unregistered
2025-07-31 18:13:56,920 INFO  [io.api.tes.ser.con.BasicConfluentSerDesIT] (main) Deleting confluent schema topic-6d115bfd_ad84_4229_90b4_5c3e625e5bb4-value
2025-07-31 18:13:56,932 INFO  [io.api.tes.uti.TestSeparator] (main) io.apicurio.tests.serdes.confluent.BasicConfluentSerDesIT.testAvroConfluentApicurio-FINISHED
2025-07-31 18:13:56,932 INFO  [io.api.tes.uti.TestSeparator] (main) ############################################################################
Test passed: testAvroConfluentApicurio
]]></system-out>
  </testcase>
  <testcase name="testAvroConfluentSerDesWrongStrategyTopic" classname="io.apicurio.tests.serdes.confluent.BasicConfluentSerDesIT" time="0.14">
    <system-out><![CDATA[2025-07-31 18:13:56,936 INFO  [io.api.tes.uti.TestSeparator] (main) ############################################################################
2025-07-31 18:13:56,936 INFO  [io.api.tes.uti.TestSeparator] (main) io.apicurio.tests.serdes.confluent.BasicConfluentSerDesIT.testAvroConfluentSerDesWrongStrategyTopic-STARTED
2025-07-31 18:13:56,966 INFO  [io.api.tes.ser.con.BasicConfluentSerDesIT] (main) Checking that created schema is equal to the get schema
2025-07-31 18:13:56,978 INFO  [io.api.tes.ser.con.BasicConfluentSerDesIT] (main) Created schema with id:101 and name:myrecordconfluent3
**** Registry Base URL: http://registry-app-inmemory.apps.ci419.apicurio-testing.org:80
2025-07-31 18:13:56,979 INFO  [org.apa.kaf.cli.pro.ProducerConfig] (main) ProducerConfig values: 
	acks = -1
	auto.include.jmx.reporter = true
	batch.size = 16384
	bootstrap.servers = [PLAINTEXT://localhost:32770]
	buffer.memory = 33554432
	client.dns.lookup = use_all_dns_ips
	client.id = Producer-topic-2db5b2d1_56f5_4b4b_8541_392dff54208a
	compression.gzip.level = -1
	compression.lz4.level = 9
	compression.type = none
	compression.zstd.level = 3
	connections.max.idle.ms = 10000
	delivery.timeout.ms = 120000
	enable.idempotence = true
	enable.metrics.push = true
	interceptor.classes = []
	key.serializer = class org.apache.kafka.common.serialization.StringSerializer
	linger.ms = 0
	max.block.ms = 60000
	max.in.flight.requests.per.connection = 5
	max.request.size = 1048576
	metadata.max.age.ms = 300000
	metadata.max.idle.ms = 300000
	metadata.recovery.strategy = none
	metric.reporters = []
	metrics.num.samples = 2
	metrics.recording.level = INFO
	metrics.sample.window.ms = 30000
	partitioner.adaptive.partitioning.enable = true
	partitioner.availability.timeout.ms = 0
	partitioner.class = null
	partitioner.ignore.keys = false
	receive.buffer.bytes = 32768
	reconnect.backoff.max.ms = 1000
	reconnect.backoff.ms = 50
	request.timeout.ms = 5000
	retries = 2147483647
	retry.backoff.max.ms = 1000
	retry.backoff.ms = 100
	sasl.client.callback.handler.class = null
	sasl.jaas.config = null
	sasl.kerberos.kinit.cmd = /usr/bin/kinit
	sasl.kerberos.min.time.before.relogin = 60000
	sasl.kerberos.service.name = null
	sasl.kerberos.ticket.renew.jitter = 0.05
	sasl.kerberos.ticket.renew.window.factor = 0.8
	sasl.login.callback.handler.class = null
	sasl.login.class = null
	sasl.login.connect.timeout.ms = null
	sasl.login.read.timeout.ms = null
	sasl.login.refresh.buffer.seconds = 300
	sasl.login.refresh.min.period.seconds = 60
	sasl.login.refresh.window.factor = 0.8
	sasl.login.refresh.window.jitter = 0.05
	sasl.login.retry.backoff.max.ms = 10000
	sasl.login.retry.backoff.ms = 100
	sasl.mechanism = GSSAPI
	sasl.oauthbearer.clock.skew.seconds = 30
	sasl.oauthbearer.expected.audience = null
	sasl.oauthbearer.expected.issuer = null
	sasl.oauthbearer.header.urlencode = false
	sasl.oauthbearer.jwks.endpoint.refresh.ms = 3600000
	sasl.oauthbearer.jwks.endpoint.retry.backoff.max.ms = 10000
	sasl.oauthbearer.jwks.endpoint.retry.backoff.ms = 100
	sasl.oauthbearer.jwks.endpoint.url = null
	sasl.oauthbearer.scope.claim.name = scope
	sasl.oauthbearer.sub.claim.name = sub
	sasl.oauthbearer.token.endpoint.url = null
	security.protocol = PLAINTEXT
	security.providers = null
	send.buffer.bytes = 131072
	socket.connection.setup.timeout.max.ms = 30000
	socket.connection.setup.timeout.ms = 10000
	ssl.cipher.suites = null
	ssl.enabled.protocols = [TLSv1.2, TLSv1.3]
	ssl.endpoint.identification.algorithm = https
	ssl.engine.factory.class = null
	ssl.key.password = null
	ssl.keymanager.algorithm = SunX509
	ssl.keystore.certificate.chain = null
	ssl.keystore.key = null
	ssl.keystore.location = null
	ssl.keystore.password = null
	ssl.keystore.type = JKS
	ssl.protocol = TLSv1.3
	ssl.provider = null
	ssl.secure.random.implementation = null
	ssl.trustmanager.algorithm = PKIX
	ssl.truststore.certificates = null
	ssl.truststore.location = null
	ssl.truststore.password = null
	ssl.truststore.type = JKS
	transaction.timeout.ms = 60000
	transactional.id = null
	value.serializer = class io.confluent.kafka.serializers.KafkaAvroSerializer

2025-07-31 18:13:56,979 INFO  [org.apa.kaf.com.tel.int.KafkaMetricsCollector] (main) initializing Kafka metrics collector
2025-07-31 18:13:56,979 INFO  [io.con.kaf.ser.KafkaAvroSerializerConfig] (main) KafkaAvroSerializerConfig values: 
	auto.register.schemas = false
	avro.reflection.allow.null = false
	avro.remove.java.properties = false
	avro.use.logical.type.converters = false
	basic.auth.credentials.source = URL
	basic.auth.user.info = [hidden]
	bearer.auth.cache.expiry.buffer.seconds = 300
	bearer.auth.client.id = null
	bearer.auth.client.secret = null
	bearer.auth.credentials.source = STATIC_TOKEN
	bearer.auth.custom.provider.class = null
	bearer.auth.identity.pool.id = null
	bearer.auth.issuer.endpoint.url = null
	bearer.auth.logical.cluster = null
	bearer.auth.scope = null
	bearer.auth.scope.claim.name = scope
	bearer.auth.sub.claim.name = sub
	bearer.auth.token = [hidden]
	context.name.strategy = class io.confluent.kafka.serializers.context.NullContextNameStrategy
	http.connect.timeout.ms = 60000
	http.read.timeout.ms = 60000
	id.compatibility.strict = true
	key.schema.id.deserializer = class io.confluent.kafka.serializers.schema.id.DualSchemaIdDeserializer
	key.schema.id.serializer = class io.confluent.kafka.serializers.schema.id.PrefixSchemaIdSerializer
	key.subject.name.strategy = class io.confluent.kafka.serializers.subject.TopicNameStrategy
	latest.cache.size = 1000
	latest.cache.ttl.sec = -1
	latest.compatibility.strict = true
	max.retries = 3
	max.schemas.per.subject = 1000
	normalize.schemas = false
	propagate.schema.tags = false
	proxy.host = 
	proxy.port = -1
	retries.max.wait.ms = 20000
	retries.wait.ms = 1000
	rule.actions = []
	rule.executors = []
	rule.service.loader.enable = true
	schema.format = null
	schema.reflection = false
	schema.registry.basic.auth.user.info = [hidden]
	schema.registry.ssl.cipher.suites = null
	schema.registry.ssl.enabled.protocols = [TLSv1.2, TLSv1.3]
	schema.registry.ssl.endpoint.identification.algorithm = https
	schema.registry.ssl.engine.factory.class = null
	schema.registry.ssl.key.password = null
	schema.registry.ssl.keymanager.algorithm = SunX509
	schema.registry.ssl.keystore.certificate.chain = null
	schema.registry.ssl.keystore.key = null
	schema.registry.ssl.keystore.location = null
	schema.registry.ssl.keystore.password = null
	schema.registry.ssl.keystore.type = JKS
	schema.registry.ssl.protocol = TLSv1.3
	schema.registry.ssl.provider = null
	schema.registry.ssl.secure.random.implementation = null
	schema.registry.ssl.trustmanager.algorithm = PKIX
	schema.registry.ssl.truststore.certificates = null
	schema.registry.ssl.truststore.location = null
	schema.registry.ssl.truststore.password = null
	schema.registry.ssl.truststore.type = JKS
	schema.registry.url = [http://registry-app-inmemory.apps.ci419.apicurio-testing.org:80/apis/ccompat/v7]
	schema.registry.url.randomize = false
	use.latest.version = false
	use.latest.with.metadata = null
	use.schema.id = -1
	value.schema.id.deserializer = class io.confluent.kafka.serializers.schema.id.DualSchemaIdDeserializer
	value.schema.id.serializer = class io.confluent.kafka.serializers.schema.id.PrefixSchemaIdSerializer
	value.subject.name.strategy = class io.confluent.kafka.serializers.subject.TopicNameStrategy

2025-07-31 18:13:56,981 INFO  [org.apa.kaf.cli.pro.KafkaProducer] (main) [Producer clientId=Producer-topic-2db5b2d1_56f5_4b4b_8541_392dff54208a] Instantiated an idempotent producer.
2025-07-31 18:13:56,982 INFO  [org.apa.kaf.cli.pro.ProducerConfig] (main) These configurations '[schema.registry.url, auto.register.schemas, value.subject.name.strategy]' were supplied but are not used yet.
2025-07-31 18:13:56,982 INFO  [org.apa.kaf.com.uti.AppInfoParser] (main) Kafka version: 3.9.1
2025-07-31 18:13:56,982 INFO  [org.apa.kaf.com.uti.AppInfoParser] (main) Kafka commitId: f745dfdcee2b9851
2025-07-31 18:13:56,982 INFO  [org.apa.kaf.com.uti.AppInfoParser] (main) Kafka startTimeMs: 1753985636982
2025-07-31 18:13:56,982 INFO  [io.api.tes.ser.api.KafkaSerdesTester] (Thread-855) Sending message {"key1": "value-0"} to topic topic-2db5b2d1_56f5_4b4b_8541_392dff54208a
2025-07-31 18:13:56,986 INFO  [org.apa.kaf.cli.Metadata] (kafka-producer-network-thread | Producer-topic-2db5b2d1_56f5_4b4b_8541_392dff54208a) [Producer clientId=Producer-topic-2db5b2d1_56f5_4b4b_8541_392dff54208a] Cluster ID: Pi_RUBSBSj-WuHInrGEQ6g
2025-07-31 18:13:56,987 INFO  [org.apa.kaf.cli.pro.int.TransactionManager] (kafka-producer-network-thread | Producer-topic-2db5b2d1_56f5_4b4b_8541_392dff54208a) [Producer clientId=Producer-topic-2db5b2d1_56f5_4b4b_8541_392dff54208a] ProducerId set to 47 with epoch 0
2025-07-31 18:13:57,005 INFO  [org.apa.kaf.cli.pro.KafkaProducer] (Thread-855) [Producer clientId=Producer-topic-2db5b2d1_56f5_4b4b_8541_392dff54208a] Closing the Kafka producer with timeoutMillis = 9223372036854775807 ms.
2025-07-31 18:13:57,011 INFO  [org.apa.kaf.com.met.Metrics] (Thread-855) Metrics scheduler closed
2025-07-31 18:13:57,011 INFO  [org.apa.kaf.com.met.Metrics] (Thread-855) Closing reporter org.apache.kafka.common.metrics.JmxReporter
2025-07-31 18:13:57,011 INFO  [org.apa.kaf.com.met.Metrics] (Thread-855) Closing reporter org.apache.kafka.common.telemetry.internals.ClientTelemetryReporter
2025-07-31 18:13:57,011 INFO  [org.apa.kaf.com.met.Metrics] (Thread-855) Metrics reporters closed
2025-07-31 18:13:57,011 INFO  [org.apa.kaf.com.uti.AppInfoParser] (Thread-855) App info kafka.producer for Producer-topic-2db5b2d1_56f5_4b4b_8541_392dff54208a unregistered
2025-07-31 18:13:57,032 INFO  [io.api.tes.ser.con.BasicConfluentSerDesIT] (main) Deleting confluent schema myrecordconfluent3
2025-07-31 18:13:57,073 INFO  [io.api.tes.uti.TestSeparator] (main) io.apicurio.tests.serdes.confluent.BasicConfluentSerDesIT.testAvroConfluentSerDesWrongStrategyTopic-FINISHED
2025-07-31 18:13:57,073 INFO  [io.api.tes.uti.TestSeparator] (main) ############################################################################
Test passed: testAvroConfluentSerDesWrongStrategyTopic
]]></system-out>
  </testcase>
  <testcase name="testAvroApicurioConfluent" classname="io.apicurio.tests.serdes.confluent.BasicConfluentSerDesIT" time="1.673">
    <system-out><![CDATA[2025-07-31 18:13:57,074 INFO  [io.api.tes.uti.TestSeparator] (main) ############################################################################
2025-07-31 18:13:57,074 INFO  [io.api.tes.uti.TestSeparator] (main) io.apicurio.tests.serdes.confluent.BasicConfluentSerDesIT.testAvroApicurioConfluent-STARTED
**** Registry Base URL: http://registry-app-inmemory.apps.ci419.apicurio-testing.org:80
2025-07-31 18:13:58,109 INFO  [org.apa.kaf.cli.pro.ProducerConfig] (main) ProducerConfig values: 
	acks = -1
	auto.include.jmx.reporter = true
	batch.size = 16384
	bootstrap.servers = [PLAINTEXT://localhost:32770]
	buffer.memory = 33554432
	client.dns.lookup = use_all_dns_ips
	client.id = Producer-topic-a38f1968_676c_4aa5_813f_74f8bcb90a4a
	compression.gzip.level = -1
	compression.lz4.level = 9
	compression.type = none
	compression.zstd.level = 3
	connections.max.idle.ms = 10000
	delivery.timeout.ms = 120000
	enable.idempotence = true
	enable.metrics.push = true
	interceptor.classes = []
	key.serializer = class org.apache.kafka.common.serialization.StringSerializer
	linger.ms = 0
	max.block.ms = 60000
	max.in.flight.requests.per.connection = 5
	max.request.size = 1048576
	metadata.max.age.ms = 300000
	metadata.max.idle.ms = 300000
	metadata.recovery.strategy = none
	metric.reporters = []
	metrics.num.samples = 2
	metrics.recording.level = INFO
	metrics.sample.window.ms = 30000
	partitioner.adaptive.partitioning.enable = true
	partitioner.availability.timeout.ms = 0
	partitioner.class = null
	partitioner.ignore.keys = false
	receive.buffer.bytes = 32768
	reconnect.backoff.max.ms = 1000
	reconnect.backoff.ms = 50
	request.timeout.ms = 5000
	retries = 2147483647
	retry.backoff.max.ms = 1000
	retry.backoff.ms = 100
	sasl.client.callback.handler.class = null
	sasl.jaas.config = null
	sasl.kerberos.kinit.cmd = /usr/bin/kinit
	sasl.kerberos.min.time.before.relogin = 60000
	sasl.kerberos.service.name = null
	sasl.kerberos.ticket.renew.jitter = 0.05
	sasl.kerberos.ticket.renew.window.factor = 0.8
	sasl.login.callback.handler.class = null
	sasl.login.class = null
	sasl.login.connect.timeout.ms = null
	sasl.login.read.timeout.ms = null
	sasl.login.refresh.buffer.seconds = 300
	sasl.login.refresh.min.period.seconds = 60
	sasl.login.refresh.window.factor = 0.8
	sasl.login.refresh.window.jitter = 0.05
	sasl.login.retry.backoff.max.ms = 10000
	sasl.login.retry.backoff.ms = 100
	sasl.mechanism = GSSAPI
	sasl.oauthbearer.clock.skew.seconds = 30
	sasl.oauthbearer.expected.audience = null
	sasl.oauthbearer.expected.issuer = null
	sasl.oauthbearer.header.urlencode = false
	sasl.oauthbearer.jwks.endpoint.refresh.ms = 3600000
	sasl.oauthbearer.jwks.endpoint.retry.backoff.max.ms = 10000
	sasl.oauthbearer.jwks.endpoint.retry.backoff.ms = 100
	sasl.oauthbearer.jwks.endpoint.url = null
	sasl.oauthbearer.scope.claim.name = scope
	sasl.oauthbearer.sub.claim.name = sub
	sasl.oauthbearer.token.endpoint.url = null
	security.protocol = PLAINTEXT
	security.providers = null
	send.buffer.bytes = 131072
	socket.connection.setup.timeout.max.ms = 30000
	socket.connection.setup.timeout.ms = 10000
	ssl.cipher.suites = null
	ssl.enabled.protocols = [TLSv1.2, TLSv1.3]
	ssl.endpoint.identification.algorithm = https
	ssl.engine.factory.class = null
	ssl.key.password = null
	ssl.keymanager.algorithm = SunX509
	ssl.keystore.certificate.chain = null
	ssl.keystore.key = null
	ssl.keystore.location = null
	ssl.keystore.password = null
	ssl.keystore.type = JKS
	ssl.protocol = TLSv1.3
	ssl.provider = null
	ssl.secure.random.implementation = null
	ssl.trustmanager.algorithm = PKIX
	ssl.truststore.certificates = null
	ssl.truststore.location = null
	ssl.truststore.password = null
	ssl.truststore.type = JKS
	transaction.timeout.ms = 60000
	transactional.id = null
	value.serializer = class io.apicurio.registry.serde.avro.AvroKafkaSerializer

2025-07-31 18:13:58,109 INFO  [org.apa.kaf.com.tel.int.KafkaMetricsCollector] (main) initializing Kafka metrics collector
2025-07-31 18:13:58,111 INFO  [org.apa.kaf.cli.pro.KafkaProducer] (main) [Producer clientId=Producer-topic-a38f1968_676c_4aa5_813f_74f8bcb90a4a] Instantiated an idempotent producer.
2025-07-31 18:13:58,112 INFO  [org.apa.kaf.cli.pro.ProducerConfig] (main) These configurations '[apicurio.registry.url, apicurio.registry.artifact-resolver-strategy]' were supplied but are not used yet.
2025-07-31 18:13:58,112 INFO  [org.apa.kaf.com.uti.AppInfoParser] (main) Kafka version: 3.9.1
2025-07-31 18:13:58,112 INFO  [org.apa.kaf.com.uti.AppInfoParser] (main) Kafka commitId: f745dfdcee2b9851
2025-07-31 18:13:58,112 INFO  [org.apa.kaf.com.uti.AppInfoParser] (main) Kafka startTimeMs: 1753985638112
2025-07-31 18:13:58,112 INFO  [io.api.tes.ser.api.SimpleSerdesTesterBuilder$SimpleSerdesTester] (main) Using producer configuration: {apicurio.registry.url=http://registry-app-inmemory.apps.ci419.apicurio-testing.org:80/apis/registry/v3, apicurio.registry.artifact-resolver-strategy=io.apicurio.registry.serde.strategy.TopicIdStrategy, value.serializer=io.apicurio.registry.serde.avro.AvroKafkaSerializer, request.timeout.ms=5000, acks=all, bootstrap.servers=PLAINTEXT://localhost:32770, connections.max.idle.ms=10000, key.serializer=org.apache.kafka.common.serialization.StringSerializer, client.id=Producer-topic-a38f1968_676c_4aa5_813f_74f8bcb90a4a}
2025-07-31 18:13:58,112 INFO  [io.api.tes.ser.api.SimpleSerdesTesterBuilder$SimpleSerdesTester] (main) Using consumer configuration: {}
2025-07-31 18:13:58,113 INFO  [io.api.tes.ser.api.KafkaSerdesTester] (Thread-858) Sending message {"key1": "value-0"} to topic topic-a38f1968_676c_4aa5_813f_74f8bcb90a4a
2025-07-31 18:13:58,116 INFO  [org.apa.kaf.cli.Metadata] (kafka-producer-network-thread | Producer-topic-a38f1968_676c_4aa5_813f_74f8bcb90a4a) [Producer clientId=Producer-topic-a38f1968_676c_4aa5_813f_74f8bcb90a4a] Cluster ID: Pi_RUBSBSj-WuHInrGEQ6g
2025-07-31 18:13:58,117 INFO  [DefaultSchemaResolver] (Thread-858) Retrieving schema content using string: {"type":"record","name":"myrecordconfluent1","fields":[{"name":"key1","type":"string"}]}
2025-07-31 18:13:58,118 INFO  [org.apa.kaf.cli.pro.int.TransactionManager] (kafka-producer-network-thread | Producer-topic-a38f1968_676c_4aa5_813f_74f8bcb90a4a) [Producer clientId=Producer-topic-a38f1968_676c_4aa5_813f_74f8bcb90a4a] ProducerId set to 48 with epoch 0
2025-07-31 18:13:58,145 INFO  [io.api.tes.ser.api.KafkaSerdesTester] (Thread-858) Sending message {"key1": "value-1"} to topic topic-a38f1968_676c_4aa5_813f_74f8bcb90a4a
2025-07-31 18:13:58,145 INFO  [io.api.tes.ser.api.KafkaSerdesTester] (Thread-858) Sending message {"key1": "value-2"} to topic topic-a38f1968_676c_4aa5_813f_74f8bcb90a4a
2025-07-31 18:13:58,146 INFO  [io.api.tes.ser.api.KafkaSerdesTester] (Thread-858) Sending message {"key1": "value-3"} to topic topic-a38f1968_676c_4aa5_813f_74f8bcb90a4a
2025-07-31 18:13:58,147 INFO  [io.api.tes.ser.api.KafkaSerdesTester] (Thread-858) Sending message {"key1": "value-4"} to topic topic-a38f1968_676c_4aa5_813f_74f8bcb90a4a
2025-07-31 18:13:58,148 INFO  [io.api.tes.ser.api.KafkaSerdesTester] (Thread-858) Sending message {"key1": "value-5"} to topic topic-a38f1968_676c_4aa5_813f_74f8bcb90a4a
2025-07-31 18:13:58,149 INFO  [io.api.tes.ser.api.KafkaSerdesTester] (Thread-858) Sending message {"key1": "value-6"} to topic topic-a38f1968_676c_4aa5_813f_74f8bcb90a4a
2025-07-31 18:13:58,150 INFO  [io.api.tes.ser.api.KafkaSerdesTester] (Thread-858) Sending message {"key1": "value-7"} to topic topic-a38f1968_676c_4aa5_813f_74f8bcb90a4a
2025-07-31 18:13:58,150 INFO  [io.api.tes.ser.api.KafkaSerdesTester] (Thread-858) Sending message {"key1": "value-8"} to topic topic-a38f1968_676c_4aa5_813f_74f8bcb90a4a
2025-07-31 18:13:58,151 INFO  [io.api.tes.ser.api.KafkaSerdesTester] (Thread-858) Sending message {"key1": "value-9"} to topic topic-a38f1968_676c_4aa5_813f_74f8bcb90a4a
2025-07-31 18:13:58,152 INFO  [io.api.tes.ser.api.KafkaSerdesTester] (Thread-858) Produced 10 messages
2025-07-31 18:13:58,152 INFO  [org.apa.kaf.cli.pro.KafkaProducer] (Thread-858) [Producer clientId=Producer-topic-a38f1968_676c_4aa5_813f_74f8bcb90a4a] Closing the Kafka producer with timeoutMillis = 9223372036854775807 ms.
2025-07-31 18:13:58,154 INFO  [org.apa.kaf.com.met.Metrics] (Thread-858) Metrics scheduler closed
2025-07-31 18:13:58,154 INFO  [org.apa.kaf.com.met.Metrics] (Thread-858) Closing reporter org.apache.kafka.common.metrics.JmxReporter
2025-07-31 18:13:58,154 INFO  [org.apa.kaf.com.met.Metrics] (Thread-858) Closing reporter org.apache.kafka.common.telemetry.internals.ClientTelemetryReporter
2025-07-31 18:13:58,154 INFO  [org.apa.kaf.com.met.Metrics] (Thread-858) Metrics reporters closed
2025-07-31 18:13:58,154 INFO  [org.apa.kaf.com.uti.AppInfoParser] (Thread-858) App info kafka.producer for Producer-topic-a38f1968_676c_4aa5_813f_74f8bcb90a4a unregistered
**** Registry Base URL: http://registry-app-inmemory.apps.ci419.apicurio-testing.org:80
2025-07-31 18:13:58,155 INFO  [org.apa.kaf.cli.con.ConsumerConfig] (main) ConsumerConfig values: 
	allow.auto.create.topics = true
	auto.commit.interval.ms = 500
	auto.include.jmx.reporter = true
	auto.offset.reset = earliest
	bootstrap.servers = [PLAINTEXT://localhost:32770]
	check.crcs = true
	client.dns.lookup = use_all_dns_ips
	client.id = consumer-Consumer-topic-a38f1968_676c_4aa5_813f_74f8bcb90a4a-35
	client.rack = 
	connections.max.idle.ms = 10000
	default.api.timeout.ms = 60000
	enable.auto.commit = true
	enable.metrics.push = true
	exclude.internal.topics = true
	fetch.max.bytes = 52428800
	fetch.max.wait.ms = 500
	fetch.min.bytes = 1
	group.id = Consumer-topic-a38f1968_676c_4aa5_813f_74f8bcb90a4a
	group.instance.id = null
	group.protocol = classic
	group.remote.assignor = null
	heartbeat.interval.ms = 3000
	interceptor.classes = []
	internal.leave.group.on.close = true
	internal.throw.on.fetch.stable.offset.unsupported = false
	isolation.level = read_uncommitted
	key.deserializer = class org.apache.kafka.common.serialization.StringDeserializer
	max.partition.fetch.bytes = 1048576
	max.poll.interval.ms = 300000
	max.poll.records = 500
	metadata.max.age.ms = 300000
	metadata.recovery.strategy = none
	metric.reporters = []
	metrics.num.samples = 2
	metrics.recording.level = INFO
	metrics.sample.window.ms = 30000
	partition.assignment.strategy = [class org.apache.kafka.clients.consumer.RangeAssignor, class org.apache.kafka.clients.consumer.CooperativeStickyAssignor]
	receive.buffer.bytes = 65536
	reconnect.backoff.max.ms = 1000
	reconnect.backoff.ms = 50
	request.timeout.ms = 5000
	retry.backoff.max.ms = 1000
	retry.backoff.ms = 100
	sasl.client.callback.handler.class = null
	sasl.jaas.config = null
	sasl.kerberos.kinit.cmd = /usr/bin/kinit
	sasl.kerberos.min.time.before.relogin = 60000
	sasl.kerberos.service.name = null
	sasl.kerberos.ticket.renew.jitter = 0.05
	sasl.kerberos.ticket.renew.window.factor = 0.8
	sasl.login.callback.handler.class = null
	sasl.login.class = null
	sasl.login.connect.timeout.ms = null
	sasl.login.read.timeout.ms = null
	sasl.login.refresh.buffer.seconds = 300
	sasl.login.refresh.min.period.seconds = 60
	sasl.login.refresh.window.factor = 0.8
	sasl.login.refresh.window.jitter = 0.05
	sasl.login.retry.backoff.max.ms = 10000
	sasl.login.retry.backoff.ms = 100
	sasl.mechanism = GSSAPI
	sasl.oauthbearer.clock.skew.seconds = 30
	sasl.oauthbearer.expected.audience = null
	sasl.oauthbearer.expected.issuer = null
	sasl.oauthbearer.header.urlencode = false
	sasl.oauthbearer.jwks.endpoint.refresh.ms = 3600000
	sasl.oauthbearer.jwks.endpoint.retry.backoff.max.ms = 10000
	sasl.oauthbearer.jwks.endpoint.retry.backoff.ms = 100
	sasl.oauthbearer.jwks.endpoint.url = null
	sasl.oauthbearer.scope.claim.name = scope
	sasl.oauthbearer.sub.claim.name = sub
	sasl.oauthbearer.token.endpoint.url = null
	security.protocol = PLAINTEXT
	security.providers = null
	send.buffer.bytes = 131072
	session.timeout.ms = 45000
	socket.connection.setup.timeout.max.ms = 30000
	socket.connection.setup.timeout.ms = 10000
	ssl.cipher.suites = null
	ssl.enabled.protocols = [TLSv1.2, TLSv1.3]
	ssl.endpoint.identification.algorithm = https
	ssl.engine.factory.class = null
	ssl.key.password = null
	ssl.keymanager.algorithm = SunX509
	ssl.keystore.certificate.chain = null
	ssl.keystore.key = null
	ssl.keystore.location = null
	ssl.keystore.password = null
	ssl.keystore.type = JKS
	ssl.protocol = TLSv1.3
	ssl.provider = null
	ssl.secure.random.implementation = null
	ssl.trustmanager.algorithm = PKIX
	ssl.truststore.certificates = null
	ssl.truststore.location = null
	ssl.truststore.password = null
	ssl.truststore.type = JKS
	value.deserializer = class io.confluent.kafka.serializers.KafkaAvroDeserializer

2025-07-31 18:13:58,156 INFO  [org.apa.kaf.com.tel.int.KafkaMetricsCollector] (main) initializing Kafka metrics collector
2025-07-31 18:13:58,156 INFO  [io.con.kaf.ser.KafkaAvroDeserializerConfig] (main) KafkaAvroDeserializerConfig values: 
	auto.register.schemas = true
	avro.reflection.allow.null = false
	avro.use.logical.type.converters = false
	basic.auth.credentials.source = URL
	basic.auth.user.info = [hidden]
	bearer.auth.cache.expiry.buffer.seconds = 300
	bearer.auth.client.id = null
	bearer.auth.client.secret = null
	bearer.auth.credentials.source = STATIC_TOKEN
	bearer.auth.custom.provider.class = null
	bearer.auth.identity.pool.id = null
	bearer.auth.issuer.endpoint.url = null
	bearer.auth.logical.cluster = null
	bearer.auth.scope = null
	bearer.auth.scope.claim.name = scope
	bearer.auth.sub.claim.name = sub
	bearer.auth.token = [hidden]
	context.name.strategy = class io.confluent.kafka.serializers.context.NullContextNameStrategy
	http.connect.timeout.ms = 60000
	http.read.timeout.ms = 60000
	id.compatibility.strict = true
	key.schema.id.deserializer = class io.confluent.kafka.serializers.schema.id.DualSchemaIdDeserializer
	key.schema.id.serializer = class io.confluent.kafka.serializers.schema.id.PrefixSchemaIdSerializer
	key.subject.name.strategy = class io.confluent.kafka.serializers.subject.TopicNameStrategy
	latest.cache.size = 1000
	latest.cache.ttl.sec = -1
	latest.compatibility.strict = true
	max.retries = 3
	max.schemas.per.subject = 1000
	normalize.schemas = false
	propagate.schema.tags = false
	proxy.host = 
	proxy.port = -1
	retries.max.wait.ms = 20000
	retries.wait.ms = 1000
	rule.actions = []
	rule.executors = []
	rule.service.loader.enable = true
	schema.format = null
	schema.reflection = false
	schema.registry.basic.auth.user.info = [hidden]
	schema.registry.ssl.cipher.suites = null
	schema.registry.ssl.enabled.protocols = [TLSv1.2, TLSv1.3]
	schema.registry.ssl.endpoint.identification.algorithm = https
	schema.registry.ssl.engine.factory.class = null
	schema.registry.ssl.key.password = null
	schema.registry.ssl.keymanager.algorithm = SunX509
	schema.registry.ssl.keystore.certificate.chain = null
	schema.registry.ssl.keystore.key = null
	schema.registry.ssl.keystore.location = null
	schema.registry.ssl.keystore.password = null
	schema.registry.ssl.keystore.type = JKS
	schema.registry.ssl.protocol = TLSv1.3
	schema.registry.ssl.provider = null
	schema.registry.ssl.secure.random.implementation = null
	schema.registry.ssl.trustmanager.algorithm = PKIX
	schema.registry.ssl.truststore.certificates = null
	schema.registry.ssl.truststore.location = null
	schema.registry.ssl.truststore.password = null
	schema.registry.ssl.truststore.type = JKS
	schema.registry.url = [http://registry-app-inmemory.apps.ci419.apicurio-testing.org:80/apis/ccompat/v7]
	schema.registry.url.randomize = false
	specific.avro.key.type = null
	specific.avro.reader = false
	specific.avro.value.type = null
	use.latest.version = false
	use.latest.with.metadata = null
	use.schema.id = -1
	value.schema.id.deserializer = class io.confluent.kafka.serializers.schema.id.DualSchemaIdDeserializer
	value.schema.id.serializer = class io.confluent.kafka.serializers.schema.id.PrefixSchemaIdSerializer
	value.subject.name.strategy = class io.confluent.kafka.serializers.subject.TopicNameStrategy

2025-07-31 18:13:58,163 INFO  [org.apa.kaf.cli.con.ConsumerConfig] (main) These configurations '[schema.registry.url]' were supplied but are not used yet.
2025-07-31 18:13:58,163 INFO  [org.apa.kaf.com.uti.AppInfoParser] (main) Kafka version: 3.9.1
2025-07-31 18:13:58,163 INFO  [org.apa.kaf.com.uti.AppInfoParser] (main) Kafka commitId: f745dfdcee2b9851
2025-07-31 18:13:58,163 INFO  [org.apa.kaf.com.uti.AppInfoParser] (main) Kafka startTimeMs: 1753985638163
2025-07-31 18:13:58,163 INFO  [org.apa.kaf.cli.con.int.ClassicKafkaConsumer] (Thread-859) [Consumer clientId=consumer-Consumer-topic-a38f1968_676c_4aa5_813f_74f8bcb90a4a-35, groupId=Consumer-topic-a38f1968_676c_4aa5_813f_74f8bcb90a4a] Subscribed to topic(s): topic-a38f1968_676c_4aa5_813f_74f8bcb90a4a
2025-07-31 18:13:58,169 INFO  [org.apa.kaf.cli.Metadata] (Thread-859) [Consumer clientId=consumer-Consumer-topic-a38f1968_676c_4aa5_813f_74f8bcb90a4a-35, groupId=Consumer-topic-a38f1968_676c_4aa5_813f_74f8bcb90a4a] Cluster ID: Pi_RUBSBSj-WuHInrGEQ6g
2025-07-31 18:13:58,169 INFO  [org.apa.kaf.cli.con.int.ConsumerCoordinator] (Thread-859) [Consumer clientId=consumer-Consumer-topic-a38f1968_676c_4aa5_813f_74f8bcb90a4a-35, groupId=Consumer-topic-a38f1968_676c_4aa5_813f_74f8bcb90a4a] Discovered group coordinator localhost:32770 (id: 2147483647 rack: null)
2025-07-31 18:13:58,170 INFO  [org.apa.kaf.cli.con.int.ConsumerCoordinator] (Thread-859) [Consumer clientId=consumer-Consumer-topic-a38f1968_676c_4aa5_813f_74f8bcb90a4a-35, groupId=Consumer-topic-a38f1968_676c_4aa5_813f_74f8bcb90a4a] (Re-)joining group
2025-07-31 18:13:58,174 INFO  [org.apa.kaf.cli.con.int.ConsumerCoordinator] (Thread-859) [Consumer clientId=consumer-Consumer-topic-a38f1968_676c_4aa5_813f_74f8bcb90a4a-35, groupId=Consumer-topic-a38f1968_676c_4aa5_813f_74f8bcb90a4a] Request joining group due to: need to re-join with the given member-id: consumer-Consumer-topic-a38f1968_676c_4aa5_813f_74f8bcb90a4a-35-4912766f-605e-49b4-b1e0-2fbc3ea2f3d7
2025-07-31 18:13:58,174 INFO  [org.apa.kaf.cli.con.int.ConsumerCoordinator] (Thread-859) [Consumer clientId=consumer-Consumer-topic-a38f1968_676c_4aa5_813f_74f8bcb90a4a-35, groupId=Consumer-topic-a38f1968_676c_4aa5_813f_74f8bcb90a4a] (Re-)joining group
2025-07-31 18:13:58,184 INFO  [org.apa.kaf.cli.con.int.ConsumerCoordinator] (Thread-859) [Consumer clientId=consumer-Consumer-topic-a38f1968_676c_4aa5_813f_74f8bcb90a4a-35, groupId=Consumer-topic-a38f1968_676c_4aa5_813f_74f8bcb90a4a] Successfully joined group with generation Generation{generationId=1, memberId='consumer-Consumer-topic-a38f1968_676c_4aa5_813f_74f8bcb90a4a-35-4912766f-605e-49b4-b1e0-2fbc3ea2f3d7', protocol='range'}
2025-07-31 18:13:58,184 INFO  [org.apa.kaf.cli.con.int.ConsumerCoordinator] (Thread-859) [Consumer clientId=consumer-Consumer-topic-a38f1968_676c_4aa5_813f_74f8bcb90a4a-35, groupId=Consumer-topic-a38f1968_676c_4aa5_813f_74f8bcb90a4a] Finished assignment for group at generation 1: {consumer-Consumer-topic-a38f1968_676c_4aa5_813f_74f8bcb90a4a-35-4912766f-605e-49b4-b1e0-2fbc3ea2f3d7=Assignment(partitions=[topic-a38f1968_676c_4aa5_813f_74f8bcb90a4a-0])}
2025-07-31 18:13:58,188 INFO  [org.apa.kaf.cli.con.int.ConsumerCoordinator] (Thread-859) [Consumer clientId=consumer-Consumer-topic-a38f1968_676c_4aa5_813f_74f8bcb90a4a-35, groupId=Consumer-topic-a38f1968_676c_4aa5_813f_74f8bcb90a4a] Successfully synced group in generation Generation{generationId=1, memberId='consumer-Consumer-topic-a38f1968_676c_4aa5_813f_74f8bcb90a4a-35-4912766f-605e-49b4-b1e0-2fbc3ea2f3d7', protocol='range'}
2025-07-31 18:13:58,188 INFO  [org.apa.kaf.cli.con.int.ConsumerCoordinator] (Thread-859) [Consumer clientId=consumer-Consumer-topic-a38f1968_676c_4aa5_813f_74f8bcb90a4a-35, groupId=Consumer-topic-a38f1968_676c_4aa5_813f_74f8bcb90a4a] Notifying assignor about the new Assignment(partitions=[topic-a38f1968_676c_4aa5_813f_74f8bcb90a4a-0])
2025-07-31 18:13:58,188 INFO  [org.apa.kaf.cli.con.int.ConsumerRebalanceListenerInvoker] (Thread-859) [Consumer clientId=consumer-Consumer-topic-a38f1968_676c_4aa5_813f_74f8bcb90a4a-35, groupId=Consumer-topic-a38f1968_676c_4aa5_813f_74f8bcb90a4a] Adding newly assigned partitions: topic-a38f1968_676c_4aa5_813f_74f8bcb90a4a-0
2025-07-31 18:13:58,192 INFO  [org.apa.kaf.cli.con.int.ConsumerCoordinator] (Thread-859) [Consumer clientId=consumer-Consumer-topic-a38f1968_676c_4aa5_813f_74f8bcb90a4a-35, groupId=Consumer-topic-a38f1968_676c_4aa5_813f_74f8bcb90a4a] Found no committed offset for partition topic-a38f1968_676c_4aa5_813f_74f8bcb90a4a-0
2025-07-31 18:13:58,195 INFO  [org.apa.kaf.cli.con.int.SubscriptionState] (Thread-859) [Consumer clientId=consumer-Consumer-topic-a38f1968_676c_4aa5_813f_74f8bcb90a4a-35, groupId=Consumer-topic-a38f1968_676c_4aa5_813f_74f8bcb90a4a] Resetting offset for partition topic-a38f1968_676c_4aa5_813f_74f8bcb90a4a-0 to position FetchPosition{offset=0, offsetEpoch=Optional.empty, currentLeader=LeaderAndEpoch{leader=Optional[localhost:32770 (id: 0 rack: null)], epoch=0}}.
2025-07-31 18:13:58,210 INFO  [io.api.tes.ser.api.KafkaSerdesTester] (Thread-859) topic-a38f1968_676c_4aa5_813f_74f8bcb90a4a 0 0 {"key1": "value-0"}
2025-07-31 18:13:58,210 INFO  [io.api.tes.ser.api.KafkaSerdesTester] (Thread-859) topic-a38f1968_676c_4aa5_813f_74f8bcb90a4a 0 1 {"key1": "value-1"}
2025-07-31 18:13:58,210 INFO  [io.api.tes.ser.api.KafkaSerdesTester] (Thread-859) topic-a38f1968_676c_4aa5_813f_74f8bcb90a4a 0 2 {"key1": "value-2"}
2025-07-31 18:13:58,210 INFO  [io.api.tes.ser.api.KafkaSerdesTester] (Thread-859) topic-a38f1968_676c_4aa5_813f_74f8bcb90a4a 0 3 {"key1": "value-3"}
2025-07-31 18:13:58,210 INFO  [io.api.tes.ser.api.KafkaSerdesTester] (Thread-859) topic-a38f1968_676c_4aa5_813f_74f8bcb90a4a 0 4 {"key1": "value-4"}
2025-07-31 18:13:58,210 INFO  [io.api.tes.ser.api.KafkaSerdesTester] (Thread-859) topic-a38f1968_676c_4aa5_813f_74f8bcb90a4a 0 5 {"key1": "value-5"}
2025-07-31 18:13:58,210 INFO  [io.api.tes.ser.api.KafkaSerdesTester] (Thread-859) topic-a38f1968_676c_4aa5_813f_74f8bcb90a4a 0 6 {"key1": "value-6"}
2025-07-31 18:13:58,210 INFO  [io.api.tes.ser.api.KafkaSerdesTester] (Thread-859) topic-a38f1968_676c_4aa5_813f_74f8bcb90a4a 0 7 {"key1": "value-7"}
2025-07-31 18:13:58,210 INFO  [io.api.tes.ser.api.KafkaSerdesTester] (Thread-859) topic-a38f1968_676c_4aa5_813f_74f8bcb90a4a 0 8 {"key1": "value-8"}
2025-07-31 18:13:58,210 INFO  [io.api.tes.ser.api.KafkaSerdesTester] (Thread-859) topic-a38f1968_676c_4aa5_813f_74f8bcb90a4a 0 9 {"key1": "value-9"}
2025-07-31 18:13:58,210 INFO  [io.api.tes.ser.api.KafkaSerdesTester] (Thread-859) Consumed 10 messages
2025-07-31 18:13:58,211 INFO  [org.apa.kaf.cli.con.int.ConsumerRebalanceListenerInvoker] (Thread-859) [Consumer clientId=consumer-Consumer-topic-a38f1968_676c_4aa5_813f_74f8bcb90a4a-35, groupId=Consumer-topic-a38f1968_676c_4aa5_813f_74f8bcb90a4a] Revoke previously assigned partitions topic-a38f1968_676c_4aa5_813f_74f8bcb90a4a-0
2025-07-31 18:13:58,212 INFO  [org.apa.kaf.cli.con.int.ConsumerCoordinator] (Thread-859) [Consumer clientId=consumer-Consumer-topic-a38f1968_676c_4aa5_813f_74f8bcb90a4a-35, groupId=Consumer-topic-a38f1968_676c_4aa5_813f_74f8bcb90a4a] Member consumer-Consumer-topic-a38f1968_676c_4aa5_813f_74f8bcb90a4a-35-4912766f-605e-49b4-b1e0-2fbc3ea2f3d7 sending LeaveGroup request to coordinator localhost:32770 (id: 2147483647 rack: null) due to the consumer is being closed
2025-07-31 18:13:58,212 INFO  [org.apa.kaf.cli.con.int.ConsumerCoordinator] (Thread-859) [Consumer clientId=consumer-Consumer-topic-a38f1968_676c_4aa5_813f_74f8bcb90a4a-35, groupId=Consumer-topic-a38f1968_676c_4aa5_813f_74f8bcb90a4a] Resetting generation and member id due to: consumer pro-actively leaving the group
2025-07-31 18:13:58,212 INFO  [org.apa.kaf.cli.con.int.ConsumerCoordinator] (Thread-859) [Consumer clientId=consumer-Consumer-topic-a38f1968_676c_4aa5_813f_74f8bcb90a4a-35, groupId=Consumer-topic-a38f1968_676c_4aa5_813f_74f8bcb90a4a] Request joining group due to: consumer pro-actively leaving the group
2025-07-31 18:13:58,713 INFO  [org.apa.kaf.com.met.Metrics] (Thread-859) Metrics scheduler closed
2025-07-31 18:13:58,713 INFO  [org.apa.kaf.com.met.Metrics] (Thread-859) Closing reporter org.apache.kafka.common.metrics.JmxReporter
2025-07-31 18:13:58,713 INFO  [org.apa.kaf.com.met.Metrics] (Thread-859) Closing reporter org.apache.kafka.common.telemetry.internals.ClientTelemetryReporter
2025-07-31 18:13:58,713 INFO  [org.apa.kaf.com.met.Metrics] (Thread-859) Metrics reporters closed
2025-07-31 18:13:58,714 INFO  [org.apa.kaf.com.uti.AppInfoParser] (Thread-859) App info kafka.consumer for consumer-Consumer-topic-a38f1968_676c_4aa5_813f_74f8bcb90a4a-35 unregistered
2025-07-31 18:13:58,735 INFO  [io.api.tes.ser.con.BasicConfluentSerDesIT] (main) Deleting confluent schema topic-a38f1968_676c_4aa5_813f_74f8bcb90a4a-value
2025-07-31 18:13:58,747 INFO  [io.api.tes.uti.TestSeparator] (main) io.apicurio.tests.serdes.confluent.BasicConfluentSerDesIT.testAvroApicurioConfluent-FINISHED
2025-07-31 18:13:58,747 INFO  [io.api.tes.uti.TestSeparator] (main) ############################################################################
Test passed: testAvroApicurioConfluent
]]></system-out>
  </testcase>
  <testcase name="testAvroConfluentSerDesFail" classname="io.apicurio.tests.serdes.confluent.BasicConfluentSerDesIT" time="0.123">
    <system-out><![CDATA[2025-07-31 18:13:58,748 INFO  [io.api.tes.uti.TestSeparator] (main) ############################################################################
2025-07-31 18:13:58,748 INFO  [io.api.tes.uti.TestSeparator] (main) io.apicurio.tests.serdes.confluent.BasicConfluentSerDesIT.testAvroConfluentSerDesFail-STARTED
2025-07-31 18:13:58,782 INFO  [io.api.tes.ser.con.BasicConfluentSerDesIT] (main) Checking that created schema is equal to the get schema
2025-07-31 18:13:58,793 INFO  [io.api.tes.ser.con.BasicConfluentSerDesIT] (main) Created schema with id:103 and name:myrecordconfluent2
**** Registry Base URL: http://registry-app-inmemory.apps.ci419.apicurio-testing.org:80
2025-07-31 18:13:58,794 INFO  [org.apa.kaf.cli.pro.ProducerConfig] (main) ProducerConfig values: 
	acks = -1
	auto.include.jmx.reporter = true
	batch.size = 16384
	bootstrap.servers = [PLAINTEXT://localhost:32770]
	buffer.memory = 33554432
	client.dns.lookup = use_all_dns_ips
	client.id = Producer-topic-8646fe1f_ff98_45cc_b390_6a6fbc595baa
	compression.gzip.level = -1
	compression.lz4.level = 9
	compression.type = none
	compression.zstd.level = 3
	connections.max.idle.ms = 10000
	delivery.timeout.ms = 120000
	enable.idempotence = true
	enable.metrics.push = true
	interceptor.classes = []
	key.serializer = class org.apache.kafka.common.serialization.StringSerializer
	linger.ms = 0
	max.block.ms = 60000
	max.in.flight.requests.per.connection = 5
	max.request.size = 1048576
	metadata.max.age.ms = 300000
	metadata.max.idle.ms = 300000
	metadata.recovery.strategy = none
	metric.reporters = []
	metrics.num.samples = 2
	metrics.recording.level = INFO
	metrics.sample.window.ms = 30000
	partitioner.adaptive.partitioning.enable = true
	partitioner.availability.timeout.ms = 0
	partitioner.class = null
	partitioner.ignore.keys = false
	receive.buffer.bytes = 32768
	reconnect.backoff.max.ms = 1000
	reconnect.backoff.ms = 50
	request.timeout.ms = 5000
	retries = 2147483647
	retry.backoff.max.ms = 1000
	retry.backoff.ms = 100
	sasl.client.callback.handler.class = null
	sasl.jaas.config = null
	sasl.kerberos.kinit.cmd = /usr/bin/kinit
	sasl.kerberos.min.time.before.relogin = 60000
	sasl.kerberos.service.name = null
	sasl.kerberos.ticket.renew.jitter = 0.05
	sasl.kerberos.ticket.renew.window.factor = 0.8
	sasl.login.callback.handler.class = null
	sasl.login.class = null
	sasl.login.connect.timeout.ms = null
	sasl.login.read.timeout.ms = null
	sasl.login.refresh.buffer.seconds = 300
	sasl.login.refresh.min.period.seconds = 60
	sasl.login.refresh.window.factor = 0.8
	sasl.login.refresh.window.jitter = 0.05
	sasl.login.retry.backoff.max.ms = 10000
	sasl.login.retry.backoff.ms = 100
	sasl.mechanism = GSSAPI
	sasl.oauthbearer.clock.skew.seconds = 30
	sasl.oauthbearer.expected.audience = null
	sasl.oauthbearer.expected.issuer = null
	sasl.oauthbearer.header.urlencode = false
	sasl.oauthbearer.jwks.endpoint.refresh.ms = 3600000
	sasl.oauthbearer.jwks.endpoint.retry.backoff.max.ms = 10000
	sasl.oauthbearer.jwks.endpoint.retry.backoff.ms = 100
	sasl.oauthbearer.jwks.endpoint.url = null
	sasl.oauthbearer.scope.claim.name = scope
	sasl.oauthbearer.sub.claim.name = sub
	sasl.oauthbearer.token.endpoint.url = null
	security.protocol = PLAINTEXT
	security.providers = null
	send.buffer.bytes = 131072
	socket.connection.setup.timeout.max.ms = 30000
	socket.connection.setup.timeout.ms = 10000
	ssl.cipher.suites = null
	ssl.enabled.protocols = [TLSv1.2, TLSv1.3]
	ssl.endpoint.identification.algorithm = https
	ssl.engine.factory.class = null
	ssl.key.password = null
	ssl.keymanager.algorithm = SunX509
	ssl.keystore.certificate.chain = null
	ssl.keystore.key = null
	ssl.keystore.location = null
	ssl.keystore.password = null
	ssl.keystore.type = JKS
	ssl.protocol = TLSv1.3
	ssl.provider = null
	ssl.secure.random.implementation = null
	ssl.trustmanager.algorithm = PKIX
	ssl.truststore.certificates = null
	ssl.truststore.location = null
	ssl.truststore.password = null
	ssl.truststore.type = JKS
	transaction.timeout.ms = 60000
	transactional.id = null
	value.serializer = class io.confluent.kafka.serializers.KafkaAvroSerializer

2025-07-31 18:13:58,794 INFO  [org.apa.kaf.com.tel.int.KafkaMetricsCollector] (main) initializing Kafka metrics collector
2025-07-31 18:13:58,794 INFO  [io.con.kaf.ser.KafkaAvroSerializerConfig] (main) KafkaAvroSerializerConfig values: 
	auto.register.schemas = false
	avro.reflection.allow.null = false
	avro.remove.java.properties = false
	avro.use.logical.type.converters = false
	basic.auth.credentials.source = URL
	basic.auth.user.info = [hidden]
	bearer.auth.cache.expiry.buffer.seconds = 300
	bearer.auth.client.id = null
	bearer.auth.client.secret = null
	bearer.auth.credentials.source = STATIC_TOKEN
	bearer.auth.custom.provider.class = null
	bearer.auth.identity.pool.id = null
	bearer.auth.issuer.endpoint.url = null
	bearer.auth.logical.cluster = null
	bearer.auth.scope = null
	bearer.auth.scope.claim.name = scope
	bearer.auth.sub.claim.name = sub
	bearer.auth.token = [hidden]
	context.name.strategy = class io.confluent.kafka.serializers.context.NullContextNameStrategy
	http.connect.timeout.ms = 60000
	http.read.timeout.ms = 60000
	id.compatibility.strict = true
	key.schema.id.deserializer = class io.confluent.kafka.serializers.schema.id.DualSchemaIdDeserializer
	key.schema.id.serializer = class io.confluent.kafka.serializers.schema.id.PrefixSchemaIdSerializer
	key.subject.name.strategy = class io.confluent.kafka.serializers.subject.TopicNameStrategy
	latest.cache.size = 1000
	latest.cache.ttl.sec = -1
	latest.compatibility.strict = true
	max.retries = 3
	max.schemas.per.subject = 1000
	normalize.schemas = false
	propagate.schema.tags = false
	proxy.host = 
	proxy.port = -1
	retries.max.wait.ms = 20000
	retries.wait.ms = 1000
	rule.actions = []
	rule.executors = []
	rule.service.loader.enable = true
	schema.format = null
	schema.reflection = false
	schema.registry.basic.auth.user.info = [hidden]
	schema.registry.ssl.cipher.suites = null
	schema.registry.ssl.enabled.protocols = [TLSv1.2, TLSv1.3]
	schema.registry.ssl.endpoint.identification.algorithm = https
	schema.registry.ssl.engine.factory.class = null
	schema.registry.ssl.key.password = null
	schema.registry.ssl.keymanager.algorithm = SunX509
	schema.registry.ssl.keystore.certificate.chain = null
	schema.registry.ssl.keystore.key = null
	schema.registry.ssl.keystore.location = null
	schema.registry.ssl.keystore.password = null
	schema.registry.ssl.keystore.type = JKS
	schema.registry.ssl.protocol = TLSv1.3
	schema.registry.ssl.provider = null
	schema.registry.ssl.secure.random.implementation = null
	schema.registry.ssl.trustmanager.algorithm = PKIX
	schema.registry.ssl.truststore.certificates = null
	schema.registry.ssl.truststore.location = null
	schema.registry.ssl.truststore.password = null
	schema.registry.ssl.truststore.type = JKS
	schema.registry.url = [http://registry-app-inmemory.apps.ci419.apicurio-testing.org:80/apis/ccompat/v7]
	schema.registry.url.randomize = false
	use.latest.version = false
	use.latest.with.metadata = null
	use.schema.id = -1
	value.schema.id.deserializer = class io.confluent.kafka.serializers.schema.id.DualSchemaIdDeserializer
	value.schema.id.serializer = class io.confluent.kafka.serializers.schema.id.PrefixSchemaIdSerializer
	value.subject.name.strategy = class io.confluent.kafka.serializers.subject.RecordNameStrategy

2025-07-31 18:13:58,796 INFO  [org.apa.kaf.cli.pro.KafkaProducer] (main) [Producer clientId=Producer-topic-8646fe1f_ff98_45cc_b390_6a6fbc595baa] Instantiated an idempotent producer.
2025-07-31 18:13:58,797 INFO  [org.apa.kaf.cli.pro.ProducerConfig] (main) These configurations '[schema.registry.url, auto.register.schemas, value.subject.name.strategy]' were supplied but are not used yet.
2025-07-31 18:13:58,797 INFO  [org.apa.kaf.com.uti.AppInfoParser] (main) Kafka version: 3.9.1
2025-07-31 18:13:58,797 INFO  [org.apa.kaf.com.uti.AppInfoParser] (main) Kafka commitId: f745dfdcee2b9851
2025-07-31 18:13:58,797 INFO  [org.apa.kaf.com.uti.AppInfoParser] (main) Kafka startTimeMs: 1753985638797
2025-07-31 18:13:58,798 INFO  [io.api.tes.ser.api.KafkaSerdesTester] (Thread-860) Sending message {"wrongkey": "value-0"} to topic topic-8646fe1f_ff98_45cc_b390_6a6fbc595baa
2025-07-31 18:13:58,801 INFO  [org.apa.kaf.cli.Metadata] (kafka-producer-network-thread | Producer-topic-8646fe1f_ff98_45cc_b390_6a6fbc595baa) [Producer clientId=Producer-topic-8646fe1f_ff98_45cc_b390_6a6fbc595baa] Cluster ID: Pi_RUBSBSj-WuHInrGEQ6g
2025-07-31 18:13:58,802 INFO  [org.apa.kaf.cli.pro.int.TransactionManager] (kafka-producer-network-thread | Producer-topic-8646fe1f_ff98_45cc_b390_6a6fbc595baa) [Producer clientId=Producer-topic-8646fe1f_ff98_45cc_b390_6a6fbc595baa] ProducerId set to 49 with epoch 0
2025-07-31 18:13:58,822 INFO  [org.apa.kaf.cli.pro.KafkaProducer] (Thread-860) [Producer clientId=Producer-topic-8646fe1f_ff98_45cc_b390_6a6fbc595baa] Closing the Kafka producer with timeoutMillis = 9223372036854775807 ms.
2025-07-31 18:13:58,823 INFO  [org.apa.kaf.com.met.Metrics] (Thread-860) Metrics scheduler closed
2025-07-31 18:13:58,823 INFO  [org.apa.kaf.com.met.Metrics] (Thread-860) Closing reporter org.apache.kafka.common.metrics.JmxReporter
2025-07-31 18:13:58,823 INFO  [org.apa.kaf.com.met.Metrics] (Thread-860) Closing reporter org.apache.kafka.common.telemetry.internals.ClientTelemetryReporter
2025-07-31 18:13:58,823 INFO  [org.apa.kaf.com.met.Metrics] (Thread-860) Metrics reporters closed
2025-07-31 18:13:58,823 INFO  [org.apa.kaf.com.uti.AppInfoParser] (Thread-860) App info kafka.producer for Producer-topic-8646fe1f_ff98_45cc_b390_6a6fbc595baa unregistered
2025-07-31 18:13:58,843 INFO  [io.api.tes.ser.con.BasicConfluentSerDesIT] (main) Deleting confluent schema myrecordconfluent2
2025-07-31 18:13:58,871 INFO  [io.api.tes.uti.TestSeparator] (main) io.apicurio.tests.serdes.confluent.BasicConfluentSerDesIT.testAvroConfluentSerDesFail-FINISHED
2025-07-31 18:13:58,871 INFO  [io.api.tes.uti.TestSeparator] (main) ############################################################################
Test passed: testAvroConfluentSerDesFail
]]></system-out>
  </testcase>
  <testcase name="testAvroConfluentSerDesWrongStrategyRecord" classname="io.apicurio.tests.serdes.confluent.BasicConfluentSerDesIT" time="0.106">
    <system-out><![CDATA[2025-07-31 18:13:58,872 INFO  [io.api.tes.uti.TestSeparator] (main) ############################################################################
2025-07-31 18:13:58,872 INFO  [io.api.tes.uti.TestSeparator] (main) io.apicurio.tests.serdes.confluent.BasicConfluentSerDesIT.testAvroConfluentSerDesWrongStrategyRecord-STARTED
2025-07-31 18:13:58,900 INFO  [io.api.tes.ser.con.BasicConfluentSerDesIT] (main) Checking that created schema is equal to the get schema
2025-07-31 18:13:58,914 INFO  [io.api.tes.ser.con.BasicConfluentSerDesIT] (main) Created schema with id:104 and name:myrecordconfluent4
**** Registry Base URL: http://registry-app-inmemory.apps.ci419.apicurio-testing.org:80
2025-07-31 18:13:58,915 INFO  [org.apa.kaf.cli.pro.ProducerConfig] (main) ProducerConfig values: 
	acks = -1
	auto.include.jmx.reporter = true
	batch.size = 16384
	bootstrap.servers = [PLAINTEXT://localhost:32770]
	buffer.memory = 33554432
	client.dns.lookup = use_all_dns_ips
	client.id = Producer-topic-a0b5eb73_f185_4e5c_ae83_22cb487616e9
	compression.gzip.level = -1
	compression.lz4.level = 9
	compression.type = none
	compression.zstd.level = 3
	connections.max.idle.ms = 10000
	delivery.timeout.ms = 120000
	enable.idempotence = true
	enable.metrics.push = true
	interceptor.classes = []
	key.serializer = class org.apache.kafka.common.serialization.StringSerializer
	linger.ms = 0
	max.block.ms = 60000
	max.in.flight.requests.per.connection = 5
	max.request.size = 1048576
	metadata.max.age.ms = 300000
	metadata.max.idle.ms = 300000
	metadata.recovery.strategy = none
	metric.reporters = []
	metrics.num.samples = 2
	metrics.recording.level = INFO
	metrics.sample.window.ms = 30000
	partitioner.adaptive.partitioning.enable = true
	partitioner.availability.timeout.ms = 0
	partitioner.class = null
	partitioner.ignore.keys = false
	receive.buffer.bytes = 32768
	reconnect.backoff.max.ms = 1000
	reconnect.backoff.ms = 50
	request.timeout.ms = 5000
	retries = 2147483647
	retry.backoff.max.ms = 1000
	retry.backoff.ms = 100
	sasl.client.callback.handler.class = null
	sasl.jaas.config = null
	sasl.kerberos.kinit.cmd = /usr/bin/kinit
	sasl.kerberos.min.time.before.relogin = 60000
	sasl.kerberos.service.name = null
	sasl.kerberos.ticket.renew.jitter = 0.05
	sasl.kerberos.ticket.renew.window.factor = 0.8
	sasl.login.callback.handler.class = null
	sasl.login.class = null
	sasl.login.connect.timeout.ms = null
	sasl.login.read.timeout.ms = null
	sasl.login.refresh.buffer.seconds = 300
	sasl.login.refresh.min.period.seconds = 60
	sasl.login.refresh.window.factor = 0.8
	sasl.login.refresh.window.jitter = 0.05
	sasl.login.retry.backoff.max.ms = 10000
	sasl.login.retry.backoff.ms = 100
	sasl.mechanism = GSSAPI
	sasl.oauthbearer.clock.skew.seconds = 30
	sasl.oauthbearer.expected.audience = null
	sasl.oauthbearer.expected.issuer = null
	sasl.oauthbearer.header.urlencode = false
	sasl.oauthbearer.jwks.endpoint.refresh.ms = 3600000
	sasl.oauthbearer.jwks.endpoint.retry.backoff.max.ms = 10000
	sasl.oauthbearer.jwks.endpoint.retry.backoff.ms = 100
	sasl.oauthbearer.jwks.endpoint.url = null
	sasl.oauthbearer.scope.claim.name = scope
	sasl.oauthbearer.sub.claim.name = sub
	sasl.oauthbearer.token.endpoint.url = null
	security.protocol = PLAINTEXT
	security.providers = null
	send.buffer.bytes = 131072
	socket.connection.setup.timeout.max.ms = 30000
	socket.connection.setup.timeout.ms = 10000
	ssl.cipher.suites = null
	ssl.enabled.protocols = [TLSv1.2, TLSv1.3]
	ssl.endpoint.identification.algorithm = https
	ssl.engine.factory.class = null
	ssl.key.password = null
	ssl.keymanager.algorithm = SunX509
	ssl.keystore.certificate.chain = null
	ssl.keystore.key = null
	ssl.keystore.location = null
	ssl.keystore.password = null
	ssl.keystore.type = JKS
	ssl.protocol = TLSv1.3
	ssl.provider = null
	ssl.secure.random.implementation = null
	ssl.trustmanager.algorithm = PKIX
	ssl.truststore.certificates = null
	ssl.truststore.location = null
	ssl.truststore.password = null
	ssl.truststore.type = JKS
	transaction.timeout.ms = 60000
	transactional.id = null
	value.serializer = class io.confluent.kafka.serializers.KafkaAvroSerializer

2025-07-31 18:13:58,916 INFO  [org.apa.kaf.com.tel.int.KafkaMetricsCollector] (main) initializing Kafka metrics collector
2025-07-31 18:13:58,916 INFO  [io.con.kaf.ser.KafkaAvroSerializerConfig] (main) KafkaAvroSerializerConfig values: 
	auto.register.schemas = false
	avro.reflection.allow.null = false
	avro.remove.java.properties = false
	avro.use.logical.type.converters = false
	basic.auth.credentials.source = URL
	basic.auth.user.info = [hidden]
	bearer.auth.cache.expiry.buffer.seconds = 300
	bearer.auth.client.id = null
	bearer.auth.client.secret = null
	bearer.auth.credentials.source = STATIC_TOKEN
	bearer.auth.custom.provider.class = null
	bearer.auth.identity.pool.id = null
	bearer.auth.issuer.endpoint.url = null
	bearer.auth.logical.cluster = null
	bearer.auth.scope = null
	bearer.auth.scope.claim.name = scope
	bearer.auth.sub.claim.name = sub
	bearer.auth.token = [hidden]
	context.name.strategy = class io.confluent.kafka.serializers.context.NullContextNameStrategy
	http.connect.timeout.ms = 60000
	http.read.timeout.ms = 60000
	id.compatibility.strict = true
	key.schema.id.deserializer = class io.confluent.kafka.serializers.schema.id.DualSchemaIdDeserializer
	key.schema.id.serializer = class io.confluent.kafka.serializers.schema.id.PrefixSchemaIdSerializer
	key.subject.name.strategy = class io.confluent.kafka.serializers.subject.TopicNameStrategy
	latest.cache.size = 1000
	latest.cache.ttl.sec = -1
	latest.compatibility.strict = true
	max.retries = 3
	max.schemas.per.subject = 1000
	normalize.schemas = false
	propagate.schema.tags = false
	proxy.host = 
	proxy.port = -1
	retries.max.wait.ms = 20000
	retries.wait.ms = 1000
	rule.actions = []
	rule.executors = []
	rule.service.loader.enable = true
	schema.format = null
	schema.reflection = false
	schema.registry.basic.auth.user.info = [hidden]
	schema.registry.ssl.cipher.suites = null
	schema.registry.ssl.enabled.protocols = [TLSv1.2, TLSv1.3]
	schema.registry.ssl.endpoint.identification.algorithm = https
	schema.registry.ssl.engine.factory.class = null
	schema.registry.ssl.key.password = null
	schema.registry.ssl.keymanager.algorithm = SunX509
	schema.registry.ssl.keystore.certificate.chain = null
	schema.registry.ssl.keystore.key = null
	schema.registry.ssl.keystore.location = null
	schema.registry.ssl.keystore.password = null
	schema.registry.ssl.keystore.type = JKS
	schema.registry.ssl.protocol = TLSv1.3
	schema.registry.ssl.provider = null
	schema.registry.ssl.secure.random.implementation = null
	schema.registry.ssl.trustmanager.algorithm = PKIX
	schema.registry.ssl.truststore.certificates = null
	schema.registry.ssl.truststore.location = null
	schema.registry.ssl.truststore.password = null
	schema.registry.ssl.truststore.type = JKS
	schema.registry.url = [http://registry-app-inmemory.apps.ci419.apicurio-testing.org:80/apis/ccompat/v7]
	schema.registry.url.randomize = false
	use.latest.version = false
	use.latest.with.metadata = null
	use.schema.id = -1
	value.schema.id.deserializer = class io.confluent.kafka.serializers.schema.id.DualSchemaIdDeserializer
	value.schema.id.serializer = class io.confluent.kafka.serializers.schema.id.PrefixSchemaIdSerializer
	value.subject.name.strategy = class io.confluent.kafka.serializers.subject.RecordNameStrategy

2025-07-31 18:13:58,923 INFO  [org.apa.kaf.cli.pro.KafkaProducer] (main) [Producer clientId=Producer-topic-a0b5eb73_f185_4e5c_ae83_22cb487616e9] Instantiated an idempotent producer.
2025-07-31 18:13:58,927 INFO  [org.apa.kaf.cli.pro.ProducerConfig] (main) These configurations '[schema.registry.url, auto.register.schemas, value.subject.name.strategy]' were supplied but are not used yet.
2025-07-31 18:13:58,927 INFO  [org.apa.kaf.com.uti.AppInfoParser] (main) Kafka version: 3.9.1
2025-07-31 18:13:58,927 INFO  [org.apa.kaf.com.uti.AppInfoParser] (main) Kafka commitId: f745dfdcee2b9851
2025-07-31 18:13:58,927 INFO  [org.apa.kaf.com.uti.AppInfoParser] (main) Kafka startTimeMs: 1753985638927
2025-07-31 18:13:58,928 INFO  [io.api.tes.ser.api.KafkaSerdesTester] (Thread-861) Sending message {"wrongkey": "value-0"} to topic topic-a0b5eb73_f185_4e5c_ae83_22cb487616e9
2025-07-31 18:13:58,934 INFO  [org.apa.kaf.cli.Metadata] (kafka-producer-network-thread | Producer-topic-a0b5eb73_f185_4e5c_ae83_22cb487616e9) [Producer clientId=Producer-topic-a0b5eb73_f185_4e5c_ae83_22cb487616e9] Cluster ID: Pi_RUBSBSj-WuHInrGEQ6g
2025-07-31 18:13:58,936 INFO  [org.apa.kaf.cli.pro.int.TransactionManager] (kafka-producer-network-thread | Producer-topic-a0b5eb73_f185_4e5c_ae83_22cb487616e9) [Producer clientId=Producer-topic-a0b5eb73_f185_4e5c_ae83_22cb487616e9] ProducerId set to 50 with epoch 0
2025-07-31 18:13:58,946 INFO  [org.apa.kaf.cli.pro.KafkaProducer] (Thread-861) [Producer clientId=Producer-topic-a0b5eb73_f185_4e5c_ae83_22cb487616e9] Closing the Kafka producer with timeoutMillis = 9223372036854775807 ms.
2025-07-31 18:13:58,947 INFO  [org.apa.kaf.com.met.Metrics] (Thread-861) Metrics scheduler closed
2025-07-31 18:13:58,947 INFO  [org.apa.kaf.com.met.Metrics] (Thread-861) Closing reporter org.apache.kafka.common.metrics.JmxReporter
2025-07-31 18:13:58,947 INFO  [org.apa.kaf.com.met.Metrics] (Thread-861) Closing reporter org.apache.kafka.common.telemetry.internals.ClientTelemetryReporter
2025-07-31 18:13:58,947 INFO  [org.apa.kaf.com.met.Metrics] (Thread-861) Metrics reporters closed
2025-07-31 18:13:58,948 INFO  [org.apa.kaf.com.uti.AppInfoParser] (Thread-861) App info kafka.producer for Producer-topic-a0b5eb73_f185_4e5c_ae83_22cb487616e9 unregistered
2025-07-31 18:13:58,966 INFO  [io.api.tes.ser.con.BasicConfluentSerDesIT] (main) Deleting confluent schema topic-a0b5eb73_f185_4e5c_ae83_22cb487616e9-value
2025-07-31 18:13:58,977 INFO  [io.api.tes.uti.TestSeparator] (main) io.apicurio.tests.serdes.confluent.BasicConfluentSerDesIT.testAvroConfluentSerDesWrongStrategyRecord-FINISHED
2025-07-31 18:13:58,978 INFO  [io.api.tes.uti.TestSeparator] (main) ############################################################################
Test passed: testAvroConfluentSerDesWrongStrategyRecord
]]></system-out>
  </testcase>
</testsuite>