<?xml version="1.0" encoding="UTF-8"?>
<testsuite xmlns:xsi="http://www.w3.org/2001/XMLSchema-instance" xsi:noNamespaceSchemaLocation="https://maven.apache.org/surefire/maven-failsafe-plugin/xsd/failsafe-test-report.xsd" version="3.0.2" name="io.apicurio.tests.serdes.confluent.BasicConfluentSerDesIT" time="10.266" tests="8" errors="0" skipped="0" failures="0">
  <properties>
    <property name="java.specification.version" value="17"/>
    <property name="sun.jnu.encoding" value="UTF-8"/>
    <property name="java.class.path" value="/home/runner/work/apicurio-testing/apicurio-testing/clusters/ci419/namespaces/inmemory/tests/integration/apicurio-registry/integration-tests/target/test-classes:/home/runner/work/apicurio-testing/apicurio-testing/clusters/ci419/namespaces/inmemory/tests/integration/apicurio-registry/integration-tests/target/apicurio-registry-integration-tests-3.0.11-SNAPSHOT.jar:/home/runner/.m2/repository/io/quarkus/quarkus-junit5/3.20.1/quarkus-junit5-3.20.1.jar:/home/runner/.m2/repository/io/quarkus/quarkus-bootstrap-core/3.20.1/quarkus-bootstrap-core-3.20.1.jar:/home/runner/.m2/repository/io/quarkus/quarkus-classloader-commons/3.20.1/quarkus-classloader-commons-3.20.1.jar:/home/runner/.m2/repository/io/quarkus/quarkus-bootstrap-app-model/3.20.1/quarkus-bootstrap-app-model-3.20.1.jar:/home/runner/.m2/repository/io/smallrye/common/smallrye-common-io/2.12.0/smallrye-common-io-2.12.0.jar:/home/runner/.m2/repository/org/eclipse/sisu/org.eclipse.sisu.inject/0.9.0.M3/org.eclipse.sisu.inject-0.9.0.M3.jar:/home/runner/.m2/repository/io/quarkus/quarkus-test-common/3.20.1/quarkus-test-common-3.20.1.jar:/home/runner/.m2/repository/io/quarkus/quarkus-core-deployment/3.20.1/quarkus-core-deployment-3.20.1.jar:/home/runner/.m2/repository/org/aesh/readline/2.6/readline-2.6.jar:/home/runner/.m2/repository/org/fusesource/jansi/jansi/2.4.0/jansi-2.4.0.jar:/home/runner/.m2/repository/org/aesh/aesh/2.8.2/aesh-2.8.2.jar:/home/runner/.m2/repository/io/quarkus/gizmo/gizmo/1.8.0/gizmo-1.8.0.jar:/home/runner/.m2/repository/org/ow2/asm/asm-util/9.7.1/asm-util-9.7.1.jar:/home/runner/.m2/repository/org/ow2/asm/asm-analysis/9.7.1/asm-analysis-9.7.1.jar:/home/runner/.m2/repository/org/ow2/asm/asm-commons/9.7.1/asm-commons-9.7.1.jar:/home/runner/.m2/repository/org/ow2/asm/asm-tree/9.7.1/asm-tree-9.7.1.jar:/home/runner/.m2/repository/io/quarkus/quarkus-hibernate-validator-spi/3.20.1/quarkus-hibernate-validator-spi-3.20.1.jar:/home/runner/.m2/repository/io/quarkus/quarkus-class-change-agent/3.20.1/quarkus-class-change-agent-3.20.1.jar:/home/runner/.m2/repository/io/quarkus/quarkus-devtools-utilities/3.20.1/quarkus-devtools-utilities-3.20.1.jar:/home/runner/.m2/repository/io/quarkus/quarkus-builder/3.20.1/quarkus-builder-3.20.1.jar:/home/runner/.m2/repository/org/graalvm/sdk/nativeimage/23.1.2/nativeimage-23.1.2.jar:/home/runner/.m2/repository/org/graalvm/sdk/word/23.1.2/word-23.1.2.jar:/home/runner/.m2/repository/io/quarkus/quarkus-bootstrap-maven-resolver/3.20.1/quarkus-bootstrap-maven-resolver-3.20.1.jar:/home/runner/.m2/repository/io/smallrye/beanbag/smallrye-beanbag-maven/1.5.2/smallrye-beanbag-maven-1.5.2.jar:/home/runner/.m2/repository/io/smallrye/beanbag/smallrye-beanbag-sisu/1.5.2/smallrye-beanbag-sisu-1.5.2.jar:/home/runner/.m2/repository/io/smallrye/beanbag/smallrye-beanbag/1.5.2/smallrye-beanbag-1.5.2.jar:/home/runner/.m2/repository/javax/inject/javax.inject/1/javax.inject-1.jar:/home/runner/.m2/repository/org/apache/maven/maven-artifact/3.9.9/maven-artifact-3.9.9.jar:/home/runner/.m2/repository/org/apache/maven/maven-builder-support/3.9.9/maven-builder-support-3.9.9.jar:/home/runner/.m2/repository/org/apache/maven/maven-model/3.9.9/maven-model-3.9.9.jar:/home/runner/.m2/repository/org/apache/maven/maven-model-builder/3.9.9/maven-model-builder-3.9.9.jar:/home/runner/.m2/repository/org/apache/maven/maven-repository-metadata/3.9.9/maven-repository-metadata-3.9.9.jar:/home/runner/.m2/repository/org/apache/maven/maven-settings/3.9.9/maven-settings-3.9.9.jar:/home/runner/.m2/repository/org/apache/maven/resolver/maven-resolver-api/1.9.22/maven-resolver-api-1.9.22.jar:/home/runner/.m2/repository/org/apache/maven/resolver/maven-resolver-impl/1.9.22/maven-resolver-impl-1.9.22.jar:/home/runner/.m2/repository/org/apache/maven/resolver/maven-resolver-named-locks/1.9.22/maven-resolver-named-locks-1.9.22.jar:/home/runner/.m2/repository/org/apache/maven/resolver/maven-resolver-spi/1.9.22/maven-resolver-spi-1.9.22.jar:/home/runner/.m2/repository/org/apache/maven/resolver/maven-resolver-util/1.9.22/maven-resolver-util-1.9.22.jar:/home/runner/.m2/repository/org/apache/maven/resolver/maven-resolver-transport-http/1.9.20/maven-resolver-transport-http-1.9.20.jar:/home/runner/.m2/repository/org/apache/maven/wagon/wagon-provider-api/3.5.3/wagon-provider-api-3.5.3.jar:/home/runner/.m2/repository/org/apache/maven/wagon/wagon-http-shared/3.5.3/wagon-http-shared-3.5.3.jar:/home/runner/.m2/repository/org/codehaus/plexus/plexus-interpolation/1.26/plexus-interpolation-1.26.jar:/home/runner/.m2/repository/org/codehaus/plexus/plexus-utils/3.5.1/plexus-utils-3.5.1.jar:/home/runner/.m2/repository/org/codehaus/plexus/plexus-xml/4.0.1/plexus-xml-4.0.1.jar:/home/runner/.m2/repository/org/apache/maven/maven-xml-impl/4.0.0-alpha-5/maven-xml-impl-4.0.0-alpha-5.jar:/home/runner/.m2/repository/org/apache/maven/maven-api-xml/4.0.0-alpha-5/maven-api-xml-4.0.0-alpha-5.jar:/home/runner/.m2/repository/org/apache/maven/maven-api-meta/4.0.0-alpha-5/maven-api-meta-4.0.0-alpha-5.jar:/home/runner/.m2/repository/org/codehaus/plexus/plexus-cipher/2.0/plexus-cipher-2.0.jar:/home/runner/.m2/repository/org/codehaus/plexus/plexus-sec-dispatcher/2.0/plexus-sec-dispatcher-2.0.jar:/home/runner/.m2/repository/org/apache/maven/maven-embedder/3.9.9/maven-embedder-3.9.9.jar:/home/runner/.m2/repository/org/apache/maven/maven-core/3.9.9/maven-core-3.9.9.jar:/home/runner/.m2/repository/org/codehaus/plexus/plexus-component-annotations/2.1.0/plexus-component-annotations-2.1.0.jar:/home/runner/.m2/repository/org/apache/maven/maven-plugin-api/3.9.9/maven-plugin-api-3.9.9.jar:/home/runner/.m2/repository/org/apache/maven/shared/maven-shared-utils/3.4.2/maven-shared-utils-3.4.2.jar:/home/runner/.m2/repository/com/google/inject/guice/5.1.0/guice-5.1.0.jar:/home/runner/.m2/repository/aopalliance/aopalliance/1.0/aopalliance-1.0.jar:/home/runner/.m2/repository/org/codehaus/plexus/plexus-classworlds/2.6.0/plexus-classworlds-2.6.0.jar:/home/runner/.m2/repository/commons-cli/commons-cli/1.8.0/commons-cli-1.8.0.jar:/home/runner/.m2/repository/org/eclipse/sisu/org.eclipse.sisu.plexus/0.9.0.M3/org.eclipse.sisu.plexus-0.9.0.M3.jar:/home/runner/.m2/repository/org/apache/maven/maven-settings-builder/3.9.9/maven-settings-builder-3.9.9.jar:/home/runner/.m2/repository/org/apache/maven/maven-resolver-provider/3.9.9/maven-resolver-provider-3.9.9.jar:/home/runner/.m2/repository/org/apache/maven/resolver/maven-resolver-connector-basic/1.9.22/maven-resolver-connector-basic-1.9.22.jar:/home/runner/.m2/repository/org/apache/maven/resolver/maven-resolver-transport-wagon/1.9.22/maven-resolver-transport-wagon-1.9.22.jar:/home/runner/.m2/repository/org/apache/maven/wagon/wagon-http/3.5.3/wagon-http-3.5.3.jar:/home/runner/.m2/repository/org/apache/maven/wagon/wagon-file/3.5.3/wagon-file-3.5.3.jar:/home/runner/.m2/repository/io/quarkus/quarkus-bootstrap-gradle-resolver/3.20.1/quarkus-bootstrap-gradle-resolver-3.20.1.jar:/home/runner/.m2/repository/io/smallrye/jandex/3.3.0/jandex-3.3.0.jar:/home/runner/.m2/repository/org/jboss/logging/commons-logging-jboss-logging/1.0.0.Final/commons-logging-jboss-logging-1.0.0.Final.jar:/home/runner/.m2/repository/io/quarkus/quarkus-junit5-config/3.20.1/quarkus-junit5-config-3.20.1.jar:/home/runner/.m2/repository/org/junit/jupiter/junit-jupiter-api/5.12.1/junit-jupiter-api-5.12.1.jar:/home/runner/.m2/repository/io/smallrye/config/smallrye-config/3.11.4/smallrye-config-3.11.4.jar:/home/runner/.m2/repository/io/smallrye/config/smallrye-config-core/3.11.4/smallrye-config-core-3.11.4.jar:/home/runner/.m2/repository/io/smallrye/common/smallrye-common-classloader/2.12.0/smallrye-common-classloader-2.12.0.jar:/home/runner/.m2/repository/io/smallrye/config/smallrye-config-common/3.11.4/smallrye-config-common-3.11.4.jar:/home/runner/.m2/repository/org/junit/jupiter/junit-jupiter/5.12.1/junit-jupiter-5.12.1.jar:/home/runner/.m2/repository/org/junit/jupiter/junit-jupiter-params/5.12.1/junit-jupiter-params-5.12.1.jar:/home/runner/.m2/repository/org/junit/jupiter/junit-jupiter-engine/5.12.1/junit-jupiter-engine-5.12.1.jar:/home/runner/.m2/repository/io/quarkus/quarkus-core/3.20.1/quarkus-core-3.20.1.jar:/home/runner/.m2/repository/jakarta/enterprise/jakarta.enterprise.cdi-api/4.1.0/jakarta.enterprise.cdi-api-4.1.0.jar:/home/runner/.m2/repository/jakarta/enterprise/jakarta.enterprise.lang-model/4.1.0/jakarta.enterprise.lang-model-4.1.0.jar:/home/runner/.m2/repository/jakarta/el/jakarta.el-api/5.0.1/jakarta.el-api-5.0.1.jar:/home/runner/.m2/repository/jakarta/interceptor/jakarta.interceptor-api/2.2.0/jakarta.interceptor-api-2.2.0.jar:/home/runner/.m2/repository/jakarta/inject/jakarta.inject-api/2.0.1/jakarta.inject-api-2.0.1.jar:/home/runner/.m2/repository/io/smallrye/common/smallrye-common-os/2.12.0/smallrye-common-os-2.12.0.jar:/home/runner/.m2/repository/io/quarkus/quarkus-ide-launcher/3.20.1/quarkus-ide-launcher-3.20.1.jar:/home/runner/.m2/repository/io/quarkus/quarkus-development-mode-spi/3.20.1/quarkus-development-mode-spi-3.20.1.jar:/home/runner/.m2/repository/org/jboss/logging/jboss-logging/3.6.1.Final/jboss-logging-3.6.1.Final.jar:/home/runner/.m2/repository/org/jboss/logmanager/jboss-logmanager/3.1.2.Final/jboss-logmanager-3.1.2.Final.jar:/home/runner/.m2/repository/io/smallrye/common/smallrye-common-constraint/2.12.0/smallrye-common-constraint-2.12.0.jar:/home/runner/.m2/repository/io/smallrye/common/smallrye-common-cpu/2.12.0/smallrye-common-cpu-2.12.0.jar:/home/runner/.m2/repository/io/smallrye/common/smallrye-common-expression/2.12.0/smallrye-common-expression-2.12.0.jar:/home/runner/.m2/repository/io/smallrye/common/smallrye-common-net/2.12.0/smallrye-common-net-2.12.0.jar:/home/runner/.m2/repository/io/smallrye/common/smallrye-common-ref/2.12.0/smallrye-common-ref-2.12.0.jar:/home/runner/.m2/repository/jakarta/json/jakarta.json-api/2.1.3/jakarta.json-api-2.1.3.jar:/home/runner/.m2/repository/org/eclipse/parsson/parsson/1.1.7/parsson-1.1.7.jar:/home/runner/.m2/repository/org/jboss/logging/jboss-logging-annotations/3.0.4.Final/jboss-logging-annotations-3.0.4.Final.jar:/home/runner/.m2/repository/org/jboss/threads/jboss-threads/3.8.0.Final/jboss-threads-3.8.0.Final.jar:/home/runner/.m2/repository/io/smallrye/common/smallrye-common-annotation/2.12.0/smallrye-common-annotation-2.12.0.jar:/home/runner/.m2/repository/io/smallrye/common/smallrye-common-function/2.12.0/smallrye-common-function-2.12.0.jar:/home/runner/.m2/repository/org/jboss/slf4j/slf4j-jboss-logmanager/2.0.0.Final/slf4j-jboss-logmanager-2.0.0.Final.jar:/home/runner/.m2/repository/org/wildfly/common/wildfly-common/2.0.1/wildfly-common-2.0.1.jar:/home/runner/.m2/repository/io/quarkus/quarkus-bootstrap-runner/3.20.1/quarkus-bootstrap-runner-3.20.1.jar:/home/runner/.m2/repository/io/github/crac/org-crac/0.1.3/org-crac-0.1.3.jar:/home/runner/.m2/repository/io/quarkus/quarkus-fs-util/0.0.10/quarkus-fs-util-0.0.10.jar:/home/runner/.m2/repository/org/jboss/marshalling/jboss-marshalling/2.2.2.Final/jboss-marshalling-2.2.2.Final.jar:/home/runner/.m2/repository/io/fabric8/kubernetes-client/7.1.0/kubernetes-client-7.1.0.jar:/home/runner/.m2/repository/io/fabric8/kubernetes-client-api/7.1.0/kubernetes-client-api-7.1.0.jar:/home/runner/.m2/repository/io/fabric8/kubernetes-model-core/7.1.0/kubernetes-model-core-7.1.0.jar:/home/runner/.m2/repository/io/fabric8/kubernetes-model-common/7.1.0/kubernetes-model-common-7.1.0.jar:/home/runner/.m2/repository/javax/annotation/javax.annotation-api/1.3.2/javax.annotation-api-1.3.2.jar:/home/runner/.m2/repository/io/fabric8/kubernetes-model-gatewayapi/7.1.0/kubernetes-model-gatewayapi-7.1.0.jar:/home/runner/.m2/repository/io/fabric8/kubernetes-model-resource/7.1.0/kubernetes-model-resource-7.1.0.jar:/home/runner/.m2/repository/io/fabric8/kubernetes-model-rbac/7.1.0/kubernetes-model-rbac-7.1.0.jar:/home/runner/.m2/repository/io/fabric8/kubernetes-model-admissionregistration/7.1.0/kubernetes-model-admissionregistration-7.1.0.jar:/home/runner/.m2/repository/io/fabric8/kubernetes-model-apps/7.1.0/kubernetes-model-apps-7.1.0.jar:/home/runner/.m2/repository/io/fabric8/kubernetes-model-autoscaling/7.1.0/kubernetes-model-autoscaling-7.1.0.jar:/home/runner/.m2/repository/io/fabric8/kubernetes-model-apiextensions/7.1.0/kubernetes-model-apiextensions-7.1.0.jar:/home/runner/.m2/repository/io/fabric8/kubernetes-model-batch/7.1.0/kubernetes-model-batch-7.1.0.jar:/home/runner/.m2/repository/io/fabric8/kubernetes-model-certificates/7.1.0/kubernetes-model-certificates-7.1.0.jar:/home/runner/.m2/repository/io/fabric8/kubernetes-model-coordination/7.1.0/kubernetes-model-coordination-7.1.0.jar:/home/runner/.m2/repository/io/fabric8/kubernetes-model-discovery/7.1.0/kubernetes-model-discovery-7.1.0.jar:/home/runner/.m2/repository/io/fabric8/kubernetes-model-events/7.1.0/kubernetes-model-events-7.1.0.jar:/home/runner/.m2/repository/io/fabric8/kubernetes-model-extensions/7.1.0/kubernetes-model-extensions-7.1.0.jar:/home/runner/.m2/repository/io/fabric8/kubernetes-model-flowcontrol/7.1.0/kubernetes-model-flowcontrol-7.1.0.jar:/home/runner/.m2/repository/io/fabric8/kubernetes-model-networking/7.1.0/kubernetes-model-networking-7.1.0.jar:/home/runner/.m2/repository/io/fabric8/kubernetes-model-metrics/7.1.0/kubernetes-model-metrics-7.1.0.jar:/home/runner/.m2/repository/io/fabric8/kubernetes-model-policy/7.1.0/kubernetes-model-policy-7.1.0.jar:/home/runner/.m2/repository/io/fabric8/kubernetes-model-scheduling/7.1.0/kubernetes-model-scheduling-7.1.0.jar:/home/runner/.m2/repository/io/fabric8/kubernetes-model-storageclass/7.1.0/kubernetes-model-storageclass-7.1.0.jar:/home/runner/.m2/repository/io/fabric8/kubernetes-model-node/7.1.0/kubernetes-model-node-7.1.0.jar:/home/runner/.m2/repository/org/snakeyaml/snakeyaml-engine/2.9/snakeyaml-engine-2.9.jar:/home/runner/.m2/repository/com/fasterxml/jackson/dataformat/jackson-dataformat-yaml/2.15.2/jackson-dataformat-yaml-2.15.2.jar:/home/runner/.m2/repository/com/fasterxml/jackson/datatype/jackson-datatype-jsr310/2.18.2/jackson-datatype-jsr310-2.18.2.jar:/home/runner/.m2/repository/io/fabric8/zjsonpatch/7.1.0/zjsonpatch-7.1.0.jar:/home/runner/.m2/repository/io/fabric8/kubernetes-httpclient-vertx/7.1.0/kubernetes-httpclient-vertx-7.1.0.jar:/home/runner/.m2/repository/io/vertx/vertx-web-client/4.5.14/vertx-web-client-4.5.14.jar:/home/runner/.m2/repository/io/vertx/vertx-web-common/4.5.14/vertx-web-common-4.5.14.jar:/home/runner/.m2/repository/io/vertx/vertx-auth-common/4.5.14/vertx-auth-common-4.5.14.jar:/home/runner/.m2/repository/io/vertx/vertx-uri-template/4.5.14/vertx-uri-template-4.5.14.jar:/home/runner/.m2/repository/io/fabric8/openshift-client/7.1.0/openshift-client-7.1.0.jar:/home/runner/.m2/repository/io/fabric8/openshift-client-api/7.1.0/openshift-client-api-7.1.0.jar:/home/runner/.m2/repository/io/fabric8/openshift-model/7.1.0/openshift-model-7.1.0.jar:/home/runner/.m2/repository/io/fabric8/openshift-model-autoscaling/7.1.0/openshift-model-autoscaling-7.1.0.jar:/home/runner/.m2/repository/io/fabric8/openshift-model-operator/7.1.0/openshift-model-operator-7.1.0.jar:/home/runner/.m2/repository/io/fabric8/openshift-model-operatorhub/7.1.0/openshift-model-operatorhub-7.1.0.jar:/home/runner/.m2/repository/io/fabric8/openshift-model-machine/7.1.0/openshift-model-machine-7.1.0.jar:/home/runner/.m2/repository/io/fabric8/openshift-model-whereabouts/7.1.0/openshift-model-whereabouts-7.1.0.jar:/home/runner/.m2/repository/io/fabric8/openshift-model-monitoring/7.1.0/openshift-model-monitoring-7.1.0.jar:/home/runner/.m2/repository/io/fabric8/openshift-model-storageversionmigrator/7.1.0/openshift-model-storageversionmigrator-7.1.0.jar:/home/runner/.m2/repository/io/fabric8/openshift-model-tuned/7.1.0/openshift-model-tuned-7.1.0.jar:/home/runner/.m2/repository/io/fabric8/openshift-model-console/7.1.0/openshift-model-console-7.1.0.jar:/home/runner/.m2/repository/io/fabric8/openshift-model-config/7.1.0/openshift-model-config-7.1.0.jar:/home/runner/.m2/repository/io/fabric8/openshift-model-machineconfiguration/7.1.0/openshift-model-machineconfiguration-7.1.0.jar:/home/runner/.m2/repository/io/fabric8/openshift-model-miscellaneous/7.1.0/openshift-model-miscellaneous-7.1.0.jar:/home/runner/.m2/repository/io/fabric8/openshift-model-hive/7.1.0/openshift-model-hive-7.1.0.jar:/home/runner/.m2/repository/io/fabric8/openshift-model-installer/7.1.0/openshift-model-installer-7.1.0.jar:/home/runner/.m2/repository/org/junit/platform/junit-platform-launcher/1.12.1/junit-platform-launcher-1.12.1.jar:/home/runner/.m2/repository/org/junit/platform/junit-platform-engine/1.12.1/junit-platform-engine-1.12.1.jar:/home/runner/.m2/repository/org/opentest4j/opentest4j/1.3.0/opentest4j-1.3.0.jar:/home/runner/.m2/repository/org/junit/platform/junit-platform-commons/1.12.1/junit-platform-commons-1.12.1.jar:/home/runner/.m2/repository/org/apiguardian/apiguardian-api/1.1.2/apiguardian-api-1.1.2.jar:/home/runner/.m2/repository/jakarta/ws/rs/jakarta.ws.rs-api/3.1.0/jakarta.ws.rs-api-3.1.0.jar:/home/runner/work/apicurio-testing/apicurio-testing/clusters/ci419/namespaces/inmemory/tests/integration/apicurio-registry/java-sdk/target/apicurio-registry-java-sdk-3.0.11-SNAPSHOT.jar:/home/runner/.m2/repository/com/microsoft/kiota/microsoft-kiota-abstractions/1.8.8/microsoft-kiota-abstractions-1.8.8.jar:/home/runner/.m2/repository/io/github/std-uritemplate/std-uritemplate/2.0.0/std-uritemplate-2.0.0.jar:/home/runner/.m2/repository/io/kiota/kiota-http-jdk/0.0.21/kiota-http-jdk-0.0.21.jar:/home/runner/.m2/repository/io/kiota/kiota-http-vertx/0.0.21/kiota-http-vertx-0.0.21.jar:/home/runner/.m2/repository/io/kiota/kiota-serialization-jackson/0.0.21/kiota-serialization-jackson-0.0.21.jar:/home/runner/.m2/repository/com/microsoft/kiota/microsoft-kiota-serialization-text/1.8.8/microsoft-kiota-serialization-text-1.8.8.jar:/home/runner/.m2/repository/com/microsoft/kiota/microsoft-kiota-serialization-form/1.8.8/microsoft-kiota-serialization-form-1.8.8.jar:/home/runner/.m2/repository/com/microsoft/kiota/microsoft-kiota-serialization-multipart/1.8.8/microsoft-kiota-serialization-multipart-1.8.8.jar:/home/runner/.m2/repository/jakarta/annotation/jakarta.annotation-api/3.0.0/jakarta.annotation-api-3.0.0.jar:/home/runner/.m2/repository/io/vertx/vertx-auth-oauth2/4.5.14/vertx-auth-oauth2-4.5.14.jar:/home/runner/work/apicurio-testing/apicurio-testing/clusters/ci419/namespaces/inmemory/tests/integration/apicurio-registry/java-sdk-v2/target/apicurio-registry-v2-java-sdk-3.0.11-SNAPSHOT.jar:/home/runner/work/apicurio-testing/apicurio-testing/clusters/ci419/namespaces/inmemory/tests/integration/apicurio-registry/utils/kafka/target/apicurio-registry-utils-kafka-3.0.11-SNAPSHOT-tests.jar:/home/runner/.m2/repository/org/eclipse/microprofile/config/microprofile-config-api/3.1/microprofile-config-api-3.1.jar:/home/runner/.m2/repository/org/apache/kafka/kafka-clients/3.9.1/kafka-clients-3.9.1.jar:/home/runner/.m2/repository/com/github/luben/zstd-jni/1.5.6-4/zstd-jni-1.5.6-4.jar:/home/runner/.m2/repository/org/lz4/lz4-java/1.8.0/lz4-java-1.8.0.jar:/home/runner/.m2/repository/org/xerial/snappy/snappy-java/1.1.10.5/snappy-java-1.1.10.5.jar:/home/runner/.m2/repository/org/slf4j/slf4j-api/2.0.6/slf4j-api-2.0.6.jar:/home/runner/work/apicurio-testing/apicurio-testing/clusters/ci419/namespaces/inmemory/tests/integration/apicurio-registry/utils/tests/target/apicurio-registry-utils-tests-3.0.11-SNAPSHOT.jar:/home/runner/work/apicurio-testing/apicurio-testing/clusters/ci419/namespaces/inmemory/tests/integration/apicurio-registry/common/target/apicurio-registry-common-3.0.11-SNAPSHOT.jar:/home/runner/.m2/repository/jakarta/validation/jakarta.validation-api/3.0.2/jakarta.validation-api-3.0.2.jar:/home/runner/.m2/repository/com/github/dasniko/testcontainers-keycloak/3.6.0/testcontainers-keycloak-3.6.0.jar:/home/runner/.m2/repository/org/testcontainers/testcontainers/1.20.6/testcontainers-1.20.6.jar:/home/runner/.m2/repository/org/rnorth/duct-tape/duct-tape/1.0.8/duct-tape-1.0.8.jar:/home/runner/.m2/repository/org/jetbrains/annotations/26.0.2/annotations-26.0.2.jar:/home/runner/.m2/repository/com/github/docker-java/docker-java-transport-zerodep/3.4.1/docker-java-transport-zerodep-3.4.1.jar:/home/runner/.m2/repository/com/github/docker-java/docker-java-transport/3.4.1/docker-java-transport-3.4.1.jar:/home/runner/.m2/repository/net/java/dev/jna/jna/5.8.0/jna-5.8.0.jar:/home/runner/.m2/repository/io/quarkus/quarkus-junit4-mock/3.20.1/quarkus-junit4-mock-3.20.1.jar:/home/runner/.m2/repository/org/jboss/shrinkwrap/shrinkwrap-api/2.0.0-beta-2/shrinkwrap-api-2.0.0-beta-2.jar:/home/runner/.m2/repository/org/jboss/shrinkwrap/shrinkwrap-impl-base/2.0.0-beta-2/shrinkwrap-impl-base-2.0.0-beta-2.jar:/home/runner/.m2/repository/org/jboss/shrinkwrap/shrinkwrap-spi/2.0.0-beta-2/shrinkwrap-spi-2.0.0-beta-2.jar:/home/runner/.m2/repository/org/keycloak/keycloak-admin-client/26.0.4/keycloak-admin-client-26.0.4.jar:/home/runner/.m2/repository/org/keycloak/keycloak-client-common-synced/26.0.4/keycloak-client-common-synced-26.0.4.jar:/home/runner/.m2/repository/jakarta/activation/jakarta.activation-api/2.1.3/jakarta.activation-api-2.1.3.jar:/home/runner/.m2/repository/org/eclipse/microprofile/openapi/microprofile-openapi-api/4.0.2/microprofile-openapi-api-4.0.2.jar:/home/runner/.m2/repository/org/jboss/resteasy/resteasy-client/6.2.12.Final/resteasy-client-6.2.12.Final.jar:/home/runner/.m2/repository/org/jboss/resteasy/resteasy-client-api/6.2.12.Final/resteasy-client-api-6.2.12.Final.jar:/home/runner/.m2/repository/org/jboss/resteasy/resteasy-core-spi/6.2.12.Final/resteasy-core-spi-6.2.12.Final.jar:/home/runner/.m2/repository/org/jboss/resteasy/resteasy-core/6.2.12.Final/resteasy-core-6.2.12.Final.jar:/home/runner/.m2/repository/org/eclipse/angus/angus-activation/2.0.2/angus-activation-2.0.2.jar:/home/runner/.m2/repository/com/ibm/async/asyncutil/0.1.0/asyncutil-0.1.0.jar:/home/runner/.m2/repository/org/reactivestreams/reactive-streams/1.0.4/reactive-streams-1.0.4.jar:/home/runner/.m2/repository/org/jboss/resteasy/resteasy-multipart-provider/6.2.12.Final/resteasy-multipart-provider-6.2.12.Final.jar:/home/runner/.m2/repository/jakarta/mail/jakarta.mail-api/2.1.3/jakarta.mail-api-2.1.3.jar:/home/runner/.m2/repository/org/eclipse/angus/angus-mail/2.0.3/angus-mail-2.0.3.jar:/home/runner/.m2/repository/org/apache/james/apache-mime4j-dom/0.8.12/apache-mime4j-dom-0.8.12.jar:/home/runner/.m2/repository/org/apache/james/apache-mime4j-core/0.8.12/apache-mime4j-core-0.8.12.jar:/home/runner/.m2/repository/org/apache/james/apache-mime4j-storage/0.8.12/apache-mime4j-storage-0.8.12.jar:/home/runner/.m2/repository/org/jboss/resteasy/resteasy-jackson2-provider/6.2.12.Final/resteasy-jackson2-provider-6.2.12.Final.jar:/home/runner/.m2/repository/com/fasterxml/jackson/jakarta/rs/jackson-jakarta-rs-base/2.18.2/jackson-jakarta-rs-base-2.18.2.jar:/home/runner/.m2/repository/com/fasterxml/jackson/jakarta/rs/jackson-jakarta-rs-json-provider/2.18.2/jackson-jakarta-rs-json-provider-2.18.2.jar:/home/runner/.m2/repository/com/fasterxml/jackson/module/jackson-module-jakarta-xmlbind-annotations/2.18.2/jackson-module-jakarta-xmlbind-annotations-2.18.2.jar:/home/runner/.m2/repository/com/github/java-json-tools/json-patch/1.13/json-patch-1.13.jar:/home/runner/.m2/repository/com/github/java-json-tools/msg-simple/1.2/msg-simple-1.2.jar:/home/runner/.m2/repository/com/github/java-json-tools/btf/1.3/btf-1.3.jar:/home/runner/.m2/repository/com/github/java-json-tools/jackson-coreutils/2.0/jackson-coreutils-2.0.jar:/home/runner/.m2/repository/org/jboss/resteasy/resteasy-jaxb-provider/6.2.12.Final/resteasy-jaxb-provider-6.2.12.Final.jar:/home/runner/.m2/repository/org/glassfish/jaxb/codemodel/4.0.5/codemodel-4.0.5.jar:/home/runner/.m2/repository/org/glassfish/jaxb/jaxb-core/4.0.5/jaxb-core-4.0.5.jar:/home/runner/.m2/repository/org/glassfish/jaxb/jaxb-jxc/4.0.5/jaxb-jxc-4.0.5.jar:/home/runner/.m2/repository/org/glassfish/jaxb/jaxb-runtime/4.0.5/jaxb-runtime-4.0.5.jar:/home/runner/.m2/repository/org/glassfish/jaxb/txw2/4.0.5/txw2-4.0.5.jar:/home/runner/.m2/repository/org/glassfish/jaxb/jaxb-xjc/4.0.5/jaxb-xjc-4.0.5.jar:/home/runner/.m2/repository/org/glassfish/jaxb/xsom/4.0.5/xsom-4.0.5.jar:/home/runner/.m2/repository/com/sun/istack/istack-commons-runtime/4.1.2/istack-commons-runtime-4.1.2.jar:/home/runner/.m2/repository/com/sun/istack/istack-commons-tools/4.1.2/istack-commons-tools-4.1.2.jar:/home/runner/.m2/repository/com/sun/xml/bind/external/relaxng-datatype/4.0.5/relaxng-datatype-4.0.5.jar:/home/runner/.m2/repository/com/sun/xml/bind/external/rngom/4.0.5/rngom-4.0.5.jar:/home/runner/.m2/repository/org/testcontainers/mssqlserver/1.20.6/mssqlserver-1.20.6.jar:/home/runner/.m2/repository/org/testcontainers/jdbc/1.20.6/jdbc-1.20.6.jar:/home/runner/.m2/repository/org/testcontainers/database-commons/1.20.6/database-commons-1.20.6.jar:/home/runner/.m2/repository/org/testcontainers/mysql/1.20.6/mysql-1.20.6.jar:/home/runner/.m2/repository/io/strimzi/strimzi-test-container/0.107.0/strimzi-test-container-0.107.0.jar:/home/runner/.m2/repository/org/testcontainers/toxiproxy/1.20.6/toxiproxy-1.20.6.jar:/home/runner/.m2/repository/com/github/docker-java/docker-java-api/3.4.1/docker-java-api-3.4.1.jar:/home/runner/.m2/repository/eu/rekawek/toxiproxy/toxiproxy-java/2.1.7/toxiproxy-java-2.1.7.jar:/home/runner/.m2/repository/junit/junit/4.13.2/junit-4.13.2.jar:/home/runner/.m2/repository/org/hamcrest/hamcrest-core/1.3/hamcrest-core-1.3.jar:/home/runner/.m2/repository/org/testcontainers/pulsar/1.20.4/pulsar-1.20.4.jar:/home/runner/.m2/repository/io/debezium/debezium-testing-testcontainers/2.6.2.Final/debezium-testing-testcontainers-2.6.2.Final.jar:/home/runner/.m2/repository/org/testcontainers/kafka/1.20.6/kafka-1.20.6.jar:/home/runner/.m2/repository/com/squareup/okhttp3/okhttp/4.8.1/okhttp-4.8.1.jar:/home/runner/.m2/repository/com/squareup/okio/okio/3.10.2/okio-3.10.2.jar:/home/runner/.m2/repository/com/squareup/okio/okio-jvm/3.10.2/okio-jvm-3.10.2.jar:/home/runner/.m2/repository/org/jetbrains/kotlin/kotlin-stdlib/2.0.21/kotlin-stdlib-2.0.21.jar:/home/runner/.m2/repository/org/awaitility/awaitility/4.2.2/awaitility-4.2.2.jar:/home/runner/.m2/repository/org/testcontainers/mongodb/1.20.6/mongodb-1.20.6.jar:/home/runner/.m2/repository/org/testcontainers/oracle-xe/1.20.6/oracle-xe-1.20.6.jar:/home/runner/.m2/repository/org/testcontainers/postgresql/1.20.6/postgresql-1.20.6.jar:/home/runner/.m2/repository/org/wiremock/wiremock/3.0.1/wiremock-3.0.1.jar:/home/runner/.m2/repository/org/eclipse/jetty/jetty-server/11.0.15/jetty-server-11.0.15.jar:/home/runner/.m2/repository/org/eclipse/jetty/toolchain/jetty-jakarta-servlet-api/5.0.2/jetty-jakarta-servlet-api-5.0.2.jar:/home/runner/.m2/repository/org/eclipse/jetty/jetty-http/11.0.15/jetty-http-11.0.15.jar:/home/runner/.m2/repository/org/eclipse/jetty/jetty-io/11.0.15/jetty-io-11.0.15.jar:/home/runner/.m2/repository/org/eclipse/jetty/jetty-servlet/11.0.15/jetty-servlet-11.0.15.jar:/home/runner/.m2/repository/org/eclipse/jetty/jetty-security/11.0.15/jetty-security-11.0.15.jar:/home/runner/.m2/repository/org/eclipse/jetty/jetty-servlets/11.0.15/jetty-servlets-11.0.15.jar:/home/runner/.m2/repository/org/eclipse/jetty/jetty-util/11.0.15/jetty-util-11.0.15.jar:/home/runner/.m2/repository/org/eclipse/jetty/jetty-webapp/11.0.15/jetty-webapp-11.0.15.jar:/home/runner/.m2/repository/org/eclipse/jetty/jetty-xml/11.0.15/jetty-xml-11.0.15.jar:/home/runner/.m2/repository/org/eclipse/jetty/jetty-proxy/11.0.15/jetty-proxy-11.0.15.jar:/home/runner/.m2/repository/org/eclipse/jetty/jetty-client/11.0.15/jetty-client-11.0.15.jar:/home/runner/.m2/repository/org/eclipse/jetty/http2/http2-server/11.0.15/http2-server-11.0.15.jar:/home/runner/.m2/repository/org/eclipse/jetty/http2/http2-common/11.0.15/http2-common-11.0.15.jar:/home/runner/.m2/repository/org/eclipse/jetty/http2/http2-hpack/11.0.15/http2-hpack-11.0.15.jar:/home/runner/.m2/repository/org/eclipse/jetty/jetty-alpn-server/11.0.15/jetty-alpn-server-11.0.15.jar:/home/runner/.m2/repository/org/eclipse/jetty/jetty-alpn-java-server/11.0.15/jetty-alpn-java-server-11.0.15.jar:/home/runner/.m2/repository/org/eclipse/jetty/jetty-alpn-java-client/11.0.15/jetty-alpn-java-client-11.0.15.jar:/home/runner/.m2/repository/org/eclipse/jetty/jetty-alpn-client/11.0.15/jetty-alpn-client-11.0.15.jar:/home/runner/.m2/repository/org/apache/httpcomponents/client5/httpclient5/5.2.1/httpclient5-5.2.1.jar:/home/runner/.m2/repository/org/apache/httpcomponents/core5/httpcore5/5.2/httpcore5-5.2.jar:/home/runner/.m2/repository/org/apache/httpcomponents/core5/httpcore5-h2/5.2/httpcore5-h2-5.2.jar:/home/runner/.m2/repository/org/xmlunit/xmlunit-core/2.9.1/xmlunit-core-2.9.1.jar:/home/runner/.m2/repository/jakarta/xml/bind/jakarta.xml.bind-api/4.0.2/jakarta.xml.bind-api-4.0.2.jar:/home/runner/.m2/repository/org/xmlunit/xmlunit-legacy/2.9.1/xmlunit-legacy-2.9.1.jar:/home/runner/.m2/repository/org/xmlunit/xmlunit-placeholders/2.9.1/xmlunit-placeholders-2.9.1.jar:/home/runner/.m2/repository/net/javacrumbs/json-unit/json-unit-core/2.38.0/json-unit-core-2.38.0.jar:/home/runner/.m2/repository/com/jayway/jsonpath/json-path/2.8.0/json-path-2.8.0.jar:/home/runner/.m2/repository/net/minidev/json-smart/2.4.10/json-smart-2.4.10.jar:/home/runner/.m2/repository/net/minidev/accessors-smart/2.4.9/accessors-smart-2.4.9.jar:/home/runner/.m2/repository/org/ow2/asm/asm/9.7.1/asm-9.7.1.jar:/home/runner/.m2/repository/net/sf/jopt-simple/jopt-simple/5.0.4/jopt-simple-5.0.4.jar:/home/runner/.m2/repository/com/github/jknack/handlebars/4.3.1/handlebars-4.3.1.jar:/home/runner/.m2/repository/com/github/jknack/handlebars-helpers/4.3.1/handlebars-helpers-4.3.1.jar:/home/runner/.m2/repository/commons-fileupload/commons-fileupload/1.5/commons-fileupload-1.5.jar:/home/runner/.m2/repository/com/networknt/json-schema-validator/1.5.5/json-schema-validator-1.5.5.jar:/home/runner/.m2/repository/com/ethlo/time/itu/1.10.3/itu-1.10.3.jar:/home/runner/.m2/repository/io/quarkus/quarkus-smallrye-jwt-build/3.20.1/quarkus-smallrye-jwt-build-3.20.1.jar:/home/runner/.m2/repository/io/smallrye/smallrye-jwt-build/4.6.1/smallrye-jwt-build-4.6.1.jar:/home/runner/.m2/repository/org/eclipse/microprofile/jwt/microprofile-jwt-auth-api/2.1/microprofile-jwt-auth-api-2.1.jar:/home/runner/.m2/repository/org/bitbucket/b_c/jose4j/0.9.6/jose4j-0.9.6.jar:/home/runner/.m2/repository/io/smallrye/smallrye-jwt-common/4.6.1/smallrye-jwt-common-4.6.1.jar:/home/runner/.m2/repository/io/quarkus/quarkus-jsonp/3.20.1/quarkus-jsonp-3.20.1.jar:/home/runner/.m2/repository/io/quarkus/quarkus-arc/3.20.1/quarkus-arc-3.20.1.jar:/home/runner/.m2/repository/io/quarkus/arc/arc/3.20.1/arc-3.20.1.jar:/home/runner/.m2/repository/jakarta/transaction/jakarta.transaction-api/2.0.1/jakarta.transaction-api-2.0.1.jar:/home/runner/.m2/repository/io/smallrye/reactive/mutiny/2.8.0/mutiny-2.8.0.jar:/home/runner/.m2/repository/org/jctools/jctools-core/4.0.5/jctools-core-4.0.5.jar:/home/runner/.m2/repository/org/eclipse/microprofile/context-propagation/microprofile-context-propagation-api/1.3/microprofile-context-propagation-api-1.3.jar:/home/runner/.m2/repository/io/apicurio/apicurio-common-rest-client-common/0.1.18.Final/apicurio-common-rest-client-common-0.1.18.Final.jar:/home/runner/work/apicurio-testing/apicurio-testing/clusters/ci419/namespaces/inmemory/tests/integration/apicurio-registry/utils/maven-plugin/target/apicurio-registry-maven-plugin-3.0.11-SNAPSHOT.jar:/home/runner/.m2/repository/com/fasterxml/jackson/core/jackson-databind/2.18.2/jackson-databind-2.18.2.jar:/home/runner/.m2/repository/org/apache/avro/avro/1.12.0/avro-1.12.0.jar:/home/runner/.m2/repository/com/google/protobuf/protobuf-java/4.31.1/protobuf-java-4.31.1.jar:/home/runner/.m2/repository/com/google/protobuf/protobuf-java-util/4.31.1/protobuf-java-util-4.31.1.jar:/home/runner/.m2/repository/com/google/code/findbugs/jsr305/3.0.2/jsr305-3.0.2.jar:/home/runner/.m2/repository/com/google/code/gson/gson/2.12.1/gson-2.12.1.jar:/home/runner/.m2/repository/com/google/errorprone/error_prone_annotations/2.36.0/error_prone_annotations-2.36.0.jar:/home/runner/.m2/repository/com/google/j2objc/j2objc-annotations/2.8/j2objc-annotations-2.8.jar:/home/runner/work/apicurio-testing/apicurio-testing/clusters/ci419/namespaces/inmemory/tests/integration/apicurio-registry/schema-util/util-provider/target/apicurio-registry-schema-util-provider-3.0.11-SNAPSHOT.jar:/home/runner/work/apicurio-testing/apicurio-testing/clusters/ci419/namespaces/inmemory/tests/integration/apicurio-registry/schema-util/common/target/apicurio-registry-schema-util-common-3.0.11-SNAPSHOT.jar:/home/runner/.m2/repository/com/fasterxml/jackson/module/jackson-module-parameter-names/2.18.2/jackson-module-parameter-names-2.18.2.jar:/home/runner/.m2/repository/com/fasterxml/jackson/datatype/jackson-datatype-json-org/2.18.2/jackson-datatype-json-org-2.18.2.jar:/home/runner/work/apicurio-testing/apicurio-testing/clusters/ci419/namespaces/inmemory/tests/integration/apicurio-registry/schema-util/json/target/apicurio-registry-schema-util-json-3.0.11-SNAPSHOT.jar:/home/runner/.m2/repository/com/github/erosb/everit-json-schema/1.14.5/everit-json-schema-1.14.5.jar:/home/runner/.m2/repository/commons-validator/commons-validator/1.9.0/commons-validator-1.9.0.jar:/home/runner/.m2/repository/commons-digester/commons-digester/2.1/commons-digester-2.1.jar:/home/runner/.m2/repository/commons-collections/commons-collections/3.2.2/commons-collections-3.2.2.jar:/home/runner/.m2/repository/com/damnhandy/handy-uri-templates/2.1.8/handy-uri-templates-2.1.8.jar:/home/runner/.m2/repository/joda-time/joda-time/2.10.2/joda-time-2.10.2.jar:/home/runner/.m2/repository/com/github/erosb/json-sKema/0.20.0/json-sKema-0.20.0.jar:/home/runner/.m2/repository/io/vertx/vertx-json-schema/4.5.14/vertx-json-schema-4.5.14.jar:/home/runner/work/apicurio-testing/apicurio-testing/clusters/ci419/namespaces/inmemory/tests/integration/apicurio-registry/schema-util/protobuf/target/apicurio-registry-schema-util-protobuf-3.0.11-SNAPSHOT.jar:/home/runner/work/apicurio-testing/apicurio-testing/clusters/ci419/namespaces/inmemory/tests/integration/apicurio-registry/utils/protobuf-schema-utilities/target/apicurio-registry-protobuf-schema-utilities-3.0.11-SNAPSHOT.jar:/home/runner/.m2/repository/com/google/api/grpc/proto-google-common-protos/2.52.0/proto-google-common-protos-2.52.0.jar:/home/runner/.m2/repository/com/squareup/wire/wire-schema-jvm/5.3.3/wire-schema-jvm-5.3.3.jar:/home/runner/.m2/repository/com/palantir/javapoet/javapoet/0.6.0/javapoet-0.6.0.jar:/home/runner/.m2/repository/com/squareup/kotlinpoet-jvm/2.0.0/kotlinpoet-jvm-2.0.0.jar:/home/runner/.m2/repository/org/jetbrains/kotlin/kotlin-reflect/2.0.21/kotlin-reflect-2.0.21.jar:/home/runner/.m2/repository/com/squareup/wire/wire-runtime-jvm/5.3.3/wire-runtime-jvm-5.3.3.jar:/home/runner/.m2/repository/com/ibm/icu/icu4j/76.1/icu4j-76.1.jar:/home/runner/.m2/repository/com/squareup/okio/okio-fakefilesystem/3.10.2/okio-fakefilesystem-3.10.2.jar:/home/runner/.m2/repository/com/squareup/okio/okio-fakefilesystem-jvm/3.10.2/okio-fakefilesystem-jvm-3.10.2.jar:/home/runner/.m2/repository/org/jetbrains/kotlinx/kotlinx-datetime-jvm/0.6.1/kotlinx-datetime-jvm-0.6.1.jar:/home/runner/work/apicurio-testing/apicurio-testing/clusters/ci419/namespaces/inmemory/tests/integration/apicurio-registry/schema-util/asyncapi/target/apicurio-registry-schema-util-asyncapi-3.0.11-SNAPSHOT.jar:/home/runner/work/apicurio-testing/apicurio-testing/clusters/ci419/namespaces/inmemory/tests/integration/apicurio-registry/schema-util/avro/target/apicurio-registry-schema-util-avro-3.0.11-SNAPSHOT.jar:/home/runner/work/apicurio-testing/apicurio-testing/clusters/ci419/namespaces/inmemory/tests/integration/apicurio-registry/schema-util/graphql/target/apicurio-registry-schema-util-graphql-3.0.11-SNAPSHOT.jar:/home/runner/.m2/repository/com/graphql-java/graphql-java/22.3/graphql-java-22.3.jar:/home/runner/.m2/repository/com/graphql-java/java-dataloader/3.3.0/java-dataloader-3.3.0.jar:/home/runner/work/apicurio-testing/apicurio-testing/clusters/ci419/namespaces/inmemory/tests/integration/apicurio-registry/schema-util/kconnect/target/apicurio-registry-schema-util-kconnect-3.0.11-SNAPSHOT.jar:/home/runner/work/apicurio-testing/apicurio-testing/clusters/ci419/namespaces/inmemory/tests/integration/apicurio-registry/schema-util/openapi/target/apicurio-registry-schema-util-openapi-3.0.11-SNAPSHOT.jar:/home/runner/.m2/repository/io/apicurio/apicurio-data-models/2.2.1/apicurio-data-models-2.2.1.jar:/home/runner/.m2/repository/org/openapitools/openapidiff/openapi-diff-core/2.1.2/openapi-diff-core-2.1.2.jar:/home/runner/.m2/repository/io/swagger/parser/v3/swagger-parser/2.1.28/swagger-parser-2.1.28.jar:/home/runner/.m2/repository/io/swagger/parser/v3/swagger-parser-v2-converter/2.1.28/swagger-parser-v2-converter-2.1.28.jar:/home/runner/.m2/repository/io/swagger/swagger-core/1.6.16/swagger-core-1.6.16.jar:/home/runner/.m2/repository/io/swagger/swagger-models/1.6.16/swagger-models-1.6.16.jar:/home/runner/.m2/repository/io/swagger/swagger-annotations/1.6.16/swagger-annotations-1.6.16.jar:/home/runner/.m2/repository/io/swagger/swagger-parser/1.0.75/swagger-parser-1.0.75.jar:/home/runner/.m2/repository/io/swagger/swagger-parser-safe-url-resolver/1.0.75/swagger-parser-safe-url-resolver-1.0.75.jar:/home/runner/.m2/repository/io/swagger/swagger-compat-spec-parser/1.0.75/swagger-compat-spec-parser-1.0.75.jar:/home/runner/.m2/repository/com/github/java-json-tools/json-schema-validator/2.2.14/json-schema-validator-2.2.14.jar:/home/runner/.m2/repository/com/github/java-json-tools/jackson-coreutils-equivalence/1.0/jackson-coreutils-equivalence-1.0.jar:/home/runner/.m2/repository/com/github/java-json-tools/json-schema-core/1.2.14/json-schema-core-1.2.14.jar:/home/runner/.m2/repository/com/github/java-json-tools/uri-template/0.10/uri-template-0.10.jar:/home/runner/.m2/repository/com/googlecode/libphonenumber/libphonenumber/8.11.1/libphonenumber-8.11.1.jar:/home/runner/.m2/repository/com/j2html/j2html/1.6.0/j2html-1.6.0.jar:/home/runner/.m2/repository/org/apache/commons/commons-collections4/4.5.0/commons-collections4-4.5.0.jar:/home/runner/.m2/repository/org/apache/commons/commons-configuration2/2.12.0/commons-configuration2-2.12.0.jar:/home/runner/.m2/repository/org/apache/commons/commons-text/1.13.0/commons-text-1.13.0.jar:/home/runner/.m2/repository/org/slf4j/jcl-over-slf4j/2.0.17/jcl-over-slf4j-2.0.17.jar:/home/runner/.m2/repository/io/swagger/parser/v3/swagger-parser-v3/2.1.30/swagger-parser-v3-2.1.30.jar:/home/runner/.m2/repository/io/swagger/core/v3/swagger-models/2.2.34/swagger-models-2.2.34.jar:/home/runner/.m2/repository/io/swagger/core/v3/swagger-core/2.2.34/swagger-core-2.2.34.jar:/home/runner/.m2/repository/io/swagger/parser/v3/swagger-parser-core/2.1.30/swagger-parser-core-2.1.30.jar:/home/runner/.m2/repository/io/swagger/parser/v3/swagger-parser-safe-url-resolver/2.1.30/swagger-parser-safe-url-resolver-2.1.30.jar:/home/runner/work/apicurio-testing/apicurio-testing/clusters/ci419/namespaces/inmemory/tests/integration/apicurio-registry/schema-util/wsdl/target/apicurio-registry-schema-util-wsdl-3.0.11-SNAPSHOT.jar:/home/runner/.m2/repository/wsdl4j/wsdl4j/1.6.3/wsdl4j-1.6.3.jar:/home/runner/work/apicurio-testing/apicurio-testing/clusters/ci419/namespaces/inmemory/tests/integration/apicurio-registry/schema-util/xml/target/apicurio-registry-schema-util-xml-3.0.11-SNAPSHOT.jar:/home/runner/.m2/repository/org/apache/santuario/xmlsec/4.0.3/xmlsec-4.0.3.jar:/home/runner/.m2/repository/com/fasterxml/woodstox/woodstox-core/7.1.0/woodstox-core-7.1.0.jar:/home/runner/.m2/repository/org/codehaus/woodstox/stax2-api/4.2.2/stax2-api-4.2.2.jar:/home/runner/work/apicurio-testing/apicurio-testing/clusters/ci419/namespaces/inmemory/tests/integration/apicurio-registry/schema-util/xsd/target/apicurio-registry-schema-util-xsd-3.0.11-SNAPSHOT.jar:/home/runner/work/apicurio-testing/apicurio-testing/clusters/ci419/namespaces/inmemory/tests/integration/apicurio-registry/serdes/kafka/jsonschema-serde/target/apicurio-registry-jsonschema-serde-kafka-3.0.11-SNAPSHOT.jar:/home/runner/work/apicurio-testing/apicurio-testing/clusters/ci419/namespaces/inmemory/tests/integration/apicurio-registry/serdes/kafka/serde-kafka-common/target/apicurio-registry-serde-kafka-common-3.0.11-SNAPSHOT.jar:/home/runner/work/apicurio-testing/apicurio-testing/clusters/ci419/namespaces/inmemory/tests/integration/apicurio-registry/serdes/generic/serde-common/target/apicurio-registry-serde-common-3.0.11-SNAPSHOT.jar:/home/runner/work/apicurio-testing/apicurio-testing/clusters/ci419/namespaces/inmemory/tests/integration/apicurio-registry/serdes/generic/serde-common-jsonschema/target/apicurio-registry-serde-common-jsonschema-3.0.11-SNAPSHOT.jar:/home/runner/.m2/repository/org/json/json/20250107/json-20250107.jar:/home/runner/work/apicurio-testing/apicurio-testing/clusters/ci419/namespaces/inmemory/tests/integration/apicurio-registry/serdes/kafka/avro-serde/target/apicurio-registry-avro-serde-kafka-3.0.11-SNAPSHOT.jar:/home/runner/work/apicurio-testing/apicurio-testing/clusters/ci419/namespaces/inmemory/tests/integration/apicurio-registry/serdes/generic/serde-common-avro/target/apicurio-registry-serde-common-avro-3.0.11-SNAPSHOT.jar:/home/runner/work/apicurio-testing/apicurio-testing/clusters/ci419/namespaces/inmemory/tests/integration/apicurio-registry/serdes/kafka/protobuf-serde/target/apicurio-registry-protobuf-serde-kafka-3.0.11-SNAPSHOT.jar:/home/runner/work/apicurio-testing/apicurio-testing/clusters/ci419/namespaces/inmemory/tests/integration/apicurio-registry/serdes/generic/serde-common-protobuf/target/apicurio-registry-serde-common-protobuf-3.0.11-SNAPSHOT.jar:/home/runner/.m2/repository/com/squareup/wire/wire-schema/5.3.3/wire-schema-5.3.3.jar:/home/runner/.m2/repository/com/squareup/wire/wire-runtime/5.3.3/wire-runtime-5.3.3.jar:/home/runner/work/apicurio-testing/apicurio-testing/clusters/ci419/namespaces/inmemory/tests/integration/apicurio-registry/serdes/pulsar/avro-serde/target/apicurio-registry-avro-serde-pulsar-3.0.11-SNAPSHOT.jar:/home/runner/.m2/repository/org/apache/pulsar/pulsar-functions-api/3.3.4/pulsar-functions-api-3.3.4.jar:/home/runner/work/apicurio-testing/apicurio-testing/clusters/ci419/namespaces/inmemory/tests/integration/apicurio-registry/serdes/nats/avro-serde/target/apicurio-registry-avro-serde-nats-3.0.11-SNAPSHOT.jar:/home/runner/.m2/repository/io/nats/jnats/2.20.5/jnats-2.20.5.jar:/home/runner/.m2/repository/net/i2p/crypto/eddsa/0.3.0/eddsa-0.3.0.jar:/home/runner/work/apicurio-testing/apicurio-testing/clusters/ci419/namespaces/inmemory/tests/integration/apicurio-registry/utils/converter/target/apicurio-registry-utils-converter-3.0.11-SNAPSHOT.jar:/home/runner/work/apicurio-testing/apicurio-testing/clusters/ci419/namespaces/inmemory/tests/integration/apicurio-registry/schema-resolver/target/apicurio-registry-schema-resolver-3.0.11-SNAPSHOT.jar:/home/runner/.m2/repository/org/apache/kafka/connect-api/3.9.1/connect-api-3.9.1.jar:/home/runner/.m2/repository/javax/ws/rs/javax.ws.rs-api/2.1.1/javax.ws.rs-api-2.1.1.jar:/home/runner/.m2/repository/org/apache/kafka/connect-json/3.9.1/connect-json-3.9.1.jar:/home/runner/.m2/repository/com/fasterxml/jackson/datatype/jackson-datatype-jdk8/2.18.2/jackson-datatype-jdk8-2.18.2.jar:/home/runner/.m2/repository/com/fasterxml/jackson/module/jackson-module-afterburner/2.18.2/jackson-module-afterburner-2.18.2.jar:/home/runner/work/apicurio-testing/apicurio-testing/clusters/ci419/namespaces/inmemory/tests/integration/apicurio-registry/utils/kafka/target/apicurio-registry-utils-kafka-3.0.11-SNAPSHOT.jar:/home/runner/.m2/repository/org/apache/pulsar/pulsar-client/3.3.4/pulsar-client-3.3.4.jar:/home/runner/.m2/repository/org/apache/pulsar/pulsar-client-api/3.3.4/pulsar-client-api-3.3.4.jar:/home/runner/.m2/repository/org/apache/pulsar/pulsar-client-admin-api/3.3.4/pulsar-client-admin-api-3.3.4.jar:/home/runner/.m2/repository/org/apache/pulsar/bouncy-castle-bc/3.3.4/bouncy-castle-bc-3.3.4-pkg.jar:/home/runner/.m2/repository/org/bouncycastle/bcpkix-jdk18on/1.80/bcpkix-jdk18on-1.80.jar:/home/runner/.m2/repository/org/bouncycastle/bcutil-jdk18on/1.80/bcutil-jdk18on-1.80.jar:/home/runner/.m2/repository/org/bouncycastle/bcprov-jdk18on/1.80/bcprov-jdk18on-1.80.jar:/home/runner/.m2/repository/io/opentelemetry/opentelemetry-api/1.44.1/opentelemetry-api-1.44.1.jar:/home/runner/.m2/repository/io/opentelemetry/opentelemetry-context/1.44.1/opentelemetry-context-1.44.1.jar:/home/runner/.m2/repository/io/opentelemetry/opentelemetry-api-incubator/1.44.1-alpha/opentelemetry-api-incubator-1.44.1-alpha.jar:/home/runner/.m2/repository/com/fasterxml/jackson/core/jackson-annotations/2.18.2/jackson-annotations-2.18.2.jar:/home/runner/.m2/repository/javax/validation/validation-api/1.1.0.Final/validation-api-1.1.0.Final.jar:/home/runner/.m2/repository/io/confluent/kafka-avro-serializer/8.0.0/kafka-avro-serializer-8.0.0.jar:/home/runner/.m2/repository/org/apache/commons/commons-compress/1.27.1/commons-compress-1.27.1.jar:/home/runner/.m2/repository/io/confluent/kafka-schema-serializer/8.0.0/kafka-schema-serializer-8.0.0.jar:/home/runner/.m2/repository/com/fasterxml/jackson/dataformat/jackson-dataformat-csv/2.18.2/jackson-dataformat-csv-2.18.2.jar:/home/runner/.m2/repository/io/confluent/kafka-schema-registry-client/8.0.0/kafka-schema-registry-client-8.0.0.jar:/home/runner/.m2/repository/org/yaml/snakeyaml/2.3/snakeyaml-2.3.jar:/home/runner/.m2/repository/io/swagger/core/v3/swagger-annotations/2.2.29/swagger-annotations-2.2.29.jar:/home/runner/.m2/repository/com/google/guava/guava/33.4.0-jre/guava-33.4.0-jre.jar:/home/runner/.m2/repository/com/google/guava/failureaccess/1.0.1/failureaccess-1.0.1.jar:/home/runner/.m2/repository/org/checkerframework/checker-qual/3.49.0/checker-qual-3.49.0.jar:/home/runner/.m2/repository/io/confluent/logredactor/1.0.13/logredactor-1.0.13.jar:/home/runner/.m2/repository/com/google/re2j/re2j/1.6/re2j-1.6.jar:/home/runner/.m2/repository/io/confluent/logredactor-metrics/1.0.13/logredactor-metrics-1.0.13.jar:/home/runner/.m2/repository/com/eclipsesource/minimal-json/minimal-json/0.9.5/minimal-json-0.9.5.jar:/home/runner/.m2/repository/io/confluent/common-utils/8.0.0/common-utils-8.0.0.jar:/home/runner/.m2/repository/io/confluent/kafka-connect-avro-converter/8.0.0/kafka-connect-avro-converter-8.0.0.jar:/home/runner/.m2/repository/io/confluent/kafka-connect-avro-data/8.0.0/kafka-connect-avro-data-8.0.0.jar:/home/runner/.m2/repository/io/confluent/kafka-schema-converter/8.0.0/kafka-schema-converter-8.0.0.jar:/home/runner/.m2/repository/io/rest-assured/rest-assured/5.5.1/rest-assured-5.5.1.jar:/home/runner/.m2/repository/org/apache/groovy/groovy/4.0.22/groovy-4.0.22.jar:/home/runner/.m2/repository/org/apache/groovy/groovy-xml/4.0.22/groovy-xml-4.0.22.jar:/home/runner/.m2/repository/org/apache/httpcomponents/httpclient/4.5.14/httpclient-4.5.14.jar:/home/runner/.m2/repository/org/apache/httpcomponents/httpcore/4.4.16/httpcore-4.4.16.jar:/home/runner/.m2/repository/org/apache/httpcomponents/httpmime/4.5.14/httpmime-4.5.14.jar:/home/runner/.m2/repository/org/hamcrest/hamcrest/2.2/hamcrest-2.2.jar:/home/runner/.m2/repository/org/ccil/cowan/tagsoup/tagsoup/1.2.1/tagsoup-1.2.1.jar:/home/runner/.m2/repository/io/rest-assured/json-path/5.5.1/json-path-5.5.1.jar:/home/runner/.m2/repository/org/apache/groovy/groovy-json/4.0.22/groovy-json-4.0.22.jar:/home/runner/.m2/repository/io/rest-assured/rest-assured-common/5.5.1/rest-assured-common-5.5.1.jar:/home/runner/.m2/repository/io/rest-assured/xml-path/5.5.1/xml-path-5.5.1.jar:/home/runner/.m2/repository/io/zonky/test/embedded-postgres/2.1.0/embedded-postgres-2.1.0.jar:/home/runner/.m2/repository/io/zonky/test/postgres/embedded-postgres-binaries-windows-amd64/14.15.0/embedded-postgres-binaries-windows-amd64-14.15.0.jar:/home/runner/.m2/repository/io/zonky/test/postgres/embedded-postgres-binaries-darwin-amd64/14.15.0/embedded-postgres-binaries-darwin-amd64-14.15.0.jar:/home/runner/.m2/repository/io/zonky/test/postgres/embedded-postgres-binaries-linux-amd64/14.15.0/embedded-postgres-binaries-linux-amd64-14.15.0.jar:/home/runner/.m2/repository/io/zonky/test/postgres/embedded-postgres-binaries-linux-amd64-alpine/14.15.0/embedded-postgres-binaries-linux-amd64-alpine-14.15.0.jar:/home/runner/.m2/repository/org/apache/commons/commons-lang3/3.17.0/commons-lang3-3.17.0.jar:/home/runner/.m2/repository/org/tukaani/xz/1.10/xz-1.10.jar:/home/runner/.m2/repository/commons-codec/commons-codec/1.18.0/commons-codec-1.18.0.jar:/home/runner/.m2/repository/org/postgresql/postgresql/42.7.5/postgresql-42.7.5.jar:/home/runner/.m2/repository/commons-io/commons-io/2.18.0/commons-io-2.18.0.jar:/home/runner/work/apicurio-testing/apicurio-testing/clusters/ci419/namespaces/inmemory/tests/integration/apicurio-registry/utils/importexport/target/apicurio-registry-utils-import-export-3.0.11-SNAPSHOT.jar:/home/runner/.m2/repository/io/vertx/vertx-core/4.5.14/vertx-core-4.5.14.jar:/home/runner/.m2/repository/io/netty/netty-common/4.1.119.Final/netty-common-4.1.119.Final.jar:/home/runner/.m2/repository/io/netty/netty-buffer/4.1.119.Final/netty-buffer-4.1.119.Final.jar:/home/runner/.m2/repository/io/netty/netty-transport/4.1.119.Final/netty-transport-4.1.119.Final.jar:/home/runner/.m2/repository/io/netty/netty-handler/4.1.119.Final/netty-handler-4.1.119.Final.jar:/home/runner/.m2/repository/io/netty/netty-transport-native-unix-common/4.1.119.Final/netty-transport-native-unix-common-4.1.119.Final.jar:/home/runner/.m2/repository/io/netty/netty-codec/4.1.119.Final/netty-codec-4.1.119.Final.jar:/home/runner/.m2/repository/io/netty/netty-handler-proxy/4.1.119.Final/netty-handler-proxy-4.1.119.Final.jar:/home/runner/.m2/repository/io/netty/netty-codec-socks/4.1.119.Final/netty-codec-socks-4.1.119.Final.jar:/home/runner/.m2/repository/io/netty/netty-codec-http/4.1.119.Final/netty-codec-http-4.1.119.Final.jar:/home/runner/.m2/repository/io/netty/netty-codec-http2/4.1.119.Final/netty-codec-http2-4.1.119.Final.jar:/home/runner/.m2/repository/io/netty/netty-resolver/4.1.119.Final/netty-resolver-4.1.119.Final.jar:/home/runner/.m2/repository/io/netty/netty-resolver-dns/4.1.119.Final/netty-resolver-dns-4.1.119.Final.jar:/home/runner/.m2/repository/io/netty/netty-codec-dns/4.1.119.Final/netty-codec-dns-4.1.119.Final.jar:/home/runner/.m2/repository/com/fasterxml/jackson/core/jackson-core/2.18.2/jackson-core-2.18.2.jar:"/>
    <property name="java.vm.vendor" value="Eclipse Adoptium"/>
    <property name="maven.javadoc.skip" value="true"/>
    <property name="sun.arch.data.model" value="64"/>
    <property name="java.vendor.url" value="https://adoptium.net/"/>
    <property name="user.timezone" value="Etc/UTC"/>
    <property name="os.name" value="Linux"/>
    <property name="java.vm.specification.version" value="17"/>
    <property name="sun.java.launcher" value="SUN_STANDARD"/>
    <property name="quarkus.http.test-port" value="80"/>
    <property name="sun.boot.library.path" value="/usr/lib/jvm/temurin-17-jdk-amd64/lib"/>
    <property name="sun.java.command" value="/home/runner/work/apicurio-testing/apicurio-testing/clusters/ci419/namespaces/inmemory/tests/integration/apicurio-registry/integration-tests/target/surefire/surefirebooter-20250731203944216_3.jar /home/runner/work/apicurio-testing/apicurio-testing/clusters/ci419/namespaces/inmemory/tests/integration/apicurio-registry/integration-tests/target/surefire 2025-07-31T20-39-44_144-jvmRun1 surefire-20250731203944216_1tmp surefire_0-20250731203944216_2tmp"/>
    <property name="maven.home" value="/home/runner/.m2/wrapper/dists/apache-maven-3.9.8-bin/4fnp1ql35bgk2a0p7m31ovbgb0/apache-maven-3.9.8"/>
    <property name="jdk.debug" value="release"/>
    <property name="surefire.test.class.path" value="/home/runner/work/apicurio-testing/apicurio-testing/clusters/ci419/namespaces/inmemory/tests/integration/apicurio-registry/integration-tests/target/test-classes:/home/runner/work/apicurio-testing/apicurio-testing/clusters/ci419/namespaces/inmemory/tests/integration/apicurio-registry/integration-tests/target/apicurio-registry-integration-tests-3.0.11-SNAPSHOT.jar:/home/runner/.m2/repository/io/quarkus/quarkus-junit5/3.20.1/quarkus-junit5-3.20.1.jar:/home/runner/.m2/repository/io/quarkus/quarkus-bootstrap-core/3.20.1/quarkus-bootstrap-core-3.20.1.jar:/home/runner/.m2/repository/io/quarkus/quarkus-classloader-commons/3.20.1/quarkus-classloader-commons-3.20.1.jar:/home/runner/.m2/repository/io/quarkus/quarkus-bootstrap-app-model/3.20.1/quarkus-bootstrap-app-model-3.20.1.jar:/home/runner/.m2/repository/io/smallrye/common/smallrye-common-io/2.12.0/smallrye-common-io-2.12.0.jar:/home/runner/.m2/repository/org/eclipse/sisu/org.eclipse.sisu.inject/0.9.0.M3/org.eclipse.sisu.inject-0.9.0.M3.jar:/home/runner/.m2/repository/io/quarkus/quarkus-test-common/3.20.1/quarkus-test-common-3.20.1.jar:/home/runner/.m2/repository/io/quarkus/quarkus-core-deployment/3.20.1/quarkus-core-deployment-3.20.1.jar:/home/runner/.m2/repository/org/aesh/readline/2.6/readline-2.6.jar:/home/runner/.m2/repository/org/fusesource/jansi/jansi/2.4.0/jansi-2.4.0.jar:/home/runner/.m2/repository/org/aesh/aesh/2.8.2/aesh-2.8.2.jar:/home/runner/.m2/repository/io/quarkus/gizmo/gizmo/1.8.0/gizmo-1.8.0.jar:/home/runner/.m2/repository/org/ow2/asm/asm-util/9.7.1/asm-util-9.7.1.jar:/home/runner/.m2/repository/org/ow2/asm/asm-analysis/9.7.1/asm-analysis-9.7.1.jar:/home/runner/.m2/repository/org/ow2/asm/asm-commons/9.7.1/asm-commons-9.7.1.jar:/home/runner/.m2/repository/org/ow2/asm/asm-tree/9.7.1/asm-tree-9.7.1.jar:/home/runner/.m2/repository/io/quarkus/quarkus-hibernate-validator-spi/3.20.1/quarkus-hibernate-validator-spi-3.20.1.jar:/home/runner/.m2/repository/io/quarkus/quarkus-class-change-agent/3.20.1/quarkus-class-change-agent-3.20.1.jar:/home/runner/.m2/repository/io/quarkus/quarkus-devtools-utilities/3.20.1/quarkus-devtools-utilities-3.20.1.jar:/home/runner/.m2/repository/io/quarkus/quarkus-builder/3.20.1/quarkus-builder-3.20.1.jar:/home/runner/.m2/repository/org/graalvm/sdk/nativeimage/23.1.2/nativeimage-23.1.2.jar:/home/runner/.m2/repository/org/graalvm/sdk/word/23.1.2/word-23.1.2.jar:/home/runner/.m2/repository/io/quarkus/quarkus-bootstrap-maven-resolver/3.20.1/quarkus-bootstrap-maven-resolver-3.20.1.jar:/home/runner/.m2/repository/io/smallrye/beanbag/smallrye-beanbag-maven/1.5.2/smallrye-beanbag-maven-1.5.2.jar:/home/runner/.m2/repository/io/smallrye/beanbag/smallrye-beanbag-sisu/1.5.2/smallrye-beanbag-sisu-1.5.2.jar:/home/runner/.m2/repository/io/smallrye/beanbag/smallrye-beanbag/1.5.2/smallrye-beanbag-1.5.2.jar:/home/runner/.m2/repository/javax/inject/javax.inject/1/javax.inject-1.jar:/home/runner/.m2/repository/org/apache/maven/maven-artifact/3.9.9/maven-artifact-3.9.9.jar:/home/runner/.m2/repository/org/apache/maven/maven-builder-support/3.9.9/maven-builder-support-3.9.9.jar:/home/runner/.m2/repository/org/apache/maven/maven-model/3.9.9/maven-model-3.9.9.jar:/home/runner/.m2/repository/org/apache/maven/maven-model-builder/3.9.9/maven-model-builder-3.9.9.jar:/home/runner/.m2/repository/org/apache/maven/maven-repository-metadata/3.9.9/maven-repository-metadata-3.9.9.jar:/home/runner/.m2/repository/org/apache/maven/maven-settings/3.9.9/maven-settings-3.9.9.jar:/home/runner/.m2/repository/org/apache/maven/resolver/maven-resolver-api/1.9.22/maven-resolver-api-1.9.22.jar:/home/runner/.m2/repository/org/apache/maven/resolver/maven-resolver-impl/1.9.22/maven-resolver-impl-1.9.22.jar:/home/runner/.m2/repository/org/apache/maven/resolver/maven-resolver-named-locks/1.9.22/maven-resolver-named-locks-1.9.22.jar:/home/runner/.m2/repository/org/apache/maven/resolver/maven-resolver-spi/1.9.22/maven-resolver-spi-1.9.22.jar:/home/runner/.m2/repository/org/apache/maven/resolver/maven-resolver-util/1.9.22/maven-resolver-util-1.9.22.jar:/home/runner/.m2/repository/org/apache/maven/resolver/maven-resolver-transport-http/1.9.20/maven-resolver-transport-http-1.9.20.jar:/home/runner/.m2/repository/org/apache/maven/wagon/wagon-provider-api/3.5.3/wagon-provider-api-3.5.3.jar:/home/runner/.m2/repository/org/apache/maven/wagon/wagon-http-shared/3.5.3/wagon-http-shared-3.5.3.jar:/home/runner/.m2/repository/org/codehaus/plexus/plexus-interpolation/1.26/plexus-interpolation-1.26.jar:/home/runner/.m2/repository/org/codehaus/plexus/plexus-utils/3.5.1/plexus-utils-3.5.1.jar:/home/runner/.m2/repository/org/codehaus/plexus/plexus-xml/4.0.1/plexus-xml-4.0.1.jar:/home/runner/.m2/repository/org/apache/maven/maven-xml-impl/4.0.0-alpha-5/maven-xml-impl-4.0.0-alpha-5.jar:/home/runner/.m2/repository/org/apache/maven/maven-api-xml/4.0.0-alpha-5/maven-api-xml-4.0.0-alpha-5.jar:/home/runner/.m2/repository/org/apache/maven/maven-api-meta/4.0.0-alpha-5/maven-api-meta-4.0.0-alpha-5.jar:/home/runner/.m2/repository/org/codehaus/plexus/plexus-cipher/2.0/plexus-cipher-2.0.jar:/home/runner/.m2/repository/org/codehaus/plexus/plexus-sec-dispatcher/2.0/plexus-sec-dispatcher-2.0.jar:/home/runner/.m2/repository/org/apache/maven/maven-embedder/3.9.9/maven-embedder-3.9.9.jar:/home/runner/.m2/repository/org/apache/maven/maven-core/3.9.9/maven-core-3.9.9.jar:/home/runner/.m2/repository/org/codehaus/plexus/plexus-component-annotations/2.1.0/plexus-component-annotations-2.1.0.jar:/home/runner/.m2/repository/org/apache/maven/maven-plugin-api/3.9.9/maven-plugin-api-3.9.9.jar:/home/runner/.m2/repository/org/apache/maven/shared/maven-shared-utils/3.4.2/maven-shared-utils-3.4.2.jar:/home/runner/.m2/repository/com/google/inject/guice/5.1.0/guice-5.1.0.jar:/home/runner/.m2/repository/aopalliance/aopalliance/1.0/aopalliance-1.0.jar:/home/runner/.m2/repository/org/codehaus/plexus/plexus-classworlds/2.6.0/plexus-classworlds-2.6.0.jar:/home/runner/.m2/repository/commons-cli/commons-cli/1.8.0/commons-cli-1.8.0.jar:/home/runner/.m2/repository/org/eclipse/sisu/org.eclipse.sisu.plexus/0.9.0.M3/org.eclipse.sisu.plexus-0.9.0.M3.jar:/home/runner/.m2/repository/org/apache/maven/maven-settings-builder/3.9.9/maven-settings-builder-3.9.9.jar:/home/runner/.m2/repository/org/apache/maven/maven-resolver-provider/3.9.9/maven-resolver-provider-3.9.9.jar:/home/runner/.m2/repository/org/apache/maven/resolver/maven-resolver-connector-basic/1.9.22/maven-resolver-connector-basic-1.9.22.jar:/home/runner/.m2/repository/org/apache/maven/resolver/maven-resolver-transport-wagon/1.9.22/maven-resolver-transport-wagon-1.9.22.jar:/home/runner/.m2/repository/org/apache/maven/wagon/wagon-http/3.5.3/wagon-http-3.5.3.jar:/home/runner/.m2/repository/org/apache/maven/wagon/wagon-file/3.5.3/wagon-file-3.5.3.jar:/home/runner/.m2/repository/io/quarkus/quarkus-bootstrap-gradle-resolver/3.20.1/quarkus-bootstrap-gradle-resolver-3.20.1.jar:/home/runner/.m2/repository/io/smallrye/jandex/3.3.0/jandex-3.3.0.jar:/home/runner/.m2/repository/org/jboss/logging/commons-logging-jboss-logging/1.0.0.Final/commons-logging-jboss-logging-1.0.0.Final.jar:/home/runner/.m2/repository/io/quarkus/quarkus-junit5-config/3.20.1/quarkus-junit5-config-3.20.1.jar:/home/runner/.m2/repository/org/junit/jupiter/junit-jupiter-api/5.12.1/junit-jupiter-api-5.12.1.jar:/home/runner/.m2/repository/io/smallrye/config/smallrye-config/3.11.4/smallrye-config-3.11.4.jar:/home/runner/.m2/repository/io/smallrye/config/smallrye-config-core/3.11.4/smallrye-config-core-3.11.4.jar:/home/runner/.m2/repository/io/smallrye/common/smallrye-common-classloader/2.12.0/smallrye-common-classloader-2.12.0.jar:/home/runner/.m2/repository/io/smallrye/config/smallrye-config-common/3.11.4/smallrye-config-common-3.11.4.jar:/home/runner/.m2/repository/org/junit/jupiter/junit-jupiter/5.12.1/junit-jupiter-5.12.1.jar:/home/runner/.m2/repository/org/junit/jupiter/junit-jupiter-params/5.12.1/junit-jupiter-params-5.12.1.jar:/home/runner/.m2/repository/org/junit/jupiter/junit-jupiter-engine/5.12.1/junit-jupiter-engine-5.12.1.jar:/home/runner/.m2/repository/io/quarkus/quarkus-core/3.20.1/quarkus-core-3.20.1.jar:/home/runner/.m2/repository/jakarta/enterprise/jakarta.enterprise.cdi-api/4.1.0/jakarta.enterprise.cdi-api-4.1.0.jar:/home/runner/.m2/repository/jakarta/enterprise/jakarta.enterprise.lang-model/4.1.0/jakarta.enterprise.lang-model-4.1.0.jar:/home/runner/.m2/repository/jakarta/el/jakarta.el-api/5.0.1/jakarta.el-api-5.0.1.jar:/home/runner/.m2/repository/jakarta/interceptor/jakarta.interceptor-api/2.2.0/jakarta.interceptor-api-2.2.0.jar:/home/runner/.m2/repository/jakarta/inject/jakarta.inject-api/2.0.1/jakarta.inject-api-2.0.1.jar:/home/runner/.m2/repository/io/smallrye/common/smallrye-common-os/2.12.0/smallrye-common-os-2.12.0.jar:/home/runner/.m2/repository/io/quarkus/quarkus-ide-launcher/3.20.1/quarkus-ide-launcher-3.20.1.jar:/home/runner/.m2/repository/io/quarkus/quarkus-development-mode-spi/3.20.1/quarkus-development-mode-spi-3.20.1.jar:/home/runner/.m2/repository/org/jboss/logging/jboss-logging/3.6.1.Final/jboss-logging-3.6.1.Final.jar:/home/runner/.m2/repository/org/jboss/logmanager/jboss-logmanager/3.1.2.Final/jboss-logmanager-3.1.2.Final.jar:/home/runner/.m2/repository/io/smallrye/common/smallrye-common-constraint/2.12.0/smallrye-common-constraint-2.12.0.jar:/home/runner/.m2/repository/io/smallrye/common/smallrye-common-cpu/2.12.0/smallrye-common-cpu-2.12.0.jar:/home/runner/.m2/repository/io/smallrye/common/smallrye-common-expression/2.12.0/smallrye-common-expression-2.12.0.jar:/home/runner/.m2/repository/io/smallrye/common/smallrye-common-net/2.12.0/smallrye-common-net-2.12.0.jar:/home/runner/.m2/repository/io/smallrye/common/smallrye-common-ref/2.12.0/smallrye-common-ref-2.12.0.jar:/home/runner/.m2/repository/jakarta/json/jakarta.json-api/2.1.3/jakarta.json-api-2.1.3.jar:/home/runner/.m2/repository/org/eclipse/parsson/parsson/1.1.7/parsson-1.1.7.jar:/home/runner/.m2/repository/org/jboss/logging/jboss-logging-annotations/3.0.4.Final/jboss-logging-annotations-3.0.4.Final.jar:/home/runner/.m2/repository/org/jboss/threads/jboss-threads/3.8.0.Final/jboss-threads-3.8.0.Final.jar:/home/runner/.m2/repository/io/smallrye/common/smallrye-common-annotation/2.12.0/smallrye-common-annotation-2.12.0.jar:/home/runner/.m2/repository/io/smallrye/common/smallrye-common-function/2.12.0/smallrye-common-function-2.12.0.jar:/home/runner/.m2/repository/org/jboss/slf4j/slf4j-jboss-logmanager/2.0.0.Final/slf4j-jboss-logmanager-2.0.0.Final.jar:/home/runner/.m2/repository/org/wildfly/common/wildfly-common/2.0.1/wildfly-common-2.0.1.jar:/home/runner/.m2/repository/io/quarkus/quarkus-bootstrap-runner/3.20.1/quarkus-bootstrap-runner-3.20.1.jar:/home/runner/.m2/repository/io/github/crac/org-crac/0.1.3/org-crac-0.1.3.jar:/home/runner/.m2/repository/io/quarkus/quarkus-fs-util/0.0.10/quarkus-fs-util-0.0.10.jar:/home/runner/.m2/repository/org/jboss/marshalling/jboss-marshalling/2.2.2.Final/jboss-marshalling-2.2.2.Final.jar:/home/runner/.m2/repository/io/fabric8/kubernetes-client/7.1.0/kubernetes-client-7.1.0.jar:/home/runner/.m2/repository/io/fabric8/kubernetes-client-api/7.1.0/kubernetes-client-api-7.1.0.jar:/home/runner/.m2/repository/io/fabric8/kubernetes-model-core/7.1.0/kubernetes-model-core-7.1.0.jar:/home/runner/.m2/repository/io/fabric8/kubernetes-model-common/7.1.0/kubernetes-model-common-7.1.0.jar:/home/runner/.m2/repository/javax/annotation/javax.annotation-api/1.3.2/javax.annotation-api-1.3.2.jar:/home/runner/.m2/repository/io/fabric8/kubernetes-model-gatewayapi/7.1.0/kubernetes-model-gatewayapi-7.1.0.jar:/home/runner/.m2/repository/io/fabric8/kubernetes-model-resource/7.1.0/kubernetes-model-resource-7.1.0.jar:/home/runner/.m2/repository/io/fabric8/kubernetes-model-rbac/7.1.0/kubernetes-model-rbac-7.1.0.jar:/home/runner/.m2/repository/io/fabric8/kubernetes-model-admissionregistration/7.1.0/kubernetes-model-admissionregistration-7.1.0.jar:/home/runner/.m2/repository/io/fabric8/kubernetes-model-apps/7.1.0/kubernetes-model-apps-7.1.0.jar:/home/runner/.m2/repository/io/fabric8/kubernetes-model-autoscaling/7.1.0/kubernetes-model-autoscaling-7.1.0.jar:/home/runner/.m2/repository/io/fabric8/kubernetes-model-apiextensions/7.1.0/kubernetes-model-apiextensions-7.1.0.jar:/home/runner/.m2/repository/io/fabric8/kubernetes-model-batch/7.1.0/kubernetes-model-batch-7.1.0.jar:/home/runner/.m2/repository/io/fabric8/kubernetes-model-certificates/7.1.0/kubernetes-model-certificates-7.1.0.jar:/home/runner/.m2/repository/io/fabric8/kubernetes-model-coordination/7.1.0/kubernetes-model-coordination-7.1.0.jar:/home/runner/.m2/repository/io/fabric8/kubernetes-model-discovery/7.1.0/kubernetes-model-discovery-7.1.0.jar:/home/runner/.m2/repository/io/fabric8/kubernetes-model-events/7.1.0/kubernetes-model-events-7.1.0.jar:/home/runner/.m2/repository/io/fabric8/kubernetes-model-extensions/7.1.0/kubernetes-model-extensions-7.1.0.jar:/home/runner/.m2/repository/io/fabric8/kubernetes-model-flowcontrol/7.1.0/kubernetes-model-flowcontrol-7.1.0.jar:/home/runner/.m2/repository/io/fabric8/kubernetes-model-networking/7.1.0/kubernetes-model-networking-7.1.0.jar:/home/runner/.m2/repository/io/fabric8/kubernetes-model-metrics/7.1.0/kubernetes-model-metrics-7.1.0.jar:/home/runner/.m2/repository/io/fabric8/kubernetes-model-policy/7.1.0/kubernetes-model-policy-7.1.0.jar:/home/runner/.m2/repository/io/fabric8/kubernetes-model-scheduling/7.1.0/kubernetes-model-scheduling-7.1.0.jar:/home/runner/.m2/repository/io/fabric8/kubernetes-model-storageclass/7.1.0/kubernetes-model-storageclass-7.1.0.jar:/home/runner/.m2/repository/io/fabric8/kubernetes-model-node/7.1.0/kubernetes-model-node-7.1.0.jar:/home/runner/.m2/repository/org/snakeyaml/snakeyaml-engine/2.9/snakeyaml-engine-2.9.jar:/home/runner/.m2/repository/com/fasterxml/jackson/dataformat/jackson-dataformat-yaml/2.15.2/jackson-dataformat-yaml-2.15.2.jar:/home/runner/.m2/repository/com/fasterxml/jackson/datatype/jackson-datatype-jsr310/2.18.2/jackson-datatype-jsr310-2.18.2.jar:/home/runner/.m2/repository/io/fabric8/zjsonpatch/7.1.0/zjsonpatch-7.1.0.jar:/home/runner/.m2/repository/io/fabric8/kubernetes-httpclient-vertx/7.1.0/kubernetes-httpclient-vertx-7.1.0.jar:/home/runner/.m2/repository/io/vertx/vertx-web-client/4.5.14/vertx-web-client-4.5.14.jar:/home/runner/.m2/repository/io/vertx/vertx-web-common/4.5.14/vertx-web-common-4.5.14.jar:/home/runner/.m2/repository/io/vertx/vertx-auth-common/4.5.14/vertx-auth-common-4.5.14.jar:/home/runner/.m2/repository/io/vertx/vertx-uri-template/4.5.14/vertx-uri-template-4.5.14.jar:/home/runner/.m2/repository/io/fabric8/openshift-client/7.1.0/openshift-client-7.1.0.jar:/home/runner/.m2/repository/io/fabric8/openshift-client-api/7.1.0/openshift-client-api-7.1.0.jar:/home/runner/.m2/repository/io/fabric8/openshift-model/7.1.0/openshift-model-7.1.0.jar:/home/runner/.m2/repository/io/fabric8/openshift-model-autoscaling/7.1.0/openshift-model-autoscaling-7.1.0.jar:/home/runner/.m2/repository/io/fabric8/openshift-model-operator/7.1.0/openshift-model-operator-7.1.0.jar:/home/runner/.m2/repository/io/fabric8/openshift-model-operatorhub/7.1.0/openshift-model-operatorhub-7.1.0.jar:/home/runner/.m2/repository/io/fabric8/openshift-model-machine/7.1.0/openshift-model-machine-7.1.0.jar:/home/runner/.m2/repository/io/fabric8/openshift-model-whereabouts/7.1.0/openshift-model-whereabouts-7.1.0.jar:/home/runner/.m2/repository/io/fabric8/openshift-model-monitoring/7.1.0/openshift-model-monitoring-7.1.0.jar:/home/runner/.m2/repository/io/fabric8/openshift-model-storageversionmigrator/7.1.0/openshift-model-storageversionmigrator-7.1.0.jar:/home/runner/.m2/repository/io/fabric8/openshift-model-tuned/7.1.0/openshift-model-tuned-7.1.0.jar:/home/runner/.m2/repository/io/fabric8/openshift-model-console/7.1.0/openshift-model-console-7.1.0.jar:/home/runner/.m2/repository/io/fabric8/openshift-model-config/7.1.0/openshift-model-config-7.1.0.jar:/home/runner/.m2/repository/io/fabric8/openshift-model-machineconfiguration/7.1.0/openshift-model-machineconfiguration-7.1.0.jar:/home/runner/.m2/repository/io/fabric8/openshift-model-miscellaneous/7.1.0/openshift-model-miscellaneous-7.1.0.jar:/home/runner/.m2/repository/io/fabric8/openshift-model-hive/7.1.0/openshift-model-hive-7.1.0.jar:/home/runner/.m2/repository/io/fabric8/openshift-model-installer/7.1.0/openshift-model-installer-7.1.0.jar:/home/runner/.m2/repository/org/junit/platform/junit-platform-launcher/1.12.1/junit-platform-launcher-1.12.1.jar:/home/runner/.m2/repository/org/junit/platform/junit-platform-engine/1.12.1/junit-platform-engine-1.12.1.jar:/home/runner/.m2/repository/org/opentest4j/opentest4j/1.3.0/opentest4j-1.3.0.jar:/home/runner/.m2/repository/org/junit/platform/junit-platform-commons/1.12.1/junit-platform-commons-1.12.1.jar:/home/runner/.m2/repository/org/apiguardian/apiguardian-api/1.1.2/apiguardian-api-1.1.2.jar:/home/runner/.m2/repository/jakarta/ws/rs/jakarta.ws.rs-api/3.1.0/jakarta.ws.rs-api-3.1.0.jar:/home/runner/work/apicurio-testing/apicurio-testing/clusters/ci419/namespaces/inmemory/tests/integration/apicurio-registry/java-sdk/target/apicurio-registry-java-sdk-3.0.11-SNAPSHOT.jar:/home/runner/.m2/repository/com/microsoft/kiota/microsoft-kiota-abstractions/1.8.8/microsoft-kiota-abstractions-1.8.8.jar:/home/runner/.m2/repository/io/github/std-uritemplate/std-uritemplate/2.0.0/std-uritemplate-2.0.0.jar:/home/runner/.m2/repository/io/kiota/kiota-http-jdk/0.0.21/kiota-http-jdk-0.0.21.jar:/home/runner/.m2/repository/io/kiota/kiota-http-vertx/0.0.21/kiota-http-vertx-0.0.21.jar:/home/runner/.m2/repository/io/kiota/kiota-serialization-jackson/0.0.21/kiota-serialization-jackson-0.0.21.jar:/home/runner/.m2/repository/com/microsoft/kiota/microsoft-kiota-serialization-text/1.8.8/microsoft-kiota-serialization-text-1.8.8.jar:/home/runner/.m2/repository/com/microsoft/kiota/microsoft-kiota-serialization-form/1.8.8/microsoft-kiota-serialization-form-1.8.8.jar:/home/runner/.m2/repository/com/microsoft/kiota/microsoft-kiota-serialization-multipart/1.8.8/microsoft-kiota-serialization-multipart-1.8.8.jar:/home/runner/.m2/repository/jakarta/annotation/jakarta.annotation-api/3.0.0/jakarta.annotation-api-3.0.0.jar:/home/runner/.m2/repository/io/vertx/vertx-auth-oauth2/4.5.14/vertx-auth-oauth2-4.5.14.jar:/home/runner/work/apicurio-testing/apicurio-testing/clusters/ci419/namespaces/inmemory/tests/integration/apicurio-registry/java-sdk-v2/target/apicurio-registry-v2-java-sdk-3.0.11-SNAPSHOT.jar:/home/runner/work/apicurio-testing/apicurio-testing/clusters/ci419/namespaces/inmemory/tests/integration/apicurio-registry/utils/kafka/target/apicurio-registry-utils-kafka-3.0.11-SNAPSHOT-tests.jar:/home/runner/.m2/repository/org/eclipse/microprofile/config/microprofile-config-api/3.1/microprofile-config-api-3.1.jar:/home/runner/.m2/repository/org/apache/kafka/kafka-clients/3.9.1/kafka-clients-3.9.1.jar:/home/runner/.m2/repository/com/github/luben/zstd-jni/1.5.6-4/zstd-jni-1.5.6-4.jar:/home/runner/.m2/repository/org/lz4/lz4-java/1.8.0/lz4-java-1.8.0.jar:/home/runner/.m2/repository/org/xerial/snappy/snappy-java/1.1.10.5/snappy-java-1.1.10.5.jar:/home/runner/.m2/repository/org/slf4j/slf4j-api/2.0.6/slf4j-api-2.0.6.jar:/home/runner/work/apicurio-testing/apicurio-testing/clusters/ci419/namespaces/inmemory/tests/integration/apicurio-registry/utils/tests/target/apicurio-registry-utils-tests-3.0.11-SNAPSHOT.jar:/home/runner/work/apicurio-testing/apicurio-testing/clusters/ci419/namespaces/inmemory/tests/integration/apicurio-registry/common/target/apicurio-registry-common-3.0.11-SNAPSHOT.jar:/home/runner/.m2/repository/jakarta/validation/jakarta.validation-api/3.0.2/jakarta.validation-api-3.0.2.jar:/home/runner/.m2/repository/com/github/dasniko/testcontainers-keycloak/3.6.0/testcontainers-keycloak-3.6.0.jar:/home/runner/.m2/repository/org/testcontainers/testcontainers/1.20.6/testcontainers-1.20.6.jar:/home/runner/.m2/repository/org/rnorth/duct-tape/duct-tape/1.0.8/duct-tape-1.0.8.jar:/home/runner/.m2/repository/org/jetbrains/annotations/26.0.2/annotations-26.0.2.jar:/home/runner/.m2/repository/com/github/docker-java/docker-java-transport-zerodep/3.4.1/docker-java-transport-zerodep-3.4.1.jar:/home/runner/.m2/repository/com/github/docker-java/docker-java-transport/3.4.1/docker-java-transport-3.4.1.jar:/home/runner/.m2/repository/net/java/dev/jna/jna/5.8.0/jna-5.8.0.jar:/home/runner/.m2/repository/io/quarkus/quarkus-junit4-mock/3.20.1/quarkus-junit4-mock-3.20.1.jar:/home/runner/.m2/repository/org/jboss/shrinkwrap/shrinkwrap-api/2.0.0-beta-2/shrinkwrap-api-2.0.0-beta-2.jar:/home/runner/.m2/repository/org/jboss/shrinkwrap/shrinkwrap-impl-base/2.0.0-beta-2/shrinkwrap-impl-base-2.0.0-beta-2.jar:/home/runner/.m2/repository/org/jboss/shrinkwrap/shrinkwrap-spi/2.0.0-beta-2/shrinkwrap-spi-2.0.0-beta-2.jar:/home/runner/.m2/repository/org/keycloak/keycloak-admin-client/26.0.4/keycloak-admin-client-26.0.4.jar:/home/runner/.m2/repository/org/keycloak/keycloak-client-common-synced/26.0.4/keycloak-client-common-synced-26.0.4.jar:/home/runner/.m2/repository/jakarta/activation/jakarta.activation-api/2.1.3/jakarta.activation-api-2.1.3.jar:/home/runner/.m2/repository/org/eclipse/microprofile/openapi/microprofile-openapi-api/4.0.2/microprofile-openapi-api-4.0.2.jar:/home/runner/.m2/repository/org/jboss/resteasy/resteasy-client/6.2.12.Final/resteasy-client-6.2.12.Final.jar:/home/runner/.m2/repository/org/jboss/resteasy/resteasy-client-api/6.2.12.Final/resteasy-client-api-6.2.12.Final.jar:/home/runner/.m2/repository/org/jboss/resteasy/resteasy-core-spi/6.2.12.Final/resteasy-core-spi-6.2.12.Final.jar:/home/runner/.m2/repository/org/jboss/resteasy/resteasy-core/6.2.12.Final/resteasy-core-6.2.12.Final.jar:/home/runner/.m2/repository/org/eclipse/angus/angus-activation/2.0.2/angus-activation-2.0.2.jar:/home/runner/.m2/repository/com/ibm/async/asyncutil/0.1.0/asyncutil-0.1.0.jar:/home/runner/.m2/repository/org/reactivestreams/reactive-streams/1.0.4/reactive-streams-1.0.4.jar:/home/runner/.m2/repository/org/jboss/resteasy/resteasy-multipart-provider/6.2.12.Final/resteasy-multipart-provider-6.2.12.Final.jar:/home/runner/.m2/repository/jakarta/mail/jakarta.mail-api/2.1.3/jakarta.mail-api-2.1.3.jar:/home/runner/.m2/repository/org/eclipse/angus/angus-mail/2.0.3/angus-mail-2.0.3.jar:/home/runner/.m2/repository/org/apache/james/apache-mime4j-dom/0.8.12/apache-mime4j-dom-0.8.12.jar:/home/runner/.m2/repository/org/apache/james/apache-mime4j-core/0.8.12/apache-mime4j-core-0.8.12.jar:/home/runner/.m2/repository/org/apache/james/apache-mime4j-storage/0.8.12/apache-mime4j-storage-0.8.12.jar:/home/runner/.m2/repository/org/jboss/resteasy/resteasy-jackson2-provider/6.2.12.Final/resteasy-jackson2-provider-6.2.12.Final.jar:/home/runner/.m2/repository/com/fasterxml/jackson/jakarta/rs/jackson-jakarta-rs-base/2.18.2/jackson-jakarta-rs-base-2.18.2.jar:/home/runner/.m2/repository/com/fasterxml/jackson/jakarta/rs/jackson-jakarta-rs-json-provider/2.18.2/jackson-jakarta-rs-json-provider-2.18.2.jar:/home/runner/.m2/repository/com/fasterxml/jackson/module/jackson-module-jakarta-xmlbind-annotations/2.18.2/jackson-module-jakarta-xmlbind-annotations-2.18.2.jar:/home/runner/.m2/repository/com/github/java-json-tools/json-patch/1.13/json-patch-1.13.jar:/home/runner/.m2/repository/com/github/java-json-tools/msg-simple/1.2/msg-simple-1.2.jar:/home/runner/.m2/repository/com/github/java-json-tools/btf/1.3/btf-1.3.jar:/home/runner/.m2/repository/com/github/java-json-tools/jackson-coreutils/2.0/jackson-coreutils-2.0.jar:/home/runner/.m2/repository/org/jboss/resteasy/resteasy-jaxb-provider/6.2.12.Final/resteasy-jaxb-provider-6.2.12.Final.jar:/home/runner/.m2/repository/org/glassfish/jaxb/codemodel/4.0.5/codemodel-4.0.5.jar:/home/runner/.m2/repository/org/glassfish/jaxb/jaxb-core/4.0.5/jaxb-core-4.0.5.jar:/home/runner/.m2/repository/org/glassfish/jaxb/jaxb-jxc/4.0.5/jaxb-jxc-4.0.5.jar:/home/runner/.m2/repository/org/glassfish/jaxb/jaxb-runtime/4.0.5/jaxb-runtime-4.0.5.jar:/home/runner/.m2/repository/org/glassfish/jaxb/txw2/4.0.5/txw2-4.0.5.jar:/home/runner/.m2/repository/org/glassfish/jaxb/jaxb-xjc/4.0.5/jaxb-xjc-4.0.5.jar:/home/runner/.m2/repository/org/glassfish/jaxb/xsom/4.0.5/xsom-4.0.5.jar:/home/runner/.m2/repository/com/sun/istack/istack-commons-runtime/4.1.2/istack-commons-runtime-4.1.2.jar:/home/runner/.m2/repository/com/sun/istack/istack-commons-tools/4.1.2/istack-commons-tools-4.1.2.jar:/home/runner/.m2/repository/com/sun/xml/bind/external/relaxng-datatype/4.0.5/relaxng-datatype-4.0.5.jar:/home/runner/.m2/repository/com/sun/xml/bind/external/rngom/4.0.5/rngom-4.0.5.jar:/home/runner/.m2/repository/org/testcontainers/mssqlserver/1.20.6/mssqlserver-1.20.6.jar:/home/runner/.m2/repository/org/testcontainers/jdbc/1.20.6/jdbc-1.20.6.jar:/home/runner/.m2/repository/org/testcontainers/database-commons/1.20.6/database-commons-1.20.6.jar:/home/runner/.m2/repository/org/testcontainers/mysql/1.20.6/mysql-1.20.6.jar:/home/runner/.m2/repository/io/strimzi/strimzi-test-container/0.107.0/strimzi-test-container-0.107.0.jar:/home/runner/.m2/repository/org/testcontainers/toxiproxy/1.20.6/toxiproxy-1.20.6.jar:/home/runner/.m2/repository/com/github/docker-java/docker-java-api/3.4.1/docker-java-api-3.4.1.jar:/home/runner/.m2/repository/eu/rekawek/toxiproxy/toxiproxy-java/2.1.7/toxiproxy-java-2.1.7.jar:/home/runner/.m2/repository/junit/junit/4.13.2/junit-4.13.2.jar:/home/runner/.m2/repository/org/hamcrest/hamcrest-core/1.3/hamcrest-core-1.3.jar:/home/runner/.m2/repository/org/testcontainers/pulsar/1.20.4/pulsar-1.20.4.jar:/home/runner/.m2/repository/io/debezium/debezium-testing-testcontainers/2.6.2.Final/debezium-testing-testcontainers-2.6.2.Final.jar:/home/runner/.m2/repository/org/testcontainers/kafka/1.20.6/kafka-1.20.6.jar:/home/runner/.m2/repository/com/squareup/okhttp3/okhttp/4.8.1/okhttp-4.8.1.jar:/home/runner/.m2/repository/com/squareup/okio/okio/3.10.2/okio-3.10.2.jar:/home/runner/.m2/repository/com/squareup/okio/okio-jvm/3.10.2/okio-jvm-3.10.2.jar:/home/runner/.m2/repository/org/jetbrains/kotlin/kotlin-stdlib/2.0.21/kotlin-stdlib-2.0.21.jar:/home/runner/.m2/repository/org/awaitility/awaitility/4.2.2/awaitility-4.2.2.jar:/home/runner/.m2/repository/org/testcontainers/mongodb/1.20.6/mongodb-1.20.6.jar:/home/runner/.m2/repository/org/testcontainers/oracle-xe/1.20.6/oracle-xe-1.20.6.jar:/home/runner/.m2/repository/org/testcontainers/postgresql/1.20.6/postgresql-1.20.6.jar:/home/runner/.m2/repository/org/wiremock/wiremock/3.0.1/wiremock-3.0.1.jar:/home/runner/.m2/repository/org/eclipse/jetty/jetty-server/11.0.15/jetty-server-11.0.15.jar:/home/runner/.m2/repository/org/eclipse/jetty/toolchain/jetty-jakarta-servlet-api/5.0.2/jetty-jakarta-servlet-api-5.0.2.jar:/home/runner/.m2/repository/org/eclipse/jetty/jetty-http/11.0.15/jetty-http-11.0.15.jar:/home/runner/.m2/repository/org/eclipse/jetty/jetty-io/11.0.15/jetty-io-11.0.15.jar:/home/runner/.m2/repository/org/eclipse/jetty/jetty-servlet/11.0.15/jetty-servlet-11.0.15.jar:/home/runner/.m2/repository/org/eclipse/jetty/jetty-security/11.0.15/jetty-security-11.0.15.jar:/home/runner/.m2/repository/org/eclipse/jetty/jetty-servlets/11.0.15/jetty-servlets-11.0.15.jar:/home/runner/.m2/repository/org/eclipse/jetty/jetty-util/11.0.15/jetty-util-11.0.15.jar:/home/runner/.m2/repository/org/eclipse/jetty/jetty-webapp/11.0.15/jetty-webapp-11.0.15.jar:/home/runner/.m2/repository/org/eclipse/jetty/jetty-xml/11.0.15/jetty-xml-11.0.15.jar:/home/runner/.m2/repository/org/eclipse/jetty/jetty-proxy/11.0.15/jetty-proxy-11.0.15.jar:/home/runner/.m2/repository/org/eclipse/jetty/jetty-client/11.0.15/jetty-client-11.0.15.jar:/home/runner/.m2/repository/org/eclipse/jetty/http2/http2-server/11.0.15/http2-server-11.0.15.jar:/home/runner/.m2/repository/org/eclipse/jetty/http2/http2-common/11.0.15/http2-common-11.0.15.jar:/home/runner/.m2/repository/org/eclipse/jetty/http2/http2-hpack/11.0.15/http2-hpack-11.0.15.jar:/home/runner/.m2/repository/org/eclipse/jetty/jetty-alpn-server/11.0.15/jetty-alpn-server-11.0.15.jar:/home/runner/.m2/repository/org/eclipse/jetty/jetty-alpn-java-server/11.0.15/jetty-alpn-java-server-11.0.15.jar:/home/runner/.m2/repository/org/eclipse/jetty/jetty-alpn-java-client/11.0.15/jetty-alpn-java-client-11.0.15.jar:/home/runner/.m2/repository/org/eclipse/jetty/jetty-alpn-client/11.0.15/jetty-alpn-client-11.0.15.jar:/home/runner/.m2/repository/org/apache/httpcomponents/client5/httpclient5/5.2.1/httpclient5-5.2.1.jar:/home/runner/.m2/repository/org/apache/httpcomponents/core5/httpcore5/5.2/httpcore5-5.2.jar:/home/runner/.m2/repository/org/apache/httpcomponents/core5/httpcore5-h2/5.2/httpcore5-h2-5.2.jar:/home/runner/.m2/repository/org/xmlunit/xmlunit-core/2.9.1/xmlunit-core-2.9.1.jar:/home/runner/.m2/repository/jakarta/xml/bind/jakarta.xml.bind-api/4.0.2/jakarta.xml.bind-api-4.0.2.jar:/home/runner/.m2/repository/org/xmlunit/xmlunit-legacy/2.9.1/xmlunit-legacy-2.9.1.jar:/home/runner/.m2/repository/org/xmlunit/xmlunit-placeholders/2.9.1/xmlunit-placeholders-2.9.1.jar:/home/runner/.m2/repository/net/javacrumbs/json-unit/json-unit-core/2.38.0/json-unit-core-2.38.0.jar:/home/runner/.m2/repository/com/jayway/jsonpath/json-path/2.8.0/json-path-2.8.0.jar:/home/runner/.m2/repository/net/minidev/json-smart/2.4.10/json-smart-2.4.10.jar:/home/runner/.m2/repository/net/minidev/accessors-smart/2.4.9/accessors-smart-2.4.9.jar:/home/runner/.m2/repository/org/ow2/asm/asm/9.7.1/asm-9.7.1.jar:/home/runner/.m2/repository/net/sf/jopt-simple/jopt-simple/5.0.4/jopt-simple-5.0.4.jar:/home/runner/.m2/repository/com/github/jknack/handlebars/4.3.1/handlebars-4.3.1.jar:/home/runner/.m2/repository/com/github/jknack/handlebars-helpers/4.3.1/handlebars-helpers-4.3.1.jar:/home/runner/.m2/repository/commons-fileupload/commons-fileupload/1.5/commons-fileupload-1.5.jar:/home/runner/.m2/repository/com/networknt/json-schema-validator/1.5.5/json-schema-validator-1.5.5.jar:/home/runner/.m2/repository/com/ethlo/time/itu/1.10.3/itu-1.10.3.jar:/home/runner/.m2/repository/io/quarkus/quarkus-smallrye-jwt-build/3.20.1/quarkus-smallrye-jwt-build-3.20.1.jar:/home/runner/.m2/repository/io/smallrye/smallrye-jwt-build/4.6.1/smallrye-jwt-build-4.6.1.jar:/home/runner/.m2/repository/org/eclipse/microprofile/jwt/microprofile-jwt-auth-api/2.1/microprofile-jwt-auth-api-2.1.jar:/home/runner/.m2/repository/org/bitbucket/b_c/jose4j/0.9.6/jose4j-0.9.6.jar:/home/runner/.m2/repository/io/smallrye/smallrye-jwt-common/4.6.1/smallrye-jwt-common-4.6.1.jar:/home/runner/.m2/repository/io/quarkus/quarkus-jsonp/3.20.1/quarkus-jsonp-3.20.1.jar:/home/runner/.m2/repository/io/quarkus/quarkus-arc/3.20.1/quarkus-arc-3.20.1.jar:/home/runner/.m2/repository/io/quarkus/arc/arc/3.20.1/arc-3.20.1.jar:/home/runner/.m2/repository/jakarta/transaction/jakarta.transaction-api/2.0.1/jakarta.transaction-api-2.0.1.jar:/home/runner/.m2/repository/io/smallrye/reactive/mutiny/2.8.0/mutiny-2.8.0.jar:/home/runner/.m2/repository/org/jctools/jctools-core/4.0.5/jctools-core-4.0.5.jar:/home/runner/.m2/repository/org/eclipse/microprofile/context-propagation/microprofile-context-propagation-api/1.3/microprofile-context-propagation-api-1.3.jar:/home/runner/.m2/repository/io/apicurio/apicurio-common-rest-client-common/0.1.18.Final/apicurio-common-rest-client-common-0.1.18.Final.jar:/home/runner/work/apicurio-testing/apicurio-testing/clusters/ci419/namespaces/inmemory/tests/integration/apicurio-registry/utils/maven-plugin/target/apicurio-registry-maven-plugin-3.0.11-SNAPSHOT.jar:/home/runner/.m2/repository/com/fasterxml/jackson/core/jackson-databind/2.18.2/jackson-databind-2.18.2.jar:/home/runner/.m2/repository/org/apache/avro/avro/1.12.0/avro-1.12.0.jar:/home/runner/.m2/repository/com/google/protobuf/protobuf-java/4.31.1/protobuf-java-4.31.1.jar:/home/runner/.m2/repository/com/google/protobuf/protobuf-java-util/4.31.1/protobuf-java-util-4.31.1.jar:/home/runner/.m2/repository/com/google/code/findbugs/jsr305/3.0.2/jsr305-3.0.2.jar:/home/runner/.m2/repository/com/google/code/gson/gson/2.12.1/gson-2.12.1.jar:/home/runner/.m2/repository/com/google/errorprone/error_prone_annotations/2.36.0/error_prone_annotations-2.36.0.jar:/home/runner/.m2/repository/com/google/j2objc/j2objc-annotations/2.8/j2objc-annotations-2.8.jar:/home/runner/work/apicurio-testing/apicurio-testing/clusters/ci419/namespaces/inmemory/tests/integration/apicurio-registry/schema-util/util-provider/target/apicurio-registry-schema-util-provider-3.0.11-SNAPSHOT.jar:/home/runner/work/apicurio-testing/apicurio-testing/clusters/ci419/namespaces/inmemory/tests/integration/apicurio-registry/schema-util/common/target/apicurio-registry-schema-util-common-3.0.11-SNAPSHOT.jar:/home/runner/.m2/repository/com/fasterxml/jackson/module/jackson-module-parameter-names/2.18.2/jackson-module-parameter-names-2.18.2.jar:/home/runner/.m2/repository/com/fasterxml/jackson/datatype/jackson-datatype-json-org/2.18.2/jackson-datatype-json-org-2.18.2.jar:/home/runner/work/apicurio-testing/apicurio-testing/clusters/ci419/namespaces/inmemory/tests/integration/apicurio-registry/schema-util/json/target/apicurio-registry-schema-util-json-3.0.11-SNAPSHOT.jar:/home/runner/.m2/repository/com/github/erosb/everit-json-schema/1.14.5/everit-json-schema-1.14.5.jar:/home/runner/.m2/repository/commons-validator/commons-validator/1.9.0/commons-validator-1.9.0.jar:/home/runner/.m2/repository/commons-digester/commons-digester/2.1/commons-digester-2.1.jar:/home/runner/.m2/repository/commons-collections/commons-collections/3.2.2/commons-collections-3.2.2.jar:/home/runner/.m2/repository/com/damnhandy/handy-uri-templates/2.1.8/handy-uri-templates-2.1.8.jar:/home/runner/.m2/repository/joda-time/joda-time/2.10.2/joda-time-2.10.2.jar:/home/runner/.m2/repository/com/github/erosb/json-sKema/0.20.0/json-sKema-0.20.0.jar:/home/runner/.m2/repository/io/vertx/vertx-json-schema/4.5.14/vertx-json-schema-4.5.14.jar:/home/runner/work/apicurio-testing/apicurio-testing/clusters/ci419/namespaces/inmemory/tests/integration/apicurio-registry/schema-util/protobuf/target/apicurio-registry-schema-util-protobuf-3.0.11-SNAPSHOT.jar:/home/runner/work/apicurio-testing/apicurio-testing/clusters/ci419/namespaces/inmemory/tests/integration/apicurio-registry/utils/protobuf-schema-utilities/target/apicurio-registry-protobuf-schema-utilities-3.0.11-SNAPSHOT.jar:/home/runner/.m2/repository/com/google/api/grpc/proto-google-common-protos/2.52.0/proto-google-common-protos-2.52.0.jar:/home/runner/.m2/repository/com/squareup/wire/wire-schema-jvm/5.3.3/wire-schema-jvm-5.3.3.jar:/home/runner/.m2/repository/com/palantir/javapoet/javapoet/0.6.0/javapoet-0.6.0.jar:/home/runner/.m2/repository/com/squareup/kotlinpoet-jvm/2.0.0/kotlinpoet-jvm-2.0.0.jar:/home/runner/.m2/repository/org/jetbrains/kotlin/kotlin-reflect/2.0.21/kotlin-reflect-2.0.21.jar:/home/runner/.m2/repository/com/squareup/wire/wire-runtime-jvm/5.3.3/wire-runtime-jvm-5.3.3.jar:/home/runner/.m2/repository/com/ibm/icu/icu4j/76.1/icu4j-76.1.jar:/home/runner/.m2/repository/com/squareup/okio/okio-fakefilesystem/3.10.2/okio-fakefilesystem-3.10.2.jar:/home/runner/.m2/repository/com/squareup/okio/okio-fakefilesystem-jvm/3.10.2/okio-fakefilesystem-jvm-3.10.2.jar:/home/runner/.m2/repository/org/jetbrains/kotlinx/kotlinx-datetime-jvm/0.6.1/kotlinx-datetime-jvm-0.6.1.jar:/home/runner/work/apicurio-testing/apicurio-testing/clusters/ci419/namespaces/inmemory/tests/integration/apicurio-registry/schema-util/asyncapi/target/apicurio-registry-schema-util-asyncapi-3.0.11-SNAPSHOT.jar:/home/runner/work/apicurio-testing/apicurio-testing/clusters/ci419/namespaces/inmemory/tests/integration/apicurio-registry/schema-util/avro/target/apicurio-registry-schema-util-avro-3.0.11-SNAPSHOT.jar:/home/runner/work/apicurio-testing/apicurio-testing/clusters/ci419/namespaces/inmemory/tests/integration/apicurio-registry/schema-util/graphql/target/apicurio-registry-schema-util-graphql-3.0.11-SNAPSHOT.jar:/home/runner/.m2/repository/com/graphql-java/graphql-java/22.3/graphql-java-22.3.jar:/home/runner/.m2/repository/com/graphql-java/java-dataloader/3.3.0/java-dataloader-3.3.0.jar:/home/runner/work/apicurio-testing/apicurio-testing/clusters/ci419/namespaces/inmemory/tests/integration/apicurio-registry/schema-util/kconnect/target/apicurio-registry-schema-util-kconnect-3.0.11-SNAPSHOT.jar:/home/runner/work/apicurio-testing/apicurio-testing/clusters/ci419/namespaces/inmemory/tests/integration/apicurio-registry/schema-util/openapi/target/apicurio-registry-schema-util-openapi-3.0.11-SNAPSHOT.jar:/home/runner/.m2/repository/io/apicurio/apicurio-data-models/2.2.1/apicurio-data-models-2.2.1.jar:/home/runner/.m2/repository/org/openapitools/openapidiff/openapi-diff-core/2.1.2/openapi-diff-core-2.1.2.jar:/home/runner/.m2/repository/io/swagger/parser/v3/swagger-parser/2.1.28/swagger-parser-2.1.28.jar:/home/runner/.m2/repository/io/swagger/parser/v3/swagger-parser-v2-converter/2.1.28/swagger-parser-v2-converter-2.1.28.jar:/home/runner/.m2/repository/io/swagger/swagger-core/1.6.16/swagger-core-1.6.16.jar:/home/runner/.m2/repository/io/swagger/swagger-models/1.6.16/swagger-models-1.6.16.jar:/home/runner/.m2/repository/io/swagger/swagger-annotations/1.6.16/swagger-annotations-1.6.16.jar:/home/runner/.m2/repository/io/swagger/swagger-parser/1.0.75/swagger-parser-1.0.75.jar:/home/runner/.m2/repository/io/swagger/swagger-parser-safe-url-resolver/1.0.75/swagger-parser-safe-url-resolver-1.0.75.jar:/home/runner/.m2/repository/io/swagger/swagger-compat-spec-parser/1.0.75/swagger-compat-spec-parser-1.0.75.jar:/home/runner/.m2/repository/com/github/java-json-tools/json-schema-validator/2.2.14/json-schema-validator-2.2.14.jar:/home/runner/.m2/repository/com/github/java-json-tools/jackson-coreutils-equivalence/1.0/jackson-coreutils-equivalence-1.0.jar:/home/runner/.m2/repository/com/github/java-json-tools/json-schema-core/1.2.14/json-schema-core-1.2.14.jar:/home/runner/.m2/repository/com/github/java-json-tools/uri-template/0.10/uri-template-0.10.jar:/home/runner/.m2/repository/com/googlecode/libphonenumber/libphonenumber/8.11.1/libphonenumber-8.11.1.jar:/home/runner/.m2/repository/com/j2html/j2html/1.6.0/j2html-1.6.0.jar:/home/runner/.m2/repository/org/apache/commons/commons-collections4/4.5.0/commons-collections4-4.5.0.jar:/home/runner/.m2/repository/org/apache/commons/commons-configuration2/2.12.0/commons-configuration2-2.12.0.jar:/home/runner/.m2/repository/org/apache/commons/commons-text/1.13.0/commons-text-1.13.0.jar:/home/runner/.m2/repository/org/slf4j/jcl-over-slf4j/2.0.17/jcl-over-slf4j-2.0.17.jar:/home/runner/.m2/repository/io/swagger/parser/v3/swagger-parser-v3/2.1.30/swagger-parser-v3-2.1.30.jar:/home/runner/.m2/repository/io/swagger/core/v3/swagger-models/2.2.34/swagger-models-2.2.34.jar:/home/runner/.m2/repository/io/swagger/core/v3/swagger-core/2.2.34/swagger-core-2.2.34.jar:/home/runner/.m2/repository/io/swagger/parser/v3/swagger-parser-core/2.1.30/swagger-parser-core-2.1.30.jar:/home/runner/.m2/repository/io/swagger/parser/v3/swagger-parser-safe-url-resolver/2.1.30/swagger-parser-safe-url-resolver-2.1.30.jar:/home/runner/work/apicurio-testing/apicurio-testing/clusters/ci419/namespaces/inmemory/tests/integration/apicurio-registry/schema-util/wsdl/target/apicurio-registry-schema-util-wsdl-3.0.11-SNAPSHOT.jar:/home/runner/.m2/repository/wsdl4j/wsdl4j/1.6.3/wsdl4j-1.6.3.jar:/home/runner/work/apicurio-testing/apicurio-testing/clusters/ci419/namespaces/inmemory/tests/integration/apicurio-registry/schema-util/xml/target/apicurio-registry-schema-util-xml-3.0.11-SNAPSHOT.jar:/home/runner/.m2/repository/org/apache/santuario/xmlsec/4.0.3/xmlsec-4.0.3.jar:/home/runner/.m2/repository/com/fasterxml/woodstox/woodstox-core/7.1.0/woodstox-core-7.1.0.jar:/home/runner/.m2/repository/org/codehaus/woodstox/stax2-api/4.2.2/stax2-api-4.2.2.jar:/home/runner/work/apicurio-testing/apicurio-testing/clusters/ci419/namespaces/inmemory/tests/integration/apicurio-registry/schema-util/xsd/target/apicurio-registry-schema-util-xsd-3.0.11-SNAPSHOT.jar:/home/runner/work/apicurio-testing/apicurio-testing/clusters/ci419/namespaces/inmemory/tests/integration/apicurio-registry/serdes/kafka/jsonschema-serde/target/apicurio-registry-jsonschema-serde-kafka-3.0.11-SNAPSHOT.jar:/home/runner/work/apicurio-testing/apicurio-testing/clusters/ci419/namespaces/inmemory/tests/integration/apicurio-registry/serdes/kafka/serde-kafka-common/target/apicurio-registry-serde-kafka-common-3.0.11-SNAPSHOT.jar:/home/runner/work/apicurio-testing/apicurio-testing/clusters/ci419/namespaces/inmemory/tests/integration/apicurio-registry/serdes/generic/serde-common/target/apicurio-registry-serde-common-3.0.11-SNAPSHOT.jar:/home/runner/work/apicurio-testing/apicurio-testing/clusters/ci419/namespaces/inmemory/tests/integration/apicurio-registry/serdes/generic/serde-common-jsonschema/target/apicurio-registry-serde-common-jsonschema-3.0.11-SNAPSHOT.jar:/home/runner/.m2/repository/org/json/json/20250107/json-20250107.jar:/home/runner/work/apicurio-testing/apicurio-testing/clusters/ci419/namespaces/inmemory/tests/integration/apicurio-registry/serdes/kafka/avro-serde/target/apicurio-registry-avro-serde-kafka-3.0.11-SNAPSHOT.jar:/home/runner/work/apicurio-testing/apicurio-testing/clusters/ci419/namespaces/inmemory/tests/integration/apicurio-registry/serdes/generic/serde-common-avro/target/apicurio-registry-serde-common-avro-3.0.11-SNAPSHOT.jar:/home/runner/work/apicurio-testing/apicurio-testing/clusters/ci419/namespaces/inmemory/tests/integration/apicurio-registry/serdes/kafka/protobuf-serde/target/apicurio-registry-protobuf-serde-kafka-3.0.11-SNAPSHOT.jar:/home/runner/work/apicurio-testing/apicurio-testing/clusters/ci419/namespaces/inmemory/tests/integration/apicurio-registry/serdes/generic/serde-common-protobuf/target/apicurio-registry-serde-common-protobuf-3.0.11-SNAPSHOT.jar:/home/runner/.m2/repository/com/squareup/wire/wire-schema/5.3.3/wire-schema-5.3.3.jar:/home/runner/.m2/repository/com/squareup/wire/wire-runtime/5.3.3/wire-runtime-5.3.3.jar:/home/runner/work/apicurio-testing/apicurio-testing/clusters/ci419/namespaces/inmemory/tests/integration/apicurio-registry/serdes/pulsar/avro-serde/target/apicurio-registry-avro-serde-pulsar-3.0.11-SNAPSHOT.jar:/home/runner/.m2/repository/org/apache/pulsar/pulsar-functions-api/3.3.4/pulsar-functions-api-3.3.4.jar:/home/runner/work/apicurio-testing/apicurio-testing/clusters/ci419/namespaces/inmemory/tests/integration/apicurio-registry/serdes/nats/avro-serde/target/apicurio-registry-avro-serde-nats-3.0.11-SNAPSHOT.jar:/home/runner/.m2/repository/io/nats/jnats/2.20.5/jnats-2.20.5.jar:/home/runner/.m2/repository/net/i2p/crypto/eddsa/0.3.0/eddsa-0.3.0.jar:/home/runner/work/apicurio-testing/apicurio-testing/clusters/ci419/namespaces/inmemory/tests/integration/apicurio-registry/utils/converter/target/apicurio-registry-utils-converter-3.0.11-SNAPSHOT.jar:/home/runner/work/apicurio-testing/apicurio-testing/clusters/ci419/namespaces/inmemory/tests/integration/apicurio-registry/schema-resolver/target/apicurio-registry-schema-resolver-3.0.11-SNAPSHOT.jar:/home/runner/.m2/repository/org/apache/kafka/connect-api/3.9.1/connect-api-3.9.1.jar:/home/runner/.m2/repository/javax/ws/rs/javax.ws.rs-api/2.1.1/javax.ws.rs-api-2.1.1.jar:/home/runner/.m2/repository/org/apache/kafka/connect-json/3.9.1/connect-json-3.9.1.jar:/home/runner/.m2/repository/com/fasterxml/jackson/datatype/jackson-datatype-jdk8/2.18.2/jackson-datatype-jdk8-2.18.2.jar:/home/runner/.m2/repository/com/fasterxml/jackson/module/jackson-module-afterburner/2.18.2/jackson-module-afterburner-2.18.2.jar:/home/runner/work/apicurio-testing/apicurio-testing/clusters/ci419/namespaces/inmemory/tests/integration/apicurio-registry/utils/kafka/target/apicurio-registry-utils-kafka-3.0.11-SNAPSHOT.jar:/home/runner/.m2/repository/org/apache/pulsar/pulsar-client/3.3.4/pulsar-client-3.3.4.jar:/home/runner/.m2/repository/org/apache/pulsar/pulsar-client-api/3.3.4/pulsar-client-api-3.3.4.jar:/home/runner/.m2/repository/org/apache/pulsar/pulsar-client-admin-api/3.3.4/pulsar-client-admin-api-3.3.4.jar:/home/runner/.m2/repository/org/apache/pulsar/bouncy-castle-bc/3.3.4/bouncy-castle-bc-3.3.4-pkg.jar:/home/runner/.m2/repository/org/bouncycastle/bcpkix-jdk18on/1.80/bcpkix-jdk18on-1.80.jar:/home/runner/.m2/repository/org/bouncycastle/bcutil-jdk18on/1.80/bcutil-jdk18on-1.80.jar:/home/runner/.m2/repository/org/bouncycastle/bcprov-jdk18on/1.80/bcprov-jdk18on-1.80.jar:/home/runner/.m2/repository/io/opentelemetry/opentelemetry-api/1.44.1/opentelemetry-api-1.44.1.jar:/home/runner/.m2/repository/io/opentelemetry/opentelemetry-context/1.44.1/opentelemetry-context-1.44.1.jar:/home/runner/.m2/repository/io/opentelemetry/opentelemetry-api-incubator/1.44.1-alpha/opentelemetry-api-incubator-1.44.1-alpha.jar:/home/runner/.m2/repository/com/fasterxml/jackson/core/jackson-annotations/2.18.2/jackson-annotations-2.18.2.jar:/home/runner/.m2/repository/javax/validation/validation-api/1.1.0.Final/validation-api-1.1.0.Final.jar:/home/runner/.m2/repository/io/confluent/kafka-avro-serializer/8.0.0/kafka-avro-serializer-8.0.0.jar:/home/runner/.m2/repository/org/apache/commons/commons-compress/1.27.1/commons-compress-1.27.1.jar:/home/runner/.m2/repository/io/confluent/kafka-schema-serializer/8.0.0/kafka-schema-serializer-8.0.0.jar:/home/runner/.m2/repository/com/fasterxml/jackson/dataformat/jackson-dataformat-csv/2.18.2/jackson-dataformat-csv-2.18.2.jar:/home/runner/.m2/repository/io/confluent/kafka-schema-registry-client/8.0.0/kafka-schema-registry-client-8.0.0.jar:/home/runner/.m2/repository/org/yaml/snakeyaml/2.3/snakeyaml-2.3.jar:/home/runner/.m2/repository/io/swagger/core/v3/swagger-annotations/2.2.29/swagger-annotations-2.2.29.jar:/home/runner/.m2/repository/com/google/guava/guava/33.4.0-jre/guava-33.4.0-jre.jar:/home/runner/.m2/repository/com/google/guava/failureaccess/1.0.1/failureaccess-1.0.1.jar:/home/runner/.m2/repository/org/checkerframework/checker-qual/3.49.0/checker-qual-3.49.0.jar:/home/runner/.m2/repository/io/confluent/logredactor/1.0.13/logredactor-1.0.13.jar:/home/runner/.m2/repository/com/google/re2j/re2j/1.6/re2j-1.6.jar:/home/runner/.m2/repository/io/confluent/logredactor-metrics/1.0.13/logredactor-metrics-1.0.13.jar:/home/runner/.m2/repository/com/eclipsesource/minimal-json/minimal-json/0.9.5/minimal-json-0.9.5.jar:/home/runner/.m2/repository/io/confluent/common-utils/8.0.0/common-utils-8.0.0.jar:/home/runner/.m2/repository/io/confluent/kafka-connect-avro-converter/8.0.0/kafka-connect-avro-converter-8.0.0.jar:/home/runner/.m2/repository/io/confluent/kafka-connect-avro-data/8.0.0/kafka-connect-avro-data-8.0.0.jar:/home/runner/.m2/repository/io/confluent/kafka-schema-converter/8.0.0/kafka-schema-converter-8.0.0.jar:/home/runner/.m2/repository/io/rest-assured/rest-assured/5.5.1/rest-assured-5.5.1.jar:/home/runner/.m2/repository/org/apache/groovy/groovy/4.0.22/groovy-4.0.22.jar:/home/runner/.m2/repository/org/apache/groovy/groovy-xml/4.0.22/groovy-xml-4.0.22.jar:/home/runner/.m2/repository/org/apache/httpcomponents/httpclient/4.5.14/httpclient-4.5.14.jar:/home/runner/.m2/repository/org/apache/httpcomponents/httpcore/4.4.16/httpcore-4.4.16.jar:/home/runner/.m2/repository/org/apache/httpcomponents/httpmime/4.5.14/httpmime-4.5.14.jar:/home/runner/.m2/repository/org/hamcrest/hamcrest/2.2/hamcrest-2.2.jar:/home/runner/.m2/repository/org/ccil/cowan/tagsoup/tagsoup/1.2.1/tagsoup-1.2.1.jar:/home/runner/.m2/repository/io/rest-assured/json-path/5.5.1/json-path-5.5.1.jar:/home/runner/.m2/repository/org/apache/groovy/groovy-json/4.0.22/groovy-json-4.0.22.jar:/home/runner/.m2/repository/io/rest-assured/rest-assured-common/5.5.1/rest-assured-common-5.5.1.jar:/home/runner/.m2/repository/io/rest-assured/xml-path/5.5.1/xml-path-5.5.1.jar:/home/runner/.m2/repository/io/zonky/test/embedded-postgres/2.1.0/embedded-postgres-2.1.0.jar:/home/runner/.m2/repository/io/zonky/test/postgres/embedded-postgres-binaries-windows-amd64/14.15.0/embedded-postgres-binaries-windows-amd64-14.15.0.jar:/home/runner/.m2/repository/io/zonky/test/postgres/embedded-postgres-binaries-darwin-amd64/14.15.0/embedded-postgres-binaries-darwin-amd64-14.15.0.jar:/home/runner/.m2/repository/io/zonky/test/postgres/embedded-postgres-binaries-linux-amd64/14.15.0/embedded-postgres-binaries-linux-amd64-14.15.0.jar:/home/runner/.m2/repository/io/zonky/test/postgres/embedded-postgres-binaries-linux-amd64-alpine/14.15.0/embedded-postgres-binaries-linux-amd64-alpine-14.15.0.jar:/home/runner/.m2/repository/org/apache/commons/commons-lang3/3.17.0/commons-lang3-3.17.0.jar:/home/runner/.m2/repository/org/tukaani/xz/1.10/xz-1.10.jar:/home/runner/.m2/repository/commons-codec/commons-codec/1.18.0/commons-codec-1.18.0.jar:/home/runner/.m2/repository/org/postgresql/postgresql/42.7.5/postgresql-42.7.5.jar:/home/runner/.m2/repository/commons-io/commons-io/2.18.0/commons-io-2.18.0.jar:/home/runner/work/apicurio-testing/apicurio-testing/clusters/ci419/namespaces/inmemory/tests/integration/apicurio-registry/utils/importexport/target/apicurio-registry-utils-import-export-3.0.11-SNAPSHOT.jar:/home/runner/.m2/repository/io/vertx/vertx-core/4.5.14/vertx-core-4.5.14.jar:/home/runner/.m2/repository/io/netty/netty-common/4.1.119.Final/netty-common-4.1.119.Final.jar:/home/runner/.m2/repository/io/netty/netty-buffer/4.1.119.Final/netty-buffer-4.1.119.Final.jar:/home/runner/.m2/repository/io/netty/netty-transport/4.1.119.Final/netty-transport-4.1.119.Final.jar:/home/runner/.m2/repository/io/netty/netty-handler/4.1.119.Final/netty-handler-4.1.119.Final.jar:/home/runner/.m2/repository/io/netty/netty-transport-native-unix-common/4.1.119.Final/netty-transport-native-unix-common-4.1.119.Final.jar:/home/runner/.m2/repository/io/netty/netty-codec/4.1.119.Final/netty-codec-4.1.119.Final.jar:/home/runner/.m2/repository/io/netty/netty-handler-proxy/4.1.119.Final/netty-handler-proxy-4.1.119.Final.jar:/home/runner/.m2/repository/io/netty/netty-codec-socks/4.1.119.Final/netty-codec-socks-4.1.119.Final.jar:/home/runner/.m2/repository/io/netty/netty-codec-http/4.1.119.Final/netty-codec-http-4.1.119.Final.jar:/home/runner/.m2/repository/io/netty/netty-codec-http2/4.1.119.Final/netty-codec-http2-4.1.119.Final.jar:/home/runner/.m2/repository/io/netty/netty-resolver/4.1.119.Final/netty-resolver-4.1.119.Final.jar:/home/runner/.m2/repository/io/netty/netty-resolver-dns/4.1.119.Final/netty-resolver-dns-4.1.119.Final.jar:/home/runner/.m2/repository/io/netty/netty-codec-dns/4.1.119.Final/netty-codec-dns-4.1.119.Final.jar:/home/runner/.m2/repository/com/fasterxml/jackson/core/jackson-core/2.18.2/jackson-core-2.18.2.jar:"/>
    <property name="sun.cpu.endian" value="little"/>
    <property name="user.home" value="/home/runner"/>
    <property name="user.language" value="en"/>
    <property name="jboss.log-version" value="false"/>
    <property name="java.specification.vendor" value="Oracle Corporation"/>
    <property name="java.version.date" value="2025-07-15"/>
    <property name="java.home" value="/usr/lib/jvm/temurin-17-jdk-amd64"/>
    <property name="file.separator" value="/"/>
    <property name="basedir" value="/home/runner/work/apicurio-testing/apicurio-testing/clusters/ci419/namespaces/inmemory/tests/integration/apicurio-registry/integration-tests"/>
    <property name="java.vm.compressedOopsMode" value="32-bit"/>
    <property name="line.separator" value="&#10;"/>
    <property name="java.specification.name" value="Java Platform API Specification"/>
    <property name="java.vm.specification.vendor" value="Oracle Corporation"/>
    <property name="quarkus.http.test-host" value="registry-app-inmemory.apps.ci419.apicurio-testing.org"/>
    <property name="surefire.real.class.path" value="/home/runner/work/apicurio-testing/apicurio-testing/clusters/ci419/namespaces/inmemory/tests/integration/apicurio-registry/integration-tests/target/surefire/surefirebooter-20250731203944216_3.jar"/>
    <property name="sun.management.compiler" value="HotSpot 64-Bit Tiered Compilers"/>
    <property name="org.eclipse.jetty.http.HttpGenerator.STRICT" value="true"/>
    <property name="java.runtime.version" value="17.0.16+8"/>
    <property name="user.name" value="runner"/>
    <property name="path.separator" value=":"/>
    <property name="os.version" value="6.8.0-1031-azure"/>
    <property name="java.runtime.name" value="OpenJDK Runtime Environment"/>
    <property name="file.encoding" value="UTF-8"/>
    <property name="jnidispatch.path" value="/home/runner/.cache/JNA/temp/jna7807757697447597983.tmp"/>
    <property name="java.vm.name" value="OpenJDK 64-Bit Server VM"/>
    <property name="jna.platform.library.path" value="/usr/lib/x86_64-linux-gnu:/lib/x86_64-linux-gnu:/usr/lib64:/lib64:/usr/lib:/lib:/lib32:/usr/local/lib:/usr/lib/x86_64-linux-gnu/libfakeroot"/>
    <property name="java.vendor.version" value="Temurin-17.0.16+8"/>
    <property name="quarkus.oidc.token-path" value="https://keycloak-inmemory.apps.ci419.apicurio-testing.org/realms/registry/protocol/openid-connect/token"/>
    <property name="quarkus.http.host" value="registry-app-inmemory.apps.ci419.apicurio-testing.org"/>
    <property name="localRepository" value="/home/runner/.m2/repository"/>
    <property name="javax.xml.xpath.XPathFactory:http://java.sun.com/jaxp/xpath/dom" value="com.sun.org.apache.xpath.internal.jaxp.XPathFactoryImpl"/>
    <property name="jna.loaded" value="true"/>
    <property name="java.vendor.url.bug" value="https://github.com/adoptium/adoptium-support/issues"/>
    <property name="jetty.git.hash" value="5bc5e562c8d05c5862505aebe5cf83a61bdbcb96"/>
    <property name="java.io.tmpdir" value="/tmp"/>
    <property name="quarkus.http.test-protocol" value="http"/>
    <property name="java.version" value="17.0.16"/>
    <property name="user.dir" value="/home/runner/work/apicurio-testing/apicurio-testing/clusters/ci419/namespaces/inmemory/tests/integration/apicurio-registry/integration-tests"/>
    <property name="os.arch" value="amd64"/>
    <property name="groups" value="( smoke | serdes | acceptance | ui)"/>
    <property name="java.vm.specification.name" value="Java Virtual Machine Specification"/>
    <property name="native.encoding" value="UTF-8"/>
    <property name="java.util.logging.manager" value="org.jboss.logmanager.LogManager"/>
    <property name="java.library.path" value="/usr/java/packages/lib:/usr/lib64:/lib64:/lib:/usr/lib"/>
    <property name="jdk.console" value="java.base"/>
    <property name="java.vm.info" value="mixed mode, sharing"/>
    <property name="java.vendor" value="Eclipse Adoptium"/>
    <property name="java.vm.version" value="17.0.16+8"/>
    <property name="java.specification.maintenance.version" value="1"/>
    <property name="sun.io.unicode.encoding" value="UnicodeLittle"/>
    <property name="javax.xml.transform.TransformerFactory" value="com.sun.org.apache.xalan.internal.xsltc.trax.TransformerFactoryImpl"/>
    <property name="java.class.version" value="61.0"/>
  </properties>
  <testcase name="testEvolveAvroConfluent" classname="io.apicurio.tests.serdes.confluent.BasicConfluentSerDesIT" time="4.321">
    <system-out><![CDATA[**** Registry Base URL: http://registry-app-inmemory.apps.ci419.apicurio-testing.org:80
**** Registry Base URL: http://registry-app-inmemory.apps.ci419.apicurio-testing.org:80
2025-07-31 20:41:44,748 INFO  [io.api.tes.ser.con.BasicConfluentSerDesIT] (main) RestAssured configured with http://registry-app-inmemory.apps.ci419.apicurio-testing.org:80/apis/registry/v3
**** Registry Base URL: http://registry-app-inmemory.apps.ci419.apicurio-testing.org:80
2025-07-31 20:41:45,032 INFO  [io.api.tes.ser.con.BasicConfluentSerDesIT] (main) Deleting confluent schema subj_3d48d766_7f43_4df4_953e_5dfe591173fc-value
2025-07-31 20:41:45,048 INFO  [io.api.tes.ser.con.BasicConfluentSerDesIT] (main) Deleting confluent schema subj_bee73270_508b_41ad_9205_4beb516934b6-value
2025-07-31 20:41:45,055 INFO  [io.api.tes.ser.con.BasicConfluentSerDesIT] (main) Deleting confluent schema CUSTOMERS-key
2025-07-31 20:41:45,062 INFO  [io.api.tes.ser.con.BasicConfluentSerDesIT] (main) Deleting confluent schema CUSTOMERS.Value
2025-07-31 20:41:45,068 INFO  [io.api.tes.ser.con.BasicConfluentSerDesIT] (main) Deleting confluent schema CUSTOMERS-value
2025-07-31 20:41:45,075 INFO  [io.api.tes.ser.con.BasicConfluentSerDesIT] (main) Deleting confluent schema subj_95ff8cfb_2117_4261_85d3_03b5e9f205fc-value
2025-07-31 20:41:45,082 INFO  [io.api.tes.ser.con.BasicConfluentSerDesIT] (main) Deleting confluent schema topic-e0bc74ef_5e86_45ce_89cf_9d5c2da829b1-value
2025-07-31 20:41:45,088 INFO  [io.api.tes.ser.con.BasicConfluentSerDesIT] (main) Deleting confluent schema topic-dc067fb5_c2b5_4dc1_b016_26e3caf9cf05-value
2025-07-31 20:41:45,095 INFO  [io.api.tes.ser.con.BasicConfluentSerDesIT] (main) Deleting confluent schema topic-a5606abf_c166_4a01_aee9_ad152a9bb039-value
2025-07-31 20:41:45,126 INFO  [io.api.tes.ser.con.BasicConfluentSerDesIT] (main) Deleting confluent schema topic-32e12343_6cd2_42fa_a992_f1d7189f1a1b-value
2025-07-31 20:41:45,132 INFO  [io.api.tes.ser.con.BasicConfluentSerDesIT] (main) Deleting confluent schema topic-bec9a6b0_6994_4489_997d_96ae5e927ef3-value
2025-07-31 20:41:45,142 INFO  [io.api.tes.ser.con.BasicConfluentSerDesIT] (main) Deleting confluent schema topic-1087eb99_afea_432a_afe6_030103021dca-value
2025-07-31 20:41:45,148 INFO  [io.api.tes.ser.con.BasicConfluentSerDesIT] (main) Deleting confluent schema myrecordconfluent
2025-07-31 20:41:45,155 INFO  [io.api.tes.ser.con.BasicConfluentSerDesIT] (main) Deleting confluent schema topic-45572f2a_cd4f_4d7c_9b72_c61b8e992a40
2025-07-31 20:41:45,161 INFO  [io.api.tes.ser.con.BasicConfluentSerDesIT] (main) Deleting confluent schema topic-99be4973_44e1_4421_b785_5f3ef7dd0670-value
2025-07-31 20:41:45,167 INFO  [io.api.tes.ser.con.BasicConfluentSerDesIT] (main) Deleting confluent schema topic-7e2bc443_5395_484d_a1da_706a16114e79
2025-07-31 20:41:45,173 INFO  [io.api.tes.ser.con.BasicConfluentSerDesIT] (main) Deleting confluent schema topic-3bb3e487_673e_4c74_9632_ff69ab710e7e-value
2025-07-31 20:41:45,179 INFO  [io.api.tes.ser.con.BasicConfluentSerDesIT] (main) Deleting confluent schema topic-06bee75f_1121_410a_b85a_8e8875aeaae1
2025-07-31 20:41:45,225 INFO  [io.api.tes.ser.con.BasicConfluentSerDesIT] (main) Deleting confluent schema topic-646a47a5_3389_4aaa_8f7f_599b12627c1d
2025-07-31 20:41:45,231 INFO  [io.api.tes.ser.con.BasicConfluentSerDesIT] (main) Deleting confluent schema topic-974b62b8_5006_4aea_99d1_acfe284bb98a-value
2025-07-31 20:41:45,241 INFO  [io.api.tes.ser.con.BasicConfluentSerDesIT] (main) Deleting confluent schema s272d0359x97cax4cb0xb58cx0bc9fa0dc64a-value
2025-07-31 20:41:45,248 INFO  [io.api.tes.ser.con.BasicConfluentSerDesIT] (main) Deleting confluent schema google/protobuf/timestamp.proto
2025-07-31 20:41:45,254 INFO  [io.api.tes.ser.con.BasicConfluentSerDesIT] (main) Deleting confluent schema topic-5dfbb3ce_0c92_4c97_8d80_82a0c7aee026-value
2025-07-31 20:41:45,262 INFO  [io.api.tes.ser.con.BasicConfluentSerDesIT] (main) Deleting confluent schema topic-d6c09c66_2d9e_456b_8f1c_cc8d6d048969-value
2025-07-31 20:41:45,268 INFO  [io.api.tes.ser.con.BasicConfluentSerDesIT] (main) Deleting confluent schema s1f5d8653x58d8x4b80x9e01xff894c86c9fd-value
2025-07-31 20:41:45,274 INFO  [io.api.tes.ser.con.BasicConfluentSerDesIT] (main) Deleting confluent schema topic-ed45ada5_8ac8_4cc7_9f56_11dbd12e0aa2-value
2025-07-31 20:41:45,280 INFO  [io.api.tes.ser.con.BasicConfluentSerDesIT] (main) Deleting confluent schema s0b1b6a0bx81eex4911x909dxd7c528d08f35-value
2025-07-31 20:41:45,285 INFO  [io.api.tes.ser.con.BasicConfluentSerDesIT] (main) Deleting confluent schema topic-f252896e_ee2b_491f_a782_b9cfb07fb5e2-value
2025-07-31 20:41:45,324 INFO  [io.api.tes.ser.con.BasicConfluentSerDesIT] (main) Deleting confluent schema topic-d9316ab4_f8d8_4457_8457_cf2d3b468e04-value
2025-07-31 20:41:45,331 INFO  [io.api.tes.ser.con.BasicConfluentSerDesIT] (main) Deleting confluent schema topic-c013a3ae_8b6f_4840_9937_e211752855aa
2025-07-31 20:41:45,337 INFO  [io.api.tes.ser.con.BasicConfluentSerDesIT] (main) Deleting confluent schema topic-b5aa81da_37af_4c0b_a470_f17fc083ebac
2025-07-31 20:41:45,343 INFO  [io.api.tes.ser.con.BasicConfluentSerDesIT] (main) Deleting confluent schema topic-ecf3dbe4_bdf5_4497_98f1_8ee75b93a502-value
2025-07-31 20:41:45,348 INFO  [io.api.tes.ser.con.BasicConfluentSerDesIT] (main) Deleting confluent schema topic-16ab9c13_635a_4ca9_a750_b7410d886c4e-value
2025-07-31 20:41:45,355 INFO  [io.api.tes.ser.con.BasicConfluentSerDesIT] (main) Deleting confluent schema topic-169108fe_3dde_485d_969d_1530f1ef178f-value
2025-07-31 20:41:45,369 INFO  [io.api.tes.uti.KafkaFacade] (main) Skipping deployment of kafka, because it's already deployed
2025-07-31 20:41:45,371 INFO  [io.api.tes.uti.TestSeparator] (main) ############################################################################
2025-07-31 20:41:45,371 INFO  [io.api.tes.uti.TestSeparator] (main) io.apicurio.tests.serdes.confluent.BasicConfluentSerDesIT.testEvolveAvroConfluent-STARTED
2025-07-31 20:41:45,373 INFO  [org.apa.kaf.cli.adm.AdminClientConfig] (main) AdminClientConfig values: 
	auto.include.jmx.reporter = true
	bootstrap.controllers = []
	bootstrap.servers = [PLAINTEXT://localhost:32770]
	client.dns.lookup = use_all_dns_ips
	client.id = 
	connections.max.idle.ms = 10000
	default.api.timeout.ms = 60000
	enable.metrics.push = true
	metadata.max.age.ms = 300000
	metadata.recovery.strategy = none
	metric.reporters = []
	metrics.num.samples = 2
	metrics.recording.level = INFO
	metrics.sample.window.ms = 30000
	receive.buffer.bytes = 65536
	reconnect.backoff.max.ms = 1000
	reconnect.backoff.ms = 50
	request.timeout.ms = 5000
	retries = 2147483647
	retry.backoff.max.ms = 1000
	retry.backoff.ms = 100
	sasl.client.callback.handler.class = null
	sasl.jaas.config = null
	sasl.kerberos.kinit.cmd = /usr/bin/kinit
	sasl.kerberos.min.time.before.relogin = 60000
	sasl.kerberos.service.name = null
	sasl.kerberos.ticket.renew.jitter = 0.05
	sasl.kerberos.ticket.renew.window.factor = 0.8
	sasl.login.callback.handler.class = null
	sasl.login.class = null
	sasl.login.connect.timeout.ms = null
	sasl.login.read.timeout.ms = null
	sasl.login.refresh.buffer.seconds = 300
	sasl.login.refresh.min.period.seconds = 60
	sasl.login.refresh.window.factor = 0.8
	sasl.login.refresh.window.jitter = 0.05
	sasl.login.retry.backoff.max.ms = 10000
	sasl.login.retry.backoff.ms = 100
	sasl.mechanism = GSSAPI
	sasl.oauthbearer.clock.skew.seconds = 30
	sasl.oauthbearer.expected.audience = null
	sasl.oauthbearer.expected.issuer = null
	sasl.oauthbearer.header.urlencode = false
	sasl.oauthbearer.jwks.endpoint.refresh.ms = 3600000
	sasl.oauthbearer.jwks.endpoint.retry.backoff.max.ms = 10000
	sasl.oauthbearer.jwks.endpoint.retry.backoff.ms = 100
	sasl.oauthbearer.jwks.endpoint.url = null
	sasl.oauthbearer.scope.claim.name = scope
	sasl.oauthbearer.sub.claim.name = sub
	sasl.oauthbearer.token.endpoint.url = null
	security.protocol = PLAINTEXT
	security.providers = null
	send.buffer.bytes = 131072
	socket.connection.setup.timeout.max.ms = 30000
	socket.connection.setup.timeout.ms = 10000
	ssl.cipher.suites = null
	ssl.enabled.protocols = [TLSv1.2, TLSv1.3]
	ssl.endpoint.identification.algorithm = https
	ssl.engine.factory.class = null
	ssl.key.password = null
	ssl.keymanager.algorithm = SunX509
	ssl.keystore.certificate.chain = null
	ssl.keystore.key = null
	ssl.keystore.location = null
	ssl.keystore.password = null
	ssl.keystore.type = JKS
	ssl.protocol = TLSv1.3
	ssl.provider = null
	ssl.secure.random.implementation = null
	ssl.trustmanager.algorithm = PKIX
	ssl.truststore.certificates = null
	ssl.truststore.location = null
	ssl.truststore.password = null
	ssl.truststore.type = JKS

2025-07-31 20:41:45,375 INFO  [org.apa.kaf.com.uti.AppInfoParser] (main) Kafka version: 3.9.1
2025-07-31 20:41:45,375 INFO  [org.apa.kaf.com.uti.AppInfoParser] (main) Kafka commitId: f745dfdcee2b9851
2025-07-31 20:41:45,375 INFO  [org.apa.kaf.com.uti.AppInfoParser] (main) Kafka startTimeMs: 1753994505375
2025-07-31 20:41:45,539 INFO  [io.api.tes.ser.con.BasicConfluentSerDesIT] (main) Checking that created schema is equal to the get schema
2025-07-31 20:41:45,571 INFO  [io.api.tes.ser.con.BasicConfluentSerDesIT] (main) Created schema with id:108 and name:s3ef43e09x0d34x498ex9e34x3d9f12e9a8ba
**** Registry Base URL: http://registry-app-inmemory.apps.ci419.apicurio-testing.org:80
2025-07-31 20:41:45,577 INFO  [org.apa.kaf.cli.pro.ProducerConfig] (main) ProducerConfig values: 
	acks = -1
	auto.include.jmx.reporter = true
	batch.size = 16384
	bootstrap.servers = [PLAINTEXT://localhost:32770]
	buffer.memory = 33554432
	client.dns.lookup = use_all_dns_ips
	client.id = Producer-topic-7ef3ea24_2992_4900_88c0_e25faf934fe8
	compression.gzip.level = -1
	compression.lz4.level = 9
	compression.type = none
	compression.zstd.level = 3
	connections.max.idle.ms = 10000
	delivery.timeout.ms = 120000
	enable.idempotence = true
	enable.metrics.push = true
	interceptor.classes = []
	key.serializer = class org.apache.kafka.common.serialization.StringSerializer
	linger.ms = 0
	max.block.ms = 60000
	max.in.flight.requests.per.connection = 5
	max.request.size = 1048576
	metadata.max.age.ms = 300000
	metadata.max.idle.ms = 300000
	metadata.recovery.strategy = none
	metric.reporters = []
	metrics.num.samples = 2
	metrics.recording.level = INFO
	metrics.sample.window.ms = 30000
	partitioner.adaptive.partitioning.enable = true
	partitioner.availability.timeout.ms = 0
	partitioner.class = null
	partitioner.ignore.keys = false
	receive.buffer.bytes = 32768
	reconnect.backoff.max.ms = 1000
	reconnect.backoff.ms = 50
	request.timeout.ms = 5000
	retries = 2147483647
	retry.backoff.max.ms = 1000
	retry.backoff.ms = 100
	sasl.client.callback.handler.class = null
	sasl.jaas.config = null
	sasl.kerberos.kinit.cmd = /usr/bin/kinit
	sasl.kerberos.min.time.before.relogin = 60000
	sasl.kerberos.service.name = null
	sasl.kerberos.ticket.renew.jitter = 0.05
	sasl.kerberos.ticket.renew.window.factor = 0.8
	sasl.login.callback.handler.class = null
	sasl.login.class = null
	sasl.login.connect.timeout.ms = null
	sasl.login.read.timeout.ms = null
	sasl.login.refresh.buffer.seconds = 300
	sasl.login.refresh.min.period.seconds = 60
	sasl.login.refresh.window.factor = 0.8
	sasl.login.refresh.window.jitter = 0.05
	sasl.login.retry.backoff.max.ms = 10000
	sasl.login.retry.backoff.ms = 100
	sasl.mechanism = GSSAPI
	sasl.oauthbearer.clock.skew.seconds = 30
	sasl.oauthbearer.expected.audience = null
	sasl.oauthbearer.expected.issuer = null
	sasl.oauthbearer.header.urlencode = false
	sasl.oauthbearer.jwks.endpoint.refresh.ms = 3600000
	sasl.oauthbearer.jwks.endpoint.retry.backoff.max.ms = 10000
	sasl.oauthbearer.jwks.endpoint.retry.backoff.ms = 100
	sasl.oauthbearer.jwks.endpoint.url = null
	sasl.oauthbearer.scope.claim.name = scope
	sasl.oauthbearer.sub.claim.name = sub
	sasl.oauthbearer.token.endpoint.url = null
	security.protocol = PLAINTEXT
	security.providers = null
	send.buffer.bytes = 131072
	socket.connection.setup.timeout.max.ms = 30000
	socket.connection.setup.timeout.ms = 10000
	ssl.cipher.suites = null
	ssl.enabled.protocols = [TLSv1.2, TLSv1.3]
	ssl.endpoint.identification.algorithm = https
	ssl.engine.factory.class = null
	ssl.key.password = null
	ssl.keymanager.algorithm = SunX509
	ssl.keystore.certificate.chain = null
	ssl.keystore.key = null
	ssl.keystore.location = null
	ssl.keystore.password = null
	ssl.keystore.type = JKS
	ssl.protocol = TLSv1.3
	ssl.provider = null
	ssl.secure.random.implementation = null
	ssl.trustmanager.algorithm = PKIX
	ssl.truststore.certificates = null
	ssl.truststore.location = null
	ssl.truststore.password = null
	ssl.truststore.type = JKS
	transaction.timeout.ms = 60000
	transactional.id = null
	value.serializer = class io.confluent.kafka.serializers.KafkaAvroSerializer

2025-07-31 20:41:45,577 INFO  [org.apa.kaf.com.tel.int.KafkaMetricsCollector] (main) initializing Kafka metrics collector
2025-07-31 20:41:45,579 INFO  [io.con.kaf.ser.KafkaAvroSerializerConfig] (main) KafkaAvroSerializerConfig values: 
	auto.register.schemas = false
	avro.reflection.allow.null = false
	avro.remove.java.properties = false
	avro.use.logical.type.converters = false
	basic.auth.credentials.source = URL
	basic.auth.user.info = [hidden]
	bearer.auth.cache.expiry.buffer.seconds = 300
	bearer.auth.client.id = null
	bearer.auth.client.secret = null
	bearer.auth.credentials.source = STATIC_TOKEN
	bearer.auth.custom.provider.class = null
	bearer.auth.identity.pool.id = null
	bearer.auth.issuer.endpoint.url = null
	bearer.auth.logical.cluster = null
	bearer.auth.scope = null
	bearer.auth.scope.claim.name = scope
	bearer.auth.sub.claim.name = sub
	bearer.auth.token = [hidden]
	context.name.strategy = class io.confluent.kafka.serializers.context.NullContextNameStrategy
	http.connect.timeout.ms = 60000
	http.read.timeout.ms = 60000
	id.compatibility.strict = true
	key.schema.id.deserializer = class io.confluent.kafka.serializers.schema.id.DualSchemaIdDeserializer
	key.schema.id.serializer = class io.confluent.kafka.serializers.schema.id.PrefixSchemaIdSerializer
	key.subject.name.strategy = class io.confluent.kafka.serializers.subject.TopicNameStrategy
	latest.cache.size = 1000
	latest.cache.ttl.sec = -1
	latest.compatibility.strict = true
	max.retries = 3
	max.schemas.per.subject = 1000
	normalize.schemas = false
	propagate.schema.tags = false
	proxy.host = 
	proxy.port = -1
	retries.max.wait.ms = 20000
	retries.wait.ms = 1000
	rule.actions = []
	rule.executors = []
	rule.service.loader.enable = true
	schema.format = null
	schema.reflection = false
	schema.registry.basic.auth.user.info = [hidden]
	schema.registry.ssl.cipher.suites = null
	schema.registry.ssl.enabled.protocols = [TLSv1.2, TLSv1.3]
	schema.registry.ssl.endpoint.identification.algorithm = https
	schema.registry.ssl.engine.factory.class = null
	schema.registry.ssl.key.password = null
	schema.registry.ssl.keymanager.algorithm = SunX509
	schema.registry.ssl.keystore.certificate.chain = null
	schema.registry.ssl.keystore.key = null
	schema.registry.ssl.keystore.location = null
	schema.registry.ssl.keystore.password = null
	schema.registry.ssl.keystore.type = JKS
	schema.registry.ssl.protocol = TLSv1.3
	schema.registry.ssl.provider = null
	schema.registry.ssl.secure.random.implementation = null
	schema.registry.ssl.trustmanager.algorithm = PKIX
	schema.registry.ssl.truststore.certificates = null
	schema.registry.ssl.truststore.location = null
	schema.registry.ssl.truststore.password = null
	schema.registry.ssl.truststore.type = JKS
	schema.registry.url = [http://registry-app-inmemory.apps.ci419.apicurio-testing.org:80/apis/ccompat/v7]
	schema.registry.url.randomize = false
	use.latest.version = false
	use.latest.with.metadata = null
	use.schema.id = -1
	value.schema.id.deserializer = class io.confluent.kafka.serializers.schema.id.DualSchemaIdDeserializer
	value.schema.id.serializer = class io.confluent.kafka.serializers.schema.id.PrefixSchemaIdSerializer
	value.subject.name.strategy = class io.confluent.kafka.serializers.subject.TopicRecordNameStrategy

2025-07-31 20:41:45,594 INFO  [org.apa.kaf.cli.pro.KafkaProducer] (main) [Producer clientId=Producer-topic-7ef3ea24_2992_4900_88c0_e25faf934fe8] Instantiated an idempotent producer.
2025-07-31 20:41:45,600 INFO  [org.apa.kaf.cli.pro.ProducerConfig] (main) These configurations '[schema.registry.url, auto.register.schemas, value.subject.name.strategy]' were supplied but are not used yet.
2025-07-31 20:41:45,600 INFO  [org.apa.kaf.com.uti.AppInfoParser] (main) Kafka version: 3.9.1
2025-07-31 20:41:45,600 INFO  [org.apa.kaf.com.uti.AppInfoParser] (main) Kafka commitId: f745dfdcee2b9851
2025-07-31 20:41:45,600 INFO  [org.apa.kaf.com.uti.AppInfoParser] (main) Kafka startTimeMs: 1753994505600
**** Registry Base URL: http://registry-app-inmemory.apps.ci419.apicurio-testing.org:80
2025-07-31 20:41:45,609 INFO  [org.apa.kaf.cli.Metadata] (kafka-producer-network-thread | Producer-topic-7ef3ea24_2992_4900_88c0_e25faf934fe8) [Producer clientId=Producer-topic-7ef3ea24_2992_4900_88c0_e25faf934fe8] Cluster ID: b-_w6pXwSzuW2BMgmumbNQ
2025-07-31 20:41:45,609 INFO  [org.apa.kaf.cli.pro.int.TransactionManager] (kafka-producer-network-thread | Producer-topic-7ef3ea24_2992_4900_88c0_e25faf934fe8) [Producer clientId=Producer-topic-7ef3ea24_2992_4900_88c0_e25faf934fe8] ProducerId set to 44 with epoch 0
2025-07-31 20:41:45,611 INFO  [org.apa.kaf.cli.con.ConsumerConfig] (main) ConsumerConfig values: 
	allow.auto.create.topics = true
	auto.commit.interval.ms = 500
	auto.include.jmx.reporter = true
	auto.offset.reset = earliest
	bootstrap.servers = [PLAINTEXT://localhost:32770]
	check.crcs = true
	client.dns.lookup = use_all_dns_ips
	client.id = consumer-Consumer-topic-7ef3ea24_2992_4900_88c0_e25faf934fe8-34
	client.rack = 
	connections.max.idle.ms = 10000
	default.api.timeout.ms = 60000
	enable.auto.commit = true
	enable.metrics.push = true
	exclude.internal.topics = true
	fetch.max.bytes = 52428800
	fetch.max.wait.ms = 500
	fetch.min.bytes = 1
	group.id = Consumer-topic-7ef3ea24_2992_4900_88c0_e25faf934fe8
	group.instance.id = null
	group.protocol = classic
	group.remote.assignor = null
	heartbeat.interval.ms = 3000
	interceptor.classes = []
	internal.leave.group.on.close = true
	internal.throw.on.fetch.stable.offset.unsupported = false
	isolation.level = read_uncommitted
	key.deserializer = class org.apache.kafka.common.serialization.StringDeserializer
	max.partition.fetch.bytes = 1048576
	max.poll.interval.ms = 300000
	max.poll.records = 500
	metadata.max.age.ms = 300000
	metadata.recovery.strategy = none
	metric.reporters = []
	metrics.num.samples = 2
	metrics.recording.level = INFO
	metrics.sample.window.ms = 30000
	partition.assignment.strategy = [class org.apache.kafka.clients.consumer.RangeAssignor, class org.apache.kafka.clients.consumer.CooperativeStickyAssignor]
	receive.buffer.bytes = 65536
	reconnect.backoff.max.ms = 1000
	reconnect.backoff.ms = 50
	request.timeout.ms = 5000
	retry.backoff.max.ms = 1000
	retry.backoff.ms = 100
	sasl.client.callback.handler.class = null
	sasl.jaas.config = null
	sasl.kerberos.kinit.cmd = /usr/bin/kinit
	sasl.kerberos.min.time.before.relogin = 60000
	sasl.kerberos.service.name = null
	sasl.kerberos.ticket.renew.jitter = 0.05
	sasl.kerberos.ticket.renew.window.factor = 0.8
	sasl.login.callback.handler.class = null
	sasl.login.class = null
	sasl.login.connect.timeout.ms = null
	sasl.login.read.timeout.ms = null
	sasl.login.refresh.buffer.seconds = 300
	sasl.login.refresh.min.period.seconds = 60
	sasl.login.refresh.window.factor = 0.8
	sasl.login.refresh.window.jitter = 0.05
	sasl.login.retry.backoff.max.ms = 10000
	sasl.login.retry.backoff.ms = 100
	sasl.mechanism = GSSAPI
	sasl.oauthbearer.clock.skew.seconds = 30
	sasl.oauthbearer.expected.audience = null
	sasl.oauthbearer.expected.issuer = null
	sasl.oauthbearer.header.urlencode = false
	sasl.oauthbearer.jwks.endpoint.refresh.ms = 3600000
	sasl.oauthbearer.jwks.endpoint.retry.backoff.max.ms = 10000
	sasl.oauthbearer.jwks.endpoint.retry.backoff.ms = 100
	sasl.oauthbearer.jwks.endpoint.url = null
	sasl.oauthbearer.scope.claim.name = scope
	sasl.oauthbearer.sub.claim.name = sub
	sasl.oauthbearer.token.endpoint.url = null
	security.protocol = PLAINTEXT
	security.providers = null
	send.buffer.bytes = 131072
	session.timeout.ms = 45000
	socket.connection.setup.timeout.max.ms = 30000
	socket.connection.setup.timeout.ms = 10000
	ssl.cipher.suites = null
	ssl.enabled.protocols = [TLSv1.2, TLSv1.3]
	ssl.endpoint.identification.algorithm = https
	ssl.engine.factory.class = null
	ssl.key.password = null
	ssl.keymanager.algorithm = SunX509
	ssl.keystore.certificate.chain = null
	ssl.keystore.key = null
	ssl.keystore.location = null
	ssl.keystore.password = null
	ssl.keystore.type = JKS
	ssl.protocol = TLSv1.3
	ssl.provider = null
	ssl.secure.random.implementation = null
	ssl.trustmanager.algorithm = PKIX
	ssl.truststore.certificates = null
	ssl.truststore.location = null
	ssl.truststore.password = null
	ssl.truststore.type = JKS
	value.deserializer = class io.confluent.kafka.serializers.KafkaAvroDeserializer

2025-07-31 20:41:45,614 INFO  [org.apa.kaf.com.tel.int.KafkaMetricsCollector] (main) initializing Kafka metrics collector
2025-07-31 20:41:45,615 INFO  [io.con.kaf.ser.KafkaAvroDeserializerConfig] (main) KafkaAvroDeserializerConfig values: 
	auto.register.schemas = true
	avro.reflection.allow.null = false
	avro.use.logical.type.converters = false
	basic.auth.credentials.source = URL
	basic.auth.user.info = [hidden]
	bearer.auth.cache.expiry.buffer.seconds = 300
	bearer.auth.client.id = null
	bearer.auth.client.secret = null
	bearer.auth.credentials.source = STATIC_TOKEN
	bearer.auth.custom.provider.class = null
	bearer.auth.identity.pool.id = null
	bearer.auth.issuer.endpoint.url = null
	bearer.auth.logical.cluster = null
	bearer.auth.scope = null
	bearer.auth.scope.claim.name = scope
	bearer.auth.sub.claim.name = sub
	bearer.auth.token = [hidden]
	context.name.strategy = class io.confluent.kafka.serializers.context.NullContextNameStrategy
	http.connect.timeout.ms = 60000
	http.read.timeout.ms = 60000
	id.compatibility.strict = true
	key.schema.id.deserializer = class io.confluent.kafka.serializers.schema.id.DualSchemaIdDeserializer
	key.schema.id.serializer = class io.confluent.kafka.serializers.schema.id.PrefixSchemaIdSerializer
	key.subject.name.strategy = class io.confluent.kafka.serializers.subject.TopicNameStrategy
	latest.cache.size = 1000
	latest.cache.ttl.sec = -1
	latest.compatibility.strict = true
	max.retries = 3
	max.schemas.per.subject = 1000
	normalize.schemas = false
	propagate.schema.tags = false
	proxy.host = 
	proxy.port = -1
	retries.max.wait.ms = 20000
	retries.wait.ms = 1000
	rule.actions = []
	rule.executors = []
	rule.service.loader.enable = true
	schema.format = null
	schema.reflection = false
	schema.registry.basic.auth.user.info = [hidden]
	schema.registry.ssl.cipher.suites = null
	schema.registry.ssl.enabled.protocols = [TLSv1.2, TLSv1.3]
	schema.registry.ssl.endpoint.identification.algorithm = https
	schema.registry.ssl.engine.factory.class = null
	schema.registry.ssl.key.password = null
	schema.registry.ssl.keymanager.algorithm = SunX509
	schema.registry.ssl.keystore.certificate.chain = null
	schema.registry.ssl.keystore.key = null
	schema.registry.ssl.keystore.location = null
	schema.registry.ssl.keystore.password = null
	schema.registry.ssl.keystore.type = JKS
	schema.registry.ssl.protocol = TLSv1.3
	schema.registry.ssl.provider = null
	schema.registry.ssl.secure.random.implementation = null
	schema.registry.ssl.trustmanager.algorithm = PKIX
	schema.registry.ssl.truststore.certificates = null
	schema.registry.ssl.truststore.location = null
	schema.registry.ssl.truststore.password = null
	schema.registry.ssl.truststore.type = JKS
	schema.registry.url = [http://registry-app-inmemory.apps.ci419.apicurio-testing.org:80/apis/ccompat/v7]
	schema.registry.url.randomize = false
	specific.avro.key.type = null
	specific.avro.reader = false
	specific.avro.value.type = null
	use.latest.version = false
	use.latest.with.metadata = null
	use.schema.id = -1
	value.schema.id.deserializer = class io.confluent.kafka.serializers.schema.id.DualSchemaIdDeserializer
	value.schema.id.serializer = class io.confluent.kafka.serializers.schema.id.PrefixSchemaIdSerializer
	value.subject.name.strategy = class io.confluent.kafka.serializers.subject.TopicNameStrategy

2025-07-31 20:41:45,622 INFO  [org.apa.kaf.cli.con.ConsumerConfig] (main) These configurations '[schema.registry.url]' were supplied but are not used yet.
2025-07-31 20:41:45,622 INFO  [org.apa.kaf.com.uti.AppInfoParser] (main) Kafka version: 3.9.1
2025-07-31 20:41:45,622 INFO  [org.apa.kaf.com.uti.AppInfoParser] (main) Kafka commitId: f745dfdcee2b9851
2025-07-31 20:41:45,622 INFO  [org.apa.kaf.com.uti.AppInfoParser] (main) Kafka startTimeMs: 1753994505622
2025-07-31 20:41:45,623 INFO  [io.api.tes.ser.api.KafkaSerdesTester] (Thread-866) Sending message {"key1": "value-0"} to topic topic-7ef3ea24_2992_4900_88c0_e25faf934fe8
2025-07-31 20:41:45,654 INFO  [io.api.tes.ser.api.KafkaSerdesTester] (Thread-866) Sending message {"key1": "value-1"} to topic topic-7ef3ea24_2992_4900_88c0_e25faf934fe8
2025-07-31 20:41:45,656 INFO  [io.api.tes.ser.api.KafkaSerdesTester] (Thread-866) Sending message {"key1": "value-2"} to topic topic-7ef3ea24_2992_4900_88c0_e25faf934fe8
2025-07-31 20:41:45,657 INFO  [io.api.tes.ser.api.KafkaSerdesTester] (Thread-866) Sending message {"key1": "value-3"} to topic topic-7ef3ea24_2992_4900_88c0_e25faf934fe8
2025-07-31 20:41:45,658 INFO  [io.api.tes.ser.api.KafkaSerdesTester] (Thread-866) Sending message {"key1": "value-4"} to topic topic-7ef3ea24_2992_4900_88c0_e25faf934fe8
2025-07-31 20:41:45,659 INFO  [io.api.tes.ser.api.KafkaSerdesTester] (Thread-866) Sending message {"key1": "value-5"} to topic topic-7ef3ea24_2992_4900_88c0_e25faf934fe8
2025-07-31 20:41:45,661 INFO  [io.api.tes.ser.api.KafkaSerdesTester] (Thread-866) Sending message {"key1": "value-6"} to topic topic-7ef3ea24_2992_4900_88c0_e25faf934fe8
2025-07-31 20:41:45,663 INFO  [io.api.tes.ser.api.KafkaSerdesTester] (Thread-866) Sending message {"key1": "value-7"} to topic topic-7ef3ea24_2992_4900_88c0_e25faf934fe8
2025-07-31 20:41:45,664 INFO  [io.api.tes.ser.api.KafkaSerdesTester] (Thread-866) Sending message {"key1": "value-8"} to topic topic-7ef3ea24_2992_4900_88c0_e25faf934fe8
2025-07-31 20:41:45,667 INFO  [io.api.tes.ser.api.KafkaSerdesTester] (Thread-866) Sending message {"key1": "value-9"} to topic topic-7ef3ea24_2992_4900_88c0_e25faf934fe8
2025-07-31 20:41:45,671 INFO  [io.api.tes.ser.api.KafkaSerdesTester] (Thread-866) Produced 10 messages
2025-07-31 20:41:45,671 INFO  [org.apa.kaf.cli.pro.KafkaProducer] (Thread-866) [Producer clientId=Producer-topic-7ef3ea24_2992_4900_88c0_e25faf934fe8] Closing the Kafka producer with timeoutMillis = 9223372036854775807 ms.
2025-07-31 20:41:45,677 INFO  [org.apa.kaf.com.met.Metrics] (Thread-866) Metrics scheduler closed
2025-07-31 20:41:45,677 INFO  [org.apa.kaf.com.met.Metrics] (Thread-866) Closing reporter org.apache.kafka.common.metrics.JmxReporter
2025-07-31 20:41:45,677 INFO  [org.apa.kaf.com.met.Metrics] (Thread-866) Closing reporter org.apache.kafka.common.telemetry.internals.ClientTelemetryReporter
2025-07-31 20:41:45,677 INFO  [org.apa.kaf.com.met.Metrics] (Thread-866) Metrics reporters closed
2025-07-31 20:41:45,677 INFO  [org.apa.kaf.com.uti.AppInfoParser] (Thread-866) App info kafka.producer for Producer-topic-7ef3ea24_2992_4900_88c0_e25faf934fe8 unregistered
2025-07-31 20:41:45,679 INFO  [org.apa.kaf.cli.con.int.ClassicKafkaConsumer] (Thread-867) [Consumer clientId=consumer-Consumer-topic-7ef3ea24_2992_4900_88c0_e25faf934fe8-34, groupId=Consumer-topic-7ef3ea24_2992_4900_88c0_e25faf934fe8] Subscribed to topic(s): topic-7ef3ea24_2992_4900_88c0_e25faf934fe8
2025-07-31 20:41:45,684 INFO  [org.apa.kaf.cli.Metadata] (Thread-867) [Consumer clientId=consumer-Consumer-topic-7ef3ea24_2992_4900_88c0_e25faf934fe8-34, groupId=Consumer-topic-7ef3ea24_2992_4900_88c0_e25faf934fe8] Cluster ID: b-_w6pXwSzuW2BMgmumbNQ
2025-07-31 20:41:45,685 INFO  [org.apa.kaf.cli.con.int.ConsumerCoordinator] (Thread-867) [Consumer clientId=consumer-Consumer-topic-7ef3ea24_2992_4900_88c0_e25faf934fe8-34, groupId=Consumer-topic-7ef3ea24_2992_4900_88c0_e25faf934fe8] Discovered group coordinator localhost:32770 (id: 2147483647 rack: null)
2025-07-31 20:41:45,687 INFO  [org.apa.kaf.cli.con.int.ConsumerCoordinator] (Thread-867) [Consumer clientId=consumer-Consumer-topic-7ef3ea24_2992_4900_88c0_e25faf934fe8-34, groupId=Consumer-topic-7ef3ea24_2992_4900_88c0_e25faf934fe8] (Re-)joining group
2025-07-31 20:41:45,694 INFO  [org.apa.kaf.cli.con.int.ConsumerCoordinator] (Thread-867) [Consumer clientId=consumer-Consumer-topic-7ef3ea24_2992_4900_88c0_e25faf934fe8-34, groupId=Consumer-topic-7ef3ea24_2992_4900_88c0_e25faf934fe8] Request joining group due to: need to re-join with the given member-id: consumer-Consumer-topic-7ef3ea24_2992_4900_88c0_e25faf934fe8-34-d1497de5-be79-4521-86dc-ce2f7f3e7a3e
2025-07-31 20:41:45,694 INFO  [org.apa.kaf.cli.con.int.ConsumerCoordinator] (Thread-867) [Consumer clientId=consumer-Consumer-topic-7ef3ea24_2992_4900_88c0_e25faf934fe8-34, groupId=Consumer-topic-7ef3ea24_2992_4900_88c0_e25faf934fe8] (Re-)joining group
2025-07-31 20:41:45,698 INFO  [org.apa.kaf.cli.con.int.ConsumerCoordinator] (Thread-867) [Consumer clientId=consumer-Consumer-topic-7ef3ea24_2992_4900_88c0_e25faf934fe8-34, groupId=Consumer-topic-7ef3ea24_2992_4900_88c0_e25faf934fe8] Successfully joined group with generation Generation{generationId=1, memberId='consumer-Consumer-topic-7ef3ea24_2992_4900_88c0_e25faf934fe8-34-d1497de5-be79-4521-86dc-ce2f7f3e7a3e', protocol='range'}
2025-07-31 20:41:45,698 INFO  [org.apa.kaf.cli.con.int.ConsumerCoordinator] (Thread-867) [Consumer clientId=consumer-Consumer-topic-7ef3ea24_2992_4900_88c0_e25faf934fe8-34, groupId=Consumer-topic-7ef3ea24_2992_4900_88c0_e25faf934fe8] Finished assignment for group at generation 1: {consumer-Consumer-topic-7ef3ea24_2992_4900_88c0_e25faf934fe8-34-d1497de5-be79-4521-86dc-ce2f7f3e7a3e=Assignment(partitions=[topic-7ef3ea24_2992_4900_88c0_e25faf934fe8-0])}
2025-07-31 20:41:45,702 INFO  [org.apa.kaf.cli.con.int.ConsumerCoordinator] (Thread-867) [Consumer clientId=consumer-Consumer-topic-7ef3ea24_2992_4900_88c0_e25faf934fe8-34, groupId=Consumer-topic-7ef3ea24_2992_4900_88c0_e25faf934fe8] Successfully synced group in generation Generation{generationId=1, memberId='consumer-Consumer-topic-7ef3ea24_2992_4900_88c0_e25faf934fe8-34-d1497de5-be79-4521-86dc-ce2f7f3e7a3e', protocol='range'}
2025-07-31 20:41:45,702 INFO  [org.apa.kaf.cli.con.int.ConsumerCoordinator] (Thread-867) [Consumer clientId=consumer-Consumer-topic-7ef3ea24_2992_4900_88c0_e25faf934fe8-34, groupId=Consumer-topic-7ef3ea24_2992_4900_88c0_e25faf934fe8] Notifying assignor about the new Assignment(partitions=[topic-7ef3ea24_2992_4900_88c0_e25faf934fe8-0])
2025-07-31 20:41:45,702 INFO  [org.apa.kaf.cli.con.int.ConsumerRebalanceListenerInvoker] (Thread-867) [Consumer clientId=consumer-Consumer-topic-7ef3ea24_2992_4900_88c0_e25faf934fe8-34, groupId=Consumer-topic-7ef3ea24_2992_4900_88c0_e25faf934fe8] Adding newly assigned partitions: topic-7ef3ea24_2992_4900_88c0_e25faf934fe8-0
2025-07-31 20:41:45,703 INFO  [org.apa.kaf.cli.con.int.ConsumerCoordinator] (Thread-867) [Consumer clientId=consumer-Consumer-topic-7ef3ea24_2992_4900_88c0_e25faf934fe8-34, groupId=Consumer-topic-7ef3ea24_2992_4900_88c0_e25faf934fe8] Found no committed offset for partition topic-7ef3ea24_2992_4900_88c0_e25faf934fe8-0
2025-07-31 20:41:45,705 INFO  [org.apa.kaf.cli.con.int.SubscriptionState] (Thread-867) [Consumer clientId=consumer-Consumer-topic-7ef3ea24_2992_4900_88c0_e25faf934fe8-34, groupId=Consumer-topic-7ef3ea24_2992_4900_88c0_e25faf934fe8] Resetting offset for partition topic-7ef3ea24_2992_4900_88c0_e25faf934fe8-0 to position FetchPosition{offset=0, offsetEpoch=Optional.empty, currentLeader=LeaderAndEpoch{leader=Optional[localhost:32770 (id: 0 rack: null)], epoch=0}}.
2025-07-31 20:41:45,722 INFO  [io.api.tes.ser.api.KafkaSerdesTester] (Thread-867) topic-7ef3ea24_2992_4900_88c0_e25faf934fe8 0 0 {"key1": "value-0"}
2025-07-31 20:41:45,722 INFO  [io.api.tes.ser.api.KafkaSerdesTester] (Thread-867) topic-7ef3ea24_2992_4900_88c0_e25faf934fe8 0 1 {"key1": "value-1"}
2025-07-31 20:41:45,722 INFO  [io.api.tes.ser.api.KafkaSerdesTester] (Thread-867) topic-7ef3ea24_2992_4900_88c0_e25faf934fe8 0 2 {"key1": "value-2"}
2025-07-31 20:41:45,722 INFO  [io.api.tes.ser.api.KafkaSerdesTester] (Thread-867) topic-7ef3ea24_2992_4900_88c0_e25faf934fe8 0 3 {"key1": "value-3"}
2025-07-31 20:41:45,722 INFO  [io.api.tes.ser.api.KafkaSerdesTester] (Thread-867) topic-7ef3ea24_2992_4900_88c0_e25faf934fe8 0 4 {"key1": "value-4"}
2025-07-31 20:41:45,722 INFO  [io.api.tes.ser.api.KafkaSerdesTester] (Thread-867) topic-7ef3ea24_2992_4900_88c0_e25faf934fe8 0 5 {"key1": "value-5"}
2025-07-31 20:41:45,722 INFO  [io.api.tes.ser.api.KafkaSerdesTester] (Thread-867) topic-7ef3ea24_2992_4900_88c0_e25faf934fe8 0 6 {"key1": "value-6"}
2025-07-31 20:41:45,722 INFO  [io.api.tes.ser.api.KafkaSerdesTester] (Thread-867) topic-7ef3ea24_2992_4900_88c0_e25faf934fe8 0 7 {"key1": "value-7"}
2025-07-31 20:41:45,722 INFO  [io.api.tes.ser.api.KafkaSerdesTester] (Thread-867) topic-7ef3ea24_2992_4900_88c0_e25faf934fe8 0 8 {"key1": "value-8"}
2025-07-31 20:41:45,722 INFO  [io.api.tes.ser.api.KafkaSerdesTester] (Thread-867) topic-7ef3ea24_2992_4900_88c0_e25faf934fe8 0 9 {"key1": "value-9"}
2025-07-31 20:41:45,722 INFO  [io.api.tes.ser.api.KafkaSerdesTester] (Thread-867) Consumed 10 messages
2025-07-31 20:41:45,726 INFO  [org.apa.kaf.cli.con.int.ConsumerRebalanceListenerInvoker] (Thread-867) [Consumer clientId=consumer-Consumer-topic-7ef3ea24_2992_4900_88c0_e25faf934fe8-34, groupId=Consumer-topic-7ef3ea24_2992_4900_88c0_e25faf934fe8] Revoke previously assigned partitions topic-7ef3ea24_2992_4900_88c0_e25faf934fe8-0
2025-07-31 20:41:45,726 INFO  [org.apa.kaf.cli.con.int.ConsumerCoordinator] (Thread-867) [Consumer clientId=consumer-Consumer-topic-7ef3ea24_2992_4900_88c0_e25faf934fe8-34, groupId=Consumer-topic-7ef3ea24_2992_4900_88c0_e25faf934fe8] Member consumer-Consumer-topic-7ef3ea24_2992_4900_88c0_e25faf934fe8-34-d1497de5-be79-4521-86dc-ce2f7f3e7a3e sending LeaveGroup request to coordinator localhost:32770 (id: 2147483647 rack: null) due to the consumer is being closed
2025-07-31 20:41:45,726 INFO  [org.apa.kaf.cli.con.int.ConsumerCoordinator] (Thread-867) [Consumer clientId=consumer-Consumer-topic-7ef3ea24_2992_4900_88c0_e25faf934fe8-34, groupId=Consumer-topic-7ef3ea24_2992_4900_88c0_e25faf934fe8] Resetting generation and member id due to: consumer pro-actively leaving the group
2025-07-31 20:41:45,727 INFO  [org.apa.kaf.cli.con.int.ConsumerCoordinator] (Thread-867) [Consumer clientId=consumer-Consumer-topic-7ef3ea24_2992_4900_88c0_e25faf934fe8-34, groupId=Consumer-topic-7ef3ea24_2992_4900_88c0_e25faf934fe8] Request joining group due to: consumer pro-actively leaving the group
2025-07-31 20:41:46,226 INFO  [org.apa.kaf.com.met.Metrics] (Thread-867) Metrics scheduler closed
2025-07-31 20:41:46,226 INFO  [org.apa.kaf.com.met.Metrics] (Thread-867) Closing reporter org.apache.kafka.common.metrics.JmxReporter
2025-07-31 20:41:46,226 INFO  [org.apa.kaf.com.met.Metrics] (Thread-867) Closing reporter org.apache.kafka.common.telemetry.internals.ClientTelemetryReporter
2025-07-31 20:41:46,226 INFO  [org.apa.kaf.com.met.Metrics] (Thread-867) Metrics reporters closed
2025-07-31 20:41:46,229 INFO  [org.apa.kaf.com.uti.AppInfoParser] (Thread-867) App info kafka.consumer for consumer-Consumer-topic-7ef3ea24_2992_4900_88c0_e25faf934fe8-34 unregistered
**** Registry Base URL: http://registry-app-inmemory.apps.ci419.apicurio-testing.org:80
2025-07-31 20:41:47,252 INFO  [org.apa.kaf.cli.pro.ProducerConfig] (main) ProducerConfig values: 
	acks = -1
	auto.include.jmx.reporter = true
	batch.size = 16384
	bootstrap.servers = [PLAINTEXT://localhost:32770]
	buffer.memory = 33554432
	client.dns.lookup = use_all_dns_ips
	client.id = Producer-topic-7ef3ea24_2992_4900_88c0_e25faf934fe8
	compression.gzip.level = -1
	compression.lz4.level = 9
	compression.type = none
	compression.zstd.level = 3
	connections.max.idle.ms = 10000
	delivery.timeout.ms = 120000
	enable.idempotence = true
	enable.metrics.push = true
	interceptor.classes = []
	key.serializer = class org.apache.kafka.common.serialization.StringSerializer
	linger.ms = 0
	max.block.ms = 60000
	max.in.flight.requests.per.connection = 5
	max.request.size = 1048576
	metadata.max.age.ms = 300000
	metadata.max.idle.ms = 300000
	metadata.recovery.strategy = none
	metric.reporters = []
	metrics.num.samples = 2
	metrics.recording.level = INFO
	metrics.sample.window.ms = 30000
	partitioner.adaptive.partitioning.enable = true
	partitioner.availability.timeout.ms = 0
	partitioner.class = null
	partitioner.ignore.keys = false
	receive.buffer.bytes = 32768
	reconnect.backoff.max.ms = 1000
	reconnect.backoff.ms = 50
	request.timeout.ms = 5000
	retries = 2147483647
	retry.backoff.max.ms = 1000
	retry.backoff.ms = 100
	sasl.client.callback.handler.class = null
	sasl.jaas.config = null
	sasl.kerberos.kinit.cmd = /usr/bin/kinit
	sasl.kerberos.min.time.before.relogin = 60000
	sasl.kerberos.service.name = null
	sasl.kerberos.ticket.renew.jitter = 0.05
	sasl.kerberos.ticket.renew.window.factor = 0.8
	sasl.login.callback.handler.class = null
	sasl.login.class = null
	sasl.login.connect.timeout.ms = null
	sasl.login.read.timeout.ms = null
	sasl.login.refresh.buffer.seconds = 300
	sasl.login.refresh.min.period.seconds = 60
	sasl.login.refresh.window.factor = 0.8
	sasl.login.refresh.window.jitter = 0.05
	sasl.login.retry.backoff.max.ms = 10000
	sasl.login.retry.backoff.ms = 100
	sasl.mechanism = GSSAPI
	sasl.oauthbearer.clock.skew.seconds = 30
	sasl.oauthbearer.expected.audience = null
	sasl.oauthbearer.expected.issuer = null
	sasl.oauthbearer.header.urlencode = false
	sasl.oauthbearer.jwks.endpoint.refresh.ms = 3600000
	sasl.oauthbearer.jwks.endpoint.retry.backoff.max.ms = 10000
	sasl.oauthbearer.jwks.endpoint.retry.backoff.ms = 100
	sasl.oauthbearer.jwks.endpoint.url = null
	sasl.oauthbearer.scope.claim.name = scope
	sasl.oauthbearer.sub.claim.name = sub
	sasl.oauthbearer.token.endpoint.url = null
	security.protocol = PLAINTEXT
	security.providers = null
	send.buffer.bytes = 131072
	socket.connection.setup.timeout.max.ms = 30000
	socket.connection.setup.timeout.ms = 10000
	ssl.cipher.suites = null
	ssl.enabled.protocols = [TLSv1.2, TLSv1.3]
	ssl.endpoint.identification.algorithm = https
	ssl.engine.factory.class = null
	ssl.key.password = null
	ssl.keymanager.algorithm = SunX509
	ssl.keystore.certificate.chain = null
	ssl.keystore.key = null
	ssl.keystore.location = null
	ssl.keystore.password = null
	ssl.keystore.type = JKS
	ssl.protocol = TLSv1.3
	ssl.provider = null
	ssl.secure.random.implementation = null
	ssl.trustmanager.algorithm = PKIX
	ssl.truststore.certificates = null
	ssl.truststore.location = null
	ssl.truststore.password = null
	ssl.truststore.type = JKS
	transaction.timeout.ms = 60000
	transactional.id = null
	value.serializer = class io.confluent.kafka.serializers.KafkaAvroSerializer

2025-07-31 20:41:47,252 INFO  [org.apa.kaf.com.tel.int.KafkaMetricsCollector] (main) initializing Kafka metrics collector
2025-07-31 20:41:47,253 INFO  [io.con.kaf.ser.KafkaAvroSerializerConfig] (main) KafkaAvroSerializerConfig values: 
	auto.register.schemas = false
	avro.reflection.allow.null = false
	avro.remove.java.properties = false
	avro.use.logical.type.converters = false
	basic.auth.credentials.source = URL
	basic.auth.user.info = [hidden]
	bearer.auth.cache.expiry.buffer.seconds = 300
	bearer.auth.client.id = null
	bearer.auth.client.secret = null
	bearer.auth.credentials.source = STATIC_TOKEN
	bearer.auth.custom.provider.class = null
	bearer.auth.identity.pool.id = null
	bearer.auth.issuer.endpoint.url = null
	bearer.auth.logical.cluster = null
	bearer.auth.scope = null
	bearer.auth.scope.claim.name = scope
	bearer.auth.sub.claim.name = sub
	bearer.auth.token = [hidden]
	context.name.strategy = class io.confluent.kafka.serializers.context.NullContextNameStrategy
	http.connect.timeout.ms = 60000
	http.read.timeout.ms = 60000
	id.compatibility.strict = true
	key.schema.id.deserializer = class io.confluent.kafka.serializers.schema.id.DualSchemaIdDeserializer
	key.schema.id.serializer = class io.confluent.kafka.serializers.schema.id.PrefixSchemaIdSerializer
	key.subject.name.strategy = class io.confluent.kafka.serializers.subject.TopicNameStrategy
	latest.cache.size = 1000
	latest.cache.ttl.sec = -1
	latest.compatibility.strict = true
	max.retries = 3
	max.schemas.per.subject = 1000
	normalize.schemas = false
	propagate.schema.tags = false
	proxy.host = 
	proxy.port = -1
	retries.max.wait.ms = 20000
	retries.wait.ms = 1000
	rule.actions = []
	rule.executors = []
	rule.service.loader.enable = true
	schema.format = null
	schema.reflection = false
	schema.registry.basic.auth.user.info = [hidden]
	schema.registry.ssl.cipher.suites = null
	schema.registry.ssl.enabled.protocols = [TLSv1.2, TLSv1.3]
	schema.registry.ssl.endpoint.identification.algorithm = https
	schema.registry.ssl.engine.factory.class = null
	schema.registry.ssl.key.password = null
	schema.registry.ssl.keymanager.algorithm = SunX509
	schema.registry.ssl.keystore.certificate.chain = null
	schema.registry.ssl.keystore.key = null
	schema.registry.ssl.keystore.location = null
	schema.registry.ssl.keystore.password = null
	schema.registry.ssl.keystore.type = JKS
	schema.registry.ssl.protocol = TLSv1.3
	schema.registry.ssl.provider = null
	schema.registry.ssl.secure.random.implementation = null
	schema.registry.ssl.trustmanager.algorithm = PKIX
	schema.registry.ssl.truststore.certificates = null
	schema.registry.ssl.truststore.location = null
	schema.registry.ssl.truststore.password = null
	schema.registry.ssl.truststore.type = JKS
	schema.registry.url = [http://registry-app-inmemory.apps.ci419.apicurio-testing.org:80/apis/ccompat/v7]
	schema.registry.url.randomize = false
	use.latest.version = false
	use.latest.with.metadata = null
	use.schema.id = -1
	value.schema.id.deserializer = class io.confluent.kafka.serializers.schema.id.DualSchemaIdDeserializer
	value.schema.id.serializer = class io.confluent.kafka.serializers.schema.id.PrefixSchemaIdSerializer
	value.subject.name.strategy = class io.confluent.kafka.serializers.subject.TopicRecordNameStrategy

2025-07-31 20:41:47,255 INFO  [org.apa.kaf.cli.pro.KafkaProducer] (main) [Producer clientId=Producer-topic-7ef3ea24_2992_4900_88c0_e25faf934fe8] Instantiated an idempotent producer.
2025-07-31 20:41:47,257 INFO  [org.apa.kaf.cli.pro.ProducerConfig] (main) These configurations '[schema.registry.url, auto.register.schemas, value.subject.name.strategy]' were supplied but are not used yet.
2025-07-31 20:41:47,257 INFO  [org.apa.kaf.com.uti.AppInfoParser] (main) Kafka version: 3.9.1
2025-07-31 20:41:47,257 INFO  [org.apa.kaf.com.uti.AppInfoParser] (main) Kafka commitId: f745dfdcee2b9851
2025-07-31 20:41:47,257 INFO  [org.apa.kaf.com.uti.AppInfoParser] (main) Kafka startTimeMs: 1753994507257
2025-07-31 20:41:47,259 INFO  [io.api.tes.ser.api.KafkaSerdesTester] (Thread-868) Sending message {"key1": "value-0", "key2": "value-0"} to topic topic-7ef3ea24_2992_4900_88c0_e25faf934fe8
2025-07-31 20:41:47,262 INFO  [org.apa.kaf.cli.Metadata] (kafka-producer-network-thread | Producer-topic-7ef3ea24_2992_4900_88c0_e25faf934fe8) [Producer clientId=Producer-topic-7ef3ea24_2992_4900_88c0_e25faf934fe8] Cluster ID: b-_w6pXwSzuW2BMgmumbNQ
2025-07-31 20:41:47,262 INFO  [org.apa.kaf.cli.pro.int.TransactionManager] (kafka-producer-network-thread | Producer-topic-7ef3ea24_2992_4900_88c0_e25faf934fe8) [Producer clientId=Producer-topic-7ef3ea24_2992_4900_88c0_e25faf934fe8] ProducerId set to 45 with epoch 0
2025-07-31 20:41:47,275 INFO  [io.api.tes.ser.api.KafkaSerdesTester] (Thread-868) Sending message {"key1": "value-1", "key2": "value-1"} to topic topic-7ef3ea24_2992_4900_88c0_e25faf934fe8
2025-07-31 20:41:47,278 INFO  [io.api.tes.ser.api.KafkaSerdesTester] (Thread-868) Sending message {"key1": "value-2", "key2": "value-2"} to topic topic-7ef3ea24_2992_4900_88c0_e25faf934fe8
2025-07-31 20:41:47,279 INFO  [io.api.tes.ser.api.KafkaSerdesTester] (Thread-868) Sending message {"key1": "value-3", "key2": "value-3"} to topic topic-7ef3ea24_2992_4900_88c0_e25faf934fe8
2025-07-31 20:41:47,280 INFO  [io.api.tes.ser.api.KafkaSerdesTester] (Thread-868) Sending message {"key1": "value-4", "key2": "value-4"} to topic topic-7ef3ea24_2992_4900_88c0_e25faf934fe8
2025-07-31 20:41:47,281 INFO  [io.api.tes.ser.api.KafkaSerdesTester] (Thread-868) Sending message {"key1": "value-5", "key2": "value-5"} to topic topic-7ef3ea24_2992_4900_88c0_e25faf934fe8
2025-07-31 20:41:47,282 INFO  [io.api.tes.ser.api.KafkaSerdesTester] (Thread-868) Sending message {"key1": "value-6", "key2": "value-6"} to topic topic-7ef3ea24_2992_4900_88c0_e25faf934fe8
2025-07-31 20:41:47,285 INFO  [io.api.tes.ser.api.KafkaSerdesTester] (Thread-868) Sending message {"key1": "value-7", "key2": "value-7"} to topic topic-7ef3ea24_2992_4900_88c0_e25faf934fe8
2025-07-31 20:41:47,287 INFO  [io.api.tes.ser.api.KafkaSerdesTester] (Thread-868) Sending message {"key1": "value-8", "key2": "value-8"} to topic topic-7ef3ea24_2992_4900_88c0_e25faf934fe8
2025-07-31 20:41:47,288 INFO  [io.api.tes.ser.api.KafkaSerdesTester] (Thread-868) Sending message {"key1": "value-9", "key2": "value-9"} to topic topic-7ef3ea24_2992_4900_88c0_e25faf934fe8
2025-07-31 20:41:47,290 INFO  [io.api.tes.ser.api.KafkaSerdesTester] (Thread-868) Produced 10 messages
2025-07-31 20:41:47,290 INFO  [org.apa.kaf.cli.pro.KafkaProducer] (Thread-868) [Producer clientId=Producer-topic-7ef3ea24_2992_4900_88c0_e25faf934fe8] Closing the Kafka producer with timeoutMillis = 9223372036854775807 ms.
2025-07-31 20:41:47,293 INFO  [org.apa.kaf.com.met.Metrics] (Thread-868) Metrics scheduler closed
2025-07-31 20:41:47,293 INFO  [org.apa.kaf.com.met.Metrics] (Thread-868) Closing reporter org.apache.kafka.common.metrics.JmxReporter
2025-07-31 20:41:47,293 INFO  [org.apa.kaf.com.met.Metrics] (Thread-868) Closing reporter org.apache.kafka.common.telemetry.internals.ClientTelemetryReporter
2025-07-31 20:41:47,293 INFO  [org.apa.kaf.com.met.Metrics] (Thread-868) Metrics reporters closed
2025-07-31 20:41:47,293 INFO  [org.apa.kaf.com.uti.AppInfoParser] (Thread-868) App info kafka.producer for Producer-topic-7ef3ea24_2992_4900_88c0_e25faf934fe8 unregistered
**** Registry Base URL: http://registry-app-inmemory.apps.ci419.apicurio-testing.org:80
2025-07-31 20:41:47,294 INFO  [org.apa.kaf.cli.pro.ProducerConfig] (main) ProducerConfig values: 
	acks = -1
	auto.include.jmx.reporter = true
	batch.size = 16384
	bootstrap.servers = [PLAINTEXT://localhost:32770]
	buffer.memory = 33554432
	client.dns.lookup = use_all_dns_ips
	client.id = Producer-topic-7ef3ea24_2992_4900_88c0_e25faf934fe8
	compression.gzip.level = -1
	compression.lz4.level = 9
	compression.type = none
	compression.zstd.level = 3
	connections.max.idle.ms = 10000
	delivery.timeout.ms = 120000
	enable.idempotence = true
	enable.metrics.push = true
	interceptor.classes = []
	key.serializer = class org.apache.kafka.common.serialization.StringSerializer
	linger.ms = 0
	max.block.ms = 60000
	max.in.flight.requests.per.connection = 5
	max.request.size = 1048576
	metadata.max.age.ms = 300000
	metadata.max.idle.ms = 300000
	metadata.recovery.strategy = none
	metric.reporters = []
	metrics.num.samples = 2
	metrics.recording.level = INFO
	metrics.sample.window.ms = 30000
	partitioner.adaptive.partitioning.enable = true
	partitioner.availability.timeout.ms = 0
	partitioner.class = null
	partitioner.ignore.keys = false
	receive.buffer.bytes = 32768
	reconnect.backoff.max.ms = 1000
	reconnect.backoff.ms = 50
	request.timeout.ms = 5000
	retries = 2147483647
	retry.backoff.max.ms = 1000
	retry.backoff.ms = 100
	sasl.client.callback.handler.class = null
	sasl.jaas.config = null
	sasl.kerberos.kinit.cmd = /usr/bin/kinit
	sasl.kerberos.min.time.before.relogin = 60000
	sasl.kerberos.service.name = null
	sasl.kerberos.ticket.renew.jitter = 0.05
	sasl.kerberos.ticket.renew.window.factor = 0.8
	sasl.login.callback.handler.class = null
	sasl.login.class = null
	sasl.login.connect.timeout.ms = null
	sasl.login.read.timeout.ms = null
	sasl.login.refresh.buffer.seconds = 300
	sasl.login.refresh.min.period.seconds = 60
	sasl.login.refresh.window.factor = 0.8
	sasl.login.refresh.window.jitter = 0.05
	sasl.login.retry.backoff.max.ms = 10000
	sasl.login.retry.backoff.ms = 100
	sasl.mechanism = GSSAPI
	sasl.oauthbearer.clock.skew.seconds = 30
	sasl.oauthbearer.expected.audience = null
	sasl.oauthbearer.expected.issuer = null
	sasl.oauthbearer.header.urlencode = false
	sasl.oauthbearer.jwks.endpoint.refresh.ms = 3600000
	sasl.oauthbearer.jwks.endpoint.retry.backoff.max.ms = 10000
	sasl.oauthbearer.jwks.endpoint.retry.backoff.ms = 100
	sasl.oauthbearer.jwks.endpoint.url = null
	sasl.oauthbearer.scope.claim.name = scope
	sasl.oauthbearer.sub.claim.name = sub
	sasl.oauthbearer.token.endpoint.url = null
	security.protocol = PLAINTEXT
	security.providers = null
	send.buffer.bytes = 131072
	socket.connection.setup.timeout.max.ms = 30000
	socket.connection.setup.timeout.ms = 10000
	ssl.cipher.suites = null
	ssl.enabled.protocols = [TLSv1.2, TLSv1.3]
	ssl.endpoint.identification.algorithm = https
	ssl.engine.factory.class = null
	ssl.key.password = null
	ssl.keymanager.algorithm = SunX509
	ssl.keystore.certificate.chain = null
	ssl.keystore.key = null
	ssl.keystore.location = null
	ssl.keystore.password = null
	ssl.keystore.type = JKS
	ssl.protocol = TLSv1.3
	ssl.provider = null
	ssl.secure.random.implementation = null
	ssl.trustmanager.algorithm = PKIX
	ssl.truststore.certificates = null
	ssl.truststore.location = null
	ssl.truststore.password = null
	ssl.truststore.type = JKS
	transaction.timeout.ms = 60000
	transactional.id = null
	value.serializer = class io.confluent.kafka.serializers.KafkaAvroSerializer

2025-07-31 20:41:47,294 INFO  [org.apa.kaf.com.tel.int.KafkaMetricsCollector] (main) initializing Kafka metrics collector
2025-07-31 20:41:47,294 INFO  [io.con.kaf.ser.KafkaAvroSerializerConfig] (main) KafkaAvroSerializerConfig values: 
	auto.register.schemas = false
	avro.reflection.allow.null = false
	avro.remove.java.properties = false
	avro.use.logical.type.converters = false
	basic.auth.credentials.source = URL
	basic.auth.user.info = [hidden]
	bearer.auth.cache.expiry.buffer.seconds = 300
	bearer.auth.client.id = null
	bearer.auth.client.secret = null
	bearer.auth.credentials.source = STATIC_TOKEN
	bearer.auth.custom.provider.class = null
	bearer.auth.identity.pool.id = null
	bearer.auth.issuer.endpoint.url = null
	bearer.auth.logical.cluster = null
	bearer.auth.scope = null
	bearer.auth.scope.claim.name = scope
	bearer.auth.sub.claim.name = sub
	bearer.auth.token = [hidden]
	context.name.strategy = class io.confluent.kafka.serializers.context.NullContextNameStrategy
	http.connect.timeout.ms = 60000
	http.read.timeout.ms = 60000
	id.compatibility.strict = true
	key.schema.id.deserializer = class io.confluent.kafka.serializers.schema.id.DualSchemaIdDeserializer
	key.schema.id.serializer = class io.confluent.kafka.serializers.schema.id.PrefixSchemaIdSerializer
	key.subject.name.strategy = class io.confluent.kafka.serializers.subject.TopicNameStrategy
	latest.cache.size = 1000
	latest.cache.ttl.sec = -1
	latest.compatibility.strict = true
	max.retries = 3
	max.schemas.per.subject = 1000
	normalize.schemas = false
	propagate.schema.tags = false
	proxy.host = 
	proxy.port = -1
	retries.max.wait.ms = 20000
	retries.wait.ms = 1000
	rule.actions = []
	rule.executors = []
	rule.service.loader.enable = true
	schema.format = null
	schema.reflection = false
	schema.registry.basic.auth.user.info = [hidden]
	schema.registry.ssl.cipher.suites = null
	schema.registry.ssl.enabled.protocols = [TLSv1.2, TLSv1.3]
	schema.registry.ssl.endpoint.identification.algorithm = https
	schema.registry.ssl.engine.factory.class = null
	schema.registry.ssl.key.password = null
	schema.registry.ssl.keymanager.algorithm = SunX509
	schema.registry.ssl.keystore.certificate.chain = null
	schema.registry.ssl.keystore.key = null
	schema.registry.ssl.keystore.location = null
	schema.registry.ssl.keystore.password = null
	schema.registry.ssl.keystore.type = JKS
	schema.registry.ssl.protocol = TLSv1.3
	schema.registry.ssl.provider = null
	schema.registry.ssl.secure.random.implementation = null
	schema.registry.ssl.trustmanager.algorithm = PKIX
	schema.registry.ssl.truststore.certificates = null
	schema.registry.ssl.truststore.location = null
	schema.registry.ssl.truststore.password = null
	schema.registry.ssl.truststore.type = JKS
	schema.registry.url = [http://registry-app-inmemory.apps.ci419.apicurio-testing.org:80/apis/ccompat/v7]
	schema.registry.url.randomize = false
	use.latest.version = false
	use.latest.with.metadata = null
	use.schema.id = -1
	value.schema.id.deserializer = class io.confluent.kafka.serializers.schema.id.DualSchemaIdDeserializer
	value.schema.id.serializer = class io.confluent.kafka.serializers.schema.id.PrefixSchemaIdSerializer
	value.subject.name.strategy = class io.confluent.kafka.serializers.subject.TopicRecordNameStrategy

2025-07-31 20:41:47,297 INFO  [org.apa.kaf.cli.pro.KafkaProducer] (main) [Producer clientId=Producer-topic-7ef3ea24_2992_4900_88c0_e25faf934fe8] Instantiated an idempotent producer.
2025-07-31 20:41:47,304 INFO  [org.apa.kaf.cli.pro.ProducerConfig] (main) These configurations '[schema.registry.url, auto.register.schemas, value.subject.name.strategy]' were supplied but are not used yet.
2025-07-31 20:41:47,304 INFO  [org.apa.kaf.com.uti.AppInfoParser] (main) Kafka version: 3.9.1
2025-07-31 20:41:47,304 INFO  [org.apa.kaf.com.uti.AppInfoParser] (main) Kafka commitId: f745dfdcee2b9851
2025-07-31 20:41:47,304 INFO  [org.apa.kaf.com.uti.AppInfoParser] (main) Kafka startTimeMs: 1753994507304
2025-07-31 20:41:47,307 INFO  [io.api.tes.ser.api.KafkaSerdesTester] (Thread-869) Sending message {"key1": "value-0"} to topic topic-7ef3ea24_2992_4900_88c0_e25faf934fe8
2025-07-31 20:41:47,312 INFO  [org.apa.kaf.cli.Metadata] (kafka-producer-network-thread | Producer-topic-7ef3ea24_2992_4900_88c0_e25faf934fe8) [Producer clientId=Producer-topic-7ef3ea24_2992_4900_88c0_e25faf934fe8] Cluster ID: b-_w6pXwSzuW2BMgmumbNQ
2025-07-31 20:41:47,313 INFO  [org.apa.kaf.cli.pro.int.TransactionManager] (kafka-producer-network-thread | Producer-topic-7ef3ea24_2992_4900_88c0_e25faf934fe8) [Producer clientId=Producer-topic-7ef3ea24_2992_4900_88c0_e25faf934fe8] ProducerId set to 46 with epoch 0
2025-07-31 20:41:47,327 INFO  [io.api.tes.ser.api.KafkaSerdesTester] (Thread-869) Sending message {"key1": "value-1"} to topic topic-7ef3ea24_2992_4900_88c0_e25faf934fe8
2025-07-31 20:41:47,331 INFO  [io.api.tes.ser.api.KafkaSerdesTester] (Thread-869) Sending message {"key1": "value-2"} to topic topic-7ef3ea24_2992_4900_88c0_e25faf934fe8
2025-07-31 20:41:47,332 INFO  [io.api.tes.ser.api.KafkaSerdesTester] (Thread-869) Sending message {"key1": "value-3"} to topic topic-7ef3ea24_2992_4900_88c0_e25faf934fe8
2025-07-31 20:41:47,333 INFO  [io.api.tes.ser.api.KafkaSerdesTester] (Thread-869) Sending message {"key1": "value-4"} to topic topic-7ef3ea24_2992_4900_88c0_e25faf934fe8
2025-07-31 20:41:47,334 INFO  [io.api.tes.ser.api.KafkaSerdesTester] (Thread-869) Sending message {"key1": "value-5"} to topic topic-7ef3ea24_2992_4900_88c0_e25faf934fe8
2025-07-31 20:41:47,336 INFO  [io.api.tes.ser.api.KafkaSerdesTester] (Thread-869) Sending message {"key1": "value-6"} to topic topic-7ef3ea24_2992_4900_88c0_e25faf934fe8
2025-07-31 20:41:47,338 INFO  [io.api.tes.ser.api.KafkaSerdesTester] (Thread-869) Sending message {"key1": "value-7"} to topic topic-7ef3ea24_2992_4900_88c0_e25faf934fe8
2025-07-31 20:41:47,340 INFO  [io.api.tes.ser.api.KafkaSerdesTester] (Thread-869) Sending message {"key1": "value-8"} to topic topic-7ef3ea24_2992_4900_88c0_e25faf934fe8
2025-07-31 20:41:47,342 INFO  [io.api.tes.ser.api.KafkaSerdesTester] (Thread-869) Sending message {"key1": "value-9"} to topic topic-7ef3ea24_2992_4900_88c0_e25faf934fe8
2025-07-31 20:41:47,343 INFO  [io.api.tes.ser.api.KafkaSerdesTester] (Thread-869) Produced 10 messages
2025-07-31 20:41:47,343 INFO  [org.apa.kaf.cli.pro.KafkaProducer] (Thread-869) [Producer clientId=Producer-topic-7ef3ea24_2992_4900_88c0_e25faf934fe8] Closing the Kafka producer with timeoutMillis = 9223372036854775807 ms.
2025-07-31 20:41:47,345 INFO  [org.apa.kaf.com.met.Metrics] (Thread-869) Metrics scheduler closed
2025-07-31 20:41:47,345 INFO  [org.apa.kaf.com.met.Metrics] (Thread-869) Closing reporter org.apache.kafka.common.metrics.JmxReporter
2025-07-31 20:41:47,345 INFO  [org.apa.kaf.com.met.Metrics] (Thread-869) Closing reporter org.apache.kafka.common.telemetry.internals.ClientTelemetryReporter
2025-07-31 20:41:47,345 INFO  [org.apa.kaf.com.met.Metrics] (Thread-869) Metrics reporters closed
2025-07-31 20:41:47,345 INFO  [org.apa.kaf.com.uti.AppInfoParser] (Thread-869) App info kafka.producer for Producer-topic-7ef3ea24_2992_4900_88c0_e25faf934fe8 unregistered
**** Registry Base URL: http://registry-app-inmemory.apps.ci419.apicurio-testing.org:80
2025-07-31 20:41:47,345 INFO  [org.apa.kaf.cli.con.ConsumerConfig] (main) ConsumerConfig values: 
	allow.auto.create.topics = true
	auto.commit.interval.ms = 500
	auto.include.jmx.reporter = true
	auto.offset.reset = earliest
	bootstrap.servers = [PLAINTEXT://localhost:32770]
	check.crcs = true
	client.dns.lookup = use_all_dns_ips
	client.id = consumer-Consumer-topic-7ef3ea24_2992_4900_88c0_e25faf934fe8-35
	client.rack = 
	connections.max.idle.ms = 10000
	default.api.timeout.ms = 60000
	enable.auto.commit = true
	enable.metrics.push = true
	exclude.internal.topics = true
	fetch.max.bytes = 52428800
	fetch.max.wait.ms = 500
	fetch.min.bytes = 1
	group.id = Consumer-topic-7ef3ea24_2992_4900_88c0_e25faf934fe8
	group.instance.id = null
	group.protocol = classic
	group.remote.assignor = null
	heartbeat.interval.ms = 3000
	interceptor.classes = []
	internal.leave.group.on.close = true
	internal.throw.on.fetch.stable.offset.unsupported = false
	isolation.level = read_uncommitted
	key.deserializer = class org.apache.kafka.common.serialization.StringDeserializer
	max.partition.fetch.bytes = 1048576
	max.poll.interval.ms = 300000
	max.poll.records = 500
	metadata.max.age.ms = 300000
	metadata.recovery.strategy = none
	metric.reporters = []
	metrics.num.samples = 2
	metrics.recording.level = INFO
	metrics.sample.window.ms = 30000
	partition.assignment.strategy = [class org.apache.kafka.clients.consumer.RangeAssignor, class org.apache.kafka.clients.consumer.CooperativeStickyAssignor]
	receive.buffer.bytes = 65536
	reconnect.backoff.max.ms = 1000
	reconnect.backoff.ms = 50
	request.timeout.ms = 5000
	retry.backoff.max.ms = 1000
	retry.backoff.ms = 100
	sasl.client.callback.handler.class = null
	sasl.jaas.config = null
	sasl.kerberos.kinit.cmd = /usr/bin/kinit
	sasl.kerberos.min.time.before.relogin = 60000
	sasl.kerberos.service.name = null
	sasl.kerberos.ticket.renew.jitter = 0.05
	sasl.kerberos.ticket.renew.window.factor = 0.8
	sasl.login.callback.handler.class = null
	sasl.login.class = null
	sasl.login.connect.timeout.ms = null
	sasl.login.read.timeout.ms = null
	sasl.login.refresh.buffer.seconds = 300
	sasl.login.refresh.min.period.seconds = 60
	sasl.login.refresh.window.factor = 0.8
	sasl.login.refresh.window.jitter = 0.05
	sasl.login.retry.backoff.max.ms = 10000
	sasl.login.retry.backoff.ms = 100
	sasl.mechanism = GSSAPI
	sasl.oauthbearer.clock.skew.seconds = 30
	sasl.oauthbearer.expected.audience = null
	sasl.oauthbearer.expected.issuer = null
	sasl.oauthbearer.header.urlencode = false
	sasl.oauthbearer.jwks.endpoint.refresh.ms = 3600000
	sasl.oauthbearer.jwks.endpoint.retry.backoff.max.ms = 10000
	sasl.oauthbearer.jwks.endpoint.retry.backoff.ms = 100
	sasl.oauthbearer.jwks.endpoint.url = null
	sasl.oauthbearer.scope.claim.name = scope
	sasl.oauthbearer.sub.claim.name = sub
	sasl.oauthbearer.token.endpoint.url = null
	security.protocol = PLAINTEXT
	security.providers = null
	send.buffer.bytes = 131072
	session.timeout.ms = 45000
	socket.connection.setup.timeout.max.ms = 30000
	socket.connection.setup.timeout.ms = 10000
	ssl.cipher.suites = null
	ssl.enabled.protocols = [TLSv1.2, TLSv1.3]
	ssl.endpoint.identification.algorithm = https
	ssl.engine.factory.class = null
	ssl.key.password = null
	ssl.keymanager.algorithm = SunX509
	ssl.keystore.certificate.chain = null
	ssl.keystore.key = null
	ssl.keystore.location = null
	ssl.keystore.password = null
	ssl.keystore.type = JKS
	ssl.protocol = TLSv1.3
	ssl.provider = null
	ssl.secure.random.implementation = null
	ssl.trustmanager.algorithm = PKIX
	ssl.truststore.certificates = null
	ssl.truststore.location = null
	ssl.truststore.password = null
	ssl.truststore.type = JKS
	value.deserializer = class io.confluent.kafka.serializers.KafkaAvroDeserializer

2025-07-31 20:41:47,346 INFO  [org.apa.kaf.com.tel.int.KafkaMetricsCollector] (main) initializing Kafka metrics collector
2025-07-31 20:41:47,346 INFO  [io.con.kaf.ser.KafkaAvroDeserializerConfig] (main) KafkaAvroDeserializerConfig values: 
	auto.register.schemas = true
	avro.reflection.allow.null = false
	avro.use.logical.type.converters = false
	basic.auth.credentials.source = URL
	basic.auth.user.info = [hidden]
	bearer.auth.cache.expiry.buffer.seconds = 300
	bearer.auth.client.id = null
	bearer.auth.client.secret = null
	bearer.auth.credentials.source = STATIC_TOKEN
	bearer.auth.custom.provider.class = null
	bearer.auth.identity.pool.id = null
	bearer.auth.issuer.endpoint.url = null
	bearer.auth.logical.cluster = null
	bearer.auth.scope = null
	bearer.auth.scope.claim.name = scope
	bearer.auth.sub.claim.name = sub
	bearer.auth.token = [hidden]
	context.name.strategy = class io.confluent.kafka.serializers.context.NullContextNameStrategy
	http.connect.timeout.ms = 60000
	http.read.timeout.ms = 60000
	id.compatibility.strict = true
	key.schema.id.deserializer = class io.confluent.kafka.serializers.schema.id.DualSchemaIdDeserializer
	key.schema.id.serializer = class io.confluent.kafka.serializers.schema.id.PrefixSchemaIdSerializer
	key.subject.name.strategy = class io.confluent.kafka.serializers.subject.TopicNameStrategy
	latest.cache.size = 1000
	latest.cache.ttl.sec = -1
	latest.compatibility.strict = true
	max.retries = 3
	max.schemas.per.subject = 1000
	normalize.schemas = false
	propagate.schema.tags = false
	proxy.host = 
	proxy.port = -1
	retries.max.wait.ms = 20000
	retries.wait.ms = 1000
	rule.actions = []
	rule.executors = []
	rule.service.loader.enable = true
	schema.format = null
	schema.reflection = false
	schema.registry.basic.auth.user.info = [hidden]
	schema.registry.ssl.cipher.suites = null
	schema.registry.ssl.enabled.protocols = [TLSv1.2, TLSv1.3]
	schema.registry.ssl.endpoint.identification.algorithm = https
	schema.registry.ssl.engine.factory.class = null
	schema.registry.ssl.key.password = null
	schema.registry.ssl.keymanager.algorithm = SunX509
	schema.registry.ssl.keystore.certificate.chain = null
	schema.registry.ssl.keystore.key = null
	schema.registry.ssl.keystore.location = null
	schema.registry.ssl.keystore.password = null
	schema.registry.ssl.keystore.type = JKS
	schema.registry.ssl.protocol = TLSv1.3
	schema.registry.ssl.provider = null
	schema.registry.ssl.secure.random.implementation = null
	schema.registry.ssl.trustmanager.algorithm = PKIX
	schema.registry.ssl.truststore.certificates = null
	schema.registry.ssl.truststore.location = null
	schema.registry.ssl.truststore.password = null
	schema.registry.ssl.truststore.type = JKS
	schema.registry.url = [http://registry-app-inmemory.apps.ci419.apicurio-testing.org:80/apis/ccompat/v7]
	schema.registry.url.randomize = false
	specific.avro.key.type = null
	specific.avro.reader = false
	specific.avro.value.type = null
	use.latest.version = false
	use.latest.with.metadata = null
	use.schema.id = -1
	value.schema.id.deserializer = class io.confluent.kafka.serializers.schema.id.DualSchemaIdDeserializer
	value.schema.id.serializer = class io.confluent.kafka.serializers.schema.id.PrefixSchemaIdSerializer
	value.subject.name.strategy = class io.confluent.kafka.serializers.subject.TopicNameStrategy

2025-07-31 20:41:47,350 INFO  [org.apa.kaf.cli.con.ConsumerConfig] (main) These configurations '[schema.registry.url]' were supplied but are not used yet.
2025-07-31 20:41:47,350 INFO  [org.apa.kaf.com.uti.AppInfoParser] (main) Kafka version: 3.9.1
2025-07-31 20:41:47,350 INFO  [org.apa.kaf.com.uti.AppInfoParser] (main) Kafka commitId: f745dfdcee2b9851
2025-07-31 20:41:47,350 INFO  [org.apa.kaf.com.uti.AppInfoParser] (main) Kafka startTimeMs: 1753994507350
2025-07-31 20:41:47,351 INFO  [org.apa.kaf.cli.con.int.ClassicKafkaConsumer] (Thread-870) [Consumer clientId=consumer-Consumer-topic-7ef3ea24_2992_4900_88c0_e25faf934fe8-35, groupId=Consumer-topic-7ef3ea24_2992_4900_88c0_e25faf934fe8] Subscribed to topic(s): topic-7ef3ea24_2992_4900_88c0_e25faf934fe8
2025-07-31 20:41:47,356 INFO  [org.apa.kaf.cli.Metadata] (Thread-870) [Consumer clientId=consumer-Consumer-topic-7ef3ea24_2992_4900_88c0_e25faf934fe8-35, groupId=Consumer-topic-7ef3ea24_2992_4900_88c0_e25faf934fe8] Cluster ID: b-_w6pXwSzuW2BMgmumbNQ
2025-07-31 20:41:47,357 INFO  [org.apa.kaf.cli.con.int.ConsumerCoordinator] (Thread-870) [Consumer clientId=consumer-Consumer-topic-7ef3ea24_2992_4900_88c0_e25faf934fe8-35, groupId=Consumer-topic-7ef3ea24_2992_4900_88c0_e25faf934fe8] Discovered group coordinator localhost:32770 (id: 2147483647 rack: null)
2025-07-31 20:41:47,359 INFO  [org.apa.kaf.cli.con.int.ConsumerCoordinator] (Thread-870) [Consumer clientId=consumer-Consumer-topic-7ef3ea24_2992_4900_88c0_e25faf934fe8-35, groupId=Consumer-topic-7ef3ea24_2992_4900_88c0_e25faf934fe8] (Re-)joining group
2025-07-31 20:41:47,362 INFO  [org.apa.kaf.cli.con.int.ConsumerCoordinator] (Thread-870) [Consumer clientId=consumer-Consumer-topic-7ef3ea24_2992_4900_88c0_e25faf934fe8-35, groupId=Consumer-topic-7ef3ea24_2992_4900_88c0_e25faf934fe8] Request joining group due to: need to re-join with the given member-id: consumer-Consumer-topic-7ef3ea24_2992_4900_88c0_e25faf934fe8-35-718bfe98-bda9-46ac-be9b-0ed70cfa0734
2025-07-31 20:41:47,362 INFO  [org.apa.kaf.cli.con.int.ConsumerCoordinator] (Thread-870) [Consumer clientId=consumer-Consumer-topic-7ef3ea24_2992_4900_88c0_e25faf934fe8-35, groupId=Consumer-topic-7ef3ea24_2992_4900_88c0_e25faf934fe8] (Re-)joining group
2025-07-31 20:41:47,365 INFO  [org.apa.kaf.cli.con.int.ConsumerCoordinator] (Thread-870) [Consumer clientId=consumer-Consumer-topic-7ef3ea24_2992_4900_88c0_e25faf934fe8-35, groupId=Consumer-topic-7ef3ea24_2992_4900_88c0_e25faf934fe8] Successfully joined group with generation Generation{generationId=3, memberId='consumer-Consumer-topic-7ef3ea24_2992_4900_88c0_e25faf934fe8-35-718bfe98-bda9-46ac-be9b-0ed70cfa0734', protocol='range'}
2025-07-31 20:41:47,366 INFO  [org.apa.kaf.cli.con.int.ConsumerCoordinator] (Thread-870) [Consumer clientId=consumer-Consumer-topic-7ef3ea24_2992_4900_88c0_e25faf934fe8-35, groupId=Consumer-topic-7ef3ea24_2992_4900_88c0_e25faf934fe8] Finished assignment for group at generation 3: {consumer-Consumer-topic-7ef3ea24_2992_4900_88c0_e25faf934fe8-35-718bfe98-bda9-46ac-be9b-0ed70cfa0734=Assignment(partitions=[topic-7ef3ea24_2992_4900_88c0_e25faf934fe8-0])}
2025-07-31 20:41:47,369 INFO  [org.apa.kaf.cli.con.int.ConsumerCoordinator] (Thread-870) [Consumer clientId=consumer-Consumer-topic-7ef3ea24_2992_4900_88c0_e25faf934fe8-35, groupId=Consumer-topic-7ef3ea24_2992_4900_88c0_e25faf934fe8] Successfully synced group in generation Generation{generationId=3, memberId='consumer-Consumer-topic-7ef3ea24_2992_4900_88c0_e25faf934fe8-35-718bfe98-bda9-46ac-be9b-0ed70cfa0734', protocol='range'}
2025-07-31 20:41:47,369 INFO  [org.apa.kaf.cli.con.int.ConsumerCoordinator] (Thread-870) [Consumer clientId=consumer-Consumer-topic-7ef3ea24_2992_4900_88c0_e25faf934fe8-35, groupId=Consumer-topic-7ef3ea24_2992_4900_88c0_e25faf934fe8] Notifying assignor about the new Assignment(partitions=[topic-7ef3ea24_2992_4900_88c0_e25faf934fe8-0])
2025-07-31 20:41:47,369 INFO  [org.apa.kaf.cli.con.int.ConsumerRebalanceListenerInvoker] (Thread-870) [Consumer clientId=consumer-Consumer-topic-7ef3ea24_2992_4900_88c0_e25faf934fe8-35, groupId=Consumer-topic-7ef3ea24_2992_4900_88c0_e25faf934fe8] Adding newly assigned partitions: topic-7ef3ea24_2992_4900_88c0_e25faf934fe8-0
2025-07-31 20:41:47,370 INFO  [org.apa.kaf.cli.con.int.ConsumerUtils] (Thread-870) Setting offset for partition topic-7ef3ea24_2992_4900_88c0_e25faf934fe8-0 to the committed offset FetchPosition{offset=10, offsetEpoch=Optional[0], currentLeader=LeaderAndEpoch{leader=Optional[localhost:32770 (id: 0 rack: null)], epoch=0}}
2025-07-31 20:41:47,404 INFO  [io.api.tes.ser.api.KafkaSerdesTester] (Thread-870) topic-7ef3ea24_2992_4900_88c0_e25faf934fe8 0 10 {"key1": "value-0", "key2": "value-0"}
2025-07-31 20:41:47,404 INFO  [io.api.tes.ser.api.KafkaSerdesTester] (Thread-870) topic-7ef3ea24_2992_4900_88c0_e25faf934fe8 0 11 {"key1": "value-1", "key2": "value-1"}
2025-07-31 20:41:47,404 INFO  [io.api.tes.ser.api.KafkaSerdesTester] (Thread-870) topic-7ef3ea24_2992_4900_88c0_e25faf934fe8 0 12 {"key1": "value-2", "key2": "value-2"}
2025-07-31 20:41:47,404 INFO  [io.api.tes.ser.api.KafkaSerdesTester] (Thread-870) topic-7ef3ea24_2992_4900_88c0_e25faf934fe8 0 13 {"key1": "value-3", "key2": "value-3"}
2025-07-31 20:41:47,404 INFO  [io.api.tes.ser.api.KafkaSerdesTester] (Thread-870) topic-7ef3ea24_2992_4900_88c0_e25faf934fe8 0 14 {"key1": "value-4", "key2": "value-4"}
2025-07-31 20:41:47,404 INFO  [io.api.tes.ser.api.KafkaSerdesTester] (Thread-870) topic-7ef3ea24_2992_4900_88c0_e25faf934fe8 0 15 {"key1": "value-5", "key2": "value-5"}
2025-07-31 20:41:47,404 INFO  [io.api.tes.ser.api.KafkaSerdesTester] (Thread-870) topic-7ef3ea24_2992_4900_88c0_e25faf934fe8 0 16 {"key1": "value-6", "key2": "value-6"}
2025-07-31 20:41:47,404 INFO  [io.api.tes.ser.api.KafkaSerdesTester] (Thread-870) topic-7ef3ea24_2992_4900_88c0_e25faf934fe8 0 17 {"key1": "value-7", "key2": "value-7"}
2025-07-31 20:41:47,404 INFO  [io.api.tes.ser.api.KafkaSerdesTester] (Thread-870) topic-7ef3ea24_2992_4900_88c0_e25faf934fe8 0 18 {"key1": "value-8", "key2": "value-8"}
2025-07-31 20:41:47,404 INFO  [io.api.tes.ser.api.KafkaSerdesTester] (Thread-870) topic-7ef3ea24_2992_4900_88c0_e25faf934fe8 0 19 {"key1": "value-9", "key2": "value-9"}
2025-07-31 20:41:47,404 INFO  [io.api.tes.ser.api.KafkaSerdesTester] (Thread-870) topic-7ef3ea24_2992_4900_88c0_e25faf934fe8 0 20 {"key1": "value-0"}
2025-07-31 20:41:47,404 INFO  [io.api.tes.ser.api.KafkaSerdesTester] (Thread-870) topic-7ef3ea24_2992_4900_88c0_e25faf934fe8 0 21 {"key1": "value-1"}
2025-07-31 20:41:47,405 INFO  [io.api.tes.ser.api.KafkaSerdesTester] (Thread-870) topic-7ef3ea24_2992_4900_88c0_e25faf934fe8 0 22 {"key1": "value-2"}
2025-07-31 20:41:47,405 INFO  [io.api.tes.ser.api.KafkaSerdesTester] (Thread-870) topic-7ef3ea24_2992_4900_88c0_e25faf934fe8 0 23 {"key1": "value-3"}
2025-07-31 20:41:47,405 INFO  [io.api.tes.ser.api.KafkaSerdesTester] (Thread-870) topic-7ef3ea24_2992_4900_88c0_e25faf934fe8 0 24 {"key1": "value-4"}
2025-07-31 20:41:47,405 INFO  [io.api.tes.ser.api.KafkaSerdesTester] (Thread-870) topic-7ef3ea24_2992_4900_88c0_e25faf934fe8 0 25 {"key1": "value-5"}
2025-07-31 20:41:47,405 INFO  [io.api.tes.ser.api.KafkaSerdesTester] (Thread-870) topic-7ef3ea24_2992_4900_88c0_e25faf934fe8 0 26 {"key1": "value-6"}
2025-07-31 20:41:47,405 INFO  [io.api.tes.ser.api.KafkaSerdesTester] (Thread-870) topic-7ef3ea24_2992_4900_88c0_e25faf934fe8 0 27 {"key1": "value-7"}
2025-07-31 20:41:47,405 INFO  [io.api.tes.ser.api.KafkaSerdesTester] (Thread-870) topic-7ef3ea24_2992_4900_88c0_e25faf934fe8 0 28 {"key1": "value-8"}
2025-07-31 20:41:47,405 INFO  [io.api.tes.ser.api.KafkaSerdesTester] (Thread-870) topic-7ef3ea24_2992_4900_88c0_e25faf934fe8 0 29 {"key1": "value-9"}
2025-07-31 20:41:47,405 INFO  [io.api.tes.ser.api.KafkaSerdesTester] (Thread-870) Consumed 20 messages
2025-07-31 20:41:47,408 INFO  [org.apa.kaf.cli.con.int.ConsumerRebalanceListenerInvoker] (Thread-870) [Consumer clientId=consumer-Consumer-topic-7ef3ea24_2992_4900_88c0_e25faf934fe8-35, groupId=Consumer-topic-7ef3ea24_2992_4900_88c0_e25faf934fe8] Revoke previously assigned partitions topic-7ef3ea24_2992_4900_88c0_e25faf934fe8-0
2025-07-31 20:41:47,408 INFO  [org.apa.kaf.cli.con.int.ConsumerCoordinator] (Thread-870) [Consumer clientId=consumer-Consumer-topic-7ef3ea24_2992_4900_88c0_e25faf934fe8-35, groupId=Consumer-topic-7ef3ea24_2992_4900_88c0_e25faf934fe8] Member consumer-Consumer-topic-7ef3ea24_2992_4900_88c0_e25faf934fe8-35-718bfe98-bda9-46ac-be9b-0ed70cfa0734 sending LeaveGroup request to coordinator localhost:32770 (id: 2147483647 rack: null) due to the consumer is being closed
2025-07-31 20:41:47,409 INFO  [org.apa.kaf.cli.con.int.ConsumerCoordinator] (Thread-870) [Consumer clientId=consumer-Consumer-topic-7ef3ea24_2992_4900_88c0_e25faf934fe8-35, groupId=Consumer-topic-7ef3ea24_2992_4900_88c0_e25faf934fe8] Resetting generation and member id due to: consumer pro-actively leaving the group
2025-07-31 20:41:47,409 INFO  [org.apa.kaf.cli.con.int.ConsumerCoordinator] (Thread-870) [Consumer clientId=consumer-Consumer-topic-7ef3ea24_2992_4900_88c0_e25faf934fe8-35, groupId=Consumer-topic-7ef3ea24_2992_4900_88c0_e25faf934fe8] Request joining group due to: consumer pro-actively leaving the group
2025-07-31 20:41:47,907 INFO  [org.apa.kaf.com.met.Metrics] (Thread-870) Metrics scheduler closed
2025-07-31 20:41:47,907 INFO  [org.apa.kaf.com.met.Metrics] (Thread-870) Closing reporter org.apache.kafka.common.metrics.JmxReporter
2025-07-31 20:41:47,907 INFO  [org.apa.kaf.com.met.Metrics] (Thread-870) Closing reporter org.apache.kafka.common.telemetry.internals.ClientTelemetryReporter
2025-07-31 20:41:47,907 INFO  [org.apa.kaf.com.met.Metrics] (Thread-870) Metrics reporters closed
2025-07-31 20:41:47,909 INFO  [org.apa.kaf.com.uti.AppInfoParser] (Thread-870) App info kafka.consumer for consumer-Consumer-topic-7ef3ea24_2992_4900_88c0_e25faf934fe8-35 unregistered
**** Registry Base URL: http://registry-app-inmemory.apps.ci419.apicurio-testing.org:80
2025-07-31 20:41:48,929 INFO  [org.apa.kaf.cli.pro.ProducerConfig] (main) ProducerConfig values: 
	acks = -1
	auto.include.jmx.reporter = true
	batch.size = 16384
	bootstrap.servers = [PLAINTEXT://localhost:32770]
	buffer.memory = 33554432
	client.dns.lookup = use_all_dns_ips
	client.id = Producer-topic-7ef3ea24_2992_4900_88c0_e25faf934fe8
	compression.gzip.level = -1
	compression.lz4.level = 9
	compression.type = none
	compression.zstd.level = 3
	connections.max.idle.ms = 10000
	delivery.timeout.ms = 120000
	enable.idempotence = true
	enable.metrics.push = true
	interceptor.classes = []
	key.serializer = class org.apache.kafka.common.serialization.StringSerializer
	linger.ms = 0
	max.block.ms = 60000
	max.in.flight.requests.per.connection = 5
	max.request.size = 1048576
	metadata.max.age.ms = 300000
	metadata.max.idle.ms = 300000
	metadata.recovery.strategy = none
	metric.reporters = []
	metrics.num.samples = 2
	metrics.recording.level = INFO
	metrics.sample.window.ms = 30000
	partitioner.adaptive.partitioning.enable = true
	partitioner.availability.timeout.ms = 0
	partitioner.class = null
	partitioner.ignore.keys = false
	receive.buffer.bytes = 32768
	reconnect.backoff.max.ms = 1000
	reconnect.backoff.ms = 50
	request.timeout.ms = 5000
	retries = 2147483647
	retry.backoff.max.ms = 1000
	retry.backoff.ms = 100
	sasl.client.callback.handler.class = null
	sasl.jaas.config = null
	sasl.kerberos.kinit.cmd = /usr/bin/kinit
	sasl.kerberos.min.time.before.relogin = 60000
	sasl.kerberos.service.name = null
	sasl.kerberos.ticket.renew.jitter = 0.05
	sasl.kerberos.ticket.renew.window.factor = 0.8
	sasl.login.callback.handler.class = null
	sasl.login.class = null
	sasl.login.connect.timeout.ms = null
	sasl.login.read.timeout.ms = null
	sasl.login.refresh.buffer.seconds = 300
	sasl.login.refresh.min.period.seconds = 60
	sasl.login.refresh.window.factor = 0.8
	sasl.login.refresh.window.jitter = 0.05
	sasl.login.retry.backoff.max.ms = 10000
	sasl.login.retry.backoff.ms = 100
	sasl.mechanism = GSSAPI
	sasl.oauthbearer.clock.skew.seconds = 30
	sasl.oauthbearer.expected.audience = null
	sasl.oauthbearer.expected.issuer = null
	sasl.oauthbearer.header.urlencode = false
	sasl.oauthbearer.jwks.endpoint.refresh.ms = 3600000
	sasl.oauthbearer.jwks.endpoint.retry.backoff.max.ms = 10000
	sasl.oauthbearer.jwks.endpoint.retry.backoff.ms = 100
	sasl.oauthbearer.jwks.endpoint.url = null
	sasl.oauthbearer.scope.claim.name = scope
	sasl.oauthbearer.sub.claim.name = sub
	sasl.oauthbearer.token.endpoint.url = null
	security.protocol = PLAINTEXT
	security.providers = null
	send.buffer.bytes = 131072
	socket.connection.setup.timeout.max.ms = 30000
	socket.connection.setup.timeout.ms = 10000
	ssl.cipher.suites = null
	ssl.enabled.protocols = [TLSv1.2, TLSv1.3]
	ssl.endpoint.identification.algorithm = https
	ssl.engine.factory.class = null
	ssl.key.password = null
	ssl.keymanager.algorithm = SunX509
	ssl.keystore.certificate.chain = null
	ssl.keystore.key = null
	ssl.keystore.location = null
	ssl.keystore.password = null
	ssl.keystore.type = JKS
	ssl.protocol = TLSv1.3
	ssl.provider = null
	ssl.secure.random.implementation = null
	ssl.trustmanager.algorithm = PKIX
	ssl.truststore.certificates = null
	ssl.truststore.location = null
	ssl.truststore.password = null
	ssl.truststore.type = JKS
	transaction.timeout.ms = 60000
	transactional.id = null
	value.serializer = class io.confluent.kafka.serializers.KafkaAvroSerializer

2025-07-31 20:41:48,929 INFO  [org.apa.kaf.com.tel.int.KafkaMetricsCollector] (main) initializing Kafka metrics collector
2025-07-31 20:41:48,930 INFO  [io.con.kaf.ser.KafkaAvroSerializerConfig] (main) KafkaAvroSerializerConfig values: 
	auto.register.schemas = false
	avro.reflection.allow.null = false
	avro.remove.java.properties = false
	avro.use.logical.type.converters = false
	basic.auth.credentials.source = URL
	basic.auth.user.info = [hidden]
	bearer.auth.cache.expiry.buffer.seconds = 300
	bearer.auth.client.id = null
	bearer.auth.client.secret = null
	bearer.auth.credentials.source = STATIC_TOKEN
	bearer.auth.custom.provider.class = null
	bearer.auth.identity.pool.id = null
	bearer.auth.issuer.endpoint.url = null
	bearer.auth.logical.cluster = null
	bearer.auth.scope = null
	bearer.auth.scope.claim.name = scope
	bearer.auth.sub.claim.name = sub
	bearer.auth.token = [hidden]
	context.name.strategy = class io.confluent.kafka.serializers.context.NullContextNameStrategy
	http.connect.timeout.ms = 60000
	http.read.timeout.ms = 60000
	id.compatibility.strict = true
	key.schema.id.deserializer = class io.confluent.kafka.serializers.schema.id.DualSchemaIdDeserializer
	key.schema.id.serializer = class io.confluent.kafka.serializers.schema.id.PrefixSchemaIdSerializer
	key.subject.name.strategy = class io.confluent.kafka.serializers.subject.TopicNameStrategy
	latest.cache.size = 1000
	latest.cache.ttl.sec = -1
	latest.compatibility.strict = true
	max.retries = 3
	max.schemas.per.subject = 1000
	normalize.schemas = false
	propagate.schema.tags = false
	proxy.host = 
	proxy.port = -1
	retries.max.wait.ms = 20000
	retries.wait.ms = 1000
	rule.actions = []
	rule.executors = []
	rule.service.loader.enable = true
	schema.format = null
	schema.reflection = false
	schema.registry.basic.auth.user.info = [hidden]
	schema.registry.ssl.cipher.suites = null
	schema.registry.ssl.enabled.protocols = [TLSv1.2, TLSv1.3]
	schema.registry.ssl.endpoint.identification.algorithm = https
	schema.registry.ssl.engine.factory.class = null
	schema.registry.ssl.key.password = null
	schema.registry.ssl.keymanager.algorithm = SunX509
	schema.registry.ssl.keystore.certificate.chain = null
	schema.registry.ssl.keystore.key = null
	schema.registry.ssl.keystore.location = null
	schema.registry.ssl.keystore.password = null
	schema.registry.ssl.keystore.type = JKS
	schema.registry.ssl.protocol = TLSv1.3
	schema.registry.ssl.provider = null
	schema.registry.ssl.secure.random.implementation = null
	schema.registry.ssl.trustmanager.algorithm = PKIX
	schema.registry.ssl.truststore.certificates = null
	schema.registry.ssl.truststore.location = null
	schema.registry.ssl.truststore.password = null
	schema.registry.ssl.truststore.type = JKS
	schema.registry.url = [http://registry-app-inmemory.apps.ci419.apicurio-testing.org:80/apis/ccompat/v7]
	schema.registry.url.randomize = false
	use.latest.version = false
	use.latest.with.metadata = null
	use.schema.id = -1
	value.schema.id.deserializer = class io.confluent.kafka.serializers.schema.id.DualSchemaIdDeserializer
	value.schema.id.serializer = class io.confluent.kafka.serializers.schema.id.PrefixSchemaIdSerializer
	value.subject.name.strategy = class io.confluent.kafka.serializers.subject.TopicRecordNameStrategy

2025-07-31 20:41:48,932 INFO  [org.apa.kaf.cli.pro.KafkaProducer] (main) [Producer clientId=Producer-topic-7ef3ea24_2992_4900_88c0_e25faf934fe8] Instantiated an idempotent producer.
2025-07-31 20:41:48,934 INFO  [org.apa.kaf.cli.pro.ProducerConfig] (main) These configurations '[schema.registry.url, auto.register.schemas, value.subject.name.strategy]' were supplied but are not used yet.
2025-07-31 20:41:48,934 INFO  [org.apa.kaf.com.uti.AppInfoParser] (main) Kafka version: 3.9.1
2025-07-31 20:41:48,934 INFO  [org.apa.kaf.com.uti.AppInfoParser] (main) Kafka commitId: f745dfdcee2b9851
2025-07-31 20:41:48,934 INFO  [org.apa.kaf.com.uti.AppInfoParser] (main) Kafka startTimeMs: 1753994508934
2025-07-31 20:41:48,936 INFO  [io.api.tes.ser.api.KafkaSerdesTester] (Thread-871) Sending message {"key1": "value-0", "key2": "value-0", "key3": "value-0"} to topic topic-7ef3ea24_2992_4900_88c0_e25faf934fe8
2025-07-31 20:41:48,939 INFO  [org.apa.kaf.cli.Metadata] (kafka-producer-network-thread | Producer-topic-7ef3ea24_2992_4900_88c0_e25faf934fe8) [Producer clientId=Producer-topic-7ef3ea24_2992_4900_88c0_e25faf934fe8] Cluster ID: b-_w6pXwSzuW2BMgmumbNQ
2025-07-31 20:41:48,940 INFO  [org.apa.kaf.cli.pro.int.TransactionManager] (kafka-producer-network-thread | Producer-topic-7ef3ea24_2992_4900_88c0_e25faf934fe8) [Producer clientId=Producer-topic-7ef3ea24_2992_4900_88c0_e25faf934fe8] ProducerId set to 47 with epoch 0
2025-07-31 20:41:48,954 INFO  [io.api.tes.ser.api.KafkaSerdesTester] (Thread-871) Sending message {"key1": "value-1", "key2": "value-1", "key3": "value-1"} to topic topic-7ef3ea24_2992_4900_88c0_e25faf934fe8
2025-07-31 20:41:48,956 INFO  [io.api.tes.ser.api.KafkaSerdesTester] (Thread-871) Sending message {"key1": "value-2", "key2": "value-2", "key3": "value-2"} to topic topic-7ef3ea24_2992_4900_88c0_e25faf934fe8
2025-07-31 20:41:48,957 INFO  [io.api.tes.ser.api.KafkaSerdesTester] (Thread-871) Sending message {"key1": "value-3", "key2": "value-3", "key3": "value-3"} to topic topic-7ef3ea24_2992_4900_88c0_e25faf934fe8
2025-07-31 20:41:48,958 INFO  [io.api.tes.ser.api.KafkaSerdesTester] (Thread-871) Sending message {"key1": "value-4", "key2": "value-4", "key3": "value-4"} to topic topic-7ef3ea24_2992_4900_88c0_e25faf934fe8
2025-07-31 20:41:48,959 INFO  [io.api.tes.ser.api.KafkaSerdesTester] (Thread-871) Sending message {"key1": "value-5", "key2": "value-5", "key3": "value-5"} to topic topic-7ef3ea24_2992_4900_88c0_e25faf934fe8
2025-07-31 20:41:48,962 INFO  [io.api.tes.ser.api.KafkaSerdesTester] (Thread-871) Sending message {"key1": "value-6", "key2": "value-6", "key3": "value-6"} to topic topic-7ef3ea24_2992_4900_88c0_e25faf934fe8
2025-07-31 20:41:48,963 INFO  [io.api.tes.ser.api.KafkaSerdesTester] (Thread-871) Sending message {"key1": "value-7", "key2": "value-7", "key3": "value-7"} to topic topic-7ef3ea24_2992_4900_88c0_e25faf934fe8
2025-07-31 20:41:48,964 INFO  [io.api.tes.ser.api.KafkaSerdesTester] (Thread-871) Sending message {"key1": "value-8", "key2": "value-8", "key3": "value-8"} to topic topic-7ef3ea24_2992_4900_88c0_e25faf934fe8
2025-07-31 20:41:48,965 INFO  [io.api.tes.ser.api.KafkaSerdesTester] (Thread-871) Sending message {"key1": "value-9", "key2": "value-9", "key3": "value-9"} to topic topic-7ef3ea24_2992_4900_88c0_e25faf934fe8
2025-07-31 20:41:48,966 INFO  [io.api.tes.ser.api.KafkaSerdesTester] (Thread-871) Produced 10 messages
2025-07-31 20:41:48,966 INFO  [org.apa.kaf.cli.pro.KafkaProducer] (Thread-871) [Producer clientId=Producer-topic-7ef3ea24_2992_4900_88c0_e25faf934fe8] Closing the Kafka producer with timeoutMillis = 9223372036854775807 ms.
2025-07-31 20:41:48,968 INFO  [org.apa.kaf.com.met.Metrics] (Thread-871) Metrics scheduler closed
2025-07-31 20:41:48,968 INFO  [org.apa.kaf.com.met.Metrics] (Thread-871) Closing reporter org.apache.kafka.common.metrics.JmxReporter
2025-07-31 20:41:48,968 INFO  [org.apa.kaf.com.met.Metrics] (Thread-871) Closing reporter org.apache.kafka.common.telemetry.internals.ClientTelemetryReporter
2025-07-31 20:41:48,968 INFO  [org.apa.kaf.com.met.Metrics] (Thread-871) Metrics reporters closed
2025-07-31 20:41:48,968 INFO  [org.apa.kaf.com.uti.AppInfoParser] (Thread-871) App info kafka.producer for Producer-topic-7ef3ea24_2992_4900_88c0_e25faf934fe8 unregistered
**** Registry Base URL: http://registry-app-inmemory.apps.ci419.apicurio-testing.org:80
2025-07-31 20:41:48,968 INFO  [org.apa.kaf.cli.pro.ProducerConfig] (main) ProducerConfig values: 
	acks = -1
	auto.include.jmx.reporter = true
	batch.size = 16384
	bootstrap.servers = [PLAINTEXT://localhost:32770]
	buffer.memory = 33554432
	client.dns.lookup = use_all_dns_ips
	client.id = Producer-topic-7ef3ea24_2992_4900_88c0_e25faf934fe8
	compression.gzip.level = -1
	compression.lz4.level = 9
	compression.type = none
	compression.zstd.level = 3
	connections.max.idle.ms = 10000
	delivery.timeout.ms = 120000
	enable.idempotence = true
	enable.metrics.push = true
	interceptor.classes = []
	key.serializer = class org.apache.kafka.common.serialization.StringSerializer
	linger.ms = 0
	max.block.ms = 60000
	max.in.flight.requests.per.connection = 5
	max.request.size = 1048576
	metadata.max.age.ms = 300000
	metadata.max.idle.ms = 300000
	metadata.recovery.strategy = none
	metric.reporters = []
	metrics.num.samples = 2
	metrics.recording.level = INFO
	metrics.sample.window.ms = 30000
	partitioner.adaptive.partitioning.enable = true
	partitioner.availability.timeout.ms = 0
	partitioner.class = null
	partitioner.ignore.keys = false
	receive.buffer.bytes = 32768
	reconnect.backoff.max.ms = 1000
	reconnect.backoff.ms = 50
	request.timeout.ms = 5000
	retries = 2147483647
	retry.backoff.max.ms = 1000
	retry.backoff.ms = 100
	sasl.client.callback.handler.class = null
	sasl.jaas.config = null
	sasl.kerberos.kinit.cmd = /usr/bin/kinit
	sasl.kerberos.min.time.before.relogin = 60000
	sasl.kerberos.service.name = null
	sasl.kerberos.ticket.renew.jitter = 0.05
	sasl.kerberos.ticket.renew.window.factor = 0.8
	sasl.login.callback.handler.class = null
	sasl.login.class = null
	sasl.login.connect.timeout.ms = null
	sasl.login.read.timeout.ms = null
	sasl.login.refresh.buffer.seconds = 300
	sasl.login.refresh.min.period.seconds = 60
	sasl.login.refresh.window.factor = 0.8
	sasl.login.refresh.window.jitter = 0.05
	sasl.login.retry.backoff.max.ms = 10000
	sasl.login.retry.backoff.ms = 100
	sasl.mechanism = GSSAPI
	sasl.oauthbearer.clock.skew.seconds = 30
	sasl.oauthbearer.expected.audience = null
	sasl.oauthbearer.expected.issuer = null
	sasl.oauthbearer.header.urlencode = false
	sasl.oauthbearer.jwks.endpoint.refresh.ms = 3600000
	sasl.oauthbearer.jwks.endpoint.retry.backoff.max.ms = 10000
	sasl.oauthbearer.jwks.endpoint.retry.backoff.ms = 100
	sasl.oauthbearer.jwks.endpoint.url = null
	sasl.oauthbearer.scope.claim.name = scope
	sasl.oauthbearer.sub.claim.name = sub
	sasl.oauthbearer.token.endpoint.url = null
	security.protocol = PLAINTEXT
	security.providers = null
	send.buffer.bytes = 131072
	socket.connection.setup.timeout.max.ms = 30000
	socket.connection.setup.timeout.ms = 10000
	ssl.cipher.suites = null
	ssl.enabled.protocols = [TLSv1.2, TLSv1.3]
	ssl.endpoint.identification.algorithm = https
	ssl.engine.factory.class = null
	ssl.key.password = null
	ssl.keymanager.algorithm = SunX509
	ssl.keystore.certificate.chain = null
	ssl.keystore.key = null
	ssl.keystore.location = null
	ssl.keystore.password = null
	ssl.keystore.type = JKS
	ssl.protocol = TLSv1.3
	ssl.provider = null
	ssl.secure.random.implementation = null
	ssl.trustmanager.algorithm = PKIX
	ssl.truststore.certificates = null
	ssl.truststore.location = null
	ssl.truststore.password = null
	ssl.truststore.type = JKS
	transaction.timeout.ms = 60000
	transactional.id = null
	value.serializer = class io.confluent.kafka.serializers.KafkaAvroSerializer

2025-07-31 20:41:48,968 INFO  [org.apa.kaf.com.tel.int.KafkaMetricsCollector] (main) initializing Kafka metrics collector
2025-07-31 20:41:48,969 INFO  [io.con.kaf.ser.KafkaAvroSerializerConfig] (main) KafkaAvroSerializerConfig values: 
	auto.register.schemas = false
	avro.reflection.allow.null = false
	avro.remove.java.properties = false
	avro.use.logical.type.converters = false
	basic.auth.credentials.source = URL
	basic.auth.user.info = [hidden]
	bearer.auth.cache.expiry.buffer.seconds = 300
	bearer.auth.client.id = null
	bearer.auth.client.secret = null
	bearer.auth.credentials.source = STATIC_TOKEN
	bearer.auth.custom.provider.class = null
	bearer.auth.identity.pool.id = null
	bearer.auth.issuer.endpoint.url = null
	bearer.auth.logical.cluster = null
	bearer.auth.scope = null
	bearer.auth.scope.claim.name = scope
	bearer.auth.sub.claim.name = sub
	bearer.auth.token = [hidden]
	context.name.strategy = class io.confluent.kafka.serializers.context.NullContextNameStrategy
	http.connect.timeout.ms = 60000
	http.read.timeout.ms = 60000
	id.compatibility.strict = true
	key.schema.id.deserializer = class io.confluent.kafka.serializers.schema.id.DualSchemaIdDeserializer
	key.schema.id.serializer = class io.confluent.kafka.serializers.schema.id.PrefixSchemaIdSerializer
	key.subject.name.strategy = class io.confluent.kafka.serializers.subject.TopicNameStrategy
	latest.cache.size = 1000
	latest.cache.ttl.sec = -1
	latest.compatibility.strict = true
	max.retries = 3
	max.schemas.per.subject = 1000
	normalize.schemas = false
	propagate.schema.tags = false
	proxy.host = 
	proxy.port = -1
	retries.max.wait.ms = 20000
	retries.wait.ms = 1000
	rule.actions = []
	rule.executors = []
	rule.service.loader.enable = true
	schema.format = null
	schema.reflection = false
	schema.registry.basic.auth.user.info = [hidden]
	schema.registry.ssl.cipher.suites = null
	schema.registry.ssl.enabled.protocols = [TLSv1.2, TLSv1.3]
	schema.registry.ssl.endpoint.identification.algorithm = https
	schema.registry.ssl.engine.factory.class = null
	schema.registry.ssl.key.password = null
	schema.registry.ssl.keymanager.algorithm = SunX509
	schema.registry.ssl.keystore.certificate.chain = null
	schema.registry.ssl.keystore.key = null
	schema.registry.ssl.keystore.location = null
	schema.registry.ssl.keystore.password = null
	schema.registry.ssl.keystore.type = JKS
	schema.registry.ssl.protocol = TLSv1.3
	schema.registry.ssl.provider = null
	schema.registry.ssl.secure.random.implementation = null
	schema.registry.ssl.trustmanager.algorithm = PKIX
	schema.registry.ssl.truststore.certificates = null
	schema.registry.ssl.truststore.location = null
	schema.registry.ssl.truststore.password = null
	schema.registry.ssl.truststore.type = JKS
	schema.registry.url = [http://registry-app-inmemory.apps.ci419.apicurio-testing.org:80/apis/ccompat/v7]
	schema.registry.url.randomize = false
	use.latest.version = false
	use.latest.with.metadata = null
	use.schema.id = -1
	value.schema.id.deserializer = class io.confluent.kafka.serializers.schema.id.DualSchemaIdDeserializer
	value.schema.id.serializer = class io.confluent.kafka.serializers.schema.id.PrefixSchemaIdSerializer
	value.subject.name.strategy = class io.confluent.kafka.serializers.subject.TopicRecordNameStrategy

2025-07-31 20:41:48,970 INFO  [org.apa.kaf.cli.pro.KafkaProducer] (main) [Producer clientId=Producer-topic-7ef3ea24_2992_4900_88c0_e25faf934fe8] Instantiated an idempotent producer.
2025-07-31 20:41:48,972 INFO  [org.apa.kaf.cli.pro.ProducerConfig] (main) These configurations '[schema.registry.url, auto.register.schemas, value.subject.name.strategy]' were supplied but are not used yet.
2025-07-31 20:41:48,972 INFO  [org.apa.kaf.com.uti.AppInfoParser] (main) Kafka version: 3.9.1
2025-07-31 20:41:48,972 INFO  [org.apa.kaf.com.uti.AppInfoParser] (main) Kafka commitId: f745dfdcee2b9851
2025-07-31 20:41:48,972 INFO  [org.apa.kaf.com.uti.AppInfoParser] (main) Kafka startTimeMs: 1753994508972
2025-07-31 20:41:48,973 INFO  [io.api.tes.ser.api.KafkaSerdesTester] (Thread-872) Sending message {"key1": "value-0", "key2": "value-0"} to topic topic-7ef3ea24_2992_4900_88c0_e25faf934fe8
2025-07-31 20:41:48,977 INFO  [org.apa.kaf.cli.Metadata] (kafka-producer-network-thread | Producer-topic-7ef3ea24_2992_4900_88c0_e25faf934fe8) [Producer clientId=Producer-topic-7ef3ea24_2992_4900_88c0_e25faf934fe8] Cluster ID: b-_w6pXwSzuW2BMgmumbNQ
2025-07-31 20:41:48,977 INFO  [org.apa.kaf.cli.pro.int.TransactionManager] (kafka-producer-network-thread | Producer-topic-7ef3ea24_2992_4900_88c0_e25faf934fe8) [Producer clientId=Producer-topic-7ef3ea24_2992_4900_88c0_e25faf934fe8] ProducerId set to 48 with epoch 0
2025-07-31 20:41:48,991 INFO  [io.api.tes.ser.api.KafkaSerdesTester] (Thread-872) Sending message {"key1": "value-1", "key2": "value-1"} to topic topic-7ef3ea24_2992_4900_88c0_e25faf934fe8
2025-07-31 20:41:48,992 INFO  [io.api.tes.ser.api.KafkaSerdesTester] (Thread-872) Sending message {"key1": "value-2", "key2": "value-2"} to topic topic-7ef3ea24_2992_4900_88c0_e25faf934fe8
2025-07-31 20:41:48,993 INFO  [io.api.tes.ser.api.KafkaSerdesTester] (Thread-872) Sending message {"key1": "value-3", "key2": "value-3"} to topic topic-7ef3ea24_2992_4900_88c0_e25faf934fe8
2025-07-31 20:41:48,997 INFO  [io.api.tes.ser.api.KafkaSerdesTester] (Thread-872) Sending message {"key1": "value-4", "key2": "value-4"} to topic topic-7ef3ea24_2992_4900_88c0_e25faf934fe8
2025-07-31 20:41:48,999 INFO  [io.api.tes.ser.api.KafkaSerdesTester] (Thread-872) Sending message {"key1": "value-5", "key2": "value-5"} to topic topic-7ef3ea24_2992_4900_88c0_e25faf934fe8
2025-07-31 20:41:49,001 INFO  [io.api.tes.ser.api.KafkaSerdesTester] (Thread-872) Sending message {"key1": "value-6", "key2": "value-6"} to topic topic-7ef3ea24_2992_4900_88c0_e25faf934fe8
2025-07-31 20:41:49,003 INFO  [io.api.tes.ser.api.KafkaSerdesTester] (Thread-872) Sending message {"key1": "value-7", "key2": "value-7"} to topic topic-7ef3ea24_2992_4900_88c0_e25faf934fe8
2025-07-31 20:41:49,005 INFO  [io.api.tes.ser.api.KafkaSerdesTester] (Thread-872) Sending message {"key1": "value-8", "key2": "value-8"} to topic topic-7ef3ea24_2992_4900_88c0_e25faf934fe8
2025-07-31 20:41:49,007 INFO  [io.api.tes.ser.api.KafkaSerdesTester] (Thread-872) Sending message {"key1": "value-9", "key2": "value-9"} to topic topic-7ef3ea24_2992_4900_88c0_e25faf934fe8
2025-07-31 20:41:49,008 INFO  [io.api.tes.ser.api.KafkaSerdesTester] (Thread-872) Produced 10 messages
2025-07-31 20:41:49,008 INFO  [org.apa.kaf.cli.pro.KafkaProducer] (Thread-872) [Producer clientId=Producer-topic-7ef3ea24_2992_4900_88c0_e25faf934fe8] Closing the Kafka producer with timeoutMillis = 9223372036854775807 ms.
2025-07-31 20:41:49,012 INFO  [org.apa.kaf.com.met.Metrics] (Thread-872) Metrics scheduler closed
2025-07-31 20:41:49,012 INFO  [org.apa.kaf.com.met.Metrics] (Thread-872) Closing reporter org.apache.kafka.common.metrics.JmxReporter
2025-07-31 20:41:49,012 INFO  [org.apa.kaf.com.met.Metrics] (Thread-872) Closing reporter org.apache.kafka.common.telemetry.internals.ClientTelemetryReporter
2025-07-31 20:41:49,012 INFO  [org.apa.kaf.com.met.Metrics] (Thread-872) Metrics reporters closed
2025-07-31 20:41:49,012 INFO  [org.apa.kaf.com.uti.AppInfoParser] (Thread-872) App info kafka.producer for Producer-topic-7ef3ea24_2992_4900_88c0_e25faf934fe8 unregistered
**** Registry Base URL: http://registry-app-inmemory.apps.ci419.apicurio-testing.org:80
2025-07-31 20:41:49,013 INFO  [org.apa.kaf.cli.pro.ProducerConfig] (main) ProducerConfig values: 
	acks = -1
	auto.include.jmx.reporter = true
	batch.size = 16384
	bootstrap.servers = [PLAINTEXT://localhost:32770]
	buffer.memory = 33554432
	client.dns.lookup = use_all_dns_ips
	client.id = Producer-topic-7ef3ea24_2992_4900_88c0_e25faf934fe8
	compression.gzip.level = -1
	compression.lz4.level = 9
	compression.type = none
	compression.zstd.level = 3
	connections.max.idle.ms = 10000
	delivery.timeout.ms = 120000
	enable.idempotence = true
	enable.metrics.push = true
	interceptor.classes = []
	key.serializer = class org.apache.kafka.common.serialization.StringSerializer
	linger.ms = 0
	max.block.ms = 60000
	max.in.flight.requests.per.connection = 5
	max.request.size = 1048576
	metadata.max.age.ms = 300000
	metadata.max.idle.ms = 300000
	metadata.recovery.strategy = none
	metric.reporters = []
	metrics.num.samples = 2
	metrics.recording.level = INFO
	metrics.sample.window.ms = 30000
	partitioner.adaptive.partitioning.enable = true
	partitioner.availability.timeout.ms = 0
	partitioner.class = null
	partitioner.ignore.keys = false
	receive.buffer.bytes = 32768
	reconnect.backoff.max.ms = 1000
	reconnect.backoff.ms = 50
	request.timeout.ms = 5000
	retries = 2147483647
	retry.backoff.max.ms = 1000
	retry.backoff.ms = 100
	sasl.client.callback.handler.class = null
	sasl.jaas.config = null
	sasl.kerberos.kinit.cmd = /usr/bin/kinit
	sasl.kerberos.min.time.before.relogin = 60000
	sasl.kerberos.service.name = null
	sasl.kerberos.ticket.renew.jitter = 0.05
	sasl.kerberos.ticket.renew.window.factor = 0.8
	sasl.login.callback.handler.class = null
	sasl.login.class = null
	sasl.login.connect.timeout.ms = null
	sasl.login.read.timeout.ms = null
	sasl.login.refresh.buffer.seconds = 300
	sasl.login.refresh.min.period.seconds = 60
	sasl.login.refresh.window.factor = 0.8
	sasl.login.refresh.window.jitter = 0.05
	sasl.login.retry.backoff.max.ms = 10000
	sasl.login.retry.backoff.ms = 100
	sasl.mechanism = GSSAPI
	sasl.oauthbearer.clock.skew.seconds = 30
	sasl.oauthbearer.expected.audience = null
	sasl.oauthbearer.expected.issuer = null
	sasl.oauthbearer.header.urlencode = false
	sasl.oauthbearer.jwks.endpoint.refresh.ms = 3600000
	sasl.oauthbearer.jwks.endpoint.retry.backoff.max.ms = 10000
	sasl.oauthbearer.jwks.endpoint.retry.backoff.ms = 100
	sasl.oauthbearer.jwks.endpoint.url = null
	sasl.oauthbearer.scope.claim.name = scope
	sasl.oauthbearer.sub.claim.name = sub
	sasl.oauthbearer.token.endpoint.url = null
	security.protocol = PLAINTEXT
	security.providers = null
	send.buffer.bytes = 131072
	socket.connection.setup.timeout.max.ms = 30000
	socket.connection.setup.timeout.ms = 10000
	ssl.cipher.suites = null
	ssl.enabled.protocols = [TLSv1.2, TLSv1.3]
	ssl.endpoint.identification.algorithm = https
	ssl.engine.factory.class = null
	ssl.key.password = null
	ssl.keymanager.algorithm = SunX509
	ssl.keystore.certificate.chain = null
	ssl.keystore.key = null
	ssl.keystore.location = null
	ssl.keystore.password = null
	ssl.keystore.type = JKS
	ssl.protocol = TLSv1.3
	ssl.provider = null
	ssl.secure.random.implementation = null
	ssl.trustmanager.algorithm = PKIX
	ssl.truststore.certificates = null
	ssl.truststore.location = null
	ssl.truststore.password = null
	ssl.truststore.type = JKS
	transaction.timeout.ms = 60000
	transactional.id = null
	value.serializer = class io.confluent.kafka.serializers.KafkaAvroSerializer

2025-07-31 20:41:49,015 INFO  [org.apa.kaf.com.tel.int.KafkaMetricsCollector] (main) initializing Kafka metrics collector
2025-07-31 20:41:49,019 INFO  [io.con.kaf.ser.KafkaAvroSerializerConfig] (main) KafkaAvroSerializerConfig values: 
	auto.register.schemas = false
	avro.reflection.allow.null = false
	avro.remove.java.properties = false
	avro.use.logical.type.converters = false
	basic.auth.credentials.source = URL
	basic.auth.user.info = [hidden]
	bearer.auth.cache.expiry.buffer.seconds = 300
	bearer.auth.client.id = null
	bearer.auth.client.secret = null
	bearer.auth.credentials.source = STATIC_TOKEN
	bearer.auth.custom.provider.class = null
	bearer.auth.identity.pool.id = null
	bearer.auth.issuer.endpoint.url = null
	bearer.auth.logical.cluster = null
	bearer.auth.scope = null
	bearer.auth.scope.claim.name = scope
	bearer.auth.sub.claim.name = sub
	bearer.auth.token = [hidden]
	context.name.strategy = class io.confluent.kafka.serializers.context.NullContextNameStrategy
	http.connect.timeout.ms = 60000
	http.read.timeout.ms = 60000
	id.compatibility.strict = true
	key.schema.id.deserializer = class io.confluent.kafka.serializers.schema.id.DualSchemaIdDeserializer
	key.schema.id.serializer = class io.confluent.kafka.serializers.schema.id.PrefixSchemaIdSerializer
	key.subject.name.strategy = class io.confluent.kafka.serializers.subject.TopicNameStrategy
	latest.cache.size = 1000
	latest.cache.ttl.sec = -1
	latest.compatibility.strict = true
	max.retries = 3
	max.schemas.per.subject = 1000
	normalize.schemas = false
	propagate.schema.tags = false
	proxy.host = 
	proxy.port = -1
	retries.max.wait.ms = 20000
	retries.wait.ms = 1000
	rule.actions = []
	rule.executors = []
	rule.service.loader.enable = true
	schema.format = null
	schema.reflection = false
	schema.registry.basic.auth.user.info = [hidden]
	schema.registry.ssl.cipher.suites = null
	schema.registry.ssl.enabled.protocols = [TLSv1.2, TLSv1.3]
	schema.registry.ssl.endpoint.identification.algorithm = https
	schema.registry.ssl.engine.factory.class = null
	schema.registry.ssl.key.password = null
	schema.registry.ssl.keymanager.algorithm = SunX509
	schema.registry.ssl.keystore.certificate.chain = null
	schema.registry.ssl.keystore.key = null
	schema.registry.ssl.keystore.location = null
	schema.registry.ssl.keystore.password = null
	schema.registry.ssl.keystore.type = JKS
	schema.registry.ssl.protocol = TLSv1.3
	schema.registry.ssl.provider = null
	schema.registry.ssl.secure.random.implementation = null
	schema.registry.ssl.trustmanager.algorithm = PKIX
	schema.registry.ssl.truststore.certificates = null
	schema.registry.ssl.truststore.location = null
	schema.registry.ssl.truststore.password = null
	schema.registry.ssl.truststore.type = JKS
	schema.registry.url = [http://registry-app-inmemory.apps.ci419.apicurio-testing.org:80/apis/ccompat/v7]
	schema.registry.url.randomize = false
	use.latest.version = false
	use.latest.with.metadata = null
	use.schema.id = -1
	value.schema.id.deserializer = class io.confluent.kafka.serializers.schema.id.DualSchemaIdDeserializer
	value.schema.id.serializer = class io.confluent.kafka.serializers.schema.id.PrefixSchemaIdSerializer
	value.subject.name.strategy = class io.confluent.kafka.serializers.subject.TopicRecordNameStrategy

2025-07-31 20:41:49,024 INFO  [org.apa.kaf.cli.pro.KafkaProducer] (main) [Producer clientId=Producer-topic-7ef3ea24_2992_4900_88c0_e25faf934fe8] Instantiated an idempotent producer.
2025-07-31 20:41:49,033 INFO  [org.apa.kaf.cli.pro.ProducerConfig] (main) These configurations '[schema.registry.url, auto.register.schemas, value.subject.name.strategy]' were supplied but are not used yet.
2025-07-31 20:41:49,033 INFO  [org.apa.kaf.com.uti.AppInfoParser] (main) Kafka version: 3.9.1
2025-07-31 20:41:49,033 INFO  [org.apa.kaf.com.uti.AppInfoParser] (main) Kafka commitId: f745dfdcee2b9851
2025-07-31 20:41:49,033 INFO  [org.apa.kaf.com.uti.AppInfoParser] (main) Kafka startTimeMs: 1753994509033
2025-07-31 20:41:49,036 INFO  [io.api.tes.ser.api.KafkaSerdesTester] (Thread-873) Sending message {"key1": "value-0"} to topic topic-7ef3ea24_2992_4900_88c0_e25faf934fe8
2025-07-31 20:41:49,038 INFO  [org.apa.kaf.cli.Metadata] (kafka-producer-network-thread | Producer-topic-7ef3ea24_2992_4900_88c0_e25faf934fe8) [Producer clientId=Producer-topic-7ef3ea24_2992_4900_88c0_e25faf934fe8] Cluster ID: b-_w6pXwSzuW2BMgmumbNQ
2025-07-31 20:41:49,038 INFO  [org.apa.kaf.cli.pro.int.TransactionManager] (kafka-producer-network-thread | Producer-topic-7ef3ea24_2992_4900_88c0_e25faf934fe8) [Producer clientId=Producer-topic-7ef3ea24_2992_4900_88c0_e25faf934fe8] ProducerId set to 49 with epoch 0
2025-07-31 20:41:49,057 INFO  [io.api.tes.ser.api.KafkaSerdesTester] (Thread-873) Sending message {"key1": "value-1"} to topic topic-7ef3ea24_2992_4900_88c0_e25faf934fe8
2025-07-31 20:41:49,060 INFO  [io.api.tes.ser.api.KafkaSerdesTester] (Thread-873) Sending message {"key1": "value-2"} to topic topic-7ef3ea24_2992_4900_88c0_e25faf934fe8
2025-07-31 20:41:49,062 INFO  [io.api.tes.ser.api.KafkaSerdesTester] (Thread-873) Sending message {"key1": "value-3"} to topic topic-7ef3ea24_2992_4900_88c0_e25faf934fe8
2025-07-31 20:41:49,064 INFO  [io.api.tes.ser.api.KafkaSerdesTester] (Thread-873) Sending message {"key1": "value-4"} to topic topic-7ef3ea24_2992_4900_88c0_e25faf934fe8
2025-07-31 20:41:49,066 INFO  [io.api.tes.ser.api.KafkaSerdesTester] (Thread-873) Sending message {"key1": "value-5"} to topic topic-7ef3ea24_2992_4900_88c0_e25faf934fe8
2025-07-31 20:41:49,069 INFO  [io.api.tes.ser.api.KafkaSerdesTester] (Thread-873) Sending message {"key1": "value-6"} to topic topic-7ef3ea24_2992_4900_88c0_e25faf934fe8
2025-07-31 20:41:49,072 INFO  [io.api.tes.ser.api.KafkaSerdesTester] (Thread-873) Sending message {"key1": "value-7"} to topic topic-7ef3ea24_2992_4900_88c0_e25faf934fe8
2025-07-31 20:41:49,076 INFO  [io.api.tes.ser.api.KafkaSerdesTester] (Thread-873) Sending message {"key1": "value-8"} to topic topic-7ef3ea24_2992_4900_88c0_e25faf934fe8
2025-07-31 20:41:49,077 INFO  [io.api.tes.ser.api.KafkaSerdesTester] (Thread-873) Sending message {"key1": "value-9"} to topic topic-7ef3ea24_2992_4900_88c0_e25faf934fe8
2025-07-31 20:41:49,079 INFO  [io.api.tes.ser.api.KafkaSerdesTester] (Thread-873) Produced 10 messages
2025-07-31 20:41:49,079 INFO  [org.apa.kaf.cli.pro.KafkaProducer] (Thread-873) [Producer clientId=Producer-topic-7ef3ea24_2992_4900_88c0_e25faf934fe8] Closing the Kafka producer with timeoutMillis = 9223372036854775807 ms.
2025-07-31 20:41:49,082 INFO  [org.apa.kaf.com.met.Metrics] (Thread-873) Metrics scheduler closed
2025-07-31 20:41:49,082 INFO  [org.apa.kaf.com.met.Metrics] (Thread-873) Closing reporter org.apache.kafka.common.metrics.JmxReporter
2025-07-31 20:41:49,082 INFO  [org.apa.kaf.com.met.Metrics] (Thread-873) Closing reporter org.apache.kafka.common.telemetry.internals.ClientTelemetryReporter
2025-07-31 20:41:49,082 INFO  [org.apa.kaf.com.met.Metrics] (Thread-873) Metrics reporters closed
2025-07-31 20:41:49,082 INFO  [org.apa.kaf.com.uti.AppInfoParser] (Thread-873) App info kafka.producer for Producer-topic-7ef3ea24_2992_4900_88c0_e25faf934fe8 unregistered
**** Registry Base URL: http://registry-app-inmemory.apps.ci419.apicurio-testing.org:80
2025-07-31 20:41:49,083 INFO  [org.apa.kaf.cli.con.ConsumerConfig] (main) ConsumerConfig values: 
	allow.auto.create.topics = true
	auto.commit.interval.ms = 500
	auto.include.jmx.reporter = true
	auto.offset.reset = earliest
	bootstrap.servers = [PLAINTEXT://localhost:32770]
	check.crcs = true
	client.dns.lookup = use_all_dns_ips
	client.id = consumer-Consumer-topic-7ef3ea24_2992_4900_88c0_e25faf934fe8-36
	client.rack = 
	connections.max.idle.ms = 10000
	default.api.timeout.ms = 60000
	enable.auto.commit = true
	enable.metrics.push = true
	exclude.internal.topics = true
	fetch.max.bytes = 52428800
	fetch.max.wait.ms = 500
	fetch.min.bytes = 1
	group.id = Consumer-topic-7ef3ea24_2992_4900_88c0_e25faf934fe8
	group.instance.id = null
	group.protocol = classic
	group.remote.assignor = null
	heartbeat.interval.ms = 3000
	interceptor.classes = []
	internal.leave.group.on.close = true
	internal.throw.on.fetch.stable.offset.unsupported = false
	isolation.level = read_uncommitted
	key.deserializer = class org.apache.kafka.common.serialization.StringDeserializer
	max.partition.fetch.bytes = 1048576
	max.poll.interval.ms = 300000
	max.poll.records = 500
	metadata.max.age.ms = 300000
	metadata.recovery.strategy = none
	metric.reporters = []
	metrics.num.samples = 2
	metrics.recording.level = INFO
	metrics.sample.window.ms = 30000
	partition.assignment.strategy = [class org.apache.kafka.clients.consumer.RangeAssignor, class org.apache.kafka.clients.consumer.CooperativeStickyAssignor]
	receive.buffer.bytes = 65536
	reconnect.backoff.max.ms = 1000
	reconnect.backoff.ms = 50
	request.timeout.ms = 5000
	retry.backoff.max.ms = 1000
	retry.backoff.ms = 100
	sasl.client.callback.handler.class = null
	sasl.jaas.config = null
	sasl.kerberos.kinit.cmd = /usr/bin/kinit
	sasl.kerberos.min.time.before.relogin = 60000
	sasl.kerberos.service.name = null
	sasl.kerberos.ticket.renew.jitter = 0.05
	sasl.kerberos.ticket.renew.window.factor = 0.8
	sasl.login.callback.handler.class = null
	sasl.login.class = null
	sasl.login.connect.timeout.ms = null
	sasl.login.read.timeout.ms = null
	sasl.login.refresh.buffer.seconds = 300
	sasl.login.refresh.min.period.seconds = 60
	sasl.login.refresh.window.factor = 0.8
	sasl.login.refresh.window.jitter = 0.05
	sasl.login.retry.backoff.max.ms = 10000
	sasl.login.retry.backoff.ms = 100
	sasl.mechanism = GSSAPI
	sasl.oauthbearer.clock.skew.seconds = 30
	sasl.oauthbearer.expected.audience = null
	sasl.oauthbearer.expected.issuer = null
	sasl.oauthbearer.header.urlencode = false
	sasl.oauthbearer.jwks.endpoint.refresh.ms = 3600000
	sasl.oauthbearer.jwks.endpoint.retry.backoff.max.ms = 10000
	sasl.oauthbearer.jwks.endpoint.retry.backoff.ms = 100
	sasl.oauthbearer.jwks.endpoint.url = null
	sasl.oauthbearer.scope.claim.name = scope
	sasl.oauthbearer.sub.claim.name = sub
	sasl.oauthbearer.token.endpoint.url = null
	security.protocol = PLAINTEXT
	security.providers = null
	send.buffer.bytes = 131072
	session.timeout.ms = 45000
	socket.connection.setup.timeout.max.ms = 30000
	socket.connection.setup.timeout.ms = 10000
	ssl.cipher.suites = null
	ssl.enabled.protocols = [TLSv1.2, TLSv1.3]
	ssl.endpoint.identification.algorithm = https
	ssl.engine.factory.class = null
	ssl.key.password = null
	ssl.keymanager.algorithm = SunX509
	ssl.keystore.certificate.chain = null
	ssl.keystore.key = null
	ssl.keystore.location = null
	ssl.keystore.password = null
	ssl.keystore.type = JKS
	ssl.protocol = TLSv1.3
	ssl.provider = null
	ssl.secure.random.implementation = null
	ssl.trustmanager.algorithm = PKIX
	ssl.truststore.certificates = null
	ssl.truststore.location = null
	ssl.truststore.password = null
	ssl.truststore.type = JKS
	value.deserializer = class io.confluent.kafka.serializers.KafkaAvroDeserializer

2025-07-31 20:41:49,083 INFO  [org.apa.kaf.com.tel.int.KafkaMetricsCollector] (main) initializing Kafka metrics collector
2025-07-31 20:41:49,083 INFO  [io.con.kaf.ser.KafkaAvroDeserializerConfig] (main) KafkaAvroDeserializerConfig values: 
	auto.register.schemas = true
	avro.reflection.allow.null = false
	avro.use.logical.type.converters = false
	basic.auth.credentials.source = URL
	basic.auth.user.info = [hidden]
	bearer.auth.cache.expiry.buffer.seconds = 300
	bearer.auth.client.id = null
	bearer.auth.client.secret = null
	bearer.auth.credentials.source = STATIC_TOKEN
	bearer.auth.custom.provider.class = null
	bearer.auth.identity.pool.id = null
	bearer.auth.issuer.endpoint.url = null
	bearer.auth.logical.cluster = null
	bearer.auth.scope = null
	bearer.auth.scope.claim.name = scope
	bearer.auth.sub.claim.name = sub
	bearer.auth.token = [hidden]
	context.name.strategy = class io.confluent.kafka.serializers.context.NullContextNameStrategy
	http.connect.timeout.ms = 60000
	http.read.timeout.ms = 60000
	id.compatibility.strict = true
	key.schema.id.deserializer = class io.confluent.kafka.serializers.schema.id.DualSchemaIdDeserializer
	key.schema.id.serializer = class io.confluent.kafka.serializers.schema.id.PrefixSchemaIdSerializer
	key.subject.name.strategy = class io.confluent.kafka.serializers.subject.TopicNameStrategy
	latest.cache.size = 1000
	latest.cache.ttl.sec = -1
	latest.compatibility.strict = true
	max.retries = 3
	max.schemas.per.subject = 1000
	normalize.schemas = false
	propagate.schema.tags = false
	proxy.host = 
	proxy.port = -1
	retries.max.wait.ms = 20000
	retries.wait.ms = 1000
	rule.actions = []
	rule.executors = []
	rule.service.loader.enable = true
	schema.format = null
	schema.reflection = false
	schema.registry.basic.auth.user.info = [hidden]
	schema.registry.ssl.cipher.suites = null
	schema.registry.ssl.enabled.protocols = [TLSv1.2, TLSv1.3]
	schema.registry.ssl.endpoint.identification.algorithm = https
	schema.registry.ssl.engine.factory.class = null
	schema.registry.ssl.key.password = null
	schema.registry.ssl.keymanager.algorithm = SunX509
	schema.registry.ssl.keystore.certificate.chain = null
	schema.registry.ssl.keystore.key = null
	schema.registry.ssl.keystore.location = null
	schema.registry.ssl.keystore.password = null
	schema.registry.ssl.keystore.type = JKS
	schema.registry.ssl.protocol = TLSv1.3
	schema.registry.ssl.provider = null
	schema.registry.ssl.secure.random.implementation = null
	schema.registry.ssl.trustmanager.algorithm = PKIX
	schema.registry.ssl.truststore.certificates = null
	schema.registry.ssl.truststore.location = null
	schema.registry.ssl.truststore.password = null
	schema.registry.ssl.truststore.type = JKS
	schema.registry.url = [http://registry-app-inmemory.apps.ci419.apicurio-testing.org:80/apis/ccompat/v7]
	schema.registry.url.randomize = false
	specific.avro.key.type = null
	specific.avro.reader = false
	specific.avro.value.type = null
	use.latest.version = false
	use.latest.with.metadata = null
	use.schema.id = -1
	value.schema.id.deserializer = class io.confluent.kafka.serializers.schema.id.DualSchemaIdDeserializer
	value.schema.id.serializer = class io.confluent.kafka.serializers.schema.id.PrefixSchemaIdSerializer
	value.subject.name.strategy = class io.confluent.kafka.serializers.subject.TopicNameStrategy

2025-07-31 20:41:49,093 INFO  [org.apa.kaf.cli.con.ConsumerConfig] (main) These configurations '[schema.registry.url]' were supplied but are not used yet.
2025-07-31 20:41:49,094 INFO  [org.apa.kaf.com.uti.AppInfoParser] (main) Kafka version: 3.9.1
2025-07-31 20:41:49,094 INFO  [org.apa.kaf.com.uti.AppInfoParser] (main) Kafka commitId: f745dfdcee2b9851
2025-07-31 20:41:49,094 INFO  [org.apa.kaf.com.uti.AppInfoParser] (main) Kafka startTimeMs: 1753994509093
2025-07-31 20:41:49,097 INFO  [org.apa.kaf.cli.con.int.ClassicKafkaConsumer] (Thread-874) [Consumer clientId=consumer-Consumer-topic-7ef3ea24_2992_4900_88c0_e25faf934fe8-36, groupId=Consumer-topic-7ef3ea24_2992_4900_88c0_e25faf934fe8] Subscribed to topic(s): topic-7ef3ea24_2992_4900_88c0_e25faf934fe8
2025-07-31 20:41:49,105 INFO  [org.apa.kaf.cli.Metadata] (Thread-874) [Consumer clientId=consumer-Consumer-topic-7ef3ea24_2992_4900_88c0_e25faf934fe8-36, groupId=Consumer-topic-7ef3ea24_2992_4900_88c0_e25faf934fe8] Cluster ID: b-_w6pXwSzuW2BMgmumbNQ
2025-07-31 20:41:49,105 INFO  [org.apa.kaf.cli.con.int.ConsumerCoordinator] (Thread-874) [Consumer clientId=consumer-Consumer-topic-7ef3ea24_2992_4900_88c0_e25faf934fe8-36, groupId=Consumer-topic-7ef3ea24_2992_4900_88c0_e25faf934fe8] Discovered group coordinator localhost:32770 (id: 2147483647 rack: null)
2025-07-31 20:41:49,109 INFO  [org.apa.kaf.cli.con.int.ConsumerCoordinator] (Thread-874) [Consumer clientId=consumer-Consumer-topic-7ef3ea24_2992_4900_88c0_e25faf934fe8-36, groupId=Consumer-topic-7ef3ea24_2992_4900_88c0_e25faf934fe8] (Re-)joining group
2025-07-31 20:41:49,111 INFO  [org.apa.kaf.cli.con.int.ConsumerCoordinator] (Thread-874) [Consumer clientId=consumer-Consumer-topic-7ef3ea24_2992_4900_88c0_e25faf934fe8-36, groupId=Consumer-topic-7ef3ea24_2992_4900_88c0_e25faf934fe8] Request joining group due to: need to re-join with the given member-id: consumer-Consumer-topic-7ef3ea24_2992_4900_88c0_e25faf934fe8-36-f5d7309b-e731-46f7-99a2-fd5d8d10e059
2025-07-31 20:41:49,111 INFO  [org.apa.kaf.cli.con.int.ConsumerCoordinator] (Thread-874) [Consumer clientId=consumer-Consumer-topic-7ef3ea24_2992_4900_88c0_e25faf934fe8-36, groupId=Consumer-topic-7ef3ea24_2992_4900_88c0_e25faf934fe8] (Re-)joining group
2025-07-31 20:41:49,114 INFO  [org.apa.kaf.cli.con.int.ConsumerCoordinator] (Thread-874) [Consumer clientId=consumer-Consumer-topic-7ef3ea24_2992_4900_88c0_e25faf934fe8-36, groupId=Consumer-topic-7ef3ea24_2992_4900_88c0_e25faf934fe8] Successfully joined group with generation Generation{generationId=5, memberId='consumer-Consumer-topic-7ef3ea24_2992_4900_88c0_e25faf934fe8-36-f5d7309b-e731-46f7-99a2-fd5d8d10e059', protocol='range'}
2025-07-31 20:41:49,115 INFO  [org.apa.kaf.cli.con.int.ConsumerCoordinator] (Thread-874) [Consumer clientId=consumer-Consumer-topic-7ef3ea24_2992_4900_88c0_e25faf934fe8-36, groupId=Consumer-topic-7ef3ea24_2992_4900_88c0_e25faf934fe8] Finished assignment for group at generation 5: {consumer-Consumer-topic-7ef3ea24_2992_4900_88c0_e25faf934fe8-36-f5d7309b-e731-46f7-99a2-fd5d8d10e059=Assignment(partitions=[topic-7ef3ea24_2992_4900_88c0_e25faf934fe8-0])}
2025-07-31 20:41:49,117 INFO  [org.apa.kaf.cli.con.int.ConsumerCoordinator] (Thread-874) [Consumer clientId=consumer-Consumer-topic-7ef3ea24_2992_4900_88c0_e25faf934fe8-36, groupId=Consumer-topic-7ef3ea24_2992_4900_88c0_e25faf934fe8] Successfully synced group in generation Generation{generationId=5, memberId='consumer-Consumer-topic-7ef3ea24_2992_4900_88c0_e25faf934fe8-36-f5d7309b-e731-46f7-99a2-fd5d8d10e059', protocol='range'}
2025-07-31 20:41:49,119 INFO  [org.apa.kaf.cli.con.int.ConsumerCoordinator] (Thread-874) [Consumer clientId=consumer-Consumer-topic-7ef3ea24_2992_4900_88c0_e25faf934fe8-36, groupId=Consumer-topic-7ef3ea24_2992_4900_88c0_e25faf934fe8] Notifying assignor about the new Assignment(partitions=[topic-7ef3ea24_2992_4900_88c0_e25faf934fe8-0])
2025-07-31 20:41:49,119 INFO  [org.apa.kaf.cli.con.int.ConsumerRebalanceListenerInvoker] (Thread-874) [Consumer clientId=consumer-Consumer-topic-7ef3ea24_2992_4900_88c0_e25faf934fe8-36, groupId=Consumer-topic-7ef3ea24_2992_4900_88c0_e25faf934fe8] Adding newly assigned partitions: topic-7ef3ea24_2992_4900_88c0_e25faf934fe8-0
2025-07-31 20:41:49,120 INFO  [org.apa.kaf.cli.con.int.ConsumerUtils] (Thread-874) Setting offset for partition topic-7ef3ea24_2992_4900_88c0_e25faf934fe8-0 to the committed offset FetchPosition{offset=30, offsetEpoch=Optional[0], currentLeader=LeaderAndEpoch{leader=Optional[localhost:32770 (id: 0 rack: null)], epoch=0}}
2025-07-31 20:41:49,158 INFO  [io.api.tes.ser.api.KafkaSerdesTester] (Thread-874) topic-7ef3ea24_2992_4900_88c0_e25faf934fe8 0 30 {"key1": "value-0", "key2": "value-0", "key3": "value-0"}
2025-07-31 20:41:49,158 INFO  [io.api.tes.ser.api.KafkaSerdesTester] (Thread-874) topic-7ef3ea24_2992_4900_88c0_e25faf934fe8 0 31 {"key1": "value-1", "key2": "value-1", "key3": "value-1"}
2025-07-31 20:41:49,158 INFO  [io.api.tes.ser.api.KafkaSerdesTester] (Thread-874) topic-7ef3ea24_2992_4900_88c0_e25faf934fe8 0 32 {"key1": "value-2", "key2": "value-2", "key3": "value-2"}
2025-07-31 20:41:49,158 INFO  [io.api.tes.ser.api.KafkaSerdesTester] (Thread-874) topic-7ef3ea24_2992_4900_88c0_e25faf934fe8 0 33 {"key1": "value-3", "key2": "value-3", "key3": "value-3"}
2025-07-31 20:41:49,158 INFO  [io.api.tes.ser.api.KafkaSerdesTester] (Thread-874) topic-7ef3ea24_2992_4900_88c0_e25faf934fe8 0 34 {"key1": "value-4", "key2": "value-4", "key3": "value-4"}
2025-07-31 20:41:49,158 INFO  [io.api.tes.ser.api.KafkaSerdesTester] (Thread-874) topic-7ef3ea24_2992_4900_88c0_e25faf934fe8 0 35 {"key1": "value-5", "key2": "value-5", "key3": "value-5"}
2025-07-31 20:41:49,158 INFO  [io.api.tes.ser.api.KafkaSerdesTester] (Thread-874) topic-7ef3ea24_2992_4900_88c0_e25faf934fe8 0 36 {"key1": "value-6", "key2": "value-6", "key3": "value-6"}
2025-07-31 20:41:49,158 INFO  [io.api.tes.ser.api.KafkaSerdesTester] (Thread-874) topic-7ef3ea24_2992_4900_88c0_e25faf934fe8 0 37 {"key1": "value-7", "key2": "value-7", "key3": "value-7"}
2025-07-31 20:41:49,158 INFO  [io.api.tes.ser.api.KafkaSerdesTester] (Thread-874) topic-7ef3ea24_2992_4900_88c0_e25faf934fe8 0 38 {"key1": "value-8", "key2": "value-8", "key3": "value-8"}
2025-07-31 20:41:49,158 INFO  [io.api.tes.ser.api.KafkaSerdesTester] (Thread-874) topic-7ef3ea24_2992_4900_88c0_e25faf934fe8 0 39 {"key1": "value-9", "key2": "value-9", "key3": "value-9"}
2025-07-31 20:41:49,158 INFO  [io.api.tes.ser.api.KafkaSerdesTester] (Thread-874) topic-7ef3ea24_2992_4900_88c0_e25faf934fe8 0 40 {"key1": "value-0", "key2": "value-0"}
2025-07-31 20:41:49,158 INFO  [io.api.tes.ser.api.KafkaSerdesTester] (Thread-874) topic-7ef3ea24_2992_4900_88c0_e25faf934fe8 0 41 {"key1": "value-1", "key2": "value-1"}
2025-07-31 20:41:49,158 INFO  [io.api.tes.ser.api.KafkaSerdesTester] (Thread-874) topic-7ef3ea24_2992_4900_88c0_e25faf934fe8 0 42 {"key1": "value-2", "key2": "value-2"}
2025-07-31 20:41:49,158 INFO  [io.api.tes.ser.api.KafkaSerdesTester] (Thread-874) topic-7ef3ea24_2992_4900_88c0_e25faf934fe8 0 43 {"key1": "value-3", "key2": "value-3"}
2025-07-31 20:41:49,159 INFO  [io.api.tes.ser.api.KafkaSerdesTester] (Thread-874) topic-7ef3ea24_2992_4900_88c0_e25faf934fe8 0 44 {"key1": "value-4", "key2": "value-4"}
2025-07-31 20:41:49,159 INFO  [io.api.tes.ser.api.KafkaSerdesTester] (Thread-874) topic-7ef3ea24_2992_4900_88c0_e25faf934fe8 0 45 {"key1": "value-5", "key2": "value-5"}
2025-07-31 20:41:49,159 INFO  [io.api.tes.ser.api.KafkaSerdesTester] (Thread-874) topic-7ef3ea24_2992_4900_88c0_e25faf934fe8 0 46 {"key1": "value-6", "key2": "value-6"}
2025-07-31 20:41:49,159 INFO  [io.api.tes.ser.api.KafkaSerdesTester] (Thread-874) topic-7ef3ea24_2992_4900_88c0_e25faf934fe8 0 47 {"key1": "value-7", "key2": "value-7"}
2025-07-31 20:41:49,159 INFO  [io.api.tes.ser.api.KafkaSerdesTester] (Thread-874) topic-7ef3ea24_2992_4900_88c0_e25faf934fe8 0 48 {"key1": "value-8", "key2": "value-8"}
2025-07-31 20:41:49,159 INFO  [io.api.tes.ser.api.KafkaSerdesTester] (Thread-874) topic-7ef3ea24_2992_4900_88c0_e25faf934fe8 0 49 {"key1": "value-9", "key2": "value-9"}
2025-07-31 20:41:49,159 INFO  [io.api.tes.ser.api.KafkaSerdesTester] (Thread-874) topic-7ef3ea24_2992_4900_88c0_e25faf934fe8 0 50 {"key1": "value-0"}
2025-07-31 20:41:49,159 INFO  [io.api.tes.ser.api.KafkaSerdesTester] (Thread-874) topic-7ef3ea24_2992_4900_88c0_e25faf934fe8 0 51 {"key1": "value-1"}
2025-07-31 20:41:49,159 INFO  [io.api.tes.ser.api.KafkaSerdesTester] (Thread-874) topic-7ef3ea24_2992_4900_88c0_e25faf934fe8 0 52 {"key1": "value-2"}
2025-07-31 20:41:49,159 INFO  [io.api.tes.ser.api.KafkaSerdesTester] (Thread-874) topic-7ef3ea24_2992_4900_88c0_e25faf934fe8 0 53 {"key1": "value-3"}
2025-07-31 20:41:49,159 INFO  [io.api.tes.ser.api.KafkaSerdesTester] (Thread-874) topic-7ef3ea24_2992_4900_88c0_e25faf934fe8 0 54 {"key1": "value-4"}
2025-07-31 20:41:49,162 INFO  [io.api.tes.ser.api.KafkaSerdesTester] (Thread-874) topic-7ef3ea24_2992_4900_88c0_e25faf934fe8 0 55 {"key1": "value-5"}
2025-07-31 20:41:49,162 INFO  [io.api.tes.ser.api.KafkaSerdesTester] (Thread-874) topic-7ef3ea24_2992_4900_88c0_e25faf934fe8 0 56 {"key1": "value-6"}
2025-07-31 20:41:49,162 INFO  [io.api.tes.ser.api.KafkaSerdesTester] (Thread-874) topic-7ef3ea24_2992_4900_88c0_e25faf934fe8 0 57 {"key1": "value-7"}
2025-07-31 20:41:49,162 INFO  [io.api.tes.ser.api.KafkaSerdesTester] (Thread-874) topic-7ef3ea24_2992_4900_88c0_e25faf934fe8 0 58 {"key1": "value-8"}
2025-07-31 20:41:49,162 INFO  [io.api.tes.ser.api.KafkaSerdesTester] (Thread-874) topic-7ef3ea24_2992_4900_88c0_e25faf934fe8 0 59 {"key1": "value-9"}
2025-07-31 20:41:49,162 INFO  [io.api.tes.ser.api.KafkaSerdesTester] (Thread-874) Consumed 30 messages
2025-07-31 20:41:49,164 INFO  [org.apa.kaf.cli.con.int.ConsumerRebalanceListenerInvoker] (Thread-874) [Consumer clientId=consumer-Consumer-topic-7ef3ea24_2992_4900_88c0_e25faf934fe8-36, groupId=Consumer-topic-7ef3ea24_2992_4900_88c0_e25faf934fe8] Revoke previously assigned partitions topic-7ef3ea24_2992_4900_88c0_e25faf934fe8-0
2025-07-31 20:41:49,164 INFO  [org.apa.kaf.cli.con.int.ConsumerCoordinator] (Thread-874) [Consumer clientId=consumer-Consumer-topic-7ef3ea24_2992_4900_88c0_e25faf934fe8-36, groupId=Consumer-topic-7ef3ea24_2992_4900_88c0_e25faf934fe8] Member consumer-Consumer-topic-7ef3ea24_2992_4900_88c0_e25faf934fe8-36-f5d7309b-e731-46f7-99a2-fd5d8d10e059 sending LeaveGroup request to coordinator localhost:32770 (id: 2147483647 rack: null) due to the consumer is being closed
2025-07-31 20:41:49,164 INFO  [org.apa.kaf.cli.con.int.ConsumerCoordinator] (Thread-874) [Consumer clientId=consumer-Consumer-topic-7ef3ea24_2992_4900_88c0_e25faf934fe8-36, groupId=Consumer-topic-7ef3ea24_2992_4900_88c0_e25faf934fe8] Resetting generation and member id due to: consumer pro-actively leaving the group
2025-07-31 20:41:49,164 INFO  [org.apa.kaf.cli.con.int.ConsumerCoordinator] (Thread-874) [Consumer clientId=consumer-Consumer-topic-7ef3ea24_2992_4900_88c0_e25faf934fe8-36, groupId=Consumer-topic-7ef3ea24_2992_4900_88c0_e25faf934fe8] Request joining group due to: consumer pro-actively leaving the group
2025-07-31 20:41:49,661 INFO  [org.apa.kaf.com.met.Metrics] (Thread-874) Metrics scheduler closed
2025-07-31 20:41:49,661 INFO  [org.apa.kaf.com.met.Metrics] (Thread-874) Closing reporter org.apache.kafka.common.metrics.JmxReporter
2025-07-31 20:41:49,661 INFO  [org.apa.kaf.com.met.Metrics] (Thread-874) Closing reporter org.apache.kafka.common.telemetry.internals.ClientTelemetryReporter
2025-07-31 20:41:49,661 INFO  [org.apa.kaf.com.met.Metrics] (Thread-874) Metrics reporters closed
2025-07-31 20:41:49,665 INFO  [org.apa.kaf.com.uti.AppInfoParser] (Thread-874) App info kafka.consumer for consumer-Consumer-topic-7ef3ea24_2992_4900_88c0_e25faf934fe8-36 unregistered
2025-07-31 20:41:49,665 INFO  [org.apa.kaf.cli.pro.KafkaProducer] (main) [Producer clientId=Producer-topic-7ef3ea24_2992_4900_88c0_e25faf934fe8] Closing the Kafka producer with timeoutMillis = 9223372036854775807 ms.
2025-07-31 20:41:49,665 INFO  [org.apa.kaf.com.met.Metrics] (main) Metrics scheduler closed
2025-07-31 20:41:49,665 INFO  [org.apa.kaf.com.met.Metrics] (main) Closing reporter org.apache.kafka.common.metrics.JmxReporter
2025-07-31 20:41:49,665 INFO  [org.apa.kaf.com.met.Metrics] (main) Closing reporter org.apache.kafka.common.telemetry.internals.ClientTelemetryReporter
2025-07-31 20:41:49,665 INFO  [org.apa.kaf.com.met.Metrics] (main) Metrics reporters closed
2025-07-31 20:41:49,665 INFO  [org.apa.kaf.com.uti.AppInfoParser] (main) App info kafka.producer for Producer-topic-7ef3ea24_2992_4900_88c0_e25faf934fe8 unregistered
2025-07-31 20:41:49,682 INFO  [io.api.tes.ser.con.BasicConfluentSerDesIT] (main) Deleting confluent schema topic-7ef3ea24_2992_4900_88c0_e25faf934fe8-s3ef43e09x0d34x498ex9e34x3d9f12e9a8ba
2025-07-31 20:41:49,690 INFO  [io.api.tes.uti.TestSeparator] (main) io.apicurio.tests.serdes.confluent.BasicConfluentSerDesIT.testEvolveAvroConfluent-FINISHED
2025-07-31 20:41:49,691 INFO  [io.api.tes.uti.TestSeparator] (main) ############################################################################
Test passed: testEvolveAvroConfluent
]]></system-out>
  </testcase>
  <testcase name="testAvroConfluentSerDes" classname="io.apicurio.tests.serdes.confluent.BasicConfluentSerDesIT" time="0.668">
    <system-out><![CDATA[2025-07-31 20:41:49,695 INFO  [io.api.tes.uti.TestSeparator] (main) ############################################################################
2025-07-31 20:41:49,695 INFO  [io.api.tes.uti.TestSeparator] (main) io.apicurio.tests.serdes.confluent.BasicConfluentSerDesIT.testAvroConfluentSerDes-STARTED
2025-07-31 20:41:49,724 INFO  [io.api.tes.ser.con.BasicConfluentSerDesIT] (main) Checking that created schema is equal to the get schema
2025-07-31 20:41:49,737 INFO  [io.api.tes.ser.con.BasicConfluentSerDesIT] (main) Created schema with id:111 and name:myrecordconfluent1
**** Registry Base URL: http://registry-app-inmemory.apps.ci419.apicurio-testing.org:80
2025-07-31 20:41:49,740 INFO  [org.apa.kaf.cli.pro.ProducerConfig] (main) ProducerConfig values: 
	acks = -1
	auto.include.jmx.reporter = true
	batch.size = 16384
	bootstrap.servers = [PLAINTEXT://localhost:32770]
	buffer.memory = 33554432
	client.dns.lookup = use_all_dns_ips
	client.id = Producer-topic-99bf87c4_4167_4117_ab44_af8ff86b17e1
	compression.gzip.level = -1
	compression.lz4.level = 9
	compression.type = none
	compression.zstd.level = 3
	connections.max.idle.ms = 10000
	delivery.timeout.ms = 120000
	enable.idempotence = true
	enable.metrics.push = true
	interceptor.classes = []
	key.serializer = class org.apache.kafka.common.serialization.StringSerializer
	linger.ms = 0
	max.block.ms = 60000
	max.in.flight.requests.per.connection = 5
	max.request.size = 1048576
	metadata.max.age.ms = 300000
	metadata.max.idle.ms = 300000
	metadata.recovery.strategy = none
	metric.reporters = []
	metrics.num.samples = 2
	metrics.recording.level = INFO
	metrics.sample.window.ms = 30000
	partitioner.adaptive.partitioning.enable = true
	partitioner.availability.timeout.ms = 0
	partitioner.class = null
	partitioner.ignore.keys = false
	receive.buffer.bytes = 32768
	reconnect.backoff.max.ms = 1000
	reconnect.backoff.ms = 50
	request.timeout.ms = 5000
	retries = 2147483647
	retry.backoff.max.ms = 1000
	retry.backoff.ms = 100
	sasl.client.callback.handler.class = null
	sasl.jaas.config = null
	sasl.kerberos.kinit.cmd = /usr/bin/kinit
	sasl.kerberos.min.time.before.relogin = 60000
	sasl.kerberos.service.name = null
	sasl.kerberos.ticket.renew.jitter = 0.05
	sasl.kerberos.ticket.renew.window.factor = 0.8
	sasl.login.callback.handler.class = null
	sasl.login.class = null
	sasl.login.connect.timeout.ms = null
	sasl.login.read.timeout.ms = null
	sasl.login.refresh.buffer.seconds = 300
	sasl.login.refresh.min.period.seconds = 60
	sasl.login.refresh.window.factor = 0.8
	sasl.login.refresh.window.jitter = 0.05
	sasl.login.retry.backoff.max.ms = 10000
	sasl.login.retry.backoff.ms = 100
	sasl.mechanism = GSSAPI
	sasl.oauthbearer.clock.skew.seconds = 30
	sasl.oauthbearer.expected.audience = null
	sasl.oauthbearer.expected.issuer = null
	sasl.oauthbearer.header.urlencode = false
	sasl.oauthbearer.jwks.endpoint.refresh.ms = 3600000
	sasl.oauthbearer.jwks.endpoint.retry.backoff.max.ms = 10000
	sasl.oauthbearer.jwks.endpoint.retry.backoff.ms = 100
	sasl.oauthbearer.jwks.endpoint.url = null
	sasl.oauthbearer.scope.claim.name = scope
	sasl.oauthbearer.sub.claim.name = sub
	sasl.oauthbearer.token.endpoint.url = null
	security.protocol = PLAINTEXT
	security.providers = null
	send.buffer.bytes = 131072
	socket.connection.setup.timeout.max.ms = 30000
	socket.connection.setup.timeout.ms = 10000
	ssl.cipher.suites = null
	ssl.enabled.protocols = [TLSv1.2, TLSv1.3]
	ssl.endpoint.identification.algorithm = https
	ssl.engine.factory.class = null
	ssl.key.password = null
	ssl.keymanager.algorithm = SunX509
	ssl.keystore.certificate.chain = null
	ssl.keystore.key = null
	ssl.keystore.location = null
	ssl.keystore.password = null
	ssl.keystore.type = JKS
	ssl.protocol = TLSv1.3
	ssl.provider = null
	ssl.secure.random.implementation = null
	ssl.trustmanager.algorithm = PKIX
	ssl.truststore.certificates = null
	ssl.truststore.location = null
	ssl.truststore.password = null
	ssl.truststore.type = JKS
	transaction.timeout.ms = 60000
	transactional.id = null
	value.serializer = class io.confluent.kafka.serializers.KafkaAvroSerializer

2025-07-31 20:41:49,740 INFO  [org.apa.kaf.com.tel.int.KafkaMetricsCollector] (main) initializing Kafka metrics collector
2025-07-31 20:41:49,741 INFO  [io.con.kaf.ser.KafkaAvroSerializerConfig] (main) KafkaAvroSerializerConfig values: 
	auto.register.schemas = false
	avro.reflection.allow.null = false
	avro.remove.java.properties = false
	avro.use.logical.type.converters = false
	basic.auth.credentials.source = URL
	basic.auth.user.info = [hidden]
	bearer.auth.cache.expiry.buffer.seconds = 300
	bearer.auth.client.id = null
	bearer.auth.client.secret = null
	bearer.auth.credentials.source = STATIC_TOKEN
	bearer.auth.custom.provider.class = null
	bearer.auth.identity.pool.id = null
	bearer.auth.issuer.endpoint.url = null
	bearer.auth.logical.cluster = null
	bearer.auth.scope = null
	bearer.auth.scope.claim.name = scope
	bearer.auth.sub.claim.name = sub
	bearer.auth.token = [hidden]
	context.name.strategy = class io.confluent.kafka.serializers.context.NullContextNameStrategy
	http.connect.timeout.ms = 60000
	http.read.timeout.ms = 60000
	id.compatibility.strict = true
	key.schema.id.deserializer = class io.confluent.kafka.serializers.schema.id.DualSchemaIdDeserializer
	key.schema.id.serializer = class io.confluent.kafka.serializers.schema.id.PrefixSchemaIdSerializer
	key.subject.name.strategy = class io.confluent.kafka.serializers.subject.TopicNameStrategy
	latest.cache.size = 1000
	latest.cache.ttl.sec = -1
	latest.compatibility.strict = true
	max.retries = 3
	max.schemas.per.subject = 1000
	normalize.schemas = false
	propagate.schema.tags = false
	proxy.host = 
	proxy.port = -1
	retries.max.wait.ms = 20000
	retries.wait.ms = 1000
	rule.actions = []
	rule.executors = []
	rule.service.loader.enable = true
	schema.format = null
	schema.reflection = false
	schema.registry.basic.auth.user.info = [hidden]
	schema.registry.ssl.cipher.suites = null
	schema.registry.ssl.enabled.protocols = [TLSv1.2, TLSv1.3]
	schema.registry.ssl.endpoint.identification.algorithm = https
	schema.registry.ssl.engine.factory.class = null
	schema.registry.ssl.key.password = null
	schema.registry.ssl.keymanager.algorithm = SunX509
	schema.registry.ssl.keystore.certificate.chain = null
	schema.registry.ssl.keystore.key = null
	schema.registry.ssl.keystore.location = null
	schema.registry.ssl.keystore.password = null
	schema.registry.ssl.keystore.type = JKS
	schema.registry.ssl.protocol = TLSv1.3
	schema.registry.ssl.provider = null
	schema.registry.ssl.secure.random.implementation = null
	schema.registry.ssl.trustmanager.algorithm = PKIX
	schema.registry.ssl.truststore.certificates = null
	schema.registry.ssl.truststore.location = null
	schema.registry.ssl.truststore.password = null
	schema.registry.ssl.truststore.type = JKS
	schema.registry.url = [http://registry-app-inmemory.apps.ci419.apicurio-testing.org:80/apis/ccompat/v7]
	schema.registry.url.randomize = false
	use.latest.version = false
	use.latest.with.metadata = null
	use.schema.id = -1
	value.schema.id.deserializer = class io.confluent.kafka.serializers.schema.id.DualSchemaIdDeserializer
	value.schema.id.serializer = class io.confluent.kafka.serializers.schema.id.PrefixSchemaIdSerializer
	value.subject.name.strategy = class io.confluent.kafka.serializers.subject.TopicNameStrategy

2025-07-31 20:41:49,744 INFO  [org.apa.kaf.cli.pro.KafkaProducer] (main) [Producer clientId=Producer-topic-99bf87c4_4167_4117_ab44_af8ff86b17e1] Instantiated an idempotent producer.
2025-07-31 20:41:49,746 INFO  [org.apa.kaf.cli.pro.ProducerConfig] (main) These configurations '[schema.registry.url, auto.register.schemas, value.subject.name.strategy]' were supplied but are not used yet.
2025-07-31 20:41:49,746 INFO  [org.apa.kaf.com.uti.AppInfoParser] (main) Kafka version: 3.9.1
2025-07-31 20:41:49,746 INFO  [org.apa.kaf.com.uti.AppInfoParser] (main) Kafka commitId: f745dfdcee2b9851
2025-07-31 20:41:49,746 INFO  [org.apa.kaf.com.uti.AppInfoParser] (main) Kafka startTimeMs: 1753994509746
2025-07-31 20:41:49,746 INFO  [io.api.tes.ser.api.SimpleSerdesTesterBuilder$SimpleSerdesTester] (main) Using producer configuration: {schema.registry.url=http://registry-app-inmemory.apps.ci419.apicurio-testing.org:80/apis/ccompat/v7, value.serializer=io.confluent.kafka.serializers.KafkaAvroSerializer, request.timeout.ms=5000, auto.register.schemas=false, acks=all, bootstrap.servers=PLAINTEXT://localhost:32770, connections.max.idle.ms=10000, key.serializer=org.apache.kafka.common.serialization.StringSerializer, value.subject.name.strategy=io.confluent.kafka.serializers.subject.TopicNameStrategy, client.id=Producer-topic-99bf87c4_4167_4117_ab44_af8ff86b17e1}
2025-07-31 20:41:49,747 INFO  [io.api.tes.ser.api.SimpleSerdesTesterBuilder$SimpleSerdesTester] (main) Using consumer configuration: {}
2025-07-31 20:41:49,747 INFO  [io.api.tes.ser.api.KafkaSerdesTester] (Thread-875) Sending message {"key1": "value-0"} to topic topic-99bf87c4_4167_4117_ab44_af8ff86b17e1
2025-07-31 20:41:49,749 INFO  [org.apa.kaf.cli.Metadata] (kafka-producer-network-thread | Producer-topic-99bf87c4_4167_4117_ab44_af8ff86b17e1) [Producer clientId=Producer-topic-99bf87c4_4167_4117_ab44_af8ff86b17e1] Cluster ID: b-_w6pXwSzuW2BMgmumbNQ
2025-07-31 20:41:49,750 INFO  [org.apa.kaf.cli.pro.int.TransactionManager] (kafka-producer-network-thread | Producer-topic-99bf87c4_4167_4117_ab44_af8ff86b17e1) [Producer clientId=Producer-topic-99bf87c4_4167_4117_ab44_af8ff86b17e1] ProducerId set to 50 with epoch 0
2025-07-31 20:41:49,765 INFO  [io.api.tes.ser.api.KafkaSerdesTester] (Thread-875) Sending message {"key1": "value-1"} to topic topic-99bf87c4_4167_4117_ab44_af8ff86b17e1
2025-07-31 20:41:49,767 INFO  [io.api.tes.ser.api.KafkaSerdesTester] (Thread-875) Sending message {"key1": "value-2"} to topic topic-99bf87c4_4167_4117_ab44_af8ff86b17e1
2025-07-31 20:41:49,768 INFO  [io.api.tes.ser.api.KafkaSerdesTester] (Thread-875) Sending message {"key1": "value-3"} to topic topic-99bf87c4_4167_4117_ab44_af8ff86b17e1
2025-07-31 20:41:49,770 INFO  [io.api.tes.ser.api.KafkaSerdesTester] (Thread-875) Sending message {"key1": "value-4"} to topic topic-99bf87c4_4167_4117_ab44_af8ff86b17e1
2025-07-31 20:41:49,771 INFO  [io.api.tes.ser.api.KafkaSerdesTester] (Thread-875) Sending message {"key1": "value-5"} to topic topic-99bf87c4_4167_4117_ab44_af8ff86b17e1
2025-07-31 20:41:49,772 INFO  [io.api.tes.ser.api.KafkaSerdesTester] (Thread-875) Sending message {"key1": "value-6"} to topic topic-99bf87c4_4167_4117_ab44_af8ff86b17e1
2025-07-31 20:41:49,775 INFO  [io.api.tes.ser.api.KafkaSerdesTester] (Thread-875) Sending message {"key1": "value-7"} to topic topic-99bf87c4_4167_4117_ab44_af8ff86b17e1
2025-07-31 20:41:49,777 INFO  [io.api.tes.ser.api.KafkaSerdesTester] (Thread-875) Sending message {"key1": "value-8"} to topic topic-99bf87c4_4167_4117_ab44_af8ff86b17e1
2025-07-31 20:41:49,778 INFO  [io.api.tes.ser.api.KafkaSerdesTester] (Thread-875) Sending message {"key1": "value-9"} to topic topic-99bf87c4_4167_4117_ab44_af8ff86b17e1
2025-07-31 20:41:49,780 INFO  [io.api.tes.ser.api.KafkaSerdesTester] (Thread-875) Produced 10 messages
2025-07-31 20:41:49,780 INFO  [org.apa.kaf.cli.pro.KafkaProducer] (Thread-875) [Producer clientId=Producer-topic-99bf87c4_4167_4117_ab44_af8ff86b17e1] Closing the Kafka producer with timeoutMillis = 9223372036854775807 ms.
2025-07-31 20:41:49,782 INFO  [org.apa.kaf.com.met.Metrics] (Thread-875) Metrics scheduler closed
2025-07-31 20:41:49,782 INFO  [org.apa.kaf.com.met.Metrics] (Thread-875) Closing reporter org.apache.kafka.common.metrics.JmxReporter
2025-07-31 20:41:49,783 INFO  [org.apa.kaf.com.met.Metrics] (Thread-875) Closing reporter org.apache.kafka.common.telemetry.internals.ClientTelemetryReporter
2025-07-31 20:41:49,783 INFO  [org.apa.kaf.com.met.Metrics] (Thread-875) Metrics reporters closed
2025-07-31 20:41:49,783 INFO  [org.apa.kaf.com.uti.AppInfoParser] (Thread-875) App info kafka.producer for Producer-topic-99bf87c4_4167_4117_ab44_af8ff86b17e1 unregistered
**** Registry Base URL: http://registry-app-inmemory.apps.ci419.apicurio-testing.org:80
2025-07-31 20:41:49,783 INFO  [org.apa.kaf.cli.con.ConsumerConfig] (main) ConsumerConfig values: 
	allow.auto.create.topics = true
	auto.commit.interval.ms = 500
	auto.include.jmx.reporter = true
	auto.offset.reset = earliest
	bootstrap.servers = [PLAINTEXT://localhost:32770]
	check.crcs = true
	client.dns.lookup = use_all_dns_ips
	client.id = consumer-Consumer-topic-99bf87c4_4167_4117_ab44_af8ff86b17e1-37
	client.rack = 
	connections.max.idle.ms = 10000
	default.api.timeout.ms = 60000
	enable.auto.commit = true
	enable.metrics.push = true
	exclude.internal.topics = true
	fetch.max.bytes = 52428800
	fetch.max.wait.ms = 500
	fetch.min.bytes = 1
	group.id = Consumer-topic-99bf87c4_4167_4117_ab44_af8ff86b17e1
	group.instance.id = null
	group.protocol = classic
	group.remote.assignor = null
	heartbeat.interval.ms = 3000
	interceptor.classes = []
	internal.leave.group.on.close = true
	internal.throw.on.fetch.stable.offset.unsupported = false
	isolation.level = read_uncommitted
	key.deserializer = class org.apache.kafka.common.serialization.StringDeserializer
	max.partition.fetch.bytes = 1048576
	max.poll.interval.ms = 300000
	max.poll.records = 500
	metadata.max.age.ms = 300000
	metadata.recovery.strategy = none
	metric.reporters = []
	metrics.num.samples = 2
	metrics.recording.level = INFO
	metrics.sample.window.ms = 30000
	partition.assignment.strategy = [class org.apache.kafka.clients.consumer.RangeAssignor, class org.apache.kafka.clients.consumer.CooperativeStickyAssignor]
	receive.buffer.bytes = 65536
	reconnect.backoff.max.ms = 1000
	reconnect.backoff.ms = 50
	request.timeout.ms = 5000
	retry.backoff.max.ms = 1000
	retry.backoff.ms = 100
	sasl.client.callback.handler.class = null
	sasl.jaas.config = null
	sasl.kerberos.kinit.cmd = /usr/bin/kinit
	sasl.kerberos.min.time.before.relogin = 60000
	sasl.kerberos.service.name = null
	sasl.kerberos.ticket.renew.jitter = 0.05
	sasl.kerberos.ticket.renew.window.factor = 0.8
	sasl.login.callback.handler.class = null
	sasl.login.class = null
	sasl.login.connect.timeout.ms = null
	sasl.login.read.timeout.ms = null
	sasl.login.refresh.buffer.seconds = 300
	sasl.login.refresh.min.period.seconds = 60
	sasl.login.refresh.window.factor = 0.8
	sasl.login.refresh.window.jitter = 0.05
	sasl.login.retry.backoff.max.ms = 10000
	sasl.login.retry.backoff.ms = 100
	sasl.mechanism = GSSAPI
	sasl.oauthbearer.clock.skew.seconds = 30
	sasl.oauthbearer.expected.audience = null
	sasl.oauthbearer.expected.issuer = null
	sasl.oauthbearer.header.urlencode = false
	sasl.oauthbearer.jwks.endpoint.refresh.ms = 3600000
	sasl.oauthbearer.jwks.endpoint.retry.backoff.max.ms = 10000
	sasl.oauthbearer.jwks.endpoint.retry.backoff.ms = 100
	sasl.oauthbearer.jwks.endpoint.url = null
	sasl.oauthbearer.scope.claim.name = scope
	sasl.oauthbearer.sub.claim.name = sub
	sasl.oauthbearer.token.endpoint.url = null
	security.protocol = PLAINTEXT
	security.providers = null
	send.buffer.bytes = 131072
	session.timeout.ms = 45000
	socket.connection.setup.timeout.max.ms = 30000
	socket.connection.setup.timeout.ms = 10000
	ssl.cipher.suites = null
	ssl.enabled.protocols = [TLSv1.2, TLSv1.3]
	ssl.endpoint.identification.algorithm = https
	ssl.engine.factory.class = null
	ssl.key.password = null
	ssl.keymanager.algorithm = SunX509
	ssl.keystore.certificate.chain = null
	ssl.keystore.key = null
	ssl.keystore.location = null
	ssl.keystore.password = null
	ssl.keystore.type = JKS
	ssl.protocol = TLSv1.3
	ssl.provider = null
	ssl.secure.random.implementation = null
	ssl.trustmanager.algorithm = PKIX
	ssl.truststore.certificates = null
	ssl.truststore.location = null
	ssl.truststore.password = null
	ssl.truststore.type = JKS
	value.deserializer = class io.confluent.kafka.serializers.KafkaAvroDeserializer

2025-07-31 20:41:49,783 INFO  [org.apa.kaf.com.tel.int.KafkaMetricsCollector] (main) initializing Kafka metrics collector
2025-07-31 20:41:49,784 INFO  [io.con.kaf.ser.KafkaAvroDeserializerConfig] (main) KafkaAvroDeserializerConfig values: 
	auto.register.schemas = true
	avro.reflection.allow.null = false
	avro.use.logical.type.converters = false
	basic.auth.credentials.source = URL
	basic.auth.user.info = [hidden]
	bearer.auth.cache.expiry.buffer.seconds = 300
	bearer.auth.client.id = null
	bearer.auth.client.secret = null
	bearer.auth.credentials.source = STATIC_TOKEN
	bearer.auth.custom.provider.class = null
	bearer.auth.identity.pool.id = null
	bearer.auth.issuer.endpoint.url = null
	bearer.auth.logical.cluster = null
	bearer.auth.scope = null
	bearer.auth.scope.claim.name = scope
	bearer.auth.sub.claim.name = sub
	bearer.auth.token = [hidden]
	context.name.strategy = class io.confluent.kafka.serializers.context.NullContextNameStrategy
	http.connect.timeout.ms = 60000
	http.read.timeout.ms = 60000
	id.compatibility.strict = true
	key.schema.id.deserializer = class io.confluent.kafka.serializers.schema.id.DualSchemaIdDeserializer
	key.schema.id.serializer = class io.confluent.kafka.serializers.schema.id.PrefixSchemaIdSerializer
	key.subject.name.strategy = class io.confluent.kafka.serializers.subject.TopicNameStrategy
	latest.cache.size = 1000
	latest.cache.ttl.sec = -1
	latest.compatibility.strict = true
	max.retries = 3
	max.schemas.per.subject = 1000
	normalize.schemas = false
	propagate.schema.tags = false
	proxy.host = 
	proxy.port = -1
	retries.max.wait.ms = 20000
	retries.wait.ms = 1000
	rule.actions = []
	rule.executors = []
	rule.service.loader.enable = true
	schema.format = null
	schema.reflection = false
	schema.registry.basic.auth.user.info = [hidden]
	schema.registry.ssl.cipher.suites = null
	schema.registry.ssl.enabled.protocols = [TLSv1.2, TLSv1.3]
	schema.registry.ssl.endpoint.identification.algorithm = https
	schema.registry.ssl.engine.factory.class = null
	schema.registry.ssl.key.password = null
	schema.registry.ssl.keymanager.algorithm = SunX509
	schema.registry.ssl.keystore.certificate.chain = null
	schema.registry.ssl.keystore.key = null
	schema.registry.ssl.keystore.location = null
	schema.registry.ssl.keystore.password = null
	schema.registry.ssl.keystore.type = JKS
	schema.registry.ssl.protocol = TLSv1.3
	schema.registry.ssl.provider = null
	schema.registry.ssl.secure.random.implementation = null
	schema.registry.ssl.trustmanager.algorithm = PKIX
	schema.registry.ssl.truststore.certificates = null
	schema.registry.ssl.truststore.location = null
	schema.registry.ssl.truststore.password = null
	schema.registry.ssl.truststore.type = JKS
	schema.registry.url = [http://registry-app-inmemory.apps.ci419.apicurio-testing.org:80/apis/ccompat/v7]
	schema.registry.url.randomize = false
	specific.avro.key.type = null
	specific.avro.reader = false
	specific.avro.value.type = null
	use.latest.version = false
	use.latest.with.metadata = null
	use.schema.id = -1
	value.schema.id.deserializer = class io.confluent.kafka.serializers.schema.id.DualSchemaIdDeserializer
	value.schema.id.serializer = class io.confluent.kafka.serializers.schema.id.PrefixSchemaIdSerializer
	value.subject.name.strategy = class io.confluent.kafka.serializers.subject.TopicNameStrategy

2025-07-31 20:41:49,787 INFO  [org.apa.kaf.cli.con.ConsumerConfig] (main) These configurations '[schema.registry.url]' were supplied but are not used yet.
2025-07-31 20:41:49,787 INFO  [org.apa.kaf.com.uti.AppInfoParser] (main) Kafka version: 3.9.1
2025-07-31 20:41:49,787 INFO  [org.apa.kaf.com.uti.AppInfoParser] (main) Kafka commitId: f745dfdcee2b9851
2025-07-31 20:41:49,788 INFO  [org.apa.kaf.com.uti.AppInfoParser] (main) Kafka startTimeMs: 1753994509787
2025-07-31 20:41:49,788 INFO  [org.apa.kaf.cli.con.int.ClassicKafkaConsumer] (Thread-876) [Consumer clientId=consumer-Consumer-topic-99bf87c4_4167_4117_ab44_af8ff86b17e1-37, groupId=Consumer-topic-99bf87c4_4167_4117_ab44_af8ff86b17e1] Subscribed to topic(s): topic-99bf87c4_4167_4117_ab44_af8ff86b17e1
2025-07-31 20:41:49,792 INFO  [org.apa.kaf.cli.Metadata] (Thread-876) [Consumer clientId=consumer-Consumer-topic-99bf87c4_4167_4117_ab44_af8ff86b17e1-37, groupId=Consumer-topic-99bf87c4_4167_4117_ab44_af8ff86b17e1] Cluster ID: b-_w6pXwSzuW2BMgmumbNQ
2025-07-31 20:41:49,792 INFO  [org.apa.kaf.cli.con.int.ConsumerCoordinator] (Thread-876) [Consumer clientId=consumer-Consumer-topic-99bf87c4_4167_4117_ab44_af8ff86b17e1-37, groupId=Consumer-topic-99bf87c4_4167_4117_ab44_af8ff86b17e1] Discovered group coordinator localhost:32770 (id: 2147483647 rack: null)
2025-07-31 20:41:49,794 INFO  [org.apa.kaf.cli.con.int.ConsumerCoordinator] (Thread-876) [Consumer clientId=consumer-Consumer-topic-99bf87c4_4167_4117_ab44_af8ff86b17e1-37, groupId=Consumer-topic-99bf87c4_4167_4117_ab44_af8ff86b17e1] (Re-)joining group
2025-07-31 20:41:49,796 INFO  [org.apa.kaf.cli.con.int.ConsumerCoordinator] (Thread-876) [Consumer clientId=consumer-Consumer-topic-99bf87c4_4167_4117_ab44_af8ff86b17e1-37, groupId=Consumer-topic-99bf87c4_4167_4117_ab44_af8ff86b17e1] Request joining group due to: need to re-join with the given member-id: consumer-Consumer-topic-99bf87c4_4167_4117_ab44_af8ff86b17e1-37-c20c2a2d-4f4f-4196-ae3b-188f0244167b
2025-07-31 20:41:49,796 INFO  [org.apa.kaf.cli.con.int.ConsumerCoordinator] (Thread-876) [Consumer clientId=consumer-Consumer-topic-99bf87c4_4167_4117_ab44_af8ff86b17e1-37, groupId=Consumer-topic-99bf87c4_4167_4117_ab44_af8ff86b17e1] (Re-)joining group
2025-07-31 20:41:49,800 INFO  [org.apa.kaf.cli.con.int.ConsumerCoordinator] (Thread-876) [Consumer clientId=consumer-Consumer-topic-99bf87c4_4167_4117_ab44_af8ff86b17e1-37, groupId=Consumer-topic-99bf87c4_4167_4117_ab44_af8ff86b17e1] Successfully joined group with generation Generation{generationId=1, memberId='consumer-Consumer-topic-99bf87c4_4167_4117_ab44_af8ff86b17e1-37-c20c2a2d-4f4f-4196-ae3b-188f0244167b', protocol='range'}
2025-07-31 20:41:49,801 INFO  [org.apa.kaf.cli.con.int.ConsumerCoordinator] (Thread-876) [Consumer clientId=consumer-Consumer-topic-99bf87c4_4167_4117_ab44_af8ff86b17e1-37, groupId=Consumer-topic-99bf87c4_4167_4117_ab44_af8ff86b17e1] Finished assignment for group at generation 1: {consumer-Consumer-topic-99bf87c4_4167_4117_ab44_af8ff86b17e1-37-c20c2a2d-4f4f-4196-ae3b-188f0244167b=Assignment(partitions=[topic-99bf87c4_4167_4117_ab44_af8ff86b17e1-0])}
2025-07-31 20:41:49,805 INFO  [org.apa.kaf.cli.con.int.ConsumerCoordinator] (kafka-coordinator-heartbeat-thread | Consumer-topic-99bf87c4_4167_4117_ab44_af8ff86b17e1) [Consumer clientId=consumer-Consumer-topic-99bf87c4_4167_4117_ab44_af8ff86b17e1-37, groupId=Consumer-topic-99bf87c4_4167_4117_ab44_af8ff86b17e1] Successfully synced group in generation Generation{generationId=1, memberId='consumer-Consumer-topic-99bf87c4_4167_4117_ab44_af8ff86b17e1-37-c20c2a2d-4f4f-4196-ae3b-188f0244167b', protocol='range'}
2025-07-31 20:41:49,805 INFO  [org.apa.kaf.cli.con.int.ConsumerCoordinator] (Thread-876) [Consumer clientId=consumer-Consumer-topic-99bf87c4_4167_4117_ab44_af8ff86b17e1-37, groupId=Consumer-topic-99bf87c4_4167_4117_ab44_af8ff86b17e1] Notifying assignor about the new Assignment(partitions=[topic-99bf87c4_4167_4117_ab44_af8ff86b17e1-0])
2025-07-31 20:41:49,805 INFO  [org.apa.kaf.cli.con.int.ConsumerRebalanceListenerInvoker] (Thread-876) [Consumer clientId=consumer-Consumer-topic-99bf87c4_4167_4117_ab44_af8ff86b17e1-37, groupId=Consumer-topic-99bf87c4_4167_4117_ab44_af8ff86b17e1] Adding newly assigned partitions: topic-99bf87c4_4167_4117_ab44_af8ff86b17e1-0
2025-07-31 20:41:49,807 INFO  [org.apa.kaf.cli.con.int.ConsumerCoordinator] (Thread-876) [Consumer clientId=consumer-Consumer-topic-99bf87c4_4167_4117_ab44_af8ff86b17e1-37, groupId=Consumer-topic-99bf87c4_4167_4117_ab44_af8ff86b17e1] Found no committed offset for partition topic-99bf87c4_4167_4117_ab44_af8ff86b17e1-0
2025-07-31 20:41:49,812 INFO  [org.apa.kaf.cli.con.int.SubscriptionState] (Thread-876) [Consumer clientId=consumer-Consumer-topic-99bf87c4_4167_4117_ab44_af8ff86b17e1-37, groupId=Consumer-topic-99bf87c4_4167_4117_ab44_af8ff86b17e1] Resetting offset for partition topic-99bf87c4_4167_4117_ab44_af8ff86b17e1-0 to position FetchPosition{offset=0, offsetEpoch=Optional.empty, currentLeader=LeaderAndEpoch{leader=Optional[localhost:32770 (id: 0 rack: null)], epoch=0}}.
2025-07-31 20:41:49,834 INFO  [io.api.tes.ser.api.KafkaSerdesTester] (Thread-876) topic-99bf87c4_4167_4117_ab44_af8ff86b17e1 0 0 {"key1": "value-0"}
2025-07-31 20:41:49,834 INFO  [io.api.tes.ser.api.KafkaSerdesTester] (Thread-876) topic-99bf87c4_4167_4117_ab44_af8ff86b17e1 0 1 {"key1": "value-1"}
2025-07-31 20:41:49,834 INFO  [io.api.tes.ser.api.KafkaSerdesTester] (Thread-876) topic-99bf87c4_4167_4117_ab44_af8ff86b17e1 0 2 {"key1": "value-2"}
2025-07-31 20:41:49,834 INFO  [io.api.tes.ser.api.KafkaSerdesTester] (Thread-876) topic-99bf87c4_4167_4117_ab44_af8ff86b17e1 0 3 {"key1": "value-3"}
2025-07-31 20:41:49,834 INFO  [io.api.tes.ser.api.KafkaSerdesTester] (Thread-876) topic-99bf87c4_4167_4117_ab44_af8ff86b17e1 0 4 {"key1": "value-4"}
2025-07-31 20:41:49,834 INFO  [io.api.tes.ser.api.KafkaSerdesTester] (Thread-876) topic-99bf87c4_4167_4117_ab44_af8ff86b17e1 0 5 {"key1": "value-5"}
2025-07-31 20:41:49,834 INFO  [io.api.tes.ser.api.KafkaSerdesTester] (Thread-876) topic-99bf87c4_4167_4117_ab44_af8ff86b17e1 0 6 {"key1": "value-6"}
2025-07-31 20:41:49,834 INFO  [io.api.tes.ser.api.KafkaSerdesTester] (Thread-876) topic-99bf87c4_4167_4117_ab44_af8ff86b17e1 0 7 {"key1": "value-7"}
2025-07-31 20:41:49,834 INFO  [io.api.tes.ser.api.KafkaSerdesTester] (Thread-876) topic-99bf87c4_4167_4117_ab44_af8ff86b17e1 0 8 {"key1": "value-8"}
2025-07-31 20:41:49,834 INFO  [io.api.tes.ser.api.KafkaSerdesTester] (Thread-876) topic-99bf87c4_4167_4117_ab44_af8ff86b17e1 0 9 {"key1": "value-9"}
2025-07-31 20:41:49,834 INFO  [io.api.tes.ser.api.KafkaSerdesTester] (Thread-876) Consumed 10 messages
2025-07-31 20:41:49,837 INFO  [org.apa.kaf.cli.con.int.ConsumerRebalanceListenerInvoker] (Thread-876) [Consumer clientId=consumer-Consumer-topic-99bf87c4_4167_4117_ab44_af8ff86b17e1-37, groupId=Consumer-topic-99bf87c4_4167_4117_ab44_af8ff86b17e1] Revoke previously assigned partitions topic-99bf87c4_4167_4117_ab44_af8ff86b17e1-0
2025-07-31 20:41:49,837 INFO  [org.apa.kaf.cli.con.int.ConsumerCoordinator] (Thread-876) [Consumer clientId=consumer-Consumer-topic-99bf87c4_4167_4117_ab44_af8ff86b17e1-37, groupId=Consumer-topic-99bf87c4_4167_4117_ab44_af8ff86b17e1] Member consumer-Consumer-topic-99bf87c4_4167_4117_ab44_af8ff86b17e1-37-c20c2a2d-4f4f-4196-ae3b-188f0244167b sending LeaveGroup request to coordinator localhost:32770 (id: 2147483647 rack: null) due to the consumer is being closed
2025-07-31 20:41:49,837 INFO  [org.apa.kaf.cli.con.int.ConsumerCoordinator] (Thread-876) [Consumer clientId=consumer-Consumer-topic-99bf87c4_4167_4117_ab44_af8ff86b17e1-37, groupId=Consumer-topic-99bf87c4_4167_4117_ab44_af8ff86b17e1] Resetting generation and member id due to: consumer pro-actively leaving the group
2025-07-31 20:41:49,837 INFO  [org.apa.kaf.cli.con.int.ConsumerCoordinator] (Thread-876) [Consumer clientId=consumer-Consumer-topic-99bf87c4_4167_4117_ab44_af8ff86b17e1-37, groupId=Consumer-topic-99bf87c4_4167_4117_ab44_af8ff86b17e1] Request joining group due to: consumer pro-actively leaving the group
2025-07-31 20:41:50,334 INFO  [org.apa.kaf.com.met.Metrics] (Thread-876) Metrics scheduler closed
2025-07-31 20:41:50,334 INFO  [org.apa.kaf.com.met.Metrics] (Thread-876) Closing reporter org.apache.kafka.common.metrics.JmxReporter
2025-07-31 20:41:50,334 INFO  [org.apa.kaf.com.met.Metrics] (Thread-876) Closing reporter org.apache.kafka.common.telemetry.internals.ClientTelemetryReporter
2025-07-31 20:41:50,334 INFO  [org.apa.kaf.com.met.Metrics] (Thread-876) Metrics reporters closed
2025-07-31 20:41:50,336 INFO  [org.apa.kaf.com.uti.AppInfoParser] (Thread-876) App info kafka.consumer for consumer-Consumer-topic-99bf87c4_4167_4117_ab44_af8ff86b17e1-37 unregistered
2025-07-31 20:41:50,351 INFO  [io.api.tes.ser.con.BasicConfluentSerDesIT] (main) Deleting confluent schema topic-99bf87c4_4167_4117_ab44_af8ff86b17e1-value
2025-07-31 20:41:50,358 INFO  [io.api.tes.uti.TestSeparator] (main) io.apicurio.tests.serdes.confluent.BasicConfluentSerDesIT.testAvroConfluentSerDes-FINISHED
2025-07-31 20:41:50,358 INFO  [io.api.tes.uti.TestSeparator] (main) ############################################################################
Test passed: testAvroConfluentSerDes
]]></system-out>
  </testcase>
  <testcase name="testAvroConfluentForMultipleTopics" classname="io.apicurio.tests.serdes.confluent.BasicConfluentSerDesIT" time="1.907">
    <system-out><![CDATA[2025-07-31 20:41:50,360 INFO  [io.api.tes.uti.TestSeparator] (main) ############################################################################
2025-07-31 20:41:50,360 INFO  [io.api.tes.uti.TestSeparator] (main) io.apicurio.tests.serdes.confluent.BasicConfluentSerDesIT.testAvroConfluentForMultipleTopics-STARTED
2025-07-31 20:41:50,381 INFO  [io.api.tes.ser.con.BasicConfluentSerDesIT] (main) Checking that created schema is equal to the get schema
2025-07-31 20:41:50,392 INFO  [io.api.tes.ser.con.BasicConfluentSerDesIT] (main) Created schema with id:112 and name:myrecordconfluent6
**** Registry Base URL: http://registry-app-inmemory.apps.ci419.apicurio-testing.org:80
2025-07-31 20:41:50,394 INFO  [org.apa.kaf.cli.pro.ProducerConfig] (main) ProducerConfig values: 
	acks = -1
	auto.include.jmx.reporter = true
	batch.size = 16384
	bootstrap.servers = [PLAINTEXT://localhost:32770]
	buffer.memory = 33554432
	client.dns.lookup = use_all_dns_ips
	client.id = Producer-topic-f7f0bb31_c5e1_4d1e_9750_9214d66c707a
	compression.gzip.level = -1
	compression.lz4.level = 9
	compression.type = none
	compression.zstd.level = 3
	connections.max.idle.ms = 10000
	delivery.timeout.ms = 120000
	enable.idempotence = true
	enable.metrics.push = true
	interceptor.classes = []
	key.serializer = class org.apache.kafka.common.serialization.StringSerializer
	linger.ms = 0
	max.block.ms = 60000
	max.in.flight.requests.per.connection = 5
	max.request.size = 1048576
	metadata.max.age.ms = 300000
	metadata.max.idle.ms = 300000
	metadata.recovery.strategy = none
	metric.reporters = []
	metrics.num.samples = 2
	metrics.recording.level = INFO
	metrics.sample.window.ms = 30000
	partitioner.adaptive.partitioning.enable = true
	partitioner.availability.timeout.ms = 0
	partitioner.class = null
	partitioner.ignore.keys = false
	receive.buffer.bytes = 32768
	reconnect.backoff.max.ms = 1000
	reconnect.backoff.ms = 50
	request.timeout.ms = 5000
	retries = 2147483647
	retry.backoff.max.ms = 1000
	retry.backoff.ms = 100
	sasl.client.callback.handler.class = null
	sasl.jaas.config = null
	sasl.kerberos.kinit.cmd = /usr/bin/kinit
	sasl.kerberos.min.time.before.relogin = 60000
	sasl.kerberos.service.name = null
	sasl.kerberos.ticket.renew.jitter = 0.05
	sasl.kerberos.ticket.renew.window.factor = 0.8
	sasl.login.callback.handler.class = null
	sasl.login.class = null
	sasl.login.connect.timeout.ms = null
	sasl.login.read.timeout.ms = null
	sasl.login.refresh.buffer.seconds = 300
	sasl.login.refresh.min.period.seconds = 60
	sasl.login.refresh.window.factor = 0.8
	sasl.login.refresh.window.jitter = 0.05
	sasl.login.retry.backoff.max.ms = 10000
	sasl.login.retry.backoff.ms = 100
	sasl.mechanism = GSSAPI
	sasl.oauthbearer.clock.skew.seconds = 30
	sasl.oauthbearer.expected.audience = null
	sasl.oauthbearer.expected.issuer = null
	sasl.oauthbearer.header.urlencode = false
	sasl.oauthbearer.jwks.endpoint.refresh.ms = 3600000
	sasl.oauthbearer.jwks.endpoint.retry.backoff.max.ms = 10000
	sasl.oauthbearer.jwks.endpoint.retry.backoff.ms = 100
	sasl.oauthbearer.jwks.endpoint.url = null
	sasl.oauthbearer.scope.claim.name = scope
	sasl.oauthbearer.sub.claim.name = sub
	sasl.oauthbearer.token.endpoint.url = null
	security.protocol = PLAINTEXT
	security.providers = null
	send.buffer.bytes = 131072
	socket.connection.setup.timeout.max.ms = 30000
	socket.connection.setup.timeout.ms = 10000
	ssl.cipher.suites = null
	ssl.enabled.protocols = [TLSv1.2, TLSv1.3]
	ssl.endpoint.identification.algorithm = https
	ssl.engine.factory.class = null
	ssl.key.password = null
	ssl.keymanager.algorithm = SunX509
	ssl.keystore.certificate.chain = null
	ssl.keystore.key = null
	ssl.keystore.location = null
	ssl.keystore.password = null
	ssl.keystore.type = JKS
	ssl.protocol = TLSv1.3
	ssl.provider = null
	ssl.secure.random.implementation = null
	ssl.trustmanager.algorithm = PKIX
	ssl.truststore.certificates = null
	ssl.truststore.location = null
	ssl.truststore.password = null
	ssl.truststore.type = JKS
	transaction.timeout.ms = 60000
	transactional.id = null
	value.serializer = class io.apicurio.registry.serde.avro.AvroKafkaSerializer

2025-07-31 20:41:50,394 INFO  [org.apa.kaf.com.tel.int.KafkaMetricsCollector] (main) initializing Kafka metrics collector
2025-07-31 20:41:50,401 INFO  [org.apa.kaf.cli.pro.KafkaProducer] (main) [Producer clientId=Producer-topic-f7f0bb31_c5e1_4d1e_9750_9214d66c707a] Instantiated an idempotent producer.
2025-07-31 20:41:50,404 INFO  [org.apa.kaf.cli.pro.ProducerConfig] (main) These configurations '[apicurio.registry.url, apicurio.registry.artifact-resolver-strategy]' were supplied but are not used yet.
2025-07-31 20:41:50,406 INFO  [org.apa.kaf.com.uti.AppInfoParser] (main) Kafka version: 3.9.1
2025-07-31 20:41:50,406 INFO  [org.apa.kaf.com.uti.AppInfoParser] (main) Kafka commitId: f745dfdcee2b9851
2025-07-31 20:41:50,406 INFO  [org.apa.kaf.com.uti.AppInfoParser] (main) Kafka startTimeMs: 1753994510406
**** Registry Base URL: http://registry-app-inmemory.apps.ci419.apicurio-testing.org:80
2025-07-31 20:41:50,406 INFO  [org.apa.kaf.cli.pro.ProducerConfig] (main) ProducerConfig values: 
	acks = -1
	auto.include.jmx.reporter = true
	batch.size = 16384
	bootstrap.servers = [PLAINTEXT://localhost:32770]
	buffer.memory = 33554432
	client.dns.lookup = use_all_dns_ips
	client.id = Producer-topic-2a964afb_38a4_40d6_ac38_551b8ee46168
	compression.gzip.level = -1
	compression.lz4.level = 9
	compression.type = none
	compression.zstd.level = 3
	connections.max.idle.ms = 10000
	delivery.timeout.ms = 120000
	enable.idempotence = true
	enable.metrics.push = true
	interceptor.classes = []
	key.serializer = class org.apache.kafka.common.serialization.StringSerializer
	linger.ms = 0
	max.block.ms = 60000
	max.in.flight.requests.per.connection = 5
	max.request.size = 1048576
	metadata.max.age.ms = 300000
	metadata.max.idle.ms = 300000
	metadata.recovery.strategy = none
	metric.reporters = []
	metrics.num.samples = 2
	metrics.recording.level = INFO
	metrics.sample.window.ms = 30000
	partitioner.adaptive.partitioning.enable = true
	partitioner.availability.timeout.ms = 0
	partitioner.class = null
	partitioner.ignore.keys = false
	receive.buffer.bytes = 32768
	reconnect.backoff.max.ms = 1000
	reconnect.backoff.ms = 50
	request.timeout.ms = 5000
	retries = 2147483647
	retry.backoff.max.ms = 1000
	retry.backoff.ms = 100
	sasl.client.callback.handler.class = null
	sasl.jaas.config = null
	sasl.kerberos.kinit.cmd = /usr/bin/kinit
	sasl.kerberos.min.time.before.relogin = 60000
	sasl.kerberos.service.name = null
	sasl.kerberos.ticket.renew.jitter = 0.05
	sasl.kerberos.ticket.renew.window.factor = 0.8
	sasl.login.callback.handler.class = null
	sasl.login.class = null
	sasl.login.connect.timeout.ms = null
	sasl.login.read.timeout.ms = null
	sasl.login.refresh.buffer.seconds = 300
	sasl.login.refresh.min.period.seconds = 60
	sasl.login.refresh.window.factor = 0.8
	sasl.login.refresh.window.jitter = 0.05
	sasl.login.retry.backoff.max.ms = 10000
	sasl.login.retry.backoff.ms = 100
	sasl.mechanism = GSSAPI
	sasl.oauthbearer.clock.skew.seconds = 30
	sasl.oauthbearer.expected.audience = null
	sasl.oauthbearer.expected.issuer = null
	sasl.oauthbearer.header.urlencode = false
	sasl.oauthbearer.jwks.endpoint.refresh.ms = 3600000
	sasl.oauthbearer.jwks.endpoint.retry.backoff.max.ms = 10000
	sasl.oauthbearer.jwks.endpoint.retry.backoff.ms = 100
	sasl.oauthbearer.jwks.endpoint.url = null
	sasl.oauthbearer.scope.claim.name = scope
	sasl.oauthbearer.sub.claim.name = sub
	sasl.oauthbearer.token.endpoint.url = null
	security.protocol = PLAINTEXT
	security.providers = null
	send.buffer.bytes = 131072
	socket.connection.setup.timeout.max.ms = 30000
	socket.connection.setup.timeout.ms = 10000
	ssl.cipher.suites = null
	ssl.enabled.protocols = [TLSv1.2, TLSv1.3]
	ssl.endpoint.identification.algorithm = https
	ssl.engine.factory.class = null
	ssl.key.password = null
	ssl.keymanager.algorithm = SunX509
	ssl.keystore.certificate.chain = null
	ssl.keystore.key = null
	ssl.keystore.location = null
	ssl.keystore.password = null
	ssl.keystore.type = JKS
	ssl.protocol = TLSv1.3
	ssl.provider = null
	ssl.secure.random.implementation = null
	ssl.trustmanager.algorithm = PKIX
	ssl.truststore.certificates = null
	ssl.truststore.location = null
	ssl.truststore.password = null
	ssl.truststore.type = JKS
	transaction.timeout.ms = 60000
	transactional.id = null
	value.serializer = class io.apicurio.registry.serde.avro.AvroKafkaSerializer

2025-07-31 20:41:50,406 INFO  [org.apa.kaf.com.tel.int.KafkaMetricsCollector] (main) initializing Kafka metrics collector
2025-07-31 20:41:50,413 INFO  [org.apa.kaf.cli.Metadata] (kafka-producer-network-thread | Producer-topic-f7f0bb31_c5e1_4d1e_9750_9214d66c707a) [Producer clientId=Producer-topic-f7f0bb31_c5e1_4d1e_9750_9214d66c707a] Cluster ID: b-_w6pXwSzuW2BMgmumbNQ
2025-07-31 20:41:50,414 INFO  [org.apa.kaf.cli.pro.int.TransactionManager] (kafka-producer-network-thread | Producer-topic-f7f0bb31_c5e1_4d1e_9750_9214d66c707a) [Producer clientId=Producer-topic-f7f0bb31_c5e1_4d1e_9750_9214d66c707a] ProducerId set to 51 with epoch 0
2025-07-31 20:41:50,415 INFO  [org.apa.kaf.cli.pro.KafkaProducer] (main) [Producer clientId=Producer-topic-2a964afb_38a4_40d6_ac38_551b8ee46168] Instantiated an idempotent producer.
2025-07-31 20:41:50,419 INFO  [org.apa.kaf.cli.pro.ProducerConfig] (main) These configurations '[apicurio.registry.url, apicurio.registry.artifact-resolver-strategy]' were supplied but are not used yet.
2025-07-31 20:41:50,419 INFO  [org.apa.kaf.com.uti.AppInfoParser] (main) Kafka version: 3.9.1
2025-07-31 20:41:50,419 INFO  [org.apa.kaf.com.uti.AppInfoParser] (main) Kafka commitId: f745dfdcee2b9851
2025-07-31 20:41:50,419 INFO  [org.apa.kaf.com.uti.AppInfoParser] (main) Kafka startTimeMs: 1753994510419
**** Registry Base URL: http://registry-app-inmemory.apps.ci419.apicurio-testing.org:80
2025-07-31 20:41:50,419 INFO  [org.apa.kaf.cli.pro.ProducerConfig] (main) ProducerConfig values: 
	acks = -1
	auto.include.jmx.reporter = true
	batch.size = 16384
	bootstrap.servers = [PLAINTEXT://localhost:32770]
	buffer.memory = 33554432
	client.dns.lookup = use_all_dns_ips
	client.id = Producer-topic-c72742f0_b2ef_4420_b66b_1a377c3af669
	compression.gzip.level = -1
	compression.lz4.level = 9
	compression.type = none
	compression.zstd.level = 3
	connections.max.idle.ms = 10000
	delivery.timeout.ms = 120000
	enable.idempotence = true
	enable.metrics.push = true
	interceptor.classes = []
	key.serializer = class org.apache.kafka.common.serialization.StringSerializer
	linger.ms = 0
	max.block.ms = 60000
	max.in.flight.requests.per.connection = 5
	max.request.size = 1048576
	metadata.max.age.ms = 300000
	metadata.max.idle.ms = 300000
	metadata.recovery.strategy = none
	metric.reporters = []
	metrics.num.samples = 2
	metrics.recording.level = INFO
	metrics.sample.window.ms = 30000
	partitioner.adaptive.partitioning.enable = true
	partitioner.availability.timeout.ms = 0
	partitioner.class = null
	partitioner.ignore.keys = false
	receive.buffer.bytes = 32768
	reconnect.backoff.max.ms = 1000
	reconnect.backoff.ms = 50
	request.timeout.ms = 5000
	retries = 2147483647
	retry.backoff.max.ms = 1000
	retry.backoff.ms = 100
	sasl.client.callback.handler.class = null
	sasl.jaas.config = null
	sasl.kerberos.kinit.cmd = /usr/bin/kinit
	sasl.kerberos.min.time.before.relogin = 60000
	sasl.kerberos.service.name = null
	sasl.kerberos.ticket.renew.jitter = 0.05
	sasl.kerberos.ticket.renew.window.factor = 0.8
	sasl.login.callback.handler.class = null
	sasl.login.class = null
	sasl.login.connect.timeout.ms = null
	sasl.login.read.timeout.ms = null
	sasl.login.refresh.buffer.seconds = 300
	sasl.login.refresh.min.period.seconds = 60
	sasl.login.refresh.window.factor = 0.8
	sasl.login.refresh.window.jitter = 0.05
	sasl.login.retry.backoff.max.ms = 10000
	sasl.login.retry.backoff.ms = 100
	sasl.mechanism = GSSAPI
	sasl.oauthbearer.clock.skew.seconds = 30
	sasl.oauthbearer.expected.audience = null
	sasl.oauthbearer.expected.issuer = null
	sasl.oauthbearer.header.urlencode = false
	sasl.oauthbearer.jwks.endpoint.refresh.ms = 3600000
	sasl.oauthbearer.jwks.endpoint.retry.backoff.max.ms = 10000
	sasl.oauthbearer.jwks.endpoint.retry.backoff.ms = 100
	sasl.oauthbearer.jwks.endpoint.url = null
	sasl.oauthbearer.scope.claim.name = scope
	sasl.oauthbearer.sub.claim.name = sub
	sasl.oauthbearer.token.endpoint.url = null
	security.protocol = PLAINTEXT
	security.providers = null
	send.buffer.bytes = 131072
	socket.connection.setup.timeout.max.ms = 30000
	socket.connection.setup.timeout.ms = 10000
	ssl.cipher.suites = null
	ssl.enabled.protocols = [TLSv1.2, TLSv1.3]
	ssl.endpoint.identification.algorithm = https
	ssl.engine.factory.class = null
	ssl.key.password = null
	ssl.keymanager.algorithm = SunX509
	ssl.keystore.certificate.chain = null
	ssl.keystore.key = null
	ssl.keystore.location = null
	ssl.keystore.password = null
	ssl.keystore.type = JKS
	ssl.protocol = TLSv1.3
	ssl.provider = null
	ssl.secure.random.implementation = null
	ssl.trustmanager.algorithm = PKIX
	ssl.truststore.certificates = null
	ssl.truststore.location = null
	ssl.truststore.password = null
	ssl.truststore.type = JKS
	transaction.timeout.ms = 60000
	transactional.id = null
	value.serializer = class io.apicurio.registry.serde.avro.AvroKafkaSerializer

2025-07-31 20:41:50,420 INFO  [org.apa.kaf.com.tel.int.KafkaMetricsCollector] (main) initializing Kafka metrics collector
2025-07-31 20:41:50,425 INFO  [org.apa.kaf.cli.Metadata] (kafka-producer-network-thread | Producer-topic-2a964afb_38a4_40d6_ac38_551b8ee46168) [Producer clientId=Producer-topic-2a964afb_38a4_40d6_ac38_551b8ee46168] Cluster ID: b-_w6pXwSzuW2BMgmumbNQ
2025-07-31 20:41:50,425 INFO  [org.apa.kaf.cli.pro.int.TransactionManager] (kafka-producer-network-thread | Producer-topic-2a964afb_38a4_40d6_ac38_551b8ee46168) [Producer clientId=Producer-topic-2a964afb_38a4_40d6_ac38_551b8ee46168] ProducerId set to 52 with epoch 0
2025-07-31 20:41:50,427 INFO  [org.apa.kaf.cli.pro.KafkaProducer] (main) [Producer clientId=Producer-topic-c72742f0_b2ef_4420_b66b_1a377c3af669] Instantiated an idempotent producer.
2025-07-31 20:41:50,429 INFO  [org.apa.kaf.cli.pro.ProducerConfig] (main) These configurations '[apicurio.registry.url, apicurio.registry.artifact-resolver-strategy]' were supplied but are not used yet.
2025-07-31 20:41:50,429 INFO  [org.apa.kaf.com.uti.AppInfoParser] (main) Kafka version: 3.9.1
2025-07-31 20:41:50,429 INFO  [org.apa.kaf.com.uti.AppInfoParser] (main) Kafka commitId: f745dfdcee2b9851
2025-07-31 20:41:50,429 INFO  [org.apa.kaf.com.uti.AppInfoParser] (main) Kafka startTimeMs: 1753994510429
**** Registry Base URL: http://registry-app-inmemory.apps.ci419.apicurio-testing.org:80
2025-07-31 20:41:50,430 INFO  [org.apa.kaf.cli.con.ConsumerConfig] (main) ConsumerConfig values: 
	allow.auto.create.topics = true
	auto.commit.interval.ms = 500
	auto.include.jmx.reporter = true
	auto.offset.reset = earliest
	bootstrap.servers = [PLAINTEXT://localhost:32770]
	check.crcs = true
	client.dns.lookup = use_all_dns_ips
	client.id = consumer-Consumer-topic-f7f0bb31_c5e1_4d1e_9750_9214d66c707a-38
	client.rack = 
	connections.max.idle.ms = 10000
	default.api.timeout.ms = 60000
	enable.auto.commit = true
	enable.metrics.push = true
	exclude.internal.topics = true
	fetch.max.bytes = 52428800
	fetch.max.wait.ms = 500
	fetch.min.bytes = 1
	group.id = Consumer-topic-f7f0bb31_c5e1_4d1e_9750_9214d66c707a
	group.instance.id = null
	group.protocol = classic
	group.remote.assignor = null
	heartbeat.interval.ms = 3000
	interceptor.classes = []
	internal.leave.group.on.close = true
	internal.throw.on.fetch.stable.offset.unsupported = false
	isolation.level = read_uncommitted
	key.deserializer = class org.apache.kafka.common.serialization.StringDeserializer
	max.partition.fetch.bytes = 1048576
	max.poll.interval.ms = 300000
	max.poll.records = 500
	metadata.max.age.ms = 300000
	metadata.recovery.strategy = none
	metric.reporters = []
	metrics.num.samples = 2
	metrics.recording.level = INFO
	metrics.sample.window.ms = 30000
	partition.assignment.strategy = [class org.apache.kafka.clients.consumer.RangeAssignor, class org.apache.kafka.clients.consumer.CooperativeStickyAssignor]
	receive.buffer.bytes = 65536
	reconnect.backoff.max.ms = 1000
	reconnect.backoff.ms = 50
	request.timeout.ms = 5000
	retry.backoff.max.ms = 1000
	retry.backoff.ms = 100
	sasl.client.callback.handler.class = null
	sasl.jaas.config = null
	sasl.kerberos.kinit.cmd = /usr/bin/kinit
	sasl.kerberos.min.time.before.relogin = 60000
	sasl.kerberos.service.name = null
	sasl.kerberos.ticket.renew.jitter = 0.05
	sasl.kerberos.ticket.renew.window.factor = 0.8
	sasl.login.callback.handler.class = null
	sasl.login.class = null
	sasl.login.connect.timeout.ms = null
	sasl.login.read.timeout.ms = null
	sasl.login.refresh.buffer.seconds = 300
	sasl.login.refresh.min.period.seconds = 60
	sasl.login.refresh.window.factor = 0.8
	sasl.login.refresh.window.jitter = 0.05
	sasl.login.retry.backoff.max.ms = 10000
	sasl.login.retry.backoff.ms = 100
	sasl.mechanism = GSSAPI
	sasl.oauthbearer.clock.skew.seconds = 30
	sasl.oauthbearer.expected.audience = null
	sasl.oauthbearer.expected.issuer = null
	sasl.oauthbearer.header.urlencode = false
	sasl.oauthbearer.jwks.endpoint.refresh.ms = 3600000
	sasl.oauthbearer.jwks.endpoint.retry.backoff.max.ms = 10000
	sasl.oauthbearer.jwks.endpoint.retry.backoff.ms = 100
	sasl.oauthbearer.jwks.endpoint.url = null
	sasl.oauthbearer.scope.claim.name = scope
	sasl.oauthbearer.sub.claim.name = sub
	sasl.oauthbearer.token.endpoint.url = null
	security.protocol = PLAINTEXT
	security.providers = null
	send.buffer.bytes = 131072
	session.timeout.ms = 45000
	socket.connection.setup.timeout.max.ms = 30000
	socket.connection.setup.timeout.ms = 10000
	ssl.cipher.suites = null
	ssl.enabled.protocols = [TLSv1.2, TLSv1.3]
	ssl.endpoint.identification.algorithm = https
	ssl.engine.factory.class = null
	ssl.key.password = null
	ssl.keymanager.algorithm = SunX509
	ssl.keystore.certificate.chain = null
	ssl.keystore.key = null
	ssl.keystore.location = null
	ssl.keystore.password = null
	ssl.keystore.type = JKS
	ssl.protocol = TLSv1.3
	ssl.provider = null
	ssl.secure.random.implementation = null
	ssl.trustmanager.algorithm = PKIX
	ssl.truststore.certificates = null
	ssl.truststore.location = null
	ssl.truststore.password = null
	ssl.truststore.type = JKS
	value.deserializer = class io.apicurio.registry.serde.avro.AvroKafkaDeserializer

2025-07-31 20:41:50,430 INFO  [org.apa.kaf.com.tel.int.KafkaMetricsCollector] (main) initializing Kafka metrics collector
2025-07-31 20:41:50,438 INFO  [org.apa.kaf.cli.con.ConsumerConfig] (main) These configurations '[apicurio.registry.url]' were supplied but are not used yet.
2025-07-31 20:41:50,438 INFO  [org.apa.kaf.com.uti.AppInfoParser] (main) Kafka version: 3.9.1
2025-07-31 20:41:50,438 INFO  [org.apa.kaf.com.uti.AppInfoParser] (main) Kafka commitId: f745dfdcee2b9851
2025-07-31 20:41:50,438 INFO  [org.apa.kaf.com.uti.AppInfoParser] (main) Kafka startTimeMs: 1753994510438
**** Registry Base URL: http://registry-app-inmemory.apps.ci419.apicurio-testing.org:80
2025-07-31 20:41:50,439 INFO  [org.apa.kaf.cli.con.ConsumerConfig] (main) ConsumerConfig values: 
	allow.auto.create.topics = true
	auto.commit.interval.ms = 500
	auto.include.jmx.reporter = true
	auto.offset.reset = earliest
	bootstrap.servers = [PLAINTEXT://localhost:32770]
	check.crcs = true
	client.dns.lookup = use_all_dns_ips
	client.id = consumer-Consumer-topic-2a964afb_38a4_40d6_ac38_551b8ee46168-39
	client.rack = 
	connections.max.idle.ms = 10000
	default.api.timeout.ms = 60000
	enable.auto.commit = true
	enable.metrics.push = true
	exclude.internal.topics = true
	fetch.max.bytes = 52428800
	fetch.max.wait.ms = 500
	fetch.min.bytes = 1
	group.id = Consumer-topic-2a964afb_38a4_40d6_ac38_551b8ee46168
	group.instance.id = null
	group.protocol = classic
	group.remote.assignor = null
	heartbeat.interval.ms = 3000
	interceptor.classes = []
	internal.leave.group.on.close = true
	internal.throw.on.fetch.stable.offset.unsupported = false
	isolation.level = read_uncommitted
	key.deserializer = class org.apache.kafka.common.serialization.StringDeserializer
	max.partition.fetch.bytes = 1048576
	max.poll.interval.ms = 300000
	max.poll.records = 500
	metadata.max.age.ms = 300000
	metadata.recovery.strategy = none
	metric.reporters = []
	metrics.num.samples = 2
	metrics.recording.level = INFO
	metrics.sample.window.ms = 30000
	partition.assignment.strategy = [class org.apache.kafka.clients.consumer.RangeAssignor, class org.apache.kafka.clients.consumer.CooperativeStickyAssignor]
	receive.buffer.bytes = 65536
	reconnect.backoff.max.ms = 1000
	reconnect.backoff.ms = 50
	request.timeout.ms = 5000
	retry.backoff.max.ms = 1000
	retry.backoff.ms = 100
	sasl.client.callback.handler.class = null
	sasl.jaas.config = null
	sasl.kerberos.kinit.cmd = /usr/bin/kinit
	sasl.kerberos.min.time.before.relogin = 60000
	sasl.kerberos.service.name = null
	sasl.kerberos.ticket.renew.jitter = 0.05
	sasl.kerberos.ticket.renew.window.factor = 0.8
	sasl.login.callback.handler.class = null
	sasl.login.class = null
	sasl.login.connect.timeout.ms = null
	sasl.login.read.timeout.ms = null
	sasl.login.refresh.buffer.seconds = 300
	sasl.login.refresh.min.period.seconds = 60
	sasl.login.refresh.window.factor = 0.8
	sasl.login.refresh.window.jitter = 0.05
	sasl.login.retry.backoff.max.ms = 10000
	sasl.login.retry.backoff.ms = 100
	sasl.mechanism = GSSAPI
	sasl.oauthbearer.clock.skew.seconds = 30
	sasl.oauthbearer.expected.audience = null
	sasl.oauthbearer.expected.issuer = null
	sasl.oauthbearer.header.urlencode = false
	sasl.oauthbearer.jwks.endpoint.refresh.ms = 3600000
	sasl.oauthbearer.jwks.endpoint.retry.backoff.max.ms = 10000
	sasl.oauthbearer.jwks.endpoint.retry.backoff.ms = 100
	sasl.oauthbearer.jwks.endpoint.url = null
	sasl.oauthbearer.scope.claim.name = scope
	sasl.oauthbearer.sub.claim.name = sub
	sasl.oauthbearer.token.endpoint.url = null
	security.protocol = PLAINTEXT
	security.providers = null
	send.buffer.bytes = 131072
	session.timeout.ms = 45000
	socket.connection.setup.timeout.max.ms = 30000
	socket.connection.setup.timeout.ms = 10000
	ssl.cipher.suites = null
	ssl.enabled.protocols = [TLSv1.2, TLSv1.3]
	ssl.endpoint.identification.algorithm = https
	ssl.engine.factory.class = null
	ssl.key.password = null
	ssl.keymanager.algorithm = SunX509
	ssl.keystore.certificate.chain = null
	ssl.keystore.key = null
	ssl.keystore.location = null
	ssl.keystore.password = null
	ssl.keystore.type = JKS
	ssl.protocol = TLSv1.3
	ssl.provider = null
	ssl.secure.random.implementation = null
	ssl.trustmanager.algorithm = PKIX
	ssl.truststore.certificates = null
	ssl.truststore.location = null
	ssl.truststore.password = null
	ssl.truststore.type = JKS
	value.deserializer = class io.apicurio.registry.serde.avro.AvroKafkaDeserializer

2025-07-31 20:41:50,439 INFO  [org.apa.kaf.com.tel.int.KafkaMetricsCollector] (main) initializing Kafka metrics collector
2025-07-31 20:41:50,447 INFO  [org.apa.kaf.cli.Metadata] (kafka-producer-network-thread | Producer-topic-c72742f0_b2ef_4420_b66b_1a377c3af669) [Producer clientId=Producer-topic-c72742f0_b2ef_4420_b66b_1a377c3af669] Cluster ID: b-_w6pXwSzuW2BMgmumbNQ
2025-07-31 20:41:50,447 INFO  [org.apa.kaf.cli.pro.int.TransactionManager] (kafka-producer-network-thread | Producer-topic-c72742f0_b2ef_4420_b66b_1a377c3af669) [Producer clientId=Producer-topic-c72742f0_b2ef_4420_b66b_1a377c3af669] ProducerId set to 53 with epoch 0
2025-07-31 20:41:50,449 INFO  [org.apa.kaf.cli.con.ConsumerConfig] (main) These configurations '[apicurio.registry.url]' were supplied but are not used yet.
2025-07-31 20:41:50,449 INFO  [org.apa.kaf.com.uti.AppInfoParser] (main) Kafka version: 3.9.1
2025-07-31 20:41:50,449 INFO  [org.apa.kaf.com.uti.AppInfoParser] (main) Kafka commitId: f745dfdcee2b9851
2025-07-31 20:41:50,449 INFO  [org.apa.kaf.com.uti.AppInfoParser] (main) Kafka startTimeMs: 1753994510449
**** Registry Base URL: http://registry-app-inmemory.apps.ci419.apicurio-testing.org:80
2025-07-31 20:41:50,449 INFO  [org.apa.kaf.cli.con.ConsumerConfig] (main) ConsumerConfig values: 
	allow.auto.create.topics = true
	auto.commit.interval.ms = 500
	auto.include.jmx.reporter = true
	auto.offset.reset = earliest
	bootstrap.servers = [PLAINTEXT://localhost:32770]
	check.crcs = true
	client.dns.lookup = use_all_dns_ips
	client.id = consumer-Consumer-topic-c72742f0_b2ef_4420_b66b_1a377c3af669-40
	client.rack = 
	connections.max.idle.ms = 10000
	default.api.timeout.ms = 60000
	enable.auto.commit = true
	enable.metrics.push = true
	exclude.internal.topics = true
	fetch.max.bytes = 52428800
	fetch.max.wait.ms = 500
	fetch.min.bytes = 1
	group.id = Consumer-topic-c72742f0_b2ef_4420_b66b_1a377c3af669
	group.instance.id = null
	group.protocol = classic
	group.remote.assignor = null
	heartbeat.interval.ms = 3000
	interceptor.classes = []
	internal.leave.group.on.close = true
	internal.throw.on.fetch.stable.offset.unsupported = false
	isolation.level = read_uncommitted
	key.deserializer = class org.apache.kafka.common.serialization.StringDeserializer
	max.partition.fetch.bytes = 1048576
	max.poll.interval.ms = 300000
	max.poll.records = 500
	metadata.max.age.ms = 300000
	metadata.recovery.strategy = none
	metric.reporters = []
	metrics.num.samples = 2
	metrics.recording.level = INFO
	metrics.sample.window.ms = 30000
	partition.assignment.strategy = [class org.apache.kafka.clients.consumer.RangeAssignor, class org.apache.kafka.clients.consumer.CooperativeStickyAssignor]
	receive.buffer.bytes = 65536
	reconnect.backoff.max.ms = 1000
	reconnect.backoff.ms = 50
	request.timeout.ms = 5000
	retry.backoff.max.ms = 1000
	retry.backoff.ms = 100
	sasl.client.callback.handler.class = null
	sasl.jaas.config = null
	sasl.kerberos.kinit.cmd = /usr/bin/kinit
	sasl.kerberos.min.time.before.relogin = 60000
	sasl.kerberos.service.name = null
	sasl.kerberos.ticket.renew.jitter = 0.05
	sasl.kerberos.ticket.renew.window.factor = 0.8
	sasl.login.callback.handler.class = null
	sasl.login.class = null
	sasl.login.connect.timeout.ms = null
	sasl.login.read.timeout.ms = null
	sasl.login.refresh.buffer.seconds = 300
	sasl.login.refresh.min.period.seconds = 60
	sasl.login.refresh.window.factor = 0.8
	sasl.login.refresh.window.jitter = 0.05
	sasl.login.retry.backoff.max.ms = 10000
	sasl.login.retry.backoff.ms = 100
	sasl.mechanism = GSSAPI
	sasl.oauthbearer.clock.skew.seconds = 30
	sasl.oauthbearer.expected.audience = null
	sasl.oauthbearer.expected.issuer = null
	sasl.oauthbearer.header.urlencode = false
	sasl.oauthbearer.jwks.endpoint.refresh.ms = 3600000
	sasl.oauthbearer.jwks.endpoint.retry.backoff.max.ms = 10000
	sasl.oauthbearer.jwks.endpoint.retry.backoff.ms = 100
	sasl.oauthbearer.jwks.endpoint.url = null
	sasl.oauthbearer.scope.claim.name = scope
	sasl.oauthbearer.sub.claim.name = sub
	sasl.oauthbearer.token.endpoint.url = null
	security.protocol = PLAINTEXT
	security.providers = null
	send.buffer.bytes = 131072
	session.timeout.ms = 45000
	socket.connection.setup.timeout.max.ms = 30000
	socket.connection.setup.timeout.ms = 10000
	ssl.cipher.suites = null
	ssl.enabled.protocols = [TLSv1.2, TLSv1.3]
	ssl.endpoint.identification.algorithm = https
	ssl.engine.factory.class = null
	ssl.key.password = null
	ssl.keymanager.algorithm = SunX509
	ssl.keystore.certificate.chain = null
	ssl.keystore.key = null
	ssl.keystore.location = null
	ssl.keystore.password = null
	ssl.keystore.type = JKS
	ssl.protocol = TLSv1.3
	ssl.provider = null
	ssl.secure.random.implementation = null
	ssl.trustmanager.algorithm = PKIX
	ssl.truststore.certificates = null
	ssl.truststore.location = null
	ssl.truststore.password = null
	ssl.truststore.type = JKS
	value.deserializer = class io.apicurio.registry.serde.avro.AvroKafkaDeserializer

2025-07-31 20:41:50,450 INFO  [org.apa.kaf.com.tel.int.KafkaMetricsCollector] (main) initializing Kafka metrics collector
2025-07-31 20:41:50,457 INFO  [org.apa.kaf.cli.con.ConsumerConfig] (main) These configurations '[apicurio.registry.url]' were supplied but are not used yet.
2025-07-31 20:41:50,457 INFO  [org.apa.kaf.com.uti.AppInfoParser] (main) Kafka version: 3.9.1
2025-07-31 20:41:50,457 INFO  [org.apa.kaf.com.uti.AppInfoParser] (main) Kafka commitId: f745dfdcee2b9851
2025-07-31 20:41:50,457 INFO  [org.apa.kaf.com.uti.AppInfoParser] (main) Kafka startTimeMs: 1753994510457
2025-07-31 20:41:50,458 INFO  [io.api.tes.ser.api.KafkaSerdesTester] (Thread-889) Sending message {"key1": "value-0"} to topic topic-f7f0bb31_c5e1_4d1e_9750_9214d66c707a
2025-07-31 20:41:50,467 INFO  [DefaultSchemaResolver] (Thread-889) Retrieving schema content using string: {"type":"record","name":"myrecordconfluent6","fields":[{"name":"key1","type":"string"}]}
2025-07-31 20:41:50,489 INFO  [io.api.tes.ser.api.KafkaSerdesTester] (Thread-889) Sending message {"key1": "value-1"} to topic topic-f7f0bb31_c5e1_4d1e_9750_9214d66c707a
2025-07-31 20:41:50,492 INFO  [io.api.tes.ser.api.KafkaSerdesTester] (Thread-889) Sending message {"key1": "value-2"} to topic topic-f7f0bb31_c5e1_4d1e_9750_9214d66c707a
2025-07-31 20:41:50,494 INFO  [io.api.tes.ser.api.KafkaSerdesTester] (Thread-889) Sending message {"key1": "value-3"} to topic topic-f7f0bb31_c5e1_4d1e_9750_9214d66c707a
2025-07-31 20:41:50,495 INFO  [io.api.tes.ser.api.KafkaSerdesTester] (Thread-889) Sending message {"key1": "value-4"} to topic topic-f7f0bb31_c5e1_4d1e_9750_9214d66c707a
2025-07-31 20:41:50,497 INFO  [io.api.tes.ser.api.KafkaSerdesTester] (Thread-889) Sending message {"key1": "value-5"} to topic topic-f7f0bb31_c5e1_4d1e_9750_9214d66c707a
2025-07-31 20:41:50,498 INFO  [io.api.tes.ser.api.KafkaSerdesTester] (Thread-889) Sending message {"key1": "value-6"} to topic topic-f7f0bb31_c5e1_4d1e_9750_9214d66c707a
2025-07-31 20:41:50,499 INFO  [io.api.tes.ser.api.KafkaSerdesTester] (Thread-889) Sending message {"key1": "value-7"} to topic topic-f7f0bb31_c5e1_4d1e_9750_9214d66c707a
2025-07-31 20:41:50,500 INFO  [io.api.tes.ser.api.KafkaSerdesTester] (Thread-889) Sending message {"key1": "value-8"} to topic topic-f7f0bb31_c5e1_4d1e_9750_9214d66c707a
2025-07-31 20:41:50,501 INFO  [io.api.tes.ser.api.KafkaSerdesTester] (Thread-889) Sending message {"key1": "value-9"} to topic topic-f7f0bb31_c5e1_4d1e_9750_9214d66c707a
2025-07-31 20:41:50,502 INFO  [io.api.tes.ser.api.KafkaSerdesTester] (Thread-889) Produced 10 messages
2025-07-31 20:41:50,502 INFO  [org.apa.kaf.cli.pro.KafkaProducer] (Thread-889) [Producer clientId=Producer-topic-f7f0bb31_c5e1_4d1e_9750_9214d66c707a] Closing the Kafka producer with timeoutMillis = 9223372036854775807 ms.
2025-07-31 20:41:50,503 INFO  [org.apa.kaf.com.met.Metrics] (Thread-889) Metrics scheduler closed
2025-07-31 20:41:50,503 INFO  [org.apa.kaf.com.met.Metrics] (Thread-889) Closing reporter org.apache.kafka.common.metrics.JmxReporter
2025-07-31 20:41:50,503 INFO  [org.apa.kaf.com.met.Metrics] (Thread-889) Closing reporter org.apache.kafka.common.telemetry.internals.ClientTelemetryReporter
2025-07-31 20:41:50,503 INFO  [org.apa.kaf.com.met.Metrics] (Thread-889) Metrics reporters closed
2025-07-31 20:41:50,504 INFO  [org.apa.kaf.com.uti.AppInfoParser] (Thread-889) App info kafka.producer for Producer-topic-f7f0bb31_c5e1_4d1e_9750_9214d66c707a unregistered
2025-07-31 20:41:50,506 INFO  [io.api.tes.ser.api.KafkaSerdesTester] (Thread-890) Sending message {"key1": "value-0"} to topic topic-2a964afb_38a4_40d6_ac38_551b8ee46168
2025-07-31 20:41:50,510 INFO  [DefaultSchemaResolver] (Thread-890) Retrieving schema content using string: {"type":"record","name":"myrecordconfluent6","fields":[{"name":"key1","type":"string"}]}
2025-07-31 20:41:50,528 INFO  [io.api.tes.ser.api.KafkaSerdesTester] (Thread-890) Sending message {"key1": "value-1"} to topic topic-2a964afb_38a4_40d6_ac38_551b8ee46168
2025-07-31 20:41:50,529 INFO  [io.api.tes.ser.api.KafkaSerdesTester] (Thread-890) Sending message {"key1": "value-2"} to topic topic-2a964afb_38a4_40d6_ac38_551b8ee46168
2025-07-31 20:41:50,530 INFO  [io.api.tes.ser.api.KafkaSerdesTester] (Thread-890) Sending message {"key1": "value-3"} to topic topic-2a964afb_38a4_40d6_ac38_551b8ee46168
2025-07-31 20:41:50,532 INFO  [io.api.tes.ser.api.KafkaSerdesTester] (Thread-890) Sending message {"key1": "value-4"} to topic topic-2a964afb_38a4_40d6_ac38_551b8ee46168
2025-07-31 20:41:50,533 INFO  [io.api.tes.ser.api.KafkaSerdesTester] (Thread-890) Sending message {"key1": "value-5"} to topic topic-2a964afb_38a4_40d6_ac38_551b8ee46168
2025-07-31 20:41:50,534 INFO  [io.api.tes.ser.api.KafkaSerdesTester] (Thread-890) Sending message {"key1": "value-6"} to topic topic-2a964afb_38a4_40d6_ac38_551b8ee46168
2025-07-31 20:41:50,535 INFO  [io.api.tes.ser.api.KafkaSerdesTester] (Thread-890) Sending message {"key1": "value-7"} to topic topic-2a964afb_38a4_40d6_ac38_551b8ee46168
2025-07-31 20:41:50,536 INFO  [io.api.tes.ser.api.KafkaSerdesTester] (Thread-890) Sending message {"key1": "value-8"} to topic topic-2a964afb_38a4_40d6_ac38_551b8ee46168
2025-07-31 20:41:50,538 INFO  [io.api.tes.ser.api.KafkaSerdesTester] (Thread-890) Sending message {"key1": "value-9"} to topic topic-2a964afb_38a4_40d6_ac38_551b8ee46168
2025-07-31 20:41:50,540 INFO  [io.api.tes.ser.api.KafkaSerdesTester] (Thread-890) Produced 10 messages
2025-07-31 20:41:50,540 INFO  [org.apa.kaf.cli.pro.KafkaProducer] (Thread-890) [Producer clientId=Producer-topic-2a964afb_38a4_40d6_ac38_551b8ee46168] Closing the Kafka producer with timeoutMillis = 9223372036854775807 ms.
2025-07-31 20:41:50,541 INFO  [org.apa.kaf.com.met.Metrics] (Thread-890) Metrics scheduler closed
2025-07-31 20:41:50,541 INFO  [org.apa.kaf.com.met.Metrics] (Thread-890) Closing reporter org.apache.kafka.common.metrics.JmxReporter
2025-07-31 20:41:50,542 INFO  [org.apa.kaf.com.met.Metrics] (Thread-890) Closing reporter org.apache.kafka.common.telemetry.internals.ClientTelemetryReporter
2025-07-31 20:41:50,542 INFO  [org.apa.kaf.com.met.Metrics] (Thread-890) Metrics reporters closed
2025-07-31 20:41:50,542 INFO  [org.apa.kaf.com.uti.AppInfoParser] (Thread-890) App info kafka.producer for Producer-topic-2a964afb_38a4_40d6_ac38_551b8ee46168 unregistered
2025-07-31 20:41:50,544 INFO  [io.api.tes.ser.api.KafkaSerdesTester] (Thread-891) Sending message {"key1": "value-0"} to topic topic-c72742f0_b2ef_4420_b66b_1a377c3af669
2025-07-31 20:41:50,549 INFO  [DefaultSchemaResolver] (Thread-891) Retrieving schema content using string: {"type":"record","name":"myrecordconfluent6","fields":[{"name":"key1","type":"string"}]}
2025-07-31 20:41:50,567 INFO  [io.api.tes.ser.api.KafkaSerdesTester] (Thread-891) Sending message {"key1": "value-1"} to topic topic-c72742f0_b2ef_4420_b66b_1a377c3af669
2025-07-31 20:41:50,569 INFO  [io.api.tes.ser.api.KafkaSerdesTester] (Thread-891) Sending message {"key1": "value-2"} to topic topic-c72742f0_b2ef_4420_b66b_1a377c3af669
2025-07-31 20:41:50,572 INFO  [io.api.tes.ser.api.KafkaSerdesTester] (Thread-891) Sending message {"key1": "value-3"} to topic topic-c72742f0_b2ef_4420_b66b_1a377c3af669
2025-07-31 20:41:50,573 INFO  [io.api.tes.ser.api.KafkaSerdesTester] (Thread-891) Sending message {"key1": "value-4"} to topic topic-c72742f0_b2ef_4420_b66b_1a377c3af669
2025-07-31 20:41:50,574 INFO  [io.api.tes.ser.api.KafkaSerdesTester] (Thread-891) Sending message {"key1": "value-5"} to topic topic-c72742f0_b2ef_4420_b66b_1a377c3af669
2025-07-31 20:41:50,576 INFO  [io.api.tes.ser.api.KafkaSerdesTester] (Thread-891) Sending message {"key1": "value-6"} to topic topic-c72742f0_b2ef_4420_b66b_1a377c3af669
2025-07-31 20:41:50,577 INFO  [io.api.tes.ser.api.KafkaSerdesTester] (Thread-891) Sending message {"key1": "value-7"} to topic topic-c72742f0_b2ef_4420_b66b_1a377c3af669
2025-07-31 20:41:50,578 INFO  [io.api.tes.ser.api.KafkaSerdesTester] (Thread-891) Sending message {"key1": "value-8"} to topic topic-c72742f0_b2ef_4420_b66b_1a377c3af669
2025-07-31 20:41:50,579 INFO  [io.api.tes.ser.api.KafkaSerdesTester] (Thread-891) Sending message {"key1": "value-9"} to topic topic-c72742f0_b2ef_4420_b66b_1a377c3af669
2025-07-31 20:41:50,581 INFO  [io.api.tes.ser.api.KafkaSerdesTester] (Thread-891) Produced 10 messages
2025-07-31 20:41:50,581 INFO  [org.apa.kaf.cli.pro.KafkaProducer] (Thread-891) [Producer clientId=Producer-topic-c72742f0_b2ef_4420_b66b_1a377c3af669] Closing the Kafka producer with timeoutMillis = 9223372036854775807 ms.
2025-07-31 20:41:50,583 INFO  [org.apa.kaf.com.met.Metrics] (Thread-891) Metrics scheduler closed
2025-07-31 20:41:50,583 INFO  [org.apa.kaf.com.met.Metrics] (Thread-891) Closing reporter org.apache.kafka.common.metrics.JmxReporter
2025-07-31 20:41:50,583 INFO  [org.apa.kaf.com.met.Metrics] (Thread-891) Closing reporter org.apache.kafka.common.telemetry.internals.ClientTelemetryReporter
2025-07-31 20:41:50,583 INFO  [org.apa.kaf.com.met.Metrics] (Thread-891) Metrics reporters closed
2025-07-31 20:41:50,584 INFO  [org.apa.kaf.com.uti.AppInfoParser] (Thread-891) App info kafka.producer for Producer-topic-c72742f0_b2ef_4420_b66b_1a377c3af669 unregistered
2025-07-31 20:41:50,584 INFO  [org.apa.kaf.cli.con.int.ClassicKafkaConsumer] (Thread-892) [Consumer clientId=consumer-Consumer-topic-f7f0bb31_c5e1_4d1e_9750_9214d66c707a-38, groupId=Consumer-topic-f7f0bb31_c5e1_4d1e_9750_9214d66c707a] Subscribed to topic(s): topic-f7f0bb31_c5e1_4d1e_9750_9214d66c707a
2025-07-31 20:41:50,588 INFO  [org.apa.kaf.cli.Metadata] (Thread-892) [Consumer clientId=consumer-Consumer-topic-f7f0bb31_c5e1_4d1e_9750_9214d66c707a-38, groupId=Consumer-topic-f7f0bb31_c5e1_4d1e_9750_9214d66c707a] Cluster ID: b-_w6pXwSzuW2BMgmumbNQ
2025-07-31 20:41:50,590 INFO  [org.apa.kaf.cli.con.int.ConsumerCoordinator] (Thread-892) [Consumer clientId=consumer-Consumer-topic-f7f0bb31_c5e1_4d1e_9750_9214d66c707a-38, groupId=Consumer-topic-f7f0bb31_c5e1_4d1e_9750_9214d66c707a] Discovered group coordinator localhost:32770 (id: 2147483647 rack: null)
2025-07-31 20:41:50,592 INFO  [org.apa.kaf.cli.con.int.ConsumerCoordinator] (Thread-892) [Consumer clientId=consumer-Consumer-topic-f7f0bb31_c5e1_4d1e_9750_9214d66c707a-38, groupId=Consumer-topic-f7f0bb31_c5e1_4d1e_9750_9214d66c707a] (Re-)joining group
2025-07-31 20:41:50,595 INFO  [org.apa.kaf.cli.con.int.ConsumerCoordinator] (Thread-892) [Consumer clientId=consumer-Consumer-topic-f7f0bb31_c5e1_4d1e_9750_9214d66c707a-38, groupId=Consumer-topic-f7f0bb31_c5e1_4d1e_9750_9214d66c707a] Request joining group due to: need to re-join with the given member-id: consumer-Consumer-topic-f7f0bb31_c5e1_4d1e_9750_9214d66c707a-38-0aa52aa4-7188-4773-8e65-6cb6d840ef7a
2025-07-31 20:41:50,595 INFO  [org.apa.kaf.cli.con.int.ConsumerCoordinator] (Thread-892) [Consumer clientId=consumer-Consumer-topic-f7f0bb31_c5e1_4d1e_9750_9214d66c707a-38, groupId=Consumer-topic-f7f0bb31_c5e1_4d1e_9750_9214d66c707a] (Re-)joining group
2025-07-31 20:41:50,598 INFO  [org.apa.kaf.cli.con.int.ConsumerCoordinator] (Thread-892) [Consumer clientId=consumer-Consumer-topic-f7f0bb31_c5e1_4d1e_9750_9214d66c707a-38, groupId=Consumer-topic-f7f0bb31_c5e1_4d1e_9750_9214d66c707a] Successfully joined group with generation Generation{generationId=1, memberId='consumer-Consumer-topic-f7f0bb31_c5e1_4d1e_9750_9214d66c707a-38-0aa52aa4-7188-4773-8e65-6cb6d840ef7a', protocol='range'}
2025-07-31 20:41:50,599 INFO  [org.apa.kaf.cli.con.int.ConsumerCoordinator] (Thread-892) [Consumer clientId=consumer-Consumer-topic-f7f0bb31_c5e1_4d1e_9750_9214d66c707a-38, groupId=Consumer-topic-f7f0bb31_c5e1_4d1e_9750_9214d66c707a] Finished assignment for group at generation 1: {consumer-Consumer-topic-f7f0bb31_c5e1_4d1e_9750_9214d66c707a-38-0aa52aa4-7188-4773-8e65-6cb6d840ef7a=Assignment(partitions=[topic-f7f0bb31_c5e1_4d1e_9750_9214d66c707a-0])}
2025-07-31 20:41:50,601 INFO  [org.apa.kaf.cli.con.int.ConsumerCoordinator] (Thread-892) [Consumer clientId=consumer-Consumer-topic-f7f0bb31_c5e1_4d1e_9750_9214d66c707a-38, groupId=Consumer-topic-f7f0bb31_c5e1_4d1e_9750_9214d66c707a] Successfully synced group in generation Generation{generationId=1, memberId='consumer-Consumer-topic-f7f0bb31_c5e1_4d1e_9750_9214d66c707a-38-0aa52aa4-7188-4773-8e65-6cb6d840ef7a', protocol='range'}
2025-07-31 20:41:50,601 INFO  [org.apa.kaf.cli.con.int.ConsumerCoordinator] (Thread-892) [Consumer clientId=consumer-Consumer-topic-f7f0bb31_c5e1_4d1e_9750_9214d66c707a-38, groupId=Consumer-topic-f7f0bb31_c5e1_4d1e_9750_9214d66c707a] Notifying assignor about the new Assignment(partitions=[topic-f7f0bb31_c5e1_4d1e_9750_9214d66c707a-0])
2025-07-31 20:41:50,601 INFO  [org.apa.kaf.cli.con.int.ConsumerRebalanceListenerInvoker] (Thread-892) [Consumer clientId=consumer-Consumer-topic-f7f0bb31_c5e1_4d1e_9750_9214d66c707a-38, groupId=Consumer-topic-f7f0bb31_c5e1_4d1e_9750_9214d66c707a] Adding newly assigned partitions: topic-f7f0bb31_c5e1_4d1e_9750_9214d66c707a-0
2025-07-31 20:41:50,603 INFO  [org.apa.kaf.cli.con.int.ConsumerCoordinator] (Thread-892) [Consumer clientId=consumer-Consumer-topic-f7f0bb31_c5e1_4d1e_9750_9214d66c707a-38, groupId=Consumer-topic-f7f0bb31_c5e1_4d1e_9750_9214d66c707a] Found no committed offset for partition topic-f7f0bb31_c5e1_4d1e_9750_9214d66c707a-0
2025-07-31 20:41:50,607 INFO  [org.apa.kaf.cli.con.int.SubscriptionState] (Thread-892) [Consumer clientId=consumer-Consumer-topic-f7f0bb31_c5e1_4d1e_9750_9214d66c707a-38, groupId=Consumer-topic-f7f0bb31_c5e1_4d1e_9750_9214d66c707a] Resetting offset for partition topic-f7f0bb31_c5e1_4d1e_9750_9214d66c707a-0 to position FetchPosition{offset=0, offsetEpoch=Optional.empty, currentLeader=LeaderAndEpoch{leader=Optional[localhost:32770 (id: 0 rack: null)], epoch=0}}.
2025-07-31 20:41:50,630 INFO  [io.api.tes.ser.api.KafkaSerdesTester] (Thread-892) topic-f7f0bb31_c5e1_4d1e_9750_9214d66c707a 0 0 {"key1": "value-0"}
2025-07-31 20:41:50,630 INFO  [io.api.tes.ser.api.KafkaSerdesTester] (Thread-892) topic-f7f0bb31_c5e1_4d1e_9750_9214d66c707a 0 1 {"key1": "value-1"}
2025-07-31 20:41:50,630 INFO  [io.api.tes.ser.api.KafkaSerdesTester] (Thread-892) topic-f7f0bb31_c5e1_4d1e_9750_9214d66c707a 0 2 {"key1": "value-2"}
2025-07-31 20:41:50,630 INFO  [io.api.tes.ser.api.KafkaSerdesTester] (Thread-892) topic-f7f0bb31_c5e1_4d1e_9750_9214d66c707a 0 3 {"key1": "value-3"}
2025-07-31 20:41:50,630 INFO  [io.api.tes.ser.api.KafkaSerdesTester] (Thread-892) topic-f7f0bb31_c5e1_4d1e_9750_9214d66c707a 0 4 {"key1": "value-4"}
2025-07-31 20:41:50,630 INFO  [io.api.tes.ser.api.KafkaSerdesTester] (Thread-892) topic-f7f0bb31_c5e1_4d1e_9750_9214d66c707a 0 5 {"key1": "value-5"}
2025-07-31 20:41:50,630 INFO  [io.api.tes.ser.api.KafkaSerdesTester] (Thread-892) topic-f7f0bb31_c5e1_4d1e_9750_9214d66c707a 0 6 {"key1": "value-6"}
2025-07-31 20:41:50,630 INFO  [io.api.tes.ser.api.KafkaSerdesTester] (Thread-892) topic-f7f0bb31_c5e1_4d1e_9750_9214d66c707a 0 7 {"key1": "value-7"}
2025-07-31 20:41:50,630 INFO  [io.api.tes.ser.api.KafkaSerdesTester] (Thread-892) topic-f7f0bb31_c5e1_4d1e_9750_9214d66c707a 0 8 {"key1": "value-8"}
2025-07-31 20:41:50,630 INFO  [io.api.tes.ser.api.KafkaSerdesTester] (Thread-892) topic-f7f0bb31_c5e1_4d1e_9750_9214d66c707a 0 9 {"key1": "value-9"}
2025-07-31 20:41:50,630 INFO  [io.api.tes.ser.api.KafkaSerdesTester] (Thread-892) Consumed 10 messages
2025-07-31 20:41:50,637 INFO  [org.apa.kaf.cli.con.int.ConsumerRebalanceListenerInvoker] (Thread-892) [Consumer clientId=consumer-Consumer-topic-f7f0bb31_c5e1_4d1e_9750_9214d66c707a-38, groupId=Consumer-topic-f7f0bb31_c5e1_4d1e_9750_9214d66c707a] Revoke previously assigned partitions topic-f7f0bb31_c5e1_4d1e_9750_9214d66c707a-0
2025-07-31 20:41:50,637 INFO  [org.apa.kaf.cli.con.int.ConsumerCoordinator] (Thread-892) [Consumer clientId=consumer-Consumer-topic-f7f0bb31_c5e1_4d1e_9750_9214d66c707a-38, groupId=Consumer-topic-f7f0bb31_c5e1_4d1e_9750_9214d66c707a] Member consumer-Consumer-topic-f7f0bb31_c5e1_4d1e_9750_9214d66c707a-38-0aa52aa4-7188-4773-8e65-6cb6d840ef7a sending LeaveGroup request to coordinator localhost:32770 (id: 2147483647 rack: null) due to the consumer is being closed
2025-07-31 20:41:50,638 INFO  [org.apa.kaf.cli.con.int.ConsumerCoordinator] (Thread-892) [Consumer clientId=consumer-Consumer-topic-f7f0bb31_c5e1_4d1e_9750_9214d66c707a-38, groupId=Consumer-topic-f7f0bb31_c5e1_4d1e_9750_9214d66c707a] Resetting generation and member id due to: consumer pro-actively leaving the group
2025-07-31 20:41:50,638 INFO  [org.apa.kaf.cli.con.int.ConsumerCoordinator] (Thread-892) [Consumer clientId=consumer-Consumer-topic-f7f0bb31_c5e1_4d1e_9750_9214d66c707a-38, groupId=Consumer-topic-f7f0bb31_c5e1_4d1e_9750_9214d66c707a] Request joining group due to: consumer pro-actively leaving the group
2025-07-31 20:41:51,133 INFO  [org.apa.kaf.com.met.Metrics] (Thread-892) Metrics scheduler closed
2025-07-31 20:41:51,133 INFO  [org.apa.kaf.com.met.Metrics] (Thread-892) Closing reporter org.apache.kafka.common.metrics.JmxReporter
2025-07-31 20:41:51,133 INFO  [org.apa.kaf.com.met.Metrics] (Thread-892) Closing reporter org.apache.kafka.common.telemetry.internals.ClientTelemetryReporter
2025-07-31 20:41:51,133 INFO  [org.apa.kaf.com.met.Metrics] (Thread-892) Metrics reporters closed
2025-07-31 20:41:51,134 INFO  [org.apa.kaf.com.uti.AppInfoParser] (Thread-892) App info kafka.consumer for consumer-Consumer-topic-f7f0bb31_c5e1_4d1e_9750_9214d66c707a-38 unregistered
2025-07-31 20:41:51,138 INFO  [org.apa.kaf.cli.con.int.ClassicKafkaConsumer] (Thread-893) [Consumer clientId=consumer-Consumer-topic-2a964afb_38a4_40d6_ac38_551b8ee46168-39, groupId=Consumer-topic-2a964afb_38a4_40d6_ac38_551b8ee46168] Subscribed to topic(s): topic-2a964afb_38a4_40d6_ac38_551b8ee46168
2025-07-31 20:41:51,142 INFO  [org.apa.kaf.cli.Metadata] (Thread-893) [Consumer clientId=consumer-Consumer-topic-2a964afb_38a4_40d6_ac38_551b8ee46168-39, groupId=Consumer-topic-2a964afb_38a4_40d6_ac38_551b8ee46168] Cluster ID: b-_w6pXwSzuW2BMgmumbNQ
2025-07-31 20:41:51,143 INFO  [org.apa.kaf.cli.con.int.ConsumerCoordinator] (Thread-893) [Consumer clientId=consumer-Consumer-topic-2a964afb_38a4_40d6_ac38_551b8ee46168-39, groupId=Consumer-topic-2a964afb_38a4_40d6_ac38_551b8ee46168] Discovered group coordinator localhost:32770 (id: 2147483647 rack: null)
2025-07-31 20:41:51,144 INFO  [org.apa.kaf.cli.con.int.ConsumerCoordinator] (Thread-893) [Consumer clientId=consumer-Consumer-topic-2a964afb_38a4_40d6_ac38_551b8ee46168-39, groupId=Consumer-topic-2a964afb_38a4_40d6_ac38_551b8ee46168] (Re-)joining group
2025-07-31 20:41:51,147 INFO  [org.apa.kaf.cli.con.int.ConsumerCoordinator] (Thread-893) [Consumer clientId=consumer-Consumer-topic-2a964afb_38a4_40d6_ac38_551b8ee46168-39, groupId=Consumer-topic-2a964afb_38a4_40d6_ac38_551b8ee46168] Request joining group due to: need to re-join with the given member-id: consumer-Consumer-topic-2a964afb_38a4_40d6_ac38_551b8ee46168-39-0f295b07-3244-482f-b3d6-728788a08a17
2025-07-31 20:41:51,148 INFO  [org.apa.kaf.cli.con.int.ConsumerCoordinator] (Thread-893) [Consumer clientId=consumer-Consumer-topic-2a964afb_38a4_40d6_ac38_551b8ee46168-39, groupId=Consumer-topic-2a964afb_38a4_40d6_ac38_551b8ee46168] (Re-)joining group
2025-07-31 20:41:51,150 INFO  [org.apa.kaf.cli.con.int.ConsumerCoordinator] (Thread-893) [Consumer clientId=consumer-Consumer-topic-2a964afb_38a4_40d6_ac38_551b8ee46168-39, groupId=Consumer-topic-2a964afb_38a4_40d6_ac38_551b8ee46168] Successfully joined group with generation Generation{generationId=1, memberId='consumer-Consumer-topic-2a964afb_38a4_40d6_ac38_551b8ee46168-39-0f295b07-3244-482f-b3d6-728788a08a17', protocol='range'}
2025-07-31 20:41:51,150 INFO  [org.apa.kaf.cli.con.int.ConsumerCoordinator] (Thread-893) [Consumer clientId=consumer-Consumer-topic-2a964afb_38a4_40d6_ac38_551b8ee46168-39, groupId=Consumer-topic-2a964afb_38a4_40d6_ac38_551b8ee46168] Finished assignment for group at generation 1: {consumer-Consumer-topic-2a964afb_38a4_40d6_ac38_551b8ee46168-39-0f295b07-3244-482f-b3d6-728788a08a17=Assignment(partitions=[topic-2a964afb_38a4_40d6_ac38_551b8ee46168-0])}
2025-07-31 20:41:51,152 INFO  [org.apa.kaf.cli.con.int.ConsumerCoordinator] (Thread-893) [Consumer clientId=consumer-Consumer-topic-2a964afb_38a4_40d6_ac38_551b8ee46168-39, groupId=Consumer-topic-2a964afb_38a4_40d6_ac38_551b8ee46168] Successfully synced group in generation Generation{generationId=1, memberId='consumer-Consumer-topic-2a964afb_38a4_40d6_ac38_551b8ee46168-39-0f295b07-3244-482f-b3d6-728788a08a17', protocol='range'}
2025-07-31 20:41:51,152 INFO  [org.apa.kaf.cli.con.int.ConsumerCoordinator] (Thread-893) [Consumer clientId=consumer-Consumer-topic-2a964afb_38a4_40d6_ac38_551b8ee46168-39, groupId=Consumer-topic-2a964afb_38a4_40d6_ac38_551b8ee46168] Notifying assignor about the new Assignment(partitions=[topic-2a964afb_38a4_40d6_ac38_551b8ee46168-0])
2025-07-31 20:41:51,152 INFO  [org.apa.kaf.cli.con.int.ConsumerRebalanceListenerInvoker] (Thread-893) [Consumer clientId=consumer-Consumer-topic-2a964afb_38a4_40d6_ac38_551b8ee46168-39, groupId=Consumer-topic-2a964afb_38a4_40d6_ac38_551b8ee46168] Adding newly assigned partitions: topic-2a964afb_38a4_40d6_ac38_551b8ee46168-0
2025-07-31 20:41:51,153 INFO  [org.apa.kaf.cli.con.int.ConsumerCoordinator] (Thread-893) [Consumer clientId=consumer-Consumer-topic-2a964afb_38a4_40d6_ac38_551b8ee46168-39, groupId=Consumer-topic-2a964afb_38a4_40d6_ac38_551b8ee46168] Found no committed offset for partition topic-2a964afb_38a4_40d6_ac38_551b8ee46168-0
2025-07-31 20:41:51,155 INFO  [org.apa.kaf.cli.con.int.SubscriptionState] (Thread-893) [Consumer clientId=consumer-Consumer-topic-2a964afb_38a4_40d6_ac38_551b8ee46168-39, groupId=Consumer-topic-2a964afb_38a4_40d6_ac38_551b8ee46168] Resetting offset for partition topic-2a964afb_38a4_40d6_ac38_551b8ee46168-0 to position FetchPosition{offset=0, offsetEpoch=Optional.empty, currentLeader=LeaderAndEpoch{leader=Optional[localhost:32770 (id: 0 rack: null)], epoch=0}}.
2025-07-31 20:41:51,180 INFO  [io.api.tes.ser.api.KafkaSerdesTester] (Thread-893) topic-2a964afb_38a4_40d6_ac38_551b8ee46168 0 0 {"key1": "value-0"}
2025-07-31 20:41:51,180 INFO  [io.api.tes.ser.api.KafkaSerdesTester] (Thread-893) topic-2a964afb_38a4_40d6_ac38_551b8ee46168 0 1 {"key1": "value-1"}
2025-07-31 20:41:51,180 INFO  [io.api.tes.ser.api.KafkaSerdesTester] (Thread-893) topic-2a964afb_38a4_40d6_ac38_551b8ee46168 0 2 {"key1": "value-2"}
2025-07-31 20:41:51,180 INFO  [io.api.tes.ser.api.KafkaSerdesTester] (Thread-893) topic-2a964afb_38a4_40d6_ac38_551b8ee46168 0 3 {"key1": "value-3"}
2025-07-31 20:41:51,180 INFO  [io.api.tes.ser.api.KafkaSerdesTester] (Thread-893) topic-2a964afb_38a4_40d6_ac38_551b8ee46168 0 4 {"key1": "value-4"}
2025-07-31 20:41:51,180 INFO  [io.api.tes.ser.api.KafkaSerdesTester] (Thread-893) topic-2a964afb_38a4_40d6_ac38_551b8ee46168 0 5 {"key1": "value-5"}
2025-07-31 20:41:51,180 INFO  [io.api.tes.ser.api.KafkaSerdesTester] (Thread-893) topic-2a964afb_38a4_40d6_ac38_551b8ee46168 0 6 {"key1": "value-6"}
2025-07-31 20:41:51,180 INFO  [io.api.tes.ser.api.KafkaSerdesTester] (Thread-893) topic-2a964afb_38a4_40d6_ac38_551b8ee46168 0 7 {"key1": "value-7"}
2025-07-31 20:41:51,180 INFO  [io.api.tes.ser.api.KafkaSerdesTester] (Thread-893) topic-2a964afb_38a4_40d6_ac38_551b8ee46168 0 8 {"key1": "value-8"}
2025-07-31 20:41:51,180 INFO  [io.api.tes.ser.api.KafkaSerdesTester] (Thread-893) topic-2a964afb_38a4_40d6_ac38_551b8ee46168 0 9 {"key1": "value-9"}
2025-07-31 20:41:51,180 INFO  [io.api.tes.ser.api.KafkaSerdesTester] (Thread-893) Consumed 10 messages
2025-07-31 20:41:51,184 INFO  [org.apa.kaf.cli.con.int.ConsumerRebalanceListenerInvoker] (Thread-893) [Consumer clientId=consumer-Consumer-topic-2a964afb_38a4_40d6_ac38_551b8ee46168-39, groupId=Consumer-topic-2a964afb_38a4_40d6_ac38_551b8ee46168] Revoke previously assigned partitions topic-2a964afb_38a4_40d6_ac38_551b8ee46168-0
2025-07-31 20:41:51,184 INFO  [org.apa.kaf.cli.con.int.ConsumerCoordinator] (Thread-893) [Consumer clientId=consumer-Consumer-topic-2a964afb_38a4_40d6_ac38_551b8ee46168-39, groupId=Consumer-topic-2a964afb_38a4_40d6_ac38_551b8ee46168] Member consumer-Consumer-topic-2a964afb_38a4_40d6_ac38_551b8ee46168-39-0f295b07-3244-482f-b3d6-728788a08a17 sending LeaveGroup request to coordinator localhost:32770 (id: 2147483647 rack: null) due to the consumer is being closed
2025-07-31 20:41:51,184 INFO  [org.apa.kaf.cli.con.int.ConsumerCoordinator] (Thread-893) [Consumer clientId=consumer-Consumer-topic-2a964afb_38a4_40d6_ac38_551b8ee46168-39, groupId=Consumer-topic-2a964afb_38a4_40d6_ac38_551b8ee46168] Resetting generation and member id due to: consumer pro-actively leaving the group
2025-07-31 20:41:51,184 INFO  [org.apa.kaf.cli.con.int.ConsumerCoordinator] (Thread-893) [Consumer clientId=consumer-Consumer-topic-2a964afb_38a4_40d6_ac38_551b8ee46168-39, groupId=Consumer-topic-2a964afb_38a4_40d6_ac38_551b8ee46168] Request joining group due to: consumer pro-actively leaving the group
2025-07-31 20:41:51,682 INFO  [org.apa.kaf.com.met.Metrics] (Thread-893) Metrics scheduler closed
2025-07-31 20:41:51,682 INFO  [org.apa.kaf.com.met.Metrics] (Thread-893) Closing reporter org.apache.kafka.common.metrics.JmxReporter
2025-07-31 20:41:51,682 INFO  [org.apa.kaf.com.met.Metrics] (Thread-893) Closing reporter org.apache.kafka.common.telemetry.internals.ClientTelemetryReporter
2025-07-31 20:41:51,682 INFO  [org.apa.kaf.com.met.Metrics] (Thread-893) Metrics reporters closed
2025-07-31 20:41:51,685 INFO  [org.apa.kaf.com.uti.AppInfoParser] (Thread-893) App info kafka.consumer for consumer-Consumer-topic-2a964afb_38a4_40d6_ac38_551b8ee46168-39 unregistered
2025-07-31 20:41:51,686 INFO  [org.apa.kaf.cli.con.int.ClassicKafkaConsumer] (Thread-894) [Consumer clientId=consumer-Consumer-topic-c72742f0_b2ef_4420_b66b_1a377c3af669-40, groupId=Consumer-topic-c72742f0_b2ef_4420_b66b_1a377c3af669] Subscribed to topic(s): topic-c72742f0_b2ef_4420_b66b_1a377c3af669
2025-07-31 20:41:51,694 INFO  [org.apa.kaf.cli.Metadata] (Thread-894) [Consumer clientId=consumer-Consumer-topic-c72742f0_b2ef_4420_b66b_1a377c3af669-40, groupId=Consumer-topic-c72742f0_b2ef_4420_b66b_1a377c3af669] Cluster ID: b-_w6pXwSzuW2BMgmumbNQ
2025-07-31 20:41:51,694 INFO  [org.apa.kaf.cli.con.int.ConsumerCoordinator] (Thread-894) [Consumer clientId=consumer-Consumer-topic-c72742f0_b2ef_4420_b66b_1a377c3af669-40, groupId=Consumer-topic-c72742f0_b2ef_4420_b66b_1a377c3af669] Discovered group coordinator localhost:32770 (id: 2147483647 rack: null)
2025-07-31 20:41:51,696 INFO  [org.apa.kaf.cli.con.int.ConsumerCoordinator] (Thread-894) [Consumer clientId=consumer-Consumer-topic-c72742f0_b2ef_4420_b66b_1a377c3af669-40, groupId=Consumer-topic-c72742f0_b2ef_4420_b66b_1a377c3af669] (Re-)joining group
2025-07-31 20:41:51,699 INFO  [org.apa.kaf.cli.con.int.ConsumerCoordinator] (Thread-894) [Consumer clientId=consumer-Consumer-topic-c72742f0_b2ef_4420_b66b_1a377c3af669-40, groupId=Consumer-topic-c72742f0_b2ef_4420_b66b_1a377c3af669] Request joining group due to: need to re-join with the given member-id: consumer-Consumer-topic-c72742f0_b2ef_4420_b66b_1a377c3af669-40-4754ff6d-0a8a-422c-b29e-9e0b83af36f1
2025-07-31 20:41:51,699 INFO  [org.apa.kaf.cli.con.int.ConsumerCoordinator] (Thread-894) [Consumer clientId=consumer-Consumer-topic-c72742f0_b2ef_4420_b66b_1a377c3af669-40, groupId=Consumer-topic-c72742f0_b2ef_4420_b66b_1a377c3af669] (Re-)joining group
2025-07-31 20:41:51,701 INFO  [org.apa.kaf.cli.con.int.ConsumerCoordinator] (Thread-894) [Consumer clientId=consumer-Consumer-topic-c72742f0_b2ef_4420_b66b_1a377c3af669-40, groupId=Consumer-topic-c72742f0_b2ef_4420_b66b_1a377c3af669] Successfully joined group with generation Generation{generationId=1, memberId='consumer-Consumer-topic-c72742f0_b2ef_4420_b66b_1a377c3af669-40-4754ff6d-0a8a-422c-b29e-9e0b83af36f1', protocol='range'}
2025-07-31 20:41:51,701 INFO  [org.apa.kaf.cli.con.int.ConsumerCoordinator] (Thread-894) [Consumer clientId=consumer-Consumer-topic-c72742f0_b2ef_4420_b66b_1a377c3af669-40, groupId=Consumer-topic-c72742f0_b2ef_4420_b66b_1a377c3af669] Finished assignment for group at generation 1: {consumer-Consumer-topic-c72742f0_b2ef_4420_b66b_1a377c3af669-40-4754ff6d-0a8a-422c-b29e-9e0b83af36f1=Assignment(partitions=[topic-c72742f0_b2ef_4420_b66b_1a377c3af669-0])}
2025-07-31 20:41:51,702 INFO  [org.apa.kaf.cli.con.int.ConsumerCoordinator] (Thread-894) [Consumer clientId=consumer-Consumer-topic-c72742f0_b2ef_4420_b66b_1a377c3af669-40, groupId=Consumer-topic-c72742f0_b2ef_4420_b66b_1a377c3af669] Successfully synced group in generation Generation{generationId=1, memberId='consumer-Consumer-topic-c72742f0_b2ef_4420_b66b_1a377c3af669-40-4754ff6d-0a8a-422c-b29e-9e0b83af36f1', protocol='range'}
2025-07-31 20:41:51,703 INFO  [org.apa.kaf.cli.con.int.ConsumerCoordinator] (Thread-894) [Consumer clientId=consumer-Consumer-topic-c72742f0_b2ef_4420_b66b_1a377c3af669-40, groupId=Consumer-topic-c72742f0_b2ef_4420_b66b_1a377c3af669] Notifying assignor about the new Assignment(partitions=[topic-c72742f0_b2ef_4420_b66b_1a377c3af669-0])
2025-07-31 20:41:51,703 INFO  [org.apa.kaf.cli.con.int.ConsumerRebalanceListenerInvoker] (Thread-894) [Consumer clientId=consumer-Consumer-topic-c72742f0_b2ef_4420_b66b_1a377c3af669-40, groupId=Consumer-topic-c72742f0_b2ef_4420_b66b_1a377c3af669] Adding newly assigned partitions: topic-c72742f0_b2ef_4420_b66b_1a377c3af669-0
2025-07-31 20:41:51,704 INFO  [org.apa.kaf.cli.con.int.ConsumerCoordinator] (Thread-894) [Consumer clientId=consumer-Consumer-topic-c72742f0_b2ef_4420_b66b_1a377c3af669-40, groupId=Consumer-topic-c72742f0_b2ef_4420_b66b_1a377c3af669] Found no committed offset for partition topic-c72742f0_b2ef_4420_b66b_1a377c3af669-0
2025-07-31 20:41:51,712 INFO  [org.apa.kaf.cli.con.int.SubscriptionState] (Thread-894) [Consumer clientId=consumer-Consumer-topic-c72742f0_b2ef_4420_b66b_1a377c3af669-40, groupId=Consumer-topic-c72742f0_b2ef_4420_b66b_1a377c3af669] Resetting offset for partition topic-c72742f0_b2ef_4420_b66b_1a377c3af669-0 to position FetchPosition{offset=0, offsetEpoch=Optional.empty, currentLeader=LeaderAndEpoch{leader=Optional[localhost:32770 (id: 0 rack: null)], epoch=0}}.
2025-07-31 20:41:51,735 INFO  [io.api.tes.ser.api.KafkaSerdesTester] (Thread-894) topic-c72742f0_b2ef_4420_b66b_1a377c3af669 0 0 {"key1": "value-0"}
2025-07-31 20:41:51,735 INFO  [io.api.tes.ser.api.KafkaSerdesTester] (Thread-894) topic-c72742f0_b2ef_4420_b66b_1a377c3af669 0 1 {"key1": "value-1"}
2025-07-31 20:41:51,735 INFO  [io.api.tes.ser.api.KafkaSerdesTester] (Thread-894) topic-c72742f0_b2ef_4420_b66b_1a377c3af669 0 2 {"key1": "value-2"}
2025-07-31 20:41:51,735 INFO  [io.api.tes.ser.api.KafkaSerdesTester] (Thread-894) topic-c72742f0_b2ef_4420_b66b_1a377c3af669 0 3 {"key1": "value-3"}
2025-07-31 20:41:51,735 INFO  [io.api.tes.ser.api.KafkaSerdesTester] (Thread-894) topic-c72742f0_b2ef_4420_b66b_1a377c3af669 0 4 {"key1": "value-4"}
2025-07-31 20:41:51,735 INFO  [io.api.tes.ser.api.KafkaSerdesTester] (Thread-894) topic-c72742f0_b2ef_4420_b66b_1a377c3af669 0 5 {"key1": "value-5"}
2025-07-31 20:41:51,736 INFO  [io.api.tes.ser.api.KafkaSerdesTester] (Thread-894) topic-c72742f0_b2ef_4420_b66b_1a377c3af669 0 6 {"key1": "value-6"}
2025-07-31 20:41:51,736 INFO  [io.api.tes.ser.api.KafkaSerdesTester] (Thread-894) topic-c72742f0_b2ef_4420_b66b_1a377c3af669 0 7 {"key1": "value-7"}
2025-07-31 20:41:51,736 INFO  [io.api.tes.ser.api.KafkaSerdesTester] (Thread-894) topic-c72742f0_b2ef_4420_b66b_1a377c3af669 0 8 {"key1": "value-8"}
2025-07-31 20:41:51,736 INFO  [io.api.tes.ser.api.KafkaSerdesTester] (Thread-894) topic-c72742f0_b2ef_4420_b66b_1a377c3af669 0 9 {"key1": "value-9"}
2025-07-31 20:41:51,736 INFO  [io.api.tes.ser.api.KafkaSerdesTester] (Thread-894) Consumed 10 messages
2025-07-31 20:41:51,738 INFO  [org.apa.kaf.cli.con.int.ConsumerRebalanceListenerInvoker] (Thread-894) [Consumer clientId=consumer-Consumer-topic-c72742f0_b2ef_4420_b66b_1a377c3af669-40, groupId=Consumer-topic-c72742f0_b2ef_4420_b66b_1a377c3af669] Revoke previously assigned partitions topic-c72742f0_b2ef_4420_b66b_1a377c3af669-0
2025-07-31 20:41:51,738 INFO  [org.apa.kaf.cli.con.int.ConsumerCoordinator] (Thread-894) [Consumer clientId=consumer-Consumer-topic-c72742f0_b2ef_4420_b66b_1a377c3af669-40, groupId=Consumer-topic-c72742f0_b2ef_4420_b66b_1a377c3af669] Member consumer-Consumer-topic-c72742f0_b2ef_4420_b66b_1a377c3af669-40-4754ff6d-0a8a-422c-b29e-9e0b83af36f1 sending LeaveGroup request to coordinator localhost:32770 (id: 2147483647 rack: null) due to the consumer is being closed
2025-07-31 20:41:51,738 INFO  [org.apa.kaf.cli.con.int.ConsumerCoordinator] (Thread-894) [Consumer clientId=consumer-Consumer-topic-c72742f0_b2ef_4420_b66b_1a377c3af669-40, groupId=Consumer-topic-c72742f0_b2ef_4420_b66b_1a377c3af669] Resetting generation and member id due to: consumer pro-actively leaving the group
2025-07-31 20:41:51,738 INFO  [org.apa.kaf.cli.con.int.ConsumerCoordinator] (Thread-894) [Consumer clientId=consumer-Consumer-topic-c72742f0_b2ef_4420_b66b_1a377c3af669-40, groupId=Consumer-topic-c72742f0_b2ef_4420_b66b_1a377c3af669] Request joining group due to: consumer pro-actively leaving the group
2025-07-31 20:41:52,239 INFO  [org.apa.kaf.com.met.Metrics] (Thread-894) Metrics scheduler closed
2025-07-31 20:41:52,239 INFO  [org.apa.kaf.com.met.Metrics] (Thread-894) Closing reporter org.apache.kafka.common.metrics.JmxReporter
2025-07-31 20:41:52,239 INFO  [org.apa.kaf.com.met.Metrics] (Thread-894) Closing reporter org.apache.kafka.common.telemetry.internals.ClientTelemetryReporter
2025-07-31 20:41:52,239 INFO  [org.apa.kaf.com.met.Metrics] (Thread-894) Metrics reporters closed
2025-07-31 20:41:52,241 INFO  [org.apa.kaf.com.uti.AppInfoParser] (Thread-894) App info kafka.consumer for consumer-Consumer-topic-c72742f0_b2ef_4420_b66b_1a377c3af669-40 unregistered
2025-07-31 20:41:52,255 INFO  [io.api.tes.ser.con.BasicConfluentSerDesIT] (main) Deleting confluent schema myrecordconfluent6
2025-07-31 20:41:52,265 INFO  [io.api.tes.uti.TestSeparator] (main) io.apicurio.tests.serdes.confluent.BasicConfluentSerDesIT.testAvroConfluentForMultipleTopics-FINISHED
2025-07-31 20:41:52,266 INFO  [io.api.tes.uti.TestSeparator] (main) ############################################################################
Test passed: testAvroConfluentForMultipleTopics
]]></system-out>
  </testcase>
  <testcase name="testAvroConfluentApicurio" classname="io.apicurio.tests.serdes.confluent.BasicConfluentSerDesIT" time="0.677">
    <system-out><![CDATA[2025-07-31 20:41:52,267 INFO  [io.api.tes.uti.TestSeparator] (main) ############################################################################
2025-07-31 20:41:52,267 INFO  [io.api.tes.uti.TestSeparator] (main) io.apicurio.tests.serdes.confluent.BasicConfluentSerDesIT.testAvroConfluentApicurio-STARTED
2025-07-31 20:41:52,287 INFO  [io.api.tes.ser.con.BasicConfluentSerDesIT] (main) Checking that created schema is equal to the get schema
2025-07-31 20:41:52,296 INFO  [io.api.tes.ser.con.BasicConfluentSerDesIT] (main) Created schema with id:113 and name:myrecordconfluent1
**** Registry Base URL: http://registry-app-inmemory.apps.ci419.apicurio-testing.org:80
2025-07-31 20:41:52,297 INFO  [org.apa.kaf.cli.pro.ProducerConfig] (main) ProducerConfig values: 
	acks = -1
	auto.include.jmx.reporter = true
	batch.size = 16384
	bootstrap.servers = [PLAINTEXT://localhost:32770]
	buffer.memory = 33554432
	client.dns.lookup = use_all_dns_ips
	client.id = Producer-topic-91c437ce_a9f2_494b_b205_36925281a3e9
	compression.gzip.level = -1
	compression.lz4.level = 9
	compression.type = none
	compression.zstd.level = 3
	connections.max.idle.ms = 10000
	delivery.timeout.ms = 120000
	enable.idempotence = true
	enable.metrics.push = true
	interceptor.classes = []
	key.serializer = class org.apache.kafka.common.serialization.StringSerializer
	linger.ms = 0
	max.block.ms = 60000
	max.in.flight.requests.per.connection = 5
	max.request.size = 1048576
	metadata.max.age.ms = 300000
	metadata.max.idle.ms = 300000
	metadata.recovery.strategy = none
	metric.reporters = []
	metrics.num.samples = 2
	metrics.recording.level = INFO
	metrics.sample.window.ms = 30000
	partitioner.adaptive.partitioning.enable = true
	partitioner.availability.timeout.ms = 0
	partitioner.class = null
	partitioner.ignore.keys = false
	receive.buffer.bytes = 32768
	reconnect.backoff.max.ms = 1000
	reconnect.backoff.ms = 50
	request.timeout.ms = 5000
	retries = 2147483647
	retry.backoff.max.ms = 1000
	retry.backoff.ms = 100
	sasl.client.callback.handler.class = null
	sasl.jaas.config = null
	sasl.kerberos.kinit.cmd = /usr/bin/kinit
	sasl.kerberos.min.time.before.relogin = 60000
	sasl.kerberos.service.name = null
	sasl.kerberos.ticket.renew.jitter = 0.05
	sasl.kerberos.ticket.renew.window.factor = 0.8
	sasl.login.callback.handler.class = null
	sasl.login.class = null
	sasl.login.connect.timeout.ms = null
	sasl.login.read.timeout.ms = null
	sasl.login.refresh.buffer.seconds = 300
	sasl.login.refresh.min.period.seconds = 60
	sasl.login.refresh.window.factor = 0.8
	sasl.login.refresh.window.jitter = 0.05
	sasl.login.retry.backoff.max.ms = 10000
	sasl.login.retry.backoff.ms = 100
	sasl.mechanism = GSSAPI
	sasl.oauthbearer.clock.skew.seconds = 30
	sasl.oauthbearer.expected.audience = null
	sasl.oauthbearer.expected.issuer = null
	sasl.oauthbearer.header.urlencode = false
	sasl.oauthbearer.jwks.endpoint.refresh.ms = 3600000
	sasl.oauthbearer.jwks.endpoint.retry.backoff.max.ms = 10000
	sasl.oauthbearer.jwks.endpoint.retry.backoff.ms = 100
	sasl.oauthbearer.jwks.endpoint.url = null
	sasl.oauthbearer.scope.claim.name = scope
	sasl.oauthbearer.sub.claim.name = sub
	sasl.oauthbearer.token.endpoint.url = null
	security.protocol = PLAINTEXT
	security.providers = null
	send.buffer.bytes = 131072
	socket.connection.setup.timeout.max.ms = 30000
	socket.connection.setup.timeout.ms = 10000
	ssl.cipher.suites = null
	ssl.enabled.protocols = [TLSv1.2, TLSv1.3]
	ssl.endpoint.identification.algorithm = https
	ssl.engine.factory.class = null
	ssl.key.password = null
	ssl.keymanager.algorithm = SunX509
	ssl.keystore.certificate.chain = null
	ssl.keystore.key = null
	ssl.keystore.location = null
	ssl.keystore.password = null
	ssl.keystore.type = JKS
	ssl.protocol = TLSv1.3
	ssl.provider = null
	ssl.secure.random.implementation = null
	ssl.trustmanager.algorithm = PKIX
	ssl.truststore.certificates = null
	ssl.truststore.location = null
	ssl.truststore.password = null
	ssl.truststore.type = JKS
	transaction.timeout.ms = 60000
	transactional.id = null
	value.serializer = class io.confluent.kafka.serializers.KafkaAvroSerializer

2025-07-31 20:41:52,297 INFO  [org.apa.kaf.com.tel.int.KafkaMetricsCollector] (main) initializing Kafka metrics collector
2025-07-31 20:41:52,298 INFO  [io.con.kaf.ser.KafkaAvroSerializerConfig] (main) KafkaAvroSerializerConfig values: 
	auto.register.schemas = false
	avro.reflection.allow.null = false
	avro.remove.java.properties = false
	avro.use.logical.type.converters = false
	basic.auth.credentials.source = URL
	basic.auth.user.info = [hidden]
	bearer.auth.cache.expiry.buffer.seconds = 300
	bearer.auth.client.id = null
	bearer.auth.client.secret = null
	bearer.auth.credentials.source = STATIC_TOKEN
	bearer.auth.custom.provider.class = null
	bearer.auth.identity.pool.id = null
	bearer.auth.issuer.endpoint.url = null
	bearer.auth.logical.cluster = null
	bearer.auth.scope = null
	bearer.auth.scope.claim.name = scope
	bearer.auth.sub.claim.name = sub
	bearer.auth.token = [hidden]
	context.name.strategy = class io.confluent.kafka.serializers.context.NullContextNameStrategy
	http.connect.timeout.ms = 60000
	http.read.timeout.ms = 60000
	id.compatibility.strict = true
	key.schema.id.deserializer = class io.confluent.kafka.serializers.schema.id.DualSchemaIdDeserializer
	key.schema.id.serializer = class io.confluent.kafka.serializers.schema.id.PrefixSchemaIdSerializer
	key.subject.name.strategy = class io.confluent.kafka.serializers.subject.TopicNameStrategy
	latest.cache.size = 1000
	latest.cache.ttl.sec = -1
	latest.compatibility.strict = true
	max.retries = 3
	max.schemas.per.subject = 1000
	normalize.schemas = false
	propagate.schema.tags = false
	proxy.host = 
	proxy.port = -1
	retries.max.wait.ms = 20000
	retries.wait.ms = 1000
	rule.actions = []
	rule.executors = []
	rule.service.loader.enable = true
	schema.format = null
	schema.reflection = false
	schema.registry.basic.auth.user.info = [hidden]
	schema.registry.ssl.cipher.suites = null
	schema.registry.ssl.enabled.protocols = [TLSv1.2, TLSv1.3]
	schema.registry.ssl.endpoint.identification.algorithm = https
	schema.registry.ssl.engine.factory.class = null
	schema.registry.ssl.key.password = null
	schema.registry.ssl.keymanager.algorithm = SunX509
	schema.registry.ssl.keystore.certificate.chain = null
	schema.registry.ssl.keystore.key = null
	schema.registry.ssl.keystore.location = null
	schema.registry.ssl.keystore.password = null
	schema.registry.ssl.keystore.type = JKS
	schema.registry.ssl.protocol = TLSv1.3
	schema.registry.ssl.provider = null
	schema.registry.ssl.secure.random.implementation = null
	schema.registry.ssl.trustmanager.algorithm = PKIX
	schema.registry.ssl.truststore.certificates = null
	schema.registry.ssl.truststore.location = null
	schema.registry.ssl.truststore.password = null
	schema.registry.ssl.truststore.type = JKS
	schema.registry.url = [http://registry-app-inmemory.apps.ci419.apicurio-testing.org:80/apis/ccompat/v7]
	schema.registry.url.randomize = false
	use.latest.version = false
	use.latest.with.metadata = null
	use.schema.id = -1
	value.schema.id.deserializer = class io.confluent.kafka.serializers.schema.id.DualSchemaIdDeserializer
	value.schema.id.serializer = class io.confluent.kafka.serializers.schema.id.PrefixSchemaIdSerializer
	value.subject.name.strategy = class io.confluent.kafka.serializers.subject.TopicNameStrategy

2025-07-31 20:41:52,300 INFO  [org.apa.kaf.cli.pro.KafkaProducer] (main) [Producer clientId=Producer-topic-91c437ce_a9f2_494b_b205_36925281a3e9] Instantiated an idempotent producer.
2025-07-31 20:41:52,302 INFO  [org.apa.kaf.cli.pro.ProducerConfig] (main) These configurations '[schema.registry.url, auto.register.schemas, value.subject.name.strategy]' were supplied but are not used yet.
2025-07-31 20:41:52,302 INFO  [org.apa.kaf.com.uti.AppInfoParser] (main) Kafka version: 3.9.1
2025-07-31 20:41:52,302 INFO  [org.apa.kaf.com.uti.AppInfoParser] (main) Kafka commitId: f745dfdcee2b9851
2025-07-31 20:41:52,303 INFO  [org.apa.kaf.com.uti.AppInfoParser] (main) Kafka startTimeMs: 1753994512302
2025-07-31 20:41:52,303 INFO  [io.api.tes.ser.api.SimpleSerdesTesterBuilder$SimpleSerdesTester] (main) Using producer configuration: {schema.registry.url=http://registry-app-inmemory.apps.ci419.apicurio-testing.org:80/apis/ccompat/v7, value.serializer=io.confluent.kafka.serializers.KafkaAvroSerializer, request.timeout.ms=5000, auto.register.schemas=false, acks=all, bootstrap.servers=PLAINTEXT://localhost:32770, connections.max.idle.ms=10000, key.serializer=org.apache.kafka.common.serialization.StringSerializer, value.subject.name.strategy=io.confluent.kafka.serializers.subject.TopicNameStrategy, client.id=Producer-topic-91c437ce_a9f2_494b_b205_36925281a3e9}
2025-07-31 20:41:52,303 INFO  [io.api.tes.ser.api.SimpleSerdesTesterBuilder$SimpleSerdesTester] (main) Using consumer configuration: {}
2025-07-31 20:41:52,303 INFO  [io.api.tes.ser.api.KafkaSerdesTester] (Thread-895) Sending message {"key1": "value-0"} to topic topic-91c437ce_a9f2_494b_b205_36925281a3e9
2025-07-31 20:41:52,307 INFO  [org.apa.kaf.cli.Metadata] (kafka-producer-network-thread | Producer-topic-91c437ce_a9f2_494b_b205_36925281a3e9) [Producer clientId=Producer-topic-91c437ce_a9f2_494b_b205_36925281a3e9] Cluster ID: b-_w6pXwSzuW2BMgmumbNQ
2025-07-31 20:41:52,308 INFO  [org.apa.kaf.cli.pro.int.TransactionManager] (kafka-producer-network-thread | Producer-topic-91c437ce_a9f2_494b_b205_36925281a3e9) [Producer clientId=Producer-topic-91c437ce_a9f2_494b_b205_36925281a3e9] ProducerId set to 54 with epoch 0
2025-07-31 20:41:52,324 INFO  [io.api.tes.ser.api.KafkaSerdesTester] (Thread-895) Sending message {"key1": "value-1"} to topic topic-91c437ce_a9f2_494b_b205_36925281a3e9
2025-07-31 20:41:52,333 INFO  [io.api.tes.ser.api.KafkaSerdesTester] (Thread-895) Sending message {"key1": "value-2"} to topic topic-91c437ce_a9f2_494b_b205_36925281a3e9
2025-07-31 20:41:52,337 INFO  [io.api.tes.ser.api.KafkaSerdesTester] (Thread-895) Sending message {"key1": "value-3"} to topic topic-91c437ce_a9f2_494b_b205_36925281a3e9
2025-07-31 20:41:52,339 INFO  [io.api.tes.ser.api.KafkaSerdesTester] (Thread-895) Sending message {"key1": "value-4"} to topic topic-91c437ce_a9f2_494b_b205_36925281a3e9
2025-07-31 20:41:52,340 INFO  [io.api.tes.ser.api.KafkaSerdesTester] (Thread-895) Sending message {"key1": "value-5"} to topic topic-91c437ce_a9f2_494b_b205_36925281a3e9
2025-07-31 20:41:52,342 INFO  [io.api.tes.ser.api.KafkaSerdesTester] (Thread-895) Sending message {"key1": "value-6"} to topic topic-91c437ce_a9f2_494b_b205_36925281a3e9
2025-07-31 20:41:52,343 INFO  [io.api.tes.ser.api.KafkaSerdesTester] (Thread-895) Sending message {"key1": "value-7"} to topic topic-91c437ce_a9f2_494b_b205_36925281a3e9
2025-07-31 20:41:52,348 INFO  [io.api.tes.ser.api.KafkaSerdesTester] (Thread-895) Sending message {"key1": "value-8"} to topic topic-91c437ce_a9f2_494b_b205_36925281a3e9
2025-07-31 20:41:52,354 INFO  [io.api.tes.ser.api.KafkaSerdesTester] (Thread-895) Sending message {"key1": "value-9"} to topic topic-91c437ce_a9f2_494b_b205_36925281a3e9
2025-07-31 20:41:52,357 INFO  [io.api.tes.ser.api.KafkaSerdesTester] (Thread-895) Produced 10 messages
2025-07-31 20:41:52,357 INFO  [org.apa.kaf.cli.pro.KafkaProducer] (Thread-895) [Producer clientId=Producer-topic-91c437ce_a9f2_494b_b205_36925281a3e9] Closing the Kafka producer with timeoutMillis = 9223372036854775807 ms.
2025-07-31 20:41:52,360 INFO  [org.apa.kaf.com.met.Metrics] (Thread-895) Metrics scheduler closed
2025-07-31 20:41:52,360 INFO  [org.apa.kaf.com.met.Metrics] (Thread-895) Closing reporter org.apache.kafka.common.metrics.JmxReporter
2025-07-31 20:41:52,360 INFO  [org.apa.kaf.com.met.Metrics] (Thread-895) Closing reporter org.apache.kafka.common.telemetry.internals.ClientTelemetryReporter
2025-07-31 20:41:52,360 INFO  [org.apa.kaf.com.met.Metrics] (Thread-895) Metrics reporters closed
2025-07-31 20:41:52,360 INFO  [org.apa.kaf.com.uti.AppInfoParser] (Thread-895) App info kafka.producer for Producer-topic-91c437ce_a9f2_494b_b205_36925281a3e9 unregistered
**** Registry Base URL: http://registry-app-inmemory.apps.ci419.apicurio-testing.org:80
2025-07-31 20:41:52,361 INFO  [org.apa.kaf.cli.con.ConsumerConfig] (main) ConsumerConfig values: 
	allow.auto.create.topics = true
	auto.commit.interval.ms = 500
	auto.include.jmx.reporter = true
	auto.offset.reset = earliest
	bootstrap.servers = [PLAINTEXT://localhost:32770]
	check.crcs = true
	client.dns.lookup = use_all_dns_ips
	client.id = consumer-Consumer-topic-91c437ce_a9f2_494b_b205_36925281a3e9-41
	client.rack = 
	connections.max.idle.ms = 10000
	default.api.timeout.ms = 60000
	enable.auto.commit = true
	enable.metrics.push = true
	exclude.internal.topics = true
	fetch.max.bytes = 52428800
	fetch.max.wait.ms = 500
	fetch.min.bytes = 1
	group.id = Consumer-topic-91c437ce_a9f2_494b_b205_36925281a3e9
	group.instance.id = null
	group.protocol = classic
	group.remote.assignor = null
	heartbeat.interval.ms = 3000
	interceptor.classes = []
	internal.leave.group.on.close = true
	internal.throw.on.fetch.stable.offset.unsupported = false
	isolation.level = read_uncommitted
	key.deserializer = class org.apache.kafka.common.serialization.StringDeserializer
	max.partition.fetch.bytes = 1048576
	max.poll.interval.ms = 300000
	max.poll.records = 500
	metadata.max.age.ms = 300000
	metadata.recovery.strategy = none
	metric.reporters = []
	metrics.num.samples = 2
	metrics.recording.level = INFO
	metrics.sample.window.ms = 30000
	partition.assignment.strategy = [class org.apache.kafka.clients.consumer.RangeAssignor, class org.apache.kafka.clients.consumer.CooperativeStickyAssignor]
	receive.buffer.bytes = 65536
	reconnect.backoff.max.ms = 1000
	reconnect.backoff.ms = 50
	request.timeout.ms = 5000
	retry.backoff.max.ms = 1000
	retry.backoff.ms = 100
	sasl.client.callback.handler.class = null
	sasl.jaas.config = null
	sasl.kerberos.kinit.cmd = /usr/bin/kinit
	sasl.kerberos.min.time.before.relogin = 60000
	sasl.kerberos.service.name = null
	sasl.kerberos.ticket.renew.jitter = 0.05
	sasl.kerberos.ticket.renew.window.factor = 0.8
	sasl.login.callback.handler.class = null
	sasl.login.class = null
	sasl.login.connect.timeout.ms = null
	sasl.login.read.timeout.ms = null
	sasl.login.refresh.buffer.seconds = 300
	sasl.login.refresh.min.period.seconds = 60
	sasl.login.refresh.window.factor = 0.8
	sasl.login.refresh.window.jitter = 0.05
	sasl.login.retry.backoff.max.ms = 10000
	sasl.login.retry.backoff.ms = 100
	sasl.mechanism = GSSAPI
	sasl.oauthbearer.clock.skew.seconds = 30
	sasl.oauthbearer.expected.audience = null
	sasl.oauthbearer.expected.issuer = null
	sasl.oauthbearer.header.urlencode = false
	sasl.oauthbearer.jwks.endpoint.refresh.ms = 3600000
	sasl.oauthbearer.jwks.endpoint.retry.backoff.max.ms = 10000
	sasl.oauthbearer.jwks.endpoint.retry.backoff.ms = 100
	sasl.oauthbearer.jwks.endpoint.url = null
	sasl.oauthbearer.scope.claim.name = scope
	sasl.oauthbearer.sub.claim.name = sub
	sasl.oauthbearer.token.endpoint.url = null
	security.protocol = PLAINTEXT
	security.providers = null
	send.buffer.bytes = 131072
	session.timeout.ms = 45000
	socket.connection.setup.timeout.max.ms = 30000
	socket.connection.setup.timeout.ms = 10000
	ssl.cipher.suites = null
	ssl.enabled.protocols = [TLSv1.2, TLSv1.3]
	ssl.endpoint.identification.algorithm = https
	ssl.engine.factory.class = null
	ssl.key.password = null
	ssl.keymanager.algorithm = SunX509
	ssl.keystore.certificate.chain = null
	ssl.keystore.key = null
	ssl.keystore.location = null
	ssl.keystore.password = null
	ssl.keystore.type = JKS
	ssl.protocol = TLSv1.3
	ssl.provider = null
	ssl.secure.random.implementation = null
	ssl.trustmanager.algorithm = PKIX
	ssl.truststore.certificates = null
	ssl.truststore.location = null
	ssl.truststore.password = null
	ssl.truststore.type = JKS
	value.deserializer = class io.apicurio.registry.serde.avro.AvroKafkaDeserializer

2025-07-31 20:41:52,361 INFO  [org.apa.kaf.com.tel.int.KafkaMetricsCollector] (main) initializing Kafka metrics collector
2025-07-31 20:41:52,366 INFO  [org.apa.kaf.cli.con.ConsumerConfig] (main) These configurations '[apicurio.registry.url]' were supplied but are not used yet.
2025-07-31 20:41:52,366 INFO  [org.apa.kaf.com.uti.AppInfoParser] (main) Kafka version: 3.9.1
2025-07-31 20:41:52,366 INFO  [org.apa.kaf.com.uti.AppInfoParser] (main) Kafka commitId: f745dfdcee2b9851
2025-07-31 20:41:52,366 INFO  [org.apa.kaf.com.uti.AppInfoParser] (main) Kafka startTimeMs: 1753994512366
2025-07-31 20:41:52,366 INFO  [org.apa.kaf.cli.con.int.ClassicKafkaConsumer] (Thread-898) [Consumer clientId=consumer-Consumer-topic-91c437ce_a9f2_494b_b205_36925281a3e9-41, groupId=Consumer-topic-91c437ce_a9f2_494b_b205_36925281a3e9] Subscribed to topic(s): topic-91c437ce_a9f2_494b_b205_36925281a3e9
2025-07-31 20:41:52,370 INFO  [org.apa.kaf.cli.Metadata] (Thread-898) [Consumer clientId=consumer-Consumer-topic-91c437ce_a9f2_494b_b205_36925281a3e9-41, groupId=Consumer-topic-91c437ce_a9f2_494b_b205_36925281a3e9] Cluster ID: b-_w6pXwSzuW2BMgmumbNQ
2025-07-31 20:41:52,371 INFO  [org.apa.kaf.cli.con.int.ConsumerCoordinator] (Thread-898) [Consumer clientId=consumer-Consumer-topic-91c437ce_a9f2_494b_b205_36925281a3e9-41, groupId=Consumer-topic-91c437ce_a9f2_494b_b205_36925281a3e9] Discovered group coordinator localhost:32770 (id: 2147483647 rack: null)
2025-07-31 20:41:52,373 INFO  [org.apa.kaf.cli.con.int.ConsumerCoordinator] (Thread-898) [Consumer clientId=consumer-Consumer-topic-91c437ce_a9f2_494b_b205_36925281a3e9-41, groupId=Consumer-topic-91c437ce_a9f2_494b_b205_36925281a3e9] (Re-)joining group
2025-07-31 20:41:52,375 INFO  [org.apa.kaf.cli.con.int.ConsumerCoordinator] (Thread-898) [Consumer clientId=consumer-Consumer-topic-91c437ce_a9f2_494b_b205_36925281a3e9-41, groupId=Consumer-topic-91c437ce_a9f2_494b_b205_36925281a3e9] Request joining group due to: need to re-join with the given member-id: consumer-Consumer-topic-91c437ce_a9f2_494b_b205_36925281a3e9-41-1ca15815-366d-49f9-9385-e238d827bdd5
2025-07-31 20:41:52,375 INFO  [org.apa.kaf.cli.con.int.ConsumerCoordinator] (Thread-898) [Consumer clientId=consumer-Consumer-topic-91c437ce_a9f2_494b_b205_36925281a3e9-41, groupId=Consumer-topic-91c437ce_a9f2_494b_b205_36925281a3e9] (Re-)joining group
2025-07-31 20:41:52,377 INFO  [org.apa.kaf.cli.con.int.ConsumerCoordinator] (Thread-898) [Consumer clientId=consumer-Consumer-topic-91c437ce_a9f2_494b_b205_36925281a3e9-41, groupId=Consumer-topic-91c437ce_a9f2_494b_b205_36925281a3e9] Successfully joined group with generation Generation{generationId=1, memberId='consumer-Consumer-topic-91c437ce_a9f2_494b_b205_36925281a3e9-41-1ca15815-366d-49f9-9385-e238d827bdd5', protocol='range'}
2025-07-31 20:41:52,378 INFO  [org.apa.kaf.cli.con.int.ConsumerCoordinator] (Thread-898) [Consumer clientId=consumer-Consumer-topic-91c437ce_a9f2_494b_b205_36925281a3e9-41, groupId=Consumer-topic-91c437ce_a9f2_494b_b205_36925281a3e9] Finished assignment for group at generation 1: {consumer-Consumer-topic-91c437ce_a9f2_494b_b205_36925281a3e9-41-1ca15815-366d-49f9-9385-e238d827bdd5=Assignment(partitions=[topic-91c437ce_a9f2_494b_b205_36925281a3e9-0])}
2025-07-31 20:41:52,380 INFO  [org.apa.kaf.cli.con.int.ConsumerCoordinator] (Thread-898) [Consumer clientId=consumer-Consumer-topic-91c437ce_a9f2_494b_b205_36925281a3e9-41, groupId=Consumer-topic-91c437ce_a9f2_494b_b205_36925281a3e9] Successfully synced group in generation Generation{generationId=1, memberId='consumer-Consumer-topic-91c437ce_a9f2_494b_b205_36925281a3e9-41-1ca15815-366d-49f9-9385-e238d827bdd5', protocol='range'}
2025-07-31 20:41:52,380 INFO  [org.apa.kaf.cli.con.int.ConsumerCoordinator] (Thread-898) [Consumer clientId=consumer-Consumer-topic-91c437ce_a9f2_494b_b205_36925281a3e9-41, groupId=Consumer-topic-91c437ce_a9f2_494b_b205_36925281a3e9] Notifying assignor about the new Assignment(partitions=[topic-91c437ce_a9f2_494b_b205_36925281a3e9-0])
2025-07-31 20:41:52,380 INFO  [org.apa.kaf.cli.con.int.ConsumerRebalanceListenerInvoker] (Thread-898) [Consumer clientId=consumer-Consumer-topic-91c437ce_a9f2_494b_b205_36925281a3e9-41, groupId=Consumer-topic-91c437ce_a9f2_494b_b205_36925281a3e9] Adding newly assigned partitions: topic-91c437ce_a9f2_494b_b205_36925281a3e9-0
2025-07-31 20:41:52,383 INFO  [org.apa.kaf.cli.con.int.ConsumerCoordinator] (Thread-898) [Consumer clientId=consumer-Consumer-topic-91c437ce_a9f2_494b_b205_36925281a3e9-41, groupId=Consumer-topic-91c437ce_a9f2_494b_b205_36925281a3e9] Found no committed offset for partition topic-91c437ce_a9f2_494b_b205_36925281a3e9-0
2025-07-31 20:41:52,386 INFO  [org.apa.kaf.cli.con.int.SubscriptionState] (Thread-898) [Consumer clientId=consumer-Consumer-topic-91c437ce_a9f2_494b_b205_36925281a3e9-41, groupId=Consumer-topic-91c437ce_a9f2_494b_b205_36925281a3e9] Resetting offset for partition topic-91c437ce_a9f2_494b_b205_36925281a3e9-0 to position FetchPosition{offset=0, offsetEpoch=Optional.empty, currentLeader=LeaderAndEpoch{leader=Optional[localhost:32770 (id: 0 rack: null)], epoch=0}}.
2025-07-31 20:41:52,411 INFO  [io.api.tes.ser.api.KafkaSerdesTester] (Thread-898) topic-91c437ce_a9f2_494b_b205_36925281a3e9 0 0 {"key1": "value-0"}
2025-07-31 20:41:52,411 INFO  [io.api.tes.ser.api.KafkaSerdesTester] (Thread-898) topic-91c437ce_a9f2_494b_b205_36925281a3e9 0 1 {"key1": "value-1"}
2025-07-31 20:41:52,411 INFO  [io.api.tes.ser.api.KafkaSerdesTester] (Thread-898) topic-91c437ce_a9f2_494b_b205_36925281a3e9 0 2 {"key1": "value-2"}
2025-07-31 20:41:52,411 INFO  [io.api.tes.ser.api.KafkaSerdesTester] (Thread-898) topic-91c437ce_a9f2_494b_b205_36925281a3e9 0 3 {"key1": "value-3"}
2025-07-31 20:41:52,411 INFO  [io.api.tes.ser.api.KafkaSerdesTester] (Thread-898) topic-91c437ce_a9f2_494b_b205_36925281a3e9 0 4 {"key1": "value-4"}
2025-07-31 20:41:52,411 INFO  [io.api.tes.ser.api.KafkaSerdesTester] (Thread-898) topic-91c437ce_a9f2_494b_b205_36925281a3e9 0 5 {"key1": "value-5"}
2025-07-31 20:41:52,411 INFO  [io.api.tes.ser.api.KafkaSerdesTester] (Thread-898) topic-91c437ce_a9f2_494b_b205_36925281a3e9 0 6 {"key1": "value-6"}
2025-07-31 20:41:52,411 INFO  [io.api.tes.ser.api.KafkaSerdesTester] (Thread-898) topic-91c437ce_a9f2_494b_b205_36925281a3e9 0 7 {"key1": "value-7"}
2025-07-31 20:41:52,411 INFO  [io.api.tes.ser.api.KafkaSerdesTester] (Thread-898) topic-91c437ce_a9f2_494b_b205_36925281a3e9 0 8 {"key1": "value-8"}
2025-07-31 20:41:52,411 INFO  [io.api.tes.ser.api.KafkaSerdesTester] (Thread-898) topic-91c437ce_a9f2_494b_b205_36925281a3e9 0 9 {"key1": "value-9"}
2025-07-31 20:41:52,411 INFO  [io.api.tes.ser.api.KafkaSerdesTester] (Thread-898) Consumed 10 messages
2025-07-31 20:41:52,417 INFO  [org.apa.kaf.cli.con.int.ConsumerRebalanceListenerInvoker] (Thread-898) [Consumer clientId=consumer-Consumer-topic-91c437ce_a9f2_494b_b205_36925281a3e9-41, groupId=Consumer-topic-91c437ce_a9f2_494b_b205_36925281a3e9] Revoke previously assigned partitions topic-91c437ce_a9f2_494b_b205_36925281a3e9-0
2025-07-31 20:41:52,417 INFO  [org.apa.kaf.cli.con.int.ConsumerCoordinator] (Thread-898) [Consumer clientId=consumer-Consumer-topic-91c437ce_a9f2_494b_b205_36925281a3e9-41, groupId=Consumer-topic-91c437ce_a9f2_494b_b205_36925281a3e9] Member consumer-Consumer-topic-91c437ce_a9f2_494b_b205_36925281a3e9-41-1ca15815-366d-49f9-9385-e238d827bdd5 sending LeaveGroup request to coordinator localhost:32770 (id: 2147483647 rack: null) due to the consumer is being closed
2025-07-31 20:41:52,417 INFO  [org.apa.kaf.cli.con.int.ConsumerCoordinator] (Thread-898) [Consumer clientId=consumer-Consumer-topic-91c437ce_a9f2_494b_b205_36925281a3e9-41, groupId=Consumer-topic-91c437ce_a9f2_494b_b205_36925281a3e9] Resetting generation and member id due to: consumer pro-actively leaving the group
2025-07-31 20:41:52,417 INFO  [org.apa.kaf.cli.con.int.ConsumerCoordinator] (Thread-898) [Consumer clientId=consumer-Consumer-topic-91c437ce_a9f2_494b_b205_36925281a3e9-41, groupId=Consumer-topic-91c437ce_a9f2_494b_b205_36925281a3e9] Request joining group due to: consumer pro-actively leaving the group
2025-07-31 20:41:52,916 INFO  [org.apa.kaf.com.met.Metrics] (Thread-898) Metrics scheduler closed
2025-07-31 20:41:52,916 INFO  [org.apa.kaf.com.met.Metrics] (Thread-898) Closing reporter org.apache.kafka.common.metrics.JmxReporter
2025-07-31 20:41:52,916 INFO  [org.apa.kaf.com.met.Metrics] (Thread-898) Closing reporter org.apache.kafka.common.telemetry.internals.ClientTelemetryReporter
2025-07-31 20:41:52,916 INFO  [org.apa.kaf.com.met.Metrics] (Thread-898) Metrics reporters closed
2025-07-31 20:41:52,918 INFO  [org.apa.kaf.com.uti.AppInfoParser] (Thread-898) App info kafka.consumer for consumer-Consumer-topic-91c437ce_a9f2_494b_b205_36925281a3e9-41 unregistered
2025-07-31 20:41:52,935 INFO  [io.api.tes.ser.con.BasicConfluentSerDesIT] (main) Deleting confluent schema topic-91c437ce_a9f2_494b_b205_36925281a3e9-value
2025-07-31 20:41:52,942 INFO  [io.api.tes.uti.TestSeparator] (main) io.apicurio.tests.serdes.confluent.BasicConfluentSerDesIT.testAvroConfluentApicurio-FINISHED
2025-07-31 20:41:52,942 INFO  [io.api.tes.uti.TestSeparator] (main) ############################################################################
Test passed: testAvroConfluentApicurio
]]></system-out>
  </testcase>
  <testcase name="testAvroConfluentSerDesWrongStrategyTopic" classname="io.apicurio.tests.serdes.confluent.BasicConfluentSerDesIT" time="0.227">
    <system-out><![CDATA[2025-07-31 20:41:52,944 INFO  [io.api.tes.uti.TestSeparator] (main) ############################################################################
2025-07-31 20:41:52,944 INFO  [io.api.tes.uti.TestSeparator] (main) io.apicurio.tests.serdes.confluent.BasicConfluentSerDesIT.testAvroConfluentSerDesWrongStrategyTopic-STARTED
2025-07-31 20:41:52,976 INFO  [io.api.tes.ser.con.BasicConfluentSerDesIT] (main) Checking that created schema is equal to the get schema
2025-07-31 20:41:52,985 INFO  [io.api.tes.ser.con.BasicConfluentSerDesIT] (main) Created schema with id:114 and name:myrecordconfluent3
**** Registry Base URL: http://registry-app-inmemory.apps.ci419.apicurio-testing.org:80
2025-07-31 20:41:52,986 INFO  [org.apa.kaf.cli.pro.ProducerConfig] (main) ProducerConfig values: 
	acks = -1
	auto.include.jmx.reporter = true
	batch.size = 16384
	bootstrap.servers = [PLAINTEXT://localhost:32770]
	buffer.memory = 33554432
	client.dns.lookup = use_all_dns_ips
	client.id = Producer-topic-974bcb21_af56_494c_8c4a_72ce4245baae
	compression.gzip.level = -1
	compression.lz4.level = 9
	compression.type = none
	compression.zstd.level = 3
	connections.max.idle.ms = 10000
	delivery.timeout.ms = 120000
	enable.idempotence = true
	enable.metrics.push = true
	interceptor.classes = []
	key.serializer = class org.apache.kafka.common.serialization.StringSerializer
	linger.ms = 0
	max.block.ms = 60000
	max.in.flight.requests.per.connection = 5
	max.request.size = 1048576
	metadata.max.age.ms = 300000
	metadata.max.idle.ms = 300000
	metadata.recovery.strategy = none
	metric.reporters = []
	metrics.num.samples = 2
	metrics.recording.level = INFO
	metrics.sample.window.ms = 30000
	partitioner.adaptive.partitioning.enable = true
	partitioner.availability.timeout.ms = 0
	partitioner.class = null
	partitioner.ignore.keys = false
	receive.buffer.bytes = 32768
	reconnect.backoff.max.ms = 1000
	reconnect.backoff.ms = 50
	request.timeout.ms = 5000
	retries = 2147483647
	retry.backoff.max.ms = 1000
	retry.backoff.ms = 100
	sasl.client.callback.handler.class = null
	sasl.jaas.config = null
	sasl.kerberos.kinit.cmd = /usr/bin/kinit
	sasl.kerberos.min.time.before.relogin = 60000
	sasl.kerberos.service.name = null
	sasl.kerberos.ticket.renew.jitter = 0.05
	sasl.kerberos.ticket.renew.window.factor = 0.8
	sasl.login.callback.handler.class = null
	sasl.login.class = null
	sasl.login.connect.timeout.ms = null
	sasl.login.read.timeout.ms = null
	sasl.login.refresh.buffer.seconds = 300
	sasl.login.refresh.min.period.seconds = 60
	sasl.login.refresh.window.factor = 0.8
	sasl.login.refresh.window.jitter = 0.05
	sasl.login.retry.backoff.max.ms = 10000
	sasl.login.retry.backoff.ms = 100
	sasl.mechanism = GSSAPI
	sasl.oauthbearer.clock.skew.seconds = 30
	sasl.oauthbearer.expected.audience = null
	sasl.oauthbearer.expected.issuer = null
	sasl.oauthbearer.header.urlencode = false
	sasl.oauthbearer.jwks.endpoint.refresh.ms = 3600000
	sasl.oauthbearer.jwks.endpoint.retry.backoff.max.ms = 10000
	sasl.oauthbearer.jwks.endpoint.retry.backoff.ms = 100
	sasl.oauthbearer.jwks.endpoint.url = null
	sasl.oauthbearer.scope.claim.name = scope
	sasl.oauthbearer.sub.claim.name = sub
	sasl.oauthbearer.token.endpoint.url = null
	security.protocol = PLAINTEXT
	security.providers = null
	send.buffer.bytes = 131072
	socket.connection.setup.timeout.max.ms = 30000
	socket.connection.setup.timeout.ms = 10000
	ssl.cipher.suites = null
	ssl.enabled.protocols = [TLSv1.2, TLSv1.3]
	ssl.endpoint.identification.algorithm = https
	ssl.engine.factory.class = null
	ssl.key.password = null
	ssl.keymanager.algorithm = SunX509
	ssl.keystore.certificate.chain = null
	ssl.keystore.key = null
	ssl.keystore.location = null
	ssl.keystore.password = null
	ssl.keystore.type = JKS
	ssl.protocol = TLSv1.3
	ssl.provider = null
	ssl.secure.random.implementation = null
	ssl.trustmanager.algorithm = PKIX
	ssl.truststore.certificates = null
	ssl.truststore.location = null
	ssl.truststore.password = null
	ssl.truststore.type = JKS
	transaction.timeout.ms = 60000
	transactional.id = null
	value.serializer = class io.confluent.kafka.serializers.KafkaAvroSerializer

2025-07-31 20:41:52,986 INFO  [org.apa.kaf.com.tel.int.KafkaMetricsCollector] (main) initializing Kafka metrics collector
2025-07-31 20:41:52,987 INFO  [io.con.kaf.ser.KafkaAvroSerializerConfig] (main) KafkaAvroSerializerConfig values: 
	auto.register.schemas = false
	avro.reflection.allow.null = false
	avro.remove.java.properties = false
	avro.use.logical.type.converters = false
	basic.auth.credentials.source = URL
	basic.auth.user.info = [hidden]
	bearer.auth.cache.expiry.buffer.seconds = 300
	bearer.auth.client.id = null
	bearer.auth.client.secret = null
	bearer.auth.credentials.source = STATIC_TOKEN
	bearer.auth.custom.provider.class = null
	bearer.auth.identity.pool.id = null
	bearer.auth.issuer.endpoint.url = null
	bearer.auth.logical.cluster = null
	bearer.auth.scope = null
	bearer.auth.scope.claim.name = scope
	bearer.auth.sub.claim.name = sub
	bearer.auth.token = [hidden]
	context.name.strategy = class io.confluent.kafka.serializers.context.NullContextNameStrategy
	http.connect.timeout.ms = 60000
	http.read.timeout.ms = 60000
	id.compatibility.strict = true
	key.schema.id.deserializer = class io.confluent.kafka.serializers.schema.id.DualSchemaIdDeserializer
	key.schema.id.serializer = class io.confluent.kafka.serializers.schema.id.PrefixSchemaIdSerializer
	key.subject.name.strategy = class io.confluent.kafka.serializers.subject.TopicNameStrategy
	latest.cache.size = 1000
	latest.cache.ttl.sec = -1
	latest.compatibility.strict = true
	max.retries = 3
	max.schemas.per.subject = 1000
	normalize.schemas = false
	propagate.schema.tags = false
	proxy.host = 
	proxy.port = -1
	retries.max.wait.ms = 20000
	retries.wait.ms = 1000
	rule.actions = []
	rule.executors = []
	rule.service.loader.enable = true
	schema.format = null
	schema.reflection = false
	schema.registry.basic.auth.user.info = [hidden]
	schema.registry.ssl.cipher.suites = null
	schema.registry.ssl.enabled.protocols = [TLSv1.2, TLSv1.3]
	schema.registry.ssl.endpoint.identification.algorithm = https
	schema.registry.ssl.engine.factory.class = null
	schema.registry.ssl.key.password = null
	schema.registry.ssl.keymanager.algorithm = SunX509
	schema.registry.ssl.keystore.certificate.chain = null
	schema.registry.ssl.keystore.key = null
	schema.registry.ssl.keystore.location = null
	schema.registry.ssl.keystore.password = null
	schema.registry.ssl.keystore.type = JKS
	schema.registry.ssl.protocol = TLSv1.3
	schema.registry.ssl.provider = null
	schema.registry.ssl.secure.random.implementation = null
	schema.registry.ssl.trustmanager.algorithm = PKIX
	schema.registry.ssl.truststore.certificates = null
	schema.registry.ssl.truststore.location = null
	schema.registry.ssl.truststore.password = null
	schema.registry.ssl.truststore.type = JKS
	schema.registry.url = [http://registry-app-inmemory.apps.ci419.apicurio-testing.org:80/apis/ccompat/v7]
	schema.registry.url.randomize = false
	use.latest.version = false
	use.latest.with.metadata = null
	use.schema.id = -1
	value.schema.id.deserializer = class io.confluent.kafka.serializers.schema.id.DualSchemaIdDeserializer
	value.schema.id.serializer = class io.confluent.kafka.serializers.schema.id.PrefixSchemaIdSerializer
	value.subject.name.strategy = class io.confluent.kafka.serializers.subject.TopicNameStrategy

2025-07-31 20:41:52,989 INFO  [org.apa.kaf.cli.pro.KafkaProducer] (main) [Producer clientId=Producer-topic-974bcb21_af56_494c_8c4a_72ce4245baae] Instantiated an idempotent producer.
2025-07-31 20:41:52,991 INFO  [org.apa.kaf.cli.pro.ProducerConfig] (main) These configurations '[schema.registry.url, auto.register.schemas, value.subject.name.strategy]' were supplied but are not used yet.
2025-07-31 20:41:52,991 INFO  [org.apa.kaf.com.uti.AppInfoParser] (main) Kafka version: 3.9.1
2025-07-31 20:41:52,991 INFO  [org.apa.kaf.com.uti.AppInfoParser] (main) Kafka commitId: f745dfdcee2b9851
2025-07-31 20:41:52,991 INFO  [org.apa.kaf.com.uti.AppInfoParser] (main) Kafka startTimeMs: 1753994512991
2025-07-31 20:41:52,993 INFO  [io.api.tes.ser.api.KafkaSerdesTester] (Thread-899) Sending message {"key1": "value-0"} to topic topic-974bcb21_af56_494c_8c4a_72ce4245baae
2025-07-31 20:41:53,005 WARN  [org.apa.kaf.cli.NetworkClient] (kafka-producer-network-thread | Producer-topic-974bcb21_af56_494c_8c4a_72ce4245baae) [Producer clientId=Producer-topic-974bcb21_af56_494c_8c4a_72ce4245baae] The metadata response from the cluster reported a recoverable issue with correlation id 2 : {topic-974bcb21_af56_494c_8c4a_72ce4245baae=LEADER_NOT_AVAILABLE}
2025-07-31 20:41:53,005 INFO  [org.apa.kaf.cli.Metadata] (kafka-producer-network-thread | Producer-topic-974bcb21_af56_494c_8c4a_72ce4245baae) [Producer clientId=Producer-topic-974bcb21_af56_494c_8c4a_72ce4245baae] Cluster ID: b-_w6pXwSzuW2BMgmumbNQ
2025-07-31 20:41:53,006 INFO  [org.apa.kaf.cli.pro.int.TransactionManager] (kafka-producer-network-thread | Producer-topic-974bcb21_af56_494c_8c4a_72ce4245baae) [Producer clientId=Producer-topic-974bcb21_af56_494c_8c4a_72ce4245baae] ProducerId set to 55 with epoch 0
2025-07-31 20:41:53,137 INFO  [org.apa.kaf.cli.pro.KafkaProducer] (Thread-899) [Producer clientId=Producer-topic-974bcb21_af56_494c_8c4a_72ce4245baae] Closing the Kafka producer with timeoutMillis = 9223372036854775807 ms.
2025-07-31 20:41:53,146 INFO  [org.apa.kaf.com.met.Metrics] (Thread-899) Metrics scheduler closed
2025-07-31 20:41:53,146 INFO  [org.apa.kaf.com.met.Metrics] (Thread-899) Closing reporter org.apache.kafka.common.metrics.JmxReporter
2025-07-31 20:41:53,146 INFO  [org.apa.kaf.com.met.Metrics] (Thread-899) Closing reporter org.apache.kafka.common.telemetry.internals.ClientTelemetryReporter
2025-07-31 20:41:53,146 INFO  [org.apa.kaf.com.met.Metrics] (Thread-899) Metrics reporters closed
2025-07-31 20:41:53,146 INFO  [org.apa.kaf.com.uti.AppInfoParser] (Thread-899) App info kafka.producer for Producer-topic-974bcb21_af56_494c_8c4a_72ce4245baae unregistered
2025-07-31 20:41:53,163 INFO  [io.api.tes.ser.con.BasicConfluentSerDesIT] (main) Deleting confluent schema myrecordconfluent3
2025-07-31 20:41:53,170 INFO  [io.api.tes.uti.TestSeparator] (main) io.apicurio.tests.serdes.confluent.BasicConfluentSerDesIT.testAvroConfluentSerDesWrongStrategyTopic-FINISHED
2025-07-31 20:41:53,170 INFO  [io.api.tes.uti.TestSeparator] (main) ############################################################################
Test passed: testAvroConfluentSerDesWrongStrategyTopic
]]></system-out>
  </testcase>
  <testcase name="testAvroApicurioConfluent" classname="io.apicurio.tests.serdes.confluent.BasicConfluentSerDesIT" time="1.625">
    <system-out><![CDATA[2025-07-31 20:41:53,171 INFO  [io.api.tes.uti.TestSeparator] (main) ############################################################################
2025-07-31 20:41:53,171 INFO  [io.api.tes.uti.TestSeparator] (main) io.apicurio.tests.serdes.confluent.BasicConfluentSerDesIT.testAvroApicurioConfluent-STARTED
**** Registry Base URL: http://registry-app-inmemory.apps.ci419.apicurio-testing.org:80
2025-07-31 20:41:54,192 INFO  [org.apa.kaf.cli.pro.ProducerConfig] (main) ProducerConfig values: 
	acks = -1
	auto.include.jmx.reporter = true
	batch.size = 16384
	bootstrap.servers = [PLAINTEXT://localhost:32770]
	buffer.memory = 33554432
	client.dns.lookup = use_all_dns_ips
	client.id = Producer-topic-de1e1d39_88c3_4352_80f1_c0314c7225cd
	compression.gzip.level = -1
	compression.lz4.level = 9
	compression.type = none
	compression.zstd.level = 3
	connections.max.idle.ms = 10000
	delivery.timeout.ms = 120000
	enable.idempotence = true
	enable.metrics.push = true
	interceptor.classes = []
	key.serializer = class org.apache.kafka.common.serialization.StringSerializer
	linger.ms = 0
	max.block.ms = 60000
	max.in.flight.requests.per.connection = 5
	max.request.size = 1048576
	metadata.max.age.ms = 300000
	metadata.max.idle.ms = 300000
	metadata.recovery.strategy = none
	metric.reporters = []
	metrics.num.samples = 2
	metrics.recording.level = INFO
	metrics.sample.window.ms = 30000
	partitioner.adaptive.partitioning.enable = true
	partitioner.availability.timeout.ms = 0
	partitioner.class = null
	partitioner.ignore.keys = false
	receive.buffer.bytes = 32768
	reconnect.backoff.max.ms = 1000
	reconnect.backoff.ms = 50
	request.timeout.ms = 5000
	retries = 2147483647
	retry.backoff.max.ms = 1000
	retry.backoff.ms = 100
	sasl.client.callback.handler.class = null
	sasl.jaas.config = null
	sasl.kerberos.kinit.cmd = /usr/bin/kinit
	sasl.kerberos.min.time.before.relogin = 60000
	sasl.kerberos.service.name = null
	sasl.kerberos.ticket.renew.jitter = 0.05
	sasl.kerberos.ticket.renew.window.factor = 0.8
	sasl.login.callback.handler.class = null
	sasl.login.class = null
	sasl.login.connect.timeout.ms = null
	sasl.login.read.timeout.ms = null
	sasl.login.refresh.buffer.seconds = 300
	sasl.login.refresh.min.period.seconds = 60
	sasl.login.refresh.window.factor = 0.8
	sasl.login.refresh.window.jitter = 0.05
	sasl.login.retry.backoff.max.ms = 10000
	sasl.login.retry.backoff.ms = 100
	sasl.mechanism = GSSAPI
	sasl.oauthbearer.clock.skew.seconds = 30
	sasl.oauthbearer.expected.audience = null
	sasl.oauthbearer.expected.issuer = null
	sasl.oauthbearer.header.urlencode = false
	sasl.oauthbearer.jwks.endpoint.refresh.ms = 3600000
	sasl.oauthbearer.jwks.endpoint.retry.backoff.max.ms = 10000
	sasl.oauthbearer.jwks.endpoint.retry.backoff.ms = 100
	sasl.oauthbearer.jwks.endpoint.url = null
	sasl.oauthbearer.scope.claim.name = scope
	sasl.oauthbearer.sub.claim.name = sub
	sasl.oauthbearer.token.endpoint.url = null
	security.protocol = PLAINTEXT
	security.providers = null
	send.buffer.bytes = 131072
	socket.connection.setup.timeout.max.ms = 30000
	socket.connection.setup.timeout.ms = 10000
	ssl.cipher.suites = null
	ssl.enabled.protocols = [TLSv1.2, TLSv1.3]
	ssl.endpoint.identification.algorithm = https
	ssl.engine.factory.class = null
	ssl.key.password = null
	ssl.keymanager.algorithm = SunX509
	ssl.keystore.certificate.chain = null
	ssl.keystore.key = null
	ssl.keystore.location = null
	ssl.keystore.password = null
	ssl.keystore.type = JKS
	ssl.protocol = TLSv1.3
	ssl.provider = null
	ssl.secure.random.implementation = null
	ssl.trustmanager.algorithm = PKIX
	ssl.truststore.certificates = null
	ssl.truststore.location = null
	ssl.truststore.password = null
	ssl.truststore.type = JKS
	transaction.timeout.ms = 60000
	transactional.id = null
	value.serializer = class io.apicurio.registry.serde.avro.AvroKafkaSerializer

2025-07-31 20:41:54,192 INFO  [org.apa.kaf.com.tel.int.KafkaMetricsCollector] (main) initializing Kafka metrics collector
2025-07-31 20:41:54,196 INFO  [org.apa.kaf.cli.pro.KafkaProducer] (main) [Producer clientId=Producer-topic-de1e1d39_88c3_4352_80f1_c0314c7225cd] Instantiated an idempotent producer.
2025-07-31 20:41:54,197 INFO  [org.apa.kaf.cli.pro.ProducerConfig] (main) These configurations '[apicurio.registry.url, apicurio.registry.artifact-resolver-strategy]' were supplied but are not used yet.
2025-07-31 20:41:54,197 INFO  [org.apa.kaf.com.uti.AppInfoParser] (main) Kafka version: 3.9.1
2025-07-31 20:41:54,197 INFO  [org.apa.kaf.com.uti.AppInfoParser] (main) Kafka commitId: f745dfdcee2b9851
2025-07-31 20:41:54,197 INFO  [org.apa.kaf.com.uti.AppInfoParser] (main) Kafka startTimeMs: 1753994514197
2025-07-31 20:41:54,197 INFO  [io.api.tes.ser.api.SimpleSerdesTesterBuilder$SimpleSerdesTester] (main) Using producer configuration: {apicurio.registry.url=http://registry-app-inmemory.apps.ci419.apicurio-testing.org:80/apis/registry/v3, apicurio.registry.artifact-resolver-strategy=io.apicurio.registry.serde.strategy.TopicIdStrategy, value.serializer=io.apicurio.registry.serde.avro.AvroKafkaSerializer, request.timeout.ms=5000, acks=all, bootstrap.servers=PLAINTEXT://localhost:32770, connections.max.idle.ms=10000, key.serializer=org.apache.kafka.common.serialization.StringSerializer, client.id=Producer-topic-de1e1d39_88c3_4352_80f1_c0314c7225cd}
2025-07-31 20:41:54,197 INFO  [io.api.tes.ser.api.SimpleSerdesTesterBuilder$SimpleSerdesTester] (main) Using consumer configuration: {}
2025-07-31 20:41:54,199 INFO  [io.api.tes.ser.api.KafkaSerdesTester] (Thread-902) Sending message {"key1": "value-0"} to topic topic-de1e1d39_88c3_4352_80f1_c0314c7225cd
2025-07-31 20:41:54,201 INFO  [org.apa.kaf.cli.Metadata] (kafka-producer-network-thread | Producer-topic-de1e1d39_88c3_4352_80f1_c0314c7225cd) [Producer clientId=Producer-topic-de1e1d39_88c3_4352_80f1_c0314c7225cd] Cluster ID: b-_w6pXwSzuW2BMgmumbNQ
2025-07-31 20:41:54,201 INFO  [org.apa.kaf.cli.pro.int.TransactionManager] (kafka-producer-network-thread | Producer-topic-de1e1d39_88c3_4352_80f1_c0314c7225cd) [Producer clientId=Producer-topic-de1e1d39_88c3_4352_80f1_c0314c7225cd] ProducerId set to 56 with epoch 0
2025-07-31 20:41:54,201 INFO  [DefaultSchemaResolver] (Thread-902) Retrieving schema content using string: {"type":"record","name":"myrecordconfluent1","fields":[{"name":"key1","type":"string"}]}
2025-07-31 20:41:54,221 INFO  [io.api.tes.ser.api.KafkaSerdesTester] (Thread-902) Sending message {"key1": "value-1"} to topic topic-de1e1d39_88c3_4352_80f1_c0314c7225cd
2025-07-31 20:41:54,223 INFO  [io.api.tes.ser.api.KafkaSerdesTester] (Thread-902) Sending message {"key1": "value-2"} to topic topic-de1e1d39_88c3_4352_80f1_c0314c7225cd
2025-07-31 20:41:54,224 INFO  [io.api.tes.ser.api.KafkaSerdesTester] (Thread-902) Sending message {"key1": "value-3"} to topic topic-de1e1d39_88c3_4352_80f1_c0314c7225cd
2025-07-31 20:41:54,225 INFO  [io.api.tes.ser.api.KafkaSerdesTester] (Thread-902) Sending message {"key1": "value-4"} to topic topic-de1e1d39_88c3_4352_80f1_c0314c7225cd
2025-07-31 20:41:54,226 INFO  [io.api.tes.ser.api.KafkaSerdesTester] (Thread-902) Sending message {"key1": "value-5"} to topic topic-de1e1d39_88c3_4352_80f1_c0314c7225cd
2025-07-31 20:41:54,227 INFO  [io.api.tes.ser.api.KafkaSerdesTester] (Thread-902) Sending message {"key1": "value-6"} to topic topic-de1e1d39_88c3_4352_80f1_c0314c7225cd
2025-07-31 20:41:54,228 INFO  [io.api.tes.ser.api.KafkaSerdesTester] (Thread-902) Sending message {"key1": "value-7"} to topic topic-de1e1d39_88c3_4352_80f1_c0314c7225cd
2025-07-31 20:41:54,229 INFO  [io.api.tes.ser.api.KafkaSerdesTester] (Thread-902) Sending message {"key1": "value-8"} to topic topic-de1e1d39_88c3_4352_80f1_c0314c7225cd
2025-07-31 20:41:54,229 INFO  [io.api.tes.ser.api.KafkaSerdesTester] (Thread-902) Sending message {"key1": "value-9"} to topic topic-de1e1d39_88c3_4352_80f1_c0314c7225cd
2025-07-31 20:41:54,230 INFO  [io.api.tes.ser.api.KafkaSerdesTester] (Thread-902) Produced 10 messages
2025-07-31 20:41:54,230 INFO  [org.apa.kaf.cli.pro.KafkaProducer] (Thread-902) [Producer clientId=Producer-topic-de1e1d39_88c3_4352_80f1_c0314c7225cd] Closing the Kafka producer with timeoutMillis = 9223372036854775807 ms.
2025-07-31 20:41:54,232 INFO  [org.apa.kaf.com.met.Metrics] (Thread-902) Metrics scheduler closed
2025-07-31 20:41:54,233 INFO  [org.apa.kaf.com.met.Metrics] (Thread-902) Closing reporter org.apache.kafka.common.metrics.JmxReporter
2025-07-31 20:41:54,233 INFO  [org.apa.kaf.com.met.Metrics] (Thread-902) Closing reporter org.apache.kafka.common.telemetry.internals.ClientTelemetryReporter
2025-07-31 20:41:54,233 INFO  [org.apa.kaf.com.met.Metrics] (Thread-902) Metrics reporters closed
2025-07-31 20:41:54,233 INFO  [org.apa.kaf.com.uti.AppInfoParser] (Thread-902) App info kafka.producer for Producer-topic-de1e1d39_88c3_4352_80f1_c0314c7225cd unregistered
**** Registry Base URL: http://registry-app-inmemory.apps.ci419.apicurio-testing.org:80
2025-07-31 20:41:54,234 INFO  [org.apa.kaf.cli.con.ConsumerConfig] (main) ConsumerConfig values: 
	allow.auto.create.topics = true
	auto.commit.interval.ms = 500
	auto.include.jmx.reporter = true
	auto.offset.reset = earliest
	bootstrap.servers = [PLAINTEXT://localhost:32770]
	check.crcs = true
	client.dns.lookup = use_all_dns_ips
	client.id = consumer-Consumer-topic-de1e1d39_88c3_4352_80f1_c0314c7225cd-42
	client.rack = 
	connections.max.idle.ms = 10000
	default.api.timeout.ms = 60000
	enable.auto.commit = true
	enable.metrics.push = true
	exclude.internal.topics = true
	fetch.max.bytes = 52428800
	fetch.max.wait.ms = 500
	fetch.min.bytes = 1
	group.id = Consumer-topic-de1e1d39_88c3_4352_80f1_c0314c7225cd
	group.instance.id = null
	group.protocol = classic
	group.remote.assignor = null
	heartbeat.interval.ms = 3000
	interceptor.classes = []
	internal.leave.group.on.close = true
	internal.throw.on.fetch.stable.offset.unsupported = false
	isolation.level = read_uncommitted
	key.deserializer = class org.apache.kafka.common.serialization.StringDeserializer
	max.partition.fetch.bytes = 1048576
	max.poll.interval.ms = 300000
	max.poll.records = 500
	metadata.max.age.ms = 300000
	metadata.recovery.strategy = none
	metric.reporters = []
	metrics.num.samples = 2
	metrics.recording.level = INFO
	metrics.sample.window.ms = 30000
	partition.assignment.strategy = [class org.apache.kafka.clients.consumer.RangeAssignor, class org.apache.kafka.clients.consumer.CooperativeStickyAssignor]
	receive.buffer.bytes = 65536
	reconnect.backoff.max.ms = 1000
	reconnect.backoff.ms = 50
	request.timeout.ms = 5000
	retry.backoff.max.ms = 1000
	retry.backoff.ms = 100
	sasl.client.callback.handler.class = null
	sasl.jaas.config = null
	sasl.kerberos.kinit.cmd = /usr/bin/kinit
	sasl.kerberos.min.time.before.relogin = 60000
	sasl.kerberos.service.name = null
	sasl.kerberos.ticket.renew.jitter = 0.05
	sasl.kerberos.ticket.renew.window.factor = 0.8
	sasl.login.callback.handler.class = null
	sasl.login.class = null
	sasl.login.connect.timeout.ms = null
	sasl.login.read.timeout.ms = null
	sasl.login.refresh.buffer.seconds = 300
	sasl.login.refresh.min.period.seconds = 60
	sasl.login.refresh.window.factor = 0.8
	sasl.login.refresh.window.jitter = 0.05
	sasl.login.retry.backoff.max.ms = 10000
	sasl.login.retry.backoff.ms = 100
	sasl.mechanism = GSSAPI
	sasl.oauthbearer.clock.skew.seconds = 30
	sasl.oauthbearer.expected.audience = null
	sasl.oauthbearer.expected.issuer = null
	sasl.oauthbearer.header.urlencode = false
	sasl.oauthbearer.jwks.endpoint.refresh.ms = 3600000
	sasl.oauthbearer.jwks.endpoint.retry.backoff.max.ms = 10000
	sasl.oauthbearer.jwks.endpoint.retry.backoff.ms = 100
	sasl.oauthbearer.jwks.endpoint.url = null
	sasl.oauthbearer.scope.claim.name = scope
	sasl.oauthbearer.sub.claim.name = sub
	sasl.oauthbearer.token.endpoint.url = null
	security.protocol = PLAINTEXT
	security.providers = null
	send.buffer.bytes = 131072
	session.timeout.ms = 45000
	socket.connection.setup.timeout.max.ms = 30000
	socket.connection.setup.timeout.ms = 10000
	ssl.cipher.suites = null
	ssl.enabled.protocols = [TLSv1.2, TLSv1.3]
	ssl.endpoint.identification.algorithm = https
	ssl.engine.factory.class = null
	ssl.key.password = null
	ssl.keymanager.algorithm = SunX509
	ssl.keystore.certificate.chain = null
	ssl.keystore.key = null
	ssl.keystore.location = null
	ssl.keystore.password = null
	ssl.keystore.type = JKS
	ssl.protocol = TLSv1.3
	ssl.provider = null
	ssl.secure.random.implementation = null
	ssl.trustmanager.algorithm = PKIX
	ssl.truststore.certificates = null
	ssl.truststore.location = null
	ssl.truststore.password = null
	ssl.truststore.type = JKS
	value.deserializer = class io.confluent.kafka.serializers.KafkaAvroDeserializer

2025-07-31 20:41:54,234 INFO  [org.apa.kaf.com.tel.int.KafkaMetricsCollector] (main) initializing Kafka metrics collector
2025-07-31 20:41:54,234 INFO  [io.con.kaf.ser.KafkaAvroDeserializerConfig] (main) KafkaAvroDeserializerConfig values: 
	auto.register.schemas = true
	avro.reflection.allow.null = false
	avro.use.logical.type.converters = false
	basic.auth.credentials.source = URL
	basic.auth.user.info = [hidden]
	bearer.auth.cache.expiry.buffer.seconds = 300
	bearer.auth.client.id = null
	bearer.auth.client.secret = null
	bearer.auth.credentials.source = STATIC_TOKEN
	bearer.auth.custom.provider.class = null
	bearer.auth.identity.pool.id = null
	bearer.auth.issuer.endpoint.url = null
	bearer.auth.logical.cluster = null
	bearer.auth.scope = null
	bearer.auth.scope.claim.name = scope
	bearer.auth.sub.claim.name = sub
	bearer.auth.token = [hidden]
	context.name.strategy = class io.confluent.kafka.serializers.context.NullContextNameStrategy
	http.connect.timeout.ms = 60000
	http.read.timeout.ms = 60000
	id.compatibility.strict = true
	key.schema.id.deserializer = class io.confluent.kafka.serializers.schema.id.DualSchemaIdDeserializer
	key.schema.id.serializer = class io.confluent.kafka.serializers.schema.id.PrefixSchemaIdSerializer
	key.subject.name.strategy = class io.confluent.kafka.serializers.subject.TopicNameStrategy
	latest.cache.size = 1000
	latest.cache.ttl.sec = -1
	latest.compatibility.strict = true
	max.retries = 3
	max.schemas.per.subject = 1000
	normalize.schemas = false
	propagate.schema.tags = false
	proxy.host = 
	proxy.port = -1
	retries.max.wait.ms = 20000
	retries.wait.ms = 1000
	rule.actions = []
	rule.executors = []
	rule.service.loader.enable = true
	schema.format = null
	schema.reflection = false
	schema.registry.basic.auth.user.info = [hidden]
	schema.registry.ssl.cipher.suites = null
	schema.registry.ssl.enabled.protocols = [TLSv1.2, TLSv1.3]
	schema.registry.ssl.endpoint.identification.algorithm = https
	schema.registry.ssl.engine.factory.class = null
	schema.registry.ssl.key.password = null
	schema.registry.ssl.keymanager.algorithm = SunX509
	schema.registry.ssl.keystore.certificate.chain = null
	schema.registry.ssl.keystore.key = null
	schema.registry.ssl.keystore.location = null
	schema.registry.ssl.keystore.password = null
	schema.registry.ssl.keystore.type = JKS
	schema.registry.ssl.protocol = TLSv1.3
	schema.registry.ssl.provider = null
	schema.registry.ssl.secure.random.implementation = null
	schema.registry.ssl.trustmanager.algorithm = PKIX
	schema.registry.ssl.truststore.certificates = null
	schema.registry.ssl.truststore.location = null
	schema.registry.ssl.truststore.password = null
	schema.registry.ssl.truststore.type = JKS
	schema.registry.url = [http://registry-app-inmemory.apps.ci419.apicurio-testing.org:80/apis/ccompat/v7]
	schema.registry.url.randomize = false
	specific.avro.key.type = null
	specific.avro.reader = false
	specific.avro.value.type = null
	use.latest.version = false
	use.latest.with.metadata = null
	use.schema.id = -1
	value.schema.id.deserializer = class io.confluent.kafka.serializers.schema.id.DualSchemaIdDeserializer
	value.schema.id.serializer = class io.confluent.kafka.serializers.schema.id.PrefixSchemaIdSerializer
	value.subject.name.strategy = class io.confluent.kafka.serializers.subject.TopicNameStrategy

2025-07-31 20:41:54,240 INFO  [org.apa.kaf.cli.con.ConsumerConfig] (main) These configurations '[schema.registry.url]' were supplied but are not used yet.
2025-07-31 20:41:54,240 INFO  [org.apa.kaf.com.uti.AppInfoParser] (main) Kafka version: 3.9.1
2025-07-31 20:41:54,240 INFO  [org.apa.kaf.com.uti.AppInfoParser] (main) Kafka commitId: f745dfdcee2b9851
2025-07-31 20:41:54,240 INFO  [org.apa.kaf.com.uti.AppInfoParser] (main) Kafka startTimeMs: 1753994514240
2025-07-31 20:41:54,240 INFO  [org.apa.kaf.cli.con.int.ClassicKafkaConsumer] (Thread-903) [Consumer clientId=consumer-Consumer-topic-de1e1d39_88c3_4352_80f1_c0314c7225cd-42, groupId=Consumer-topic-de1e1d39_88c3_4352_80f1_c0314c7225cd] Subscribed to topic(s): topic-de1e1d39_88c3_4352_80f1_c0314c7225cd
2025-07-31 20:41:54,243 INFO  [org.apa.kaf.cli.Metadata] (Thread-903) [Consumer clientId=consumer-Consumer-topic-de1e1d39_88c3_4352_80f1_c0314c7225cd-42, groupId=Consumer-topic-de1e1d39_88c3_4352_80f1_c0314c7225cd] Cluster ID: b-_w6pXwSzuW2BMgmumbNQ
2025-07-31 20:41:54,243 INFO  [org.apa.kaf.cli.con.int.ConsumerCoordinator] (Thread-903) [Consumer clientId=consumer-Consumer-topic-de1e1d39_88c3_4352_80f1_c0314c7225cd-42, groupId=Consumer-topic-de1e1d39_88c3_4352_80f1_c0314c7225cd] Discovered group coordinator localhost:32770 (id: 2147483647 rack: null)
2025-07-31 20:41:54,244 INFO  [org.apa.kaf.cli.con.int.ConsumerCoordinator] (Thread-903) [Consumer clientId=consumer-Consumer-topic-de1e1d39_88c3_4352_80f1_c0314c7225cd-42, groupId=Consumer-topic-de1e1d39_88c3_4352_80f1_c0314c7225cd] (Re-)joining group
2025-07-31 20:41:54,247 INFO  [org.apa.kaf.cli.con.int.ConsumerCoordinator] (Thread-903) [Consumer clientId=consumer-Consumer-topic-de1e1d39_88c3_4352_80f1_c0314c7225cd-42, groupId=Consumer-topic-de1e1d39_88c3_4352_80f1_c0314c7225cd] Request joining group due to: need to re-join with the given member-id: consumer-Consumer-topic-de1e1d39_88c3_4352_80f1_c0314c7225cd-42-7ce9214d-b6cd-427f-a9ad-a6ae491a6025
2025-07-31 20:41:54,247 INFO  [org.apa.kaf.cli.con.int.ConsumerCoordinator] (Thread-903) [Consumer clientId=consumer-Consumer-topic-de1e1d39_88c3_4352_80f1_c0314c7225cd-42, groupId=Consumer-topic-de1e1d39_88c3_4352_80f1_c0314c7225cd] (Re-)joining group
2025-07-31 20:41:54,248 INFO  [org.apa.kaf.cli.con.int.ConsumerCoordinator] (Thread-903) [Consumer clientId=consumer-Consumer-topic-de1e1d39_88c3_4352_80f1_c0314c7225cd-42, groupId=Consumer-topic-de1e1d39_88c3_4352_80f1_c0314c7225cd] Successfully joined group with generation Generation{generationId=1, memberId='consumer-Consumer-topic-de1e1d39_88c3_4352_80f1_c0314c7225cd-42-7ce9214d-b6cd-427f-a9ad-a6ae491a6025', protocol='range'}
2025-07-31 20:41:54,249 INFO  [org.apa.kaf.cli.con.int.ConsumerCoordinator] (Thread-903) [Consumer clientId=consumer-Consumer-topic-de1e1d39_88c3_4352_80f1_c0314c7225cd-42, groupId=Consumer-topic-de1e1d39_88c3_4352_80f1_c0314c7225cd] Finished assignment for group at generation 1: {consumer-Consumer-topic-de1e1d39_88c3_4352_80f1_c0314c7225cd-42-7ce9214d-b6cd-427f-a9ad-a6ae491a6025=Assignment(partitions=[topic-de1e1d39_88c3_4352_80f1_c0314c7225cd-0])}
2025-07-31 20:41:54,250 INFO  [org.apa.kaf.cli.con.int.ConsumerCoordinator] (Thread-903) [Consumer clientId=consumer-Consumer-topic-de1e1d39_88c3_4352_80f1_c0314c7225cd-42, groupId=Consumer-topic-de1e1d39_88c3_4352_80f1_c0314c7225cd] Successfully synced group in generation Generation{generationId=1, memberId='consumer-Consumer-topic-de1e1d39_88c3_4352_80f1_c0314c7225cd-42-7ce9214d-b6cd-427f-a9ad-a6ae491a6025', protocol='range'}
2025-07-31 20:41:54,250 INFO  [org.apa.kaf.cli.con.int.ConsumerCoordinator] (Thread-903) [Consumer clientId=consumer-Consumer-topic-de1e1d39_88c3_4352_80f1_c0314c7225cd-42, groupId=Consumer-topic-de1e1d39_88c3_4352_80f1_c0314c7225cd] Notifying assignor about the new Assignment(partitions=[topic-de1e1d39_88c3_4352_80f1_c0314c7225cd-0])
2025-07-31 20:41:54,250 INFO  [org.apa.kaf.cli.con.int.ConsumerRebalanceListenerInvoker] (Thread-903) [Consumer clientId=consumer-Consumer-topic-de1e1d39_88c3_4352_80f1_c0314c7225cd-42, groupId=Consumer-topic-de1e1d39_88c3_4352_80f1_c0314c7225cd] Adding newly assigned partitions: topic-de1e1d39_88c3_4352_80f1_c0314c7225cd-0
2025-07-31 20:41:54,253 INFO  [org.apa.kaf.cli.con.int.ConsumerCoordinator] (Thread-903) [Consumer clientId=consumer-Consumer-topic-de1e1d39_88c3_4352_80f1_c0314c7225cd-42, groupId=Consumer-topic-de1e1d39_88c3_4352_80f1_c0314c7225cd] Found no committed offset for partition topic-de1e1d39_88c3_4352_80f1_c0314c7225cd-0
2025-07-31 20:41:54,257 INFO  [org.apa.kaf.cli.con.int.SubscriptionState] (Thread-903) [Consumer clientId=consumer-Consumer-topic-de1e1d39_88c3_4352_80f1_c0314c7225cd-42, groupId=Consumer-topic-de1e1d39_88c3_4352_80f1_c0314c7225cd] Resetting offset for partition topic-de1e1d39_88c3_4352_80f1_c0314c7225cd-0 to position FetchPosition{offset=0, offsetEpoch=Optional.empty, currentLeader=LeaderAndEpoch{leader=Optional[localhost:32770 (id: 0 rack: null)], epoch=0}}.
2025-07-31 20:41:54,270 INFO  [io.api.tes.ser.api.KafkaSerdesTester] (Thread-903) topic-de1e1d39_88c3_4352_80f1_c0314c7225cd 0 0 {"key1": "value-0"}
2025-07-31 20:41:54,270 INFO  [io.api.tes.ser.api.KafkaSerdesTester] (Thread-903) topic-de1e1d39_88c3_4352_80f1_c0314c7225cd 0 1 {"key1": "value-1"}
2025-07-31 20:41:54,270 INFO  [io.api.tes.ser.api.KafkaSerdesTester] (Thread-903) topic-de1e1d39_88c3_4352_80f1_c0314c7225cd 0 2 {"key1": "value-2"}
2025-07-31 20:41:54,270 INFO  [io.api.tes.ser.api.KafkaSerdesTester] (Thread-903) topic-de1e1d39_88c3_4352_80f1_c0314c7225cd 0 3 {"key1": "value-3"}
2025-07-31 20:41:54,270 INFO  [io.api.tes.ser.api.KafkaSerdesTester] (Thread-903) topic-de1e1d39_88c3_4352_80f1_c0314c7225cd 0 4 {"key1": "value-4"}
2025-07-31 20:41:54,270 INFO  [io.api.tes.ser.api.KafkaSerdesTester] (Thread-903) topic-de1e1d39_88c3_4352_80f1_c0314c7225cd 0 5 {"key1": "value-5"}
2025-07-31 20:41:54,270 INFO  [io.api.tes.ser.api.KafkaSerdesTester] (Thread-903) topic-de1e1d39_88c3_4352_80f1_c0314c7225cd 0 6 {"key1": "value-6"}
2025-07-31 20:41:54,270 INFO  [io.api.tes.ser.api.KafkaSerdesTester] (Thread-903) topic-de1e1d39_88c3_4352_80f1_c0314c7225cd 0 7 {"key1": "value-7"}
2025-07-31 20:41:54,270 INFO  [io.api.tes.ser.api.KafkaSerdesTester] (Thread-903) topic-de1e1d39_88c3_4352_80f1_c0314c7225cd 0 8 {"key1": "value-8"}
2025-07-31 20:41:54,270 INFO  [io.api.tes.ser.api.KafkaSerdesTester] (Thread-903) topic-de1e1d39_88c3_4352_80f1_c0314c7225cd 0 9 {"key1": "value-9"}
2025-07-31 20:41:54,270 INFO  [io.api.tes.ser.api.KafkaSerdesTester] (Thread-903) Consumed 10 messages
2025-07-31 20:41:54,272 INFO  [org.apa.kaf.cli.con.int.ConsumerRebalanceListenerInvoker] (Thread-903) [Consumer clientId=consumer-Consumer-topic-de1e1d39_88c3_4352_80f1_c0314c7225cd-42, groupId=Consumer-topic-de1e1d39_88c3_4352_80f1_c0314c7225cd] Revoke previously assigned partitions topic-de1e1d39_88c3_4352_80f1_c0314c7225cd-0
2025-07-31 20:41:54,272 INFO  [org.apa.kaf.cli.con.int.ConsumerCoordinator] (Thread-903) [Consumer clientId=consumer-Consumer-topic-de1e1d39_88c3_4352_80f1_c0314c7225cd-42, groupId=Consumer-topic-de1e1d39_88c3_4352_80f1_c0314c7225cd] Member consumer-Consumer-topic-de1e1d39_88c3_4352_80f1_c0314c7225cd-42-7ce9214d-b6cd-427f-a9ad-a6ae491a6025 sending LeaveGroup request to coordinator localhost:32770 (id: 2147483647 rack: null) due to the consumer is being closed
2025-07-31 20:41:54,272 INFO  [org.apa.kaf.cli.con.int.ConsumerCoordinator] (Thread-903) [Consumer clientId=consumer-Consumer-topic-de1e1d39_88c3_4352_80f1_c0314c7225cd-42, groupId=Consumer-topic-de1e1d39_88c3_4352_80f1_c0314c7225cd] Resetting generation and member id due to: consumer pro-actively leaving the group
2025-07-31 20:41:54,272 INFO  [org.apa.kaf.cli.con.int.ConsumerCoordinator] (Thread-903) [Consumer clientId=consumer-Consumer-topic-de1e1d39_88c3_4352_80f1_c0314c7225cd-42, groupId=Consumer-topic-de1e1d39_88c3_4352_80f1_c0314c7225cd] Request joining group due to: consumer pro-actively leaving the group
2025-07-31 20:41:54,773 INFO  [org.apa.kaf.com.met.Metrics] (Thread-903) Metrics scheduler closed
2025-07-31 20:41:54,773 INFO  [org.apa.kaf.com.met.Metrics] (Thread-903) Closing reporter org.apache.kafka.common.metrics.JmxReporter
2025-07-31 20:41:54,773 INFO  [org.apa.kaf.com.met.Metrics] (Thread-903) Closing reporter org.apache.kafka.common.telemetry.internals.ClientTelemetryReporter
2025-07-31 20:41:54,773 INFO  [org.apa.kaf.com.met.Metrics] (Thread-903) Metrics reporters closed
2025-07-31 20:41:54,775 INFO  [org.apa.kaf.com.uti.AppInfoParser] (Thread-903) App info kafka.consumer for consumer-Consumer-topic-de1e1d39_88c3_4352_80f1_c0314c7225cd-42 unregistered
2025-07-31 20:41:54,788 INFO  [io.api.tes.ser.con.BasicConfluentSerDesIT] (main) Deleting confluent schema topic-de1e1d39_88c3_4352_80f1_c0314c7225cd-value
2025-07-31 20:41:54,796 INFO  [io.api.tes.uti.TestSeparator] (main) io.apicurio.tests.serdes.confluent.BasicConfluentSerDesIT.testAvroApicurioConfluent-FINISHED
2025-07-31 20:41:54,796 INFO  [io.api.tes.uti.TestSeparator] (main) ############################################################################
Test passed: testAvroApicurioConfluent
]]></system-out>
  </testcase>
  <testcase name="testAvroConfluentSerDesFail" classname="io.apicurio.tests.serdes.confluent.BasicConfluentSerDesIT" time="0.08">
    <system-out><![CDATA[2025-07-31 20:41:54,799 INFO  [io.api.tes.uti.TestSeparator] (main) ############################################################################
2025-07-31 20:41:54,799 INFO  [io.api.tes.uti.TestSeparator] (main) io.apicurio.tests.serdes.confluent.BasicConfluentSerDesIT.testAvroConfluentSerDesFail-STARTED
2025-07-31 20:41:54,819 INFO  [io.api.tes.ser.con.BasicConfluentSerDesIT] (main) Checking that created schema is equal to the get schema
2025-07-31 20:41:54,826 INFO  [io.api.tes.ser.con.BasicConfluentSerDesIT] (main) Created schema with id:116 and name:myrecordconfluent2
**** Registry Base URL: http://registry-app-inmemory.apps.ci419.apicurio-testing.org:80
2025-07-31 20:41:54,827 INFO  [org.apa.kaf.cli.pro.ProducerConfig] (main) ProducerConfig values: 
	acks = -1
	auto.include.jmx.reporter = true
	batch.size = 16384
	bootstrap.servers = [PLAINTEXT://localhost:32770]
	buffer.memory = 33554432
	client.dns.lookup = use_all_dns_ips
	client.id = Producer-topic-42fbc705_de77_4f79_adf5_85a79339ef29
	compression.gzip.level = -1
	compression.lz4.level = 9
	compression.type = none
	compression.zstd.level = 3
	connections.max.idle.ms = 10000
	delivery.timeout.ms = 120000
	enable.idempotence = true
	enable.metrics.push = true
	interceptor.classes = []
	key.serializer = class org.apache.kafka.common.serialization.StringSerializer
	linger.ms = 0
	max.block.ms = 60000
	max.in.flight.requests.per.connection = 5
	max.request.size = 1048576
	metadata.max.age.ms = 300000
	metadata.max.idle.ms = 300000
	metadata.recovery.strategy = none
	metric.reporters = []
	metrics.num.samples = 2
	metrics.recording.level = INFO
	metrics.sample.window.ms = 30000
	partitioner.adaptive.partitioning.enable = true
	partitioner.availability.timeout.ms = 0
	partitioner.class = null
	partitioner.ignore.keys = false
	receive.buffer.bytes = 32768
	reconnect.backoff.max.ms = 1000
	reconnect.backoff.ms = 50
	request.timeout.ms = 5000
	retries = 2147483647
	retry.backoff.max.ms = 1000
	retry.backoff.ms = 100
	sasl.client.callback.handler.class = null
	sasl.jaas.config = null
	sasl.kerberos.kinit.cmd = /usr/bin/kinit
	sasl.kerberos.min.time.before.relogin = 60000
	sasl.kerberos.service.name = null
	sasl.kerberos.ticket.renew.jitter = 0.05
	sasl.kerberos.ticket.renew.window.factor = 0.8
	sasl.login.callback.handler.class = null
	sasl.login.class = null
	sasl.login.connect.timeout.ms = null
	sasl.login.read.timeout.ms = null
	sasl.login.refresh.buffer.seconds = 300
	sasl.login.refresh.min.period.seconds = 60
	sasl.login.refresh.window.factor = 0.8
	sasl.login.refresh.window.jitter = 0.05
	sasl.login.retry.backoff.max.ms = 10000
	sasl.login.retry.backoff.ms = 100
	sasl.mechanism = GSSAPI
	sasl.oauthbearer.clock.skew.seconds = 30
	sasl.oauthbearer.expected.audience = null
	sasl.oauthbearer.expected.issuer = null
	sasl.oauthbearer.header.urlencode = false
	sasl.oauthbearer.jwks.endpoint.refresh.ms = 3600000
	sasl.oauthbearer.jwks.endpoint.retry.backoff.max.ms = 10000
	sasl.oauthbearer.jwks.endpoint.retry.backoff.ms = 100
	sasl.oauthbearer.jwks.endpoint.url = null
	sasl.oauthbearer.scope.claim.name = scope
	sasl.oauthbearer.sub.claim.name = sub
	sasl.oauthbearer.token.endpoint.url = null
	security.protocol = PLAINTEXT
	security.providers = null
	send.buffer.bytes = 131072
	socket.connection.setup.timeout.max.ms = 30000
	socket.connection.setup.timeout.ms = 10000
	ssl.cipher.suites = null
	ssl.enabled.protocols = [TLSv1.2, TLSv1.3]
	ssl.endpoint.identification.algorithm = https
	ssl.engine.factory.class = null
	ssl.key.password = null
	ssl.keymanager.algorithm = SunX509
	ssl.keystore.certificate.chain = null
	ssl.keystore.key = null
	ssl.keystore.location = null
	ssl.keystore.password = null
	ssl.keystore.type = JKS
	ssl.protocol = TLSv1.3
	ssl.provider = null
	ssl.secure.random.implementation = null
	ssl.trustmanager.algorithm = PKIX
	ssl.truststore.certificates = null
	ssl.truststore.location = null
	ssl.truststore.password = null
	ssl.truststore.type = JKS
	transaction.timeout.ms = 60000
	transactional.id = null
	value.serializer = class io.confluent.kafka.serializers.KafkaAvroSerializer

2025-07-31 20:41:54,827 INFO  [org.apa.kaf.com.tel.int.KafkaMetricsCollector] (main) initializing Kafka metrics collector
2025-07-31 20:41:54,828 INFO  [io.con.kaf.ser.KafkaAvroSerializerConfig] (main) KafkaAvroSerializerConfig values: 
	auto.register.schemas = false
	avro.reflection.allow.null = false
	avro.remove.java.properties = false
	avro.use.logical.type.converters = false
	basic.auth.credentials.source = URL
	basic.auth.user.info = [hidden]
	bearer.auth.cache.expiry.buffer.seconds = 300
	bearer.auth.client.id = null
	bearer.auth.client.secret = null
	bearer.auth.credentials.source = STATIC_TOKEN
	bearer.auth.custom.provider.class = null
	bearer.auth.identity.pool.id = null
	bearer.auth.issuer.endpoint.url = null
	bearer.auth.logical.cluster = null
	bearer.auth.scope = null
	bearer.auth.scope.claim.name = scope
	bearer.auth.sub.claim.name = sub
	bearer.auth.token = [hidden]
	context.name.strategy = class io.confluent.kafka.serializers.context.NullContextNameStrategy
	http.connect.timeout.ms = 60000
	http.read.timeout.ms = 60000
	id.compatibility.strict = true
	key.schema.id.deserializer = class io.confluent.kafka.serializers.schema.id.DualSchemaIdDeserializer
	key.schema.id.serializer = class io.confluent.kafka.serializers.schema.id.PrefixSchemaIdSerializer
	key.subject.name.strategy = class io.confluent.kafka.serializers.subject.TopicNameStrategy
	latest.cache.size = 1000
	latest.cache.ttl.sec = -1
	latest.compatibility.strict = true
	max.retries = 3
	max.schemas.per.subject = 1000
	normalize.schemas = false
	propagate.schema.tags = false
	proxy.host = 
	proxy.port = -1
	retries.max.wait.ms = 20000
	retries.wait.ms = 1000
	rule.actions = []
	rule.executors = []
	rule.service.loader.enable = true
	schema.format = null
	schema.reflection = false
	schema.registry.basic.auth.user.info = [hidden]
	schema.registry.ssl.cipher.suites = null
	schema.registry.ssl.enabled.protocols = [TLSv1.2, TLSv1.3]
	schema.registry.ssl.endpoint.identification.algorithm = https
	schema.registry.ssl.engine.factory.class = null
	schema.registry.ssl.key.password = null
	schema.registry.ssl.keymanager.algorithm = SunX509
	schema.registry.ssl.keystore.certificate.chain = null
	schema.registry.ssl.keystore.key = null
	schema.registry.ssl.keystore.location = null
	schema.registry.ssl.keystore.password = null
	schema.registry.ssl.keystore.type = JKS
	schema.registry.ssl.protocol = TLSv1.3
	schema.registry.ssl.provider = null
	schema.registry.ssl.secure.random.implementation = null
	schema.registry.ssl.trustmanager.algorithm = PKIX
	schema.registry.ssl.truststore.certificates = null
	schema.registry.ssl.truststore.location = null
	schema.registry.ssl.truststore.password = null
	schema.registry.ssl.truststore.type = JKS
	schema.registry.url = [http://registry-app-inmemory.apps.ci419.apicurio-testing.org:80/apis/ccompat/v7]
	schema.registry.url.randomize = false
	use.latest.version = false
	use.latest.with.metadata = null
	use.schema.id = -1
	value.schema.id.deserializer = class io.confluent.kafka.serializers.schema.id.DualSchemaIdDeserializer
	value.schema.id.serializer = class io.confluent.kafka.serializers.schema.id.PrefixSchemaIdSerializer
	value.subject.name.strategy = class io.confluent.kafka.serializers.subject.RecordNameStrategy

2025-07-31 20:41:54,830 INFO  [org.apa.kaf.cli.pro.KafkaProducer] (main) [Producer clientId=Producer-topic-42fbc705_de77_4f79_adf5_85a79339ef29] Instantiated an idempotent producer.
2025-07-31 20:41:54,833 INFO  [org.apa.kaf.cli.pro.ProducerConfig] (main) These configurations '[schema.registry.url, auto.register.schemas, value.subject.name.strategy]' were supplied but are not used yet.
2025-07-31 20:41:54,833 INFO  [org.apa.kaf.com.uti.AppInfoParser] (main) Kafka version: 3.9.1
2025-07-31 20:41:54,833 INFO  [org.apa.kaf.com.uti.AppInfoParser] (main) Kafka commitId: f745dfdcee2b9851
2025-07-31 20:41:54,833 INFO  [org.apa.kaf.com.uti.AppInfoParser] (main) Kafka startTimeMs: 1753994514833
2025-07-31 20:41:54,835 INFO  [io.api.tes.ser.api.KafkaSerdesTester] (Thread-904) Sending message {"wrongkey": "value-0"} to topic topic-42fbc705_de77_4f79_adf5_85a79339ef29
2025-07-31 20:41:54,839 INFO  [org.apa.kaf.cli.Metadata] (kafka-producer-network-thread | Producer-topic-42fbc705_de77_4f79_adf5_85a79339ef29) [Producer clientId=Producer-topic-42fbc705_de77_4f79_adf5_85a79339ef29] Cluster ID: b-_w6pXwSzuW2BMgmumbNQ
2025-07-31 20:41:54,842 INFO  [org.apa.kaf.cli.pro.int.TransactionManager] (kafka-producer-network-thread | Producer-topic-42fbc705_de77_4f79_adf5_85a79339ef29) [Producer clientId=Producer-topic-42fbc705_de77_4f79_adf5_85a79339ef29] ProducerId set to 57 with epoch 0
2025-07-31 20:41:54,847 INFO  [org.apa.kaf.cli.pro.KafkaProducer] (Thread-904) [Producer clientId=Producer-topic-42fbc705_de77_4f79_adf5_85a79339ef29] Closing the Kafka producer with timeoutMillis = 9223372036854775807 ms.
2025-07-31 20:41:54,849 INFO  [org.apa.kaf.com.met.Metrics] (Thread-904) Metrics scheduler closed
2025-07-31 20:41:54,849 INFO  [org.apa.kaf.com.met.Metrics] (Thread-904) Closing reporter org.apache.kafka.common.metrics.JmxReporter
2025-07-31 20:41:54,849 INFO  [org.apa.kaf.com.met.Metrics] (Thread-904) Closing reporter org.apache.kafka.common.telemetry.internals.ClientTelemetryReporter
2025-07-31 20:41:54,849 INFO  [org.apa.kaf.com.met.Metrics] (Thread-904) Metrics reporters closed
2025-07-31 20:41:54,852 INFO  [org.apa.kaf.com.uti.AppInfoParser] (Thread-904) App info kafka.producer for Producer-topic-42fbc705_de77_4f79_adf5_85a79339ef29 unregistered
2025-07-31 20:41:54,865 INFO  [io.api.tes.ser.con.BasicConfluentSerDesIT] (main) Deleting confluent schema myrecordconfluent2
2025-07-31 20:41:54,876 INFO  [io.api.tes.uti.TestSeparator] (main) io.apicurio.tests.serdes.confluent.BasicConfluentSerDesIT.testAvroConfluentSerDesFail-FINISHED
2025-07-31 20:41:54,876 INFO  [io.api.tes.uti.TestSeparator] (main) ############################################################################
Test passed: testAvroConfluentSerDesFail
]]></system-out>
  </testcase>
  <testcase name="testAvroConfluentSerDesWrongStrategyRecord" classname="io.apicurio.tests.serdes.confluent.BasicConfluentSerDesIT" time="0.092">
    <system-out><![CDATA[2025-07-31 20:41:54,880 INFO  [io.api.tes.uti.TestSeparator] (main) ############################################################################
2025-07-31 20:41:54,880 INFO  [io.api.tes.uti.TestSeparator] (main) io.apicurio.tests.serdes.confluent.BasicConfluentSerDesIT.testAvroConfluentSerDesWrongStrategyRecord-STARTED
2025-07-31 20:41:54,905 INFO  [io.api.tes.ser.con.BasicConfluentSerDesIT] (main) Checking that created schema is equal to the get schema
2025-07-31 20:41:54,913 INFO  [io.api.tes.ser.con.BasicConfluentSerDesIT] (main) Created schema with id:117 and name:myrecordconfluent4
**** Registry Base URL: http://registry-app-inmemory.apps.ci419.apicurio-testing.org:80
2025-07-31 20:41:54,917 INFO  [org.apa.kaf.cli.pro.ProducerConfig] (main) ProducerConfig values: 
	acks = -1
	auto.include.jmx.reporter = true
	batch.size = 16384
	bootstrap.servers = [PLAINTEXT://localhost:32770]
	buffer.memory = 33554432
	client.dns.lookup = use_all_dns_ips
	client.id = Producer-topic-35d6b7e0_030e_45cc_86f3_eb307091e74a
	compression.gzip.level = -1
	compression.lz4.level = 9
	compression.type = none
	compression.zstd.level = 3
	connections.max.idle.ms = 10000
	delivery.timeout.ms = 120000
	enable.idempotence = true
	enable.metrics.push = true
	interceptor.classes = []
	key.serializer = class org.apache.kafka.common.serialization.StringSerializer
	linger.ms = 0
	max.block.ms = 60000
	max.in.flight.requests.per.connection = 5
	max.request.size = 1048576
	metadata.max.age.ms = 300000
	metadata.max.idle.ms = 300000
	metadata.recovery.strategy = none
	metric.reporters = []
	metrics.num.samples = 2
	metrics.recording.level = INFO
	metrics.sample.window.ms = 30000
	partitioner.adaptive.partitioning.enable = true
	partitioner.availability.timeout.ms = 0
	partitioner.class = null
	partitioner.ignore.keys = false
	receive.buffer.bytes = 32768
	reconnect.backoff.max.ms = 1000
	reconnect.backoff.ms = 50
	request.timeout.ms = 5000
	retries = 2147483647
	retry.backoff.max.ms = 1000
	retry.backoff.ms = 100
	sasl.client.callback.handler.class = null
	sasl.jaas.config = null
	sasl.kerberos.kinit.cmd = /usr/bin/kinit
	sasl.kerberos.min.time.before.relogin = 60000
	sasl.kerberos.service.name = null
	sasl.kerberos.ticket.renew.jitter = 0.05
	sasl.kerberos.ticket.renew.window.factor = 0.8
	sasl.login.callback.handler.class = null
	sasl.login.class = null
	sasl.login.connect.timeout.ms = null
	sasl.login.read.timeout.ms = null
	sasl.login.refresh.buffer.seconds = 300
	sasl.login.refresh.min.period.seconds = 60
	sasl.login.refresh.window.factor = 0.8
	sasl.login.refresh.window.jitter = 0.05
	sasl.login.retry.backoff.max.ms = 10000
	sasl.login.retry.backoff.ms = 100
	sasl.mechanism = GSSAPI
	sasl.oauthbearer.clock.skew.seconds = 30
	sasl.oauthbearer.expected.audience = null
	sasl.oauthbearer.expected.issuer = null
	sasl.oauthbearer.header.urlencode = false
	sasl.oauthbearer.jwks.endpoint.refresh.ms = 3600000
	sasl.oauthbearer.jwks.endpoint.retry.backoff.max.ms = 10000
	sasl.oauthbearer.jwks.endpoint.retry.backoff.ms = 100
	sasl.oauthbearer.jwks.endpoint.url = null
	sasl.oauthbearer.scope.claim.name = scope
	sasl.oauthbearer.sub.claim.name = sub
	sasl.oauthbearer.token.endpoint.url = null
	security.protocol = PLAINTEXT
	security.providers = null
	send.buffer.bytes = 131072
	socket.connection.setup.timeout.max.ms = 30000
	socket.connection.setup.timeout.ms = 10000
	ssl.cipher.suites = null
	ssl.enabled.protocols = [TLSv1.2, TLSv1.3]
	ssl.endpoint.identification.algorithm = https
	ssl.engine.factory.class = null
	ssl.key.password = null
	ssl.keymanager.algorithm = SunX509
	ssl.keystore.certificate.chain = null
	ssl.keystore.key = null
	ssl.keystore.location = null
	ssl.keystore.password = null
	ssl.keystore.type = JKS
	ssl.protocol = TLSv1.3
	ssl.provider = null
	ssl.secure.random.implementation = null
	ssl.trustmanager.algorithm = PKIX
	ssl.truststore.certificates = null
	ssl.truststore.location = null
	ssl.truststore.password = null
	ssl.truststore.type = JKS
	transaction.timeout.ms = 60000
	transactional.id = null
	value.serializer = class io.confluent.kafka.serializers.KafkaAvroSerializer

2025-07-31 20:41:54,917 INFO  [org.apa.kaf.com.tel.int.KafkaMetricsCollector] (main) initializing Kafka metrics collector
2025-07-31 20:41:54,920 INFO  [io.con.kaf.ser.KafkaAvroSerializerConfig] (main) KafkaAvroSerializerConfig values: 
	auto.register.schemas = false
	avro.reflection.allow.null = false
	avro.remove.java.properties = false
	avro.use.logical.type.converters = false
	basic.auth.credentials.source = URL
	basic.auth.user.info = [hidden]
	bearer.auth.cache.expiry.buffer.seconds = 300
	bearer.auth.client.id = null
	bearer.auth.client.secret = null
	bearer.auth.credentials.source = STATIC_TOKEN
	bearer.auth.custom.provider.class = null
	bearer.auth.identity.pool.id = null
	bearer.auth.issuer.endpoint.url = null
	bearer.auth.logical.cluster = null
	bearer.auth.scope = null
	bearer.auth.scope.claim.name = scope
	bearer.auth.sub.claim.name = sub
	bearer.auth.token = [hidden]
	context.name.strategy = class io.confluent.kafka.serializers.context.NullContextNameStrategy
	http.connect.timeout.ms = 60000
	http.read.timeout.ms = 60000
	id.compatibility.strict = true
	key.schema.id.deserializer = class io.confluent.kafka.serializers.schema.id.DualSchemaIdDeserializer
	key.schema.id.serializer = class io.confluent.kafka.serializers.schema.id.PrefixSchemaIdSerializer
	key.subject.name.strategy = class io.confluent.kafka.serializers.subject.TopicNameStrategy
	latest.cache.size = 1000
	latest.cache.ttl.sec = -1
	latest.compatibility.strict = true
	max.retries = 3
	max.schemas.per.subject = 1000
	normalize.schemas = false
	propagate.schema.tags = false
	proxy.host = 
	proxy.port = -1
	retries.max.wait.ms = 20000
	retries.wait.ms = 1000
	rule.actions = []
	rule.executors = []
	rule.service.loader.enable = true
	schema.format = null
	schema.reflection = false
	schema.registry.basic.auth.user.info = [hidden]
	schema.registry.ssl.cipher.suites = null
	schema.registry.ssl.enabled.protocols = [TLSv1.2, TLSv1.3]
	schema.registry.ssl.endpoint.identification.algorithm = https
	schema.registry.ssl.engine.factory.class = null
	schema.registry.ssl.key.password = null
	schema.registry.ssl.keymanager.algorithm = SunX509
	schema.registry.ssl.keystore.certificate.chain = null
	schema.registry.ssl.keystore.key = null
	schema.registry.ssl.keystore.location = null
	schema.registry.ssl.keystore.password = null
	schema.registry.ssl.keystore.type = JKS
	schema.registry.ssl.protocol = TLSv1.3
	schema.registry.ssl.provider = null
	schema.registry.ssl.secure.random.implementation = null
	schema.registry.ssl.trustmanager.algorithm = PKIX
	schema.registry.ssl.truststore.certificates = null
	schema.registry.ssl.truststore.location = null
	schema.registry.ssl.truststore.password = null
	schema.registry.ssl.truststore.type = JKS
	schema.registry.url = [http://registry-app-inmemory.apps.ci419.apicurio-testing.org:80/apis/ccompat/v7]
	schema.registry.url.randomize = false
	use.latest.version = false
	use.latest.with.metadata = null
	use.schema.id = -1
	value.schema.id.deserializer = class io.confluent.kafka.serializers.schema.id.DualSchemaIdDeserializer
	value.schema.id.serializer = class io.confluent.kafka.serializers.schema.id.PrefixSchemaIdSerializer
	value.subject.name.strategy = class io.confluent.kafka.serializers.subject.RecordNameStrategy

2025-07-31 20:41:54,926 INFO  [org.apa.kaf.cli.pro.KafkaProducer] (main) [Producer clientId=Producer-topic-35d6b7e0_030e_45cc_86f3_eb307091e74a] Instantiated an idempotent producer.
2025-07-31 20:41:54,932 INFO  [org.apa.kaf.cli.pro.ProducerConfig] (main) These configurations '[schema.registry.url, auto.register.schemas, value.subject.name.strategy]' were supplied but are not used yet.
2025-07-31 20:41:54,932 INFO  [org.apa.kaf.com.uti.AppInfoParser] (main) Kafka version: 3.9.1
2025-07-31 20:41:54,932 INFO  [org.apa.kaf.com.uti.AppInfoParser] (main) Kafka commitId: f745dfdcee2b9851
2025-07-31 20:41:54,932 INFO  [org.apa.kaf.com.uti.AppInfoParser] (main) Kafka startTimeMs: 1753994514932
2025-07-31 20:41:54,933 INFO  [io.api.tes.ser.api.KafkaSerdesTester] (Thread-905) Sending message {"wrongkey": "value-0"} to topic topic-35d6b7e0_030e_45cc_86f3_eb307091e74a
2025-07-31 20:41:54,939 INFO  [org.apa.kaf.cli.Metadata] (kafka-producer-network-thread | Producer-topic-35d6b7e0_030e_45cc_86f3_eb307091e74a) [Producer clientId=Producer-topic-35d6b7e0_030e_45cc_86f3_eb307091e74a] Cluster ID: b-_w6pXwSzuW2BMgmumbNQ
2025-07-31 20:41:54,939 INFO  [org.apa.kaf.cli.pro.int.TransactionManager] (kafka-producer-network-thread | Producer-topic-35d6b7e0_030e_45cc_86f3_eb307091e74a) [Producer clientId=Producer-topic-35d6b7e0_030e_45cc_86f3_eb307091e74a] ProducerId set to 58 with epoch 0
2025-07-31 20:41:54,948 INFO  [org.apa.kaf.cli.pro.KafkaProducer] (Thread-905) [Producer clientId=Producer-topic-35d6b7e0_030e_45cc_86f3_eb307091e74a] Closing the Kafka producer with timeoutMillis = 9223372036854775807 ms.
2025-07-31 20:41:54,950 INFO  [org.apa.kaf.com.met.Metrics] (Thread-905) Metrics scheduler closed
2025-07-31 20:41:54,950 INFO  [org.apa.kaf.com.met.Metrics] (Thread-905) Closing reporter org.apache.kafka.common.metrics.JmxReporter
2025-07-31 20:41:54,950 INFO  [org.apa.kaf.com.met.Metrics] (Thread-905) Closing reporter org.apache.kafka.common.telemetry.internals.ClientTelemetryReporter
2025-07-31 20:41:54,950 INFO  [org.apa.kaf.com.met.Metrics] (Thread-905) Metrics reporters closed
2025-07-31 20:41:54,950 INFO  [org.apa.kaf.com.uti.AppInfoParser] (Thread-905) App info kafka.producer for Producer-topic-35d6b7e0_030e_45cc_86f3_eb307091e74a unregistered
2025-07-31 20:41:54,965 INFO  [io.api.tes.ser.con.BasicConfluentSerDesIT] (main) Deleting confluent schema topic-35d6b7e0_030e_45cc_86f3_eb307091e74a-value
2025-07-31 20:41:54,971 INFO  [io.api.tes.uti.TestSeparator] (main) io.apicurio.tests.serdes.confluent.BasicConfluentSerDesIT.testAvroConfluentSerDesWrongStrategyRecord-FINISHED
2025-07-31 20:41:54,972 INFO  [io.api.tes.uti.TestSeparator] (main) ############################################################################
Test passed: testAvroConfluentSerDesWrongStrategyRecord
]]></system-out>
  </testcase>
</testsuite>