<?xml version="1.0" encoding="UTF-8"?>
<testsuite xmlns:xsi="http://www.w3.org/2001/XMLSchema-instance" xsi:noNamespaceSchemaLocation="https://maven.apache.org/surefire/maven-failsafe-plugin/xsd/failsafe-test-report.xsd" version="3.0.2" name="io.apicurio.tests.serdes.apicurio.AvroSerdeIT" time="48.106" tests="21" errors="0" skipped="2" failures="0">
  <properties>
    <property name="java.specification.version" value="17"/>
    <property name="sun.jnu.encoding" value="UTF-8"/>
    <property name="java.class.path" value="/home/runner/work/apicurio-testing/apicurio-testing/clusters/ci419/namespaces/inmemory/tests/integration/apicurio-registry/integration-tests/target/test-classes:/home/runner/work/apicurio-testing/apicurio-testing/clusters/ci419/namespaces/inmemory/tests/integration/apicurio-registry/integration-tests/target/apicurio-registry-integration-tests-3.0.11-SNAPSHOT.jar:/home/runner/.m2/repository/io/quarkus/quarkus-junit5/3.20.1/quarkus-junit5-3.20.1.jar:/home/runner/.m2/repository/io/quarkus/quarkus-bootstrap-core/3.20.1/quarkus-bootstrap-core-3.20.1.jar:/home/runner/.m2/repository/io/quarkus/quarkus-classloader-commons/3.20.1/quarkus-classloader-commons-3.20.1.jar:/home/runner/.m2/repository/io/quarkus/quarkus-bootstrap-app-model/3.20.1/quarkus-bootstrap-app-model-3.20.1.jar:/home/runner/.m2/repository/io/smallrye/common/smallrye-common-io/2.12.0/smallrye-common-io-2.12.0.jar:/home/runner/.m2/repository/org/eclipse/sisu/org.eclipse.sisu.inject/0.9.0.M3/org.eclipse.sisu.inject-0.9.0.M3.jar:/home/runner/.m2/repository/io/quarkus/quarkus-test-common/3.20.1/quarkus-test-common-3.20.1.jar:/home/runner/.m2/repository/io/quarkus/quarkus-core-deployment/3.20.1/quarkus-core-deployment-3.20.1.jar:/home/runner/.m2/repository/org/aesh/readline/2.6/readline-2.6.jar:/home/runner/.m2/repository/org/fusesource/jansi/jansi/2.4.0/jansi-2.4.0.jar:/home/runner/.m2/repository/org/aesh/aesh/2.8.2/aesh-2.8.2.jar:/home/runner/.m2/repository/io/quarkus/gizmo/gizmo/1.8.0/gizmo-1.8.0.jar:/home/runner/.m2/repository/org/ow2/asm/asm-util/9.7.1/asm-util-9.7.1.jar:/home/runner/.m2/repository/org/ow2/asm/asm-analysis/9.7.1/asm-analysis-9.7.1.jar:/home/runner/.m2/repository/org/ow2/asm/asm-commons/9.7.1/asm-commons-9.7.1.jar:/home/runner/.m2/repository/org/ow2/asm/asm-tree/9.7.1/asm-tree-9.7.1.jar:/home/runner/.m2/repository/io/quarkus/quarkus-hibernate-validator-spi/3.20.1/quarkus-hibernate-validator-spi-3.20.1.jar:/home/runner/.m2/repository/io/quarkus/quarkus-class-change-agent/3.20.1/quarkus-class-change-agent-3.20.1.jar:/home/runner/.m2/repository/io/quarkus/quarkus-devtools-utilities/3.20.1/quarkus-devtools-utilities-3.20.1.jar:/home/runner/.m2/repository/io/quarkus/quarkus-builder/3.20.1/quarkus-builder-3.20.1.jar:/home/runner/.m2/repository/org/graalvm/sdk/nativeimage/23.1.2/nativeimage-23.1.2.jar:/home/runner/.m2/repository/org/graalvm/sdk/word/23.1.2/word-23.1.2.jar:/home/runner/.m2/repository/io/quarkus/quarkus-bootstrap-maven-resolver/3.20.1/quarkus-bootstrap-maven-resolver-3.20.1.jar:/home/runner/.m2/repository/io/smallrye/beanbag/smallrye-beanbag-maven/1.5.2/smallrye-beanbag-maven-1.5.2.jar:/home/runner/.m2/repository/io/smallrye/beanbag/smallrye-beanbag-sisu/1.5.2/smallrye-beanbag-sisu-1.5.2.jar:/home/runner/.m2/repository/io/smallrye/beanbag/smallrye-beanbag/1.5.2/smallrye-beanbag-1.5.2.jar:/home/runner/.m2/repository/javax/inject/javax.inject/1/javax.inject-1.jar:/home/runner/.m2/repository/org/apache/maven/maven-artifact/3.9.9/maven-artifact-3.9.9.jar:/home/runner/.m2/repository/org/apache/maven/maven-builder-support/3.9.9/maven-builder-support-3.9.9.jar:/home/runner/.m2/repository/org/apache/maven/maven-model/3.9.9/maven-model-3.9.9.jar:/home/runner/.m2/repository/org/apache/maven/maven-model-builder/3.9.9/maven-model-builder-3.9.9.jar:/home/runner/.m2/repository/org/apache/maven/maven-repository-metadata/3.9.9/maven-repository-metadata-3.9.9.jar:/home/runner/.m2/repository/org/apache/maven/maven-settings/3.9.9/maven-settings-3.9.9.jar:/home/runner/.m2/repository/org/apache/maven/resolver/maven-resolver-api/1.9.22/maven-resolver-api-1.9.22.jar:/home/runner/.m2/repository/org/apache/maven/resolver/maven-resolver-impl/1.9.22/maven-resolver-impl-1.9.22.jar:/home/runner/.m2/repository/org/apache/maven/resolver/maven-resolver-named-locks/1.9.22/maven-resolver-named-locks-1.9.22.jar:/home/runner/.m2/repository/org/apache/maven/resolver/maven-resolver-spi/1.9.22/maven-resolver-spi-1.9.22.jar:/home/runner/.m2/repository/org/apache/maven/resolver/maven-resolver-util/1.9.22/maven-resolver-util-1.9.22.jar:/home/runner/.m2/repository/org/apache/maven/resolver/maven-resolver-transport-http/1.9.20/maven-resolver-transport-http-1.9.20.jar:/home/runner/.m2/repository/org/apache/maven/wagon/wagon-provider-api/3.5.3/wagon-provider-api-3.5.3.jar:/home/runner/.m2/repository/org/apache/maven/wagon/wagon-http-shared/3.5.3/wagon-http-shared-3.5.3.jar:/home/runner/.m2/repository/org/codehaus/plexus/plexus-interpolation/1.26/plexus-interpolation-1.26.jar:/home/runner/.m2/repository/org/codehaus/plexus/plexus-utils/3.5.1/plexus-utils-3.5.1.jar:/home/runner/.m2/repository/org/codehaus/plexus/plexus-xml/4.0.1/plexus-xml-4.0.1.jar:/home/runner/.m2/repository/org/apache/maven/maven-xml-impl/4.0.0-alpha-5/maven-xml-impl-4.0.0-alpha-5.jar:/home/runner/.m2/repository/org/apache/maven/maven-api-xml/4.0.0-alpha-5/maven-api-xml-4.0.0-alpha-5.jar:/home/runner/.m2/repository/org/apache/maven/maven-api-meta/4.0.0-alpha-5/maven-api-meta-4.0.0-alpha-5.jar:/home/runner/.m2/repository/org/codehaus/plexus/plexus-cipher/2.0/plexus-cipher-2.0.jar:/home/runner/.m2/repository/org/codehaus/plexus/plexus-sec-dispatcher/2.0/plexus-sec-dispatcher-2.0.jar:/home/runner/.m2/repository/org/apache/maven/maven-embedder/3.9.9/maven-embedder-3.9.9.jar:/home/runner/.m2/repository/org/apache/maven/maven-core/3.9.9/maven-core-3.9.9.jar:/home/runner/.m2/repository/org/codehaus/plexus/plexus-component-annotations/2.1.0/plexus-component-annotations-2.1.0.jar:/home/runner/.m2/repository/org/apache/maven/maven-plugin-api/3.9.9/maven-plugin-api-3.9.9.jar:/home/runner/.m2/repository/org/apache/maven/shared/maven-shared-utils/3.4.2/maven-shared-utils-3.4.2.jar:/home/runner/.m2/repository/com/google/inject/guice/5.1.0/guice-5.1.0.jar:/home/runner/.m2/repository/aopalliance/aopalliance/1.0/aopalliance-1.0.jar:/home/runner/.m2/repository/org/codehaus/plexus/plexus-classworlds/2.6.0/plexus-classworlds-2.6.0.jar:/home/runner/.m2/repository/commons-cli/commons-cli/1.8.0/commons-cli-1.8.0.jar:/home/runner/.m2/repository/org/eclipse/sisu/org.eclipse.sisu.plexus/0.9.0.M3/org.eclipse.sisu.plexus-0.9.0.M3.jar:/home/runner/.m2/repository/org/apache/maven/maven-settings-builder/3.9.9/maven-settings-builder-3.9.9.jar:/home/runner/.m2/repository/org/apache/maven/maven-resolver-provider/3.9.9/maven-resolver-provider-3.9.9.jar:/home/runner/.m2/repository/org/apache/maven/resolver/maven-resolver-connector-basic/1.9.22/maven-resolver-connector-basic-1.9.22.jar:/home/runner/.m2/repository/org/apache/maven/resolver/maven-resolver-transport-wagon/1.9.22/maven-resolver-transport-wagon-1.9.22.jar:/home/runner/.m2/repository/org/apache/maven/wagon/wagon-http/3.5.3/wagon-http-3.5.3.jar:/home/runner/.m2/repository/org/apache/maven/wagon/wagon-file/3.5.3/wagon-file-3.5.3.jar:/home/runner/.m2/repository/io/quarkus/quarkus-bootstrap-gradle-resolver/3.20.1/quarkus-bootstrap-gradle-resolver-3.20.1.jar:/home/runner/.m2/repository/io/smallrye/jandex/3.3.0/jandex-3.3.0.jar:/home/runner/.m2/repository/org/jboss/logging/commons-logging-jboss-logging/1.0.0.Final/commons-logging-jboss-logging-1.0.0.Final.jar:/home/runner/.m2/repository/io/quarkus/quarkus-junit5-config/3.20.1/quarkus-junit5-config-3.20.1.jar:/home/runner/.m2/repository/org/junit/jupiter/junit-jupiter-api/5.12.1/junit-jupiter-api-5.12.1.jar:/home/runner/.m2/repository/io/smallrye/config/smallrye-config/3.11.4/smallrye-config-3.11.4.jar:/home/runner/.m2/repository/io/smallrye/config/smallrye-config-core/3.11.4/smallrye-config-core-3.11.4.jar:/home/runner/.m2/repository/io/smallrye/common/smallrye-common-classloader/2.12.0/smallrye-common-classloader-2.12.0.jar:/home/runner/.m2/repository/io/smallrye/config/smallrye-config-common/3.11.4/smallrye-config-common-3.11.4.jar:/home/runner/.m2/repository/org/junit/jupiter/junit-jupiter/5.12.1/junit-jupiter-5.12.1.jar:/home/runner/.m2/repository/org/junit/jupiter/junit-jupiter-params/5.12.1/junit-jupiter-params-5.12.1.jar:/home/runner/.m2/repository/org/junit/jupiter/junit-jupiter-engine/5.12.1/junit-jupiter-engine-5.12.1.jar:/home/runner/.m2/repository/io/quarkus/quarkus-core/3.20.1/quarkus-core-3.20.1.jar:/home/runner/.m2/repository/jakarta/enterprise/jakarta.enterprise.cdi-api/4.1.0/jakarta.enterprise.cdi-api-4.1.0.jar:/home/runner/.m2/repository/jakarta/enterprise/jakarta.enterprise.lang-model/4.1.0/jakarta.enterprise.lang-model-4.1.0.jar:/home/runner/.m2/repository/jakarta/el/jakarta.el-api/5.0.1/jakarta.el-api-5.0.1.jar:/home/runner/.m2/repository/jakarta/interceptor/jakarta.interceptor-api/2.2.0/jakarta.interceptor-api-2.2.0.jar:/home/runner/.m2/repository/jakarta/inject/jakarta.inject-api/2.0.1/jakarta.inject-api-2.0.1.jar:/home/runner/.m2/repository/io/smallrye/common/smallrye-common-os/2.12.0/smallrye-common-os-2.12.0.jar:/home/runner/.m2/repository/io/quarkus/quarkus-ide-launcher/3.20.1/quarkus-ide-launcher-3.20.1.jar:/home/runner/.m2/repository/io/quarkus/quarkus-development-mode-spi/3.20.1/quarkus-development-mode-spi-3.20.1.jar:/home/runner/.m2/repository/org/jboss/logging/jboss-logging/3.6.1.Final/jboss-logging-3.6.1.Final.jar:/home/runner/.m2/repository/org/jboss/logmanager/jboss-logmanager/3.1.2.Final/jboss-logmanager-3.1.2.Final.jar:/home/runner/.m2/repository/io/smallrye/common/smallrye-common-constraint/2.12.0/smallrye-common-constraint-2.12.0.jar:/home/runner/.m2/repository/io/smallrye/common/smallrye-common-cpu/2.12.0/smallrye-common-cpu-2.12.0.jar:/home/runner/.m2/repository/io/smallrye/common/smallrye-common-expression/2.12.0/smallrye-common-expression-2.12.0.jar:/home/runner/.m2/repository/io/smallrye/common/smallrye-common-net/2.12.0/smallrye-common-net-2.12.0.jar:/home/runner/.m2/repository/io/smallrye/common/smallrye-common-ref/2.12.0/smallrye-common-ref-2.12.0.jar:/home/runner/.m2/repository/jakarta/json/jakarta.json-api/2.1.3/jakarta.json-api-2.1.3.jar:/home/runner/.m2/repository/org/eclipse/parsson/parsson/1.1.7/parsson-1.1.7.jar:/home/runner/.m2/repository/org/jboss/logging/jboss-logging-annotations/3.0.4.Final/jboss-logging-annotations-3.0.4.Final.jar:/home/runner/.m2/repository/org/jboss/threads/jboss-threads/3.8.0.Final/jboss-threads-3.8.0.Final.jar:/home/runner/.m2/repository/io/smallrye/common/smallrye-common-annotation/2.12.0/smallrye-common-annotation-2.12.0.jar:/home/runner/.m2/repository/io/smallrye/common/smallrye-common-function/2.12.0/smallrye-common-function-2.12.0.jar:/home/runner/.m2/repository/org/jboss/slf4j/slf4j-jboss-logmanager/2.0.0.Final/slf4j-jboss-logmanager-2.0.0.Final.jar:/home/runner/.m2/repository/org/wildfly/common/wildfly-common/2.0.1/wildfly-common-2.0.1.jar:/home/runner/.m2/repository/io/quarkus/quarkus-bootstrap-runner/3.20.1/quarkus-bootstrap-runner-3.20.1.jar:/home/runner/.m2/repository/io/github/crac/org-crac/0.1.3/org-crac-0.1.3.jar:/home/runner/.m2/repository/io/quarkus/quarkus-fs-util/0.0.10/quarkus-fs-util-0.0.10.jar:/home/runner/.m2/repository/org/jboss/marshalling/jboss-marshalling/2.2.2.Final/jboss-marshalling-2.2.2.Final.jar:/home/runner/.m2/repository/io/fabric8/kubernetes-client/7.1.0/kubernetes-client-7.1.0.jar:/home/runner/.m2/repository/io/fabric8/kubernetes-client-api/7.1.0/kubernetes-client-api-7.1.0.jar:/home/runner/.m2/repository/io/fabric8/kubernetes-model-core/7.1.0/kubernetes-model-core-7.1.0.jar:/home/runner/.m2/repository/io/fabric8/kubernetes-model-common/7.1.0/kubernetes-model-common-7.1.0.jar:/home/runner/.m2/repository/javax/annotation/javax.annotation-api/1.3.2/javax.annotation-api-1.3.2.jar:/home/runner/.m2/repository/io/fabric8/kubernetes-model-gatewayapi/7.1.0/kubernetes-model-gatewayapi-7.1.0.jar:/home/runner/.m2/repository/io/fabric8/kubernetes-model-resource/7.1.0/kubernetes-model-resource-7.1.0.jar:/home/runner/.m2/repository/io/fabric8/kubernetes-model-rbac/7.1.0/kubernetes-model-rbac-7.1.0.jar:/home/runner/.m2/repository/io/fabric8/kubernetes-model-admissionregistration/7.1.0/kubernetes-model-admissionregistration-7.1.0.jar:/home/runner/.m2/repository/io/fabric8/kubernetes-model-apps/7.1.0/kubernetes-model-apps-7.1.0.jar:/home/runner/.m2/repository/io/fabric8/kubernetes-model-autoscaling/7.1.0/kubernetes-model-autoscaling-7.1.0.jar:/home/runner/.m2/repository/io/fabric8/kubernetes-model-apiextensions/7.1.0/kubernetes-model-apiextensions-7.1.0.jar:/home/runner/.m2/repository/io/fabric8/kubernetes-model-batch/7.1.0/kubernetes-model-batch-7.1.0.jar:/home/runner/.m2/repository/io/fabric8/kubernetes-model-certificates/7.1.0/kubernetes-model-certificates-7.1.0.jar:/home/runner/.m2/repository/io/fabric8/kubernetes-model-coordination/7.1.0/kubernetes-model-coordination-7.1.0.jar:/home/runner/.m2/repository/io/fabric8/kubernetes-model-discovery/7.1.0/kubernetes-model-discovery-7.1.0.jar:/home/runner/.m2/repository/io/fabric8/kubernetes-model-events/7.1.0/kubernetes-model-events-7.1.0.jar:/home/runner/.m2/repository/io/fabric8/kubernetes-model-extensions/7.1.0/kubernetes-model-extensions-7.1.0.jar:/home/runner/.m2/repository/io/fabric8/kubernetes-model-flowcontrol/7.1.0/kubernetes-model-flowcontrol-7.1.0.jar:/home/runner/.m2/repository/io/fabric8/kubernetes-model-networking/7.1.0/kubernetes-model-networking-7.1.0.jar:/home/runner/.m2/repository/io/fabric8/kubernetes-model-metrics/7.1.0/kubernetes-model-metrics-7.1.0.jar:/home/runner/.m2/repository/io/fabric8/kubernetes-model-policy/7.1.0/kubernetes-model-policy-7.1.0.jar:/home/runner/.m2/repository/io/fabric8/kubernetes-model-scheduling/7.1.0/kubernetes-model-scheduling-7.1.0.jar:/home/runner/.m2/repository/io/fabric8/kubernetes-model-storageclass/7.1.0/kubernetes-model-storageclass-7.1.0.jar:/home/runner/.m2/repository/io/fabric8/kubernetes-model-node/7.1.0/kubernetes-model-node-7.1.0.jar:/home/runner/.m2/repository/org/snakeyaml/snakeyaml-engine/2.9/snakeyaml-engine-2.9.jar:/home/runner/.m2/repository/com/fasterxml/jackson/dataformat/jackson-dataformat-yaml/2.15.2/jackson-dataformat-yaml-2.15.2.jar:/home/runner/.m2/repository/com/fasterxml/jackson/datatype/jackson-datatype-jsr310/2.18.2/jackson-datatype-jsr310-2.18.2.jar:/home/runner/.m2/repository/io/fabric8/zjsonpatch/7.1.0/zjsonpatch-7.1.0.jar:/home/runner/.m2/repository/io/fabric8/kubernetes-httpclient-vertx/7.1.0/kubernetes-httpclient-vertx-7.1.0.jar:/home/runner/.m2/repository/io/vertx/vertx-web-client/4.5.14/vertx-web-client-4.5.14.jar:/home/runner/.m2/repository/io/vertx/vertx-web-common/4.5.14/vertx-web-common-4.5.14.jar:/home/runner/.m2/repository/io/vertx/vertx-auth-common/4.5.14/vertx-auth-common-4.5.14.jar:/home/runner/.m2/repository/io/vertx/vertx-uri-template/4.5.14/vertx-uri-template-4.5.14.jar:/home/runner/.m2/repository/io/fabric8/openshift-client/7.1.0/openshift-client-7.1.0.jar:/home/runner/.m2/repository/io/fabric8/openshift-client-api/7.1.0/openshift-client-api-7.1.0.jar:/home/runner/.m2/repository/io/fabric8/openshift-model/7.1.0/openshift-model-7.1.0.jar:/home/runner/.m2/repository/io/fabric8/openshift-model-autoscaling/7.1.0/openshift-model-autoscaling-7.1.0.jar:/home/runner/.m2/repository/io/fabric8/openshift-model-operator/7.1.0/openshift-model-operator-7.1.0.jar:/home/runner/.m2/repository/io/fabric8/openshift-model-operatorhub/7.1.0/openshift-model-operatorhub-7.1.0.jar:/home/runner/.m2/repository/io/fabric8/openshift-model-machine/7.1.0/openshift-model-machine-7.1.0.jar:/home/runner/.m2/repository/io/fabric8/openshift-model-whereabouts/7.1.0/openshift-model-whereabouts-7.1.0.jar:/home/runner/.m2/repository/io/fabric8/openshift-model-monitoring/7.1.0/openshift-model-monitoring-7.1.0.jar:/home/runner/.m2/repository/io/fabric8/openshift-model-storageversionmigrator/7.1.0/openshift-model-storageversionmigrator-7.1.0.jar:/home/runner/.m2/repository/io/fabric8/openshift-model-tuned/7.1.0/openshift-model-tuned-7.1.0.jar:/home/runner/.m2/repository/io/fabric8/openshift-model-console/7.1.0/openshift-model-console-7.1.0.jar:/home/runner/.m2/repository/io/fabric8/openshift-model-config/7.1.0/openshift-model-config-7.1.0.jar:/home/runner/.m2/repository/io/fabric8/openshift-model-machineconfiguration/7.1.0/openshift-model-machineconfiguration-7.1.0.jar:/home/runner/.m2/repository/io/fabric8/openshift-model-miscellaneous/7.1.0/openshift-model-miscellaneous-7.1.0.jar:/home/runner/.m2/repository/io/fabric8/openshift-model-hive/7.1.0/openshift-model-hive-7.1.0.jar:/home/runner/.m2/repository/io/fabric8/openshift-model-installer/7.1.0/openshift-model-installer-7.1.0.jar:/home/runner/.m2/repository/org/junit/platform/junit-platform-launcher/1.12.1/junit-platform-launcher-1.12.1.jar:/home/runner/.m2/repository/org/junit/platform/junit-platform-engine/1.12.1/junit-platform-engine-1.12.1.jar:/home/runner/.m2/repository/org/opentest4j/opentest4j/1.3.0/opentest4j-1.3.0.jar:/home/runner/.m2/repository/org/junit/platform/junit-platform-commons/1.12.1/junit-platform-commons-1.12.1.jar:/home/runner/.m2/repository/org/apiguardian/apiguardian-api/1.1.2/apiguardian-api-1.1.2.jar:/home/runner/.m2/repository/jakarta/ws/rs/jakarta.ws.rs-api/3.1.0/jakarta.ws.rs-api-3.1.0.jar:/home/runner/work/apicurio-testing/apicurio-testing/clusters/ci419/namespaces/inmemory/tests/integration/apicurio-registry/java-sdk/target/apicurio-registry-java-sdk-3.0.11-SNAPSHOT.jar:/home/runner/.m2/repository/com/microsoft/kiota/microsoft-kiota-abstractions/1.8.8/microsoft-kiota-abstractions-1.8.8.jar:/home/runner/.m2/repository/io/github/std-uritemplate/std-uritemplate/2.0.0/std-uritemplate-2.0.0.jar:/home/runner/.m2/repository/io/kiota/kiota-http-jdk/0.0.21/kiota-http-jdk-0.0.21.jar:/home/runner/.m2/repository/io/kiota/kiota-http-vertx/0.0.21/kiota-http-vertx-0.0.21.jar:/home/runner/.m2/repository/io/kiota/kiota-serialization-jackson/0.0.21/kiota-serialization-jackson-0.0.21.jar:/home/runner/.m2/repository/com/microsoft/kiota/microsoft-kiota-serialization-text/1.8.8/microsoft-kiota-serialization-text-1.8.8.jar:/home/runner/.m2/repository/com/microsoft/kiota/microsoft-kiota-serialization-form/1.8.8/microsoft-kiota-serialization-form-1.8.8.jar:/home/runner/.m2/repository/com/microsoft/kiota/microsoft-kiota-serialization-multipart/1.8.8/microsoft-kiota-serialization-multipart-1.8.8.jar:/home/runner/.m2/repository/jakarta/annotation/jakarta.annotation-api/3.0.0/jakarta.annotation-api-3.0.0.jar:/home/runner/.m2/repository/io/vertx/vertx-auth-oauth2/4.5.14/vertx-auth-oauth2-4.5.14.jar:/home/runner/work/apicurio-testing/apicurio-testing/clusters/ci419/namespaces/inmemory/tests/integration/apicurio-registry/java-sdk-v2/target/apicurio-registry-v2-java-sdk-3.0.11-SNAPSHOT.jar:/home/runner/work/apicurio-testing/apicurio-testing/clusters/ci419/namespaces/inmemory/tests/integration/apicurio-registry/utils/kafka/target/apicurio-registry-utils-kafka-3.0.11-SNAPSHOT-tests.jar:/home/runner/.m2/repository/org/eclipse/microprofile/config/microprofile-config-api/3.1/microprofile-config-api-3.1.jar:/home/runner/.m2/repository/org/apache/kafka/kafka-clients/3.9.1/kafka-clients-3.9.1.jar:/home/runner/.m2/repository/com/github/luben/zstd-jni/1.5.6-4/zstd-jni-1.5.6-4.jar:/home/runner/.m2/repository/org/lz4/lz4-java/1.8.0/lz4-java-1.8.0.jar:/home/runner/.m2/repository/org/xerial/snappy/snappy-java/1.1.10.5/snappy-java-1.1.10.5.jar:/home/runner/.m2/repository/org/slf4j/slf4j-api/2.0.6/slf4j-api-2.0.6.jar:/home/runner/work/apicurio-testing/apicurio-testing/clusters/ci419/namespaces/inmemory/tests/integration/apicurio-registry/utils/tests/target/apicurio-registry-utils-tests-3.0.11-SNAPSHOT.jar:/home/runner/work/apicurio-testing/apicurio-testing/clusters/ci419/namespaces/inmemory/tests/integration/apicurio-registry/common/target/apicurio-registry-common-3.0.11-SNAPSHOT.jar:/home/runner/.m2/repository/jakarta/validation/jakarta.validation-api/3.0.2/jakarta.validation-api-3.0.2.jar:/home/runner/.m2/repository/com/github/dasniko/testcontainers-keycloak/3.6.0/testcontainers-keycloak-3.6.0.jar:/home/runner/.m2/repository/org/testcontainers/testcontainers/1.20.6/testcontainers-1.20.6.jar:/home/runner/.m2/repository/org/rnorth/duct-tape/duct-tape/1.0.8/duct-tape-1.0.8.jar:/home/runner/.m2/repository/org/jetbrains/annotations/26.0.2/annotations-26.0.2.jar:/home/runner/.m2/repository/com/github/docker-java/docker-java-transport-zerodep/3.4.1/docker-java-transport-zerodep-3.4.1.jar:/home/runner/.m2/repository/com/github/docker-java/docker-java-transport/3.4.1/docker-java-transport-3.4.1.jar:/home/runner/.m2/repository/net/java/dev/jna/jna/5.8.0/jna-5.8.0.jar:/home/runner/.m2/repository/io/quarkus/quarkus-junit4-mock/3.20.1/quarkus-junit4-mock-3.20.1.jar:/home/runner/.m2/repository/org/jboss/shrinkwrap/shrinkwrap-api/2.0.0-beta-2/shrinkwrap-api-2.0.0-beta-2.jar:/home/runner/.m2/repository/org/jboss/shrinkwrap/shrinkwrap-impl-base/2.0.0-beta-2/shrinkwrap-impl-base-2.0.0-beta-2.jar:/home/runner/.m2/repository/org/jboss/shrinkwrap/shrinkwrap-spi/2.0.0-beta-2/shrinkwrap-spi-2.0.0-beta-2.jar:/home/runner/.m2/repository/org/keycloak/keycloak-admin-client/26.0.4/keycloak-admin-client-26.0.4.jar:/home/runner/.m2/repository/org/keycloak/keycloak-client-common-synced/26.0.4/keycloak-client-common-synced-26.0.4.jar:/home/runner/.m2/repository/jakarta/activation/jakarta.activation-api/2.1.3/jakarta.activation-api-2.1.3.jar:/home/runner/.m2/repository/org/eclipse/microprofile/openapi/microprofile-openapi-api/4.0.2/microprofile-openapi-api-4.0.2.jar:/home/runner/.m2/repository/org/jboss/resteasy/resteasy-client/6.2.12.Final/resteasy-client-6.2.12.Final.jar:/home/runner/.m2/repository/org/jboss/resteasy/resteasy-client-api/6.2.12.Final/resteasy-client-api-6.2.12.Final.jar:/home/runner/.m2/repository/org/jboss/resteasy/resteasy-core-spi/6.2.12.Final/resteasy-core-spi-6.2.12.Final.jar:/home/runner/.m2/repository/org/jboss/resteasy/resteasy-core/6.2.12.Final/resteasy-core-6.2.12.Final.jar:/home/runner/.m2/repository/org/eclipse/angus/angus-activation/2.0.2/angus-activation-2.0.2.jar:/home/runner/.m2/repository/com/ibm/async/asyncutil/0.1.0/asyncutil-0.1.0.jar:/home/runner/.m2/repository/org/reactivestreams/reactive-streams/1.0.4/reactive-streams-1.0.4.jar:/home/runner/.m2/repository/org/jboss/resteasy/resteasy-multipart-provider/6.2.12.Final/resteasy-multipart-provider-6.2.12.Final.jar:/home/runner/.m2/repository/jakarta/mail/jakarta.mail-api/2.1.3/jakarta.mail-api-2.1.3.jar:/home/runner/.m2/repository/org/eclipse/angus/angus-mail/2.0.3/angus-mail-2.0.3.jar:/home/runner/.m2/repository/org/apache/james/apache-mime4j-dom/0.8.12/apache-mime4j-dom-0.8.12.jar:/home/runner/.m2/repository/org/apache/james/apache-mime4j-core/0.8.12/apache-mime4j-core-0.8.12.jar:/home/runner/.m2/repository/org/apache/james/apache-mime4j-storage/0.8.12/apache-mime4j-storage-0.8.12.jar:/home/runner/.m2/repository/org/jboss/resteasy/resteasy-jackson2-provider/6.2.12.Final/resteasy-jackson2-provider-6.2.12.Final.jar:/home/runner/.m2/repository/com/fasterxml/jackson/jakarta/rs/jackson-jakarta-rs-base/2.18.2/jackson-jakarta-rs-base-2.18.2.jar:/home/runner/.m2/repository/com/fasterxml/jackson/jakarta/rs/jackson-jakarta-rs-json-provider/2.18.2/jackson-jakarta-rs-json-provider-2.18.2.jar:/home/runner/.m2/repository/com/fasterxml/jackson/module/jackson-module-jakarta-xmlbind-annotations/2.18.2/jackson-module-jakarta-xmlbind-annotations-2.18.2.jar:/home/runner/.m2/repository/com/github/java-json-tools/json-patch/1.13/json-patch-1.13.jar:/home/runner/.m2/repository/com/github/java-json-tools/msg-simple/1.2/msg-simple-1.2.jar:/home/runner/.m2/repository/com/github/java-json-tools/btf/1.3/btf-1.3.jar:/home/runner/.m2/repository/com/github/java-json-tools/jackson-coreutils/2.0/jackson-coreutils-2.0.jar:/home/runner/.m2/repository/org/jboss/resteasy/resteasy-jaxb-provider/6.2.12.Final/resteasy-jaxb-provider-6.2.12.Final.jar:/home/runner/.m2/repository/org/glassfish/jaxb/codemodel/4.0.5/codemodel-4.0.5.jar:/home/runner/.m2/repository/org/glassfish/jaxb/jaxb-core/4.0.5/jaxb-core-4.0.5.jar:/home/runner/.m2/repository/org/glassfish/jaxb/jaxb-jxc/4.0.5/jaxb-jxc-4.0.5.jar:/home/runner/.m2/repository/org/glassfish/jaxb/jaxb-runtime/4.0.5/jaxb-runtime-4.0.5.jar:/home/runner/.m2/repository/org/glassfish/jaxb/txw2/4.0.5/txw2-4.0.5.jar:/home/runner/.m2/repository/org/glassfish/jaxb/jaxb-xjc/4.0.5/jaxb-xjc-4.0.5.jar:/home/runner/.m2/repository/org/glassfish/jaxb/xsom/4.0.5/xsom-4.0.5.jar:/home/runner/.m2/repository/com/sun/istack/istack-commons-runtime/4.1.2/istack-commons-runtime-4.1.2.jar:/home/runner/.m2/repository/com/sun/istack/istack-commons-tools/4.1.2/istack-commons-tools-4.1.2.jar:/home/runner/.m2/repository/com/sun/xml/bind/external/relaxng-datatype/4.0.5/relaxng-datatype-4.0.5.jar:/home/runner/.m2/repository/com/sun/xml/bind/external/rngom/4.0.5/rngom-4.0.5.jar:/home/runner/.m2/repository/org/testcontainers/mssqlserver/1.20.6/mssqlserver-1.20.6.jar:/home/runner/.m2/repository/org/testcontainers/jdbc/1.20.6/jdbc-1.20.6.jar:/home/runner/.m2/repository/org/testcontainers/database-commons/1.20.6/database-commons-1.20.6.jar:/home/runner/.m2/repository/org/testcontainers/mysql/1.20.6/mysql-1.20.6.jar:/home/runner/.m2/repository/io/strimzi/strimzi-test-container/0.107.0/strimzi-test-container-0.107.0.jar:/home/runner/.m2/repository/org/testcontainers/toxiproxy/1.20.6/toxiproxy-1.20.6.jar:/home/runner/.m2/repository/com/github/docker-java/docker-java-api/3.4.1/docker-java-api-3.4.1.jar:/home/runner/.m2/repository/eu/rekawek/toxiproxy/toxiproxy-java/2.1.7/toxiproxy-java-2.1.7.jar:/home/runner/.m2/repository/junit/junit/4.13.2/junit-4.13.2.jar:/home/runner/.m2/repository/org/hamcrest/hamcrest-core/1.3/hamcrest-core-1.3.jar:/home/runner/.m2/repository/org/testcontainers/pulsar/1.20.4/pulsar-1.20.4.jar:/home/runner/.m2/repository/io/debezium/debezium-testing-testcontainers/2.6.2.Final/debezium-testing-testcontainers-2.6.2.Final.jar:/home/runner/.m2/repository/org/testcontainers/kafka/1.20.6/kafka-1.20.6.jar:/home/runner/.m2/repository/com/squareup/okhttp3/okhttp/4.8.1/okhttp-4.8.1.jar:/home/runner/.m2/repository/com/squareup/okio/okio/3.10.2/okio-3.10.2.jar:/home/runner/.m2/repository/com/squareup/okio/okio-jvm/3.10.2/okio-jvm-3.10.2.jar:/home/runner/.m2/repository/org/jetbrains/kotlin/kotlin-stdlib/2.0.21/kotlin-stdlib-2.0.21.jar:/home/runner/.m2/repository/org/awaitility/awaitility/4.2.2/awaitility-4.2.2.jar:/home/runner/.m2/repository/org/testcontainers/mongodb/1.20.6/mongodb-1.20.6.jar:/home/runner/.m2/repository/org/testcontainers/oracle-xe/1.20.6/oracle-xe-1.20.6.jar:/home/runner/.m2/repository/org/testcontainers/postgresql/1.20.6/postgresql-1.20.6.jar:/home/runner/.m2/repository/org/wiremock/wiremock/3.0.1/wiremock-3.0.1.jar:/home/runner/.m2/repository/org/eclipse/jetty/jetty-server/11.0.15/jetty-server-11.0.15.jar:/home/runner/.m2/repository/org/eclipse/jetty/toolchain/jetty-jakarta-servlet-api/5.0.2/jetty-jakarta-servlet-api-5.0.2.jar:/home/runner/.m2/repository/org/eclipse/jetty/jetty-http/11.0.15/jetty-http-11.0.15.jar:/home/runner/.m2/repository/org/eclipse/jetty/jetty-io/11.0.15/jetty-io-11.0.15.jar:/home/runner/.m2/repository/org/eclipse/jetty/jetty-servlet/11.0.15/jetty-servlet-11.0.15.jar:/home/runner/.m2/repository/org/eclipse/jetty/jetty-security/11.0.15/jetty-security-11.0.15.jar:/home/runner/.m2/repository/org/eclipse/jetty/jetty-servlets/11.0.15/jetty-servlets-11.0.15.jar:/home/runner/.m2/repository/org/eclipse/jetty/jetty-util/11.0.15/jetty-util-11.0.15.jar:/home/runner/.m2/repository/org/eclipse/jetty/jetty-webapp/11.0.15/jetty-webapp-11.0.15.jar:/home/runner/.m2/repository/org/eclipse/jetty/jetty-xml/11.0.15/jetty-xml-11.0.15.jar:/home/runner/.m2/repository/org/eclipse/jetty/jetty-proxy/11.0.15/jetty-proxy-11.0.15.jar:/home/runner/.m2/repository/org/eclipse/jetty/jetty-client/11.0.15/jetty-client-11.0.15.jar:/home/runner/.m2/repository/org/eclipse/jetty/http2/http2-server/11.0.15/http2-server-11.0.15.jar:/home/runner/.m2/repository/org/eclipse/jetty/http2/http2-common/11.0.15/http2-common-11.0.15.jar:/home/runner/.m2/repository/org/eclipse/jetty/http2/http2-hpack/11.0.15/http2-hpack-11.0.15.jar:/home/runner/.m2/repository/org/eclipse/jetty/jetty-alpn-server/11.0.15/jetty-alpn-server-11.0.15.jar:/home/runner/.m2/repository/org/eclipse/jetty/jetty-alpn-java-server/11.0.15/jetty-alpn-java-server-11.0.15.jar:/home/runner/.m2/repository/org/eclipse/jetty/jetty-alpn-java-client/11.0.15/jetty-alpn-java-client-11.0.15.jar:/home/runner/.m2/repository/org/eclipse/jetty/jetty-alpn-client/11.0.15/jetty-alpn-client-11.0.15.jar:/home/runner/.m2/repository/org/apache/httpcomponents/client5/httpclient5/5.2.1/httpclient5-5.2.1.jar:/home/runner/.m2/repository/org/apache/httpcomponents/core5/httpcore5/5.2/httpcore5-5.2.jar:/home/runner/.m2/repository/org/apache/httpcomponents/core5/httpcore5-h2/5.2/httpcore5-h2-5.2.jar:/home/runner/.m2/repository/org/xmlunit/xmlunit-core/2.9.1/xmlunit-core-2.9.1.jar:/home/runner/.m2/repository/jakarta/xml/bind/jakarta.xml.bind-api/4.0.2/jakarta.xml.bind-api-4.0.2.jar:/home/runner/.m2/repository/org/xmlunit/xmlunit-legacy/2.9.1/xmlunit-legacy-2.9.1.jar:/home/runner/.m2/repository/org/xmlunit/xmlunit-placeholders/2.9.1/xmlunit-placeholders-2.9.1.jar:/home/runner/.m2/repository/net/javacrumbs/json-unit/json-unit-core/2.38.0/json-unit-core-2.38.0.jar:/home/runner/.m2/repository/com/jayway/jsonpath/json-path/2.8.0/json-path-2.8.0.jar:/home/runner/.m2/repository/net/minidev/json-smart/2.4.10/json-smart-2.4.10.jar:/home/runner/.m2/repository/net/minidev/accessors-smart/2.4.9/accessors-smart-2.4.9.jar:/home/runner/.m2/repository/org/ow2/asm/asm/9.7.1/asm-9.7.1.jar:/home/runner/.m2/repository/net/sf/jopt-simple/jopt-simple/5.0.4/jopt-simple-5.0.4.jar:/home/runner/.m2/repository/com/github/jknack/handlebars/4.3.1/handlebars-4.3.1.jar:/home/runner/.m2/repository/com/github/jknack/handlebars-helpers/4.3.1/handlebars-helpers-4.3.1.jar:/home/runner/.m2/repository/commons-fileupload/commons-fileupload/1.5/commons-fileupload-1.5.jar:/home/runner/.m2/repository/com/networknt/json-schema-validator/1.5.5/json-schema-validator-1.5.5.jar:/home/runner/.m2/repository/com/ethlo/time/itu/1.10.3/itu-1.10.3.jar:/home/runner/.m2/repository/io/quarkus/quarkus-smallrye-jwt-build/3.20.1/quarkus-smallrye-jwt-build-3.20.1.jar:/home/runner/.m2/repository/io/smallrye/smallrye-jwt-build/4.6.1/smallrye-jwt-build-4.6.1.jar:/home/runner/.m2/repository/org/eclipse/microprofile/jwt/microprofile-jwt-auth-api/2.1/microprofile-jwt-auth-api-2.1.jar:/home/runner/.m2/repository/org/bitbucket/b_c/jose4j/0.9.6/jose4j-0.9.6.jar:/home/runner/.m2/repository/io/smallrye/smallrye-jwt-common/4.6.1/smallrye-jwt-common-4.6.1.jar:/home/runner/.m2/repository/io/quarkus/quarkus-jsonp/3.20.1/quarkus-jsonp-3.20.1.jar:/home/runner/.m2/repository/io/quarkus/quarkus-arc/3.20.1/quarkus-arc-3.20.1.jar:/home/runner/.m2/repository/io/quarkus/arc/arc/3.20.1/arc-3.20.1.jar:/home/runner/.m2/repository/jakarta/transaction/jakarta.transaction-api/2.0.1/jakarta.transaction-api-2.0.1.jar:/home/runner/.m2/repository/io/smallrye/reactive/mutiny/2.8.0/mutiny-2.8.0.jar:/home/runner/.m2/repository/org/jctools/jctools-core/4.0.5/jctools-core-4.0.5.jar:/home/runner/.m2/repository/org/eclipse/microprofile/context-propagation/microprofile-context-propagation-api/1.3/microprofile-context-propagation-api-1.3.jar:/home/runner/.m2/repository/io/apicurio/apicurio-common-rest-client-common/0.1.18.Final/apicurio-common-rest-client-common-0.1.18.Final.jar:/home/runner/work/apicurio-testing/apicurio-testing/clusters/ci419/namespaces/inmemory/tests/integration/apicurio-registry/utils/maven-plugin/target/apicurio-registry-maven-plugin-3.0.11-SNAPSHOT.jar:/home/runner/.m2/repository/com/fasterxml/jackson/core/jackson-databind/2.18.2/jackson-databind-2.18.2.jar:/home/runner/.m2/repository/org/apache/avro/avro/1.12.0/avro-1.12.0.jar:/home/runner/.m2/repository/com/google/protobuf/protobuf-java/4.31.1/protobuf-java-4.31.1.jar:/home/runner/.m2/repository/com/google/protobuf/protobuf-java-util/4.31.1/protobuf-java-util-4.31.1.jar:/home/runner/.m2/repository/com/google/code/findbugs/jsr305/3.0.2/jsr305-3.0.2.jar:/home/runner/.m2/repository/com/google/code/gson/gson/2.12.1/gson-2.12.1.jar:/home/runner/.m2/repository/com/google/errorprone/error_prone_annotations/2.36.0/error_prone_annotations-2.36.0.jar:/home/runner/.m2/repository/com/google/j2objc/j2objc-annotations/2.8/j2objc-annotations-2.8.jar:/home/runner/work/apicurio-testing/apicurio-testing/clusters/ci419/namespaces/inmemory/tests/integration/apicurio-registry/schema-util/util-provider/target/apicurio-registry-schema-util-provider-3.0.11-SNAPSHOT.jar:/home/runner/work/apicurio-testing/apicurio-testing/clusters/ci419/namespaces/inmemory/tests/integration/apicurio-registry/schema-util/common/target/apicurio-registry-schema-util-common-3.0.11-SNAPSHOT.jar:/home/runner/.m2/repository/com/fasterxml/jackson/module/jackson-module-parameter-names/2.18.2/jackson-module-parameter-names-2.18.2.jar:/home/runner/.m2/repository/com/fasterxml/jackson/datatype/jackson-datatype-json-org/2.18.2/jackson-datatype-json-org-2.18.2.jar:/home/runner/work/apicurio-testing/apicurio-testing/clusters/ci419/namespaces/inmemory/tests/integration/apicurio-registry/schema-util/json/target/apicurio-registry-schema-util-json-3.0.11-SNAPSHOT.jar:/home/runner/.m2/repository/com/github/erosb/everit-json-schema/1.14.5/everit-json-schema-1.14.5.jar:/home/runner/.m2/repository/commons-validator/commons-validator/1.9.0/commons-validator-1.9.0.jar:/home/runner/.m2/repository/commons-digester/commons-digester/2.1/commons-digester-2.1.jar:/home/runner/.m2/repository/commons-collections/commons-collections/3.2.2/commons-collections-3.2.2.jar:/home/runner/.m2/repository/com/damnhandy/handy-uri-templates/2.1.8/handy-uri-templates-2.1.8.jar:/home/runner/.m2/repository/joda-time/joda-time/2.10.2/joda-time-2.10.2.jar:/home/runner/.m2/repository/com/github/erosb/json-sKema/0.20.0/json-sKema-0.20.0.jar:/home/runner/.m2/repository/io/vertx/vertx-json-schema/4.5.14/vertx-json-schema-4.5.14.jar:/home/runner/work/apicurio-testing/apicurio-testing/clusters/ci419/namespaces/inmemory/tests/integration/apicurio-registry/schema-util/protobuf/target/apicurio-registry-schema-util-protobuf-3.0.11-SNAPSHOT.jar:/home/runner/work/apicurio-testing/apicurio-testing/clusters/ci419/namespaces/inmemory/tests/integration/apicurio-registry/utils/protobuf-schema-utilities/target/apicurio-registry-protobuf-schema-utilities-3.0.11-SNAPSHOT.jar:/home/runner/.m2/repository/com/google/api/grpc/proto-google-common-protos/2.52.0/proto-google-common-protos-2.52.0.jar:/home/runner/.m2/repository/com/squareup/wire/wire-schema-jvm/5.3.3/wire-schema-jvm-5.3.3.jar:/home/runner/.m2/repository/com/palantir/javapoet/javapoet/0.6.0/javapoet-0.6.0.jar:/home/runner/.m2/repository/com/squareup/kotlinpoet-jvm/2.0.0/kotlinpoet-jvm-2.0.0.jar:/home/runner/.m2/repository/org/jetbrains/kotlin/kotlin-reflect/2.0.21/kotlin-reflect-2.0.21.jar:/home/runner/.m2/repository/com/squareup/wire/wire-runtime-jvm/5.3.3/wire-runtime-jvm-5.3.3.jar:/home/runner/.m2/repository/com/ibm/icu/icu4j/76.1/icu4j-76.1.jar:/home/runner/.m2/repository/com/squareup/okio/okio-fakefilesystem/3.10.2/okio-fakefilesystem-3.10.2.jar:/home/runner/.m2/repository/com/squareup/okio/okio-fakefilesystem-jvm/3.10.2/okio-fakefilesystem-jvm-3.10.2.jar:/home/runner/.m2/repository/org/jetbrains/kotlinx/kotlinx-datetime-jvm/0.6.1/kotlinx-datetime-jvm-0.6.1.jar:/home/runner/work/apicurio-testing/apicurio-testing/clusters/ci419/namespaces/inmemory/tests/integration/apicurio-registry/schema-util/asyncapi/target/apicurio-registry-schema-util-asyncapi-3.0.11-SNAPSHOT.jar:/home/runner/work/apicurio-testing/apicurio-testing/clusters/ci419/namespaces/inmemory/tests/integration/apicurio-registry/schema-util/avro/target/apicurio-registry-schema-util-avro-3.0.11-SNAPSHOT.jar:/home/runner/work/apicurio-testing/apicurio-testing/clusters/ci419/namespaces/inmemory/tests/integration/apicurio-registry/schema-util/graphql/target/apicurio-registry-schema-util-graphql-3.0.11-SNAPSHOT.jar:/home/runner/.m2/repository/com/graphql-java/graphql-java/22.3/graphql-java-22.3.jar:/home/runner/.m2/repository/com/graphql-java/java-dataloader/3.3.0/java-dataloader-3.3.0.jar:/home/runner/work/apicurio-testing/apicurio-testing/clusters/ci419/namespaces/inmemory/tests/integration/apicurio-registry/schema-util/kconnect/target/apicurio-registry-schema-util-kconnect-3.0.11-SNAPSHOT.jar:/home/runner/work/apicurio-testing/apicurio-testing/clusters/ci419/namespaces/inmemory/tests/integration/apicurio-registry/schema-util/openapi/target/apicurio-registry-schema-util-openapi-3.0.11-SNAPSHOT.jar:/home/runner/.m2/repository/io/apicurio/apicurio-data-models/2.2.1/apicurio-data-models-2.2.1.jar:/home/runner/.m2/repository/org/openapitools/openapidiff/openapi-diff-core/2.1.2/openapi-diff-core-2.1.2.jar:/home/runner/.m2/repository/io/swagger/parser/v3/swagger-parser/2.1.28/swagger-parser-2.1.28.jar:/home/runner/.m2/repository/io/swagger/parser/v3/swagger-parser-v2-converter/2.1.28/swagger-parser-v2-converter-2.1.28.jar:/home/runner/.m2/repository/io/swagger/swagger-core/1.6.16/swagger-core-1.6.16.jar:/home/runner/.m2/repository/io/swagger/swagger-models/1.6.16/swagger-models-1.6.16.jar:/home/runner/.m2/repository/io/swagger/swagger-annotations/1.6.16/swagger-annotations-1.6.16.jar:/home/runner/.m2/repository/io/swagger/swagger-parser/1.0.75/swagger-parser-1.0.75.jar:/home/runner/.m2/repository/io/swagger/swagger-parser-safe-url-resolver/1.0.75/swagger-parser-safe-url-resolver-1.0.75.jar:/home/runner/.m2/repository/io/swagger/swagger-compat-spec-parser/1.0.75/swagger-compat-spec-parser-1.0.75.jar:/home/runner/.m2/repository/com/github/java-json-tools/json-schema-validator/2.2.14/json-schema-validator-2.2.14.jar:/home/runner/.m2/repository/com/github/java-json-tools/jackson-coreutils-equivalence/1.0/jackson-coreutils-equivalence-1.0.jar:/home/runner/.m2/repository/com/github/java-json-tools/json-schema-core/1.2.14/json-schema-core-1.2.14.jar:/home/runner/.m2/repository/com/github/java-json-tools/uri-template/0.10/uri-template-0.10.jar:/home/runner/.m2/repository/com/googlecode/libphonenumber/libphonenumber/8.11.1/libphonenumber-8.11.1.jar:/home/runner/.m2/repository/com/j2html/j2html/1.6.0/j2html-1.6.0.jar:/home/runner/.m2/repository/org/apache/commons/commons-collections4/4.5.0/commons-collections4-4.5.0.jar:/home/runner/.m2/repository/org/apache/commons/commons-configuration2/2.12.0/commons-configuration2-2.12.0.jar:/home/runner/.m2/repository/org/apache/commons/commons-text/1.13.0/commons-text-1.13.0.jar:/home/runner/.m2/repository/org/slf4j/jcl-over-slf4j/2.0.17/jcl-over-slf4j-2.0.17.jar:/home/runner/.m2/repository/io/swagger/parser/v3/swagger-parser-v3/2.1.30/swagger-parser-v3-2.1.30.jar:/home/runner/.m2/repository/io/swagger/core/v3/swagger-models/2.2.34/swagger-models-2.2.34.jar:/home/runner/.m2/repository/io/swagger/core/v3/swagger-core/2.2.34/swagger-core-2.2.34.jar:/home/runner/.m2/repository/io/swagger/parser/v3/swagger-parser-core/2.1.30/swagger-parser-core-2.1.30.jar:/home/runner/.m2/repository/io/swagger/parser/v3/swagger-parser-safe-url-resolver/2.1.30/swagger-parser-safe-url-resolver-2.1.30.jar:/home/runner/work/apicurio-testing/apicurio-testing/clusters/ci419/namespaces/inmemory/tests/integration/apicurio-registry/schema-util/wsdl/target/apicurio-registry-schema-util-wsdl-3.0.11-SNAPSHOT.jar:/home/runner/.m2/repository/wsdl4j/wsdl4j/1.6.3/wsdl4j-1.6.3.jar:/home/runner/work/apicurio-testing/apicurio-testing/clusters/ci419/namespaces/inmemory/tests/integration/apicurio-registry/schema-util/xml/target/apicurio-registry-schema-util-xml-3.0.11-SNAPSHOT.jar:/home/runner/.m2/repository/org/apache/santuario/xmlsec/4.0.3/xmlsec-4.0.3.jar:/home/runner/.m2/repository/com/fasterxml/woodstox/woodstox-core/7.1.0/woodstox-core-7.1.0.jar:/home/runner/.m2/repository/org/codehaus/woodstox/stax2-api/4.2.2/stax2-api-4.2.2.jar:/home/runner/work/apicurio-testing/apicurio-testing/clusters/ci419/namespaces/inmemory/tests/integration/apicurio-registry/schema-util/xsd/target/apicurio-registry-schema-util-xsd-3.0.11-SNAPSHOT.jar:/home/runner/work/apicurio-testing/apicurio-testing/clusters/ci419/namespaces/inmemory/tests/integration/apicurio-registry/serdes/kafka/jsonschema-serde/target/apicurio-registry-jsonschema-serde-kafka-3.0.11-SNAPSHOT.jar:/home/runner/work/apicurio-testing/apicurio-testing/clusters/ci419/namespaces/inmemory/tests/integration/apicurio-registry/serdes/kafka/serde-kafka-common/target/apicurio-registry-serde-kafka-common-3.0.11-SNAPSHOT.jar:/home/runner/work/apicurio-testing/apicurio-testing/clusters/ci419/namespaces/inmemory/tests/integration/apicurio-registry/serdes/generic/serde-common/target/apicurio-registry-serde-common-3.0.11-SNAPSHOT.jar:/home/runner/work/apicurio-testing/apicurio-testing/clusters/ci419/namespaces/inmemory/tests/integration/apicurio-registry/serdes/generic/serde-common-jsonschema/target/apicurio-registry-serde-common-jsonschema-3.0.11-SNAPSHOT.jar:/home/runner/.m2/repository/org/json/json/20250107/json-20250107.jar:/home/runner/work/apicurio-testing/apicurio-testing/clusters/ci419/namespaces/inmemory/tests/integration/apicurio-registry/serdes/kafka/avro-serde/target/apicurio-registry-avro-serde-kafka-3.0.11-SNAPSHOT.jar:/home/runner/work/apicurio-testing/apicurio-testing/clusters/ci419/namespaces/inmemory/tests/integration/apicurio-registry/serdes/generic/serde-common-avro/target/apicurio-registry-serde-common-avro-3.0.11-SNAPSHOT.jar:/home/runner/work/apicurio-testing/apicurio-testing/clusters/ci419/namespaces/inmemory/tests/integration/apicurio-registry/serdes/kafka/protobuf-serde/target/apicurio-registry-protobuf-serde-kafka-3.0.11-SNAPSHOT.jar:/home/runner/work/apicurio-testing/apicurio-testing/clusters/ci419/namespaces/inmemory/tests/integration/apicurio-registry/serdes/generic/serde-common-protobuf/target/apicurio-registry-serde-common-protobuf-3.0.11-SNAPSHOT.jar:/home/runner/.m2/repository/com/squareup/wire/wire-schema/5.3.3/wire-schema-5.3.3.jar:/home/runner/.m2/repository/com/squareup/wire/wire-runtime/5.3.3/wire-runtime-5.3.3.jar:/home/runner/work/apicurio-testing/apicurio-testing/clusters/ci419/namespaces/inmemory/tests/integration/apicurio-registry/serdes/pulsar/avro-serde/target/apicurio-registry-avro-serde-pulsar-3.0.11-SNAPSHOT.jar:/home/runner/.m2/repository/org/apache/pulsar/pulsar-functions-api/3.3.4/pulsar-functions-api-3.3.4.jar:/home/runner/work/apicurio-testing/apicurio-testing/clusters/ci419/namespaces/inmemory/tests/integration/apicurio-registry/serdes/nats/avro-serde/target/apicurio-registry-avro-serde-nats-3.0.11-SNAPSHOT.jar:/home/runner/.m2/repository/io/nats/jnats/2.20.5/jnats-2.20.5.jar:/home/runner/.m2/repository/net/i2p/crypto/eddsa/0.3.0/eddsa-0.3.0.jar:/home/runner/work/apicurio-testing/apicurio-testing/clusters/ci419/namespaces/inmemory/tests/integration/apicurio-registry/utils/converter/target/apicurio-registry-utils-converter-3.0.11-SNAPSHOT.jar:/home/runner/work/apicurio-testing/apicurio-testing/clusters/ci419/namespaces/inmemory/tests/integration/apicurio-registry/schema-resolver/target/apicurio-registry-schema-resolver-3.0.11-SNAPSHOT.jar:/home/runner/.m2/repository/org/apache/kafka/connect-api/3.9.1/connect-api-3.9.1.jar:/home/runner/.m2/repository/javax/ws/rs/javax.ws.rs-api/2.1.1/javax.ws.rs-api-2.1.1.jar:/home/runner/.m2/repository/org/apache/kafka/connect-json/3.9.1/connect-json-3.9.1.jar:/home/runner/.m2/repository/com/fasterxml/jackson/datatype/jackson-datatype-jdk8/2.18.2/jackson-datatype-jdk8-2.18.2.jar:/home/runner/.m2/repository/com/fasterxml/jackson/module/jackson-module-afterburner/2.18.2/jackson-module-afterburner-2.18.2.jar:/home/runner/work/apicurio-testing/apicurio-testing/clusters/ci419/namespaces/inmemory/tests/integration/apicurio-registry/utils/kafka/target/apicurio-registry-utils-kafka-3.0.11-SNAPSHOT.jar:/home/runner/.m2/repository/org/apache/pulsar/pulsar-client/3.3.4/pulsar-client-3.3.4.jar:/home/runner/.m2/repository/org/apache/pulsar/pulsar-client-api/3.3.4/pulsar-client-api-3.3.4.jar:/home/runner/.m2/repository/org/apache/pulsar/pulsar-client-admin-api/3.3.4/pulsar-client-admin-api-3.3.4.jar:/home/runner/.m2/repository/org/apache/pulsar/bouncy-castle-bc/3.3.4/bouncy-castle-bc-3.3.4-pkg.jar:/home/runner/.m2/repository/org/bouncycastle/bcpkix-jdk18on/1.80/bcpkix-jdk18on-1.80.jar:/home/runner/.m2/repository/org/bouncycastle/bcutil-jdk18on/1.80/bcutil-jdk18on-1.80.jar:/home/runner/.m2/repository/org/bouncycastle/bcprov-jdk18on/1.80/bcprov-jdk18on-1.80.jar:/home/runner/.m2/repository/io/opentelemetry/opentelemetry-api/1.44.1/opentelemetry-api-1.44.1.jar:/home/runner/.m2/repository/io/opentelemetry/opentelemetry-context/1.44.1/opentelemetry-context-1.44.1.jar:/home/runner/.m2/repository/io/opentelemetry/opentelemetry-api-incubator/1.44.1-alpha/opentelemetry-api-incubator-1.44.1-alpha.jar:/home/runner/.m2/repository/com/fasterxml/jackson/core/jackson-annotations/2.18.2/jackson-annotations-2.18.2.jar:/home/runner/.m2/repository/javax/validation/validation-api/1.1.0.Final/validation-api-1.1.0.Final.jar:/home/runner/.m2/repository/io/confluent/kafka-avro-serializer/8.0.0/kafka-avro-serializer-8.0.0.jar:/home/runner/.m2/repository/org/apache/commons/commons-compress/1.27.1/commons-compress-1.27.1.jar:/home/runner/.m2/repository/io/confluent/kafka-schema-serializer/8.0.0/kafka-schema-serializer-8.0.0.jar:/home/runner/.m2/repository/com/fasterxml/jackson/dataformat/jackson-dataformat-csv/2.18.2/jackson-dataformat-csv-2.18.2.jar:/home/runner/.m2/repository/io/confluent/kafka-schema-registry-client/8.0.0/kafka-schema-registry-client-8.0.0.jar:/home/runner/.m2/repository/org/yaml/snakeyaml/2.3/snakeyaml-2.3.jar:/home/runner/.m2/repository/io/swagger/core/v3/swagger-annotations/2.2.29/swagger-annotations-2.2.29.jar:/home/runner/.m2/repository/com/google/guava/guava/33.4.0-jre/guava-33.4.0-jre.jar:/home/runner/.m2/repository/com/google/guava/failureaccess/1.0.1/failureaccess-1.0.1.jar:/home/runner/.m2/repository/org/checkerframework/checker-qual/3.49.0/checker-qual-3.49.0.jar:/home/runner/.m2/repository/io/confluent/logredactor/1.0.13/logredactor-1.0.13.jar:/home/runner/.m2/repository/com/google/re2j/re2j/1.6/re2j-1.6.jar:/home/runner/.m2/repository/io/confluent/logredactor-metrics/1.0.13/logredactor-metrics-1.0.13.jar:/home/runner/.m2/repository/com/eclipsesource/minimal-json/minimal-json/0.9.5/minimal-json-0.9.5.jar:/home/runner/.m2/repository/io/confluent/common-utils/8.0.0/common-utils-8.0.0.jar:/home/runner/.m2/repository/io/confluent/kafka-connect-avro-converter/8.0.0/kafka-connect-avro-converter-8.0.0.jar:/home/runner/.m2/repository/io/confluent/kafka-connect-avro-data/8.0.0/kafka-connect-avro-data-8.0.0.jar:/home/runner/.m2/repository/io/confluent/kafka-schema-converter/8.0.0/kafka-schema-converter-8.0.0.jar:/home/runner/.m2/repository/io/rest-assured/rest-assured/5.5.1/rest-assured-5.5.1.jar:/home/runner/.m2/repository/org/apache/groovy/groovy/4.0.22/groovy-4.0.22.jar:/home/runner/.m2/repository/org/apache/groovy/groovy-xml/4.0.22/groovy-xml-4.0.22.jar:/home/runner/.m2/repository/org/apache/httpcomponents/httpclient/4.5.14/httpclient-4.5.14.jar:/home/runner/.m2/repository/org/apache/httpcomponents/httpcore/4.4.16/httpcore-4.4.16.jar:/home/runner/.m2/repository/org/apache/httpcomponents/httpmime/4.5.14/httpmime-4.5.14.jar:/home/runner/.m2/repository/org/hamcrest/hamcrest/2.2/hamcrest-2.2.jar:/home/runner/.m2/repository/org/ccil/cowan/tagsoup/tagsoup/1.2.1/tagsoup-1.2.1.jar:/home/runner/.m2/repository/io/rest-assured/json-path/5.5.1/json-path-5.5.1.jar:/home/runner/.m2/repository/org/apache/groovy/groovy-json/4.0.22/groovy-json-4.0.22.jar:/home/runner/.m2/repository/io/rest-assured/rest-assured-common/5.5.1/rest-assured-common-5.5.1.jar:/home/runner/.m2/repository/io/rest-assured/xml-path/5.5.1/xml-path-5.5.1.jar:/home/runner/.m2/repository/io/zonky/test/embedded-postgres/2.1.0/embedded-postgres-2.1.0.jar:/home/runner/.m2/repository/io/zonky/test/postgres/embedded-postgres-binaries-windows-amd64/14.15.0/embedded-postgres-binaries-windows-amd64-14.15.0.jar:/home/runner/.m2/repository/io/zonky/test/postgres/embedded-postgres-binaries-darwin-amd64/14.15.0/embedded-postgres-binaries-darwin-amd64-14.15.0.jar:/home/runner/.m2/repository/io/zonky/test/postgres/embedded-postgres-binaries-linux-amd64/14.15.0/embedded-postgres-binaries-linux-amd64-14.15.0.jar:/home/runner/.m2/repository/io/zonky/test/postgres/embedded-postgres-binaries-linux-amd64-alpine/14.15.0/embedded-postgres-binaries-linux-amd64-alpine-14.15.0.jar:/home/runner/.m2/repository/org/apache/commons/commons-lang3/3.17.0/commons-lang3-3.17.0.jar:/home/runner/.m2/repository/org/tukaani/xz/1.10/xz-1.10.jar:/home/runner/.m2/repository/commons-codec/commons-codec/1.18.0/commons-codec-1.18.0.jar:/home/runner/.m2/repository/org/postgresql/postgresql/42.7.5/postgresql-42.7.5.jar:/home/runner/.m2/repository/commons-io/commons-io/2.18.0/commons-io-2.18.0.jar:/home/runner/work/apicurio-testing/apicurio-testing/clusters/ci419/namespaces/inmemory/tests/integration/apicurio-registry/utils/importexport/target/apicurio-registry-utils-import-export-3.0.11-SNAPSHOT.jar:/home/runner/.m2/repository/io/vertx/vertx-core/4.5.14/vertx-core-4.5.14.jar:/home/runner/.m2/repository/io/netty/netty-common/4.1.119.Final/netty-common-4.1.119.Final.jar:/home/runner/.m2/repository/io/netty/netty-buffer/4.1.119.Final/netty-buffer-4.1.119.Final.jar:/home/runner/.m2/repository/io/netty/netty-transport/4.1.119.Final/netty-transport-4.1.119.Final.jar:/home/runner/.m2/repository/io/netty/netty-handler/4.1.119.Final/netty-handler-4.1.119.Final.jar:/home/runner/.m2/repository/io/netty/netty-transport-native-unix-common/4.1.119.Final/netty-transport-native-unix-common-4.1.119.Final.jar:/home/runner/.m2/repository/io/netty/netty-codec/4.1.119.Final/netty-codec-4.1.119.Final.jar:/home/runner/.m2/repository/io/netty/netty-handler-proxy/4.1.119.Final/netty-handler-proxy-4.1.119.Final.jar:/home/runner/.m2/repository/io/netty/netty-codec-socks/4.1.119.Final/netty-codec-socks-4.1.119.Final.jar:/home/runner/.m2/repository/io/netty/netty-codec-http/4.1.119.Final/netty-codec-http-4.1.119.Final.jar:/home/runner/.m2/repository/io/netty/netty-codec-http2/4.1.119.Final/netty-codec-http2-4.1.119.Final.jar:/home/runner/.m2/repository/io/netty/netty-resolver/4.1.119.Final/netty-resolver-4.1.119.Final.jar:/home/runner/.m2/repository/io/netty/netty-resolver-dns/4.1.119.Final/netty-resolver-dns-4.1.119.Final.jar:/home/runner/.m2/repository/io/netty/netty-codec-dns/4.1.119.Final/netty-codec-dns-4.1.119.Final.jar:/home/runner/.m2/repository/com/fasterxml/jackson/core/jackson-core/2.18.2/jackson-core-2.18.2.jar:"/>
    <property name="java.vm.vendor" value="Eclipse Adoptium"/>
    <property name="maven.javadoc.skip" value="true"/>
    <property name="sun.arch.data.model" value="64"/>
    <property name="java.vendor.url" value="https://adoptium.net/"/>
    <property name="user.timezone" value="Etc/UTC"/>
    <property name="os.name" value="Linux"/>
    <property name="java.vm.specification.version" value="17"/>
    <property name="sun.java.launcher" value="SUN_STANDARD"/>
    <property name="quarkus.http.test-port" value="80"/>
    <property name="sun.boot.library.path" value="/usr/lib/jvm/temurin-17-jdk-amd64/lib"/>
    <property name="sun.java.command" value="/home/runner/work/apicurio-testing/apicurio-testing/clusters/ci419/namespaces/inmemory/tests/integration/apicurio-registry/integration-tests/target/surefire/surefirebooter-20250731203944216_3.jar /home/runner/work/apicurio-testing/apicurio-testing/clusters/ci419/namespaces/inmemory/tests/integration/apicurio-registry/integration-tests/target/surefire 2025-07-31T20-39-44_144-jvmRun1 surefire-20250731203944216_1tmp surefire_0-20250731203944216_2tmp"/>
    <property name="maven.home" value="/home/runner/.m2/wrapper/dists/apache-maven-3.9.8-bin/4fnp1ql35bgk2a0p7m31ovbgb0/apache-maven-3.9.8"/>
    <property name="jdk.debug" value="release"/>
    <property name="surefire.test.class.path" value="/home/runner/work/apicurio-testing/apicurio-testing/clusters/ci419/namespaces/inmemory/tests/integration/apicurio-registry/integration-tests/target/test-classes:/home/runner/work/apicurio-testing/apicurio-testing/clusters/ci419/namespaces/inmemory/tests/integration/apicurio-registry/integration-tests/target/apicurio-registry-integration-tests-3.0.11-SNAPSHOT.jar:/home/runner/.m2/repository/io/quarkus/quarkus-junit5/3.20.1/quarkus-junit5-3.20.1.jar:/home/runner/.m2/repository/io/quarkus/quarkus-bootstrap-core/3.20.1/quarkus-bootstrap-core-3.20.1.jar:/home/runner/.m2/repository/io/quarkus/quarkus-classloader-commons/3.20.1/quarkus-classloader-commons-3.20.1.jar:/home/runner/.m2/repository/io/quarkus/quarkus-bootstrap-app-model/3.20.1/quarkus-bootstrap-app-model-3.20.1.jar:/home/runner/.m2/repository/io/smallrye/common/smallrye-common-io/2.12.0/smallrye-common-io-2.12.0.jar:/home/runner/.m2/repository/org/eclipse/sisu/org.eclipse.sisu.inject/0.9.0.M3/org.eclipse.sisu.inject-0.9.0.M3.jar:/home/runner/.m2/repository/io/quarkus/quarkus-test-common/3.20.1/quarkus-test-common-3.20.1.jar:/home/runner/.m2/repository/io/quarkus/quarkus-core-deployment/3.20.1/quarkus-core-deployment-3.20.1.jar:/home/runner/.m2/repository/org/aesh/readline/2.6/readline-2.6.jar:/home/runner/.m2/repository/org/fusesource/jansi/jansi/2.4.0/jansi-2.4.0.jar:/home/runner/.m2/repository/org/aesh/aesh/2.8.2/aesh-2.8.2.jar:/home/runner/.m2/repository/io/quarkus/gizmo/gizmo/1.8.0/gizmo-1.8.0.jar:/home/runner/.m2/repository/org/ow2/asm/asm-util/9.7.1/asm-util-9.7.1.jar:/home/runner/.m2/repository/org/ow2/asm/asm-analysis/9.7.1/asm-analysis-9.7.1.jar:/home/runner/.m2/repository/org/ow2/asm/asm-commons/9.7.1/asm-commons-9.7.1.jar:/home/runner/.m2/repository/org/ow2/asm/asm-tree/9.7.1/asm-tree-9.7.1.jar:/home/runner/.m2/repository/io/quarkus/quarkus-hibernate-validator-spi/3.20.1/quarkus-hibernate-validator-spi-3.20.1.jar:/home/runner/.m2/repository/io/quarkus/quarkus-class-change-agent/3.20.1/quarkus-class-change-agent-3.20.1.jar:/home/runner/.m2/repository/io/quarkus/quarkus-devtools-utilities/3.20.1/quarkus-devtools-utilities-3.20.1.jar:/home/runner/.m2/repository/io/quarkus/quarkus-builder/3.20.1/quarkus-builder-3.20.1.jar:/home/runner/.m2/repository/org/graalvm/sdk/nativeimage/23.1.2/nativeimage-23.1.2.jar:/home/runner/.m2/repository/org/graalvm/sdk/word/23.1.2/word-23.1.2.jar:/home/runner/.m2/repository/io/quarkus/quarkus-bootstrap-maven-resolver/3.20.1/quarkus-bootstrap-maven-resolver-3.20.1.jar:/home/runner/.m2/repository/io/smallrye/beanbag/smallrye-beanbag-maven/1.5.2/smallrye-beanbag-maven-1.5.2.jar:/home/runner/.m2/repository/io/smallrye/beanbag/smallrye-beanbag-sisu/1.5.2/smallrye-beanbag-sisu-1.5.2.jar:/home/runner/.m2/repository/io/smallrye/beanbag/smallrye-beanbag/1.5.2/smallrye-beanbag-1.5.2.jar:/home/runner/.m2/repository/javax/inject/javax.inject/1/javax.inject-1.jar:/home/runner/.m2/repository/org/apache/maven/maven-artifact/3.9.9/maven-artifact-3.9.9.jar:/home/runner/.m2/repository/org/apache/maven/maven-builder-support/3.9.9/maven-builder-support-3.9.9.jar:/home/runner/.m2/repository/org/apache/maven/maven-model/3.9.9/maven-model-3.9.9.jar:/home/runner/.m2/repository/org/apache/maven/maven-model-builder/3.9.9/maven-model-builder-3.9.9.jar:/home/runner/.m2/repository/org/apache/maven/maven-repository-metadata/3.9.9/maven-repository-metadata-3.9.9.jar:/home/runner/.m2/repository/org/apache/maven/maven-settings/3.9.9/maven-settings-3.9.9.jar:/home/runner/.m2/repository/org/apache/maven/resolver/maven-resolver-api/1.9.22/maven-resolver-api-1.9.22.jar:/home/runner/.m2/repository/org/apache/maven/resolver/maven-resolver-impl/1.9.22/maven-resolver-impl-1.9.22.jar:/home/runner/.m2/repository/org/apache/maven/resolver/maven-resolver-named-locks/1.9.22/maven-resolver-named-locks-1.9.22.jar:/home/runner/.m2/repository/org/apache/maven/resolver/maven-resolver-spi/1.9.22/maven-resolver-spi-1.9.22.jar:/home/runner/.m2/repository/org/apache/maven/resolver/maven-resolver-util/1.9.22/maven-resolver-util-1.9.22.jar:/home/runner/.m2/repository/org/apache/maven/resolver/maven-resolver-transport-http/1.9.20/maven-resolver-transport-http-1.9.20.jar:/home/runner/.m2/repository/org/apache/maven/wagon/wagon-provider-api/3.5.3/wagon-provider-api-3.5.3.jar:/home/runner/.m2/repository/org/apache/maven/wagon/wagon-http-shared/3.5.3/wagon-http-shared-3.5.3.jar:/home/runner/.m2/repository/org/codehaus/plexus/plexus-interpolation/1.26/plexus-interpolation-1.26.jar:/home/runner/.m2/repository/org/codehaus/plexus/plexus-utils/3.5.1/plexus-utils-3.5.1.jar:/home/runner/.m2/repository/org/codehaus/plexus/plexus-xml/4.0.1/plexus-xml-4.0.1.jar:/home/runner/.m2/repository/org/apache/maven/maven-xml-impl/4.0.0-alpha-5/maven-xml-impl-4.0.0-alpha-5.jar:/home/runner/.m2/repository/org/apache/maven/maven-api-xml/4.0.0-alpha-5/maven-api-xml-4.0.0-alpha-5.jar:/home/runner/.m2/repository/org/apache/maven/maven-api-meta/4.0.0-alpha-5/maven-api-meta-4.0.0-alpha-5.jar:/home/runner/.m2/repository/org/codehaus/plexus/plexus-cipher/2.0/plexus-cipher-2.0.jar:/home/runner/.m2/repository/org/codehaus/plexus/plexus-sec-dispatcher/2.0/plexus-sec-dispatcher-2.0.jar:/home/runner/.m2/repository/org/apache/maven/maven-embedder/3.9.9/maven-embedder-3.9.9.jar:/home/runner/.m2/repository/org/apache/maven/maven-core/3.9.9/maven-core-3.9.9.jar:/home/runner/.m2/repository/org/codehaus/plexus/plexus-component-annotations/2.1.0/plexus-component-annotations-2.1.0.jar:/home/runner/.m2/repository/org/apache/maven/maven-plugin-api/3.9.9/maven-plugin-api-3.9.9.jar:/home/runner/.m2/repository/org/apache/maven/shared/maven-shared-utils/3.4.2/maven-shared-utils-3.4.2.jar:/home/runner/.m2/repository/com/google/inject/guice/5.1.0/guice-5.1.0.jar:/home/runner/.m2/repository/aopalliance/aopalliance/1.0/aopalliance-1.0.jar:/home/runner/.m2/repository/org/codehaus/plexus/plexus-classworlds/2.6.0/plexus-classworlds-2.6.0.jar:/home/runner/.m2/repository/commons-cli/commons-cli/1.8.0/commons-cli-1.8.0.jar:/home/runner/.m2/repository/org/eclipse/sisu/org.eclipse.sisu.plexus/0.9.0.M3/org.eclipse.sisu.plexus-0.9.0.M3.jar:/home/runner/.m2/repository/org/apache/maven/maven-settings-builder/3.9.9/maven-settings-builder-3.9.9.jar:/home/runner/.m2/repository/org/apache/maven/maven-resolver-provider/3.9.9/maven-resolver-provider-3.9.9.jar:/home/runner/.m2/repository/org/apache/maven/resolver/maven-resolver-connector-basic/1.9.22/maven-resolver-connector-basic-1.9.22.jar:/home/runner/.m2/repository/org/apache/maven/resolver/maven-resolver-transport-wagon/1.9.22/maven-resolver-transport-wagon-1.9.22.jar:/home/runner/.m2/repository/org/apache/maven/wagon/wagon-http/3.5.3/wagon-http-3.5.3.jar:/home/runner/.m2/repository/org/apache/maven/wagon/wagon-file/3.5.3/wagon-file-3.5.3.jar:/home/runner/.m2/repository/io/quarkus/quarkus-bootstrap-gradle-resolver/3.20.1/quarkus-bootstrap-gradle-resolver-3.20.1.jar:/home/runner/.m2/repository/io/smallrye/jandex/3.3.0/jandex-3.3.0.jar:/home/runner/.m2/repository/org/jboss/logging/commons-logging-jboss-logging/1.0.0.Final/commons-logging-jboss-logging-1.0.0.Final.jar:/home/runner/.m2/repository/io/quarkus/quarkus-junit5-config/3.20.1/quarkus-junit5-config-3.20.1.jar:/home/runner/.m2/repository/org/junit/jupiter/junit-jupiter-api/5.12.1/junit-jupiter-api-5.12.1.jar:/home/runner/.m2/repository/io/smallrye/config/smallrye-config/3.11.4/smallrye-config-3.11.4.jar:/home/runner/.m2/repository/io/smallrye/config/smallrye-config-core/3.11.4/smallrye-config-core-3.11.4.jar:/home/runner/.m2/repository/io/smallrye/common/smallrye-common-classloader/2.12.0/smallrye-common-classloader-2.12.0.jar:/home/runner/.m2/repository/io/smallrye/config/smallrye-config-common/3.11.4/smallrye-config-common-3.11.4.jar:/home/runner/.m2/repository/org/junit/jupiter/junit-jupiter/5.12.1/junit-jupiter-5.12.1.jar:/home/runner/.m2/repository/org/junit/jupiter/junit-jupiter-params/5.12.1/junit-jupiter-params-5.12.1.jar:/home/runner/.m2/repository/org/junit/jupiter/junit-jupiter-engine/5.12.1/junit-jupiter-engine-5.12.1.jar:/home/runner/.m2/repository/io/quarkus/quarkus-core/3.20.1/quarkus-core-3.20.1.jar:/home/runner/.m2/repository/jakarta/enterprise/jakarta.enterprise.cdi-api/4.1.0/jakarta.enterprise.cdi-api-4.1.0.jar:/home/runner/.m2/repository/jakarta/enterprise/jakarta.enterprise.lang-model/4.1.0/jakarta.enterprise.lang-model-4.1.0.jar:/home/runner/.m2/repository/jakarta/el/jakarta.el-api/5.0.1/jakarta.el-api-5.0.1.jar:/home/runner/.m2/repository/jakarta/interceptor/jakarta.interceptor-api/2.2.0/jakarta.interceptor-api-2.2.0.jar:/home/runner/.m2/repository/jakarta/inject/jakarta.inject-api/2.0.1/jakarta.inject-api-2.0.1.jar:/home/runner/.m2/repository/io/smallrye/common/smallrye-common-os/2.12.0/smallrye-common-os-2.12.0.jar:/home/runner/.m2/repository/io/quarkus/quarkus-ide-launcher/3.20.1/quarkus-ide-launcher-3.20.1.jar:/home/runner/.m2/repository/io/quarkus/quarkus-development-mode-spi/3.20.1/quarkus-development-mode-spi-3.20.1.jar:/home/runner/.m2/repository/org/jboss/logging/jboss-logging/3.6.1.Final/jboss-logging-3.6.1.Final.jar:/home/runner/.m2/repository/org/jboss/logmanager/jboss-logmanager/3.1.2.Final/jboss-logmanager-3.1.2.Final.jar:/home/runner/.m2/repository/io/smallrye/common/smallrye-common-constraint/2.12.0/smallrye-common-constraint-2.12.0.jar:/home/runner/.m2/repository/io/smallrye/common/smallrye-common-cpu/2.12.0/smallrye-common-cpu-2.12.0.jar:/home/runner/.m2/repository/io/smallrye/common/smallrye-common-expression/2.12.0/smallrye-common-expression-2.12.0.jar:/home/runner/.m2/repository/io/smallrye/common/smallrye-common-net/2.12.0/smallrye-common-net-2.12.0.jar:/home/runner/.m2/repository/io/smallrye/common/smallrye-common-ref/2.12.0/smallrye-common-ref-2.12.0.jar:/home/runner/.m2/repository/jakarta/json/jakarta.json-api/2.1.3/jakarta.json-api-2.1.3.jar:/home/runner/.m2/repository/org/eclipse/parsson/parsson/1.1.7/parsson-1.1.7.jar:/home/runner/.m2/repository/org/jboss/logging/jboss-logging-annotations/3.0.4.Final/jboss-logging-annotations-3.0.4.Final.jar:/home/runner/.m2/repository/org/jboss/threads/jboss-threads/3.8.0.Final/jboss-threads-3.8.0.Final.jar:/home/runner/.m2/repository/io/smallrye/common/smallrye-common-annotation/2.12.0/smallrye-common-annotation-2.12.0.jar:/home/runner/.m2/repository/io/smallrye/common/smallrye-common-function/2.12.0/smallrye-common-function-2.12.0.jar:/home/runner/.m2/repository/org/jboss/slf4j/slf4j-jboss-logmanager/2.0.0.Final/slf4j-jboss-logmanager-2.0.0.Final.jar:/home/runner/.m2/repository/org/wildfly/common/wildfly-common/2.0.1/wildfly-common-2.0.1.jar:/home/runner/.m2/repository/io/quarkus/quarkus-bootstrap-runner/3.20.1/quarkus-bootstrap-runner-3.20.1.jar:/home/runner/.m2/repository/io/github/crac/org-crac/0.1.3/org-crac-0.1.3.jar:/home/runner/.m2/repository/io/quarkus/quarkus-fs-util/0.0.10/quarkus-fs-util-0.0.10.jar:/home/runner/.m2/repository/org/jboss/marshalling/jboss-marshalling/2.2.2.Final/jboss-marshalling-2.2.2.Final.jar:/home/runner/.m2/repository/io/fabric8/kubernetes-client/7.1.0/kubernetes-client-7.1.0.jar:/home/runner/.m2/repository/io/fabric8/kubernetes-client-api/7.1.0/kubernetes-client-api-7.1.0.jar:/home/runner/.m2/repository/io/fabric8/kubernetes-model-core/7.1.0/kubernetes-model-core-7.1.0.jar:/home/runner/.m2/repository/io/fabric8/kubernetes-model-common/7.1.0/kubernetes-model-common-7.1.0.jar:/home/runner/.m2/repository/javax/annotation/javax.annotation-api/1.3.2/javax.annotation-api-1.3.2.jar:/home/runner/.m2/repository/io/fabric8/kubernetes-model-gatewayapi/7.1.0/kubernetes-model-gatewayapi-7.1.0.jar:/home/runner/.m2/repository/io/fabric8/kubernetes-model-resource/7.1.0/kubernetes-model-resource-7.1.0.jar:/home/runner/.m2/repository/io/fabric8/kubernetes-model-rbac/7.1.0/kubernetes-model-rbac-7.1.0.jar:/home/runner/.m2/repository/io/fabric8/kubernetes-model-admissionregistration/7.1.0/kubernetes-model-admissionregistration-7.1.0.jar:/home/runner/.m2/repository/io/fabric8/kubernetes-model-apps/7.1.0/kubernetes-model-apps-7.1.0.jar:/home/runner/.m2/repository/io/fabric8/kubernetes-model-autoscaling/7.1.0/kubernetes-model-autoscaling-7.1.0.jar:/home/runner/.m2/repository/io/fabric8/kubernetes-model-apiextensions/7.1.0/kubernetes-model-apiextensions-7.1.0.jar:/home/runner/.m2/repository/io/fabric8/kubernetes-model-batch/7.1.0/kubernetes-model-batch-7.1.0.jar:/home/runner/.m2/repository/io/fabric8/kubernetes-model-certificates/7.1.0/kubernetes-model-certificates-7.1.0.jar:/home/runner/.m2/repository/io/fabric8/kubernetes-model-coordination/7.1.0/kubernetes-model-coordination-7.1.0.jar:/home/runner/.m2/repository/io/fabric8/kubernetes-model-discovery/7.1.0/kubernetes-model-discovery-7.1.0.jar:/home/runner/.m2/repository/io/fabric8/kubernetes-model-events/7.1.0/kubernetes-model-events-7.1.0.jar:/home/runner/.m2/repository/io/fabric8/kubernetes-model-extensions/7.1.0/kubernetes-model-extensions-7.1.0.jar:/home/runner/.m2/repository/io/fabric8/kubernetes-model-flowcontrol/7.1.0/kubernetes-model-flowcontrol-7.1.0.jar:/home/runner/.m2/repository/io/fabric8/kubernetes-model-networking/7.1.0/kubernetes-model-networking-7.1.0.jar:/home/runner/.m2/repository/io/fabric8/kubernetes-model-metrics/7.1.0/kubernetes-model-metrics-7.1.0.jar:/home/runner/.m2/repository/io/fabric8/kubernetes-model-policy/7.1.0/kubernetes-model-policy-7.1.0.jar:/home/runner/.m2/repository/io/fabric8/kubernetes-model-scheduling/7.1.0/kubernetes-model-scheduling-7.1.0.jar:/home/runner/.m2/repository/io/fabric8/kubernetes-model-storageclass/7.1.0/kubernetes-model-storageclass-7.1.0.jar:/home/runner/.m2/repository/io/fabric8/kubernetes-model-node/7.1.0/kubernetes-model-node-7.1.0.jar:/home/runner/.m2/repository/org/snakeyaml/snakeyaml-engine/2.9/snakeyaml-engine-2.9.jar:/home/runner/.m2/repository/com/fasterxml/jackson/dataformat/jackson-dataformat-yaml/2.15.2/jackson-dataformat-yaml-2.15.2.jar:/home/runner/.m2/repository/com/fasterxml/jackson/datatype/jackson-datatype-jsr310/2.18.2/jackson-datatype-jsr310-2.18.2.jar:/home/runner/.m2/repository/io/fabric8/zjsonpatch/7.1.0/zjsonpatch-7.1.0.jar:/home/runner/.m2/repository/io/fabric8/kubernetes-httpclient-vertx/7.1.0/kubernetes-httpclient-vertx-7.1.0.jar:/home/runner/.m2/repository/io/vertx/vertx-web-client/4.5.14/vertx-web-client-4.5.14.jar:/home/runner/.m2/repository/io/vertx/vertx-web-common/4.5.14/vertx-web-common-4.5.14.jar:/home/runner/.m2/repository/io/vertx/vertx-auth-common/4.5.14/vertx-auth-common-4.5.14.jar:/home/runner/.m2/repository/io/vertx/vertx-uri-template/4.5.14/vertx-uri-template-4.5.14.jar:/home/runner/.m2/repository/io/fabric8/openshift-client/7.1.0/openshift-client-7.1.0.jar:/home/runner/.m2/repository/io/fabric8/openshift-client-api/7.1.0/openshift-client-api-7.1.0.jar:/home/runner/.m2/repository/io/fabric8/openshift-model/7.1.0/openshift-model-7.1.0.jar:/home/runner/.m2/repository/io/fabric8/openshift-model-autoscaling/7.1.0/openshift-model-autoscaling-7.1.0.jar:/home/runner/.m2/repository/io/fabric8/openshift-model-operator/7.1.0/openshift-model-operator-7.1.0.jar:/home/runner/.m2/repository/io/fabric8/openshift-model-operatorhub/7.1.0/openshift-model-operatorhub-7.1.0.jar:/home/runner/.m2/repository/io/fabric8/openshift-model-machine/7.1.0/openshift-model-machine-7.1.0.jar:/home/runner/.m2/repository/io/fabric8/openshift-model-whereabouts/7.1.0/openshift-model-whereabouts-7.1.0.jar:/home/runner/.m2/repository/io/fabric8/openshift-model-monitoring/7.1.0/openshift-model-monitoring-7.1.0.jar:/home/runner/.m2/repository/io/fabric8/openshift-model-storageversionmigrator/7.1.0/openshift-model-storageversionmigrator-7.1.0.jar:/home/runner/.m2/repository/io/fabric8/openshift-model-tuned/7.1.0/openshift-model-tuned-7.1.0.jar:/home/runner/.m2/repository/io/fabric8/openshift-model-console/7.1.0/openshift-model-console-7.1.0.jar:/home/runner/.m2/repository/io/fabric8/openshift-model-config/7.1.0/openshift-model-config-7.1.0.jar:/home/runner/.m2/repository/io/fabric8/openshift-model-machineconfiguration/7.1.0/openshift-model-machineconfiguration-7.1.0.jar:/home/runner/.m2/repository/io/fabric8/openshift-model-miscellaneous/7.1.0/openshift-model-miscellaneous-7.1.0.jar:/home/runner/.m2/repository/io/fabric8/openshift-model-hive/7.1.0/openshift-model-hive-7.1.0.jar:/home/runner/.m2/repository/io/fabric8/openshift-model-installer/7.1.0/openshift-model-installer-7.1.0.jar:/home/runner/.m2/repository/org/junit/platform/junit-platform-launcher/1.12.1/junit-platform-launcher-1.12.1.jar:/home/runner/.m2/repository/org/junit/platform/junit-platform-engine/1.12.1/junit-platform-engine-1.12.1.jar:/home/runner/.m2/repository/org/opentest4j/opentest4j/1.3.0/opentest4j-1.3.0.jar:/home/runner/.m2/repository/org/junit/platform/junit-platform-commons/1.12.1/junit-platform-commons-1.12.1.jar:/home/runner/.m2/repository/org/apiguardian/apiguardian-api/1.1.2/apiguardian-api-1.1.2.jar:/home/runner/.m2/repository/jakarta/ws/rs/jakarta.ws.rs-api/3.1.0/jakarta.ws.rs-api-3.1.0.jar:/home/runner/work/apicurio-testing/apicurio-testing/clusters/ci419/namespaces/inmemory/tests/integration/apicurio-registry/java-sdk/target/apicurio-registry-java-sdk-3.0.11-SNAPSHOT.jar:/home/runner/.m2/repository/com/microsoft/kiota/microsoft-kiota-abstractions/1.8.8/microsoft-kiota-abstractions-1.8.8.jar:/home/runner/.m2/repository/io/github/std-uritemplate/std-uritemplate/2.0.0/std-uritemplate-2.0.0.jar:/home/runner/.m2/repository/io/kiota/kiota-http-jdk/0.0.21/kiota-http-jdk-0.0.21.jar:/home/runner/.m2/repository/io/kiota/kiota-http-vertx/0.0.21/kiota-http-vertx-0.0.21.jar:/home/runner/.m2/repository/io/kiota/kiota-serialization-jackson/0.0.21/kiota-serialization-jackson-0.0.21.jar:/home/runner/.m2/repository/com/microsoft/kiota/microsoft-kiota-serialization-text/1.8.8/microsoft-kiota-serialization-text-1.8.8.jar:/home/runner/.m2/repository/com/microsoft/kiota/microsoft-kiota-serialization-form/1.8.8/microsoft-kiota-serialization-form-1.8.8.jar:/home/runner/.m2/repository/com/microsoft/kiota/microsoft-kiota-serialization-multipart/1.8.8/microsoft-kiota-serialization-multipart-1.8.8.jar:/home/runner/.m2/repository/jakarta/annotation/jakarta.annotation-api/3.0.0/jakarta.annotation-api-3.0.0.jar:/home/runner/.m2/repository/io/vertx/vertx-auth-oauth2/4.5.14/vertx-auth-oauth2-4.5.14.jar:/home/runner/work/apicurio-testing/apicurio-testing/clusters/ci419/namespaces/inmemory/tests/integration/apicurio-registry/java-sdk-v2/target/apicurio-registry-v2-java-sdk-3.0.11-SNAPSHOT.jar:/home/runner/work/apicurio-testing/apicurio-testing/clusters/ci419/namespaces/inmemory/tests/integration/apicurio-registry/utils/kafka/target/apicurio-registry-utils-kafka-3.0.11-SNAPSHOT-tests.jar:/home/runner/.m2/repository/org/eclipse/microprofile/config/microprofile-config-api/3.1/microprofile-config-api-3.1.jar:/home/runner/.m2/repository/org/apache/kafka/kafka-clients/3.9.1/kafka-clients-3.9.1.jar:/home/runner/.m2/repository/com/github/luben/zstd-jni/1.5.6-4/zstd-jni-1.5.6-4.jar:/home/runner/.m2/repository/org/lz4/lz4-java/1.8.0/lz4-java-1.8.0.jar:/home/runner/.m2/repository/org/xerial/snappy/snappy-java/1.1.10.5/snappy-java-1.1.10.5.jar:/home/runner/.m2/repository/org/slf4j/slf4j-api/2.0.6/slf4j-api-2.0.6.jar:/home/runner/work/apicurio-testing/apicurio-testing/clusters/ci419/namespaces/inmemory/tests/integration/apicurio-registry/utils/tests/target/apicurio-registry-utils-tests-3.0.11-SNAPSHOT.jar:/home/runner/work/apicurio-testing/apicurio-testing/clusters/ci419/namespaces/inmemory/tests/integration/apicurio-registry/common/target/apicurio-registry-common-3.0.11-SNAPSHOT.jar:/home/runner/.m2/repository/jakarta/validation/jakarta.validation-api/3.0.2/jakarta.validation-api-3.0.2.jar:/home/runner/.m2/repository/com/github/dasniko/testcontainers-keycloak/3.6.0/testcontainers-keycloak-3.6.0.jar:/home/runner/.m2/repository/org/testcontainers/testcontainers/1.20.6/testcontainers-1.20.6.jar:/home/runner/.m2/repository/org/rnorth/duct-tape/duct-tape/1.0.8/duct-tape-1.0.8.jar:/home/runner/.m2/repository/org/jetbrains/annotations/26.0.2/annotations-26.0.2.jar:/home/runner/.m2/repository/com/github/docker-java/docker-java-transport-zerodep/3.4.1/docker-java-transport-zerodep-3.4.1.jar:/home/runner/.m2/repository/com/github/docker-java/docker-java-transport/3.4.1/docker-java-transport-3.4.1.jar:/home/runner/.m2/repository/net/java/dev/jna/jna/5.8.0/jna-5.8.0.jar:/home/runner/.m2/repository/io/quarkus/quarkus-junit4-mock/3.20.1/quarkus-junit4-mock-3.20.1.jar:/home/runner/.m2/repository/org/jboss/shrinkwrap/shrinkwrap-api/2.0.0-beta-2/shrinkwrap-api-2.0.0-beta-2.jar:/home/runner/.m2/repository/org/jboss/shrinkwrap/shrinkwrap-impl-base/2.0.0-beta-2/shrinkwrap-impl-base-2.0.0-beta-2.jar:/home/runner/.m2/repository/org/jboss/shrinkwrap/shrinkwrap-spi/2.0.0-beta-2/shrinkwrap-spi-2.0.0-beta-2.jar:/home/runner/.m2/repository/org/keycloak/keycloak-admin-client/26.0.4/keycloak-admin-client-26.0.4.jar:/home/runner/.m2/repository/org/keycloak/keycloak-client-common-synced/26.0.4/keycloak-client-common-synced-26.0.4.jar:/home/runner/.m2/repository/jakarta/activation/jakarta.activation-api/2.1.3/jakarta.activation-api-2.1.3.jar:/home/runner/.m2/repository/org/eclipse/microprofile/openapi/microprofile-openapi-api/4.0.2/microprofile-openapi-api-4.0.2.jar:/home/runner/.m2/repository/org/jboss/resteasy/resteasy-client/6.2.12.Final/resteasy-client-6.2.12.Final.jar:/home/runner/.m2/repository/org/jboss/resteasy/resteasy-client-api/6.2.12.Final/resteasy-client-api-6.2.12.Final.jar:/home/runner/.m2/repository/org/jboss/resteasy/resteasy-core-spi/6.2.12.Final/resteasy-core-spi-6.2.12.Final.jar:/home/runner/.m2/repository/org/jboss/resteasy/resteasy-core/6.2.12.Final/resteasy-core-6.2.12.Final.jar:/home/runner/.m2/repository/org/eclipse/angus/angus-activation/2.0.2/angus-activation-2.0.2.jar:/home/runner/.m2/repository/com/ibm/async/asyncutil/0.1.0/asyncutil-0.1.0.jar:/home/runner/.m2/repository/org/reactivestreams/reactive-streams/1.0.4/reactive-streams-1.0.4.jar:/home/runner/.m2/repository/org/jboss/resteasy/resteasy-multipart-provider/6.2.12.Final/resteasy-multipart-provider-6.2.12.Final.jar:/home/runner/.m2/repository/jakarta/mail/jakarta.mail-api/2.1.3/jakarta.mail-api-2.1.3.jar:/home/runner/.m2/repository/org/eclipse/angus/angus-mail/2.0.3/angus-mail-2.0.3.jar:/home/runner/.m2/repository/org/apache/james/apache-mime4j-dom/0.8.12/apache-mime4j-dom-0.8.12.jar:/home/runner/.m2/repository/org/apache/james/apache-mime4j-core/0.8.12/apache-mime4j-core-0.8.12.jar:/home/runner/.m2/repository/org/apache/james/apache-mime4j-storage/0.8.12/apache-mime4j-storage-0.8.12.jar:/home/runner/.m2/repository/org/jboss/resteasy/resteasy-jackson2-provider/6.2.12.Final/resteasy-jackson2-provider-6.2.12.Final.jar:/home/runner/.m2/repository/com/fasterxml/jackson/jakarta/rs/jackson-jakarta-rs-base/2.18.2/jackson-jakarta-rs-base-2.18.2.jar:/home/runner/.m2/repository/com/fasterxml/jackson/jakarta/rs/jackson-jakarta-rs-json-provider/2.18.2/jackson-jakarta-rs-json-provider-2.18.2.jar:/home/runner/.m2/repository/com/fasterxml/jackson/module/jackson-module-jakarta-xmlbind-annotations/2.18.2/jackson-module-jakarta-xmlbind-annotations-2.18.2.jar:/home/runner/.m2/repository/com/github/java-json-tools/json-patch/1.13/json-patch-1.13.jar:/home/runner/.m2/repository/com/github/java-json-tools/msg-simple/1.2/msg-simple-1.2.jar:/home/runner/.m2/repository/com/github/java-json-tools/btf/1.3/btf-1.3.jar:/home/runner/.m2/repository/com/github/java-json-tools/jackson-coreutils/2.0/jackson-coreutils-2.0.jar:/home/runner/.m2/repository/org/jboss/resteasy/resteasy-jaxb-provider/6.2.12.Final/resteasy-jaxb-provider-6.2.12.Final.jar:/home/runner/.m2/repository/org/glassfish/jaxb/codemodel/4.0.5/codemodel-4.0.5.jar:/home/runner/.m2/repository/org/glassfish/jaxb/jaxb-core/4.0.5/jaxb-core-4.0.5.jar:/home/runner/.m2/repository/org/glassfish/jaxb/jaxb-jxc/4.0.5/jaxb-jxc-4.0.5.jar:/home/runner/.m2/repository/org/glassfish/jaxb/jaxb-runtime/4.0.5/jaxb-runtime-4.0.5.jar:/home/runner/.m2/repository/org/glassfish/jaxb/txw2/4.0.5/txw2-4.0.5.jar:/home/runner/.m2/repository/org/glassfish/jaxb/jaxb-xjc/4.0.5/jaxb-xjc-4.0.5.jar:/home/runner/.m2/repository/org/glassfish/jaxb/xsom/4.0.5/xsom-4.0.5.jar:/home/runner/.m2/repository/com/sun/istack/istack-commons-runtime/4.1.2/istack-commons-runtime-4.1.2.jar:/home/runner/.m2/repository/com/sun/istack/istack-commons-tools/4.1.2/istack-commons-tools-4.1.2.jar:/home/runner/.m2/repository/com/sun/xml/bind/external/relaxng-datatype/4.0.5/relaxng-datatype-4.0.5.jar:/home/runner/.m2/repository/com/sun/xml/bind/external/rngom/4.0.5/rngom-4.0.5.jar:/home/runner/.m2/repository/org/testcontainers/mssqlserver/1.20.6/mssqlserver-1.20.6.jar:/home/runner/.m2/repository/org/testcontainers/jdbc/1.20.6/jdbc-1.20.6.jar:/home/runner/.m2/repository/org/testcontainers/database-commons/1.20.6/database-commons-1.20.6.jar:/home/runner/.m2/repository/org/testcontainers/mysql/1.20.6/mysql-1.20.6.jar:/home/runner/.m2/repository/io/strimzi/strimzi-test-container/0.107.0/strimzi-test-container-0.107.0.jar:/home/runner/.m2/repository/org/testcontainers/toxiproxy/1.20.6/toxiproxy-1.20.6.jar:/home/runner/.m2/repository/com/github/docker-java/docker-java-api/3.4.1/docker-java-api-3.4.1.jar:/home/runner/.m2/repository/eu/rekawek/toxiproxy/toxiproxy-java/2.1.7/toxiproxy-java-2.1.7.jar:/home/runner/.m2/repository/junit/junit/4.13.2/junit-4.13.2.jar:/home/runner/.m2/repository/org/hamcrest/hamcrest-core/1.3/hamcrest-core-1.3.jar:/home/runner/.m2/repository/org/testcontainers/pulsar/1.20.4/pulsar-1.20.4.jar:/home/runner/.m2/repository/io/debezium/debezium-testing-testcontainers/2.6.2.Final/debezium-testing-testcontainers-2.6.2.Final.jar:/home/runner/.m2/repository/org/testcontainers/kafka/1.20.6/kafka-1.20.6.jar:/home/runner/.m2/repository/com/squareup/okhttp3/okhttp/4.8.1/okhttp-4.8.1.jar:/home/runner/.m2/repository/com/squareup/okio/okio/3.10.2/okio-3.10.2.jar:/home/runner/.m2/repository/com/squareup/okio/okio-jvm/3.10.2/okio-jvm-3.10.2.jar:/home/runner/.m2/repository/org/jetbrains/kotlin/kotlin-stdlib/2.0.21/kotlin-stdlib-2.0.21.jar:/home/runner/.m2/repository/org/awaitility/awaitility/4.2.2/awaitility-4.2.2.jar:/home/runner/.m2/repository/org/testcontainers/mongodb/1.20.6/mongodb-1.20.6.jar:/home/runner/.m2/repository/org/testcontainers/oracle-xe/1.20.6/oracle-xe-1.20.6.jar:/home/runner/.m2/repository/org/testcontainers/postgresql/1.20.6/postgresql-1.20.6.jar:/home/runner/.m2/repository/org/wiremock/wiremock/3.0.1/wiremock-3.0.1.jar:/home/runner/.m2/repository/org/eclipse/jetty/jetty-server/11.0.15/jetty-server-11.0.15.jar:/home/runner/.m2/repository/org/eclipse/jetty/toolchain/jetty-jakarta-servlet-api/5.0.2/jetty-jakarta-servlet-api-5.0.2.jar:/home/runner/.m2/repository/org/eclipse/jetty/jetty-http/11.0.15/jetty-http-11.0.15.jar:/home/runner/.m2/repository/org/eclipse/jetty/jetty-io/11.0.15/jetty-io-11.0.15.jar:/home/runner/.m2/repository/org/eclipse/jetty/jetty-servlet/11.0.15/jetty-servlet-11.0.15.jar:/home/runner/.m2/repository/org/eclipse/jetty/jetty-security/11.0.15/jetty-security-11.0.15.jar:/home/runner/.m2/repository/org/eclipse/jetty/jetty-servlets/11.0.15/jetty-servlets-11.0.15.jar:/home/runner/.m2/repository/org/eclipse/jetty/jetty-util/11.0.15/jetty-util-11.0.15.jar:/home/runner/.m2/repository/org/eclipse/jetty/jetty-webapp/11.0.15/jetty-webapp-11.0.15.jar:/home/runner/.m2/repository/org/eclipse/jetty/jetty-xml/11.0.15/jetty-xml-11.0.15.jar:/home/runner/.m2/repository/org/eclipse/jetty/jetty-proxy/11.0.15/jetty-proxy-11.0.15.jar:/home/runner/.m2/repository/org/eclipse/jetty/jetty-client/11.0.15/jetty-client-11.0.15.jar:/home/runner/.m2/repository/org/eclipse/jetty/http2/http2-server/11.0.15/http2-server-11.0.15.jar:/home/runner/.m2/repository/org/eclipse/jetty/http2/http2-common/11.0.15/http2-common-11.0.15.jar:/home/runner/.m2/repository/org/eclipse/jetty/http2/http2-hpack/11.0.15/http2-hpack-11.0.15.jar:/home/runner/.m2/repository/org/eclipse/jetty/jetty-alpn-server/11.0.15/jetty-alpn-server-11.0.15.jar:/home/runner/.m2/repository/org/eclipse/jetty/jetty-alpn-java-server/11.0.15/jetty-alpn-java-server-11.0.15.jar:/home/runner/.m2/repository/org/eclipse/jetty/jetty-alpn-java-client/11.0.15/jetty-alpn-java-client-11.0.15.jar:/home/runner/.m2/repository/org/eclipse/jetty/jetty-alpn-client/11.0.15/jetty-alpn-client-11.0.15.jar:/home/runner/.m2/repository/org/apache/httpcomponents/client5/httpclient5/5.2.1/httpclient5-5.2.1.jar:/home/runner/.m2/repository/org/apache/httpcomponents/core5/httpcore5/5.2/httpcore5-5.2.jar:/home/runner/.m2/repository/org/apache/httpcomponents/core5/httpcore5-h2/5.2/httpcore5-h2-5.2.jar:/home/runner/.m2/repository/org/xmlunit/xmlunit-core/2.9.1/xmlunit-core-2.9.1.jar:/home/runner/.m2/repository/jakarta/xml/bind/jakarta.xml.bind-api/4.0.2/jakarta.xml.bind-api-4.0.2.jar:/home/runner/.m2/repository/org/xmlunit/xmlunit-legacy/2.9.1/xmlunit-legacy-2.9.1.jar:/home/runner/.m2/repository/org/xmlunit/xmlunit-placeholders/2.9.1/xmlunit-placeholders-2.9.1.jar:/home/runner/.m2/repository/net/javacrumbs/json-unit/json-unit-core/2.38.0/json-unit-core-2.38.0.jar:/home/runner/.m2/repository/com/jayway/jsonpath/json-path/2.8.0/json-path-2.8.0.jar:/home/runner/.m2/repository/net/minidev/json-smart/2.4.10/json-smart-2.4.10.jar:/home/runner/.m2/repository/net/minidev/accessors-smart/2.4.9/accessors-smart-2.4.9.jar:/home/runner/.m2/repository/org/ow2/asm/asm/9.7.1/asm-9.7.1.jar:/home/runner/.m2/repository/net/sf/jopt-simple/jopt-simple/5.0.4/jopt-simple-5.0.4.jar:/home/runner/.m2/repository/com/github/jknack/handlebars/4.3.1/handlebars-4.3.1.jar:/home/runner/.m2/repository/com/github/jknack/handlebars-helpers/4.3.1/handlebars-helpers-4.3.1.jar:/home/runner/.m2/repository/commons-fileupload/commons-fileupload/1.5/commons-fileupload-1.5.jar:/home/runner/.m2/repository/com/networknt/json-schema-validator/1.5.5/json-schema-validator-1.5.5.jar:/home/runner/.m2/repository/com/ethlo/time/itu/1.10.3/itu-1.10.3.jar:/home/runner/.m2/repository/io/quarkus/quarkus-smallrye-jwt-build/3.20.1/quarkus-smallrye-jwt-build-3.20.1.jar:/home/runner/.m2/repository/io/smallrye/smallrye-jwt-build/4.6.1/smallrye-jwt-build-4.6.1.jar:/home/runner/.m2/repository/org/eclipse/microprofile/jwt/microprofile-jwt-auth-api/2.1/microprofile-jwt-auth-api-2.1.jar:/home/runner/.m2/repository/org/bitbucket/b_c/jose4j/0.9.6/jose4j-0.9.6.jar:/home/runner/.m2/repository/io/smallrye/smallrye-jwt-common/4.6.1/smallrye-jwt-common-4.6.1.jar:/home/runner/.m2/repository/io/quarkus/quarkus-jsonp/3.20.1/quarkus-jsonp-3.20.1.jar:/home/runner/.m2/repository/io/quarkus/quarkus-arc/3.20.1/quarkus-arc-3.20.1.jar:/home/runner/.m2/repository/io/quarkus/arc/arc/3.20.1/arc-3.20.1.jar:/home/runner/.m2/repository/jakarta/transaction/jakarta.transaction-api/2.0.1/jakarta.transaction-api-2.0.1.jar:/home/runner/.m2/repository/io/smallrye/reactive/mutiny/2.8.0/mutiny-2.8.0.jar:/home/runner/.m2/repository/org/jctools/jctools-core/4.0.5/jctools-core-4.0.5.jar:/home/runner/.m2/repository/org/eclipse/microprofile/context-propagation/microprofile-context-propagation-api/1.3/microprofile-context-propagation-api-1.3.jar:/home/runner/.m2/repository/io/apicurio/apicurio-common-rest-client-common/0.1.18.Final/apicurio-common-rest-client-common-0.1.18.Final.jar:/home/runner/work/apicurio-testing/apicurio-testing/clusters/ci419/namespaces/inmemory/tests/integration/apicurio-registry/utils/maven-plugin/target/apicurio-registry-maven-plugin-3.0.11-SNAPSHOT.jar:/home/runner/.m2/repository/com/fasterxml/jackson/core/jackson-databind/2.18.2/jackson-databind-2.18.2.jar:/home/runner/.m2/repository/org/apache/avro/avro/1.12.0/avro-1.12.0.jar:/home/runner/.m2/repository/com/google/protobuf/protobuf-java/4.31.1/protobuf-java-4.31.1.jar:/home/runner/.m2/repository/com/google/protobuf/protobuf-java-util/4.31.1/protobuf-java-util-4.31.1.jar:/home/runner/.m2/repository/com/google/code/findbugs/jsr305/3.0.2/jsr305-3.0.2.jar:/home/runner/.m2/repository/com/google/code/gson/gson/2.12.1/gson-2.12.1.jar:/home/runner/.m2/repository/com/google/errorprone/error_prone_annotations/2.36.0/error_prone_annotations-2.36.0.jar:/home/runner/.m2/repository/com/google/j2objc/j2objc-annotations/2.8/j2objc-annotations-2.8.jar:/home/runner/work/apicurio-testing/apicurio-testing/clusters/ci419/namespaces/inmemory/tests/integration/apicurio-registry/schema-util/util-provider/target/apicurio-registry-schema-util-provider-3.0.11-SNAPSHOT.jar:/home/runner/work/apicurio-testing/apicurio-testing/clusters/ci419/namespaces/inmemory/tests/integration/apicurio-registry/schema-util/common/target/apicurio-registry-schema-util-common-3.0.11-SNAPSHOT.jar:/home/runner/.m2/repository/com/fasterxml/jackson/module/jackson-module-parameter-names/2.18.2/jackson-module-parameter-names-2.18.2.jar:/home/runner/.m2/repository/com/fasterxml/jackson/datatype/jackson-datatype-json-org/2.18.2/jackson-datatype-json-org-2.18.2.jar:/home/runner/work/apicurio-testing/apicurio-testing/clusters/ci419/namespaces/inmemory/tests/integration/apicurio-registry/schema-util/json/target/apicurio-registry-schema-util-json-3.0.11-SNAPSHOT.jar:/home/runner/.m2/repository/com/github/erosb/everit-json-schema/1.14.5/everit-json-schema-1.14.5.jar:/home/runner/.m2/repository/commons-validator/commons-validator/1.9.0/commons-validator-1.9.0.jar:/home/runner/.m2/repository/commons-digester/commons-digester/2.1/commons-digester-2.1.jar:/home/runner/.m2/repository/commons-collections/commons-collections/3.2.2/commons-collections-3.2.2.jar:/home/runner/.m2/repository/com/damnhandy/handy-uri-templates/2.1.8/handy-uri-templates-2.1.8.jar:/home/runner/.m2/repository/joda-time/joda-time/2.10.2/joda-time-2.10.2.jar:/home/runner/.m2/repository/com/github/erosb/json-sKema/0.20.0/json-sKema-0.20.0.jar:/home/runner/.m2/repository/io/vertx/vertx-json-schema/4.5.14/vertx-json-schema-4.5.14.jar:/home/runner/work/apicurio-testing/apicurio-testing/clusters/ci419/namespaces/inmemory/tests/integration/apicurio-registry/schema-util/protobuf/target/apicurio-registry-schema-util-protobuf-3.0.11-SNAPSHOT.jar:/home/runner/work/apicurio-testing/apicurio-testing/clusters/ci419/namespaces/inmemory/tests/integration/apicurio-registry/utils/protobuf-schema-utilities/target/apicurio-registry-protobuf-schema-utilities-3.0.11-SNAPSHOT.jar:/home/runner/.m2/repository/com/google/api/grpc/proto-google-common-protos/2.52.0/proto-google-common-protos-2.52.0.jar:/home/runner/.m2/repository/com/squareup/wire/wire-schema-jvm/5.3.3/wire-schema-jvm-5.3.3.jar:/home/runner/.m2/repository/com/palantir/javapoet/javapoet/0.6.0/javapoet-0.6.0.jar:/home/runner/.m2/repository/com/squareup/kotlinpoet-jvm/2.0.0/kotlinpoet-jvm-2.0.0.jar:/home/runner/.m2/repository/org/jetbrains/kotlin/kotlin-reflect/2.0.21/kotlin-reflect-2.0.21.jar:/home/runner/.m2/repository/com/squareup/wire/wire-runtime-jvm/5.3.3/wire-runtime-jvm-5.3.3.jar:/home/runner/.m2/repository/com/ibm/icu/icu4j/76.1/icu4j-76.1.jar:/home/runner/.m2/repository/com/squareup/okio/okio-fakefilesystem/3.10.2/okio-fakefilesystem-3.10.2.jar:/home/runner/.m2/repository/com/squareup/okio/okio-fakefilesystem-jvm/3.10.2/okio-fakefilesystem-jvm-3.10.2.jar:/home/runner/.m2/repository/org/jetbrains/kotlinx/kotlinx-datetime-jvm/0.6.1/kotlinx-datetime-jvm-0.6.1.jar:/home/runner/work/apicurio-testing/apicurio-testing/clusters/ci419/namespaces/inmemory/tests/integration/apicurio-registry/schema-util/asyncapi/target/apicurio-registry-schema-util-asyncapi-3.0.11-SNAPSHOT.jar:/home/runner/work/apicurio-testing/apicurio-testing/clusters/ci419/namespaces/inmemory/tests/integration/apicurio-registry/schema-util/avro/target/apicurio-registry-schema-util-avro-3.0.11-SNAPSHOT.jar:/home/runner/work/apicurio-testing/apicurio-testing/clusters/ci419/namespaces/inmemory/tests/integration/apicurio-registry/schema-util/graphql/target/apicurio-registry-schema-util-graphql-3.0.11-SNAPSHOT.jar:/home/runner/.m2/repository/com/graphql-java/graphql-java/22.3/graphql-java-22.3.jar:/home/runner/.m2/repository/com/graphql-java/java-dataloader/3.3.0/java-dataloader-3.3.0.jar:/home/runner/work/apicurio-testing/apicurio-testing/clusters/ci419/namespaces/inmemory/tests/integration/apicurio-registry/schema-util/kconnect/target/apicurio-registry-schema-util-kconnect-3.0.11-SNAPSHOT.jar:/home/runner/work/apicurio-testing/apicurio-testing/clusters/ci419/namespaces/inmemory/tests/integration/apicurio-registry/schema-util/openapi/target/apicurio-registry-schema-util-openapi-3.0.11-SNAPSHOT.jar:/home/runner/.m2/repository/io/apicurio/apicurio-data-models/2.2.1/apicurio-data-models-2.2.1.jar:/home/runner/.m2/repository/org/openapitools/openapidiff/openapi-diff-core/2.1.2/openapi-diff-core-2.1.2.jar:/home/runner/.m2/repository/io/swagger/parser/v3/swagger-parser/2.1.28/swagger-parser-2.1.28.jar:/home/runner/.m2/repository/io/swagger/parser/v3/swagger-parser-v2-converter/2.1.28/swagger-parser-v2-converter-2.1.28.jar:/home/runner/.m2/repository/io/swagger/swagger-core/1.6.16/swagger-core-1.6.16.jar:/home/runner/.m2/repository/io/swagger/swagger-models/1.6.16/swagger-models-1.6.16.jar:/home/runner/.m2/repository/io/swagger/swagger-annotations/1.6.16/swagger-annotations-1.6.16.jar:/home/runner/.m2/repository/io/swagger/swagger-parser/1.0.75/swagger-parser-1.0.75.jar:/home/runner/.m2/repository/io/swagger/swagger-parser-safe-url-resolver/1.0.75/swagger-parser-safe-url-resolver-1.0.75.jar:/home/runner/.m2/repository/io/swagger/swagger-compat-spec-parser/1.0.75/swagger-compat-spec-parser-1.0.75.jar:/home/runner/.m2/repository/com/github/java-json-tools/json-schema-validator/2.2.14/json-schema-validator-2.2.14.jar:/home/runner/.m2/repository/com/github/java-json-tools/jackson-coreutils-equivalence/1.0/jackson-coreutils-equivalence-1.0.jar:/home/runner/.m2/repository/com/github/java-json-tools/json-schema-core/1.2.14/json-schema-core-1.2.14.jar:/home/runner/.m2/repository/com/github/java-json-tools/uri-template/0.10/uri-template-0.10.jar:/home/runner/.m2/repository/com/googlecode/libphonenumber/libphonenumber/8.11.1/libphonenumber-8.11.1.jar:/home/runner/.m2/repository/com/j2html/j2html/1.6.0/j2html-1.6.0.jar:/home/runner/.m2/repository/org/apache/commons/commons-collections4/4.5.0/commons-collections4-4.5.0.jar:/home/runner/.m2/repository/org/apache/commons/commons-configuration2/2.12.0/commons-configuration2-2.12.0.jar:/home/runner/.m2/repository/org/apache/commons/commons-text/1.13.0/commons-text-1.13.0.jar:/home/runner/.m2/repository/org/slf4j/jcl-over-slf4j/2.0.17/jcl-over-slf4j-2.0.17.jar:/home/runner/.m2/repository/io/swagger/parser/v3/swagger-parser-v3/2.1.30/swagger-parser-v3-2.1.30.jar:/home/runner/.m2/repository/io/swagger/core/v3/swagger-models/2.2.34/swagger-models-2.2.34.jar:/home/runner/.m2/repository/io/swagger/core/v3/swagger-core/2.2.34/swagger-core-2.2.34.jar:/home/runner/.m2/repository/io/swagger/parser/v3/swagger-parser-core/2.1.30/swagger-parser-core-2.1.30.jar:/home/runner/.m2/repository/io/swagger/parser/v3/swagger-parser-safe-url-resolver/2.1.30/swagger-parser-safe-url-resolver-2.1.30.jar:/home/runner/work/apicurio-testing/apicurio-testing/clusters/ci419/namespaces/inmemory/tests/integration/apicurio-registry/schema-util/wsdl/target/apicurio-registry-schema-util-wsdl-3.0.11-SNAPSHOT.jar:/home/runner/.m2/repository/wsdl4j/wsdl4j/1.6.3/wsdl4j-1.6.3.jar:/home/runner/work/apicurio-testing/apicurio-testing/clusters/ci419/namespaces/inmemory/tests/integration/apicurio-registry/schema-util/xml/target/apicurio-registry-schema-util-xml-3.0.11-SNAPSHOT.jar:/home/runner/.m2/repository/org/apache/santuario/xmlsec/4.0.3/xmlsec-4.0.3.jar:/home/runner/.m2/repository/com/fasterxml/woodstox/woodstox-core/7.1.0/woodstox-core-7.1.0.jar:/home/runner/.m2/repository/org/codehaus/woodstox/stax2-api/4.2.2/stax2-api-4.2.2.jar:/home/runner/work/apicurio-testing/apicurio-testing/clusters/ci419/namespaces/inmemory/tests/integration/apicurio-registry/schema-util/xsd/target/apicurio-registry-schema-util-xsd-3.0.11-SNAPSHOT.jar:/home/runner/work/apicurio-testing/apicurio-testing/clusters/ci419/namespaces/inmemory/tests/integration/apicurio-registry/serdes/kafka/jsonschema-serde/target/apicurio-registry-jsonschema-serde-kafka-3.0.11-SNAPSHOT.jar:/home/runner/work/apicurio-testing/apicurio-testing/clusters/ci419/namespaces/inmemory/tests/integration/apicurio-registry/serdes/kafka/serde-kafka-common/target/apicurio-registry-serde-kafka-common-3.0.11-SNAPSHOT.jar:/home/runner/work/apicurio-testing/apicurio-testing/clusters/ci419/namespaces/inmemory/tests/integration/apicurio-registry/serdes/generic/serde-common/target/apicurio-registry-serde-common-3.0.11-SNAPSHOT.jar:/home/runner/work/apicurio-testing/apicurio-testing/clusters/ci419/namespaces/inmemory/tests/integration/apicurio-registry/serdes/generic/serde-common-jsonschema/target/apicurio-registry-serde-common-jsonschema-3.0.11-SNAPSHOT.jar:/home/runner/.m2/repository/org/json/json/20250107/json-20250107.jar:/home/runner/work/apicurio-testing/apicurio-testing/clusters/ci419/namespaces/inmemory/tests/integration/apicurio-registry/serdes/kafka/avro-serde/target/apicurio-registry-avro-serde-kafka-3.0.11-SNAPSHOT.jar:/home/runner/work/apicurio-testing/apicurio-testing/clusters/ci419/namespaces/inmemory/tests/integration/apicurio-registry/serdes/generic/serde-common-avro/target/apicurio-registry-serde-common-avro-3.0.11-SNAPSHOT.jar:/home/runner/work/apicurio-testing/apicurio-testing/clusters/ci419/namespaces/inmemory/tests/integration/apicurio-registry/serdes/kafka/protobuf-serde/target/apicurio-registry-protobuf-serde-kafka-3.0.11-SNAPSHOT.jar:/home/runner/work/apicurio-testing/apicurio-testing/clusters/ci419/namespaces/inmemory/tests/integration/apicurio-registry/serdes/generic/serde-common-protobuf/target/apicurio-registry-serde-common-protobuf-3.0.11-SNAPSHOT.jar:/home/runner/.m2/repository/com/squareup/wire/wire-schema/5.3.3/wire-schema-5.3.3.jar:/home/runner/.m2/repository/com/squareup/wire/wire-runtime/5.3.3/wire-runtime-5.3.3.jar:/home/runner/work/apicurio-testing/apicurio-testing/clusters/ci419/namespaces/inmemory/tests/integration/apicurio-registry/serdes/pulsar/avro-serde/target/apicurio-registry-avro-serde-pulsar-3.0.11-SNAPSHOT.jar:/home/runner/.m2/repository/org/apache/pulsar/pulsar-functions-api/3.3.4/pulsar-functions-api-3.3.4.jar:/home/runner/work/apicurio-testing/apicurio-testing/clusters/ci419/namespaces/inmemory/tests/integration/apicurio-registry/serdes/nats/avro-serde/target/apicurio-registry-avro-serde-nats-3.0.11-SNAPSHOT.jar:/home/runner/.m2/repository/io/nats/jnats/2.20.5/jnats-2.20.5.jar:/home/runner/.m2/repository/net/i2p/crypto/eddsa/0.3.0/eddsa-0.3.0.jar:/home/runner/work/apicurio-testing/apicurio-testing/clusters/ci419/namespaces/inmemory/tests/integration/apicurio-registry/utils/converter/target/apicurio-registry-utils-converter-3.0.11-SNAPSHOT.jar:/home/runner/work/apicurio-testing/apicurio-testing/clusters/ci419/namespaces/inmemory/tests/integration/apicurio-registry/schema-resolver/target/apicurio-registry-schema-resolver-3.0.11-SNAPSHOT.jar:/home/runner/.m2/repository/org/apache/kafka/connect-api/3.9.1/connect-api-3.9.1.jar:/home/runner/.m2/repository/javax/ws/rs/javax.ws.rs-api/2.1.1/javax.ws.rs-api-2.1.1.jar:/home/runner/.m2/repository/org/apache/kafka/connect-json/3.9.1/connect-json-3.9.1.jar:/home/runner/.m2/repository/com/fasterxml/jackson/datatype/jackson-datatype-jdk8/2.18.2/jackson-datatype-jdk8-2.18.2.jar:/home/runner/.m2/repository/com/fasterxml/jackson/module/jackson-module-afterburner/2.18.2/jackson-module-afterburner-2.18.2.jar:/home/runner/work/apicurio-testing/apicurio-testing/clusters/ci419/namespaces/inmemory/tests/integration/apicurio-registry/utils/kafka/target/apicurio-registry-utils-kafka-3.0.11-SNAPSHOT.jar:/home/runner/.m2/repository/org/apache/pulsar/pulsar-client/3.3.4/pulsar-client-3.3.4.jar:/home/runner/.m2/repository/org/apache/pulsar/pulsar-client-api/3.3.4/pulsar-client-api-3.3.4.jar:/home/runner/.m2/repository/org/apache/pulsar/pulsar-client-admin-api/3.3.4/pulsar-client-admin-api-3.3.4.jar:/home/runner/.m2/repository/org/apache/pulsar/bouncy-castle-bc/3.3.4/bouncy-castle-bc-3.3.4-pkg.jar:/home/runner/.m2/repository/org/bouncycastle/bcpkix-jdk18on/1.80/bcpkix-jdk18on-1.80.jar:/home/runner/.m2/repository/org/bouncycastle/bcutil-jdk18on/1.80/bcutil-jdk18on-1.80.jar:/home/runner/.m2/repository/org/bouncycastle/bcprov-jdk18on/1.80/bcprov-jdk18on-1.80.jar:/home/runner/.m2/repository/io/opentelemetry/opentelemetry-api/1.44.1/opentelemetry-api-1.44.1.jar:/home/runner/.m2/repository/io/opentelemetry/opentelemetry-context/1.44.1/opentelemetry-context-1.44.1.jar:/home/runner/.m2/repository/io/opentelemetry/opentelemetry-api-incubator/1.44.1-alpha/opentelemetry-api-incubator-1.44.1-alpha.jar:/home/runner/.m2/repository/com/fasterxml/jackson/core/jackson-annotations/2.18.2/jackson-annotations-2.18.2.jar:/home/runner/.m2/repository/javax/validation/validation-api/1.1.0.Final/validation-api-1.1.0.Final.jar:/home/runner/.m2/repository/io/confluent/kafka-avro-serializer/8.0.0/kafka-avro-serializer-8.0.0.jar:/home/runner/.m2/repository/org/apache/commons/commons-compress/1.27.1/commons-compress-1.27.1.jar:/home/runner/.m2/repository/io/confluent/kafka-schema-serializer/8.0.0/kafka-schema-serializer-8.0.0.jar:/home/runner/.m2/repository/com/fasterxml/jackson/dataformat/jackson-dataformat-csv/2.18.2/jackson-dataformat-csv-2.18.2.jar:/home/runner/.m2/repository/io/confluent/kafka-schema-registry-client/8.0.0/kafka-schema-registry-client-8.0.0.jar:/home/runner/.m2/repository/org/yaml/snakeyaml/2.3/snakeyaml-2.3.jar:/home/runner/.m2/repository/io/swagger/core/v3/swagger-annotations/2.2.29/swagger-annotations-2.2.29.jar:/home/runner/.m2/repository/com/google/guava/guava/33.4.0-jre/guava-33.4.0-jre.jar:/home/runner/.m2/repository/com/google/guava/failureaccess/1.0.1/failureaccess-1.0.1.jar:/home/runner/.m2/repository/org/checkerframework/checker-qual/3.49.0/checker-qual-3.49.0.jar:/home/runner/.m2/repository/io/confluent/logredactor/1.0.13/logredactor-1.0.13.jar:/home/runner/.m2/repository/com/google/re2j/re2j/1.6/re2j-1.6.jar:/home/runner/.m2/repository/io/confluent/logredactor-metrics/1.0.13/logredactor-metrics-1.0.13.jar:/home/runner/.m2/repository/com/eclipsesource/minimal-json/minimal-json/0.9.5/minimal-json-0.9.5.jar:/home/runner/.m2/repository/io/confluent/common-utils/8.0.0/common-utils-8.0.0.jar:/home/runner/.m2/repository/io/confluent/kafka-connect-avro-converter/8.0.0/kafka-connect-avro-converter-8.0.0.jar:/home/runner/.m2/repository/io/confluent/kafka-connect-avro-data/8.0.0/kafka-connect-avro-data-8.0.0.jar:/home/runner/.m2/repository/io/confluent/kafka-schema-converter/8.0.0/kafka-schema-converter-8.0.0.jar:/home/runner/.m2/repository/io/rest-assured/rest-assured/5.5.1/rest-assured-5.5.1.jar:/home/runner/.m2/repository/org/apache/groovy/groovy/4.0.22/groovy-4.0.22.jar:/home/runner/.m2/repository/org/apache/groovy/groovy-xml/4.0.22/groovy-xml-4.0.22.jar:/home/runner/.m2/repository/org/apache/httpcomponents/httpclient/4.5.14/httpclient-4.5.14.jar:/home/runner/.m2/repository/org/apache/httpcomponents/httpcore/4.4.16/httpcore-4.4.16.jar:/home/runner/.m2/repository/org/apache/httpcomponents/httpmime/4.5.14/httpmime-4.5.14.jar:/home/runner/.m2/repository/org/hamcrest/hamcrest/2.2/hamcrest-2.2.jar:/home/runner/.m2/repository/org/ccil/cowan/tagsoup/tagsoup/1.2.1/tagsoup-1.2.1.jar:/home/runner/.m2/repository/io/rest-assured/json-path/5.5.1/json-path-5.5.1.jar:/home/runner/.m2/repository/org/apache/groovy/groovy-json/4.0.22/groovy-json-4.0.22.jar:/home/runner/.m2/repository/io/rest-assured/rest-assured-common/5.5.1/rest-assured-common-5.5.1.jar:/home/runner/.m2/repository/io/rest-assured/xml-path/5.5.1/xml-path-5.5.1.jar:/home/runner/.m2/repository/io/zonky/test/embedded-postgres/2.1.0/embedded-postgres-2.1.0.jar:/home/runner/.m2/repository/io/zonky/test/postgres/embedded-postgres-binaries-windows-amd64/14.15.0/embedded-postgres-binaries-windows-amd64-14.15.0.jar:/home/runner/.m2/repository/io/zonky/test/postgres/embedded-postgres-binaries-darwin-amd64/14.15.0/embedded-postgres-binaries-darwin-amd64-14.15.0.jar:/home/runner/.m2/repository/io/zonky/test/postgres/embedded-postgres-binaries-linux-amd64/14.15.0/embedded-postgres-binaries-linux-amd64-14.15.0.jar:/home/runner/.m2/repository/io/zonky/test/postgres/embedded-postgres-binaries-linux-amd64-alpine/14.15.0/embedded-postgres-binaries-linux-amd64-alpine-14.15.0.jar:/home/runner/.m2/repository/org/apache/commons/commons-lang3/3.17.0/commons-lang3-3.17.0.jar:/home/runner/.m2/repository/org/tukaani/xz/1.10/xz-1.10.jar:/home/runner/.m2/repository/commons-codec/commons-codec/1.18.0/commons-codec-1.18.0.jar:/home/runner/.m2/repository/org/postgresql/postgresql/42.7.5/postgresql-42.7.5.jar:/home/runner/.m2/repository/commons-io/commons-io/2.18.0/commons-io-2.18.0.jar:/home/runner/work/apicurio-testing/apicurio-testing/clusters/ci419/namespaces/inmemory/tests/integration/apicurio-registry/utils/importexport/target/apicurio-registry-utils-import-export-3.0.11-SNAPSHOT.jar:/home/runner/.m2/repository/io/vertx/vertx-core/4.5.14/vertx-core-4.5.14.jar:/home/runner/.m2/repository/io/netty/netty-common/4.1.119.Final/netty-common-4.1.119.Final.jar:/home/runner/.m2/repository/io/netty/netty-buffer/4.1.119.Final/netty-buffer-4.1.119.Final.jar:/home/runner/.m2/repository/io/netty/netty-transport/4.1.119.Final/netty-transport-4.1.119.Final.jar:/home/runner/.m2/repository/io/netty/netty-handler/4.1.119.Final/netty-handler-4.1.119.Final.jar:/home/runner/.m2/repository/io/netty/netty-transport-native-unix-common/4.1.119.Final/netty-transport-native-unix-common-4.1.119.Final.jar:/home/runner/.m2/repository/io/netty/netty-codec/4.1.119.Final/netty-codec-4.1.119.Final.jar:/home/runner/.m2/repository/io/netty/netty-handler-proxy/4.1.119.Final/netty-handler-proxy-4.1.119.Final.jar:/home/runner/.m2/repository/io/netty/netty-codec-socks/4.1.119.Final/netty-codec-socks-4.1.119.Final.jar:/home/runner/.m2/repository/io/netty/netty-codec-http/4.1.119.Final/netty-codec-http-4.1.119.Final.jar:/home/runner/.m2/repository/io/netty/netty-codec-http2/4.1.119.Final/netty-codec-http2-4.1.119.Final.jar:/home/runner/.m2/repository/io/netty/netty-resolver/4.1.119.Final/netty-resolver-4.1.119.Final.jar:/home/runner/.m2/repository/io/netty/netty-resolver-dns/4.1.119.Final/netty-resolver-dns-4.1.119.Final.jar:/home/runner/.m2/repository/io/netty/netty-codec-dns/4.1.119.Final/netty-codec-dns-4.1.119.Final.jar:/home/runner/.m2/repository/com/fasterxml/jackson/core/jackson-core/2.18.2/jackson-core-2.18.2.jar:"/>
    <property name="sun.cpu.endian" value="little"/>
    <property name="user.home" value="/home/runner"/>
    <property name="user.language" value="en"/>
    <property name="jboss.log-version" value="false"/>
    <property name="java.specification.vendor" value="Oracle Corporation"/>
    <property name="java.version.date" value="2025-07-15"/>
    <property name="java.home" value="/usr/lib/jvm/temurin-17-jdk-amd64"/>
    <property name="file.separator" value="/"/>
    <property name="basedir" value="/home/runner/work/apicurio-testing/apicurio-testing/clusters/ci419/namespaces/inmemory/tests/integration/apicurio-registry/integration-tests"/>
    <property name="java.vm.compressedOopsMode" value="32-bit"/>
    <property name="line.separator" value="&#10;"/>
    <property name="java.specification.name" value="Java Platform API Specification"/>
    <property name="java.vm.specification.vendor" value="Oracle Corporation"/>
    <property name="quarkus.http.test-host" value="registry-app-inmemory.apps.ci419.apicurio-testing.org"/>
    <property name="surefire.real.class.path" value="/home/runner/work/apicurio-testing/apicurio-testing/clusters/ci419/namespaces/inmemory/tests/integration/apicurio-registry/integration-tests/target/surefire/surefirebooter-20250731203944216_3.jar"/>
    <property name="sun.management.compiler" value="HotSpot 64-Bit Tiered Compilers"/>
    <property name="org.eclipse.jetty.http.HttpGenerator.STRICT" value="true"/>
    <property name="java.runtime.version" value="17.0.16+8"/>
    <property name="user.name" value="runner"/>
    <property name="path.separator" value=":"/>
    <property name="os.version" value="6.8.0-1031-azure"/>
    <property name="java.runtime.name" value="OpenJDK Runtime Environment"/>
    <property name="file.encoding" value="UTF-8"/>
    <property name="jnidispatch.path" value="/home/runner/.cache/JNA/temp/jna7807757697447597983.tmp"/>
    <property name="java.vm.name" value="OpenJDK 64-Bit Server VM"/>
    <property name="jna.platform.library.path" value="/usr/lib/x86_64-linux-gnu:/lib/x86_64-linux-gnu:/usr/lib64:/lib64:/usr/lib:/lib:/lib32:/usr/local/lib:/usr/lib/x86_64-linux-gnu/libfakeroot"/>
    <property name="java.vendor.version" value="Temurin-17.0.16+8"/>
    <property name="quarkus.oidc.token-path" value="https://keycloak-inmemory.apps.ci419.apicurio-testing.org/realms/registry/protocol/openid-connect/token"/>
    <property name="quarkus.http.host" value="registry-app-inmemory.apps.ci419.apicurio-testing.org"/>
    <property name="localRepository" value="/home/runner/.m2/repository"/>
    <property name="javax.xml.xpath.XPathFactory:http://java.sun.com/jaxp/xpath/dom" value="com.sun.org.apache.xpath.internal.jaxp.XPathFactoryImpl"/>
    <property name="jna.loaded" value="true"/>
    <property name="java.vendor.url.bug" value="https://github.com/adoptium/adoptium-support/issues"/>
    <property name="jetty.git.hash" value="5bc5e562c8d05c5862505aebe5cf83a61bdbcb96"/>
    <property name="java.io.tmpdir" value="/tmp"/>
    <property name="quarkus.http.test-protocol" value="http"/>
    <property name="java.version" value="17.0.16"/>
    <property name="user.dir" value="/home/runner/work/apicurio-testing/apicurio-testing/clusters/ci419/namespaces/inmemory/tests/integration/apicurio-registry/integration-tests"/>
    <property name="os.arch" value="amd64"/>
    <property name="groups" value="( smoke | serdes | acceptance | ui)"/>
    <property name="java.vm.specification.name" value="Java Virtual Machine Specification"/>
    <property name="native.encoding" value="UTF-8"/>
    <property name="java.util.logging.manager" value="org.jboss.logmanager.LogManager"/>
    <property name="java.library.path" value="/usr/java/packages/lib:/usr/lib64:/lib64:/lib:/usr/lib"/>
    <property name="jdk.console" value="java.base"/>
    <property name="java.vm.info" value="mixed mode, sharing"/>
    <property name="java.vendor" value="Eclipse Adoptium"/>
    <property name="java.vm.version" value="17.0.16+8"/>
    <property name="java.specification.maintenance.version" value="1"/>
    <property name="sun.io.unicode.encoding" value="UnicodeLittle"/>
    <property name="javax.xml.transform.TransformerFactory" value="com.sun.org.apache.xalan.internal.xsltc.trax.TransformerFactoryImpl"/>
    <property name="java.class.version" value="61.0"/>
  </properties>
  <testcase name="testGlobalIdInHeaders" classname="io.apicurio.tests.serdes.apicurio.AvroSerdeIT" time="3.672">
    <system-out><![CDATA[**** Registry Base URL: http://registry-app-inmemory.apps.ci419.apicurio-testing.org:80
**** Registry Base URL: http://registry-app-inmemory.apps.ci419.apicurio-testing.org:80
2025-07-31 20:39:55,958 INFO  [io.api.tes.ser.api.AvroSerdeIT] (main) RestAssured configured with http://registry-app-inmemory.apps.ci419.apicurio-testing.org:80/apis/registry/v3
2025-07-31 20:39:55,959 INFO  [io.api.tes.uti.KafkaFacade] (main) Starting kafka container
2025-07-31 20:39:55,998 INFO  [org.tes.ima.PullPolicy] (main) Image pull policy will be performed by: DefaultPullPolicy()
2025-07-31 20:39:56,001 INFO  [org.tes.uti.ImageNameSubstitutor] (main) Image name substitution will be performed by: DefaultImageNameSubstitutor (composite of 'ConfigurationFileImageNameSubstitutor' and 'PrefixingImageNameSubstitutor')
2025-07-31 20:39:56,013 INFO  [org.tes.DockerClientFactory] (main) Testcontainers version: 1.20.6
2025-07-31 20:39:56,603 INFO  [org.tes.doc.DockerClientProviderStrategy] (main) Found Docker environment with local Unix socket (unix:///var/run/docker.sock)
2025-07-31 20:39:56,612 INFO  [org.tes.DockerClientFactory] (main) Docker host IP address is localhost
2025-07-31 20:39:56,632 INFO  [org.tes.DockerClientFactory] (main) Connected to docker: 
  Server Version: 28.0.4
  API Version: 1.48
  Operating System: Ubuntu 22.04.5 LTS
  Total Memory: 7944 MB
2025-07-31 20:39:56,695 INFO  [tc.tes.11.0] (main) Pulling docker image: testcontainers/ryuk:0.11.0. Please be patient; this may take some time but only needs to be done once.
2025-07-31 20:39:57,080 INFO  [tc.tes.11.0] (docker-java-stream--1295187651) Starting to pull image
2025-07-31 20:39:57,105 INFO  [tc.tes.11.0] (docker-java-stream--1295187651) Pulling image layers:  0 pending,  0 downloaded,  0 extracted, (0 bytes/0 bytes)
2025-07-31 20:39:57,248 INFO  [tc.tes.11.0] (docker-java-stream--1295187651) Pulling image layers:  2 pending,  1 downloaded,  0 extracted, (840 KB/? MB)
2025-07-31 20:39:57,265 INFO  [tc.tes.11.0] (docker-java-stream--1295187651) Pulling image layers:  1 pending,  2 downloaded,  0 extracted, (876 KB/? MB)
2025-07-31 20:39:57,286 INFO  [tc.tes.11.0] (docker-java-stream--1295187651) Pulling image layers:  0 pending,  3 downloaded,  0 extracted, (876 KB/10 MB)
2025-07-31 20:39:57,408 INFO  [tc.tes.11.0] (docker-java-stream--1295187651) Pulling image layers:  0 pending,  3 downloaded,  1 extracted, (4 MB/10 MB)
2025-07-31 20:39:57,580 INFO  [tc.tes.11.0] (docker-java-stream--1295187651) Pulling image layers:  0 pending,  3 downloaded,  2 extracted, (4 MB/10 MB)
2025-07-31 20:39:58,423 INFO  [tc.tes.11.0] (docker-java-stream--1295187651) Pulling image layers:  0 pending,  3 downloaded,  3 extracted, (10 MB/10 MB)
2025-07-31 20:39:58,430 INFO  [tc.tes.11.0] (docker-java-stream--1295187651) Pull complete. 3 layers, pulled in 1s (downloaded 10 MB at 10 MB/s)
2025-07-31 20:39:58,430 INFO  [tc.tes.11.0] (main) Image testcontainers/ryuk:0.11.0 pull took PT1.732012177S
2025-07-31 20:39:58,459 INFO  [tc.tes.11.0] (main) Creating container for image: testcontainers/ryuk:0.11.0
2025-07-31 20:39:58,551 INFO  [tc.tes.11.0] (main) Container testcontainers/ryuk:0.11.0 is starting: a51adc242e61c96ebfbb76469ce9fcc8812896c024e36ab8a21aa50ff969adf0
2025-07-31 20:39:58,873 INFO  [tc.tes.11.0] (main) Container testcontainers/ryuk:0.11.0 started in PT0.413964192S
2025-07-31 20:39:58,879 INFO  [org.tes.uti.RyukResourceReaper] (main) Ryuk started - will monitor and terminate Testcontainers containers on JVM exit
2025-07-31 20:39:58,879 INFO  [org.tes.DockerClientFactory] (main) Checking the system...
2025-07-31 20:39:58,880 INFO  [org.tes.DockerClientFactory] (main) ✔︎ Docker server version should be at least 1.6.0
2025-07-31 20:39:58,883 INFO  [io.str.tes.con.KafkaVersionService] (main) Latest release of Kafka is:LogicalKafkaVersionEntity{version='3.7.1', image='quay.io/strimzi-test-container/test-container:0.107.0-kafka-3.7.1'}
2025-07-31 20:39:58,883 INFO  [io.str.tes.con.KafkaVersionService] (main) Latest release of Kafka is:LogicalKafkaVersionEntity{version='3.7.1', image='quay.io/strimzi-test-container/test-container:0.107.0-kafka-3.7.1'}
2025-07-31 20:39:58,883 INFO  [io.str.tes.con.KafkaVersionService] (main) No Kafka version specified. Using latest release: quay.io/strimzi-test-container/test-container:0.107.0-kafka-3.7.1
2025-07-31 20:39:58,886 INFO  [tc.qua.io/.107.0-k.7.1] (main) Pulling docker image: quay.io/strimzi-test-container/test-container:0.107.0-kafka-3.7.1. Please be patient; this may take some time but only needs to be done once.
2025-07-31 20:39:59,356 INFO  [tc.qua.io/.107.0-k.7.1] (docker-java-stream--720530420) Starting to pull image
2025-07-31 20:39:59,357 INFO  [tc.qua.io/.107.0-k.7.1] (docker-java-stream--720530420) Pulling image layers:  0 pending,  0 downloaded,  0 extracted, (0 bytes/0 bytes)
2025-07-31 20:39:59,794 INFO  [tc.qua.io/.107.0-k.7.1] (docker-java-stream--720530420) Pulling image layers:  4 pending,  1 downloaded,  0 extracted, (997 bytes/? MB)
2025-07-31 20:40:01,065 INFO  [tc.qua.io/.107.0-k.7.1] (docker-java-stream--720530420) Pulling image layers:  3 pending,  2 downloaded,  0 extracted, (127 MB/? MB)
2025-07-31 20:40:01,271 INFO  [tc.qua.io/.107.0-k.7.1] (docker-java-stream--720530420) Pulling image layers:  2 pending,  3 downloaded,  0 extracted, (144 MB/? MB)
2025-07-31 20:40:01,873 INFO  [tc.qua.io/.107.0-k.7.1] (docker-java-stream--720530420) Pulling image layers:  1 pending,  4 downloaded,  0 extracted, (197 MB/? MB)
2025-07-31 20:40:02,124 INFO  [tc.qua.io/.107.0-k.7.1] (docker-java-stream--720530420) Pulling image layers:  1 pending,  4 downloaded,  1 extracted, (205 MB/? MB)
2025-07-31 20:40:02,740 INFO  [tc.qua.io/.107.0-k.7.1] (docker-java-stream--720530420) Pulling image layers:  0 pending,  5 downloaded,  1 extracted, (224 MB/231 MB)
2025-07-31 20:40:05,991 INFO  [tc.qua.io/.107.0-k.7.1] (docker-java-stream--720530420) Pulling image layers:  0 pending,  5 downloaded,  2 extracted, (228 MB/231 MB)
2025-07-31 20:40:06,007 INFO  [tc.qua.io/.107.0-k.7.1] (docker-java-stream--720530420) Pulling image layers:  0 pending,  5 downloaded,  3 extracted, (228 MB/231 MB)
2025-07-31 20:40:06,706 INFO  [tc.qua.io/.107.0-k.7.1] (docker-java-stream--720530420) Pulling image layers:  0 pending,  5 downloaded,  4 extracted, (231 MB/231 MB)
2025-07-31 20:40:07,026 INFO  [tc.qua.io/.107.0-k.7.1] (docker-java-stream--720530420) Pulling image layers:  0 pending,  5 downloaded,  5 extracted, (231 MB/231 MB)
2025-07-31 20:40:07,031 INFO  [tc.qua.io/.107.0-k.7.1] (docker-java-stream--720530420) Pull complete. 5 layers, pulled in 7s (downloaded 231 MB at 33 MB/s)
2025-07-31 20:40:07,031 INFO  [tc.qua.io/.107.0-k.7.1] (main) Image quay.io/strimzi-test-container/test-container:0.107.0-kafka-3.7.1 pull took PT8.145350034S
2025-07-31 20:40:07,037 INFO  [tc.qua.io/.107.0-k.7.1] (main) Creating container for image: quay.io/strimzi-test-container/test-container:0.107.0-kafka-3.7.1
2025-07-31 20:40:07,109 INFO  [tc.qua.io/.107.0-k.7.1] (main) Container quay.io/strimzi-test-container/test-container:0.107.0-kafka-3.7.1 is starting: 466f4966700eff59ec792e523e8fab464080945ce5bda641e35d028ba21aa524
2025-07-31 20:40:07,319 INFO  [io.str.tes.con.StrimziKafkaContainer] (main) Mapped port: 32770
2025-07-31 20:40:07,322 INFO  [io.str.tes.con.StrimziKafkaContainer] (main) This is all advertised listeners for Kafka PLAINTEXT://localhost:32770,BROKER1://172.18.0.2:9093
2025-07-31 20:40:07,323 INFO  [io.str.tes.con.StrimziKafkaContainer] (main) Using internal ZooKeeper 'zookeeper.connect=localhost:2181.'
2025-07-31 20:40:07,324 INFO  [io.str.tes.con.StrimziKafkaContainer] (main) Copying command to 'STARTER_SCRIPT' script.
2025-07-31 20:40:11,440 INFO  [tc.qua.io/.107.0-k.7.1] (main) Container quay.io/strimzi-test-container/test-container:0.107.0-kafka-3.7.1 started in PT4.403422402S
2025-07-31 20:40:11,448 INFO  [io.api.tes.uti.TestSeparator] (main) ############################################################################
2025-07-31 20:40:11,450 INFO  [io.api.tes.uti.TestSeparator] (main) io.apicurio.tests.serdes.apicurio.AvroSerdeIT.testGlobalIdInHeaders-STARTED
2025-07-31 20:40:11,477 INFO  [org.apa.kaf.cli.adm.AdminClientConfig] (main) AdminClientConfig values: 
	auto.include.jmx.reporter = true
	bootstrap.controllers = []
	bootstrap.servers = [PLAINTEXT://localhost:32770]
	client.dns.lookup = use_all_dns_ips
	client.id = 
	connections.max.idle.ms = 10000
	default.api.timeout.ms = 60000
	enable.metrics.push = true
	metadata.max.age.ms = 300000
	metadata.recovery.strategy = none
	metric.reporters = []
	metrics.num.samples = 2
	metrics.recording.level = INFO
	metrics.sample.window.ms = 30000
	receive.buffer.bytes = 65536
	reconnect.backoff.max.ms = 1000
	reconnect.backoff.ms = 50
	request.timeout.ms = 5000
	retries = 2147483647
	retry.backoff.max.ms = 1000
	retry.backoff.ms = 100
	sasl.client.callback.handler.class = null
	sasl.jaas.config = null
	sasl.kerberos.kinit.cmd = /usr/bin/kinit
	sasl.kerberos.min.time.before.relogin = 60000
	sasl.kerberos.service.name = null
	sasl.kerberos.ticket.renew.jitter = 0.05
	sasl.kerberos.ticket.renew.window.factor = 0.8
	sasl.login.callback.handler.class = null
	sasl.login.class = null
	sasl.login.connect.timeout.ms = null
	sasl.login.read.timeout.ms = null
	sasl.login.refresh.buffer.seconds = 300
	sasl.login.refresh.min.period.seconds = 60
	sasl.login.refresh.window.factor = 0.8
	sasl.login.refresh.window.jitter = 0.05
	sasl.login.retry.backoff.max.ms = 10000
	sasl.login.retry.backoff.ms = 100
	sasl.mechanism = GSSAPI
	sasl.oauthbearer.clock.skew.seconds = 30
	sasl.oauthbearer.expected.audience = null
	sasl.oauthbearer.expected.issuer = null
	sasl.oauthbearer.header.urlencode = false
	sasl.oauthbearer.jwks.endpoint.refresh.ms = 3600000
	sasl.oauthbearer.jwks.endpoint.retry.backoff.max.ms = 10000
	sasl.oauthbearer.jwks.endpoint.retry.backoff.ms = 100
	sasl.oauthbearer.jwks.endpoint.url = null
	sasl.oauthbearer.scope.claim.name = scope
	sasl.oauthbearer.sub.claim.name = sub
	sasl.oauthbearer.token.endpoint.url = null
	security.protocol = PLAINTEXT
	security.providers = null
	send.buffer.bytes = 131072
	socket.connection.setup.timeout.max.ms = 30000
	socket.connection.setup.timeout.ms = 10000
	ssl.cipher.suites = null
	ssl.enabled.protocols = [TLSv1.2, TLSv1.3]
	ssl.endpoint.identification.algorithm = https
	ssl.engine.factory.class = null
	ssl.key.password = null
	ssl.keymanager.algorithm = SunX509
	ssl.keystore.certificate.chain = null
	ssl.keystore.key = null
	ssl.keystore.location = null
	ssl.keystore.password = null
	ssl.keystore.type = JKS
	ssl.protocol = TLSv1.3
	ssl.provider = null
	ssl.secure.random.implementation = null
	ssl.trustmanager.algorithm = PKIX
	ssl.truststore.certificates = null
	ssl.truststore.location = null
	ssl.truststore.password = null
	ssl.truststore.type = JKS

2025-07-31 20:40:11,804 INFO  [org.apa.kaf.com.uti.AppInfoParser] (main) Kafka version: 3.9.1
2025-07-31 20:40:11,804 INFO  [org.apa.kaf.com.uti.AppInfoParser] (main) Kafka commitId: f745dfdcee2b9851
2025-07-31 20:40:11,804 INFO  [org.apa.kaf.com.uti.AppInfoParser] (main) Kafka startTimeMs: 1753994411798
**** Registry Base URL: http://registry-app-inmemory.apps.ci419.apicurio-testing.org:80
2025-07-31 20:40:11,896 INFO  [org.apa.kaf.cli.pro.ProducerConfig] (main) ProducerConfig values: 
	acks = -1
	auto.include.jmx.reporter = true
	batch.size = 16384
	bootstrap.servers = [PLAINTEXT://localhost:32770]
	buffer.memory = 33554432
	client.dns.lookup = use_all_dns_ips
	client.id = Producer-topic-e0bc74ef_5e86_45ce_89cf_9d5c2da829b1
	compression.gzip.level = -1
	compression.lz4.level = 9
	compression.type = none
	compression.zstd.level = 3
	connections.max.idle.ms = 10000
	delivery.timeout.ms = 120000
	enable.idempotence = true
	enable.metrics.push = true
	interceptor.classes = []
	key.serializer = class org.apache.kafka.common.serialization.StringSerializer
	linger.ms = 0
	max.block.ms = 60000
	max.in.flight.requests.per.connection = 5
	max.request.size = 1048576
	metadata.max.age.ms = 300000
	metadata.max.idle.ms = 300000
	metadata.recovery.strategy = none
	metric.reporters = []
	metrics.num.samples = 2
	metrics.recording.level = INFO
	metrics.sample.window.ms = 30000
	partitioner.adaptive.partitioning.enable = true
	partitioner.availability.timeout.ms = 0
	partitioner.class = null
	partitioner.ignore.keys = false
	receive.buffer.bytes = 32768
	reconnect.backoff.max.ms = 1000
	reconnect.backoff.ms = 50
	request.timeout.ms = 5000
	retries = 2147483647
	retry.backoff.max.ms = 1000
	retry.backoff.ms = 100
	sasl.client.callback.handler.class = null
	sasl.jaas.config = null
	sasl.kerberos.kinit.cmd = /usr/bin/kinit
	sasl.kerberos.min.time.before.relogin = 60000
	sasl.kerberos.service.name = null
	sasl.kerberos.ticket.renew.jitter = 0.05
	sasl.kerberos.ticket.renew.window.factor = 0.8
	sasl.login.callback.handler.class = null
	sasl.login.class = null
	sasl.login.connect.timeout.ms = null
	sasl.login.read.timeout.ms = null
	sasl.login.refresh.buffer.seconds = 300
	sasl.login.refresh.min.period.seconds = 60
	sasl.login.refresh.window.factor = 0.8
	sasl.login.refresh.window.jitter = 0.05
	sasl.login.retry.backoff.max.ms = 10000
	sasl.login.retry.backoff.ms = 100
	sasl.mechanism = GSSAPI
	sasl.oauthbearer.clock.skew.seconds = 30
	sasl.oauthbearer.expected.audience = null
	sasl.oauthbearer.expected.issuer = null
	sasl.oauthbearer.header.urlencode = false
	sasl.oauthbearer.jwks.endpoint.refresh.ms = 3600000
	sasl.oauthbearer.jwks.endpoint.retry.backoff.max.ms = 10000
	sasl.oauthbearer.jwks.endpoint.retry.backoff.ms = 100
	sasl.oauthbearer.jwks.endpoint.url = null
	sasl.oauthbearer.scope.claim.name = scope
	sasl.oauthbearer.sub.claim.name = sub
	sasl.oauthbearer.token.endpoint.url = null
	security.protocol = PLAINTEXT
	security.providers = null
	send.buffer.bytes = 131072
	socket.connection.setup.timeout.max.ms = 30000
	socket.connection.setup.timeout.ms = 10000
	ssl.cipher.suites = null
	ssl.enabled.protocols = [TLSv1.2, TLSv1.3]
	ssl.endpoint.identification.algorithm = https
	ssl.engine.factory.class = null
	ssl.key.password = null
	ssl.keymanager.algorithm = SunX509
	ssl.keystore.certificate.chain = null
	ssl.keystore.key = null
	ssl.keystore.location = null
	ssl.keystore.password = null
	ssl.keystore.type = JKS
	ssl.protocol = TLSv1.3
	ssl.provider = null
	ssl.secure.random.implementation = null
	ssl.trustmanager.algorithm = PKIX
	ssl.truststore.certificates = null
	ssl.truststore.location = null
	ssl.truststore.password = null
	ssl.truststore.type = JKS
	transaction.timeout.ms = 60000
	transactional.id = null
	value.serializer = class io.apicurio.registry.serde.avro.AvroKafkaSerializer

2025-07-31 20:40:11,984 INFO  [org.apa.kaf.com.tel.int.KafkaMetricsCollector] (main) initializing Kafka metrics collector
2025-07-31 20:40:12,026 INFO  [org.apa.kaf.cli.pro.KafkaProducer] (main) [Producer clientId=Producer-topic-e0bc74ef_5e86_45ce_89cf_9d5c2da829b1] Instantiated an idempotent producer.
2025-07-31 20:40:12,078 INFO  [org.apa.kaf.cli.pro.ProducerConfig] (main) These configurations '[apicurio.registry.url, apicurio.registry.auto-register, apicurio.registry.use-id, apicurio.registry.artifact-resolver-strategy]' were supplied but are not used yet.
2025-07-31 20:40:12,078 INFO  [org.apa.kaf.com.uti.AppInfoParser] (main) Kafka version: 3.9.1
2025-07-31 20:40:12,081 INFO  [org.apa.kaf.com.uti.AppInfoParser] (main) Kafka commitId: f745dfdcee2b9851
2025-07-31 20:40:12,081 INFO  [org.apa.kaf.com.uti.AppInfoParser] (main) Kafka startTimeMs: 1753994412078
2025-07-31 20:40:12,081 INFO  [io.api.tes.ser.api.SimpleSerdesTesterBuilder$SimpleSerdesTester] (main) Using producer configuration: {apicurio.registry.url=http://registry-app-inmemory.apps.ci419.apicurio-testing.org:80/apis/registry/v3, apicurio.registry.auto-register=true, apicurio.registry.use-id=globalId, apicurio.registry.artifact-resolver-strategy=io.apicurio.registry.serde.strategy.TopicIdStrategy, value.serializer=io.apicurio.registry.serde.avro.AvroKafkaSerializer, request.timeout.ms=5000, acks=all, bootstrap.servers=PLAINTEXT://localhost:32770, connections.max.idle.ms=10000, key.serializer=org.apache.kafka.common.serialization.StringSerializer, client.id=Producer-topic-e0bc74ef_5e86_45ce_89cf_9d5c2da829b1}
2025-07-31 20:40:12,083 INFO  [io.api.tes.ser.api.SimpleSerdesTesterBuilder$SimpleSerdesTester] (main) Using consumer configuration: {apicurio.registry.use-id=globalId}
2025-07-31 20:40:12,089 INFO  [io.api.tes.ser.api.KafkaSerdesTester] (Thread-594) Sending message {"key11753994411854": "value-0"} to topic topic-e0bc74ef_5e86_45ce_89cf_9d5c2da829b1
2025-07-31 20:40:12,550 WARN  [org.apa.kaf.cli.NetworkClient] (kafka-producer-network-thread | Producer-topic-e0bc74ef_5e86_45ce_89cf_9d5c2da829b1) [Producer clientId=Producer-topic-e0bc74ef_5e86_45ce_89cf_9d5c2da829b1] The metadata response from the cluster reported a recoverable issue with correlation id 2 : {topic-e0bc74ef_5e86_45ce_89cf_9d5c2da829b1=LEADER_NOT_AVAILABLE}
2025-07-31 20:40:12,554 INFO  [org.apa.kaf.cli.Metadata] (kafka-producer-network-thread | Producer-topic-e0bc74ef_5e86_45ce_89cf_9d5c2da829b1) [Producer clientId=Producer-topic-e0bc74ef_5e86_45ce_89cf_9d5c2da829b1] Cluster ID: b-_w6pXwSzuW2BMgmumbNQ
2025-07-31 20:40:12,829 WARN  [org.apa.kaf.cli.NetworkClient] (kafka-producer-network-thread | Producer-topic-e0bc74ef_5e86_45ce_89cf_9d5c2da829b1) [Producer clientId=Producer-topic-e0bc74ef_5e86_45ce_89cf_9d5c2da829b1] The metadata response from the cluster reported a recoverable issue with correlation id 8 : {topic-e0bc74ef_5e86_45ce_89cf_9d5c2da829b1=LEADER_NOT_AVAILABLE}
2025-07-31 20:40:12,836 INFO  [org.apa.kaf.cli.pro.int.TransactionManager] (kafka-producer-network-thread | Producer-topic-e0bc74ef_5e86_45ce_89cf_9d5c2da829b1) [Producer clientId=Producer-topic-e0bc74ef_5e86_45ce_89cf_9d5c2da829b1] ProducerId set to 0 with epoch 0
2025-07-31 20:40:13,212 INFO  [io.api.tes.ser.api.KafkaSerdesTester] (Thread-594) Sending message {"key11753994411854": "value-1"} to topic topic-e0bc74ef_5e86_45ce_89cf_9d5c2da829b1
2025-07-31 20:40:13,222 INFO  [io.api.tes.ser.api.KafkaSerdesTester] (Thread-594) Sending message {"key11753994411854": "value-2"} to topic topic-e0bc74ef_5e86_45ce_89cf_9d5c2da829b1
2025-07-31 20:40:13,226 INFO  [io.api.tes.ser.api.KafkaSerdesTester] (Thread-594) Sending message {"key11753994411854": "value-3"} to topic topic-e0bc74ef_5e86_45ce_89cf_9d5c2da829b1
2025-07-31 20:40:13,233 INFO  [io.api.tes.ser.api.KafkaSerdesTester] (Thread-594) Sending message {"key11753994411854": "value-4"} to topic topic-e0bc74ef_5e86_45ce_89cf_9d5c2da829b1
2025-07-31 20:40:13,236 INFO  [io.api.tes.ser.api.KafkaSerdesTester] (Thread-594) Sending message {"key11753994411854": "value-5"} to topic topic-e0bc74ef_5e86_45ce_89cf_9d5c2da829b1
2025-07-31 20:40:13,244 INFO  [io.api.tes.ser.api.KafkaSerdesTester] (Thread-594) Sending message {"key11753994411854": "value-6"} to topic topic-e0bc74ef_5e86_45ce_89cf_9d5c2da829b1
2025-07-31 20:40:13,252 INFO  [io.api.tes.ser.api.KafkaSerdesTester] (Thread-594) Sending message {"key11753994411854": "value-7"} to topic topic-e0bc74ef_5e86_45ce_89cf_9d5c2da829b1
2025-07-31 20:40:13,257 INFO  [io.api.tes.ser.api.KafkaSerdesTester] (Thread-594) Sending message {"key11753994411854": "value-8"} to topic topic-e0bc74ef_5e86_45ce_89cf_9d5c2da829b1
2025-07-31 20:40:13,261 INFO  [io.api.tes.ser.api.KafkaSerdesTester] (Thread-594) Sending message {"key11753994411854": "value-9"} to topic topic-e0bc74ef_5e86_45ce_89cf_9d5c2da829b1
2025-07-31 20:40:13,265 INFO  [io.api.tes.ser.api.KafkaSerdesTester] (Thread-594) Produced 10 messages
2025-07-31 20:40:13,266 INFO  [org.apa.kaf.cli.pro.KafkaProducer] (Thread-594) [Producer clientId=Producer-topic-e0bc74ef_5e86_45ce_89cf_9d5c2da829b1] Closing the Kafka producer with timeoutMillis = 9223372036854775807 ms.
2025-07-31 20:40:13,284 INFO  [org.apa.kaf.com.met.Metrics] (Thread-594) Metrics scheduler closed
2025-07-31 20:40:13,284 INFO  [org.apa.kaf.com.met.Metrics] (Thread-594) Closing reporter org.apache.kafka.common.metrics.JmxReporter
2025-07-31 20:40:13,285 INFO  [org.apa.kaf.com.met.Metrics] (Thread-594) Closing reporter org.apache.kafka.common.telemetry.internals.ClientTelemetryReporter
2025-07-31 20:40:13,285 INFO  [org.apa.kaf.com.met.Metrics] (Thread-594) Metrics reporters closed
2025-07-31 20:40:13,286 INFO  [org.apa.kaf.com.uti.AppInfoParser] (Thread-594) App info kafka.producer for Producer-topic-e0bc74ef_5e86_45ce_89cf_9d5c2da829b1 unregistered
**** Registry Base URL: http://registry-app-inmemory.apps.ci419.apicurio-testing.org:80
2025-07-31 20:40:13,334 INFO  [org.apa.kaf.cli.con.ConsumerConfig] (main) ConsumerConfig values: 
	allow.auto.create.topics = true
	auto.commit.interval.ms = 500
	auto.include.jmx.reporter = true
	auto.offset.reset = earliest
	bootstrap.servers = [PLAINTEXT://localhost:32770]
	check.crcs = true
	client.dns.lookup = use_all_dns_ips
	client.id = consumer-Consumer-topic-e0bc74ef_5e86_45ce_89cf_9d5c2da829b1-1
	client.rack = 
	connections.max.idle.ms = 10000
	default.api.timeout.ms = 60000
	enable.auto.commit = true
	enable.metrics.push = true
	exclude.internal.topics = true
	fetch.max.bytes = 52428800
	fetch.max.wait.ms = 500
	fetch.min.bytes = 1
	group.id = Consumer-topic-e0bc74ef_5e86_45ce_89cf_9d5c2da829b1
	group.instance.id = null
	group.protocol = classic
	group.remote.assignor = null
	heartbeat.interval.ms = 3000
	interceptor.classes = []
	internal.leave.group.on.close = true
	internal.throw.on.fetch.stable.offset.unsupported = false
	isolation.level = read_uncommitted
	key.deserializer = class org.apache.kafka.common.serialization.StringDeserializer
	max.partition.fetch.bytes = 1048576
	max.poll.interval.ms = 300000
	max.poll.records = 500
	metadata.max.age.ms = 300000
	metadata.recovery.strategy = none
	metric.reporters = []
	metrics.num.samples = 2
	metrics.recording.level = INFO
	metrics.sample.window.ms = 30000
	partition.assignment.strategy = [class org.apache.kafka.clients.consumer.RangeAssignor, class org.apache.kafka.clients.consumer.CooperativeStickyAssignor]
	receive.buffer.bytes = 65536
	reconnect.backoff.max.ms = 1000
	reconnect.backoff.ms = 50
	request.timeout.ms = 5000
	retry.backoff.max.ms = 1000
	retry.backoff.ms = 100
	sasl.client.callback.handler.class = null
	sasl.jaas.config = null
	sasl.kerberos.kinit.cmd = /usr/bin/kinit
	sasl.kerberos.min.time.before.relogin = 60000
	sasl.kerberos.service.name = null
	sasl.kerberos.ticket.renew.jitter = 0.05
	sasl.kerberos.ticket.renew.window.factor = 0.8
	sasl.login.callback.handler.class = null
	sasl.login.class = null
	sasl.login.connect.timeout.ms = null
	sasl.login.read.timeout.ms = null
	sasl.login.refresh.buffer.seconds = 300
	sasl.login.refresh.min.period.seconds = 60
	sasl.login.refresh.window.factor = 0.8
	sasl.login.refresh.window.jitter = 0.05
	sasl.login.retry.backoff.max.ms = 10000
	sasl.login.retry.backoff.ms = 100
	sasl.mechanism = GSSAPI
	sasl.oauthbearer.clock.skew.seconds = 30
	sasl.oauthbearer.expected.audience = null
	sasl.oauthbearer.expected.issuer = null
	sasl.oauthbearer.header.urlencode = false
	sasl.oauthbearer.jwks.endpoint.refresh.ms = 3600000
	sasl.oauthbearer.jwks.endpoint.retry.backoff.max.ms = 10000
	sasl.oauthbearer.jwks.endpoint.retry.backoff.ms = 100
	sasl.oauthbearer.jwks.endpoint.url = null
	sasl.oauthbearer.scope.claim.name = scope
	sasl.oauthbearer.sub.claim.name = sub
	sasl.oauthbearer.token.endpoint.url = null
	security.protocol = PLAINTEXT
	security.providers = null
	send.buffer.bytes = 131072
	session.timeout.ms = 45000
	socket.connection.setup.timeout.max.ms = 30000
	socket.connection.setup.timeout.ms = 10000
	ssl.cipher.suites = null
	ssl.enabled.protocols = [TLSv1.2, TLSv1.3]
	ssl.endpoint.identification.algorithm = https
	ssl.engine.factory.class = null
	ssl.key.password = null
	ssl.keymanager.algorithm = SunX509
	ssl.keystore.certificate.chain = null
	ssl.keystore.key = null
	ssl.keystore.location = null
	ssl.keystore.password = null
	ssl.keystore.type = JKS
	ssl.protocol = TLSv1.3
	ssl.provider = null
	ssl.secure.random.implementation = null
	ssl.trustmanager.algorithm = PKIX
	ssl.truststore.certificates = null
	ssl.truststore.location = null
	ssl.truststore.password = null
	ssl.truststore.type = JKS
	value.deserializer = class io.apicurio.registry.serde.avro.AvroKafkaDeserializer

2025-07-31 20:40:13,343 INFO  [org.apa.kaf.com.tel.int.KafkaMetricsCollector] (main) initializing Kafka metrics collector
2025-07-31 20:40:13,392 INFO  [org.apa.kaf.cli.con.ConsumerConfig] (main) These configurations '[apicurio.registry.url, apicurio.registry.use-id]' were supplied but are not used yet.
2025-07-31 20:40:13,392 INFO  [org.apa.kaf.com.uti.AppInfoParser] (main) Kafka version: 3.9.1
2025-07-31 20:40:13,392 INFO  [org.apa.kaf.com.uti.AppInfoParser] (main) Kafka commitId: f745dfdcee2b9851
2025-07-31 20:40:13,393 INFO  [org.apa.kaf.com.uti.AppInfoParser] (main) Kafka startTimeMs: 1753994413392
2025-07-31 20:40:13,395 INFO  [org.apa.kaf.cli.con.int.ClassicKafkaConsumer] (Thread-597) [Consumer clientId=consumer-Consumer-topic-e0bc74ef_5e86_45ce_89cf_9d5c2da829b1-1, groupId=Consumer-topic-e0bc74ef_5e86_45ce_89cf_9d5c2da829b1] Subscribed to topic(s): topic-e0bc74ef_5e86_45ce_89cf_9d5c2da829b1
2025-07-31 20:40:13,413 INFO  [org.apa.kaf.cli.Metadata] (Thread-597) [Consumer clientId=consumer-Consumer-topic-e0bc74ef_5e86_45ce_89cf_9d5c2da829b1-1, groupId=Consumer-topic-e0bc74ef_5e86_45ce_89cf_9d5c2da829b1] Cluster ID: b-_w6pXwSzuW2BMgmumbNQ
2025-07-31 20:40:14,233 INFO  [org.apa.kaf.cli.con.int.ConsumerCoordinator] (Thread-597) [Consumer clientId=consumer-Consumer-topic-e0bc74ef_5e86_45ce_89cf_9d5c2da829b1-1, groupId=Consumer-topic-e0bc74ef_5e86_45ce_89cf_9d5c2da829b1] Discovered group coordinator localhost:32770 (id: 2147483647 rack: null)
2025-07-31 20:40:14,241 INFO  [org.apa.kaf.cli.con.int.ConsumerCoordinator] (Thread-597) [Consumer clientId=consumer-Consumer-topic-e0bc74ef_5e86_45ce_89cf_9d5c2da829b1-1, groupId=Consumer-topic-e0bc74ef_5e86_45ce_89cf_9d5c2da829b1] (Re-)joining group
2025-07-31 20:40:14,285 INFO  [org.apa.kaf.cli.con.int.ConsumerCoordinator] (Thread-597) [Consumer clientId=consumer-Consumer-topic-e0bc74ef_5e86_45ce_89cf_9d5c2da829b1-1, groupId=Consumer-topic-e0bc74ef_5e86_45ce_89cf_9d5c2da829b1] Request joining group due to: need to re-join with the given member-id: consumer-Consumer-topic-e0bc74ef_5e86_45ce_89cf_9d5c2da829b1-1-9a318461-ddf9-4675-a02e-1babb32864c5
2025-07-31 20:40:14,285 INFO  [org.apa.kaf.cli.con.int.ConsumerCoordinator] (Thread-597) [Consumer clientId=consumer-Consumer-topic-e0bc74ef_5e86_45ce_89cf_9d5c2da829b1-1, groupId=Consumer-topic-e0bc74ef_5e86_45ce_89cf_9d5c2da829b1] (Re-)joining group
2025-07-31 20:40:14,312 INFO  [org.apa.kaf.cli.con.int.ConsumerCoordinator] (Thread-597) [Consumer clientId=consumer-Consumer-topic-e0bc74ef_5e86_45ce_89cf_9d5c2da829b1-1, groupId=Consumer-topic-e0bc74ef_5e86_45ce_89cf_9d5c2da829b1] Successfully joined group with generation Generation{generationId=1, memberId='consumer-Consumer-topic-e0bc74ef_5e86_45ce_89cf_9d5c2da829b1-1-9a318461-ddf9-4675-a02e-1babb32864c5', protocol='range'}
2025-07-31 20:40:14,329 INFO  [org.apa.kaf.cli.con.int.ConsumerCoordinator] (Thread-597) [Consumer clientId=consumer-Consumer-topic-e0bc74ef_5e86_45ce_89cf_9d5c2da829b1-1, groupId=Consumer-topic-e0bc74ef_5e86_45ce_89cf_9d5c2da829b1] Finished assignment for group at generation 1: {consumer-Consumer-topic-e0bc74ef_5e86_45ce_89cf_9d5c2da829b1-1-9a318461-ddf9-4675-a02e-1babb32864c5=Assignment(partitions=[topic-e0bc74ef_5e86_45ce_89cf_9d5c2da829b1-0])}
2025-07-31 20:40:14,355 INFO  [org.apa.kaf.cli.con.int.ConsumerCoordinator] (Thread-597) [Consumer clientId=consumer-Consumer-topic-e0bc74ef_5e86_45ce_89cf_9d5c2da829b1-1, groupId=Consumer-topic-e0bc74ef_5e86_45ce_89cf_9d5c2da829b1] Successfully synced group in generation Generation{generationId=1, memberId='consumer-Consumer-topic-e0bc74ef_5e86_45ce_89cf_9d5c2da829b1-1-9a318461-ddf9-4675-a02e-1babb32864c5', protocol='range'}
2025-07-31 20:40:14,356 INFO  [org.apa.kaf.cli.con.int.ConsumerCoordinator] (Thread-597) [Consumer clientId=consumer-Consumer-topic-e0bc74ef_5e86_45ce_89cf_9d5c2da829b1-1, groupId=Consumer-topic-e0bc74ef_5e86_45ce_89cf_9d5c2da829b1] Notifying assignor about the new Assignment(partitions=[topic-e0bc74ef_5e86_45ce_89cf_9d5c2da829b1-0])
2025-07-31 20:40:14,359 INFO  [org.apa.kaf.cli.con.int.ConsumerRebalanceListenerInvoker] (Thread-597) [Consumer clientId=consumer-Consumer-topic-e0bc74ef_5e86_45ce_89cf_9d5c2da829b1-1, groupId=Consumer-topic-e0bc74ef_5e86_45ce_89cf_9d5c2da829b1] Adding newly assigned partitions: topic-e0bc74ef_5e86_45ce_89cf_9d5c2da829b1-0
2025-07-31 20:40:14,395 INFO  [org.apa.kaf.cli.con.int.ConsumerCoordinator] (Thread-597) [Consumer clientId=consumer-Consumer-topic-e0bc74ef_5e86_45ce_89cf_9d5c2da829b1-1, groupId=Consumer-topic-e0bc74ef_5e86_45ce_89cf_9d5c2da829b1] Found no committed offset for partition topic-e0bc74ef_5e86_45ce_89cf_9d5c2da829b1-0
2025-07-31 20:40:14,407 INFO  [io.api.tes.ser.api.KafkaSerdesTester] (Thread-597) None found
2025-07-31 20:40:14,427 INFO  [org.apa.kaf.cli.con.int.SubscriptionState] (Thread-597) [Consumer clientId=consumer-Consumer-topic-e0bc74ef_5e86_45ce_89cf_9d5c2da829b1-1, groupId=Consumer-topic-e0bc74ef_5e86_45ce_89cf_9d5c2da829b1] Resetting offset for partition topic-e0bc74ef_5e86_45ce_89cf_9d5c2da829b1-0 to position FetchPosition{offset=0, offsetEpoch=Optional.empty, currentLeader=LeaderAndEpoch{leader=Optional[localhost:32770 (id: 0 rack: null)], epoch=0}}.
2025-07-31 20:40:14,587 INFO  [io.api.tes.ser.api.KafkaSerdesTester] (Thread-597) topic-e0bc74ef_5e86_45ce_89cf_9d5c2da829b1 0 0 {"key11753994411854": "value-0"}
2025-07-31 20:40:14,588 INFO  [io.api.tes.ser.api.KafkaSerdesTester] (Thread-597) topic-e0bc74ef_5e86_45ce_89cf_9d5c2da829b1 0 1 {"key11753994411854": "value-1"}
2025-07-31 20:40:14,588 INFO  [io.api.tes.ser.api.KafkaSerdesTester] (Thread-597) topic-e0bc74ef_5e86_45ce_89cf_9d5c2da829b1 0 2 {"key11753994411854": "value-2"}
2025-07-31 20:40:14,588 INFO  [io.api.tes.ser.api.KafkaSerdesTester] (Thread-597) topic-e0bc74ef_5e86_45ce_89cf_9d5c2da829b1 0 3 {"key11753994411854": "value-3"}
2025-07-31 20:40:14,588 INFO  [io.api.tes.ser.api.KafkaSerdesTester] (Thread-597) topic-e0bc74ef_5e86_45ce_89cf_9d5c2da829b1 0 4 {"key11753994411854": "value-4"}
2025-07-31 20:40:14,588 INFO  [io.api.tes.ser.api.KafkaSerdesTester] (Thread-597) topic-e0bc74ef_5e86_45ce_89cf_9d5c2da829b1 0 5 {"key11753994411854": "value-5"}
2025-07-31 20:40:14,588 INFO  [io.api.tes.ser.api.KafkaSerdesTester] (Thread-597) topic-e0bc74ef_5e86_45ce_89cf_9d5c2da829b1 0 6 {"key11753994411854": "value-6"}
2025-07-31 20:40:14,588 INFO  [io.api.tes.ser.api.KafkaSerdesTester] (Thread-597) topic-e0bc74ef_5e86_45ce_89cf_9d5c2da829b1 0 7 {"key11753994411854": "value-7"}
2025-07-31 20:40:14,589 INFO  [io.api.tes.ser.api.KafkaSerdesTester] (Thread-597) topic-e0bc74ef_5e86_45ce_89cf_9d5c2da829b1 0 8 {"key11753994411854": "value-8"}
2025-07-31 20:40:14,594 INFO  [io.api.tes.ser.api.KafkaSerdesTester] (Thread-597) topic-e0bc74ef_5e86_45ce_89cf_9d5c2da829b1 0 9 {"key11753994411854": "value-9"}
2025-07-31 20:40:14,594 INFO  [io.api.tes.ser.api.KafkaSerdesTester] (Thread-597) Consumed 10 messages
2025-07-31 20:40:14,637 INFO  [org.apa.kaf.cli.con.int.ConsumerRebalanceListenerInvoker] (Thread-597) [Consumer clientId=consumer-Consumer-topic-e0bc74ef_5e86_45ce_89cf_9d5c2da829b1-1, groupId=Consumer-topic-e0bc74ef_5e86_45ce_89cf_9d5c2da829b1] Revoke previously assigned partitions topic-e0bc74ef_5e86_45ce_89cf_9d5c2da829b1-0
2025-07-31 20:40:14,637 INFO  [org.apa.kaf.cli.con.int.ConsumerCoordinator] (Thread-597) [Consumer clientId=consumer-Consumer-topic-e0bc74ef_5e86_45ce_89cf_9d5c2da829b1-1, groupId=Consumer-topic-e0bc74ef_5e86_45ce_89cf_9d5c2da829b1] Member consumer-Consumer-topic-e0bc74ef_5e86_45ce_89cf_9d5c2da829b1-1-9a318461-ddf9-4675-a02e-1babb32864c5 sending LeaveGroup request to coordinator localhost:32770 (id: 2147483647 rack: null) due to the consumer is being closed
2025-07-31 20:40:14,641 INFO  [org.apa.kaf.cli.con.int.ConsumerCoordinator] (Thread-597) [Consumer clientId=consumer-Consumer-topic-e0bc74ef_5e86_45ce_89cf_9d5c2da829b1-1, groupId=Consumer-topic-e0bc74ef_5e86_45ce_89cf_9d5c2da829b1] Resetting generation and member id due to: consumer pro-actively leaving the group
2025-07-31 20:40:14,643 INFO  [org.apa.kaf.cli.con.int.ConsumerCoordinator] (Thread-597) [Consumer clientId=consumer-Consumer-topic-e0bc74ef_5e86_45ce_89cf_9d5c2da829b1-1, groupId=Consumer-topic-e0bc74ef_5e86_45ce_89cf_9d5c2da829b1] Request joining group due to: consumer pro-actively leaving the group
2025-07-31 20:40:15,107 INFO  [org.apa.kaf.com.met.Metrics] (Thread-597) Metrics scheduler closed
2025-07-31 20:40:15,108 INFO  [org.apa.kaf.com.met.Metrics] (Thread-597) Closing reporter org.apache.kafka.common.metrics.JmxReporter
2025-07-31 20:40:15,108 INFO  [org.apa.kaf.com.met.Metrics] (Thread-597) Closing reporter org.apache.kafka.common.telemetry.internals.ClientTelemetryReporter
2025-07-31 20:40:15,108 INFO  [org.apa.kaf.com.met.Metrics] (Thread-597) Metrics reporters closed
2025-07-31 20:40:15,115 INFO  [org.apa.kaf.com.uti.AppInfoParser] (Thread-597) App info kafka.consumer for consumer-Consumer-topic-e0bc74ef_5e86_45ce_89cf_9d5c2da829b1-1 unregistered
2025-07-31 20:40:15,116 INFO  [io.api.tes.uti.TestSeparator] (main) io.apicurio.tests.serdes.apicurio.AvroSerdeIT.testGlobalIdInHeaders-FINISHED
2025-07-31 20:40:15,116 INFO  [io.api.tes.uti.TestSeparator] (main) ############################################################################
Test passed: testGlobalIdInHeaders
]]></system-out>
  </testcase>
  <testcase name="testSimpleTopicIdStrategyFindLatest" classname="io.apicurio.tests.serdes.apicurio.AvroSerdeIT" time="1.802">
    <system-out><![CDATA[2025-07-31 20:40:15,118 INFO  [io.api.tes.uti.TestSeparator] (main) ############################################################################
2025-07-31 20:40:15,118 INFO  [io.api.tes.uti.TestSeparator] (main) io.apicurio.tests.serdes.apicurio.AvroSerdeIT.testSimpleTopicIdStrategyFindLatest-STARTED
2025-07-31 20:40:15,119 INFO  [io.api.tes.ser.api.AvroSerdeIT] (main) Registering Avro Schema: {"type":"record","name":"myrecordapicurio1","fields":[{"name":"key11753994415118","type":"string"}]}
**** Registry Base URL: http://registry-app-inmemory.apps.ci419.apicurio-testing.org:80
2025-07-31 20:40:16,156 INFO  [org.apa.kaf.cli.pro.ProducerConfig] (main) ProducerConfig values: 
	acks = -1
	auto.include.jmx.reporter = true
	batch.size = 16384
	bootstrap.servers = [PLAINTEXT://localhost:32770]
	buffer.memory = 33554432
	client.dns.lookup = use_all_dns_ips
	client.id = Producer-topic-0dec1d97_f6c2_45d3_97f6_9591ac7f19d4
	compression.gzip.level = -1
	compression.lz4.level = 9
	compression.type = none
	compression.zstd.level = 3
	connections.max.idle.ms = 10000
	delivery.timeout.ms = 120000
	enable.idempotence = true
	enable.metrics.push = true
	interceptor.classes = []
	key.serializer = class org.apache.kafka.common.serialization.StringSerializer
	linger.ms = 0
	max.block.ms = 60000
	max.in.flight.requests.per.connection = 5
	max.request.size = 1048576
	metadata.max.age.ms = 300000
	metadata.max.idle.ms = 300000
	metadata.recovery.strategy = none
	metric.reporters = []
	metrics.num.samples = 2
	metrics.recording.level = INFO
	metrics.sample.window.ms = 30000
	partitioner.adaptive.partitioning.enable = true
	partitioner.availability.timeout.ms = 0
	partitioner.class = null
	partitioner.ignore.keys = false
	receive.buffer.bytes = 32768
	reconnect.backoff.max.ms = 1000
	reconnect.backoff.ms = 50
	request.timeout.ms = 5000
	retries = 2147483647
	retry.backoff.max.ms = 1000
	retry.backoff.ms = 100
	sasl.client.callback.handler.class = null
	sasl.jaas.config = null
	sasl.kerberos.kinit.cmd = /usr/bin/kinit
	sasl.kerberos.min.time.before.relogin = 60000
	sasl.kerberos.service.name = null
	sasl.kerberos.ticket.renew.jitter = 0.05
	sasl.kerberos.ticket.renew.window.factor = 0.8
	sasl.login.callback.handler.class = null
	sasl.login.class = null
	sasl.login.connect.timeout.ms = null
	sasl.login.read.timeout.ms = null
	sasl.login.refresh.buffer.seconds = 300
	sasl.login.refresh.min.period.seconds = 60
	sasl.login.refresh.window.factor = 0.8
	sasl.login.refresh.window.jitter = 0.05
	sasl.login.retry.backoff.max.ms = 10000
	sasl.login.retry.backoff.ms = 100
	sasl.mechanism = GSSAPI
	sasl.oauthbearer.clock.skew.seconds = 30
	sasl.oauthbearer.expected.audience = null
	sasl.oauthbearer.expected.issuer = null
	sasl.oauthbearer.header.urlencode = false
	sasl.oauthbearer.jwks.endpoint.refresh.ms = 3600000
	sasl.oauthbearer.jwks.endpoint.retry.backoff.max.ms = 10000
	sasl.oauthbearer.jwks.endpoint.retry.backoff.ms = 100
	sasl.oauthbearer.jwks.endpoint.url = null
	sasl.oauthbearer.scope.claim.name = scope
	sasl.oauthbearer.sub.claim.name = sub
	sasl.oauthbearer.token.endpoint.url = null
	security.protocol = PLAINTEXT
	security.providers = null
	send.buffer.bytes = 131072
	socket.connection.setup.timeout.max.ms = 30000
	socket.connection.setup.timeout.ms = 10000
	ssl.cipher.suites = null
	ssl.enabled.protocols = [TLSv1.2, TLSv1.3]
	ssl.endpoint.identification.algorithm = https
	ssl.engine.factory.class = null
	ssl.key.password = null
	ssl.keymanager.algorithm = SunX509
	ssl.keystore.certificate.chain = null
	ssl.keystore.key = null
	ssl.keystore.location = null
	ssl.keystore.password = null
	ssl.keystore.type = JKS
	ssl.protocol = TLSv1.3
	ssl.provider = null
	ssl.secure.random.implementation = null
	ssl.trustmanager.algorithm = PKIX
	ssl.truststore.certificates = null
	ssl.truststore.location = null
	ssl.truststore.password = null
	ssl.truststore.type = JKS
	transaction.timeout.ms = 60000
	transactional.id = null
	value.serializer = class io.apicurio.registry.serde.avro.AvroKafkaSerializer

2025-07-31 20:40:16,156 INFO  [org.apa.kaf.com.tel.int.KafkaMetricsCollector] (main) initializing Kafka metrics collector
2025-07-31 20:40:16,161 INFO  [org.apa.kaf.cli.pro.KafkaProducer] (main) [Producer clientId=Producer-topic-0dec1d97_f6c2_45d3_97f6_9591ac7f19d4] Instantiated an idempotent producer.
2025-07-31 20:40:16,173 INFO  [org.apa.kaf.cli.pro.ProducerConfig] (main) These configurations '[apicurio.registry.find-latest, apicurio.registry.artifact.group-id, apicurio.registry.url, apicurio.registry.artifact-resolver-strategy]' were supplied but are not used yet.
2025-07-31 20:40:16,173 INFO  [org.apa.kaf.com.uti.AppInfoParser] (main) Kafka version: 3.9.1
2025-07-31 20:40:16,173 INFO  [org.apa.kaf.com.uti.AppInfoParser] (main) Kafka commitId: f745dfdcee2b9851
2025-07-31 20:40:16,174 INFO  [org.apa.kaf.com.uti.AppInfoParser] (main) Kafka startTimeMs: 1753994416173
2025-07-31 20:40:16,179 INFO  [io.api.tes.ser.api.SimpleSerdesTesterBuilder$SimpleSerdesTester] (main) Using producer configuration: {apicurio.registry.find-latest=true, apicurio.registry.artifact.group-id=topic-0dec1d97_f6c2_45d3_97f6_9591ac7f19d4, apicurio.registry.url=http://registry-app-inmemory.apps.ci419.apicurio-testing.org:80/apis/registry/v3, apicurio.registry.artifact-resolver-strategy=io.apicurio.registry.serde.strategy.SimpleTopicIdStrategy, value.serializer=io.apicurio.registry.serde.avro.AvroKafkaSerializer, request.timeout.ms=5000, acks=all, bootstrap.servers=PLAINTEXT://localhost:32770, connections.max.idle.ms=10000, key.serializer=org.apache.kafka.common.serialization.StringSerializer, client.id=Producer-topic-0dec1d97_f6c2_45d3_97f6_9591ac7f19d4}
2025-07-31 20:40:16,179 INFO  [io.api.tes.ser.api.SimpleSerdesTesterBuilder$SimpleSerdesTester] (main) Using consumer configuration: {}
2025-07-31 20:40:16,180 INFO  [io.api.tes.ser.api.KafkaSerdesTester] (Thread-600) Sending message {"key11753994415118": "value-0"} to topic topic-0dec1d97_f6c2_45d3_97f6_9591ac7f19d4
2025-07-31 20:40:16,188 INFO  [org.apa.kaf.cli.Metadata] (kafka-producer-network-thread | Producer-topic-0dec1d97_f6c2_45d3_97f6_9591ac7f19d4) [Producer clientId=Producer-topic-0dec1d97_f6c2_45d3_97f6_9591ac7f19d4] Cluster ID: b-_w6pXwSzuW2BMgmumbNQ
2025-07-31 20:40:16,191 INFO  [org.apa.kaf.cli.pro.int.TransactionManager] (kafka-producer-network-thread | Producer-topic-0dec1d97_f6c2_45d3_97f6_9591ac7f19d4) [Producer clientId=Producer-topic-0dec1d97_f6c2_45d3_97f6_9591ac7f19d4] ProducerId set to 1 with epoch 0
2025-07-31 20:40:16,248 INFO  [io.api.tes.ser.api.KafkaSerdesTester] (Thread-600) Sending message {"key11753994415118": "value-1"} to topic topic-0dec1d97_f6c2_45d3_97f6_9591ac7f19d4
2025-07-31 20:40:16,251 INFO  [io.api.tes.ser.api.KafkaSerdesTester] (Thread-600) Sending message {"key11753994415118": "value-2"} to topic topic-0dec1d97_f6c2_45d3_97f6_9591ac7f19d4
2025-07-31 20:40:16,254 INFO  [io.api.tes.ser.api.KafkaSerdesTester] (Thread-600) Sending message {"key11753994415118": "value-3"} to topic topic-0dec1d97_f6c2_45d3_97f6_9591ac7f19d4
2025-07-31 20:40:16,256 INFO  [io.api.tes.ser.api.KafkaSerdesTester] (Thread-600) Sending message {"key11753994415118": "value-4"} to topic topic-0dec1d97_f6c2_45d3_97f6_9591ac7f19d4
2025-07-31 20:40:16,260 INFO  [io.api.tes.ser.api.KafkaSerdesTester] (Thread-600) Sending message {"key11753994415118": "value-5"} to topic topic-0dec1d97_f6c2_45d3_97f6_9591ac7f19d4
2025-07-31 20:40:16,262 INFO  [io.api.tes.ser.api.KafkaSerdesTester] (Thread-600) Sending message {"key11753994415118": "value-6"} to topic topic-0dec1d97_f6c2_45d3_97f6_9591ac7f19d4
2025-07-31 20:40:16,266 INFO  [io.api.tes.ser.api.KafkaSerdesTester] (Thread-600) Sending message {"key11753994415118": "value-7"} to topic topic-0dec1d97_f6c2_45d3_97f6_9591ac7f19d4
2025-07-31 20:40:16,269 INFO  [io.api.tes.ser.api.KafkaSerdesTester] (Thread-600) Sending message {"key11753994415118": "value-8"} to topic topic-0dec1d97_f6c2_45d3_97f6_9591ac7f19d4
2025-07-31 20:40:16,271 INFO  [io.api.tes.ser.api.KafkaSerdesTester] (Thread-600) Sending message {"key11753994415118": "value-9"} to topic topic-0dec1d97_f6c2_45d3_97f6_9591ac7f19d4
2025-07-31 20:40:16,274 INFO  [io.api.tes.ser.api.KafkaSerdesTester] (Thread-600) Produced 10 messages
2025-07-31 20:40:16,275 INFO  [org.apa.kaf.cli.pro.KafkaProducer] (Thread-600) [Producer clientId=Producer-topic-0dec1d97_f6c2_45d3_97f6_9591ac7f19d4] Closing the Kafka producer with timeoutMillis = 9223372036854775807 ms.
2025-07-31 20:40:16,281 INFO  [org.apa.kaf.com.met.Metrics] (Thread-600) Metrics scheduler closed
2025-07-31 20:40:16,282 INFO  [org.apa.kaf.com.met.Metrics] (Thread-600) Closing reporter org.apache.kafka.common.metrics.JmxReporter
2025-07-31 20:40:16,282 INFO  [org.apa.kaf.com.met.Metrics] (Thread-600) Closing reporter org.apache.kafka.common.telemetry.internals.ClientTelemetryReporter
2025-07-31 20:40:16,282 INFO  [org.apa.kaf.com.met.Metrics] (Thread-600) Metrics reporters closed
2025-07-31 20:40:16,283 INFO  [org.apa.kaf.com.uti.AppInfoParser] (Thread-600) App info kafka.producer for Producer-topic-0dec1d97_f6c2_45d3_97f6_9591ac7f19d4 unregistered
**** Registry Base URL: http://registry-app-inmemory.apps.ci419.apicurio-testing.org:80
2025-07-31 20:40:16,284 INFO  [org.apa.kaf.cli.con.ConsumerConfig] (main) ConsumerConfig values: 
	allow.auto.create.topics = true
	auto.commit.interval.ms = 500
	auto.include.jmx.reporter = true
	auto.offset.reset = earliest
	bootstrap.servers = [PLAINTEXT://localhost:32770]
	check.crcs = true
	client.dns.lookup = use_all_dns_ips
	client.id = consumer-Consumer-topic-0dec1d97_f6c2_45d3_97f6_9591ac7f19d4-2
	client.rack = 
	connections.max.idle.ms = 10000
	default.api.timeout.ms = 60000
	enable.auto.commit = true
	enable.metrics.push = true
	exclude.internal.topics = true
	fetch.max.bytes = 52428800
	fetch.max.wait.ms = 500
	fetch.min.bytes = 1
	group.id = Consumer-topic-0dec1d97_f6c2_45d3_97f6_9591ac7f19d4
	group.instance.id = null
	group.protocol = classic
	group.remote.assignor = null
	heartbeat.interval.ms = 3000
	interceptor.classes = []
	internal.leave.group.on.close = true
	internal.throw.on.fetch.stable.offset.unsupported = false
	isolation.level = read_uncommitted
	key.deserializer = class org.apache.kafka.common.serialization.StringDeserializer
	max.partition.fetch.bytes = 1048576
	max.poll.interval.ms = 300000
	max.poll.records = 500
	metadata.max.age.ms = 300000
	metadata.recovery.strategy = none
	metric.reporters = []
	metrics.num.samples = 2
	metrics.recording.level = INFO
	metrics.sample.window.ms = 30000
	partition.assignment.strategy = [class org.apache.kafka.clients.consumer.RangeAssignor, class org.apache.kafka.clients.consumer.CooperativeStickyAssignor]
	receive.buffer.bytes = 65536
	reconnect.backoff.max.ms = 1000
	reconnect.backoff.ms = 50
	request.timeout.ms = 5000
	retry.backoff.max.ms = 1000
	retry.backoff.ms = 100
	sasl.client.callback.handler.class = null
	sasl.jaas.config = null
	sasl.kerberos.kinit.cmd = /usr/bin/kinit
	sasl.kerberos.min.time.before.relogin = 60000
	sasl.kerberos.service.name = null
	sasl.kerberos.ticket.renew.jitter = 0.05
	sasl.kerberos.ticket.renew.window.factor = 0.8
	sasl.login.callback.handler.class = null
	sasl.login.class = null
	sasl.login.connect.timeout.ms = null
	sasl.login.read.timeout.ms = null
	sasl.login.refresh.buffer.seconds = 300
	sasl.login.refresh.min.period.seconds = 60
	sasl.login.refresh.window.factor = 0.8
	sasl.login.refresh.window.jitter = 0.05
	sasl.login.retry.backoff.max.ms = 10000
	sasl.login.retry.backoff.ms = 100
	sasl.mechanism = GSSAPI
	sasl.oauthbearer.clock.skew.seconds = 30
	sasl.oauthbearer.expected.audience = null
	sasl.oauthbearer.expected.issuer = null
	sasl.oauthbearer.header.urlencode = false
	sasl.oauthbearer.jwks.endpoint.refresh.ms = 3600000
	sasl.oauthbearer.jwks.endpoint.retry.backoff.max.ms = 10000
	sasl.oauthbearer.jwks.endpoint.retry.backoff.ms = 100
	sasl.oauthbearer.jwks.endpoint.url = null
	sasl.oauthbearer.scope.claim.name = scope
	sasl.oauthbearer.sub.claim.name = sub
	sasl.oauthbearer.token.endpoint.url = null
	security.protocol = PLAINTEXT
	security.providers = null
	send.buffer.bytes = 131072
	session.timeout.ms = 45000
	socket.connection.setup.timeout.max.ms = 30000
	socket.connection.setup.timeout.ms = 10000
	ssl.cipher.suites = null
	ssl.enabled.protocols = [TLSv1.2, TLSv1.3]
	ssl.endpoint.identification.algorithm = https
	ssl.engine.factory.class = null
	ssl.key.password = null
	ssl.keymanager.algorithm = SunX509
	ssl.keystore.certificate.chain = null
	ssl.keystore.key = null
	ssl.keystore.location = null
	ssl.keystore.password = null
	ssl.keystore.type = JKS
	ssl.protocol = TLSv1.3
	ssl.provider = null
	ssl.secure.random.implementation = null
	ssl.trustmanager.algorithm = PKIX
	ssl.truststore.certificates = null
	ssl.truststore.location = null
	ssl.truststore.password = null
	ssl.truststore.type = JKS
	value.deserializer = class io.apicurio.registry.serde.avro.AvroKafkaDeserializer

2025-07-31 20:40:16,285 INFO  [org.apa.kaf.com.tel.int.KafkaMetricsCollector] (main) initializing Kafka metrics collector
2025-07-31 20:40:16,302 INFO  [org.apa.kaf.cli.con.ConsumerConfig] (main) These configurations '[apicurio.registry.url]' were supplied but are not used yet.
2025-07-31 20:40:16,303 INFO  [org.apa.kaf.com.uti.AppInfoParser] (main) Kafka version: 3.9.1
2025-07-31 20:40:16,303 INFO  [org.apa.kaf.com.uti.AppInfoParser] (main) Kafka commitId: f745dfdcee2b9851
2025-07-31 20:40:16,303 INFO  [org.apa.kaf.com.uti.AppInfoParser] (main) Kafka startTimeMs: 1753994416303
2025-07-31 20:40:16,304 INFO  [org.apa.kaf.cli.con.int.ClassicKafkaConsumer] (Thread-603) [Consumer clientId=consumer-Consumer-topic-0dec1d97_f6c2_45d3_97f6_9591ac7f19d4-2, groupId=Consumer-topic-0dec1d97_f6c2_45d3_97f6_9591ac7f19d4] Subscribed to topic(s): topic-0dec1d97_f6c2_45d3_97f6_9591ac7f19d4
2025-07-31 20:40:16,314 INFO  [org.apa.kaf.cli.Metadata] (Thread-603) [Consumer clientId=consumer-Consumer-topic-0dec1d97_f6c2_45d3_97f6_9591ac7f19d4-2, groupId=Consumer-topic-0dec1d97_f6c2_45d3_97f6_9591ac7f19d4] Cluster ID: b-_w6pXwSzuW2BMgmumbNQ
2025-07-31 20:40:16,318 INFO  [org.apa.kaf.cli.con.int.ConsumerCoordinator] (Thread-603) [Consumer clientId=consumer-Consumer-topic-0dec1d97_f6c2_45d3_97f6_9591ac7f19d4-2, groupId=Consumer-topic-0dec1d97_f6c2_45d3_97f6_9591ac7f19d4] Discovered group coordinator localhost:32770 (id: 2147483647 rack: null)
2025-07-31 20:40:16,324 INFO  [org.apa.kaf.cli.con.int.ConsumerCoordinator] (Thread-603) [Consumer clientId=consumer-Consumer-topic-0dec1d97_f6c2_45d3_97f6_9591ac7f19d4-2, groupId=Consumer-topic-0dec1d97_f6c2_45d3_97f6_9591ac7f19d4] (Re-)joining group
2025-07-31 20:40:16,342 INFO  [org.apa.kaf.cli.con.int.ConsumerCoordinator] (Thread-603) [Consumer clientId=consumer-Consumer-topic-0dec1d97_f6c2_45d3_97f6_9591ac7f19d4-2, groupId=Consumer-topic-0dec1d97_f6c2_45d3_97f6_9591ac7f19d4] Request joining group due to: need to re-join with the given member-id: consumer-Consumer-topic-0dec1d97_f6c2_45d3_97f6_9591ac7f19d4-2-f31abbee-6a7c-431f-b2ea-c9087761d013
2025-07-31 20:40:16,342 INFO  [org.apa.kaf.cli.con.int.ConsumerCoordinator] (Thread-603) [Consumer clientId=consumer-Consumer-topic-0dec1d97_f6c2_45d3_97f6_9591ac7f19d4-2, groupId=Consumer-topic-0dec1d97_f6c2_45d3_97f6_9591ac7f19d4] (Re-)joining group
2025-07-31 20:40:16,355 INFO  [org.apa.kaf.cli.con.int.ConsumerCoordinator] (Thread-603) [Consumer clientId=consumer-Consumer-topic-0dec1d97_f6c2_45d3_97f6_9591ac7f19d4-2, groupId=Consumer-topic-0dec1d97_f6c2_45d3_97f6_9591ac7f19d4] Successfully joined group with generation Generation{generationId=1, memberId='consumer-Consumer-topic-0dec1d97_f6c2_45d3_97f6_9591ac7f19d4-2-f31abbee-6a7c-431f-b2ea-c9087761d013', protocol='range'}
2025-07-31 20:40:16,355 INFO  [org.apa.kaf.cli.con.int.ConsumerCoordinator] (Thread-603) [Consumer clientId=consumer-Consumer-topic-0dec1d97_f6c2_45d3_97f6_9591ac7f19d4-2, groupId=Consumer-topic-0dec1d97_f6c2_45d3_97f6_9591ac7f19d4] Finished assignment for group at generation 1: {consumer-Consumer-topic-0dec1d97_f6c2_45d3_97f6_9591ac7f19d4-2-f31abbee-6a7c-431f-b2ea-c9087761d013=Assignment(partitions=[topic-0dec1d97_f6c2_45d3_97f6_9591ac7f19d4-0])}
2025-07-31 20:40:16,363 INFO  [org.apa.kaf.cli.con.int.ConsumerCoordinator] (Thread-603) [Consumer clientId=consumer-Consumer-topic-0dec1d97_f6c2_45d3_97f6_9591ac7f19d4-2, groupId=Consumer-topic-0dec1d97_f6c2_45d3_97f6_9591ac7f19d4] Successfully synced group in generation Generation{generationId=1, memberId='consumer-Consumer-topic-0dec1d97_f6c2_45d3_97f6_9591ac7f19d4-2-f31abbee-6a7c-431f-b2ea-c9087761d013', protocol='range'}
2025-07-31 20:40:16,364 INFO  [org.apa.kaf.cli.con.int.ConsumerCoordinator] (Thread-603) [Consumer clientId=consumer-Consumer-topic-0dec1d97_f6c2_45d3_97f6_9591ac7f19d4-2, groupId=Consumer-topic-0dec1d97_f6c2_45d3_97f6_9591ac7f19d4] Notifying assignor about the new Assignment(partitions=[topic-0dec1d97_f6c2_45d3_97f6_9591ac7f19d4-0])
2025-07-31 20:40:16,364 INFO  [org.apa.kaf.cli.con.int.ConsumerRebalanceListenerInvoker] (Thread-603) [Consumer clientId=consumer-Consumer-topic-0dec1d97_f6c2_45d3_97f6_9591ac7f19d4-2, groupId=Consumer-topic-0dec1d97_f6c2_45d3_97f6_9591ac7f19d4] Adding newly assigned partitions: topic-0dec1d97_f6c2_45d3_97f6_9591ac7f19d4-0
2025-07-31 20:40:16,367 INFO  [org.apa.kaf.cli.con.int.ConsumerCoordinator] (Thread-603) [Consumer clientId=consumer-Consumer-topic-0dec1d97_f6c2_45d3_97f6_9591ac7f19d4-2, groupId=Consumer-topic-0dec1d97_f6c2_45d3_97f6_9591ac7f19d4] Found no committed offset for partition topic-0dec1d97_f6c2_45d3_97f6_9591ac7f19d4-0
2025-07-31 20:40:16,373 INFO  [org.apa.kaf.cli.con.int.SubscriptionState] (Thread-603) [Consumer clientId=consumer-Consumer-topic-0dec1d97_f6c2_45d3_97f6_9591ac7f19d4-2, groupId=Consumer-topic-0dec1d97_f6c2_45d3_97f6_9591ac7f19d4] Resetting offset for partition topic-0dec1d97_f6c2_45d3_97f6_9591ac7f19d4-0 to position FetchPosition{offset=0, offsetEpoch=Optional.empty, currentLeader=LeaderAndEpoch{leader=Optional[localhost:32770 (id: 0 rack: null)], epoch=0}}.
2025-07-31 20:40:16,406 INFO  [io.api.tes.ser.api.KafkaSerdesTester] (Thread-603) topic-0dec1d97_f6c2_45d3_97f6_9591ac7f19d4 0 0 {"key11753994415118": "value-0"}
2025-07-31 20:40:16,406 INFO  [io.api.tes.ser.api.KafkaSerdesTester] (Thread-603) topic-0dec1d97_f6c2_45d3_97f6_9591ac7f19d4 0 1 {"key11753994415118": "value-1"}
2025-07-31 20:40:16,406 INFO  [io.api.tes.ser.api.KafkaSerdesTester] (Thread-603) topic-0dec1d97_f6c2_45d3_97f6_9591ac7f19d4 0 2 {"key11753994415118": "value-2"}
2025-07-31 20:40:16,406 INFO  [io.api.tes.ser.api.KafkaSerdesTester] (Thread-603) topic-0dec1d97_f6c2_45d3_97f6_9591ac7f19d4 0 3 {"key11753994415118": "value-3"}
2025-07-31 20:40:16,407 INFO  [io.api.tes.ser.api.KafkaSerdesTester] (Thread-603) topic-0dec1d97_f6c2_45d3_97f6_9591ac7f19d4 0 4 {"key11753994415118": "value-4"}
2025-07-31 20:40:16,407 INFO  [io.api.tes.ser.api.KafkaSerdesTester] (Thread-603) topic-0dec1d97_f6c2_45d3_97f6_9591ac7f19d4 0 5 {"key11753994415118": "value-5"}
2025-07-31 20:40:16,407 INFO  [io.api.tes.ser.api.KafkaSerdesTester] (Thread-603) topic-0dec1d97_f6c2_45d3_97f6_9591ac7f19d4 0 6 {"key11753994415118": "value-6"}
2025-07-31 20:40:16,407 INFO  [io.api.tes.ser.api.KafkaSerdesTester] (Thread-603) topic-0dec1d97_f6c2_45d3_97f6_9591ac7f19d4 0 7 {"key11753994415118": "value-7"}
2025-07-31 20:40:16,407 INFO  [io.api.tes.ser.api.KafkaSerdesTester] (Thread-603) topic-0dec1d97_f6c2_45d3_97f6_9591ac7f19d4 0 8 {"key11753994415118": "value-8"}
2025-07-31 20:40:16,407 INFO  [io.api.tes.ser.api.KafkaSerdesTester] (Thread-603) topic-0dec1d97_f6c2_45d3_97f6_9591ac7f19d4 0 9 {"key11753994415118": "value-9"}
2025-07-31 20:40:16,408 INFO  [io.api.tes.ser.api.KafkaSerdesTester] (Thread-603) Consumed 10 messages
2025-07-31 20:40:16,411 INFO  [org.apa.kaf.cli.con.int.ConsumerRebalanceListenerInvoker] (Thread-603) [Consumer clientId=consumer-Consumer-topic-0dec1d97_f6c2_45d3_97f6_9591ac7f19d4-2, groupId=Consumer-topic-0dec1d97_f6c2_45d3_97f6_9591ac7f19d4] Revoke previously assigned partitions topic-0dec1d97_f6c2_45d3_97f6_9591ac7f19d4-0
2025-07-31 20:40:16,411 INFO  [org.apa.kaf.cli.con.int.ConsumerCoordinator] (Thread-603) [Consumer clientId=consumer-Consumer-topic-0dec1d97_f6c2_45d3_97f6_9591ac7f19d4-2, groupId=Consumer-topic-0dec1d97_f6c2_45d3_97f6_9591ac7f19d4] Member consumer-Consumer-topic-0dec1d97_f6c2_45d3_97f6_9591ac7f19d4-2-f31abbee-6a7c-431f-b2ea-c9087761d013 sending LeaveGroup request to coordinator localhost:32770 (id: 2147483647 rack: null) due to the consumer is being closed
2025-07-31 20:40:16,411 INFO  [org.apa.kaf.cli.con.int.ConsumerCoordinator] (Thread-603) [Consumer clientId=consumer-Consumer-topic-0dec1d97_f6c2_45d3_97f6_9591ac7f19d4-2, groupId=Consumer-topic-0dec1d97_f6c2_45d3_97f6_9591ac7f19d4] Resetting generation and member id due to: consumer pro-actively leaving the group
2025-07-31 20:40:16,411 INFO  [org.apa.kaf.cli.con.int.ConsumerCoordinator] (Thread-603) [Consumer clientId=consumer-Consumer-topic-0dec1d97_f6c2_45d3_97f6_9591ac7f19d4-2, groupId=Consumer-topic-0dec1d97_f6c2_45d3_97f6_9591ac7f19d4] Request joining group due to: consumer pro-actively leaving the group
2025-07-31 20:40:16,911 INFO  [org.apa.kaf.com.met.Metrics] (Thread-603) Metrics scheduler closed
2025-07-31 20:40:16,911 INFO  [org.apa.kaf.com.met.Metrics] (Thread-603) Closing reporter org.apache.kafka.common.metrics.JmxReporter
2025-07-31 20:40:16,912 INFO  [org.apa.kaf.com.met.Metrics] (Thread-603) Closing reporter org.apache.kafka.common.telemetry.internals.ClientTelemetryReporter
2025-07-31 20:40:16,912 INFO  [org.apa.kaf.com.met.Metrics] (Thread-603) Metrics reporters closed
2025-07-31 20:40:16,918 INFO  [org.apa.kaf.com.uti.AppInfoParser] (Thread-603) App info kafka.consumer for consumer-Consumer-topic-0dec1d97_f6c2_45d3_97f6_9591ac7f19d4-2 unregistered
2025-07-31 20:40:16,918 INFO  [io.api.tes.uti.TestSeparator] (main) io.apicurio.tests.serdes.apicurio.AvroSerdeIT.testSimpleTopicIdStrategyFindLatest-FINISHED
2025-07-31 20:40:16,919 INFO  [io.api.tes.uti.TestSeparator] (main) ############################################################################
Test passed: testSimpleTopicIdStrategyFindLatest
]]></system-out>
  </testcase>
  <testcase name="testWrongSchema" classname="io.apicurio.tests.serdes.apicurio.AvroSerdeIT" time="1.125">
    <system-out><![CDATA[2025-07-31 20:40:16,922 INFO  [io.api.tes.uti.TestSeparator] (main) ############################################################################
2025-07-31 20:40:16,922 INFO  [io.api.tes.uti.TestSeparator] (main) io.apicurio.tests.serdes.apicurio.AvroSerdeIT.testWrongSchema-STARTED
**** Registry Base URL: http://registry-app-inmemory.apps.ci419.apicurio-testing.org:80
2025-07-31 20:40:17,969 INFO  [org.apa.kaf.cli.pro.ProducerConfig] (main) ProducerConfig values: 
	acks = -1
	auto.include.jmx.reporter = true
	batch.size = 16384
	bootstrap.servers = [PLAINTEXT://localhost:32770]
	buffer.memory = 33554432
	client.dns.lookup = use_all_dns_ips
	client.id = Producer-saad40d74x9954x49dcx9db4x72f1d6b6fa2d
	compression.gzip.level = -1
	compression.lz4.level = 9
	compression.type = none
	compression.zstd.level = 3
	connections.max.idle.ms = 10000
	delivery.timeout.ms = 120000
	enable.idempotence = true
	enable.metrics.push = true
	interceptor.classes = []
	key.serializer = class org.apache.kafka.common.serialization.StringSerializer
	linger.ms = 0
	max.block.ms = 60000
	max.in.flight.requests.per.connection = 5
	max.request.size = 1048576
	metadata.max.age.ms = 300000
	metadata.max.idle.ms = 300000
	metadata.recovery.strategy = none
	metric.reporters = []
	metrics.num.samples = 2
	metrics.recording.level = INFO
	metrics.sample.window.ms = 30000
	partitioner.adaptive.partitioning.enable = true
	partitioner.availability.timeout.ms = 0
	partitioner.class = null
	partitioner.ignore.keys = false
	receive.buffer.bytes = 32768
	reconnect.backoff.max.ms = 1000
	reconnect.backoff.ms = 50
	request.timeout.ms = 5000
	retries = 2147483647
	retry.backoff.max.ms = 1000
	retry.backoff.ms = 100
	sasl.client.callback.handler.class = null
	sasl.jaas.config = null
	sasl.kerberos.kinit.cmd = /usr/bin/kinit
	sasl.kerberos.min.time.before.relogin = 60000
	sasl.kerberos.service.name = null
	sasl.kerberos.ticket.renew.jitter = 0.05
	sasl.kerberos.ticket.renew.window.factor = 0.8
	sasl.login.callback.handler.class = null
	sasl.login.class = null
	sasl.login.connect.timeout.ms = null
	sasl.login.read.timeout.ms = null
	sasl.login.refresh.buffer.seconds = 300
	sasl.login.refresh.min.period.seconds = 60
	sasl.login.refresh.window.factor = 0.8
	sasl.login.refresh.window.jitter = 0.05
	sasl.login.retry.backoff.max.ms = 10000
	sasl.login.retry.backoff.ms = 100
	sasl.mechanism = GSSAPI
	sasl.oauthbearer.clock.skew.seconds = 30
	sasl.oauthbearer.expected.audience = null
	sasl.oauthbearer.expected.issuer = null
	sasl.oauthbearer.header.urlencode = false
	sasl.oauthbearer.jwks.endpoint.refresh.ms = 3600000
	sasl.oauthbearer.jwks.endpoint.retry.backoff.max.ms = 10000
	sasl.oauthbearer.jwks.endpoint.retry.backoff.ms = 100
	sasl.oauthbearer.jwks.endpoint.url = null
	sasl.oauthbearer.scope.claim.name = scope
	sasl.oauthbearer.sub.claim.name = sub
	sasl.oauthbearer.token.endpoint.url = null
	security.protocol = PLAINTEXT
	security.providers = null
	send.buffer.bytes = 131072
	socket.connection.setup.timeout.max.ms = 30000
	socket.connection.setup.timeout.ms = 10000
	ssl.cipher.suites = null
	ssl.enabled.protocols = [TLSv1.2, TLSv1.3]
	ssl.endpoint.identification.algorithm = https
	ssl.engine.factory.class = null
	ssl.key.password = null
	ssl.keymanager.algorithm = SunX509
	ssl.keystore.certificate.chain = null
	ssl.keystore.key = null
	ssl.keystore.location = null
	ssl.keystore.password = null
	ssl.keystore.type = JKS
	ssl.protocol = TLSv1.3
	ssl.provider = null
	ssl.secure.random.implementation = null
	ssl.trustmanager.algorithm = PKIX
	ssl.truststore.certificates = null
	ssl.truststore.location = null
	ssl.truststore.password = null
	ssl.truststore.type = JKS
	transaction.timeout.ms = 60000
	transactional.id = null
	value.serializer = class io.apicurio.registry.serde.avro.AvroKafkaSerializer

2025-07-31 20:40:17,969 INFO  [org.apa.kaf.com.tel.int.KafkaMetricsCollector] (main) initializing Kafka metrics collector
2025-07-31 20:40:17,977 INFO  [org.apa.kaf.cli.pro.KafkaProducer] (main) [Producer clientId=Producer-saad40d74x9954x49dcx9db4x72f1d6b6fa2d] Instantiated an idempotent producer.
2025-07-31 20:40:17,982 INFO  [org.apa.kaf.cli.pro.ProducerConfig] (main) These configurations '[apicurio.registry.find-latest, apicurio.registry.url, apicurio.registry.artifact-resolver-strategy]' were supplied but are not used yet.
2025-07-31 20:40:17,982 INFO  [org.apa.kaf.com.uti.AppInfoParser] (main) Kafka version: 3.9.1
2025-07-31 20:40:17,982 INFO  [org.apa.kaf.com.uti.AppInfoParser] (main) Kafka commitId: f745dfdcee2b9851
2025-07-31 20:40:17,982 INFO  [org.apa.kaf.com.uti.AppInfoParser] (main) Kafka startTimeMs: 1753994417982
2025-07-31 20:40:17,985 INFO  [io.api.tes.ser.api.KafkaSerdesTester] (Thread-606) Sending message {"keyB": "value-0"} to topic saad40d74x9954x49dcx9db4x72f1d6b6fa2d
2025-07-31 20:40:17,991 INFO  [org.apa.kaf.cli.Metadata] (kafka-producer-network-thread | Producer-saad40d74x9954x49dcx9db4x72f1d6b6fa2d) [Producer clientId=Producer-saad40d74x9954x49dcx9db4x72f1d6b6fa2d] Cluster ID: b-_w6pXwSzuW2BMgmumbNQ
2025-07-31 20:40:17,993 INFO  [org.apa.kaf.cli.pro.int.TransactionManager] (kafka-producer-network-thread | Producer-saad40d74x9954x49dcx9db4x72f1d6b6fa2d) [Producer clientId=Producer-saad40d74x9954x49dcx9db4x72f1d6b6fa2d] ProducerId set to 2 with epoch 0
2025-07-31 20:40:18,035 INFO  [org.apa.kaf.cli.pro.KafkaProducer] (Thread-606) [Producer clientId=Producer-saad40d74x9954x49dcx9db4x72f1d6b6fa2d] Closing the Kafka producer with timeoutMillis = 9223372036854775807 ms.
2025-07-31 20:40:18,041 INFO  [org.apa.kaf.com.met.Metrics] (Thread-606) Metrics scheduler closed
2025-07-31 20:40:18,041 INFO  [org.apa.kaf.com.met.Metrics] (Thread-606) Closing reporter org.apache.kafka.common.metrics.JmxReporter
2025-07-31 20:40:18,041 INFO  [org.apa.kaf.com.met.Metrics] (Thread-606) Closing reporter org.apache.kafka.common.telemetry.internals.ClientTelemetryReporter
2025-07-31 20:40:18,041 INFO  [org.apa.kaf.com.met.Metrics] (Thread-606) Metrics reporters closed
2025-07-31 20:40:18,042 INFO  [org.apa.kaf.com.uti.AppInfoParser] (Thread-606) App info kafka.producer for Producer-saad40d74x9954x49dcx9db4x72f1d6b6fa2d unregistered
2025-07-31 20:40:18,044 INFO  [io.api.tes.uti.TestSeparator] (main) io.apicurio.tests.serdes.apicurio.AvroSerdeIT.testWrongSchema-FINISHED
2025-07-31 20:40:18,044 INFO  [io.api.tes.uti.TestSeparator] (main) ############################################################################
Test passed: testWrongSchema
]]></system-out>
    <system-err><![CDATA[io.apicurio.registry.rest.client.models.ProblemDetails
	at io.apicurio.registry.rest.client.models.ProblemDetails.createFromDiscriminatorValue(ProblemDetails.java:58)
	at io.kiota.serialization.json.JsonParseNode.getObjectValue(JsonParseNode.java:247)
	at io.kiota.http.vertx.VertXRequestAdapter.lambda$throwIfFailedResponse$0(VertXRequestAdapter.java:400)
	at com.microsoft.kiota.ApiExceptionBuilder.<init>(ApiExceptionBuilder.java:26)
	at io.kiota.http.vertx.VertXRequestAdapter.throwIfFailedResponse(VertXRequestAdapter.java:399)
	at io.kiota.http.vertx.VertXRequestAdapter.send(VertXRequestAdapter.java:170)
	at io.apicurio.registry.rest.client.groups.item.artifacts.item.versions.item.WithVersionExpressionItemRequestBuilder.get(WithVersionExpressionItemRequestBuilder.java:128)
	at io.apicurio.registry.rest.client.groups.item.artifacts.item.versions.item.WithVersionExpressionItemRequestBuilder.get(WithVersionExpressionItemRequestBuilder.java:111)
	at io.apicurio.registry.resolver.client.RegistryClientFacadeImpl.getVersionCoordinatesByGAV(RegistryClientFacadeImpl.java:153)
	at io.apicurio.registry.resolver.DefaultSchemaResolver.resolveByCoordinates(DefaultSchemaResolver.java:352)
	at io.apicurio.registry.resolver.DefaultSchemaResolver.lambda$resolveSchemaByArtifactReferenceCached$6(DefaultSchemaResolver.java:340)
	at io.apicurio.registry.resolver.cache.ERCache.lambda$getValue$0(ERCache.java:174)
	at io.apicurio.registry.resolver.cache.ERCache.retry(ERCache.java:227)
	at io.apicurio.registry.resolver.cache.ERCache.getValue(ERCache.java:173)
	at io.apicurio.registry.resolver.cache.ERCache.getByArtifactCoordinates(ERCache.java:158)
	at io.apicurio.registry.resolver.DefaultSchemaResolver.resolveSchemaByArtifactReferenceCached(DefaultSchemaResolver.java:338)
	at io.apicurio.registry.resolver.DefaultSchemaResolver.resolveSchemaByCoordinates(DefaultSchemaResolver.java:193)
	at io.apicurio.registry.resolver.DefaultSchemaResolver.getSchemaFromRegistry(DefaultSchemaResolver.java:130)
	at io.apicurio.registry.resolver.DefaultSchemaResolver.lambda$resolveSchema$0(DefaultSchemaResolver.java:84)
	at java.base/java.util.Optional.orElseGet(Optional.java:364)
	at io.apicurio.registry.resolver.DefaultSchemaResolver.resolveSchema(DefaultSchemaResolver.java:84)
	at io.apicurio.registry.serde.AbstractSerializer.serializeData(AbstractSerializer.java:62)
	at io.apicurio.registry.serde.KafkaSerializer.serialize(KafkaSerializer.java:77)
	at org.apache.kafka.clients.producer.KafkaProducer.doSend(KafkaProducer.java:1046)
	at org.apache.kafka.clients.producer.KafkaProducer.send(KafkaProducer.java:993)
	at org.apache.kafka.clients.producer.KafkaProducer.send(KafkaProducer.java:875)
	at io.apicurio.tests.serdes.apicurio.KafkaSerdesTester.lambda$produceMessages$3(KafkaSerdesTester.java:138)
	at java.base/java.util.concurrent.CompletableFuture$AsyncSupply.run(CompletableFuture.java:1768)
	at java.base/java.lang.Thread.run(Thread.java:840)
]]></system-err>
  </testcase>
  <testcase name="testAvroJSON" classname="io.apicurio.tests.serdes.apicurio.AvroSerdeIT" time="0.893">
    <system-out><![CDATA[2025-07-31 20:40:18,046 INFO  [io.api.tes.uti.TestSeparator] (main) ############################################################################
2025-07-31 20:40:18,046 INFO  [io.api.tes.uti.TestSeparator] (main) io.apicurio.tests.serdes.apicurio.AvroSerdeIT.testAvroJSON-STARTED
**** Registry Base URL: http://registry-app-inmemory.apps.ci419.apicurio-testing.org:80
2025-07-31 20:40:18,059 INFO  [org.apa.kaf.cli.pro.ProducerConfig] (main) ProducerConfig values: 
	acks = -1
	auto.include.jmx.reporter = true
	batch.size = 16384
	bootstrap.servers = [PLAINTEXT://localhost:32770]
	buffer.memory = 33554432
	client.dns.lookup = use_all_dns_ips
	client.id = Producer-topic-dc067fb5_c2b5_4dc1_b016_26e3caf9cf05
	compression.gzip.level = -1
	compression.lz4.level = 9
	compression.type = none
	compression.zstd.level = 3
	connections.max.idle.ms = 10000
	delivery.timeout.ms = 120000
	enable.idempotence = true
	enable.metrics.push = true
	interceptor.classes = []
	key.serializer = class org.apache.kafka.common.serialization.StringSerializer
	linger.ms = 0
	max.block.ms = 60000
	max.in.flight.requests.per.connection = 5
	max.request.size = 1048576
	metadata.max.age.ms = 300000
	metadata.max.idle.ms = 300000
	metadata.recovery.strategy = none
	metric.reporters = []
	metrics.num.samples = 2
	metrics.recording.level = INFO
	metrics.sample.window.ms = 30000
	partitioner.adaptive.partitioning.enable = true
	partitioner.availability.timeout.ms = 0
	partitioner.class = null
	partitioner.ignore.keys = false
	receive.buffer.bytes = 32768
	reconnect.backoff.max.ms = 1000
	reconnect.backoff.ms = 50
	request.timeout.ms = 5000
	retries = 2147483647
	retry.backoff.max.ms = 1000
	retry.backoff.ms = 100
	sasl.client.callback.handler.class = null
	sasl.jaas.config = null
	sasl.kerberos.kinit.cmd = /usr/bin/kinit
	sasl.kerberos.min.time.before.relogin = 60000
	sasl.kerberos.service.name = null
	sasl.kerberos.ticket.renew.jitter = 0.05
	sasl.kerberos.ticket.renew.window.factor = 0.8
	sasl.login.callback.handler.class = null
	sasl.login.class = null
	sasl.login.connect.timeout.ms = null
	sasl.login.read.timeout.ms = null
	sasl.login.refresh.buffer.seconds = 300
	sasl.login.refresh.min.period.seconds = 60
	sasl.login.refresh.window.factor = 0.8
	sasl.login.refresh.window.jitter = 0.05
	sasl.login.retry.backoff.max.ms = 10000
	sasl.login.retry.backoff.ms = 100
	sasl.mechanism = GSSAPI
	sasl.oauthbearer.clock.skew.seconds = 30
	sasl.oauthbearer.expected.audience = null
	sasl.oauthbearer.expected.issuer = null
	sasl.oauthbearer.header.urlencode = false
	sasl.oauthbearer.jwks.endpoint.refresh.ms = 3600000
	sasl.oauthbearer.jwks.endpoint.retry.backoff.max.ms = 10000
	sasl.oauthbearer.jwks.endpoint.retry.backoff.ms = 100
	sasl.oauthbearer.jwks.endpoint.url = null
	sasl.oauthbearer.scope.claim.name = scope
	sasl.oauthbearer.sub.claim.name = sub
	sasl.oauthbearer.token.endpoint.url = null
	security.protocol = PLAINTEXT
	security.providers = null
	send.buffer.bytes = 131072
	socket.connection.setup.timeout.max.ms = 30000
	socket.connection.setup.timeout.ms = 10000
	ssl.cipher.suites = null
	ssl.enabled.protocols = [TLSv1.2, TLSv1.3]
	ssl.endpoint.identification.algorithm = https
	ssl.engine.factory.class = null
	ssl.key.password = null
	ssl.keymanager.algorithm = SunX509
	ssl.keystore.certificate.chain = null
	ssl.keystore.key = null
	ssl.keystore.location = null
	ssl.keystore.password = null
	ssl.keystore.type = JKS
	ssl.protocol = TLSv1.3
	ssl.provider = null
	ssl.secure.random.implementation = null
	ssl.trustmanager.algorithm = PKIX
	ssl.truststore.certificates = null
	ssl.truststore.location = null
	ssl.truststore.password = null
	ssl.truststore.type = JKS
	transaction.timeout.ms = 60000
	transactional.id = null
	value.serializer = class io.apicurio.registry.serde.avro.AvroKafkaSerializer

2025-07-31 20:40:18,059 INFO  [org.apa.kaf.com.tel.int.KafkaMetricsCollector] (main) initializing Kafka metrics collector
2025-07-31 20:40:18,072 INFO  [org.apa.kaf.cli.pro.KafkaProducer] (main) [Producer clientId=Producer-topic-dc067fb5_c2b5_4dc1_b016_26e3caf9cf05] Instantiated an idempotent producer.
2025-07-31 20:40:18,087 INFO  [org.apa.kaf.cli.pro.ProducerConfig] (main) These configurations '[apicurio.registry.avro.encoding, apicurio.registry.url, apicurio.registry.auto-register, apicurio.registry.artifact-resolver-strategy]' were supplied but are not used yet.
2025-07-31 20:40:18,087 INFO  [org.apa.kaf.com.uti.AppInfoParser] (main) Kafka version: 3.9.1
2025-07-31 20:40:18,087 INFO  [org.apa.kaf.com.uti.AppInfoParser] (main) Kafka commitId: f745dfdcee2b9851
2025-07-31 20:40:18,087 INFO  [org.apa.kaf.com.uti.AppInfoParser] (main) Kafka startTimeMs: 1753994418087
2025-07-31 20:40:18,088 INFO  [io.api.tes.ser.api.SimpleSerdesTesterBuilder$SimpleSerdesTester] (main) Using producer configuration: {apicurio.registry.avro.encoding=JSON, apicurio.registry.url=http://registry-app-inmemory.apps.ci419.apicurio-testing.org:80/apis/registry/v3, apicurio.registry.auto-register=true, apicurio.registry.artifact-resolver-strategy=io.apicurio.registry.serde.strategy.TopicIdStrategy, value.serializer=io.apicurio.registry.serde.avro.AvroKafkaSerializer, request.timeout.ms=5000, acks=all, bootstrap.servers=PLAINTEXT://localhost:32770, connections.max.idle.ms=10000, key.serializer=org.apache.kafka.common.serialization.StringSerializer, client.id=Producer-topic-dc067fb5_c2b5_4dc1_b016_26e3caf9cf05}
2025-07-31 20:40:18,088 INFO  [io.api.tes.ser.api.SimpleSerdesTesterBuilder$SimpleSerdesTester] (main) Using consumer configuration: {apicurio.registry.avro.encoding=JSON}
2025-07-31 20:40:18,090 INFO  [io.api.tes.ser.api.KafkaSerdesTester] (Thread-609) Sending message {"bar": "value-0"} to topic topic-dc067fb5_c2b5_4dc1_b016_26e3caf9cf05
2025-07-31 20:40:18,113 WARN  [org.apa.kaf.cli.NetworkClient] (kafka-producer-network-thread | Producer-topic-dc067fb5_c2b5_4dc1_b016_26e3caf9cf05) [Producer clientId=Producer-topic-dc067fb5_c2b5_4dc1_b016_26e3caf9cf05] The metadata response from the cluster reported a recoverable issue with correlation id 2 : {topic-dc067fb5_c2b5_4dc1_b016_26e3caf9cf05=LEADER_NOT_AVAILABLE}
2025-07-31 20:40:18,113 INFO  [org.apa.kaf.cli.Metadata] (kafka-producer-network-thread | Producer-topic-dc067fb5_c2b5_4dc1_b016_26e3caf9cf05) [Producer clientId=Producer-topic-dc067fb5_c2b5_4dc1_b016_26e3caf9cf05] Cluster ID: b-_w6pXwSzuW2BMgmumbNQ
2025-07-31 20:40:18,115 INFO  [org.apa.kaf.cli.pro.int.TransactionManager] (kafka-producer-network-thread | Producer-topic-dc067fb5_c2b5_4dc1_b016_26e3caf9cf05) [Producer clientId=Producer-topic-dc067fb5_c2b5_4dc1_b016_26e3caf9cf05] ProducerId set to 3 with epoch 0
2025-07-31 20:40:18,265 INFO  [io.api.tes.ser.api.KafkaSerdesTester] (Thread-609) Sending message {"bar": "value-1"} to topic topic-dc067fb5_c2b5_4dc1_b016_26e3caf9cf05
2025-07-31 20:40:18,273 INFO  [io.api.tes.ser.api.KafkaSerdesTester] (Thread-609) Sending message {"bar": "value-2"} to topic topic-dc067fb5_c2b5_4dc1_b016_26e3caf9cf05
2025-07-31 20:40:18,280 INFO  [io.api.tes.ser.api.KafkaSerdesTester] (Thread-609) Sending message {"bar": "value-3"} to topic topic-dc067fb5_c2b5_4dc1_b016_26e3caf9cf05
2025-07-31 20:40:18,284 INFO  [io.api.tes.ser.api.KafkaSerdesTester] (Thread-609) Sending message {"bar": "value-4"} to topic topic-dc067fb5_c2b5_4dc1_b016_26e3caf9cf05
2025-07-31 20:40:18,290 INFO  [io.api.tes.ser.api.KafkaSerdesTester] (Thread-609) Sending message {"bar": "value-5"} to topic topic-dc067fb5_c2b5_4dc1_b016_26e3caf9cf05
2025-07-31 20:40:18,294 INFO  [io.api.tes.ser.api.KafkaSerdesTester] (Thread-609) Sending message {"bar": "value-6"} to topic topic-dc067fb5_c2b5_4dc1_b016_26e3caf9cf05
2025-07-31 20:40:18,298 INFO  [io.api.tes.ser.api.KafkaSerdesTester] (Thread-609) Sending message {"bar": "value-7"} to topic topic-dc067fb5_c2b5_4dc1_b016_26e3caf9cf05
2025-07-31 20:40:18,302 INFO  [io.api.tes.ser.api.KafkaSerdesTester] (Thread-609) Sending message {"bar": "value-8"} to topic topic-dc067fb5_c2b5_4dc1_b016_26e3caf9cf05
2025-07-31 20:40:18,306 INFO  [io.api.tes.ser.api.KafkaSerdesTester] (Thread-609) Sending message {"bar": "value-9"} to topic topic-dc067fb5_c2b5_4dc1_b016_26e3caf9cf05
2025-07-31 20:40:18,311 INFO  [io.api.tes.ser.api.KafkaSerdesTester] (Thread-609) Produced 10 messages
2025-07-31 20:40:18,311 INFO  [org.apa.kaf.cli.pro.KafkaProducer] (Thread-609) [Producer clientId=Producer-topic-dc067fb5_c2b5_4dc1_b016_26e3caf9cf05] Closing the Kafka producer with timeoutMillis = 9223372036854775807 ms.
2025-07-31 20:40:18,315 INFO  [org.apa.kaf.com.met.Metrics] (Thread-609) Metrics scheduler closed
2025-07-31 20:40:18,315 INFO  [org.apa.kaf.com.met.Metrics] (Thread-609) Closing reporter org.apache.kafka.common.metrics.JmxReporter
2025-07-31 20:40:18,315 INFO  [org.apa.kaf.com.met.Metrics] (Thread-609) Closing reporter org.apache.kafka.common.telemetry.internals.ClientTelemetryReporter
2025-07-31 20:40:18,315 INFO  [org.apa.kaf.com.met.Metrics] (Thread-609) Metrics reporters closed
2025-07-31 20:40:18,316 INFO  [org.apa.kaf.com.uti.AppInfoParser] (Thread-609) App info kafka.producer for Producer-topic-dc067fb5_c2b5_4dc1_b016_26e3caf9cf05 unregistered
**** Registry Base URL: http://registry-app-inmemory.apps.ci419.apicurio-testing.org:80
2025-07-31 20:40:18,341 INFO  [org.apa.kaf.cli.con.ConsumerConfig] (main) ConsumerConfig values: 
	allow.auto.create.topics = true
	auto.commit.interval.ms = 500
	auto.include.jmx.reporter = true
	auto.offset.reset = earliest
	bootstrap.servers = [PLAINTEXT://localhost:32770]
	check.crcs = true
	client.dns.lookup = use_all_dns_ips
	client.id = consumer-Consumer-topic-dc067fb5_c2b5_4dc1_b016_26e3caf9cf05-3
	client.rack = 
	connections.max.idle.ms = 10000
	default.api.timeout.ms = 60000
	enable.auto.commit = true
	enable.metrics.push = true
	exclude.internal.topics = true
	fetch.max.bytes = 52428800
	fetch.max.wait.ms = 500
	fetch.min.bytes = 1
	group.id = Consumer-topic-dc067fb5_c2b5_4dc1_b016_26e3caf9cf05
	group.instance.id = null
	group.protocol = classic
	group.remote.assignor = null
	heartbeat.interval.ms = 3000
	interceptor.classes = []
	internal.leave.group.on.close = true
	internal.throw.on.fetch.stable.offset.unsupported = false
	isolation.level = read_uncommitted
	key.deserializer = class org.apache.kafka.common.serialization.StringDeserializer
	max.partition.fetch.bytes = 1048576
	max.poll.interval.ms = 300000
	max.poll.records = 500
	metadata.max.age.ms = 300000
	metadata.recovery.strategy = none
	metric.reporters = []
	metrics.num.samples = 2
	metrics.recording.level = INFO
	metrics.sample.window.ms = 30000
	partition.assignment.strategy = [class org.apache.kafka.clients.consumer.RangeAssignor, class org.apache.kafka.clients.consumer.CooperativeStickyAssignor]
	receive.buffer.bytes = 65536
	reconnect.backoff.max.ms = 1000
	reconnect.backoff.ms = 50
	request.timeout.ms = 5000
	retry.backoff.max.ms = 1000
	retry.backoff.ms = 100
	sasl.client.callback.handler.class = null
	sasl.jaas.config = null
	sasl.kerberos.kinit.cmd = /usr/bin/kinit
	sasl.kerberos.min.time.before.relogin = 60000
	sasl.kerberos.service.name = null
	sasl.kerberos.ticket.renew.jitter = 0.05
	sasl.kerberos.ticket.renew.window.factor = 0.8
	sasl.login.callback.handler.class = null
	sasl.login.class = null
	sasl.login.connect.timeout.ms = null
	sasl.login.read.timeout.ms = null
	sasl.login.refresh.buffer.seconds = 300
	sasl.login.refresh.min.period.seconds = 60
	sasl.login.refresh.window.factor = 0.8
	sasl.login.refresh.window.jitter = 0.05
	sasl.login.retry.backoff.max.ms = 10000
	sasl.login.retry.backoff.ms = 100
	sasl.mechanism = GSSAPI
	sasl.oauthbearer.clock.skew.seconds = 30
	sasl.oauthbearer.expected.audience = null
	sasl.oauthbearer.expected.issuer = null
	sasl.oauthbearer.header.urlencode = false
	sasl.oauthbearer.jwks.endpoint.refresh.ms = 3600000
	sasl.oauthbearer.jwks.endpoint.retry.backoff.max.ms = 10000
	sasl.oauthbearer.jwks.endpoint.retry.backoff.ms = 100
	sasl.oauthbearer.jwks.endpoint.url = null
	sasl.oauthbearer.scope.claim.name = scope
	sasl.oauthbearer.sub.claim.name = sub
	sasl.oauthbearer.token.endpoint.url = null
	security.protocol = PLAINTEXT
	security.providers = null
	send.buffer.bytes = 131072
	session.timeout.ms = 45000
	socket.connection.setup.timeout.max.ms = 30000
	socket.connection.setup.timeout.ms = 10000
	ssl.cipher.suites = null
	ssl.enabled.protocols = [TLSv1.2, TLSv1.3]
	ssl.endpoint.identification.algorithm = https
	ssl.engine.factory.class = null
	ssl.key.password = null
	ssl.keymanager.algorithm = SunX509
	ssl.keystore.certificate.chain = null
	ssl.keystore.key = null
	ssl.keystore.location = null
	ssl.keystore.password = null
	ssl.keystore.type = JKS
	ssl.protocol = TLSv1.3
	ssl.provider = null
	ssl.secure.random.implementation = null
	ssl.trustmanager.algorithm = PKIX
	ssl.truststore.certificates = null
	ssl.truststore.location = null
	ssl.truststore.password = null
	ssl.truststore.type = JKS
	value.deserializer = class io.apicurio.registry.serde.avro.AvroKafkaDeserializer

2025-07-31 20:40:18,341 INFO  [org.apa.kaf.com.tel.int.KafkaMetricsCollector] (main) initializing Kafka metrics collector
2025-07-31 20:40:18,349 INFO  [org.apa.kaf.cli.con.ConsumerConfig] (main) These configurations '[apicurio.registry.avro.encoding, apicurio.registry.url]' were supplied but are not used yet.
2025-07-31 20:40:18,349 INFO  [org.apa.kaf.com.uti.AppInfoParser] (main) Kafka version: 3.9.1
2025-07-31 20:40:18,349 INFO  [org.apa.kaf.com.uti.AppInfoParser] (main) Kafka commitId: f745dfdcee2b9851
2025-07-31 20:40:18,350 INFO  [org.apa.kaf.com.uti.AppInfoParser] (main) Kafka startTimeMs: 1753994418349
2025-07-31 20:40:18,350 INFO  [org.apa.kaf.cli.con.int.ClassicKafkaConsumer] (Thread-612) [Consumer clientId=consumer-Consumer-topic-dc067fb5_c2b5_4dc1_b016_26e3caf9cf05-3, groupId=Consumer-topic-dc067fb5_c2b5_4dc1_b016_26e3caf9cf05] Subscribed to topic(s): topic-dc067fb5_c2b5_4dc1_b016_26e3caf9cf05
2025-07-31 20:40:18,361 INFO  [org.apa.kaf.cli.Metadata] (Thread-612) [Consumer clientId=consumer-Consumer-topic-dc067fb5_c2b5_4dc1_b016_26e3caf9cf05-3, groupId=Consumer-topic-dc067fb5_c2b5_4dc1_b016_26e3caf9cf05] Cluster ID: b-_w6pXwSzuW2BMgmumbNQ
2025-07-31 20:40:18,364 INFO  [org.apa.kaf.cli.con.int.ConsumerCoordinator] (Thread-612) [Consumer clientId=consumer-Consumer-topic-dc067fb5_c2b5_4dc1_b016_26e3caf9cf05-3, groupId=Consumer-topic-dc067fb5_c2b5_4dc1_b016_26e3caf9cf05] Discovered group coordinator localhost:32770 (id: 2147483647 rack: null)
2025-07-31 20:40:18,367 INFO  [org.apa.kaf.cli.con.int.ConsumerCoordinator] (Thread-612) [Consumer clientId=consumer-Consumer-topic-dc067fb5_c2b5_4dc1_b016_26e3caf9cf05-3, groupId=Consumer-topic-dc067fb5_c2b5_4dc1_b016_26e3caf9cf05] (Re-)joining group
2025-07-31 20:40:18,373 INFO  [org.apa.kaf.cli.con.int.ConsumerCoordinator] (Thread-612) [Consumer clientId=consumer-Consumer-topic-dc067fb5_c2b5_4dc1_b016_26e3caf9cf05-3, groupId=Consumer-topic-dc067fb5_c2b5_4dc1_b016_26e3caf9cf05] Request joining group due to: need to re-join with the given member-id: consumer-Consumer-topic-dc067fb5_c2b5_4dc1_b016_26e3caf9cf05-3-68dbc7fd-92dc-48ab-882b-a8a96a7d4397
2025-07-31 20:40:18,374 INFO  [org.apa.kaf.cli.con.int.ConsumerCoordinator] (Thread-612) [Consumer clientId=consumer-Consumer-topic-dc067fb5_c2b5_4dc1_b016_26e3caf9cf05-3, groupId=Consumer-topic-dc067fb5_c2b5_4dc1_b016_26e3caf9cf05] (Re-)joining group
2025-07-31 20:40:18,378 INFO  [org.apa.kaf.cli.con.int.ConsumerCoordinator] (Thread-612) [Consumer clientId=consumer-Consumer-topic-dc067fb5_c2b5_4dc1_b016_26e3caf9cf05-3, groupId=Consumer-topic-dc067fb5_c2b5_4dc1_b016_26e3caf9cf05] Successfully joined group with generation Generation{generationId=1, memberId='consumer-Consumer-topic-dc067fb5_c2b5_4dc1_b016_26e3caf9cf05-3-68dbc7fd-92dc-48ab-882b-a8a96a7d4397', protocol='range'}
2025-07-31 20:40:18,379 INFO  [org.apa.kaf.cli.con.int.ConsumerCoordinator] (Thread-612) [Consumer clientId=consumer-Consumer-topic-dc067fb5_c2b5_4dc1_b016_26e3caf9cf05-3, groupId=Consumer-topic-dc067fb5_c2b5_4dc1_b016_26e3caf9cf05] Finished assignment for group at generation 1: {consumer-Consumer-topic-dc067fb5_c2b5_4dc1_b016_26e3caf9cf05-3-68dbc7fd-92dc-48ab-882b-a8a96a7d4397=Assignment(partitions=[topic-dc067fb5_c2b5_4dc1_b016_26e3caf9cf05-0])}
2025-07-31 20:40:18,383 INFO  [org.apa.kaf.cli.con.int.ConsumerCoordinator] (Thread-612) [Consumer clientId=consumer-Consumer-topic-dc067fb5_c2b5_4dc1_b016_26e3caf9cf05-3, groupId=Consumer-topic-dc067fb5_c2b5_4dc1_b016_26e3caf9cf05] Successfully synced group in generation Generation{generationId=1, memberId='consumer-Consumer-topic-dc067fb5_c2b5_4dc1_b016_26e3caf9cf05-3-68dbc7fd-92dc-48ab-882b-a8a96a7d4397', protocol='range'}
2025-07-31 20:40:18,384 INFO  [org.apa.kaf.cli.con.int.ConsumerCoordinator] (Thread-612) [Consumer clientId=consumer-Consumer-topic-dc067fb5_c2b5_4dc1_b016_26e3caf9cf05-3, groupId=Consumer-topic-dc067fb5_c2b5_4dc1_b016_26e3caf9cf05] Notifying assignor about the new Assignment(partitions=[topic-dc067fb5_c2b5_4dc1_b016_26e3caf9cf05-0])
2025-07-31 20:40:18,384 INFO  [org.apa.kaf.cli.con.int.ConsumerRebalanceListenerInvoker] (Thread-612) [Consumer clientId=consumer-Consumer-topic-dc067fb5_c2b5_4dc1_b016_26e3caf9cf05-3, groupId=Consumer-topic-dc067fb5_c2b5_4dc1_b016_26e3caf9cf05] Adding newly assigned partitions: topic-dc067fb5_c2b5_4dc1_b016_26e3caf9cf05-0
2025-07-31 20:40:18,386 INFO  [org.apa.kaf.cli.con.int.ConsumerCoordinator] (Thread-612) [Consumer clientId=consumer-Consumer-topic-dc067fb5_c2b5_4dc1_b016_26e3caf9cf05-3, groupId=Consumer-topic-dc067fb5_c2b5_4dc1_b016_26e3caf9cf05] Found no committed offset for partition topic-dc067fb5_c2b5_4dc1_b016_26e3caf9cf05-0
2025-07-31 20:40:18,397 INFO  [org.apa.kaf.cli.con.int.SubscriptionState] (Thread-612) [Consumer clientId=consumer-Consumer-topic-dc067fb5_c2b5_4dc1_b016_26e3caf9cf05-3, groupId=Consumer-topic-dc067fb5_c2b5_4dc1_b016_26e3caf9cf05] Resetting offset for partition topic-dc067fb5_c2b5_4dc1_b016_26e3caf9cf05-0 to position FetchPosition{offset=0, offsetEpoch=Optional.empty, currentLeader=LeaderAndEpoch{leader=Optional[localhost:32770 (id: 0 rack: null)], epoch=0}}.
2025-07-31 20:40:18,428 INFO  [io.api.tes.ser.api.KafkaSerdesTester] (Thread-612) topic-dc067fb5_c2b5_4dc1_b016_26e3caf9cf05 0 0 {"bar": "value-0"}
2025-07-31 20:40:18,429 INFO  [io.api.tes.ser.api.KafkaSerdesTester] (Thread-612) topic-dc067fb5_c2b5_4dc1_b016_26e3caf9cf05 0 1 {"bar": "value-1"}
2025-07-31 20:40:18,429 INFO  [io.api.tes.ser.api.KafkaSerdesTester] (Thread-612) topic-dc067fb5_c2b5_4dc1_b016_26e3caf9cf05 0 2 {"bar": "value-2"}
2025-07-31 20:40:18,430 INFO  [io.api.tes.ser.api.KafkaSerdesTester] (Thread-612) topic-dc067fb5_c2b5_4dc1_b016_26e3caf9cf05 0 3 {"bar": "value-3"}
2025-07-31 20:40:18,431 INFO  [io.api.tes.ser.api.KafkaSerdesTester] (Thread-612) topic-dc067fb5_c2b5_4dc1_b016_26e3caf9cf05 0 4 {"bar": "value-4"}
2025-07-31 20:40:18,431 INFO  [io.api.tes.ser.api.KafkaSerdesTester] (Thread-612) topic-dc067fb5_c2b5_4dc1_b016_26e3caf9cf05 0 5 {"bar": "value-5"}
2025-07-31 20:40:18,431 INFO  [io.api.tes.ser.api.KafkaSerdesTester] (Thread-612) topic-dc067fb5_c2b5_4dc1_b016_26e3caf9cf05 0 6 {"bar": "value-6"}
2025-07-31 20:40:18,431 INFO  [io.api.tes.ser.api.KafkaSerdesTester] (Thread-612) topic-dc067fb5_c2b5_4dc1_b016_26e3caf9cf05 0 7 {"bar": "value-7"}
2025-07-31 20:40:18,431 INFO  [io.api.tes.ser.api.KafkaSerdesTester] (Thread-612) topic-dc067fb5_c2b5_4dc1_b016_26e3caf9cf05 0 8 {"bar": "value-8"}
2025-07-31 20:40:18,431 INFO  [io.api.tes.ser.api.KafkaSerdesTester] (Thread-612) topic-dc067fb5_c2b5_4dc1_b016_26e3caf9cf05 0 9 {"bar": "value-9"}
2025-07-31 20:40:18,431 INFO  [io.api.tes.ser.api.KafkaSerdesTester] (Thread-612) Consumed 10 messages
2025-07-31 20:40:18,438 INFO  [org.apa.kaf.cli.con.int.ConsumerRebalanceListenerInvoker] (Thread-612) [Consumer clientId=consumer-Consumer-topic-dc067fb5_c2b5_4dc1_b016_26e3caf9cf05-3, groupId=Consumer-topic-dc067fb5_c2b5_4dc1_b016_26e3caf9cf05] Revoke previously assigned partitions topic-dc067fb5_c2b5_4dc1_b016_26e3caf9cf05-0
2025-07-31 20:40:18,438 INFO  [org.apa.kaf.cli.con.int.ConsumerCoordinator] (Thread-612) [Consumer clientId=consumer-Consumer-topic-dc067fb5_c2b5_4dc1_b016_26e3caf9cf05-3, groupId=Consumer-topic-dc067fb5_c2b5_4dc1_b016_26e3caf9cf05] Member consumer-Consumer-topic-dc067fb5_c2b5_4dc1_b016_26e3caf9cf05-3-68dbc7fd-92dc-48ab-882b-a8a96a7d4397 sending LeaveGroup request to coordinator localhost:32770 (id: 2147483647 rack: null) due to the consumer is being closed
2025-07-31 20:40:18,441 INFO  [org.apa.kaf.cli.con.int.ConsumerCoordinator] (Thread-612) [Consumer clientId=consumer-Consumer-topic-dc067fb5_c2b5_4dc1_b016_26e3caf9cf05-3, groupId=Consumer-topic-dc067fb5_c2b5_4dc1_b016_26e3caf9cf05] Resetting generation and member id due to: consumer pro-actively leaving the group
2025-07-31 20:40:18,442 INFO  [org.apa.kaf.cli.con.int.ConsumerCoordinator] (Thread-612) [Consumer clientId=consumer-Consumer-topic-dc067fb5_c2b5_4dc1_b016_26e3caf9cf05-3, groupId=Consumer-topic-dc067fb5_c2b5_4dc1_b016_26e3caf9cf05] Request joining group due to: consumer pro-actively leaving the group
2025-07-31 20:40:18,931 INFO  [org.apa.kaf.com.met.Metrics] (Thread-612) Metrics scheduler closed
2025-07-31 20:40:18,931 INFO  [org.apa.kaf.com.met.Metrics] (Thread-612) Closing reporter org.apache.kafka.common.metrics.JmxReporter
2025-07-31 20:40:18,932 INFO  [org.apa.kaf.com.met.Metrics] (Thread-612) Closing reporter org.apache.kafka.common.telemetry.internals.ClientTelemetryReporter
2025-07-31 20:40:18,932 INFO  [org.apa.kaf.com.met.Metrics] (Thread-612) Metrics reporters closed
2025-07-31 20:40:18,936 INFO  [org.apa.kaf.com.uti.AppInfoParser] (Thread-612) App info kafka.consumer for consumer-Consumer-topic-dc067fb5_c2b5_4dc1_b016_26e3caf9cf05-3 unregistered
2025-07-31 20:40:18,937 INFO  [io.api.tes.uti.TestSeparator] (main) io.apicurio.tests.serdes.apicurio.AvroSerdeIT.testAvroJSON-FINISHED
2025-07-31 20:40:18,937 INFO  [io.api.tes.uti.TestSeparator] (main) ############################################################################
Test passed: testAvroJSON
]]></system-out>
  </testcase>
  <testcase name="testTopicIdStrategyAutoRegister" classname="io.apicurio.tests.serdes.apicurio.AvroSerdeIT" time="0.853">
    <system-out><![CDATA[2025-07-31 20:40:18,942 INFO  [io.api.tes.uti.TestSeparator] (main) ############################################################################
2025-07-31 20:40:18,942 INFO  [io.api.tes.uti.TestSeparator] (main) io.apicurio.tests.serdes.apicurio.AvroSerdeIT.testTopicIdStrategyAutoRegister-STARTED
**** Registry Base URL: http://registry-app-inmemory.apps.ci419.apicurio-testing.org:80
2025-07-31 20:40:18,947 INFO  [org.apa.kaf.cli.pro.ProducerConfig] (main) ProducerConfig values: 
	acks = -1
	auto.include.jmx.reporter = true
	batch.size = 16384
	bootstrap.servers = [PLAINTEXT://localhost:32770]
	buffer.memory = 33554432
	client.dns.lookup = use_all_dns_ips
	client.id = Producer-topic-a5606abf_c166_4a01_aee9_ad152a9bb039
	compression.gzip.level = -1
	compression.lz4.level = 9
	compression.type = none
	compression.zstd.level = 3
	connections.max.idle.ms = 10000
	delivery.timeout.ms = 120000
	enable.idempotence = true
	enable.metrics.push = true
	interceptor.classes = []
	key.serializer = class org.apache.kafka.common.serialization.StringSerializer
	linger.ms = 0
	max.block.ms = 60000
	max.in.flight.requests.per.connection = 5
	max.request.size = 1048576
	metadata.max.age.ms = 300000
	metadata.max.idle.ms = 300000
	metadata.recovery.strategy = none
	metric.reporters = []
	metrics.num.samples = 2
	metrics.recording.level = INFO
	metrics.sample.window.ms = 30000
	partitioner.adaptive.partitioning.enable = true
	partitioner.availability.timeout.ms = 0
	partitioner.class = null
	partitioner.ignore.keys = false
	receive.buffer.bytes = 32768
	reconnect.backoff.max.ms = 1000
	reconnect.backoff.ms = 50
	request.timeout.ms = 5000
	retries = 2147483647
	retry.backoff.max.ms = 1000
	retry.backoff.ms = 100
	sasl.client.callback.handler.class = null
	sasl.jaas.config = null
	sasl.kerberos.kinit.cmd = /usr/bin/kinit
	sasl.kerberos.min.time.before.relogin = 60000
	sasl.kerberos.service.name = null
	sasl.kerberos.ticket.renew.jitter = 0.05
	sasl.kerberos.ticket.renew.window.factor = 0.8
	sasl.login.callback.handler.class = null
	sasl.login.class = null
	sasl.login.connect.timeout.ms = null
	sasl.login.read.timeout.ms = null
	sasl.login.refresh.buffer.seconds = 300
	sasl.login.refresh.min.period.seconds = 60
	sasl.login.refresh.window.factor = 0.8
	sasl.login.refresh.window.jitter = 0.05
	sasl.login.retry.backoff.max.ms = 10000
	sasl.login.retry.backoff.ms = 100
	sasl.mechanism = GSSAPI
	sasl.oauthbearer.clock.skew.seconds = 30
	sasl.oauthbearer.expected.audience = null
	sasl.oauthbearer.expected.issuer = null
	sasl.oauthbearer.header.urlencode = false
	sasl.oauthbearer.jwks.endpoint.refresh.ms = 3600000
	sasl.oauthbearer.jwks.endpoint.retry.backoff.max.ms = 10000
	sasl.oauthbearer.jwks.endpoint.retry.backoff.ms = 100
	sasl.oauthbearer.jwks.endpoint.url = null
	sasl.oauthbearer.scope.claim.name = scope
	sasl.oauthbearer.sub.claim.name = sub
	sasl.oauthbearer.token.endpoint.url = null
	security.protocol = PLAINTEXT
	security.providers = null
	send.buffer.bytes = 131072
	socket.connection.setup.timeout.max.ms = 30000
	socket.connection.setup.timeout.ms = 10000
	ssl.cipher.suites = null
	ssl.enabled.protocols = [TLSv1.2, TLSv1.3]
	ssl.endpoint.identification.algorithm = https
	ssl.engine.factory.class = null
	ssl.key.password = null
	ssl.keymanager.algorithm = SunX509
	ssl.keystore.certificate.chain = null
	ssl.keystore.key = null
	ssl.keystore.location = null
	ssl.keystore.password = null
	ssl.keystore.type = JKS
	ssl.protocol = TLSv1.3
	ssl.provider = null
	ssl.secure.random.implementation = null
	ssl.trustmanager.algorithm = PKIX
	ssl.truststore.certificates = null
	ssl.truststore.location = null
	ssl.truststore.password = null
	ssl.truststore.type = JKS
	transaction.timeout.ms = 60000
	transactional.id = null
	value.serializer = class io.apicurio.registry.serde.avro.AvroKafkaSerializer

2025-07-31 20:40:18,948 INFO  [org.apa.kaf.com.tel.int.KafkaMetricsCollector] (main) initializing Kafka metrics collector
2025-07-31 20:40:18,954 INFO  [org.apa.kaf.cli.pro.KafkaProducer] (main) [Producer clientId=Producer-topic-a5606abf_c166_4a01_aee9_ad152a9bb039] Instantiated an idempotent producer.
2025-07-31 20:40:18,960 INFO  [org.apa.kaf.cli.pro.ProducerConfig] (main) These configurations '[apicurio.registry.url, apicurio.registry.auto-register, apicurio.registry.artifact-resolver-strategy]' were supplied but are not used yet.
2025-07-31 20:40:18,960 INFO  [org.apa.kaf.com.uti.AppInfoParser] (main) Kafka version: 3.9.1
2025-07-31 20:40:18,960 INFO  [org.apa.kaf.com.uti.AppInfoParser] (main) Kafka commitId: f745dfdcee2b9851
2025-07-31 20:40:18,960 INFO  [org.apa.kaf.com.uti.AppInfoParser] (main) Kafka startTimeMs: 1753994418960
2025-07-31 20:40:18,960 INFO  [io.api.tes.ser.api.SimpleSerdesTesterBuilder$SimpleSerdesTester] (main) Using producer configuration: {apicurio.registry.url=http://registry-app-inmemory.apps.ci419.apicurio-testing.org:80/apis/registry/v3, apicurio.registry.auto-register=true, apicurio.registry.artifact-resolver-strategy=io.apicurio.registry.serde.strategy.TopicIdStrategy, value.serializer=io.apicurio.registry.serde.avro.AvroKafkaSerializer, request.timeout.ms=5000, acks=all, bootstrap.servers=PLAINTEXT://localhost:32770, connections.max.idle.ms=10000, key.serializer=org.apache.kafka.common.serialization.StringSerializer, client.id=Producer-topic-a5606abf_c166_4a01_aee9_ad152a9bb039}
2025-07-31 20:40:18,960 INFO  [io.api.tes.ser.api.SimpleSerdesTesterBuilder$SimpleSerdesTester] (main) Using consumer configuration: {}
2025-07-31 20:40:18,964 INFO  [io.api.tes.ser.api.KafkaSerdesTester] (Thread-615) Sending message {"key11753994418942": "value-0"} to topic topic-a5606abf_c166_4a01_aee9_ad152a9bb039
2025-07-31 20:40:18,995 WARN  [org.apa.kaf.cli.NetworkClient] (kafka-producer-network-thread | Producer-topic-a5606abf_c166_4a01_aee9_ad152a9bb039) [Producer clientId=Producer-topic-a5606abf_c166_4a01_aee9_ad152a9bb039] The metadata response from the cluster reported a recoverable issue with correlation id 2 : {topic-a5606abf_c166_4a01_aee9_ad152a9bb039=LEADER_NOT_AVAILABLE}
2025-07-31 20:40:18,998 INFO  [org.apa.kaf.cli.Metadata] (kafka-producer-network-thread | Producer-topic-a5606abf_c166_4a01_aee9_ad152a9bb039) [Producer clientId=Producer-topic-a5606abf_c166_4a01_aee9_ad152a9bb039] Cluster ID: b-_w6pXwSzuW2BMgmumbNQ
2025-07-31 20:40:19,000 INFO  [org.apa.kaf.cli.pro.int.TransactionManager] (kafka-producer-network-thread | Producer-topic-a5606abf_c166_4a01_aee9_ad152a9bb039) [Producer clientId=Producer-topic-a5606abf_c166_4a01_aee9_ad152a9bb039] ProducerId set to 4 with epoch 0
2025-07-31 20:40:19,133 INFO  [io.api.tes.ser.api.KafkaSerdesTester] (Thread-615) Sending message {"key11753994418942": "value-1"} to topic topic-a5606abf_c166_4a01_aee9_ad152a9bb039
2025-07-31 20:40:19,135 INFO  [io.api.tes.ser.api.KafkaSerdesTester] (Thread-615) Sending message {"key11753994418942": "value-2"} to topic topic-a5606abf_c166_4a01_aee9_ad152a9bb039
2025-07-31 20:40:19,138 INFO  [io.api.tes.ser.api.KafkaSerdesTester] (Thread-615) Sending message {"key11753994418942": "value-3"} to topic topic-a5606abf_c166_4a01_aee9_ad152a9bb039
2025-07-31 20:40:19,140 INFO  [io.api.tes.ser.api.KafkaSerdesTester] (Thread-615) Sending message {"key11753994418942": "value-4"} to topic topic-a5606abf_c166_4a01_aee9_ad152a9bb039
2025-07-31 20:40:19,142 INFO  [io.api.tes.ser.api.KafkaSerdesTester] (Thread-615) Sending message {"key11753994418942": "value-5"} to topic topic-a5606abf_c166_4a01_aee9_ad152a9bb039
2025-07-31 20:40:19,145 INFO  [io.api.tes.ser.api.KafkaSerdesTester] (Thread-615) Sending message {"key11753994418942": "value-6"} to topic topic-a5606abf_c166_4a01_aee9_ad152a9bb039
2025-07-31 20:40:19,147 INFO  [io.api.tes.ser.api.KafkaSerdesTester] (Thread-615) Sending message {"key11753994418942": "value-7"} to topic topic-a5606abf_c166_4a01_aee9_ad152a9bb039
2025-07-31 20:40:19,149 INFO  [io.api.tes.ser.api.KafkaSerdesTester] (Thread-615) Sending message {"key11753994418942": "value-8"} to topic topic-a5606abf_c166_4a01_aee9_ad152a9bb039
2025-07-31 20:40:19,151 INFO  [io.api.tes.ser.api.KafkaSerdesTester] (Thread-615) Sending message {"key11753994418942": "value-9"} to topic topic-a5606abf_c166_4a01_aee9_ad152a9bb039
2025-07-31 20:40:19,153 INFO  [io.api.tes.ser.api.KafkaSerdesTester] (Thread-615) Produced 10 messages
2025-07-31 20:40:19,153 INFO  [org.apa.kaf.cli.pro.KafkaProducer] (Thread-615) [Producer clientId=Producer-topic-a5606abf_c166_4a01_aee9_ad152a9bb039] Closing the Kafka producer with timeoutMillis = 9223372036854775807 ms.
2025-07-31 20:40:19,159 INFO  [org.apa.kaf.com.met.Metrics] (Thread-615) Metrics scheduler closed
2025-07-31 20:40:19,159 INFO  [org.apa.kaf.com.met.Metrics] (Thread-615) Closing reporter org.apache.kafka.common.metrics.JmxReporter
2025-07-31 20:40:19,159 INFO  [org.apa.kaf.com.met.Metrics] (Thread-615) Closing reporter org.apache.kafka.common.telemetry.internals.ClientTelemetryReporter
2025-07-31 20:40:19,159 INFO  [org.apa.kaf.com.met.Metrics] (Thread-615) Metrics reporters closed
2025-07-31 20:40:19,159 INFO  [org.apa.kaf.com.uti.AppInfoParser] (Thread-615) App info kafka.producer for Producer-topic-a5606abf_c166_4a01_aee9_ad152a9bb039 unregistered
**** Registry Base URL: http://registry-app-inmemory.apps.ci419.apicurio-testing.org:80
2025-07-31 20:40:19,185 INFO  [org.apa.kaf.cli.con.ConsumerConfig] (main) ConsumerConfig values: 
	allow.auto.create.topics = true
	auto.commit.interval.ms = 500
	auto.include.jmx.reporter = true
	auto.offset.reset = earliest
	bootstrap.servers = [PLAINTEXT://localhost:32770]
	check.crcs = true
	client.dns.lookup = use_all_dns_ips
	client.id = consumer-Consumer-topic-a5606abf_c166_4a01_aee9_ad152a9bb039-4
	client.rack = 
	connections.max.idle.ms = 10000
	default.api.timeout.ms = 60000
	enable.auto.commit = true
	enable.metrics.push = true
	exclude.internal.topics = true
	fetch.max.bytes = 52428800
	fetch.max.wait.ms = 500
	fetch.min.bytes = 1
	group.id = Consumer-topic-a5606abf_c166_4a01_aee9_ad152a9bb039
	group.instance.id = null
	group.protocol = classic
	group.remote.assignor = null
	heartbeat.interval.ms = 3000
	interceptor.classes = []
	internal.leave.group.on.close = true
	internal.throw.on.fetch.stable.offset.unsupported = false
	isolation.level = read_uncommitted
	key.deserializer = class org.apache.kafka.common.serialization.StringDeserializer
	max.partition.fetch.bytes = 1048576
	max.poll.interval.ms = 300000
	max.poll.records = 500
	metadata.max.age.ms = 300000
	metadata.recovery.strategy = none
	metric.reporters = []
	metrics.num.samples = 2
	metrics.recording.level = INFO
	metrics.sample.window.ms = 30000
	partition.assignment.strategy = [class org.apache.kafka.clients.consumer.RangeAssignor, class org.apache.kafka.clients.consumer.CooperativeStickyAssignor]
	receive.buffer.bytes = 65536
	reconnect.backoff.max.ms = 1000
	reconnect.backoff.ms = 50
	request.timeout.ms = 5000
	retry.backoff.max.ms = 1000
	retry.backoff.ms = 100
	sasl.client.callback.handler.class = null
	sasl.jaas.config = null
	sasl.kerberos.kinit.cmd = /usr/bin/kinit
	sasl.kerberos.min.time.before.relogin = 60000
	sasl.kerberos.service.name = null
	sasl.kerberos.ticket.renew.jitter = 0.05
	sasl.kerberos.ticket.renew.window.factor = 0.8
	sasl.login.callback.handler.class = null
	sasl.login.class = null
	sasl.login.connect.timeout.ms = null
	sasl.login.read.timeout.ms = null
	sasl.login.refresh.buffer.seconds = 300
	sasl.login.refresh.min.period.seconds = 60
	sasl.login.refresh.window.factor = 0.8
	sasl.login.refresh.window.jitter = 0.05
	sasl.login.retry.backoff.max.ms = 10000
	sasl.login.retry.backoff.ms = 100
	sasl.mechanism = GSSAPI
	sasl.oauthbearer.clock.skew.seconds = 30
	sasl.oauthbearer.expected.audience = null
	sasl.oauthbearer.expected.issuer = null
	sasl.oauthbearer.header.urlencode = false
	sasl.oauthbearer.jwks.endpoint.refresh.ms = 3600000
	sasl.oauthbearer.jwks.endpoint.retry.backoff.max.ms = 10000
	sasl.oauthbearer.jwks.endpoint.retry.backoff.ms = 100
	sasl.oauthbearer.jwks.endpoint.url = null
	sasl.oauthbearer.scope.claim.name = scope
	sasl.oauthbearer.sub.claim.name = sub
	sasl.oauthbearer.token.endpoint.url = null
	security.protocol = PLAINTEXT
	security.providers = null
	send.buffer.bytes = 131072
	session.timeout.ms = 45000
	socket.connection.setup.timeout.max.ms = 30000
	socket.connection.setup.timeout.ms = 10000
	ssl.cipher.suites = null
	ssl.enabled.protocols = [TLSv1.2, TLSv1.3]
	ssl.endpoint.identification.algorithm = https
	ssl.engine.factory.class = null
	ssl.key.password = null
	ssl.keymanager.algorithm = SunX509
	ssl.keystore.certificate.chain = null
	ssl.keystore.key = null
	ssl.keystore.location = null
	ssl.keystore.password = null
	ssl.keystore.type = JKS
	ssl.protocol = TLSv1.3
	ssl.provider = null
	ssl.secure.random.implementation = null
	ssl.trustmanager.algorithm = PKIX
	ssl.truststore.certificates = null
	ssl.truststore.location = null
	ssl.truststore.password = null
	ssl.truststore.type = JKS
	value.deserializer = class io.apicurio.registry.serde.avro.AvroKafkaDeserializer

2025-07-31 20:40:19,185 INFO  [org.apa.kaf.com.tel.int.KafkaMetricsCollector] (main) initializing Kafka metrics collector
2025-07-31 20:40:19,193 INFO  [org.apa.kaf.cli.con.ConsumerConfig] (main) These configurations '[apicurio.registry.url]' were supplied but are not used yet.
2025-07-31 20:40:19,193 INFO  [org.apa.kaf.com.uti.AppInfoParser] (main) Kafka version: 3.9.1
2025-07-31 20:40:19,193 INFO  [org.apa.kaf.com.uti.AppInfoParser] (main) Kafka commitId: f745dfdcee2b9851
2025-07-31 20:40:19,193 INFO  [org.apa.kaf.com.uti.AppInfoParser] (main) Kafka startTimeMs: 1753994419193
2025-07-31 20:40:19,194 INFO  [org.apa.kaf.cli.con.int.ClassicKafkaConsumer] (Thread-618) [Consumer clientId=consumer-Consumer-topic-a5606abf_c166_4a01_aee9_ad152a9bb039-4, groupId=Consumer-topic-a5606abf_c166_4a01_aee9_ad152a9bb039] Subscribed to topic(s): topic-a5606abf_c166_4a01_aee9_ad152a9bb039
2025-07-31 20:40:19,201 INFO  [org.apa.kaf.cli.Metadata] (Thread-618) [Consumer clientId=consumer-Consumer-topic-a5606abf_c166_4a01_aee9_ad152a9bb039-4, groupId=Consumer-topic-a5606abf_c166_4a01_aee9_ad152a9bb039] Cluster ID: b-_w6pXwSzuW2BMgmumbNQ
2025-07-31 20:40:19,204 INFO  [org.apa.kaf.cli.con.int.ConsumerCoordinator] (Thread-618) [Consumer clientId=consumer-Consumer-topic-a5606abf_c166_4a01_aee9_ad152a9bb039-4, groupId=Consumer-topic-a5606abf_c166_4a01_aee9_ad152a9bb039] Discovered group coordinator localhost:32770 (id: 2147483647 rack: null)
2025-07-31 20:40:19,208 INFO  [org.apa.kaf.cli.con.int.ConsumerCoordinator] (Thread-618) [Consumer clientId=consumer-Consumer-topic-a5606abf_c166_4a01_aee9_ad152a9bb039-4, groupId=Consumer-topic-a5606abf_c166_4a01_aee9_ad152a9bb039] (Re-)joining group
2025-07-31 20:40:19,212 INFO  [org.apa.kaf.cli.con.int.ConsumerCoordinator] (Thread-618) [Consumer clientId=consumer-Consumer-topic-a5606abf_c166_4a01_aee9_ad152a9bb039-4, groupId=Consumer-topic-a5606abf_c166_4a01_aee9_ad152a9bb039] Request joining group due to: need to re-join with the given member-id: consumer-Consumer-topic-a5606abf_c166_4a01_aee9_ad152a9bb039-4-f2de0760-daa2-47cc-980d-1ae6dd21d8f2
2025-07-31 20:40:19,213 INFO  [org.apa.kaf.cli.con.int.ConsumerCoordinator] (Thread-618) [Consumer clientId=consumer-Consumer-topic-a5606abf_c166_4a01_aee9_ad152a9bb039-4, groupId=Consumer-topic-a5606abf_c166_4a01_aee9_ad152a9bb039] (Re-)joining group
2025-07-31 20:40:19,217 INFO  [org.apa.kaf.cli.con.int.ConsumerCoordinator] (Thread-618) [Consumer clientId=consumer-Consumer-topic-a5606abf_c166_4a01_aee9_ad152a9bb039-4, groupId=Consumer-topic-a5606abf_c166_4a01_aee9_ad152a9bb039] Successfully joined group with generation Generation{generationId=1, memberId='consumer-Consumer-topic-a5606abf_c166_4a01_aee9_ad152a9bb039-4-f2de0760-daa2-47cc-980d-1ae6dd21d8f2', protocol='range'}
2025-07-31 20:40:19,217 INFO  [org.apa.kaf.cli.con.int.ConsumerCoordinator] (Thread-618) [Consumer clientId=consumer-Consumer-topic-a5606abf_c166_4a01_aee9_ad152a9bb039-4, groupId=Consumer-topic-a5606abf_c166_4a01_aee9_ad152a9bb039] Finished assignment for group at generation 1: {consumer-Consumer-topic-a5606abf_c166_4a01_aee9_ad152a9bb039-4-f2de0760-daa2-47cc-980d-1ae6dd21d8f2=Assignment(partitions=[topic-a5606abf_c166_4a01_aee9_ad152a9bb039-0])}
2025-07-31 20:40:19,223 INFO  [org.apa.kaf.cli.con.int.ConsumerCoordinator] (Thread-618) [Consumer clientId=consumer-Consumer-topic-a5606abf_c166_4a01_aee9_ad152a9bb039-4, groupId=Consumer-topic-a5606abf_c166_4a01_aee9_ad152a9bb039] Successfully synced group in generation Generation{generationId=1, memberId='consumer-Consumer-topic-a5606abf_c166_4a01_aee9_ad152a9bb039-4-f2de0760-daa2-47cc-980d-1ae6dd21d8f2', protocol='range'}
2025-07-31 20:40:19,224 INFO  [org.apa.kaf.cli.con.int.ConsumerCoordinator] (Thread-618) [Consumer clientId=consumer-Consumer-topic-a5606abf_c166_4a01_aee9_ad152a9bb039-4, groupId=Consumer-topic-a5606abf_c166_4a01_aee9_ad152a9bb039] Notifying assignor about the new Assignment(partitions=[topic-a5606abf_c166_4a01_aee9_ad152a9bb039-0])
2025-07-31 20:40:19,224 INFO  [org.apa.kaf.cli.con.int.ConsumerRebalanceListenerInvoker] (Thread-618) [Consumer clientId=consumer-Consumer-topic-a5606abf_c166_4a01_aee9_ad152a9bb039-4, groupId=Consumer-topic-a5606abf_c166_4a01_aee9_ad152a9bb039] Adding newly assigned partitions: topic-a5606abf_c166_4a01_aee9_ad152a9bb039-0
2025-07-31 20:40:19,225 INFO  [org.apa.kaf.cli.con.int.ConsumerCoordinator] (Thread-618) [Consumer clientId=consumer-Consumer-topic-a5606abf_c166_4a01_aee9_ad152a9bb039-4, groupId=Consumer-topic-a5606abf_c166_4a01_aee9_ad152a9bb039] Found no committed offset for partition topic-a5606abf_c166_4a01_aee9_ad152a9bb039-0
2025-07-31 20:40:19,231 INFO  [org.apa.kaf.cli.con.int.SubscriptionState] (Thread-618) [Consumer clientId=consumer-Consumer-topic-a5606abf_c166_4a01_aee9_ad152a9bb039-4, groupId=Consumer-topic-a5606abf_c166_4a01_aee9_ad152a9bb039] Resetting offset for partition topic-a5606abf_c166_4a01_aee9_ad152a9bb039-0 to position FetchPosition{offset=0, offsetEpoch=Optional.empty, currentLeader=LeaderAndEpoch{leader=Optional[localhost:32770 (id: 0 rack: null)], epoch=0}}.
2025-07-31 20:40:19,265 INFO  [io.api.tes.ser.api.KafkaSerdesTester] (Thread-618) topic-a5606abf_c166_4a01_aee9_ad152a9bb039 0 0 {"key11753994418942": "value-0"}
2025-07-31 20:40:19,265 INFO  [io.api.tes.ser.api.KafkaSerdesTester] (Thread-618) topic-a5606abf_c166_4a01_aee9_ad152a9bb039 0 1 {"key11753994418942": "value-1"}
2025-07-31 20:40:19,265 INFO  [io.api.tes.ser.api.KafkaSerdesTester] (Thread-618) topic-a5606abf_c166_4a01_aee9_ad152a9bb039 0 2 {"key11753994418942": "value-2"}
2025-07-31 20:40:19,265 INFO  [io.api.tes.ser.api.KafkaSerdesTester] (Thread-618) topic-a5606abf_c166_4a01_aee9_ad152a9bb039 0 3 {"key11753994418942": "value-3"}
2025-07-31 20:40:19,265 INFO  [io.api.tes.ser.api.KafkaSerdesTester] (Thread-618) topic-a5606abf_c166_4a01_aee9_ad152a9bb039 0 4 {"key11753994418942": "value-4"}
2025-07-31 20:40:19,265 INFO  [io.api.tes.ser.api.KafkaSerdesTester] (Thread-618) topic-a5606abf_c166_4a01_aee9_ad152a9bb039 0 5 {"key11753994418942": "value-5"}
2025-07-31 20:40:19,266 INFO  [io.api.tes.ser.api.KafkaSerdesTester] (Thread-618) topic-a5606abf_c166_4a01_aee9_ad152a9bb039 0 6 {"key11753994418942": "value-6"}
2025-07-31 20:40:19,266 INFO  [io.api.tes.ser.api.KafkaSerdesTester] (Thread-618) topic-a5606abf_c166_4a01_aee9_ad152a9bb039 0 7 {"key11753994418942": "value-7"}
2025-07-31 20:40:19,266 INFO  [io.api.tes.ser.api.KafkaSerdesTester] (Thread-618) topic-a5606abf_c166_4a01_aee9_ad152a9bb039 0 8 {"key11753994418942": "value-8"}
2025-07-31 20:40:19,266 INFO  [io.api.tes.ser.api.KafkaSerdesTester] (Thread-618) topic-a5606abf_c166_4a01_aee9_ad152a9bb039 0 9 {"key11753994418942": "value-9"}
2025-07-31 20:40:19,266 INFO  [io.api.tes.ser.api.KafkaSerdesTester] (Thread-618) Consumed 10 messages
2025-07-31 20:40:19,271 INFO  [org.apa.kaf.cli.con.int.ConsumerRebalanceListenerInvoker] (Thread-618) [Consumer clientId=consumer-Consumer-topic-a5606abf_c166_4a01_aee9_ad152a9bb039-4, groupId=Consumer-topic-a5606abf_c166_4a01_aee9_ad152a9bb039] Revoke previously assigned partitions topic-a5606abf_c166_4a01_aee9_ad152a9bb039-0
2025-07-31 20:40:19,271 INFO  [org.apa.kaf.cli.con.int.ConsumerCoordinator] (Thread-618) [Consumer clientId=consumer-Consumer-topic-a5606abf_c166_4a01_aee9_ad152a9bb039-4, groupId=Consumer-topic-a5606abf_c166_4a01_aee9_ad152a9bb039] Member consumer-Consumer-topic-a5606abf_c166_4a01_aee9_ad152a9bb039-4-f2de0760-daa2-47cc-980d-1ae6dd21d8f2 sending LeaveGroup request to coordinator localhost:32770 (id: 2147483647 rack: null) due to the consumer is being closed
2025-07-31 20:40:19,273 INFO  [org.apa.kaf.cli.con.int.ConsumerCoordinator] (Thread-618) [Consumer clientId=consumer-Consumer-topic-a5606abf_c166_4a01_aee9_ad152a9bb039-4, groupId=Consumer-topic-a5606abf_c166_4a01_aee9_ad152a9bb039] Resetting generation and member id due to: consumer pro-actively leaving the group
2025-07-31 20:40:19,273 INFO  [org.apa.kaf.cli.con.int.ConsumerCoordinator] (Thread-618) [Consumer clientId=consumer-Consumer-topic-a5606abf_c166_4a01_aee9_ad152a9bb039-4, groupId=Consumer-topic-a5606abf_c166_4a01_aee9_ad152a9bb039] Request joining group due to: consumer pro-actively leaving the group
2025-07-31 20:40:19,768 INFO  [org.apa.kaf.com.met.Metrics] (Thread-618) Metrics scheduler closed
2025-07-31 20:40:19,768 INFO  [org.apa.kaf.com.met.Metrics] (Thread-618) Closing reporter org.apache.kafka.common.metrics.JmxReporter
2025-07-31 20:40:19,768 INFO  [org.apa.kaf.com.met.Metrics] (Thread-618) Closing reporter org.apache.kafka.common.telemetry.internals.ClientTelemetryReporter
2025-07-31 20:40:19,768 INFO  [org.apa.kaf.com.met.Metrics] (Thread-618) Metrics reporters closed
2025-07-31 20:40:19,773 INFO  [org.apa.kaf.com.uti.AppInfoParser] (Thread-618) App info kafka.consumer for consumer-Consumer-topic-a5606abf_c166_4a01_aee9_ad152a9bb039-4 unregistered
2025-07-31 20:40:19,790 INFO  [io.api.tes.uti.TestSeparator] (main) io.apicurio.tests.serdes.apicurio.AvroSerdeIT.testTopicIdStrategyAutoRegister-FINISHED
2025-07-31 20:40:19,791 INFO  [io.api.tes.uti.TestSeparator] (main) ############################################################################
Test passed: testTopicIdStrategyAutoRegister
]]></system-out>
  </testcase>
  <testcase name="testRecordIdStrategydFindLatest" classname="io.apicurio.tests.serdes.apicurio.AvroSerdeIT" time="1.759">
    <system-out><![CDATA[2025-07-31 20:40:19,792 INFO  [io.api.tes.uti.TestSeparator] (main) ############################################################################
2025-07-31 20:40:19,792 INFO  [io.api.tes.uti.TestSeparator] (main) io.apicurio.tests.serdes.apicurio.AvroSerdeIT.testRecordIdStrategydFindLatest-STARTED
2025-07-31 20:40:19,793 INFO  [io.api.tes.ser.api.AvroSerdeIT] (main) Registering Avro Schema: {"type":"record","name":"sae974522x7f2bx4d6fx9dc7x1ea386e00944","namespace":"sc22da057x1618x4b38xb3faxc12ff7bcd539","fields":[{"name":"key11753994419793","type":"string"}]}
**** Registry Base URL: http://registry-app-inmemory.apps.ci419.apicurio-testing.org:80
2025-07-31 20:40:20,825 INFO  [org.apa.kaf.cli.pro.ProducerConfig] (main) ProducerConfig values: 
	acks = -1
	auto.include.jmx.reporter = true
	batch.size = 16384
	bootstrap.servers = [PLAINTEXT://localhost:32770]
	buffer.memory = 33554432
	client.dns.lookup = use_all_dns_ips
	client.id = Producer-topic-915b156d_1d49_469a_a6ff_4201d744f4cf
	compression.gzip.level = -1
	compression.lz4.level = 9
	compression.type = none
	compression.zstd.level = 3
	connections.max.idle.ms = 10000
	delivery.timeout.ms = 120000
	enable.idempotence = true
	enable.metrics.push = true
	interceptor.classes = []
	key.serializer = class org.apache.kafka.common.serialization.StringSerializer
	linger.ms = 0
	max.block.ms = 60000
	max.in.flight.requests.per.connection = 5
	max.request.size = 1048576
	metadata.max.age.ms = 300000
	metadata.max.idle.ms = 300000
	metadata.recovery.strategy = none
	metric.reporters = []
	metrics.num.samples = 2
	metrics.recording.level = INFO
	metrics.sample.window.ms = 30000
	partitioner.adaptive.partitioning.enable = true
	partitioner.availability.timeout.ms = 0
	partitioner.class = null
	partitioner.ignore.keys = false
	receive.buffer.bytes = 32768
	reconnect.backoff.max.ms = 1000
	reconnect.backoff.ms = 50
	request.timeout.ms = 5000
	retries = 2147483647
	retry.backoff.max.ms = 1000
	retry.backoff.ms = 100
	sasl.client.callback.handler.class = null
	sasl.jaas.config = null
	sasl.kerberos.kinit.cmd = /usr/bin/kinit
	sasl.kerberos.min.time.before.relogin = 60000
	sasl.kerberos.service.name = null
	sasl.kerberos.ticket.renew.jitter = 0.05
	sasl.kerberos.ticket.renew.window.factor = 0.8
	sasl.login.callback.handler.class = null
	sasl.login.class = null
	sasl.login.connect.timeout.ms = null
	sasl.login.read.timeout.ms = null
	sasl.login.refresh.buffer.seconds = 300
	sasl.login.refresh.min.period.seconds = 60
	sasl.login.refresh.window.factor = 0.8
	sasl.login.refresh.window.jitter = 0.05
	sasl.login.retry.backoff.max.ms = 10000
	sasl.login.retry.backoff.ms = 100
	sasl.mechanism = GSSAPI
	sasl.oauthbearer.clock.skew.seconds = 30
	sasl.oauthbearer.expected.audience = null
	sasl.oauthbearer.expected.issuer = null
	sasl.oauthbearer.header.urlencode = false
	sasl.oauthbearer.jwks.endpoint.refresh.ms = 3600000
	sasl.oauthbearer.jwks.endpoint.retry.backoff.max.ms = 10000
	sasl.oauthbearer.jwks.endpoint.retry.backoff.ms = 100
	sasl.oauthbearer.jwks.endpoint.url = null
	sasl.oauthbearer.scope.claim.name = scope
	sasl.oauthbearer.sub.claim.name = sub
	sasl.oauthbearer.token.endpoint.url = null
	security.protocol = PLAINTEXT
	security.providers = null
	send.buffer.bytes = 131072
	socket.connection.setup.timeout.max.ms = 30000
	socket.connection.setup.timeout.ms = 10000
	ssl.cipher.suites = null
	ssl.enabled.protocols = [TLSv1.2, TLSv1.3]
	ssl.endpoint.identification.algorithm = https
	ssl.engine.factory.class = null
	ssl.key.password = null
	ssl.keymanager.algorithm = SunX509
	ssl.keystore.certificate.chain = null
	ssl.keystore.key = null
	ssl.keystore.location = null
	ssl.keystore.password = null
	ssl.keystore.type = JKS
	ssl.protocol = TLSv1.3
	ssl.provider = null
	ssl.secure.random.implementation = null
	ssl.trustmanager.algorithm = PKIX
	ssl.truststore.certificates = null
	ssl.truststore.location = null
	ssl.truststore.password = null
	ssl.truststore.type = JKS
	transaction.timeout.ms = 60000
	transactional.id = null
	value.serializer = class io.apicurio.registry.serde.avro.AvroKafkaSerializer

2025-07-31 20:40:20,826 INFO  [org.apa.kaf.com.tel.int.KafkaMetricsCollector] (main) initializing Kafka metrics collector
2025-07-31 20:40:20,829 INFO  [org.apa.kaf.cli.pro.KafkaProducer] (main) [Producer clientId=Producer-topic-915b156d_1d49_469a_a6ff_4201d744f4cf] Instantiated an idempotent producer.
2025-07-31 20:40:20,833 INFO  [org.apa.kaf.cli.pro.ProducerConfig] (main) These configurations '[apicurio.registry.find-latest, apicurio.registry.url, apicurio.registry.artifact-resolver-strategy]' were supplied but are not used yet.
2025-07-31 20:40:20,833 INFO  [org.apa.kaf.com.uti.AppInfoParser] (main) Kafka version: 3.9.1
2025-07-31 20:40:20,833 INFO  [org.apa.kaf.com.uti.AppInfoParser] (main) Kafka commitId: f745dfdcee2b9851
2025-07-31 20:40:20,834 INFO  [org.apa.kaf.com.uti.AppInfoParser] (main) Kafka startTimeMs: 1753994420833
2025-07-31 20:40:20,834 INFO  [io.api.tes.ser.api.SimpleSerdesTesterBuilder$SimpleSerdesTester] (main) Using producer configuration: {apicurio.registry.find-latest=true, apicurio.registry.url=http://registry-app-inmemory.apps.ci419.apicurio-testing.org:80/apis/registry/v3, apicurio.registry.artifact-resolver-strategy=io.apicurio.registry.serde.avro.strategy.RecordIdStrategy, value.serializer=io.apicurio.registry.serde.avro.AvroKafkaSerializer, request.timeout.ms=5000, acks=all, bootstrap.servers=PLAINTEXT://localhost:32770, connections.max.idle.ms=10000, key.serializer=org.apache.kafka.common.serialization.StringSerializer, client.id=Producer-topic-915b156d_1d49_469a_a6ff_4201d744f4cf}
2025-07-31 20:40:20,834 INFO  [io.api.tes.ser.api.SimpleSerdesTesterBuilder$SimpleSerdesTester] (main) Using consumer configuration: {}
2025-07-31 20:40:20,834 INFO  [io.api.tes.ser.api.KafkaSerdesTester] (Thread-621) Sending message {"key11753994419793": "value-0"} to topic topic-915b156d_1d49_469a_a6ff_4201d744f4cf
2025-07-31 20:40:20,840 INFO  [org.apa.kaf.cli.Metadata] (kafka-producer-network-thread | Producer-topic-915b156d_1d49_469a_a6ff_4201d744f4cf) [Producer clientId=Producer-topic-915b156d_1d49_469a_a6ff_4201d744f4cf] Cluster ID: b-_w6pXwSzuW2BMgmumbNQ
2025-07-31 20:40:20,844 INFO  [org.apa.kaf.cli.pro.int.TransactionManager] (kafka-producer-network-thread | Producer-topic-915b156d_1d49_469a_a6ff_4201d744f4cf) [Producer clientId=Producer-topic-915b156d_1d49_469a_a6ff_4201d744f4cf] ProducerId set to 5 with epoch 0
2025-07-31 20:40:20,893 INFO  [io.api.tes.ser.api.KafkaSerdesTester] (Thread-621) Sending message {"key11753994419793": "value-1"} to topic topic-915b156d_1d49_469a_a6ff_4201d744f4cf
2025-07-31 20:40:20,895 INFO  [io.api.tes.ser.api.KafkaSerdesTester] (Thread-621) Sending message {"key11753994419793": "value-2"} to topic topic-915b156d_1d49_469a_a6ff_4201d744f4cf
2025-07-31 20:40:20,899 INFO  [io.api.tes.ser.api.KafkaSerdesTester] (Thread-621) Sending message {"key11753994419793": "value-3"} to topic topic-915b156d_1d49_469a_a6ff_4201d744f4cf
2025-07-31 20:40:20,902 INFO  [io.api.tes.ser.api.KafkaSerdesTester] (Thread-621) Sending message {"key11753994419793": "value-4"} to topic topic-915b156d_1d49_469a_a6ff_4201d744f4cf
2025-07-31 20:40:20,906 INFO  [io.api.tes.ser.api.KafkaSerdesTester] (Thread-621) Sending message {"key11753994419793": "value-5"} to topic topic-915b156d_1d49_469a_a6ff_4201d744f4cf
2025-07-31 20:40:20,908 INFO  [io.api.tes.ser.api.KafkaSerdesTester] (Thread-621) Sending message {"key11753994419793": "value-6"} to topic topic-915b156d_1d49_469a_a6ff_4201d744f4cf
2025-07-31 20:40:20,924 INFO  [io.api.tes.ser.api.KafkaSerdesTester] (Thread-621) Sending message {"key11753994419793": "value-7"} to topic topic-915b156d_1d49_469a_a6ff_4201d744f4cf
2025-07-31 20:40:20,927 INFO  [io.api.tes.ser.api.KafkaSerdesTester] (Thread-621) Sending message {"key11753994419793": "value-8"} to topic topic-915b156d_1d49_469a_a6ff_4201d744f4cf
2025-07-31 20:40:20,929 INFO  [io.api.tes.ser.api.KafkaSerdesTester] (Thread-621) Sending message {"key11753994419793": "value-9"} to topic topic-915b156d_1d49_469a_a6ff_4201d744f4cf
2025-07-31 20:40:20,931 INFO  [io.api.tes.ser.api.KafkaSerdesTester] (Thread-621) Produced 10 messages
2025-07-31 20:40:20,931 INFO  [org.apa.kaf.cli.pro.KafkaProducer] (Thread-621) [Producer clientId=Producer-topic-915b156d_1d49_469a_a6ff_4201d744f4cf] Closing the Kafka producer with timeoutMillis = 9223372036854775807 ms.
2025-07-31 20:40:20,936 INFO  [org.apa.kaf.com.met.Metrics] (Thread-621) Metrics scheduler closed
2025-07-31 20:40:20,936 INFO  [org.apa.kaf.com.met.Metrics] (Thread-621) Closing reporter org.apache.kafka.common.metrics.JmxReporter
2025-07-31 20:40:20,936 INFO  [org.apa.kaf.com.met.Metrics] (Thread-621) Closing reporter org.apache.kafka.common.telemetry.internals.ClientTelemetryReporter
2025-07-31 20:40:20,936 INFO  [org.apa.kaf.com.met.Metrics] (Thread-621) Metrics reporters closed
2025-07-31 20:40:20,937 INFO  [org.apa.kaf.com.uti.AppInfoParser] (Thread-621) App info kafka.producer for Producer-topic-915b156d_1d49_469a_a6ff_4201d744f4cf unregistered
**** Registry Base URL: http://registry-app-inmemory.apps.ci419.apicurio-testing.org:80
2025-07-31 20:40:20,938 INFO  [org.apa.kaf.cli.con.ConsumerConfig] (main) ConsumerConfig values: 
	allow.auto.create.topics = true
	auto.commit.interval.ms = 500
	auto.include.jmx.reporter = true
	auto.offset.reset = earliest
	bootstrap.servers = [PLAINTEXT://localhost:32770]
	check.crcs = true
	client.dns.lookup = use_all_dns_ips
	client.id = consumer-Consumer-topic-915b156d_1d49_469a_a6ff_4201d744f4cf-5
	client.rack = 
	connections.max.idle.ms = 10000
	default.api.timeout.ms = 60000
	enable.auto.commit = true
	enable.metrics.push = true
	exclude.internal.topics = true
	fetch.max.bytes = 52428800
	fetch.max.wait.ms = 500
	fetch.min.bytes = 1
	group.id = Consumer-topic-915b156d_1d49_469a_a6ff_4201d744f4cf
	group.instance.id = null
	group.protocol = classic
	group.remote.assignor = null
	heartbeat.interval.ms = 3000
	interceptor.classes = []
	internal.leave.group.on.close = true
	internal.throw.on.fetch.stable.offset.unsupported = false
	isolation.level = read_uncommitted
	key.deserializer = class org.apache.kafka.common.serialization.StringDeserializer
	max.partition.fetch.bytes = 1048576
	max.poll.interval.ms = 300000
	max.poll.records = 500
	metadata.max.age.ms = 300000
	metadata.recovery.strategy = none
	metric.reporters = []
	metrics.num.samples = 2
	metrics.recording.level = INFO
	metrics.sample.window.ms = 30000
	partition.assignment.strategy = [class org.apache.kafka.clients.consumer.RangeAssignor, class org.apache.kafka.clients.consumer.CooperativeStickyAssignor]
	receive.buffer.bytes = 65536
	reconnect.backoff.max.ms = 1000
	reconnect.backoff.ms = 50
	request.timeout.ms = 5000
	retry.backoff.max.ms = 1000
	retry.backoff.ms = 100
	sasl.client.callback.handler.class = null
	sasl.jaas.config = null
	sasl.kerberos.kinit.cmd = /usr/bin/kinit
	sasl.kerberos.min.time.before.relogin = 60000
	sasl.kerberos.service.name = null
	sasl.kerberos.ticket.renew.jitter = 0.05
	sasl.kerberos.ticket.renew.window.factor = 0.8
	sasl.login.callback.handler.class = null
	sasl.login.class = null
	sasl.login.connect.timeout.ms = null
	sasl.login.read.timeout.ms = null
	sasl.login.refresh.buffer.seconds = 300
	sasl.login.refresh.min.period.seconds = 60
	sasl.login.refresh.window.factor = 0.8
	sasl.login.refresh.window.jitter = 0.05
	sasl.login.retry.backoff.max.ms = 10000
	sasl.login.retry.backoff.ms = 100
	sasl.mechanism = GSSAPI
	sasl.oauthbearer.clock.skew.seconds = 30
	sasl.oauthbearer.expected.audience = null
	sasl.oauthbearer.expected.issuer = null
	sasl.oauthbearer.header.urlencode = false
	sasl.oauthbearer.jwks.endpoint.refresh.ms = 3600000
	sasl.oauthbearer.jwks.endpoint.retry.backoff.max.ms = 10000
	sasl.oauthbearer.jwks.endpoint.retry.backoff.ms = 100
	sasl.oauthbearer.jwks.endpoint.url = null
	sasl.oauthbearer.scope.claim.name = scope
	sasl.oauthbearer.sub.claim.name = sub
	sasl.oauthbearer.token.endpoint.url = null
	security.protocol = PLAINTEXT
	security.providers = null
	send.buffer.bytes = 131072
	session.timeout.ms = 45000
	socket.connection.setup.timeout.max.ms = 30000
	socket.connection.setup.timeout.ms = 10000
	ssl.cipher.suites = null
	ssl.enabled.protocols = [TLSv1.2, TLSv1.3]
	ssl.endpoint.identification.algorithm = https
	ssl.engine.factory.class = null
	ssl.key.password = null
	ssl.keymanager.algorithm = SunX509
	ssl.keystore.certificate.chain = null
	ssl.keystore.key = null
	ssl.keystore.location = null
	ssl.keystore.password = null
	ssl.keystore.type = JKS
	ssl.protocol = TLSv1.3
	ssl.provider = null
	ssl.secure.random.implementation = null
	ssl.trustmanager.algorithm = PKIX
	ssl.truststore.certificates = null
	ssl.truststore.location = null
	ssl.truststore.password = null
	ssl.truststore.type = JKS
	value.deserializer = class io.apicurio.registry.serde.avro.AvroKafkaDeserializer

2025-07-31 20:40:20,938 INFO  [org.apa.kaf.com.tel.int.KafkaMetricsCollector] (main) initializing Kafka metrics collector
2025-07-31 20:40:20,955 INFO  [org.apa.kaf.cli.con.ConsumerConfig] (main) These configurations '[apicurio.registry.url]' were supplied but are not used yet.
2025-07-31 20:40:20,955 INFO  [org.apa.kaf.com.uti.AppInfoParser] (main) Kafka version: 3.9.1
2025-07-31 20:40:20,955 INFO  [org.apa.kaf.com.uti.AppInfoParser] (main) Kafka commitId: f745dfdcee2b9851
2025-07-31 20:40:20,955 INFO  [org.apa.kaf.com.uti.AppInfoParser] (main) Kafka startTimeMs: 1753994420955
2025-07-31 20:40:20,956 INFO  [org.apa.kaf.cli.con.int.ClassicKafkaConsumer] (Thread-624) [Consumer clientId=consumer-Consumer-topic-915b156d_1d49_469a_a6ff_4201d744f4cf-5, groupId=Consumer-topic-915b156d_1d49_469a_a6ff_4201d744f4cf] Subscribed to topic(s): topic-915b156d_1d49_469a_a6ff_4201d744f4cf
2025-07-31 20:40:20,963 INFO  [org.apa.kaf.cli.Metadata] (Thread-624) [Consumer clientId=consumer-Consumer-topic-915b156d_1d49_469a_a6ff_4201d744f4cf-5, groupId=Consumer-topic-915b156d_1d49_469a_a6ff_4201d744f4cf] Cluster ID: b-_w6pXwSzuW2BMgmumbNQ
2025-07-31 20:40:20,964 INFO  [org.apa.kaf.cli.con.int.ConsumerCoordinator] (Thread-624) [Consumer clientId=consumer-Consumer-topic-915b156d_1d49_469a_a6ff_4201d744f4cf-5, groupId=Consumer-topic-915b156d_1d49_469a_a6ff_4201d744f4cf] Discovered group coordinator localhost:32770 (id: 2147483647 rack: null)
2025-07-31 20:40:20,966 INFO  [org.apa.kaf.cli.con.int.ConsumerCoordinator] (Thread-624) [Consumer clientId=consumer-Consumer-topic-915b156d_1d49_469a_a6ff_4201d744f4cf-5, groupId=Consumer-topic-915b156d_1d49_469a_a6ff_4201d744f4cf] (Re-)joining group
2025-07-31 20:40:20,972 INFO  [org.apa.kaf.cli.con.int.ConsumerCoordinator] (Thread-624) [Consumer clientId=consumer-Consumer-topic-915b156d_1d49_469a_a6ff_4201d744f4cf-5, groupId=Consumer-topic-915b156d_1d49_469a_a6ff_4201d744f4cf] Request joining group due to: need to re-join with the given member-id: consumer-Consumer-topic-915b156d_1d49_469a_a6ff_4201d744f4cf-5-1c440bcb-8ec9-4d66-9a2d-ac44b98379eb
2025-07-31 20:40:20,972 INFO  [org.apa.kaf.cli.con.int.ConsumerCoordinator] (Thread-624) [Consumer clientId=consumer-Consumer-topic-915b156d_1d49_469a_a6ff_4201d744f4cf-5, groupId=Consumer-topic-915b156d_1d49_469a_a6ff_4201d744f4cf] (Re-)joining group
2025-07-31 20:40:20,980 INFO  [org.apa.kaf.cli.con.int.ConsumerCoordinator] (Thread-624) [Consumer clientId=consumer-Consumer-topic-915b156d_1d49_469a_a6ff_4201d744f4cf-5, groupId=Consumer-topic-915b156d_1d49_469a_a6ff_4201d744f4cf] Successfully joined group with generation Generation{generationId=1, memberId='consumer-Consumer-topic-915b156d_1d49_469a_a6ff_4201d744f4cf-5-1c440bcb-8ec9-4d66-9a2d-ac44b98379eb', protocol='range'}
2025-07-31 20:40:20,980 INFO  [org.apa.kaf.cli.con.int.ConsumerCoordinator] (Thread-624) [Consumer clientId=consumer-Consumer-topic-915b156d_1d49_469a_a6ff_4201d744f4cf-5, groupId=Consumer-topic-915b156d_1d49_469a_a6ff_4201d744f4cf] Finished assignment for group at generation 1: {consumer-Consumer-topic-915b156d_1d49_469a_a6ff_4201d744f4cf-5-1c440bcb-8ec9-4d66-9a2d-ac44b98379eb=Assignment(partitions=[topic-915b156d_1d49_469a_a6ff_4201d744f4cf-0])}
2025-07-31 20:40:20,985 INFO  [org.apa.kaf.cli.con.int.ConsumerCoordinator] (Thread-624) [Consumer clientId=consumer-Consumer-topic-915b156d_1d49_469a_a6ff_4201d744f4cf-5, groupId=Consumer-topic-915b156d_1d49_469a_a6ff_4201d744f4cf] Successfully synced group in generation Generation{generationId=1, memberId='consumer-Consumer-topic-915b156d_1d49_469a_a6ff_4201d744f4cf-5-1c440bcb-8ec9-4d66-9a2d-ac44b98379eb', protocol='range'}
2025-07-31 20:40:20,985 INFO  [org.apa.kaf.cli.con.int.ConsumerCoordinator] (Thread-624) [Consumer clientId=consumer-Consumer-topic-915b156d_1d49_469a_a6ff_4201d744f4cf-5, groupId=Consumer-topic-915b156d_1d49_469a_a6ff_4201d744f4cf] Notifying assignor about the new Assignment(partitions=[topic-915b156d_1d49_469a_a6ff_4201d744f4cf-0])
2025-07-31 20:40:20,985 INFO  [org.apa.kaf.cli.con.int.ConsumerRebalanceListenerInvoker] (Thread-624) [Consumer clientId=consumer-Consumer-topic-915b156d_1d49_469a_a6ff_4201d744f4cf-5, groupId=Consumer-topic-915b156d_1d49_469a_a6ff_4201d744f4cf] Adding newly assigned partitions: topic-915b156d_1d49_469a_a6ff_4201d744f4cf-0
2025-07-31 20:40:20,987 INFO  [org.apa.kaf.cli.con.int.ConsumerCoordinator] (Thread-624) [Consumer clientId=consumer-Consumer-topic-915b156d_1d49_469a_a6ff_4201d744f4cf-5, groupId=Consumer-topic-915b156d_1d49_469a_a6ff_4201d744f4cf] Found no committed offset for partition topic-915b156d_1d49_469a_a6ff_4201d744f4cf-0
2025-07-31 20:40:20,997 INFO  [org.apa.kaf.cli.con.int.SubscriptionState] (Thread-624) [Consumer clientId=consumer-Consumer-topic-915b156d_1d49_469a_a6ff_4201d744f4cf-5, groupId=Consumer-topic-915b156d_1d49_469a_a6ff_4201d744f4cf] Resetting offset for partition topic-915b156d_1d49_469a_a6ff_4201d744f4cf-0 to position FetchPosition{offset=0, offsetEpoch=Optional.empty, currentLeader=LeaderAndEpoch{leader=Optional[localhost:32770 (id: 0 rack: null)], epoch=0}}.
2025-07-31 20:40:21,023 INFO  [io.api.tes.ser.api.KafkaSerdesTester] (Thread-624) topic-915b156d_1d49_469a_a6ff_4201d744f4cf 0 0 {"key11753994419793": "value-0"}
2025-07-31 20:40:21,023 INFO  [io.api.tes.ser.api.KafkaSerdesTester] (Thread-624) topic-915b156d_1d49_469a_a6ff_4201d744f4cf 0 1 {"key11753994419793": "value-1"}
2025-07-31 20:40:21,023 INFO  [io.api.tes.ser.api.KafkaSerdesTester] (Thread-624) topic-915b156d_1d49_469a_a6ff_4201d744f4cf 0 2 {"key11753994419793": "value-2"}
2025-07-31 20:40:21,023 INFO  [io.api.tes.ser.api.KafkaSerdesTester] (Thread-624) topic-915b156d_1d49_469a_a6ff_4201d744f4cf 0 3 {"key11753994419793": "value-3"}
2025-07-31 20:40:21,024 INFO  [io.api.tes.ser.api.KafkaSerdesTester] (Thread-624) topic-915b156d_1d49_469a_a6ff_4201d744f4cf 0 4 {"key11753994419793": "value-4"}
2025-07-31 20:40:21,024 INFO  [io.api.tes.ser.api.KafkaSerdesTester] (Thread-624) topic-915b156d_1d49_469a_a6ff_4201d744f4cf 0 5 {"key11753994419793": "value-5"}
2025-07-31 20:40:21,024 INFO  [io.api.tes.ser.api.KafkaSerdesTester] (Thread-624) topic-915b156d_1d49_469a_a6ff_4201d744f4cf 0 6 {"key11753994419793": "value-6"}
2025-07-31 20:40:21,024 INFO  [io.api.tes.ser.api.KafkaSerdesTester] (Thread-624) topic-915b156d_1d49_469a_a6ff_4201d744f4cf 0 7 {"key11753994419793": "value-7"}
2025-07-31 20:40:21,024 INFO  [io.api.tes.ser.api.KafkaSerdesTester] (Thread-624) topic-915b156d_1d49_469a_a6ff_4201d744f4cf 0 8 {"key11753994419793": "value-8"}
2025-07-31 20:40:21,024 INFO  [io.api.tes.ser.api.KafkaSerdesTester] (Thread-624) topic-915b156d_1d49_469a_a6ff_4201d744f4cf 0 9 {"key11753994419793": "value-9"}
2025-07-31 20:40:21,024 INFO  [io.api.tes.ser.api.KafkaSerdesTester] (Thread-624) Consumed 10 messages
2025-07-31 20:40:21,029 INFO  [org.apa.kaf.cli.con.int.ConsumerRebalanceListenerInvoker] (Thread-624) [Consumer clientId=consumer-Consumer-topic-915b156d_1d49_469a_a6ff_4201d744f4cf-5, groupId=Consumer-topic-915b156d_1d49_469a_a6ff_4201d744f4cf] Revoke previously assigned partitions topic-915b156d_1d49_469a_a6ff_4201d744f4cf-0
2025-07-31 20:40:21,029 INFO  [org.apa.kaf.cli.con.int.ConsumerCoordinator] (Thread-624) [Consumer clientId=consumer-Consumer-topic-915b156d_1d49_469a_a6ff_4201d744f4cf-5, groupId=Consumer-topic-915b156d_1d49_469a_a6ff_4201d744f4cf] Member consumer-Consumer-topic-915b156d_1d49_469a_a6ff_4201d744f4cf-5-1c440bcb-8ec9-4d66-9a2d-ac44b98379eb sending LeaveGroup request to coordinator localhost:32770 (id: 2147483647 rack: null) due to the consumer is being closed
2025-07-31 20:40:21,029 INFO  [org.apa.kaf.cli.con.int.ConsumerCoordinator] (Thread-624) [Consumer clientId=consumer-Consumer-topic-915b156d_1d49_469a_a6ff_4201d744f4cf-5, groupId=Consumer-topic-915b156d_1d49_469a_a6ff_4201d744f4cf] Resetting generation and member id due to: consumer pro-actively leaving the group
2025-07-31 20:40:21,029 INFO  [org.apa.kaf.cli.con.int.ConsumerCoordinator] (Thread-624) [Consumer clientId=consumer-Consumer-topic-915b156d_1d49_469a_a6ff_4201d744f4cf-5, groupId=Consumer-topic-915b156d_1d49_469a_a6ff_4201d744f4cf] Request joining group due to: consumer pro-actively leaving the group
2025-07-31 20:40:21,530 INFO  [org.apa.kaf.com.met.Metrics] (Thread-624) Metrics scheduler closed
2025-07-31 20:40:21,530 INFO  [org.apa.kaf.com.met.Metrics] (Thread-624) Closing reporter org.apache.kafka.common.metrics.JmxReporter
2025-07-31 20:40:21,530 INFO  [org.apa.kaf.com.met.Metrics] (Thread-624) Closing reporter org.apache.kafka.common.telemetry.internals.ClientTelemetryReporter
2025-07-31 20:40:21,530 INFO  [org.apa.kaf.com.met.Metrics] (Thread-624) Metrics reporters closed
2025-07-31 20:40:21,549 INFO  [org.apa.kaf.com.uti.AppInfoParser] (Thread-624) App info kafka.consumer for consumer-Consumer-topic-915b156d_1d49_469a_a6ff_4201d744f4cf-5 unregistered
2025-07-31 20:40:21,550 INFO  [io.api.tes.uti.TestSeparator] (main) io.apicurio.tests.serdes.apicurio.AvroSerdeIT.testRecordIdStrategydFindLatest-FINISHED
2025-07-31 20:40:21,550 INFO  [io.api.tes.uti.TestSeparator] (main) ############################################################################
Test passed: testRecordIdStrategydFindLatest
]]></system-out>
  </testcase>
  <testcase name="testReflectAutoRegister" classname="io.apicurio.tests.serdes.apicurio.AvroSerdeIT" time="0.869">
    <system-out><![CDATA[2025-07-31 20:40:21,551 INFO  [io.api.tes.uti.TestSeparator] (main) ############################################################################
2025-07-31 20:40:21,551 INFO  [io.api.tes.uti.TestSeparator] (main) io.apicurio.tests.serdes.apicurio.AvroSerdeIT.testReflectAutoRegister-STARTED
**** Registry Base URL: http://registry-app-inmemory.apps.ci419.apicurio-testing.org:80
2025-07-31 20:40:21,556 INFO  [org.apa.kaf.cli.pro.ProducerConfig] (main) ProducerConfig values: 
	acks = -1
	auto.include.jmx.reporter = true
	batch.size = 16384
	bootstrap.servers = [PLAINTEXT://localhost:32770]
	buffer.memory = 33554432
	client.dns.lookup = use_all_dns_ips
	client.id = Producer-topic-32e12343_6cd2_42fa_a992_f1d7189f1a1b
	compression.gzip.level = -1
	compression.lz4.level = 9
	compression.type = none
	compression.zstd.level = 3
	connections.max.idle.ms = 10000
	delivery.timeout.ms = 120000
	enable.idempotence = true
	enable.metrics.push = true
	interceptor.classes = []
	key.serializer = class org.apache.kafka.common.serialization.StringSerializer
	linger.ms = 0
	max.block.ms = 60000
	max.in.flight.requests.per.connection = 5
	max.request.size = 1048576
	metadata.max.age.ms = 300000
	metadata.max.idle.ms = 300000
	metadata.recovery.strategy = none
	metric.reporters = []
	metrics.num.samples = 2
	metrics.recording.level = INFO
	metrics.sample.window.ms = 30000
	partitioner.adaptive.partitioning.enable = true
	partitioner.availability.timeout.ms = 0
	partitioner.class = null
	partitioner.ignore.keys = false
	receive.buffer.bytes = 32768
	reconnect.backoff.max.ms = 1000
	reconnect.backoff.ms = 50
	request.timeout.ms = 5000
	retries = 2147483647
	retry.backoff.max.ms = 1000
	retry.backoff.ms = 100
	sasl.client.callback.handler.class = null
	sasl.jaas.config = null
	sasl.kerberos.kinit.cmd = /usr/bin/kinit
	sasl.kerberos.min.time.before.relogin = 60000
	sasl.kerberos.service.name = null
	sasl.kerberos.ticket.renew.jitter = 0.05
	sasl.kerberos.ticket.renew.window.factor = 0.8
	sasl.login.callback.handler.class = null
	sasl.login.class = null
	sasl.login.connect.timeout.ms = null
	sasl.login.read.timeout.ms = null
	sasl.login.refresh.buffer.seconds = 300
	sasl.login.refresh.min.period.seconds = 60
	sasl.login.refresh.window.factor = 0.8
	sasl.login.refresh.window.jitter = 0.05
	sasl.login.retry.backoff.max.ms = 10000
	sasl.login.retry.backoff.ms = 100
	sasl.mechanism = GSSAPI
	sasl.oauthbearer.clock.skew.seconds = 30
	sasl.oauthbearer.expected.audience = null
	sasl.oauthbearer.expected.issuer = null
	sasl.oauthbearer.header.urlencode = false
	sasl.oauthbearer.jwks.endpoint.refresh.ms = 3600000
	sasl.oauthbearer.jwks.endpoint.retry.backoff.max.ms = 10000
	sasl.oauthbearer.jwks.endpoint.retry.backoff.ms = 100
	sasl.oauthbearer.jwks.endpoint.url = null
	sasl.oauthbearer.scope.claim.name = scope
	sasl.oauthbearer.sub.claim.name = sub
	sasl.oauthbearer.token.endpoint.url = null
	security.protocol = PLAINTEXT
	security.providers = null
	send.buffer.bytes = 131072
	socket.connection.setup.timeout.max.ms = 30000
	socket.connection.setup.timeout.ms = 10000
	ssl.cipher.suites = null
	ssl.enabled.protocols = [TLSv1.2, TLSv1.3]
	ssl.endpoint.identification.algorithm = https
	ssl.engine.factory.class = null
	ssl.key.password = null
	ssl.keymanager.algorithm = SunX509
	ssl.keystore.certificate.chain = null
	ssl.keystore.key = null
	ssl.keystore.location = null
	ssl.keystore.password = null
	ssl.keystore.type = JKS
	ssl.protocol = TLSv1.3
	ssl.provider = null
	ssl.secure.random.implementation = null
	ssl.trustmanager.algorithm = PKIX
	ssl.truststore.certificates = null
	ssl.truststore.location = null
	ssl.truststore.password = null
	ssl.truststore.type = JKS
	transaction.timeout.ms = 60000
	transactional.id = null
	value.serializer = class io.apicurio.registry.serde.avro.AvroKafkaSerializer

2025-07-31 20:40:21,560 INFO  [org.apa.kaf.com.tel.int.KafkaMetricsCollector] (main) initializing Kafka metrics collector
2025-07-31 20:40:21,588 INFO  [org.apa.kaf.cli.pro.KafkaProducer] (main) [Producer clientId=Producer-topic-32e12343_6cd2_42fa_a992_f1d7189f1a1b] Instantiated an idempotent producer.
2025-07-31 20:40:21,595 INFO  [org.apa.kaf.cli.pro.ProducerConfig] (main) These configurations '[apicurio.registry.url, apicurio.registry.auto-register, apicurio.registry.artifact-resolver-strategy, apicurio.registry.avro-datum-provider]' were supplied but are not used yet.
2025-07-31 20:40:21,595 INFO  [org.apa.kaf.com.uti.AppInfoParser] (main) Kafka version: 3.9.1
2025-07-31 20:40:21,596 INFO  [org.apa.kaf.com.uti.AppInfoParser] (main) Kafka commitId: f745dfdcee2b9851
2025-07-31 20:40:21,596 INFO  [org.apa.kaf.com.uti.AppInfoParser] (main) Kafka startTimeMs: 1753994421595
2025-07-31 20:40:21,596 INFO  [io.api.tes.ser.api.SimpleSerdesTesterBuilder$SimpleSerdesTester] (main) Using producer configuration: {apicurio.registry.url=http://registry-app-inmemory.apps.ci419.apicurio-testing.org:80/apis/registry/v3, apicurio.registry.auto-register=true, apicurio.registry.artifact-resolver-strategy=io.apicurio.registry.serde.strategy.TopicIdStrategy, value.serializer=io.apicurio.registry.serde.avro.AvroKafkaSerializer, request.timeout.ms=5000, acks=all, bootstrap.servers=PLAINTEXT://localhost:32770, connections.max.idle.ms=10000, key.serializer=org.apache.kafka.common.serialization.StringSerializer, apicurio.registry.avro-datum-provider=io.apicurio.registry.serde.avro.ReflectAvroDatumProvider, client.id=Producer-topic-32e12343_6cd2_42fa_a992_f1d7189f1a1b}
2025-07-31 20:40:21,596 INFO  [io.api.tes.ser.api.SimpleSerdesTesterBuilder$SimpleSerdesTester] (main) Using consumer configuration: {apicurio.registry.avro-datum-provider=io.apicurio.registry.serde.avro.ReflectAvroDatumProvider}
2025-07-31 20:40:21,598 INFO  [io.api.tes.ser.api.KafkaSerdesTester] (Thread-627) Sending message io.apicurio.tests.common.serdes.TestObject@3dbd29cb to topic topic-32e12343_6cd2_42fa_a992_f1d7189f1a1b
2025-07-31 20:40:21,612 WARN  [org.apa.kaf.cli.NetworkClient] (kafka-producer-network-thread | Producer-topic-32e12343_6cd2_42fa_a992_f1d7189f1a1b) [Producer clientId=Producer-topic-32e12343_6cd2_42fa_a992_f1d7189f1a1b] The metadata response from the cluster reported a recoverable issue with correlation id 2 : {topic-32e12343_6cd2_42fa_a992_f1d7189f1a1b=LEADER_NOT_AVAILABLE}
2025-07-31 20:40:21,612 INFO  [org.apa.kaf.cli.Metadata] (kafka-producer-network-thread | Producer-topic-32e12343_6cd2_42fa_a992_f1d7189f1a1b) [Producer clientId=Producer-topic-32e12343_6cd2_42fa_a992_f1d7189f1a1b] Cluster ID: b-_w6pXwSzuW2BMgmumbNQ
2025-07-31 20:40:21,613 INFO  [org.apa.kaf.cli.pro.int.TransactionManager] (kafka-producer-network-thread | Producer-topic-32e12343_6cd2_42fa_a992_f1d7189f1a1b) [Producer clientId=Producer-topic-32e12343_6cd2_42fa_a992_f1d7189f1a1b] ProducerId set to 6 with epoch 0
2025-07-31 20:40:21,771 INFO  [io.api.tes.ser.api.KafkaSerdesTester] (Thread-627) Sending message io.apicurio.tests.common.serdes.TestObject@3dbd29cb to topic topic-32e12343_6cd2_42fa_a992_f1d7189f1a1b
2025-07-31 20:40:21,774 INFO  [io.api.tes.ser.api.KafkaSerdesTester] (Thread-627) Sending message io.apicurio.tests.common.serdes.TestObject@3dbd29cb to topic topic-32e12343_6cd2_42fa_a992_f1d7189f1a1b
2025-07-31 20:40:21,776 INFO  [io.api.tes.ser.api.KafkaSerdesTester] (Thread-627) Sending message io.apicurio.tests.common.serdes.TestObject@3dbd29cb to topic topic-32e12343_6cd2_42fa_a992_f1d7189f1a1b
2025-07-31 20:40:21,779 INFO  [io.api.tes.ser.api.KafkaSerdesTester] (Thread-627) Sending message io.apicurio.tests.common.serdes.TestObject@3dbd29cb to topic topic-32e12343_6cd2_42fa_a992_f1d7189f1a1b
2025-07-31 20:40:21,781 INFO  [io.api.tes.ser.api.KafkaSerdesTester] (Thread-627) Sending message io.apicurio.tests.common.serdes.TestObject@3dbd29cb to topic topic-32e12343_6cd2_42fa_a992_f1d7189f1a1b
2025-07-31 20:40:21,783 INFO  [io.api.tes.ser.api.KafkaSerdesTester] (Thread-627) Sending message io.apicurio.tests.common.serdes.TestObject@3dbd29cb to topic topic-32e12343_6cd2_42fa_a992_f1d7189f1a1b
2025-07-31 20:40:21,785 INFO  [io.api.tes.ser.api.KafkaSerdesTester] (Thread-627) Sending message io.apicurio.tests.common.serdes.TestObject@3dbd29cb to topic topic-32e12343_6cd2_42fa_a992_f1d7189f1a1b
2025-07-31 20:40:21,789 INFO  [io.api.tes.ser.api.KafkaSerdesTester] (Thread-627) Sending message io.apicurio.tests.common.serdes.TestObject@3dbd29cb to topic topic-32e12343_6cd2_42fa_a992_f1d7189f1a1b
2025-07-31 20:40:21,793 INFO  [io.api.tes.ser.api.KafkaSerdesTester] (Thread-627) Sending message io.apicurio.tests.common.serdes.TestObject@3dbd29cb to topic topic-32e12343_6cd2_42fa_a992_f1d7189f1a1b
2025-07-31 20:40:21,796 INFO  [io.api.tes.ser.api.KafkaSerdesTester] (Thread-627) Produced 10 messages
2025-07-31 20:40:21,796 INFO  [org.apa.kaf.cli.pro.KafkaProducer] (Thread-627) [Producer clientId=Producer-topic-32e12343_6cd2_42fa_a992_f1d7189f1a1b] Closing the Kafka producer with timeoutMillis = 9223372036854775807 ms.
2025-07-31 20:40:21,799 INFO  [org.apa.kaf.com.met.Metrics] (Thread-627) Metrics scheduler closed
2025-07-31 20:40:21,800 INFO  [org.apa.kaf.com.met.Metrics] (Thread-627) Closing reporter org.apache.kafka.common.metrics.JmxReporter
2025-07-31 20:40:21,800 INFO  [org.apa.kaf.com.met.Metrics] (Thread-627) Closing reporter org.apache.kafka.common.telemetry.internals.ClientTelemetryReporter
2025-07-31 20:40:21,800 INFO  [org.apa.kaf.com.met.Metrics] (Thread-627) Metrics reporters closed
2025-07-31 20:40:21,800 INFO  [org.apa.kaf.com.uti.AppInfoParser] (Thread-627) App info kafka.producer for Producer-topic-32e12343_6cd2_42fa_a992_f1d7189f1a1b unregistered
**** Registry Base URL: http://registry-app-inmemory.apps.ci419.apicurio-testing.org:80
2025-07-31 20:40:21,820 INFO  [org.apa.kaf.cli.con.ConsumerConfig] (main) ConsumerConfig values: 
	allow.auto.create.topics = true
	auto.commit.interval.ms = 500
	auto.include.jmx.reporter = true
	auto.offset.reset = earliest
	bootstrap.servers = [PLAINTEXT://localhost:32770]
	check.crcs = true
	client.dns.lookup = use_all_dns_ips
	client.id = consumer-Consumer-topic-32e12343_6cd2_42fa_a992_f1d7189f1a1b-6
	client.rack = 
	connections.max.idle.ms = 10000
	default.api.timeout.ms = 60000
	enable.auto.commit = true
	enable.metrics.push = true
	exclude.internal.topics = true
	fetch.max.bytes = 52428800
	fetch.max.wait.ms = 500
	fetch.min.bytes = 1
	group.id = Consumer-topic-32e12343_6cd2_42fa_a992_f1d7189f1a1b
	group.instance.id = null
	group.protocol = classic
	group.remote.assignor = null
	heartbeat.interval.ms = 3000
	interceptor.classes = []
	internal.leave.group.on.close = true
	internal.throw.on.fetch.stable.offset.unsupported = false
	isolation.level = read_uncommitted
	key.deserializer = class org.apache.kafka.common.serialization.StringDeserializer
	max.partition.fetch.bytes = 1048576
	max.poll.interval.ms = 300000
	max.poll.records = 500
	metadata.max.age.ms = 300000
	metadata.recovery.strategy = none
	metric.reporters = []
	metrics.num.samples = 2
	metrics.recording.level = INFO
	metrics.sample.window.ms = 30000
	partition.assignment.strategy = [class org.apache.kafka.clients.consumer.RangeAssignor, class org.apache.kafka.clients.consumer.CooperativeStickyAssignor]
	receive.buffer.bytes = 65536
	reconnect.backoff.max.ms = 1000
	reconnect.backoff.ms = 50
	request.timeout.ms = 5000
	retry.backoff.max.ms = 1000
	retry.backoff.ms = 100
	sasl.client.callback.handler.class = null
	sasl.jaas.config = null
	sasl.kerberos.kinit.cmd = /usr/bin/kinit
	sasl.kerberos.min.time.before.relogin = 60000
	sasl.kerberos.service.name = null
	sasl.kerberos.ticket.renew.jitter = 0.05
	sasl.kerberos.ticket.renew.window.factor = 0.8
	sasl.login.callback.handler.class = null
	sasl.login.class = null
	sasl.login.connect.timeout.ms = null
	sasl.login.read.timeout.ms = null
	sasl.login.refresh.buffer.seconds = 300
	sasl.login.refresh.min.period.seconds = 60
	sasl.login.refresh.window.factor = 0.8
	sasl.login.refresh.window.jitter = 0.05
	sasl.login.retry.backoff.max.ms = 10000
	sasl.login.retry.backoff.ms = 100
	sasl.mechanism = GSSAPI
	sasl.oauthbearer.clock.skew.seconds = 30
	sasl.oauthbearer.expected.audience = null
	sasl.oauthbearer.expected.issuer = null
	sasl.oauthbearer.header.urlencode = false
	sasl.oauthbearer.jwks.endpoint.refresh.ms = 3600000
	sasl.oauthbearer.jwks.endpoint.retry.backoff.max.ms = 10000
	sasl.oauthbearer.jwks.endpoint.retry.backoff.ms = 100
	sasl.oauthbearer.jwks.endpoint.url = null
	sasl.oauthbearer.scope.claim.name = scope
	sasl.oauthbearer.sub.claim.name = sub
	sasl.oauthbearer.token.endpoint.url = null
	security.protocol = PLAINTEXT
	security.providers = null
	send.buffer.bytes = 131072
	session.timeout.ms = 45000
	socket.connection.setup.timeout.max.ms = 30000
	socket.connection.setup.timeout.ms = 10000
	ssl.cipher.suites = null
	ssl.enabled.protocols = [TLSv1.2, TLSv1.3]
	ssl.endpoint.identification.algorithm = https
	ssl.engine.factory.class = null
	ssl.key.password = null
	ssl.keymanager.algorithm = SunX509
	ssl.keystore.certificate.chain = null
	ssl.keystore.key = null
	ssl.keystore.location = null
	ssl.keystore.password = null
	ssl.keystore.type = JKS
	ssl.protocol = TLSv1.3
	ssl.provider = null
	ssl.secure.random.implementation = null
	ssl.trustmanager.algorithm = PKIX
	ssl.truststore.certificates = null
	ssl.truststore.location = null
	ssl.truststore.password = null
	ssl.truststore.type = JKS
	value.deserializer = class io.apicurio.registry.serde.avro.AvroKafkaDeserializer

2025-07-31 20:40:21,821 INFO  [org.apa.kaf.com.tel.int.KafkaMetricsCollector] (main) initializing Kafka metrics collector
2025-07-31 20:40:21,826 INFO  [org.apa.kaf.cli.con.ConsumerConfig] (main) These configurations '[apicurio.registry.url, apicurio.registry.avro-datum-provider]' were supplied but are not used yet.
2025-07-31 20:40:21,826 INFO  [org.apa.kaf.com.uti.AppInfoParser] (main) Kafka version: 3.9.1
2025-07-31 20:40:21,826 INFO  [org.apa.kaf.com.uti.AppInfoParser] (main) Kafka commitId: f745dfdcee2b9851
2025-07-31 20:40:21,826 INFO  [org.apa.kaf.com.uti.AppInfoParser] (main) Kafka startTimeMs: 1753994421826
2025-07-31 20:40:21,827 INFO  [org.apa.kaf.cli.con.int.ClassicKafkaConsumer] (Thread-630) [Consumer clientId=consumer-Consumer-topic-32e12343_6cd2_42fa_a992_f1d7189f1a1b-6, groupId=Consumer-topic-32e12343_6cd2_42fa_a992_f1d7189f1a1b] Subscribed to topic(s): topic-32e12343_6cd2_42fa_a992_f1d7189f1a1b
2025-07-31 20:40:21,837 INFO  [org.apa.kaf.cli.Metadata] (Thread-630) [Consumer clientId=consumer-Consumer-topic-32e12343_6cd2_42fa_a992_f1d7189f1a1b-6, groupId=Consumer-topic-32e12343_6cd2_42fa_a992_f1d7189f1a1b] Cluster ID: b-_w6pXwSzuW2BMgmumbNQ
2025-07-31 20:40:21,841 INFO  [org.apa.kaf.cli.con.int.ConsumerCoordinator] (Thread-630) [Consumer clientId=consumer-Consumer-topic-32e12343_6cd2_42fa_a992_f1d7189f1a1b-6, groupId=Consumer-topic-32e12343_6cd2_42fa_a992_f1d7189f1a1b] Discovered group coordinator localhost:32770 (id: 2147483647 rack: null)
2025-07-31 20:40:21,846 INFO  [org.apa.kaf.cli.con.int.ConsumerCoordinator] (Thread-630) [Consumer clientId=consumer-Consumer-topic-32e12343_6cd2_42fa_a992_f1d7189f1a1b-6, groupId=Consumer-topic-32e12343_6cd2_42fa_a992_f1d7189f1a1b] (Re-)joining group
2025-07-31 20:40:21,858 INFO  [org.apa.kaf.cli.con.int.ConsumerCoordinator] (Thread-630) [Consumer clientId=consumer-Consumer-topic-32e12343_6cd2_42fa_a992_f1d7189f1a1b-6, groupId=Consumer-topic-32e12343_6cd2_42fa_a992_f1d7189f1a1b] Request joining group due to: need to re-join with the given member-id: consumer-Consumer-topic-32e12343_6cd2_42fa_a992_f1d7189f1a1b-6-a7883ef3-bb05-4f47-bc1e-367d757e30b4
2025-07-31 20:40:21,858 INFO  [org.apa.kaf.cli.con.int.ConsumerCoordinator] (Thread-630) [Consumer clientId=consumer-Consumer-topic-32e12343_6cd2_42fa_a992_f1d7189f1a1b-6, groupId=Consumer-topic-32e12343_6cd2_42fa_a992_f1d7189f1a1b] (Re-)joining group
2025-07-31 20:40:21,864 INFO  [org.apa.kaf.cli.con.int.ConsumerCoordinator] (Thread-630) [Consumer clientId=consumer-Consumer-topic-32e12343_6cd2_42fa_a992_f1d7189f1a1b-6, groupId=Consumer-topic-32e12343_6cd2_42fa_a992_f1d7189f1a1b] Successfully joined group with generation Generation{generationId=1, memberId='consumer-Consumer-topic-32e12343_6cd2_42fa_a992_f1d7189f1a1b-6-a7883ef3-bb05-4f47-bc1e-367d757e30b4', protocol='range'}
2025-07-31 20:40:21,864 INFO  [org.apa.kaf.cli.con.int.ConsumerCoordinator] (Thread-630) [Consumer clientId=consumer-Consumer-topic-32e12343_6cd2_42fa_a992_f1d7189f1a1b-6, groupId=Consumer-topic-32e12343_6cd2_42fa_a992_f1d7189f1a1b] Finished assignment for group at generation 1: {consumer-Consumer-topic-32e12343_6cd2_42fa_a992_f1d7189f1a1b-6-a7883ef3-bb05-4f47-bc1e-367d757e30b4=Assignment(partitions=[topic-32e12343_6cd2_42fa_a992_f1d7189f1a1b-0])}
2025-07-31 20:40:21,869 INFO  [org.apa.kaf.cli.con.int.ConsumerCoordinator] (Thread-630) [Consumer clientId=consumer-Consumer-topic-32e12343_6cd2_42fa_a992_f1d7189f1a1b-6, groupId=Consumer-topic-32e12343_6cd2_42fa_a992_f1d7189f1a1b] Successfully synced group in generation Generation{generationId=1, memberId='consumer-Consumer-topic-32e12343_6cd2_42fa_a992_f1d7189f1a1b-6-a7883ef3-bb05-4f47-bc1e-367d757e30b4', protocol='range'}
2025-07-31 20:40:21,870 INFO  [org.apa.kaf.cli.con.int.ConsumerCoordinator] (Thread-630) [Consumer clientId=consumer-Consumer-topic-32e12343_6cd2_42fa_a992_f1d7189f1a1b-6, groupId=Consumer-topic-32e12343_6cd2_42fa_a992_f1d7189f1a1b] Notifying assignor about the new Assignment(partitions=[topic-32e12343_6cd2_42fa_a992_f1d7189f1a1b-0])
2025-07-31 20:40:21,870 INFO  [org.apa.kaf.cli.con.int.ConsumerRebalanceListenerInvoker] (Thread-630) [Consumer clientId=consumer-Consumer-topic-32e12343_6cd2_42fa_a992_f1d7189f1a1b-6, groupId=Consumer-topic-32e12343_6cd2_42fa_a992_f1d7189f1a1b] Adding newly assigned partitions: topic-32e12343_6cd2_42fa_a992_f1d7189f1a1b-0
2025-07-31 20:40:21,874 INFO  [org.apa.kaf.cli.con.int.ConsumerCoordinator] (Thread-630) [Consumer clientId=consumer-Consumer-topic-32e12343_6cd2_42fa_a992_f1d7189f1a1b-6, groupId=Consumer-topic-32e12343_6cd2_42fa_a992_f1d7189f1a1b] Found no committed offset for partition topic-32e12343_6cd2_42fa_a992_f1d7189f1a1b-0
2025-07-31 20:40:21,876 INFO  [org.apa.kaf.cli.con.int.SubscriptionState] (Thread-630) [Consumer clientId=consumer-Consumer-topic-32e12343_6cd2_42fa_a992_f1d7189f1a1b-6, groupId=Consumer-topic-32e12343_6cd2_42fa_a992_f1d7189f1a1b] Resetting offset for partition topic-32e12343_6cd2_42fa_a992_f1d7189f1a1b-0 to position FetchPosition{offset=0, offsetEpoch=Optional.empty, currentLeader=LeaderAndEpoch{leader=Optional[localhost:32770 (id: 0 rack: null)], epoch=0}}.
2025-07-31 20:40:21,911 INFO  [io.api.tes.ser.api.KafkaSerdesTester] (Thread-630) topic-32e12343_6cd2_42fa_a992_f1d7189f1a1b 0 0 io.apicurio.tests.common.serdes.TestObject@3dbd29cb
2025-07-31 20:40:21,911 INFO  [io.api.tes.ser.api.KafkaSerdesTester] (Thread-630) topic-32e12343_6cd2_42fa_a992_f1d7189f1a1b 0 1 io.apicurio.tests.common.serdes.TestObject@3dbd29cb
2025-07-31 20:40:21,911 INFO  [io.api.tes.ser.api.KafkaSerdesTester] (Thread-630) topic-32e12343_6cd2_42fa_a992_f1d7189f1a1b 0 2 io.apicurio.tests.common.serdes.TestObject@3dbd29cb
2025-07-31 20:40:21,911 INFO  [io.api.tes.ser.api.KafkaSerdesTester] (Thread-630) topic-32e12343_6cd2_42fa_a992_f1d7189f1a1b 0 3 io.apicurio.tests.common.serdes.TestObject@3dbd29cb
2025-07-31 20:40:21,911 INFO  [io.api.tes.ser.api.KafkaSerdesTester] (Thread-630) topic-32e12343_6cd2_42fa_a992_f1d7189f1a1b 0 4 io.apicurio.tests.common.serdes.TestObject@3dbd29cb
2025-07-31 20:40:21,911 INFO  [io.api.tes.ser.api.KafkaSerdesTester] (Thread-630) topic-32e12343_6cd2_42fa_a992_f1d7189f1a1b 0 5 io.apicurio.tests.common.serdes.TestObject@3dbd29cb
2025-07-31 20:40:21,911 INFO  [io.api.tes.ser.api.KafkaSerdesTester] (Thread-630) topic-32e12343_6cd2_42fa_a992_f1d7189f1a1b 0 6 io.apicurio.tests.common.serdes.TestObject@3dbd29cb
2025-07-31 20:40:21,911 INFO  [io.api.tes.ser.api.KafkaSerdesTester] (Thread-630) topic-32e12343_6cd2_42fa_a992_f1d7189f1a1b 0 7 io.apicurio.tests.common.serdes.TestObject@3dbd29cb
2025-07-31 20:40:21,911 INFO  [io.api.tes.ser.api.KafkaSerdesTester] (Thread-630) topic-32e12343_6cd2_42fa_a992_f1d7189f1a1b 0 8 io.apicurio.tests.common.serdes.TestObject@3dbd29cb
2025-07-31 20:40:21,911 INFO  [io.api.tes.ser.api.KafkaSerdesTester] (Thread-630) topic-32e12343_6cd2_42fa_a992_f1d7189f1a1b 0 9 io.apicurio.tests.common.serdes.TestObject@3dbd29cb
2025-07-31 20:40:21,911 INFO  [io.api.tes.ser.api.KafkaSerdesTester] (Thread-630) Consumed 10 messages
2025-07-31 20:40:21,916 INFO  [org.apa.kaf.cli.con.int.ConsumerRebalanceListenerInvoker] (Thread-630) [Consumer clientId=consumer-Consumer-topic-32e12343_6cd2_42fa_a992_f1d7189f1a1b-6, groupId=Consumer-topic-32e12343_6cd2_42fa_a992_f1d7189f1a1b] Revoke previously assigned partitions topic-32e12343_6cd2_42fa_a992_f1d7189f1a1b-0
2025-07-31 20:40:21,916 INFO  [org.apa.kaf.cli.con.int.ConsumerCoordinator] (Thread-630) [Consumer clientId=consumer-Consumer-topic-32e12343_6cd2_42fa_a992_f1d7189f1a1b-6, groupId=Consumer-topic-32e12343_6cd2_42fa_a992_f1d7189f1a1b] Member consumer-Consumer-topic-32e12343_6cd2_42fa_a992_f1d7189f1a1b-6-a7883ef3-bb05-4f47-bc1e-367d757e30b4 sending LeaveGroup request to coordinator localhost:32770 (id: 2147483647 rack: null) due to the consumer is being closed
2025-07-31 20:40:21,916 INFO  [org.apa.kaf.cli.con.int.ConsumerCoordinator] (Thread-630) [Consumer clientId=consumer-Consumer-topic-32e12343_6cd2_42fa_a992_f1d7189f1a1b-6, groupId=Consumer-topic-32e12343_6cd2_42fa_a992_f1d7189f1a1b] Resetting generation and member id due to: consumer pro-actively leaving the group
2025-07-31 20:40:21,916 INFO  [org.apa.kaf.cli.con.int.ConsumerCoordinator] (Thread-630) [Consumer clientId=consumer-Consumer-topic-32e12343_6cd2_42fa_a992_f1d7189f1a1b-6, groupId=Consumer-topic-32e12343_6cd2_42fa_a992_f1d7189f1a1b] Request joining group due to: consumer pro-actively leaving the group
2025-07-31 20:40:22,414 INFO  [org.apa.kaf.com.met.Metrics] (Thread-630) Metrics scheduler closed
2025-07-31 20:40:22,415 INFO  [org.apa.kaf.com.met.Metrics] (Thread-630) Closing reporter org.apache.kafka.common.metrics.JmxReporter
2025-07-31 20:40:22,415 INFO  [org.apa.kaf.com.met.Metrics] (Thread-630) Closing reporter org.apache.kafka.common.telemetry.internals.ClientTelemetryReporter
2025-07-31 20:40:22,415 INFO  [org.apa.kaf.com.met.Metrics] (Thread-630) Metrics reporters closed
2025-07-31 20:40:22,417 INFO  [org.apa.kaf.com.uti.AppInfoParser] (Thread-630) App info kafka.consumer for consumer-Consumer-topic-32e12343_6cd2_42fa_a992_f1d7189f1a1b-6 unregistered
2025-07-31 20:40:22,418 INFO  [io.api.tes.uti.TestSeparator] (main) io.apicurio.tests.serdes.apicurio.AvroSerdeIT.testReflectAutoRegister-FINISHED
2025-07-31 20:40:22,418 INFO  [io.api.tes.uti.TestSeparator] (main) ############################################################################
Test passed: testReflectAutoRegister
]]></system-out>
  </testcase>
  <testcase name="testArtifactNotFound" classname="io.apicurio.tests.serdes.apicurio.AvroSerdeIT" time="0.218">
    <system-out><![CDATA[2025-07-31 20:40:22,422 INFO  [io.api.tes.uti.TestSeparator] (main) ############################################################################
2025-07-31 20:40:22,423 INFO  [io.api.tes.uti.TestSeparator] (main) io.apicurio.tests.serdes.apicurio.AvroSerdeIT.testArtifactNotFound-STARTED
**** Registry Base URL: http://registry-app-inmemory.apps.ci419.apicurio-testing.org:80
2025-07-31 20:40:22,427 INFO  [org.apa.kaf.cli.pro.ProducerConfig] (main) ProducerConfig values: 
	acks = -1
	auto.include.jmx.reporter = true
	batch.size = 16384
	bootstrap.servers = [PLAINTEXT://localhost:32770]
	buffer.memory = 33554432
	client.dns.lookup = use_all_dns_ips
	client.id = Producer-s90293a9bx3575x48b0x8440x619a8aab6815
	compression.gzip.level = -1
	compression.lz4.level = 9
	compression.type = none
	compression.zstd.level = 3
	connections.max.idle.ms = 10000
	delivery.timeout.ms = 120000
	enable.idempotence = true
	enable.metrics.push = true
	interceptor.classes = []
	key.serializer = class org.apache.kafka.common.serialization.StringSerializer
	linger.ms = 0
	max.block.ms = 60000
	max.in.flight.requests.per.connection = 5
	max.request.size = 1048576
	metadata.max.age.ms = 300000
	metadata.max.idle.ms = 300000
	metadata.recovery.strategy = none
	metric.reporters = []
	metrics.num.samples = 2
	metrics.recording.level = INFO
	metrics.sample.window.ms = 30000
	partitioner.adaptive.partitioning.enable = true
	partitioner.availability.timeout.ms = 0
	partitioner.class = null
	partitioner.ignore.keys = false
	receive.buffer.bytes = 32768
	reconnect.backoff.max.ms = 1000
	reconnect.backoff.ms = 50
	request.timeout.ms = 5000
	retries = 2147483647
	retry.backoff.max.ms = 1000
	retry.backoff.ms = 100
	sasl.client.callback.handler.class = null
	sasl.jaas.config = null
	sasl.kerberos.kinit.cmd = /usr/bin/kinit
	sasl.kerberos.min.time.before.relogin = 60000
	sasl.kerberos.service.name = null
	sasl.kerberos.ticket.renew.jitter = 0.05
	sasl.kerberos.ticket.renew.window.factor = 0.8
	sasl.login.callback.handler.class = null
	sasl.login.class = null
	sasl.login.connect.timeout.ms = null
	sasl.login.read.timeout.ms = null
	sasl.login.refresh.buffer.seconds = 300
	sasl.login.refresh.min.period.seconds = 60
	sasl.login.refresh.window.factor = 0.8
	sasl.login.refresh.window.jitter = 0.05
	sasl.login.retry.backoff.max.ms = 10000
	sasl.login.retry.backoff.ms = 100
	sasl.mechanism = GSSAPI
	sasl.oauthbearer.clock.skew.seconds = 30
	sasl.oauthbearer.expected.audience = null
	sasl.oauthbearer.expected.issuer = null
	sasl.oauthbearer.header.urlencode = false
	sasl.oauthbearer.jwks.endpoint.refresh.ms = 3600000
	sasl.oauthbearer.jwks.endpoint.retry.backoff.max.ms = 10000
	sasl.oauthbearer.jwks.endpoint.retry.backoff.ms = 100
	sasl.oauthbearer.jwks.endpoint.url = null
	sasl.oauthbearer.scope.claim.name = scope
	sasl.oauthbearer.sub.claim.name = sub
	sasl.oauthbearer.token.endpoint.url = null
	security.protocol = PLAINTEXT
	security.providers = null
	send.buffer.bytes = 131072
	socket.connection.setup.timeout.max.ms = 30000
	socket.connection.setup.timeout.ms = 10000
	ssl.cipher.suites = null
	ssl.enabled.protocols = [TLSv1.2, TLSv1.3]
	ssl.endpoint.identification.algorithm = https
	ssl.engine.factory.class = null
	ssl.key.password = null
	ssl.keymanager.algorithm = SunX509
	ssl.keystore.certificate.chain = null
	ssl.keystore.key = null
	ssl.keystore.location = null
	ssl.keystore.password = null
	ssl.keystore.type = JKS
	ssl.protocol = TLSv1.3
	ssl.provider = null
	ssl.secure.random.implementation = null
	ssl.trustmanager.algorithm = PKIX
	ssl.truststore.certificates = null
	ssl.truststore.location = null
	ssl.truststore.password = null
	ssl.truststore.type = JKS
	transaction.timeout.ms = 60000
	transactional.id = null
	value.serializer = class io.apicurio.registry.serde.avro.AvroKafkaSerializer

2025-07-31 20:40:22,428 INFO  [org.apa.kaf.com.tel.int.KafkaMetricsCollector] (main) initializing Kafka metrics collector
2025-07-31 20:40:22,432 INFO  [org.apa.kaf.cli.pro.KafkaProducer] (main) [Producer clientId=Producer-s90293a9bx3575x48b0x8440x619a8aab6815] Instantiated an idempotent producer.
2025-07-31 20:40:22,436 INFO  [org.apa.kaf.cli.pro.ProducerConfig] (main) These configurations '[apicurio.registry.url, apicurio.registry.artifact-resolver-strategy]' were supplied but are not used yet.
2025-07-31 20:40:22,436 INFO  [org.apa.kaf.com.uti.AppInfoParser] (main) Kafka version: 3.9.1
2025-07-31 20:40:22,436 INFO  [org.apa.kaf.com.uti.AppInfoParser] (main) Kafka commitId: f745dfdcee2b9851
2025-07-31 20:40:22,436 INFO  [org.apa.kaf.com.uti.AppInfoParser] (main) Kafka startTimeMs: 1753994422436
2025-07-31 20:40:22,438 INFO  [io.api.tes.ser.api.KafkaSerdesTester] (Thread-633) Sending message {"keyB": "value-0"} to topic s90293a9bx3575x48b0x8440x619a8aab6815
2025-07-31 20:40:22,460 WARN  [org.apa.kaf.cli.NetworkClient] (kafka-producer-network-thread | Producer-s90293a9bx3575x48b0x8440x619a8aab6815) [Producer clientId=Producer-s90293a9bx3575x48b0x8440x619a8aab6815] The metadata response from the cluster reported a recoverable issue with correlation id 2 : {s90293a9bx3575x48b0x8440x619a8aab6815=LEADER_NOT_AVAILABLE}
2025-07-31 20:40:22,461 INFO  [org.apa.kaf.cli.Metadata] (kafka-producer-network-thread | Producer-s90293a9bx3575x48b0x8440x619a8aab6815) [Producer clientId=Producer-s90293a9bx3575x48b0x8440x619a8aab6815] Cluster ID: b-_w6pXwSzuW2BMgmumbNQ
2025-07-31 20:40:22,462 INFO  [org.apa.kaf.cli.pro.int.TransactionManager] (kafka-producer-network-thread | Producer-s90293a9bx3575x48b0x8440x619a8aab6815) [Producer clientId=Producer-s90293a9bx3575x48b0x8440x619a8aab6815] ProducerId set to 7 with epoch 0
2025-07-31 20:40:22,588 INFO  [DefaultSchemaResolver] (Thread-633) Retrieving schema content using string: {"type":"record","name":"myrecord","namespace":"mygroup","fields":[{"name":"keyB","type":"string"}]}
2025-07-31 20:40:22,632 INFO  [org.apa.kaf.cli.pro.KafkaProducer] (Thread-633) [Producer clientId=Producer-s90293a9bx3575x48b0x8440x619a8aab6815] Closing the Kafka producer with timeoutMillis = 9223372036854775807 ms.
2025-07-31 20:40:22,635 INFO  [org.apa.kaf.com.met.Metrics] (Thread-633) Metrics scheduler closed
2025-07-31 20:40:22,635 INFO  [org.apa.kaf.com.met.Metrics] (Thread-633) Closing reporter org.apache.kafka.common.metrics.JmxReporter
2025-07-31 20:40:22,635 INFO  [org.apa.kaf.com.met.Metrics] (Thread-633) Closing reporter org.apache.kafka.common.telemetry.internals.ClientTelemetryReporter
2025-07-31 20:40:22,635 INFO  [org.apa.kaf.com.met.Metrics] (Thread-633) Metrics reporters closed
2025-07-31 20:40:22,635 INFO  [org.apa.kaf.com.uti.AppInfoParser] (Thread-633) App info kafka.producer for Producer-s90293a9bx3575x48b0x8440x619a8aab6815 unregistered
2025-07-31 20:40:22,637 INFO  [io.api.tes.uti.TestSeparator] (main) io.apicurio.tests.serdes.apicurio.AvroSerdeIT.testArtifactNotFound-FINISHED
2025-07-31 20:40:22,637 INFO  [io.api.tes.uti.TestSeparator] (main) ############################################################################
Test passed: testArtifactNotFound
]]></system-out>
    <system-err><![CDATA[java.lang.RuntimeException: Could not resolve artifact reference by content: {"type":"record","name":"myrecord","namespace":"mygroup","fields":[{"name":"keyB","type":"string"}]}&ArtifactReference [groupId=default, artifactId=s90293a9bx3575x48b0x8440x619a8aab6815-value, version=null, globalId=null, contentId=null, contentHash=null]
	at io.apicurio.registry.resolver.DefaultSchemaResolver.lambda$handleResolveSchemaByContent$3(DefaultSchemaResolver.java:265)
	at io.apicurio.registry.resolver.cache.ERCache.lambda$getValue$0(ERCache.java:174)
	at io.apicurio.registry.resolver.cache.ERCache.retry(ERCache.java:227)
	at io.apicurio.registry.resolver.cache.ERCache.getValue(ERCache.java:173)
	at io.apicurio.registry.resolver.cache.ERCache.getByContent(ERCache.java:147)
	at io.apicurio.registry.resolver.DefaultSchemaResolver.handleResolveSchemaByContent(DefaultSchemaResolver.java:253)
	at io.apicurio.registry.resolver.DefaultSchemaResolver.getSchemaFromRegistry(DefaultSchemaResolver.java:138)
	at io.apicurio.registry.resolver.DefaultSchemaResolver.lambda$resolveSchema$0(DefaultSchemaResolver.java:84)
	at java.base/java.util.Optional.orElseGet(Optional.java:364)
	at io.apicurio.registry.resolver.DefaultSchemaResolver.resolveSchema(DefaultSchemaResolver.java:84)
	at io.apicurio.registry.serde.AbstractSerializer.serializeData(AbstractSerializer.java:62)
	at io.apicurio.registry.serde.KafkaSerializer.serialize(KafkaSerializer.java:77)
	at org.apache.kafka.clients.producer.KafkaProducer.doSend(KafkaProducer.java:1046)
	at org.apache.kafka.clients.producer.KafkaProducer.send(KafkaProducer.java:993)
	at org.apache.kafka.clients.producer.KafkaProducer.send(KafkaProducer.java:875)
	at io.apicurio.tests.serdes.apicurio.KafkaSerdesTester.lambda$produceMessages$3(KafkaSerdesTester.java:138)
	at java.base/java.util.concurrent.CompletableFuture$AsyncSupply.run(CompletableFuture.java:1768)
	at java.base/java.lang.Thread.run(Thread.java:840)
]]></system-err>
  </testcase>
  <testcase name="testAvroSerDesFailDifferentSchemaByRecordName" classname="io.apicurio.tests.serdes.apicurio.AvroSerdeIT" time="1.092">
    <system-out><![CDATA[2025-07-31 20:40:22,638 INFO  [io.api.tes.uti.TestSeparator] (main) ############################################################################
2025-07-31 20:40:22,638 INFO  [io.api.tes.uti.TestSeparator] (main) io.apicurio.tests.serdes.apicurio.AvroSerdeIT.testAvroSerDesFailDifferentSchemaByRecordName-STARTED
**** Registry Base URL: http://registry-app-inmemory.apps.ci419.apicurio-testing.org:80
2025-07-31 20:40:23,679 INFO  [org.apa.kaf.cli.pro.ProducerConfig] (main) ProducerConfig values: 
	acks = -1
	auto.include.jmx.reporter = true
	batch.size = 16384
	bootstrap.servers = [PLAINTEXT://localhost:32770]
	buffer.memory = 33554432
	client.dns.lookup = use_all_dns_ips
	client.id = Producer-topic-a5fd041b_3c82_4ae0_a812_ee1b5791ed1f
	compression.gzip.level = -1
	compression.lz4.level = 9
	compression.type = none
	compression.zstd.level = 3
	connections.max.idle.ms = 10000
	delivery.timeout.ms = 120000
	enable.idempotence = true
	enable.metrics.push = true
	interceptor.classes = []
	key.serializer = class org.apache.kafka.common.serialization.StringSerializer
	linger.ms = 0
	max.block.ms = 60000
	max.in.flight.requests.per.connection = 5
	max.request.size = 1048576
	metadata.max.age.ms = 300000
	metadata.max.idle.ms = 300000
	metadata.recovery.strategy = none
	metric.reporters = []
	metrics.num.samples = 2
	metrics.recording.level = INFO
	metrics.sample.window.ms = 30000
	partitioner.adaptive.partitioning.enable = true
	partitioner.availability.timeout.ms = 0
	partitioner.class = null
	partitioner.ignore.keys = false
	receive.buffer.bytes = 32768
	reconnect.backoff.max.ms = 1000
	reconnect.backoff.ms = 50
	request.timeout.ms = 5000
	retries = 2147483647
	retry.backoff.max.ms = 1000
	retry.backoff.ms = 100
	sasl.client.callback.handler.class = null
	sasl.jaas.config = null
	sasl.kerberos.kinit.cmd = /usr/bin/kinit
	sasl.kerberos.min.time.before.relogin = 60000
	sasl.kerberos.service.name = null
	sasl.kerberos.ticket.renew.jitter = 0.05
	sasl.kerberos.ticket.renew.window.factor = 0.8
	sasl.login.callback.handler.class = null
	sasl.login.class = null
	sasl.login.connect.timeout.ms = null
	sasl.login.read.timeout.ms = null
	sasl.login.refresh.buffer.seconds = 300
	sasl.login.refresh.min.period.seconds = 60
	sasl.login.refresh.window.factor = 0.8
	sasl.login.refresh.window.jitter = 0.05
	sasl.login.retry.backoff.max.ms = 10000
	sasl.login.retry.backoff.ms = 100
	sasl.mechanism = GSSAPI
	sasl.oauthbearer.clock.skew.seconds = 30
	sasl.oauthbearer.expected.audience = null
	sasl.oauthbearer.expected.issuer = null
	sasl.oauthbearer.header.urlencode = false
	sasl.oauthbearer.jwks.endpoint.refresh.ms = 3600000
	sasl.oauthbearer.jwks.endpoint.retry.backoff.max.ms = 10000
	sasl.oauthbearer.jwks.endpoint.retry.backoff.ms = 100
	sasl.oauthbearer.jwks.endpoint.url = null
	sasl.oauthbearer.scope.claim.name = scope
	sasl.oauthbearer.sub.claim.name = sub
	sasl.oauthbearer.token.endpoint.url = null
	security.protocol = PLAINTEXT
	security.providers = null
	send.buffer.bytes = 131072
	socket.connection.setup.timeout.max.ms = 30000
	socket.connection.setup.timeout.ms = 10000
	ssl.cipher.suites = null
	ssl.enabled.protocols = [TLSv1.2, TLSv1.3]
	ssl.endpoint.identification.algorithm = https
	ssl.engine.factory.class = null
	ssl.key.password = null
	ssl.keymanager.algorithm = SunX509
	ssl.keystore.certificate.chain = null
	ssl.keystore.key = null
	ssl.keystore.location = null
	ssl.keystore.password = null
	ssl.keystore.type = JKS
	ssl.protocol = TLSv1.3
	ssl.provider = null
	ssl.secure.random.implementation = null
	ssl.trustmanager.algorithm = PKIX
	ssl.truststore.certificates = null
	ssl.truststore.location = null
	ssl.truststore.password = null
	ssl.truststore.type = JKS
	transaction.timeout.ms = 60000
	transactional.id = null
	value.serializer = class io.apicurio.registry.serde.avro.AvroKafkaSerializer

2025-07-31 20:40:23,680 INFO  [org.apa.kaf.com.tel.int.KafkaMetricsCollector] (main) initializing Kafka metrics collector
2025-07-31 20:40:23,686 INFO  [org.apa.kaf.cli.pro.KafkaProducer] (main) [Producer clientId=Producer-topic-a5fd041b_3c82_4ae0_a812_ee1b5791ed1f] Instantiated an idempotent producer.
2025-07-31 20:40:23,691 INFO  [org.apa.kaf.cli.pro.ProducerConfig] (main) These configurations '[apicurio.registry.find-latest, apicurio.registry.url, apicurio.registry.artifact-resolver-strategy]' were supplied but are not used yet.
2025-07-31 20:40:23,691 INFO  [org.apa.kaf.com.uti.AppInfoParser] (main) Kafka version: 3.9.1
2025-07-31 20:40:23,691 INFO  [org.apa.kaf.com.uti.AppInfoParser] (main) Kafka commitId: f745dfdcee2b9851
2025-07-31 20:40:23,691 INFO  [org.apa.kaf.com.uti.AppInfoParser] (main) Kafka startTimeMs: 1753994423691
2025-07-31 20:40:23,692 INFO  [io.api.tes.ser.api.KafkaSerdesTester] (Thread-636) Sending message {"keyB": "value-0"} to topic topic-a5fd041b_3c82_4ae0_a812_ee1b5791ed1f
2025-07-31 20:40:23,699 INFO  [org.apa.kaf.cli.Metadata] (kafka-producer-network-thread | Producer-topic-a5fd041b_3c82_4ae0_a812_ee1b5791ed1f) [Producer clientId=Producer-topic-a5fd041b_3c82_4ae0_a812_ee1b5791ed1f] Cluster ID: b-_w6pXwSzuW2BMgmumbNQ
2025-07-31 20:40:23,702 INFO  [org.apa.kaf.cli.pro.int.TransactionManager] (kafka-producer-network-thread | Producer-topic-a5fd041b_3c82_4ae0_a812_ee1b5791ed1f) [Producer clientId=Producer-topic-a5fd041b_3c82_4ae0_a812_ee1b5791ed1f] ProducerId set to 8 with epoch 0
2025-07-31 20:40:23,723 INFO  [org.apa.kaf.cli.pro.KafkaProducer] (Thread-636) [Producer clientId=Producer-topic-a5fd041b_3c82_4ae0_a812_ee1b5791ed1f] Closing the Kafka producer with timeoutMillis = 9223372036854775807 ms.
2025-07-31 20:40:23,728 INFO  [org.apa.kaf.com.met.Metrics] (Thread-636) Metrics scheduler closed
2025-07-31 20:40:23,728 INFO  [org.apa.kaf.com.met.Metrics] (Thread-636) Closing reporter org.apache.kafka.common.metrics.JmxReporter
2025-07-31 20:40:23,728 INFO  [org.apa.kaf.com.met.Metrics] (Thread-636) Closing reporter org.apache.kafka.common.telemetry.internals.ClientTelemetryReporter
2025-07-31 20:40:23,728 INFO  [org.apa.kaf.com.met.Metrics] (Thread-636) Metrics reporters closed
2025-07-31 20:40:23,728 INFO  [org.apa.kaf.com.uti.AppInfoParser] (Thread-636) App info kafka.producer for Producer-topic-a5fd041b_3c82_4ae0_a812_ee1b5791ed1f unregistered
2025-07-31 20:40:23,729 INFO  [io.api.tes.uti.TestSeparator] (main) io.apicurio.tests.serdes.apicurio.AvroSerdeIT.testAvroSerDesFailDifferentSchemaByRecordName-FINISHED
2025-07-31 20:40:23,729 INFO  [io.api.tes.uti.TestSeparator] (main) ############################################################################
Test passed: testAvroSerDesFailDifferentSchemaByRecordName
]]></system-out>
    <system-err><![CDATA[io.apicurio.registry.rest.client.models.ProblemDetails
	at io.apicurio.registry.rest.client.models.ProblemDetails.createFromDiscriminatorValue(ProblemDetails.java:58)
	at io.kiota.serialization.json.JsonParseNode.getObjectValue(JsonParseNode.java:247)
	at io.kiota.http.vertx.VertXRequestAdapter.lambda$throwIfFailedResponse$0(VertXRequestAdapter.java:400)
	at com.microsoft.kiota.ApiExceptionBuilder.<init>(ApiExceptionBuilder.java:26)
	at io.kiota.http.vertx.VertXRequestAdapter.throwIfFailedResponse(VertXRequestAdapter.java:399)
	at io.kiota.http.vertx.VertXRequestAdapter.send(VertXRequestAdapter.java:170)
	at io.apicurio.registry.rest.client.groups.item.artifacts.item.versions.item.WithVersionExpressionItemRequestBuilder.get(WithVersionExpressionItemRequestBuilder.java:128)
	at io.apicurio.registry.rest.client.groups.item.artifacts.item.versions.item.WithVersionExpressionItemRequestBuilder.get(WithVersionExpressionItemRequestBuilder.java:111)
	at io.apicurio.registry.resolver.client.RegistryClientFacadeImpl.getVersionCoordinatesByGAV(RegistryClientFacadeImpl.java:153)
	at io.apicurio.registry.resolver.DefaultSchemaResolver.resolveByCoordinates(DefaultSchemaResolver.java:352)
	at io.apicurio.registry.resolver.DefaultSchemaResolver.lambda$resolveSchemaByArtifactReferenceCached$6(DefaultSchemaResolver.java:340)
	at io.apicurio.registry.resolver.cache.ERCache.lambda$getValue$0(ERCache.java:174)
	at io.apicurio.registry.resolver.cache.ERCache.retry(ERCache.java:227)
	at io.apicurio.registry.resolver.cache.ERCache.getValue(ERCache.java:173)
	at io.apicurio.registry.resolver.cache.ERCache.getByArtifactCoordinates(ERCache.java:158)
	at io.apicurio.registry.resolver.DefaultSchemaResolver.resolveSchemaByArtifactReferenceCached(DefaultSchemaResolver.java:338)
	at io.apicurio.registry.resolver.DefaultSchemaResolver.resolveSchemaByCoordinates(DefaultSchemaResolver.java:193)
	at io.apicurio.registry.resolver.DefaultSchemaResolver.getSchemaFromRegistry(DefaultSchemaResolver.java:130)
	at io.apicurio.registry.resolver.DefaultSchemaResolver.lambda$resolveSchema$0(DefaultSchemaResolver.java:84)
	at java.base/java.util.Optional.orElseGet(Optional.java:364)
	at io.apicurio.registry.resolver.DefaultSchemaResolver.resolveSchema(DefaultSchemaResolver.java:84)
	at io.apicurio.registry.serde.AbstractSerializer.serializeData(AbstractSerializer.java:62)
	at io.apicurio.registry.serde.KafkaSerializer.serialize(KafkaSerializer.java:77)
	at org.apache.kafka.clients.producer.KafkaProducer.doSend(KafkaProducer.java:1046)
	at org.apache.kafka.clients.producer.KafkaProducer.send(KafkaProducer.java:993)
	at org.apache.kafka.clients.producer.KafkaProducer.send(KafkaProducer.java:875)
	at io.apicurio.tests.serdes.apicurio.KafkaSerdesTester.lambda$produceMessages$3(KafkaSerdesTester.java:138)
	at java.base/java.util.concurrent.CompletableFuture$AsyncSupply.run(CompletableFuture.java:1768)
	at java.base/java.lang.Thread.run(Thread.java:840)
]]></system-err>
  </testcase>
  <testcase name="testTopicIdStrategyFindLatest" classname="io.apicurio.tests.serdes.apicurio.AvroSerdeIT" time="1.77">
    <system-out><![CDATA[2025-07-31 20:40:23,730 INFO  [io.api.tes.uti.TestSeparator] (main) ############################################################################
2025-07-31 20:40:23,730 INFO  [io.api.tes.uti.TestSeparator] (main) io.apicurio.tests.serdes.apicurio.AvroSerdeIT.testTopicIdStrategyFindLatest-STARTED
2025-07-31 20:40:23,735 INFO  [io.api.tes.ser.api.AvroSerdeIT] (main) Registering Avro Schema: {"type":"record","name":"myrecordapicurio1","fields":[{"name":"key11753994423735","type":"string"}]}
**** Registry Base URL: http://registry-app-inmemory.apps.ci419.apicurio-testing.org:80
2025-07-31 20:40:24,777 INFO  [org.apa.kaf.cli.pro.ProducerConfig] (main) ProducerConfig values: 
	acks = -1
	auto.include.jmx.reporter = true
	batch.size = 16384
	bootstrap.servers = [PLAINTEXT://localhost:32770]
	buffer.memory = 33554432
	client.dns.lookup = use_all_dns_ips
	client.id = Producer-topic-bec9a6b0_6994_4489_997d_96ae5e927ef3
	compression.gzip.level = -1
	compression.lz4.level = 9
	compression.type = none
	compression.zstd.level = 3
	connections.max.idle.ms = 10000
	delivery.timeout.ms = 120000
	enable.idempotence = true
	enable.metrics.push = true
	interceptor.classes = []
	key.serializer = class org.apache.kafka.common.serialization.StringSerializer
	linger.ms = 0
	max.block.ms = 60000
	max.in.flight.requests.per.connection = 5
	max.request.size = 1048576
	metadata.max.age.ms = 300000
	metadata.max.idle.ms = 300000
	metadata.recovery.strategy = none
	metric.reporters = []
	metrics.num.samples = 2
	metrics.recording.level = INFO
	metrics.sample.window.ms = 30000
	partitioner.adaptive.partitioning.enable = true
	partitioner.availability.timeout.ms = 0
	partitioner.class = null
	partitioner.ignore.keys = false
	receive.buffer.bytes = 32768
	reconnect.backoff.max.ms = 1000
	reconnect.backoff.ms = 50
	request.timeout.ms = 5000
	retries = 2147483647
	retry.backoff.max.ms = 1000
	retry.backoff.ms = 100
	sasl.client.callback.handler.class = null
	sasl.jaas.config = null
	sasl.kerberos.kinit.cmd = /usr/bin/kinit
	sasl.kerberos.min.time.before.relogin = 60000
	sasl.kerberos.service.name = null
	sasl.kerberos.ticket.renew.jitter = 0.05
	sasl.kerberos.ticket.renew.window.factor = 0.8
	sasl.login.callback.handler.class = null
	sasl.login.class = null
	sasl.login.connect.timeout.ms = null
	sasl.login.read.timeout.ms = null
	sasl.login.refresh.buffer.seconds = 300
	sasl.login.refresh.min.period.seconds = 60
	sasl.login.refresh.window.factor = 0.8
	sasl.login.refresh.window.jitter = 0.05
	sasl.login.retry.backoff.max.ms = 10000
	sasl.login.retry.backoff.ms = 100
	sasl.mechanism = GSSAPI
	sasl.oauthbearer.clock.skew.seconds = 30
	sasl.oauthbearer.expected.audience = null
	sasl.oauthbearer.expected.issuer = null
	sasl.oauthbearer.header.urlencode = false
	sasl.oauthbearer.jwks.endpoint.refresh.ms = 3600000
	sasl.oauthbearer.jwks.endpoint.retry.backoff.max.ms = 10000
	sasl.oauthbearer.jwks.endpoint.retry.backoff.ms = 100
	sasl.oauthbearer.jwks.endpoint.url = null
	sasl.oauthbearer.scope.claim.name = scope
	sasl.oauthbearer.sub.claim.name = sub
	sasl.oauthbearer.token.endpoint.url = null
	security.protocol = PLAINTEXT
	security.providers = null
	send.buffer.bytes = 131072
	socket.connection.setup.timeout.max.ms = 30000
	socket.connection.setup.timeout.ms = 10000
	ssl.cipher.suites = null
	ssl.enabled.protocols = [TLSv1.2, TLSv1.3]
	ssl.endpoint.identification.algorithm = https
	ssl.engine.factory.class = null
	ssl.key.password = null
	ssl.keymanager.algorithm = SunX509
	ssl.keystore.certificate.chain = null
	ssl.keystore.key = null
	ssl.keystore.location = null
	ssl.keystore.password = null
	ssl.keystore.type = JKS
	ssl.protocol = TLSv1.3
	ssl.provider = null
	ssl.secure.random.implementation = null
	ssl.trustmanager.algorithm = PKIX
	ssl.truststore.certificates = null
	ssl.truststore.location = null
	ssl.truststore.password = null
	ssl.truststore.type = JKS
	transaction.timeout.ms = 60000
	transactional.id = null
	value.serializer = class io.apicurio.registry.serde.avro.AvroKafkaSerializer

2025-07-31 20:40:24,777 INFO  [org.apa.kaf.com.tel.int.KafkaMetricsCollector] (main) initializing Kafka metrics collector
2025-07-31 20:40:24,782 INFO  [org.apa.kaf.cli.pro.KafkaProducer] (main) [Producer clientId=Producer-topic-bec9a6b0_6994_4489_997d_96ae5e927ef3] Instantiated an idempotent producer.
2025-07-31 20:40:24,789 INFO  [org.apa.kaf.cli.pro.ProducerConfig] (main) These configurations '[apicurio.registry.find-latest, apicurio.registry.url, apicurio.registry.artifact-resolver-strategy]' were supplied but are not used yet.
2025-07-31 20:40:24,789 INFO  [org.apa.kaf.com.uti.AppInfoParser] (main) Kafka version: 3.9.1
2025-07-31 20:40:24,789 INFO  [org.apa.kaf.com.uti.AppInfoParser] (main) Kafka commitId: f745dfdcee2b9851
2025-07-31 20:40:24,789 INFO  [org.apa.kaf.com.uti.AppInfoParser] (main) Kafka startTimeMs: 1753994424789
2025-07-31 20:40:24,789 INFO  [io.api.tes.ser.api.SimpleSerdesTesterBuilder$SimpleSerdesTester] (main) Using producer configuration: {apicurio.registry.find-latest=true, apicurio.registry.url=http://registry-app-inmemory.apps.ci419.apicurio-testing.org:80/apis/registry/v3, apicurio.registry.artifact-resolver-strategy=io.apicurio.registry.serde.strategy.TopicIdStrategy, value.serializer=io.apicurio.registry.serde.avro.AvroKafkaSerializer, request.timeout.ms=5000, acks=all, bootstrap.servers=PLAINTEXT://localhost:32770, connections.max.idle.ms=10000, key.serializer=org.apache.kafka.common.serialization.StringSerializer, client.id=Producer-topic-bec9a6b0_6994_4489_997d_96ae5e927ef3}
2025-07-31 20:40:24,789 INFO  [io.api.tes.ser.api.SimpleSerdesTesterBuilder$SimpleSerdesTester] (main) Using consumer configuration: {}
2025-07-31 20:40:24,790 INFO  [io.api.tes.ser.api.KafkaSerdesTester] (Thread-639) Sending message {"key11753994423735": "value-0"} to topic topic-bec9a6b0_6994_4489_997d_96ae5e927ef3
2025-07-31 20:40:24,797 INFO  [org.apa.kaf.cli.Metadata] (kafka-producer-network-thread | Producer-topic-bec9a6b0_6994_4489_997d_96ae5e927ef3) [Producer clientId=Producer-topic-bec9a6b0_6994_4489_997d_96ae5e927ef3] Cluster ID: b-_w6pXwSzuW2BMgmumbNQ
2025-07-31 20:40:24,801 INFO  [org.apa.kaf.cli.pro.int.TransactionManager] (kafka-producer-network-thread | Producer-topic-bec9a6b0_6994_4489_997d_96ae5e927ef3) [Producer clientId=Producer-topic-bec9a6b0_6994_4489_997d_96ae5e927ef3] ProducerId set to 9 with epoch 0
2025-07-31 20:40:24,838 INFO  [io.api.tes.ser.api.KafkaSerdesTester] (Thread-639) Sending message {"key11753994423735": "value-1"} to topic topic-bec9a6b0_6994_4489_997d_96ae5e927ef3
2025-07-31 20:40:24,840 INFO  [io.api.tes.ser.api.KafkaSerdesTester] (Thread-639) Sending message {"key11753994423735": "value-2"} to topic topic-bec9a6b0_6994_4489_997d_96ae5e927ef3
2025-07-31 20:40:24,842 INFO  [io.api.tes.ser.api.KafkaSerdesTester] (Thread-639) Sending message {"key11753994423735": "value-3"} to topic topic-bec9a6b0_6994_4489_997d_96ae5e927ef3
2025-07-31 20:40:24,844 INFO  [io.api.tes.ser.api.KafkaSerdesTester] (Thread-639) Sending message {"key11753994423735": "value-4"} to topic topic-bec9a6b0_6994_4489_997d_96ae5e927ef3
2025-07-31 20:40:24,846 INFO  [io.api.tes.ser.api.KafkaSerdesTester] (Thread-639) Sending message {"key11753994423735": "value-5"} to topic topic-bec9a6b0_6994_4489_997d_96ae5e927ef3
2025-07-31 20:40:24,847 INFO  [io.api.tes.ser.api.KafkaSerdesTester] (Thread-639) Sending message {"key11753994423735": "value-6"} to topic topic-bec9a6b0_6994_4489_997d_96ae5e927ef3
2025-07-31 20:40:24,849 INFO  [io.api.tes.ser.api.KafkaSerdesTester] (Thread-639) Sending message {"key11753994423735": "value-7"} to topic topic-bec9a6b0_6994_4489_997d_96ae5e927ef3
2025-07-31 20:40:24,854 INFO  [io.api.tes.ser.api.KafkaSerdesTester] (Thread-639) Sending message {"key11753994423735": "value-8"} to topic topic-bec9a6b0_6994_4489_997d_96ae5e927ef3
2025-07-31 20:40:24,856 INFO  [io.api.tes.ser.api.KafkaSerdesTester] (Thread-639) Sending message {"key11753994423735": "value-9"} to topic topic-bec9a6b0_6994_4489_997d_96ae5e927ef3
2025-07-31 20:40:24,862 INFO  [io.api.tes.ser.api.KafkaSerdesTester] (Thread-639) Produced 10 messages
2025-07-31 20:40:24,862 INFO  [org.apa.kaf.cli.pro.KafkaProducer] (Thread-639) [Producer clientId=Producer-topic-bec9a6b0_6994_4489_997d_96ae5e927ef3] Closing the Kafka producer with timeoutMillis = 9223372036854775807 ms.
2025-07-31 20:40:24,870 INFO  [org.apa.kaf.com.met.Metrics] (Thread-639) Metrics scheduler closed
2025-07-31 20:40:24,870 INFO  [org.apa.kaf.com.met.Metrics] (Thread-639) Closing reporter org.apache.kafka.common.metrics.JmxReporter
2025-07-31 20:40:24,870 INFO  [org.apa.kaf.com.met.Metrics] (Thread-639) Closing reporter org.apache.kafka.common.telemetry.internals.ClientTelemetryReporter
2025-07-31 20:40:24,870 INFO  [org.apa.kaf.com.met.Metrics] (Thread-639) Metrics reporters closed
2025-07-31 20:40:24,870 INFO  [org.apa.kaf.com.uti.AppInfoParser] (Thread-639) App info kafka.producer for Producer-topic-bec9a6b0_6994_4489_997d_96ae5e927ef3 unregistered
**** Registry Base URL: http://registry-app-inmemory.apps.ci419.apicurio-testing.org:80
2025-07-31 20:40:24,873 INFO  [org.apa.kaf.cli.con.ConsumerConfig] (main) ConsumerConfig values: 
	allow.auto.create.topics = true
	auto.commit.interval.ms = 500
	auto.include.jmx.reporter = true
	auto.offset.reset = earliest
	bootstrap.servers = [PLAINTEXT://localhost:32770]
	check.crcs = true
	client.dns.lookup = use_all_dns_ips
	client.id = consumer-Consumer-topic-bec9a6b0_6994_4489_997d_96ae5e927ef3-7
	client.rack = 
	connections.max.idle.ms = 10000
	default.api.timeout.ms = 60000
	enable.auto.commit = true
	enable.metrics.push = true
	exclude.internal.topics = true
	fetch.max.bytes = 52428800
	fetch.max.wait.ms = 500
	fetch.min.bytes = 1
	group.id = Consumer-topic-bec9a6b0_6994_4489_997d_96ae5e927ef3
	group.instance.id = null
	group.protocol = classic
	group.remote.assignor = null
	heartbeat.interval.ms = 3000
	interceptor.classes = []
	internal.leave.group.on.close = true
	internal.throw.on.fetch.stable.offset.unsupported = false
	isolation.level = read_uncommitted
	key.deserializer = class org.apache.kafka.common.serialization.StringDeserializer
	max.partition.fetch.bytes = 1048576
	max.poll.interval.ms = 300000
	max.poll.records = 500
	metadata.max.age.ms = 300000
	metadata.recovery.strategy = none
	metric.reporters = []
	metrics.num.samples = 2
	metrics.recording.level = INFO
	metrics.sample.window.ms = 30000
	partition.assignment.strategy = [class org.apache.kafka.clients.consumer.RangeAssignor, class org.apache.kafka.clients.consumer.CooperativeStickyAssignor]
	receive.buffer.bytes = 65536
	reconnect.backoff.max.ms = 1000
	reconnect.backoff.ms = 50
	request.timeout.ms = 5000
	retry.backoff.max.ms = 1000
	retry.backoff.ms = 100
	sasl.client.callback.handler.class = null
	sasl.jaas.config = null
	sasl.kerberos.kinit.cmd = /usr/bin/kinit
	sasl.kerberos.min.time.before.relogin = 60000
	sasl.kerberos.service.name = null
	sasl.kerberos.ticket.renew.jitter = 0.05
	sasl.kerberos.ticket.renew.window.factor = 0.8
	sasl.login.callback.handler.class = null
	sasl.login.class = null
	sasl.login.connect.timeout.ms = null
	sasl.login.read.timeout.ms = null
	sasl.login.refresh.buffer.seconds = 300
	sasl.login.refresh.min.period.seconds = 60
	sasl.login.refresh.window.factor = 0.8
	sasl.login.refresh.window.jitter = 0.05
	sasl.login.retry.backoff.max.ms = 10000
	sasl.login.retry.backoff.ms = 100
	sasl.mechanism = GSSAPI
	sasl.oauthbearer.clock.skew.seconds = 30
	sasl.oauthbearer.expected.audience = null
	sasl.oauthbearer.expected.issuer = null
	sasl.oauthbearer.header.urlencode = false
	sasl.oauthbearer.jwks.endpoint.refresh.ms = 3600000
	sasl.oauthbearer.jwks.endpoint.retry.backoff.max.ms = 10000
	sasl.oauthbearer.jwks.endpoint.retry.backoff.ms = 100
	sasl.oauthbearer.jwks.endpoint.url = null
	sasl.oauthbearer.scope.claim.name = scope
	sasl.oauthbearer.sub.claim.name = sub
	sasl.oauthbearer.token.endpoint.url = null
	security.protocol = PLAINTEXT
	security.providers = null
	send.buffer.bytes = 131072
	session.timeout.ms = 45000
	socket.connection.setup.timeout.max.ms = 30000
	socket.connection.setup.timeout.ms = 10000
	ssl.cipher.suites = null
	ssl.enabled.protocols = [TLSv1.2, TLSv1.3]
	ssl.endpoint.identification.algorithm = https
	ssl.engine.factory.class = null
	ssl.key.password = null
	ssl.keymanager.algorithm = SunX509
	ssl.keystore.certificate.chain = null
	ssl.keystore.key = null
	ssl.keystore.location = null
	ssl.keystore.password = null
	ssl.keystore.type = JKS
	ssl.protocol = TLSv1.3
	ssl.provider = null
	ssl.secure.random.implementation = null
	ssl.trustmanager.algorithm = PKIX
	ssl.truststore.certificates = null
	ssl.truststore.location = null
	ssl.truststore.password = null
	ssl.truststore.type = JKS
	value.deserializer = class io.apicurio.registry.serde.avro.AvroKafkaDeserializer

2025-07-31 20:40:24,873 INFO  [org.apa.kaf.com.tel.int.KafkaMetricsCollector] (main) initializing Kafka metrics collector
2025-07-31 20:40:24,894 INFO  [org.apa.kaf.cli.con.ConsumerConfig] (main) These configurations '[apicurio.registry.url]' were supplied but are not used yet.
2025-07-31 20:40:24,894 INFO  [org.apa.kaf.com.uti.AppInfoParser] (main) Kafka version: 3.9.1
2025-07-31 20:40:24,894 INFO  [org.apa.kaf.com.uti.AppInfoParser] (main) Kafka commitId: f745dfdcee2b9851
2025-07-31 20:40:24,894 INFO  [org.apa.kaf.com.uti.AppInfoParser] (main) Kafka startTimeMs: 1753994424894
2025-07-31 20:40:24,897 INFO  [org.apa.kaf.cli.con.int.ClassicKafkaConsumer] (Thread-642) [Consumer clientId=consumer-Consumer-topic-bec9a6b0_6994_4489_997d_96ae5e927ef3-7, groupId=Consumer-topic-bec9a6b0_6994_4489_997d_96ae5e927ef3] Subscribed to topic(s): topic-bec9a6b0_6994_4489_997d_96ae5e927ef3
2025-07-31 20:40:24,913 INFO  [org.apa.kaf.cli.Metadata] (Thread-642) [Consumer clientId=consumer-Consumer-topic-bec9a6b0_6994_4489_997d_96ae5e927ef3-7, groupId=Consumer-topic-bec9a6b0_6994_4489_997d_96ae5e927ef3] Cluster ID: b-_w6pXwSzuW2BMgmumbNQ
2025-07-31 20:40:24,914 INFO  [org.apa.kaf.cli.con.int.ConsumerCoordinator] (Thread-642) [Consumer clientId=consumer-Consumer-topic-bec9a6b0_6994_4489_997d_96ae5e927ef3-7, groupId=Consumer-topic-bec9a6b0_6994_4489_997d_96ae5e927ef3] Discovered group coordinator localhost:32770 (id: 2147483647 rack: null)
2025-07-31 20:40:24,920 INFO  [org.apa.kaf.cli.con.int.ConsumerCoordinator] (Thread-642) [Consumer clientId=consumer-Consumer-topic-bec9a6b0_6994_4489_997d_96ae5e927ef3-7, groupId=Consumer-topic-bec9a6b0_6994_4489_997d_96ae5e927ef3] (Re-)joining group
2025-07-31 20:40:24,928 INFO  [org.apa.kaf.cli.con.int.ConsumerCoordinator] (Thread-642) [Consumer clientId=consumer-Consumer-topic-bec9a6b0_6994_4489_997d_96ae5e927ef3-7, groupId=Consumer-topic-bec9a6b0_6994_4489_997d_96ae5e927ef3] Request joining group due to: need to re-join with the given member-id: consumer-Consumer-topic-bec9a6b0_6994_4489_997d_96ae5e927ef3-7-1ae64a02-78c3-445d-9a6c-46531e09dcbe
2025-07-31 20:40:24,928 INFO  [org.apa.kaf.cli.con.int.ConsumerCoordinator] (Thread-642) [Consumer clientId=consumer-Consumer-topic-bec9a6b0_6994_4489_997d_96ae5e927ef3-7, groupId=Consumer-topic-bec9a6b0_6994_4489_997d_96ae5e927ef3] (Re-)joining group
2025-07-31 20:40:24,935 INFO  [org.apa.kaf.cli.con.int.ConsumerCoordinator] (Thread-642) [Consumer clientId=consumer-Consumer-topic-bec9a6b0_6994_4489_997d_96ae5e927ef3-7, groupId=Consumer-topic-bec9a6b0_6994_4489_997d_96ae5e927ef3] Successfully joined group with generation Generation{generationId=1, memberId='consumer-Consumer-topic-bec9a6b0_6994_4489_997d_96ae5e927ef3-7-1ae64a02-78c3-445d-9a6c-46531e09dcbe', protocol='range'}
2025-07-31 20:40:24,935 INFO  [org.apa.kaf.cli.con.int.ConsumerCoordinator] (Thread-642) [Consumer clientId=consumer-Consumer-topic-bec9a6b0_6994_4489_997d_96ae5e927ef3-7, groupId=Consumer-topic-bec9a6b0_6994_4489_997d_96ae5e927ef3] Finished assignment for group at generation 1: {consumer-Consumer-topic-bec9a6b0_6994_4489_997d_96ae5e927ef3-7-1ae64a02-78c3-445d-9a6c-46531e09dcbe=Assignment(partitions=[topic-bec9a6b0_6994_4489_997d_96ae5e927ef3-0])}
2025-07-31 20:40:24,941 INFO  [org.apa.kaf.cli.con.int.ConsumerCoordinator] (Thread-642) [Consumer clientId=consumer-Consumer-topic-bec9a6b0_6994_4489_997d_96ae5e927ef3-7, groupId=Consumer-topic-bec9a6b0_6994_4489_997d_96ae5e927ef3] Successfully synced group in generation Generation{generationId=1, memberId='consumer-Consumer-topic-bec9a6b0_6994_4489_997d_96ae5e927ef3-7-1ae64a02-78c3-445d-9a6c-46531e09dcbe', protocol='range'}
2025-07-31 20:40:24,941 INFO  [org.apa.kaf.cli.con.int.ConsumerCoordinator] (Thread-642) [Consumer clientId=consumer-Consumer-topic-bec9a6b0_6994_4489_997d_96ae5e927ef3-7, groupId=Consumer-topic-bec9a6b0_6994_4489_997d_96ae5e927ef3] Notifying assignor about the new Assignment(partitions=[topic-bec9a6b0_6994_4489_997d_96ae5e927ef3-0])
2025-07-31 20:40:24,941 INFO  [org.apa.kaf.cli.con.int.ConsumerRebalanceListenerInvoker] (Thread-642) [Consumer clientId=consumer-Consumer-topic-bec9a6b0_6994_4489_997d_96ae5e927ef3-7, groupId=Consumer-topic-bec9a6b0_6994_4489_997d_96ae5e927ef3] Adding newly assigned partitions: topic-bec9a6b0_6994_4489_997d_96ae5e927ef3-0
2025-07-31 20:40:24,943 INFO  [org.apa.kaf.cli.con.int.ConsumerCoordinator] (Thread-642) [Consumer clientId=consumer-Consumer-topic-bec9a6b0_6994_4489_997d_96ae5e927ef3-7, groupId=Consumer-topic-bec9a6b0_6994_4489_997d_96ae5e927ef3] Found no committed offset for partition topic-bec9a6b0_6994_4489_997d_96ae5e927ef3-0
2025-07-31 20:40:24,952 INFO  [org.apa.kaf.cli.con.int.SubscriptionState] (Thread-642) [Consumer clientId=consumer-Consumer-topic-bec9a6b0_6994_4489_997d_96ae5e927ef3-7, groupId=Consumer-topic-bec9a6b0_6994_4489_997d_96ae5e927ef3] Resetting offset for partition topic-bec9a6b0_6994_4489_997d_96ae5e927ef3-0 to position FetchPosition{offset=0, offsetEpoch=Optional.empty, currentLeader=LeaderAndEpoch{leader=Optional[localhost:32770 (id: 0 rack: null)], epoch=0}}.
2025-07-31 20:40:24,988 INFO  [io.api.tes.ser.api.KafkaSerdesTester] (Thread-642) topic-bec9a6b0_6994_4489_997d_96ae5e927ef3 0 0 {"key11753994423735": "value-0"}
2025-07-31 20:40:24,988 INFO  [io.api.tes.ser.api.KafkaSerdesTester] (Thread-642) topic-bec9a6b0_6994_4489_997d_96ae5e927ef3 0 1 {"key11753994423735": "value-1"}
2025-07-31 20:40:24,988 INFO  [io.api.tes.ser.api.KafkaSerdesTester] (Thread-642) topic-bec9a6b0_6994_4489_997d_96ae5e927ef3 0 2 {"key11753994423735": "value-2"}
2025-07-31 20:40:24,989 INFO  [io.api.tes.ser.api.KafkaSerdesTester] (Thread-642) topic-bec9a6b0_6994_4489_997d_96ae5e927ef3 0 3 {"key11753994423735": "value-3"}
2025-07-31 20:40:24,989 INFO  [io.api.tes.ser.api.KafkaSerdesTester] (Thread-642) topic-bec9a6b0_6994_4489_997d_96ae5e927ef3 0 4 {"key11753994423735": "value-4"}
2025-07-31 20:40:24,989 INFO  [io.api.tes.ser.api.KafkaSerdesTester] (Thread-642) topic-bec9a6b0_6994_4489_997d_96ae5e927ef3 0 5 {"key11753994423735": "value-5"}
2025-07-31 20:40:24,989 INFO  [io.api.tes.ser.api.KafkaSerdesTester] (Thread-642) topic-bec9a6b0_6994_4489_997d_96ae5e927ef3 0 6 {"key11753994423735": "value-6"}
2025-07-31 20:40:24,989 INFO  [io.api.tes.ser.api.KafkaSerdesTester] (Thread-642) topic-bec9a6b0_6994_4489_997d_96ae5e927ef3 0 7 {"key11753994423735": "value-7"}
2025-07-31 20:40:24,989 INFO  [io.api.tes.ser.api.KafkaSerdesTester] (Thread-642) topic-bec9a6b0_6994_4489_997d_96ae5e927ef3 0 8 {"key11753994423735": "value-8"}
2025-07-31 20:40:24,989 INFO  [io.api.tes.ser.api.KafkaSerdesTester] (Thread-642) topic-bec9a6b0_6994_4489_997d_96ae5e927ef3 0 9 {"key11753994423735": "value-9"}
2025-07-31 20:40:24,989 INFO  [io.api.tes.ser.api.KafkaSerdesTester] (Thread-642) Consumed 10 messages
2025-07-31 20:40:24,992 INFO  [org.apa.kaf.cli.con.int.ConsumerRebalanceListenerInvoker] (Thread-642) [Consumer clientId=consumer-Consumer-topic-bec9a6b0_6994_4489_997d_96ae5e927ef3-7, groupId=Consumer-topic-bec9a6b0_6994_4489_997d_96ae5e927ef3] Revoke previously assigned partitions topic-bec9a6b0_6994_4489_997d_96ae5e927ef3-0
2025-07-31 20:40:24,995 INFO  [org.apa.kaf.cli.con.int.ConsumerCoordinator] (Thread-642) [Consumer clientId=consumer-Consumer-topic-bec9a6b0_6994_4489_997d_96ae5e927ef3-7, groupId=Consumer-topic-bec9a6b0_6994_4489_997d_96ae5e927ef3] Member consumer-Consumer-topic-bec9a6b0_6994_4489_997d_96ae5e927ef3-7-1ae64a02-78c3-445d-9a6c-46531e09dcbe sending LeaveGroup request to coordinator localhost:32770 (id: 2147483647 rack: null) due to the consumer is being closed
2025-07-31 20:40:24,995 INFO  [org.apa.kaf.cli.con.int.ConsumerCoordinator] (Thread-642) [Consumer clientId=consumer-Consumer-topic-bec9a6b0_6994_4489_997d_96ae5e927ef3-7, groupId=Consumer-topic-bec9a6b0_6994_4489_997d_96ae5e927ef3] Resetting generation and member id due to: consumer pro-actively leaving the group
2025-07-31 20:40:24,995 INFO  [org.apa.kaf.cli.con.int.ConsumerCoordinator] (Thread-642) [Consumer clientId=consumer-Consumer-topic-bec9a6b0_6994_4489_997d_96ae5e927ef3-7, groupId=Consumer-topic-bec9a6b0_6994_4489_997d_96ae5e927ef3] Request joining group due to: consumer pro-actively leaving the group
2025-07-31 20:40:25,495 INFO  [org.apa.kaf.com.met.Metrics] (Thread-642) Metrics scheduler closed
2025-07-31 20:40:25,495 INFO  [org.apa.kaf.com.met.Metrics] (Thread-642) Closing reporter org.apache.kafka.common.metrics.JmxReporter
2025-07-31 20:40:25,495 INFO  [org.apa.kaf.com.met.Metrics] (Thread-642) Closing reporter org.apache.kafka.common.telemetry.internals.ClientTelemetryReporter
2025-07-31 20:40:25,495 INFO  [org.apa.kaf.com.met.Metrics] (Thread-642) Metrics reporters closed
2025-07-31 20:40:25,499 INFO  [org.apa.kaf.com.uti.AppInfoParser] (Thread-642) App info kafka.consumer for consumer-Consumer-topic-bec9a6b0_6994_4489_997d_96ae5e927ef3-7 unregistered
2025-07-31 20:40:25,500 INFO  [io.api.tes.uti.TestSeparator] (main) io.apicurio.tests.serdes.apicurio.AvroSerdeIT.testTopicIdStrategyFindLatest-FINISHED
2025-07-31 20:40:25,500 INFO  [io.api.tes.uti.TestSeparator] (main) ############################################################################
Test passed: testTopicIdStrategyFindLatest
]]></system-out>
  </testcase>
  <testcase name="testAvroUnionWithSpecificReader" classname="io.apicurio.tests.serdes.apicurio.AvroSerdeIT" time="0.921">
    <system-out><![CDATA[2025-07-31 20:40:25,505 INFO  [io.api.tes.uti.TestSeparator] (main) ############################################################################
2025-07-31 20:40:25,505 INFO  [io.api.tes.uti.TestSeparator] (main) io.apicurio.tests.serdes.apicurio.AvroSerdeIT.testAvroUnionWithSpecificReader-STARTED
**** Registry Base URL: http://registry-app-inmemory.apps.ci419.apicurio-testing.org:80
2025-07-31 20:40:25,511 INFO  [org.apa.kaf.cli.pro.ProducerConfig] (main) ProducerConfig values: 
	acks = -1
	auto.include.jmx.reporter = true
	batch.size = 16384
	bootstrap.servers = [PLAINTEXT://localhost:32770]
	buffer.memory = 33554432
	client.dns.lookup = use_all_dns_ips
	client.id = Producer-topic-1087eb99_afea_432a_afe6_030103021dca
	compression.gzip.level = -1
	compression.lz4.level = 9
	compression.type = none
	compression.zstd.level = 3
	connections.max.idle.ms = 10000
	delivery.timeout.ms = 120000
	enable.idempotence = true
	enable.metrics.push = true
	interceptor.classes = []
	key.serializer = class org.apache.kafka.common.serialization.StringSerializer
	linger.ms = 0
	max.block.ms = 60000
	max.in.flight.requests.per.connection = 5
	max.request.size = 1048576
	metadata.max.age.ms = 300000
	metadata.max.idle.ms = 300000
	metadata.recovery.strategy = none
	metric.reporters = []
	metrics.num.samples = 2
	metrics.recording.level = INFO
	metrics.sample.window.ms = 30000
	partitioner.adaptive.partitioning.enable = true
	partitioner.availability.timeout.ms = 0
	partitioner.class = null
	partitioner.ignore.keys = false
	receive.buffer.bytes = 32768
	reconnect.backoff.max.ms = 1000
	reconnect.backoff.ms = 50
	request.timeout.ms = 5000
	retries = 2147483647
	retry.backoff.max.ms = 1000
	retry.backoff.ms = 100
	sasl.client.callback.handler.class = null
	sasl.jaas.config = null
	sasl.kerberos.kinit.cmd = /usr/bin/kinit
	sasl.kerberos.min.time.before.relogin = 60000
	sasl.kerberos.service.name = null
	sasl.kerberos.ticket.renew.jitter = 0.05
	sasl.kerberos.ticket.renew.window.factor = 0.8
	sasl.login.callback.handler.class = null
	sasl.login.class = null
	sasl.login.connect.timeout.ms = null
	sasl.login.read.timeout.ms = null
	sasl.login.refresh.buffer.seconds = 300
	sasl.login.refresh.min.period.seconds = 60
	sasl.login.refresh.window.factor = 0.8
	sasl.login.refresh.window.jitter = 0.05
	sasl.login.retry.backoff.max.ms = 10000
	sasl.login.retry.backoff.ms = 100
	sasl.mechanism = GSSAPI
	sasl.oauthbearer.clock.skew.seconds = 30
	sasl.oauthbearer.expected.audience = null
	sasl.oauthbearer.expected.issuer = null
	sasl.oauthbearer.header.urlencode = false
	sasl.oauthbearer.jwks.endpoint.refresh.ms = 3600000
	sasl.oauthbearer.jwks.endpoint.retry.backoff.max.ms = 10000
	sasl.oauthbearer.jwks.endpoint.retry.backoff.ms = 100
	sasl.oauthbearer.jwks.endpoint.url = null
	sasl.oauthbearer.scope.claim.name = scope
	sasl.oauthbearer.sub.claim.name = sub
	sasl.oauthbearer.token.endpoint.url = null
	security.protocol = PLAINTEXT
	security.providers = null
	send.buffer.bytes = 131072
	socket.connection.setup.timeout.max.ms = 30000
	socket.connection.setup.timeout.ms = 10000
	ssl.cipher.suites = null
	ssl.enabled.protocols = [TLSv1.2, TLSv1.3]
	ssl.endpoint.identification.algorithm = https
	ssl.engine.factory.class = null
	ssl.key.password = null
	ssl.keymanager.algorithm = SunX509
	ssl.keystore.certificate.chain = null
	ssl.keystore.key = null
	ssl.keystore.location = null
	ssl.keystore.password = null
	ssl.keystore.type = JKS
	ssl.protocol = TLSv1.3
	ssl.provider = null
	ssl.secure.random.implementation = null
	ssl.trustmanager.algorithm = PKIX
	ssl.truststore.certificates = null
	ssl.truststore.location = null
	ssl.truststore.password = null
	ssl.truststore.type = JKS
	transaction.timeout.ms = 60000
	transactional.id = null
	value.serializer = class io.apicurio.registry.serde.avro.AvroKafkaSerializer

2025-07-31 20:40:25,511 INFO  [org.apa.kaf.com.tel.int.KafkaMetricsCollector] (main) initializing Kafka metrics collector
2025-07-31 20:40:25,530 INFO  [org.apa.kaf.cli.pro.KafkaProducer] (main) [Producer clientId=Producer-topic-1087eb99_afea_432a_afe6_030103021dca] Instantiated an idempotent producer.
2025-07-31 20:40:25,538 INFO  [org.apa.kaf.cli.pro.ProducerConfig] (main) These configurations '[apicurio.registry.url, apicurio.registry.auto-register, apicurio.registry.artifact-resolver-strategy]' were supplied but are not used yet.
2025-07-31 20:40:25,538 INFO  [org.apa.kaf.com.uti.AppInfoParser] (main) Kafka version: 3.9.1
2025-07-31 20:40:25,538 INFO  [org.apa.kaf.com.uti.AppInfoParser] (main) Kafka commitId: f745dfdcee2b9851
2025-07-31 20:40:25,538 INFO  [org.apa.kaf.com.uti.AppInfoParser] (main) Kafka startTimeMs: 1753994425538
2025-07-31 20:40:25,538 INFO  [io.api.tes.ser.api.SimpleSerdesTesterBuilder$SimpleSerdesTester] (main) Using producer configuration: {apicurio.registry.url=http://registry-app-inmemory.apps.ci419.apicurio-testing.org:80/apis/registry/v3, apicurio.registry.auto-register=true, apicurio.registry.artifact-resolver-strategy=io.apicurio.registry.serde.strategy.TopicIdStrategy, value.serializer=io.apicurio.registry.serde.avro.AvroKafkaSerializer, request.timeout.ms=5000, acks=all, bootstrap.servers=PLAINTEXT://localhost:32770, connections.max.idle.ms=10000, key.serializer=org.apache.kafka.common.serialization.StringSerializer, client.id=Producer-topic-1087eb99_afea_432a_afe6_030103021dca}
2025-07-31 20:40:25,538 INFO  [io.api.tes.ser.api.SimpleSerdesTesterBuilder$SimpleSerdesTester] (main) Using consumer configuration: {}
2025-07-31 20:40:25,541 INFO  [io.api.tes.ser.api.KafkaSerdesTester] (Thread-645) Sending message {"id": "record-0"} to topic topic-1087eb99_afea_432a_afe6_030103021dca
2025-07-31 20:40:25,564 WARN  [org.apa.kaf.cli.NetworkClient] (kafka-producer-network-thread | Producer-topic-1087eb99_afea_432a_afe6_030103021dca) [Producer clientId=Producer-topic-1087eb99_afea_432a_afe6_030103021dca] The metadata response from the cluster reported a recoverable issue with correlation id 2 : {topic-1087eb99_afea_432a_afe6_030103021dca=LEADER_NOT_AVAILABLE}
2025-07-31 20:40:25,565 INFO  [org.apa.kaf.cli.Metadata] (kafka-producer-network-thread | Producer-topic-1087eb99_afea_432a_afe6_030103021dca) [Producer clientId=Producer-topic-1087eb99_afea_432a_afe6_030103021dca] Cluster ID: b-_w6pXwSzuW2BMgmumbNQ
2025-07-31 20:40:25,565 INFO  [org.apa.kaf.cli.pro.int.TransactionManager] (kafka-producer-network-thread | Producer-topic-1087eb99_afea_432a_afe6_030103021dca) [Producer clientId=Producer-topic-1087eb99_afea_432a_afe6_030103021dca] ProducerId set to 10 with epoch 0
2025-07-31 20:40:25,715 INFO  [io.api.tes.ser.api.KafkaSerdesTester] (Thread-645) Sending message {"value": 1} to topic topic-1087eb99_afea_432a_afe6_030103021dca
2025-07-31 20:40:25,738 INFO  [io.api.tes.ser.api.KafkaSerdesTester] (Thread-645) Sending message {"active": true} to topic topic-1087eb99_afea_432a_afe6_030103021dca
2025-07-31 20:40:25,764 INFO  [io.api.tes.ser.api.KafkaSerdesTester] (Thread-645) Sending message {"id": "record-3"} to topic topic-1087eb99_afea_432a_afe6_030103021dca
2025-07-31 20:40:25,767 INFO  [io.api.tes.ser.api.KafkaSerdesTester] (Thread-645) Sending message {"value": 4} to topic topic-1087eb99_afea_432a_afe6_030103021dca
2025-07-31 20:40:25,770 INFO  [io.api.tes.ser.api.KafkaSerdesTester] (Thread-645) Sending message {"active": false} to topic topic-1087eb99_afea_432a_afe6_030103021dca
2025-07-31 20:40:25,775 INFO  [io.api.tes.ser.api.KafkaSerdesTester] (Thread-645) Sending message {"id": "record-6"} to topic topic-1087eb99_afea_432a_afe6_030103021dca
2025-07-31 20:40:25,777 INFO  [io.api.tes.ser.api.KafkaSerdesTester] (Thread-645) Sending message {"value": 7} to topic topic-1087eb99_afea_432a_afe6_030103021dca
2025-07-31 20:40:25,782 INFO  [io.api.tes.ser.api.KafkaSerdesTester] (Thread-645) Sending message {"active": true} to topic topic-1087eb99_afea_432a_afe6_030103021dca
2025-07-31 20:40:25,783 INFO  [io.api.tes.ser.api.KafkaSerdesTester] (Thread-645) Sending message {"id": "record-9"} to topic topic-1087eb99_afea_432a_afe6_030103021dca
2025-07-31 20:40:25,785 INFO  [io.api.tes.ser.api.KafkaSerdesTester] (Thread-645) Produced 10 messages
2025-07-31 20:40:25,785 INFO  [org.apa.kaf.cli.pro.KafkaProducer] (Thread-645) [Producer clientId=Producer-topic-1087eb99_afea_432a_afe6_030103021dca] Closing the Kafka producer with timeoutMillis = 9223372036854775807 ms.
2025-07-31 20:40:25,787 INFO  [org.apa.kaf.com.met.Metrics] (Thread-645) Metrics scheduler closed
2025-07-31 20:40:25,787 INFO  [org.apa.kaf.com.met.Metrics] (Thread-645) Closing reporter org.apache.kafka.common.metrics.JmxReporter
2025-07-31 20:40:25,787 INFO  [org.apa.kaf.com.met.Metrics] (Thread-645) Closing reporter org.apache.kafka.common.telemetry.internals.ClientTelemetryReporter
2025-07-31 20:40:25,788 INFO  [org.apa.kaf.com.met.Metrics] (Thread-645) Metrics reporters closed
2025-07-31 20:40:25,788 INFO  [org.apa.kaf.com.uti.AppInfoParser] (Thread-645) App info kafka.producer for Producer-topic-1087eb99_afea_432a_afe6_030103021dca unregistered
2025-07-31 20:40:25,798 INFO  [io.api.tes.ser.api.AvroSerdeIT] (main) Artifact topic-1087eb99_afea_432a_afe6_030103021dca-value found in registry with globalId 25
**** Registry Base URL: http://registry-app-inmemory.apps.ci419.apicurio-testing.org:80
2025-07-31 20:40:25,799 INFO  [org.apa.kaf.cli.con.ConsumerConfig] (main) ConsumerConfig values: 
	allow.auto.create.topics = true
	auto.commit.interval.ms = 500
	auto.include.jmx.reporter = true
	auto.offset.reset = earliest
	bootstrap.servers = [PLAINTEXT://localhost:32770]
	check.crcs = true
	client.dns.lookup = use_all_dns_ips
	client.id = consumer-Consumer-topic-1087eb99_afea_432a_afe6_030103021dca-8
	client.rack = 
	connections.max.idle.ms = 10000
	default.api.timeout.ms = 60000
	enable.auto.commit = true
	enable.metrics.push = true
	exclude.internal.topics = true
	fetch.max.bytes = 52428800
	fetch.max.wait.ms = 500
	fetch.min.bytes = 1
	group.id = Consumer-topic-1087eb99_afea_432a_afe6_030103021dca
	group.instance.id = null
	group.protocol = classic
	group.remote.assignor = null
	heartbeat.interval.ms = 3000
	interceptor.classes = []
	internal.leave.group.on.close = true
	internal.throw.on.fetch.stable.offset.unsupported = false
	isolation.level = read_uncommitted
	key.deserializer = class org.apache.kafka.common.serialization.StringDeserializer
	max.partition.fetch.bytes = 1048576
	max.poll.interval.ms = 300000
	max.poll.records = 500
	metadata.max.age.ms = 300000
	metadata.recovery.strategy = none
	metric.reporters = []
	metrics.num.samples = 2
	metrics.recording.level = INFO
	metrics.sample.window.ms = 30000
	partition.assignment.strategy = [class org.apache.kafka.clients.consumer.RangeAssignor, class org.apache.kafka.clients.consumer.CooperativeStickyAssignor]
	receive.buffer.bytes = 65536
	reconnect.backoff.max.ms = 1000
	reconnect.backoff.ms = 50
	request.timeout.ms = 5000
	retry.backoff.max.ms = 1000
	retry.backoff.ms = 100
	sasl.client.callback.handler.class = null
	sasl.jaas.config = null
	sasl.kerberos.kinit.cmd = /usr/bin/kinit
	sasl.kerberos.min.time.before.relogin = 60000
	sasl.kerberos.service.name = null
	sasl.kerberos.ticket.renew.jitter = 0.05
	sasl.kerberos.ticket.renew.window.factor = 0.8
	sasl.login.callback.handler.class = null
	sasl.login.class = null
	sasl.login.connect.timeout.ms = null
	sasl.login.read.timeout.ms = null
	sasl.login.refresh.buffer.seconds = 300
	sasl.login.refresh.min.period.seconds = 60
	sasl.login.refresh.window.factor = 0.8
	sasl.login.refresh.window.jitter = 0.05
	sasl.login.retry.backoff.max.ms = 10000
	sasl.login.retry.backoff.ms = 100
	sasl.mechanism = GSSAPI
	sasl.oauthbearer.clock.skew.seconds = 30
	sasl.oauthbearer.expected.audience = null
	sasl.oauthbearer.expected.issuer = null
	sasl.oauthbearer.header.urlencode = false
	sasl.oauthbearer.jwks.endpoint.refresh.ms = 3600000
	sasl.oauthbearer.jwks.endpoint.retry.backoff.max.ms = 10000
	sasl.oauthbearer.jwks.endpoint.retry.backoff.ms = 100
	sasl.oauthbearer.jwks.endpoint.url = null
	sasl.oauthbearer.scope.claim.name = scope
	sasl.oauthbearer.sub.claim.name = sub
	sasl.oauthbearer.token.endpoint.url = null
	security.protocol = PLAINTEXT
	security.providers = null
	send.buffer.bytes = 131072
	session.timeout.ms = 45000
	socket.connection.setup.timeout.max.ms = 30000
	socket.connection.setup.timeout.ms = 10000
	ssl.cipher.suites = null
	ssl.enabled.protocols = [TLSv1.2, TLSv1.3]
	ssl.endpoint.identification.algorithm = https
	ssl.engine.factory.class = null
	ssl.key.password = null
	ssl.keymanager.algorithm = SunX509
	ssl.keystore.certificate.chain = null
	ssl.keystore.key = null
	ssl.keystore.location = null
	ssl.keystore.password = null
	ssl.keystore.type = JKS
	ssl.protocol = TLSv1.3
	ssl.provider = null
	ssl.secure.random.implementation = null
	ssl.trustmanager.algorithm = PKIX
	ssl.truststore.certificates = null
	ssl.truststore.location = null
	ssl.truststore.password = null
	ssl.truststore.type = JKS
	value.deserializer = class io.apicurio.registry.serde.avro.AvroKafkaDeserializer

2025-07-31 20:40:25,799 INFO  [org.apa.kaf.com.tel.int.KafkaMetricsCollector] (main) initializing Kafka metrics collector
2025-07-31 20:40:25,807 INFO  [org.apa.kaf.cli.con.ConsumerConfig] (main) These configurations '[apicurio.registry.url]' were supplied but are not used yet.
2025-07-31 20:40:25,808 INFO  [org.apa.kaf.com.uti.AppInfoParser] (main) Kafka version: 3.9.1
2025-07-31 20:40:25,808 INFO  [org.apa.kaf.com.uti.AppInfoParser] (main) Kafka commitId: f745dfdcee2b9851
2025-07-31 20:40:25,808 INFO  [org.apa.kaf.com.uti.AppInfoParser] (main) Kafka startTimeMs: 1753994425807
2025-07-31 20:40:25,808 INFO  [org.apa.kaf.cli.con.int.ClassicKafkaConsumer] (Thread-648) [Consumer clientId=consumer-Consumer-topic-1087eb99_afea_432a_afe6_030103021dca-8, groupId=Consumer-topic-1087eb99_afea_432a_afe6_030103021dca] Subscribed to topic(s): topic-1087eb99_afea_432a_afe6_030103021dca
2025-07-31 20:40:25,814 INFO  [org.apa.kaf.cli.Metadata] (Thread-648) [Consumer clientId=consumer-Consumer-topic-1087eb99_afea_432a_afe6_030103021dca-8, groupId=Consumer-topic-1087eb99_afea_432a_afe6_030103021dca] Cluster ID: b-_w6pXwSzuW2BMgmumbNQ
2025-07-31 20:40:25,815 INFO  [org.apa.kaf.cli.con.int.ConsumerCoordinator] (Thread-648) [Consumer clientId=consumer-Consumer-topic-1087eb99_afea_432a_afe6_030103021dca-8, groupId=Consumer-topic-1087eb99_afea_432a_afe6_030103021dca] Discovered group coordinator localhost:32770 (id: 2147483647 rack: null)
2025-07-31 20:40:25,820 INFO  [org.apa.kaf.cli.con.int.ConsumerCoordinator] (Thread-648) [Consumer clientId=consumer-Consumer-topic-1087eb99_afea_432a_afe6_030103021dca-8, groupId=Consumer-topic-1087eb99_afea_432a_afe6_030103021dca] (Re-)joining group
2025-07-31 20:40:25,825 INFO  [org.apa.kaf.cli.con.int.ConsumerCoordinator] (Thread-648) [Consumer clientId=consumer-Consumer-topic-1087eb99_afea_432a_afe6_030103021dca-8, groupId=Consumer-topic-1087eb99_afea_432a_afe6_030103021dca] Request joining group due to: need to re-join with the given member-id: consumer-Consumer-topic-1087eb99_afea_432a_afe6_030103021dca-8-f9d0bedb-8a73-42b3-94e5-07a36fca4c26
2025-07-31 20:40:25,825 INFO  [org.apa.kaf.cli.con.int.ConsumerCoordinator] (Thread-648) [Consumer clientId=consumer-Consumer-topic-1087eb99_afea_432a_afe6_030103021dca-8, groupId=Consumer-topic-1087eb99_afea_432a_afe6_030103021dca] (Re-)joining group
2025-07-31 20:40:25,833 INFO  [org.apa.kaf.cli.con.int.ConsumerCoordinator] (Thread-648) [Consumer clientId=consumer-Consumer-topic-1087eb99_afea_432a_afe6_030103021dca-8, groupId=Consumer-topic-1087eb99_afea_432a_afe6_030103021dca] Successfully joined group with generation Generation{generationId=1, memberId='consumer-Consumer-topic-1087eb99_afea_432a_afe6_030103021dca-8-f9d0bedb-8a73-42b3-94e5-07a36fca4c26', protocol='range'}
2025-07-31 20:40:25,833 INFO  [org.apa.kaf.cli.con.int.ConsumerCoordinator] (Thread-648) [Consumer clientId=consumer-Consumer-topic-1087eb99_afea_432a_afe6_030103021dca-8, groupId=Consumer-topic-1087eb99_afea_432a_afe6_030103021dca] Finished assignment for group at generation 1: {consumer-Consumer-topic-1087eb99_afea_432a_afe6_030103021dca-8-f9d0bedb-8a73-42b3-94e5-07a36fca4c26=Assignment(partitions=[topic-1087eb99_afea_432a_afe6_030103021dca-0])}
2025-07-31 20:40:25,841 INFO  [org.apa.kaf.cli.con.int.ConsumerCoordinator] (Thread-648) [Consumer clientId=consumer-Consumer-topic-1087eb99_afea_432a_afe6_030103021dca-8, groupId=Consumer-topic-1087eb99_afea_432a_afe6_030103021dca] Successfully synced group in generation Generation{generationId=1, memberId='consumer-Consumer-topic-1087eb99_afea_432a_afe6_030103021dca-8-f9d0bedb-8a73-42b3-94e5-07a36fca4c26', protocol='range'}
2025-07-31 20:40:25,842 INFO  [org.apa.kaf.cli.con.int.ConsumerCoordinator] (Thread-648) [Consumer clientId=consumer-Consumer-topic-1087eb99_afea_432a_afe6_030103021dca-8, groupId=Consumer-topic-1087eb99_afea_432a_afe6_030103021dca] Notifying assignor about the new Assignment(partitions=[topic-1087eb99_afea_432a_afe6_030103021dca-0])
2025-07-31 20:40:25,842 INFO  [org.apa.kaf.cli.con.int.ConsumerRebalanceListenerInvoker] (Thread-648) [Consumer clientId=consumer-Consumer-topic-1087eb99_afea_432a_afe6_030103021dca-8, groupId=Consumer-topic-1087eb99_afea_432a_afe6_030103021dca] Adding newly assigned partitions: topic-1087eb99_afea_432a_afe6_030103021dca-0
2025-07-31 20:40:25,843 INFO  [org.apa.kaf.cli.con.int.ConsumerCoordinator] (Thread-648) [Consumer clientId=consumer-Consumer-topic-1087eb99_afea_432a_afe6_030103021dca-8, groupId=Consumer-topic-1087eb99_afea_432a_afe6_030103021dca] Found no committed offset for partition topic-1087eb99_afea_432a_afe6_030103021dca-0
2025-07-31 20:40:25,850 INFO  [org.apa.kaf.cli.con.int.SubscriptionState] (Thread-648) [Consumer clientId=consumer-Consumer-topic-1087eb99_afea_432a_afe6_030103021dca-8, groupId=Consumer-topic-1087eb99_afea_432a_afe6_030103021dca] Resetting offset for partition topic-1087eb99_afea_432a_afe6_030103021dca-0 to position FetchPosition{offset=0, offsetEpoch=Optional.empty, currentLeader=LeaderAndEpoch{leader=Optional[localhost:32770 (id: 0 rack: null)], epoch=0}}.
2025-07-31 20:40:25,911 INFO  [io.api.tes.ser.api.KafkaSerdesTester] (Thread-648) topic-1087eb99_afea_432a_afe6_030103021dca 0 0 {"id": "record-0"}
2025-07-31 20:40:25,911 INFO  [io.api.tes.ser.api.KafkaSerdesTester] (Thread-648) topic-1087eb99_afea_432a_afe6_030103021dca 0 1 {"value": 1}
2025-07-31 20:40:25,911 INFO  [io.api.tes.ser.api.KafkaSerdesTester] (Thread-648) topic-1087eb99_afea_432a_afe6_030103021dca 0 2 {"active": true}
2025-07-31 20:40:25,911 INFO  [io.api.tes.ser.api.KafkaSerdesTester] (Thread-648) topic-1087eb99_afea_432a_afe6_030103021dca 0 3 {"id": "record-3"}
2025-07-31 20:40:25,911 INFO  [io.api.tes.ser.api.KafkaSerdesTester] (Thread-648) topic-1087eb99_afea_432a_afe6_030103021dca 0 4 {"value": 4}
2025-07-31 20:40:25,911 INFO  [io.api.tes.ser.api.KafkaSerdesTester] (Thread-648) topic-1087eb99_afea_432a_afe6_030103021dca 0 5 {"active": false}
2025-07-31 20:40:25,911 INFO  [io.api.tes.ser.api.KafkaSerdesTester] (Thread-648) topic-1087eb99_afea_432a_afe6_030103021dca 0 6 {"id": "record-6"}
2025-07-31 20:40:25,911 INFO  [io.api.tes.ser.api.KafkaSerdesTester] (Thread-648) topic-1087eb99_afea_432a_afe6_030103021dca 0 7 {"value": 7}
2025-07-31 20:40:25,911 INFO  [io.api.tes.ser.api.KafkaSerdesTester] (Thread-648) topic-1087eb99_afea_432a_afe6_030103021dca 0 8 {"active": true}
2025-07-31 20:40:25,911 INFO  [io.api.tes.ser.api.KafkaSerdesTester] (Thread-648) topic-1087eb99_afea_432a_afe6_030103021dca 0 9 {"id": "record-9"}
2025-07-31 20:40:25,911 INFO  [io.api.tes.ser.api.KafkaSerdesTester] (Thread-648) Consumed 10 messages
2025-07-31 20:40:25,914 INFO  [org.apa.kaf.cli.con.int.ConsumerRebalanceListenerInvoker] (Thread-648) [Consumer clientId=consumer-Consumer-topic-1087eb99_afea_432a_afe6_030103021dca-8, groupId=Consumer-topic-1087eb99_afea_432a_afe6_030103021dca] Revoke previously assigned partitions topic-1087eb99_afea_432a_afe6_030103021dca-0
2025-07-31 20:40:25,915 INFO  [org.apa.kaf.cli.con.int.ConsumerCoordinator] (Thread-648) [Consumer clientId=consumer-Consumer-topic-1087eb99_afea_432a_afe6_030103021dca-8, groupId=Consumer-topic-1087eb99_afea_432a_afe6_030103021dca] Member consumer-Consumer-topic-1087eb99_afea_432a_afe6_030103021dca-8-f9d0bedb-8a73-42b3-94e5-07a36fca4c26 sending LeaveGroup request to coordinator localhost:32770 (id: 2147483647 rack: null) due to the consumer is being closed
2025-07-31 20:40:25,915 INFO  [org.apa.kaf.cli.con.int.ConsumerCoordinator] (Thread-648) [Consumer clientId=consumer-Consumer-topic-1087eb99_afea_432a_afe6_030103021dca-8, groupId=Consumer-topic-1087eb99_afea_432a_afe6_030103021dca] Resetting generation and member id due to: consumer pro-actively leaving the group
2025-07-31 20:40:25,915 INFO  [org.apa.kaf.cli.con.int.ConsumerCoordinator] (Thread-648) [Consumer clientId=consumer-Consumer-topic-1087eb99_afea_432a_afe6_030103021dca-8, groupId=Consumer-topic-1087eb99_afea_432a_afe6_030103021dca] Request joining group due to: consumer pro-actively leaving the group
2025-07-31 20:40:26,416 INFO  [org.apa.kaf.com.met.Metrics] (Thread-648) Metrics scheduler closed
2025-07-31 20:40:26,417 INFO  [org.apa.kaf.com.met.Metrics] (Thread-648) Closing reporter org.apache.kafka.common.metrics.JmxReporter
2025-07-31 20:40:26,417 INFO  [org.apa.kaf.com.met.Metrics] (Thread-648) Closing reporter org.apache.kafka.common.telemetry.internals.ClientTelemetryReporter
2025-07-31 20:40:26,417 INFO  [org.apa.kaf.com.met.Metrics] (Thread-648) Metrics reporters closed
2025-07-31 20:40:26,419 INFO  [org.apa.kaf.com.uti.AppInfoParser] (Thread-648) App info kafka.consumer for consumer-Consumer-topic-1087eb99_afea_432a_afe6_030103021dca-8 unregistered
2025-07-31 20:40:26,420 INFO  [io.api.tes.uti.TestSeparator] (main) io.apicurio.tests.serdes.apicurio.AvroSerdeIT.testAvroUnionWithSpecificReader-FINISHED
2025-07-31 20:40:26,420 INFO  [io.api.tes.uti.TestSeparator] (main) ############################################################################
Test passed: testAvroUnionWithSpecificReader
]]></system-out>
  </testcase>
  <testcase name="testEvolveAvroApicurioReusingClient" classname="io.apicurio.tests.serdes.apicurio.AvroSerdeIT" time="3.936">
    <system-out><![CDATA[2025-07-31 20:40:26,424 INFO  [io.api.tes.uti.TestSeparator] (main) ############################################################################
2025-07-31 20:40:26,424 INFO  [io.api.tes.uti.TestSeparator] (main) io.apicurio.tests.serdes.apicurio.AvroSerdeIT.testEvolveAvroApicurioReusingClient-STARTED
2025-07-31 20:40:26,426 INFO  [io.api.tes.ser.api.AvroSerdeIT] (main) Registering Avro Schema: {"type":"record","name":"se8a9db65xa722x40b2x90b7x9497fd84397b","namespace":"ns_3ec605f7_f53b_489d_af5d_854c54f5f00d","fields":[{"name":"key11753994426424","type":"string"}]}
**** Registry Base URL: http://registry-app-inmemory.apps.ci419.apicurio-testing.org:80
2025-07-31 20:40:27,451 INFO  [org.apa.kaf.cli.pro.ProducerConfig] (main) ProducerConfig values: 
	acks = -1
	auto.include.jmx.reporter = true
	batch.size = 16384
	bootstrap.servers = [PLAINTEXT://localhost:32770]
	buffer.memory = 33554432
	client.dns.lookup = use_all_dns_ips
	client.id = Producer-topic-256e972d_8526_4fcd_a738_e1e80604ea04
	compression.gzip.level = -1
	compression.lz4.level = 9
	compression.type = none
	compression.zstd.level = 3
	connections.max.idle.ms = 10000
	delivery.timeout.ms = 120000
	enable.idempotence = true
	enable.metrics.push = true
	interceptor.classes = []
	key.serializer = class org.apache.kafka.common.serialization.StringSerializer
	linger.ms = 0
	max.block.ms = 60000
	max.in.flight.requests.per.connection = 5
	max.request.size = 1048576
	metadata.max.age.ms = 300000
	metadata.max.idle.ms = 300000
	metadata.recovery.strategy = none
	metric.reporters = []
	metrics.num.samples = 2
	metrics.recording.level = INFO
	metrics.sample.window.ms = 30000
	partitioner.adaptive.partitioning.enable = true
	partitioner.availability.timeout.ms = 0
	partitioner.class = null
	partitioner.ignore.keys = false
	receive.buffer.bytes = 32768
	reconnect.backoff.max.ms = 1000
	reconnect.backoff.ms = 50
	request.timeout.ms = 5000
	retries = 2147483647
	retry.backoff.max.ms = 1000
	retry.backoff.ms = 100
	sasl.client.callback.handler.class = null
	sasl.jaas.config = null
	sasl.kerberos.kinit.cmd = /usr/bin/kinit
	sasl.kerberos.min.time.before.relogin = 60000
	sasl.kerberos.service.name = null
	sasl.kerberos.ticket.renew.jitter = 0.05
	sasl.kerberos.ticket.renew.window.factor = 0.8
	sasl.login.callback.handler.class = null
	sasl.login.class = null
	sasl.login.connect.timeout.ms = null
	sasl.login.read.timeout.ms = null
	sasl.login.refresh.buffer.seconds = 300
	sasl.login.refresh.min.period.seconds = 60
	sasl.login.refresh.window.factor = 0.8
	sasl.login.refresh.window.jitter = 0.05
	sasl.login.retry.backoff.max.ms = 10000
	sasl.login.retry.backoff.ms = 100
	sasl.mechanism = GSSAPI
	sasl.oauthbearer.clock.skew.seconds = 30
	sasl.oauthbearer.expected.audience = null
	sasl.oauthbearer.expected.issuer = null
	sasl.oauthbearer.header.urlencode = false
	sasl.oauthbearer.jwks.endpoint.refresh.ms = 3600000
	sasl.oauthbearer.jwks.endpoint.retry.backoff.max.ms = 10000
	sasl.oauthbearer.jwks.endpoint.retry.backoff.ms = 100
	sasl.oauthbearer.jwks.endpoint.url = null
	sasl.oauthbearer.scope.claim.name = scope
	sasl.oauthbearer.sub.claim.name = sub
	sasl.oauthbearer.token.endpoint.url = null
	security.protocol = PLAINTEXT
	security.providers = null
	send.buffer.bytes = 131072
	socket.connection.setup.timeout.max.ms = 30000
	socket.connection.setup.timeout.ms = 10000
	ssl.cipher.suites = null
	ssl.enabled.protocols = [TLSv1.2, TLSv1.3]
	ssl.endpoint.identification.algorithm = https
	ssl.engine.factory.class = null
	ssl.key.password = null
	ssl.keymanager.algorithm = SunX509
	ssl.keystore.certificate.chain = null
	ssl.keystore.key = null
	ssl.keystore.location = null
	ssl.keystore.password = null
	ssl.keystore.type = JKS
	ssl.protocol = TLSv1.3
	ssl.provider = null
	ssl.secure.random.implementation = null
	ssl.trustmanager.algorithm = PKIX
	ssl.truststore.certificates = null
	ssl.truststore.location = null
	ssl.truststore.password = null
	ssl.truststore.type = JKS
	transaction.timeout.ms = 60000
	transactional.id = null
	value.serializer = class io.apicurio.registry.serde.avro.AvroKafkaSerializer

2025-07-31 20:40:27,451 INFO  [org.apa.kaf.com.tel.int.KafkaMetricsCollector] (main) initializing Kafka metrics collector
2025-07-31 20:40:27,455 INFO  [org.apa.kaf.cli.pro.KafkaProducer] (main) [Producer clientId=Producer-topic-256e972d_8526_4fcd_a738_e1e80604ea04] Instantiated an idempotent producer.
2025-07-31 20:40:27,457 INFO  [org.apa.kaf.cli.pro.ProducerConfig] (main) These configurations '[apicurio.registry.url, apicurio.registry.artifact-resolver-strategy]' were supplied but are not used yet.
2025-07-31 20:40:27,457 INFO  [org.apa.kaf.com.uti.AppInfoParser] (main) Kafka version: 3.9.1
2025-07-31 20:40:27,457 INFO  [org.apa.kaf.com.uti.AppInfoParser] (main) Kafka commitId: f745dfdcee2b9851
2025-07-31 20:40:27,457 INFO  [org.apa.kaf.com.uti.AppInfoParser] (main) Kafka startTimeMs: 1753994427457
**** Registry Base URL: http://registry-app-inmemory.apps.ci419.apicurio-testing.org:80
2025-07-31 20:40:27,458 INFO  [org.apa.kaf.cli.con.ConsumerConfig] (main) ConsumerConfig values: 
	allow.auto.create.topics = true
	auto.commit.interval.ms = 500
	auto.include.jmx.reporter = true
	auto.offset.reset = earliest
	bootstrap.servers = [PLAINTEXT://localhost:32770]
	check.crcs = true
	client.dns.lookup = use_all_dns_ips
	client.id = consumer-Consumer-topic-256e972d_8526_4fcd_a738_e1e80604ea04-9
	client.rack = 
	connections.max.idle.ms = 10000
	default.api.timeout.ms = 60000
	enable.auto.commit = true
	enable.metrics.push = true
	exclude.internal.topics = true
	fetch.max.bytes = 52428800
	fetch.max.wait.ms = 500
	fetch.min.bytes = 1
	group.id = Consumer-topic-256e972d_8526_4fcd_a738_e1e80604ea04
	group.instance.id = null
	group.protocol = classic
	group.remote.assignor = null
	heartbeat.interval.ms = 3000
	interceptor.classes = []
	internal.leave.group.on.close = true
	internal.throw.on.fetch.stable.offset.unsupported = false
	isolation.level = read_uncommitted
	key.deserializer = class org.apache.kafka.common.serialization.StringDeserializer
	max.partition.fetch.bytes = 1048576
	max.poll.interval.ms = 300000
	max.poll.records = 500
	metadata.max.age.ms = 300000
	metadata.recovery.strategy = none
	metric.reporters = []
	metrics.num.samples = 2
	metrics.recording.level = INFO
	metrics.sample.window.ms = 30000
	partition.assignment.strategy = [class org.apache.kafka.clients.consumer.RangeAssignor, class org.apache.kafka.clients.consumer.CooperativeStickyAssignor]
	receive.buffer.bytes = 65536
	reconnect.backoff.max.ms = 1000
	reconnect.backoff.ms = 50
	request.timeout.ms = 5000
	retry.backoff.max.ms = 1000
	retry.backoff.ms = 100
	sasl.client.callback.handler.class = null
	sasl.jaas.config = null
	sasl.kerberos.kinit.cmd = /usr/bin/kinit
	sasl.kerberos.min.time.before.relogin = 60000
	sasl.kerberos.service.name = null
	sasl.kerberos.ticket.renew.jitter = 0.05
	sasl.kerberos.ticket.renew.window.factor = 0.8
	sasl.login.callback.handler.class = null
	sasl.login.class = null
	sasl.login.connect.timeout.ms = null
	sasl.login.read.timeout.ms = null
	sasl.login.refresh.buffer.seconds = 300
	sasl.login.refresh.min.period.seconds = 60
	sasl.login.refresh.window.factor = 0.8
	sasl.login.refresh.window.jitter = 0.05
	sasl.login.retry.backoff.max.ms = 10000
	sasl.login.retry.backoff.ms = 100
	sasl.mechanism = GSSAPI
	sasl.oauthbearer.clock.skew.seconds = 30
	sasl.oauthbearer.expected.audience = null
	sasl.oauthbearer.expected.issuer = null
	sasl.oauthbearer.header.urlencode = false
	sasl.oauthbearer.jwks.endpoint.refresh.ms = 3600000
	sasl.oauthbearer.jwks.endpoint.retry.backoff.max.ms = 10000
	sasl.oauthbearer.jwks.endpoint.retry.backoff.ms = 100
	sasl.oauthbearer.jwks.endpoint.url = null
	sasl.oauthbearer.scope.claim.name = scope
	sasl.oauthbearer.sub.claim.name = sub
	sasl.oauthbearer.token.endpoint.url = null
	security.protocol = PLAINTEXT
	security.providers = null
	send.buffer.bytes = 131072
	session.timeout.ms = 45000
	socket.connection.setup.timeout.max.ms = 30000
	socket.connection.setup.timeout.ms = 10000
	ssl.cipher.suites = null
	ssl.enabled.protocols = [TLSv1.2, TLSv1.3]
	ssl.endpoint.identification.algorithm = https
	ssl.engine.factory.class = null
	ssl.key.password = null
	ssl.keymanager.algorithm = SunX509
	ssl.keystore.certificate.chain = null
	ssl.keystore.key = null
	ssl.keystore.location = null
	ssl.keystore.password = null
	ssl.keystore.type = JKS
	ssl.protocol = TLSv1.3
	ssl.provider = null
	ssl.secure.random.implementation = null
	ssl.trustmanager.algorithm = PKIX
	ssl.truststore.certificates = null
	ssl.truststore.location = null
	ssl.truststore.password = null
	ssl.truststore.type = JKS
	value.deserializer = class io.apicurio.registry.serde.avro.AvroKafkaDeserializer

2025-07-31 20:40:27,459 INFO  [org.apa.kaf.com.tel.int.KafkaMetricsCollector] (main) initializing Kafka metrics collector
2025-07-31 20:40:27,466 INFO  [org.apa.kaf.cli.Metadata] (kafka-producer-network-thread | Producer-topic-256e972d_8526_4fcd_a738_e1e80604ea04) [Producer clientId=Producer-topic-256e972d_8526_4fcd_a738_e1e80604ea04] Cluster ID: b-_w6pXwSzuW2BMgmumbNQ
2025-07-31 20:40:27,468 INFO  [org.apa.kaf.cli.pro.int.TransactionManager] (kafka-producer-network-thread | Producer-topic-256e972d_8526_4fcd_a738_e1e80604ea04) [Producer clientId=Producer-topic-256e972d_8526_4fcd_a738_e1e80604ea04] ProducerId set to 11 with epoch 0
2025-07-31 20:40:27,471 INFO  [org.apa.kaf.cli.con.ConsumerConfig] (main) These configurations '[apicurio.registry.url]' were supplied but are not used yet.
2025-07-31 20:40:27,471 INFO  [org.apa.kaf.com.uti.AppInfoParser] (main) Kafka version: 3.9.1
2025-07-31 20:40:27,471 INFO  [org.apa.kaf.com.uti.AppInfoParser] (main) Kafka commitId: f745dfdcee2b9851
2025-07-31 20:40:27,471 INFO  [org.apa.kaf.com.uti.AppInfoParser] (main) Kafka startTimeMs: 1753994427471
2025-07-31 20:40:27,476 INFO  [io.api.tes.ser.api.KafkaSerdesTester] (Thread-653) Sending message {"key11753994426424": "value-0"} to topic topic-256e972d_8526_4fcd_a738_e1e80604ea04
2025-07-31 20:40:27,486 INFO  [DefaultSchemaResolver] (Thread-653) Retrieving schema content using string: {"type":"record","name":"se8a9db65xa722x40b2x90b7x9497fd84397b","namespace":"ns_3ec605f7_f53b_489d_af5d_854c54f5f00d","fields":[{"name":"key11753994426424","type":"string"}]}
2025-07-31 20:40:27,509 INFO  [io.api.tes.ser.api.KafkaSerdesTester] (Thread-653) Sending message {"key11753994426424": "value-1"} to topic topic-256e972d_8526_4fcd_a738_e1e80604ea04
2025-07-31 20:40:27,511 INFO  [io.api.tes.ser.api.KafkaSerdesTester] (Thread-653) Sending message {"key11753994426424": "value-2"} to topic topic-256e972d_8526_4fcd_a738_e1e80604ea04
2025-07-31 20:40:27,513 INFO  [io.api.tes.ser.api.KafkaSerdesTester] (Thread-653) Sending message {"key11753994426424": "value-3"} to topic topic-256e972d_8526_4fcd_a738_e1e80604ea04
2025-07-31 20:40:27,515 INFO  [io.api.tes.ser.api.KafkaSerdesTester] (Thread-653) Sending message {"key11753994426424": "value-4"} to topic topic-256e972d_8526_4fcd_a738_e1e80604ea04
2025-07-31 20:40:27,516 INFO  [io.api.tes.ser.api.KafkaSerdesTester] (Thread-653) Sending message {"key11753994426424": "value-5"} to topic topic-256e972d_8526_4fcd_a738_e1e80604ea04
2025-07-31 20:40:27,520 INFO  [io.api.tes.ser.api.KafkaSerdesTester] (Thread-653) Sending message {"key11753994426424": "value-6"} to topic topic-256e972d_8526_4fcd_a738_e1e80604ea04
2025-07-31 20:40:27,523 INFO  [io.api.tes.ser.api.KafkaSerdesTester] (Thread-653) Sending message {"key11753994426424": "value-7"} to topic topic-256e972d_8526_4fcd_a738_e1e80604ea04
2025-07-31 20:40:27,525 INFO  [io.api.tes.ser.api.KafkaSerdesTester] (Thread-653) Sending message {"key11753994426424": "value-8"} to topic topic-256e972d_8526_4fcd_a738_e1e80604ea04
2025-07-31 20:40:27,530 INFO  [io.api.tes.ser.api.KafkaSerdesTester] (Thread-653) Sending message {"key11753994426424": "value-9"} to topic topic-256e972d_8526_4fcd_a738_e1e80604ea04
2025-07-31 20:40:27,531 INFO  [io.api.tes.ser.api.KafkaSerdesTester] (Thread-653) Produced 10 messages
2025-07-31 20:40:27,532 INFO  [org.apa.kaf.cli.con.int.ClassicKafkaConsumer] (Thread-654) [Consumer clientId=consumer-Consumer-topic-256e972d_8526_4fcd_a738_e1e80604ea04-9, groupId=Consumer-topic-256e972d_8526_4fcd_a738_e1e80604ea04] Subscribed to topic(s): topic-256e972d_8526_4fcd_a738_e1e80604ea04
2025-07-31 20:40:27,540 INFO  [org.apa.kaf.cli.Metadata] (Thread-654) [Consumer clientId=consumer-Consumer-topic-256e972d_8526_4fcd_a738_e1e80604ea04-9, groupId=Consumer-topic-256e972d_8526_4fcd_a738_e1e80604ea04] Cluster ID: b-_w6pXwSzuW2BMgmumbNQ
2025-07-31 20:40:27,540 INFO  [org.apa.kaf.cli.con.int.ConsumerCoordinator] (Thread-654) [Consumer clientId=consumer-Consumer-topic-256e972d_8526_4fcd_a738_e1e80604ea04-9, groupId=Consumer-topic-256e972d_8526_4fcd_a738_e1e80604ea04] Discovered group coordinator localhost:32770 (id: 2147483647 rack: null)
2025-07-31 20:40:27,542 INFO  [org.apa.kaf.cli.con.int.ConsumerCoordinator] (Thread-654) [Consumer clientId=consumer-Consumer-topic-256e972d_8526_4fcd_a738_e1e80604ea04-9, groupId=Consumer-topic-256e972d_8526_4fcd_a738_e1e80604ea04] (Re-)joining group
2025-07-31 20:40:27,544 INFO  [org.apa.kaf.cli.con.int.ConsumerCoordinator] (Thread-654) [Consumer clientId=consumer-Consumer-topic-256e972d_8526_4fcd_a738_e1e80604ea04-9, groupId=Consumer-topic-256e972d_8526_4fcd_a738_e1e80604ea04] Request joining group due to: need to re-join with the given member-id: consumer-Consumer-topic-256e972d_8526_4fcd_a738_e1e80604ea04-9-19df3608-2b9e-4411-aa50-3cb973e2dc59
2025-07-31 20:40:27,544 INFO  [org.apa.kaf.cli.con.int.ConsumerCoordinator] (Thread-654) [Consumer clientId=consumer-Consumer-topic-256e972d_8526_4fcd_a738_e1e80604ea04-9, groupId=Consumer-topic-256e972d_8526_4fcd_a738_e1e80604ea04] (Re-)joining group
2025-07-31 20:40:27,549 INFO  [org.apa.kaf.cli.con.int.ConsumerCoordinator] (Thread-654) [Consumer clientId=consumer-Consumer-topic-256e972d_8526_4fcd_a738_e1e80604ea04-9, groupId=Consumer-topic-256e972d_8526_4fcd_a738_e1e80604ea04] Successfully joined group with generation Generation{generationId=1, memberId='consumer-Consumer-topic-256e972d_8526_4fcd_a738_e1e80604ea04-9-19df3608-2b9e-4411-aa50-3cb973e2dc59', protocol='range'}
2025-07-31 20:40:27,550 INFO  [org.apa.kaf.cli.con.int.ConsumerCoordinator] (Thread-654) [Consumer clientId=consumer-Consumer-topic-256e972d_8526_4fcd_a738_e1e80604ea04-9, groupId=Consumer-topic-256e972d_8526_4fcd_a738_e1e80604ea04] Finished assignment for group at generation 1: {consumer-Consumer-topic-256e972d_8526_4fcd_a738_e1e80604ea04-9-19df3608-2b9e-4411-aa50-3cb973e2dc59=Assignment(partitions=[topic-256e972d_8526_4fcd_a738_e1e80604ea04-0])}
2025-07-31 20:40:27,552 INFO  [org.apa.kaf.cli.con.int.ConsumerCoordinator] (Thread-654) [Consumer clientId=consumer-Consumer-topic-256e972d_8526_4fcd_a738_e1e80604ea04-9, groupId=Consumer-topic-256e972d_8526_4fcd_a738_e1e80604ea04] Successfully synced group in generation Generation{generationId=1, memberId='consumer-Consumer-topic-256e972d_8526_4fcd_a738_e1e80604ea04-9-19df3608-2b9e-4411-aa50-3cb973e2dc59', protocol='range'}
2025-07-31 20:40:27,553 INFO  [org.apa.kaf.cli.con.int.ConsumerCoordinator] (Thread-654) [Consumer clientId=consumer-Consumer-topic-256e972d_8526_4fcd_a738_e1e80604ea04-9, groupId=Consumer-topic-256e972d_8526_4fcd_a738_e1e80604ea04] Notifying assignor about the new Assignment(partitions=[topic-256e972d_8526_4fcd_a738_e1e80604ea04-0])
2025-07-31 20:40:27,553 INFO  [org.apa.kaf.cli.con.int.ConsumerRebalanceListenerInvoker] (Thread-654) [Consumer clientId=consumer-Consumer-topic-256e972d_8526_4fcd_a738_e1e80604ea04-9, groupId=Consumer-topic-256e972d_8526_4fcd_a738_e1e80604ea04] Adding newly assigned partitions: topic-256e972d_8526_4fcd_a738_e1e80604ea04-0
2025-07-31 20:40:27,554 INFO  [org.apa.kaf.cli.con.int.ConsumerCoordinator] (Thread-654) [Consumer clientId=consumer-Consumer-topic-256e972d_8526_4fcd_a738_e1e80604ea04-9, groupId=Consumer-topic-256e972d_8526_4fcd_a738_e1e80604ea04] Found no committed offset for partition topic-256e972d_8526_4fcd_a738_e1e80604ea04-0
2025-07-31 20:40:27,561 INFO  [org.apa.kaf.cli.con.int.SubscriptionState] (Thread-654) [Consumer clientId=consumer-Consumer-topic-256e972d_8526_4fcd_a738_e1e80604ea04-9, groupId=Consumer-topic-256e972d_8526_4fcd_a738_e1e80604ea04] Resetting offset for partition topic-256e972d_8526_4fcd_a738_e1e80604ea04-0 to position FetchPosition{offset=0, offsetEpoch=Optional.empty, currentLeader=LeaderAndEpoch{leader=Optional[localhost:32770 (id: 0 rack: null)], epoch=0}}.
2025-07-31 20:40:27,595 INFO  [io.api.tes.ser.api.KafkaSerdesTester] (Thread-654) topic-256e972d_8526_4fcd_a738_e1e80604ea04 0 0 {"key11753994426424": "value-0"}
2025-07-31 20:40:27,595 INFO  [io.api.tes.ser.api.KafkaSerdesTester] (Thread-654) topic-256e972d_8526_4fcd_a738_e1e80604ea04 0 1 {"key11753994426424": "value-1"}
2025-07-31 20:40:27,595 INFO  [io.api.tes.ser.api.KafkaSerdesTester] (Thread-654) topic-256e972d_8526_4fcd_a738_e1e80604ea04 0 2 {"key11753994426424": "value-2"}
2025-07-31 20:40:27,595 INFO  [io.api.tes.ser.api.KafkaSerdesTester] (Thread-654) topic-256e972d_8526_4fcd_a738_e1e80604ea04 0 3 {"key11753994426424": "value-3"}
2025-07-31 20:40:27,596 INFO  [io.api.tes.ser.api.KafkaSerdesTester] (Thread-654) topic-256e972d_8526_4fcd_a738_e1e80604ea04 0 4 {"key11753994426424": "value-4"}
2025-07-31 20:40:27,596 INFO  [io.api.tes.ser.api.KafkaSerdesTester] (Thread-654) topic-256e972d_8526_4fcd_a738_e1e80604ea04 0 5 {"key11753994426424": "value-5"}
2025-07-31 20:40:27,596 INFO  [io.api.tes.ser.api.KafkaSerdesTester] (Thread-654) topic-256e972d_8526_4fcd_a738_e1e80604ea04 0 6 {"key11753994426424": "value-6"}
2025-07-31 20:40:27,596 INFO  [io.api.tes.ser.api.KafkaSerdesTester] (Thread-654) topic-256e972d_8526_4fcd_a738_e1e80604ea04 0 7 {"key11753994426424": "value-7"}
2025-07-31 20:40:27,596 INFO  [io.api.tes.ser.api.KafkaSerdesTester] (Thread-654) topic-256e972d_8526_4fcd_a738_e1e80604ea04 0 8 {"key11753994426424": "value-8"}
2025-07-31 20:40:27,596 INFO  [io.api.tes.ser.api.KafkaSerdesTester] (Thread-654) topic-256e972d_8526_4fcd_a738_e1e80604ea04 0 9 {"key11753994426424": "value-9"}
2025-07-31 20:40:27,596 INFO  [io.api.tes.ser.api.KafkaSerdesTester] (Thread-654) Consumed 10 messages
2025-07-31 20:40:27,598 INFO  [io.api.tes.ser.api.AvroSerdeIT] (main) Registering Avro Schema 2: {"type":"record","name":"se8a9db65xa722x40b2x90b7x9497fd84397b","namespace":"ns_3ec605f7_f53b_489d_af5d_854c54f5f00d","fields":[{"name":"key11753994426424","type":"string"},{"name":"key21753994427597","type":"string"}]}
2025-07-31 20:40:28,631 INFO  [io.api.tes.ser.api.KafkaSerdesTester] (Thread-655) Sending message {"key11753994426424": "value-0", "key21753994427597": "value-0"} to topic topic-256e972d_8526_4fcd_a738_e1e80604ea04
2025-07-31 20:40:28,632 INFO  [DefaultSchemaResolver] (Thread-655) Retrieving schema content using string: {"type":"record","name":"se8a9db65xa722x40b2x90b7x9497fd84397b","namespace":"ns_3ec605f7_f53b_489d_af5d_854c54f5f00d","fields":[{"name":"key11753994426424","type":"string"},{"name":"key21753994427597","type":"string"}]}
2025-07-31 20:40:28,650 INFO  [io.api.tes.ser.api.KafkaSerdesTester] (Thread-655) Sending message {"key11753994426424": "value-1", "key21753994427597": "value-1"} to topic topic-256e972d_8526_4fcd_a738_e1e80604ea04
2025-07-31 20:40:28,652 INFO  [io.api.tes.ser.api.KafkaSerdesTester] (Thread-655) Sending message {"key11753994426424": "value-2", "key21753994427597": "value-2"} to topic topic-256e972d_8526_4fcd_a738_e1e80604ea04
2025-07-31 20:40:28,656 INFO  [io.api.tes.ser.api.KafkaSerdesTester] (Thread-655) Sending message {"key11753994426424": "value-3", "key21753994427597": "value-3"} to topic topic-256e972d_8526_4fcd_a738_e1e80604ea04
2025-07-31 20:40:28,657 INFO  [io.api.tes.ser.api.KafkaSerdesTester] (Thread-655) Sending message {"key11753994426424": "value-4", "key21753994427597": "value-4"} to topic topic-256e972d_8526_4fcd_a738_e1e80604ea04
2025-07-31 20:40:28,659 INFO  [io.api.tes.ser.api.KafkaSerdesTester] (Thread-655) Sending message {"key11753994426424": "value-5", "key21753994427597": "value-5"} to topic topic-256e972d_8526_4fcd_a738_e1e80604ea04
2025-07-31 20:40:28,663 INFO  [io.api.tes.ser.api.KafkaSerdesTester] (Thread-655) Sending message {"key11753994426424": "value-6", "key21753994427597": "value-6"} to topic topic-256e972d_8526_4fcd_a738_e1e80604ea04
2025-07-31 20:40:28,665 INFO  [io.api.tes.ser.api.KafkaSerdesTester] (Thread-655) Sending message {"key11753994426424": "value-7", "key21753994427597": "value-7"} to topic topic-256e972d_8526_4fcd_a738_e1e80604ea04
2025-07-31 20:40:28,667 INFO  [io.api.tes.ser.api.KafkaSerdesTester] (Thread-655) Sending message {"key11753994426424": "value-8", "key21753994427597": "value-8"} to topic topic-256e972d_8526_4fcd_a738_e1e80604ea04
2025-07-31 20:40:28,669 INFO  [io.api.tes.ser.api.KafkaSerdesTester] (Thread-655) Sending message {"key11753994426424": "value-9", "key21753994427597": "value-9"} to topic topic-256e972d_8526_4fcd_a738_e1e80604ea04
2025-07-31 20:40:28,671 INFO  [io.api.tes.ser.api.KafkaSerdesTester] (Thread-655) Produced 10 messages
2025-07-31 20:40:28,672 INFO  [io.api.tes.ser.api.KafkaSerdesTester] (Thread-656) Sending message {"key11753994426424": "value-0"} to topic topic-256e972d_8526_4fcd_a738_e1e80604ea04
2025-07-31 20:40:28,673 INFO  [io.api.tes.ser.api.KafkaSerdesTester] (Thread-656) Sending message {"key11753994426424": "value-1"} to topic topic-256e972d_8526_4fcd_a738_e1e80604ea04
2025-07-31 20:40:28,675 INFO  [io.api.tes.ser.api.KafkaSerdesTester] (Thread-656) Sending message {"key11753994426424": "value-2"} to topic topic-256e972d_8526_4fcd_a738_e1e80604ea04
2025-07-31 20:40:28,677 INFO  [io.api.tes.ser.api.KafkaSerdesTester] (Thread-656) Sending message {"key11753994426424": "value-3"} to topic topic-256e972d_8526_4fcd_a738_e1e80604ea04
2025-07-31 20:40:28,678 INFO  [io.api.tes.ser.api.KafkaSerdesTester] (Thread-656) Sending message {"key11753994426424": "value-4"} to topic topic-256e972d_8526_4fcd_a738_e1e80604ea04
2025-07-31 20:40:28,680 INFO  [io.api.tes.ser.api.KafkaSerdesTester] (Thread-656) Sending message {"key11753994426424": "value-5"} to topic topic-256e972d_8526_4fcd_a738_e1e80604ea04
2025-07-31 20:40:28,682 INFO  [io.api.tes.ser.api.KafkaSerdesTester] (Thread-656) Sending message {"key11753994426424": "value-6"} to topic topic-256e972d_8526_4fcd_a738_e1e80604ea04
2025-07-31 20:40:28,683 INFO  [io.api.tes.ser.api.KafkaSerdesTester] (Thread-656) Sending message {"key11753994426424": "value-7"} to topic topic-256e972d_8526_4fcd_a738_e1e80604ea04
2025-07-31 20:40:28,685 INFO  [io.api.tes.ser.api.KafkaSerdesTester] (Thread-656) Sending message {"key11753994426424": "value-8"} to topic topic-256e972d_8526_4fcd_a738_e1e80604ea04
2025-07-31 20:40:28,686 INFO  [io.api.tes.ser.api.KafkaSerdesTester] (Thread-656) Sending message {"key11753994426424": "value-9"} to topic topic-256e972d_8526_4fcd_a738_e1e80604ea04
2025-07-31 20:40:28,690 INFO  [io.api.tes.ser.api.KafkaSerdesTester] (Thread-656) Produced 10 messages
2025-07-31 20:40:28,691 INFO  [org.apa.kaf.cli.con.int.ClassicKafkaConsumer] (Thread-657) [Consumer clientId=consumer-Consumer-topic-256e972d_8526_4fcd_a738_e1e80604ea04-9, groupId=Consumer-topic-256e972d_8526_4fcd_a738_e1e80604ea04] Subscribed to topic(s): topic-256e972d_8526_4fcd_a738_e1e80604ea04
2025-07-31 20:40:28,720 INFO  [io.api.tes.ser.api.KafkaSerdesTester] (Thread-657) topic-256e972d_8526_4fcd_a738_e1e80604ea04 0 10 {"key11753994426424": "value-0", "key21753994427597": "value-0"}
2025-07-31 20:40:28,720 INFO  [io.api.tes.ser.api.KafkaSerdesTester] (Thread-657) topic-256e972d_8526_4fcd_a738_e1e80604ea04 0 11 {"key11753994426424": "value-1", "key21753994427597": "value-1"}
2025-07-31 20:40:28,720 INFO  [io.api.tes.ser.api.KafkaSerdesTester] (Thread-657) topic-256e972d_8526_4fcd_a738_e1e80604ea04 0 12 {"key11753994426424": "value-2", "key21753994427597": "value-2"}
2025-07-31 20:40:28,720 INFO  [io.api.tes.ser.api.KafkaSerdesTester] (Thread-657) topic-256e972d_8526_4fcd_a738_e1e80604ea04 0 13 {"key11753994426424": "value-3", "key21753994427597": "value-3"}
2025-07-31 20:40:28,720 INFO  [io.api.tes.ser.api.KafkaSerdesTester] (Thread-657) topic-256e972d_8526_4fcd_a738_e1e80604ea04 0 14 {"key11753994426424": "value-4", "key21753994427597": "value-4"}
2025-07-31 20:40:28,720 INFO  [io.api.tes.ser.api.KafkaSerdesTester] (Thread-657) topic-256e972d_8526_4fcd_a738_e1e80604ea04 0 15 {"key11753994426424": "value-5", "key21753994427597": "value-5"}
2025-07-31 20:40:28,720 INFO  [io.api.tes.ser.api.KafkaSerdesTester] (Thread-657) topic-256e972d_8526_4fcd_a738_e1e80604ea04 0 16 {"key11753994426424": "value-6", "key21753994427597": "value-6"}
2025-07-31 20:40:28,720 INFO  [io.api.tes.ser.api.KafkaSerdesTester] (Thread-657) topic-256e972d_8526_4fcd_a738_e1e80604ea04 0 17 {"key11753994426424": "value-7", "key21753994427597": "value-7"}
2025-07-31 20:40:28,720 INFO  [io.api.tes.ser.api.KafkaSerdesTester] (Thread-657) topic-256e972d_8526_4fcd_a738_e1e80604ea04 0 18 {"key11753994426424": "value-8", "key21753994427597": "value-8"}
2025-07-31 20:40:28,720 INFO  [io.api.tes.ser.api.KafkaSerdesTester] (Thread-657) topic-256e972d_8526_4fcd_a738_e1e80604ea04 0 19 {"key11753994426424": "value-9", "key21753994427597": "value-9"}
2025-07-31 20:40:28,720 INFO  [io.api.tes.ser.api.KafkaSerdesTester] (Thread-657) topic-256e972d_8526_4fcd_a738_e1e80604ea04 0 20 {"key11753994426424": "value-0"}
2025-07-31 20:40:28,720 INFO  [io.api.tes.ser.api.KafkaSerdesTester] (Thread-657) topic-256e972d_8526_4fcd_a738_e1e80604ea04 0 21 {"key11753994426424": "value-1"}
2025-07-31 20:40:28,720 INFO  [io.api.tes.ser.api.KafkaSerdesTester] (Thread-657) topic-256e972d_8526_4fcd_a738_e1e80604ea04 0 22 {"key11753994426424": "value-2"}
2025-07-31 20:40:28,721 INFO  [io.api.tes.ser.api.KafkaSerdesTester] (Thread-657) topic-256e972d_8526_4fcd_a738_e1e80604ea04 0 23 {"key11753994426424": "value-3"}
2025-07-31 20:40:28,721 INFO  [io.api.tes.ser.api.KafkaSerdesTester] (Thread-657) topic-256e972d_8526_4fcd_a738_e1e80604ea04 0 24 {"key11753994426424": "value-4"}
2025-07-31 20:40:28,721 INFO  [io.api.tes.ser.api.KafkaSerdesTester] (Thread-657) topic-256e972d_8526_4fcd_a738_e1e80604ea04 0 25 {"key11753994426424": "value-5"}
2025-07-31 20:40:28,721 INFO  [io.api.tes.ser.api.KafkaSerdesTester] (Thread-657) topic-256e972d_8526_4fcd_a738_e1e80604ea04 0 26 {"key11753994426424": "value-6"}
2025-07-31 20:40:28,721 INFO  [io.api.tes.ser.api.KafkaSerdesTester] (Thread-657) topic-256e972d_8526_4fcd_a738_e1e80604ea04 0 27 {"key11753994426424": "value-7"}
2025-07-31 20:40:28,721 INFO  [io.api.tes.ser.api.KafkaSerdesTester] (Thread-657) topic-256e972d_8526_4fcd_a738_e1e80604ea04 0 28 {"key11753994426424": "value-8"}
2025-07-31 20:40:28,721 INFO  [io.api.tes.ser.api.KafkaSerdesTester] (Thread-657) topic-256e972d_8526_4fcd_a738_e1e80604ea04 0 29 {"key11753994426424": "value-9"}
2025-07-31 20:40:28,721 INFO  [io.api.tes.ser.api.KafkaSerdesTester] (Thread-657) Consumed 20 messages
2025-07-31 20:40:28,721 INFO  [io.api.tes.ser.api.AvroSerdeIT] (main) Registering Avro Schema 3: {"type":"record","name":"se8a9db65xa722x40b2x90b7x9497fd84397b","namespace":"ns_3ec605f7_f53b_489d_af5d_854c54f5f00d","fields":[{"name":"key11753994426424","type":"string"},{"name":"key21753994427597","type":"string"},{"name":"key31753994428721","type":"string"}]}
2025-07-31 20:40:29,747 INFO  [io.api.tes.ser.api.KafkaSerdesTester] (Thread-658) Sending message {"key11753994426424": "value-0", "key21753994427597": "value-0", "key31753994428721": "value-0"} to topic topic-256e972d_8526_4fcd_a738_e1e80604ea04
2025-07-31 20:40:29,748 INFO  [DefaultSchemaResolver] (Thread-658) Retrieving schema content using string: {"type":"record","name":"se8a9db65xa722x40b2x90b7x9497fd84397b","namespace":"ns_3ec605f7_f53b_489d_af5d_854c54f5f00d","fields":[{"name":"key11753994426424","type":"string"},{"name":"key21753994427597","type":"string"},{"name":"key31753994428721","type":"string"}]}
2025-07-31 20:40:29,763 INFO  [io.api.tes.ser.api.KafkaSerdesTester] (Thread-658) Sending message {"key11753994426424": "value-1", "key21753994427597": "value-1", "key31753994428721": "value-1"} to topic topic-256e972d_8526_4fcd_a738_e1e80604ea04
2025-07-31 20:40:29,764 INFO  [io.api.tes.ser.api.KafkaSerdesTester] (Thread-658) Sending message {"key11753994426424": "value-2", "key21753994427597": "value-2", "key31753994428721": "value-2"} to topic topic-256e972d_8526_4fcd_a738_e1e80604ea04
2025-07-31 20:40:29,766 INFO  [io.api.tes.ser.api.KafkaSerdesTester] (Thread-658) Sending message {"key11753994426424": "value-3", "key21753994427597": "value-3", "key31753994428721": "value-3"} to topic topic-256e972d_8526_4fcd_a738_e1e80604ea04
2025-07-31 20:40:29,769 INFO  [io.api.tes.ser.api.KafkaSerdesTester] (Thread-658) Sending message {"key11753994426424": "value-4", "key21753994427597": "value-4", "key31753994428721": "value-4"} to topic topic-256e972d_8526_4fcd_a738_e1e80604ea04
2025-07-31 20:40:29,770 INFO  [io.api.tes.ser.api.KafkaSerdesTester] (Thread-658) Sending message {"key11753994426424": "value-5", "key21753994427597": "value-5", "key31753994428721": "value-5"} to topic topic-256e972d_8526_4fcd_a738_e1e80604ea04
2025-07-31 20:40:29,772 INFO  [io.api.tes.ser.api.KafkaSerdesTester] (Thread-658) Sending message {"key11753994426424": "value-6", "key21753994427597": "value-6", "key31753994428721": "value-6"} to topic topic-256e972d_8526_4fcd_a738_e1e80604ea04
2025-07-31 20:40:29,773 INFO  [io.api.tes.ser.api.KafkaSerdesTester] (Thread-658) Sending message {"key11753994426424": "value-7", "key21753994427597": "value-7", "key31753994428721": "value-7"} to topic topic-256e972d_8526_4fcd_a738_e1e80604ea04
2025-07-31 20:40:29,775 INFO  [io.api.tes.ser.api.KafkaSerdesTester] (Thread-658) Sending message {"key11753994426424": "value-8", "key21753994427597": "value-8", "key31753994428721": "value-8"} to topic topic-256e972d_8526_4fcd_a738_e1e80604ea04
2025-07-31 20:40:29,777 INFO  [io.api.tes.ser.api.KafkaSerdesTester] (Thread-658) Sending message {"key11753994426424": "value-9", "key21753994427597": "value-9", "key31753994428721": "value-9"} to topic topic-256e972d_8526_4fcd_a738_e1e80604ea04
2025-07-31 20:40:29,778 INFO  [io.api.tes.ser.api.KafkaSerdesTester] (Thread-658) Produced 10 messages
2025-07-31 20:40:29,779 INFO  [io.api.tes.ser.api.KafkaSerdesTester] (Thread-659) Sending message {"key11753994426424": "value-0", "key21753994427597": "value-0"} to topic topic-256e972d_8526_4fcd_a738_e1e80604ea04
2025-07-31 20:40:29,780 INFO  [io.api.tes.ser.api.KafkaSerdesTester] (Thread-659) Sending message {"key11753994426424": "value-1", "key21753994427597": "value-1"} to topic topic-256e972d_8526_4fcd_a738_e1e80604ea04
2025-07-31 20:40:29,782 INFO  [io.api.tes.ser.api.KafkaSerdesTester] (Thread-659) Sending message {"key11753994426424": "value-2", "key21753994427597": "value-2"} to topic topic-256e972d_8526_4fcd_a738_e1e80604ea04
2025-07-31 20:40:29,783 INFO  [io.api.tes.ser.api.KafkaSerdesTester] (Thread-659) Sending message {"key11753994426424": "value-3", "key21753994427597": "value-3"} to topic topic-256e972d_8526_4fcd_a738_e1e80604ea04
2025-07-31 20:40:29,786 INFO  [io.api.tes.ser.api.KafkaSerdesTester] (Thread-659) Sending message {"key11753994426424": "value-4", "key21753994427597": "value-4"} to topic topic-256e972d_8526_4fcd_a738_e1e80604ea04
2025-07-31 20:40:29,788 INFO  [io.api.tes.ser.api.KafkaSerdesTester] (Thread-659) Sending message {"key11753994426424": "value-5", "key21753994427597": "value-5"} to topic topic-256e972d_8526_4fcd_a738_e1e80604ea04
2025-07-31 20:40:29,790 INFO  [io.api.tes.ser.api.KafkaSerdesTester] (Thread-659) Sending message {"key11753994426424": "value-6", "key21753994427597": "value-6"} to topic topic-256e972d_8526_4fcd_a738_e1e80604ea04
2025-07-31 20:40:29,791 INFO  [io.api.tes.ser.api.KafkaSerdesTester] (Thread-659) Sending message {"key11753994426424": "value-7", "key21753994427597": "value-7"} to topic topic-256e972d_8526_4fcd_a738_e1e80604ea04
2025-07-31 20:40:29,796 INFO  [io.api.tes.ser.api.KafkaSerdesTester] (Thread-659) Sending message {"key11753994426424": "value-8", "key21753994427597": "value-8"} to topic topic-256e972d_8526_4fcd_a738_e1e80604ea04
2025-07-31 20:40:29,798 INFO  [io.api.tes.ser.api.KafkaSerdesTester] (Thread-659) Sending message {"key11753994426424": "value-9", "key21753994427597": "value-9"} to topic topic-256e972d_8526_4fcd_a738_e1e80604ea04
2025-07-31 20:40:29,799 INFO  [io.api.tes.ser.api.KafkaSerdesTester] (Thread-659) Produced 10 messages
2025-07-31 20:40:29,799 INFO  [io.api.tes.ser.api.KafkaSerdesTester] (Thread-660) Sending message {"key11753994426424": "value-0"} to topic topic-256e972d_8526_4fcd_a738_e1e80604ea04
2025-07-31 20:40:29,801 INFO  [io.api.tes.ser.api.KafkaSerdesTester] (Thread-660) Sending message {"key11753994426424": "value-1"} to topic topic-256e972d_8526_4fcd_a738_e1e80604ea04
2025-07-31 20:40:29,802 INFO  [io.api.tes.ser.api.KafkaSerdesTester] (Thread-660) Sending message {"key11753994426424": "value-2"} to topic topic-256e972d_8526_4fcd_a738_e1e80604ea04
2025-07-31 20:40:29,804 INFO  [io.api.tes.ser.api.KafkaSerdesTester] (Thread-660) Sending message {"key11753994426424": "value-3"} to topic topic-256e972d_8526_4fcd_a738_e1e80604ea04
2025-07-31 20:40:29,805 INFO  [io.api.tes.ser.api.KafkaSerdesTester] (Thread-660) Sending message {"key11753994426424": "value-4"} to topic topic-256e972d_8526_4fcd_a738_e1e80604ea04
2025-07-31 20:40:29,807 INFO  [io.api.tes.ser.api.KafkaSerdesTester] (Thread-660) Sending message {"key11753994426424": "value-5"} to topic topic-256e972d_8526_4fcd_a738_e1e80604ea04
2025-07-31 20:40:29,808 INFO  [io.api.tes.ser.api.KafkaSerdesTester] (Thread-660) Sending message {"key11753994426424": "value-6"} to topic topic-256e972d_8526_4fcd_a738_e1e80604ea04
2025-07-31 20:40:29,813 INFO  [io.api.tes.ser.api.KafkaSerdesTester] (Thread-660) Sending message {"key11753994426424": "value-7"} to topic topic-256e972d_8526_4fcd_a738_e1e80604ea04
2025-07-31 20:40:29,816 INFO  [io.api.tes.ser.api.KafkaSerdesTester] (Thread-660) Sending message {"key11753994426424": "value-8"} to topic topic-256e972d_8526_4fcd_a738_e1e80604ea04
2025-07-31 20:40:29,820 INFO  [io.api.tes.ser.api.KafkaSerdesTester] (Thread-660) Sending message {"key11753994426424": "value-9"} to topic topic-256e972d_8526_4fcd_a738_e1e80604ea04
2025-07-31 20:40:29,824 INFO  [io.api.tes.ser.api.KafkaSerdesTester] (Thread-660) Produced 10 messages
2025-07-31 20:40:29,826 INFO  [org.apa.kaf.cli.con.int.ClassicKafkaConsumer] (Thread-661) [Consumer clientId=consumer-Consumer-topic-256e972d_8526_4fcd_a738_e1e80604ea04-9, groupId=Consumer-topic-256e972d_8526_4fcd_a738_e1e80604ea04] Subscribed to topic(s): topic-256e972d_8526_4fcd_a738_e1e80604ea04
2025-07-31 20:40:29,850 INFO  [io.api.tes.ser.api.KafkaSerdesTester] (Thread-661) topic-256e972d_8526_4fcd_a738_e1e80604ea04 0 30 {"key11753994426424": "value-0", "key21753994427597": "value-0", "key31753994428721": "value-0"}
2025-07-31 20:40:29,850 INFO  [io.api.tes.ser.api.KafkaSerdesTester] (Thread-661) topic-256e972d_8526_4fcd_a738_e1e80604ea04 0 31 {"key11753994426424": "value-1", "key21753994427597": "value-1", "key31753994428721": "value-1"}
2025-07-31 20:40:29,850 INFO  [io.api.tes.ser.api.KafkaSerdesTester] (Thread-661) topic-256e972d_8526_4fcd_a738_e1e80604ea04 0 32 {"key11753994426424": "value-2", "key21753994427597": "value-2", "key31753994428721": "value-2"}
2025-07-31 20:40:29,850 INFO  [io.api.tes.ser.api.KafkaSerdesTester] (Thread-661) topic-256e972d_8526_4fcd_a738_e1e80604ea04 0 33 {"key11753994426424": "value-3", "key21753994427597": "value-3", "key31753994428721": "value-3"}
2025-07-31 20:40:29,851 INFO  [io.api.tes.ser.api.KafkaSerdesTester] (Thread-661) topic-256e972d_8526_4fcd_a738_e1e80604ea04 0 34 {"key11753994426424": "value-4", "key21753994427597": "value-4", "key31753994428721": "value-4"}
2025-07-31 20:40:29,851 INFO  [io.api.tes.ser.api.KafkaSerdesTester] (Thread-661) topic-256e972d_8526_4fcd_a738_e1e80604ea04 0 35 {"key11753994426424": "value-5", "key21753994427597": "value-5", "key31753994428721": "value-5"}
2025-07-31 20:40:29,851 INFO  [io.api.tes.ser.api.KafkaSerdesTester] (Thread-661) topic-256e972d_8526_4fcd_a738_e1e80604ea04 0 36 {"key11753994426424": "value-6", "key21753994427597": "value-6", "key31753994428721": "value-6"}
2025-07-31 20:40:29,851 INFO  [io.api.tes.ser.api.KafkaSerdesTester] (Thread-661) topic-256e972d_8526_4fcd_a738_e1e80604ea04 0 37 {"key11753994426424": "value-7", "key21753994427597": "value-7", "key31753994428721": "value-7"}
2025-07-31 20:40:29,851 INFO  [io.api.tes.ser.api.KafkaSerdesTester] (Thread-661) topic-256e972d_8526_4fcd_a738_e1e80604ea04 0 38 {"key11753994426424": "value-8", "key21753994427597": "value-8", "key31753994428721": "value-8"}
2025-07-31 20:40:29,851 INFO  [io.api.tes.ser.api.KafkaSerdesTester] (Thread-661) topic-256e972d_8526_4fcd_a738_e1e80604ea04 0 39 {"key11753994426424": "value-9", "key21753994427597": "value-9", "key31753994428721": "value-9"}
2025-07-31 20:40:29,851 INFO  [io.api.tes.ser.api.KafkaSerdesTester] (Thread-661) topic-256e972d_8526_4fcd_a738_e1e80604ea04 0 40 {"key11753994426424": "value-0", "key21753994427597": "value-0"}
2025-07-31 20:40:29,851 INFO  [io.api.tes.ser.api.KafkaSerdesTester] (Thread-661) topic-256e972d_8526_4fcd_a738_e1e80604ea04 0 41 {"key11753994426424": "value-1", "key21753994427597": "value-1"}
2025-07-31 20:40:29,851 INFO  [io.api.tes.ser.api.KafkaSerdesTester] (Thread-661) topic-256e972d_8526_4fcd_a738_e1e80604ea04 0 42 {"key11753994426424": "value-2", "key21753994427597": "value-2"}
2025-07-31 20:40:29,851 INFO  [io.api.tes.ser.api.KafkaSerdesTester] (Thread-661) topic-256e972d_8526_4fcd_a738_e1e80604ea04 0 43 {"key11753994426424": "value-3", "key21753994427597": "value-3"}
2025-07-31 20:40:29,851 INFO  [io.api.tes.ser.api.KafkaSerdesTester] (Thread-661) topic-256e972d_8526_4fcd_a738_e1e80604ea04 0 44 {"key11753994426424": "value-4", "key21753994427597": "value-4"}
2025-07-31 20:40:29,851 INFO  [io.api.tes.ser.api.KafkaSerdesTester] (Thread-661) topic-256e972d_8526_4fcd_a738_e1e80604ea04 0 45 {"key11753994426424": "value-5", "key21753994427597": "value-5"}
2025-07-31 20:40:29,851 INFO  [io.api.tes.ser.api.KafkaSerdesTester] (Thread-661) topic-256e972d_8526_4fcd_a738_e1e80604ea04 0 46 {"key11753994426424": "value-6", "key21753994427597": "value-6"}
2025-07-31 20:40:29,851 INFO  [io.api.tes.ser.api.KafkaSerdesTester] (Thread-661) topic-256e972d_8526_4fcd_a738_e1e80604ea04 0 47 {"key11753994426424": "value-7", "key21753994427597": "value-7"}
2025-07-31 20:40:29,851 INFO  [io.api.tes.ser.api.KafkaSerdesTester] (Thread-661) topic-256e972d_8526_4fcd_a738_e1e80604ea04 0 48 {"key11753994426424": "value-8", "key21753994427597": "value-8"}
2025-07-31 20:40:29,851 INFO  [io.api.tes.ser.api.KafkaSerdesTester] (Thread-661) topic-256e972d_8526_4fcd_a738_e1e80604ea04 0 49 {"key11753994426424": "value-9", "key21753994427597": "value-9"}
2025-07-31 20:40:29,851 INFO  [io.api.tes.ser.api.KafkaSerdesTester] (Thread-661) topic-256e972d_8526_4fcd_a738_e1e80604ea04 0 50 {"key11753994426424": "value-0"}
2025-07-31 20:40:29,851 INFO  [io.api.tes.ser.api.KafkaSerdesTester] (Thread-661) topic-256e972d_8526_4fcd_a738_e1e80604ea04 0 51 {"key11753994426424": "value-1"}
2025-07-31 20:40:29,852 INFO  [io.api.tes.ser.api.KafkaSerdesTester] (Thread-661) topic-256e972d_8526_4fcd_a738_e1e80604ea04 0 52 {"key11753994426424": "value-2"}
2025-07-31 20:40:29,852 INFO  [io.api.tes.ser.api.KafkaSerdesTester] (Thread-661) topic-256e972d_8526_4fcd_a738_e1e80604ea04 0 53 {"key11753994426424": "value-3"}
2025-07-31 20:40:29,852 INFO  [io.api.tes.ser.api.KafkaSerdesTester] (Thread-661) topic-256e972d_8526_4fcd_a738_e1e80604ea04 0 54 {"key11753994426424": "value-4"}
2025-07-31 20:40:29,852 INFO  [io.api.tes.ser.api.KafkaSerdesTester] (Thread-661) topic-256e972d_8526_4fcd_a738_e1e80604ea04 0 55 {"key11753994426424": "value-5"}
2025-07-31 20:40:29,852 INFO  [io.api.tes.ser.api.KafkaSerdesTester] (Thread-661) topic-256e972d_8526_4fcd_a738_e1e80604ea04 0 56 {"key11753994426424": "value-6"}
2025-07-31 20:40:29,852 INFO  [io.api.tes.ser.api.KafkaSerdesTester] (Thread-661) topic-256e972d_8526_4fcd_a738_e1e80604ea04 0 57 {"key11753994426424": "value-7"}
2025-07-31 20:40:29,852 INFO  [io.api.tes.ser.api.KafkaSerdesTester] (Thread-661) topic-256e972d_8526_4fcd_a738_e1e80604ea04 0 58 {"key11753994426424": "value-8"}
2025-07-31 20:40:29,852 INFO  [io.api.tes.ser.api.KafkaSerdesTester] (Thread-661) topic-256e972d_8526_4fcd_a738_e1e80604ea04 0 59 {"key11753994426424": "value-9"}
2025-07-31 20:40:29,852 INFO  [io.api.tes.ser.api.KafkaSerdesTester] (Thread-661) Consumed 30 messages
2025-07-31 20:40:29,852 INFO  [org.apa.kaf.cli.pro.KafkaProducer] (main) [Producer clientId=Producer-topic-256e972d_8526_4fcd_a738_e1e80604ea04] Closing the Kafka producer with timeoutMillis = 9223372036854775807 ms.
2025-07-31 20:40:29,855 INFO  [org.apa.kaf.com.met.Metrics] (main) Metrics scheduler closed
2025-07-31 20:40:29,855 INFO  [org.apa.kaf.com.met.Metrics] (main) Closing reporter org.apache.kafka.common.metrics.JmxReporter
2025-07-31 20:40:29,855 INFO  [org.apa.kaf.com.met.Metrics] (main) Closing reporter org.apache.kafka.common.telemetry.internals.ClientTelemetryReporter
2025-07-31 20:40:29,855 INFO  [org.apa.kaf.com.met.Metrics] (main) Metrics reporters closed
2025-07-31 20:40:29,856 INFO  [org.apa.kaf.com.uti.AppInfoParser] (main) App info kafka.producer for Producer-topic-256e972d_8526_4fcd_a738_e1e80604ea04 unregistered
2025-07-31 20:40:29,859 INFO  [org.apa.kaf.cli.con.int.ConsumerRebalanceListenerInvoker] (main) [Consumer clientId=consumer-Consumer-topic-256e972d_8526_4fcd_a738_e1e80604ea04-9, groupId=Consumer-topic-256e972d_8526_4fcd_a738_e1e80604ea04] Revoke previously assigned partitions topic-256e972d_8526_4fcd_a738_e1e80604ea04-0
2025-07-31 20:40:29,859 INFO  [org.apa.kaf.cli.con.int.ConsumerCoordinator] (main) [Consumer clientId=consumer-Consumer-topic-256e972d_8526_4fcd_a738_e1e80604ea04-9, groupId=Consumer-topic-256e972d_8526_4fcd_a738_e1e80604ea04] Member consumer-Consumer-topic-256e972d_8526_4fcd_a738_e1e80604ea04-9-19df3608-2b9e-4411-aa50-3cb973e2dc59 sending LeaveGroup request to coordinator localhost:32770 (id: 2147483647 rack: null) due to the consumer is being closed
2025-07-31 20:40:29,860 INFO  [org.apa.kaf.cli.con.int.ConsumerCoordinator] (main) [Consumer clientId=consumer-Consumer-topic-256e972d_8526_4fcd_a738_e1e80604ea04-9, groupId=Consumer-topic-256e972d_8526_4fcd_a738_e1e80604ea04] Resetting generation and member id due to: consumer pro-actively leaving the group
2025-07-31 20:40:29,860 INFO  [org.apa.kaf.cli.con.int.ConsumerCoordinator] (main) [Consumer clientId=consumer-Consumer-topic-256e972d_8526_4fcd_a738_e1e80604ea04-9, groupId=Consumer-topic-256e972d_8526_4fcd_a738_e1e80604ea04] Request joining group due to: consumer pro-actively leaving the group
2025-07-31 20:40:30,354 INFO  [org.apa.kaf.com.met.Metrics] (main) Metrics scheduler closed
2025-07-31 20:40:30,354 INFO  [org.apa.kaf.com.met.Metrics] (main) Closing reporter org.apache.kafka.common.metrics.JmxReporter
2025-07-31 20:40:30,354 INFO  [org.apa.kaf.com.met.Metrics] (main) Closing reporter org.apache.kafka.common.telemetry.internals.ClientTelemetryReporter
2025-07-31 20:40:30,354 INFO  [org.apa.kaf.com.met.Metrics] (main) Metrics reporters closed
2025-07-31 20:40:30,357 INFO  [org.apa.kaf.com.uti.AppInfoParser] (main) App info kafka.consumer for consumer-Consumer-topic-256e972d_8526_4fcd_a738_e1e80604ea04-9 unregistered
2025-07-31 20:40:30,358 INFO  [io.api.tes.uti.TestSeparator] (main) io.apicurio.tests.serdes.apicurio.AvroSerdeIT.testEvolveAvroApicurioReusingClient-FINISHED
2025-07-31 20:40:30,358 INFO  [io.api.tes.uti.TestSeparator] (main) ############################################################################
Test passed: testEvolveAvroApicurioReusingClient
]]></system-out>
  </testcase>
  <testcase name="testProducerUsesDefaultConsumerUsesGlobalId" classname="io.apicurio.tests.serdes.apicurio.AvroSerdeIT" time="0.0">
    <skipped message="void io.apicurio.tests.serdes.apicurio.AvroSerdeIT.testProducerUsesDefaultConsumerUsesGlobalId() throws java.lang.Exception is @Disabled"/>
  </testcase>
  <testcase name="testEvolveAvroApicurio" classname="io.apicurio.tests.serdes.apicurio.AvroSerdeIT" time="5.312">
    <system-out><![CDATA[2025-07-31 20:40:30,362 INFO  [io.api.tes.uti.TestSeparator] (main) ############################################################################
2025-07-31 20:40:30,362 INFO  [io.api.tes.uti.TestSeparator] (main) io.apicurio.tests.serdes.apicurio.AvroSerdeIT.testEvolveAvroApicurio-STARTED
2025-07-31 20:40:30,363 INFO  [io.api.tes.ser.api.AvroSerdeIT] (main) Registering Avro Schema: {"type":"record","name":"se6f87002x7ae2x4990xb12fx4c9fc3b79737","namespace":"ns_a34a3e14_af11_41f1_940e_4cacc44054aa","fields":[{"name":"key11753994430363","type":"string"}]}
**** Registry Base URL: http://registry-app-inmemory.apps.ci419.apicurio-testing.org:80
2025-07-31 20:40:31,391 INFO  [org.apa.kaf.cli.pro.ProducerConfig] (main) ProducerConfig values: 
	acks = -1
	auto.include.jmx.reporter = true
	batch.size = 16384
	bootstrap.servers = [PLAINTEXT://localhost:32770]
	buffer.memory = 33554432
	client.dns.lookup = use_all_dns_ips
	client.id = Producer-topic-4c800678_ee6d_4465_85c2_a06f1b754548
	compression.gzip.level = -1
	compression.lz4.level = 9
	compression.type = none
	compression.zstd.level = 3
	connections.max.idle.ms = 10000
	delivery.timeout.ms = 120000
	enable.idempotence = true
	enable.metrics.push = true
	interceptor.classes = []
	key.serializer = class org.apache.kafka.common.serialization.StringSerializer
	linger.ms = 0
	max.block.ms = 60000
	max.in.flight.requests.per.connection = 5
	max.request.size = 1048576
	metadata.max.age.ms = 300000
	metadata.max.idle.ms = 300000
	metadata.recovery.strategy = none
	metric.reporters = []
	metrics.num.samples = 2
	metrics.recording.level = INFO
	metrics.sample.window.ms = 30000
	partitioner.adaptive.partitioning.enable = true
	partitioner.availability.timeout.ms = 0
	partitioner.class = null
	partitioner.ignore.keys = false
	receive.buffer.bytes = 32768
	reconnect.backoff.max.ms = 1000
	reconnect.backoff.ms = 50
	request.timeout.ms = 5000
	retries = 2147483647
	retry.backoff.max.ms = 1000
	retry.backoff.ms = 100
	sasl.client.callback.handler.class = null
	sasl.jaas.config = null
	sasl.kerberos.kinit.cmd = /usr/bin/kinit
	sasl.kerberos.min.time.before.relogin = 60000
	sasl.kerberos.service.name = null
	sasl.kerberos.ticket.renew.jitter = 0.05
	sasl.kerberos.ticket.renew.window.factor = 0.8
	sasl.login.callback.handler.class = null
	sasl.login.class = null
	sasl.login.connect.timeout.ms = null
	sasl.login.read.timeout.ms = null
	sasl.login.refresh.buffer.seconds = 300
	sasl.login.refresh.min.period.seconds = 60
	sasl.login.refresh.window.factor = 0.8
	sasl.login.refresh.window.jitter = 0.05
	sasl.login.retry.backoff.max.ms = 10000
	sasl.login.retry.backoff.ms = 100
	sasl.mechanism = GSSAPI
	sasl.oauthbearer.clock.skew.seconds = 30
	sasl.oauthbearer.expected.audience = null
	sasl.oauthbearer.expected.issuer = null
	sasl.oauthbearer.header.urlencode = false
	sasl.oauthbearer.jwks.endpoint.refresh.ms = 3600000
	sasl.oauthbearer.jwks.endpoint.retry.backoff.max.ms = 10000
	sasl.oauthbearer.jwks.endpoint.retry.backoff.ms = 100
	sasl.oauthbearer.jwks.endpoint.url = null
	sasl.oauthbearer.scope.claim.name = scope
	sasl.oauthbearer.sub.claim.name = sub
	sasl.oauthbearer.token.endpoint.url = null
	security.protocol = PLAINTEXT
	security.providers = null
	send.buffer.bytes = 131072
	socket.connection.setup.timeout.max.ms = 30000
	socket.connection.setup.timeout.ms = 10000
	ssl.cipher.suites = null
	ssl.enabled.protocols = [TLSv1.2, TLSv1.3]
	ssl.endpoint.identification.algorithm = https
	ssl.engine.factory.class = null
	ssl.key.password = null
	ssl.keymanager.algorithm = SunX509
	ssl.keystore.certificate.chain = null
	ssl.keystore.key = null
	ssl.keystore.location = null
	ssl.keystore.password = null
	ssl.keystore.type = JKS
	ssl.protocol = TLSv1.3
	ssl.provider = null
	ssl.secure.random.implementation = null
	ssl.trustmanager.algorithm = PKIX
	ssl.truststore.certificates = null
	ssl.truststore.location = null
	ssl.truststore.password = null
	ssl.truststore.type = JKS
	transaction.timeout.ms = 60000
	transactional.id = null
	value.serializer = class io.apicurio.registry.serde.avro.AvroKafkaSerializer

2025-07-31 20:40:31,391 INFO  [org.apa.kaf.com.tel.int.KafkaMetricsCollector] (main) initializing Kafka metrics collector
2025-07-31 20:40:31,395 INFO  [org.apa.kaf.cli.pro.KafkaProducer] (main) [Producer clientId=Producer-topic-4c800678_ee6d_4465_85c2_a06f1b754548] Instantiated an idempotent producer.
2025-07-31 20:40:31,398 INFO  [org.apa.kaf.cli.pro.ProducerConfig] (main) These configurations '[apicurio.registry.url, apicurio.registry.artifact-resolver-strategy]' were supplied but are not used yet.
2025-07-31 20:40:31,398 INFO  [org.apa.kaf.com.uti.AppInfoParser] (main) Kafka version: 3.9.1
2025-07-31 20:40:31,398 INFO  [org.apa.kaf.com.uti.AppInfoParser] (main) Kafka commitId: f745dfdcee2b9851
2025-07-31 20:40:31,398 INFO  [org.apa.kaf.com.uti.AppInfoParser] (main) Kafka startTimeMs: 1753994431398
**** Registry Base URL: http://registry-app-inmemory.apps.ci419.apicurio-testing.org:80
2025-07-31 20:40:31,400 INFO  [org.apa.kaf.cli.con.ConsumerConfig] (main) ConsumerConfig values: 
	allow.auto.create.topics = true
	auto.commit.interval.ms = 500
	auto.include.jmx.reporter = true
	auto.offset.reset = earliest
	bootstrap.servers = [PLAINTEXT://localhost:32770]
	check.crcs = true
	client.dns.lookup = use_all_dns_ips
	client.id = consumer-Consumer-topic-4c800678_ee6d_4465_85c2_a06f1b754548-10
	client.rack = 
	connections.max.idle.ms = 10000
	default.api.timeout.ms = 60000
	enable.auto.commit = true
	enable.metrics.push = true
	exclude.internal.topics = true
	fetch.max.bytes = 52428800
	fetch.max.wait.ms = 500
	fetch.min.bytes = 1
	group.id = Consumer-topic-4c800678_ee6d_4465_85c2_a06f1b754548
	group.instance.id = null
	group.protocol = classic
	group.remote.assignor = null
	heartbeat.interval.ms = 3000
	interceptor.classes = []
	internal.leave.group.on.close = true
	internal.throw.on.fetch.stable.offset.unsupported = false
	isolation.level = read_uncommitted
	key.deserializer = class org.apache.kafka.common.serialization.StringDeserializer
	max.partition.fetch.bytes = 1048576
	max.poll.interval.ms = 300000
	max.poll.records = 500
	metadata.max.age.ms = 300000
	metadata.recovery.strategy = none
	metric.reporters = []
	metrics.num.samples = 2
	metrics.recording.level = INFO
	metrics.sample.window.ms = 30000
	partition.assignment.strategy = [class org.apache.kafka.clients.consumer.RangeAssignor, class org.apache.kafka.clients.consumer.CooperativeStickyAssignor]
	receive.buffer.bytes = 65536
	reconnect.backoff.max.ms = 1000
	reconnect.backoff.ms = 50
	request.timeout.ms = 5000
	retry.backoff.max.ms = 1000
	retry.backoff.ms = 100
	sasl.client.callback.handler.class = null
	sasl.jaas.config = null
	sasl.kerberos.kinit.cmd = /usr/bin/kinit
	sasl.kerberos.min.time.before.relogin = 60000
	sasl.kerberos.service.name = null
	sasl.kerberos.ticket.renew.jitter = 0.05
	sasl.kerberos.ticket.renew.window.factor = 0.8
	sasl.login.callback.handler.class = null
	sasl.login.class = null
	sasl.login.connect.timeout.ms = null
	sasl.login.read.timeout.ms = null
	sasl.login.refresh.buffer.seconds = 300
	sasl.login.refresh.min.period.seconds = 60
	sasl.login.refresh.window.factor = 0.8
	sasl.login.refresh.window.jitter = 0.05
	sasl.login.retry.backoff.max.ms = 10000
	sasl.login.retry.backoff.ms = 100
	sasl.mechanism = GSSAPI
	sasl.oauthbearer.clock.skew.seconds = 30
	sasl.oauthbearer.expected.audience = null
	sasl.oauthbearer.expected.issuer = null
	sasl.oauthbearer.header.urlencode = false
	sasl.oauthbearer.jwks.endpoint.refresh.ms = 3600000
	sasl.oauthbearer.jwks.endpoint.retry.backoff.max.ms = 10000
	sasl.oauthbearer.jwks.endpoint.retry.backoff.ms = 100
	sasl.oauthbearer.jwks.endpoint.url = null
	sasl.oauthbearer.scope.claim.name = scope
	sasl.oauthbearer.sub.claim.name = sub
	sasl.oauthbearer.token.endpoint.url = null
	security.protocol = PLAINTEXT
	security.providers = null
	send.buffer.bytes = 131072
	session.timeout.ms = 45000
	socket.connection.setup.timeout.max.ms = 30000
	socket.connection.setup.timeout.ms = 10000
	ssl.cipher.suites = null
	ssl.enabled.protocols = [TLSv1.2, TLSv1.3]
	ssl.endpoint.identification.algorithm = https
	ssl.engine.factory.class = null
	ssl.key.password = null
	ssl.keymanager.algorithm = SunX509
	ssl.keystore.certificate.chain = null
	ssl.keystore.key = null
	ssl.keystore.location = null
	ssl.keystore.password = null
	ssl.keystore.type = JKS
	ssl.protocol = TLSv1.3
	ssl.provider = null
	ssl.secure.random.implementation = null
	ssl.trustmanager.algorithm = PKIX
	ssl.truststore.certificates = null
	ssl.truststore.location = null
	ssl.truststore.password = null
	ssl.truststore.type = JKS
	value.deserializer = class io.apicurio.registry.serde.avro.AvroKafkaDeserializer

2025-07-31 20:40:31,400 INFO  [org.apa.kaf.com.tel.int.KafkaMetricsCollector] (main) initializing Kafka metrics collector
2025-07-31 20:40:31,405 INFO  [org.apa.kaf.cli.Metadata] (kafka-producer-network-thread | Producer-topic-4c800678_ee6d_4465_85c2_a06f1b754548) [Producer clientId=Producer-topic-4c800678_ee6d_4465_85c2_a06f1b754548] Cluster ID: b-_w6pXwSzuW2BMgmumbNQ
2025-07-31 20:40:31,407 INFO  [org.apa.kaf.cli.pro.int.TransactionManager] (kafka-producer-network-thread | Producer-topic-4c800678_ee6d_4465_85c2_a06f1b754548) [Producer clientId=Producer-topic-4c800678_ee6d_4465_85c2_a06f1b754548] ProducerId set to 12 with epoch 0
2025-07-31 20:40:31,409 INFO  [org.apa.kaf.cli.con.ConsumerConfig] (main) These configurations '[apicurio.registry.url]' were supplied but are not used yet.
2025-07-31 20:40:31,409 INFO  [org.apa.kaf.com.uti.AppInfoParser] (main) Kafka version: 3.9.1
2025-07-31 20:40:31,409 INFO  [org.apa.kaf.com.uti.AppInfoParser] (main) Kafka commitId: f745dfdcee2b9851
2025-07-31 20:40:31,409 INFO  [org.apa.kaf.com.uti.AppInfoParser] (main) Kafka startTimeMs: 1753994431409
2025-07-31 20:40:31,409 INFO  [io.api.tes.ser.api.KafkaSerdesTester] (Thread-666) Sending message {"key11753994430363": "value-0"} to topic topic-4c800678_ee6d_4465_85c2_a06f1b754548
2025-07-31 20:40:31,413 INFO  [DefaultSchemaResolver] (Thread-666) Retrieving schema content using string: {"type":"record","name":"se6f87002x7ae2x4990xb12fx4c9fc3b79737","namespace":"ns_a34a3e14_af11_41f1_940e_4cacc44054aa","fields":[{"name":"key11753994430363","type":"string"}]}
2025-07-31 20:40:31,433 INFO  [io.api.tes.ser.api.KafkaSerdesTester] (Thread-666) Sending message {"key11753994430363": "value-1"} to topic topic-4c800678_ee6d_4465_85c2_a06f1b754548
2025-07-31 20:40:31,435 INFO  [io.api.tes.ser.api.KafkaSerdesTester] (Thread-666) Sending message {"key11753994430363": "value-2"} to topic topic-4c800678_ee6d_4465_85c2_a06f1b754548
2025-07-31 20:40:31,436 INFO  [io.api.tes.ser.api.KafkaSerdesTester] (Thread-666) Sending message {"key11753994430363": "value-3"} to topic topic-4c800678_ee6d_4465_85c2_a06f1b754548
2025-07-31 20:40:31,437 INFO  [io.api.tes.ser.api.KafkaSerdesTester] (Thread-666) Sending message {"key11753994430363": "value-4"} to topic topic-4c800678_ee6d_4465_85c2_a06f1b754548
2025-07-31 20:40:31,439 INFO  [io.api.tes.ser.api.KafkaSerdesTester] (Thread-666) Sending message {"key11753994430363": "value-5"} to topic topic-4c800678_ee6d_4465_85c2_a06f1b754548
2025-07-31 20:40:31,440 INFO  [io.api.tes.ser.api.KafkaSerdesTester] (Thread-666) Sending message {"key11753994430363": "value-6"} to topic topic-4c800678_ee6d_4465_85c2_a06f1b754548
2025-07-31 20:40:31,441 INFO  [io.api.tes.ser.api.KafkaSerdesTester] (Thread-666) Sending message {"key11753994430363": "value-7"} to topic topic-4c800678_ee6d_4465_85c2_a06f1b754548
2025-07-31 20:40:31,442 INFO  [io.api.tes.ser.api.KafkaSerdesTester] (Thread-666) Sending message {"key11753994430363": "value-8"} to topic topic-4c800678_ee6d_4465_85c2_a06f1b754548
2025-07-31 20:40:31,445 INFO  [io.api.tes.ser.api.KafkaSerdesTester] (Thread-666) Sending message {"key11753994430363": "value-9"} to topic topic-4c800678_ee6d_4465_85c2_a06f1b754548
2025-07-31 20:40:31,446 INFO  [io.api.tes.ser.api.KafkaSerdesTester] (Thread-666) Produced 10 messages
2025-07-31 20:40:31,447 INFO  [org.apa.kaf.cli.pro.KafkaProducer] (Thread-666) [Producer clientId=Producer-topic-4c800678_ee6d_4465_85c2_a06f1b754548] Closing the Kafka producer with timeoutMillis = 9223372036854775807 ms.
2025-07-31 20:40:31,448 INFO  [org.apa.kaf.com.met.Metrics] (Thread-666) Metrics scheduler closed
2025-07-31 20:40:31,448 INFO  [org.apa.kaf.com.met.Metrics] (Thread-666) Closing reporter org.apache.kafka.common.metrics.JmxReporter
2025-07-31 20:40:31,448 INFO  [org.apa.kaf.com.met.Metrics] (Thread-666) Closing reporter org.apache.kafka.common.telemetry.internals.ClientTelemetryReporter
2025-07-31 20:40:31,448 INFO  [org.apa.kaf.com.met.Metrics] (Thread-666) Metrics reporters closed
2025-07-31 20:40:31,449 INFO  [org.apa.kaf.com.uti.AppInfoParser] (Thread-666) App info kafka.producer for Producer-topic-4c800678_ee6d_4465_85c2_a06f1b754548 unregistered
2025-07-31 20:40:31,450 INFO  [org.apa.kaf.cli.con.int.ClassicKafkaConsumer] (Thread-667) [Consumer clientId=consumer-Consumer-topic-4c800678_ee6d_4465_85c2_a06f1b754548-10, groupId=Consumer-topic-4c800678_ee6d_4465_85c2_a06f1b754548] Subscribed to topic(s): topic-4c800678_ee6d_4465_85c2_a06f1b754548
2025-07-31 20:40:31,458 INFO  [org.apa.kaf.cli.Metadata] (Thread-667) [Consumer clientId=consumer-Consumer-topic-4c800678_ee6d_4465_85c2_a06f1b754548-10, groupId=Consumer-topic-4c800678_ee6d_4465_85c2_a06f1b754548] Cluster ID: b-_w6pXwSzuW2BMgmumbNQ
2025-07-31 20:40:31,459 INFO  [org.apa.kaf.cli.con.int.ConsumerCoordinator] (Thread-667) [Consumer clientId=consumer-Consumer-topic-4c800678_ee6d_4465_85c2_a06f1b754548-10, groupId=Consumer-topic-4c800678_ee6d_4465_85c2_a06f1b754548] Discovered group coordinator localhost:32770 (id: 2147483647 rack: null)
2025-07-31 20:40:31,461 INFO  [org.apa.kaf.cli.con.int.ConsumerCoordinator] (Thread-667) [Consumer clientId=consumer-Consumer-topic-4c800678_ee6d_4465_85c2_a06f1b754548-10, groupId=Consumer-topic-4c800678_ee6d_4465_85c2_a06f1b754548] (Re-)joining group
2025-07-31 20:40:31,464 INFO  [org.apa.kaf.cli.con.int.ConsumerCoordinator] (Thread-667) [Consumer clientId=consumer-Consumer-topic-4c800678_ee6d_4465_85c2_a06f1b754548-10, groupId=Consumer-topic-4c800678_ee6d_4465_85c2_a06f1b754548] Request joining group due to: need to re-join with the given member-id: consumer-Consumer-topic-4c800678_ee6d_4465_85c2_a06f1b754548-10-f333ac65-581c-447f-872c-7787de1f27c3
2025-07-31 20:40:31,465 INFO  [org.apa.kaf.cli.con.int.ConsumerCoordinator] (Thread-667) [Consumer clientId=consumer-Consumer-topic-4c800678_ee6d_4465_85c2_a06f1b754548-10, groupId=Consumer-topic-4c800678_ee6d_4465_85c2_a06f1b754548] (Re-)joining group
2025-07-31 20:40:31,468 INFO  [org.apa.kaf.cli.con.int.ConsumerCoordinator] (Thread-667) [Consumer clientId=consumer-Consumer-topic-4c800678_ee6d_4465_85c2_a06f1b754548-10, groupId=Consumer-topic-4c800678_ee6d_4465_85c2_a06f1b754548] Successfully joined group with generation Generation{generationId=1, memberId='consumer-Consumer-topic-4c800678_ee6d_4465_85c2_a06f1b754548-10-f333ac65-581c-447f-872c-7787de1f27c3', protocol='range'}
2025-07-31 20:40:31,468 INFO  [org.apa.kaf.cli.con.int.ConsumerCoordinator] (Thread-667) [Consumer clientId=consumer-Consumer-topic-4c800678_ee6d_4465_85c2_a06f1b754548-10, groupId=Consumer-topic-4c800678_ee6d_4465_85c2_a06f1b754548] Finished assignment for group at generation 1: {consumer-Consumer-topic-4c800678_ee6d_4465_85c2_a06f1b754548-10-f333ac65-581c-447f-872c-7787de1f27c3=Assignment(partitions=[topic-4c800678_ee6d_4465_85c2_a06f1b754548-0])}
2025-07-31 20:40:31,478 INFO  [org.apa.kaf.cli.con.int.ConsumerCoordinator] (Thread-667) [Consumer clientId=consumer-Consumer-topic-4c800678_ee6d_4465_85c2_a06f1b754548-10, groupId=Consumer-topic-4c800678_ee6d_4465_85c2_a06f1b754548] Successfully synced group in generation Generation{generationId=1, memberId='consumer-Consumer-topic-4c800678_ee6d_4465_85c2_a06f1b754548-10-f333ac65-581c-447f-872c-7787de1f27c3', protocol='range'}
2025-07-31 20:40:31,478 INFO  [org.apa.kaf.cli.con.int.ConsumerCoordinator] (Thread-667) [Consumer clientId=consumer-Consumer-topic-4c800678_ee6d_4465_85c2_a06f1b754548-10, groupId=Consumer-topic-4c800678_ee6d_4465_85c2_a06f1b754548] Notifying assignor about the new Assignment(partitions=[topic-4c800678_ee6d_4465_85c2_a06f1b754548-0])
2025-07-31 20:40:31,478 INFO  [org.apa.kaf.cli.con.int.ConsumerRebalanceListenerInvoker] (Thread-667) [Consumer clientId=consumer-Consumer-topic-4c800678_ee6d_4465_85c2_a06f1b754548-10, groupId=Consumer-topic-4c800678_ee6d_4465_85c2_a06f1b754548] Adding newly assigned partitions: topic-4c800678_ee6d_4465_85c2_a06f1b754548-0
2025-07-31 20:40:31,481 INFO  [org.apa.kaf.cli.con.int.ConsumerCoordinator] (Thread-667) [Consumer clientId=consumer-Consumer-topic-4c800678_ee6d_4465_85c2_a06f1b754548-10, groupId=Consumer-topic-4c800678_ee6d_4465_85c2_a06f1b754548] Found no committed offset for partition topic-4c800678_ee6d_4465_85c2_a06f1b754548-0
2025-07-31 20:40:31,487 INFO  [org.apa.kaf.cli.con.int.SubscriptionState] (Thread-667) [Consumer clientId=consumer-Consumer-topic-4c800678_ee6d_4465_85c2_a06f1b754548-10, groupId=Consumer-topic-4c800678_ee6d_4465_85c2_a06f1b754548] Resetting offset for partition topic-4c800678_ee6d_4465_85c2_a06f1b754548-0 to position FetchPosition{offset=0, offsetEpoch=Optional.empty, currentLeader=LeaderAndEpoch{leader=Optional[localhost:32770 (id: 0 rack: null)], epoch=0}}.
2025-07-31 20:40:31,516 INFO  [io.api.tes.ser.api.KafkaSerdesTester] (Thread-667) topic-4c800678_ee6d_4465_85c2_a06f1b754548 0 0 {"key11753994430363": "value-0"}
2025-07-31 20:40:31,516 INFO  [io.api.tes.ser.api.KafkaSerdesTester] (Thread-667) topic-4c800678_ee6d_4465_85c2_a06f1b754548 0 1 {"key11753994430363": "value-1"}
2025-07-31 20:40:31,516 INFO  [io.api.tes.ser.api.KafkaSerdesTester] (Thread-667) topic-4c800678_ee6d_4465_85c2_a06f1b754548 0 2 {"key11753994430363": "value-2"}
2025-07-31 20:40:31,516 INFO  [io.api.tes.ser.api.KafkaSerdesTester] (Thread-667) topic-4c800678_ee6d_4465_85c2_a06f1b754548 0 3 {"key11753994430363": "value-3"}
2025-07-31 20:40:31,516 INFO  [io.api.tes.ser.api.KafkaSerdesTester] (Thread-667) topic-4c800678_ee6d_4465_85c2_a06f1b754548 0 4 {"key11753994430363": "value-4"}
2025-07-31 20:40:31,516 INFO  [io.api.tes.ser.api.KafkaSerdesTester] (Thread-667) topic-4c800678_ee6d_4465_85c2_a06f1b754548 0 5 {"key11753994430363": "value-5"}
2025-07-31 20:40:31,516 INFO  [io.api.tes.ser.api.KafkaSerdesTester] (Thread-667) topic-4c800678_ee6d_4465_85c2_a06f1b754548 0 6 {"key11753994430363": "value-6"}
2025-07-31 20:40:31,516 INFO  [io.api.tes.ser.api.KafkaSerdesTester] (Thread-667) topic-4c800678_ee6d_4465_85c2_a06f1b754548 0 7 {"key11753994430363": "value-7"}
2025-07-31 20:40:31,516 INFO  [io.api.tes.ser.api.KafkaSerdesTester] (Thread-667) topic-4c800678_ee6d_4465_85c2_a06f1b754548 0 8 {"key11753994430363": "value-8"}
2025-07-31 20:40:31,516 INFO  [io.api.tes.ser.api.KafkaSerdesTester] (Thread-667) topic-4c800678_ee6d_4465_85c2_a06f1b754548 0 9 {"key11753994430363": "value-9"}
2025-07-31 20:40:31,516 INFO  [io.api.tes.ser.api.KafkaSerdesTester] (Thread-667) Consumed 10 messages
2025-07-31 20:40:31,519 INFO  [org.apa.kaf.cli.con.int.ConsumerRebalanceListenerInvoker] (Thread-667) [Consumer clientId=consumer-Consumer-topic-4c800678_ee6d_4465_85c2_a06f1b754548-10, groupId=Consumer-topic-4c800678_ee6d_4465_85c2_a06f1b754548] Revoke previously assigned partitions topic-4c800678_ee6d_4465_85c2_a06f1b754548-0
2025-07-31 20:40:31,519 INFO  [org.apa.kaf.cli.con.int.ConsumerCoordinator] (Thread-667) [Consumer clientId=consumer-Consumer-topic-4c800678_ee6d_4465_85c2_a06f1b754548-10, groupId=Consumer-topic-4c800678_ee6d_4465_85c2_a06f1b754548] Member consumer-Consumer-topic-4c800678_ee6d_4465_85c2_a06f1b754548-10-f333ac65-581c-447f-872c-7787de1f27c3 sending LeaveGroup request to coordinator localhost:32770 (id: 2147483647 rack: null) due to the consumer is being closed
2025-07-31 20:40:31,519 INFO  [org.apa.kaf.cli.con.int.ConsumerCoordinator] (Thread-667) [Consumer clientId=consumer-Consumer-topic-4c800678_ee6d_4465_85c2_a06f1b754548-10, groupId=Consumer-topic-4c800678_ee6d_4465_85c2_a06f1b754548] Resetting generation and member id due to: consumer pro-actively leaving the group
2025-07-31 20:40:31,519 INFO  [org.apa.kaf.cli.con.int.ConsumerCoordinator] (Thread-667) [Consumer clientId=consumer-Consumer-topic-4c800678_ee6d_4465_85c2_a06f1b754548-10, groupId=Consumer-topic-4c800678_ee6d_4465_85c2_a06f1b754548] Request joining group due to: consumer pro-actively leaving the group
2025-07-31 20:40:32,020 INFO  [org.apa.kaf.com.met.Metrics] (Thread-667) Metrics scheduler closed
2025-07-31 20:40:32,020 INFO  [org.apa.kaf.com.met.Metrics] (Thread-667) Closing reporter org.apache.kafka.common.metrics.JmxReporter
2025-07-31 20:40:32,020 INFO  [org.apa.kaf.com.met.Metrics] (Thread-667) Closing reporter org.apache.kafka.common.telemetry.internals.ClientTelemetryReporter
2025-07-31 20:40:32,020 INFO  [org.apa.kaf.com.met.Metrics] (Thread-667) Metrics reporters closed
2025-07-31 20:40:32,023 INFO  [org.apa.kaf.com.uti.AppInfoParser] (Thread-667) App info kafka.consumer for consumer-Consumer-topic-4c800678_ee6d_4465_85c2_a06f1b754548-10 unregistered
2025-07-31 20:40:32,023 INFO  [io.api.tes.ser.api.AvroSerdeIT] (main) Registering Avro Schema 2: {"type":"record","name":"se6f87002x7ae2x4990xb12fx4c9fc3b79737","namespace":"ns_a34a3e14_af11_41f1_940e_4cacc44054aa","fields":[{"name":"key11753994430363","type":"string"},{"name":"key21753994432023","type":"string"}]}
**** Registry Base URL: http://registry-app-inmemory.apps.ci419.apicurio-testing.org:80
2025-07-31 20:40:33,062 INFO  [org.apa.kaf.cli.pro.ProducerConfig] (main) ProducerConfig values: 
	acks = -1
	auto.include.jmx.reporter = true
	batch.size = 16384
	bootstrap.servers = [PLAINTEXT://localhost:32770]
	buffer.memory = 33554432
	client.dns.lookup = use_all_dns_ips
	client.id = Producer-topic-4c800678_ee6d_4465_85c2_a06f1b754548
	compression.gzip.level = -1
	compression.lz4.level = 9
	compression.type = none
	compression.zstd.level = 3
	connections.max.idle.ms = 10000
	delivery.timeout.ms = 120000
	enable.idempotence = true
	enable.metrics.push = true
	interceptor.classes = []
	key.serializer = class org.apache.kafka.common.serialization.StringSerializer
	linger.ms = 0
	max.block.ms = 60000
	max.in.flight.requests.per.connection = 5
	max.request.size = 1048576
	metadata.max.age.ms = 300000
	metadata.max.idle.ms = 300000
	metadata.recovery.strategy = none
	metric.reporters = []
	metrics.num.samples = 2
	metrics.recording.level = INFO
	metrics.sample.window.ms = 30000
	partitioner.adaptive.partitioning.enable = true
	partitioner.availability.timeout.ms = 0
	partitioner.class = null
	partitioner.ignore.keys = false
	receive.buffer.bytes = 32768
	reconnect.backoff.max.ms = 1000
	reconnect.backoff.ms = 50
	request.timeout.ms = 5000
	retries = 2147483647
	retry.backoff.max.ms = 1000
	retry.backoff.ms = 100
	sasl.client.callback.handler.class = null
	sasl.jaas.config = null
	sasl.kerberos.kinit.cmd = /usr/bin/kinit
	sasl.kerberos.min.time.before.relogin = 60000
	sasl.kerberos.service.name = null
	sasl.kerberos.ticket.renew.jitter = 0.05
	sasl.kerberos.ticket.renew.window.factor = 0.8
	sasl.login.callback.handler.class = null
	sasl.login.class = null
	sasl.login.connect.timeout.ms = null
	sasl.login.read.timeout.ms = null
	sasl.login.refresh.buffer.seconds = 300
	sasl.login.refresh.min.period.seconds = 60
	sasl.login.refresh.window.factor = 0.8
	sasl.login.refresh.window.jitter = 0.05
	sasl.login.retry.backoff.max.ms = 10000
	sasl.login.retry.backoff.ms = 100
	sasl.mechanism = GSSAPI
	sasl.oauthbearer.clock.skew.seconds = 30
	sasl.oauthbearer.expected.audience = null
	sasl.oauthbearer.expected.issuer = null
	sasl.oauthbearer.header.urlencode = false
	sasl.oauthbearer.jwks.endpoint.refresh.ms = 3600000
	sasl.oauthbearer.jwks.endpoint.retry.backoff.max.ms = 10000
	sasl.oauthbearer.jwks.endpoint.retry.backoff.ms = 100
	sasl.oauthbearer.jwks.endpoint.url = null
	sasl.oauthbearer.scope.claim.name = scope
	sasl.oauthbearer.sub.claim.name = sub
	sasl.oauthbearer.token.endpoint.url = null
	security.protocol = PLAINTEXT
	security.providers = null
	send.buffer.bytes = 131072
	socket.connection.setup.timeout.max.ms = 30000
	socket.connection.setup.timeout.ms = 10000
	ssl.cipher.suites = null
	ssl.enabled.protocols = [TLSv1.2, TLSv1.3]
	ssl.endpoint.identification.algorithm = https
	ssl.engine.factory.class = null
	ssl.key.password = null
	ssl.keymanager.algorithm = SunX509
	ssl.keystore.certificate.chain = null
	ssl.keystore.key = null
	ssl.keystore.location = null
	ssl.keystore.password = null
	ssl.keystore.type = JKS
	ssl.protocol = TLSv1.3
	ssl.provider = null
	ssl.secure.random.implementation = null
	ssl.trustmanager.algorithm = PKIX
	ssl.truststore.certificates = null
	ssl.truststore.location = null
	ssl.truststore.password = null
	ssl.truststore.type = JKS
	transaction.timeout.ms = 60000
	transactional.id = null
	value.serializer = class io.apicurio.registry.serde.avro.AvroKafkaSerializer

2025-07-31 20:40:33,062 INFO  [org.apa.kaf.com.tel.int.KafkaMetricsCollector] (main) initializing Kafka metrics collector
2025-07-31 20:40:33,066 INFO  [org.apa.kaf.cli.pro.KafkaProducer] (main) [Producer clientId=Producer-topic-4c800678_ee6d_4465_85c2_a06f1b754548] Instantiated an idempotent producer.
2025-07-31 20:40:33,068 INFO  [org.apa.kaf.cli.pro.ProducerConfig] (main) These configurations '[apicurio.registry.url, apicurio.registry.artifact-resolver-strategy]' were supplied but are not used yet.
2025-07-31 20:40:33,068 INFO  [org.apa.kaf.com.uti.AppInfoParser] (main) Kafka version: 3.9.1
2025-07-31 20:40:33,068 INFO  [org.apa.kaf.com.uti.AppInfoParser] (main) Kafka commitId: f745dfdcee2b9851
2025-07-31 20:40:33,068 INFO  [org.apa.kaf.com.uti.AppInfoParser] (main) Kafka startTimeMs: 1753994433068
2025-07-31 20:40:33,071 INFO  [io.api.tes.ser.api.KafkaSerdesTester] (Thread-670) Sending message {"key11753994430363": "value-0", "key21753994432023": "value-0"} to topic topic-4c800678_ee6d_4465_85c2_a06f1b754548
2025-07-31 20:40:33,074 INFO  [org.apa.kaf.cli.Metadata] (kafka-producer-network-thread | Producer-topic-4c800678_ee6d_4465_85c2_a06f1b754548) [Producer clientId=Producer-topic-4c800678_ee6d_4465_85c2_a06f1b754548] Cluster ID: b-_w6pXwSzuW2BMgmumbNQ
2025-07-31 20:40:33,075 INFO  [DefaultSchemaResolver] (Thread-670) Retrieving schema content using string: {"type":"record","name":"se6f87002x7ae2x4990xb12fx4c9fc3b79737","namespace":"ns_a34a3e14_af11_41f1_940e_4cacc44054aa","fields":[{"name":"key11753994430363","type":"string"},{"name":"key21753994432023","type":"string"}]}
2025-07-31 20:40:33,076 INFO  [org.apa.kaf.cli.pro.int.TransactionManager] (kafka-producer-network-thread | Producer-topic-4c800678_ee6d_4465_85c2_a06f1b754548) [Producer clientId=Producer-topic-4c800678_ee6d_4465_85c2_a06f1b754548] ProducerId set to 13 with epoch 0
2025-07-31 20:40:33,098 INFO  [io.api.tes.ser.api.KafkaSerdesTester] (Thread-670) Sending message {"key11753994430363": "value-1", "key21753994432023": "value-1"} to topic topic-4c800678_ee6d_4465_85c2_a06f1b754548
2025-07-31 20:40:33,100 INFO  [io.api.tes.ser.api.KafkaSerdesTester] (Thread-670) Sending message {"key11753994430363": "value-2", "key21753994432023": "value-2"} to topic topic-4c800678_ee6d_4465_85c2_a06f1b754548
2025-07-31 20:40:33,102 INFO  [io.api.tes.ser.api.KafkaSerdesTester] (Thread-670) Sending message {"key11753994430363": "value-3", "key21753994432023": "value-3"} to topic topic-4c800678_ee6d_4465_85c2_a06f1b754548
2025-07-31 20:40:33,104 INFO  [io.api.tes.ser.api.KafkaSerdesTester] (Thread-670) Sending message {"key11753994430363": "value-4", "key21753994432023": "value-4"} to topic topic-4c800678_ee6d_4465_85c2_a06f1b754548
2025-07-31 20:40:33,105 INFO  [io.api.tes.ser.api.KafkaSerdesTester] (Thread-670) Sending message {"key11753994430363": "value-5", "key21753994432023": "value-5"} to topic topic-4c800678_ee6d_4465_85c2_a06f1b754548
2025-07-31 20:40:33,107 INFO  [io.api.tes.ser.api.KafkaSerdesTester] (Thread-670) Sending message {"key11753994430363": "value-6", "key21753994432023": "value-6"} to topic topic-4c800678_ee6d_4465_85c2_a06f1b754548
2025-07-31 20:40:33,110 INFO  [io.api.tes.ser.api.KafkaSerdesTester] (Thread-670) Sending message {"key11753994430363": "value-7", "key21753994432023": "value-7"} to topic topic-4c800678_ee6d_4465_85c2_a06f1b754548
2025-07-31 20:40:33,112 INFO  [io.api.tes.ser.api.KafkaSerdesTester] (Thread-670) Sending message {"key11753994430363": "value-8", "key21753994432023": "value-8"} to topic topic-4c800678_ee6d_4465_85c2_a06f1b754548
2025-07-31 20:40:33,114 INFO  [io.api.tes.ser.api.KafkaSerdesTester] (Thread-670) Sending message {"key11753994430363": "value-9", "key21753994432023": "value-9"} to topic topic-4c800678_ee6d_4465_85c2_a06f1b754548
2025-07-31 20:40:33,116 INFO  [io.api.tes.ser.api.KafkaSerdesTester] (Thread-670) Produced 10 messages
2025-07-31 20:40:33,116 INFO  [org.apa.kaf.cli.pro.KafkaProducer] (Thread-670) [Producer clientId=Producer-topic-4c800678_ee6d_4465_85c2_a06f1b754548] Closing the Kafka producer with timeoutMillis = 9223372036854775807 ms.
2025-07-31 20:40:33,119 INFO  [org.apa.kaf.com.met.Metrics] (Thread-670) Metrics scheduler closed
2025-07-31 20:40:33,119 INFO  [org.apa.kaf.com.met.Metrics] (Thread-670) Closing reporter org.apache.kafka.common.metrics.JmxReporter
2025-07-31 20:40:33,119 INFO  [org.apa.kaf.com.met.Metrics] (Thread-670) Closing reporter org.apache.kafka.common.telemetry.internals.ClientTelemetryReporter
2025-07-31 20:40:33,119 INFO  [org.apa.kaf.com.met.Metrics] (Thread-670) Metrics reporters closed
2025-07-31 20:40:33,120 INFO  [org.apa.kaf.com.uti.AppInfoParser] (Thread-670) App info kafka.producer for Producer-topic-4c800678_ee6d_4465_85c2_a06f1b754548 unregistered
**** Registry Base URL: http://registry-app-inmemory.apps.ci419.apicurio-testing.org:80
2025-07-31 20:40:33,120 INFO  [org.apa.kaf.cli.pro.ProducerConfig] (main) ProducerConfig values: 
	acks = -1
	auto.include.jmx.reporter = true
	batch.size = 16384
	bootstrap.servers = [PLAINTEXT://localhost:32770]
	buffer.memory = 33554432
	client.dns.lookup = use_all_dns_ips
	client.id = Producer-topic-4c800678_ee6d_4465_85c2_a06f1b754548
	compression.gzip.level = -1
	compression.lz4.level = 9
	compression.type = none
	compression.zstd.level = 3
	connections.max.idle.ms = 10000
	delivery.timeout.ms = 120000
	enable.idempotence = true
	enable.metrics.push = true
	interceptor.classes = []
	key.serializer = class org.apache.kafka.common.serialization.StringSerializer
	linger.ms = 0
	max.block.ms = 60000
	max.in.flight.requests.per.connection = 5
	max.request.size = 1048576
	metadata.max.age.ms = 300000
	metadata.max.idle.ms = 300000
	metadata.recovery.strategy = none
	metric.reporters = []
	metrics.num.samples = 2
	metrics.recording.level = INFO
	metrics.sample.window.ms = 30000
	partitioner.adaptive.partitioning.enable = true
	partitioner.availability.timeout.ms = 0
	partitioner.class = null
	partitioner.ignore.keys = false
	receive.buffer.bytes = 32768
	reconnect.backoff.max.ms = 1000
	reconnect.backoff.ms = 50
	request.timeout.ms = 5000
	retries = 2147483647
	retry.backoff.max.ms = 1000
	retry.backoff.ms = 100
	sasl.client.callback.handler.class = null
	sasl.jaas.config = null
	sasl.kerberos.kinit.cmd = /usr/bin/kinit
	sasl.kerberos.min.time.before.relogin = 60000
	sasl.kerberos.service.name = null
	sasl.kerberos.ticket.renew.jitter = 0.05
	sasl.kerberos.ticket.renew.window.factor = 0.8
	sasl.login.callback.handler.class = null
	sasl.login.class = null
	sasl.login.connect.timeout.ms = null
	sasl.login.read.timeout.ms = null
	sasl.login.refresh.buffer.seconds = 300
	sasl.login.refresh.min.period.seconds = 60
	sasl.login.refresh.window.factor = 0.8
	sasl.login.refresh.window.jitter = 0.05
	sasl.login.retry.backoff.max.ms = 10000
	sasl.login.retry.backoff.ms = 100
	sasl.mechanism = GSSAPI
	sasl.oauthbearer.clock.skew.seconds = 30
	sasl.oauthbearer.expected.audience = null
	sasl.oauthbearer.expected.issuer = null
	sasl.oauthbearer.header.urlencode = false
	sasl.oauthbearer.jwks.endpoint.refresh.ms = 3600000
	sasl.oauthbearer.jwks.endpoint.retry.backoff.max.ms = 10000
	sasl.oauthbearer.jwks.endpoint.retry.backoff.ms = 100
	sasl.oauthbearer.jwks.endpoint.url = null
	sasl.oauthbearer.scope.claim.name = scope
	sasl.oauthbearer.sub.claim.name = sub
	sasl.oauthbearer.token.endpoint.url = null
	security.protocol = PLAINTEXT
	security.providers = null
	send.buffer.bytes = 131072
	socket.connection.setup.timeout.max.ms = 30000
	socket.connection.setup.timeout.ms = 10000
	ssl.cipher.suites = null
	ssl.enabled.protocols = [TLSv1.2, TLSv1.3]
	ssl.endpoint.identification.algorithm = https
	ssl.engine.factory.class = null
	ssl.key.password = null
	ssl.keymanager.algorithm = SunX509
	ssl.keystore.certificate.chain = null
	ssl.keystore.key = null
	ssl.keystore.location = null
	ssl.keystore.password = null
	ssl.keystore.type = JKS
	ssl.protocol = TLSv1.3
	ssl.provider = null
	ssl.secure.random.implementation = null
	ssl.trustmanager.algorithm = PKIX
	ssl.truststore.certificates = null
	ssl.truststore.location = null
	ssl.truststore.password = null
	ssl.truststore.type = JKS
	transaction.timeout.ms = 60000
	transactional.id = null
	value.serializer = class io.apicurio.registry.serde.avro.AvroKafkaSerializer

2025-07-31 20:40:33,121 INFO  [org.apa.kaf.com.tel.int.KafkaMetricsCollector] (main) initializing Kafka metrics collector
2025-07-31 20:40:33,127 INFO  [org.apa.kaf.cli.pro.KafkaProducer] (main) [Producer clientId=Producer-topic-4c800678_ee6d_4465_85c2_a06f1b754548] Instantiated an idempotent producer.
2025-07-31 20:40:33,130 INFO  [org.apa.kaf.cli.pro.ProducerConfig] (main) These configurations '[apicurio.registry.url, apicurio.registry.artifact-resolver-strategy]' were supplied but are not used yet.
2025-07-31 20:40:33,130 INFO  [org.apa.kaf.com.uti.AppInfoParser] (main) Kafka version: 3.9.1
2025-07-31 20:40:33,130 INFO  [org.apa.kaf.com.uti.AppInfoParser] (main) Kafka commitId: f745dfdcee2b9851
2025-07-31 20:40:33,130 INFO  [org.apa.kaf.com.uti.AppInfoParser] (main) Kafka startTimeMs: 1753994433130
2025-07-31 20:40:33,131 INFO  [io.api.tes.ser.api.KafkaSerdesTester] (Thread-673) Sending message {"key11753994430363": "value-0"} to topic topic-4c800678_ee6d_4465_85c2_a06f1b754548
2025-07-31 20:40:33,137 INFO  [org.apa.kaf.cli.Metadata] (kafka-producer-network-thread | Producer-topic-4c800678_ee6d_4465_85c2_a06f1b754548) [Producer clientId=Producer-topic-4c800678_ee6d_4465_85c2_a06f1b754548] Cluster ID: b-_w6pXwSzuW2BMgmumbNQ
2025-07-31 20:40:33,137 INFO  [org.apa.kaf.cli.pro.int.TransactionManager] (kafka-producer-network-thread | Producer-topic-4c800678_ee6d_4465_85c2_a06f1b754548) [Producer clientId=Producer-topic-4c800678_ee6d_4465_85c2_a06f1b754548] ProducerId set to 14 with epoch 0
2025-07-31 20:40:33,137 INFO  [DefaultSchemaResolver] (Thread-673) Retrieving schema content using string: {"type":"record","name":"se6f87002x7ae2x4990xb12fx4c9fc3b79737","namespace":"ns_a34a3e14_af11_41f1_940e_4cacc44054aa","fields":[{"name":"key11753994430363","type":"string"}]}
2025-07-31 20:40:33,162 INFO  [io.api.tes.ser.api.KafkaSerdesTester] (Thread-673) Sending message {"key11753994430363": "value-1"} to topic topic-4c800678_ee6d_4465_85c2_a06f1b754548
2025-07-31 20:40:33,164 INFO  [io.api.tes.ser.api.KafkaSerdesTester] (Thread-673) Sending message {"key11753994430363": "value-2"} to topic topic-4c800678_ee6d_4465_85c2_a06f1b754548
2025-07-31 20:40:33,166 INFO  [io.api.tes.ser.api.KafkaSerdesTester] (Thread-673) Sending message {"key11753994430363": "value-3"} to topic topic-4c800678_ee6d_4465_85c2_a06f1b754548
2025-07-31 20:40:33,167 INFO  [io.api.tes.ser.api.KafkaSerdesTester] (Thread-673) Sending message {"key11753994430363": "value-4"} to topic topic-4c800678_ee6d_4465_85c2_a06f1b754548
2025-07-31 20:40:33,169 INFO  [io.api.tes.ser.api.KafkaSerdesTester] (Thread-673) Sending message {"key11753994430363": "value-5"} to topic topic-4c800678_ee6d_4465_85c2_a06f1b754548
2025-07-31 20:40:33,170 INFO  [io.api.tes.ser.api.KafkaSerdesTester] (Thread-673) Sending message {"key11753994430363": "value-6"} to topic topic-4c800678_ee6d_4465_85c2_a06f1b754548
2025-07-31 20:40:33,171 INFO  [io.api.tes.ser.api.KafkaSerdesTester] (Thread-673) Sending message {"key11753994430363": "value-7"} to topic topic-4c800678_ee6d_4465_85c2_a06f1b754548
2025-07-31 20:40:33,172 INFO  [io.api.tes.ser.api.KafkaSerdesTester] (Thread-673) Sending message {"key11753994430363": "value-8"} to topic topic-4c800678_ee6d_4465_85c2_a06f1b754548
2025-07-31 20:40:33,174 INFO  [io.api.tes.ser.api.KafkaSerdesTester] (Thread-673) Sending message {"key11753994430363": "value-9"} to topic topic-4c800678_ee6d_4465_85c2_a06f1b754548
2025-07-31 20:40:33,175 INFO  [io.api.tes.ser.api.KafkaSerdesTester] (Thread-673) Produced 10 messages
2025-07-31 20:40:33,176 INFO  [org.apa.kaf.cli.pro.KafkaProducer] (Thread-673) [Producer clientId=Producer-topic-4c800678_ee6d_4465_85c2_a06f1b754548] Closing the Kafka producer with timeoutMillis = 9223372036854775807 ms.
2025-07-31 20:40:33,178 INFO  [org.apa.kaf.com.met.Metrics] (Thread-673) Metrics scheduler closed
2025-07-31 20:40:33,178 INFO  [org.apa.kaf.com.met.Metrics] (Thread-673) Closing reporter org.apache.kafka.common.metrics.JmxReporter
2025-07-31 20:40:33,178 INFO  [org.apa.kaf.com.met.Metrics] (Thread-673) Closing reporter org.apache.kafka.common.telemetry.internals.ClientTelemetryReporter
2025-07-31 20:40:33,178 INFO  [org.apa.kaf.com.met.Metrics] (Thread-673) Metrics reporters closed
2025-07-31 20:40:33,179 INFO  [org.apa.kaf.com.uti.AppInfoParser] (Thread-673) App info kafka.producer for Producer-topic-4c800678_ee6d_4465_85c2_a06f1b754548 unregistered
**** Registry Base URL: http://registry-app-inmemory.apps.ci419.apicurio-testing.org:80
2025-07-31 20:40:33,179 INFO  [org.apa.kaf.cli.con.ConsumerConfig] (main) ConsumerConfig values: 
	allow.auto.create.topics = true
	auto.commit.interval.ms = 500
	auto.include.jmx.reporter = true
	auto.offset.reset = earliest
	bootstrap.servers = [PLAINTEXT://localhost:32770]
	check.crcs = true
	client.dns.lookup = use_all_dns_ips
	client.id = consumer-Consumer-topic-4c800678_ee6d_4465_85c2_a06f1b754548-11
	client.rack = 
	connections.max.idle.ms = 10000
	default.api.timeout.ms = 60000
	enable.auto.commit = true
	enable.metrics.push = true
	exclude.internal.topics = true
	fetch.max.bytes = 52428800
	fetch.max.wait.ms = 500
	fetch.min.bytes = 1
	group.id = Consumer-topic-4c800678_ee6d_4465_85c2_a06f1b754548
	group.instance.id = null
	group.protocol = classic
	group.remote.assignor = null
	heartbeat.interval.ms = 3000
	interceptor.classes = []
	internal.leave.group.on.close = true
	internal.throw.on.fetch.stable.offset.unsupported = false
	isolation.level = read_uncommitted
	key.deserializer = class org.apache.kafka.common.serialization.StringDeserializer
	max.partition.fetch.bytes = 1048576
	max.poll.interval.ms = 300000
	max.poll.records = 500
	metadata.max.age.ms = 300000
	metadata.recovery.strategy = none
	metric.reporters = []
	metrics.num.samples = 2
	metrics.recording.level = INFO
	metrics.sample.window.ms = 30000
	partition.assignment.strategy = [class org.apache.kafka.clients.consumer.RangeAssignor, class org.apache.kafka.clients.consumer.CooperativeStickyAssignor]
	receive.buffer.bytes = 65536
	reconnect.backoff.max.ms = 1000
	reconnect.backoff.ms = 50
	request.timeout.ms = 5000
	retry.backoff.max.ms = 1000
	retry.backoff.ms = 100
	sasl.client.callback.handler.class = null
	sasl.jaas.config = null
	sasl.kerberos.kinit.cmd = /usr/bin/kinit
	sasl.kerberos.min.time.before.relogin = 60000
	sasl.kerberos.service.name = null
	sasl.kerberos.ticket.renew.jitter = 0.05
	sasl.kerberos.ticket.renew.window.factor = 0.8
	sasl.login.callback.handler.class = null
	sasl.login.class = null
	sasl.login.connect.timeout.ms = null
	sasl.login.read.timeout.ms = null
	sasl.login.refresh.buffer.seconds = 300
	sasl.login.refresh.min.period.seconds = 60
	sasl.login.refresh.window.factor = 0.8
	sasl.login.refresh.window.jitter = 0.05
	sasl.login.retry.backoff.max.ms = 10000
	sasl.login.retry.backoff.ms = 100
	sasl.mechanism = GSSAPI
	sasl.oauthbearer.clock.skew.seconds = 30
	sasl.oauthbearer.expected.audience = null
	sasl.oauthbearer.expected.issuer = null
	sasl.oauthbearer.header.urlencode = false
	sasl.oauthbearer.jwks.endpoint.refresh.ms = 3600000
	sasl.oauthbearer.jwks.endpoint.retry.backoff.max.ms = 10000
	sasl.oauthbearer.jwks.endpoint.retry.backoff.ms = 100
	sasl.oauthbearer.jwks.endpoint.url = null
	sasl.oauthbearer.scope.claim.name = scope
	sasl.oauthbearer.sub.claim.name = sub
	sasl.oauthbearer.token.endpoint.url = null
	security.protocol = PLAINTEXT
	security.providers = null
	send.buffer.bytes = 131072
	session.timeout.ms = 45000
	socket.connection.setup.timeout.max.ms = 30000
	socket.connection.setup.timeout.ms = 10000
	ssl.cipher.suites = null
	ssl.enabled.protocols = [TLSv1.2, TLSv1.3]
	ssl.endpoint.identification.algorithm = https
	ssl.engine.factory.class = null
	ssl.key.password = null
	ssl.keymanager.algorithm = SunX509
	ssl.keystore.certificate.chain = null
	ssl.keystore.key = null
	ssl.keystore.location = null
	ssl.keystore.password = null
	ssl.keystore.type = JKS
	ssl.protocol = TLSv1.3
	ssl.provider = null
	ssl.secure.random.implementation = null
	ssl.trustmanager.algorithm = PKIX
	ssl.truststore.certificates = null
	ssl.truststore.location = null
	ssl.truststore.password = null
	ssl.truststore.type = JKS
	value.deserializer = class io.apicurio.registry.serde.avro.AvroKafkaDeserializer

2025-07-31 20:40:33,180 INFO  [org.apa.kaf.com.tel.int.KafkaMetricsCollector] (main) initializing Kafka metrics collector
2025-07-31 20:40:33,198 INFO  [org.apa.kaf.cli.con.ConsumerConfig] (main) These configurations '[apicurio.registry.url]' were supplied but are not used yet.
2025-07-31 20:40:33,198 INFO  [org.apa.kaf.com.uti.AppInfoParser] (main) Kafka version: 3.9.1
2025-07-31 20:40:33,198 INFO  [org.apa.kaf.com.uti.AppInfoParser] (main) Kafka commitId: f745dfdcee2b9851
2025-07-31 20:40:33,198 INFO  [org.apa.kaf.com.uti.AppInfoParser] (main) Kafka startTimeMs: 1753994433198
2025-07-31 20:40:33,198 INFO  [org.apa.kaf.cli.con.int.ClassicKafkaConsumer] (Thread-676) [Consumer clientId=consumer-Consumer-topic-4c800678_ee6d_4465_85c2_a06f1b754548-11, groupId=Consumer-topic-4c800678_ee6d_4465_85c2_a06f1b754548] Subscribed to topic(s): topic-4c800678_ee6d_4465_85c2_a06f1b754548
2025-07-31 20:40:33,211 INFO  [org.apa.kaf.cli.Metadata] (Thread-676) [Consumer clientId=consumer-Consumer-topic-4c800678_ee6d_4465_85c2_a06f1b754548-11, groupId=Consumer-topic-4c800678_ee6d_4465_85c2_a06f1b754548] Cluster ID: b-_w6pXwSzuW2BMgmumbNQ
2025-07-31 20:40:33,213 INFO  [org.apa.kaf.cli.con.int.ConsumerCoordinator] (Thread-676) [Consumer clientId=consumer-Consumer-topic-4c800678_ee6d_4465_85c2_a06f1b754548-11, groupId=Consumer-topic-4c800678_ee6d_4465_85c2_a06f1b754548] Discovered group coordinator localhost:32770 (id: 2147483647 rack: null)
2025-07-31 20:40:33,217 INFO  [org.apa.kaf.cli.con.int.ConsumerCoordinator] (Thread-676) [Consumer clientId=consumer-Consumer-topic-4c800678_ee6d_4465_85c2_a06f1b754548-11, groupId=Consumer-topic-4c800678_ee6d_4465_85c2_a06f1b754548] (Re-)joining group
2025-07-31 20:40:33,226 INFO  [org.apa.kaf.cli.con.int.ConsumerCoordinator] (Thread-676) [Consumer clientId=consumer-Consumer-topic-4c800678_ee6d_4465_85c2_a06f1b754548-11, groupId=Consumer-topic-4c800678_ee6d_4465_85c2_a06f1b754548] Request joining group due to: need to re-join with the given member-id: consumer-Consumer-topic-4c800678_ee6d_4465_85c2_a06f1b754548-11-483359eb-3be7-4c89-9fe5-9dfcc7ca343f
2025-07-31 20:40:33,226 INFO  [org.apa.kaf.cli.con.int.ConsumerCoordinator] (Thread-676) [Consumer clientId=consumer-Consumer-topic-4c800678_ee6d_4465_85c2_a06f1b754548-11, groupId=Consumer-topic-4c800678_ee6d_4465_85c2_a06f1b754548] (Re-)joining group
2025-07-31 20:40:33,228 INFO  [org.apa.kaf.cli.con.int.ConsumerCoordinator] (Thread-676) [Consumer clientId=consumer-Consumer-topic-4c800678_ee6d_4465_85c2_a06f1b754548-11, groupId=Consumer-topic-4c800678_ee6d_4465_85c2_a06f1b754548] Successfully joined group with generation Generation{generationId=3, memberId='consumer-Consumer-topic-4c800678_ee6d_4465_85c2_a06f1b754548-11-483359eb-3be7-4c89-9fe5-9dfcc7ca343f', protocol='range'}
2025-07-31 20:40:33,228 INFO  [org.apa.kaf.cli.con.int.ConsumerCoordinator] (Thread-676) [Consumer clientId=consumer-Consumer-topic-4c800678_ee6d_4465_85c2_a06f1b754548-11, groupId=Consumer-topic-4c800678_ee6d_4465_85c2_a06f1b754548] Finished assignment for group at generation 3: {consumer-Consumer-topic-4c800678_ee6d_4465_85c2_a06f1b754548-11-483359eb-3be7-4c89-9fe5-9dfcc7ca343f=Assignment(partitions=[topic-4c800678_ee6d_4465_85c2_a06f1b754548-0])}
2025-07-31 20:40:33,231 INFO  [org.apa.kaf.cli.con.int.ConsumerCoordinator] (Thread-676) [Consumer clientId=consumer-Consumer-topic-4c800678_ee6d_4465_85c2_a06f1b754548-11, groupId=Consumer-topic-4c800678_ee6d_4465_85c2_a06f1b754548] Successfully synced group in generation Generation{generationId=3, memberId='consumer-Consumer-topic-4c800678_ee6d_4465_85c2_a06f1b754548-11-483359eb-3be7-4c89-9fe5-9dfcc7ca343f', protocol='range'}
2025-07-31 20:40:33,231 INFO  [org.apa.kaf.cli.con.int.ConsumerCoordinator] (Thread-676) [Consumer clientId=consumer-Consumer-topic-4c800678_ee6d_4465_85c2_a06f1b754548-11, groupId=Consumer-topic-4c800678_ee6d_4465_85c2_a06f1b754548] Notifying assignor about the new Assignment(partitions=[topic-4c800678_ee6d_4465_85c2_a06f1b754548-0])
2025-07-31 20:40:33,231 INFO  [org.apa.kaf.cli.con.int.ConsumerRebalanceListenerInvoker] (Thread-676) [Consumer clientId=consumer-Consumer-topic-4c800678_ee6d_4465_85c2_a06f1b754548-11, groupId=Consumer-topic-4c800678_ee6d_4465_85c2_a06f1b754548] Adding newly assigned partitions: topic-4c800678_ee6d_4465_85c2_a06f1b754548-0
2025-07-31 20:40:33,233 INFO  [org.apa.kaf.cli.con.int.ConsumerUtils] (Thread-676) Setting offset for partition topic-4c800678_ee6d_4465_85c2_a06f1b754548-0 to the committed offset FetchPosition{offset=10, offsetEpoch=Optional[0], currentLeader=LeaderAndEpoch{leader=Optional[localhost:32770 (id: 0 rack: null)], epoch=0}}
2025-07-31 20:40:33,294 INFO  [io.api.tes.ser.api.KafkaSerdesTester] (Thread-676) topic-4c800678_ee6d_4465_85c2_a06f1b754548 0 10 {"key11753994430363": "value-0", "key21753994432023": "value-0"}
2025-07-31 20:40:33,294 INFO  [io.api.tes.ser.api.KafkaSerdesTester] (Thread-676) topic-4c800678_ee6d_4465_85c2_a06f1b754548 0 11 {"key11753994430363": "value-1", "key21753994432023": "value-1"}
2025-07-31 20:40:33,294 INFO  [io.api.tes.ser.api.KafkaSerdesTester] (Thread-676) topic-4c800678_ee6d_4465_85c2_a06f1b754548 0 12 {"key11753994430363": "value-2", "key21753994432023": "value-2"}
2025-07-31 20:40:33,294 INFO  [io.api.tes.ser.api.KafkaSerdesTester] (Thread-676) topic-4c800678_ee6d_4465_85c2_a06f1b754548 0 13 {"key11753994430363": "value-3", "key21753994432023": "value-3"}
2025-07-31 20:40:33,294 INFO  [io.api.tes.ser.api.KafkaSerdesTester] (Thread-676) topic-4c800678_ee6d_4465_85c2_a06f1b754548 0 14 {"key11753994430363": "value-4", "key21753994432023": "value-4"}
2025-07-31 20:40:33,294 INFO  [io.api.tes.ser.api.KafkaSerdesTester] (Thread-676) topic-4c800678_ee6d_4465_85c2_a06f1b754548 0 15 {"key11753994430363": "value-5", "key21753994432023": "value-5"}
2025-07-31 20:40:33,294 INFO  [io.api.tes.ser.api.KafkaSerdesTester] (Thread-676) topic-4c800678_ee6d_4465_85c2_a06f1b754548 0 16 {"key11753994430363": "value-6", "key21753994432023": "value-6"}
2025-07-31 20:40:33,294 INFO  [io.api.tes.ser.api.KafkaSerdesTester] (Thread-676) topic-4c800678_ee6d_4465_85c2_a06f1b754548 0 17 {"key11753994430363": "value-7", "key21753994432023": "value-7"}
2025-07-31 20:40:33,294 INFO  [io.api.tes.ser.api.KafkaSerdesTester] (Thread-676) topic-4c800678_ee6d_4465_85c2_a06f1b754548 0 18 {"key11753994430363": "value-8", "key21753994432023": "value-8"}
2025-07-31 20:40:33,295 INFO  [io.api.tes.ser.api.KafkaSerdesTester] (Thread-676) topic-4c800678_ee6d_4465_85c2_a06f1b754548 0 19 {"key11753994430363": "value-9", "key21753994432023": "value-9"}
2025-07-31 20:40:33,295 INFO  [io.api.tes.ser.api.KafkaSerdesTester] (Thread-676) topic-4c800678_ee6d_4465_85c2_a06f1b754548 0 20 {"key11753994430363": "value-0"}
2025-07-31 20:40:33,295 INFO  [io.api.tes.ser.api.KafkaSerdesTester] (Thread-676) topic-4c800678_ee6d_4465_85c2_a06f1b754548 0 21 {"key11753994430363": "value-1"}
2025-07-31 20:40:33,295 INFO  [io.api.tes.ser.api.KafkaSerdesTester] (Thread-676) topic-4c800678_ee6d_4465_85c2_a06f1b754548 0 22 {"key11753994430363": "value-2"}
2025-07-31 20:40:33,296 INFO  [io.api.tes.ser.api.KafkaSerdesTester] (Thread-676) topic-4c800678_ee6d_4465_85c2_a06f1b754548 0 23 {"key11753994430363": "value-3"}
2025-07-31 20:40:33,296 INFO  [io.api.tes.ser.api.KafkaSerdesTester] (Thread-676) topic-4c800678_ee6d_4465_85c2_a06f1b754548 0 24 {"key11753994430363": "value-4"}
2025-07-31 20:40:33,296 INFO  [io.api.tes.ser.api.KafkaSerdesTester] (Thread-676) topic-4c800678_ee6d_4465_85c2_a06f1b754548 0 25 {"key11753994430363": "value-5"}
2025-07-31 20:40:33,296 INFO  [io.api.tes.ser.api.KafkaSerdesTester] (Thread-676) topic-4c800678_ee6d_4465_85c2_a06f1b754548 0 26 {"key11753994430363": "value-6"}
2025-07-31 20:40:33,296 INFO  [io.api.tes.ser.api.KafkaSerdesTester] (Thread-676) topic-4c800678_ee6d_4465_85c2_a06f1b754548 0 27 {"key11753994430363": "value-7"}
2025-07-31 20:40:33,296 INFO  [io.api.tes.ser.api.KafkaSerdesTester] (Thread-676) topic-4c800678_ee6d_4465_85c2_a06f1b754548 0 28 {"key11753994430363": "value-8"}
2025-07-31 20:40:33,296 INFO  [io.api.tes.ser.api.KafkaSerdesTester] (Thread-676) topic-4c800678_ee6d_4465_85c2_a06f1b754548 0 29 {"key11753994430363": "value-9"}
2025-07-31 20:40:33,296 INFO  [io.api.tes.ser.api.KafkaSerdesTester] (Thread-676) Consumed 20 messages
2025-07-31 20:40:33,298 INFO  [org.apa.kaf.cli.con.int.ConsumerRebalanceListenerInvoker] (Thread-676) [Consumer clientId=consumer-Consumer-topic-4c800678_ee6d_4465_85c2_a06f1b754548-11, groupId=Consumer-topic-4c800678_ee6d_4465_85c2_a06f1b754548] Revoke previously assigned partitions topic-4c800678_ee6d_4465_85c2_a06f1b754548-0
2025-07-31 20:40:33,298 INFO  [org.apa.kaf.cli.con.int.ConsumerCoordinator] (Thread-676) [Consumer clientId=consumer-Consumer-topic-4c800678_ee6d_4465_85c2_a06f1b754548-11, groupId=Consumer-topic-4c800678_ee6d_4465_85c2_a06f1b754548] Member consumer-Consumer-topic-4c800678_ee6d_4465_85c2_a06f1b754548-11-483359eb-3be7-4c89-9fe5-9dfcc7ca343f sending LeaveGroup request to coordinator localhost:32770 (id: 2147483647 rack: null) due to the consumer is being closed
2025-07-31 20:40:33,299 INFO  [org.apa.kaf.cli.con.int.ConsumerCoordinator] (Thread-676) [Consumer clientId=consumer-Consumer-topic-4c800678_ee6d_4465_85c2_a06f1b754548-11, groupId=Consumer-topic-4c800678_ee6d_4465_85c2_a06f1b754548] Resetting generation and member id due to: consumer pro-actively leaving the group
2025-07-31 20:40:33,299 INFO  [org.apa.kaf.cli.con.int.ConsumerCoordinator] (Thread-676) [Consumer clientId=consumer-Consumer-topic-4c800678_ee6d_4465_85c2_a06f1b754548-11, groupId=Consumer-topic-4c800678_ee6d_4465_85c2_a06f1b754548] Request joining group due to: consumer pro-actively leaving the group
2025-07-31 20:40:33,797 INFO  [org.apa.kaf.com.met.Metrics] (Thread-676) Metrics scheduler closed
2025-07-31 20:40:33,797 INFO  [org.apa.kaf.com.met.Metrics] (Thread-676) Closing reporter org.apache.kafka.common.metrics.JmxReporter
2025-07-31 20:40:33,797 INFO  [org.apa.kaf.com.met.Metrics] (Thread-676) Closing reporter org.apache.kafka.common.telemetry.internals.ClientTelemetryReporter
2025-07-31 20:40:33,797 INFO  [org.apa.kaf.com.met.Metrics] (Thread-676) Metrics reporters closed
2025-07-31 20:40:33,799 INFO  [org.apa.kaf.com.uti.AppInfoParser] (Thread-676) App info kafka.consumer for consumer-Consumer-topic-4c800678_ee6d_4465_85c2_a06f1b754548-11 unregistered
2025-07-31 20:40:33,800 INFO  [io.api.tes.ser.api.AvroSerdeIT] (main) Registering Avro Schema 3: {"type":"record","name":"se6f87002x7ae2x4990xb12fx4c9fc3b79737","namespace":"ns_a34a3e14_af11_41f1_940e_4cacc44054aa","fields":[{"name":"key11753994430363","type":"string"},{"name":"key21753994432023","type":"string"},{"name":"key31753994433800","type":"string"}]}
**** Registry Base URL: http://registry-app-inmemory.apps.ci419.apicurio-testing.org:80
2025-07-31 20:40:34,826 INFO  [org.apa.kaf.cli.pro.ProducerConfig] (main) ProducerConfig values: 
	acks = -1
	auto.include.jmx.reporter = true
	batch.size = 16384
	bootstrap.servers = [PLAINTEXT://localhost:32770]
	buffer.memory = 33554432
	client.dns.lookup = use_all_dns_ips
	client.id = Producer-topic-4c800678_ee6d_4465_85c2_a06f1b754548
	compression.gzip.level = -1
	compression.lz4.level = 9
	compression.type = none
	compression.zstd.level = 3
	connections.max.idle.ms = 10000
	delivery.timeout.ms = 120000
	enable.idempotence = true
	enable.metrics.push = true
	interceptor.classes = []
	key.serializer = class org.apache.kafka.common.serialization.StringSerializer
	linger.ms = 0
	max.block.ms = 60000
	max.in.flight.requests.per.connection = 5
	max.request.size = 1048576
	metadata.max.age.ms = 300000
	metadata.max.idle.ms = 300000
	metadata.recovery.strategy = none
	metric.reporters = []
	metrics.num.samples = 2
	metrics.recording.level = INFO
	metrics.sample.window.ms = 30000
	partitioner.adaptive.partitioning.enable = true
	partitioner.availability.timeout.ms = 0
	partitioner.class = null
	partitioner.ignore.keys = false
	receive.buffer.bytes = 32768
	reconnect.backoff.max.ms = 1000
	reconnect.backoff.ms = 50
	request.timeout.ms = 5000
	retries = 2147483647
	retry.backoff.max.ms = 1000
	retry.backoff.ms = 100
	sasl.client.callback.handler.class = null
	sasl.jaas.config = null
	sasl.kerberos.kinit.cmd = /usr/bin/kinit
	sasl.kerberos.min.time.before.relogin = 60000
	sasl.kerberos.service.name = null
	sasl.kerberos.ticket.renew.jitter = 0.05
	sasl.kerberos.ticket.renew.window.factor = 0.8
	sasl.login.callback.handler.class = null
	sasl.login.class = null
	sasl.login.connect.timeout.ms = null
	sasl.login.read.timeout.ms = null
	sasl.login.refresh.buffer.seconds = 300
	sasl.login.refresh.min.period.seconds = 60
	sasl.login.refresh.window.factor = 0.8
	sasl.login.refresh.window.jitter = 0.05
	sasl.login.retry.backoff.max.ms = 10000
	sasl.login.retry.backoff.ms = 100
	sasl.mechanism = GSSAPI
	sasl.oauthbearer.clock.skew.seconds = 30
	sasl.oauthbearer.expected.audience = null
	sasl.oauthbearer.expected.issuer = null
	sasl.oauthbearer.header.urlencode = false
	sasl.oauthbearer.jwks.endpoint.refresh.ms = 3600000
	sasl.oauthbearer.jwks.endpoint.retry.backoff.max.ms = 10000
	sasl.oauthbearer.jwks.endpoint.retry.backoff.ms = 100
	sasl.oauthbearer.jwks.endpoint.url = null
	sasl.oauthbearer.scope.claim.name = scope
	sasl.oauthbearer.sub.claim.name = sub
	sasl.oauthbearer.token.endpoint.url = null
	security.protocol = PLAINTEXT
	security.providers = null
	send.buffer.bytes = 131072
	socket.connection.setup.timeout.max.ms = 30000
	socket.connection.setup.timeout.ms = 10000
	ssl.cipher.suites = null
	ssl.enabled.protocols = [TLSv1.2, TLSv1.3]
	ssl.endpoint.identification.algorithm = https
	ssl.engine.factory.class = null
	ssl.key.password = null
	ssl.keymanager.algorithm = SunX509
	ssl.keystore.certificate.chain = null
	ssl.keystore.key = null
	ssl.keystore.location = null
	ssl.keystore.password = null
	ssl.keystore.type = JKS
	ssl.protocol = TLSv1.3
	ssl.provider = null
	ssl.secure.random.implementation = null
	ssl.trustmanager.algorithm = PKIX
	ssl.truststore.certificates = null
	ssl.truststore.location = null
	ssl.truststore.password = null
	ssl.truststore.type = JKS
	transaction.timeout.ms = 60000
	transactional.id = null
	value.serializer = class io.apicurio.registry.serde.avro.AvroKafkaSerializer

2025-07-31 20:40:34,827 INFO  [org.apa.kaf.com.tel.int.KafkaMetricsCollector] (main) initializing Kafka metrics collector
2025-07-31 20:40:34,831 INFO  [org.apa.kaf.cli.pro.KafkaProducer] (main) [Producer clientId=Producer-topic-4c800678_ee6d_4465_85c2_a06f1b754548] Instantiated an idempotent producer.
2025-07-31 20:40:34,833 INFO  [org.apa.kaf.cli.pro.ProducerConfig] (main) These configurations '[apicurio.registry.url, apicurio.registry.artifact-resolver-strategy]' were supplied but are not used yet.
2025-07-31 20:40:34,833 INFO  [org.apa.kaf.com.uti.AppInfoParser] (main) Kafka version: 3.9.1
2025-07-31 20:40:34,833 INFO  [org.apa.kaf.com.uti.AppInfoParser] (main) Kafka commitId: f745dfdcee2b9851
2025-07-31 20:40:34,833 INFO  [org.apa.kaf.com.uti.AppInfoParser] (main) Kafka startTimeMs: 1753994434833
2025-07-31 20:40:34,835 INFO  [io.api.tes.ser.api.KafkaSerdesTester] (Thread-679) Sending message {"key11753994430363": "value-0", "key21753994432023": "value-0", "key31753994433800": "value-0"} to topic topic-4c800678_ee6d_4465_85c2_a06f1b754548
2025-07-31 20:40:34,839 INFO  [org.apa.kaf.cli.Metadata] (kafka-producer-network-thread | Producer-topic-4c800678_ee6d_4465_85c2_a06f1b754548) [Producer clientId=Producer-topic-4c800678_ee6d_4465_85c2_a06f1b754548] Cluster ID: b-_w6pXwSzuW2BMgmumbNQ
2025-07-31 20:40:34,839 INFO  [DefaultSchemaResolver] (Thread-679) Retrieving schema content using string: {"type":"record","name":"se6f87002x7ae2x4990xb12fx4c9fc3b79737","namespace":"ns_a34a3e14_af11_41f1_940e_4cacc44054aa","fields":[{"name":"key11753994430363","type":"string"},{"name":"key21753994432023","type":"string"},{"name":"key31753994433800","type":"string"}]}
2025-07-31 20:40:34,839 INFO  [org.apa.kaf.cli.pro.int.TransactionManager] (kafka-producer-network-thread | Producer-topic-4c800678_ee6d_4465_85c2_a06f1b754548) [Producer clientId=Producer-topic-4c800678_ee6d_4465_85c2_a06f1b754548] ProducerId set to 15 with epoch 0
2025-07-31 20:40:34,866 INFO  [io.api.tes.ser.api.KafkaSerdesTester] (Thread-679) Sending message {"key11753994430363": "value-1", "key21753994432023": "value-1", "key31753994433800": "value-1"} to topic topic-4c800678_ee6d_4465_85c2_a06f1b754548
2025-07-31 20:40:34,870 INFO  [io.api.tes.ser.api.KafkaSerdesTester] (Thread-679) Sending message {"key11753994430363": "value-2", "key21753994432023": "value-2", "key31753994433800": "value-2"} to topic topic-4c800678_ee6d_4465_85c2_a06f1b754548
2025-07-31 20:40:34,877 INFO  [io.api.tes.ser.api.KafkaSerdesTester] (Thread-679) Sending message {"key11753994430363": "value-3", "key21753994432023": "value-3", "key31753994433800": "value-3"} to topic topic-4c800678_ee6d_4465_85c2_a06f1b754548
2025-07-31 20:40:34,880 INFO  [io.api.tes.ser.api.KafkaSerdesTester] (Thread-679) Sending message {"key11753994430363": "value-4", "key21753994432023": "value-4", "key31753994433800": "value-4"} to topic topic-4c800678_ee6d_4465_85c2_a06f1b754548
2025-07-31 20:40:34,883 INFO  [io.api.tes.ser.api.KafkaSerdesTester] (Thread-679) Sending message {"key11753994430363": "value-5", "key21753994432023": "value-5", "key31753994433800": "value-5"} to topic topic-4c800678_ee6d_4465_85c2_a06f1b754548
2025-07-31 20:40:34,891 INFO  [io.api.tes.ser.api.KafkaSerdesTester] (Thread-679) Sending message {"key11753994430363": "value-6", "key21753994432023": "value-6", "key31753994433800": "value-6"} to topic topic-4c800678_ee6d_4465_85c2_a06f1b754548
2025-07-31 20:40:34,900 INFO  [io.api.tes.ser.api.KafkaSerdesTester] (Thread-679) Sending message {"key11753994430363": "value-7", "key21753994432023": "value-7", "key31753994433800": "value-7"} to topic topic-4c800678_ee6d_4465_85c2_a06f1b754548
2025-07-31 20:40:34,907 INFO  [io.api.tes.ser.api.KafkaSerdesTester] (Thread-679) Sending message {"key11753994430363": "value-8", "key21753994432023": "value-8", "key31753994433800": "value-8"} to topic topic-4c800678_ee6d_4465_85c2_a06f1b754548
2025-07-31 20:40:34,913 INFO  [io.api.tes.ser.api.KafkaSerdesTester] (Thread-679) Sending message {"key11753994430363": "value-9", "key21753994432023": "value-9", "key31753994433800": "value-9"} to topic topic-4c800678_ee6d_4465_85c2_a06f1b754548
2025-07-31 20:40:34,921 INFO  [io.api.tes.ser.api.KafkaSerdesTester] (Thread-679) Produced 10 messages
2025-07-31 20:40:34,921 INFO  [org.apa.kaf.cli.pro.KafkaProducer] (Thread-679) [Producer clientId=Producer-topic-4c800678_ee6d_4465_85c2_a06f1b754548] Closing the Kafka producer with timeoutMillis = 9223372036854775807 ms.
2025-07-31 20:40:34,923 INFO  [org.apa.kaf.com.met.Metrics] (Thread-679) Metrics scheduler closed
2025-07-31 20:40:34,923 INFO  [org.apa.kaf.com.met.Metrics] (Thread-679) Closing reporter org.apache.kafka.common.metrics.JmxReporter
2025-07-31 20:40:34,923 INFO  [org.apa.kaf.com.met.Metrics] (Thread-679) Closing reporter org.apache.kafka.common.telemetry.internals.ClientTelemetryReporter
2025-07-31 20:40:34,923 INFO  [org.apa.kaf.com.met.Metrics] (Thread-679) Metrics reporters closed
2025-07-31 20:40:34,924 INFO  [org.apa.kaf.com.uti.AppInfoParser] (Thread-679) App info kafka.producer for Producer-topic-4c800678_ee6d_4465_85c2_a06f1b754548 unregistered
**** Registry Base URL: http://registry-app-inmemory.apps.ci419.apicurio-testing.org:80
2025-07-31 20:40:34,924 INFO  [org.apa.kaf.cli.pro.ProducerConfig] (main) ProducerConfig values: 
	acks = -1
	auto.include.jmx.reporter = true
	batch.size = 16384
	bootstrap.servers = [PLAINTEXT://localhost:32770]
	buffer.memory = 33554432
	client.dns.lookup = use_all_dns_ips
	client.id = Producer-topic-4c800678_ee6d_4465_85c2_a06f1b754548
	compression.gzip.level = -1
	compression.lz4.level = 9
	compression.type = none
	compression.zstd.level = 3
	connections.max.idle.ms = 10000
	delivery.timeout.ms = 120000
	enable.idempotence = true
	enable.metrics.push = true
	interceptor.classes = []
	key.serializer = class org.apache.kafka.common.serialization.StringSerializer
	linger.ms = 0
	max.block.ms = 60000
	max.in.flight.requests.per.connection = 5
	max.request.size = 1048576
	metadata.max.age.ms = 300000
	metadata.max.idle.ms = 300000
	metadata.recovery.strategy = none
	metric.reporters = []
	metrics.num.samples = 2
	metrics.recording.level = INFO
	metrics.sample.window.ms = 30000
	partitioner.adaptive.partitioning.enable = true
	partitioner.availability.timeout.ms = 0
	partitioner.class = null
	partitioner.ignore.keys = false
	receive.buffer.bytes = 32768
	reconnect.backoff.max.ms = 1000
	reconnect.backoff.ms = 50
	request.timeout.ms = 5000
	retries = 2147483647
	retry.backoff.max.ms = 1000
	retry.backoff.ms = 100
	sasl.client.callback.handler.class = null
	sasl.jaas.config = null
	sasl.kerberos.kinit.cmd = /usr/bin/kinit
	sasl.kerberos.min.time.before.relogin = 60000
	sasl.kerberos.service.name = null
	sasl.kerberos.ticket.renew.jitter = 0.05
	sasl.kerberos.ticket.renew.window.factor = 0.8
	sasl.login.callback.handler.class = null
	sasl.login.class = null
	sasl.login.connect.timeout.ms = null
	sasl.login.read.timeout.ms = null
	sasl.login.refresh.buffer.seconds = 300
	sasl.login.refresh.min.period.seconds = 60
	sasl.login.refresh.window.factor = 0.8
	sasl.login.refresh.window.jitter = 0.05
	sasl.login.retry.backoff.max.ms = 10000
	sasl.login.retry.backoff.ms = 100
	sasl.mechanism = GSSAPI
	sasl.oauthbearer.clock.skew.seconds = 30
	sasl.oauthbearer.expected.audience = null
	sasl.oauthbearer.expected.issuer = null
	sasl.oauthbearer.header.urlencode = false
	sasl.oauthbearer.jwks.endpoint.refresh.ms = 3600000
	sasl.oauthbearer.jwks.endpoint.retry.backoff.max.ms = 10000
	sasl.oauthbearer.jwks.endpoint.retry.backoff.ms = 100
	sasl.oauthbearer.jwks.endpoint.url = null
	sasl.oauthbearer.scope.claim.name = scope
	sasl.oauthbearer.sub.claim.name = sub
	sasl.oauthbearer.token.endpoint.url = null
	security.protocol = PLAINTEXT
	security.providers = null
	send.buffer.bytes = 131072
	socket.connection.setup.timeout.max.ms = 30000
	socket.connection.setup.timeout.ms = 10000
	ssl.cipher.suites = null
	ssl.enabled.protocols = [TLSv1.2, TLSv1.3]
	ssl.endpoint.identification.algorithm = https
	ssl.engine.factory.class = null
	ssl.key.password = null
	ssl.keymanager.algorithm = SunX509
	ssl.keystore.certificate.chain = null
	ssl.keystore.key = null
	ssl.keystore.location = null
	ssl.keystore.password = null
	ssl.keystore.type = JKS
	ssl.protocol = TLSv1.3
	ssl.provider = null
	ssl.secure.random.implementation = null
	ssl.trustmanager.algorithm = PKIX
	ssl.truststore.certificates = null
	ssl.truststore.location = null
	ssl.truststore.password = null
	ssl.truststore.type = JKS
	transaction.timeout.ms = 60000
	transactional.id = null
	value.serializer = class io.apicurio.registry.serde.avro.AvroKafkaSerializer

2025-07-31 20:40:34,926 INFO  [org.apa.kaf.com.tel.int.KafkaMetricsCollector] (main) initializing Kafka metrics collector
2025-07-31 20:40:34,934 INFO  [org.apa.kaf.cli.pro.KafkaProducer] (main) [Producer clientId=Producer-topic-4c800678_ee6d_4465_85c2_a06f1b754548] Instantiated an idempotent producer.
2025-07-31 20:40:34,936 INFO  [org.apa.kaf.cli.pro.ProducerConfig] (main) These configurations '[apicurio.registry.url, apicurio.registry.artifact-resolver-strategy]' were supplied but are not used yet.
2025-07-31 20:40:34,936 INFO  [org.apa.kaf.com.uti.AppInfoParser] (main) Kafka version: 3.9.1
2025-07-31 20:40:34,936 INFO  [org.apa.kaf.com.uti.AppInfoParser] (main) Kafka commitId: f745dfdcee2b9851
2025-07-31 20:40:34,937 INFO  [org.apa.kaf.com.uti.AppInfoParser] (main) Kafka startTimeMs: 1753994434936
2025-07-31 20:40:34,939 INFO  [io.api.tes.ser.api.KafkaSerdesTester] (Thread-682) Sending message {"key11753994430363": "value-0", "key21753994432023": "value-0"} to topic topic-4c800678_ee6d_4465_85c2_a06f1b754548
2025-07-31 20:40:34,944 INFO  [org.apa.kaf.cli.Metadata] (kafka-producer-network-thread | Producer-topic-4c800678_ee6d_4465_85c2_a06f1b754548) [Producer clientId=Producer-topic-4c800678_ee6d_4465_85c2_a06f1b754548] Cluster ID: b-_w6pXwSzuW2BMgmumbNQ
2025-07-31 20:40:34,944 INFO  [DefaultSchemaResolver] (Thread-682) Retrieving schema content using string: {"type":"record","name":"se6f87002x7ae2x4990xb12fx4c9fc3b79737","namespace":"ns_a34a3e14_af11_41f1_940e_4cacc44054aa","fields":[{"name":"key11753994430363","type":"string"},{"name":"key21753994432023","type":"string"}]}
2025-07-31 20:40:34,945 INFO  [org.apa.kaf.cli.pro.int.TransactionManager] (kafka-producer-network-thread | Producer-topic-4c800678_ee6d_4465_85c2_a06f1b754548) [Producer clientId=Producer-topic-4c800678_ee6d_4465_85c2_a06f1b754548] ProducerId set to 16 with epoch 0
2025-07-31 20:40:34,970 INFO  [io.api.tes.ser.api.KafkaSerdesTester] (Thread-682) Sending message {"key11753994430363": "value-1", "key21753994432023": "value-1"} to topic topic-4c800678_ee6d_4465_85c2_a06f1b754548
2025-07-31 20:40:34,973 INFO  [io.api.tes.ser.api.KafkaSerdesTester] (Thread-682) Sending message {"key11753994430363": "value-2", "key21753994432023": "value-2"} to topic topic-4c800678_ee6d_4465_85c2_a06f1b754548
2025-07-31 20:40:34,975 INFO  [io.api.tes.ser.api.KafkaSerdesTester] (Thread-682) Sending message {"key11753994430363": "value-3", "key21753994432023": "value-3"} to topic topic-4c800678_ee6d_4465_85c2_a06f1b754548
2025-07-31 20:40:34,979 INFO  [io.api.tes.ser.api.KafkaSerdesTester] (Thread-682) Sending message {"key11753994430363": "value-4", "key21753994432023": "value-4"} to topic topic-4c800678_ee6d_4465_85c2_a06f1b754548
2025-07-31 20:40:34,981 INFO  [io.api.tes.ser.api.KafkaSerdesTester] (Thread-682) Sending message {"key11753994430363": "value-5", "key21753994432023": "value-5"} to topic topic-4c800678_ee6d_4465_85c2_a06f1b754548
2025-07-31 20:40:34,984 INFO  [io.api.tes.ser.api.KafkaSerdesTester] (Thread-682) Sending message {"key11753994430363": "value-6", "key21753994432023": "value-6"} to topic topic-4c800678_ee6d_4465_85c2_a06f1b754548
2025-07-31 20:40:34,990 INFO  [io.api.tes.ser.api.KafkaSerdesTester] (Thread-682) Sending message {"key11753994430363": "value-7", "key21753994432023": "value-7"} to topic topic-4c800678_ee6d_4465_85c2_a06f1b754548
2025-07-31 20:40:34,994 INFO  [io.api.tes.ser.api.KafkaSerdesTester] (Thread-682) Sending message {"key11753994430363": "value-8", "key21753994432023": "value-8"} to topic topic-4c800678_ee6d_4465_85c2_a06f1b754548
2025-07-31 20:40:34,999 INFO  [io.api.tes.ser.api.KafkaSerdesTester] (Thread-682) Sending message {"key11753994430363": "value-9", "key21753994432023": "value-9"} to topic topic-4c800678_ee6d_4465_85c2_a06f1b754548
2025-07-31 20:40:35,001 INFO  [io.api.tes.ser.api.KafkaSerdesTester] (Thread-682) Produced 10 messages
2025-07-31 20:40:35,001 INFO  [org.apa.kaf.cli.pro.KafkaProducer] (Thread-682) [Producer clientId=Producer-topic-4c800678_ee6d_4465_85c2_a06f1b754548] Closing the Kafka producer with timeoutMillis = 9223372036854775807 ms.
2025-07-31 20:40:35,003 INFO  [org.apa.kaf.com.met.Metrics] (Thread-682) Metrics scheduler closed
2025-07-31 20:40:35,003 INFO  [org.apa.kaf.com.met.Metrics] (Thread-682) Closing reporter org.apache.kafka.common.metrics.JmxReporter
2025-07-31 20:40:35,003 INFO  [org.apa.kaf.com.met.Metrics] (Thread-682) Closing reporter org.apache.kafka.common.telemetry.internals.ClientTelemetryReporter
2025-07-31 20:40:35,003 INFO  [org.apa.kaf.com.met.Metrics] (Thread-682) Metrics reporters closed
2025-07-31 20:40:35,004 INFO  [org.apa.kaf.com.uti.AppInfoParser] (Thread-682) App info kafka.producer for Producer-topic-4c800678_ee6d_4465_85c2_a06f1b754548 unregistered
**** Registry Base URL: http://registry-app-inmemory.apps.ci419.apicurio-testing.org:80
2025-07-31 20:40:35,005 INFO  [org.apa.kaf.cli.pro.ProducerConfig] (main) ProducerConfig values: 
	acks = -1
	auto.include.jmx.reporter = true
	batch.size = 16384
	bootstrap.servers = [PLAINTEXT://localhost:32770]
	buffer.memory = 33554432
	client.dns.lookup = use_all_dns_ips
	client.id = Producer-topic-4c800678_ee6d_4465_85c2_a06f1b754548
	compression.gzip.level = -1
	compression.lz4.level = 9
	compression.type = none
	compression.zstd.level = 3
	connections.max.idle.ms = 10000
	delivery.timeout.ms = 120000
	enable.idempotence = true
	enable.metrics.push = true
	interceptor.classes = []
	key.serializer = class org.apache.kafka.common.serialization.StringSerializer
	linger.ms = 0
	max.block.ms = 60000
	max.in.flight.requests.per.connection = 5
	max.request.size = 1048576
	metadata.max.age.ms = 300000
	metadata.max.idle.ms = 300000
	metadata.recovery.strategy = none
	metric.reporters = []
	metrics.num.samples = 2
	metrics.recording.level = INFO
	metrics.sample.window.ms = 30000
	partitioner.adaptive.partitioning.enable = true
	partitioner.availability.timeout.ms = 0
	partitioner.class = null
	partitioner.ignore.keys = false
	receive.buffer.bytes = 32768
	reconnect.backoff.max.ms = 1000
	reconnect.backoff.ms = 50
	request.timeout.ms = 5000
	retries = 2147483647
	retry.backoff.max.ms = 1000
	retry.backoff.ms = 100
	sasl.client.callback.handler.class = null
	sasl.jaas.config = null
	sasl.kerberos.kinit.cmd = /usr/bin/kinit
	sasl.kerberos.min.time.before.relogin = 60000
	sasl.kerberos.service.name = null
	sasl.kerberos.ticket.renew.jitter = 0.05
	sasl.kerberos.ticket.renew.window.factor = 0.8
	sasl.login.callback.handler.class = null
	sasl.login.class = null
	sasl.login.connect.timeout.ms = null
	sasl.login.read.timeout.ms = null
	sasl.login.refresh.buffer.seconds = 300
	sasl.login.refresh.min.period.seconds = 60
	sasl.login.refresh.window.factor = 0.8
	sasl.login.refresh.window.jitter = 0.05
	sasl.login.retry.backoff.max.ms = 10000
	sasl.login.retry.backoff.ms = 100
	sasl.mechanism = GSSAPI
	sasl.oauthbearer.clock.skew.seconds = 30
	sasl.oauthbearer.expected.audience = null
	sasl.oauthbearer.expected.issuer = null
	sasl.oauthbearer.header.urlencode = false
	sasl.oauthbearer.jwks.endpoint.refresh.ms = 3600000
	sasl.oauthbearer.jwks.endpoint.retry.backoff.max.ms = 10000
	sasl.oauthbearer.jwks.endpoint.retry.backoff.ms = 100
	sasl.oauthbearer.jwks.endpoint.url = null
	sasl.oauthbearer.scope.claim.name = scope
	sasl.oauthbearer.sub.claim.name = sub
	sasl.oauthbearer.token.endpoint.url = null
	security.protocol = PLAINTEXT
	security.providers = null
	send.buffer.bytes = 131072
	socket.connection.setup.timeout.max.ms = 30000
	socket.connection.setup.timeout.ms = 10000
	ssl.cipher.suites = null
	ssl.enabled.protocols = [TLSv1.2, TLSv1.3]
	ssl.endpoint.identification.algorithm = https
	ssl.engine.factory.class = null
	ssl.key.password = null
	ssl.keymanager.algorithm = SunX509
	ssl.keystore.certificate.chain = null
	ssl.keystore.key = null
	ssl.keystore.location = null
	ssl.keystore.password = null
	ssl.keystore.type = JKS
	ssl.protocol = TLSv1.3
	ssl.provider = null
	ssl.secure.random.implementation = null
	ssl.trustmanager.algorithm = PKIX
	ssl.truststore.certificates = null
	ssl.truststore.location = null
	ssl.truststore.password = null
	ssl.truststore.type = JKS
	transaction.timeout.ms = 60000
	transactional.id = null
	value.serializer = class io.apicurio.registry.serde.avro.AvroKafkaSerializer

2025-07-31 20:40:35,005 INFO  [org.apa.kaf.com.tel.int.KafkaMetricsCollector] (main) initializing Kafka metrics collector
2025-07-31 20:40:35,012 INFO  [org.apa.kaf.cli.pro.KafkaProducer] (main) [Producer clientId=Producer-topic-4c800678_ee6d_4465_85c2_a06f1b754548] Instantiated an idempotent producer.
2025-07-31 20:40:35,014 INFO  [org.apa.kaf.cli.pro.ProducerConfig] (main) These configurations '[apicurio.registry.url, apicurio.registry.artifact-resolver-strategy]' were supplied but are not used yet.
2025-07-31 20:40:35,015 INFO  [org.apa.kaf.com.uti.AppInfoParser] (main) Kafka version: 3.9.1
2025-07-31 20:40:35,016 INFO  [org.apa.kaf.com.uti.AppInfoParser] (main) Kafka commitId: f745dfdcee2b9851
2025-07-31 20:40:35,016 INFO  [org.apa.kaf.com.uti.AppInfoParser] (main) Kafka startTimeMs: 1753994435014
2025-07-31 20:40:35,017 INFO  [io.api.tes.ser.api.KafkaSerdesTester] (Thread-685) Sending message {"key11753994430363": "value-0"} to topic topic-4c800678_ee6d_4465_85c2_a06f1b754548
2025-07-31 20:40:35,020 INFO  [org.apa.kaf.cli.Metadata] (kafka-producer-network-thread | Producer-topic-4c800678_ee6d_4465_85c2_a06f1b754548) [Producer clientId=Producer-topic-4c800678_ee6d_4465_85c2_a06f1b754548] Cluster ID: b-_w6pXwSzuW2BMgmumbNQ
2025-07-31 20:40:35,022 INFO  [org.apa.kaf.cli.pro.int.TransactionManager] (kafka-producer-network-thread | Producer-topic-4c800678_ee6d_4465_85c2_a06f1b754548) [Producer clientId=Producer-topic-4c800678_ee6d_4465_85c2_a06f1b754548] ProducerId set to 17 with epoch 0
2025-07-31 20:40:35,022 INFO  [DefaultSchemaResolver] (Thread-685) Retrieving schema content using string: {"type":"record","name":"se6f87002x7ae2x4990xb12fx4c9fc3b79737","namespace":"ns_a34a3e14_af11_41f1_940e_4cacc44054aa","fields":[{"name":"key11753994430363","type":"string"}]}
2025-07-31 20:40:35,044 INFO  [io.api.tes.ser.api.KafkaSerdesTester] (Thread-685) Sending message {"key11753994430363": "value-1"} to topic topic-4c800678_ee6d_4465_85c2_a06f1b754548
2025-07-31 20:40:35,049 INFO  [io.api.tes.ser.api.KafkaSerdesTester] (Thread-685) Sending message {"key11753994430363": "value-2"} to topic topic-4c800678_ee6d_4465_85c2_a06f1b754548
2025-07-31 20:40:35,051 INFO  [io.api.tes.ser.api.KafkaSerdesTester] (Thread-685) Sending message {"key11753994430363": "value-3"} to topic topic-4c800678_ee6d_4465_85c2_a06f1b754548
2025-07-31 20:40:35,052 INFO  [io.api.tes.ser.api.KafkaSerdesTester] (Thread-685) Sending message {"key11753994430363": "value-4"} to topic topic-4c800678_ee6d_4465_85c2_a06f1b754548
2025-07-31 20:40:35,054 INFO  [io.api.tes.ser.api.KafkaSerdesTester] (Thread-685) Sending message {"key11753994430363": "value-5"} to topic topic-4c800678_ee6d_4465_85c2_a06f1b754548
2025-07-31 20:40:35,056 INFO  [io.api.tes.ser.api.KafkaSerdesTester] (Thread-685) Sending message {"key11753994430363": "value-6"} to topic topic-4c800678_ee6d_4465_85c2_a06f1b754548
2025-07-31 20:40:35,057 INFO  [io.api.tes.ser.api.KafkaSerdesTester] (Thread-685) Sending message {"key11753994430363": "value-7"} to topic topic-4c800678_ee6d_4465_85c2_a06f1b754548
2025-07-31 20:40:35,059 INFO  [io.api.tes.ser.api.KafkaSerdesTester] (Thread-685) Sending message {"key11753994430363": "value-8"} to topic topic-4c800678_ee6d_4465_85c2_a06f1b754548
2025-07-31 20:40:35,061 INFO  [io.api.tes.ser.api.KafkaSerdesTester] (Thread-685) Sending message {"key11753994430363": "value-9"} to topic topic-4c800678_ee6d_4465_85c2_a06f1b754548
2025-07-31 20:40:35,062 INFO  [io.api.tes.ser.api.KafkaSerdesTester] (Thread-685) Produced 10 messages
2025-07-31 20:40:35,062 INFO  [org.apa.kaf.cli.pro.KafkaProducer] (Thread-685) [Producer clientId=Producer-topic-4c800678_ee6d_4465_85c2_a06f1b754548] Closing the Kafka producer with timeoutMillis = 9223372036854775807 ms.
2025-07-31 20:40:35,064 INFO  [org.apa.kaf.com.met.Metrics] (Thread-685) Metrics scheduler closed
2025-07-31 20:40:35,064 INFO  [org.apa.kaf.com.met.Metrics] (Thread-685) Closing reporter org.apache.kafka.common.metrics.JmxReporter
2025-07-31 20:40:35,064 INFO  [org.apa.kaf.com.met.Metrics] (Thread-685) Closing reporter org.apache.kafka.common.telemetry.internals.ClientTelemetryReporter
2025-07-31 20:40:35,064 INFO  [org.apa.kaf.com.met.Metrics] (Thread-685) Metrics reporters closed
2025-07-31 20:40:35,064 INFO  [org.apa.kaf.com.uti.AppInfoParser] (Thread-685) App info kafka.producer for Producer-topic-4c800678_ee6d_4465_85c2_a06f1b754548 unregistered
**** Registry Base URL: http://registry-app-inmemory.apps.ci419.apicurio-testing.org:80
2025-07-31 20:40:35,065 INFO  [org.apa.kaf.cli.con.ConsumerConfig] (main) ConsumerConfig values: 
	allow.auto.create.topics = true
	auto.commit.interval.ms = 500
	auto.include.jmx.reporter = true
	auto.offset.reset = earliest
	bootstrap.servers = [PLAINTEXT://localhost:32770]
	check.crcs = true
	client.dns.lookup = use_all_dns_ips
	client.id = consumer-Consumer-topic-4c800678_ee6d_4465_85c2_a06f1b754548-12
	client.rack = 
	connections.max.idle.ms = 10000
	default.api.timeout.ms = 60000
	enable.auto.commit = true
	enable.metrics.push = true
	exclude.internal.topics = true
	fetch.max.bytes = 52428800
	fetch.max.wait.ms = 500
	fetch.min.bytes = 1
	group.id = Consumer-topic-4c800678_ee6d_4465_85c2_a06f1b754548
	group.instance.id = null
	group.protocol = classic
	group.remote.assignor = null
	heartbeat.interval.ms = 3000
	interceptor.classes = []
	internal.leave.group.on.close = true
	internal.throw.on.fetch.stable.offset.unsupported = false
	isolation.level = read_uncommitted
	key.deserializer = class org.apache.kafka.common.serialization.StringDeserializer
	max.partition.fetch.bytes = 1048576
	max.poll.interval.ms = 300000
	max.poll.records = 500
	metadata.max.age.ms = 300000
	metadata.recovery.strategy = none
	metric.reporters = []
	metrics.num.samples = 2
	metrics.recording.level = INFO
	metrics.sample.window.ms = 30000
	partition.assignment.strategy = [class org.apache.kafka.clients.consumer.RangeAssignor, class org.apache.kafka.clients.consumer.CooperativeStickyAssignor]
	receive.buffer.bytes = 65536
	reconnect.backoff.max.ms = 1000
	reconnect.backoff.ms = 50
	request.timeout.ms = 5000
	retry.backoff.max.ms = 1000
	retry.backoff.ms = 100
	sasl.client.callback.handler.class = null
	sasl.jaas.config = null
	sasl.kerberos.kinit.cmd = /usr/bin/kinit
	sasl.kerberos.min.time.before.relogin = 60000
	sasl.kerberos.service.name = null
	sasl.kerberos.ticket.renew.jitter = 0.05
	sasl.kerberos.ticket.renew.window.factor = 0.8
	sasl.login.callback.handler.class = null
	sasl.login.class = null
	sasl.login.connect.timeout.ms = null
	sasl.login.read.timeout.ms = null
	sasl.login.refresh.buffer.seconds = 300
	sasl.login.refresh.min.period.seconds = 60
	sasl.login.refresh.window.factor = 0.8
	sasl.login.refresh.window.jitter = 0.05
	sasl.login.retry.backoff.max.ms = 10000
	sasl.login.retry.backoff.ms = 100
	sasl.mechanism = GSSAPI
	sasl.oauthbearer.clock.skew.seconds = 30
	sasl.oauthbearer.expected.audience = null
	sasl.oauthbearer.expected.issuer = null
	sasl.oauthbearer.header.urlencode = false
	sasl.oauthbearer.jwks.endpoint.refresh.ms = 3600000
	sasl.oauthbearer.jwks.endpoint.retry.backoff.max.ms = 10000
	sasl.oauthbearer.jwks.endpoint.retry.backoff.ms = 100
	sasl.oauthbearer.jwks.endpoint.url = null
	sasl.oauthbearer.scope.claim.name = scope
	sasl.oauthbearer.sub.claim.name = sub
	sasl.oauthbearer.token.endpoint.url = null
	security.protocol = PLAINTEXT
	security.providers = null
	send.buffer.bytes = 131072
	session.timeout.ms = 45000
	socket.connection.setup.timeout.max.ms = 30000
	socket.connection.setup.timeout.ms = 10000
	ssl.cipher.suites = null
	ssl.enabled.protocols = [TLSv1.2, TLSv1.3]
	ssl.endpoint.identification.algorithm = https
	ssl.engine.factory.class = null
	ssl.key.password = null
	ssl.keymanager.algorithm = SunX509
	ssl.keystore.certificate.chain = null
	ssl.keystore.key = null
	ssl.keystore.location = null
	ssl.keystore.password = null
	ssl.keystore.type = JKS
	ssl.protocol = TLSv1.3
	ssl.provider = null
	ssl.secure.random.implementation = null
	ssl.trustmanager.algorithm = PKIX
	ssl.truststore.certificates = null
	ssl.truststore.location = null
	ssl.truststore.password = null
	ssl.truststore.type = JKS
	value.deserializer = class io.apicurio.registry.serde.avro.AvroKafkaDeserializer

2025-07-31 20:40:35,065 INFO  [org.apa.kaf.com.tel.int.KafkaMetricsCollector] (main) initializing Kafka metrics collector
2025-07-31 20:40:35,071 INFO  [org.apa.kaf.cli.con.ConsumerConfig] (main) These configurations '[apicurio.registry.url]' were supplied but are not used yet.
2025-07-31 20:40:35,071 INFO  [org.apa.kaf.com.uti.AppInfoParser] (main) Kafka version: 3.9.1
2025-07-31 20:40:35,071 INFO  [org.apa.kaf.com.uti.AppInfoParser] (main) Kafka commitId: f745dfdcee2b9851
2025-07-31 20:40:35,071 INFO  [org.apa.kaf.com.uti.AppInfoParser] (main) Kafka startTimeMs: 1753994435071
2025-07-31 20:40:35,072 INFO  [org.apa.kaf.cli.con.int.ClassicKafkaConsumer] (Thread-688) [Consumer clientId=consumer-Consumer-topic-4c800678_ee6d_4465_85c2_a06f1b754548-12, groupId=Consumer-topic-4c800678_ee6d_4465_85c2_a06f1b754548] Subscribed to topic(s): topic-4c800678_ee6d_4465_85c2_a06f1b754548
2025-07-31 20:40:35,076 INFO  [org.apa.kaf.cli.Metadata] (Thread-688) [Consumer clientId=consumer-Consumer-topic-4c800678_ee6d_4465_85c2_a06f1b754548-12, groupId=Consumer-topic-4c800678_ee6d_4465_85c2_a06f1b754548] Cluster ID: b-_w6pXwSzuW2BMgmumbNQ
2025-07-31 20:40:35,076 INFO  [org.apa.kaf.cli.con.int.ConsumerCoordinator] (Thread-688) [Consumer clientId=consumer-Consumer-topic-4c800678_ee6d_4465_85c2_a06f1b754548-12, groupId=Consumer-topic-4c800678_ee6d_4465_85c2_a06f1b754548] Discovered group coordinator localhost:32770 (id: 2147483647 rack: null)
2025-07-31 20:40:35,078 INFO  [org.apa.kaf.cli.con.int.ConsumerCoordinator] (Thread-688) [Consumer clientId=consumer-Consumer-topic-4c800678_ee6d_4465_85c2_a06f1b754548-12, groupId=Consumer-topic-4c800678_ee6d_4465_85c2_a06f1b754548] (Re-)joining group
2025-07-31 20:40:35,081 INFO  [org.apa.kaf.cli.con.int.ConsumerCoordinator] (Thread-688) [Consumer clientId=consumer-Consumer-topic-4c800678_ee6d_4465_85c2_a06f1b754548-12, groupId=Consumer-topic-4c800678_ee6d_4465_85c2_a06f1b754548] Request joining group due to: need to re-join with the given member-id: consumer-Consumer-topic-4c800678_ee6d_4465_85c2_a06f1b754548-12-11795f52-555e-4577-a54d-65f78c4186e0
2025-07-31 20:40:35,081 INFO  [org.apa.kaf.cli.con.int.ConsumerCoordinator] (Thread-688) [Consumer clientId=consumer-Consumer-topic-4c800678_ee6d_4465_85c2_a06f1b754548-12, groupId=Consumer-topic-4c800678_ee6d_4465_85c2_a06f1b754548] (Re-)joining group
2025-07-31 20:40:35,083 INFO  [org.apa.kaf.cli.con.int.ConsumerCoordinator] (Thread-688) [Consumer clientId=consumer-Consumer-topic-4c800678_ee6d_4465_85c2_a06f1b754548-12, groupId=Consumer-topic-4c800678_ee6d_4465_85c2_a06f1b754548] Successfully joined group with generation Generation{generationId=5, memberId='consumer-Consumer-topic-4c800678_ee6d_4465_85c2_a06f1b754548-12-11795f52-555e-4577-a54d-65f78c4186e0', protocol='range'}
2025-07-31 20:40:35,083 INFO  [org.apa.kaf.cli.con.int.ConsumerCoordinator] (Thread-688) [Consumer clientId=consumer-Consumer-topic-4c800678_ee6d_4465_85c2_a06f1b754548-12, groupId=Consumer-topic-4c800678_ee6d_4465_85c2_a06f1b754548] Finished assignment for group at generation 5: {consumer-Consumer-topic-4c800678_ee6d_4465_85c2_a06f1b754548-12-11795f52-555e-4577-a54d-65f78c4186e0=Assignment(partitions=[topic-4c800678_ee6d_4465_85c2_a06f1b754548-0])}
2025-07-31 20:40:35,086 INFO  [org.apa.kaf.cli.con.int.ConsumerCoordinator] (Thread-688) [Consumer clientId=consumer-Consumer-topic-4c800678_ee6d_4465_85c2_a06f1b754548-12, groupId=Consumer-topic-4c800678_ee6d_4465_85c2_a06f1b754548] Successfully synced group in generation Generation{generationId=5, memberId='consumer-Consumer-topic-4c800678_ee6d_4465_85c2_a06f1b754548-12-11795f52-555e-4577-a54d-65f78c4186e0', protocol='range'}
2025-07-31 20:40:35,087 INFO  [org.apa.kaf.cli.con.int.ConsumerCoordinator] (Thread-688) [Consumer clientId=consumer-Consumer-topic-4c800678_ee6d_4465_85c2_a06f1b754548-12, groupId=Consumer-topic-4c800678_ee6d_4465_85c2_a06f1b754548] Notifying assignor about the new Assignment(partitions=[topic-4c800678_ee6d_4465_85c2_a06f1b754548-0])
2025-07-31 20:40:35,087 INFO  [org.apa.kaf.cli.con.int.ConsumerRebalanceListenerInvoker] (Thread-688) [Consumer clientId=consumer-Consumer-topic-4c800678_ee6d_4465_85c2_a06f1b754548-12, groupId=Consumer-topic-4c800678_ee6d_4465_85c2_a06f1b754548] Adding newly assigned partitions: topic-4c800678_ee6d_4465_85c2_a06f1b754548-0
2025-07-31 20:40:35,090 INFO  [org.apa.kaf.cli.con.int.ConsumerUtils] (Thread-688) Setting offset for partition topic-4c800678_ee6d_4465_85c2_a06f1b754548-0 to the committed offset FetchPosition{offset=30, offsetEpoch=Optional[0], currentLeader=LeaderAndEpoch{leader=Optional[localhost:32770 (id: 0 rack: null)], epoch=0}}
2025-07-31 20:40:35,165 INFO  [io.api.tes.ser.api.KafkaSerdesTester] (Thread-688) topic-4c800678_ee6d_4465_85c2_a06f1b754548 0 30 {"key11753994430363": "value-0", "key21753994432023": "value-0", "key31753994433800": "value-0"}
2025-07-31 20:40:35,165 INFO  [io.api.tes.ser.api.KafkaSerdesTester] (Thread-688) topic-4c800678_ee6d_4465_85c2_a06f1b754548 0 31 {"key11753994430363": "value-1", "key21753994432023": "value-1", "key31753994433800": "value-1"}
2025-07-31 20:40:35,165 INFO  [io.api.tes.ser.api.KafkaSerdesTester] (Thread-688) topic-4c800678_ee6d_4465_85c2_a06f1b754548 0 32 {"key11753994430363": "value-2", "key21753994432023": "value-2", "key31753994433800": "value-2"}
2025-07-31 20:40:35,165 INFO  [io.api.tes.ser.api.KafkaSerdesTester] (Thread-688) topic-4c800678_ee6d_4465_85c2_a06f1b754548 0 33 {"key11753994430363": "value-3", "key21753994432023": "value-3", "key31753994433800": "value-3"}
2025-07-31 20:40:35,165 INFO  [io.api.tes.ser.api.KafkaSerdesTester] (Thread-688) topic-4c800678_ee6d_4465_85c2_a06f1b754548 0 34 {"key11753994430363": "value-4", "key21753994432023": "value-4", "key31753994433800": "value-4"}
2025-07-31 20:40:35,165 INFO  [io.api.tes.ser.api.KafkaSerdesTester] (Thread-688) topic-4c800678_ee6d_4465_85c2_a06f1b754548 0 35 {"key11753994430363": "value-5", "key21753994432023": "value-5", "key31753994433800": "value-5"}
2025-07-31 20:40:35,165 INFO  [io.api.tes.ser.api.KafkaSerdesTester] (Thread-688) topic-4c800678_ee6d_4465_85c2_a06f1b754548 0 36 {"key11753994430363": "value-6", "key21753994432023": "value-6", "key31753994433800": "value-6"}
2025-07-31 20:40:35,165 INFO  [io.api.tes.ser.api.KafkaSerdesTester] (Thread-688) topic-4c800678_ee6d_4465_85c2_a06f1b754548 0 37 {"key11753994430363": "value-7", "key21753994432023": "value-7", "key31753994433800": "value-7"}
2025-07-31 20:40:35,165 INFO  [io.api.tes.ser.api.KafkaSerdesTester] (Thread-688) topic-4c800678_ee6d_4465_85c2_a06f1b754548 0 38 {"key11753994430363": "value-8", "key21753994432023": "value-8", "key31753994433800": "value-8"}
2025-07-31 20:40:35,166 INFO  [io.api.tes.ser.api.KafkaSerdesTester] (Thread-688) topic-4c800678_ee6d_4465_85c2_a06f1b754548 0 39 {"key11753994430363": "value-9", "key21753994432023": "value-9", "key31753994433800": "value-9"}
2025-07-31 20:40:35,166 INFO  [io.api.tes.ser.api.KafkaSerdesTester] (Thread-688) topic-4c800678_ee6d_4465_85c2_a06f1b754548 0 40 {"key11753994430363": "value-0", "key21753994432023": "value-0"}
2025-07-31 20:40:35,166 INFO  [io.api.tes.ser.api.KafkaSerdesTester] (Thread-688) topic-4c800678_ee6d_4465_85c2_a06f1b754548 0 41 {"key11753994430363": "value-1", "key21753994432023": "value-1"}
2025-07-31 20:40:35,166 INFO  [io.api.tes.ser.api.KafkaSerdesTester] (Thread-688) topic-4c800678_ee6d_4465_85c2_a06f1b754548 0 42 {"key11753994430363": "value-2", "key21753994432023": "value-2"}
2025-07-31 20:40:35,166 INFO  [io.api.tes.ser.api.KafkaSerdesTester] (Thread-688) topic-4c800678_ee6d_4465_85c2_a06f1b754548 0 43 {"key11753994430363": "value-3", "key21753994432023": "value-3"}
2025-07-31 20:40:35,166 INFO  [io.api.tes.ser.api.KafkaSerdesTester] (Thread-688) topic-4c800678_ee6d_4465_85c2_a06f1b754548 0 44 {"key11753994430363": "value-4", "key21753994432023": "value-4"}
2025-07-31 20:40:35,166 INFO  [io.api.tes.ser.api.KafkaSerdesTester] (Thread-688) topic-4c800678_ee6d_4465_85c2_a06f1b754548 0 45 {"key11753994430363": "value-5", "key21753994432023": "value-5"}
2025-07-31 20:40:35,166 INFO  [io.api.tes.ser.api.KafkaSerdesTester] (Thread-688) topic-4c800678_ee6d_4465_85c2_a06f1b754548 0 46 {"key11753994430363": "value-6", "key21753994432023": "value-6"}
2025-07-31 20:40:35,166 INFO  [io.api.tes.ser.api.KafkaSerdesTester] (Thread-688) topic-4c800678_ee6d_4465_85c2_a06f1b754548 0 47 {"key11753994430363": "value-7", "key21753994432023": "value-7"}
2025-07-31 20:40:35,166 INFO  [io.api.tes.ser.api.KafkaSerdesTester] (Thread-688) topic-4c800678_ee6d_4465_85c2_a06f1b754548 0 48 {"key11753994430363": "value-8", "key21753994432023": "value-8"}
2025-07-31 20:40:35,166 INFO  [io.api.tes.ser.api.KafkaSerdesTester] (Thread-688) topic-4c800678_ee6d_4465_85c2_a06f1b754548 0 49 {"key11753994430363": "value-9", "key21753994432023": "value-9"}
2025-07-31 20:40:35,166 INFO  [io.api.tes.ser.api.KafkaSerdesTester] (Thread-688) topic-4c800678_ee6d_4465_85c2_a06f1b754548 0 50 {"key11753994430363": "value-0"}
2025-07-31 20:40:35,166 INFO  [io.api.tes.ser.api.KafkaSerdesTester] (Thread-688) topic-4c800678_ee6d_4465_85c2_a06f1b754548 0 51 {"key11753994430363": "value-1"}
2025-07-31 20:40:35,166 INFO  [io.api.tes.ser.api.KafkaSerdesTester] (Thread-688) topic-4c800678_ee6d_4465_85c2_a06f1b754548 0 52 {"key11753994430363": "value-2"}
2025-07-31 20:40:35,166 INFO  [io.api.tes.ser.api.KafkaSerdesTester] (Thread-688) topic-4c800678_ee6d_4465_85c2_a06f1b754548 0 53 {"key11753994430363": "value-3"}
2025-07-31 20:40:35,166 INFO  [io.api.tes.ser.api.KafkaSerdesTester] (Thread-688) topic-4c800678_ee6d_4465_85c2_a06f1b754548 0 54 {"key11753994430363": "value-4"}
2025-07-31 20:40:35,166 INFO  [io.api.tes.ser.api.KafkaSerdesTester] (Thread-688) topic-4c800678_ee6d_4465_85c2_a06f1b754548 0 55 {"key11753994430363": "value-5"}
2025-07-31 20:40:35,166 INFO  [io.api.tes.ser.api.KafkaSerdesTester] (Thread-688) topic-4c800678_ee6d_4465_85c2_a06f1b754548 0 56 {"key11753994430363": "value-6"}
2025-07-31 20:40:35,166 INFO  [io.api.tes.ser.api.KafkaSerdesTester] (Thread-688) topic-4c800678_ee6d_4465_85c2_a06f1b754548 0 57 {"key11753994430363": "value-7"}
2025-07-31 20:40:35,166 INFO  [io.api.tes.ser.api.KafkaSerdesTester] (Thread-688) topic-4c800678_ee6d_4465_85c2_a06f1b754548 0 58 {"key11753994430363": "value-8"}
2025-07-31 20:40:35,166 INFO  [io.api.tes.ser.api.KafkaSerdesTester] (Thread-688) topic-4c800678_ee6d_4465_85c2_a06f1b754548 0 59 {"key11753994430363": "value-9"}
2025-07-31 20:40:35,166 INFO  [io.api.tes.ser.api.KafkaSerdesTester] (Thread-688) Consumed 30 messages
2025-07-31 20:40:35,170 INFO  [org.apa.kaf.cli.con.int.ConsumerRebalanceListenerInvoker] (Thread-688) [Consumer clientId=consumer-Consumer-topic-4c800678_ee6d_4465_85c2_a06f1b754548-12, groupId=Consumer-topic-4c800678_ee6d_4465_85c2_a06f1b754548] Revoke previously assigned partitions topic-4c800678_ee6d_4465_85c2_a06f1b754548-0
2025-07-31 20:40:35,170 INFO  [org.apa.kaf.cli.con.int.ConsumerCoordinator] (Thread-688) [Consumer clientId=consumer-Consumer-topic-4c800678_ee6d_4465_85c2_a06f1b754548-12, groupId=Consumer-topic-4c800678_ee6d_4465_85c2_a06f1b754548] Member consumer-Consumer-topic-4c800678_ee6d_4465_85c2_a06f1b754548-12-11795f52-555e-4577-a54d-65f78c4186e0 sending LeaveGroup request to coordinator localhost:32770 (id: 2147483647 rack: null) due to the consumer is being closed
2025-07-31 20:40:35,170 INFO  [org.apa.kaf.cli.con.int.ConsumerCoordinator] (Thread-688) [Consumer clientId=consumer-Consumer-topic-4c800678_ee6d_4465_85c2_a06f1b754548-12, groupId=Consumer-topic-4c800678_ee6d_4465_85c2_a06f1b754548] Resetting generation and member id due to: consumer pro-actively leaving the group
2025-07-31 20:40:35,170 INFO  [org.apa.kaf.cli.con.int.ConsumerCoordinator] (Thread-688) [Consumer clientId=consumer-Consumer-topic-4c800678_ee6d_4465_85c2_a06f1b754548-12, groupId=Consumer-topic-4c800678_ee6d_4465_85c2_a06f1b754548] Request joining group due to: consumer pro-actively leaving the group
2025-07-31 20:40:35,670 INFO  [org.apa.kaf.com.met.Metrics] (Thread-688) Metrics scheduler closed
2025-07-31 20:40:35,670 INFO  [org.apa.kaf.com.met.Metrics] (Thread-688) Closing reporter org.apache.kafka.common.metrics.JmxReporter
2025-07-31 20:40:35,670 INFO  [org.apa.kaf.com.met.Metrics] (Thread-688) Closing reporter org.apache.kafka.common.telemetry.internals.ClientTelemetryReporter
2025-07-31 20:40:35,670 INFO  [org.apa.kaf.com.met.Metrics] (Thread-688) Metrics reporters closed
2025-07-31 20:40:35,672 INFO  [org.apa.kaf.com.uti.AppInfoParser] (Thread-688) App info kafka.consumer for consumer-Consumer-topic-4c800678_ee6d_4465_85c2_a06f1b754548-12 unregistered
2025-07-31 20:40:35,672 INFO  [org.apa.kaf.cli.pro.KafkaProducer] (main) [Producer clientId=Producer-topic-4c800678_ee6d_4465_85c2_a06f1b754548] Closing the Kafka producer with timeoutMillis = 9223372036854775807 ms.
2025-07-31 20:40:35,672 INFO  [org.apa.kaf.com.met.Metrics] (main) Metrics scheduler closed
2025-07-31 20:40:35,672 INFO  [org.apa.kaf.com.met.Metrics] (main) Closing reporter org.apache.kafka.common.metrics.JmxReporter
2025-07-31 20:40:35,672 INFO  [org.apa.kaf.com.met.Metrics] (main) Closing reporter org.apache.kafka.common.telemetry.internals.ClientTelemetryReporter
2025-07-31 20:40:35,672 INFO  [org.apa.kaf.com.met.Metrics] (main) Metrics reporters closed
2025-07-31 20:40:35,672 INFO  [org.apa.kaf.com.uti.AppInfoParser] (main) App info kafka.producer for Producer-topic-4c800678_ee6d_4465_85c2_a06f1b754548 unregistered
2025-07-31 20:40:35,673 INFO  [io.api.tes.uti.TestSeparator] (main) io.apicurio.tests.serdes.apicurio.AvroSerdeIT.testEvolveAvroApicurio-FINISHED
2025-07-31 20:40:35,673 INFO  [io.api.tes.uti.TestSeparator] (main) ############################################################################
Test passed: testEvolveAvroApicurio
]]></system-out>
  </testcase>
  <testcase name="testTopicRecordIdStrategydFindLatest" classname="io.apicurio.tests.serdes.apicurio.AvroSerdeIT" time="1.683">
    <system-out><![CDATA[2025-07-31 20:40:35,677 INFO  [io.api.tes.uti.TestSeparator] (main) ############################################################################
2025-07-31 20:40:35,677 INFO  [io.api.tes.uti.TestSeparator] (main) io.apicurio.tests.serdes.apicurio.AvroSerdeIT.testTopicRecordIdStrategydFindLatest-STARTED
2025-07-31 20:40:35,677 INFO  [io.api.tes.ser.api.AvroSerdeIT] (main) Registering Avro Schema: {"type":"record","name":"s629c4701x1019x4d2dxa102x60086c8ac71a","namespace":"s6fd3fc18xcff2x43b3xbcbfxaf3bbe32b800","fields":[{"name":"key11753994435677","type":"string"}]}
**** Registry Base URL: http://registry-app-inmemory.apps.ci419.apicurio-testing.org:80
2025-07-31 20:40:36,706 INFO  [org.apa.kaf.cli.pro.ProducerConfig] (main) ProducerConfig values: 
	acks = -1
	auto.include.jmx.reporter = true
	batch.size = 16384
	bootstrap.servers = [PLAINTEXT://localhost:32770]
	buffer.memory = 33554432
	client.dns.lookup = use_all_dns_ips
	client.id = Producer-topic-d4a6a7d7_7dd3_46e2_a161_407e08b434b4
	compression.gzip.level = -1
	compression.lz4.level = 9
	compression.type = none
	compression.zstd.level = 3
	connections.max.idle.ms = 10000
	delivery.timeout.ms = 120000
	enable.idempotence = true
	enable.metrics.push = true
	interceptor.classes = []
	key.serializer = class org.apache.kafka.common.serialization.StringSerializer
	linger.ms = 0
	max.block.ms = 60000
	max.in.flight.requests.per.connection = 5
	max.request.size = 1048576
	metadata.max.age.ms = 300000
	metadata.max.idle.ms = 300000
	metadata.recovery.strategy = none
	metric.reporters = []
	metrics.num.samples = 2
	metrics.recording.level = INFO
	metrics.sample.window.ms = 30000
	partitioner.adaptive.partitioning.enable = true
	partitioner.availability.timeout.ms = 0
	partitioner.class = null
	partitioner.ignore.keys = false
	receive.buffer.bytes = 32768
	reconnect.backoff.max.ms = 1000
	reconnect.backoff.ms = 50
	request.timeout.ms = 5000
	retries = 2147483647
	retry.backoff.max.ms = 1000
	retry.backoff.ms = 100
	sasl.client.callback.handler.class = null
	sasl.jaas.config = null
	sasl.kerberos.kinit.cmd = /usr/bin/kinit
	sasl.kerberos.min.time.before.relogin = 60000
	sasl.kerberos.service.name = null
	sasl.kerberos.ticket.renew.jitter = 0.05
	sasl.kerberos.ticket.renew.window.factor = 0.8
	sasl.login.callback.handler.class = null
	sasl.login.class = null
	sasl.login.connect.timeout.ms = null
	sasl.login.read.timeout.ms = null
	sasl.login.refresh.buffer.seconds = 300
	sasl.login.refresh.min.period.seconds = 60
	sasl.login.refresh.window.factor = 0.8
	sasl.login.refresh.window.jitter = 0.05
	sasl.login.retry.backoff.max.ms = 10000
	sasl.login.retry.backoff.ms = 100
	sasl.mechanism = GSSAPI
	sasl.oauthbearer.clock.skew.seconds = 30
	sasl.oauthbearer.expected.audience = null
	sasl.oauthbearer.expected.issuer = null
	sasl.oauthbearer.header.urlencode = false
	sasl.oauthbearer.jwks.endpoint.refresh.ms = 3600000
	sasl.oauthbearer.jwks.endpoint.retry.backoff.max.ms = 10000
	sasl.oauthbearer.jwks.endpoint.retry.backoff.ms = 100
	sasl.oauthbearer.jwks.endpoint.url = null
	sasl.oauthbearer.scope.claim.name = scope
	sasl.oauthbearer.sub.claim.name = sub
	sasl.oauthbearer.token.endpoint.url = null
	security.protocol = PLAINTEXT
	security.providers = null
	send.buffer.bytes = 131072
	socket.connection.setup.timeout.max.ms = 30000
	socket.connection.setup.timeout.ms = 10000
	ssl.cipher.suites = null
	ssl.enabled.protocols = [TLSv1.2, TLSv1.3]
	ssl.endpoint.identification.algorithm = https
	ssl.engine.factory.class = null
	ssl.key.password = null
	ssl.keymanager.algorithm = SunX509
	ssl.keystore.certificate.chain = null
	ssl.keystore.key = null
	ssl.keystore.location = null
	ssl.keystore.password = null
	ssl.keystore.type = JKS
	ssl.protocol = TLSv1.3
	ssl.provider = null
	ssl.secure.random.implementation = null
	ssl.trustmanager.algorithm = PKIX
	ssl.truststore.certificates = null
	ssl.truststore.location = null
	ssl.truststore.password = null
	ssl.truststore.type = JKS
	transaction.timeout.ms = 60000
	transactional.id = null
	value.serializer = class io.apicurio.registry.serde.avro.AvroKafkaSerializer

2025-07-31 20:40:36,707 INFO  [org.apa.kaf.com.tel.int.KafkaMetricsCollector] (main) initializing Kafka metrics collector
2025-07-31 20:40:36,709 INFO  [org.apa.kaf.cli.pro.KafkaProducer] (main) [Producer clientId=Producer-topic-d4a6a7d7_7dd3_46e2_a161_407e08b434b4] Instantiated an idempotent producer.
2025-07-31 20:40:36,711 INFO  [org.apa.kaf.cli.pro.ProducerConfig] (main) These configurations '[apicurio.registry.find-latest, apicurio.registry.url, apicurio.registry.artifact-resolver-strategy]' were supplied but are not used yet.
2025-07-31 20:40:36,711 INFO  [org.apa.kaf.com.uti.AppInfoParser] (main) Kafka version: 3.9.1
2025-07-31 20:40:36,711 INFO  [org.apa.kaf.com.uti.AppInfoParser] (main) Kafka commitId: f745dfdcee2b9851
2025-07-31 20:40:36,711 INFO  [org.apa.kaf.com.uti.AppInfoParser] (main) Kafka startTimeMs: 1753994436711
2025-07-31 20:40:36,711 INFO  [io.api.tes.ser.api.SimpleSerdesTesterBuilder$SimpleSerdesTester] (main) Using producer configuration: {apicurio.registry.find-latest=true, apicurio.registry.url=http://registry-app-inmemory.apps.ci419.apicurio-testing.org:80/apis/registry/v3, apicurio.registry.artifact-resolver-strategy=io.apicurio.registry.serde.avro.strategy.TopicRecordIdStrategy, value.serializer=io.apicurio.registry.serde.avro.AvroKafkaSerializer, request.timeout.ms=5000, acks=all, bootstrap.servers=PLAINTEXT://localhost:32770, connections.max.idle.ms=10000, key.serializer=org.apache.kafka.common.serialization.StringSerializer, client.id=Producer-topic-d4a6a7d7_7dd3_46e2_a161_407e08b434b4}
2025-07-31 20:40:36,711 INFO  [io.api.tes.ser.api.SimpleSerdesTesterBuilder$SimpleSerdesTester] (main) Using consumer configuration: {}
2025-07-31 20:40:36,713 INFO  [io.api.tes.ser.api.KafkaSerdesTester] (Thread-691) Sending message {"key11753994435677": "value-0"} to topic topic-d4a6a7d7_7dd3_46e2_a161_407e08b434b4
2025-07-31 20:40:36,715 INFO  [org.apa.kaf.cli.Metadata] (kafka-producer-network-thread | Producer-topic-d4a6a7d7_7dd3_46e2_a161_407e08b434b4) [Producer clientId=Producer-topic-d4a6a7d7_7dd3_46e2_a161_407e08b434b4] Cluster ID: b-_w6pXwSzuW2BMgmumbNQ
2025-07-31 20:40:36,716 INFO  [org.apa.kaf.cli.pro.int.TransactionManager] (kafka-producer-network-thread | Producer-topic-d4a6a7d7_7dd3_46e2_a161_407e08b434b4) [Producer clientId=Producer-topic-d4a6a7d7_7dd3_46e2_a161_407e08b434b4] ProducerId set to 18 with epoch 0
2025-07-31 20:40:36,755 INFO  [io.api.tes.ser.api.KafkaSerdesTester] (Thread-691) Sending message {"key11753994435677": "value-1"} to topic topic-d4a6a7d7_7dd3_46e2_a161_407e08b434b4
2025-07-31 20:40:36,758 INFO  [io.api.tes.ser.api.KafkaSerdesTester] (Thread-691) Sending message {"key11753994435677": "value-2"} to topic topic-d4a6a7d7_7dd3_46e2_a161_407e08b434b4
2025-07-31 20:40:36,760 INFO  [io.api.tes.ser.api.KafkaSerdesTester] (Thread-691) Sending message {"key11753994435677": "value-3"} to topic topic-d4a6a7d7_7dd3_46e2_a161_407e08b434b4
2025-07-31 20:40:36,761 INFO  [io.api.tes.ser.api.KafkaSerdesTester] (Thread-691) Sending message {"key11753994435677": "value-4"} to topic topic-d4a6a7d7_7dd3_46e2_a161_407e08b434b4
2025-07-31 20:40:36,762 INFO  [io.api.tes.ser.api.KafkaSerdesTester] (Thread-691) Sending message {"key11753994435677": "value-5"} to topic topic-d4a6a7d7_7dd3_46e2_a161_407e08b434b4
2025-07-31 20:40:36,763 INFO  [io.api.tes.ser.api.KafkaSerdesTester] (Thread-691) Sending message {"key11753994435677": "value-6"} to topic topic-d4a6a7d7_7dd3_46e2_a161_407e08b434b4
2025-07-31 20:40:36,765 INFO  [io.api.tes.ser.api.KafkaSerdesTester] (Thread-691) Sending message {"key11753994435677": "value-7"} to topic topic-d4a6a7d7_7dd3_46e2_a161_407e08b434b4
2025-07-31 20:40:36,766 INFO  [io.api.tes.ser.api.KafkaSerdesTester] (Thread-691) Sending message {"key11753994435677": "value-8"} to topic topic-d4a6a7d7_7dd3_46e2_a161_407e08b434b4
2025-07-31 20:40:36,767 INFO  [io.api.tes.ser.api.KafkaSerdesTester] (Thread-691) Sending message {"key11753994435677": "value-9"} to topic topic-d4a6a7d7_7dd3_46e2_a161_407e08b434b4
2025-07-31 20:40:36,768 INFO  [io.api.tes.ser.api.KafkaSerdesTester] (Thread-691) Produced 10 messages
2025-07-31 20:40:36,768 INFO  [org.apa.kaf.cli.pro.KafkaProducer] (Thread-691) [Producer clientId=Producer-topic-d4a6a7d7_7dd3_46e2_a161_407e08b434b4] Closing the Kafka producer with timeoutMillis = 9223372036854775807 ms.
2025-07-31 20:40:36,770 INFO  [org.apa.kaf.com.met.Metrics] (Thread-691) Metrics scheduler closed
2025-07-31 20:40:36,770 INFO  [org.apa.kaf.com.met.Metrics] (Thread-691) Closing reporter org.apache.kafka.common.metrics.JmxReporter
2025-07-31 20:40:36,770 INFO  [org.apa.kaf.com.met.Metrics] (Thread-691) Closing reporter org.apache.kafka.common.telemetry.internals.ClientTelemetryReporter
2025-07-31 20:40:36,770 INFO  [org.apa.kaf.com.met.Metrics] (Thread-691) Metrics reporters closed
2025-07-31 20:40:36,770 INFO  [org.apa.kaf.com.uti.AppInfoParser] (Thread-691) App info kafka.producer for Producer-topic-d4a6a7d7_7dd3_46e2_a161_407e08b434b4 unregistered
**** Registry Base URL: http://registry-app-inmemory.apps.ci419.apicurio-testing.org:80
2025-07-31 20:40:36,771 INFO  [org.apa.kaf.cli.con.ConsumerConfig] (main) ConsumerConfig values: 
	allow.auto.create.topics = true
	auto.commit.interval.ms = 500
	auto.include.jmx.reporter = true
	auto.offset.reset = earliest
	bootstrap.servers = [PLAINTEXT://localhost:32770]
	check.crcs = true
	client.dns.lookup = use_all_dns_ips
	client.id = consumer-Consumer-topic-d4a6a7d7_7dd3_46e2_a161_407e08b434b4-13
	client.rack = 
	connections.max.idle.ms = 10000
	default.api.timeout.ms = 60000
	enable.auto.commit = true
	enable.metrics.push = true
	exclude.internal.topics = true
	fetch.max.bytes = 52428800
	fetch.max.wait.ms = 500
	fetch.min.bytes = 1
	group.id = Consumer-topic-d4a6a7d7_7dd3_46e2_a161_407e08b434b4
	group.instance.id = null
	group.protocol = classic
	group.remote.assignor = null
	heartbeat.interval.ms = 3000
	interceptor.classes = []
	internal.leave.group.on.close = true
	internal.throw.on.fetch.stable.offset.unsupported = false
	isolation.level = read_uncommitted
	key.deserializer = class org.apache.kafka.common.serialization.StringDeserializer
	max.partition.fetch.bytes = 1048576
	max.poll.interval.ms = 300000
	max.poll.records = 500
	metadata.max.age.ms = 300000
	metadata.recovery.strategy = none
	metric.reporters = []
	metrics.num.samples = 2
	metrics.recording.level = INFO
	metrics.sample.window.ms = 30000
	partition.assignment.strategy = [class org.apache.kafka.clients.consumer.RangeAssignor, class org.apache.kafka.clients.consumer.CooperativeStickyAssignor]
	receive.buffer.bytes = 65536
	reconnect.backoff.max.ms = 1000
	reconnect.backoff.ms = 50
	request.timeout.ms = 5000
	retry.backoff.max.ms = 1000
	retry.backoff.ms = 100
	sasl.client.callback.handler.class = null
	sasl.jaas.config = null
	sasl.kerberos.kinit.cmd = /usr/bin/kinit
	sasl.kerberos.min.time.before.relogin = 60000
	sasl.kerberos.service.name = null
	sasl.kerberos.ticket.renew.jitter = 0.05
	sasl.kerberos.ticket.renew.window.factor = 0.8
	sasl.login.callback.handler.class = null
	sasl.login.class = null
	sasl.login.connect.timeout.ms = null
	sasl.login.read.timeout.ms = null
	sasl.login.refresh.buffer.seconds = 300
	sasl.login.refresh.min.period.seconds = 60
	sasl.login.refresh.window.factor = 0.8
	sasl.login.refresh.window.jitter = 0.05
	sasl.login.retry.backoff.max.ms = 10000
	sasl.login.retry.backoff.ms = 100
	sasl.mechanism = GSSAPI
	sasl.oauthbearer.clock.skew.seconds = 30
	sasl.oauthbearer.expected.audience = null
	sasl.oauthbearer.expected.issuer = null
	sasl.oauthbearer.header.urlencode = false
	sasl.oauthbearer.jwks.endpoint.refresh.ms = 3600000
	sasl.oauthbearer.jwks.endpoint.retry.backoff.max.ms = 10000
	sasl.oauthbearer.jwks.endpoint.retry.backoff.ms = 100
	sasl.oauthbearer.jwks.endpoint.url = null
	sasl.oauthbearer.scope.claim.name = scope
	sasl.oauthbearer.sub.claim.name = sub
	sasl.oauthbearer.token.endpoint.url = null
	security.protocol = PLAINTEXT
	security.providers = null
	send.buffer.bytes = 131072
	session.timeout.ms = 45000
	socket.connection.setup.timeout.max.ms = 30000
	socket.connection.setup.timeout.ms = 10000
	ssl.cipher.suites = null
	ssl.enabled.protocols = [TLSv1.2, TLSv1.3]
	ssl.endpoint.identification.algorithm = https
	ssl.engine.factory.class = null
	ssl.key.password = null
	ssl.keymanager.algorithm = SunX509
	ssl.keystore.certificate.chain = null
	ssl.keystore.key = null
	ssl.keystore.location = null
	ssl.keystore.password = null
	ssl.keystore.type = JKS
	ssl.protocol = TLSv1.3
	ssl.provider = null
	ssl.secure.random.implementation = null
	ssl.trustmanager.algorithm = PKIX
	ssl.truststore.certificates = null
	ssl.truststore.location = null
	ssl.truststore.password = null
	ssl.truststore.type = JKS
	value.deserializer = class io.apicurio.registry.serde.avro.AvroKafkaDeserializer

2025-07-31 20:40:36,772 INFO  [org.apa.kaf.com.tel.int.KafkaMetricsCollector] (main) initializing Kafka metrics collector
2025-07-31 20:40:36,776 INFO  [org.apa.kaf.cli.con.ConsumerConfig] (main) These configurations '[apicurio.registry.url]' were supplied but are not used yet.
2025-07-31 20:40:36,776 INFO  [org.apa.kaf.com.uti.AppInfoParser] (main) Kafka version: 3.9.1
2025-07-31 20:40:36,776 INFO  [org.apa.kaf.com.uti.AppInfoParser] (main) Kafka commitId: f745dfdcee2b9851
2025-07-31 20:40:36,776 INFO  [org.apa.kaf.com.uti.AppInfoParser] (main) Kafka startTimeMs: 1753994436776
2025-07-31 20:40:36,777 INFO  [org.apa.kaf.cli.con.int.ClassicKafkaConsumer] (Thread-694) [Consumer clientId=consumer-Consumer-topic-d4a6a7d7_7dd3_46e2_a161_407e08b434b4-13, groupId=Consumer-topic-d4a6a7d7_7dd3_46e2_a161_407e08b434b4] Subscribed to topic(s): topic-d4a6a7d7_7dd3_46e2_a161_407e08b434b4
2025-07-31 20:40:36,781 INFO  [org.apa.kaf.cli.Metadata] (Thread-694) [Consumer clientId=consumer-Consumer-topic-d4a6a7d7_7dd3_46e2_a161_407e08b434b4-13, groupId=Consumer-topic-d4a6a7d7_7dd3_46e2_a161_407e08b434b4] Cluster ID: b-_w6pXwSzuW2BMgmumbNQ
2025-07-31 20:40:36,781 INFO  [org.apa.kaf.cli.con.int.ConsumerCoordinator] (Thread-694) [Consumer clientId=consumer-Consumer-topic-d4a6a7d7_7dd3_46e2_a161_407e08b434b4-13, groupId=Consumer-topic-d4a6a7d7_7dd3_46e2_a161_407e08b434b4] Discovered group coordinator localhost:32770 (id: 2147483647 rack: null)
2025-07-31 20:40:36,782 INFO  [org.apa.kaf.cli.con.int.ConsumerCoordinator] (Thread-694) [Consumer clientId=consumer-Consumer-topic-d4a6a7d7_7dd3_46e2_a161_407e08b434b4-13, groupId=Consumer-topic-d4a6a7d7_7dd3_46e2_a161_407e08b434b4] (Re-)joining group
2025-07-31 20:40:36,790 INFO  [org.apa.kaf.cli.con.int.ConsumerCoordinator] (Thread-694) [Consumer clientId=consumer-Consumer-topic-d4a6a7d7_7dd3_46e2_a161_407e08b434b4-13, groupId=Consumer-topic-d4a6a7d7_7dd3_46e2_a161_407e08b434b4] Request joining group due to: need to re-join with the given member-id: consumer-Consumer-topic-d4a6a7d7_7dd3_46e2_a161_407e08b434b4-13-567f5bb5-5737-42b6-9656-4ccf7bc92562
2025-07-31 20:40:36,790 INFO  [org.apa.kaf.cli.con.int.ConsumerCoordinator] (Thread-694) [Consumer clientId=consumer-Consumer-topic-d4a6a7d7_7dd3_46e2_a161_407e08b434b4-13, groupId=Consumer-topic-d4a6a7d7_7dd3_46e2_a161_407e08b434b4] (Re-)joining group
2025-07-31 20:40:36,795 INFO  [org.apa.kaf.cli.con.int.ConsumerCoordinator] (Thread-694) [Consumer clientId=consumer-Consumer-topic-d4a6a7d7_7dd3_46e2_a161_407e08b434b4-13, groupId=Consumer-topic-d4a6a7d7_7dd3_46e2_a161_407e08b434b4] Successfully joined group with generation Generation{generationId=1, memberId='consumer-Consumer-topic-d4a6a7d7_7dd3_46e2_a161_407e08b434b4-13-567f5bb5-5737-42b6-9656-4ccf7bc92562', protocol='range'}
2025-07-31 20:40:36,795 INFO  [org.apa.kaf.cli.con.int.ConsumerCoordinator] (Thread-694) [Consumer clientId=consumer-Consumer-topic-d4a6a7d7_7dd3_46e2_a161_407e08b434b4-13, groupId=Consumer-topic-d4a6a7d7_7dd3_46e2_a161_407e08b434b4] Finished assignment for group at generation 1: {consumer-Consumer-topic-d4a6a7d7_7dd3_46e2_a161_407e08b434b4-13-567f5bb5-5737-42b6-9656-4ccf7bc92562=Assignment(partitions=[topic-d4a6a7d7_7dd3_46e2_a161_407e08b434b4-0])}
2025-07-31 20:40:36,798 INFO  [org.apa.kaf.cli.con.int.ConsumerCoordinator] (Thread-694) [Consumer clientId=consumer-Consumer-topic-d4a6a7d7_7dd3_46e2_a161_407e08b434b4-13, groupId=Consumer-topic-d4a6a7d7_7dd3_46e2_a161_407e08b434b4] Successfully synced group in generation Generation{generationId=1, memberId='consumer-Consumer-topic-d4a6a7d7_7dd3_46e2_a161_407e08b434b4-13-567f5bb5-5737-42b6-9656-4ccf7bc92562', protocol='range'}
2025-07-31 20:40:36,798 INFO  [org.apa.kaf.cli.con.int.ConsumerCoordinator] (Thread-694) [Consumer clientId=consumer-Consumer-topic-d4a6a7d7_7dd3_46e2_a161_407e08b434b4-13, groupId=Consumer-topic-d4a6a7d7_7dd3_46e2_a161_407e08b434b4] Notifying assignor about the new Assignment(partitions=[topic-d4a6a7d7_7dd3_46e2_a161_407e08b434b4-0])
2025-07-31 20:40:36,798 INFO  [org.apa.kaf.cli.con.int.ConsumerRebalanceListenerInvoker] (Thread-694) [Consumer clientId=consumer-Consumer-topic-d4a6a7d7_7dd3_46e2_a161_407e08b434b4-13, groupId=Consumer-topic-d4a6a7d7_7dd3_46e2_a161_407e08b434b4] Adding newly assigned partitions: topic-d4a6a7d7_7dd3_46e2_a161_407e08b434b4-0
2025-07-31 20:40:36,799 INFO  [org.apa.kaf.cli.con.int.ConsumerCoordinator] (kafka-coordinator-heartbeat-thread | Consumer-topic-d4a6a7d7_7dd3_46e2_a161_407e08b434b4) [Consumer clientId=consumer-Consumer-topic-d4a6a7d7_7dd3_46e2_a161_407e08b434b4-13, groupId=Consumer-topic-d4a6a7d7_7dd3_46e2_a161_407e08b434b4] Found no committed offset for partition topic-d4a6a7d7_7dd3_46e2_a161_407e08b434b4-0
2025-07-31 20:40:36,811 INFO  [org.apa.kaf.cli.con.int.SubscriptionState] (Thread-694) [Consumer clientId=consumer-Consumer-topic-d4a6a7d7_7dd3_46e2_a161_407e08b434b4-13, groupId=Consumer-topic-d4a6a7d7_7dd3_46e2_a161_407e08b434b4] Resetting offset for partition topic-d4a6a7d7_7dd3_46e2_a161_407e08b434b4-0 to position FetchPosition{offset=0, offsetEpoch=Optional.empty, currentLeader=LeaderAndEpoch{leader=Optional[localhost:32770 (id: 0 rack: null)], epoch=0}}.
2025-07-31 20:40:36,849 INFO  [io.api.tes.ser.api.KafkaSerdesTester] (Thread-694) topic-d4a6a7d7_7dd3_46e2_a161_407e08b434b4 0 0 {"key11753994435677": "value-0"}
2025-07-31 20:40:36,849 INFO  [io.api.tes.ser.api.KafkaSerdesTester] (Thread-694) topic-d4a6a7d7_7dd3_46e2_a161_407e08b434b4 0 1 {"key11753994435677": "value-1"}
2025-07-31 20:40:36,849 INFO  [io.api.tes.ser.api.KafkaSerdesTester] (Thread-694) topic-d4a6a7d7_7dd3_46e2_a161_407e08b434b4 0 2 {"key11753994435677": "value-2"}
2025-07-31 20:40:36,850 INFO  [io.api.tes.ser.api.KafkaSerdesTester] (Thread-694) topic-d4a6a7d7_7dd3_46e2_a161_407e08b434b4 0 3 {"key11753994435677": "value-3"}
2025-07-31 20:40:36,850 INFO  [io.api.tes.ser.api.KafkaSerdesTester] (Thread-694) topic-d4a6a7d7_7dd3_46e2_a161_407e08b434b4 0 4 {"key11753994435677": "value-4"}
2025-07-31 20:40:36,850 INFO  [io.api.tes.ser.api.KafkaSerdesTester] (Thread-694) topic-d4a6a7d7_7dd3_46e2_a161_407e08b434b4 0 5 {"key11753994435677": "value-5"}
2025-07-31 20:40:36,850 INFO  [io.api.tes.ser.api.KafkaSerdesTester] (Thread-694) topic-d4a6a7d7_7dd3_46e2_a161_407e08b434b4 0 6 {"key11753994435677": "value-6"}
2025-07-31 20:40:36,850 INFO  [io.api.tes.ser.api.KafkaSerdesTester] (Thread-694) topic-d4a6a7d7_7dd3_46e2_a161_407e08b434b4 0 7 {"key11753994435677": "value-7"}
2025-07-31 20:40:36,850 INFO  [io.api.tes.ser.api.KafkaSerdesTester] (Thread-694) topic-d4a6a7d7_7dd3_46e2_a161_407e08b434b4 0 8 {"key11753994435677": "value-8"}
2025-07-31 20:40:36,850 INFO  [io.api.tes.ser.api.KafkaSerdesTester] (Thread-694) topic-d4a6a7d7_7dd3_46e2_a161_407e08b434b4 0 9 {"key11753994435677": "value-9"}
2025-07-31 20:40:36,850 INFO  [io.api.tes.ser.api.KafkaSerdesTester] (Thread-694) Consumed 10 messages
2025-07-31 20:40:36,852 INFO  [org.apa.kaf.cli.con.int.ConsumerRebalanceListenerInvoker] (Thread-694) [Consumer clientId=consumer-Consumer-topic-d4a6a7d7_7dd3_46e2_a161_407e08b434b4-13, groupId=Consumer-topic-d4a6a7d7_7dd3_46e2_a161_407e08b434b4] Revoke previously assigned partitions topic-d4a6a7d7_7dd3_46e2_a161_407e08b434b4-0
2025-07-31 20:40:36,852 INFO  [org.apa.kaf.cli.con.int.ConsumerCoordinator] (Thread-694) [Consumer clientId=consumer-Consumer-topic-d4a6a7d7_7dd3_46e2_a161_407e08b434b4-13, groupId=Consumer-topic-d4a6a7d7_7dd3_46e2_a161_407e08b434b4] Member consumer-Consumer-topic-d4a6a7d7_7dd3_46e2_a161_407e08b434b4-13-567f5bb5-5737-42b6-9656-4ccf7bc92562 sending LeaveGroup request to coordinator localhost:32770 (id: 2147483647 rack: null) due to the consumer is being closed
2025-07-31 20:40:36,852 INFO  [org.apa.kaf.cli.con.int.ConsumerCoordinator] (Thread-694) [Consumer clientId=consumer-Consumer-topic-d4a6a7d7_7dd3_46e2_a161_407e08b434b4-13, groupId=Consumer-topic-d4a6a7d7_7dd3_46e2_a161_407e08b434b4] Resetting generation and member id due to: consumer pro-actively leaving the group
2025-07-31 20:40:36,852 INFO  [org.apa.kaf.cli.con.int.ConsumerCoordinator] (Thread-694) [Consumer clientId=consumer-Consumer-topic-d4a6a7d7_7dd3_46e2_a161_407e08b434b4-13, groupId=Consumer-topic-d4a6a7d7_7dd3_46e2_a161_407e08b434b4] Request joining group due to: consumer pro-actively leaving the group
2025-07-31 20:40:37,353 INFO  [org.apa.kaf.com.met.Metrics] (Thread-694) Metrics scheduler closed
2025-07-31 20:40:37,353 INFO  [org.apa.kaf.com.met.Metrics] (Thread-694) Closing reporter org.apache.kafka.common.metrics.JmxReporter
2025-07-31 20:40:37,354 INFO  [org.apa.kaf.com.met.Metrics] (Thread-694) Closing reporter org.apache.kafka.common.telemetry.internals.ClientTelemetryReporter
2025-07-31 20:40:37,354 INFO  [org.apa.kaf.com.met.Metrics] (Thread-694) Metrics reporters closed
2025-07-31 20:40:37,356 INFO  [org.apa.kaf.com.uti.AppInfoParser] (Thread-694) App info kafka.consumer for consumer-Consumer-topic-d4a6a7d7_7dd3_46e2_a161_407e08b434b4-13 unregistered
2025-07-31 20:40:37,357 INFO  [io.api.tes.uti.TestSeparator] (main) io.apicurio.tests.serdes.apicurio.AvroSerdeIT.testTopicRecordIdStrategydFindLatest-FINISHED
2025-07-31 20:40:37,357 INFO  [io.api.tes.uti.TestSeparator] (main) ############################################################################
Test passed: testTopicRecordIdStrategydFindLatest
]]></system-out>
  </testcase>
  <testcase name="testAvroConfluentForMultipleTopics" classname="io.apicurio.tests.serdes.apicurio.AvroSerdeIT" time="2.944">
    <system-out><![CDATA[2025-07-31 20:40:37,358 INFO  [io.api.tes.uti.TestSeparator] (main) ############################################################################
2025-07-31 20:40:37,358 INFO  [io.api.tes.uti.TestSeparator] (main) io.apicurio.tests.serdes.apicurio.AvroSerdeIT.testAvroConfluentForMultipleTopics-STARTED
2025-07-31 20:40:37,361 INFO  [io.api.tes.ser.api.AvroSerdeIT] (main) Registering Avro Schema: {"type":"record","name":"myrecordconfluent","fields":[{"name":"key11753994437358","type":"string"}]}
**** Registry Base URL: http://registry-app-inmemory.apps.ci419.apicurio-testing.org:80
2025-07-31 20:40:38,389 INFO  [org.apa.kaf.cli.pro.ProducerConfig] (main) ProducerConfig values: 
	acks = -1
	auto.include.jmx.reporter = true
	batch.size = 16384
	bootstrap.servers = [PLAINTEXT://localhost:32770]
	buffer.memory = 33554432
	client.dns.lookup = use_all_dns_ips
	client.id = Producer-topic-8952553c_9178_4f8e_8fa4_6502f2608620
	compression.gzip.level = -1
	compression.lz4.level = 9
	compression.type = none
	compression.zstd.level = 3
	connections.max.idle.ms = 10000
	delivery.timeout.ms = 120000
	enable.idempotence = true
	enable.metrics.push = true
	interceptor.classes = []
	key.serializer = class org.apache.kafka.common.serialization.StringSerializer
	linger.ms = 0
	max.block.ms = 60000
	max.in.flight.requests.per.connection = 5
	max.request.size = 1048576
	metadata.max.age.ms = 300000
	metadata.max.idle.ms = 300000
	metadata.recovery.strategy = none
	metric.reporters = []
	metrics.num.samples = 2
	metrics.recording.level = INFO
	metrics.sample.window.ms = 30000
	partitioner.adaptive.partitioning.enable = true
	partitioner.availability.timeout.ms = 0
	partitioner.class = null
	partitioner.ignore.keys = false
	receive.buffer.bytes = 32768
	reconnect.backoff.max.ms = 1000
	reconnect.backoff.ms = 50
	request.timeout.ms = 5000
	retries = 2147483647
	retry.backoff.max.ms = 1000
	retry.backoff.ms = 100
	sasl.client.callback.handler.class = null
	sasl.jaas.config = null
	sasl.kerberos.kinit.cmd = /usr/bin/kinit
	sasl.kerberos.min.time.before.relogin = 60000
	sasl.kerberos.service.name = null
	sasl.kerberos.ticket.renew.jitter = 0.05
	sasl.kerberos.ticket.renew.window.factor = 0.8
	sasl.login.callback.handler.class = null
	sasl.login.class = null
	sasl.login.connect.timeout.ms = null
	sasl.login.read.timeout.ms = null
	sasl.login.refresh.buffer.seconds = 300
	sasl.login.refresh.min.period.seconds = 60
	sasl.login.refresh.window.factor = 0.8
	sasl.login.refresh.window.jitter = 0.05
	sasl.login.retry.backoff.max.ms = 10000
	sasl.login.retry.backoff.ms = 100
	sasl.mechanism = GSSAPI
	sasl.oauthbearer.clock.skew.seconds = 30
	sasl.oauthbearer.expected.audience = null
	sasl.oauthbearer.expected.issuer = null
	sasl.oauthbearer.header.urlencode = false
	sasl.oauthbearer.jwks.endpoint.refresh.ms = 3600000
	sasl.oauthbearer.jwks.endpoint.retry.backoff.max.ms = 10000
	sasl.oauthbearer.jwks.endpoint.retry.backoff.ms = 100
	sasl.oauthbearer.jwks.endpoint.url = null
	sasl.oauthbearer.scope.claim.name = scope
	sasl.oauthbearer.sub.claim.name = sub
	sasl.oauthbearer.token.endpoint.url = null
	security.protocol = PLAINTEXT
	security.providers = null
	send.buffer.bytes = 131072
	socket.connection.setup.timeout.max.ms = 30000
	socket.connection.setup.timeout.ms = 10000
	ssl.cipher.suites = null
	ssl.enabled.protocols = [TLSv1.2, TLSv1.3]
	ssl.endpoint.identification.algorithm = https
	ssl.engine.factory.class = null
	ssl.key.password = null
	ssl.keymanager.algorithm = SunX509
	ssl.keystore.certificate.chain = null
	ssl.keystore.key = null
	ssl.keystore.location = null
	ssl.keystore.password = null
	ssl.keystore.type = JKS
	ssl.protocol = TLSv1.3
	ssl.provider = null
	ssl.secure.random.implementation = null
	ssl.trustmanager.algorithm = PKIX
	ssl.truststore.certificates = null
	ssl.truststore.location = null
	ssl.truststore.password = null
	ssl.truststore.type = JKS
	transaction.timeout.ms = 60000
	transactional.id = null
	value.serializer = class io.apicurio.registry.serde.avro.AvroKafkaSerializer

2025-07-31 20:40:38,389 INFO  [org.apa.kaf.com.tel.int.KafkaMetricsCollector] (main) initializing Kafka metrics collector
2025-07-31 20:40:38,392 INFO  [org.apa.kaf.cli.pro.KafkaProducer] (main) [Producer clientId=Producer-topic-8952553c_9178_4f8e_8fa4_6502f2608620] Instantiated an idempotent producer.
2025-07-31 20:40:38,395 INFO  [org.apa.kaf.cli.pro.ProducerConfig] (main) These configurations '[apicurio.registry.url, apicurio.registry.artifact-resolver-strategy]' were supplied but are not used yet.
2025-07-31 20:40:38,395 INFO  [org.apa.kaf.com.uti.AppInfoParser] (main) Kafka version: 3.9.1
2025-07-31 20:40:38,395 INFO  [org.apa.kaf.com.uti.AppInfoParser] (main) Kafka commitId: f745dfdcee2b9851
2025-07-31 20:40:38,395 INFO  [org.apa.kaf.com.uti.AppInfoParser] (main) Kafka startTimeMs: 1753994438395
**** Registry Base URL: http://registry-app-inmemory.apps.ci419.apicurio-testing.org:80
2025-07-31 20:40:38,395 INFO  [org.apa.kaf.cli.pro.ProducerConfig] (main) ProducerConfig values: 
	acks = -1
	auto.include.jmx.reporter = true
	batch.size = 16384
	bootstrap.servers = [PLAINTEXT://localhost:32770]
	buffer.memory = 33554432
	client.dns.lookup = use_all_dns_ips
	client.id = Producer-topic-34e232fd_e179_4806_95a7_d9928b541164
	compression.gzip.level = -1
	compression.lz4.level = 9
	compression.type = none
	compression.zstd.level = 3
	connections.max.idle.ms = 10000
	delivery.timeout.ms = 120000
	enable.idempotence = true
	enable.metrics.push = true
	interceptor.classes = []
	key.serializer = class org.apache.kafka.common.serialization.StringSerializer
	linger.ms = 0
	max.block.ms = 60000
	max.in.flight.requests.per.connection = 5
	max.request.size = 1048576
	metadata.max.age.ms = 300000
	metadata.max.idle.ms = 300000
	metadata.recovery.strategy = none
	metric.reporters = []
	metrics.num.samples = 2
	metrics.recording.level = INFO
	metrics.sample.window.ms = 30000
	partitioner.adaptive.partitioning.enable = true
	partitioner.availability.timeout.ms = 0
	partitioner.class = null
	partitioner.ignore.keys = false
	receive.buffer.bytes = 32768
	reconnect.backoff.max.ms = 1000
	reconnect.backoff.ms = 50
	request.timeout.ms = 5000
	retries = 2147483647
	retry.backoff.max.ms = 1000
	retry.backoff.ms = 100
	sasl.client.callback.handler.class = null
	sasl.jaas.config = null
	sasl.kerberos.kinit.cmd = /usr/bin/kinit
	sasl.kerberos.min.time.before.relogin = 60000
	sasl.kerberos.service.name = null
	sasl.kerberos.ticket.renew.jitter = 0.05
	sasl.kerberos.ticket.renew.window.factor = 0.8
	sasl.login.callback.handler.class = null
	sasl.login.class = null
	sasl.login.connect.timeout.ms = null
	sasl.login.read.timeout.ms = null
	sasl.login.refresh.buffer.seconds = 300
	sasl.login.refresh.min.period.seconds = 60
	sasl.login.refresh.window.factor = 0.8
	sasl.login.refresh.window.jitter = 0.05
	sasl.login.retry.backoff.max.ms = 10000
	sasl.login.retry.backoff.ms = 100
	sasl.mechanism = GSSAPI
	sasl.oauthbearer.clock.skew.seconds = 30
	sasl.oauthbearer.expected.audience = null
	sasl.oauthbearer.expected.issuer = null
	sasl.oauthbearer.header.urlencode = false
	sasl.oauthbearer.jwks.endpoint.refresh.ms = 3600000
	sasl.oauthbearer.jwks.endpoint.retry.backoff.max.ms = 10000
	sasl.oauthbearer.jwks.endpoint.retry.backoff.ms = 100
	sasl.oauthbearer.jwks.endpoint.url = null
	sasl.oauthbearer.scope.claim.name = scope
	sasl.oauthbearer.sub.claim.name = sub
	sasl.oauthbearer.token.endpoint.url = null
	security.protocol = PLAINTEXT
	security.providers = null
	send.buffer.bytes = 131072
	socket.connection.setup.timeout.max.ms = 30000
	socket.connection.setup.timeout.ms = 10000
	ssl.cipher.suites = null
	ssl.enabled.protocols = [TLSv1.2, TLSv1.3]
	ssl.endpoint.identification.algorithm = https
	ssl.engine.factory.class = null
	ssl.key.password = null
	ssl.keymanager.algorithm = SunX509
	ssl.keystore.certificate.chain = null
	ssl.keystore.key = null
	ssl.keystore.location = null
	ssl.keystore.password = null
	ssl.keystore.type = JKS
	ssl.protocol = TLSv1.3
	ssl.provider = null
	ssl.secure.random.implementation = null
	ssl.trustmanager.algorithm = PKIX
	ssl.truststore.certificates = null
	ssl.truststore.location = null
	ssl.truststore.password = null
	ssl.truststore.type = JKS
	transaction.timeout.ms = 60000
	transactional.id = null
	value.serializer = class io.apicurio.registry.serde.avro.AvroKafkaSerializer

2025-07-31 20:40:38,396 INFO  [org.apa.kaf.com.tel.int.KafkaMetricsCollector] (main) initializing Kafka metrics collector
2025-07-31 20:40:38,406 INFO  [org.apa.kaf.cli.pro.KafkaProducer] (main) [Producer clientId=Producer-topic-34e232fd_e179_4806_95a7_d9928b541164] Instantiated an idempotent producer.
2025-07-31 20:40:38,408 INFO  [org.apa.kaf.cli.Metadata] (kafka-producer-network-thread | Producer-topic-8952553c_9178_4f8e_8fa4_6502f2608620) [Producer clientId=Producer-topic-8952553c_9178_4f8e_8fa4_6502f2608620] Cluster ID: b-_w6pXwSzuW2BMgmumbNQ
2025-07-31 20:40:38,412 INFO  [org.apa.kaf.cli.pro.ProducerConfig] (main) These configurations '[apicurio.registry.url, apicurio.registry.artifact-resolver-strategy]' were supplied but are not used yet.
2025-07-31 20:40:38,412 INFO  [org.apa.kaf.com.uti.AppInfoParser] (main) Kafka version: 3.9.1
2025-07-31 20:40:38,412 INFO  [org.apa.kaf.com.uti.AppInfoParser] (main) Kafka commitId: f745dfdcee2b9851
2025-07-31 20:40:38,412 INFO  [org.apa.kaf.com.uti.AppInfoParser] (main) Kafka startTimeMs: 1753994438412
**** Registry Base URL: http://registry-app-inmemory.apps.ci419.apicurio-testing.org:80
2025-07-31 20:40:38,413 INFO  [org.apa.kaf.cli.pro.ProducerConfig] (main) ProducerConfig values: 
	acks = -1
	auto.include.jmx.reporter = true
	batch.size = 16384
	bootstrap.servers = [PLAINTEXT://localhost:32770]
	buffer.memory = 33554432
	client.dns.lookup = use_all_dns_ips
	client.id = Producer-topic-2e93a987_b97d_4be5_a057_6a4912516ff1
	compression.gzip.level = -1
	compression.lz4.level = 9
	compression.type = none
	compression.zstd.level = 3
	connections.max.idle.ms = 10000
	delivery.timeout.ms = 120000
	enable.idempotence = true
	enable.metrics.push = true
	interceptor.classes = []
	key.serializer = class org.apache.kafka.common.serialization.StringSerializer
	linger.ms = 0
	max.block.ms = 60000
	max.in.flight.requests.per.connection = 5
	max.request.size = 1048576
	metadata.max.age.ms = 300000
	metadata.max.idle.ms = 300000
	metadata.recovery.strategy = none
	metric.reporters = []
	metrics.num.samples = 2
	metrics.recording.level = INFO
	metrics.sample.window.ms = 30000
	partitioner.adaptive.partitioning.enable = true
	partitioner.availability.timeout.ms = 0
	partitioner.class = null
	partitioner.ignore.keys = false
	receive.buffer.bytes = 32768
	reconnect.backoff.max.ms = 1000
	reconnect.backoff.ms = 50
	request.timeout.ms = 5000
	retries = 2147483647
	retry.backoff.max.ms = 1000
	retry.backoff.ms = 100
	sasl.client.callback.handler.class = null
	sasl.jaas.config = null
	sasl.kerberos.kinit.cmd = /usr/bin/kinit
	sasl.kerberos.min.time.before.relogin = 60000
	sasl.kerberos.service.name = null
	sasl.kerberos.ticket.renew.jitter = 0.05
	sasl.kerberos.ticket.renew.window.factor = 0.8
	sasl.login.callback.handler.class = null
	sasl.login.class = null
	sasl.login.connect.timeout.ms = null
	sasl.login.read.timeout.ms = null
	sasl.login.refresh.buffer.seconds = 300
	sasl.login.refresh.min.period.seconds = 60
	sasl.login.refresh.window.factor = 0.8
	sasl.login.refresh.window.jitter = 0.05
	sasl.login.retry.backoff.max.ms = 10000
	sasl.login.retry.backoff.ms = 100
	sasl.mechanism = GSSAPI
	sasl.oauthbearer.clock.skew.seconds = 30
	sasl.oauthbearer.expected.audience = null
	sasl.oauthbearer.expected.issuer = null
	sasl.oauthbearer.header.urlencode = false
	sasl.oauthbearer.jwks.endpoint.refresh.ms = 3600000
	sasl.oauthbearer.jwks.endpoint.retry.backoff.max.ms = 10000
	sasl.oauthbearer.jwks.endpoint.retry.backoff.ms = 100
	sasl.oauthbearer.jwks.endpoint.url = null
	sasl.oauthbearer.scope.claim.name = scope
	sasl.oauthbearer.sub.claim.name = sub
	sasl.oauthbearer.token.endpoint.url = null
	security.protocol = PLAINTEXT
	security.providers = null
	send.buffer.bytes = 131072
	socket.connection.setup.timeout.max.ms = 30000
	socket.connection.setup.timeout.ms = 10000
	ssl.cipher.suites = null
	ssl.enabled.protocols = [TLSv1.2, TLSv1.3]
	ssl.endpoint.identification.algorithm = https
	ssl.engine.factory.class = null
	ssl.key.password = null
	ssl.keymanager.algorithm = SunX509
	ssl.keystore.certificate.chain = null
	ssl.keystore.key = null
	ssl.keystore.location = null
	ssl.keystore.password = null
	ssl.keystore.type = JKS
	ssl.protocol = TLSv1.3
	ssl.provider = null
	ssl.secure.random.implementation = null
	ssl.trustmanager.algorithm = PKIX
	ssl.truststore.certificates = null
	ssl.truststore.location = null
	ssl.truststore.password = null
	ssl.truststore.type = JKS
	transaction.timeout.ms = 60000
	transactional.id = null
	value.serializer = class io.apicurio.registry.serde.avro.AvroKafkaSerializer

2025-07-31 20:40:38,413 INFO  [org.apa.kaf.com.tel.int.KafkaMetricsCollector] (main) initializing Kafka metrics collector
2025-07-31 20:40:38,415 INFO  [org.apa.kaf.cli.pro.int.TransactionManager] (kafka-producer-network-thread | Producer-topic-8952553c_9178_4f8e_8fa4_6502f2608620) [Producer clientId=Producer-topic-8952553c_9178_4f8e_8fa4_6502f2608620] ProducerId set to 19 with epoch 0
2025-07-31 20:40:38,417 INFO  [org.apa.kaf.cli.Metadata] (kafka-producer-network-thread | Producer-topic-34e232fd_e179_4806_95a7_d9928b541164) [Producer clientId=Producer-topic-34e232fd_e179_4806_95a7_d9928b541164] Cluster ID: b-_w6pXwSzuW2BMgmumbNQ
2025-07-31 20:40:38,417 INFO  [org.apa.kaf.cli.pro.int.TransactionManager] (kafka-producer-network-thread | Producer-topic-34e232fd_e179_4806_95a7_d9928b541164) [Producer clientId=Producer-topic-34e232fd_e179_4806_95a7_d9928b541164] ProducerId set to 20 with epoch 0
2025-07-31 20:40:38,418 INFO  [org.apa.kaf.cli.pro.KafkaProducer] (main) [Producer clientId=Producer-topic-2e93a987_b97d_4be5_a057_6a4912516ff1] Instantiated an idempotent producer.
2025-07-31 20:40:38,420 INFO  [org.apa.kaf.cli.pro.ProducerConfig] (main) These configurations '[apicurio.registry.url, apicurio.registry.artifact-resolver-strategy]' were supplied but are not used yet.
2025-07-31 20:40:38,420 INFO  [org.apa.kaf.com.uti.AppInfoParser] (main) Kafka version: 3.9.1
2025-07-31 20:40:38,421 INFO  [org.apa.kaf.com.uti.AppInfoParser] (main) Kafka commitId: f745dfdcee2b9851
2025-07-31 20:40:38,421 INFO  [org.apa.kaf.com.uti.AppInfoParser] (main) Kafka startTimeMs: 1753994438420
**** Registry Base URL: http://registry-app-inmemory.apps.ci419.apicurio-testing.org:80
2025-07-31 20:40:38,424 INFO  [org.apa.kaf.cli.con.ConsumerConfig] (main) ConsumerConfig values: 
	allow.auto.create.topics = true
	auto.commit.interval.ms = 500
	auto.include.jmx.reporter = true
	auto.offset.reset = earliest
	bootstrap.servers = [PLAINTEXT://localhost:32770]
	check.crcs = true
	client.dns.lookup = use_all_dns_ips
	client.id = consumer-Consumer-topic-8952553c_9178_4f8e_8fa4_6502f2608620-14
	client.rack = 
	connections.max.idle.ms = 10000
	default.api.timeout.ms = 60000
	enable.auto.commit = true
	enable.metrics.push = true
	exclude.internal.topics = true
	fetch.max.bytes = 52428800
	fetch.max.wait.ms = 500
	fetch.min.bytes = 1
	group.id = Consumer-topic-8952553c_9178_4f8e_8fa4_6502f2608620
	group.instance.id = null
	group.protocol = classic
	group.remote.assignor = null
	heartbeat.interval.ms = 3000
	interceptor.classes = []
	internal.leave.group.on.close = true
	internal.throw.on.fetch.stable.offset.unsupported = false
	isolation.level = read_uncommitted
	key.deserializer = class org.apache.kafka.common.serialization.StringDeserializer
	max.partition.fetch.bytes = 1048576
	max.poll.interval.ms = 300000
	max.poll.records = 500
	metadata.max.age.ms = 300000
	metadata.recovery.strategy = none
	metric.reporters = []
	metrics.num.samples = 2
	metrics.recording.level = INFO
	metrics.sample.window.ms = 30000
	partition.assignment.strategy = [class org.apache.kafka.clients.consumer.RangeAssignor, class org.apache.kafka.clients.consumer.CooperativeStickyAssignor]
	receive.buffer.bytes = 65536
	reconnect.backoff.max.ms = 1000
	reconnect.backoff.ms = 50
	request.timeout.ms = 5000
	retry.backoff.max.ms = 1000
	retry.backoff.ms = 100
	sasl.client.callback.handler.class = null
	sasl.jaas.config = null
	sasl.kerberos.kinit.cmd = /usr/bin/kinit
	sasl.kerberos.min.time.before.relogin = 60000
	sasl.kerberos.service.name = null
	sasl.kerberos.ticket.renew.jitter = 0.05
	sasl.kerberos.ticket.renew.window.factor = 0.8
	sasl.login.callback.handler.class = null
	sasl.login.class = null
	sasl.login.connect.timeout.ms = null
	sasl.login.read.timeout.ms = null
	sasl.login.refresh.buffer.seconds = 300
	sasl.login.refresh.min.period.seconds = 60
	sasl.login.refresh.window.factor = 0.8
	sasl.login.refresh.window.jitter = 0.05
	sasl.login.retry.backoff.max.ms = 10000
	sasl.login.retry.backoff.ms = 100
	sasl.mechanism = GSSAPI
	sasl.oauthbearer.clock.skew.seconds = 30
	sasl.oauthbearer.expected.audience = null
	sasl.oauthbearer.expected.issuer = null
	sasl.oauthbearer.header.urlencode = false
	sasl.oauthbearer.jwks.endpoint.refresh.ms = 3600000
	sasl.oauthbearer.jwks.endpoint.retry.backoff.max.ms = 10000
	sasl.oauthbearer.jwks.endpoint.retry.backoff.ms = 100
	sasl.oauthbearer.jwks.endpoint.url = null
	sasl.oauthbearer.scope.claim.name = scope
	sasl.oauthbearer.sub.claim.name = sub
	sasl.oauthbearer.token.endpoint.url = null
	security.protocol = PLAINTEXT
	security.providers = null
	send.buffer.bytes = 131072
	session.timeout.ms = 45000
	socket.connection.setup.timeout.max.ms = 30000
	socket.connection.setup.timeout.ms = 10000
	ssl.cipher.suites = null
	ssl.enabled.protocols = [TLSv1.2, TLSv1.3]
	ssl.endpoint.identification.algorithm = https
	ssl.engine.factory.class = null
	ssl.key.password = null
	ssl.keymanager.algorithm = SunX509
	ssl.keystore.certificate.chain = null
	ssl.keystore.key = null
	ssl.keystore.location = null
	ssl.keystore.password = null
	ssl.keystore.type = JKS
	ssl.protocol = TLSv1.3
	ssl.provider = null
	ssl.secure.random.implementation = null
	ssl.trustmanager.algorithm = PKIX
	ssl.truststore.certificates = null
	ssl.truststore.location = null
	ssl.truststore.password = null
	ssl.truststore.type = JKS
	value.deserializer = class io.apicurio.registry.serde.avro.AvroKafkaDeserializer

2025-07-31 20:40:38,426 INFO  [org.apa.kaf.com.tel.int.KafkaMetricsCollector] (main) initializing Kafka metrics collector
2025-07-31 20:40:38,429 INFO  [org.apa.kaf.cli.Metadata] (kafka-producer-network-thread | Producer-topic-2e93a987_b97d_4be5_a057_6a4912516ff1) [Producer clientId=Producer-topic-2e93a987_b97d_4be5_a057_6a4912516ff1] Cluster ID: b-_w6pXwSzuW2BMgmumbNQ
2025-07-31 20:40:38,429 INFO  [org.apa.kaf.cli.pro.int.TransactionManager] (kafka-producer-network-thread | Producer-topic-2e93a987_b97d_4be5_a057_6a4912516ff1) [Producer clientId=Producer-topic-2e93a987_b97d_4be5_a057_6a4912516ff1] ProducerId set to 21 with epoch 0
2025-07-31 20:40:38,438 INFO  [org.apa.kaf.cli.con.ConsumerConfig] (main) These configurations '[apicurio.registry.url]' were supplied but are not used yet.
2025-07-31 20:40:38,438 INFO  [org.apa.kaf.com.uti.AppInfoParser] (main) Kafka version: 3.9.1
2025-07-31 20:40:38,438 INFO  [org.apa.kaf.com.uti.AppInfoParser] (main) Kafka commitId: f745dfdcee2b9851
2025-07-31 20:40:38,438 INFO  [org.apa.kaf.com.uti.AppInfoParser] (main) Kafka startTimeMs: 1753994438438
**** Registry Base URL: http://registry-app-inmemory.apps.ci419.apicurio-testing.org:80
2025-07-31 20:40:38,439 INFO  [org.apa.kaf.cli.con.ConsumerConfig] (main) ConsumerConfig values: 
	allow.auto.create.topics = true
	auto.commit.interval.ms = 500
	auto.include.jmx.reporter = true
	auto.offset.reset = earliest
	bootstrap.servers = [PLAINTEXT://localhost:32770]
	check.crcs = true
	client.dns.lookup = use_all_dns_ips
	client.id = consumer-Consumer-topic-34e232fd_e179_4806_95a7_d9928b541164-15
	client.rack = 
	connections.max.idle.ms = 10000
	default.api.timeout.ms = 60000
	enable.auto.commit = true
	enable.metrics.push = true
	exclude.internal.topics = true
	fetch.max.bytes = 52428800
	fetch.max.wait.ms = 500
	fetch.min.bytes = 1
	group.id = Consumer-topic-34e232fd_e179_4806_95a7_d9928b541164
	group.instance.id = null
	group.protocol = classic
	group.remote.assignor = null
	heartbeat.interval.ms = 3000
	interceptor.classes = []
	internal.leave.group.on.close = true
	internal.throw.on.fetch.stable.offset.unsupported = false
	isolation.level = read_uncommitted
	key.deserializer = class org.apache.kafka.common.serialization.StringDeserializer
	max.partition.fetch.bytes = 1048576
	max.poll.interval.ms = 300000
	max.poll.records = 500
	metadata.max.age.ms = 300000
	metadata.recovery.strategy = none
	metric.reporters = []
	metrics.num.samples = 2
	metrics.recording.level = INFO
	metrics.sample.window.ms = 30000
	partition.assignment.strategy = [class org.apache.kafka.clients.consumer.RangeAssignor, class org.apache.kafka.clients.consumer.CooperativeStickyAssignor]
	receive.buffer.bytes = 65536
	reconnect.backoff.max.ms = 1000
	reconnect.backoff.ms = 50
	request.timeout.ms = 5000
	retry.backoff.max.ms = 1000
	retry.backoff.ms = 100
	sasl.client.callback.handler.class = null
	sasl.jaas.config = null
	sasl.kerberos.kinit.cmd = /usr/bin/kinit
	sasl.kerberos.min.time.before.relogin = 60000
	sasl.kerberos.service.name = null
	sasl.kerberos.ticket.renew.jitter = 0.05
	sasl.kerberos.ticket.renew.window.factor = 0.8
	sasl.login.callback.handler.class = null
	sasl.login.class = null
	sasl.login.connect.timeout.ms = null
	sasl.login.read.timeout.ms = null
	sasl.login.refresh.buffer.seconds = 300
	sasl.login.refresh.min.period.seconds = 60
	sasl.login.refresh.window.factor = 0.8
	sasl.login.refresh.window.jitter = 0.05
	sasl.login.retry.backoff.max.ms = 10000
	sasl.login.retry.backoff.ms = 100
	sasl.mechanism = GSSAPI
	sasl.oauthbearer.clock.skew.seconds = 30
	sasl.oauthbearer.expected.audience = null
	sasl.oauthbearer.expected.issuer = null
	sasl.oauthbearer.header.urlencode = false
	sasl.oauthbearer.jwks.endpoint.refresh.ms = 3600000
	sasl.oauthbearer.jwks.endpoint.retry.backoff.max.ms = 10000
	sasl.oauthbearer.jwks.endpoint.retry.backoff.ms = 100
	sasl.oauthbearer.jwks.endpoint.url = null
	sasl.oauthbearer.scope.claim.name = scope
	sasl.oauthbearer.sub.claim.name = sub
	sasl.oauthbearer.token.endpoint.url = null
	security.protocol = PLAINTEXT
	security.providers = null
	send.buffer.bytes = 131072
	session.timeout.ms = 45000
	socket.connection.setup.timeout.max.ms = 30000
	socket.connection.setup.timeout.ms = 10000
	ssl.cipher.suites = null
	ssl.enabled.protocols = [TLSv1.2, TLSv1.3]
	ssl.endpoint.identification.algorithm = https
	ssl.engine.factory.class = null
	ssl.key.password = null
	ssl.keymanager.algorithm = SunX509
	ssl.keystore.certificate.chain = null
	ssl.keystore.key = null
	ssl.keystore.location = null
	ssl.keystore.password = null
	ssl.keystore.type = JKS
	ssl.protocol = TLSv1.3
	ssl.provider = null
	ssl.secure.random.implementation = null
	ssl.trustmanager.algorithm = PKIX
	ssl.truststore.certificates = null
	ssl.truststore.location = null
	ssl.truststore.password = null
	ssl.truststore.type = JKS
	value.deserializer = class io.apicurio.registry.serde.avro.AvroKafkaDeserializer

2025-07-31 20:40:38,439 INFO  [org.apa.kaf.com.tel.int.KafkaMetricsCollector] (main) initializing Kafka metrics collector
2025-07-31 20:40:38,443 INFO  [org.apa.kaf.cli.con.ConsumerConfig] (main) These configurations '[apicurio.registry.url]' were supplied but are not used yet.
2025-07-31 20:40:38,443 INFO  [org.apa.kaf.com.uti.AppInfoParser] (main) Kafka version: 3.9.1
2025-07-31 20:40:38,443 INFO  [org.apa.kaf.com.uti.AppInfoParser] (main) Kafka commitId: f745dfdcee2b9851
2025-07-31 20:40:38,443 INFO  [org.apa.kaf.com.uti.AppInfoParser] (main) Kafka startTimeMs: 1753994438443
**** Registry Base URL: http://registry-app-inmemory.apps.ci419.apicurio-testing.org:80
2025-07-31 20:40:38,443 INFO  [org.apa.kaf.cli.con.ConsumerConfig] (main) ConsumerConfig values: 
	allow.auto.create.topics = true
	auto.commit.interval.ms = 500
	auto.include.jmx.reporter = true
	auto.offset.reset = earliest
	bootstrap.servers = [PLAINTEXT://localhost:32770]
	check.crcs = true
	client.dns.lookup = use_all_dns_ips
	client.id = consumer-Consumer-topic-2e93a987_b97d_4be5_a057_6a4912516ff1-16
	client.rack = 
	connections.max.idle.ms = 10000
	default.api.timeout.ms = 60000
	enable.auto.commit = true
	enable.metrics.push = true
	exclude.internal.topics = true
	fetch.max.bytes = 52428800
	fetch.max.wait.ms = 500
	fetch.min.bytes = 1
	group.id = Consumer-topic-2e93a987_b97d_4be5_a057_6a4912516ff1
	group.instance.id = null
	group.protocol = classic
	group.remote.assignor = null
	heartbeat.interval.ms = 3000
	interceptor.classes = []
	internal.leave.group.on.close = true
	internal.throw.on.fetch.stable.offset.unsupported = false
	isolation.level = read_uncommitted
	key.deserializer = class org.apache.kafka.common.serialization.StringDeserializer
	max.partition.fetch.bytes = 1048576
	max.poll.interval.ms = 300000
	max.poll.records = 500
	metadata.max.age.ms = 300000
	metadata.recovery.strategy = none
	metric.reporters = []
	metrics.num.samples = 2
	metrics.recording.level = INFO
	metrics.sample.window.ms = 30000
	partition.assignment.strategy = [class org.apache.kafka.clients.consumer.RangeAssignor, class org.apache.kafka.clients.consumer.CooperativeStickyAssignor]
	receive.buffer.bytes = 65536
	reconnect.backoff.max.ms = 1000
	reconnect.backoff.ms = 50
	request.timeout.ms = 5000
	retry.backoff.max.ms = 1000
	retry.backoff.ms = 100
	sasl.client.callback.handler.class = null
	sasl.jaas.config = null
	sasl.kerberos.kinit.cmd = /usr/bin/kinit
	sasl.kerberos.min.time.before.relogin = 60000
	sasl.kerberos.service.name = null
	sasl.kerberos.ticket.renew.jitter = 0.05
	sasl.kerberos.ticket.renew.window.factor = 0.8
	sasl.login.callback.handler.class = null
	sasl.login.class = null
	sasl.login.connect.timeout.ms = null
	sasl.login.read.timeout.ms = null
	sasl.login.refresh.buffer.seconds = 300
	sasl.login.refresh.min.period.seconds = 60
	sasl.login.refresh.window.factor = 0.8
	sasl.login.refresh.window.jitter = 0.05
	sasl.login.retry.backoff.max.ms = 10000
	sasl.login.retry.backoff.ms = 100
	sasl.mechanism = GSSAPI
	sasl.oauthbearer.clock.skew.seconds = 30
	sasl.oauthbearer.expected.audience = null
	sasl.oauthbearer.expected.issuer = null
	sasl.oauthbearer.header.urlencode = false
	sasl.oauthbearer.jwks.endpoint.refresh.ms = 3600000
	sasl.oauthbearer.jwks.endpoint.retry.backoff.max.ms = 10000
	sasl.oauthbearer.jwks.endpoint.retry.backoff.ms = 100
	sasl.oauthbearer.jwks.endpoint.url = null
	sasl.oauthbearer.scope.claim.name = scope
	sasl.oauthbearer.sub.claim.name = sub
	sasl.oauthbearer.token.endpoint.url = null
	security.protocol = PLAINTEXT
	security.providers = null
	send.buffer.bytes = 131072
	session.timeout.ms = 45000
	socket.connection.setup.timeout.max.ms = 30000
	socket.connection.setup.timeout.ms = 10000
	ssl.cipher.suites = null
	ssl.enabled.protocols = [TLSv1.2, TLSv1.3]
	ssl.endpoint.identification.algorithm = https
	ssl.engine.factory.class = null
	ssl.key.password = null
	ssl.keymanager.algorithm = SunX509
	ssl.keystore.certificate.chain = null
	ssl.keystore.key = null
	ssl.keystore.location = null
	ssl.keystore.password = null
	ssl.keystore.type = JKS
	ssl.protocol = TLSv1.3
	ssl.provider = null
	ssl.secure.random.implementation = null
	ssl.trustmanager.algorithm = PKIX
	ssl.truststore.certificates = null
	ssl.truststore.location = null
	ssl.truststore.password = null
	ssl.truststore.type = JKS
	value.deserializer = class io.apicurio.registry.serde.avro.AvroKafkaDeserializer

2025-07-31 20:40:38,443 INFO  [org.apa.kaf.com.tel.int.KafkaMetricsCollector] (main) initializing Kafka metrics collector
2025-07-31 20:40:38,453 INFO  [org.apa.kaf.cli.con.ConsumerConfig] (main) These configurations '[apicurio.registry.url]' were supplied but are not used yet.
2025-07-31 20:40:38,453 INFO  [org.apa.kaf.com.uti.AppInfoParser] (main) Kafka version: 3.9.1
2025-07-31 20:40:38,454 INFO  [org.apa.kaf.com.uti.AppInfoParser] (main) Kafka commitId: f745dfdcee2b9851
2025-07-31 20:40:38,454 INFO  [org.apa.kaf.com.uti.AppInfoParser] (main) Kafka startTimeMs: 1753994438453
2025-07-31 20:40:38,454 INFO  [io.api.tes.ser.api.KafkaSerdesTester] (Thread-707) Sending message {"key11753994437358": "value-0"} to topic topic-8952553c_9178_4f8e_8fa4_6502f2608620
2025-07-31 20:40:38,459 INFO  [DefaultSchemaResolver] (Thread-707) Retrieving schema content using string: {"type":"record","name":"myrecordconfluent","fields":[{"name":"key11753994437358","type":"string"}]}
2025-07-31 20:40:38,481 INFO  [io.api.tes.ser.api.KafkaSerdesTester] (Thread-707) Sending message {"key11753994437358": "value-1"} to topic topic-8952553c_9178_4f8e_8fa4_6502f2608620
2025-07-31 20:40:38,483 INFO  [io.api.tes.ser.api.KafkaSerdesTester] (Thread-707) Sending message {"key11753994437358": "value-2"} to topic topic-8952553c_9178_4f8e_8fa4_6502f2608620
2025-07-31 20:40:38,484 INFO  [io.api.tes.ser.api.KafkaSerdesTester] (Thread-707) Sending message {"key11753994437358": "value-3"} to topic topic-8952553c_9178_4f8e_8fa4_6502f2608620
2025-07-31 20:40:38,486 INFO  [io.api.tes.ser.api.KafkaSerdesTester] (Thread-707) Sending message {"key11753994437358": "value-4"} to topic topic-8952553c_9178_4f8e_8fa4_6502f2608620
2025-07-31 20:40:38,491 INFO  [io.api.tes.ser.api.KafkaSerdesTester] (Thread-707) Sending message {"key11753994437358": "value-5"} to topic topic-8952553c_9178_4f8e_8fa4_6502f2608620
2025-07-31 20:40:38,493 INFO  [io.api.tes.ser.api.KafkaSerdesTester] (Thread-707) Sending message {"key11753994437358": "value-6"} to topic topic-8952553c_9178_4f8e_8fa4_6502f2608620
2025-07-31 20:40:38,494 INFO  [io.api.tes.ser.api.KafkaSerdesTester] (Thread-707) Sending message {"key11753994437358": "value-7"} to topic topic-8952553c_9178_4f8e_8fa4_6502f2608620
2025-07-31 20:40:38,496 INFO  [io.api.tes.ser.api.KafkaSerdesTester] (Thread-707) Sending message {"key11753994437358": "value-8"} to topic topic-8952553c_9178_4f8e_8fa4_6502f2608620
2025-07-31 20:40:38,498 INFO  [io.api.tes.ser.api.KafkaSerdesTester] (Thread-707) Sending message {"key11753994437358": "value-9"} to topic topic-8952553c_9178_4f8e_8fa4_6502f2608620
2025-07-31 20:40:38,499 INFO  [io.api.tes.ser.api.KafkaSerdesTester] (Thread-707) Produced 10 messages
2025-07-31 20:40:38,499 INFO  [org.apa.kaf.cli.pro.KafkaProducer] (Thread-707) [Producer clientId=Producer-topic-8952553c_9178_4f8e_8fa4_6502f2608620] Closing the Kafka producer with timeoutMillis = 9223372036854775807 ms.
2025-07-31 20:40:38,505 INFO  [org.apa.kaf.com.met.Metrics] (Thread-707) Metrics scheduler closed
2025-07-31 20:40:38,505 INFO  [org.apa.kaf.com.met.Metrics] (Thread-707) Closing reporter org.apache.kafka.common.metrics.JmxReporter
2025-07-31 20:40:38,505 INFO  [org.apa.kaf.com.met.Metrics] (Thread-707) Closing reporter org.apache.kafka.common.telemetry.internals.ClientTelemetryReporter
2025-07-31 20:40:38,505 INFO  [org.apa.kaf.com.met.Metrics] (Thread-707) Metrics reporters closed
2025-07-31 20:40:38,505 INFO  [org.apa.kaf.com.uti.AppInfoParser] (Thread-707) App info kafka.producer for Producer-topic-8952553c_9178_4f8e_8fa4_6502f2608620 unregistered
2025-07-31 20:40:38,508 INFO  [io.api.tes.ser.api.KafkaSerdesTester] (Thread-708) Sending message {"key11753994437358": "value-0"} to topic topic-34e232fd_e179_4806_95a7_d9928b541164
2025-07-31 20:40:38,514 INFO  [DefaultSchemaResolver] (Thread-708) Retrieving schema content using string: {"type":"record","name":"myrecordconfluent","fields":[{"name":"key11753994437358","type":"string"}]}
2025-07-31 20:40:38,548 INFO  [io.api.tes.ser.api.KafkaSerdesTester] (Thread-708) Sending message {"key11753994437358": "value-1"} to topic topic-34e232fd_e179_4806_95a7_d9928b541164
2025-07-31 20:40:38,549 INFO  [io.api.tes.ser.api.KafkaSerdesTester] (Thread-708) Sending message {"key11753994437358": "value-2"} to topic topic-34e232fd_e179_4806_95a7_d9928b541164
2025-07-31 20:40:38,551 INFO  [io.api.tes.ser.api.KafkaSerdesTester] (Thread-708) Sending message {"key11753994437358": "value-3"} to topic topic-34e232fd_e179_4806_95a7_d9928b541164
2025-07-31 20:40:38,554 INFO  [io.api.tes.ser.api.KafkaSerdesTester] (Thread-708) Sending message {"key11753994437358": "value-4"} to topic topic-34e232fd_e179_4806_95a7_d9928b541164
2025-07-31 20:40:38,555 INFO  [io.api.tes.ser.api.KafkaSerdesTester] (Thread-708) Sending message {"key11753994437358": "value-5"} to topic topic-34e232fd_e179_4806_95a7_d9928b541164
2025-07-31 20:40:38,559 INFO  [io.api.tes.ser.api.KafkaSerdesTester] (Thread-708) Sending message {"key11753994437358": "value-6"} to topic topic-34e232fd_e179_4806_95a7_d9928b541164
2025-07-31 20:40:38,560 INFO  [io.api.tes.ser.api.KafkaSerdesTester] (Thread-708) Sending message {"key11753994437358": "value-7"} to topic topic-34e232fd_e179_4806_95a7_d9928b541164
2025-07-31 20:40:38,562 INFO  [io.api.tes.ser.api.KafkaSerdesTester] (Thread-708) Sending message {"key11753994437358": "value-8"} to topic topic-34e232fd_e179_4806_95a7_d9928b541164
2025-07-31 20:40:38,563 INFO  [io.api.tes.ser.api.KafkaSerdesTester] (Thread-708) Sending message {"key11753994437358": "value-9"} to topic topic-34e232fd_e179_4806_95a7_d9928b541164
2025-07-31 20:40:38,565 INFO  [io.api.tes.ser.api.KafkaSerdesTester] (Thread-708) Produced 10 messages
2025-07-31 20:40:38,565 INFO  [org.apa.kaf.cli.pro.KafkaProducer] (Thread-708) [Producer clientId=Producer-topic-34e232fd_e179_4806_95a7_d9928b541164] Closing the Kafka producer with timeoutMillis = 9223372036854775807 ms.
2025-07-31 20:40:38,567 INFO  [org.apa.kaf.com.met.Metrics] (Thread-708) Metrics scheduler closed
2025-07-31 20:40:38,567 INFO  [org.apa.kaf.com.met.Metrics] (Thread-708) Closing reporter org.apache.kafka.common.metrics.JmxReporter
2025-07-31 20:40:38,567 INFO  [org.apa.kaf.com.met.Metrics] (Thread-708) Closing reporter org.apache.kafka.common.telemetry.internals.ClientTelemetryReporter
2025-07-31 20:40:38,567 INFO  [org.apa.kaf.com.met.Metrics] (Thread-708) Metrics reporters closed
2025-07-31 20:40:38,568 INFO  [org.apa.kaf.com.uti.AppInfoParser] (Thread-708) App info kafka.producer for Producer-topic-34e232fd_e179_4806_95a7_d9928b541164 unregistered
2025-07-31 20:40:38,569 INFO  [io.api.tes.ser.api.KafkaSerdesTester] (Thread-709) Sending message {"key11753994437358": "value-0"} to topic topic-2e93a987_b97d_4be5_a057_6a4912516ff1
2025-07-31 20:40:38,574 INFO  [DefaultSchemaResolver] (Thread-709) Retrieving schema content using string: {"type":"record","name":"myrecordconfluent","fields":[{"name":"key11753994437358","type":"string"}]}
2025-07-31 20:40:38,598 INFO  [io.api.tes.ser.api.KafkaSerdesTester] (Thread-709) Sending message {"key11753994437358": "value-1"} to topic topic-2e93a987_b97d_4be5_a057_6a4912516ff1
2025-07-31 20:40:38,599 INFO  [io.api.tes.ser.api.KafkaSerdesTester] (Thread-709) Sending message {"key11753994437358": "value-2"} to topic topic-2e93a987_b97d_4be5_a057_6a4912516ff1
2025-07-31 20:40:38,600 INFO  [io.api.tes.ser.api.KafkaSerdesTester] (Thread-709) Sending message {"key11753994437358": "value-3"} to topic topic-2e93a987_b97d_4be5_a057_6a4912516ff1
2025-07-31 20:40:38,601 INFO  [io.api.tes.ser.api.KafkaSerdesTester] (Thread-709) Sending message {"key11753994437358": "value-4"} to topic topic-2e93a987_b97d_4be5_a057_6a4912516ff1
2025-07-31 20:40:38,603 INFO  [io.api.tes.ser.api.KafkaSerdesTester] (Thread-709) Sending message {"key11753994437358": "value-5"} to topic topic-2e93a987_b97d_4be5_a057_6a4912516ff1
2025-07-31 20:40:38,604 INFO  [io.api.tes.ser.api.KafkaSerdesTester] (Thread-709) Sending message {"key11753994437358": "value-6"} to topic topic-2e93a987_b97d_4be5_a057_6a4912516ff1
2025-07-31 20:40:38,605 INFO  [io.api.tes.ser.api.KafkaSerdesTester] (Thread-709) Sending message {"key11753994437358": "value-7"} to topic topic-2e93a987_b97d_4be5_a057_6a4912516ff1
2025-07-31 20:40:38,606 INFO  [io.api.tes.ser.api.KafkaSerdesTester] (Thread-709) Sending message {"key11753994437358": "value-8"} to topic topic-2e93a987_b97d_4be5_a057_6a4912516ff1
2025-07-31 20:40:38,608 INFO  [io.api.tes.ser.api.KafkaSerdesTester] (Thread-709) Sending message {"key11753994437358": "value-9"} to topic topic-2e93a987_b97d_4be5_a057_6a4912516ff1
2025-07-31 20:40:38,610 INFO  [io.api.tes.ser.api.KafkaSerdesTester] (Thread-709) Produced 10 messages
2025-07-31 20:40:38,610 INFO  [org.apa.kaf.cli.pro.KafkaProducer] (Thread-709) [Producer clientId=Producer-topic-2e93a987_b97d_4be5_a057_6a4912516ff1] Closing the Kafka producer with timeoutMillis = 9223372036854775807 ms.
2025-07-31 20:40:38,612 INFO  [org.apa.kaf.com.met.Metrics] (Thread-709) Metrics scheduler closed
2025-07-31 20:40:38,612 INFO  [org.apa.kaf.com.met.Metrics] (Thread-709) Closing reporter org.apache.kafka.common.metrics.JmxReporter
2025-07-31 20:40:38,612 INFO  [org.apa.kaf.com.met.Metrics] (Thread-709) Closing reporter org.apache.kafka.common.telemetry.internals.ClientTelemetryReporter
2025-07-31 20:40:38,612 INFO  [org.apa.kaf.com.met.Metrics] (Thread-709) Metrics reporters closed
2025-07-31 20:40:38,613 INFO  [org.apa.kaf.com.uti.AppInfoParser] (Thread-709) App info kafka.producer for Producer-topic-2e93a987_b97d_4be5_a057_6a4912516ff1 unregistered
2025-07-31 20:40:38,614 INFO  [org.apa.kaf.cli.con.int.ClassicKafkaConsumer] (Thread-710) [Consumer clientId=consumer-Consumer-topic-8952553c_9178_4f8e_8fa4_6502f2608620-14, groupId=Consumer-topic-8952553c_9178_4f8e_8fa4_6502f2608620] Subscribed to topic(s): topic-8952553c_9178_4f8e_8fa4_6502f2608620
2025-07-31 20:40:38,619 INFO  [org.apa.kaf.cli.Metadata] (Thread-710) [Consumer clientId=consumer-Consumer-topic-8952553c_9178_4f8e_8fa4_6502f2608620-14, groupId=Consumer-topic-8952553c_9178_4f8e_8fa4_6502f2608620] Cluster ID: b-_w6pXwSzuW2BMgmumbNQ
2025-07-31 20:40:38,620 INFO  [org.apa.kaf.cli.con.int.ConsumerCoordinator] (Thread-710) [Consumer clientId=consumer-Consumer-topic-8952553c_9178_4f8e_8fa4_6502f2608620-14, groupId=Consumer-topic-8952553c_9178_4f8e_8fa4_6502f2608620] Discovered group coordinator localhost:32770 (id: 2147483647 rack: null)
2025-07-31 20:40:38,621 INFO  [org.apa.kaf.cli.con.int.ConsumerCoordinator] (Thread-710) [Consumer clientId=consumer-Consumer-topic-8952553c_9178_4f8e_8fa4_6502f2608620-14, groupId=Consumer-topic-8952553c_9178_4f8e_8fa4_6502f2608620] (Re-)joining group
2025-07-31 20:40:38,626 INFO  [org.apa.kaf.cli.con.int.ConsumerCoordinator] (Thread-710) [Consumer clientId=consumer-Consumer-topic-8952553c_9178_4f8e_8fa4_6502f2608620-14, groupId=Consumer-topic-8952553c_9178_4f8e_8fa4_6502f2608620] Request joining group due to: need to re-join with the given member-id: consumer-Consumer-topic-8952553c_9178_4f8e_8fa4_6502f2608620-14-1427eb26-fbf6-4140-9d21-8b014dd0381e
2025-07-31 20:40:38,626 INFO  [org.apa.kaf.cli.con.int.ConsumerCoordinator] (Thread-710) [Consumer clientId=consumer-Consumer-topic-8952553c_9178_4f8e_8fa4_6502f2608620-14, groupId=Consumer-topic-8952553c_9178_4f8e_8fa4_6502f2608620] (Re-)joining group
2025-07-31 20:40:38,628 INFO  [org.apa.kaf.cli.con.int.ConsumerCoordinator] (Thread-710) [Consumer clientId=consumer-Consumer-topic-8952553c_9178_4f8e_8fa4_6502f2608620-14, groupId=Consumer-topic-8952553c_9178_4f8e_8fa4_6502f2608620] Successfully joined group with generation Generation{generationId=1, memberId='consumer-Consumer-topic-8952553c_9178_4f8e_8fa4_6502f2608620-14-1427eb26-fbf6-4140-9d21-8b014dd0381e', protocol='range'}
2025-07-31 20:40:38,628 INFO  [org.apa.kaf.cli.con.int.ConsumerCoordinator] (Thread-710) [Consumer clientId=consumer-Consumer-topic-8952553c_9178_4f8e_8fa4_6502f2608620-14, groupId=Consumer-topic-8952553c_9178_4f8e_8fa4_6502f2608620] Finished assignment for group at generation 1: {consumer-Consumer-topic-8952553c_9178_4f8e_8fa4_6502f2608620-14-1427eb26-fbf6-4140-9d21-8b014dd0381e=Assignment(partitions=[topic-8952553c_9178_4f8e_8fa4_6502f2608620-0])}
2025-07-31 20:40:38,631 INFO  [org.apa.kaf.cli.con.int.ConsumerCoordinator] (Thread-710) [Consumer clientId=consumer-Consumer-topic-8952553c_9178_4f8e_8fa4_6502f2608620-14, groupId=Consumer-topic-8952553c_9178_4f8e_8fa4_6502f2608620] Successfully synced group in generation Generation{generationId=1, memberId='consumer-Consumer-topic-8952553c_9178_4f8e_8fa4_6502f2608620-14-1427eb26-fbf6-4140-9d21-8b014dd0381e', protocol='range'}
2025-07-31 20:40:38,631 INFO  [org.apa.kaf.cli.con.int.ConsumerCoordinator] (Thread-710) [Consumer clientId=consumer-Consumer-topic-8952553c_9178_4f8e_8fa4_6502f2608620-14, groupId=Consumer-topic-8952553c_9178_4f8e_8fa4_6502f2608620] Notifying assignor about the new Assignment(partitions=[topic-8952553c_9178_4f8e_8fa4_6502f2608620-0])
2025-07-31 20:40:38,631 INFO  [org.apa.kaf.cli.con.int.ConsumerRebalanceListenerInvoker] (Thread-710) [Consumer clientId=consumer-Consumer-topic-8952553c_9178_4f8e_8fa4_6502f2608620-14, groupId=Consumer-topic-8952553c_9178_4f8e_8fa4_6502f2608620] Adding newly assigned partitions: topic-8952553c_9178_4f8e_8fa4_6502f2608620-0
2025-07-31 20:40:38,633 INFO  [org.apa.kaf.cli.con.int.ConsumerCoordinator] (Thread-710) [Consumer clientId=consumer-Consumer-topic-8952553c_9178_4f8e_8fa4_6502f2608620-14, groupId=Consumer-topic-8952553c_9178_4f8e_8fa4_6502f2608620] Found no committed offset for partition topic-8952553c_9178_4f8e_8fa4_6502f2608620-0
2025-07-31 20:40:38,639 INFO  [org.apa.kaf.cli.con.int.SubscriptionState] (Thread-710) [Consumer clientId=consumer-Consumer-topic-8952553c_9178_4f8e_8fa4_6502f2608620-14, groupId=Consumer-topic-8952553c_9178_4f8e_8fa4_6502f2608620] Resetting offset for partition topic-8952553c_9178_4f8e_8fa4_6502f2608620-0 to position FetchPosition{offset=0, offsetEpoch=Optional.empty, currentLeader=LeaderAndEpoch{leader=Optional[localhost:32770 (id: 0 rack: null)], epoch=0}}.
2025-07-31 20:40:38,672 INFO  [io.api.tes.ser.api.KafkaSerdesTester] (Thread-710) topic-8952553c_9178_4f8e_8fa4_6502f2608620 0 0 {"key11753994437358": "value-0"}
2025-07-31 20:40:38,672 INFO  [io.api.tes.ser.api.KafkaSerdesTester] (Thread-710) topic-8952553c_9178_4f8e_8fa4_6502f2608620 0 1 {"key11753994437358": "value-1"}
2025-07-31 20:40:38,672 INFO  [io.api.tes.ser.api.KafkaSerdesTester] (Thread-710) topic-8952553c_9178_4f8e_8fa4_6502f2608620 0 2 {"key11753994437358": "value-2"}
2025-07-31 20:40:38,672 INFO  [io.api.tes.ser.api.KafkaSerdesTester] (Thread-710) topic-8952553c_9178_4f8e_8fa4_6502f2608620 0 3 {"key11753994437358": "value-3"}
2025-07-31 20:40:38,672 INFO  [io.api.tes.ser.api.KafkaSerdesTester] (Thread-710) topic-8952553c_9178_4f8e_8fa4_6502f2608620 0 4 {"key11753994437358": "value-4"}
2025-07-31 20:40:38,672 INFO  [io.api.tes.ser.api.KafkaSerdesTester] (Thread-710) topic-8952553c_9178_4f8e_8fa4_6502f2608620 0 5 {"key11753994437358": "value-5"}
2025-07-31 20:40:38,673 INFO  [io.api.tes.ser.api.KafkaSerdesTester] (Thread-710) topic-8952553c_9178_4f8e_8fa4_6502f2608620 0 6 {"key11753994437358": "value-6"}
2025-07-31 20:40:38,673 INFO  [io.api.tes.ser.api.KafkaSerdesTester] (Thread-710) topic-8952553c_9178_4f8e_8fa4_6502f2608620 0 7 {"key11753994437358": "value-7"}
2025-07-31 20:40:38,673 INFO  [io.api.tes.ser.api.KafkaSerdesTester] (Thread-710) topic-8952553c_9178_4f8e_8fa4_6502f2608620 0 8 {"key11753994437358": "value-8"}
2025-07-31 20:40:38,673 INFO  [io.api.tes.ser.api.KafkaSerdesTester] (Thread-710) topic-8952553c_9178_4f8e_8fa4_6502f2608620 0 9 {"key11753994437358": "value-9"}
2025-07-31 20:40:38,673 INFO  [io.api.tes.ser.api.KafkaSerdesTester] (Thread-710) Consumed 10 messages
2025-07-31 20:40:38,675 INFO  [org.apa.kaf.cli.con.int.ConsumerRebalanceListenerInvoker] (Thread-710) [Consumer clientId=consumer-Consumer-topic-8952553c_9178_4f8e_8fa4_6502f2608620-14, groupId=Consumer-topic-8952553c_9178_4f8e_8fa4_6502f2608620] Revoke previously assigned partitions topic-8952553c_9178_4f8e_8fa4_6502f2608620-0
2025-07-31 20:40:38,675 INFO  [org.apa.kaf.cli.con.int.ConsumerCoordinator] (Thread-710) [Consumer clientId=consumer-Consumer-topic-8952553c_9178_4f8e_8fa4_6502f2608620-14, groupId=Consumer-topic-8952553c_9178_4f8e_8fa4_6502f2608620] Member consumer-Consumer-topic-8952553c_9178_4f8e_8fa4_6502f2608620-14-1427eb26-fbf6-4140-9d21-8b014dd0381e sending LeaveGroup request to coordinator localhost:32770 (id: 2147483647 rack: null) due to the consumer is being closed
2025-07-31 20:40:38,675 INFO  [org.apa.kaf.cli.con.int.ConsumerCoordinator] (Thread-710) [Consumer clientId=consumer-Consumer-topic-8952553c_9178_4f8e_8fa4_6502f2608620-14, groupId=Consumer-topic-8952553c_9178_4f8e_8fa4_6502f2608620] Resetting generation and member id due to: consumer pro-actively leaving the group
2025-07-31 20:40:38,675 INFO  [org.apa.kaf.cli.con.int.ConsumerCoordinator] (Thread-710) [Consumer clientId=consumer-Consumer-topic-8952553c_9178_4f8e_8fa4_6502f2608620-14, groupId=Consumer-topic-8952553c_9178_4f8e_8fa4_6502f2608620] Request joining group due to: consumer pro-actively leaving the group
2025-07-31 20:40:39,174 INFO  [org.apa.kaf.com.met.Metrics] (Thread-710) Metrics scheduler closed
2025-07-31 20:40:39,174 INFO  [org.apa.kaf.com.met.Metrics] (Thread-710) Closing reporter org.apache.kafka.common.metrics.JmxReporter
2025-07-31 20:40:39,174 INFO  [org.apa.kaf.com.met.Metrics] (Thread-710) Closing reporter org.apache.kafka.common.telemetry.internals.ClientTelemetryReporter
2025-07-31 20:40:39,174 INFO  [org.apa.kaf.com.met.Metrics] (Thread-710) Metrics reporters closed
2025-07-31 20:40:39,181 INFO  [org.apa.kaf.com.uti.AppInfoParser] (Thread-710) App info kafka.consumer for consumer-Consumer-topic-8952553c_9178_4f8e_8fa4_6502f2608620-14 unregistered
2025-07-31 20:40:39,182 INFO  [org.apa.kaf.cli.con.int.ClassicKafkaConsumer] (Thread-711) [Consumer clientId=consumer-Consumer-topic-34e232fd_e179_4806_95a7_d9928b541164-15, groupId=Consumer-topic-34e232fd_e179_4806_95a7_d9928b541164] Subscribed to topic(s): topic-34e232fd_e179_4806_95a7_d9928b541164
2025-07-31 20:40:39,187 INFO  [org.apa.kaf.cli.Metadata] (Thread-711) [Consumer clientId=consumer-Consumer-topic-34e232fd_e179_4806_95a7_d9928b541164-15, groupId=Consumer-topic-34e232fd_e179_4806_95a7_d9928b541164] Cluster ID: b-_w6pXwSzuW2BMgmumbNQ
2025-07-31 20:40:39,189 INFO  [org.apa.kaf.cli.con.int.ConsumerCoordinator] (Thread-711) [Consumer clientId=consumer-Consumer-topic-34e232fd_e179_4806_95a7_d9928b541164-15, groupId=Consumer-topic-34e232fd_e179_4806_95a7_d9928b541164] Discovered group coordinator localhost:32770 (id: 2147483647 rack: null)
2025-07-31 20:40:39,190 INFO  [org.apa.kaf.cli.con.int.ConsumerCoordinator] (Thread-711) [Consumer clientId=consumer-Consumer-topic-34e232fd_e179_4806_95a7_d9928b541164-15, groupId=Consumer-topic-34e232fd_e179_4806_95a7_d9928b541164] (Re-)joining group
2025-07-31 20:40:39,193 INFO  [org.apa.kaf.cli.con.int.ConsumerCoordinator] (Thread-711) [Consumer clientId=consumer-Consumer-topic-34e232fd_e179_4806_95a7_d9928b541164-15, groupId=Consumer-topic-34e232fd_e179_4806_95a7_d9928b541164] Request joining group due to: need to re-join with the given member-id: consumer-Consumer-topic-34e232fd_e179_4806_95a7_d9928b541164-15-205aebb9-f42c-4b67-98ca-c3c457ca3817
2025-07-31 20:40:39,193 INFO  [org.apa.kaf.cli.con.int.ConsumerCoordinator] (Thread-711) [Consumer clientId=consumer-Consumer-topic-34e232fd_e179_4806_95a7_d9928b541164-15, groupId=Consumer-topic-34e232fd_e179_4806_95a7_d9928b541164] (Re-)joining group
2025-07-31 20:40:39,197 INFO  [org.apa.kaf.cli.con.int.ConsumerCoordinator] (Thread-711) [Consumer clientId=consumer-Consumer-topic-34e232fd_e179_4806_95a7_d9928b541164-15, groupId=Consumer-topic-34e232fd_e179_4806_95a7_d9928b541164] Successfully joined group with generation Generation{generationId=1, memberId='consumer-Consumer-topic-34e232fd_e179_4806_95a7_d9928b541164-15-205aebb9-f42c-4b67-98ca-c3c457ca3817', protocol='range'}
2025-07-31 20:40:39,197 INFO  [org.apa.kaf.cli.con.int.ConsumerCoordinator] (Thread-711) [Consumer clientId=consumer-Consumer-topic-34e232fd_e179_4806_95a7_d9928b541164-15, groupId=Consumer-topic-34e232fd_e179_4806_95a7_d9928b541164] Finished assignment for group at generation 1: {consumer-Consumer-topic-34e232fd_e179_4806_95a7_d9928b541164-15-205aebb9-f42c-4b67-98ca-c3c457ca3817=Assignment(partitions=[topic-34e232fd_e179_4806_95a7_d9928b541164-0])}
2025-07-31 20:40:39,199 INFO  [org.apa.kaf.cli.con.int.ConsumerCoordinator] (Thread-711) [Consumer clientId=consumer-Consumer-topic-34e232fd_e179_4806_95a7_d9928b541164-15, groupId=Consumer-topic-34e232fd_e179_4806_95a7_d9928b541164] Successfully synced group in generation Generation{generationId=1, memberId='consumer-Consumer-topic-34e232fd_e179_4806_95a7_d9928b541164-15-205aebb9-f42c-4b67-98ca-c3c457ca3817', protocol='range'}
2025-07-31 20:40:39,199 INFO  [org.apa.kaf.cli.con.int.ConsumerCoordinator] (Thread-711) [Consumer clientId=consumer-Consumer-topic-34e232fd_e179_4806_95a7_d9928b541164-15, groupId=Consumer-topic-34e232fd_e179_4806_95a7_d9928b541164] Notifying assignor about the new Assignment(partitions=[topic-34e232fd_e179_4806_95a7_d9928b541164-0])
2025-07-31 20:40:39,200 INFO  [org.apa.kaf.cli.con.int.ConsumerRebalanceListenerInvoker] (Thread-711) [Consumer clientId=consumer-Consumer-topic-34e232fd_e179_4806_95a7_d9928b541164-15, groupId=Consumer-topic-34e232fd_e179_4806_95a7_d9928b541164] Adding newly assigned partitions: topic-34e232fd_e179_4806_95a7_d9928b541164-0
2025-07-31 20:40:39,200 INFO  [org.apa.kaf.cli.con.int.ConsumerCoordinator] (Thread-711) [Consumer clientId=consumer-Consumer-topic-34e232fd_e179_4806_95a7_d9928b541164-15, groupId=Consumer-topic-34e232fd_e179_4806_95a7_d9928b541164] Found no committed offset for partition topic-34e232fd_e179_4806_95a7_d9928b541164-0
2025-07-31 20:40:39,208 INFO  [org.apa.kaf.cli.con.int.SubscriptionState] (Thread-711) [Consumer clientId=consumer-Consumer-topic-34e232fd_e179_4806_95a7_d9928b541164-15, groupId=Consumer-topic-34e232fd_e179_4806_95a7_d9928b541164] Resetting offset for partition topic-34e232fd_e179_4806_95a7_d9928b541164-0 to position FetchPosition{offset=0, offsetEpoch=Optional.empty, currentLeader=LeaderAndEpoch{leader=Optional[localhost:32770 (id: 0 rack: null)], epoch=0}}.
2025-07-31 20:40:39,232 INFO  [io.api.tes.ser.api.KafkaSerdesTester] (Thread-711) topic-34e232fd_e179_4806_95a7_d9928b541164 0 0 {"key11753994437358": "value-0"}
2025-07-31 20:40:39,233 INFO  [io.api.tes.ser.api.KafkaSerdesTester] (Thread-711) topic-34e232fd_e179_4806_95a7_d9928b541164 0 1 {"key11753994437358": "value-1"}
2025-07-31 20:40:39,233 INFO  [io.api.tes.ser.api.KafkaSerdesTester] (Thread-711) topic-34e232fd_e179_4806_95a7_d9928b541164 0 2 {"key11753994437358": "value-2"}
2025-07-31 20:40:39,233 INFO  [io.api.tes.ser.api.KafkaSerdesTester] (Thread-711) topic-34e232fd_e179_4806_95a7_d9928b541164 0 3 {"key11753994437358": "value-3"}
2025-07-31 20:40:39,233 INFO  [io.api.tes.ser.api.KafkaSerdesTester] (Thread-711) topic-34e232fd_e179_4806_95a7_d9928b541164 0 4 {"key11753994437358": "value-4"}
2025-07-31 20:40:39,233 INFO  [io.api.tes.ser.api.KafkaSerdesTester] (Thread-711) topic-34e232fd_e179_4806_95a7_d9928b541164 0 5 {"key11753994437358": "value-5"}
2025-07-31 20:40:39,233 INFO  [io.api.tes.ser.api.KafkaSerdesTester] (Thread-711) topic-34e232fd_e179_4806_95a7_d9928b541164 0 6 {"key11753994437358": "value-6"}
2025-07-31 20:40:39,233 INFO  [io.api.tes.ser.api.KafkaSerdesTester] (Thread-711) topic-34e232fd_e179_4806_95a7_d9928b541164 0 7 {"key11753994437358": "value-7"}
2025-07-31 20:40:39,233 INFO  [io.api.tes.ser.api.KafkaSerdesTester] (Thread-711) topic-34e232fd_e179_4806_95a7_d9928b541164 0 8 {"key11753994437358": "value-8"}
2025-07-31 20:40:39,233 INFO  [io.api.tes.ser.api.KafkaSerdesTester] (Thread-711) topic-34e232fd_e179_4806_95a7_d9928b541164 0 9 {"key11753994437358": "value-9"}
2025-07-31 20:40:39,233 INFO  [io.api.tes.ser.api.KafkaSerdesTester] (Thread-711) Consumed 10 messages
2025-07-31 20:40:39,235 INFO  [org.apa.kaf.cli.con.int.ConsumerRebalanceListenerInvoker] (Thread-711) [Consumer clientId=consumer-Consumer-topic-34e232fd_e179_4806_95a7_d9928b541164-15, groupId=Consumer-topic-34e232fd_e179_4806_95a7_d9928b541164] Revoke previously assigned partitions topic-34e232fd_e179_4806_95a7_d9928b541164-0
2025-07-31 20:40:39,235 INFO  [org.apa.kaf.cli.con.int.ConsumerCoordinator] (Thread-711) [Consumer clientId=consumer-Consumer-topic-34e232fd_e179_4806_95a7_d9928b541164-15, groupId=Consumer-topic-34e232fd_e179_4806_95a7_d9928b541164] Member consumer-Consumer-topic-34e232fd_e179_4806_95a7_d9928b541164-15-205aebb9-f42c-4b67-98ca-c3c457ca3817 sending LeaveGroup request to coordinator localhost:32770 (id: 2147483647 rack: null) due to the consumer is being closed
2025-07-31 20:40:39,235 INFO  [org.apa.kaf.cli.con.int.ConsumerCoordinator] (Thread-711) [Consumer clientId=consumer-Consumer-topic-34e232fd_e179_4806_95a7_d9928b541164-15, groupId=Consumer-topic-34e232fd_e179_4806_95a7_d9928b541164] Resetting generation and member id due to: consumer pro-actively leaving the group
2025-07-31 20:40:39,236 INFO  [org.apa.kaf.cli.con.int.ConsumerCoordinator] (Thread-711) [Consumer clientId=consumer-Consumer-topic-34e232fd_e179_4806_95a7_d9928b541164-15, groupId=Consumer-topic-34e232fd_e179_4806_95a7_d9928b541164] Request joining group due to: consumer pro-actively leaving the group
2025-07-31 20:40:39,735 INFO  [org.apa.kaf.com.met.Metrics] (Thread-711) Metrics scheduler closed
2025-07-31 20:40:39,735 INFO  [org.apa.kaf.com.met.Metrics] (Thread-711) Closing reporter org.apache.kafka.common.metrics.JmxReporter
2025-07-31 20:40:39,735 INFO  [org.apa.kaf.com.met.Metrics] (Thread-711) Closing reporter org.apache.kafka.common.telemetry.internals.ClientTelemetryReporter
2025-07-31 20:40:39,735 INFO  [org.apa.kaf.com.met.Metrics] (Thread-711) Metrics reporters closed
2025-07-31 20:40:39,738 INFO  [org.apa.kaf.com.uti.AppInfoParser] (Thread-711) App info kafka.consumer for consumer-Consumer-topic-34e232fd_e179_4806_95a7_d9928b541164-15 unregistered
2025-07-31 20:40:39,741 INFO  [org.apa.kaf.cli.con.int.ClassicKafkaConsumer] (Thread-712) [Consumer clientId=consumer-Consumer-topic-2e93a987_b97d_4be5_a057_6a4912516ff1-16, groupId=Consumer-topic-2e93a987_b97d_4be5_a057_6a4912516ff1] Subscribed to topic(s): topic-2e93a987_b97d_4be5_a057_6a4912516ff1
2025-07-31 20:40:39,746 INFO  [org.apa.kaf.cli.Metadata] (Thread-712) [Consumer clientId=consumer-Consumer-topic-2e93a987_b97d_4be5_a057_6a4912516ff1-16, groupId=Consumer-topic-2e93a987_b97d_4be5_a057_6a4912516ff1] Cluster ID: b-_w6pXwSzuW2BMgmumbNQ
2025-07-31 20:40:39,747 INFO  [org.apa.kaf.cli.con.int.ConsumerCoordinator] (Thread-712) [Consumer clientId=consumer-Consumer-topic-2e93a987_b97d_4be5_a057_6a4912516ff1-16, groupId=Consumer-topic-2e93a987_b97d_4be5_a057_6a4912516ff1] Discovered group coordinator localhost:32770 (id: 2147483647 rack: null)
2025-07-31 20:40:39,748 INFO  [org.apa.kaf.cli.con.int.ConsumerCoordinator] (Thread-712) [Consumer clientId=consumer-Consumer-topic-2e93a987_b97d_4be5_a057_6a4912516ff1-16, groupId=Consumer-topic-2e93a987_b97d_4be5_a057_6a4912516ff1] (Re-)joining group
2025-07-31 20:40:39,752 INFO  [org.apa.kaf.cli.con.int.ConsumerCoordinator] (Thread-712) [Consumer clientId=consumer-Consumer-topic-2e93a987_b97d_4be5_a057_6a4912516ff1-16, groupId=Consumer-topic-2e93a987_b97d_4be5_a057_6a4912516ff1] Request joining group due to: need to re-join with the given member-id: consumer-Consumer-topic-2e93a987_b97d_4be5_a057_6a4912516ff1-16-b49adaa5-cf5e-421e-924d-9abe850f99f5
2025-07-31 20:40:39,752 INFO  [org.apa.kaf.cli.con.int.ConsumerCoordinator] (Thread-712) [Consumer clientId=consumer-Consumer-topic-2e93a987_b97d_4be5_a057_6a4912516ff1-16, groupId=Consumer-topic-2e93a987_b97d_4be5_a057_6a4912516ff1] (Re-)joining group
2025-07-31 20:40:39,755 INFO  [org.apa.kaf.cli.con.int.ConsumerCoordinator] (Thread-712) [Consumer clientId=consumer-Consumer-topic-2e93a987_b97d_4be5_a057_6a4912516ff1-16, groupId=Consumer-topic-2e93a987_b97d_4be5_a057_6a4912516ff1] Successfully joined group with generation Generation{generationId=1, memberId='consumer-Consumer-topic-2e93a987_b97d_4be5_a057_6a4912516ff1-16-b49adaa5-cf5e-421e-924d-9abe850f99f5', protocol='range'}
2025-07-31 20:40:39,756 INFO  [org.apa.kaf.cli.con.int.ConsumerCoordinator] (Thread-712) [Consumer clientId=consumer-Consumer-topic-2e93a987_b97d_4be5_a057_6a4912516ff1-16, groupId=Consumer-topic-2e93a987_b97d_4be5_a057_6a4912516ff1] Finished assignment for group at generation 1: {consumer-Consumer-topic-2e93a987_b97d_4be5_a057_6a4912516ff1-16-b49adaa5-cf5e-421e-924d-9abe850f99f5=Assignment(partitions=[topic-2e93a987_b97d_4be5_a057_6a4912516ff1-0])}
2025-07-31 20:40:39,758 INFO  [org.apa.kaf.cli.con.int.ConsumerCoordinator] (Thread-712) [Consumer clientId=consumer-Consumer-topic-2e93a987_b97d_4be5_a057_6a4912516ff1-16, groupId=Consumer-topic-2e93a987_b97d_4be5_a057_6a4912516ff1] Successfully synced group in generation Generation{generationId=1, memberId='consumer-Consumer-topic-2e93a987_b97d_4be5_a057_6a4912516ff1-16-b49adaa5-cf5e-421e-924d-9abe850f99f5', protocol='range'}
2025-07-31 20:40:39,758 INFO  [org.apa.kaf.cli.con.int.ConsumerCoordinator] (Thread-712) [Consumer clientId=consumer-Consumer-topic-2e93a987_b97d_4be5_a057_6a4912516ff1-16, groupId=Consumer-topic-2e93a987_b97d_4be5_a057_6a4912516ff1] Notifying assignor about the new Assignment(partitions=[topic-2e93a987_b97d_4be5_a057_6a4912516ff1-0])
2025-07-31 20:40:39,758 INFO  [org.apa.kaf.cli.con.int.ConsumerRebalanceListenerInvoker] (Thread-712) [Consumer clientId=consumer-Consumer-topic-2e93a987_b97d_4be5_a057_6a4912516ff1-16, groupId=Consumer-topic-2e93a987_b97d_4be5_a057_6a4912516ff1] Adding newly assigned partitions: topic-2e93a987_b97d_4be5_a057_6a4912516ff1-0
2025-07-31 20:40:39,759 INFO  [org.apa.kaf.cli.con.int.ConsumerCoordinator] (Thread-712) [Consumer clientId=consumer-Consumer-topic-2e93a987_b97d_4be5_a057_6a4912516ff1-16, groupId=Consumer-topic-2e93a987_b97d_4be5_a057_6a4912516ff1] Found no committed offset for partition topic-2e93a987_b97d_4be5_a057_6a4912516ff1-0
2025-07-31 20:40:39,764 INFO  [org.apa.kaf.cli.con.int.SubscriptionState] (Thread-712) [Consumer clientId=consumer-Consumer-topic-2e93a987_b97d_4be5_a057_6a4912516ff1-16, groupId=Consumer-topic-2e93a987_b97d_4be5_a057_6a4912516ff1] Resetting offset for partition topic-2e93a987_b97d_4be5_a057_6a4912516ff1-0 to position FetchPosition{offset=0, offsetEpoch=Optional.empty, currentLeader=LeaderAndEpoch{leader=Optional[localhost:32770 (id: 0 rack: null)], epoch=0}}.
2025-07-31 20:40:39,790 INFO  [io.api.tes.ser.api.KafkaSerdesTester] (Thread-712) topic-2e93a987_b97d_4be5_a057_6a4912516ff1 0 0 {"key11753994437358": "value-0"}
2025-07-31 20:40:39,790 INFO  [io.api.tes.ser.api.KafkaSerdesTester] (Thread-712) topic-2e93a987_b97d_4be5_a057_6a4912516ff1 0 1 {"key11753994437358": "value-1"}
2025-07-31 20:40:39,790 INFO  [io.api.tes.ser.api.KafkaSerdesTester] (Thread-712) topic-2e93a987_b97d_4be5_a057_6a4912516ff1 0 2 {"key11753994437358": "value-2"}
2025-07-31 20:40:39,790 INFO  [io.api.tes.ser.api.KafkaSerdesTester] (Thread-712) topic-2e93a987_b97d_4be5_a057_6a4912516ff1 0 3 {"key11753994437358": "value-3"}
2025-07-31 20:40:39,790 INFO  [io.api.tes.ser.api.KafkaSerdesTester] (Thread-712) topic-2e93a987_b97d_4be5_a057_6a4912516ff1 0 4 {"key11753994437358": "value-4"}
2025-07-31 20:40:39,790 INFO  [io.api.tes.ser.api.KafkaSerdesTester] (Thread-712) topic-2e93a987_b97d_4be5_a057_6a4912516ff1 0 5 {"key11753994437358": "value-5"}
2025-07-31 20:40:39,790 INFO  [io.api.tes.ser.api.KafkaSerdesTester] (Thread-712) topic-2e93a987_b97d_4be5_a057_6a4912516ff1 0 6 {"key11753994437358": "value-6"}
2025-07-31 20:40:39,790 INFO  [io.api.tes.ser.api.KafkaSerdesTester] (Thread-712) topic-2e93a987_b97d_4be5_a057_6a4912516ff1 0 7 {"key11753994437358": "value-7"}
2025-07-31 20:40:39,790 INFO  [io.api.tes.ser.api.KafkaSerdesTester] (Thread-712) topic-2e93a987_b97d_4be5_a057_6a4912516ff1 0 8 {"key11753994437358": "value-8"}
2025-07-31 20:40:39,790 INFO  [io.api.tes.ser.api.KafkaSerdesTester] (Thread-712) topic-2e93a987_b97d_4be5_a057_6a4912516ff1 0 9 {"key11753994437358": "value-9"}
2025-07-31 20:40:39,791 INFO  [io.api.tes.ser.api.KafkaSerdesTester] (Thread-712) Consumed 10 messages
2025-07-31 20:40:39,793 INFO  [org.apa.kaf.cli.con.int.ConsumerRebalanceListenerInvoker] (Thread-712) [Consumer clientId=consumer-Consumer-topic-2e93a987_b97d_4be5_a057_6a4912516ff1-16, groupId=Consumer-topic-2e93a987_b97d_4be5_a057_6a4912516ff1] Revoke previously assigned partitions topic-2e93a987_b97d_4be5_a057_6a4912516ff1-0
2025-07-31 20:40:39,793 INFO  [org.apa.kaf.cli.con.int.ConsumerCoordinator] (Thread-712) [Consumer clientId=consumer-Consumer-topic-2e93a987_b97d_4be5_a057_6a4912516ff1-16, groupId=Consumer-topic-2e93a987_b97d_4be5_a057_6a4912516ff1] Member consumer-Consumer-topic-2e93a987_b97d_4be5_a057_6a4912516ff1-16-b49adaa5-cf5e-421e-924d-9abe850f99f5 sending LeaveGroup request to coordinator localhost:32770 (id: 2147483647 rack: null) due to the consumer is being closed
2025-07-31 20:40:39,793 INFO  [org.apa.kaf.cli.con.int.ConsumerCoordinator] (Thread-712) [Consumer clientId=consumer-Consumer-topic-2e93a987_b97d_4be5_a057_6a4912516ff1-16, groupId=Consumer-topic-2e93a987_b97d_4be5_a057_6a4912516ff1] Resetting generation and member id due to: consumer pro-actively leaving the group
2025-07-31 20:40:39,793 INFO  [org.apa.kaf.cli.con.int.ConsumerCoordinator] (Thread-712) [Consumer clientId=consumer-Consumer-topic-2e93a987_b97d_4be5_a057_6a4912516ff1-16, groupId=Consumer-topic-2e93a987_b97d_4be5_a057_6a4912516ff1] Request joining group due to: consumer pro-actively leaving the group
2025-07-31 20:40:40,294 INFO  [org.apa.kaf.com.met.Metrics] (Thread-712) Metrics scheduler closed
2025-07-31 20:40:40,294 INFO  [org.apa.kaf.com.met.Metrics] (Thread-712) Closing reporter org.apache.kafka.common.metrics.JmxReporter
2025-07-31 20:40:40,294 INFO  [org.apa.kaf.com.met.Metrics] (Thread-712) Closing reporter org.apache.kafka.common.telemetry.internals.ClientTelemetryReporter
2025-07-31 20:40:40,295 INFO  [org.apa.kaf.com.met.Metrics] (Thread-712) Metrics reporters closed
2025-07-31 20:40:40,300 INFO  [org.apa.kaf.com.uti.AppInfoParser] (Thread-712) App info kafka.consumer for consumer-Consumer-topic-2e93a987_b97d_4be5_a057_6a4912516ff1-16 unregistered
2025-07-31 20:40:40,300 INFO  [io.api.tes.uti.TestSeparator] (main) io.apicurio.tests.serdes.apicurio.AvroSerdeIT.testAvroConfluentForMultipleTopics-FINISHED
2025-07-31 20:40:40,300 INFO  [io.api.tes.uti.TestSeparator] (main) ############################################################################
Test passed: testAvroConfluentForMultipleTopics
]]></system-out>
  </testcase>
  <testcase name="testFirstRequestFailsRateLimited" classname="io.apicurio.tests.serdes.apicurio.AvroSerdeIT" time="0.94">
    <system-out><![CDATA[2025-07-31 20:40:40,302 INFO  [io.api.tes.uti.TestSeparator] (main) ############################################################################
2025-07-31 20:40:40,302 INFO  [io.api.tes.uti.TestSeparator] (main) io.apicurio.tests.serdes.apicurio.AvroSerdeIT.testFirstRequestFailsRateLimited-STARTED
2025-07-31 20:40:40,806 WARN  [org.ecl.jet.ser.AbstractConnector] (main) Acceptors should be <= availableProcessors: NetworkTrafficServerConnector@1e68d8f{HTTP/1.1, (http/1.1, h2c)}{0.0.0.0:0} 
2025-07-31 20:40:40,927 INFO  [org.ecl.jet.ser.Server] (main) jetty-11.0.15; built: 2023-04-11T18:37:53.775Z; git: 5bc5e562c8d05c5862505aebe5cf83a61bdbcb96; jvm 17.0.16+8
2025-07-31 20:40:40,958 INFO  [org.ecl.jet.ser.han.ContextHandler] (main) Started o.e.j.s.ServletContextHandler@cf39749{/__admin,null,AVAILABLE}
2025-07-31 20:40:40,967 INFO  [org.ecl.jet.ser.han.Con.ROOT] (main) RequestHandlerClass from context returned com.github.tomakehurst.wiremock.http.StubRequestHandler. Normalized mapped under returned 'null'
2025-07-31 20:40:40,968 INFO  [org.ecl.jet.ser.han.ContextHandler] (main) Started o.e.j.s.ServletContextHandler@40692fc3{/,null,AVAILABLE}
2025-07-31 20:40:40,976 INFO  [org.ecl.jet.ser.AbstractConnector] (main) Started NetworkTrafficServerConnector@1e68d8f{HTTP/1.1, (http/1.1, h2c)}{0.0.0.0:36721}
2025-07-31 20:40:40,979 INFO  [org.ecl.jet.ser.Server] (main) Started Server@5d7b3a93{STARTING}[11.0.15,sto=1000] @56694ms
**** Registry Base URL: http://registry-app-inmemory.apps.ci419.apicurio-testing.org:80
2025-07-31 20:40:40,991 INFO  [org.apa.kaf.cli.pro.ProducerConfig] (main) ProducerConfig values: 
	acks = -1
	auto.include.jmx.reporter = true
	batch.size = 16384
	bootstrap.servers = [PLAINTEXT://localhost:32770]
	buffer.memory = 33554432
	client.dns.lookup = use_all_dns_ips
	client.id = Producer-topic-d75a755e_d7ca_42e6_8eb3_ec10d227f842
	compression.gzip.level = -1
	compression.lz4.level = 9
	compression.type = none
	compression.zstd.level = 3
	connections.max.idle.ms = 10000
	delivery.timeout.ms = 120000
	enable.idempotence = true
	enable.metrics.push = true
	interceptor.classes = []
	key.serializer = class org.apache.kafka.common.serialization.StringSerializer
	linger.ms = 0
	max.block.ms = 60000
	max.in.flight.requests.per.connection = 5
	max.request.size = 1048576
	metadata.max.age.ms = 300000
	metadata.max.idle.ms = 300000
	metadata.recovery.strategy = none
	metric.reporters = []
	metrics.num.samples = 2
	metrics.recording.level = INFO
	metrics.sample.window.ms = 30000
	partitioner.adaptive.partitioning.enable = true
	partitioner.availability.timeout.ms = 0
	partitioner.class = null
	partitioner.ignore.keys = false
	receive.buffer.bytes = 32768
	reconnect.backoff.max.ms = 1000
	reconnect.backoff.ms = 50
	request.timeout.ms = 5000
	retries = 2147483647
	retry.backoff.max.ms = 1000
	retry.backoff.ms = 100
	sasl.client.callback.handler.class = null
	sasl.jaas.config = null
	sasl.kerberos.kinit.cmd = /usr/bin/kinit
	sasl.kerberos.min.time.before.relogin = 60000
	sasl.kerberos.service.name = null
	sasl.kerberos.ticket.renew.jitter = 0.05
	sasl.kerberos.ticket.renew.window.factor = 0.8
	sasl.login.callback.handler.class = null
	sasl.login.class = null
	sasl.login.connect.timeout.ms = null
	sasl.login.read.timeout.ms = null
	sasl.login.refresh.buffer.seconds = 300
	sasl.login.refresh.min.period.seconds = 60
	sasl.login.refresh.window.factor = 0.8
	sasl.login.refresh.window.jitter = 0.05
	sasl.login.retry.backoff.max.ms = 10000
	sasl.login.retry.backoff.ms = 100
	sasl.mechanism = GSSAPI
	sasl.oauthbearer.clock.skew.seconds = 30
	sasl.oauthbearer.expected.audience = null
	sasl.oauthbearer.expected.issuer = null
	sasl.oauthbearer.header.urlencode = false
	sasl.oauthbearer.jwks.endpoint.refresh.ms = 3600000
	sasl.oauthbearer.jwks.endpoint.retry.backoff.max.ms = 10000
	sasl.oauthbearer.jwks.endpoint.retry.backoff.ms = 100
	sasl.oauthbearer.jwks.endpoint.url = null
	sasl.oauthbearer.scope.claim.name = scope
	sasl.oauthbearer.sub.claim.name = sub
	sasl.oauthbearer.token.endpoint.url = null
	security.protocol = PLAINTEXT
	security.providers = null
	send.buffer.bytes = 131072
	socket.connection.setup.timeout.max.ms = 30000
	socket.connection.setup.timeout.ms = 10000
	ssl.cipher.suites = null
	ssl.enabled.protocols = [TLSv1.2, TLSv1.3]
	ssl.endpoint.identification.algorithm = https
	ssl.engine.factory.class = null
	ssl.key.password = null
	ssl.keymanager.algorithm = SunX509
	ssl.keystore.certificate.chain = null
	ssl.keystore.key = null
	ssl.keystore.location = null
	ssl.keystore.password = null
	ssl.keystore.type = JKS
	ssl.protocol = TLSv1.3
	ssl.provider = null
	ssl.secure.random.implementation = null
	ssl.trustmanager.algorithm = PKIX
	ssl.truststore.certificates = null
	ssl.truststore.location = null
	ssl.truststore.password = null
	ssl.truststore.type = JKS
	transaction.timeout.ms = 60000
	transactional.id = null
	value.serializer = class io.apicurio.registry.serde.avro.AvroKafkaSerializer

2025-07-31 20:40:40,992 INFO  [org.apa.kaf.com.tel.int.KafkaMetricsCollector] (main) initializing Kafka metrics collector
2025-07-31 20:40:40,997 INFO  [org.apa.kaf.cli.pro.KafkaProducer] (main) [Producer clientId=Producer-topic-d75a755e_d7ca_42e6_8eb3_ec10d227f842] Instantiated an idempotent producer.
2025-07-31 20:40:41,027 INFO  [org.apa.kaf.cli.pro.ProducerConfig] (main) These configurations '[apicurio.registry.url, apicurio.registry.artifact-resolver-strategy]' were supplied but are not used yet.
2025-07-31 20:40:41,030 INFO  [org.apa.kaf.com.uti.AppInfoParser] (main) Kafka version: 3.9.1
2025-07-31 20:40:41,030 INFO  [org.apa.kaf.com.uti.AppInfoParser] (main) Kafka commitId: f745dfdcee2b9851
2025-07-31 20:40:41,030 INFO  [org.apa.kaf.com.uti.AppInfoParser] (main) Kafka startTimeMs: 1753994441030
2025-07-31 20:40:41,035 INFO  [io.api.tes.ser.api.KafkaSerdesTester] (Thread-723) Sending message {"keyB": "value-0"} to topic topic-d75a755e_d7ca_42e6_8eb3_ec10d227f842
2025-07-31 20:40:41,039 INFO  [org.apa.kaf.cli.Metadata] (kafka-producer-network-thread | Producer-topic-d75a755e_d7ca_42e6_8eb3_ec10d227f842) [Producer clientId=Producer-topic-d75a755e_d7ca_42e6_8eb3_ec10d227f842] Cluster ID: b-_w6pXwSzuW2BMgmumbNQ
2025-07-31 20:40:41,046 INFO  [org.apa.kaf.cli.pro.int.TransactionManager] (kafka-producer-network-thread | Producer-topic-d75a755e_d7ca_42e6_8eb3_ec10d227f842) [Producer clientId=Producer-topic-d75a755e_d7ca_42e6_8eb3_ec10d227f842] ProducerId set to 22 with epoch 0
2025-07-31 20:40:41,054 INFO  [DefaultSchemaResolver] (Thread-723) Retrieving schema content using string: {"type":"record","name":"myrecord","namespace":"mygroup","fields":[{"name":"keyB","type":"string"}]}
2025-07-31 20:40:41,223 INFO  [org.apa.kaf.cli.pro.KafkaProducer] (Thread-723) [Producer clientId=Producer-topic-d75a755e_d7ca_42e6_8eb3_ec10d227f842] Closing the Kafka producer with timeoutMillis = 9223372036854775807 ms.
2025-07-31 20:40:41,226 INFO  [org.apa.kaf.com.met.Metrics] (Thread-723) Metrics scheduler closed
2025-07-31 20:40:41,226 INFO  [org.apa.kaf.com.met.Metrics] (Thread-723) Closing reporter org.apache.kafka.common.metrics.JmxReporter
2025-07-31 20:40:41,226 INFO  [org.apa.kaf.com.met.Metrics] (Thread-723) Closing reporter org.apache.kafka.common.telemetry.internals.ClientTelemetryReporter
2025-07-31 20:40:41,226 INFO  [org.apa.kaf.com.met.Metrics] (Thread-723) Metrics reporters closed
2025-07-31 20:40:41,226 INFO  [org.apa.kaf.com.uti.AppInfoParser] (Thread-723) App info kafka.producer for Producer-topic-d75a755e_d7ca_42e6_8eb3_ec10d227f842 unregistered
2025-07-31 20:40:41,231 INFO  [org.ecl.jet.ser.Server] (main) Stopped Server@5d7b3a93{STOPPING}[11.0.15,sto=1000]
2025-07-31 20:40:41,231 INFO  [org.ecl.jet.ser.Server] (main) Shutdown Server@5d7b3a93{STOPPING}[11.0.15,sto=1000]
2025-07-31 20:40:41,236 INFO  [org.ecl.jet.ser.AbstractConnector] (main) Stopped NetworkTrafficServerConnector@1e68d8f{HTTP/1.1, (http/1.1, h2c)}{0.0.0.0:0}
2025-07-31 20:40:41,238 INFO  [org.ecl.jet.ser.han.ContextHandler] (main) Stopped o.e.j.s.ServletContextHandler@40692fc3{/,null,STOPPED}
2025-07-31 20:40:41,238 INFO  [org.ecl.jet.ser.han.ContextHandler] (main) Stopped o.e.j.s.ServletContextHandler@cf39749{/__admin,null,STOPPED}
2025-07-31 20:40:41,241 INFO  [io.api.tes.uti.TestSeparator] (main) io.apicurio.tests.serdes.apicurio.AvroSerdeIT.testFirstRequestFailsRateLimited-FINISHED
2025-07-31 20:40:41,241 INFO  [io.api.tes.uti.TestSeparator] (main) ############################################################################
Test passed: testFirstRequestFailsRateLimited
]]></system-out>
    <system-err><![CDATA[com.microsoft.kiota.ApiException: the server returned an unexpected status code and no error class is registered for this code 429
	at com.microsoft.kiota.ApiExceptionBuilder.withMessage(ApiExceptionBuilder.java:45)
	at io.kiota.http.vertx.VertXRequestAdapter.throwIfFailedResponse(VertXRequestAdapter.java:370)
	at io.kiota.http.vertx.VertXRequestAdapter.send(VertXRequestAdapter.java:170)
	at io.apicurio.registry.rest.client.search.versions.VersionsRequestBuilder.post(VersionsRequestBuilder.java:94)
	at io.apicurio.registry.resolver.client.RegistryClientFacadeImpl.searchVersionsByContent(RegistryClientFacadeImpl.java:104)
	at io.apicurio.registry.resolver.DefaultSchemaResolver.lambda$handleResolveSchemaByContent$3(DefaultSchemaResolver.java:258)
	at io.apicurio.registry.resolver.cache.ERCache.lambda$getValue$0(ERCache.java:174)
	at io.apicurio.registry.resolver.cache.ERCache.retry(ERCache.java:227)
	at io.apicurio.registry.resolver.cache.ERCache.getValue(ERCache.java:173)
	at io.apicurio.registry.resolver.cache.ERCache.getByContent(ERCache.java:147)
	at io.apicurio.registry.resolver.DefaultSchemaResolver.handleResolveSchemaByContent(DefaultSchemaResolver.java:253)
	at io.apicurio.registry.resolver.DefaultSchemaResolver.getSchemaFromRegistry(DefaultSchemaResolver.java:138)
	at io.apicurio.registry.resolver.DefaultSchemaResolver.lambda$resolveSchema$0(DefaultSchemaResolver.java:84)
	at java.base/java.util.Optional.orElseGet(Optional.java:364)
	at io.apicurio.registry.resolver.DefaultSchemaResolver.resolveSchema(DefaultSchemaResolver.java:84)
	at io.apicurio.registry.serde.AbstractSerializer.serializeData(AbstractSerializer.java:62)
	at io.apicurio.registry.serde.KafkaSerializer.serialize(KafkaSerializer.java:77)
	at org.apache.kafka.clients.producer.KafkaProducer.doSend(KafkaProducer.java:1046)
	at org.apache.kafka.clients.producer.KafkaProducer.send(KafkaProducer.java:993)
	at org.apache.kafka.clients.producer.KafkaProducer.send(KafkaProducer.java:875)
	at io.apicurio.tests.serdes.apicurio.KafkaSerdesTester.lambda$produceMessages$3(KafkaSerdesTester.java:138)
	at java.base/java.util.concurrent.CompletableFuture$AsyncSupply.run(CompletableFuture.java:1768)
	at java.base/java.lang.Thread.run(Thread.java:840)
]]></system-err>
  </testcase>
  <testcase name="testFirstEmptyFieldConfusedAsMagicByte" classname="io.apicurio.tests.serdes.apicurio.AvroSerdeIT" time="0.797">
    <system-out><![CDATA[2025-07-31 20:40:41,250 INFO  [io.api.tes.uti.TestSeparator] (main) ############################################################################
2025-07-31 20:40:41,250 INFO  [io.api.tes.uti.TestSeparator] (main) io.apicurio.tests.serdes.apicurio.AvroSerdeIT.testFirstEmptyFieldConfusedAsMagicByte-STARTED
**** Registry Base URL: http://registry-app-inmemory.apps.ci419.apicurio-testing.org:80
2025-07-31 20:40:41,261 INFO  [org.apa.kaf.cli.pro.ProducerConfig] (main) ProducerConfig values: 
	acks = -1
	auto.include.jmx.reporter = true
	batch.size = 16384
	bootstrap.servers = [PLAINTEXT://localhost:32770]
	buffer.memory = 33554432
	client.dns.lookup = use_all_dns_ips
	client.id = Producer-topic-45572f2a_cd4f_4d7c_9b72_c61b8e992a40
	compression.gzip.level = -1
	compression.lz4.level = 9
	compression.type = none
	compression.zstd.level = 3
	connections.max.idle.ms = 10000
	delivery.timeout.ms = 120000
	enable.idempotence = true
	enable.metrics.push = true
	interceptor.classes = []
	key.serializer = class org.apache.kafka.common.serialization.StringSerializer
	linger.ms = 0
	max.block.ms = 60000
	max.in.flight.requests.per.connection = 5
	max.request.size = 1048576
	metadata.max.age.ms = 300000
	metadata.max.idle.ms = 300000
	metadata.recovery.strategy = none
	metric.reporters = []
	metrics.num.samples = 2
	metrics.recording.level = INFO
	metrics.sample.window.ms = 30000
	partitioner.adaptive.partitioning.enable = true
	partitioner.availability.timeout.ms = 0
	partitioner.class = null
	partitioner.ignore.keys = false
	receive.buffer.bytes = 32768
	reconnect.backoff.max.ms = 1000
	reconnect.backoff.ms = 50
	request.timeout.ms = 5000
	retries = 2147483647
	retry.backoff.max.ms = 1000
	retry.backoff.ms = 100
	sasl.client.callback.handler.class = null
	sasl.jaas.config = null
	sasl.kerberos.kinit.cmd = /usr/bin/kinit
	sasl.kerberos.min.time.before.relogin = 60000
	sasl.kerberos.service.name = null
	sasl.kerberos.ticket.renew.jitter = 0.05
	sasl.kerberos.ticket.renew.window.factor = 0.8
	sasl.login.callback.handler.class = null
	sasl.login.class = null
	sasl.login.connect.timeout.ms = null
	sasl.login.read.timeout.ms = null
	sasl.login.refresh.buffer.seconds = 300
	sasl.login.refresh.min.period.seconds = 60
	sasl.login.refresh.window.factor = 0.8
	sasl.login.refresh.window.jitter = 0.05
	sasl.login.retry.backoff.max.ms = 10000
	sasl.login.retry.backoff.ms = 100
	sasl.mechanism = GSSAPI
	sasl.oauthbearer.clock.skew.seconds = 30
	sasl.oauthbearer.expected.audience = null
	sasl.oauthbearer.expected.issuer = null
	sasl.oauthbearer.header.urlencode = false
	sasl.oauthbearer.jwks.endpoint.refresh.ms = 3600000
	sasl.oauthbearer.jwks.endpoint.retry.backoff.max.ms = 10000
	sasl.oauthbearer.jwks.endpoint.retry.backoff.ms = 100
	sasl.oauthbearer.jwks.endpoint.url = null
	sasl.oauthbearer.scope.claim.name = scope
	sasl.oauthbearer.sub.claim.name = sub
	sasl.oauthbearer.token.endpoint.url = null
	security.protocol = PLAINTEXT
	security.providers = null
	send.buffer.bytes = 131072
	socket.connection.setup.timeout.max.ms = 30000
	socket.connection.setup.timeout.ms = 10000
	ssl.cipher.suites = null
	ssl.enabled.protocols = [TLSv1.2, TLSv1.3]
	ssl.endpoint.identification.algorithm = https
	ssl.engine.factory.class = null
	ssl.key.password = null
	ssl.keymanager.algorithm = SunX509
	ssl.keystore.certificate.chain = null
	ssl.keystore.key = null
	ssl.keystore.location = null
	ssl.keystore.password = null
	ssl.keystore.type = JKS
	ssl.protocol = TLSv1.3
	ssl.provider = null
	ssl.secure.random.implementation = null
	ssl.trustmanager.algorithm = PKIX
	ssl.truststore.certificates = null
	ssl.truststore.location = null
	ssl.truststore.password = null
	ssl.truststore.type = JKS
	transaction.timeout.ms = 60000
	transactional.id = null
	value.serializer = class io.apicurio.registry.serde.avro.AvroKafkaSerializer

2025-07-31 20:40:41,261 INFO  [org.apa.kaf.com.tel.int.KafkaMetricsCollector] (main) initializing Kafka metrics collector
2025-07-31 20:40:41,273 INFO  [org.apa.kaf.cli.pro.KafkaProducer] (main) [Producer clientId=Producer-topic-45572f2a_cd4f_4d7c_9b72_c61b8e992a40] Instantiated an idempotent producer.
2025-07-31 20:40:41,281 INFO  [org.apa.kaf.cli.pro.ProducerConfig] (main) These configurations '[apicurio.registry.url, apicurio.registry.auto-register, apicurio.registry.artifact-resolver-strategy]' were supplied but are not used yet.
2025-07-31 20:40:41,281 INFO  [org.apa.kaf.com.uti.AppInfoParser] (main) Kafka version: 3.9.1
2025-07-31 20:40:41,281 INFO  [org.apa.kaf.com.uti.AppInfoParser] (main) Kafka commitId: f745dfdcee2b9851
2025-07-31 20:40:41,281 INFO  [org.apa.kaf.com.uti.AppInfoParser] (main) Kafka startTimeMs: 1753994441281
2025-07-31 20:40:41,281 INFO  [io.api.tes.ser.api.SimpleSerdesTesterBuilder$SimpleSerdesTester] (main) Using producer configuration: {apicurio.registry.url=http://registry-app-inmemory.apps.ci419.apicurio-testing.org:80/apis/registry/v3, apicurio.registry.auto-register=true, apicurio.registry.artifact-resolver-strategy=io.apicurio.registry.serde.strategy.SimpleTopicIdStrategy, value.serializer=io.apicurio.registry.serde.avro.AvroKafkaSerializer, request.timeout.ms=5000, acks=all, bootstrap.servers=PLAINTEXT://localhost:32770, connections.max.idle.ms=10000, key.serializer=org.apache.kafka.common.serialization.StringSerializer, client.id=Producer-topic-45572f2a_cd4f_4d7c_9b72_c61b8e992a40}
2025-07-31 20:40:41,281 INFO  [io.api.tes.ser.api.SimpleSerdesTesterBuilder$SimpleSerdesTester] (main) Using consumer configuration: {}
2025-07-31 20:40:41,282 INFO  [io.api.tes.ser.api.KafkaSerdesTester] (Thread-726) Sending message {"username": null} to topic topic-45572f2a_cd4f_4d7c_9b72_c61b8e992a40
2025-07-31 20:40:41,303 WARN  [org.apa.kaf.cli.NetworkClient] (kafka-producer-network-thread | Producer-topic-45572f2a_cd4f_4d7c_9b72_c61b8e992a40) [Producer clientId=Producer-topic-45572f2a_cd4f_4d7c_9b72_c61b8e992a40] The metadata response from the cluster reported a recoverable issue with correlation id 2 : {topic-45572f2a_cd4f_4d7c_9b72_c61b8e992a40=LEADER_NOT_AVAILABLE}
2025-07-31 20:40:41,303 INFO  [org.apa.kaf.cli.Metadata] (kafka-producer-network-thread | Producer-topic-45572f2a_cd4f_4d7c_9b72_c61b8e992a40) [Producer clientId=Producer-topic-45572f2a_cd4f_4d7c_9b72_c61b8e992a40] Cluster ID: b-_w6pXwSzuW2BMgmumbNQ
2025-07-31 20:40:41,303 INFO  [org.apa.kaf.cli.pro.int.TransactionManager] (kafka-producer-network-thread | Producer-topic-45572f2a_cd4f_4d7c_9b72_c61b8e992a40) [Producer clientId=Producer-topic-45572f2a_cd4f_4d7c_9b72_c61b8e992a40] ProducerId set to 23 with epoch 0
2025-07-31 20:40:41,448 INFO  [io.api.tes.ser.api.KafkaSerdesTester] (Thread-726) Sending message {"username": null} to topic topic-45572f2a_cd4f_4d7c_9b72_c61b8e992a40
2025-07-31 20:40:41,449 INFO  [io.api.tes.ser.api.KafkaSerdesTester] (Thread-726) Sending message {"username": "value-2"} to topic topic-45572f2a_cd4f_4d7c_9b72_c61b8e992a40
2025-07-31 20:40:41,451 INFO  [io.api.tes.ser.api.KafkaSerdesTester] (Thread-726) Sending message {"username": null} to topic topic-45572f2a_cd4f_4d7c_9b72_c61b8e992a40
2025-07-31 20:40:41,453 INFO  [io.api.tes.ser.api.KafkaSerdesTester] (Thread-726) Sending message {"username": "value-4"} to topic topic-45572f2a_cd4f_4d7c_9b72_c61b8e992a40
2025-07-31 20:40:41,454 INFO  [io.api.tes.ser.api.KafkaSerdesTester] (Thread-726) Sending message {"username": null} to topic topic-45572f2a_cd4f_4d7c_9b72_c61b8e992a40
2025-07-31 20:40:41,456 INFO  [io.api.tes.ser.api.KafkaSerdesTester] (Thread-726) Sending message {"username": "value-6"} to topic topic-45572f2a_cd4f_4d7c_9b72_c61b8e992a40
2025-07-31 20:40:41,457 INFO  [io.api.tes.ser.api.KafkaSerdesTester] (Thread-726) Sending message {"username": null} to topic topic-45572f2a_cd4f_4d7c_9b72_c61b8e992a40
2025-07-31 20:40:41,461 INFO  [io.api.tes.ser.api.KafkaSerdesTester] (Thread-726) Sending message {"username": "value-8"} to topic topic-45572f2a_cd4f_4d7c_9b72_c61b8e992a40
2025-07-31 20:40:41,462 INFO  [io.api.tes.ser.api.KafkaSerdesTester] (Thread-726) Sending message {"username": null} to topic topic-45572f2a_cd4f_4d7c_9b72_c61b8e992a40
2025-07-31 20:40:41,464 INFO  [io.api.tes.ser.api.KafkaSerdesTester] (Thread-726) Produced 10 messages
2025-07-31 20:40:41,464 INFO  [org.apa.kaf.cli.pro.KafkaProducer] (Thread-726) [Producer clientId=Producer-topic-45572f2a_cd4f_4d7c_9b72_c61b8e992a40] Closing the Kafka producer with timeoutMillis = 9223372036854775807 ms.
2025-07-31 20:40:41,466 INFO  [org.apa.kaf.com.met.Metrics] (Thread-726) Metrics scheduler closed
2025-07-31 20:40:41,466 INFO  [org.apa.kaf.com.met.Metrics] (Thread-726) Closing reporter org.apache.kafka.common.metrics.JmxReporter
2025-07-31 20:40:41,466 INFO  [org.apa.kaf.com.met.Metrics] (Thread-726) Closing reporter org.apache.kafka.common.telemetry.internals.ClientTelemetryReporter
2025-07-31 20:40:41,466 INFO  [org.apa.kaf.com.met.Metrics] (Thread-726) Metrics reporters closed
2025-07-31 20:40:41,467 INFO  [org.apa.kaf.com.uti.AppInfoParser] (Thread-726) App info kafka.producer for Producer-topic-45572f2a_cd4f_4d7c_9b72_c61b8e992a40 unregistered
**** Registry Base URL: http://registry-app-inmemory.apps.ci419.apicurio-testing.org:80
2025-07-31 20:40:41,485 INFO  [org.apa.kaf.cli.con.ConsumerConfig] (main) ConsumerConfig values: 
	allow.auto.create.topics = true
	auto.commit.interval.ms = 500
	auto.include.jmx.reporter = true
	auto.offset.reset = earliest
	bootstrap.servers = [PLAINTEXT://localhost:32770]
	check.crcs = true
	client.dns.lookup = use_all_dns_ips
	client.id = consumer-Consumer-topic-45572f2a_cd4f_4d7c_9b72_c61b8e992a40-17
	client.rack = 
	connections.max.idle.ms = 10000
	default.api.timeout.ms = 60000
	enable.auto.commit = true
	enable.metrics.push = true
	exclude.internal.topics = true
	fetch.max.bytes = 52428800
	fetch.max.wait.ms = 500
	fetch.min.bytes = 1
	group.id = Consumer-topic-45572f2a_cd4f_4d7c_9b72_c61b8e992a40
	group.instance.id = null
	group.protocol = classic
	group.remote.assignor = null
	heartbeat.interval.ms = 3000
	interceptor.classes = []
	internal.leave.group.on.close = true
	internal.throw.on.fetch.stable.offset.unsupported = false
	isolation.level = read_uncommitted
	key.deserializer = class org.apache.kafka.common.serialization.StringDeserializer
	max.partition.fetch.bytes = 1048576
	max.poll.interval.ms = 300000
	max.poll.records = 500
	metadata.max.age.ms = 300000
	metadata.recovery.strategy = none
	metric.reporters = []
	metrics.num.samples = 2
	metrics.recording.level = INFO
	metrics.sample.window.ms = 30000
	partition.assignment.strategy = [class org.apache.kafka.clients.consumer.RangeAssignor, class org.apache.kafka.clients.consumer.CooperativeStickyAssignor]
	receive.buffer.bytes = 65536
	reconnect.backoff.max.ms = 1000
	reconnect.backoff.ms = 50
	request.timeout.ms = 5000
	retry.backoff.max.ms = 1000
	retry.backoff.ms = 100
	sasl.client.callback.handler.class = null
	sasl.jaas.config = null
	sasl.kerberos.kinit.cmd = /usr/bin/kinit
	sasl.kerberos.min.time.before.relogin = 60000
	sasl.kerberos.service.name = null
	sasl.kerberos.ticket.renew.jitter = 0.05
	sasl.kerberos.ticket.renew.window.factor = 0.8
	sasl.login.callback.handler.class = null
	sasl.login.class = null
	sasl.login.connect.timeout.ms = null
	sasl.login.read.timeout.ms = null
	sasl.login.refresh.buffer.seconds = 300
	sasl.login.refresh.min.period.seconds = 60
	sasl.login.refresh.window.factor = 0.8
	sasl.login.refresh.window.jitter = 0.05
	sasl.login.retry.backoff.max.ms = 10000
	sasl.login.retry.backoff.ms = 100
	sasl.mechanism = GSSAPI
	sasl.oauthbearer.clock.skew.seconds = 30
	sasl.oauthbearer.expected.audience = null
	sasl.oauthbearer.expected.issuer = null
	sasl.oauthbearer.header.urlencode = false
	sasl.oauthbearer.jwks.endpoint.refresh.ms = 3600000
	sasl.oauthbearer.jwks.endpoint.retry.backoff.max.ms = 10000
	sasl.oauthbearer.jwks.endpoint.retry.backoff.ms = 100
	sasl.oauthbearer.jwks.endpoint.url = null
	sasl.oauthbearer.scope.claim.name = scope
	sasl.oauthbearer.sub.claim.name = sub
	sasl.oauthbearer.token.endpoint.url = null
	security.protocol = PLAINTEXT
	security.providers = null
	send.buffer.bytes = 131072
	session.timeout.ms = 45000
	socket.connection.setup.timeout.max.ms = 30000
	socket.connection.setup.timeout.ms = 10000
	ssl.cipher.suites = null
	ssl.enabled.protocols = [TLSv1.2, TLSv1.3]
	ssl.endpoint.identification.algorithm = https
	ssl.engine.factory.class = null
	ssl.key.password = null
	ssl.keymanager.algorithm = SunX509
	ssl.keystore.certificate.chain = null
	ssl.keystore.key = null
	ssl.keystore.location = null
	ssl.keystore.password = null
	ssl.keystore.type = JKS
	ssl.protocol = TLSv1.3
	ssl.provider = null
	ssl.secure.random.implementation = null
	ssl.trustmanager.algorithm = PKIX
	ssl.truststore.certificates = null
	ssl.truststore.location = null
	ssl.truststore.password = null
	ssl.truststore.type = JKS
	value.deserializer = class io.apicurio.registry.serde.avro.AvroKafkaDeserializer

2025-07-31 20:40:41,486 INFO  [org.apa.kaf.com.tel.int.KafkaMetricsCollector] (main) initializing Kafka metrics collector
2025-07-31 20:40:41,490 INFO  [org.apa.kaf.cli.con.ConsumerConfig] (main) These configurations '[apicurio.registry.url]' were supplied but are not used yet.
2025-07-31 20:40:41,490 INFO  [org.apa.kaf.com.uti.AppInfoParser] (main) Kafka version: 3.9.1
2025-07-31 20:40:41,490 INFO  [org.apa.kaf.com.uti.AppInfoParser] (main) Kafka commitId: f745dfdcee2b9851
2025-07-31 20:40:41,490 INFO  [org.apa.kaf.com.uti.AppInfoParser] (main) Kafka startTimeMs: 1753994441490
2025-07-31 20:40:41,491 INFO  [org.apa.kaf.cli.con.int.ClassicKafkaConsumer] (Thread-729) [Consumer clientId=consumer-Consumer-topic-45572f2a_cd4f_4d7c_9b72_c61b8e992a40-17, groupId=Consumer-topic-45572f2a_cd4f_4d7c_9b72_c61b8e992a40] Subscribed to topic(s): topic-45572f2a_cd4f_4d7c_9b72_c61b8e992a40
2025-07-31 20:40:41,494 INFO  [org.apa.kaf.cli.Metadata] (Thread-729) [Consumer clientId=consumer-Consumer-topic-45572f2a_cd4f_4d7c_9b72_c61b8e992a40-17, groupId=Consumer-topic-45572f2a_cd4f_4d7c_9b72_c61b8e992a40] Cluster ID: b-_w6pXwSzuW2BMgmumbNQ
2025-07-31 20:40:41,494 INFO  [org.apa.kaf.cli.con.int.ConsumerCoordinator] (Thread-729) [Consumer clientId=consumer-Consumer-topic-45572f2a_cd4f_4d7c_9b72_c61b8e992a40-17, groupId=Consumer-topic-45572f2a_cd4f_4d7c_9b72_c61b8e992a40] Discovered group coordinator localhost:32770 (id: 2147483647 rack: null)
2025-07-31 20:40:41,495 INFO  [org.apa.kaf.cli.con.int.ConsumerCoordinator] (Thread-729) [Consumer clientId=consumer-Consumer-topic-45572f2a_cd4f_4d7c_9b72_c61b8e992a40-17, groupId=Consumer-topic-45572f2a_cd4f_4d7c_9b72_c61b8e992a40] (Re-)joining group
2025-07-31 20:40:41,498 INFO  [org.apa.kaf.cli.con.int.ConsumerCoordinator] (Thread-729) [Consumer clientId=consumer-Consumer-topic-45572f2a_cd4f_4d7c_9b72_c61b8e992a40-17, groupId=Consumer-topic-45572f2a_cd4f_4d7c_9b72_c61b8e992a40] Request joining group due to: need to re-join with the given member-id: consumer-Consumer-topic-45572f2a_cd4f_4d7c_9b72_c61b8e992a40-17-cbedd6b2-f8df-4fb9-bda9-bcea78d774e7
2025-07-31 20:40:41,498 INFO  [org.apa.kaf.cli.con.int.ConsumerCoordinator] (Thread-729) [Consumer clientId=consumer-Consumer-topic-45572f2a_cd4f_4d7c_9b72_c61b8e992a40-17, groupId=Consumer-topic-45572f2a_cd4f_4d7c_9b72_c61b8e992a40] (Re-)joining group
2025-07-31 20:40:41,500 INFO  [org.apa.kaf.cli.con.int.ConsumerCoordinator] (Thread-729) [Consumer clientId=consumer-Consumer-topic-45572f2a_cd4f_4d7c_9b72_c61b8e992a40-17, groupId=Consumer-topic-45572f2a_cd4f_4d7c_9b72_c61b8e992a40] Successfully joined group with generation Generation{generationId=1, memberId='consumer-Consumer-topic-45572f2a_cd4f_4d7c_9b72_c61b8e992a40-17-cbedd6b2-f8df-4fb9-bda9-bcea78d774e7', protocol='range'}
2025-07-31 20:40:41,500 INFO  [org.apa.kaf.cli.con.int.ConsumerCoordinator] (Thread-729) [Consumer clientId=consumer-Consumer-topic-45572f2a_cd4f_4d7c_9b72_c61b8e992a40-17, groupId=Consumer-topic-45572f2a_cd4f_4d7c_9b72_c61b8e992a40] Finished assignment for group at generation 1: {consumer-Consumer-topic-45572f2a_cd4f_4d7c_9b72_c61b8e992a40-17-cbedd6b2-f8df-4fb9-bda9-bcea78d774e7=Assignment(partitions=[topic-45572f2a_cd4f_4d7c_9b72_c61b8e992a40-0])}
2025-07-31 20:40:41,502 INFO  [org.apa.kaf.cli.con.int.ConsumerCoordinator] (Thread-729) [Consumer clientId=consumer-Consumer-topic-45572f2a_cd4f_4d7c_9b72_c61b8e992a40-17, groupId=Consumer-topic-45572f2a_cd4f_4d7c_9b72_c61b8e992a40] Successfully synced group in generation Generation{generationId=1, memberId='consumer-Consumer-topic-45572f2a_cd4f_4d7c_9b72_c61b8e992a40-17-cbedd6b2-f8df-4fb9-bda9-bcea78d774e7', protocol='range'}
2025-07-31 20:40:41,502 INFO  [org.apa.kaf.cli.con.int.ConsumerCoordinator] (Thread-729) [Consumer clientId=consumer-Consumer-topic-45572f2a_cd4f_4d7c_9b72_c61b8e992a40-17, groupId=Consumer-topic-45572f2a_cd4f_4d7c_9b72_c61b8e992a40] Notifying assignor about the new Assignment(partitions=[topic-45572f2a_cd4f_4d7c_9b72_c61b8e992a40-0])
2025-07-31 20:40:41,502 INFO  [org.apa.kaf.cli.con.int.ConsumerRebalanceListenerInvoker] (Thread-729) [Consumer clientId=consumer-Consumer-topic-45572f2a_cd4f_4d7c_9b72_c61b8e992a40-17, groupId=Consumer-topic-45572f2a_cd4f_4d7c_9b72_c61b8e992a40] Adding newly assigned partitions: topic-45572f2a_cd4f_4d7c_9b72_c61b8e992a40-0
2025-07-31 20:40:41,503 INFO  [org.apa.kaf.cli.con.int.ConsumerCoordinator] (Thread-729) [Consumer clientId=consumer-Consumer-topic-45572f2a_cd4f_4d7c_9b72_c61b8e992a40-17, groupId=Consumer-topic-45572f2a_cd4f_4d7c_9b72_c61b8e992a40] Found no committed offset for partition topic-45572f2a_cd4f_4d7c_9b72_c61b8e992a40-0
2025-07-31 20:40:41,507 INFO  [org.apa.kaf.cli.con.int.SubscriptionState] (Thread-729) [Consumer clientId=consumer-Consumer-topic-45572f2a_cd4f_4d7c_9b72_c61b8e992a40-17, groupId=Consumer-topic-45572f2a_cd4f_4d7c_9b72_c61b8e992a40] Resetting offset for partition topic-45572f2a_cd4f_4d7c_9b72_c61b8e992a40-0 to position FetchPosition{offset=0, offsetEpoch=Optional.empty, currentLeader=LeaderAndEpoch{leader=Optional[localhost:32770 (id: 0 rack: null)], epoch=0}}.
2025-07-31 20:40:41,536 INFO  [io.api.tes.ser.api.KafkaSerdesTester] (Thread-729) topic-45572f2a_cd4f_4d7c_9b72_c61b8e992a40 0 0 {"username": null}
2025-07-31 20:40:41,537 INFO  [io.api.tes.ser.api.KafkaSerdesTester] (Thread-729) topic-45572f2a_cd4f_4d7c_9b72_c61b8e992a40 0 1 {"username": null}
2025-07-31 20:40:41,537 INFO  [io.api.tes.ser.api.KafkaSerdesTester] (Thread-729) topic-45572f2a_cd4f_4d7c_9b72_c61b8e992a40 0 2 {"username": "value-2"}
2025-07-31 20:40:41,538 INFO  [io.api.tes.ser.api.KafkaSerdesTester] (Thread-729) topic-45572f2a_cd4f_4d7c_9b72_c61b8e992a40 0 3 {"username": null}
2025-07-31 20:40:41,538 INFO  [io.api.tes.ser.api.KafkaSerdesTester] (Thread-729) topic-45572f2a_cd4f_4d7c_9b72_c61b8e992a40 0 4 {"username": "value-4"}
2025-07-31 20:40:41,538 INFO  [io.api.tes.ser.api.KafkaSerdesTester] (Thread-729) topic-45572f2a_cd4f_4d7c_9b72_c61b8e992a40 0 5 {"username": null}
2025-07-31 20:40:41,538 INFO  [io.api.tes.ser.api.KafkaSerdesTester] (Thread-729) topic-45572f2a_cd4f_4d7c_9b72_c61b8e992a40 0 6 {"username": "value-6"}
2025-07-31 20:40:41,538 INFO  [io.api.tes.ser.api.KafkaSerdesTester] (Thread-729) topic-45572f2a_cd4f_4d7c_9b72_c61b8e992a40 0 7 {"username": null}
2025-07-31 20:40:41,538 INFO  [io.api.tes.ser.api.KafkaSerdesTester] (Thread-729) topic-45572f2a_cd4f_4d7c_9b72_c61b8e992a40 0 8 {"username": "value-8"}
2025-07-31 20:40:41,538 INFO  [io.api.tes.ser.api.KafkaSerdesTester] (Thread-729) topic-45572f2a_cd4f_4d7c_9b72_c61b8e992a40 0 9 {"username": null}
2025-07-31 20:40:41,538 INFO  [io.api.tes.ser.api.KafkaSerdesTester] (Thread-729) Consumed 10 messages
2025-07-31 20:40:41,540 INFO  [org.apa.kaf.cli.con.int.ConsumerRebalanceListenerInvoker] (Thread-729) [Consumer clientId=consumer-Consumer-topic-45572f2a_cd4f_4d7c_9b72_c61b8e992a40-17, groupId=Consumer-topic-45572f2a_cd4f_4d7c_9b72_c61b8e992a40] Revoke previously assigned partitions topic-45572f2a_cd4f_4d7c_9b72_c61b8e992a40-0
2025-07-31 20:40:41,540 INFO  [org.apa.kaf.cli.con.int.ConsumerCoordinator] (Thread-729) [Consumer clientId=consumer-Consumer-topic-45572f2a_cd4f_4d7c_9b72_c61b8e992a40-17, groupId=Consumer-topic-45572f2a_cd4f_4d7c_9b72_c61b8e992a40] Member consumer-Consumer-topic-45572f2a_cd4f_4d7c_9b72_c61b8e992a40-17-cbedd6b2-f8df-4fb9-bda9-bcea78d774e7 sending LeaveGroup request to coordinator localhost:32770 (id: 2147483647 rack: null) due to the consumer is being closed
2025-07-31 20:40:41,541 INFO  [org.apa.kaf.cli.con.int.ConsumerCoordinator] (Thread-729) [Consumer clientId=consumer-Consumer-topic-45572f2a_cd4f_4d7c_9b72_c61b8e992a40-17, groupId=Consumer-topic-45572f2a_cd4f_4d7c_9b72_c61b8e992a40] Resetting generation and member id due to: consumer pro-actively leaving the group
2025-07-31 20:40:41,541 INFO  [org.apa.kaf.cli.con.int.ConsumerCoordinator] (Thread-729) [Consumer clientId=consumer-Consumer-topic-45572f2a_cd4f_4d7c_9b72_c61b8e992a40-17, groupId=Consumer-topic-45572f2a_cd4f_4d7c_9b72_c61b8e992a40] Request joining group due to: consumer pro-actively leaving the group
2025-07-31 20:40:42,039 INFO  [org.apa.kaf.com.met.Metrics] (Thread-729) Metrics scheduler closed
2025-07-31 20:40:42,039 INFO  [org.apa.kaf.com.met.Metrics] (Thread-729) Closing reporter org.apache.kafka.common.metrics.JmxReporter
2025-07-31 20:40:42,039 INFO  [org.apa.kaf.com.met.Metrics] (Thread-729) Closing reporter org.apache.kafka.common.telemetry.internals.ClientTelemetryReporter
2025-07-31 20:40:42,039 INFO  [org.apa.kaf.com.met.Metrics] (Thread-729) Metrics reporters closed
2025-07-31 20:40:42,041 INFO  [org.apa.kaf.com.uti.AppInfoParser] (Thread-729) App info kafka.consumer for consumer-Consumer-topic-45572f2a_cd4f_4d7c_9b72_c61b8e992a40-17 unregistered
2025-07-31 20:40:42,042 INFO  [io.api.tes.uti.TestSeparator] (main) io.apicurio.tests.serdes.apicurio.AvroSerdeIT.testFirstEmptyFieldConfusedAsMagicByte-FINISHED
2025-07-31 20:40:42,042 INFO  [io.api.tes.uti.TestSeparator] (main) ############################################################################
Test passed: testFirstEmptyFieldConfusedAsMagicByte
]]></system-out>
  </testcase>
  <testcase name="testAvroSerDesFailDifferentSchemaByContent" classname="io.apicurio.tests.serdes.apicurio.AvroSerdeIT" time="1.088">
    <system-out><![CDATA[2025-07-31 20:40:42,043 INFO  [io.api.tes.uti.TestSeparator] (main) ############################################################################
2025-07-31 20:40:42,043 INFO  [io.api.tes.uti.TestSeparator] (main) io.apicurio.tests.serdes.apicurio.AvroSerdeIT.testAvroSerDesFailDifferentSchemaByContent-STARTED
**** Registry Base URL: http://registry-app-inmemory.apps.ci419.apicurio-testing.org:80
2025-07-31 20:40:43,079 INFO  [org.apa.kaf.cli.pro.ProducerConfig] (main) ProducerConfig values: 
	acks = -1
	auto.include.jmx.reporter = true
	batch.size = 16384
	bootstrap.servers = [PLAINTEXT://localhost:32770]
	buffer.memory = 33554432
	client.dns.lookup = use_all_dns_ips
	client.id = Producer-topic-8ae6f0db_2636_4a3d_b2c5_4bd451dae6f8
	compression.gzip.level = -1
	compression.lz4.level = 9
	compression.type = none
	compression.zstd.level = 3
	connections.max.idle.ms = 10000
	delivery.timeout.ms = 120000
	enable.idempotence = true
	enable.metrics.push = true
	interceptor.classes = []
	key.serializer = class org.apache.kafka.common.serialization.StringSerializer
	linger.ms = 0
	max.block.ms = 60000
	max.in.flight.requests.per.connection = 5
	max.request.size = 1048576
	metadata.max.age.ms = 300000
	metadata.max.idle.ms = 300000
	metadata.recovery.strategy = none
	metric.reporters = []
	metrics.num.samples = 2
	metrics.recording.level = INFO
	metrics.sample.window.ms = 30000
	partitioner.adaptive.partitioning.enable = true
	partitioner.availability.timeout.ms = 0
	partitioner.class = null
	partitioner.ignore.keys = false
	receive.buffer.bytes = 32768
	reconnect.backoff.max.ms = 1000
	reconnect.backoff.ms = 50
	request.timeout.ms = 5000
	retries = 2147483647
	retry.backoff.max.ms = 1000
	retry.backoff.ms = 100
	sasl.client.callback.handler.class = null
	sasl.jaas.config = null
	sasl.kerberos.kinit.cmd = /usr/bin/kinit
	sasl.kerberos.min.time.before.relogin = 60000
	sasl.kerberos.service.name = null
	sasl.kerberos.ticket.renew.jitter = 0.05
	sasl.kerberos.ticket.renew.window.factor = 0.8
	sasl.login.callback.handler.class = null
	sasl.login.class = null
	sasl.login.connect.timeout.ms = null
	sasl.login.read.timeout.ms = null
	sasl.login.refresh.buffer.seconds = 300
	sasl.login.refresh.min.period.seconds = 60
	sasl.login.refresh.window.factor = 0.8
	sasl.login.refresh.window.jitter = 0.05
	sasl.login.retry.backoff.max.ms = 10000
	sasl.login.retry.backoff.ms = 100
	sasl.mechanism = GSSAPI
	sasl.oauthbearer.clock.skew.seconds = 30
	sasl.oauthbearer.expected.audience = null
	sasl.oauthbearer.expected.issuer = null
	sasl.oauthbearer.header.urlencode = false
	sasl.oauthbearer.jwks.endpoint.refresh.ms = 3600000
	sasl.oauthbearer.jwks.endpoint.retry.backoff.max.ms = 10000
	sasl.oauthbearer.jwks.endpoint.retry.backoff.ms = 100
	sasl.oauthbearer.jwks.endpoint.url = null
	sasl.oauthbearer.scope.claim.name = scope
	sasl.oauthbearer.sub.claim.name = sub
	sasl.oauthbearer.token.endpoint.url = null
	security.protocol = PLAINTEXT
	security.providers = null
	send.buffer.bytes = 131072
	socket.connection.setup.timeout.max.ms = 30000
	socket.connection.setup.timeout.ms = 10000
	ssl.cipher.suites = null
	ssl.enabled.protocols = [TLSv1.2, TLSv1.3]
	ssl.endpoint.identification.algorithm = https
	ssl.engine.factory.class = null
	ssl.key.password = null
	ssl.keymanager.algorithm = SunX509
	ssl.keystore.certificate.chain = null
	ssl.keystore.key = null
	ssl.keystore.location = null
	ssl.keystore.password = null
	ssl.keystore.type = JKS
	ssl.protocol = TLSv1.3
	ssl.provider = null
	ssl.secure.random.implementation = null
	ssl.trustmanager.algorithm = PKIX
	ssl.truststore.certificates = null
	ssl.truststore.location = null
	ssl.truststore.password = null
	ssl.truststore.type = JKS
	transaction.timeout.ms = 60000
	transactional.id = null
	value.serializer = class io.apicurio.registry.serde.avro.AvroKafkaSerializer

2025-07-31 20:40:43,080 INFO  [org.apa.kaf.com.tel.int.KafkaMetricsCollector] (main) initializing Kafka metrics collector
2025-07-31 20:40:43,083 INFO  [org.apa.kaf.cli.pro.KafkaProducer] (main) [Producer clientId=Producer-topic-8ae6f0db_2636_4a3d_b2c5_4bd451dae6f8] Instantiated an idempotent producer.
2025-07-31 20:40:43,085 INFO  [org.apa.kaf.cli.pro.ProducerConfig] (main) These configurations '[apicurio.registry.url, apicurio.registry.artifact-resolver-strategy]' were supplied but are not used yet.
2025-07-31 20:40:43,085 INFO  [org.apa.kaf.com.uti.AppInfoParser] (main) Kafka version: 3.9.1
2025-07-31 20:40:43,086 INFO  [org.apa.kaf.com.uti.AppInfoParser] (main) Kafka commitId: f745dfdcee2b9851
2025-07-31 20:40:43,086 INFO  [org.apa.kaf.com.uti.AppInfoParser] (main) Kafka startTimeMs: 1753994443085
2025-07-31 20:40:43,087 INFO  [io.api.tes.ser.api.KafkaSerdesTester] (Thread-732) Sending message {"keyB": "value-0"} to topic topic-8ae6f0db_2636_4a3d_b2c5_4bd451dae6f8
2025-07-31 20:40:43,092 INFO  [org.apa.kaf.cli.Metadata] (kafka-producer-network-thread | Producer-topic-8ae6f0db_2636_4a3d_b2c5_4bd451dae6f8) [Producer clientId=Producer-topic-8ae6f0db_2636_4a3d_b2c5_4bd451dae6f8] Cluster ID: b-_w6pXwSzuW2BMgmumbNQ
2025-07-31 20:40:43,092 INFO  [DefaultSchemaResolver] (Thread-732) Retrieving schema content using string: {"type":"record","name":"sd027c8a4xc2e9x4937xa0bcxe2d42ce2e323","namespace":"s2f027e72x1c6ax421fxab2fx2babf957f66b","fields":[{"name":"keyB","type":"string"}]}
2025-07-31 20:40:43,094 INFO  [org.apa.kaf.cli.pro.int.TransactionManager] (kafka-producer-network-thread | Producer-topic-8ae6f0db_2636_4a3d_b2c5_4bd451dae6f8) [Producer clientId=Producer-topic-8ae6f0db_2636_4a3d_b2c5_4bd451dae6f8] ProducerId set to 24 with epoch 0
2025-07-31 20:40:43,123 INFO  [org.apa.kaf.cli.pro.KafkaProducer] (Thread-732) [Producer clientId=Producer-topic-8ae6f0db_2636_4a3d_b2c5_4bd451dae6f8] Closing the Kafka producer with timeoutMillis = 9223372036854775807 ms.
2025-07-31 20:40:43,126 INFO  [org.apa.kaf.com.met.Metrics] (Thread-732) Metrics scheduler closed
2025-07-31 20:40:43,126 INFO  [org.apa.kaf.com.met.Metrics] (Thread-732) Closing reporter org.apache.kafka.common.metrics.JmxReporter
2025-07-31 20:40:43,126 INFO  [org.apa.kaf.com.met.Metrics] (Thread-732) Closing reporter org.apache.kafka.common.telemetry.internals.ClientTelemetryReporter
2025-07-31 20:40:43,126 INFO  [org.apa.kaf.com.met.Metrics] (Thread-732) Metrics reporters closed
2025-07-31 20:40:43,127 INFO  [org.apa.kaf.com.uti.AppInfoParser] (Thread-732) App info kafka.producer for Producer-topic-8ae6f0db_2636_4a3d_b2c5_4bd451dae6f8 unregistered
2025-07-31 20:40:43,129 INFO  [io.api.tes.uti.TestSeparator] (main) io.apicurio.tests.serdes.apicurio.AvroSerdeIT.testAvroSerDesFailDifferentSchemaByContent-FINISHED
2025-07-31 20:40:43,129 INFO  [io.api.tes.uti.TestSeparator] (main) ############################################################################
Test passed: testAvroSerDesFailDifferentSchemaByContent
]]></system-out>
    <system-err><![CDATA[java.lang.RuntimeException: Could not resolve artifact reference by content: {"type":"record","name":"sd027c8a4xc2e9x4937xa0bcxe2d42ce2e323","namespace":"s2f027e72x1c6ax421fxab2fx2babf957f66b","fields":[{"name":"keyB","type":"string"}]}&ArtifactReference [groupId=s2f027e72x1c6ax421fxab2fx2babf957f66b, artifactId=sd027c8a4xc2e9x4937xa0bcxe2d42ce2e323, version=null, globalId=null, contentId=null, contentHash=null]
	at io.apicurio.registry.resolver.DefaultSchemaResolver.lambda$handleResolveSchemaByContent$3(DefaultSchemaResolver.java:265)
	at io.apicurio.registry.resolver.cache.ERCache.lambda$getValue$0(ERCache.java:174)
	at io.apicurio.registry.resolver.cache.ERCache.retry(ERCache.java:227)
	at io.apicurio.registry.resolver.cache.ERCache.getValue(ERCache.java:173)
	at io.apicurio.registry.resolver.cache.ERCache.getByContent(ERCache.java:147)
	at io.apicurio.registry.resolver.DefaultSchemaResolver.handleResolveSchemaByContent(DefaultSchemaResolver.java:253)
	at io.apicurio.registry.resolver.DefaultSchemaResolver.getSchemaFromRegistry(DefaultSchemaResolver.java:138)
	at io.apicurio.registry.resolver.DefaultSchemaResolver.lambda$resolveSchema$0(DefaultSchemaResolver.java:84)
	at java.base/java.util.Optional.orElseGet(Optional.java:364)
	at io.apicurio.registry.resolver.DefaultSchemaResolver.resolveSchema(DefaultSchemaResolver.java:84)
	at io.apicurio.registry.serde.AbstractSerializer.serializeData(AbstractSerializer.java:62)
	at io.apicurio.registry.serde.KafkaSerializer.serialize(KafkaSerializer.java:77)
	at org.apache.kafka.clients.producer.KafkaProducer.doSend(KafkaProducer.java:1046)
	at org.apache.kafka.clients.producer.KafkaProducer.send(KafkaProducer.java:993)
	at org.apache.kafka.clients.producer.KafkaProducer.send(KafkaProducer.java:875)
	at io.apicurio.tests.serdes.apicurio.KafkaSerdesTester.lambda$produceMessages$3(KafkaSerdesTester.java:138)
	at java.base/java.util.concurrent.CompletableFuture$AsyncSupply.run(CompletableFuture.java:1768)
	at java.base/java.lang.Thread.run(Thread.java:840)
]]></system-err>
  </testcase>
  <testcase name="testGlobalIdInBody" classname="io.apicurio.tests.serdes.apicurio.AvroSerdeIT" time="0.829">
    <system-out><![CDATA[2025-07-31 20:40:43,131 INFO  [io.api.tes.uti.TestSeparator] (main) ############################################################################
2025-07-31 20:40:43,131 INFO  [io.api.tes.uti.TestSeparator] (main) io.apicurio.tests.serdes.apicurio.AvroSerdeIT.testGlobalIdInBody-STARTED
**** Registry Base URL: http://registry-app-inmemory.apps.ci419.apicurio-testing.org:80
2025-07-31 20:40:43,150 INFO  [org.apa.kaf.cli.pro.ProducerConfig] (main) ProducerConfig values: 
	acks = -1
	auto.include.jmx.reporter = true
	batch.size = 16384
	bootstrap.servers = [PLAINTEXT://localhost:32770]
	buffer.memory = 33554432
	client.dns.lookup = use_all_dns_ips
	client.id = Producer-topic-99be4973_44e1_4421_b785_5f3ef7dd0670
	compression.gzip.level = -1
	compression.lz4.level = 9
	compression.type = none
	compression.zstd.level = 3
	connections.max.idle.ms = 10000
	delivery.timeout.ms = 120000
	enable.idempotence = true
	enable.metrics.push = true
	interceptor.classes = []
	key.serializer = class org.apache.kafka.common.serialization.StringSerializer
	linger.ms = 0
	max.block.ms = 60000
	max.in.flight.requests.per.connection = 5
	max.request.size = 1048576
	metadata.max.age.ms = 300000
	metadata.max.idle.ms = 300000
	metadata.recovery.strategy = none
	metric.reporters = []
	metrics.num.samples = 2
	metrics.recording.level = INFO
	metrics.sample.window.ms = 30000
	partitioner.adaptive.partitioning.enable = true
	partitioner.availability.timeout.ms = 0
	partitioner.class = null
	partitioner.ignore.keys = false
	receive.buffer.bytes = 32768
	reconnect.backoff.max.ms = 1000
	reconnect.backoff.ms = 50
	request.timeout.ms = 5000
	retries = 2147483647
	retry.backoff.max.ms = 1000
	retry.backoff.ms = 100
	sasl.client.callback.handler.class = null
	sasl.jaas.config = null
	sasl.kerberos.kinit.cmd = /usr/bin/kinit
	sasl.kerberos.min.time.before.relogin = 60000
	sasl.kerberos.service.name = null
	sasl.kerberos.ticket.renew.jitter = 0.05
	sasl.kerberos.ticket.renew.window.factor = 0.8
	sasl.login.callback.handler.class = null
	sasl.login.class = null
	sasl.login.connect.timeout.ms = null
	sasl.login.read.timeout.ms = null
	sasl.login.refresh.buffer.seconds = 300
	sasl.login.refresh.min.period.seconds = 60
	sasl.login.refresh.window.factor = 0.8
	sasl.login.refresh.window.jitter = 0.05
	sasl.login.retry.backoff.max.ms = 10000
	sasl.login.retry.backoff.ms = 100
	sasl.mechanism = GSSAPI
	sasl.oauthbearer.clock.skew.seconds = 30
	sasl.oauthbearer.expected.audience = null
	sasl.oauthbearer.expected.issuer = null
	sasl.oauthbearer.header.urlencode = false
	sasl.oauthbearer.jwks.endpoint.refresh.ms = 3600000
	sasl.oauthbearer.jwks.endpoint.retry.backoff.max.ms = 10000
	sasl.oauthbearer.jwks.endpoint.retry.backoff.ms = 100
	sasl.oauthbearer.jwks.endpoint.url = null
	sasl.oauthbearer.scope.claim.name = scope
	sasl.oauthbearer.sub.claim.name = sub
	sasl.oauthbearer.token.endpoint.url = null
	security.protocol = PLAINTEXT
	security.providers = null
	send.buffer.bytes = 131072
	socket.connection.setup.timeout.max.ms = 30000
	socket.connection.setup.timeout.ms = 10000
	ssl.cipher.suites = null
	ssl.enabled.protocols = [TLSv1.2, TLSv1.3]
	ssl.endpoint.identification.algorithm = https
	ssl.engine.factory.class = null
	ssl.key.password = null
	ssl.keymanager.algorithm = SunX509
	ssl.keystore.certificate.chain = null
	ssl.keystore.key = null
	ssl.keystore.location = null
	ssl.keystore.password = null
	ssl.keystore.type = JKS
	ssl.protocol = TLSv1.3
	ssl.provider = null
	ssl.secure.random.implementation = null
	ssl.trustmanager.algorithm = PKIX
	ssl.truststore.certificates = null
	ssl.truststore.location = null
	ssl.truststore.password = null
	ssl.truststore.type = JKS
	transaction.timeout.ms = 60000
	transactional.id = null
	value.serializer = class io.apicurio.registry.serde.avro.AvroKafkaSerializer

2025-07-31 20:40:43,150 INFO  [org.apa.kaf.com.tel.int.KafkaMetricsCollector] (main) initializing Kafka metrics collector
2025-07-31 20:40:43,158 INFO  [org.apa.kaf.cli.pro.KafkaProducer] (main) [Producer clientId=Producer-topic-99be4973_44e1_4421_b785_5f3ef7dd0670] Instantiated an idempotent producer.
2025-07-31 20:40:43,161 INFO  [org.apa.kaf.cli.pro.ProducerConfig] (main) These configurations '[apicurio.registry.url, apicurio.registry.auto-register, apicurio.registry.use-id, apicurio.registry.artifact-resolver-strategy]' were supplied but are not used yet.
2025-07-31 20:40:43,161 INFO  [org.apa.kaf.com.uti.AppInfoParser] (main) Kafka version: 3.9.1
2025-07-31 20:40:43,161 INFO  [org.apa.kaf.com.uti.AppInfoParser] (main) Kafka commitId: f745dfdcee2b9851
2025-07-31 20:40:43,161 INFO  [org.apa.kaf.com.uti.AppInfoParser] (main) Kafka startTimeMs: 1753994443161
2025-07-31 20:40:43,162 INFO  [io.api.tes.ser.api.SimpleSerdesTesterBuilder$SimpleSerdesTester] (main) Using producer configuration: {apicurio.registry.url=http://registry-app-inmemory.apps.ci419.apicurio-testing.org:80/apis/registry/v3, apicurio.registry.auto-register=true, apicurio.registry.use-id=globalId, apicurio.registry.artifact-resolver-strategy=io.apicurio.registry.serde.strategy.TopicIdStrategy, value.serializer=io.apicurio.registry.serde.avro.AvroKafkaSerializer, request.timeout.ms=5000, acks=all, bootstrap.servers=PLAINTEXT://localhost:32770, connections.max.idle.ms=10000, key.serializer=org.apache.kafka.common.serialization.StringSerializer, client.id=Producer-topic-99be4973_44e1_4421_b785_5f3ef7dd0670}
2025-07-31 20:40:43,162 INFO  [io.api.tes.ser.api.SimpleSerdesTesterBuilder$SimpleSerdesTester] (main) Using consumer configuration: {apicurio.registry.use-id=globalId}
2025-07-31 20:40:43,163 INFO  [io.api.tes.ser.api.KafkaSerdesTester] (Thread-735) Sending message {"key11753994443131": "value-0"} to topic topic-99be4973_44e1_4421_b785_5f3ef7dd0670
2025-07-31 20:40:43,170 WARN  [org.apa.kaf.cli.NetworkClient] (kafka-producer-network-thread | Producer-topic-99be4973_44e1_4421_b785_5f3ef7dd0670) [Producer clientId=Producer-topic-99be4973_44e1_4421_b785_5f3ef7dd0670] The metadata response from the cluster reported a recoverable issue with correlation id 2 : {topic-99be4973_44e1_4421_b785_5f3ef7dd0670=LEADER_NOT_AVAILABLE}
2025-07-31 20:40:43,171 INFO  [org.apa.kaf.cli.Metadata] (kafka-producer-network-thread | Producer-topic-99be4973_44e1_4421_b785_5f3ef7dd0670) [Producer clientId=Producer-topic-99be4973_44e1_4421_b785_5f3ef7dd0670] Cluster ID: b-_w6pXwSzuW2BMgmumbNQ
2025-07-31 20:40:43,171 INFO  [org.apa.kaf.cli.pro.int.TransactionManager] (kafka-producer-network-thread | Producer-topic-99be4973_44e1_4421_b785_5f3ef7dd0670) [Producer clientId=Producer-topic-99be4973_44e1_4421_b785_5f3ef7dd0670] ProducerId set to 25 with epoch 0
2025-07-31 20:40:43,314 INFO  [io.api.tes.ser.api.KafkaSerdesTester] (Thread-735) Sending message {"key11753994443131": "value-1"} to topic topic-99be4973_44e1_4421_b785_5f3ef7dd0670
2025-07-31 20:40:43,320 INFO  [io.api.tes.ser.api.KafkaSerdesTester] (Thread-735) Sending message {"key11753994443131": "value-2"} to topic topic-99be4973_44e1_4421_b785_5f3ef7dd0670
2025-07-31 20:40:43,324 INFO  [io.api.tes.ser.api.KafkaSerdesTester] (Thread-735) Sending message {"key11753994443131": "value-3"} to topic topic-99be4973_44e1_4421_b785_5f3ef7dd0670
2025-07-31 20:40:43,329 INFO  [io.api.tes.ser.api.KafkaSerdesTester] (Thread-735) Sending message {"key11753994443131": "value-4"} to topic topic-99be4973_44e1_4421_b785_5f3ef7dd0670
2025-07-31 20:40:43,332 INFO  [io.api.tes.ser.api.KafkaSerdesTester] (Thread-735) Sending message {"key11753994443131": "value-5"} to topic topic-99be4973_44e1_4421_b785_5f3ef7dd0670
2025-07-31 20:40:43,340 INFO  [io.api.tes.ser.api.KafkaSerdesTester] (Thread-735) Sending message {"key11753994443131": "value-6"} to topic topic-99be4973_44e1_4421_b785_5f3ef7dd0670
2025-07-31 20:40:43,343 INFO  [io.api.tes.ser.api.KafkaSerdesTester] (Thread-735) Sending message {"key11753994443131": "value-7"} to topic topic-99be4973_44e1_4421_b785_5f3ef7dd0670
2025-07-31 20:40:43,346 INFO  [io.api.tes.ser.api.KafkaSerdesTester] (Thread-735) Sending message {"key11753994443131": "value-8"} to topic topic-99be4973_44e1_4421_b785_5f3ef7dd0670
2025-07-31 20:40:43,347 INFO  [io.api.tes.ser.api.KafkaSerdesTester] (Thread-735) Sending message {"key11753994443131": "value-9"} to topic topic-99be4973_44e1_4421_b785_5f3ef7dd0670
2025-07-31 20:40:43,353 INFO  [io.api.tes.ser.api.KafkaSerdesTester] (Thread-735) Produced 10 messages
2025-07-31 20:40:43,353 INFO  [org.apa.kaf.cli.pro.KafkaProducer] (Thread-735) [Producer clientId=Producer-topic-99be4973_44e1_4421_b785_5f3ef7dd0670] Closing the Kafka producer with timeoutMillis = 9223372036854775807 ms.
2025-07-31 20:40:43,355 INFO  [org.apa.kaf.com.met.Metrics] (Thread-735) Metrics scheduler closed
2025-07-31 20:40:43,355 INFO  [org.apa.kaf.com.met.Metrics] (Thread-735) Closing reporter org.apache.kafka.common.metrics.JmxReporter
2025-07-31 20:40:43,355 INFO  [org.apa.kaf.com.met.Metrics] (Thread-735) Closing reporter org.apache.kafka.common.telemetry.internals.ClientTelemetryReporter
2025-07-31 20:40:43,355 INFO  [org.apa.kaf.com.met.Metrics] (Thread-735) Metrics reporters closed
2025-07-31 20:40:43,356 INFO  [org.apa.kaf.com.uti.AppInfoParser] (Thread-735) App info kafka.producer for Producer-topic-99be4973_44e1_4421_b785_5f3ef7dd0670 unregistered
**** Registry Base URL: http://registry-app-inmemory.apps.ci419.apicurio-testing.org:80
2025-07-31 20:40:43,377 INFO  [org.apa.kaf.cli.con.ConsumerConfig] (main) ConsumerConfig values: 
	allow.auto.create.topics = true
	auto.commit.interval.ms = 500
	auto.include.jmx.reporter = true
	auto.offset.reset = earliest
	bootstrap.servers = [PLAINTEXT://localhost:32770]
	check.crcs = true
	client.dns.lookup = use_all_dns_ips
	client.id = consumer-Consumer-topic-99be4973_44e1_4421_b785_5f3ef7dd0670-18
	client.rack = 
	connections.max.idle.ms = 10000
	default.api.timeout.ms = 60000
	enable.auto.commit = true
	enable.metrics.push = true
	exclude.internal.topics = true
	fetch.max.bytes = 52428800
	fetch.max.wait.ms = 500
	fetch.min.bytes = 1
	group.id = Consumer-topic-99be4973_44e1_4421_b785_5f3ef7dd0670
	group.instance.id = null
	group.protocol = classic
	group.remote.assignor = null
	heartbeat.interval.ms = 3000
	interceptor.classes = []
	internal.leave.group.on.close = true
	internal.throw.on.fetch.stable.offset.unsupported = false
	isolation.level = read_uncommitted
	key.deserializer = class org.apache.kafka.common.serialization.StringDeserializer
	max.partition.fetch.bytes = 1048576
	max.poll.interval.ms = 300000
	max.poll.records = 500
	metadata.max.age.ms = 300000
	metadata.recovery.strategy = none
	metric.reporters = []
	metrics.num.samples = 2
	metrics.recording.level = INFO
	metrics.sample.window.ms = 30000
	partition.assignment.strategy = [class org.apache.kafka.clients.consumer.RangeAssignor, class org.apache.kafka.clients.consumer.CooperativeStickyAssignor]
	receive.buffer.bytes = 65536
	reconnect.backoff.max.ms = 1000
	reconnect.backoff.ms = 50
	request.timeout.ms = 5000
	retry.backoff.max.ms = 1000
	retry.backoff.ms = 100
	sasl.client.callback.handler.class = null
	sasl.jaas.config = null
	sasl.kerberos.kinit.cmd = /usr/bin/kinit
	sasl.kerberos.min.time.before.relogin = 60000
	sasl.kerberos.service.name = null
	sasl.kerberos.ticket.renew.jitter = 0.05
	sasl.kerberos.ticket.renew.window.factor = 0.8
	sasl.login.callback.handler.class = null
	sasl.login.class = null
	sasl.login.connect.timeout.ms = null
	sasl.login.read.timeout.ms = null
	sasl.login.refresh.buffer.seconds = 300
	sasl.login.refresh.min.period.seconds = 60
	sasl.login.refresh.window.factor = 0.8
	sasl.login.refresh.window.jitter = 0.05
	sasl.login.retry.backoff.max.ms = 10000
	sasl.login.retry.backoff.ms = 100
	sasl.mechanism = GSSAPI
	sasl.oauthbearer.clock.skew.seconds = 30
	sasl.oauthbearer.expected.audience = null
	sasl.oauthbearer.expected.issuer = null
	sasl.oauthbearer.header.urlencode = false
	sasl.oauthbearer.jwks.endpoint.refresh.ms = 3600000
	sasl.oauthbearer.jwks.endpoint.retry.backoff.max.ms = 10000
	sasl.oauthbearer.jwks.endpoint.retry.backoff.ms = 100
	sasl.oauthbearer.jwks.endpoint.url = null
	sasl.oauthbearer.scope.claim.name = scope
	sasl.oauthbearer.sub.claim.name = sub
	sasl.oauthbearer.token.endpoint.url = null
	security.protocol = PLAINTEXT
	security.providers = null
	send.buffer.bytes = 131072
	session.timeout.ms = 45000
	socket.connection.setup.timeout.max.ms = 30000
	socket.connection.setup.timeout.ms = 10000
	ssl.cipher.suites = null
	ssl.enabled.protocols = [TLSv1.2, TLSv1.3]
	ssl.endpoint.identification.algorithm = https
	ssl.engine.factory.class = null
	ssl.key.password = null
	ssl.keymanager.algorithm = SunX509
	ssl.keystore.certificate.chain = null
	ssl.keystore.key = null
	ssl.keystore.location = null
	ssl.keystore.password = null
	ssl.keystore.type = JKS
	ssl.protocol = TLSv1.3
	ssl.provider = null
	ssl.secure.random.implementation = null
	ssl.trustmanager.algorithm = PKIX
	ssl.truststore.certificates = null
	ssl.truststore.location = null
	ssl.truststore.password = null
	ssl.truststore.type = JKS
	value.deserializer = class io.apicurio.registry.serde.avro.AvroKafkaDeserializer

2025-07-31 20:40:43,378 INFO  [org.apa.kaf.com.tel.int.KafkaMetricsCollector] (main) initializing Kafka metrics collector
2025-07-31 20:40:43,383 INFO  [org.apa.kaf.cli.con.ConsumerConfig] (main) These configurations '[apicurio.registry.url, apicurio.registry.use-id]' were supplied but are not used yet.
2025-07-31 20:40:43,383 INFO  [org.apa.kaf.com.uti.AppInfoParser] (main) Kafka version: 3.9.1
2025-07-31 20:40:43,383 INFO  [org.apa.kaf.com.uti.AppInfoParser] (main) Kafka commitId: f745dfdcee2b9851
2025-07-31 20:40:43,383 INFO  [org.apa.kaf.com.uti.AppInfoParser] (main) Kafka startTimeMs: 1753994443383
2025-07-31 20:40:43,384 INFO  [org.apa.kaf.cli.con.int.ClassicKafkaConsumer] (Thread-738) [Consumer clientId=consumer-Consumer-topic-99be4973_44e1_4421_b785_5f3ef7dd0670-18, groupId=Consumer-topic-99be4973_44e1_4421_b785_5f3ef7dd0670] Subscribed to topic(s): topic-99be4973_44e1_4421_b785_5f3ef7dd0670
2025-07-31 20:40:43,388 INFO  [org.apa.kaf.cli.Metadata] (Thread-738) [Consumer clientId=consumer-Consumer-topic-99be4973_44e1_4421_b785_5f3ef7dd0670-18, groupId=Consumer-topic-99be4973_44e1_4421_b785_5f3ef7dd0670] Cluster ID: b-_w6pXwSzuW2BMgmumbNQ
2025-07-31 20:40:43,390 INFO  [org.apa.kaf.cli.con.int.ConsumerCoordinator] (Thread-738) [Consumer clientId=consumer-Consumer-topic-99be4973_44e1_4421_b785_5f3ef7dd0670-18, groupId=Consumer-topic-99be4973_44e1_4421_b785_5f3ef7dd0670] Discovered group coordinator localhost:32770 (id: 2147483647 rack: null)
2025-07-31 20:40:43,392 INFO  [org.apa.kaf.cli.con.int.ConsumerCoordinator] (Thread-738) [Consumer clientId=consumer-Consumer-topic-99be4973_44e1_4421_b785_5f3ef7dd0670-18, groupId=Consumer-topic-99be4973_44e1_4421_b785_5f3ef7dd0670] (Re-)joining group
2025-07-31 20:40:43,397 INFO  [org.apa.kaf.cli.con.int.ConsumerCoordinator] (Thread-738) [Consumer clientId=consumer-Consumer-topic-99be4973_44e1_4421_b785_5f3ef7dd0670-18, groupId=Consumer-topic-99be4973_44e1_4421_b785_5f3ef7dd0670] Request joining group due to: need to re-join with the given member-id: consumer-Consumer-topic-99be4973_44e1_4421_b785_5f3ef7dd0670-18-1aa61138-33c4-4ad5-95da-6f7a43825744
2025-07-31 20:40:43,398 INFO  [org.apa.kaf.cli.con.int.ConsumerCoordinator] (Thread-738) [Consumer clientId=consumer-Consumer-topic-99be4973_44e1_4421_b785_5f3ef7dd0670-18, groupId=Consumer-topic-99be4973_44e1_4421_b785_5f3ef7dd0670] (Re-)joining group
2025-07-31 20:40:43,402 INFO  [org.apa.kaf.cli.con.int.ConsumerCoordinator] (Thread-738) [Consumer clientId=consumer-Consumer-topic-99be4973_44e1_4421_b785_5f3ef7dd0670-18, groupId=Consumer-topic-99be4973_44e1_4421_b785_5f3ef7dd0670] Successfully joined group with generation Generation{generationId=1, memberId='consumer-Consumer-topic-99be4973_44e1_4421_b785_5f3ef7dd0670-18-1aa61138-33c4-4ad5-95da-6f7a43825744', protocol='range'}
2025-07-31 20:40:43,402 INFO  [org.apa.kaf.cli.con.int.ConsumerCoordinator] (Thread-738) [Consumer clientId=consumer-Consumer-topic-99be4973_44e1_4421_b785_5f3ef7dd0670-18, groupId=Consumer-topic-99be4973_44e1_4421_b785_5f3ef7dd0670] Finished assignment for group at generation 1: {consumer-Consumer-topic-99be4973_44e1_4421_b785_5f3ef7dd0670-18-1aa61138-33c4-4ad5-95da-6f7a43825744=Assignment(partitions=[topic-99be4973_44e1_4421_b785_5f3ef7dd0670-0])}
2025-07-31 20:40:43,409 INFO  [org.apa.kaf.cli.con.int.ConsumerCoordinator] (Thread-738) [Consumer clientId=consumer-Consumer-topic-99be4973_44e1_4421_b785_5f3ef7dd0670-18, groupId=Consumer-topic-99be4973_44e1_4421_b785_5f3ef7dd0670] Successfully synced group in generation Generation{generationId=1, memberId='consumer-Consumer-topic-99be4973_44e1_4421_b785_5f3ef7dd0670-18-1aa61138-33c4-4ad5-95da-6f7a43825744', protocol='range'}
2025-07-31 20:40:43,409 INFO  [org.apa.kaf.cli.con.int.ConsumerCoordinator] (Thread-738) [Consumer clientId=consumer-Consumer-topic-99be4973_44e1_4421_b785_5f3ef7dd0670-18, groupId=Consumer-topic-99be4973_44e1_4421_b785_5f3ef7dd0670] Notifying assignor about the new Assignment(partitions=[topic-99be4973_44e1_4421_b785_5f3ef7dd0670-0])
2025-07-31 20:40:43,410 INFO  [org.apa.kaf.cli.con.int.ConsumerRebalanceListenerInvoker] (Thread-738) [Consumer clientId=consumer-Consumer-topic-99be4973_44e1_4421_b785_5f3ef7dd0670-18, groupId=Consumer-topic-99be4973_44e1_4421_b785_5f3ef7dd0670] Adding newly assigned partitions: topic-99be4973_44e1_4421_b785_5f3ef7dd0670-0
2025-07-31 20:40:43,418 INFO  [org.apa.kaf.cli.con.int.ConsumerCoordinator] (Thread-738) [Consumer clientId=consumer-Consumer-topic-99be4973_44e1_4421_b785_5f3ef7dd0670-18, groupId=Consumer-topic-99be4973_44e1_4421_b785_5f3ef7dd0670] Found no committed offset for partition topic-99be4973_44e1_4421_b785_5f3ef7dd0670-0
2025-07-31 20:40:43,423 INFO  [org.apa.kaf.cli.con.int.SubscriptionState] (Thread-738) [Consumer clientId=consumer-Consumer-topic-99be4973_44e1_4421_b785_5f3ef7dd0670-18, groupId=Consumer-topic-99be4973_44e1_4421_b785_5f3ef7dd0670] Resetting offset for partition topic-99be4973_44e1_4421_b785_5f3ef7dd0670-0 to position FetchPosition{offset=0, offsetEpoch=Optional.empty, currentLeader=LeaderAndEpoch{leader=Optional[localhost:32770 (id: 0 rack: null)], epoch=0}}.
2025-07-31 20:40:43,451 INFO  [io.api.tes.ser.api.KafkaSerdesTester] (Thread-738) topic-99be4973_44e1_4421_b785_5f3ef7dd0670 0 0 {"key11753994443131": "value-0"}
2025-07-31 20:40:43,453 INFO  [io.api.tes.ser.api.KafkaSerdesTester] (Thread-738) topic-99be4973_44e1_4421_b785_5f3ef7dd0670 0 1 {"key11753994443131": "value-1"}
2025-07-31 20:40:43,453 INFO  [io.api.tes.ser.api.KafkaSerdesTester] (Thread-738) topic-99be4973_44e1_4421_b785_5f3ef7dd0670 0 2 {"key11753994443131": "value-2"}
2025-07-31 20:40:43,453 INFO  [io.api.tes.ser.api.KafkaSerdesTester] (Thread-738) topic-99be4973_44e1_4421_b785_5f3ef7dd0670 0 3 {"key11753994443131": "value-3"}
2025-07-31 20:40:43,453 INFO  [io.api.tes.ser.api.KafkaSerdesTester] (Thread-738) topic-99be4973_44e1_4421_b785_5f3ef7dd0670 0 4 {"key11753994443131": "value-4"}
2025-07-31 20:40:43,453 INFO  [io.api.tes.ser.api.KafkaSerdesTester] (Thread-738) topic-99be4973_44e1_4421_b785_5f3ef7dd0670 0 5 {"key11753994443131": "value-5"}
2025-07-31 20:40:43,453 INFO  [io.api.tes.ser.api.KafkaSerdesTester] (Thread-738) topic-99be4973_44e1_4421_b785_5f3ef7dd0670 0 6 {"key11753994443131": "value-6"}
2025-07-31 20:40:43,453 INFO  [io.api.tes.ser.api.KafkaSerdesTester] (Thread-738) topic-99be4973_44e1_4421_b785_5f3ef7dd0670 0 7 {"key11753994443131": "value-7"}
2025-07-31 20:40:43,453 INFO  [io.api.tes.ser.api.KafkaSerdesTester] (Thread-738) topic-99be4973_44e1_4421_b785_5f3ef7dd0670 0 8 {"key11753994443131": "value-8"}
2025-07-31 20:40:43,453 INFO  [io.api.tes.ser.api.KafkaSerdesTester] (Thread-738) topic-99be4973_44e1_4421_b785_5f3ef7dd0670 0 9 {"key11753994443131": "value-9"}
2025-07-31 20:40:43,453 INFO  [io.api.tes.ser.api.KafkaSerdesTester] (Thread-738) Consumed 10 messages
2025-07-31 20:40:43,457 INFO  [org.apa.kaf.cli.con.int.ConsumerRebalanceListenerInvoker] (Thread-738) [Consumer clientId=consumer-Consumer-topic-99be4973_44e1_4421_b785_5f3ef7dd0670-18, groupId=Consumer-topic-99be4973_44e1_4421_b785_5f3ef7dd0670] Revoke previously assigned partitions topic-99be4973_44e1_4421_b785_5f3ef7dd0670-0
2025-07-31 20:40:43,457 INFO  [org.apa.kaf.cli.con.int.ConsumerCoordinator] (Thread-738) [Consumer clientId=consumer-Consumer-topic-99be4973_44e1_4421_b785_5f3ef7dd0670-18, groupId=Consumer-topic-99be4973_44e1_4421_b785_5f3ef7dd0670] Member consumer-Consumer-topic-99be4973_44e1_4421_b785_5f3ef7dd0670-18-1aa61138-33c4-4ad5-95da-6f7a43825744 sending LeaveGroup request to coordinator localhost:32770 (id: 2147483647 rack: null) due to the consumer is being closed
2025-07-31 20:40:43,459 INFO  [org.apa.kaf.cli.con.int.ConsumerCoordinator] (Thread-738) [Consumer clientId=consumer-Consumer-topic-99be4973_44e1_4421_b785_5f3ef7dd0670-18, groupId=Consumer-topic-99be4973_44e1_4421_b785_5f3ef7dd0670] Resetting generation and member id due to: consumer pro-actively leaving the group
2025-07-31 20:40:43,459 INFO  [org.apa.kaf.cli.con.int.ConsumerCoordinator] (Thread-738) [Consumer clientId=consumer-Consumer-topic-99be4973_44e1_4421_b785_5f3ef7dd0670-18, groupId=Consumer-topic-99be4973_44e1_4421_b785_5f3ef7dd0670] Request joining group due to: consumer pro-actively leaving the group
2025-07-31 20:40:43,955 INFO  [org.apa.kaf.com.met.Metrics] (Thread-738) Metrics scheduler closed
2025-07-31 20:40:43,955 INFO  [org.apa.kaf.com.met.Metrics] (Thread-738) Closing reporter org.apache.kafka.common.metrics.JmxReporter
2025-07-31 20:40:43,955 INFO  [org.apa.kaf.com.met.Metrics] (Thread-738) Closing reporter org.apache.kafka.common.telemetry.internals.ClientTelemetryReporter
2025-07-31 20:40:43,955 INFO  [org.apa.kaf.com.met.Metrics] (Thread-738) Metrics reporters closed
2025-07-31 20:40:43,958 INFO  [org.apa.kaf.com.uti.AppInfoParser] (Thread-738) App info kafka.consumer for consumer-Consumer-topic-99be4973_44e1_4421_b785_5f3ef7dd0670-18 unregistered
2025-07-31 20:40:43,959 INFO  [io.api.tes.uti.TestSeparator] (main) io.apicurio.tests.serdes.apicurio.AvroSerdeIT.testGlobalIdInBody-FINISHED
2025-07-31 20:40:43,959 INFO  [io.api.tes.uti.TestSeparator] (main) ############################################################################
Test passed: testGlobalIdInBody
]]></system-out>
  </testcase>
  <testcase name="testProducerUsesGlobalIdConsumerUsesDefault" classname="io.apicurio.tests.serdes.apicurio.AvroSerdeIT" time="0.0">
    <skipped message="void io.apicurio.tests.serdes.apicurio.AvroSerdeIT.testProducerUsesGlobalIdConsumerUsesDefault() throws java.lang.Exception is @Disabled"/>
  </testcase>
</testsuite>