<?xml version="1.0" encoding="UTF-8"?>
<testsuite xmlns:xsi="http://www.w3.org/2001/XMLSchema-instance" xsi:noNamespaceSchemaLocation="https://maven.apache.org/surefire/maven-failsafe-plugin/xsd/failsafe-test-report.xsd" version="3.0.2" name="io.apicurio.tests.serdes.apicurio.AvroSerdeIT" time="49.836" tests="21" errors="0" skipped="2" failures="0">
  <properties>
    <property name="java.specification.version" value="17"/>
    <property name="sun.jnu.encoding" value="UTF-8"/>
    <property name="java.class.path" value="/home/runner/work/apicurio-testing/apicurio-testing/clusters/ci419/namespaces/mysql/tests/integration/apicurio-registry/integration-tests/target/test-classes:/home/runner/work/apicurio-testing/apicurio-testing/clusters/ci419/namespaces/mysql/tests/integration/apicurio-registry/integration-tests/target/apicurio-registry-integration-tests-3.0.11-SNAPSHOT.jar:/home/runner/.m2/repository/io/quarkus/quarkus-junit5/3.20.1/quarkus-junit5-3.20.1.jar:/home/runner/.m2/repository/io/quarkus/quarkus-bootstrap-core/3.20.1/quarkus-bootstrap-core-3.20.1.jar:/home/runner/.m2/repository/io/quarkus/quarkus-classloader-commons/3.20.1/quarkus-classloader-commons-3.20.1.jar:/home/runner/.m2/repository/io/quarkus/quarkus-bootstrap-app-model/3.20.1/quarkus-bootstrap-app-model-3.20.1.jar:/home/runner/.m2/repository/io/smallrye/common/smallrye-common-io/2.12.0/smallrye-common-io-2.12.0.jar:/home/runner/.m2/repository/org/eclipse/sisu/org.eclipse.sisu.inject/0.9.0.M3/org.eclipse.sisu.inject-0.9.0.M3.jar:/home/runner/.m2/repository/io/quarkus/quarkus-test-common/3.20.1/quarkus-test-common-3.20.1.jar:/home/runner/.m2/repository/io/quarkus/quarkus-core-deployment/3.20.1/quarkus-core-deployment-3.20.1.jar:/home/runner/.m2/repository/org/aesh/readline/2.6/readline-2.6.jar:/home/runner/.m2/repository/org/fusesource/jansi/jansi/2.4.0/jansi-2.4.0.jar:/home/runner/.m2/repository/org/aesh/aesh/2.8.2/aesh-2.8.2.jar:/home/runner/.m2/repository/io/quarkus/gizmo/gizmo/1.8.0/gizmo-1.8.0.jar:/home/runner/.m2/repository/org/ow2/asm/asm-util/9.7.1/asm-util-9.7.1.jar:/home/runner/.m2/repository/org/ow2/asm/asm-analysis/9.7.1/asm-analysis-9.7.1.jar:/home/runner/.m2/repository/org/ow2/asm/asm-commons/9.7.1/asm-commons-9.7.1.jar:/home/runner/.m2/repository/org/ow2/asm/asm-tree/9.7.1/asm-tree-9.7.1.jar:/home/runner/.m2/repository/io/quarkus/quarkus-hibernate-validator-spi/3.20.1/quarkus-hibernate-validator-spi-3.20.1.jar:/home/runner/.m2/repository/io/quarkus/quarkus-class-change-agent/3.20.1/quarkus-class-change-agent-3.20.1.jar:/home/runner/.m2/repository/io/quarkus/quarkus-devtools-utilities/3.20.1/quarkus-devtools-utilities-3.20.1.jar:/home/runner/.m2/repository/io/quarkus/quarkus-builder/3.20.1/quarkus-builder-3.20.1.jar:/home/runner/.m2/repository/org/graalvm/sdk/nativeimage/23.1.2/nativeimage-23.1.2.jar:/home/runner/.m2/repository/org/graalvm/sdk/word/23.1.2/word-23.1.2.jar:/home/runner/.m2/repository/io/quarkus/quarkus-bootstrap-maven-resolver/3.20.1/quarkus-bootstrap-maven-resolver-3.20.1.jar:/home/runner/.m2/repository/io/smallrye/beanbag/smallrye-beanbag-maven/1.5.2/smallrye-beanbag-maven-1.5.2.jar:/home/runner/.m2/repository/io/smallrye/beanbag/smallrye-beanbag-sisu/1.5.2/smallrye-beanbag-sisu-1.5.2.jar:/home/runner/.m2/repository/io/smallrye/beanbag/smallrye-beanbag/1.5.2/smallrye-beanbag-1.5.2.jar:/home/runner/.m2/repository/javax/inject/javax.inject/1/javax.inject-1.jar:/home/runner/.m2/repository/org/apache/maven/maven-artifact/3.9.9/maven-artifact-3.9.9.jar:/home/runner/.m2/repository/org/apache/maven/maven-builder-support/3.9.9/maven-builder-support-3.9.9.jar:/home/runner/.m2/repository/org/apache/maven/maven-model/3.9.9/maven-model-3.9.9.jar:/home/runner/.m2/repository/org/apache/maven/maven-model-builder/3.9.9/maven-model-builder-3.9.9.jar:/home/runner/.m2/repository/org/apache/maven/maven-repository-metadata/3.9.9/maven-repository-metadata-3.9.9.jar:/home/runner/.m2/repository/org/apache/maven/maven-settings/3.9.9/maven-settings-3.9.9.jar:/home/runner/.m2/repository/org/apache/maven/resolver/maven-resolver-api/1.9.22/maven-resolver-api-1.9.22.jar:/home/runner/.m2/repository/org/apache/maven/resolver/maven-resolver-impl/1.9.22/maven-resolver-impl-1.9.22.jar:/home/runner/.m2/repository/org/apache/maven/resolver/maven-resolver-named-locks/1.9.22/maven-resolver-named-locks-1.9.22.jar:/home/runner/.m2/repository/org/apache/maven/resolver/maven-resolver-spi/1.9.22/maven-resolver-spi-1.9.22.jar:/home/runner/.m2/repository/org/apache/maven/resolver/maven-resolver-util/1.9.22/maven-resolver-util-1.9.22.jar:/home/runner/.m2/repository/org/apache/maven/resolver/maven-resolver-transport-http/1.9.20/maven-resolver-transport-http-1.9.20.jar:/home/runner/.m2/repository/org/apache/maven/wagon/wagon-provider-api/3.5.3/wagon-provider-api-3.5.3.jar:/home/runner/.m2/repository/org/apache/maven/wagon/wagon-http-shared/3.5.3/wagon-http-shared-3.5.3.jar:/home/runner/.m2/repository/org/codehaus/plexus/plexus-interpolation/1.26/plexus-interpolation-1.26.jar:/home/runner/.m2/repository/org/codehaus/plexus/plexus-utils/3.5.1/plexus-utils-3.5.1.jar:/home/runner/.m2/repository/org/codehaus/plexus/plexus-xml/4.0.1/plexus-xml-4.0.1.jar:/home/runner/.m2/repository/org/apache/maven/maven-xml-impl/4.0.0-alpha-5/maven-xml-impl-4.0.0-alpha-5.jar:/home/runner/.m2/repository/org/apache/maven/maven-api-xml/4.0.0-alpha-5/maven-api-xml-4.0.0-alpha-5.jar:/home/runner/.m2/repository/org/apache/maven/maven-api-meta/4.0.0-alpha-5/maven-api-meta-4.0.0-alpha-5.jar:/home/runner/.m2/repository/org/codehaus/plexus/plexus-cipher/2.0/plexus-cipher-2.0.jar:/home/runner/.m2/repository/org/codehaus/plexus/plexus-sec-dispatcher/2.0/plexus-sec-dispatcher-2.0.jar:/home/runner/.m2/repository/org/apache/maven/maven-embedder/3.9.9/maven-embedder-3.9.9.jar:/home/runner/.m2/repository/org/apache/maven/maven-core/3.9.9/maven-core-3.9.9.jar:/home/runner/.m2/repository/org/codehaus/plexus/plexus-component-annotations/2.1.0/plexus-component-annotations-2.1.0.jar:/home/runner/.m2/repository/org/apache/maven/maven-plugin-api/3.9.9/maven-plugin-api-3.9.9.jar:/home/runner/.m2/repository/org/apache/maven/shared/maven-shared-utils/3.4.2/maven-shared-utils-3.4.2.jar:/home/runner/.m2/repository/com/google/inject/guice/5.1.0/guice-5.1.0.jar:/home/runner/.m2/repository/aopalliance/aopalliance/1.0/aopalliance-1.0.jar:/home/runner/.m2/repository/org/codehaus/plexus/plexus-classworlds/2.6.0/plexus-classworlds-2.6.0.jar:/home/runner/.m2/repository/commons-cli/commons-cli/1.8.0/commons-cli-1.8.0.jar:/home/runner/.m2/repository/org/eclipse/sisu/org.eclipse.sisu.plexus/0.9.0.M3/org.eclipse.sisu.plexus-0.9.0.M3.jar:/home/runner/.m2/repository/org/apache/maven/maven-settings-builder/3.9.9/maven-settings-builder-3.9.9.jar:/home/runner/.m2/repository/org/apache/maven/maven-resolver-provider/3.9.9/maven-resolver-provider-3.9.9.jar:/home/runner/.m2/repository/org/apache/maven/resolver/maven-resolver-connector-basic/1.9.22/maven-resolver-connector-basic-1.9.22.jar:/home/runner/.m2/repository/org/apache/maven/resolver/maven-resolver-transport-wagon/1.9.22/maven-resolver-transport-wagon-1.9.22.jar:/home/runner/.m2/repository/org/apache/maven/wagon/wagon-http/3.5.3/wagon-http-3.5.3.jar:/home/runner/.m2/repository/org/apache/maven/wagon/wagon-file/3.5.3/wagon-file-3.5.3.jar:/home/runner/.m2/repository/io/quarkus/quarkus-bootstrap-gradle-resolver/3.20.1/quarkus-bootstrap-gradle-resolver-3.20.1.jar:/home/runner/.m2/repository/io/smallrye/jandex/3.3.0/jandex-3.3.0.jar:/home/runner/.m2/repository/org/jboss/logging/commons-logging-jboss-logging/1.0.0.Final/commons-logging-jboss-logging-1.0.0.Final.jar:/home/runner/.m2/repository/io/quarkus/quarkus-junit5-config/3.20.1/quarkus-junit5-config-3.20.1.jar:/home/runner/.m2/repository/org/junit/jupiter/junit-jupiter-api/5.12.1/junit-jupiter-api-5.12.1.jar:/home/runner/.m2/repository/io/smallrye/config/smallrye-config/3.11.4/smallrye-config-3.11.4.jar:/home/runner/.m2/repository/io/smallrye/config/smallrye-config-core/3.11.4/smallrye-config-core-3.11.4.jar:/home/runner/.m2/repository/io/smallrye/common/smallrye-common-classloader/2.12.0/smallrye-common-classloader-2.12.0.jar:/home/runner/.m2/repository/io/smallrye/config/smallrye-config-common/3.11.4/smallrye-config-common-3.11.4.jar:/home/runner/.m2/repository/org/junit/jupiter/junit-jupiter/5.12.1/junit-jupiter-5.12.1.jar:/home/runner/.m2/repository/org/junit/jupiter/junit-jupiter-params/5.12.1/junit-jupiter-params-5.12.1.jar:/home/runner/.m2/repository/org/junit/jupiter/junit-jupiter-engine/5.12.1/junit-jupiter-engine-5.12.1.jar:/home/runner/.m2/repository/io/quarkus/quarkus-core/3.20.1/quarkus-core-3.20.1.jar:/home/runner/.m2/repository/jakarta/enterprise/jakarta.enterprise.cdi-api/4.1.0/jakarta.enterprise.cdi-api-4.1.0.jar:/home/runner/.m2/repository/jakarta/enterprise/jakarta.enterprise.lang-model/4.1.0/jakarta.enterprise.lang-model-4.1.0.jar:/home/runner/.m2/repository/jakarta/el/jakarta.el-api/5.0.1/jakarta.el-api-5.0.1.jar:/home/runner/.m2/repository/jakarta/interceptor/jakarta.interceptor-api/2.2.0/jakarta.interceptor-api-2.2.0.jar:/home/runner/.m2/repository/jakarta/inject/jakarta.inject-api/2.0.1/jakarta.inject-api-2.0.1.jar:/home/runner/.m2/repository/io/smallrye/common/smallrye-common-os/2.12.0/smallrye-common-os-2.12.0.jar:/home/runner/.m2/repository/io/quarkus/quarkus-ide-launcher/3.20.1/quarkus-ide-launcher-3.20.1.jar:/home/runner/.m2/repository/io/quarkus/quarkus-development-mode-spi/3.20.1/quarkus-development-mode-spi-3.20.1.jar:/home/runner/.m2/repository/org/jboss/logging/jboss-logging/3.6.1.Final/jboss-logging-3.6.1.Final.jar:/home/runner/.m2/repository/org/jboss/logmanager/jboss-logmanager/3.1.2.Final/jboss-logmanager-3.1.2.Final.jar:/home/runner/.m2/repository/io/smallrye/common/smallrye-common-constraint/2.12.0/smallrye-common-constraint-2.12.0.jar:/home/runner/.m2/repository/io/smallrye/common/smallrye-common-cpu/2.12.0/smallrye-common-cpu-2.12.0.jar:/home/runner/.m2/repository/io/smallrye/common/smallrye-common-expression/2.12.0/smallrye-common-expression-2.12.0.jar:/home/runner/.m2/repository/io/smallrye/common/smallrye-common-net/2.12.0/smallrye-common-net-2.12.0.jar:/home/runner/.m2/repository/io/smallrye/common/smallrye-common-ref/2.12.0/smallrye-common-ref-2.12.0.jar:/home/runner/.m2/repository/jakarta/json/jakarta.json-api/2.1.3/jakarta.json-api-2.1.3.jar:/home/runner/.m2/repository/org/eclipse/parsson/parsson/1.1.7/parsson-1.1.7.jar:/home/runner/.m2/repository/org/jboss/logging/jboss-logging-annotations/3.0.4.Final/jboss-logging-annotations-3.0.4.Final.jar:/home/runner/.m2/repository/org/jboss/threads/jboss-threads/3.8.0.Final/jboss-threads-3.8.0.Final.jar:/home/runner/.m2/repository/io/smallrye/common/smallrye-common-annotation/2.12.0/smallrye-common-annotation-2.12.0.jar:/home/runner/.m2/repository/io/smallrye/common/smallrye-common-function/2.12.0/smallrye-common-function-2.12.0.jar:/home/runner/.m2/repository/org/jboss/slf4j/slf4j-jboss-logmanager/2.0.0.Final/slf4j-jboss-logmanager-2.0.0.Final.jar:/home/runner/.m2/repository/org/wildfly/common/wildfly-common/2.0.1/wildfly-common-2.0.1.jar:/home/runner/.m2/repository/io/quarkus/quarkus-bootstrap-runner/3.20.1/quarkus-bootstrap-runner-3.20.1.jar:/home/runner/.m2/repository/io/github/crac/org-crac/0.1.3/org-crac-0.1.3.jar:/home/runner/.m2/repository/io/quarkus/quarkus-fs-util/0.0.10/quarkus-fs-util-0.0.10.jar:/home/runner/.m2/repository/org/jboss/marshalling/jboss-marshalling/2.2.2.Final/jboss-marshalling-2.2.2.Final.jar:/home/runner/.m2/repository/io/fabric8/kubernetes-client/7.1.0/kubernetes-client-7.1.0.jar:/home/runner/.m2/repository/io/fabric8/kubernetes-client-api/7.1.0/kubernetes-client-api-7.1.0.jar:/home/runner/.m2/repository/io/fabric8/kubernetes-model-core/7.1.0/kubernetes-model-core-7.1.0.jar:/home/runner/.m2/repository/io/fabric8/kubernetes-model-common/7.1.0/kubernetes-model-common-7.1.0.jar:/home/runner/.m2/repository/javax/annotation/javax.annotation-api/1.3.2/javax.annotation-api-1.3.2.jar:/home/runner/.m2/repository/io/fabric8/kubernetes-model-gatewayapi/7.1.0/kubernetes-model-gatewayapi-7.1.0.jar:/home/runner/.m2/repository/io/fabric8/kubernetes-model-resource/7.1.0/kubernetes-model-resource-7.1.0.jar:/home/runner/.m2/repository/io/fabric8/kubernetes-model-rbac/7.1.0/kubernetes-model-rbac-7.1.0.jar:/home/runner/.m2/repository/io/fabric8/kubernetes-model-admissionregistration/7.1.0/kubernetes-model-admissionregistration-7.1.0.jar:/home/runner/.m2/repository/io/fabric8/kubernetes-model-apps/7.1.0/kubernetes-model-apps-7.1.0.jar:/home/runner/.m2/repository/io/fabric8/kubernetes-model-autoscaling/7.1.0/kubernetes-model-autoscaling-7.1.0.jar:/home/runner/.m2/repository/io/fabric8/kubernetes-model-apiextensions/7.1.0/kubernetes-model-apiextensions-7.1.0.jar:/home/runner/.m2/repository/io/fabric8/kubernetes-model-batch/7.1.0/kubernetes-model-batch-7.1.0.jar:/home/runner/.m2/repository/io/fabric8/kubernetes-model-certificates/7.1.0/kubernetes-model-certificates-7.1.0.jar:/home/runner/.m2/repository/io/fabric8/kubernetes-model-coordination/7.1.0/kubernetes-model-coordination-7.1.0.jar:/home/runner/.m2/repository/io/fabric8/kubernetes-model-discovery/7.1.0/kubernetes-model-discovery-7.1.0.jar:/home/runner/.m2/repository/io/fabric8/kubernetes-model-events/7.1.0/kubernetes-model-events-7.1.0.jar:/home/runner/.m2/repository/io/fabric8/kubernetes-model-extensions/7.1.0/kubernetes-model-extensions-7.1.0.jar:/home/runner/.m2/repository/io/fabric8/kubernetes-model-flowcontrol/7.1.0/kubernetes-model-flowcontrol-7.1.0.jar:/home/runner/.m2/repository/io/fabric8/kubernetes-model-networking/7.1.0/kubernetes-model-networking-7.1.0.jar:/home/runner/.m2/repository/io/fabric8/kubernetes-model-metrics/7.1.0/kubernetes-model-metrics-7.1.0.jar:/home/runner/.m2/repository/io/fabric8/kubernetes-model-policy/7.1.0/kubernetes-model-policy-7.1.0.jar:/home/runner/.m2/repository/io/fabric8/kubernetes-model-scheduling/7.1.0/kubernetes-model-scheduling-7.1.0.jar:/home/runner/.m2/repository/io/fabric8/kubernetes-model-storageclass/7.1.0/kubernetes-model-storageclass-7.1.0.jar:/home/runner/.m2/repository/io/fabric8/kubernetes-model-node/7.1.0/kubernetes-model-node-7.1.0.jar:/home/runner/.m2/repository/org/snakeyaml/snakeyaml-engine/2.9/snakeyaml-engine-2.9.jar:/home/runner/.m2/repository/com/fasterxml/jackson/dataformat/jackson-dataformat-yaml/2.15.2/jackson-dataformat-yaml-2.15.2.jar:/home/runner/.m2/repository/com/fasterxml/jackson/datatype/jackson-datatype-jsr310/2.18.2/jackson-datatype-jsr310-2.18.2.jar:/home/runner/.m2/repository/io/fabric8/zjsonpatch/7.1.0/zjsonpatch-7.1.0.jar:/home/runner/.m2/repository/io/fabric8/kubernetes-httpclient-vertx/7.1.0/kubernetes-httpclient-vertx-7.1.0.jar:/home/runner/.m2/repository/io/vertx/vertx-web-client/4.5.14/vertx-web-client-4.5.14.jar:/home/runner/.m2/repository/io/vertx/vertx-web-common/4.5.14/vertx-web-common-4.5.14.jar:/home/runner/.m2/repository/io/vertx/vertx-auth-common/4.5.14/vertx-auth-common-4.5.14.jar:/home/runner/.m2/repository/io/vertx/vertx-uri-template/4.5.14/vertx-uri-template-4.5.14.jar:/home/runner/.m2/repository/io/fabric8/openshift-client/7.1.0/openshift-client-7.1.0.jar:/home/runner/.m2/repository/io/fabric8/openshift-client-api/7.1.0/openshift-client-api-7.1.0.jar:/home/runner/.m2/repository/io/fabric8/openshift-model/7.1.0/openshift-model-7.1.0.jar:/home/runner/.m2/repository/io/fabric8/openshift-model-autoscaling/7.1.0/openshift-model-autoscaling-7.1.0.jar:/home/runner/.m2/repository/io/fabric8/openshift-model-operator/7.1.0/openshift-model-operator-7.1.0.jar:/home/runner/.m2/repository/io/fabric8/openshift-model-operatorhub/7.1.0/openshift-model-operatorhub-7.1.0.jar:/home/runner/.m2/repository/io/fabric8/openshift-model-machine/7.1.0/openshift-model-machine-7.1.0.jar:/home/runner/.m2/repository/io/fabric8/openshift-model-whereabouts/7.1.0/openshift-model-whereabouts-7.1.0.jar:/home/runner/.m2/repository/io/fabric8/openshift-model-monitoring/7.1.0/openshift-model-monitoring-7.1.0.jar:/home/runner/.m2/repository/io/fabric8/openshift-model-storageversionmigrator/7.1.0/openshift-model-storageversionmigrator-7.1.0.jar:/home/runner/.m2/repository/io/fabric8/openshift-model-tuned/7.1.0/openshift-model-tuned-7.1.0.jar:/home/runner/.m2/repository/io/fabric8/openshift-model-console/7.1.0/openshift-model-console-7.1.0.jar:/home/runner/.m2/repository/io/fabric8/openshift-model-config/7.1.0/openshift-model-config-7.1.0.jar:/home/runner/.m2/repository/io/fabric8/openshift-model-machineconfiguration/7.1.0/openshift-model-machineconfiguration-7.1.0.jar:/home/runner/.m2/repository/io/fabric8/openshift-model-miscellaneous/7.1.0/openshift-model-miscellaneous-7.1.0.jar:/home/runner/.m2/repository/io/fabric8/openshift-model-hive/7.1.0/openshift-model-hive-7.1.0.jar:/home/runner/.m2/repository/io/fabric8/openshift-model-installer/7.1.0/openshift-model-installer-7.1.0.jar:/home/runner/.m2/repository/org/junit/platform/junit-platform-launcher/1.12.1/junit-platform-launcher-1.12.1.jar:/home/runner/.m2/repository/org/junit/platform/junit-platform-engine/1.12.1/junit-platform-engine-1.12.1.jar:/home/runner/.m2/repository/org/opentest4j/opentest4j/1.3.0/opentest4j-1.3.0.jar:/home/runner/.m2/repository/org/junit/platform/junit-platform-commons/1.12.1/junit-platform-commons-1.12.1.jar:/home/runner/.m2/repository/org/apiguardian/apiguardian-api/1.1.2/apiguardian-api-1.1.2.jar:/home/runner/.m2/repository/jakarta/ws/rs/jakarta.ws.rs-api/3.1.0/jakarta.ws.rs-api-3.1.0.jar:/home/runner/work/apicurio-testing/apicurio-testing/clusters/ci419/namespaces/mysql/tests/integration/apicurio-registry/java-sdk/target/apicurio-registry-java-sdk-3.0.11-SNAPSHOT.jar:/home/runner/.m2/repository/com/microsoft/kiota/microsoft-kiota-abstractions/1.8.8/microsoft-kiota-abstractions-1.8.8.jar:/home/runner/.m2/repository/io/github/std-uritemplate/std-uritemplate/2.0.0/std-uritemplate-2.0.0.jar:/home/runner/.m2/repository/io/kiota/kiota-http-jdk/0.0.21/kiota-http-jdk-0.0.21.jar:/home/runner/.m2/repository/io/kiota/kiota-http-vertx/0.0.21/kiota-http-vertx-0.0.21.jar:/home/runner/.m2/repository/io/kiota/kiota-serialization-jackson/0.0.21/kiota-serialization-jackson-0.0.21.jar:/home/runner/.m2/repository/com/microsoft/kiota/microsoft-kiota-serialization-text/1.8.8/microsoft-kiota-serialization-text-1.8.8.jar:/home/runner/.m2/repository/com/microsoft/kiota/microsoft-kiota-serialization-form/1.8.8/microsoft-kiota-serialization-form-1.8.8.jar:/home/runner/.m2/repository/com/microsoft/kiota/microsoft-kiota-serialization-multipart/1.8.8/microsoft-kiota-serialization-multipart-1.8.8.jar:/home/runner/.m2/repository/jakarta/annotation/jakarta.annotation-api/3.0.0/jakarta.annotation-api-3.0.0.jar:/home/runner/.m2/repository/io/vertx/vertx-auth-oauth2/4.5.14/vertx-auth-oauth2-4.5.14.jar:/home/runner/work/apicurio-testing/apicurio-testing/clusters/ci419/namespaces/mysql/tests/integration/apicurio-registry/java-sdk-v2/target/apicurio-registry-v2-java-sdk-3.0.11-SNAPSHOT.jar:/home/runner/work/apicurio-testing/apicurio-testing/clusters/ci419/namespaces/mysql/tests/integration/apicurio-registry/utils/kafka/target/apicurio-registry-utils-kafka-3.0.11-SNAPSHOT-tests.jar:/home/runner/.m2/repository/org/eclipse/microprofile/config/microprofile-config-api/3.1/microprofile-config-api-3.1.jar:/home/runner/.m2/repository/org/apache/kafka/kafka-clients/3.9.1/kafka-clients-3.9.1.jar:/home/runner/.m2/repository/com/github/luben/zstd-jni/1.5.6-4/zstd-jni-1.5.6-4.jar:/home/runner/.m2/repository/org/lz4/lz4-java/1.8.0/lz4-java-1.8.0.jar:/home/runner/.m2/repository/org/xerial/snappy/snappy-java/1.1.10.5/snappy-java-1.1.10.5.jar:/home/runner/.m2/repository/org/slf4j/slf4j-api/2.0.6/slf4j-api-2.0.6.jar:/home/runner/work/apicurio-testing/apicurio-testing/clusters/ci419/namespaces/mysql/tests/integration/apicurio-registry/utils/tests/target/apicurio-registry-utils-tests-3.0.11-SNAPSHOT.jar:/home/runner/work/apicurio-testing/apicurio-testing/clusters/ci419/namespaces/mysql/tests/integration/apicurio-registry/common/target/apicurio-registry-common-3.0.11-SNAPSHOT.jar:/home/runner/.m2/repository/jakarta/validation/jakarta.validation-api/3.0.2/jakarta.validation-api-3.0.2.jar:/home/runner/.m2/repository/com/github/dasniko/testcontainers-keycloak/3.6.0/testcontainers-keycloak-3.6.0.jar:/home/runner/.m2/repository/org/testcontainers/testcontainers/1.20.6/testcontainers-1.20.6.jar:/home/runner/.m2/repository/org/rnorth/duct-tape/duct-tape/1.0.8/duct-tape-1.0.8.jar:/home/runner/.m2/repository/org/jetbrains/annotations/26.0.2/annotations-26.0.2.jar:/home/runner/.m2/repository/com/github/docker-java/docker-java-transport-zerodep/3.4.1/docker-java-transport-zerodep-3.4.1.jar:/home/runner/.m2/repository/com/github/docker-java/docker-java-transport/3.4.1/docker-java-transport-3.4.1.jar:/home/runner/.m2/repository/net/java/dev/jna/jna/5.8.0/jna-5.8.0.jar:/home/runner/.m2/repository/io/quarkus/quarkus-junit4-mock/3.20.1/quarkus-junit4-mock-3.20.1.jar:/home/runner/.m2/repository/org/jboss/shrinkwrap/shrinkwrap-api/2.0.0-beta-2/shrinkwrap-api-2.0.0-beta-2.jar:/home/runner/.m2/repository/org/jboss/shrinkwrap/shrinkwrap-impl-base/2.0.0-beta-2/shrinkwrap-impl-base-2.0.0-beta-2.jar:/home/runner/.m2/repository/org/jboss/shrinkwrap/shrinkwrap-spi/2.0.0-beta-2/shrinkwrap-spi-2.0.0-beta-2.jar:/home/runner/.m2/repository/org/keycloak/keycloak-admin-client/26.0.4/keycloak-admin-client-26.0.4.jar:/home/runner/.m2/repository/org/keycloak/keycloak-client-common-synced/26.0.4/keycloak-client-common-synced-26.0.4.jar:/home/runner/.m2/repository/jakarta/activation/jakarta.activation-api/2.1.3/jakarta.activation-api-2.1.3.jar:/home/runner/.m2/repository/org/eclipse/microprofile/openapi/microprofile-openapi-api/4.0.2/microprofile-openapi-api-4.0.2.jar:/home/runner/.m2/repository/org/jboss/resteasy/resteasy-client/6.2.12.Final/resteasy-client-6.2.12.Final.jar:/home/runner/.m2/repository/org/jboss/resteasy/resteasy-client-api/6.2.12.Final/resteasy-client-api-6.2.12.Final.jar:/home/runner/.m2/repository/org/jboss/resteasy/resteasy-core-spi/6.2.12.Final/resteasy-core-spi-6.2.12.Final.jar:/home/runner/.m2/repository/org/jboss/resteasy/resteasy-core/6.2.12.Final/resteasy-core-6.2.12.Final.jar:/home/runner/.m2/repository/org/eclipse/angus/angus-activation/2.0.2/angus-activation-2.0.2.jar:/home/runner/.m2/repository/com/ibm/async/asyncutil/0.1.0/asyncutil-0.1.0.jar:/home/runner/.m2/repository/org/reactivestreams/reactive-streams/1.0.4/reactive-streams-1.0.4.jar:/home/runner/.m2/repository/org/jboss/resteasy/resteasy-multipart-provider/6.2.12.Final/resteasy-multipart-provider-6.2.12.Final.jar:/home/runner/.m2/repository/jakarta/mail/jakarta.mail-api/2.1.3/jakarta.mail-api-2.1.3.jar:/home/runner/.m2/repository/org/eclipse/angus/angus-mail/2.0.3/angus-mail-2.0.3.jar:/home/runner/.m2/repository/org/apache/james/apache-mime4j-dom/0.8.12/apache-mime4j-dom-0.8.12.jar:/home/runner/.m2/repository/org/apache/james/apache-mime4j-core/0.8.12/apache-mime4j-core-0.8.12.jar:/home/runner/.m2/repository/org/apache/james/apache-mime4j-storage/0.8.12/apache-mime4j-storage-0.8.12.jar:/home/runner/.m2/repository/org/jboss/resteasy/resteasy-jackson2-provider/6.2.12.Final/resteasy-jackson2-provider-6.2.12.Final.jar:/home/runner/.m2/repository/com/fasterxml/jackson/jakarta/rs/jackson-jakarta-rs-base/2.18.2/jackson-jakarta-rs-base-2.18.2.jar:/home/runner/.m2/repository/com/fasterxml/jackson/jakarta/rs/jackson-jakarta-rs-json-provider/2.18.2/jackson-jakarta-rs-json-provider-2.18.2.jar:/home/runner/.m2/repository/com/fasterxml/jackson/module/jackson-module-jakarta-xmlbind-annotations/2.18.2/jackson-module-jakarta-xmlbind-annotations-2.18.2.jar:/home/runner/.m2/repository/com/github/java-json-tools/json-patch/1.13/json-patch-1.13.jar:/home/runner/.m2/repository/com/github/java-json-tools/msg-simple/1.2/msg-simple-1.2.jar:/home/runner/.m2/repository/com/github/java-json-tools/btf/1.3/btf-1.3.jar:/home/runner/.m2/repository/com/github/java-json-tools/jackson-coreutils/2.0/jackson-coreutils-2.0.jar:/home/runner/.m2/repository/org/jboss/resteasy/resteasy-jaxb-provider/6.2.12.Final/resteasy-jaxb-provider-6.2.12.Final.jar:/home/runner/.m2/repository/org/glassfish/jaxb/codemodel/4.0.5/codemodel-4.0.5.jar:/home/runner/.m2/repository/org/glassfish/jaxb/jaxb-core/4.0.5/jaxb-core-4.0.5.jar:/home/runner/.m2/repository/org/glassfish/jaxb/jaxb-jxc/4.0.5/jaxb-jxc-4.0.5.jar:/home/runner/.m2/repository/org/glassfish/jaxb/jaxb-runtime/4.0.5/jaxb-runtime-4.0.5.jar:/home/runner/.m2/repository/org/glassfish/jaxb/txw2/4.0.5/txw2-4.0.5.jar:/home/runner/.m2/repository/org/glassfish/jaxb/jaxb-xjc/4.0.5/jaxb-xjc-4.0.5.jar:/home/runner/.m2/repository/org/glassfish/jaxb/xsom/4.0.5/xsom-4.0.5.jar:/home/runner/.m2/repository/com/sun/istack/istack-commons-runtime/4.1.2/istack-commons-runtime-4.1.2.jar:/home/runner/.m2/repository/com/sun/istack/istack-commons-tools/4.1.2/istack-commons-tools-4.1.2.jar:/home/runner/.m2/repository/com/sun/xml/bind/external/relaxng-datatype/4.0.5/relaxng-datatype-4.0.5.jar:/home/runner/.m2/repository/com/sun/xml/bind/external/rngom/4.0.5/rngom-4.0.5.jar:/home/runner/.m2/repository/org/testcontainers/mssqlserver/1.20.6/mssqlserver-1.20.6.jar:/home/runner/.m2/repository/org/testcontainers/jdbc/1.20.6/jdbc-1.20.6.jar:/home/runner/.m2/repository/org/testcontainers/database-commons/1.20.6/database-commons-1.20.6.jar:/home/runner/.m2/repository/org/testcontainers/mysql/1.20.6/mysql-1.20.6.jar:/home/runner/.m2/repository/io/strimzi/strimzi-test-container/0.107.0/strimzi-test-container-0.107.0.jar:/home/runner/.m2/repository/org/testcontainers/toxiproxy/1.20.6/toxiproxy-1.20.6.jar:/home/runner/.m2/repository/com/github/docker-java/docker-java-api/3.4.1/docker-java-api-3.4.1.jar:/home/runner/.m2/repository/eu/rekawek/toxiproxy/toxiproxy-java/2.1.7/toxiproxy-java-2.1.7.jar:/home/runner/.m2/repository/junit/junit/4.13.2/junit-4.13.2.jar:/home/runner/.m2/repository/org/hamcrest/hamcrest-core/1.3/hamcrest-core-1.3.jar:/home/runner/.m2/repository/org/testcontainers/pulsar/1.20.4/pulsar-1.20.4.jar:/home/runner/.m2/repository/io/debezium/debezium-testing-testcontainers/2.6.2.Final/debezium-testing-testcontainers-2.6.2.Final.jar:/home/runner/.m2/repository/org/testcontainers/kafka/1.20.6/kafka-1.20.6.jar:/home/runner/.m2/repository/com/squareup/okhttp3/okhttp/4.8.1/okhttp-4.8.1.jar:/home/runner/.m2/repository/com/squareup/okio/okio/3.10.2/okio-3.10.2.jar:/home/runner/.m2/repository/com/squareup/okio/okio-jvm/3.10.2/okio-jvm-3.10.2.jar:/home/runner/.m2/repository/org/jetbrains/kotlin/kotlin-stdlib/2.0.21/kotlin-stdlib-2.0.21.jar:/home/runner/.m2/repository/org/awaitility/awaitility/4.2.2/awaitility-4.2.2.jar:/home/runner/.m2/repository/org/testcontainers/mongodb/1.20.6/mongodb-1.20.6.jar:/home/runner/.m2/repository/org/testcontainers/oracle-xe/1.20.6/oracle-xe-1.20.6.jar:/home/runner/.m2/repository/org/testcontainers/postgresql/1.20.6/postgresql-1.20.6.jar:/home/runner/.m2/repository/org/wiremock/wiremock/3.0.1/wiremock-3.0.1.jar:/home/runner/.m2/repository/org/eclipse/jetty/jetty-server/11.0.15/jetty-server-11.0.15.jar:/home/runner/.m2/repository/org/eclipse/jetty/toolchain/jetty-jakarta-servlet-api/5.0.2/jetty-jakarta-servlet-api-5.0.2.jar:/home/runner/.m2/repository/org/eclipse/jetty/jetty-http/11.0.15/jetty-http-11.0.15.jar:/home/runner/.m2/repository/org/eclipse/jetty/jetty-io/11.0.15/jetty-io-11.0.15.jar:/home/runner/.m2/repository/org/eclipse/jetty/jetty-servlet/11.0.15/jetty-servlet-11.0.15.jar:/home/runner/.m2/repository/org/eclipse/jetty/jetty-security/11.0.15/jetty-security-11.0.15.jar:/home/runner/.m2/repository/org/eclipse/jetty/jetty-servlets/11.0.15/jetty-servlets-11.0.15.jar:/home/runner/.m2/repository/org/eclipse/jetty/jetty-util/11.0.15/jetty-util-11.0.15.jar:/home/runner/.m2/repository/org/eclipse/jetty/jetty-webapp/11.0.15/jetty-webapp-11.0.15.jar:/home/runner/.m2/repository/org/eclipse/jetty/jetty-xml/11.0.15/jetty-xml-11.0.15.jar:/home/runner/.m2/repository/org/eclipse/jetty/jetty-proxy/11.0.15/jetty-proxy-11.0.15.jar:/home/runner/.m2/repository/org/eclipse/jetty/jetty-client/11.0.15/jetty-client-11.0.15.jar:/home/runner/.m2/repository/org/eclipse/jetty/http2/http2-server/11.0.15/http2-server-11.0.15.jar:/home/runner/.m2/repository/org/eclipse/jetty/http2/http2-common/11.0.15/http2-common-11.0.15.jar:/home/runner/.m2/repository/org/eclipse/jetty/http2/http2-hpack/11.0.15/http2-hpack-11.0.15.jar:/home/runner/.m2/repository/org/eclipse/jetty/jetty-alpn-server/11.0.15/jetty-alpn-server-11.0.15.jar:/home/runner/.m2/repository/org/eclipse/jetty/jetty-alpn-java-server/11.0.15/jetty-alpn-java-server-11.0.15.jar:/home/runner/.m2/repository/org/eclipse/jetty/jetty-alpn-java-client/11.0.15/jetty-alpn-java-client-11.0.15.jar:/home/runner/.m2/repository/org/eclipse/jetty/jetty-alpn-client/11.0.15/jetty-alpn-client-11.0.15.jar:/home/runner/.m2/repository/org/apache/httpcomponents/client5/httpclient5/5.2.1/httpclient5-5.2.1.jar:/home/runner/.m2/repository/org/apache/httpcomponents/core5/httpcore5/5.2/httpcore5-5.2.jar:/home/runner/.m2/repository/org/apache/httpcomponents/core5/httpcore5-h2/5.2/httpcore5-h2-5.2.jar:/home/runner/.m2/repository/org/xmlunit/xmlunit-core/2.9.1/xmlunit-core-2.9.1.jar:/home/runner/.m2/repository/jakarta/xml/bind/jakarta.xml.bind-api/4.0.2/jakarta.xml.bind-api-4.0.2.jar:/home/runner/.m2/repository/org/xmlunit/xmlunit-legacy/2.9.1/xmlunit-legacy-2.9.1.jar:/home/runner/.m2/repository/org/xmlunit/xmlunit-placeholders/2.9.1/xmlunit-placeholders-2.9.1.jar:/home/runner/.m2/repository/net/javacrumbs/json-unit/json-unit-core/2.38.0/json-unit-core-2.38.0.jar:/home/runner/.m2/repository/com/jayway/jsonpath/json-path/2.8.0/json-path-2.8.0.jar:/home/runner/.m2/repository/net/minidev/json-smart/2.4.10/json-smart-2.4.10.jar:/home/runner/.m2/repository/net/minidev/accessors-smart/2.4.9/accessors-smart-2.4.9.jar:/home/runner/.m2/repository/org/ow2/asm/asm/9.7.1/asm-9.7.1.jar:/home/runner/.m2/repository/net/sf/jopt-simple/jopt-simple/5.0.4/jopt-simple-5.0.4.jar:/home/runner/.m2/repository/com/github/jknack/handlebars/4.3.1/handlebars-4.3.1.jar:/home/runner/.m2/repository/com/github/jknack/handlebars-helpers/4.3.1/handlebars-helpers-4.3.1.jar:/home/runner/.m2/repository/commons-fileupload/commons-fileupload/1.5/commons-fileupload-1.5.jar:/home/runner/.m2/repository/com/networknt/json-schema-validator/1.5.5/json-schema-validator-1.5.5.jar:/home/runner/.m2/repository/com/ethlo/time/itu/1.10.3/itu-1.10.3.jar:/home/runner/.m2/repository/io/quarkus/quarkus-smallrye-jwt-build/3.20.1/quarkus-smallrye-jwt-build-3.20.1.jar:/home/runner/.m2/repository/io/smallrye/smallrye-jwt-build/4.6.1/smallrye-jwt-build-4.6.1.jar:/home/runner/.m2/repository/org/eclipse/microprofile/jwt/microprofile-jwt-auth-api/2.1/microprofile-jwt-auth-api-2.1.jar:/home/runner/.m2/repository/org/bitbucket/b_c/jose4j/0.9.6/jose4j-0.9.6.jar:/home/runner/.m2/repository/io/smallrye/smallrye-jwt-common/4.6.1/smallrye-jwt-common-4.6.1.jar:/home/runner/.m2/repository/io/quarkus/quarkus-jsonp/3.20.1/quarkus-jsonp-3.20.1.jar:/home/runner/.m2/repository/io/quarkus/quarkus-arc/3.20.1/quarkus-arc-3.20.1.jar:/home/runner/.m2/repository/io/quarkus/arc/arc/3.20.1/arc-3.20.1.jar:/home/runner/.m2/repository/jakarta/transaction/jakarta.transaction-api/2.0.1/jakarta.transaction-api-2.0.1.jar:/home/runner/.m2/repository/io/smallrye/reactive/mutiny/2.8.0/mutiny-2.8.0.jar:/home/runner/.m2/repository/org/jctools/jctools-core/4.0.5/jctools-core-4.0.5.jar:/home/runner/.m2/repository/org/eclipse/microprofile/context-propagation/microprofile-context-propagation-api/1.3/microprofile-context-propagation-api-1.3.jar:/home/runner/.m2/repository/io/apicurio/apicurio-common-rest-client-common/0.1.18.Final/apicurio-common-rest-client-common-0.1.18.Final.jar:/home/runner/work/apicurio-testing/apicurio-testing/clusters/ci419/namespaces/mysql/tests/integration/apicurio-registry/utils/maven-plugin/target/apicurio-registry-maven-plugin-3.0.11-SNAPSHOT.jar:/home/runner/.m2/repository/com/fasterxml/jackson/core/jackson-databind/2.18.2/jackson-databind-2.18.2.jar:/home/runner/.m2/repository/org/apache/avro/avro/1.12.0/avro-1.12.0.jar:/home/runner/.m2/repository/com/google/protobuf/protobuf-java/4.31.1/protobuf-java-4.31.1.jar:/home/runner/.m2/repository/com/google/protobuf/protobuf-java-util/4.31.1/protobuf-java-util-4.31.1.jar:/home/runner/.m2/repository/com/google/code/findbugs/jsr305/3.0.2/jsr305-3.0.2.jar:/home/runner/.m2/repository/com/google/code/gson/gson/2.12.1/gson-2.12.1.jar:/home/runner/.m2/repository/com/google/errorprone/error_prone_annotations/2.36.0/error_prone_annotations-2.36.0.jar:/home/runner/.m2/repository/com/google/j2objc/j2objc-annotations/2.8/j2objc-annotations-2.8.jar:/home/runner/work/apicurio-testing/apicurio-testing/clusters/ci419/namespaces/mysql/tests/integration/apicurio-registry/schema-util/util-provider/target/apicurio-registry-schema-util-provider-3.0.11-SNAPSHOT.jar:/home/runner/work/apicurio-testing/apicurio-testing/clusters/ci419/namespaces/mysql/tests/integration/apicurio-registry/schema-util/common/target/apicurio-registry-schema-util-common-3.0.11-SNAPSHOT.jar:/home/runner/.m2/repository/com/fasterxml/jackson/module/jackson-module-parameter-names/2.18.2/jackson-module-parameter-names-2.18.2.jar:/home/runner/.m2/repository/com/fasterxml/jackson/datatype/jackson-datatype-json-org/2.18.2/jackson-datatype-json-org-2.18.2.jar:/home/runner/work/apicurio-testing/apicurio-testing/clusters/ci419/namespaces/mysql/tests/integration/apicurio-registry/schema-util/json/target/apicurio-registry-schema-util-json-3.0.11-SNAPSHOT.jar:/home/runner/.m2/repository/com/github/erosb/everit-json-schema/1.14.5/everit-json-schema-1.14.5.jar:/home/runner/.m2/repository/commons-validator/commons-validator/1.9.0/commons-validator-1.9.0.jar:/home/runner/.m2/repository/commons-digester/commons-digester/2.1/commons-digester-2.1.jar:/home/runner/.m2/repository/commons-collections/commons-collections/3.2.2/commons-collections-3.2.2.jar:/home/runner/.m2/repository/com/damnhandy/handy-uri-templates/2.1.8/handy-uri-templates-2.1.8.jar:/home/runner/.m2/repository/joda-time/joda-time/2.10.2/joda-time-2.10.2.jar:/home/runner/.m2/repository/com/github/erosb/json-sKema/0.20.0/json-sKema-0.20.0.jar:/home/runner/.m2/repository/io/vertx/vertx-json-schema/4.5.14/vertx-json-schema-4.5.14.jar:/home/runner/work/apicurio-testing/apicurio-testing/clusters/ci419/namespaces/mysql/tests/integration/apicurio-registry/schema-util/protobuf/target/apicurio-registry-schema-util-protobuf-3.0.11-SNAPSHOT.jar:/home/runner/work/apicurio-testing/apicurio-testing/clusters/ci419/namespaces/mysql/tests/integration/apicurio-registry/utils/protobuf-schema-utilities/target/apicurio-registry-protobuf-schema-utilities-3.0.11-SNAPSHOT.jar:/home/runner/.m2/repository/com/google/api/grpc/proto-google-common-protos/2.52.0/proto-google-common-protos-2.52.0.jar:/home/runner/.m2/repository/com/squareup/wire/wire-schema-jvm/5.3.3/wire-schema-jvm-5.3.3.jar:/home/runner/.m2/repository/com/palantir/javapoet/javapoet/0.6.0/javapoet-0.6.0.jar:/home/runner/.m2/repository/com/squareup/kotlinpoet-jvm/2.0.0/kotlinpoet-jvm-2.0.0.jar:/home/runner/.m2/repository/org/jetbrains/kotlin/kotlin-reflect/2.0.21/kotlin-reflect-2.0.21.jar:/home/runner/.m2/repository/com/squareup/wire/wire-runtime-jvm/5.3.3/wire-runtime-jvm-5.3.3.jar:/home/runner/.m2/repository/com/ibm/icu/icu4j/76.1/icu4j-76.1.jar:/home/runner/.m2/repository/com/squareup/okio/okio-fakefilesystem/3.10.2/okio-fakefilesystem-3.10.2.jar:/home/runner/.m2/repository/com/squareup/okio/okio-fakefilesystem-jvm/3.10.2/okio-fakefilesystem-jvm-3.10.2.jar:/home/runner/.m2/repository/org/jetbrains/kotlinx/kotlinx-datetime-jvm/0.6.1/kotlinx-datetime-jvm-0.6.1.jar:/home/runner/work/apicurio-testing/apicurio-testing/clusters/ci419/namespaces/mysql/tests/integration/apicurio-registry/schema-util/asyncapi/target/apicurio-registry-schema-util-asyncapi-3.0.11-SNAPSHOT.jar:/home/runner/work/apicurio-testing/apicurio-testing/clusters/ci419/namespaces/mysql/tests/integration/apicurio-registry/schema-util/avro/target/apicurio-registry-schema-util-avro-3.0.11-SNAPSHOT.jar:/home/runner/work/apicurio-testing/apicurio-testing/clusters/ci419/namespaces/mysql/tests/integration/apicurio-registry/schema-util/graphql/target/apicurio-registry-schema-util-graphql-3.0.11-SNAPSHOT.jar:/home/runner/.m2/repository/com/graphql-java/graphql-java/22.3/graphql-java-22.3.jar:/home/runner/.m2/repository/com/graphql-java/java-dataloader/3.3.0/java-dataloader-3.3.0.jar:/home/runner/work/apicurio-testing/apicurio-testing/clusters/ci419/namespaces/mysql/tests/integration/apicurio-registry/schema-util/kconnect/target/apicurio-registry-schema-util-kconnect-3.0.11-SNAPSHOT.jar:/home/runner/work/apicurio-testing/apicurio-testing/clusters/ci419/namespaces/mysql/tests/integration/apicurio-registry/schema-util/openapi/target/apicurio-registry-schema-util-openapi-3.0.11-SNAPSHOT.jar:/home/runner/.m2/repository/io/apicurio/apicurio-data-models/2.2.1/apicurio-data-models-2.2.1.jar:/home/runner/.m2/repository/org/openapitools/openapidiff/openapi-diff-core/2.1.2/openapi-diff-core-2.1.2.jar:/home/runner/.m2/repository/io/swagger/parser/v3/swagger-parser/2.1.28/swagger-parser-2.1.28.jar:/home/runner/.m2/repository/io/swagger/parser/v3/swagger-parser-v2-converter/2.1.28/swagger-parser-v2-converter-2.1.28.jar:/home/runner/.m2/repository/io/swagger/swagger-core/1.6.16/swagger-core-1.6.16.jar:/home/runner/.m2/repository/io/swagger/swagger-models/1.6.16/swagger-models-1.6.16.jar:/home/runner/.m2/repository/io/swagger/swagger-annotations/1.6.16/swagger-annotations-1.6.16.jar:/home/runner/.m2/repository/io/swagger/swagger-parser/1.0.75/swagger-parser-1.0.75.jar:/home/runner/.m2/repository/io/swagger/swagger-parser-safe-url-resolver/1.0.75/swagger-parser-safe-url-resolver-1.0.75.jar:/home/runner/.m2/repository/io/swagger/swagger-compat-spec-parser/1.0.75/swagger-compat-spec-parser-1.0.75.jar:/home/runner/.m2/repository/com/github/java-json-tools/json-schema-validator/2.2.14/json-schema-validator-2.2.14.jar:/home/runner/.m2/repository/com/github/java-json-tools/jackson-coreutils-equivalence/1.0/jackson-coreutils-equivalence-1.0.jar:/home/runner/.m2/repository/com/github/java-json-tools/json-schema-core/1.2.14/json-schema-core-1.2.14.jar:/home/runner/.m2/repository/com/github/java-json-tools/uri-template/0.10/uri-template-0.10.jar:/home/runner/.m2/repository/com/googlecode/libphonenumber/libphonenumber/8.11.1/libphonenumber-8.11.1.jar:/home/runner/.m2/repository/com/j2html/j2html/1.6.0/j2html-1.6.0.jar:/home/runner/.m2/repository/org/apache/commons/commons-collections4/4.5.0/commons-collections4-4.5.0.jar:/home/runner/.m2/repository/org/apache/commons/commons-configuration2/2.12.0/commons-configuration2-2.12.0.jar:/home/runner/.m2/repository/org/apache/commons/commons-text/1.13.0/commons-text-1.13.0.jar:/home/runner/.m2/repository/org/slf4j/jcl-over-slf4j/2.0.17/jcl-over-slf4j-2.0.17.jar:/home/runner/.m2/repository/io/swagger/parser/v3/swagger-parser-v3/2.1.30/swagger-parser-v3-2.1.30.jar:/home/runner/.m2/repository/io/swagger/core/v3/swagger-models/2.2.34/swagger-models-2.2.34.jar:/home/runner/.m2/repository/io/swagger/core/v3/swagger-core/2.2.34/swagger-core-2.2.34.jar:/home/runner/.m2/repository/io/swagger/parser/v3/swagger-parser-core/2.1.30/swagger-parser-core-2.1.30.jar:/home/runner/.m2/repository/io/swagger/parser/v3/swagger-parser-safe-url-resolver/2.1.30/swagger-parser-safe-url-resolver-2.1.30.jar:/home/runner/work/apicurio-testing/apicurio-testing/clusters/ci419/namespaces/mysql/tests/integration/apicurio-registry/schema-util/wsdl/target/apicurio-registry-schema-util-wsdl-3.0.11-SNAPSHOT.jar:/home/runner/.m2/repository/wsdl4j/wsdl4j/1.6.3/wsdl4j-1.6.3.jar:/home/runner/work/apicurio-testing/apicurio-testing/clusters/ci419/namespaces/mysql/tests/integration/apicurio-registry/schema-util/xml/target/apicurio-registry-schema-util-xml-3.0.11-SNAPSHOT.jar:/home/runner/.m2/repository/org/apache/santuario/xmlsec/4.0.3/xmlsec-4.0.3.jar:/home/runner/.m2/repository/com/fasterxml/woodstox/woodstox-core/7.1.0/woodstox-core-7.1.0.jar:/home/runner/.m2/repository/org/codehaus/woodstox/stax2-api/4.2.2/stax2-api-4.2.2.jar:/home/runner/work/apicurio-testing/apicurio-testing/clusters/ci419/namespaces/mysql/tests/integration/apicurio-registry/schema-util/xsd/target/apicurio-registry-schema-util-xsd-3.0.11-SNAPSHOT.jar:/home/runner/work/apicurio-testing/apicurio-testing/clusters/ci419/namespaces/mysql/tests/integration/apicurio-registry/serdes/kafka/jsonschema-serde/target/apicurio-registry-jsonschema-serde-kafka-3.0.11-SNAPSHOT.jar:/home/runner/work/apicurio-testing/apicurio-testing/clusters/ci419/namespaces/mysql/tests/integration/apicurio-registry/serdes/kafka/serde-kafka-common/target/apicurio-registry-serde-kafka-common-3.0.11-SNAPSHOT.jar:/home/runner/work/apicurio-testing/apicurio-testing/clusters/ci419/namespaces/mysql/tests/integration/apicurio-registry/serdes/generic/serde-common/target/apicurio-registry-serde-common-3.0.11-SNAPSHOT.jar:/home/runner/work/apicurio-testing/apicurio-testing/clusters/ci419/namespaces/mysql/tests/integration/apicurio-registry/serdes/generic/serde-common-jsonschema/target/apicurio-registry-serde-common-jsonschema-3.0.11-SNAPSHOT.jar:/home/runner/.m2/repository/org/json/json/20250107/json-20250107.jar:/home/runner/work/apicurio-testing/apicurio-testing/clusters/ci419/namespaces/mysql/tests/integration/apicurio-registry/serdes/kafka/avro-serde/target/apicurio-registry-avro-serde-kafka-3.0.11-SNAPSHOT.jar:/home/runner/work/apicurio-testing/apicurio-testing/clusters/ci419/namespaces/mysql/tests/integration/apicurio-registry/serdes/generic/serde-common-avro/target/apicurio-registry-serde-common-avro-3.0.11-SNAPSHOT.jar:/home/runner/work/apicurio-testing/apicurio-testing/clusters/ci419/namespaces/mysql/tests/integration/apicurio-registry/serdes/kafka/protobuf-serde/target/apicurio-registry-protobuf-serde-kafka-3.0.11-SNAPSHOT.jar:/home/runner/work/apicurio-testing/apicurio-testing/clusters/ci419/namespaces/mysql/tests/integration/apicurio-registry/serdes/generic/serde-common-protobuf/target/apicurio-registry-serde-common-protobuf-3.0.11-SNAPSHOT.jar:/home/runner/.m2/repository/com/squareup/wire/wire-schema/5.3.3/wire-schema-5.3.3.jar:/home/runner/.m2/repository/com/squareup/wire/wire-runtime/5.3.3/wire-runtime-5.3.3.jar:/home/runner/work/apicurio-testing/apicurio-testing/clusters/ci419/namespaces/mysql/tests/integration/apicurio-registry/serdes/pulsar/avro-serde/target/apicurio-registry-avro-serde-pulsar-3.0.11-SNAPSHOT.jar:/home/runner/.m2/repository/org/apache/pulsar/pulsar-functions-api/3.3.4/pulsar-functions-api-3.3.4.jar:/home/runner/work/apicurio-testing/apicurio-testing/clusters/ci419/namespaces/mysql/tests/integration/apicurio-registry/serdes/nats/avro-serde/target/apicurio-registry-avro-serde-nats-3.0.11-SNAPSHOT.jar:/home/runner/.m2/repository/io/nats/jnats/2.20.5/jnats-2.20.5.jar:/home/runner/.m2/repository/net/i2p/crypto/eddsa/0.3.0/eddsa-0.3.0.jar:/home/runner/work/apicurio-testing/apicurio-testing/clusters/ci419/namespaces/mysql/tests/integration/apicurio-registry/utils/converter/target/apicurio-registry-utils-converter-3.0.11-SNAPSHOT.jar:/home/runner/work/apicurio-testing/apicurio-testing/clusters/ci419/namespaces/mysql/tests/integration/apicurio-registry/schema-resolver/target/apicurio-registry-schema-resolver-3.0.11-SNAPSHOT.jar:/home/runner/.m2/repository/org/apache/kafka/connect-api/3.9.1/connect-api-3.9.1.jar:/home/runner/.m2/repository/javax/ws/rs/javax.ws.rs-api/2.1.1/javax.ws.rs-api-2.1.1.jar:/home/runner/.m2/repository/org/apache/kafka/connect-json/3.9.1/connect-json-3.9.1.jar:/home/runner/.m2/repository/com/fasterxml/jackson/datatype/jackson-datatype-jdk8/2.18.2/jackson-datatype-jdk8-2.18.2.jar:/home/runner/.m2/repository/com/fasterxml/jackson/module/jackson-module-afterburner/2.18.2/jackson-module-afterburner-2.18.2.jar:/home/runner/work/apicurio-testing/apicurio-testing/clusters/ci419/namespaces/mysql/tests/integration/apicurio-registry/utils/kafka/target/apicurio-registry-utils-kafka-3.0.11-SNAPSHOT.jar:/home/runner/.m2/repository/org/apache/pulsar/pulsar-client/3.3.4/pulsar-client-3.3.4.jar:/home/runner/.m2/repository/org/apache/pulsar/pulsar-client-api/3.3.4/pulsar-client-api-3.3.4.jar:/home/runner/.m2/repository/org/apache/pulsar/pulsar-client-admin-api/3.3.4/pulsar-client-admin-api-3.3.4.jar:/home/runner/.m2/repository/org/apache/pulsar/bouncy-castle-bc/3.3.4/bouncy-castle-bc-3.3.4-pkg.jar:/home/runner/.m2/repository/org/bouncycastle/bcpkix-jdk18on/1.80/bcpkix-jdk18on-1.80.jar:/home/runner/.m2/repository/org/bouncycastle/bcutil-jdk18on/1.80/bcutil-jdk18on-1.80.jar:/home/runner/.m2/repository/org/bouncycastle/bcprov-jdk18on/1.80/bcprov-jdk18on-1.80.jar:/home/runner/.m2/repository/io/opentelemetry/opentelemetry-api/1.44.1/opentelemetry-api-1.44.1.jar:/home/runner/.m2/repository/io/opentelemetry/opentelemetry-context/1.44.1/opentelemetry-context-1.44.1.jar:/home/runner/.m2/repository/io/opentelemetry/opentelemetry-api-incubator/1.44.1-alpha/opentelemetry-api-incubator-1.44.1-alpha.jar:/home/runner/.m2/repository/com/fasterxml/jackson/core/jackson-annotations/2.18.2/jackson-annotations-2.18.2.jar:/home/runner/.m2/repository/javax/validation/validation-api/1.1.0.Final/validation-api-1.1.0.Final.jar:/home/runner/.m2/repository/io/confluent/kafka-avro-serializer/8.0.0/kafka-avro-serializer-8.0.0.jar:/home/runner/.m2/repository/org/apache/commons/commons-compress/1.27.1/commons-compress-1.27.1.jar:/home/runner/.m2/repository/io/confluent/kafka-schema-serializer/8.0.0/kafka-schema-serializer-8.0.0.jar:/home/runner/.m2/repository/com/fasterxml/jackson/dataformat/jackson-dataformat-csv/2.18.2/jackson-dataformat-csv-2.18.2.jar:/home/runner/.m2/repository/io/confluent/kafka-schema-registry-client/8.0.0/kafka-schema-registry-client-8.0.0.jar:/home/runner/.m2/repository/org/yaml/snakeyaml/2.3/snakeyaml-2.3.jar:/home/runner/.m2/repository/io/swagger/core/v3/swagger-annotations/2.2.29/swagger-annotations-2.2.29.jar:/home/runner/.m2/repository/com/google/guava/guava/33.4.0-jre/guava-33.4.0-jre.jar:/home/runner/.m2/repository/com/google/guava/failureaccess/1.0.1/failureaccess-1.0.1.jar:/home/runner/.m2/repository/org/checkerframework/checker-qual/3.49.0/checker-qual-3.49.0.jar:/home/runner/.m2/repository/io/confluent/logredactor/1.0.13/logredactor-1.0.13.jar:/home/runner/.m2/repository/com/google/re2j/re2j/1.6/re2j-1.6.jar:/home/runner/.m2/repository/io/confluent/logredactor-metrics/1.0.13/logredactor-metrics-1.0.13.jar:/home/runner/.m2/repository/com/eclipsesource/minimal-json/minimal-json/0.9.5/minimal-json-0.9.5.jar:/home/runner/.m2/repository/io/confluent/common-utils/8.0.0/common-utils-8.0.0.jar:/home/runner/.m2/repository/io/confluent/kafka-connect-avro-converter/8.0.0/kafka-connect-avro-converter-8.0.0.jar:/home/runner/.m2/repository/io/confluent/kafka-connect-avro-data/8.0.0/kafka-connect-avro-data-8.0.0.jar:/home/runner/.m2/repository/io/confluent/kafka-schema-converter/8.0.0/kafka-schema-converter-8.0.0.jar:/home/runner/.m2/repository/io/rest-assured/rest-assured/5.5.1/rest-assured-5.5.1.jar:/home/runner/.m2/repository/org/apache/groovy/groovy/4.0.22/groovy-4.0.22.jar:/home/runner/.m2/repository/org/apache/groovy/groovy-xml/4.0.22/groovy-xml-4.0.22.jar:/home/runner/.m2/repository/org/apache/httpcomponents/httpclient/4.5.14/httpclient-4.5.14.jar:/home/runner/.m2/repository/org/apache/httpcomponents/httpcore/4.4.16/httpcore-4.4.16.jar:/home/runner/.m2/repository/org/apache/httpcomponents/httpmime/4.5.14/httpmime-4.5.14.jar:/home/runner/.m2/repository/org/hamcrest/hamcrest/2.2/hamcrest-2.2.jar:/home/runner/.m2/repository/org/ccil/cowan/tagsoup/tagsoup/1.2.1/tagsoup-1.2.1.jar:/home/runner/.m2/repository/io/rest-assured/json-path/5.5.1/json-path-5.5.1.jar:/home/runner/.m2/repository/org/apache/groovy/groovy-json/4.0.22/groovy-json-4.0.22.jar:/home/runner/.m2/repository/io/rest-assured/rest-assured-common/5.5.1/rest-assured-common-5.5.1.jar:/home/runner/.m2/repository/io/rest-assured/xml-path/5.5.1/xml-path-5.5.1.jar:/home/runner/.m2/repository/io/zonky/test/embedded-postgres/2.1.0/embedded-postgres-2.1.0.jar:/home/runner/.m2/repository/io/zonky/test/postgres/embedded-postgres-binaries-windows-amd64/14.15.0/embedded-postgres-binaries-windows-amd64-14.15.0.jar:/home/runner/.m2/repository/io/zonky/test/postgres/embedded-postgres-binaries-darwin-amd64/14.15.0/embedded-postgres-binaries-darwin-amd64-14.15.0.jar:/home/runner/.m2/repository/io/zonky/test/postgres/embedded-postgres-binaries-linux-amd64/14.15.0/embedded-postgres-binaries-linux-amd64-14.15.0.jar:/home/runner/.m2/repository/io/zonky/test/postgres/embedded-postgres-binaries-linux-amd64-alpine/14.15.0/embedded-postgres-binaries-linux-amd64-alpine-14.15.0.jar:/home/runner/.m2/repository/org/apache/commons/commons-lang3/3.17.0/commons-lang3-3.17.0.jar:/home/runner/.m2/repository/org/tukaani/xz/1.10/xz-1.10.jar:/home/runner/.m2/repository/commons-codec/commons-codec/1.18.0/commons-codec-1.18.0.jar:/home/runner/.m2/repository/org/postgresql/postgresql/42.7.5/postgresql-42.7.5.jar:/home/runner/.m2/repository/commons-io/commons-io/2.18.0/commons-io-2.18.0.jar:/home/runner/work/apicurio-testing/apicurio-testing/clusters/ci419/namespaces/mysql/tests/integration/apicurio-registry/utils/importexport/target/apicurio-registry-utils-import-export-3.0.11-SNAPSHOT.jar:/home/runner/.m2/repository/io/vertx/vertx-core/4.5.14/vertx-core-4.5.14.jar:/home/runner/.m2/repository/io/netty/netty-common/4.1.119.Final/netty-common-4.1.119.Final.jar:/home/runner/.m2/repository/io/netty/netty-buffer/4.1.119.Final/netty-buffer-4.1.119.Final.jar:/home/runner/.m2/repository/io/netty/netty-transport/4.1.119.Final/netty-transport-4.1.119.Final.jar:/home/runner/.m2/repository/io/netty/netty-handler/4.1.119.Final/netty-handler-4.1.119.Final.jar:/home/runner/.m2/repository/io/netty/netty-transport-native-unix-common/4.1.119.Final/netty-transport-native-unix-common-4.1.119.Final.jar:/home/runner/.m2/repository/io/netty/netty-codec/4.1.119.Final/netty-codec-4.1.119.Final.jar:/home/runner/.m2/repository/io/netty/netty-handler-proxy/4.1.119.Final/netty-handler-proxy-4.1.119.Final.jar:/home/runner/.m2/repository/io/netty/netty-codec-socks/4.1.119.Final/netty-codec-socks-4.1.119.Final.jar:/home/runner/.m2/repository/io/netty/netty-codec-http/4.1.119.Final/netty-codec-http-4.1.119.Final.jar:/home/runner/.m2/repository/io/netty/netty-codec-http2/4.1.119.Final/netty-codec-http2-4.1.119.Final.jar:/home/runner/.m2/repository/io/netty/netty-resolver/4.1.119.Final/netty-resolver-4.1.119.Final.jar:/home/runner/.m2/repository/io/netty/netty-resolver-dns/4.1.119.Final/netty-resolver-dns-4.1.119.Final.jar:/home/runner/.m2/repository/io/netty/netty-codec-dns/4.1.119.Final/netty-codec-dns-4.1.119.Final.jar:/home/runner/.m2/repository/com/fasterxml/jackson/core/jackson-core/2.18.2/jackson-core-2.18.2.jar:"/>
    <property name="java.vm.vendor" value="Eclipse Adoptium"/>
    <property name="maven.javadoc.skip" value="true"/>
    <property name="sun.arch.data.model" value="64"/>
    <property name="java.vendor.url" value="https://adoptium.net/"/>
    <property name="user.timezone" value="Etc/UTC"/>
    <property name="os.name" value="Linux"/>
    <property name="java.vm.specification.version" value="17"/>
    <property name="sun.java.launcher" value="SUN_STANDARD"/>
    <property name="quarkus.http.test-port" value="80"/>
    <property name="sun.boot.library.path" value="/usr/lib/jvm/temurin-17-jdk-amd64/lib"/>
    <property name="sun.java.command" value="/home/runner/work/apicurio-testing/apicurio-testing/clusters/ci419/namespaces/mysql/tests/integration/apicurio-registry/integration-tests/target/surefire/surefirebooter-20250731181456929_3.jar /home/runner/work/apicurio-testing/apicurio-testing/clusters/ci419/namespaces/mysql/tests/integration/apicurio-registry/integration-tests/target/surefire 2025-07-31T18-14-56_822-jvmRun1 surefire-20250731181456929_1tmp surefire_0-20250731181456929_2tmp"/>
    <property name="maven.home" value="/home/runner/.m2/wrapper/dists/apache-maven-3.9.8-bin/4fnp1ql35bgk2a0p7m31ovbgb0/apache-maven-3.9.8"/>
    <property name="jdk.debug" value="release"/>
    <property name="surefire.test.class.path" value="/home/runner/work/apicurio-testing/apicurio-testing/clusters/ci419/namespaces/mysql/tests/integration/apicurio-registry/integration-tests/target/test-classes:/home/runner/work/apicurio-testing/apicurio-testing/clusters/ci419/namespaces/mysql/tests/integration/apicurio-registry/integration-tests/target/apicurio-registry-integration-tests-3.0.11-SNAPSHOT.jar:/home/runner/.m2/repository/io/quarkus/quarkus-junit5/3.20.1/quarkus-junit5-3.20.1.jar:/home/runner/.m2/repository/io/quarkus/quarkus-bootstrap-core/3.20.1/quarkus-bootstrap-core-3.20.1.jar:/home/runner/.m2/repository/io/quarkus/quarkus-classloader-commons/3.20.1/quarkus-classloader-commons-3.20.1.jar:/home/runner/.m2/repository/io/quarkus/quarkus-bootstrap-app-model/3.20.1/quarkus-bootstrap-app-model-3.20.1.jar:/home/runner/.m2/repository/io/smallrye/common/smallrye-common-io/2.12.0/smallrye-common-io-2.12.0.jar:/home/runner/.m2/repository/org/eclipse/sisu/org.eclipse.sisu.inject/0.9.0.M3/org.eclipse.sisu.inject-0.9.0.M3.jar:/home/runner/.m2/repository/io/quarkus/quarkus-test-common/3.20.1/quarkus-test-common-3.20.1.jar:/home/runner/.m2/repository/io/quarkus/quarkus-core-deployment/3.20.1/quarkus-core-deployment-3.20.1.jar:/home/runner/.m2/repository/org/aesh/readline/2.6/readline-2.6.jar:/home/runner/.m2/repository/org/fusesource/jansi/jansi/2.4.0/jansi-2.4.0.jar:/home/runner/.m2/repository/org/aesh/aesh/2.8.2/aesh-2.8.2.jar:/home/runner/.m2/repository/io/quarkus/gizmo/gizmo/1.8.0/gizmo-1.8.0.jar:/home/runner/.m2/repository/org/ow2/asm/asm-util/9.7.1/asm-util-9.7.1.jar:/home/runner/.m2/repository/org/ow2/asm/asm-analysis/9.7.1/asm-analysis-9.7.1.jar:/home/runner/.m2/repository/org/ow2/asm/asm-commons/9.7.1/asm-commons-9.7.1.jar:/home/runner/.m2/repository/org/ow2/asm/asm-tree/9.7.1/asm-tree-9.7.1.jar:/home/runner/.m2/repository/io/quarkus/quarkus-hibernate-validator-spi/3.20.1/quarkus-hibernate-validator-spi-3.20.1.jar:/home/runner/.m2/repository/io/quarkus/quarkus-class-change-agent/3.20.1/quarkus-class-change-agent-3.20.1.jar:/home/runner/.m2/repository/io/quarkus/quarkus-devtools-utilities/3.20.1/quarkus-devtools-utilities-3.20.1.jar:/home/runner/.m2/repository/io/quarkus/quarkus-builder/3.20.1/quarkus-builder-3.20.1.jar:/home/runner/.m2/repository/org/graalvm/sdk/nativeimage/23.1.2/nativeimage-23.1.2.jar:/home/runner/.m2/repository/org/graalvm/sdk/word/23.1.2/word-23.1.2.jar:/home/runner/.m2/repository/io/quarkus/quarkus-bootstrap-maven-resolver/3.20.1/quarkus-bootstrap-maven-resolver-3.20.1.jar:/home/runner/.m2/repository/io/smallrye/beanbag/smallrye-beanbag-maven/1.5.2/smallrye-beanbag-maven-1.5.2.jar:/home/runner/.m2/repository/io/smallrye/beanbag/smallrye-beanbag-sisu/1.5.2/smallrye-beanbag-sisu-1.5.2.jar:/home/runner/.m2/repository/io/smallrye/beanbag/smallrye-beanbag/1.5.2/smallrye-beanbag-1.5.2.jar:/home/runner/.m2/repository/javax/inject/javax.inject/1/javax.inject-1.jar:/home/runner/.m2/repository/org/apache/maven/maven-artifact/3.9.9/maven-artifact-3.9.9.jar:/home/runner/.m2/repository/org/apache/maven/maven-builder-support/3.9.9/maven-builder-support-3.9.9.jar:/home/runner/.m2/repository/org/apache/maven/maven-model/3.9.9/maven-model-3.9.9.jar:/home/runner/.m2/repository/org/apache/maven/maven-model-builder/3.9.9/maven-model-builder-3.9.9.jar:/home/runner/.m2/repository/org/apache/maven/maven-repository-metadata/3.9.9/maven-repository-metadata-3.9.9.jar:/home/runner/.m2/repository/org/apache/maven/maven-settings/3.9.9/maven-settings-3.9.9.jar:/home/runner/.m2/repository/org/apache/maven/resolver/maven-resolver-api/1.9.22/maven-resolver-api-1.9.22.jar:/home/runner/.m2/repository/org/apache/maven/resolver/maven-resolver-impl/1.9.22/maven-resolver-impl-1.9.22.jar:/home/runner/.m2/repository/org/apache/maven/resolver/maven-resolver-named-locks/1.9.22/maven-resolver-named-locks-1.9.22.jar:/home/runner/.m2/repository/org/apache/maven/resolver/maven-resolver-spi/1.9.22/maven-resolver-spi-1.9.22.jar:/home/runner/.m2/repository/org/apache/maven/resolver/maven-resolver-util/1.9.22/maven-resolver-util-1.9.22.jar:/home/runner/.m2/repository/org/apache/maven/resolver/maven-resolver-transport-http/1.9.20/maven-resolver-transport-http-1.9.20.jar:/home/runner/.m2/repository/org/apache/maven/wagon/wagon-provider-api/3.5.3/wagon-provider-api-3.5.3.jar:/home/runner/.m2/repository/org/apache/maven/wagon/wagon-http-shared/3.5.3/wagon-http-shared-3.5.3.jar:/home/runner/.m2/repository/org/codehaus/plexus/plexus-interpolation/1.26/plexus-interpolation-1.26.jar:/home/runner/.m2/repository/org/codehaus/plexus/plexus-utils/3.5.1/plexus-utils-3.5.1.jar:/home/runner/.m2/repository/org/codehaus/plexus/plexus-xml/4.0.1/plexus-xml-4.0.1.jar:/home/runner/.m2/repository/org/apache/maven/maven-xml-impl/4.0.0-alpha-5/maven-xml-impl-4.0.0-alpha-5.jar:/home/runner/.m2/repository/org/apache/maven/maven-api-xml/4.0.0-alpha-5/maven-api-xml-4.0.0-alpha-5.jar:/home/runner/.m2/repository/org/apache/maven/maven-api-meta/4.0.0-alpha-5/maven-api-meta-4.0.0-alpha-5.jar:/home/runner/.m2/repository/org/codehaus/plexus/plexus-cipher/2.0/plexus-cipher-2.0.jar:/home/runner/.m2/repository/org/codehaus/plexus/plexus-sec-dispatcher/2.0/plexus-sec-dispatcher-2.0.jar:/home/runner/.m2/repository/org/apache/maven/maven-embedder/3.9.9/maven-embedder-3.9.9.jar:/home/runner/.m2/repository/org/apache/maven/maven-core/3.9.9/maven-core-3.9.9.jar:/home/runner/.m2/repository/org/codehaus/plexus/plexus-component-annotations/2.1.0/plexus-component-annotations-2.1.0.jar:/home/runner/.m2/repository/org/apache/maven/maven-plugin-api/3.9.9/maven-plugin-api-3.9.9.jar:/home/runner/.m2/repository/org/apache/maven/shared/maven-shared-utils/3.4.2/maven-shared-utils-3.4.2.jar:/home/runner/.m2/repository/com/google/inject/guice/5.1.0/guice-5.1.0.jar:/home/runner/.m2/repository/aopalliance/aopalliance/1.0/aopalliance-1.0.jar:/home/runner/.m2/repository/org/codehaus/plexus/plexus-classworlds/2.6.0/plexus-classworlds-2.6.0.jar:/home/runner/.m2/repository/commons-cli/commons-cli/1.8.0/commons-cli-1.8.0.jar:/home/runner/.m2/repository/org/eclipse/sisu/org.eclipse.sisu.plexus/0.9.0.M3/org.eclipse.sisu.plexus-0.9.0.M3.jar:/home/runner/.m2/repository/org/apache/maven/maven-settings-builder/3.9.9/maven-settings-builder-3.9.9.jar:/home/runner/.m2/repository/org/apache/maven/maven-resolver-provider/3.9.9/maven-resolver-provider-3.9.9.jar:/home/runner/.m2/repository/org/apache/maven/resolver/maven-resolver-connector-basic/1.9.22/maven-resolver-connector-basic-1.9.22.jar:/home/runner/.m2/repository/org/apache/maven/resolver/maven-resolver-transport-wagon/1.9.22/maven-resolver-transport-wagon-1.9.22.jar:/home/runner/.m2/repository/org/apache/maven/wagon/wagon-http/3.5.3/wagon-http-3.5.3.jar:/home/runner/.m2/repository/org/apache/maven/wagon/wagon-file/3.5.3/wagon-file-3.5.3.jar:/home/runner/.m2/repository/io/quarkus/quarkus-bootstrap-gradle-resolver/3.20.1/quarkus-bootstrap-gradle-resolver-3.20.1.jar:/home/runner/.m2/repository/io/smallrye/jandex/3.3.0/jandex-3.3.0.jar:/home/runner/.m2/repository/org/jboss/logging/commons-logging-jboss-logging/1.0.0.Final/commons-logging-jboss-logging-1.0.0.Final.jar:/home/runner/.m2/repository/io/quarkus/quarkus-junit5-config/3.20.1/quarkus-junit5-config-3.20.1.jar:/home/runner/.m2/repository/org/junit/jupiter/junit-jupiter-api/5.12.1/junit-jupiter-api-5.12.1.jar:/home/runner/.m2/repository/io/smallrye/config/smallrye-config/3.11.4/smallrye-config-3.11.4.jar:/home/runner/.m2/repository/io/smallrye/config/smallrye-config-core/3.11.4/smallrye-config-core-3.11.4.jar:/home/runner/.m2/repository/io/smallrye/common/smallrye-common-classloader/2.12.0/smallrye-common-classloader-2.12.0.jar:/home/runner/.m2/repository/io/smallrye/config/smallrye-config-common/3.11.4/smallrye-config-common-3.11.4.jar:/home/runner/.m2/repository/org/junit/jupiter/junit-jupiter/5.12.1/junit-jupiter-5.12.1.jar:/home/runner/.m2/repository/org/junit/jupiter/junit-jupiter-params/5.12.1/junit-jupiter-params-5.12.1.jar:/home/runner/.m2/repository/org/junit/jupiter/junit-jupiter-engine/5.12.1/junit-jupiter-engine-5.12.1.jar:/home/runner/.m2/repository/io/quarkus/quarkus-core/3.20.1/quarkus-core-3.20.1.jar:/home/runner/.m2/repository/jakarta/enterprise/jakarta.enterprise.cdi-api/4.1.0/jakarta.enterprise.cdi-api-4.1.0.jar:/home/runner/.m2/repository/jakarta/enterprise/jakarta.enterprise.lang-model/4.1.0/jakarta.enterprise.lang-model-4.1.0.jar:/home/runner/.m2/repository/jakarta/el/jakarta.el-api/5.0.1/jakarta.el-api-5.0.1.jar:/home/runner/.m2/repository/jakarta/interceptor/jakarta.interceptor-api/2.2.0/jakarta.interceptor-api-2.2.0.jar:/home/runner/.m2/repository/jakarta/inject/jakarta.inject-api/2.0.1/jakarta.inject-api-2.0.1.jar:/home/runner/.m2/repository/io/smallrye/common/smallrye-common-os/2.12.0/smallrye-common-os-2.12.0.jar:/home/runner/.m2/repository/io/quarkus/quarkus-ide-launcher/3.20.1/quarkus-ide-launcher-3.20.1.jar:/home/runner/.m2/repository/io/quarkus/quarkus-development-mode-spi/3.20.1/quarkus-development-mode-spi-3.20.1.jar:/home/runner/.m2/repository/org/jboss/logging/jboss-logging/3.6.1.Final/jboss-logging-3.6.1.Final.jar:/home/runner/.m2/repository/org/jboss/logmanager/jboss-logmanager/3.1.2.Final/jboss-logmanager-3.1.2.Final.jar:/home/runner/.m2/repository/io/smallrye/common/smallrye-common-constraint/2.12.0/smallrye-common-constraint-2.12.0.jar:/home/runner/.m2/repository/io/smallrye/common/smallrye-common-cpu/2.12.0/smallrye-common-cpu-2.12.0.jar:/home/runner/.m2/repository/io/smallrye/common/smallrye-common-expression/2.12.0/smallrye-common-expression-2.12.0.jar:/home/runner/.m2/repository/io/smallrye/common/smallrye-common-net/2.12.0/smallrye-common-net-2.12.0.jar:/home/runner/.m2/repository/io/smallrye/common/smallrye-common-ref/2.12.0/smallrye-common-ref-2.12.0.jar:/home/runner/.m2/repository/jakarta/json/jakarta.json-api/2.1.3/jakarta.json-api-2.1.3.jar:/home/runner/.m2/repository/org/eclipse/parsson/parsson/1.1.7/parsson-1.1.7.jar:/home/runner/.m2/repository/org/jboss/logging/jboss-logging-annotations/3.0.4.Final/jboss-logging-annotations-3.0.4.Final.jar:/home/runner/.m2/repository/org/jboss/threads/jboss-threads/3.8.0.Final/jboss-threads-3.8.0.Final.jar:/home/runner/.m2/repository/io/smallrye/common/smallrye-common-annotation/2.12.0/smallrye-common-annotation-2.12.0.jar:/home/runner/.m2/repository/io/smallrye/common/smallrye-common-function/2.12.0/smallrye-common-function-2.12.0.jar:/home/runner/.m2/repository/org/jboss/slf4j/slf4j-jboss-logmanager/2.0.0.Final/slf4j-jboss-logmanager-2.0.0.Final.jar:/home/runner/.m2/repository/org/wildfly/common/wildfly-common/2.0.1/wildfly-common-2.0.1.jar:/home/runner/.m2/repository/io/quarkus/quarkus-bootstrap-runner/3.20.1/quarkus-bootstrap-runner-3.20.1.jar:/home/runner/.m2/repository/io/github/crac/org-crac/0.1.3/org-crac-0.1.3.jar:/home/runner/.m2/repository/io/quarkus/quarkus-fs-util/0.0.10/quarkus-fs-util-0.0.10.jar:/home/runner/.m2/repository/org/jboss/marshalling/jboss-marshalling/2.2.2.Final/jboss-marshalling-2.2.2.Final.jar:/home/runner/.m2/repository/io/fabric8/kubernetes-client/7.1.0/kubernetes-client-7.1.0.jar:/home/runner/.m2/repository/io/fabric8/kubernetes-client-api/7.1.0/kubernetes-client-api-7.1.0.jar:/home/runner/.m2/repository/io/fabric8/kubernetes-model-core/7.1.0/kubernetes-model-core-7.1.0.jar:/home/runner/.m2/repository/io/fabric8/kubernetes-model-common/7.1.0/kubernetes-model-common-7.1.0.jar:/home/runner/.m2/repository/javax/annotation/javax.annotation-api/1.3.2/javax.annotation-api-1.3.2.jar:/home/runner/.m2/repository/io/fabric8/kubernetes-model-gatewayapi/7.1.0/kubernetes-model-gatewayapi-7.1.0.jar:/home/runner/.m2/repository/io/fabric8/kubernetes-model-resource/7.1.0/kubernetes-model-resource-7.1.0.jar:/home/runner/.m2/repository/io/fabric8/kubernetes-model-rbac/7.1.0/kubernetes-model-rbac-7.1.0.jar:/home/runner/.m2/repository/io/fabric8/kubernetes-model-admissionregistration/7.1.0/kubernetes-model-admissionregistration-7.1.0.jar:/home/runner/.m2/repository/io/fabric8/kubernetes-model-apps/7.1.0/kubernetes-model-apps-7.1.0.jar:/home/runner/.m2/repository/io/fabric8/kubernetes-model-autoscaling/7.1.0/kubernetes-model-autoscaling-7.1.0.jar:/home/runner/.m2/repository/io/fabric8/kubernetes-model-apiextensions/7.1.0/kubernetes-model-apiextensions-7.1.0.jar:/home/runner/.m2/repository/io/fabric8/kubernetes-model-batch/7.1.0/kubernetes-model-batch-7.1.0.jar:/home/runner/.m2/repository/io/fabric8/kubernetes-model-certificates/7.1.0/kubernetes-model-certificates-7.1.0.jar:/home/runner/.m2/repository/io/fabric8/kubernetes-model-coordination/7.1.0/kubernetes-model-coordination-7.1.0.jar:/home/runner/.m2/repository/io/fabric8/kubernetes-model-discovery/7.1.0/kubernetes-model-discovery-7.1.0.jar:/home/runner/.m2/repository/io/fabric8/kubernetes-model-events/7.1.0/kubernetes-model-events-7.1.0.jar:/home/runner/.m2/repository/io/fabric8/kubernetes-model-extensions/7.1.0/kubernetes-model-extensions-7.1.0.jar:/home/runner/.m2/repository/io/fabric8/kubernetes-model-flowcontrol/7.1.0/kubernetes-model-flowcontrol-7.1.0.jar:/home/runner/.m2/repository/io/fabric8/kubernetes-model-networking/7.1.0/kubernetes-model-networking-7.1.0.jar:/home/runner/.m2/repository/io/fabric8/kubernetes-model-metrics/7.1.0/kubernetes-model-metrics-7.1.0.jar:/home/runner/.m2/repository/io/fabric8/kubernetes-model-policy/7.1.0/kubernetes-model-policy-7.1.0.jar:/home/runner/.m2/repository/io/fabric8/kubernetes-model-scheduling/7.1.0/kubernetes-model-scheduling-7.1.0.jar:/home/runner/.m2/repository/io/fabric8/kubernetes-model-storageclass/7.1.0/kubernetes-model-storageclass-7.1.0.jar:/home/runner/.m2/repository/io/fabric8/kubernetes-model-node/7.1.0/kubernetes-model-node-7.1.0.jar:/home/runner/.m2/repository/org/snakeyaml/snakeyaml-engine/2.9/snakeyaml-engine-2.9.jar:/home/runner/.m2/repository/com/fasterxml/jackson/dataformat/jackson-dataformat-yaml/2.15.2/jackson-dataformat-yaml-2.15.2.jar:/home/runner/.m2/repository/com/fasterxml/jackson/datatype/jackson-datatype-jsr310/2.18.2/jackson-datatype-jsr310-2.18.2.jar:/home/runner/.m2/repository/io/fabric8/zjsonpatch/7.1.0/zjsonpatch-7.1.0.jar:/home/runner/.m2/repository/io/fabric8/kubernetes-httpclient-vertx/7.1.0/kubernetes-httpclient-vertx-7.1.0.jar:/home/runner/.m2/repository/io/vertx/vertx-web-client/4.5.14/vertx-web-client-4.5.14.jar:/home/runner/.m2/repository/io/vertx/vertx-web-common/4.5.14/vertx-web-common-4.5.14.jar:/home/runner/.m2/repository/io/vertx/vertx-auth-common/4.5.14/vertx-auth-common-4.5.14.jar:/home/runner/.m2/repository/io/vertx/vertx-uri-template/4.5.14/vertx-uri-template-4.5.14.jar:/home/runner/.m2/repository/io/fabric8/openshift-client/7.1.0/openshift-client-7.1.0.jar:/home/runner/.m2/repository/io/fabric8/openshift-client-api/7.1.0/openshift-client-api-7.1.0.jar:/home/runner/.m2/repository/io/fabric8/openshift-model/7.1.0/openshift-model-7.1.0.jar:/home/runner/.m2/repository/io/fabric8/openshift-model-autoscaling/7.1.0/openshift-model-autoscaling-7.1.0.jar:/home/runner/.m2/repository/io/fabric8/openshift-model-operator/7.1.0/openshift-model-operator-7.1.0.jar:/home/runner/.m2/repository/io/fabric8/openshift-model-operatorhub/7.1.0/openshift-model-operatorhub-7.1.0.jar:/home/runner/.m2/repository/io/fabric8/openshift-model-machine/7.1.0/openshift-model-machine-7.1.0.jar:/home/runner/.m2/repository/io/fabric8/openshift-model-whereabouts/7.1.0/openshift-model-whereabouts-7.1.0.jar:/home/runner/.m2/repository/io/fabric8/openshift-model-monitoring/7.1.0/openshift-model-monitoring-7.1.0.jar:/home/runner/.m2/repository/io/fabric8/openshift-model-storageversionmigrator/7.1.0/openshift-model-storageversionmigrator-7.1.0.jar:/home/runner/.m2/repository/io/fabric8/openshift-model-tuned/7.1.0/openshift-model-tuned-7.1.0.jar:/home/runner/.m2/repository/io/fabric8/openshift-model-console/7.1.0/openshift-model-console-7.1.0.jar:/home/runner/.m2/repository/io/fabric8/openshift-model-config/7.1.0/openshift-model-config-7.1.0.jar:/home/runner/.m2/repository/io/fabric8/openshift-model-machineconfiguration/7.1.0/openshift-model-machineconfiguration-7.1.0.jar:/home/runner/.m2/repository/io/fabric8/openshift-model-miscellaneous/7.1.0/openshift-model-miscellaneous-7.1.0.jar:/home/runner/.m2/repository/io/fabric8/openshift-model-hive/7.1.0/openshift-model-hive-7.1.0.jar:/home/runner/.m2/repository/io/fabric8/openshift-model-installer/7.1.0/openshift-model-installer-7.1.0.jar:/home/runner/.m2/repository/org/junit/platform/junit-platform-launcher/1.12.1/junit-platform-launcher-1.12.1.jar:/home/runner/.m2/repository/org/junit/platform/junit-platform-engine/1.12.1/junit-platform-engine-1.12.1.jar:/home/runner/.m2/repository/org/opentest4j/opentest4j/1.3.0/opentest4j-1.3.0.jar:/home/runner/.m2/repository/org/junit/platform/junit-platform-commons/1.12.1/junit-platform-commons-1.12.1.jar:/home/runner/.m2/repository/org/apiguardian/apiguardian-api/1.1.2/apiguardian-api-1.1.2.jar:/home/runner/.m2/repository/jakarta/ws/rs/jakarta.ws.rs-api/3.1.0/jakarta.ws.rs-api-3.1.0.jar:/home/runner/work/apicurio-testing/apicurio-testing/clusters/ci419/namespaces/mysql/tests/integration/apicurio-registry/java-sdk/target/apicurio-registry-java-sdk-3.0.11-SNAPSHOT.jar:/home/runner/.m2/repository/com/microsoft/kiota/microsoft-kiota-abstractions/1.8.8/microsoft-kiota-abstractions-1.8.8.jar:/home/runner/.m2/repository/io/github/std-uritemplate/std-uritemplate/2.0.0/std-uritemplate-2.0.0.jar:/home/runner/.m2/repository/io/kiota/kiota-http-jdk/0.0.21/kiota-http-jdk-0.0.21.jar:/home/runner/.m2/repository/io/kiota/kiota-http-vertx/0.0.21/kiota-http-vertx-0.0.21.jar:/home/runner/.m2/repository/io/kiota/kiota-serialization-jackson/0.0.21/kiota-serialization-jackson-0.0.21.jar:/home/runner/.m2/repository/com/microsoft/kiota/microsoft-kiota-serialization-text/1.8.8/microsoft-kiota-serialization-text-1.8.8.jar:/home/runner/.m2/repository/com/microsoft/kiota/microsoft-kiota-serialization-form/1.8.8/microsoft-kiota-serialization-form-1.8.8.jar:/home/runner/.m2/repository/com/microsoft/kiota/microsoft-kiota-serialization-multipart/1.8.8/microsoft-kiota-serialization-multipart-1.8.8.jar:/home/runner/.m2/repository/jakarta/annotation/jakarta.annotation-api/3.0.0/jakarta.annotation-api-3.0.0.jar:/home/runner/.m2/repository/io/vertx/vertx-auth-oauth2/4.5.14/vertx-auth-oauth2-4.5.14.jar:/home/runner/work/apicurio-testing/apicurio-testing/clusters/ci419/namespaces/mysql/tests/integration/apicurio-registry/java-sdk-v2/target/apicurio-registry-v2-java-sdk-3.0.11-SNAPSHOT.jar:/home/runner/work/apicurio-testing/apicurio-testing/clusters/ci419/namespaces/mysql/tests/integration/apicurio-registry/utils/kafka/target/apicurio-registry-utils-kafka-3.0.11-SNAPSHOT-tests.jar:/home/runner/.m2/repository/org/eclipse/microprofile/config/microprofile-config-api/3.1/microprofile-config-api-3.1.jar:/home/runner/.m2/repository/org/apache/kafka/kafka-clients/3.9.1/kafka-clients-3.9.1.jar:/home/runner/.m2/repository/com/github/luben/zstd-jni/1.5.6-4/zstd-jni-1.5.6-4.jar:/home/runner/.m2/repository/org/lz4/lz4-java/1.8.0/lz4-java-1.8.0.jar:/home/runner/.m2/repository/org/xerial/snappy/snappy-java/1.1.10.5/snappy-java-1.1.10.5.jar:/home/runner/.m2/repository/org/slf4j/slf4j-api/2.0.6/slf4j-api-2.0.6.jar:/home/runner/work/apicurio-testing/apicurio-testing/clusters/ci419/namespaces/mysql/tests/integration/apicurio-registry/utils/tests/target/apicurio-registry-utils-tests-3.0.11-SNAPSHOT.jar:/home/runner/work/apicurio-testing/apicurio-testing/clusters/ci419/namespaces/mysql/tests/integration/apicurio-registry/common/target/apicurio-registry-common-3.0.11-SNAPSHOT.jar:/home/runner/.m2/repository/jakarta/validation/jakarta.validation-api/3.0.2/jakarta.validation-api-3.0.2.jar:/home/runner/.m2/repository/com/github/dasniko/testcontainers-keycloak/3.6.0/testcontainers-keycloak-3.6.0.jar:/home/runner/.m2/repository/org/testcontainers/testcontainers/1.20.6/testcontainers-1.20.6.jar:/home/runner/.m2/repository/org/rnorth/duct-tape/duct-tape/1.0.8/duct-tape-1.0.8.jar:/home/runner/.m2/repository/org/jetbrains/annotations/26.0.2/annotations-26.0.2.jar:/home/runner/.m2/repository/com/github/docker-java/docker-java-transport-zerodep/3.4.1/docker-java-transport-zerodep-3.4.1.jar:/home/runner/.m2/repository/com/github/docker-java/docker-java-transport/3.4.1/docker-java-transport-3.4.1.jar:/home/runner/.m2/repository/net/java/dev/jna/jna/5.8.0/jna-5.8.0.jar:/home/runner/.m2/repository/io/quarkus/quarkus-junit4-mock/3.20.1/quarkus-junit4-mock-3.20.1.jar:/home/runner/.m2/repository/org/jboss/shrinkwrap/shrinkwrap-api/2.0.0-beta-2/shrinkwrap-api-2.0.0-beta-2.jar:/home/runner/.m2/repository/org/jboss/shrinkwrap/shrinkwrap-impl-base/2.0.0-beta-2/shrinkwrap-impl-base-2.0.0-beta-2.jar:/home/runner/.m2/repository/org/jboss/shrinkwrap/shrinkwrap-spi/2.0.0-beta-2/shrinkwrap-spi-2.0.0-beta-2.jar:/home/runner/.m2/repository/org/keycloak/keycloak-admin-client/26.0.4/keycloak-admin-client-26.0.4.jar:/home/runner/.m2/repository/org/keycloak/keycloak-client-common-synced/26.0.4/keycloak-client-common-synced-26.0.4.jar:/home/runner/.m2/repository/jakarta/activation/jakarta.activation-api/2.1.3/jakarta.activation-api-2.1.3.jar:/home/runner/.m2/repository/org/eclipse/microprofile/openapi/microprofile-openapi-api/4.0.2/microprofile-openapi-api-4.0.2.jar:/home/runner/.m2/repository/org/jboss/resteasy/resteasy-client/6.2.12.Final/resteasy-client-6.2.12.Final.jar:/home/runner/.m2/repository/org/jboss/resteasy/resteasy-client-api/6.2.12.Final/resteasy-client-api-6.2.12.Final.jar:/home/runner/.m2/repository/org/jboss/resteasy/resteasy-core-spi/6.2.12.Final/resteasy-core-spi-6.2.12.Final.jar:/home/runner/.m2/repository/org/jboss/resteasy/resteasy-core/6.2.12.Final/resteasy-core-6.2.12.Final.jar:/home/runner/.m2/repository/org/eclipse/angus/angus-activation/2.0.2/angus-activation-2.0.2.jar:/home/runner/.m2/repository/com/ibm/async/asyncutil/0.1.0/asyncutil-0.1.0.jar:/home/runner/.m2/repository/org/reactivestreams/reactive-streams/1.0.4/reactive-streams-1.0.4.jar:/home/runner/.m2/repository/org/jboss/resteasy/resteasy-multipart-provider/6.2.12.Final/resteasy-multipart-provider-6.2.12.Final.jar:/home/runner/.m2/repository/jakarta/mail/jakarta.mail-api/2.1.3/jakarta.mail-api-2.1.3.jar:/home/runner/.m2/repository/org/eclipse/angus/angus-mail/2.0.3/angus-mail-2.0.3.jar:/home/runner/.m2/repository/org/apache/james/apache-mime4j-dom/0.8.12/apache-mime4j-dom-0.8.12.jar:/home/runner/.m2/repository/org/apache/james/apache-mime4j-core/0.8.12/apache-mime4j-core-0.8.12.jar:/home/runner/.m2/repository/org/apache/james/apache-mime4j-storage/0.8.12/apache-mime4j-storage-0.8.12.jar:/home/runner/.m2/repository/org/jboss/resteasy/resteasy-jackson2-provider/6.2.12.Final/resteasy-jackson2-provider-6.2.12.Final.jar:/home/runner/.m2/repository/com/fasterxml/jackson/jakarta/rs/jackson-jakarta-rs-base/2.18.2/jackson-jakarta-rs-base-2.18.2.jar:/home/runner/.m2/repository/com/fasterxml/jackson/jakarta/rs/jackson-jakarta-rs-json-provider/2.18.2/jackson-jakarta-rs-json-provider-2.18.2.jar:/home/runner/.m2/repository/com/fasterxml/jackson/module/jackson-module-jakarta-xmlbind-annotations/2.18.2/jackson-module-jakarta-xmlbind-annotations-2.18.2.jar:/home/runner/.m2/repository/com/github/java-json-tools/json-patch/1.13/json-patch-1.13.jar:/home/runner/.m2/repository/com/github/java-json-tools/msg-simple/1.2/msg-simple-1.2.jar:/home/runner/.m2/repository/com/github/java-json-tools/btf/1.3/btf-1.3.jar:/home/runner/.m2/repository/com/github/java-json-tools/jackson-coreutils/2.0/jackson-coreutils-2.0.jar:/home/runner/.m2/repository/org/jboss/resteasy/resteasy-jaxb-provider/6.2.12.Final/resteasy-jaxb-provider-6.2.12.Final.jar:/home/runner/.m2/repository/org/glassfish/jaxb/codemodel/4.0.5/codemodel-4.0.5.jar:/home/runner/.m2/repository/org/glassfish/jaxb/jaxb-core/4.0.5/jaxb-core-4.0.5.jar:/home/runner/.m2/repository/org/glassfish/jaxb/jaxb-jxc/4.0.5/jaxb-jxc-4.0.5.jar:/home/runner/.m2/repository/org/glassfish/jaxb/jaxb-runtime/4.0.5/jaxb-runtime-4.0.5.jar:/home/runner/.m2/repository/org/glassfish/jaxb/txw2/4.0.5/txw2-4.0.5.jar:/home/runner/.m2/repository/org/glassfish/jaxb/jaxb-xjc/4.0.5/jaxb-xjc-4.0.5.jar:/home/runner/.m2/repository/org/glassfish/jaxb/xsom/4.0.5/xsom-4.0.5.jar:/home/runner/.m2/repository/com/sun/istack/istack-commons-runtime/4.1.2/istack-commons-runtime-4.1.2.jar:/home/runner/.m2/repository/com/sun/istack/istack-commons-tools/4.1.2/istack-commons-tools-4.1.2.jar:/home/runner/.m2/repository/com/sun/xml/bind/external/relaxng-datatype/4.0.5/relaxng-datatype-4.0.5.jar:/home/runner/.m2/repository/com/sun/xml/bind/external/rngom/4.0.5/rngom-4.0.5.jar:/home/runner/.m2/repository/org/testcontainers/mssqlserver/1.20.6/mssqlserver-1.20.6.jar:/home/runner/.m2/repository/org/testcontainers/jdbc/1.20.6/jdbc-1.20.6.jar:/home/runner/.m2/repository/org/testcontainers/database-commons/1.20.6/database-commons-1.20.6.jar:/home/runner/.m2/repository/org/testcontainers/mysql/1.20.6/mysql-1.20.6.jar:/home/runner/.m2/repository/io/strimzi/strimzi-test-container/0.107.0/strimzi-test-container-0.107.0.jar:/home/runner/.m2/repository/org/testcontainers/toxiproxy/1.20.6/toxiproxy-1.20.6.jar:/home/runner/.m2/repository/com/github/docker-java/docker-java-api/3.4.1/docker-java-api-3.4.1.jar:/home/runner/.m2/repository/eu/rekawek/toxiproxy/toxiproxy-java/2.1.7/toxiproxy-java-2.1.7.jar:/home/runner/.m2/repository/junit/junit/4.13.2/junit-4.13.2.jar:/home/runner/.m2/repository/org/hamcrest/hamcrest-core/1.3/hamcrest-core-1.3.jar:/home/runner/.m2/repository/org/testcontainers/pulsar/1.20.4/pulsar-1.20.4.jar:/home/runner/.m2/repository/io/debezium/debezium-testing-testcontainers/2.6.2.Final/debezium-testing-testcontainers-2.6.2.Final.jar:/home/runner/.m2/repository/org/testcontainers/kafka/1.20.6/kafka-1.20.6.jar:/home/runner/.m2/repository/com/squareup/okhttp3/okhttp/4.8.1/okhttp-4.8.1.jar:/home/runner/.m2/repository/com/squareup/okio/okio/3.10.2/okio-3.10.2.jar:/home/runner/.m2/repository/com/squareup/okio/okio-jvm/3.10.2/okio-jvm-3.10.2.jar:/home/runner/.m2/repository/org/jetbrains/kotlin/kotlin-stdlib/2.0.21/kotlin-stdlib-2.0.21.jar:/home/runner/.m2/repository/org/awaitility/awaitility/4.2.2/awaitility-4.2.2.jar:/home/runner/.m2/repository/org/testcontainers/mongodb/1.20.6/mongodb-1.20.6.jar:/home/runner/.m2/repository/org/testcontainers/oracle-xe/1.20.6/oracle-xe-1.20.6.jar:/home/runner/.m2/repository/org/testcontainers/postgresql/1.20.6/postgresql-1.20.6.jar:/home/runner/.m2/repository/org/wiremock/wiremock/3.0.1/wiremock-3.0.1.jar:/home/runner/.m2/repository/org/eclipse/jetty/jetty-server/11.0.15/jetty-server-11.0.15.jar:/home/runner/.m2/repository/org/eclipse/jetty/toolchain/jetty-jakarta-servlet-api/5.0.2/jetty-jakarta-servlet-api-5.0.2.jar:/home/runner/.m2/repository/org/eclipse/jetty/jetty-http/11.0.15/jetty-http-11.0.15.jar:/home/runner/.m2/repository/org/eclipse/jetty/jetty-io/11.0.15/jetty-io-11.0.15.jar:/home/runner/.m2/repository/org/eclipse/jetty/jetty-servlet/11.0.15/jetty-servlet-11.0.15.jar:/home/runner/.m2/repository/org/eclipse/jetty/jetty-security/11.0.15/jetty-security-11.0.15.jar:/home/runner/.m2/repository/org/eclipse/jetty/jetty-servlets/11.0.15/jetty-servlets-11.0.15.jar:/home/runner/.m2/repository/org/eclipse/jetty/jetty-util/11.0.15/jetty-util-11.0.15.jar:/home/runner/.m2/repository/org/eclipse/jetty/jetty-webapp/11.0.15/jetty-webapp-11.0.15.jar:/home/runner/.m2/repository/org/eclipse/jetty/jetty-xml/11.0.15/jetty-xml-11.0.15.jar:/home/runner/.m2/repository/org/eclipse/jetty/jetty-proxy/11.0.15/jetty-proxy-11.0.15.jar:/home/runner/.m2/repository/org/eclipse/jetty/jetty-client/11.0.15/jetty-client-11.0.15.jar:/home/runner/.m2/repository/org/eclipse/jetty/http2/http2-server/11.0.15/http2-server-11.0.15.jar:/home/runner/.m2/repository/org/eclipse/jetty/http2/http2-common/11.0.15/http2-common-11.0.15.jar:/home/runner/.m2/repository/org/eclipse/jetty/http2/http2-hpack/11.0.15/http2-hpack-11.0.15.jar:/home/runner/.m2/repository/org/eclipse/jetty/jetty-alpn-server/11.0.15/jetty-alpn-server-11.0.15.jar:/home/runner/.m2/repository/org/eclipse/jetty/jetty-alpn-java-server/11.0.15/jetty-alpn-java-server-11.0.15.jar:/home/runner/.m2/repository/org/eclipse/jetty/jetty-alpn-java-client/11.0.15/jetty-alpn-java-client-11.0.15.jar:/home/runner/.m2/repository/org/eclipse/jetty/jetty-alpn-client/11.0.15/jetty-alpn-client-11.0.15.jar:/home/runner/.m2/repository/org/apache/httpcomponents/client5/httpclient5/5.2.1/httpclient5-5.2.1.jar:/home/runner/.m2/repository/org/apache/httpcomponents/core5/httpcore5/5.2/httpcore5-5.2.jar:/home/runner/.m2/repository/org/apache/httpcomponents/core5/httpcore5-h2/5.2/httpcore5-h2-5.2.jar:/home/runner/.m2/repository/org/xmlunit/xmlunit-core/2.9.1/xmlunit-core-2.9.1.jar:/home/runner/.m2/repository/jakarta/xml/bind/jakarta.xml.bind-api/4.0.2/jakarta.xml.bind-api-4.0.2.jar:/home/runner/.m2/repository/org/xmlunit/xmlunit-legacy/2.9.1/xmlunit-legacy-2.9.1.jar:/home/runner/.m2/repository/org/xmlunit/xmlunit-placeholders/2.9.1/xmlunit-placeholders-2.9.1.jar:/home/runner/.m2/repository/net/javacrumbs/json-unit/json-unit-core/2.38.0/json-unit-core-2.38.0.jar:/home/runner/.m2/repository/com/jayway/jsonpath/json-path/2.8.0/json-path-2.8.0.jar:/home/runner/.m2/repository/net/minidev/json-smart/2.4.10/json-smart-2.4.10.jar:/home/runner/.m2/repository/net/minidev/accessors-smart/2.4.9/accessors-smart-2.4.9.jar:/home/runner/.m2/repository/org/ow2/asm/asm/9.7.1/asm-9.7.1.jar:/home/runner/.m2/repository/net/sf/jopt-simple/jopt-simple/5.0.4/jopt-simple-5.0.4.jar:/home/runner/.m2/repository/com/github/jknack/handlebars/4.3.1/handlebars-4.3.1.jar:/home/runner/.m2/repository/com/github/jknack/handlebars-helpers/4.3.1/handlebars-helpers-4.3.1.jar:/home/runner/.m2/repository/commons-fileupload/commons-fileupload/1.5/commons-fileupload-1.5.jar:/home/runner/.m2/repository/com/networknt/json-schema-validator/1.5.5/json-schema-validator-1.5.5.jar:/home/runner/.m2/repository/com/ethlo/time/itu/1.10.3/itu-1.10.3.jar:/home/runner/.m2/repository/io/quarkus/quarkus-smallrye-jwt-build/3.20.1/quarkus-smallrye-jwt-build-3.20.1.jar:/home/runner/.m2/repository/io/smallrye/smallrye-jwt-build/4.6.1/smallrye-jwt-build-4.6.1.jar:/home/runner/.m2/repository/org/eclipse/microprofile/jwt/microprofile-jwt-auth-api/2.1/microprofile-jwt-auth-api-2.1.jar:/home/runner/.m2/repository/org/bitbucket/b_c/jose4j/0.9.6/jose4j-0.9.6.jar:/home/runner/.m2/repository/io/smallrye/smallrye-jwt-common/4.6.1/smallrye-jwt-common-4.6.1.jar:/home/runner/.m2/repository/io/quarkus/quarkus-jsonp/3.20.1/quarkus-jsonp-3.20.1.jar:/home/runner/.m2/repository/io/quarkus/quarkus-arc/3.20.1/quarkus-arc-3.20.1.jar:/home/runner/.m2/repository/io/quarkus/arc/arc/3.20.1/arc-3.20.1.jar:/home/runner/.m2/repository/jakarta/transaction/jakarta.transaction-api/2.0.1/jakarta.transaction-api-2.0.1.jar:/home/runner/.m2/repository/io/smallrye/reactive/mutiny/2.8.0/mutiny-2.8.0.jar:/home/runner/.m2/repository/org/jctools/jctools-core/4.0.5/jctools-core-4.0.5.jar:/home/runner/.m2/repository/org/eclipse/microprofile/context-propagation/microprofile-context-propagation-api/1.3/microprofile-context-propagation-api-1.3.jar:/home/runner/.m2/repository/io/apicurio/apicurio-common-rest-client-common/0.1.18.Final/apicurio-common-rest-client-common-0.1.18.Final.jar:/home/runner/work/apicurio-testing/apicurio-testing/clusters/ci419/namespaces/mysql/tests/integration/apicurio-registry/utils/maven-plugin/target/apicurio-registry-maven-plugin-3.0.11-SNAPSHOT.jar:/home/runner/.m2/repository/com/fasterxml/jackson/core/jackson-databind/2.18.2/jackson-databind-2.18.2.jar:/home/runner/.m2/repository/org/apache/avro/avro/1.12.0/avro-1.12.0.jar:/home/runner/.m2/repository/com/google/protobuf/protobuf-java/4.31.1/protobuf-java-4.31.1.jar:/home/runner/.m2/repository/com/google/protobuf/protobuf-java-util/4.31.1/protobuf-java-util-4.31.1.jar:/home/runner/.m2/repository/com/google/code/findbugs/jsr305/3.0.2/jsr305-3.0.2.jar:/home/runner/.m2/repository/com/google/code/gson/gson/2.12.1/gson-2.12.1.jar:/home/runner/.m2/repository/com/google/errorprone/error_prone_annotations/2.36.0/error_prone_annotations-2.36.0.jar:/home/runner/.m2/repository/com/google/j2objc/j2objc-annotations/2.8/j2objc-annotations-2.8.jar:/home/runner/work/apicurio-testing/apicurio-testing/clusters/ci419/namespaces/mysql/tests/integration/apicurio-registry/schema-util/util-provider/target/apicurio-registry-schema-util-provider-3.0.11-SNAPSHOT.jar:/home/runner/work/apicurio-testing/apicurio-testing/clusters/ci419/namespaces/mysql/tests/integration/apicurio-registry/schema-util/common/target/apicurio-registry-schema-util-common-3.0.11-SNAPSHOT.jar:/home/runner/.m2/repository/com/fasterxml/jackson/module/jackson-module-parameter-names/2.18.2/jackson-module-parameter-names-2.18.2.jar:/home/runner/.m2/repository/com/fasterxml/jackson/datatype/jackson-datatype-json-org/2.18.2/jackson-datatype-json-org-2.18.2.jar:/home/runner/work/apicurio-testing/apicurio-testing/clusters/ci419/namespaces/mysql/tests/integration/apicurio-registry/schema-util/json/target/apicurio-registry-schema-util-json-3.0.11-SNAPSHOT.jar:/home/runner/.m2/repository/com/github/erosb/everit-json-schema/1.14.5/everit-json-schema-1.14.5.jar:/home/runner/.m2/repository/commons-validator/commons-validator/1.9.0/commons-validator-1.9.0.jar:/home/runner/.m2/repository/commons-digester/commons-digester/2.1/commons-digester-2.1.jar:/home/runner/.m2/repository/commons-collections/commons-collections/3.2.2/commons-collections-3.2.2.jar:/home/runner/.m2/repository/com/damnhandy/handy-uri-templates/2.1.8/handy-uri-templates-2.1.8.jar:/home/runner/.m2/repository/joda-time/joda-time/2.10.2/joda-time-2.10.2.jar:/home/runner/.m2/repository/com/github/erosb/json-sKema/0.20.0/json-sKema-0.20.0.jar:/home/runner/.m2/repository/io/vertx/vertx-json-schema/4.5.14/vertx-json-schema-4.5.14.jar:/home/runner/work/apicurio-testing/apicurio-testing/clusters/ci419/namespaces/mysql/tests/integration/apicurio-registry/schema-util/protobuf/target/apicurio-registry-schema-util-protobuf-3.0.11-SNAPSHOT.jar:/home/runner/work/apicurio-testing/apicurio-testing/clusters/ci419/namespaces/mysql/tests/integration/apicurio-registry/utils/protobuf-schema-utilities/target/apicurio-registry-protobuf-schema-utilities-3.0.11-SNAPSHOT.jar:/home/runner/.m2/repository/com/google/api/grpc/proto-google-common-protos/2.52.0/proto-google-common-protos-2.52.0.jar:/home/runner/.m2/repository/com/squareup/wire/wire-schema-jvm/5.3.3/wire-schema-jvm-5.3.3.jar:/home/runner/.m2/repository/com/palantir/javapoet/javapoet/0.6.0/javapoet-0.6.0.jar:/home/runner/.m2/repository/com/squareup/kotlinpoet-jvm/2.0.0/kotlinpoet-jvm-2.0.0.jar:/home/runner/.m2/repository/org/jetbrains/kotlin/kotlin-reflect/2.0.21/kotlin-reflect-2.0.21.jar:/home/runner/.m2/repository/com/squareup/wire/wire-runtime-jvm/5.3.3/wire-runtime-jvm-5.3.3.jar:/home/runner/.m2/repository/com/ibm/icu/icu4j/76.1/icu4j-76.1.jar:/home/runner/.m2/repository/com/squareup/okio/okio-fakefilesystem/3.10.2/okio-fakefilesystem-3.10.2.jar:/home/runner/.m2/repository/com/squareup/okio/okio-fakefilesystem-jvm/3.10.2/okio-fakefilesystem-jvm-3.10.2.jar:/home/runner/.m2/repository/org/jetbrains/kotlinx/kotlinx-datetime-jvm/0.6.1/kotlinx-datetime-jvm-0.6.1.jar:/home/runner/work/apicurio-testing/apicurio-testing/clusters/ci419/namespaces/mysql/tests/integration/apicurio-registry/schema-util/asyncapi/target/apicurio-registry-schema-util-asyncapi-3.0.11-SNAPSHOT.jar:/home/runner/work/apicurio-testing/apicurio-testing/clusters/ci419/namespaces/mysql/tests/integration/apicurio-registry/schema-util/avro/target/apicurio-registry-schema-util-avro-3.0.11-SNAPSHOT.jar:/home/runner/work/apicurio-testing/apicurio-testing/clusters/ci419/namespaces/mysql/tests/integration/apicurio-registry/schema-util/graphql/target/apicurio-registry-schema-util-graphql-3.0.11-SNAPSHOT.jar:/home/runner/.m2/repository/com/graphql-java/graphql-java/22.3/graphql-java-22.3.jar:/home/runner/.m2/repository/com/graphql-java/java-dataloader/3.3.0/java-dataloader-3.3.0.jar:/home/runner/work/apicurio-testing/apicurio-testing/clusters/ci419/namespaces/mysql/tests/integration/apicurio-registry/schema-util/kconnect/target/apicurio-registry-schema-util-kconnect-3.0.11-SNAPSHOT.jar:/home/runner/work/apicurio-testing/apicurio-testing/clusters/ci419/namespaces/mysql/tests/integration/apicurio-registry/schema-util/openapi/target/apicurio-registry-schema-util-openapi-3.0.11-SNAPSHOT.jar:/home/runner/.m2/repository/io/apicurio/apicurio-data-models/2.2.1/apicurio-data-models-2.2.1.jar:/home/runner/.m2/repository/org/openapitools/openapidiff/openapi-diff-core/2.1.2/openapi-diff-core-2.1.2.jar:/home/runner/.m2/repository/io/swagger/parser/v3/swagger-parser/2.1.28/swagger-parser-2.1.28.jar:/home/runner/.m2/repository/io/swagger/parser/v3/swagger-parser-v2-converter/2.1.28/swagger-parser-v2-converter-2.1.28.jar:/home/runner/.m2/repository/io/swagger/swagger-core/1.6.16/swagger-core-1.6.16.jar:/home/runner/.m2/repository/io/swagger/swagger-models/1.6.16/swagger-models-1.6.16.jar:/home/runner/.m2/repository/io/swagger/swagger-annotations/1.6.16/swagger-annotations-1.6.16.jar:/home/runner/.m2/repository/io/swagger/swagger-parser/1.0.75/swagger-parser-1.0.75.jar:/home/runner/.m2/repository/io/swagger/swagger-parser-safe-url-resolver/1.0.75/swagger-parser-safe-url-resolver-1.0.75.jar:/home/runner/.m2/repository/io/swagger/swagger-compat-spec-parser/1.0.75/swagger-compat-spec-parser-1.0.75.jar:/home/runner/.m2/repository/com/github/java-json-tools/json-schema-validator/2.2.14/json-schema-validator-2.2.14.jar:/home/runner/.m2/repository/com/github/java-json-tools/jackson-coreutils-equivalence/1.0/jackson-coreutils-equivalence-1.0.jar:/home/runner/.m2/repository/com/github/java-json-tools/json-schema-core/1.2.14/json-schema-core-1.2.14.jar:/home/runner/.m2/repository/com/github/java-json-tools/uri-template/0.10/uri-template-0.10.jar:/home/runner/.m2/repository/com/googlecode/libphonenumber/libphonenumber/8.11.1/libphonenumber-8.11.1.jar:/home/runner/.m2/repository/com/j2html/j2html/1.6.0/j2html-1.6.0.jar:/home/runner/.m2/repository/org/apache/commons/commons-collections4/4.5.0/commons-collections4-4.5.0.jar:/home/runner/.m2/repository/org/apache/commons/commons-configuration2/2.12.0/commons-configuration2-2.12.0.jar:/home/runner/.m2/repository/org/apache/commons/commons-text/1.13.0/commons-text-1.13.0.jar:/home/runner/.m2/repository/org/slf4j/jcl-over-slf4j/2.0.17/jcl-over-slf4j-2.0.17.jar:/home/runner/.m2/repository/io/swagger/parser/v3/swagger-parser-v3/2.1.30/swagger-parser-v3-2.1.30.jar:/home/runner/.m2/repository/io/swagger/core/v3/swagger-models/2.2.34/swagger-models-2.2.34.jar:/home/runner/.m2/repository/io/swagger/core/v3/swagger-core/2.2.34/swagger-core-2.2.34.jar:/home/runner/.m2/repository/io/swagger/parser/v3/swagger-parser-core/2.1.30/swagger-parser-core-2.1.30.jar:/home/runner/.m2/repository/io/swagger/parser/v3/swagger-parser-safe-url-resolver/2.1.30/swagger-parser-safe-url-resolver-2.1.30.jar:/home/runner/work/apicurio-testing/apicurio-testing/clusters/ci419/namespaces/mysql/tests/integration/apicurio-registry/schema-util/wsdl/target/apicurio-registry-schema-util-wsdl-3.0.11-SNAPSHOT.jar:/home/runner/.m2/repository/wsdl4j/wsdl4j/1.6.3/wsdl4j-1.6.3.jar:/home/runner/work/apicurio-testing/apicurio-testing/clusters/ci419/namespaces/mysql/tests/integration/apicurio-registry/schema-util/xml/target/apicurio-registry-schema-util-xml-3.0.11-SNAPSHOT.jar:/home/runner/.m2/repository/org/apache/santuario/xmlsec/4.0.3/xmlsec-4.0.3.jar:/home/runner/.m2/repository/com/fasterxml/woodstox/woodstox-core/7.1.0/woodstox-core-7.1.0.jar:/home/runner/.m2/repository/org/codehaus/woodstox/stax2-api/4.2.2/stax2-api-4.2.2.jar:/home/runner/work/apicurio-testing/apicurio-testing/clusters/ci419/namespaces/mysql/tests/integration/apicurio-registry/schema-util/xsd/target/apicurio-registry-schema-util-xsd-3.0.11-SNAPSHOT.jar:/home/runner/work/apicurio-testing/apicurio-testing/clusters/ci419/namespaces/mysql/tests/integration/apicurio-registry/serdes/kafka/jsonschema-serde/target/apicurio-registry-jsonschema-serde-kafka-3.0.11-SNAPSHOT.jar:/home/runner/work/apicurio-testing/apicurio-testing/clusters/ci419/namespaces/mysql/tests/integration/apicurio-registry/serdes/kafka/serde-kafka-common/target/apicurio-registry-serde-kafka-common-3.0.11-SNAPSHOT.jar:/home/runner/work/apicurio-testing/apicurio-testing/clusters/ci419/namespaces/mysql/tests/integration/apicurio-registry/serdes/generic/serde-common/target/apicurio-registry-serde-common-3.0.11-SNAPSHOT.jar:/home/runner/work/apicurio-testing/apicurio-testing/clusters/ci419/namespaces/mysql/tests/integration/apicurio-registry/serdes/generic/serde-common-jsonschema/target/apicurio-registry-serde-common-jsonschema-3.0.11-SNAPSHOT.jar:/home/runner/.m2/repository/org/json/json/20250107/json-20250107.jar:/home/runner/work/apicurio-testing/apicurio-testing/clusters/ci419/namespaces/mysql/tests/integration/apicurio-registry/serdes/kafka/avro-serde/target/apicurio-registry-avro-serde-kafka-3.0.11-SNAPSHOT.jar:/home/runner/work/apicurio-testing/apicurio-testing/clusters/ci419/namespaces/mysql/tests/integration/apicurio-registry/serdes/generic/serde-common-avro/target/apicurio-registry-serde-common-avro-3.0.11-SNAPSHOT.jar:/home/runner/work/apicurio-testing/apicurio-testing/clusters/ci419/namespaces/mysql/tests/integration/apicurio-registry/serdes/kafka/protobuf-serde/target/apicurio-registry-protobuf-serde-kafka-3.0.11-SNAPSHOT.jar:/home/runner/work/apicurio-testing/apicurio-testing/clusters/ci419/namespaces/mysql/tests/integration/apicurio-registry/serdes/generic/serde-common-protobuf/target/apicurio-registry-serde-common-protobuf-3.0.11-SNAPSHOT.jar:/home/runner/.m2/repository/com/squareup/wire/wire-schema/5.3.3/wire-schema-5.3.3.jar:/home/runner/.m2/repository/com/squareup/wire/wire-runtime/5.3.3/wire-runtime-5.3.3.jar:/home/runner/work/apicurio-testing/apicurio-testing/clusters/ci419/namespaces/mysql/tests/integration/apicurio-registry/serdes/pulsar/avro-serde/target/apicurio-registry-avro-serde-pulsar-3.0.11-SNAPSHOT.jar:/home/runner/.m2/repository/org/apache/pulsar/pulsar-functions-api/3.3.4/pulsar-functions-api-3.3.4.jar:/home/runner/work/apicurio-testing/apicurio-testing/clusters/ci419/namespaces/mysql/tests/integration/apicurio-registry/serdes/nats/avro-serde/target/apicurio-registry-avro-serde-nats-3.0.11-SNAPSHOT.jar:/home/runner/.m2/repository/io/nats/jnats/2.20.5/jnats-2.20.5.jar:/home/runner/.m2/repository/net/i2p/crypto/eddsa/0.3.0/eddsa-0.3.0.jar:/home/runner/work/apicurio-testing/apicurio-testing/clusters/ci419/namespaces/mysql/tests/integration/apicurio-registry/utils/converter/target/apicurio-registry-utils-converter-3.0.11-SNAPSHOT.jar:/home/runner/work/apicurio-testing/apicurio-testing/clusters/ci419/namespaces/mysql/tests/integration/apicurio-registry/schema-resolver/target/apicurio-registry-schema-resolver-3.0.11-SNAPSHOT.jar:/home/runner/.m2/repository/org/apache/kafka/connect-api/3.9.1/connect-api-3.9.1.jar:/home/runner/.m2/repository/javax/ws/rs/javax.ws.rs-api/2.1.1/javax.ws.rs-api-2.1.1.jar:/home/runner/.m2/repository/org/apache/kafka/connect-json/3.9.1/connect-json-3.9.1.jar:/home/runner/.m2/repository/com/fasterxml/jackson/datatype/jackson-datatype-jdk8/2.18.2/jackson-datatype-jdk8-2.18.2.jar:/home/runner/.m2/repository/com/fasterxml/jackson/module/jackson-module-afterburner/2.18.2/jackson-module-afterburner-2.18.2.jar:/home/runner/work/apicurio-testing/apicurio-testing/clusters/ci419/namespaces/mysql/tests/integration/apicurio-registry/utils/kafka/target/apicurio-registry-utils-kafka-3.0.11-SNAPSHOT.jar:/home/runner/.m2/repository/org/apache/pulsar/pulsar-client/3.3.4/pulsar-client-3.3.4.jar:/home/runner/.m2/repository/org/apache/pulsar/pulsar-client-api/3.3.4/pulsar-client-api-3.3.4.jar:/home/runner/.m2/repository/org/apache/pulsar/pulsar-client-admin-api/3.3.4/pulsar-client-admin-api-3.3.4.jar:/home/runner/.m2/repository/org/apache/pulsar/bouncy-castle-bc/3.3.4/bouncy-castle-bc-3.3.4-pkg.jar:/home/runner/.m2/repository/org/bouncycastle/bcpkix-jdk18on/1.80/bcpkix-jdk18on-1.80.jar:/home/runner/.m2/repository/org/bouncycastle/bcutil-jdk18on/1.80/bcutil-jdk18on-1.80.jar:/home/runner/.m2/repository/org/bouncycastle/bcprov-jdk18on/1.80/bcprov-jdk18on-1.80.jar:/home/runner/.m2/repository/io/opentelemetry/opentelemetry-api/1.44.1/opentelemetry-api-1.44.1.jar:/home/runner/.m2/repository/io/opentelemetry/opentelemetry-context/1.44.1/opentelemetry-context-1.44.1.jar:/home/runner/.m2/repository/io/opentelemetry/opentelemetry-api-incubator/1.44.1-alpha/opentelemetry-api-incubator-1.44.1-alpha.jar:/home/runner/.m2/repository/com/fasterxml/jackson/core/jackson-annotations/2.18.2/jackson-annotations-2.18.2.jar:/home/runner/.m2/repository/javax/validation/validation-api/1.1.0.Final/validation-api-1.1.0.Final.jar:/home/runner/.m2/repository/io/confluent/kafka-avro-serializer/8.0.0/kafka-avro-serializer-8.0.0.jar:/home/runner/.m2/repository/org/apache/commons/commons-compress/1.27.1/commons-compress-1.27.1.jar:/home/runner/.m2/repository/io/confluent/kafka-schema-serializer/8.0.0/kafka-schema-serializer-8.0.0.jar:/home/runner/.m2/repository/com/fasterxml/jackson/dataformat/jackson-dataformat-csv/2.18.2/jackson-dataformat-csv-2.18.2.jar:/home/runner/.m2/repository/io/confluent/kafka-schema-registry-client/8.0.0/kafka-schema-registry-client-8.0.0.jar:/home/runner/.m2/repository/org/yaml/snakeyaml/2.3/snakeyaml-2.3.jar:/home/runner/.m2/repository/io/swagger/core/v3/swagger-annotations/2.2.29/swagger-annotations-2.2.29.jar:/home/runner/.m2/repository/com/google/guava/guava/33.4.0-jre/guava-33.4.0-jre.jar:/home/runner/.m2/repository/com/google/guava/failureaccess/1.0.1/failureaccess-1.0.1.jar:/home/runner/.m2/repository/org/checkerframework/checker-qual/3.49.0/checker-qual-3.49.0.jar:/home/runner/.m2/repository/io/confluent/logredactor/1.0.13/logredactor-1.0.13.jar:/home/runner/.m2/repository/com/google/re2j/re2j/1.6/re2j-1.6.jar:/home/runner/.m2/repository/io/confluent/logredactor-metrics/1.0.13/logredactor-metrics-1.0.13.jar:/home/runner/.m2/repository/com/eclipsesource/minimal-json/minimal-json/0.9.5/minimal-json-0.9.5.jar:/home/runner/.m2/repository/io/confluent/common-utils/8.0.0/common-utils-8.0.0.jar:/home/runner/.m2/repository/io/confluent/kafka-connect-avro-converter/8.0.0/kafka-connect-avro-converter-8.0.0.jar:/home/runner/.m2/repository/io/confluent/kafka-connect-avro-data/8.0.0/kafka-connect-avro-data-8.0.0.jar:/home/runner/.m2/repository/io/confluent/kafka-schema-converter/8.0.0/kafka-schema-converter-8.0.0.jar:/home/runner/.m2/repository/io/rest-assured/rest-assured/5.5.1/rest-assured-5.5.1.jar:/home/runner/.m2/repository/org/apache/groovy/groovy/4.0.22/groovy-4.0.22.jar:/home/runner/.m2/repository/org/apache/groovy/groovy-xml/4.0.22/groovy-xml-4.0.22.jar:/home/runner/.m2/repository/org/apache/httpcomponents/httpclient/4.5.14/httpclient-4.5.14.jar:/home/runner/.m2/repository/org/apache/httpcomponents/httpcore/4.4.16/httpcore-4.4.16.jar:/home/runner/.m2/repository/org/apache/httpcomponents/httpmime/4.5.14/httpmime-4.5.14.jar:/home/runner/.m2/repository/org/hamcrest/hamcrest/2.2/hamcrest-2.2.jar:/home/runner/.m2/repository/org/ccil/cowan/tagsoup/tagsoup/1.2.1/tagsoup-1.2.1.jar:/home/runner/.m2/repository/io/rest-assured/json-path/5.5.1/json-path-5.5.1.jar:/home/runner/.m2/repository/org/apache/groovy/groovy-json/4.0.22/groovy-json-4.0.22.jar:/home/runner/.m2/repository/io/rest-assured/rest-assured-common/5.5.1/rest-assured-common-5.5.1.jar:/home/runner/.m2/repository/io/rest-assured/xml-path/5.5.1/xml-path-5.5.1.jar:/home/runner/.m2/repository/io/zonky/test/embedded-postgres/2.1.0/embedded-postgres-2.1.0.jar:/home/runner/.m2/repository/io/zonky/test/postgres/embedded-postgres-binaries-windows-amd64/14.15.0/embedded-postgres-binaries-windows-amd64-14.15.0.jar:/home/runner/.m2/repository/io/zonky/test/postgres/embedded-postgres-binaries-darwin-amd64/14.15.0/embedded-postgres-binaries-darwin-amd64-14.15.0.jar:/home/runner/.m2/repository/io/zonky/test/postgres/embedded-postgres-binaries-linux-amd64/14.15.0/embedded-postgres-binaries-linux-amd64-14.15.0.jar:/home/runner/.m2/repository/io/zonky/test/postgres/embedded-postgres-binaries-linux-amd64-alpine/14.15.0/embedded-postgres-binaries-linux-amd64-alpine-14.15.0.jar:/home/runner/.m2/repository/org/apache/commons/commons-lang3/3.17.0/commons-lang3-3.17.0.jar:/home/runner/.m2/repository/org/tukaani/xz/1.10/xz-1.10.jar:/home/runner/.m2/repository/commons-codec/commons-codec/1.18.0/commons-codec-1.18.0.jar:/home/runner/.m2/repository/org/postgresql/postgresql/42.7.5/postgresql-42.7.5.jar:/home/runner/.m2/repository/commons-io/commons-io/2.18.0/commons-io-2.18.0.jar:/home/runner/work/apicurio-testing/apicurio-testing/clusters/ci419/namespaces/mysql/tests/integration/apicurio-registry/utils/importexport/target/apicurio-registry-utils-import-export-3.0.11-SNAPSHOT.jar:/home/runner/.m2/repository/io/vertx/vertx-core/4.5.14/vertx-core-4.5.14.jar:/home/runner/.m2/repository/io/netty/netty-common/4.1.119.Final/netty-common-4.1.119.Final.jar:/home/runner/.m2/repository/io/netty/netty-buffer/4.1.119.Final/netty-buffer-4.1.119.Final.jar:/home/runner/.m2/repository/io/netty/netty-transport/4.1.119.Final/netty-transport-4.1.119.Final.jar:/home/runner/.m2/repository/io/netty/netty-handler/4.1.119.Final/netty-handler-4.1.119.Final.jar:/home/runner/.m2/repository/io/netty/netty-transport-native-unix-common/4.1.119.Final/netty-transport-native-unix-common-4.1.119.Final.jar:/home/runner/.m2/repository/io/netty/netty-codec/4.1.119.Final/netty-codec-4.1.119.Final.jar:/home/runner/.m2/repository/io/netty/netty-handler-proxy/4.1.119.Final/netty-handler-proxy-4.1.119.Final.jar:/home/runner/.m2/repository/io/netty/netty-codec-socks/4.1.119.Final/netty-codec-socks-4.1.119.Final.jar:/home/runner/.m2/repository/io/netty/netty-codec-http/4.1.119.Final/netty-codec-http-4.1.119.Final.jar:/home/runner/.m2/repository/io/netty/netty-codec-http2/4.1.119.Final/netty-codec-http2-4.1.119.Final.jar:/home/runner/.m2/repository/io/netty/netty-resolver/4.1.119.Final/netty-resolver-4.1.119.Final.jar:/home/runner/.m2/repository/io/netty/netty-resolver-dns/4.1.119.Final/netty-resolver-dns-4.1.119.Final.jar:/home/runner/.m2/repository/io/netty/netty-codec-dns/4.1.119.Final/netty-codec-dns-4.1.119.Final.jar:/home/runner/.m2/repository/com/fasterxml/jackson/core/jackson-core/2.18.2/jackson-core-2.18.2.jar:"/>
    <property name="sun.cpu.endian" value="little"/>
    <property name="user.home" value="/home/runner"/>
    <property name="user.language" value="en"/>
    <property name="jboss.log-version" value="false"/>
    <property name="java.specification.vendor" value="Oracle Corporation"/>
    <property name="java.version.date" value="2025-07-15"/>
    <property name="java.home" value="/usr/lib/jvm/temurin-17-jdk-amd64"/>
    <property name="file.separator" value="/"/>
    <property name="basedir" value="/home/runner/work/apicurio-testing/apicurio-testing/clusters/ci419/namespaces/mysql/tests/integration/apicurio-registry/integration-tests"/>
    <property name="java.vm.compressedOopsMode" value="32-bit"/>
    <property name="line.separator" value="&#10;"/>
    <property name="java.specification.name" value="Java Platform API Specification"/>
    <property name="java.vm.specification.vendor" value="Oracle Corporation"/>
    <property name="quarkus.http.test-host" value="registry-app-mysql.apps.ci419.apicurio-testing.org"/>
    <property name="surefire.real.class.path" value="/home/runner/work/apicurio-testing/apicurio-testing/clusters/ci419/namespaces/mysql/tests/integration/apicurio-registry/integration-tests/target/surefire/surefirebooter-20250731181456929_3.jar"/>
    <property name="sun.management.compiler" value="HotSpot 64-Bit Tiered Compilers"/>
    <property name="org.eclipse.jetty.http.HttpGenerator.STRICT" value="true"/>
    <property name="java.runtime.version" value="17.0.16+8"/>
    <property name="user.name" value="runner"/>
    <property name="path.separator" value=":"/>
    <property name="os.version" value="6.8.0-1031-azure"/>
    <property name="java.runtime.name" value="OpenJDK Runtime Environment"/>
    <property name="file.encoding" value="UTF-8"/>
    <property name="jnidispatch.path" value="/home/runner/.cache/JNA/temp/jna11431017607810237299.tmp"/>
    <property name="java.vm.name" value="OpenJDK 64-Bit Server VM"/>
    <property name="jna.platform.library.path" value="/usr/lib/x86_64-linux-gnu:/lib/x86_64-linux-gnu:/usr/lib64:/lib64:/usr/lib:/lib:/lib32:/usr/local/lib:/usr/lib/x86_64-linux-gnu/libfakeroot"/>
    <property name="java.vendor.version" value="Temurin-17.0.16+8"/>
    <property name="quarkus.oidc.token-path" value="https://keycloak-mysql.apps.ci419.apicurio-testing.org/realms/registry/protocol/openid-connect/token"/>
    <property name="quarkus.http.host" value="registry-app-mysql.apps.ci419.apicurio-testing.org"/>
    <property name="localRepository" value="/home/runner/.m2/repository"/>
    <property name="javax.xml.xpath.XPathFactory:http://java.sun.com/jaxp/xpath/dom" value="com.sun.org.apache.xpath.internal.jaxp.XPathFactoryImpl"/>
    <property name="jna.loaded" value="true"/>
    <property name="java.vendor.url.bug" value="https://github.com/adoptium/adoptium-support/issues"/>
    <property name="jetty.git.hash" value="5bc5e562c8d05c5862505aebe5cf83a61bdbcb96"/>
    <property name="java.io.tmpdir" value="/tmp"/>
    <property name="quarkus.http.test-protocol" value="http"/>
    <property name="java.version" value="17.0.16"/>
    <property name="user.dir" value="/home/runner/work/apicurio-testing/apicurio-testing/clusters/ci419/namespaces/mysql/tests/integration/apicurio-registry/integration-tests"/>
    <property name="os.arch" value="amd64"/>
    <property name="groups" value="( smoke | serdes | acceptance | ui)"/>
    <property name="java.vm.specification.name" value="Java Virtual Machine Specification"/>
    <property name="native.encoding" value="UTF-8"/>
    <property name="java.util.logging.manager" value="org.jboss.logmanager.LogManager"/>
    <property name="java.library.path" value="/usr/java/packages/lib:/usr/lib64:/lib64:/lib:/usr/lib"/>
    <property name="jdk.console" value="java.base"/>
    <property name="java.vm.info" value="mixed mode, sharing"/>
    <property name="java.vendor" value="Eclipse Adoptium"/>
    <property name="java.vm.version" value="17.0.16+8"/>
    <property name="java.specification.maintenance.version" value="1"/>
    <property name="sun.io.unicode.encoding" value="UnicodeLittle"/>
    <property name="javax.xml.transform.TransformerFactory" value="com.sun.org.apache.xalan.internal.xsltc.trax.TransformerFactoryImpl"/>
    <property name="java.class.version" value="61.0"/>
  </properties>
  <testcase name="testGlobalIdInHeaders" classname="io.apicurio.tests.serdes.apicurio.AvroSerdeIT" time="3.508">
    <system-out><![CDATA[**** Registry Base URL: http://registry-app-mysql.apps.ci419.apicurio-testing.org:80
**** Registry Base URL: http://registry-app-mysql.apps.ci419.apicurio-testing.org:80
2025-07-31 18:15:09,266 INFO  [io.api.tes.ser.api.AvroSerdeIT] (main) RestAssured configured with http://registry-app-mysql.apps.ci419.apicurio-testing.org:80/apis/registry/v3
2025-07-31 18:15:09,266 INFO  [io.api.tes.uti.KafkaFacade] (main) Starting kafka container
2025-07-31 18:15:09,325 INFO  [org.tes.ima.PullPolicy] (main) Image pull policy will be performed by: DefaultPullPolicy()
2025-07-31 18:15:09,327 INFO  [org.tes.uti.ImageNameSubstitutor] (main) Image name substitution will be performed by: DefaultImageNameSubstitutor (composite of 'ConfigurationFileImageNameSubstitutor' and 'PrefixingImageNameSubstitutor')
2025-07-31 18:15:09,337 INFO  [org.tes.DockerClientFactory] (main) Testcontainers version: 1.20.6
2025-07-31 18:15:09,893 INFO  [org.tes.doc.DockerClientProviderStrategy] (main) Found Docker environment with local Unix socket (unix:///var/run/docker.sock)
2025-07-31 18:15:09,902 INFO  [org.tes.DockerClientFactory] (main) Docker host IP address is localhost
2025-07-31 18:15:09,916 INFO  [org.tes.DockerClientFactory] (main) Connected to docker: 
  Server Version: 28.0.4
  API Version: 1.48
  Operating System: Ubuntu 22.04.5 LTS
  Total Memory: 7944 MB
2025-07-31 18:15:09,958 INFO  [tc.tes.11.0] (main) Pulling docker image: testcontainers/ryuk:0.11.0. Please be patient; this may take some time but only needs to be done once.
2025-07-31 18:15:10,263 INFO  [tc.tes.11.0] (docker-java-stream--1295187651) Starting to pull image
2025-07-31 18:15:10,284 INFO  [tc.tes.11.0] (docker-java-stream--1295187651) Pulling image layers:  0 pending,  0 downloaded,  0 extracted, (0 bytes/0 bytes)
2025-07-31 18:15:10,456 INFO  [tc.tes.11.0] (docker-java-stream--1295187651) Pulling image layers:  2 pending,  1 downloaded,  0 extracted, (114 KB/? MB)
2025-07-31 18:15:10,503 INFO  [tc.tes.11.0] (docker-java-stream--1295187651) Pulling image layers:  1 pending,  2 downloaded,  0 extracted, (114 KB/? MB)
2025-07-31 18:15:10,512 INFO  [tc.tes.11.0] (docker-java-stream--1295187651) Pulling image layers:  0 pending,  3 downloaded,  0 extracted, (114 KB/10 MB)
2025-07-31 18:15:10,630 INFO  [tc.tes.11.0] (docker-java-stream--1295187651) Pulling image layers:  0 pending,  3 downloaded,  1 extracted, (3 MB/10 MB)
2025-07-31 18:15:11,625 INFO  [tc.tes.11.0] (docker-java-stream--1295187651) Pulling image layers:  0 pending,  3 downloaded,  2 extracted, (4 MB/10 MB)
2025-07-31 18:15:11,669 INFO  [tc.tes.11.0] (docker-java-stream--1295187651) Pulling image layers:  0 pending,  3 downloaded,  3 extracted, (10 MB/10 MB)
2025-07-31 18:15:11,676 INFO  [tc.tes.11.0] (docker-java-stream--1295187651) Pull complete. 3 layers, pulled in 1s (downloaded 10 MB at 10 MB/s)
2025-07-31 18:15:11,676 INFO  [tc.tes.11.0] (main) Image testcontainers/ryuk:0.11.0 pull took PT1.717312685S
2025-07-31 18:15:11,697 INFO  [tc.tes.11.0] (main) Creating container for image: testcontainers/ryuk:0.11.0
2025-07-31 18:15:11,789 INFO  [tc.tes.11.0] (main) Container testcontainers/ryuk:0.11.0 is starting: 41b39cb51c45bfa7f7070cc5c25e6d8fc39ba683bd21a2d878d76e63258120ab
2025-07-31 18:15:12,134 INFO  [tc.tes.11.0] (main) Container testcontainers/ryuk:0.11.0 started in PT0.437492768S
2025-07-31 18:15:12,140 INFO  [org.tes.uti.RyukResourceReaper] (main) Ryuk started - will monitor and terminate Testcontainers containers on JVM exit
2025-07-31 18:15:12,140 INFO  [org.tes.DockerClientFactory] (main) Checking the system...
2025-07-31 18:15:12,141 INFO  [org.tes.DockerClientFactory] (main) ✔︎ Docker server version should be at least 1.6.0
2025-07-31 18:15:12,144 INFO  [io.str.tes.con.KafkaVersionService] (main) Latest release of Kafka is:LogicalKafkaVersionEntity{version='3.7.1', image='quay.io/strimzi-test-container/test-container:0.107.0-kafka-3.7.1'}
2025-07-31 18:15:12,145 INFO  [io.str.tes.con.KafkaVersionService] (main) Latest release of Kafka is:LogicalKafkaVersionEntity{version='3.7.1', image='quay.io/strimzi-test-container/test-container:0.107.0-kafka-3.7.1'}
2025-07-31 18:15:12,145 INFO  [io.str.tes.con.KafkaVersionService] (main) No Kafka version specified. Using latest release: quay.io/strimzi-test-container/test-container:0.107.0-kafka-3.7.1
2025-07-31 18:15:12,148 INFO  [tc.qua.io/.107.0-k.7.1] (main) Pulling docker image: quay.io/strimzi-test-container/test-container:0.107.0-kafka-3.7.1. Please be patient; this may take some time but only needs to be done once.
2025-07-31 18:15:12,708 INFO  [tc.qua.io/.107.0-k.7.1] (docker-java-stream--720530420) Starting to pull image
2025-07-31 18:15:12,709 INFO  [tc.qua.io/.107.0-k.7.1] (docker-java-stream--720530420) Pulling image layers:  0 pending,  0 downloaded,  0 extracted, (0 bytes/0 bytes)
2025-07-31 18:15:13,123 INFO  [tc.qua.io/.107.0-k.7.1] (docker-java-stream--720530420) Pulling image layers:  4 pending,  1 downloaded,  0 extracted, (997 bytes/? MB)
2025-07-31 18:15:13,282 INFO  [tc.qua.io/.107.0-k.7.1] (docker-java-stream--720530420) Pulling image layers:  3 pending,  2 downloaded,  0 extracted, (29 MB/? MB)
2025-07-31 18:15:13,355 INFO  [tc.qua.io/.107.0-k.7.1] (docker-java-stream--720530420) Pulling image layers:  2 pending,  3 downloaded,  0 extracted, (29 MB/? MB)
2025-07-31 18:15:14,343 INFO  [tc.qua.io/.107.0-k.7.1] (docker-java-stream--720530420) Pulling image layers:  2 pending,  3 downloaded,  1 extracted, (139 MB/? MB)
2025-07-31 18:15:14,726 INFO  [tc.qua.io/.107.0-k.7.1] (docker-java-stream--720530420) Pulling image layers:  1 pending,  4 downloaded,  1 extracted, (181 MB/? MB)
2025-07-31 18:15:15,785 INFO  [tc.qua.io/.107.0-k.7.1] (docker-java-stream--720530420) Pulling image layers:  0 pending,  5 downloaded,  1 extracted, (225 MB/231 MB)
2025-07-31 18:15:17,587 INFO  [tc.qua.io/.107.0-k.7.1] (docker-java-stream--720530420) Pulling image layers:  0 pending,  5 downloaded,  2 extracted, (231 MB/231 MB)
2025-07-31 18:15:19,216 INFO  [tc.qua.io/.107.0-k.7.1] (docker-java-stream--720530420) Pulling image layers:  0 pending,  5 downloaded,  3 extracted, (231 MB/231 MB)
2025-07-31 18:15:20,221 INFO  [tc.qua.io/.107.0-k.7.1] (docker-java-stream--720530420) Pulling image layers:  0 pending,  5 downloaded,  4 extracted, (231 MB/231 MB)
2025-07-31 18:15:20,254 INFO  [tc.qua.io/.107.0-k.7.1] (docker-java-stream--720530420) Pulling image layers:  0 pending,  5 downloaded,  5 extracted, (231 MB/231 MB)
2025-07-31 18:15:20,263 INFO  [tc.qua.io/.107.0-k.7.1] (docker-java-stream--720530420) Pull complete. 5 layers, pulled in 7s (downloaded 231 MB at 33 MB/s)
2025-07-31 18:15:20,263 INFO  [tc.qua.io/.107.0-k.7.1] (main) Image quay.io/strimzi-test-container/test-container:0.107.0-kafka-3.7.1 pull took PT8.11462S
2025-07-31 18:15:20,266 INFO  [tc.qua.io/.107.0-k.7.1] (main) Creating container for image: quay.io/strimzi-test-container/test-container:0.107.0-kafka-3.7.1
2025-07-31 18:15:20,353 INFO  [tc.qua.io/.107.0-k.7.1] (main) Container quay.io/strimzi-test-container/test-container:0.107.0-kafka-3.7.1 is starting: 1af2e9a106c8a9513e05b4f736758419a4b36e57640bd8d953a33175bcf7a22e
2025-07-31 18:15:20,546 INFO  [io.str.tes.con.StrimziKafkaContainer] (main) Mapped port: 32770
2025-07-31 18:15:20,550 INFO  [io.str.tes.con.StrimziKafkaContainer] (main) This is all advertised listeners for Kafka PLAINTEXT://localhost:32770,BROKER1://172.18.0.2:9093
2025-07-31 18:15:20,551 INFO  [io.str.tes.con.StrimziKafkaContainer] (main) Using internal ZooKeeper 'zookeeper.connect=localhost:2181.'
2025-07-31 18:15:20,552 INFO  [io.str.tes.con.StrimziKafkaContainer] (main) Copying command to 'STARTER_SCRIPT' script.
2025-07-31 18:15:24,785 INFO  [tc.qua.io/.107.0-k.7.1] (main) Container quay.io/strimzi-test-container/test-container:0.107.0-kafka-3.7.1 started in PT4.518650302S
2025-07-31 18:15:24,790 INFO  [io.api.tes.uti.TestSeparator] (main) ############################################################################
2025-07-31 18:15:24,790 INFO  [io.api.tes.uti.TestSeparator] (main) io.apicurio.tests.serdes.apicurio.AvroSerdeIT.testGlobalIdInHeaders-STARTED
2025-07-31 18:15:24,813 INFO  [org.apa.kaf.cli.adm.AdminClientConfig] (main) AdminClientConfig values: 
	auto.include.jmx.reporter = true
	bootstrap.controllers = []
	bootstrap.servers = [PLAINTEXT://localhost:32770]
	client.dns.lookup = use_all_dns_ips
	client.id = 
	connections.max.idle.ms = 10000
	default.api.timeout.ms = 60000
	enable.metrics.push = true
	metadata.max.age.ms = 300000
	metadata.recovery.strategy = none
	metric.reporters = []
	metrics.num.samples = 2
	metrics.recording.level = INFO
	metrics.sample.window.ms = 30000
	receive.buffer.bytes = 65536
	reconnect.backoff.max.ms = 1000
	reconnect.backoff.ms = 50
	request.timeout.ms = 5000
	retries = 2147483647
	retry.backoff.max.ms = 1000
	retry.backoff.ms = 100
	sasl.client.callback.handler.class = null
	sasl.jaas.config = null
	sasl.kerberos.kinit.cmd = /usr/bin/kinit
	sasl.kerberos.min.time.before.relogin = 60000
	sasl.kerberos.service.name = null
	sasl.kerberos.ticket.renew.jitter = 0.05
	sasl.kerberos.ticket.renew.window.factor = 0.8
	sasl.login.callback.handler.class = null
	sasl.login.class = null
	sasl.login.connect.timeout.ms = null
	sasl.login.read.timeout.ms = null
	sasl.login.refresh.buffer.seconds = 300
	sasl.login.refresh.min.period.seconds = 60
	sasl.login.refresh.window.factor = 0.8
	sasl.login.refresh.window.jitter = 0.05
	sasl.login.retry.backoff.max.ms = 10000
	sasl.login.retry.backoff.ms = 100
	sasl.mechanism = GSSAPI
	sasl.oauthbearer.clock.skew.seconds = 30
	sasl.oauthbearer.expected.audience = null
	sasl.oauthbearer.expected.issuer = null
	sasl.oauthbearer.header.urlencode = false
	sasl.oauthbearer.jwks.endpoint.refresh.ms = 3600000
	sasl.oauthbearer.jwks.endpoint.retry.backoff.max.ms = 10000
	sasl.oauthbearer.jwks.endpoint.retry.backoff.ms = 100
	sasl.oauthbearer.jwks.endpoint.url = null
	sasl.oauthbearer.scope.claim.name = scope
	sasl.oauthbearer.sub.claim.name = sub
	sasl.oauthbearer.token.endpoint.url = null
	security.protocol = PLAINTEXT
	security.providers = null
	send.buffer.bytes = 131072
	socket.connection.setup.timeout.max.ms = 30000
	socket.connection.setup.timeout.ms = 10000
	ssl.cipher.suites = null
	ssl.enabled.protocols = [TLSv1.2, TLSv1.3]
	ssl.endpoint.identification.algorithm = https
	ssl.engine.factory.class = null
	ssl.key.password = null
	ssl.keymanager.algorithm = SunX509
	ssl.keystore.certificate.chain = null
	ssl.keystore.key = null
	ssl.keystore.location = null
	ssl.keystore.password = null
	ssl.keystore.type = JKS
	ssl.protocol = TLSv1.3
	ssl.provider = null
	ssl.secure.random.implementation = null
	ssl.trustmanager.algorithm = PKIX
	ssl.truststore.certificates = null
	ssl.truststore.location = null
	ssl.truststore.password = null
	ssl.truststore.type = JKS

2025-07-31 18:15:25,220 INFO  [org.apa.kaf.com.uti.AppInfoParser] (main) Kafka version: 3.9.1
2025-07-31 18:15:25,220 INFO  [org.apa.kaf.com.uti.AppInfoParser] (main) Kafka commitId: f745dfdcee2b9851
2025-07-31 18:15:25,220 INFO  [org.apa.kaf.com.uti.AppInfoParser] (main) Kafka startTimeMs: 1753985725217
**** Registry Base URL: http://registry-app-mysql.apps.ci419.apicurio-testing.org:80
2025-07-31 18:15:25,263 INFO  [org.apa.kaf.cli.pro.ProducerConfig] (main) ProducerConfig values: 
	acks = -1
	auto.include.jmx.reporter = true
	batch.size = 16384
	bootstrap.servers = [PLAINTEXT://localhost:32770]
	buffer.memory = 33554432
	client.dns.lookup = use_all_dns_ips
	client.id = Producer-topic-28ad5702_cda1_4fe7_a95a_300ee422f3b1
	compression.gzip.level = -1
	compression.lz4.level = 9
	compression.type = none
	compression.zstd.level = 3
	connections.max.idle.ms = 10000
	delivery.timeout.ms = 120000
	enable.idempotence = true
	enable.metrics.push = true
	interceptor.classes = []
	key.serializer = class org.apache.kafka.common.serialization.StringSerializer
	linger.ms = 0
	max.block.ms = 60000
	max.in.flight.requests.per.connection = 5
	max.request.size = 1048576
	metadata.max.age.ms = 300000
	metadata.max.idle.ms = 300000
	metadata.recovery.strategy = none
	metric.reporters = []
	metrics.num.samples = 2
	metrics.recording.level = INFO
	metrics.sample.window.ms = 30000
	partitioner.adaptive.partitioning.enable = true
	partitioner.availability.timeout.ms = 0
	partitioner.class = null
	partitioner.ignore.keys = false
	receive.buffer.bytes = 32768
	reconnect.backoff.max.ms = 1000
	reconnect.backoff.ms = 50
	request.timeout.ms = 5000
	retries = 2147483647
	retry.backoff.max.ms = 1000
	retry.backoff.ms = 100
	sasl.client.callback.handler.class = null
	sasl.jaas.config = null
	sasl.kerberos.kinit.cmd = /usr/bin/kinit
	sasl.kerberos.min.time.before.relogin = 60000
	sasl.kerberos.service.name = null
	sasl.kerberos.ticket.renew.jitter = 0.05
	sasl.kerberos.ticket.renew.window.factor = 0.8
	sasl.login.callback.handler.class = null
	sasl.login.class = null
	sasl.login.connect.timeout.ms = null
	sasl.login.read.timeout.ms = null
	sasl.login.refresh.buffer.seconds = 300
	sasl.login.refresh.min.period.seconds = 60
	sasl.login.refresh.window.factor = 0.8
	sasl.login.refresh.window.jitter = 0.05
	sasl.login.retry.backoff.max.ms = 10000
	sasl.login.retry.backoff.ms = 100
	sasl.mechanism = GSSAPI
	sasl.oauthbearer.clock.skew.seconds = 30
	sasl.oauthbearer.expected.audience = null
	sasl.oauthbearer.expected.issuer = null
	sasl.oauthbearer.header.urlencode = false
	sasl.oauthbearer.jwks.endpoint.refresh.ms = 3600000
	sasl.oauthbearer.jwks.endpoint.retry.backoff.max.ms = 10000
	sasl.oauthbearer.jwks.endpoint.retry.backoff.ms = 100
	sasl.oauthbearer.jwks.endpoint.url = null
	sasl.oauthbearer.scope.claim.name = scope
	sasl.oauthbearer.sub.claim.name = sub
	sasl.oauthbearer.token.endpoint.url = null
	security.protocol = PLAINTEXT
	security.providers = null
	send.buffer.bytes = 131072
	socket.connection.setup.timeout.max.ms = 30000
	socket.connection.setup.timeout.ms = 10000
	ssl.cipher.suites = null
	ssl.enabled.protocols = [TLSv1.2, TLSv1.3]
	ssl.endpoint.identification.algorithm = https
	ssl.engine.factory.class = null
	ssl.key.password = null
	ssl.keymanager.algorithm = SunX509
	ssl.keystore.certificate.chain = null
	ssl.keystore.key = null
	ssl.keystore.location = null
	ssl.keystore.password = null
	ssl.keystore.type = JKS
	ssl.protocol = TLSv1.3
	ssl.provider = null
	ssl.secure.random.implementation = null
	ssl.trustmanager.algorithm = PKIX
	ssl.truststore.certificates = null
	ssl.truststore.location = null
	ssl.truststore.password = null
	ssl.truststore.type = JKS
	transaction.timeout.ms = 60000
	transactional.id = null
	value.serializer = class io.apicurio.registry.serde.avro.AvroKafkaSerializer

2025-07-31 18:15:25,297 INFO  [org.apa.kaf.com.tel.int.KafkaMetricsCollector] (main) initializing Kafka metrics collector
2025-07-31 18:15:25,328 INFO  [org.apa.kaf.cli.pro.KafkaProducer] (main) [Producer clientId=Producer-topic-28ad5702_cda1_4fe7_a95a_300ee422f3b1] Instantiated an idempotent producer.
2025-07-31 18:15:25,370 INFO  [org.apa.kaf.cli.pro.ProducerConfig] (main) These configurations '[apicurio.registry.url, apicurio.registry.auto-register, apicurio.registry.use-id, apicurio.registry.artifact-resolver-strategy]' were supplied but are not used yet.
2025-07-31 18:15:25,371 INFO  [org.apa.kaf.com.uti.AppInfoParser] (main) Kafka version: 3.9.1
2025-07-31 18:15:25,371 INFO  [org.apa.kaf.com.uti.AppInfoParser] (main) Kafka commitId: f745dfdcee2b9851
2025-07-31 18:15:25,371 INFO  [org.apa.kaf.com.uti.AppInfoParser] (main) Kafka startTimeMs: 1753985725371
2025-07-31 18:15:25,374 INFO  [io.api.tes.ser.api.SimpleSerdesTesterBuilder$SimpleSerdesTester] (main) Using producer configuration: {apicurio.registry.url=http://registry-app-mysql.apps.ci419.apicurio-testing.org:80/apis/registry/v3, apicurio.registry.auto-register=true, apicurio.registry.use-id=globalId, apicurio.registry.artifact-resolver-strategy=io.apicurio.registry.serde.strategy.TopicIdStrategy, value.serializer=io.apicurio.registry.serde.avro.AvroKafkaSerializer, request.timeout.ms=5000, acks=all, bootstrap.servers=PLAINTEXT://localhost:32770, connections.max.idle.ms=10000, key.serializer=org.apache.kafka.common.serialization.StringSerializer, client.id=Producer-topic-28ad5702_cda1_4fe7_a95a_300ee422f3b1}
2025-07-31 18:15:25,374 INFO  [io.api.tes.ser.api.SimpleSerdesTesterBuilder$SimpleSerdesTester] (main) Using consumer configuration: {apicurio.registry.use-id=globalId}
2025-07-31 18:15:25,378 INFO  [io.api.tes.ser.api.KafkaSerdesTester] (Thread-594) Sending message {"key11753985725242": "value-0"} to topic topic-28ad5702_cda1_4fe7_a95a_300ee422f3b1
2025-07-31 18:15:25,757 WARN  [org.apa.kaf.cli.NetworkClient] (kafka-producer-network-thread | Producer-topic-28ad5702_cda1_4fe7_a95a_300ee422f3b1) [Producer clientId=Producer-topic-28ad5702_cda1_4fe7_a95a_300ee422f3b1] The metadata response from the cluster reported a recoverable issue with correlation id 2 : {topic-28ad5702_cda1_4fe7_a95a_300ee422f3b1=LEADER_NOT_AVAILABLE}
2025-07-31 18:15:25,760 INFO  [org.apa.kaf.cli.Metadata] (kafka-producer-network-thread | Producer-topic-28ad5702_cda1_4fe7_a95a_300ee422f3b1) [Producer clientId=Producer-topic-28ad5702_cda1_4fe7_a95a_300ee422f3b1] Cluster ID: l9YG0eo6TEyFi47Ppqwpmg
2025-07-31 18:15:26,007 WARN  [org.apa.kaf.cli.NetworkClient] (kafka-producer-network-thread | Producer-topic-28ad5702_cda1_4fe7_a95a_300ee422f3b1) [Producer clientId=Producer-topic-28ad5702_cda1_4fe7_a95a_300ee422f3b1] The metadata response from the cluster reported a recoverable issue with correlation id 8 : {topic-28ad5702_cda1_4fe7_a95a_300ee422f3b1=LEADER_NOT_AVAILABLE}
2025-07-31 18:15:26,015 INFO  [org.apa.kaf.cli.pro.int.TransactionManager] (kafka-producer-network-thread | Producer-topic-28ad5702_cda1_4fe7_a95a_300ee422f3b1) [Producer clientId=Producer-topic-28ad5702_cda1_4fe7_a95a_300ee422f3b1] ProducerId set to 0 with epoch 0
2025-07-31 18:15:26,394 INFO  [io.api.tes.ser.api.KafkaSerdesTester] (Thread-594) Sending message {"key11753985725242": "value-1"} to topic topic-28ad5702_cda1_4fe7_a95a_300ee422f3b1
2025-07-31 18:15:26,406 INFO  [io.api.tes.ser.api.KafkaSerdesTester] (Thread-594) Sending message {"key11753985725242": "value-2"} to topic topic-28ad5702_cda1_4fe7_a95a_300ee422f3b1
2025-07-31 18:15:26,418 INFO  [io.api.tes.ser.api.KafkaSerdesTester] (Thread-594) Sending message {"key11753985725242": "value-3"} to topic topic-28ad5702_cda1_4fe7_a95a_300ee422f3b1
2025-07-31 18:15:26,424 INFO  [io.api.tes.ser.api.KafkaSerdesTester] (Thread-594) Sending message {"key11753985725242": "value-4"} to topic topic-28ad5702_cda1_4fe7_a95a_300ee422f3b1
2025-07-31 18:15:26,430 INFO  [io.api.tes.ser.api.KafkaSerdesTester] (Thread-594) Sending message {"key11753985725242": "value-5"} to topic topic-28ad5702_cda1_4fe7_a95a_300ee422f3b1
2025-07-31 18:15:26,434 INFO  [io.api.tes.ser.api.KafkaSerdesTester] (Thread-594) Sending message {"key11753985725242": "value-6"} to topic topic-28ad5702_cda1_4fe7_a95a_300ee422f3b1
2025-07-31 18:15:26,440 INFO  [io.api.tes.ser.api.KafkaSerdesTester] (Thread-594) Sending message {"key11753985725242": "value-7"} to topic topic-28ad5702_cda1_4fe7_a95a_300ee422f3b1
2025-07-31 18:15:26,447 INFO  [io.api.tes.ser.api.KafkaSerdesTester] (Thread-594) Sending message {"key11753985725242": "value-8"} to topic topic-28ad5702_cda1_4fe7_a95a_300ee422f3b1
2025-07-31 18:15:26,451 INFO  [io.api.tes.ser.api.KafkaSerdesTester] (Thread-594) Sending message {"key11753985725242": "value-9"} to topic topic-28ad5702_cda1_4fe7_a95a_300ee422f3b1
2025-07-31 18:15:26,456 INFO  [io.api.tes.ser.api.KafkaSerdesTester] (Thread-594) Produced 10 messages
2025-07-31 18:15:26,458 INFO  [org.apa.kaf.cli.pro.KafkaProducer] (Thread-594) [Producer clientId=Producer-topic-28ad5702_cda1_4fe7_a95a_300ee422f3b1] Closing the Kafka producer with timeoutMillis = 9223372036854775807 ms.
2025-07-31 18:15:26,479 INFO  [org.apa.kaf.com.met.Metrics] (Thread-594) Metrics scheduler closed
2025-07-31 18:15:26,479 INFO  [org.apa.kaf.com.met.Metrics] (Thread-594) Closing reporter org.apache.kafka.common.metrics.JmxReporter
2025-07-31 18:15:26,479 INFO  [org.apa.kaf.com.met.Metrics] (Thread-594) Closing reporter org.apache.kafka.common.telemetry.internals.ClientTelemetryReporter
2025-07-31 18:15:26,479 INFO  [org.apa.kaf.com.met.Metrics] (Thread-594) Metrics reporters closed
2025-07-31 18:15:26,483 INFO  [org.apa.kaf.com.uti.AppInfoParser] (Thread-594) App info kafka.producer for Producer-topic-28ad5702_cda1_4fe7_a95a_300ee422f3b1 unregistered
**** Registry Base URL: http://registry-app-mysql.apps.ci419.apicurio-testing.org:80
2025-07-31 18:15:26,567 INFO  [org.apa.kaf.cli.con.ConsumerConfig] (main) ConsumerConfig values: 
	allow.auto.create.topics = true
	auto.commit.interval.ms = 500
	auto.include.jmx.reporter = true
	auto.offset.reset = earliest
	bootstrap.servers = [PLAINTEXT://localhost:32770]
	check.crcs = true
	client.dns.lookup = use_all_dns_ips
	client.id = consumer-Consumer-topic-28ad5702_cda1_4fe7_a95a_300ee422f3b1-1
	client.rack = 
	connections.max.idle.ms = 10000
	default.api.timeout.ms = 60000
	enable.auto.commit = true
	enable.metrics.push = true
	exclude.internal.topics = true
	fetch.max.bytes = 52428800
	fetch.max.wait.ms = 500
	fetch.min.bytes = 1
	group.id = Consumer-topic-28ad5702_cda1_4fe7_a95a_300ee422f3b1
	group.instance.id = null
	group.protocol = classic
	group.remote.assignor = null
	heartbeat.interval.ms = 3000
	interceptor.classes = []
	internal.leave.group.on.close = true
	internal.throw.on.fetch.stable.offset.unsupported = false
	isolation.level = read_uncommitted
	key.deserializer = class org.apache.kafka.common.serialization.StringDeserializer
	max.partition.fetch.bytes = 1048576
	max.poll.interval.ms = 300000
	max.poll.records = 500
	metadata.max.age.ms = 300000
	metadata.recovery.strategy = none
	metric.reporters = []
	metrics.num.samples = 2
	metrics.recording.level = INFO
	metrics.sample.window.ms = 30000
	partition.assignment.strategy = [class org.apache.kafka.clients.consumer.RangeAssignor, class org.apache.kafka.clients.consumer.CooperativeStickyAssignor]
	receive.buffer.bytes = 65536
	reconnect.backoff.max.ms = 1000
	reconnect.backoff.ms = 50
	request.timeout.ms = 5000
	retry.backoff.max.ms = 1000
	retry.backoff.ms = 100
	sasl.client.callback.handler.class = null
	sasl.jaas.config = null
	sasl.kerberos.kinit.cmd = /usr/bin/kinit
	sasl.kerberos.min.time.before.relogin = 60000
	sasl.kerberos.service.name = null
	sasl.kerberos.ticket.renew.jitter = 0.05
	sasl.kerberos.ticket.renew.window.factor = 0.8
	sasl.login.callback.handler.class = null
	sasl.login.class = null
	sasl.login.connect.timeout.ms = null
	sasl.login.read.timeout.ms = null
	sasl.login.refresh.buffer.seconds = 300
	sasl.login.refresh.min.period.seconds = 60
	sasl.login.refresh.window.factor = 0.8
	sasl.login.refresh.window.jitter = 0.05
	sasl.login.retry.backoff.max.ms = 10000
	sasl.login.retry.backoff.ms = 100
	sasl.mechanism = GSSAPI
	sasl.oauthbearer.clock.skew.seconds = 30
	sasl.oauthbearer.expected.audience = null
	sasl.oauthbearer.expected.issuer = null
	sasl.oauthbearer.header.urlencode = false
	sasl.oauthbearer.jwks.endpoint.refresh.ms = 3600000
	sasl.oauthbearer.jwks.endpoint.retry.backoff.max.ms = 10000
	sasl.oauthbearer.jwks.endpoint.retry.backoff.ms = 100
	sasl.oauthbearer.jwks.endpoint.url = null
	sasl.oauthbearer.scope.claim.name = scope
	sasl.oauthbearer.sub.claim.name = sub
	sasl.oauthbearer.token.endpoint.url = null
	security.protocol = PLAINTEXT
	security.providers = null
	send.buffer.bytes = 131072
	session.timeout.ms = 45000
	socket.connection.setup.timeout.max.ms = 30000
	socket.connection.setup.timeout.ms = 10000
	ssl.cipher.suites = null
	ssl.enabled.protocols = [TLSv1.2, TLSv1.3]
	ssl.endpoint.identification.algorithm = https
	ssl.engine.factory.class = null
	ssl.key.password = null
	ssl.keymanager.algorithm = SunX509
	ssl.keystore.certificate.chain = null
	ssl.keystore.key = null
	ssl.keystore.location = null
	ssl.keystore.password = null
	ssl.keystore.type = JKS
	ssl.protocol = TLSv1.3
	ssl.provider = null
	ssl.secure.random.implementation = null
	ssl.trustmanager.algorithm = PKIX
	ssl.truststore.certificates = null
	ssl.truststore.location = null
	ssl.truststore.password = null
	ssl.truststore.type = JKS
	value.deserializer = class io.apicurio.registry.serde.avro.AvroKafkaDeserializer

2025-07-31 18:15:26,587 INFO  [org.apa.kaf.com.tel.int.KafkaMetricsCollector] (main) initializing Kafka metrics collector
2025-07-31 18:15:26,643 INFO  [org.apa.kaf.cli.con.ConsumerConfig] (main) These configurations '[apicurio.registry.url, apicurio.registry.use-id]' were supplied but are not used yet.
2025-07-31 18:15:26,643 INFO  [org.apa.kaf.com.uti.AppInfoParser] (main) Kafka version: 3.9.1
2025-07-31 18:15:26,643 INFO  [org.apa.kaf.com.uti.AppInfoParser] (main) Kafka commitId: f745dfdcee2b9851
2025-07-31 18:15:26,643 INFO  [org.apa.kaf.com.uti.AppInfoParser] (main) Kafka startTimeMs: 1753985726643
2025-07-31 18:15:26,645 INFO  [org.apa.kaf.cli.con.int.ClassicKafkaConsumer] (Thread-597) [Consumer clientId=consumer-Consumer-topic-28ad5702_cda1_4fe7_a95a_300ee422f3b1-1, groupId=Consumer-topic-28ad5702_cda1_4fe7_a95a_300ee422f3b1] Subscribed to topic(s): topic-28ad5702_cda1_4fe7_a95a_300ee422f3b1
2025-07-31 18:15:26,664 INFO  [org.apa.kaf.cli.Metadata] (Thread-597) [Consumer clientId=consumer-Consumer-topic-28ad5702_cda1_4fe7_a95a_300ee422f3b1-1, groupId=Consumer-topic-28ad5702_cda1_4fe7_a95a_300ee422f3b1] Cluster ID: l9YG0eo6TEyFi47Ppqwpmg
2025-07-31 18:15:27,481 INFO  [org.apa.kaf.cli.con.int.ConsumerCoordinator] (Thread-597) [Consumer clientId=consumer-Consumer-topic-28ad5702_cda1_4fe7_a95a_300ee422f3b1-1, groupId=Consumer-topic-28ad5702_cda1_4fe7_a95a_300ee422f3b1] Discovered group coordinator localhost:32770 (id: 2147483647 rack: null)
2025-07-31 18:15:27,493 INFO  [org.apa.kaf.cli.con.int.ConsumerCoordinator] (Thread-597) [Consumer clientId=consumer-Consumer-topic-28ad5702_cda1_4fe7_a95a_300ee422f3b1-1, groupId=Consumer-topic-28ad5702_cda1_4fe7_a95a_300ee422f3b1] (Re-)joining group
2025-07-31 18:15:27,518 INFO  [org.apa.kaf.cli.con.int.ConsumerCoordinator] (Thread-597) [Consumer clientId=consumer-Consumer-topic-28ad5702_cda1_4fe7_a95a_300ee422f3b1-1, groupId=Consumer-topic-28ad5702_cda1_4fe7_a95a_300ee422f3b1] Request joining group due to: need to re-join with the given member-id: consumer-Consumer-topic-28ad5702_cda1_4fe7_a95a_300ee422f3b1-1-9599f942-4799-4943-98c0-dbab42a5ff13
2025-07-31 18:15:27,518 INFO  [org.apa.kaf.cli.con.int.ConsumerCoordinator] (Thread-597) [Consumer clientId=consumer-Consumer-topic-28ad5702_cda1_4fe7_a95a_300ee422f3b1-1, groupId=Consumer-topic-28ad5702_cda1_4fe7_a95a_300ee422f3b1] (Re-)joining group
2025-07-31 18:15:27,551 INFO  [org.apa.kaf.cli.con.int.ConsumerCoordinator] (Thread-597) [Consumer clientId=consumer-Consumer-topic-28ad5702_cda1_4fe7_a95a_300ee422f3b1-1, groupId=Consumer-topic-28ad5702_cda1_4fe7_a95a_300ee422f3b1] Successfully joined group with generation Generation{generationId=1, memberId='consumer-Consumer-topic-28ad5702_cda1_4fe7_a95a_300ee422f3b1-1-9599f942-4799-4943-98c0-dbab42a5ff13', protocol='range'}
2025-07-31 18:15:27,558 INFO  [org.apa.kaf.cli.con.int.ConsumerCoordinator] (Thread-597) [Consumer clientId=consumer-Consumer-topic-28ad5702_cda1_4fe7_a95a_300ee422f3b1-1, groupId=Consumer-topic-28ad5702_cda1_4fe7_a95a_300ee422f3b1] Finished assignment for group at generation 1: {consumer-Consumer-topic-28ad5702_cda1_4fe7_a95a_300ee422f3b1-1-9599f942-4799-4943-98c0-dbab42a5ff13=Assignment(partitions=[topic-28ad5702_cda1_4fe7_a95a_300ee422f3b1-0])}
2025-07-31 18:15:27,582 INFO  [org.apa.kaf.cli.con.int.ConsumerCoordinator] (Thread-597) [Consumer clientId=consumer-Consumer-topic-28ad5702_cda1_4fe7_a95a_300ee422f3b1-1, groupId=Consumer-topic-28ad5702_cda1_4fe7_a95a_300ee422f3b1] Successfully synced group in generation Generation{generationId=1, memberId='consumer-Consumer-topic-28ad5702_cda1_4fe7_a95a_300ee422f3b1-1-9599f942-4799-4943-98c0-dbab42a5ff13', protocol='range'}
2025-07-31 18:15:27,583 INFO  [org.apa.kaf.cli.con.int.ConsumerCoordinator] (Thread-597) [Consumer clientId=consumer-Consumer-topic-28ad5702_cda1_4fe7_a95a_300ee422f3b1-1, groupId=Consumer-topic-28ad5702_cda1_4fe7_a95a_300ee422f3b1] Notifying assignor about the new Assignment(partitions=[topic-28ad5702_cda1_4fe7_a95a_300ee422f3b1-0])
2025-07-31 18:15:27,586 INFO  [org.apa.kaf.cli.con.int.ConsumerRebalanceListenerInvoker] (Thread-597) [Consumer clientId=consumer-Consumer-topic-28ad5702_cda1_4fe7_a95a_300ee422f3b1-1, groupId=Consumer-topic-28ad5702_cda1_4fe7_a95a_300ee422f3b1] Adding newly assigned partitions: topic-28ad5702_cda1_4fe7_a95a_300ee422f3b1-0
2025-07-31 18:15:27,604 INFO  [org.apa.kaf.cli.con.int.ConsumerCoordinator] (Thread-597) [Consumer clientId=consumer-Consumer-topic-28ad5702_cda1_4fe7_a95a_300ee422f3b1-1, groupId=Consumer-topic-28ad5702_cda1_4fe7_a95a_300ee422f3b1] Found no committed offset for partition topic-28ad5702_cda1_4fe7_a95a_300ee422f3b1-0
2025-07-31 18:15:27,634 INFO  [org.apa.kaf.cli.con.int.SubscriptionState] (Thread-597) [Consumer clientId=consumer-Consumer-topic-28ad5702_cda1_4fe7_a95a_300ee422f3b1-1, groupId=Consumer-topic-28ad5702_cda1_4fe7_a95a_300ee422f3b1] Resetting offset for partition topic-28ad5702_cda1_4fe7_a95a_300ee422f3b1-0 to position FetchPosition{offset=0, offsetEpoch=Optional.empty, currentLeader=LeaderAndEpoch{leader=Optional[localhost:32770 (id: 0 rack: null)], epoch=0}}.
2025-07-31 18:15:27,646 INFO  [io.api.tes.ser.api.KafkaSerdesTester] (Thread-597) None found
2025-07-31 18:15:27,761 INFO  [io.api.tes.ser.api.KafkaSerdesTester] (Thread-597) topic-28ad5702_cda1_4fe7_a95a_300ee422f3b1 0 0 {"key11753985725242": "value-0"}
2025-07-31 18:15:27,761 INFO  [io.api.tes.ser.api.KafkaSerdesTester] (Thread-597) topic-28ad5702_cda1_4fe7_a95a_300ee422f3b1 0 1 {"key11753985725242": "value-1"}
2025-07-31 18:15:27,761 INFO  [io.api.tes.ser.api.KafkaSerdesTester] (Thread-597) topic-28ad5702_cda1_4fe7_a95a_300ee422f3b1 0 2 {"key11753985725242": "value-2"}
2025-07-31 18:15:27,761 INFO  [io.api.tes.ser.api.KafkaSerdesTester] (Thread-597) topic-28ad5702_cda1_4fe7_a95a_300ee422f3b1 0 3 {"key11753985725242": "value-3"}
2025-07-31 18:15:27,764 INFO  [io.api.tes.ser.api.KafkaSerdesTester] (Thread-597) topic-28ad5702_cda1_4fe7_a95a_300ee422f3b1 0 4 {"key11753985725242": "value-4"}
2025-07-31 18:15:27,764 INFO  [io.api.tes.ser.api.KafkaSerdesTester] (Thread-597) topic-28ad5702_cda1_4fe7_a95a_300ee422f3b1 0 5 {"key11753985725242": "value-5"}
2025-07-31 18:15:27,765 INFO  [io.api.tes.ser.api.KafkaSerdesTester] (Thread-597) topic-28ad5702_cda1_4fe7_a95a_300ee422f3b1 0 6 {"key11753985725242": "value-6"}
2025-07-31 18:15:27,765 INFO  [io.api.tes.ser.api.KafkaSerdesTester] (Thread-597) topic-28ad5702_cda1_4fe7_a95a_300ee422f3b1 0 7 {"key11753985725242": "value-7"}
2025-07-31 18:15:27,765 INFO  [io.api.tes.ser.api.KafkaSerdesTester] (Thread-597) topic-28ad5702_cda1_4fe7_a95a_300ee422f3b1 0 8 {"key11753985725242": "value-8"}
2025-07-31 18:15:27,765 INFO  [io.api.tes.ser.api.KafkaSerdesTester] (Thread-597) topic-28ad5702_cda1_4fe7_a95a_300ee422f3b1 0 9 {"key11753985725242": "value-9"}
2025-07-31 18:15:27,765 INFO  [io.api.tes.ser.api.KafkaSerdesTester] (Thread-597) Consumed 10 messages
2025-07-31 18:15:27,812 INFO  [org.apa.kaf.cli.con.int.ConsumerRebalanceListenerInvoker] (Thread-597) [Consumer clientId=consumer-Consumer-topic-28ad5702_cda1_4fe7_a95a_300ee422f3b1-1, groupId=Consumer-topic-28ad5702_cda1_4fe7_a95a_300ee422f3b1] Revoke previously assigned partitions topic-28ad5702_cda1_4fe7_a95a_300ee422f3b1-0
2025-07-31 18:15:27,814 INFO  [org.apa.kaf.cli.con.int.ConsumerCoordinator] (Thread-597) [Consumer clientId=consumer-Consumer-topic-28ad5702_cda1_4fe7_a95a_300ee422f3b1-1, groupId=Consumer-topic-28ad5702_cda1_4fe7_a95a_300ee422f3b1] Member consumer-Consumer-topic-28ad5702_cda1_4fe7_a95a_300ee422f3b1-1-9599f942-4799-4943-98c0-dbab42a5ff13 sending LeaveGroup request to coordinator localhost:32770 (id: 2147483647 rack: null) due to the consumer is being closed
2025-07-31 18:15:27,817 INFO  [org.apa.kaf.cli.con.int.ConsumerCoordinator] (Thread-597) [Consumer clientId=consumer-Consumer-topic-28ad5702_cda1_4fe7_a95a_300ee422f3b1-1, groupId=Consumer-topic-28ad5702_cda1_4fe7_a95a_300ee422f3b1] Resetting generation and member id due to: consumer pro-actively leaving the group
2025-07-31 18:15:27,817 INFO  [org.apa.kaf.cli.con.int.ConsumerCoordinator] (Thread-597) [Consumer clientId=consumer-Consumer-topic-28ad5702_cda1_4fe7_a95a_300ee422f3b1-1, groupId=Consumer-topic-28ad5702_cda1_4fe7_a95a_300ee422f3b1] Request joining group due to: consumer pro-actively leaving the group
2025-07-31 18:15:28,286 INFO  [org.apa.kaf.com.met.Metrics] (Thread-597) Metrics scheduler closed
2025-07-31 18:15:28,286 INFO  [org.apa.kaf.com.met.Metrics] (Thread-597) Closing reporter org.apache.kafka.common.metrics.JmxReporter
2025-07-31 18:15:28,286 INFO  [org.apa.kaf.com.met.Metrics] (Thread-597) Closing reporter org.apache.kafka.common.telemetry.internals.ClientTelemetryReporter
2025-07-31 18:15:28,286 INFO  [org.apa.kaf.com.met.Metrics] (Thread-597) Metrics reporters closed
2025-07-31 18:15:28,293 INFO  [org.apa.kaf.com.uti.AppInfoParser] (Thread-597) App info kafka.consumer for consumer-Consumer-topic-28ad5702_cda1_4fe7_a95a_300ee422f3b1-1 unregistered
2025-07-31 18:15:28,294 INFO  [io.api.tes.uti.TestSeparator] (main) io.apicurio.tests.serdes.apicurio.AvroSerdeIT.testGlobalIdInHeaders-FINISHED
2025-07-31 18:15:28,294 INFO  [io.api.tes.uti.TestSeparator] (main) ############################################################################
Test passed: testGlobalIdInHeaders
]]></system-out>
  </testcase>
  <testcase name="testSimpleTopicIdStrategyFindLatest" classname="io.apicurio.tests.serdes.apicurio.AvroSerdeIT" time="1.886">
    <system-out><![CDATA[2025-07-31 18:15:28,297 INFO  [io.api.tes.uti.TestSeparator] (main) ############################################################################
2025-07-31 18:15:28,297 INFO  [io.api.tes.uti.TestSeparator] (main) io.apicurio.tests.serdes.apicurio.AvroSerdeIT.testSimpleTopicIdStrategyFindLatest-STARTED
2025-07-31 18:15:28,301 INFO  [io.api.tes.ser.api.AvroSerdeIT] (main) Registering Avro Schema: {"type":"record","name":"myrecordapicurio1","fields":[{"name":"key11753985728297","type":"string"}]}
**** Registry Base URL: http://registry-app-mysql.apps.ci419.apicurio-testing.org:80
2025-07-31 18:15:29,392 INFO  [org.apa.kaf.cli.pro.ProducerConfig] (main) ProducerConfig values: 
	acks = -1
	auto.include.jmx.reporter = true
	batch.size = 16384
	bootstrap.servers = [PLAINTEXT://localhost:32770]
	buffer.memory = 33554432
	client.dns.lookup = use_all_dns_ips
	client.id = Producer-topic-92ce908b_2c6f_4441_9937_281a20680a99
	compression.gzip.level = -1
	compression.lz4.level = 9
	compression.type = none
	compression.zstd.level = 3
	connections.max.idle.ms = 10000
	delivery.timeout.ms = 120000
	enable.idempotence = true
	enable.metrics.push = true
	interceptor.classes = []
	key.serializer = class org.apache.kafka.common.serialization.StringSerializer
	linger.ms = 0
	max.block.ms = 60000
	max.in.flight.requests.per.connection = 5
	max.request.size = 1048576
	metadata.max.age.ms = 300000
	metadata.max.idle.ms = 300000
	metadata.recovery.strategy = none
	metric.reporters = []
	metrics.num.samples = 2
	metrics.recording.level = INFO
	metrics.sample.window.ms = 30000
	partitioner.adaptive.partitioning.enable = true
	partitioner.availability.timeout.ms = 0
	partitioner.class = null
	partitioner.ignore.keys = false
	receive.buffer.bytes = 32768
	reconnect.backoff.max.ms = 1000
	reconnect.backoff.ms = 50
	request.timeout.ms = 5000
	retries = 2147483647
	retry.backoff.max.ms = 1000
	retry.backoff.ms = 100
	sasl.client.callback.handler.class = null
	sasl.jaas.config = null
	sasl.kerberos.kinit.cmd = /usr/bin/kinit
	sasl.kerberos.min.time.before.relogin = 60000
	sasl.kerberos.service.name = null
	sasl.kerberos.ticket.renew.jitter = 0.05
	sasl.kerberos.ticket.renew.window.factor = 0.8
	sasl.login.callback.handler.class = null
	sasl.login.class = null
	sasl.login.connect.timeout.ms = null
	sasl.login.read.timeout.ms = null
	sasl.login.refresh.buffer.seconds = 300
	sasl.login.refresh.min.period.seconds = 60
	sasl.login.refresh.window.factor = 0.8
	sasl.login.refresh.window.jitter = 0.05
	sasl.login.retry.backoff.max.ms = 10000
	sasl.login.retry.backoff.ms = 100
	sasl.mechanism = GSSAPI
	sasl.oauthbearer.clock.skew.seconds = 30
	sasl.oauthbearer.expected.audience = null
	sasl.oauthbearer.expected.issuer = null
	sasl.oauthbearer.header.urlencode = false
	sasl.oauthbearer.jwks.endpoint.refresh.ms = 3600000
	sasl.oauthbearer.jwks.endpoint.retry.backoff.max.ms = 10000
	sasl.oauthbearer.jwks.endpoint.retry.backoff.ms = 100
	sasl.oauthbearer.jwks.endpoint.url = null
	sasl.oauthbearer.scope.claim.name = scope
	sasl.oauthbearer.sub.claim.name = sub
	sasl.oauthbearer.token.endpoint.url = null
	security.protocol = PLAINTEXT
	security.providers = null
	send.buffer.bytes = 131072
	socket.connection.setup.timeout.max.ms = 30000
	socket.connection.setup.timeout.ms = 10000
	ssl.cipher.suites = null
	ssl.enabled.protocols = [TLSv1.2, TLSv1.3]
	ssl.endpoint.identification.algorithm = https
	ssl.engine.factory.class = null
	ssl.key.password = null
	ssl.keymanager.algorithm = SunX509
	ssl.keystore.certificate.chain = null
	ssl.keystore.key = null
	ssl.keystore.location = null
	ssl.keystore.password = null
	ssl.keystore.type = JKS
	ssl.protocol = TLSv1.3
	ssl.provider = null
	ssl.secure.random.implementation = null
	ssl.trustmanager.algorithm = PKIX
	ssl.truststore.certificates = null
	ssl.truststore.location = null
	ssl.truststore.password = null
	ssl.truststore.type = JKS
	transaction.timeout.ms = 60000
	transactional.id = null
	value.serializer = class io.apicurio.registry.serde.avro.AvroKafkaSerializer

2025-07-31 18:15:29,393 INFO  [org.apa.kaf.com.tel.int.KafkaMetricsCollector] (main) initializing Kafka metrics collector
2025-07-31 18:15:29,397 INFO  [org.apa.kaf.cli.pro.KafkaProducer] (main) [Producer clientId=Producer-topic-92ce908b_2c6f_4441_9937_281a20680a99] Instantiated an idempotent producer.
2025-07-31 18:15:29,407 INFO  [org.apa.kaf.cli.pro.ProducerConfig] (main) These configurations '[apicurio.registry.find-latest, apicurio.registry.artifact.group-id, apicurio.registry.url, apicurio.registry.artifact-resolver-strategy]' were supplied but are not used yet.
2025-07-31 18:15:29,408 INFO  [org.apa.kaf.com.uti.AppInfoParser] (main) Kafka version: 3.9.1
2025-07-31 18:15:29,410 INFO  [org.apa.kaf.com.uti.AppInfoParser] (main) Kafka commitId: f745dfdcee2b9851
2025-07-31 18:15:29,410 INFO  [org.apa.kaf.com.uti.AppInfoParser] (main) Kafka startTimeMs: 1753985729408
2025-07-31 18:15:29,410 INFO  [io.api.tes.ser.api.SimpleSerdesTesterBuilder$SimpleSerdesTester] (main) Using producer configuration: {apicurio.registry.find-latest=true, apicurio.registry.artifact.group-id=topic-92ce908b_2c6f_4441_9937_281a20680a99, apicurio.registry.url=http://registry-app-mysql.apps.ci419.apicurio-testing.org:80/apis/registry/v3, apicurio.registry.artifact-resolver-strategy=io.apicurio.registry.serde.strategy.SimpleTopicIdStrategy, value.serializer=io.apicurio.registry.serde.avro.AvroKafkaSerializer, request.timeout.ms=5000, acks=all, bootstrap.servers=PLAINTEXT://localhost:32770, connections.max.idle.ms=10000, key.serializer=org.apache.kafka.common.serialization.StringSerializer, client.id=Producer-topic-92ce908b_2c6f_4441_9937_281a20680a99}
2025-07-31 18:15:29,410 INFO  [io.api.tes.ser.api.SimpleSerdesTesterBuilder$SimpleSerdesTester] (main) Using consumer configuration: {}
2025-07-31 18:15:29,412 INFO  [io.api.tes.ser.api.KafkaSerdesTester] (Thread-600) Sending message {"key11753985728297": "value-0"} to topic topic-92ce908b_2c6f_4441_9937_281a20680a99
2025-07-31 18:15:29,420 INFO  [org.apa.kaf.cli.Metadata] (kafka-producer-network-thread | Producer-topic-92ce908b_2c6f_4441_9937_281a20680a99) [Producer clientId=Producer-topic-92ce908b_2c6f_4441_9937_281a20680a99] Cluster ID: l9YG0eo6TEyFi47Ppqwpmg
2025-07-31 18:15:29,421 INFO  [org.apa.kaf.cli.pro.int.TransactionManager] (kafka-producer-network-thread | Producer-topic-92ce908b_2c6f_4441_9937_281a20680a99) [Producer clientId=Producer-topic-92ce908b_2c6f_4441_9937_281a20680a99] ProducerId set to 1 with epoch 0
2025-07-31 18:15:29,504 INFO  [io.api.tes.ser.api.KafkaSerdesTester] (Thread-600) Sending message {"key11753985728297": "value-1"} to topic topic-92ce908b_2c6f_4441_9937_281a20680a99
2025-07-31 18:15:29,508 INFO  [io.api.tes.ser.api.KafkaSerdesTester] (Thread-600) Sending message {"key11753985728297": "value-2"} to topic topic-92ce908b_2c6f_4441_9937_281a20680a99
2025-07-31 18:15:29,514 INFO  [io.api.tes.ser.api.KafkaSerdesTester] (Thread-600) Sending message {"key11753985728297": "value-3"} to topic topic-92ce908b_2c6f_4441_9937_281a20680a99
2025-07-31 18:15:29,518 INFO  [io.api.tes.ser.api.KafkaSerdesTester] (Thread-600) Sending message {"key11753985728297": "value-4"} to topic topic-92ce908b_2c6f_4441_9937_281a20680a99
2025-07-31 18:15:29,521 INFO  [io.api.tes.ser.api.KafkaSerdesTester] (Thread-600) Sending message {"key11753985728297": "value-5"} to topic topic-92ce908b_2c6f_4441_9937_281a20680a99
2025-07-31 18:15:29,525 INFO  [io.api.tes.ser.api.KafkaSerdesTester] (Thread-600) Sending message {"key11753985728297": "value-6"} to topic topic-92ce908b_2c6f_4441_9937_281a20680a99
2025-07-31 18:15:29,528 INFO  [io.api.tes.ser.api.KafkaSerdesTester] (Thread-600) Sending message {"key11753985728297": "value-7"} to topic topic-92ce908b_2c6f_4441_9937_281a20680a99
2025-07-31 18:15:29,533 INFO  [io.api.tes.ser.api.KafkaSerdesTester] (Thread-600) Sending message {"key11753985728297": "value-8"} to topic topic-92ce908b_2c6f_4441_9937_281a20680a99
2025-07-31 18:15:29,537 INFO  [io.api.tes.ser.api.KafkaSerdesTester] (Thread-600) Sending message {"key11753985728297": "value-9"} to topic topic-92ce908b_2c6f_4441_9937_281a20680a99
2025-07-31 18:15:29,539 INFO  [io.api.tes.ser.api.KafkaSerdesTester] (Thread-600) Produced 10 messages
2025-07-31 18:15:29,539 INFO  [org.apa.kaf.cli.pro.KafkaProducer] (Thread-600) [Producer clientId=Producer-topic-92ce908b_2c6f_4441_9937_281a20680a99] Closing the Kafka producer with timeoutMillis = 9223372036854775807 ms.
2025-07-31 18:15:29,548 INFO  [org.apa.kaf.com.met.Metrics] (Thread-600) Metrics scheduler closed
2025-07-31 18:15:29,548 INFO  [org.apa.kaf.com.met.Metrics] (Thread-600) Closing reporter org.apache.kafka.common.metrics.JmxReporter
2025-07-31 18:15:29,548 INFO  [org.apa.kaf.com.met.Metrics] (Thread-600) Closing reporter org.apache.kafka.common.telemetry.internals.ClientTelemetryReporter
2025-07-31 18:15:29,548 INFO  [org.apa.kaf.com.met.Metrics] (Thread-600) Metrics reporters closed
2025-07-31 18:15:29,549 INFO  [org.apa.kaf.com.uti.AppInfoParser] (Thread-600) App info kafka.producer for Producer-topic-92ce908b_2c6f_4441_9937_281a20680a99 unregistered
**** Registry Base URL: http://registry-app-mysql.apps.ci419.apicurio-testing.org:80
2025-07-31 18:15:29,550 INFO  [org.apa.kaf.cli.con.ConsumerConfig] (main) ConsumerConfig values: 
	allow.auto.create.topics = true
	auto.commit.interval.ms = 500
	auto.include.jmx.reporter = true
	auto.offset.reset = earliest
	bootstrap.servers = [PLAINTEXT://localhost:32770]
	check.crcs = true
	client.dns.lookup = use_all_dns_ips
	client.id = consumer-Consumer-topic-92ce908b_2c6f_4441_9937_281a20680a99-2
	client.rack = 
	connections.max.idle.ms = 10000
	default.api.timeout.ms = 60000
	enable.auto.commit = true
	enable.metrics.push = true
	exclude.internal.topics = true
	fetch.max.bytes = 52428800
	fetch.max.wait.ms = 500
	fetch.min.bytes = 1
	group.id = Consumer-topic-92ce908b_2c6f_4441_9937_281a20680a99
	group.instance.id = null
	group.protocol = classic
	group.remote.assignor = null
	heartbeat.interval.ms = 3000
	interceptor.classes = []
	internal.leave.group.on.close = true
	internal.throw.on.fetch.stable.offset.unsupported = false
	isolation.level = read_uncommitted
	key.deserializer = class org.apache.kafka.common.serialization.StringDeserializer
	max.partition.fetch.bytes = 1048576
	max.poll.interval.ms = 300000
	max.poll.records = 500
	metadata.max.age.ms = 300000
	metadata.recovery.strategy = none
	metric.reporters = []
	metrics.num.samples = 2
	metrics.recording.level = INFO
	metrics.sample.window.ms = 30000
	partition.assignment.strategy = [class org.apache.kafka.clients.consumer.RangeAssignor, class org.apache.kafka.clients.consumer.CooperativeStickyAssignor]
	receive.buffer.bytes = 65536
	reconnect.backoff.max.ms = 1000
	reconnect.backoff.ms = 50
	request.timeout.ms = 5000
	retry.backoff.max.ms = 1000
	retry.backoff.ms = 100
	sasl.client.callback.handler.class = null
	sasl.jaas.config = null
	sasl.kerberos.kinit.cmd = /usr/bin/kinit
	sasl.kerberos.min.time.before.relogin = 60000
	sasl.kerberos.service.name = null
	sasl.kerberos.ticket.renew.jitter = 0.05
	sasl.kerberos.ticket.renew.window.factor = 0.8
	sasl.login.callback.handler.class = null
	sasl.login.class = null
	sasl.login.connect.timeout.ms = null
	sasl.login.read.timeout.ms = null
	sasl.login.refresh.buffer.seconds = 300
	sasl.login.refresh.min.period.seconds = 60
	sasl.login.refresh.window.factor = 0.8
	sasl.login.refresh.window.jitter = 0.05
	sasl.login.retry.backoff.max.ms = 10000
	sasl.login.retry.backoff.ms = 100
	sasl.mechanism = GSSAPI
	sasl.oauthbearer.clock.skew.seconds = 30
	sasl.oauthbearer.expected.audience = null
	sasl.oauthbearer.expected.issuer = null
	sasl.oauthbearer.header.urlencode = false
	sasl.oauthbearer.jwks.endpoint.refresh.ms = 3600000
	sasl.oauthbearer.jwks.endpoint.retry.backoff.max.ms = 10000
	sasl.oauthbearer.jwks.endpoint.retry.backoff.ms = 100
	sasl.oauthbearer.jwks.endpoint.url = null
	sasl.oauthbearer.scope.claim.name = scope
	sasl.oauthbearer.sub.claim.name = sub
	sasl.oauthbearer.token.endpoint.url = null
	security.protocol = PLAINTEXT
	security.providers = null
	send.buffer.bytes = 131072
	session.timeout.ms = 45000
	socket.connection.setup.timeout.max.ms = 30000
	socket.connection.setup.timeout.ms = 10000
	ssl.cipher.suites = null
	ssl.enabled.protocols = [TLSv1.2, TLSv1.3]
	ssl.endpoint.identification.algorithm = https
	ssl.engine.factory.class = null
	ssl.key.password = null
	ssl.keymanager.algorithm = SunX509
	ssl.keystore.certificate.chain = null
	ssl.keystore.key = null
	ssl.keystore.location = null
	ssl.keystore.password = null
	ssl.keystore.type = JKS
	ssl.protocol = TLSv1.3
	ssl.provider = null
	ssl.secure.random.implementation = null
	ssl.trustmanager.algorithm = PKIX
	ssl.truststore.certificates = null
	ssl.truststore.location = null
	ssl.truststore.password = null
	ssl.truststore.type = JKS
	value.deserializer = class io.apicurio.registry.serde.avro.AvroKafkaDeserializer

2025-07-31 18:15:29,551 INFO  [org.apa.kaf.com.tel.int.KafkaMetricsCollector] (main) initializing Kafka metrics collector
2025-07-31 18:15:29,564 INFO  [org.apa.kaf.cli.con.ConsumerConfig] (main) These configurations '[apicurio.registry.url]' were supplied but are not used yet.
2025-07-31 18:15:29,565 INFO  [org.apa.kaf.com.uti.AppInfoParser] (main) Kafka version: 3.9.1
2025-07-31 18:15:29,565 INFO  [org.apa.kaf.com.uti.AppInfoParser] (main) Kafka commitId: f745dfdcee2b9851
2025-07-31 18:15:29,565 INFO  [org.apa.kaf.com.uti.AppInfoParser] (main) Kafka startTimeMs: 1753985729565
2025-07-31 18:15:29,567 INFO  [org.apa.kaf.cli.con.int.ClassicKafkaConsumer] (Thread-603) [Consumer clientId=consumer-Consumer-topic-92ce908b_2c6f_4441_9937_281a20680a99-2, groupId=Consumer-topic-92ce908b_2c6f_4441_9937_281a20680a99] Subscribed to topic(s): topic-92ce908b_2c6f_4441_9937_281a20680a99
2025-07-31 18:15:29,578 INFO  [org.apa.kaf.cli.Metadata] (Thread-603) [Consumer clientId=consumer-Consumer-topic-92ce908b_2c6f_4441_9937_281a20680a99-2, groupId=Consumer-topic-92ce908b_2c6f_4441_9937_281a20680a99] Cluster ID: l9YG0eo6TEyFi47Ppqwpmg
2025-07-31 18:15:29,585 INFO  [org.apa.kaf.cli.con.int.ConsumerCoordinator] (Thread-603) [Consumer clientId=consumer-Consumer-topic-92ce908b_2c6f_4441_9937_281a20680a99-2, groupId=Consumer-topic-92ce908b_2c6f_4441_9937_281a20680a99] Discovered group coordinator localhost:32770 (id: 2147483647 rack: null)
2025-07-31 18:15:29,591 INFO  [org.apa.kaf.cli.con.int.ConsumerCoordinator] (Thread-603) [Consumer clientId=consumer-Consumer-topic-92ce908b_2c6f_4441_9937_281a20680a99-2, groupId=Consumer-topic-92ce908b_2c6f_4441_9937_281a20680a99] (Re-)joining group
2025-07-31 18:15:29,596 INFO  [org.apa.kaf.cli.con.int.ConsumerCoordinator] (Thread-603) [Consumer clientId=consumer-Consumer-topic-92ce908b_2c6f_4441_9937_281a20680a99-2, groupId=Consumer-topic-92ce908b_2c6f_4441_9937_281a20680a99] Request joining group due to: need to re-join with the given member-id: consumer-Consumer-topic-92ce908b_2c6f_4441_9937_281a20680a99-2-8307b5ca-3b3b-4c8d-882f-c07557a0f329
2025-07-31 18:15:29,596 INFO  [org.apa.kaf.cli.con.int.ConsumerCoordinator] (Thread-603) [Consumer clientId=consumer-Consumer-topic-92ce908b_2c6f_4441_9937_281a20680a99-2, groupId=Consumer-topic-92ce908b_2c6f_4441_9937_281a20680a99] (Re-)joining group
2025-07-31 18:15:29,600 INFO  [org.apa.kaf.cli.con.int.ConsumerCoordinator] (Thread-603) [Consumer clientId=consumer-Consumer-topic-92ce908b_2c6f_4441_9937_281a20680a99-2, groupId=Consumer-topic-92ce908b_2c6f_4441_9937_281a20680a99] Successfully joined group with generation Generation{generationId=1, memberId='consumer-Consumer-topic-92ce908b_2c6f_4441_9937_281a20680a99-2-8307b5ca-3b3b-4c8d-882f-c07557a0f329', protocol='range'}
2025-07-31 18:15:29,600 INFO  [org.apa.kaf.cli.con.int.ConsumerCoordinator] (Thread-603) [Consumer clientId=consumer-Consumer-topic-92ce908b_2c6f_4441_9937_281a20680a99-2, groupId=Consumer-topic-92ce908b_2c6f_4441_9937_281a20680a99] Finished assignment for group at generation 1: {consumer-Consumer-topic-92ce908b_2c6f_4441_9937_281a20680a99-2-8307b5ca-3b3b-4c8d-882f-c07557a0f329=Assignment(partitions=[topic-92ce908b_2c6f_4441_9937_281a20680a99-0])}
2025-07-31 18:15:29,608 INFO  [org.apa.kaf.cli.con.int.ConsumerCoordinator] (Thread-603) [Consumer clientId=consumer-Consumer-topic-92ce908b_2c6f_4441_9937_281a20680a99-2, groupId=Consumer-topic-92ce908b_2c6f_4441_9937_281a20680a99] Successfully synced group in generation Generation{generationId=1, memberId='consumer-Consumer-topic-92ce908b_2c6f_4441_9937_281a20680a99-2-8307b5ca-3b3b-4c8d-882f-c07557a0f329', protocol='range'}
2025-07-31 18:15:29,608 INFO  [org.apa.kaf.cli.con.int.ConsumerCoordinator] (Thread-603) [Consumer clientId=consumer-Consumer-topic-92ce908b_2c6f_4441_9937_281a20680a99-2, groupId=Consumer-topic-92ce908b_2c6f_4441_9937_281a20680a99] Notifying assignor about the new Assignment(partitions=[topic-92ce908b_2c6f_4441_9937_281a20680a99-0])
2025-07-31 18:15:29,608 INFO  [org.apa.kaf.cli.con.int.ConsumerRebalanceListenerInvoker] (Thread-603) [Consumer clientId=consumer-Consumer-topic-92ce908b_2c6f_4441_9937_281a20680a99-2, groupId=Consumer-topic-92ce908b_2c6f_4441_9937_281a20680a99] Adding newly assigned partitions: topic-92ce908b_2c6f_4441_9937_281a20680a99-0
2025-07-31 18:15:29,610 INFO  [org.apa.kaf.cli.con.int.ConsumerCoordinator] (Thread-603) [Consumer clientId=consumer-Consumer-topic-92ce908b_2c6f_4441_9937_281a20680a99-2, groupId=Consumer-topic-92ce908b_2c6f_4441_9937_281a20680a99] Found no committed offset for partition topic-92ce908b_2c6f_4441_9937_281a20680a99-0
2025-07-31 18:15:29,612 INFO  [org.apa.kaf.cli.con.int.SubscriptionState] (Thread-603) [Consumer clientId=consumer-Consumer-topic-92ce908b_2c6f_4441_9937_281a20680a99-2, groupId=Consumer-topic-92ce908b_2c6f_4441_9937_281a20680a99] Resetting offset for partition topic-92ce908b_2c6f_4441_9937_281a20680a99-0 to position FetchPosition{offset=0, offsetEpoch=Optional.empty, currentLeader=LeaderAndEpoch{leader=Optional[localhost:32770 (id: 0 rack: null)], epoch=0}}.
2025-07-31 18:15:29,669 INFO  [io.api.tes.ser.api.KafkaSerdesTester] (Thread-603) topic-92ce908b_2c6f_4441_9937_281a20680a99 0 0 {"key11753985728297": "value-0"}
2025-07-31 18:15:29,669 INFO  [io.api.tes.ser.api.KafkaSerdesTester] (Thread-603) topic-92ce908b_2c6f_4441_9937_281a20680a99 0 1 {"key11753985728297": "value-1"}
2025-07-31 18:15:29,670 INFO  [io.api.tes.ser.api.KafkaSerdesTester] (Thread-603) topic-92ce908b_2c6f_4441_9937_281a20680a99 0 2 {"key11753985728297": "value-2"}
2025-07-31 18:15:29,670 INFO  [io.api.tes.ser.api.KafkaSerdesTester] (Thread-603) topic-92ce908b_2c6f_4441_9937_281a20680a99 0 3 {"key11753985728297": "value-3"}
2025-07-31 18:15:29,670 INFO  [io.api.tes.ser.api.KafkaSerdesTester] (Thread-603) topic-92ce908b_2c6f_4441_9937_281a20680a99 0 4 {"key11753985728297": "value-4"}
2025-07-31 18:15:29,670 INFO  [io.api.tes.ser.api.KafkaSerdesTester] (Thread-603) topic-92ce908b_2c6f_4441_9937_281a20680a99 0 5 {"key11753985728297": "value-5"}
2025-07-31 18:15:29,671 INFO  [io.api.tes.ser.api.KafkaSerdesTester] (Thread-603) topic-92ce908b_2c6f_4441_9937_281a20680a99 0 6 {"key11753985728297": "value-6"}
2025-07-31 18:15:29,671 INFO  [io.api.tes.ser.api.KafkaSerdesTester] (Thread-603) topic-92ce908b_2c6f_4441_9937_281a20680a99 0 7 {"key11753985728297": "value-7"}
2025-07-31 18:15:29,671 INFO  [io.api.tes.ser.api.KafkaSerdesTester] (Thread-603) topic-92ce908b_2c6f_4441_9937_281a20680a99 0 8 {"key11753985728297": "value-8"}
2025-07-31 18:15:29,671 INFO  [io.api.tes.ser.api.KafkaSerdesTester] (Thread-603) topic-92ce908b_2c6f_4441_9937_281a20680a99 0 9 {"key11753985728297": "value-9"}
2025-07-31 18:15:29,671 INFO  [io.api.tes.ser.api.KafkaSerdesTester] (Thread-603) Consumed 10 messages
2025-07-31 18:15:29,676 INFO  [org.apa.kaf.cli.con.int.ConsumerRebalanceListenerInvoker] (Thread-603) [Consumer clientId=consumer-Consumer-topic-92ce908b_2c6f_4441_9937_281a20680a99-2, groupId=Consumer-topic-92ce908b_2c6f_4441_9937_281a20680a99] Revoke previously assigned partitions topic-92ce908b_2c6f_4441_9937_281a20680a99-0
2025-07-31 18:15:29,676 INFO  [org.apa.kaf.cli.con.int.ConsumerCoordinator] (Thread-603) [Consumer clientId=consumer-Consumer-topic-92ce908b_2c6f_4441_9937_281a20680a99-2, groupId=Consumer-topic-92ce908b_2c6f_4441_9937_281a20680a99] Member consumer-Consumer-topic-92ce908b_2c6f_4441_9937_281a20680a99-2-8307b5ca-3b3b-4c8d-882f-c07557a0f329 sending LeaveGroup request to coordinator localhost:32770 (id: 2147483647 rack: null) due to the consumer is being closed
2025-07-31 18:15:29,676 INFO  [org.apa.kaf.cli.con.int.ConsumerCoordinator] (Thread-603) [Consumer clientId=consumer-Consumer-topic-92ce908b_2c6f_4441_9937_281a20680a99-2, groupId=Consumer-topic-92ce908b_2c6f_4441_9937_281a20680a99] Resetting generation and member id due to: consumer pro-actively leaving the group
2025-07-31 18:15:29,676 INFO  [org.apa.kaf.cli.con.int.ConsumerCoordinator] (Thread-603) [Consumer clientId=consumer-Consumer-topic-92ce908b_2c6f_4441_9937_281a20680a99-2, groupId=Consumer-topic-92ce908b_2c6f_4441_9937_281a20680a99] Request joining group due to: consumer pro-actively leaving the group
2025-07-31 18:15:30,173 INFO  [org.apa.kaf.com.met.Metrics] (Thread-603) Metrics scheduler closed
2025-07-31 18:15:30,173 INFO  [org.apa.kaf.com.met.Metrics] (Thread-603) Closing reporter org.apache.kafka.common.metrics.JmxReporter
2025-07-31 18:15:30,174 INFO  [org.apa.kaf.com.met.Metrics] (Thread-603) Closing reporter org.apache.kafka.common.telemetry.internals.ClientTelemetryReporter
2025-07-31 18:15:30,174 INFO  [org.apa.kaf.com.met.Metrics] (Thread-603) Metrics reporters closed
2025-07-31 18:15:30,180 INFO  [org.apa.kaf.com.uti.AppInfoParser] (Thread-603) App info kafka.consumer for consumer-Consumer-topic-92ce908b_2c6f_4441_9937_281a20680a99-2 unregistered
2025-07-31 18:15:30,181 INFO  [io.api.tes.uti.TestSeparator] (main) io.apicurio.tests.serdes.apicurio.AvroSerdeIT.testSimpleTopicIdStrategyFindLatest-FINISHED
2025-07-31 18:15:30,181 INFO  [io.api.tes.uti.TestSeparator] (main) ############################################################################
Test passed: testSimpleTopicIdStrategyFindLatest
]]></system-out>
  </testcase>
  <testcase name="testWrongSchema" classname="io.apicurio.tests.serdes.apicurio.AvroSerdeIT" time="1.175">
    <system-out><![CDATA[2025-07-31 18:15:30,184 INFO  [io.api.tes.uti.TestSeparator] (main) ############################################################################
2025-07-31 18:15:30,184 INFO  [io.api.tes.uti.TestSeparator] (main) io.apicurio.tests.serdes.apicurio.AvroSerdeIT.testWrongSchema-STARTED
**** Registry Base URL: http://registry-app-mysql.apps.ci419.apicurio-testing.org:80
2025-07-31 18:15:31,281 INFO  [org.apa.kaf.cli.pro.ProducerConfig] (main) ProducerConfig values: 
	acks = -1
	auto.include.jmx.reporter = true
	batch.size = 16384
	bootstrap.servers = [PLAINTEXT://localhost:32770]
	buffer.memory = 33554432
	client.dns.lookup = use_all_dns_ips
	client.id = Producer-sc7820c1exe008x4f59xa07dx1141ba51f2da
	compression.gzip.level = -1
	compression.lz4.level = 9
	compression.type = none
	compression.zstd.level = 3
	connections.max.idle.ms = 10000
	delivery.timeout.ms = 120000
	enable.idempotence = true
	enable.metrics.push = true
	interceptor.classes = []
	key.serializer = class org.apache.kafka.common.serialization.StringSerializer
	linger.ms = 0
	max.block.ms = 60000
	max.in.flight.requests.per.connection = 5
	max.request.size = 1048576
	metadata.max.age.ms = 300000
	metadata.max.idle.ms = 300000
	metadata.recovery.strategy = none
	metric.reporters = []
	metrics.num.samples = 2
	metrics.recording.level = INFO
	metrics.sample.window.ms = 30000
	partitioner.adaptive.partitioning.enable = true
	partitioner.availability.timeout.ms = 0
	partitioner.class = null
	partitioner.ignore.keys = false
	receive.buffer.bytes = 32768
	reconnect.backoff.max.ms = 1000
	reconnect.backoff.ms = 50
	request.timeout.ms = 5000
	retries = 2147483647
	retry.backoff.max.ms = 1000
	retry.backoff.ms = 100
	sasl.client.callback.handler.class = null
	sasl.jaas.config = null
	sasl.kerberos.kinit.cmd = /usr/bin/kinit
	sasl.kerberos.min.time.before.relogin = 60000
	sasl.kerberos.service.name = null
	sasl.kerberos.ticket.renew.jitter = 0.05
	sasl.kerberos.ticket.renew.window.factor = 0.8
	sasl.login.callback.handler.class = null
	sasl.login.class = null
	sasl.login.connect.timeout.ms = null
	sasl.login.read.timeout.ms = null
	sasl.login.refresh.buffer.seconds = 300
	sasl.login.refresh.min.period.seconds = 60
	sasl.login.refresh.window.factor = 0.8
	sasl.login.refresh.window.jitter = 0.05
	sasl.login.retry.backoff.max.ms = 10000
	sasl.login.retry.backoff.ms = 100
	sasl.mechanism = GSSAPI
	sasl.oauthbearer.clock.skew.seconds = 30
	sasl.oauthbearer.expected.audience = null
	sasl.oauthbearer.expected.issuer = null
	sasl.oauthbearer.header.urlencode = false
	sasl.oauthbearer.jwks.endpoint.refresh.ms = 3600000
	sasl.oauthbearer.jwks.endpoint.retry.backoff.max.ms = 10000
	sasl.oauthbearer.jwks.endpoint.retry.backoff.ms = 100
	sasl.oauthbearer.jwks.endpoint.url = null
	sasl.oauthbearer.scope.claim.name = scope
	sasl.oauthbearer.sub.claim.name = sub
	sasl.oauthbearer.token.endpoint.url = null
	security.protocol = PLAINTEXT
	security.providers = null
	send.buffer.bytes = 131072
	socket.connection.setup.timeout.max.ms = 30000
	socket.connection.setup.timeout.ms = 10000
	ssl.cipher.suites = null
	ssl.enabled.protocols = [TLSv1.2, TLSv1.3]
	ssl.endpoint.identification.algorithm = https
	ssl.engine.factory.class = null
	ssl.key.password = null
	ssl.keymanager.algorithm = SunX509
	ssl.keystore.certificate.chain = null
	ssl.keystore.key = null
	ssl.keystore.location = null
	ssl.keystore.password = null
	ssl.keystore.type = JKS
	ssl.protocol = TLSv1.3
	ssl.provider = null
	ssl.secure.random.implementation = null
	ssl.trustmanager.algorithm = PKIX
	ssl.truststore.certificates = null
	ssl.truststore.location = null
	ssl.truststore.password = null
	ssl.truststore.type = JKS
	transaction.timeout.ms = 60000
	transactional.id = null
	value.serializer = class io.apicurio.registry.serde.avro.AvroKafkaSerializer

2025-07-31 18:15:31,281 INFO  [org.apa.kaf.com.tel.int.KafkaMetricsCollector] (main) initializing Kafka metrics collector
2025-07-31 18:15:31,288 INFO  [org.apa.kaf.cli.pro.KafkaProducer] (main) [Producer clientId=Producer-sc7820c1exe008x4f59xa07dx1141ba51f2da] Instantiated an idempotent producer.
2025-07-31 18:15:31,292 INFO  [org.apa.kaf.cli.pro.ProducerConfig] (main) These configurations '[apicurio.registry.find-latest, apicurio.registry.url, apicurio.registry.artifact-resolver-strategy]' were supplied but are not used yet.
2025-07-31 18:15:31,292 INFO  [org.apa.kaf.com.uti.AppInfoParser] (main) Kafka version: 3.9.1
2025-07-31 18:15:31,292 INFO  [org.apa.kaf.com.uti.AppInfoParser] (main) Kafka commitId: f745dfdcee2b9851
2025-07-31 18:15:31,292 INFO  [org.apa.kaf.com.uti.AppInfoParser] (main) Kafka startTimeMs: 1753985731292
2025-07-31 18:15:31,294 INFO  [io.api.tes.ser.api.KafkaSerdesTester] (Thread-606) Sending message {"keyB": "value-0"} to topic sc7820c1exe008x4f59xa07dx1141ba51f2da
2025-07-31 18:15:31,298 INFO  [org.apa.kaf.cli.Metadata] (kafka-producer-network-thread | Producer-sc7820c1exe008x4f59xa07dx1141ba51f2da) [Producer clientId=Producer-sc7820c1exe008x4f59xa07dx1141ba51f2da] Cluster ID: l9YG0eo6TEyFi47Ppqwpmg
2025-07-31 18:15:31,299 INFO  [org.apa.kaf.cli.pro.int.TransactionManager] (kafka-producer-network-thread | Producer-sc7820c1exe008x4f59xa07dx1141ba51f2da) [Producer clientId=Producer-sc7820c1exe008x4f59xa07dx1141ba51f2da] ProducerId set to 2 with epoch 0
2025-07-31 18:15:31,350 INFO  [org.apa.kaf.cli.pro.KafkaProducer] (Thread-606) [Producer clientId=Producer-sc7820c1exe008x4f59xa07dx1141ba51f2da] Closing the Kafka producer with timeoutMillis = 9223372036854775807 ms.
2025-07-31 18:15:31,353 INFO  [org.apa.kaf.com.met.Metrics] (Thread-606) Metrics scheduler closed
2025-07-31 18:15:31,353 INFO  [org.apa.kaf.com.met.Metrics] (Thread-606) Closing reporter org.apache.kafka.common.metrics.JmxReporter
2025-07-31 18:15:31,353 INFO  [org.apa.kaf.com.met.Metrics] (Thread-606) Closing reporter org.apache.kafka.common.telemetry.internals.ClientTelemetryReporter
2025-07-31 18:15:31,353 INFO  [org.apa.kaf.com.met.Metrics] (Thread-606) Metrics reporters closed
2025-07-31 18:15:31,354 INFO  [org.apa.kaf.com.uti.AppInfoParser] (Thread-606) App info kafka.producer for Producer-sc7820c1exe008x4f59xa07dx1141ba51f2da unregistered
2025-07-31 18:15:31,357 INFO  [io.api.tes.uti.TestSeparator] (main) io.apicurio.tests.serdes.apicurio.AvroSerdeIT.testWrongSchema-FINISHED
2025-07-31 18:15:31,357 INFO  [io.api.tes.uti.TestSeparator] (main) ############################################################################
Test passed: testWrongSchema
]]></system-out>
    <system-err><![CDATA[io.apicurio.registry.rest.client.models.ProblemDetails
	at io.apicurio.registry.rest.client.models.ProblemDetails.createFromDiscriminatorValue(ProblemDetails.java:58)
	at io.kiota.serialization.json.JsonParseNode.getObjectValue(JsonParseNode.java:247)
	at io.kiota.http.vertx.VertXRequestAdapter.lambda$throwIfFailedResponse$0(VertXRequestAdapter.java:400)
	at com.microsoft.kiota.ApiExceptionBuilder.<init>(ApiExceptionBuilder.java:26)
	at io.kiota.http.vertx.VertXRequestAdapter.throwIfFailedResponse(VertXRequestAdapter.java:399)
	at io.kiota.http.vertx.VertXRequestAdapter.send(VertXRequestAdapter.java:170)
	at io.apicurio.registry.rest.client.groups.item.artifacts.item.versions.item.WithVersionExpressionItemRequestBuilder.get(WithVersionExpressionItemRequestBuilder.java:128)
	at io.apicurio.registry.rest.client.groups.item.artifacts.item.versions.item.WithVersionExpressionItemRequestBuilder.get(WithVersionExpressionItemRequestBuilder.java:111)
	at io.apicurio.registry.resolver.client.RegistryClientFacadeImpl.getVersionCoordinatesByGAV(RegistryClientFacadeImpl.java:153)
	at io.apicurio.registry.resolver.DefaultSchemaResolver.resolveByCoordinates(DefaultSchemaResolver.java:352)
	at io.apicurio.registry.resolver.DefaultSchemaResolver.lambda$resolveSchemaByArtifactReferenceCached$6(DefaultSchemaResolver.java:340)
	at io.apicurio.registry.resolver.cache.ERCache.lambda$getValue$0(ERCache.java:174)
	at io.apicurio.registry.resolver.cache.ERCache.retry(ERCache.java:227)
	at io.apicurio.registry.resolver.cache.ERCache.getValue(ERCache.java:173)
	at io.apicurio.registry.resolver.cache.ERCache.getByArtifactCoordinates(ERCache.java:158)
	at io.apicurio.registry.resolver.DefaultSchemaResolver.resolveSchemaByArtifactReferenceCached(DefaultSchemaResolver.java:338)
	at io.apicurio.registry.resolver.DefaultSchemaResolver.resolveSchemaByCoordinates(DefaultSchemaResolver.java:193)
	at io.apicurio.registry.resolver.DefaultSchemaResolver.getSchemaFromRegistry(DefaultSchemaResolver.java:130)
	at io.apicurio.registry.resolver.DefaultSchemaResolver.lambda$resolveSchema$0(DefaultSchemaResolver.java:84)
	at java.base/java.util.Optional.orElseGet(Optional.java:364)
	at io.apicurio.registry.resolver.DefaultSchemaResolver.resolveSchema(DefaultSchemaResolver.java:84)
	at io.apicurio.registry.serde.AbstractSerializer.serializeData(AbstractSerializer.java:62)
	at io.apicurio.registry.serde.KafkaSerializer.serialize(KafkaSerializer.java:77)
	at org.apache.kafka.clients.producer.KafkaProducer.doSend(KafkaProducer.java:1046)
	at org.apache.kafka.clients.producer.KafkaProducer.send(KafkaProducer.java:993)
	at org.apache.kafka.clients.producer.KafkaProducer.send(KafkaProducer.java:875)
	at io.apicurio.tests.serdes.apicurio.KafkaSerdesTester.lambda$produceMessages$3(KafkaSerdesTester.java:138)
	at java.base/java.util.concurrent.CompletableFuture$AsyncSupply.run(CompletableFuture.java:1768)
	at java.base/java.lang.Thread.run(Thread.java:840)
]]></system-err>
  </testcase>
  <testcase name="testAvroJSON" classname="io.apicurio.tests.serdes.apicurio.AvroSerdeIT" time="0.957">
    <system-out><![CDATA[2025-07-31 18:15:31,358 INFO  [io.api.tes.uti.TestSeparator] (main) ############################################################################
2025-07-31 18:15:31,359 INFO  [io.api.tes.uti.TestSeparator] (main) io.apicurio.tests.serdes.apicurio.AvroSerdeIT.testAvroJSON-STARTED
**** Registry Base URL: http://registry-app-mysql.apps.ci419.apicurio-testing.org:80
2025-07-31 18:15:31,363 INFO  [org.apa.kaf.cli.pro.ProducerConfig] (main) ProducerConfig values: 
	acks = -1
	auto.include.jmx.reporter = true
	batch.size = 16384
	bootstrap.servers = [PLAINTEXT://localhost:32770]
	buffer.memory = 33554432
	client.dns.lookup = use_all_dns_ips
	client.id = Producer-topic-8650433f_6d13_4e7d_8480_66f6f84e4773
	compression.gzip.level = -1
	compression.lz4.level = 9
	compression.type = none
	compression.zstd.level = 3
	connections.max.idle.ms = 10000
	delivery.timeout.ms = 120000
	enable.idempotence = true
	enable.metrics.push = true
	interceptor.classes = []
	key.serializer = class org.apache.kafka.common.serialization.StringSerializer
	linger.ms = 0
	max.block.ms = 60000
	max.in.flight.requests.per.connection = 5
	max.request.size = 1048576
	metadata.max.age.ms = 300000
	metadata.max.idle.ms = 300000
	metadata.recovery.strategy = none
	metric.reporters = []
	metrics.num.samples = 2
	metrics.recording.level = INFO
	metrics.sample.window.ms = 30000
	partitioner.adaptive.partitioning.enable = true
	partitioner.availability.timeout.ms = 0
	partitioner.class = null
	partitioner.ignore.keys = false
	receive.buffer.bytes = 32768
	reconnect.backoff.max.ms = 1000
	reconnect.backoff.ms = 50
	request.timeout.ms = 5000
	retries = 2147483647
	retry.backoff.max.ms = 1000
	retry.backoff.ms = 100
	sasl.client.callback.handler.class = null
	sasl.jaas.config = null
	sasl.kerberos.kinit.cmd = /usr/bin/kinit
	sasl.kerberos.min.time.before.relogin = 60000
	sasl.kerberos.service.name = null
	sasl.kerberos.ticket.renew.jitter = 0.05
	sasl.kerberos.ticket.renew.window.factor = 0.8
	sasl.login.callback.handler.class = null
	sasl.login.class = null
	sasl.login.connect.timeout.ms = null
	sasl.login.read.timeout.ms = null
	sasl.login.refresh.buffer.seconds = 300
	sasl.login.refresh.min.period.seconds = 60
	sasl.login.refresh.window.factor = 0.8
	sasl.login.refresh.window.jitter = 0.05
	sasl.login.retry.backoff.max.ms = 10000
	sasl.login.retry.backoff.ms = 100
	sasl.mechanism = GSSAPI
	sasl.oauthbearer.clock.skew.seconds = 30
	sasl.oauthbearer.expected.audience = null
	sasl.oauthbearer.expected.issuer = null
	sasl.oauthbearer.header.urlencode = false
	sasl.oauthbearer.jwks.endpoint.refresh.ms = 3600000
	sasl.oauthbearer.jwks.endpoint.retry.backoff.max.ms = 10000
	sasl.oauthbearer.jwks.endpoint.retry.backoff.ms = 100
	sasl.oauthbearer.jwks.endpoint.url = null
	sasl.oauthbearer.scope.claim.name = scope
	sasl.oauthbearer.sub.claim.name = sub
	sasl.oauthbearer.token.endpoint.url = null
	security.protocol = PLAINTEXT
	security.providers = null
	send.buffer.bytes = 131072
	socket.connection.setup.timeout.max.ms = 30000
	socket.connection.setup.timeout.ms = 10000
	ssl.cipher.suites = null
	ssl.enabled.protocols = [TLSv1.2, TLSv1.3]
	ssl.endpoint.identification.algorithm = https
	ssl.engine.factory.class = null
	ssl.key.password = null
	ssl.keymanager.algorithm = SunX509
	ssl.keystore.certificate.chain = null
	ssl.keystore.key = null
	ssl.keystore.location = null
	ssl.keystore.password = null
	ssl.keystore.type = JKS
	ssl.protocol = TLSv1.3
	ssl.provider = null
	ssl.secure.random.implementation = null
	ssl.trustmanager.algorithm = PKIX
	ssl.truststore.certificates = null
	ssl.truststore.location = null
	ssl.truststore.password = null
	ssl.truststore.type = JKS
	transaction.timeout.ms = 60000
	transactional.id = null
	value.serializer = class io.apicurio.registry.serde.avro.AvroKafkaSerializer

2025-07-31 18:15:31,366 INFO  [org.apa.kaf.com.tel.int.KafkaMetricsCollector] (main) initializing Kafka metrics collector
2025-07-31 18:15:31,381 INFO  [org.apa.kaf.cli.pro.KafkaProducer] (main) [Producer clientId=Producer-topic-8650433f_6d13_4e7d_8480_66f6f84e4773] Instantiated an idempotent producer.
2025-07-31 18:15:31,385 INFO  [org.apa.kaf.cli.pro.ProducerConfig] (main) These configurations '[apicurio.registry.avro.encoding, apicurio.registry.url, apicurio.registry.auto-register, apicurio.registry.artifact-resolver-strategy]' were supplied but are not used yet.
2025-07-31 18:15:31,385 INFO  [org.apa.kaf.com.uti.AppInfoParser] (main) Kafka version: 3.9.1
2025-07-31 18:15:31,385 INFO  [org.apa.kaf.com.uti.AppInfoParser] (main) Kafka commitId: f745dfdcee2b9851
2025-07-31 18:15:31,386 INFO  [org.apa.kaf.com.uti.AppInfoParser] (main) Kafka startTimeMs: 1753985731385
2025-07-31 18:15:31,387 INFO  [io.api.tes.ser.api.SimpleSerdesTesterBuilder$SimpleSerdesTester] (main) Using producer configuration: {apicurio.registry.avro.encoding=JSON, apicurio.registry.url=http://registry-app-mysql.apps.ci419.apicurio-testing.org:80/apis/registry/v3, apicurio.registry.auto-register=true, apicurio.registry.artifact-resolver-strategy=io.apicurio.registry.serde.strategy.TopicIdStrategy, value.serializer=io.apicurio.registry.serde.avro.AvroKafkaSerializer, request.timeout.ms=5000, acks=all, bootstrap.servers=PLAINTEXT://localhost:32770, connections.max.idle.ms=10000, key.serializer=org.apache.kafka.common.serialization.StringSerializer, client.id=Producer-topic-8650433f_6d13_4e7d_8480_66f6f84e4773}
2025-07-31 18:15:31,387 INFO  [io.api.tes.ser.api.SimpleSerdesTesterBuilder$SimpleSerdesTester] (main) Using consumer configuration: {apicurio.registry.avro.encoding=JSON}
2025-07-31 18:15:31,389 INFO  [io.api.tes.ser.api.KafkaSerdesTester] (Thread-609) Sending message {"bar": "value-0"} to topic topic-8650433f_6d13_4e7d_8480_66f6f84e4773
2025-07-31 18:15:31,401 WARN  [org.apa.kaf.cli.NetworkClient] (kafka-producer-network-thread | Producer-topic-8650433f_6d13_4e7d_8480_66f6f84e4773) [Producer clientId=Producer-topic-8650433f_6d13_4e7d_8480_66f6f84e4773] The metadata response from the cluster reported a recoverable issue with correlation id 2 : {topic-8650433f_6d13_4e7d_8480_66f6f84e4773=LEADER_NOT_AVAILABLE}
2025-07-31 18:15:31,402 INFO  [org.apa.kaf.cli.Metadata] (kafka-producer-network-thread | Producer-topic-8650433f_6d13_4e7d_8480_66f6f84e4773) [Producer clientId=Producer-topic-8650433f_6d13_4e7d_8480_66f6f84e4773] Cluster ID: l9YG0eo6TEyFi47Ppqwpmg
2025-07-31 18:15:31,402 INFO  [org.apa.kaf.cli.pro.int.TransactionManager] (kafka-producer-network-thread | Producer-topic-8650433f_6d13_4e7d_8480_66f6f84e4773) [Producer clientId=Producer-topic-8650433f_6d13_4e7d_8480_66f6f84e4773] ProducerId set to 3 with epoch 0
2025-07-31 18:15:31,597 INFO  [io.api.tes.ser.api.KafkaSerdesTester] (Thread-609) Sending message {"bar": "value-1"} to topic topic-8650433f_6d13_4e7d_8480_66f6f84e4773
2025-07-31 18:15:31,600 INFO  [io.api.tes.ser.api.KafkaSerdesTester] (Thread-609) Sending message {"bar": "value-2"} to topic topic-8650433f_6d13_4e7d_8480_66f6f84e4773
2025-07-31 18:15:31,602 INFO  [io.api.tes.ser.api.KafkaSerdesTester] (Thread-609) Sending message {"bar": "value-3"} to topic topic-8650433f_6d13_4e7d_8480_66f6f84e4773
2025-07-31 18:15:31,608 INFO  [io.api.tes.ser.api.KafkaSerdesTester] (Thread-609) Sending message {"bar": "value-4"} to topic topic-8650433f_6d13_4e7d_8480_66f6f84e4773
2025-07-31 18:15:31,612 INFO  [io.api.tes.ser.api.KafkaSerdesTester] (Thread-609) Sending message {"bar": "value-5"} to topic topic-8650433f_6d13_4e7d_8480_66f6f84e4773
2025-07-31 18:15:31,616 INFO  [io.api.tes.ser.api.KafkaSerdesTester] (Thread-609) Sending message {"bar": "value-6"} to topic topic-8650433f_6d13_4e7d_8480_66f6f84e4773
2025-07-31 18:15:31,618 INFO  [io.api.tes.ser.api.KafkaSerdesTester] (Thread-609) Sending message {"bar": "value-7"} to topic topic-8650433f_6d13_4e7d_8480_66f6f84e4773
2025-07-31 18:15:31,622 INFO  [io.api.tes.ser.api.KafkaSerdesTester] (Thread-609) Sending message {"bar": "value-8"} to topic topic-8650433f_6d13_4e7d_8480_66f6f84e4773
2025-07-31 18:15:31,626 INFO  [io.api.tes.ser.api.KafkaSerdesTester] (Thread-609) Sending message {"bar": "value-9"} to topic topic-8650433f_6d13_4e7d_8480_66f6f84e4773
2025-07-31 18:15:31,629 INFO  [io.api.tes.ser.api.KafkaSerdesTester] (Thread-609) Produced 10 messages
2025-07-31 18:15:31,629 INFO  [org.apa.kaf.cli.pro.KafkaProducer] (Thread-609) [Producer clientId=Producer-topic-8650433f_6d13_4e7d_8480_66f6f84e4773] Closing the Kafka producer with timeoutMillis = 9223372036854775807 ms.
2025-07-31 18:15:31,641 INFO  [org.apa.kaf.com.met.Metrics] (Thread-609) Metrics scheduler closed
2025-07-31 18:15:31,641 INFO  [org.apa.kaf.com.met.Metrics] (Thread-609) Closing reporter org.apache.kafka.common.metrics.JmxReporter
2025-07-31 18:15:31,641 INFO  [org.apa.kaf.com.met.Metrics] (Thread-609) Closing reporter org.apache.kafka.common.telemetry.internals.ClientTelemetryReporter
2025-07-31 18:15:31,641 INFO  [org.apa.kaf.com.met.Metrics] (Thread-609) Metrics reporters closed
2025-07-31 18:15:31,641 INFO  [org.apa.kaf.com.uti.AppInfoParser] (Thread-609) App info kafka.producer for Producer-topic-8650433f_6d13_4e7d_8480_66f6f84e4773 unregistered
**** Registry Base URL: http://registry-app-mysql.apps.ci419.apicurio-testing.org:80
2025-07-31 18:15:31,691 INFO  [org.apa.kaf.cli.con.ConsumerConfig] (main) ConsumerConfig values: 
	allow.auto.create.topics = true
	auto.commit.interval.ms = 500
	auto.include.jmx.reporter = true
	auto.offset.reset = earliest
	bootstrap.servers = [PLAINTEXT://localhost:32770]
	check.crcs = true
	client.dns.lookup = use_all_dns_ips
	client.id = consumer-Consumer-topic-8650433f_6d13_4e7d_8480_66f6f84e4773-3
	client.rack = 
	connections.max.idle.ms = 10000
	default.api.timeout.ms = 60000
	enable.auto.commit = true
	enable.metrics.push = true
	exclude.internal.topics = true
	fetch.max.bytes = 52428800
	fetch.max.wait.ms = 500
	fetch.min.bytes = 1
	group.id = Consumer-topic-8650433f_6d13_4e7d_8480_66f6f84e4773
	group.instance.id = null
	group.protocol = classic
	group.remote.assignor = null
	heartbeat.interval.ms = 3000
	interceptor.classes = []
	internal.leave.group.on.close = true
	internal.throw.on.fetch.stable.offset.unsupported = false
	isolation.level = read_uncommitted
	key.deserializer = class org.apache.kafka.common.serialization.StringDeserializer
	max.partition.fetch.bytes = 1048576
	max.poll.interval.ms = 300000
	max.poll.records = 500
	metadata.max.age.ms = 300000
	metadata.recovery.strategy = none
	metric.reporters = []
	metrics.num.samples = 2
	metrics.recording.level = INFO
	metrics.sample.window.ms = 30000
	partition.assignment.strategy = [class org.apache.kafka.clients.consumer.RangeAssignor, class org.apache.kafka.clients.consumer.CooperativeStickyAssignor]
	receive.buffer.bytes = 65536
	reconnect.backoff.max.ms = 1000
	reconnect.backoff.ms = 50
	request.timeout.ms = 5000
	retry.backoff.max.ms = 1000
	retry.backoff.ms = 100
	sasl.client.callback.handler.class = null
	sasl.jaas.config = null
	sasl.kerberos.kinit.cmd = /usr/bin/kinit
	sasl.kerberos.min.time.before.relogin = 60000
	sasl.kerberos.service.name = null
	sasl.kerberos.ticket.renew.jitter = 0.05
	sasl.kerberos.ticket.renew.window.factor = 0.8
	sasl.login.callback.handler.class = null
	sasl.login.class = null
	sasl.login.connect.timeout.ms = null
	sasl.login.read.timeout.ms = null
	sasl.login.refresh.buffer.seconds = 300
	sasl.login.refresh.min.period.seconds = 60
	sasl.login.refresh.window.factor = 0.8
	sasl.login.refresh.window.jitter = 0.05
	sasl.login.retry.backoff.max.ms = 10000
	sasl.login.retry.backoff.ms = 100
	sasl.mechanism = GSSAPI
	sasl.oauthbearer.clock.skew.seconds = 30
	sasl.oauthbearer.expected.audience = null
	sasl.oauthbearer.expected.issuer = null
	sasl.oauthbearer.header.urlencode = false
	sasl.oauthbearer.jwks.endpoint.refresh.ms = 3600000
	sasl.oauthbearer.jwks.endpoint.retry.backoff.max.ms = 10000
	sasl.oauthbearer.jwks.endpoint.retry.backoff.ms = 100
	sasl.oauthbearer.jwks.endpoint.url = null
	sasl.oauthbearer.scope.claim.name = scope
	sasl.oauthbearer.sub.claim.name = sub
	sasl.oauthbearer.token.endpoint.url = null
	security.protocol = PLAINTEXT
	security.providers = null
	send.buffer.bytes = 131072
	session.timeout.ms = 45000
	socket.connection.setup.timeout.max.ms = 30000
	socket.connection.setup.timeout.ms = 10000
	ssl.cipher.suites = null
	ssl.enabled.protocols = [TLSv1.2, TLSv1.3]
	ssl.endpoint.identification.algorithm = https
	ssl.engine.factory.class = null
	ssl.key.password = null
	ssl.keymanager.algorithm = SunX509
	ssl.keystore.certificate.chain = null
	ssl.keystore.key = null
	ssl.keystore.location = null
	ssl.keystore.password = null
	ssl.keystore.type = JKS
	ssl.protocol = TLSv1.3
	ssl.provider = null
	ssl.secure.random.implementation = null
	ssl.trustmanager.algorithm = PKIX
	ssl.truststore.certificates = null
	ssl.truststore.location = null
	ssl.truststore.password = null
	ssl.truststore.type = JKS
	value.deserializer = class io.apicurio.registry.serde.avro.AvroKafkaDeserializer

2025-07-31 18:15:31,691 INFO  [org.apa.kaf.com.tel.int.KafkaMetricsCollector] (main) initializing Kafka metrics collector
2025-07-31 18:15:31,698 INFO  [org.apa.kaf.cli.con.ConsumerConfig] (main) These configurations '[apicurio.registry.avro.encoding, apicurio.registry.url]' were supplied but are not used yet.
2025-07-31 18:15:31,698 INFO  [org.apa.kaf.com.uti.AppInfoParser] (main) Kafka version: 3.9.1
2025-07-31 18:15:31,698 INFO  [org.apa.kaf.com.uti.AppInfoParser] (main) Kafka commitId: f745dfdcee2b9851
2025-07-31 18:15:31,698 INFO  [org.apa.kaf.com.uti.AppInfoParser] (main) Kafka startTimeMs: 1753985731698
2025-07-31 18:15:31,699 INFO  [org.apa.kaf.cli.con.int.ClassicKafkaConsumer] (Thread-612) [Consumer clientId=consumer-Consumer-topic-8650433f_6d13_4e7d_8480_66f6f84e4773-3, groupId=Consumer-topic-8650433f_6d13_4e7d_8480_66f6f84e4773] Subscribed to topic(s): topic-8650433f_6d13_4e7d_8480_66f6f84e4773
2025-07-31 18:15:31,708 INFO  [org.apa.kaf.cli.Metadata] (Thread-612) [Consumer clientId=consumer-Consumer-topic-8650433f_6d13_4e7d_8480_66f6f84e4773-3, groupId=Consumer-topic-8650433f_6d13_4e7d_8480_66f6f84e4773] Cluster ID: l9YG0eo6TEyFi47Ppqwpmg
2025-07-31 18:15:31,713 INFO  [org.apa.kaf.cli.con.int.ConsumerCoordinator] (Thread-612) [Consumer clientId=consumer-Consumer-topic-8650433f_6d13_4e7d_8480_66f6f84e4773-3, groupId=Consumer-topic-8650433f_6d13_4e7d_8480_66f6f84e4773] Discovered group coordinator localhost:32770 (id: 2147483647 rack: null)
2025-07-31 18:15:31,717 INFO  [org.apa.kaf.cli.con.int.ConsumerCoordinator] (Thread-612) [Consumer clientId=consumer-Consumer-topic-8650433f_6d13_4e7d_8480_66f6f84e4773-3, groupId=Consumer-topic-8650433f_6d13_4e7d_8480_66f6f84e4773] (Re-)joining group
2025-07-31 18:15:31,724 INFO  [org.apa.kaf.cli.con.int.ConsumerCoordinator] (Thread-612) [Consumer clientId=consumer-Consumer-topic-8650433f_6d13_4e7d_8480_66f6f84e4773-3, groupId=Consumer-topic-8650433f_6d13_4e7d_8480_66f6f84e4773] Request joining group due to: need to re-join with the given member-id: consumer-Consumer-topic-8650433f_6d13_4e7d_8480_66f6f84e4773-3-62a7473e-a993-47c6-8a80-064cec2fbc34
2025-07-31 18:15:31,724 INFO  [org.apa.kaf.cli.con.int.ConsumerCoordinator] (Thread-612) [Consumer clientId=consumer-Consumer-topic-8650433f_6d13_4e7d_8480_66f6f84e4773-3, groupId=Consumer-topic-8650433f_6d13_4e7d_8480_66f6f84e4773] (Re-)joining group
2025-07-31 18:15:31,729 INFO  [org.apa.kaf.cli.con.int.ConsumerCoordinator] (Thread-612) [Consumer clientId=consumer-Consumer-topic-8650433f_6d13_4e7d_8480_66f6f84e4773-3, groupId=Consumer-topic-8650433f_6d13_4e7d_8480_66f6f84e4773] Successfully joined group with generation Generation{generationId=1, memberId='consumer-Consumer-topic-8650433f_6d13_4e7d_8480_66f6f84e4773-3-62a7473e-a993-47c6-8a80-064cec2fbc34', protocol='range'}
2025-07-31 18:15:31,729 INFO  [org.apa.kaf.cli.con.int.ConsumerCoordinator] (Thread-612) [Consumer clientId=consumer-Consumer-topic-8650433f_6d13_4e7d_8480_66f6f84e4773-3, groupId=Consumer-topic-8650433f_6d13_4e7d_8480_66f6f84e4773] Finished assignment for group at generation 1: {consumer-Consumer-topic-8650433f_6d13_4e7d_8480_66f6f84e4773-3-62a7473e-a993-47c6-8a80-064cec2fbc34=Assignment(partitions=[topic-8650433f_6d13_4e7d_8480_66f6f84e4773-0])}
2025-07-31 18:15:31,732 INFO  [org.apa.kaf.cli.con.int.ConsumerCoordinator] (Thread-612) [Consumer clientId=consumer-Consumer-topic-8650433f_6d13_4e7d_8480_66f6f84e4773-3, groupId=Consumer-topic-8650433f_6d13_4e7d_8480_66f6f84e4773] Successfully synced group in generation Generation{generationId=1, memberId='consumer-Consumer-topic-8650433f_6d13_4e7d_8480_66f6f84e4773-3-62a7473e-a993-47c6-8a80-064cec2fbc34', protocol='range'}
2025-07-31 18:15:31,733 INFO  [org.apa.kaf.cli.con.int.ConsumerCoordinator] (Thread-612) [Consumer clientId=consumer-Consumer-topic-8650433f_6d13_4e7d_8480_66f6f84e4773-3, groupId=Consumer-topic-8650433f_6d13_4e7d_8480_66f6f84e4773] Notifying assignor about the new Assignment(partitions=[topic-8650433f_6d13_4e7d_8480_66f6f84e4773-0])
2025-07-31 18:15:31,733 INFO  [org.apa.kaf.cli.con.int.ConsumerRebalanceListenerInvoker] (Thread-612) [Consumer clientId=consumer-Consumer-topic-8650433f_6d13_4e7d_8480_66f6f84e4773-3, groupId=Consumer-topic-8650433f_6d13_4e7d_8480_66f6f84e4773] Adding newly assigned partitions: topic-8650433f_6d13_4e7d_8480_66f6f84e4773-0
2025-07-31 18:15:31,734 INFO  [org.apa.kaf.cli.con.int.ConsumerCoordinator] (Thread-612) [Consumer clientId=consumer-Consumer-topic-8650433f_6d13_4e7d_8480_66f6f84e4773-3, groupId=Consumer-topic-8650433f_6d13_4e7d_8480_66f6f84e4773] Found no committed offset for partition topic-8650433f_6d13_4e7d_8480_66f6f84e4773-0
2025-07-31 18:15:31,749 INFO  [org.apa.kaf.cli.con.int.SubscriptionState] (Thread-612) [Consumer clientId=consumer-Consumer-topic-8650433f_6d13_4e7d_8480_66f6f84e4773-3, groupId=Consumer-topic-8650433f_6d13_4e7d_8480_66f6f84e4773] Resetting offset for partition topic-8650433f_6d13_4e7d_8480_66f6f84e4773-0 to position FetchPosition{offset=0, offsetEpoch=Optional.empty, currentLeader=LeaderAndEpoch{leader=Optional[localhost:32770 (id: 0 rack: null)], epoch=0}}.
2025-07-31 18:15:31,803 INFO  [io.api.tes.ser.api.KafkaSerdesTester] (Thread-612) topic-8650433f_6d13_4e7d_8480_66f6f84e4773 0 0 {"bar": "value-0"}
2025-07-31 18:15:31,803 INFO  [io.api.tes.ser.api.KafkaSerdesTester] (Thread-612) topic-8650433f_6d13_4e7d_8480_66f6f84e4773 0 1 {"bar": "value-1"}
2025-07-31 18:15:31,804 INFO  [io.api.tes.ser.api.KafkaSerdesTester] (Thread-612) topic-8650433f_6d13_4e7d_8480_66f6f84e4773 0 2 {"bar": "value-2"}
2025-07-31 18:15:31,804 INFO  [io.api.tes.ser.api.KafkaSerdesTester] (Thread-612) topic-8650433f_6d13_4e7d_8480_66f6f84e4773 0 3 {"bar": "value-3"}
2025-07-31 18:15:31,804 INFO  [io.api.tes.ser.api.KafkaSerdesTester] (Thread-612) topic-8650433f_6d13_4e7d_8480_66f6f84e4773 0 4 {"bar": "value-4"}
2025-07-31 18:15:31,804 INFO  [io.api.tes.ser.api.KafkaSerdesTester] (Thread-612) topic-8650433f_6d13_4e7d_8480_66f6f84e4773 0 5 {"bar": "value-5"}
2025-07-31 18:15:31,804 INFO  [io.api.tes.ser.api.KafkaSerdesTester] (Thread-612) topic-8650433f_6d13_4e7d_8480_66f6f84e4773 0 6 {"bar": "value-6"}
2025-07-31 18:15:31,804 INFO  [io.api.tes.ser.api.KafkaSerdesTester] (Thread-612) topic-8650433f_6d13_4e7d_8480_66f6f84e4773 0 7 {"bar": "value-7"}
2025-07-31 18:15:31,804 INFO  [io.api.tes.ser.api.KafkaSerdesTester] (Thread-612) topic-8650433f_6d13_4e7d_8480_66f6f84e4773 0 8 {"bar": "value-8"}
2025-07-31 18:15:31,804 INFO  [io.api.tes.ser.api.KafkaSerdesTester] (Thread-612) topic-8650433f_6d13_4e7d_8480_66f6f84e4773 0 9 {"bar": "value-9"}
2025-07-31 18:15:31,805 INFO  [io.api.tes.ser.api.KafkaSerdesTester] (Thread-612) Consumed 10 messages
2025-07-31 18:15:31,808 INFO  [org.apa.kaf.cli.con.int.ConsumerRebalanceListenerInvoker] (Thread-612) [Consumer clientId=consumer-Consumer-topic-8650433f_6d13_4e7d_8480_66f6f84e4773-3, groupId=Consumer-topic-8650433f_6d13_4e7d_8480_66f6f84e4773] Revoke previously assigned partitions topic-8650433f_6d13_4e7d_8480_66f6f84e4773-0
2025-07-31 18:15:31,808 INFO  [org.apa.kaf.cli.con.int.ConsumerCoordinator] (Thread-612) [Consumer clientId=consumer-Consumer-topic-8650433f_6d13_4e7d_8480_66f6f84e4773-3, groupId=Consumer-topic-8650433f_6d13_4e7d_8480_66f6f84e4773] Member consumer-Consumer-topic-8650433f_6d13_4e7d_8480_66f6f84e4773-3-62a7473e-a993-47c6-8a80-064cec2fbc34 sending LeaveGroup request to coordinator localhost:32770 (id: 2147483647 rack: null) due to the consumer is being closed
2025-07-31 18:15:31,809 INFO  [org.apa.kaf.cli.con.int.ConsumerCoordinator] (Thread-612) [Consumer clientId=consumer-Consumer-topic-8650433f_6d13_4e7d_8480_66f6f84e4773-3, groupId=Consumer-topic-8650433f_6d13_4e7d_8480_66f6f84e4773] Resetting generation and member id due to: consumer pro-actively leaving the group
2025-07-31 18:15:31,809 INFO  [org.apa.kaf.cli.con.int.ConsumerCoordinator] (Thread-612) [Consumer clientId=consumer-Consumer-topic-8650433f_6d13_4e7d_8480_66f6f84e4773-3, groupId=Consumer-topic-8650433f_6d13_4e7d_8480_66f6f84e4773] Request joining group due to: consumer pro-actively leaving the group
2025-07-31 18:15:32,308 INFO  [org.apa.kaf.com.met.Metrics] (Thread-612) Metrics scheduler closed
2025-07-31 18:15:32,308 INFO  [org.apa.kaf.com.met.Metrics] (Thread-612) Closing reporter org.apache.kafka.common.metrics.JmxReporter
2025-07-31 18:15:32,308 INFO  [org.apa.kaf.com.met.Metrics] (Thread-612) Closing reporter org.apache.kafka.common.telemetry.internals.ClientTelemetryReporter
2025-07-31 18:15:32,308 INFO  [org.apa.kaf.com.met.Metrics] (Thread-612) Metrics reporters closed
2025-07-31 18:15:32,313 INFO  [org.apa.kaf.com.uti.AppInfoParser] (Thread-612) App info kafka.consumer for consumer-Consumer-topic-8650433f_6d13_4e7d_8480_66f6f84e4773-3 unregistered
2025-07-31 18:15:32,314 INFO  [io.api.tes.uti.TestSeparator] (main) io.apicurio.tests.serdes.apicurio.AvroSerdeIT.testAvroJSON-FINISHED
2025-07-31 18:15:32,314 INFO  [io.api.tes.uti.TestSeparator] (main) ############################################################################
Test passed: testAvroJSON
]]></system-out>
  </testcase>
  <testcase name="testTopicIdStrategyAutoRegister" classname="io.apicurio.tests.serdes.apicurio.AvroSerdeIT" time="0.982">
    <system-out><![CDATA[2025-07-31 18:15:32,316 INFO  [io.api.tes.uti.TestSeparator] (main) ############################################################################
2025-07-31 18:15:32,316 INFO  [io.api.tes.uti.TestSeparator] (main) io.apicurio.tests.serdes.apicurio.AvroSerdeIT.testTopicIdStrategyAutoRegister-STARTED
**** Registry Base URL: http://registry-app-mysql.apps.ci419.apicurio-testing.org:80
2025-07-31 18:15:32,322 INFO  [org.apa.kaf.cli.pro.ProducerConfig] (main) ProducerConfig values: 
	acks = -1
	auto.include.jmx.reporter = true
	batch.size = 16384
	bootstrap.servers = [PLAINTEXT://localhost:32770]
	buffer.memory = 33554432
	client.dns.lookup = use_all_dns_ips
	client.id = Producer-topic-fbb308dc_e9ba_4d5f_a28b_f87d67429d3b
	compression.gzip.level = -1
	compression.lz4.level = 9
	compression.type = none
	compression.zstd.level = 3
	connections.max.idle.ms = 10000
	delivery.timeout.ms = 120000
	enable.idempotence = true
	enable.metrics.push = true
	interceptor.classes = []
	key.serializer = class org.apache.kafka.common.serialization.StringSerializer
	linger.ms = 0
	max.block.ms = 60000
	max.in.flight.requests.per.connection = 5
	max.request.size = 1048576
	metadata.max.age.ms = 300000
	metadata.max.idle.ms = 300000
	metadata.recovery.strategy = none
	metric.reporters = []
	metrics.num.samples = 2
	metrics.recording.level = INFO
	metrics.sample.window.ms = 30000
	partitioner.adaptive.partitioning.enable = true
	partitioner.availability.timeout.ms = 0
	partitioner.class = null
	partitioner.ignore.keys = false
	receive.buffer.bytes = 32768
	reconnect.backoff.max.ms = 1000
	reconnect.backoff.ms = 50
	request.timeout.ms = 5000
	retries = 2147483647
	retry.backoff.max.ms = 1000
	retry.backoff.ms = 100
	sasl.client.callback.handler.class = null
	sasl.jaas.config = null
	sasl.kerberos.kinit.cmd = /usr/bin/kinit
	sasl.kerberos.min.time.before.relogin = 60000
	sasl.kerberos.service.name = null
	sasl.kerberos.ticket.renew.jitter = 0.05
	sasl.kerberos.ticket.renew.window.factor = 0.8
	sasl.login.callback.handler.class = null
	sasl.login.class = null
	sasl.login.connect.timeout.ms = null
	sasl.login.read.timeout.ms = null
	sasl.login.refresh.buffer.seconds = 300
	sasl.login.refresh.min.period.seconds = 60
	sasl.login.refresh.window.factor = 0.8
	sasl.login.refresh.window.jitter = 0.05
	sasl.login.retry.backoff.max.ms = 10000
	sasl.login.retry.backoff.ms = 100
	sasl.mechanism = GSSAPI
	sasl.oauthbearer.clock.skew.seconds = 30
	sasl.oauthbearer.expected.audience = null
	sasl.oauthbearer.expected.issuer = null
	sasl.oauthbearer.header.urlencode = false
	sasl.oauthbearer.jwks.endpoint.refresh.ms = 3600000
	sasl.oauthbearer.jwks.endpoint.retry.backoff.max.ms = 10000
	sasl.oauthbearer.jwks.endpoint.retry.backoff.ms = 100
	sasl.oauthbearer.jwks.endpoint.url = null
	sasl.oauthbearer.scope.claim.name = scope
	sasl.oauthbearer.sub.claim.name = sub
	sasl.oauthbearer.token.endpoint.url = null
	security.protocol = PLAINTEXT
	security.providers = null
	send.buffer.bytes = 131072
	socket.connection.setup.timeout.max.ms = 30000
	socket.connection.setup.timeout.ms = 10000
	ssl.cipher.suites = null
	ssl.enabled.protocols = [TLSv1.2, TLSv1.3]
	ssl.endpoint.identification.algorithm = https
	ssl.engine.factory.class = null
	ssl.key.password = null
	ssl.keymanager.algorithm = SunX509
	ssl.keystore.certificate.chain = null
	ssl.keystore.key = null
	ssl.keystore.location = null
	ssl.keystore.password = null
	ssl.keystore.type = JKS
	ssl.protocol = TLSv1.3
	ssl.provider = null
	ssl.secure.random.implementation = null
	ssl.trustmanager.algorithm = PKIX
	ssl.truststore.certificates = null
	ssl.truststore.location = null
	ssl.truststore.password = null
	ssl.truststore.type = JKS
	transaction.timeout.ms = 60000
	transactional.id = null
	value.serializer = class io.apicurio.registry.serde.avro.AvroKafkaSerializer

2025-07-31 18:15:32,322 INFO  [org.apa.kaf.com.tel.int.KafkaMetricsCollector] (main) initializing Kafka metrics collector
2025-07-31 18:15:32,332 INFO  [org.apa.kaf.cli.pro.KafkaProducer] (main) [Producer clientId=Producer-topic-fbb308dc_e9ba_4d5f_a28b_f87d67429d3b] Instantiated an idempotent producer.
2025-07-31 18:15:32,348 INFO  [org.apa.kaf.cli.pro.ProducerConfig] (main) These configurations '[apicurio.registry.url, apicurio.registry.auto-register, apicurio.registry.artifact-resolver-strategy]' were supplied but are not used yet.
2025-07-31 18:15:32,348 INFO  [org.apa.kaf.com.uti.AppInfoParser] (main) Kafka version: 3.9.1
2025-07-31 18:15:32,349 INFO  [org.apa.kaf.com.uti.AppInfoParser] (main) Kafka commitId: f745dfdcee2b9851
2025-07-31 18:15:32,349 INFO  [org.apa.kaf.com.uti.AppInfoParser] (main) Kafka startTimeMs: 1753985732348
2025-07-31 18:15:32,354 INFO  [io.api.tes.ser.api.SimpleSerdesTesterBuilder$SimpleSerdesTester] (main) Using producer configuration: {apicurio.registry.url=http://registry-app-mysql.apps.ci419.apicurio-testing.org:80/apis/registry/v3, apicurio.registry.auto-register=true, apicurio.registry.artifact-resolver-strategy=io.apicurio.registry.serde.strategy.TopicIdStrategy, value.serializer=io.apicurio.registry.serde.avro.AvroKafkaSerializer, request.timeout.ms=5000, acks=all, bootstrap.servers=PLAINTEXT://localhost:32770, connections.max.idle.ms=10000, key.serializer=org.apache.kafka.common.serialization.StringSerializer, client.id=Producer-topic-fbb308dc_e9ba_4d5f_a28b_f87d67429d3b}
2025-07-31 18:15:32,354 INFO  [io.api.tes.ser.api.SimpleSerdesTesterBuilder$SimpleSerdesTester] (main) Using consumer configuration: {}
2025-07-31 18:15:32,367 INFO  [io.api.tes.ser.api.KafkaSerdesTester] (Thread-615) Sending message {"key11753985732316": "value-0"} to topic topic-fbb308dc_e9ba_4d5f_a28b_f87d67429d3b
2025-07-31 18:15:32,370 INFO  [org.apa.kaf.cli.Metadata] (kafka-producer-network-thread | Producer-topic-fbb308dc_e9ba_4d5f_a28b_f87d67429d3b) [Producer clientId=Producer-topic-fbb308dc_e9ba_4d5f_a28b_f87d67429d3b] Cluster ID: l9YG0eo6TEyFi47Ppqwpmg
2025-07-31 18:15:32,371 INFO  [org.apa.kaf.cli.pro.int.TransactionManager] (kafka-producer-network-thread | Producer-topic-fbb308dc_e9ba_4d5f_a28b_f87d67429d3b) [Producer clientId=Producer-topic-fbb308dc_e9ba_4d5f_a28b_f87d67429d3b] ProducerId set to 4 with epoch 0
2025-07-31 18:15:32,392 WARN  [org.apa.kaf.cli.NetworkClient] (kafka-producer-network-thread | Producer-topic-fbb308dc_e9ba_4d5f_a28b_f87d67429d3b) [Producer clientId=Producer-topic-fbb308dc_e9ba_4d5f_a28b_f87d67429d3b] The metadata response from the cluster reported a recoverable issue with correlation id 7 : {topic-fbb308dc_e9ba_4d5f_a28b_f87d67429d3b=LEADER_NOT_AVAILABLE}
2025-07-31 18:15:32,580 INFO  [io.api.tes.ser.api.KafkaSerdesTester] (Thread-615) Sending message {"key11753985732316": "value-1"} to topic topic-fbb308dc_e9ba_4d5f_a28b_f87d67429d3b
2025-07-31 18:15:32,583 INFO  [io.api.tes.ser.api.KafkaSerdesTester] (Thread-615) Sending message {"key11753985732316": "value-2"} to topic topic-fbb308dc_e9ba_4d5f_a28b_f87d67429d3b
2025-07-31 18:15:32,586 INFO  [io.api.tes.ser.api.KafkaSerdesTester] (Thread-615) Sending message {"key11753985732316": "value-3"} to topic topic-fbb308dc_e9ba_4d5f_a28b_f87d67429d3b
2025-07-31 18:15:32,590 INFO  [io.api.tes.ser.api.KafkaSerdesTester] (Thread-615) Sending message {"key11753985732316": "value-4"} to topic topic-fbb308dc_e9ba_4d5f_a28b_f87d67429d3b
2025-07-31 18:15:32,593 INFO  [io.api.tes.ser.api.KafkaSerdesTester] (Thread-615) Sending message {"key11753985732316": "value-5"} to topic topic-fbb308dc_e9ba_4d5f_a28b_f87d67429d3b
2025-07-31 18:15:32,595 INFO  [io.api.tes.ser.api.KafkaSerdesTester] (Thread-615) Sending message {"key11753985732316": "value-6"} to topic topic-fbb308dc_e9ba_4d5f_a28b_f87d67429d3b
2025-07-31 18:15:32,599 INFO  [io.api.tes.ser.api.KafkaSerdesTester] (Thread-615) Sending message {"key11753985732316": "value-7"} to topic topic-fbb308dc_e9ba_4d5f_a28b_f87d67429d3b
2025-07-31 18:15:32,601 INFO  [io.api.tes.ser.api.KafkaSerdesTester] (Thread-615) Sending message {"key11753985732316": "value-8"} to topic topic-fbb308dc_e9ba_4d5f_a28b_f87d67429d3b
2025-07-31 18:15:32,604 INFO  [io.api.tes.ser.api.KafkaSerdesTester] (Thread-615) Sending message {"key11753985732316": "value-9"} to topic topic-fbb308dc_e9ba_4d5f_a28b_f87d67429d3b
2025-07-31 18:15:32,607 INFO  [io.api.tes.ser.api.KafkaSerdesTester] (Thread-615) Produced 10 messages
2025-07-31 18:15:32,607 INFO  [org.apa.kaf.cli.pro.KafkaProducer] (Thread-615) [Producer clientId=Producer-topic-fbb308dc_e9ba_4d5f_a28b_f87d67429d3b] Closing the Kafka producer with timeoutMillis = 9223372036854775807 ms.
2025-07-31 18:15:32,611 INFO  [org.apa.kaf.com.met.Metrics] (Thread-615) Metrics scheduler closed
2025-07-31 18:15:32,611 INFO  [org.apa.kaf.com.met.Metrics] (Thread-615) Closing reporter org.apache.kafka.common.metrics.JmxReporter
2025-07-31 18:15:32,611 INFO  [org.apa.kaf.com.met.Metrics] (Thread-615) Closing reporter org.apache.kafka.common.telemetry.internals.ClientTelemetryReporter
2025-07-31 18:15:32,611 INFO  [org.apa.kaf.com.met.Metrics] (Thread-615) Metrics reporters closed
2025-07-31 18:15:32,611 INFO  [org.apa.kaf.com.uti.AppInfoParser] (Thread-615) App info kafka.producer for Producer-topic-fbb308dc_e9ba_4d5f_a28b_f87d67429d3b unregistered
**** Registry Base URL: http://registry-app-mysql.apps.ci419.apicurio-testing.org:80
2025-07-31 18:15:32,656 INFO  [org.apa.kaf.cli.con.ConsumerConfig] (main) ConsumerConfig values: 
	allow.auto.create.topics = true
	auto.commit.interval.ms = 500
	auto.include.jmx.reporter = true
	auto.offset.reset = earliest
	bootstrap.servers = [PLAINTEXT://localhost:32770]
	check.crcs = true
	client.dns.lookup = use_all_dns_ips
	client.id = consumer-Consumer-topic-fbb308dc_e9ba_4d5f_a28b_f87d67429d3b-4
	client.rack = 
	connections.max.idle.ms = 10000
	default.api.timeout.ms = 60000
	enable.auto.commit = true
	enable.metrics.push = true
	exclude.internal.topics = true
	fetch.max.bytes = 52428800
	fetch.max.wait.ms = 500
	fetch.min.bytes = 1
	group.id = Consumer-topic-fbb308dc_e9ba_4d5f_a28b_f87d67429d3b
	group.instance.id = null
	group.protocol = classic
	group.remote.assignor = null
	heartbeat.interval.ms = 3000
	interceptor.classes = []
	internal.leave.group.on.close = true
	internal.throw.on.fetch.stable.offset.unsupported = false
	isolation.level = read_uncommitted
	key.deserializer = class org.apache.kafka.common.serialization.StringDeserializer
	max.partition.fetch.bytes = 1048576
	max.poll.interval.ms = 300000
	max.poll.records = 500
	metadata.max.age.ms = 300000
	metadata.recovery.strategy = none
	metric.reporters = []
	metrics.num.samples = 2
	metrics.recording.level = INFO
	metrics.sample.window.ms = 30000
	partition.assignment.strategy = [class org.apache.kafka.clients.consumer.RangeAssignor, class org.apache.kafka.clients.consumer.CooperativeStickyAssignor]
	receive.buffer.bytes = 65536
	reconnect.backoff.max.ms = 1000
	reconnect.backoff.ms = 50
	request.timeout.ms = 5000
	retry.backoff.max.ms = 1000
	retry.backoff.ms = 100
	sasl.client.callback.handler.class = null
	sasl.jaas.config = null
	sasl.kerberos.kinit.cmd = /usr/bin/kinit
	sasl.kerberos.min.time.before.relogin = 60000
	sasl.kerberos.service.name = null
	sasl.kerberos.ticket.renew.jitter = 0.05
	sasl.kerberos.ticket.renew.window.factor = 0.8
	sasl.login.callback.handler.class = null
	sasl.login.class = null
	sasl.login.connect.timeout.ms = null
	sasl.login.read.timeout.ms = null
	sasl.login.refresh.buffer.seconds = 300
	sasl.login.refresh.min.period.seconds = 60
	sasl.login.refresh.window.factor = 0.8
	sasl.login.refresh.window.jitter = 0.05
	sasl.login.retry.backoff.max.ms = 10000
	sasl.login.retry.backoff.ms = 100
	sasl.mechanism = GSSAPI
	sasl.oauthbearer.clock.skew.seconds = 30
	sasl.oauthbearer.expected.audience = null
	sasl.oauthbearer.expected.issuer = null
	sasl.oauthbearer.header.urlencode = false
	sasl.oauthbearer.jwks.endpoint.refresh.ms = 3600000
	sasl.oauthbearer.jwks.endpoint.retry.backoff.max.ms = 10000
	sasl.oauthbearer.jwks.endpoint.retry.backoff.ms = 100
	sasl.oauthbearer.jwks.endpoint.url = null
	sasl.oauthbearer.scope.claim.name = scope
	sasl.oauthbearer.sub.claim.name = sub
	sasl.oauthbearer.token.endpoint.url = null
	security.protocol = PLAINTEXT
	security.providers = null
	send.buffer.bytes = 131072
	session.timeout.ms = 45000
	socket.connection.setup.timeout.max.ms = 30000
	socket.connection.setup.timeout.ms = 10000
	ssl.cipher.suites = null
	ssl.enabled.protocols = [TLSv1.2, TLSv1.3]
	ssl.endpoint.identification.algorithm = https
	ssl.engine.factory.class = null
	ssl.key.password = null
	ssl.keymanager.algorithm = SunX509
	ssl.keystore.certificate.chain = null
	ssl.keystore.key = null
	ssl.keystore.location = null
	ssl.keystore.password = null
	ssl.keystore.type = JKS
	ssl.protocol = TLSv1.3
	ssl.provider = null
	ssl.secure.random.implementation = null
	ssl.trustmanager.algorithm = PKIX
	ssl.truststore.certificates = null
	ssl.truststore.location = null
	ssl.truststore.password = null
	ssl.truststore.type = JKS
	value.deserializer = class io.apicurio.registry.serde.avro.AvroKafkaDeserializer

2025-07-31 18:15:32,656 INFO  [org.apa.kaf.com.tel.int.KafkaMetricsCollector] (main) initializing Kafka metrics collector
2025-07-31 18:15:32,663 INFO  [org.apa.kaf.cli.con.ConsumerConfig] (main) These configurations '[apicurio.registry.url]' were supplied but are not used yet.
2025-07-31 18:15:32,664 INFO  [org.apa.kaf.com.uti.AppInfoParser] (main) Kafka version: 3.9.1
2025-07-31 18:15:32,664 INFO  [org.apa.kaf.com.uti.AppInfoParser] (main) Kafka commitId: f745dfdcee2b9851
2025-07-31 18:15:32,664 INFO  [org.apa.kaf.com.uti.AppInfoParser] (main) Kafka startTimeMs: 1753985732663
2025-07-31 18:15:32,664 INFO  [org.apa.kaf.cli.con.int.ClassicKafkaConsumer] (Thread-618) [Consumer clientId=consumer-Consumer-topic-fbb308dc_e9ba_4d5f_a28b_f87d67429d3b-4, groupId=Consumer-topic-fbb308dc_e9ba_4d5f_a28b_f87d67429d3b] Subscribed to topic(s): topic-fbb308dc_e9ba_4d5f_a28b_f87d67429d3b
2025-07-31 18:15:32,671 INFO  [org.apa.kaf.cli.Metadata] (Thread-618) [Consumer clientId=consumer-Consumer-topic-fbb308dc_e9ba_4d5f_a28b_f87d67429d3b-4, groupId=Consumer-topic-fbb308dc_e9ba_4d5f_a28b_f87d67429d3b] Cluster ID: l9YG0eo6TEyFi47Ppqwpmg
2025-07-31 18:15:32,673 INFO  [org.apa.kaf.cli.con.int.ConsumerCoordinator] (Thread-618) [Consumer clientId=consumer-Consumer-topic-fbb308dc_e9ba_4d5f_a28b_f87d67429d3b-4, groupId=Consumer-topic-fbb308dc_e9ba_4d5f_a28b_f87d67429d3b] Discovered group coordinator localhost:32770 (id: 2147483647 rack: null)
2025-07-31 18:15:32,677 INFO  [org.apa.kaf.cli.con.int.ConsumerCoordinator] (Thread-618) [Consumer clientId=consumer-Consumer-topic-fbb308dc_e9ba_4d5f_a28b_f87d67429d3b-4, groupId=Consumer-topic-fbb308dc_e9ba_4d5f_a28b_f87d67429d3b] (Re-)joining group
2025-07-31 18:15:32,681 INFO  [org.apa.kaf.cli.con.int.ConsumerCoordinator] (Thread-618) [Consumer clientId=consumer-Consumer-topic-fbb308dc_e9ba_4d5f_a28b_f87d67429d3b-4, groupId=Consumer-topic-fbb308dc_e9ba_4d5f_a28b_f87d67429d3b] Request joining group due to: need to re-join with the given member-id: consumer-Consumer-topic-fbb308dc_e9ba_4d5f_a28b_f87d67429d3b-4-93cd9f56-e2d6-4604-a823-7df72f0e19a0
2025-07-31 18:15:32,681 INFO  [org.apa.kaf.cli.con.int.ConsumerCoordinator] (Thread-618) [Consumer clientId=consumer-Consumer-topic-fbb308dc_e9ba_4d5f_a28b_f87d67429d3b-4, groupId=Consumer-topic-fbb308dc_e9ba_4d5f_a28b_f87d67429d3b] (Re-)joining group
2025-07-31 18:15:32,685 INFO  [org.apa.kaf.cli.con.int.ConsumerCoordinator] (Thread-618) [Consumer clientId=consumer-Consumer-topic-fbb308dc_e9ba_4d5f_a28b_f87d67429d3b-4, groupId=Consumer-topic-fbb308dc_e9ba_4d5f_a28b_f87d67429d3b] Successfully joined group with generation Generation{generationId=1, memberId='consumer-Consumer-topic-fbb308dc_e9ba_4d5f_a28b_f87d67429d3b-4-93cd9f56-e2d6-4604-a823-7df72f0e19a0', protocol='range'}
2025-07-31 18:15:32,686 INFO  [org.apa.kaf.cli.con.int.ConsumerCoordinator] (Thread-618) [Consumer clientId=consumer-Consumer-topic-fbb308dc_e9ba_4d5f_a28b_f87d67429d3b-4, groupId=Consumer-topic-fbb308dc_e9ba_4d5f_a28b_f87d67429d3b] Finished assignment for group at generation 1: {consumer-Consumer-topic-fbb308dc_e9ba_4d5f_a28b_f87d67429d3b-4-93cd9f56-e2d6-4604-a823-7df72f0e19a0=Assignment(partitions=[topic-fbb308dc_e9ba_4d5f_a28b_f87d67429d3b-0])}
2025-07-31 18:15:32,690 INFO  [org.apa.kaf.cli.con.int.ConsumerCoordinator] (Thread-618) [Consumer clientId=consumer-Consumer-topic-fbb308dc_e9ba_4d5f_a28b_f87d67429d3b-4, groupId=Consumer-topic-fbb308dc_e9ba_4d5f_a28b_f87d67429d3b] Successfully synced group in generation Generation{generationId=1, memberId='consumer-Consumer-topic-fbb308dc_e9ba_4d5f_a28b_f87d67429d3b-4-93cd9f56-e2d6-4604-a823-7df72f0e19a0', protocol='range'}
2025-07-31 18:15:32,690 INFO  [org.apa.kaf.cli.con.int.ConsumerCoordinator] (Thread-618) [Consumer clientId=consumer-Consumer-topic-fbb308dc_e9ba_4d5f_a28b_f87d67429d3b-4, groupId=Consumer-topic-fbb308dc_e9ba_4d5f_a28b_f87d67429d3b] Notifying assignor about the new Assignment(partitions=[topic-fbb308dc_e9ba_4d5f_a28b_f87d67429d3b-0])
2025-07-31 18:15:32,690 INFO  [org.apa.kaf.cli.con.int.ConsumerRebalanceListenerInvoker] (Thread-618) [Consumer clientId=consumer-Consumer-topic-fbb308dc_e9ba_4d5f_a28b_f87d67429d3b-4, groupId=Consumer-topic-fbb308dc_e9ba_4d5f_a28b_f87d67429d3b] Adding newly assigned partitions: topic-fbb308dc_e9ba_4d5f_a28b_f87d67429d3b-0
2025-07-31 18:15:32,692 INFO  [org.apa.kaf.cli.con.int.ConsumerCoordinator] (Thread-618) [Consumer clientId=consumer-Consumer-topic-fbb308dc_e9ba_4d5f_a28b_f87d67429d3b-4, groupId=Consumer-topic-fbb308dc_e9ba_4d5f_a28b_f87d67429d3b] Found no committed offset for partition topic-fbb308dc_e9ba_4d5f_a28b_f87d67429d3b-0
2025-07-31 18:15:32,697 INFO  [org.apa.kaf.cli.con.int.SubscriptionState] (Thread-618) [Consumer clientId=consumer-Consumer-topic-fbb308dc_e9ba_4d5f_a28b_f87d67429d3b-4, groupId=Consumer-topic-fbb308dc_e9ba_4d5f_a28b_f87d67429d3b] Resetting offset for partition topic-fbb308dc_e9ba_4d5f_a28b_f87d67429d3b-0 to position FetchPosition{offset=0, offsetEpoch=Optional.empty, currentLeader=LeaderAndEpoch{leader=Optional[localhost:32770 (id: 0 rack: null)], epoch=0}}.
2025-07-31 18:15:32,747 INFO  [io.api.tes.ser.api.KafkaSerdesTester] (Thread-618) topic-fbb308dc_e9ba_4d5f_a28b_f87d67429d3b 0 0 {"key11753985732316": "value-0"}
2025-07-31 18:15:32,747 INFO  [io.api.tes.ser.api.KafkaSerdesTester] (Thread-618) topic-fbb308dc_e9ba_4d5f_a28b_f87d67429d3b 0 1 {"key11753985732316": "value-1"}
2025-07-31 18:15:32,747 INFO  [io.api.tes.ser.api.KafkaSerdesTester] (Thread-618) topic-fbb308dc_e9ba_4d5f_a28b_f87d67429d3b 0 2 {"key11753985732316": "value-2"}
2025-07-31 18:15:32,747 INFO  [io.api.tes.ser.api.KafkaSerdesTester] (Thread-618) topic-fbb308dc_e9ba_4d5f_a28b_f87d67429d3b 0 3 {"key11753985732316": "value-3"}
2025-07-31 18:15:32,748 INFO  [io.api.tes.ser.api.KafkaSerdesTester] (Thread-618) topic-fbb308dc_e9ba_4d5f_a28b_f87d67429d3b 0 4 {"key11753985732316": "value-4"}
2025-07-31 18:15:32,748 INFO  [io.api.tes.ser.api.KafkaSerdesTester] (Thread-618) topic-fbb308dc_e9ba_4d5f_a28b_f87d67429d3b 0 5 {"key11753985732316": "value-5"}
2025-07-31 18:15:32,748 INFO  [io.api.tes.ser.api.KafkaSerdesTester] (Thread-618) topic-fbb308dc_e9ba_4d5f_a28b_f87d67429d3b 0 6 {"key11753985732316": "value-6"}
2025-07-31 18:15:32,748 INFO  [io.api.tes.ser.api.KafkaSerdesTester] (Thread-618) topic-fbb308dc_e9ba_4d5f_a28b_f87d67429d3b 0 7 {"key11753985732316": "value-7"}
2025-07-31 18:15:32,748 INFO  [io.api.tes.ser.api.KafkaSerdesTester] (Thread-618) topic-fbb308dc_e9ba_4d5f_a28b_f87d67429d3b 0 8 {"key11753985732316": "value-8"}
2025-07-31 18:15:32,749 INFO  [io.api.tes.ser.api.KafkaSerdesTester] (Thread-618) topic-fbb308dc_e9ba_4d5f_a28b_f87d67429d3b 0 9 {"key11753985732316": "value-9"}
2025-07-31 18:15:32,749 INFO  [io.api.tes.ser.api.KafkaSerdesTester] (Thread-618) Consumed 10 messages
2025-07-31 18:15:32,752 INFO  [org.apa.kaf.cli.con.int.ConsumerRebalanceListenerInvoker] (Thread-618) [Consumer clientId=consumer-Consumer-topic-fbb308dc_e9ba_4d5f_a28b_f87d67429d3b-4, groupId=Consumer-topic-fbb308dc_e9ba_4d5f_a28b_f87d67429d3b] Revoke previously assigned partitions topic-fbb308dc_e9ba_4d5f_a28b_f87d67429d3b-0
2025-07-31 18:15:32,752 INFO  [org.apa.kaf.cli.con.int.ConsumerCoordinator] (Thread-618) [Consumer clientId=consumer-Consumer-topic-fbb308dc_e9ba_4d5f_a28b_f87d67429d3b-4, groupId=Consumer-topic-fbb308dc_e9ba_4d5f_a28b_f87d67429d3b] Member consumer-Consumer-topic-fbb308dc_e9ba_4d5f_a28b_f87d67429d3b-4-93cd9f56-e2d6-4604-a823-7df72f0e19a0 sending LeaveGroup request to coordinator localhost:32770 (id: 2147483647 rack: null) due to the consumer is being closed
2025-07-31 18:15:32,752 INFO  [org.apa.kaf.cli.con.int.ConsumerCoordinator] (Thread-618) [Consumer clientId=consumer-Consumer-topic-fbb308dc_e9ba_4d5f_a28b_f87d67429d3b-4, groupId=Consumer-topic-fbb308dc_e9ba_4d5f_a28b_f87d67429d3b] Resetting generation and member id due to: consumer pro-actively leaving the group
2025-07-31 18:15:32,752 INFO  [org.apa.kaf.cli.con.int.ConsumerCoordinator] (Thread-618) [Consumer clientId=consumer-Consumer-topic-fbb308dc_e9ba_4d5f_a28b_f87d67429d3b-4, groupId=Consumer-topic-fbb308dc_e9ba_4d5f_a28b_f87d67429d3b] Request joining group due to: consumer pro-actively leaving the group
2025-07-31 18:15:33,251 INFO  [org.apa.kaf.com.met.Metrics] (Thread-618) Metrics scheduler closed
2025-07-31 18:15:33,251 INFO  [org.apa.kaf.com.met.Metrics] (Thread-618) Closing reporter org.apache.kafka.common.metrics.JmxReporter
2025-07-31 18:15:33,251 INFO  [org.apa.kaf.com.met.Metrics] (Thread-618) Closing reporter org.apache.kafka.common.telemetry.internals.ClientTelemetryReporter
2025-07-31 18:15:33,252 INFO  [org.apa.kaf.com.met.Metrics] (Thread-618) Metrics reporters closed
2025-07-31 18:15:33,255 INFO  [org.apa.kaf.com.uti.AppInfoParser] (Thread-618) App info kafka.consumer for consumer-Consumer-topic-fbb308dc_e9ba_4d5f_a28b_f87d67429d3b-4 unregistered
2025-07-31 18:15:33,297 INFO  [io.api.tes.uti.TestSeparator] (main) io.apicurio.tests.serdes.apicurio.AvroSerdeIT.testTopicIdStrategyAutoRegister-FINISHED
2025-07-31 18:15:33,297 INFO  [io.api.tes.uti.TestSeparator] (main) ############################################################################
Test passed: testTopicIdStrategyAutoRegister
]]></system-out>
  </testcase>
  <testcase name="testRecordIdStrategydFindLatest" classname="io.apicurio.tests.serdes.apicurio.AvroSerdeIT" time="1.824">
    <system-out><![CDATA[2025-07-31 18:15:33,298 INFO  [io.api.tes.uti.TestSeparator] (main) ############################################################################
2025-07-31 18:15:33,298 INFO  [io.api.tes.uti.TestSeparator] (main) io.apicurio.tests.serdes.apicurio.AvroSerdeIT.testRecordIdStrategydFindLatest-STARTED
2025-07-31 18:15:33,299 INFO  [io.api.tes.ser.api.AvroSerdeIT] (main) Registering Avro Schema: {"type":"record","name":"s6100f041xc2b3x4ad6x8036x3227058034e7","namespace":"s9c74e952xf25dx45f0xb95exb744d9035886","fields":[{"name":"key11753985733299","type":"string"}]}
**** Registry Base URL: http://registry-app-mysql.apps.ci419.apicurio-testing.org:80
2025-07-31 18:15:34,381 INFO  [org.apa.kaf.cli.pro.ProducerConfig] (main) ProducerConfig values: 
	acks = -1
	auto.include.jmx.reporter = true
	batch.size = 16384
	bootstrap.servers = [PLAINTEXT://localhost:32770]
	buffer.memory = 33554432
	client.dns.lookup = use_all_dns_ips
	client.id = Producer-topic-6b82b521_97cb_4536_a5de_2e4adce6d219
	compression.gzip.level = -1
	compression.lz4.level = 9
	compression.type = none
	compression.zstd.level = 3
	connections.max.idle.ms = 10000
	delivery.timeout.ms = 120000
	enable.idempotence = true
	enable.metrics.push = true
	interceptor.classes = []
	key.serializer = class org.apache.kafka.common.serialization.StringSerializer
	linger.ms = 0
	max.block.ms = 60000
	max.in.flight.requests.per.connection = 5
	max.request.size = 1048576
	metadata.max.age.ms = 300000
	metadata.max.idle.ms = 300000
	metadata.recovery.strategy = none
	metric.reporters = []
	metrics.num.samples = 2
	metrics.recording.level = INFO
	metrics.sample.window.ms = 30000
	partitioner.adaptive.partitioning.enable = true
	partitioner.availability.timeout.ms = 0
	partitioner.class = null
	partitioner.ignore.keys = false
	receive.buffer.bytes = 32768
	reconnect.backoff.max.ms = 1000
	reconnect.backoff.ms = 50
	request.timeout.ms = 5000
	retries = 2147483647
	retry.backoff.max.ms = 1000
	retry.backoff.ms = 100
	sasl.client.callback.handler.class = null
	sasl.jaas.config = null
	sasl.kerberos.kinit.cmd = /usr/bin/kinit
	sasl.kerberos.min.time.before.relogin = 60000
	sasl.kerberos.service.name = null
	sasl.kerberos.ticket.renew.jitter = 0.05
	sasl.kerberos.ticket.renew.window.factor = 0.8
	sasl.login.callback.handler.class = null
	sasl.login.class = null
	sasl.login.connect.timeout.ms = null
	sasl.login.read.timeout.ms = null
	sasl.login.refresh.buffer.seconds = 300
	sasl.login.refresh.min.period.seconds = 60
	sasl.login.refresh.window.factor = 0.8
	sasl.login.refresh.window.jitter = 0.05
	sasl.login.retry.backoff.max.ms = 10000
	sasl.login.retry.backoff.ms = 100
	sasl.mechanism = GSSAPI
	sasl.oauthbearer.clock.skew.seconds = 30
	sasl.oauthbearer.expected.audience = null
	sasl.oauthbearer.expected.issuer = null
	sasl.oauthbearer.header.urlencode = false
	sasl.oauthbearer.jwks.endpoint.refresh.ms = 3600000
	sasl.oauthbearer.jwks.endpoint.retry.backoff.max.ms = 10000
	sasl.oauthbearer.jwks.endpoint.retry.backoff.ms = 100
	sasl.oauthbearer.jwks.endpoint.url = null
	sasl.oauthbearer.scope.claim.name = scope
	sasl.oauthbearer.sub.claim.name = sub
	sasl.oauthbearer.token.endpoint.url = null
	security.protocol = PLAINTEXT
	security.providers = null
	send.buffer.bytes = 131072
	socket.connection.setup.timeout.max.ms = 30000
	socket.connection.setup.timeout.ms = 10000
	ssl.cipher.suites = null
	ssl.enabled.protocols = [TLSv1.2, TLSv1.3]
	ssl.endpoint.identification.algorithm = https
	ssl.engine.factory.class = null
	ssl.key.password = null
	ssl.keymanager.algorithm = SunX509
	ssl.keystore.certificate.chain = null
	ssl.keystore.key = null
	ssl.keystore.location = null
	ssl.keystore.password = null
	ssl.keystore.type = JKS
	ssl.protocol = TLSv1.3
	ssl.provider = null
	ssl.secure.random.implementation = null
	ssl.trustmanager.algorithm = PKIX
	ssl.truststore.certificates = null
	ssl.truststore.location = null
	ssl.truststore.password = null
	ssl.truststore.type = JKS
	transaction.timeout.ms = 60000
	transactional.id = null
	value.serializer = class io.apicurio.registry.serde.avro.AvroKafkaSerializer

2025-07-31 18:15:34,381 INFO  [org.apa.kaf.com.tel.int.KafkaMetricsCollector] (main) initializing Kafka metrics collector
2025-07-31 18:15:34,385 INFO  [org.apa.kaf.cli.pro.KafkaProducer] (main) [Producer clientId=Producer-topic-6b82b521_97cb_4536_a5de_2e4adce6d219] Instantiated an idempotent producer.
2025-07-31 18:15:34,388 INFO  [org.apa.kaf.cli.pro.ProducerConfig] (main) These configurations '[apicurio.registry.find-latest, apicurio.registry.url, apicurio.registry.artifact-resolver-strategy]' were supplied but are not used yet.
2025-07-31 18:15:34,389 INFO  [org.apa.kaf.com.uti.AppInfoParser] (main) Kafka version: 3.9.1
2025-07-31 18:15:34,389 INFO  [org.apa.kaf.com.uti.AppInfoParser] (main) Kafka commitId: f745dfdcee2b9851
2025-07-31 18:15:34,389 INFO  [org.apa.kaf.com.uti.AppInfoParser] (main) Kafka startTimeMs: 1753985734388
2025-07-31 18:15:34,389 INFO  [io.api.tes.ser.api.SimpleSerdesTesterBuilder$SimpleSerdesTester] (main) Using producer configuration: {apicurio.registry.find-latest=true, apicurio.registry.url=http://registry-app-mysql.apps.ci419.apicurio-testing.org:80/apis/registry/v3, apicurio.registry.artifact-resolver-strategy=io.apicurio.registry.serde.avro.strategy.RecordIdStrategy, value.serializer=io.apicurio.registry.serde.avro.AvroKafkaSerializer, request.timeout.ms=5000, acks=all, bootstrap.servers=PLAINTEXT://localhost:32770, connections.max.idle.ms=10000, key.serializer=org.apache.kafka.common.serialization.StringSerializer, client.id=Producer-topic-6b82b521_97cb_4536_a5de_2e4adce6d219}
2025-07-31 18:15:34,389 INFO  [io.api.tes.ser.api.SimpleSerdesTesterBuilder$SimpleSerdesTester] (main) Using consumer configuration: {}
2025-07-31 18:15:34,393 INFO  [io.api.tes.ser.api.KafkaSerdesTester] (Thread-621) Sending message {"key11753985733299": "value-0"} to topic topic-6b82b521_97cb_4536_a5de_2e4adce6d219
2025-07-31 18:15:34,397 INFO  [org.apa.kaf.cli.Metadata] (kafka-producer-network-thread | Producer-topic-6b82b521_97cb_4536_a5de_2e4adce6d219) [Producer clientId=Producer-topic-6b82b521_97cb_4536_a5de_2e4adce6d219] Cluster ID: l9YG0eo6TEyFi47Ppqwpmg
2025-07-31 18:15:34,399 INFO  [org.apa.kaf.cli.pro.int.TransactionManager] (kafka-producer-network-thread | Producer-topic-6b82b521_97cb_4536_a5de_2e4adce6d219) [Producer clientId=Producer-topic-6b82b521_97cb_4536_a5de_2e4adce6d219] ProducerId set to 5 with epoch 0
2025-07-31 18:15:34,481 INFO  [io.api.tes.ser.api.KafkaSerdesTester] (Thread-621) Sending message {"key11753985733299": "value-1"} to topic topic-6b82b521_97cb_4536_a5de_2e4adce6d219
2025-07-31 18:15:34,486 INFO  [io.api.tes.ser.api.KafkaSerdesTester] (Thread-621) Sending message {"key11753985733299": "value-2"} to topic topic-6b82b521_97cb_4536_a5de_2e4adce6d219
2025-07-31 18:15:34,488 INFO  [io.api.tes.ser.api.KafkaSerdesTester] (Thread-621) Sending message {"key11753985733299": "value-3"} to topic topic-6b82b521_97cb_4536_a5de_2e4adce6d219
2025-07-31 18:15:34,492 INFO  [io.api.tes.ser.api.KafkaSerdesTester] (Thread-621) Sending message {"key11753985733299": "value-4"} to topic topic-6b82b521_97cb_4536_a5de_2e4adce6d219
2025-07-31 18:15:34,496 INFO  [io.api.tes.ser.api.KafkaSerdesTester] (Thread-621) Sending message {"key11753985733299": "value-5"} to topic topic-6b82b521_97cb_4536_a5de_2e4adce6d219
2025-07-31 18:15:34,499 INFO  [io.api.tes.ser.api.KafkaSerdesTester] (Thread-621) Sending message {"key11753985733299": "value-6"} to topic topic-6b82b521_97cb_4536_a5de_2e4adce6d219
2025-07-31 18:15:34,502 INFO  [io.api.tes.ser.api.KafkaSerdesTester] (Thread-621) Sending message {"key11753985733299": "value-7"} to topic topic-6b82b521_97cb_4536_a5de_2e4adce6d219
2025-07-31 18:15:34,505 INFO  [io.api.tes.ser.api.KafkaSerdesTester] (Thread-621) Sending message {"key11753985733299": "value-8"} to topic topic-6b82b521_97cb_4536_a5de_2e4adce6d219
2025-07-31 18:15:34,507 INFO  [io.api.tes.ser.api.KafkaSerdesTester] (Thread-621) Sending message {"key11753985733299": "value-9"} to topic topic-6b82b521_97cb_4536_a5de_2e4adce6d219
2025-07-31 18:15:34,510 INFO  [io.api.tes.ser.api.KafkaSerdesTester] (Thread-621) Produced 10 messages
2025-07-31 18:15:34,510 INFO  [org.apa.kaf.cli.pro.KafkaProducer] (Thread-621) [Producer clientId=Producer-topic-6b82b521_97cb_4536_a5de_2e4adce6d219] Closing the Kafka producer with timeoutMillis = 9223372036854775807 ms.
2025-07-31 18:15:34,513 INFO  [org.apa.kaf.com.met.Metrics] (Thread-621) Metrics scheduler closed
2025-07-31 18:15:34,513 INFO  [org.apa.kaf.com.met.Metrics] (Thread-621) Closing reporter org.apache.kafka.common.metrics.JmxReporter
2025-07-31 18:15:34,513 INFO  [org.apa.kaf.com.met.Metrics] (Thread-621) Closing reporter org.apache.kafka.common.telemetry.internals.ClientTelemetryReporter
2025-07-31 18:15:34,513 INFO  [org.apa.kaf.com.met.Metrics] (Thread-621) Metrics reporters closed
2025-07-31 18:15:34,514 INFO  [org.apa.kaf.com.uti.AppInfoParser] (Thread-621) App info kafka.producer for Producer-topic-6b82b521_97cb_4536_a5de_2e4adce6d219 unregistered
**** Registry Base URL: http://registry-app-mysql.apps.ci419.apicurio-testing.org:80
2025-07-31 18:15:34,515 INFO  [org.apa.kaf.cli.con.ConsumerConfig] (main) ConsumerConfig values: 
	allow.auto.create.topics = true
	auto.commit.interval.ms = 500
	auto.include.jmx.reporter = true
	auto.offset.reset = earliest
	bootstrap.servers = [PLAINTEXT://localhost:32770]
	check.crcs = true
	client.dns.lookup = use_all_dns_ips
	client.id = consumer-Consumer-topic-6b82b521_97cb_4536_a5de_2e4adce6d219-5
	client.rack = 
	connections.max.idle.ms = 10000
	default.api.timeout.ms = 60000
	enable.auto.commit = true
	enable.metrics.push = true
	exclude.internal.topics = true
	fetch.max.bytes = 52428800
	fetch.max.wait.ms = 500
	fetch.min.bytes = 1
	group.id = Consumer-topic-6b82b521_97cb_4536_a5de_2e4adce6d219
	group.instance.id = null
	group.protocol = classic
	group.remote.assignor = null
	heartbeat.interval.ms = 3000
	interceptor.classes = []
	internal.leave.group.on.close = true
	internal.throw.on.fetch.stable.offset.unsupported = false
	isolation.level = read_uncommitted
	key.deserializer = class org.apache.kafka.common.serialization.StringDeserializer
	max.partition.fetch.bytes = 1048576
	max.poll.interval.ms = 300000
	max.poll.records = 500
	metadata.max.age.ms = 300000
	metadata.recovery.strategy = none
	metric.reporters = []
	metrics.num.samples = 2
	metrics.recording.level = INFO
	metrics.sample.window.ms = 30000
	partition.assignment.strategy = [class org.apache.kafka.clients.consumer.RangeAssignor, class org.apache.kafka.clients.consumer.CooperativeStickyAssignor]
	receive.buffer.bytes = 65536
	reconnect.backoff.max.ms = 1000
	reconnect.backoff.ms = 50
	request.timeout.ms = 5000
	retry.backoff.max.ms = 1000
	retry.backoff.ms = 100
	sasl.client.callback.handler.class = null
	sasl.jaas.config = null
	sasl.kerberos.kinit.cmd = /usr/bin/kinit
	sasl.kerberos.min.time.before.relogin = 60000
	sasl.kerberos.service.name = null
	sasl.kerberos.ticket.renew.jitter = 0.05
	sasl.kerberos.ticket.renew.window.factor = 0.8
	sasl.login.callback.handler.class = null
	sasl.login.class = null
	sasl.login.connect.timeout.ms = null
	sasl.login.read.timeout.ms = null
	sasl.login.refresh.buffer.seconds = 300
	sasl.login.refresh.min.period.seconds = 60
	sasl.login.refresh.window.factor = 0.8
	sasl.login.refresh.window.jitter = 0.05
	sasl.login.retry.backoff.max.ms = 10000
	sasl.login.retry.backoff.ms = 100
	sasl.mechanism = GSSAPI
	sasl.oauthbearer.clock.skew.seconds = 30
	sasl.oauthbearer.expected.audience = null
	sasl.oauthbearer.expected.issuer = null
	sasl.oauthbearer.header.urlencode = false
	sasl.oauthbearer.jwks.endpoint.refresh.ms = 3600000
	sasl.oauthbearer.jwks.endpoint.retry.backoff.max.ms = 10000
	sasl.oauthbearer.jwks.endpoint.retry.backoff.ms = 100
	sasl.oauthbearer.jwks.endpoint.url = null
	sasl.oauthbearer.scope.claim.name = scope
	sasl.oauthbearer.sub.claim.name = sub
	sasl.oauthbearer.token.endpoint.url = null
	security.protocol = PLAINTEXT
	security.providers = null
	send.buffer.bytes = 131072
	session.timeout.ms = 45000
	socket.connection.setup.timeout.max.ms = 30000
	socket.connection.setup.timeout.ms = 10000
	ssl.cipher.suites = null
	ssl.enabled.protocols = [TLSv1.2, TLSv1.3]
	ssl.endpoint.identification.algorithm = https
	ssl.engine.factory.class = null
	ssl.key.password = null
	ssl.keymanager.algorithm = SunX509
	ssl.keystore.certificate.chain = null
	ssl.keystore.key = null
	ssl.keystore.location = null
	ssl.keystore.password = null
	ssl.keystore.type = JKS
	ssl.protocol = TLSv1.3
	ssl.provider = null
	ssl.secure.random.implementation = null
	ssl.trustmanager.algorithm = PKIX
	ssl.truststore.certificates = null
	ssl.truststore.location = null
	ssl.truststore.password = null
	ssl.truststore.type = JKS
	value.deserializer = class io.apicurio.registry.serde.avro.AvroKafkaDeserializer

2025-07-31 18:15:34,515 INFO  [org.apa.kaf.com.tel.int.KafkaMetricsCollector] (main) initializing Kafka metrics collector
2025-07-31 18:15:34,525 INFO  [org.apa.kaf.cli.con.ConsumerConfig] (main) These configurations '[apicurio.registry.url]' were supplied but are not used yet.
2025-07-31 18:15:34,525 INFO  [org.apa.kaf.com.uti.AppInfoParser] (main) Kafka version: 3.9.1
2025-07-31 18:15:34,525 INFO  [org.apa.kaf.com.uti.AppInfoParser] (main) Kafka commitId: f745dfdcee2b9851
2025-07-31 18:15:34,525 INFO  [org.apa.kaf.com.uti.AppInfoParser] (main) Kafka startTimeMs: 1753985734525
2025-07-31 18:15:34,526 INFO  [org.apa.kaf.cli.con.int.ClassicKafkaConsumer] (Thread-624) [Consumer clientId=consumer-Consumer-topic-6b82b521_97cb_4536_a5de_2e4adce6d219-5, groupId=Consumer-topic-6b82b521_97cb_4536_a5de_2e4adce6d219] Subscribed to topic(s): topic-6b82b521_97cb_4536_a5de_2e4adce6d219
2025-07-31 18:15:34,534 INFO  [org.apa.kaf.cli.Metadata] (Thread-624) [Consumer clientId=consumer-Consumer-topic-6b82b521_97cb_4536_a5de_2e4adce6d219-5, groupId=Consumer-topic-6b82b521_97cb_4536_a5de_2e4adce6d219] Cluster ID: l9YG0eo6TEyFi47Ppqwpmg
2025-07-31 18:15:34,536 INFO  [org.apa.kaf.cli.con.int.ConsumerCoordinator] (Thread-624) [Consumer clientId=consumer-Consumer-topic-6b82b521_97cb_4536_a5de_2e4adce6d219-5, groupId=Consumer-topic-6b82b521_97cb_4536_a5de_2e4adce6d219] Discovered group coordinator localhost:32770 (id: 2147483647 rack: null)
2025-07-31 18:15:34,539 INFO  [org.apa.kaf.cli.con.int.ConsumerCoordinator] (Thread-624) [Consumer clientId=consumer-Consumer-topic-6b82b521_97cb_4536_a5de_2e4adce6d219-5, groupId=Consumer-topic-6b82b521_97cb_4536_a5de_2e4adce6d219] (Re-)joining group
2025-07-31 18:15:34,547 INFO  [org.apa.kaf.cli.con.int.ConsumerCoordinator] (Thread-624) [Consumer clientId=consumer-Consumer-topic-6b82b521_97cb_4536_a5de_2e4adce6d219-5, groupId=Consumer-topic-6b82b521_97cb_4536_a5de_2e4adce6d219] Request joining group due to: need to re-join with the given member-id: consumer-Consumer-topic-6b82b521_97cb_4536_a5de_2e4adce6d219-5-1c2dc56f-5a10-4897-b55b-f9b8787964ba
2025-07-31 18:15:34,547 INFO  [org.apa.kaf.cli.con.int.ConsumerCoordinator] (Thread-624) [Consumer clientId=consumer-Consumer-topic-6b82b521_97cb_4536_a5de_2e4adce6d219-5, groupId=Consumer-topic-6b82b521_97cb_4536_a5de_2e4adce6d219] (Re-)joining group
2025-07-31 18:15:34,554 INFO  [org.apa.kaf.cli.con.int.ConsumerCoordinator] (Thread-624) [Consumer clientId=consumer-Consumer-topic-6b82b521_97cb_4536_a5de_2e4adce6d219-5, groupId=Consumer-topic-6b82b521_97cb_4536_a5de_2e4adce6d219] Successfully joined group with generation Generation{generationId=1, memberId='consumer-Consumer-topic-6b82b521_97cb_4536_a5de_2e4adce6d219-5-1c2dc56f-5a10-4897-b55b-f9b8787964ba', protocol='range'}
2025-07-31 18:15:34,554 INFO  [org.apa.kaf.cli.con.int.ConsumerCoordinator] (Thread-624) [Consumer clientId=consumer-Consumer-topic-6b82b521_97cb_4536_a5de_2e4adce6d219-5, groupId=Consumer-topic-6b82b521_97cb_4536_a5de_2e4adce6d219] Finished assignment for group at generation 1: {consumer-Consumer-topic-6b82b521_97cb_4536_a5de_2e4adce6d219-5-1c2dc56f-5a10-4897-b55b-f9b8787964ba=Assignment(partitions=[topic-6b82b521_97cb_4536_a5de_2e4adce6d219-0])}
2025-07-31 18:15:34,558 INFO  [org.apa.kaf.cli.con.int.ConsumerCoordinator] (Thread-624) [Consumer clientId=consumer-Consumer-topic-6b82b521_97cb_4536_a5de_2e4adce6d219-5, groupId=Consumer-topic-6b82b521_97cb_4536_a5de_2e4adce6d219] Successfully synced group in generation Generation{generationId=1, memberId='consumer-Consumer-topic-6b82b521_97cb_4536_a5de_2e4adce6d219-5-1c2dc56f-5a10-4897-b55b-f9b8787964ba', protocol='range'}
2025-07-31 18:15:34,558 INFO  [org.apa.kaf.cli.con.int.ConsumerCoordinator] (Thread-624) [Consumer clientId=consumer-Consumer-topic-6b82b521_97cb_4536_a5de_2e4adce6d219-5, groupId=Consumer-topic-6b82b521_97cb_4536_a5de_2e4adce6d219] Notifying assignor about the new Assignment(partitions=[topic-6b82b521_97cb_4536_a5de_2e4adce6d219-0])
2025-07-31 18:15:34,558 INFO  [org.apa.kaf.cli.con.int.ConsumerRebalanceListenerInvoker] (Thread-624) [Consumer clientId=consumer-Consumer-topic-6b82b521_97cb_4536_a5de_2e4adce6d219-5, groupId=Consumer-topic-6b82b521_97cb_4536_a5de_2e4adce6d219] Adding newly assigned partitions: topic-6b82b521_97cb_4536_a5de_2e4adce6d219-0
2025-07-31 18:15:34,559 INFO  [org.apa.kaf.cli.con.int.ConsumerCoordinator] (Thread-624) [Consumer clientId=consumer-Consumer-topic-6b82b521_97cb_4536_a5de_2e4adce6d219-5, groupId=Consumer-topic-6b82b521_97cb_4536_a5de_2e4adce6d219] Found no committed offset for partition topic-6b82b521_97cb_4536_a5de_2e4adce6d219-0
2025-07-31 18:15:34,564 INFO  [org.apa.kaf.cli.con.int.SubscriptionState] (Thread-624) [Consumer clientId=consumer-Consumer-topic-6b82b521_97cb_4536_a5de_2e4adce6d219-5, groupId=Consumer-topic-6b82b521_97cb_4536_a5de_2e4adce6d219] Resetting offset for partition topic-6b82b521_97cb_4536_a5de_2e4adce6d219-0 to position FetchPosition{offset=0, offsetEpoch=Optional.empty, currentLeader=LeaderAndEpoch{leader=Optional[localhost:32770 (id: 0 rack: null)], epoch=0}}.
2025-07-31 18:15:34,610 INFO  [io.api.tes.ser.api.KafkaSerdesTester] (Thread-624) topic-6b82b521_97cb_4536_a5de_2e4adce6d219 0 0 {"key11753985733299": "value-0"}
2025-07-31 18:15:34,611 INFO  [io.api.tes.ser.api.KafkaSerdesTester] (Thread-624) topic-6b82b521_97cb_4536_a5de_2e4adce6d219 0 1 {"key11753985733299": "value-1"}
2025-07-31 18:15:34,611 INFO  [io.api.tes.ser.api.KafkaSerdesTester] (Thread-624) topic-6b82b521_97cb_4536_a5de_2e4adce6d219 0 2 {"key11753985733299": "value-2"}
2025-07-31 18:15:34,611 INFO  [io.api.tes.ser.api.KafkaSerdesTester] (Thread-624) topic-6b82b521_97cb_4536_a5de_2e4adce6d219 0 3 {"key11753985733299": "value-3"}
2025-07-31 18:15:34,611 INFO  [io.api.tes.ser.api.KafkaSerdesTester] (Thread-624) topic-6b82b521_97cb_4536_a5de_2e4adce6d219 0 4 {"key11753985733299": "value-4"}
2025-07-31 18:15:34,611 INFO  [io.api.tes.ser.api.KafkaSerdesTester] (Thread-624) topic-6b82b521_97cb_4536_a5de_2e4adce6d219 0 5 {"key11753985733299": "value-5"}
2025-07-31 18:15:34,611 INFO  [io.api.tes.ser.api.KafkaSerdesTester] (Thread-624) topic-6b82b521_97cb_4536_a5de_2e4adce6d219 0 6 {"key11753985733299": "value-6"}
2025-07-31 18:15:34,611 INFO  [io.api.tes.ser.api.KafkaSerdesTester] (Thread-624) topic-6b82b521_97cb_4536_a5de_2e4adce6d219 0 7 {"key11753985733299": "value-7"}
2025-07-31 18:15:34,611 INFO  [io.api.tes.ser.api.KafkaSerdesTester] (Thread-624) topic-6b82b521_97cb_4536_a5de_2e4adce6d219 0 8 {"key11753985733299": "value-8"}
2025-07-31 18:15:34,611 INFO  [io.api.tes.ser.api.KafkaSerdesTester] (Thread-624) topic-6b82b521_97cb_4536_a5de_2e4adce6d219 0 9 {"key11753985733299": "value-9"}
2025-07-31 18:15:34,611 INFO  [io.api.tes.ser.api.KafkaSerdesTester] (Thread-624) Consumed 10 messages
2025-07-31 18:15:34,615 INFO  [org.apa.kaf.cli.con.int.ConsumerRebalanceListenerInvoker] (Thread-624) [Consumer clientId=consumer-Consumer-topic-6b82b521_97cb_4536_a5de_2e4adce6d219-5, groupId=Consumer-topic-6b82b521_97cb_4536_a5de_2e4adce6d219] Revoke previously assigned partitions topic-6b82b521_97cb_4536_a5de_2e4adce6d219-0
2025-07-31 18:15:34,615 INFO  [org.apa.kaf.cli.con.int.ConsumerCoordinator] (Thread-624) [Consumer clientId=consumer-Consumer-topic-6b82b521_97cb_4536_a5de_2e4adce6d219-5, groupId=Consumer-topic-6b82b521_97cb_4536_a5de_2e4adce6d219] Member consumer-Consumer-topic-6b82b521_97cb_4536_a5de_2e4adce6d219-5-1c2dc56f-5a10-4897-b55b-f9b8787964ba sending LeaveGroup request to coordinator localhost:32770 (id: 2147483647 rack: null) due to the consumer is being closed
2025-07-31 18:15:34,616 INFO  [org.apa.kaf.cli.con.int.ConsumerCoordinator] (Thread-624) [Consumer clientId=consumer-Consumer-topic-6b82b521_97cb_4536_a5de_2e4adce6d219-5, groupId=Consumer-topic-6b82b521_97cb_4536_a5de_2e4adce6d219] Resetting generation and member id due to: consumer pro-actively leaving the group
2025-07-31 18:15:34,616 INFO  [org.apa.kaf.cli.con.int.ConsumerCoordinator] (Thread-624) [Consumer clientId=consumer-Consumer-topic-6b82b521_97cb_4536_a5de_2e4adce6d219-5, groupId=Consumer-topic-6b82b521_97cb_4536_a5de_2e4adce6d219] Request joining group due to: consumer pro-actively leaving the group
2025-07-31 18:15:35,115 INFO  [org.apa.kaf.com.met.Metrics] (Thread-624) Metrics scheduler closed
2025-07-31 18:15:35,115 INFO  [org.apa.kaf.com.met.Metrics] (Thread-624) Closing reporter org.apache.kafka.common.metrics.JmxReporter
2025-07-31 18:15:35,115 INFO  [org.apa.kaf.com.met.Metrics] (Thread-624) Closing reporter org.apache.kafka.common.telemetry.internals.ClientTelemetryReporter
2025-07-31 18:15:35,115 INFO  [org.apa.kaf.com.met.Metrics] (Thread-624) Metrics reporters closed
2025-07-31 18:15:35,119 INFO  [org.apa.kaf.com.uti.AppInfoParser] (Thread-624) App info kafka.consumer for consumer-Consumer-topic-6b82b521_97cb_4536_a5de_2e4adce6d219-5 unregistered
2025-07-31 18:15:35,121 INFO  [io.api.tes.uti.TestSeparator] (main) io.apicurio.tests.serdes.apicurio.AvroSerdeIT.testRecordIdStrategydFindLatest-FINISHED
2025-07-31 18:15:35,121 INFO  [io.api.tes.uti.TestSeparator] (main) ############################################################################
Test passed: testRecordIdStrategydFindLatest
]]></system-out>
  </testcase>
  <testcase name="testReflectAutoRegister" classname="io.apicurio.tests.serdes.apicurio.AvroSerdeIT" time="0.938">
    <system-out><![CDATA[2025-07-31 18:15:35,125 INFO  [io.api.tes.uti.TestSeparator] (main) ############################################################################
2025-07-31 18:15:35,126 INFO  [io.api.tes.uti.TestSeparator] (main) io.apicurio.tests.serdes.apicurio.AvroSerdeIT.testReflectAutoRegister-STARTED
**** Registry Base URL: http://registry-app-mysql.apps.ci419.apicurio-testing.org:80
2025-07-31 18:15:35,129 INFO  [org.apa.kaf.cli.pro.ProducerConfig] (main) ProducerConfig values: 
	acks = -1
	auto.include.jmx.reporter = true
	batch.size = 16384
	bootstrap.servers = [PLAINTEXT://localhost:32770]
	buffer.memory = 33554432
	client.dns.lookup = use_all_dns_ips
	client.id = Producer-topic-825e0087_8e23_4f4c_b1a1_c8abdcbab358
	compression.gzip.level = -1
	compression.lz4.level = 9
	compression.type = none
	compression.zstd.level = 3
	connections.max.idle.ms = 10000
	delivery.timeout.ms = 120000
	enable.idempotence = true
	enable.metrics.push = true
	interceptor.classes = []
	key.serializer = class org.apache.kafka.common.serialization.StringSerializer
	linger.ms = 0
	max.block.ms = 60000
	max.in.flight.requests.per.connection = 5
	max.request.size = 1048576
	metadata.max.age.ms = 300000
	metadata.max.idle.ms = 300000
	metadata.recovery.strategy = none
	metric.reporters = []
	metrics.num.samples = 2
	metrics.recording.level = INFO
	metrics.sample.window.ms = 30000
	partitioner.adaptive.partitioning.enable = true
	partitioner.availability.timeout.ms = 0
	partitioner.class = null
	partitioner.ignore.keys = false
	receive.buffer.bytes = 32768
	reconnect.backoff.max.ms = 1000
	reconnect.backoff.ms = 50
	request.timeout.ms = 5000
	retries = 2147483647
	retry.backoff.max.ms = 1000
	retry.backoff.ms = 100
	sasl.client.callback.handler.class = null
	sasl.jaas.config = null
	sasl.kerberos.kinit.cmd = /usr/bin/kinit
	sasl.kerberos.min.time.before.relogin = 60000
	sasl.kerberos.service.name = null
	sasl.kerberos.ticket.renew.jitter = 0.05
	sasl.kerberos.ticket.renew.window.factor = 0.8
	sasl.login.callback.handler.class = null
	sasl.login.class = null
	sasl.login.connect.timeout.ms = null
	sasl.login.read.timeout.ms = null
	sasl.login.refresh.buffer.seconds = 300
	sasl.login.refresh.min.period.seconds = 60
	sasl.login.refresh.window.factor = 0.8
	sasl.login.refresh.window.jitter = 0.05
	sasl.login.retry.backoff.max.ms = 10000
	sasl.login.retry.backoff.ms = 100
	sasl.mechanism = GSSAPI
	sasl.oauthbearer.clock.skew.seconds = 30
	sasl.oauthbearer.expected.audience = null
	sasl.oauthbearer.expected.issuer = null
	sasl.oauthbearer.header.urlencode = false
	sasl.oauthbearer.jwks.endpoint.refresh.ms = 3600000
	sasl.oauthbearer.jwks.endpoint.retry.backoff.max.ms = 10000
	sasl.oauthbearer.jwks.endpoint.retry.backoff.ms = 100
	sasl.oauthbearer.jwks.endpoint.url = null
	sasl.oauthbearer.scope.claim.name = scope
	sasl.oauthbearer.sub.claim.name = sub
	sasl.oauthbearer.token.endpoint.url = null
	security.protocol = PLAINTEXT
	security.providers = null
	send.buffer.bytes = 131072
	socket.connection.setup.timeout.max.ms = 30000
	socket.connection.setup.timeout.ms = 10000
	ssl.cipher.suites = null
	ssl.enabled.protocols = [TLSv1.2, TLSv1.3]
	ssl.endpoint.identification.algorithm = https
	ssl.engine.factory.class = null
	ssl.key.password = null
	ssl.keymanager.algorithm = SunX509
	ssl.keystore.certificate.chain = null
	ssl.keystore.key = null
	ssl.keystore.location = null
	ssl.keystore.password = null
	ssl.keystore.type = JKS
	ssl.protocol = TLSv1.3
	ssl.provider = null
	ssl.secure.random.implementation = null
	ssl.trustmanager.algorithm = PKIX
	ssl.truststore.certificates = null
	ssl.truststore.location = null
	ssl.truststore.password = null
	ssl.truststore.type = JKS
	transaction.timeout.ms = 60000
	transactional.id = null
	value.serializer = class io.apicurio.registry.serde.avro.AvroKafkaSerializer

2025-07-31 18:15:35,130 INFO  [org.apa.kaf.com.tel.int.KafkaMetricsCollector] (main) initializing Kafka metrics collector
2025-07-31 18:15:35,152 INFO  [org.apa.kaf.cli.pro.KafkaProducer] (main) [Producer clientId=Producer-topic-825e0087_8e23_4f4c_b1a1_c8abdcbab358] Instantiated an idempotent producer.
2025-07-31 18:15:35,158 INFO  [org.apa.kaf.cli.pro.ProducerConfig] (main) These configurations '[apicurio.registry.url, apicurio.registry.auto-register, apicurio.registry.artifact-resolver-strategy, apicurio.registry.avro-datum-provider]' were supplied but are not used yet.
2025-07-31 18:15:35,158 INFO  [org.apa.kaf.com.uti.AppInfoParser] (main) Kafka version: 3.9.1
2025-07-31 18:15:35,158 INFO  [org.apa.kaf.com.uti.AppInfoParser] (main) Kafka commitId: f745dfdcee2b9851
2025-07-31 18:15:35,158 INFO  [org.apa.kaf.com.uti.AppInfoParser] (main) Kafka startTimeMs: 1753985735158
2025-07-31 18:15:35,160 INFO  [io.api.tes.ser.api.SimpleSerdesTesterBuilder$SimpleSerdesTester] (main) Using producer configuration: {apicurio.registry.url=http://registry-app-mysql.apps.ci419.apicurio-testing.org:80/apis/registry/v3, apicurio.registry.auto-register=true, apicurio.registry.artifact-resolver-strategy=io.apicurio.registry.serde.strategy.TopicIdStrategy, value.serializer=io.apicurio.registry.serde.avro.AvroKafkaSerializer, request.timeout.ms=5000, acks=all, bootstrap.servers=PLAINTEXT://localhost:32770, connections.max.idle.ms=10000, key.serializer=org.apache.kafka.common.serialization.StringSerializer, apicurio.registry.avro-datum-provider=io.apicurio.registry.serde.avro.ReflectAvroDatumProvider, client.id=Producer-topic-825e0087_8e23_4f4c_b1a1_c8abdcbab358}
2025-07-31 18:15:35,160 INFO  [io.api.tes.ser.api.SimpleSerdesTesterBuilder$SimpleSerdesTester] (main) Using consumer configuration: {apicurio.registry.avro-datum-provider=io.apicurio.registry.serde.avro.ReflectAvroDatumProvider}
2025-07-31 18:15:35,161 INFO  [io.api.tes.ser.api.KafkaSerdesTester] (Thread-627) Sending message io.apicurio.tests.common.serdes.TestObject@3dbd29cb to topic topic-825e0087_8e23_4f4c_b1a1_c8abdcbab358
2025-07-31 18:15:35,183 WARN  [org.apa.kaf.cli.NetworkClient] (kafka-producer-network-thread | Producer-topic-825e0087_8e23_4f4c_b1a1_c8abdcbab358) [Producer clientId=Producer-topic-825e0087_8e23_4f4c_b1a1_c8abdcbab358] The metadata response from the cluster reported a recoverable issue with correlation id 2 : {topic-825e0087_8e23_4f4c_b1a1_c8abdcbab358=LEADER_NOT_AVAILABLE}
2025-07-31 18:15:35,184 INFO  [org.apa.kaf.cli.Metadata] (kafka-producer-network-thread | Producer-topic-825e0087_8e23_4f4c_b1a1_c8abdcbab358) [Producer clientId=Producer-topic-825e0087_8e23_4f4c_b1a1_c8abdcbab358] Cluster ID: l9YG0eo6TEyFi47Ppqwpmg
2025-07-31 18:15:35,184 INFO  [org.apa.kaf.cli.pro.int.TransactionManager] (kafka-producer-network-thread | Producer-topic-825e0087_8e23_4f4c_b1a1_c8abdcbab358) [Producer clientId=Producer-topic-825e0087_8e23_4f4c_b1a1_c8abdcbab358] ProducerId set to 6 with epoch 0
2025-07-31 18:15:35,375 INFO  [io.api.tes.ser.api.KafkaSerdesTester] (Thread-627) Sending message io.apicurio.tests.common.serdes.TestObject@3dbd29cb to topic topic-825e0087_8e23_4f4c_b1a1_c8abdcbab358
2025-07-31 18:15:35,378 INFO  [io.api.tes.ser.api.KafkaSerdesTester] (Thread-627) Sending message io.apicurio.tests.common.serdes.TestObject@3dbd29cb to topic topic-825e0087_8e23_4f4c_b1a1_c8abdcbab358
2025-07-31 18:15:35,381 INFO  [io.api.tes.ser.api.KafkaSerdesTester] (Thread-627) Sending message io.apicurio.tests.common.serdes.TestObject@3dbd29cb to topic topic-825e0087_8e23_4f4c_b1a1_c8abdcbab358
2025-07-31 18:15:35,384 INFO  [io.api.tes.ser.api.KafkaSerdesTester] (Thread-627) Sending message io.apicurio.tests.common.serdes.TestObject@3dbd29cb to topic topic-825e0087_8e23_4f4c_b1a1_c8abdcbab358
2025-07-31 18:15:35,387 INFO  [io.api.tes.ser.api.KafkaSerdesTester] (Thread-627) Sending message io.apicurio.tests.common.serdes.TestObject@3dbd29cb to topic topic-825e0087_8e23_4f4c_b1a1_c8abdcbab358
2025-07-31 18:15:35,389 INFO  [io.api.tes.ser.api.KafkaSerdesTester] (Thread-627) Sending message io.apicurio.tests.common.serdes.TestObject@3dbd29cb to topic topic-825e0087_8e23_4f4c_b1a1_c8abdcbab358
2025-07-31 18:15:35,391 INFO  [io.api.tes.ser.api.KafkaSerdesTester] (Thread-627) Sending message io.apicurio.tests.common.serdes.TestObject@3dbd29cb to topic topic-825e0087_8e23_4f4c_b1a1_c8abdcbab358
2025-07-31 18:15:35,398 INFO  [io.api.tes.ser.api.KafkaSerdesTester] (Thread-627) Sending message io.apicurio.tests.common.serdes.TestObject@3dbd29cb to topic topic-825e0087_8e23_4f4c_b1a1_c8abdcbab358
2025-07-31 18:15:35,405 INFO  [io.api.tes.ser.api.KafkaSerdesTester] (Thread-627) Sending message io.apicurio.tests.common.serdes.TestObject@3dbd29cb to topic topic-825e0087_8e23_4f4c_b1a1_c8abdcbab358
2025-07-31 18:15:35,408 INFO  [io.api.tes.ser.api.KafkaSerdesTester] (Thread-627) Produced 10 messages
2025-07-31 18:15:35,408 INFO  [org.apa.kaf.cli.pro.KafkaProducer] (Thread-627) [Producer clientId=Producer-topic-825e0087_8e23_4f4c_b1a1_c8abdcbab358] Closing the Kafka producer with timeoutMillis = 9223372036854775807 ms.
2025-07-31 18:15:35,411 INFO  [org.apa.kaf.com.met.Metrics] (Thread-627) Metrics scheduler closed
2025-07-31 18:15:35,411 INFO  [org.apa.kaf.com.met.Metrics] (Thread-627) Closing reporter org.apache.kafka.common.metrics.JmxReporter
2025-07-31 18:15:35,411 INFO  [org.apa.kaf.com.met.Metrics] (Thread-627) Closing reporter org.apache.kafka.common.telemetry.internals.ClientTelemetryReporter
2025-07-31 18:15:35,411 INFO  [org.apa.kaf.com.met.Metrics] (Thread-627) Metrics reporters closed
2025-07-31 18:15:35,411 INFO  [org.apa.kaf.com.uti.AppInfoParser] (Thread-627) App info kafka.producer for Producer-topic-825e0087_8e23_4f4c_b1a1_c8abdcbab358 unregistered
**** Registry Base URL: http://registry-app-mysql.apps.ci419.apicurio-testing.org:80
2025-07-31 18:15:35,454 INFO  [org.apa.kaf.cli.con.ConsumerConfig] (main) ConsumerConfig values: 
	allow.auto.create.topics = true
	auto.commit.interval.ms = 500
	auto.include.jmx.reporter = true
	auto.offset.reset = earliest
	bootstrap.servers = [PLAINTEXT://localhost:32770]
	check.crcs = true
	client.dns.lookup = use_all_dns_ips
	client.id = consumer-Consumer-topic-825e0087_8e23_4f4c_b1a1_c8abdcbab358-6
	client.rack = 
	connections.max.idle.ms = 10000
	default.api.timeout.ms = 60000
	enable.auto.commit = true
	enable.metrics.push = true
	exclude.internal.topics = true
	fetch.max.bytes = 52428800
	fetch.max.wait.ms = 500
	fetch.min.bytes = 1
	group.id = Consumer-topic-825e0087_8e23_4f4c_b1a1_c8abdcbab358
	group.instance.id = null
	group.protocol = classic
	group.remote.assignor = null
	heartbeat.interval.ms = 3000
	interceptor.classes = []
	internal.leave.group.on.close = true
	internal.throw.on.fetch.stable.offset.unsupported = false
	isolation.level = read_uncommitted
	key.deserializer = class org.apache.kafka.common.serialization.StringDeserializer
	max.partition.fetch.bytes = 1048576
	max.poll.interval.ms = 300000
	max.poll.records = 500
	metadata.max.age.ms = 300000
	metadata.recovery.strategy = none
	metric.reporters = []
	metrics.num.samples = 2
	metrics.recording.level = INFO
	metrics.sample.window.ms = 30000
	partition.assignment.strategy = [class org.apache.kafka.clients.consumer.RangeAssignor, class org.apache.kafka.clients.consumer.CooperativeStickyAssignor]
	receive.buffer.bytes = 65536
	reconnect.backoff.max.ms = 1000
	reconnect.backoff.ms = 50
	request.timeout.ms = 5000
	retry.backoff.max.ms = 1000
	retry.backoff.ms = 100
	sasl.client.callback.handler.class = null
	sasl.jaas.config = null
	sasl.kerberos.kinit.cmd = /usr/bin/kinit
	sasl.kerberos.min.time.before.relogin = 60000
	sasl.kerberos.service.name = null
	sasl.kerberos.ticket.renew.jitter = 0.05
	sasl.kerberos.ticket.renew.window.factor = 0.8
	sasl.login.callback.handler.class = null
	sasl.login.class = null
	sasl.login.connect.timeout.ms = null
	sasl.login.read.timeout.ms = null
	sasl.login.refresh.buffer.seconds = 300
	sasl.login.refresh.min.period.seconds = 60
	sasl.login.refresh.window.factor = 0.8
	sasl.login.refresh.window.jitter = 0.05
	sasl.login.retry.backoff.max.ms = 10000
	sasl.login.retry.backoff.ms = 100
	sasl.mechanism = GSSAPI
	sasl.oauthbearer.clock.skew.seconds = 30
	sasl.oauthbearer.expected.audience = null
	sasl.oauthbearer.expected.issuer = null
	sasl.oauthbearer.header.urlencode = false
	sasl.oauthbearer.jwks.endpoint.refresh.ms = 3600000
	sasl.oauthbearer.jwks.endpoint.retry.backoff.max.ms = 10000
	sasl.oauthbearer.jwks.endpoint.retry.backoff.ms = 100
	sasl.oauthbearer.jwks.endpoint.url = null
	sasl.oauthbearer.scope.claim.name = scope
	sasl.oauthbearer.sub.claim.name = sub
	sasl.oauthbearer.token.endpoint.url = null
	security.protocol = PLAINTEXT
	security.providers = null
	send.buffer.bytes = 131072
	session.timeout.ms = 45000
	socket.connection.setup.timeout.max.ms = 30000
	socket.connection.setup.timeout.ms = 10000
	ssl.cipher.suites = null
	ssl.enabled.protocols = [TLSv1.2, TLSv1.3]
	ssl.endpoint.identification.algorithm = https
	ssl.engine.factory.class = null
	ssl.key.password = null
	ssl.keymanager.algorithm = SunX509
	ssl.keystore.certificate.chain = null
	ssl.keystore.key = null
	ssl.keystore.location = null
	ssl.keystore.password = null
	ssl.keystore.type = JKS
	ssl.protocol = TLSv1.3
	ssl.provider = null
	ssl.secure.random.implementation = null
	ssl.trustmanager.algorithm = PKIX
	ssl.truststore.certificates = null
	ssl.truststore.location = null
	ssl.truststore.password = null
	ssl.truststore.type = JKS
	value.deserializer = class io.apicurio.registry.serde.avro.AvroKafkaDeserializer

2025-07-31 18:15:35,454 INFO  [org.apa.kaf.com.tel.int.KafkaMetricsCollector] (main) initializing Kafka metrics collector
2025-07-31 18:15:35,460 INFO  [org.apa.kaf.cli.con.ConsumerConfig] (main) These configurations '[apicurio.registry.url, apicurio.registry.avro-datum-provider]' were supplied but are not used yet.
2025-07-31 18:15:35,460 INFO  [org.apa.kaf.com.uti.AppInfoParser] (main) Kafka version: 3.9.1
2025-07-31 18:15:35,460 INFO  [org.apa.kaf.com.uti.AppInfoParser] (main) Kafka commitId: f745dfdcee2b9851
2025-07-31 18:15:35,460 INFO  [org.apa.kaf.com.uti.AppInfoParser] (main) Kafka startTimeMs: 1753985735460
2025-07-31 18:15:35,461 INFO  [org.apa.kaf.cli.con.int.ClassicKafkaConsumer] (Thread-630) [Consumer clientId=consumer-Consumer-topic-825e0087_8e23_4f4c_b1a1_c8abdcbab358-6, groupId=Consumer-topic-825e0087_8e23_4f4c_b1a1_c8abdcbab358] Subscribed to topic(s): topic-825e0087_8e23_4f4c_b1a1_c8abdcbab358
2025-07-31 18:15:35,470 INFO  [org.apa.kaf.cli.Metadata] (Thread-630) [Consumer clientId=consumer-Consumer-topic-825e0087_8e23_4f4c_b1a1_c8abdcbab358-6, groupId=Consumer-topic-825e0087_8e23_4f4c_b1a1_c8abdcbab358] Cluster ID: l9YG0eo6TEyFi47Ppqwpmg
2025-07-31 18:15:35,472 INFO  [org.apa.kaf.cli.con.int.ConsumerCoordinator] (Thread-630) [Consumer clientId=consumer-Consumer-topic-825e0087_8e23_4f4c_b1a1_c8abdcbab358-6, groupId=Consumer-topic-825e0087_8e23_4f4c_b1a1_c8abdcbab358] Discovered group coordinator localhost:32770 (id: 2147483647 rack: null)
2025-07-31 18:15:35,474 INFO  [org.apa.kaf.cli.con.int.ConsumerCoordinator] (Thread-630) [Consumer clientId=consumer-Consumer-topic-825e0087_8e23_4f4c_b1a1_c8abdcbab358-6, groupId=Consumer-topic-825e0087_8e23_4f4c_b1a1_c8abdcbab358] (Re-)joining group
2025-07-31 18:15:35,480 INFO  [org.apa.kaf.cli.con.int.ConsumerCoordinator] (Thread-630) [Consumer clientId=consumer-Consumer-topic-825e0087_8e23_4f4c_b1a1_c8abdcbab358-6, groupId=Consumer-topic-825e0087_8e23_4f4c_b1a1_c8abdcbab358] Request joining group due to: need to re-join with the given member-id: consumer-Consumer-topic-825e0087_8e23_4f4c_b1a1_c8abdcbab358-6-a5a2dd1d-6c91-429c-9de8-3dc48651015d
2025-07-31 18:15:35,480 INFO  [org.apa.kaf.cli.con.int.ConsumerCoordinator] (Thread-630) [Consumer clientId=consumer-Consumer-topic-825e0087_8e23_4f4c_b1a1_c8abdcbab358-6, groupId=Consumer-topic-825e0087_8e23_4f4c_b1a1_c8abdcbab358] (Re-)joining group
2025-07-31 18:15:35,483 INFO  [org.apa.kaf.cli.con.int.ConsumerCoordinator] (Thread-630) [Consumer clientId=consumer-Consumer-topic-825e0087_8e23_4f4c_b1a1_c8abdcbab358-6, groupId=Consumer-topic-825e0087_8e23_4f4c_b1a1_c8abdcbab358] Successfully joined group with generation Generation{generationId=1, memberId='consumer-Consumer-topic-825e0087_8e23_4f4c_b1a1_c8abdcbab358-6-a5a2dd1d-6c91-429c-9de8-3dc48651015d', protocol='range'}
2025-07-31 18:15:35,484 INFO  [org.apa.kaf.cli.con.int.ConsumerCoordinator] (Thread-630) [Consumer clientId=consumer-Consumer-topic-825e0087_8e23_4f4c_b1a1_c8abdcbab358-6, groupId=Consumer-topic-825e0087_8e23_4f4c_b1a1_c8abdcbab358] Finished assignment for group at generation 1: {consumer-Consumer-topic-825e0087_8e23_4f4c_b1a1_c8abdcbab358-6-a5a2dd1d-6c91-429c-9de8-3dc48651015d=Assignment(partitions=[topic-825e0087_8e23_4f4c_b1a1_c8abdcbab358-0])}
2025-07-31 18:15:35,487 INFO  [org.apa.kaf.cli.con.int.ConsumerCoordinator] (Thread-630) [Consumer clientId=consumer-Consumer-topic-825e0087_8e23_4f4c_b1a1_c8abdcbab358-6, groupId=Consumer-topic-825e0087_8e23_4f4c_b1a1_c8abdcbab358] Successfully synced group in generation Generation{generationId=1, memberId='consumer-Consumer-topic-825e0087_8e23_4f4c_b1a1_c8abdcbab358-6-a5a2dd1d-6c91-429c-9de8-3dc48651015d', protocol='range'}
2025-07-31 18:15:35,487 INFO  [org.apa.kaf.cli.con.int.ConsumerCoordinator] (Thread-630) [Consumer clientId=consumer-Consumer-topic-825e0087_8e23_4f4c_b1a1_c8abdcbab358-6, groupId=Consumer-topic-825e0087_8e23_4f4c_b1a1_c8abdcbab358] Notifying assignor about the new Assignment(partitions=[topic-825e0087_8e23_4f4c_b1a1_c8abdcbab358-0])
2025-07-31 18:15:35,487 INFO  [org.apa.kaf.cli.con.int.ConsumerRebalanceListenerInvoker] (Thread-630) [Consumer clientId=consumer-Consumer-topic-825e0087_8e23_4f4c_b1a1_c8abdcbab358-6, groupId=Consumer-topic-825e0087_8e23_4f4c_b1a1_c8abdcbab358] Adding newly assigned partitions: topic-825e0087_8e23_4f4c_b1a1_c8abdcbab358-0
2025-07-31 18:15:35,490 INFO  [org.apa.kaf.cli.con.int.ConsumerCoordinator] (Thread-630) [Consumer clientId=consumer-Consumer-topic-825e0087_8e23_4f4c_b1a1_c8abdcbab358-6, groupId=Consumer-topic-825e0087_8e23_4f4c_b1a1_c8abdcbab358] Found no committed offset for partition topic-825e0087_8e23_4f4c_b1a1_c8abdcbab358-0
2025-07-31 18:15:35,496 INFO  [org.apa.kaf.cli.con.int.SubscriptionState] (Thread-630) [Consumer clientId=consumer-Consumer-topic-825e0087_8e23_4f4c_b1a1_c8abdcbab358-6, groupId=Consumer-topic-825e0087_8e23_4f4c_b1a1_c8abdcbab358] Resetting offset for partition topic-825e0087_8e23_4f4c_b1a1_c8abdcbab358-0 to position FetchPosition{offset=0, offsetEpoch=Optional.empty, currentLeader=LeaderAndEpoch{leader=Optional[localhost:32770 (id: 0 rack: null)], epoch=0}}.
2025-07-31 18:15:35,546 INFO  [io.api.tes.ser.api.KafkaSerdesTester] (Thread-630) topic-825e0087_8e23_4f4c_b1a1_c8abdcbab358 0 0 io.apicurio.tests.common.serdes.TestObject@3dbd29cb
2025-07-31 18:15:35,546 INFO  [io.api.tes.ser.api.KafkaSerdesTester] (Thread-630) topic-825e0087_8e23_4f4c_b1a1_c8abdcbab358 0 1 io.apicurio.tests.common.serdes.TestObject@3dbd29cb
2025-07-31 18:15:35,546 INFO  [io.api.tes.ser.api.KafkaSerdesTester] (Thread-630) topic-825e0087_8e23_4f4c_b1a1_c8abdcbab358 0 2 io.apicurio.tests.common.serdes.TestObject@3dbd29cb
2025-07-31 18:15:35,546 INFO  [io.api.tes.ser.api.KafkaSerdesTester] (Thread-630) topic-825e0087_8e23_4f4c_b1a1_c8abdcbab358 0 3 io.apicurio.tests.common.serdes.TestObject@3dbd29cb
2025-07-31 18:15:35,546 INFO  [io.api.tes.ser.api.KafkaSerdesTester] (Thread-630) topic-825e0087_8e23_4f4c_b1a1_c8abdcbab358 0 4 io.apicurio.tests.common.serdes.TestObject@3dbd29cb
2025-07-31 18:15:35,546 INFO  [io.api.tes.ser.api.KafkaSerdesTester] (Thread-630) topic-825e0087_8e23_4f4c_b1a1_c8abdcbab358 0 5 io.apicurio.tests.common.serdes.TestObject@3dbd29cb
2025-07-31 18:15:35,546 INFO  [io.api.tes.ser.api.KafkaSerdesTester] (Thread-630) topic-825e0087_8e23_4f4c_b1a1_c8abdcbab358 0 6 io.apicurio.tests.common.serdes.TestObject@3dbd29cb
2025-07-31 18:15:35,546 INFO  [io.api.tes.ser.api.KafkaSerdesTester] (Thread-630) topic-825e0087_8e23_4f4c_b1a1_c8abdcbab358 0 7 io.apicurio.tests.common.serdes.TestObject@3dbd29cb
2025-07-31 18:15:35,546 INFO  [io.api.tes.ser.api.KafkaSerdesTester] (Thread-630) topic-825e0087_8e23_4f4c_b1a1_c8abdcbab358 0 8 io.apicurio.tests.common.serdes.TestObject@3dbd29cb
2025-07-31 18:15:35,546 INFO  [io.api.tes.ser.api.KafkaSerdesTester] (Thread-630) topic-825e0087_8e23_4f4c_b1a1_c8abdcbab358 0 9 io.apicurio.tests.common.serdes.TestObject@3dbd29cb
2025-07-31 18:15:35,546 INFO  [io.api.tes.ser.api.KafkaSerdesTester] (Thread-630) Consumed 10 messages
2025-07-31 18:15:35,550 INFO  [org.apa.kaf.cli.con.int.ConsumerRebalanceListenerInvoker] (Thread-630) [Consumer clientId=consumer-Consumer-topic-825e0087_8e23_4f4c_b1a1_c8abdcbab358-6, groupId=Consumer-topic-825e0087_8e23_4f4c_b1a1_c8abdcbab358] Revoke previously assigned partitions topic-825e0087_8e23_4f4c_b1a1_c8abdcbab358-0
2025-07-31 18:15:35,550 INFO  [org.apa.kaf.cli.con.int.ConsumerCoordinator] (Thread-630) [Consumer clientId=consumer-Consumer-topic-825e0087_8e23_4f4c_b1a1_c8abdcbab358-6, groupId=Consumer-topic-825e0087_8e23_4f4c_b1a1_c8abdcbab358] Member consumer-Consumer-topic-825e0087_8e23_4f4c_b1a1_c8abdcbab358-6-a5a2dd1d-6c91-429c-9de8-3dc48651015d sending LeaveGroup request to coordinator localhost:32770 (id: 2147483647 rack: null) due to the consumer is being closed
2025-07-31 18:15:35,550 INFO  [org.apa.kaf.cli.con.int.ConsumerCoordinator] (Thread-630) [Consumer clientId=consumer-Consumer-topic-825e0087_8e23_4f4c_b1a1_c8abdcbab358-6, groupId=Consumer-topic-825e0087_8e23_4f4c_b1a1_c8abdcbab358] Resetting generation and member id due to: consumer pro-actively leaving the group
2025-07-31 18:15:35,550 INFO  [org.apa.kaf.cli.con.int.ConsumerCoordinator] (Thread-630) [Consumer clientId=consumer-Consumer-topic-825e0087_8e23_4f4c_b1a1_c8abdcbab358-6, groupId=Consumer-topic-825e0087_8e23_4f4c_b1a1_c8abdcbab358] Request joining group due to: consumer pro-actively leaving the group
2025-07-31 18:15:36,050 INFO  [org.apa.kaf.com.met.Metrics] (Thread-630) Metrics scheduler closed
2025-07-31 18:15:36,050 INFO  [org.apa.kaf.com.met.Metrics] (Thread-630) Closing reporter org.apache.kafka.common.metrics.JmxReporter
2025-07-31 18:15:36,051 INFO  [org.apa.kaf.com.met.Metrics] (Thread-630) Closing reporter org.apache.kafka.common.telemetry.internals.ClientTelemetryReporter
2025-07-31 18:15:36,051 INFO  [org.apa.kaf.com.met.Metrics] (Thread-630) Metrics reporters closed
2025-07-31 18:15:36,057 INFO  [org.apa.kaf.com.uti.AppInfoParser] (Thread-630) App info kafka.consumer for consumer-Consumer-topic-825e0087_8e23_4f4c_b1a1_c8abdcbab358-6 unregistered
2025-07-31 18:15:36,059 INFO  [io.api.tes.uti.TestSeparator] (main) io.apicurio.tests.serdes.apicurio.AvroSerdeIT.testReflectAutoRegister-FINISHED
2025-07-31 18:15:36,059 INFO  [io.api.tes.uti.TestSeparator] (main) ############################################################################
Test passed: testReflectAutoRegister
]]></system-out>
  </testcase>
  <testcase name="testArtifactNotFound" classname="io.apicurio.tests.serdes.apicurio.AvroSerdeIT" time="0.249">
    <system-out><![CDATA[2025-07-31 18:15:36,065 INFO  [io.api.tes.uti.TestSeparator] (main) ############################################################################
2025-07-31 18:15:36,065 INFO  [io.api.tes.uti.TestSeparator] (main) io.apicurio.tests.serdes.apicurio.AvroSerdeIT.testArtifactNotFound-STARTED
**** Registry Base URL: http://registry-app-mysql.apps.ci419.apicurio-testing.org:80
2025-07-31 18:15:36,067 INFO  [org.apa.kaf.cli.pro.ProducerConfig] (main) ProducerConfig values: 
	acks = -1
	auto.include.jmx.reporter = true
	batch.size = 16384
	bootstrap.servers = [PLAINTEXT://localhost:32770]
	buffer.memory = 33554432
	client.dns.lookup = use_all_dns_ips
	client.id = Producer-s060368dfx8f07x45fcx9c8cx42502cdd2fda
	compression.gzip.level = -1
	compression.lz4.level = 9
	compression.type = none
	compression.zstd.level = 3
	connections.max.idle.ms = 10000
	delivery.timeout.ms = 120000
	enable.idempotence = true
	enable.metrics.push = true
	interceptor.classes = []
	key.serializer = class org.apache.kafka.common.serialization.StringSerializer
	linger.ms = 0
	max.block.ms = 60000
	max.in.flight.requests.per.connection = 5
	max.request.size = 1048576
	metadata.max.age.ms = 300000
	metadata.max.idle.ms = 300000
	metadata.recovery.strategy = none
	metric.reporters = []
	metrics.num.samples = 2
	metrics.recording.level = INFO
	metrics.sample.window.ms = 30000
	partitioner.adaptive.partitioning.enable = true
	partitioner.availability.timeout.ms = 0
	partitioner.class = null
	partitioner.ignore.keys = false
	receive.buffer.bytes = 32768
	reconnect.backoff.max.ms = 1000
	reconnect.backoff.ms = 50
	request.timeout.ms = 5000
	retries = 2147483647
	retry.backoff.max.ms = 1000
	retry.backoff.ms = 100
	sasl.client.callback.handler.class = null
	sasl.jaas.config = null
	sasl.kerberos.kinit.cmd = /usr/bin/kinit
	sasl.kerberos.min.time.before.relogin = 60000
	sasl.kerberos.service.name = null
	sasl.kerberos.ticket.renew.jitter = 0.05
	sasl.kerberos.ticket.renew.window.factor = 0.8
	sasl.login.callback.handler.class = null
	sasl.login.class = null
	sasl.login.connect.timeout.ms = null
	sasl.login.read.timeout.ms = null
	sasl.login.refresh.buffer.seconds = 300
	sasl.login.refresh.min.period.seconds = 60
	sasl.login.refresh.window.factor = 0.8
	sasl.login.refresh.window.jitter = 0.05
	sasl.login.retry.backoff.max.ms = 10000
	sasl.login.retry.backoff.ms = 100
	sasl.mechanism = GSSAPI
	sasl.oauthbearer.clock.skew.seconds = 30
	sasl.oauthbearer.expected.audience = null
	sasl.oauthbearer.expected.issuer = null
	sasl.oauthbearer.header.urlencode = false
	sasl.oauthbearer.jwks.endpoint.refresh.ms = 3600000
	sasl.oauthbearer.jwks.endpoint.retry.backoff.max.ms = 10000
	sasl.oauthbearer.jwks.endpoint.retry.backoff.ms = 100
	sasl.oauthbearer.jwks.endpoint.url = null
	sasl.oauthbearer.scope.claim.name = scope
	sasl.oauthbearer.sub.claim.name = sub
	sasl.oauthbearer.token.endpoint.url = null
	security.protocol = PLAINTEXT
	security.providers = null
	send.buffer.bytes = 131072
	socket.connection.setup.timeout.max.ms = 30000
	socket.connection.setup.timeout.ms = 10000
	ssl.cipher.suites = null
	ssl.enabled.protocols = [TLSv1.2, TLSv1.3]
	ssl.endpoint.identification.algorithm = https
	ssl.engine.factory.class = null
	ssl.key.password = null
	ssl.keymanager.algorithm = SunX509
	ssl.keystore.certificate.chain = null
	ssl.keystore.key = null
	ssl.keystore.location = null
	ssl.keystore.password = null
	ssl.keystore.type = JKS
	ssl.protocol = TLSv1.3
	ssl.provider = null
	ssl.secure.random.implementation = null
	ssl.trustmanager.algorithm = PKIX
	ssl.truststore.certificates = null
	ssl.truststore.location = null
	ssl.truststore.password = null
	ssl.truststore.type = JKS
	transaction.timeout.ms = 60000
	transactional.id = null
	value.serializer = class io.apicurio.registry.serde.avro.AvroKafkaSerializer

2025-07-31 18:15:36,068 INFO  [org.apa.kaf.com.tel.int.KafkaMetricsCollector] (main) initializing Kafka metrics collector
2025-07-31 18:15:36,079 INFO  [org.apa.kaf.cli.pro.KafkaProducer] (main) [Producer clientId=Producer-s060368dfx8f07x45fcx9c8cx42502cdd2fda] Instantiated an idempotent producer.
2025-07-31 18:15:36,096 INFO  [org.apa.kaf.cli.pro.ProducerConfig] (main) These configurations '[apicurio.registry.url, apicurio.registry.artifact-resolver-strategy]' were supplied but are not used yet.
2025-07-31 18:15:36,096 INFO  [org.apa.kaf.com.uti.AppInfoParser] (main) Kafka version: 3.9.1
2025-07-31 18:15:36,096 INFO  [org.apa.kaf.com.uti.AppInfoParser] (main) Kafka commitId: f745dfdcee2b9851
2025-07-31 18:15:36,098 INFO  [org.apa.kaf.com.uti.AppInfoParser] (main) Kafka startTimeMs: 1753985736096
2025-07-31 18:15:36,099 INFO  [io.api.tes.ser.api.KafkaSerdesTester] (Thread-633) Sending message {"keyB": "value-0"} to topic s060368dfx8f07x45fcx9c8cx42502cdd2fda
2025-07-31 18:15:36,125 WARN  [org.apa.kaf.cli.NetworkClient] (kafka-producer-network-thread | Producer-s060368dfx8f07x45fcx9c8cx42502cdd2fda) [Producer clientId=Producer-s060368dfx8f07x45fcx9c8cx42502cdd2fda] The metadata response from the cluster reported a recoverable issue with correlation id 2 : {s060368dfx8f07x45fcx9c8cx42502cdd2fda=LEADER_NOT_AVAILABLE}
2025-07-31 18:15:36,126 INFO  [org.apa.kaf.cli.Metadata] (kafka-producer-network-thread | Producer-s060368dfx8f07x45fcx9c8cx42502cdd2fda) [Producer clientId=Producer-s060368dfx8f07x45fcx9c8cx42502cdd2fda] Cluster ID: l9YG0eo6TEyFi47Ppqwpmg
2025-07-31 18:15:36,129 INFO  [org.apa.kaf.cli.pro.int.TransactionManager] (kafka-producer-network-thread | Producer-s060368dfx8f07x45fcx9c8cx42502cdd2fda) [Producer clientId=Producer-s060368dfx8f07x45fcx9c8cx42502cdd2fda] ProducerId set to 7 with epoch 0
2025-07-31 18:15:36,254 INFO  [DefaultSchemaResolver] (Thread-633) Retrieving schema content using string: {"type":"record","name":"myrecord","namespace":"mygroup","fields":[{"name":"keyB","type":"string"}]}
2025-07-31 18:15:36,308 INFO  [org.apa.kaf.cli.pro.KafkaProducer] (Thread-633) [Producer clientId=Producer-s060368dfx8f07x45fcx9c8cx42502cdd2fda] Closing the Kafka producer with timeoutMillis = 9223372036854775807 ms.
2025-07-31 18:15:36,312 INFO  [org.apa.kaf.com.met.Metrics] (Thread-633) Metrics scheduler closed
2025-07-31 18:15:36,312 INFO  [org.apa.kaf.com.met.Metrics] (Thread-633) Closing reporter org.apache.kafka.common.metrics.JmxReporter
2025-07-31 18:15:36,312 INFO  [org.apa.kaf.com.met.Metrics] (Thread-633) Closing reporter org.apache.kafka.common.telemetry.internals.ClientTelemetryReporter
2025-07-31 18:15:36,312 INFO  [org.apa.kaf.com.met.Metrics] (Thread-633) Metrics reporters closed
2025-07-31 18:15:36,312 INFO  [org.apa.kaf.com.uti.AppInfoParser] (Thread-633) App info kafka.producer for Producer-s060368dfx8f07x45fcx9c8cx42502cdd2fda unregistered
2025-07-31 18:15:36,313 INFO  [io.api.tes.uti.TestSeparator] (main) io.apicurio.tests.serdes.apicurio.AvroSerdeIT.testArtifactNotFound-FINISHED
2025-07-31 18:15:36,313 INFO  [io.api.tes.uti.TestSeparator] (main) ############################################################################
Test passed: testArtifactNotFound
]]></system-out>
    <system-err><![CDATA[java.lang.RuntimeException: Could not resolve artifact reference by content: {"type":"record","name":"myrecord","namespace":"mygroup","fields":[{"name":"keyB","type":"string"}]}&ArtifactReference [groupId=default, artifactId=s060368dfx8f07x45fcx9c8cx42502cdd2fda-value, version=null, globalId=null, contentId=null, contentHash=null]
	at io.apicurio.registry.resolver.DefaultSchemaResolver.lambda$handleResolveSchemaByContent$3(DefaultSchemaResolver.java:265)
	at io.apicurio.registry.resolver.cache.ERCache.lambda$getValue$0(ERCache.java:174)
	at io.apicurio.registry.resolver.cache.ERCache.retry(ERCache.java:227)
	at io.apicurio.registry.resolver.cache.ERCache.getValue(ERCache.java:173)
	at io.apicurio.registry.resolver.cache.ERCache.getByContent(ERCache.java:147)
	at io.apicurio.registry.resolver.DefaultSchemaResolver.handleResolveSchemaByContent(DefaultSchemaResolver.java:253)
	at io.apicurio.registry.resolver.DefaultSchemaResolver.getSchemaFromRegistry(DefaultSchemaResolver.java:138)
	at io.apicurio.registry.resolver.DefaultSchemaResolver.lambda$resolveSchema$0(DefaultSchemaResolver.java:84)
	at java.base/java.util.Optional.orElseGet(Optional.java:364)
	at io.apicurio.registry.resolver.DefaultSchemaResolver.resolveSchema(DefaultSchemaResolver.java:84)
	at io.apicurio.registry.serde.AbstractSerializer.serializeData(AbstractSerializer.java:62)
	at io.apicurio.registry.serde.KafkaSerializer.serialize(KafkaSerializer.java:77)
	at org.apache.kafka.clients.producer.KafkaProducer.doSend(KafkaProducer.java:1046)
	at org.apache.kafka.clients.producer.KafkaProducer.send(KafkaProducer.java:993)
	at org.apache.kafka.clients.producer.KafkaProducer.send(KafkaProducer.java:875)
	at io.apicurio.tests.serdes.apicurio.KafkaSerdesTester.lambda$produceMessages$3(KafkaSerdesTester.java:138)
	at java.base/java.util.concurrent.CompletableFuture$AsyncSupply.run(CompletableFuture.java:1768)
	at java.base/java.lang.Thread.run(Thread.java:840)
]]></system-err>
  </testcase>
  <testcase name="testAvroSerDesFailDifferentSchemaByRecordName" classname="io.apicurio.tests.serdes.apicurio.AvroSerdeIT" time="1.134">
    <system-out><![CDATA[2025-07-31 18:15:36,318 INFO  [io.api.tes.uti.TestSeparator] (main) ############################################################################
2025-07-31 18:15:36,318 INFO  [io.api.tes.uti.TestSeparator] (main) io.apicurio.tests.serdes.apicurio.AvroSerdeIT.testAvroSerDesFailDifferentSchemaByRecordName-STARTED
**** Registry Base URL: http://registry-app-mysql.apps.ci419.apicurio-testing.org:80
2025-07-31 18:15:37,398 INFO  [org.apa.kaf.cli.pro.ProducerConfig] (main) ProducerConfig values: 
	acks = -1
	auto.include.jmx.reporter = true
	batch.size = 16384
	bootstrap.servers = [PLAINTEXT://localhost:32770]
	buffer.memory = 33554432
	client.dns.lookup = use_all_dns_ips
	client.id = Producer-topic-5861be7a_0a0f_427e_9082_6db910a696ca
	compression.gzip.level = -1
	compression.lz4.level = 9
	compression.type = none
	compression.zstd.level = 3
	connections.max.idle.ms = 10000
	delivery.timeout.ms = 120000
	enable.idempotence = true
	enable.metrics.push = true
	interceptor.classes = []
	key.serializer = class org.apache.kafka.common.serialization.StringSerializer
	linger.ms = 0
	max.block.ms = 60000
	max.in.flight.requests.per.connection = 5
	max.request.size = 1048576
	metadata.max.age.ms = 300000
	metadata.max.idle.ms = 300000
	metadata.recovery.strategy = none
	metric.reporters = []
	metrics.num.samples = 2
	metrics.recording.level = INFO
	metrics.sample.window.ms = 30000
	partitioner.adaptive.partitioning.enable = true
	partitioner.availability.timeout.ms = 0
	partitioner.class = null
	partitioner.ignore.keys = false
	receive.buffer.bytes = 32768
	reconnect.backoff.max.ms = 1000
	reconnect.backoff.ms = 50
	request.timeout.ms = 5000
	retries = 2147483647
	retry.backoff.max.ms = 1000
	retry.backoff.ms = 100
	sasl.client.callback.handler.class = null
	sasl.jaas.config = null
	sasl.kerberos.kinit.cmd = /usr/bin/kinit
	sasl.kerberos.min.time.before.relogin = 60000
	sasl.kerberos.service.name = null
	sasl.kerberos.ticket.renew.jitter = 0.05
	sasl.kerberos.ticket.renew.window.factor = 0.8
	sasl.login.callback.handler.class = null
	sasl.login.class = null
	sasl.login.connect.timeout.ms = null
	sasl.login.read.timeout.ms = null
	sasl.login.refresh.buffer.seconds = 300
	sasl.login.refresh.min.period.seconds = 60
	sasl.login.refresh.window.factor = 0.8
	sasl.login.refresh.window.jitter = 0.05
	sasl.login.retry.backoff.max.ms = 10000
	sasl.login.retry.backoff.ms = 100
	sasl.mechanism = GSSAPI
	sasl.oauthbearer.clock.skew.seconds = 30
	sasl.oauthbearer.expected.audience = null
	sasl.oauthbearer.expected.issuer = null
	sasl.oauthbearer.header.urlencode = false
	sasl.oauthbearer.jwks.endpoint.refresh.ms = 3600000
	sasl.oauthbearer.jwks.endpoint.retry.backoff.max.ms = 10000
	sasl.oauthbearer.jwks.endpoint.retry.backoff.ms = 100
	sasl.oauthbearer.jwks.endpoint.url = null
	sasl.oauthbearer.scope.claim.name = scope
	sasl.oauthbearer.sub.claim.name = sub
	sasl.oauthbearer.token.endpoint.url = null
	security.protocol = PLAINTEXT
	security.providers = null
	send.buffer.bytes = 131072
	socket.connection.setup.timeout.max.ms = 30000
	socket.connection.setup.timeout.ms = 10000
	ssl.cipher.suites = null
	ssl.enabled.protocols = [TLSv1.2, TLSv1.3]
	ssl.endpoint.identification.algorithm = https
	ssl.engine.factory.class = null
	ssl.key.password = null
	ssl.keymanager.algorithm = SunX509
	ssl.keystore.certificate.chain = null
	ssl.keystore.key = null
	ssl.keystore.location = null
	ssl.keystore.password = null
	ssl.keystore.type = JKS
	ssl.protocol = TLSv1.3
	ssl.provider = null
	ssl.secure.random.implementation = null
	ssl.trustmanager.algorithm = PKIX
	ssl.truststore.certificates = null
	ssl.truststore.location = null
	ssl.truststore.password = null
	ssl.truststore.type = JKS
	transaction.timeout.ms = 60000
	transactional.id = null
	value.serializer = class io.apicurio.registry.serde.avro.AvroKafkaSerializer

2025-07-31 18:15:37,399 INFO  [org.apa.kaf.com.tel.int.KafkaMetricsCollector] (main) initializing Kafka metrics collector
2025-07-31 18:15:37,402 INFO  [org.apa.kaf.cli.pro.KafkaProducer] (main) [Producer clientId=Producer-topic-5861be7a_0a0f_427e_9082_6db910a696ca] Instantiated an idempotent producer.
2025-07-31 18:15:37,405 INFO  [org.apa.kaf.cli.pro.ProducerConfig] (main) These configurations '[apicurio.registry.find-latest, apicurio.registry.url, apicurio.registry.artifact-resolver-strategy]' were supplied but are not used yet.
2025-07-31 18:15:37,405 INFO  [org.apa.kaf.com.uti.AppInfoParser] (main) Kafka version: 3.9.1
2025-07-31 18:15:37,405 INFO  [org.apa.kaf.com.uti.AppInfoParser] (main) Kafka commitId: f745dfdcee2b9851
2025-07-31 18:15:37,405 INFO  [org.apa.kaf.com.uti.AppInfoParser] (main) Kafka startTimeMs: 1753985737405
2025-07-31 18:15:37,406 INFO  [io.api.tes.ser.api.KafkaSerdesTester] (Thread-636) Sending message {"keyB": "value-0"} to topic topic-5861be7a_0a0f_427e_9082_6db910a696ca
2025-07-31 18:15:37,412 INFO  [org.apa.kaf.cli.Metadata] (kafka-producer-network-thread | Producer-topic-5861be7a_0a0f_427e_9082_6db910a696ca) [Producer clientId=Producer-topic-5861be7a_0a0f_427e_9082_6db910a696ca] Cluster ID: l9YG0eo6TEyFi47Ppqwpmg
2025-07-31 18:15:37,417 INFO  [org.apa.kaf.cli.pro.int.TransactionManager] (kafka-producer-network-thread | Producer-topic-5861be7a_0a0f_427e_9082_6db910a696ca) [Producer clientId=Producer-topic-5861be7a_0a0f_427e_9082_6db910a696ca] ProducerId set to 8 with epoch 0
2025-07-31 18:15:37,444 INFO  [org.apa.kaf.cli.pro.KafkaProducer] (Thread-636) [Producer clientId=Producer-topic-5861be7a_0a0f_427e_9082_6db910a696ca] Closing the Kafka producer with timeoutMillis = 9223372036854775807 ms.
2025-07-31 18:15:37,447 INFO  [org.apa.kaf.com.met.Metrics] (Thread-636) Metrics scheduler closed
2025-07-31 18:15:37,447 INFO  [org.apa.kaf.com.met.Metrics] (Thread-636) Closing reporter org.apache.kafka.common.metrics.JmxReporter
2025-07-31 18:15:37,447 INFO  [org.apa.kaf.com.met.Metrics] (Thread-636) Closing reporter org.apache.kafka.common.telemetry.internals.ClientTelemetryReporter
2025-07-31 18:15:37,447 INFO  [org.apa.kaf.com.met.Metrics] (Thread-636) Metrics reporters closed
2025-07-31 18:15:37,448 INFO  [org.apa.kaf.com.uti.AppInfoParser] (Thread-636) App info kafka.producer for Producer-topic-5861be7a_0a0f_427e_9082_6db910a696ca unregistered
2025-07-31 18:15:37,448 INFO  [io.api.tes.uti.TestSeparator] (main) io.apicurio.tests.serdes.apicurio.AvroSerdeIT.testAvroSerDesFailDifferentSchemaByRecordName-FINISHED
2025-07-31 18:15:37,448 INFO  [io.api.tes.uti.TestSeparator] (main) ############################################################################
Test passed: testAvroSerDesFailDifferentSchemaByRecordName
]]></system-out>
    <system-err><![CDATA[io.apicurio.registry.rest.client.models.ProblemDetails
	at io.apicurio.registry.rest.client.models.ProblemDetails.createFromDiscriminatorValue(ProblemDetails.java:58)
	at io.kiota.serialization.json.JsonParseNode.getObjectValue(JsonParseNode.java:247)
	at io.kiota.http.vertx.VertXRequestAdapter.lambda$throwIfFailedResponse$0(VertXRequestAdapter.java:400)
	at com.microsoft.kiota.ApiExceptionBuilder.<init>(ApiExceptionBuilder.java:26)
	at io.kiota.http.vertx.VertXRequestAdapter.throwIfFailedResponse(VertXRequestAdapter.java:399)
	at io.kiota.http.vertx.VertXRequestAdapter.send(VertXRequestAdapter.java:170)
	at io.apicurio.registry.rest.client.groups.item.artifacts.item.versions.item.WithVersionExpressionItemRequestBuilder.get(WithVersionExpressionItemRequestBuilder.java:128)
	at io.apicurio.registry.rest.client.groups.item.artifacts.item.versions.item.WithVersionExpressionItemRequestBuilder.get(WithVersionExpressionItemRequestBuilder.java:111)
	at io.apicurio.registry.resolver.client.RegistryClientFacadeImpl.getVersionCoordinatesByGAV(RegistryClientFacadeImpl.java:153)
	at io.apicurio.registry.resolver.DefaultSchemaResolver.resolveByCoordinates(DefaultSchemaResolver.java:352)
	at io.apicurio.registry.resolver.DefaultSchemaResolver.lambda$resolveSchemaByArtifactReferenceCached$6(DefaultSchemaResolver.java:340)
	at io.apicurio.registry.resolver.cache.ERCache.lambda$getValue$0(ERCache.java:174)
	at io.apicurio.registry.resolver.cache.ERCache.retry(ERCache.java:227)
	at io.apicurio.registry.resolver.cache.ERCache.getValue(ERCache.java:173)
	at io.apicurio.registry.resolver.cache.ERCache.getByArtifactCoordinates(ERCache.java:158)
	at io.apicurio.registry.resolver.DefaultSchemaResolver.resolveSchemaByArtifactReferenceCached(DefaultSchemaResolver.java:338)
	at io.apicurio.registry.resolver.DefaultSchemaResolver.resolveSchemaByCoordinates(DefaultSchemaResolver.java:193)
	at io.apicurio.registry.resolver.DefaultSchemaResolver.getSchemaFromRegistry(DefaultSchemaResolver.java:130)
	at io.apicurio.registry.resolver.DefaultSchemaResolver.lambda$resolveSchema$0(DefaultSchemaResolver.java:84)
	at java.base/java.util.Optional.orElseGet(Optional.java:364)
	at io.apicurio.registry.resolver.DefaultSchemaResolver.resolveSchema(DefaultSchemaResolver.java:84)
	at io.apicurio.registry.serde.AbstractSerializer.serializeData(AbstractSerializer.java:62)
	at io.apicurio.registry.serde.KafkaSerializer.serialize(KafkaSerializer.java:77)
	at org.apache.kafka.clients.producer.KafkaProducer.doSend(KafkaProducer.java:1046)
	at org.apache.kafka.clients.producer.KafkaProducer.send(KafkaProducer.java:993)
	at org.apache.kafka.clients.producer.KafkaProducer.send(KafkaProducer.java:875)
	at io.apicurio.tests.serdes.apicurio.KafkaSerdesTester.lambda$produceMessages$3(KafkaSerdesTester.java:138)
	at java.base/java.util.concurrent.CompletableFuture$AsyncSupply.run(CompletableFuture.java:1768)
	at java.base/java.lang.Thread.run(Thread.java:840)
]]></system-err>
  </testcase>
  <testcase name="testTopicIdStrategyFindLatest" classname="io.apicurio.tests.serdes.apicurio.AvroSerdeIT" time="1.856">
    <system-out><![CDATA[2025-07-31 18:15:37,452 INFO  [io.api.tes.uti.TestSeparator] (main) ############################################################################
2025-07-31 18:15:37,452 INFO  [io.api.tes.uti.TestSeparator] (main) io.apicurio.tests.serdes.apicurio.AvroSerdeIT.testTopicIdStrategyFindLatest-STARTED
2025-07-31 18:15:37,453 INFO  [io.api.tes.ser.api.AvroSerdeIT] (main) Registering Avro Schema: {"type":"record","name":"myrecordapicurio1","fields":[{"name":"key11753985737452","type":"string"}]}
**** Registry Base URL: http://registry-app-mysql.apps.ci419.apicurio-testing.org:80
2025-07-31 18:15:38,529 INFO  [org.apa.kaf.cli.pro.ProducerConfig] (main) ProducerConfig values: 
	acks = -1
	auto.include.jmx.reporter = true
	batch.size = 16384
	bootstrap.servers = [PLAINTEXT://localhost:32770]
	buffer.memory = 33554432
	client.dns.lookup = use_all_dns_ips
	client.id = Producer-topic-cc0ad267_9f2a_4c50_8afb_f7e6cb431202
	compression.gzip.level = -1
	compression.lz4.level = 9
	compression.type = none
	compression.zstd.level = 3
	connections.max.idle.ms = 10000
	delivery.timeout.ms = 120000
	enable.idempotence = true
	enable.metrics.push = true
	interceptor.classes = []
	key.serializer = class org.apache.kafka.common.serialization.StringSerializer
	linger.ms = 0
	max.block.ms = 60000
	max.in.flight.requests.per.connection = 5
	max.request.size = 1048576
	metadata.max.age.ms = 300000
	metadata.max.idle.ms = 300000
	metadata.recovery.strategy = none
	metric.reporters = []
	metrics.num.samples = 2
	metrics.recording.level = INFO
	metrics.sample.window.ms = 30000
	partitioner.adaptive.partitioning.enable = true
	partitioner.availability.timeout.ms = 0
	partitioner.class = null
	partitioner.ignore.keys = false
	receive.buffer.bytes = 32768
	reconnect.backoff.max.ms = 1000
	reconnect.backoff.ms = 50
	request.timeout.ms = 5000
	retries = 2147483647
	retry.backoff.max.ms = 1000
	retry.backoff.ms = 100
	sasl.client.callback.handler.class = null
	sasl.jaas.config = null
	sasl.kerberos.kinit.cmd = /usr/bin/kinit
	sasl.kerberos.min.time.before.relogin = 60000
	sasl.kerberos.service.name = null
	sasl.kerberos.ticket.renew.jitter = 0.05
	sasl.kerberos.ticket.renew.window.factor = 0.8
	sasl.login.callback.handler.class = null
	sasl.login.class = null
	sasl.login.connect.timeout.ms = null
	sasl.login.read.timeout.ms = null
	sasl.login.refresh.buffer.seconds = 300
	sasl.login.refresh.min.period.seconds = 60
	sasl.login.refresh.window.factor = 0.8
	sasl.login.refresh.window.jitter = 0.05
	sasl.login.retry.backoff.max.ms = 10000
	sasl.login.retry.backoff.ms = 100
	sasl.mechanism = GSSAPI
	sasl.oauthbearer.clock.skew.seconds = 30
	sasl.oauthbearer.expected.audience = null
	sasl.oauthbearer.expected.issuer = null
	sasl.oauthbearer.header.urlencode = false
	sasl.oauthbearer.jwks.endpoint.refresh.ms = 3600000
	sasl.oauthbearer.jwks.endpoint.retry.backoff.max.ms = 10000
	sasl.oauthbearer.jwks.endpoint.retry.backoff.ms = 100
	sasl.oauthbearer.jwks.endpoint.url = null
	sasl.oauthbearer.scope.claim.name = scope
	sasl.oauthbearer.sub.claim.name = sub
	sasl.oauthbearer.token.endpoint.url = null
	security.protocol = PLAINTEXT
	security.providers = null
	send.buffer.bytes = 131072
	socket.connection.setup.timeout.max.ms = 30000
	socket.connection.setup.timeout.ms = 10000
	ssl.cipher.suites = null
	ssl.enabled.protocols = [TLSv1.2, TLSv1.3]
	ssl.endpoint.identification.algorithm = https
	ssl.engine.factory.class = null
	ssl.key.password = null
	ssl.keymanager.algorithm = SunX509
	ssl.keystore.certificate.chain = null
	ssl.keystore.key = null
	ssl.keystore.location = null
	ssl.keystore.password = null
	ssl.keystore.type = JKS
	ssl.protocol = TLSv1.3
	ssl.provider = null
	ssl.secure.random.implementation = null
	ssl.trustmanager.algorithm = PKIX
	ssl.truststore.certificates = null
	ssl.truststore.location = null
	ssl.truststore.password = null
	ssl.truststore.type = JKS
	transaction.timeout.ms = 60000
	transactional.id = null
	value.serializer = class io.apicurio.registry.serde.avro.AvroKafkaSerializer

2025-07-31 18:15:38,529 INFO  [org.apa.kaf.com.tel.int.KafkaMetricsCollector] (main) initializing Kafka metrics collector
2025-07-31 18:15:38,532 INFO  [org.apa.kaf.cli.pro.KafkaProducer] (main) [Producer clientId=Producer-topic-cc0ad267_9f2a_4c50_8afb_f7e6cb431202] Instantiated an idempotent producer.
2025-07-31 18:15:38,535 INFO  [org.apa.kaf.cli.pro.ProducerConfig] (main) These configurations '[apicurio.registry.find-latest, apicurio.registry.url, apicurio.registry.artifact-resolver-strategy]' were supplied but are not used yet.
2025-07-31 18:15:38,535 INFO  [org.apa.kaf.com.uti.AppInfoParser] (main) Kafka version: 3.9.1
2025-07-31 18:15:38,535 INFO  [org.apa.kaf.com.uti.AppInfoParser] (main) Kafka commitId: f745dfdcee2b9851
2025-07-31 18:15:38,535 INFO  [org.apa.kaf.com.uti.AppInfoParser] (main) Kafka startTimeMs: 1753985738535
2025-07-31 18:15:38,535 INFO  [io.api.tes.ser.api.SimpleSerdesTesterBuilder$SimpleSerdesTester] (main) Using producer configuration: {apicurio.registry.find-latest=true, apicurio.registry.url=http://registry-app-mysql.apps.ci419.apicurio-testing.org:80/apis/registry/v3, apicurio.registry.artifact-resolver-strategy=io.apicurio.registry.serde.strategy.TopicIdStrategy, value.serializer=io.apicurio.registry.serde.avro.AvroKafkaSerializer, request.timeout.ms=5000, acks=all, bootstrap.servers=PLAINTEXT://localhost:32770, connections.max.idle.ms=10000, key.serializer=org.apache.kafka.common.serialization.StringSerializer, client.id=Producer-topic-cc0ad267_9f2a_4c50_8afb_f7e6cb431202}
2025-07-31 18:15:38,535 INFO  [io.api.tes.ser.api.SimpleSerdesTesterBuilder$SimpleSerdesTester] (main) Using consumer configuration: {}
2025-07-31 18:15:38,538 INFO  [io.api.tes.ser.api.KafkaSerdesTester] (Thread-639) Sending message {"key11753985737452": "value-0"} to topic topic-cc0ad267_9f2a_4c50_8afb_f7e6cb431202
2025-07-31 18:15:38,545 INFO  [org.apa.kaf.cli.Metadata] (kafka-producer-network-thread | Producer-topic-cc0ad267_9f2a_4c50_8afb_f7e6cb431202) [Producer clientId=Producer-topic-cc0ad267_9f2a_4c50_8afb_f7e6cb431202] Cluster ID: l9YG0eo6TEyFi47Ppqwpmg
2025-07-31 18:15:38,545 INFO  [org.apa.kaf.cli.pro.int.TransactionManager] (kafka-producer-network-thread | Producer-topic-cc0ad267_9f2a_4c50_8afb_f7e6cb431202) [Producer clientId=Producer-topic-cc0ad267_9f2a_4c50_8afb_f7e6cb431202] ProducerId set to 9 with epoch 0
2025-07-31 18:15:38,623 INFO  [io.api.tes.ser.api.KafkaSerdesTester] (Thread-639) Sending message {"key11753985737452": "value-1"} to topic topic-cc0ad267_9f2a_4c50_8afb_f7e6cb431202
2025-07-31 18:15:38,626 INFO  [io.api.tes.ser.api.KafkaSerdesTester] (Thread-639) Sending message {"key11753985737452": "value-2"} to topic topic-cc0ad267_9f2a_4c50_8afb_f7e6cb431202
2025-07-31 18:15:38,628 INFO  [io.api.tes.ser.api.KafkaSerdesTester] (Thread-639) Sending message {"key11753985737452": "value-3"} to topic topic-cc0ad267_9f2a_4c50_8afb_f7e6cb431202
2025-07-31 18:15:38,630 INFO  [io.api.tes.ser.api.KafkaSerdesTester] (Thread-639) Sending message {"key11753985737452": "value-4"} to topic topic-cc0ad267_9f2a_4c50_8afb_f7e6cb431202
2025-07-31 18:15:38,633 INFO  [io.api.tes.ser.api.KafkaSerdesTester] (Thread-639) Sending message {"key11753985737452": "value-5"} to topic topic-cc0ad267_9f2a_4c50_8afb_f7e6cb431202
2025-07-31 18:15:38,637 INFO  [io.api.tes.ser.api.KafkaSerdesTester] (Thread-639) Sending message {"key11753985737452": "value-6"} to topic topic-cc0ad267_9f2a_4c50_8afb_f7e6cb431202
2025-07-31 18:15:38,639 INFO  [io.api.tes.ser.api.KafkaSerdesTester] (Thread-639) Sending message {"key11753985737452": "value-7"} to topic topic-cc0ad267_9f2a_4c50_8afb_f7e6cb431202
2025-07-31 18:15:38,641 INFO  [io.api.tes.ser.api.KafkaSerdesTester] (Thread-639) Sending message {"key11753985737452": "value-8"} to topic topic-cc0ad267_9f2a_4c50_8afb_f7e6cb431202
2025-07-31 18:15:38,644 INFO  [io.api.tes.ser.api.KafkaSerdesTester] (Thread-639) Sending message {"key11753985737452": "value-9"} to topic topic-cc0ad267_9f2a_4c50_8afb_f7e6cb431202
2025-07-31 18:15:38,646 INFO  [io.api.tes.ser.api.KafkaSerdesTester] (Thread-639) Produced 10 messages
2025-07-31 18:15:38,646 INFO  [org.apa.kaf.cli.pro.KafkaProducer] (Thread-639) [Producer clientId=Producer-topic-cc0ad267_9f2a_4c50_8afb_f7e6cb431202] Closing the Kafka producer with timeoutMillis = 9223372036854775807 ms.
2025-07-31 18:15:38,648 INFO  [org.apa.kaf.com.met.Metrics] (Thread-639) Metrics scheduler closed
2025-07-31 18:15:38,648 INFO  [org.apa.kaf.com.met.Metrics] (Thread-639) Closing reporter org.apache.kafka.common.metrics.JmxReporter
2025-07-31 18:15:38,648 INFO  [org.apa.kaf.com.met.Metrics] (Thread-639) Closing reporter org.apache.kafka.common.telemetry.internals.ClientTelemetryReporter
2025-07-31 18:15:38,648 INFO  [org.apa.kaf.com.met.Metrics] (Thread-639) Metrics reporters closed
2025-07-31 18:15:38,648 INFO  [org.apa.kaf.com.uti.AppInfoParser] (Thread-639) App info kafka.producer for Producer-topic-cc0ad267_9f2a_4c50_8afb_f7e6cb431202 unregistered
**** Registry Base URL: http://registry-app-mysql.apps.ci419.apicurio-testing.org:80
2025-07-31 18:15:38,649 INFO  [org.apa.kaf.cli.con.ConsumerConfig] (main) ConsumerConfig values: 
	allow.auto.create.topics = true
	auto.commit.interval.ms = 500
	auto.include.jmx.reporter = true
	auto.offset.reset = earliest
	bootstrap.servers = [PLAINTEXT://localhost:32770]
	check.crcs = true
	client.dns.lookup = use_all_dns_ips
	client.id = consumer-Consumer-topic-cc0ad267_9f2a_4c50_8afb_f7e6cb431202-7
	client.rack = 
	connections.max.idle.ms = 10000
	default.api.timeout.ms = 60000
	enable.auto.commit = true
	enable.metrics.push = true
	exclude.internal.topics = true
	fetch.max.bytes = 52428800
	fetch.max.wait.ms = 500
	fetch.min.bytes = 1
	group.id = Consumer-topic-cc0ad267_9f2a_4c50_8afb_f7e6cb431202
	group.instance.id = null
	group.protocol = classic
	group.remote.assignor = null
	heartbeat.interval.ms = 3000
	interceptor.classes = []
	internal.leave.group.on.close = true
	internal.throw.on.fetch.stable.offset.unsupported = false
	isolation.level = read_uncommitted
	key.deserializer = class org.apache.kafka.common.serialization.StringDeserializer
	max.partition.fetch.bytes = 1048576
	max.poll.interval.ms = 300000
	max.poll.records = 500
	metadata.max.age.ms = 300000
	metadata.recovery.strategy = none
	metric.reporters = []
	metrics.num.samples = 2
	metrics.recording.level = INFO
	metrics.sample.window.ms = 30000
	partition.assignment.strategy = [class org.apache.kafka.clients.consumer.RangeAssignor, class org.apache.kafka.clients.consumer.CooperativeStickyAssignor]
	receive.buffer.bytes = 65536
	reconnect.backoff.max.ms = 1000
	reconnect.backoff.ms = 50
	request.timeout.ms = 5000
	retry.backoff.max.ms = 1000
	retry.backoff.ms = 100
	sasl.client.callback.handler.class = null
	sasl.jaas.config = null
	sasl.kerberos.kinit.cmd = /usr/bin/kinit
	sasl.kerberos.min.time.before.relogin = 60000
	sasl.kerberos.service.name = null
	sasl.kerberos.ticket.renew.jitter = 0.05
	sasl.kerberos.ticket.renew.window.factor = 0.8
	sasl.login.callback.handler.class = null
	sasl.login.class = null
	sasl.login.connect.timeout.ms = null
	sasl.login.read.timeout.ms = null
	sasl.login.refresh.buffer.seconds = 300
	sasl.login.refresh.min.period.seconds = 60
	sasl.login.refresh.window.factor = 0.8
	sasl.login.refresh.window.jitter = 0.05
	sasl.login.retry.backoff.max.ms = 10000
	sasl.login.retry.backoff.ms = 100
	sasl.mechanism = GSSAPI
	sasl.oauthbearer.clock.skew.seconds = 30
	sasl.oauthbearer.expected.audience = null
	sasl.oauthbearer.expected.issuer = null
	sasl.oauthbearer.header.urlencode = false
	sasl.oauthbearer.jwks.endpoint.refresh.ms = 3600000
	sasl.oauthbearer.jwks.endpoint.retry.backoff.max.ms = 10000
	sasl.oauthbearer.jwks.endpoint.retry.backoff.ms = 100
	sasl.oauthbearer.jwks.endpoint.url = null
	sasl.oauthbearer.scope.claim.name = scope
	sasl.oauthbearer.sub.claim.name = sub
	sasl.oauthbearer.token.endpoint.url = null
	security.protocol = PLAINTEXT
	security.providers = null
	send.buffer.bytes = 131072
	session.timeout.ms = 45000
	socket.connection.setup.timeout.max.ms = 30000
	socket.connection.setup.timeout.ms = 10000
	ssl.cipher.suites = null
	ssl.enabled.protocols = [TLSv1.2, TLSv1.3]
	ssl.endpoint.identification.algorithm = https
	ssl.engine.factory.class = null
	ssl.key.password = null
	ssl.keymanager.algorithm = SunX509
	ssl.keystore.certificate.chain = null
	ssl.keystore.key = null
	ssl.keystore.location = null
	ssl.keystore.password = null
	ssl.keystore.type = JKS
	ssl.protocol = TLSv1.3
	ssl.provider = null
	ssl.secure.random.implementation = null
	ssl.trustmanager.algorithm = PKIX
	ssl.truststore.certificates = null
	ssl.truststore.location = null
	ssl.truststore.password = null
	ssl.truststore.type = JKS
	value.deserializer = class io.apicurio.registry.serde.avro.AvroKafkaDeserializer

2025-07-31 18:15:38,649 INFO  [org.apa.kaf.com.tel.int.KafkaMetricsCollector] (main) initializing Kafka metrics collector
2025-07-31 18:15:38,674 INFO  [org.apa.kaf.cli.con.ConsumerConfig] (main) These configurations '[apicurio.registry.url]' were supplied but are not used yet.
2025-07-31 18:15:38,674 INFO  [org.apa.kaf.com.uti.AppInfoParser] (main) Kafka version: 3.9.1
2025-07-31 18:15:38,674 INFO  [org.apa.kaf.com.uti.AppInfoParser] (main) Kafka commitId: f745dfdcee2b9851
2025-07-31 18:15:38,674 INFO  [org.apa.kaf.com.uti.AppInfoParser] (main) Kafka startTimeMs: 1753985738674
2025-07-31 18:15:38,675 INFO  [org.apa.kaf.cli.con.int.ClassicKafkaConsumer] (Thread-642) [Consumer clientId=consumer-Consumer-topic-cc0ad267_9f2a_4c50_8afb_f7e6cb431202-7, groupId=Consumer-topic-cc0ad267_9f2a_4c50_8afb_f7e6cb431202] Subscribed to topic(s): topic-cc0ad267_9f2a_4c50_8afb_f7e6cb431202
2025-07-31 18:15:38,682 INFO  [org.apa.kaf.cli.Metadata] (Thread-642) [Consumer clientId=consumer-Consumer-topic-cc0ad267_9f2a_4c50_8afb_f7e6cb431202-7, groupId=Consumer-topic-cc0ad267_9f2a_4c50_8afb_f7e6cb431202] Cluster ID: l9YG0eo6TEyFi47Ppqwpmg
2025-07-31 18:15:38,684 INFO  [org.apa.kaf.cli.con.int.ConsumerCoordinator] (Thread-642) [Consumer clientId=consumer-Consumer-topic-cc0ad267_9f2a_4c50_8afb_f7e6cb431202-7, groupId=Consumer-topic-cc0ad267_9f2a_4c50_8afb_f7e6cb431202] Discovered group coordinator localhost:32770 (id: 2147483647 rack: null)
2025-07-31 18:15:38,690 INFO  [org.apa.kaf.cli.con.int.ConsumerCoordinator] (Thread-642) [Consumer clientId=consumer-Consumer-topic-cc0ad267_9f2a_4c50_8afb_f7e6cb431202-7, groupId=Consumer-topic-cc0ad267_9f2a_4c50_8afb_f7e6cb431202] (Re-)joining group
2025-07-31 18:15:38,700 INFO  [org.apa.kaf.cli.con.int.ConsumerCoordinator] (Thread-642) [Consumer clientId=consumer-Consumer-topic-cc0ad267_9f2a_4c50_8afb_f7e6cb431202-7, groupId=Consumer-topic-cc0ad267_9f2a_4c50_8afb_f7e6cb431202] Request joining group due to: need to re-join with the given member-id: consumer-Consumer-topic-cc0ad267_9f2a_4c50_8afb_f7e6cb431202-7-d371f284-31e8-4d9f-a538-12b1b845d1c1
2025-07-31 18:15:38,700 INFO  [org.apa.kaf.cli.con.int.ConsumerCoordinator] (Thread-642) [Consumer clientId=consumer-Consumer-topic-cc0ad267_9f2a_4c50_8afb_f7e6cb431202-7, groupId=Consumer-topic-cc0ad267_9f2a_4c50_8afb_f7e6cb431202] (Re-)joining group
2025-07-31 18:15:38,709 INFO  [org.apa.kaf.cli.con.int.ConsumerCoordinator] (Thread-642) [Consumer clientId=consumer-Consumer-topic-cc0ad267_9f2a_4c50_8afb_f7e6cb431202-7, groupId=Consumer-topic-cc0ad267_9f2a_4c50_8afb_f7e6cb431202] Successfully joined group with generation Generation{generationId=1, memberId='consumer-Consumer-topic-cc0ad267_9f2a_4c50_8afb_f7e6cb431202-7-d371f284-31e8-4d9f-a538-12b1b845d1c1', protocol='range'}
2025-07-31 18:15:38,709 INFO  [org.apa.kaf.cli.con.int.ConsumerCoordinator] (Thread-642) [Consumer clientId=consumer-Consumer-topic-cc0ad267_9f2a_4c50_8afb_f7e6cb431202-7, groupId=Consumer-topic-cc0ad267_9f2a_4c50_8afb_f7e6cb431202] Finished assignment for group at generation 1: {consumer-Consumer-topic-cc0ad267_9f2a_4c50_8afb_f7e6cb431202-7-d371f284-31e8-4d9f-a538-12b1b845d1c1=Assignment(partitions=[topic-cc0ad267_9f2a_4c50_8afb_f7e6cb431202-0])}
2025-07-31 18:15:38,715 INFO  [org.apa.kaf.cli.con.int.ConsumerCoordinator] (kafka-coordinator-heartbeat-thread | Consumer-topic-cc0ad267_9f2a_4c50_8afb_f7e6cb431202) [Consumer clientId=consumer-Consumer-topic-cc0ad267_9f2a_4c50_8afb_f7e6cb431202-7, groupId=Consumer-topic-cc0ad267_9f2a_4c50_8afb_f7e6cb431202] Successfully synced group in generation Generation{generationId=1, memberId='consumer-Consumer-topic-cc0ad267_9f2a_4c50_8afb_f7e6cb431202-7-d371f284-31e8-4d9f-a538-12b1b845d1c1', protocol='range'}
2025-07-31 18:15:38,715 INFO  [org.apa.kaf.cli.con.int.ConsumerCoordinator] (Thread-642) [Consumer clientId=consumer-Consumer-topic-cc0ad267_9f2a_4c50_8afb_f7e6cb431202-7, groupId=Consumer-topic-cc0ad267_9f2a_4c50_8afb_f7e6cb431202] Notifying assignor about the new Assignment(partitions=[topic-cc0ad267_9f2a_4c50_8afb_f7e6cb431202-0])
2025-07-31 18:15:38,715 INFO  [org.apa.kaf.cli.con.int.ConsumerRebalanceListenerInvoker] (Thread-642) [Consumer clientId=consumer-Consumer-topic-cc0ad267_9f2a_4c50_8afb_f7e6cb431202-7, groupId=Consumer-topic-cc0ad267_9f2a_4c50_8afb_f7e6cb431202] Adding newly assigned partitions: topic-cc0ad267_9f2a_4c50_8afb_f7e6cb431202-0
2025-07-31 18:15:38,718 INFO  [org.apa.kaf.cli.con.int.ConsumerCoordinator] (Thread-642) [Consumer clientId=consumer-Consumer-topic-cc0ad267_9f2a_4c50_8afb_f7e6cb431202-7, groupId=Consumer-topic-cc0ad267_9f2a_4c50_8afb_f7e6cb431202] Found no committed offset for partition topic-cc0ad267_9f2a_4c50_8afb_f7e6cb431202-0
2025-07-31 18:15:38,735 INFO  [org.apa.kaf.cli.con.int.SubscriptionState] (Thread-642) [Consumer clientId=consumer-Consumer-topic-cc0ad267_9f2a_4c50_8afb_f7e6cb431202-7, groupId=Consumer-topic-cc0ad267_9f2a_4c50_8afb_f7e6cb431202] Resetting offset for partition topic-cc0ad267_9f2a_4c50_8afb_f7e6cb431202-0 to position FetchPosition{offset=0, offsetEpoch=Optional.empty, currentLeader=LeaderAndEpoch{leader=Optional[localhost:32770 (id: 0 rack: null)], epoch=0}}.
2025-07-31 18:15:38,799 INFO  [io.api.tes.ser.api.KafkaSerdesTester] (Thread-642) topic-cc0ad267_9f2a_4c50_8afb_f7e6cb431202 0 0 {"key11753985737452": "value-0"}
2025-07-31 18:15:38,800 INFO  [io.api.tes.ser.api.KafkaSerdesTester] (Thread-642) topic-cc0ad267_9f2a_4c50_8afb_f7e6cb431202 0 1 {"key11753985737452": "value-1"}
2025-07-31 18:15:38,800 INFO  [io.api.tes.ser.api.KafkaSerdesTester] (Thread-642) topic-cc0ad267_9f2a_4c50_8afb_f7e6cb431202 0 2 {"key11753985737452": "value-2"}
2025-07-31 18:15:38,800 INFO  [io.api.tes.ser.api.KafkaSerdesTester] (Thread-642) topic-cc0ad267_9f2a_4c50_8afb_f7e6cb431202 0 3 {"key11753985737452": "value-3"}
2025-07-31 18:15:38,800 INFO  [io.api.tes.ser.api.KafkaSerdesTester] (Thread-642) topic-cc0ad267_9f2a_4c50_8afb_f7e6cb431202 0 4 {"key11753985737452": "value-4"}
2025-07-31 18:15:38,800 INFO  [io.api.tes.ser.api.KafkaSerdesTester] (Thread-642) topic-cc0ad267_9f2a_4c50_8afb_f7e6cb431202 0 5 {"key11753985737452": "value-5"}
2025-07-31 18:15:38,800 INFO  [io.api.tes.ser.api.KafkaSerdesTester] (Thread-642) topic-cc0ad267_9f2a_4c50_8afb_f7e6cb431202 0 6 {"key11753985737452": "value-6"}
2025-07-31 18:15:38,800 INFO  [io.api.tes.ser.api.KafkaSerdesTester] (Thread-642) topic-cc0ad267_9f2a_4c50_8afb_f7e6cb431202 0 7 {"key11753985737452": "value-7"}
2025-07-31 18:15:38,800 INFO  [io.api.tes.ser.api.KafkaSerdesTester] (Thread-642) topic-cc0ad267_9f2a_4c50_8afb_f7e6cb431202 0 8 {"key11753985737452": "value-8"}
2025-07-31 18:15:38,800 INFO  [io.api.tes.ser.api.KafkaSerdesTester] (Thread-642) topic-cc0ad267_9f2a_4c50_8afb_f7e6cb431202 0 9 {"key11753985737452": "value-9"}
2025-07-31 18:15:38,800 INFO  [io.api.tes.ser.api.KafkaSerdesTester] (Thread-642) Consumed 10 messages
2025-07-31 18:15:38,806 INFO  [org.apa.kaf.cli.con.int.ConsumerRebalanceListenerInvoker] (Thread-642) [Consumer clientId=consumer-Consumer-topic-cc0ad267_9f2a_4c50_8afb_f7e6cb431202-7, groupId=Consumer-topic-cc0ad267_9f2a_4c50_8afb_f7e6cb431202] Revoke previously assigned partitions topic-cc0ad267_9f2a_4c50_8afb_f7e6cb431202-0
2025-07-31 18:15:38,806 INFO  [org.apa.kaf.cli.con.int.ConsumerCoordinator] (Thread-642) [Consumer clientId=consumer-Consumer-topic-cc0ad267_9f2a_4c50_8afb_f7e6cb431202-7, groupId=Consumer-topic-cc0ad267_9f2a_4c50_8afb_f7e6cb431202] Member consumer-Consumer-topic-cc0ad267_9f2a_4c50_8afb_f7e6cb431202-7-d371f284-31e8-4d9f-a538-12b1b845d1c1 sending LeaveGroup request to coordinator localhost:32770 (id: 2147483647 rack: null) due to the consumer is being closed
2025-07-31 18:15:38,806 INFO  [org.apa.kaf.cli.con.int.ConsumerCoordinator] (Thread-642) [Consumer clientId=consumer-Consumer-topic-cc0ad267_9f2a_4c50_8afb_f7e6cb431202-7, groupId=Consumer-topic-cc0ad267_9f2a_4c50_8afb_f7e6cb431202] Resetting generation and member id due to: consumer pro-actively leaving the group
2025-07-31 18:15:38,806 INFO  [org.apa.kaf.cli.con.int.ConsumerCoordinator] (Thread-642) [Consumer clientId=consumer-Consumer-topic-cc0ad267_9f2a_4c50_8afb_f7e6cb431202-7, groupId=Consumer-topic-cc0ad267_9f2a_4c50_8afb_f7e6cb431202] Request joining group due to: consumer pro-actively leaving the group
2025-07-31 18:15:39,303 INFO  [org.apa.kaf.com.met.Metrics] (Thread-642) Metrics scheduler closed
2025-07-31 18:15:39,303 INFO  [org.apa.kaf.com.met.Metrics] (Thread-642) Closing reporter org.apache.kafka.common.metrics.JmxReporter
2025-07-31 18:15:39,303 INFO  [org.apa.kaf.com.met.Metrics] (Thread-642) Closing reporter org.apache.kafka.common.telemetry.internals.ClientTelemetryReporter
2025-07-31 18:15:39,304 INFO  [org.apa.kaf.com.met.Metrics] (Thread-642) Metrics reporters closed
2025-07-31 18:15:39,306 INFO  [org.apa.kaf.com.uti.AppInfoParser] (Thread-642) App info kafka.consumer for consumer-Consumer-topic-cc0ad267_9f2a_4c50_8afb_f7e6cb431202-7 unregistered
2025-07-31 18:15:39,306 INFO  [io.api.tes.uti.TestSeparator] (main) io.apicurio.tests.serdes.apicurio.AvroSerdeIT.testTopicIdStrategyFindLatest-FINISHED
2025-07-31 18:15:39,306 INFO  [io.api.tes.uti.TestSeparator] (main) ############################################################################
Test passed: testTopicIdStrategyFindLatest
]]></system-out>
  </testcase>
  <testcase name="testAvroUnionWithSpecificReader" classname="io.apicurio.tests.serdes.apicurio.AvroSerdeIT" time="1.1">
    <system-out><![CDATA[2025-07-31 18:15:39,311 INFO  [io.api.tes.uti.TestSeparator] (main) ############################################################################
2025-07-31 18:15:39,311 INFO  [io.api.tes.uti.TestSeparator] (main) io.apicurio.tests.serdes.apicurio.AvroSerdeIT.testAvroUnionWithSpecificReader-STARTED
**** Registry Base URL: http://registry-app-mysql.apps.ci419.apicurio-testing.org:80
2025-07-31 18:15:39,316 INFO  [org.apa.kaf.cli.pro.ProducerConfig] (main) ProducerConfig values: 
	acks = -1
	auto.include.jmx.reporter = true
	batch.size = 16384
	bootstrap.servers = [PLAINTEXT://localhost:32770]
	buffer.memory = 33554432
	client.dns.lookup = use_all_dns_ips
	client.id = Producer-topic-e374e8d9_6d6f_44d5_9fe3_fbc94b0fdf7b
	compression.gzip.level = -1
	compression.lz4.level = 9
	compression.type = none
	compression.zstd.level = 3
	connections.max.idle.ms = 10000
	delivery.timeout.ms = 120000
	enable.idempotence = true
	enable.metrics.push = true
	interceptor.classes = []
	key.serializer = class org.apache.kafka.common.serialization.StringSerializer
	linger.ms = 0
	max.block.ms = 60000
	max.in.flight.requests.per.connection = 5
	max.request.size = 1048576
	metadata.max.age.ms = 300000
	metadata.max.idle.ms = 300000
	metadata.recovery.strategy = none
	metric.reporters = []
	metrics.num.samples = 2
	metrics.recording.level = INFO
	metrics.sample.window.ms = 30000
	partitioner.adaptive.partitioning.enable = true
	partitioner.availability.timeout.ms = 0
	partitioner.class = null
	partitioner.ignore.keys = false
	receive.buffer.bytes = 32768
	reconnect.backoff.max.ms = 1000
	reconnect.backoff.ms = 50
	request.timeout.ms = 5000
	retries = 2147483647
	retry.backoff.max.ms = 1000
	retry.backoff.ms = 100
	sasl.client.callback.handler.class = null
	sasl.jaas.config = null
	sasl.kerberos.kinit.cmd = /usr/bin/kinit
	sasl.kerberos.min.time.before.relogin = 60000
	sasl.kerberos.service.name = null
	sasl.kerberos.ticket.renew.jitter = 0.05
	sasl.kerberos.ticket.renew.window.factor = 0.8
	sasl.login.callback.handler.class = null
	sasl.login.class = null
	sasl.login.connect.timeout.ms = null
	sasl.login.read.timeout.ms = null
	sasl.login.refresh.buffer.seconds = 300
	sasl.login.refresh.min.period.seconds = 60
	sasl.login.refresh.window.factor = 0.8
	sasl.login.refresh.window.jitter = 0.05
	sasl.login.retry.backoff.max.ms = 10000
	sasl.login.retry.backoff.ms = 100
	sasl.mechanism = GSSAPI
	sasl.oauthbearer.clock.skew.seconds = 30
	sasl.oauthbearer.expected.audience = null
	sasl.oauthbearer.expected.issuer = null
	sasl.oauthbearer.header.urlencode = false
	sasl.oauthbearer.jwks.endpoint.refresh.ms = 3600000
	sasl.oauthbearer.jwks.endpoint.retry.backoff.max.ms = 10000
	sasl.oauthbearer.jwks.endpoint.retry.backoff.ms = 100
	sasl.oauthbearer.jwks.endpoint.url = null
	sasl.oauthbearer.scope.claim.name = scope
	sasl.oauthbearer.sub.claim.name = sub
	sasl.oauthbearer.token.endpoint.url = null
	security.protocol = PLAINTEXT
	security.providers = null
	send.buffer.bytes = 131072
	socket.connection.setup.timeout.max.ms = 30000
	socket.connection.setup.timeout.ms = 10000
	ssl.cipher.suites = null
	ssl.enabled.protocols = [TLSv1.2, TLSv1.3]
	ssl.endpoint.identification.algorithm = https
	ssl.engine.factory.class = null
	ssl.key.password = null
	ssl.keymanager.algorithm = SunX509
	ssl.keystore.certificate.chain = null
	ssl.keystore.key = null
	ssl.keystore.location = null
	ssl.keystore.password = null
	ssl.keystore.type = JKS
	ssl.protocol = TLSv1.3
	ssl.provider = null
	ssl.secure.random.implementation = null
	ssl.trustmanager.algorithm = PKIX
	ssl.truststore.certificates = null
	ssl.truststore.location = null
	ssl.truststore.password = null
	ssl.truststore.type = JKS
	transaction.timeout.ms = 60000
	transactional.id = null
	value.serializer = class io.apicurio.registry.serde.avro.AvroKafkaSerializer

2025-07-31 18:15:39,316 INFO  [org.apa.kaf.com.tel.int.KafkaMetricsCollector] (main) initializing Kafka metrics collector
2025-07-31 18:15:39,325 INFO  [org.apa.kaf.cli.pro.KafkaProducer] (main) [Producer clientId=Producer-topic-e374e8d9_6d6f_44d5_9fe3_fbc94b0fdf7b] Instantiated an idempotent producer.
2025-07-31 18:15:39,330 INFO  [org.apa.kaf.cli.pro.ProducerConfig] (main) These configurations '[apicurio.registry.url, apicurio.registry.auto-register, apicurio.registry.artifact-resolver-strategy]' were supplied but are not used yet.
2025-07-31 18:15:39,330 INFO  [org.apa.kaf.com.uti.AppInfoParser] (main) Kafka version: 3.9.1
2025-07-31 18:15:39,330 INFO  [org.apa.kaf.com.uti.AppInfoParser] (main) Kafka commitId: f745dfdcee2b9851
2025-07-31 18:15:39,330 INFO  [org.apa.kaf.com.uti.AppInfoParser] (main) Kafka startTimeMs: 1753985739330
2025-07-31 18:15:39,330 INFO  [io.api.tes.ser.api.SimpleSerdesTesterBuilder$SimpleSerdesTester] (main) Using producer configuration: {apicurio.registry.url=http://registry-app-mysql.apps.ci419.apicurio-testing.org:80/apis/registry/v3, apicurio.registry.auto-register=true, apicurio.registry.artifact-resolver-strategy=io.apicurio.registry.serde.strategy.TopicIdStrategy, value.serializer=io.apicurio.registry.serde.avro.AvroKafkaSerializer, request.timeout.ms=5000, acks=all, bootstrap.servers=PLAINTEXT://localhost:32770, connections.max.idle.ms=10000, key.serializer=org.apache.kafka.common.serialization.StringSerializer, client.id=Producer-topic-e374e8d9_6d6f_44d5_9fe3_fbc94b0fdf7b}
2025-07-31 18:15:39,330 INFO  [io.api.tes.ser.api.SimpleSerdesTesterBuilder$SimpleSerdesTester] (main) Using consumer configuration: {}
2025-07-31 18:15:39,332 INFO  [io.api.tes.ser.api.KafkaSerdesTester] (Thread-645) Sending message {"id": "record-0"} to topic topic-e374e8d9_6d6f_44d5_9fe3_fbc94b0fdf7b
2025-07-31 18:15:39,349 WARN  [org.apa.kaf.cli.NetworkClient] (kafka-producer-network-thread | Producer-topic-e374e8d9_6d6f_44d5_9fe3_fbc94b0fdf7b) [Producer clientId=Producer-topic-e374e8d9_6d6f_44d5_9fe3_fbc94b0fdf7b] The metadata response from the cluster reported a recoverable issue with correlation id 2 : {topic-e374e8d9_6d6f_44d5_9fe3_fbc94b0fdf7b=LEADER_NOT_AVAILABLE}
2025-07-31 18:15:39,351 INFO  [org.apa.kaf.cli.Metadata] (kafka-producer-network-thread | Producer-topic-e374e8d9_6d6f_44d5_9fe3_fbc94b0fdf7b) [Producer clientId=Producer-topic-e374e8d9_6d6f_44d5_9fe3_fbc94b0fdf7b] Cluster ID: l9YG0eo6TEyFi47Ppqwpmg
2025-07-31 18:15:39,352 INFO  [org.apa.kaf.cli.pro.int.TransactionManager] (kafka-producer-network-thread | Producer-topic-e374e8d9_6d6f_44d5_9fe3_fbc94b0fdf7b) [Producer clientId=Producer-topic-e374e8d9_6d6f_44d5_9fe3_fbc94b0fdf7b] ProducerId set to 10 with epoch 0
2025-07-31 18:15:39,522 INFO  [io.api.tes.ser.api.KafkaSerdesTester] (Thread-645) Sending message {"value": 1} to topic topic-e374e8d9_6d6f_44d5_9fe3_fbc94b0fdf7b
2025-07-31 18:15:39,615 INFO  [io.api.tes.ser.api.KafkaSerdesTester] (Thread-645) Sending message {"active": true} to topic topic-e374e8d9_6d6f_44d5_9fe3_fbc94b0fdf7b
2025-07-31 18:15:39,707 INFO  [io.api.tes.ser.api.KafkaSerdesTester] (Thread-645) Sending message {"id": "record-3"} to topic topic-e374e8d9_6d6f_44d5_9fe3_fbc94b0fdf7b
2025-07-31 18:15:39,708 INFO  [io.api.tes.ser.api.KafkaSerdesTester] (Thread-645) Sending message {"value": 4} to topic topic-e374e8d9_6d6f_44d5_9fe3_fbc94b0fdf7b
2025-07-31 18:15:39,710 INFO  [io.api.tes.ser.api.KafkaSerdesTester] (Thread-645) Sending message {"active": false} to topic topic-e374e8d9_6d6f_44d5_9fe3_fbc94b0fdf7b
2025-07-31 18:15:39,713 INFO  [io.api.tes.ser.api.KafkaSerdesTester] (Thread-645) Sending message {"id": "record-6"} to topic topic-e374e8d9_6d6f_44d5_9fe3_fbc94b0fdf7b
2025-07-31 18:15:39,715 INFO  [io.api.tes.ser.api.KafkaSerdesTester] (Thread-645) Sending message {"value": 7} to topic topic-e374e8d9_6d6f_44d5_9fe3_fbc94b0fdf7b
2025-07-31 18:15:39,717 INFO  [io.api.tes.ser.api.KafkaSerdesTester] (Thread-645) Sending message {"active": true} to topic topic-e374e8d9_6d6f_44d5_9fe3_fbc94b0fdf7b
2025-07-31 18:15:39,718 INFO  [io.api.tes.ser.api.KafkaSerdesTester] (Thread-645) Sending message {"id": "record-9"} to topic topic-e374e8d9_6d6f_44d5_9fe3_fbc94b0fdf7b
2025-07-31 18:15:39,721 INFO  [io.api.tes.ser.api.KafkaSerdesTester] (Thread-645) Produced 10 messages
2025-07-31 18:15:39,721 INFO  [org.apa.kaf.cli.pro.KafkaProducer] (Thread-645) [Producer clientId=Producer-topic-e374e8d9_6d6f_44d5_9fe3_fbc94b0fdf7b] Closing the Kafka producer with timeoutMillis = 9223372036854775807 ms.
2025-07-31 18:15:39,725 INFO  [org.apa.kaf.com.met.Metrics] (Thread-645) Metrics scheduler closed
2025-07-31 18:15:39,725 INFO  [org.apa.kaf.com.met.Metrics] (Thread-645) Closing reporter org.apache.kafka.common.metrics.JmxReporter
2025-07-31 18:15:39,725 INFO  [org.apa.kaf.com.met.Metrics] (Thread-645) Closing reporter org.apache.kafka.common.telemetry.internals.ClientTelemetryReporter
2025-07-31 18:15:39,725 INFO  [org.apa.kaf.com.met.Metrics] (Thread-645) Metrics reporters closed
2025-07-31 18:15:39,725 INFO  [org.apa.kaf.com.uti.AppInfoParser] (Thread-645) App info kafka.producer for Producer-topic-e374e8d9_6d6f_44d5_9fe3_fbc94b0fdf7b unregistered
2025-07-31 18:15:39,746 INFO  [io.api.tes.ser.api.AvroSerdeIT] (main) Artifact topic-e374e8d9_6d6f_44d5_9fe3_fbc94b0fdf7b-value found in registry with globalId 25
**** Registry Base URL: http://registry-app-mysql.apps.ci419.apicurio-testing.org:80
2025-07-31 18:15:39,747 INFO  [org.apa.kaf.cli.con.ConsumerConfig] (main) ConsumerConfig values: 
	allow.auto.create.topics = true
	auto.commit.interval.ms = 500
	auto.include.jmx.reporter = true
	auto.offset.reset = earliest
	bootstrap.servers = [PLAINTEXT://localhost:32770]
	check.crcs = true
	client.dns.lookup = use_all_dns_ips
	client.id = consumer-Consumer-topic-e374e8d9_6d6f_44d5_9fe3_fbc94b0fdf7b-8
	client.rack = 
	connections.max.idle.ms = 10000
	default.api.timeout.ms = 60000
	enable.auto.commit = true
	enable.metrics.push = true
	exclude.internal.topics = true
	fetch.max.bytes = 52428800
	fetch.max.wait.ms = 500
	fetch.min.bytes = 1
	group.id = Consumer-topic-e374e8d9_6d6f_44d5_9fe3_fbc94b0fdf7b
	group.instance.id = null
	group.protocol = classic
	group.remote.assignor = null
	heartbeat.interval.ms = 3000
	interceptor.classes = []
	internal.leave.group.on.close = true
	internal.throw.on.fetch.stable.offset.unsupported = false
	isolation.level = read_uncommitted
	key.deserializer = class org.apache.kafka.common.serialization.StringDeserializer
	max.partition.fetch.bytes = 1048576
	max.poll.interval.ms = 300000
	max.poll.records = 500
	metadata.max.age.ms = 300000
	metadata.recovery.strategy = none
	metric.reporters = []
	metrics.num.samples = 2
	metrics.recording.level = INFO
	metrics.sample.window.ms = 30000
	partition.assignment.strategy = [class org.apache.kafka.clients.consumer.RangeAssignor, class org.apache.kafka.clients.consumer.CooperativeStickyAssignor]
	receive.buffer.bytes = 65536
	reconnect.backoff.max.ms = 1000
	reconnect.backoff.ms = 50
	request.timeout.ms = 5000
	retry.backoff.max.ms = 1000
	retry.backoff.ms = 100
	sasl.client.callback.handler.class = null
	sasl.jaas.config = null
	sasl.kerberos.kinit.cmd = /usr/bin/kinit
	sasl.kerberos.min.time.before.relogin = 60000
	sasl.kerberos.service.name = null
	sasl.kerberos.ticket.renew.jitter = 0.05
	sasl.kerberos.ticket.renew.window.factor = 0.8
	sasl.login.callback.handler.class = null
	sasl.login.class = null
	sasl.login.connect.timeout.ms = null
	sasl.login.read.timeout.ms = null
	sasl.login.refresh.buffer.seconds = 300
	sasl.login.refresh.min.period.seconds = 60
	sasl.login.refresh.window.factor = 0.8
	sasl.login.refresh.window.jitter = 0.05
	sasl.login.retry.backoff.max.ms = 10000
	sasl.login.retry.backoff.ms = 100
	sasl.mechanism = GSSAPI
	sasl.oauthbearer.clock.skew.seconds = 30
	sasl.oauthbearer.expected.audience = null
	sasl.oauthbearer.expected.issuer = null
	sasl.oauthbearer.header.urlencode = false
	sasl.oauthbearer.jwks.endpoint.refresh.ms = 3600000
	sasl.oauthbearer.jwks.endpoint.retry.backoff.max.ms = 10000
	sasl.oauthbearer.jwks.endpoint.retry.backoff.ms = 100
	sasl.oauthbearer.jwks.endpoint.url = null
	sasl.oauthbearer.scope.claim.name = scope
	sasl.oauthbearer.sub.claim.name = sub
	sasl.oauthbearer.token.endpoint.url = null
	security.protocol = PLAINTEXT
	security.providers = null
	send.buffer.bytes = 131072
	session.timeout.ms = 45000
	socket.connection.setup.timeout.max.ms = 30000
	socket.connection.setup.timeout.ms = 10000
	ssl.cipher.suites = null
	ssl.enabled.protocols = [TLSv1.2, TLSv1.3]
	ssl.endpoint.identification.algorithm = https
	ssl.engine.factory.class = null
	ssl.key.password = null
	ssl.keymanager.algorithm = SunX509
	ssl.keystore.certificate.chain = null
	ssl.keystore.key = null
	ssl.keystore.location = null
	ssl.keystore.password = null
	ssl.keystore.type = JKS
	ssl.protocol = TLSv1.3
	ssl.provider = null
	ssl.secure.random.implementation = null
	ssl.trustmanager.algorithm = PKIX
	ssl.truststore.certificates = null
	ssl.truststore.location = null
	ssl.truststore.password = null
	ssl.truststore.type = JKS
	value.deserializer = class io.apicurio.registry.serde.avro.AvroKafkaDeserializer

2025-07-31 18:15:39,747 INFO  [org.apa.kaf.com.tel.int.KafkaMetricsCollector] (main) initializing Kafka metrics collector
2025-07-31 18:15:39,754 INFO  [org.apa.kaf.cli.con.ConsumerConfig] (main) These configurations '[apicurio.registry.url]' were supplied but are not used yet.
2025-07-31 18:15:39,754 INFO  [org.apa.kaf.com.uti.AppInfoParser] (main) Kafka version: 3.9.1
2025-07-31 18:15:39,754 INFO  [org.apa.kaf.com.uti.AppInfoParser] (main) Kafka commitId: f745dfdcee2b9851
2025-07-31 18:15:39,754 INFO  [org.apa.kaf.com.uti.AppInfoParser] (main) Kafka startTimeMs: 1753985739754
2025-07-31 18:15:39,754 INFO  [org.apa.kaf.cli.con.int.ClassicKafkaConsumer] (Thread-648) [Consumer clientId=consumer-Consumer-topic-e374e8d9_6d6f_44d5_9fe3_fbc94b0fdf7b-8, groupId=Consumer-topic-e374e8d9_6d6f_44d5_9fe3_fbc94b0fdf7b] Subscribed to topic(s): topic-e374e8d9_6d6f_44d5_9fe3_fbc94b0fdf7b
2025-07-31 18:15:39,760 INFO  [org.apa.kaf.cli.Metadata] (Thread-648) [Consumer clientId=consumer-Consumer-topic-e374e8d9_6d6f_44d5_9fe3_fbc94b0fdf7b-8, groupId=Consumer-topic-e374e8d9_6d6f_44d5_9fe3_fbc94b0fdf7b] Cluster ID: l9YG0eo6TEyFi47Ppqwpmg
2025-07-31 18:15:39,760 INFO  [org.apa.kaf.cli.con.int.ConsumerCoordinator] (Thread-648) [Consumer clientId=consumer-Consumer-topic-e374e8d9_6d6f_44d5_9fe3_fbc94b0fdf7b-8, groupId=Consumer-topic-e374e8d9_6d6f_44d5_9fe3_fbc94b0fdf7b] Discovered group coordinator localhost:32770 (id: 2147483647 rack: null)
2025-07-31 18:15:39,761 INFO  [org.apa.kaf.cli.con.int.ConsumerCoordinator] (Thread-648) [Consumer clientId=consumer-Consumer-topic-e374e8d9_6d6f_44d5_9fe3_fbc94b0fdf7b-8, groupId=Consumer-topic-e374e8d9_6d6f_44d5_9fe3_fbc94b0fdf7b] (Re-)joining group
2025-07-31 18:15:39,764 INFO  [org.apa.kaf.cli.con.int.ConsumerCoordinator] (Thread-648) [Consumer clientId=consumer-Consumer-topic-e374e8d9_6d6f_44d5_9fe3_fbc94b0fdf7b-8, groupId=Consumer-topic-e374e8d9_6d6f_44d5_9fe3_fbc94b0fdf7b] Request joining group due to: need to re-join with the given member-id: consumer-Consumer-topic-e374e8d9_6d6f_44d5_9fe3_fbc94b0fdf7b-8-7934dce7-607f-483e-a3bb-a425a85bf5ed
2025-07-31 18:15:39,764 INFO  [org.apa.kaf.cli.con.int.ConsumerCoordinator] (Thread-648) [Consumer clientId=consumer-Consumer-topic-e374e8d9_6d6f_44d5_9fe3_fbc94b0fdf7b-8, groupId=Consumer-topic-e374e8d9_6d6f_44d5_9fe3_fbc94b0fdf7b] (Re-)joining group
2025-07-31 18:15:39,766 INFO  [org.apa.kaf.cli.con.int.ConsumerCoordinator] (Thread-648) [Consumer clientId=consumer-Consumer-topic-e374e8d9_6d6f_44d5_9fe3_fbc94b0fdf7b-8, groupId=Consumer-topic-e374e8d9_6d6f_44d5_9fe3_fbc94b0fdf7b] Successfully joined group with generation Generation{generationId=1, memberId='consumer-Consumer-topic-e374e8d9_6d6f_44d5_9fe3_fbc94b0fdf7b-8-7934dce7-607f-483e-a3bb-a425a85bf5ed', protocol='range'}
2025-07-31 18:15:39,766 INFO  [org.apa.kaf.cli.con.int.ConsumerCoordinator] (Thread-648) [Consumer clientId=consumer-Consumer-topic-e374e8d9_6d6f_44d5_9fe3_fbc94b0fdf7b-8, groupId=Consumer-topic-e374e8d9_6d6f_44d5_9fe3_fbc94b0fdf7b] Finished assignment for group at generation 1: {consumer-Consumer-topic-e374e8d9_6d6f_44d5_9fe3_fbc94b0fdf7b-8-7934dce7-607f-483e-a3bb-a425a85bf5ed=Assignment(partitions=[topic-e374e8d9_6d6f_44d5_9fe3_fbc94b0fdf7b-0])}
2025-07-31 18:15:39,769 INFO  [org.apa.kaf.cli.con.int.ConsumerCoordinator] (Thread-648) [Consumer clientId=consumer-Consumer-topic-e374e8d9_6d6f_44d5_9fe3_fbc94b0fdf7b-8, groupId=Consumer-topic-e374e8d9_6d6f_44d5_9fe3_fbc94b0fdf7b] Successfully synced group in generation Generation{generationId=1, memberId='consumer-Consumer-topic-e374e8d9_6d6f_44d5_9fe3_fbc94b0fdf7b-8-7934dce7-607f-483e-a3bb-a425a85bf5ed', protocol='range'}
2025-07-31 18:15:39,770 INFO  [org.apa.kaf.cli.con.int.ConsumerCoordinator] (Thread-648) [Consumer clientId=consumer-Consumer-topic-e374e8d9_6d6f_44d5_9fe3_fbc94b0fdf7b-8, groupId=Consumer-topic-e374e8d9_6d6f_44d5_9fe3_fbc94b0fdf7b] Notifying assignor about the new Assignment(partitions=[topic-e374e8d9_6d6f_44d5_9fe3_fbc94b0fdf7b-0])
2025-07-31 18:15:39,770 INFO  [org.apa.kaf.cli.con.int.ConsumerRebalanceListenerInvoker] (Thread-648) [Consumer clientId=consumer-Consumer-topic-e374e8d9_6d6f_44d5_9fe3_fbc94b0fdf7b-8, groupId=Consumer-topic-e374e8d9_6d6f_44d5_9fe3_fbc94b0fdf7b] Adding newly assigned partitions: topic-e374e8d9_6d6f_44d5_9fe3_fbc94b0fdf7b-0
2025-07-31 18:15:39,771 INFO  [org.apa.kaf.cli.con.int.ConsumerCoordinator] (Thread-648) [Consumer clientId=consumer-Consumer-topic-e374e8d9_6d6f_44d5_9fe3_fbc94b0fdf7b-8, groupId=Consumer-topic-e374e8d9_6d6f_44d5_9fe3_fbc94b0fdf7b] Found no committed offset for partition topic-e374e8d9_6d6f_44d5_9fe3_fbc94b0fdf7b-0
2025-07-31 18:15:39,776 INFO  [org.apa.kaf.cli.con.int.SubscriptionState] (Thread-648) [Consumer clientId=consumer-Consumer-topic-e374e8d9_6d6f_44d5_9fe3_fbc94b0fdf7b-8, groupId=Consumer-topic-e374e8d9_6d6f_44d5_9fe3_fbc94b0fdf7b] Resetting offset for partition topic-e374e8d9_6d6f_44d5_9fe3_fbc94b0fdf7b-0 to position FetchPosition{offset=0, offsetEpoch=Optional.empty, currentLeader=LeaderAndEpoch{leader=Optional[localhost:32770 (id: 0 rack: null)], epoch=0}}.
2025-07-31 18:15:39,898 INFO  [io.api.tes.ser.api.KafkaSerdesTester] (Thread-648) topic-e374e8d9_6d6f_44d5_9fe3_fbc94b0fdf7b 0 0 {"id": "record-0"}
2025-07-31 18:15:39,898 INFO  [io.api.tes.ser.api.KafkaSerdesTester] (Thread-648) topic-e374e8d9_6d6f_44d5_9fe3_fbc94b0fdf7b 0 1 {"value": 1}
2025-07-31 18:15:39,898 INFO  [io.api.tes.ser.api.KafkaSerdesTester] (Thread-648) topic-e374e8d9_6d6f_44d5_9fe3_fbc94b0fdf7b 0 2 {"active": true}
2025-07-31 18:15:39,898 INFO  [io.api.tes.ser.api.KafkaSerdesTester] (Thread-648) topic-e374e8d9_6d6f_44d5_9fe3_fbc94b0fdf7b 0 3 {"id": "record-3"}
2025-07-31 18:15:39,898 INFO  [io.api.tes.ser.api.KafkaSerdesTester] (Thread-648) topic-e374e8d9_6d6f_44d5_9fe3_fbc94b0fdf7b 0 4 {"value": 4}
2025-07-31 18:15:39,898 INFO  [io.api.tes.ser.api.KafkaSerdesTester] (Thread-648) topic-e374e8d9_6d6f_44d5_9fe3_fbc94b0fdf7b 0 5 {"active": false}
2025-07-31 18:15:39,898 INFO  [io.api.tes.ser.api.KafkaSerdesTester] (Thread-648) topic-e374e8d9_6d6f_44d5_9fe3_fbc94b0fdf7b 0 6 {"id": "record-6"}
2025-07-31 18:15:39,898 INFO  [io.api.tes.ser.api.KafkaSerdesTester] (Thread-648) topic-e374e8d9_6d6f_44d5_9fe3_fbc94b0fdf7b 0 7 {"value": 7}
2025-07-31 18:15:39,898 INFO  [io.api.tes.ser.api.KafkaSerdesTester] (Thread-648) topic-e374e8d9_6d6f_44d5_9fe3_fbc94b0fdf7b 0 8 {"active": true}
2025-07-31 18:15:39,899 INFO  [io.api.tes.ser.api.KafkaSerdesTester] (Thread-648) topic-e374e8d9_6d6f_44d5_9fe3_fbc94b0fdf7b 0 9 {"id": "record-9"}
2025-07-31 18:15:39,899 INFO  [io.api.tes.ser.api.KafkaSerdesTester] (Thread-648) Consumed 10 messages
2025-07-31 18:15:39,905 INFO  [org.apa.kaf.cli.con.int.ConsumerRebalanceListenerInvoker] (Thread-648) [Consumer clientId=consumer-Consumer-topic-e374e8d9_6d6f_44d5_9fe3_fbc94b0fdf7b-8, groupId=Consumer-topic-e374e8d9_6d6f_44d5_9fe3_fbc94b0fdf7b] Revoke previously assigned partitions topic-e374e8d9_6d6f_44d5_9fe3_fbc94b0fdf7b-0
2025-07-31 18:15:39,905 INFO  [org.apa.kaf.cli.con.int.ConsumerCoordinator] (Thread-648) [Consumer clientId=consumer-Consumer-topic-e374e8d9_6d6f_44d5_9fe3_fbc94b0fdf7b-8, groupId=Consumer-topic-e374e8d9_6d6f_44d5_9fe3_fbc94b0fdf7b] Member consumer-Consumer-topic-e374e8d9_6d6f_44d5_9fe3_fbc94b0fdf7b-8-7934dce7-607f-483e-a3bb-a425a85bf5ed sending LeaveGroup request to coordinator localhost:32770 (id: 2147483647 rack: null) due to the consumer is being closed
2025-07-31 18:15:39,906 INFO  [org.apa.kaf.cli.con.int.ConsumerCoordinator] (Thread-648) [Consumer clientId=consumer-Consumer-topic-e374e8d9_6d6f_44d5_9fe3_fbc94b0fdf7b-8, groupId=Consumer-topic-e374e8d9_6d6f_44d5_9fe3_fbc94b0fdf7b] Resetting generation and member id due to: consumer pro-actively leaving the group
2025-07-31 18:15:39,906 INFO  [org.apa.kaf.cli.con.int.ConsumerCoordinator] (Thread-648) [Consumer clientId=consumer-Consumer-topic-e374e8d9_6d6f_44d5_9fe3_fbc94b0fdf7b-8, groupId=Consumer-topic-e374e8d9_6d6f_44d5_9fe3_fbc94b0fdf7b] Request joining group due to: consumer pro-actively leaving the group
2025-07-31 18:15:40,404 INFO  [org.apa.kaf.com.met.Metrics] (Thread-648) Metrics scheduler closed
2025-07-31 18:15:40,404 INFO  [org.apa.kaf.com.met.Metrics] (Thread-648) Closing reporter org.apache.kafka.common.metrics.JmxReporter
2025-07-31 18:15:40,404 INFO  [org.apa.kaf.com.met.Metrics] (Thread-648) Closing reporter org.apache.kafka.common.telemetry.internals.ClientTelemetryReporter
2025-07-31 18:15:40,404 INFO  [org.apa.kaf.com.met.Metrics] (Thread-648) Metrics reporters closed
2025-07-31 18:15:40,407 INFO  [org.apa.kaf.com.uti.AppInfoParser] (Thread-648) App info kafka.consumer for consumer-Consumer-topic-e374e8d9_6d6f_44d5_9fe3_fbc94b0fdf7b-8 unregistered
2025-07-31 18:15:40,410 INFO  [io.api.tes.uti.TestSeparator] (main) io.apicurio.tests.serdes.apicurio.AvroSerdeIT.testAvroUnionWithSpecificReader-FINISHED
2025-07-31 18:15:40,410 INFO  [io.api.tes.uti.TestSeparator] (main) ############################################################################
Test passed: testAvroUnionWithSpecificReader
]]></system-out>
  </testcase>
  <testcase name="testEvolveAvroApicurioReusingClient" classname="io.apicurio.tests.serdes.apicurio.AvroSerdeIT" time="4.162">
    <system-out><![CDATA[2025-07-31 18:15:40,412 INFO  [io.api.tes.uti.TestSeparator] (main) ############################################################################
2025-07-31 18:15:40,412 INFO  [io.api.tes.uti.TestSeparator] (main) io.apicurio.tests.serdes.apicurio.AvroSerdeIT.testEvolveAvroApicurioReusingClient-STARTED
2025-07-31 18:15:40,413 INFO  [io.api.tes.ser.api.AvroSerdeIT] (main) Registering Avro Schema: {"type":"record","name":"s4f06a265x39eex4eb9x8163xe96cea5b6b89","namespace":"ns_0f891489_2dd5_4dfc_b624_af2661f36965","fields":[{"name":"key11753985740412","type":"string"}]}
**** Registry Base URL: http://registry-app-mysql.apps.ci419.apicurio-testing.org:80
2025-07-31 18:15:41,495 INFO  [org.apa.kaf.cli.pro.ProducerConfig] (main) ProducerConfig values: 
	acks = -1
	auto.include.jmx.reporter = true
	batch.size = 16384
	bootstrap.servers = [PLAINTEXT://localhost:32770]
	buffer.memory = 33554432
	client.dns.lookup = use_all_dns_ips
	client.id = Producer-topic-d9ff82be_1db7_4128_89a7_66b09743d73b
	compression.gzip.level = -1
	compression.lz4.level = 9
	compression.type = none
	compression.zstd.level = 3
	connections.max.idle.ms = 10000
	delivery.timeout.ms = 120000
	enable.idempotence = true
	enable.metrics.push = true
	interceptor.classes = []
	key.serializer = class org.apache.kafka.common.serialization.StringSerializer
	linger.ms = 0
	max.block.ms = 60000
	max.in.flight.requests.per.connection = 5
	max.request.size = 1048576
	metadata.max.age.ms = 300000
	metadata.max.idle.ms = 300000
	metadata.recovery.strategy = none
	metric.reporters = []
	metrics.num.samples = 2
	metrics.recording.level = INFO
	metrics.sample.window.ms = 30000
	partitioner.adaptive.partitioning.enable = true
	partitioner.availability.timeout.ms = 0
	partitioner.class = null
	partitioner.ignore.keys = false
	receive.buffer.bytes = 32768
	reconnect.backoff.max.ms = 1000
	reconnect.backoff.ms = 50
	request.timeout.ms = 5000
	retries = 2147483647
	retry.backoff.max.ms = 1000
	retry.backoff.ms = 100
	sasl.client.callback.handler.class = null
	sasl.jaas.config = null
	sasl.kerberos.kinit.cmd = /usr/bin/kinit
	sasl.kerberos.min.time.before.relogin = 60000
	sasl.kerberos.service.name = null
	sasl.kerberos.ticket.renew.jitter = 0.05
	sasl.kerberos.ticket.renew.window.factor = 0.8
	sasl.login.callback.handler.class = null
	sasl.login.class = null
	sasl.login.connect.timeout.ms = null
	sasl.login.read.timeout.ms = null
	sasl.login.refresh.buffer.seconds = 300
	sasl.login.refresh.min.period.seconds = 60
	sasl.login.refresh.window.factor = 0.8
	sasl.login.refresh.window.jitter = 0.05
	sasl.login.retry.backoff.max.ms = 10000
	sasl.login.retry.backoff.ms = 100
	sasl.mechanism = GSSAPI
	sasl.oauthbearer.clock.skew.seconds = 30
	sasl.oauthbearer.expected.audience = null
	sasl.oauthbearer.expected.issuer = null
	sasl.oauthbearer.header.urlencode = false
	sasl.oauthbearer.jwks.endpoint.refresh.ms = 3600000
	sasl.oauthbearer.jwks.endpoint.retry.backoff.max.ms = 10000
	sasl.oauthbearer.jwks.endpoint.retry.backoff.ms = 100
	sasl.oauthbearer.jwks.endpoint.url = null
	sasl.oauthbearer.scope.claim.name = scope
	sasl.oauthbearer.sub.claim.name = sub
	sasl.oauthbearer.token.endpoint.url = null
	security.protocol = PLAINTEXT
	security.providers = null
	send.buffer.bytes = 131072
	socket.connection.setup.timeout.max.ms = 30000
	socket.connection.setup.timeout.ms = 10000
	ssl.cipher.suites = null
	ssl.enabled.protocols = [TLSv1.2, TLSv1.3]
	ssl.endpoint.identification.algorithm = https
	ssl.engine.factory.class = null
	ssl.key.password = null
	ssl.keymanager.algorithm = SunX509
	ssl.keystore.certificate.chain = null
	ssl.keystore.key = null
	ssl.keystore.location = null
	ssl.keystore.password = null
	ssl.keystore.type = JKS
	ssl.protocol = TLSv1.3
	ssl.provider = null
	ssl.secure.random.implementation = null
	ssl.trustmanager.algorithm = PKIX
	ssl.truststore.certificates = null
	ssl.truststore.location = null
	ssl.truststore.password = null
	ssl.truststore.type = JKS
	transaction.timeout.ms = 60000
	transactional.id = null
	value.serializer = class io.apicurio.registry.serde.avro.AvroKafkaSerializer

2025-07-31 18:15:41,495 INFO  [org.apa.kaf.com.tel.int.KafkaMetricsCollector] (main) initializing Kafka metrics collector
2025-07-31 18:15:41,498 INFO  [org.apa.kaf.cli.pro.KafkaProducer] (main) [Producer clientId=Producer-topic-d9ff82be_1db7_4128_89a7_66b09743d73b] Instantiated an idempotent producer.
2025-07-31 18:15:41,500 INFO  [org.apa.kaf.cli.pro.ProducerConfig] (main) These configurations '[apicurio.registry.url, apicurio.registry.artifact-resolver-strategy]' were supplied but are not used yet.
2025-07-31 18:15:41,500 INFO  [org.apa.kaf.com.uti.AppInfoParser] (main) Kafka version: 3.9.1
2025-07-31 18:15:41,500 INFO  [org.apa.kaf.com.uti.AppInfoParser] (main) Kafka commitId: f745dfdcee2b9851
2025-07-31 18:15:41,500 INFO  [org.apa.kaf.com.uti.AppInfoParser] (main) Kafka startTimeMs: 1753985741500
**** Registry Base URL: http://registry-app-mysql.apps.ci419.apicurio-testing.org:80
2025-07-31 18:15:41,500 INFO  [org.apa.kaf.cli.con.ConsumerConfig] (main) ConsumerConfig values: 
	allow.auto.create.topics = true
	auto.commit.interval.ms = 500
	auto.include.jmx.reporter = true
	auto.offset.reset = earliest
	bootstrap.servers = [PLAINTEXT://localhost:32770]
	check.crcs = true
	client.dns.lookup = use_all_dns_ips
	client.id = consumer-Consumer-topic-d9ff82be_1db7_4128_89a7_66b09743d73b-9
	client.rack = 
	connections.max.idle.ms = 10000
	default.api.timeout.ms = 60000
	enable.auto.commit = true
	enable.metrics.push = true
	exclude.internal.topics = true
	fetch.max.bytes = 52428800
	fetch.max.wait.ms = 500
	fetch.min.bytes = 1
	group.id = Consumer-topic-d9ff82be_1db7_4128_89a7_66b09743d73b
	group.instance.id = null
	group.protocol = classic
	group.remote.assignor = null
	heartbeat.interval.ms = 3000
	interceptor.classes = []
	internal.leave.group.on.close = true
	internal.throw.on.fetch.stable.offset.unsupported = false
	isolation.level = read_uncommitted
	key.deserializer = class org.apache.kafka.common.serialization.StringDeserializer
	max.partition.fetch.bytes = 1048576
	max.poll.interval.ms = 300000
	max.poll.records = 500
	metadata.max.age.ms = 300000
	metadata.recovery.strategy = none
	metric.reporters = []
	metrics.num.samples = 2
	metrics.recording.level = INFO
	metrics.sample.window.ms = 30000
	partition.assignment.strategy = [class org.apache.kafka.clients.consumer.RangeAssignor, class org.apache.kafka.clients.consumer.CooperativeStickyAssignor]
	receive.buffer.bytes = 65536
	reconnect.backoff.max.ms = 1000
	reconnect.backoff.ms = 50
	request.timeout.ms = 5000
	retry.backoff.max.ms = 1000
	retry.backoff.ms = 100
	sasl.client.callback.handler.class = null
	sasl.jaas.config = null
	sasl.kerberos.kinit.cmd = /usr/bin/kinit
	sasl.kerberos.min.time.before.relogin = 60000
	sasl.kerberos.service.name = null
	sasl.kerberos.ticket.renew.jitter = 0.05
	sasl.kerberos.ticket.renew.window.factor = 0.8
	sasl.login.callback.handler.class = null
	sasl.login.class = null
	sasl.login.connect.timeout.ms = null
	sasl.login.read.timeout.ms = null
	sasl.login.refresh.buffer.seconds = 300
	sasl.login.refresh.min.period.seconds = 60
	sasl.login.refresh.window.factor = 0.8
	sasl.login.refresh.window.jitter = 0.05
	sasl.login.retry.backoff.max.ms = 10000
	sasl.login.retry.backoff.ms = 100
	sasl.mechanism = GSSAPI
	sasl.oauthbearer.clock.skew.seconds = 30
	sasl.oauthbearer.expected.audience = null
	sasl.oauthbearer.expected.issuer = null
	sasl.oauthbearer.header.urlencode = false
	sasl.oauthbearer.jwks.endpoint.refresh.ms = 3600000
	sasl.oauthbearer.jwks.endpoint.retry.backoff.max.ms = 10000
	sasl.oauthbearer.jwks.endpoint.retry.backoff.ms = 100
	sasl.oauthbearer.jwks.endpoint.url = null
	sasl.oauthbearer.scope.claim.name = scope
	sasl.oauthbearer.sub.claim.name = sub
	sasl.oauthbearer.token.endpoint.url = null
	security.protocol = PLAINTEXT
	security.providers = null
	send.buffer.bytes = 131072
	session.timeout.ms = 45000
	socket.connection.setup.timeout.max.ms = 30000
	socket.connection.setup.timeout.ms = 10000
	ssl.cipher.suites = null
	ssl.enabled.protocols = [TLSv1.2, TLSv1.3]
	ssl.endpoint.identification.algorithm = https
	ssl.engine.factory.class = null
	ssl.key.password = null
	ssl.keymanager.algorithm = SunX509
	ssl.keystore.certificate.chain = null
	ssl.keystore.key = null
	ssl.keystore.location = null
	ssl.keystore.password = null
	ssl.keystore.type = JKS
	ssl.protocol = TLSv1.3
	ssl.provider = null
	ssl.secure.random.implementation = null
	ssl.trustmanager.algorithm = PKIX
	ssl.truststore.certificates = null
	ssl.truststore.location = null
	ssl.truststore.password = null
	ssl.truststore.type = JKS
	value.deserializer = class io.apicurio.registry.serde.avro.AvroKafkaDeserializer

2025-07-31 18:15:41,501 INFO  [org.apa.kaf.com.tel.int.KafkaMetricsCollector] (main) initializing Kafka metrics collector
2025-07-31 18:15:41,509 INFO  [org.apa.kaf.cli.Metadata] (kafka-producer-network-thread | Producer-topic-d9ff82be_1db7_4128_89a7_66b09743d73b) [Producer clientId=Producer-topic-d9ff82be_1db7_4128_89a7_66b09743d73b] Cluster ID: l9YG0eo6TEyFi47Ppqwpmg
2025-07-31 18:15:41,510 INFO  [org.apa.kaf.cli.pro.int.TransactionManager] (kafka-producer-network-thread | Producer-topic-d9ff82be_1db7_4128_89a7_66b09743d73b) [Producer clientId=Producer-topic-d9ff82be_1db7_4128_89a7_66b09743d73b] ProducerId set to 11 with epoch 0
2025-07-31 18:15:41,511 INFO  [org.apa.kaf.cli.con.ConsumerConfig] (main) These configurations '[apicurio.registry.url]' were supplied but are not used yet.
2025-07-31 18:15:41,511 INFO  [org.apa.kaf.com.uti.AppInfoParser] (main) Kafka version: 3.9.1
2025-07-31 18:15:41,511 INFO  [org.apa.kaf.com.uti.AppInfoParser] (main) Kafka commitId: f745dfdcee2b9851
2025-07-31 18:15:41,511 INFO  [org.apa.kaf.com.uti.AppInfoParser] (main) Kafka startTimeMs: 1753985741511
2025-07-31 18:15:41,515 INFO  [io.api.tes.ser.api.KafkaSerdesTester] (Thread-653) Sending message {"key11753985740412": "value-0"} to topic topic-d9ff82be_1db7_4128_89a7_66b09743d73b
2025-07-31 18:15:41,517 INFO  [DefaultSchemaResolver] (Thread-653) Retrieving schema content using string: {"type":"record","name":"s4f06a265x39eex4eb9x8163xe96cea5b6b89","namespace":"ns_0f891489_2dd5_4dfc_b624_af2661f36965","fields":[{"name":"key11753985740412","type":"string"}]}
2025-07-31 18:15:41,553 INFO  [io.api.tes.ser.api.KafkaSerdesTester] (Thread-653) Sending message {"key11753985740412": "value-1"} to topic topic-d9ff82be_1db7_4128_89a7_66b09743d73b
2025-07-31 18:15:41,555 INFO  [io.api.tes.ser.api.KafkaSerdesTester] (Thread-653) Sending message {"key11753985740412": "value-2"} to topic topic-d9ff82be_1db7_4128_89a7_66b09743d73b
2025-07-31 18:15:41,557 INFO  [io.api.tes.ser.api.KafkaSerdesTester] (Thread-653) Sending message {"key11753985740412": "value-3"} to topic topic-d9ff82be_1db7_4128_89a7_66b09743d73b
2025-07-31 18:15:41,559 INFO  [io.api.tes.ser.api.KafkaSerdesTester] (Thread-653) Sending message {"key11753985740412": "value-4"} to topic topic-d9ff82be_1db7_4128_89a7_66b09743d73b
2025-07-31 18:15:41,563 INFO  [io.api.tes.ser.api.KafkaSerdesTester] (Thread-653) Sending message {"key11753985740412": "value-5"} to topic topic-d9ff82be_1db7_4128_89a7_66b09743d73b
2025-07-31 18:15:41,565 INFO  [io.api.tes.ser.api.KafkaSerdesTester] (Thread-653) Sending message {"key11753985740412": "value-6"} to topic topic-d9ff82be_1db7_4128_89a7_66b09743d73b
2025-07-31 18:15:41,568 INFO  [io.api.tes.ser.api.KafkaSerdesTester] (Thread-653) Sending message {"key11753985740412": "value-7"} to topic topic-d9ff82be_1db7_4128_89a7_66b09743d73b
2025-07-31 18:15:41,571 INFO  [io.api.tes.ser.api.KafkaSerdesTester] (Thread-653) Sending message {"key11753985740412": "value-8"} to topic topic-d9ff82be_1db7_4128_89a7_66b09743d73b
2025-07-31 18:15:41,575 INFO  [io.api.tes.ser.api.KafkaSerdesTester] (Thread-653) Sending message {"key11753985740412": "value-9"} to topic topic-d9ff82be_1db7_4128_89a7_66b09743d73b
2025-07-31 18:15:41,579 INFO  [io.api.tes.ser.api.KafkaSerdesTester] (Thread-653) Produced 10 messages
2025-07-31 18:15:41,581 INFO  [org.apa.kaf.cli.con.int.ClassicKafkaConsumer] (Thread-654) [Consumer clientId=consumer-Consumer-topic-d9ff82be_1db7_4128_89a7_66b09743d73b-9, groupId=Consumer-topic-d9ff82be_1db7_4128_89a7_66b09743d73b] Subscribed to topic(s): topic-d9ff82be_1db7_4128_89a7_66b09743d73b
2025-07-31 18:15:41,588 INFO  [org.apa.kaf.cli.Metadata] (Thread-654) [Consumer clientId=consumer-Consumer-topic-d9ff82be_1db7_4128_89a7_66b09743d73b-9, groupId=Consumer-topic-d9ff82be_1db7_4128_89a7_66b09743d73b] Cluster ID: l9YG0eo6TEyFi47Ppqwpmg
2025-07-31 18:15:41,588 INFO  [org.apa.kaf.cli.con.int.ConsumerCoordinator] (Thread-654) [Consumer clientId=consumer-Consumer-topic-d9ff82be_1db7_4128_89a7_66b09743d73b-9, groupId=Consumer-topic-d9ff82be_1db7_4128_89a7_66b09743d73b] Discovered group coordinator localhost:32770 (id: 2147483647 rack: null)
2025-07-31 18:15:41,589 INFO  [org.apa.kaf.cli.con.int.ConsumerCoordinator] (Thread-654) [Consumer clientId=consumer-Consumer-topic-d9ff82be_1db7_4128_89a7_66b09743d73b-9, groupId=Consumer-topic-d9ff82be_1db7_4128_89a7_66b09743d73b] (Re-)joining group
2025-07-31 18:15:41,592 INFO  [org.apa.kaf.cli.con.int.ConsumerCoordinator] (Thread-654) [Consumer clientId=consumer-Consumer-topic-d9ff82be_1db7_4128_89a7_66b09743d73b-9, groupId=Consumer-topic-d9ff82be_1db7_4128_89a7_66b09743d73b] Request joining group due to: need to re-join with the given member-id: consumer-Consumer-topic-d9ff82be_1db7_4128_89a7_66b09743d73b-9-7f998cb3-f415-487f-91b1-3a6aa2a87e76
2025-07-31 18:15:41,592 INFO  [org.apa.kaf.cli.con.int.ConsumerCoordinator] (Thread-654) [Consumer clientId=consumer-Consumer-topic-d9ff82be_1db7_4128_89a7_66b09743d73b-9, groupId=Consumer-topic-d9ff82be_1db7_4128_89a7_66b09743d73b] (Re-)joining group
2025-07-31 18:15:41,594 INFO  [org.apa.kaf.cli.con.int.ConsumerCoordinator] (Thread-654) [Consumer clientId=consumer-Consumer-topic-d9ff82be_1db7_4128_89a7_66b09743d73b-9, groupId=Consumer-topic-d9ff82be_1db7_4128_89a7_66b09743d73b] Successfully joined group with generation Generation{generationId=1, memberId='consumer-Consumer-topic-d9ff82be_1db7_4128_89a7_66b09743d73b-9-7f998cb3-f415-487f-91b1-3a6aa2a87e76', protocol='range'}
2025-07-31 18:15:41,594 INFO  [org.apa.kaf.cli.con.int.ConsumerCoordinator] (Thread-654) [Consumer clientId=consumer-Consumer-topic-d9ff82be_1db7_4128_89a7_66b09743d73b-9, groupId=Consumer-topic-d9ff82be_1db7_4128_89a7_66b09743d73b] Finished assignment for group at generation 1: {consumer-Consumer-topic-d9ff82be_1db7_4128_89a7_66b09743d73b-9-7f998cb3-f415-487f-91b1-3a6aa2a87e76=Assignment(partitions=[topic-d9ff82be_1db7_4128_89a7_66b09743d73b-0])}
2025-07-31 18:15:41,596 INFO  [org.apa.kaf.cli.con.int.ConsumerCoordinator] (Thread-654) [Consumer clientId=consumer-Consumer-topic-d9ff82be_1db7_4128_89a7_66b09743d73b-9, groupId=Consumer-topic-d9ff82be_1db7_4128_89a7_66b09743d73b] Successfully synced group in generation Generation{generationId=1, memberId='consumer-Consumer-topic-d9ff82be_1db7_4128_89a7_66b09743d73b-9-7f998cb3-f415-487f-91b1-3a6aa2a87e76', protocol='range'}
2025-07-31 18:15:41,597 INFO  [org.apa.kaf.cli.con.int.ConsumerCoordinator] (Thread-654) [Consumer clientId=consumer-Consumer-topic-d9ff82be_1db7_4128_89a7_66b09743d73b-9, groupId=Consumer-topic-d9ff82be_1db7_4128_89a7_66b09743d73b] Notifying assignor about the new Assignment(partitions=[topic-d9ff82be_1db7_4128_89a7_66b09743d73b-0])
2025-07-31 18:15:41,597 INFO  [org.apa.kaf.cli.con.int.ConsumerRebalanceListenerInvoker] (Thread-654) [Consumer clientId=consumer-Consumer-topic-d9ff82be_1db7_4128_89a7_66b09743d73b-9, groupId=Consumer-topic-d9ff82be_1db7_4128_89a7_66b09743d73b] Adding newly assigned partitions: topic-d9ff82be_1db7_4128_89a7_66b09743d73b-0
2025-07-31 18:15:41,598 INFO  [org.apa.kaf.cli.con.int.ConsumerCoordinator] (Thread-654) [Consumer clientId=consumer-Consumer-topic-d9ff82be_1db7_4128_89a7_66b09743d73b-9, groupId=Consumer-topic-d9ff82be_1db7_4128_89a7_66b09743d73b] Found no committed offset for partition topic-d9ff82be_1db7_4128_89a7_66b09743d73b-0
2025-07-31 18:15:41,604 INFO  [org.apa.kaf.cli.con.int.SubscriptionState] (Thread-654) [Consumer clientId=consumer-Consumer-topic-d9ff82be_1db7_4128_89a7_66b09743d73b-9, groupId=Consumer-topic-d9ff82be_1db7_4128_89a7_66b09743d73b] Resetting offset for partition topic-d9ff82be_1db7_4128_89a7_66b09743d73b-0 to position FetchPosition{offset=0, offsetEpoch=Optional.empty, currentLeader=LeaderAndEpoch{leader=Optional[localhost:32770 (id: 0 rack: null)], epoch=0}}.
2025-07-31 18:15:41,648 INFO  [io.api.tes.ser.api.KafkaSerdesTester] (Thread-654) topic-d9ff82be_1db7_4128_89a7_66b09743d73b 0 0 {"key11753985740412": "value-0"}
2025-07-31 18:15:41,648 INFO  [io.api.tes.ser.api.KafkaSerdesTester] (Thread-654) topic-d9ff82be_1db7_4128_89a7_66b09743d73b 0 1 {"key11753985740412": "value-1"}
2025-07-31 18:15:41,648 INFO  [io.api.tes.ser.api.KafkaSerdesTester] (Thread-654) topic-d9ff82be_1db7_4128_89a7_66b09743d73b 0 2 {"key11753985740412": "value-2"}
2025-07-31 18:15:41,648 INFO  [io.api.tes.ser.api.KafkaSerdesTester] (Thread-654) topic-d9ff82be_1db7_4128_89a7_66b09743d73b 0 3 {"key11753985740412": "value-3"}
2025-07-31 18:15:41,648 INFO  [io.api.tes.ser.api.KafkaSerdesTester] (Thread-654) topic-d9ff82be_1db7_4128_89a7_66b09743d73b 0 4 {"key11753985740412": "value-4"}
2025-07-31 18:15:41,648 INFO  [io.api.tes.ser.api.KafkaSerdesTester] (Thread-654) topic-d9ff82be_1db7_4128_89a7_66b09743d73b 0 5 {"key11753985740412": "value-5"}
2025-07-31 18:15:41,648 INFO  [io.api.tes.ser.api.KafkaSerdesTester] (Thread-654) topic-d9ff82be_1db7_4128_89a7_66b09743d73b 0 6 {"key11753985740412": "value-6"}
2025-07-31 18:15:41,648 INFO  [io.api.tes.ser.api.KafkaSerdesTester] (Thread-654) topic-d9ff82be_1db7_4128_89a7_66b09743d73b 0 7 {"key11753985740412": "value-7"}
2025-07-31 18:15:41,648 INFO  [io.api.tes.ser.api.KafkaSerdesTester] (Thread-654) topic-d9ff82be_1db7_4128_89a7_66b09743d73b 0 8 {"key11753985740412": "value-8"}
2025-07-31 18:15:41,648 INFO  [io.api.tes.ser.api.KafkaSerdesTester] (Thread-654) topic-d9ff82be_1db7_4128_89a7_66b09743d73b 0 9 {"key11753985740412": "value-9"}
2025-07-31 18:15:41,648 INFO  [io.api.tes.ser.api.KafkaSerdesTester] (Thread-654) Consumed 10 messages
2025-07-31 18:15:41,649 INFO  [io.api.tes.ser.api.AvroSerdeIT] (main) Registering Avro Schema 2: {"type":"record","name":"s4f06a265x39eex4eb9x8163xe96cea5b6b89","namespace":"ns_0f891489_2dd5_4dfc_b624_af2661f36965","fields":[{"name":"key11753985740412","type":"string"},{"name":"key21753985741649","type":"string"}]}
2025-07-31 18:15:42,738 INFO  [io.api.tes.ser.api.KafkaSerdesTester] (Thread-655) Sending message {"key11753985740412": "value-0", "key21753985741649": "value-0"} to topic topic-d9ff82be_1db7_4128_89a7_66b09743d73b
2025-07-31 18:15:42,738 INFO  [DefaultSchemaResolver] (Thread-655) Retrieving schema content using string: {"type":"record","name":"s4f06a265x39eex4eb9x8163xe96cea5b6b89","namespace":"ns_0f891489_2dd5_4dfc_b624_af2661f36965","fields":[{"name":"key11753985740412","type":"string"},{"name":"key21753985741649","type":"string"}]}
2025-07-31 18:15:42,766 INFO  [io.api.tes.ser.api.KafkaSerdesTester] (Thread-655) Sending message {"key11753985740412": "value-1", "key21753985741649": "value-1"} to topic topic-d9ff82be_1db7_4128_89a7_66b09743d73b
2025-07-31 18:15:42,770 INFO  [io.api.tes.ser.api.KafkaSerdesTester] (Thread-655) Sending message {"key11753985740412": "value-2", "key21753985741649": "value-2"} to topic topic-d9ff82be_1db7_4128_89a7_66b09743d73b
2025-07-31 18:15:42,774 INFO  [io.api.tes.ser.api.KafkaSerdesTester] (Thread-655) Sending message {"key11753985740412": "value-3", "key21753985741649": "value-3"} to topic topic-d9ff82be_1db7_4128_89a7_66b09743d73b
2025-07-31 18:15:42,776 INFO  [io.api.tes.ser.api.KafkaSerdesTester] (Thread-655) Sending message {"key11753985740412": "value-4", "key21753985741649": "value-4"} to topic topic-d9ff82be_1db7_4128_89a7_66b09743d73b
2025-07-31 18:15:42,779 INFO  [io.api.tes.ser.api.KafkaSerdesTester] (Thread-655) Sending message {"key11753985740412": "value-5", "key21753985741649": "value-5"} to topic topic-d9ff82be_1db7_4128_89a7_66b09743d73b
2025-07-31 18:15:42,781 INFO  [io.api.tes.ser.api.KafkaSerdesTester] (Thread-655) Sending message {"key11753985740412": "value-6", "key21753985741649": "value-6"} to topic topic-d9ff82be_1db7_4128_89a7_66b09743d73b
2025-07-31 18:15:42,783 INFO  [io.api.tes.ser.api.KafkaSerdesTester] (Thread-655) Sending message {"key11753985740412": "value-7", "key21753985741649": "value-7"} to topic topic-d9ff82be_1db7_4128_89a7_66b09743d73b
2025-07-31 18:15:42,784 INFO  [io.api.tes.ser.api.KafkaSerdesTester] (Thread-655) Sending message {"key11753985740412": "value-8", "key21753985741649": "value-8"} to topic topic-d9ff82be_1db7_4128_89a7_66b09743d73b
2025-07-31 18:15:42,786 INFO  [io.api.tes.ser.api.KafkaSerdesTester] (Thread-655) Sending message {"key11753985740412": "value-9", "key21753985741649": "value-9"} to topic topic-d9ff82be_1db7_4128_89a7_66b09743d73b
2025-07-31 18:15:42,787 INFO  [io.api.tes.ser.api.KafkaSerdesTester] (Thread-655) Produced 10 messages
2025-07-31 18:15:42,788 INFO  [io.api.tes.ser.api.KafkaSerdesTester] (Thread-656) Sending message {"key11753985740412": "value-0"} to topic topic-d9ff82be_1db7_4128_89a7_66b09743d73b
2025-07-31 18:15:42,789 INFO  [io.api.tes.ser.api.KafkaSerdesTester] (Thread-656) Sending message {"key11753985740412": "value-1"} to topic topic-d9ff82be_1db7_4128_89a7_66b09743d73b
2025-07-31 18:15:42,791 INFO  [io.api.tes.ser.api.KafkaSerdesTester] (Thread-656) Sending message {"key11753985740412": "value-2"} to topic topic-d9ff82be_1db7_4128_89a7_66b09743d73b
2025-07-31 18:15:42,792 INFO  [io.api.tes.ser.api.KafkaSerdesTester] (Thread-656) Sending message {"key11753985740412": "value-3"} to topic topic-d9ff82be_1db7_4128_89a7_66b09743d73b
2025-07-31 18:15:42,794 INFO  [io.api.tes.ser.api.KafkaSerdesTester] (Thread-656) Sending message {"key11753985740412": "value-4"} to topic topic-d9ff82be_1db7_4128_89a7_66b09743d73b
2025-07-31 18:15:42,796 INFO  [io.api.tes.ser.api.KafkaSerdesTester] (Thread-656) Sending message {"key11753985740412": "value-5"} to topic topic-d9ff82be_1db7_4128_89a7_66b09743d73b
2025-07-31 18:15:42,798 INFO  [io.api.tes.ser.api.KafkaSerdesTester] (Thread-656) Sending message {"key11753985740412": "value-6"} to topic topic-d9ff82be_1db7_4128_89a7_66b09743d73b
2025-07-31 18:15:42,799 INFO  [io.api.tes.ser.api.KafkaSerdesTester] (Thread-656) Sending message {"key11753985740412": "value-7"} to topic topic-d9ff82be_1db7_4128_89a7_66b09743d73b
2025-07-31 18:15:42,801 INFO  [io.api.tes.ser.api.KafkaSerdesTester] (Thread-656) Sending message {"key11753985740412": "value-8"} to topic topic-d9ff82be_1db7_4128_89a7_66b09743d73b
2025-07-31 18:15:42,802 INFO  [io.api.tes.ser.api.KafkaSerdesTester] (Thread-656) Sending message {"key11753985740412": "value-9"} to topic topic-d9ff82be_1db7_4128_89a7_66b09743d73b
2025-07-31 18:15:42,805 INFO  [io.api.tes.ser.api.KafkaSerdesTester] (Thread-656) Produced 10 messages
2025-07-31 18:15:42,808 INFO  [org.apa.kaf.cli.con.int.ClassicKafkaConsumer] (Thread-657) [Consumer clientId=consumer-Consumer-topic-d9ff82be_1db7_4128_89a7_66b09743d73b-9, groupId=Consumer-topic-d9ff82be_1db7_4128_89a7_66b09743d73b] Subscribed to topic(s): topic-d9ff82be_1db7_4128_89a7_66b09743d73b
2025-07-31 18:15:42,844 INFO  [io.api.tes.ser.api.KafkaSerdesTester] (Thread-657) topic-d9ff82be_1db7_4128_89a7_66b09743d73b 0 10 {"key11753985740412": "value-0", "key21753985741649": "value-0"}
2025-07-31 18:15:42,845 INFO  [io.api.tes.ser.api.KafkaSerdesTester] (Thread-657) topic-d9ff82be_1db7_4128_89a7_66b09743d73b 0 11 {"key11753985740412": "value-1", "key21753985741649": "value-1"}
2025-07-31 18:15:42,845 INFO  [io.api.tes.ser.api.KafkaSerdesTester] (Thread-657) topic-d9ff82be_1db7_4128_89a7_66b09743d73b 0 12 {"key11753985740412": "value-2", "key21753985741649": "value-2"}
2025-07-31 18:15:42,845 INFO  [io.api.tes.ser.api.KafkaSerdesTester] (Thread-657) topic-d9ff82be_1db7_4128_89a7_66b09743d73b 0 13 {"key11753985740412": "value-3", "key21753985741649": "value-3"}
2025-07-31 18:15:42,845 INFO  [io.api.tes.ser.api.KafkaSerdesTester] (Thread-657) topic-d9ff82be_1db7_4128_89a7_66b09743d73b 0 14 {"key11753985740412": "value-4", "key21753985741649": "value-4"}
2025-07-31 18:15:42,845 INFO  [io.api.tes.ser.api.KafkaSerdesTester] (Thread-657) topic-d9ff82be_1db7_4128_89a7_66b09743d73b 0 15 {"key11753985740412": "value-5", "key21753985741649": "value-5"}
2025-07-31 18:15:42,845 INFO  [io.api.tes.ser.api.KafkaSerdesTester] (Thread-657) topic-d9ff82be_1db7_4128_89a7_66b09743d73b 0 16 {"key11753985740412": "value-6", "key21753985741649": "value-6"}
2025-07-31 18:15:42,845 INFO  [io.api.tes.ser.api.KafkaSerdesTester] (Thread-657) topic-d9ff82be_1db7_4128_89a7_66b09743d73b 0 17 {"key11753985740412": "value-7", "key21753985741649": "value-7"}
2025-07-31 18:15:42,845 INFO  [io.api.tes.ser.api.KafkaSerdesTester] (Thread-657) topic-d9ff82be_1db7_4128_89a7_66b09743d73b 0 18 {"key11753985740412": "value-8", "key21753985741649": "value-8"}
2025-07-31 18:15:42,845 INFO  [io.api.tes.ser.api.KafkaSerdesTester] (Thread-657) topic-d9ff82be_1db7_4128_89a7_66b09743d73b 0 19 {"key11753985740412": "value-9", "key21753985741649": "value-9"}
2025-07-31 18:15:42,845 INFO  [io.api.tes.ser.api.KafkaSerdesTester] (Thread-657) topic-d9ff82be_1db7_4128_89a7_66b09743d73b 0 20 {"key11753985740412": "value-0"}
2025-07-31 18:15:42,845 INFO  [io.api.tes.ser.api.KafkaSerdesTester] (Thread-657) topic-d9ff82be_1db7_4128_89a7_66b09743d73b 0 21 {"key11753985740412": "value-1"}
2025-07-31 18:15:42,845 INFO  [io.api.tes.ser.api.KafkaSerdesTester] (Thread-657) topic-d9ff82be_1db7_4128_89a7_66b09743d73b 0 22 {"key11753985740412": "value-2"}
2025-07-31 18:15:42,845 INFO  [io.api.tes.ser.api.KafkaSerdesTester] (Thread-657) topic-d9ff82be_1db7_4128_89a7_66b09743d73b 0 23 {"key11753985740412": "value-3"}
2025-07-31 18:15:42,845 INFO  [io.api.tes.ser.api.KafkaSerdesTester] (Thread-657) topic-d9ff82be_1db7_4128_89a7_66b09743d73b 0 24 {"key11753985740412": "value-4"}
2025-07-31 18:15:42,845 INFO  [io.api.tes.ser.api.KafkaSerdesTester] (Thread-657) topic-d9ff82be_1db7_4128_89a7_66b09743d73b 0 25 {"key11753985740412": "value-5"}
2025-07-31 18:15:42,845 INFO  [io.api.tes.ser.api.KafkaSerdesTester] (Thread-657) topic-d9ff82be_1db7_4128_89a7_66b09743d73b 0 26 {"key11753985740412": "value-6"}
2025-07-31 18:15:42,845 INFO  [io.api.tes.ser.api.KafkaSerdesTester] (Thread-657) topic-d9ff82be_1db7_4128_89a7_66b09743d73b 0 27 {"key11753985740412": "value-7"}
2025-07-31 18:15:42,846 INFO  [io.api.tes.ser.api.KafkaSerdesTester] (Thread-657) topic-d9ff82be_1db7_4128_89a7_66b09743d73b 0 28 {"key11753985740412": "value-8"}
2025-07-31 18:15:42,846 INFO  [io.api.tes.ser.api.KafkaSerdesTester] (Thread-657) topic-d9ff82be_1db7_4128_89a7_66b09743d73b 0 29 {"key11753985740412": "value-9"}
2025-07-31 18:15:42,846 INFO  [io.api.tes.ser.api.KafkaSerdesTester] (Thread-657) Consumed 20 messages
2025-07-31 18:15:42,847 INFO  [io.api.tes.ser.api.AvroSerdeIT] (main) Registering Avro Schema 3: {"type":"record","name":"s4f06a265x39eex4eb9x8163xe96cea5b6b89","namespace":"ns_0f891489_2dd5_4dfc_b624_af2661f36965","fields":[{"name":"key11753985740412","type":"string"},{"name":"key21753985741649","type":"string"},{"name":"key31753985742846","type":"string"}]}
2025-07-31 18:15:43,924 INFO  [io.api.tes.ser.api.KafkaSerdesTester] (Thread-658) Sending message {"key11753985740412": "value-0", "key21753985741649": "value-0", "key31753985742846": "value-0"} to topic topic-d9ff82be_1db7_4128_89a7_66b09743d73b
2025-07-31 18:15:43,925 INFO  [DefaultSchemaResolver] (Thread-658) Retrieving schema content using string: {"type":"record","name":"s4f06a265x39eex4eb9x8163xe96cea5b6b89","namespace":"ns_0f891489_2dd5_4dfc_b624_af2661f36965","fields":[{"name":"key11753985740412","type":"string"},{"name":"key21753985741649","type":"string"},{"name":"key31753985742846","type":"string"}]}
2025-07-31 18:15:43,948 INFO  [io.api.tes.ser.api.KafkaSerdesTester] (Thread-658) Sending message {"key11753985740412": "value-1", "key21753985741649": "value-1", "key31753985742846": "value-1"} to topic topic-d9ff82be_1db7_4128_89a7_66b09743d73b
2025-07-31 18:15:43,949 INFO  [io.api.tes.ser.api.KafkaSerdesTester] (Thread-658) Sending message {"key11753985740412": "value-2", "key21753985741649": "value-2", "key31753985742846": "value-2"} to topic topic-d9ff82be_1db7_4128_89a7_66b09743d73b
2025-07-31 18:15:43,951 INFO  [io.api.tes.ser.api.KafkaSerdesTester] (Thread-658) Sending message {"key11753985740412": "value-3", "key21753985741649": "value-3", "key31753985742846": "value-3"} to topic topic-d9ff82be_1db7_4128_89a7_66b09743d73b
2025-07-31 18:15:43,952 INFO  [io.api.tes.ser.api.KafkaSerdesTester] (Thread-658) Sending message {"key11753985740412": "value-4", "key21753985741649": "value-4", "key31753985742846": "value-4"} to topic topic-d9ff82be_1db7_4128_89a7_66b09743d73b
2025-07-31 18:15:43,954 INFO  [io.api.tes.ser.api.KafkaSerdesTester] (Thread-658) Sending message {"key11753985740412": "value-5", "key21753985741649": "value-5", "key31753985742846": "value-5"} to topic topic-d9ff82be_1db7_4128_89a7_66b09743d73b
2025-07-31 18:15:43,955 INFO  [io.api.tes.ser.api.KafkaSerdesTester] (Thread-658) Sending message {"key11753985740412": "value-6", "key21753985741649": "value-6", "key31753985742846": "value-6"} to topic topic-d9ff82be_1db7_4128_89a7_66b09743d73b
2025-07-31 18:15:43,958 INFO  [io.api.tes.ser.api.KafkaSerdesTester] (Thread-658) Sending message {"key11753985740412": "value-7", "key21753985741649": "value-7", "key31753985742846": "value-7"} to topic topic-d9ff82be_1db7_4128_89a7_66b09743d73b
2025-07-31 18:15:43,960 INFO  [io.api.tes.ser.api.KafkaSerdesTester] (Thread-658) Sending message {"key11753985740412": "value-8", "key21753985741649": "value-8", "key31753985742846": "value-8"} to topic topic-d9ff82be_1db7_4128_89a7_66b09743d73b
2025-07-31 18:15:43,961 INFO  [io.api.tes.ser.api.KafkaSerdesTester] (Thread-658) Sending message {"key11753985740412": "value-9", "key21753985741649": "value-9", "key31753985742846": "value-9"} to topic topic-d9ff82be_1db7_4128_89a7_66b09743d73b
2025-07-31 18:15:43,963 INFO  [io.api.tes.ser.api.KafkaSerdesTester] (Thread-658) Produced 10 messages
2025-07-31 18:15:43,963 INFO  [io.api.tes.ser.api.KafkaSerdesTester] (Thread-659) Sending message {"key11753985740412": "value-0", "key21753985741649": "value-0"} to topic topic-d9ff82be_1db7_4128_89a7_66b09743d73b
2025-07-31 18:15:43,966 INFO  [io.api.tes.ser.api.KafkaSerdesTester] (Thread-659) Sending message {"key11753985740412": "value-1", "key21753985741649": "value-1"} to topic topic-d9ff82be_1db7_4128_89a7_66b09743d73b
2025-07-31 18:15:43,968 INFO  [io.api.tes.ser.api.KafkaSerdesTester] (Thread-659) Sending message {"key11753985740412": "value-2", "key21753985741649": "value-2"} to topic topic-d9ff82be_1db7_4128_89a7_66b09743d73b
2025-07-31 18:15:43,970 INFO  [io.api.tes.ser.api.KafkaSerdesTester] (Thread-659) Sending message {"key11753985740412": "value-3", "key21753985741649": "value-3"} to topic topic-d9ff82be_1db7_4128_89a7_66b09743d73b
2025-07-31 18:15:43,972 INFO  [io.api.tes.ser.api.KafkaSerdesTester] (Thread-659) Sending message {"key11753985740412": "value-4", "key21753985741649": "value-4"} to topic topic-d9ff82be_1db7_4128_89a7_66b09743d73b
2025-07-31 18:15:43,975 INFO  [io.api.tes.ser.api.KafkaSerdesTester] (Thread-659) Sending message {"key11753985740412": "value-5", "key21753985741649": "value-5"} to topic topic-d9ff82be_1db7_4128_89a7_66b09743d73b
2025-07-31 18:15:43,979 INFO  [io.api.tes.ser.api.KafkaSerdesTester] (Thread-659) Sending message {"key11753985740412": "value-6", "key21753985741649": "value-6"} to topic topic-d9ff82be_1db7_4128_89a7_66b09743d73b
2025-07-31 18:15:43,981 INFO  [io.api.tes.ser.api.KafkaSerdesTester] (Thread-659) Sending message {"key11753985740412": "value-7", "key21753985741649": "value-7"} to topic topic-d9ff82be_1db7_4128_89a7_66b09743d73b
2025-07-31 18:15:43,987 INFO  [io.api.tes.ser.api.KafkaSerdesTester] (Thread-659) Sending message {"key11753985740412": "value-8", "key21753985741649": "value-8"} to topic topic-d9ff82be_1db7_4128_89a7_66b09743d73b
2025-07-31 18:15:43,990 INFO  [io.api.tes.ser.api.KafkaSerdesTester] (Thread-659) Sending message {"key11753985740412": "value-9", "key21753985741649": "value-9"} to topic topic-d9ff82be_1db7_4128_89a7_66b09743d73b
2025-07-31 18:15:43,991 INFO  [io.api.tes.ser.api.KafkaSerdesTester] (Thread-659) Produced 10 messages
2025-07-31 18:15:43,992 INFO  [io.api.tes.ser.api.KafkaSerdesTester] (Thread-660) Sending message {"key11753985740412": "value-0"} to topic topic-d9ff82be_1db7_4128_89a7_66b09743d73b
2025-07-31 18:15:43,994 INFO  [io.api.tes.ser.api.KafkaSerdesTester] (Thread-660) Sending message {"key11753985740412": "value-1"} to topic topic-d9ff82be_1db7_4128_89a7_66b09743d73b
2025-07-31 18:15:43,996 INFO  [io.api.tes.ser.api.KafkaSerdesTester] (Thread-660) Sending message {"key11753985740412": "value-2"} to topic topic-d9ff82be_1db7_4128_89a7_66b09743d73b
2025-07-31 18:15:43,998 INFO  [io.api.tes.ser.api.KafkaSerdesTester] (Thread-660) Sending message {"key11753985740412": "value-3"} to topic topic-d9ff82be_1db7_4128_89a7_66b09743d73b
2025-07-31 18:15:44,000 INFO  [io.api.tes.ser.api.KafkaSerdesTester] (Thread-660) Sending message {"key11753985740412": "value-4"} to topic topic-d9ff82be_1db7_4128_89a7_66b09743d73b
2025-07-31 18:15:44,002 INFO  [io.api.tes.ser.api.KafkaSerdesTester] (Thread-660) Sending message {"key11753985740412": "value-5"} to topic topic-d9ff82be_1db7_4128_89a7_66b09743d73b
2025-07-31 18:15:44,003 INFO  [io.api.tes.ser.api.KafkaSerdesTester] (Thread-660) Sending message {"key11753985740412": "value-6"} to topic topic-d9ff82be_1db7_4128_89a7_66b09743d73b
2025-07-31 18:15:44,008 INFO  [io.api.tes.ser.api.KafkaSerdesTester] (Thread-660) Sending message {"key11753985740412": "value-7"} to topic topic-d9ff82be_1db7_4128_89a7_66b09743d73b
2025-07-31 18:15:44,013 INFO  [io.api.tes.ser.api.KafkaSerdesTester] (Thread-660) Sending message {"key11753985740412": "value-8"} to topic topic-d9ff82be_1db7_4128_89a7_66b09743d73b
2025-07-31 18:15:44,017 INFO  [io.api.tes.ser.api.KafkaSerdesTester] (Thread-660) Sending message {"key11753985740412": "value-9"} to topic topic-d9ff82be_1db7_4128_89a7_66b09743d73b
2025-07-31 18:15:44,019 INFO  [io.api.tes.ser.api.KafkaSerdesTester] (Thread-660) Produced 10 messages
2025-07-31 18:15:44,020 INFO  [org.apa.kaf.cli.con.int.ClassicKafkaConsumer] (Thread-661) [Consumer clientId=consumer-Consumer-topic-d9ff82be_1db7_4128_89a7_66b09743d73b-9, groupId=Consumer-topic-d9ff82be_1db7_4128_89a7_66b09743d73b] Subscribed to topic(s): topic-d9ff82be_1db7_4128_89a7_66b09743d73b
2025-07-31 18:15:44,065 INFO  [io.api.tes.ser.api.KafkaSerdesTester] (Thread-661) topic-d9ff82be_1db7_4128_89a7_66b09743d73b 0 30 {"key11753985740412": "value-0", "key21753985741649": "value-0", "key31753985742846": "value-0"}
2025-07-31 18:15:44,065 INFO  [io.api.tes.ser.api.KafkaSerdesTester] (Thread-661) topic-d9ff82be_1db7_4128_89a7_66b09743d73b 0 31 {"key11753985740412": "value-1", "key21753985741649": "value-1", "key31753985742846": "value-1"}
2025-07-31 18:15:44,065 INFO  [io.api.tes.ser.api.KafkaSerdesTester] (Thread-661) topic-d9ff82be_1db7_4128_89a7_66b09743d73b 0 32 {"key11753985740412": "value-2", "key21753985741649": "value-2", "key31753985742846": "value-2"}
2025-07-31 18:15:44,066 INFO  [io.api.tes.ser.api.KafkaSerdesTester] (Thread-661) topic-d9ff82be_1db7_4128_89a7_66b09743d73b 0 33 {"key11753985740412": "value-3", "key21753985741649": "value-3", "key31753985742846": "value-3"}
2025-07-31 18:15:44,066 INFO  [io.api.tes.ser.api.KafkaSerdesTester] (Thread-661) topic-d9ff82be_1db7_4128_89a7_66b09743d73b 0 34 {"key11753985740412": "value-4", "key21753985741649": "value-4", "key31753985742846": "value-4"}
2025-07-31 18:15:44,066 INFO  [io.api.tes.ser.api.KafkaSerdesTester] (Thread-661) topic-d9ff82be_1db7_4128_89a7_66b09743d73b 0 35 {"key11753985740412": "value-5", "key21753985741649": "value-5", "key31753985742846": "value-5"}
2025-07-31 18:15:44,066 INFO  [io.api.tes.ser.api.KafkaSerdesTester] (Thread-661) topic-d9ff82be_1db7_4128_89a7_66b09743d73b 0 36 {"key11753985740412": "value-6", "key21753985741649": "value-6", "key31753985742846": "value-6"}
2025-07-31 18:15:44,066 INFO  [io.api.tes.ser.api.KafkaSerdesTester] (Thread-661) topic-d9ff82be_1db7_4128_89a7_66b09743d73b 0 37 {"key11753985740412": "value-7", "key21753985741649": "value-7", "key31753985742846": "value-7"}
2025-07-31 18:15:44,066 INFO  [io.api.tes.ser.api.KafkaSerdesTester] (Thread-661) topic-d9ff82be_1db7_4128_89a7_66b09743d73b 0 38 {"key11753985740412": "value-8", "key21753985741649": "value-8", "key31753985742846": "value-8"}
2025-07-31 18:15:44,067 INFO  [io.api.tes.ser.api.KafkaSerdesTester] (Thread-661) topic-d9ff82be_1db7_4128_89a7_66b09743d73b 0 39 {"key11753985740412": "value-9", "key21753985741649": "value-9", "key31753985742846": "value-9"}
2025-07-31 18:15:44,067 INFO  [io.api.tes.ser.api.KafkaSerdesTester] (Thread-661) topic-d9ff82be_1db7_4128_89a7_66b09743d73b 0 40 {"key11753985740412": "value-0", "key21753985741649": "value-0"}
2025-07-31 18:15:44,067 INFO  [io.api.tes.ser.api.KafkaSerdesTester] (Thread-661) topic-d9ff82be_1db7_4128_89a7_66b09743d73b 0 41 {"key11753985740412": "value-1", "key21753985741649": "value-1"}
2025-07-31 18:15:44,067 INFO  [io.api.tes.ser.api.KafkaSerdesTester] (Thread-661) topic-d9ff82be_1db7_4128_89a7_66b09743d73b 0 42 {"key11753985740412": "value-2", "key21753985741649": "value-2"}
2025-07-31 18:15:44,067 INFO  [io.api.tes.ser.api.KafkaSerdesTester] (Thread-661) topic-d9ff82be_1db7_4128_89a7_66b09743d73b 0 43 {"key11753985740412": "value-3", "key21753985741649": "value-3"}
2025-07-31 18:15:44,067 INFO  [io.api.tes.ser.api.KafkaSerdesTester] (Thread-661) topic-d9ff82be_1db7_4128_89a7_66b09743d73b 0 44 {"key11753985740412": "value-4", "key21753985741649": "value-4"}
2025-07-31 18:15:44,067 INFO  [io.api.tes.ser.api.KafkaSerdesTester] (Thread-661) topic-d9ff82be_1db7_4128_89a7_66b09743d73b 0 45 {"key11753985740412": "value-5", "key21753985741649": "value-5"}
2025-07-31 18:15:44,067 INFO  [io.api.tes.ser.api.KafkaSerdesTester] (Thread-661) topic-d9ff82be_1db7_4128_89a7_66b09743d73b 0 46 {"key11753985740412": "value-6", "key21753985741649": "value-6"}
2025-07-31 18:15:44,067 INFO  [io.api.tes.ser.api.KafkaSerdesTester] (Thread-661) topic-d9ff82be_1db7_4128_89a7_66b09743d73b 0 47 {"key11753985740412": "value-7", "key21753985741649": "value-7"}
2025-07-31 18:15:44,067 INFO  [io.api.tes.ser.api.KafkaSerdesTester] (Thread-661) topic-d9ff82be_1db7_4128_89a7_66b09743d73b 0 48 {"key11753985740412": "value-8", "key21753985741649": "value-8"}
2025-07-31 18:15:44,067 INFO  [io.api.tes.ser.api.KafkaSerdesTester] (Thread-661) topic-d9ff82be_1db7_4128_89a7_66b09743d73b 0 49 {"key11753985740412": "value-9", "key21753985741649": "value-9"}
2025-07-31 18:15:44,067 INFO  [io.api.tes.ser.api.KafkaSerdesTester] (Thread-661) topic-d9ff82be_1db7_4128_89a7_66b09743d73b 0 50 {"key11753985740412": "value-0"}
2025-07-31 18:15:44,067 INFO  [io.api.tes.ser.api.KafkaSerdesTester] (Thread-661) topic-d9ff82be_1db7_4128_89a7_66b09743d73b 0 51 {"key11753985740412": "value-1"}
2025-07-31 18:15:44,067 INFO  [io.api.tes.ser.api.KafkaSerdesTester] (Thread-661) topic-d9ff82be_1db7_4128_89a7_66b09743d73b 0 52 {"key11753985740412": "value-2"}
2025-07-31 18:15:44,067 INFO  [io.api.tes.ser.api.KafkaSerdesTester] (Thread-661) topic-d9ff82be_1db7_4128_89a7_66b09743d73b 0 53 {"key11753985740412": "value-3"}
2025-07-31 18:15:44,067 INFO  [io.api.tes.ser.api.KafkaSerdesTester] (Thread-661) topic-d9ff82be_1db7_4128_89a7_66b09743d73b 0 54 {"key11753985740412": "value-4"}
2025-07-31 18:15:44,067 INFO  [io.api.tes.ser.api.KafkaSerdesTester] (Thread-661) topic-d9ff82be_1db7_4128_89a7_66b09743d73b 0 55 {"key11753985740412": "value-5"}
2025-07-31 18:15:44,067 INFO  [io.api.tes.ser.api.KafkaSerdesTester] (Thread-661) topic-d9ff82be_1db7_4128_89a7_66b09743d73b 0 56 {"key11753985740412": "value-6"}
2025-07-31 18:15:44,067 INFO  [io.api.tes.ser.api.KafkaSerdesTester] (Thread-661) topic-d9ff82be_1db7_4128_89a7_66b09743d73b 0 57 {"key11753985740412": "value-7"}
2025-07-31 18:15:44,067 INFO  [io.api.tes.ser.api.KafkaSerdesTester] (Thread-661) topic-d9ff82be_1db7_4128_89a7_66b09743d73b 0 58 {"key11753985740412": "value-8"}
2025-07-31 18:15:44,067 INFO  [io.api.tes.ser.api.KafkaSerdesTester] (Thread-661) topic-d9ff82be_1db7_4128_89a7_66b09743d73b 0 59 {"key11753985740412": "value-9"}
2025-07-31 18:15:44,068 INFO  [io.api.tes.ser.api.KafkaSerdesTester] (Thread-661) Consumed 30 messages
2025-07-31 18:15:44,068 INFO  [org.apa.kaf.cli.pro.KafkaProducer] (main) [Producer clientId=Producer-topic-d9ff82be_1db7_4128_89a7_66b09743d73b] Closing the Kafka producer with timeoutMillis = 9223372036854775807 ms.
2025-07-31 18:15:44,076 INFO  [org.apa.kaf.com.met.Metrics] (main) Metrics scheduler closed
2025-07-31 18:15:44,076 INFO  [org.apa.kaf.com.met.Metrics] (main) Closing reporter org.apache.kafka.common.metrics.JmxReporter
2025-07-31 18:15:44,076 INFO  [org.apa.kaf.com.met.Metrics] (main) Closing reporter org.apache.kafka.common.telemetry.internals.ClientTelemetryReporter
2025-07-31 18:15:44,076 INFO  [org.apa.kaf.com.met.Metrics] (main) Metrics reporters closed
2025-07-31 18:15:44,077 INFO  [org.apa.kaf.com.uti.AppInfoParser] (main) App info kafka.producer for Producer-topic-d9ff82be_1db7_4128_89a7_66b09743d73b unregistered
2025-07-31 18:15:44,081 INFO  [org.apa.kaf.cli.con.int.ConsumerRebalanceListenerInvoker] (main) [Consumer clientId=consumer-Consumer-topic-d9ff82be_1db7_4128_89a7_66b09743d73b-9, groupId=Consumer-topic-d9ff82be_1db7_4128_89a7_66b09743d73b] Revoke previously assigned partitions topic-d9ff82be_1db7_4128_89a7_66b09743d73b-0
2025-07-31 18:15:44,081 INFO  [org.apa.kaf.cli.con.int.ConsumerCoordinator] (main) [Consumer clientId=consumer-Consumer-topic-d9ff82be_1db7_4128_89a7_66b09743d73b-9, groupId=Consumer-topic-d9ff82be_1db7_4128_89a7_66b09743d73b] Member consumer-Consumer-topic-d9ff82be_1db7_4128_89a7_66b09743d73b-9-7f998cb3-f415-487f-91b1-3a6aa2a87e76 sending LeaveGroup request to coordinator localhost:32770 (id: 2147483647 rack: null) due to the consumer is being closed
2025-07-31 18:15:44,082 INFO  [org.apa.kaf.cli.con.int.ConsumerCoordinator] (main) [Consumer clientId=consumer-Consumer-topic-d9ff82be_1db7_4128_89a7_66b09743d73b-9, groupId=Consumer-topic-d9ff82be_1db7_4128_89a7_66b09743d73b] Resetting generation and member id due to: consumer pro-actively leaving the group
2025-07-31 18:15:44,082 INFO  [org.apa.kaf.cli.con.int.ConsumerCoordinator] (main) [Consumer clientId=consumer-Consumer-topic-d9ff82be_1db7_4128_89a7_66b09743d73b-9, groupId=Consumer-topic-d9ff82be_1db7_4128_89a7_66b09743d73b] Request joining group due to: consumer pro-actively leaving the group
2025-07-31 18:15:44,568 INFO  [org.apa.kaf.com.met.Metrics] (main) Metrics scheduler closed
2025-07-31 18:15:44,568 INFO  [org.apa.kaf.com.met.Metrics] (main) Closing reporter org.apache.kafka.common.metrics.JmxReporter
2025-07-31 18:15:44,568 INFO  [org.apa.kaf.com.met.Metrics] (main) Closing reporter org.apache.kafka.common.telemetry.internals.ClientTelemetryReporter
2025-07-31 18:15:44,568 INFO  [org.apa.kaf.com.met.Metrics] (main) Metrics reporters closed
2025-07-31 18:15:44,572 INFO  [org.apa.kaf.com.uti.AppInfoParser] (main) App info kafka.consumer for consumer-Consumer-topic-d9ff82be_1db7_4128_89a7_66b09743d73b-9 unregistered
2025-07-31 18:15:44,573 INFO  [io.api.tes.uti.TestSeparator] (main) io.apicurio.tests.serdes.apicurio.AvroSerdeIT.testEvolveAvroApicurioReusingClient-FINISHED
2025-07-31 18:15:44,573 INFO  [io.api.tes.uti.TestSeparator] (main) ############################################################################
Test passed: testEvolveAvroApicurioReusingClient
]]></system-out>
  </testcase>
  <testcase name="testProducerUsesDefaultConsumerUsesGlobalId" classname="io.apicurio.tests.serdes.apicurio.AvroSerdeIT" time="0.0">
    <skipped message="void io.apicurio.tests.serdes.apicurio.AvroSerdeIT.testProducerUsesDefaultConsumerUsesGlobalId() throws java.lang.Exception is @Disabled"/>
  </testcase>
  <testcase name="testEvolveAvroApicurio" classname="io.apicurio.tests.serdes.apicurio.AvroSerdeIT" time="5.555">
    <system-out><![CDATA[2025-07-31 18:15:44,580 INFO  [io.api.tes.uti.TestSeparator] (main) ############################################################################
2025-07-31 18:15:44,580 INFO  [io.api.tes.uti.TestSeparator] (main) io.apicurio.tests.serdes.apicurio.AvroSerdeIT.testEvolveAvroApicurio-STARTED
2025-07-31 18:15:44,581 INFO  [io.api.tes.ser.api.AvroSerdeIT] (main) Registering Avro Schema: {"type":"record","name":"sc0fafa81x897bx47adxaff7xa1fbc480d62c","namespace":"ns_5e5b07e8_cda3_4800_aa08_d216905067c4","fields":[{"name":"key11753985744581","type":"string"}]}
**** Registry Base URL: http://registry-app-mysql.apps.ci419.apicurio-testing.org:80
2025-07-31 18:15:45,657 INFO  [org.apa.kaf.cli.pro.ProducerConfig] (main) ProducerConfig values: 
	acks = -1
	auto.include.jmx.reporter = true
	batch.size = 16384
	bootstrap.servers = [PLAINTEXT://localhost:32770]
	buffer.memory = 33554432
	client.dns.lookup = use_all_dns_ips
	client.id = Producer-topic-2077d06c_1a10_4242_bcf9_6d60a315705d
	compression.gzip.level = -1
	compression.lz4.level = 9
	compression.type = none
	compression.zstd.level = 3
	connections.max.idle.ms = 10000
	delivery.timeout.ms = 120000
	enable.idempotence = true
	enable.metrics.push = true
	interceptor.classes = []
	key.serializer = class org.apache.kafka.common.serialization.StringSerializer
	linger.ms = 0
	max.block.ms = 60000
	max.in.flight.requests.per.connection = 5
	max.request.size = 1048576
	metadata.max.age.ms = 300000
	metadata.max.idle.ms = 300000
	metadata.recovery.strategy = none
	metric.reporters = []
	metrics.num.samples = 2
	metrics.recording.level = INFO
	metrics.sample.window.ms = 30000
	partitioner.adaptive.partitioning.enable = true
	partitioner.availability.timeout.ms = 0
	partitioner.class = null
	partitioner.ignore.keys = false
	receive.buffer.bytes = 32768
	reconnect.backoff.max.ms = 1000
	reconnect.backoff.ms = 50
	request.timeout.ms = 5000
	retries = 2147483647
	retry.backoff.max.ms = 1000
	retry.backoff.ms = 100
	sasl.client.callback.handler.class = null
	sasl.jaas.config = null
	sasl.kerberos.kinit.cmd = /usr/bin/kinit
	sasl.kerberos.min.time.before.relogin = 60000
	sasl.kerberos.service.name = null
	sasl.kerberos.ticket.renew.jitter = 0.05
	sasl.kerberos.ticket.renew.window.factor = 0.8
	sasl.login.callback.handler.class = null
	sasl.login.class = null
	sasl.login.connect.timeout.ms = null
	sasl.login.read.timeout.ms = null
	sasl.login.refresh.buffer.seconds = 300
	sasl.login.refresh.min.period.seconds = 60
	sasl.login.refresh.window.factor = 0.8
	sasl.login.refresh.window.jitter = 0.05
	sasl.login.retry.backoff.max.ms = 10000
	sasl.login.retry.backoff.ms = 100
	sasl.mechanism = GSSAPI
	sasl.oauthbearer.clock.skew.seconds = 30
	sasl.oauthbearer.expected.audience = null
	sasl.oauthbearer.expected.issuer = null
	sasl.oauthbearer.header.urlencode = false
	sasl.oauthbearer.jwks.endpoint.refresh.ms = 3600000
	sasl.oauthbearer.jwks.endpoint.retry.backoff.max.ms = 10000
	sasl.oauthbearer.jwks.endpoint.retry.backoff.ms = 100
	sasl.oauthbearer.jwks.endpoint.url = null
	sasl.oauthbearer.scope.claim.name = scope
	sasl.oauthbearer.sub.claim.name = sub
	sasl.oauthbearer.token.endpoint.url = null
	security.protocol = PLAINTEXT
	security.providers = null
	send.buffer.bytes = 131072
	socket.connection.setup.timeout.max.ms = 30000
	socket.connection.setup.timeout.ms = 10000
	ssl.cipher.suites = null
	ssl.enabled.protocols = [TLSv1.2, TLSv1.3]
	ssl.endpoint.identification.algorithm = https
	ssl.engine.factory.class = null
	ssl.key.password = null
	ssl.keymanager.algorithm = SunX509
	ssl.keystore.certificate.chain = null
	ssl.keystore.key = null
	ssl.keystore.location = null
	ssl.keystore.password = null
	ssl.keystore.type = JKS
	ssl.protocol = TLSv1.3
	ssl.provider = null
	ssl.secure.random.implementation = null
	ssl.trustmanager.algorithm = PKIX
	ssl.truststore.certificates = null
	ssl.truststore.location = null
	ssl.truststore.password = null
	ssl.truststore.type = JKS
	transaction.timeout.ms = 60000
	transactional.id = null
	value.serializer = class io.apicurio.registry.serde.avro.AvroKafkaSerializer

2025-07-31 18:15:45,657 INFO  [org.apa.kaf.com.tel.int.KafkaMetricsCollector] (main) initializing Kafka metrics collector
2025-07-31 18:15:45,661 INFO  [org.apa.kaf.cli.pro.KafkaProducer] (main) [Producer clientId=Producer-topic-2077d06c_1a10_4242_bcf9_6d60a315705d] Instantiated an idempotent producer.
2025-07-31 18:15:45,664 INFO  [org.apa.kaf.cli.pro.ProducerConfig] (main) These configurations '[apicurio.registry.url, apicurio.registry.artifact-resolver-strategy]' were supplied but are not used yet.
2025-07-31 18:15:45,664 INFO  [org.apa.kaf.com.uti.AppInfoParser] (main) Kafka version: 3.9.1
2025-07-31 18:15:45,664 INFO  [org.apa.kaf.com.uti.AppInfoParser] (main) Kafka commitId: f745dfdcee2b9851
2025-07-31 18:15:45,664 INFO  [org.apa.kaf.com.uti.AppInfoParser] (main) Kafka startTimeMs: 1753985745664
**** Registry Base URL: http://registry-app-mysql.apps.ci419.apicurio-testing.org:80
2025-07-31 18:15:45,666 INFO  [org.apa.kaf.cli.con.ConsumerConfig] (main) ConsumerConfig values: 
	allow.auto.create.topics = true
	auto.commit.interval.ms = 500
	auto.include.jmx.reporter = true
	auto.offset.reset = earliest
	bootstrap.servers = [PLAINTEXT://localhost:32770]
	check.crcs = true
	client.dns.lookup = use_all_dns_ips
	client.id = consumer-Consumer-topic-2077d06c_1a10_4242_bcf9_6d60a315705d-10
	client.rack = 
	connections.max.idle.ms = 10000
	default.api.timeout.ms = 60000
	enable.auto.commit = true
	enable.metrics.push = true
	exclude.internal.topics = true
	fetch.max.bytes = 52428800
	fetch.max.wait.ms = 500
	fetch.min.bytes = 1
	group.id = Consumer-topic-2077d06c_1a10_4242_bcf9_6d60a315705d
	group.instance.id = null
	group.protocol = classic
	group.remote.assignor = null
	heartbeat.interval.ms = 3000
	interceptor.classes = []
	internal.leave.group.on.close = true
	internal.throw.on.fetch.stable.offset.unsupported = false
	isolation.level = read_uncommitted
	key.deserializer = class org.apache.kafka.common.serialization.StringDeserializer
	max.partition.fetch.bytes = 1048576
	max.poll.interval.ms = 300000
	max.poll.records = 500
	metadata.max.age.ms = 300000
	metadata.recovery.strategy = none
	metric.reporters = []
	metrics.num.samples = 2
	metrics.recording.level = INFO
	metrics.sample.window.ms = 30000
	partition.assignment.strategy = [class org.apache.kafka.clients.consumer.RangeAssignor, class org.apache.kafka.clients.consumer.CooperativeStickyAssignor]
	receive.buffer.bytes = 65536
	reconnect.backoff.max.ms = 1000
	reconnect.backoff.ms = 50
	request.timeout.ms = 5000
	retry.backoff.max.ms = 1000
	retry.backoff.ms = 100
	sasl.client.callback.handler.class = null
	sasl.jaas.config = null
	sasl.kerberos.kinit.cmd = /usr/bin/kinit
	sasl.kerberos.min.time.before.relogin = 60000
	sasl.kerberos.service.name = null
	sasl.kerberos.ticket.renew.jitter = 0.05
	sasl.kerberos.ticket.renew.window.factor = 0.8
	sasl.login.callback.handler.class = null
	sasl.login.class = null
	sasl.login.connect.timeout.ms = null
	sasl.login.read.timeout.ms = null
	sasl.login.refresh.buffer.seconds = 300
	sasl.login.refresh.min.period.seconds = 60
	sasl.login.refresh.window.factor = 0.8
	sasl.login.refresh.window.jitter = 0.05
	sasl.login.retry.backoff.max.ms = 10000
	sasl.login.retry.backoff.ms = 100
	sasl.mechanism = GSSAPI
	sasl.oauthbearer.clock.skew.seconds = 30
	sasl.oauthbearer.expected.audience = null
	sasl.oauthbearer.expected.issuer = null
	sasl.oauthbearer.header.urlencode = false
	sasl.oauthbearer.jwks.endpoint.refresh.ms = 3600000
	sasl.oauthbearer.jwks.endpoint.retry.backoff.max.ms = 10000
	sasl.oauthbearer.jwks.endpoint.retry.backoff.ms = 100
	sasl.oauthbearer.jwks.endpoint.url = null
	sasl.oauthbearer.scope.claim.name = scope
	sasl.oauthbearer.sub.claim.name = sub
	sasl.oauthbearer.token.endpoint.url = null
	security.protocol = PLAINTEXT
	security.providers = null
	send.buffer.bytes = 131072
	session.timeout.ms = 45000
	socket.connection.setup.timeout.max.ms = 30000
	socket.connection.setup.timeout.ms = 10000
	ssl.cipher.suites = null
	ssl.enabled.protocols = [TLSv1.2, TLSv1.3]
	ssl.endpoint.identification.algorithm = https
	ssl.engine.factory.class = null
	ssl.key.password = null
	ssl.keymanager.algorithm = SunX509
	ssl.keystore.certificate.chain = null
	ssl.keystore.key = null
	ssl.keystore.location = null
	ssl.keystore.password = null
	ssl.keystore.type = JKS
	ssl.protocol = TLSv1.3
	ssl.provider = null
	ssl.secure.random.implementation = null
	ssl.trustmanager.algorithm = PKIX
	ssl.truststore.certificates = null
	ssl.truststore.location = null
	ssl.truststore.password = null
	ssl.truststore.type = JKS
	value.deserializer = class io.apicurio.registry.serde.avro.AvroKafkaDeserializer

2025-07-31 18:15:45,666 INFO  [org.apa.kaf.com.tel.int.KafkaMetricsCollector] (main) initializing Kafka metrics collector
2025-07-31 18:15:45,670 INFO  [org.apa.kaf.cli.Metadata] (kafka-producer-network-thread | Producer-topic-2077d06c_1a10_4242_bcf9_6d60a315705d) [Producer clientId=Producer-topic-2077d06c_1a10_4242_bcf9_6d60a315705d] Cluster ID: l9YG0eo6TEyFi47Ppqwpmg
2025-07-31 18:15:45,671 INFO  [org.apa.kaf.cli.pro.int.TransactionManager] (kafka-producer-network-thread | Producer-topic-2077d06c_1a10_4242_bcf9_6d60a315705d) [Producer clientId=Producer-topic-2077d06c_1a10_4242_bcf9_6d60a315705d] ProducerId set to 12 with epoch 0
2025-07-31 18:15:45,673 INFO  [org.apa.kaf.cli.con.ConsumerConfig] (main) These configurations '[apicurio.registry.url]' were supplied but are not used yet.
2025-07-31 18:15:45,673 INFO  [org.apa.kaf.com.uti.AppInfoParser] (main) Kafka version: 3.9.1
2025-07-31 18:15:45,673 INFO  [org.apa.kaf.com.uti.AppInfoParser] (main) Kafka commitId: f745dfdcee2b9851
2025-07-31 18:15:45,673 INFO  [org.apa.kaf.com.uti.AppInfoParser] (main) Kafka startTimeMs: 1753985745673
2025-07-31 18:15:45,674 INFO  [io.api.tes.ser.api.KafkaSerdesTester] (Thread-666) Sending message {"key11753985744581": "value-0"} to topic topic-2077d06c_1a10_4242_bcf9_6d60a315705d
2025-07-31 18:15:45,675 INFO  [DefaultSchemaResolver] (Thread-666) Retrieving schema content using string: {"type":"record","name":"sc0fafa81x897bx47adxaff7xa1fbc480d62c","namespace":"ns_5e5b07e8_cda3_4800_aa08_d216905067c4","fields":[{"name":"key11753985744581","type":"string"}]}
2025-07-31 18:15:45,708 INFO  [io.api.tes.ser.api.KafkaSerdesTester] (Thread-666) Sending message {"key11753985744581": "value-1"} to topic topic-2077d06c_1a10_4242_bcf9_6d60a315705d
2025-07-31 18:15:45,710 INFO  [io.api.tes.ser.api.KafkaSerdesTester] (Thread-666) Sending message {"key11753985744581": "value-2"} to topic topic-2077d06c_1a10_4242_bcf9_6d60a315705d
2025-07-31 18:15:45,712 INFO  [io.api.tes.ser.api.KafkaSerdesTester] (Thread-666) Sending message {"key11753985744581": "value-3"} to topic topic-2077d06c_1a10_4242_bcf9_6d60a315705d
2025-07-31 18:15:45,713 INFO  [io.api.tes.ser.api.KafkaSerdesTester] (Thread-666) Sending message {"key11753985744581": "value-4"} to topic topic-2077d06c_1a10_4242_bcf9_6d60a315705d
2025-07-31 18:15:45,715 INFO  [io.api.tes.ser.api.KafkaSerdesTester] (Thread-666) Sending message {"key11753985744581": "value-5"} to topic topic-2077d06c_1a10_4242_bcf9_6d60a315705d
2025-07-31 18:15:45,716 INFO  [io.api.tes.ser.api.KafkaSerdesTester] (Thread-666) Sending message {"key11753985744581": "value-6"} to topic topic-2077d06c_1a10_4242_bcf9_6d60a315705d
2025-07-31 18:15:45,718 INFO  [io.api.tes.ser.api.KafkaSerdesTester] (Thread-666) Sending message {"key11753985744581": "value-7"} to topic topic-2077d06c_1a10_4242_bcf9_6d60a315705d
2025-07-31 18:15:45,719 INFO  [io.api.tes.ser.api.KafkaSerdesTester] (Thread-666) Sending message {"key11753985744581": "value-8"} to topic topic-2077d06c_1a10_4242_bcf9_6d60a315705d
2025-07-31 18:15:45,720 INFO  [io.api.tes.ser.api.KafkaSerdesTester] (Thread-666) Sending message {"key11753985744581": "value-9"} to topic topic-2077d06c_1a10_4242_bcf9_6d60a315705d
2025-07-31 18:15:45,721 INFO  [io.api.tes.ser.api.KafkaSerdesTester] (Thread-666) Produced 10 messages
2025-07-31 18:15:45,721 INFO  [org.apa.kaf.cli.pro.KafkaProducer] (Thread-666) [Producer clientId=Producer-topic-2077d06c_1a10_4242_bcf9_6d60a315705d] Closing the Kafka producer with timeoutMillis = 9223372036854775807 ms.
2025-07-31 18:15:45,723 INFO  [org.apa.kaf.com.met.Metrics] (Thread-666) Metrics scheduler closed
2025-07-31 18:15:45,723 INFO  [org.apa.kaf.com.met.Metrics] (Thread-666) Closing reporter org.apache.kafka.common.metrics.JmxReporter
2025-07-31 18:15:45,723 INFO  [org.apa.kaf.com.met.Metrics] (Thread-666) Closing reporter org.apache.kafka.common.telemetry.internals.ClientTelemetryReporter
2025-07-31 18:15:45,723 INFO  [org.apa.kaf.com.met.Metrics] (Thread-666) Metrics reporters closed
2025-07-31 18:15:45,723 INFO  [org.apa.kaf.com.uti.AppInfoParser] (Thread-666) App info kafka.producer for Producer-topic-2077d06c_1a10_4242_bcf9_6d60a315705d unregistered
2025-07-31 18:15:45,724 INFO  [org.apa.kaf.cli.con.int.ClassicKafkaConsumer] (Thread-667) [Consumer clientId=consumer-Consumer-topic-2077d06c_1a10_4242_bcf9_6d60a315705d-10, groupId=Consumer-topic-2077d06c_1a10_4242_bcf9_6d60a315705d] Subscribed to topic(s): topic-2077d06c_1a10_4242_bcf9_6d60a315705d
2025-07-31 18:15:45,728 INFO  [org.apa.kaf.cli.Metadata] (Thread-667) [Consumer clientId=consumer-Consumer-topic-2077d06c_1a10_4242_bcf9_6d60a315705d-10, groupId=Consumer-topic-2077d06c_1a10_4242_bcf9_6d60a315705d] Cluster ID: l9YG0eo6TEyFi47Ppqwpmg
2025-07-31 18:15:45,729 INFO  [org.apa.kaf.cli.con.int.ConsumerCoordinator] (Thread-667) [Consumer clientId=consumer-Consumer-topic-2077d06c_1a10_4242_bcf9_6d60a315705d-10, groupId=Consumer-topic-2077d06c_1a10_4242_bcf9_6d60a315705d] Discovered group coordinator localhost:32770 (id: 2147483647 rack: null)
2025-07-31 18:15:45,730 INFO  [org.apa.kaf.cli.con.int.ConsumerCoordinator] (Thread-667) [Consumer clientId=consumer-Consumer-topic-2077d06c_1a10_4242_bcf9_6d60a315705d-10, groupId=Consumer-topic-2077d06c_1a10_4242_bcf9_6d60a315705d] (Re-)joining group
2025-07-31 18:15:45,733 INFO  [org.apa.kaf.cli.con.int.ConsumerCoordinator] (Thread-667) [Consumer clientId=consumer-Consumer-topic-2077d06c_1a10_4242_bcf9_6d60a315705d-10, groupId=Consumer-topic-2077d06c_1a10_4242_bcf9_6d60a315705d] Request joining group due to: need to re-join with the given member-id: consumer-Consumer-topic-2077d06c_1a10_4242_bcf9_6d60a315705d-10-3fbd40ce-d3f7-469e-9ea9-5c4cba8b0c77
2025-07-31 18:15:45,734 INFO  [org.apa.kaf.cli.con.int.ConsumerCoordinator] (Thread-667) [Consumer clientId=consumer-Consumer-topic-2077d06c_1a10_4242_bcf9_6d60a315705d-10, groupId=Consumer-topic-2077d06c_1a10_4242_bcf9_6d60a315705d] (Re-)joining group
2025-07-31 18:15:45,735 INFO  [org.apa.kaf.cli.con.int.ConsumerCoordinator] (Thread-667) [Consumer clientId=consumer-Consumer-topic-2077d06c_1a10_4242_bcf9_6d60a315705d-10, groupId=Consumer-topic-2077d06c_1a10_4242_bcf9_6d60a315705d] Successfully joined group with generation Generation{generationId=1, memberId='consumer-Consumer-topic-2077d06c_1a10_4242_bcf9_6d60a315705d-10-3fbd40ce-d3f7-469e-9ea9-5c4cba8b0c77', protocol='range'}
2025-07-31 18:15:45,736 INFO  [org.apa.kaf.cli.con.int.ConsumerCoordinator] (Thread-667) [Consumer clientId=consumer-Consumer-topic-2077d06c_1a10_4242_bcf9_6d60a315705d-10, groupId=Consumer-topic-2077d06c_1a10_4242_bcf9_6d60a315705d] Finished assignment for group at generation 1: {consumer-Consumer-topic-2077d06c_1a10_4242_bcf9_6d60a315705d-10-3fbd40ce-d3f7-469e-9ea9-5c4cba8b0c77=Assignment(partitions=[topic-2077d06c_1a10_4242_bcf9_6d60a315705d-0])}
2025-07-31 18:15:45,739 INFO  [org.apa.kaf.cli.con.int.ConsumerCoordinator] (kafka-coordinator-heartbeat-thread | Consumer-topic-2077d06c_1a10_4242_bcf9_6d60a315705d) [Consumer clientId=consumer-Consumer-topic-2077d06c_1a10_4242_bcf9_6d60a315705d-10, groupId=Consumer-topic-2077d06c_1a10_4242_bcf9_6d60a315705d] Successfully synced group in generation Generation{generationId=1, memberId='consumer-Consumer-topic-2077d06c_1a10_4242_bcf9_6d60a315705d-10-3fbd40ce-d3f7-469e-9ea9-5c4cba8b0c77', protocol='range'}
2025-07-31 18:15:45,739 INFO  [org.apa.kaf.cli.con.int.ConsumerCoordinator] (Thread-667) [Consumer clientId=consumer-Consumer-topic-2077d06c_1a10_4242_bcf9_6d60a315705d-10, groupId=Consumer-topic-2077d06c_1a10_4242_bcf9_6d60a315705d] Notifying assignor about the new Assignment(partitions=[topic-2077d06c_1a10_4242_bcf9_6d60a315705d-0])
2025-07-31 18:15:45,739 INFO  [org.apa.kaf.cli.con.int.ConsumerRebalanceListenerInvoker] (Thread-667) [Consumer clientId=consumer-Consumer-topic-2077d06c_1a10_4242_bcf9_6d60a315705d-10, groupId=Consumer-topic-2077d06c_1a10_4242_bcf9_6d60a315705d] Adding newly assigned partitions: topic-2077d06c_1a10_4242_bcf9_6d60a315705d-0
2025-07-31 18:15:45,741 INFO  [org.apa.kaf.cli.con.int.ConsumerCoordinator] (Thread-667) [Consumer clientId=consumer-Consumer-topic-2077d06c_1a10_4242_bcf9_6d60a315705d-10, groupId=Consumer-topic-2077d06c_1a10_4242_bcf9_6d60a315705d] Found no committed offset for partition topic-2077d06c_1a10_4242_bcf9_6d60a315705d-0
2025-07-31 18:15:45,745 INFO  [org.apa.kaf.cli.con.int.SubscriptionState] (Thread-667) [Consumer clientId=consumer-Consumer-topic-2077d06c_1a10_4242_bcf9_6d60a315705d-10, groupId=Consumer-topic-2077d06c_1a10_4242_bcf9_6d60a315705d] Resetting offset for partition topic-2077d06c_1a10_4242_bcf9_6d60a315705d-0 to position FetchPosition{offset=0, offsetEpoch=Optional.empty, currentLeader=LeaderAndEpoch{leader=Optional[localhost:32770 (id: 0 rack: null)], epoch=0}}.
2025-07-31 18:15:45,790 INFO  [io.api.tes.ser.api.KafkaSerdesTester] (Thread-667) topic-2077d06c_1a10_4242_bcf9_6d60a315705d 0 0 {"key11753985744581": "value-0"}
2025-07-31 18:15:45,790 INFO  [io.api.tes.ser.api.KafkaSerdesTester] (Thread-667) topic-2077d06c_1a10_4242_bcf9_6d60a315705d 0 1 {"key11753985744581": "value-1"}
2025-07-31 18:15:45,790 INFO  [io.api.tes.ser.api.KafkaSerdesTester] (Thread-667) topic-2077d06c_1a10_4242_bcf9_6d60a315705d 0 2 {"key11753985744581": "value-2"}
2025-07-31 18:15:45,790 INFO  [io.api.tes.ser.api.KafkaSerdesTester] (Thread-667) topic-2077d06c_1a10_4242_bcf9_6d60a315705d 0 3 {"key11753985744581": "value-3"}
2025-07-31 18:15:45,790 INFO  [io.api.tes.ser.api.KafkaSerdesTester] (Thread-667) topic-2077d06c_1a10_4242_bcf9_6d60a315705d 0 4 {"key11753985744581": "value-4"}
2025-07-31 18:15:45,790 INFO  [io.api.tes.ser.api.KafkaSerdesTester] (Thread-667) topic-2077d06c_1a10_4242_bcf9_6d60a315705d 0 5 {"key11753985744581": "value-5"}
2025-07-31 18:15:45,790 INFO  [io.api.tes.ser.api.KafkaSerdesTester] (Thread-667) topic-2077d06c_1a10_4242_bcf9_6d60a315705d 0 6 {"key11753985744581": "value-6"}
2025-07-31 18:15:45,790 INFO  [io.api.tes.ser.api.KafkaSerdesTester] (Thread-667) topic-2077d06c_1a10_4242_bcf9_6d60a315705d 0 7 {"key11753985744581": "value-7"}
2025-07-31 18:15:45,790 INFO  [io.api.tes.ser.api.KafkaSerdesTester] (Thread-667) topic-2077d06c_1a10_4242_bcf9_6d60a315705d 0 8 {"key11753985744581": "value-8"}
2025-07-31 18:15:45,790 INFO  [io.api.tes.ser.api.KafkaSerdesTester] (Thread-667) topic-2077d06c_1a10_4242_bcf9_6d60a315705d 0 9 {"key11753985744581": "value-9"}
2025-07-31 18:15:45,790 INFO  [io.api.tes.ser.api.KafkaSerdesTester] (Thread-667) Consumed 10 messages
2025-07-31 18:15:45,793 INFO  [org.apa.kaf.cli.con.int.ConsumerRebalanceListenerInvoker] (Thread-667) [Consumer clientId=consumer-Consumer-topic-2077d06c_1a10_4242_bcf9_6d60a315705d-10, groupId=Consumer-topic-2077d06c_1a10_4242_bcf9_6d60a315705d] Revoke previously assigned partitions topic-2077d06c_1a10_4242_bcf9_6d60a315705d-0
2025-07-31 18:15:45,793 INFO  [org.apa.kaf.cli.con.int.ConsumerCoordinator] (Thread-667) [Consumer clientId=consumer-Consumer-topic-2077d06c_1a10_4242_bcf9_6d60a315705d-10, groupId=Consumer-topic-2077d06c_1a10_4242_bcf9_6d60a315705d] Member consumer-Consumer-topic-2077d06c_1a10_4242_bcf9_6d60a315705d-10-3fbd40ce-d3f7-469e-9ea9-5c4cba8b0c77 sending LeaveGroup request to coordinator localhost:32770 (id: 2147483647 rack: null) due to the consumer is being closed
2025-07-31 18:15:45,793 INFO  [org.apa.kaf.cli.con.int.ConsumerCoordinator] (Thread-667) [Consumer clientId=consumer-Consumer-topic-2077d06c_1a10_4242_bcf9_6d60a315705d-10, groupId=Consumer-topic-2077d06c_1a10_4242_bcf9_6d60a315705d] Resetting generation and member id due to: consumer pro-actively leaving the group
2025-07-31 18:15:45,793 INFO  [org.apa.kaf.cli.con.int.ConsumerCoordinator] (Thread-667) [Consumer clientId=consumer-Consumer-topic-2077d06c_1a10_4242_bcf9_6d60a315705d-10, groupId=Consumer-topic-2077d06c_1a10_4242_bcf9_6d60a315705d] Request joining group due to: consumer pro-actively leaving the group
2025-07-31 18:15:46,292 INFO  [org.apa.kaf.com.met.Metrics] (Thread-667) Metrics scheduler closed
2025-07-31 18:15:46,292 INFO  [org.apa.kaf.com.met.Metrics] (Thread-667) Closing reporter org.apache.kafka.common.metrics.JmxReporter
2025-07-31 18:15:46,292 INFO  [org.apa.kaf.com.met.Metrics] (Thread-667) Closing reporter org.apache.kafka.common.telemetry.internals.ClientTelemetryReporter
2025-07-31 18:15:46,292 INFO  [org.apa.kaf.com.met.Metrics] (Thread-667) Metrics reporters closed
2025-07-31 18:15:46,295 INFO  [org.apa.kaf.com.uti.AppInfoParser] (Thread-667) App info kafka.consumer for consumer-Consumer-topic-2077d06c_1a10_4242_bcf9_6d60a315705d-10 unregistered
2025-07-31 18:15:46,295 INFO  [io.api.tes.ser.api.AvroSerdeIT] (main) Registering Avro Schema 2: {"type":"record","name":"sc0fafa81x897bx47adxaff7xa1fbc480d62c","namespace":"ns_5e5b07e8_cda3_4800_aa08_d216905067c4","fields":[{"name":"key11753985744581","type":"string"},{"name":"key21753985746295","type":"string"}]}
**** Registry Base URL: http://registry-app-mysql.apps.ci419.apicurio-testing.org:80
2025-07-31 18:15:47,383 INFO  [org.apa.kaf.cli.pro.ProducerConfig] (main) ProducerConfig values: 
	acks = -1
	auto.include.jmx.reporter = true
	batch.size = 16384
	bootstrap.servers = [PLAINTEXT://localhost:32770]
	buffer.memory = 33554432
	client.dns.lookup = use_all_dns_ips
	client.id = Producer-topic-2077d06c_1a10_4242_bcf9_6d60a315705d
	compression.gzip.level = -1
	compression.lz4.level = 9
	compression.type = none
	compression.zstd.level = 3
	connections.max.idle.ms = 10000
	delivery.timeout.ms = 120000
	enable.idempotence = true
	enable.metrics.push = true
	interceptor.classes = []
	key.serializer = class org.apache.kafka.common.serialization.StringSerializer
	linger.ms = 0
	max.block.ms = 60000
	max.in.flight.requests.per.connection = 5
	max.request.size = 1048576
	metadata.max.age.ms = 300000
	metadata.max.idle.ms = 300000
	metadata.recovery.strategy = none
	metric.reporters = []
	metrics.num.samples = 2
	metrics.recording.level = INFO
	metrics.sample.window.ms = 30000
	partitioner.adaptive.partitioning.enable = true
	partitioner.availability.timeout.ms = 0
	partitioner.class = null
	partitioner.ignore.keys = false
	receive.buffer.bytes = 32768
	reconnect.backoff.max.ms = 1000
	reconnect.backoff.ms = 50
	request.timeout.ms = 5000
	retries = 2147483647
	retry.backoff.max.ms = 1000
	retry.backoff.ms = 100
	sasl.client.callback.handler.class = null
	sasl.jaas.config = null
	sasl.kerberos.kinit.cmd = /usr/bin/kinit
	sasl.kerberos.min.time.before.relogin = 60000
	sasl.kerberos.service.name = null
	sasl.kerberos.ticket.renew.jitter = 0.05
	sasl.kerberos.ticket.renew.window.factor = 0.8
	sasl.login.callback.handler.class = null
	sasl.login.class = null
	sasl.login.connect.timeout.ms = null
	sasl.login.read.timeout.ms = null
	sasl.login.refresh.buffer.seconds = 300
	sasl.login.refresh.min.period.seconds = 60
	sasl.login.refresh.window.factor = 0.8
	sasl.login.refresh.window.jitter = 0.05
	sasl.login.retry.backoff.max.ms = 10000
	sasl.login.retry.backoff.ms = 100
	sasl.mechanism = GSSAPI
	sasl.oauthbearer.clock.skew.seconds = 30
	sasl.oauthbearer.expected.audience = null
	sasl.oauthbearer.expected.issuer = null
	sasl.oauthbearer.header.urlencode = false
	sasl.oauthbearer.jwks.endpoint.refresh.ms = 3600000
	sasl.oauthbearer.jwks.endpoint.retry.backoff.max.ms = 10000
	sasl.oauthbearer.jwks.endpoint.retry.backoff.ms = 100
	sasl.oauthbearer.jwks.endpoint.url = null
	sasl.oauthbearer.scope.claim.name = scope
	sasl.oauthbearer.sub.claim.name = sub
	sasl.oauthbearer.token.endpoint.url = null
	security.protocol = PLAINTEXT
	security.providers = null
	send.buffer.bytes = 131072
	socket.connection.setup.timeout.max.ms = 30000
	socket.connection.setup.timeout.ms = 10000
	ssl.cipher.suites = null
	ssl.enabled.protocols = [TLSv1.2, TLSv1.3]
	ssl.endpoint.identification.algorithm = https
	ssl.engine.factory.class = null
	ssl.key.password = null
	ssl.keymanager.algorithm = SunX509
	ssl.keystore.certificate.chain = null
	ssl.keystore.key = null
	ssl.keystore.location = null
	ssl.keystore.password = null
	ssl.keystore.type = JKS
	ssl.protocol = TLSv1.3
	ssl.provider = null
	ssl.secure.random.implementation = null
	ssl.trustmanager.algorithm = PKIX
	ssl.truststore.certificates = null
	ssl.truststore.location = null
	ssl.truststore.password = null
	ssl.truststore.type = JKS
	transaction.timeout.ms = 60000
	transactional.id = null
	value.serializer = class io.apicurio.registry.serde.avro.AvroKafkaSerializer

2025-07-31 18:15:47,383 INFO  [org.apa.kaf.com.tel.int.KafkaMetricsCollector] (main) initializing Kafka metrics collector
2025-07-31 18:15:47,387 INFO  [org.apa.kaf.cli.pro.KafkaProducer] (main) [Producer clientId=Producer-topic-2077d06c_1a10_4242_bcf9_6d60a315705d] Instantiated an idempotent producer.
2025-07-31 18:15:47,390 INFO  [org.apa.kaf.cli.pro.ProducerConfig] (main) These configurations '[apicurio.registry.url, apicurio.registry.artifact-resolver-strategy]' were supplied but are not used yet.
2025-07-31 18:15:47,390 INFO  [org.apa.kaf.com.uti.AppInfoParser] (main) Kafka version: 3.9.1
2025-07-31 18:15:47,390 INFO  [org.apa.kaf.com.uti.AppInfoParser] (main) Kafka commitId: f745dfdcee2b9851
2025-07-31 18:15:47,390 INFO  [org.apa.kaf.com.uti.AppInfoParser] (main) Kafka startTimeMs: 1753985747390
2025-07-31 18:15:47,391 INFO  [io.api.tes.ser.api.KafkaSerdesTester] (Thread-670) Sending message {"key11753985744581": "value-0", "key21753985746295": "value-0"} to topic topic-2077d06c_1a10_4242_bcf9_6d60a315705d
2025-07-31 18:15:47,394 INFO  [org.apa.kaf.cli.Metadata] (kafka-producer-network-thread | Producer-topic-2077d06c_1a10_4242_bcf9_6d60a315705d) [Producer clientId=Producer-topic-2077d06c_1a10_4242_bcf9_6d60a315705d] Cluster ID: l9YG0eo6TEyFi47Ppqwpmg
2025-07-31 18:15:47,394 INFO  [org.apa.kaf.cli.pro.int.TransactionManager] (kafka-producer-network-thread | Producer-topic-2077d06c_1a10_4242_bcf9_6d60a315705d) [Producer clientId=Producer-topic-2077d06c_1a10_4242_bcf9_6d60a315705d] ProducerId set to 13 with epoch 0
2025-07-31 18:15:47,394 INFO  [DefaultSchemaResolver] (Thread-670) Retrieving schema content using string: {"type":"record","name":"sc0fafa81x897bx47adxaff7xa1fbc480d62c","namespace":"ns_5e5b07e8_cda3_4800_aa08_d216905067c4","fields":[{"name":"key11753985744581","type":"string"},{"name":"key21753985746295","type":"string"}]}
2025-07-31 18:15:47,430 INFO  [io.api.tes.ser.api.KafkaSerdesTester] (Thread-670) Sending message {"key11753985744581": "value-1", "key21753985746295": "value-1"} to topic topic-2077d06c_1a10_4242_bcf9_6d60a315705d
2025-07-31 18:15:47,433 INFO  [io.api.tes.ser.api.KafkaSerdesTester] (Thread-670) Sending message {"key11753985744581": "value-2", "key21753985746295": "value-2"} to topic topic-2077d06c_1a10_4242_bcf9_6d60a315705d
2025-07-31 18:15:47,434 INFO  [io.api.tes.ser.api.KafkaSerdesTester] (Thread-670) Sending message {"key11753985744581": "value-3", "key21753985746295": "value-3"} to topic topic-2077d06c_1a10_4242_bcf9_6d60a315705d
2025-07-31 18:15:47,437 INFO  [io.api.tes.ser.api.KafkaSerdesTester] (Thread-670) Sending message {"key11753985744581": "value-4", "key21753985746295": "value-4"} to topic topic-2077d06c_1a10_4242_bcf9_6d60a315705d
2025-07-31 18:15:47,438 INFO  [io.api.tes.ser.api.KafkaSerdesTester] (Thread-670) Sending message {"key11753985744581": "value-5", "key21753985746295": "value-5"} to topic topic-2077d06c_1a10_4242_bcf9_6d60a315705d
2025-07-31 18:15:47,439 INFO  [io.api.tes.ser.api.KafkaSerdesTester] (Thread-670) Sending message {"key11753985744581": "value-6", "key21753985746295": "value-6"} to topic topic-2077d06c_1a10_4242_bcf9_6d60a315705d
2025-07-31 18:15:47,440 INFO  [io.api.tes.ser.api.KafkaSerdesTester] (Thread-670) Sending message {"key11753985744581": "value-7", "key21753985746295": "value-7"} to topic topic-2077d06c_1a10_4242_bcf9_6d60a315705d
2025-07-31 18:15:47,442 INFO  [io.api.tes.ser.api.KafkaSerdesTester] (Thread-670) Sending message {"key11753985744581": "value-8", "key21753985746295": "value-8"} to topic topic-2077d06c_1a10_4242_bcf9_6d60a315705d
2025-07-31 18:15:47,445 INFO  [io.api.tes.ser.api.KafkaSerdesTester] (Thread-670) Sending message {"key11753985744581": "value-9", "key21753985746295": "value-9"} to topic topic-2077d06c_1a10_4242_bcf9_6d60a315705d
2025-07-31 18:15:47,446 INFO  [io.api.tes.ser.api.KafkaSerdesTester] (Thread-670) Produced 10 messages
2025-07-31 18:15:47,446 INFO  [org.apa.kaf.cli.pro.KafkaProducer] (Thread-670) [Producer clientId=Producer-topic-2077d06c_1a10_4242_bcf9_6d60a315705d] Closing the Kafka producer with timeoutMillis = 9223372036854775807 ms.
2025-07-31 18:15:47,450 INFO  [org.apa.kaf.com.met.Metrics] (Thread-670) Metrics scheduler closed
2025-07-31 18:15:47,450 INFO  [org.apa.kaf.com.met.Metrics] (Thread-670) Closing reporter org.apache.kafka.common.metrics.JmxReporter
2025-07-31 18:15:47,450 INFO  [org.apa.kaf.com.met.Metrics] (Thread-670) Closing reporter org.apache.kafka.common.telemetry.internals.ClientTelemetryReporter
2025-07-31 18:15:47,450 INFO  [org.apa.kaf.com.met.Metrics] (Thread-670) Metrics reporters closed
2025-07-31 18:15:47,451 INFO  [org.apa.kaf.com.uti.AppInfoParser] (Thread-670) App info kafka.producer for Producer-topic-2077d06c_1a10_4242_bcf9_6d60a315705d unregistered
**** Registry Base URL: http://registry-app-mysql.apps.ci419.apicurio-testing.org:80
2025-07-31 18:15:47,451 INFO  [org.apa.kaf.cli.pro.ProducerConfig] (main) ProducerConfig values: 
	acks = -1
	auto.include.jmx.reporter = true
	batch.size = 16384
	bootstrap.servers = [PLAINTEXT://localhost:32770]
	buffer.memory = 33554432
	client.dns.lookup = use_all_dns_ips
	client.id = Producer-topic-2077d06c_1a10_4242_bcf9_6d60a315705d
	compression.gzip.level = -1
	compression.lz4.level = 9
	compression.type = none
	compression.zstd.level = 3
	connections.max.idle.ms = 10000
	delivery.timeout.ms = 120000
	enable.idempotence = true
	enable.metrics.push = true
	interceptor.classes = []
	key.serializer = class org.apache.kafka.common.serialization.StringSerializer
	linger.ms = 0
	max.block.ms = 60000
	max.in.flight.requests.per.connection = 5
	max.request.size = 1048576
	metadata.max.age.ms = 300000
	metadata.max.idle.ms = 300000
	metadata.recovery.strategy = none
	metric.reporters = []
	metrics.num.samples = 2
	metrics.recording.level = INFO
	metrics.sample.window.ms = 30000
	partitioner.adaptive.partitioning.enable = true
	partitioner.availability.timeout.ms = 0
	partitioner.class = null
	partitioner.ignore.keys = false
	receive.buffer.bytes = 32768
	reconnect.backoff.max.ms = 1000
	reconnect.backoff.ms = 50
	request.timeout.ms = 5000
	retries = 2147483647
	retry.backoff.max.ms = 1000
	retry.backoff.ms = 100
	sasl.client.callback.handler.class = null
	sasl.jaas.config = null
	sasl.kerberos.kinit.cmd = /usr/bin/kinit
	sasl.kerberos.min.time.before.relogin = 60000
	sasl.kerberos.service.name = null
	sasl.kerberos.ticket.renew.jitter = 0.05
	sasl.kerberos.ticket.renew.window.factor = 0.8
	sasl.login.callback.handler.class = null
	sasl.login.class = null
	sasl.login.connect.timeout.ms = null
	sasl.login.read.timeout.ms = null
	sasl.login.refresh.buffer.seconds = 300
	sasl.login.refresh.min.period.seconds = 60
	sasl.login.refresh.window.factor = 0.8
	sasl.login.refresh.window.jitter = 0.05
	sasl.login.retry.backoff.max.ms = 10000
	sasl.login.retry.backoff.ms = 100
	sasl.mechanism = GSSAPI
	sasl.oauthbearer.clock.skew.seconds = 30
	sasl.oauthbearer.expected.audience = null
	sasl.oauthbearer.expected.issuer = null
	sasl.oauthbearer.header.urlencode = false
	sasl.oauthbearer.jwks.endpoint.refresh.ms = 3600000
	sasl.oauthbearer.jwks.endpoint.retry.backoff.max.ms = 10000
	sasl.oauthbearer.jwks.endpoint.retry.backoff.ms = 100
	sasl.oauthbearer.jwks.endpoint.url = null
	sasl.oauthbearer.scope.claim.name = scope
	sasl.oauthbearer.sub.claim.name = sub
	sasl.oauthbearer.token.endpoint.url = null
	security.protocol = PLAINTEXT
	security.providers = null
	send.buffer.bytes = 131072
	socket.connection.setup.timeout.max.ms = 30000
	socket.connection.setup.timeout.ms = 10000
	ssl.cipher.suites = null
	ssl.enabled.protocols = [TLSv1.2, TLSv1.3]
	ssl.endpoint.identification.algorithm = https
	ssl.engine.factory.class = null
	ssl.key.password = null
	ssl.keymanager.algorithm = SunX509
	ssl.keystore.certificate.chain = null
	ssl.keystore.key = null
	ssl.keystore.location = null
	ssl.keystore.password = null
	ssl.keystore.type = JKS
	ssl.protocol = TLSv1.3
	ssl.provider = null
	ssl.secure.random.implementation = null
	ssl.trustmanager.algorithm = PKIX
	ssl.truststore.certificates = null
	ssl.truststore.location = null
	ssl.truststore.password = null
	ssl.truststore.type = JKS
	transaction.timeout.ms = 60000
	transactional.id = null
	value.serializer = class io.apicurio.registry.serde.avro.AvroKafkaSerializer

2025-07-31 18:15:47,452 INFO  [org.apa.kaf.com.tel.int.KafkaMetricsCollector] (main) initializing Kafka metrics collector
2025-07-31 18:15:47,456 INFO  [org.apa.kaf.cli.pro.KafkaProducer] (main) [Producer clientId=Producer-topic-2077d06c_1a10_4242_bcf9_6d60a315705d] Instantiated an idempotent producer.
2025-07-31 18:15:47,460 INFO  [org.apa.kaf.cli.pro.ProducerConfig] (main) These configurations '[apicurio.registry.url, apicurio.registry.artifact-resolver-strategy]' were supplied but are not used yet.
2025-07-31 18:15:47,460 INFO  [org.apa.kaf.com.uti.AppInfoParser] (main) Kafka version: 3.9.1
2025-07-31 18:15:47,460 INFO  [org.apa.kaf.com.uti.AppInfoParser] (main) Kafka commitId: f745dfdcee2b9851
2025-07-31 18:15:47,460 INFO  [org.apa.kaf.com.uti.AppInfoParser] (main) Kafka startTimeMs: 1753985747460
2025-07-31 18:15:47,462 INFO  [io.api.tes.ser.api.KafkaSerdesTester] (Thread-673) Sending message {"key11753985744581": "value-0"} to topic topic-2077d06c_1a10_4242_bcf9_6d60a315705d
2025-07-31 18:15:47,466 INFO  [org.apa.kaf.cli.Metadata] (kafka-producer-network-thread | Producer-topic-2077d06c_1a10_4242_bcf9_6d60a315705d) [Producer clientId=Producer-topic-2077d06c_1a10_4242_bcf9_6d60a315705d] Cluster ID: l9YG0eo6TEyFi47Ppqwpmg
2025-07-31 18:15:47,466 INFO  [DefaultSchemaResolver] (Thread-673) Retrieving schema content using string: {"type":"record","name":"sc0fafa81x897bx47adxaff7xa1fbc480d62c","namespace":"ns_5e5b07e8_cda3_4800_aa08_d216905067c4","fields":[{"name":"key11753985744581","type":"string"}]}
2025-07-31 18:15:47,468 INFO  [org.apa.kaf.cli.pro.int.TransactionManager] (kafka-producer-network-thread | Producer-topic-2077d06c_1a10_4242_bcf9_6d60a315705d) [Producer clientId=Producer-topic-2077d06c_1a10_4242_bcf9_6d60a315705d] ProducerId set to 14 with epoch 0
2025-07-31 18:15:47,506 INFO  [io.api.tes.ser.api.KafkaSerdesTester] (Thread-673) Sending message {"key11753985744581": "value-1"} to topic topic-2077d06c_1a10_4242_bcf9_6d60a315705d
2025-07-31 18:15:47,508 INFO  [io.api.tes.ser.api.KafkaSerdesTester] (Thread-673) Sending message {"key11753985744581": "value-2"} to topic topic-2077d06c_1a10_4242_bcf9_6d60a315705d
2025-07-31 18:15:47,510 INFO  [io.api.tes.ser.api.KafkaSerdesTester] (Thread-673) Sending message {"key11753985744581": "value-3"} to topic topic-2077d06c_1a10_4242_bcf9_6d60a315705d
2025-07-31 18:15:47,513 INFO  [io.api.tes.ser.api.KafkaSerdesTester] (Thread-673) Sending message {"key11753985744581": "value-4"} to topic topic-2077d06c_1a10_4242_bcf9_6d60a315705d
2025-07-31 18:15:47,517 INFO  [io.api.tes.ser.api.KafkaSerdesTester] (Thread-673) Sending message {"key11753985744581": "value-5"} to topic topic-2077d06c_1a10_4242_bcf9_6d60a315705d
2025-07-31 18:15:47,524 INFO  [io.api.tes.ser.api.KafkaSerdesTester] (Thread-673) Sending message {"key11753985744581": "value-6"} to topic topic-2077d06c_1a10_4242_bcf9_6d60a315705d
2025-07-31 18:15:47,527 INFO  [io.api.tes.ser.api.KafkaSerdesTester] (Thread-673) Sending message {"key11753985744581": "value-7"} to topic topic-2077d06c_1a10_4242_bcf9_6d60a315705d
2025-07-31 18:15:47,530 INFO  [io.api.tes.ser.api.KafkaSerdesTester] (Thread-673) Sending message {"key11753985744581": "value-8"} to topic topic-2077d06c_1a10_4242_bcf9_6d60a315705d
2025-07-31 18:15:47,533 INFO  [io.api.tes.ser.api.KafkaSerdesTester] (Thread-673) Sending message {"key11753985744581": "value-9"} to topic topic-2077d06c_1a10_4242_bcf9_6d60a315705d
2025-07-31 18:15:47,541 INFO  [io.api.tes.ser.api.KafkaSerdesTester] (Thread-673) Produced 10 messages
2025-07-31 18:15:47,541 INFO  [org.apa.kaf.cli.pro.KafkaProducer] (Thread-673) [Producer clientId=Producer-topic-2077d06c_1a10_4242_bcf9_6d60a315705d] Closing the Kafka producer with timeoutMillis = 9223372036854775807 ms.
2025-07-31 18:15:47,544 INFO  [org.apa.kaf.com.met.Metrics] (Thread-673) Metrics scheduler closed
2025-07-31 18:15:47,544 INFO  [org.apa.kaf.com.met.Metrics] (Thread-673) Closing reporter org.apache.kafka.common.metrics.JmxReporter
2025-07-31 18:15:47,544 INFO  [org.apa.kaf.com.met.Metrics] (Thread-673) Closing reporter org.apache.kafka.common.telemetry.internals.ClientTelemetryReporter
2025-07-31 18:15:47,544 INFO  [org.apa.kaf.com.met.Metrics] (Thread-673) Metrics reporters closed
2025-07-31 18:15:47,544 INFO  [org.apa.kaf.com.uti.AppInfoParser] (Thread-673) App info kafka.producer for Producer-topic-2077d06c_1a10_4242_bcf9_6d60a315705d unregistered
**** Registry Base URL: http://registry-app-mysql.apps.ci419.apicurio-testing.org:80
2025-07-31 18:15:47,545 INFO  [org.apa.kaf.cli.con.ConsumerConfig] (main) ConsumerConfig values: 
	allow.auto.create.topics = true
	auto.commit.interval.ms = 500
	auto.include.jmx.reporter = true
	auto.offset.reset = earliest
	bootstrap.servers = [PLAINTEXT://localhost:32770]
	check.crcs = true
	client.dns.lookup = use_all_dns_ips
	client.id = consumer-Consumer-topic-2077d06c_1a10_4242_bcf9_6d60a315705d-11
	client.rack = 
	connections.max.idle.ms = 10000
	default.api.timeout.ms = 60000
	enable.auto.commit = true
	enable.metrics.push = true
	exclude.internal.topics = true
	fetch.max.bytes = 52428800
	fetch.max.wait.ms = 500
	fetch.min.bytes = 1
	group.id = Consumer-topic-2077d06c_1a10_4242_bcf9_6d60a315705d
	group.instance.id = null
	group.protocol = classic
	group.remote.assignor = null
	heartbeat.interval.ms = 3000
	interceptor.classes = []
	internal.leave.group.on.close = true
	internal.throw.on.fetch.stable.offset.unsupported = false
	isolation.level = read_uncommitted
	key.deserializer = class org.apache.kafka.common.serialization.StringDeserializer
	max.partition.fetch.bytes = 1048576
	max.poll.interval.ms = 300000
	max.poll.records = 500
	metadata.max.age.ms = 300000
	metadata.recovery.strategy = none
	metric.reporters = []
	metrics.num.samples = 2
	metrics.recording.level = INFO
	metrics.sample.window.ms = 30000
	partition.assignment.strategy = [class org.apache.kafka.clients.consumer.RangeAssignor, class org.apache.kafka.clients.consumer.CooperativeStickyAssignor]
	receive.buffer.bytes = 65536
	reconnect.backoff.max.ms = 1000
	reconnect.backoff.ms = 50
	request.timeout.ms = 5000
	retry.backoff.max.ms = 1000
	retry.backoff.ms = 100
	sasl.client.callback.handler.class = null
	sasl.jaas.config = null
	sasl.kerberos.kinit.cmd = /usr/bin/kinit
	sasl.kerberos.min.time.before.relogin = 60000
	sasl.kerberos.service.name = null
	sasl.kerberos.ticket.renew.jitter = 0.05
	sasl.kerberos.ticket.renew.window.factor = 0.8
	sasl.login.callback.handler.class = null
	sasl.login.class = null
	sasl.login.connect.timeout.ms = null
	sasl.login.read.timeout.ms = null
	sasl.login.refresh.buffer.seconds = 300
	sasl.login.refresh.min.period.seconds = 60
	sasl.login.refresh.window.factor = 0.8
	sasl.login.refresh.window.jitter = 0.05
	sasl.login.retry.backoff.max.ms = 10000
	sasl.login.retry.backoff.ms = 100
	sasl.mechanism = GSSAPI
	sasl.oauthbearer.clock.skew.seconds = 30
	sasl.oauthbearer.expected.audience = null
	sasl.oauthbearer.expected.issuer = null
	sasl.oauthbearer.header.urlencode = false
	sasl.oauthbearer.jwks.endpoint.refresh.ms = 3600000
	sasl.oauthbearer.jwks.endpoint.retry.backoff.max.ms = 10000
	sasl.oauthbearer.jwks.endpoint.retry.backoff.ms = 100
	sasl.oauthbearer.jwks.endpoint.url = null
	sasl.oauthbearer.scope.claim.name = scope
	sasl.oauthbearer.sub.claim.name = sub
	sasl.oauthbearer.token.endpoint.url = null
	security.protocol = PLAINTEXT
	security.providers = null
	send.buffer.bytes = 131072
	session.timeout.ms = 45000
	socket.connection.setup.timeout.max.ms = 30000
	socket.connection.setup.timeout.ms = 10000
	ssl.cipher.suites = null
	ssl.enabled.protocols = [TLSv1.2, TLSv1.3]
	ssl.endpoint.identification.algorithm = https
	ssl.engine.factory.class = null
	ssl.key.password = null
	ssl.keymanager.algorithm = SunX509
	ssl.keystore.certificate.chain = null
	ssl.keystore.key = null
	ssl.keystore.location = null
	ssl.keystore.password = null
	ssl.keystore.type = JKS
	ssl.protocol = TLSv1.3
	ssl.provider = null
	ssl.secure.random.implementation = null
	ssl.trustmanager.algorithm = PKIX
	ssl.truststore.certificates = null
	ssl.truststore.location = null
	ssl.truststore.password = null
	ssl.truststore.type = JKS
	value.deserializer = class io.apicurio.registry.serde.avro.AvroKafkaDeserializer

2025-07-31 18:15:47,546 INFO  [org.apa.kaf.com.tel.int.KafkaMetricsCollector] (main) initializing Kafka metrics collector
2025-07-31 18:15:47,558 INFO  [org.apa.kaf.cli.con.ConsumerConfig] (main) These configurations '[apicurio.registry.url]' were supplied but are not used yet.
2025-07-31 18:15:47,558 INFO  [org.apa.kaf.com.uti.AppInfoParser] (main) Kafka version: 3.9.1
2025-07-31 18:15:47,558 INFO  [org.apa.kaf.com.uti.AppInfoParser] (main) Kafka commitId: f745dfdcee2b9851
2025-07-31 18:15:47,558 INFO  [org.apa.kaf.com.uti.AppInfoParser] (main) Kafka startTimeMs: 1753985747558
2025-07-31 18:15:47,558 INFO  [org.apa.kaf.cli.con.int.ClassicKafkaConsumer] (Thread-676) [Consumer clientId=consumer-Consumer-topic-2077d06c_1a10_4242_bcf9_6d60a315705d-11, groupId=Consumer-topic-2077d06c_1a10_4242_bcf9_6d60a315705d] Subscribed to topic(s): topic-2077d06c_1a10_4242_bcf9_6d60a315705d
2025-07-31 18:15:47,564 INFO  [org.apa.kaf.cli.Metadata] (Thread-676) [Consumer clientId=consumer-Consumer-topic-2077d06c_1a10_4242_bcf9_6d60a315705d-11, groupId=Consumer-topic-2077d06c_1a10_4242_bcf9_6d60a315705d] Cluster ID: l9YG0eo6TEyFi47Ppqwpmg
2025-07-31 18:15:47,565 INFO  [org.apa.kaf.cli.con.int.ConsumerCoordinator] (Thread-676) [Consumer clientId=consumer-Consumer-topic-2077d06c_1a10_4242_bcf9_6d60a315705d-11, groupId=Consumer-topic-2077d06c_1a10_4242_bcf9_6d60a315705d] Discovered group coordinator localhost:32770 (id: 2147483647 rack: null)
2025-07-31 18:15:47,566 INFO  [org.apa.kaf.cli.con.int.ConsumerCoordinator] (Thread-676) [Consumer clientId=consumer-Consumer-topic-2077d06c_1a10_4242_bcf9_6d60a315705d-11, groupId=Consumer-topic-2077d06c_1a10_4242_bcf9_6d60a315705d] (Re-)joining group
2025-07-31 18:15:47,570 INFO  [org.apa.kaf.cli.con.int.ConsumerCoordinator] (Thread-676) [Consumer clientId=consumer-Consumer-topic-2077d06c_1a10_4242_bcf9_6d60a315705d-11, groupId=Consumer-topic-2077d06c_1a10_4242_bcf9_6d60a315705d] Request joining group due to: need to re-join with the given member-id: consumer-Consumer-topic-2077d06c_1a10_4242_bcf9_6d60a315705d-11-b80761e6-a2db-480b-879e-b5ac7bffa5db
2025-07-31 18:15:47,570 INFO  [org.apa.kaf.cli.con.int.ConsumerCoordinator] (Thread-676) [Consumer clientId=consumer-Consumer-topic-2077d06c_1a10_4242_bcf9_6d60a315705d-11, groupId=Consumer-topic-2077d06c_1a10_4242_bcf9_6d60a315705d] (Re-)joining group
2025-07-31 18:15:47,574 INFO  [org.apa.kaf.cli.con.int.ConsumerCoordinator] (Thread-676) [Consumer clientId=consumer-Consumer-topic-2077d06c_1a10_4242_bcf9_6d60a315705d-11, groupId=Consumer-topic-2077d06c_1a10_4242_bcf9_6d60a315705d] Successfully joined group with generation Generation{generationId=3, memberId='consumer-Consumer-topic-2077d06c_1a10_4242_bcf9_6d60a315705d-11-b80761e6-a2db-480b-879e-b5ac7bffa5db', protocol='range'}
2025-07-31 18:15:47,575 INFO  [org.apa.kaf.cli.con.int.ConsumerCoordinator] (Thread-676) [Consumer clientId=consumer-Consumer-topic-2077d06c_1a10_4242_bcf9_6d60a315705d-11, groupId=Consumer-topic-2077d06c_1a10_4242_bcf9_6d60a315705d] Finished assignment for group at generation 3: {consumer-Consumer-topic-2077d06c_1a10_4242_bcf9_6d60a315705d-11-b80761e6-a2db-480b-879e-b5ac7bffa5db=Assignment(partitions=[topic-2077d06c_1a10_4242_bcf9_6d60a315705d-0])}
2025-07-31 18:15:47,578 INFO  [org.apa.kaf.cli.con.int.ConsumerCoordinator] (kafka-coordinator-heartbeat-thread | Consumer-topic-2077d06c_1a10_4242_bcf9_6d60a315705d) [Consumer clientId=consumer-Consumer-topic-2077d06c_1a10_4242_bcf9_6d60a315705d-11, groupId=Consumer-topic-2077d06c_1a10_4242_bcf9_6d60a315705d] Successfully synced group in generation Generation{generationId=3, memberId='consumer-Consumer-topic-2077d06c_1a10_4242_bcf9_6d60a315705d-11-b80761e6-a2db-480b-879e-b5ac7bffa5db', protocol='range'}
2025-07-31 18:15:47,578 INFO  [org.apa.kaf.cli.con.int.ConsumerCoordinator] (Thread-676) [Consumer clientId=consumer-Consumer-topic-2077d06c_1a10_4242_bcf9_6d60a315705d-11, groupId=Consumer-topic-2077d06c_1a10_4242_bcf9_6d60a315705d] Notifying assignor about the new Assignment(partitions=[topic-2077d06c_1a10_4242_bcf9_6d60a315705d-0])
2025-07-31 18:15:47,578 INFO  [org.apa.kaf.cli.con.int.ConsumerRebalanceListenerInvoker] (Thread-676) [Consumer clientId=consumer-Consumer-topic-2077d06c_1a10_4242_bcf9_6d60a315705d-11, groupId=Consumer-topic-2077d06c_1a10_4242_bcf9_6d60a315705d] Adding newly assigned partitions: topic-2077d06c_1a10_4242_bcf9_6d60a315705d-0
2025-07-31 18:15:47,581 INFO  [org.apa.kaf.cli.con.int.ConsumerUtils] (Thread-676) Setting offset for partition topic-2077d06c_1a10_4242_bcf9_6d60a315705d-0 to the committed offset FetchPosition{offset=10, offsetEpoch=Optional[0], currentLeader=LeaderAndEpoch{leader=Optional[localhost:32770 (id: 0 rack: null)], epoch=0}}
2025-07-31 18:15:47,666 INFO  [io.api.tes.ser.api.KafkaSerdesTester] (Thread-676) topic-2077d06c_1a10_4242_bcf9_6d60a315705d 0 10 {"key11753985744581": "value-0", "key21753985746295": "value-0"}
2025-07-31 18:15:47,666 INFO  [io.api.tes.ser.api.KafkaSerdesTester] (Thread-676) topic-2077d06c_1a10_4242_bcf9_6d60a315705d 0 11 {"key11753985744581": "value-1", "key21753985746295": "value-1"}
2025-07-31 18:15:47,667 INFO  [io.api.tes.ser.api.KafkaSerdesTester] (Thread-676) topic-2077d06c_1a10_4242_bcf9_6d60a315705d 0 12 {"key11753985744581": "value-2", "key21753985746295": "value-2"}
2025-07-31 18:15:47,667 INFO  [io.api.tes.ser.api.KafkaSerdesTester] (Thread-676) topic-2077d06c_1a10_4242_bcf9_6d60a315705d 0 13 {"key11753985744581": "value-3", "key21753985746295": "value-3"}
2025-07-31 18:15:47,667 INFO  [io.api.tes.ser.api.KafkaSerdesTester] (Thread-676) topic-2077d06c_1a10_4242_bcf9_6d60a315705d 0 14 {"key11753985744581": "value-4", "key21753985746295": "value-4"}
2025-07-31 18:15:47,667 INFO  [io.api.tes.ser.api.KafkaSerdesTester] (Thread-676) topic-2077d06c_1a10_4242_bcf9_6d60a315705d 0 15 {"key11753985744581": "value-5", "key21753985746295": "value-5"}
2025-07-31 18:15:47,667 INFO  [io.api.tes.ser.api.KafkaSerdesTester] (Thread-676) topic-2077d06c_1a10_4242_bcf9_6d60a315705d 0 16 {"key11753985744581": "value-6", "key21753985746295": "value-6"}
2025-07-31 18:15:47,668 INFO  [io.api.tes.ser.api.KafkaSerdesTester] (Thread-676) topic-2077d06c_1a10_4242_bcf9_6d60a315705d 0 17 {"key11753985744581": "value-7", "key21753985746295": "value-7"}
2025-07-31 18:15:47,668 INFO  [io.api.tes.ser.api.KafkaSerdesTester] (Thread-676) topic-2077d06c_1a10_4242_bcf9_6d60a315705d 0 18 {"key11753985744581": "value-8", "key21753985746295": "value-8"}
2025-07-31 18:15:47,668 INFO  [io.api.tes.ser.api.KafkaSerdesTester] (Thread-676) topic-2077d06c_1a10_4242_bcf9_6d60a315705d 0 19 {"key11753985744581": "value-9", "key21753985746295": "value-9"}
2025-07-31 18:15:47,668 INFO  [io.api.tes.ser.api.KafkaSerdesTester] (Thread-676) topic-2077d06c_1a10_4242_bcf9_6d60a315705d 0 20 {"key11753985744581": "value-0"}
2025-07-31 18:15:47,668 INFO  [io.api.tes.ser.api.KafkaSerdesTester] (Thread-676) topic-2077d06c_1a10_4242_bcf9_6d60a315705d 0 21 {"key11753985744581": "value-1"}
2025-07-31 18:15:47,668 INFO  [io.api.tes.ser.api.KafkaSerdesTester] (Thread-676) topic-2077d06c_1a10_4242_bcf9_6d60a315705d 0 22 {"key11753985744581": "value-2"}
2025-07-31 18:15:47,668 INFO  [io.api.tes.ser.api.KafkaSerdesTester] (Thread-676) topic-2077d06c_1a10_4242_bcf9_6d60a315705d 0 23 {"key11753985744581": "value-3"}
2025-07-31 18:15:47,668 INFO  [io.api.tes.ser.api.KafkaSerdesTester] (Thread-676) topic-2077d06c_1a10_4242_bcf9_6d60a315705d 0 24 {"key11753985744581": "value-4"}
2025-07-31 18:15:47,668 INFO  [io.api.tes.ser.api.KafkaSerdesTester] (Thread-676) topic-2077d06c_1a10_4242_bcf9_6d60a315705d 0 25 {"key11753985744581": "value-5"}
2025-07-31 18:15:47,668 INFO  [io.api.tes.ser.api.KafkaSerdesTester] (Thread-676) topic-2077d06c_1a10_4242_bcf9_6d60a315705d 0 26 {"key11753985744581": "value-6"}
2025-07-31 18:15:47,668 INFO  [io.api.tes.ser.api.KafkaSerdesTester] (Thread-676) topic-2077d06c_1a10_4242_bcf9_6d60a315705d 0 27 {"key11753985744581": "value-7"}
2025-07-31 18:15:47,668 INFO  [io.api.tes.ser.api.KafkaSerdesTester] (Thread-676) topic-2077d06c_1a10_4242_bcf9_6d60a315705d 0 28 {"key11753985744581": "value-8"}
2025-07-31 18:15:47,668 INFO  [io.api.tes.ser.api.KafkaSerdesTester] (Thread-676) topic-2077d06c_1a10_4242_bcf9_6d60a315705d 0 29 {"key11753985744581": "value-9"}
2025-07-31 18:15:47,668 INFO  [io.api.tes.ser.api.KafkaSerdesTester] (Thread-676) Consumed 20 messages
2025-07-31 18:15:47,671 INFO  [org.apa.kaf.cli.con.int.ConsumerRebalanceListenerInvoker] (Thread-676) [Consumer clientId=consumer-Consumer-topic-2077d06c_1a10_4242_bcf9_6d60a315705d-11, groupId=Consumer-topic-2077d06c_1a10_4242_bcf9_6d60a315705d] Revoke previously assigned partitions topic-2077d06c_1a10_4242_bcf9_6d60a315705d-0
2025-07-31 18:15:47,671 INFO  [org.apa.kaf.cli.con.int.ConsumerCoordinator] (Thread-676) [Consumer clientId=consumer-Consumer-topic-2077d06c_1a10_4242_bcf9_6d60a315705d-11, groupId=Consumer-topic-2077d06c_1a10_4242_bcf9_6d60a315705d] Member consumer-Consumer-topic-2077d06c_1a10_4242_bcf9_6d60a315705d-11-b80761e6-a2db-480b-879e-b5ac7bffa5db sending LeaveGroup request to coordinator localhost:32770 (id: 2147483647 rack: null) due to the consumer is being closed
2025-07-31 18:15:47,671 INFO  [org.apa.kaf.cli.con.int.ConsumerCoordinator] (Thread-676) [Consumer clientId=consumer-Consumer-topic-2077d06c_1a10_4242_bcf9_6d60a315705d-11, groupId=Consumer-topic-2077d06c_1a10_4242_bcf9_6d60a315705d] Resetting generation and member id due to: consumer pro-actively leaving the group
2025-07-31 18:15:47,671 INFO  [org.apa.kaf.cli.con.int.ConsumerCoordinator] (Thread-676) [Consumer clientId=consumer-Consumer-topic-2077d06c_1a10_4242_bcf9_6d60a315705d-11, groupId=Consumer-topic-2077d06c_1a10_4242_bcf9_6d60a315705d] Request joining group due to: consumer pro-actively leaving the group
2025-07-31 18:15:48,170 INFO  [org.apa.kaf.com.met.Metrics] (Thread-676) Metrics scheduler closed
2025-07-31 18:15:48,171 INFO  [org.apa.kaf.com.met.Metrics] (Thread-676) Closing reporter org.apache.kafka.common.metrics.JmxReporter
2025-07-31 18:15:48,171 INFO  [org.apa.kaf.com.met.Metrics] (Thread-676) Closing reporter org.apache.kafka.common.telemetry.internals.ClientTelemetryReporter
2025-07-31 18:15:48,171 INFO  [org.apa.kaf.com.met.Metrics] (Thread-676) Metrics reporters closed
2025-07-31 18:15:48,173 INFO  [org.apa.kaf.com.uti.AppInfoParser] (Thread-676) App info kafka.consumer for consumer-Consumer-topic-2077d06c_1a10_4242_bcf9_6d60a315705d-11 unregistered
2025-07-31 18:15:48,174 INFO  [io.api.tes.ser.api.AvroSerdeIT] (main) Registering Avro Schema 3: {"type":"record","name":"sc0fafa81x897bx47adxaff7xa1fbc480d62c","namespace":"ns_5e5b07e8_cda3_4800_aa08_d216905067c4","fields":[{"name":"key11753985744581","type":"string"},{"name":"key21753985746295","type":"string"},{"name":"key31753985748174","type":"string"}]}
**** Registry Base URL: http://registry-app-mysql.apps.ci419.apicurio-testing.org:80
2025-07-31 18:15:49,250 INFO  [org.apa.kaf.cli.pro.ProducerConfig] (main) ProducerConfig values: 
	acks = -1
	auto.include.jmx.reporter = true
	batch.size = 16384
	bootstrap.servers = [PLAINTEXT://localhost:32770]
	buffer.memory = 33554432
	client.dns.lookup = use_all_dns_ips
	client.id = Producer-topic-2077d06c_1a10_4242_bcf9_6d60a315705d
	compression.gzip.level = -1
	compression.lz4.level = 9
	compression.type = none
	compression.zstd.level = 3
	connections.max.idle.ms = 10000
	delivery.timeout.ms = 120000
	enable.idempotence = true
	enable.metrics.push = true
	interceptor.classes = []
	key.serializer = class org.apache.kafka.common.serialization.StringSerializer
	linger.ms = 0
	max.block.ms = 60000
	max.in.flight.requests.per.connection = 5
	max.request.size = 1048576
	metadata.max.age.ms = 300000
	metadata.max.idle.ms = 300000
	metadata.recovery.strategy = none
	metric.reporters = []
	metrics.num.samples = 2
	metrics.recording.level = INFO
	metrics.sample.window.ms = 30000
	partitioner.adaptive.partitioning.enable = true
	partitioner.availability.timeout.ms = 0
	partitioner.class = null
	partitioner.ignore.keys = false
	receive.buffer.bytes = 32768
	reconnect.backoff.max.ms = 1000
	reconnect.backoff.ms = 50
	request.timeout.ms = 5000
	retries = 2147483647
	retry.backoff.max.ms = 1000
	retry.backoff.ms = 100
	sasl.client.callback.handler.class = null
	sasl.jaas.config = null
	sasl.kerberos.kinit.cmd = /usr/bin/kinit
	sasl.kerberos.min.time.before.relogin = 60000
	sasl.kerberos.service.name = null
	sasl.kerberos.ticket.renew.jitter = 0.05
	sasl.kerberos.ticket.renew.window.factor = 0.8
	sasl.login.callback.handler.class = null
	sasl.login.class = null
	sasl.login.connect.timeout.ms = null
	sasl.login.read.timeout.ms = null
	sasl.login.refresh.buffer.seconds = 300
	sasl.login.refresh.min.period.seconds = 60
	sasl.login.refresh.window.factor = 0.8
	sasl.login.refresh.window.jitter = 0.05
	sasl.login.retry.backoff.max.ms = 10000
	sasl.login.retry.backoff.ms = 100
	sasl.mechanism = GSSAPI
	sasl.oauthbearer.clock.skew.seconds = 30
	sasl.oauthbearer.expected.audience = null
	sasl.oauthbearer.expected.issuer = null
	sasl.oauthbearer.header.urlencode = false
	sasl.oauthbearer.jwks.endpoint.refresh.ms = 3600000
	sasl.oauthbearer.jwks.endpoint.retry.backoff.max.ms = 10000
	sasl.oauthbearer.jwks.endpoint.retry.backoff.ms = 100
	sasl.oauthbearer.jwks.endpoint.url = null
	sasl.oauthbearer.scope.claim.name = scope
	sasl.oauthbearer.sub.claim.name = sub
	sasl.oauthbearer.token.endpoint.url = null
	security.protocol = PLAINTEXT
	security.providers = null
	send.buffer.bytes = 131072
	socket.connection.setup.timeout.max.ms = 30000
	socket.connection.setup.timeout.ms = 10000
	ssl.cipher.suites = null
	ssl.enabled.protocols = [TLSv1.2, TLSv1.3]
	ssl.endpoint.identification.algorithm = https
	ssl.engine.factory.class = null
	ssl.key.password = null
	ssl.keymanager.algorithm = SunX509
	ssl.keystore.certificate.chain = null
	ssl.keystore.key = null
	ssl.keystore.location = null
	ssl.keystore.password = null
	ssl.keystore.type = JKS
	ssl.protocol = TLSv1.3
	ssl.provider = null
	ssl.secure.random.implementation = null
	ssl.trustmanager.algorithm = PKIX
	ssl.truststore.certificates = null
	ssl.truststore.location = null
	ssl.truststore.password = null
	ssl.truststore.type = JKS
	transaction.timeout.ms = 60000
	transactional.id = null
	value.serializer = class io.apicurio.registry.serde.avro.AvroKafkaSerializer

2025-07-31 18:15:49,250 INFO  [org.apa.kaf.com.tel.int.KafkaMetricsCollector] (main) initializing Kafka metrics collector
2025-07-31 18:15:49,254 INFO  [org.apa.kaf.cli.pro.KafkaProducer] (main) [Producer clientId=Producer-topic-2077d06c_1a10_4242_bcf9_6d60a315705d] Instantiated an idempotent producer.
2025-07-31 18:15:49,257 INFO  [org.apa.kaf.cli.pro.ProducerConfig] (main) These configurations '[apicurio.registry.url, apicurio.registry.artifact-resolver-strategy]' were supplied but are not used yet.
2025-07-31 18:15:49,257 INFO  [org.apa.kaf.com.uti.AppInfoParser] (main) Kafka version: 3.9.1
2025-07-31 18:15:49,257 INFO  [org.apa.kaf.com.uti.AppInfoParser] (main) Kafka commitId: f745dfdcee2b9851
2025-07-31 18:15:49,257 INFO  [org.apa.kaf.com.uti.AppInfoParser] (main) Kafka startTimeMs: 1753985749257
2025-07-31 18:15:49,259 INFO  [io.api.tes.ser.api.KafkaSerdesTester] (Thread-679) Sending message {"key11753985744581": "value-0", "key21753985746295": "value-0", "key31753985748174": "value-0"} to topic topic-2077d06c_1a10_4242_bcf9_6d60a315705d
2025-07-31 18:15:49,262 INFO  [org.apa.kaf.cli.Metadata] (kafka-producer-network-thread | Producer-topic-2077d06c_1a10_4242_bcf9_6d60a315705d) [Producer clientId=Producer-topic-2077d06c_1a10_4242_bcf9_6d60a315705d] Cluster ID: l9YG0eo6TEyFi47Ppqwpmg
2025-07-31 18:15:49,262 INFO  [DefaultSchemaResolver] (Thread-679) Retrieving schema content using string: {"type":"record","name":"sc0fafa81x897bx47adxaff7xa1fbc480d62c","namespace":"ns_5e5b07e8_cda3_4800_aa08_d216905067c4","fields":[{"name":"key11753985744581","type":"string"},{"name":"key21753985746295","type":"string"},{"name":"key31753985748174","type":"string"}]}
2025-07-31 18:15:49,263 INFO  [org.apa.kaf.cli.pro.int.TransactionManager] (kafka-producer-network-thread | Producer-topic-2077d06c_1a10_4242_bcf9_6d60a315705d) [Producer clientId=Producer-topic-2077d06c_1a10_4242_bcf9_6d60a315705d] ProducerId set to 15 with epoch 0
2025-07-31 18:15:49,308 INFO  [io.api.tes.ser.api.KafkaSerdesTester] (Thread-679) Sending message {"key11753985744581": "value-1", "key21753985746295": "value-1", "key31753985748174": "value-1"} to topic topic-2077d06c_1a10_4242_bcf9_6d60a315705d
2025-07-31 18:15:49,310 INFO  [io.api.tes.ser.api.KafkaSerdesTester] (Thread-679) Sending message {"key11753985744581": "value-2", "key21753985746295": "value-2", "key31753985748174": "value-2"} to topic topic-2077d06c_1a10_4242_bcf9_6d60a315705d
2025-07-31 18:15:49,312 INFO  [io.api.tes.ser.api.KafkaSerdesTester] (Thread-679) Sending message {"key11753985744581": "value-3", "key21753985746295": "value-3", "key31753985748174": "value-3"} to topic topic-2077d06c_1a10_4242_bcf9_6d60a315705d
2025-07-31 18:15:49,314 INFO  [io.api.tes.ser.api.KafkaSerdesTester] (Thread-679) Sending message {"key11753985744581": "value-4", "key21753985746295": "value-4", "key31753985748174": "value-4"} to topic topic-2077d06c_1a10_4242_bcf9_6d60a315705d
2025-07-31 18:15:49,315 INFO  [io.api.tes.ser.api.KafkaSerdesTester] (Thread-679) Sending message {"key11753985744581": "value-5", "key21753985746295": "value-5", "key31753985748174": "value-5"} to topic topic-2077d06c_1a10_4242_bcf9_6d60a315705d
2025-07-31 18:15:49,317 INFO  [io.api.tes.ser.api.KafkaSerdesTester] (Thread-679) Sending message {"key11753985744581": "value-6", "key21753985746295": "value-6", "key31753985748174": "value-6"} to topic topic-2077d06c_1a10_4242_bcf9_6d60a315705d
2025-07-31 18:15:49,322 INFO  [io.api.tes.ser.api.KafkaSerdesTester] (Thread-679) Sending message {"key11753985744581": "value-7", "key21753985746295": "value-7", "key31753985748174": "value-7"} to topic topic-2077d06c_1a10_4242_bcf9_6d60a315705d
2025-07-31 18:15:49,326 INFO  [io.api.tes.ser.api.KafkaSerdesTester] (Thread-679) Sending message {"key11753985744581": "value-8", "key21753985746295": "value-8", "key31753985748174": "value-8"} to topic topic-2077d06c_1a10_4242_bcf9_6d60a315705d
2025-07-31 18:15:49,330 INFO  [io.api.tes.ser.api.KafkaSerdesTester] (Thread-679) Sending message {"key11753985744581": "value-9", "key21753985746295": "value-9", "key31753985748174": "value-9"} to topic topic-2077d06c_1a10_4242_bcf9_6d60a315705d
2025-07-31 18:15:49,332 INFO  [io.api.tes.ser.api.KafkaSerdesTester] (Thread-679) Produced 10 messages
2025-07-31 18:15:49,333 INFO  [org.apa.kaf.cli.pro.KafkaProducer] (Thread-679) [Producer clientId=Producer-topic-2077d06c_1a10_4242_bcf9_6d60a315705d] Closing the Kafka producer with timeoutMillis = 9223372036854775807 ms.
2025-07-31 18:15:49,339 INFO  [org.apa.kaf.com.met.Metrics] (Thread-679) Metrics scheduler closed
2025-07-31 18:15:49,340 INFO  [org.apa.kaf.com.met.Metrics] (Thread-679) Closing reporter org.apache.kafka.common.metrics.JmxReporter
2025-07-31 18:15:49,340 INFO  [org.apa.kaf.com.met.Metrics] (Thread-679) Closing reporter org.apache.kafka.common.telemetry.internals.ClientTelemetryReporter
2025-07-31 18:15:49,340 INFO  [org.apa.kaf.com.met.Metrics] (Thread-679) Metrics reporters closed
2025-07-31 18:15:49,340 INFO  [org.apa.kaf.com.uti.AppInfoParser] (Thread-679) App info kafka.producer for Producer-topic-2077d06c_1a10_4242_bcf9_6d60a315705d unregistered
**** Registry Base URL: http://registry-app-mysql.apps.ci419.apicurio-testing.org:80
2025-07-31 18:15:49,342 INFO  [org.apa.kaf.cli.pro.ProducerConfig] (main) ProducerConfig values: 
	acks = -1
	auto.include.jmx.reporter = true
	batch.size = 16384
	bootstrap.servers = [PLAINTEXT://localhost:32770]
	buffer.memory = 33554432
	client.dns.lookup = use_all_dns_ips
	client.id = Producer-topic-2077d06c_1a10_4242_bcf9_6d60a315705d
	compression.gzip.level = -1
	compression.lz4.level = 9
	compression.type = none
	compression.zstd.level = 3
	connections.max.idle.ms = 10000
	delivery.timeout.ms = 120000
	enable.idempotence = true
	enable.metrics.push = true
	interceptor.classes = []
	key.serializer = class org.apache.kafka.common.serialization.StringSerializer
	linger.ms = 0
	max.block.ms = 60000
	max.in.flight.requests.per.connection = 5
	max.request.size = 1048576
	metadata.max.age.ms = 300000
	metadata.max.idle.ms = 300000
	metadata.recovery.strategy = none
	metric.reporters = []
	metrics.num.samples = 2
	metrics.recording.level = INFO
	metrics.sample.window.ms = 30000
	partitioner.adaptive.partitioning.enable = true
	partitioner.availability.timeout.ms = 0
	partitioner.class = null
	partitioner.ignore.keys = false
	receive.buffer.bytes = 32768
	reconnect.backoff.max.ms = 1000
	reconnect.backoff.ms = 50
	request.timeout.ms = 5000
	retries = 2147483647
	retry.backoff.max.ms = 1000
	retry.backoff.ms = 100
	sasl.client.callback.handler.class = null
	sasl.jaas.config = null
	sasl.kerberos.kinit.cmd = /usr/bin/kinit
	sasl.kerberos.min.time.before.relogin = 60000
	sasl.kerberos.service.name = null
	sasl.kerberos.ticket.renew.jitter = 0.05
	sasl.kerberos.ticket.renew.window.factor = 0.8
	sasl.login.callback.handler.class = null
	sasl.login.class = null
	sasl.login.connect.timeout.ms = null
	sasl.login.read.timeout.ms = null
	sasl.login.refresh.buffer.seconds = 300
	sasl.login.refresh.min.period.seconds = 60
	sasl.login.refresh.window.factor = 0.8
	sasl.login.refresh.window.jitter = 0.05
	sasl.login.retry.backoff.max.ms = 10000
	sasl.login.retry.backoff.ms = 100
	sasl.mechanism = GSSAPI
	sasl.oauthbearer.clock.skew.seconds = 30
	sasl.oauthbearer.expected.audience = null
	sasl.oauthbearer.expected.issuer = null
	sasl.oauthbearer.header.urlencode = false
	sasl.oauthbearer.jwks.endpoint.refresh.ms = 3600000
	sasl.oauthbearer.jwks.endpoint.retry.backoff.max.ms = 10000
	sasl.oauthbearer.jwks.endpoint.retry.backoff.ms = 100
	sasl.oauthbearer.jwks.endpoint.url = null
	sasl.oauthbearer.scope.claim.name = scope
	sasl.oauthbearer.sub.claim.name = sub
	sasl.oauthbearer.token.endpoint.url = null
	security.protocol = PLAINTEXT
	security.providers = null
	send.buffer.bytes = 131072
	socket.connection.setup.timeout.max.ms = 30000
	socket.connection.setup.timeout.ms = 10000
	ssl.cipher.suites = null
	ssl.enabled.protocols = [TLSv1.2, TLSv1.3]
	ssl.endpoint.identification.algorithm = https
	ssl.engine.factory.class = null
	ssl.key.password = null
	ssl.keymanager.algorithm = SunX509
	ssl.keystore.certificate.chain = null
	ssl.keystore.key = null
	ssl.keystore.location = null
	ssl.keystore.password = null
	ssl.keystore.type = JKS
	ssl.protocol = TLSv1.3
	ssl.provider = null
	ssl.secure.random.implementation = null
	ssl.trustmanager.algorithm = PKIX
	ssl.truststore.certificates = null
	ssl.truststore.location = null
	ssl.truststore.password = null
	ssl.truststore.type = JKS
	transaction.timeout.ms = 60000
	transactional.id = null
	value.serializer = class io.apicurio.registry.serde.avro.AvroKafkaSerializer

2025-07-31 18:15:49,342 INFO  [org.apa.kaf.com.tel.int.KafkaMetricsCollector] (main) initializing Kafka metrics collector
2025-07-31 18:15:49,352 INFO  [org.apa.kaf.cli.pro.KafkaProducer] (main) [Producer clientId=Producer-topic-2077d06c_1a10_4242_bcf9_6d60a315705d] Instantiated an idempotent producer.
2025-07-31 18:15:49,354 INFO  [org.apa.kaf.cli.pro.ProducerConfig] (main) These configurations '[apicurio.registry.url, apicurio.registry.artifact-resolver-strategy]' were supplied but are not used yet.
2025-07-31 18:15:49,354 INFO  [org.apa.kaf.com.uti.AppInfoParser] (main) Kafka version: 3.9.1
2025-07-31 18:15:49,354 INFO  [org.apa.kaf.com.uti.AppInfoParser] (main) Kafka commitId: f745dfdcee2b9851
2025-07-31 18:15:49,354 INFO  [org.apa.kaf.com.uti.AppInfoParser] (main) Kafka startTimeMs: 1753985749354
2025-07-31 18:15:49,356 INFO  [io.api.tes.ser.api.KafkaSerdesTester] (Thread-682) Sending message {"key11753985744581": "value-0", "key21753985746295": "value-0"} to topic topic-2077d06c_1a10_4242_bcf9_6d60a315705d
2025-07-31 18:15:49,361 INFO  [org.apa.kaf.cli.Metadata] (kafka-producer-network-thread | Producer-topic-2077d06c_1a10_4242_bcf9_6d60a315705d) [Producer clientId=Producer-topic-2077d06c_1a10_4242_bcf9_6d60a315705d] Cluster ID: l9YG0eo6TEyFi47Ppqwpmg
2025-07-31 18:15:49,361 INFO  [org.apa.kaf.cli.pro.int.TransactionManager] (kafka-producer-network-thread | Producer-topic-2077d06c_1a10_4242_bcf9_6d60a315705d) [Producer clientId=Producer-topic-2077d06c_1a10_4242_bcf9_6d60a315705d] ProducerId set to 16 with epoch 0
2025-07-31 18:15:49,361 INFO  [DefaultSchemaResolver] (Thread-682) Retrieving schema content using string: {"type":"record","name":"sc0fafa81x897bx47adxaff7xa1fbc480d62c","namespace":"ns_5e5b07e8_cda3_4800_aa08_d216905067c4","fields":[{"name":"key11753985744581","type":"string"},{"name":"key21753985746295","type":"string"}]}
2025-07-31 18:15:49,404 INFO  [io.api.tes.ser.api.KafkaSerdesTester] (Thread-682) Sending message {"key11753985744581": "value-1", "key21753985746295": "value-1"} to topic topic-2077d06c_1a10_4242_bcf9_6d60a315705d
2025-07-31 18:15:49,407 INFO  [io.api.tes.ser.api.KafkaSerdesTester] (Thread-682) Sending message {"key11753985744581": "value-2", "key21753985746295": "value-2"} to topic topic-2077d06c_1a10_4242_bcf9_6d60a315705d
2025-07-31 18:15:49,409 INFO  [io.api.tes.ser.api.KafkaSerdesTester] (Thread-682) Sending message {"key11753985744581": "value-3", "key21753985746295": "value-3"} to topic topic-2077d06c_1a10_4242_bcf9_6d60a315705d
2025-07-31 18:15:49,410 INFO  [io.api.tes.ser.api.KafkaSerdesTester] (Thread-682) Sending message {"key11753985744581": "value-4", "key21753985746295": "value-4"} to topic topic-2077d06c_1a10_4242_bcf9_6d60a315705d
2025-07-31 18:15:49,412 INFO  [io.api.tes.ser.api.KafkaSerdesTester] (Thread-682) Sending message {"key11753985744581": "value-5", "key21753985746295": "value-5"} to topic topic-2077d06c_1a10_4242_bcf9_6d60a315705d
2025-07-31 18:15:49,415 INFO  [io.api.tes.ser.api.KafkaSerdesTester] (Thread-682) Sending message {"key11753985744581": "value-6", "key21753985746295": "value-6"} to topic topic-2077d06c_1a10_4242_bcf9_6d60a315705d
2025-07-31 18:15:49,417 INFO  [io.api.tes.ser.api.KafkaSerdesTester] (Thread-682) Sending message {"key11753985744581": "value-7", "key21753985746295": "value-7"} to topic topic-2077d06c_1a10_4242_bcf9_6d60a315705d
2025-07-31 18:15:49,418 INFO  [io.api.tes.ser.api.KafkaSerdesTester] (Thread-682) Sending message {"key11753985744581": "value-8", "key21753985746295": "value-8"} to topic topic-2077d06c_1a10_4242_bcf9_6d60a315705d
2025-07-31 18:15:49,420 INFO  [io.api.tes.ser.api.KafkaSerdesTester] (Thread-682) Sending message {"key11753985744581": "value-9", "key21753985746295": "value-9"} to topic topic-2077d06c_1a10_4242_bcf9_6d60a315705d
2025-07-31 18:15:49,421 INFO  [io.api.tes.ser.api.KafkaSerdesTester] (Thread-682) Produced 10 messages
2025-07-31 18:15:49,421 INFO  [org.apa.kaf.cli.pro.KafkaProducer] (Thread-682) [Producer clientId=Producer-topic-2077d06c_1a10_4242_bcf9_6d60a315705d] Closing the Kafka producer with timeoutMillis = 9223372036854775807 ms.
2025-07-31 18:15:49,424 INFO  [org.apa.kaf.com.met.Metrics] (Thread-682) Metrics scheduler closed
2025-07-31 18:15:49,424 INFO  [org.apa.kaf.com.met.Metrics] (Thread-682) Closing reporter org.apache.kafka.common.metrics.JmxReporter
2025-07-31 18:15:49,424 INFO  [org.apa.kaf.com.met.Metrics] (Thread-682) Closing reporter org.apache.kafka.common.telemetry.internals.ClientTelemetryReporter
2025-07-31 18:15:49,424 INFO  [org.apa.kaf.com.met.Metrics] (Thread-682) Metrics reporters closed
2025-07-31 18:15:49,425 INFO  [org.apa.kaf.com.uti.AppInfoParser] (Thread-682) App info kafka.producer for Producer-topic-2077d06c_1a10_4242_bcf9_6d60a315705d unregistered
**** Registry Base URL: http://registry-app-mysql.apps.ci419.apicurio-testing.org:80
2025-07-31 18:15:49,426 INFO  [org.apa.kaf.cli.pro.ProducerConfig] (main) ProducerConfig values: 
	acks = -1
	auto.include.jmx.reporter = true
	batch.size = 16384
	bootstrap.servers = [PLAINTEXT://localhost:32770]
	buffer.memory = 33554432
	client.dns.lookup = use_all_dns_ips
	client.id = Producer-topic-2077d06c_1a10_4242_bcf9_6d60a315705d
	compression.gzip.level = -1
	compression.lz4.level = 9
	compression.type = none
	compression.zstd.level = 3
	connections.max.idle.ms = 10000
	delivery.timeout.ms = 120000
	enable.idempotence = true
	enable.metrics.push = true
	interceptor.classes = []
	key.serializer = class org.apache.kafka.common.serialization.StringSerializer
	linger.ms = 0
	max.block.ms = 60000
	max.in.flight.requests.per.connection = 5
	max.request.size = 1048576
	metadata.max.age.ms = 300000
	metadata.max.idle.ms = 300000
	metadata.recovery.strategy = none
	metric.reporters = []
	metrics.num.samples = 2
	metrics.recording.level = INFO
	metrics.sample.window.ms = 30000
	partitioner.adaptive.partitioning.enable = true
	partitioner.availability.timeout.ms = 0
	partitioner.class = null
	partitioner.ignore.keys = false
	receive.buffer.bytes = 32768
	reconnect.backoff.max.ms = 1000
	reconnect.backoff.ms = 50
	request.timeout.ms = 5000
	retries = 2147483647
	retry.backoff.max.ms = 1000
	retry.backoff.ms = 100
	sasl.client.callback.handler.class = null
	sasl.jaas.config = null
	sasl.kerberos.kinit.cmd = /usr/bin/kinit
	sasl.kerberos.min.time.before.relogin = 60000
	sasl.kerberos.service.name = null
	sasl.kerberos.ticket.renew.jitter = 0.05
	sasl.kerberos.ticket.renew.window.factor = 0.8
	sasl.login.callback.handler.class = null
	sasl.login.class = null
	sasl.login.connect.timeout.ms = null
	sasl.login.read.timeout.ms = null
	sasl.login.refresh.buffer.seconds = 300
	sasl.login.refresh.min.period.seconds = 60
	sasl.login.refresh.window.factor = 0.8
	sasl.login.refresh.window.jitter = 0.05
	sasl.login.retry.backoff.max.ms = 10000
	sasl.login.retry.backoff.ms = 100
	sasl.mechanism = GSSAPI
	sasl.oauthbearer.clock.skew.seconds = 30
	sasl.oauthbearer.expected.audience = null
	sasl.oauthbearer.expected.issuer = null
	sasl.oauthbearer.header.urlencode = false
	sasl.oauthbearer.jwks.endpoint.refresh.ms = 3600000
	sasl.oauthbearer.jwks.endpoint.retry.backoff.max.ms = 10000
	sasl.oauthbearer.jwks.endpoint.retry.backoff.ms = 100
	sasl.oauthbearer.jwks.endpoint.url = null
	sasl.oauthbearer.scope.claim.name = scope
	sasl.oauthbearer.sub.claim.name = sub
	sasl.oauthbearer.token.endpoint.url = null
	security.protocol = PLAINTEXT
	security.providers = null
	send.buffer.bytes = 131072
	socket.connection.setup.timeout.max.ms = 30000
	socket.connection.setup.timeout.ms = 10000
	ssl.cipher.suites = null
	ssl.enabled.protocols = [TLSv1.2, TLSv1.3]
	ssl.endpoint.identification.algorithm = https
	ssl.engine.factory.class = null
	ssl.key.password = null
	ssl.keymanager.algorithm = SunX509
	ssl.keystore.certificate.chain = null
	ssl.keystore.key = null
	ssl.keystore.location = null
	ssl.keystore.password = null
	ssl.keystore.type = JKS
	ssl.protocol = TLSv1.3
	ssl.provider = null
	ssl.secure.random.implementation = null
	ssl.trustmanager.algorithm = PKIX
	ssl.truststore.certificates = null
	ssl.truststore.location = null
	ssl.truststore.password = null
	ssl.truststore.type = JKS
	transaction.timeout.ms = 60000
	transactional.id = null
	value.serializer = class io.apicurio.registry.serde.avro.AvroKafkaSerializer

2025-07-31 18:15:49,426 INFO  [org.apa.kaf.com.tel.int.KafkaMetricsCollector] (main) initializing Kafka metrics collector
2025-07-31 18:15:49,434 INFO  [org.apa.kaf.cli.pro.KafkaProducer] (main) [Producer clientId=Producer-topic-2077d06c_1a10_4242_bcf9_6d60a315705d] Instantiated an idempotent producer.
2025-07-31 18:15:49,437 INFO  [org.apa.kaf.cli.pro.ProducerConfig] (main) These configurations '[apicurio.registry.url, apicurio.registry.artifact-resolver-strategy]' were supplied but are not used yet.
2025-07-31 18:15:49,437 INFO  [org.apa.kaf.com.uti.AppInfoParser] (main) Kafka version: 3.9.1
2025-07-31 18:15:49,437 INFO  [org.apa.kaf.com.uti.AppInfoParser] (main) Kafka commitId: f745dfdcee2b9851
2025-07-31 18:15:49,437 INFO  [org.apa.kaf.com.uti.AppInfoParser] (main) Kafka startTimeMs: 1753985749437
2025-07-31 18:15:49,440 INFO  [io.api.tes.ser.api.KafkaSerdesTester] (Thread-685) Sending message {"key11753985744581": "value-0"} to topic topic-2077d06c_1a10_4242_bcf9_6d60a315705d
2025-07-31 18:15:49,444 INFO  [org.apa.kaf.cli.Metadata] (kafka-producer-network-thread | Producer-topic-2077d06c_1a10_4242_bcf9_6d60a315705d) [Producer clientId=Producer-topic-2077d06c_1a10_4242_bcf9_6d60a315705d] Cluster ID: l9YG0eo6TEyFi47Ppqwpmg
2025-07-31 18:15:49,444 INFO  [DefaultSchemaResolver] (Thread-685) Retrieving schema content using string: {"type":"record","name":"sc0fafa81x897bx47adxaff7xa1fbc480d62c","namespace":"ns_5e5b07e8_cda3_4800_aa08_d216905067c4","fields":[{"name":"key11753985744581","type":"string"}]}
2025-07-31 18:15:49,446 INFO  [org.apa.kaf.cli.pro.int.TransactionManager] (kafka-producer-network-thread | Producer-topic-2077d06c_1a10_4242_bcf9_6d60a315705d) [Producer clientId=Producer-topic-2077d06c_1a10_4242_bcf9_6d60a315705d] ProducerId set to 17 with epoch 0
2025-07-31 18:15:49,478 INFO  [io.api.tes.ser.api.KafkaSerdesTester] (Thread-685) Sending message {"key11753985744581": "value-1"} to topic topic-2077d06c_1a10_4242_bcf9_6d60a315705d
2025-07-31 18:15:49,483 INFO  [io.api.tes.ser.api.KafkaSerdesTester] (Thread-685) Sending message {"key11753985744581": "value-2"} to topic topic-2077d06c_1a10_4242_bcf9_6d60a315705d
2025-07-31 18:15:49,485 INFO  [io.api.tes.ser.api.KafkaSerdesTester] (Thread-685) Sending message {"key11753985744581": "value-3"} to topic topic-2077d06c_1a10_4242_bcf9_6d60a315705d
2025-07-31 18:15:49,488 INFO  [io.api.tes.ser.api.KafkaSerdesTester] (Thread-685) Sending message {"key11753985744581": "value-4"} to topic topic-2077d06c_1a10_4242_bcf9_6d60a315705d
2025-07-31 18:15:49,490 INFO  [io.api.tes.ser.api.KafkaSerdesTester] (Thread-685) Sending message {"key11753985744581": "value-5"} to topic topic-2077d06c_1a10_4242_bcf9_6d60a315705d
2025-07-31 18:15:49,492 INFO  [io.api.tes.ser.api.KafkaSerdesTester] (Thread-685) Sending message {"key11753985744581": "value-6"} to topic topic-2077d06c_1a10_4242_bcf9_6d60a315705d
2025-07-31 18:15:49,494 INFO  [io.api.tes.ser.api.KafkaSerdesTester] (Thread-685) Sending message {"key11753985744581": "value-7"} to topic topic-2077d06c_1a10_4242_bcf9_6d60a315705d
2025-07-31 18:15:49,495 INFO  [io.api.tes.ser.api.KafkaSerdesTester] (Thread-685) Sending message {"key11753985744581": "value-8"} to topic topic-2077d06c_1a10_4242_bcf9_6d60a315705d
2025-07-31 18:15:49,497 INFO  [io.api.tes.ser.api.KafkaSerdesTester] (Thread-685) Sending message {"key11753985744581": "value-9"} to topic topic-2077d06c_1a10_4242_bcf9_6d60a315705d
2025-07-31 18:15:49,498 INFO  [io.api.tes.ser.api.KafkaSerdesTester] (Thread-685) Produced 10 messages
2025-07-31 18:15:49,498 INFO  [org.apa.kaf.cli.pro.KafkaProducer] (Thread-685) [Producer clientId=Producer-topic-2077d06c_1a10_4242_bcf9_6d60a315705d] Closing the Kafka producer with timeoutMillis = 9223372036854775807 ms.
2025-07-31 18:15:49,500 INFO  [org.apa.kaf.com.met.Metrics] (Thread-685) Metrics scheduler closed
2025-07-31 18:15:49,500 INFO  [org.apa.kaf.com.met.Metrics] (Thread-685) Closing reporter org.apache.kafka.common.metrics.JmxReporter
2025-07-31 18:15:49,500 INFO  [org.apa.kaf.com.met.Metrics] (Thread-685) Closing reporter org.apache.kafka.common.telemetry.internals.ClientTelemetryReporter
2025-07-31 18:15:49,500 INFO  [org.apa.kaf.com.met.Metrics] (Thread-685) Metrics reporters closed
2025-07-31 18:15:49,501 INFO  [org.apa.kaf.com.uti.AppInfoParser] (Thread-685) App info kafka.producer for Producer-topic-2077d06c_1a10_4242_bcf9_6d60a315705d unregistered
**** Registry Base URL: http://registry-app-mysql.apps.ci419.apicurio-testing.org:80
2025-07-31 18:15:49,501 INFO  [org.apa.kaf.cli.con.ConsumerConfig] (main) ConsumerConfig values: 
	allow.auto.create.topics = true
	auto.commit.interval.ms = 500
	auto.include.jmx.reporter = true
	auto.offset.reset = earliest
	bootstrap.servers = [PLAINTEXT://localhost:32770]
	check.crcs = true
	client.dns.lookup = use_all_dns_ips
	client.id = consumer-Consumer-topic-2077d06c_1a10_4242_bcf9_6d60a315705d-12
	client.rack = 
	connections.max.idle.ms = 10000
	default.api.timeout.ms = 60000
	enable.auto.commit = true
	enable.metrics.push = true
	exclude.internal.topics = true
	fetch.max.bytes = 52428800
	fetch.max.wait.ms = 500
	fetch.min.bytes = 1
	group.id = Consumer-topic-2077d06c_1a10_4242_bcf9_6d60a315705d
	group.instance.id = null
	group.protocol = classic
	group.remote.assignor = null
	heartbeat.interval.ms = 3000
	interceptor.classes = []
	internal.leave.group.on.close = true
	internal.throw.on.fetch.stable.offset.unsupported = false
	isolation.level = read_uncommitted
	key.deserializer = class org.apache.kafka.common.serialization.StringDeserializer
	max.partition.fetch.bytes = 1048576
	max.poll.interval.ms = 300000
	max.poll.records = 500
	metadata.max.age.ms = 300000
	metadata.recovery.strategy = none
	metric.reporters = []
	metrics.num.samples = 2
	metrics.recording.level = INFO
	metrics.sample.window.ms = 30000
	partition.assignment.strategy = [class org.apache.kafka.clients.consumer.RangeAssignor, class org.apache.kafka.clients.consumer.CooperativeStickyAssignor]
	receive.buffer.bytes = 65536
	reconnect.backoff.max.ms = 1000
	reconnect.backoff.ms = 50
	request.timeout.ms = 5000
	retry.backoff.max.ms = 1000
	retry.backoff.ms = 100
	sasl.client.callback.handler.class = null
	sasl.jaas.config = null
	sasl.kerberos.kinit.cmd = /usr/bin/kinit
	sasl.kerberos.min.time.before.relogin = 60000
	sasl.kerberos.service.name = null
	sasl.kerberos.ticket.renew.jitter = 0.05
	sasl.kerberos.ticket.renew.window.factor = 0.8
	sasl.login.callback.handler.class = null
	sasl.login.class = null
	sasl.login.connect.timeout.ms = null
	sasl.login.read.timeout.ms = null
	sasl.login.refresh.buffer.seconds = 300
	sasl.login.refresh.min.period.seconds = 60
	sasl.login.refresh.window.factor = 0.8
	sasl.login.refresh.window.jitter = 0.05
	sasl.login.retry.backoff.max.ms = 10000
	sasl.login.retry.backoff.ms = 100
	sasl.mechanism = GSSAPI
	sasl.oauthbearer.clock.skew.seconds = 30
	sasl.oauthbearer.expected.audience = null
	sasl.oauthbearer.expected.issuer = null
	sasl.oauthbearer.header.urlencode = false
	sasl.oauthbearer.jwks.endpoint.refresh.ms = 3600000
	sasl.oauthbearer.jwks.endpoint.retry.backoff.max.ms = 10000
	sasl.oauthbearer.jwks.endpoint.retry.backoff.ms = 100
	sasl.oauthbearer.jwks.endpoint.url = null
	sasl.oauthbearer.scope.claim.name = scope
	sasl.oauthbearer.sub.claim.name = sub
	sasl.oauthbearer.token.endpoint.url = null
	security.protocol = PLAINTEXT
	security.providers = null
	send.buffer.bytes = 131072
	session.timeout.ms = 45000
	socket.connection.setup.timeout.max.ms = 30000
	socket.connection.setup.timeout.ms = 10000
	ssl.cipher.suites = null
	ssl.enabled.protocols = [TLSv1.2, TLSv1.3]
	ssl.endpoint.identification.algorithm = https
	ssl.engine.factory.class = null
	ssl.key.password = null
	ssl.keymanager.algorithm = SunX509
	ssl.keystore.certificate.chain = null
	ssl.keystore.key = null
	ssl.keystore.location = null
	ssl.keystore.password = null
	ssl.keystore.type = JKS
	ssl.protocol = TLSv1.3
	ssl.provider = null
	ssl.secure.random.implementation = null
	ssl.trustmanager.algorithm = PKIX
	ssl.truststore.certificates = null
	ssl.truststore.location = null
	ssl.truststore.password = null
	ssl.truststore.type = JKS
	value.deserializer = class io.apicurio.registry.serde.avro.AvroKafkaDeserializer

2025-07-31 18:15:49,502 INFO  [org.apa.kaf.com.tel.int.KafkaMetricsCollector] (main) initializing Kafka metrics collector
2025-07-31 18:15:49,508 INFO  [org.apa.kaf.cli.con.ConsumerConfig] (main) These configurations '[apicurio.registry.url]' were supplied but are not used yet.
2025-07-31 18:15:49,508 INFO  [org.apa.kaf.com.uti.AppInfoParser] (main) Kafka version: 3.9.1
2025-07-31 18:15:49,508 INFO  [org.apa.kaf.com.uti.AppInfoParser] (main) Kafka commitId: f745dfdcee2b9851
2025-07-31 18:15:49,508 INFO  [org.apa.kaf.com.uti.AppInfoParser] (main) Kafka startTimeMs: 1753985749508
2025-07-31 18:15:49,508 INFO  [org.apa.kaf.cli.con.int.ClassicKafkaConsumer] (Thread-688) [Consumer clientId=consumer-Consumer-topic-2077d06c_1a10_4242_bcf9_6d60a315705d-12, groupId=Consumer-topic-2077d06c_1a10_4242_bcf9_6d60a315705d] Subscribed to topic(s): topic-2077d06c_1a10_4242_bcf9_6d60a315705d
2025-07-31 18:15:49,512 INFO  [org.apa.kaf.cli.Metadata] (Thread-688) [Consumer clientId=consumer-Consumer-topic-2077d06c_1a10_4242_bcf9_6d60a315705d-12, groupId=Consumer-topic-2077d06c_1a10_4242_bcf9_6d60a315705d] Cluster ID: l9YG0eo6TEyFi47Ppqwpmg
2025-07-31 18:15:49,512 INFO  [org.apa.kaf.cli.con.int.ConsumerCoordinator] (Thread-688) [Consumer clientId=consumer-Consumer-topic-2077d06c_1a10_4242_bcf9_6d60a315705d-12, groupId=Consumer-topic-2077d06c_1a10_4242_bcf9_6d60a315705d] Discovered group coordinator localhost:32770 (id: 2147483647 rack: null)
2025-07-31 18:15:49,514 INFO  [org.apa.kaf.cli.con.int.ConsumerCoordinator] (Thread-688) [Consumer clientId=consumer-Consumer-topic-2077d06c_1a10_4242_bcf9_6d60a315705d-12, groupId=Consumer-topic-2077d06c_1a10_4242_bcf9_6d60a315705d] (Re-)joining group
2025-07-31 18:15:49,516 INFO  [org.apa.kaf.cli.con.int.ConsumerCoordinator] (Thread-688) [Consumer clientId=consumer-Consumer-topic-2077d06c_1a10_4242_bcf9_6d60a315705d-12, groupId=Consumer-topic-2077d06c_1a10_4242_bcf9_6d60a315705d] Request joining group due to: need to re-join with the given member-id: consumer-Consumer-topic-2077d06c_1a10_4242_bcf9_6d60a315705d-12-884332ca-4c86-4c33-ac0a-89d75502399a
2025-07-31 18:15:49,516 INFO  [org.apa.kaf.cli.con.int.ConsumerCoordinator] (Thread-688) [Consumer clientId=consumer-Consumer-topic-2077d06c_1a10_4242_bcf9_6d60a315705d-12, groupId=Consumer-topic-2077d06c_1a10_4242_bcf9_6d60a315705d] (Re-)joining group
2025-07-31 18:15:49,518 INFO  [org.apa.kaf.cli.con.int.ConsumerCoordinator] (Thread-688) [Consumer clientId=consumer-Consumer-topic-2077d06c_1a10_4242_bcf9_6d60a315705d-12, groupId=Consumer-topic-2077d06c_1a10_4242_bcf9_6d60a315705d] Successfully joined group with generation Generation{generationId=5, memberId='consumer-Consumer-topic-2077d06c_1a10_4242_bcf9_6d60a315705d-12-884332ca-4c86-4c33-ac0a-89d75502399a', protocol='range'}
2025-07-31 18:15:49,518 INFO  [org.apa.kaf.cli.con.int.ConsumerCoordinator] (Thread-688) [Consumer clientId=consumer-Consumer-topic-2077d06c_1a10_4242_bcf9_6d60a315705d-12, groupId=Consumer-topic-2077d06c_1a10_4242_bcf9_6d60a315705d] Finished assignment for group at generation 5: {consumer-Consumer-topic-2077d06c_1a10_4242_bcf9_6d60a315705d-12-884332ca-4c86-4c33-ac0a-89d75502399a=Assignment(partitions=[topic-2077d06c_1a10_4242_bcf9_6d60a315705d-0])}
2025-07-31 18:15:49,520 INFO  [org.apa.kaf.cli.con.int.ConsumerCoordinator] (Thread-688) [Consumer clientId=consumer-Consumer-topic-2077d06c_1a10_4242_bcf9_6d60a315705d-12, groupId=Consumer-topic-2077d06c_1a10_4242_bcf9_6d60a315705d] Successfully synced group in generation Generation{generationId=5, memberId='consumer-Consumer-topic-2077d06c_1a10_4242_bcf9_6d60a315705d-12-884332ca-4c86-4c33-ac0a-89d75502399a', protocol='range'}
2025-07-31 18:15:49,520 INFO  [org.apa.kaf.cli.con.int.ConsumerCoordinator] (Thread-688) [Consumer clientId=consumer-Consumer-topic-2077d06c_1a10_4242_bcf9_6d60a315705d-12, groupId=Consumer-topic-2077d06c_1a10_4242_bcf9_6d60a315705d] Notifying assignor about the new Assignment(partitions=[topic-2077d06c_1a10_4242_bcf9_6d60a315705d-0])
2025-07-31 18:15:49,520 INFO  [org.apa.kaf.cli.con.int.ConsumerRebalanceListenerInvoker] (Thread-688) [Consumer clientId=consumer-Consumer-topic-2077d06c_1a10_4242_bcf9_6d60a315705d-12, groupId=Consumer-topic-2077d06c_1a10_4242_bcf9_6d60a315705d] Adding newly assigned partitions: topic-2077d06c_1a10_4242_bcf9_6d60a315705d-0
2025-07-31 18:15:49,521 INFO  [org.apa.kaf.cli.con.int.ConsumerUtils] (Thread-688) Setting offset for partition topic-2077d06c_1a10_4242_bcf9_6d60a315705d-0 to the committed offset FetchPosition{offset=30, offsetEpoch=Optional[0], currentLeader=LeaderAndEpoch{leader=Optional[localhost:32770 (id: 0 rack: null)], epoch=0}}
2025-07-31 18:15:49,626 INFO  [io.api.tes.ser.api.KafkaSerdesTester] (Thread-688) topic-2077d06c_1a10_4242_bcf9_6d60a315705d 0 30 {"key11753985744581": "value-0", "key21753985746295": "value-0", "key31753985748174": "value-0"}
2025-07-31 18:15:49,626 INFO  [io.api.tes.ser.api.KafkaSerdesTester] (Thread-688) topic-2077d06c_1a10_4242_bcf9_6d60a315705d 0 31 {"key11753985744581": "value-1", "key21753985746295": "value-1", "key31753985748174": "value-1"}
2025-07-31 18:15:49,626 INFO  [io.api.tes.ser.api.KafkaSerdesTester] (Thread-688) topic-2077d06c_1a10_4242_bcf9_6d60a315705d 0 32 {"key11753985744581": "value-2", "key21753985746295": "value-2", "key31753985748174": "value-2"}
2025-07-31 18:15:49,626 INFO  [io.api.tes.ser.api.KafkaSerdesTester] (Thread-688) topic-2077d06c_1a10_4242_bcf9_6d60a315705d 0 33 {"key11753985744581": "value-3", "key21753985746295": "value-3", "key31753985748174": "value-3"}
2025-07-31 18:15:49,626 INFO  [io.api.tes.ser.api.KafkaSerdesTester] (Thread-688) topic-2077d06c_1a10_4242_bcf9_6d60a315705d 0 34 {"key11753985744581": "value-4", "key21753985746295": "value-4", "key31753985748174": "value-4"}
2025-07-31 18:15:49,626 INFO  [io.api.tes.ser.api.KafkaSerdesTester] (Thread-688) topic-2077d06c_1a10_4242_bcf9_6d60a315705d 0 35 {"key11753985744581": "value-5", "key21753985746295": "value-5", "key31753985748174": "value-5"}
2025-07-31 18:15:49,626 INFO  [io.api.tes.ser.api.KafkaSerdesTester] (Thread-688) topic-2077d06c_1a10_4242_bcf9_6d60a315705d 0 36 {"key11753985744581": "value-6", "key21753985746295": "value-6", "key31753985748174": "value-6"}
2025-07-31 18:15:49,626 INFO  [io.api.tes.ser.api.KafkaSerdesTester] (Thread-688) topic-2077d06c_1a10_4242_bcf9_6d60a315705d 0 37 {"key11753985744581": "value-7", "key21753985746295": "value-7", "key31753985748174": "value-7"}
2025-07-31 18:15:49,626 INFO  [io.api.tes.ser.api.KafkaSerdesTester] (Thread-688) topic-2077d06c_1a10_4242_bcf9_6d60a315705d 0 38 {"key11753985744581": "value-8", "key21753985746295": "value-8", "key31753985748174": "value-8"}
2025-07-31 18:15:49,626 INFO  [io.api.tes.ser.api.KafkaSerdesTester] (Thread-688) topic-2077d06c_1a10_4242_bcf9_6d60a315705d 0 39 {"key11753985744581": "value-9", "key21753985746295": "value-9", "key31753985748174": "value-9"}
2025-07-31 18:15:49,626 INFO  [io.api.tes.ser.api.KafkaSerdesTester] (Thread-688) topic-2077d06c_1a10_4242_bcf9_6d60a315705d 0 40 {"key11753985744581": "value-0", "key21753985746295": "value-0"}
2025-07-31 18:15:49,626 INFO  [io.api.tes.ser.api.KafkaSerdesTester] (Thread-688) topic-2077d06c_1a10_4242_bcf9_6d60a315705d 0 41 {"key11753985744581": "value-1", "key21753985746295": "value-1"}
2025-07-31 18:15:49,627 INFO  [io.api.tes.ser.api.KafkaSerdesTester] (Thread-688) topic-2077d06c_1a10_4242_bcf9_6d60a315705d 0 42 {"key11753985744581": "value-2", "key21753985746295": "value-2"}
2025-07-31 18:15:49,627 INFO  [io.api.tes.ser.api.KafkaSerdesTester] (Thread-688) topic-2077d06c_1a10_4242_bcf9_6d60a315705d 0 43 {"key11753985744581": "value-3", "key21753985746295": "value-3"}
2025-07-31 18:15:49,627 INFO  [io.api.tes.ser.api.KafkaSerdesTester] (Thread-688) topic-2077d06c_1a10_4242_bcf9_6d60a315705d 0 44 {"key11753985744581": "value-4", "key21753985746295": "value-4"}
2025-07-31 18:15:49,627 INFO  [io.api.tes.ser.api.KafkaSerdesTester] (Thread-688) topic-2077d06c_1a10_4242_bcf9_6d60a315705d 0 45 {"key11753985744581": "value-5", "key21753985746295": "value-5"}
2025-07-31 18:15:49,627 INFO  [io.api.tes.ser.api.KafkaSerdesTester] (Thread-688) topic-2077d06c_1a10_4242_bcf9_6d60a315705d 0 46 {"key11753985744581": "value-6", "key21753985746295": "value-6"}
2025-07-31 18:15:49,627 INFO  [io.api.tes.ser.api.KafkaSerdesTester] (Thread-688) topic-2077d06c_1a10_4242_bcf9_6d60a315705d 0 47 {"key11753985744581": "value-7", "key21753985746295": "value-7"}
2025-07-31 18:15:49,627 INFO  [io.api.tes.ser.api.KafkaSerdesTester] (Thread-688) topic-2077d06c_1a10_4242_bcf9_6d60a315705d 0 48 {"key11753985744581": "value-8", "key21753985746295": "value-8"}
2025-07-31 18:15:49,627 INFO  [io.api.tes.ser.api.KafkaSerdesTester] (Thread-688) topic-2077d06c_1a10_4242_bcf9_6d60a315705d 0 49 {"key11753985744581": "value-9", "key21753985746295": "value-9"}
2025-07-31 18:15:49,627 INFO  [io.api.tes.ser.api.KafkaSerdesTester] (Thread-688) topic-2077d06c_1a10_4242_bcf9_6d60a315705d 0 50 {"key11753985744581": "value-0"}
2025-07-31 18:15:49,627 INFO  [io.api.tes.ser.api.KafkaSerdesTester] (Thread-688) topic-2077d06c_1a10_4242_bcf9_6d60a315705d 0 51 {"key11753985744581": "value-1"}
2025-07-31 18:15:49,627 INFO  [io.api.tes.ser.api.KafkaSerdesTester] (Thread-688) topic-2077d06c_1a10_4242_bcf9_6d60a315705d 0 52 {"key11753985744581": "value-2"}
2025-07-31 18:15:49,627 INFO  [io.api.tes.ser.api.KafkaSerdesTester] (Thread-688) topic-2077d06c_1a10_4242_bcf9_6d60a315705d 0 53 {"key11753985744581": "value-3"}
2025-07-31 18:15:49,627 INFO  [io.api.tes.ser.api.KafkaSerdesTester] (Thread-688) topic-2077d06c_1a10_4242_bcf9_6d60a315705d 0 54 {"key11753985744581": "value-4"}
2025-07-31 18:15:49,628 INFO  [io.api.tes.ser.api.KafkaSerdesTester] (Thread-688) topic-2077d06c_1a10_4242_bcf9_6d60a315705d 0 55 {"key11753985744581": "value-5"}
2025-07-31 18:15:49,628 INFO  [io.api.tes.ser.api.KafkaSerdesTester] (Thread-688) topic-2077d06c_1a10_4242_bcf9_6d60a315705d 0 56 {"key11753985744581": "value-6"}
2025-07-31 18:15:49,628 INFO  [io.api.tes.ser.api.KafkaSerdesTester] (Thread-688) topic-2077d06c_1a10_4242_bcf9_6d60a315705d 0 57 {"key11753985744581": "value-7"}
2025-07-31 18:15:49,628 INFO  [io.api.tes.ser.api.KafkaSerdesTester] (Thread-688) topic-2077d06c_1a10_4242_bcf9_6d60a315705d 0 58 {"key11753985744581": "value-8"}
2025-07-31 18:15:49,628 INFO  [io.api.tes.ser.api.KafkaSerdesTester] (Thread-688) topic-2077d06c_1a10_4242_bcf9_6d60a315705d 0 59 {"key11753985744581": "value-9"}
2025-07-31 18:15:49,628 INFO  [io.api.tes.ser.api.KafkaSerdesTester] (Thread-688) Consumed 30 messages
2025-07-31 18:15:49,631 INFO  [org.apa.kaf.cli.con.int.ConsumerRebalanceListenerInvoker] (Thread-688) [Consumer clientId=consumer-Consumer-topic-2077d06c_1a10_4242_bcf9_6d60a315705d-12, groupId=Consumer-topic-2077d06c_1a10_4242_bcf9_6d60a315705d] Revoke previously assigned partitions topic-2077d06c_1a10_4242_bcf9_6d60a315705d-0
2025-07-31 18:15:49,631 INFO  [org.apa.kaf.cli.con.int.ConsumerCoordinator] (Thread-688) [Consumer clientId=consumer-Consumer-topic-2077d06c_1a10_4242_bcf9_6d60a315705d-12, groupId=Consumer-topic-2077d06c_1a10_4242_bcf9_6d60a315705d] Member consumer-Consumer-topic-2077d06c_1a10_4242_bcf9_6d60a315705d-12-884332ca-4c86-4c33-ac0a-89d75502399a sending LeaveGroup request to coordinator localhost:32770 (id: 2147483647 rack: null) due to the consumer is being closed
2025-07-31 18:15:49,631 INFO  [org.apa.kaf.cli.con.int.ConsumerCoordinator] (Thread-688) [Consumer clientId=consumer-Consumer-topic-2077d06c_1a10_4242_bcf9_6d60a315705d-12, groupId=Consumer-topic-2077d06c_1a10_4242_bcf9_6d60a315705d] Resetting generation and member id due to: consumer pro-actively leaving the group
2025-07-31 18:15:49,632 INFO  [org.apa.kaf.cli.con.int.ConsumerCoordinator] (Thread-688) [Consumer clientId=consumer-Consumer-topic-2077d06c_1a10_4242_bcf9_6d60a315705d-12, groupId=Consumer-topic-2077d06c_1a10_4242_bcf9_6d60a315705d] Request joining group due to: consumer pro-actively leaving the group
2025-07-31 18:15:50,131 INFO  [org.apa.kaf.com.met.Metrics] (Thread-688) Metrics scheduler closed
2025-07-31 18:15:50,131 INFO  [org.apa.kaf.com.met.Metrics] (Thread-688) Closing reporter org.apache.kafka.common.metrics.JmxReporter
2025-07-31 18:15:50,131 INFO  [org.apa.kaf.com.met.Metrics] (Thread-688) Closing reporter org.apache.kafka.common.telemetry.internals.ClientTelemetryReporter
2025-07-31 18:15:50,131 INFO  [org.apa.kaf.com.met.Metrics] (Thread-688) Metrics reporters closed
2025-07-31 18:15:50,133 INFO  [org.apa.kaf.com.uti.AppInfoParser] (Thread-688) App info kafka.consumer for consumer-Consumer-topic-2077d06c_1a10_4242_bcf9_6d60a315705d-12 unregistered
2025-07-31 18:15:50,133 INFO  [org.apa.kaf.cli.pro.KafkaProducer] (main) [Producer clientId=Producer-topic-2077d06c_1a10_4242_bcf9_6d60a315705d] Closing the Kafka producer with timeoutMillis = 9223372036854775807 ms.
2025-07-31 18:15:50,133 INFO  [org.apa.kaf.com.met.Metrics] (main) Metrics scheduler closed
2025-07-31 18:15:50,133 INFO  [org.apa.kaf.com.met.Metrics] (main) Closing reporter org.apache.kafka.common.metrics.JmxReporter
2025-07-31 18:15:50,133 INFO  [org.apa.kaf.com.met.Metrics] (main) Closing reporter org.apache.kafka.common.telemetry.internals.ClientTelemetryReporter
2025-07-31 18:15:50,133 INFO  [org.apa.kaf.com.met.Metrics] (main) Metrics reporters closed
2025-07-31 18:15:50,133 INFO  [org.apa.kaf.com.uti.AppInfoParser] (main) App info kafka.producer for Producer-topic-2077d06c_1a10_4242_bcf9_6d60a315705d unregistered
2025-07-31 18:15:50,134 INFO  [io.api.tes.uti.TestSeparator] (main) io.apicurio.tests.serdes.apicurio.AvroSerdeIT.testEvolveAvroApicurio-FINISHED
2025-07-31 18:15:50,134 INFO  [io.api.tes.uti.TestSeparator] (main) ############################################################################
Test passed: testEvolveAvroApicurio
]]></system-out>
  </testcase>
  <testcase name="testTopicRecordIdStrategydFindLatest" classname="io.apicurio.tests.serdes.apicurio.AvroSerdeIT" time="1.79">
    <system-out><![CDATA[2025-07-31 18:15:50,137 INFO  [io.api.tes.uti.TestSeparator] (main) ############################################################################
2025-07-31 18:15:50,137 INFO  [io.api.tes.uti.TestSeparator] (main) io.apicurio.tests.serdes.apicurio.AvroSerdeIT.testTopicRecordIdStrategydFindLatest-STARTED
2025-07-31 18:15:50,138 INFO  [io.api.tes.ser.api.AvroSerdeIT] (main) Registering Avro Schema: {"type":"record","name":"s082132edx61a4x47f5x95fcxfa5eadf8efed","namespace":"s479bcd56x9b70x4566x9716xbee90c9c72ed","fields":[{"name":"key11753985750138","type":"string"}]}
**** Registry Base URL: http://registry-app-mysql.apps.ci419.apicurio-testing.org:80
2025-07-31 18:15:51,209 INFO  [org.apa.kaf.cli.pro.ProducerConfig] (main) ProducerConfig values: 
	acks = -1
	auto.include.jmx.reporter = true
	batch.size = 16384
	bootstrap.servers = [PLAINTEXT://localhost:32770]
	buffer.memory = 33554432
	client.dns.lookup = use_all_dns_ips
	client.id = Producer-topic-c15d34ce_9988_4df8_a8ce_2790c2450407
	compression.gzip.level = -1
	compression.lz4.level = 9
	compression.type = none
	compression.zstd.level = 3
	connections.max.idle.ms = 10000
	delivery.timeout.ms = 120000
	enable.idempotence = true
	enable.metrics.push = true
	interceptor.classes = []
	key.serializer = class org.apache.kafka.common.serialization.StringSerializer
	linger.ms = 0
	max.block.ms = 60000
	max.in.flight.requests.per.connection = 5
	max.request.size = 1048576
	metadata.max.age.ms = 300000
	metadata.max.idle.ms = 300000
	metadata.recovery.strategy = none
	metric.reporters = []
	metrics.num.samples = 2
	metrics.recording.level = INFO
	metrics.sample.window.ms = 30000
	partitioner.adaptive.partitioning.enable = true
	partitioner.availability.timeout.ms = 0
	partitioner.class = null
	partitioner.ignore.keys = false
	receive.buffer.bytes = 32768
	reconnect.backoff.max.ms = 1000
	reconnect.backoff.ms = 50
	request.timeout.ms = 5000
	retries = 2147483647
	retry.backoff.max.ms = 1000
	retry.backoff.ms = 100
	sasl.client.callback.handler.class = null
	sasl.jaas.config = null
	sasl.kerberos.kinit.cmd = /usr/bin/kinit
	sasl.kerberos.min.time.before.relogin = 60000
	sasl.kerberos.service.name = null
	sasl.kerberos.ticket.renew.jitter = 0.05
	sasl.kerberos.ticket.renew.window.factor = 0.8
	sasl.login.callback.handler.class = null
	sasl.login.class = null
	sasl.login.connect.timeout.ms = null
	sasl.login.read.timeout.ms = null
	sasl.login.refresh.buffer.seconds = 300
	sasl.login.refresh.min.period.seconds = 60
	sasl.login.refresh.window.factor = 0.8
	sasl.login.refresh.window.jitter = 0.05
	sasl.login.retry.backoff.max.ms = 10000
	sasl.login.retry.backoff.ms = 100
	sasl.mechanism = GSSAPI
	sasl.oauthbearer.clock.skew.seconds = 30
	sasl.oauthbearer.expected.audience = null
	sasl.oauthbearer.expected.issuer = null
	sasl.oauthbearer.header.urlencode = false
	sasl.oauthbearer.jwks.endpoint.refresh.ms = 3600000
	sasl.oauthbearer.jwks.endpoint.retry.backoff.max.ms = 10000
	sasl.oauthbearer.jwks.endpoint.retry.backoff.ms = 100
	sasl.oauthbearer.jwks.endpoint.url = null
	sasl.oauthbearer.scope.claim.name = scope
	sasl.oauthbearer.sub.claim.name = sub
	sasl.oauthbearer.token.endpoint.url = null
	security.protocol = PLAINTEXT
	security.providers = null
	send.buffer.bytes = 131072
	socket.connection.setup.timeout.max.ms = 30000
	socket.connection.setup.timeout.ms = 10000
	ssl.cipher.suites = null
	ssl.enabled.protocols = [TLSv1.2, TLSv1.3]
	ssl.endpoint.identification.algorithm = https
	ssl.engine.factory.class = null
	ssl.key.password = null
	ssl.keymanager.algorithm = SunX509
	ssl.keystore.certificate.chain = null
	ssl.keystore.key = null
	ssl.keystore.location = null
	ssl.keystore.password = null
	ssl.keystore.type = JKS
	ssl.protocol = TLSv1.3
	ssl.provider = null
	ssl.secure.random.implementation = null
	ssl.trustmanager.algorithm = PKIX
	ssl.truststore.certificates = null
	ssl.truststore.location = null
	ssl.truststore.password = null
	ssl.truststore.type = JKS
	transaction.timeout.ms = 60000
	transactional.id = null
	value.serializer = class io.apicurio.registry.serde.avro.AvroKafkaSerializer

2025-07-31 18:15:51,210 INFO  [org.apa.kaf.com.tel.int.KafkaMetricsCollector] (main) initializing Kafka metrics collector
2025-07-31 18:15:51,212 INFO  [org.apa.kaf.cli.pro.KafkaProducer] (main) [Producer clientId=Producer-topic-c15d34ce_9988_4df8_a8ce_2790c2450407] Instantiated an idempotent producer.
2025-07-31 18:15:51,215 INFO  [org.apa.kaf.cli.pro.ProducerConfig] (main) These configurations '[apicurio.registry.find-latest, apicurio.registry.url, apicurio.registry.artifact-resolver-strategy]' were supplied but are not used yet.
2025-07-31 18:15:51,215 INFO  [org.apa.kaf.com.uti.AppInfoParser] (main) Kafka version: 3.9.1
2025-07-31 18:15:51,215 INFO  [org.apa.kaf.com.uti.AppInfoParser] (main) Kafka commitId: f745dfdcee2b9851
2025-07-31 18:15:51,215 INFO  [org.apa.kaf.com.uti.AppInfoParser] (main) Kafka startTimeMs: 1753985751215
2025-07-31 18:15:51,215 INFO  [io.api.tes.ser.api.SimpleSerdesTesterBuilder$SimpleSerdesTester] (main) Using producer configuration: {apicurio.registry.find-latest=true, apicurio.registry.url=http://registry-app-mysql.apps.ci419.apicurio-testing.org:80/apis/registry/v3, apicurio.registry.artifact-resolver-strategy=io.apicurio.registry.serde.avro.strategy.TopicRecordIdStrategy, value.serializer=io.apicurio.registry.serde.avro.AvroKafkaSerializer, request.timeout.ms=5000, acks=all, bootstrap.servers=PLAINTEXT://localhost:32770, connections.max.idle.ms=10000, key.serializer=org.apache.kafka.common.serialization.StringSerializer, client.id=Producer-topic-c15d34ce_9988_4df8_a8ce_2790c2450407}
2025-07-31 18:15:51,215 INFO  [io.api.tes.ser.api.SimpleSerdesTesterBuilder$SimpleSerdesTester] (main) Using consumer configuration: {}
2025-07-31 18:15:51,216 INFO  [io.api.tes.ser.api.KafkaSerdesTester] (Thread-691) Sending message {"key11753985750138": "value-0"} to topic topic-c15d34ce_9988_4df8_a8ce_2790c2450407
2025-07-31 18:15:51,220 INFO  [org.apa.kaf.cli.Metadata] (kafka-producer-network-thread | Producer-topic-c15d34ce_9988_4df8_a8ce_2790c2450407) [Producer clientId=Producer-topic-c15d34ce_9988_4df8_a8ce_2790c2450407] Cluster ID: l9YG0eo6TEyFi47Ppqwpmg
2025-07-31 18:15:51,222 INFO  [org.apa.kaf.cli.pro.int.TransactionManager] (kafka-producer-network-thread | Producer-topic-c15d34ce_9988_4df8_a8ce_2790c2450407) [Producer clientId=Producer-topic-c15d34ce_9988_4df8_a8ce_2790c2450407] ProducerId set to 18 with epoch 0
2025-07-31 18:15:51,296 INFO  [io.api.tes.ser.api.KafkaSerdesTester] (Thread-691) Sending message {"key11753985750138": "value-1"} to topic topic-c15d34ce_9988_4df8_a8ce_2790c2450407
2025-07-31 18:15:51,298 INFO  [io.api.tes.ser.api.KafkaSerdesTester] (Thread-691) Sending message {"key11753985750138": "value-2"} to topic topic-c15d34ce_9988_4df8_a8ce_2790c2450407
2025-07-31 18:15:51,300 INFO  [io.api.tes.ser.api.KafkaSerdesTester] (Thread-691) Sending message {"key11753985750138": "value-3"} to topic topic-c15d34ce_9988_4df8_a8ce_2790c2450407
2025-07-31 18:15:51,301 INFO  [io.api.tes.ser.api.KafkaSerdesTester] (Thread-691) Sending message {"key11753985750138": "value-4"} to topic topic-c15d34ce_9988_4df8_a8ce_2790c2450407
2025-07-31 18:15:51,303 INFO  [io.api.tes.ser.api.KafkaSerdesTester] (Thread-691) Sending message {"key11753985750138": "value-5"} to topic topic-c15d34ce_9988_4df8_a8ce_2790c2450407
2025-07-31 18:15:51,304 INFO  [io.api.tes.ser.api.KafkaSerdesTester] (Thread-691) Sending message {"key11753985750138": "value-6"} to topic topic-c15d34ce_9988_4df8_a8ce_2790c2450407
2025-07-31 18:15:51,306 INFO  [io.api.tes.ser.api.KafkaSerdesTester] (Thread-691) Sending message {"key11753985750138": "value-7"} to topic topic-c15d34ce_9988_4df8_a8ce_2790c2450407
2025-07-31 18:15:51,308 INFO  [io.api.tes.ser.api.KafkaSerdesTester] (Thread-691) Sending message {"key11753985750138": "value-8"} to topic topic-c15d34ce_9988_4df8_a8ce_2790c2450407
2025-07-31 18:15:51,311 INFO  [io.api.tes.ser.api.KafkaSerdesTester] (Thread-691) Sending message {"key11753985750138": "value-9"} to topic topic-c15d34ce_9988_4df8_a8ce_2790c2450407
2025-07-31 18:15:51,313 INFO  [io.api.tes.ser.api.KafkaSerdesTester] (Thread-691) Produced 10 messages
2025-07-31 18:15:51,313 INFO  [org.apa.kaf.cli.pro.KafkaProducer] (Thread-691) [Producer clientId=Producer-topic-c15d34ce_9988_4df8_a8ce_2790c2450407] Closing the Kafka producer with timeoutMillis = 9223372036854775807 ms.
2025-07-31 18:15:51,316 INFO  [org.apa.kaf.com.met.Metrics] (Thread-691) Metrics scheduler closed
2025-07-31 18:15:51,316 INFO  [org.apa.kaf.com.met.Metrics] (Thread-691) Closing reporter org.apache.kafka.common.metrics.JmxReporter
2025-07-31 18:15:51,316 INFO  [org.apa.kaf.com.met.Metrics] (Thread-691) Closing reporter org.apache.kafka.common.telemetry.internals.ClientTelemetryReporter
2025-07-31 18:15:51,316 INFO  [org.apa.kaf.com.met.Metrics] (Thread-691) Metrics reporters closed
2025-07-31 18:15:51,317 INFO  [org.apa.kaf.com.uti.AppInfoParser] (Thread-691) App info kafka.producer for Producer-topic-c15d34ce_9988_4df8_a8ce_2790c2450407 unregistered
**** Registry Base URL: http://registry-app-mysql.apps.ci419.apicurio-testing.org:80
2025-07-31 18:15:51,320 INFO  [org.apa.kaf.cli.con.ConsumerConfig] (main) ConsumerConfig values: 
	allow.auto.create.topics = true
	auto.commit.interval.ms = 500
	auto.include.jmx.reporter = true
	auto.offset.reset = earliest
	bootstrap.servers = [PLAINTEXT://localhost:32770]
	check.crcs = true
	client.dns.lookup = use_all_dns_ips
	client.id = consumer-Consumer-topic-c15d34ce_9988_4df8_a8ce_2790c2450407-13
	client.rack = 
	connections.max.idle.ms = 10000
	default.api.timeout.ms = 60000
	enable.auto.commit = true
	enable.metrics.push = true
	exclude.internal.topics = true
	fetch.max.bytes = 52428800
	fetch.max.wait.ms = 500
	fetch.min.bytes = 1
	group.id = Consumer-topic-c15d34ce_9988_4df8_a8ce_2790c2450407
	group.instance.id = null
	group.protocol = classic
	group.remote.assignor = null
	heartbeat.interval.ms = 3000
	interceptor.classes = []
	internal.leave.group.on.close = true
	internal.throw.on.fetch.stable.offset.unsupported = false
	isolation.level = read_uncommitted
	key.deserializer = class org.apache.kafka.common.serialization.StringDeserializer
	max.partition.fetch.bytes = 1048576
	max.poll.interval.ms = 300000
	max.poll.records = 500
	metadata.max.age.ms = 300000
	metadata.recovery.strategy = none
	metric.reporters = []
	metrics.num.samples = 2
	metrics.recording.level = INFO
	metrics.sample.window.ms = 30000
	partition.assignment.strategy = [class org.apache.kafka.clients.consumer.RangeAssignor, class org.apache.kafka.clients.consumer.CooperativeStickyAssignor]
	receive.buffer.bytes = 65536
	reconnect.backoff.max.ms = 1000
	reconnect.backoff.ms = 50
	request.timeout.ms = 5000
	retry.backoff.max.ms = 1000
	retry.backoff.ms = 100
	sasl.client.callback.handler.class = null
	sasl.jaas.config = null
	sasl.kerberos.kinit.cmd = /usr/bin/kinit
	sasl.kerberos.min.time.before.relogin = 60000
	sasl.kerberos.service.name = null
	sasl.kerberos.ticket.renew.jitter = 0.05
	sasl.kerberos.ticket.renew.window.factor = 0.8
	sasl.login.callback.handler.class = null
	sasl.login.class = null
	sasl.login.connect.timeout.ms = null
	sasl.login.read.timeout.ms = null
	sasl.login.refresh.buffer.seconds = 300
	sasl.login.refresh.min.period.seconds = 60
	sasl.login.refresh.window.factor = 0.8
	sasl.login.refresh.window.jitter = 0.05
	sasl.login.retry.backoff.max.ms = 10000
	sasl.login.retry.backoff.ms = 100
	sasl.mechanism = GSSAPI
	sasl.oauthbearer.clock.skew.seconds = 30
	sasl.oauthbearer.expected.audience = null
	sasl.oauthbearer.expected.issuer = null
	sasl.oauthbearer.header.urlencode = false
	sasl.oauthbearer.jwks.endpoint.refresh.ms = 3600000
	sasl.oauthbearer.jwks.endpoint.retry.backoff.max.ms = 10000
	sasl.oauthbearer.jwks.endpoint.retry.backoff.ms = 100
	sasl.oauthbearer.jwks.endpoint.url = null
	sasl.oauthbearer.scope.claim.name = scope
	sasl.oauthbearer.sub.claim.name = sub
	sasl.oauthbearer.token.endpoint.url = null
	security.protocol = PLAINTEXT
	security.providers = null
	send.buffer.bytes = 131072
	session.timeout.ms = 45000
	socket.connection.setup.timeout.max.ms = 30000
	socket.connection.setup.timeout.ms = 10000
	ssl.cipher.suites = null
	ssl.enabled.protocols = [TLSv1.2, TLSv1.3]
	ssl.endpoint.identification.algorithm = https
	ssl.engine.factory.class = null
	ssl.key.password = null
	ssl.keymanager.algorithm = SunX509
	ssl.keystore.certificate.chain = null
	ssl.keystore.key = null
	ssl.keystore.location = null
	ssl.keystore.password = null
	ssl.keystore.type = JKS
	ssl.protocol = TLSv1.3
	ssl.provider = null
	ssl.secure.random.implementation = null
	ssl.trustmanager.algorithm = PKIX
	ssl.truststore.certificates = null
	ssl.truststore.location = null
	ssl.truststore.password = null
	ssl.truststore.type = JKS
	value.deserializer = class io.apicurio.registry.serde.avro.AvroKafkaDeserializer

2025-07-31 18:15:51,321 INFO  [org.apa.kaf.com.tel.int.KafkaMetricsCollector] (main) initializing Kafka metrics collector
2025-07-31 18:15:51,329 INFO  [org.apa.kaf.cli.con.ConsumerConfig] (main) These configurations '[apicurio.registry.url]' were supplied but are not used yet.
2025-07-31 18:15:51,329 INFO  [org.apa.kaf.com.uti.AppInfoParser] (main) Kafka version: 3.9.1
2025-07-31 18:15:51,329 INFO  [org.apa.kaf.com.uti.AppInfoParser] (main) Kafka commitId: f745dfdcee2b9851
2025-07-31 18:15:51,329 INFO  [org.apa.kaf.com.uti.AppInfoParser] (main) Kafka startTimeMs: 1753985751329
2025-07-31 18:15:51,330 INFO  [org.apa.kaf.cli.con.int.ClassicKafkaConsumer] (Thread-694) [Consumer clientId=consumer-Consumer-topic-c15d34ce_9988_4df8_a8ce_2790c2450407-13, groupId=Consumer-topic-c15d34ce_9988_4df8_a8ce_2790c2450407] Subscribed to topic(s): topic-c15d34ce_9988_4df8_a8ce_2790c2450407
2025-07-31 18:15:51,333 INFO  [org.apa.kaf.cli.Metadata] (Thread-694) [Consumer clientId=consumer-Consumer-topic-c15d34ce_9988_4df8_a8ce_2790c2450407-13, groupId=Consumer-topic-c15d34ce_9988_4df8_a8ce_2790c2450407] Cluster ID: l9YG0eo6TEyFi47Ppqwpmg
2025-07-31 18:15:51,334 INFO  [org.apa.kaf.cli.con.int.ConsumerCoordinator] (Thread-694) [Consumer clientId=consumer-Consumer-topic-c15d34ce_9988_4df8_a8ce_2790c2450407-13, groupId=Consumer-topic-c15d34ce_9988_4df8_a8ce_2790c2450407] Discovered group coordinator localhost:32770 (id: 2147483647 rack: null)
2025-07-31 18:15:51,335 INFO  [org.apa.kaf.cli.con.int.ConsumerCoordinator] (Thread-694) [Consumer clientId=consumer-Consumer-topic-c15d34ce_9988_4df8_a8ce_2790c2450407-13, groupId=Consumer-topic-c15d34ce_9988_4df8_a8ce_2790c2450407] (Re-)joining group
2025-07-31 18:15:51,342 INFO  [org.apa.kaf.cli.con.int.ConsumerCoordinator] (Thread-694) [Consumer clientId=consumer-Consumer-topic-c15d34ce_9988_4df8_a8ce_2790c2450407-13, groupId=Consumer-topic-c15d34ce_9988_4df8_a8ce_2790c2450407] Request joining group due to: need to re-join with the given member-id: consumer-Consumer-topic-c15d34ce_9988_4df8_a8ce_2790c2450407-13-7d629ad0-f421-4087-8183-4efaa7ff57a8
2025-07-31 18:15:51,343 INFO  [org.apa.kaf.cli.con.int.ConsumerCoordinator] (Thread-694) [Consumer clientId=consumer-Consumer-topic-c15d34ce_9988_4df8_a8ce_2790c2450407-13, groupId=Consumer-topic-c15d34ce_9988_4df8_a8ce_2790c2450407] (Re-)joining group
2025-07-31 18:15:51,347 INFO  [org.apa.kaf.cli.con.int.ConsumerCoordinator] (Thread-694) [Consumer clientId=consumer-Consumer-topic-c15d34ce_9988_4df8_a8ce_2790c2450407-13, groupId=Consumer-topic-c15d34ce_9988_4df8_a8ce_2790c2450407] Successfully joined group with generation Generation{generationId=1, memberId='consumer-Consumer-topic-c15d34ce_9988_4df8_a8ce_2790c2450407-13-7d629ad0-f421-4087-8183-4efaa7ff57a8', protocol='range'}
2025-07-31 18:15:51,347 INFO  [org.apa.kaf.cli.con.int.ConsumerCoordinator] (Thread-694) [Consumer clientId=consumer-Consumer-topic-c15d34ce_9988_4df8_a8ce_2790c2450407-13, groupId=Consumer-topic-c15d34ce_9988_4df8_a8ce_2790c2450407] Finished assignment for group at generation 1: {consumer-Consumer-topic-c15d34ce_9988_4df8_a8ce_2790c2450407-13-7d629ad0-f421-4087-8183-4efaa7ff57a8=Assignment(partitions=[topic-c15d34ce_9988_4df8_a8ce_2790c2450407-0])}
2025-07-31 18:15:51,353 INFO  [org.apa.kaf.cli.con.int.ConsumerCoordinator] (Thread-694) [Consumer clientId=consumer-Consumer-topic-c15d34ce_9988_4df8_a8ce_2790c2450407-13, groupId=Consumer-topic-c15d34ce_9988_4df8_a8ce_2790c2450407] Successfully synced group in generation Generation{generationId=1, memberId='consumer-Consumer-topic-c15d34ce_9988_4df8_a8ce_2790c2450407-13-7d629ad0-f421-4087-8183-4efaa7ff57a8', protocol='range'}
2025-07-31 18:15:51,353 INFO  [org.apa.kaf.cli.con.int.ConsumerCoordinator] (Thread-694) [Consumer clientId=consumer-Consumer-topic-c15d34ce_9988_4df8_a8ce_2790c2450407-13, groupId=Consumer-topic-c15d34ce_9988_4df8_a8ce_2790c2450407] Notifying assignor about the new Assignment(partitions=[topic-c15d34ce_9988_4df8_a8ce_2790c2450407-0])
2025-07-31 18:15:51,353 INFO  [org.apa.kaf.cli.con.int.ConsumerRebalanceListenerInvoker] (Thread-694) [Consumer clientId=consumer-Consumer-topic-c15d34ce_9988_4df8_a8ce_2790c2450407-13, groupId=Consumer-topic-c15d34ce_9988_4df8_a8ce_2790c2450407] Adding newly assigned partitions: topic-c15d34ce_9988_4df8_a8ce_2790c2450407-0
2025-07-31 18:15:51,356 INFO  [org.apa.kaf.cli.con.int.ConsumerCoordinator] (Thread-694) [Consumer clientId=consumer-Consumer-topic-c15d34ce_9988_4df8_a8ce_2790c2450407-13, groupId=Consumer-topic-c15d34ce_9988_4df8_a8ce_2790c2450407] Found no committed offset for partition topic-c15d34ce_9988_4df8_a8ce_2790c2450407-0
2025-07-31 18:15:51,364 INFO  [org.apa.kaf.cli.con.int.SubscriptionState] (Thread-694) [Consumer clientId=consumer-Consumer-topic-c15d34ce_9988_4df8_a8ce_2790c2450407-13, groupId=Consumer-topic-c15d34ce_9988_4df8_a8ce_2790c2450407] Resetting offset for partition topic-c15d34ce_9988_4df8_a8ce_2790c2450407-0 to position FetchPosition{offset=0, offsetEpoch=Optional.empty, currentLeader=LeaderAndEpoch{leader=Optional[localhost:32770 (id: 0 rack: null)], epoch=0}}.
2025-07-31 18:15:51,416 INFO  [io.api.tes.ser.api.KafkaSerdesTester] (Thread-694) topic-c15d34ce_9988_4df8_a8ce_2790c2450407 0 0 {"key11753985750138": "value-0"}
2025-07-31 18:15:51,417 INFO  [io.api.tes.ser.api.KafkaSerdesTester] (Thread-694) topic-c15d34ce_9988_4df8_a8ce_2790c2450407 0 1 {"key11753985750138": "value-1"}
2025-07-31 18:15:51,417 INFO  [io.api.tes.ser.api.KafkaSerdesTester] (Thread-694) topic-c15d34ce_9988_4df8_a8ce_2790c2450407 0 2 {"key11753985750138": "value-2"}
2025-07-31 18:15:51,417 INFO  [io.api.tes.ser.api.KafkaSerdesTester] (Thread-694) topic-c15d34ce_9988_4df8_a8ce_2790c2450407 0 3 {"key11753985750138": "value-3"}
2025-07-31 18:15:51,417 INFO  [io.api.tes.ser.api.KafkaSerdesTester] (Thread-694) topic-c15d34ce_9988_4df8_a8ce_2790c2450407 0 4 {"key11753985750138": "value-4"}
2025-07-31 18:15:51,417 INFO  [io.api.tes.ser.api.KafkaSerdesTester] (Thread-694) topic-c15d34ce_9988_4df8_a8ce_2790c2450407 0 5 {"key11753985750138": "value-5"}
2025-07-31 18:15:51,417 INFO  [io.api.tes.ser.api.KafkaSerdesTester] (Thread-694) topic-c15d34ce_9988_4df8_a8ce_2790c2450407 0 6 {"key11753985750138": "value-6"}
2025-07-31 18:15:51,417 INFO  [io.api.tes.ser.api.KafkaSerdesTester] (Thread-694) topic-c15d34ce_9988_4df8_a8ce_2790c2450407 0 7 {"key11753985750138": "value-7"}
2025-07-31 18:15:51,417 INFO  [io.api.tes.ser.api.KafkaSerdesTester] (Thread-694) topic-c15d34ce_9988_4df8_a8ce_2790c2450407 0 8 {"key11753985750138": "value-8"}
2025-07-31 18:15:51,417 INFO  [io.api.tes.ser.api.KafkaSerdesTester] (Thread-694) topic-c15d34ce_9988_4df8_a8ce_2790c2450407 0 9 {"key11753985750138": "value-9"}
2025-07-31 18:15:51,417 INFO  [io.api.tes.ser.api.KafkaSerdesTester] (Thread-694) Consumed 10 messages
2025-07-31 18:15:51,420 INFO  [org.apa.kaf.cli.con.int.ConsumerRebalanceListenerInvoker] (Thread-694) [Consumer clientId=consumer-Consumer-topic-c15d34ce_9988_4df8_a8ce_2790c2450407-13, groupId=Consumer-topic-c15d34ce_9988_4df8_a8ce_2790c2450407] Revoke previously assigned partitions topic-c15d34ce_9988_4df8_a8ce_2790c2450407-0
2025-07-31 18:15:51,420 INFO  [org.apa.kaf.cli.con.int.ConsumerCoordinator] (Thread-694) [Consumer clientId=consumer-Consumer-topic-c15d34ce_9988_4df8_a8ce_2790c2450407-13, groupId=Consumer-topic-c15d34ce_9988_4df8_a8ce_2790c2450407] Member consumer-Consumer-topic-c15d34ce_9988_4df8_a8ce_2790c2450407-13-7d629ad0-f421-4087-8183-4efaa7ff57a8 sending LeaveGroup request to coordinator localhost:32770 (id: 2147483647 rack: null) due to the consumer is being closed
2025-07-31 18:15:51,420 INFO  [org.apa.kaf.cli.con.int.ConsumerCoordinator] (Thread-694) [Consumer clientId=consumer-Consumer-topic-c15d34ce_9988_4df8_a8ce_2790c2450407-13, groupId=Consumer-topic-c15d34ce_9988_4df8_a8ce_2790c2450407] Resetting generation and member id due to: consumer pro-actively leaving the group
2025-07-31 18:15:51,420 INFO  [org.apa.kaf.cli.con.int.ConsumerCoordinator] (Thread-694) [Consumer clientId=consumer-Consumer-topic-c15d34ce_9988_4df8_a8ce_2790c2450407-13, groupId=Consumer-topic-c15d34ce_9988_4df8_a8ce_2790c2450407] Request joining group due to: consumer pro-actively leaving the group
2025-07-31 18:15:51,919 INFO  [org.apa.kaf.com.met.Metrics] (Thread-694) Metrics scheduler closed
2025-07-31 18:15:51,920 INFO  [org.apa.kaf.com.met.Metrics] (Thread-694) Closing reporter org.apache.kafka.common.metrics.JmxReporter
2025-07-31 18:15:51,920 INFO  [org.apa.kaf.com.met.Metrics] (Thread-694) Closing reporter org.apache.kafka.common.telemetry.internals.ClientTelemetryReporter
2025-07-31 18:15:51,920 INFO  [org.apa.kaf.com.met.Metrics] (Thread-694) Metrics reporters closed
2025-07-31 18:15:51,921 INFO  [org.apa.kaf.com.uti.AppInfoParser] (Thread-694) App info kafka.consumer for consumer-Consumer-topic-c15d34ce_9988_4df8_a8ce_2790c2450407-13 unregistered
2025-07-31 18:15:51,924 INFO  [io.api.tes.uti.TestSeparator] (main) io.apicurio.tests.serdes.apicurio.AvroSerdeIT.testTopicRecordIdStrategydFindLatest-FINISHED
2025-07-31 18:15:51,925 INFO  [io.api.tes.uti.TestSeparator] (main) ############################################################################
Test passed: testTopicRecordIdStrategydFindLatest
]]></system-out>
  </testcase>
  <testcase name="testAvroConfluentForMultipleTopics" classname="io.apicurio.tests.serdes.apicurio.AvroSerdeIT" time="3.105">
    <system-out><![CDATA[2025-07-31 18:15:51,926 INFO  [io.api.tes.uti.TestSeparator] (main) ############################################################################
2025-07-31 18:15:51,926 INFO  [io.api.tes.uti.TestSeparator] (main) io.apicurio.tests.serdes.apicurio.AvroSerdeIT.testAvroConfluentForMultipleTopics-STARTED
2025-07-31 18:15:51,928 INFO  [io.api.tes.ser.api.AvroSerdeIT] (main) Registering Avro Schema: {"type":"record","name":"myrecordconfluent","fields":[{"name":"key11753985751926","type":"string"}]}
**** Registry Base URL: http://registry-app-mysql.apps.ci419.apicurio-testing.org:80
2025-07-31 18:15:52,997 INFO  [org.apa.kaf.cli.pro.ProducerConfig] (main) ProducerConfig values: 
	acks = -1
	auto.include.jmx.reporter = true
	batch.size = 16384
	bootstrap.servers = [PLAINTEXT://localhost:32770]
	buffer.memory = 33554432
	client.dns.lookup = use_all_dns_ips
	client.id = Producer-topic-743cb00c_95b8_4192_be10_b1cc7a450718
	compression.gzip.level = -1
	compression.lz4.level = 9
	compression.type = none
	compression.zstd.level = 3
	connections.max.idle.ms = 10000
	delivery.timeout.ms = 120000
	enable.idempotence = true
	enable.metrics.push = true
	interceptor.classes = []
	key.serializer = class org.apache.kafka.common.serialization.StringSerializer
	linger.ms = 0
	max.block.ms = 60000
	max.in.flight.requests.per.connection = 5
	max.request.size = 1048576
	metadata.max.age.ms = 300000
	metadata.max.idle.ms = 300000
	metadata.recovery.strategy = none
	metric.reporters = []
	metrics.num.samples = 2
	metrics.recording.level = INFO
	metrics.sample.window.ms = 30000
	partitioner.adaptive.partitioning.enable = true
	partitioner.availability.timeout.ms = 0
	partitioner.class = null
	partitioner.ignore.keys = false
	receive.buffer.bytes = 32768
	reconnect.backoff.max.ms = 1000
	reconnect.backoff.ms = 50
	request.timeout.ms = 5000
	retries = 2147483647
	retry.backoff.max.ms = 1000
	retry.backoff.ms = 100
	sasl.client.callback.handler.class = null
	sasl.jaas.config = null
	sasl.kerberos.kinit.cmd = /usr/bin/kinit
	sasl.kerberos.min.time.before.relogin = 60000
	sasl.kerberos.service.name = null
	sasl.kerberos.ticket.renew.jitter = 0.05
	sasl.kerberos.ticket.renew.window.factor = 0.8
	sasl.login.callback.handler.class = null
	sasl.login.class = null
	sasl.login.connect.timeout.ms = null
	sasl.login.read.timeout.ms = null
	sasl.login.refresh.buffer.seconds = 300
	sasl.login.refresh.min.period.seconds = 60
	sasl.login.refresh.window.factor = 0.8
	sasl.login.refresh.window.jitter = 0.05
	sasl.login.retry.backoff.max.ms = 10000
	sasl.login.retry.backoff.ms = 100
	sasl.mechanism = GSSAPI
	sasl.oauthbearer.clock.skew.seconds = 30
	sasl.oauthbearer.expected.audience = null
	sasl.oauthbearer.expected.issuer = null
	sasl.oauthbearer.header.urlencode = false
	sasl.oauthbearer.jwks.endpoint.refresh.ms = 3600000
	sasl.oauthbearer.jwks.endpoint.retry.backoff.max.ms = 10000
	sasl.oauthbearer.jwks.endpoint.retry.backoff.ms = 100
	sasl.oauthbearer.jwks.endpoint.url = null
	sasl.oauthbearer.scope.claim.name = scope
	sasl.oauthbearer.sub.claim.name = sub
	sasl.oauthbearer.token.endpoint.url = null
	security.protocol = PLAINTEXT
	security.providers = null
	send.buffer.bytes = 131072
	socket.connection.setup.timeout.max.ms = 30000
	socket.connection.setup.timeout.ms = 10000
	ssl.cipher.suites = null
	ssl.enabled.protocols = [TLSv1.2, TLSv1.3]
	ssl.endpoint.identification.algorithm = https
	ssl.engine.factory.class = null
	ssl.key.password = null
	ssl.keymanager.algorithm = SunX509
	ssl.keystore.certificate.chain = null
	ssl.keystore.key = null
	ssl.keystore.location = null
	ssl.keystore.password = null
	ssl.keystore.type = JKS
	ssl.protocol = TLSv1.3
	ssl.provider = null
	ssl.secure.random.implementation = null
	ssl.trustmanager.algorithm = PKIX
	ssl.truststore.certificates = null
	ssl.truststore.location = null
	ssl.truststore.password = null
	ssl.truststore.type = JKS
	transaction.timeout.ms = 60000
	transactional.id = null
	value.serializer = class io.apicurio.registry.serde.avro.AvroKafkaSerializer

2025-07-31 18:15:52,998 INFO  [org.apa.kaf.com.tel.int.KafkaMetricsCollector] (main) initializing Kafka metrics collector
2025-07-31 18:15:53,001 INFO  [org.apa.kaf.cli.pro.KafkaProducer] (main) [Producer clientId=Producer-topic-743cb00c_95b8_4192_be10_b1cc7a450718] Instantiated an idempotent producer.
2025-07-31 18:15:53,003 INFO  [org.apa.kaf.cli.pro.ProducerConfig] (main) These configurations '[apicurio.registry.url, apicurio.registry.artifact-resolver-strategy]' were supplied but are not used yet.
2025-07-31 18:15:53,003 INFO  [org.apa.kaf.com.uti.AppInfoParser] (main) Kafka version: 3.9.1
2025-07-31 18:15:53,003 INFO  [org.apa.kaf.com.uti.AppInfoParser] (main) Kafka commitId: f745dfdcee2b9851
2025-07-31 18:15:53,003 INFO  [org.apa.kaf.com.uti.AppInfoParser] (main) Kafka startTimeMs: 1753985753003
**** Registry Base URL: http://registry-app-mysql.apps.ci419.apicurio-testing.org:80
2025-07-31 18:15:53,003 INFO  [org.apa.kaf.cli.pro.ProducerConfig] (main) ProducerConfig values: 
	acks = -1
	auto.include.jmx.reporter = true
	batch.size = 16384
	bootstrap.servers = [PLAINTEXT://localhost:32770]
	buffer.memory = 33554432
	client.dns.lookup = use_all_dns_ips
	client.id = Producer-topic-a53d61f0_4a83_4e33_938c_838dd7d88ec3
	compression.gzip.level = -1
	compression.lz4.level = 9
	compression.type = none
	compression.zstd.level = 3
	connections.max.idle.ms = 10000
	delivery.timeout.ms = 120000
	enable.idempotence = true
	enable.metrics.push = true
	interceptor.classes = []
	key.serializer = class org.apache.kafka.common.serialization.StringSerializer
	linger.ms = 0
	max.block.ms = 60000
	max.in.flight.requests.per.connection = 5
	max.request.size = 1048576
	metadata.max.age.ms = 300000
	metadata.max.idle.ms = 300000
	metadata.recovery.strategy = none
	metric.reporters = []
	metrics.num.samples = 2
	metrics.recording.level = INFO
	metrics.sample.window.ms = 30000
	partitioner.adaptive.partitioning.enable = true
	partitioner.availability.timeout.ms = 0
	partitioner.class = null
	partitioner.ignore.keys = false
	receive.buffer.bytes = 32768
	reconnect.backoff.max.ms = 1000
	reconnect.backoff.ms = 50
	request.timeout.ms = 5000
	retries = 2147483647
	retry.backoff.max.ms = 1000
	retry.backoff.ms = 100
	sasl.client.callback.handler.class = null
	sasl.jaas.config = null
	sasl.kerberos.kinit.cmd = /usr/bin/kinit
	sasl.kerberos.min.time.before.relogin = 60000
	sasl.kerberos.service.name = null
	sasl.kerberos.ticket.renew.jitter = 0.05
	sasl.kerberos.ticket.renew.window.factor = 0.8
	sasl.login.callback.handler.class = null
	sasl.login.class = null
	sasl.login.connect.timeout.ms = null
	sasl.login.read.timeout.ms = null
	sasl.login.refresh.buffer.seconds = 300
	sasl.login.refresh.min.period.seconds = 60
	sasl.login.refresh.window.factor = 0.8
	sasl.login.refresh.window.jitter = 0.05
	sasl.login.retry.backoff.max.ms = 10000
	sasl.login.retry.backoff.ms = 100
	sasl.mechanism = GSSAPI
	sasl.oauthbearer.clock.skew.seconds = 30
	sasl.oauthbearer.expected.audience = null
	sasl.oauthbearer.expected.issuer = null
	sasl.oauthbearer.header.urlencode = false
	sasl.oauthbearer.jwks.endpoint.refresh.ms = 3600000
	sasl.oauthbearer.jwks.endpoint.retry.backoff.max.ms = 10000
	sasl.oauthbearer.jwks.endpoint.retry.backoff.ms = 100
	sasl.oauthbearer.jwks.endpoint.url = null
	sasl.oauthbearer.scope.claim.name = scope
	sasl.oauthbearer.sub.claim.name = sub
	sasl.oauthbearer.token.endpoint.url = null
	security.protocol = PLAINTEXT
	security.providers = null
	send.buffer.bytes = 131072
	socket.connection.setup.timeout.max.ms = 30000
	socket.connection.setup.timeout.ms = 10000
	ssl.cipher.suites = null
	ssl.enabled.protocols = [TLSv1.2, TLSv1.3]
	ssl.endpoint.identification.algorithm = https
	ssl.engine.factory.class = null
	ssl.key.password = null
	ssl.keymanager.algorithm = SunX509
	ssl.keystore.certificate.chain = null
	ssl.keystore.key = null
	ssl.keystore.location = null
	ssl.keystore.password = null
	ssl.keystore.type = JKS
	ssl.protocol = TLSv1.3
	ssl.provider = null
	ssl.secure.random.implementation = null
	ssl.trustmanager.algorithm = PKIX
	ssl.truststore.certificates = null
	ssl.truststore.location = null
	ssl.truststore.password = null
	ssl.truststore.type = JKS
	transaction.timeout.ms = 60000
	transactional.id = null
	value.serializer = class io.apicurio.registry.serde.avro.AvroKafkaSerializer

2025-07-31 18:15:53,003 INFO  [org.apa.kaf.com.tel.int.KafkaMetricsCollector] (main) initializing Kafka metrics collector
2025-07-31 18:15:53,010 INFO  [org.apa.kaf.cli.Metadata] (kafka-producer-network-thread | Producer-topic-743cb00c_95b8_4192_be10_b1cc7a450718) [Producer clientId=Producer-topic-743cb00c_95b8_4192_be10_b1cc7a450718] Cluster ID: l9YG0eo6TEyFi47Ppqwpmg
2025-07-31 18:15:53,012 INFO  [org.apa.kaf.cli.pro.int.TransactionManager] (kafka-producer-network-thread | Producer-topic-743cb00c_95b8_4192_be10_b1cc7a450718) [Producer clientId=Producer-topic-743cb00c_95b8_4192_be10_b1cc7a450718] ProducerId set to 19 with epoch 0
2025-07-31 18:15:53,013 INFO  [org.apa.kaf.cli.pro.KafkaProducer] (main) [Producer clientId=Producer-topic-a53d61f0_4a83_4e33_938c_838dd7d88ec3] Instantiated an idempotent producer.
2025-07-31 18:15:53,016 INFO  [org.apa.kaf.cli.pro.ProducerConfig] (main) These configurations '[apicurio.registry.url, apicurio.registry.artifact-resolver-strategy]' were supplied but are not used yet.
2025-07-31 18:15:53,016 INFO  [org.apa.kaf.com.uti.AppInfoParser] (main) Kafka version: 3.9.1
2025-07-31 18:15:53,016 INFO  [org.apa.kaf.com.uti.AppInfoParser] (main) Kafka commitId: f745dfdcee2b9851
2025-07-31 18:15:53,016 INFO  [org.apa.kaf.com.uti.AppInfoParser] (main) Kafka startTimeMs: 1753985753016
**** Registry Base URL: http://registry-app-mysql.apps.ci419.apicurio-testing.org:80
2025-07-31 18:15:53,016 INFO  [org.apa.kaf.cli.pro.ProducerConfig] (main) ProducerConfig values: 
	acks = -1
	auto.include.jmx.reporter = true
	batch.size = 16384
	bootstrap.servers = [PLAINTEXT://localhost:32770]
	buffer.memory = 33554432
	client.dns.lookup = use_all_dns_ips
	client.id = Producer-topic-25ca324c_a2ba_49d1_a3c6_23238087c2d7
	compression.gzip.level = -1
	compression.lz4.level = 9
	compression.type = none
	compression.zstd.level = 3
	connections.max.idle.ms = 10000
	delivery.timeout.ms = 120000
	enable.idempotence = true
	enable.metrics.push = true
	interceptor.classes = []
	key.serializer = class org.apache.kafka.common.serialization.StringSerializer
	linger.ms = 0
	max.block.ms = 60000
	max.in.flight.requests.per.connection = 5
	max.request.size = 1048576
	metadata.max.age.ms = 300000
	metadata.max.idle.ms = 300000
	metadata.recovery.strategy = none
	metric.reporters = []
	metrics.num.samples = 2
	metrics.recording.level = INFO
	metrics.sample.window.ms = 30000
	partitioner.adaptive.partitioning.enable = true
	partitioner.availability.timeout.ms = 0
	partitioner.class = null
	partitioner.ignore.keys = false
	receive.buffer.bytes = 32768
	reconnect.backoff.max.ms = 1000
	reconnect.backoff.ms = 50
	request.timeout.ms = 5000
	retries = 2147483647
	retry.backoff.max.ms = 1000
	retry.backoff.ms = 100
	sasl.client.callback.handler.class = null
	sasl.jaas.config = null
	sasl.kerberos.kinit.cmd = /usr/bin/kinit
	sasl.kerberos.min.time.before.relogin = 60000
	sasl.kerberos.service.name = null
	sasl.kerberos.ticket.renew.jitter = 0.05
	sasl.kerberos.ticket.renew.window.factor = 0.8
	sasl.login.callback.handler.class = null
	sasl.login.class = null
	sasl.login.connect.timeout.ms = null
	sasl.login.read.timeout.ms = null
	sasl.login.refresh.buffer.seconds = 300
	sasl.login.refresh.min.period.seconds = 60
	sasl.login.refresh.window.factor = 0.8
	sasl.login.refresh.window.jitter = 0.05
	sasl.login.retry.backoff.max.ms = 10000
	sasl.login.retry.backoff.ms = 100
	sasl.mechanism = GSSAPI
	sasl.oauthbearer.clock.skew.seconds = 30
	sasl.oauthbearer.expected.audience = null
	sasl.oauthbearer.expected.issuer = null
	sasl.oauthbearer.header.urlencode = false
	sasl.oauthbearer.jwks.endpoint.refresh.ms = 3600000
	sasl.oauthbearer.jwks.endpoint.retry.backoff.max.ms = 10000
	sasl.oauthbearer.jwks.endpoint.retry.backoff.ms = 100
	sasl.oauthbearer.jwks.endpoint.url = null
	sasl.oauthbearer.scope.claim.name = scope
	sasl.oauthbearer.sub.claim.name = sub
	sasl.oauthbearer.token.endpoint.url = null
	security.protocol = PLAINTEXT
	security.providers = null
	send.buffer.bytes = 131072
	socket.connection.setup.timeout.max.ms = 30000
	socket.connection.setup.timeout.ms = 10000
	ssl.cipher.suites = null
	ssl.enabled.protocols = [TLSv1.2, TLSv1.3]
	ssl.endpoint.identification.algorithm = https
	ssl.engine.factory.class = null
	ssl.key.password = null
	ssl.keymanager.algorithm = SunX509
	ssl.keystore.certificate.chain = null
	ssl.keystore.key = null
	ssl.keystore.location = null
	ssl.keystore.password = null
	ssl.keystore.type = JKS
	ssl.protocol = TLSv1.3
	ssl.provider = null
	ssl.secure.random.implementation = null
	ssl.trustmanager.algorithm = PKIX
	ssl.truststore.certificates = null
	ssl.truststore.location = null
	ssl.truststore.password = null
	ssl.truststore.type = JKS
	transaction.timeout.ms = 60000
	transactional.id = null
	value.serializer = class io.apicurio.registry.serde.avro.AvroKafkaSerializer

2025-07-31 18:15:53,017 INFO  [org.apa.kaf.com.tel.int.KafkaMetricsCollector] (main) initializing Kafka metrics collector
2025-07-31 18:15:53,026 INFO  [org.apa.kaf.cli.Metadata] (kafka-producer-network-thread | Producer-topic-a53d61f0_4a83_4e33_938c_838dd7d88ec3) [Producer clientId=Producer-topic-a53d61f0_4a83_4e33_938c_838dd7d88ec3] Cluster ID: l9YG0eo6TEyFi47Ppqwpmg
2025-07-31 18:15:53,026 INFO  [org.apa.kaf.cli.pro.KafkaProducer] (main) [Producer clientId=Producer-topic-25ca324c_a2ba_49d1_a3c6_23238087c2d7] Instantiated an idempotent producer.
2025-07-31 18:15:53,026 INFO  [org.apa.kaf.cli.pro.int.TransactionManager] (kafka-producer-network-thread | Producer-topic-a53d61f0_4a83_4e33_938c_838dd7d88ec3) [Producer clientId=Producer-topic-a53d61f0_4a83_4e33_938c_838dd7d88ec3] ProducerId set to 20 with epoch 0
2025-07-31 18:15:53,030 INFO  [org.apa.kaf.cli.pro.ProducerConfig] (main) These configurations '[apicurio.registry.url, apicurio.registry.artifact-resolver-strategy]' were supplied but are not used yet.
2025-07-31 18:15:53,030 INFO  [org.apa.kaf.com.uti.AppInfoParser] (main) Kafka version: 3.9.1
2025-07-31 18:15:53,030 INFO  [org.apa.kaf.com.uti.AppInfoParser] (main) Kafka commitId: f745dfdcee2b9851
2025-07-31 18:15:53,030 INFO  [org.apa.kaf.com.uti.AppInfoParser] (main) Kafka startTimeMs: 1753985753030
**** Registry Base URL: http://registry-app-mysql.apps.ci419.apicurio-testing.org:80
2025-07-31 18:15:53,030 INFO  [org.apa.kaf.cli.con.ConsumerConfig] (main) ConsumerConfig values: 
	allow.auto.create.topics = true
	auto.commit.interval.ms = 500
	auto.include.jmx.reporter = true
	auto.offset.reset = earliest
	bootstrap.servers = [PLAINTEXT://localhost:32770]
	check.crcs = true
	client.dns.lookup = use_all_dns_ips
	client.id = consumer-Consumer-topic-743cb00c_95b8_4192_be10_b1cc7a450718-14
	client.rack = 
	connections.max.idle.ms = 10000
	default.api.timeout.ms = 60000
	enable.auto.commit = true
	enable.metrics.push = true
	exclude.internal.topics = true
	fetch.max.bytes = 52428800
	fetch.max.wait.ms = 500
	fetch.min.bytes = 1
	group.id = Consumer-topic-743cb00c_95b8_4192_be10_b1cc7a450718
	group.instance.id = null
	group.protocol = classic
	group.remote.assignor = null
	heartbeat.interval.ms = 3000
	interceptor.classes = []
	internal.leave.group.on.close = true
	internal.throw.on.fetch.stable.offset.unsupported = false
	isolation.level = read_uncommitted
	key.deserializer = class org.apache.kafka.common.serialization.StringDeserializer
	max.partition.fetch.bytes = 1048576
	max.poll.interval.ms = 300000
	max.poll.records = 500
	metadata.max.age.ms = 300000
	metadata.recovery.strategy = none
	metric.reporters = []
	metrics.num.samples = 2
	metrics.recording.level = INFO
	metrics.sample.window.ms = 30000
	partition.assignment.strategy = [class org.apache.kafka.clients.consumer.RangeAssignor, class org.apache.kafka.clients.consumer.CooperativeStickyAssignor]
	receive.buffer.bytes = 65536
	reconnect.backoff.max.ms = 1000
	reconnect.backoff.ms = 50
	request.timeout.ms = 5000
	retry.backoff.max.ms = 1000
	retry.backoff.ms = 100
	sasl.client.callback.handler.class = null
	sasl.jaas.config = null
	sasl.kerberos.kinit.cmd = /usr/bin/kinit
	sasl.kerberos.min.time.before.relogin = 60000
	sasl.kerberos.service.name = null
	sasl.kerberos.ticket.renew.jitter = 0.05
	sasl.kerberos.ticket.renew.window.factor = 0.8
	sasl.login.callback.handler.class = null
	sasl.login.class = null
	sasl.login.connect.timeout.ms = null
	sasl.login.read.timeout.ms = null
	sasl.login.refresh.buffer.seconds = 300
	sasl.login.refresh.min.period.seconds = 60
	sasl.login.refresh.window.factor = 0.8
	sasl.login.refresh.window.jitter = 0.05
	sasl.login.retry.backoff.max.ms = 10000
	sasl.login.retry.backoff.ms = 100
	sasl.mechanism = GSSAPI
	sasl.oauthbearer.clock.skew.seconds = 30
	sasl.oauthbearer.expected.audience = null
	sasl.oauthbearer.expected.issuer = null
	sasl.oauthbearer.header.urlencode = false
	sasl.oauthbearer.jwks.endpoint.refresh.ms = 3600000
	sasl.oauthbearer.jwks.endpoint.retry.backoff.max.ms = 10000
	sasl.oauthbearer.jwks.endpoint.retry.backoff.ms = 100
	sasl.oauthbearer.jwks.endpoint.url = null
	sasl.oauthbearer.scope.claim.name = scope
	sasl.oauthbearer.sub.claim.name = sub
	sasl.oauthbearer.token.endpoint.url = null
	security.protocol = PLAINTEXT
	security.providers = null
	send.buffer.bytes = 131072
	session.timeout.ms = 45000
	socket.connection.setup.timeout.max.ms = 30000
	socket.connection.setup.timeout.ms = 10000
	ssl.cipher.suites = null
	ssl.enabled.protocols = [TLSv1.2, TLSv1.3]
	ssl.endpoint.identification.algorithm = https
	ssl.engine.factory.class = null
	ssl.key.password = null
	ssl.keymanager.algorithm = SunX509
	ssl.keystore.certificate.chain = null
	ssl.keystore.key = null
	ssl.keystore.location = null
	ssl.keystore.password = null
	ssl.keystore.type = JKS
	ssl.protocol = TLSv1.3
	ssl.provider = null
	ssl.secure.random.implementation = null
	ssl.trustmanager.algorithm = PKIX
	ssl.truststore.certificates = null
	ssl.truststore.location = null
	ssl.truststore.password = null
	ssl.truststore.type = JKS
	value.deserializer = class io.apicurio.registry.serde.avro.AvroKafkaDeserializer

2025-07-31 18:15:53,031 INFO  [org.apa.kaf.com.tel.int.KafkaMetricsCollector] (main) initializing Kafka metrics collector
2025-07-31 18:15:53,038 INFO  [org.apa.kaf.cli.Metadata] (kafka-producer-network-thread | Producer-topic-25ca324c_a2ba_49d1_a3c6_23238087c2d7) [Producer clientId=Producer-topic-25ca324c_a2ba_49d1_a3c6_23238087c2d7] Cluster ID: l9YG0eo6TEyFi47Ppqwpmg
2025-07-31 18:15:53,039 INFO  [org.apa.kaf.cli.pro.int.TransactionManager] (kafka-producer-network-thread | Producer-topic-25ca324c_a2ba_49d1_a3c6_23238087c2d7) [Producer clientId=Producer-topic-25ca324c_a2ba_49d1_a3c6_23238087c2d7] ProducerId set to 21 with epoch 0
2025-07-31 18:15:53,046 INFO  [org.apa.kaf.cli.con.ConsumerConfig] (main) These configurations '[apicurio.registry.url]' were supplied but are not used yet.
2025-07-31 18:15:53,046 INFO  [org.apa.kaf.com.uti.AppInfoParser] (main) Kafka version: 3.9.1
2025-07-31 18:15:53,046 INFO  [org.apa.kaf.com.uti.AppInfoParser] (main) Kafka commitId: f745dfdcee2b9851
2025-07-31 18:15:53,046 INFO  [org.apa.kaf.com.uti.AppInfoParser] (main) Kafka startTimeMs: 1753985753046
**** Registry Base URL: http://registry-app-mysql.apps.ci419.apicurio-testing.org:80
2025-07-31 18:15:53,047 INFO  [org.apa.kaf.cli.con.ConsumerConfig] (main) ConsumerConfig values: 
	allow.auto.create.topics = true
	auto.commit.interval.ms = 500
	auto.include.jmx.reporter = true
	auto.offset.reset = earliest
	bootstrap.servers = [PLAINTEXT://localhost:32770]
	check.crcs = true
	client.dns.lookup = use_all_dns_ips
	client.id = consumer-Consumer-topic-a53d61f0_4a83_4e33_938c_838dd7d88ec3-15
	client.rack = 
	connections.max.idle.ms = 10000
	default.api.timeout.ms = 60000
	enable.auto.commit = true
	enable.metrics.push = true
	exclude.internal.topics = true
	fetch.max.bytes = 52428800
	fetch.max.wait.ms = 500
	fetch.min.bytes = 1
	group.id = Consumer-topic-a53d61f0_4a83_4e33_938c_838dd7d88ec3
	group.instance.id = null
	group.protocol = classic
	group.remote.assignor = null
	heartbeat.interval.ms = 3000
	interceptor.classes = []
	internal.leave.group.on.close = true
	internal.throw.on.fetch.stable.offset.unsupported = false
	isolation.level = read_uncommitted
	key.deserializer = class org.apache.kafka.common.serialization.StringDeserializer
	max.partition.fetch.bytes = 1048576
	max.poll.interval.ms = 300000
	max.poll.records = 500
	metadata.max.age.ms = 300000
	metadata.recovery.strategy = none
	metric.reporters = []
	metrics.num.samples = 2
	metrics.recording.level = INFO
	metrics.sample.window.ms = 30000
	partition.assignment.strategy = [class org.apache.kafka.clients.consumer.RangeAssignor, class org.apache.kafka.clients.consumer.CooperativeStickyAssignor]
	receive.buffer.bytes = 65536
	reconnect.backoff.max.ms = 1000
	reconnect.backoff.ms = 50
	request.timeout.ms = 5000
	retry.backoff.max.ms = 1000
	retry.backoff.ms = 100
	sasl.client.callback.handler.class = null
	sasl.jaas.config = null
	sasl.kerberos.kinit.cmd = /usr/bin/kinit
	sasl.kerberos.min.time.before.relogin = 60000
	sasl.kerberos.service.name = null
	sasl.kerberos.ticket.renew.jitter = 0.05
	sasl.kerberos.ticket.renew.window.factor = 0.8
	sasl.login.callback.handler.class = null
	sasl.login.class = null
	sasl.login.connect.timeout.ms = null
	sasl.login.read.timeout.ms = null
	sasl.login.refresh.buffer.seconds = 300
	sasl.login.refresh.min.period.seconds = 60
	sasl.login.refresh.window.factor = 0.8
	sasl.login.refresh.window.jitter = 0.05
	sasl.login.retry.backoff.max.ms = 10000
	sasl.login.retry.backoff.ms = 100
	sasl.mechanism = GSSAPI
	sasl.oauthbearer.clock.skew.seconds = 30
	sasl.oauthbearer.expected.audience = null
	sasl.oauthbearer.expected.issuer = null
	sasl.oauthbearer.header.urlencode = false
	sasl.oauthbearer.jwks.endpoint.refresh.ms = 3600000
	sasl.oauthbearer.jwks.endpoint.retry.backoff.max.ms = 10000
	sasl.oauthbearer.jwks.endpoint.retry.backoff.ms = 100
	sasl.oauthbearer.jwks.endpoint.url = null
	sasl.oauthbearer.scope.claim.name = scope
	sasl.oauthbearer.sub.claim.name = sub
	sasl.oauthbearer.token.endpoint.url = null
	security.protocol = PLAINTEXT
	security.providers = null
	send.buffer.bytes = 131072
	session.timeout.ms = 45000
	socket.connection.setup.timeout.max.ms = 30000
	socket.connection.setup.timeout.ms = 10000
	ssl.cipher.suites = null
	ssl.enabled.protocols = [TLSv1.2, TLSv1.3]
	ssl.endpoint.identification.algorithm = https
	ssl.engine.factory.class = null
	ssl.key.password = null
	ssl.keymanager.algorithm = SunX509
	ssl.keystore.certificate.chain = null
	ssl.keystore.key = null
	ssl.keystore.location = null
	ssl.keystore.password = null
	ssl.keystore.type = JKS
	ssl.protocol = TLSv1.3
	ssl.provider = null
	ssl.secure.random.implementation = null
	ssl.trustmanager.algorithm = PKIX
	ssl.truststore.certificates = null
	ssl.truststore.location = null
	ssl.truststore.password = null
	ssl.truststore.type = JKS
	value.deserializer = class io.apicurio.registry.serde.avro.AvroKafkaDeserializer

2025-07-31 18:15:53,047 INFO  [org.apa.kaf.com.tel.int.KafkaMetricsCollector] (main) initializing Kafka metrics collector
2025-07-31 18:15:53,053 INFO  [org.apa.kaf.cli.con.ConsumerConfig] (main) These configurations '[apicurio.registry.url]' were supplied but are not used yet.
2025-07-31 18:15:53,053 INFO  [org.apa.kaf.com.uti.AppInfoParser] (main) Kafka version: 3.9.1
2025-07-31 18:15:53,053 INFO  [org.apa.kaf.com.uti.AppInfoParser] (main) Kafka commitId: f745dfdcee2b9851
2025-07-31 18:15:53,053 INFO  [org.apa.kaf.com.uti.AppInfoParser] (main) Kafka startTimeMs: 1753985753053
**** Registry Base URL: http://registry-app-mysql.apps.ci419.apicurio-testing.org:80
2025-07-31 18:15:53,054 INFO  [org.apa.kaf.cli.con.ConsumerConfig] (main) ConsumerConfig values: 
	allow.auto.create.topics = true
	auto.commit.interval.ms = 500
	auto.include.jmx.reporter = true
	auto.offset.reset = earliest
	bootstrap.servers = [PLAINTEXT://localhost:32770]
	check.crcs = true
	client.dns.lookup = use_all_dns_ips
	client.id = consumer-Consumer-topic-25ca324c_a2ba_49d1_a3c6_23238087c2d7-16
	client.rack = 
	connections.max.idle.ms = 10000
	default.api.timeout.ms = 60000
	enable.auto.commit = true
	enable.metrics.push = true
	exclude.internal.topics = true
	fetch.max.bytes = 52428800
	fetch.max.wait.ms = 500
	fetch.min.bytes = 1
	group.id = Consumer-topic-25ca324c_a2ba_49d1_a3c6_23238087c2d7
	group.instance.id = null
	group.protocol = classic
	group.remote.assignor = null
	heartbeat.interval.ms = 3000
	interceptor.classes = []
	internal.leave.group.on.close = true
	internal.throw.on.fetch.stable.offset.unsupported = false
	isolation.level = read_uncommitted
	key.deserializer = class org.apache.kafka.common.serialization.StringDeserializer
	max.partition.fetch.bytes = 1048576
	max.poll.interval.ms = 300000
	max.poll.records = 500
	metadata.max.age.ms = 300000
	metadata.recovery.strategy = none
	metric.reporters = []
	metrics.num.samples = 2
	metrics.recording.level = INFO
	metrics.sample.window.ms = 30000
	partition.assignment.strategy = [class org.apache.kafka.clients.consumer.RangeAssignor, class org.apache.kafka.clients.consumer.CooperativeStickyAssignor]
	receive.buffer.bytes = 65536
	reconnect.backoff.max.ms = 1000
	reconnect.backoff.ms = 50
	request.timeout.ms = 5000
	retry.backoff.max.ms = 1000
	retry.backoff.ms = 100
	sasl.client.callback.handler.class = null
	sasl.jaas.config = null
	sasl.kerberos.kinit.cmd = /usr/bin/kinit
	sasl.kerberos.min.time.before.relogin = 60000
	sasl.kerberos.service.name = null
	sasl.kerberos.ticket.renew.jitter = 0.05
	sasl.kerberos.ticket.renew.window.factor = 0.8
	sasl.login.callback.handler.class = null
	sasl.login.class = null
	sasl.login.connect.timeout.ms = null
	sasl.login.read.timeout.ms = null
	sasl.login.refresh.buffer.seconds = 300
	sasl.login.refresh.min.period.seconds = 60
	sasl.login.refresh.window.factor = 0.8
	sasl.login.refresh.window.jitter = 0.05
	sasl.login.retry.backoff.max.ms = 10000
	sasl.login.retry.backoff.ms = 100
	sasl.mechanism = GSSAPI
	sasl.oauthbearer.clock.skew.seconds = 30
	sasl.oauthbearer.expected.audience = null
	sasl.oauthbearer.expected.issuer = null
	sasl.oauthbearer.header.urlencode = false
	sasl.oauthbearer.jwks.endpoint.refresh.ms = 3600000
	sasl.oauthbearer.jwks.endpoint.retry.backoff.max.ms = 10000
	sasl.oauthbearer.jwks.endpoint.retry.backoff.ms = 100
	sasl.oauthbearer.jwks.endpoint.url = null
	sasl.oauthbearer.scope.claim.name = scope
	sasl.oauthbearer.sub.claim.name = sub
	sasl.oauthbearer.token.endpoint.url = null
	security.protocol = PLAINTEXT
	security.providers = null
	send.buffer.bytes = 131072
	session.timeout.ms = 45000
	socket.connection.setup.timeout.max.ms = 30000
	socket.connection.setup.timeout.ms = 10000
	ssl.cipher.suites = null
	ssl.enabled.protocols = [TLSv1.2, TLSv1.3]
	ssl.endpoint.identification.algorithm = https
	ssl.engine.factory.class = null
	ssl.key.password = null
	ssl.keymanager.algorithm = SunX509
	ssl.keystore.certificate.chain = null
	ssl.keystore.key = null
	ssl.keystore.location = null
	ssl.keystore.password = null
	ssl.keystore.type = JKS
	ssl.protocol = TLSv1.3
	ssl.provider = null
	ssl.secure.random.implementation = null
	ssl.trustmanager.algorithm = PKIX
	ssl.truststore.certificates = null
	ssl.truststore.location = null
	ssl.truststore.password = null
	ssl.truststore.type = JKS
	value.deserializer = class io.apicurio.registry.serde.avro.AvroKafkaDeserializer

2025-07-31 18:15:53,054 INFO  [org.apa.kaf.com.tel.int.KafkaMetricsCollector] (main) initializing Kafka metrics collector
2025-07-31 18:15:53,061 INFO  [org.apa.kaf.cli.con.ConsumerConfig] (main) These configurations '[apicurio.registry.url]' were supplied but are not used yet.
2025-07-31 18:15:53,061 INFO  [org.apa.kaf.com.uti.AppInfoParser] (main) Kafka version: 3.9.1
2025-07-31 18:15:53,061 INFO  [org.apa.kaf.com.uti.AppInfoParser] (main) Kafka commitId: f745dfdcee2b9851
2025-07-31 18:15:53,061 INFO  [org.apa.kaf.com.uti.AppInfoParser] (main) Kafka startTimeMs: 1753985753061
2025-07-31 18:15:53,062 INFO  [io.api.tes.ser.api.KafkaSerdesTester] (Thread-707) Sending message {"key11753985751926": "value-0"} to topic topic-743cb00c_95b8_4192_be10_b1cc7a450718
2025-07-31 18:15:53,065 INFO  [DefaultSchemaResolver] (Thread-707) Retrieving schema content using string: {"type":"record","name":"myrecordconfluent","fields":[{"name":"key11753985751926","type":"string"}]}
2025-07-31 18:15:53,104 INFO  [io.api.tes.ser.api.KafkaSerdesTester] (Thread-707) Sending message {"key11753985751926": "value-1"} to topic topic-743cb00c_95b8_4192_be10_b1cc7a450718
2025-07-31 18:15:53,110 INFO  [io.api.tes.ser.api.KafkaSerdesTester] (Thread-707) Sending message {"key11753985751926": "value-2"} to topic topic-743cb00c_95b8_4192_be10_b1cc7a450718
2025-07-31 18:15:53,112 INFO  [io.api.tes.ser.api.KafkaSerdesTester] (Thread-707) Sending message {"key11753985751926": "value-3"} to topic topic-743cb00c_95b8_4192_be10_b1cc7a450718
2025-07-31 18:15:53,117 INFO  [io.api.tes.ser.api.KafkaSerdesTester] (Thread-707) Sending message {"key11753985751926": "value-4"} to topic topic-743cb00c_95b8_4192_be10_b1cc7a450718
2025-07-31 18:15:53,124 INFO  [io.api.tes.ser.api.KafkaSerdesTester] (Thread-707) Sending message {"key11753985751926": "value-5"} to topic topic-743cb00c_95b8_4192_be10_b1cc7a450718
2025-07-31 18:15:53,129 INFO  [io.api.tes.ser.api.KafkaSerdesTester] (Thread-707) Sending message {"key11753985751926": "value-6"} to topic topic-743cb00c_95b8_4192_be10_b1cc7a450718
2025-07-31 18:15:53,139 INFO  [io.api.tes.ser.api.KafkaSerdesTester] (Thread-707) Sending message {"key11753985751926": "value-7"} to topic topic-743cb00c_95b8_4192_be10_b1cc7a450718
2025-07-31 18:15:53,147 INFO  [io.api.tes.ser.api.KafkaSerdesTester] (Thread-707) Sending message {"key11753985751926": "value-8"} to topic topic-743cb00c_95b8_4192_be10_b1cc7a450718
2025-07-31 18:15:53,151 INFO  [io.api.tes.ser.api.KafkaSerdesTester] (Thread-707) Sending message {"key11753985751926": "value-9"} to topic topic-743cb00c_95b8_4192_be10_b1cc7a450718
2025-07-31 18:15:53,158 INFO  [io.api.tes.ser.api.KafkaSerdesTester] (Thread-707) Produced 10 messages
2025-07-31 18:15:53,158 INFO  [org.apa.kaf.cli.pro.KafkaProducer] (Thread-707) [Producer clientId=Producer-topic-743cb00c_95b8_4192_be10_b1cc7a450718] Closing the Kafka producer with timeoutMillis = 9223372036854775807 ms.
2025-07-31 18:15:53,165 INFO  [org.apa.kaf.com.met.Metrics] (Thread-707) Metrics scheduler closed
2025-07-31 18:15:53,165 INFO  [org.apa.kaf.com.met.Metrics] (Thread-707) Closing reporter org.apache.kafka.common.metrics.JmxReporter
2025-07-31 18:15:53,166 INFO  [org.apa.kaf.com.met.Metrics] (Thread-707) Closing reporter org.apache.kafka.common.telemetry.internals.ClientTelemetryReporter
2025-07-31 18:15:53,166 INFO  [org.apa.kaf.com.met.Metrics] (Thread-707) Metrics reporters closed
2025-07-31 18:15:53,166 INFO  [org.apa.kaf.com.uti.AppInfoParser] (Thread-707) App info kafka.producer for Producer-topic-743cb00c_95b8_4192_be10_b1cc7a450718 unregistered
2025-07-31 18:15:53,170 INFO  [io.api.tes.ser.api.KafkaSerdesTester] (Thread-708) Sending message {"key11753985751926": "value-0"} to topic topic-a53d61f0_4a83_4e33_938c_838dd7d88ec3
2025-07-31 18:15:53,192 INFO  [DefaultSchemaResolver] (Thread-708) Retrieving schema content using string: {"type":"record","name":"myrecordconfluent","fields":[{"name":"key11753985751926","type":"string"}]}
2025-07-31 18:15:53,232 INFO  [io.api.tes.ser.api.KafkaSerdesTester] (Thread-708) Sending message {"key11753985751926": "value-1"} to topic topic-a53d61f0_4a83_4e33_938c_838dd7d88ec3
2025-07-31 18:15:53,235 INFO  [io.api.tes.ser.api.KafkaSerdesTester] (Thread-708) Sending message {"key11753985751926": "value-2"} to topic topic-a53d61f0_4a83_4e33_938c_838dd7d88ec3
2025-07-31 18:15:53,237 INFO  [io.api.tes.ser.api.KafkaSerdesTester] (Thread-708) Sending message {"key11753985751926": "value-3"} to topic topic-a53d61f0_4a83_4e33_938c_838dd7d88ec3
2025-07-31 18:15:53,238 INFO  [io.api.tes.ser.api.KafkaSerdesTester] (Thread-708) Sending message {"key11753985751926": "value-4"} to topic topic-a53d61f0_4a83_4e33_938c_838dd7d88ec3
2025-07-31 18:15:53,240 INFO  [io.api.tes.ser.api.KafkaSerdesTester] (Thread-708) Sending message {"key11753985751926": "value-5"} to topic topic-a53d61f0_4a83_4e33_938c_838dd7d88ec3
2025-07-31 18:15:53,242 INFO  [io.api.tes.ser.api.KafkaSerdesTester] (Thread-708) Sending message {"key11753985751926": "value-6"} to topic topic-a53d61f0_4a83_4e33_938c_838dd7d88ec3
2025-07-31 18:15:53,243 INFO  [io.api.tes.ser.api.KafkaSerdesTester] (Thread-708) Sending message {"key11753985751926": "value-7"} to topic topic-a53d61f0_4a83_4e33_938c_838dd7d88ec3
2025-07-31 18:15:53,244 INFO  [io.api.tes.ser.api.KafkaSerdesTester] (Thread-708) Sending message {"key11753985751926": "value-8"} to topic topic-a53d61f0_4a83_4e33_938c_838dd7d88ec3
2025-07-31 18:15:53,246 INFO  [io.api.tes.ser.api.KafkaSerdesTester] (Thread-708) Sending message {"key11753985751926": "value-9"} to topic topic-a53d61f0_4a83_4e33_938c_838dd7d88ec3
2025-07-31 18:15:53,247 INFO  [io.api.tes.ser.api.KafkaSerdesTester] (Thread-708) Produced 10 messages
2025-07-31 18:15:53,247 INFO  [org.apa.kaf.cli.pro.KafkaProducer] (Thread-708) [Producer clientId=Producer-topic-a53d61f0_4a83_4e33_938c_838dd7d88ec3] Closing the Kafka producer with timeoutMillis = 9223372036854775807 ms.
2025-07-31 18:15:53,250 INFO  [org.apa.kaf.com.met.Metrics] (Thread-708) Metrics scheduler closed
2025-07-31 18:15:53,250 INFO  [org.apa.kaf.com.met.Metrics] (Thread-708) Closing reporter org.apache.kafka.common.metrics.JmxReporter
2025-07-31 18:15:53,250 INFO  [org.apa.kaf.com.met.Metrics] (Thread-708) Closing reporter org.apache.kafka.common.telemetry.internals.ClientTelemetryReporter
2025-07-31 18:15:53,250 INFO  [org.apa.kaf.com.met.Metrics] (Thread-708) Metrics reporters closed
2025-07-31 18:15:53,251 INFO  [org.apa.kaf.com.uti.AppInfoParser] (Thread-708) App info kafka.producer for Producer-topic-a53d61f0_4a83_4e33_938c_838dd7d88ec3 unregistered
2025-07-31 18:15:53,252 INFO  [io.api.tes.ser.api.KafkaSerdesTester] (Thread-709) Sending message {"key11753985751926": "value-0"} to topic topic-25ca324c_a2ba_49d1_a3c6_23238087c2d7
2025-07-31 18:15:53,259 INFO  [DefaultSchemaResolver] (Thread-709) Retrieving schema content using string: {"type":"record","name":"myrecordconfluent","fields":[{"name":"key11753985751926","type":"string"}]}
2025-07-31 18:15:53,289 INFO  [io.api.tes.ser.api.KafkaSerdesTester] (Thread-709) Sending message {"key11753985751926": "value-1"} to topic topic-25ca324c_a2ba_49d1_a3c6_23238087c2d7
2025-07-31 18:15:53,291 INFO  [io.api.tes.ser.api.KafkaSerdesTester] (Thread-709) Sending message {"key11753985751926": "value-2"} to topic topic-25ca324c_a2ba_49d1_a3c6_23238087c2d7
2025-07-31 18:15:53,293 INFO  [io.api.tes.ser.api.KafkaSerdesTester] (Thread-709) Sending message {"key11753985751926": "value-3"} to topic topic-25ca324c_a2ba_49d1_a3c6_23238087c2d7
2025-07-31 18:15:53,294 INFO  [io.api.tes.ser.api.KafkaSerdesTester] (Thread-709) Sending message {"key11753985751926": "value-4"} to topic topic-25ca324c_a2ba_49d1_a3c6_23238087c2d7
2025-07-31 18:15:53,295 INFO  [io.api.tes.ser.api.KafkaSerdesTester] (Thread-709) Sending message {"key11753985751926": "value-5"} to topic topic-25ca324c_a2ba_49d1_a3c6_23238087c2d7
2025-07-31 18:15:53,296 INFO  [io.api.tes.ser.api.KafkaSerdesTester] (Thread-709) Sending message {"key11753985751926": "value-6"} to topic topic-25ca324c_a2ba_49d1_a3c6_23238087c2d7
2025-07-31 18:15:53,297 INFO  [io.api.tes.ser.api.KafkaSerdesTester] (Thread-709) Sending message {"key11753985751926": "value-7"} to topic topic-25ca324c_a2ba_49d1_a3c6_23238087c2d7
2025-07-31 18:15:53,299 INFO  [io.api.tes.ser.api.KafkaSerdesTester] (Thread-709) Sending message {"key11753985751926": "value-8"} to topic topic-25ca324c_a2ba_49d1_a3c6_23238087c2d7
2025-07-31 18:15:53,300 INFO  [io.api.tes.ser.api.KafkaSerdesTester] (Thread-709) Sending message {"key11753985751926": "value-9"} to topic topic-25ca324c_a2ba_49d1_a3c6_23238087c2d7
2025-07-31 18:15:53,302 INFO  [io.api.tes.ser.api.KafkaSerdesTester] (Thread-709) Produced 10 messages
2025-07-31 18:15:53,302 INFO  [org.apa.kaf.cli.pro.KafkaProducer] (Thread-709) [Producer clientId=Producer-topic-25ca324c_a2ba_49d1_a3c6_23238087c2d7] Closing the Kafka producer with timeoutMillis = 9223372036854775807 ms.
2025-07-31 18:15:53,304 INFO  [org.apa.kaf.com.met.Metrics] (Thread-709) Metrics scheduler closed
2025-07-31 18:15:53,304 INFO  [org.apa.kaf.com.met.Metrics] (Thread-709) Closing reporter org.apache.kafka.common.metrics.JmxReporter
2025-07-31 18:15:53,304 INFO  [org.apa.kaf.com.met.Metrics] (Thread-709) Closing reporter org.apache.kafka.common.telemetry.internals.ClientTelemetryReporter
2025-07-31 18:15:53,304 INFO  [org.apa.kaf.com.met.Metrics] (Thread-709) Metrics reporters closed
2025-07-31 18:15:53,304 INFO  [org.apa.kaf.com.uti.AppInfoParser] (Thread-709) App info kafka.producer for Producer-topic-25ca324c_a2ba_49d1_a3c6_23238087c2d7 unregistered
2025-07-31 18:15:53,305 INFO  [org.apa.kaf.cli.con.int.ClassicKafkaConsumer] (Thread-710) [Consumer clientId=consumer-Consumer-topic-743cb00c_95b8_4192_be10_b1cc7a450718-14, groupId=Consumer-topic-743cb00c_95b8_4192_be10_b1cc7a450718] Subscribed to topic(s): topic-743cb00c_95b8_4192_be10_b1cc7a450718
2025-07-31 18:15:53,310 INFO  [org.apa.kaf.cli.Metadata] (Thread-710) [Consumer clientId=consumer-Consumer-topic-743cb00c_95b8_4192_be10_b1cc7a450718-14, groupId=Consumer-topic-743cb00c_95b8_4192_be10_b1cc7a450718] Cluster ID: l9YG0eo6TEyFi47Ppqwpmg
2025-07-31 18:15:53,310 INFO  [org.apa.kaf.cli.con.int.ConsumerCoordinator] (Thread-710) [Consumer clientId=consumer-Consumer-topic-743cb00c_95b8_4192_be10_b1cc7a450718-14, groupId=Consumer-topic-743cb00c_95b8_4192_be10_b1cc7a450718] Discovered group coordinator localhost:32770 (id: 2147483647 rack: null)
2025-07-31 18:15:53,311 INFO  [org.apa.kaf.cli.con.int.ConsumerCoordinator] (Thread-710) [Consumer clientId=consumer-Consumer-topic-743cb00c_95b8_4192_be10_b1cc7a450718-14, groupId=Consumer-topic-743cb00c_95b8_4192_be10_b1cc7a450718] (Re-)joining group
2025-07-31 18:15:53,314 INFO  [org.apa.kaf.cli.con.int.ConsumerCoordinator] (Thread-710) [Consumer clientId=consumer-Consumer-topic-743cb00c_95b8_4192_be10_b1cc7a450718-14, groupId=Consumer-topic-743cb00c_95b8_4192_be10_b1cc7a450718] Request joining group due to: need to re-join with the given member-id: consumer-Consumer-topic-743cb00c_95b8_4192_be10_b1cc7a450718-14-6386db40-257e-4c72-8f37-04da0fc20559
2025-07-31 18:15:53,314 INFO  [org.apa.kaf.cli.con.int.ConsumerCoordinator] (Thread-710) [Consumer clientId=consumer-Consumer-topic-743cb00c_95b8_4192_be10_b1cc7a450718-14, groupId=Consumer-topic-743cb00c_95b8_4192_be10_b1cc7a450718] (Re-)joining group
2025-07-31 18:15:53,316 INFO  [org.apa.kaf.cli.con.int.ConsumerCoordinator] (Thread-710) [Consumer clientId=consumer-Consumer-topic-743cb00c_95b8_4192_be10_b1cc7a450718-14, groupId=Consumer-topic-743cb00c_95b8_4192_be10_b1cc7a450718] Successfully joined group with generation Generation{generationId=1, memberId='consumer-Consumer-topic-743cb00c_95b8_4192_be10_b1cc7a450718-14-6386db40-257e-4c72-8f37-04da0fc20559', protocol='range'}
2025-07-31 18:15:53,317 INFO  [org.apa.kaf.cli.con.int.ConsumerCoordinator] (Thread-710) [Consumer clientId=consumer-Consumer-topic-743cb00c_95b8_4192_be10_b1cc7a450718-14, groupId=Consumer-topic-743cb00c_95b8_4192_be10_b1cc7a450718] Finished assignment for group at generation 1: {consumer-Consumer-topic-743cb00c_95b8_4192_be10_b1cc7a450718-14-6386db40-257e-4c72-8f37-04da0fc20559=Assignment(partitions=[topic-743cb00c_95b8_4192_be10_b1cc7a450718-0])}
2025-07-31 18:15:53,319 INFO  [org.apa.kaf.cli.con.int.ConsumerCoordinator] (Thread-710) [Consumer clientId=consumer-Consumer-topic-743cb00c_95b8_4192_be10_b1cc7a450718-14, groupId=Consumer-topic-743cb00c_95b8_4192_be10_b1cc7a450718] Successfully synced group in generation Generation{generationId=1, memberId='consumer-Consumer-topic-743cb00c_95b8_4192_be10_b1cc7a450718-14-6386db40-257e-4c72-8f37-04da0fc20559', protocol='range'}
2025-07-31 18:15:53,319 INFO  [org.apa.kaf.cli.con.int.ConsumerCoordinator] (Thread-710) [Consumer clientId=consumer-Consumer-topic-743cb00c_95b8_4192_be10_b1cc7a450718-14, groupId=Consumer-topic-743cb00c_95b8_4192_be10_b1cc7a450718] Notifying assignor about the new Assignment(partitions=[topic-743cb00c_95b8_4192_be10_b1cc7a450718-0])
2025-07-31 18:15:53,319 INFO  [org.apa.kaf.cli.con.int.ConsumerRebalanceListenerInvoker] (Thread-710) [Consumer clientId=consumer-Consumer-topic-743cb00c_95b8_4192_be10_b1cc7a450718-14, groupId=Consumer-topic-743cb00c_95b8_4192_be10_b1cc7a450718] Adding newly assigned partitions: topic-743cb00c_95b8_4192_be10_b1cc7a450718-0
2025-07-31 18:15:53,320 INFO  [org.apa.kaf.cli.con.int.ConsumerCoordinator] (Thread-710) [Consumer clientId=consumer-Consumer-topic-743cb00c_95b8_4192_be10_b1cc7a450718-14, groupId=Consumer-topic-743cb00c_95b8_4192_be10_b1cc7a450718] Found no committed offset for partition topic-743cb00c_95b8_4192_be10_b1cc7a450718-0
2025-07-31 18:15:53,323 INFO  [org.apa.kaf.cli.con.int.SubscriptionState] (Thread-710) [Consumer clientId=consumer-Consumer-topic-743cb00c_95b8_4192_be10_b1cc7a450718-14, groupId=Consumer-topic-743cb00c_95b8_4192_be10_b1cc7a450718] Resetting offset for partition topic-743cb00c_95b8_4192_be10_b1cc7a450718-0 to position FetchPosition{offset=0, offsetEpoch=Optional.empty, currentLeader=LeaderAndEpoch{leader=Optional[localhost:32770 (id: 0 rack: null)], epoch=0}}.
2025-07-31 18:15:53,366 INFO  [io.api.tes.ser.api.KafkaSerdesTester] (Thread-710) topic-743cb00c_95b8_4192_be10_b1cc7a450718 0 0 {"key11753985751926": "value-0"}
2025-07-31 18:15:53,367 INFO  [io.api.tes.ser.api.KafkaSerdesTester] (Thread-710) topic-743cb00c_95b8_4192_be10_b1cc7a450718 0 1 {"key11753985751926": "value-1"}
2025-07-31 18:15:53,367 INFO  [io.api.tes.ser.api.KafkaSerdesTester] (Thread-710) topic-743cb00c_95b8_4192_be10_b1cc7a450718 0 2 {"key11753985751926": "value-2"}
2025-07-31 18:15:53,367 INFO  [io.api.tes.ser.api.KafkaSerdesTester] (Thread-710) topic-743cb00c_95b8_4192_be10_b1cc7a450718 0 3 {"key11753985751926": "value-3"}
2025-07-31 18:15:53,367 INFO  [io.api.tes.ser.api.KafkaSerdesTester] (Thread-710) topic-743cb00c_95b8_4192_be10_b1cc7a450718 0 4 {"key11753985751926": "value-4"}
2025-07-31 18:15:53,367 INFO  [io.api.tes.ser.api.KafkaSerdesTester] (Thread-710) topic-743cb00c_95b8_4192_be10_b1cc7a450718 0 5 {"key11753985751926": "value-5"}
2025-07-31 18:15:53,367 INFO  [io.api.tes.ser.api.KafkaSerdesTester] (Thread-710) topic-743cb00c_95b8_4192_be10_b1cc7a450718 0 6 {"key11753985751926": "value-6"}
2025-07-31 18:15:53,367 INFO  [io.api.tes.ser.api.KafkaSerdesTester] (Thread-710) topic-743cb00c_95b8_4192_be10_b1cc7a450718 0 7 {"key11753985751926": "value-7"}
2025-07-31 18:15:53,367 INFO  [io.api.tes.ser.api.KafkaSerdesTester] (Thread-710) topic-743cb00c_95b8_4192_be10_b1cc7a450718 0 8 {"key11753985751926": "value-8"}
2025-07-31 18:15:53,367 INFO  [io.api.tes.ser.api.KafkaSerdesTester] (Thread-710) topic-743cb00c_95b8_4192_be10_b1cc7a450718 0 9 {"key11753985751926": "value-9"}
2025-07-31 18:15:53,367 INFO  [io.api.tes.ser.api.KafkaSerdesTester] (Thread-710) Consumed 10 messages
2025-07-31 18:15:53,369 INFO  [org.apa.kaf.cli.con.int.ConsumerRebalanceListenerInvoker] (Thread-710) [Consumer clientId=consumer-Consumer-topic-743cb00c_95b8_4192_be10_b1cc7a450718-14, groupId=Consumer-topic-743cb00c_95b8_4192_be10_b1cc7a450718] Revoke previously assigned partitions topic-743cb00c_95b8_4192_be10_b1cc7a450718-0
2025-07-31 18:15:53,369 INFO  [org.apa.kaf.cli.con.int.ConsumerCoordinator] (Thread-710) [Consumer clientId=consumer-Consumer-topic-743cb00c_95b8_4192_be10_b1cc7a450718-14, groupId=Consumer-topic-743cb00c_95b8_4192_be10_b1cc7a450718] Member consumer-Consumer-topic-743cb00c_95b8_4192_be10_b1cc7a450718-14-6386db40-257e-4c72-8f37-04da0fc20559 sending LeaveGroup request to coordinator localhost:32770 (id: 2147483647 rack: null) due to the consumer is being closed
2025-07-31 18:15:53,370 INFO  [org.apa.kaf.cli.con.int.ConsumerCoordinator] (Thread-710) [Consumer clientId=consumer-Consumer-topic-743cb00c_95b8_4192_be10_b1cc7a450718-14, groupId=Consumer-topic-743cb00c_95b8_4192_be10_b1cc7a450718] Resetting generation and member id due to: consumer pro-actively leaving the group
2025-07-31 18:15:53,370 INFO  [org.apa.kaf.cli.con.int.ConsumerCoordinator] (Thread-710) [Consumer clientId=consumer-Consumer-topic-743cb00c_95b8_4192_be10_b1cc7a450718-14, groupId=Consumer-topic-743cb00c_95b8_4192_be10_b1cc7a450718] Request joining group due to: consumer pro-actively leaving the group
2025-07-31 18:15:53,869 INFO  [org.apa.kaf.com.met.Metrics] (Thread-710) Metrics scheduler closed
2025-07-31 18:15:53,870 INFO  [org.apa.kaf.com.met.Metrics] (Thread-710) Closing reporter org.apache.kafka.common.metrics.JmxReporter
2025-07-31 18:15:53,870 INFO  [org.apa.kaf.com.met.Metrics] (Thread-710) Closing reporter org.apache.kafka.common.telemetry.internals.ClientTelemetryReporter
2025-07-31 18:15:53,870 INFO  [org.apa.kaf.com.met.Metrics] (Thread-710) Metrics reporters closed
2025-07-31 18:15:53,872 INFO  [org.apa.kaf.com.uti.AppInfoParser] (Thread-710) App info kafka.consumer for consumer-Consumer-topic-743cb00c_95b8_4192_be10_b1cc7a450718-14 unregistered
2025-07-31 18:15:53,874 INFO  [org.apa.kaf.cli.con.int.ClassicKafkaConsumer] (Thread-711) [Consumer clientId=consumer-Consumer-topic-a53d61f0_4a83_4e33_938c_838dd7d88ec3-15, groupId=Consumer-topic-a53d61f0_4a83_4e33_938c_838dd7d88ec3] Subscribed to topic(s): topic-a53d61f0_4a83_4e33_938c_838dd7d88ec3
2025-07-31 18:15:53,878 INFO  [org.apa.kaf.cli.Metadata] (Thread-711) [Consumer clientId=consumer-Consumer-topic-a53d61f0_4a83_4e33_938c_838dd7d88ec3-15, groupId=Consumer-topic-a53d61f0_4a83_4e33_938c_838dd7d88ec3] Cluster ID: l9YG0eo6TEyFi47Ppqwpmg
2025-07-31 18:15:53,881 INFO  [org.apa.kaf.cli.con.int.ConsumerCoordinator] (Thread-711) [Consumer clientId=consumer-Consumer-topic-a53d61f0_4a83_4e33_938c_838dd7d88ec3-15, groupId=Consumer-topic-a53d61f0_4a83_4e33_938c_838dd7d88ec3] Discovered group coordinator localhost:32770 (id: 2147483647 rack: null)
2025-07-31 18:15:53,882 INFO  [org.apa.kaf.cli.con.int.ConsumerCoordinator] (Thread-711) [Consumer clientId=consumer-Consumer-topic-a53d61f0_4a83_4e33_938c_838dd7d88ec3-15, groupId=Consumer-topic-a53d61f0_4a83_4e33_938c_838dd7d88ec3] (Re-)joining group
2025-07-31 18:15:53,886 INFO  [org.apa.kaf.cli.con.int.ConsumerCoordinator] (Thread-711) [Consumer clientId=consumer-Consumer-topic-a53d61f0_4a83_4e33_938c_838dd7d88ec3-15, groupId=Consumer-topic-a53d61f0_4a83_4e33_938c_838dd7d88ec3] Request joining group due to: need to re-join with the given member-id: consumer-Consumer-topic-a53d61f0_4a83_4e33_938c_838dd7d88ec3-15-c286762f-bf1e-4485-a3d0-623be9774845
2025-07-31 18:15:53,886 INFO  [org.apa.kaf.cli.con.int.ConsumerCoordinator] (Thread-711) [Consumer clientId=consumer-Consumer-topic-a53d61f0_4a83_4e33_938c_838dd7d88ec3-15, groupId=Consumer-topic-a53d61f0_4a83_4e33_938c_838dd7d88ec3] (Re-)joining group
2025-07-31 18:15:53,888 INFO  [org.apa.kaf.cli.con.int.ConsumerCoordinator] (Thread-711) [Consumer clientId=consumer-Consumer-topic-a53d61f0_4a83_4e33_938c_838dd7d88ec3-15, groupId=Consumer-topic-a53d61f0_4a83_4e33_938c_838dd7d88ec3] Successfully joined group with generation Generation{generationId=1, memberId='consumer-Consumer-topic-a53d61f0_4a83_4e33_938c_838dd7d88ec3-15-c286762f-bf1e-4485-a3d0-623be9774845', protocol='range'}
2025-07-31 18:15:53,888 INFO  [org.apa.kaf.cli.con.int.ConsumerCoordinator] (Thread-711) [Consumer clientId=consumer-Consumer-topic-a53d61f0_4a83_4e33_938c_838dd7d88ec3-15, groupId=Consumer-topic-a53d61f0_4a83_4e33_938c_838dd7d88ec3] Finished assignment for group at generation 1: {consumer-Consumer-topic-a53d61f0_4a83_4e33_938c_838dd7d88ec3-15-c286762f-bf1e-4485-a3d0-623be9774845=Assignment(partitions=[topic-a53d61f0_4a83_4e33_938c_838dd7d88ec3-0])}
2025-07-31 18:15:53,890 INFO  [org.apa.kaf.cli.con.int.ConsumerCoordinator] (Thread-711) [Consumer clientId=consumer-Consumer-topic-a53d61f0_4a83_4e33_938c_838dd7d88ec3-15, groupId=Consumer-topic-a53d61f0_4a83_4e33_938c_838dd7d88ec3] Successfully synced group in generation Generation{generationId=1, memberId='consumer-Consumer-topic-a53d61f0_4a83_4e33_938c_838dd7d88ec3-15-c286762f-bf1e-4485-a3d0-623be9774845', protocol='range'}
2025-07-31 18:15:53,890 INFO  [org.apa.kaf.cli.con.int.ConsumerCoordinator] (Thread-711) [Consumer clientId=consumer-Consumer-topic-a53d61f0_4a83_4e33_938c_838dd7d88ec3-15, groupId=Consumer-topic-a53d61f0_4a83_4e33_938c_838dd7d88ec3] Notifying assignor about the new Assignment(partitions=[topic-a53d61f0_4a83_4e33_938c_838dd7d88ec3-0])
2025-07-31 18:15:53,890 INFO  [org.apa.kaf.cli.con.int.ConsumerRebalanceListenerInvoker] (Thread-711) [Consumer clientId=consumer-Consumer-topic-a53d61f0_4a83_4e33_938c_838dd7d88ec3-15, groupId=Consumer-topic-a53d61f0_4a83_4e33_938c_838dd7d88ec3] Adding newly assigned partitions: topic-a53d61f0_4a83_4e33_938c_838dd7d88ec3-0
2025-07-31 18:15:53,891 INFO  [org.apa.kaf.cli.con.int.ConsumerCoordinator] (Thread-711) [Consumer clientId=consumer-Consumer-topic-a53d61f0_4a83_4e33_938c_838dd7d88ec3-15, groupId=Consumer-topic-a53d61f0_4a83_4e33_938c_838dd7d88ec3] Found no committed offset for partition topic-a53d61f0_4a83_4e33_938c_838dd7d88ec3-0
2025-07-31 18:15:53,897 INFO  [org.apa.kaf.cli.con.int.SubscriptionState] (Thread-711) [Consumer clientId=consumer-Consumer-topic-a53d61f0_4a83_4e33_938c_838dd7d88ec3-15, groupId=Consumer-topic-a53d61f0_4a83_4e33_938c_838dd7d88ec3] Resetting offset for partition topic-a53d61f0_4a83_4e33_938c_838dd7d88ec3-0 to position FetchPosition{offset=0, offsetEpoch=Optional.empty, currentLeader=LeaderAndEpoch{leader=Optional[localhost:32770 (id: 0 rack: null)], epoch=0}}.
2025-07-31 18:15:53,942 INFO  [io.api.tes.ser.api.KafkaSerdesTester] (Thread-711) topic-a53d61f0_4a83_4e33_938c_838dd7d88ec3 0 0 {"key11753985751926": "value-0"}
2025-07-31 18:15:53,942 INFO  [io.api.tes.ser.api.KafkaSerdesTester] (Thread-711) topic-a53d61f0_4a83_4e33_938c_838dd7d88ec3 0 1 {"key11753985751926": "value-1"}
2025-07-31 18:15:53,942 INFO  [io.api.tes.ser.api.KafkaSerdesTester] (Thread-711) topic-a53d61f0_4a83_4e33_938c_838dd7d88ec3 0 2 {"key11753985751926": "value-2"}
2025-07-31 18:15:53,942 INFO  [io.api.tes.ser.api.KafkaSerdesTester] (Thread-711) topic-a53d61f0_4a83_4e33_938c_838dd7d88ec3 0 3 {"key11753985751926": "value-3"}
2025-07-31 18:15:53,942 INFO  [io.api.tes.ser.api.KafkaSerdesTester] (Thread-711) topic-a53d61f0_4a83_4e33_938c_838dd7d88ec3 0 4 {"key11753985751926": "value-4"}
2025-07-31 18:15:53,942 INFO  [io.api.tes.ser.api.KafkaSerdesTester] (Thread-711) topic-a53d61f0_4a83_4e33_938c_838dd7d88ec3 0 5 {"key11753985751926": "value-5"}
2025-07-31 18:15:53,942 INFO  [io.api.tes.ser.api.KafkaSerdesTester] (Thread-711) topic-a53d61f0_4a83_4e33_938c_838dd7d88ec3 0 6 {"key11753985751926": "value-6"}
2025-07-31 18:15:53,942 INFO  [io.api.tes.ser.api.KafkaSerdesTester] (Thread-711) topic-a53d61f0_4a83_4e33_938c_838dd7d88ec3 0 7 {"key11753985751926": "value-7"}
2025-07-31 18:15:53,942 INFO  [io.api.tes.ser.api.KafkaSerdesTester] (Thread-711) topic-a53d61f0_4a83_4e33_938c_838dd7d88ec3 0 8 {"key11753985751926": "value-8"}
2025-07-31 18:15:53,942 INFO  [io.api.tes.ser.api.KafkaSerdesTester] (Thread-711) topic-a53d61f0_4a83_4e33_938c_838dd7d88ec3 0 9 {"key11753985751926": "value-9"}
2025-07-31 18:15:53,942 INFO  [io.api.tes.ser.api.KafkaSerdesTester] (Thread-711) Consumed 10 messages
2025-07-31 18:15:53,944 INFO  [org.apa.kaf.cli.con.int.ConsumerRebalanceListenerInvoker] (Thread-711) [Consumer clientId=consumer-Consumer-topic-a53d61f0_4a83_4e33_938c_838dd7d88ec3-15, groupId=Consumer-topic-a53d61f0_4a83_4e33_938c_838dd7d88ec3] Revoke previously assigned partitions topic-a53d61f0_4a83_4e33_938c_838dd7d88ec3-0
2025-07-31 18:15:53,944 INFO  [org.apa.kaf.cli.con.int.ConsumerCoordinator] (Thread-711) [Consumer clientId=consumer-Consumer-topic-a53d61f0_4a83_4e33_938c_838dd7d88ec3-15, groupId=Consumer-topic-a53d61f0_4a83_4e33_938c_838dd7d88ec3] Member consumer-Consumer-topic-a53d61f0_4a83_4e33_938c_838dd7d88ec3-15-c286762f-bf1e-4485-a3d0-623be9774845 sending LeaveGroup request to coordinator localhost:32770 (id: 2147483647 rack: null) due to the consumer is being closed
2025-07-31 18:15:53,945 INFO  [org.apa.kaf.cli.con.int.ConsumerCoordinator] (Thread-711) [Consumer clientId=consumer-Consumer-topic-a53d61f0_4a83_4e33_938c_838dd7d88ec3-15, groupId=Consumer-topic-a53d61f0_4a83_4e33_938c_838dd7d88ec3] Resetting generation and member id due to: consumer pro-actively leaving the group
2025-07-31 18:15:53,945 INFO  [org.apa.kaf.cli.con.int.ConsumerCoordinator] (Thread-711) [Consumer clientId=consumer-Consumer-topic-a53d61f0_4a83_4e33_938c_838dd7d88ec3-15, groupId=Consumer-topic-a53d61f0_4a83_4e33_938c_838dd7d88ec3] Request joining group due to: consumer pro-actively leaving the group
2025-07-31 18:15:54,445 INFO  [org.apa.kaf.com.met.Metrics] (Thread-711) Metrics scheduler closed
2025-07-31 18:15:54,445 INFO  [org.apa.kaf.com.met.Metrics] (Thread-711) Closing reporter org.apache.kafka.common.metrics.JmxReporter
2025-07-31 18:15:54,445 INFO  [org.apa.kaf.com.met.Metrics] (Thread-711) Closing reporter org.apache.kafka.common.telemetry.internals.ClientTelemetryReporter
2025-07-31 18:15:54,445 INFO  [org.apa.kaf.com.met.Metrics] (Thread-711) Metrics reporters closed
2025-07-31 18:15:54,447 INFO  [org.apa.kaf.com.uti.AppInfoParser] (Thread-711) App info kafka.consumer for consumer-Consumer-topic-a53d61f0_4a83_4e33_938c_838dd7d88ec3-15 unregistered
2025-07-31 18:15:54,449 INFO  [org.apa.kaf.cli.con.int.ClassicKafkaConsumer] (Thread-712) [Consumer clientId=consumer-Consumer-topic-25ca324c_a2ba_49d1_a3c6_23238087c2d7-16, groupId=Consumer-topic-25ca324c_a2ba_49d1_a3c6_23238087c2d7] Subscribed to topic(s): topic-25ca324c_a2ba_49d1_a3c6_23238087c2d7
2025-07-31 18:15:54,455 INFO  [org.apa.kaf.cli.Metadata] (Thread-712) [Consumer clientId=consumer-Consumer-topic-25ca324c_a2ba_49d1_a3c6_23238087c2d7-16, groupId=Consumer-topic-25ca324c_a2ba_49d1_a3c6_23238087c2d7] Cluster ID: l9YG0eo6TEyFi47Ppqwpmg
2025-07-31 18:15:54,456 INFO  [org.apa.kaf.cli.con.int.ConsumerCoordinator] (Thread-712) [Consumer clientId=consumer-Consumer-topic-25ca324c_a2ba_49d1_a3c6_23238087c2d7-16, groupId=Consumer-topic-25ca324c_a2ba_49d1_a3c6_23238087c2d7] Discovered group coordinator localhost:32770 (id: 2147483647 rack: null)
2025-07-31 18:15:54,458 INFO  [org.apa.kaf.cli.con.int.ConsumerCoordinator] (Thread-712) [Consumer clientId=consumer-Consumer-topic-25ca324c_a2ba_49d1_a3c6_23238087c2d7-16, groupId=Consumer-topic-25ca324c_a2ba_49d1_a3c6_23238087c2d7] (Re-)joining group
2025-07-31 18:15:54,463 INFO  [org.apa.kaf.cli.con.int.ConsumerCoordinator] (Thread-712) [Consumer clientId=consumer-Consumer-topic-25ca324c_a2ba_49d1_a3c6_23238087c2d7-16, groupId=Consumer-topic-25ca324c_a2ba_49d1_a3c6_23238087c2d7] Request joining group due to: need to re-join with the given member-id: consumer-Consumer-topic-25ca324c_a2ba_49d1_a3c6_23238087c2d7-16-d57489ff-3875-412e-9e3e-a5feef8aec9f
2025-07-31 18:15:54,463 INFO  [org.apa.kaf.cli.con.int.ConsumerCoordinator] (Thread-712) [Consumer clientId=consumer-Consumer-topic-25ca324c_a2ba_49d1_a3c6_23238087c2d7-16, groupId=Consumer-topic-25ca324c_a2ba_49d1_a3c6_23238087c2d7] (Re-)joining group
2025-07-31 18:15:54,465 INFO  [org.apa.kaf.cli.con.int.ConsumerCoordinator] (Thread-712) [Consumer clientId=consumer-Consumer-topic-25ca324c_a2ba_49d1_a3c6_23238087c2d7-16, groupId=Consumer-topic-25ca324c_a2ba_49d1_a3c6_23238087c2d7] Successfully joined group with generation Generation{generationId=1, memberId='consumer-Consumer-topic-25ca324c_a2ba_49d1_a3c6_23238087c2d7-16-d57489ff-3875-412e-9e3e-a5feef8aec9f', protocol='range'}
2025-07-31 18:15:54,466 INFO  [org.apa.kaf.cli.con.int.ConsumerCoordinator] (Thread-712) [Consumer clientId=consumer-Consumer-topic-25ca324c_a2ba_49d1_a3c6_23238087c2d7-16, groupId=Consumer-topic-25ca324c_a2ba_49d1_a3c6_23238087c2d7] Finished assignment for group at generation 1: {consumer-Consumer-topic-25ca324c_a2ba_49d1_a3c6_23238087c2d7-16-d57489ff-3875-412e-9e3e-a5feef8aec9f=Assignment(partitions=[topic-25ca324c_a2ba_49d1_a3c6_23238087c2d7-0])}
2025-07-31 18:15:54,467 INFO  [org.apa.kaf.cli.con.int.ConsumerCoordinator] (Thread-712) [Consumer clientId=consumer-Consumer-topic-25ca324c_a2ba_49d1_a3c6_23238087c2d7-16, groupId=Consumer-topic-25ca324c_a2ba_49d1_a3c6_23238087c2d7] Successfully synced group in generation Generation{generationId=1, memberId='consumer-Consumer-topic-25ca324c_a2ba_49d1_a3c6_23238087c2d7-16-d57489ff-3875-412e-9e3e-a5feef8aec9f', protocol='range'}
2025-07-31 18:15:54,467 INFO  [org.apa.kaf.cli.con.int.ConsumerCoordinator] (Thread-712) [Consumer clientId=consumer-Consumer-topic-25ca324c_a2ba_49d1_a3c6_23238087c2d7-16, groupId=Consumer-topic-25ca324c_a2ba_49d1_a3c6_23238087c2d7] Notifying assignor about the new Assignment(partitions=[topic-25ca324c_a2ba_49d1_a3c6_23238087c2d7-0])
2025-07-31 18:15:54,467 INFO  [org.apa.kaf.cli.con.int.ConsumerRebalanceListenerInvoker] (Thread-712) [Consumer clientId=consumer-Consumer-topic-25ca324c_a2ba_49d1_a3c6_23238087c2d7-16, groupId=Consumer-topic-25ca324c_a2ba_49d1_a3c6_23238087c2d7] Adding newly assigned partitions: topic-25ca324c_a2ba_49d1_a3c6_23238087c2d7-0
2025-07-31 18:15:54,468 INFO  [org.apa.kaf.cli.con.int.ConsumerCoordinator] (Thread-712) [Consumer clientId=consumer-Consumer-topic-25ca324c_a2ba_49d1_a3c6_23238087c2d7-16, groupId=Consumer-topic-25ca324c_a2ba_49d1_a3c6_23238087c2d7] Found no committed offset for partition topic-25ca324c_a2ba_49d1_a3c6_23238087c2d7-0
2025-07-31 18:15:54,472 INFO  [org.apa.kaf.cli.con.int.SubscriptionState] (Thread-712) [Consumer clientId=consumer-Consumer-topic-25ca324c_a2ba_49d1_a3c6_23238087c2d7-16, groupId=Consumer-topic-25ca324c_a2ba_49d1_a3c6_23238087c2d7] Resetting offset for partition topic-25ca324c_a2ba_49d1_a3c6_23238087c2d7-0 to position FetchPosition{offset=0, offsetEpoch=Optional.empty, currentLeader=LeaderAndEpoch{leader=Optional[localhost:32770 (id: 0 rack: null)], epoch=0}}.
2025-07-31 18:15:54,525 INFO  [io.api.tes.ser.api.KafkaSerdesTester] (Thread-712) topic-25ca324c_a2ba_49d1_a3c6_23238087c2d7 0 0 {"key11753985751926": "value-0"}
2025-07-31 18:15:54,525 INFO  [io.api.tes.ser.api.KafkaSerdesTester] (Thread-712) topic-25ca324c_a2ba_49d1_a3c6_23238087c2d7 0 1 {"key11753985751926": "value-1"}
2025-07-31 18:15:54,526 INFO  [io.api.tes.ser.api.KafkaSerdesTester] (Thread-712) topic-25ca324c_a2ba_49d1_a3c6_23238087c2d7 0 2 {"key11753985751926": "value-2"}
2025-07-31 18:15:54,526 INFO  [io.api.tes.ser.api.KafkaSerdesTester] (Thread-712) topic-25ca324c_a2ba_49d1_a3c6_23238087c2d7 0 3 {"key11753985751926": "value-3"}
2025-07-31 18:15:54,526 INFO  [io.api.tes.ser.api.KafkaSerdesTester] (Thread-712) topic-25ca324c_a2ba_49d1_a3c6_23238087c2d7 0 4 {"key11753985751926": "value-4"}
2025-07-31 18:15:54,526 INFO  [io.api.tes.ser.api.KafkaSerdesTester] (Thread-712) topic-25ca324c_a2ba_49d1_a3c6_23238087c2d7 0 5 {"key11753985751926": "value-5"}
2025-07-31 18:15:54,526 INFO  [io.api.tes.ser.api.KafkaSerdesTester] (Thread-712) topic-25ca324c_a2ba_49d1_a3c6_23238087c2d7 0 6 {"key11753985751926": "value-6"}
2025-07-31 18:15:54,526 INFO  [io.api.tes.ser.api.KafkaSerdesTester] (Thread-712) topic-25ca324c_a2ba_49d1_a3c6_23238087c2d7 0 7 {"key11753985751926": "value-7"}
2025-07-31 18:15:54,526 INFO  [io.api.tes.ser.api.KafkaSerdesTester] (Thread-712) topic-25ca324c_a2ba_49d1_a3c6_23238087c2d7 0 8 {"key11753985751926": "value-8"}
2025-07-31 18:15:54,526 INFO  [io.api.tes.ser.api.KafkaSerdesTester] (Thread-712) topic-25ca324c_a2ba_49d1_a3c6_23238087c2d7 0 9 {"key11753985751926": "value-9"}
2025-07-31 18:15:54,526 INFO  [io.api.tes.ser.api.KafkaSerdesTester] (Thread-712) Consumed 10 messages
2025-07-31 18:15:54,529 INFO  [org.apa.kaf.cli.con.int.ConsumerRebalanceListenerInvoker] (Thread-712) [Consumer clientId=consumer-Consumer-topic-25ca324c_a2ba_49d1_a3c6_23238087c2d7-16, groupId=Consumer-topic-25ca324c_a2ba_49d1_a3c6_23238087c2d7] Revoke previously assigned partitions topic-25ca324c_a2ba_49d1_a3c6_23238087c2d7-0
2025-07-31 18:15:54,529 INFO  [org.apa.kaf.cli.con.int.ConsumerCoordinator] (Thread-712) [Consumer clientId=consumer-Consumer-topic-25ca324c_a2ba_49d1_a3c6_23238087c2d7-16, groupId=Consumer-topic-25ca324c_a2ba_49d1_a3c6_23238087c2d7] Member consumer-Consumer-topic-25ca324c_a2ba_49d1_a3c6_23238087c2d7-16-d57489ff-3875-412e-9e3e-a5feef8aec9f sending LeaveGroup request to coordinator localhost:32770 (id: 2147483647 rack: null) due to the consumer is being closed
2025-07-31 18:15:54,529 INFO  [org.apa.kaf.cli.con.int.ConsumerCoordinator] (Thread-712) [Consumer clientId=consumer-Consumer-topic-25ca324c_a2ba_49d1_a3c6_23238087c2d7-16, groupId=Consumer-topic-25ca324c_a2ba_49d1_a3c6_23238087c2d7] Resetting generation and member id due to: consumer pro-actively leaving the group
2025-07-31 18:15:54,529 INFO  [org.apa.kaf.cli.con.int.ConsumerCoordinator] (Thread-712) [Consumer clientId=consumer-Consumer-topic-25ca324c_a2ba_49d1_a3c6_23238087c2d7-16, groupId=Consumer-topic-25ca324c_a2ba_49d1_a3c6_23238087c2d7] Request joining group due to: consumer pro-actively leaving the group
2025-07-31 18:15:55,025 INFO  [org.apa.kaf.com.met.Metrics] (Thread-712) Metrics scheduler closed
2025-07-31 18:15:55,025 INFO  [org.apa.kaf.com.met.Metrics] (Thread-712) Closing reporter org.apache.kafka.common.metrics.JmxReporter
2025-07-31 18:15:55,025 INFO  [org.apa.kaf.com.met.Metrics] (Thread-712) Closing reporter org.apache.kafka.common.telemetry.internals.ClientTelemetryReporter
2025-07-31 18:15:55,026 INFO  [org.apa.kaf.com.met.Metrics] (Thread-712) Metrics reporters closed
2025-07-31 18:15:55,029 INFO  [org.apa.kaf.com.uti.AppInfoParser] (Thread-712) App info kafka.consumer for consumer-Consumer-topic-25ca324c_a2ba_49d1_a3c6_23238087c2d7-16 unregistered
2025-07-31 18:15:55,029 INFO  [io.api.tes.uti.TestSeparator] (main) io.apicurio.tests.serdes.apicurio.AvroSerdeIT.testAvroConfluentForMultipleTopics-FINISHED
2025-07-31 18:15:55,029 INFO  [io.api.tes.uti.TestSeparator] (main) ############################################################################
Test passed: testAvroConfluentForMultipleTopics
]]></system-out>
  </testcase>
  <testcase name="testFirstRequestFailsRateLimited" classname="io.apicurio.tests.serdes.apicurio.AvroSerdeIT" time="1.035">
    <system-out><![CDATA[2025-07-31 18:15:55,033 INFO  [io.api.tes.uti.TestSeparator] (main) ############################################################################
2025-07-31 18:15:55,033 INFO  [io.api.tes.uti.TestSeparator] (main) io.apicurio.tests.serdes.apicurio.AvroSerdeIT.testFirstRequestFailsRateLimited-STARTED
2025-07-31 18:15:55,530 WARN  [org.ecl.jet.ser.AbstractConnector] (main) Acceptors should be <= availableProcessors: NetworkTrafficServerConnector@59889208{HTTP/1.1, (http/1.1, h2c)}{0.0.0.0:0} 
2025-07-31 18:15:55,655 INFO  [org.ecl.jet.ser.Server] (main) jetty-11.0.15; built: 2023-04-11T18:37:53.775Z; git: 5bc5e562c8d05c5862505aebe5cf83a61bdbcb96; jvm 17.0.16+8
2025-07-31 18:15:55,686 INFO  [org.ecl.jet.ser.han.ContextHandler] (main) Started o.e.j.s.ServletContextHandler@4da86d09{/__admin,null,AVAILABLE}
2025-07-31 18:15:55,693 INFO  [org.ecl.jet.ser.han.Con.ROOT] (main) RequestHandlerClass from context returned com.github.tomakehurst.wiremock.http.StubRequestHandler. Normalized mapped under returned 'null'
2025-07-31 18:15:55,695 INFO  [org.ecl.jet.ser.han.ContextHandler] (main) Started o.e.j.s.ServletContextHandler@426786ee{/,null,AVAILABLE}
2025-07-31 18:15:55,702 INFO  [org.ecl.jet.ser.AbstractConnector] (main) Started NetworkTrafficServerConnector@59889208{HTTP/1.1, (http/1.1, h2c)}{0.0.0.0:36121}
2025-07-31 18:15:55,704 INFO  [org.ecl.jet.ser.Server] (main) Started Server@6022a4c4{STARTING}[11.0.15,sto=1000] @58667ms
**** Registry Base URL: http://registry-app-mysql.apps.ci419.apicurio-testing.org:80
2025-07-31 18:15:55,712 INFO  [org.apa.kaf.cli.pro.ProducerConfig] (main) ProducerConfig values: 
	acks = -1
	auto.include.jmx.reporter = true
	batch.size = 16384
	bootstrap.servers = [PLAINTEXT://localhost:32770]
	buffer.memory = 33554432
	client.dns.lookup = use_all_dns_ips
	client.id = Producer-topic-5c489c41_19bf_43da_953d_d2bb89723c6a
	compression.gzip.level = -1
	compression.lz4.level = 9
	compression.type = none
	compression.zstd.level = 3
	connections.max.idle.ms = 10000
	delivery.timeout.ms = 120000
	enable.idempotence = true
	enable.metrics.push = true
	interceptor.classes = []
	key.serializer = class org.apache.kafka.common.serialization.StringSerializer
	linger.ms = 0
	max.block.ms = 60000
	max.in.flight.requests.per.connection = 5
	max.request.size = 1048576
	metadata.max.age.ms = 300000
	metadata.max.idle.ms = 300000
	metadata.recovery.strategy = none
	metric.reporters = []
	metrics.num.samples = 2
	metrics.recording.level = INFO
	metrics.sample.window.ms = 30000
	partitioner.adaptive.partitioning.enable = true
	partitioner.availability.timeout.ms = 0
	partitioner.class = null
	partitioner.ignore.keys = false
	receive.buffer.bytes = 32768
	reconnect.backoff.max.ms = 1000
	reconnect.backoff.ms = 50
	request.timeout.ms = 5000
	retries = 2147483647
	retry.backoff.max.ms = 1000
	retry.backoff.ms = 100
	sasl.client.callback.handler.class = null
	sasl.jaas.config = null
	sasl.kerberos.kinit.cmd = /usr/bin/kinit
	sasl.kerberos.min.time.before.relogin = 60000
	sasl.kerberos.service.name = null
	sasl.kerberos.ticket.renew.jitter = 0.05
	sasl.kerberos.ticket.renew.window.factor = 0.8
	sasl.login.callback.handler.class = null
	sasl.login.class = null
	sasl.login.connect.timeout.ms = null
	sasl.login.read.timeout.ms = null
	sasl.login.refresh.buffer.seconds = 300
	sasl.login.refresh.min.period.seconds = 60
	sasl.login.refresh.window.factor = 0.8
	sasl.login.refresh.window.jitter = 0.05
	sasl.login.retry.backoff.max.ms = 10000
	sasl.login.retry.backoff.ms = 100
	sasl.mechanism = GSSAPI
	sasl.oauthbearer.clock.skew.seconds = 30
	sasl.oauthbearer.expected.audience = null
	sasl.oauthbearer.expected.issuer = null
	sasl.oauthbearer.header.urlencode = false
	sasl.oauthbearer.jwks.endpoint.refresh.ms = 3600000
	sasl.oauthbearer.jwks.endpoint.retry.backoff.max.ms = 10000
	sasl.oauthbearer.jwks.endpoint.retry.backoff.ms = 100
	sasl.oauthbearer.jwks.endpoint.url = null
	sasl.oauthbearer.scope.claim.name = scope
	sasl.oauthbearer.sub.claim.name = sub
	sasl.oauthbearer.token.endpoint.url = null
	security.protocol = PLAINTEXT
	security.providers = null
	send.buffer.bytes = 131072
	socket.connection.setup.timeout.max.ms = 30000
	socket.connection.setup.timeout.ms = 10000
	ssl.cipher.suites = null
	ssl.enabled.protocols = [TLSv1.2, TLSv1.3]
	ssl.endpoint.identification.algorithm = https
	ssl.engine.factory.class = null
	ssl.key.password = null
	ssl.keymanager.algorithm = SunX509
	ssl.keystore.certificate.chain = null
	ssl.keystore.key = null
	ssl.keystore.location = null
	ssl.keystore.password = null
	ssl.keystore.type = JKS
	ssl.protocol = TLSv1.3
	ssl.provider = null
	ssl.secure.random.implementation = null
	ssl.trustmanager.algorithm = PKIX
	ssl.truststore.certificates = null
	ssl.truststore.location = null
	ssl.truststore.password = null
	ssl.truststore.type = JKS
	transaction.timeout.ms = 60000
	transactional.id = null
	value.serializer = class io.apicurio.registry.serde.avro.AvroKafkaSerializer

2025-07-31 18:15:55,713 INFO  [org.apa.kaf.com.tel.int.KafkaMetricsCollector] (main) initializing Kafka metrics collector
2025-07-31 18:15:55,718 INFO  [org.apa.kaf.cli.pro.KafkaProducer] (main) [Producer clientId=Producer-topic-5c489c41_19bf_43da_953d_d2bb89723c6a] Instantiated an idempotent producer.
2025-07-31 18:15:55,727 INFO  [org.apa.kaf.cli.pro.ProducerConfig] (main) These configurations '[apicurio.registry.url, apicurio.registry.artifact-resolver-strategy]' were supplied but are not used yet.
2025-07-31 18:15:55,727 INFO  [org.apa.kaf.com.uti.AppInfoParser] (main) Kafka version: 3.9.1
2025-07-31 18:15:55,728 INFO  [org.apa.kaf.com.uti.AppInfoParser] (main) Kafka commitId: f745dfdcee2b9851
2025-07-31 18:15:55,730 INFO  [org.apa.kaf.com.uti.AppInfoParser] (main) Kafka startTimeMs: 1753985755727
2025-07-31 18:15:55,731 INFO  [io.api.tes.ser.api.KafkaSerdesTester] (Thread-723) Sending message {"keyB": "value-0"} to topic topic-5c489c41_19bf_43da_953d_d2bb89723c6a
2025-07-31 18:15:55,734 INFO  [org.apa.kaf.cli.Metadata] (kafka-producer-network-thread | Producer-topic-5c489c41_19bf_43da_953d_d2bb89723c6a) [Producer clientId=Producer-topic-5c489c41_19bf_43da_953d_d2bb89723c6a] Cluster ID: l9YG0eo6TEyFi47Ppqwpmg
2025-07-31 18:15:55,734 INFO  [org.apa.kaf.cli.pro.int.TransactionManager] (kafka-producer-network-thread | Producer-topic-5c489c41_19bf_43da_953d_d2bb89723c6a) [Producer clientId=Producer-topic-5c489c41_19bf_43da_953d_d2bb89723c6a] ProducerId set to 22 with epoch 0
2025-07-31 18:15:55,748 WARN  [org.apa.kaf.cli.NetworkClient] (kafka-producer-network-thread | Producer-topic-5c489c41_19bf_43da_953d_d2bb89723c6a) [Producer clientId=Producer-topic-5c489c41_19bf_43da_953d_d2bb89723c6a] The metadata response from the cluster reported a recoverable issue with correlation id 7 : {topic-5c489c41_19bf_43da_953d_d2bb89723c6a=LEADER_NOT_AVAILABLE}
2025-07-31 18:15:55,865 INFO  [DefaultSchemaResolver] (Thread-723) Retrieving schema content using string: {"type":"record","name":"myrecord","namespace":"mygroup","fields":[{"name":"keyB","type":"string"}]}
2025-07-31 18:15:56,045 INFO  [org.apa.kaf.cli.pro.KafkaProducer] (Thread-723) [Producer clientId=Producer-topic-5c489c41_19bf_43da_953d_d2bb89723c6a] Closing the Kafka producer with timeoutMillis = 9223372036854775807 ms.
2025-07-31 18:15:56,049 INFO  [org.apa.kaf.com.met.Metrics] (Thread-723) Metrics scheduler closed
2025-07-31 18:15:56,049 INFO  [org.apa.kaf.com.met.Metrics] (Thread-723) Closing reporter org.apache.kafka.common.metrics.JmxReporter
2025-07-31 18:15:56,049 INFO  [org.apa.kaf.com.met.Metrics] (Thread-723) Closing reporter org.apache.kafka.common.telemetry.internals.ClientTelemetryReporter
2025-07-31 18:15:56,049 INFO  [org.apa.kaf.com.met.Metrics] (Thread-723) Metrics reporters closed
2025-07-31 18:15:56,049 INFO  [org.apa.kaf.com.uti.AppInfoParser] (Thread-723) App info kafka.producer for Producer-topic-5c489c41_19bf_43da_953d_d2bb89723c6a unregistered
2025-07-31 18:15:56,055 INFO  [org.ecl.jet.ser.Server] (main) Stopped Server@6022a4c4{STOPPING}[11.0.15,sto=1000]
2025-07-31 18:15:56,055 INFO  [org.ecl.jet.ser.Server] (main) Shutdown Server@6022a4c4{STOPPING}[11.0.15,sto=1000]
2025-07-31 18:15:56,061 INFO  [org.ecl.jet.ser.AbstractConnector] (main) Stopped NetworkTrafficServerConnector@59889208{HTTP/1.1, (http/1.1, h2c)}{0.0.0.0:0}
2025-07-31 18:15:56,062 INFO  [org.ecl.jet.ser.han.ContextHandler] (main) Stopped o.e.j.s.ServletContextHandler@426786ee{/,null,STOPPED}
2025-07-31 18:15:56,063 INFO  [org.ecl.jet.ser.han.ContextHandler] (main) Stopped o.e.j.s.ServletContextHandler@4da86d09{/__admin,null,STOPPED}
2025-07-31 18:15:56,066 INFO  [io.api.tes.uti.TestSeparator] (main) io.apicurio.tests.serdes.apicurio.AvroSerdeIT.testFirstRequestFailsRateLimited-FINISHED
2025-07-31 18:15:56,066 INFO  [io.api.tes.uti.TestSeparator] (main) ############################################################################
Test passed: testFirstRequestFailsRateLimited
]]></system-out>
    <system-err><![CDATA[com.microsoft.kiota.ApiException: the server returned an unexpected status code and no error class is registered for this code 429
	at com.microsoft.kiota.ApiExceptionBuilder.withMessage(ApiExceptionBuilder.java:45)
	at io.kiota.http.vertx.VertXRequestAdapter.throwIfFailedResponse(VertXRequestAdapter.java:370)
	at io.kiota.http.vertx.VertXRequestAdapter.send(VertXRequestAdapter.java:170)
	at io.apicurio.registry.rest.client.search.versions.VersionsRequestBuilder.post(VersionsRequestBuilder.java:94)
	at io.apicurio.registry.resolver.client.RegistryClientFacadeImpl.searchVersionsByContent(RegistryClientFacadeImpl.java:104)
	at io.apicurio.registry.resolver.DefaultSchemaResolver.lambda$handleResolveSchemaByContent$3(DefaultSchemaResolver.java:258)
	at io.apicurio.registry.resolver.cache.ERCache.lambda$getValue$0(ERCache.java:174)
	at io.apicurio.registry.resolver.cache.ERCache.retry(ERCache.java:227)
	at io.apicurio.registry.resolver.cache.ERCache.getValue(ERCache.java:173)
	at io.apicurio.registry.resolver.cache.ERCache.getByContent(ERCache.java:147)
	at io.apicurio.registry.resolver.DefaultSchemaResolver.handleResolveSchemaByContent(DefaultSchemaResolver.java:253)
	at io.apicurio.registry.resolver.DefaultSchemaResolver.getSchemaFromRegistry(DefaultSchemaResolver.java:138)
	at io.apicurio.registry.resolver.DefaultSchemaResolver.lambda$resolveSchema$0(DefaultSchemaResolver.java:84)
	at java.base/java.util.Optional.orElseGet(Optional.java:364)
	at io.apicurio.registry.resolver.DefaultSchemaResolver.resolveSchema(DefaultSchemaResolver.java:84)
	at io.apicurio.registry.serde.AbstractSerializer.serializeData(AbstractSerializer.java:62)
	at io.apicurio.registry.serde.KafkaSerializer.serialize(KafkaSerializer.java:77)
	at org.apache.kafka.clients.producer.KafkaProducer.doSend(KafkaProducer.java:1046)
	at org.apache.kafka.clients.producer.KafkaProducer.send(KafkaProducer.java:993)
	at org.apache.kafka.clients.producer.KafkaProducer.send(KafkaProducer.java:875)
	at io.apicurio.tests.serdes.apicurio.KafkaSerdesTester.lambda$produceMessages$3(KafkaSerdesTester.java:138)
	at java.base/java.util.concurrent.CompletableFuture$AsyncSupply.run(CompletableFuture.java:1768)
	at java.base/java.lang.Thread.run(Thread.java:840)
]]></system-err>
  </testcase>
  <testcase name="testFirstEmptyFieldConfusedAsMagicByte" classname="io.apicurio.tests.serdes.apicurio.AvroSerdeIT" time="0.879">
    <system-out><![CDATA[2025-07-31 18:15:56,069 INFO  [io.api.tes.uti.TestSeparator] (main) ############################################################################
2025-07-31 18:15:56,069 INFO  [io.api.tes.uti.TestSeparator] (main) io.apicurio.tests.serdes.apicurio.AvroSerdeIT.testFirstEmptyFieldConfusedAsMagicByte-STARTED
**** Registry Base URL: http://registry-app-mysql.apps.ci419.apicurio-testing.org:80
2025-07-31 18:15:56,074 INFO  [org.apa.kaf.cli.pro.ProducerConfig] (main) ProducerConfig values: 
	acks = -1
	auto.include.jmx.reporter = true
	batch.size = 16384
	bootstrap.servers = [PLAINTEXT://localhost:32770]
	buffer.memory = 33554432
	client.dns.lookup = use_all_dns_ips
	client.id = Producer-topic-a55253bd_cee1_4e6c_a355_d178aee16afd
	compression.gzip.level = -1
	compression.lz4.level = 9
	compression.type = none
	compression.zstd.level = 3
	connections.max.idle.ms = 10000
	delivery.timeout.ms = 120000
	enable.idempotence = true
	enable.metrics.push = true
	interceptor.classes = []
	key.serializer = class org.apache.kafka.common.serialization.StringSerializer
	linger.ms = 0
	max.block.ms = 60000
	max.in.flight.requests.per.connection = 5
	max.request.size = 1048576
	metadata.max.age.ms = 300000
	metadata.max.idle.ms = 300000
	metadata.recovery.strategy = none
	metric.reporters = []
	metrics.num.samples = 2
	metrics.recording.level = INFO
	metrics.sample.window.ms = 30000
	partitioner.adaptive.partitioning.enable = true
	partitioner.availability.timeout.ms = 0
	partitioner.class = null
	partitioner.ignore.keys = false
	receive.buffer.bytes = 32768
	reconnect.backoff.max.ms = 1000
	reconnect.backoff.ms = 50
	request.timeout.ms = 5000
	retries = 2147483647
	retry.backoff.max.ms = 1000
	retry.backoff.ms = 100
	sasl.client.callback.handler.class = null
	sasl.jaas.config = null
	sasl.kerberos.kinit.cmd = /usr/bin/kinit
	sasl.kerberos.min.time.before.relogin = 60000
	sasl.kerberos.service.name = null
	sasl.kerberos.ticket.renew.jitter = 0.05
	sasl.kerberos.ticket.renew.window.factor = 0.8
	sasl.login.callback.handler.class = null
	sasl.login.class = null
	sasl.login.connect.timeout.ms = null
	sasl.login.read.timeout.ms = null
	sasl.login.refresh.buffer.seconds = 300
	sasl.login.refresh.min.period.seconds = 60
	sasl.login.refresh.window.factor = 0.8
	sasl.login.refresh.window.jitter = 0.05
	sasl.login.retry.backoff.max.ms = 10000
	sasl.login.retry.backoff.ms = 100
	sasl.mechanism = GSSAPI
	sasl.oauthbearer.clock.skew.seconds = 30
	sasl.oauthbearer.expected.audience = null
	sasl.oauthbearer.expected.issuer = null
	sasl.oauthbearer.header.urlencode = false
	sasl.oauthbearer.jwks.endpoint.refresh.ms = 3600000
	sasl.oauthbearer.jwks.endpoint.retry.backoff.max.ms = 10000
	sasl.oauthbearer.jwks.endpoint.retry.backoff.ms = 100
	sasl.oauthbearer.jwks.endpoint.url = null
	sasl.oauthbearer.scope.claim.name = scope
	sasl.oauthbearer.sub.claim.name = sub
	sasl.oauthbearer.token.endpoint.url = null
	security.protocol = PLAINTEXT
	security.providers = null
	send.buffer.bytes = 131072
	socket.connection.setup.timeout.max.ms = 30000
	socket.connection.setup.timeout.ms = 10000
	ssl.cipher.suites = null
	ssl.enabled.protocols = [TLSv1.2, TLSv1.3]
	ssl.endpoint.identification.algorithm = https
	ssl.engine.factory.class = null
	ssl.key.password = null
	ssl.keymanager.algorithm = SunX509
	ssl.keystore.certificate.chain = null
	ssl.keystore.key = null
	ssl.keystore.location = null
	ssl.keystore.password = null
	ssl.keystore.type = JKS
	ssl.protocol = TLSv1.3
	ssl.provider = null
	ssl.secure.random.implementation = null
	ssl.trustmanager.algorithm = PKIX
	ssl.truststore.certificates = null
	ssl.truststore.location = null
	ssl.truststore.password = null
	ssl.truststore.type = JKS
	transaction.timeout.ms = 60000
	transactional.id = null
	value.serializer = class io.apicurio.registry.serde.avro.AvroKafkaSerializer

2025-07-31 18:15:56,075 INFO  [org.apa.kaf.com.tel.int.KafkaMetricsCollector] (main) initializing Kafka metrics collector
2025-07-31 18:15:56,090 INFO  [org.apa.kaf.cli.pro.KafkaProducer] (main) [Producer clientId=Producer-topic-a55253bd_cee1_4e6c_a355_d178aee16afd] Instantiated an idempotent producer.
2025-07-31 18:15:56,095 INFO  [org.apa.kaf.cli.pro.ProducerConfig] (main) These configurations '[apicurio.registry.url, apicurio.registry.auto-register, apicurio.registry.artifact-resolver-strategy]' were supplied but are not used yet.
2025-07-31 18:15:56,095 INFO  [org.apa.kaf.com.uti.AppInfoParser] (main) Kafka version: 3.9.1
2025-07-31 18:15:56,095 INFO  [org.apa.kaf.com.uti.AppInfoParser] (main) Kafka commitId: f745dfdcee2b9851
2025-07-31 18:15:56,096 INFO  [org.apa.kaf.com.uti.AppInfoParser] (main) Kafka startTimeMs: 1753985756095
2025-07-31 18:15:56,096 INFO  [io.api.tes.ser.api.SimpleSerdesTesterBuilder$SimpleSerdesTester] (main) Using producer configuration: {apicurio.registry.url=http://registry-app-mysql.apps.ci419.apicurio-testing.org:80/apis/registry/v3, apicurio.registry.auto-register=true, apicurio.registry.artifact-resolver-strategy=io.apicurio.registry.serde.strategy.SimpleTopicIdStrategy, value.serializer=io.apicurio.registry.serde.avro.AvroKafkaSerializer, request.timeout.ms=5000, acks=all, bootstrap.servers=PLAINTEXT://localhost:32770, connections.max.idle.ms=10000, key.serializer=org.apache.kafka.common.serialization.StringSerializer, client.id=Producer-topic-a55253bd_cee1_4e6c_a355_d178aee16afd}
2025-07-31 18:15:56,096 INFO  [io.api.tes.ser.api.SimpleSerdesTesterBuilder$SimpleSerdesTester] (main) Using consumer configuration: {}
2025-07-31 18:15:56,098 INFO  [io.api.tes.ser.api.KafkaSerdesTester] (Thread-726) Sending message {"username": null} to topic topic-a55253bd_cee1_4e6c_a355_d178aee16afd
2025-07-31 18:15:56,116 WARN  [org.apa.kaf.cli.NetworkClient] (kafka-producer-network-thread | Producer-topic-a55253bd_cee1_4e6c_a355_d178aee16afd) [Producer clientId=Producer-topic-a55253bd_cee1_4e6c_a355_d178aee16afd] The metadata response from the cluster reported a recoverable issue with correlation id 2 : {topic-a55253bd_cee1_4e6c_a355_d178aee16afd=LEADER_NOT_AVAILABLE}
2025-07-31 18:15:56,116 INFO  [org.apa.kaf.cli.Metadata] (kafka-producer-network-thread | Producer-topic-a55253bd_cee1_4e6c_a355_d178aee16afd) [Producer clientId=Producer-topic-a55253bd_cee1_4e6c_a355_d178aee16afd] Cluster ID: l9YG0eo6TEyFi47Ppqwpmg
2025-07-31 18:15:56,118 INFO  [org.apa.kaf.cli.pro.int.TransactionManager] (kafka-producer-network-thread | Producer-topic-a55253bd_cee1_4e6c_a355_d178aee16afd) [Producer clientId=Producer-topic-a55253bd_cee1_4e6c_a355_d178aee16afd] ProducerId set to 23 with epoch 0
2025-07-31 18:15:56,297 INFO  [io.api.tes.ser.api.KafkaSerdesTester] (Thread-726) Sending message {"username": null} to topic topic-a55253bd_cee1_4e6c_a355_d178aee16afd
2025-07-31 18:15:56,300 INFO  [io.api.tes.ser.api.KafkaSerdesTester] (Thread-726) Sending message {"username": "value-2"} to topic topic-a55253bd_cee1_4e6c_a355_d178aee16afd
2025-07-31 18:15:56,301 INFO  [io.api.tes.ser.api.KafkaSerdesTester] (Thread-726) Sending message {"username": null} to topic topic-a55253bd_cee1_4e6c_a355_d178aee16afd
2025-07-31 18:15:56,305 INFO  [io.api.tes.ser.api.KafkaSerdesTester] (Thread-726) Sending message {"username": "value-4"} to topic topic-a55253bd_cee1_4e6c_a355_d178aee16afd
2025-07-31 18:15:56,307 INFO  [io.api.tes.ser.api.KafkaSerdesTester] (Thread-726) Sending message {"username": null} to topic topic-a55253bd_cee1_4e6c_a355_d178aee16afd
2025-07-31 18:15:56,309 INFO  [io.api.tes.ser.api.KafkaSerdesTester] (Thread-726) Sending message {"username": "value-6"} to topic topic-a55253bd_cee1_4e6c_a355_d178aee16afd
2025-07-31 18:15:56,312 INFO  [io.api.tes.ser.api.KafkaSerdesTester] (Thread-726) Sending message {"username": null} to topic topic-a55253bd_cee1_4e6c_a355_d178aee16afd
2025-07-31 18:15:56,314 INFO  [io.api.tes.ser.api.KafkaSerdesTester] (Thread-726) Sending message {"username": "value-8"} to topic topic-a55253bd_cee1_4e6c_a355_d178aee16afd
2025-07-31 18:15:56,315 INFO  [io.api.tes.ser.api.KafkaSerdesTester] (Thread-726) Sending message {"username": null} to topic topic-a55253bd_cee1_4e6c_a355_d178aee16afd
2025-07-31 18:15:56,317 INFO  [io.api.tes.ser.api.KafkaSerdesTester] (Thread-726) Produced 10 messages
2025-07-31 18:15:56,317 INFO  [org.apa.kaf.cli.pro.KafkaProducer] (Thread-726) [Producer clientId=Producer-topic-a55253bd_cee1_4e6c_a355_d178aee16afd] Closing the Kafka producer with timeoutMillis = 9223372036854775807 ms.
2025-07-31 18:15:56,319 INFO  [org.apa.kaf.com.met.Metrics] (Thread-726) Metrics scheduler closed
2025-07-31 18:15:56,319 INFO  [org.apa.kaf.com.met.Metrics] (Thread-726) Closing reporter org.apache.kafka.common.metrics.JmxReporter
2025-07-31 18:15:56,319 INFO  [org.apa.kaf.com.met.Metrics] (Thread-726) Closing reporter org.apache.kafka.common.telemetry.internals.ClientTelemetryReporter
2025-07-31 18:15:56,319 INFO  [org.apa.kaf.com.met.Metrics] (Thread-726) Metrics reporters closed
2025-07-31 18:15:56,320 INFO  [org.apa.kaf.com.uti.AppInfoParser] (Thread-726) App info kafka.producer for Producer-topic-a55253bd_cee1_4e6c_a355_d178aee16afd unregistered
**** Registry Base URL: http://registry-app-mysql.apps.ci419.apicurio-testing.org:80
2025-07-31 18:15:56,361 INFO  [org.apa.kaf.cli.con.ConsumerConfig] (main) ConsumerConfig values: 
	allow.auto.create.topics = true
	auto.commit.interval.ms = 500
	auto.include.jmx.reporter = true
	auto.offset.reset = earliest
	bootstrap.servers = [PLAINTEXT://localhost:32770]
	check.crcs = true
	client.dns.lookup = use_all_dns_ips
	client.id = consumer-Consumer-topic-a55253bd_cee1_4e6c_a355_d178aee16afd-17
	client.rack = 
	connections.max.idle.ms = 10000
	default.api.timeout.ms = 60000
	enable.auto.commit = true
	enable.metrics.push = true
	exclude.internal.topics = true
	fetch.max.bytes = 52428800
	fetch.max.wait.ms = 500
	fetch.min.bytes = 1
	group.id = Consumer-topic-a55253bd_cee1_4e6c_a355_d178aee16afd
	group.instance.id = null
	group.protocol = classic
	group.remote.assignor = null
	heartbeat.interval.ms = 3000
	interceptor.classes = []
	internal.leave.group.on.close = true
	internal.throw.on.fetch.stable.offset.unsupported = false
	isolation.level = read_uncommitted
	key.deserializer = class org.apache.kafka.common.serialization.StringDeserializer
	max.partition.fetch.bytes = 1048576
	max.poll.interval.ms = 300000
	max.poll.records = 500
	metadata.max.age.ms = 300000
	metadata.recovery.strategy = none
	metric.reporters = []
	metrics.num.samples = 2
	metrics.recording.level = INFO
	metrics.sample.window.ms = 30000
	partition.assignment.strategy = [class org.apache.kafka.clients.consumer.RangeAssignor, class org.apache.kafka.clients.consumer.CooperativeStickyAssignor]
	receive.buffer.bytes = 65536
	reconnect.backoff.max.ms = 1000
	reconnect.backoff.ms = 50
	request.timeout.ms = 5000
	retry.backoff.max.ms = 1000
	retry.backoff.ms = 100
	sasl.client.callback.handler.class = null
	sasl.jaas.config = null
	sasl.kerberos.kinit.cmd = /usr/bin/kinit
	sasl.kerberos.min.time.before.relogin = 60000
	sasl.kerberos.service.name = null
	sasl.kerberos.ticket.renew.jitter = 0.05
	sasl.kerberos.ticket.renew.window.factor = 0.8
	sasl.login.callback.handler.class = null
	sasl.login.class = null
	sasl.login.connect.timeout.ms = null
	sasl.login.read.timeout.ms = null
	sasl.login.refresh.buffer.seconds = 300
	sasl.login.refresh.min.period.seconds = 60
	sasl.login.refresh.window.factor = 0.8
	sasl.login.refresh.window.jitter = 0.05
	sasl.login.retry.backoff.max.ms = 10000
	sasl.login.retry.backoff.ms = 100
	sasl.mechanism = GSSAPI
	sasl.oauthbearer.clock.skew.seconds = 30
	sasl.oauthbearer.expected.audience = null
	sasl.oauthbearer.expected.issuer = null
	sasl.oauthbearer.header.urlencode = false
	sasl.oauthbearer.jwks.endpoint.refresh.ms = 3600000
	sasl.oauthbearer.jwks.endpoint.retry.backoff.max.ms = 10000
	sasl.oauthbearer.jwks.endpoint.retry.backoff.ms = 100
	sasl.oauthbearer.jwks.endpoint.url = null
	sasl.oauthbearer.scope.claim.name = scope
	sasl.oauthbearer.sub.claim.name = sub
	sasl.oauthbearer.token.endpoint.url = null
	security.protocol = PLAINTEXT
	security.providers = null
	send.buffer.bytes = 131072
	session.timeout.ms = 45000
	socket.connection.setup.timeout.max.ms = 30000
	socket.connection.setup.timeout.ms = 10000
	ssl.cipher.suites = null
	ssl.enabled.protocols = [TLSv1.2, TLSv1.3]
	ssl.endpoint.identification.algorithm = https
	ssl.engine.factory.class = null
	ssl.key.password = null
	ssl.keymanager.algorithm = SunX509
	ssl.keystore.certificate.chain = null
	ssl.keystore.key = null
	ssl.keystore.location = null
	ssl.keystore.password = null
	ssl.keystore.type = JKS
	ssl.protocol = TLSv1.3
	ssl.provider = null
	ssl.secure.random.implementation = null
	ssl.trustmanager.algorithm = PKIX
	ssl.truststore.certificates = null
	ssl.truststore.location = null
	ssl.truststore.password = null
	ssl.truststore.type = JKS
	value.deserializer = class io.apicurio.registry.serde.avro.AvroKafkaDeserializer

2025-07-31 18:15:56,362 INFO  [org.apa.kaf.com.tel.int.KafkaMetricsCollector] (main) initializing Kafka metrics collector
2025-07-31 18:15:56,368 INFO  [org.apa.kaf.cli.con.ConsumerConfig] (main) These configurations '[apicurio.registry.url]' were supplied but are not used yet.
2025-07-31 18:15:56,368 INFO  [org.apa.kaf.com.uti.AppInfoParser] (main) Kafka version: 3.9.1
2025-07-31 18:15:56,368 INFO  [org.apa.kaf.com.uti.AppInfoParser] (main) Kafka commitId: f745dfdcee2b9851
2025-07-31 18:15:56,369 INFO  [org.apa.kaf.com.uti.AppInfoParser] (main) Kafka startTimeMs: 1753985756368
2025-07-31 18:15:56,369 INFO  [org.apa.kaf.cli.con.int.ClassicKafkaConsumer] (Thread-729) [Consumer clientId=consumer-Consumer-topic-a55253bd_cee1_4e6c_a355_d178aee16afd-17, groupId=Consumer-topic-a55253bd_cee1_4e6c_a355_d178aee16afd] Subscribed to topic(s): topic-a55253bd_cee1_4e6c_a355_d178aee16afd
2025-07-31 18:15:56,373 INFO  [org.apa.kaf.cli.Metadata] (Thread-729) [Consumer clientId=consumer-Consumer-topic-a55253bd_cee1_4e6c_a355_d178aee16afd-17, groupId=Consumer-topic-a55253bd_cee1_4e6c_a355_d178aee16afd] Cluster ID: l9YG0eo6TEyFi47Ppqwpmg
2025-07-31 18:15:56,376 INFO  [org.apa.kaf.cli.con.int.ConsumerCoordinator] (Thread-729) [Consumer clientId=consumer-Consumer-topic-a55253bd_cee1_4e6c_a355_d178aee16afd-17, groupId=Consumer-topic-a55253bd_cee1_4e6c_a355_d178aee16afd] Discovered group coordinator localhost:32770 (id: 2147483647 rack: null)
2025-07-31 18:15:56,379 INFO  [org.apa.kaf.cli.con.int.ConsumerCoordinator] (Thread-729) [Consumer clientId=consumer-Consumer-topic-a55253bd_cee1_4e6c_a355_d178aee16afd-17, groupId=Consumer-topic-a55253bd_cee1_4e6c_a355_d178aee16afd] (Re-)joining group
2025-07-31 18:15:56,384 INFO  [org.apa.kaf.cli.con.int.ConsumerCoordinator] (Thread-729) [Consumer clientId=consumer-Consumer-topic-a55253bd_cee1_4e6c_a355_d178aee16afd-17, groupId=Consumer-topic-a55253bd_cee1_4e6c_a355_d178aee16afd] Request joining group due to: need to re-join with the given member-id: consumer-Consumer-topic-a55253bd_cee1_4e6c_a355_d178aee16afd-17-7d8c372d-db6a-4000-8773-c1e3d217fe71
2025-07-31 18:15:56,384 INFO  [org.apa.kaf.cli.con.int.ConsumerCoordinator] (Thread-729) [Consumer clientId=consumer-Consumer-topic-a55253bd_cee1_4e6c_a355_d178aee16afd-17, groupId=Consumer-topic-a55253bd_cee1_4e6c_a355_d178aee16afd] (Re-)joining group
2025-07-31 18:15:56,387 INFO  [org.apa.kaf.cli.con.int.ConsumerCoordinator] (Thread-729) [Consumer clientId=consumer-Consumer-topic-a55253bd_cee1_4e6c_a355_d178aee16afd-17, groupId=Consumer-topic-a55253bd_cee1_4e6c_a355_d178aee16afd] Successfully joined group with generation Generation{generationId=1, memberId='consumer-Consumer-topic-a55253bd_cee1_4e6c_a355_d178aee16afd-17-7d8c372d-db6a-4000-8773-c1e3d217fe71', protocol='range'}
2025-07-31 18:15:56,387 INFO  [org.apa.kaf.cli.con.int.ConsumerCoordinator] (Thread-729) [Consumer clientId=consumer-Consumer-topic-a55253bd_cee1_4e6c_a355_d178aee16afd-17, groupId=Consumer-topic-a55253bd_cee1_4e6c_a355_d178aee16afd] Finished assignment for group at generation 1: {consumer-Consumer-topic-a55253bd_cee1_4e6c_a355_d178aee16afd-17-7d8c372d-db6a-4000-8773-c1e3d217fe71=Assignment(partitions=[topic-a55253bd_cee1_4e6c_a355_d178aee16afd-0])}
2025-07-31 18:15:56,389 INFO  [org.apa.kaf.cli.con.int.ConsumerCoordinator] (Thread-729) [Consumer clientId=consumer-Consumer-topic-a55253bd_cee1_4e6c_a355_d178aee16afd-17, groupId=Consumer-topic-a55253bd_cee1_4e6c_a355_d178aee16afd] Successfully synced group in generation Generation{generationId=1, memberId='consumer-Consumer-topic-a55253bd_cee1_4e6c_a355_d178aee16afd-17-7d8c372d-db6a-4000-8773-c1e3d217fe71', protocol='range'}
2025-07-31 18:15:56,389 INFO  [org.apa.kaf.cli.con.int.ConsumerCoordinator] (Thread-729) [Consumer clientId=consumer-Consumer-topic-a55253bd_cee1_4e6c_a355_d178aee16afd-17, groupId=Consumer-topic-a55253bd_cee1_4e6c_a355_d178aee16afd] Notifying assignor about the new Assignment(partitions=[topic-a55253bd_cee1_4e6c_a355_d178aee16afd-0])
2025-07-31 18:15:56,389 INFO  [org.apa.kaf.cli.con.int.ConsumerRebalanceListenerInvoker] (Thread-729) [Consumer clientId=consumer-Consumer-topic-a55253bd_cee1_4e6c_a355_d178aee16afd-17, groupId=Consumer-topic-a55253bd_cee1_4e6c_a355_d178aee16afd] Adding newly assigned partitions: topic-a55253bd_cee1_4e6c_a355_d178aee16afd-0
2025-07-31 18:15:56,391 INFO  [org.apa.kaf.cli.con.int.ConsumerCoordinator] (Thread-729) [Consumer clientId=consumer-Consumer-topic-a55253bd_cee1_4e6c_a355_d178aee16afd-17, groupId=Consumer-topic-a55253bd_cee1_4e6c_a355_d178aee16afd] Found no committed offset for partition topic-a55253bd_cee1_4e6c_a355_d178aee16afd-0
2025-07-31 18:15:56,393 INFO  [org.apa.kaf.cli.con.int.SubscriptionState] (Thread-729) [Consumer clientId=consumer-Consumer-topic-a55253bd_cee1_4e6c_a355_d178aee16afd-17, groupId=Consumer-topic-a55253bd_cee1_4e6c_a355_d178aee16afd] Resetting offset for partition topic-a55253bd_cee1_4e6c_a355_d178aee16afd-0 to position FetchPosition{offset=0, offsetEpoch=Optional.empty, currentLeader=LeaderAndEpoch{leader=Optional[localhost:32770 (id: 0 rack: null)], epoch=0}}.
2025-07-31 18:15:56,439 INFO  [io.api.tes.ser.api.KafkaSerdesTester] (Thread-729) topic-a55253bd_cee1_4e6c_a355_d178aee16afd 0 0 {"username": null}
2025-07-31 18:15:56,440 INFO  [io.api.tes.ser.api.KafkaSerdesTester] (Thread-729) topic-a55253bd_cee1_4e6c_a355_d178aee16afd 0 1 {"username": null}
2025-07-31 18:15:56,440 INFO  [io.api.tes.ser.api.KafkaSerdesTester] (Thread-729) topic-a55253bd_cee1_4e6c_a355_d178aee16afd 0 2 {"username": "value-2"}
2025-07-31 18:15:56,440 INFO  [io.api.tes.ser.api.KafkaSerdesTester] (Thread-729) topic-a55253bd_cee1_4e6c_a355_d178aee16afd 0 3 {"username": null}
2025-07-31 18:15:56,440 INFO  [io.api.tes.ser.api.KafkaSerdesTester] (Thread-729) topic-a55253bd_cee1_4e6c_a355_d178aee16afd 0 4 {"username": "value-4"}
2025-07-31 18:15:56,440 INFO  [io.api.tes.ser.api.KafkaSerdesTester] (Thread-729) topic-a55253bd_cee1_4e6c_a355_d178aee16afd 0 5 {"username": null}
2025-07-31 18:15:56,440 INFO  [io.api.tes.ser.api.KafkaSerdesTester] (Thread-729) topic-a55253bd_cee1_4e6c_a355_d178aee16afd 0 6 {"username": "value-6"}
2025-07-31 18:15:56,440 INFO  [io.api.tes.ser.api.KafkaSerdesTester] (Thread-729) topic-a55253bd_cee1_4e6c_a355_d178aee16afd 0 7 {"username": null}
2025-07-31 18:15:56,440 INFO  [io.api.tes.ser.api.KafkaSerdesTester] (Thread-729) topic-a55253bd_cee1_4e6c_a355_d178aee16afd 0 8 {"username": "value-8"}
2025-07-31 18:15:56,440 INFO  [io.api.tes.ser.api.KafkaSerdesTester] (Thread-729) topic-a55253bd_cee1_4e6c_a355_d178aee16afd 0 9 {"username": null}
2025-07-31 18:15:56,440 INFO  [io.api.tes.ser.api.KafkaSerdesTester] (Thread-729) Consumed 10 messages
2025-07-31 18:15:56,443 INFO  [org.apa.kaf.cli.con.int.ConsumerRebalanceListenerInvoker] (Thread-729) [Consumer clientId=consumer-Consumer-topic-a55253bd_cee1_4e6c_a355_d178aee16afd-17, groupId=Consumer-topic-a55253bd_cee1_4e6c_a355_d178aee16afd] Revoke previously assigned partitions topic-a55253bd_cee1_4e6c_a355_d178aee16afd-0
2025-07-31 18:15:56,443 INFO  [org.apa.kaf.cli.con.int.ConsumerCoordinator] (Thread-729) [Consumer clientId=consumer-Consumer-topic-a55253bd_cee1_4e6c_a355_d178aee16afd-17, groupId=Consumer-topic-a55253bd_cee1_4e6c_a355_d178aee16afd] Member consumer-Consumer-topic-a55253bd_cee1_4e6c_a355_d178aee16afd-17-7d8c372d-db6a-4000-8773-c1e3d217fe71 sending LeaveGroup request to coordinator localhost:32770 (id: 2147483647 rack: null) due to the consumer is being closed
2025-07-31 18:15:56,443 INFO  [org.apa.kaf.cli.con.int.ConsumerCoordinator] (Thread-729) [Consumer clientId=consumer-Consumer-topic-a55253bd_cee1_4e6c_a355_d178aee16afd-17, groupId=Consumer-topic-a55253bd_cee1_4e6c_a355_d178aee16afd] Resetting generation and member id due to: consumer pro-actively leaving the group
2025-07-31 18:15:56,443 INFO  [org.apa.kaf.cli.con.int.ConsumerCoordinator] (Thread-729) [Consumer clientId=consumer-Consumer-topic-a55253bd_cee1_4e6c_a355_d178aee16afd-17, groupId=Consumer-topic-a55253bd_cee1_4e6c_a355_d178aee16afd] Request joining group due to: consumer pro-actively leaving the group
2025-07-31 18:15:56,942 INFO  [org.apa.kaf.com.met.Metrics] (Thread-729) Metrics scheduler closed
2025-07-31 18:15:56,942 INFO  [org.apa.kaf.com.met.Metrics] (Thread-729) Closing reporter org.apache.kafka.common.metrics.JmxReporter
2025-07-31 18:15:56,942 INFO  [org.apa.kaf.com.met.Metrics] (Thread-729) Closing reporter org.apache.kafka.common.telemetry.internals.ClientTelemetryReporter
2025-07-31 18:15:56,942 INFO  [org.apa.kaf.com.met.Metrics] (Thread-729) Metrics reporters closed
2025-07-31 18:15:56,944 INFO  [org.apa.kaf.com.uti.AppInfoParser] (Thread-729) App info kafka.consumer for consumer-Consumer-topic-a55253bd_cee1_4e6c_a355_d178aee16afd-17 unregistered
2025-07-31 18:15:56,945 INFO  [io.api.tes.uti.TestSeparator] (main) io.apicurio.tests.serdes.apicurio.AvroSerdeIT.testFirstEmptyFieldConfusedAsMagicByte-FINISHED
2025-07-31 18:15:56,945 INFO  [io.api.tes.uti.TestSeparator] (main) ############################################################################
Test passed: testFirstEmptyFieldConfusedAsMagicByte
]]></system-out>
  </testcase>
  <testcase name="testAvroSerDesFailDifferentSchemaByContent" classname="io.apicurio.tests.serdes.apicurio.AvroSerdeIT" time="1.128">
    <system-out><![CDATA[2025-07-31 18:15:56,946 INFO  [io.api.tes.uti.TestSeparator] (main) ############################################################################
2025-07-31 18:15:56,946 INFO  [io.api.tes.uti.TestSeparator] (main) io.apicurio.tests.serdes.apicurio.AvroSerdeIT.testAvroSerDesFailDifferentSchemaByContent-STARTED
**** Registry Base URL: http://registry-app-mysql.apps.ci419.apicurio-testing.org:80
2025-07-31 18:15:58,015 INFO  [org.apa.kaf.cli.pro.ProducerConfig] (main) ProducerConfig values: 
	acks = -1
	auto.include.jmx.reporter = true
	batch.size = 16384
	bootstrap.servers = [PLAINTEXT://localhost:32770]
	buffer.memory = 33554432
	client.dns.lookup = use_all_dns_ips
	client.id = Producer-topic-c10b0186_7b0d_4934_b82f_ba8d7110c90a
	compression.gzip.level = -1
	compression.lz4.level = 9
	compression.type = none
	compression.zstd.level = 3
	connections.max.idle.ms = 10000
	delivery.timeout.ms = 120000
	enable.idempotence = true
	enable.metrics.push = true
	interceptor.classes = []
	key.serializer = class org.apache.kafka.common.serialization.StringSerializer
	linger.ms = 0
	max.block.ms = 60000
	max.in.flight.requests.per.connection = 5
	max.request.size = 1048576
	metadata.max.age.ms = 300000
	metadata.max.idle.ms = 300000
	metadata.recovery.strategy = none
	metric.reporters = []
	metrics.num.samples = 2
	metrics.recording.level = INFO
	metrics.sample.window.ms = 30000
	partitioner.adaptive.partitioning.enable = true
	partitioner.availability.timeout.ms = 0
	partitioner.class = null
	partitioner.ignore.keys = false
	receive.buffer.bytes = 32768
	reconnect.backoff.max.ms = 1000
	reconnect.backoff.ms = 50
	request.timeout.ms = 5000
	retries = 2147483647
	retry.backoff.max.ms = 1000
	retry.backoff.ms = 100
	sasl.client.callback.handler.class = null
	sasl.jaas.config = null
	sasl.kerberos.kinit.cmd = /usr/bin/kinit
	sasl.kerberos.min.time.before.relogin = 60000
	sasl.kerberos.service.name = null
	sasl.kerberos.ticket.renew.jitter = 0.05
	sasl.kerberos.ticket.renew.window.factor = 0.8
	sasl.login.callback.handler.class = null
	sasl.login.class = null
	sasl.login.connect.timeout.ms = null
	sasl.login.read.timeout.ms = null
	sasl.login.refresh.buffer.seconds = 300
	sasl.login.refresh.min.period.seconds = 60
	sasl.login.refresh.window.factor = 0.8
	sasl.login.refresh.window.jitter = 0.05
	sasl.login.retry.backoff.max.ms = 10000
	sasl.login.retry.backoff.ms = 100
	sasl.mechanism = GSSAPI
	sasl.oauthbearer.clock.skew.seconds = 30
	sasl.oauthbearer.expected.audience = null
	sasl.oauthbearer.expected.issuer = null
	sasl.oauthbearer.header.urlencode = false
	sasl.oauthbearer.jwks.endpoint.refresh.ms = 3600000
	sasl.oauthbearer.jwks.endpoint.retry.backoff.max.ms = 10000
	sasl.oauthbearer.jwks.endpoint.retry.backoff.ms = 100
	sasl.oauthbearer.jwks.endpoint.url = null
	sasl.oauthbearer.scope.claim.name = scope
	sasl.oauthbearer.sub.claim.name = sub
	sasl.oauthbearer.token.endpoint.url = null
	security.protocol = PLAINTEXT
	security.providers = null
	send.buffer.bytes = 131072
	socket.connection.setup.timeout.max.ms = 30000
	socket.connection.setup.timeout.ms = 10000
	ssl.cipher.suites = null
	ssl.enabled.protocols = [TLSv1.2, TLSv1.3]
	ssl.endpoint.identification.algorithm = https
	ssl.engine.factory.class = null
	ssl.key.password = null
	ssl.keymanager.algorithm = SunX509
	ssl.keystore.certificate.chain = null
	ssl.keystore.key = null
	ssl.keystore.location = null
	ssl.keystore.password = null
	ssl.keystore.type = JKS
	ssl.protocol = TLSv1.3
	ssl.provider = null
	ssl.secure.random.implementation = null
	ssl.trustmanager.algorithm = PKIX
	ssl.truststore.certificates = null
	ssl.truststore.location = null
	ssl.truststore.password = null
	ssl.truststore.type = JKS
	transaction.timeout.ms = 60000
	transactional.id = null
	value.serializer = class io.apicurio.registry.serde.avro.AvroKafkaSerializer

2025-07-31 18:15:58,015 INFO  [org.apa.kaf.com.tel.int.KafkaMetricsCollector] (main) initializing Kafka metrics collector
2025-07-31 18:15:58,019 INFO  [org.apa.kaf.cli.pro.KafkaProducer] (main) [Producer clientId=Producer-topic-c10b0186_7b0d_4934_b82f_ba8d7110c90a] Instantiated an idempotent producer.
2025-07-31 18:15:58,021 INFO  [org.apa.kaf.cli.pro.ProducerConfig] (main) These configurations '[apicurio.registry.url, apicurio.registry.artifact-resolver-strategy]' were supplied but are not used yet.
2025-07-31 18:15:58,021 INFO  [org.apa.kaf.com.uti.AppInfoParser] (main) Kafka version: 3.9.1
2025-07-31 18:15:58,021 INFO  [org.apa.kaf.com.uti.AppInfoParser] (main) Kafka commitId: f745dfdcee2b9851
2025-07-31 18:15:58,021 INFO  [org.apa.kaf.com.uti.AppInfoParser] (main) Kafka startTimeMs: 1753985758021
2025-07-31 18:15:58,022 INFO  [io.api.tes.ser.api.KafkaSerdesTester] (Thread-732) Sending message {"keyB": "value-0"} to topic topic-c10b0186_7b0d_4934_b82f_ba8d7110c90a
2025-07-31 18:15:58,025 INFO  [org.apa.kaf.cli.Metadata] (kafka-producer-network-thread | Producer-topic-c10b0186_7b0d_4934_b82f_ba8d7110c90a) [Producer clientId=Producer-topic-c10b0186_7b0d_4934_b82f_ba8d7110c90a] Cluster ID: l9YG0eo6TEyFi47Ppqwpmg
2025-07-31 18:15:58,025 INFO  [org.apa.kaf.cli.pro.int.TransactionManager] (kafka-producer-network-thread | Producer-topic-c10b0186_7b0d_4934_b82f_ba8d7110c90a) [Producer clientId=Producer-topic-c10b0186_7b0d_4934_b82f_ba8d7110c90a] ProducerId set to 24 with epoch 0
2025-07-31 18:15:58,025 INFO  [DefaultSchemaResolver] (Thread-732) Retrieving schema content using string: {"type":"record","name":"sa51f845fx1feex40bdx9c86xa10444088187","namespace":"s8102bcb4xd30cx4397x90dcxa91fb16398eb","fields":[{"name":"keyB","type":"string"}]}
2025-07-31 18:15:58,071 INFO  [org.apa.kaf.cli.pro.KafkaProducer] (Thread-732) [Producer clientId=Producer-topic-c10b0186_7b0d_4934_b82f_ba8d7110c90a] Closing the Kafka producer with timeoutMillis = 9223372036854775807 ms.
2025-07-31 18:15:58,072 INFO  [org.apa.kaf.com.met.Metrics] (Thread-732) Metrics scheduler closed
2025-07-31 18:15:58,072 INFO  [org.apa.kaf.com.met.Metrics] (Thread-732) Closing reporter org.apache.kafka.common.metrics.JmxReporter
2025-07-31 18:15:58,072 INFO  [org.apa.kaf.com.met.Metrics] (Thread-732) Closing reporter org.apache.kafka.common.telemetry.internals.ClientTelemetryReporter
2025-07-31 18:15:58,072 INFO  [org.apa.kaf.com.met.Metrics] (Thread-732) Metrics reporters closed
2025-07-31 18:15:58,073 INFO  [org.apa.kaf.com.uti.AppInfoParser] (Thread-732) App info kafka.producer for Producer-topic-c10b0186_7b0d_4934_b82f_ba8d7110c90a unregistered
2025-07-31 18:15:58,073 INFO  [io.api.tes.uti.TestSeparator] (main) io.apicurio.tests.serdes.apicurio.AvroSerdeIT.testAvroSerDesFailDifferentSchemaByContent-FINISHED
2025-07-31 18:15:58,074 INFO  [io.api.tes.uti.TestSeparator] (main) ############################################################################
Test passed: testAvroSerDesFailDifferentSchemaByContent
]]></system-out>
    <system-err><![CDATA[java.lang.RuntimeException: Could not resolve artifact reference by content: {"type":"record","name":"sa51f845fx1feex40bdx9c86xa10444088187","namespace":"s8102bcb4xd30cx4397x90dcxa91fb16398eb","fields":[{"name":"keyB","type":"string"}]}&ArtifactReference [groupId=s8102bcb4xd30cx4397x90dcxa91fb16398eb, artifactId=sa51f845fx1feex40bdx9c86xa10444088187, version=null, globalId=null, contentId=null, contentHash=null]
	at io.apicurio.registry.resolver.DefaultSchemaResolver.lambda$handleResolveSchemaByContent$3(DefaultSchemaResolver.java:265)
	at io.apicurio.registry.resolver.cache.ERCache.lambda$getValue$0(ERCache.java:174)
	at io.apicurio.registry.resolver.cache.ERCache.retry(ERCache.java:227)
	at io.apicurio.registry.resolver.cache.ERCache.getValue(ERCache.java:173)
	at io.apicurio.registry.resolver.cache.ERCache.getByContent(ERCache.java:147)
	at io.apicurio.registry.resolver.DefaultSchemaResolver.handleResolveSchemaByContent(DefaultSchemaResolver.java:253)
	at io.apicurio.registry.resolver.DefaultSchemaResolver.getSchemaFromRegistry(DefaultSchemaResolver.java:138)
	at io.apicurio.registry.resolver.DefaultSchemaResolver.lambda$resolveSchema$0(DefaultSchemaResolver.java:84)
	at java.base/java.util.Optional.orElseGet(Optional.java:364)
	at io.apicurio.registry.resolver.DefaultSchemaResolver.resolveSchema(DefaultSchemaResolver.java:84)
	at io.apicurio.registry.serde.AbstractSerializer.serializeData(AbstractSerializer.java:62)
	at io.apicurio.registry.serde.KafkaSerializer.serialize(KafkaSerializer.java:77)
	at org.apache.kafka.clients.producer.KafkaProducer.doSend(KafkaProducer.java:1046)
	at org.apache.kafka.clients.producer.KafkaProducer.send(KafkaProducer.java:993)
	at org.apache.kafka.clients.producer.KafkaProducer.send(KafkaProducer.java:875)
	at io.apicurio.tests.serdes.apicurio.KafkaSerdesTester.lambda$produceMessages$3(KafkaSerdesTester.java:138)
	at java.base/java.util.concurrent.CompletableFuture$AsyncSupply.run(CompletableFuture.java:1768)
	at java.base/java.lang.Thread.run(Thread.java:840)
]]></system-err>
  </testcase>
  <testcase name="testGlobalIdInBody" classname="io.apicurio.tests.serdes.apicurio.AvroSerdeIT" time="0.901">
    <system-out><![CDATA[2025-07-31 18:15:58,076 INFO  [io.api.tes.uti.TestSeparator] (main) ############################################################################
2025-07-31 18:15:58,076 INFO  [io.api.tes.uti.TestSeparator] (main) io.apicurio.tests.serdes.apicurio.AvroSerdeIT.testGlobalIdInBody-STARTED
**** Registry Base URL: http://registry-app-mysql.apps.ci419.apicurio-testing.org:80
2025-07-31 18:15:58,079 INFO  [org.apa.kaf.cli.pro.ProducerConfig] (main) ProducerConfig values: 
	acks = -1
	auto.include.jmx.reporter = true
	batch.size = 16384
	bootstrap.servers = [PLAINTEXT://localhost:32770]
	buffer.memory = 33554432
	client.dns.lookup = use_all_dns_ips
	client.id = Producer-topic-c198e6a1_f1fb_4637_9d87_2eab6b8ed4fe
	compression.gzip.level = -1
	compression.lz4.level = 9
	compression.type = none
	compression.zstd.level = 3
	connections.max.idle.ms = 10000
	delivery.timeout.ms = 120000
	enable.idempotence = true
	enable.metrics.push = true
	interceptor.classes = []
	key.serializer = class org.apache.kafka.common.serialization.StringSerializer
	linger.ms = 0
	max.block.ms = 60000
	max.in.flight.requests.per.connection = 5
	max.request.size = 1048576
	metadata.max.age.ms = 300000
	metadata.max.idle.ms = 300000
	metadata.recovery.strategy = none
	metric.reporters = []
	metrics.num.samples = 2
	metrics.recording.level = INFO
	metrics.sample.window.ms = 30000
	partitioner.adaptive.partitioning.enable = true
	partitioner.availability.timeout.ms = 0
	partitioner.class = null
	partitioner.ignore.keys = false
	receive.buffer.bytes = 32768
	reconnect.backoff.max.ms = 1000
	reconnect.backoff.ms = 50
	request.timeout.ms = 5000
	retries = 2147483647
	retry.backoff.max.ms = 1000
	retry.backoff.ms = 100
	sasl.client.callback.handler.class = null
	sasl.jaas.config = null
	sasl.kerberos.kinit.cmd = /usr/bin/kinit
	sasl.kerberos.min.time.before.relogin = 60000
	sasl.kerberos.service.name = null
	sasl.kerberos.ticket.renew.jitter = 0.05
	sasl.kerberos.ticket.renew.window.factor = 0.8
	sasl.login.callback.handler.class = null
	sasl.login.class = null
	sasl.login.connect.timeout.ms = null
	sasl.login.read.timeout.ms = null
	sasl.login.refresh.buffer.seconds = 300
	sasl.login.refresh.min.period.seconds = 60
	sasl.login.refresh.window.factor = 0.8
	sasl.login.refresh.window.jitter = 0.05
	sasl.login.retry.backoff.max.ms = 10000
	sasl.login.retry.backoff.ms = 100
	sasl.mechanism = GSSAPI
	sasl.oauthbearer.clock.skew.seconds = 30
	sasl.oauthbearer.expected.audience = null
	sasl.oauthbearer.expected.issuer = null
	sasl.oauthbearer.header.urlencode = false
	sasl.oauthbearer.jwks.endpoint.refresh.ms = 3600000
	sasl.oauthbearer.jwks.endpoint.retry.backoff.max.ms = 10000
	sasl.oauthbearer.jwks.endpoint.retry.backoff.ms = 100
	sasl.oauthbearer.jwks.endpoint.url = null
	sasl.oauthbearer.scope.claim.name = scope
	sasl.oauthbearer.sub.claim.name = sub
	sasl.oauthbearer.token.endpoint.url = null
	security.protocol = PLAINTEXT
	security.providers = null
	send.buffer.bytes = 131072
	socket.connection.setup.timeout.max.ms = 30000
	socket.connection.setup.timeout.ms = 10000
	ssl.cipher.suites = null
	ssl.enabled.protocols = [TLSv1.2, TLSv1.3]
	ssl.endpoint.identification.algorithm = https
	ssl.engine.factory.class = null
	ssl.key.password = null
	ssl.keymanager.algorithm = SunX509
	ssl.keystore.certificate.chain = null
	ssl.keystore.key = null
	ssl.keystore.location = null
	ssl.keystore.password = null
	ssl.keystore.type = JKS
	ssl.protocol = TLSv1.3
	ssl.provider = null
	ssl.secure.random.implementation = null
	ssl.trustmanager.algorithm = PKIX
	ssl.truststore.certificates = null
	ssl.truststore.location = null
	ssl.truststore.password = null
	ssl.truststore.type = JKS
	transaction.timeout.ms = 60000
	transactional.id = null
	value.serializer = class io.apicurio.registry.serde.avro.AvroKafkaSerializer

2025-07-31 18:15:58,079 INFO  [org.apa.kaf.com.tel.int.KafkaMetricsCollector] (main) initializing Kafka metrics collector
2025-07-31 18:15:58,096 INFO  [org.apa.kaf.cli.pro.KafkaProducer] (main) [Producer clientId=Producer-topic-c198e6a1_f1fb_4637_9d87_2eab6b8ed4fe] Instantiated an idempotent producer.
2025-07-31 18:15:58,103 INFO  [org.apa.kaf.cli.pro.ProducerConfig] (main) These configurations '[apicurio.registry.url, apicurio.registry.auto-register, apicurio.registry.use-id, apicurio.registry.artifact-resolver-strategy]' were supplied but are not used yet.
2025-07-31 18:15:58,103 INFO  [org.apa.kaf.com.uti.AppInfoParser] (main) Kafka version: 3.9.1
2025-07-31 18:15:58,103 INFO  [org.apa.kaf.com.uti.AppInfoParser] (main) Kafka commitId: f745dfdcee2b9851
2025-07-31 18:15:58,103 INFO  [org.apa.kaf.com.uti.AppInfoParser] (main) Kafka startTimeMs: 1753985758103
2025-07-31 18:15:58,104 INFO  [io.api.tes.ser.api.SimpleSerdesTesterBuilder$SimpleSerdesTester] (main) Using producer configuration: {apicurio.registry.url=http://registry-app-mysql.apps.ci419.apicurio-testing.org:80/apis/registry/v3, apicurio.registry.auto-register=true, apicurio.registry.use-id=globalId, apicurio.registry.artifact-resolver-strategy=io.apicurio.registry.serde.strategy.TopicIdStrategy, value.serializer=io.apicurio.registry.serde.avro.AvroKafkaSerializer, request.timeout.ms=5000, acks=all, bootstrap.servers=PLAINTEXT://localhost:32770, connections.max.idle.ms=10000, key.serializer=org.apache.kafka.common.serialization.StringSerializer, client.id=Producer-topic-c198e6a1_f1fb_4637_9d87_2eab6b8ed4fe}
2025-07-31 18:15:58,104 INFO  [io.api.tes.ser.api.SimpleSerdesTesterBuilder$SimpleSerdesTester] (main) Using consumer configuration: {apicurio.registry.use-id=globalId}
2025-07-31 18:15:58,106 INFO  [io.api.tes.ser.api.KafkaSerdesTester] (Thread-735) Sending message {"key11753985758076": "value-0"} to topic topic-c198e6a1_f1fb_4637_9d87_2eab6b8ed4fe
2025-07-31 18:15:58,120 WARN  [org.apa.kaf.cli.NetworkClient] (kafka-producer-network-thread | Producer-topic-c198e6a1_f1fb_4637_9d87_2eab6b8ed4fe) [Producer clientId=Producer-topic-c198e6a1_f1fb_4637_9d87_2eab6b8ed4fe] The metadata response from the cluster reported a recoverable issue with correlation id 2 : {topic-c198e6a1_f1fb_4637_9d87_2eab6b8ed4fe=LEADER_NOT_AVAILABLE}
2025-07-31 18:15:58,120 INFO  [org.apa.kaf.cli.Metadata] (kafka-producer-network-thread | Producer-topic-c198e6a1_f1fb_4637_9d87_2eab6b8ed4fe) [Producer clientId=Producer-topic-c198e6a1_f1fb_4637_9d87_2eab6b8ed4fe] Cluster ID: l9YG0eo6TEyFi47Ppqwpmg
2025-07-31 18:15:58,122 INFO  [org.apa.kaf.cli.pro.int.TransactionManager] (kafka-producer-network-thread | Producer-topic-c198e6a1_f1fb_4637_9d87_2eab6b8ed4fe) [Producer clientId=Producer-topic-c198e6a1_f1fb_4637_9d87_2eab6b8ed4fe] ProducerId set to 25 with epoch 0
2025-07-31 18:15:58,300 INFO  [io.api.tes.ser.api.KafkaSerdesTester] (Thread-735) Sending message {"key11753985758076": "value-1"} to topic topic-c198e6a1_f1fb_4637_9d87_2eab6b8ed4fe
2025-07-31 18:15:58,303 INFO  [io.api.tes.ser.api.KafkaSerdesTester] (Thread-735) Sending message {"key11753985758076": "value-2"} to topic topic-c198e6a1_f1fb_4637_9d87_2eab6b8ed4fe
2025-07-31 18:15:58,305 INFO  [io.api.tes.ser.api.KafkaSerdesTester] (Thread-735) Sending message {"key11753985758076": "value-3"} to topic topic-c198e6a1_f1fb_4637_9d87_2eab6b8ed4fe
2025-07-31 18:15:58,307 INFO  [io.api.tes.ser.api.KafkaSerdesTester] (Thread-735) Sending message {"key11753985758076": "value-4"} to topic topic-c198e6a1_f1fb_4637_9d87_2eab6b8ed4fe
2025-07-31 18:15:58,310 INFO  [io.api.tes.ser.api.KafkaSerdesTester] (Thread-735) Sending message {"key11753985758076": "value-5"} to topic topic-c198e6a1_f1fb_4637_9d87_2eab6b8ed4fe
2025-07-31 18:15:58,320 INFO  [io.api.tes.ser.api.KafkaSerdesTester] (Thread-735) Sending message {"key11753985758076": "value-6"} to topic topic-c198e6a1_f1fb_4637_9d87_2eab6b8ed4fe
2025-07-31 18:15:58,323 INFO  [io.api.tes.ser.api.KafkaSerdesTester] (Thread-735) Sending message {"key11753985758076": "value-7"} to topic topic-c198e6a1_f1fb_4637_9d87_2eab6b8ed4fe
2025-07-31 18:15:58,325 INFO  [io.api.tes.ser.api.KafkaSerdesTester] (Thread-735) Sending message {"key11753985758076": "value-8"} to topic topic-c198e6a1_f1fb_4637_9d87_2eab6b8ed4fe
2025-07-31 18:15:58,328 INFO  [io.api.tes.ser.api.KafkaSerdesTester] (Thread-735) Sending message {"key11753985758076": "value-9"} to topic topic-c198e6a1_f1fb_4637_9d87_2eab6b8ed4fe
2025-07-31 18:15:58,329 INFO  [io.api.tes.ser.api.KafkaSerdesTester] (Thread-735) Produced 10 messages
2025-07-31 18:15:58,329 INFO  [org.apa.kaf.cli.pro.KafkaProducer] (Thread-735) [Producer clientId=Producer-topic-c198e6a1_f1fb_4637_9d87_2eab6b8ed4fe] Closing the Kafka producer with timeoutMillis = 9223372036854775807 ms.
2025-07-31 18:15:58,331 INFO  [org.apa.kaf.com.met.Metrics] (Thread-735) Metrics scheduler closed
2025-07-31 18:15:58,332 INFO  [org.apa.kaf.com.met.Metrics] (Thread-735) Closing reporter org.apache.kafka.common.metrics.JmxReporter
2025-07-31 18:15:58,332 INFO  [org.apa.kaf.com.met.Metrics] (Thread-735) Closing reporter org.apache.kafka.common.telemetry.internals.ClientTelemetryReporter
2025-07-31 18:15:58,332 INFO  [org.apa.kaf.com.met.Metrics] (Thread-735) Metrics reporters closed
2025-07-31 18:15:58,332 INFO  [org.apa.kaf.com.uti.AppInfoParser] (Thread-735) App info kafka.producer for Producer-topic-c198e6a1_f1fb_4637_9d87_2eab6b8ed4fe unregistered
**** Registry Base URL: http://registry-app-mysql.apps.ci419.apicurio-testing.org:80
2025-07-31 18:15:58,373 INFO  [org.apa.kaf.cli.con.ConsumerConfig] (main) ConsumerConfig values: 
	allow.auto.create.topics = true
	auto.commit.interval.ms = 500
	auto.include.jmx.reporter = true
	auto.offset.reset = earliest
	bootstrap.servers = [PLAINTEXT://localhost:32770]
	check.crcs = true
	client.dns.lookup = use_all_dns_ips
	client.id = consumer-Consumer-topic-c198e6a1_f1fb_4637_9d87_2eab6b8ed4fe-18
	client.rack = 
	connections.max.idle.ms = 10000
	default.api.timeout.ms = 60000
	enable.auto.commit = true
	enable.metrics.push = true
	exclude.internal.topics = true
	fetch.max.bytes = 52428800
	fetch.max.wait.ms = 500
	fetch.min.bytes = 1
	group.id = Consumer-topic-c198e6a1_f1fb_4637_9d87_2eab6b8ed4fe
	group.instance.id = null
	group.protocol = classic
	group.remote.assignor = null
	heartbeat.interval.ms = 3000
	interceptor.classes = []
	internal.leave.group.on.close = true
	internal.throw.on.fetch.stable.offset.unsupported = false
	isolation.level = read_uncommitted
	key.deserializer = class org.apache.kafka.common.serialization.StringDeserializer
	max.partition.fetch.bytes = 1048576
	max.poll.interval.ms = 300000
	max.poll.records = 500
	metadata.max.age.ms = 300000
	metadata.recovery.strategy = none
	metric.reporters = []
	metrics.num.samples = 2
	metrics.recording.level = INFO
	metrics.sample.window.ms = 30000
	partition.assignment.strategy = [class org.apache.kafka.clients.consumer.RangeAssignor, class org.apache.kafka.clients.consumer.CooperativeStickyAssignor]
	receive.buffer.bytes = 65536
	reconnect.backoff.max.ms = 1000
	reconnect.backoff.ms = 50
	request.timeout.ms = 5000
	retry.backoff.max.ms = 1000
	retry.backoff.ms = 100
	sasl.client.callback.handler.class = null
	sasl.jaas.config = null
	sasl.kerberos.kinit.cmd = /usr/bin/kinit
	sasl.kerberos.min.time.before.relogin = 60000
	sasl.kerberos.service.name = null
	sasl.kerberos.ticket.renew.jitter = 0.05
	sasl.kerberos.ticket.renew.window.factor = 0.8
	sasl.login.callback.handler.class = null
	sasl.login.class = null
	sasl.login.connect.timeout.ms = null
	sasl.login.read.timeout.ms = null
	sasl.login.refresh.buffer.seconds = 300
	sasl.login.refresh.min.period.seconds = 60
	sasl.login.refresh.window.factor = 0.8
	sasl.login.refresh.window.jitter = 0.05
	sasl.login.retry.backoff.max.ms = 10000
	sasl.login.retry.backoff.ms = 100
	sasl.mechanism = GSSAPI
	sasl.oauthbearer.clock.skew.seconds = 30
	sasl.oauthbearer.expected.audience = null
	sasl.oauthbearer.expected.issuer = null
	sasl.oauthbearer.header.urlencode = false
	sasl.oauthbearer.jwks.endpoint.refresh.ms = 3600000
	sasl.oauthbearer.jwks.endpoint.retry.backoff.max.ms = 10000
	sasl.oauthbearer.jwks.endpoint.retry.backoff.ms = 100
	sasl.oauthbearer.jwks.endpoint.url = null
	sasl.oauthbearer.scope.claim.name = scope
	sasl.oauthbearer.sub.claim.name = sub
	sasl.oauthbearer.token.endpoint.url = null
	security.protocol = PLAINTEXT
	security.providers = null
	send.buffer.bytes = 131072
	session.timeout.ms = 45000
	socket.connection.setup.timeout.max.ms = 30000
	socket.connection.setup.timeout.ms = 10000
	ssl.cipher.suites = null
	ssl.enabled.protocols = [TLSv1.2, TLSv1.3]
	ssl.endpoint.identification.algorithm = https
	ssl.engine.factory.class = null
	ssl.key.password = null
	ssl.keymanager.algorithm = SunX509
	ssl.keystore.certificate.chain = null
	ssl.keystore.key = null
	ssl.keystore.location = null
	ssl.keystore.password = null
	ssl.keystore.type = JKS
	ssl.protocol = TLSv1.3
	ssl.provider = null
	ssl.secure.random.implementation = null
	ssl.trustmanager.algorithm = PKIX
	ssl.truststore.certificates = null
	ssl.truststore.location = null
	ssl.truststore.password = null
	ssl.truststore.type = JKS
	value.deserializer = class io.apicurio.registry.serde.avro.AvroKafkaDeserializer

2025-07-31 18:15:58,374 INFO  [org.apa.kaf.com.tel.int.KafkaMetricsCollector] (main) initializing Kafka metrics collector
2025-07-31 18:15:58,379 INFO  [org.apa.kaf.cli.con.ConsumerConfig] (main) These configurations '[apicurio.registry.url, apicurio.registry.use-id]' were supplied but are not used yet.
2025-07-31 18:15:58,379 INFO  [org.apa.kaf.com.uti.AppInfoParser] (main) Kafka version: 3.9.1
2025-07-31 18:15:58,379 INFO  [org.apa.kaf.com.uti.AppInfoParser] (main) Kafka commitId: f745dfdcee2b9851
2025-07-31 18:15:58,379 INFO  [org.apa.kaf.com.uti.AppInfoParser] (main) Kafka startTimeMs: 1753985758379
2025-07-31 18:15:58,381 INFO  [org.apa.kaf.cli.con.int.ClassicKafkaConsumer] (Thread-738) [Consumer clientId=consumer-Consumer-topic-c198e6a1_f1fb_4637_9d87_2eab6b8ed4fe-18, groupId=Consumer-topic-c198e6a1_f1fb_4637_9d87_2eab6b8ed4fe] Subscribed to topic(s): topic-c198e6a1_f1fb_4637_9d87_2eab6b8ed4fe
2025-07-31 18:15:58,385 INFO  [org.apa.kaf.cli.Metadata] (Thread-738) [Consumer clientId=consumer-Consumer-topic-c198e6a1_f1fb_4637_9d87_2eab6b8ed4fe-18, groupId=Consumer-topic-c198e6a1_f1fb_4637_9d87_2eab6b8ed4fe] Cluster ID: l9YG0eo6TEyFi47Ppqwpmg
2025-07-31 18:15:58,386 INFO  [org.apa.kaf.cli.con.int.ConsumerCoordinator] (Thread-738) [Consumer clientId=consumer-Consumer-topic-c198e6a1_f1fb_4637_9d87_2eab6b8ed4fe-18, groupId=Consumer-topic-c198e6a1_f1fb_4637_9d87_2eab6b8ed4fe] Discovered group coordinator localhost:32770 (id: 2147483647 rack: null)
2025-07-31 18:15:58,388 INFO  [org.apa.kaf.cli.con.int.ConsumerCoordinator] (Thread-738) [Consumer clientId=consumer-Consumer-topic-c198e6a1_f1fb_4637_9d87_2eab6b8ed4fe-18, groupId=Consumer-topic-c198e6a1_f1fb_4637_9d87_2eab6b8ed4fe] (Re-)joining group
2025-07-31 18:15:58,391 INFO  [org.apa.kaf.cli.con.int.ConsumerCoordinator] (Thread-738) [Consumer clientId=consumer-Consumer-topic-c198e6a1_f1fb_4637_9d87_2eab6b8ed4fe-18, groupId=Consumer-topic-c198e6a1_f1fb_4637_9d87_2eab6b8ed4fe] Request joining group due to: need to re-join with the given member-id: consumer-Consumer-topic-c198e6a1_f1fb_4637_9d87_2eab6b8ed4fe-18-c28be4d1-f8a0-4e5b-8512-acd65d39d0f3
2025-07-31 18:15:58,391 INFO  [org.apa.kaf.cli.con.int.ConsumerCoordinator] (Thread-738) [Consumer clientId=consumer-Consumer-topic-c198e6a1_f1fb_4637_9d87_2eab6b8ed4fe-18, groupId=Consumer-topic-c198e6a1_f1fb_4637_9d87_2eab6b8ed4fe] (Re-)joining group
2025-07-31 18:15:58,393 INFO  [org.apa.kaf.cli.con.int.ConsumerCoordinator] (Thread-738) [Consumer clientId=consumer-Consumer-topic-c198e6a1_f1fb_4637_9d87_2eab6b8ed4fe-18, groupId=Consumer-topic-c198e6a1_f1fb_4637_9d87_2eab6b8ed4fe] Successfully joined group with generation Generation{generationId=1, memberId='consumer-Consumer-topic-c198e6a1_f1fb_4637_9d87_2eab6b8ed4fe-18-c28be4d1-f8a0-4e5b-8512-acd65d39d0f3', protocol='range'}
2025-07-31 18:15:58,394 INFO  [org.apa.kaf.cli.con.int.ConsumerCoordinator] (Thread-738) [Consumer clientId=consumer-Consumer-topic-c198e6a1_f1fb_4637_9d87_2eab6b8ed4fe-18, groupId=Consumer-topic-c198e6a1_f1fb_4637_9d87_2eab6b8ed4fe] Finished assignment for group at generation 1: {consumer-Consumer-topic-c198e6a1_f1fb_4637_9d87_2eab6b8ed4fe-18-c28be4d1-f8a0-4e5b-8512-acd65d39d0f3=Assignment(partitions=[topic-c198e6a1_f1fb_4637_9d87_2eab6b8ed4fe-0])}
2025-07-31 18:15:58,397 INFO  [org.apa.kaf.cli.con.int.ConsumerCoordinator] (Thread-738) [Consumer clientId=consumer-Consumer-topic-c198e6a1_f1fb_4637_9d87_2eab6b8ed4fe-18, groupId=Consumer-topic-c198e6a1_f1fb_4637_9d87_2eab6b8ed4fe] Successfully synced group in generation Generation{generationId=1, memberId='consumer-Consumer-topic-c198e6a1_f1fb_4637_9d87_2eab6b8ed4fe-18-c28be4d1-f8a0-4e5b-8512-acd65d39d0f3', protocol='range'}
2025-07-31 18:15:58,397 INFO  [org.apa.kaf.cli.con.int.ConsumerCoordinator] (Thread-738) [Consumer clientId=consumer-Consumer-topic-c198e6a1_f1fb_4637_9d87_2eab6b8ed4fe-18, groupId=Consumer-topic-c198e6a1_f1fb_4637_9d87_2eab6b8ed4fe] Notifying assignor about the new Assignment(partitions=[topic-c198e6a1_f1fb_4637_9d87_2eab6b8ed4fe-0])
2025-07-31 18:15:58,397 INFO  [org.apa.kaf.cli.con.int.ConsumerRebalanceListenerInvoker] (Thread-738) [Consumer clientId=consumer-Consumer-topic-c198e6a1_f1fb_4637_9d87_2eab6b8ed4fe-18, groupId=Consumer-topic-c198e6a1_f1fb_4637_9d87_2eab6b8ed4fe] Adding newly assigned partitions: topic-c198e6a1_f1fb_4637_9d87_2eab6b8ed4fe-0
2025-07-31 18:15:58,399 INFO  [org.apa.kaf.cli.con.int.ConsumerCoordinator] (Thread-738) [Consumer clientId=consumer-Consumer-topic-c198e6a1_f1fb_4637_9d87_2eab6b8ed4fe-18, groupId=Consumer-topic-c198e6a1_f1fb_4637_9d87_2eab6b8ed4fe] Found no committed offset for partition topic-c198e6a1_f1fb_4637_9d87_2eab6b8ed4fe-0
2025-07-31 18:15:58,400 INFO  [org.apa.kaf.cli.con.int.SubscriptionState] (Thread-738) [Consumer clientId=consumer-Consumer-topic-c198e6a1_f1fb_4637_9d87_2eab6b8ed4fe-18, groupId=Consumer-topic-c198e6a1_f1fb_4637_9d87_2eab6b8ed4fe] Resetting offset for partition topic-c198e6a1_f1fb_4637_9d87_2eab6b8ed4fe-0 to position FetchPosition{offset=0, offsetEpoch=Optional.empty, currentLeader=LeaderAndEpoch{leader=Optional[localhost:32770 (id: 0 rack: null)], epoch=0}}.
2025-07-31 18:15:58,469 INFO  [io.api.tes.ser.api.KafkaSerdesTester] (Thread-738) topic-c198e6a1_f1fb_4637_9d87_2eab6b8ed4fe 0 0 {"key11753985758076": "value-0"}
2025-07-31 18:15:58,470 INFO  [io.api.tes.ser.api.KafkaSerdesTester] (Thread-738) topic-c198e6a1_f1fb_4637_9d87_2eab6b8ed4fe 0 1 {"key11753985758076": "value-1"}
2025-07-31 18:15:58,470 INFO  [io.api.tes.ser.api.KafkaSerdesTester] (Thread-738) topic-c198e6a1_f1fb_4637_9d87_2eab6b8ed4fe 0 2 {"key11753985758076": "value-2"}
2025-07-31 18:15:58,470 INFO  [io.api.tes.ser.api.KafkaSerdesTester] (Thread-738) topic-c198e6a1_f1fb_4637_9d87_2eab6b8ed4fe 0 3 {"key11753985758076": "value-3"}
2025-07-31 18:15:58,470 INFO  [io.api.tes.ser.api.KafkaSerdesTester] (Thread-738) topic-c198e6a1_f1fb_4637_9d87_2eab6b8ed4fe 0 4 {"key11753985758076": "value-4"}
2025-07-31 18:15:58,470 INFO  [io.api.tes.ser.api.KafkaSerdesTester] (Thread-738) topic-c198e6a1_f1fb_4637_9d87_2eab6b8ed4fe 0 5 {"key11753985758076": "value-5"}
2025-07-31 18:15:58,470 INFO  [io.api.tes.ser.api.KafkaSerdesTester] (Thread-738) topic-c198e6a1_f1fb_4637_9d87_2eab6b8ed4fe 0 6 {"key11753985758076": "value-6"}
2025-07-31 18:15:58,470 INFO  [io.api.tes.ser.api.KafkaSerdesTester] (Thread-738) topic-c198e6a1_f1fb_4637_9d87_2eab6b8ed4fe 0 7 {"key11753985758076": "value-7"}
2025-07-31 18:15:58,470 INFO  [io.api.tes.ser.api.KafkaSerdesTester] (Thread-738) topic-c198e6a1_f1fb_4637_9d87_2eab6b8ed4fe 0 8 {"key11753985758076": "value-8"}
2025-07-31 18:15:58,470 INFO  [io.api.tes.ser.api.KafkaSerdesTester] (Thread-738) topic-c198e6a1_f1fb_4637_9d87_2eab6b8ed4fe 0 9 {"key11753985758076": "value-9"}
2025-07-31 18:15:58,470 INFO  [io.api.tes.ser.api.KafkaSerdesTester] (Thread-738) Consumed 10 messages
2025-07-31 18:15:58,473 INFO  [org.apa.kaf.cli.con.int.ConsumerRebalanceListenerInvoker] (Thread-738) [Consumer clientId=consumer-Consumer-topic-c198e6a1_f1fb_4637_9d87_2eab6b8ed4fe-18, groupId=Consumer-topic-c198e6a1_f1fb_4637_9d87_2eab6b8ed4fe] Revoke previously assigned partitions topic-c198e6a1_f1fb_4637_9d87_2eab6b8ed4fe-0
2025-07-31 18:15:58,473 INFO  [org.apa.kaf.cli.con.int.ConsumerCoordinator] (Thread-738) [Consumer clientId=consumer-Consumer-topic-c198e6a1_f1fb_4637_9d87_2eab6b8ed4fe-18, groupId=Consumer-topic-c198e6a1_f1fb_4637_9d87_2eab6b8ed4fe] Member consumer-Consumer-topic-c198e6a1_f1fb_4637_9d87_2eab6b8ed4fe-18-c28be4d1-f8a0-4e5b-8512-acd65d39d0f3 sending LeaveGroup request to coordinator localhost:32770 (id: 2147483647 rack: null) due to the consumer is being closed
2025-07-31 18:15:58,475 INFO  [org.apa.kaf.cli.con.int.ConsumerCoordinator] (Thread-738) [Consumer clientId=consumer-Consumer-topic-c198e6a1_f1fb_4637_9d87_2eab6b8ed4fe-18, groupId=Consumer-topic-c198e6a1_f1fb_4637_9d87_2eab6b8ed4fe] Resetting generation and member id due to: consumer pro-actively leaving the group
2025-07-31 18:15:58,475 INFO  [org.apa.kaf.cli.con.int.ConsumerCoordinator] (Thread-738) [Consumer clientId=consumer-Consumer-topic-c198e6a1_f1fb_4637_9d87_2eab6b8ed4fe-18, groupId=Consumer-topic-c198e6a1_f1fb_4637_9d87_2eab6b8ed4fe] Request joining group due to: consumer pro-actively leaving the group
2025-07-31 18:15:58,971 INFO  [org.apa.kaf.com.met.Metrics] (Thread-738) Metrics scheduler closed
2025-07-31 18:15:58,971 INFO  [org.apa.kaf.com.met.Metrics] (Thread-738) Closing reporter org.apache.kafka.common.metrics.JmxReporter
2025-07-31 18:15:58,971 INFO  [org.apa.kaf.com.met.Metrics] (Thread-738) Closing reporter org.apache.kafka.common.telemetry.internals.ClientTelemetryReporter
2025-07-31 18:15:58,972 INFO  [org.apa.kaf.com.met.Metrics] (Thread-738) Metrics reporters closed
2025-07-31 18:15:58,974 INFO  [org.apa.kaf.com.uti.AppInfoParser] (Thread-738) App info kafka.consumer for consumer-Consumer-topic-c198e6a1_f1fb_4637_9d87_2eab6b8ed4fe-18 unregistered
2025-07-31 18:15:58,975 INFO  [io.api.tes.uti.TestSeparator] (main) io.apicurio.tests.serdes.apicurio.AvroSerdeIT.testGlobalIdInBody-FINISHED
2025-07-31 18:15:58,975 INFO  [io.api.tes.uti.TestSeparator] (main) ############################################################################
Test passed: testGlobalIdInBody
]]></system-out>
  </testcase>
  <testcase name="testProducerUsesGlobalIdConsumerUsesDefault" classname="io.apicurio.tests.serdes.apicurio.AvroSerdeIT" time="0.0">
    <skipped message="void io.apicurio.tests.serdes.apicurio.AvroSerdeIT.testProducerUsesGlobalIdConsumerUsesDefault() throws java.lang.Exception is @Disabled"/>
  </testcase>
</testsuite>