<?xml version="1.0" encoding="UTF-8"?>
<testsuite xmlns:xsi="http://www.w3.org/2001/XMLSchema-instance" xsi:noNamespaceSchemaLocation="https://maven.apache.org/surefire/maven-failsafe-plugin/xsd/failsafe-test-report.xsd" version="3.0.2" name="io.apicurio.tests.serdes.apicurio.AvroSerdeIT" time="48.601" tests="21" errors="0" skipped="2" failures="0">
  <properties>
    <property name="java.specification.version" value="17"/>
    <property name="sun.jnu.encoding" value="UTF-8"/>
    <property name="java.class.path" value="/home/runner/work/apicurio-testing/apicurio-testing/clusters/ci419/namespaces/kafkasql/tests/integration/apicurio-registry/integration-tests/target/test-classes:/home/runner/work/apicurio-testing/apicurio-testing/clusters/ci419/namespaces/kafkasql/tests/integration/apicurio-registry/integration-tests/target/apicurio-registry-integration-tests-3.0.11-SNAPSHOT.jar:/home/runner/.m2/repository/io/quarkus/quarkus-junit5/3.20.1/quarkus-junit5-3.20.1.jar:/home/runner/.m2/repository/io/quarkus/quarkus-bootstrap-core/3.20.1/quarkus-bootstrap-core-3.20.1.jar:/home/runner/.m2/repository/io/quarkus/quarkus-classloader-commons/3.20.1/quarkus-classloader-commons-3.20.1.jar:/home/runner/.m2/repository/io/quarkus/quarkus-bootstrap-app-model/3.20.1/quarkus-bootstrap-app-model-3.20.1.jar:/home/runner/.m2/repository/io/smallrye/common/smallrye-common-io/2.12.0/smallrye-common-io-2.12.0.jar:/home/runner/.m2/repository/org/eclipse/sisu/org.eclipse.sisu.inject/0.9.0.M3/org.eclipse.sisu.inject-0.9.0.M3.jar:/home/runner/.m2/repository/io/quarkus/quarkus-test-common/3.20.1/quarkus-test-common-3.20.1.jar:/home/runner/.m2/repository/io/quarkus/quarkus-core-deployment/3.20.1/quarkus-core-deployment-3.20.1.jar:/home/runner/.m2/repository/org/aesh/readline/2.6/readline-2.6.jar:/home/runner/.m2/repository/org/fusesource/jansi/jansi/2.4.0/jansi-2.4.0.jar:/home/runner/.m2/repository/org/aesh/aesh/2.8.2/aesh-2.8.2.jar:/home/runner/.m2/repository/io/quarkus/gizmo/gizmo/1.8.0/gizmo-1.8.0.jar:/home/runner/.m2/repository/org/ow2/asm/asm-util/9.7.1/asm-util-9.7.1.jar:/home/runner/.m2/repository/org/ow2/asm/asm-analysis/9.7.1/asm-analysis-9.7.1.jar:/home/runner/.m2/repository/org/ow2/asm/asm-commons/9.7.1/asm-commons-9.7.1.jar:/home/runner/.m2/repository/org/ow2/asm/asm-tree/9.7.1/asm-tree-9.7.1.jar:/home/runner/.m2/repository/io/quarkus/quarkus-hibernate-validator-spi/3.20.1/quarkus-hibernate-validator-spi-3.20.1.jar:/home/runner/.m2/repository/io/quarkus/quarkus-class-change-agent/3.20.1/quarkus-class-change-agent-3.20.1.jar:/home/runner/.m2/repository/io/quarkus/quarkus-devtools-utilities/3.20.1/quarkus-devtools-utilities-3.20.1.jar:/home/runner/.m2/repository/io/quarkus/quarkus-builder/3.20.1/quarkus-builder-3.20.1.jar:/home/runner/.m2/repository/org/graalvm/sdk/nativeimage/23.1.2/nativeimage-23.1.2.jar:/home/runner/.m2/repository/org/graalvm/sdk/word/23.1.2/word-23.1.2.jar:/home/runner/.m2/repository/io/quarkus/quarkus-bootstrap-maven-resolver/3.20.1/quarkus-bootstrap-maven-resolver-3.20.1.jar:/home/runner/.m2/repository/io/smallrye/beanbag/smallrye-beanbag-maven/1.5.2/smallrye-beanbag-maven-1.5.2.jar:/home/runner/.m2/repository/io/smallrye/beanbag/smallrye-beanbag-sisu/1.5.2/smallrye-beanbag-sisu-1.5.2.jar:/home/runner/.m2/repository/io/smallrye/beanbag/smallrye-beanbag/1.5.2/smallrye-beanbag-1.5.2.jar:/home/runner/.m2/repository/javax/inject/javax.inject/1/javax.inject-1.jar:/home/runner/.m2/repository/org/apache/maven/maven-artifact/3.9.9/maven-artifact-3.9.9.jar:/home/runner/.m2/repository/org/apache/maven/maven-builder-support/3.9.9/maven-builder-support-3.9.9.jar:/home/runner/.m2/repository/org/apache/maven/maven-model/3.9.9/maven-model-3.9.9.jar:/home/runner/.m2/repository/org/apache/maven/maven-model-builder/3.9.9/maven-model-builder-3.9.9.jar:/home/runner/.m2/repository/org/apache/maven/maven-repository-metadata/3.9.9/maven-repository-metadata-3.9.9.jar:/home/runner/.m2/repository/org/apache/maven/maven-settings/3.9.9/maven-settings-3.9.9.jar:/home/runner/.m2/repository/org/apache/maven/resolver/maven-resolver-api/1.9.22/maven-resolver-api-1.9.22.jar:/home/runner/.m2/repository/org/apache/maven/resolver/maven-resolver-impl/1.9.22/maven-resolver-impl-1.9.22.jar:/home/runner/.m2/repository/org/apache/maven/resolver/maven-resolver-named-locks/1.9.22/maven-resolver-named-locks-1.9.22.jar:/home/runner/.m2/repository/org/apache/maven/resolver/maven-resolver-spi/1.9.22/maven-resolver-spi-1.9.22.jar:/home/runner/.m2/repository/org/apache/maven/resolver/maven-resolver-util/1.9.22/maven-resolver-util-1.9.22.jar:/home/runner/.m2/repository/org/apache/maven/resolver/maven-resolver-transport-http/1.9.20/maven-resolver-transport-http-1.9.20.jar:/home/runner/.m2/repository/org/apache/maven/wagon/wagon-provider-api/3.5.3/wagon-provider-api-3.5.3.jar:/home/runner/.m2/repository/org/apache/maven/wagon/wagon-http-shared/3.5.3/wagon-http-shared-3.5.3.jar:/home/runner/.m2/repository/org/codehaus/plexus/plexus-interpolation/1.26/plexus-interpolation-1.26.jar:/home/runner/.m2/repository/org/codehaus/plexus/plexus-utils/3.5.1/plexus-utils-3.5.1.jar:/home/runner/.m2/repository/org/codehaus/plexus/plexus-xml/4.0.1/plexus-xml-4.0.1.jar:/home/runner/.m2/repository/org/apache/maven/maven-xml-impl/4.0.0-alpha-5/maven-xml-impl-4.0.0-alpha-5.jar:/home/runner/.m2/repository/org/apache/maven/maven-api-xml/4.0.0-alpha-5/maven-api-xml-4.0.0-alpha-5.jar:/home/runner/.m2/repository/org/apache/maven/maven-api-meta/4.0.0-alpha-5/maven-api-meta-4.0.0-alpha-5.jar:/home/runner/.m2/repository/org/codehaus/plexus/plexus-cipher/2.0/plexus-cipher-2.0.jar:/home/runner/.m2/repository/org/codehaus/plexus/plexus-sec-dispatcher/2.0/plexus-sec-dispatcher-2.0.jar:/home/runner/.m2/repository/org/apache/maven/maven-embedder/3.9.9/maven-embedder-3.9.9.jar:/home/runner/.m2/repository/org/apache/maven/maven-core/3.9.9/maven-core-3.9.9.jar:/home/runner/.m2/repository/org/codehaus/plexus/plexus-component-annotations/2.1.0/plexus-component-annotations-2.1.0.jar:/home/runner/.m2/repository/org/apache/maven/maven-plugin-api/3.9.9/maven-plugin-api-3.9.9.jar:/home/runner/.m2/repository/org/apache/maven/shared/maven-shared-utils/3.4.2/maven-shared-utils-3.4.2.jar:/home/runner/.m2/repository/com/google/inject/guice/5.1.0/guice-5.1.0.jar:/home/runner/.m2/repository/aopalliance/aopalliance/1.0/aopalliance-1.0.jar:/home/runner/.m2/repository/org/codehaus/plexus/plexus-classworlds/2.6.0/plexus-classworlds-2.6.0.jar:/home/runner/.m2/repository/commons-cli/commons-cli/1.8.0/commons-cli-1.8.0.jar:/home/runner/.m2/repository/org/eclipse/sisu/org.eclipse.sisu.plexus/0.9.0.M3/org.eclipse.sisu.plexus-0.9.0.M3.jar:/home/runner/.m2/repository/org/apache/maven/maven-settings-builder/3.9.9/maven-settings-builder-3.9.9.jar:/home/runner/.m2/repository/org/apache/maven/maven-resolver-provider/3.9.9/maven-resolver-provider-3.9.9.jar:/home/runner/.m2/repository/org/apache/maven/resolver/maven-resolver-connector-basic/1.9.22/maven-resolver-connector-basic-1.9.22.jar:/home/runner/.m2/repository/org/apache/maven/resolver/maven-resolver-transport-wagon/1.9.22/maven-resolver-transport-wagon-1.9.22.jar:/home/runner/.m2/repository/org/apache/maven/wagon/wagon-http/3.5.3/wagon-http-3.5.3.jar:/home/runner/.m2/repository/org/apache/maven/wagon/wagon-file/3.5.3/wagon-file-3.5.3.jar:/home/runner/.m2/repository/io/quarkus/quarkus-bootstrap-gradle-resolver/3.20.1/quarkus-bootstrap-gradle-resolver-3.20.1.jar:/home/runner/.m2/repository/io/smallrye/jandex/3.3.0/jandex-3.3.0.jar:/home/runner/.m2/repository/org/jboss/logging/commons-logging-jboss-logging/1.0.0.Final/commons-logging-jboss-logging-1.0.0.Final.jar:/home/runner/.m2/repository/io/quarkus/quarkus-junit5-config/3.20.1/quarkus-junit5-config-3.20.1.jar:/home/runner/.m2/repository/org/junit/jupiter/junit-jupiter-api/5.12.1/junit-jupiter-api-5.12.1.jar:/home/runner/.m2/repository/io/smallrye/config/smallrye-config/3.11.4/smallrye-config-3.11.4.jar:/home/runner/.m2/repository/io/smallrye/config/smallrye-config-core/3.11.4/smallrye-config-core-3.11.4.jar:/home/runner/.m2/repository/io/smallrye/common/smallrye-common-classloader/2.12.0/smallrye-common-classloader-2.12.0.jar:/home/runner/.m2/repository/io/smallrye/config/smallrye-config-common/3.11.4/smallrye-config-common-3.11.4.jar:/home/runner/.m2/repository/org/junit/jupiter/junit-jupiter/5.12.1/junit-jupiter-5.12.1.jar:/home/runner/.m2/repository/org/junit/jupiter/junit-jupiter-params/5.12.1/junit-jupiter-params-5.12.1.jar:/home/runner/.m2/repository/org/junit/jupiter/junit-jupiter-engine/5.12.1/junit-jupiter-engine-5.12.1.jar:/home/runner/.m2/repository/io/quarkus/quarkus-core/3.20.1/quarkus-core-3.20.1.jar:/home/runner/.m2/repository/jakarta/enterprise/jakarta.enterprise.cdi-api/4.1.0/jakarta.enterprise.cdi-api-4.1.0.jar:/home/runner/.m2/repository/jakarta/enterprise/jakarta.enterprise.lang-model/4.1.0/jakarta.enterprise.lang-model-4.1.0.jar:/home/runner/.m2/repository/jakarta/el/jakarta.el-api/5.0.1/jakarta.el-api-5.0.1.jar:/home/runner/.m2/repository/jakarta/interceptor/jakarta.interceptor-api/2.2.0/jakarta.interceptor-api-2.2.0.jar:/home/runner/.m2/repository/jakarta/inject/jakarta.inject-api/2.0.1/jakarta.inject-api-2.0.1.jar:/home/runner/.m2/repository/io/smallrye/common/smallrye-common-os/2.12.0/smallrye-common-os-2.12.0.jar:/home/runner/.m2/repository/io/quarkus/quarkus-ide-launcher/3.20.1/quarkus-ide-launcher-3.20.1.jar:/home/runner/.m2/repository/io/quarkus/quarkus-development-mode-spi/3.20.1/quarkus-development-mode-spi-3.20.1.jar:/home/runner/.m2/repository/org/jboss/logging/jboss-logging/3.6.1.Final/jboss-logging-3.6.1.Final.jar:/home/runner/.m2/repository/org/jboss/logmanager/jboss-logmanager/3.1.2.Final/jboss-logmanager-3.1.2.Final.jar:/home/runner/.m2/repository/io/smallrye/common/smallrye-common-constraint/2.12.0/smallrye-common-constraint-2.12.0.jar:/home/runner/.m2/repository/io/smallrye/common/smallrye-common-cpu/2.12.0/smallrye-common-cpu-2.12.0.jar:/home/runner/.m2/repository/io/smallrye/common/smallrye-common-expression/2.12.0/smallrye-common-expression-2.12.0.jar:/home/runner/.m2/repository/io/smallrye/common/smallrye-common-net/2.12.0/smallrye-common-net-2.12.0.jar:/home/runner/.m2/repository/io/smallrye/common/smallrye-common-ref/2.12.0/smallrye-common-ref-2.12.0.jar:/home/runner/.m2/repository/jakarta/json/jakarta.json-api/2.1.3/jakarta.json-api-2.1.3.jar:/home/runner/.m2/repository/org/eclipse/parsson/parsson/1.1.7/parsson-1.1.7.jar:/home/runner/.m2/repository/org/jboss/logging/jboss-logging-annotations/3.0.4.Final/jboss-logging-annotations-3.0.4.Final.jar:/home/runner/.m2/repository/org/jboss/threads/jboss-threads/3.8.0.Final/jboss-threads-3.8.0.Final.jar:/home/runner/.m2/repository/io/smallrye/common/smallrye-common-annotation/2.12.0/smallrye-common-annotation-2.12.0.jar:/home/runner/.m2/repository/io/smallrye/common/smallrye-common-function/2.12.0/smallrye-common-function-2.12.0.jar:/home/runner/.m2/repository/org/jboss/slf4j/slf4j-jboss-logmanager/2.0.0.Final/slf4j-jboss-logmanager-2.0.0.Final.jar:/home/runner/.m2/repository/org/wildfly/common/wildfly-common/2.0.1/wildfly-common-2.0.1.jar:/home/runner/.m2/repository/io/quarkus/quarkus-bootstrap-runner/3.20.1/quarkus-bootstrap-runner-3.20.1.jar:/home/runner/.m2/repository/io/github/crac/org-crac/0.1.3/org-crac-0.1.3.jar:/home/runner/.m2/repository/io/quarkus/quarkus-fs-util/0.0.10/quarkus-fs-util-0.0.10.jar:/home/runner/.m2/repository/org/jboss/marshalling/jboss-marshalling/2.2.2.Final/jboss-marshalling-2.2.2.Final.jar:/home/runner/.m2/repository/io/fabric8/kubernetes-client/7.1.0/kubernetes-client-7.1.0.jar:/home/runner/.m2/repository/io/fabric8/kubernetes-client-api/7.1.0/kubernetes-client-api-7.1.0.jar:/home/runner/.m2/repository/io/fabric8/kubernetes-model-core/7.1.0/kubernetes-model-core-7.1.0.jar:/home/runner/.m2/repository/io/fabric8/kubernetes-model-common/7.1.0/kubernetes-model-common-7.1.0.jar:/home/runner/.m2/repository/javax/annotation/javax.annotation-api/1.3.2/javax.annotation-api-1.3.2.jar:/home/runner/.m2/repository/io/fabric8/kubernetes-model-gatewayapi/7.1.0/kubernetes-model-gatewayapi-7.1.0.jar:/home/runner/.m2/repository/io/fabric8/kubernetes-model-resource/7.1.0/kubernetes-model-resource-7.1.0.jar:/home/runner/.m2/repository/io/fabric8/kubernetes-model-rbac/7.1.0/kubernetes-model-rbac-7.1.0.jar:/home/runner/.m2/repository/io/fabric8/kubernetes-model-admissionregistration/7.1.0/kubernetes-model-admissionregistration-7.1.0.jar:/home/runner/.m2/repository/io/fabric8/kubernetes-model-apps/7.1.0/kubernetes-model-apps-7.1.0.jar:/home/runner/.m2/repository/io/fabric8/kubernetes-model-autoscaling/7.1.0/kubernetes-model-autoscaling-7.1.0.jar:/home/runner/.m2/repository/io/fabric8/kubernetes-model-apiextensions/7.1.0/kubernetes-model-apiextensions-7.1.0.jar:/home/runner/.m2/repository/io/fabric8/kubernetes-model-batch/7.1.0/kubernetes-model-batch-7.1.0.jar:/home/runner/.m2/repository/io/fabric8/kubernetes-model-certificates/7.1.0/kubernetes-model-certificates-7.1.0.jar:/home/runner/.m2/repository/io/fabric8/kubernetes-model-coordination/7.1.0/kubernetes-model-coordination-7.1.0.jar:/home/runner/.m2/repository/io/fabric8/kubernetes-model-discovery/7.1.0/kubernetes-model-discovery-7.1.0.jar:/home/runner/.m2/repository/io/fabric8/kubernetes-model-events/7.1.0/kubernetes-model-events-7.1.0.jar:/home/runner/.m2/repository/io/fabric8/kubernetes-model-extensions/7.1.0/kubernetes-model-extensions-7.1.0.jar:/home/runner/.m2/repository/io/fabric8/kubernetes-model-flowcontrol/7.1.0/kubernetes-model-flowcontrol-7.1.0.jar:/home/runner/.m2/repository/io/fabric8/kubernetes-model-networking/7.1.0/kubernetes-model-networking-7.1.0.jar:/home/runner/.m2/repository/io/fabric8/kubernetes-model-metrics/7.1.0/kubernetes-model-metrics-7.1.0.jar:/home/runner/.m2/repository/io/fabric8/kubernetes-model-policy/7.1.0/kubernetes-model-policy-7.1.0.jar:/home/runner/.m2/repository/io/fabric8/kubernetes-model-scheduling/7.1.0/kubernetes-model-scheduling-7.1.0.jar:/home/runner/.m2/repository/io/fabric8/kubernetes-model-storageclass/7.1.0/kubernetes-model-storageclass-7.1.0.jar:/home/runner/.m2/repository/io/fabric8/kubernetes-model-node/7.1.0/kubernetes-model-node-7.1.0.jar:/home/runner/.m2/repository/org/snakeyaml/snakeyaml-engine/2.9/snakeyaml-engine-2.9.jar:/home/runner/.m2/repository/com/fasterxml/jackson/dataformat/jackson-dataformat-yaml/2.15.2/jackson-dataformat-yaml-2.15.2.jar:/home/runner/.m2/repository/com/fasterxml/jackson/datatype/jackson-datatype-jsr310/2.18.2/jackson-datatype-jsr310-2.18.2.jar:/home/runner/.m2/repository/io/fabric8/zjsonpatch/7.1.0/zjsonpatch-7.1.0.jar:/home/runner/.m2/repository/io/fabric8/kubernetes-httpclient-vertx/7.1.0/kubernetes-httpclient-vertx-7.1.0.jar:/home/runner/.m2/repository/io/vertx/vertx-web-client/4.5.14/vertx-web-client-4.5.14.jar:/home/runner/.m2/repository/io/vertx/vertx-web-common/4.5.14/vertx-web-common-4.5.14.jar:/home/runner/.m2/repository/io/vertx/vertx-auth-common/4.5.14/vertx-auth-common-4.5.14.jar:/home/runner/.m2/repository/io/vertx/vertx-uri-template/4.5.14/vertx-uri-template-4.5.14.jar:/home/runner/.m2/repository/io/fabric8/openshift-client/7.1.0/openshift-client-7.1.0.jar:/home/runner/.m2/repository/io/fabric8/openshift-client-api/7.1.0/openshift-client-api-7.1.0.jar:/home/runner/.m2/repository/io/fabric8/openshift-model/7.1.0/openshift-model-7.1.0.jar:/home/runner/.m2/repository/io/fabric8/openshift-model-autoscaling/7.1.0/openshift-model-autoscaling-7.1.0.jar:/home/runner/.m2/repository/io/fabric8/openshift-model-operator/7.1.0/openshift-model-operator-7.1.0.jar:/home/runner/.m2/repository/io/fabric8/openshift-model-operatorhub/7.1.0/openshift-model-operatorhub-7.1.0.jar:/home/runner/.m2/repository/io/fabric8/openshift-model-machine/7.1.0/openshift-model-machine-7.1.0.jar:/home/runner/.m2/repository/io/fabric8/openshift-model-whereabouts/7.1.0/openshift-model-whereabouts-7.1.0.jar:/home/runner/.m2/repository/io/fabric8/openshift-model-monitoring/7.1.0/openshift-model-monitoring-7.1.0.jar:/home/runner/.m2/repository/io/fabric8/openshift-model-storageversionmigrator/7.1.0/openshift-model-storageversionmigrator-7.1.0.jar:/home/runner/.m2/repository/io/fabric8/openshift-model-tuned/7.1.0/openshift-model-tuned-7.1.0.jar:/home/runner/.m2/repository/io/fabric8/openshift-model-console/7.1.0/openshift-model-console-7.1.0.jar:/home/runner/.m2/repository/io/fabric8/openshift-model-config/7.1.0/openshift-model-config-7.1.0.jar:/home/runner/.m2/repository/io/fabric8/openshift-model-machineconfiguration/7.1.0/openshift-model-machineconfiguration-7.1.0.jar:/home/runner/.m2/repository/io/fabric8/openshift-model-miscellaneous/7.1.0/openshift-model-miscellaneous-7.1.0.jar:/home/runner/.m2/repository/io/fabric8/openshift-model-hive/7.1.0/openshift-model-hive-7.1.0.jar:/home/runner/.m2/repository/io/fabric8/openshift-model-installer/7.1.0/openshift-model-installer-7.1.0.jar:/home/runner/.m2/repository/org/junit/platform/junit-platform-launcher/1.12.1/junit-platform-launcher-1.12.1.jar:/home/runner/.m2/repository/org/junit/platform/junit-platform-engine/1.12.1/junit-platform-engine-1.12.1.jar:/home/runner/.m2/repository/org/opentest4j/opentest4j/1.3.0/opentest4j-1.3.0.jar:/home/runner/.m2/repository/org/junit/platform/junit-platform-commons/1.12.1/junit-platform-commons-1.12.1.jar:/home/runner/.m2/repository/org/apiguardian/apiguardian-api/1.1.2/apiguardian-api-1.1.2.jar:/home/runner/.m2/repository/jakarta/ws/rs/jakarta.ws.rs-api/3.1.0/jakarta.ws.rs-api-3.1.0.jar:/home/runner/work/apicurio-testing/apicurio-testing/clusters/ci419/namespaces/kafkasql/tests/integration/apicurio-registry/java-sdk/target/apicurio-registry-java-sdk-3.0.11-SNAPSHOT.jar:/home/runner/.m2/repository/com/microsoft/kiota/microsoft-kiota-abstractions/1.8.8/microsoft-kiota-abstractions-1.8.8.jar:/home/runner/.m2/repository/io/github/std-uritemplate/std-uritemplate/2.0.0/std-uritemplate-2.0.0.jar:/home/runner/.m2/repository/io/kiota/kiota-http-jdk/0.0.21/kiota-http-jdk-0.0.21.jar:/home/runner/.m2/repository/io/kiota/kiota-http-vertx/0.0.21/kiota-http-vertx-0.0.21.jar:/home/runner/.m2/repository/io/kiota/kiota-serialization-jackson/0.0.21/kiota-serialization-jackson-0.0.21.jar:/home/runner/.m2/repository/com/microsoft/kiota/microsoft-kiota-serialization-text/1.8.8/microsoft-kiota-serialization-text-1.8.8.jar:/home/runner/.m2/repository/com/microsoft/kiota/microsoft-kiota-serialization-form/1.8.8/microsoft-kiota-serialization-form-1.8.8.jar:/home/runner/.m2/repository/com/microsoft/kiota/microsoft-kiota-serialization-multipart/1.8.8/microsoft-kiota-serialization-multipart-1.8.8.jar:/home/runner/.m2/repository/jakarta/annotation/jakarta.annotation-api/3.0.0/jakarta.annotation-api-3.0.0.jar:/home/runner/.m2/repository/io/vertx/vertx-auth-oauth2/4.5.14/vertx-auth-oauth2-4.5.14.jar:/home/runner/work/apicurio-testing/apicurio-testing/clusters/ci419/namespaces/kafkasql/tests/integration/apicurio-registry/java-sdk-v2/target/apicurio-registry-v2-java-sdk-3.0.11-SNAPSHOT.jar:/home/runner/work/apicurio-testing/apicurio-testing/clusters/ci419/namespaces/kafkasql/tests/integration/apicurio-registry/utils/kafka/target/apicurio-registry-utils-kafka-3.0.11-SNAPSHOT-tests.jar:/home/runner/.m2/repository/org/eclipse/microprofile/config/microprofile-config-api/3.1/microprofile-config-api-3.1.jar:/home/runner/.m2/repository/org/apache/kafka/kafka-clients/3.9.1/kafka-clients-3.9.1.jar:/home/runner/.m2/repository/com/github/luben/zstd-jni/1.5.6-4/zstd-jni-1.5.6-4.jar:/home/runner/.m2/repository/org/lz4/lz4-java/1.8.0/lz4-java-1.8.0.jar:/home/runner/.m2/repository/org/xerial/snappy/snappy-java/1.1.10.5/snappy-java-1.1.10.5.jar:/home/runner/.m2/repository/org/slf4j/slf4j-api/2.0.6/slf4j-api-2.0.6.jar:/home/runner/work/apicurio-testing/apicurio-testing/clusters/ci419/namespaces/kafkasql/tests/integration/apicurio-registry/utils/tests/target/apicurio-registry-utils-tests-3.0.11-SNAPSHOT.jar:/home/runner/work/apicurio-testing/apicurio-testing/clusters/ci419/namespaces/kafkasql/tests/integration/apicurio-registry/common/target/apicurio-registry-common-3.0.11-SNAPSHOT.jar:/home/runner/.m2/repository/jakarta/validation/jakarta.validation-api/3.0.2/jakarta.validation-api-3.0.2.jar:/home/runner/.m2/repository/com/github/dasniko/testcontainers-keycloak/3.6.0/testcontainers-keycloak-3.6.0.jar:/home/runner/.m2/repository/org/testcontainers/testcontainers/1.20.6/testcontainers-1.20.6.jar:/home/runner/.m2/repository/org/rnorth/duct-tape/duct-tape/1.0.8/duct-tape-1.0.8.jar:/home/runner/.m2/repository/org/jetbrains/annotations/26.0.2/annotations-26.0.2.jar:/home/runner/.m2/repository/com/github/docker-java/docker-java-transport-zerodep/3.4.1/docker-java-transport-zerodep-3.4.1.jar:/home/runner/.m2/repository/com/github/docker-java/docker-java-transport/3.4.1/docker-java-transport-3.4.1.jar:/home/runner/.m2/repository/net/java/dev/jna/jna/5.8.0/jna-5.8.0.jar:/home/runner/.m2/repository/io/quarkus/quarkus-junit4-mock/3.20.1/quarkus-junit4-mock-3.20.1.jar:/home/runner/.m2/repository/org/jboss/shrinkwrap/shrinkwrap-api/2.0.0-beta-2/shrinkwrap-api-2.0.0-beta-2.jar:/home/runner/.m2/repository/org/jboss/shrinkwrap/shrinkwrap-impl-base/2.0.0-beta-2/shrinkwrap-impl-base-2.0.0-beta-2.jar:/home/runner/.m2/repository/org/jboss/shrinkwrap/shrinkwrap-spi/2.0.0-beta-2/shrinkwrap-spi-2.0.0-beta-2.jar:/home/runner/.m2/repository/org/keycloak/keycloak-admin-client/26.0.4/keycloak-admin-client-26.0.4.jar:/home/runner/.m2/repository/org/keycloak/keycloak-client-common-synced/26.0.4/keycloak-client-common-synced-26.0.4.jar:/home/runner/.m2/repository/jakarta/activation/jakarta.activation-api/2.1.3/jakarta.activation-api-2.1.3.jar:/home/runner/.m2/repository/org/eclipse/microprofile/openapi/microprofile-openapi-api/4.0.2/microprofile-openapi-api-4.0.2.jar:/home/runner/.m2/repository/org/jboss/resteasy/resteasy-client/6.2.12.Final/resteasy-client-6.2.12.Final.jar:/home/runner/.m2/repository/org/jboss/resteasy/resteasy-client-api/6.2.12.Final/resteasy-client-api-6.2.12.Final.jar:/home/runner/.m2/repository/org/jboss/resteasy/resteasy-core-spi/6.2.12.Final/resteasy-core-spi-6.2.12.Final.jar:/home/runner/.m2/repository/org/jboss/resteasy/resteasy-core/6.2.12.Final/resteasy-core-6.2.12.Final.jar:/home/runner/.m2/repository/org/eclipse/angus/angus-activation/2.0.2/angus-activation-2.0.2.jar:/home/runner/.m2/repository/com/ibm/async/asyncutil/0.1.0/asyncutil-0.1.0.jar:/home/runner/.m2/repository/org/reactivestreams/reactive-streams/1.0.4/reactive-streams-1.0.4.jar:/home/runner/.m2/repository/org/jboss/resteasy/resteasy-multipart-provider/6.2.12.Final/resteasy-multipart-provider-6.2.12.Final.jar:/home/runner/.m2/repository/jakarta/mail/jakarta.mail-api/2.1.3/jakarta.mail-api-2.1.3.jar:/home/runner/.m2/repository/org/eclipse/angus/angus-mail/2.0.3/angus-mail-2.0.3.jar:/home/runner/.m2/repository/org/apache/james/apache-mime4j-dom/0.8.12/apache-mime4j-dom-0.8.12.jar:/home/runner/.m2/repository/org/apache/james/apache-mime4j-core/0.8.12/apache-mime4j-core-0.8.12.jar:/home/runner/.m2/repository/org/apache/james/apache-mime4j-storage/0.8.12/apache-mime4j-storage-0.8.12.jar:/home/runner/.m2/repository/org/jboss/resteasy/resteasy-jackson2-provider/6.2.12.Final/resteasy-jackson2-provider-6.2.12.Final.jar:/home/runner/.m2/repository/com/fasterxml/jackson/jakarta/rs/jackson-jakarta-rs-base/2.18.2/jackson-jakarta-rs-base-2.18.2.jar:/home/runner/.m2/repository/com/fasterxml/jackson/jakarta/rs/jackson-jakarta-rs-json-provider/2.18.2/jackson-jakarta-rs-json-provider-2.18.2.jar:/home/runner/.m2/repository/com/fasterxml/jackson/module/jackson-module-jakarta-xmlbind-annotations/2.18.2/jackson-module-jakarta-xmlbind-annotations-2.18.2.jar:/home/runner/.m2/repository/com/github/java-json-tools/json-patch/1.13/json-patch-1.13.jar:/home/runner/.m2/repository/com/github/java-json-tools/msg-simple/1.2/msg-simple-1.2.jar:/home/runner/.m2/repository/com/github/java-json-tools/btf/1.3/btf-1.3.jar:/home/runner/.m2/repository/com/github/java-json-tools/jackson-coreutils/2.0/jackson-coreutils-2.0.jar:/home/runner/.m2/repository/org/jboss/resteasy/resteasy-jaxb-provider/6.2.12.Final/resteasy-jaxb-provider-6.2.12.Final.jar:/home/runner/.m2/repository/org/glassfish/jaxb/codemodel/4.0.5/codemodel-4.0.5.jar:/home/runner/.m2/repository/org/glassfish/jaxb/jaxb-core/4.0.5/jaxb-core-4.0.5.jar:/home/runner/.m2/repository/org/glassfish/jaxb/jaxb-jxc/4.0.5/jaxb-jxc-4.0.5.jar:/home/runner/.m2/repository/org/glassfish/jaxb/jaxb-runtime/4.0.5/jaxb-runtime-4.0.5.jar:/home/runner/.m2/repository/org/glassfish/jaxb/txw2/4.0.5/txw2-4.0.5.jar:/home/runner/.m2/repository/org/glassfish/jaxb/jaxb-xjc/4.0.5/jaxb-xjc-4.0.5.jar:/home/runner/.m2/repository/org/glassfish/jaxb/xsom/4.0.5/xsom-4.0.5.jar:/home/runner/.m2/repository/com/sun/istack/istack-commons-runtime/4.1.2/istack-commons-runtime-4.1.2.jar:/home/runner/.m2/repository/com/sun/istack/istack-commons-tools/4.1.2/istack-commons-tools-4.1.2.jar:/home/runner/.m2/repository/com/sun/xml/bind/external/relaxng-datatype/4.0.5/relaxng-datatype-4.0.5.jar:/home/runner/.m2/repository/com/sun/xml/bind/external/rngom/4.0.5/rngom-4.0.5.jar:/home/runner/.m2/repository/org/testcontainers/mssqlserver/1.20.6/mssqlserver-1.20.6.jar:/home/runner/.m2/repository/org/testcontainers/jdbc/1.20.6/jdbc-1.20.6.jar:/home/runner/.m2/repository/org/testcontainers/database-commons/1.20.6/database-commons-1.20.6.jar:/home/runner/.m2/repository/org/testcontainers/mysql/1.20.6/mysql-1.20.6.jar:/home/runner/.m2/repository/io/strimzi/strimzi-test-container/0.107.0/strimzi-test-container-0.107.0.jar:/home/runner/.m2/repository/org/testcontainers/toxiproxy/1.20.6/toxiproxy-1.20.6.jar:/home/runner/.m2/repository/com/github/docker-java/docker-java-api/3.4.1/docker-java-api-3.4.1.jar:/home/runner/.m2/repository/eu/rekawek/toxiproxy/toxiproxy-java/2.1.7/toxiproxy-java-2.1.7.jar:/home/runner/.m2/repository/junit/junit/4.13.2/junit-4.13.2.jar:/home/runner/.m2/repository/org/hamcrest/hamcrest-core/1.3/hamcrest-core-1.3.jar:/home/runner/.m2/repository/org/testcontainers/pulsar/1.20.4/pulsar-1.20.4.jar:/home/runner/.m2/repository/io/debezium/debezium-testing-testcontainers/2.6.2.Final/debezium-testing-testcontainers-2.6.2.Final.jar:/home/runner/.m2/repository/org/testcontainers/kafka/1.20.6/kafka-1.20.6.jar:/home/runner/.m2/repository/com/squareup/okhttp3/okhttp/4.8.1/okhttp-4.8.1.jar:/home/runner/.m2/repository/com/squareup/okio/okio/3.10.2/okio-3.10.2.jar:/home/runner/.m2/repository/com/squareup/okio/okio-jvm/3.10.2/okio-jvm-3.10.2.jar:/home/runner/.m2/repository/org/jetbrains/kotlin/kotlin-stdlib/2.0.21/kotlin-stdlib-2.0.21.jar:/home/runner/.m2/repository/org/awaitility/awaitility/4.2.2/awaitility-4.2.2.jar:/home/runner/.m2/repository/org/testcontainers/mongodb/1.20.6/mongodb-1.20.6.jar:/home/runner/.m2/repository/org/testcontainers/oracle-xe/1.20.6/oracle-xe-1.20.6.jar:/home/runner/.m2/repository/org/testcontainers/postgresql/1.20.6/postgresql-1.20.6.jar:/home/runner/.m2/repository/org/wiremock/wiremock/3.0.1/wiremock-3.0.1.jar:/home/runner/.m2/repository/org/eclipse/jetty/jetty-server/11.0.15/jetty-server-11.0.15.jar:/home/runner/.m2/repository/org/eclipse/jetty/toolchain/jetty-jakarta-servlet-api/5.0.2/jetty-jakarta-servlet-api-5.0.2.jar:/home/runner/.m2/repository/org/eclipse/jetty/jetty-http/11.0.15/jetty-http-11.0.15.jar:/home/runner/.m2/repository/org/eclipse/jetty/jetty-io/11.0.15/jetty-io-11.0.15.jar:/home/runner/.m2/repository/org/eclipse/jetty/jetty-servlet/11.0.15/jetty-servlet-11.0.15.jar:/home/runner/.m2/repository/org/eclipse/jetty/jetty-security/11.0.15/jetty-security-11.0.15.jar:/home/runner/.m2/repository/org/eclipse/jetty/jetty-servlets/11.0.15/jetty-servlets-11.0.15.jar:/home/runner/.m2/repository/org/eclipse/jetty/jetty-util/11.0.15/jetty-util-11.0.15.jar:/home/runner/.m2/repository/org/eclipse/jetty/jetty-webapp/11.0.15/jetty-webapp-11.0.15.jar:/home/runner/.m2/repository/org/eclipse/jetty/jetty-xml/11.0.15/jetty-xml-11.0.15.jar:/home/runner/.m2/repository/org/eclipse/jetty/jetty-proxy/11.0.15/jetty-proxy-11.0.15.jar:/home/runner/.m2/repository/org/eclipse/jetty/jetty-client/11.0.15/jetty-client-11.0.15.jar:/home/runner/.m2/repository/org/eclipse/jetty/http2/http2-server/11.0.15/http2-server-11.0.15.jar:/home/runner/.m2/repository/org/eclipse/jetty/http2/http2-common/11.0.15/http2-common-11.0.15.jar:/home/runner/.m2/repository/org/eclipse/jetty/http2/http2-hpack/11.0.15/http2-hpack-11.0.15.jar:/home/runner/.m2/repository/org/eclipse/jetty/jetty-alpn-server/11.0.15/jetty-alpn-server-11.0.15.jar:/home/runner/.m2/repository/org/eclipse/jetty/jetty-alpn-java-server/11.0.15/jetty-alpn-java-server-11.0.15.jar:/home/runner/.m2/repository/org/eclipse/jetty/jetty-alpn-java-client/11.0.15/jetty-alpn-java-client-11.0.15.jar:/home/runner/.m2/repository/org/eclipse/jetty/jetty-alpn-client/11.0.15/jetty-alpn-client-11.0.15.jar:/home/runner/.m2/repository/org/apache/httpcomponents/client5/httpclient5/5.2.1/httpclient5-5.2.1.jar:/home/runner/.m2/repository/org/apache/httpcomponents/core5/httpcore5/5.2/httpcore5-5.2.jar:/home/runner/.m2/repository/org/apache/httpcomponents/core5/httpcore5-h2/5.2/httpcore5-h2-5.2.jar:/home/runner/.m2/repository/org/xmlunit/xmlunit-core/2.9.1/xmlunit-core-2.9.1.jar:/home/runner/.m2/repository/jakarta/xml/bind/jakarta.xml.bind-api/4.0.2/jakarta.xml.bind-api-4.0.2.jar:/home/runner/.m2/repository/org/xmlunit/xmlunit-legacy/2.9.1/xmlunit-legacy-2.9.1.jar:/home/runner/.m2/repository/org/xmlunit/xmlunit-placeholders/2.9.1/xmlunit-placeholders-2.9.1.jar:/home/runner/.m2/repository/net/javacrumbs/json-unit/json-unit-core/2.38.0/json-unit-core-2.38.0.jar:/home/runner/.m2/repository/com/jayway/jsonpath/json-path/2.8.0/json-path-2.8.0.jar:/home/runner/.m2/repository/net/minidev/json-smart/2.4.10/json-smart-2.4.10.jar:/home/runner/.m2/repository/net/minidev/accessors-smart/2.4.9/accessors-smart-2.4.9.jar:/home/runner/.m2/repository/org/ow2/asm/asm/9.7.1/asm-9.7.1.jar:/home/runner/.m2/repository/net/sf/jopt-simple/jopt-simple/5.0.4/jopt-simple-5.0.4.jar:/home/runner/.m2/repository/com/github/jknack/handlebars/4.3.1/handlebars-4.3.1.jar:/home/runner/.m2/repository/com/github/jknack/handlebars-helpers/4.3.1/handlebars-helpers-4.3.1.jar:/home/runner/.m2/repository/commons-fileupload/commons-fileupload/1.5/commons-fileupload-1.5.jar:/home/runner/.m2/repository/com/networknt/json-schema-validator/1.5.5/json-schema-validator-1.5.5.jar:/home/runner/.m2/repository/com/ethlo/time/itu/1.10.3/itu-1.10.3.jar:/home/runner/.m2/repository/io/quarkus/quarkus-smallrye-jwt-build/3.20.1/quarkus-smallrye-jwt-build-3.20.1.jar:/home/runner/.m2/repository/io/smallrye/smallrye-jwt-build/4.6.1/smallrye-jwt-build-4.6.1.jar:/home/runner/.m2/repository/org/eclipse/microprofile/jwt/microprofile-jwt-auth-api/2.1/microprofile-jwt-auth-api-2.1.jar:/home/runner/.m2/repository/org/bitbucket/b_c/jose4j/0.9.6/jose4j-0.9.6.jar:/home/runner/.m2/repository/io/smallrye/smallrye-jwt-common/4.6.1/smallrye-jwt-common-4.6.1.jar:/home/runner/.m2/repository/io/quarkus/quarkus-jsonp/3.20.1/quarkus-jsonp-3.20.1.jar:/home/runner/.m2/repository/io/quarkus/quarkus-arc/3.20.1/quarkus-arc-3.20.1.jar:/home/runner/.m2/repository/io/quarkus/arc/arc/3.20.1/arc-3.20.1.jar:/home/runner/.m2/repository/jakarta/transaction/jakarta.transaction-api/2.0.1/jakarta.transaction-api-2.0.1.jar:/home/runner/.m2/repository/io/smallrye/reactive/mutiny/2.8.0/mutiny-2.8.0.jar:/home/runner/.m2/repository/org/jctools/jctools-core/4.0.5/jctools-core-4.0.5.jar:/home/runner/.m2/repository/org/eclipse/microprofile/context-propagation/microprofile-context-propagation-api/1.3/microprofile-context-propagation-api-1.3.jar:/home/runner/.m2/repository/io/apicurio/apicurio-common-rest-client-common/0.1.18.Final/apicurio-common-rest-client-common-0.1.18.Final.jar:/home/runner/work/apicurio-testing/apicurio-testing/clusters/ci419/namespaces/kafkasql/tests/integration/apicurio-registry/utils/maven-plugin/target/apicurio-registry-maven-plugin-3.0.11-SNAPSHOT.jar:/home/runner/.m2/repository/com/fasterxml/jackson/core/jackson-databind/2.18.2/jackson-databind-2.18.2.jar:/home/runner/.m2/repository/org/apache/avro/avro/1.12.0/avro-1.12.0.jar:/home/runner/.m2/repository/com/google/protobuf/protobuf-java/4.31.1/protobuf-java-4.31.1.jar:/home/runner/.m2/repository/com/google/protobuf/protobuf-java-util/4.31.1/protobuf-java-util-4.31.1.jar:/home/runner/.m2/repository/com/google/code/findbugs/jsr305/3.0.2/jsr305-3.0.2.jar:/home/runner/.m2/repository/com/google/code/gson/gson/2.12.1/gson-2.12.1.jar:/home/runner/.m2/repository/com/google/errorprone/error_prone_annotations/2.36.0/error_prone_annotations-2.36.0.jar:/home/runner/.m2/repository/com/google/j2objc/j2objc-annotations/2.8/j2objc-annotations-2.8.jar:/home/runner/work/apicurio-testing/apicurio-testing/clusters/ci419/namespaces/kafkasql/tests/integration/apicurio-registry/schema-util/util-provider/target/apicurio-registry-schema-util-provider-3.0.11-SNAPSHOT.jar:/home/runner/work/apicurio-testing/apicurio-testing/clusters/ci419/namespaces/kafkasql/tests/integration/apicurio-registry/schema-util/common/target/apicurio-registry-schema-util-common-3.0.11-SNAPSHOT.jar:/home/runner/.m2/repository/com/fasterxml/jackson/module/jackson-module-parameter-names/2.18.2/jackson-module-parameter-names-2.18.2.jar:/home/runner/.m2/repository/com/fasterxml/jackson/datatype/jackson-datatype-json-org/2.18.2/jackson-datatype-json-org-2.18.2.jar:/home/runner/work/apicurio-testing/apicurio-testing/clusters/ci419/namespaces/kafkasql/tests/integration/apicurio-registry/schema-util/json/target/apicurio-registry-schema-util-json-3.0.11-SNAPSHOT.jar:/home/runner/.m2/repository/com/github/erosb/everit-json-schema/1.14.5/everit-json-schema-1.14.5.jar:/home/runner/.m2/repository/commons-validator/commons-validator/1.9.0/commons-validator-1.9.0.jar:/home/runner/.m2/repository/commons-digester/commons-digester/2.1/commons-digester-2.1.jar:/home/runner/.m2/repository/commons-collections/commons-collections/3.2.2/commons-collections-3.2.2.jar:/home/runner/.m2/repository/com/damnhandy/handy-uri-templates/2.1.8/handy-uri-templates-2.1.8.jar:/home/runner/.m2/repository/joda-time/joda-time/2.10.2/joda-time-2.10.2.jar:/home/runner/.m2/repository/com/github/erosb/json-sKema/0.20.0/json-sKema-0.20.0.jar:/home/runner/.m2/repository/io/vertx/vertx-json-schema/4.5.14/vertx-json-schema-4.5.14.jar:/home/runner/work/apicurio-testing/apicurio-testing/clusters/ci419/namespaces/kafkasql/tests/integration/apicurio-registry/schema-util/protobuf/target/apicurio-registry-schema-util-protobuf-3.0.11-SNAPSHOT.jar:/home/runner/work/apicurio-testing/apicurio-testing/clusters/ci419/namespaces/kafkasql/tests/integration/apicurio-registry/utils/protobuf-schema-utilities/target/apicurio-registry-protobuf-schema-utilities-3.0.11-SNAPSHOT.jar:/home/runner/.m2/repository/com/google/api/grpc/proto-google-common-protos/2.52.0/proto-google-common-protos-2.52.0.jar:/home/runner/.m2/repository/com/squareup/wire/wire-schema-jvm/5.3.3/wire-schema-jvm-5.3.3.jar:/home/runner/.m2/repository/com/palantir/javapoet/javapoet/0.6.0/javapoet-0.6.0.jar:/home/runner/.m2/repository/com/squareup/kotlinpoet-jvm/2.0.0/kotlinpoet-jvm-2.0.0.jar:/home/runner/.m2/repository/org/jetbrains/kotlin/kotlin-reflect/2.0.21/kotlin-reflect-2.0.21.jar:/home/runner/.m2/repository/com/squareup/wire/wire-runtime-jvm/5.3.3/wire-runtime-jvm-5.3.3.jar:/home/runner/.m2/repository/com/ibm/icu/icu4j/76.1/icu4j-76.1.jar:/home/runner/.m2/repository/com/squareup/okio/okio-fakefilesystem/3.10.2/okio-fakefilesystem-3.10.2.jar:/home/runner/.m2/repository/com/squareup/okio/okio-fakefilesystem-jvm/3.10.2/okio-fakefilesystem-jvm-3.10.2.jar:/home/runner/.m2/repository/org/jetbrains/kotlinx/kotlinx-datetime-jvm/0.6.1/kotlinx-datetime-jvm-0.6.1.jar:/home/runner/work/apicurio-testing/apicurio-testing/clusters/ci419/namespaces/kafkasql/tests/integration/apicurio-registry/schema-util/asyncapi/target/apicurio-registry-schema-util-asyncapi-3.0.11-SNAPSHOT.jar:/home/runner/work/apicurio-testing/apicurio-testing/clusters/ci419/namespaces/kafkasql/tests/integration/apicurio-registry/schema-util/avro/target/apicurio-registry-schema-util-avro-3.0.11-SNAPSHOT.jar:/home/runner/work/apicurio-testing/apicurio-testing/clusters/ci419/namespaces/kafkasql/tests/integration/apicurio-registry/schema-util/graphql/target/apicurio-registry-schema-util-graphql-3.0.11-SNAPSHOT.jar:/home/runner/.m2/repository/com/graphql-java/graphql-java/22.3/graphql-java-22.3.jar:/home/runner/.m2/repository/com/graphql-java/java-dataloader/3.3.0/java-dataloader-3.3.0.jar:/home/runner/work/apicurio-testing/apicurio-testing/clusters/ci419/namespaces/kafkasql/tests/integration/apicurio-registry/schema-util/kconnect/target/apicurio-registry-schema-util-kconnect-3.0.11-SNAPSHOT.jar:/home/runner/work/apicurio-testing/apicurio-testing/clusters/ci419/namespaces/kafkasql/tests/integration/apicurio-registry/schema-util/openapi/target/apicurio-registry-schema-util-openapi-3.0.11-SNAPSHOT.jar:/home/runner/.m2/repository/io/apicurio/apicurio-data-models/2.2.1/apicurio-data-models-2.2.1.jar:/home/runner/.m2/repository/org/openapitools/openapidiff/openapi-diff-core/2.1.2/openapi-diff-core-2.1.2.jar:/home/runner/.m2/repository/io/swagger/parser/v3/swagger-parser/2.1.28/swagger-parser-2.1.28.jar:/home/runner/.m2/repository/io/swagger/parser/v3/swagger-parser-v2-converter/2.1.28/swagger-parser-v2-converter-2.1.28.jar:/home/runner/.m2/repository/io/swagger/swagger-core/1.6.16/swagger-core-1.6.16.jar:/home/runner/.m2/repository/io/swagger/swagger-models/1.6.16/swagger-models-1.6.16.jar:/home/runner/.m2/repository/io/swagger/swagger-annotations/1.6.16/swagger-annotations-1.6.16.jar:/home/runner/.m2/repository/io/swagger/swagger-parser/1.0.75/swagger-parser-1.0.75.jar:/home/runner/.m2/repository/io/swagger/swagger-parser-safe-url-resolver/1.0.75/swagger-parser-safe-url-resolver-1.0.75.jar:/home/runner/.m2/repository/io/swagger/swagger-compat-spec-parser/1.0.75/swagger-compat-spec-parser-1.0.75.jar:/home/runner/.m2/repository/com/github/java-json-tools/json-schema-validator/2.2.14/json-schema-validator-2.2.14.jar:/home/runner/.m2/repository/com/github/java-json-tools/jackson-coreutils-equivalence/1.0/jackson-coreutils-equivalence-1.0.jar:/home/runner/.m2/repository/com/github/java-json-tools/json-schema-core/1.2.14/json-schema-core-1.2.14.jar:/home/runner/.m2/repository/com/github/java-json-tools/uri-template/0.10/uri-template-0.10.jar:/home/runner/.m2/repository/com/googlecode/libphonenumber/libphonenumber/8.11.1/libphonenumber-8.11.1.jar:/home/runner/.m2/repository/com/j2html/j2html/1.6.0/j2html-1.6.0.jar:/home/runner/.m2/repository/org/apache/commons/commons-collections4/4.5.0/commons-collections4-4.5.0.jar:/home/runner/.m2/repository/org/apache/commons/commons-configuration2/2.12.0/commons-configuration2-2.12.0.jar:/home/runner/.m2/repository/org/apache/commons/commons-text/1.13.0/commons-text-1.13.0.jar:/home/runner/.m2/repository/org/slf4j/jcl-over-slf4j/2.0.17/jcl-over-slf4j-2.0.17.jar:/home/runner/.m2/repository/io/swagger/parser/v3/swagger-parser-v3/2.1.30/swagger-parser-v3-2.1.30.jar:/home/runner/.m2/repository/io/swagger/core/v3/swagger-models/2.2.34/swagger-models-2.2.34.jar:/home/runner/.m2/repository/io/swagger/core/v3/swagger-core/2.2.34/swagger-core-2.2.34.jar:/home/runner/.m2/repository/io/swagger/parser/v3/swagger-parser-core/2.1.30/swagger-parser-core-2.1.30.jar:/home/runner/.m2/repository/io/swagger/parser/v3/swagger-parser-safe-url-resolver/2.1.30/swagger-parser-safe-url-resolver-2.1.30.jar:/home/runner/work/apicurio-testing/apicurio-testing/clusters/ci419/namespaces/kafkasql/tests/integration/apicurio-registry/schema-util/wsdl/target/apicurio-registry-schema-util-wsdl-3.0.11-SNAPSHOT.jar:/home/runner/.m2/repository/wsdl4j/wsdl4j/1.6.3/wsdl4j-1.6.3.jar:/home/runner/work/apicurio-testing/apicurio-testing/clusters/ci419/namespaces/kafkasql/tests/integration/apicurio-registry/schema-util/xml/target/apicurio-registry-schema-util-xml-3.0.11-SNAPSHOT.jar:/home/runner/.m2/repository/org/apache/santuario/xmlsec/4.0.3/xmlsec-4.0.3.jar:/home/runner/.m2/repository/com/fasterxml/woodstox/woodstox-core/7.1.0/woodstox-core-7.1.0.jar:/home/runner/.m2/repository/org/codehaus/woodstox/stax2-api/4.2.2/stax2-api-4.2.2.jar:/home/runner/work/apicurio-testing/apicurio-testing/clusters/ci419/namespaces/kafkasql/tests/integration/apicurio-registry/schema-util/xsd/target/apicurio-registry-schema-util-xsd-3.0.11-SNAPSHOT.jar:/home/runner/work/apicurio-testing/apicurio-testing/clusters/ci419/namespaces/kafkasql/tests/integration/apicurio-registry/serdes/kafka/jsonschema-serde/target/apicurio-registry-jsonschema-serde-kafka-3.0.11-SNAPSHOT.jar:/home/runner/work/apicurio-testing/apicurio-testing/clusters/ci419/namespaces/kafkasql/tests/integration/apicurio-registry/serdes/kafka/serde-kafka-common/target/apicurio-registry-serde-kafka-common-3.0.11-SNAPSHOT.jar:/home/runner/work/apicurio-testing/apicurio-testing/clusters/ci419/namespaces/kafkasql/tests/integration/apicurio-registry/serdes/generic/serde-common/target/apicurio-registry-serde-common-3.0.11-SNAPSHOT.jar:/home/runner/work/apicurio-testing/apicurio-testing/clusters/ci419/namespaces/kafkasql/tests/integration/apicurio-registry/serdes/generic/serde-common-jsonschema/target/apicurio-registry-serde-common-jsonschema-3.0.11-SNAPSHOT.jar:/home/runner/.m2/repository/org/json/json/20250107/json-20250107.jar:/home/runner/work/apicurio-testing/apicurio-testing/clusters/ci419/namespaces/kafkasql/tests/integration/apicurio-registry/serdes/kafka/avro-serde/target/apicurio-registry-avro-serde-kafka-3.0.11-SNAPSHOT.jar:/home/runner/work/apicurio-testing/apicurio-testing/clusters/ci419/namespaces/kafkasql/tests/integration/apicurio-registry/serdes/generic/serde-common-avro/target/apicurio-registry-serde-common-avro-3.0.11-SNAPSHOT.jar:/home/runner/work/apicurio-testing/apicurio-testing/clusters/ci419/namespaces/kafkasql/tests/integration/apicurio-registry/serdes/kafka/protobuf-serde/target/apicurio-registry-protobuf-serde-kafka-3.0.11-SNAPSHOT.jar:/home/runner/work/apicurio-testing/apicurio-testing/clusters/ci419/namespaces/kafkasql/tests/integration/apicurio-registry/serdes/generic/serde-common-protobuf/target/apicurio-registry-serde-common-protobuf-3.0.11-SNAPSHOT.jar:/home/runner/.m2/repository/com/squareup/wire/wire-schema/5.3.3/wire-schema-5.3.3.jar:/home/runner/.m2/repository/com/squareup/wire/wire-runtime/5.3.3/wire-runtime-5.3.3.jar:/home/runner/work/apicurio-testing/apicurio-testing/clusters/ci419/namespaces/kafkasql/tests/integration/apicurio-registry/serdes/pulsar/avro-serde/target/apicurio-registry-avro-serde-pulsar-3.0.11-SNAPSHOT.jar:/home/runner/.m2/repository/org/apache/pulsar/pulsar-functions-api/3.3.4/pulsar-functions-api-3.3.4.jar:/home/runner/work/apicurio-testing/apicurio-testing/clusters/ci419/namespaces/kafkasql/tests/integration/apicurio-registry/serdes/nats/avro-serde/target/apicurio-registry-avro-serde-nats-3.0.11-SNAPSHOT.jar:/home/runner/.m2/repository/io/nats/jnats/2.20.5/jnats-2.20.5.jar:/home/runner/.m2/repository/net/i2p/crypto/eddsa/0.3.0/eddsa-0.3.0.jar:/home/runner/work/apicurio-testing/apicurio-testing/clusters/ci419/namespaces/kafkasql/tests/integration/apicurio-registry/utils/converter/target/apicurio-registry-utils-converter-3.0.11-SNAPSHOT.jar:/home/runner/work/apicurio-testing/apicurio-testing/clusters/ci419/namespaces/kafkasql/tests/integration/apicurio-registry/schema-resolver/target/apicurio-registry-schema-resolver-3.0.11-SNAPSHOT.jar:/home/runner/.m2/repository/org/apache/kafka/connect-api/3.9.1/connect-api-3.9.1.jar:/home/runner/.m2/repository/javax/ws/rs/javax.ws.rs-api/2.1.1/javax.ws.rs-api-2.1.1.jar:/home/runner/.m2/repository/org/apache/kafka/connect-json/3.9.1/connect-json-3.9.1.jar:/home/runner/.m2/repository/com/fasterxml/jackson/datatype/jackson-datatype-jdk8/2.18.2/jackson-datatype-jdk8-2.18.2.jar:/home/runner/.m2/repository/com/fasterxml/jackson/module/jackson-module-afterburner/2.18.2/jackson-module-afterburner-2.18.2.jar:/home/runner/work/apicurio-testing/apicurio-testing/clusters/ci419/namespaces/kafkasql/tests/integration/apicurio-registry/utils/kafka/target/apicurio-registry-utils-kafka-3.0.11-SNAPSHOT.jar:/home/runner/.m2/repository/org/apache/pulsar/pulsar-client/3.3.4/pulsar-client-3.3.4.jar:/home/runner/.m2/repository/org/apache/pulsar/pulsar-client-api/3.3.4/pulsar-client-api-3.3.4.jar:/home/runner/.m2/repository/org/apache/pulsar/pulsar-client-admin-api/3.3.4/pulsar-client-admin-api-3.3.4.jar:/home/runner/.m2/repository/org/apache/pulsar/bouncy-castle-bc/3.3.4/bouncy-castle-bc-3.3.4-pkg.jar:/home/runner/.m2/repository/org/bouncycastle/bcpkix-jdk18on/1.80/bcpkix-jdk18on-1.80.jar:/home/runner/.m2/repository/org/bouncycastle/bcutil-jdk18on/1.80/bcutil-jdk18on-1.80.jar:/home/runner/.m2/repository/org/bouncycastle/bcprov-jdk18on/1.80/bcprov-jdk18on-1.80.jar:/home/runner/.m2/repository/io/opentelemetry/opentelemetry-api/1.44.1/opentelemetry-api-1.44.1.jar:/home/runner/.m2/repository/io/opentelemetry/opentelemetry-context/1.44.1/opentelemetry-context-1.44.1.jar:/home/runner/.m2/repository/io/opentelemetry/opentelemetry-api-incubator/1.44.1-alpha/opentelemetry-api-incubator-1.44.1-alpha.jar:/home/runner/.m2/repository/com/fasterxml/jackson/core/jackson-annotations/2.18.2/jackson-annotations-2.18.2.jar:/home/runner/.m2/repository/javax/validation/validation-api/1.1.0.Final/validation-api-1.1.0.Final.jar:/home/runner/.m2/repository/io/confluent/kafka-avro-serializer/8.0.0/kafka-avro-serializer-8.0.0.jar:/home/runner/.m2/repository/org/apache/commons/commons-compress/1.27.1/commons-compress-1.27.1.jar:/home/runner/.m2/repository/io/confluent/kafka-schema-serializer/8.0.0/kafka-schema-serializer-8.0.0.jar:/home/runner/.m2/repository/com/fasterxml/jackson/dataformat/jackson-dataformat-csv/2.18.2/jackson-dataformat-csv-2.18.2.jar:/home/runner/.m2/repository/io/confluent/kafka-schema-registry-client/8.0.0/kafka-schema-registry-client-8.0.0.jar:/home/runner/.m2/repository/org/yaml/snakeyaml/2.3/snakeyaml-2.3.jar:/home/runner/.m2/repository/io/swagger/core/v3/swagger-annotations/2.2.29/swagger-annotations-2.2.29.jar:/home/runner/.m2/repository/com/google/guava/guava/33.4.0-jre/guava-33.4.0-jre.jar:/home/runner/.m2/repository/com/google/guava/failureaccess/1.0.1/failureaccess-1.0.1.jar:/home/runner/.m2/repository/org/checkerframework/checker-qual/3.49.0/checker-qual-3.49.0.jar:/home/runner/.m2/repository/io/confluent/logredactor/1.0.13/logredactor-1.0.13.jar:/home/runner/.m2/repository/com/google/re2j/re2j/1.6/re2j-1.6.jar:/home/runner/.m2/repository/io/confluent/logredactor-metrics/1.0.13/logredactor-metrics-1.0.13.jar:/home/runner/.m2/repository/com/eclipsesource/minimal-json/minimal-json/0.9.5/minimal-json-0.9.5.jar:/home/runner/.m2/repository/io/confluent/common-utils/8.0.0/common-utils-8.0.0.jar:/home/runner/.m2/repository/io/confluent/kafka-connect-avro-converter/8.0.0/kafka-connect-avro-converter-8.0.0.jar:/home/runner/.m2/repository/io/confluent/kafka-connect-avro-data/8.0.0/kafka-connect-avro-data-8.0.0.jar:/home/runner/.m2/repository/io/confluent/kafka-schema-converter/8.0.0/kafka-schema-converter-8.0.0.jar:/home/runner/.m2/repository/io/rest-assured/rest-assured/5.5.1/rest-assured-5.5.1.jar:/home/runner/.m2/repository/org/apache/groovy/groovy/4.0.22/groovy-4.0.22.jar:/home/runner/.m2/repository/org/apache/groovy/groovy-xml/4.0.22/groovy-xml-4.0.22.jar:/home/runner/.m2/repository/org/apache/httpcomponents/httpclient/4.5.14/httpclient-4.5.14.jar:/home/runner/.m2/repository/org/apache/httpcomponents/httpcore/4.4.16/httpcore-4.4.16.jar:/home/runner/.m2/repository/org/apache/httpcomponents/httpmime/4.5.14/httpmime-4.5.14.jar:/home/runner/.m2/repository/org/hamcrest/hamcrest/2.2/hamcrest-2.2.jar:/home/runner/.m2/repository/org/ccil/cowan/tagsoup/tagsoup/1.2.1/tagsoup-1.2.1.jar:/home/runner/.m2/repository/io/rest-assured/json-path/5.5.1/json-path-5.5.1.jar:/home/runner/.m2/repository/org/apache/groovy/groovy-json/4.0.22/groovy-json-4.0.22.jar:/home/runner/.m2/repository/io/rest-assured/rest-assured-common/5.5.1/rest-assured-common-5.5.1.jar:/home/runner/.m2/repository/io/rest-assured/xml-path/5.5.1/xml-path-5.5.1.jar:/home/runner/.m2/repository/io/zonky/test/embedded-postgres/2.1.0/embedded-postgres-2.1.0.jar:/home/runner/.m2/repository/io/zonky/test/postgres/embedded-postgres-binaries-windows-amd64/14.15.0/embedded-postgres-binaries-windows-amd64-14.15.0.jar:/home/runner/.m2/repository/io/zonky/test/postgres/embedded-postgres-binaries-darwin-amd64/14.15.0/embedded-postgres-binaries-darwin-amd64-14.15.0.jar:/home/runner/.m2/repository/io/zonky/test/postgres/embedded-postgres-binaries-linux-amd64/14.15.0/embedded-postgres-binaries-linux-amd64-14.15.0.jar:/home/runner/.m2/repository/io/zonky/test/postgres/embedded-postgres-binaries-linux-amd64-alpine/14.15.0/embedded-postgres-binaries-linux-amd64-alpine-14.15.0.jar:/home/runner/.m2/repository/org/apache/commons/commons-lang3/3.17.0/commons-lang3-3.17.0.jar:/home/runner/.m2/repository/org/tukaani/xz/1.10/xz-1.10.jar:/home/runner/.m2/repository/commons-codec/commons-codec/1.18.0/commons-codec-1.18.0.jar:/home/runner/.m2/repository/org/postgresql/postgresql/42.7.5/postgresql-42.7.5.jar:/home/runner/.m2/repository/commons-io/commons-io/2.18.0/commons-io-2.18.0.jar:/home/runner/work/apicurio-testing/apicurio-testing/clusters/ci419/namespaces/kafkasql/tests/integration/apicurio-registry/utils/importexport/target/apicurio-registry-utils-import-export-3.0.11-SNAPSHOT.jar:/home/runner/.m2/repository/io/vertx/vertx-core/4.5.14/vertx-core-4.5.14.jar:/home/runner/.m2/repository/io/netty/netty-common/4.1.119.Final/netty-common-4.1.119.Final.jar:/home/runner/.m2/repository/io/netty/netty-buffer/4.1.119.Final/netty-buffer-4.1.119.Final.jar:/home/runner/.m2/repository/io/netty/netty-transport/4.1.119.Final/netty-transport-4.1.119.Final.jar:/home/runner/.m2/repository/io/netty/netty-handler/4.1.119.Final/netty-handler-4.1.119.Final.jar:/home/runner/.m2/repository/io/netty/netty-transport-native-unix-common/4.1.119.Final/netty-transport-native-unix-common-4.1.119.Final.jar:/home/runner/.m2/repository/io/netty/netty-codec/4.1.119.Final/netty-codec-4.1.119.Final.jar:/home/runner/.m2/repository/io/netty/netty-handler-proxy/4.1.119.Final/netty-handler-proxy-4.1.119.Final.jar:/home/runner/.m2/repository/io/netty/netty-codec-socks/4.1.119.Final/netty-codec-socks-4.1.119.Final.jar:/home/runner/.m2/repository/io/netty/netty-codec-http/4.1.119.Final/netty-codec-http-4.1.119.Final.jar:/home/runner/.m2/repository/io/netty/netty-codec-http2/4.1.119.Final/netty-codec-http2-4.1.119.Final.jar:/home/runner/.m2/repository/io/netty/netty-resolver/4.1.119.Final/netty-resolver-4.1.119.Final.jar:/home/runner/.m2/repository/io/netty/netty-resolver-dns/4.1.119.Final/netty-resolver-dns-4.1.119.Final.jar:/home/runner/.m2/repository/io/netty/netty-codec-dns/4.1.119.Final/netty-codec-dns-4.1.119.Final.jar:/home/runner/.m2/repository/com/fasterxml/jackson/core/jackson-core/2.18.2/jackson-core-2.18.2.jar:"/>
    <property name="java.vm.vendor" value="Eclipse Adoptium"/>
    <property name="maven.javadoc.skip" value="true"/>
    <property name="sun.arch.data.model" value="64"/>
    <property name="java.vendor.url" value="https://adoptium.net/"/>
    <property name="user.timezone" value="Etc/UTC"/>
    <property name="os.name" value="Linux"/>
    <property name="java.vm.specification.version" value="17"/>
    <property name="sun.java.launcher" value="SUN_STANDARD"/>
    <property name="quarkus.http.test-port" value="80"/>
    <property name="sun.boot.library.path" value="/usr/lib/jvm/temurin-17-jdk-amd64/lib"/>
    <property name="sun.java.command" value="/home/runner/work/apicurio-testing/apicurio-testing/clusters/ci419/namespaces/kafkasql/tests/integration/apicurio-registry/integration-tests/target/surefire/surefirebooter-20250731170421362_3.jar /home/runner/work/apicurio-testing/apicurio-testing/clusters/ci419/namespaces/kafkasql/tests/integration/apicurio-registry/integration-tests/target/surefire 2025-07-31T17-04-21_303-jvmRun1 surefire-20250731170421362_1tmp surefire_0-20250731170421362_2tmp"/>
    <property name="maven.home" value="/home/runner/.m2/wrapper/dists/apache-maven-3.9.8-bin/4fnp1ql35bgk2a0p7m31ovbgb0/apache-maven-3.9.8"/>
    <property name="jdk.debug" value="release"/>
    <property name="surefire.test.class.path" value="/home/runner/work/apicurio-testing/apicurio-testing/clusters/ci419/namespaces/kafkasql/tests/integration/apicurio-registry/integration-tests/target/test-classes:/home/runner/work/apicurio-testing/apicurio-testing/clusters/ci419/namespaces/kafkasql/tests/integration/apicurio-registry/integration-tests/target/apicurio-registry-integration-tests-3.0.11-SNAPSHOT.jar:/home/runner/.m2/repository/io/quarkus/quarkus-junit5/3.20.1/quarkus-junit5-3.20.1.jar:/home/runner/.m2/repository/io/quarkus/quarkus-bootstrap-core/3.20.1/quarkus-bootstrap-core-3.20.1.jar:/home/runner/.m2/repository/io/quarkus/quarkus-classloader-commons/3.20.1/quarkus-classloader-commons-3.20.1.jar:/home/runner/.m2/repository/io/quarkus/quarkus-bootstrap-app-model/3.20.1/quarkus-bootstrap-app-model-3.20.1.jar:/home/runner/.m2/repository/io/smallrye/common/smallrye-common-io/2.12.0/smallrye-common-io-2.12.0.jar:/home/runner/.m2/repository/org/eclipse/sisu/org.eclipse.sisu.inject/0.9.0.M3/org.eclipse.sisu.inject-0.9.0.M3.jar:/home/runner/.m2/repository/io/quarkus/quarkus-test-common/3.20.1/quarkus-test-common-3.20.1.jar:/home/runner/.m2/repository/io/quarkus/quarkus-core-deployment/3.20.1/quarkus-core-deployment-3.20.1.jar:/home/runner/.m2/repository/org/aesh/readline/2.6/readline-2.6.jar:/home/runner/.m2/repository/org/fusesource/jansi/jansi/2.4.0/jansi-2.4.0.jar:/home/runner/.m2/repository/org/aesh/aesh/2.8.2/aesh-2.8.2.jar:/home/runner/.m2/repository/io/quarkus/gizmo/gizmo/1.8.0/gizmo-1.8.0.jar:/home/runner/.m2/repository/org/ow2/asm/asm-util/9.7.1/asm-util-9.7.1.jar:/home/runner/.m2/repository/org/ow2/asm/asm-analysis/9.7.1/asm-analysis-9.7.1.jar:/home/runner/.m2/repository/org/ow2/asm/asm-commons/9.7.1/asm-commons-9.7.1.jar:/home/runner/.m2/repository/org/ow2/asm/asm-tree/9.7.1/asm-tree-9.7.1.jar:/home/runner/.m2/repository/io/quarkus/quarkus-hibernate-validator-spi/3.20.1/quarkus-hibernate-validator-spi-3.20.1.jar:/home/runner/.m2/repository/io/quarkus/quarkus-class-change-agent/3.20.1/quarkus-class-change-agent-3.20.1.jar:/home/runner/.m2/repository/io/quarkus/quarkus-devtools-utilities/3.20.1/quarkus-devtools-utilities-3.20.1.jar:/home/runner/.m2/repository/io/quarkus/quarkus-builder/3.20.1/quarkus-builder-3.20.1.jar:/home/runner/.m2/repository/org/graalvm/sdk/nativeimage/23.1.2/nativeimage-23.1.2.jar:/home/runner/.m2/repository/org/graalvm/sdk/word/23.1.2/word-23.1.2.jar:/home/runner/.m2/repository/io/quarkus/quarkus-bootstrap-maven-resolver/3.20.1/quarkus-bootstrap-maven-resolver-3.20.1.jar:/home/runner/.m2/repository/io/smallrye/beanbag/smallrye-beanbag-maven/1.5.2/smallrye-beanbag-maven-1.5.2.jar:/home/runner/.m2/repository/io/smallrye/beanbag/smallrye-beanbag-sisu/1.5.2/smallrye-beanbag-sisu-1.5.2.jar:/home/runner/.m2/repository/io/smallrye/beanbag/smallrye-beanbag/1.5.2/smallrye-beanbag-1.5.2.jar:/home/runner/.m2/repository/javax/inject/javax.inject/1/javax.inject-1.jar:/home/runner/.m2/repository/org/apache/maven/maven-artifact/3.9.9/maven-artifact-3.9.9.jar:/home/runner/.m2/repository/org/apache/maven/maven-builder-support/3.9.9/maven-builder-support-3.9.9.jar:/home/runner/.m2/repository/org/apache/maven/maven-model/3.9.9/maven-model-3.9.9.jar:/home/runner/.m2/repository/org/apache/maven/maven-model-builder/3.9.9/maven-model-builder-3.9.9.jar:/home/runner/.m2/repository/org/apache/maven/maven-repository-metadata/3.9.9/maven-repository-metadata-3.9.9.jar:/home/runner/.m2/repository/org/apache/maven/maven-settings/3.9.9/maven-settings-3.9.9.jar:/home/runner/.m2/repository/org/apache/maven/resolver/maven-resolver-api/1.9.22/maven-resolver-api-1.9.22.jar:/home/runner/.m2/repository/org/apache/maven/resolver/maven-resolver-impl/1.9.22/maven-resolver-impl-1.9.22.jar:/home/runner/.m2/repository/org/apache/maven/resolver/maven-resolver-named-locks/1.9.22/maven-resolver-named-locks-1.9.22.jar:/home/runner/.m2/repository/org/apache/maven/resolver/maven-resolver-spi/1.9.22/maven-resolver-spi-1.9.22.jar:/home/runner/.m2/repository/org/apache/maven/resolver/maven-resolver-util/1.9.22/maven-resolver-util-1.9.22.jar:/home/runner/.m2/repository/org/apache/maven/resolver/maven-resolver-transport-http/1.9.20/maven-resolver-transport-http-1.9.20.jar:/home/runner/.m2/repository/org/apache/maven/wagon/wagon-provider-api/3.5.3/wagon-provider-api-3.5.3.jar:/home/runner/.m2/repository/org/apache/maven/wagon/wagon-http-shared/3.5.3/wagon-http-shared-3.5.3.jar:/home/runner/.m2/repository/org/codehaus/plexus/plexus-interpolation/1.26/plexus-interpolation-1.26.jar:/home/runner/.m2/repository/org/codehaus/plexus/plexus-utils/3.5.1/plexus-utils-3.5.1.jar:/home/runner/.m2/repository/org/codehaus/plexus/plexus-xml/4.0.1/plexus-xml-4.0.1.jar:/home/runner/.m2/repository/org/apache/maven/maven-xml-impl/4.0.0-alpha-5/maven-xml-impl-4.0.0-alpha-5.jar:/home/runner/.m2/repository/org/apache/maven/maven-api-xml/4.0.0-alpha-5/maven-api-xml-4.0.0-alpha-5.jar:/home/runner/.m2/repository/org/apache/maven/maven-api-meta/4.0.0-alpha-5/maven-api-meta-4.0.0-alpha-5.jar:/home/runner/.m2/repository/org/codehaus/plexus/plexus-cipher/2.0/plexus-cipher-2.0.jar:/home/runner/.m2/repository/org/codehaus/plexus/plexus-sec-dispatcher/2.0/plexus-sec-dispatcher-2.0.jar:/home/runner/.m2/repository/org/apache/maven/maven-embedder/3.9.9/maven-embedder-3.9.9.jar:/home/runner/.m2/repository/org/apache/maven/maven-core/3.9.9/maven-core-3.9.9.jar:/home/runner/.m2/repository/org/codehaus/plexus/plexus-component-annotations/2.1.0/plexus-component-annotations-2.1.0.jar:/home/runner/.m2/repository/org/apache/maven/maven-plugin-api/3.9.9/maven-plugin-api-3.9.9.jar:/home/runner/.m2/repository/org/apache/maven/shared/maven-shared-utils/3.4.2/maven-shared-utils-3.4.2.jar:/home/runner/.m2/repository/com/google/inject/guice/5.1.0/guice-5.1.0.jar:/home/runner/.m2/repository/aopalliance/aopalliance/1.0/aopalliance-1.0.jar:/home/runner/.m2/repository/org/codehaus/plexus/plexus-classworlds/2.6.0/plexus-classworlds-2.6.0.jar:/home/runner/.m2/repository/commons-cli/commons-cli/1.8.0/commons-cli-1.8.0.jar:/home/runner/.m2/repository/org/eclipse/sisu/org.eclipse.sisu.plexus/0.9.0.M3/org.eclipse.sisu.plexus-0.9.0.M3.jar:/home/runner/.m2/repository/org/apache/maven/maven-settings-builder/3.9.9/maven-settings-builder-3.9.9.jar:/home/runner/.m2/repository/org/apache/maven/maven-resolver-provider/3.9.9/maven-resolver-provider-3.9.9.jar:/home/runner/.m2/repository/org/apache/maven/resolver/maven-resolver-connector-basic/1.9.22/maven-resolver-connector-basic-1.9.22.jar:/home/runner/.m2/repository/org/apache/maven/resolver/maven-resolver-transport-wagon/1.9.22/maven-resolver-transport-wagon-1.9.22.jar:/home/runner/.m2/repository/org/apache/maven/wagon/wagon-http/3.5.3/wagon-http-3.5.3.jar:/home/runner/.m2/repository/org/apache/maven/wagon/wagon-file/3.5.3/wagon-file-3.5.3.jar:/home/runner/.m2/repository/io/quarkus/quarkus-bootstrap-gradle-resolver/3.20.1/quarkus-bootstrap-gradle-resolver-3.20.1.jar:/home/runner/.m2/repository/io/smallrye/jandex/3.3.0/jandex-3.3.0.jar:/home/runner/.m2/repository/org/jboss/logging/commons-logging-jboss-logging/1.0.0.Final/commons-logging-jboss-logging-1.0.0.Final.jar:/home/runner/.m2/repository/io/quarkus/quarkus-junit5-config/3.20.1/quarkus-junit5-config-3.20.1.jar:/home/runner/.m2/repository/org/junit/jupiter/junit-jupiter-api/5.12.1/junit-jupiter-api-5.12.1.jar:/home/runner/.m2/repository/io/smallrye/config/smallrye-config/3.11.4/smallrye-config-3.11.4.jar:/home/runner/.m2/repository/io/smallrye/config/smallrye-config-core/3.11.4/smallrye-config-core-3.11.4.jar:/home/runner/.m2/repository/io/smallrye/common/smallrye-common-classloader/2.12.0/smallrye-common-classloader-2.12.0.jar:/home/runner/.m2/repository/io/smallrye/config/smallrye-config-common/3.11.4/smallrye-config-common-3.11.4.jar:/home/runner/.m2/repository/org/junit/jupiter/junit-jupiter/5.12.1/junit-jupiter-5.12.1.jar:/home/runner/.m2/repository/org/junit/jupiter/junit-jupiter-params/5.12.1/junit-jupiter-params-5.12.1.jar:/home/runner/.m2/repository/org/junit/jupiter/junit-jupiter-engine/5.12.1/junit-jupiter-engine-5.12.1.jar:/home/runner/.m2/repository/io/quarkus/quarkus-core/3.20.1/quarkus-core-3.20.1.jar:/home/runner/.m2/repository/jakarta/enterprise/jakarta.enterprise.cdi-api/4.1.0/jakarta.enterprise.cdi-api-4.1.0.jar:/home/runner/.m2/repository/jakarta/enterprise/jakarta.enterprise.lang-model/4.1.0/jakarta.enterprise.lang-model-4.1.0.jar:/home/runner/.m2/repository/jakarta/el/jakarta.el-api/5.0.1/jakarta.el-api-5.0.1.jar:/home/runner/.m2/repository/jakarta/interceptor/jakarta.interceptor-api/2.2.0/jakarta.interceptor-api-2.2.0.jar:/home/runner/.m2/repository/jakarta/inject/jakarta.inject-api/2.0.1/jakarta.inject-api-2.0.1.jar:/home/runner/.m2/repository/io/smallrye/common/smallrye-common-os/2.12.0/smallrye-common-os-2.12.0.jar:/home/runner/.m2/repository/io/quarkus/quarkus-ide-launcher/3.20.1/quarkus-ide-launcher-3.20.1.jar:/home/runner/.m2/repository/io/quarkus/quarkus-development-mode-spi/3.20.1/quarkus-development-mode-spi-3.20.1.jar:/home/runner/.m2/repository/org/jboss/logging/jboss-logging/3.6.1.Final/jboss-logging-3.6.1.Final.jar:/home/runner/.m2/repository/org/jboss/logmanager/jboss-logmanager/3.1.2.Final/jboss-logmanager-3.1.2.Final.jar:/home/runner/.m2/repository/io/smallrye/common/smallrye-common-constraint/2.12.0/smallrye-common-constraint-2.12.0.jar:/home/runner/.m2/repository/io/smallrye/common/smallrye-common-cpu/2.12.0/smallrye-common-cpu-2.12.0.jar:/home/runner/.m2/repository/io/smallrye/common/smallrye-common-expression/2.12.0/smallrye-common-expression-2.12.0.jar:/home/runner/.m2/repository/io/smallrye/common/smallrye-common-net/2.12.0/smallrye-common-net-2.12.0.jar:/home/runner/.m2/repository/io/smallrye/common/smallrye-common-ref/2.12.0/smallrye-common-ref-2.12.0.jar:/home/runner/.m2/repository/jakarta/json/jakarta.json-api/2.1.3/jakarta.json-api-2.1.3.jar:/home/runner/.m2/repository/org/eclipse/parsson/parsson/1.1.7/parsson-1.1.7.jar:/home/runner/.m2/repository/org/jboss/logging/jboss-logging-annotations/3.0.4.Final/jboss-logging-annotations-3.0.4.Final.jar:/home/runner/.m2/repository/org/jboss/threads/jboss-threads/3.8.0.Final/jboss-threads-3.8.0.Final.jar:/home/runner/.m2/repository/io/smallrye/common/smallrye-common-annotation/2.12.0/smallrye-common-annotation-2.12.0.jar:/home/runner/.m2/repository/io/smallrye/common/smallrye-common-function/2.12.0/smallrye-common-function-2.12.0.jar:/home/runner/.m2/repository/org/jboss/slf4j/slf4j-jboss-logmanager/2.0.0.Final/slf4j-jboss-logmanager-2.0.0.Final.jar:/home/runner/.m2/repository/org/wildfly/common/wildfly-common/2.0.1/wildfly-common-2.0.1.jar:/home/runner/.m2/repository/io/quarkus/quarkus-bootstrap-runner/3.20.1/quarkus-bootstrap-runner-3.20.1.jar:/home/runner/.m2/repository/io/github/crac/org-crac/0.1.3/org-crac-0.1.3.jar:/home/runner/.m2/repository/io/quarkus/quarkus-fs-util/0.0.10/quarkus-fs-util-0.0.10.jar:/home/runner/.m2/repository/org/jboss/marshalling/jboss-marshalling/2.2.2.Final/jboss-marshalling-2.2.2.Final.jar:/home/runner/.m2/repository/io/fabric8/kubernetes-client/7.1.0/kubernetes-client-7.1.0.jar:/home/runner/.m2/repository/io/fabric8/kubernetes-client-api/7.1.0/kubernetes-client-api-7.1.0.jar:/home/runner/.m2/repository/io/fabric8/kubernetes-model-core/7.1.0/kubernetes-model-core-7.1.0.jar:/home/runner/.m2/repository/io/fabric8/kubernetes-model-common/7.1.0/kubernetes-model-common-7.1.0.jar:/home/runner/.m2/repository/javax/annotation/javax.annotation-api/1.3.2/javax.annotation-api-1.3.2.jar:/home/runner/.m2/repository/io/fabric8/kubernetes-model-gatewayapi/7.1.0/kubernetes-model-gatewayapi-7.1.0.jar:/home/runner/.m2/repository/io/fabric8/kubernetes-model-resource/7.1.0/kubernetes-model-resource-7.1.0.jar:/home/runner/.m2/repository/io/fabric8/kubernetes-model-rbac/7.1.0/kubernetes-model-rbac-7.1.0.jar:/home/runner/.m2/repository/io/fabric8/kubernetes-model-admissionregistration/7.1.0/kubernetes-model-admissionregistration-7.1.0.jar:/home/runner/.m2/repository/io/fabric8/kubernetes-model-apps/7.1.0/kubernetes-model-apps-7.1.0.jar:/home/runner/.m2/repository/io/fabric8/kubernetes-model-autoscaling/7.1.0/kubernetes-model-autoscaling-7.1.0.jar:/home/runner/.m2/repository/io/fabric8/kubernetes-model-apiextensions/7.1.0/kubernetes-model-apiextensions-7.1.0.jar:/home/runner/.m2/repository/io/fabric8/kubernetes-model-batch/7.1.0/kubernetes-model-batch-7.1.0.jar:/home/runner/.m2/repository/io/fabric8/kubernetes-model-certificates/7.1.0/kubernetes-model-certificates-7.1.0.jar:/home/runner/.m2/repository/io/fabric8/kubernetes-model-coordination/7.1.0/kubernetes-model-coordination-7.1.0.jar:/home/runner/.m2/repository/io/fabric8/kubernetes-model-discovery/7.1.0/kubernetes-model-discovery-7.1.0.jar:/home/runner/.m2/repository/io/fabric8/kubernetes-model-events/7.1.0/kubernetes-model-events-7.1.0.jar:/home/runner/.m2/repository/io/fabric8/kubernetes-model-extensions/7.1.0/kubernetes-model-extensions-7.1.0.jar:/home/runner/.m2/repository/io/fabric8/kubernetes-model-flowcontrol/7.1.0/kubernetes-model-flowcontrol-7.1.0.jar:/home/runner/.m2/repository/io/fabric8/kubernetes-model-networking/7.1.0/kubernetes-model-networking-7.1.0.jar:/home/runner/.m2/repository/io/fabric8/kubernetes-model-metrics/7.1.0/kubernetes-model-metrics-7.1.0.jar:/home/runner/.m2/repository/io/fabric8/kubernetes-model-policy/7.1.0/kubernetes-model-policy-7.1.0.jar:/home/runner/.m2/repository/io/fabric8/kubernetes-model-scheduling/7.1.0/kubernetes-model-scheduling-7.1.0.jar:/home/runner/.m2/repository/io/fabric8/kubernetes-model-storageclass/7.1.0/kubernetes-model-storageclass-7.1.0.jar:/home/runner/.m2/repository/io/fabric8/kubernetes-model-node/7.1.0/kubernetes-model-node-7.1.0.jar:/home/runner/.m2/repository/org/snakeyaml/snakeyaml-engine/2.9/snakeyaml-engine-2.9.jar:/home/runner/.m2/repository/com/fasterxml/jackson/dataformat/jackson-dataformat-yaml/2.15.2/jackson-dataformat-yaml-2.15.2.jar:/home/runner/.m2/repository/com/fasterxml/jackson/datatype/jackson-datatype-jsr310/2.18.2/jackson-datatype-jsr310-2.18.2.jar:/home/runner/.m2/repository/io/fabric8/zjsonpatch/7.1.0/zjsonpatch-7.1.0.jar:/home/runner/.m2/repository/io/fabric8/kubernetes-httpclient-vertx/7.1.0/kubernetes-httpclient-vertx-7.1.0.jar:/home/runner/.m2/repository/io/vertx/vertx-web-client/4.5.14/vertx-web-client-4.5.14.jar:/home/runner/.m2/repository/io/vertx/vertx-web-common/4.5.14/vertx-web-common-4.5.14.jar:/home/runner/.m2/repository/io/vertx/vertx-auth-common/4.5.14/vertx-auth-common-4.5.14.jar:/home/runner/.m2/repository/io/vertx/vertx-uri-template/4.5.14/vertx-uri-template-4.5.14.jar:/home/runner/.m2/repository/io/fabric8/openshift-client/7.1.0/openshift-client-7.1.0.jar:/home/runner/.m2/repository/io/fabric8/openshift-client-api/7.1.0/openshift-client-api-7.1.0.jar:/home/runner/.m2/repository/io/fabric8/openshift-model/7.1.0/openshift-model-7.1.0.jar:/home/runner/.m2/repository/io/fabric8/openshift-model-autoscaling/7.1.0/openshift-model-autoscaling-7.1.0.jar:/home/runner/.m2/repository/io/fabric8/openshift-model-operator/7.1.0/openshift-model-operator-7.1.0.jar:/home/runner/.m2/repository/io/fabric8/openshift-model-operatorhub/7.1.0/openshift-model-operatorhub-7.1.0.jar:/home/runner/.m2/repository/io/fabric8/openshift-model-machine/7.1.0/openshift-model-machine-7.1.0.jar:/home/runner/.m2/repository/io/fabric8/openshift-model-whereabouts/7.1.0/openshift-model-whereabouts-7.1.0.jar:/home/runner/.m2/repository/io/fabric8/openshift-model-monitoring/7.1.0/openshift-model-monitoring-7.1.0.jar:/home/runner/.m2/repository/io/fabric8/openshift-model-storageversionmigrator/7.1.0/openshift-model-storageversionmigrator-7.1.0.jar:/home/runner/.m2/repository/io/fabric8/openshift-model-tuned/7.1.0/openshift-model-tuned-7.1.0.jar:/home/runner/.m2/repository/io/fabric8/openshift-model-console/7.1.0/openshift-model-console-7.1.0.jar:/home/runner/.m2/repository/io/fabric8/openshift-model-config/7.1.0/openshift-model-config-7.1.0.jar:/home/runner/.m2/repository/io/fabric8/openshift-model-machineconfiguration/7.1.0/openshift-model-machineconfiguration-7.1.0.jar:/home/runner/.m2/repository/io/fabric8/openshift-model-miscellaneous/7.1.0/openshift-model-miscellaneous-7.1.0.jar:/home/runner/.m2/repository/io/fabric8/openshift-model-hive/7.1.0/openshift-model-hive-7.1.0.jar:/home/runner/.m2/repository/io/fabric8/openshift-model-installer/7.1.0/openshift-model-installer-7.1.0.jar:/home/runner/.m2/repository/org/junit/platform/junit-platform-launcher/1.12.1/junit-platform-launcher-1.12.1.jar:/home/runner/.m2/repository/org/junit/platform/junit-platform-engine/1.12.1/junit-platform-engine-1.12.1.jar:/home/runner/.m2/repository/org/opentest4j/opentest4j/1.3.0/opentest4j-1.3.0.jar:/home/runner/.m2/repository/org/junit/platform/junit-platform-commons/1.12.1/junit-platform-commons-1.12.1.jar:/home/runner/.m2/repository/org/apiguardian/apiguardian-api/1.1.2/apiguardian-api-1.1.2.jar:/home/runner/.m2/repository/jakarta/ws/rs/jakarta.ws.rs-api/3.1.0/jakarta.ws.rs-api-3.1.0.jar:/home/runner/work/apicurio-testing/apicurio-testing/clusters/ci419/namespaces/kafkasql/tests/integration/apicurio-registry/java-sdk/target/apicurio-registry-java-sdk-3.0.11-SNAPSHOT.jar:/home/runner/.m2/repository/com/microsoft/kiota/microsoft-kiota-abstractions/1.8.8/microsoft-kiota-abstractions-1.8.8.jar:/home/runner/.m2/repository/io/github/std-uritemplate/std-uritemplate/2.0.0/std-uritemplate-2.0.0.jar:/home/runner/.m2/repository/io/kiota/kiota-http-jdk/0.0.21/kiota-http-jdk-0.0.21.jar:/home/runner/.m2/repository/io/kiota/kiota-http-vertx/0.0.21/kiota-http-vertx-0.0.21.jar:/home/runner/.m2/repository/io/kiota/kiota-serialization-jackson/0.0.21/kiota-serialization-jackson-0.0.21.jar:/home/runner/.m2/repository/com/microsoft/kiota/microsoft-kiota-serialization-text/1.8.8/microsoft-kiota-serialization-text-1.8.8.jar:/home/runner/.m2/repository/com/microsoft/kiota/microsoft-kiota-serialization-form/1.8.8/microsoft-kiota-serialization-form-1.8.8.jar:/home/runner/.m2/repository/com/microsoft/kiota/microsoft-kiota-serialization-multipart/1.8.8/microsoft-kiota-serialization-multipart-1.8.8.jar:/home/runner/.m2/repository/jakarta/annotation/jakarta.annotation-api/3.0.0/jakarta.annotation-api-3.0.0.jar:/home/runner/.m2/repository/io/vertx/vertx-auth-oauth2/4.5.14/vertx-auth-oauth2-4.5.14.jar:/home/runner/work/apicurio-testing/apicurio-testing/clusters/ci419/namespaces/kafkasql/tests/integration/apicurio-registry/java-sdk-v2/target/apicurio-registry-v2-java-sdk-3.0.11-SNAPSHOT.jar:/home/runner/work/apicurio-testing/apicurio-testing/clusters/ci419/namespaces/kafkasql/tests/integration/apicurio-registry/utils/kafka/target/apicurio-registry-utils-kafka-3.0.11-SNAPSHOT-tests.jar:/home/runner/.m2/repository/org/eclipse/microprofile/config/microprofile-config-api/3.1/microprofile-config-api-3.1.jar:/home/runner/.m2/repository/org/apache/kafka/kafka-clients/3.9.1/kafka-clients-3.9.1.jar:/home/runner/.m2/repository/com/github/luben/zstd-jni/1.5.6-4/zstd-jni-1.5.6-4.jar:/home/runner/.m2/repository/org/lz4/lz4-java/1.8.0/lz4-java-1.8.0.jar:/home/runner/.m2/repository/org/xerial/snappy/snappy-java/1.1.10.5/snappy-java-1.1.10.5.jar:/home/runner/.m2/repository/org/slf4j/slf4j-api/2.0.6/slf4j-api-2.0.6.jar:/home/runner/work/apicurio-testing/apicurio-testing/clusters/ci419/namespaces/kafkasql/tests/integration/apicurio-registry/utils/tests/target/apicurio-registry-utils-tests-3.0.11-SNAPSHOT.jar:/home/runner/work/apicurio-testing/apicurio-testing/clusters/ci419/namespaces/kafkasql/tests/integration/apicurio-registry/common/target/apicurio-registry-common-3.0.11-SNAPSHOT.jar:/home/runner/.m2/repository/jakarta/validation/jakarta.validation-api/3.0.2/jakarta.validation-api-3.0.2.jar:/home/runner/.m2/repository/com/github/dasniko/testcontainers-keycloak/3.6.0/testcontainers-keycloak-3.6.0.jar:/home/runner/.m2/repository/org/testcontainers/testcontainers/1.20.6/testcontainers-1.20.6.jar:/home/runner/.m2/repository/org/rnorth/duct-tape/duct-tape/1.0.8/duct-tape-1.0.8.jar:/home/runner/.m2/repository/org/jetbrains/annotations/26.0.2/annotations-26.0.2.jar:/home/runner/.m2/repository/com/github/docker-java/docker-java-transport-zerodep/3.4.1/docker-java-transport-zerodep-3.4.1.jar:/home/runner/.m2/repository/com/github/docker-java/docker-java-transport/3.4.1/docker-java-transport-3.4.1.jar:/home/runner/.m2/repository/net/java/dev/jna/jna/5.8.0/jna-5.8.0.jar:/home/runner/.m2/repository/io/quarkus/quarkus-junit4-mock/3.20.1/quarkus-junit4-mock-3.20.1.jar:/home/runner/.m2/repository/org/jboss/shrinkwrap/shrinkwrap-api/2.0.0-beta-2/shrinkwrap-api-2.0.0-beta-2.jar:/home/runner/.m2/repository/org/jboss/shrinkwrap/shrinkwrap-impl-base/2.0.0-beta-2/shrinkwrap-impl-base-2.0.0-beta-2.jar:/home/runner/.m2/repository/org/jboss/shrinkwrap/shrinkwrap-spi/2.0.0-beta-2/shrinkwrap-spi-2.0.0-beta-2.jar:/home/runner/.m2/repository/org/keycloak/keycloak-admin-client/26.0.4/keycloak-admin-client-26.0.4.jar:/home/runner/.m2/repository/org/keycloak/keycloak-client-common-synced/26.0.4/keycloak-client-common-synced-26.0.4.jar:/home/runner/.m2/repository/jakarta/activation/jakarta.activation-api/2.1.3/jakarta.activation-api-2.1.3.jar:/home/runner/.m2/repository/org/eclipse/microprofile/openapi/microprofile-openapi-api/4.0.2/microprofile-openapi-api-4.0.2.jar:/home/runner/.m2/repository/org/jboss/resteasy/resteasy-client/6.2.12.Final/resteasy-client-6.2.12.Final.jar:/home/runner/.m2/repository/org/jboss/resteasy/resteasy-client-api/6.2.12.Final/resteasy-client-api-6.2.12.Final.jar:/home/runner/.m2/repository/org/jboss/resteasy/resteasy-core-spi/6.2.12.Final/resteasy-core-spi-6.2.12.Final.jar:/home/runner/.m2/repository/org/jboss/resteasy/resteasy-core/6.2.12.Final/resteasy-core-6.2.12.Final.jar:/home/runner/.m2/repository/org/eclipse/angus/angus-activation/2.0.2/angus-activation-2.0.2.jar:/home/runner/.m2/repository/com/ibm/async/asyncutil/0.1.0/asyncutil-0.1.0.jar:/home/runner/.m2/repository/org/reactivestreams/reactive-streams/1.0.4/reactive-streams-1.0.4.jar:/home/runner/.m2/repository/org/jboss/resteasy/resteasy-multipart-provider/6.2.12.Final/resteasy-multipart-provider-6.2.12.Final.jar:/home/runner/.m2/repository/jakarta/mail/jakarta.mail-api/2.1.3/jakarta.mail-api-2.1.3.jar:/home/runner/.m2/repository/org/eclipse/angus/angus-mail/2.0.3/angus-mail-2.0.3.jar:/home/runner/.m2/repository/org/apache/james/apache-mime4j-dom/0.8.12/apache-mime4j-dom-0.8.12.jar:/home/runner/.m2/repository/org/apache/james/apache-mime4j-core/0.8.12/apache-mime4j-core-0.8.12.jar:/home/runner/.m2/repository/org/apache/james/apache-mime4j-storage/0.8.12/apache-mime4j-storage-0.8.12.jar:/home/runner/.m2/repository/org/jboss/resteasy/resteasy-jackson2-provider/6.2.12.Final/resteasy-jackson2-provider-6.2.12.Final.jar:/home/runner/.m2/repository/com/fasterxml/jackson/jakarta/rs/jackson-jakarta-rs-base/2.18.2/jackson-jakarta-rs-base-2.18.2.jar:/home/runner/.m2/repository/com/fasterxml/jackson/jakarta/rs/jackson-jakarta-rs-json-provider/2.18.2/jackson-jakarta-rs-json-provider-2.18.2.jar:/home/runner/.m2/repository/com/fasterxml/jackson/module/jackson-module-jakarta-xmlbind-annotations/2.18.2/jackson-module-jakarta-xmlbind-annotations-2.18.2.jar:/home/runner/.m2/repository/com/github/java-json-tools/json-patch/1.13/json-patch-1.13.jar:/home/runner/.m2/repository/com/github/java-json-tools/msg-simple/1.2/msg-simple-1.2.jar:/home/runner/.m2/repository/com/github/java-json-tools/btf/1.3/btf-1.3.jar:/home/runner/.m2/repository/com/github/java-json-tools/jackson-coreutils/2.0/jackson-coreutils-2.0.jar:/home/runner/.m2/repository/org/jboss/resteasy/resteasy-jaxb-provider/6.2.12.Final/resteasy-jaxb-provider-6.2.12.Final.jar:/home/runner/.m2/repository/org/glassfish/jaxb/codemodel/4.0.5/codemodel-4.0.5.jar:/home/runner/.m2/repository/org/glassfish/jaxb/jaxb-core/4.0.5/jaxb-core-4.0.5.jar:/home/runner/.m2/repository/org/glassfish/jaxb/jaxb-jxc/4.0.5/jaxb-jxc-4.0.5.jar:/home/runner/.m2/repository/org/glassfish/jaxb/jaxb-runtime/4.0.5/jaxb-runtime-4.0.5.jar:/home/runner/.m2/repository/org/glassfish/jaxb/txw2/4.0.5/txw2-4.0.5.jar:/home/runner/.m2/repository/org/glassfish/jaxb/jaxb-xjc/4.0.5/jaxb-xjc-4.0.5.jar:/home/runner/.m2/repository/org/glassfish/jaxb/xsom/4.0.5/xsom-4.0.5.jar:/home/runner/.m2/repository/com/sun/istack/istack-commons-runtime/4.1.2/istack-commons-runtime-4.1.2.jar:/home/runner/.m2/repository/com/sun/istack/istack-commons-tools/4.1.2/istack-commons-tools-4.1.2.jar:/home/runner/.m2/repository/com/sun/xml/bind/external/relaxng-datatype/4.0.5/relaxng-datatype-4.0.5.jar:/home/runner/.m2/repository/com/sun/xml/bind/external/rngom/4.0.5/rngom-4.0.5.jar:/home/runner/.m2/repository/org/testcontainers/mssqlserver/1.20.6/mssqlserver-1.20.6.jar:/home/runner/.m2/repository/org/testcontainers/jdbc/1.20.6/jdbc-1.20.6.jar:/home/runner/.m2/repository/org/testcontainers/database-commons/1.20.6/database-commons-1.20.6.jar:/home/runner/.m2/repository/org/testcontainers/mysql/1.20.6/mysql-1.20.6.jar:/home/runner/.m2/repository/io/strimzi/strimzi-test-container/0.107.0/strimzi-test-container-0.107.0.jar:/home/runner/.m2/repository/org/testcontainers/toxiproxy/1.20.6/toxiproxy-1.20.6.jar:/home/runner/.m2/repository/com/github/docker-java/docker-java-api/3.4.1/docker-java-api-3.4.1.jar:/home/runner/.m2/repository/eu/rekawek/toxiproxy/toxiproxy-java/2.1.7/toxiproxy-java-2.1.7.jar:/home/runner/.m2/repository/junit/junit/4.13.2/junit-4.13.2.jar:/home/runner/.m2/repository/org/hamcrest/hamcrest-core/1.3/hamcrest-core-1.3.jar:/home/runner/.m2/repository/org/testcontainers/pulsar/1.20.4/pulsar-1.20.4.jar:/home/runner/.m2/repository/io/debezium/debezium-testing-testcontainers/2.6.2.Final/debezium-testing-testcontainers-2.6.2.Final.jar:/home/runner/.m2/repository/org/testcontainers/kafka/1.20.6/kafka-1.20.6.jar:/home/runner/.m2/repository/com/squareup/okhttp3/okhttp/4.8.1/okhttp-4.8.1.jar:/home/runner/.m2/repository/com/squareup/okio/okio/3.10.2/okio-3.10.2.jar:/home/runner/.m2/repository/com/squareup/okio/okio-jvm/3.10.2/okio-jvm-3.10.2.jar:/home/runner/.m2/repository/org/jetbrains/kotlin/kotlin-stdlib/2.0.21/kotlin-stdlib-2.0.21.jar:/home/runner/.m2/repository/org/awaitility/awaitility/4.2.2/awaitility-4.2.2.jar:/home/runner/.m2/repository/org/testcontainers/mongodb/1.20.6/mongodb-1.20.6.jar:/home/runner/.m2/repository/org/testcontainers/oracle-xe/1.20.6/oracle-xe-1.20.6.jar:/home/runner/.m2/repository/org/testcontainers/postgresql/1.20.6/postgresql-1.20.6.jar:/home/runner/.m2/repository/org/wiremock/wiremock/3.0.1/wiremock-3.0.1.jar:/home/runner/.m2/repository/org/eclipse/jetty/jetty-server/11.0.15/jetty-server-11.0.15.jar:/home/runner/.m2/repository/org/eclipse/jetty/toolchain/jetty-jakarta-servlet-api/5.0.2/jetty-jakarta-servlet-api-5.0.2.jar:/home/runner/.m2/repository/org/eclipse/jetty/jetty-http/11.0.15/jetty-http-11.0.15.jar:/home/runner/.m2/repository/org/eclipse/jetty/jetty-io/11.0.15/jetty-io-11.0.15.jar:/home/runner/.m2/repository/org/eclipse/jetty/jetty-servlet/11.0.15/jetty-servlet-11.0.15.jar:/home/runner/.m2/repository/org/eclipse/jetty/jetty-security/11.0.15/jetty-security-11.0.15.jar:/home/runner/.m2/repository/org/eclipse/jetty/jetty-servlets/11.0.15/jetty-servlets-11.0.15.jar:/home/runner/.m2/repository/org/eclipse/jetty/jetty-util/11.0.15/jetty-util-11.0.15.jar:/home/runner/.m2/repository/org/eclipse/jetty/jetty-webapp/11.0.15/jetty-webapp-11.0.15.jar:/home/runner/.m2/repository/org/eclipse/jetty/jetty-xml/11.0.15/jetty-xml-11.0.15.jar:/home/runner/.m2/repository/org/eclipse/jetty/jetty-proxy/11.0.15/jetty-proxy-11.0.15.jar:/home/runner/.m2/repository/org/eclipse/jetty/jetty-client/11.0.15/jetty-client-11.0.15.jar:/home/runner/.m2/repository/org/eclipse/jetty/http2/http2-server/11.0.15/http2-server-11.0.15.jar:/home/runner/.m2/repository/org/eclipse/jetty/http2/http2-common/11.0.15/http2-common-11.0.15.jar:/home/runner/.m2/repository/org/eclipse/jetty/http2/http2-hpack/11.0.15/http2-hpack-11.0.15.jar:/home/runner/.m2/repository/org/eclipse/jetty/jetty-alpn-server/11.0.15/jetty-alpn-server-11.0.15.jar:/home/runner/.m2/repository/org/eclipse/jetty/jetty-alpn-java-server/11.0.15/jetty-alpn-java-server-11.0.15.jar:/home/runner/.m2/repository/org/eclipse/jetty/jetty-alpn-java-client/11.0.15/jetty-alpn-java-client-11.0.15.jar:/home/runner/.m2/repository/org/eclipse/jetty/jetty-alpn-client/11.0.15/jetty-alpn-client-11.0.15.jar:/home/runner/.m2/repository/org/apache/httpcomponents/client5/httpclient5/5.2.1/httpclient5-5.2.1.jar:/home/runner/.m2/repository/org/apache/httpcomponents/core5/httpcore5/5.2/httpcore5-5.2.jar:/home/runner/.m2/repository/org/apache/httpcomponents/core5/httpcore5-h2/5.2/httpcore5-h2-5.2.jar:/home/runner/.m2/repository/org/xmlunit/xmlunit-core/2.9.1/xmlunit-core-2.9.1.jar:/home/runner/.m2/repository/jakarta/xml/bind/jakarta.xml.bind-api/4.0.2/jakarta.xml.bind-api-4.0.2.jar:/home/runner/.m2/repository/org/xmlunit/xmlunit-legacy/2.9.1/xmlunit-legacy-2.9.1.jar:/home/runner/.m2/repository/org/xmlunit/xmlunit-placeholders/2.9.1/xmlunit-placeholders-2.9.1.jar:/home/runner/.m2/repository/net/javacrumbs/json-unit/json-unit-core/2.38.0/json-unit-core-2.38.0.jar:/home/runner/.m2/repository/com/jayway/jsonpath/json-path/2.8.0/json-path-2.8.0.jar:/home/runner/.m2/repository/net/minidev/json-smart/2.4.10/json-smart-2.4.10.jar:/home/runner/.m2/repository/net/minidev/accessors-smart/2.4.9/accessors-smart-2.4.9.jar:/home/runner/.m2/repository/org/ow2/asm/asm/9.7.1/asm-9.7.1.jar:/home/runner/.m2/repository/net/sf/jopt-simple/jopt-simple/5.0.4/jopt-simple-5.0.4.jar:/home/runner/.m2/repository/com/github/jknack/handlebars/4.3.1/handlebars-4.3.1.jar:/home/runner/.m2/repository/com/github/jknack/handlebars-helpers/4.3.1/handlebars-helpers-4.3.1.jar:/home/runner/.m2/repository/commons-fileupload/commons-fileupload/1.5/commons-fileupload-1.5.jar:/home/runner/.m2/repository/com/networknt/json-schema-validator/1.5.5/json-schema-validator-1.5.5.jar:/home/runner/.m2/repository/com/ethlo/time/itu/1.10.3/itu-1.10.3.jar:/home/runner/.m2/repository/io/quarkus/quarkus-smallrye-jwt-build/3.20.1/quarkus-smallrye-jwt-build-3.20.1.jar:/home/runner/.m2/repository/io/smallrye/smallrye-jwt-build/4.6.1/smallrye-jwt-build-4.6.1.jar:/home/runner/.m2/repository/org/eclipse/microprofile/jwt/microprofile-jwt-auth-api/2.1/microprofile-jwt-auth-api-2.1.jar:/home/runner/.m2/repository/org/bitbucket/b_c/jose4j/0.9.6/jose4j-0.9.6.jar:/home/runner/.m2/repository/io/smallrye/smallrye-jwt-common/4.6.1/smallrye-jwt-common-4.6.1.jar:/home/runner/.m2/repository/io/quarkus/quarkus-jsonp/3.20.1/quarkus-jsonp-3.20.1.jar:/home/runner/.m2/repository/io/quarkus/quarkus-arc/3.20.1/quarkus-arc-3.20.1.jar:/home/runner/.m2/repository/io/quarkus/arc/arc/3.20.1/arc-3.20.1.jar:/home/runner/.m2/repository/jakarta/transaction/jakarta.transaction-api/2.0.1/jakarta.transaction-api-2.0.1.jar:/home/runner/.m2/repository/io/smallrye/reactive/mutiny/2.8.0/mutiny-2.8.0.jar:/home/runner/.m2/repository/org/jctools/jctools-core/4.0.5/jctools-core-4.0.5.jar:/home/runner/.m2/repository/org/eclipse/microprofile/context-propagation/microprofile-context-propagation-api/1.3/microprofile-context-propagation-api-1.3.jar:/home/runner/.m2/repository/io/apicurio/apicurio-common-rest-client-common/0.1.18.Final/apicurio-common-rest-client-common-0.1.18.Final.jar:/home/runner/work/apicurio-testing/apicurio-testing/clusters/ci419/namespaces/kafkasql/tests/integration/apicurio-registry/utils/maven-plugin/target/apicurio-registry-maven-plugin-3.0.11-SNAPSHOT.jar:/home/runner/.m2/repository/com/fasterxml/jackson/core/jackson-databind/2.18.2/jackson-databind-2.18.2.jar:/home/runner/.m2/repository/org/apache/avro/avro/1.12.0/avro-1.12.0.jar:/home/runner/.m2/repository/com/google/protobuf/protobuf-java/4.31.1/protobuf-java-4.31.1.jar:/home/runner/.m2/repository/com/google/protobuf/protobuf-java-util/4.31.1/protobuf-java-util-4.31.1.jar:/home/runner/.m2/repository/com/google/code/findbugs/jsr305/3.0.2/jsr305-3.0.2.jar:/home/runner/.m2/repository/com/google/code/gson/gson/2.12.1/gson-2.12.1.jar:/home/runner/.m2/repository/com/google/errorprone/error_prone_annotations/2.36.0/error_prone_annotations-2.36.0.jar:/home/runner/.m2/repository/com/google/j2objc/j2objc-annotations/2.8/j2objc-annotations-2.8.jar:/home/runner/work/apicurio-testing/apicurio-testing/clusters/ci419/namespaces/kafkasql/tests/integration/apicurio-registry/schema-util/util-provider/target/apicurio-registry-schema-util-provider-3.0.11-SNAPSHOT.jar:/home/runner/work/apicurio-testing/apicurio-testing/clusters/ci419/namespaces/kafkasql/tests/integration/apicurio-registry/schema-util/common/target/apicurio-registry-schema-util-common-3.0.11-SNAPSHOT.jar:/home/runner/.m2/repository/com/fasterxml/jackson/module/jackson-module-parameter-names/2.18.2/jackson-module-parameter-names-2.18.2.jar:/home/runner/.m2/repository/com/fasterxml/jackson/datatype/jackson-datatype-json-org/2.18.2/jackson-datatype-json-org-2.18.2.jar:/home/runner/work/apicurio-testing/apicurio-testing/clusters/ci419/namespaces/kafkasql/tests/integration/apicurio-registry/schema-util/json/target/apicurio-registry-schema-util-json-3.0.11-SNAPSHOT.jar:/home/runner/.m2/repository/com/github/erosb/everit-json-schema/1.14.5/everit-json-schema-1.14.5.jar:/home/runner/.m2/repository/commons-validator/commons-validator/1.9.0/commons-validator-1.9.0.jar:/home/runner/.m2/repository/commons-digester/commons-digester/2.1/commons-digester-2.1.jar:/home/runner/.m2/repository/commons-collections/commons-collections/3.2.2/commons-collections-3.2.2.jar:/home/runner/.m2/repository/com/damnhandy/handy-uri-templates/2.1.8/handy-uri-templates-2.1.8.jar:/home/runner/.m2/repository/joda-time/joda-time/2.10.2/joda-time-2.10.2.jar:/home/runner/.m2/repository/com/github/erosb/json-sKema/0.20.0/json-sKema-0.20.0.jar:/home/runner/.m2/repository/io/vertx/vertx-json-schema/4.5.14/vertx-json-schema-4.5.14.jar:/home/runner/work/apicurio-testing/apicurio-testing/clusters/ci419/namespaces/kafkasql/tests/integration/apicurio-registry/schema-util/protobuf/target/apicurio-registry-schema-util-protobuf-3.0.11-SNAPSHOT.jar:/home/runner/work/apicurio-testing/apicurio-testing/clusters/ci419/namespaces/kafkasql/tests/integration/apicurio-registry/utils/protobuf-schema-utilities/target/apicurio-registry-protobuf-schema-utilities-3.0.11-SNAPSHOT.jar:/home/runner/.m2/repository/com/google/api/grpc/proto-google-common-protos/2.52.0/proto-google-common-protos-2.52.0.jar:/home/runner/.m2/repository/com/squareup/wire/wire-schema-jvm/5.3.3/wire-schema-jvm-5.3.3.jar:/home/runner/.m2/repository/com/palantir/javapoet/javapoet/0.6.0/javapoet-0.6.0.jar:/home/runner/.m2/repository/com/squareup/kotlinpoet-jvm/2.0.0/kotlinpoet-jvm-2.0.0.jar:/home/runner/.m2/repository/org/jetbrains/kotlin/kotlin-reflect/2.0.21/kotlin-reflect-2.0.21.jar:/home/runner/.m2/repository/com/squareup/wire/wire-runtime-jvm/5.3.3/wire-runtime-jvm-5.3.3.jar:/home/runner/.m2/repository/com/ibm/icu/icu4j/76.1/icu4j-76.1.jar:/home/runner/.m2/repository/com/squareup/okio/okio-fakefilesystem/3.10.2/okio-fakefilesystem-3.10.2.jar:/home/runner/.m2/repository/com/squareup/okio/okio-fakefilesystem-jvm/3.10.2/okio-fakefilesystem-jvm-3.10.2.jar:/home/runner/.m2/repository/org/jetbrains/kotlinx/kotlinx-datetime-jvm/0.6.1/kotlinx-datetime-jvm-0.6.1.jar:/home/runner/work/apicurio-testing/apicurio-testing/clusters/ci419/namespaces/kafkasql/tests/integration/apicurio-registry/schema-util/asyncapi/target/apicurio-registry-schema-util-asyncapi-3.0.11-SNAPSHOT.jar:/home/runner/work/apicurio-testing/apicurio-testing/clusters/ci419/namespaces/kafkasql/tests/integration/apicurio-registry/schema-util/avro/target/apicurio-registry-schema-util-avro-3.0.11-SNAPSHOT.jar:/home/runner/work/apicurio-testing/apicurio-testing/clusters/ci419/namespaces/kafkasql/tests/integration/apicurio-registry/schema-util/graphql/target/apicurio-registry-schema-util-graphql-3.0.11-SNAPSHOT.jar:/home/runner/.m2/repository/com/graphql-java/graphql-java/22.3/graphql-java-22.3.jar:/home/runner/.m2/repository/com/graphql-java/java-dataloader/3.3.0/java-dataloader-3.3.0.jar:/home/runner/work/apicurio-testing/apicurio-testing/clusters/ci419/namespaces/kafkasql/tests/integration/apicurio-registry/schema-util/kconnect/target/apicurio-registry-schema-util-kconnect-3.0.11-SNAPSHOT.jar:/home/runner/work/apicurio-testing/apicurio-testing/clusters/ci419/namespaces/kafkasql/tests/integration/apicurio-registry/schema-util/openapi/target/apicurio-registry-schema-util-openapi-3.0.11-SNAPSHOT.jar:/home/runner/.m2/repository/io/apicurio/apicurio-data-models/2.2.1/apicurio-data-models-2.2.1.jar:/home/runner/.m2/repository/org/openapitools/openapidiff/openapi-diff-core/2.1.2/openapi-diff-core-2.1.2.jar:/home/runner/.m2/repository/io/swagger/parser/v3/swagger-parser/2.1.28/swagger-parser-2.1.28.jar:/home/runner/.m2/repository/io/swagger/parser/v3/swagger-parser-v2-converter/2.1.28/swagger-parser-v2-converter-2.1.28.jar:/home/runner/.m2/repository/io/swagger/swagger-core/1.6.16/swagger-core-1.6.16.jar:/home/runner/.m2/repository/io/swagger/swagger-models/1.6.16/swagger-models-1.6.16.jar:/home/runner/.m2/repository/io/swagger/swagger-annotations/1.6.16/swagger-annotations-1.6.16.jar:/home/runner/.m2/repository/io/swagger/swagger-parser/1.0.75/swagger-parser-1.0.75.jar:/home/runner/.m2/repository/io/swagger/swagger-parser-safe-url-resolver/1.0.75/swagger-parser-safe-url-resolver-1.0.75.jar:/home/runner/.m2/repository/io/swagger/swagger-compat-spec-parser/1.0.75/swagger-compat-spec-parser-1.0.75.jar:/home/runner/.m2/repository/com/github/java-json-tools/json-schema-validator/2.2.14/json-schema-validator-2.2.14.jar:/home/runner/.m2/repository/com/github/java-json-tools/jackson-coreutils-equivalence/1.0/jackson-coreutils-equivalence-1.0.jar:/home/runner/.m2/repository/com/github/java-json-tools/json-schema-core/1.2.14/json-schema-core-1.2.14.jar:/home/runner/.m2/repository/com/github/java-json-tools/uri-template/0.10/uri-template-0.10.jar:/home/runner/.m2/repository/com/googlecode/libphonenumber/libphonenumber/8.11.1/libphonenumber-8.11.1.jar:/home/runner/.m2/repository/com/j2html/j2html/1.6.0/j2html-1.6.0.jar:/home/runner/.m2/repository/org/apache/commons/commons-collections4/4.5.0/commons-collections4-4.5.0.jar:/home/runner/.m2/repository/org/apache/commons/commons-configuration2/2.12.0/commons-configuration2-2.12.0.jar:/home/runner/.m2/repository/org/apache/commons/commons-text/1.13.0/commons-text-1.13.0.jar:/home/runner/.m2/repository/org/slf4j/jcl-over-slf4j/2.0.17/jcl-over-slf4j-2.0.17.jar:/home/runner/.m2/repository/io/swagger/parser/v3/swagger-parser-v3/2.1.30/swagger-parser-v3-2.1.30.jar:/home/runner/.m2/repository/io/swagger/core/v3/swagger-models/2.2.34/swagger-models-2.2.34.jar:/home/runner/.m2/repository/io/swagger/core/v3/swagger-core/2.2.34/swagger-core-2.2.34.jar:/home/runner/.m2/repository/io/swagger/parser/v3/swagger-parser-core/2.1.30/swagger-parser-core-2.1.30.jar:/home/runner/.m2/repository/io/swagger/parser/v3/swagger-parser-safe-url-resolver/2.1.30/swagger-parser-safe-url-resolver-2.1.30.jar:/home/runner/work/apicurio-testing/apicurio-testing/clusters/ci419/namespaces/kafkasql/tests/integration/apicurio-registry/schema-util/wsdl/target/apicurio-registry-schema-util-wsdl-3.0.11-SNAPSHOT.jar:/home/runner/.m2/repository/wsdl4j/wsdl4j/1.6.3/wsdl4j-1.6.3.jar:/home/runner/work/apicurio-testing/apicurio-testing/clusters/ci419/namespaces/kafkasql/tests/integration/apicurio-registry/schema-util/xml/target/apicurio-registry-schema-util-xml-3.0.11-SNAPSHOT.jar:/home/runner/.m2/repository/org/apache/santuario/xmlsec/4.0.3/xmlsec-4.0.3.jar:/home/runner/.m2/repository/com/fasterxml/woodstox/woodstox-core/7.1.0/woodstox-core-7.1.0.jar:/home/runner/.m2/repository/org/codehaus/woodstox/stax2-api/4.2.2/stax2-api-4.2.2.jar:/home/runner/work/apicurio-testing/apicurio-testing/clusters/ci419/namespaces/kafkasql/tests/integration/apicurio-registry/schema-util/xsd/target/apicurio-registry-schema-util-xsd-3.0.11-SNAPSHOT.jar:/home/runner/work/apicurio-testing/apicurio-testing/clusters/ci419/namespaces/kafkasql/tests/integration/apicurio-registry/serdes/kafka/jsonschema-serde/target/apicurio-registry-jsonschema-serde-kafka-3.0.11-SNAPSHOT.jar:/home/runner/work/apicurio-testing/apicurio-testing/clusters/ci419/namespaces/kafkasql/tests/integration/apicurio-registry/serdes/kafka/serde-kafka-common/target/apicurio-registry-serde-kafka-common-3.0.11-SNAPSHOT.jar:/home/runner/work/apicurio-testing/apicurio-testing/clusters/ci419/namespaces/kafkasql/tests/integration/apicurio-registry/serdes/generic/serde-common/target/apicurio-registry-serde-common-3.0.11-SNAPSHOT.jar:/home/runner/work/apicurio-testing/apicurio-testing/clusters/ci419/namespaces/kafkasql/tests/integration/apicurio-registry/serdes/generic/serde-common-jsonschema/target/apicurio-registry-serde-common-jsonschema-3.0.11-SNAPSHOT.jar:/home/runner/.m2/repository/org/json/json/20250107/json-20250107.jar:/home/runner/work/apicurio-testing/apicurio-testing/clusters/ci419/namespaces/kafkasql/tests/integration/apicurio-registry/serdes/kafka/avro-serde/target/apicurio-registry-avro-serde-kafka-3.0.11-SNAPSHOT.jar:/home/runner/work/apicurio-testing/apicurio-testing/clusters/ci419/namespaces/kafkasql/tests/integration/apicurio-registry/serdes/generic/serde-common-avro/target/apicurio-registry-serde-common-avro-3.0.11-SNAPSHOT.jar:/home/runner/work/apicurio-testing/apicurio-testing/clusters/ci419/namespaces/kafkasql/tests/integration/apicurio-registry/serdes/kafka/protobuf-serde/target/apicurio-registry-protobuf-serde-kafka-3.0.11-SNAPSHOT.jar:/home/runner/work/apicurio-testing/apicurio-testing/clusters/ci419/namespaces/kafkasql/tests/integration/apicurio-registry/serdes/generic/serde-common-protobuf/target/apicurio-registry-serde-common-protobuf-3.0.11-SNAPSHOT.jar:/home/runner/.m2/repository/com/squareup/wire/wire-schema/5.3.3/wire-schema-5.3.3.jar:/home/runner/.m2/repository/com/squareup/wire/wire-runtime/5.3.3/wire-runtime-5.3.3.jar:/home/runner/work/apicurio-testing/apicurio-testing/clusters/ci419/namespaces/kafkasql/tests/integration/apicurio-registry/serdes/pulsar/avro-serde/target/apicurio-registry-avro-serde-pulsar-3.0.11-SNAPSHOT.jar:/home/runner/.m2/repository/org/apache/pulsar/pulsar-functions-api/3.3.4/pulsar-functions-api-3.3.4.jar:/home/runner/work/apicurio-testing/apicurio-testing/clusters/ci419/namespaces/kafkasql/tests/integration/apicurio-registry/serdes/nats/avro-serde/target/apicurio-registry-avro-serde-nats-3.0.11-SNAPSHOT.jar:/home/runner/.m2/repository/io/nats/jnats/2.20.5/jnats-2.20.5.jar:/home/runner/.m2/repository/net/i2p/crypto/eddsa/0.3.0/eddsa-0.3.0.jar:/home/runner/work/apicurio-testing/apicurio-testing/clusters/ci419/namespaces/kafkasql/tests/integration/apicurio-registry/utils/converter/target/apicurio-registry-utils-converter-3.0.11-SNAPSHOT.jar:/home/runner/work/apicurio-testing/apicurio-testing/clusters/ci419/namespaces/kafkasql/tests/integration/apicurio-registry/schema-resolver/target/apicurio-registry-schema-resolver-3.0.11-SNAPSHOT.jar:/home/runner/.m2/repository/org/apache/kafka/connect-api/3.9.1/connect-api-3.9.1.jar:/home/runner/.m2/repository/javax/ws/rs/javax.ws.rs-api/2.1.1/javax.ws.rs-api-2.1.1.jar:/home/runner/.m2/repository/org/apache/kafka/connect-json/3.9.1/connect-json-3.9.1.jar:/home/runner/.m2/repository/com/fasterxml/jackson/datatype/jackson-datatype-jdk8/2.18.2/jackson-datatype-jdk8-2.18.2.jar:/home/runner/.m2/repository/com/fasterxml/jackson/module/jackson-module-afterburner/2.18.2/jackson-module-afterburner-2.18.2.jar:/home/runner/work/apicurio-testing/apicurio-testing/clusters/ci419/namespaces/kafkasql/tests/integration/apicurio-registry/utils/kafka/target/apicurio-registry-utils-kafka-3.0.11-SNAPSHOT.jar:/home/runner/.m2/repository/org/apache/pulsar/pulsar-client/3.3.4/pulsar-client-3.3.4.jar:/home/runner/.m2/repository/org/apache/pulsar/pulsar-client-api/3.3.4/pulsar-client-api-3.3.4.jar:/home/runner/.m2/repository/org/apache/pulsar/pulsar-client-admin-api/3.3.4/pulsar-client-admin-api-3.3.4.jar:/home/runner/.m2/repository/org/apache/pulsar/bouncy-castle-bc/3.3.4/bouncy-castle-bc-3.3.4-pkg.jar:/home/runner/.m2/repository/org/bouncycastle/bcpkix-jdk18on/1.80/bcpkix-jdk18on-1.80.jar:/home/runner/.m2/repository/org/bouncycastle/bcutil-jdk18on/1.80/bcutil-jdk18on-1.80.jar:/home/runner/.m2/repository/org/bouncycastle/bcprov-jdk18on/1.80/bcprov-jdk18on-1.80.jar:/home/runner/.m2/repository/io/opentelemetry/opentelemetry-api/1.44.1/opentelemetry-api-1.44.1.jar:/home/runner/.m2/repository/io/opentelemetry/opentelemetry-context/1.44.1/opentelemetry-context-1.44.1.jar:/home/runner/.m2/repository/io/opentelemetry/opentelemetry-api-incubator/1.44.1-alpha/opentelemetry-api-incubator-1.44.1-alpha.jar:/home/runner/.m2/repository/com/fasterxml/jackson/core/jackson-annotations/2.18.2/jackson-annotations-2.18.2.jar:/home/runner/.m2/repository/javax/validation/validation-api/1.1.0.Final/validation-api-1.1.0.Final.jar:/home/runner/.m2/repository/io/confluent/kafka-avro-serializer/8.0.0/kafka-avro-serializer-8.0.0.jar:/home/runner/.m2/repository/org/apache/commons/commons-compress/1.27.1/commons-compress-1.27.1.jar:/home/runner/.m2/repository/io/confluent/kafka-schema-serializer/8.0.0/kafka-schema-serializer-8.0.0.jar:/home/runner/.m2/repository/com/fasterxml/jackson/dataformat/jackson-dataformat-csv/2.18.2/jackson-dataformat-csv-2.18.2.jar:/home/runner/.m2/repository/io/confluent/kafka-schema-registry-client/8.0.0/kafka-schema-registry-client-8.0.0.jar:/home/runner/.m2/repository/org/yaml/snakeyaml/2.3/snakeyaml-2.3.jar:/home/runner/.m2/repository/io/swagger/core/v3/swagger-annotations/2.2.29/swagger-annotations-2.2.29.jar:/home/runner/.m2/repository/com/google/guava/guava/33.4.0-jre/guava-33.4.0-jre.jar:/home/runner/.m2/repository/com/google/guava/failureaccess/1.0.1/failureaccess-1.0.1.jar:/home/runner/.m2/repository/org/checkerframework/checker-qual/3.49.0/checker-qual-3.49.0.jar:/home/runner/.m2/repository/io/confluent/logredactor/1.0.13/logredactor-1.0.13.jar:/home/runner/.m2/repository/com/google/re2j/re2j/1.6/re2j-1.6.jar:/home/runner/.m2/repository/io/confluent/logredactor-metrics/1.0.13/logredactor-metrics-1.0.13.jar:/home/runner/.m2/repository/com/eclipsesource/minimal-json/minimal-json/0.9.5/minimal-json-0.9.5.jar:/home/runner/.m2/repository/io/confluent/common-utils/8.0.0/common-utils-8.0.0.jar:/home/runner/.m2/repository/io/confluent/kafka-connect-avro-converter/8.0.0/kafka-connect-avro-converter-8.0.0.jar:/home/runner/.m2/repository/io/confluent/kafka-connect-avro-data/8.0.0/kafka-connect-avro-data-8.0.0.jar:/home/runner/.m2/repository/io/confluent/kafka-schema-converter/8.0.0/kafka-schema-converter-8.0.0.jar:/home/runner/.m2/repository/io/rest-assured/rest-assured/5.5.1/rest-assured-5.5.1.jar:/home/runner/.m2/repository/org/apache/groovy/groovy/4.0.22/groovy-4.0.22.jar:/home/runner/.m2/repository/org/apache/groovy/groovy-xml/4.0.22/groovy-xml-4.0.22.jar:/home/runner/.m2/repository/org/apache/httpcomponents/httpclient/4.5.14/httpclient-4.5.14.jar:/home/runner/.m2/repository/org/apache/httpcomponents/httpcore/4.4.16/httpcore-4.4.16.jar:/home/runner/.m2/repository/org/apache/httpcomponents/httpmime/4.5.14/httpmime-4.5.14.jar:/home/runner/.m2/repository/org/hamcrest/hamcrest/2.2/hamcrest-2.2.jar:/home/runner/.m2/repository/org/ccil/cowan/tagsoup/tagsoup/1.2.1/tagsoup-1.2.1.jar:/home/runner/.m2/repository/io/rest-assured/json-path/5.5.1/json-path-5.5.1.jar:/home/runner/.m2/repository/org/apache/groovy/groovy-json/4.0.22/groovy-json-4.0.22.jar:/home/runner/.m2/repository/io/rest-assured/rest-assured-common/5.5.1/rest-assured-common-5.5.1.jar:/home/runner/.m2/repository/io/rest-assured/xml-path/5.5.1/xml-path-5.5.1.jar:/home/runner/.m2/repository/io/zonky/test/embedded-postgres/2.1.0/embedded-postgres-2.1.0.jar:/home/runner/.m2/repository/io/zonky/test/postgres/embedded-postgres-binaries-windows-amd64/14.15.0/embedded-postgres-binaries-windows-amd64-14.15.0.jar:/home/runner/.m2/repository/io/zonky/test/postgres/embedded-postgres-binaries-darwin-amd64/14.15.0/embedded-postgres-binaries-darwin-amd64-14.15.0.jar:/home/runner/.m2/repository/io/zonky/test/postgres/embedded-postgres-binaries-linux-amd64/14.15.0/embedded-postgres-binaries-linux-amd64-14.15.0.jar:/home/runner/.m2/repository/io/zonky/test/postgres/embedded-postgres-binaries-linux-amd64-alpine/14.15.0/embedded-postgres-binaries-linux-amd64-alpine-14.15.0.jar:/home/runner/.m2/repository/org/apache/commons/commons-lang3/3.17.0/commons-lang3-3.17.0.jar:/home/runner/.m2/repository/org/tukaani/xz/1.10/xz-1.10.jar:/home/runner/.m2/repository/commons-codec/commons-codec/1.18.0/commons-codec-1.18.0.jar:/home/runner/.m2/repository/org/postgresql/postgresql/42.7.5/postgresql-42.7.5.jar:/home/runner/.m2/repository/commons-io/commons-io/2.18.0/commons-io-2.18.0.jar:/home/runner/work/apicurio-testing/apicurio-testing/clusters/ci419/namespaces/kafkasql/tests/integration/apicurio-registry/utils/importexport/target/apicurio-registry-utils-import-export-3.0.11-SNAPSHOT.jar:/home/runner/.m2/repository/io/vertx/vertx-core/4.5.14/vertx-core-4.5.14.jar:/home/runner/.m2/repository/io/netty/netty-common/4.1.119.Final/netty-common-4.1.119.Final.jar:/home/runner/.m2/repository/io/netty/netty-buffer/4.1.119.Final/netty-buffer-4.1.119.Final.jar:/home/runner/.m2/repository/io/netty/netty-transport/4.1.119.Final/netty-transport-4.1.119.Final.jar:/home/runner/.m2/repository/io/netty/netty-handler/4.1.119.Final/netty-handler-4.1.119.Final.jar:/home/runner/.m2/repository/io/netty/netty-transport-native-unix-common/4.1.119.Final/netty-transport-native-unix-common-4.1.119.Final.jar:/home/runner/.m2/repository/io/netty/netty-codec/4.1.119.Final/netty-codec-4.1.119.Final.jar:/home/runner/.m2/repository/io/netty/netty-handler-proxy/4.1.119.Final/netty-handler-proxy-4.1.119.Final.jar:/home/runner/.m2/repository/io/netty/netty-codec-socks/4.1.119.Final/netty-codec-socks-4.1.119.Final.jar:/home/runner/.m2/repository/io/netty/netty-codec-http/4.1.119.Final/netty-codec-http-4.1.119.Final.jar:/home/runner/.m2/repository/io/netty/netty-codec-http2/4.1.119.Final/netty-codec-http2-4.1.119.Final.jar:/home/runner/.m2/repository/io/netty/netty-resolver/4.1.119.Final/netty-resolver-4.1.119.Final.jar:/home/runner/.m2/repository/io/netty/netty-resolver-dns/4.1.119.Final/netty-resolver-dns-4.1.119.Final.jar:/home/runner/.m2/repository/io/netty/netty-codec-dns/4.1.119.Final/netty-codec-dns-4.1.119.Final.jar:/home/runner/.m2/repository/com/fasterxml/jackson/core/jackson-core/2.18.2/jackson-core-2.18.2.jar:"/>
    <property name="sun.cpu.endian" value="little"/>
    <property name="user.home" value="/home/runner"/>
    <property name="user.language" value="en"/>
    <property name="jboss.log-version" value="false"/>
    <property name="java.specification.vendor" value="Oracle Corporation"/>
    <property name="java.version.date" value="2025-07-15"/>
    <property name="java.home" value="/usr/lib/jvm/temurin-17-jdk-amd64"/>
    <property name="file.separator" value="/"/>
    <property name="basedir" value="/home/runner/work/apicurio-testing/apicurio-testing/clusters/ci419/namespaces/kafkasql/tests/integration/apicurio-registry/integration-tests"/>
    <property name="java.vm.compressedOopsMode" value="32-bit"/>
    <property name="line.separator" value="&#10;"/>
    <property name="java.specification.name" value="Java Platform API Specification"/>
    <property name="java.vm.specification.vendor" value="Oracle Corporation"/>
    <property name="quarkus.http.test-host" value="registry-app-kafkasql.apps.ci419.apicurio-testing.org"/>
    <property name="surefire.real.class.path" value="/home/runner/work/apicurio-testing/apicurio-testing/clusters/ci419/namespaces/kafkasql/tests/integration/apicurio-registry/integration-tests/target/surefire/surefirebooter-20250731170421362_3.jar"/>
    <property name="sun.management.compiler" value="HotSpot 64-Bit Tiered Compilers"/>
    <property name="org.eclipse.jetty.http.HttpGenerator.STRICT" value="true"/>
    <property name="java.runtime.version" value="17.0.16+8"/>
    <property name="user.name" value="runner"/>
    <property name="path.separator" value=":"/>
    <property name="os.version" value="6.8.0-1031-azure"/>
    <property name="java.runtime.name" value="OpenJDK Runtime Environment"/>
    <property name="file.encoding" value="UTF-8"/>
    <property name="jnidispatch.path" value="/home/runner/.cache/JNA/temp/jna6473497202307855764.tmp"/>
    <property name="java.vm.name" value="OpenJDK 64-Bit Server VM"/>
    <property name="jna.platform.library.path" value="/usr/lib/x86_64-linux-gnu:/lib/x86_64-linux-gnu:/usr/lib64:/lib64:/usr/lib:/lib:/lib32:/usr/local/lib:/usr/lib/x86_64-linux-gnu/libfakeroot"/>
    <property name="java.vendor.version" value="Temurin-17.0.16+8"/>
    <property name="quarkus.oidc.token-path" value="https://keycloak-kafkasql.apps.ci419.apicurio-testing.org/realms/registry/protocol/openid-connect/token"/>
    <property name="quarkus.http.host" value="registry-app-kafkasql.apps.ci419.apicurio-testing.org"/>
    <property name="localRepository" value="/home/runner/.m2/repository"/>
    <property name="javax.xml.xpath.XPathFactory:http://java.sun.com/jaxp/xpath/dom" value="com.sun.org.apache.xpath.internal.jaxp.XPathFactoryImpl"/>
    <property name="jna.loaded" value="true"/>
    <property name="java.vendor.url.bug" value="https://github.com/adoptium/adoptium-support/issues"/>
    <property name="jetty.git.hash" value="5bc5e562c8d05c5862505aebe5cf83a61bdbcb96"/>
    <property name="java.io.tmpdir" value="/tmp"/>
    <property name="quarkus.http.test-protocol" value="http"/>
    <property name="java.version" value="17.0.16"/>
    <property name="user.dir" value="/home/runner/work/apicurio-testing/apicurio-testing/clusters/ci419/namespaces/kafkasql/tests/integration/apicurio-registry/integration-tests"/>
    <property name="os.arch" value="amd64"/>
    <property name="groups" value="( smoke | serdes | acceptance | ui)"/>
    <property name="java.vm.specification.name" value="Java Virtual Machine Specification"/>
    <property name="native.encoding" value="UTF-8"/>
    <property name="java.util.logging.manager" value="org.jboss.logmanager.LogManager"/>
    <property name="java.library.path" value="/usr/java/packages/lib:/usr/lib64:/lib64:/lib:/usr/lib"/>
    <property name="jdk.console" value="java.base"/>
    <property name="java.vm.info" value="mixed mode, sharing"/>
    <property name="java.vendor" value="Eclipse Adoptium"/>
    <property name="java.vm.version" value="17.0.16+8"/>
    <property name="java.specification.maintenance.version" value="1"/>
    <property name="sun.io.unicode.encoding" value="UnicodeLittle"/>
    <property name="javax.xml.transform.TransformerFactory" value="com.sun.org.apache.xalan.internal.xsltc.trax.TransformerFactoryImpl"/>
    <property name="java.class.version" value="61.0"/>
  </properties>
  <testcase name="testGlobalIdInHeaders" classname="io.apicurio.tests.serdes.apicurio.AvroSerdeIT" time="3.307">
    <system-out><![CDATA[**** Registry Base URL: http://registry-app-kafkasql.apps.ci419.apicurio-testing.org:80
**** Registry Base URL: http://registry-app-kafkasql.apps.ci419.apicurio-testing.org:80
2025-07-31 17:04:33,788 INFO  [io.api.tes.ser.api.AvroSerdeIT] (main) RestAssured configured with http://registry-app-kafkasql.apps.ci419.apicurio-testing.org:80/apis/registry/v3
2025-07-31 17:04:33,788 INFO  [io.api.tes.uti.KafkaFacade] (main) Starting kafka container
2025-07-31 17:04:33,826 INFO  [org.tes.ima.PullPolicy] (main) Image pull policy will be performed by: DefaultPullPolicy()
2025-07-31 17:04:33,829 INFO  [org.tes.uti.ImageNameSubstitutor] (main) Image name substitution will be performed by: DefaultImageNameSubstitutor (composite of 'ConfigurationFileImageNameSubstitutor' and 'PrefixingImageNameSubstitutor')
2025-07-31 17:04:33,841 INFO  [org.tes.DockerClientFactory] (main) Testcontainers version: 1.20.6
2025-07-31 17:04:34,353 INFO  [org.tes.doc.DockerClientProviderStrategy] (main) Found Docker environment with local Unix socket (unix:///var/run/docker.sock)
2025-07-31 17:04:34,361 INFO  [org.tes.DockerClientFactory] (main) Docker host IP address is localhost
2025-07-31 17:04:34,383 INFO  [org.tes.DockerClientFactory] (main) Connected to docker: 
  Server Version: 28.0.4
  API Version: 1.48
  Operating System: Ubuntu 22.04.5 LTS
  Total Memory: 7944 MB
2025-07-31 17:04:34,442 INFO  [tc.tes.11.0] (main) Pulling docker image: testcontainers/ryuk:0.11.0. Please be patient; this may take some time but only needs to be done once.
2025-07-31 17:04:34,747 INFO  [tc.tes.11.0] (docker-java-stream--1295187651) Starting to pull image
2025-07-31 17:04:34,762 INFO  [tc.tes.11.0] (docker-java-stream--1295187651) Pulling image layers:  0 pending,  0 downloaded,  0 extracted, (0 bytes/0 bytes)
2025-07-31 17:04:34,942 INFO  [tc.tes.11.0] (docker-java-stream--1295187651) Pulling image layers:  2 pending,  1 downloaded,  0 extracted, (878 KB/? MB)
2025-07-31 17:04:34,983 INFO  [tc.tes.11.0] (docker-java-stream--1295187651) Pulling image layers:  1 pending,  2 downloaded,  0 extracted, (878 KB/? MB)
2025-07-31 17:04:34,995 INFO  [tc.tes.11.0] (docker-java-stream--1295187651) Pulling image layers:  0 pending,  3 downloaded,  0 extracted, (906 KB/10 MB)
2025-07-31 17:04:35,105 INFO  [tc.tes.11.0] (docker-java-stream--1295187651) Pulling image layers:  0 pending,  3 downloaded,  1 extracted, (4 MB/10 MB)
2025-07-31 17:04:36,098 INFO  [tc.tes.11.0] (docker-java-stream--1295187651) Pulling image layers:  0 pending,  3 downloaded,  2 extracted, (4 MB/10 MB)
2025-07-31 17:04:36,142 INFO  [tc.tes.11.0] (docker-java-stream--1295187651) Pulling image layers:  0 pending,  3 downloaded,  3 extracted, (10 MB/10 MB)
2025-07-31 17:04:36,149 INFO  [tc.tes.11.0] (docker-java-stream--1295187651) Pull complete. 3 layers, pulled in 1s (downloaded 10 MB at 10 MB/s)
2025-07-31 17:04:36,149 INFO  [tc.tes.11.0] (main) Image testcontainers/ryuk:0.11.0 pull took PT1.706910699S
2025-07-31 17:04:36,174 INFO  [tc.tes.11.0] (main) Creating container for image: testcontainers/ryuk:0.11.0
2025-07-31 17:04:36,258 INFO  [tc.tes.11.0] (main) Container testcontainers/ryuk:0.11.0 is starting: b365b15fb29217300fe889c1d9c4def67cd21d8ca28ff8547d13c1f2cb84c461
2025-07-31 17:04:36,567 INFO  [tc.tes.11.0] (main) Container testcontainers/ryuk:0.11.0 started in PT0.392936111S
2025-07-31 17:04:36,572 INFO  [org.tes.uti.RyukResourceReaper] (main) Ryuk started - will monitor and terminate Testcontainers containers on JVM exit
2025-07-31 17:04:36,572 INFO  [org.tes.DockerClientFactory] (main) Checking the system...
2025-07-31 17:04:36,573 INFO  [org.tes.DockerClientFactory] (main) ✔︎ Docker server version should be at least 1.6.0
2025-07-31 17:04:36,576 INFO  [io.str.tes.con.KafkaVersionService] (main) Latest release of Kafka is:LogicalKafkaVersionEntity{version='3.7.1', image='quay.io/strimzi-test-container/test-container:0.107.0-kafka-3.7.1'}
2025-07-31 17:04:36,576 INFO  [io.str.tes.con.KafkaVersionService] (main) Latest release of Kafka is:LogicalKafkaVersionEntity{version='3.7.1', image='quay.io/strimzi-test-container/test-container:0.107.0-kafka-3.7.1'}
2025-07-31 17:04:36,576 INFO  [io.str.tes.con.KafkaVersionService] (main) No Kafka version specified. Using latest release: quay.io/strimzi-test-container/test-container:0.107.0-kafka-3.7.1
2025-07-31 17:04:36,579 INFO  [tc.qua.io/.107.0-k.7.1] (main) Pulling docker image: quay.io/strimzi-test-container/test-container:0.107.0-kafka-3.7.1. Please be patient; this may take some time but only needs to be done once.
2025-07-31 17:04:36,940 INFO  [tc.qua.io/.107.0-k.7.1] (docker-java-stream--720530420) Starting to pull image
2025-07-31 17:04:36,941 INFO  [tc.qua.io/.107.0-k.7.1] (docker-java-stream--720530420) Pulling image layers:  0 pending,  0 downloaded,  0 extracted, (0 bytes/0 bytes)
2025-07-31 17:04:37,225 INFO  [tc.qua.io/.107.0-k.7.1] (docker-java-stream--720530420) Pulling image layers:  4 pending,  1 downloaded,  0 extracted, (997 bytes/? MB)
2025-07-31 17:04:37,662 INFO  [tc.qua.io/.107.0-k.7.1] (docker-java-stream--720530420) Pulling image layers:  3 pending,  2 downloaded,  0 extracted, (73 MB/? MB)
2025-07-31 17:04:37,736 INFO  [tc.qua.io/.107.0-k.7.1] (docker-java-stream--720530420) Pulling image layers:  2 pending,  3 downloaded,  0 extracted, (73 MB/? MB)
2025-07-31 17:04:38,681 INFO  [tc.qua.io/.107.0-k.7.1] (docker-java-stream--720530420) Pulling image layers:  2 pending,  3 downloaded,  1 extracted, (158 MB/? MB)
2025-07-31 17:04:39,076 INFO  [tc.qua.io/.107.0-k.7.1] (docker-java-stream--720530420) Pulling image layers:  1 pending,  4 downloaded,  1 extracted, (190 MB/? MB)
2025-07-31 17:04:39,600 INFO  [tc.qua.io/.107.0-k.7.1] (docker-java-stream--720530420) Pulling image layers:  0 pending,  5 downloaded,  1 extracted, (224 MB/231 MB)
2025-07-31 17:04:41,666 INFO  [tc.qua.io/.107.0-k.7.1] (docker-java-stream--720530420) Pulling image layers:  0 pending,  5 downloaded,  2 extracted, (231 MB/231 MB)
2025-07-31 17:04:43,005 INFO  [tc.qua.io/.107.0-k.7.1] (docker-java-stream--720530420) Pulling image layers:  0 pending,  5 downloaded,  3 extracted, (231 MB/231 MB)
2025-07-31 17:04:44,049 INFO  [tc.qua.io/.107.0-k.7.1] (docker-java-stream--720530420) Pulling image layers:  0 pending,  5 downloaded,  4 extracted, (231 MB/231 MB)
2025-07-31 17:04:44,063 INFO  [tc.qua.io/.107.0-k.7.1] (docker-java-stream--720530420) Pulling image layers:  0 pending,  5 downloaded,  5 extracted, (231 MB/231 MB)
2025-07-31 17:04:44,071 INFO  [tc.qua.io/.107.0-k.7.1] (docker-java-stream--720530420) Pull complete. 5 layers, pulled in 7s (downloaded 231 MB at 33 MB/s)
2025-07-31 17:04:44,071 INFO  [tc.qua.io/.107.0-k.7.1] (main) Image quay.io/strimzi-test-container/test-container:0.107.0-kafka-3.7.1 pull took PT7.491944068S
2025-07-31 17:04:44,076 INFO  [tc.qua.io/.107.0-k.7.1] (main) Creating container for image: quay.io/strimzi-test-container/test-container:0.107.0-kafka-3.7.1
2025-07-31 17:04:44,156 INFO  [tc.qua.io/.107.0-k.7.1] (main) Container quay.io/strimzi-test-container/test-container:0.107.0-kafka-3.7.1 is starting: a9fd5ebbe2af25de465f208fb63de48b9d21ddf63a1ec2a23173b1979017cca1
2025-07-31 17:04:44,338 INFO  [io.str.tes.con.StrimziKafkaContainer] (main) Mapped port: 32770
2025-07-31 17:04:44,341 INFO  [io.str.tes.con.StrimziKafkaContainer] (main) This is all advertised listeners for Kafka PLAINTEXT://localhost:32770,BROKER1://172.18.0.2:9093
2025-07-31 17:04:44,341 INFO  [io.str.tes.con.StrimziKafkaContainer] (main) Using internal ZooKeeper 'zookeeper.connect=localhost:2181.'
2025-07-31 17:04:44,341 INFO  [io.str.tes.con.StrimziKafkaContainer] (main) Copying command to 'STARTER_SCRIPT' script.
2025-07-31 17:04:48,479 INFO  [tc.qua.io/.107.0-k.7.1] (main) Container quay.io/strimzi-test-container/test-container:0.107.0-kafka-3.7.1 started in PT4.402966902S
2025-07-31 17:04:48,481 INFO  [io.api.tes.uti.TestSeparator] (main) ############################################################################
2025-07-31 17:04:48,485 INFO  [io.api.tes.uti.TestSeparator] (main) io.apicurio.tests.serdes.apicurio.AvroSerdeIT.testGlobalIdInHeaders-STARTED
2025-07-31 17:04:48,500 INFO  [org.apa.kaf.cli.adm.AdminClientConfig] (main) AdminClientConfig values: 
	auto.include.jmx.reporter = true
	bootstrap.controllers = []
	bootstrap.servers = [PLAINTEXT://localhost:32770]
	client.dns.lookup = use_all_dns_ips
	client.id = 
	connections.max.idle.ms = 10000
	default.api.timeout.ms = 60000
	enable.metrics.push = true
	metadata.max.age.ms = 300000
	metadata.recovery.strategy = none
	metric.reporters = []
	metrics.num.samples = 2
	metrics.recording.level = INFO
	metrics.sample.window.ms = 30000
	receive.buffer.bytes = 65536
	reconnect.backoff.max.ms = 1000
	reconnect.backoff.ms = 50
	request.timeout.ms = 5000
	retries = 2147483647
	retry.backoff.max.ms = 1000
	retry.backoff.ms = 100
	sasl.client.callback.handler.class = null
	sasl.jaas.config = null
	sasl.kerberos.kinit.cmd = /usr/bin/kinit
	sasl.kerberos.min.time.before.relogin = 60000
	sasl.kerberos.service.name = null
	sasl.kerberos.ticket.renew.jitter = 0.05
	sasl.kerberos.ticket.renew.window.factor = 0.8
	sasl.login.callback.handler.class = null
	sasl.login.class = null
	sasl.login.connect.timeout.ms = null
	sasl.login.read.timeout.ms = null
	sasl.login.refresh.buffer.seconds = 300
	sasl.login.refresh.min.period.seconds = 60
	sasl.login.refresh.window.factor = 0.8
	sasl.login.refresh.window.jitter = 0.05
	sasl.login.retry.backoff.max.ms = 10000
	sasl.login.retry.backoff.ms = 100
	sasl.mechanism = GSSAPI
	sasl.oauthbearer.clock.skew.seconds = 30
	sasl.oauthbearer.expected.audience = null
	sasl.oauthbearer.expected.issuer = null
	sasl.oauthbearer.header.urlencode = false
	sasl.oauthbearer.jwks.endpoint.refresh.ms = 3600000
	sasl.oauthbearer.jwks.endpoint.retry.backoff.max.ms = 10000
	sasl.oauthbearer.jwks.endpoint.retry.backoff.ms = 100
	sasl.oauthbearer.jwks.endpoint.url = null
	sasl.oauthbearer.scope.claim.name = scope
	sasl.oauthbearer.sub.claim.name = sub
	sasl.oauthbearer.token.endpoint.url = null
	security.protocol = PLAINTEXT
	security.providers = null
	send.buffer.bytes = 131072
	socket.connection.setup.timeout.max.ms = 30000
	socket.connection.setup.timeout.ms = 10000
	ssl.cipher.suites = null
	ssl.enabled.protocols = [TLSv1.2, TLSv1.3]
	ssl.endpoint.identification.algorithm = https
	ssl.engine.factory.class = null
	ssl.key.password = null
	ssl.keymanager.algorithm = SunX509
	ssl.keystore.certificate.chain = null
	ssl.keystore.key = null
	ssl.keystore.location = null
	ssl.keystore.password = null
	ssl.keystore.type = JKS
	ssl.protocol = TLSv1.3
	ssl.provider = null
	ssl.secure.random.implementation = null
	ssl.trustmanager.algorithm = PKIX
	ssl.truststore.certificates = null
	ssl.truststore.location = null
	ssl.truststore.password = null
	ssl.truststore.type = JKS

2025-07-31 17:04:48,797 INFO  [org.apa.kaf.com.uti.AppInfoParser] (main) Kafka version: 3.9.1
2025-07-31 17:04:48,797 INFO  [org.apa.kaf.com.uti.AppInfoParser] (main) Kafka commitId: f745dfdcee2b9851
2025-07-31 17:04:48,797 INFO  [org.apa.kaf.com.uti.AppInfoParser] (main) Kafka startTimeMs: 1753981488795
**** Registry Base URL: http://registry-app-kafkasql.apps.ci419.apicurio-testing.org:80
2025-07-31 17:04:48,859 INFO  [org.apa.kaf.cli.pro.ProducerConfig] (main) ProducerConfig values: 
	acks = -1
	auto.include.jmx.reporter = true
	batch.size = 16384
	bootstrap.servers = [PLAINTEXT://localhost:32770]
	buffer.memory = 33554432
	client.dns.lookup = use_all_dns_ips
	client.id = Producer-topic-3c120448_e07a_4813_be06_5c08758fe9a5
	compression.gzip.level = -1
	compression.lz4.level = 9
	compression.type = none
	compression.zstd.level = 3
	connections.max.idle.ms = 10000
	delivery.timeout.ms = 120000
	enable.idempotence = true
	enable.metrics.push = true
	interceptor.classes = []
	key.serializer = class org.apache.kafka.common.serialization.StringSerializer
	linger.ms = 0
	max.block.ms = 60000
	max.in.flight.requests.per.connection = 5
	max.request.size = 1048576
	metadata.max.age.ms = 300000
	metadata.max.idle.ms = 300000
	metadata.recovery.strategy = none
	metric.reporters = []
	metrics.num.samples = 2
	metrics.recording.level = INFO
	metrics.sample.window.ms = 30000
	partitioner.adaptive.partitioning.enable = true
	partitioner.availability.timeout.ms = 0
	partitioner.class = null
	partitioner.ignore.keys = false
	receive.buffer.bytes = 32768
	reconnect.backoff.max.ms = 1000
	reconnect.backoff.ms = 50
	request.timeout.ms = 5000
	retries = 2147483647
	retry.backoff.max.ms = 1000
	retry.backoff.ms = 100
	sasl.client.callback.handler.class = null
	sasl.jaas.config = null
	sasl.kerberos.kinit.cmd = /usr/bin/kinit
	sasl.kerberos.min.time.before.relogin = 60000
	sasl.kerberos.service.name = null
	sasl.kerberos.ticket.renew.jitter = 0.05
	sasl.kerberos.ticket.renew.window.factor = 0.8
	sasl.login.callback.handler.class = null
	sasl.login.class = null
	sasl.login.connect.timeout.ms = null
	sasl.login.read.timeout.ms = null
	sasl.login.refresh.buffer.seconds = 300
	sasl.login.refresh.min.period.seconds = 60
	sasl.login.refresh.window.factor = 0.8
	sasl.login.refresh.window.jitter = 0.05
	sasl.login.retry.backoff.max.ms = 10000
	sasl.login.retry.backoff.ms = 100
	sasl.mechanism = GSSAPI
	sasl.oauthbearer.clock.skew.seconds = 30
	sasl.oauthbearer.expected.audience = null
	sasl.oauthbearer.expected.issuer = null
	sasl.oauthbearer.header.urlencode = false
	sasl.oauthbearer.jwks.endpoint.refresh.ms = 3600000
	sasl.oauthbearer.jwks.endpoint.retry.backoff.max.ms = 10000
	sasl.oauthbearer.jwks.endpoint.retry.backoff.ms = 100
	sasl.oauthbearer.jwks.endpoint.url = null
	sasl.oauthbearer.scope.claim.name = scope
	sasl.oauthbearer.sub.claim.name = sub
	sasl.oauthbearer.token.endpoint.url = null
	security.protocol = PLAINTEXT
	security.providers = null
	send.buffer.bytes = 131072
	socket.connection.setup.timeout.max.ms = 30000
	socket.connection.setup.timeout.ms = 10000
	ssl.cipher.suites = null
	ssl.enabled.protocols = [TLSv1.2, TLSv1.3]
	ssl.endpoint.identification.algorithm = https
	ssl.engine.factory.class = null
	ssl.key.password = null
	ssl.keymanager.algorithm = SunX509
	ssl.keystore.certificate.chain = null
	ssl.keystore.key = null
	ssl.keystore.location = null
	ssl.keystore.password = null
	ssl.keystore.type = JKS
	ssl.protocol = TLSv1.3
	ssl.provider = null
	ssl.secure.random.implementation = null
	ssl.trustmanager.algorithm = PKIX
	ssl.truststore.certificates = null
	ssl.truststore.location = null
	ssl.truststore.password = null
	ssl.truststore.type = JKS
	transaction.timeout.ms = 60000
	transactional.id = null
	value.serializer = class io.apicurio.registry.serde.avro.AvroKafkaSerializer

2025-07-31 17:04:48,903 INFO  [org.apa.kaf.com.tel.int.KafkaMetricsCollector] (main) initializing Kafka metrics collector
2025-07-31 17:04:48,924 INFO  [org.apa.kaf.cli.pro.KafkaProducer] (main) [Producer clientId=Producer-topic-3c120448_e07a_4813_be06_5c08758fe9a5] Instantiated an idempotent producer.
2025-07-31 17:04:48,974 INFO  [org.apa.kaf.cli.pro.ProducerConfig] (main) These configurations '[apicurio.registry.url, apicurio.registry.auto-register, apicurio.registry.use-id, apicurio.registry.artifact-resolver-strategy]' were supplied but are not used yet.
2025-07-31 17:04:48,975 INFO  [org.apa.kaf.com.uti.AppInfoParser] (main) Kafka version: 3.9.1
2025-07-31 17:04:48,975 INFO  [org.apa.kaf.com.uti.AppInfoParser] (main) Kafka commitId: f745dfdcee2b9851
2025-07-31 17:04:48,975 INFO  [org.apa.kaf.com.uti.AppInfoParser] (main) Kafka startTimeMs: 1753981488975
2025-07-31 17:04:48,975 INFO  [io.api.tes.ser.api.SimpleSerdesTesterBuilder$SimpleSerdesTester] (main) Using producer configuration: {apicurio.registry.url=http://registry-app-kafkasql.apps.ci419.apicurio-testing.org:80/apis/registry/v3, apicurio.registry.auto-register=true, apicurio.registry.use-id=globalId, apicurio.registry.artifact-resolver-strategy=io.apicurio.registry.serde.strategy.TopicIdStrategy, value.serializer=io.apicurio.registry.serde.avro.AvroKafkaSerializer, request.timeout.ms=5000, acks=all, bootstrap.servers=PLAINTEXT://localhost:32770, connections.max.idle.ms=10000, key.serializer=org.apache.kafka.common.serialization.StringSerializer, client.id=Producer-topic-3c120448_e07a_4813_be06_5c08758fe9a5}
2025-07-31 17:04:48,976 INFO  [io.api.tes.ser.api.SimpleSerdesTesterBuilder$SimpleSerdesTester] (main) Using consumer configuration: {apicurio.registry.use-id=globalId}
2025-07-31 17:04:48,980 INFO  [io.api.tes.ser.api.KafkaSerdesTester] (Thread-594) Sending message {"key11753981488826": "value-0"} to topic topic-3c120448_e07a_4813_be06_5c08758fe9a5
2025-07-31 17:04:49,403 WARN  [org.apa.kaf.cli.NetworkClient] (kafka-producer-network-thread | Producer-topic-3c120448_e07a_4813_be06_5c08758fe9a5) [Producer clientId=Producer-topic-3c120448_e07a_4813_be06_5c08758fe9a5] The metadata response from the cluster reported a recoverable issue with correlation id 2 : {topic-3c120448_e07a_4813_be06_5c08758fe9a5=LEADER_NOT_AVAILABLE}
2025-07-31 17:04:49,410 INFO  [org.apa.kaf.cli.Metadata] (kafka-producer-network-thread | Producer-topic-3c120448_e07a_4813_be06_5c08758fe9a5) [Producer clientId=Producer-topic-3c120448_e07a_4813_be06_5c08758fe9a5] Cluster ID: WpqyxNU-RHKB_ermmfvksw
2025-07-31 17:04:49,570 INFO  [org.apa.kaf.cli.pro.int.TransactionManager] (kafka-producer-network-thread | Producer-topic-3c120448_e07a_4813_be06_5c08758fe9a5) [Producer clientId=Producer-topic-3c120448_e07a_4813_be06_5c08758fe9a5] ProducerId set to 0 with epoch 0
2025-07-31 17:04:49,580 WARN  [org.apa.kaf.cli.NetworkClient] (kafka-producer-network-thread | Producer-topic-3c120448_e07a_4813_be06_5c08758fe9a5) [Producer clientId=Producer-topic-3c120448_e07a_4813_be06_5c08758fe9a5] The metadata response from the cluster reported a recoverable issue with correlation id 8 : {topic-3c120448_e07a_4813_be06_5c08758fe9a5=LEADER_NOT_AVAILABLE}
2025-07-31 17:04:49,982 INFO  [io.api.tes.ser.api.KafkaSerdesTester] (Thread-594) Sending message {"key11753981488826": "value-1"} to topic topic-3c120448_e07a_4813_be06_5c08758fe9a5
2025-07-31 17:04:49,989 INFO  [io.api.tes.ser.api.KafkaSerdesTester] (Thread-594) Sending message {"key11753981488826": "value-2"} to topic topic-3c120448_e07a_4813_be06_5c08758fe9a5
2025-07-31 17:04:49,996 INFO  [io.api.tes.ser.api.KafkaSerdesTester] (Thread-594) Sending message {"key11753981488826": "value-3"} to topic topic-3c120448_e07a_4813_be06_5c08758fe9a5
2025-07-31 17:04:50,004 INFO  [io.api.tes.ser.api.KafkaSerdesTester] (Thread-594) Sending message {"key11753981488826": "value-4"} to topic topic-3c120448_e07a_4813_be06_5c08758fe9a5
2025-07-31 17:04:50,018 INFO  [io.api.tes.ser.api.KafkaSerdesTester] (Thread-594) Sending message {"key11753981488826": "value-5"} to topic topic-3c120448_e07a_4813_be06_5c08758fe9a5
2025-07-31 17:04:50,029 INFO  [io.api.tes.ser.api.KafkaSerdesTester] (Thread-594) Sending message {"key11753981488826": "value-6"} to topic topic-3c120448_e07a_4813_be06_5c08758fe9a5
2025-07-31 17:04:50,038 INFO  [io.api.tes.ser.api.KafkaSerdesTester] (Thread-594) Sending message {"key11753981488826": "value-7"} to topic topic-3c120448_e07a_4813_be06_5c08758fe9a5
2025-07-31 17:04:50,049 INFO  [io.api.tes.ser.api.KafkaSerdesTester] (Thread-594) Sending message {"key11753981488826": "value-8"} to topic topic-3c120448_e07a_4813_be06_5c08758fe9a5
2025-07-31 17:04:50,054 INFO  [io.api.tes.ser.api.KafkaSerdesTester] (Thread-594) Sending message {"key11753981488826": "value-9"} to topic topic-3c120448_e07a_4813_be06_5c08758fe9a5
2025-07-31 17:04:50,059 INFO  [io.api.tes.ser.api.KafkaSerdesTester] (Thread-594) Produced 10 messages
2025-07-31 17:04:50,060 INFO  [org.apa.kaf.cli.pro.KafkaProducer] (Thread-594) [Producer clientId=Producer-topic-3c120448_e07a_4813_be06_5c08758fe9a5] Closing the Kafka producer with timeoutMillis = 9223372036854775807 ms.
2025-07-31 17:04:50,082 INFO  [org.apa.kaf.com.met.Metrics] (Thread-594) Metrics scheduler closed
2025-07-31 17:04:50,083 INFO  [org.apa.kaf.com.met.Metrics] (Thread-594) Closing reporter org.apache.kafka.common.metrics.JmxReporter
2025-07-31 17:04:50,083 INFO  [org.apa.kaf.com.met.Metrics] (Thread-594) Closing reporter org.apache.kafka.common.telemetry.internals.ClientTelemetryReporter
2025-07-31 17:04:50,083 INFO  [org.apa.kaf.com.met.Metrics] (Thread-594) Metrics reporters closed
2025-07-31 17:04:50,085 INFO  [org.apa.kaf.com.uti.AppInfoParser] (Thread-594) App info kafka.producer for Producer-topic-3c120448_e07a_4813_be06_5c08758fe9a5 unregistered
**** Registry Base URL: http://registry-app-kafkasql.apps.ci419.apicurio-testing.org:80
2025-07-31 17:04:50,139 INFO  [org.apa.kaf.cli.con.ConsumerConfig] (main) ConsumerConfig values: 
	allow.auto.create.topics = true
	auto.commit.interval.ms = 500
	auto.include.jmx.reporter = true
	auto.offset.reset = earliest
	bootstrap.servers = [PLAINTEXT://localhost:32770]
	check.crcs = true
	client.dns.lookup = use_all_dns_ips
	client.id = consumer-Consumer-topic-3c120448_e07a_4813_be06_5c08758fe9a5-1
	client.rack = 
	connections.max.idle.ms = 10000
	default.api.timeout.ms = 60000
	enable.auto.commit = true
	enable.metrics.push = true
	exclude.internal.topics = true
	fetch.max.bytes = 52428800
	fetch.max.wait.ms = 500
	fetch.min.bytes = 1
	group.id = Consumer-topic-3c120448_e07a_4813_be06_5c08758fe9a5
	group.instance.id = null
	group.protocol = classic
	group.remote.assignor = null
	heartbeat.interval.ms = 3000
	interceptor.classes = []
	internal.leave.group.on.close = true
	internal.throw.on.fetch.stable.offset.unsupported = false
	isolation.level = read_uncommitted
	key.deserializer = class org.apache.kafka.common.serialization.StringDeserializer
	max.partition.fetch.bytes = 1048576
	max.poll.interval.ms = 300000
	max.poll.records = 500
	metadata.max.age.ms = 300000
	metadata.recovery.strategy = none
	metric.reporters = []
	metrics.num.samples = 2
	metrics.recording.level = INFO
	metrics.sample.window.ms = 30000
	partition.assignment.strategy = [class org.apache.kafka.clients.consumer.RangeAssignor, class org.apache.kafka.clients.consumer.CooperativeStickyAssignor]
	receive.buffer.bytes = 65536
	reconnect.backoff.max.ms = 1000
	reconnect.backoff.ms = 50
	request.timeout.ms = 5000
	retry.backoff.max.ms = 1000
	retry.backoff.ms = 100
	sasl.client.callback.handler.class = null
	sasl.jaas.config = null
	sasl.kerberos.kinit.cmd = /usr/bin/kinit
	sasl.kerberos.min.time.before.relogin = 60000
	sasl.kerberos.service.name = null
	sasl.kerberos.ticket.renew.jitter = 0.05
	sasl.kerberos.ticket.renew.window.factor = 0.8
	sasl.login.callback.handler.class = null
	sasl.login.class = null
	sasl.login.connect.timeout.ms = null
	sasl.login.read.timeout.ms = null
	sasl.login.refresh.buffer.seconds = 300
	sasl.login.refresh.min.period.seconds = 60
	sasl.login.refresh.window.factor = 0.8
	sasl.login.refresh.window.jitter = 0.05
	sasl.login.retry.backoff.max.ms = 10000
	sasl.login.retry.backoff.ms = 100
	sasl.mechanism = GSSAPI
	sasl.oauthbearer.clock.skew.seconds = 30
	sasl.oauthbearer.expected.audience = null
	sasl.oauthbearer.expected.issuer = null
	sasl.oauthbearer.header.urlencode = false
	sasl.oauthbearer.jwks.endpoint.refresh.ms = 3600000
	sasl.oauthbearer.jwks.endpoint.retry.backoff.max.ms = 10000
	sasl.oauthbearer.jwks.endpoint.retry.backoff.ms = 100
	sasl.oauthbearer.jwks.endpoint.url = null
	sasl.oauthbearer.scope.claim.name = scope
	sasl.oauthbearer.sub.claim.name = sub
	sasl.oauthbearer.token.endpoint.url = null
	security.protocol = PLAINTEXT
	security.providers = null
	send.buffer.bytes = 131072
	session.timeout.ms = 45000
	socket.connection.setup.timeout.max.ms = 30000
	socket.connection.setup.timeout.ms = 10000
	ssl.cipher.suites = null
	ssl.enabled.protocols = [TLSv1.2, TLSv1.3]
	ssl.endpoint.identification.algorithm = https
	ssl.engine.factory.class = null
	ssl.key.password = null
	ssl.keymanager.algorithm = SunX509
	ssl.keystore.certificate.chain = null
	ssl.keystore.key = null
	ssl.keystore.location = null
	ssl.keystore.password = null
	ssl.keystore.type = JKS
	ssl.protocol = TLSv1.3
	ssl.provider = null
	ssl.secure.random.implementation = null
	ssl.trustmanager.algorithm = PKIX
	ssl.truststore.certificates = null
	ssl.truststore.location = null
	ssl.truststore.password = null
	ssl.truststore.type = JKS
	value.deserializer = class io.apicurio.registry.serde.avro.AvroKafkaDeserializer

2025-07-31 17:04:50,149 INFO  [org.apa.kaf.com.tel.int.KafkaMetricsCollector] (main) initializing Kafka metrics collector
2025-07-31 17:04:50,199 INFO  [org.apa.kaf.cli.con.ConsumerConfig] (main) These configurations '[apicurio.registry.url, apicurio.registry.use-id]' were supplied but are not used yet.
2025-07-31 17:04:50,199 INFO  [org.apa.kaf.com.uti.AppInfoParser] (main) Kafka version: 3.9.1
2025-07-31 17:04:50,199 INFO  [org.apa.kaf.com.uti.AppInfoParser] (main) Kafka commitId: f745dfdcee2b9851
2025-07-31 17:04:50,199 INFO  [org.apa.kaf.com.uti.AppInfoParser] (main) Kafka startTimeMs: 1753981490199
2025-07-31 17:04:50,201 INFO  [org.apa.kaf.cli.con.int.ClassicKafkaConsumer] (Thread-597) [Consumer clientId=consumer-Consumer-topic-3c120448_e07a_4813_be06_5c08758fe9a5-1, groupId=Consumer-topic-3c120448_e07a_4813_be06_5c08758fe9a5] Subscribed to topic(s): topic-3c120448_e07a_4813_be06_5c08758fe9a5
2025-07-31 17:04:50,213 INFO  [org.apa.kaf.cli.Metadata] (Thread-597) [Consumer clientId=consumer-Consumer-topic-3c120448_e07a_4813_be06_5c08758fe9a5-1, groupId=Consumer-topic-3c120448_e07a_4813_be06_5c08758fe9a5] Cluster ID: WpqyxNU-RHKB_ermmfvksw
2025-07-31 17:04:50,957 INFO  [org.apa.kaf.cli.con.int.ConsumerCoordinator] (Thread-597) [Consumer clientId=consumer-Consumer-topic-3c120448_e07a_4813_be06_5c08758fe9a5-1, groupId=Consumer-topic-3c120448_e07a_4813_be06_5c08758fe9a5] Discovered group coordinator localhost:32770 (id: 2147483647 rack: null)
2025-07-31 17:04:50,969 INFO  [org.apa.kaf.cli.con.int.ConsumerCoordinator] (Thread-597) [Consumer clientId=consumer-Consumer-topic-3c120448_e07a_4813_be06_5c08758fe9a5-1, groupId=Consumer-topic-3c120448_e07a_4813_be06_5c08758fe9a5] (Re-)joining group
2025-07-31 17:04:51,005 INFO  [org.apa.kaf.cli.con.int.ConsumerCoordinator] (Thread-597) [Consumer clientId=consumer-Consumer-topic-3c120448_e07a_4813_be06_5c08758fe9a5-1, groupId=Consumer-topic-3c120448_e07a_4813_be06_5c08758fe9a5] Request joining group due to: need to re-join with the given member-id: consumer-Consumer-topic-3c120448_e07a_4813_be06_5c08758fe9a5-1-12a4b9d1-46b8-4cc4-8755-d46e545901c7
2025-07-31 17:04:51,005 INFO  [org.apa.kaf.cli.con.int.ConsumerCoordinator] (Thread-597) [Consumer clientId=consumer-Consumer-topic-3c120448_e07a_4813_be06_5c08758fe9a5-1, groupId=Consumer-topic-3c120448_e07a_4813_be06_5c08758fe9a5] (Re-)joining group
2025-07-31 17:04:51,030 INFO  [org.apa.kaf.cli.con.int.ConsumerCoordinator] (Thread-597) [Consumer clientId=consumer-Consumer-topic-3c120448_e07a_4813_be06_5c08758fe9a5-1, groupId=Consumer-topic-3c120448_e07a_4813_be06_5c08758fe9a5] Successfully joined group with generation Generation{generationId=1, memberId='consumer-Consumer-topic-3c120448_e07a_4813_be06_5c08758fe9a5-1-12a4b9d1-46b8-4cc4-8755-d46e545901c7', protocol='range'}
2025-07-31 17:04:51,045 INFO  [org.apa.kaf.cli.con.int.ConsumerCoordinator] (Thread-597) [Consumer clientId=consumer-Consumer-topic-3c120448_e07a_4813_be06_5c08758fe9a5-1, groupId=Consumer-topic-3c120448_e07a_4813_be06_5c08758fe9a5] Finished assignment for group at generation 1: {consumer-Consumer-topic-3c120448_e07a_4813_be06_5c08758fe9a5-1-12a4b9d1-46b8-4cc4-8755-d46e545901c7=Assignment(partitions=[topic-3c120448_e07a_4813_be06_5c08758fe9a5-0])}
2025-07-31 17:04:51,092 INFO  [org.apa.kaf.cli.con.int.ConsumerCoordinator] (Thread-597) [Consumer clientId=consumer-Consumer-topic-3c120448_e07a_4813_be06_5c08758fe9a5-1, groupId=Consumer-topic-3c120448_e07a_4813_be06_5c08758fe9a5] Successfully synced group in generation Generation{generationId=1, memberId='consumer-Consumer-topic-3c120448_e07a_4813_be06_5c08758fe9a5-1-12a4b9d1-46b8-4cc4-8755-d46e545901c7', protocol='range'}
2025-07-31 17:04:51,095 INFO  [org.apa.kaf.cli.con.int.ConsumerCoordinator] (Thread-597) [Consumer clientId=consumer-Consumer-topic-3c120448_e07a_4813_be06_5c08758fe9a5-1, groupId=Consumer-topic-3c120448_e07a_4813_be06_5c08758fe9a5] Notifying assignor about the new Assignment(partitions=[topic-3c120448_e07a_4813_be06_5c08758fe9a5-0])
2025-07-31 17:04:51,101 INFO  [org.apa.kaf.cli.con.int.ConsumerRebalanceListenerInvoker] (Thread-597) [Consumer clientId=consumer-Consumer-topic-3c120448_e07a_4813_be06_5c08758fe9a5-1, groupId=Consumer-topic-3c120448_e07a_4813_be06_5c08758fe9a5] Adding newly assigned partitions: topic-3c120448_e07a_4813_be06_5c08758fe9a5-0
2025-07-31 17:04:51,120 INFO  [org.apa.kaf.cli.con.int.ConsumerCoordinator] (Thread-597) [Consumer clientId=consumer-Consumer-topic-3c120448_e07a_4813_be06_5c08758fe9a5-1, groupId=Consumer-topic-3c120448_e07a_4813_be06_5c08758fe9a5] Found no committed offset for partition topic-3c120448_e07a_4813_be06_5c08758fe9a5-0
2025-07-31 17:04:51,133 INFO  [org.apa.kaf.cli.con.int.SubscriptionState] (Thread-597) [Consumer clientId=consumer-Consumer-topic-3c120448_e07a_4813_be06_5c08758fe9a5-1, groupId=Consumer-topic-3c120448_e07a_4813_be06_5c08758fe9a5] Resetting offset for partition topic-3c120448_e07a_4813_be06_5c08758fe9a5-0 to position FetchPosition{offset=0, offsetEpoch=Optional.empty, currentLeader=LeaderAndEpoch{leader=Optional[localhost:32770 (id: 0 rack: null)], epoch=0}}.
2025-07-31 17:04:51,249 INFO  [io.api.tes.ser.api.KafkaSerdesTester] (Thread-597) topic-3c120448_e07a_4813_be06_5c08758fe9a5 0 0 {"key11753981488826": "value-0"}
2025-07-31 17:04:51,249 INFO  [io.api.tes.ser.api.KafkaSerdesTester] (Thread-597) topic-3c120448_e07a_4813_be06_5c08758fe9a5 0 1 {"key11753981488826": "value-1"}
2025-07-31 17:04:51,249 INFO  [io.api.tes.ser.api.KafkaSerdesTester] (Thread-597) topic-3c120448_e07a_4813_be06_5c08758fe9a5 0 2 {"key11753981488826": "value-2"}
2025-07-31 17:04:51,249 INFO  [io.api.tes.ser.api.KafkaSerdesTester] (Thread-597) topic-3c120448_e07a_4813_be06_5c08758fe9a5 0 3 {"key11753981488826": "value-3"}
2025-07-31 17:04:51,249 INFO  [io.api.tes.ser.api.KafkaSerdesTester] (Thread-597) topic-3c120448_e07a_4813_be06_5c08758fe9a5 0 4 {"key11753981488826": "value-4"}
2025-07-31 17:04:51,253 INFO  [io.api.tes.ser.api.KafkaSerdesTester] (Thread-597) topic-3c120448_e07a_4813_be06_5c08758fe9a5 0 5 {"key11753981488826": "value-5"}
2025-07-31 17:04:51,254 INFO  [io.api.tes.ser.api.KafkaSerdesTester] (Thread-597) topic-3c120448_e07a_4813_be06_5c08758fe9a5 0 6 {"key11753981488826": "value-6"}
2025-07-31 17:04:51,254 INFO  [io.api.tes.ser.api.KafkaSerdesTester] (Thread-597) topic-3c120448_e07a_4813_be06_5c08758fe9a5 0 7 {"key11753981488826": "value-7"}
2025-07-31 17:04:51,254 INFO  [io.api.tes.ser.api.KafkaSerdesTester] (Thread-597) topic-3c120448_e07a_4813_be06_5c08758fe9a5 0 8 {"key11753981488826": "value-8"}
2025-07-31 17:04:51,254 INFO  [io.api.tes.ser.api.KafkaSerdesTester] (Thread-597) topic-3c120448_e07a_4813_be06_5c08758fe9a5 0 9 {"key11753981488826": "value-9"}
2025-07-31 17:04:51,254 INFO  [io.api.tes.ser.api.KafkaSerdesTester] (Thread-597) Consumed 10 messages
2025-07-31 17:04:51,292 INFO  [org.apa.kaf.cli.con.int.ConsumerRebalanceListenerInvoker] (Thread-597) [Consumer clientId=consumer-Consumer-topic-3c120448_e07a_4813_be06_5c08758fe9a5-1, groupId=Consumer-topic-3c120448_e07a_4813_be06_5c08758fe9a5] Revoke previously assigned partitions topic-3c120448_e07a_4813_be06_5c08758fe9a5-0
2025-07-31 17:04:51,293 INFO  [org.apa.kaf.cli.con.int.ConsumerCoordinator] (Thread-597) [Consumer clientId=consumer-Consumer-topic-3c120448_e07a_4813_be06_5c08758fe9a5-1, groupId=Consumer-topic-3c120448_e07a_4813_be06_5c08758fe9a5] Member consumer-Consumer-topic-3c120448_e07a_4813_be06_5c08758fe9a5-1-12a4b9d1-46b8-4cc4-8755-d46e545901c7 sending LeaveGroup request to coordinator localhost:32770 (id: 2147483647 rack: null) due to the consumer is being closed
2025-07-31 17:04:51,296 INFO  [org.apa.kaf.cli.con.int.ConsumerCoordinator] (Thread-597) [Consumer clientId=consumer-Consumer-topic-3c120448_e07a_4813_be06_5c08758fe9a5-1, groupId=Consumer-topic-3c120448_e07a_4813_be06_5c08758fe9a5] Resetting generation and member id due to: consumer pro-actively leaving the group
2025-07-31 17:04:51,296 INFO  [org.apa.kaf.cli.con.int.ConsumerCoordinator] (Thread-597) [Consumer clientId=consumer-Consumer-topic-3c120448_e07a_4813_be06_5c08758fe9a5-1, groupId=Consumer-topic-3c120448_e07a_4813_be06_5c08758fe9a5] Request joining group due to: consumer pro-actively leaving the group
2025-07-31 17:04:51,775 INFO  [org.apa.kaf.com.met.Metrics] (Thread-597) Metrics scheduler closed
2025-07-31 17:04:51,775 INFO  [org.apa.kaf.com.met.Metrics] (Thread-597) Closing reporter org.apache.kafka.common.metrics.JmxReporter
2025-07-31 17:04:51,775 INFO  [org.apa.kaf.com.met.Metrics] (Thread-597) Closing reporter org.apache.kafka.common.telemetry.internals.ClientTelemetryReporter
2025-07-31 17:04:51,775 INFO  [org.apa.kaf.com.met.Metrics] (Thread-597) Metrics reporters closed
2025-07-31 17:04:51,783 INFO  [org.apa.kaf.com.uti.AppInfoParser] (Thread-597) App info kafka.consumer for consumer-Consumer-topic-3c120448_e07a_4813_be06_5c08758fe9a5-1 unregistered
2025-07-31 17:04:51,785 INFO  [io.api.tes.uti.TestSeparator] (main) io.apicurio.tests.serdes.apicurio.AvroSerdeIT.testGlobalIdInHeaders-FINISHED
2025-07-31 17:04:51,785 INFO  [io.api.tes.uti.TestSeparator] (main) ############################################################################
Test passed: testGlobalIdInHeaders
]]></system-out>
  </testcase>
  <testcase name="testSimpleTopicIdStrategyFindLatest" classname="io.apicurio.tests.serdes.apicurio.AvroSerdeIT" time="1.869">
    <system-out><![CDATA[2025-07-31 17:04:51,789 INFO  [io.api.tes.uti.TestSeparator] (main) ############################################################################
2025-07-31 17:04:51,789 INFO  [io.api.tes.uti.TestSeparator] (main) io.apicurio.tests.serdes.apicurio.AvroSerdeIT.testSimpleTopicIdStrategyFindLatest-STARTED
2025-07-31 17:04:51,790 INFO  [io.api.tes.ser.api.AvroSerdeIT] (main) Registering Avro Schema: {"type":"record","name":"myrecordapicurio1","fields":[{"name":"key11753981491789","type":"string"}]}
**** Registry Base URL: http://registry-app-kafkasql.apps.ci419.apicurio-testing.org:80
2025-07-31 17:04:52,878 INFO  [org.apa.kaf.cli.pro.ProducerConfig] (main) ProducerConfig values: 
	acks = -1
	auto.include.jmx.reporter = true
	batch.size = 16384
	bootstrap.servers = [PLAINTEXT://localhost:32770]
	buffer.memory = 33554432
	client.dns.lookup = use_all_dns_ips
	client.id = Producer-topic-79f223ca_8448_4b24_a09d_92937d06443c
	compression.gzip.level = -1
	compression.lz4.level = 9
	compression.type = none
	compression.zstd.level = 3
	connections.max.idle.ms = 10000
	delivery.timeout.ms = 120000
	enable.idempotence = true
	enable.metrics.push = true
	interceptor.classes = []
	key.serializer = class org.apache.kafka.common.serialization.StringSerializer
	linger.ms = 0
	max.block.ms = 60000
	max.in.flight.requests.per.connection = 5
	max.request.size = 1048576
	metadata.max.age.ms = 300000
	metadata.max.idle.ms = 300000
	metadata.recovery.strategy = none
	metric.reporters = []
	metrics.num.samples = 2
	metrics.recording.level = INFO
	metrics.sample.window.ms = 30000
	partitioner.adaptive.partitioning.enable = true
	partitioner.availability.timeout.ms = 0
	partitioner.class = null
	partitioner.ignore.keys = false
	receive.buffer.bytes = 32768
	reconnect.backoff.max.ms = 1000
	reconnect.backoff.ms = 50
	request.timeout.ms = 5000
	retries = 2147483647
	retry.backoff.max.ms = 1000
	retry.backoff.ms = 100
	sasl.client.callback.handler.class = null
	sasl.jaas.config = null
	sasl.kerberos.kinit.cmd = /usr/bin/kinit
	sasl.kerberos.min.time.before.relogin = 60000
	sasl.kerberos.service.name = null
	sasl.kerberos.ticket.renew.jitter = 0.05
	sasl.kerberos.ticket.renew.window.factor = 0.8
	sasl.login.callback.handler.class = null
	sasl.login.class = null
	sasl.login.connect.timeout.ms = null
	sasl.login.read.timeout.ms = null
	sasl.login.refresh.buffer.seconds = 300
	sasl.login.refresh.min.period.seconds = 60
	sasl.login.refresh.window.factor = 0.8
	sasl.login.refresh.window.jitter = 0.05
	sasl.login.retry.backoff.max.ms = 10000
	sasl.login.retry.backoff.ms = 100
	sasl.mechanism = GSSAPI
	sasl.oauthbearer.clock.skew.seconds = 30
	sasl.oauthbearer.expected.audience = null
	sasl.oauthbearer.expected.issuer = null
	sasl.oauthbearer.header.urlencode = false
	sasl.oauthbearer.jwks.endpoint.refresh.ms = 3600000
	sasl.oauthbearer.jwks.endpoint.retry.backoff.max.ms = 10000
	sasl.oauthbearer.jwks.endpoint.retry.backoff.ms = 100
	sasl.oauthbearer.jwks.endpoint.url = null
	sasl.oauthbearer.scope.claim.name = scope
	sasl.oauthbearer.sub.claim.name = sub
	sasl.oauthbearer.token.endpoint.url = null
	security.protocol = PLAINTEXT
	security.providers = null
	send.buffer.bytes = 131072
	socket.connection.setup.timeout.max.ms = 30000
	socket.connection.setup.timeout.ms = 10000
	ssl.cipher.suites = null
	ssl.enabled.protocols = [TLSv1.2, TLSv1.3]
	ssl.endpoint.identification.algorithm = https
	ssl.engine.factory.class = null
	ssl.key.password = null
	ssl.keymanager.algorithm = SunX509
	ssl.keystore.certificate.chain = null
	ssl.keystore.key = null
	ssl.keystore.location = null
	ssl.keystore.password = null
	ssl.keystore.type = JKS
	ssl.protocol = TLSv1.3
	ssl.provider = null
	ssl.secure.random.implementation = null
	ssl.trustmanager.algorithm = PKIX
	ssl.truststore.certificates = null
	ssl.truststore.location = null
	ssl.truststore.password = null
	ssl.truststore.type = JKS
	transaction.timeout.ms = 60000
	transactional.id = null
	value.serializer = class io.apicurio.registry.serde.avro.AvroKafkaSerializer

2025-07-31 17:04:52,879 INFO  [org.apa.kaf.com.tel.int.KafkaMetricsCollector] (main) initializing Kafka metrics collector
2025-07-31 17:04:52,884 INFO  [org.apa.kaf.cli.pro.KafkaProducer] (main) [Producer clientId=Producer-topic-79f223ca_8448_4b24_a09d_92937d06443c] Instantiated an idempotent producer.
2025-07-31 17:04:52,894 INFO  [org.apa.kaf.cli.pro.ProducerConfig] (main) These configurations '[apicurio.registry.find-latest, apicurio.registry.artifact.group-id, apicurio.registry.url, apicurio.registry.artifact-resolver-strategy]' were supplied but are not used yet.
2025-07-31 17:04:52,894 INFO  [org.apa.kaf.com.uti.AppInfoParser] (main) Kafka version: 3.9.1
2025-07-31 17:04:52,894 INFO  [org.apa.kaf.com.uti.AppInfoParser] (main) Kafka commitId: f745dfdcee2b9851
2025-07-31 17:04:52,894 INFO  [org.apa.kaf.com.uti.AppInfoParser] (main) Kafka startTimeMs: 1753981492894
2025-07-31 17:04:52,894 INFO  [io.api.tes.ser.api.SimpleSerdesTesterBuilder$SimpleSerdesTester] (main) Using producer configuration: {apicurio.registry.find-latest=true, apicurio.registry.artifact.group-id=topic-79f223ca_8448_4b24_a09d_92937d06443c, apicurio.registry.url=http://registry-app-kafkasql.apps.ci419.apicurio-testing.org:80/apis/registry/v3, apicurio.registry.artifact-resolver-strategy=io.apicurio.registry.serde.strategy.SimpleTopicIdStrategy, value.serializer=io.apicurio.registry.serde.avro.AvroKafkaSerializer, request.timeout.ms=5000, acks=all, bootstrap.servers=PLAINTEXT://localhost:32770, connections.max.idle.ms=10000, key.serializer=org.apache.kafka.common.serialization.StringSerializer, client.id=Producer-topic-79f223ca_8448_4b24_a09d_92937d06443c}
2025-07-31 17:04:52,895 INFO  [io.api.tes.ser.api.SimpleSerdesTesterBuilder$SimpleSerdesTester] (main) Using consumer configuration: {}
2025-07-31 17:04:52,897 INFO  [io.api.tes.ser.api.KafkaSerdesTester] (Thread-600) Sending message {"key11753981491789": "value-0"} to topic topic-79f223ca_8448_4b24_a09d_92937d06443c
2025-07-31 17:04:52,905 INFO  [org.apa.kaf.cli.Metadata] (kafka-producer-network-thread | Producer-topic-79f223ca_8448_4b24_a09d_92937d06443c) [Producer clientId=Producer-topic-79f223ca_8448_4b24_a09d_92937d06443c] Cluster ID: WpqyxNU-RHKB_ermmfvksw
2025-07-31 17:04:52,908 INFO  [org.apa.kaf.cli.pro.int.TransactionManager] (kafka-producer-network-thread | Producer-topic-79f223ca_8448_4b24_a09d_92937d06443c) [Producer clientId=Producer-topic-79f223ca_8448_4b24_a09d_92937d06443c] ProducerId set to 1 with epoch 0
2025-07-31 17:04:52,969 INFO  [io.api.tes.ser.api.KafkaSerdesTester] (Thread-600) Sending message {"key11753981491789": "value-1"} to topic topic-79f223ca_8448_4b24_a09d_92937d06443c
2025-07-31 17:04:52,972 INFO  [io.api.tes.ser.api.KafkaSerdesTester] (Thread-600) Sending message {"key11753981491789": "value-2"} to topic topic-79f223ca_8448_4b24_a09d_92937d06443c
2025-07-31 17:04:52,974 INFO  [io.api.tes.ser.api.KafkaSerdesTester] (Thread-600) Sending message {"key11753981491789": "value-3"} to topic topic-79f223ca_8448_4b24_a09d_92937d06443c
2025-07-31 17:04:52,977 INFO  [io.api.tes.ser.api.KafkaSerdesTester] (Thread-600) Sending message {"key11753981491789": "value-4"} to topic topic-79f223ca_8448_4b24_a09d_92937d06443c
2025-07-31 17:04:52,984 INFO  [io.api.tes.ser.api.KafkaSerdesTester] (Thread-600) Sending message {"key11753981491789": "value-5"} to topic topic-79f223ca_8448_4b24_a09d_92937d06443c
2025-07-31 17:04:52,988 INFO  [io.api.tes.ser.api.KafkaSerdesTester] (Thread-600) Sending message {"key11753981491789": "value-6"} to topic topic-79f223ca_8448_4b24_a09d_92937d06443c
2025-07-31 17:04:52,992 INFO  [io.api.tes.ser.api.KafkaSerdesTester] (Thread-600) Sending message {"key11753981491789": "value-7"} to topic topic-79f223ca_8448_4b24_a09d_92937d06443c
2025-07-31 17:04:52,994 INFO  [io.api.tes.ser.api.KafkaSerdesTester] (Thread-600) Sending message {"key11753981491789": "value-8"} to topic topic-79f223ca_8448_4b24_a09d_92937d06443c
2025-07-31 17:04:52,997 INFO  [io.api.tes.ser.api.KafkaSerdesTester] (Thread-600) Sending message {"key11753981491789": "value-9"} to topic topic-79f223ca_8448_4b24_a09d_92937d06443c
2025-07-31 17:04:52,999 INFO  [io.api.tes.ser.api.KafkaSerdesTester] (Thread-600) Produced 10 messages
2025-07-31 17:04:52,999 INFO  [org.apa.kaf.cli.pro.KafkaProducer] (Thread-600) [Producer clientId=Producer-topic-79f223ca_8448_4b24_a09d_92937d06443c] Closing the Kafka producer with timeoutMillis = 9223372036854775807 ms.
2025-07-31 17:04:53,005 INFO  [org.apa.kaf.com.met.Metrics] (Thread-600) Metrics scheduler closed
2025-07-31 17:04:53,005 INFO  [org.apa.kaf.com.met.Metrics] (Thread-600) Closing reporter org.apache.kafka.common.metrics.JmxReporter
2025-07-31 17:04:53,005 INFO  [org.apa.kaf.com.met.Metrics] (Thread-600) Closing reporter org.apache.kafka.common.telemetry.internals.ClientTelemetryReporter
2025-07-31 17:04:53,005 INFO  [org.apa.kaf.com.met.Metrics] (Thread-600) Metrics reporters closed
2025-07-31 17:04:53,005 INFO  [org.apa.kaf.com.uti.AppInfoParser] (Thread-600) App info kafka.producer for Producer-topic-79f223ca_8448_4b24_a09d_92937d06443c unregistered
**** Registry Base URL: http://registry-app-kafkasql.apps.ci419.apicurio-testing.org:80
2025-07-31 17:04:53,006 INFO  [org.apa.kaf.cli.con.ConsumerConfig] (main) ConsumerConfig values: 
	allow.auto.create.topics = true
	auto.commit.interval.ms = 500
	auto.include.jmx.reporter = true
	auto.offset.reset = earliest
	bootstrap.servers = [PLAINTEXT://localhost:32770]
	check.crcs = true
	client.dns.lookup = use_all_dns_ips
	client.id = consumer-Consumer-topic-79f223ca_8448_4b24_a09d_92937d06443c-2
	client.rack = 
	connections.max.idle.ms = 10000
	default.api.timeout.ms = 60000
	enable.auto.commit = true
	enable.metrics.push = true
	exclude.internal.topics = true
	fetch.max.bytes = 52428800
	fetch.max.wait.ms = 500
	fetch.min.bytes = 1
	group.id = Consumer-topic-79f223ca_8448_4b24_a09d_92937d06443c
	group.instance.id = null
	group.protocol = classic
	group.remote.assignor = null
	heartbeat.interval.ms = 3000
	interceptor.classes = []
	internal.leave.group.on.close = true
	internal.throw.on.fetch.stable.offset.unsupported = false
	isolation.level = read_uncommitted
	key.deserializer = class org.apache.kafka.common.serialization.StringDeserializer
	max.partition.fetch.bytes = 1048576
	max.poll.interval.ms = 300000
	max.poll.records = 500
	metadata.max.age.ms = 300000
	metadata.recovery.strategy = none
	metric.reporters = []
	metrics.num.samples = 2
	metrics.recording.level = INFO
	metrics.sample.window.ms = 30000
	partition.assignment.strategy = [class org.apache.kafka.clients.consumer.RangeAssignor, class org.apache.kafka.clients.consumer.CooperativeStickyAssignor]
	receive.buffer.bytes = 65536
	reconnect.backoff.max.ms = 1000
	reconnect.backoff.ms = 50
	request.timeout.ms = 5000
	retry.backoff.max.ms = 1000
	retry.backoff.ms = 100
	sasl.client.callback.handler.class = null
	sasl.jaas.config = null
	sasl.kerberos.kinit.cmd = /usr/bin/kinit
	sasl.kerberos.min.time.before.relogin = 60000
	sasl.kerberos.service.name = null
	sasl.kerberos.ticket.renew.jitter = 0.05
	sasl.kerberos.ticket.renew.window.factor = 0.8
	sasl.login.callback.handler.class = null
	sasl.login.class = null
	sasl.login.connect.timeout.ms = null
	sasl.login.read.timeout.ms = null
	sasl.login.refresh.buffer.seconds = 300
	sasl.login.refresh.min.period.seconds = 60
	sasl.login.refresh.window.factor = 0.8
	sasl.login.refresh.window.jitter = 0.05
	sasl.login.retry.backoff.max.ms = 10000
	sasl.login.retry.backoff.ms = 100
	sasl.mechanism = GSSAPI
	sasl.oauthbearer.clock.skew.seconds = 30
	sasl.oauthbearer.expected.audience = null
	sasl.oauthbearer.expected.issuer = null
	sasl.oauthbearer.header.urlencode = false
	sasl.oauthbearer.jwks.endpoint.refresh.ms = 3600000
	sasl.oauthbearer.jwks.endpoint.retry.backoff.max.ms = 10000
	sasl.oauthbearer.jwks.endpoint.retry.backoff.ms = 100
	sasl.oauthbearer.jwks.endpoint.url = null
	sasl.oauthbearer.scope.claim.name = scope
	sasl.oauthbearer.sub.claim.name = sub
	sasl.oauthbearer.token.endpoint.url = null
	security.protocol = PLAINTEXT
	security.providers = null
	send.buffer.bytes = 131072
	session.timeout.ms = 45000
	socket.connection.setup.timeout.max.ms = 30000
	socket.connection.setup.timeout.ms = 10000
	ssl.cipher.suites = null
	ssl.enabled.protocols = [TLSv1.2, TLSv1.3]
	ssl.endpoint.identification.algorithm = https
	ssl.engine.factory.class = null
	ssl.key.password = null
	ssl.keymanager.algorithm = SunX509
	ssl.keystore.certificate.chain = null
	ssl.keystore.key = null
	ssl.keystore.location = null
	ssl.keystore.password = null
	ssl.keystore.type = JKS
	ssl.protocol = TLSv1.3
	ssl.provider = null
	ssl.secure.random.implementation = null
	ssl.trustmanager.algorithm = PKIX
	ssl.truststore.certificates = null
	ssl.truststore.location = null
	ssl.truststore.password = null
	ssl.truststore.type = JKS
	value.deserializer = class io.apicurio.registry.serde.avro.AvroKafkaDeserializer

2025-07-31 17:04:53,007 INFO  [org.apa.kaf.com.tel.int.KafkaMetricsCollector] (main) initializing Kafka metrics collector
2025-07-31 17:04:53,027 INFO  [org.apa.kaf.cli.con.ConsumerConfig] (main) These configurations '[apicurio.registry.url]' were supplied but are not used yet.
2025-07-31 17:04:53,027 INFO  [org.apa.kaf.com.uti.AppInfoParser] (main) Kafka version: 3.9.1
2025-07-31 17:04:53,027 INFO  [org.apa.kaf.com.uti.AppInfoParser] (main) Kafka commitId: f745dfdcee2b9851
2025-07-31 17:04:53,027 INFO  [org.apa.kaf.com.uti.AppInfoParser] (main) Kafka startTimeMs: 1753981493027
2025-07-31 17:04:53,030 INFO  [org.apa.kaf.cli.con.int.ClassicKafkaConsumer] (Thread-603) [Consumer clientId=consumer-Consumer-topic-79f223ca_8448_4b24_a09d_92937d06443c-2, groupId=Consumer-topic-79f223ca_8448_4b24_a09d_92937d06443c] Subscribed to topic(s): topic-79f223ca_8448_4b24_a09d_92937d06443c
2025-07-31 17:04:53,043 INFO  [org.apa.kaf.cli.Metadata] (Thread-603) [Consumer clientId=consumer-Consumer-topic-79f223ca_8448_4b24_a09d_92937d06443c-2, groupId=Consumer-topic-79f223ca_8448_4b24_a09d_92937d06443c] Cluster ID: WpqyxNU-RHKB_ermmfvksw
2025-07-31 17:04:53,043 INFO  [org.apa.kaf.cli.con.int.ConsumerCoordinator] (Thread-603) [Consumer clientId=consumer-Consumer-topic-79f223ca_8448_4b24_a09d_92937d06443c-2, groupId=Consumer-topic-79f223ca_8448_4b24_a09d_92937d06443c] Discovered group coordinator localhost:32770 (id: 2147483647 rack: null)
2025-07-31 17:04:53,045 INFO  [org.apa.kaf.cli.con.int.ConsumerCoordinator] (Thread-603) [Consumer clientId=consumer-Consumer-topic-79f223ca_8448_4b24_a09d_92937d06443c-2, groupId=Consumer-topic-79f223ca_8448_4b24_a09d_92937d06443c] (Re-)joining group
2025-07-31 17:04:53,058 INFO  [org.apa.kaf.cli.con.int.ConsumerCoordinator] (Thread-603) [Consumer clientId=consumer-Consumer-topic-79f223ca_8448_4b24_a09d_92937d06443c-2, groupId=Consumer-topic-79f223ca_8448_4b24_a09d_92937d06443c] Request joining group due to: need to re-join with the given member-id: consumer-Consumer-topic-79f223ca_8448_4b24_a09d_92937d06443c-2-7ba3f0f2-fc8b-4cdb-b3e2-d11a465c12aa
2025-07-31 17:04:53,058 INFO  [org.apa.kaf.cli.con.int.ConsumerCoordinator] (Thread-603) [Consumer clientId=consumer-Consumer-topic-79f223ca_8448_4b24_a09d_92937d06443c-2, groupId=Consumer-topic-79f223ca_8448_4b24_a09d_92937d06443c] (Re-)joining group
2025-07-31 17:04:53,067 INFO  [org.apa.kaf.cli.con.int.ConsumerCoordinator] (Thread-603) [Consumer clientId=consumer-Consumer-topic-79f223ca_8448_4b24_a09d_92937d06443c-2, groupId=Consumer-topic-79f223ca_8448_4b24_a09d_92937d06443c] Successfully joined group with generation Generation{generationId=1, memberId='consumer-Consumer-topic-79f223ca_8448_4b24_a09d_92937d06443c-2-7ba3f0f2-fc8b-4cdb-b3e2-d11a465c12aa', protocol='range'}
2025-07-31 17:04:53,068 INFO  [org.apa.kaf.cli.con.int.ConsumerCoordinator] (Thread-603) [Consumer clientId=consumer-Consumer-topic-79f223ca_8448_4b24_a09d_92937d06443c-2, groupId=Consumer-topic-79f223ca_8448_4b24_a09d_92937d06443c] Finished assignment for group at generation 1: {consumer-Consumer-topic-79f223ca_8448_4b24_a09d_92937d06443c-2-7ba3f0f2-fc8b-4cdb-b3e2-d11a465c12aa=Assignment(partitions=[topic-79f223ca_8448_4b24_a09d_92937d06443c-0])}
2025-07-31 17:04:53,075 INFO  [org.apa.kaf.cli.con.int.ConsumerCoordinator] (Thread-603) [Consumer clientId=consumer-Consumer-topic-79f223ca_8448_4b24_a09d_92937d06443c-2, groupId=Consumer-topic-79f223ca_8448_4b24_a09d_92937d06443c] Successfully synced group in generation Generation{generationId=1, memberId='consumer-Consumer-topic-79f223ca_8448_4b24_a09d_92937d06443c-2-7ba3f0f2-fc8b-4cdb-b3e2-d11a465c12aa', protocol='range'}
2025-07-31 17:04:53,075 INFO  [org.apa.kaf.cli.con.int.ConsumerCoordinator] (Thread-603) [Consumer clientId=consumer-Consumer-topic-79f223ca_8448_4b24_a09d_92937d06443c-2, groupId=Consumer-topic-79f223ca_8448_4b24_a09d_92937d06443c] Notifying assignor about the new Assignment(partitions=[topic-79f223ca_8448_4b24_a09d_92937d06443c-0])
2025-07-31 17:04:53,075 INFO  [org.apa.kaf.cli.con.int.ConsumerRebalanceListenerInvoker] (Thread-603) [Consumer clientId=consumer-Consumer-topic-79f223ca_8448_4b24_a09d_92937d06443c-2, groupId=Consumer-topic-79f223ca_8448_4b24_a09d_92937d06443c] Adding newly assigned partitions: topic-79f223ca_8448_4b24_a09d_92937d06443c-0
2025-07-31 17:04:53,077 INFO  [org.apa.kaf.cli.con.int.ConsumerCoordinator] (Thread-603) [Consumer clientId=consumer-Consumer-topic-79f223ca_8448_4b24_a09d_92937d06443c-2, groupId=Consumer-topic-79f223ca_8448_4b24_a09d_92937d06443c] Found no committed offset for partition topic-79f223ca_8448_4b24_a09d_92937d06443c-0
2025-07-31 17:04:53,085 INFO  [org.apa.kaf.cli.con.int.SubscriptionState] (Thread-603) [Consumer clientId=consumer-Consumer-topic-79f223ca_8448_4b24_a09d_92937d06443c-2, groupId=Consumer-topic-79f223ca_8448_4b24_a09d_92937d06443c] Resetting offset for partition topic-79f223ca_8448_4b24_a09d_92937d06443c-0 to position FetchPosition{offset=0, offsetEpoch=Optional.empty, currentLeader=LeaderAndEpoch{leader=Optional[localhost:32770 (id: 0 rack: null)], epoch=0}}.
2025-07-31 17:04:53,146 INFO  [io.api.tes.ser.api.KafkaSerdesTester] (Thread-603) topic-79f223ca_8448_4b24_a09d_92937d06443c 0 0 {"key11753981491789": "value-0"}
2025-07-31 17:04:53,146 INFO  [io.api.tes.ser.api.KafkaSerdesTester] (Thread-603) topic-79f223ca_8448_4b24_a09d_92937d06443c 0 1 {"key11753981491789": "value-1"}
2025-07-31 17:04:53,146 INFO  [io.api.tes.ser.api.KafkaSerdesTester] (Thread-603) topic-79f223ca_8448_4b24_a09d_92937d06443c 0 2 {"key11753981491789": "value-2"}
2025-07-31 17:04:53,147 INFO  [io.api.tes.ser.api.KafkaSerdesTester] (Thread-603) topic-79f223ca_8448_4b24_a09d_92937d06443c 0 3 {"key11753981491789": "value-3"}
2025-07-31 17:04:53,148 INFO  [io.api.tes.ser.api.KafkaSerdesTester] (Thread-603) topic-79f223ca_8448_4b24_a09d_92937d06443c 0 4 {"key11753981491789": "value-4"}
2025-07-31 17:04:53,148 INFO  [io.api.tes.ser.api.KafkaSerdesTester] (Thread-603) topic-79f223ca_8448_4b24_a09d_92937d06443c 0 5 {"key11753981491789": "value-5"}
2025-07-31 17:04:53,148 INFO  [io.api.tes.ser.api.KafkaSerdesTester] (Thread-603) topic-79f223ca_8448_4b24_a09d_92937d06443c 0 6 {"key11753981491789": "value-6"}
2025-07-31 17:04:53,148 INFO  [io.api.tes.ser.api.KafkaSerdesTester] (Thread-603) topic-79f223ca_8448_4b24_a09d_92937d06443c 0 7 {"key11753981491789": "value-7"}
2025-07-31 17:04:53,148 INFO  [io.api.tes.ser.api.KafkaSerdesTester] (Thread-603) topic-79f223ca_8448_4b24_a09d_92937d06443c 0 8 {"key11753981491789": "value-8"}
2025-07-31 17:04:53,148 INFO  [io.api.tes.ser.api.KafkaSerdesTester] (Thread-603) topic-79f223ca_8448_4b24_a09d_92937d06443c 0 9 {"key11753981491789": "value-9"}
2025-07-31 17:04:53,148 INFO  [io.api.tes.ser.api.KafkaSerdesTester] (Thread-603) Consumed 10 messages
2025-07-31 17:04:53,152 INFO  [org.apa.kaf.cli.con.int.ConsumerRebalanceListenerInvoker] (Thread-603) [Consumer clientId=consumer-Consumer-topic-79f223ca_8448_4b24_a09d_92937d06443c-2, groupId=Consumer-topic-79f223ca_8448_4b24_a09d_92937d06443c] Revoke previously assigned partitions topic-79f223ca_8448_4b24_a09d_92937d06443c-0
2025-07-31 17:04:53,152 INFO  [org.apa.kaf.cli.con.int.ConsumerCoordinator] (Thread-603) [Consumer clientId=consumer-Consumer-topic-79f223ca_8448_4b24_a09d_92937d06443c-2, groupId=Consumer-topic-79f223ca_8448_4b24_a09d_92937d06443c] Member consumer-Consumer-topic-79f223ca_8448_4b24_a09d_92937d06443c-2-7ba3f0f2-fc8b-4cdb-b3e2-d11a465c12aa sending LeaveGroup request to coordinator localhost:32770 (id: 2147483647 rack: null) due to the consumer is being closed
2025-07-31 17:04:53,154 INFO  [org.apa.kaf.cli.con.int.ConsumerCoordinator] (Thread-603) [Consumer clientId=consumer-Consumer-topic-79f223ca_8448_4b24_a09d_92937d06443c-2, groupId=Consumer-topic-79f223ca_8448_4b24_a09d_92937d06443c] Resetting generation and member id due to: consumer pro-actively leaving the group
2025-07-31 17:04:53,154 INFO  [org.apa.kaf.cli.con.int.ConsumerCoordinator] (Thread-603) [Consumer clientId=consumer-Consumer-topic-79f223ca_8448_4b24_a09d_92937d06443c-2, groupId=Consumer-topic-79f223ca_8448_4b24_a09d_92937d06443c] Request joining group due to: consumer pro-actively leaving the group
2025-07-31 17:04:53,650 INFO  [org.apa.kaf.com.met.Metrics] (Thread-603) Metrics scheduler closed
2025-07-31 17:04:53,650 INFO  [org.apa.kaf.com.met.Metrics] (Thread-603) Closing reporter org.apache.kafka.common.metrics.JmxReporter
2025-07-31 17:04:53,650 INFO  [org.apa.kaf.com.met.Metrics] (Thread-603) Closing reporter org.apache.kafka.common.telemetry.internals.ClientTelemetryReporter
2025-07-31 17:04:53,650 INFO  [org.apa.kaf.com.met.Metrics] (Thread-603) Metrics reporters closed
2025-07-31 17:04:53,654 INFO  [org.apa.kaf.com.uti.AppInfoParser] (Thread-603) App info kafka.consumer for consumer-Consumer-topic-79f223ca_8448_4b24_a09d_92937d06443c-2 unregistered
2025-07-31 17:04:53,655 INFO  [io.api.tes.uti.TestSeparator] (main) io.apicurio.tests.serdes.apicurio.AvroSerdeIT.testSimpleTopicIdStrategyFindLatest-FINISHED
2025-07-31 17:04:53,655 INFO  [io.api.tes.uti.TestSeparator] (main) ############################################################################
Test passed: testSimpleTopicIdStrategyFindLatest
]]></system-out>
  </testcase>
  <testcase name="testWrongSchema" classname="io.apicurio.tests.serdes.apicurio.AvroSerdeIT" time="1.212">
    <system-out><![CDATA[2025-07-31 17:04:53,656 INFO  [io.api.tes.uti.TestSeparator] (main) ############################################################################
2025-07-31 17:04:53,656 INFO  [io.api.tes.uti.TestSeparator] (main) io.apicurio.tests.serdes.apicurio.AvroSerdeIT.testWrongSchema-STARTED
**** Registry Base URL: http://registry-app-kafkasql.apps.ci419.apicurio-testing.org:80
2025-07-31 17:04:54,744 INFO  [org.apa.kaf.cli.pro.ProducerConfig] (main) ProducerConfig values: 
	acks = -1
	auto.include.jmx.reporter = true
	batch.size = 16384
	bootstrap.servers = [PLAINTEXT://localhost:32770]
	buffer.memory = 33554432
	client.dns.lookup = use_all_dns_ips
	client.id = Producer-s252f37b6xbb89x4e5exa340x09e421bf44ff
	compression.gzip.level = -1
	compression.lz4.level = 9
	compression.type = none
	compression.zstd.level = 3
	connections.max.idle.ms = 10000
	delivery.timeout.ms = 120000
	enable.idempotence = true
	enable.metrics.push = true
	interceptor.classes = []
	key.serializer = class org.apache.kafka.common.serialization.StringSerializer
	linger.ms = 0
	max.block.ms = 60000
	max.in.flight.requests.per.connection = 5
	max.request.size = 1048576
	metadata.max.age.ms = 300000
	metadata.max.idle.ms = 300000
	metadata.recovery.strategy = none
	metric.reporters = []
	metrics.num.samples = 2
	metrics.recording.level = INFO
	metrics.sample.window.ms = 30000
	partitioner.adaptive.partitioning.enable = true
	partitioner.availability.timeout.ms = 0
	partitioner.class = null
	partitioner.ignore.keys = false
	receive.buffer.bytes = 32768
	reconnect.backoff.max.ms = 1000
	reconnect.backoff.ms = 50
	request.timeout.ms = 5000
	retries = 2147483647
	retry.backoff.max.ms = 1000
	retry.backoff.ms = 100
	sasl.client.callback.handler.class = null
	sasl.jaas.config = null
	sasl.kerberos.kinit.cmd = /usr/bin/kinit
	sasl.kerberos.min.time.before.relogin = 60000
	sasl.kerberos.service.name = null
	sasl.kerberos.ticket.renew.jitter = 0.05
	sasl.kerberos.ticket.renew.window.factor = 0.8
	sasl.login.callback.handler.class = null
	sasl.login.class = null
	sasl.login.connect.timeout.ms = null
	sasl.login.read.timeout.ms = null
	sasl.login.refresh.buffer.seconds = 300
	sasl.login.refresh.min.period.seconds = 60
	sasl.login.refresh.window.factor = 0.8
	sasl.login.refresh.window.jitter = 0.05
	sasl.login.retry.backoff.max.ms = 10000
	sasl.login.retry.backoff.ms = 100
	sasl.mechanism = GSSAPI
	sasl.oauthbearer.clock.skew.seconds = 30
	sasl.oauthbearer.expected.audience = null
	sasl.oauthbearer.expected.issuer = null
	sasl.oauthbearer.header.urlencode = false
	sasl.oauthbearer.jwks.endpoint.refresh.ms = 3600000
	sasl.oauthbearer.jwks.endpoint.retry.backoff.max.ms = 10000
	sasl.oauthbearer.jwks.endpoint.retry.backoff.ms = 100
	sasl.oauthbearer.jwks.endpoint.url = null
	sasl.oauthbearer.scope.claim.name = scope
	sasl.oauthbearer.sub.claim.name = sub
	sasl.oauthbearer.token.endpoint.url = null
	security.protocol = PLAINTEXT
	security.providers = null
	send.buffer.bytes = 131072
	socket.connection.setup.timeout.max.ms = 30000
	socket.connection.setup.timeout.ms = 10000
	ssl.cipher.suites = null
	ssl.enabled.protocols = [TLSv1.2, TLSv1.3]
	ssl.endpoint.identification.algorithm = https
	ssl.engine.factory.class = null
	ssl.key.password = null
	ssl.keymanager.algorithm = SunX509
	ssl.keystore.certificate.chain = null
	ssl.keystore.key = null
	ssl.keystore.location = null
	ssl.keystore.password = null
	ssl.keystore.type = JKS
	ssl.protocol = TLSv1.3
	ssl.provider = null
	ssl.secure.random.implementation = null
	ssl.trustmanager.algorithm = PKIX
	ssl.truststore.certificates = null
	ssl.truststore.location = null
	ssl.truststore.password = null
	ssl.truststore.type = JKS
	transaction.timeout.ms = 60000
	transactional.id = null
	value.serializer = class io.apicurio.registry.serde.avro.AvroKafkaSerializer

2025-07-31 17:04:54,745 INFO  [org.apa.kaf.com.tel.int.KafkaMetricsCollector] (main) initializing Kafka metrics collector
2025-07-31 17:04:54,766 INFO  [org.apa.kaf.cli.pro.KafkaProducer] (main) [Producer clientId=Producer-s252f37b6xbb89x4e5exa340x09e421bf44ff] Instantiated an idempotent producer.
2025-07-31 17:04:54,776 INFO  [org.apa.kaf.cli.pro.ProducerConfig] (main) These configurations '[apicurio.registry.find-latest, apicurio.registry.url, apicurio.registry.artifact-resolver-strategy]' were supplied but are not used yet.
2025-07-31 17:04:54,776 INFO  [org.apa.kaf.com.uti.AppInfoParser] (main) Kafka version: 3.9.1
2025-07-31 17:04:54,776 INFO  [org.apa.kaf.com.uti.AppInfoParser] (main) Kafka commitId: f745dfdcee2b9851
2025-07-31 17:04:54,776 INFO  [org.apa.kaf.com.uti.AppInfoParser] (main) Kafka startTimeMs: 1753981494776
2025-07-31 17:04:54,779 INFO  [io.api.tes.ser.api.KafkaSerdesTester] (Thread-606) Sending message {"keyB": "value-0"} to topic s252f37b6xbb89x4e5exa340x09e421bf44ff
2025-07-31 17:04:54,792 INFO  [org.apa.kaf.cli.Metadata] (kafka-producer-network-thread | Producer-s252f37b6xbb89x4e5exa340x09e421bf44ff) [Producer clientId=Producer-s252f37b6xbb89x4e5exa340x09e421bf44ff] Cluster ID: WpqyxNU-RHKB_ermmfvksw
2025-07-31 17:04:54,792 INFO  [org.apa.kaf.cli.pro.int.TransactionManager] (kafka-producer-network-thread | Producer-s252f37b6xbb89x4e5exa340x09e421bf44ff) [Producer clientId=Producer-s252f37b6xbb89x4e5exa340x09e421bf44ff] ProducerId set to 2 with epoch 0
2025-07-31 17:04:54,854 INFO  [org.apa.kaf.cli.pro.KafkaProducer] (Thread-606) [Producer clientId=Producer-s252f37b6xbb89x4e5exa340x09e421bf44ff] Closing the Kafka producer with timeoutMillis = 9223372036854775807 ms.
2025-07-31 17:04:54,861 INFO  [org.apa.kaf.com.met.Metrics] (Thread-606) Metrics scheduler closed
2025-07-31 17:04:54,861 INFO  [org.apa.kaf.com.met.Metrics] (Thread-606) Closing reporter org.apache.kafka.common.metrics.JmxReporter
2025-07-31 17:04:54,862 INFO  [org.apa.kaf.com.met.Metrics] (Thread-606) Closing reporter org.apache.kafka.common.telemetry.internals.ClientTelemetryReporter
2025-07-31 17:04:54,862 INFO  [org.apa.kaf.com.met.Metrics] (Thread-606) Metrics reporters closed
2025-07-31 17:04:54,867 INFO  [org.apa.kaf.com.uti.AppInfoParser] (Thread-606) App info kafka.producer for Producer-s252f37b6xbb89x4e5exa340x09e421bf44ff unregistered
2025-07-31 17:04:54,867 INFO  [io.api.tes.uti.TestSeparator] (main) io.apicurio.tests.serdes.apicurio.AvroSerdeIT.testWrongSchema-FINISHED
2025-07-31 17:04:54,867 INFO  [io.api.tes.uti.TestSeparator] (main) ############################################################################
Test passed: testWrongSchema
]]></system-out>
    <system-err><![CDATA[io.apicurio.registry.rest.client.models.ProblemDetails
	at io.apicurio.registry.rest.client.models.ProblemDetails.createFromDiscriminatorValue(ProblemDetails.java:58)
	at io.kiota.serialization.json.JsonParseNode.getObjectValue(JsonParseNode.java:247)
	at io.kiota.http.vertx.VertXRequestAdapter.lambda$throwIfFailedResponse$0(VertXRequestAdapter.java:400)
	at com.microsoft.kiota.ApiExceptionBuilder.<init>(ApiExceptionBuilder.java:26)
	at io.kiota.http.vertx.VertXRequestAdapter.throwIfFailedResponse(VertXRequestAdapter.java:399)
	at io.kiota.http.vertx.VertXRequestAdapter.send(VertXRequestAdapter.java:170)
	at io.apicurio.registry.rest.client.groups.item.artifacts.item.versions.item.WithVersionExpressionItemRequestBuilder.get(WithVersionExpressionItemRequestBuilder.java:128)
	at io.apicurio.registry.rest.client.groups.item.artifacts.item.versions.item.WithVersionExpressionItemRequestBuilder.get(WithVersionExpressionItemRequestBuilder.java:111)
	at io.apicurio.registry.resolver.client.RegistryClientFacadeImpl.getVersionCoordinatesByGAV(RegistryClientFacadeImpl.java:153)
	at io.apicurio.registry.resolver.DefaultSchemaResolver.resolveByCoordinates(DefaultSchemaResolver.java:352)
	at io.apicurio.registry.resolver.DefaultSchemaResolver.lambda$resolveSchemaByArtifactReferenceCached$6(DefaultSchemaResolver.java:340)
	at io.apicurio.registry.resolver.cache.ERCache.lambda$getValue$0(ERCache.java:174)
	at io.apicurio.registry.resolver.cache.ERCache.retry(ERCache.java:227)
	at io.apicurio.registry.resolver.cache.ERCache.getValue(ERCache.java:173)
	at io.apicurio.registry.resolver.cache.ERCache.getByArtifactCoordinates(ERCache.java:158)
	at io.apicurio.registry.resolver.DefaultSchemaResolver.resolveSchemaByArtifactReferenceCached(DefaultSchemaResolver.java:338)
	at io.apicurio.registry.resolver.DefaultSchemaResolver.resolveSchemaByCoordinates(DefaultSchemaResolver.java:193)
	at io.apicurio.registry.resolver.DefaultSchemaResolver.getSchemaFromRegistry(DefaultSchemaResolver.java:130)
	at io.apicurio.registry.resolver.DefaultSchemaResolver.lambda$resolveSchema$0(DefaultSchemaResolver.java:84)
	at java.base/java.util.Optional.orElseGet(Optional.java:364)
	at io.apicurio.registry.resolver.DefaultSchemaResolver.resolveSchema(DefaultSchemaResolver.java:84)
	at io.apicurio.registry.serde.AbstractSerializer.serializeData(AbstractSerializer.java:62)
	at io.apicurio.registry.serde.KafkaSerializer.serialize(KafkaSerializer.java:77)
	at org.apache.kafka.clients.producer.KafkaProducer.doSend(KafkaProducer.java:1046)
	at org.apache.kafka.clients.producer.KafkaProducer.send(KafkaProducer.java:993)
	at org.apache.kafka.clients.producer.KafkaProducer.send(KafkaProducer.java:875)
	at io.apicurio.tests.serdes.apicurio.KafkaSerdesTester.lambda$produceMessages$3(KafkaSerdesTester.java:138)
	at java.base/java.util.concurrent.CompletableFuture$AsyncSupply.run(CompletableFuture.java:1768)
	at java.base/java.lang.Thread.run(Thread.java:840)
]]></system-err>
  </testcase>
  <testcase name="testAvroJSON" classname="io.apicurio.tests.serdes.apicurio.AvroSerdeIT" time="1.007">
    <system-out><![CDATA[2025-07-31 17:04:54,876 INFO  [io.api.tes.uti.TestSeparator] (main) ############################################################################
2025-07-31 17:04:54,890 INFO  [io.api.tes.uti.TestSeparator] (main) io.apicurio.tests.serdes.apicurio.AvroSerdeIT.testAvroJSON-STARTED
**** Registry Base URL: http://registry-app-kafkasql.apps.ci419.apicurio-testing.org:80
2025-07-31 17:04:54,896 INFO  [org.apa.kaf.cli.pro.ProducerConfig] (main) ProducerConfig values: 
	acks = -1
	auto.include.jmx.reporter = true
	batch.size = 16384
	bootstrap.servers = [PLAINTEXT://localhost:32770]
	buffer.memory = 33554432
	client.dns.lookup = use_all_dns_ips
	client.id = Producer-topic-b75039dc_9adf_427e_b380_78fb322c0d63
	compression.gzip.level = -1
	compression.lz4.level = 9
	compression.type = none
	compression.zstd.level = 3
	connections.max.idle.ms = 10000
	delivery.timeout.ms = 120000
	enable.idempotence = true
	enable.metrics.push = true
	interceptor.classes = []
	key.serializer = class org.apache.kafka.common.serialization.StringSerializer
	linger.ms = 0
	max.block.ms = 60000
	max.in.flight.requests.per.connection = 5
	max.request.size = 1048576
	metadata.max.age.ms = 300000
	metadata.max.idle.ms = 300000
	metadata.recovery.strategy = none
	metric.reporters = []
	metrics.num.samples = 2
	metrics.recording.level = INFO
	metrics.sample.window.ms = 30000
	partitioner.adaptive.partitioning.enable = true
	partitioner.availability.timeout.ms = 0
	partitioner.class = null
	partitioner.ignore.keys = false
	receive.buffer.bytes = 32768
	reconnect.backoff.max.ms = 1000
	reconnect.backoff.ms = 50
	request.timeout.ms = 5000
	retries = 2147483647
	retry.backoff.max.ms = 1000
	retry.backoff.ms = 100
	sasl.client.callback.handler.class = null
	sasl.jaas.config = null
	sasl.kerberos.kinit.cmd = /usr/bin/kinit
	sasl.kerberos.min.time.before.relogin = 60000
	sasl.kerberos.service.name = null
	sasl.kerberos.ticket.renew.jitter = 0.05
	sasl.kerberos.ticket.renew.window.factor = 0.8
	sasl.login.callback.handler.class = null
	sasl.login.class = null
	sasl.login.connect.timeout.ms = null
	sasl.login.read.timeout.ms = null
	sasl.login.refresh.buffer.seconds = 300
	sasl.login.refresh.min.period.seconds = 60
	sasl.login.refresh.window.factor = 0.8
	sasl.login.refresh.window.jitter = 0.05
	sasl.login.retry.backoff.max.ms = 10000
	sasl.login.retry.backoff.ms = 100
	sasl.mechanism = GSSAPI
	sasl.oauthbearer.clock.skew.seconds = 30
	sasl.oauthbearer.expected.audience = null
	sasl.oauthbearer.expected.issuer = null
	sasl.oauthbearer.header.urlencode = false
	sasl.oauthbearer.jwks.endpoint.refresh.ms = 3600000
	sasl.oauthbearer.jwks.endpoint.retry.backoff.max.ms = 10000
	sasl.oauthbearer.jwks.endpoint.retry.backoff.ms = 100
	sasl.oauthbearer.jwks.endpoint.url = null
	sasl.oauthbearer.scope.claim.name = scope
	sasl.oauthbearer.sub.claim.name = sub
	sasl.oauthbearer.token.endpoint.url = null
	security.protocol = PLAINTEXT
	security.providers = null
	send.buffer.bytes = 131072
	socket.connection.setup.timeout.max.ms = 30000
	socket.connection.setup.timeout.ms = 10000
	ssl.cipher.suites = null
	ssl.enabled.protocols = [TLSv1.2, TLSv1.3]
	ssl.endpoint.identification.algorithm = https
	ssl.engine.factory.class = null
	ssl.key.password = null
	ssl.keymanager.algorithm = SunX509
	ssl.keystore.certificate.chain = null
	ssl.keystore.key = null
	ssl.keystore.location = null
	ssl.keystore.password = null
	ssl.keystore.type = JKS
	ssl.protocol = TLSv1.3
	ssl.provider = null
	ssl.secure.random.implementation = null
	ssl.trustmanager.algorithm = PKIX
	ssl.truststore.certificates = null
	ssl.truststore.location = null
	ssl.truststore.password = null
	ssl.truststore.type = JKS
	transaction.timeout.ms = 60000
	transactional.id = null
	value.serializer = class io.apicurio.registry.serde.avro.AvroKafkaSerializer

2025-07-31 17:04:54,897 INFO  [org.apa.kaf.com.tel.int.KafkaMetricsCollector] (main) initializing Kafka metrics collector
2025-07-31 17:04:54,926 INFO  [org.apa.kaf.cli.pro.KafkaProducer] (main) [Producer clientId=Producer-topic-b75039dc_9adf_427e_b380_78fb322c0d63] Instantiated an idempotent producer.
2025-07-31 17:04:54,939 INFO  [org.apa.kaf.cli.pro.ProducerConfig] (main) These configurations '[apicurio.registry.avro.encoding, apicurio.registry.url, apicurio.registry.auto-register, apicurio.registry.artifact-resolver-strategy]' were supplied but are not used yet.
2025-07-31 17:04:54,939 INFO  [org.apa.kaf.com.uti.AppInfoParser] (main) Kafka version: 3.9.1
2025-07-31 17:04:54,939 INFO  [org.apa.kaf.com.uti.AppInfoParser] (main) Kafka commitId: f745dfdcee2b9851
2025-07-31 17:04:54,940 INFO  [org.apa.kaf.com.uti.AppInfoParser] (main) Kafka startTimeMs: 1753981494939
2025-07-31 17:04:54,940 INFO  [io.api.tes.ser.api.SimpleSerdesTesterBuilder$SimpleSerdesTester] (main) Using producer configuration: {apicurio.registry.avro.encoding=JSON, apicurio.registry.url=http://registry-app-kafkasql.apps.ci419.apicurio-testing.org:80/apis/registry/v3, apicurio.registry.auto-register=true, apicurio.registry.artifact-resolver-strategy=io.apicurio.registry.serde.strategy.TopicIdStrategy, value.serializer=io.apicurio.registry.serde.avro.AvroKafkaSerializer, request.timeout.ms=5000, acks=all, bootstrap.servers=PLAINTEXT://localhost:32770, connections.max.idle.ms=10000, key.serializer=org.apache.kafka.common.serialization.StringSerializer, client.id=Producer-topic-b75039dc_9adf_427e_b380_78fb322c0d63}
2025-07-31 17:04:54,940 INFO  [io.api.tes.ser.api.SimpleSerdesTesterBuilder$SimpleSerdesTester] (main) Using consumer configuration: {apicurio.registry.avro.encoding=JSON}
2025-07-31 17:04:54,953 INFO  [io.api.tes.ser.api.KafkaSerdesTester] (Thread-609) Sending message {"bar": "value-0"} to topic topic-b75039dc_9adf_427e_b380_78fb322c0d63
2025-07-31 17:04:54,955 INFO  [org.apa.kaf.cli.Metadata] (kafka-producer-network-thread | Producer-topic-b75039dc_9adf_427e_b380_78fb322c0d63) [Producer clientId=Producer-topic-b75039dc_9adf_427e_b380_78fb322c0d63] Cluster ID: WpqyxNU-RHKB_ermmfvksw
2025-07-31 17:04:54,959 INFO  [org.apa.kaf.cli.pro.int.TransactionManager] (kafka-producer-network-thread | Producer-topic-b75039dc_9adf_427e_b380_78fb322c0d63) [Producer clientId=Producer-topic-b75039dc_9adf_427e_b380_78fb322c0d63] ProducerId set to 3 with epoch 0
2025-07-31 17:04:54,999 WARN  [org.apa.kaf.cli.NetworkClient] (kafka-producer-network-thread | Producer-topic-b75039dc_9adf_427e_b380_78fb322c0d63) [Producer clientId=Producer-topic-b75039dc_9adf_427e_b380_78fb322c0d63] The metadata response from the cluster reported a recoverable issue with correlation id 7 : {topic-b75039dc_9adf_427e_b380_78fb322c0d63=LEADER_NOT_AVAILABLE}
2025-07-31 17:04:55,193 INFO  [io.api.tes.ser.api.KafkaSerdesTester] (Thread-609) Sending message {"bar": "value-1"} to topic topic-b75039dc_9adf_427e_b380_78fb322c0d63
2025-07-31 17:04:55,197 INFO  [io.api.tes.ser.api.KafkaSerdesTester] (Thread-609) Sending message {"bar": "value-2"} to topic topic-b75039dc_9adf_427e_b380_78fb322c0d63
2025-07-31 17:04:55,200 INFO  [io.api.tes.ser.api.KafkaSerdesTester] (Thread-609) Sending message {"bar": "value-3"} to topic topic-b75039dc_9adf_427e_b380_78fb322c0d63
2025-07-31 17:04:55,203 INFO  [io.api.tes.ser.api.KafkaSerdesTester] (Thread-609) Sending message {"bar": "value-4"} to topic topic-b75039dc_9adf_427e_b380_78fb322c0d63
2025-07-31 17:04:55,205 INFO  [io.api.tes.ser.api.KafkaSerdesTester] (Thread-609) Sending message {"bar": "value-5"} to topic topic-b75039dc_9adf_427e_b380_78fb322c0d63
2025-07-31 17:04:55,208 INFO  [io.api.tes.ser.api.KafkaSerdesTester] (Thread-609) Sending message {"bar": "value-6"} to topic topic-b75039dc_9adf_427e_b380_78fb322c0d63
2025-07-31 17:04:55,210 INFO  [io.api.tes.ser.api.KafkaSerdesTester] (Thread-609) Sending message {"bar": "value-7"} to topic topic-b75039dc_9adf_427e_b380_78fb322c0d63
2025-07-31 17:04:55,215 INFO  [io.api.tes.ser.api.KafkaSerdesTester] (Thread-609) Sending message {"bar": "value-8"} to topic topic-b75039dc_9adf_427e_b380_78fb322c0d63
2025-07-31 17:04:55,220 INFO  [io.api.tes.ser.api.KafkaSerdesTester] (Thread-609) Sending message {"bar": "value-9"} to topic topic-b75039dc_9adf_427e_b380_78fb322c0d63
2025-07-31 17:04:55,224 INFO  [io.api.tes.ser.api.KafkaSerdesTester] (Thread-609) Produced 10 messages
2025-07-31 17:04:55,224 INFO  [org.apa.kaf.cli.pro.KafkaProducer] (Thread-609) [Producer clientId=Producer-topic-b75039dc_9adf_427e_b380_78fb322c0d63] Closing the Kafka producer with timeoutMillis = 9223372036854775807 ms.
2025-07-31 17:04:55,229 INFO  [org.apa.kaf.com.met.Metrics] (Thread-609) Metrics scheduler closed
2025-07-31 17:04:55,229 INFO  [org.apa.kaf.com.met.Metrics] (Thread-609) Closing reporter org.apache.kafka.common.metrics.JmxReporter
2025-07-31 17:04:55,229 INFO  [org.apa.kaf.com.met.Metrics] (Thread-609) Closing reporter org.apache.kafka.common.telemetry.internals.ClientTelemetryReporter
2025-07-31 17:04:55,229 INFO  [org.apa.kaf.com.met.Metrics] (Thread-609) Metrics reporters closed
2025-07-31 17:04:55,230 INFO  [org.apa.kaf.com.uti.AppInfoParser] (Thread-609) App info kafka.producer for Producer-topic-b75039dc_9adf_427e_b380_78fb322c0d63 unregistered
**** Registry Base URL: http://registry-app-kafkasql.apps.ci419.apicurio-testing.org:80
2025-07-31 17:04:55,262 INFO  [org.apa.kaf.cli.con.ConsumerConfig] (main) ConsumerConfig values: 
	allow.auto.create.topics = true
	auto.commit.interval.ms = 500
	auto.include.jmx.reporter = true
	auto.offset.reset = earliest
	bootstrap.servers = [PLAINTEXT://localhost:32770]
	check.crcs = true
	client.dns.lookup = use_all_dns_ips
	client.id = consumer-Consumer-topic-b75039dc_9adf_427e_b380_78fb322c0d63-3
	client.rack = 
	connections.max.idle.ms = 10000
	default.api.timeout.ms = 60000
	enable.auto.commit = true
	enable.metrics.push = true
	exclude.internal.topics = true
	fetch.max.bytes = 52428800
	fetch.max.wait.ms = 500
	fetch.min.bytes = 1
	group.id = Consumer-topic-b75039dc_9adf_427e_b380_78fb322c0d63
	group.instance.id = null
	group.protocol = classic
	group.remote.assignor = null
	heartbeat.interval.ms = 3000
	interceptor.classes = []
	internal.leave.group.on.close = true
	internal.throw.on.fetch.stable.offset.unsupported = false
	isolation.level = read_uncommitted
	key.deserializer = class org.apache.kafka.common.serialization.StringDeserializer
	max.partition.fetch.bytes = 1048576
	max.poll.interval.ms = 300000
	max.poll.records = 500
	metadata.max.age.ms = 300000
	metadata.recovery.strategy = none
	metric.reporters = []
	metrics.num.samples = 2
	metrics.recording.level = INFO
	metrics.sample.window.ms = 30000
	partition.assignment.strategy = [class org.apache.kafka.clients.consumer.RangeAssignor, class org.apache.kafka.clients.consumer.CooperativeStickyAssignor]
	receive.buffer.bytes = 65536
	reconnect.backoff.max.ms = 1000
	reconnect.backoff.ms = 50
	request.timeout.ms = 5000
	retry.backoff.max.ms = 1000
	retry.backoff.ms = 100
	sasl.client.callback.handler.class = null
	sasl.jaas.config = null
	sasl.kerberos.kinit.cmd = /usr/bin/kinit
	sasl.kerberos.min.time.before.relogin = 60000
	sasl.kerberos.service.name = null
	sasl.kerberos.ticket.renew.jitter = 0.05
	sasl.kerberos.ticket.renew.window.factor = 0.8
	sasl.login.callback.handler.class = null
	sasl.login.class = null
	sasl.login.connect.timeout.ms = null
	sasl.login.read.timeout.ms = null
	sasl.login.refresh.buffer.seconds = 300
	sasl.login.refresh.min.period.seconds = 60
	sasl.login.refresh.window.factor = 0.8
	sasl.login.refresh.window.jitter = 0.05
	sasl.login.retry.backoff.max.ms = 10000
	sasl.login.retry.backoff.ms = 100
	sasl.mechanism = GSSAPI
	sasl.oauthbearer.clock.skew.seconds = 30
	sasl.oauthbearer.expected.audience = null
	sasl.oauthbearer.expected.issuer = null
	sasl.oauthbearer.header.urlencode = false
	sasl.oauthbearer.jwks.endpoint.refresh.ms = 3600000
	sasl.oauthbearer.jwks.endpoint.retry.backoff.max.ms = 10000
	sasl.oauthbearer.jwks.endpoint.retry.backoff.ms = 100
	sasl.oauthbearer.jwks.endpoint.url = null
	sasl.oauthbearer.scope.claim.name = scope
	sasl.oauthbearer.sub.claim.name = sub
	sasl.oauthbearer.token.endpoint.url = null
	security.protocol = PLAINTEXT
	security.providers = null
	send.buffer.bytes = 131072
	session.timeout.ms = 45000
	socket.connection.setup.timeout.max.ms = 30000
	socket.connection.setup.timeout.ms = 10000
	ssl.cipher.suites = null
	ssl.enabled.protocols = [TLSv1.2, TLSv1.3]
	ssl.endpoint.identification.algorithm = https
	ssl.engine.factory.class = null
	ssl.key.password = null
	ssl.keymanager.algorithm = SunX509
	ssl.keystore.certificate.chain = null
	ssl.keystore.key = null
	ssl.keystore.location = null
	ssl.keystore.password = null
	ssl.keystore.type = JKS
	ssl.protocol = TLSv1.3
	ssl.provider = null
	ssl.secure.random.implementation = null
	ssl.trustmanager.algorithm = PKIX
	ssl.truststore.certificates = null
	ssl.truststore.location = null
	ssl.truststore.password = null
	ssl.truststore.type = JKS
	value.deserializer = class io.apicurio.registry.serde.avro.AvroKafkaDeserializer

2025-07-31 17:04:55,262 INFO  [org.apa.kaf.com.tel.int.KafkaMetricsCollector] (main) initializing Kafka metrics collector
2025-07-31 17:04:55,270 INFO  [org.apa.kaf.cli.con.ConsumerConfig] (main) These configurations '[apicurio.registry.avro.encoding, apicurio.registry.url]' were supplied but are not used yet.
2025-07-31 17:04:55,270 INFO  [org.apa.kaf.com.uti.AppInfoParser] (main) Kafka version: 3.9.1
2025-07-31 17:04:55,270 INFO  [org.apa.kaf.com.uti.AppInfoParser] (main) Kafka commitId: f745dfdcee2b9851
2025-07-31 17:04:55,271 INFO  [org.apa.kaf.com.uti.AppInfoParser] (main) Kafka startTimeMs: 1753981495270
2025-07-31 17:04:55,271 INFO  [org.apa.kaf.cli.con.int.ClassicKafkaConsumer] (Thread-612) [Consumer clientId=consumer-Consumer-topic-b75039dc_9adf_427e_b380_78fb322c0d63-3, groupId=Consumer-topic-b75039dc_9adf_427e_b380_78fb322c0d63] Subscribed to topic(s): topic-b75039dc_9adf_427e_b380_78fb322c0d63
2025-07-31 17:04:55,278 INFO  [org.apa.kaf.cli.Metadata] (Thread-612) [Consumer clientId=consumer-Consumer-topic-b75039dc_9adf_427e_b380_78fb322c0d63-3, groupId=Consumer-topic-b75039dc_9adf_427e_b380_78fb322c0d63] Cluster ID: WpqyxNU-RHKB_ermmfvksw
2025-07-31 17:04:55,279 INFO  [org.apa.kaf.cli.con.int.ConsumerCoordinator] (Thread-612) [Consumer clientId=consumer-Consumer-topic-b75039dc_9adf_427e_b380_78fb322c0d63-3, groupId=Consumer-topic-b75039dc_9adf_427e_b380_78fb322c0d63] Discovered group coordinator localhost:32770 (id: 2147483647 rack: null)
2025-07-31 17:04:55,281 INFO  [org.apa.kaf.cli.con.int.ConsumerCoordinator] (Thread-612) [Consumer clientId=consumer-Consumer-topic-b75039dc_9adf_427e_b380_78fb322c0d63-3, groupId=Consumer-topic-b75039dc_9adf_427e_b380_78fb322c0d63] (Re-)joining group
2025-07-31 17:04:55,291 INFO  [org.apa.kaf.cli.con.int.ConsumerCoordinator] (Thread-612) [Consumer clientId=consumer-Consumer-topic-b75039dc_9adf_427e_b380_78fb322c0d63-3, groupId=Consumer-topic-b75039dc_9adf_427e_b380_78fb322c0d63] Request joining group due to: need to re-join with the given member-id: consumer-Consumer-topic-b75039dc_9adf_427e_b380_78fb322c0d63-3-3cc02895-717d-4e6c-83bb-7adfa812ca78
2025-07-31 17:04:55,291 INFO  [org.apa.kaf.cli.con.int.ConsumerCoordinator] (Thread-612) [Consumer clientId=consumer-Consumer-topic-b75039dc_9adf_427e_b380_78fb322c0d63-3, groupId=Consumer-topic-b75039dc_9adf_427e_b380_78fb322c0d63] (Re-)joining group
2025-07-31 17:04:55,301 INFO  [org.apa.kaf.cli.con.int.ConsumerCoordinator] (Thread-612) [Consumer clientId=consumer-Consumer-topic-b75039dc_9adf_427e_b380_78fb322c0d63-3, groupId=Consumer-topic-b75039dc_9adf_427e_b380_78fb322c0d63] Successfully joined group with generation Generation{generationId=1, memberId='consumer-Consumer-topic-b75039dc_9adf_427e_b380_78fb322c0d63-3-3cc02895-717d-4e6c-83bb-7adfa812ca78', protocol='range'}
2025-07-31 17:04:55,301 INFO  [org.apa.kaf.cli.con.int.ConsumerCoordinator] (Thread-612) [Consumer clientId=consumer-Consumer-topic-b75039dc_9adf_427e_b380_78fb322c0d63-3, groupId=Consumer-topic-b75039dc_9adf_427e_b380_78fb322c0d63] Finished assignment for group at generation 1: {consumer-Consumer-topic-b75039dc_9adf_427e_b380_78fb322c0d63-3-3cc02895-717d-4e6c-83bb-7adfa812ca78=Assignment(partitions=[topic-b75039dc_9adf_427e_b380_78fb322c0d63-0])}
2025-07-31 17:04:55,309 INFO  [org.apa.kaf.cli.con.int.ConsumerCoordinator] (Thread-612) [Consumer clientId=consumer-Consumer-topic-b75039dc_9adf_427e_b380_78fb322c0d63-3, groupId=Consumer-topic-b75039dc_9adf_427e_b380_78fb322c0d63] Successfully synced group in generation Generation{generationId=1, memberId='consumer-Consumer-topic-b75039dc_9adf_427e_b380_78fb322c0d63-3-3cc02895-717d-4e6c-83bb-7adfa812ca78', protocol='range'}
2025-07-31 17:04:55,309 INFO  [org.apa.kaf.cli.con.int.ConsumerCoordinator] (Thread-612) [Consumer clientId=consumer-Consumer-topic-b75039dc_9adf_427e_b380_78fb322c0d63-3, groupId=Consumer-topic-b75039dc_9adf_427e_b380_78fb322c0d63] Notifying assignor about the new Assignment(partitions=[topic-b75039dc_9adf_427e_b380_78fb322c0d63-0])
2025-07-31 17:04:55,309 INFO  [org.apa.kaf.cli.con.int.ConsumerRebalanceListenerInvoker] (Thread-612) [Consumer clientId=consumer-Consumer-topic-b75039dc_9adf_427e_b380_78fb322c0d63-3, groupId=Consumer-topic-b75039dc_9adf_427e_b380_78fb322c0d63] Adding newly assigned partitions: topic-b75039dc_9adf_427e_b380_78fb322c0d63-0
2025-07-31 17:04:55,312 INFO  [org.apa.kaf.cli.con.int.ConsumerCoordinator] (Thread-612) [Consumer clientId=consumer-Consumer-topic-b75039dc_9adf_427e_b380_78fb322c0d63-3, groupId=Consumer-topic-b75039dc_9adf_427e_b380_78fb322c0d63] Found no committed offset for partition topic-b75039dc_9adf_427e_b380_78fb322c0d63-0
2025-07-31 17:04:55,319 INFO  [org.apa.kaf.cli.con.int.SubscriptionState] (Thread-612) [Consumer clientId=consumer-Consumer-topic-b75039dc_9adf_427e_b380_78fb322c0d63-3, groupId=Consumer-topic-b75039dc_9adf_427e_b380_78fb322c0d63] Resetting offset for partition topic-b75039dc_9adf_427e_b380_78fb322c0d63-0 to position FetchPosition{offset=0, offsetEpoch=Optional.empty, currentLeader=LeaderAndEpoch{leader=Optional[localhost:32770 (id: 0 rack: null)], epoch=0}}.
2025-07-31 17:04:55,365 INFO  [io.api.tes.ser.api.KafkaSerdesTester] (Thread-612) topic-b75039dc_9adf_427e_b380_78fb322c0d63 0 0 {"bar": "value-0"}
2025-07-31 17:04:55,366 INFO  [io.api.tes.ser.api.KafkaSerdesTester] (Thread-612) topic-b75039dc_9adf_427e_b380_78fb322c0d63 0 1 {"bar": "value-1"}
2025-07-31 17:04:55,366 INFO  [io.api.tes.ser.api.KafkaSerdesTester] (Thread-612) topic-b75039dc_9adf_427e_b380_78fb322c0d63 0 2 {"bar": "value-2"}
2025-07-31 17:04:55,366 INFO  [io.api.tes.ser.api.KafkaSerdesTester] (Thread-612) topic-b75039dc_9adf_427e_b380_78fb322c0d63 0 3 {"bar": "value-3"}
2025-07-31 17:04:55,366 INFO  [io.api.tes.ser.api.KafkaSerdesTester] (Thread-612) topic-b75039dc_9adf_427e_b380_78fb322c0d63 0 4 {"bar": "value-4"}
2025-07-31 17:04:55,366 INFO  [io.api.tes.ser.api.KafkaSerdesTester] (Thread-612) topic-b75039dc_9adf_427e_b380_78fb322c0d63 0 5 {"bar": "value-5"}
2025-07-31 17:04:55,366 INFO  [io.api.tes.ser.api.KafkaSerdesTester] (Thread-612) topic-b75039dc_9adf_427e_b380_78fb322c0d63 0 6 {"bar": "value-6"}
2025-07-31 17:04:55,366 INFO  [io.api.tes.ser.api.KafkaSerdesTester] (Thread-612) topic-b75039dc_9adf_427e_b380_78fb322c0d63 0 7 {"bar": "value-7"}
2025-07-31 17:04:55,367 INFO  [io.api.tes.ser.api.KafkaSerdesTester] (Thread-612) topic-b75039dc_9adf_427e_b380_78fb322c0d63 0 8 {"bar": "value-8"}
2025-07-31 17:04:55,367 INFO  [io.api.tes.ser.api.KafkaSerdesTester] (Thread-612) topic-b75039dc_9adf_427e_b380_78fb322c0d63 0 9 {"bar": "value-9"}
2025-07-31 17:04:55,367 INFO  [io.api.tes.ser.api.KafkaSerdesTester] (Thread-612) Consumed 10 messages
2025-07-31 17:04:55,374 INFO  [org.apa.kaf.cli.con.int.ConsumerRebalanceListenerInvoker] (Thread-612) [Consumer clientId=consumer-Consumer-topic-b75039dc_9adf_427e_b380_78fb322c0d63-3, groupId=Consumer-topic-b75039dc_9adf_427e_b380_78fb322c0d63] Revoke previously assigned partitions topic-b75039dc_9adf_427e_b380_78fb322c0d63-0
2025-07-31 17:04:55,374 INFO  [org.apa.kaf.cli.con.int.ConsumerCoordinator] (Thread-612) [Consumer clientId=consumer-Consumer-topic-b75039dc_9adf_427e_b380_78fb322c0d63-3, groupId=Consumer-topic-b75039dc_9adf_427e_b380_78fb322c0d63] Member consumer-Consumer-topic-b75039dc_9adf_427e_b380_78fb322c0d63-3-3cc02895-717d-4e6c-83bb-7adfa812ca78 sending LeaveGroup request to coordinator localhost:32770 (id: 2147483647 rack: null) due to the consumer is being closed
2025-07-31 17:04:55,374 INFO  [org.apa.kaf.cli.con.int.ConsumerCoordinator] (Thread-612) [Consumer clientId=consumer-Consumer-topic-b75039dc_9adf_427e_b380_78fb322c0d63-3, groupId=Consumer-topic-b75039dc_9adf_427e_b380_78fb322c0d63] Resetting generation and member id due to: consumer pro-actively leaving the group
2025-07-31 17:04:55,374 INFO  [org.apa.kaf.cli.con.int.ConsumerCoordinator] (Thread-612) [Consumer clientId=consumer-Consumer-topic-b75039dc_9adf_427e_b380_78fb322c0d63-3, groupId=Consumer-topic-b75039dc_9adf_427e_b380_78fb322c0d63] Request joining group due to: consumer pro-actively leaving the group
2025-07-31 17:04:55,870 INFO  [org.apa.kaf.com.met.Metrics] (Thread-612) Metrics scheduler closed
2025-07-31 17:04:55,871 INFO  [org.apa.kaf.com.met.Metrics] (Thread-612) Closing reporter org.apache.kafka.common.metrics.JmxReporter
2025-07-31 17:04:55,871 INFO  [org.apa.kaf.com.met.Metrics] (Thread-612) Closing reporter org.apache.kafka.common.telemetry.internals.ClientTelemetryReporter
2025-07-31 17:04:55,871 INFO  [org.apa.kaf.com.met.Metrics] (Thread-612) Metrics reporters closed
2025-07-31 17:04:55,876 INFO  [org.apa.kaf.com.uti.AppInfoParser] (Thread-612) App info kafka.consumer for consumer-Consumer-topic-b75039dc_9adf_427e_b380_78fb322c0d63-3 unregistered
2025-07-31 17:04:55,877 INFO  [io.api.tes.uti.TestSeparator] (main) io.apicurio.tests.serdes.apicurio.AvroSerdeIT.testAvroJSON-FINISHED
2025-07-31 17:04:55,877 INFO  [io.api.tes.uti.TestSeparator] (main) ############################################################################
Test passed: testAvroJSON
]]></system-out>
  </testcase>
  <testcase name="testTopicIdStrategyAutoRegister" classname="io.apicurio.tests.serdes.apicurio.AvroSerdeIT" time="0.948">
    <system-out><![CDATA[2025-07-31 17:04:55,884 INFO  [io.api.tes.uti.TestSeparator] (main) ############################################################################
2025-07-31 17:04:55,884 INFO  [io.api.tes.uti.TestSeparator] (main) io.apicurio.tests.serdes.apicurio.AvroSerdeIT.testTopicIdStrategyAutoRegister-STARTED
**** Registry Base URL: http://registry-app-kafkasql.apps.ci419.apicurio-testing.org:80
2025-07-31 17:04:55,890 INFO  [org.apa.kaf.cli.pro.ProducerConfig] (main) ProducerConfig values: 
	acks = -1
	auto.include.jmx.reporter = true
	batch.size = 16384
	bootstrap.servers = [PLAINTEXT://localhost:32770]
	buffer.memory = 33554432
	client.dns.lookup = use_all_dns_ips
	client.id = Producer-topic-81bf5714_e8d7_447c_a6ca_d54087302438
	compression.gzip.level = -1
	compression.lz4.level = 9
	compression.type = none
	compression.zstd.level = 3
	connections.max.idle.ms = 10000
	delivery.timeout.ms = 120000
	enable.idempotence = true
	enable.metrics.push = true
	interceptor.classes = []
	key.serializer = class org.apache.kafka.common.serialization.StringSerializer
	linger.ms = 0
	max.block.ms = 60000
	max.in.flight.requests.per.connection = 5
	max.request.size = 1048576
	metadata.max.age.ms = 300000
	metadata.max.idle.ms = 300000
	metadata.recovery.strategy = none
	metric.reporters = []
	metrics.num.samples = 2
	metrics.recording.level = INFO
	metrics.sample.window.ms = 30000
	partitioner.adaptive.partitioning.enable = true
	partitioner.availability.timeout.ms = 0
	partitioner.class = null
	partitioner.ignore.keys = false
	receive.buffer.bytes = 32768
	reconnect.backoff.max.ms = 1000
	reconnect.backoff.ms = 50
	request.timeout.ms = 5000
	retries = 2147483647
	retry.backoff.max.ms = 1000
	retry.backoff.ms = 100
	sasl.client.callback.handler.class = null
	sasl.jaas.config = null
	sasl.kerberos.kinit.cmd = /usr/bin/kinit
	sasl.kerberos.min.time.before.relogin = 60000
	sasl.kerberos.service.name = null
	sasl.kerberos.ticket.renew.jitter = 0.05
	sasl.kerberos.ticket.renew.window.factor = 0.8
	sasl.login.callback.handler.class = null
	sasl.login.class = null
	sasl.login.connect.timeout.ms = null
	sasl.login.read.timeout.ms = null
	sasl.login.refresh.buffer.seconds = 300
	sasl.login.refresh.min.period.seconds = 60
	sasl.login.refresh.window.factor = 0.8
	sasl.login.refresh.window.jitter = 0.05
	sasl.login.retry.backoff.max.ms = 10000
	sasl.login.retry.backoff.ms = 100
	sasl.mechanism = GSSAPI
	sasl.oauthbearer.clock.skew.seconds = 30
	sasl.oauthbearer.expected.audience = null
	sasl.oauthbearer.expected.issuer = null
	sasl.oauthbearer.header.urlencode = false
	sasl.oauthbearer.jwks.endpoint.refresh.ms = 3600000
	sasl.oauthbearer.jwks.endpoint.retry.backoff.max.ms = 10000
	sasl.oauthbearer.jwks.endpoint.retry.backoff.ms = 100
	sasl.oauthbearer.jwks.endpoint.url = null
	sasl.oauthbearer.scope.claim.name = scope
	sasl.oauthbearer.sub.claim.name = sub
	sasl.oauthbearer.token.endpoint.url = null
	security.protocol = PLAINTEXT
	security.providers = null
	send.buffer.bytes = 131072
	socket.connection.setup.timeout.max.ms = 30000
	socket.connection.setup.timeout.ms = 10000
	ssl.cipher.suites = null
	ssl.enabled.protocols = [TLSv1.2, TLSv1.3]
	ssl.endpoint.identification.algorithm = https
	ssl.engine.factory.class = null
	ssl.key.password = null
	ssl.keymanager.algorithm = SunX509
	ssl.keystore.certificate.chain = null
	ssl.keystore.key = null
	ssl.keystore.location = null
	ssl.keystore.password = null
	ssl.keystore.type = JKS
	ssl.protocol = TLSv1.3
	ssl.provider = null
	ssl.secure.random.implementation = null
	ssl.trustmanager.algorithm = PKIX
	ssl.truststore.certificates = null
	ssl.truststore.location = null
	ssl.truststore.password = null
	ssl.truststore.type = JKS
	transaction.timeout.ms = 60000
	transactional.id = null
	value.serializer = class io.apicurio.registry.serde.avro.AvroKafkaSerializer

2025-07-31 17:04:55,893 INFO  [org.apa.kaf.com.tel.int.KafkaMetricsCollector] (main) initializing Kafka metrics collector
2025-07-31 17:04:55,915 INFO  [org.apa.kaf.cli.pro.KafkaProducer] (main) [Producer clientId=Producer-topic-81bf5714_e8d7_447c_a6ca_d54087302438] Instantiated an idempotent producer.
2025-07-31 17:04:55,922 INFO  [org.apa.kaf.cli.pro.ProducerConfig] (main) These configurations '[apicurio.registry.url, apicurio.registry.auto-register, apicurio.registry.artifact-resolver-strategy]' were supplied but are not used yet.
2025-07-31 17:04:55,922 INFO  [org.apa.kaf.com.uti.AppInfoParser] (main) Kafka version: 3.9.1
2025-07-31 17:04:55,922 INFO  [org.apa.kaf.com.uti.AppInfoParser] (main) Kafka commitId: f745dfdcee2b9851
2025-07-31 17:04:55,922 INFO  [org.apa.kaf.com.uti.AppInfoParser] (main) Kafka startTimeMs: 1753981495922
2025-07-31 17:04:55,924 INFO  [io.api.tes.ser.api.SimpleSerdesTesterBuilder$SimpleSerdesTester] (main) Using producer configuration: {apicurio.registry.url=http://registry-app-kafkasql.apps.ci419.apicurio-testing.org:80/apis/registry/v3, apicurio.registry.auto-register=true, apicurio.registry.artifact-resolver-strategy=io.apicurio.registry.serde.strategy.TopicIdStrategy, value.serializer=io.apicurio.registry.serde.avro.AvroKafkaSerializer, request.timeout.ms=5000, acks=all, bootstrap.servers=PLAINTEXT://localhost:32770, connections.max.idle.ms=10000, key.serializer=org.apache.kafka.common.serialization.StringSerializer, client.id=Producer-topic-81bf5714_e8d7_447c_a6ca_d54087302438}
2025-07-31 17:04:55,924 INFO  [io.api.tes.ser.api.SimpleSerdesTesterBuilder$SimpleSerdesTester] (main) Using consumer configuration: {}
2025-07-31 17:04:55,928 INFO  [org.apa.kaf.cli.Metadata] (kafka-producer-network-thread | Producer-topic-81bf5714_e8d7_447c_a6ca_d54087302438) [Producer clientId=Producer-topic-81bf5714_e8d7_447c_a6ca_d54087302438] Cluster ID: WpqyxNU-RHKB_ermmfvksw
2025-07-31 17:04:55,929 INFO  [io.api.tes.ser.api.KafkaSerdesTester] (Thread-615) Sending message {"key11753981495884": "value-0"} to topic topic-81bf5714_e8d7_447c_a6ca_d54087302438
2025-07-31 17:04:55,930 INFO  [org.apa.kaf.cli.pro.int.TransactionManager] (kafka-producer-network-thread | Producer-topic-81bf5714_e8d7_447c_a6ca_d54087302438) [Producer clientId=Producer-topic-81bf5714_e8d7_447c_a6ca_d54087302438] ProducerId set to 4 with epoch 0
2025-07-31 17:04:55,941 WARN  [org.apa.kaf.cli.NetworkClient] (kafka-producer-network-thread | Producer-topic-81bf5714_e8d7_447c_a6ca_d54087302438) [Producer clientId=Producer-topic-81bf5714_e8d7_447c_a6ca_d54087302438] The metadata response from the cluster reported a recoverable issue with correlation id 7 : {topic-81bf5714_e8d7_447c_a6ca_d54087302438=LEADER_NOT_AVAILABLE}
2025-07-31 17:04:56,134 INFO  [io.api.tes.ser.api.KafkaSerdesTester] (Thread-615) Sending message {"key11753981495884": "value-1"} to topic topic-81bf5714_e8d7_447c_a6ca_d54087302438
2025-07-31 17:04:56,138 INFO  [io.api.tes.ser.api.KafkaSerdesTester] (Thread-615) Sending message {"key11753981495884": "value-2"} to topic topic-81bf5714_e8d7_447c_a6ca_d54087302438
2025-07-31 17:04:56,141 INFO  [io.api.tes.ser.api.KafkaSerdesTester] (Thread-615) Sending message {"key11753981495884": "value-3"} to topic topic-81bf5714_e8d7_447c_a6ca_d54087302438
2025-07-31 17:04:56,143 INFO  [io.api.tes.ser.api.KafkaSerdesTester] (Thread-615) Sending message {"key11753981495884": "value-4"} to topic topic-81bf5714_e8d7_447c_a6ca_d54087302438
2025-07-31 17:04:56,145 INFO  [io.api.tes.ser.api.KafkaSerdesTester] (Thread-615) Sending message {"key11753981495884": "value-5"} to topic topic-81bf5714_e8d7_447c_a6ca_d54087302438
2025-07-31 17:04:56,147 INFO  [io.api.tes.ser.api.KafkaSerdesTester] (Thread-615) Sending message {"key11753981495884": "value-6"} to topic topic-81bf5714_e8d7_447c_a6ca_d54087302438
2025-07-31 17:04:56,149 INFO  [io.api.tes.ser.api.KafkaSerdesTester] (Thread-615) Sending message {"key11753981495884": "value-7"} to topic topic-81bf5714_e8d7_447c_a6ca_d54087302438
2025-07-31 17:04:56,150 INFO  [io.api.tes.ser.api.KafkaSerdesTester] (Thread-615) Sending message {"key11753981495884": "value-8"} to topic topic-81bf5714_e8d7_447c_a6ca_d54087302438
2025-07-31 17:04:56,153 INFO  [io.api.tes.ser.api.KafkaSerdesTester] (Thread-615) Sending message {"key11753981495884": "value-9"} to topic topic-81bf5714_e8d7_447c_a6ca_d54087302438
2025-07-31 17:04:56,155 INFO  [io.api.tes.ser.api.KafkaSerdesTester] (Thread-615) Produced 10 messages
2025-07-31 17:04:56,155 INFO  [org.apa.kaf.cli.pro.KafkaProducer] (Thread-615) [Producer clientId=Producer-topic-81bf5714_e8d7_447c_a6ca_d54087302438] Closing the Kafka producer with timeoutMillis = 9223372036854775807 ms.
2025-07-31 17:04:56,161 INFO  [org.apa.kaf.com.met.Metrics] (Thread-615) Metrics scheduler closed
2025-07-31 17:04:56,161 INFO  [org.apa.kaf.com.met.Metrics] (Thread-615) Closing reporter org.apache.kafka.common.metrics.JmxReporter
2025-07-31 17:04:56,161 INFO  [org.apa.kaf.com.met.Metrics] (Thread-615) Closing reporter org.apache.kafka.common.telemetry.internals.ClientTelemetryReporter
2025-07-31 17:04:56,161 INFO  [org.apa.kaf.com.met.Metrics] (Thread-615) Metrics reporters closed
2025-07-31 17:04:56,161 INFO  [org.apa.kaf.com.uti.AppInfoParser] (Thread-615) App info kafka.producer for Producer-topic-81bf5714_e8d7_447c_a6ca_d54087302438 unregistered
**** Registry Base URL: http://registry-app-kafkasql.apps.ci419.apicurio-testing.org:80
2025-07-31 17:04:56,194 INFO  [org.apa.kaf.cli.con.ConsumerConfig] (main) ConsumerConfig values: 
	allow.auto.create.topics = true
	auto.commit.interval.ms = 500
	auto.include.jmx.reporter = true
	auto.offset.reset = earliest
	bootstrap.servers = [PLAINTEXT://localhost:32770]
	check.crcs = true
	client.dns.lookup = use_all_dns_ips
	client.id = consumer-Consumer-topic-81bf5714_e8d7_447c_a6ca_d54087302438-4
	client.rack = 
	connections.max.idle.ms = 10000
	default.api.timeout.ms = 60000
	enable.auto.commit = true
	enable.metrics.push = true
	exclude.internal.topics = true
	fetch.max.bytes = 52428800
	fetch.max.wait.ms = 500
	fetch.min.bytes = 1
	group.id = Consumer-topic-81bf5714_e8d7_447c_a6ca_d54087302438
	group.instance.id = null
	group.protocol = classic
	group.remote.assignor = null
	heartbeat.interval.ms = 3000
	interceptor.classes = []
	internal.leave.group.on.close = true
	internal.throw.on.fetch.stable.offset.unsupported = false
	isolation.level = read_uncommitted
	key.deserializer = class org.apache.kafka.common.serialization.StringDeserializer
	max.partition.fetch.bytes = 1048576
	max.poll.interval.ms = 300000
	max.poll.records = 500
	metadata.max.age.ms = 300000
	metadata.recovery.strategy = none
	metric.reporters = []
	metrics.num.samples = 2
	metrics.recording.level = INFO
	metrics.sample.window.ms = 30000
	partition.assignment.strategy = [class org.apache.kafka.clients.consumer.RangeAssignor, class org.apache.kafka.clients.consumer.CooperativeStickyAssignor]
	receive.buffer.bytes = 65536
	reconnect.backoff.max.ms = 1000
	reconnect.backoff.ms = 50
	request.timeout.ms = 5000
	retry.backoff.max.ms = 1000
	retry.backoff.ms = 100
	sasl.client.callback.handler.class = null
	sasl.jaas.config = null
	sasl.kerberos.kinit.cmd = /usr/bin/kinit
	sasl.kerberos.min.time.before.relogin = 60000
	sasl.kerberos.service.name = null
	sasl.kerberos.ticket.renew.jitter = 0.05
	sasl.kerberos.ticket.renew.window.factor = 0.8
	sasl.login.callback.handler.class = null
	sasl.login.class = null
	sasl.login.connect.timeout.ms = null
	sasl.login.read.timeout.ms = null
	sasl.login.refresh.buffer.seconds = 300
	sasl.login.refresh.min.period.seconds = 60
	sasl.login.refresh.window.factor = 0.8
	sasl.login.refresh.window.jitter = 0.05
	sasl.login.retry.backoff.max.ms = 10000
	sasl.login.retry.backoff.ms = 100
	sasl.mechanism = GSSAPI
	sasl.oauthbearer.clock.skew.seconds = 30
	sasl.oauthbearer.expected.audience = null
	sasl.oauthbearer.expected.issuer = null
	sasl.oauthbearer.header.urlencode = false
	sasl.oauthbearer.jwks.endpoint.refresh.ms = 3600000
	sasl.oauthbearer.jwks.endpoint.retry.backoff.max.ms = 10000
	sasl.oauthbearer.jwks.endpoint.retry.backoff.ms = 100
	sasl.oauthbearer.jwks.endpoint.url = null
	sasl.oauthbearer.scope.claim.name = scope
	sasl.oauthbearer.sub.claim.name = sub
	sasl.oauthbearer.token.endpoint.url = null
	security.protocol = PLAINTEXT
	security.providers = null
	send.buffer.bytes = 131072
	session.timeout.ms = 45000
	socket.connection.setup.timeout.max.ms = 30000
	socket.connection.setup.timeout.ms = 10000
	ssl.cipher.suites = null
	ssl.enabled.protocols = [TLSv1.2, TLSv1.3]
	ssl.endpoint.identification.algorithm = https
	ssl.engine.factory.class = null
	ssl.key.password = null
	ssl.keymanager.algorithm = SunX509
	ssl.keystore.certificate.chain = null
	ssl.keystore.key = null
	ssl.keystore.location = null
	ssl.keystore.password = null
	ssl.keystore.type = JKS
	ssl.protocol = TLSv1.3
	ssl.provider = null
	ssl.secure.random.implementation = null
	ssl.trustmanager.algorithm = PKIX
	ssl.truststore.certificates = null
	ssl.truststore.location = null
	ssl.truststore.password = null
	ssl.truststore.type = JKS
	value.deserializer = class io.apicurio.registry.serde.avro.AvroKafkaDeserializer

2025-07-31 17:04:56,194 INFO  [org.apa.kaf.com.tel.int.KafkaMetricsCollector] (main) initializing Kafka metrics collector
2025-07-31 17:04:56,204 INFO  [org.apa.kaf.cli.con.ConsumerConfig] (main) These configurations '[apicurio.registry.url]' were supplied but are not used yet.
2025-07-31 17:04:56,204 INFO  [org.apa.kaf.com.uti.AppInfoParser] (main) Kafka version: 3.9.1
2025-07-31 17:04:56,204 INFO  [org.apa.kaf.com.uti.AppInfoParser] (main) Kafka commitId: f745dfdcee2b9851
2025-07-31 17:04:56,204 INFO  [org.apa.kaf.com.uti.AppInfoParser] (main) Kafka startTimeMs: 1753981496204
2025-07-31 17:04:56,207 INFO  [org.apa.kaf.cli.con.int.ClassicKafkaConsumer] (Thread-618) [Consumer clientId=consumer-Consumer-topic-81bf5714_e8d7_447c_a6ca_d54087302438-4, groupId=Consumer-topic-81bf5714_e8d7_447c_a6ca_d54087302438] Subscribed to topic(s): topic-81bf5714_e8d7_447c_a6ca_d54087302438
2025-07-31 17:04:56,216 INFO  [org.apa.kaf.cli.Metadata] (Thread-618) [Consumer clientId=consumer-Consumer-topic-81bf5714_e8d7_447c_a6ca_d54087302438-4, groupId=Consumer-topic-81bf5714_e8d7_447c_a6ca_d54087302438] Cluster ID: WpqyxNU-RHKB_ermmfvksw
2025-07-31 17:04:56,220 INFO  [org.apa.kaf.cli.con.int.ConsumerCoordinator] (Thread-618) [Consumer clientId=consumer-Consumer-topic-81bf5714_e8d7_447c_a6ca_d54087302438-4, groupId=Consumer-topic-81bf5714_e8d7_447c_a6ca_d54087302438] Discovered group coordinator localhost:32770 (id: 2147483647 rack: null)
2025-07-31 17:04:56,224 INFO  [org.apa.kaf.cli.con.int.ConsumerCoordinator] (Thread-618) [Consumer clientId=consumer-Consumer-topic-81bf5714_e8d7_447c_a6ca_d54087302438-4, groupId=Consumer-topic-81bf5714_e8d7_447c_a6ca_d54087302438] (Re-)joining group
2025-07-31 17:04:56,227 INFO  [org.apa.kaf.cli.con.int.ConsumerCoordinator] (Thread-618) [Consumer clientId=consumer-Consumer-topic-81bf5714_e8d7_447c_a6ca_d54087302438-4, groupId=Consumer-topic-81bf5714_e8d7_447c_a6ca_d54087302438] Request joining group due to: need to re-join with the given member-id: consumer-Consumer-topic-81bf5714_e8d7_447c_a6ca_d54087302438-4-069fdb85-f497-4e9d-8cf0-0a5519b7fdf9
2025-07-31 17:04:56,227 INFO  [org.apa.kaf.cli.con.int.ConsumerCoordinator] (Thread-618) [Consumer clientId=consumer-Consumer-topic-81bf5714_e8d7_447c_a6ca_d54087302438-4, groupId=Consumer-topic-81bf5714_e8d7_447c_a6ca_d54087302438] (Re-)joining group
2025-07-31 17:04:56,233 INFO  [org.apa.kaf.cli.con.int.ConsumerCoordinator] (Thread-618) [Consumer clientId=consumer-Consumer-topic-81bf5714_e8d7_447c_a6ca_d54087302438-4, groupId=Consumer-topic-81bf5714_e8d7_447c_a6ca_d54087302438] Successfully joined group with generation Generation{generationId=1, memberId='consumer-Consumer-topic-81bf5714_e8d7_447c_a6ca_d54087302438-4-069fdb85-f497-4e9d-8cf0-0a5519b7fdf9', protocol='range'}
2025-07-31 17:04:56,234 INFO  [org.apa.kaf.cli.con.int.ConsumerCoordinator] (Thread-618) [Consumer clientId=consumer-Consumer-topic-81bf5714_e8d7_447c_a6ca_d54087302438-4, groupId=Consumer-topic-81bf5714_e8d7_447c_a6ca_d54087302438] Finished assignment for group at generation 1: {consumer-Consumer-topic-81bf5714_e8d7_447c_a6ca_d54087302438-4-069fdb85-f497-4e9d-8cf0-0a5519b7fdf9=Assignment(partitions=[topic-81bf5714_e8d7_447c_a6ca_d54087302438-0])}
2025-07-31 17:04:56,238 INFO  [org.apa.kaf.cli.con.int.ConsumerCoordinator] (Thread-618) [Consumer clientId=consumer-Consumer-topic-81bf5714_e8d7_447c_a6ca_d54087302438-4, groupId=Consumer-topic-81bf5714_e8d7_447c_a6ca_d54087302438] Successfully synced group in generation Generation{generationId=1, memberId='consumer-Consumer-topic-81bf5714_e8d7_447c_a6ca_d54087302438-4-069fdb85-f497-4e9d-8cf0-0a5519b7fdf9', protocol='range'}
2025-07-31 17:04:56,238 INFO  [org.apa.kaf.cli.con.int.ConsumerCoordinator] (Thread-618) [Consumer clientId=consumer-Consumer-topic-81bf5714_e8d7_447c_a6ca_d54087302438-4, groupId=Consumer-topic-81bf5714_e8d7_447c_a6ca_d54087302438] Notifying assignor about the new Assignment(partitions=[topic-81bf5714_e8d7_447c_a6ca_d54087302438-0])
2025-07-31 17:04:56,238 INFO  [org.apa.kaf.cli.con.int.ConsumerRebalanceListenerInvoker] (Thread-618) [Consumer clientId=consumer-Consumer-topic-81bf5714_e8d7_447c_a6ca_d54087302438-4, groupId=Consumer-topic-81bf5714_e8d7_447c_a6ca_d54087302438] Adding newly assigned partitions: topic-81bf5714_e8d7_447c_a6ca_d54087302438-0
2025-07-31 17:04:56,239 INFO  [org.apa.kaf.cli.con.int.ConsumerCoordinator] (Thread-618) [Consumer clientId=consumer-Consumer-topic-81bf5714_e8d7_447c_a6ca_d54087302438-4, groupId=Consumer-topic-81bf5714_e8d7_447c_a6ca_d54087302438] Found no committed offset for partition topic-81bf5714_e8d7_447c_a6ca_d54087302438-0
2025-07-31 17:04:56,244 INFO  [org.apa.kaf.cli.con.int.SubscriptionState] (Thread-618) [Consumer clientId=consumer-Consumer-topic-81bf5714_e8d7_447c_a6ca_d54087302438-4, groupId=Consumer-topic-81bf5714_e8d7_447c_a6ca_d54087302438] Resetting offset for partition topic-81bf5714_e8d7_447c_a6ca_d54087302438-0 to position FetchPosition{offset=0, offsetEpoch=Optional.empty, currentLeader=LeaderAndEpoch{leader=Optional[localhost:32770 (id: 0 rack: null)], epoch=0}}.
2025-07-31 17:04:56,286 INFO  [io.api.tes.ser.api.KafkaSerdesTester] (Thread-618) topic-81bf5714_e8d7_447c_a6ca_d54087302438 0 0 {"key11753981495884": "value-0"}
2025-07-31 17:04:56,286 INFO  [io.api.tes.ser.api.KafkaSerdesTester] (Thread-618) topic-81bf5714_e8d7_447c_a6ca_d54087302438 0 1 {"key11753981495884": "value-1"}
2025-07-31 17:04:56,286 INFO  [io.api.tes.ser.api.KafkaSerdesTester] (Thread-618) topic-81bf5714_e8d7_447c_a6ca_d54087302438 0 2 {"key11753981495884": "value-2"}
2025-07-31 17:04:56,286 INFO  [io.api.tes.ser.api.KafkaSerdesTester] (Thread-618) topic-81bf5714_e8d7_447c_a6ca_d54087302438 0 3 {"key11753981495884": "value-3"}
2025-07-31 17:04:56,286 INFO  [io.api.tes.ser.api.KafkaSerdesTester] (Thread-618) topic-81bf5714_e8d7_447c_a6ca_d54087302438 0 4 {"key11753981495884": "value-4"}
2025-07-31 17:04:56,287 INFO  [io.api.tes.ser.api.KafkaSerdesTester] (Thread-618) topic-81bf5714_e8d7_447c_a6ca_d54087302438 0 5 {"key11753981495884": "value-5"}
2025-07-31 17:04:56,287 INFO  [io.api.tes.ser.api.KafkaSerdesTester] (Thread-618) topic-81bf5714_e8d7_447c_a6ca_d54087302438 0 6 {"key11753981495884": "value-6"}
2025-07-31 17:04:56,287 INFO  [io.api.tes.ser.api.KafkaSerdesTester] (Thread-618) topic-81bf5714_e8d7_447c_a6ca_d54087302438 0 7 {"key11753981495884": "value-7"}
2025-07-31 17:04:56,287 INFO  [io.api.tes.ser.api.KafkaSerdesTester] (Thread-618) topic-81bf5714_e8d7_447c_a6ca_d54087302438 0 8 {"key11753981495884": "value-8"}
2025-07-31 17:04:56,287 INFO  [io.api.tes.ser.api.KafkaSerdesTester] (Thread-618) topic-81bf5714_e8d7_447c_a6ca_d54087302438 0 9 {"key11753981495884": "value-9"}
2025-07-31 17:04:56,287 INFO  [io.api.tes.ser.api.KafkaSerdesTester] (Thread-618) Consumed 10 messages
2025-07-31 17:04:56,290 INFO  [org.apa.kaf.cli.con.int.ConsumerRebalanceListenerInvoker] (Thread-618) [Consumer clientId=consumer-Consumer-topic-81bf5714_e8d7_447c_a6ca_d54087302438-4, groupId=Consumer-topic-81bf5714_e8d7_447c_a6ca_d54087302438] Revoke previously assigned partitions topic-81bf5714_e8d7_447c_a6ca_d54087302438-0
2025-07-31 17:04:56,290 INFO  [org.apa.kaf.cli.con.int.ConsumerCoordinator] (Thread-618) [Consumer clientId=consumer-Consumer-topic-81bf5714_e8d7_447c_a6ca_d54087302438-4, groupId=Consumer-topic-81bf5714_e8d7_447c_a6ca_d54087302438] Member consumer-Consumer-topic-81bf5714_e8d7_447c_a6ca_d54087302438-4-069fdb85-f497-4e9d-8cf0-0a5519b7fdf9 sending LeaveGroup request to coordinator localhost:32770 (id: 2147483647 rack: null) due to the consumer is being closed
2025-07-31 17:04:56,290 INFO  [org.apa.kaf.cli.con.int.ConsumerCoordinator] (Thread-618) [Consumer clientId=consumer-Consumer-topic-81bf5714_e8d7_447c_a6ca_d54087302438-4, groupId=Consumer-topic-81bf5714_e8d7_447c_a6ca_d54087302438] Resetting generation and member id due to: consumer pro-actively leaving the group
2025-07-31 17:04:56,291 INFO  [org.apa.kaf.cli.con.int.ConsumerCoordinator] (Thread-618) [Consumer clientId=consumer-Consumer-topic-81bf5714_e8d7_447c_a6ca_d54087302438-4, groupId=Consumer-topic-81bf5714_e8d7_447c_a6ca_d54087302438] Request joining group due to: consumer pro-actively leaving the group
2025-07-31 17:04:56,791 INFO  [org.apa.kaf.com.met.Metrics] (Thread-618) Metrics scheduler closed
2025-07-31 17:04:56,791 INFO  [org.apa.kaf.com.met.Metrics] (Thread-618) Closing reporter org.apache.kafka.common.metrics.JmxReporter
2025-07-31 17:04:56,791 INFO  [org.apa.kaf.com.met.Metrics] (Thread-618) Closing reporter org.apache.kafka.common.telemetry.internals.ClientTelemetryReporter
2025-07-31 17:04:56,792 INFO  [org.apa.kaf.com.met.Metrics] (Thread-618) Metrics reporters closed
2025-07-31 17:04:56,795 INFO  [org.apa.kaf.com.uti.AppInfoParser] (Thread-618) App info kafka.consumer for consumer-Consumer-topic-81bf5714_e8d7_447c_a6ca_d54087302438-4 unregistered
2025-07-31 17:04:56,825 INFO  [io.api.tes.uti.TestSeparator] (main) io.apicurio.tests.serdes.apicurio.AvroSerdeIT.testTopicIdStrategyAutoRegister-FINISHED
2025-07-31 17:04:56,825 INFO  [io.api.tes.uti.TestSeparator] (main) ############################################################################
Test passed: testTopicIdStrategyAutoRegister
]]></system-out>
  </testcase>
  <testcase name="testRecordIdStrategydFindLatest" classname="io.apicurio.tests.serdes.apicurio.AvroSerdeIT" time="1.81">
    <system-out><![CDATA[2025-07-31 17:04:56,827 INFO  [io.api.tes.uti.TestSeparator] (main) ############################################################################
2025-07-31 17:04:56,827 INFO  [io.api.tes.uti.TestSeparator] (main) io.apicurio.tests.serdes.apicurio.AvroSerdeIT.testRecordIdStrategydFindLatest-STARTED
2025-07-31 17:04:56,828 INFO  [io.api.tes.ser.api.AvroSerdeIT] (main) Registering Avro Schema: {"type":"record","name":"sfe38b51ax3158x4defxab30x1795dc78e9e3","namespace":"s07d8296fx5fa6x4813xaa61x50fd4af671aa","fields":[{"name":"key11753981496827","type":"string"}]}
**** Registry Base URL: http://registry-app-kafkasql.apps.ci419.apicurio-testing.org:80
2025-07-31 17:04:57,901 INFO  [org.apa.kaf.cli.pro.ProducerConfig] (main) ProducerConfig values: 
	acks = -1
	auto.include.jmx.reporter = true
	batch.size = 16384
	bootstrap.servers = [PLAINTEXT://localhost:32770]
	buffer.memory = 33554432
	client.dns.lookup = use_all_dns_ips
	client.id = Producer-topic-a35a69df_4f34_400a_a6ac_4647ccc72c4f
	compression.gzip.level = -1
	compression.lz4.level = 9
	compression.type = none
	compression.zstd.level = 3
	connections.max.idle.ms = 10000
	delivery.timeout.ms = 120000
	enable.idempotence = true
	enable.metrics.push = true
	interceptor.classes = []
	key.serializer = class org.apache.kafka.common.serialization.StringSerializer
	linger.ms = 0
	max.block.ms = 60000
	max.in.flight.requests.per.connection = 5
	max.request.size = 1048576
	metadata.max.age.ms = 300000
	metadata.max.idle.ms = 300000
	metadata.recovery.strategy = none
	metric.reporters = []
	metrics.num.samples = 2
	metrics.recording.level = INFO
	metrics.sample.window.ms = 30000
	partitioner.adaptive.partitioning.enable = true
	partitioner.availability.timeout.ms = 0
	partitioner.class = null
	partitioner.ignore.keys = false
	receive.buffer.bytes = 32768
	reconnect.backoff.max.ms = 1000
	reconnect.backoff.ms = 50
	request.timeout.ms = 5000
	retries = 2147483647
	retry.backoff.max.ms = 1000
	retry.backoff.ms = 100
	sasl.client.callback.handler.class = null
	sasl.jaas.config = null
	sasl.kerberos.kinit.cmd = /usr/bin/kinit
	sasl.kerberos.min.time.before.relogin = 60000
	sasl.kerberos.service.name = null
	sasl.kerberos.ticket.renew.jitter = 0.05
	sasl.kerberos.ticket.renew.window.factor = 0.8
	sasl.login.callback.handler.class = null
	sasl.login.class = null
	sasl.login.connect.timeout.ms = null
	sasl.login.read.timeout.ms = null
	sasl.login.refresh.buffer.seconds = 300
	sasl.login.refresh.min.period.seconds = 60
	sasl.login.refresh.window.factor = 0.8
	sasl.login.refresh.window.jitter = 0.05
	sasl.login.retry.backoff.max.ms = 10000
	sasl.login.retry.backoff.ms = 100
	sasl.mechanism = GSSAPI
	sasl.oauthbearer.clock.skew.seconds = 30
	sasl.oauthbearer.expected.audience = null
	sasl.oauthbearer.expected.issuer = null
	sasl.oauthbearer.header.urlencode = false
	sasl.oauthbearer.jwks.endpoint.refresh.ms = 3600000
	sasl.oauthbearer.jwks.endpoint.retry.backoff.max.ms = 10000
	sasl.oauthbearer.jwks.endpoint.retry.backoff.ms = 100
	sasl.oauthbearer.jwks.endpoint.url = null
	sasl.oauthbearer.scope.claim.name = scope
	sasl.oauthbearer.sub.claim.name = sub
	sasl.oauthbearer.token.endpoint.url = null
	security.protocol = PLAINTEXT
	security.providers = null
	send.buffer.bytes = 131072
	socket.connection.setup.timeout.max.ms = 30000
	socket.connection.setup.timeout.ms = 10000
	ssl.cipher.suites = null
	ssl.enabled.protocols = [TLSv1.2, TLSv1.3]
	ssl.endpoint.identification.algorithm = https
	ssl.engine.factory.class = null
	ssl.key.password = null
	ssl.keymanager.algorithm = SunX509
	ssl.keystore.certificate.chain = null
	ssl.keystore.key = null
	ssl.keystore.location = null
	ssl.keystore.password = null
	ssl.keystore.type = JKS
	ssl.protocol = TLSv1.3
	ssl.provider = null
	ssl.secure.random.implementation = null
	ssl.trustmanager.algorithm = PKIX
	ssl.truststore.certificates = null
	ssl.truststore.location = null
	ssl.truststore.password = null
	ssl.truststore.type = JKS
	transaction.timeout.ms = 60000
	transactional.id = null
	value.serializer = class io.apicurio.registry.serde.avro.AvroKafkaSerializer

2025-07-31 17:04:57,901 INFO  [org.apa.kaf.com.tel.int.KafkaMetricsCollector] (main) initializing Kafka metrics collector
2025-07-31 17:04:57,905 INFO  [org.apa.kaf.cli.pro.KafkaProducer] (main) [Producer clientId=Producer-topic-a35a69df_4f34_400a_a6ac_4647ccc72c4f] Instantiated an idempotent producer.
2025-07-31 17:04:57,908 INFO  [org.apa.kaf.cli.pro.ProducerConfig] (main) These configurations '[apicurio.registry.find-latest, apicurio.registry.url, apicurio.registry.artifact-resolver-strategy]' were supplied but are not used yet.
2025-07-31 17:04:57,908 INFO  [org.apa.kaf.com.uti.AppInfoParser] (main) Kafka version: 3.9.1
2025-07-31 17:04:57,910 INFO  [org.apa.kaf.com.uti.AppInfoParser] (main) Kafka commitId: f745dfdcee2b9851
2025-07-31 17:04:57,910 INFO  [org.apa.kaf.com.uti.AppInfoParser] (main) Kafka startTimeMs: 1753981497908
2025-07-31 17:04:57,910 INFO  [io.api.tes.ser.api.SimpleSerdesTesterBuilder$SimpleSerdesTester] (main) Using producer configuration: {apicurio.registry.find-latest=true, apicurio.registry.url=http://registry-app-kafkasql.apps.ci419.apicurio-testing.org:80/apis/registry/v3, apicurio.registry.artifact-resolver-strategy=io.apicurio.registry.serde.avro.strategy.RecordIdStrategy, value.serializer=io.apicurio.registry.serde.avro.AvroKafkaSerializer, request.timeout.ms=5000, acks=all, bootstrap.servers=PLAINTEXT://localhost:32770, connections.max.idle.ms=10000, key.serializer=org.apache.kafka.common.serialization.StringSerializer, client.id=Producer-topic-a35a69df_4f34_400a_a6ac_4647ccc72c4f}
2025-07-31 17:04:57,910 INFO  [io.api.tes.ser.api.SimpleSerdesTesterBuilder$SimpleSerdesTester] (main) Using consumer configuration: {}
2025-07-31 17:04:57,911 INFO  [io.api.tes.ser.api.KafkaSerdesTester] (Thread-621) Sending message {"key11753981496827": "value-0"} to topic topic-a35a69df_4f34_400a_a6ac_4647ccc72c4f
2025-07-31 17:04:57,917 INFO  [org.apa.kaf.cli.Metadata] (kafka-producer-network-thread | Producer-topic-a35a69df_4f34_400a_a6ac_4647ccc72c4f) [Producer clientId=Producer-topic-a35a69df_4f34_400a_a6ac_4647ccc72c4f] Cluster ID: WpqyxNU-RHKB_ermmfvksw
2025-07-31 17:04:57,918 INFO  [org.apa.kaf.cli.pro.int.TransactionManager] (kafka-producer-network-thread | Producer-topic-a35a69df_4f34_400a_a6ac_4647ccc72c4f) [Producer clientId=Producer-topic-a35a69df_4f34_400a_a6ac_4647ccc72c4f] ProducerId set to 5 with epoch 0
2025-07-31 17:04:57,984 INFO  [io.api.tes.ser.api.KafkaSerdesTester] (Thread-621) Sending message {"key11753981496827": "value-1"} to topic topic-a35a69df_4f34_400a_a6ac_4647ccc72c4f
2025-07-31 17:04:57,988 INFO  [io.api.tes.ser.api.KafkaSerdesTester] (Thread-621) Sending message {"key11753981496827": "value-2"} to topic topic-a35a69df_4f34_400a_a6ac_4647ccc72c4f
2025-07-31 17:04:57,991 INFO  [io.api.tes.ser.api.KafkaSerdesTester] (Thread-621) Sending message {"key11753981496827": "value-3"} to topic topic-a35a69df_4f34_400a_a6ac_4647ccc72c4f
2025-07-31 17:04:57,994 INFO  [io.api.tes.ser.api.KafkaSerdesTester] (Thread-621) Sending message {"key11753981496827": "value-4"} to topic topic-a35a69df_4f34_400a_a6ac_4647ccc72c4f
2025-07-31 17:04:57,999 INFO  [io.api.tes.ser.api.KafkaSerdesTester] (Thread-621) Sending message {"key11753981496827": "value-5"} to topic topic-a35a69df_4f34_400a_a6ac_4647ccc72c4f
2025-07-31 17:04:58,010 INFO  [io.api.tes.ser.api.KafkaSerdesTester] (Thread-621) Sending message {"key11753981496827": "value-6"} to topic topic-a35a69df_4f34_400a_a6ac_4647ccc72c4f
2025-07-31 17:04:58,014 INFO  [io.api.tes.ser.api.KafkaSerdesTester] (Thread-621) Sending message {"key11753981496827": "value-7"} to topic topic-a35a69df_4f34_400a_a6ac_4647ccc72c4f
2025-07-31 17:04:58,019 INFO  [io.api.tes.ser.api.KafkaSerdesTester] (Thread-621) Sending message {"key11753981496827": "value-8"} to topic topic-a35a69df_4f34_400a_a6ac_4647ccc72c4f
2025-07-31 17:04:58,023 INFO  [io.api.tes.ser.api.KafkaSerdesTester] (Thread-621) Sending message {"key11753981496827": "value-9"} to topic topic-a35a69df_4f34_400a_a6ac_4647ccc72c4f
2025-07-31 17:04:58,025 INFO  [io.api.tes.ser.api.KafkaSerdesTester] (Thread-621) Produced 10 messages
2025-07-31 17:04:58,025 INFO  [org.apa.kaf.cli.pro.KafkaProducer] (Thread-621) [Producer clientId=Producer-topic-a35a69df_4f34_400a_a6ac_4647ccc72c4f] Closing the Kafka producer with timeoutMillis = 9223372036854775807 ms.
2025-07-31 17:04:58,029 INFO  [org.apa.kaf.com.met.Metrics] (Thread-621) Metrics scheduler closed
2025-07-31 17:04:58,030 INFO  [org.apa.kaf.com.met.Metrics] (Thread-621) Closing reporter org.apache.kafka.common.metrics.JmxReporter
2025-07-31 17:04:58,030 INFO  [org.apa.kaf.com.met.Metrics] (Thread-621) Closing reporter org.apache.kafka.common.telemetry.internals.ClientTelemetryReporter
2025-07-31 17:04:58,030 INFO  [org.apa.kaf.com.met.Metrics] (Thread-621) Metrics reporters closed
2025-07-31 17:04:58,033 INFO  [org.apa.kaf.com.uti.AppInfoParser] (Thread-621) App info kafka.producer for Producer-topic-a35a69df_4f34_400a_a6ac_4647ccc72c4f unregistered
**** Registry Base URL: http://registry-app-kafkasql.apps.ci419.apicurio-testing.org:80
2025-07-31 17:04:58,034 INFO  [org.apa.kaf.cli.con.ConsumerConfig] (main) ConsumerConfig values: 
	allow.auto.create.topics = true
	auto.commit.interval.ms = 500
	auto.include.jmx.reporter = true
	auto.offset.reset = earliest
	bootstrap.servers = [PLAINTEXT://localhost:32770]
	check.crcs = true
	client.dns.lookup = use_all_dns_ips
	client.id = consumer-Consumer-topic-a35a69df_4f34_400a_a6ac_4647ccc72c4f-5
	client.rack = 
	connections.max.idle.ms = 10000
	default.api.timeout.ms = 60000
	enable.auto.commit = true
	enable.metrics.push = true
	exclude.internal.topics = true
	fetch.max.bytes = 52428800
	fetch.max.wait.ms = 500
	fetch.min.bytes = 1
	group.id = Consumer-topic-a35a69df_4f34_400a_a6ac_4647ccc72c4f
	group.instance.id = null
	group.protocol = classic
	group.remote.assignor = null
	heartbeat.interval.ms = 3000
	interceptor.classes = []
	internal.leave.group.on.close = true
	internal.throw.on.fetch.stable.offset.unsupported = false
	isolation.level = read_uncommitted
	key.deserializer = class org.apache.kafka.common.serialization.StringDeserializer
	max.partition.fetch.bytes = 1048576
	max.poll.interval.ms = 300000
	max.poll.records = 500
	metadata.max.age.ms = 300000
	metadata.recovery.strategy = none
	metric.reporters = []
	metrics.num.samples = 2
	metrics.recording.level = INFO
	metrics.sample.window.ms = 30000
	partition.assignment.strategy = [class org.apache.kafka.clients.consumer.RangeAssignor, class org.apache.kafka.clients.consumer.CooperativeStickyAssignor]
	receive.buffer.bytes = 65536
	reconnect.backoff.max.ms = 1000
	reconnect.backoff.ms = 50
	request.timeout.ms = 5000
	retry.backoff.max.ms = 1000
	retry.backoff.ms = 100
	sasl.client.callback.handler.class = null
	sasl.jaas.config = null
	sasl.kerberos.kinit.cmd = /usr/bin/kinit
	sasl.kerberos.min.time.before.relogin = 60000
	sasl.kerberos.service.name = null
	sasl.kerberos.ticket.renew.jitter = 0.05
	sasl.kerberos.ticket.renew.window.factor = 0.8
	sasl.login.callback.handler.class = null
	sasl.login.class = null
	sasl.login.connect.timeout.ms = null
	sasl.login.read.timeout.ms = null
	sasl.login.refresh.buffer.seconds = 300
	sasl.login.refresh.min.period.seconds = 60
	sasl.login.refresh.window.factor = 0.8
	sasl.login.refresh.window.jitter = 0.05
	sasl.login.retry.backoff.max.ms = 10000
	sasl.login.retry.backoff.ms = 100
	sasl.mechanism = GSSAPI
	sasl.oauthbearer.clock.skew.seconds = 30
	sasl.oauthbearer.expected.audience = null
	sasl.oauthbearer.expected.issuer = null
	sasl.oauthbearer.header.urlencode = false
	sasl.oauthbearer.jwks.endpoint.refresh.ms = 3600000
	sasl.oauthbearer.jwks.endpoint.retry.backoff.max.ms = 10000
	sasl.oauthbearer.jwks.endpoint.retry.backoff.ms = 100
	sasl.oauthbearer.jwks.endpoint.url = null
	sasl.oauthbearer.scope.claim.name = scope
	sasl.oauthbearer.sub.claim.name = sub
	sasl.oauthbearer.token.endpoint.url = null
	security.protocol = PLAINTEXT
	security.providers = null
	send.buffer.bytes = 131072
	session.timeout.ms = 45000
	socket.connection.setup.timeout.max.ms = 30000
	socket.connection.setup.timeout.ms = 10000
	ssl.cipher.suites = null
	ssl.enabled.protocols = [TLSv1.2, TLSv1.3]
	ssl.endpoint.identification.algorithm = https
	ssl.engine.factory.class = null
	ssl.key.password = null
	ssl.keymanager.algorithm = SunX509
	ssl.keystore.certificate.chain = null
	ssl.keystore.key = null
	ssl.keystore.location = null
	ssl.keystore.password = null
	ssl.keystore.type = JKS
	ssl.protocol = TLSv1.3
	ssl.provider = null
	ssl.secure.random.implementation = null
	ssl.trustmanager.algorithm = PKIX
	ssl.truststore.certificates = null
	ssl.truststore.location = null
	ssl.truststore.password = null
	ssl.truststore.type = JKS
	value.deserializer = class io.apicurio.registry.serde.avro.AvroKafkaDeserializer

2025-07-31 17:04:58,034 INFO  [org.apa.kaf.com.tel.int.KafkaMetricsCollector] (main) initializing Kafka metrics collector
2025-07-31 17:04:58,051 INFO  [org.apa.kaf.cli.con.ConsumerConfig] (main) These configurations '[apicurio.registry.url]' were supplied but are not used yet.
2025-07-31 17:04:58,051 INFO  [org.apa.kaf.com.uti.AppInfoParser] (main) Kafka version: 3.9.1
2025-07-31 17:04:58,051 INFO  [org.apa.kaf.com.uti.AppInfoParser] (main) Kafka commitId: f745dfdcee2b9851
2025-07-31 17:04:58,051 INFO  [org.apa.kaf.com.uti.AppInfoParser] (main) Kafka startTimeMs: 1753981498051
2025-07-31 17:04:58,052 INFO  [org.apa.kaf.cli.con.int.ClassicKafkaConsumer] (Thread-624) [Consumer clientId=consumer-Consumer-topic-a35a69df_4f34_400a_a6ac_4647ccc72c4f-5, groupId=Consumer-topic-a35a69df_4f34_400a_a6ac_4647ccc72c4f] Subscribed to topic(s): topic-a35a69df_4f34_400a_a6ac_4647ccc72c4f
2025-07-31 17:04:58,059 INFO  [org.apa.kaf.cli.Metadata] (Thread-624) [Consumer clientId=consumer-Consumer-topic-a35a69df_4f34_400a_a6ac_4647ccc72c4f-5, groupId=Consumer-topic-a35a69df_4f34_400a_a6ac_4647ccc72c4f] Cluster ID: WpqyxNU-RHKB_ermmfvksw
2025-07-31 17:04:58,059 INFO  [org.apa.kaf.cli.con.int.ConsumerCoordinator] (Thread-624) [Consumer clientId=consumer-Consumer-topic-a35a69df_4f34_400a_a6ac_4647ccc72c4f-5, groupId=Consumer-topic-a35a69df_4f34_400a_a6ac_4647ccc72c4f] Discovered group coordinator localhost:32770 (id: 2147483647 rack: null)
2025-07-31 17:04:58,061 INFO  [org.apa.kaf.cli.con.int.ConsumerCoordinator] (Thread-624) [Consumer clientId=consumer-Consumer-topic-a35a69df_4f34_400a_a6ac_4647ccc72c4f-5, groupId=Consumer-topic-a35a69df_4f34_400a_a6ac_4647ccc72c4f] (Re-)joining group
2025-07-31 17:04:58,066 INFO  [org.apa.kaf.cli.con.int.ConsumerCoordinator] (Thread-624) [Consumer clientId=consumer-Consumer-topic-a35a69df_4f34_400a_a6ac_4647ccc72c4f-5, groupId=Consumer-topic-a35a69df_4f34_400a_a6ac_4647ccc72c4f] Request joining group due to: need to re-join with the given member-id: consumer-Consumer-topic-a35a69df_4f34_400a_a6ac_4647ccc72c4f-5-e1d361a6-5512-4187-a0f1-ad73262df086
2025-07-31 17:04:58,066 INFO  [org.apa.kaf.cli.con.int.ConsumerCoordinator] (Thread-624) [Consumer clientId=consumer-Consumer-topic-a35a69df_4f34_400a_a6ac_4647ccc72c4f-5, groupId=Consumer-topic-a35a69df_4f34_400a_a6ac_4647ccc72c4f] (Re-)joining group
2025-07-31 17:04:58,069 INFO  [org.apa.kaf.cli.con.int.ConsumerCoordinator] (Thread-624) [Consumer clientId=consumer-Consumer-topic-a35a69df_4f34_400a_a6ac_4647ccc72c4f-5, groupId=Consumer-topic-a35a69df_4f34_400a_a6ac_4647ccc72c4f] Successfully joined group with generation Generation{generationId=1, memberId='consumer-Consumer-topic-a35a69df_4f34_400a_a6ac_4647ccc72c4f-5-e1d361a6-5512-4187-a0f1-ad73262df086', protocol='range'}
2025-07-31 17:04:58,069 INFO  [org.apa.kaf.cli.con.int.ConsumerCoordinator] (Thread-624) [Consumer clientId=consumer-Consumer-topic-a35a69df_4f34_400a_a6ac_4647ccc72c4f-5, groupId=Consumer-topic-a35a69df_4f34_400a_a6ac_4647ccc72c4f] Finished assignment for group at generation 1: {consumer-Consumer-topic-a35a69df_4f34_400a_a6ac_4647ccc72c4f-5-e1d361a6-5512-4187-a0f1-ad73262df086=Assignment(partitions=[topic-a35a69df_4f34_400a_a6ac_4647ccc72c4f-0])}
2025-07-31 17:04:58,072 INFO  [org.apa.kaf.cli.con.int.ConsumerCoordinator] (Thread-624) [Consumer clientId=consumer-Consumer-topic-a35a69df_4f34_400a_a6ac_4647ccc72c4f-5, groupId=Consumer-topic-a35a69df_4f34_400a_a6ac_4647ccc72c4f] Successfully synced group in generation Generation{generationId=1, memberId='consumer-Consumer-topic-a35a69df_4f34_400a_a6ac_4647ccc72c4f-5-e1d361a6-5512-4187-a0f1-ad73262df086', protocol='range'}
2025-07-31 17:04:58,072 INFO  [org.apa.kaf.cli.con.int.ConsumerCoordinator] (Thread-624) [Consumer clientId=consumer-Consumer-topic-a35a69df_4f34_400a_a6ac_4647ccc72c4f-5, groupId=Consumer-topic-a35a69df_4f34_400a_a6ac_4647ccc72c4f] Notifying assignor about the new Assignment(partitions=[topic-a35a69df_4f34_400a_a6ac_4647ccc72c4f-0])
2025-07-31 17:04:58,072 INFO  [org.apa.kaf.cli.con.int.ConsumerRebalanceListenerInvoker] (Thread-624) [Consumer clientId=consumer-Consumer-topic-a35a69df_4f34_400a_a6ac_4647ccc72c4f-5, groupId=Consumer-topic-a35a69df_4f34_400a_a6ac_4647ccc72c4f] Adding newly assigned partitions: topic-a35a69df_4f34_400a_a6ac_4647ccc72c4f-0
2025-07-31 17:04:58,073 INFO  [org.apa.kaf.cli.con.int.ConsumerCoordinator] (Thread-624) [Consumer clientId=consumer-Consumer-topic-a35a69df_4f34_400a_a6ac_4647ccc72c4f-5, groupId=Consumer-topic-a35a69df_4f34_400a_a6ac_4647ccc72c4f] Found no committed offset for partition topic-a35a69df_4f34_400a_a6ac_4647ccc72c4f-0
2025-07-31 17:04:58,081 INFO  [org.apa.kaf.cli.con.int.SubscriptionState] (Thread-624) [Consumer clientId=consumer-Consumer-topic-a35a69df_4f34_400a_a6ac_4647ccc72c4f-5, groupId=Consumer-topic-a35a69df_4f34_400a_a6ac_4647ccc72c4f] Resetting offset for partition topic-a35a69df_4f34_400a_a6ac_4647ccc72c4f-0 to position FetchPosition{offset=0, offsetEpoch=Optional.empty, currentLeader=LeaderAndEpoch{leader=Optional[localhost:32770 (id: 0 rack: null)], epoch=0}}.
2025-07-31 17:04:58,124 INFO  [io.api.tes.ser.api.KafkaSerdesTester] (Thread-624) topic-a35a69df_4f34_400a_a6ac_4647ccc72c4f 0 0 {"key11753981496827": "value-0"}
2025-07-31 17:04:58,125 INFO  [io.api.tes.ser.api.KafkaSerdesTester] (Thread-624) topic-a35a69df_4f34_400a_a6ac_4647ccc72c4f 0 1 {"key11753981496827": "value-1"}
2025-07-31 17:04:58,125 INFO  [io.api.tes.ser.api.KafkaSerdesTester] (Thread-624) topic-a35a69df_4f34_400a_a6ac_4647ccc72c4f 0 2 {"key11753981496827": "value-2"}
2025-07-31 17:04:58,125 INFO  [io.api.tes.ser.api.KafkaSerdesTester] (Thread-624) topic-a35a69df_4f34_400a_a6ac_4647ccc72c4f 0 3 {"key11753981496827": "value-3"}
2025-07-31 17:04:58,125 INFO  [io.api.tes.ser.api.KafkaSerdesTester] (Thread-624) topic-a35a69df_4f34_400a_a6ac_4647ccc72c4f 0 4 {"key11753981496827": "value-4"}
2025-07-31 17:04:58,125 INFO  [io.api.tes.ser.api.KafkaSerdesTester] (Thread-624) topic-a35a69df_4f34_400a_a6ac_4647ccc72c4f 0 5 {"key11753981496827": "value-5"}
2025-07-31 17:04:58,125 INFO  [io.api.tes.ser.api.KafkaSerdesTester] (Thread-624) topic-a35a69df_4f34_400a_a6ac_4647ccc72c4f 0 6 {"key11753981496827": "value-6"}
2025-07-31 17:04:58,125 INFO  [io.api.tes.ser.api.KafkaSerdesTester] (Thread-624) topic-a35a69df_4f34_400a_a6ac_4647ccc72c4f 0 7 {"key11753981496827": "value-7"}
2025-07-31 17:04:58,125 INFO  [io.api.tes.ser.api.KafkaSerdesTester] (Thread-624) topic-a35a69df_4f34_400a_a6ac_4647ccc72c4f 0 8 {"key11753981496827": "value-8"}
2025-07-31 17:04:58,126 INFO  [io.api.tes.ser.api.KafkaSerdesTester] (Thread-624) topic-a35a69df_4f34_400a_a6ac_4647ccc72c4f 0 9 {"key11753981496827": "value-9"}
2025-07-31 17:04:58,126 INFO  [io.api.tes.ser.api.KafkaSerdesTester] (Thread-624) Consumed 10 messages
2025-07-31 17:04:58,133 INFO  [org.apa.kaf.cli.con.int.ConsumerRebalanceListenerInvoker] (Thread-624) [Consumer clientId=consumer-Consumer-topic-a35a69df_4f34_400a_a6ac_4647ccc72c4f-5, groupId=Consumer-topic-a35a69df_4f34_400a_a6ac_4647ccc72c4f] Revoke previously assigned partitions topic-a35a69df_4f34_400a_a6ac_4647ccc72c4f-0
2025-07-31 17:04:58,134 INFO  [org.apa.kaf.cli.con.int.ConsumerCoordinator] (Thread-624) [Consumer clientId=consumer-Consumer-topic-a35a69df_4f34_400a_a6ac_4647ccc72c4f-5, groupId=Consumer-topic-a35a69df_4f34_400a_a6ac_4647ccc72c4f] Member consumer-Consumer-topic-a35a69df_4f34_400a_a6ac_4647ccc72c4f-5-e1d361a6-5512-4187-a0f1-ad73262df086 sending LeaveGroup request to coordinator localhost:32770 (id: 2147483647 rack: null) due to the consumer is being closed
2025-07-31 17:04:58,134 INFO  [org.apa.kaf.cli.con.int.ConsumerCoordinator] (Thread-624) [Consumer clientId=consumer-Consumer-topic-a35a69df_4f34_400a_a6ac_4647ccc72c4f-5, groupId=Consumer-topic-a35a69df_4f34_400a_a6ac_4647ccc72c4f] Resetting generation and member id due to: consumer pro-actively leaving the group
2025-07-31 17:04:58,134 INFO  [org.apa.kaf.cli.con.int.ConsumerCoordinator] (Thread-624) [Consumer clientId=consumer-Consumer-topic-a35a69df_4f34_400a_a6ac_4647ccc72c4f-5, groupId=Consumer-topic-a35a69df_4f34_400a_a6ac_4647ccc72c4f] Request joining group due to: consumer pro-actively leaving the group
2025-07-31 17:04:58,630 INFO  [org.apa.kaf.com.met.Metrics] (Thread-624) Metrics scheduler closed
2025-07-31 17:04:58,630 INFO  [org.apa.kaf.com.met.Metrics] (Thread-624) Closing reporter org.apache.kafka.common.metrics.JmxReporter
2025-07-31 17:04:58,630 INFO  [org.apa.kaf.com.met.Metrics] (Thread-624) Closing reporter org.apache.kafka.common.telemetry.internals.ClientTelemetryReporter
2025-07-31 17:04:58,630 INFO  [org.apa.kaf.com.met.Metrics] (Thread-624) Metrics reporters closed
2025-07-31 17:04:58,635 INFO  [org.apa.kaf.com.uti.AppInfoParser] (Thread-624) App info kafka.consumer for consumer-Consumer-topic-a35a69df_4f34_400a_a6ac_4647ccc72c4f-5 unregistered
2025-07-31 17:04:58,636 INFO  [io.api.tes.uti.TestSeparator] (main) io.apicurio.tests.serdes.apicurio.AvroSerdeIT.testRecordIdStrategydFindLatest-FINISHED
2025-07-31 17:04:58,636 INFO  [io.api.tes.uti.TestSeparator] (main) ############################################################################
Test passed: testRecordIdStrategydFindLatest
]]></system-out>
  </testcase>
  <testcase name="testReflectAutoRegister" classname="io.apicurio.tests.serdes.apicurio.AvroSerdeIT" time="0.919">
    <system-out><![CDATA[2025-07-31 17:04:58,641 INFO  [io.api.tes.uti.TestSeparator] (main) ############################################################################
2025-07-31 17:04:58,643 INFO  [io.api.tes.uti.TestSeparator] (main) io.apicurio.tests.serdes.apicurio.AvroSerdeIT.testReflectAutoRegister-STARTED
**** Registry Base URL: http://registry-app-kafkasql.apps.ci419.apicurio-testing.org:80
2025-07-31 17:04:58,647 INFO  [org.apa.kaf.cli.pro.ProducerConfig] (main) ProducerConfig values: 
	acks = -1
	auto.include.jmx.reporter = true
	batch.size = 16384
	bootstrap.servers = [PLAINTEXT://localhost:32770]
	buffer.memory = 33554432
	client.dns.lookup = use_all_dns_ips
	client.id = Producer-topic-626a948c_cadf_489e_813c_6c700a796e6e
	compression.gzip.level = -1
	compression.lz4.level = 9
	compression.type = none
	compression.zstd.level = 3
	connections.max.idle.ms = 10000
	delivery.timeout.ms = 120000
	enable.idempotence = true
	enable.metrics.push = true
	interceptor.classes = []
	key.serializer = class org.apache.kafka.common.serialization.StringSerializer
	linger.ms = 0
	max.block.ms = 60000
	max.in.flight.requests.per.connection = 5
	max.request.size = 1048576
	metadata.max.age.ms = 300000
	metadata.max.idle.ms = 300000
	metadata.recovery.strategy = none
	metric.reporters = []
	metrics.num.samples = 2
	metrics.recording.level = INFO
	metrics.sample.window.ms = 30000
	partitioner.adaptive.partitioning.enable = true
	partitioner.availability.timeout.ms = 0
	partitioner.class = null
	partitioner.ignore.keys = false
	receive.buffer.bytes = 32768
	reconnect.backoff.max.ms = 1000
	reconnect.backoff.ms = 50
	request.timeout.ms = 5000
	retries = 2147483647
	retry.backoff.max.ms = 1000
	retry.backoff.ms = 100
	sasl.client.callback.handler.class = null
	sasl.jaas.config = null
	sasl.kerberos.kinit.cmd = /usr/bin/kinit
	sasl.kerberos.min.time.before.relogin = 60000
	sasl.kerberos.service.name = null
	sasl.kerberos.ticket.renew.jitter = 0.05
	sasl.kerberos.ticket.renew.window.factor = 0.8
	sasl.login.callback.handler.class = null
	sasl.login.class = null
	sasl.login.connect.timeout.ms = null
	sasl.login.read.timeout.ms = null
	sasl.login.refresh.buffer.seconds = 300
	sasl.login.refresh.min.period.seconds = 60
	sasl.login.refresh.window.factor = 0.8
	sasl.login.refresh.window.jitter = 0.05
	sasl.login.retry.backoff.max.ms = 10000
	sasl.login.retry.backoff.ms = 100
	sasl.mechanism = GSSAPI
	sasl.oauthbearer.clock.skew.seconds = 30
	sasl.oauthbearer.expected.audience = null
	sasl.oauthbearer.expected.issuer = null
	sasl.oauthbearer.header.urlencode = false
	sasl.oauthbearer.jwks.endpoint.refresh.ms = 3600000
	sasl.oauthbearer.jwks.endpoint.retry.backoff.max.ms = 10000
	sasl.oauthbearer.jwks.endpoint.retry.backoff.ms = 100
	sasl.oauthbearer.jwks.endpoint.url = null
	sasl.oauthbearer.scope.claim.name = scope
	sasl.oauthbearer.sub.claim.name = sub
	sasl.oauthbearer.token.endpoint.url = null
	security.protocol = PLAINTEXT
	security.providers = null
	send.buffer.bytes = 131072
	socket.connection.setup.timeout.max.ms = 30000
	socket.connection.setup.timeout.ms = 10000
	ssl.cipher.suites = null
	ssl.enabled.protocols = [TLSv1.2, TLSv1.3]
	ssl.endpoint.identification.algorithm = https
	ssl.engine.factory.class = null
	ssl.key.password = null
	ssl.keymanager.algorithm = SunX509
	ssl.keystore.certificate.chain = null
	ssl.keystore.key = null
	ssl.keystore.location = null
	ssl.keystore.password = null
	ssl.keystore.type = JKS
	ssl.protocol = TLSv1.3
	ssl.provider = null
	ssl.secure.random.implementation = null
	ssl.trustmanager.algorithm = PKIX
	ssl.truststore.certificates = null
	ssl.truststore.location = null
	ssl.truststore.password = null
	ssl.truststore.type = JKS
	transaction.timeout.ms = 60000
	transactional.id = null
	value.serializer = class io.apicurio.registry.serde.avro.AvroKafkaSerializer

2025-07-31 17:04:58,648 INFO  [org.apa.kaf.com.tel.int.KafkaMetricsCollector] (main) initializing Kafka metrics collector
2025-07-31 17:04:58,666 INFO  [org.apa.kaf.cli.pro.KafkaProducer] (main) [Producer clientId=Producer-topic-626a948c_cadf_489e_813c_6c700a796e6e] Instantiated an idempotent producer.
2025-07-31 17:04:58,670 INFO  [org.apa.kaf.cli.pro.ProducerConfig] (main) These configurations '[apicurio.registry.url, apicurio.registry.auto-register, apicurio.registry.artifact-resolver-strategy, apicurio.registry.avro-datum-provider]' were supplied but are not used yet.
2025-07-31 17:04:58,670 INFO  [org.apa.kaf.com.uti.AppInfoParser] (main) Kafka version: 3.9.1
2025-07-31 17:04:58,670 INFO  [org.apa.kaf.com.uti.AppInfoParser] (main) Kafka commitId: f745dfdcee2b9851
2025-07-31 17:04:58,671 INFO  [org.apa.kaf.com.uti.AppInfoParser] (main) Kafka startTimeMs: 1753981498670
2025-07-31 17:04:58,674 INFO  [io.api.tes.ser.api.SimpleSerdesTesterBuilder$SimpleSerdesTester] (main) Using producer configuration: {apicurio.registry.url=http://registry-app-kafkasql.apps.ci419.apicurio-testing.org:80/apis/registry/v3, apicurio.registry.auto-register=true, apicurio.registry.artifact-resolver-strategy=io.apicurio.registry.serde.strategy.TopicIdStrategy, value.serializer=io.apicurio.registry.serde.avro.AvroKafkaSerializer, request.timeout.ms=5000, acks=all, bootstrap.servers=PLAINTEXT://localhost:32770, connections.max.idle.ms=10000, key.serializer=org.apache.kafka.common.serialization.StringSerializer, apicurio.registry.avro-datum-provider=io.apicurio.registry.serde.avro.ReflectAvroDatumProvider, client.id=Producer-topic-626a948c_cadf_489e_813c_6c700a796e6e}
2025-07-31 17:04:58,674 INFO  [io.api.tes.ser.api.SimpleSerdesTesterBuilder$SimpleSerdesTester] (main) Using consumer configuration: {apicurio.registry.avro-datum-provider=io.apicurio.registry.serde.avro.ReflectAvroDatumProvider}
2025-07-31 17:04:58,674 INFO  [io.api.tes.ser.api.KafkaSerdesTester] (Thread-627) Sending message io.apicurio.tests.common.serdes.TestObject@3dbd29cb to topic topic-626a948c_cadf_489e_813c_6c700a796e6e
2025-07-31 17:04:58,683 WARN  [org.apa.kaf.cli.NetworkClient] (kafka-producer-network-thread | Producer-topic-626a948c_cadf_489e_813c_6c700a796e6e) [Producer clientId=Producer-topic-626a948c_cadf_489e_813c_6c700a796e6e] The metadata response from the cluster reported a recoverable issue with correlation id 2 : {topic-626a948c_cadf_489e_813c_6c700a796e6e=LEADER_NOT_AVAILABLE}
2025-07-31 17:04:58,683 INFO  [org.apa.kaf.cli.Metadata] (kafka-producer-network-thread | Producer-topic-626a948c_cadf_489e_813c_6c700a796e6e) [Producer clientId=Producer-topic-626a948c_cadf_489e_813c_6c700a796e6e] Cluster ID: WpqyxNU-RHKB_ermmfvksw
2025-07-31 17:04:58,684 INFO  [org.apa.kaf.cli.pro.int.TransactionManager] (kafka-producer-network-thread | Producer-topic-626a948c_cadf_489e_813c_6c700a796e6e) [Producer clientId=Producer-topic-626a948c_cadf_489e_813c_6c700a796e6e] ProducerId set to 6 with epoch 0
2025-07-31 17:04:58,880 INFO  [io.api.tes.ser.api.KafkaSerdesTester] (Thread-627) Sending message io.apicurio.tests.common.serdes.TestObject@3dbd29cb to topic topic-626a948c_cadf_489e_813c_6c700a796e6e
2025-07-31 17:04:58,882 INFO  [io.api.tes.ser.api.KafkaSerdesTester] (Thread-627) Sending message io.apicurio.tests.common.serdes.TestObject@3dbd29cb to topic topic-626a948c_cadf_489e_813c_6c700a796e6e
2025-07-31 17:04:58,885 INFO  [io.api.tes.ser.api.KafkaSerdesTester] (Thread-627) Sending message io.apicurio.tests.common.serdes.TestObject@3dbd29cb to topic topic-626a948c_cadf_489e_813c_6c700a796e6e
2025-07-31 17:04:58,888 INFO  [io.api.tes.ser.api.KafkaSerdesTester] (Thread-627) Sending message io.apicurio.tests.common.serdes.TestObject@3dbd29cb to topic topic-626a948c_cadf_489e_813c_6c700a796e6e
2025-07-31 17:04:58,890 INFO  [io.api.tes.ser.api.KafkaSerdesTester] (Thread-627) Sending message io.apicurio.tests.common.serdes.TestObject@3dbd29cb to topic topic-626a948c_cadf_489e_813c_6c700a796e6e
2025-07-31 17:04:58,893 INFO  [io.api.tes.ser.api.KafkaSerdesTester] (Thread-627) Sending message io.apicurio.tests.common.serdes.TestObject@3dbd29cb to topic topic-626a948c_cadf_489e_813c_6c700a796e6e
2025-07-31 17:04:58,896 INFO  [io.api.tes.ser.api.KafkaSerdesTester] (Thread-627) Sending message io.apicurio.tests.common.serdes.TestObject@3dbd29cb to topic topic-626a948c_cadf_489e_813c_6c700a796e6e
2025-07-31 17:04:58,899 INFO  [io.api.tes.ser.api.KafkaSerdesTester] (Thread-627) Sending message io.apicurio.tests.common.serdes.TestObject@3dbd29cb to topic topic-626a948c_cadf_489e_813c_6c700a796e6e
2025-07-31 17:04:58,903 INFO  [io.api.tes.ser.api.KafkaSerdesTester] (Thread-627) Sending message io.apicurio.tests.common.serdes.TestObject@3dbd29cb to topic topic-626a948c_cadf_489e_813c_6c700a796e6e
2025-07-31 17:04:58,907 INFO  [io.api.tes.ser.api.KafkaSerdesTester] (Thread-627) Produced 10 messages
2025-07-31 17:04:58,908 INFO  [org.apa.kaf.cli.pro.KafkaProducer] (Thread-627) [Producer clientId=Producer-topic-626a948c_cadf_489e_813c_6c700a796e6e] Closing the Kafka producer with timeoutMillis = 9223372036854775807 ms.
2025-07-31 17:04:58,914 INFO  [org.apa.kaf.com.met.Metrics] (Thread-627) Metrics scheduler closed
2025-07-31 17:04:58,914 INFO  [org.apa.kaf.com.met.Metrics] (Thread-627) Closing reporter org.apache.kafka.common.metrics.JmxReporter
2025-07-31 17:04:58,914 INFO  [org.apa.kaf.com.met.Metrics] (Thread-627) Closing reporter org.apache.kafka.common.telemetry.internals.ClientTelemetryReporter
2025-07-31 17:04:58,914 INFO  [org.apa.kaf.com.met.Metrics] (Thread-627) Metrics reporters closed
2025-07-31 17:04:58,914 INFO  [org.apa.kaf.com.uti.AppInfoParser] (Thread-627) App info kafka.producer for Producer-topic-626a948c_cadf_489e_813c_6c700a796e6e unregistered
**** Registry Base URL: http://registry-app-kafkasql.apps.ci419.apicurio-testing.org:80
2025-07-31 17:04:58,952 INFO  [org.apa.kaf.cli.con.ConsumerConfig] (main) ConsumerConfig values: 
	allow.auto.create.topics = true
	auto.commit.interval.ms = 500
	auto.include.jmx.reporter = true
	auto.offset.reset = earliest
	bootstrap.servers = [PLAINTEXT://localhost:32770]
	check.crcs = true
	client.dns.lookup = use_all_dns_ips
	client.id = consumer-Consumer-topic-626a948c_cadf_489e_813c_6c700a796e6e-6
	client.rack = 
	connections.max.idle.ms = 10000
	default.api.timeout.ms = 60000
	enable.auto.commit = true
	enable.metrics.push = true
	exclude.internal.topics = true
	fetch.max.bytes = 52428800
	fetch.max.wait.ms = 500
	fetch.min.bytes = 1
	group.id = Consumer-topic-626a948c_cadf_489e_813c_6c700a796e6e
	group.instance.id = null
	group.protocol = classic
	group.remote.assignor = null
	heartbeat.interval.ms = 3000
	interceptor.classes = []
	internal.leave.group.on.close = true
	internal.throw.on.fetch.stable.offset.unsupported = false
	isolation.level = read_uncommitted
	key.deserializer = class org.apache.kafka.common.serialization.StringDeserializer
	max.partition.fetch.bytes = 1048576
	max.poll.interval.ms = 300000
	max.poll.records = 500
	metadata.max.age.ms = 300000
	metadata.recovery.strategy = none
	metric.reporters = []
	metrics.num.samples = 2
	metrics.recording.level = INFO
	metrics.sample.window.ms = 30000
	partition.assignment.strategy = [class org.apache.kafka.clients.consumer.RangeAssignor, class org.apache.kafka.clients.consumer.CooperativeStickyAssignor]
	receive.buffer.bytes = 65536
	reconnect.backoff.max.ms = 1000
	reconnect.backoff.ms = 50
	request.timeout.ms = 5000
	retry.backoff.max.ms = 1000
	retry.backoff.ms = 100
	sasl.client.callback.handler.class = null
	sasl.jaas.config = null
	sasl.kerberos.kinit.cmd = /usr/bin/kinit
	sasl.kerberos.min.time.before.relogin = 60000
	sasl.kerberos.service.name = null
	sasl.kerberos.ticket.renew.jitter = 0.05
	sasl.kerberos.ticket.renew.window.factor = 0.8
	sasl.login.callback.handler.class = null
	sasl.login.class = null
	sasl.login.connect.timeout.ms = null
	sasl.login.read.timeout.ms = null
	sasl.login.refresh.buffer.seconds = 300
	sasl.login.refresh.min.period.seconds = 60
	sasl.login.refresh.window.factor = 0.8
	sasl.login.refresh.window.jitter = 0.05
	sasl.login.retry.backoff.max.ms = 10000
	sasl.login.retry.backoff.ms = 100
	sasl.mechanism = GSSAPI
	sasl.oauthbearer.clock.skew.seconds = 30
	sasl.oauthbearer.expected.audience = null
	sasl.oauthbearer.expected.issuer = null
	sasl.oauthbearer.header.urlencode = false
	sasl.oauthbearer.jwks.endpoint.refresh.ms = 3600000
	sasl.oauthbearer.jwks.endpoint.retry.backoff.max.ms = 10000
	sasl.oauthbearer.jwks.endpoint.retry.backoff.ms = 100
	sasl.oauthbearer.jwks.endpoint.url = null
	sasl.oauthbearer.scope.claim.name = scope
	sasl.oauthbearer.sub.claim.name = sub
	sasl.oauthbearer.token.endpoint.url = null
	security.protocol = PLAINTEXT
	security.providers = null
	send.buffer.bytes = 131072
	session.timeout.ms = 45000
	socket.connection.setup.timeout.max.ms = 30000
	socket.connection.setup.timeout.ms = 10000
	ssl.cipher.suites = null
	ssl.enabled.protocols = [TLSv1.2, TLSv1.3]
	ssl.endpoint.identification.algorithm = https
	ssl.engine.factory.class = null
	ssl.key.password = null
	ssl.keymanager.algorithm = SunX509
	ssl.keystore.certificate.chain = null
	ssl.keystore.key = null
	ssl.keystore.location = null
	ssl.keystore.password = null
	ssl.keystore.type = JKS
	ssl.protocol = TLSv1.3
	ssl.provider = null
	ssl.secure.random.implementation = null
	ssl.trustmanager.algorithm = PKIX
	ssl.truststore.certificates = null
	ssl.truststore.location = null
	ssl.truststore.password = null
	ssl.truststore.type = JKS
	value.deserializer = class io.apicurio.registry.serde.avro.AvroKafkaDeserializer

2025-07-31 17:04:58,953 INFO  [org.apa.kaf.com.tel.int.KafkaMetricsCollector] (main) initializing Kafka metrics collector
2025-07-31 17:04:58,959 INFO  [org.apa.kaf.cli.con.ConsumerConfig] (main) These configurations '[apicurio.registry.url, apicurio.registry.avro-datum-provider]' were supplied but are not used yet.
2025-07-31 17:04:58,959 INFO  [org.apa.kaf.com.uti.AppInfoParser] (main) Kafka version: 3.9.1
2025-07-31 17:04:58,959 INFO  [org.apa.kaf.com.uti.AppInfoParser] (main) Kafka commitId: f745dfdcee2b9851
2025-07-31 17:04:58,959 INFO  [org.apa.kaf.com.uti.AppInfoParser] (main) Kafka startTimeMs: 1753981498959
2025-07-31 17:04:58,960 INFO  [org.apa.kaf.cli.con.int.ClassicKafkaConsumer] (Thread-630) [Consumer clientId=consumer-Consumer-topic-626a948c_cadf_489e_813c_6c700a796e6e-6, groupId=Consumer-topic-626a948c_cadf_489e_813c_6c700a796e6e] Subscribed to topic(s): topic-626a948c_cadf_489e_813c_6c700a796e6e
2025-07-31 17:04:58,971 INFO  [org.apa.kaf.cli.Metadata] (Thread-630) [Consumer clientId=consumer-Consumer-topic-626a948c_cadf_489e_813c_6c700a796e6e-6, groupId=Consumer-topic-626a948c_cadf_489e_813c_6c700a796e6e] Cluster ID: WpqyxNU-RHKB_ermmfvksw
2025-07-31 17:04:58,972 INFO  [org.apa.kaf.cli.con.int.ConsumerCoordinator] (Thread-630) [Consumer clientId=consumer-Consumer-topic-626a948c_cadf_489e_813c_6c700a796e6e-6, groupId=Consumer-topic-626a948c_cadf_489e_813c_6c700a796e6e] Discovered group coordinator localhost:32770 (id: 2147483647 rack: null)
2025-07-31 17:04:58,977 INFO  [org.apa.kaf.cli.con.int.ConsumerCoordinator] (Thread-630) [Consumer clientId=consumer-Consumer-topic-626a948c_cadf_489e_813c_6c700a796e6e-6, groupId=Consumer-topic-626a948c_cadf_489e_813c_6c700a796e6e] (Re-)joining group
2025-07-31 17:04:58,984 INFO  [org.apa.kaf.cli.con.int.ConsumerCoordinator] (Thread-630) [Consumer clientId=consumer-Consumer-topic-626a948c_cadf_489e_813c_6c700a796e6e-6, groupId=Consumer-topic-626a948c_cadf_489e_813c_6c700a796e6e] Request joining group due to: need to re-join with the given member-id: consumer-Consumer-topic-626a948c_cadf_489e_813c_6c700a796e6e-6-e804f8c2-22a6-4771-acc9-e8d1d3c19e51
2025-07-31 17:04:58,984 INFO  [org.apa.kaf.cli.con.int.ConsumerCoordinator] (Thread-630) [Consumer clientId=consumer-Consumer-topic-626a948c_cadf_489e_813c_6c700a796e6e-6, groupId=Consumer-topic-626a948c_cadf_489e_813c_6c700a796e6e] (Re-)joining group
2025-07-31 17:04:58,987 INFO  [org.apa.kaf.cli.con.int.ConsumerCoordinator] (Thread-630) [Consumer clientId=consumer-Consumer-topic-626a948c_cadf_489e_813c_6c700a796e6e-6, groupId=Consumer-topic-626a948c_cadf_489e_813c_6c700a796e6e] Successfully joined group with generation Generation{generationId=1, memberId='consumer-Consumer-topic-626a948c_cadf_489e_813c_6c700a796e6e-6-e804f8c2-22a6-4771-acc9-e8d1d3c19e51', protocol='range'}
2025-07-31 17:04:58,987 INFO  [org.apa.kaf.cli.con.int.ConsumerCoordinator] (Thread-630) [Consumer clientId=consumer-Consumer-topic-626a948c_cadf_489e_813c_6c700a796e6e-6, groupId=Consumer-topic-626a948c_cadf_489e_813c_6c700a796e6e] Finished assignment for group at generation 1: {consumer-Consumer-topic-626a948c_cadf_489e_813c_6c700a796e6e-6-e804f8c2-22a6-4771-acc9-e8d1d3c19e51=Assignment(partitions=[topic-626a948c_cadf_489e_813c_6c700a796e6e-0])}
2025-07-31 17:04:58,991 INFO  [org.apa.kaf.cli.con.int.ConsumerCoordinator] (Thread-630) [Consumer clientId=consumer-Consumer-topic-626a948c_cadf_489e_813c_6c700a796e6e-6, groupId=Consumer-topic-626a948c_cadf_489e_813c_6c700a796e6e] Successfully synced group in generation Generation{generationId=1, memberId='consumer-Consumer-topic-626a948c_cadf_489e_813c_6c700a796e6e-6-e804f8c2-22a6-4771-acc9-e8d1d3c19e51', protocol='range'}
2025-07-31 17:04:58,991 INFO  [org.apa.kaf.cli.con.int.ConsumerCoordinator] (Thread-630) [Consumer clientId=consumer-Consumer-topic-626a948c_cadf_489e_813c_6c700a796e6e-6, groupId=Consumer-topic-626a948c_cadf_489e_813c_6c700a796e6e] Notifying assignor about the new Assignment(partitions=[topic-626a948c_cadf_489e_813c_6c700a796e6e-0])
2025-07-31 17:04:58,991 INFO  [org.apa.kaf.cli.con.int.ConsumerRebalanceListenerInvoker] (Thread-630) [Consumer clientId=consumer-Consumer-topic-626a948c_cadf_489e_813c_6c700a796e6e-6, groupId=Consumer-topic-626a948c_cadf_489e_813c_6c700a796e6e] Adding newly assigned partitions: topic-626a948c_cadf_489e_813c_6c700a796e6e-0
2025-07-31 17:04:58,992 INFO  [org.apa.kaf.cli.con.int.ConsumerCoordinator] (Thread-630) [Consumer clientId=consumer-Consumer-topic-626a948c_cadf_489e_813c_6c700a796e6e-6, groupId=Consumer-topic-626a948c_cadf_489e_813c_6c700a796e6e] Found no committed offset for partition topic-626a948c_cadf_489e_813c_6c700a796e6e-0
2025-07-31 17:04:58,997 INFO  [org.apa.kaf.cli.con.int.SubscriptionState] (Thread-630) [Consumer clientId=consumer-Consumer-topic-626a948c_cadf_489e_813c_6c700a796e6e-6, groupId=Consumer-topic-626a948c_cadf_489e_813c_6c700a796e6e] Resetting offset for partition topic-626a948c_cadf_489e_813c_6c700a796e6e-0 to position FetchPosition{offset=0, offsetEpoch=Optional.empty, currentLeader=LeaderAndEpoch{leader=Optional[localhost:32770 (id: 0 rack: null)], epoch=0}}.
2025-07-31 17:04:59,044 INFO  [io.api.tes.ser.api.KafkaSerdesTester] (Thread-630) topic-626a948c_cadf_489e_813c_6c700a796e6e 0 0 io.apicurio.tests.common.serdes.TestObject@3dbd29cb
2025-07-31 17:04:59,044 INFO  [io.api.tes.ser.api.KafkaSerdesTester] (Thread-630) topic-626a948c_cadf_489e_813c_6c700a796e6e 0 1 io.apicurio.tests.common.serdes.TestObject@3dbd29cb
2025-07-31 17:04:59,044 INFO  [io.api.tes.ser.api.KafkaSerdesTester] (Thread-630) topic-626a948c_cadf_489e_813c_6c700a796e6e 0 2 io.apicurio.tests.common.serdes.TestObject@3dbd29cb
2025-07-31 17:04:59,044 INFO  [io.api.tes.ser.api.KafkaSerdesTester] (Thread-630) topic-626a948c_cadf_489e_813c_6c700a796e6e 0 3 io.apicurio.tests.common.serdes.TestObject@3dbd29cb
2025-07-31 17:04:59,044 INFO  [io.api.tes.ser.api.KafkaSerdesTester] (Thread-630) topic-626a948c_cadf_489e_813c_6c700a796e6e 0 4 io.apicurio.tests.common.serdes.TestObject@3dbd29cb
2025-07-31 17:04:59,044 INFO  [io.api.tes.ser.api.KafkaSerdesTester] (Thread-630) topic-626a948c_cadf_489e_813c_6c700a796e6e 0 5 io.apicurio.tests.common.serdes.TestObject@3dbd29cb
2025-07-31 17:04:59,045 INFO  [io.api.tes.ser.api.KafkaSerdesTester] (Thread-630) topic-626a948c_cadf_489e_813c_6c700a796e6e 0 6 io.apicurio.tests.common.serdes.TestObject@3dbd29cb
2025-07-31 17:04:59,045 INFO  [io.api.tes.ser.api.KafkaSerdesTester] (Thread-630) topic-626a948c_cadf_489e_813c_6c700a796e6e 0 7 io.apicurio.tests.common.serdes.TestObject@3dbd29cb
2025-07-31 17:04:59,045 INFO  [io.api.tes.ser.api.KafkaSerdesTester] (Thread-630) topic-626a948c_cadf_489e_813c_6c700a796e6e 0 8 io.apicurio.tests.common.serdes.TestObject@3dbd29cb
2025-07-31 17:04:59,045 INFO  [io.api.tes.ser.api.KafkaSerdesTester] (Thread-630) topic-626a948c_cadf_489e_813c_6c700a796e6e 0 9 io.apicurio.tests.common.serdes.TestObject@3dbd29cb
2025-07-31 17:04:59,045 INFO  [io.api.tes.ser.api.KafkaSerdesTester] (Thread-630) Consumed 10 messages
2025-07-31 17:04:59,051 INFO  [org.apa.kaf.cli.con.int.ConsumerRebalanceListenerInvoker] (Thread-630) [Consumer clientId=consumer-Consumer-topic-626a948c_cadf_489e_813c_6c700a796e6e-6, groupId=Consumer-topic-626a948c_cadf_489e_813c_6c700a796e6e] Revoke previously assigned partitions topic-626a948c_cadf_489e_813c_6c700a796e6e-0
2025-07-31 17:04:59,051 INFO  [org.apa.kaf.cli.con.int.ConsumerCoordinator] (Thread-630) [Consumer clientId=consumer-Consumer-topic-626a948c_cadf_489e_813c_6c700a796e6e-6, groupId=Consumer-topic-626a948c_cadf_489e_813c_6c700a796e6e] Member consumer-Consumer-topic-626a948c_cadf_489e_813c_6c700a796e6e-6-e804f8c2-22a6-4771-acc9-e8d1d3c19e51 sending LeaveGroup request to coordinator localhost:32770 (id: 2147483647 rack: null) due to the consumer is being closed
2025-07-31 17:04:59,051 INFO  [org.apa.kaf.cli.con.int.ConsumerCoordinator] (Thread-630) [Consumer clientId=consumer-Consumer-topic-626a948c_cadf_489e_813c_6c700a796e6e-6, groupId=Consumer-topic-626a948c_cadf_489e_813c_6c700a796e6e] Resetting generation and member id due to: consumer pro-actively leaving the group
2025-07-31 17:04:59,051 INFO  [org.apa.kaf.cli.con.int.ConsumerCoordinator] (Thread-630) [Consumer clientId=consumer-Consumer-topic-626a948c_cadf_489e_813c_6c700a796e6e-6, groupId=Consumer-topic-626a948c_cadf_489e_813c_6c700a796e6e] Request joining group due to: consumer pro-actively leaving the group
2025-07-31 17:04:59,552 INFO  [org.apa.kaf.com.met.Metrics] (Thread-630) Metrics scheduler closed
2025-07-31 17:04:59,553 INFO  [org.apa.kaf.com.met.Metrics] (Thread-630) Closing reporter org.apache.kafka.common.metrics.JmxReporter
2025-07-31 17:04:59,553 INFO  [org.apa.kaf.com.met.Metrics] (Thread-630) Closing reporter org.apache.kafka.common.telemetry.internals.ClientTelemetryReporter
2025-07-31 17:04:59,553 INFO  [org.apa.kaf.com.met.Metrics] (Thread-630) Metrics reporters closed
2025-07-31 17:04:59,555 INFO  [org.apa.kaf.com.uti.AppInfoParser] (Thread-630) App info kafka.consumer for consumer-Consumer-topic-626a948c_cadf_489e_813c_6c700a796e6e-6 unregistered
2025-07-31 17:04:59,556 INFO  [io.api.tes.uti.TestSeparator] (main) io.apicurio.tests.serdes.apicurio.AvroSerdeIT.testReflectAutoRegister-FINISHED
2025-07-31 17:04:59,556 INFO  [io.api.tes.uti.TestSeparator] (main) ############################################################################
Test passed: testReflectAutoRegister
]]></system-out>
  </testcase>
  <testcase name="testArtifactNotFound" classname="io.apicurio.tests.serdes.apicurio.AvroSerdeIT" time="0.202">
    <system-out><![CDATA[2025-07-31 17:04:59,560 INFO  [io.api.tes.uti.TestSeparator] (main) ############################################################################
2025-07-31 17:04:59,560 INFO  [io.api.tes.uti.TestSeparator] (main) io.apicurio.tests.serdes.apicurio.AvroSerdeIT.testArtifactNotFound-STARTED
**** Registry Base URL: http://registry-app-kafkasql.apps.ci419.apicurio-testing.org:80
2025-07-31 17:04:59,561 INFO  [org.apa.kaf.cli.pro.ProducerConfig] (main) ProducerConfig values: 
	acks = -1
	auto.include.jmx.reporter = true
	batch.size = 16384
	bootstrap.servers = [PLAINTEXT://localhost:32770]
	buffer.memory = 33554432
	client.dns.lookup = use_all_dns_ips
	client.id = Producer-s675c16efx7fecx4275xa0a8x8891d7908a90
	compression.gzip.level = -1
	compression.lz4.level = 9
	compression.type = none
	compression.zstd.level = 3
	connections.max.idle.ms = 10000
	delivery.timeout.ms = 120000
	enable.idempotence = true
	enable.metrics.push = true
	interceptor.classes = []
	key.serializer = class org.apache.kafka.common.serialization.StringSerializer
	linger.ms = 0
	max.block.ms = 60000
	max.in.flight.requests.per.connection = 5
	max.request.size = 1048576
	metadata.max.age.ms = 300000
	metadata.max.idle.ms = 300000
	metadata.recovery.strategy = none
	metric.reporters = []
	metrics.num.samples = 2
	metrics.recording.level = INFO
	metrics.sample.window.ms = 30000
	partitioner.adaptive.partitioning.enable = true
	partitioner.availability.timeout.ms = 0
	partitioner.class = null
	partitioner.ignore.keys = false
	receive.buffer.bytes = 32768
	reconnect.backoff.max.ms = 1000
	reconnect.backoff.ms = 50
	request.timeout.ms = 5000
	retries = 2147483647
	retry.backoff.max.ms = 1000
	retry.backoff.ms = 100
	sasl.client.callback.handler.class = null
	sasl.jaas.config = null
	sasl.kerberos.kinit.cmd = /usr/bin/kinit
	sasl.kerberos.min.time.before.relogin = 60000
	sasl.kerberos.service.name = null
	sasl.kerberos.ticket.renew.jitter = 0.05
	sasl.kerberos.ticket.renew.window.factor = 0.8
	sasl.login.callback.handler.class = null
	sasl.login.class = null
	sasl.login.connect.timeout.ms = null
	sasl.login.read.timeout.ms = null
	sasl.login.refresh.buffer.seconds = 300
	sasl.login.refresh.min.period.seconds = 60
	sasl.login.refresh.window.factor = 0.8
	sasl.login.refresh.window.jitter = 0.05
	sasl.login.retry.backoff.max.ms = 10000
	sasl.login.retry.backoff.ms = 100
	sasl.mechanism = GSSAPI
	sasl.oauthbearer.clock.skew.seconds = 30
	sasl.oauthbearer.expected.audience = null
	sasl.oauthbearer.expected.issuer = null
	sasl.oauthbearer.header.urlencode = false
	sasl.oauthbearer.jwks.endpoint.refresh.ms = 3600000
	sasl.oauthbearer.jwks.endpoint.retry.backoff.max.ms = 10000
	sasl.oauthbearer.jwks.endpoint.retry.backoff.ms = 100
	sasl.oauthbearer.jwks.endpoint.url = null
	sasl.oauthbearer.scope.claim.name = scope
	sasl.oauthbearer.sub.claim.name = sub
	sasl.oauthbearer.token.endpoint.url = null
	security.protocol = PLAINTEXT
	security.providers = null
	send.buffer.bytes = 131072
	socket.connection.setup.timeout.max.ms = 30000
	socket.connection.setup.timeout.ms = 10000
	ssl.cipher.suites = null
	ssl.enabled.protocols = [TLSv1.2, TLSv1.3]
	ssl.endpoint.identification.algorithm = https
	ssl.engine.factory.class = null
	ssl.key.password = null
	ssl.keymanager.algorithm = SunX509
	ssl.keystore.certificate.chain = null
	ssl.keystore.key = null
	ssl.keystore.location = null
	ssl.keystore.password = null
	ssl.keystore.type = JKS
	ssl.protocol = TLSv1.3
	ssl.provider = null
	ssl.secure.random.implementation = null
	ssl.trustmanager.algorithm = PKIX
	ssl.truststore.certificates = null
	ssl.truststore.location = null
	ssl.truststore.password = null
	ssl.truststore.type = JKS
	transaction.timeout.ms = 60000
	transactional.id = null
	value.serializer = class io.apicurio.registry.serde.avro.AvroKafkaSerializer

2025-07-31 17:04:59,563 INFO  [org.apa.kaf.com.tel.int.KafkaMetricsCollector] (main) initializing Kafka metrics collector
2025-07-31 17:04:59,567 INFO  [org.apa.kaf.cli.pro.KafkaProducer] (main) [Producer clientId=Producer-s675c16efx7fecx4275xa0a8x8891d7908a90] Instantiated an idempotent producer.
2025-07-31 17:04:59,572 INFO  [org.apa.kaf.cli.pro.ProducerConfig] (main) These configurations '[apicurio.registry.url, apicurio.registry.artifact-resolver-strategy]' were supplied but are not used yet.
2025-07-31 17:04:59,573 INFO  [org.apa.kaf.com.uti.AppInfoParser] (main) Kafka version: 3.9.1
2025-07-31 17:04:59,573 INFO  [org.apa.kaf.com.uti.AppInfoParser] (main) Kafka commitId: f745dfdcee2b9851
2025-07-31 17:04:59,573 INFO  [org.apa.kaf.com.uti.AppInfoParser] (main) Kafka startTimeMs: 1753981499573
2025-07-31 17:04:59,575 INFO  [io.api.tes.ser.api.KafkaSerdesTester] (Thread-633) Sending message {"keyB": "value-0"} to topic s675c16efx7fecx4275xa0a8x8891d7908a90
2025-07-31 17:04:59,587 WARN  [org.apa.kaf.cli.NetworkClient] (kafka-producer-network-thread | Producer-s675c16efx7fecx4275xa0a8x8891d7908a90) [Producer clientId=Producer-s675c16efx7fecx4275xa0a8x8891d7908a90] The metadata response from the cluster reported a recoverable issue with correlation id 2 : {s675c16efx7fecx4275xa0a8x8891d7908a90=LEADER_NOT_AVAILABLE}
2025-07-31 17:04:59,587 INFO  [org.apa.kaf.cli.Metadata] (kafka-producer-network-thread | Producer-s675c16efx7fecx4275xa0a8x8891d7908a90) [Producer clientId=Producer-s675c16efx7fecx4275xa0a8x8891d7908a90] Cluster ID: WpqyxNU-RHKB_ermmfvksw
2025-07-31 17:04:59,590 INFO  [org.apa.kaf.cli.pro.int.TransactionManager] (kafka-producer-network-thread | Producer-s675c16efx7fecx4275xa0a8x8891d7908a90) [Producer clientId=Producer-s675c16efx7fecx4275xa0a8x8891d7908a90] ProducerId set to 7 with epoch 0
2025-07-31 17:04:59,706 INFO  [DefaultSchemaResolver] (Thread-633) Retrieving schema content using string: {"type":"record","name":"myrecord","namespace":"mygroup","fields":[{"name":"keyB","type":"string"}]}
2025-07-31 17:04:59,753 INFO  [org.apa.kaf.cli.pro.KafkaProducer] (Thread-633) [Producer clientId=Producer-s675c16efx7fecx4275xa0a8x8891d7908a90] Closing the Kafka producer with timeoutMillis = 9223372036854775807 ms.
2025-07-31 17:04:59,757 INFO  [org.apa.kaf.com.met.Metrics] (Thread-633) Metrics scheduler closed
2025-07-31 17:04:59,757 INFO  [org.apa.kaf.com.met.Metrics] (Thread-633) Closing reporter org.apache.kafka.common.metrics.JmxReporter
2025-07-31 17:04:59,757 INFO  [org.apa.kaf.com.met.Metrics] (Thread-633) Closing reporter org.apache.kafka.common.telemetry.internals.ClientTelemetryReporter
2025-07-31 17:04:59,757 INFO  [org.apa.kaf.com.met.Metrics] (Thread-633) Metrics reporters closed
2025-07-31 17:04:59,758 INFO  [org.apa.kaf.com.uti.AppInfoParser] (Thread-633) App info kafka.producer for Producer-s675c16efx7fecx4275xa0a8x8891d7908a90 unregistered
2025-07-31 17:04:59,759 INFO  [io.api.tes.uti.TestSeparator] (main) io.apicurio.tests.serdes.apicurio.AvroSerdeIT.testArtifactNotFound-FINISHED
2025-07-31 17:04:59,759 INFO  [io.api.tes.uti.TestSeparator] (main) ############################################################################
Test passed: testArtifactNotFound
]]></system-out>
    <system-err><![CDATA[java.lang.RuntimeException: Could not resolve artifact reference by content: {"type":"record","name":"myrecord","namespace":"mygroup","fields":[{"name":"keyB","type":"string"}]}&ArtifactReference [groupId=default, artifactId=s675c16efx7fecx4275xa0a8x8891d7908a90-value, version=null, globalId=null, contentId=null, contentHash=null]
	at io.apicurio.registry.resolver.DefaultSchemaResolver.lambda$handleResolveSchemaByContent$3(DefaultSchemaResolver.java:265)
	at io.apicurio.registry.resolver.cache.ERCache.lambda$getValue$0(ERCache.java:174)
	at io.apicurio.registry.resolver.cache.ERCache.retry(ERCache.java:227)
	at io.apicurio.registry.resolver.cache.ERCache.getValue(ERCache.java:173)
	at io.apicurio.registry.resolver.cache.ERCache.getByContent(ERCache.java:147)
	at io.apicurio.registry.resolver.DefaultSchemaResolver.handleResolveSchemaByContent(DefaultSchemaResolver.java:253)
	at io.apicurio.registry.resolver.DefaultSchemaResolver.getSchemaFromRegistry(DefaultSchemaResolver.java:138)
	at io.apicurio.registry.resolver.DefaultSchemaResolver.lambda$resolveSchema$0(DefaultSchemaResolver.java:84)
	at java.base/java.util.Optional.orElseGet(Optional.java:364)
	at io.apicurio.registry.resolver.DefaultSchemaResolver.resolveSchema(DefaultSchemaResolver.java:84)
	at io.apicurio.registry.serde.AbstractSerializer.serializeData(AbstractSerializer.java:62)
	at io.apicurio.registry.serde.KafkaSerializer.serialize(KafkaSerializer.java:77)
	at org.apache.kafka.clients.producer.KafkaProducer.doSend(KafkaProducer.java:1046)
	at org.apache.kafka.clients.producer.KafkaProducer.send(KafkaProducer.java:993)
	at org.apache.kafka.clients.producer.KafkaProducer.send(KafkaProducer.java:875)
	at io.apicurio.tests.serdes.apicurio.KafkaSerdesTester.lambda$produceMessages$3(KafkaSerdesTester.java:138)
	at java.base/java.util.concurrent.CompletableFuture$AsyncSupply.run(CompletableFuture.java:1768)
	at java.base/java.lang.Thread.run(Thread.java:840)
]]></system-err>
  </testcase>
  <testcase name="testAvroSerDesFailDifferentSchemaByRecordName" classname="io.apicurio.tests.serdes.apicurio.AvroSerdeIT" time="1.137">
    <system-out><![CDATA[2025-07-31 17:04:59,760 INFO  [io.api.tes.uti.TestSeparator] (main) ############################################################################
2025-07-31 17:04:59,760 INFO  [io.api.tes.uti.TestSeparator] (main) io.apicurio.tests.serdes.apicurio.AvroSerdeIT.testAvroSerDesFailDifferentSchemaByRecordName-STARTED
**** Registry Base URL: http://registry-app-kafkasql.apps.ci419.apicurio-testing.org:80
2025-07-31 17:05:00,846 INFO  [org.apa.kaf.cli.pro.ProducerConfig] (main) ProducerConfig values: 
	acks = -1
	auto.include.jmx.reporter = true
	batch.size = 16384
	bootstrap.servers = [PLAINTEXT://localhost:32770]
	buffer.memory = 33554432
	client.dns.lookup = use_all_dns_ips
	client.id = Producer-topic-4600239a_980b_4d33_88d5_efd26b15889e
	compression.gzip.level = -1
	compression.lz4.level = 9
	compression.type = none
	compression.zstd.level = 3
	connections.max.idle.ms = 10000
	delivery.timeout.ms = 120000
	enable.idempotence = true
	enable.metrics.push = true
	interceptor.classes = []
	key.serializer = class org.apache.kafka.common.serialization.StringSerializer
	linger.ms = 0
	max.block.ms = 60000
	max.in.flight.requests.per.connection = 5
	max.request.size = 1048576
	metadata.max.age.ms = 300000
	metadata.max.idle.ms = 300000
	metadata.recovery.strategy = none
	metric.reporters = []
	metrics.num.samples = 2
	metrics.recording.level = INFO
	metrics.sample.window.ms = 30000
	partitioner.adaptive.partitioning.enable = true
	partitioner.availability.timeout.ms = 0
	partitioner.class = null
	partitioner.ignore.keys = false
	receive.buffer.bytes = 32768
	reconnect.backoff.max.ms = 1000
	reconnect.backoff.ms = 50
	request.timeout.ms = 5000
	retries = 2147483647
	retry.backoff.max.ms = 1000
	retry.backoff.ms = 100
	sasl.client.callback.handler.class = null
	sasl.jaas.config = null
	sasl.kerberos.kinit.cmd = /usr/bin/kinit
	sasl.kerberos.min.time.before.relogin = 60000
	sasl.kerberos.service.name = null
	sasl.kerberos.ticket.renew.jitter = 0.05
	sasl.kerberos.ticket.renew.window.factor = 0.8
	sasl.login.callback.handler.class = null
	sasl.login.class = null
	sasl.login.connect.timeout.ms = null
	sasl.login.read.timeout.ms = null
	sasl.login.refresh.buffer.seconds = 300
	sasl.login.refresh.min.period.seconds = 60
	sasl.login.refresh.window.factor = 0.8
	sasl.login.refresh.window.jitter = 0.05
	sasl.login.retry.backoff.max.ms = 10000
	sasl.login.retry.backoff.ms = 100
	sasl.mechanism = GSSAPI
	sasl.oauthbearer.clock.skew.seconds = 30
	sasl.oauthbearer.expected.audience = null
	sasl.oauthbearer.expected.issuer = null
	sasl.oauthbearer.header.urlencode = false
	sasl.oauthbearer.jwks.endpoint.refresh.ms = 3600000
	sasl.oauthbearer.jwks.endpoint.retry.backoff.max.ms = 10000
	sasl.oauthbearer.jwks.endpoint.retry.backoff.ms = 100
	sasl.oauthbearer.jwks.endpoint.url = null
	sasl.oauthbearer.scope.claim.name = scope
	sasl.oauthbearer.sub.claim.name = sub
	sasl.oauthbearer.token.endpoint.url = null
	security.protocol = PLAINTEXT
	security.providers = null
	send.buffer.bytes = 131072
	socket.connection.setup.timeout.max.ms = 30000
	socket.connection.setup.timeout.ms = 10000
	ssl.cipher.suites = null
	ssl.enabled.protocols = [TLSv1.2, TLSv1.3]
	ssl.endpoint.identification.algorithm = https
	ssl.engine.factory.class = null
	ssl.key.password = null
	ssl.keymanager.algorithm = SunX509
	ssl.keystore.certificate.chain = null
	ssl.keystore.key = null
	ssl.keystore.location = null
	ssl.keystore.password = null
	ssl.keystore.type = JKS
	ssl.protocol = TLSv1.3
	ssl.provider = null
	ssl.secure.random.implementation = null
	ssl.trustmanager.algorithm = PKIX
	ssl.truststore.certificates = null
	ssl.truststore.location = null
	ssl.truststore.password = null
	ssl.truststore.type = JKS
	transaction.timeout.ms = 60000
	transactional.id = null
	value.serializer = class io.apicurio.registry.serde.avro.AvroKafkaSerializer

2025-07-31 17:05:00,846 INFO  [org.apa.kaf.com.tel.int.KafkaMetricsCollector] (main) initializing Kafka metrics collector
2025-07-31 17:05:00,851 INFO  [org.apa.kaf.cli.pro.KafkaProducer] (main) [Producer clientId=Producer-topic-4600239a_980b_4d33_88d5_efd26b15889e] Instantiated an idempotent producer.
2025-07-31 17:05:00,853 INFO  [org.apa.kaf.cli.pro.ProducerConfig] (main) These configurations '[apicurio.registry.find-latest, apicurio.registry.url, apicurio.registry.artifact-resolver-strategy]' were supplied but are not used yet.
2025-07-31 17:05:00,853 INFO  [org.apa.kaf.com.uti.AppInfoParser] (main) Kafka version: 3.9.1
2025-07-31 17:05:00,853 INFO  [org.apa.kaf.com.uti.AppInfoParser] (main) Kafka commitId: f745dfdcee2b9851
2025-07-31 17:05:00,853 INFO  [org.apa.kaf.com.uti.AppInfoParser] (main) Kafka startTimeMs: 1753981500853
2025-07-31 17:05:00,856 INFO  [io.api.tes.ser.api.KafkaSerdesTester] (Thread-636) Sending message {"keyB": "value-0"} to topic topic-4600239a_980b_4d33_88d5_efd26b15889e
2025-07-31 17:05:00,863 INFO  [org.apa.kaf.cli.Metadata] (kafka-producer-network-thread | Producer-topic-4600239a_980b_4d33_88d5_efd26b15889e) [Producer clientId=Producer-topic-4600239a_980b_4d33_88d5_efd26b15889e] Cluster ID: WpqyxNU-RHKB_ermmfvksw
2025-07-31 17:05:00,870 INFO  [org.apa.kaf.cli.pro.int.TransactionManager] (kafka-producer-network-thread | Producer-topic-4600239a_980b_4d33_88d5_efd26b15889e) [Producer clientId=Producer-topic-4600239a_980b_4d33_88d5_efd26b15889e] ProducerId set to 8 with epoch 0
2025-07-31 17:05:00,893 INFO  [org.apa.kaf.cli.pro.KafkaProducer] (Thread-636) [Producer clientId=Producer-topic-4600239a_980b_4d33_88d5_efd26b15889e] Closing the Kafka producer with timeoutMillis = 9223372036854775807 ms.
2025-07-31 17:05:00,896 INFO  [org.apa.kaf.com.met.Metrics] (Thread-636) Metrics scheduler closed
2025-07-31 17:05:00,896 INFO  [org.apa.kaf.com.met.Metrics] (Thread-636) Closing reporter org.apache.kafka.common.metrics.JmxReporter
2025-07-31 17:05:00,896 INFO  [org.apa.kaf.com.met.Metrics] (Thread-636) Closing reporter org.apache.kafka.common.telemetry.internals.ClientTelemetryReporter
2025-07-31 17:05:00,896 INFO  [org.apa.kaf.com.met.Metrics] (Thread-636) Metrics reporters closed
2025-07-31 17:05:00,897 INFO  [org.apa.kaf.com.uti.AppInfoParser] (Thread-636) App info kafka.producer for Producer-topic-4600239a_980b_4d33_88d5_efd26b15889e unregistered
2025-07-31 17:05:00,897 INFO  [io.api.tes.uti.TestSeparator] (main) io.apicurio.tests.serdes.apicurio.AvroSerdeIT.testAvroSerDesFailDifferentSchemaByRecordName-FINISHED
2025-07-31 17:05:00,897 INFO  [io.api.tes.uti.TestSeparator] (main) ############################################################################
Test passed: testAvroSerDesFailDifferentSchemaByRecordName
]]></system-out>
    <system-err><![CDATA[io.apicurio.registry.rest.client.models.ProblemDetails
	at io.apicurio.registry.rest.client.models.ProblemDetails.createFromDiscriminatorValue(ProblemDetails.java:58)
	at io.kiota.serialization.json.JsonParseNode.getObjectValue(JsonParseNode.java:247)
	at io.kiota.http.vertx.VertXRequestAdapter.lambda$throwIfFailedResponse$0(VertXRequestAdapter.java:400)
	at com.microsoft.kiota.ApiExceptionBuilder.<init>(ApiExceptionBuilder.java:26)
	at io.kiota.http.vertx.VertXRequestAdapter.throwIfFailedResponse(VertXRequestAdapter.java:399)
	at io.kiota.http.vertx.VertXRequestAdapter.send(VertXRequestAdapter.java:170)
	at io.apicurio.registry.rest.client.groups.item.artifacts.item.versions.item.WithVersionExpressionItemRequestBuilder.get(WithVersionExpressionItemRequestBuilder.java:128)
	at io.apicurio.registry.rest.client.groups.item.artifacts.item.versions.item.WithVersionExpressionItemRequestBuilder.get(WithVersionExpressionItemRequestBuilder.java:111)
	at io.apicurio.registry.resolver.client.RegistryClientFacadeImpl.getVersionCoordinatesByGAV(RegistryClientFacadeImpl.java:153)
	at io.apicurio.registry.resolver.DefaultSchemaResolver.resolveByCoordinates(DefaultSchemaResolver.java:352)
	at io.apicurio.registry.resolver.DefaultSchemaResolver.lambda$resolveSchemaByArtifactReferenceCached$6(DefaultSchemaResolver.java:340)
	at io.apicurio.registry.resolver.cache.ERCache.lambda$getValue$0(ERCache.java:174)
	at io.apicurio.registry.resolver.cache.ERCache.retry(ERCache.java:227)
	at io.apicurio.registry.resolver.cache.ERCache.getValue(ERCache.java:173)
	at io.apicurio.registry.resolver.cache.ERCache.getByArtifactCoordinates(ERCache.java:158)
	at io.apicurio.registry.resolver.DefaultSchemaResolver.resolveSchemaByArtifactReferenceCached(DefaultSchemaResolver.java:338)
	at io.apicurio.registry.resolver.DefaultSchemaResolver.resolveSchemaByCoordinates(DefaultSchemaResolver.java:193)
	at io.apicurio.registry.resolver.DefaultSchemaResolver.getSchemaFromRegistry(DefaultSchemaResolver.java:130)
	at io.apicurio.registry.resolver.DefaultSchemaResolver.lambda$resolveSchema$0(DefaultSchemaResolver.java:84)
	at java.base/java.util.Optional.orElseGet(Optional.java:364)
	at io.apicurio.registry.resolver.DefaultSchemaResolver.resolveSchema(DefaultSchemaResolver.java:84)
	at io.apicurio.registry.serde.AbstractSerializer.serializeData(AbstractSerializer.java:62)
	at io.apicurio.registry.serde.KafkaSerializer.serialize(KafkaSerializer.java:77)
	at org.apache.kafka.clients.producer.KafkaProducer.doSend(KafkaProducer.java:1046)
	at org.apache.kafka.clients.producer.KafkaProducer.send(KafkaProducer.java:993)
	at org.apache.kafka.clients.producer.KafkaProducer.send(KafkaProducer.java:875)
	at io.apicurio.tests.serdes.apicurio.KafkaSerdesTester.lambda$produceMessages$3(KafkaSerdesTester.java:138)
	at java.base/java.util.concurrent.CompletableFuture$AsyncSupply.run(CompletableFuture.java:1768)
	at java.base/java.lang.Thread.run(Thread.java:840)
]]></system-err>
  </testcase>
  <testcase name="testTopicIdStrategyFindLatest" classname="io.apicurio.tests.serdes.apicurio.AvroSerdeIT" time="1.842">
    <system-out><![CDATA[2025-07-31 17:05:00,899 INFO  [io.api.tes.uti.TestSeparator] (main) ############################################################################
2025-07-31 17:05:00,899 INFO  [io.api.tes.uti.TestSeparator] (main) io.apicurio.tests.serdes.apicurio.AvroSerdeIT.testTopicIdStrategyFindLatest-STARTED
2025-07-31 17:05:00,902 INFO  [io.api.tes.ser.api.AvroSerdeIT] (main) Registering Avro Schema: {"type":"record","name":"myrecordapicurio1","fields":[{"name":"key11753981500902","type":"string"}]}
**** Registry Base URL: http://registry-app-kafkasql.apps.ci419.apicurio-testing.org:80
2025-07-31 17:05:01,985 INFO  [org.apa.kaf.cli.pro.ProducerConfig] (main) ProducerConfig values: 
	acks = -1
	auto.include.jmx.reporter = true
	batch.size = 16384
	bootstrap.servers = [PLAINTEXT://localhost:32770]
	buffer.memory = 33554432
	client.dns.lookup = use_all_dns_ips
	client.id = Producer-topic-b8baf743_7435_42ee_8f1e_5fc94520fb77
	compression.gzip.level = -1
	compression.lz4.level = 9
	compression.type = none
	compression.zstd.level = 3
	connections.max.idle.ms = 10000
	delivery.timeout.ms = 120000
	enable.idempotence = true
	enable.metrics.push = true
	interceptor.classes = []
	key.serializer = class org.apache.kafka.common.serialization.StringSerializer
	linger.ms = 0
	max.block.ms = 60000
	max.in.flight.requests.per.connection = 5
	max.request.size = 1048576
	metadata.max.age.ms = 300000
	metadata.max.idle.ms = 300000
	metadata.recovery.strategy = none
	metric.reporters = []
	metrics.num.samples = 2
	metrics.recording.level = INFO
	metrics.sample.window.ms = 30000
	partitioner.adaptive.partitioning.enable = true
	partitioner.availability.timeout.ms = 0
	partitioner.class = null
	partitioner.ignore.keys = false
	receive.buffer.bytes = 32768
	reconnect.backoff.max.ms = 1000
	reconnect.backoff.ms = 50
	request.timeout.ms = 5000
	retries = 2147483647
	retry.backoff.max.ms = 1000
	retry.backoff.ms = 100
	sasl.client.callback.handler.class = null
	sasl.jaas.config = null
	sasl.kerberos.kinit.cmd = /usr/bin/kinit
	sasl.kerberos.min.time.before.relogin = 60000
	sasl.kerberos.service.name = null
	sasl.kerberos.ticket.renew.jitter = 0.05
	sasl.kerberos.ticket.renew.window.factor = 0.8
	sasl.login.callback.handler.class = null
	sasl.login.class = null
	sasl.login.connect.timeout.ms = null
	sasl.login.read.timeout.ms = null
	sasl.login.refresh.buffer.seconds = 300
	sasl.login.refresh.min.period.seconds = 60
	sasl.login.refresh.window.factor = 0.8
	sasl.login.refresh.window.jitter = 0.05
	sasl.login.retry.backoff.max.ms = 10000
	sasl.login.retry.backoff.ms = 100
	sasl.mechanism = GSSAPI
	sasl.oauthbearer.clock.skew.seconds = 30
	sasl.oauthbearer.expected.audience = null
	sasl.oauthbearer.expected.issuer = null
	sasl.oauthbearer.header.urlencode = false
	sasl.oauthbearer.jwks.endpoint.refresh.ms = 3600000
	sasl.oauthbearer.jwks.endpoint.retry.backoff.max.ms = 10000
	sasl.oauthbearer.jwks.endpoint.retry.backoff.ms = 100
	sasl.oauthbearer.jwks.endpoint.url = null
	sasl.oauthbearer.scope.claim.name = scope
	sasl.oauthbearer.sub.claim.name = sub
	sasl.oauthbearer.token.endpoint.url = null
	security.protocol = PLAINTEXT
	security.providers = null
	send.buffer.bytes = 131072
	socket.connection.setup.timeout.max.ms = 30000
	socket.connection.setup.timeout.ms = 10000
	ssl.cipher.suites = null
	ssl.enabled.protocols = [TLSv1.2, TLSv1.3]
	ssl.endpoint.identification.algorithm = https
	ssl.engine.factory.class = null
	ssl.key.password = null
	ssl.keymanager.algorithm = SunX509
	ssl.keystore.certificate.chain = null
	ssl.keystore.key = null
	ssl.keystore.location = null
	ssl.keystore.password = null
	ssl.keystore.type = JKS
	ssl.protocol = TLSv1.3
	ssl.provider = null
	ssl.secure.random.implementation = null
	ssl.trustmanager.algorithm = PKIX
	ssl.truststore.certificates = null
	ssl.truststore.location = null
	ssl.truststore.password = null
	ssl.truststore.type = JKS
	transaction.timeout.ms = 60000
	transactional.id = null
	value.serializer = class io.apicurio.registry.serde.avro.AvroKafkaSerializer

2025-07-31 17:05:01,986 INFO  [org.apa.kaf.com.tel.int.KafkaMetricsCollector] (main) initializing Kafka metrics collector
2025-07-31 17:05:01,990 INFO  [org.apa.kaf.cli.pro.KafkaProducer] (main) [Producer clientId=Producer-topic-b8baf743_7435_42ee_8f1e_5fc94520fb77] Instantiated an idempotent producer.
2025-07-31 17:05:01,995 INFO  [org.apa.kaf.cli.pro.ProducerConfig] (main) These configurations '[apicurio.registry.find-latest, apicurio.registry.url, apicurio.registry.artifact-resolver-strategy]' were supplied but are not used yet.
2025-07-31 17:05:01,996 INFO  [org.apa.kaf.com.uti.AppInfoParser] (main) Kafka version: 3.9.1
2025-07-31 17:05:01,996 INFO  [org.apa.kaf.com.uti.AppInfoParser] (main) Kafka commitId: f745dfdcee2b9851
2025-07-31 17:05:01,996 INFO  [org.apa.kaf.com.uti.AppInfoParser] (main) Kafka startTimeMs: 1753981501995
2025-07-31 17:05:01,996 INFO  [io.api.tes.ser.api.SimpleSerdesTesterBuilder$SimpleSerdesTester] (main) Using producer configuration: {apicurio.registry.find-latest=true, apicurio.registry.url=http://registry-app-kafkasql.apps.ci419.apicurio-testing.org:80/apis/registry/v3, apicurio.registry.artifact-resolver-strategy=io.apicurio.registry.serde.strategy.TopicIdStrategy, value.serializer=io.apicurio.registry.serde.avro.AvroKafkaSerializer, request.timeout.ms=5000, acks=all, bootstrap.servers=PLAINTEXT://localhost:32770, connections.max.idle.ms=10000, key.serializer=org.apache.kafka.common.serialization.StringSerializer, client.id=Producer-topic-b8baf743_7435_42ee_8f1e_5fc94520fb77}
2025-07-31 17:05:01,996 INFO  [io.api.tes.ser.api.SimpleSerdesTesterBuilder$SimpleSerdesTester] (main) Using consumer configuration: {}
2025-07-31 17:05:01,997 INFO  [io.api.tes.ser.api.KafkaSerdesTester] (Thread-639) Sending message {"key11753981500902": "value-0"} to topic topic-b8baf743_7435_42ee_8f1e_5fc94520fb77
2025-07-31 17:05:02,002 INFO  [org.apa.kaf.cli.Metadata] (kafka-producer-network-thread | Producer-topic-b8baf743_7435_42ee_8f1e_5fc94520fb77) [Producer clientId=Producer-topic-b8baf743_7435_42ee_8f1e_5fc94520fb77] Cluster ID: WpqyxNU-RHKB_ermmfvksw
2025-07-31 17:05:02,003 INFO  [org.apa.kaf.cli.pro.int.TransactionManager] (kafka-producer-network-thread | Producer-topic-b8baf743_7435_42ee_8f1e_5fc94520fb77) [Producer clientId=Producer-topic-b8baf743_7435_42ee_8f1e_5fc94520fb77] ProducerId set to 9 with epoch 0
2025-07-31 17:05:02,075 INFO  [io.api.tes.ser.api.KafkaSerdesTester] (Thread-639) Sending message {"key11753981500902": "value-1"} to topic topic-b8baf743_7435_42ee_8f1e_5fc94520fb77
2025-07-31 17:05:02,078 INFO  [io.api.tes.ser.api.KafkaSerdesTester] (Thread-639) Sending message {"key11753981500902": "value-2"} to topic topic-b8baf743_7435_42ee_8f1e_5fc94520fb77
2025-07-31 17:05:02,081 INFO  [io.api.tes.ser.api.KafkaSerdesTester] (Thread-639) Sending message {"key11753981500902": "value-3"} to topic topic-b8baf743_7435_42ee_8f1e_5fc94520fb77
2025-07-31 17:05:02,085 INFO  [io.api.tes.ser.api.KafkaSerdesTester] (Thread-639) Sending message {"key11753981500902": "value-4"} to topic topic-b8baf743_7435_42ee_8f1e_5fc94520fb77
2025-07-31 17:05:02,087 INFO  [io.api.tes.ser.api.KafkaSerdesTester] (Thread-639) Sending message {"key11753981500902": "value-5"} to topic topic-b8baf743_7435_42ee_8f1e_5fc94520fb77
2025-07-31 17:05:02,089 INFO  [io.api.tes.ser.api.KafkaSerdesTester] (Thread-639) Sending message {"key11753981500902": "value-6"} to topic topic-b8baf743_7435_42ee_8f1e_5fc94520fb77
2025-07-31 17:05:02,094 INFO  [io.api.tes.ser.api.KafkaSerdesTester] (Thread-639) Sending message {"key11753981500902": "value-7"} to topic topic-b8baf743_7435_42ee_8f1e_5fc94520fb77
2025-07-31 17:05:02,097 INFO  [io.api.tes.ser.api.KafkaSerdesTester] (Thread-639) Sending message {"key11753981500902": "value-8"} to topic topic-b8baf743_7435_42ee_8f1e_5fc94520fb77
2025-07-31 17:05:02,100 INFO  [io.api.tes.ser.api.KafkaSerdesTester] (Thread-639) Sending message {"key11753981500902": "value-9"} to topic topic-b8baf743_7435_42ee_8f1e_5fc94520fb77
2025-07-31 17:05:02,102 INFO  [io.api.tes.ser.api.KafkaSerdesTester] (Thread-639) Produced 10 messages
2025-07-31 17:05:02,102 INFO  [org.apa.kaf.cli.pro.KafkaProducer] (Thread-639) [Producer clientId=Producer-topic-b8baf743_7435_42ee_8f1e_5fc94520fb77] Closing the Kafka producer with timeoutMillis = 9223372036854775807 ms.
2025-07-31 17:05:02,105 INFO  [org.apa.kaf.com.met.Metrics] (Thread-639) Metrics scheduler closed
2025-07-31 17:05:02,105 INFO  [org.apa.kaf.com.met.Metrics] (Thread-639) Closing reporter org.apache.kafka.common.metrics.JmxReporter
2025-07-31 17:05:02,105 INFO  [org.apa.kaf.com.met.Metrics] (Thread-639) Closing reporter org.apache.kafka.common.telemetry.internals.ClientTelemetryReporter
2025-07-31 17:05:02,105 INFO  [org.apa.kaf.com.met.Metrics] (Thread-639) Metrics reporters closed
2025-07-31 17:05:02,106 INFO  [org.apa.kaf.com.uti.AppInfoParser] (Thread-639) App info kafka.producer for Producer-topic-b8baf743_7435_42ee_8f1e_5fc94520fb77 unregistered
**** Registry Base URL: http://registry-app-kafkasql.apps.ci419.apicurio-testing.org:80
2025-07-31 17:05:02,109 INFO  [org.apa.kaf.cli.con.ConsumerConfig] (main) ConsumerConfig values: 
	allow.auto.create.topics = true
	auto.commit.interval.ms = 500
	auto.include.jmx.reporter = true
	auto.offset.reset = earliest
	bootstrap.servers = [PLAINTEXT://localhost:32770]
	check.crcs = true
	client.dns.lookup = use_all_dns_ips
	client.id = consumer-Consumer-topic-b8baf743_7435_42ee_8f1e_5fc94520fb77-7
	client.rack = 
	connections.max.idle.ms = 10000
	default.api.timeout.ms = 60000
	enable.auto.commit = true
	enable.metrics.push = true
	exclude.internal.topics = true
	fetch.max.bytes = 52428800
	fetch.max.wait.ms = 500
	fetch.min.bytes = 1
	group.id = Consumer-topic-b8baf743_7435_42ee_8f1e_5fc94520fb77
	group.instance.id = null
	group.protocol = classic
	group.remote.assignor = null
	heartbeat.interval.ms = 3000
	interceptor.classes = []
	internal.leave.group.on.close = true
	internal.throw.on.fetch.stable.offset.unsupported = false
	isolation.level = read_uncommitted
	key.deserializer = class org.apache.kafka.common.serialization.StringDeserializer
	max.partition.fetch.bytes = 1048576
	max.poll.interval.ms = 300000
	max.poll.records = 500
	metadata.max.age.ms = 300000
	metadata.recovery.strategy = none
	metric.reporters = []
	metrics.num.samples = 2
	metrics.recording.level = INFO
	metrics.sample.window.ms = 30000
	partition.assignment.strategy = [class org.apache.kafka.clients.consumer.RangeAssignor, class org.apache.kafka.clients.consumer.CooperativeStickyAssignor]
	receive.buffer.bytes = 65536
	reconnect.backoff.max.ms = 1000
	reconnect.backoff.ms = 50
	request.timeout.ms = 5000
	retry.backoff.max.ms = 1000
	retry.backoff.ms = 100
	sasl.client.callback.handler.class = null
	sasl.jaas.config = null
	sasl.kerberos.kinit.cmd = /usr/bin/kinit
	sasl.kerberos.min.time.before.relogin = 60000
	sasl.kerberos.service.name = null
	sasl.kerberos.ticket.renew.jitter = 0.05
	sasl.kerberos.ticket.renew.window.factor = 0.8
	sasl.login.callback.handler.class = null
	sasl.login.class = null
	sasl.login.connect.timeout.ms = null
	sasl.login.read.timeout.ms = null
	sasl.login.refresh.buffer.seconds = 300
	sasl.login.refresh.min.period.seconds = 60
	sasl.login.refresh.window.factor = 0.8
	sasl.login.refresh.window.jitter = 0.05
	sasl.login.retry.backoff.max.ms = 10000
	sasl.login.retry.backoff.ms = 100
	sasl.mechanism = GSSAPI
	sasl.oauthbearer.clock.skew.seconds = 30
	sasl.oauthbearer.expected.audience = null
	sasl.oauthbearer.expected.issuer = null
	sasl.oauthbearer.header.urlencode = false
	sasl.oauthbearer.jwks.endpoint.refresh.ms = 3600000
	sasl.oauthbearer.jwks.endpoint.retry.backoff.max.ms = 10000
	sasl.oauthbearer.jwks.endpoint.retry.backoff.ms = 100
	sasl.oauthbearer.jwks.endpoint.url = null
	sasl.oauthbearer.scope.claim.name = scope
	sasl.oauthbearer.sub.claim.name = sub
	sasl.oauthbearer.token.endpoint.url = null
	security.protocol = PLAINTEXT
	security.providers = null
	send.buffer.bytes = 131072
	session.timeout.ms = 45000
	socket.connection.setup.timeout.max.ms = 30000
	socket.connection.setup.timeout.ms = 10000
	ssl.cipher.suites = null
	ssl.enabled.protocols = [TLSv1.2, TLSv1.3]
	ssl.endpoint.identification.algorithm = https
	ssl.engine.factory.class = null
	ssl.key.password = null
	ssl.keymanager.algorithm = SunX509
	ssl.keystore.certificate.chain = null
	ssl.keystore.key = null
	ssl.keystore.location = null
	ssl.keystore.password = null
	ssl.keystore.type = JKS
	ssl.protocol = TLSv1.3
	ssl.provider = null
	ssl.secure.random.implementation = null
	ssl.trustmanager.algorithm = PKIX
	ssl.truststore.certificates = null
	ssl.truststore.location = null
	ssl.truststore.password = null
	ssl.truststore.type = JKS
	value.deserializer = class io.apicurio.registry.serde.avro.AvroKafkaDeserializer

2025-07-31 17:05:02,114 INFO  [org.apa.kaf.com.tel.int.KafkaMetricsCollector] (main) initializing Kafka metrics collector
2025-07-31 17:05:02,124 INFO  [org.apa.kaf.cli.con.ConsumerConfig] (main) These configurations '[apicurio.registry.url]' were supplied but are not used yet.
2025-07-31 17:05:02,124 INFO  [org.apa.kaf.com.uti.AppInfoParser] (main) Kafka version: 3.9.1
2025-07-31 17:05:02,124 INFO  [org.apa.kaf.com.uti.AppInfoParser] (main) Kafka commitId: f745dfdcee2b9851
2025-07-31 17:05:02,124 INFO  [org.apa.kaf.com.uti.AppInfoParser] (main) Kafka startTimeMs: 1753981502124
2025-07-31 17:05:02,126 INFO  [org.apa.kaf.cli.con.int.ClassicKafkaConsumer] (Thread-642) [Consumer clientId=consumer-Consumer-topic-b8baf743_7435_42ee_8f1e_5fc94520fb77-7, groupId=Consumer-topic-b8baf743_7435_42ee_8f1e_5fc94520fb77] Subscribed to topic(s): topic-b8baf743_7435_42ee_8f1e_5fc94520fb77
2025-07-31 17:05:02,135 INFO  [org.apa.kaf.cli.Metadata] (Thread-642) [Consumer clientId=consumer-Consumer-topic-b8baf743_7435_42ee_8f1e_5fc94520fb77-7, groupId=Consumer-topic-b8baf743_7435_42ee_8f1e_5fc94520fb77] Cluster ID: WpqyxNU-RHKB_ermmfvksw
2025-07-31 17:05:02,139 INFO  [org.apa.kaf.cli.con.int.ConsumerCoordinator] (Thread-642) [Consumer clientId=consumer-Consumer-topic-b8baf743_7435_42ee_8f1e_5fc94520fb77-7, groupId=Consumer-topic-b8baf743_7435_42ee_8f1e_5fc94520fb77] Discovered group coordinator localhost:32770 (id: 2147483647 rack: null)
2025-07-31 17:05:02,144 INFO  [org.apa.kaf.cli.con.int.ConsumerCoordinator] (Thread-642) [Consumer clientId=consumer-Consumer-topic-b8baf743_7435_42ee_8f1e_5fc94520fb77-7, groupId=Consumer-topic-b8baf743_7435_42ee_8f1e_5fc94520fb77] (Re-)joining group
2025-07-31 17:05:02,151 INFO  [org.apa.kaf.cli.con.int.ConsumerCoordinator] (Thread-642) [Consumer clientId=consumer-Consumer-topic-b8baf743_7435_42ee_8f1e_5fc94520fb77-7, groupId=Consumer-topic-b8baf743_7435_42ee_8f1e_5fc94520fb77] Request joining group due to: need to re-join with the given member-id: consumer-Consumer-topic-b8baf743_7435_42ee_8f1e_5fc94520fb77-7-b797d2d5-4443-434a-af35-cd55f2057646
2025-07-31 17:05:02,151 INFO  [org.apa.kaf.cli.con.int.ConsumerCoordinator] (Thread-642) [Consumer clientId=consumer-Consumer-topic-b8baf743_7435_42ee_8f1e_5fc94520fb77-7, groupId=Consumer-topic-b8baf743_7435_42ee_8f1e_5fc94520fb77] (Re-)joining group
2025-07-31 17:05:02,158 INFO  [org.apa.kaf.cli.con.int.ConsumerCoordinator] (Thread-642) [Consumer clientId=consumer-Consumer-topic-b8baf743_7435_42ee_8f1e_5fc94520fb77-7, groupId=Consumer-topic-b8baf743_7435_42ee_8f1e_5fc94520fb77] Successfully joined group with generation Generation{generationId=1, memberId='consumer-Consumer-topic-b8baf743_7435_42ee_8f1e_5fc94520fb77-7-b797d2d5-4443-434a-af35-cd55f2057646', protocol='range'}
2025-07-31 17:05:02,161 INFO  [org.apa.kaf.cli.con.int.ConsumerCoordinator] (Thread-642) [Consumer clientId=consumer-Consumer-topic-b8baf743_7435_42ee_8f1e_5fc94520fb77-7, groupId=Consumer-topic-b8baf743_7435_42ee_8f1e_5fc94520fb77] Finished assignment for group at generation 1: {consumer-Consumer-topic-b8baf743_7435_42ee_8f1e_5fc94520fb77-7-b797d2d5-4443-434a-af35-cd55f2057646=Assignment(partitions=[topic-b8baf743_7435_42ee_8f1e_5fc94520fb77-0])}
2025-07-31 17:05:02,172 INFO  [org.apa.kaf.cli.con.int.ConsumerCoordinator] (Thread-642) [Consumer clientId=consumer-Consumer-topic-b8baf743_7435_42ee_8f1e_5fc94520fb77-7, groupId=Consumer-topic-b8baf743_7435_42ee_8f1e_5fc94520fb77] Successfully synced group in generation Generation{generationId=1, memberId='consumer-Consumer-topic-b8baf743_7435_42ee_8f1e_5fc94520fb77-7-b797d2d5-4443-434a-af35-cd55f2057646', protocol='range'}
2025-07-31 17:05:02,172 INFO  [org.apa.kaf.cli.con.int.ConsumerCoordinator] (Thread-642) [Consumer clientId=consumer-Consumer-topic-b8baf743_7435_42ee_8f1e_5fc94520fb77-7, groupId=Consumer-topic-b8baf743_7435_42ee_8f1e_5fc94520fb77] Notifying assignor about the new Assignment(partitions=[topic-b8baf743_7435_42ee_8f1e_5fc94520fb77-0])
2025-07-31 17:05:02,172 INFO  [org.apa.kaf.cli.con.int.ConsumerRebalanceListenerInvoker] (Thread-642) [Consumer clientId=consumer-Consumer-topic-b8baf743_7435_42ee_8f1e_5fc94520fb77-7, groupId=Consumer-topic-b8baf743_7435_42ee_8f1e_5fc94520fb77] Adding newly assigned partitions: topic-b8baf743_7435_42ee_8f1e_5fc94520fb77-0
2025-07-31 17:05:02,175 INFO  [org.apa.kaf.cli.con.int.ConsumerCoordinator] (Thread-642) [Consumer clientId=consumer-Consumer-topic-b8baf743_7435_42ee_8f1e_5fc94520fb77-7, groupId=Consumer-topic-b8baf743_7435_42ee_8f1e_5fc94520fb77] Found no committed offset for partition topic-b8baf743_7435_42ee_8f1e_5fc94520fb77-0
2025-07-31 17:05:02,186 INFO  [org.apa.kaf.cli.con.int.SubscriptionState] (Thread-642) [Consumer clientId=consumer-Consumer-topic-b8baf743_7435_42ee_8f1e_5fc94520fb77-7, groupId=Consumer-topic-b8baf743_7435_42ee_8f1e_5fc94520fb77] Resetting offset for partition topic-b8baf743_7435_42ee_8f1e_5fc94520fb77-0 to position FetchPosition{offset=0, offsetEpoch=Optional.empty, currentLeader=LeaderAndEpoch{leader=Optional[localhost:32770 (id: 0 rack: null)], epoch=0}}.
2025-07-31 17:05:02,234 INFO  [io.api.tes.ser.api.KafkaSerdesTester] (Thread-642) topic-b8baf743_7435_42ee_8f1e_5fc94520fb77 0 0 {"key11753981500902": "value-0"}
2025-07-31 17:05:02,234 INFO  [io.api.tes.ser.api.KafkaSerdesTester] (Thread-642) topic-b8baf743_7435_42ee_8f1e_5fc94520fb77 0 1 {"key11753981500902": "value-1"}
2025-07-31 17:05:02,234 INFO  [io.api.tes.ser.api.KafkaSerdesTester] (Thread-642) topic-b8baf743_7435_42ee_8f1e_5fc94520fb77 0 2 {"key11753981500902": "value-2"}
2025-07-31 17:05:02,234 INFO  [io.api.tes.ser.api.KafkaSerdesTester] (Thread-642) topic-b8baf743_7435_42ee_8f1e_5fc94520fb77 0 3 {"key11753981500902": "value-3"}
2025-07-31 17:05:02,234 INFO  [io.api.tes.ser.api.KafkaSerdesTester] (Thread-642) topic-b8baf743_7435_42ee_8f1e_5fc94520fb77 0 4 {"key11753981500902": "value-4"}
2025-07-31 17:05:02,234 INFO  [io.api.tes.ser.api.KafkaSerdesTester] (Thread-642) topic-b8baf743_7435_42ee_8f1e_5fc94520fb77 0 5 {"key11753981500902": "value-5"}
2025-07-31 17:05:02,234 INFO  [io.api.tes.ser.api.KafkaSerdesTester] (Thread-642) topic-b8baf743_7435_42ee_8f1e_5fc94520fb77 0 6 {"key11753981500902": "value-6"}
2025-07-31 17:05:02,235 INFO  [io.api.tes.ser.api.KafkaSerdesTester] (Thread-642) topic-b8baf743_7435_42ee_8f1e_5fc94520fb77 0 7 {"key11753981500902": "value-7"}
2025-07-31 17:05:02,235 INFO  [io.api.tes.ser.api.KafkaSerdesTester] (Thread-642) topic-b8baf743_7435_42ee_8f1e_5fc94520fb77 0 8 {"key11753981500902": "value-8"}
2025-07-31 17:05:02,235 INFO  [io.api.tes.ser.api.KafkaSerdesTester] (Thread-642) topic-b8baf743_7435_42ee_8f1e_5fc94520fb77 0 9 {"key11753981500902": "value-9"}
2025-07-31 17:05:02,235 INFO  [io.api.tes.ser.api.KafkaSerdesTester] (Thread-642) Consumed 10 messages
2025-07-31 17:05:02,239 INFO  [org.apa.kaf.cli.con.int.ConsumerRebalanceListenerInvoker] (Thread-642) [Consumer clientId=consumer-Consumer-topic-b8baf743_7435_42ee_8f1e_5fc94520fb77-7, groupId=Consumer-topic-b8baf743_7435_42ee_8f1e_5fc94520fb77] Revoke previously assigned partitions topic-b8baf743_7435_42ee_8f1e_5fc94520fb77-0
2025-07-31 17:05:02,239 INFO  [org.apa.kaf.cli.con.int.ConsumerCoordinator] (Thread-642) [Consumer clientId=consumer-Consumer-topic-b8baf743_7435_42ee_8f1e_5fc94520fb77-7, groupId=Consumer-topic-b8baf743_7435_42ee_8f1e_5fc94520fb77] Member consumer-Consumer-topic-b8baf743_7435_42ee_8f1e_5fc94520fb77-7-b797d2d5-4443-434a-af35-cd55f2057646 sending LeaveGroup request to coordinator localhost:32770 (id: 2147483647 rack: null) due to the consumer is being closed
2025-07-31 17:05:02,240 INFO  [org.apa.kaf.cli.con.int.ConsumerCoordinator] (Thread-642) [Consumer clientId=consumer-Consumer-topic-b8baf743_7435_42ee_8f1e_5fc94520fb77-7, groupId=Consumer-topic-b8baf743_7435_42ee_8f1e_5fc94520fb77] Resetting generation and member id due to: consumer pro-actively leaving the group
2025-07-31 17:05:02,240 INFO  [org.apa.kaf.cli.con.int.ConsumerCoordinator] (Thread-642) [Consumer clientId=consumer-Consumer-topic-b8baf743_7435_42ee_8f1e_5fc94520fb77-7, groupId=Consumer-topic-b8baf743_7435_42ee_8f1e_5fc94520fb77] Request joining group due to: consumer pro-actively leaving the group
2025-07-31 17:05:02,737 INFO  [org.apa.kaf.com.met.Metrics] (Thread-642) Metrics scheduler closed
2025-07-31 17:05:02,738 INFO  [org.apa.kaf.com.met.Metrics] (Thread-642) Closing reporter org.apache.kafka.common.metrics.JmxReporter
2025-07-31 17:05:02,738 INFO  [org.apa.kaf.com.met.Metrics] (Thread-642) Closing reporter org.apache.kafka.common.telemetry.internals.ClientTelemetryReporter
2025-07-31 17:05:02,738 INFO  [org.apa.kaf.com.met.Metrics] (Thread-642) Metrics reporters closed
2025-07-31 17:05:02,740 INFO  [org.apa.kaf.com.uti.AppInfoParser] (Thread-642) App info kafka.consumer for consumer-Consumer-topic-b8baf743_7435_42ee_8f1e_5fc94520fb77-7 unregistered
2025-07-31 17:05:02,740 INFO  [io.api.tes.uti.TestSeparator] (main) io.apicurio.tests.serdes.apicurio.AvroSerdeIT.testTopicIdStrategyFindLatest-FINISHED
2025-07-31 17:05:02,740 INFO  [io.api.tes.uti.TestSeparator] (main) ############################################################################
Test passed: testTopicIdStrategyFindLatest
]]></system-out>
  </testcase>
  <testcase name="testAvroUnionWithSpecificReader" classname="io.apicurio.tests.serdes.apicurio.AvroSerdeIT" time="1.04">
    <system-out><![CDATA[2025-07-31 17:05:02,742 INFO  [io.api.tes.uti.TestSeparator] (main) ############################################################################
2025-07-31 17:05:02,744 INFO  [io.api.tes.uti.TestSeparator] (main) io.apicurio.tests.serdes.apicurio.AvroSerdeIT.testAvroUnionWithSpecificReader-STARTED
**** Registry Base URL: http://registry-app-kafkasql.apps.ci419.apicurio-testing.org:80
2025-07-31 17:05:02,747 INFO  [org.apa.kaf.cli.pro.ProducerConfig] (main) ProducerConfig values: 
	acks = -1
	auto.include.jmx.reporter = true
	batch.size = 16384
	bootstrap.servers = [PLAINTEXT://localhost:32770]
	buffer.memory = 33554432
	client.dns.lookup = use_all_dns_ips
	client.id = Producer-topic-30b1a554_53c5_4a15_a2f8_c3cd8d327f6a
	compression.gzip.level = -1
	compression.lz4.level = 9
	compression.type = none
	compression.zstd.level = 3
	connections.max.idle.ms = 10000
	delivery.timeout.ms = 120000
	enable.idempotence = true
	enable.metrics.push = true
	interceptor.classes = []
	key.serializer = class org.apache.kafka.common.serialization.StringSerializer
	linger.ms = 0
	max.block.ms = 60000
	max.in.flight.requests.per.connection = 5
	max.request.size = 1048576
	metadata.max.age.ms = 300000
	metadata.max.idle.ms = 300000
	metadata.recovery.strategy = none
	metric.reporters = []
	metrics.num.samples = 2
	metrics.recording.level = INFO
	metrics.sample.window.ms = 30000
	partitioner.adaptive.partitioning.enable = true
	partitioner.availability.timeout.ms = 0
	partitioner.class = null
	partitioner.ignore.keys = false
	receive.buffer.bytes = 32768
	reconnect.backoff.max.ms = 1000
	reconnect.backoff.ms = 50
	request.timeout.ms = 5000
	retries = 2147483647
	retry.backoff.max.ms = 1000
	retry.backoff.ms = 100
	sasl.client.callback.handler.class = null
	sasl.jaas.config = null
	sasl.kerberos.kinit.cmd = /usr/bin/kinit
	sasl.kerberos.min.time.before.relogin = 60000
	sasl.kerberos.service.name = null
	sasl.kerberos.ticket.renew.jitter = 0.05
	sasl.kerberos.ticket.renew.window.factor = 0.8
	sasl.login.callback.handler.class = null
	sasl.login.class = null
	sasl.login.connect.timeout.ms = null
	sasl.login.read.timeout.ms = null
	sasl.login.refresh.buffer.seconds = 300
	sasl.login.refresh.min.period.seconds = 60
	sasl.login.refresh.window.factor = 0.8
	sasl.login.refresh.window.jitter = 0.05
	sasl.login.retry.backoff.max.ms = 10000
	sasl.login.retry.backoff.ms = 100
	sasl.mechanism = GSSAPI
	sasl.oauthbearer.clock.skew.seconds = 30
	sasl.oauthbearer.expected.audience = null
	sasl.oauthbearer.expected.issuer = null
	sasl.oauthbearer.header.urlencode = false
	sasl.oauthbearer.jwks.endpoint.refresh.ms = 3600000
	sasl.oauthbearer.jwks.endpoint.retry.backoff.max.ms = 10000
	sasl.oauthbearer.jwks.endpoint.retry.backoff.ms = 100
	sasl.oauthbearer.jwks.endpoint.url = null
	sasl.oauthbearer.scope.claim.name = scope
	sasl.oauthbearer.sub.claim.name = sub
	sasl.oauthbearer.token.endpoint.url = null
	security.protocol = PLAINTEXT
	security.providers = null
	send.buffer.bytes = 131072
	socket.connection.setup.timeout.max.ms = 30000
	socket.connection.setup.timeout.ms = 10000
	ssl.cipher.suites = null
	ssl.enabled.protocols = [TLSv1.2, TLSv1.3]
	ssl.endpoint.identification.algorithm = https
	ssl.engine.factory.class = null
	ssl.key.password = null
	ssl.keymanager.algorithm = SunX509
	ssl.keystore.certificate.chain = null
	ssl.keystore.key = null
	ssl.keystore.location = null
	ssl.keystore.password = null
	ssl.keystore.type = JKS
	ssl.protocol = TLSv1.3
	ssl.provider = null
	ssl.secure.random.implementation = null
	ssl.trustmanager.algorithm = PKIX
	ssl.truststore.certificates = null
	ssl.truststore.location = null
	ssl.truststore.password = null
	ssl.truststore.type = JKS
	transaction.timeout.ms = 60000
	transactional.id = null
	value.serializer = class io.apicurio.registry.serde.avro.AvroKafkaSerializer

2025-07-31 17:05:02,747 INFO  [org.apa.kaf.com.tel.int.KafkaMetricsCollector] (main) initializing Kafka metrics collector
2025-07-31 17:05:02,758 INFO  [org.apa.kaf.cli.pro.KafkaProducer] (main) [Producer clientId=Producer-topic-30b1a554_53c5_4a15_a2f8_c3cd8d327f6a] Instantiated an idempotent producer.
2025-07-31 17:05:02,764 INFO  [org.apa.kaf.cli.pro.ProducerConfig] (main) These configurations '[apicurio.registry.url, apicurio.registry.auto-register, apicurio.registry.artifact-resolver-strategy]' were supplied but are not used yet.
2025-07-31 17:05:02,764 INFO  [org.apa.kaf.com.uti.AppInfoParser] (main) Kafka version: 3.9.1
2025-07-31 17:05:02,764 INFO  [org.apa.kaf.com.uti.AppInfoParser] (main) Kafka commitId: f745dfdcee2b9851
2025-07-31 17:05:02,765 INFO  [org.apa.kaf.com.uti.AppInfoParser] (main) Kafka startTimeMs: 1753981502764
2025-07-31 17:05:02,765 INFO  [io.api.tes.ser.api.SimpleSerdesTesterBuilder$SimpleSerdesTester] (main) Using producer configuration: {apicurio.registry.url=http://registry-app-kafkasql.apps.ci419.apicurio-testing.org:80/apis/registry/v3, apicurio.registry.auto-register=true, apicurio.registry.artifact-resolver-strategy=io.apicurio.registry.serde.strategy.TopicIdStrategy, value.serializer=io.apicurio.registry.serde.avro.AvroKafkaSerializer, request.timeout.ms=5000, acks=all, bootstrap.servers=PLAINTEXT://localhost:32770, connections.max.idle.ms=10000, key.serializer=org.apache.kafka.common.serialization.StringSerializer, client.id=Producer-topic-30b1a554_53c5_4a15_a2f8_c3cd8d327f6a}
2025-07-31 17:05:02,765 INFO  [io.api.tes.ser.api.SimpleSerdesTesterBuilder$SimpleSerdesTester] (main) Using consumer configuration: {}
2025-07-31 17:05:02,767 INFO  [io.api.tes.ser.api.KafkaSerdesTester] (Thread-645) Sending message {"id": "record-0"} to topic topic-30b1a554_53c5_4a15_a2f8_c3cd8d327f6a
2025-07-31 17:05:02,777 WARN  [org.apa.kaf.cli.NetworkClient] (kafka-producer-network-thread | Producer-topic-30b1a554_53c5_4a15_a2f8_c3cd8d327f6a) [Producer clientId=Producer-topic-30b1a554_53c5_4a15_a2f8_c3cd8d327f6a] The metadata response from the cluster reported a recoverable issue with correlation id 2 : {topic-30b1a554_53c5_4a15_a2f8_c3cd8d327f6a=LEADER_NOT_AVAILABLE}
2025-07-31 17:05:02,777 INFO  [org.apa.kaf.cli.Metadata] (kafka-producer-network-thread | Producer-topic-30b1a554_53c5_4a15_a2f8_c3cd8d327f6a) [Producer clientId=Producer-topic-30b1a554_53c5_4a15_a2f8_c3cd8d327f6a] Cluster ID: WpqyxNU-RHKB_ermmfvksw
2025-07-31 17:05:02,779 INFO  [org.apa.kaf.cli.pro.int.TransactionManager] (kafka-producer-network-thread | Producer-topic-30b1a554_53c5_4a15_a2f8_c3cd8d327f6a) [Producer clientId=Producer-topic-30b1a554_53c5_4a15_a2f8_c3cd8d327f6a] ProducerId set to 10 with epoch 0
2025-07-31 17:05:02,976 INFO  [io.api.tes.ser.api.KafkaSerdesTester] (Thread-645) Sending message {"value": 1} to topic topic-30b1a554_53c5_4a15_a2f8_c3cd8d327f6a
2025-07-31 17:05:03,050 INFO  [io.api.tes.ser.api.KafkaSerdesTester] (Thread-645) Sending message {"active": true} to topic topic-30b1a554_53c5_4a15_a2f8_c3cd8d327f6a
2025-07-31 17:05:03,126 INFO  [io.api.tes.ser.api.KafkaSerdesTester] (Thread-645) Sending message {"id": "record-3"} to topic topic-30b1a554_53c5_4a15_a2f8_c3cd8d327f6a
2025-07-31 17:05:03,127 INFO  [io.api.tes.ser.api.KafkaSerdesTester] (Thread-645) Sending message {"value": 4} to topic topic-30b1a554_53c5_4a15_a2f8_c3cd8d327f6a
2025-07-31 17:05:03,129 INFO  [io.api.tes.ser.api.KafkaSerdesTester] (Thread-645) Sending message {"active": false} to topic topic-30b1a554_53c5_4a15_a2f8_c3cd8d327f6a
2025-07-31 17:05:03,131 INFO  [io.api.tes.ser.api.KafkaSerdesTester] (Thread-645) Sending message {"id": "record-6"} to topic topic-30b1a554_53c5_4a15_a2f8_c3cd8d327f6a
2025-07-31 17:05:03,133 INFO  [io.api.tes.ser.api.KafkaSerdesTester] (Thread-645) Sending message {"value": 7} to topic topic-30b1a554_53c5_4a15_a2f8_c3cd8d327f6a
2025-07-31 17:05:03,134 INFO  [io.api.tes.ser.api.KafkaSerdesTester] (Thread-645) Sending message {"active": true} to topic topic-30b1a554_53c5_4a15_a2f8_c3cd8d327f6a
2025-07-31 17:05:03,136 INFO  [io.api.tes.ser.api.KafkaSerdesTester] (Thread-645) Sending message {"id": "record-9"} to topic topic-30b1a554_53c5_4a15_a2f8_c3cd8d327f6a
2025-07-31 17:05:03,137 INFO  [io.api.tes.ser.api.KafkaSerdesTester] (Thread-645) Produced 10 messages
2025-07-31 17:05:03,137 INFO  [org.apa.kaf.cli.pro.KafkaProducer] (Thread-645) [Producer clientId=Producer-topic-30b1a554_53c5_4a15_a2f8_c3cd8d327f6a] Closing the Kafka producer with timeoutMillis = 9223372036854775807 ms.
2025-07-31 17:05:03,139 INFO  [org.apa.kaf.com.met.Metrics] (Thread-645) Metrics scheduler closed
2025-07-31 17:05:03,139 INFO  [org.apa.kaf.com.met.Metrics] (Thread-645) Closing reporter org.apache.kafka.common.metrics.JmxReporter
2025-07-31 17:05:03,139 INFO  [org.apa.kaf.com.met.Metrics] (Thread-645) Closing reporter org.apache.kafka.common.telemetry.internals.ClientTelemetryReporter
2025-07-31 17:05:03,139 INFO  [org.apa.kaf.com.met.Metrics] (Thread-645) Metrics reporters closed
2025-07-31 17:05:03,140 INFO  [org.apa.kaf.com.uti.AppInfoParser] (Thread-645) App info kafka.producer for Producer-topic-30b1a554_53c5_4a15_a2f8_c3cd8d327f6a unregistered
2025-07-31 17:05:03,154 INFO  [io.api.tes.ser.api.AvroSerdeIT] (main) Artifact topic-30b1a554_53c5_4a15_a2f8_c3cd8d327f6a-value found in registry with globalId 25
**** Registry Base URL: http://registry-app-kafkasql.apps.ci419.apicurio-testing.org:80
2025-07-31 17:05:03,155 INFO  [org.apa.kaf.cli.con.ConsumerConfig] (main) ConsumerConfig values: 
	allow.auto.create.topics = true
	auto.commit.interval.ms = 500
	auto.include.jmx.reporter = true
	auto.offset.reset = earliest
	bootstrap.servers = [PLAINTEXT://localhost:32770]
	check.crcs = true
	client.dns.lookup = use_all_dns_ips
	client.id = consumer-Consumer-topic-30b1a554_53c5_4a15_a2f8_c3cd8d327f6a-8
	client.rack = 
	connections.max.idle.ms = 10000
	default.api.timeout.ms = 60000
	enable.auto.commit = true
	enable.metrics.push = true
	exclude.internal.topics = true
	fetch.max.bytes = 52428800
	fetch.max.wait.ms = 500
	fetch.min.bytes = 1
	group.id = Consumer-topic-30b1a554_53c5_4a15_a2f8_c3cd8d327f6a
	group.instance.id = null
	group.protocol = classic
	group.remote.assignor = null
	heartbeat.interval.ms = 3000
	interceptor.classes = []
	internal.leave.group.on.close = true
	internal.throw.on.fetch.stable.offset.unsupported = false
	isolation.level = read_uncommitted
	key.deserializer = class org.apache.kafka.common.serialization.StringDeserializer
	max.partition.fetch.bytes = 1048576
	max.poll.interval.ms = 300000
	max.poll.records = 500
	metadata.max.age.ms = 300000
	metadata.recovery.strategy = none
	metric.reporters = []
	metrics.num.samples = 2
	metrics.recording.level = INFO
	metrics.sample.window.ms = 30000
	partition.assignment.strategy = [class org.apache.kafka.clients.consumer.RangeAssignor, class org.apache.kafka.clients.consumer.CooperativeStickyAssignor]
	receive.buffer.bytes = 65536
	reconnect.backoff.max.ms = 1000
	reconnect.backoff.ms = 50
	request.timeout.ms = 5000
	retry.backoff.max.ms = 1000
	retry.backoff.ms = 100
	sasl.client.callback.handler.class = null
	sasl.jaas.config = null
	sasl.kerberos.kinit.cmd = /usr/bin/kinit
	sasl.kerberos.min.time.before.relogin = 60000
	sasl.kerberos.service.name = null
	sasl.kerberos.ticket.renew.jitter = 0.05
	sasl.kerberos.ticket.renew.window.factor = 0.8
	sasl.login.callback.handler.class = null
	sasl.login.class = null
	sasl.login.connect.timeout.ms = null
	sasl.login.read.timeout.ms = null
	sasl.login.refresh.buffer.seconds = 300
	sasl.login.refresh.min.period.seconds = 60
	sasl.login.refresh.window.factor = 0.8
	sasl.login.refresh.window.jitter = 0.05
	sasl.login.retry.backoff.max.ms = 10000
	sasl.login.retry.backoff.ms = 100
	sasl.mechanism = GSSAPI
	sasl.oauthbearer.clock.skew.seconds = 30
	sasl.oauthbearer.expected.audience = null
	sasl.oauthbearer.expected.issuer = null
	sasl.oauthbearer.header.urlencode = false
	sasl.oauthbearer.jwks.endpoint.refresh.ms = 3600000
	sasl.oauthbearer.jwks.endpoint.retry.backoff.max.ms = 10000
	sasl.oauthbearer.jwks.endpoint.retry.backoff.ms = 100
	sasl.oauthbearer.jwks.endpoint.url = null
	sasl.oauthbearer.scope.claim.name = scope
	sasl.oauthbearer.sub.claim.name = sub
	sasl.oauthbearer.token.endpoint.url = null
	security.protocol = PLAINTEXT
	security.providers = null
	send.buffer.bytes = 131072
	session.timeout.ms = 45000
	socket.connection.setup.timeout.max.ms = 30000
	socket.connection.setup.timeout.ms = 10000
	ssl.cipher.suites = null
	ssl.enabled.protocols = [TLSv1.2, TLSv1.3]
	ssl.endpoint.identification.algorithm = https
	ssl.engine.factory.class = null
	ssl.key.password = null
	ssl.keymanager.algorithm = SunX509
	ssl.keystore.certificate.chain = null
	ssl.keystore.key = null
	ssl.keystore.location = null
	ssl.keystore.password = null
	ssl.keystore.type = JKS
	ssl.protocol = TLSv1.3
	ssl.provider = null
	ssl.secure.random.implementation = null
	ssl.trustmanager.algorithm = PKIX
	ssl.truststore.certificates = null
	ssl.truststore.location = null
	ssl.truststore.password = null
	ssl.truststore.type = JKS
	value.deserializer = class io.apicurio.registry.serde.avro.AvroKafkaDeserializer

2025-07-31 17:05:03,155 INFO  [org.apa.kaf.com.tel.int.KafkaMetricsCollector] (main) initializing Kafka metrics collector
2025-07-31 17:05:03,161 INFO  [org.apa.kaf.cli.con.ConsumerConfig] (main) These configurations '[apicurio.registry.url]' were supplied but are not used yet.
2025-07-31 17:05:03,161 INFO  [org.apa.kaf.com.uti.AppInfoParser] (main) Kafka version: 3.9.1
2025-07-31 17:05:03,161 INFO  [org.apa.kaf.com.uti.AppInfoParser] (main) Kafka commitId: f745dfdcee2b9851
2025-07-31 17:05:03,161 INFO  [org.apa.kaf.com.uti.AppInfoParser] (main) Kafka startTimeMs: 1753981503161
2025-07-31 17:05:03,161 INFO  [org.apa.kaf.cli.con.int.ClassicKafkaConsumer] (Thread-648) [Consumer clientId=consumer-Consumer-topic-30b1a554_53c5_4a15_a2f8_c3cd8d327f6a-8, groupId=Consumer-topic-30b1a554_53c5_4a15_a2f8_c3cd8d327f6a] Subscribed to topic(s): topic-30b1a554_53c5_4a15_a2f8_c3cd8d327f6a
2025-07-31 17:05:03,165 INFO  [org.apa.kaf.cli.Metadata] (Thread-648) [Consumer clientId=consumer-Consumer-topic-30b1a554_53c5_4a15_a2f8_c3cd8d327f6a-8, groupId=Consumer-topic-30b1a554_53c5_4a15_a2f8_c3cd8d327f6a] Cluster ID: WpqyxNU-RHKB_ermmfvksw
2025-07-31 17:05:03,166 INFO  [org.apa.kaf.cli.con.int.ConsumerCoordinator] (Thread-648) [Consumer clientId=consumer-Consumer-topic-30b1a554_53c5_4a15_a2f8_c3cd8d327f6a-8, groupId=Consumer-topic-30b1a554_53c5_4a15_a2f8_c3cd8d327f6a] Discovered group coordinator localhost:32770 (id: 2147483647 rack: null)
2025-07-31 17:05:03,167 INFO  [org.apa.kaf.cli.con.int.ConsumerCoordinator] (Thread-648) [Consumer clientId=consumer-Consumer-topic-30b1a554_53c5_4a15_a2f8_c3cd8d327f6a-8, groupId=Consumer-topic-30b1a554_53c5_4a15_a2f8_c3cd8d327f6a] (Re-)joining group
2025-07-31 17:05:03,170 INFO  [org.apa.kaf.cli.con.int.ConsumerCoordinator] (Thread-648) [Consumer clientId=consumer-Consumer-topic-30b1a554_53c5_4a15_a2f8_c3cd8d327f6a-8, groupId=Consumer-topic-30b1a554_53c5_4a15_a2f8_c3cd8d327f6a] Request joining group due to: need to re-join with the given member-id: consumer-Consumer-topic-30b1a554_53c5_4a15_a2f8_c3cd8d327f6a-8-e6787ed4-68ca-433e-a305-0c501a8074af
2025-07-31 17:05:03,170 INFO  [org.apa.kaf.cli.con.int.ConsumerCoordinator] (Thread-648) [Consumer clientId=consumer-Consumer-topic-30b1a554_53c5_4a15_a2f8_c3cd8d327f6a-8, groupId=Consumer-topic-30b1a554_53c5_4a15_a2f8_c3cd8d327f6a] (Re-)joining group
2025-07-31 17:05:03,173 INFO  [org.apa.kaf.cli.con.int.ConsumerCoordinator] (Thread-648) [Consumer clientId=consumer-Consumer-topic-30b1a554_53c5_4a15_a2f8_c3cd8d327f6a-8, groupId=Consumer-topic-30b1a554_53c5_4a15_a2f8_c3cd8d327f6a] Successfully joined group with generation Generation{generationId=1, memberId='consumer-Consumer-topic-30b1a554_53c5_4a15_a2f8_c3cd8d327f6a-8-e6787ed4-68ca-433e-a305-0c501a8074af', protocol='range'}
2025-07-31 17:05:03,173 INFO  [org.apa.kaf.cli.con.int.ConsumerCoordinator] (Thread-648) [Consumer clientId=consumer-Consumer-topic-30b1a554_53c5_4a15_a2f8_c3cd8d327f6a-8, groupId=Consumer-topic-30b1a554_53c5_4a15_a2f8_c3cd8d327f6a] Finished assignment for group at generation 1: {consumer-Consumer-topic-30b1a554_53c5_4a15_a2f8_c3cd8d327f6a-8-e6787ed4-68ca-433e-a305-0c501a8074af=Assignment(partitions=[topic-30b1a554_53c5_4a15_a2f8_c3cd8d327f6a-0])}
2025-07-31 17:05:03,178 INFO  [org.apa.kaf.cli.con.int.ConsumerCoordinator] (Thread-648) [Consumer clientId=consumer-Consumer-topic-30b1a554_53c5_4a15_a2f8_c3cd8d327f6a-8, groupId=Consumer-topic-30b1a554_53c5_4a15_a2f8_c3cd8d327f6a] Successfully synced group in generation Generation{generationId=1, memberId='consumer-Consumer-topic-30b1a554_53c5_4a15_a2f8_c3cd8d327f6a-8-e6787ed4-68ca-433e-a305-0c501a8074af', protocol='range'}
2025-07-31 17:05:03,178 INFO  [org.apa.kaf.cli.con.int.ConsumerCoordinator] (Thread-648) [Consumer clientId=consumer-Consumer-topic-30b1a554_53c5_4a15_a2f8_c3cd8d327f6a-8, groupId=Consumer-topic-30b1a554_53c5_4a15_a2f8_c3cd8d327f6a] Notifying assignor about the new Assignment(partitions=[topic-30b1a554_53c5_4a15_a2f8_c3cd8d327f6a-0])
2025-07-31 17:05:03,178 INFO  [org.apa.kaf.cli.con.int.ConsumerRebalanceListenerInvoker] (Thread-648) [Consumer clientId=consumer-Consumer-topic-30b1a554_53c5_4a15_a2f8_c3cd8d327f6a-8, groupId=Consumer-topic-30b1a554_53c5_4a15_a2f8_c3cd8d327f6a] Adding newly assigned partitions: topic-30b1a554_53c5_4a15_a2f8_c3cd8d327f6a-0
2025-07-31 17:05:03,179 INFO  [org.apa.kaf.cli.con.int.ConsumerCoordinator] (Thread-648) [Consumer clientId=consumer-Consumer-topic-30b1a554_53c5_4a15_a2f8_c3cd8d327f6a-8, groupId=Consumer-topic-30b1a554_53c5_4a15_a2f8_c3cd8d327f6a] Found no committed offset for partition topic-30b1a554_53c5_4a15_a2f8_c3cd8d327f6a-0
2025-07-31 17:05:03,183 INFO  [org.apa.kaf.cli.con.int.SubscriptionState] (Thread-648) [Consumer clientId=consumer-Consumer-topic-30b1a554_53c5_4a15_a2f8_c3cd8d327f6a-8, groupId=Consumer-topic-30b1a554_53c5_4a15_a2f8_c3cd8d327f6a] Resetting offset for partition topic-30b1a554_53c5_4a15_a2f8_c3cd8d327f6a-0 to position FetchPosition{offset=0, offsetEpoch=Optional.empty, currentLeader=LeaderAndEpoch{leader=Optional[localhost:32770 (id: 0 rack: null)], epoch=0}}.
2025-07-31 17:05:03,272 INFO  [io.api.tes.ser.api.KafkaSerdesTester] (Thread-648) topic-30b1a554_53c5_4a15_a2f8_c3cd8d327f6a 0 0 {"id": "record-0"}
2025-07-31 17:05:03,272 INFO  [io.api.tes.ser.api.KafkaSerdesTester] (Thread-648) topic-30b1a554_53c5_4a15_a2f8_c3cd8d327f6a 0 1 {"value": 1}
2025-07-31 17:05:03,272 INFO  [io.api.tes.ser.api.KafkaSerdesTester] (Thread-648) topic-30b1a554_53c5_4a15_a2f8_c3cd8d327f6a 0 2 {"active": true}
2025-07-31 17:05:03,272 INFO  [io.api.tes.ser.api.KafkaSerdesTester] (Thread-648) topic-30b1a554_53c5_4a15_a2f8_c3cd8d327f6a 0 3 {"id": "record-3"}
2025-07-31 17:05:03,273 INFO  [io.api.tes.ser.api.KafkaSerdesTester] (Thread-648) topic-30b1a554_53c5_4a15_a2f8_c3cd8d327f6a 0 4 {"value": 4}
2025-07-31 17:05:03,273 INFO  [io.api.tes.ser.api.KafkaSerdesTester] (Thread-648) topic-30b1a554_53c5_4a15_a2f8_c3cd8d327f6a 0 5 {"active": false}
2025-07-31 17:05:03,273 INFO  [io.api.tes.ser.api.KafkaSerdesTester] (Thread-648) topic-30b1a554_53c5_4a15_a2f8_c3cd8d327f6a 0 6 {"id": "record-6"}
2025-07-31 17:05:03,273 INFO  [io.api.tes.ser.api.KafkaSerdesTester] (Thread-648) topic-30b1a554_53c5_4a15_a2f8_c3cd8d327f6a 0 7 {"value": 7}
2025-07-31 17:05:03,273 INFO  [io.api.tes.ser.api.KafkaSerdesTester] (Thread-648) topic-30b1a554_53c5_4a15_a2f8_c3cd8d327f6a 0 8 {"active": true}
2025-07-31 17:05:03,273 INFO  [io.api.tes.ser.api.KafkaSerdesTester] (Thread-648) topic-30b1a554_53c5_4a15_a2f8_c3cd8d327f6a 0 9 {"id": "record-9"}
2025-07-31 17:05:03,273 INFO  [io.api.tes.ser.api.KafkaSerdesTester] (Thread-648) Consumed 10 messages
2025-07-31 17:05:03,276 INFO  [org.apa.kaf.cli.con.int.ConsumerRebalanceListenerInvoker] (Thread-648) [Consumer clientId=consumer-Consumer-topic-30b1a554_53c5_4a15_a2f8_c3cd8d327f6a-8, groupId=Consumer-topic-30b1a554_53c5_4a15_a2f8_c3cd8d327f6a] Revoke previously assigned partitions topic-30b1a554_53c5_4a15_a2f8_c3cd8d327f6a-0
2025-07-31 17:05:03,276 INFO  [org.apa.kaf.cli.con.int.ConsumerCoordinator] (Thread-648) [Consumer clientId=consumer-Consumer-topic-30b1a554_53c5_4a15_a2f8_c3cd8d327f6a-8, groupId=Consumer-topic-30b1a554_53c5_4a15_a2f8_c3cd8d327f6a] Member consumer-Consumer-topic-30b1a554_53c5_4a15_a2f8_c3cd8d327f6a-8-e6787ed4-68ca-433e-a305-0c501a8074af sending LeaveGroup request to coordinator localhost:32770 (id: 2147483647 rack: null) due to the consumer is being closed
2025-07-31 17:05:03,277 INFO  [org.apa.kaf.cli.con.int.ConsumerCoordinator] (Thread-648) [Consumer clientId=consumer-Consumer-topic-30b1a554_53c5_4a15_a2f8_c3cd8d327f6a-8, groupId=Consumer-topic-30b1a554_53c5_4a15_a2f8_c3cd8d327f6a] Resetting generation and member id due to: consumer pro-actively leaving the group
2025-07-31 17:05:03,277 INFO  [org.apa.kaf.cli.con.int.ConsumerCoordinator] (Thread-648) [Consumer clientId=consumer-Consumer-topic-30b1a554_53c5_4a15_a2f8_c3cd8d327f6a-8, groupId=Consumer-topic-30b1a554_53c5_4a15_a2f8_c3cd8d327f6a] Request joining group due to: consumer pro-actively leaving the group
2025-07-31 17:05:03,777 INFO  [org.apa.kaf.com.met.Metrics] (Thread-648) Metrics scheduler closed
2025-07-31 17:05:03,777 INFO  [org.apa.kaf.com.met.Metrics] (Thread-648) Closing reporter org.apache.kafka.common.metrics.JmxReporter
2025-07-31 17:05:03,777 INFO  [org.apa.kaf.com.met.Metrics] (Thread-648) Closing reporter org.apache.kafka.common.telemetry.internals.ClientTelemetryReporter
2025-07-31 17:05:03,777 INFO  [org.apa.kaf.com.met.Metrics] (Thread-648) Metrics reporters closed
2025-07-31 17:05:03,780 INFO  [org.apa.kaf.com.uti.AppInfoParser] (Thread-648) App info kafka.consumer for consumer-Consumer-topic-30b1a554_53c5_4a15_a2f8_c3cd8d327f6a-8 unregistered
2025-07-31 17:05:03,781 INFO  [io.api.tes.uti.TestSeparator] (main) io.apicurio.tests.serdes.apicurio.AvroSerdeIT.testAvroUnionWithSpecificReader-FINISHED
2025-07-31 17:05:03,781 INFO  [io.api.tes.uti.TestSeparator] (main) ############################################################################
Test passed: testAvroUnionWithSpecificReader
]]></system-out>
  </testcase>
  <testcase name="testEvolveAvroApicurioReusingClient" classname="io.apicurio.tests.serdes.apicurio.AvroSerdeIT" time="4.145">
    <system-out><![CDATA[2025-07-31 17:05:03,785 INFO  [io.api.tes.uti.TestSeparator] (main) ############################################################################
2025-07-31 17:05:03,785 INFO  [io.api.tes.uti.TestSeparator] (main) io.apicurio.tests.serdes.apicurio.AvroSerdeIT.testEvolveAvroApicurioReusingClient-STARTED
2025-07-31 17:05:03,789 INFO  [io.api.tes.ser.api.AvroSerdeIT] (main) Registering Avro Schema: {"type":"record","name":"sbf13c127x2aacx4be9x8499xd723c3c992f6","namespace":"ns_2585a85c_3642_4d05_824d_2a2fdccdb44d","fields":[{"name":"key11753981503785","type":"string"}]}
**** Registry Base URL: http://registry-app-kafkasql.apps.ci419.apicurio-testing.org:80
2025-07-31 17:05:04,864 INFO  [org.apa.kaf.cli.pro.ProducerConfig] (main) ProducerConfig values: 
	acks = -1
	auto.include.jmx.reporter = true
	batch.size = 16384
	bootstrap.servers = [PLAINTEXT://localhost:32770]
	buffer.memory = 33554432
	client.dns.lookup = use_all_dns_ips
	client.id = Producer-topic-823772bf_e809_496f_a2d6_7d8d0a55a22a
	compression.gzip.level = -1
	compression.lz4.level = 9
	compression.type = none
	compression.zstd.level = 3
	connections.max.idle.ms = 10000
	delivery.timeout.ms = 120000
	enable.idempotence = true
	enable.metrics.push = true
	interceptor.classes = []
	key.serializer = class org.apache.kafka.common.serialization.StringSerializer
	linger.ms = 0
	max.block.ms = 60000
	max.in.flight.requests.per.connection = 5
	max.request.size = 1048576
	metadata.max.age.ms = 300000
	metadata.max.idle.ms = 300000
	metadata.recovery.strategy = none
	metric.reporters = []
	metrics.num.samples = 2
	metrics.recording.level = INFO
	metrics.sample.window.ms = 30000
	partitioner.adaptive.partitioning.enable = true
	partitioner.availability.timeout.ms = 0
	partitioner.class = null
	partitioner.ignore.keys = false
	receive.buffer.bytes = 32768
	reconnect.backoff.max.ms = 1000
	reconnect.backoff.ms = 50
	request.timeout.ms = 5000
	retries = 2147483647
	retry.backoff.max.ms = 1000
	retry.backoff.ms = 100
	sasl.client.callback.handler.class = null
	sasl.jaas.config = null
	sasl.kerberos.kinit.cmd = /usr/bin/kinit
	sasl.kerberos.min.time.before.relogin = 60000
	sasl.kerberos.service.name = null
	sasl.kerberos.ticket.renew.jitter = 0.05
	sasl.kerberos.ticket.renew.window.factor = 0.8
	sasl.login.callback.handler.class = null
	sasl.login.class = null
	sasl.login.connect.timeout.ms = null
	sasl.login.read.timeout.ms = null
	sasl.login.refresh.buffer.seconds = 300
	sasl.login.refresh.min.period.seconds = 60
	sasl.login.refresh.window.factor = 0.8
	sasl.login.refresh.window.jitter = 0.05
	sasl.login.retry.backoff.max.ms = 10000
	sasl.login.retry.backoff.ms = 100
	sasl.mechanism = GSSAPI
	sasl.oauthbearer.clock.skew.seconds = 30
	sasl.oauthbearer.expected.audience = null
	sasl.oauthbearer.expected.issuer = null
	sasl.oauthbearer.header.urlencode = false
	sasl.oauthbearer.jwks.endpoint.refresh.ms = 3600000
	sasl.oauthbearer.jwks.endpoint.retry.backoff.max.ms = 10000
	sasl.oauthbearer.jwks.endpoint.retry.backoff.ms = 100
	sasl.oauthbearer.jwks.endpoint.url = null
	sasl.oauthbearer.scope.claim.name = scope
	sasl.oauthbearer.sub.claim.name = sub
	sasl.oauthbearer.token.endpoint.url = null
	security.protocol = PLAINTEXT
	security.providers = null
	send.buffer.bytes = 131072
	socket.connection.setup.timeout.max.ms = 30000
	socket.connection.setup.timeout.ms = 10000
	ssl.cipher.suites = null
	ssl.enabled.protocols = [TLSv1.2, TLSv1.3]
	ssl.endpoint.identification.algorithm = https
	ssl.engine.factory.class = null
	ssl.key.password = null
	ssl.keymanager.algorithm = SunX509
	ssl.keystore.certificate.chain = null
	ssl.keystore.key = null
	ssl.keystore.location = null
	ssl.keystore.password = null
	ssl.keystore.type = JKS
	ssl.protocol = TLSv1.3
	ssl.provider = null
	ssl.secure.random.implementation = null
	ssl.trustmanager.algorithm = PKIX
	ssl.truststore.certificates = null
	ssl.truststore.location = null
	ssl.truststore.password = null
	ssl.truststore.type = JKS
	transaction.timeout.ms = 60000
	transactional.id = null
	value.serializer = class io.apicurio.registry.serde.avro.AvroKafkaSerializer

2025-07-31 17:05:04,864 INFO  [org.apa.kaf.com.tel.int.KafkaMetricsCollector] (main) initializing Kafka metrics collector
2025-07-31 17:05:04,867 INFO  [org.apa.kaf.cli.pro.KafkaProducer] (main) [Producer clientId=Producer-topic-823772bf_e809_496f_a2d6_7d8d0a55a22a] Instantiated an idempotent producer.
2025-07-31 17:05:04,869 INFO  [org.apa.kaf.cli.pro.ProducerConfig] (main) These configurations '[apicurio.registry.url, apicurio.registry.artifact-resolver-strategy]' were supplied but are not used yet.
2025-07-31 17:05:04,869 INFO  [org.apa.kaf.com.uti.AppInfoParser] (main) Kafka version: 3.9.1
2025-07-31 17:05:04,869 INFO  [org.apa.kaf.com.uti.AppInfoParser] (main) Kafka commitId: f745dfdcee2b9851
2025-07-31 17:05:04,869 INFO  [org.apa.kaf.com.uti.AppInfoParser] (main) Kafka startTimeMs: 1753981504869
**** Registry Base URL: http://registry-app-kafkasql.apps.ci419.apicurio-testing.org:80
2025-07-31 17:05:04,869 INFO  [org.apa.kaf.cli.con.ConsumerConfig] (main) ConsumerConfig values: 
	allow.auto.create.topics = true
	auto.commit.interval.ms = 500
	auto.include.jmx.reporter = true
	auto.offset.reset = earliest
	bootstrap.servers = [PLAINTEXT://localhost:32770]
	check.crcs = true
	client.dns.lookup = use_all_dns_ips
	client.id = consumer-Consumer-topic-823772bf_e809_496f_a2d6_7d8d0a55a22a-9
	client.rack = 
	connections.max.idle.ms = 10000
	default.api.timeout.ms = 60000
	enable.auto.commit = true
	enable.metrics.push = true
	exclude.internal.topics = true
	fetch.max.bytes = 52428800
	fetch.max.wait.ms = 500
	fetch.min.bytes = 1
	group.id = Consumer-topic-823772bf_e809_496f_a2d6_7d8d0a55a22a
	group.instance.id = null
	group.protocol = classic
	group.remote.assignor = null
	heartbeat.interval.ms = 3000
	interceptor.classes = []
	internal.leave.group.on.close = true
	internal.throw.on.fetch.stable.offset.unsupported = false
	isolation.level = read_uncommitted
	key.deserializer = class org.apache.kafka.common.serialization.StringDeserializer
	max.partition.fetch.bytes = 1048576
	max.poll.interval.ms = 300000
	max.poll.records = 500
	metadata.max.age.ms = 300000
	metadata.recovery.strategy = none
	metric.reporters = []
	metrics.num.samples = 2
	metrics.recording.level = INFO
	metrics.sample.window.ms = 30000
	partition.assignment.strategy = [class org.apache.kafka.clients.consumer.RangeAssignor, class org.apache.kafka.clients.consumer.CooperativeStickyAssignor]
	receive.buffer.bytes = 65536
	reconnect.backoff.max.ms = 1000
	reconnect.backoff.ms = 50
	request.timeout.ms = 5000
	retry.backoff.max.ms = 1000
	retry.backoff.ms = 100
	sasl.client.callback.handler.class = null
	sasl.jaas.config = null
	sasl.kerberos.kinit.cmd = /usr/bin/kinit
	sasl.kerberos.min.time.before.relogin = 60000
	sasl.kerberos.service.name = null
	sasl.kerberos.ticket.renew.jitter = 0.05
	sasl.kerberos.ticket.renew.window.factor = 0.8
	sasl.login.callback.handler.class = null
	sasl.login.class = null
	sasl.login.connect.timeout.ms = null
	sasl.login.read.timeout.ms = null
	sasl.login.refresh.buffer.seconds = 300
	sasl.login.refresh.min.period.seconds = 60
	sasl.login.refresh.window.factor = 0.8
	sasl.login.refresh.window.jitter = 0.05
	sasl.login.retry.backoff.max.ms = 10000
	sasl.login.retry.backoff.ms = 100
	sasl.mechanism = GSSAPI
	sasl.oauthbearer.clock.skew.seconds = 30
	sasl.oauthbearer.expected.audience = null
	sasl.oauthbearer.expected.issuer = null
	sasl.oauthbearer.header.urlencode = false
	sasl.oauthbearer.jwks.endpoint.refresh.ms = 3600000
	sasl.oauthbearer.jwks.endpoint.retry.backoff.max.ms = 10000
	sasl.oauthbearer.jwks.endpoint.retry.backoff.ms = 100
	sasl.oauthbearer.jwks.endpoint.url = null
	sasl.oauthbearer.scope.claim.name = scope
	sasl.oauthbearer.sub.claim.name = sub
	sasl.oauthbearer.token.endpoint.url = null
	security.protocol = PLAINTEXT
	security.providers = null
	send.buffer.bytes = 131072
	session.timeout.ms = 45000
	socket.connection.setup.timeout.max.ms = 30000
	socket.connection.setup.timeout.ms = 10000
	ssl.cipher.suites = null
	ssl.enabled.protocols = [TLSv1.2, TLSv1.3]
	ssl.endpoint.identification.algorithm = https
	ssl.engine.factory.class = null
	ssl.key.password = null
	ssl.keymanager.algorithm = SunX509
	ssl.keystore.certificate.chain = null
	ssl.keystore.key = null
	ssl.keystore.location = null
	ssl.keystore.password = null
	ssl.keystore.type = JKS
	ssl.protocol = TLSv1.3
	ssl.provider = null
	ssl.secure.random.implementation = null
	ssl.trustmanager.algorithm = PKIX
	ssl.truststore.certificates = null
	ssl.truststore.location = null
	ssl.truststore.password = null
	ssl.truststore.type = JKS
	value.deserializer = class io.apicurio.registry.serde.avro.AvroKafkaDeserializer

2025-07-31 17:05:04,870 INFO  [org.apa.kaf.com.tel.int.KafkaMetricsCollector] (main) initializing Kafka metrics collector
2025-07-31 17:05:04,875 INFO  [org.apa.kaf.cli.con.ConsumerConfig] (main) These configurations '[apicurio.registry.url]' were supplied but are not used yet.
2025-07-31 17:05:04,875 INFO  [org.apa.kaf.com.uti.AppInfoParser] (main) Kafka version: 3.9.1
2025-07-31 17:05:04,875 INFO  [org.apa.kaf.com.uti.AppInfoParser] (main) Kafka commitId: f745dfdcee2b9851
2025-07-31 17:05:04,875 INFO  [org.apa.kaf.com.uti.AppInfoParser] (main) Kafka startTimeMs: 1753981504875
2025-07-31 17:05:04,880 INFO  [org.apa.kaf.cli.Metadata] (kafka-producer-network-thread | Producer-topic-823772bf_e809_496f_a2d6_7d8d0a55a22a) [Producer clientId=Producer-topic-823772bf_e809_496f_a2d6_7d8d0a55a22a] Cluster ID: WpqyxNU-RHKB_ermmfvksw
2025-07-31 17:05:04,880 INFO  [org.apa.kaf.cli.pro.int.TransactionManager] (kafka-producer-network-thread | Producer-topic-823772bf_e809_496f_a2d6_7d8d0a55a22a) [Producer clientId=Producer-topic-823772bf_e809_496f_a2d6_7d8d0a55a22a] ProducerId set to 11 with epoch 0
2025-07-31 17:05:04,880 INFO  [io.api.tes.ser.api.KafkaSerdesTester] (Thread-653) Sending message {"key11753981503785": "value-0"} to topic topic-823772bf_e809_496f_a2d6_7d8d0a55a22a
2025-07-31 17:05:04,887 INFO  [DefaultSchemaResolver] (Thread-653) Retrieving schema content using string: {"type":"record","name":"sbf13c127x2aacx4be9x8499xd723c3c992f6","namespace":"ns_2585a85c_3642_4d05_824d_2a2fdccdb44d","fields":[{"name":"key11753981503785","type":"string"}]}
2025-07-31 17:05:04,916 INFO  [io.api.tes.ser.api.KafkaSerdesTester] (Thread-653) Sending message {"key11753981503785": "value-1"} to topic topic-823772bf_e809_496f_a2d6_7d8d0a55a22a
2025-07-31 17:05:04,918 INFO  [io.api.tes.ser.api.KafkaSerdesTester] (Thread-653) Sending message {"key11753981503785": "value-2"} to topic topic-823772bf_e809_496f_a2d6_7d8d0a55a22a
2025-07-31 17:05:04,920 INFO  [io.api.tes.ser.api.KafkaSerdesTester] (Thread-653) Sending message {"key11753981503785": "value-3"} to topic topic-823772bf_e809_496f_a2d6_7d8d0a55a22a
2025-07-31 17:05:04,922 INFO  [io.api.tes.ser.api.KafkaSerdesTester] (Thread-653) Sending message {"key11753981503785": "value-4"} to topic topic-823772bf_e809_496f_a2d6_7d8d0a55a22a
2025-07-31 17:05:04,923 INFO  [io.api.tes.ser.api.KafkaSerdesTester] (Thread-653) Sending message {"key11753981503785": "value-5"} to topic topic-823772bf_e809_496f_a2d6_7d8d0a55a22a
2025-07-31 17:05:04,925 INFO  [io.api.tes.ser.api.KafkaSerdesTester] (Thread-653) Sending message {"key11753981503785": "value-6"} to topic topic-823772bf_e809_496f_a2d6_7d8d0a55a22a
2025-07-31 17:05:04,931 INFO  [io.api.tes.ser.api.KafkaSerdesTester] (Thread-653) Sending message {"key11753981503785": "value-7"} to topic topic-823772bf_e809_496f_a2d6_7d8d0a55a22a
2025-07-31 17:05:04,933 INFO  [io.api.tes.ser.api.KafkaSerdesTester] (Thread-653) Sending message {"key11753981503785": "value-8"} to topic topic-823772bf_e809_496f_a2d6_7d8d0a55a22a
2025-07-31 17:05:04,934 INFO  [io.api.tes.ser.api.KafkaSerdesTester] (Thread-653) Sending message {"key11753981503785": "value-9"} to topic topic-823772bf_e809_496f_a2d6_7d8d0a55a22a
2025-07-31 17:05:04,936 INFO  [io.api.tes.ser.api.KafkaSerdesTester] (Thread-653) Produced 10 messages
2025-07-31 17:05:04,937 INFO  [org.apa.kaf.cli.con.int.ClassicKafkaConsumer] (Thread-654) [Consumer clientId=consumer-Consumer-topic-823772bf_e809_496f_a2d6_7d8d0a55a22a-9, groupId=Consumer-topic-823772bf_e809_496f_a2d6_7d8d0a55a22a] Subscribed to topic(s): topic-823772bf_e809_496f_a2d6_7d8d0a55a22a
2025-07-31 17:05:04,946 INFO  [org.apa.kaf.cli.Metadata] (Thread-654) [Consumer clientId=consumer-Consumer-topic-823772bf_e809_496f_a2d6_7d8d0a55a22a-9, groupId=Consumer-topic-823772bf_e809_496f_a2d6_7d8d0a55a22a] Cluster ID: WpqyxNU-RHKB_ermmfvksw
2025-07-31 17:05:04,948 INFO  [org.apa.kaf.cli.con.int.ConsumerCoordinator] (Thread-654) [Consumer clientId=consumer-Consumer-topic-823772bf_e809_496f_a2d6_7d8d0a55a22a-9, groupId=Consumer-topic-823772bf_e809_496f_a2d6_7d8d0a55a22a] Discovered group coordinator localhost:32770 (id: 2147483647 rack: null)
2025-07-31 17:05:04,954 INFO  [org.apa.kaf.cli.con.int.ConsumerCoordinator] (Thread-654) [Consumer clientId=consumer-Consumer-topic-823772bf_e809_496f_a2d6_7d8d0a55a22a-9, groupId=Consumer-topic-823772bf_e809_496f_a2d6_7d8d0a55a22a] (Re-)joining group
2025-07-31 17:05:04,957 INFO  [org.apa.kaf.cli.con.int.ConsumerCoordinator] (Thread-654) [Consumer clientId=consumer-Consumer-topic-823772bf_e809_496f_a2d6_7d8d0a55a22a-9, groupId=Consumer-topic-823772bf_e809_496f_a2d6_7d8d0a55a22a] Request joining group due to: need to re-join with the given member-id: consumer-Consumer-topic-823772bf_e809_496f_a2d6_7d8d0a55a22a-9-eb2785d2-af9d-4da8-abcb-87e95c8eef95
2025-07-31 17:05:04,957 INFO  [org.apa.kaf.cli.con.int.ConsumerCoordinator] (Thread-654) [Consumer clientId=consumer-Consumer-topic-823772bf_e809_496f_a2d6_7d8d0a55a22a-9, groupId=Consumer-topic-823772bf_e809_496f_a2d6_7d8d0a55a22a] (Re-)joining group
2025-07-31 17:05:04,959 INFO  [org.apa.kaf.cli.con.int.ConsumerCoordinator] (Thread-654) [Consumer clientId=consumer-Consumer-topic-823772bf_e809_496f_a2d6_7d8d0a55a22a-9, groupId=Consumer-topic-823772bf_e809_496f_a2d6_7d8d0a55a22a] Successfully joined group with generation Generation{generationId=1, memberId='consumer-Consumer-topic-823772bf_e809_496f_a2d6_7d8d0a55a22a-9-eb2785d2-af9d-4da8-abcb-87e95c8eef95', protocol='range'}
2025-07-31 17:05:04,960 INFO  [org.apa.kaf.cli.con.int.ConsumerCoordinator] (Thread-654) [Consumer clientId=consumer-Consumer-topic-823772bf_e809_496f_a2d6_7d8d0a55a22a-9, groupId=Consumer-topic-823772bf_e809_496f_a2d6_7d8d0a55a22a] Finished assignment for group at generation 1: {consumer-Consumer-topic-823772bf_e809_496f_a2d6_7d8d0a55a22a-9-eb2785d2-af9d-4da8-abcb-87e95c8eef95=Assignment(partitions=[topic-823772bf_e809_496f_a2d6_7d8d0a55a22a-0])}
2025-07-31 17:05:04,962 INFO  [org.apa.kaf.cli.con.int.ConsumerCoordinator] (Thread-654) [Consumer clientId=consumer-Consumer-topic-823772bf_e809_496f_a2d6_7d8d0a55a22a-9, groupId=Consumer-topic-823772bf_e809_496f_a2d6_7d8d0a55a22a] Successfully synced group in generation Generation{generationId=1, memberId='consumer-Consumer-topic-823772bf_e809_496f_a2d6_7d8d0a55a22a-9-eb2785d2-af9d-4da8-abcb-87e95c8eef95', protocol='range'}
2025-07-31 17:05:04,962 INFO  [org.apa.kaf.cli.con.int.ConsumerCoordinator] (Thread-654) [Consumer clientId=consumer-Consumer-topic-823772bf_e809_496f_a2d6_7d8d0a55a22a-9, groupId=Consumer-topic-823772bf_e809_496f_a2d6_7d8d0a55a22a] Notifying assignor about the new Assignment(partitions=[topic-823772bf_e809_496f_a2d6_7d8d0a55a22a-0])
2025-07-31 17:05:04,962 INFO  [org.apa.kaf.cli.con.int.ConsumerRebalanceListenerInvoker] (Thread-654) [Consumer clientId=consumer-Consumer-topic-823772bf_e809_496f_a2d6_7d8d0a55a22a-9, groupId=Consumer-topic-823772bf_e809_496f_a2d6_7d8d0a55a22a] Adding newly assigned partitions: topic-823772bf_e809_496f_a2d6_7d8d0a55a22a-0
2025-07-31 17:05:04,965 INFO  [org.apa.kaf.cli.con.int.ConsumerCoordinator] (Thread-654) [Consumer clientId=consumer-Consumer-topic-823772bf_e809_496f_a2d6_7d8d0a55a22a-9, groupId=Consumer-topic-823772bf_e809_496f_a2d6_7d8d0a55a22a] Found no committed offset for partition topic-823772bf_e809_496f_a2d6_7d8d0a55a22a-0
2025-07-31 17:05:04,972 INFO  [org.apa.kaf.cli.con.int.SubscriptionState] (Thread-654) [Consumer clientId=consumer-Consumer-topic-823772bf_e809_496f_a2d6_7d8d0a55a22a-9, groupId=Consumer-topic-823772bf_e809_496f_a2d6_7d8d0a55a22a] Resetting offset for partition topic-823772bf_e809_496f_a2d6_7d8d0a55a22a-0 to position FetchPosition{offset=0, offsetEpoch=Optional.empty, currentLeader=LeaderAndEpoch{leader=Optional[localhost:32770 (id: 0 rack: null)], epoch=0}}.
2025-07-31 17:05:05,014 INFO  [io.api.tes.ser.api.KafkaSerdesTester] (Thread-654) topic-823772bf_e809_496f_a2d6_7d8d0a55a22a 0 0 {"key11753981503785": "value-0"}
2025-07-31 17:05:05,014 INFO  [io.api.tes.ser.api.KafkaSerdesTester] (Thread-654) topic-823772bf_e809_496f_a2d6_7d8d0a55a22a 0 1 {"key11753981503785": "value-1"}
2025-07-31 17:05:05,014 INFO  [io.api.tes.ser.api.KafkaSerdesTester] (Thread-654) topic-823772bf_e809_496f_a2d6_7d8d0a55a22a 0 2 {"key11753981503785": "value-2"}
2025-07-31 17:05:05,014 INFO  [io.api.tes.ser.api.KafkaSerdesTester] (Thread-654) topic-823772bf_e809_496f_a2d6_7d8d0a55a22a 0 3 {"key11753981503785": "value-3"}
2025-07-31 17:05:05,014 INFO  [io.api.tes.ser.api.KafkaSerdesTester] (Thread-654) topic-823772bf_e809_496f_a2d6_7d8d0a55a22a 0 4 {"key11753981503785": "value-4"}
2025-07-31 17:05:05,014 INFO  [io.api.tes.ser.api.KafkaSerdesTester] (Thread-654) topic-823772bf_e809_496f_a2d6_7d8d0a55a22a 0 5 {"key11753981503785": "value-5"}
2025-07-31 17:05:05,014 INFO  [io.api.tes.ser.api.KafkaSerdesTester] (Thread-654) topic-823772bf_e809_496f_a2d6_7d8d0a55a22a 0 6 {"key11753981503785": "value-6"}
2025-07-31 17:05:05,014 INFO  [io.api.tes.ser.api.KafkaSerdesTester] (Thread-654) topic-823772bf_e809_496f_a2d6_7d8d0a55a22a 0 7 {"key11753981503785": "value-7"}
2025-07-31 17:05:05,015 INFO  [io.api.tes.ser.api.KafkaSerdesTester] (Thread-654) topic-823772bf_e809_496f_a2d6_7d8d0a55a22a 0 8 {"key11753981503785": "value-8"}
2025-07-31 17:05:05,015 INFO  [io.api.tes.ser.api.KafkaSerdesTester] (Thread-654) topic-823772bf_e809_496f_a2d6_7d8d0a55a22a 0 9 {"key11753981503785": "value-9"}
2025-07-31 17:05:05,015 INFO  [io.api.tes.ser.api.KafkaSerdesTester] (Thread-654) Consumed 10 messages
2025-07-31 17:05:05,015 INFO  [io.api.tes.ser.api.AvroSerdeIT] (main) Registering Avro Schema 2: {"type":"record","name":"sbf13c127x2aacx4be9x8499xd723c3c992f6","namespace":"ns_2585a85c_3642_4d05_824d_2a2fdccdb44d","fields":[{"name":"key11753981503785","type":"string"},{"name":"key21753981505015","type":"string"}]}
2025-07-31 17:05:06,081 INFO  [io.api.tes.ser.api.KafkaSerdesTester] (Thread-655) Sending message {"key11753981503785": "value-0", "key21753981505015": "value-0"} to topic topic-823772bf_e809_496f_a2d6_7d8d0a55a22a
2025-07-31 17:05:06,081 INFO  [DefaultSchemaResolver] (Thread-655) Retrieving schema content using string: {"type":"record","name":"sbf13c127x2aacx4be9x8499xd723c3c992f6","namespace":"ns_2585a85c_3642_4d05_824d_2a2fdccdb44d","fields":[{"name":"key11753981503785","type":"string"},{"name":"key21753981505015","type":"string"}]}
2025-07-31 17:05:06,115 INFO  [io.api.tes.ser.api.KafkaSerdesTester] (Thread-655) Sending message {"key11753981503785": "value-1", "key21753981505015": "value-1"} to topic topic-823772bf_e809_496f_a2d6_7d8d0a55a22a
2025-07-31 17:05:06,134 INFO  [io.api.tes.ser.api.KafkaSerdesTester] (Thread-655) Sending message {"key11753981503785": "value-2", "key21753981505015": "value-2"} to topic topic-823772bf_e809_496f_a2d6_7d8d0a55a22a
2025-07-31 17:05:06,139 INFO  [io.api.tes.ser.api.KafkaSerdesTester] (Thread-655) Sending message {"key11753981503785": "value-3", "key21753981505015": "value-3"} to topic topic-823772bf_e809_496f_a2d6_7d8d0a55a22a
2025-07-31 17:05:06,141 INFO  [io.api.tes.ser.api.KafkaSerdesTester] (Thread-655) Sending message {"key11753981503785": "value-4", "key21753981505015": "value-4"} to topic topic-823772bf_e809_496f_a2d6_7d8d0a55a22a
2025-07-31 17:05:06,144 INFO  [io.api.tes.ser.api.KafkaSerdesTester] (Thread-655) Sending message {"key11753981503785": "value-5", "key21753981505015": "value-5"} to topic topic-823772bf_e809_496f_a2d6_7d8d0a55a22a
2025-07-31 17:05:06,147 INFO  [io.api.tes.ser.api.KafkaSerdesTester] (Thread-655) Sending message {"key11753981503785": "value-6", "key21753981505015": "value-6"} to topic topic-823772bf_e809_496f_a2d6_7d8d0a55a22a
2025-07-31 17:05:06,149 INFO  [io.api.tes.ser.api.KafkaSerdesTester] (Thread-655) Sending message {"key11753981503785": "value-7", "key21753981505015": "value-7"} to topic topic-823772bf_e809_496f_a2d6_7d8d0a55a22a
2025-07-31 17:05:06,151 INFO  [io.api.tes.ser.api.KafkaSerdesTester] (Thread-655) Sending message {"key11753981503785": "value-8", "key21753981505015": "value-8"} to topic topic-823772bf_e809_496f_a2d6_7d8d0a55a22a
2025-07-31 17:05:06,154 INFO  [io.api.tes.ser.api.KafkaSerdesTester] (Thread-655) Sending message {"key11753981503785": "value-9", "key21753981505015": "value-9"} to topic topic-823772bf_e809_496f_a2d6_7d8d0a55a22a
2025-07-31 17:05:06,156 INFO  [io.api.tes.ser.api.KafkaSerdesTester] (Thread-655) Produced 10 messages
2025-07-31 17:05:06,157 INFO  [io.api.tes.ser.api.KafkaSerdesTester] (Thread-656) Sending message {"key11753981503785": "value-0"} to topic topic-823772bf_e809_496f_a2d6_7d8d0a55a22a
2025-07-31 17:05:06,159 INFO  [io.api.tes.ser.api.KafkaSerdesTester] (Thread-656) Sending message {"key11753981503785": "value-1"} to topic topic-823772bf_e809_496f_a2d6_7d8d0a55a22a
2025-07-31 17:05:06,162 INFO  [io.api.tes.ser.api.KafkaSerdesTester] (Thread-656) Sending message {"key11753981503785": "value-2"} to topic topic-823772bf_e809_496f_a2d6_7d8d0a55a22a
2025-07-31 17:05:06,164 INFO  [io.api.tes.ser.api.KafkaSerdesTester] (Thread-656) Sending message {"key11753981503785": "value-3"} to topic topic-823772bf_e809_496f_a2d6_7d8d0a55a22a
2025-07-31 17:05:06,167 INFO  [io.api.tes.ser.api.KafkaSerdesTester] (Thread-656) Sending message {"key11753981503785": "value-4"} to topic topic-823772bf_e809_496f_a2d6_7d8d0a55a22a
2025-07-31 17:05:06,168 INFO  [io.api.tes.ser.api.KafkaSerdesTester] (Thread-656) Sending message {"key11753981503785": "value-5"} to topic topic-823772bf_e809_496f_a2d6_7d8d0a55a22a
2025-07-31 17:05:06,170 INFO  [io.api.tes.ser.api.KafkaSerdesTester] (Thread-656) Sending message {"key11753981503785": "value-6"} to topic topic-823772bf_e809_496f_a2d6_7d8d0a55a22a
2025-07-31 17:05:06,172 INFO  [io.api.tes.ser.api.KafkaSerdesTester] (Thread-656) Sending message {"key11753981503785": "value-7"} to topic topic-823772bf_e809_496f_a2d6_7d8d0a55a22a
2025-07-31 17:05:06,175 INFO  [io.api.tes.ser.api.KafkaSerdesTester] (Thread-656) Sending message {"key11753981503785": "value-8"} to topic topic-823772bf_e809_496f_a2d6_7d8d0a55a22a
2025-07-31 17:05:06,178 INFO  [io.api.tes.ser.api.KafkaSerdesTester] (Thread-656) Sending message {"key11753981503785": "value-9"} to topic topic-823772bf_e809_496f_a2d6_7d8d0a55a22a
2025-07-31 17:05:06,180 INFO  [io.api.tes.ser.api.KafkaSerdesTester] (Thread-656) Produced 10 messages
2025-07-31 17:05:06,181 INFO  [org.apa.kaf.cli.con.int.ClassicKafkaConsumer] (Thread-657) [Consumer clientId=consumer-Consumer-topic-823772bf_e809_496f_a2d6_7d8d0a55a22a-9, groupId=Consumer-topic-823772bf_e809_496f_a2d6_7d8d0a55a22a] Subscribed to topic(s): topic-823772bf_e809_496f_a2d6_7d8d0a55a22a
2025-07-31 17:05:06,221 INFO  [io.api.tes.ser.api.KafkaSerdesTester] (Thread-657) topic-823772bf_e809_496f_a2d6_7d8d0a55a22a 0 10 {"key11753981503785": "value-0", "key21753981505015": "value-0"}
2025-07-31 17:05:06,221 INFO  [io.api.tes.ser.api.KafkaSerdesTester] (Thread-657) topic-823772bf_e809_496f_a2d6_7d8d0a55a22a 0 11 {"key11753981503785": "value-1", "key21753981505015": "value-1"}
2025-07-31 17:05:06,221 INFO  [io.api.tes.ser.api.KafkaSerdesTester] (Thread-657) topic-823772bf_e809_496f_a2d6_7d8d0a55a22a 0 12 {"key11753981503785": "value-2", "key21753981505015": "value-2"}
2025-07-31 17:05:06,221 INFO  [io.api.tes.ser.api.KafkaSerdesTester] (Thread-657) topic-823772bf_e809_496f_a2d6_7d8d0a55a22a 0 13 {"key11753981503785": "value-3", "key21753981505015": "value-3"}
2025-07-31 17:05:06,221 INFO  [io.api.tes.ser.api.KafkaSerdesTester] (Thread-657) topic-823772bf_e809_496f_a2d6_7d8d0a55a22a 0 14 {"key11753981503785": "value-4", "key21753981505015": "value-4"}
2025-07-31 17:05:06,221 INFO  [io.api.tes.ser.api.KafkaSerdesTester] (Thread-657) topic-823772bf_e809_496f_a2d6_7d8d0a55a22a 0 15 {"key11753981503785": "value-5", "key21753981505015": "value-5"}
2025-07-31 17:05:06,221 INFO  [io.api.tes.ser.api.KafkaSerdesTester] (Thread-657) topic-823772bf_e809_496f_a2d6_7d8d0a55a22a 0 16 {"key11753981503785": "value-6", "key21753981505015": "value-6"}
2025-07-31 17:05:06,221 INFO  [io.api.tes.ser.api.KafkaSerdesTester] (Thread-657) topic-823772bf_e809_496f_a2d6_7d8d0a55a22a 0 17 {"key11753981503785": "value-7", "key21753981505015": "value-7"}
2025-07-31 17:05:06,221 INFO  [io.api.tes.ser.api.KafkaSerdesTester] (Thread-657) topic-823772bf_e809_496f_a2d6_7d8d0a55a22a 0 18 {"key11753981503785": "value-8", "key21753981505015": "value-8"}
2025-07-31 17:05:06,221 INFO  [io.api.tes.ser.api.KafkaSerdesTester] (Thread-657) topic-823772bf_e809_496f_a2d6_7d8d0a55a22a 0 19 {"key11753981503785": "value-9", "key21753981505015": "value-9"}
2025-07-31 17:05:06,221 INFO  [io.api.tes.ser.api.KafkaSerdesTester] (Thread-657) topic-823772bf_e809_496f_a2d6_7d8d0a55a22a 0 20 {"key11753981503785": "value-0"}
2025-07-31 17:05:06,221 INFO  [io.api.tes.ser.api.KafkaSerdesTester] (Thread-657) topic-823772bf_e809_496f_a2d6_7d8d0a55a22a 0 21 {"key11753981503785": "value-1"}
2025-07-31 17:05:06,221 INFO  [io.api.tes.ser.api.KafkaSerdesTester] (Thread-657) topic-823772bf_e809_496f_a2d6_7d8d0a55a22a 0 22 {"key11753981503785": "value-2"}
2025-07-31 17:05:06,221 INFO  [io.api.tes.ser.api.KafkaSerdesTester] (Thread-657) topic-823772bf_e809_496f_a2d6_7d8d0a55a22a 0 23 {"key11753981503785": "value-3"}
2025-07-31 17:05:06,222 INFO  [io.api.tes.ser.api.KafkaSerdesTester] (Thread-657) topic-823772bf_e809_496f_a2d6_7d8d0a55a22a 0 24 {"key11753981503785": "value-4"}
2025-07-31 17:05:06,222 INFO  [io.api.tes.ser.api.KafkaSerdesTester] (Thread-657) topic-823772bf_e809_496f_a2d6_7d8d0a55a22a 0 25 {"key11753981503785": "value-5"}
2025-07-31 17:05:06,222 INFO  [io.api.tes.ser.api.KafkaSerdesTester] (Thread-657) topic-823772bf_e809_496f_a2d6_7d8d0a55a22a 0 26 {"key11753981503785": "value-6"}
2025-07-31 17:05:06,222 INFO  [io.api.tes.ser.api.KafkaSerdesTester] (Thread-657) topic-823772bf_e809_496f_a2d6_7d8d0a55a22a 0 27 {"key11753981503785": "value-7"}
2025-07-31 17:05:06,222 INFO  [io.api.tes.ser.api.KafkaSerdesTester] (Thread-657) topic-823772bf_e809_496f_a2d6_7d8d0a55a22a 0 28 {"key11753981503785": "value-8"}
2025-07-31 17:05:06,222 INFO  [io.api.tes.ser.api.KafkaSerdesTester] (Thread-657) topic-823772bf_e809_496f_a2d6_7d8d0a55a22a 0 29 {"key11753981503785": "value-9"}
2025-07-31 17:05:06,222 INFO  [io.api.tes.ser.api.KafkaSerdesTester] (Thread-657) Consumed 20 messages
2025-07-31 17:05:06,224 INFO  [io.api.tes.ser.api.AvroSerdeIT] (main) Registering Avro Schema 3: {"type":"record","name":"sbf13c127x2aacx4be9x8499xd723c3c992f6","namespace":"ns_2585a85c_3642_4d05_824d_2a2fdccdb44d","fields":[{"name":"key11753981503785","type":"string"},{"name":"key21753981505015","type":"string"},{"name":"key31753981506222","type":"string"}]}
2025-07-31 17:05:07,317 INFO  [io.api.tes.ser.api.KafkaSerdesTester] (Thread-658) Sending message {"key11753981503785": "value-0", "key21753981505015": "value-0", "key31753981506222": "value-0"} to topic topic-823772bf_e809_496f_a2d6_7d8d0a55a22a
2025-07-31 17:05:07,317 INFO  [DefaultSchemaResolver] (Thread-658) Retrieving schema content using string: {"type":"record","name":"sbf13c127x2aacx4be9x8499xd723c3c992f6","namespace":"ns_2585a85c_3642_4d05_824d_2a2fdccdb44d","fields":[{"name":"key11753981503785","type":"string"},{"name":"key21753981505015","type":"string"},{"name":"key31753981506222","type":"string"}]}
2025-07-31 17:05:07,335 INFO  [io.api.tes.ser.api.KafkaSerdesTester] (Thread-658) Sending message {"key11753981503785": "value-1", "key21753981505015": "value-1", "key31753981506222": "value-1"} to topic topic-823772bf_e809_496f_a2d6_7d8d0a55a22a
2025-07-31 17:05:07,336 INFO  [io.api.tes.ser.api.KafkaSerdesTester] (Thread-658) Sending message {"key11753981503785": "value-2", "key21753981505015": "value-2", "key31753981506222": "value-2"} to topic topic-823772bf_e809_496f_a2d6_7d8d0a55a22a
2025-07-31 17:05:07,338 INFO  [io.api.tes.ser.api.KafkaSerdesTester] (Thread-658) Sending message {"key11753981503785": "value-3", "key21753981505015": "value-3", "key31753981506222": "value-3"} to topic topic-823772bf_e809_496f_a2d6_7d8d0a55a22a
2025-07-31 17:05:07,339 INFO  [io.api.tes.ser.api.KafkaSerdesTester] (Thread-658) Sending message {"key11753981503785": "value-4", "key21753981505015": "value-4", "key31753981506222": "value-4"} to topic topic-823772bf_e809_496f_a2d6_7d8d0a55a22a
2025-07-31 17:05:07,342 INFO  [io.api.tes.ser.api.KafkaSerdesTester] (Thread-658) Sending message {"key11753981503785": "value-5", "key21753981505015": "value-5", "key31753981506222": "value-5"} to topic topic-823772bf_e809_496f_a2d6_7d8d0a55a22a
2025-07-31 17:05:07,344 INFO  [io.api.tes.ser.api.KafkaSerdesTester] (Thread-658) Sending message {"key11753981503785": "value-6", "key21753981505015": "value-6", "key31753981506222": "value-6"} to topic topic-823772bf_e809_496f_a2d6_7d8d0a55a22a
2025-07-31 17:05:07,346 INFO  [io.api.tes.ser.api.KafkaSerdesTester] (Thread-658) Sending message {"key11753981503785": "value-7", "key21753981505015": "value-7", "key31753981506222": "value-7"} to topic topic-823772bf_e809_496f_a2d6_7d8d0a55a22a
2025-07-31 17:05:07,348 INFO  [io.api.tes.ser.api.KafkaSerdesTester] (Thread-658) Sending message {"key11753981503785": "value-8", "key21753981505015": "value-8", "key31753981506222": "value-8"} to topic topic-823772bf_e809_496f_a2d6_7d8d0a55a22a
2025-07-31 17:05:07,350 INFO  [io.api.tes.ser.api.KafkaSerdesTester] (Thread-658) Sending message {"key11753981503785": "value-9", "key21753981505015": "value-9", "key31753981506222": "value-9"} to topic topic-823772bf_e809_496f_a2d6_7d8d0a55a22a
2025-07-31 17:05:07,352 INFO  [io.api.tes.ser.api.KafkaSerdesTester] (Thread-658) Produced 10 messages
2025-07-31 17:05:07,352 INFO  [io.api.tes.ser.api.KafkaSerdesTester] (Thread-659) Sending message {"key11753981503785": "value-0", "key21753981505015": "value-0"} to topic topic-823772bf_e809_496f_a2d6_7d8d0a55a22a
2025-07-31 17:05:07,354 INFO  [io.api.tes.ser.api.KafkaSerdesTester] (Thread-659) Sending message {"key11753981503785": "value-1", "key21753981505015": "value-1"} to topic topic-823772bf_e809_496f_a2d6_7d8d0a55a22a
2025-07-31 17:05:07,355 INFO  [io.api.tes.ser.api.KafkaSerdesTester] (Thread-659) Sending message {"key11753981503785": "value-2", "key21753981505015": "value-2"} to topic topic-823772bf_e809_496f_a2d6_7d8d0a55a22a
2025-07-31 17:05:07,356 INFO  [io.api.tes.ser.api.KafkaSerdesTester] (Thread-659) Sending message {"key11753981503785": "value-3", "key21753981505015": "value-3"} to topic topic-823772bf_e809_496f_a2d6_7d8d0a55a22a
2025-07-31 17:05:07,357 INFO  [io.api.tes.ser.api.KafkaSerdesTester] (Thread-659) Sending message {"key11753981503785": "value-4", "key21753981505015": "value-4"} to topic topic-823772bf_e809_496f_a2d6_7d8d0a55a22a
2025-07-31 17:05:07,359 INFO  [io.api.tes.ser.api.KafkaSerdesTester] (Thread-659) Sending message {"key11753981503785": "value-5", "key21753981505015": "value-5"} to topic topic-823772bf_e809_496f_a2d6_7d8d0a55a22a
2025-07-31 17:05:07,360 INFO  [io.api.tes.ser.api.KafkaSerdesTester] (Thread-659) Sending message {"key11753981503785": "value-6", "key21753981505015": "value-6"} to topic topic-823772bf_e809_496f_a2d6_7d8d0a55a22a
2025-07-31 17:05:07,361 INFO  [io.api.tes.ser.api.KafkaSerdesTester] (Thread-659) Sending message {"key11753981503785": "value-7", "key21753981505015": "value-7"} to topic topic-823772bf_e809_496f_a2d6_7d8d0a55a22a
2025-07-31 17:05:07,364 INFO  [io.api.tes.ser.api.KafkaSerdesTester] (Thread-659) Sending message {"key11753981503785": "value-8", "key21753981505015": "value-8"} to topic topic-823772bf_e809_496f_a2d6_7d8d0a55a22a
2025-07-31 17:05:07,366 INFO  [io.api.tes.ser.api.KafkaSerdesTester] (Thread-659) Sending message {"key11753981503785": "value-9", "key21753981505015": "value-9"} to topic topic-823772bf_e809_496f_a2d6_7d8d0a55a22a
2025-07-31 17:05:07,367 INFO  [io.api.tes.ser.api.KafkaSerdesTester] (Thread-659) Produced 10 messages
2025-07-31 17:05:07,368 INFO  [io.api.tes.ser.api.KafkaSerdesTester] (Thread-660) Sending message {"key11753981503785": "value-0"} to topic topic-823772bf_e809_496f_a2d6_7d8d0a55a22a
2025-07-31 17:05:07,369 INFO  [io.api.tes.ser.api.KafkaSerdesTester] (Thread-660) Sending message {"key11753981503785": "value-1"} to topic topic-823772bf_e809_496f_a2d6_7d8d0a55a22a
2025-07-31 17:05:07,371 INFO  [io.api.tes.ser.api.KafkaSerdesTester] (Thread-660) Sending message {"key11753981503785": "value-2"} to topic topic-823772bf_e809_496f_a2d6_7d8d0a55a22a
2025-07-31 17:05:07,372 INFO  [io.api.tes.ser.api.KafkaSerdesTester] (Thread-660) Sending message {"key11753981503785": "value-3"} to topic topic-823772bf_e809_496f_a2d6_7d8d0a55a22a
2025-07-31 17:05:07,374 INFO  [io.api.tes.ser.api.KafkaSerdesTester] (Thread-660) Sending message {"key11753981503785": "value-4"} to topic topic-823772bf_e809_496f_a2d6_7d8d0a55a22a
2025-07-31 17:05:07,375 INFO  [io.api.tes.ser.api.KafkaSerdesTester] (Thread-660) Sending message {"key11753981503785": "value-5"} to topic topic-823772bf_e809_496f_a2d6_7d8d0a55a22a
2025-07-31 17:05:07,381 INFO  [io.api.tes.ser.api.KafkaSerdesTester] (Thread-660) Sending message {"key11753981503785": "value-6"} to topic topic-823772bf_e809_496f_a2d6_7d8d0a55a22a
2025-07-31 17:05:07,383 INFO  [io.api.tes.ser.api.KafkaSerdesTester] (Thread-660) Sending message {"key11753981503785": "value-7"} to topic topic-823772bf_e809_496f_a2d6_7d8d0a55a22a
2025-07-31 17:05:07,385 INFO  [io.api.tes.ser.api.KafkaSerdesTester] (Thread-660) Sending message {"key11753981503785": "value-8"} to topic topic-823772bf_e809_496f_a2d6_7d8d0a55a22a
2025-07-31 17:05:07,386 INFO  [io.api.tes.ser.api.KafkaSerdesTester] (Thread-660) Sending message {"key11753981503785": "value-9"} to topic topic-823772bf_e809_496f_a2d6_7d8d0a55a22a
2025-07-31 17:05:07,388 INFO  [io.api.tes.ser.api.KafkaSerdesTester] (Thread-660) Produced 10 messages
2025-07-31 17:05:07,389 INFO  [org.apa.kaf.cli.con.int.ClassicKafkaConsumer] (Thread-661) [Consumer clientId=consumer-Consumer-topic-823772bf_e809_496f_a2d6_7d8d0a55a22a-9, groupId=Consumer-topic-823772bf_e809_496f_a2d6_7d8d0a55a22a] Subscribed to topic(s): topic-823772bf_e809_496f_a2d6_7d8d0a55a22a
2025-07-31 17:05:07,421 INFO  [io.api.tes.ser.api.KafkaSerdesTester] (Thread-661) topic-823772bf_e809_496f_a2d6_7d8d0a55a22a 0 30 {"key11753981503785": "value-0", "key21753981505015": "value-0", "key31753981506222": "value-0"}
2025-07-31 17:05:07,421 INFO  [io.api.tes.ser.api.KafkaSerdesTester] (Thread-661) topic-823772bf_e809_496f_a2d6_7d8d0a55a22a 0 31 {"key11753981503785": "value-1", "key21753981505015": "value-1", "key31753981506222": "value-1"}
2025-07-31 17:05:07,421 INFO  [io.api.tes.ser.api.KafkaSerdesTester] (Thread-661) topic-823772bf_e809_496f_a2d6_7d8d0a55a22a 0 32 {"key11753981503785": "value-2", "key21753981505015": "value-2", "key31753981506222": "value-2"}
2025-07-31 17:05:07,421 INFO  [io.api.tes.ser.api.KafkaSerdesTester] (Thread-661) topic-823772bf_e809_496f_a2d6_7d8d0a55a22a 0 33 {"key11753981503785": "value-3", "key21753981505015": "value-3", "key31753981506222": "value-3"}
2025-07-31 17:05:07,421 INFO  [io.api.tes.ser.api.KafkaSerdesTester] (Thread-661) topic-823772bf_e809_496f_a2d6_7d8d0a55a22a 0 34 {"key11753981503785": "value-4", "key21753981505015": "value-4", "key31753981506222": "value-4"}
2025-07-31 17:05:07,421 INFO  [io.api.tes.ser.api.KafkaSerdesTester] (Thread-661) topic-823772bf_e809_496f_a2d6_7d8d0a55a22a 0 35 {"key11753981503785": "value-5", "key21753981505015": "value-5", "key31753981506222": "value-5"}
2025-07-31 17:05:07,421 INFO  [io.api.tes.ser.api.KafkaSerdesTester] (Thread-661) topic-823772bf_e809_496f_a2d6_7d8d0a55a22a 0 36 {"key11753981503785": "value-6", "key21753981505015": "value-6", "key31753981506222": "value-6"}
2025-07-31 17:05:07,421 INFO  [io.api.tes.ser.api.KafkaSerdesTester] (Thread-661) topic-823772bf_e809_496f_a2d6_7d8d0a55a22a 0 37 {"key11753981503785": "value-7", "key21753981505015": "value-7", "key31753981506222": "value-7"}
2025-07-31 17:05:07,422 INFO  [io.api.tes.ser.api.KafkaSerdesTester] (Thread-661) topic-823772bf_e809_496f_a2d6_7d8d0a55a22a 0 38 {"key11753981503785": "value-8", "key21753981505015": "value-8", "key31753981506222": "value-8"}
2025-07-31 17:05:07,422 INFO  [io.api.tes.ser.api.KafkaSerdesTester] (Thread-661) topic-823772bf_e809_496f_a2d6_7d8d0a55a22a 0 39 {"key11753981503785": "value-9", "key21753981505015": "value-9", "key31753981506222": "value-9"}
2025-07-31 17:05:07,422 INFO  [io.api.tes.ser.api.KafkaSerdesTester] (Thread-661) topic-823772bf_e809_496f_a2d6_7d8d0a55a22a 0 40 {"key11753981503785": "value-0", "key21753981505015": "value-0"}
2025-07-31 17:05:07,422 INFO  [io.api.tes.ser.api.KafkaSerdesTester] (Thread-661) topic-823772bf_e809_496f_a2d6_7d8d0a55a22a 0 41 {"key11753981503785": "value-1", "key21753981505015": "value-1"}
2025-07-31 17:05:07,422 INFO  [io.api.tes.ser.api.KafkaSerdesTester] (Thread-661) topic-823772bf_e809_496f_a2d6_7d8d0a55a22a 0 42 {"key11753981503785": "value-2", "key21753981505015": "value-2"}
2025-07-31 17:05:07,423 INFO  [io.api.tes.ser.api.KafkaSerdesTester] (Thread-661) topic-823772bf_e809_496f_a2d6_7d8d0a55a22a 0 43 {"key11753981503785": "value-3", "key21753981505015": "value-3"}
2025-07-31 17:05:07,423 INFO  [io.api.tes.ser.api.KafkaSerdesTester] (Thread-661) topic-823772bf_e809_496f_a2d6_7d8d0a55a22a 0 44 {"key11753981503785": "value-4", "key21753981505015": "value-4"}
2025-07-31 17:05:07,423 INFO  [io.api.tes.ser.api.KafkaSerdesTester] (Thread-661) topic-823772bf_e809_496f_a2d6_7d8d0a55a22a 0 45 {"key11753981503785": "value-5", "key21753981505015": "value-5"}
2025-07-31 17:05:07,423 INFO  [io.api.tes.ser.api.KafkaSerdesTester] (Thread-661) topic-823772bf_e809_496f_a2d6_7d8d0a55a22a 0 46 {"key11753981503785": "value-6", "key21753981505015": "value-6"}
2025-07-31 17:05:07,423 INFO  [io.api.tes.ser.api.KafkaSerdesTester] (Thread-661) topic-823772bf_e809_496f_a2d6_7d8d0a55a22a 0 47 {"key11753981503785": "value-7", "key21753981505015": "value-7"}
2025-07-31 17:05:07,423 INFO  [io.api.tes.ser.api.KafkaSerdesTester] (Thread-661) topic-823772bf_e809_496f_a2d6_7d8d0a55a22a 0 48 {"key11753981503785": "value-8", "key21753981505015": "value-8"}
2025-07-31 17:05:07,423 INFO  [io.api.tes.ser.api.KafkaSerdesTester] (Thread-661) topic-823772bf_e809_496f_a2d6_7d8d0a55a22a 0 49 {"key11753981503785": "value-9", "key21753981505015": "value-9"}
2025-07-31 17:05:07,423 INFO  [io.api.tes.ser.api.KafkaSerdesTester] (Thread-661) topic-823772bf_e809_496f_a2d6_7d8d0a55a22a 0 50 {"key11753981503785": "value-0"}
2025-07-31 17:05:07,423 INFO  [io.api.tes.ser.api.KafkaSerdesTester] (Thread-661) topic-823772bf_e809_496f_a2d6_7d8d0a55a22a 0 51 {"key11753981503785": "value-1"}
2025-07-31 17:05:07,423 INFO  [io.api.tes.ser.api.KafkaSerdesTester] (Thread-661) topic-823772bf_e809_496f_a2d6_7d8d0a55a22a 0 52 {"key11753981503785": "value-2"}
2025-07-31 17:05:07,423 INFO  [io.api.tes.ser.api.KafkaSerdesTester] (Thread-661) topic-823772bf_e809_496f_a2d6_7d8d0a55a22a 0 53 {"key11753981503785": "value-3"}
2025-07-31 17:05:07,423 INFO  [io.api.tes.ser.api.KafkaSerdesTester] (Thread-661) topic-823772bf_e809_496f_a2d6_7d8d0a55a22a 0 54 {"key11753981503785": "value-4"}
2025-07-31 17:05:07,423 INFO  [io.api.tes.ser.api.KafkaSerdesTester] (Thread-661) topic-823772bf_e809_496f_a2d6_7d8d0a55a22a 0 55 {"key11753981503785": "value-5"}
2025-07-31 17:05:07,423 INFO  [io.api.tes.ser.api.KafkaSerdesTester] (Thread-661) topic-823772bf_e809_496f_a2d6_7d8d0a55a22a 0 56 {"key11753981503785": "value-6"}
2025-07-31 17:05:07,423 INFO  [io.api.tes.ser.api.KafkaSerdesTester] (Thread-661) topic-823772bf_e809_496f_a2d6_7d8d0a55a22a 0 57 {"key11753981503785": "value-7"}
2025-07-31 17:05:07,423 INFO  [io.api.tes.ser.api.KafkaSerdesTester] (Thread-661) topic-823772bf_e809_496f_a2d6_7d8d0a55a22a 0 58 {"key11753981503785": "value-8"}
2025-07-31 17:05:07,423 INFO  [io.api.tes.ser.api.KafkaSerdesTester] (Thread-661) topic-823772bf_e809_496f_a2d6_7d8d0a55a22a 0 59 {"key11753981503785": "value-9"}
2025-07-31 17:05:07,423 INFO  [io.api.tes.ser.api.KafkaSerdesTester] (Thread-661) Consumed 30 messages
2025-07-31 17:05:07,424 INFO  [org.apa.kaf.cli.pro.KafkaProducer] (main) [Producer clientId=Producer-topic-823772bf_e809_496f_a2d6_7d8d0a55a22a] Closing the Kafka producer with timeoutMillis = 9223372036854775807 ms.
2025-07-31 17:05:07,427 INFO  [org.apa.kaf.com.met.Metrics] (main) Metrics scheduler closed
2025-07-31 17:05:07,427 INFO  [org.apa.kaf.com.met.Metrics] (main) Closing reporter org.apache.kafka.common.metrics.JmxReporter
2025-07-31 17:05:07,427 INFO  [org.apa.kaf.com.met.Metrics] (main) Closing reporter org.apache.kafka.common.telemetry.internals.ClientTelemetryReporter
2025-07-31 17:05:07,427 INFO  [org.apa.kaf.com.met.Metrics] (main) Metrics reporters closed
2025-07-31 17:05:07,427 INFO  [org.apa.kaf.com.uti.AppInfoParser] (main) App info kafka.producer for Producer-topic-823772bf_e809_496f_a2d6_7d8d0a55a22a unregistered
2025-07-31 17:05:07,431 INFO  [org.apa.kaf.cli.con.int.ConsumerRebalanceListenerInvoker] (main) [Consumer clientId=consumer-Consumer-topic-823772bf_e809_496f_a2d6_7d8d0a55a22a-9, groupId=Consumer-topic-823772bf_e809_496f_a2d6_7d8d0a55a22a] Revoke previously assigned partitions topic-823772bf_e809_496f_a2d6_7d8d0a55a22a-0
2025-07-31 17:05:07,431 INFO  [org.apa.kaf.cli.con.int.ConsumerCoordinator] (main) [Consumer clientId=consumer-Consumer-topic-823772bf_e809_496f_a2d6_7d8d0a55a22a-9, groupId=Consumer-topic-823772bf_e809_496f_a2d6_7d8d0a55a22a] Member consumer-Consumer-topic-823772bf_e809_496f_a2d6_7d8d0a55a22a-9-eb2785d2-af9d-4da8-abcb-87e95c8eef95 sending LeaveGroup request to coordinator localhost:32770 (id: 2147483647 rack: null) due to the consumer is being closed
2025-07-31 17:05:07,432 INFO  [org.apa.kaf.cli.con.int.ConsumerCoordinator] (main) [Consumer clientId=consumer-Consumer-topic-823772bf_e809_496f_a2d6_7d8d0a55a22a-9, groupId=Consumer-topic-823772bf_e809_496f_a2d6_7d8d0a55a22a] Resetting generation and member id due to: consumer pro-actively leaving the group
2025-07-31 17:05:07,432 INFO  [org.apa.kaf.cli.con.int.ConsumerCoordinator] (main) [Consumer clientId=consumer-Consumer-topic-823772bf_e809_496f_a2d6_7d8d0a55a22a-9, groupId=Consumer-topic-823772bf_e809_496f_a2d6_7d8d0a55a22a] Request joining group due to: consumer pro-actively leaving the group
2025-07-31 17:05:07,924 INFO  [org.apa.kaf.com.met.Metrics] (main) Metrics scheduler closed
2025-07-31 17:05:07,924 INFO  [org.apa.kaf.com.met.Metrics] (main) Closing reporter org.apache.kafka.common.metrics.JmxReporter
2025-07-31 17:05:07,924 INFO  [org.apa.kaf.com.met.Metrics] (main) Closing reporter org.apache.kafka.common.telemetry.internals.ClientTelemetryReporter
2025-07-31 17:05:07,924 INFO  [org.apa.kaf.com.met.Metrics] (main) Metrics reporters closed
2025-07-31 17:05:07,927 INFO  [org.apa.kaf.com.uti.AppInfoParser] (main) App info kafka.consumer for consumer-Consumer-topic-823772bf_e809_496f_a2d6_7d8d0a55a22a-9 unregistered
2025-07-31 17:05:07,927 INFO  [io.api.tes.uti.TestSeparator] (main) io.apicurio.tests.serdes.apicurio.AvroSerdeIT.testEvolveAvroApicurioReusingClient-FINISHED
2025-07-31 17:05:07,927 INFO  [io.api.tes.uti.TestSeparator] (main) ############################################################################
Test passed: testEvolveAvroApicurioReusingClient
]]></system-out>
  </testcase>
  <testcase name="testProducerUsesDefaultConsumerUsesGlobalId" classname="io.apicurio.tests.serdes.apicurio.AvroSerdeIT" time="0.0">
    <skipped message="void io.apicurio.tests.serdes.apicurio.AvroSerdeIT.testProducerUsesDefaultConsumerUsesGlobalId() throws java.lang.Exception is @Disabled"/>
  </testcase>
  <testcase name="testEvolveAvroApicurio" classname="io.apicurio.tests.serdes.apicurio.AvroSerdeIT" time="5.579">
    <system-out><![CDATA[2025-07-31 17:05:07,933 INFO  [io.api.tes.uti.TestSeparator] (main) ############################################################################
2025-07-31 17:05:07,933 INFO  [io.api.tes.uti.TestSeparator] (main) io.apicurio.tests.serdes.apicurio.AvroSerdeIT.testEvolveAvroApicurio-STARTED
2025-07-31 17:05:07,936 INFO  [io.api.tes.ser.api.AvroSerdeIT] (main) Registering Avro Schema: {"type":"record","name":"s456b54b5x10fax4e1dx9ce9xe441206795da","namespace":"ns_6d57e9bc_d872_4519_80cd_5ab452234c49","fields":[{"name":"key11753981507936","type":"string"}]}
**** Registry Base URL: http://registry-app-kafkasql.apps.ci419.apicurio-testing.org:80
2025-07-31 17:05:09,013 INFO  [org.apa.kaf.cli.pro.ProducerConfig] (main) ProducerConfig values: 
	acks = -1
	auto.include.jmx.reporter = true
	batch.size = 16384
	bootstrap.servers = [PLAINTEXT://localhost:32770]
	buffer.memory = 33554432
	client.dns.lookup = use_all_dns_ips
	client.id = Producer-topic-3f957ed9_341e_4da6_b430_bd780fd8f09b
	compression.gzip.level = -1
	compression.lz4.level = 9
	compression.type = none
	compression.zstd.level = 3
	connections.max.idle.ms = 10000
	delivery.timeout.ms = 120000
	enable.idempotence = true
	enable.metrics.push = true
	interceptor.classes = []
	key.serializer = class org.apache.kafka.common.serialization.StringSerializer
	linger.ms = 0
	max.block.ms = 60000
	max.in.flight.requests.per.connection = 5
	max.request.size = 1048576
	metadata.max.age.ms = 300000
	metadata.max.idle.ms = 300000
	metadata.recovery.strategy = none
	metric.reporters = []
	metrics.num.samples = 2
	metrics.recording.level = INFO
	metrics.sample.window.ms = 30000
	partitioner.adaptive.partitioning.enable = true
	partitioner.availability.timeout.ms = 0
	partitioner.class = null
	partitioner.ignore.keys = false
	receive.buffer.bytes = 32768
	reconnect.backoff.max.ms = 1000
	reconnect.backoff.ms = 50
	request.timeout.ms = 5000
	retries = 2147483647
	retry.backoff.max.ms = 1000
	retry.backoff.ms = 100
	sasl.client.callback.handler.class = null
	sasl.jaas.config = null
	sasl.kerberos.kinit.cmd = /usr/bin/kinit
	sasl.kerberos.min.time.before.relogin = 60000
	sasl.kerberos.service.name = null
	sasl.kerberos.ticket.renew.jitter = 0.05
	sasl.kerberos.ticket.renew.window.factor = 0.8
	sasl.login.callback.handler.class = null
	sasl.login.class = null
	sasl.login.connect.timeout.ms = null
	sasl.login.read.timeout.ms = null
	sasl.login.refresh.buffer.seconds = 300
	sasl.login.refresh.min.period.seconds = 60
	sasl.login.refresh.window.factor = 0.8
	sasl.login.refresh.window.jitter = 0.05
	sasl.login.retry.backoff.max.ms = 10000
	sasl.login.retry.backoff.ms = 100
	sasl.mechanism = GSSAPI
	sasl.oauthbearer.clock.skew.seconds = 30
	sasl.oauthbearer.expected.audience = null
	sasl.oauthbearer.expected.issuer = null
	sasl.oauthbearer.header.urlencode = false
	sasl.oauthbearer.jwks.endpoint.refresh.ms = 3600000
	sasl.oauthbearer.jwks.endpoint.retry.backoff.max.ms = 10000
	sasl.oauthbearer.jwks.endpoint.retry.backoff.ms = 100
	sasl.oauthbearer.jwks.endpoint.url = null
	sasl.oauthbearer.scope.claim.name = scope
	sasl.oauthbearer.sub.claim.name = sub
	sasl.oauthbearer.token.endpoint.url = null
	security.protocol = PLAINTEXT
	security.providers = null
	send.buffer.bytes = 131072
	socket.connection.setup.timeout.max.ms = 30000
	socket.connection.setup.timeout.ms = 10000
	ssl.cipher.suites = null
	ssl.enabled.protocols = [TLSv1.2, TLSv1.3]
	ssl.endpoint.identification.algorithm = https
	ssl.engine.factory.class = null
	ssl.key.password = null
	ssl.keymanager.algorithm = SunX509
	ssl.keystore.certificate.chain = null
	ssl.keystore.key = null
	ssl.keystore.location = null
	ssl.keystore.password = null
	ssl.keystore.type = JKS
	ssl.protocol = TLSv1.3
	ssl.provider = null
	ssl.secure.random.implementation = null
	ssl.trustmanager.algorithm = PKIX
	ssl.truststore.certificates = null
	ssl.truststore.location = null
	ssl.truststore.password = null
	ssl.truststore.type = JKS
	transaction.timeout.ms = 60000
	transactional.id = null
	value.serializer = class io.apicurio.registry.serde.avro.AvroKafkaSerializer

2025-07-31 17:05:09,013 INFO  [org.apa.kaf.com.tel.int.KafkaMetricsCollector] (main) initializing Kafka metrics collector
2025-07-31 17:05:09,016 INFO  [org.apa.kaf.cli.pro.KafkaProducer] (main) [Producer clientId=Producer-topic-3f957ed9_341e_4da6_b430_bd780fd8f09b] Instantiated an idempotent producer.
2025-07-31 17:05:09,019 INFO  [org.apa.kaf.cli.pro.ProducerConfig] (main) These configurations '[apicurio.registry.url, apicurio.registry.artifact-resolver-strategy]' were supplied but are not used yet.
2025-07-31 17:05:09,019 INFO  [org.apa.kaf.com.uti.AppInfoParser] (main) Kafka version: 3.9.1
2025-07-31 17:05:09,019 INFO  [org.apa.kaf.com.uti.AppInfoParser] (main) Kafka commitId: f745dfdcee2b9851
2025-07-31 17:05:09,019 INFO  [org.apa.kaf.com.uti.AppInfoParser] (main) Kafka startTimeMs: 1753981509019
**** Registry Base URL: http://registry-app-kafkasql.apps.ci419.apicurio-testing.org:80
2025-07-31 17:05:09,019 INFO  [org.apa.kaf.cli.con.ConsumerConfig] (main) ConsumerConfig values: 
	allow.auto.create.topics = true
	auto.commit.interval.ms = 500
	auto.include.jmx.reporter = true
	auto.offset.reset = earliest
	bootstrap.servers = [PLAINTEXT://localhost:32770]
	check.crcs = true
	client.dns.lookup = use_all_dns_ips
	client.id = consumer-Consumer-topic-3f957ed9_341e_4da6_b430_bd780fd8f09b-10
	client.rack = 
	connections.max.idle.ms = 10000
	default.api.timeout.ms = 60000
	enable.auto.commit = true
	enable.metrics.push = true
	exclude.internal.topics = true
	fetch.max.bytes = 52428800
	fetch.max.wait.ms = 500
	fetch.min.bytes = 1
	group.id = Consumer-topic-3f957ed9_341e_4da6_b430_bd780fd8f09b
	group.instance.id = null
	group.protocol = classic
	group.remote.assignor = null
	heartbeat.interval.ms = 3000
	interceptor.classes = []
	internal.leave.group.on.close = true
	internal.throw.on.fetch.stable.offset.unsupported = false
	isolation.level = read_uncommitted
	key.deserializer = class org.apache.kafka.common.serialization.StringDeserializer
	max.partition.fetch.bytes = 1048576
	max.poll.interval.ms = 300000
	max.poll.records = 500
	metadata.max.age.ms = 300000
	metadata.recovery.strategy = none
	metric.reporters = []
	metrics.num.samples = 2
	metrics.recording.level = INFO
	metrics.sample.window.ms = 30000
	partition.assignment.strategy = [class org.apache.kafka.clients.consumer.RangeAssignor, class org.apache.kafka.clients.consumer.CooperativeStickyAssignor]
	receive.buffer.bytes = 65536
	reconnect.backoff.max.ms = 1000
	reconnect.backoff.ms = 50
	request.timeout.ms = 5000
	retry.backoff.max.ms = 1000
	retry.backoff.ms = 100
	sasl.client.callback.handler.class = null
	sasl.jaas.config = null
	sasl.kerberos.kinit.cmd = /usr/bin/kinit
	sasl.kerberos.min.time.before.relogin = 60000
	sasl.kerberos.service.name = null
	sasl.kerberos.ticket.renew.jitter = 0.05
	sasl.kerberos.ticket.renew.window.factor = 0.8
	sasl.login.callback.handler.class = null
	sasl.login.class = null
	sasl.login.connect.timeout.ms = null
	sasl.login.read.timeout.ms = null
	sasl.login.refresh.buffer.seconds = 300
	sasl.login.refresh.min.period.seconds = 60
	sasl.login.refresh.window.factor = 0.8
	sasl.login.refresh.window.jitter = 0.05
	sasl.login.retry.backoff.max.ms = 10000
	sasl.login.retry.backoff.ms = 100
	sasl.mechanism = GSSAPI
	sasl.oauthbearer.clock.skew.seconds = 30
	sasl.oauthbearer.expected.audience = null
	sasl.oauthbearer.expected.issuer = null
	sasl.oauthbearer.header.urlencode = false
	sasl.oauthbearer.jwks.endpoint.refresh.ms = 3600000
	sasl.oauthbearer.jwks.endpoint.retry.backoff.max.ms = 10000
	sasl.oauthbearer.jwks.endpoint.retry.backoff.ms = 100
	sasl.oauthbearer.jwks.endpoint.url = null
	sasl.oauthbearer.scope.claim.name = scope
	sasl.oauthbearer.sub.claim.name = sub
	sasl.oauthbearer.token.endpoint.url = null
	security.protocol = PLAINTEXT
	security.providers = null
	send.buffer.bytes = 131072
	session.timeout.ms = 45000
	socket.connection.setup.timeout.max.ms = 30000
	socket.connection.setup.timeout.ms = 10000
	ssl.cipher.suites = null
	ssl.enabled.protocols = [TLSv1.2, TLSv1.3]
	ssl.endpoint.identification.algorithm = https
	ssl.engine.factory.class = null
	ssl.key.password = null
	ssl.keymanager.algorithm = SunX509
	ssl.keystore.certificate.chain = null
	ssl.keystore.key = null
	ssl.keystore.location = null
	ssl.keystore.password = null
	ssl.keystore.type = JKS
	ssl.protocol = TLSv1.3
	ssl.provider = null
	ssl.secure.random.implementation = null
	ssl.trustmanager.algorithm = PKIX
	ssl.truststore.certificates = null
	ssl.truststore.location = null
	ssl.truststore.password = null
	ssl.truststore.type = JKS
	value.deserializer = class io.apicurio.registry.serde.avro.AvroKafkaDeserializer

2025-07-31 17:05:09,019 INFO  [org.apa.kaf.com.tel.int.KafkaMetricsCollector] (main) initializing Kafka metrics collector
2025-07-31 17:05:09,026 INFO  [org.apa.kaf.cli.con.ConsumerConfig] (main) These configurations '[apicurio.registry.url]' were supplied but are not used yet.
2025-07-31 17:05:09,026 INFO  [org.apa.kaf.com.uti.AppInfoParser] (main) Kafka version: 3.9.1
2025-07-31 17:05:09,026 INFO  [org.apa.kaf.com.uti.AppInfoParser] (main) Kafka commitId: f745dfdcee2b9851
2025-07-31 17:05:09,026 INFO  [org.apa.kaf.com.uti.AppInfoParser] (main) Kafka startTimeMs: 1753981509026
2025-07-31 17:05:09,026 INFO  [org.apa.kaf.cli.Metadata] (kafka-producer-network-thread | Producer-topic-3f957ed9_341e_4da6_b430_bd780fd8f09b) [Producer clientId=Producer-topic-3f957ed9_341e_4da6_b430_bd780fd8f09b] Cluster ID: WpqyxNU-RHKB_ermmfvksw
2025-07-31 17:05:09,027 INFO  [org.apa.kaf.cli.pro.int.TransactionManager] (kafka-producer-network-thread | Producer-topic-3f957ed9_341e_4da6_b430_bd780fd8f09b) [Producer clientId=Producer-topic-3f957ed9_341e_4da6_b430_bd780fd8f09b] ProducerId set to 12 with epoch 0
2025-07-31 17:05:09,027 INFO  [io.api.tes.ser.api.KafkaSerdesTester] (Thread-666) Sending message {"key11753981507936": "value-0"} to topic topic-3f957ed9_341e_4da6_b430_bd780fd8f09b
2025-07-31 17:05:09,035 INFO  [DefaultSchemaResolver] (Thread-666) Retrieving schema content using string: {"type":"record","name":"s456b54b5x10fax4e1dx9ce9xe441206795da","namespace":"ns_6d57e9bc_d872_4519_80cd_5ab452234c49","fields":[{"name":"key11753981507936","type":"string"}]}
2025-07-31 17:05:09,072 INFO  [io.api.tes.ser.api.KafkaSerdesTester] (Thread-666) Sending message {"key11753981507936": "value-1"} to topic topic-3f957ed9_341e_4da6_b430_bd780fd8f09b
2025-07-31 17:05:09,074 INFO  [io.api.tes.ser.api.KafkaSerdesTester] (Thread-666) Sending message {"key11753981507936": "value-2"} to topic topic-3f957ed9_341e_4da6_b430_bd780fd8f09b
2025-07-31 17:05:09,075 INFO  [io.api.tes.ser.api.KafkaSerdesTester] (Thread-666) Sending message {"key11753981507936": "value-3"} to topic topic-3f957ed9_341e_4da6_b430_bd780fd8f09b
2025-07-31 17:05:09,076 INFO  [io.api.tes.ser.api.KafkaSerdesTester] (Thread-666) Sending message {"key11753981507936": "value-4"} to topic topic-3f957ed9_341e_4da6_b430_bd780fd8f09b
2025-07-31 17:05:09,077 INFO  [io.api.tes.ser.api.KafkaSerdesTester] (Thread-666) Sending message {"key11753981507936": "value-5"} to topic topic-3f957ed9_341e_4da6_b430_bd780fd8f09b
2025-07-31 17:05:09,079 INFO  [io.api.tes.ser.api.KafkaSerdesTester] (Thread-666) Sending message {"key11753981507936": "value-6"} to topic topic-3f957ed9_341e_4da6_b430_bd780fd8f09b
2025-07-31 17:05:09,080 INFO  [io.api.tes.ser.api.KafkaSerdesTester] (Thread-666) Sending message {"key11753981507936": "value-7"} to topic topic-3f957ed9_341e_4da6_b430_bd780fd8f09b
2025-07-31 17:05:09,081 INFO  [io.api.tes.ser.api.KafkaSerdesTester] (Thread-666) Sending message {"key11753981507936": "value-8"} to topic topic-3f957ed9_341e_4da6_b430_bd780fd8f09b
2025-07-31 17:05:09,083 INFO  [io.api.tes.ser.api.KafkaSerdesTester] (Thread-666) Sending message {"key11753981507936": "value-9"} to topic topic-3f957ed9_341e_4da6_b430_bd780fd8f09b
2025-07-31 17:05:09,085 INFO  [io.api.tes.ser.api.KafkaSerdesTester] (Thread-666) Produced 10 messages
2025-07-31 17:05:09,086 INFO  [org.apa.kaf.cli.pro.KafkaProducer] (Thread-666) [Producer clientId=Producer-topic-3f957ed9_341e_4da6_b430_bd780fd8f09b] Closing the Kafka producer with timeoutMillis = 9223372036854775807 ms.
2025-07-31 17:05:09,088 INFO  [org.apa.kaf.com.met.Metrics] (Thread-666) Metrics scheduler closed
2025-07-31 17:05:09,088 INFO  [org.apa.kaf.com.met.Metrics] (Thread-666) Closing reporter org.apache.kafka.common.metrics.JmxReporter
2025-07-31 17:05:09,088 INFO  [org.apa.kaf.com.met.Metrics] (Thread-666) Closing reporter org.apache.kafka.common.telemetry.internals.ClientTelemetryReporter
2025-07-31 17:05:09,088 INFO  [org.apa.kaf.com.met.Metrics] (Thread-666) Metrics reporters closed
2025-07-31 17:05:09,088 INFO  [org.apa.kaf.com.uti.AppInfoParser] (Thread-666) App info kafka.producer for Producer-topic-3f957ed9_341e_4da6_b430_bd780fd8f09b unregistered
2025-07-31 17:05:09,089 INFO  [org.apa.kaf.cli.con.int.ClassicKafkaConsumer] (Thread-667) [Consumer clientId=consumer-Consumer-topic-3f957ed9_341e_4da6_b430_bd780fd8f09b-10, groupId=Consumer-topic-3f957ed9_341e_4da6_b430_bd780fd8f09b] Subscribed to topic(s): topic-3f957ed9_341e_4da6_b430_bd780fd8f09b
2025-07-31 17:05:09,096 INFO  [org.apa.kaf.cli.Metadata] (Thread-667) [Consumer clientId=consumer-Consumer-topic-3f957ed9_341e_4da6_b430_bd780fd8f09b-10, groupId=Consumer-topic-3f957ed9_341e_4da6_b430_bd780fd8f09b] Cluster ID: WpqyxNU-RHKB_ermmfvksw
2025-07-31 17:05:09,097 INFO  [org.apa.kaf.cli.con.int.ConsumerCoordinator] (Thread-667) [Consumer clientId=consumer-Consumer-topic-3f957ed9_341e_4da6_b430_bd780fd8f09b-10, groupId=Consumer-topic-3f957ed9_341e_4da6_b430_bd780fd8f09b] Discovered group coordinator localhost:32770 (id: 2147483647 rack: null)
2025-07-31 17:05:09,099 INFO  [org.apa.kaf.cli.con.int.ConsumerCoordinator] (Thread-667) [Consumer clientId=consumer-Consumer-topic-3f957ed9_341e_4da6_b430_bd780fd8f09b-10, groupId=Consumer-topic-3f957ed9_341e_4da6_b430_bd780fd8f09b] (Re-)joining group
2025-07-31 17:05:09,106 INFO  [org.apa.kaf.cli.con.int.ConsumerCoordinator] (Thread-667) [Consumer clientId=consumer-Consumer-topic-3f957ed9_341e_4da6_b430_bd780fd8f09b-10, groupId=Consumer-topic-3f957ed9_341e_4da6_b430_bd780fd8f09b] Request joining group due to: need to re-join with the given member-id: consumer-Consumer-topic-3f957ed9_341e_4da6_b430_bd780fd8f09b-10-023230c2-b28b-467c-b2ea-3f34ea0640c9
2025-07-31 17:05:09,106 INFO  [org.apa.kaf.cli.con.int.ConsumerCoordinator] (Thread-667) [Consumer clientId=consumer-Consumer-topic-3f957ed9_341e_4da6_b430_bd780fd8f09b-10, groupId=Consumer-topic-3f957ed9_341e_4da6_b430_bd780fd8f09b] (Re-)joining group
2025-07-31 17:05:09,110 INFO  [org.apa.kaf.cli.con.int.ConsumerCoordinator] (Thread-667) [Consumer clientId=consumer-Consumer-topic-3f957ed9_341e_4da6_b430_bd780fd8f09b-10, groupId=Consumer-topic-3f957ed9_341e_4da6_b430_bd780fd8f09b] Successfully joined group with generation Generation{generationId=1, memberId='consumer-Consumer-topic-3f957ed9_341e_4da6_b430_bd780fd8f09b-10-023230c2-b28b-467c-b2ea-3f34ea0640c9', protocol='range'}
2025-07-31 17:05:09,110 INFO  [org.apa.kaf.cli.con.int.ConsumerCoordinator] (Thread-667) [Consumer clientId=consumer-Consumer-topic-3f957ed9_341e_4da6_b430_bd780fd8f09b-10, groupId=Consumer-topic-3f957ed9_341e_4da6_b430_bd780fd8f09b] Finished assignment for group at generation 1: {consumer-Consumer-topic-3f957ed9_341e_4da6_b430_bd780fd8f09b-10-023230c2-b28b-467c-b2ea-3f34ea0640c9=Assignment(partitions=[topic-3f957ed9_341e_4da6_b430_bd780fd8f09b-0])}
2025-07-31 17:05:09,114 INFO  [org.apa.kaf.cli.con.int.ConsumerCoordinator] (Thread-667) [Consumer clientId=consumer-Consumer-topic-3f957ed9_341e_4da6_b430_bd780fd8f09b-10, groupId=Consumer-topic-3f957ed9_341e_4da6_b430_bd780fd8f09b] Successfully synced group in generation Generation{generationId=1, memberId='consumer-Consumer-topic-3f957ed9_341e_4da6_b430_bd780fd8f09b-10-023230c2-b28b-467c-b2ea-3f34ea0640c9', protocol='range'}
2025-07-31 17:05:09,114 INFO  [org.apa.kaf.cli.con.int.ConsumerCoordinator] (Thread-667) [Consumer clientId=consumer-Consumer-topic-3f957ed9_341e_4da6_b430_bd780fd8f09b-10, groupId=Consumer-topic-3f957ed9_341e_4da6_b430_bd780fd8f09b] Notifying assignor about the new Assignment(partitions=[topic-3f957ed9_341e_4da6_b430_bd780fd8f09b-0])
2025-07-31 17:05:09,114 INFO  [org.apa.kaf.cli.con.int.ConsumerRebalanceListenerInvoker] (Thread-667) [Consumer clientId=consumer-Consumer-topic-3f957ed9_341e_4da6_b430_bd780fd8f09b-10, groupId=Consumer-topic-3f957ed9_341e_4da6_b430_bd780fd8f09b] Adding newly assigned partitions: topic-3f957ed9_341e_4da6_b430_bd780fd8f09b-0
2025-07-31 17:05:09,115 INFO  [org.apa.kaf.cli.con.int.ConsumerCoordinator] (Thread-667) [Consumer clientId=consumer-Consumer-topic-3f957ed9_341e_4da6_b430_bd780fd8f09b-10, groupId=Consumer-topic-3f957ed9_341e_4da6_b430_bd780fd8f09b] Found no committed offset for partition topic-3f957ed9_341e_4da6_b430_bd780fd8f09b-0
2025-07-31 17:05:09,116 INFO  [org.apa.kaf.cli.con.int.SubscriptionState] (Thread-667) [Consumer clientId=consumer-Consumer-topic-3f957ed9_341e_4da6_b430_bd780fd8f09b-10, groupId=Consumer-topic-3f957ed9_341e_4da6_b430_bd780fd8f09b] Resetting offset for partition topic-3f957ed9_341e_4da6_b430_bd780fd8f09b-0 to position FetchPosition{offset=0, offsetEpoch=Optional.empty, currentLeader=LeaderAndEpoch{leader=Optional[localhost:32770 (id: 0 rack: null)], epoch=0}}.
2025-07-31 17:05:09,153 INFO  [io.api.tes.ser.api.KafkaSerdesTester] (Thread-667) topic-3f957ed9_341e_4da6_b430_bd780fd8f09b 0 0 {"key11753981507936": "value-0"}
2025-07-31 17:05:09,153 INFO  [io.api.tes.ser.api.KafkaSerdesTester] (Thread-667) topic-3f957ed9_341e_4da6_b430_bd780fd8f09b 0 1 {"key11753981507936": "value-1"}
2025-07-31 17:05:09,153 INFO  [io.api.tes.ser.api.KafkaSerdesTester] (Thread-667) topic-3f957ed9_341e_4da6_b430_bd780fd8f09b 0 2 {"key11753981507936": "value-2"}
2025-07-31 17:05:09,153 INFO  [io.api.tes.ser.api.KafkaSerdesTester] (Thread-667) topic-3f957ed9_341e_4da6_b430_bd780fd8f09b 0 3 {"key11753981507936": "value-3"}
2025-07-31 17:05:09,153 INFO  [io.api.tes.ser.api.KafkaSerdesTester] (Thread-667) topic-3f957ed9_341e_4da6_b430_bd780fd8f09b 0 4 {"key11753981507936": "value-4"}
2025-07-31 17:05:09,153 INFO  [io.api.tes.ser.api.KafkaSerdesTester] (Thread-667) topic-3f957ed9_341e_4da6_b430_bd780fd8f09b 0 5 {"key11753981507936": "value-5"}
2025-07-31 17:05:09,153 INFO  [io.api.tes.ser.api.KafkaSerdesTester] (Thread-667) topic-3f957ed9_341e_4da6_b430_bd780fd8f09b 0 6 {"key11753981507936": "value-6"}
2025-07-31 17:05:09,153 INFO  [io.api.tes.ser.api.KafkaSerdesTester] (Thread-667) topic-3f957ed9_341e_4da6_b430_bd780fd8f09b 0 7 {"key11753981507936": "value-7"}
2025-07-31 17:05:09,153 INFO  [io.api.tes.ser.api.KafkaSerdesTester] (Thread-667) topic-3f957ed9_341e_4da6_b430_bd780fd8f09b 0 8 {"key11753981507936": "value-8"}
2025-07-31 17:05:09,153 INFO  [io.api.tes.ser.api.KafkaSerdesTester] (Thread-667) topic-3f957ed9_341e_4da6_b430_bd780fd8f09b 0 9 {"key11753981507936": "value-9"}
2025-07-31 17:05:09,153 INFO  [io.api.tes.ser.api.KafkaSerdesTester] (Thread-667) Consumed 10 messages
2025-07-31 17:05:09,155 INFO  [org.apa.kaf.cli.con.int.ConsumerRebalanceListenerInvoker] (Thread-667) [Consumer clientId=consumer-Consumer-topic-3f957ed9_341e_4da6_b430_bd780fd8f09b-10, groupId=Consumer-topic-3f957ed9_341e_4da6_b430_bd780fd8f09b] Revoke previously assigned partitions topic-3f957ed9_341e_4da6_b430_bd780fd8f09b-0
2025-07-31 17:05:09,155 INFO  [org.apa.kaf.cli.con.int.ConsumerCoordinator] (Thread-667) [Consumer clientId=consumer-Consumer-topic-3f957ed9_341e_4da6_b430_bd780fd8f09b-10, groupId=Consumer-topic-3f957ed9_341e_4da6_b430_bd780fd8f09b] Member consumer-Consumer-topic-3f957ed9_341e_4da6_b430_bd780fd8f09b-10-023230c2-b28b-467c-b2ea-3f34ea0640c9 sending LeaveGroup request to coordinator localhost:32770 (id: 2147483647 rack: null) due to the consumer is being closed
2025-07-31 17:05:09,156 INFO  [org.apa.kaf.cli.con.int.ConsumerCoordinator] (Thread-667) [Consumer clientId=consumer-Consumer-topic-3f957ed9_341e_4da6_b430_bd780fd8f09b-10, groupId=Consumer-topic-3f957ed9_341e_4da6_b430_bd780fd8f09b] Resetting generation and member id due to: consumer pro-actively leaving the group
2025-07-31 17:05:09,156 INFO  [org.apa.kaf.cli.con.int.ConsumerCoordinator] (Thread-667) [Consumer clientId=consumer-Consumer-topic-3f957ed9_341e_4da6_b430_bd780fd8f09b-10, groupId=Consumer-topic-3f957ed9_341e_4da6_b430_bd780fd8f09b] Request joining group due to: consumer pro-actively leaving the group
2025-07-31 17:05:09,655 INFO  [org.apa.kaf.com.met.Metrics] (Thread-667) Metrics scheduler closed
2025-07-31 17:05:09,655 INFO  [org.apa.kaf.com.met.Metrics] (Thread-667) Closing reporter org.apache.kafka.common.metrics.JmxReporter
2025-07-31 17:05:09,656 INFO  [org.apa.kaf.com.met.Metrics] (Thread-667) Closing reporter org.apache.kafka.common.telemetry.internals.ClientTelemetryReporter
2025-07-31 17:05:09,656 INFO  [org.apa.kaf.com.met.Metrics] (Thread-667) Metrics reporters closed
2025-07-31 17:05:09,658 INFO  [org.apa.kaf.com.uti.AppInfoParser] (Thread-667) App info kafka.consumer for consumer-Consumer-topic-3f957ed9_341e_4da6_b430_bd780fd8f09b-10 unregistered
2025-07-31 17:05:09,658 INFO  [io.api.tes.ser.api.AvroSerdeIT] (main) Registering Avro Schema 2: {"type":"record","name":"s456b54b5x10fax4e1dx9ce9xe441206795da","namespace":"ns_6d57e9bc_d872_4519_80cd_5ab452234c49","fields":[{"name":"key11753981507936","type":"string"},{"name":"key21753981509658","type":"string"}]}
**** Registry Base URL: http://registry-app-kafkasql.apps.ci419.apicurio-testing.org:80
2025-07-31 17:05:10,722 INFO  [org.apa.kaf.cli.pro.ProducerConfig] (main) ProducerConfig values: 
	acks = -1
	auto.include.jmx.reporter = true
	batch.size = 16384
	bootstrap.servers = [PLAINTEXT://localhost:32770]
	buffer.memory = 33554432
	client.dns.lookup = use_all_dns_ips
	client.id = Producer-topic-3f957ed9_341e_4da6_b430_bd780fd8f09b
	compression.gzip.level = -1
	compression.lz4.level = 9
	compression.type = none
	compression.zstd.level = 3
	connections.max.idle.ms = 10000
	delivery.timeout.ms = 120000
	enable.idempotence = true
	enable.metrics.push = true
	interceptor.classes = []
	key.serializer = class org.apache.kafka.common.serialization.StringSerializer
	linger.ms = 0
	max.block.ms = 60000
	max.in.flight.requests.per.connection = 5
	max.request.size = 1048576
	metadata.max.age.ms = 300000
	metadata.max.idle.ms = 300000
	metadata.recovery.strategy = none
	metric.reporters = []
	metrics.num.samples = 2
	metrics.recording.level = INFO
	metrics.sample.window.ms = 30000
	partitioner.adaptive.partitioning.enable = true
	partitioner.availability.timeout.ms = 0
	partitioner.class = null
	partitioner.ignore.keys = false
	receive.buffer.bytes = 32768
	reconnect.backoff.max.ms = 1000
	reconnect.backoff.ms = 50
	request.timeout.ms = 5000
	retries = 2147483647
	retry.backoff.max.ms = 1000
	retry.backoff.ms = 100
	sasl.client.callback.handler.class = null
	sasl.jaas.config = null
	sasl.kerberos.kinit.cmd = /usr/bin/kinit
	sasl.kerberos.min.time.before.relogin = 60000
	sasl.kerberos.service.name = null
	sasl.kerberos.ticket.renew.jitter = 0.05
	sasl.kerberos.ticket.renew.window.factor = 0.8
	sasl.login.callback.handler.class = null
	sasl.login.class = null
	sasl.login.connect.timeout.ms = null
	sasl.login.read.timeout.ms = null
	sasl.login.refresh.buffer.seconds = 300
	sasl.login.refresh.min.period.seconds = 60
	sasl.login.refresh.window.factor = 0.8
	sasl.login.refresh.window.jitter = 0.05
	sasl.login.retry.backoff.max.ms = 10000
	sasl.login.retry.backoff.ms = 100
	sasl.mechanism = GSSAPI
	sasl.oauthbearer.clock.skew.seconds = 30
	sasl.oauthbearer.expected.audience = null
	sasl.oauthbearer.expected.issuer = null
	sasl.oauthbearer.header.urlencode = false
	sasl.oauthbearer.jwks.endpoint.refresh.ms = 3600000
	sasl.oauthbearer.jwks.endpoint.retry.backoff.max.ms = 10000
	sasl.oauthbearer.jwks.endpoint.retry.backoff.ms = 100
	sasl.oauthbearer.jwks.endpoint.url = null
	sasl.oauthbearer.scope.claim.name = scope
	sasl.oauthbearer.sub.claim.name = sub
	sasl.oauthbearer.token.endpoint.url = null
	security.protocol = PLAINTEXT
	security.providers = null
	send.buffer.bytes = 131072
	socket.connection.setup.timeout.max.ms = 30000
	socket.connection.setup.timeout.ms = 10000
	ssl.cipher.suites = null
	ssl.enabled.protocols = [TLSv1.2, TLSv1.3]
	ssl.endpoint.identification.algorithm = https
	ssl.engine.factory.class = null
	ssl.key.password = null
	ssl.keymanager.algorithm = SunX509
	ssl.keystore.certificate.chain = null
	ssl.keystore.key = null
	ssl.keystore.location = null
	ssl.keystore.password = null
	ssl.keystore.type = JKS
	ssl.protocol = TLSv1.3
	ssl.provider = null
	ssl.secure.random.implementation = null
	ssl.trustmanager.algorithm = PKIX
	ssl.truststore.certificates = null
	ssl.truststore.location = null
	ssl.truststore.password = null
	ssl.truststore.type = JKS
	transaction.timeout.ms = 60000
	transactional.id = null
	value.serializer = class io.apicurio.registry.serde.avro.AvroKafkaSerializer

2025-07-31 17:05:10,723 INFO  [org.apa.kaf.com.tel.int.KafkaMetricsCollector] (main) initializing Kafka metrics collector
2025-07-31 17:05:10,726 INFO  [org.apa.kaf.cli.pro.KafkaProducer] (main) [Producer clientId=Producer-topic-3f957ed9_341e_4da6_b430_bd780fd8f09b] Instantiated an idempotent producer.
2025-07-31 17:05:10,728 INFO  [org.apa.kaf.cli.pro.ProducerConfig] (main) These configurations '[apicurio.registry.url, apicurio.registry.artifact-resolver-strategy]' were supplied but are not used yet.
2025-07-31 17:05:10,728 INFO  [org.apa.kaf.com.uti.AppInfoParser] (main) Kafka version: 3.9.1
2025-07-31 17:05:10,728 INFO  [org.apa.kaf.com.uti.AppInfoParser] (main) Kafka commitId: f745dfdcee2b9851
2025-07-31 17:05:10,728 INFO  [org.apa.kaf.com.uti.AppInfoParser] (main) Kafka startTimeMs: 1753981510728
2025-07-31 17:05:10,730 INFO  [io.api.tes.ser.api.KafkaSerdesTester] (Thread-670) Sending message {"key11753981507936": "value-0", "key21753981509658": "value-0"} to topic topic-3f957ed9_341e_4da6_b430_bd780fd8f09b
2025-07-31 17:05:10,736 INFO  [org.apa.kaf.cli.Metadata] (kafka-producer-network-thread | Producer-topic-3f957ed9_341e_4da6_b430_bd780fd8f09b) [Producer clientId=Producer-topic-3f957ed9_341e_4da6_b430_bd780fd8f09b] Cluster ID: WpqyxNU-RHKB_ermmfvksw
2025-07-31 17:05:10,736 INFO  [DefaultSchemaResolver] (Thread-670) Retrieving schema content using string: {"type":"record","name":"s456b54b5x10fax4e1dx9ce9xe441206795da","namespace":"ns_6d57e9bc_d872_4519_80cd_5ab452234c49","fields":[{"name":"key11753981507936","type":"string"},{"name":"key21753981509658","type":"string"}]}
2025-07-31 17:05:10,737 INFO  [org.apa.kaf.cli.pro.int.TransactionManager] (kafka-producer-network-thread | Producer-topic-3f957ed9_341e_4da6_b430_bd780fd8f09b) [Producer clientId=Producer-topic-3f957ed9_341e_4da6_b430_bd780fd8f09b] ProducerId set to 13 with epoch 0
2025-07-31 17:05:10,768 INFO  [io.api.tes.ser.api.KafkaSerdesTester] (Thread-670) Sending message {"key11753981507936": "value-1", "key21753981509658": "value-1"} to topic topic-3f957ed9_341e_4da6_b430_bd780fd8f09b
2025-07-31 17:05:10,770 INFO  [io.api.tes.ser.api.KafkaSerdesTester] (Thread-670) Sending message {"key11753981507936": "value-2", "key21753981509658": "value-2"} to topic topic-3f957ed9_341e_4da6_b430_bd780fd8f09b
2025-07-31 17:05:10,771 INFO  [io.api.tes.ser.api.KafkaSerdesTester] (Thread-670) Sending message {"key11753981507936": "value-3", "key21753981509658": "value-3"} to topic topic-3f957ed9_341e_4da6_b430_bd780fd8f09b
2025-07-31 17:05:10,774 INFO  [io.api.tes.ser.api.KafkaSerdesTester] (Thread-670) Sending message {"key11753981507936": "value-4", "key21753981509658": "value-4"} to topic topic-3f957ed9_341e_4da6_b430_bd780fd8f09b
2025-07-31 17:05:10,775 INFO  [io.api.tes.ser.api.KafkaSerdesTester] (Thread-670) Sending message {"key11753981507936": "value-5", "key21753981509658": "value-5"} to topic topic-3f957ed9_341e_4da6_b430_bd780fd8f09b
2025-07-31 17:05:10,778 INFO  [io.api.tes.ser.api.KafkaSerdesTester] (Thread-670) Sending message {"key11753981507936": "value-6", "key21753981509658": "value-6"} to topic topic-3f957ed9_341e_4da6_b430_bd780fd8f09b
2025-07-31 17:05:10,780 INFO  [io.api.tes.ser.api.KafkaSerdesTester] (Thread-670) Sending message {"key11753981507936": "value-7", "key21753981509658": "value-7"} to topic topic-3f957ed9_341e_4da6_b430_bd780fd8f09b
2025-07-31 17:05:10,782 INFO  [io.api.tes.ser.api.KafkaSerdesTester] (Thread-670) Sending message {"key11753981507936": "value-8", "key21753981509658": "value-8"} to topic topic-3f957ed9_341e_4da6_b430_bd780fd8f09b
2025-07-31 17:05:10,784 INFO  [io.api.tes.ser.api.KafkaSerdesTester] (Thread-670) Sending message {"key11753981507936": "value-9", "key21753981509658": "value-9"} to topic topic-3f957ed9_341e_4da6_b430_bd780fd8f09b
2025-07-31 17:05:10,787 INFO  [io.api.tes.ser.api.KafkaSerdesTester] (Thread-670) Produced 10 messages
2025-07-31 17:05:10,788 INFO  [org.apa.kaf.cli.pro.KafkaProducer] (Thread-670) [Producer clientId=Producer-topic-3f957ed9_341e_4da6_b430_bd780fd8f09b] Closing the Kafka producer with timeoutMillis = 9223372036854775807 ms.
2025-07-31 17:05:10,791 INFO  [org.apa.kaf.com.met.Metrics] (Thread-670) Metrics scheduler closed
2025-07-31 17:05:10,791 INFO  [org.apa.kaf.com.met.Metrics] (Thread-670) Closing reporter org.apache.kafka.common.metrics.JmxReporter
2025-07-31 17:05:10,791 INFO  [org.apa.kaf.com.met.Metrics] (Thread-670) Closing reporter org.apache.kafka.common.telemetry.internals.ClientTelemetryReporter
2025-07-31 17:05:10,791 INFO  [org.apa.kaf.com.met.Metrics] (Thread-670) Metrics reporters closed
2025-07-31 17:05:10,791 INFO  [org.apa.kaf.com.uti.AppInfoParser] (Thread-670) App info kafka.producer for Producer-topic-3f957ed9_341e_4da6_b430_bd780fd8f09b unregistered
**** Registry Base URL: http://registry-app-kafkasql.apps.ci419.apicurio-testing.org:80
2025-07-31 17:05:10,792 INFO  [org.apa.kaf.cli.pro.ProducerConfig] (main) ProducerConfig values: 
	acks = -1
	auto.include.jmx.reporter = true
	batch.size = 16384
	bootstrap.servers = [PLAINTEXT://localhost:32770]
	buffer.memory = 33554432
	client.dns.lookup = use_all_dns_ips
	client.id = Producer-topic-3f957ed9_341e_4da6_b430_bd780fd8f09b
	compression.gzip.level = -1
	compression.lz4.level = 9
	compression.type = none
	compression.zstd.level = 3
	connections.max.idle.ms = 10000
	delivery.timeout.ms = 120000
	enable.idempotence = true
	enable.metrics.push = true
	interceptor.classes = []
	key.serializer = class org.apache.kafka.common.serialization.StringSerializer
	linger.ms = 0
	max.block.ms = 60000
	max.in.flight.requests.per.connection = 5
	max.request.size = 1048576
	metadata.max.age.ms = 300000
	metadata.max.idle.ms = 300000
	metadata.recovery.strategy = none
	metric.reporters = []
	metrics.num.samples = 2
	metrics.recording.level = INFO
	metrics.sample.window.ms = 30000
	partitioner.adaptive.partitioning.enable = true
	partitioner.availability.timeout.ms = 0
	partitioner.class = null
	partitioner.ignore.keys = false
	receive.buffer.bytes = 32768
	reconnect.backoff.max.ms = 1000
	reconnect.backoff.ms = 50
	request.timeout.ms = 5000
	retries = 2147483647
	retry.backoff.max.ms = 1000
	retry.backoff.ms = 100
	sasl.client.callback.handler.class = null
	sasl.jaas.config = null
	sasl.kerberos.kinit.cmd = /usr/bin/kinit
	sasl.kerberos.min.time.before.relogin = 60000
	sasl.kerberos.service.name = null
	sasl.kerberos.ticket.renew.jitter = 0.05
	sasl.kerberos.ticket.renew.window.factor = 0.8
	sasl.login.callback.handler.class = null
	sasl.login.class = null
	sasl.login.connect.timeout.ms = null
	sasl.login.read.timeout.ms = null
	sasl.login.refresh.buffer.seconds = 300
	sasl.login.refresh.min.period.seconds = 60
	sasl.login.refresh.window.factor = 0.8
	sasl.login.refresh.window.jitter = 0.05
	sasl.login.retry.backoff.max.ms = 10000
	sasl.login.retry.backoff.ms = 100
	sasl.mechanism = GSSAPI
	sasl.oauthbearer.clock.skew.seconds = 30
	sasl.oauthbearer.expected.audience = null
	sasl.oauthbearer.expected.issuer = null
	sasl.oauthbearer.header.urlencode = false
	sasl.oauthbearer.jwks.endpoint.refresh.ms = 3600000
	sasl.oauthbearer.jwks.endpoint.retry.backoff.max.ms = 10000
	sasl.oauthbearer.jwks.endpoint.retry.backoff.ms = 100
	sasl.oauthbearer.jwks.endpoint.url = null
	sasl.oauthbearer.scope.claim.name = scope
	sasl.oauthbearer.sub.claim.name = sub
	sasl.oauthbearer.token.endpoint.url = null
	security.protocol = PLAINTEXT
	security.providers = null
	send.buffer.bytes = 131072
	socket.connection.setup.timeout.max.ms = 30000
	socket.connection.setup.timeout.ms = 10000
	ssl.cipher.suites = null
	ssl.enabled.protocols = [TLSv1.2, TLSv1.3]
	ssl.endpoint.identification.algorithm = https
	ssl.engine.factory.class = null
	ssl.key.password = null
	ssl.keymanager.algorithm = SunX509
	ssl.keystore.certificate.chain = null
	ssl.keystore.key = null
	ssl.keystore.location = null
	ssl.keystore.password = null
	ssl.keystore.type = JKS
	ssl.protocol = TLSv1.3
	ssl.provider = null
	ssl.secure.random.implementation = null
	ssl.trustmanager.algorithm = PKIX
	ssl.truststore.certificates = null
	ssl.truststore.location = null
	ssl.truststore.password = null
	ssl.truststore.type = JKS
	transaction.timeout.ms = 60000
	transactional.id = null
	value.serializer = class io.apicurio.registry.serde.avro.AvroKafkaSerializer

2025-07-31 17:05:10,793 INFO  [org.apa.kaf.com.tel.int.KafkaMetricsCollector] (main) initializing Kafka metrics collector
2025-07-31 17:05:10,800 INFO  [org.apa.kaf.cli.pro.KafkaProducer] (main) [Producer clientId=Producer-topic-3f957ed9_341e_4da6_b430_bd780fd8f09b] Instantiated an idempotent producer.
2025-07-31 17:05:10,818 INFO  [org.apa.kaf.cli.pro.ProducerConfig] (main) These configurations '[apicurio.registry.url, apicurio.registry.artifact-resolver-strategy]' were supplied but are not used yet.
2025-07-31 17:05:10,818 INFO  [org.apa.kaf.com.uti.AppInfoParser] (main) Kafka version: 3.9.1
2025-07-31 17:05:10,818 INFO  [org.apa.kaf.com.uti.AppInfoParser] (main) Kafka commitId: f745dfdcee2b9851
2025-07-31 17:05:10,818 INFO  [org.apa.kaf.com.uti.AppInfoParser] (main) Kafka startTimeMs: 1753981510818
2025-07-31 17:05:10,821 INFO  [io.api.tes.ser.api.KafkaSerdesTester] (Thread-673) Sending message {"key11753981507936": "value-0"} to topic topic-3f957ed9_341e_4da6_b430_bd780fd8f09b
2025-07-31 17:05:10,830 INFO  [org.apa.kaf.cli.Metadata] (kafka-producer-network-thread | Producer-topic-3f957ed9_341e_4da6_b430_bd780fd8f09b) [Producer clientId=Producer-topic-3f957ed9_341e_4da6_b430_bd780fd8f09b] Cluster ID: WpqyxNU-RHKB_ermmfvksw
2025-07-31 17:05:10,830 INFO  [DefaultSchemaResolver] (Thread-673) Retrieving schema content using string: {"type":"record","name":"s456b54b5x10fax4e1dx9ce9xe441206795da","namespace":"ns_6d57e9bc_d872_4519_80cd_5ab452234c49","fields":[{"name":"key11753981507936","type":"string"}]}
2025-07-31 17:05:10,832 INFO  [org.apa.kaf.cli.pro.int.TransactionManager] (kafka-producer-network-thread | Producer-topic-3f957ed9_341e_4da6_b430_bd780fd8f09b) [Producer clientId=Producer-topic-3f957ed9_341e_4da6_b430_bd780fd8f09b] ProducerId set to 14 with epoch 0
2025-07-31 17:05:10,876 INFO  [io.api.tes.ser.api.KafkaSerdesTester] (Thread-673) Sending message {"key11753981507936": "value-1"} to topic topic-3f957ed9_341e_4da6_b430_bd780fd8f09b
2025-07-31 17:05:10,880 INFO  [io.api.tes.ser.api.KafkaSerdesTester] (Thread-673) Sending message {"key11753981507936": "value-2"} to topic topic-3f957ed9_341e_4da6_b430_bd780fd8f09b
2025-07-31 17:05:10,886 INFO  [io.api.tes.ser.api.KafkaSerdesTester] (Thread-673) Sending message {"key11753981507936": "value-3"} to topic topic-3f957ed9_341e_4da6_b430_bd780fd8f09b
2025-07-31 17:05:10,889 INFO  [io.api.tes.ser.api.KafkaSerdesTester] (Thread-673) Sending message {"key11753981507936": "value-4"} to topic topic-3f957ed9_341e_4da6_b430_bd780fd8f09b
2025-07-31 17:05:10,891 INFO  [io.api.tes.ser.api.KafkaSerdesTester] (Thread-673) Sending message {"key11753981507936": "value-5"} to topic topic-3f957ed9_341e_4da6_b430_bd780fd8f09b
2025-07-31 17:05:10,895 INFO  [io.api.tes.ser.api.KafkaSerdesTester] (Thread-673) Sending message {"key11753981507936": "value-6"} to topic topic-3f957ed9_341e_4da6_b430_bd780fd8f09b
2025-07-31 17:05:10,896 INFO  [io.api.tes.ser.api.KafkaSerdesTester] (Thread-673) Sending message {"key11753981507936": "value-7"} to topic topic-3f957ed9_341e_4da6_b430_bd780fd8f09b
2025-07-31 17:05:10,898 INFO  [io.api.tes.ser.api.KafkaSerdesTester] (Thread-673) Sending message {"key11753981507936": "value-8"} to topic topic-3f957ed9_341e_4da6_b430_bd780fd8f09b
2025-07-31 17:05:10,900 INFO  [io.api.tes.ser.api.KafkaSerdesTester] (Thread-673) Sending message {"key11753981507936": "value-9"} to topic topic-3f957ed9_341e_4da6_b430_bd780fd8f09b
2025-07-31 17:05:10,902 INFO  [io.api.tes.ser.api.KafkaSerdesTester] (Thread-673) Produced 10 messages
2025-07-31 17:05:10,902 INFO  [org.apa.kaf.cli.pro.KafkaProducer] (Thread-673) [Producer clientId=Producer-topic-3f957ed9_341e_4da6_b430_bd780fd8f09b] Closing the Kafka producer with timeoutMillis = 9223372036854775807 ms.
2025-07-31 17:05:10,905 INFO  [org.apa.kaf.com.met.Metrics] (Thread-673) Metrics scheduler closed
2025-07-31 17:05:10,905 INFO  [org.apa.kaf.com.met.Metrics] (Thread-673) Closing reporter org.apache.kafka.common.metrics.JmxReporter
2025-07-31 17:05:10,905 INFO  [org.apa.kaf.com.met.Metrics] (Thread-673) Closing reporter org.apache.kafka.common.telemetry.internals.ClientTelemetryReporter
2025-07-31 17:05:10,905 INFO  [org.apa.kaf.com.met.Metrics] (Thread-673) Metrics reporters closed
2025-07-31 17:05:10,905 INFO  [org.apa.kaf.com.uti.AppInfoParser] (Thread-673) App info kafka.producer for Producer-topic-3f957ed9_341e_4da6_b430_bd780fd8f09b unregistered
**** Registry Base URL: http://registry-app-kafkasql.apps.ci419.apicurio-testing.org:80
2025-07-31 17:05:10,906 INFO  [org.apa.kaf.cli.con.ConsumerConfig] (main) ConsumerConfig values: 
	allow.auto.create.topics = true
	auto.commit.interval.ms = 500
	auto.include.jmx.reporter = true
	auto.offset.reset = earliest
	bootstrap.servers = [PLAINTEXT://localhost:32770]
	check.crcs = true
	client.dns.lookup = use_all_dns_ips
	client.id = consumer-Consumer-topic-3f957ed9_341e_4da6_b430_bd780fd8f09b-11
	client.rack = 
	connections.max.idle.ms = 10000
	default.api.timeout.ms = 60000
	enable.auto.commit = true
	enable.metrics.push = true
	exclude.internal.topics = true
	fetch.max.bytes = 52428800
	fetch.max.wait.ms = 500
	fetch.min.bytes = 1
	group.id = Consumer-topic-3f957ed9_341e_4da6_b430_bd780fd8f09b
	group.instance.id = null
	group.protocol = classic
	group.remote.assignor = null
	heartbeat.interval.ms = 3000
	interceptor.classes = []
	internal.leave.group.on.close = true
	internal.throw.on.fetch.stable.offset.unsupported = false
	isolation.level = read_uncommitted
	key.deserializer = class org.apache.kafka.common.serialization.StringDeserializer
	max.partition.fetch.bytes = 1048576
	max.poll.interval.ms = 300000
	max.poll.records = 500
	metadata.max.age.ms = 300000
	metadata.recovery.strategy = none
	metric.reporters = []
	metrics.num.samples = 2
	metrics.recording.level = INFO
	metrics.sample.window.ms = 30000
	partition.assignment.strategy = [class org.apache.kafka.clients.consumer.RangeAssignor, class org.apache.kafka.clients.consumer.CooperativeStickyAssignor]
	receive.buffer.bytes = 65536
	reconnect.backoff.max.ms = 1000
	reconnect.backoff.ms = 50
	request.timeout.ms = 5000
	retry.backoff.max.ms = 1000
	retry.backoff.ms = 100
	sasl.client.callback.handler.class = null
	sasl.jaas.config = null
	sasl.kerberos.kinit.cmd = /usr/bin/kinit
	sasl.kerberos.min.time.before.relogin = 60000
	sasl.kerberos.service.name = null
	sasl.kerberos.ticket.renew.jitter = 0.05
	sasl.kerberos.ticket.renew.window.factor = 0.8
	sasl.login.callback.handler.class = null
	sasl.login.class = null
	sasl.login.connect.timeout.ms = null
	sasl.login.read.timeout.ms = null
	sasl.login.refresh.buffer.seconds = 300
	sasl.login.refresh.min.period.seconds = 60
	sasl.login.refresh.window.factor = 0.8
	sasl.login.refresh.window.jitter = 0.05
	sasl.login.retry.backoff.max.ms = 10000
	sasl.login.retry.backoff.ms = 100
	sasl.mechanism = GSSAPI
	sasl.oauthbearer.clock.skew.seconds = 30
	sasl.oauthbearer.expected.audience = null
	sasl.oauthbearer.expected.issuer = null
	sasl.oauthbearer.header.urlencode = false
	sasl.oauthbearer.jwks.endpoint.refresh.ms = 3600000
	sasl.oauthbearer.jwks.endpoint.retry.backoff.max.ms = 10000
	sasl.oauthbearer.jwks.endpoint.retry.backoff.ms = 100
	sasl.oauthbearer.jwks.endpoint.url = null
	sasl.oauthbearer.scope.claim.name = scope
	sasl.oauthbearer.sub.claim.name = sub
	sasl.oauthbearer.token.endpoint.url = null
	security.protocol = PLAINTEXT
	security.providers = null
	send.buffer.bytes = 131072
	session.timeout.ms = 45000
	socket.connection.setup.timeout.max.ms = 30000
	socket.connection.setup.timeout.ms = 10000
	ssl.cipher.suites = null
	ssl.enabled.protocols = [TLSv1.2, TLSv1.3]
	ssl.endpoint.identification.algorithm = https
	ssl.engine.factory.class = null
	ssl.key.password = null
	ssl.keymanager.algorithm = SunX509
	ssl.keystore.certificate.chain = null
	ssl.keystore.key = null
	ssl.keystore.location = null
	ssl.keystore.password = null
	ssl.keystore.type = JKS
	ssl.protocol = TLSv1.3
	ssl.provider = null
	ssl.secure.random.implementation = null
	ssl.trustmanager.algorithm = PKIX
	ssl.truststore.certificates = null
	ssl.truststore.location = null
	ssl.truststore.password = null
	ssl.truststore.type = JKS
	value.deserializer = class io.apicurio.registry.serde.avro.AvroKafkaDeserializer

2025-07-31 17:05:10,906 INFO  [org.apa.kaf.com.tel.int.KafkaMetricsCollector] (main) initializing Kafka metrics collector
2025-07-31 17:05:10,934 INFO  [org.apa.kaf.cli.con.ConsumerConfig] (main) These configurations '[apicurio.registry.url]' were supplied but are not used yet.
2025-07-31 17:05:10,934 INFO  [org.apa.kaf.com.uti.AppInfoParser] (main) Kafka version: 3.9.1
2025-07-31 17:05:10,934 INFO  [org.apa.kaf.com.uti.AppInfoParser] (main) Kafka commitId: f745dfdcee2b9851
2025-07-31 17:05:10,934 INFO  [org.apa.kaf.com.uti.AppInfoParser] (main) Kafka startTimeMs: 1753981510934
2025-07-31 17:05:10,935 INFO  [org.apa.kaf.cli.con.int.ClassicKafkaConsumer] (Thread-676) [Consumer clientId=consumer-Consumer-topic-3f957ed9_341e_4da6_b430_bd780fd8f09b-11, groupId=Consumer-topic-3f957ed9_341e_4da6_b430_bd780fd8f09b] Subscribed to topic(s): topic-3f957ed9_341e_4da6_b430_bd780fd8f09b
2025-07-31 17:05:10,950 INFO  [org.apa.kaf.cli.Metadata] (Thread-676) [Consumer clientId=consumer-Consumer-topic-3f957ed9_341e_4da6_b430_bd780fd8f09b-11, groupId=Consumer-topic-3f957ed9_341e_4da6_b430_bd780fd8f09b] Cluster ID: WpqyxNU-RHKB_ermmfvksw
2025-07-31 17:05:10,950 INFO  [org.apa.kaf.cli.con.int.ConsumerCoordinator] (Thread-676) [Consumer clientId=consumer-Consumer-topic-3f957ed9_341e_4da6_b430_bd780fd8f09b-11, groupId=Consumer-topic-3f957ed9_341e_4da6_b430_bd780fd8f09b] Discovered group coordinator localhost:32770 (id: 2147483647 rack: null)
2025-07-31 17:05:10,957 INFO  [org.apa.kaf.cli.con.int.ConsumerCoordinator] (Thread-676) [Consumer clientId=consumer-Consumer-topic-3f957ed9_341e_4da6_b430_bd780fd8f09b-11, groupId=Consumer-topic-3f957ed9_341e_4da6_b430_bd780fd8f09b] (Re-)joining group
2025-07-31 17:05:10,969 INFO  [org.apa.kaf.cli.con.int.ConsumerCoordinator] (Thread-676) [Consumer clientId=consumer-Consumer-topic-3f957ed9_341e_4da6_b430_bd780fd8f09b-11, groupId=Consumer-topic-3f957ed9_341e_4da6_b430_bd780fd8f09b] Request joining group due to: need to re-join with the given member-id: consumer-Consumer-topic-3f957ed9_341e_4da6_b430_bd780fd8f09b-11-ed400d6c-c189-4fe7-912f-54c219aad078
2025-07-31 17:05:10,969 INFO  [org.apa.kaf.cli.con.int.ConsumerCoordinator] (Thread-676) [Consumer clientId=consumer-Consumer-topic-3f957ed9_341e_4da6_b430_bd780fd8f09b-11, groupId=Consumer-topic-3f957ed9_341e_4da6_b430_bd780fd8f09b] (Re-)joining group
2025-07-31 17:05:10,978 INFO  [org.apa.kaf.cli.con.int.ConsumerCoordinator] (Thread-676) [Consumer clientId=consumer-Consumer-topic-3f957ed9_341e_4da6_b430_bd780fd8f09b-11, groupId=Consumer-topic-3f957ed9_341e_4da6_b430_bd780fd8f09b] Successfully joined group with generation Generation{generationId=3, memberId='consumer-Consumer-topic-3f957ed9_341e_4da6_b430_bd780fd8f09b-11-ed400d6c-c189-4fe7-912f-54c219aad078', protocol='range'}
2025-07-31 17:05:10,978 INFO  [org.apa.kaf.cli.con.int.ConsumerCoordinator] (Thread-676) [Consumer clientId=consumer-Consumer-topic-3f957ed9_341e_4da6_b430_bd780fd8f09b-11, groupId=Consumer-topic-3f957ed9_341e_4da6_b430_bd780fd8f09b] Finished assignment for group at generation 3: {consumer-Consumer-topic-3f957ed9_341e_4da6_b430_bd780fd8f09b-11-ed400d6c-c189-4fe7-912f-54c219aad078=Assignment(partitions=[topic-3f957ed9_341e_4da6_b430_bd780fd8f09b-0])}
2025-07-31 17:05:10,989 INFO  [org.apa.kaf.cli.con.int.ConsumerCoordinator] (Thread-676) [Consumer clientId=consumer-Consumer-topic-3f957ed9_341e_4da6_b430_bd780fd8f09b-11, groupId=Consumer-topic-3f957ed9_341e_4da6_b430_bd780fd8f09b] Successfully synced group in generation Generation{generationId=3, memberId='consumer-Consumer-topic-3f957ed9_341e_4da6_b430_bd780fd8f09b-11-ed400d6c-c189-4fe7-912f-54c219aad078', protocol='range'}
2025-07-31 17:05:10,989 INFO  [org.apa.kaf.cli.con.int.ConsumerCoordinator] (Thread-676) [Consumer clientId=consumer-Consumer-topic-3f957ed9_341e_4da6_b430_bd780fd8f09b-11, groupId=Consumer-topic-3f957ed9_341e_4da6_b430_bd780fd8f09b] Notifying assignor about the new Assignment(partitions=[topic-3f957ed9_341e_4da6_b430_bd780fd8f09b-0])
2025-07-31 17:05:10,989 INFO  [org.apa.kaf.cli.con.int.ConsumerRebalanceListenerInvoker] (Thread-676) [Consumer clientId=consumer-Consumer-topic-3f957ed9_341e_4da6_b430_bd780fd8f09b-11, groupId=Consumer-topic-3f957ed9_341e_4da6_b430_bd780fd8f09b] Adding newly assigned partitions: topic-3f957ed9_341e_4da6_b430_bd780fd8f09b-0
2025-07-31 17:05:10,991 INFO  [org.apa.kaf.cli.con.int.ConsumerUtils] (Thread-676) Setting offset for partition topic-3f957ed9_341e_4da6_b430_bd780fd8f09b-0 to the committed offset FetchPosition{offset=10, offsetEpoch=Optional[0], currentLeader=LeaderAndEpoch{leader=Optional[localhost:32770 (id: 0 rack: null)], epoch=0}}
2025-07-31 17:05:11,104 INFO  [io.api.tes.ser.api.KafkaSerdesTester] (Thread-676) topic-3f957ed9_341e_4da6_b430_bd780fd8f09b 0 10 {"key11753981507936": "value-0", "key21753981509658": "value-0"}
2025-07-31 17:05:11,104 INFO  [io.api.tes.ser.api.KafkaSerdesTester] (Thread-676) topic-3f957ed9_341e_4da6_b430_bd780fd8f09b 0 11 {"key11753981507936": "value-1", "key21753981509658": "value-1"}
2025-07-31 17:05:11,104 INFO  [io.api.tes.ser.api.KafkaSerdesTester] (Thread-676) topic-3f957ed9_341e_4da6_b430_bd780fd8f09b 0 12 {"key11753981507936": "value-2", "key21753981509658": "value-2"}
2025-07-31 17:05:11,104 INFO  [io.api.tes.ser.api.KafkaSerdesTester] (Thread-676) topic-3f957ed9_341e_4da6_b430_bd780fd8f09b 0 13 {"key11753981507936": "value-3", "key21753981509658": "value-3"}
2025-07-31 17:05:11,104 INFO  [io.api.tes.ser.api.KafkaSerdesTester] (Thread-676) topic-3f957ed9_341e_4da6_b430_bd780fd8f09b 0 14 {"key11753981507936": "value-4", "key21753981509658": "value-4"}
2025-07-31 17:05:11,104 INFO  [io.api.tes.ser.api.KafkaSerdesTester] (Thread-676) topic-3f957ed9_341e_4da6_b430_bd780fd8f09b 0 15 {"key11753981507936": "value-5", "key21753981509658": "value-5"}
2025-07-31 17:05:11,104 INFO  [io.api.tes.ser.api.KafkaSerdesTester] (Thread-676) topic-3f957ed9_341e_4da6_b430_bd780fd8f09b 0 16 {"key11753981507936": "value-6", "key21753981509658": "value-6"}
2025-07-31 17:05:11,104 INFO  [io.api.tes.ser.api.KafkaSerdesTester] (Thread-676) topic-3f957ed9_341e_4da6_b430_bd780fd8f09b 0 17 {"key11753981507936": "value-7", "key21753981509658": "value-7"}
2025-07-31 17:05:11,104 INFO  [io.api.tes.ser.api.KafkaSerdesTester] (Thread-676) topic-3f957ed9_341e_4da6_b430_bd780fd8f09b 0 18 {"key11753981507936": "value-8", "key21753981509658": "value-8"}
2025-07-31 17:05:11,104 INFO  [io.api.tes.ser.api.KafkaSerdesTester] (Thread-676) topic-3f957ed9_341e_4da6_b430_bd780fd8f09b 0 19 {"key11753981507936": "value-9", "key21753981509658": "value-9"}
2025-07-31 17:05:11,104 INFO  [io.api.tes.ser.api.KafkaSerdesTester] (Thread-676) topic-3f957ed9_341e_4da6_b430_bd780fd8f09b 0 20 {"key11753981507936": "value-0"}
2025-07-31 17:05:11,104 INFO  [io.api.tes.ser.api.KafkaSerdesTester] (Thread-676) topic-3f957ed9_341e_4da6_b430_bd780fd8f09b 0 21 {"key11753981507936": "value-1"}
2025-07-31 17:05:11,104 INFO  [io.api.tes.ser.api.KafkaSerdesTester] (Thread-676) topic-3f957ed9_341e_4da6_b430_bd780fd8f09b 0 22 {"key11753981507936": "value-2"}
2025-07-31 17:05:11,104 INFO  [io.api.tes.ser.api.KafkaSerdesTester] (Thread-676) topic-3f957ed9_341e_4da6_b430_bd780fd8f09b 0 23 {"key11753981507936": "value-3"}
2025-07-31 17:05:11,104 INFO  [io.api.tes.ser.api.KafkaSerdesTester] (Thread-676) topic-3f957ed9_341e_4da6_b430_bd780fd8f09b 0 24 {"key11753981507936": "value-4"}
2025-07-31 17:05:11,104 INFO  [io.api.tes.ser.api.KafkaSerdesTester] (Thread-676) topic-3f957ed9_341e_4da6_b430_bd780fd8f09b 0 25 {"key11753981507936": "value-5"}
2025-07-31 17:05:11,104 INFO  [io.api.tes.ser.api.KafkaSerdesTester] (Thread-676) topic-3f957ed9_341e_4da6_b430_bd780fd8f09b 0 26 {"key11753981507936": "value-6"}
2025-07-31 17:05:11,104 INFO  [io.api.tes.ser.api.KafkaSerdesTester] (Thread-676) topic-3f957ed9_341e_4da6_b430_bd780fd8f09b 0 27 {"key11753981507936": "value-7"}
2025-07-31 17:05:11,104 INFO  [io.api.tes.ser.api.KafkaSerdesTester] (Thread-676) topic-3f957ed9_341e_4da6_b430_bd780fd8f09b 0 28 {"key11753981507936": "value-8"}
2025-07-31 17:05:11,105 INFO  [io.api.tes.ser.api.KafkaSerdesTester] (Thread-676) topic-3f957ed9_341e_4da6_b430_bd780fd8f09b 0 29 {"key11753981507936": "value-9"}
2025-07-31 17:05:11,105 INFO  [io.api.tes.ser.api.KafkaSerdesTester] (Thread-676) Consumed 20 messages
2025-07-31 17:05:11,108 INFO  [org.apa.kaf.cli.con.int.ConsumerRebalanceListenerInvoker] (Thread-676) [Consumer clientId=consumer-Consumer-topic-3f957ed9_341e_4da6_b430_bd780fd8f09b-11, groupId=Consumer-topic-3f957ed9_341e_4da6_b430_bd780fd8f09b] Revoke previously assigned partitions topic-3f957ed9_341e_4da6_b430_bd780fd8f09b-0
2025-07-31 17:05:11,108 INFO  [org.apa.kaf.cli.con.int.ConsumerCoordinator] (Thread-676) [Consumer clientId=consumer-Consumer-topic-3f957ed9_341e_4da6_b430_bd780fd8f09b-11, groupId=Consumer-topic-3f957ed9_341e_4da6_b430_bd780fd8f09b] Member consumer-Consumer-topic-3f957ed9_341e_4da6_b430_bd780fd8f09b-11-ed400d6c-c189-4fe7-912f-54c219aad078 sending LeaveGroup request to coordinator localhost:32770 (id: 2147483647 rack: null) due to the consumer is being closed
2025-07-31 17:05:11,109 INFO  [org.apa.kaf.cli.con.int.ConsumerCoordinator] (Thread-676) [Consumer clientId=consumer-Consumer-topic-3f957ed9_341e_4da6_b430_bd780fd8f09b-11, groupId=Consumer-topic-3f957ed9_341e_4da6_b430_bd780fd8f09b] Resetting generation and member id due to: consumer pro-actively leaving the group
2025-07-31 17:05:11,109 INFO  [org.apa.kaf.cli.con.int.ConsumerCoordinator] (Thread-676) [Consumer clientId=consumer-Consumer-topic-3f957ed9_341e_4da6_b430_bd780fd8f09b-11, groupId=Consumer-topic-3f957ed9_341e_4da6_b430_bd780fd8f09b] Request joining group due to: consumer pro-actively leaving the group
2025-07-31 17:05:11,604 INFO  [org.apa.kaf.com.met.Metrics] (Thread-676) Metrics scheduler closed
2025-07-31 17:05:11,604 INFO  [org.apa.kaf.com.met.Metrics] (Thread-676) Closing reporter org.apache.kafka.common.metrics.JmxReporter
2025-07-31 17:05:11,604 INFO  [org.apa.kaf.com.met.Metrics] (Thread-676) Closing reporter org.apache.kafka.common.telemetry.internals.ClientTelemetryReporter
2025-07-31 17:05:11,604 INFO  [org.apa.kaf.com.met.Metrics] (Thread-676) Metrics reporters closed
2025-07-31 17:05:11,617 INFO  [org.apa.kaf.com.uti.AppInfoParser] (Thread-676) App info kafka.consumer for consumer-Consumer-topic-3f957ed9_341e_4da6_b430_bd780fd8f09b-11 unregistered
2025-07-31 17:05:11,617 INFO  [io.api.tes.ser.api.AvroSerdeIT] (main) Registering Avro Schema 3: {"type":"record","name":"s456b54b5x10fax4e1dx9ce9xe441206795da","namespace":"ns_6d57e9bc_d872_4519_80cd_5ab452234c49","fields":[{"name":"key11753981507936","type":"string"},{"name":"key21753981509658","type":"string"},{"name":"key31753981511617","type":"string"}]}
**** Registry Base URL: http://registry-app-kafkasql.apps.ci419.apicurio-testing.org:80
2025-07-31 17:05:12,684 INFO  [org.apa.kaf.cli.pro.ProducerConfig] (main) ProducerConfig values: 
	acks = -1
	auto.include.jmx.reporter = true
	batch.size = 16384
	bootstrap.servers = [PLAINTEXT://localhost:32770]
	buffer.memory = 33554432
	client.dns.lookup = use_all_dns_ips
	client.id = Producer-topic-3f957ed9_341e_4da6_b430_bd780fd8f09b
	compression.gzip.level = -1
	compression.lz4.level = 9
	compression.type = none
	compression.zstd.level = 3
	connections.max.idle.ms = 10000
	delivery.timeout.ms = 120000
	enable.idempotence = true
	enable.metrics.push = true
	interceptor.classes = []
	key.serializer = class org.apache.kafka.common.serialization.StringSerializer
	linger.ms = 0
	max.block.ms = 60000
	max.in.flight.requests.per.connection = 5
	max.request.size = 1048576
	metadata.max.age.ms = 300000
	metadata.max.idle.ms = 300000
	metadata.recovery.strategy = none
	metric.reporters = []
	metrics.num.samples = 2
	metrics.recording.level = INFO
	metrics.sample.window.ms = 30000
	partitioner.adaptive.partitioning.enable = true
	partitioner.availability.timeout.ms = 0
	partitioner.class = null
	partitioner.ignore.keys = false
	receive.buffer.bytes = 32768
	reconnect.backoff.max.ms = 1000
	reconnect.backoff.ms = 50
	request.timeout.ms = 5000
	retries = 2147483647
	retry.backoff.max.ms = 1000
	retry.backoff.ms = 100
	sasl.client.callback.handler.class = null
	sasl.jaas.config = null
	sasl.kerberos.kinit.cmd = /usr/bin/kinit
	sasl.kerberos.min.time.before.relogin = 60000
	sasl.kerberos.service.name = null
	sasl.kerberos.ticket.renew.jitter = 0.05
	sasl.kerberos.ticket.renew.window.factor = 0.8
	sasl.login.callback.handler.class = null
	sasl.login.class = null
	sasl.login.connect.timeout.ms = null
	sasl.login.read.timeout.ms = null
	sasl.login.refresh.buffer.seconds = 300
	sasl.login.refresh.min.period.seconds = 60
	sasl.login.refresh.window.factor = 0.8
	sasl.login.refresh.window.jitter = 0.05
	sasl.login.retry.backoff.max.ms = 10000
	sasl.login.retry.backoff.ms = 100
	sasl.mechanism = GSSAPI
	sasl.oauthbearer.clock.skew.seconds = 30
	sasl.oauthbearer.expected.audience = null
	sasl.oauthbearer.expected.issuer = null
	sasl.oauthbearer.header.urlencode = false
	sasl.oauthbearer.jwks.endpoint.refresh.ms = 3600000
	sasl.oauthbearer.jwks.endpoint.retry.backoff.max.ms = 10000
	sasl.oauthbearer.jwks.endpoint.retry.backoff.ms = 100
	sasl.oauthbearer.jwks.endpoint.url = null
	sasl.oauthbearer.scope.claim.name = scope
	sasl.oauthbearer.sub.claim.name = sub
	sasl.oauthbearer.token.endpoint.url = null
	security.protocol = PLAINTEXT
	security.providers = null
	send.buffer.bytes = 131072
	socket.connection.setup.timeout.max.ms = 30000
	socket.connection.setup.timeout.ms = 10000
	ssl.cipher.suites = null
	ssl.enabled.protocols = [TLSv1.2, TLSv1.3]
	ssl.endpoint.identification.algorithm = https
	ssl.engine.factory.class = null
	ssl.key.password = null
	ssl.keymanager.algorithm = SunX509
	ssl.keystore.certificate.chain = null
	ssl.keystore.key = null
	ssl.keystore.location = null
	ssl.keystore.password = null
	ssl.keystore.type = JKS
	ssl.protocol = TLSv1.3
	ssl.provider = null
	ssl.secure.random.implementation = null
	ssl.trustmanager.algorithm = PKIX
	ssl.truststore.certificates = null
	ssl.truststore.location = null
	ssl.truststore.password = null
	ssl.truststore.type = JKS
	transaction.timeout.ms = 60000
	transactional.id = null
	value.serializer = class io.apicurio.registry.serde.avro.AvroKafkaSerializer

2025-07-31 17:05:12,684 INFO  [org.apa.kaf.com.tel.int.KafkaMetricsCollector] (main) initializing Kafka metrics collector
2025-07-31 17:05:12,688 INFO  [org.apa.kaf.cli.pro.KafkaProducer] (main) [Producer clientId=Producer-topic-3f957ed9_341e_4da6_b430_bd780fd8f09b] Instantiated an idempotent producer.
2025-07-31 17:05:12,690 INFO  [org.apa.kaf.cli.pro.ProducerConfig] (main) These configurations '[apicurio.registry.url, apicurio.registry.artifact-resolver-strategy]' were supplied but are not used yet.
2025-07-31 17:05:12,690 INFO  [org.apa.kaf.com.uti.AppInfoParser] (main) Kafka version: 3.9.1
2025-07-31 17:05:12,690 INFO  [org.apa.kaf.com.uti.AppInfoParser] (main) Kafka commitId: f745dfdcee2b9851
2025-07-31 17:05:12,690 INFO  [org.apa.kaf.com.uti.AppInfoParser] (main) Kafka startTimeMs: 1753981512690
2025-07-31 17:05:12,690 INFO  [io.api.tes.ser.api.KafkaSerdesTester] (Thread-679) Sending message {"key11753981507936": "value-0", "key21753981509658": "value-0", "key31753981511617": "value-0"} to topic topic-3f957ed9_341e_4da6_b430_bd780fd8f09b
2025-07-31 17:05:12,694 INFO  [org.apa.kaf.cli.Metadata] (kafka-producer-network-thread | Producer-topic-3f957ed9_341e_4da6_b430_bd780fd8f09b) [Producer clientId=Producer-topic-3f957ed9_341e_4da6_b430_bd780fd8f09b] Cluster ID: WpqyxNU-RHKB_ermmfvksw
2025-07-31 17:05:12,694 INFO  [org.apa.kaf.cli.pro.int.TransactionManager] (kafka-producer-network-thread | Producer-topic-3f957ed9_341e_4da6_b430_bd780fd8f09b) [Producer clientId=Producer-topic-3f957ed9_341e_4da6_b430_bd780fd8f09b] ProducerId set to 15 with epoch 0
2025-07-31 17:05:12,694 INFO  [DefaultSchemaResolver] (Thread-679) Retrieving schema content using string: {"type":"record","name":"s456b54b5x10fax4e1dx9ce9xe441206795da","namespace":"ns_6d57e9bc_d872_4519_80cd_5ab452234c49","fields":[{"name":"key11753981507936","type":"string"},{"name":"key21753981509658","type":"string"},{"name":"key31753981511617","type":"string"}]}
2025-07-31 17:05:12,726 INFO  [io.api.tes.ser.api.KafkaSerdesTester] (Thread-679) Sending message {"key11753981507936": "value-1", "key21753981509658": "value-1", "key31753981511617": "value-1"} to topic topic-3f957ed9_341e_4da6_b430_bd780fd8f09b
2025-07-31 17:05:12,727 INFO  [io.api.tes.ser.api.KafkaSerdesTester] (Thread-679) Sending message {"key11753981507936": "value-2", "key21753981509658": "value-2", "key31753981511617": "value-2"} to topic topic-3f957ed9_341e_4da6_b430_bd780fd8f09b
2025-07-31 17:05:12,729 INFO  [io.api.tes.ser.api.KafkaSerdesTester] (Thread-679) Sending message {"key11753981507936": "value-3", "key21753981509658": "value-3", "key31753981511617": "value-3"} to topic topic-3f957ed9_341e_4da6_b430_bd780fd8f09b
2025-07-31 17:05:12,730 INFO  [io.api.tes.ser.api.KafkaSerdesTester] (Thread-679) Sending message {"key11753981507936": "value-4", "key21753981509658": "value-4", "key31753981511617": "value-4"} to topic topic-3f957ed9_341e_4da6_b430_bd780fd8f09b
2025-07-31 17:05:12,731 INFO  [io.api.tes.ser.api.KafkaSerdesTester] (Thread-679) Sending message {"key11753981507936": "value-5", "key21753981509658": "value-5", "key31753981511617": "value-5"} to topic topic-3f957ed9_341e_4da6_b430_bd780fd8f09b
2025-07-31 17:05:12,733 INFO  [io.api.tes.ser.api.KafkaSerdesTester] (Thread-679) Sending message {"key11753981507936": "value-6", "key21753981509658": "value-6", "key31753981511617": "value-6"} to topic topic-3f957ed9_341e_4da6_b430_bd780fd8f09b
2025-07-31 17:05:12,734 INFO  [io.api.tes.ser.api.KafkaSerdesTester] (Thread-679) Sending message {"key11753981507936": "value-7", "key21753981509658": "value-7", "key31753981511617": "value-7"} to topic topic-3f957ed9_341e_4da6_b430_bd780fd8f09b
2025-07-31 17:05:12,736 INFO  [io.api.tes.ser.api.KafkaSerdesTester] (Thread-679) Sending message {"key11753981507936": "value-8", "key21753981509658": "value-8", "key31753981511617": "value-8"} to topic topic-3f957ed9_341e_4da6_b430_bd780fd8f09b
2025-07-31 17:05:12,739 INFO  [io.api.tes.ser.api.KafkaSerdesTester] (Thread-679) Sending message {"key11753981507936": "value-9", "key21753981509658": "value-9", "key31753981511617": "value-9"} to topic topic-3f957ed9_341e_4da6_b430_bd780fd8f09b
2025-07-31 17:05:12,740 INFO  [io.api.tes.ser.api.KafkaSerdesTester] (Thread-679) Produced 10 messages
2025-07-31 17:05:12,740 INFO  [org.apa.kaf.cli.pro.KafkaProducer] (Thread-679) [Producer clientId=Producer-topic-3f957ed9_341e_4da6_b430_bd780fd8f09b] Closing the Kafka producer with timeoutMillis = 9223372036854775807 ms.
2025-07-31 17:05:12,745 INFO  [org.apa.kaf.com.met.Metrics] (Thread-679) Metrics scheduler closed
2025-07-31 17:05:12,745 INFO  [org.apa.kaf.com.met.Metrics] (Thread-679) Closing reporter org.apache.kafka.common.metrics.JmxReporter
2025-07-31 17:05:12,745 INFO  [org.apa.kaf.com.met.Metrics] (Thread-679) Closing reporter org.apache.kafka.common.telemetry.internals.ClientTelemetryReporter
2025-07-31 17:05:12,745 INFO  [org.apa.kaf.com.met.Metrics] (Thread-679) Metrics reporters closed
2025-07-31 17:05:12,745 INFO  [org.apa.kaf.com.uti.AppInfoParser] (Thread-679) App info kafka.producer for Producer-topic-3f957ed9_341e_4da6_b430_bd780fd8f09b unregistered
**** Registry Base URL: http://registry-app-kafkasql.apps.ci419.apicurio-testing.org:80
2025-07-31 17:05:12,751 INFO  [org.apa.kaf.cli.pro.ProducerConfig] (main) ProducerConfig values: 
	acks = -1
	auto.include.jmx.reporter = true
	batch.size = 16384
	bootstrap.servers = [PLAINTEXT://localhost:32770]
	buffer.memory = 33554432
	client.dns.lookup = use_all_dns_ips
	client.id = Producer-topic-3f957ed9_341e_4da6_b430_bd780fd8f09b
	compression.gzip.level = -1
	compression.lz4.level = 9
	compression.type = none
	compression.zstd.level = 3
	connections.max.idle.ms = 10000
	delivery.timeout.ms = 120000
	enable.idempotence = true
	enable.metrics.push = true
	interceptor.classes = []
	key.serializer = class org.apache.kafka.common.serialization.StringSerializer
	linger.ms = 0
	max.block.ms = 60000
	max.in.flight.requests.per.connection = 5
	max.request.size = 1048576
	metadata.max.age.ms = 300000
	metadata.max.idle.ms = 300000
	metadata.recovery.strategy = none
	metric.reporters = []
	metrics.num.samples = 2
	metrics.recording.level = INFO
	metrics.sample.window.ms = 30000
	partitioner.adaptive.partitioning.enable = true
	partitioner.availability.timeout.ms = 0
	partitioner.class = null
	partitioner.ignore.keys = false
	receive.buffer.bytes = 32768
	reconnect.backoff.max.ms = 1000
	reconnect.backoff.ms = 50
	request.timeout.ms = 5000
	retries = 2147483647
	retry.backoff.max.ms = 1000
	retry.backoff.ms = 100
	sasl.client.callback.handler.class = null
	sasl.jaas.config = null
	sasl.kerberos.kinit.cmd = /usr/bin/kinit
	sasl.kerberos.min.time.before.relogin = 60000
	sasl.kerberos.service.name = null
	sasl.kerberos.ticket.renew.jitter = 0.05
	sasl.kerberos.ticket.renew.window.factor = 0.8
	sasl.login.callback.handler.class = null
	sasl.login.class = null
	sasl.login.connect.timeout.ms = null
	sasl.login.read.timeout.ms = null
	sasl.login.refresh.buffer.seconds = 300
	sasl.login.refresh.min.period.seconds = 60
	sasl.login.refresh.window.factor = 0.8
	sasl.login.refresh.window.jitter = 0.05
	sasl.login.retry.backoff.max.ms = 10000
	sasl.login.retry.backoff.ms = 100
	sasl.mechanism = GSSAPI
	sasl.oauthbearer.clock.skew.seconds = 30
	sasl.oauthbearer.expected.audience = null
	sasl.oauthbearer.expected.issuer = null
	sasl.oauthbearer.header.urlencode = false
	sasl.oauthbearer.jwks.endpoint.refresh.ms = 3600000
	sasl.oauthbearer.jwks.endpoint.retry.backoff.max.ms = 10000
	sasl.oauthbearer.jwks.endpoint.retry.backoff.ms = 100
	sasl.oauthbearer.jwks.endpoint.url = null
	sasl.oauthbearer.scope.claim.name = scope
	sasl.oauthbearer.sub.claim.name = sub
	sasl.oauthbearer.token.endpoint.url = null
	security.protocol = PLAINTEXT
	security.providers = null
	send.buffer.bytes = 131072
	socket.connection.setup.timeout.max.ms = 30000
	socket.connection.setup.timeout.ms = 10000
	ssl.cipher.suites = null
	ssl.enabled.protocols = [TLSv1.2, TLSv1.3]
	ssl.endpoint.identification.algorithm = https
	ssl.engine.factory.class = null
	ssl.key.password = null
	ssl.keymanager.algorithm = SunX509
	ssl.keystore.certificate.chain = null
	ssl.keystore.key = null
	ssl.keystore.location = null
	ssl.keystore.password = null
	ssl.keystore.type = JKS
	ssl.protocol = TLSv1.3
	ssl.provider = null
	ssl.secure.random.implementation = null
	ssl.trustmanager.algorithm = PKIX
	ssl.truststore.certificates = null
	ssl.truststore.location = null
	ssl.truststore.password = null
	ssl.truststore.type = JKS
	transaction.timeout.ms = 60000
	transactional.id = null
	value.serializer = class io.apicurio.registry.serde.avro.AvroKafkaSerializer

2025-07-31 17:05:12,751 INFO  [org.apa.kaf.com.tel.int.KafkaMetricsCollector] (main) initializing Kafka metrics collector
2025-07-31 17:05:12,758 INFO  [org.apa.kaf.cli.pro.KafkaProducer] (main) [Producer clientId=Producer-topic-3f957ed9_341e_4da6_b430_bd780fd8f09b] Instantiated an idempotent producer.
2025-07-31 17:05:12,761 INFO  [org.apa.kaf.cli.pro.ProducerConfig] (main) These configurations '[apicurio.registry.url, apicurio.registry.artifact-resolver-strategy]' were supplied but are not used yet.
2025-07-31 17:05:12,761 INFO  [org.apa.kaf.com.uti.AppInfoParser] (main) Kafka version: 3.9.1
2025-07-31 17:05:12,761 INFO  [org.apa.kaf.com.uti.AppInfoParser] (main) Kafka commitId: f745dfdcee2b9851
2025-07-31 17:05:12,761 INFO  [org.apa.kaf.com.uti.AppInfoParser] (main) Kafka startTimeMs: 1753981512761
2025-07-31 17:05:12,763 INFO  [io.api.tes.ser.api.KafkaSerdesTester] (Thread-682) Sending message {"key11753981507936": "value-0", "key21753981509658": "value-0"} to topic topic-3f957ed9_341e_4da6_b430_bd780fd8f09b
2025-07-31 17:05:12,766 INFO  [org.apa.kaf.cli.Metadata] (kafka-producer-network-thread | Producer-topic-3f957ed9_341e_4da6_b430_bd780fd8f09b) [Producer clientId=Producer-topic-3f957ed9_341e_4da6_b430_bd780fd8f09b] Cluster ID: WpqyxNU-RHKB_ermmfvksw
2025-07-31 17:05:12,766 INFO  [DefaultSchemaResolver] (Thread-682) Retrieving schema content using string: {"type":"record","name":"s456b54b5x10fax4e1dx9ce9xe441206795da","namespace":"ns_6d57e9bc_d872_4519_80cd_5ab452234c49","fields":[{"name":"key11753981507936","type":"string"},{"name":"key21753981509658","type":"string"}]}
2025-07-31 17:05:12,769 INFO  [org.apa.kaf.cli.pro.int.TransactionManager] (kafka-producer-network-thread | Producer-topic-3f957ed9_341e_4da6_b430_bd780fd8f09b) [Producer clientId=Producer-topic-3f957ed9_341e_4da6_b430_bd780fd8f09b] ProducerId set to 16 with epoch 0
2025-07-31 17:05:12,799 INFO  [io.api.tes.ser.api.KafkaSerdesTester] (Thread-682) Sending message {"key11753981507936": "value-1", "key21753981509658": "value-1"} to topic topic-3f957ed9_341e_4da6_b430_bd780fd8f09b
2025-07-31 17:05:12,801 INFO  [io.api.tes.ser.api.KafkaSerdesTester] (Thread-682) Sending message {"key11753981507936": "value-2", "key21753981509658": "value-2"} to topic topic-3f957ed9_341e_4da6_b430_bd780fd8f09b
2025-07-31 17:05:12,803 INFO  [io.api.tes.ser.api.KafkaSerdesTester] (Thread-682) Sending message {"key11753981507936": "value-3", "key21753981509658": "value-3"} to topic topic-3f957ed9_341e_4da6_b430_bd780fd8f09b
2025-07-31 17:05:12,804 INFO  [io.api.tes.ser.api.KafkaSerdesTester] (Thread-682) Sending message {"key11753981507936": "value-4", "key21753981509658": "value-4"} to topic topic-3f957ed9_341e_4da6_b430_bd780fd8f09b
2025-07-31 17:05:12,805 INFO  [io.api.tes.ser.api.KafkaSerdesTester] (Thread-682) Sending message {"key11753981507936": "value-5", "key21753981509658": "value-5"} to topic topic-3f957ed9_341e_4da6_b430_bd780fd8f09b
2025-07-31 17:05:12,808 INFO  [io.api.tes.ser.api.KafkaSerdesTester] (Thread-682) Sending message {"key11753981507936": "value-6", "key21753981509658": "value-6"} to topic topic-3f957ed9_341e_4da6_b430_bd780fd8f09b
2025-07-31 17:05:12,809 INFO  [io.api.tes.ser.api.KafkaSerdesTester] (Thread-682) Sending message {"key11753981507936": "value-7", "key21753981509658": "value-7"} to topic topic-3f957ed9_341e_4da6_b430_bd780fd8f09b
2025-07-31 17:05:12,813 INFO  [io.api.tes.ser.api.KafkaSerdesTester] (Thread-682) Sending message {"key11753981507936": "value-8", "key21753981509658": "value-8"} to topic topic-3f957ed9_341e_4da6_b430_bd780fd8f09b
2025-07-31 17:05:12,815 INFO  [io.api.tes.ser.api.KafkaSerdesTester] (Thread-682) Sending message {"key11753981507936": "value-9", "key21753981509658": "value-9"} to topic topic-3f957ed9_341e_4da6_b430_bd780fd8f09b
2025-07-31 17:05:12,816 INFO  [io.api.tes.ser.api.KafkaSerdesTester] (Thread-682) Produced 10 messages
2025-07-31 17:05:12,816 INFO  [org.apa.kaf.cli.pro.KafkaProducer] (Thread-682) [Producer clientId=Producer-topic-3f957ed9_341e_4da6_b430_bd780fd8f09b] Closing the Kafka producer with timeoutMillis = 9223372036854775807 ms.
2025-07-31 17:05:12,823 INFO  [org.apa.kaf.com.met.Metrics] (Thread-682) Metrics scheduler closed
2025-07-31 17:05:12,823 INFO  [org.apa.kaf.com.met.Metrics] (Thread-682) Closing reporter org.apache.kafka.common.metrics.JmxReporter
2025-07-31 17:05:12,823 INFO  [org.apa.kaf.com.met.Metrics] (Thread-682) Closing reporter org.apache.kafka.common.telemetry.internals.ClientTelemetryReporter
2025-07-31 17:05:12,823 INFO  [org.apa.kaf.com.met.Metrics] (Thread-682) Metrics reporters closed
2025-07-31 17:05:12,823 INFO  [org.apa.kaf.com.uti.AppInfoParser] (Thread-682) App info kafka.producer for Producer-topic-3f957ed9_341e_4da6_b430_bd780fd8f09b unregistered
**** Registry Base URL: http://registry-app-kafkasql.apps.ci419.apicurio-testing.org:80
2025-07-31 17:05:12,824 INFO  [org.apa.kaf.cli.pro.ProducerConfig] (main) ProducerConfig values: 
	acks = -1
	auto.include.jmx.reporter = true
	batch.size = 16384
	bootstrap.servers = [PLAINTEXT://localhost:32770]
	buffer.memory = 33554432
	client.dns.lookup = use_all_dns_ips
	client.id = Producer-topic-3f957ed9_341e_4da6_b430_bd780fd8f09b
	compression.gzip.level = -1
	compression.lz4.level = 9
	compression.type = none
	compression.zstd.level = 3
	connections.max.idle.ms = 10000
	delivery.timeout.ms = 120000
	enable.idempotence = true
	enable.metrics.push = true
	interceptor.classes = []
	key.serializer = class org.apache.kafka.common.serialization.StringSerializer
	linger.ms = 0
	max.block.ms = 60000
	max.in.flight.requests.per.connection = 5
	max.request.size = 1048576
	metadata.max.age.ms = 300000
	metadata.max.idle.ms = 300000
	metadata.recovery.strategy = none
	metric.reporters = []
	metrics.num.samples = 2
	metrics.recording.level = INFO
	metrics.sample.window.ms = 30000
	partitioner.adaptive.partitioning.enable = true
	partitioner.availability.timeout.ms = 0
	partitioner.class = null
	partitioner.ignore.keys = false
	receive.buffer.bytes = 32768
	reconnect.backoff.max.ms = 1000
	reconnect.backoff.ms = 50
	request.timeout.ms = 5000
	retries = 2147483647
	retry.backoff.max.ms = 1000
	retry.backoff.ms = 100
	sasl.client.callback.handler.class = null
	sasl.jaas.config = null
	sasl.kerberos.kinit.cmd = /usr/bin/kinit
	sasl.kerberos.min.time.before.relogin = 60000
	sasl.kerberos.service.name = null
	sasl.kerberos.ticket.renew.jitter = 0.05
	sasl.kerberos.ticket.renew.window.factor = 0.8
	sasl.login.callback.handler.class = null
	sasl.login.class = null
	sasl.login.connect.timeout.ms = null
	sasl.login.read.timeout.ms = null
	sasl.login.refresh.buffer.seconds = 300
	sasl.login.refresh.min.period.seconds = 60
	sasl.login.refresh.window.factor = 0.8
	sasl.login.refresh.window.jitter = 0.05
	sasl.login.retry.backoff.max.ms = 10000
	sasl.login.retry.backoff.ms = 100
	sasl.mechanism = GSSAPI
	sasl.oauthbearer.clock.skew.seconds = 30
	sasl.oauthbearer.expected.audience = null
	sasl.oauthbearer.expected.issuer = null
	sasl.oauthbearer.header.urlencode = false
	sasl.oauthbearer.jwks.endpoint.refresh.ms = 3600000
	sasl.oauthbearer.jwks.endpoint.retry.backoff.max.ms = 10000
	sasl.oauthbearer.jwks.endpoint.retry.backoff.ms = 100
	sasl.oauthbearer.jwks.endpoint.url = null
	sasl.oauthbearer.scope.claim.name = scope
	sasl.oauthbearer.sub.claim.name = sub
	sasl.oauthbearer.token.endpoint.url = null
	security.protocol = PLAINTEXT
	security.providers = null
	send.buffer.bytes = 131072
	socket.connection.setup.timeout.max.ms = 30000
	socket.connection.setup.timeout.ms = 10000
	ssl.cipher.suites = null
	ssl.enabled.protocols = [TLSv1.2, TLSv1.3]
	ssl.endpoint.identification.algorithm = https
	ssl.engine.factory.class = null
	ssl.key.password = null
	ssl.keymanager.algorithm = SunX509
	ssl.keystore.certificate.chain = null
	ssl.keystore.key = null
	ssl.keystore.location = null
	ssl.keystore.password = null
	ssl.keystore.type = JKS
	ssl.protocol = TLSv1.3
	ssl.provider = null
	ssl.secure.random.implementation = null
	ssl.trustmanager.algorithm = PKIX
	ssl.truststore.certificates = null
	ssl.truststore.location = null
	ssl.truststore.password = null
	ssl.truststore.type = JKS
	transaction.timeout.ms = 60000
	transactional.id = null
	value.serializer = class io.apicurio.registry.serde.avro.AvroKafkaSerializer

2025-07-31 17:05:12,824 INFO  [org.apa.kaf.com.tel.int.KafkaMetricsCollector] (main) initializing Kafka metrics collector
2025-07-31 17:05:12,832 INFO  [org.apa.kaf.cli.pro.KafkaProducer] (main) [Producer clientId=Producer-topic-3f957ed9_341e_4da6_b430_bd780fd8f09b] Instantiated an idempotent producer.
2025-07-31 17:05:12,834 INFO  [org.apa.kaf.cli.pro.ProducerConfig] (main) These configurations '[apicurio.registry.url, apicurio.registry.artifact-resolver-strategy]' were supplied but are not used yet.
2025-07-31 17:05:12,834 INFO  [org.apa.kaf.com.uti.AppInfoParser] (main) Kafka version: 3.9.1
2025-07-31 17:05:12,834 INFO  [org.apa.kaf.com.uti.AppInfoParser] (main) Kafka commitId: f745dfdcee2b9851
2025-07-31 17:05:12,834 INFO  [org.apa.kaf.com.uti.AppInfoParser] (main) Kafka startTimeMs: 1753981512834
2025-07-31 17:05:12,835 INFO  [io.api.tes.ser.api.KafkaSerdesTester] (Thread-685) Sending message {"key11753981507936": "value-0"} to topic topic-3f957ed9_341e_4da6_b430_bd780fd8f09b
2025-07-31 17:05:12,839 INFO  [org.apa.kaf.cli.Metadata] (kafka-producer-network-thread | Producer-topic-3f957ed9_341e_4da6_b430_bd780fd8f09b) [Producer clientId=Producer-topic-3f957ed9_341e_4da6_b430_bd780fd8f09b] Cluster ID: WpqyxNU-RHKB_ermmfvksw
2025-07-31 17:05:12,840 INFO  [DefaultSchemaResolver] (Thread-685) Retrieving schema content using string: {"type":"record","name":"s456b54b5x10fax4e1dx9ce9xe441206795da","namespace":"ns_6d57e9bc_d872_4519_80cd_5ab452234c49","fields":[{"name":"key11753981507936","type":"string"}]}
2025-07-31 17:05:12,841 INFO  [org.apa.kaf.cli.pro.int.TransactionManager] (kafka-producer-network-thread | Producer-topic-3f957ed9_341e_4da6_b430_bd780fd8f09b) [Producer clientId=Producer-topic-3f957ed9_341e_4da6_b430_bd780fd8f09b] ProducerId set to 17 with epoch 0
2025-07-31 17:05:12,872 INFO  [io.api.tes.ser.api.KafkaSerdesTester] (Thread-685) Sending message {"key11753981507936": "value-1"} to topic topic-3f957ed9_341e_4da6_b430_bd780fd8f09b
2025-07-31 17:05:12,875 INFO  [io.api.tes.ser.api.KafkaSerdesTester] (Thread-685) Sending message {"key11753981507936": "value-2"} to topic topic-3f957ed9_341e_4da6_b430_bd780fd8f09b
2025-07-31 17:05:12,876 INFO  [io.api.tes.ser.api.KafkaSerdesTester] (Thread-685) Sending message {"key11753981507936": "value-3"} to topic topic-3f957ed9_341e_4da6_b430_bd780fd8f09b
2025-07-31 17:05:12,877 INFO  [io.api.tes.ser.api.KafkaSerdesTester] (Thread-685) Sending message {"key11753981507936": "value-4"} to topic topic-3f957ed9_341e_4da6_b430_bd780fd8f09b
2025-07-31 17:05:12,878 INFO  [io.api.tes.ser.api.KafkaSerdesTester] (Thread-685) Sending message {"key11753981507936": "value-5"} to topic topic-3f957ed9_341e_4da6_b430_bd780fd8f09b
2025-07-31 17:05:12,880 INFO  [io.api.tes.ser.api.KafkaSerdesTester] (Thread-685) Sending message {"key11753981507936": "value-6"} to topic topic-3f957ed9_341e_4da6_b430_bd780fd8f09b
2025-07-31 17:05:12,881 INFO  [io.api.tes.ser.api.KafkaSerdesTester] (Thread-685) Sending message {"key11753981507936": "value-7"} to topic topic-3f957ed9_341e_4da6_b430_bd780fd8f09b
2025-07-31 17:05:12,882 INFO  [io.api.tes.ser.api.KafkaSerdesTester] (Thread-685) Sending message {"key11753981507936": "value-8"} to topic topic-3f957ed9_341e_4da6_b430_bd780fd8f09b
2025-07-31 17:05:12,884 INFO  [io.api.tes.ser.api.KafkaSerdesTester] (Thread-685) Sending message {"key11753981507936": "value-9"} to topic topic-3f957ed9_341e_4da6_b430_bd780fd8f09b
2025-07-31 17:05:12,886 INFO  [io.api.tes.ser.api.KafkaSerdesTester] (Thread-685) Produced 10 messages
2025-07-31 17:05:12,886 INFO  [org.apa.kaf.cli.pro.KafkaProducer] (Thread-685) [Producer clientId=Producer-topic-3f957ed9_341e_4da6_b430_bd780fd8f09b] Closing the Kafka producer with timeoutMillis = 9223372036854775807 ms.
2025-07-31 17:05:12,888 INFO  [org.apa.kaf.com.met.Metrics] (Thread-685) Metrics scheduler closed
2025-07-31 17:05:12,888 INFO  [org.apa.kaf.com.met.Metrics] (Thread-685) Closing reporter org.apache.kafka.common.metrics.JmxReporter
2025-07-31 17:05:12,888 INFO  [org.apa.kaf.com.met.Metrics] (Thread-685) Closing reporter org.apache.kafka.common.telemetry.internals.ClientTelemetryReporter
2025-07-31 17:05:12,888 INFO  [org.apa.kaf.com.met.Metrics] (Thread-685) Metrics reporters closed
2025-07-31 17:05:12,889 INFO  [org.apa.kaf.com.uti.AppInfoParser] (Thread-685) App info kafka.producer for Producer-topic-3f957ed9_341e_4da6_b430_bd780fd8f09b unregistered
**** Registry Base URL: http://registry-app-kafkasql.apps.ci419.apicurio-testing.org:80
2025-07-31 17:05:12,891 INFO  [org.apa.kaf.cli.con.ConsumerConfig] (main) ConsumerConfig values: 
	allow.auto.create.topics = true
	auto.commit.interval.ms = 500
	auto.include.jmx.reporter = true
	auto.offset.reset = earliest
	bootstrap.servers = [PLAINTEXT://localhost:32770]
	check.crcs = true
	client.dns.lookup = use_all_dns_ips
	client.id = consumer-Consumer-topic-3f957ed9_341e_4da6_b430_bd780fd8f09b-12
	client.rack = 
	connections.max.idle.ms = 10000
	default.api.timeout.ms = 60000
	enable.auto.commit = true
	enable.metrics.push = true
	exclude.internal.topics = true
	fetch.max.bytes = 52428800
	fetch.max.wait.ms = 500
	fetch.min.bytes = 1
	group.id = Consumer-topic-3f957ed9_341e_4da6_b430_bd780fd8f09b
	group.instance.id = null
	group.protocol = classic
	group.remote.assignor = null
	heartbeat.interval.ms = 3000
	interceptor.classes = []
	internal.leave.group.on.close = true
	internal.throw.on.fetch.stable.offset.unsupported = false
	isolation.level = read_uncommitted
	key.deserializer = class org.apache.kafka.common.serialization.StringDeserializer
	max.partition.fetch.bytes = 1048576
	max.poll.interval.ms = 300000
	max.poll.records = 500
	metadata.max.age.ms = 300000
	metadata.recovery.strategy = none
	metric.reporters = []
	metrics.num.samples = 2
	metrics.recording.level = INFO
	metrics.sample.window.ms = 30000
	partition.assignment.strategy = [class org.apache.kafka.clients.consumer.RangeAssignor, class org.apache.kafka.clients.consumer.CooperativeStickyAssignor]
	receive.buffer.bytes = 65536
	reconnect.backoff.max.ms = 1000
	reconnect.backoff.ms = 50
	request.timeout.ms = 5000
	retry.backoff.max.ms = 1000
	retry.backoff.ms = 100
	sasl.client.callback.handler.class = null
	sasl.jaas.config = null
	sasl.kerberos.kinit.cmd = /usr/bin/kinit
	sasl.kerberos.min.time.before.relogin = 60000
	sasl.kerberos.service.name = null
	sasl.kerberos.ticket.renew.jitter = 0.05
	sasl.kerberos.ticket.renew.window.factor = 0.8
	sasl.login.callback.handler.class = null
	sasl.login.class = null
	sasl.login.connect.timeout.ms = null
	sasl.login.read.timeout.ms = null
	sasl.login.refresh.buffer.seconds = 300
	sasl.login.refresh.min.period.seconds = 60
	sasl.login.refresh.window.factor = 0.8
	sasl.login.refresh.window.jitter = 0.05
	sasl.login.retry.backoff.max.ms = 10000
	sasl.login.retry.backoff.ms = 100
	sasl.mechanism = GSSAPI
	sasl.oauthbearer.clock.skew.seconds = 30
	sasl.oauthbearer.expected.audience = null
	sasl.oauthbearer.expected.issuer = null
	sasl.oauthbearer.header.urlencode = false
	sasl.oauthbearer.jwks.endpoint.refresh.ms = 3600000
	sasl.oauthbearer.jwks.endpoint.retry.backoff.max.ms = 10000
	sasl.oauthbearer.jwks.endpoint.retry.backoff.ms = 100
	sasl.oauthbearer.jwks.endpoint.url = null
	sasl.oauthbearer.scope.claim.name = scope
	sasl.oauthbearer.sub.claim.name = sub
	sasl.oauthbearer.token.endpoint.url = null
	security.protocol = PLAINTEXT
	security.providers = null
	send.buffer.bytes = 131072
	session.timeout.ms = 45000
	socket.connection.setup.timeout.max.ms = 30000
	socket.connection.setup.timeout.ms = 10000
	ssl.cipher.suites = null
	ssl.enabled.protocols = [TLSv1.2, TLSv1.3]
	ssl.endpoint.identification.algorithm = https
	ssl.engine.factory.class = null
	ssl.key.password = null
	ssl.keymanager.algorithm = SunX509
	ssl.keystore.certificate.chain = null
	ssl.keystore.key = null
	ssl.keystore.location = null
	ssl.keystore.password = null
	ssl.keystore.type = JKS
	ssl.protocol = TLSv1.3
	ssl.provider = null
	ssl.secure.random.implementation = null
	ssl.trustmanager.algorithm = PKIX
	ssl.truststore.certificates = null
	ssl.truststore.location = null
	ssl.truststore.password = null
	ssl.truststore.type = JKS
	value.deserializer = class io.apicurio.registry.serde.avro.AvroKafkaDeserializer

2025-07-31 17:05:12,891 INFO  [org.apa.kaf.com.tel.int.KafkaMetricsCollector] (main) initializing Kafka metrics collector
2025-07-31 17:05:12,896 INFO  [org.apa.kaf.cli.con.ConsumerConfig] (main) These configurations '[apicurio.registry.url]' were supplied but are not used yet.
2025-07-31 17:05:12,896 INFO  [org.apa.kaf.com.uti.AppInfoParser] (main) Kafka version: 3.9.1
2025-07-31 17:05:12,896 INFO  [org.apa.kaf.com.uti.AppInfoParser] (main) Kafka commitId: f745dfdcee2b9851
2025-07-31 17:05:12,896 INFO  [org.apa.kaf.com.uti.AppInfoParser] (main) Kafka startTimeMs: 1753981512896
2025-07-31 17:05:12,896 INFO  [org.apa.kaf.cli.con.int.ClassicKafkaConsumer] (Thread-688) [Consumer clientId=consumer-Consumer-topic-3f957ed9_341e_4da6_b430_bd780fd8f09b-12, groupId=Consumer-topic-3f957ed9_341e_4da6_b430_bd780fd8f09b] Subscribed to topic(s): topic-3f957ed9_341e_4da6_b430_bd780fd8f09b
2025-07-31 17:05:12,901 INFO  [org.apa.kaf.cli.Metadata] (Thread-688) [Consumer clientId=consumer-Consumer-topic-3f957ed9_341e_4da6_b430_bd780fd8f09b-12, groupId=Consumer-topic-3f957ed9_341e_4da6_b430_bd780fd8f09b] Cluster ID: WpqyxNU-RHKB_ermmfvksw
2025-07-31 17:05:12,901 INFO  [org.apa.kaf.cli.con.int.ConsumerCoordinator] (Thread-688) [Consumer clientId=consumer-Consumer-topic-3f957ed9_341e_4da6_b430_bd780fd8f09b-12, groupId=Consumer-topic-3f957ed9_341e_4da6_b430_bd780fd8f09b] Discovered group coordinator localhost:32770 (id: 2147483647 rack: null)
2025-07-31 17:05:12,902 INFO  [org.apa.kaf.cli.con.int.ConsumerCoordinator] (Thread-688) [Consumer clientId=consumer-Consumer-topic-3f957ed9_341e_4da6_b430_bd780fd8f09b-12, groupId=Consumer-topic-3f957ed9_341e_4da6_b430_bd780fd8f09b] (Re-)joining group
2025-07-31 17:05:12,906 INFO  [org.apa.kaf.cli.con.int.ConsumerCoordinator] (Thread-688) [Consumer clientId=consumer-Consumer-topic-3f957ed9_341e_4da6_b430_bd780fd8f09b-12, groupId=Consumer-topic-3f957ed9_341e_4da6_b430_bd780fd8f09b] Request joining group due to: need to re-join with the given member-id: consumer-Consumer-topic-3f957ed9_341e_4da6_b430_bd780fd8f09b-12-a047eb66-5b7b-4d9d-bffe-2104f2ce70f5
2025-07-31 17:05:12,907 INFO  [org.apa.kaf.cli.con.int.ConsumerCoordinator] (Thread-688) [Consumer clientId=consumer-Consumer-topic-3f957ed9_341e_4da6_b430_bd780fd8f09b-12, groupId=Consumer-topic-3f957ed9_341e_4da6_b430_bd780fd8f09b] (Re-)joining group
2025-07-31 17:05:12,910 INFO  [org.apa.kaf.cli.con.int.ConsumerCoordinator] (Thread-688) [Consumer clientId=consumer-Consumer-topic-3f957ed9_341e_4da6_b430_bd780fd8f09b-12, groupId=Consumer-topic-3f957ed9_341e_4da6_b430_bd780fd8f09b] Successfully joined group with generation Generation{generationId=5, memberId='consumer-Consumer-topic-3f957ed9_341e_4da6_b430_bd780fd8f09b-12-a047eb66-5b7b-4d9d-bffe-2104f2ce70f5', protocol='range'}
2025-07-31 17:05:12,911 INFO  [org.apa.kaf.cli.con.int.ConsumerCoordinator] (Thread-688) [Consumer clientId=consumer-Consumer-topic-3f957ed9_341e_4da6_b430_bd780fd8f09b-12, groupId=Consumer-topic-3f957ed9_341e_4da6_b430_bd780fd8f09b] Finished assignment for group at generation 5: {consumer-Consumer-topic-3f957ed9_341e_4da6_b430_bd780fd8f09b-12-a047eb66-5b7b-4d9d-bffe-2104f2ce70f5=Assignment(partitions=[topic-3f957ed9_341e_4da6_b430_bd780fd8f09b-0])}
2025-07-31 17:05:12,913 INFO  [org.apa.kaf.cli.con.int.ConsumerCoordinator] (Thread-688) [Consumer clientId=consumer-Consumer-topic-3f957ed9_341e_4da6_b430_bd780fd8f09b-12, groupId=Consumer-topic-3f957ed9_341e_4da6_b430_bd780fd8f09b] Successfully synced group in generation Generation{generationId=5, memberId='consumer-Consumer-topic-3f957ed9_341e_4da6_b430_bd780fd8f09b-12-a047eb66-5b7b-4d9d-bffe-2104f2ce70f5', protocol='range'}
2025-07-31 17:05:12,913 INFO  [org.apa.kaf.cli.con.int.ConsumerCoordinator] (Thread-688) [Consumer clientId=consumer-Consumer-topic-3f957ed9_341e_4da6_b430_bd780fd8f09b-12, groupId=Consumer-topic-3f957ed9_341e_4da6_b430_bd780fd8f09b] Notifying assignor about the new Assignment(partitions=[topic-3f957ed9_341e_4da6_b430_bd780fd8f09b-0])
2025-07-31 17:05:12,913 INFO  [org.apa.kaf.cli.con.int.ConsumerRebalanceListenerInvoker] (Thread-688) [Consumer clientId=consumer-Consumer-topic-3f957ed9_341e_4da6_b430_bd780fd8f09b-12, groupId=Consumer-topic-3f957ed9_341e_4da6_b430_bd780fd8f09b] Adding newly assigned partitions: topic-3f957ed9_341e_4da6_b430_bd780fd8f09b-0
2025-07-31 17:05:12,915 INFO  [org.apa.kaf.cli.con.int.ConsumerUtils] (Thread-688) Setting offset for partition topic-3f957ed9_341e_4da6_b430_bd780fd8f09b-0 to the committed offset FetchPosition{offset=30, offsetEpoch=Optional[0], currentLeader=LeaderAndEpoch{leader=Optional[localhost:32770 (id: 0 rack: null)], epoch=0}}
2025-07-31 17:05:13,004 INFO  [io.api.tes.ser.api.KafkaSerdesTester] (Thread-688) topic-3f957ed9_341e_4da6_b430_bd780fd8f09b 0 30 {"key11753981507936": "value-0", "key21753981509658": "value-0", "key31753981511617": "value-0"}
2025-07-31 17:05:13,004 INFO  [io.api.tes.ser.api.KafkaSerdesTester] (Thread-688) topic-3f957ed9_341e_4da6_b430_bd780fd8f09b 0 31 {"key11753981507936": "value-1", "key21753981509658": "value-1", "key31753981511617": "value-1"}
2025-07-31 17:05:13,004 INFO  [io.api.tes.ser.api.KafkaSerdesTester] (Thread-688) topic-3f957ed9_341e_4da6_b430_bd780fd8f09b 0 32 {"key11753981507936": "value-2", "key21753981509658": "value-2", "key31753981511617": "value-2"}
2025-07-31 17:05:13,004 INFO  [io.api.tes.ser.api.KafkaSerdesTester] (Thread-688) topic-3f957ed9_341e_4da6_b430_bd780fd8f09b 0 33 {"key11753981507936": "value-3", "key21753981509658": "value-3", "key31753981511617": "value-3"}
2025-07-31 17:05:13,004 INFO  [io.api.tes.ser.api.KafkaSerdesTester] (Thread-688) topic-3f957ed9_341e_4da6_b430_bd780fd8f09b 0 34 {"key11753981507936": "value-4", "key21753981509658": "value-4", "key31753981511617": "value-4"}
2025-07-31 17:05:13,004 INFO  [io.api.tes.ser.api.KafkaSerdesTester] (Thread-688) topic-3f957ed9_341e_4da6_b430_bd780fd8f09b 0 35 {"key11753981507936": "value-5", "key21753981509658": "value-5", "key31753981511617": "value-5"}
2025-07-31 17:05:13,004 INFO  [io.api.tes.ser.api.KafkaSerdesTester] (Thread-688) topic-3f957ed9_341e_4da6_b430_bd780fd8f09b 0 36 {"key11753981507936": "value-6", "key21753981509658": "value-6", "key31753981511617": "value-6"}
2025-07-31 17:05:13,004 INFO  [io.api.tes.ser.api.KafkaSerdesTester] (Thread-688) topic-3f957ed9_341e_4da6_b430_bd780fd8f09b 0 37 {"key11753981507936": "value-7", "key21753981509658": "value-7", "key31753981511617": "value-7"}
2025-07-31 17:05:13,004 INFO  [io.api.tes.ser.api.KafkaSerdesTester] (Thread-688) topic-3f957ed9_341e_4da6_b430_bd780fd8f09b 0 38 {"key11753981507936": "value-8", "key21753981509658": "value-8", "key31753981511617": "value-8"}
2025-07-31 17:05:13,005 INFO  [io.api.tes.ser.api.KafkaSerdesTester] (Thread-688) topic-3f957ed9_341e_4da6_b430_bd780fd8f09b 0 39 {"key11753981507936": "value-9", "key21753981509658": "value-9", "key31753981511617": "value-9"}
2025-07-31 17:05:13,005 INFO  [io.api.tes.ser.api.KafkaSerdesTester] (Thread-688) topic-3f957ed9_341e_4da6_b430_bd780fd8f09b 0 40 {"key11753981507936": "value-0", "key21753981509658": "value-0"}
2025-07-31 17:05:13,005 INFO  [io.api.tes.ser.api.KafkaSerdesTester] (Thread-688) topic-3f957ed9_341e_4da6_b430_bd780fd8f09b 0 41 {"key11753981507936": "value-1", "key21753981509658": "value-1"}
2025-07-31 17:05:13,005 INFO  [io.api.tes.ser.api.KafkaSerdesTester] (Thread-688) topic-3f957ed9_341e_4da6_b430_bd780fd8f09b 0 42 {"key11753981507936": "value-2", "key21753981509658": "value-2"}
2025-07-31 17:05:13,005 INFO  [io.api.tes.ser.api.KafkaSerdesTester] (Thread-688) topic-3f957ed9_341e_4da6_b430_bd780fd8f09b 0 43 {"key11753981507936": "value-3", "key21753981509658": "value-3"}
2025-07-31 17:05:13,005 INFO  [io.api.tes.ser.api.KafkaSerdesTester] (Thread-688) topic-3f957ed9_341e_4da6_b430_bd780fd8f09b 0 44 {"key11753981507936": "value-4", "key21753981509658": "value-4"}
2025-07-31 17:05:13,005 INFO  [io.api.tes.ser.api.KafkaSerdesTester] (Thread-688) topic-3f957ed9_341e_4da6_b430_bd780fd8f09b 0 45 {"key11753981507936": "value-5", "key21753981509658": "value-5"}
2025-07-31 17:05:13,005 INFO  [io.api.tes.ser.api.KafkaSerdesTester] (Thread-688) topic-3f957ed9_341e_4da6_b430_bd780fd8f09b 0 46 {"key11753981507936": "value-6", "key21753981509658": "value-6"}
2025-07-31 17:05:13,005 INFO  [io.api.tes.ser.api.KafkaSerdesTester] (Thread-688) topic-3f957ed9_341e_4da6_b430_bd780fd8f09b 0 47 {"key11753981507936": "value-7", "key21753981509658": "value-7"}
2025-07-31 17:05:13,005 INFO  [io.api.tes.ser.api.KafkaSerdesTester] (Thread-688) topic-3f957ed9_341e_4da6_b430_bd780fd8f09b 0 48 {"key11753981507936": "value-8", "key21753981509658": "value-8"}
2025-07-31 17:05:13,005 INFO  [io.api.tes.ser.api.KafkaSerdesTester] (Thread-688) topic-3f957ed9_341e_4da6_b430_bd780fd8f09b 0 49 {"key11753981507936": "value-9", "key21753981509658": "value-9"}
2025-07-31 17:05:13,005 INFO  [io.api.tes.ser.api.KafkaSerdesTester] (Thread-688) topic-3f957ed9_341e_4da6_b430_bd780fd8f09b 0 50 {"key11753981507936": "value-0"}
2025-07-31 17:05:13,005 INFO  [io.api.tes.ser.api.KafkaSerdesTester] (Thread-688) topic-3f957ed9_341e_4da6_b430_bd780fd8f09b 0 51 {"key11753981507936": "value-1"}
2025-07-31 17:05:13,005 INFO  [io.api.tes.ser.api.KafkaSerdesTester] (Thread-688) topic-3f957ed9_341e_4da6_b430_bd780fd8f09b 0 52 {"key11753981507936": "value-2"}
2025-07-31 17:05:13,005 INFO  [io.api.tes.ser.api.KafkaSerdesTester] (Thread-688) topic-3f957ed9_341e_4da6_b430_bd780fd8f09b 0 53 {"key11753981507936": "value-3"}
2025-07-31 17:05:13,006 INFO  [io.api.tes.ser.api.KafkaSerdesTester] (Thread-688) topic-3f957ed9_341e_4da6_b430_bd780fd8f09b 0 54 {"key11753981507936": "value-4"}
2025-07-31 17:05:13,006 INFO  [io.api.tes.ser.api.KafkaSerdesTester] (Thread-688) topic-3f957ed9_341e_4da6_b430_bd780fd8f09b 0 55 {"key11753981507936": "value-5"}
2025-07-31 17:05:13,006 INFO  [io.api.tes.ser.api.KafkaSerdesTester] (Thread-688) topic-3f957ed9_341e_4da6_b430_bd780fd8f09b 0 56 {"key11753981507936": "value-6"}
2025-07-31 17:05:13,006 INFO  [io.api.tes.ser.api.KafkaSerdesTester] (Thread-688) topic-3f957ed9_341e_4da6_b430_bd780fd8f09b 0 57 {"key11753981507936": "value-7"}
2025-07-31 17:05:13,006 INFO  [io.api.tes.ser.api.KafkaSerdesTester] (Thread-688) topic-3f957ed9_341e_4da6_b430_bd780fd8f09b 0 58 {"key11753981507936": "value-8"}
2025-07-31 17:05:13,006 INFO  [io.api.tes.ser.api.KafkaSerdesTester] (Thread-688) topic-3f957ed9_341e_4da6_b430_bd780fd8f09b 0 59 {"key11753981507936": "value-9"}
2025-07-31 17:05:13,006 INFO  [io.api.tes.ser.api.KafkaSerdesTester] (Thread-688) Consumed 30 messages
2025-07-31 17:05:13,008 INFO  [org.apa.kaf.cli.con.int.ConsumerRebalanceListenerInvoker] (Thread-688) [Consumer clientId=consumer-Consumer-topic-3f957ed9_341e_4da6_b430_bd780fd8f09b-12, groupId=Consumer-topic-3f957ed9_341e_4da6_b430_bd780fd8f09b] Revoke previously assigned partitions topic-3f957ed9_341e_4da6_b430_bd780fd8f09b-0
2025-07-31 17:05:13,009 INFO  [org.apa.kaf.cli.con.int.ConsumerCoordinator] (Thread-688) [Consumer clientId=consumer-Consumer-topic-3f957ed9_341e_4da6_b430_bd780fd8f09b-12, groupId=Consumer-topic-3f957ed9_341e_4da6_b430_bd780fd8f09b] Member consumer-Consumer-topic-3f957ed9_341e_4da6_b430_bd780fd8f09b-12-a047eb66-5b7b-4d9d-bffe-2104f2ce70f5 sending LeaveGroup request to coordinator localhost:32770 (id: 2147483647 rack: null) due to the consumer is being closed
2025-07-31 17:05:13,009 INFO  [org.apa.kaf.cli.con.int.ConsumerCoordinator] (Thread-688) [Consumer clientId=consumer-Consumer-topic-3f957ed9_341e_4da6_b430_bd780fd8f09b-12, groupId=Consumer-topic-3f957ed9_341e_4da6_b430_bd780fd8f09b] Resetting generation and member id due to: consumer pro-actively leaving the group
2025-07-31 17:05:13,009 INFO  [org.apa.kaf.cli.con.int.ConsumerCoordinator] (Thread-688) [Consumer clientId=consumer-Consumer-topic-3f957ed9_341e_4da6_b430_bd780fd8f09b-12, groupId=Consumer-topic-3f957ed9_341e_4da6_b430_bd780fd8f09b] Request joining group due to: consumer pro-actively leaving the group
2025-07-31 17:05:13,508 INFO  [org.apa.kaf.com.met.Metrics] (Thread-688) Metrics scheduler closed
2025-07-31 17:05:13,509 INFO  [org.apa.kaf.com.met.Metrics] (Thread-688) Closing reporter org.apache.kafka.common.metrics.JmxReporter
2025-07-31 17:05:13,509 INFO  [org.apa.kaf.com.met.Metrics] (Thread-688) Closing reporter org.apache.kafka.common.telemetry.internals.ClientTelemetryReporter
2025-07-31 17:05:13,509 INFO  [org.apa.kaf.com.met.Metrics] (Thread-688) Metrics reporters closed
2025-07-31 17:05:13,510 INFO  [org.apa.kaf.com.uti.AppInfoParser] (Thread-688) App info kafka.consumer for consumer-Consumer-topic-3f957ed9_341e_4da6_b430_bd780fd8f09b-12 unregistered
2025-07-31 17:05:13,511 INFO  [org.apa.kaf.cli.pro.KafkaProducer] (main) [Producer clientId=Producer-topic-3f957ed9_341e_4da6_b430_bd780fd8f09b] Closing the Kafka producer with timeoutMillis = 9223372036854775807 ms.
2025-07-31 17:05:13,511 INFO  [org.apa.kaf.com.met.Metrics] (main) Metrics scheduler closed
2025-07-31 17:05:13,511 INFO  [org.apa.kaf.com.met.Metrics] (main) Closing reporter org.apache.kafka.common.metrics.JmxReporter
2025-07-31 17:05:13,511 INFO  [org.apa.kaf.com.met.Metrics] (main) Closing reporter org.apache.kafka.common.telemetry.internals.ClientTelemetryReporter
2025-07-31 17:05:13,511 INFO  [org.apa.kaf.com.met.Metrics] (main) Metrics reporters closed
2025-07-31 17:05:13,511 INFO  [org.apa.kaf.com.uti.AppInfoParser] (main) App info kafka.producer for Producer-topic-3f957ed9_341e_4da6_b430_bd780fd8f09b unregistered
2025-07-31 17:05:13,511 INFO  [io.api.tes.uti.TestSeparator] (main) io.apicurio.tests.serdes.apicurio.AvroSerdeIT.testEvolveAvroApicurio-FINISHED
2025-07-31 17:05:13,511 INFO  [io.api.tes.uti.TestSeparator] (main) ############################################################################
Test passed: testEvolveAvroApicurio
]]></system-out>
  </testcase>
  <testcase name="testTopicRecordIdStrategydFindLatest" classname="io.apicurio.tests.serdes.apicurio.AvroSerdeIT" time="1.729">
    <system-out><![CDATA[2025-07-31 17:05:13,514 INFO  [io.api.tes.uti.TestSeparator] (main) ############################################################################
2025-07-31 17:05:13,514 INFO  [io.api.tes.uti.TestSeparator] (main) io.apicurio.tests.serdes.apicurio.AvroSerdeIT.testTopicRecordIdStrategydFindLatest-STARTED
2025-07-31 17:05:13,515 INFO  [io.api.tes.ser.api.AvroSerdeIT] (main) Registering Avro Schema: {"type":"record","name":"sb50cbdcbx1d9ax436ex894bxc5473ee02608","namespace":"se8fa1fe7x25d3x44c2x9742x723bb9c8ab7c","fields":[{"name":"key11753981513514","type":"string"}]}
**** Registry Base URL: http://registry-app-kafkasql.apps.ci419.apicurio-testing.org:80
2025-07-31 17:05:14,591 INFO  [org.apa.kaf.cli.pro.ProducerConfig] (main) ProducerConfig values: 
	acks = -1
	auto.include.jmx.reporter = true
	batch.size = 16384
	bootstrap.servers = [PLAINTEXT://localhost:32770]
	buffer.memory = 33554432
	client.dns.lookup = use_all_dns_ips
	client.id = Producer-topic-81b578ae_8dca_4aa3_b260_3fe6f3c776f5
	compression.gzip.level = -1
	compression.lz4.level = 9
	compression.type = none
	compression.zstd.level = 3
	connections.max.idle.ms = 10000
	delivery.timeout.ms = 120000
	enable.idempotence = true
	enable.metrics.push = true
	interceptor.classes = []
	key.serializer = class org.apache.kafka.common.serialization.StringSerializer
	linger.ms = 0
	max.block.ms = 60000
	max.in.flight.requests.per.connection = 5
	max.request.size = 1048576
	metadata.max.age.ms = 300000
	metadata.max.idle.ms = 300000
	metadata.recovery.strategy = none
	metric.reporters = []
	metrics.num.samples = 2
	metrics.recording.level = INFO
	metrics.sample.window.ms = 30000
	partitioner.adaptive.partitioning.enable = true
	partitioner.availability.timeout.ms = 0
	partitioner.class = null
	partitioner.ignore.keys = false
	receive.buffer.bytes = 32768
	reconnect.backoff.max.ms = 1000
	reconnect.backoff.ms = 50
	request.timeout.ms = 5000
	retries = 2147483647
	retry.backoff.max.ms = 1000
	retry.backoff.ms = 100
	sasl.client.callback.handler.class = null
	sasl.jaas.config = null
	sasl.kerberos.kinit.cmd = /usr/bin/kinit
	sasl.kerberos.min.time.before.relogin = 60000
	sasl.kerberos.service.name = null
	sasl.kerberos.ticket.renew.jitter = 0.05
	sasl.kerberos.ticket.renew.window.factor = 0.8
	sasl.login.callback.handler.class = null
	sasl.login.class = null
	sasl.login.connect.timeout.ms = null
	sasl.login.read.timeout.ms = null
	sasl.login.refresh.buffer.seconds = 300
	sasl.login.refresh.min.period.seconds = 60
	sasl.login.refresh.window.factor = 0.8
	sasl.login.refresh.window.jitter = 0.05
	sasl.login.retry.backoff.max.ms = 10000
	sasl.login.retry.backoff.ms = 100
	sasl.mechanism = GSSAPI
	sasl.oauthbearer.clock.skew.seconds = 30
	sasl.oauthbearer.expected.audience = null
	sasl.oauthbearer.expected.issuer = null
	sasl.oauthbearer.header.urlencode = false
	sasl.oauthbearer.jwks.endpoint.refresh.ms = 3600000
	sasl.oauthbearer.jwks.endpoint.retry.backoff.max.ms = 10000
	sasl.oauthbearer.jwks.endpoint.retry.backoff.ms = 100
	sasl.oauthbearer.jwks.endpoint.url = null
	sasl.oauthbearer.scope.claim.name = scope
	sasl.oauthbearer.sub.claim.name = sub
	sasl.oauthbearer.token.endpoint.url = null
	security.protocol = PLAINTEXT
	security.providers = null
	send.buffer.bytes = 131072
	socket.connection.setup.timeout.max.ms = 30000
	socket.connection.setup.timeout.ms = 10000
	ssl.cipher.suites = null
	ssl.enabled.protocols = [TLSv1.2, TLSv1.3]
	ssl.endpoint.identification.algorithm = https
	ssl.engine.factory.class = null
	ssl.key.password = null
	ssl.keymanager.algorithm = SunX509
	ssl.keystore.certificate.chain = null
	ssl.keystore.key = null
	ssl.keystore.location = null
	ssl.keystore.password = null
	ssl.keystore.type = JKS
	ssl.protocol = TLSv1.3
	ssl.provider = null
	ssl.secure.random.implementation = null
	ssl.trustmanager.algorithm = PKIX
	ssl.truststore.certificates = null
	ssl.truststore.location = null
	ssl.truststore.password = null
	ssl.truststore.type = JKS
	transaction.timeout.ms = 60000
	transactional.id = null
	value.serializer = class io.apicurio.registry.serde.avro.AvroKafkaSerializer

2025-07-31 17:05:14,591 INFO  [org.apa.kaf.com.tel.int.KafkaMetricsCollector] (main) initializing Kafka metrics collector
2025-07-31 17:05:14,594 INFO  [org.apa.kaf.cli.pro.KafkaProducer] (main) [Producer clientId=Producer-topic-81b578ae_8dca_4aa3_b260_3fe6f3c776f5] Instantiated an idempotent producer.
2025-07-31 17:05:14,596 INFO  [org.apa.kaf.cli.pro.ProducerConfig] (main) These configurations '[apicurio.registry.find-latest, apicurio.registry.url, apicurio.registry.artifact-resolver-strategy]' were supplied but are not used yet.
2025-07-31 17:05:14,596 INFO  [org.apa.kaf.com.uti.AppInfoParser] (main) Kafka version: 3.9.1
2025-07-31 17:05:14,596 INFO  [org.apa.kaf.com.uti.AppInfoParser] (main) Kafka commitId: f745dfdcee2b9851
2025-07-31 17:05:14,596 INFO  [org.apa.kaf.com.uti.AppInfoParser] (main) Kafka startTimeMs: 1753981514596
2025-07-31 17:05:14,596 INFO  [io.api.tes.ser.api.SimpleSerdesTesterBuilder$SimpleSerdesTester] (main) Using producer configuration: {apicurio.registry.find-latest=true, apicurio.registry.url=http://registry-app-kafkasql.apps.ci419.apicurio-testing.org:80/apis/registry/v3, apicurio.registry.artifact-resolver-strategy=io.apicurio.registry.serde.avro.strategy.TopicRecordIdStrategy, value.serializer=io.apicurio.registry.serde.avro.AvroKafkaSerializer, request.timeout.ms=5000, acks=all, bootstrap.servers=PLAINTEXT://localhost:32770, connections.max.idle.ms=10000, key.serializer=org.apache.kafka.common.serialization.StringSerializer, client.id=Producer-topic-81b578ae_8dca_4aa3_b260_3fe6f3c776f5}
2025-07-31 17:05:14,596 INFO  [io.api.tes.ser.api.SimpleSerdesTesterBuilder$SimpleSerdesTester] (main) Using consumer configuration: {}
2025-07-31 17:05:14,598 INFO  [io.api.tes.ser.api.KafkaSerdesTester] (Thread-691) Sending message {"key11753981513514": "value-0"} to topic topic-81b578ae_8dca_4aa3_b260_3fe6f3c776f5
2025-07-31 17:05:14,602 INFO  [org.apa.kaf.cli.Metadata] (kafka-producer-network-thread | Producer-topic-81b578ae_8dca_4aa3_b260_3fe6f3c776f5) [Producer clientId=Producer-topic-81b578ae_8dca_4aa3_b260_3fe6f3c776f5] Cluster ID: WpqyxNU-RHKB_ermmfvksw
2025-07-31 17:05:14,603 INFO  [org.apa.kaf.cli.pro.int.TransactionManager] (kafka-producer-network-thread | Producer-topic-81b578ae_8dca_4aa3_b260_3fe6f3c776f5) [Producer clientId=Producer-topic-81b578ae_8dca_4aa3_b260_3fe6f3c776f5] ProducerId set to 18 with epoch 0
2025-07-31 17:05:14,654 INFO  [io.api.tes.ser.api.KafkaSerdesTester] (Thread-691) Sending message {"key11753981513514": "value-1"} to topic topic-81b578ae_8dca_4aa3_b260_3fe6f3c776f5
2025-07-31 17:05:14,655 INFO  [io.api.tes.ser.api.KafkaSerdesTester] (Thread-691) Sending message {"key11753981513514": "value-2"} to topic topic-81b578ae_8dca_4aa3_b260_3fe6f3c776f5
2025-07-31 17:05:14,657 INFO  [io.api.tes.ser.api.KafkaSerdesTester] (Thread-691) Sending message {"key11753981513514": "value-3"} to topic topic-81b578ae_8dca_4aa3_b260_3fe6f3c776f5
2025-07-31 17:05:14,658 INFO  [io.api.tes.ser.api.KafkaSerdesTester] (Thread-691) Sending message {"key11753981513514": "value-4"} to topic topic-81b578ae_8dca_4aa3_b260_3fe6f3c776f5
2025-07-31 17:05:14,659 INFO  [io.api.tes.ser.api.KafkaSerdesTester] (Thread-691) Sending message {"key11753981513514": "value-5"} to topic topic-81b578ae_8dca_4aa3_b260_3fe6f3c776f5
2025-07-31 17:05:14,660 INFO  [io.api.tes.ser.api.KafkaSerdesTester] (Thread-691) Sending message {"key11753981513514": "value-6"} to topic topic-81b578ae_8dca_4aa3_b260_3fe6f3c776f5
2025-07-31 17:05:14,661 INFO  [io.api.tes.ser.api.KafkaSerdesTester] (Thread-691) Sending message {"key11753981513514": "value-7"} to topic topic-81b578ae_8dca_4aa3_b260_3fe6f3c776f5
2025-07-31 17:05:14,662 INFO  [io.api.tes.ser.api.KafkaSerdesTester] (Thread-691) Sending message {"key11753981513514": "value-8"} to topic topic-81b578ae_8dca_4aa3_b260_3fe6f3c776f5
2025-07-31 17:05:14,663 INFO  [io.api.tes.ser.api.KafkaSerdesTester] (Thread-691) Sending message {"key11753981513514": "value-9"} to topic topic-81b578ae_8dca_4aa3_b260_3fe6f3c776f5
2025-07-31 17:05:14,665 INFO  [io.api.tes.ser.api.KafkaSerdesTester] (Thread-691) Produced 10 messages
2025-07-31 17:05:14,665 INFO  [org.apa.kaf.cli.pro.KafkaProducer] (Thread-691) [Producer clientId=Producer-topic-81b578ae_8dca_4aa3_b260_3fe6f3c776f5] Closing the Kafka producer with timeoutMillis = 9223372036854775807 ms.
2025-07-31 17:05:14,666 INFO  [org.apa.kaf.com.met.Metrics] (Thread-691) Metrics scheduler closed
2025-07-31 17:05:14,666 INFO  [org.apa.kaf.com.met.Metrics] (Thread-691) Closing reporter org.apache.kafka.common.metrics.JmxReporter
2025-07-31 17:05:14,666 INFO  [org.apa.kaf.com.met.Metrics] (Thread-691) Closing reporter org.apache.kafka.common.telemetry.internals.ClientTelemetryReporter
2025-07-31 17:05:14,666 INFO  [org.apa.kaf.com.met.Metrics] (Thread-691) Metrics reporters closed
2025-07-31 17:05:14,667 INFO  [org.apa.kaf.com.uti.AppInfoParser] (Thread-691) App info kafka.producer for Producer-topic-81b578ae_8dca_4aa3_b260_3fe6f3c776f5 unregistered
**** Registry Base URL: http://registry-app-kafkasql.apps.ci419.apicurio-testing.org:80
2025-07-31 17:05:14,668 INFO  [org.apa.kaf.cli.con.ConsumerConfig] (main) ConsumerConfig values: 
	allow.auto.create.topics = true
	auto.commit.interval.ms = 500
	auto.include.jmx.reporter = true
	auto.offset.reset = earliest
	bootstrap.servers = [PLAINTEXT://localhost:32770]
	check.crcs = true
	client.dns.lookup = use_all_dns_ips
	client.id = consumer-Consumer-topic-81b578ae_8dca_4aa3_b260_3fe6f3c776f5-13
	client.rack = 
	connections.max.idle.ms = 10000
	default.api.timeout.ms = 60000
	enable.auto.commit = true
	enable.metrics.push = true
	exclude.internal.topics = true
	fetch.max.bytes = 52428800
	fetch.max.wait.ms = 500
	fetch.min.bytes = 1
	group.id = Consumer-topic-81b578ae_8dca_4aa3_b260_3fe6f3c776f5
	group.instance.id = null
	group.protocol = classic
	group.remote.assignor = null
	heartbeat.interval.ms = 3000
	interceptor.classes = []
	internal.leave.group.on.close = true
	internal.throw.on.fetch.stable.offset.unsupported = false
	isolation.level = read_uncommitted
	key.deserializer = class org.apache.kafka.common.serialization.StringDeserializer
	max.partition.fetch.bytes = 1048576
	max.poll.interval.ms = 300000
	max.poll.records = 500
	metadata.max.age.ms = 300000
	metadata.recovery.strategy = none
	metric.reporters = []
	metrics.num.samples = 2
	metrics.recording.level = INFO
	metrics.sample.window.ms = 30000
	partition.assignment.strategy = [class org.apache.kafka.clients.consumer.RangeAssignor, class org.apache.kafka.clients.consumer.CooperativeStickyAssignor]
	receive.buffer.bytes = 65536
	reconnect.backoff.max.ms = 1000
	reconnect.backoff.ms = 50
	request.timeout.ms = 5000
	retry.backoff.max.ms = 1000
	retry.backoff.ms = 100
	sasl.client.callback.handler.class = null
	sasl.jaas.config = null
	sasl.kerberos.kinit.cmd = /usr/bin/kinit
	sasl.kerberos.min.time.before.relogin = 60000
	sasl.kerberos.service.name = null
	sasl.kerberos.ticket.renew.jitter = 0.05
	sasl.kerberos.ticket.renew.window.factor = 0.8
	sasl.login.callback.handler.class = null
	sasl.login.class = null
	sasl.login.connect.timeout.ms = null
	sasl.login.read.timeout.ms = null
	sasl.login.refresh.buffer.seconds = 300
	sasl.login.refresh.min.period.seconds = 60
	sasl.login.refresh.window.factor = 0.8
	sasl.login.refresh.window.jitter = 0.05
	sasl.login.retry.backoff.max.ms = 10000
	sasl.login.retry.backoff.ms = 100
	sasl.mechanism = GSSAPI
	sasl.oauthbearer.clock.skew.seconds = 30
	sasl.oauthbearer.expected.audience = null
	sasl.oauthbearer.expected.issuer = null
	sasl.oauthbearer.header.urlencode = false
	sasl.oauthbearer.jwks.endpoint.refresh.ms = 3600000
	sasl.oauthbearer.jwks.endpoint.retry.backoff.max.ms = 10000
	sasl.oauthbearer.jwks.endpoint.retry.backoff.ms = 100
	sasl.oauthbearer.jwks.endpoint.url = null
	sasl.oauthbearer.scope.claim.name = scope
	sasl.oauthbearer.sub.claim.name = sub
	sasl.oauthbearer.token.endpoint.url = null
	security.protocol = PLAINTEXT
	security.providers = null
	send.buffer.bytes = 131072
	session.timeout.ms = 45000
	socket.connection.setup.timeout.max.ms = 30000
	socket.connection.setup.timeout.ms = 10000
	ssl.cipher.suites = null
	ssl.enabled.protocols = [TLSv1.2, TLSv1.3]
	ssl.endpoint.identification.algorithm = https
	ssl.engine.factory.class = null
	ssl.key.password = null
	ssl.keymanager.algorithm = SunX509
	ssl.keystore.certificate.chain = null
	ssl.keystore.key = null
	ssl.keystore.location = null
	ssl.keystore.password = null
	ssl.keystore.type = JKS
	ssl.protocol = TLSv1.3
	ssl.provider = null
	ssl.secure.random.implementation = null
	ssl.trustmanager.algorithm = PKIX
	ssl.truststore.certificates = null
	ssl.truststore.location = null
	ssl.truststore.password = null
	ssl.truststore.type = JKS
	value.deserializer = class io.apicurio.registry.serde.avro.AvroKafkaDeserializer

2025-07-31 17:05:14,669 INFO  [org.apa.kaf.com.tel.int.KafkaMetricsCollector] (main) initializing Kafka metrics collector
2025-07-31 17:05:14,673 INFO  [org.apa.kaf.cli.con.ConsumerConfig] (main) These configurations '[apicurio.registry.url]' were supplied but are not used yet.
2025-07-31 17:05:14,673 INFO  [org.apa.kaf.com.uti.AppInfoParser] (main) Kafka version: 3.9.1
2025-07-31 17:05:14,673 INFO  [org.apa.kaf.com.uti.AppInfoParser] (main) Kafka commitId: f745dfdcee2b9851
2025-07-31 17:05:14,673 INFO  [org.apa.kaf.com.uti.AppInfoParser] (main) Kafka startTimeMs: 1753981514673
2025-07-31 17:05:14,674 INFO  [org.apa.kaf.cli.con.int.ClassicKafkaConsumer] (Thread-694) [Consumer clientId=consumer-Consumer-topic-81b578ae_8dca_4aa3_b260_3fe6f3c776f5-13, groupId=Consumer-topic-81b578ae_8dca_4aa3_b260_3fe6f3c776f5] Subscribed to topic(s): topic-81b578ae_8dca_4aa3_b260_3fe6f3c776f5
2025-07-31 17:05:14,677 INFO  [org.apa.kaf.cli.Metadata] (Thread-694) [Consumer clientId=consumer-Consumer-topic-81b578ae_8dca_4aa3_b260_3fe6f3c776f5-13, groupId=Consumer-topic-81b578ae_8dca_4aa3_b260_3fe6f3c776f5] Cluster ID: WpqyxNU-RHKB_ermmfvksw
2025-07-31 17:05:14,680 INFO  [org.apa.kaf.cli.con.int.ConsumerCoordinator] (Thread-694) [Consumer clientId=consumer-Consumer-topic-81b578ae_8dca_4aa3_b260_3fe6f3c776f5-13, groupId=Consumer-topic-81b578ae_8dca_4aa3_b260_3fe6f3c776f5] Discovered group coordinator localhost:32770 (id: 2147483647 rack: null)
2025-07-31 17:05:14,682 INFO  [org.apa.kaf.cli.con.int.ConsumerCoordinator] (Thread-694) [Consumer clientId=consumer-Consumer-topic-81b578ae_8dca_4aa3_b260_3fe6f3c776f5-13, groupId=Consumer-topic-81b578ae_8dca_4aa3_b260_3fe6f3c776f5] (Re-)joining group
2025-07-31 17:05:14,684 INFO  [org.apa.kaf.cli.con.int.ConsumerCoordinator] (Thread-694) [Consumer clientId=consumer-Consumer-topic-81b578ae_8dca_4aa3_b260_3fe6f3c776f5-13, groupId=Consumer-topic-81b578ae_8dca_4aa3_b260_3fe6f3c776f5] Request joining group due to: need to re-join with the given member-id: consumer-Consumer-topic-81b578ae_8dca_4aa3_b260_3fe6f3c776f5-13-4d8f41bb-4400-4132-afef-f9c7a0cd6d77
2025-07-31 17:05:14,684 INFO  [org.apa.kaf.cli.con.int.ConsumerCoordinator] (Thread-694) [Consumer clientId=consumer-Consumer-topic-81b578ae_8dca_4aa3_b260_3fe6f3c776f5-13, groupId=Consumer-topic-81b578ae_8dca_4aa3_b260_3fe6f3c776f5] (Re-)joining group
2025-07-31 17:05:14,687 INFO  [org.apa.kaf.cli.con.int.ConsumerCoordinator] (Thread-694) [Consumer clientId=consumer-Consumer-topic-81b578ae_8dca_4aa3_b260_3fe6f3c776f5-13, groupId=Consumer-topic-81b578ae_8dca_4aa3_b260_3fe6f3c776f5] Successfully joined group with generation Generation{generationId=1, memberId='consumer-Consumer-topic-81b578ae_8dca_4aa3_b260_3fe6f3c776f5-13-4d8f41bb-4400-4132-afef-f9c7a0cd6d77', protocol='range'}
2025-07-31 17:05:14,687 INFO  [org.apa.kaf.cli.con.int.ConsumerCoordinator] (Thread-694) [Consumer clientId=consumer-Consumer-topic-81b578ae_8dca_4aa3_b260_3fe6f3c776f5-13, groupId=Consumer-topic-81b578ae_8dca_4aa3_b260_3fe6f3c776f5] Finished assignment for group at generation 1: {consumer-Consumer-topic-81b578ae_8dca_4aa3_b260_3fe6f3c776f5-13-4d8f41bb-4400-4132-afef-f9c7a0cd6d77=Assignment(partitions=[topic-81b578ae_8dca_4aa3_b260_3fe6f3c776f5-0])}
2025-07-31 17:05:14,689 INFO  [org.apa.kaf.cli.con.int.ConsumerCoordinator] (Thread-694) [Consumer clientId=consumer-Consumer-topic-81b578ae_8dca_4aa3_b260_3fe6f3c776f5-13, groupId=Consumer-topic-81b578ae_8dca_4aa3_b260_3fe6f3c776f5] Successfully synced group in generation Generation{generationId=1, memberId='consumer-Consumer-topic-81b578ae_8dca_4aa3_b260_3fe6f3c776f5-13-4d8f41bb-4400-4132-afef-f9c7a0cd6d77', protocol='range'}
2025-07-31 17:05:14,689 INFO  [org.apa.kaf.cli.con.int.ConsumerCoordinator] (Thread-694) [Consumer clientId=consumer-Consumer-topic-81b578ae_8dca_4aa3_b260_3fe6f3c776f5-13, groupId=Consumer-topic-81b578ae_8dca_4aa3_b260_3fe6f3c776f5] Notifying assignor about the new Assignment(partitions=[topic-81b578ae_8dca_4aa3_b260_3fe6f3c776f5-0])
2025-07-31 17:05:14,689 INFO  [org.apa.kaf.cli.con.int.ConsumerRebalanceListenerInvoker] (Thread-694) [Consumer clientId=consumer-Consumer-topic-81b578ae_8dca_4aa3_b260_3fe6f3c776f5-13, groupId=Consumer-topic-81b578ae_8dca_4aa3_b260_3fe6f3c776f5] Adding newly assigned partitions: topic-81b578ae_8dca_4aa3_b260_3fe6f3c776f5-0
2025-07-31 17:05:14,690 INFO  [org.apa.kaf.cli.con.int.ConsumerCoordinator] (Thread-694) [Consumer clientId=consumer-Consumer-topic-81b578ae_8dca_4aa3_b260_3fe6f3c776f5-13, groupId=Consumer-topic-81b578ae_8dca_4aa3_b260_3fe6f3c776f5] Found no committed offset for partition topic-81b578ae_8dca_4aa3_b260_3fe6f3c776f5-0
2025-07-31 17:05:14,695 INFO  [org.apa.kaf.cli.con.int.SubscriptionState] (Thread-694) [Consumer clientId=consumer-Consumer-topic-81b578ae_8dca_4aa3_b260_3fe6f3c776f5-13, groupId=Consumer-topic-81b578ae_8dca_4aa3_b260_3fe6f3c776f5] Resetting offset for partition topic-81b578ae_8dca_4aa3_b260_3fe6f3c776f5-0 to position FetchPosition{offset=0, offsetEpoch=Optional.empty, currentLeader=LeaderAndEpoch{leader=Optional[localhost:32770 (id: 0 rack: null)], epoch=0}}.
2025-07-31 17:05:14,734 INFO  [io.api.tes.ser.api.KafkaSerdesTester] (Thread-694) topic-81b578ae_8dca_4aa3_b260_3fe6f3c776f5 0 0 {"key11753981513514": "value-0"}
2025-07-31 17:05:14,734 INFO  [io.api.tes.ser.api.KafkaSerdesTester] (Thread-694) topic-81b578ae_8dca_4aa3_b260_3fe6f3c776f5 0 1 {"key11753981513514": "value-1"}
2025-07-31 17:05:14,734 INFO  [io.api.tes.ser.api.KafkaSerdesTester] (Thread-694) topic-81b578ae_8dca_4aa3_b260_3fe6f3c776f5 0 2 {"key11753981513514": "value-2"}
2025-07-31 17:05:14,734 INFO  [io.api.tes.ser.api.KafkaSerdesTester] (Thread-694) topic-81b578ae_8dca_4aa3_b260_3fe6f3c776f5 0 3 {"key11753981513514": "value-3"}
2025-07-31 17:05:14,734 INFO  [io.api.tes.ser.api.KafkaSerdesTester] (Thread-694) topic-81b578ae_8dca_4aa3_b260_3fe6f3c776f5 0 4 {"key11753981513514": "value-4"}
2025-07-31 17:05:14,734 INFO  [io.api.tes.ser.api.KafkaSerdesTester] (Thread-694) topic-81b578ae_8dca_4aa3_b260_3fe6f3c776f5 0 5 {"key11753981513514": "value-5"}
2025-07-31 17:05:14,734 INFO  [io.api.tes.ser.api.KafkaSerdesTester] (Thread-694) topic-81b578ae_8dca_4aa3_b260_3fe6f3c776f5 0 6 {"key11753981513514": "value-6"}
2025-07-31 17:05:14,735 INFO  [io.api.tes.ser.api.KafkaSerdesTester] (Thread-694) topic-81b578ae_8dca_4aa3_b260_3fe6f3c776f5 0 7 {"key11753981513514": "value-7"}
2025-07-31 17:05:14,736 INFO  [io.api.tes.ser.api.KafkaSerdesTester] (Thread-694) topic-81b578ae_8dca_4aa3_b260_3fe6f3c776f5 0 8 {"key11753981513514": "value-8"}
2025-07-31 17:05:14,736 INFO  [io.api.tes.ser.api.KafkaSerdesTester] (Thread-694) topic-81b578ae_8dca_4aa3_b260_3fe6f3c776f5 0 9 {"key11753981513514": "value-9"}
2025-07-31 17:05:14,736 INFO  [io.api.tes.ser.api.KafkaSerdesTester] (Thread-694) Consumed 10 messages
2025-07-31 17:05:14,740 INFO  [org.apa.kaf.cli.con.int.ConsumerRebalanceListenerInvoker] (Thread-694) [Consumer clientId=consumer-Consumer-topic-81b578ae_8dca_4aa3_b260_3fe6f3c776f5-13, groupId=Consumer-topic-81b578ae_8dca_4aa3_b260_3fe6f3c776f5] Revoke previously assigned partitions topic-81b578ae_8dca_4aa3_b260_3fe6f3c776f5-0
2025-07-31 17:05:14,740 INFO  [org.apa.kaf.cli.con.int.ConsumerCoordinator] (Thread-694) [Consumer clientId=consumer-Consumer-topic-81b578ae_8dca_4aa3_b260_3fe6f3c776f5-13, groupId=Consumer-topic-81b578ae_8dca_4aa3_b260_3fe6f3c776f5] Member consumer-Consumer-topic-81b578ae_8dca_4aa3_b260_3fe6f3c776f5-13-4d8f41bb-4400-4132-afef-f9c7a0cd6d77 sending LeaveGroup request to coordinator localhost:32770 (id: 2147483647 rack: null) due to the consumer is being closed
2025-07-31 17:05:14,746 INFO  [org.apa.kaf.cli.con.int.ConsumerCoordinator] (Thread-694) [Consumer clientId=consumer-Consumer-topic-81b578ae_8dca_4aa3_b260_3fe6f3c776f5-13, groupId=Consumer-topic-81b578ae_8dca_4aa3_b260_3fe6f3c776f5] Resetting generation and member id due to: consumer pro-actively leaving the group
2025-07-31 17:05:14,746 INFO  [org.apa.kaf.cli.con.int.ConsumerCoordinator] (Thread-694) [Consumer clientId=consumer-Consumer-topic-81b578ae_8dca_4aa3_b260_3fe6f3c776f5-13, groupId=Consumer-topic-81b578ae_8dca_4aa3_b260_3fe6f3c776f5] Request joining group due to: consumer pro-actively leaving the group
2025-07-31 17:05:15,237 INFO  [org.apa.kaf.com.met.Metrics] (Thread-694) Metrics scheduler closed
2025-07-31 17:05:15,237 INFO  [org.apa.kaf.com.met.Metrics] (Thread-694) Closing reporter org.apache.kafka.common.metrics.JmxReporter
2025-07-31 17:05:15,237 INFO  [org.apa.kaf.com.met.Metrics] (Thread-694) Closing reporter org.apache.kafka.common.telemetry.internals.ClientTelemetryReporter
2025-07-31 17:05:15,237 INFO  [org.apa.kaf.com.met.Metrics] (Thread-694) Metrics reporters closed
2025-07-31 17:05:15,240 INFO  [org.apa.kaf.com.uti.AppInfoParser] (Thread-694) App info kafka.consumer for consumer-Consumer-topic-81b578ae_8dca_4aa3_b260_3fe6f3c776f5-13 unregistered
2025-07-31 17:05:15,241 INFO  [io.api.tes.uti.TestSeparator] (main) io.apicurio.tests.serdes.apicurio.AvroSerdeIT.testTopicRecordIdStrategydFindLatest-FINISHED
2025-07-31 17:05:15,241 INFO  [io.api.tes.uti.TestSeparator] (main) ############################################################################
Test passed: testTopicRecordIdStrategydFindLatest
]]></system-out>
  </testcase>
  <testcase name="testAvroConfluentForMultipleTopics" classname="io.apicurio.tests.serdes.apicurio.AvroSerdeIT" time="3.027">
    <system-out><![CDATA[2025-07-31 17:05:15,242 INFO  [io.api.tes.uti.TestSeparator] (main) ############################################################################
2025-07-31 17:05:15,242 INFO  [io.api.tes.uti.TestSeparator] (main) io.apicurio.tests.serdes.apicurio.AvroSerdeIT.testAvroConfluentForMultipleTopics-STARTED
2025-07-31 17:05:15,244 INFO  [io.api.tes.ser.api.AvroSerdeIT] (main) Registering Avro Schema: {"type":"record","name":"myrecordconfluent","fields":[{"name":"key11753981515243","type":"string"}]}
**** Registry Base URL: http://registry-app-kafkasql.apps.ci419.apicurio-testing.org:80
2025-07-31 17:05:16,325 INFO  [org.apa.kaf.cli.pro.ProducerConfig] (main) ProducerConfig values: 
	acks = -1
	auto.include.jmx.reporter = true
	batch.size = 16384
	bootstrap.servers = [PLAINTEXT://localhost:32770]
	buffer.memory = 33554432
	client.dns.lookup = use_all_dns_ips
	client.id = Producer-topic-b3e0ddd7_71a4_48f9_b2f4_d10cb33c0cdb
	compression.gzip.level = -1
	compression.lz4.level = 9
	compression.type = none
	compression.zstd.level = 3
	connections.max.idle.ms = 10000
	delivery.timeout.ms = 120000
	enable.idempotence = true
	enable.metrics.push = true
	interceptor.classes = []
	key.serializer = class org.apache.kafka.common.serialization.StringSerializer
	linger.ms = 0
	max.block.ms = 60000
	max.in.flight.requests.per.connection = 5
	max.request.size = 1048576
	metadata.max.age.ms = 300000
	metadata.max.idle.ms = 300000
	metadata.recovery.strategy = none
	metric.reporters = []
	metrics.num.samples = 2
	metrics.recording.level = INFO
	metrics.sample.window.ms = 30000
	partitioner.adaptive.partitioning.enable = true
	partitioner.availability.timeout.ms = 0
	partitioner.class = null
	partitioner.ignore.keys = false
	receive.buffer.bytes = 32768
	reconnect.backoff.max.ms = 1000
	reconnect.backoff.ms = 50
	request.timeout.ms = 5000
	retries = 2147483647
	retry.backoff.max.ms = 1000
	retry.backoff.ms = 100
	sasl.client.callback.handler.class = null
	sasl.jaas.config = null
	sasl.kerberos.kinit.cmd = /usr/bin/kinit
	sasl.kerberos.min.time.before.relogin = 60000
	sasl.kerberos.service.name = null
	sasl.kerberos.ticket.renew.jitter = 0.05
	sasl.kerberos.ticket.renew.window.factor = 0.8
	sasl.login.callback.handler.class = null
	sasl.login.class = null
	sasl.login.connect.timeout.ms = null
	sasl.login.read.timeout.ms = null
	sasl.login.refresh.buffer.seconds = 300
	sasl.login.refresh.min.period.seconds = 60
	sasl.login.refresh.window.factor = 0.8
	sasl.login.refresh.window.jitter = 0.05
	sasl.login.retry.backoff.max.ms = 10000
	sasl.login.retry.backoff.ms = 100
	sasl.mechanism = GSSAPI
	sasl.oauthbearer.clock.skew.seconds = 30
	sasl.oauthbearer.expected.audience = null
	sasl.oauthbearer.expected.issuer = null
	sasl.oauthbearer.header.urlencode = false
	sasl.oauthbearer.jwks.endpoint.refresh.ms = 3600000
	sasl.oauthbearer.jwks.endpoint.retry.backoff.max.ms = 10000
	sasl.oauthbearer.jwks.endpoint.retry.backoff.ms = 100
	sasl.oauthbearer.jwks.endpoint.url = null
	sasl.oauthbearer.scope.claim.name = scope
	sasl.oauthbearer.sub.claim.name = sub
	sasl.oauthbearer.token.endpoint.url = null
	security.protocol = PLAINTEXT
	security.providers = null
	send.buffer.bytes = 131072
	socket.connection.setup.timeout.max.ms = 30000
	socket.connection.setup.timeout.ms = 10000
	ssl.cipher.suites = null
	ssl.enabled.protocols = [TLSv1.2, TLSv1.3]
	ssl.endpoint.identification.algorithm = https
	ssl.engine.factory.class = null
	ssl.key.password = null
	ssl.keymanager.algorithm = SunX509
	ssl.keystore.certificate.chain = null
	ssl.keystore.key = null
	ssl.keystore.location = null
	ssl.keystore.password = null
	ssl.keystore.type = JKS
	ssl.protocol = TLSv1.3
	ssl.provider = null
	ssl.secure.random.implementation = null
	ssl.trustmanager.algorithm = PKIX
	ssl.truststore.certificates = null
	ssl.truststore.location = null
	ssl.truststore.password = null
	ssl.truststore.type = JKS
	transaction.timeout.ms = 60000
	transactional.id = null
	value.serializer = class io.apicurio.registry.serde.avro.AvroKafkaSerializer

2025-07-31 17:05:16,325 INFO  [org.apa.kaf.com.tel.int.KafkaMetricsCollector] (main) initializing Kafka metrics collector
2025-07-31 17:05:16,328 INFO  [org.apa.kaf.cli.pro.KafkaProducer] (main) [Producer clientId=Producer-topic-b3e0ddd7_71a4_48f9_b2f4_d10cb33c0cdb] Instantiated an idempotent producer.
2025-07-31 17:05:16,330 INFO  [org.apa.kaf.cli.pro.ProducerConfig] (main) These configurations '[apicurio.registry.url, apicurio.registry.artifact-resolver-strategy]' were supplied but are not used yet.
2025-07-31 17:05:16,330 INFO  [org.apa.kaf.com.uti.AppInfoParser] (main) Kafka version: 3.9.1
2025-07-31 17:05:16,330 INFO  [org.apa.kaf.com.uti.AppInfoParser] (main) Kafka commitId: f745dfdcee2b9851
2025-07-31 17:05:16,330 INFO  [org.apa.kaf.com.uti.AppInfoParser] (main) Kafka startTimeMs: 1753981516330
**** Registry Base URL: http://registry-app-kafkasql.apps.ci419.apicurio-testing.org:80
2025-07-31 17:05:16,330 INFO  [org.apa.kaf.cli.pro.ProducerConfig] (main) ProducerConfig values: 
	acks = -1
	auto.include.jmx.reporter = true
	batch.size = 16384
	bootstrap.servers = [PLAINTEXT://localhost:32770]
	buffer.memory = 33554432
	client.dns.lookup = use_all_dns_ips
	client.id = Producer-topic-941a9f98_0a7c_4294_83f0_e6b0f6c25dcc
	compression.gzip.level = -1
	compression.lz4.level = 9
	compression.type = none
	compression.zstd.level = 3
	connections.max.idle.ms = 10000
	delivery.timeout.ms = 120000
	enable.idempotence = true
	enable.metrics.push = true
	interceptor.classes = []
	key.serializer = class org.apache.kafka.common.serialization.StringSerializer
	linger.ms = 0
	max.block.ms = 60000
	max.in.flight.requests.per.connection = 5
	max.request.size = 1048576
	metadata.max.age.ms = 300000
	metadata.max.idle.ms = 300000
	metadata.recovery.strategy = none
	metric.reporters = []
	metrics.num.samples = 2
	metrics.recording.level = INFO
	metrics.sample.window.ms = 30000
	partitioner.adaptive.partitioning.enable = true
	partitioner.availability.timeout.ms = 0
	partitioner.class = null
	partitioner.ignore.keys = false
	receive.buffer.bytes = 32768
	reconnect.backoff.max.ms = 1000
	reconnect.backoff.ms = 50
	request.timeout.ms = 5000
	retries = 2147483647
	retry.backoff.max.ms = 1000
	retry.backoff.ms = 100
	sasl.client.callback.handler.class = null
	sasl.jaas.config = null
	sasl.kerberos.kinit.cmd = /usr/bin/kinit
	sasl.kerberos.min.time.before.relogin = 60000
	sasl.kerberos.service.name = null
	sasl.kerberos.ticket.renew.jitter = 0.05
	sasl.kerberos.ticket.renew.window.factor = 0.8
	sasl.login.callback.handler.class = null
	sasl.login.class = null
	sasl.login.connect.timeout.ms = null
	sasl.login.read.timeout.ms = null
	sasl.login.refresh.buffer.seconds = 300
	sasl.login.refresh.min.period.seconds = 60
	sasl.login.refresh.window.factor = 0.8
	sasl.login.refresh.window.jitter = 0.05
	sasl.login.retry.backoff.max.ms = 10000
	sasl.login.retry.backoff.ms = 100
	sasl.mechanism = GSSAPI
	sasl.oauthbearer.clock.skew.seconds = 30
	sasl.oauthbearer.expected.audience = null
	sasl.oauthbearer.expected.issuer = null
	sasl.oauthbearer.header.urlencode = false
	sasl.oauthbearer.jwks.endpoint.refresh.ms = 3600000
	sasl.oauthbearer.jwks.endpoint.retry.backoff.max.ms = 10000
	sasl.oauthbearer.jwks.endpoint.retry.backoff.ms = 100
	sasl.oauthbearer.jwks.endpoint.url = null
	sasl.oauthbearer.scope.claim.name = scope
	sasl.oauthbearer.sub.claim.name = sub
	sasl.oauthbearer.token.endpoint.url = null
	security.protocol = PLAINTEXT
	security.providers = null
	send.buffer.bytes = 131072
	socket.connection.setup.timeout.max.ms = 30000
	socket.connection.setup.timeout.ms = 10000
	ssl.cipher.suites = null
	ssl.enabled.protocols = [TLSv1.2, TLSv1.3]
	ssl.endpoint.identification.algorithm = https
	ssl.engine.factory.class = null
	ssl.key.password = null
	ssl.keymanager.algorithm = SunX509
	ssl.keystore.certificate.chain = null
	ssl.keystore.key = null
	ssl.keystore.location = null
	ssl.keystore.password = null
	ssl.keystore.type = JKS
	ssl.protocol = TLSv1.3
	ssl.provider = null
	ssl.secure.random.implementation = null
	ssl.trustmanager.algorithm = PKIX
	ssl.truststore.certificates = null
	ssl.truststore.location = null
	ssl.truststore.password = null
	ssl.truststore.type = JKS
	transaction.timeout.ms = 60000
	transactional.id = null
	value.serializer = class io.apicurio.registry.serde.avro.AvroKafkaSerializer

2025-07-31 17:05:16,330 INFO  [org.apa.kaf.com.tel.int.KafkaMetricsCollector] (main) initializing Kafka metrics collector
2025-07-31 17:05:16,334 INFO  [org.apa.kaf.cli.pro.KafkaProducer] (main) [Producer clientId=Producer-topic-941a9f98_0a7c_4294_83f0_e6b0f6c25dcc] Instantiated an idempotent producer.
2025-07-31 17:05:16,336 INFO  [org.apa.kaf.cli.pro.ProducerConfig] (main) These configurations '[apicurio.registry.url, apicurio.registry.artifact-resolver-strategy]' were supplied but are not used yet.
2025-07-31 17:05:16,336 INFO  [org.apa.kaf.com.uti.AppInfoParser] (main) Kafka version: 3.9.1
2025-07-31 17:05:16,336 INFO  [org.apa.kaf.com.uti.AppInfoParser] (main) Kafka commitId: f745dfdcee2b9851
2025-07-31 17:05:16,336 INFO  [org.apa.kaf.com.uti.AppInfoParser] (main) Kafka startTimeMs: 1753981516336
**** Registry Base URL: http://registry-app-kafkasql.apps.ci419.apicurio-testing.org:80
2025-07-31 17:05:16,339 INFO  [org.apa.kaf.cli.pro.ProducerConfig] (main) ProducerConfig values: 
	acks = -1
	auto.include.jmx.reporter = true
	batch.size = 16384
	bootstrap.servers = [PLAINTEXT://localhost:32770]
	buffer.memory = 33554432
	client.dns.lookup = use_all_dns_ips
	client.id = Producer-topic-469016e3_25dd_4763_8bf6_5b8dce4da9c1
	compression.gzip.level = -1
	compression.lz4.level = 9
	compression.type = none
	compression.zstd.level = 3
	connections.max.idle.ms = 10000
	delivery.timeout.ms = 120000
	enable.idempotence = true
	enable.metrics.push = true
	interceptor.classes = []
	key.serializer = class org.apache.kafka.common.serialization.StringSerializer
	linger.ms = 0
	max.block.ms = 60000
	max.in.flight.requests.per.connection = 5
	max.request.size = 1048576
	metadata.max.age.ms = 300000
	metadata.max.idle.ms = 300000
	metadata.recovery.strategy = none
	metric.reporters = []
	metrics.num.samples = 2
	metrics.recording.level = INFO
	metrics.sample.window.ms = 30000
	partitioner.adaptive.partitioning.enable = true
	partitioner.availability.timeout.ms = 0
	partitioner.class = null
	partitioner.ignore.keys = false
	receive.buffer.bytes = 32768
	reconnect.backoff.max.ms = 1000
	reconnect.backoff.ms = 50
	request.timeout.ms = 5000
	retries = 2147483647
	retry.backoff.max.ms = 1000
	retry.backoff.ms = 100
	sasl.client.callback.handler.class = null
	sasl.jaas.config = null
	sasl.kerberos.kinit.cmd = /usr/bin/kinit
	sasl.kerberos.min.time.before.relogin = 60000
	sasl.kerberos.service.name = null
	sasl.kerberos.ticket.renew.jitter = 0.05
	sasl.kerberos.ticket.renew.window.factor = 0.8
	sasl.login.callback.handler.class = null
	sasl.login.class = null
	sasl.login.connect.timeout.ms = null
	sasl.login.read.timeout.ms = null
	sasl.login.refresh.buffer.seconds = 300
	sasl.login.refresh.min.period.seconds = 60
	sasl.login.refresh.window.factor = 0.8
	sasl.login.refresh.window.jitter = 0.05
	sasl.login.retry.backoff.max.ms = 10000
	sasl.login.retry.backoff.ms = 100
	sasl.mechanism = GSSAPI
	sasl.oauthbearer.clock.skew.seconds = 30
	sasl.oauthbearer.expected.audience = null
	sasl.oauthbearer.expected.issuer = null
	sasl.oauthbearer.header.urlencode = false
	sasl.oauthbearer.jwks.endpoint.refresh.ms = 3600000
	sasl.oauthbearer.jwks.endpoint.retry.backoff.max.ms = 10000
	sasl.oauthbearer.jwks.endpoint.retry.backoff.ms = 100
	sasl.oauthbearer.jwks.endpoint.url = null
	sasl.oauthbearer.scope.claim.name = scope
	sasl.oauthbearer.sub.claim.name = sub
	sasl.oauthbearer.token.endpoint.url = null
	security.protocol = PLAINTEXT
	security.providers = null
	send.buffer.bytes = 131072
	socket.connection.setup.timeout.max.ms = 30000
	socket.connection.setup.timeout.ms = 10000
	ssl.cipher.suites = null
	ssl.enabled.protocols = [TLSv1.2, TLSv1.3]
	ssl.endpoint.identification.algorithm = https
	ssl.engine.factory.class = null
	ssl.key.password = null
	ssl.keymanager.algorithm = SunX509
	ssl.keystore.certificate.chain = null
	ssl.keystore.key = null
	ssl.keystore.location = null
	ssl.keystore.password = null
	ssl.keystore.type = JKS
	ssl.protocol = TLSv1.3
	ssl.provider = null
	ssl.secure.random.implementation = null
	ssl.trustmanager.algorithm = PKIX
	ssl.truststore.certificates = null
	ssl.truststore.location = null
	ssl.truststore.password = null
	ssl.truststore.type = JKS
	transaction.timeout.ms = 60000
	transactional.id = null
	value.serializer = class io.apicurio.registry.serde.avro.AvroKafkaSerializer

2025-07-31 17:05:16,339 INFO  [org.apa.kaf.cli.Metadata] (kafka-producer-network-thread | Producer-topic-b3e0ddd7_71a4_48f9_b2f4_d10cb33c0cdb) [Producer clientId=Producer-topic-b3e0ddd7_71a4_48f9_b2f4_d10cb33c0cdb] Cluster ID: WpqyxNU-RHKB_ermmfvksw
2025-07-31 17:05:16,341 INFO  [org.apa.kaf.com.tel.int.KafkaMetricsCollector] (main) initializing Kafka metrics collector
2025-07-31 17:05:16,344 INFO  [org.apa.kaf.cli.Metadata] (kafka-producer-network-thread | Producer-topic-941a9f98_0a7c_4294_83f0_e6b0f6c25dcc) [Producer clientId=Producer-topic-941a9f98_0a7c_4294_83f0_e6b0f6c25dcc] Cluster ID: WpqyxNU-RHKB_ermmfvksw
2025-07-31 17:05:16,344 INFO  [org.apa.kaf.cli.pro.int.TransactionManager] (kafka-producer-network-thread | Producer-topic-b3e0ddd7_71a4_48f9_b2f4_d10cb33c0cdb) [Producer clientId=Producer-topic-b3e0ddd7_71a4_48f9_b2f4_d10cb33c0cdb] ProducerId set to 19 with epoch 0
2025-07-31 17:05:16,345 INFO  [org.apa.kaf.cli.pro.int.TransactionManager] (kafka-producer-network-thread | Producer-topic-941a9f98_0a7c_4294_83f0_e6b0f6c25dcc) [Producer clientId=Producer-topic-941a9f98_0a7c_4294_83f0_e6b0f6c25dcc] ProducerId set to 20 with epoch 0
2025-07-31 17:05:16,347 INFO  [org.apa.kaf.cli.pro.KafkaProducer] (main) [Producer clientId=Producer-topic-469016e3_25dd_4763_8bf6_5b8dce4da9c1] Instantiated an idempotent producer.
2025-07-31 17:05:16,349 INFO  [org.apa.kaf.cli.pro.ProducerConfig] (main) These configurations '[apicurio.registry.url, apicurio.registry.artifact-resolver-strategy]' were supplied but are not used yet.
2025-07-31 17:05:16,349 INFO  [org.apa.kaf.com.uti.AppInfoParser] (main) Kafka version: 3.9.1
2025-07-31 17:05:16,349 INFO  [org.apa.kaf.com.uti.AppInfoParser] (main) Kafka commitId: f745dfdcee2b9851
2025-07-31 17:05:16,349 INFO  [org.apa.kaf.com.uti.AppInfoParser] (main) Kafka startTimeMs: 1753981516349
**** Registry Base URL: http://registry-app-kafkasql.apps.ci419.apicurio-testing.org:80
2025-07-31 17:05:16,350 INFO  [org.apa.kaf.cli.con.ConsumerConfig] (main) ConsumerConfig values: 
	allow.auto.create.topics = true
	auto.commit.interval.ms = 500
	auto.include.jmx.reporter = true
	auto.offset.reset = earliest
	bootstrap.servers = [PLAINTEXT://localhost:32770]
	check.crcs = true
	client.dns.lookup = use_all_dns_ips
	client.id = consumer-Consumer-topic-b3e0ddd7_71a4_48f9_b2f4_d10cb33c0cdb-14
	client.rack = 
	connections.max.idle.ms = 10000
	default.api.timeout.ms = 60000
	enable.auto.commit = true
	enable.metrics.push = true
	exclude.internal.topics = true
	fetch.max.bytes = 52428800
	fetch.max.wait.ms = 500
	fetch.min.bytes = 1
	group.id = Consumer-topic-b3e0ddd7_71a4_48f9_b2f4_d10cb33c0cdb
	group.instance.id = null
	group.protocol = classic
	group.remote.assignor = null
	heartbeat.interval.ms = 3000
	interceptor.classes = []
	internal.leave.group.on.close = true
	internal.throw.on.fetch.stable.offset.unsupported = false
	isolation.level = read_uncommitted
	key.deserializer = class org.apache.kafka.common.serialization.StringDeserializer
	max.partition.fetch.bytes = 1048576
	max.poll.interval.ms = 300000
	max.poll.records = 500
	metadata.max.age.ms = 300000
	metadata.recovery.strategy = none
	metric.reporters = []
	metrics.num.samples = 2
	metrics.recording.level = INFO
	metrics.sample.window.ms = 30000
	partition.assignment.strategy = [class org.apache.kafka.clients.consumer.RangeAssignor, class org.apache.kafka.clients.consumer.CooperativeStickyAssignor]
	receive.buffer.bytes = 65536
	reconnect.backoff.max.ms = 1000
	reconnect.backoff.ms = 50
	request.timeout.ms = 5000
	retry.backoff.max.ms = 1000
	retry.backoff.ms = 100
	sasl.client.callback.handler.class = null
	sasl.jaas.config = null
	sasl.kerberos.kinit.cmd = /usr/bin/kinit
	sasl.kerberos.min.time.before.relogin = 60000
	sasl.kerberos.service.name = null
	sasl.kerberos.ticket.renew.jitter = 0.05
	sasl.kerberos.ticket.renew.window.factor = 0.8
	sasl.login.callback.handler.class = null
	sasl.login.class = null
	sasl.login.connect.timeout.ms = null
	sasl.login.read.timeout.ms = null
	sasl.login.refresh.buffer.seconds = 300
	sasl.login.refresh.min.period.seconds = 60
	sasl.login.refresh.window.factor = 0.8
	sasl.login.refresh.window.jitter = 0.05
	sasl.login.retry.backoff.max.ms = 10000
	sasl.login.retry.backoff.ms = 100
	sasl.mechanism = GSSAPI
	sasl.oauthbearer.clock.skew.seconds = 30
	sasl.oauthbearer.expected.audience = null
	sasl.oauthbearer.expected.issuer = null
	sasl.oauthbearer.header.urlencode = false
	sasl.oauthbearer.jwks.endpoint.refresh.ms = 3600000
	sasl.oauthbearer.jwks.endpoint.retry.backoff.max.ms = 10000
	sasl.oauthbearer.jwks.endpoint.retry.backoff.ms = 100
	sasl.oauthbearer.jwks.endpoint.url = null
	sasl.oauthbearer.scope.claim.name = scope
	sasl.oauthbearer.sub.claim.name = sub
	sasl.oauthbearer.token.endpoint.url = null
	security.protocol = PLAINTEXT
	security.providers = null
	send.buffer.bytes = 131072
	session.timeout.ms = 45000
	socket.connection.setup.timeout.max.ms = 30000
	socket.connection.setup.timeout.ms = 10000
	ssl.cipher.suites = null
	ssl.enabled.protocols = [TLSv1.2, TLSv1.3]
	ssl.endpoint.identification.algorithm = https
	ssl.engine.factory.class = null
	ssl.key.password = null
	ssl.keymanager.algorithm = SunX509
	ssl.keystore.certificate.chain = null
	ssl.keystore.key = null
	ssl.keystore.location = null
	ssl.keystore.password = null
	ssl.keystore.type = JKS
	ssl.protocol = TLSv1.3
	ssl.provider = null
	ssl.secure.random.implementation = null
	ssl.trustmanager.algorithm = PKIX
	ssl.truststore.certificates = null
	ssl.truststore.location = null
	ssl.truststore.password = null
	ssl.truststore.type = JKS
	value.deserializer = class io.apicurio.registry.serde.avro.AvroKafkaDeserializer

2025-07-31 17:05:16,350 INFO  [org.apa.kaf.com.tel.int.KafkaMetricsCollector] (main) initializing Kafka metrics collector
2025-07-31 17:05:16,356 INFO  [org.apa.kaf.cli.Metadata] (kafka-producer-network-thread | Producer-topic-469016e3_25dd_4763_8bf6_5b8dce4da9c1) [Producer clientId=Producer-topic-469016e3_25dd_4763_8bf6_5b8dce4da9c1] Cluster ID: WpqyxNU-RHKB_ermmfvksw
2025-07-31 17:05:16,356 INFO  [org.apa.kaf.cli.pro.int.TransactionManager] (kafka-producer-network-thread | Producer-topic-469016e3_25dd_4763_8bf6_5b8dce4da9c1) [Producer clientId=Producer-topic-469016e3_25dd_4763_8bf6_5b8dce4da9c1] ProducerId set to 21 with epoch 0
2025-07-31 17:05:16,366 INFO  [org.apa.kaf.cli.con.ConsumerConfig] (main) These configurations '[apicurio.registry.url]' were supplied but are not used yet.
2025-07-31 17:05:16,366 INFO  [org.apa.kaf.com.uti.AppInfoParser] (main) Kafka version: 3.9.1
2025-07-31 17:05:16,366 INFO  [org.apa.kaf.com.uti.AppInfoParser] (main) Kafka commitId: f745dfdcee2b9851
2025-07-31 17:05:16,366 INFO  [org.apa.kaf.com.uti.AppInfoParser] (main) Kafka startTimeMs: 1753981516366
**** Registry Base URL: http://registry-app-kafkasql.apps.ci419.apicurio-testing.org:80
2025-07-31 17:05:16,369 INFO  [org.apa.kaf.cli.con.ConsumerConfig] (main) ConsumerConfig values: 
	allow.auto.create.topics = true
	auto.commit.interval.ms = 500
	auto.include.jmx.reporter = true
	auto.offset.reset = earliest
	bootstrap.servers = [PLAINTEXT://localhost:32770]
	check.crcs = true
	client.dns.lookup = use_all_dns_ips
	client.id = consumer-Consumer-topic-941a9f98_0a7c_4294_83f0_e6b0f6c25dcc-15
	client.rack = 
	connections.max.idle.ms = 10000
	default.api.timeout.ms = 60000
	enable.auto.commit = true
	enable.metrics.push = true
	exclude.internal.topics = true
	fetch.max.bytes = 52428800
	fetch.max.wait.ms = 500
	fetch.min.bytes = 1
	group.id = Consumer-topic-941a9f98_0a7c_4294_83f0_e6b0f6c25dcc
	group.instance.id = null
	group.protocol = classic
	group.remote.assignor = null
	heartbeat.interval.ms = 3000
	interceptor.classes = []
	internal.leave.group.on.close = true
	internal.throw.on.fetch.stable.offset.unsupported = false
	isolation.level = read_uncommitted
	key.deserializer = class org.apache.kafka.common.serialization.StringDeserializer
	max.partition.fetch.bytes = 1048576
	max.poll.interval.ms = 300000
	max.poll.records = 500
	metadata.max.age.ms = 300000
	metadata.recovery.strategy = none
	metric.reporters = []
	metrics.num.samples = 2
	metrics.recording.level = INFO
	metrics.sample.window.ms = 30000
	partition.assignment.strategy = [class org.apache.kafka.clients.consumer.RangeAssignor, class org.apache.kafka.clients.consumer.CooperativeStickyAssignor]
	receive.buffer.bytes = 65536
	reconnect.backoff.max.ms = 1000
	reconnect.backoff.ms = 50
	request.timeout.ms = 5000
	retry.backoff.max.ms = 1000
	retry.backoff.ms = 100
	sasl.client.callback.handler.class = null
	sasl.jaas.config = null
	sasl.kerberos.kinit.cmd = /usr/bin/kinit
	sasl.kerberos.min.time.before.relogin = 60000
	sasl.kerberos.service.name = null
	sasl.kerberos.ticket.renew.jitter = 0.05
	sasl.kerberos.ticket.renew.window.factor = 0.8
	sasl.login.callback.handler.class = null
	sasl.login.class = null
	sasl.login.connect.timeout.ms = null
	sasl.login.read.timeout.ms = null
	sasl.login.refresh.buffer.seconds = 300
	sasl.login.refresh.min.period.seconds = 60
	sasl.login.refresh.window.factor = 0.8
	sasl.login.refresh.window.jitter = 0.05
	sasl.login.retry.backoff.max.ms = 10000
	sasl.login.retry.backoff.ms = 100
	sasl.mechanism = GSSAPI
	sasl.oauthbearer.clock.skew.seconds = 30
	sasl.oauthbearer.expected.audience = null
	sasl.oauthbearer.expected.issuer = null
	sasl.oauthbearer.header.urlencode = false
	sasl.oauthbearer.jwks.endpoint.refresh.ms = 3600000
	sasl.oauthbearer.jwks.endpoint.retry.backoff.max.ms = 10000
	sasl.oauthbearer.jwks.endpoint.retry.backoff.ms = 100
	sasl.oauthbearer.jwks.endpoint.url = null
	sasl.oauthbearer.scope.claim.name = scope
	sasl.oauthbearer.sub.claim.name = sub
	sasl.oauthbearer.token.endpoint.url = null
	security.protocol = PLAINTEXT
	security.providers = null
	send.buffer.bytes = 131072
	session.timeout.ms = 45000
	socket.connection.setup.timeout.max.ms = 30000
	socket.connection.setup.timeout.ms = 10000
	ssl.cipher.suites = null
	ssl.enabled.protocols = [TLSv1.2, TLSv1.3]
	ssl.endpoint.identification.algorithm = https
	ssl.engine.factory.class = null
	ssl.key.password = null
	ssl.keymanager.algorithm = SunX509
	ssl.keystore.certificate.chain = null
	ssl.keystore.key = null
	ssl.keystore.location = null
	ssl.keystore.password = null
	ssl.keystore.type = JKS
	ssl.protocol = TLSv1.3
	ssl.provider = null
	ssl.secure.random.implementation = null
	ssl.trustmanager.algorithm = PKIX
	ssl.truststore.certificates = null
	ssl.truststore.location = null
	ssl.truststore.password = null
	ssl.truststore.type = JKS
	value.deserializer = class io.apicurio.registry.serde.avro.AvroKafkaDeserializer

2025-07-31 17:05:16,369 INFO  [org.apa.kaf.com.tel.int.KafkaMetricsCollector] (main) initializing Kafka metrics collector
2025-07-31 17:05:16,377 INFO  [org.apa.kaf.cli.con.ConsumerConfig] (main) These configurations '[apicurio.registry.url]' were supplied but are not used yet.
2025-07-31 17:05:16,377 INFO  [org.apa.kaf.com.uti.AppInfoParser] (main) Kafka version: 3.9.1
2025-07-31 17:05:16,377 INFO  [org.apa.kaf.com.uti.AppInfoParser] (main) Kafka commitId: f745dfdcee2b9851
2025-07-31 17:05:16,377 INFO  [org.apa.kaf.com.uti.AppInfoParser] (main) Kafka startTimeMs: 1753981516377
**** Registry Base URL: http://registry-app-kafkasql.apps.ci419.apicurio-testing.org:80
2025-07-31 17:05:16,378 INFO  [org.apa.kaf.cli.con.ConsumerConfig] (main) ConsumerConfig values: 
	allow.auto.create.topics = true
	auto.commit.interval.ms = 500
	auto.include.jmx.reporter = true
	auto.offset.reset = earliest
	bootstrap.servers = [PLAINTEXT://localhost:32770]
	check.crcs = true
	client.dns.lookup = use_all_dns_ips
	client.id = consumer-Consumer-topic-469016e3_25dd_4763_8bf6_5b8dce4da9c1-16
	client.rack = 
	connections.max.idle.ms = 10000
	default.api.timeout.ms = 60000
	enable.auto.commit = true
	enable.metrics.push = true
	exclude.internal.topics = true
	fetch.max.bytes = 52428800
	fetch.max.wait.ms = 500
	fetch.min.bytes = 1
	group.id = Consumer-topic-469016e3_25dd_4763_8bf6_5b8dce4da9c1
	group.instance.id = null
	group.protocol = classic
	group.remote.assignor = null
	heartbeat.interval.ms = 3000
	interceptor.classes = []
	internal.leave.group.on.close = true
	internal.throw.on.fetch.stable.offset.unsupported = false
	isolation.level = read_uncommitted
	key.deserializer = class org.apache.kafka.common.serialization.StringDeserializer
	max.partition.fetch.bytes = 1048576
	max.poll.interval.ms = 300000
	max.poll.records = 500
	metadata.max.age.ms = 300000
	metadata.recovery.strategy = none
	metric.reporters = []
	metrics.num.samples = 2
	metrics.recording.level = INFO
	metrics.sample.window.ms = 30000
	partition.assignment.strategy = [class org.apache.kafka.clients.consumer.RangeAssignor, class org.apache.kafka.clients.consumer.CooperativeStickyAssignor]
	receive.buffer.bytes = 65536
	reconnect.backoff.max.ms = 1000
	reconnect.backoff.ms = 50
	request.timeout.ms = 5000
	retry.backoff.max.ms = 1000
	retry.backoff.ms = 100
	sasl.client.callback.handler.class = null
	sasl.jaas.config = null
	sasl.kerberos.kinit.cmd = /usr/bin/kinit
	sasl.kerberos.min.time.before.relogin = 60000
	sasl.kerberos.service.name = null
	sasl.kerberos.ticket.renew.jitter = 0.05
	sasl.kerberos.ticket.renew.window.factor = 0.8
	sasl.login.callback.handler.class = null
	sasl.login.class = null
	sasl.login.connect.timeout.ms = null
	sasl.login.read.timeout.ms = null
	sasl.login.refresh.buffer.seconds = 300
	sasl.login.refresh.min.period.seconds = 60
	sasl.login.refresh.window.factor = 0.8
	sasl.login.refresh.window.jitter = 0.05
	sasl.login.retry.backoff.max.ms = 10000
	sasl.login.retry.backoff.ms = 100
	sasl.mechanism = GSSAPI
	sasl.oauthbearer.clock.skew.seconds = 30
	sasl.oauthbearer.expected.audience = null
	sasl.oauthbearer.expected.issuer = null
	sasl.oauthbearer.header.urlencode = false
	sasl.oauthbearer.jwks.endpoint.refresh.ms = 3600000
	sasl.oauthbearer.jwks.endpoint.retry.backoff.max.ms = 10000
	sasl.oauthbearer.jwks.endpoint.retry.backoff.ms = 100
	sasl.oauthbearer.jwks.endpoint.url = null
	sasl.oauthbearer.scope.claim.name = scope
	sasl.oauthbearer.sub.claim.name = sub
	sasl.oauthbearer.token.endpoint.url = null
	security.protocol = PLAINTEXT
	security.providers = null
	send.buffer.bytes = 131072
	session.timeout.ms = 45000
	socket.connection.setup.timeout.max.ms = 30000
	socket.connection.setup.timeout.ms = 10000
	ssl.cipher.suites = null
	ssl.enabled.protocols = [TLSv1.2, TLSv1.3]
	ssl.endpoint.identification.algorithm = https
	ssl.engine.factory.class = null
	ssl.key.password = null
	ssl.keymanager.algorithm = SunX509
	ssl.keystore.certificate.chain = null
	ssl.keystore.key = null
	ssl.keystore.location = null
	ssl.keystore.password = null
	ssl.keystore.type = JKS
	ssl.protocol = TLSv1.3
	ssl.provider = null
	ssl.secure.random.implementation = null
	ssl.trustmanager.algorithm = PKIX
	ssl.truststore.certificates = null
	ssl.truststore.location = null
	ssl.truststore.password = null
	ssl.truststore.type = JKS
	value.deserializer = class io.apicurio.registry.serde.avro.AvroKafkaDeserializer

2025-07-31 17:05:16,378 INFO  [org.apa.kaf.com.tel.int.KafkaMetricsCollector] (main) initializing Kafka metrics collector
2025-07-31 17:05:16,384 INFO  [org.apa.kaf.cli.con.ConsumerConfig] (main) These configurations '[apicurio.registry.url]' were supplied but are not used yet.
2025-07-31 17:05:16,384 INFO  [org.apa.kaf.com.uti.AppInfoParser] (main) Kafka version: 3.9.1
2025-07-31 17:05:16,384 INFO  [org.apa.kaf.com.uti.AppInfoParser] (main) Kafka commitId: f745dfdcee2b9851
2025-07-31 17:05:16,384 INFO  [org.apa.kaf.com.uti.AppInfoParser] (main) Kafka startTimeMs: 1753981516384
2025-07-31 17:05:16,385 INFO  [io.api.tes.ser.api.KafkaSerdesTester] (Thread-707) Sending message {"key11753981515243": "value-0"} to topic topic-b3e0ddd7_71a4_48f9_b2f4_d10cb33c0cdb
2025-07-31 17:05:16,387 INFO  [DefaultSchemaResolver] (Thread-707) Retrieving schema content using string: {"type":"record","name":"myrecordconfluent","fields":[{"name":"key11753981515243","type":"string"}]}
2025-07-31 17:05:16,415 INFO  [io.api.tes.ser.api.KafkaSerdesTester] (Thread-707) Sending message {"key11753981515243": "value-1"} to topic topic-b3e0ddd7_71a4_48f9_b2f4_d10cb33c0cdb
2025-07-31 17:05:16,417 INFO  [io.api.tes.ser.api.KafkaSerdesTester] (Thread-707) Sending message {"key11753981515243": "value-2"} to topic topic-b3e0ddd7_71a4_48f9_b2f4_d10cb33c0cdb
2025-07-31 17:05:16,418 INFO  [io.api.tes.ser.api.KafkaSerdesTester] (Thread-707) Sending message {"key11753981515243": "value-3"} to topic topic-b3e0ddd7_71a4_48f9_b2f4_d10cb33c0cdb
2025-07-31 17:05:16,421 INFO  [io.api.tes.ser.api.KafkaSerdesTester] (Thread-707) Sending message {"key11753981515243": "value-4"} to topic topic-b3e0ddd7_71a4_48f9_b2f4_d10cb33c0cdb
2025-07-31 17:05:16,422 INFO  [io.api.tes.ser.api.KafkaSerdesTester] (Thread-707) Sending message {"key11753981515243": "value-5"} to topic topic-b3e0ddd7_71a4_48f9_b2f4_d10cb33c0cdb
2025-07-31 17:05:16,426 INFO  [io.api.tes.ser.api.KafkaSerdesTester] (Thread-707) Sending message {"key11753981515243": "value-6"} to topic topic-b3e0ddd7_71a4_48f9_b2f4_d10cb33c0cdb
2025-07-31 17:05:16,427 INFO  [io.api.tes.ser.api.KafkaSerdesTester] (Thread-707) Sending message {"key11753981515243": "value-7"} to topic topic-b3e0ddd7_71a4_48f9_b2f4_d10cb33c0cdb
2025-07-31 17:05:16,429 INFO  [io.api.tes.ser.api.KafkaSerdesTester] (Thread-707) Sending message {"key11753981515243": "value-8"} to topic topic-b3e0ddd7_71a4_48f9_b2f4_d10cb33c0cdb
2025-07-31 17:05:16,430 INFO  [io.api.tes.ser.api.KafkaSerdesTester] (Thread-707) Sending message {"key11753981515243": "value-9"} to topic topic-b3e0ddd7_71a4_48f9_b2f4_d10cb33c0cdb
2025-07-31 17:05:16,431 INFO  [io.api.tes.ser.api.KafkaSerdesTester] (Thread-707) Produced 10 messages
2025-07-31 17:05:16,431 INFO  [org.apa.kaf.cli.pro.KafkaProducer] (Thread-707) [Producer clientId=Producer-topic-b3e0ddd7_71a4_48f9_b2f4_d10cb33c0cdb] Closing the Kafka producer with timeoutMillis = 9223372036854775807 ms.
2025-07-31 17:05:16,433 INFO  [org.apa.kaf.com.met.Metrics] (Thread-707) Metrics scheduler closed
2025-07-31 17:05:16,433 INFO  [org.apa.kaf.com.met.Metrics] (Thread-707) Closing reporter org.apache.kafka.common.metrics.JmxReporter
2025-07-31 17:05:16,433 INFO  [org.apa.kaf.com.met.Metrics] (Thread-707) Closing reporter org.apache.kafka.common.telemetry.internals.ClientTelemetryReporter
2025-07-31 17:05:16,433 INFO  [org.apa.kaf.com.met.Metrics] (Thread-707) Metrics reporters closed
2025-07-31 17:05:16,433 INFO  [org.apa.kaf.com.uti.AppInfoParser] (Thread-707) App info kafka.producer for Producer-topic-b3e0ddd7_71a4_48f9_b2f4_d10cb33c0cdb unregistered
2025-07-31 17:05:16,434 INFO  [io.api.tes.ser.api.KafkaSerdesTester] (Thread-708) Sending message {"key11753981515243": "value-0"} to topic topic-941a9f98_0a7c_4294_83f0_e6b0f6c25dcc
2025-07-31 17:05:16,438 INFO  [DefaultSchemaResolver] (Thread-708) Retrieving schema content using string: {"type":"record","name":"myrecordconfluent","fields":[{"name":"key11753981515243","type":"string"}]}
2025-07-31 17:05:16,471 INFO  [io.api.tes.ser.api.KafkaSerdesTester] (Thread-708) Sending message {"key11753981515243": "value-1"} to topic topic-941a9f98_0a7c_4294_83f0_e6b0f6c25dcc
2025-07-31 17:05:16,473 INFO  [io.api.tes.ser.api.KafkaSerdesTester] (Thread-708) Sending message {"key11753981515243": "value-2"} to topic topic-941a9f98_0a7c_4294_83f0_e6b0f6c25dcc
2025-07-31 17:05:16,474 INFO  [io.api.tes.ser.api.KafkaSerdesTester] (Thread-708) Sending message {"key11753981515243": "value-3"} to topic topic-941a9f98_0a7c_4294_83f0_e6b0f6c25dcc
2025-07-31 17:05:16,475 INFO  [io.api.tes.ser.api.KafkaSerdesTester] (Thread-708) Sending message {"key11753981515243": "value-4"} to topic topic-941a9f98_0a7c_4294_83f0_e6b0f6c25dcc
2025-07-31 17:05:16,476 INFO  [io.api.tes.ser.api.KafkaSerdesTester] (Thread-708) Sending message {"key11753981515243": "value-5"} to topic topic-941a9f98_0a7c_4294_83f0_e6b0f6c25dcc
2025-07-31 17:05:16,478 INFO  [io.api.tes.ser.api.KafkaSerdesTester] (Thread-708) Sending message {"key11753981515243": "value-6"} to topic topic-941a9f98_0a7c_4294_83f0_e6b0f6c25dcc
2025-07-31 17:05:16,479 INFO  [io.api.tes.ser.api.KafkaSerdesTester] (Thread-708) Sending message {"key11753981515243": "value-7"} to topic topic-941a9f98_0a7c_4294_83f0_e6b0f6c25dcc
2025-07-31 17:05:16,480 INFO  [io.api.tes.ser.api.KafkaSerdesTester] (Thread-708) Sending message {"key11753981515243": "value-8"} to topic topic-941a9f98_0a7c_4294_83f0_e6b0f6c25dcc
2025-07-31 17:05:16,481 INFO  [io.api.tes.ser.api.KafkaSerdesTester] (Thread-708) Sending message {"key11753981515243": "value-9"} to topic topic-941a9f98_0a7c_4294_83f0_e6b0f6c25dcc
2025-07-31 17:05:16,482 INFO  [io.api.tes.ser.api.KafkaSerdesTester] (Thread-708) Produced 10 messages
2025-07-31 17:05:16,483 INFO  [org.apa.kaf.cli.pro.KafkaProducer] (Thread-708) [Producer clientId=Producer-topic-941a9f98_0a7c_4294_83f0_e6b0f6c25dcc] Closing the Kafka producer with timeoutMillis = 9223372036854775807 ms.
2025-07-31 17:05:16,486 INFO  [org.apa.kaf.com.met.Metrics] (Thread-708) Metrics scheduler closed
2025-07-31 17:05:16,486 INFO  [org.apa.kaf.com.met.Metrics] (Thread-708) Closing reporter org.apache.kafka.common.metrics.JmxReporter
2025-07-31 17:05:16,486 INFO  [org.apa.kaf.com.met.Metrics] (Thread-708) Closing reporter org.apache.kafka.common.telemetry.internals.ClientTelemetryReporter
2025-07-31 17:05:16,486 INFO  [org.apa.kaf.com.met.Metrics] (Thread-708) Metrics reporters closed
2025-07-31 17:05:16,486 INFO  [org.apa.kaf.com.uti.AppInfoParser] (Thread-708) App info kafka.producer for Producer-topic-941a9f98_0a7c_4294_83f0_e6b0f6c25dcc unregistered
2025-07-31 17:05:16,488 INFO  [io.api.tes.ser.api.KafkaSerdesTester] (Thread-709) Sending message {"key11753981515243": "value-0"} to topic topic-469016e3_25dd_4763_8bf6_5b8dce4da9c1
2025-07-31 17:05:16,493 INFO  [DefaultSchemaResolver] (Thread-709) Retrieving schema content using string: {"type":"record","name":"myrecordconfluent","fields":[{"name":"key11753981515243","type":"string"}]}
2025-07-31 17:05:16,527 INFO  [io.api.tes.ser.api.KafkaSerdesTester] (Thread-709) Sending message {"key11753981515243": "value-1"} to topic topic-469016e3_25dd_4763_8bf6_5b8dce4da9c1
2025-07-31 17:05:16,530 INFO  [io.api.tes.ser.api.KafkaSerdesTester] (Thread-709) Sending message {"key11753981515243": "value-2"} to topic topic-469016e3_25dd_4763_8bf6_5b8dce4da9c1
2025-07-31 17:05:16,532 INFO  [io.api.tes.ser.api.KafkaSerdesTester] (Thread-709) Sending message {"key11753981515243": "value-3"} to topic topic-469016e3_25dd_4763_8bf6_5b8dce4da9c1
2025-07-31 17:05:16,534 INFO  [io.api.tes.ser.api.KafkaSerdesTester] (Thread-709) Sending message {"key11753981515243": "value-4"} to topic topic-469016e3_25dd_4763_8bf6_5b8dce4da9c1
2025-07-31 17:05:16,535 INFO  [io.api.tes.ser.api.KafkaSerdesTester] (Thread-709) Sending message {"key11753981515243": "value-5"} to topic topic-469016e3_25dd_4763_8bf6_5b8dce4da9c1
2025-07-31 17:05:16,537 INFO  [io.api.tes.ser.api.KafkaSerdesTester] (Thread-709) Sending message {"key11753981515243": "value-6"} to topic topic-469016e3_25dd_4763_8bf6_5b8dce4da9c1
2025-07-31 17:05:16,538 INFO  [io.api.tes.ser.api.KafkaSerdesTester] (Thread-709) Sending message {"key11753981515243": "value-7"} to topic topic-469016e3_25dd_4763_8bf6_5b8dce4da9c1
2025-07-31 17:05:16,539 INFO  [io.api.tes.ser.api.KafkaSerdesTester] (Thread-709) Sending message {"key11753981515243": "value-8"} to topic topic-469016e3_25dd_4763_8bf6_5b8dce4da9c1
2025-07-31 17:05:16,540 INFO  [io.api.tes.ser.api.KafkaSerdesTester] (Thread-709) Sending message {"key11753981515243": "value-9"} to topic topic-469016e3_25dd_4763_8bf6_5b8dce4da9c1
2025-07-31 17:05:16,543 INFO  [io.api.tes.ser.api.KafkaSerdesTester] (Thread-709) Produced 10 messages
2025-07-31 17:05:16,543 INFO  [org.apa.kaf.cli.pro.KafkaProducer] (Thread-709) [Producer clientId=Producer-topic-469016e3_25dd_4763_8bf6_5b8dce4da9c1] Closing the Kafka producer with timeoutMillis = 9223372036854775807 ms.
2025-07-31 17:05:16,546 INFO  [org.apa.kaf.com.met.Metrics] (Thread-709) Metrics scheduler closed
2025-07-31 17:05:16,546 INFO  [org.apa.kaf.com.met.Metrics] (Thread-709) Closing reporter org.apache.kafka.common.metrics.JmxReporter
2025-07-31 17:05:16,546 INFO  [org.apa.kaf.com.met.Metrics] (Thread-709) Closing reporter org.apache.kafka.common.telemetry.internals.ClientTelemetryReporter
2025-07-31 17:05:16,546 INFO  [org.apa.kaf.com.met.Metrics] (Thread-709) Metrics reporters closed
2025-07-31 17:05:16,546 INFO  [org.apa.kaf.com.uti.AppInfoParser] (Thread-709) App info kafka.producer for Producer-topic-469016e3_25dd_4763_8bf6_5b8dce4da9c1 unregistered
2025-07-31 17:05:16,547 INFO  [org.apa.kaf.cli.con.int.ClassicKafkaConsumer] (Thread-710) [Consumer clientId=consumer-Consumer-topic-b3e0ddd7_71a4_48f9_b2f4_d10cb33c0cdb-14, groupId=Consumer-topic-b3e0ddd7_71a4_48f9_b2f4_d10cb33c0cdb] Subscribed to topic(s): topic-b3e0ddd7_71a4_48f9_b2f4_d10cb33c0cdb
2025-07-31 17:05:16,552 INFO  [org.apa.kaf.cli.Metadata] (Thread-710) [Consumer clientId=consumer-Consumer-topic-b3e0ddd7_71a4_48f9_b2f4_d10cb33c0cdb-14, groupId=Consumer-topic-b3e0ddd7_71a4_48f9_b2f4_d10cb33c0cdb] Cluster ID: WpqyxNU-RHKB_ermmfvksw
2025-07-31 17:05:16,552 INFO  [org.apa.kaf.cli.con.int.ConsumerCoordinator] (Thread-710) [Consumer clientId=consumer-Consumer-topic-b3e0ddd7_71a4_48f9_b2f4_d10cb33c0cdb-14, groupId=Consumer-topic-b3e0ddd7_71a4_48f9_b2f4_d10cb33c0cdb] Discovered group coordinator localhost:32770 (id: 2147483647 rack: null)
2025-07-31 17:05:16,553 INFO  [org.apa.kaf.cli.con.int.ConsumerCoordinator] (Thread-710) [Consumer clientId=consumer-Consumer-topic-b3e0ddd7_71a4_48f9_b2f4_d10cb33c0cdb-14, groupId=Consumer-topic-b3e0ddd7_71a4_48f9_b2f4_d10cb33c0cdb] (Re-)joining group
2025-07-31 17:05:16,557 INFO  [org.apa.kaf.cli.con.int.ConsumerCoordinator] (Thread-710) [Consumer clientId=consumer-Consumer-topic-b3e0ddd7_71a4_48f9_b2f4_d10cb33c0cdb-14, groupId=Consumer-topic-b3e0ddd7_71a4_48f9_b2f4_d10cb33c0cdb] Request joining group due to: need to re-join with the given member-id: consumer-Consumer-topic-b3e0ddd7_71a4_48f9_b2f4_d10cb33c0cdb-14-e66f57a2-3eb5-4ef4-9691-1b18ed7ff94f
2025-07-31 17:05:16,557 INFO  [org.apa.kaf.cli.con.int.ConsumerCoordinator] (Thread-710) [Consumer clientId=consumer-Consumer-topic-b3e0ddd7_71a4_48f9_b2f4_d10cb33c0cdb-14, groupId=Consumer-topic-b3e0ddd7_71a4_48f9_b2f4_d10cb33c0cdb] (Re-)joining group
2025-07-31 17:05:16,561 INFO  [org.apa.kaf.cli.con.int.ConsumerCoordinator] (Thread-710) [Consumer clientId=consumer-Consumer-topic-b3e0ddd7_71a4_48f9_b2f4_d10cb33c0cdb-14, groupId=Consumer-topic-b3e0ddd7_71a4_48f9_b2f4_d10cb33c0cdb] Successfully joined group with generation Generation{generationId=1, memberId='consumer-Consumer-topic-b3e0ddd7_71a4_48f9_b2f4_d10cb33c0cdb-14-e66f57a2-3eb5-4ef4-9691-1b18ed7ff94f', protocol='range'}
2025-07-31 17:05:16,563 INFO  [org.apa.kaf.cli.con.int.ConsumerCoordinator] (Thread-710) [Consumer clientId=consumer-Consumer-topic-b3e0ddd7_71a4_48f9_b2f4_d10cb33c0cdb-14, groupId=Consumer-topic-b3e0ddd7_71a4_48f9_b2f4_d10cb33c0cdb] Finished assignment for group at generation 1: {consumer-Consumer-topic-b3e0ddd7_71a4_48f9_b2f4_d10cb33c0cdb-14-e66f57a2-3eb5-4ef4-9691-1b18ed7ff94f=Assignment(partitions=[topic-b3e0ddd7_71a4_48f9_b2f4_d10cb33c0cdb-0])}
2025-07-31 17:05:16,567 INFO  [org.apa.kaf.cli.con.int.ConsumerCoordinator] (Thread-710) [Consumer clientId=consumer-Consumer-topic-b3e0ddd7_71a4_48f9_b2f4_d10cb33c0cdb-14, groupId=Consumer-topic-b3e0ddd7_71a4_48f9_b2f4_d10cb33c0cdb] Successfully synced group in generation Generation{generationId=1, memberId='consumer-Consumer-topic-b3e0ddd7_71a4_48f9_b2f4_d10cb33c0cdb-14-e66f57a2-3eb5-4ef4-9691-1b18ed7ff94f', protocol='range'}
2025-07-31 17:05:16,567 INFO  [org.apa.kaf.cli.con.int.ConsumerCoordinator] (Thread-710) [Consumer clientId=consumer-Consumer-topic-b3e0ddd7_71a4_48f9_b2f4_d10cb33c0cdb-14, groupId=Consumer-topic-b3e0ddd7_71a4_48f9_b2f4_d10cb33c0cdb] Notifying assignor about the new Assignment(partitions=[topic-b3e0ddd7_71a4_48f9_b2f4_d10cb33c0cdb-0])
2025-07-31 17:05:16,567 INFO  [org.apa.kaf.cli.con.int.ConsumerRebalanceListenerInvoker] (Thread-710) [Consumer clientId=consumer-Consumer-topic-b3e0ddd7_71a4_48f9_b2f4_d10cb33c0cdb-14, groupId=Consumer-topic-b3e0ddd7_71a4_48f9_b2f4_d10cb33c0cdb] Adding newly assigned partitions: topic-b3e0ddd7_71a4_48f9_b2f4_d10cb33c0cdb-0
2025-07-31 17:05:16,570 INFO  [org.apa.kaf.cli.con.int.ConsumerCoordinator] (Thread-710) [Consumer clientId=consumer-Consumer-topic-b3e0ddd7_71a4_48f9_b2f4_d10cb33c0cdb-14, groupId=Consumer-topic-b3e0ddd7_71a4_48f9_b2f4_d10cb33c0cdb] Found no committed offset for partition topic-b3e0ddd7_71a4_48f9_b2f4_d10cb33c0cdb-0
2025-07-31 17:05:16,575 INFO  [org.apa.kaf.cli.con.int.SubscriptionState] (Thread-710) [Consumer clientId=consumer-Consumer-topic-b3e0ddd7_71a4_48f9_b2f4_d10cb33c0cdb-14, groupId=Consumer-topic-b3e0ddd7_71a4_48f9_b2f4_d10cb33c0cdb] Resetting offset for partition topic-b3e0ddd7_71a4_48f9_b2f4_d10cb33c0cdb-0 to position FetchPosition{offset=0, offsetEpoch=Optional.empty, currentLeader=LeaderAndEpoch{leader=Optional[localhost:32770 (id: 0 rack: null)], epoch=0}}.
2025-07-31 17:05:16,616 INFO  [io.api.tes.ser.api.KafkaSerdesTester] (Thread-710) topic-b3e0ddd7_71a4_48f9_b2f4_d10cb33c0cdb 0 0 {"key11753981515243": "value-0"}
2025-07-31 17:05:16,616 INFO  [io.api.tes.ser.api.KafkaSerdesTester] (Thread-710) topic-b3e0ddd7_71a4_48f9_b2f4_d10cb33c0cdb 0 1 {"key11753981515243": "value-1"}
2025-07-31 17:05:16,616 INFO  [io.api.tes.ser.api.KafkaSerdesTester] (Thread-710) topic-b3e0ddd7_71a4_48f9_b2f4_d10cb33c0cdb 0 2 {"key11753981515243": "value-2"}
2025-07-31 17:05:16,616 INFO  [io.api.tes.ser.api.KafkaSerdesTester] (Thread-710) topic-b3e0ddd7_71a4_48f9_b2f4_d10cb33c0cdb 0 3 {"key11753981515243": "value-3"}
2025-07-31 17:05:16,616 INFO  [io.api.tes.ser.api.KafkaSerdesTester] (Thread-710) topic-b3e0ddd7_71a4_48f9_b2f4_d10cb33c0cdb 0 4 {"key11753981515243": "value-4"}
2025-07-31 17:05:16,616 INFO  [io.api.tes.ser.api.KafkaSerdesTester] (Thread-710) topic-b3e0ddd7_71a4_48f9_b2f4_d10cb33c0cdb 0 5 {"key11753981515243": "value-5"}
2025-07-31 17:05:16,616 INFO  [io.api.tes.ser.api.KafkaSerdesTester] (Thread-710) topic-b3e0ddd7_71a4_48f9_b2f4_d10cb33c0cdb 0 6 {"key11753981515243": "value-6"}
2025-07-31 17:05:16,616 INFO  [io.api.tes.ser.api.KafkaSerdesTester] (Thread-710) topic-b3e0ddd7_71a4_48f9_b2f4_d10cb33c0cdb 0 7 {"key11753981515243": "value-7"}
2025-07-31 17:05:16,616 INFO  [io.api.tes.ser.api.KafkaSerdesTester] (Thread-710) topic-b3e0ddd7_71a4_48f9_b2f4_d10cb33c0cdb 0 8 {"key11753981515243": "value-8"}
2025-07-31 17:05:16,616 INFO  [io.api.tes.ser.api.KafkaSerdesTester] (Thread-710) topic-b3e0ddd7_71a4_48f9_b2f4_d10cb33c0cdb 0 9 {"key11753981515243": "value-9"}
2025-07-31 17:05:16,617 INFO  [io.api.tes.ser.api.KafkaSerdesTester] (Thread-710) Consumed 10 messages
2025-07-31 17:05:16,619 INFO  [org.apa.kaf.cli.con.int.ConsumerRebalanceListenerInvoker] (Thread-710) [Consumer clientId=consumer-Consumer-topic-b3e0ddd7_71a4_48f9_b2f4_d10cb33c0cdb-14, groupId=Consumer-topic-b3e0ddd7_71a4_48f9_b2f4_d10cb33c0cdb] Revoke previously assigned partitions topic-b3e0ddd7_71a4_48f9_b2f4_d10cb33c0cdb-0
2025-07-31 17:05:16,620 INFO  [org.apa.kaf.cli.con.int.ConsumerCoordinator] (Thread-710) [Consumer clientId=consumer-Consumer-topic-b3e0ddd7_71a4_48f9_b2f4_d10cb33c0cdb-14, groupId=Consumer-topic-b3e0ddd7_71a4_48f9_b2f4_d10cb33c0cdb] Member consumer-Consumer-topic-b3e0ddd7_71a4_48f9_b2f4_d10cb33c0cdb-14-e66f57a2-3eb5-4ef4-9691-1b18ed7ff94f sending LeaveGroup request to coordinator localhost:32770 (id: 2147483647 rack: null) due to the consumer is being closed
2025-07-31 17:05:16,620 INFO  [org.apa.kaf.cli.con.int.ConsumerCoordinator] (Thread-710) [Consumer clientId=consumer-Consumer-topic-b3e0ddd7_71a4_48f9_b2f4_d10cb33c0cdb-14, groupId=Consumer-topic-b3e0ddd7_71a4_48f9_b2f4_d10cb33c0cdb] Resetting generation and member id due to: consumer pro-actively leaving the group
2025-07-31 17:05:16,620 INFO  [org.apa.kaf.cli.con.int.ConsumerCoordinator] (Thread-710) [Consumer clientId=consumer-Consumer-topic-b3e0ddd7_71a4_48f9_b2f4_d10cb33c0cdb-14, groupId=Consumer-topic-b3e0ddd7_71a4_48f9_b2f4_d10cb33c0cdb] Request joining group due to: consumer pro-actively leaving the group
2025-07-31 17:05:17,120 INFO  [org.apa.kaf.com.met.Metrics] (Thread-710) Metrics scheduler closed
2025-07-31 17:05:17,120 INFO  [org.apa.kaf.com.met.Metrics] (Thread-710) Closing reporter org.apache.kafka.common.metrics.JmxReporter
2025-07-31 17:05:17,120 INFO  [org.apa.kaf.com.met.Metrics] (Thread-710) Closing reporter org.apache.kafka.common.telemetry.internals.ClientTelemetryReporter
2025-07-31 17:05:17,120 INFO  [org.apa.kaf.com.met.Metrics] (Thread-710) Metrics reporters closed
2025-07-31 17:05:17,122 INFO  [org.apa.kaf.com.uti.AppInfoParser] (Thread-710) App info kafka.consumer for consumer-Consumer-topic-b3e0ddd7_71a4_48f9_b2f4_d10cb33c0cdb-14 unregistered
2025-07-31 17:05:17,123 INFO  [org.apa.kaf.cli.con.int.ClassicKafkaConsumer] (Thread-711) [Consumer clientId=consumer-Consumer-topic-941a9f98_0a7c_4294_83f0_e6b0f6c25dcc-15, groupId=Consumer-topic-941a9f98_0a7c_4294_83f0_e6b0f6c25dcc] Subscribed to topic(s): topic-941a9f98_0a7c_4294_83f0_e6b0f6c25dcc
2025-07-31 17:05:17,128 INFO  [org.apa.kaf.cli.Metadata] (Thread-711) [Consumer clientId=consumer-Consumer-topic-941a9f98_0a7c_4294_83f0_e6b0f6c25dcc-15, groupId=Consumer-topic-941a9f98_0a7c_4294_83f0_e6b0f6c25dcc] Cluster ID: WpqyxNU-RHKB_ermmfvksw
2025-07-31 17:05:17,128 INFO  [org.apa.kaf.cli.con.int.ConsumerCoordinator] (Thread-711) [Consumer clientId=consumer-Consumer-topic-941a9f98_0a7c_4294_83f0_e6b0f6c25dcc-15, groupId=Consumer-topic-941a9f98_0a7c_4294_83f0_e6b0f6c25dcc] Discovered group coordinator localhost:32770 (id: 2147483647 rack: null)
2025-07-31 17:05:17,130 INFO  [org.apa.kaf.cli.con.int.ConsumerCoordinator] (Thread-711) [Consumer clientId=consumer-Consumer-topic-941a9f98_0a7c_4294_83f0_e6b0f6c25dcc-15, groupId=Consumer-topic-941a9f98_0a7c_4294_83f0_e6b0f6c25dcc] (Re-)joining group
2025-07-31 17:05:17,136 INFO  [org.apa.kaf.cli.con.int.ConsumerCoordinator] (Thread-711) [Consumer clientId=consumer-Consumer-topic-941a9f98_0a7c_4294_83f0_e6b0f6c25dcc-15, groupId=Consumer-topic-941a9f98_0a7c_4294_83f0_e6b0f6c25dcc] Request joining group due to: need to re-join with the given member-id: consumer-Consumer-topic-941a9f98_0a7c_4294_83f0_e6b0f6c25dcc-15-b822e2ad-1ea7-444f-8330-cb7ae4b2e49f
2025-07-31 17:05:17,136 INFO  [org.apa.kaf.cli.con.int.ConsumerCoordinator] (Thread-711) [Consumer clientId=consumer-Consumer-topic-941a9f98_0a7c_4294_83f0_e6b0f6c25dcc-15, groupId=Consumer-topic-941a9f98_0a7c_4294_83f0_e6b0f6c25dcc] (Re-)joining group
2025-07-31 17:05:17,140 INFO  [org.apa.kaf.cli.con.int.ConsumerCoordinator] (Thread-711) [Consumer clientId=consumer-Consumer-topic-941a9f98_0a7c_4294_83f0_e6b0f6c25dcc-15, groupId=Consumer-topic-941a9f98_0a7c_4294_83f0_e6b0f6c25dcc] Successfully joined group with generation Generation{generationId=1, memberId='consumer-Consumer-topic-941a9f98_0a7c_4294_83f0_e6b0f6c25dcc-15-b822e2ad-1ea7-444f-8330-cb7ae4b2e49f', protocol='range'}
2025-07-31 17:05:17,140 INFO  [org.apa.kaf.cli.con.int.ConsumerCoordinator] (Thread-711) [Consumer clientId=consumer-Consumer-topic-941a9f98_0a7c_4294_83f0_e6b0f6c25dcc-15, groupId=Consumer-topic-941a9f98_0a7c_4294_83f0_e6b0f6c25dcc] Finished assignment for group at generation 1: {consumer-Consumer-topic-941a9f98_0a7c_4294_83f0_e6b0f6c25dcc-15-b822e2ad-1ea7-444f-8330-cb7ae4b2e49f=Assignment(partitions=[topic-941a9f98_0a7c_4294_83f0_e6b0f6c25dcc-0])}
2025-07-31 17:05:17,143 INFO  [org.apa.kaf.cli.con.int.ConsumerCoordinator] (Thread-711) [Consumer clientId=consumer-Consumer-topic-941a9f98_0a7c_4294_83f0_e6b0f6c25dcc-15, groupId=Consumer-topic-941a9f98_0a7c_4294_83f0_e6b0f6c25dcc] Successfully synced group in generation Generation{generationId=1, memberId='consumer-Consumer-topic-941a9f98_0a7c_4294_83f0_e6b0f6c25dcc-15-b822e2ad-1ea7-444f-8330-cb7ae4b2e49f', protocol='range'}
2025-07-31 17:05:17,143 INFO  [org.apa.kaf.cli.con.int.ConsumerCoordinator] (Thread-711) [Consumer clientId=consumer-Consumer-topic-941a9f98_0a7c_4294_83f0_e6b0f6c25dcc-15, groupId=Consumer-topic-941a9f98_0a7c_4294_83f0_e6b0f6c25dcc] Notifying assignor about the new Assignment(partitions=[topic-941a9f98_0a7c_4294_83f0_e6b0f6c25dcc-0])
2025-07-31 17:05:17,143 INFO  [org.apa.kaf.cli.con.int.ConsumerRebalanceListenerInvoker] (Thread-711) [Consumer clientId=consumer-Consumer-topic-941a9f98_0a7c_4294_83f0_e6b0f6c25dcc-15, groupId=Consumer-topic-941a9f98_0a7c_4294_83f0_e6b0f6c25dcc] Adding newly assigned partitions: topic-941a9f98_0a7c_4294_83f0_e6b0f6c25dcc-0
2025-07-31 17:05:17,144 INFO  [org.apa.kaf.cli.con.int.ConsumerCoordinator] (Thread-711) [Consumer clientId=consumer-Consumer-topic-941a9f98_0a7c_4294_83f0_e6b0f6c25dcc-15, groupId=Consumer-topic-941a9f98_0a7c_4294_83f0_e6b0f6c25dcc] Found no committed offset for partition topic-941a9f98_0a7c_4294_83f0_e6b0f6c25dcc-0
2025-07-31 17:05:17,148 INFO  [org.apa.kaf.cli.con.int.SubscriptionState] (Thread-711) [Consumer clientId=consumer-Consumer-topic-941a9f98_0a7c_4294_83f0_e6b0f6c25dcc-15, groupId=Consumer-topic-941a9f98_0a7c_4294_83f0_e6b0f6c25dcc] Resetting offset for partition topic-941a9f98_0a7c_4294_83f0_e6b0f6c25dcc-0 to position FetchPosition{offset=0, offsetEpoch=Optional.empty, currentLeader=LeaderAndEpoch{leader=Optional[localhost:32770 (id: 0 rack: null)], epoch=0}}.
2025-07-31 17:05:17,187 INFO  [io.api.tes.ser.api.KafkaSerdesTester] (Thread-711) topic-941a9f98_0a7c_4294_83f0_e6b0f6c25dcc 0 0 {"key11753981515243": "value-0"}
2025-07-31 17:05:17,187 INFO  [io.api.tes.ser.api.KafkaSerdesTester] (Thread-711) topic-941a9f98_0a7c_4294_83f0_e6b0f6c25dcc 0 1 {"key11753981515243": "value-1"}
2025-07-31 17:05:17,187 INFO  [io.api.tes.ser.api.KafkaSerdesTester] (Thread-711) topic-941a9f98_0a7c_4294_83f0_e6b0f6c25dcc 0 2 {"key11753981515243": "value-2"}
2025-07-31 17:05:17,187 INFO  [io.api.tes.ser.api.KafkaSerdesTester] (Thread-711) topic-941a9f98_0a7c_4294_83f0_e6b0f6c25dcc 0 3 {"key11753981515243": "value-3"}
2025-07-31 17:05:17,187 INFO  [io.api.tes.ser.api.KafkaSerdesTester] (Thread-711) topic-941a9f98_0a7c_4294_83f0_e6b0f6c25dcc 0 4 {"key11753981515243": "value-4"}
2025-07-31 17:05:17,187 INFO  [io.api.tes.ser.api.KafkaSerdesTester] (Thread-711) topic-941a9f98_0a7c_4294_83f0_e6b0f6c25dcc 0 5 {"key11753981515243": "value-5"}
2025-07-31 17:05:17,187 INFO  [io.api.tes.ser.api.KafkaSerdesTester] (Thread-711) topic-941a9f98_0a7c_4294_83f0_e6b0f6c25dcc 0 6 {"key11753981515243": "value-6"}
2025-07-31 17:05:17,187 INFO  [io.api.tes.ser.api.KafkaSerdesTester] (Thread-711) topic-941a9f98_0a7c_4294_83f0_e6b0f6c25dcc 0 7 {"key11753981515243": "value-7"}
2025-07-31 17:05:17,187 INFO  [io.api.tes.ser.api.KafkaSerdesTester] (Thread-711) topic-941a9f98_0a7c_4294_83f0_e6b0f6c25dcc 0 8 {"key11753981515243": "value-8"}
2025-07-31 17:05:17,187 INFO  [io.api.tes.ser.api.KafkaSerdesTester] (Thread-711) topic-941a9f98_0a7c_4294_83f0_e6b0f6c25dcc 0 9 {"key11753981515243": "value-9"}
2025-07-31 17:05:17,187 INFO  [io.api.tes.ser.api.KafkaSerdesTester] (Thread-711) Consumed 10 messages
2025-07-31 17:05:17,189 INFO  [org.apa.kaf.cli.con.int.ConsumerRebalanceListenerInvoker] (Thread-711) [Consumer clientId=consumer-Consumer-topic-941a9f98_0a7c_4294_83f0_e6b0f6c25dcc-15, groupId=Consumer-topic-941a9f98_0a7c_4294_83f0_e6b0f6c25dcc] Revoke previously assigned partitions topic-941a9f98_0a7c_4294_83f0_e6b0f6c25dcc-0
2025-07-31 17:05:17,189 INFO  [org.apa.kaf.cli.con.int.ConsumerCoordinator] (Thread-711) [Consumer clientId=consumer-Consumer-topic-941a9f98_0a7c_4294_83f0_e6b0f6c25dcc-15, groupId=Consumer-topic-941a9f98_0a7c_4294_83f0_e6b0f6c25dcc] Member consumer-Consumer-topic-941a9f98_0a7c_4294_83f0_e6b0f6c25dcc-15-b822e2ad-1ea7-444f-8330-cb7ae4b2e49f sending LeaveGroup request to coordinator localhost:32770 (id: 2147483647 rack: null) due to the consumer is being closed
2025-07-31 17:05:17,190 INFO  [org.apa.kaf.cli.con.int.ConsumerCoordinator] (Thread-711) [Consumer clientId=consumer-Consumer-topic-941a9f98_0a7c_4294_83f0_e6b0f6c25dcc-15, groupId=Consumer-topic-941a9f98_0a7c_4294_83f0_e6b0f6c25dcc] Resetting generation and member id due to: consumer pro-actively leaving the group
2025-07-31 17:05:17,190 INFO  [org.apa.kaf.cli.con.int.ConsumerCoordinator] (Thread-711) [Consumer clientId=consumer-Consumer-topic-941a9f98_0a7c_4294_83f0_e6b0f6c25dcc-15, groupId=Consumer-topic-941a9f98_0a7c_4294_83f0_e6b0f6c25dcc] Request joining group due to: consumer pro-actively leaving the group
2025-07-31 17:05:17,690 INFO  [org.apa.kaf.com.met.Metrics] (Thread-711) Metrics scheduler closed
2025-07-31 17:05:17,690 INFO  [org.apa.kaf.com.met.Metrics] (Thread-711) Closing reporter org.apache.kafka.common.metrics.JmxReporter
2025-07-31 17:05:17,690 INFO  [org.apa.kaf.com.met.Metrics] (Thread-711) Closing reporter org.apache.kafka.common.telemetry.internals.ClientTelemetryReporter
2025-07-31 17:05:17,690 INFO  [org.apa.kaf.com.met.Metrics] (Thread-711) Metrics reporters closed
2025-07-31 17:05:17,693 INFO  [org.apa.kaf.com.uti.AppInfoParser] (Thread-711) App info kafka.consumer for consumer-Consumer-topic-941a9f98_0a7c_4294_83f0_e6b0f6c25dcc-15 unregistered
2025-07-31 17:05:17,693 INFO  [org.apa.kaf.cli.con.int.ClassicKafkaConsumer] (Thread-712) [Consumer clientId=consumer-Consumer-topic-469016e3_25dd_4763_8bf6_5b8dce4da9c1-16, groupId=Consumer-topic-469016e3_25dd_4763_8bf6_5b8dce4da9c1] Subscribed to topic(s): topic-469016e3_25dd_4763_8bf6_5b8dce4da9c1
2025-07-31 17:05:17,700 INFO  [org.apa.kaf.cli.Metadata] (Thread-712) [Consumer clientId=consumer-Consumer-topic-469016e3_25dd_4763_8bf6_5b8dce4da9c1-16, groupId=Consumer-topic-469016e3_25dd_4763_8bf6_5b8dce4da9c1] Cluster ID: WpqyxNU-RHKB_ermmfvksw
2025-07-31 17:05:17,701 INFO  [org.apa.kaf.cli.con.int.ConsumerCoordinator] (Thread-712) [Consumer clientId=consumer-Consumer-topic-469016e3_25dd_4763_8bf6_5b8dce4da9c1-16, groupId=Consumer-topic-469016e3_25dd_4763_8bf6_5b8dce4da9c1] Discovered group coordinator localhost:32770 (id: 2147483647 rack: null)
2025-07-31 17:05:17,702 INFO  [org.apa.kaf.cli.con.int.ConsumerCoordinator] (Thread-712) [Consumer clientId=consumer-Consumer-topic-469016e3_25dd_4763_8bf6_5b8dce4da9c1-16, groupId=Consumer-topic-469016e3_25dd_4763_8bf6_5b8dce4da9c1] (Re-)joining group
2025-07-31 17:05:17,704 INFO  [org.apa.kaf.cli.con.int.ConsumerCoordinator] (Thread-712) [Consumer clientId=consumer-Consumer-topic-469016e3_25dd_4763_8bf6_5b8dce4da9c1-16, groupId=Consumer-topic-469016e3_25dd_4763_8bf6_5b8dce4da9c1] Request joining group due to: need to re-join with the given member-id: consumer-Consumer-topic-469016e3_25dd_4763_8bf6_5b8dce4da9c1-16-8db35e23-50cf-43ce-b997-8f5c83bbee61
2025-07-31 17:05:17,704 INFO  [org.apa.kaf.cli.con.int.ConsumerCoordinator] (Thread-712) [Consumer clientId=consumer-Consumer-topic-469016e3_25dd_4763_8bf6_5b8dce4da9c1-16, groupId=Consumer-topic-469016e3_25dd_4763_8bf6_5b8dce4da9c1] (Re-)joining group
2025-07-31 17:05:17,709 INFO  [org.apa.kaf.cli.con.int.ConsumerCoordinator] (Thread-712) [Consumer clientId=consumer-Consumer-topic-469016e3_25dd_4763_8bf6_5b8dce4da9c1-16, groupId=Consumer-topic-469016e3_25dd_4763_8bf6_5b8dce4da9c1] Successfully joined group with generation Generation{generationId=1, memberId='consumer-Consumer-topic-469016e3_25dd_4763_8bf6_5b8dce4da9c1-16-8db35e23-50cf-43ce-b997-8f5c83bbee61', protocol='range'}
2025-07-31 17:05:17,709 INFO  [org.apa.kaf.cli.con.int.ConsumerCoordinator] (Thread-712) [Consumer clientId=consumer-Consumer-topic-469016e3_25dd_4763_8bf6_5b8dce4da9c1-16, groupId=Consumer-topic-469016e3_25dd_4763_8bf6_5b8dce4da9c1] Finished assignment for group at generation 1: {consumer-Consumer-topic-469016e3_25dd_4763_8bf6_5b8dce4da9c1-16-8db35e23-50cf-43ce-b997-8f5c83bbee61=Assignment(partitions=[topic-469016e3_25dd_4763_8bf6_5b8dce4da9c1-0])}
2025-07-31 17:05:17,712 INFO  [org.apa.kaf.cli.con.int.ConsumerCoordinator] (Thread-712) [Consumer clientId=consumer-Consumer-topic-469016e3_25dd_4763_8bf6_5b8dce4da9c1-16, groupId=Consumer-topic-469016e3_25dd_4763_8bf6_5b8dce4da9c1] Successfully synced group in generation Generation{generationId=1, memberId='consumer-Consumer-topic-469016e3_25dd_4763_8bf6_5b8dce4da9c1-16-8db35e23-50cf-43ce-b997-8f5c83bbee61', protocol='range'}
2025-07-31 17:05:17,712 INFO  [org.apa.kaf.cli.con.int.ConsumerCoordinator] (Thread-712) [Consumer clientId=consumer-Consumer-topic-469016e3_25dd_4763_8bf6_5b8dce4da9c1-16, groupId=Consumer-topic-469016e3_25dd_4763_8bf6_5b8dce4da9c1] Notifying assignor about the new Assignment(partitions=[topic-469016e3_25dd_4763_8bf6_5b8dce4da9c1-0])
2025-07-31 17:05:17,712 INFO  [org.apa.kaf.cli.con.int.ConsumerRebalanceListenerInvoker] (Thread-712) [Consumer clientId=consumer-Consumer-topic-469016e3_25dd_4763_8bf6_5b8dce4da9c1-16, groupId=Consumer-topic-469016e3_25dd_4763_8bf6_5b8dce4da9c1] Adding newly assigned partitions: topic-469016e3_25dd_4763_8bf6_5b8dce4da9c1-0
2025-07-31 17:05:17,713 INFO  [org.apa.kaf.cli.con.int.ConsumerCoordinator] (Thread-712) [Consumer clientId=consumer-Consumer-topic-469016e3_25dd_4763_8bf6_5b8dce4da9c1-16, groupId=Consumer-topic-469016e3_25dd_4763_8bf6_5b8dce4da9c1] Found no committed offset for partition topic-469016e3_25dd_4763_8bf6_5b8dce4da9c1-0
2025-07-31 17:05:17,720 INFO  [org.apa.kaf.cli.con.int.SubscriptionState] (Thread-712) [Consumer clientId=consumer-Consumer-topic-469016e3_25dd_4763_8bf6_5b8dce4da9c1-16, groupId=Consumer-topic-469016e3_25dd_4763_8bf6_5b8dce4da9c1] Resetting offset for partition topic-469016e3_25dd_4763_8bf6_5b8dce4da9c1-0 to position FetchPosition{offset=0, offsetEpoch=Optional.empty, currentLeader=LeaderAndEpoch{leader=Optional[localhost:32770 (id: 0 rack: null)], epoch=0}}.
2025-07-31 17:05:17,760 INFO  [io.api.tes.ser.api.KafkaSerdesTester] (Thread-712) topic-469016e3_25dd_4763_8bf6_5b8dce4da9c1 0 0 {"key11753981515243": "value-0"}
2025-07-31 17:05:17,760 INFO  [io.api.tes.ser.api.KafkaSerdesTester] (Thread-712) topic-469016e3_25dd_4763_8bf6_5b8dce4da9c1 0 1 {"key11753981515243": "value-1"}
2025-07-31 17:05:17,760 INFO  [io.api.tes.ser.api.KafkaSerdesTester] (Thread-712) topic-469016e3_25dd_4763_8bf6_5b8dce4da9c1 0 2 {"key11753981515243": "value-2"}
2025-07-31 17:05:17,760 INFO  [io.api.tes.ser.api.KafkaSerdesTester] (Thread-712) topic-469016e3_25dd_4763_8bf6_5b8dce4da9c1 0 3 {"key11753981515243": "value-3"}
2025-07-31 17:05:17,760 INFO  [io.api.tes.ser.api.KafkaSerdesTester] (Thread-712) topic-469016e3_25dd_4763_8bf6_5b8dce4da9c1 0 4 {"key11753981515243": "value-4"}
2025-07-31 17:05:17,760 INFO  [io.api.tes.ser.api.KafkaSerdesTester] (Thread-712) topic-469016e3_25dd_4763_8bf6_5b8dce4da9c1 0 5 {"key11753981515243": "value-5"}
2025-07-31 17:05:17,760 INFO  [io.api.tes.ser.api.KafkaSerdesTester] (Thread-712) topic-469016e3_25dd_4763_8bf6_5b8dce4da9c1 0 6 {"key11753981515243": "value-6"}
2025-07-31 17:05:17,760 INFO  [io.api.tes.ser.api.KafkaSerdesTester] (Thread-712) topic-469016e3_25dd_4763_8bf6_5b8dce4da9c1 0 7 {"key11753981515243": "value-7"}
2025-07-31 17:05:17,760 INFO  [io.api.tes.ser.api.KafkaSerdesTester] (Thread-712) topic-469016e3_25dd_4763_8bf6_5b8dce4da9c1 0 8 {"key11753981515243": "value-8"}
2025-07-31 17:05:17,760 INFO  [io.api.tes.ser.api.KafkaSerdesTester] (Thread-712) topic-469016e3_25dd_4763_8bf6_5b8dce4da9c1 0 9 {"key11753981515243": "value-9"}
2025-07-31 17:05:17,760 INFO  [io.api.tes.ser.api.KafkaSerdesTester] (Thread-712) Consumed 10 messages
2025-07-31 17:05:17,763 INFO  [org.apa.kaf.cli.con.int.ConsumerRebalanceListenerInvoker] (Thread-712) [Consumer clientId=consumer-Consumer-topic-469016e3_25dd_4763_8bf6_5b8dce4da9c1-16, groupId=Consumer-topic-469016e3_25dd_4763_8bf6_5b8dce4da9c1] Revoke previously assigned partitions topic-469016e3_25dd_4763_8bf6_5b8dce4da9c1-0
2025-07-31 17:05:17,763 INFO  [org.apa.kaf.cli.con.int.ConsumerCoordinator] (Thread-712) [Consumer clientId=consumer-Consumer-topic-469016e3_25dd_4763_8bf6_5b8dce4da9c1-16, groupId=Consumer-topic-469016e3_25dd_4763_8bf6_5b8dce4da9c1] Member consumer-Consumer-topic-469016e3_25dd_4763_8bf6_5b8dce4da9c1-16-8db35e23-50cf-43ce-b997-8f5c83bbee61 sending LeaveGroup request to coordinator localhost:32770 (id: 2147483647 rack: null) due to the consumer is being closed
2025-07-31 17:05:17,763 INFO  [org.apa.kaf.cli.con.int.ConsumerCoordinator] (Thread-712) [Consumer clientId=consumer-Consumer-topic-469016e3_25dd_4763_8bf6_5b8dce4da9c1-16, groupId=Consumer-topic-469016e3_25dd_4763_8bf6_5b8dce4da9c1] Resetting generation and member id due to: consumer pro-actively leaving the group
2025-07-31 17:05:17,763 INFO  [org.apa.kaf.cli.con.int.ConsumerCoordinator] (Thread-712) [Consumer clientId=consumer-Consumer-topic-469016e3_25dd_4763_8bf6_5b8dce4da9c1-16, groupId=Consumer-topic-469016e3_25dd_4763_8bf6_5b8dce4da9c1] Request joining group due to: consumer pro-actively leaving the group
2025-07-31 17:05:18,264 INFO  [org.apa.kaf.com.met.Metrics] (Thread-712) Metrics scheduler closed
2025-07-31 17:05:18,264 INFO  [org.apa.kaf.com.met.Metrics] (Thread-712) Closing reporter org.apache.kafka.common.metrics.JmxReporter
2025-07-31 17:05:18,264 INFO  [org.apa.kaf.com.met.Metrics] (Thread-712) Closing reporter org.apache.kafka.common.telemetry.internals.ClientTelemetryReporter
2025-07-31 17:05:18,264 INFO  [org.apa.kaf.com.met.Metrics] (Thread-712) Metrics reporters closed
2025-07-31 17:05:18,266 INFO  [org.apa.kaf.com.uti.AppInfoParser] (Thread-712) App info kafka.consumer for consumer-Consumer-topic-469016e3_25dd_4763_8bf6_5b8dce4da9c1-16 unregistered
2025-07-31 17:05:18,268 INFO  [io.api.tes.uti.TestSeparator] (main) io.apicurio.tests.serdes.apicurio.AvroSerdeIT.testAvroConfluentForMultipleTopics-FINISHED
2025-07-31 17:05:18,268 INFO  [io.api.tes.uti.TestSeparator] (main) ############################################################################
Test passed: testAvroConfluentForMultipleTopics
]]></system-out>
  </testcase>
  <testcase name="testFirstRequestFailsRateLimited" classname="io.apicurio.tests.serdes.apicurio.AvroSerdeIT" time="1.046">
    <system-out><![CDATA[2025-07-31 17:05:18,271 INFO  [io.api.tes.uti.TestSeparator] (main) ############################################################################
2025-07-31 17:05:18,272 INFO  [io.api.tes.uti.TestSeparator] (main) io.apicurio.tests.serdes.apicurio.AvroSerdeIT.testFirstRequestFailsRateLimited-STARTED
2025-07-31 17:05:18,743 WARN  [org.ecl.jet.ser.AbstractConnector] (main) Acceptors should be <= availableProcessors: NetworkTrafficServerConnector@4e4892bf{HTTP/1.1, (http/1.1, h2c)}{0.0.0.0:0} 
2025-07-31 17:05:18,861 INFO  [org.ecl.jet.ser.Server] (main) jetty-11.0.15; built: 2023-04-11T18:37:53.775Z; git: 5bc5e562c8d05c5862505aebe5cf83a61bdbcb96; jvm 17.0.16+8
2025-07-31 17:05:18,886 INFO  [org.ecl.jet.ser.han.ContextHandler] (main) Started o.e.j.s.ServletContextHandler@296a6a10{/__admin,null,AVAILABLE}
2025-07-31 17:05:18,895 INFO  [org.ecl.jet.ser.han.Con.ROOT] (main) RequestHandlerClass from context returned com.github.tomakehurst.wiremock.http.StubRequestHandler. Normalized mapped under returned 'null'
2025-07-31 17:05:18,896 INFO  [org.ecl.jet.ser.han.ContextHandler] (main) Started o.e.j.s.ServletContextHandler@fcdad9a{/,null,AVAILABLE}
2025-07-31 17:05:18,903 INFO  [org.ecl.jet.ser.AbstractConnector] (main) Started NetworkTrafficServerConnector@4e4892bf{HTTP/1.1, (http/1.1, h2c)}{0.0.0.0:43049}
2025-07-31 17:05:18,906 INFO  [org.ecl.jet.ser.Server] (main) Started Server@5c512d91{STARTING}[11.0.15,sto=1000] @57481ms
**** Registry Base URL: http://registry-app-kafkasql.apps.ci419.apicurio-testing.org:80
2025-07-31 17:05:18,917 INFO  [org.apa.kaf.cli.pro.ProducerConfig] (main) ProducerConfig values: 
	acks = -1
	auto.include.jmx.reporter = true
	batch.size = 16384
	bootstrap.servers = [PLAINTEXT://localhost:32770]
	buffer.memory = 33554432
	client.dns.lookup = use_all_dns_ips
	client.id = Producer-topic-5a4f971b_173a_42b0_87b7_2d2930e674fe
	compression.gzip.level = -1
	compression.lz4.level = 9
	compression.type = none
	compression.zstd.level = 3
	connections.max.idle.ms = 10000
	delivery.timeout.ms = 120000
	enable.idempotence = true
	enable.metrics.push = true
	interceptor.classes = []
	key.serializer = class org.apache.kafka.common.serialization.StringSerializer
	linger.ms = 0
	max.block.ms = 60000
	max.in.flight.requests.per.connection = 5
	max.request.size = 1048576
	metadata.max.age.ms = 300000
	metadata.max.idle.ms = 300000
	metadata.recovery.strategy = none
	metric.reporters = []
	metrics.num.samples = 2
	metrics.recording.level = INFO
	metrics.sample.window.ms = 30000
	partitioner.adaptive.partitioning.enable = true
	partitioner.availability.timeout.ms = 0
	partitioner.class = null
	partitioner.ignore.keys = false
	receive.buffer.bytes = 32768
	reconnect.backoff.max.ms = 1000
	reconnect.backoff.ms = 50
	request.timeout.ms = 5000
	retries = 2147483647
	retry.backoff.max.ms = 1000
	retry.backoff.ms = 100
	sasl.client.callback.handler.class = null
	sasl.jaas.config = null
	sasl.kerberos.kinit.cmd = /usr/bin/kinit
	sasl.kerberos.min.time.before.relogin = 60000
	sasl.kerberos.service.name = null
	sasl.kerberos.ticket.renew.jitter = 0.05
	sasl.kerberos.ticket.renew.window.factor = 0.8
	sasl.login.callback.handler.class = null
	sasl.login.class = null
	sasl.login.connect.timeout.ms = null
	sasl.login.read.timeout.ms = null
	sasl.login.refresh.buffer.seconds = 300
	sasl.login.refresh.min.period.seconds = 60
	sasl.login.refresh.window.factor = 0.8
	sasl.login.refresh.window.jitter = 0.05
	sasl.login.retry.backoff.max.ms = 10000
	sasl.login.retry.backoff.ms = 100
	sasl.mechanism = GSSAPI
	sasl.oauthbearer.clock.skew.seconds = 30
	sasl.oauthbearer.expected.audience = null
	sasl.oauthbearer.expected.issuer = null
	sasl.oauthbearer.header.urlencode = false
	sasl.oauthbearer.jwks.endpoint.refresh.ms = 3600000
	sasl.oauthbearer.jwks.endpoint.retry.backoff.max.ms = 10000
	sasl.oauthbearer.jwks.endpoint.retry.backoff.ms = 100
	sasl.oauthbearer.jwks.endpoint.url = null
	sasl.oauthbearer.scope.claim.name = scope
	sasl.oauthbearer.sub.claim.name = sub
	sasl.oauthbearer.token.endpoint.url = null
	security.protocol = PLAINTEXT
	security.providers = null
	send.buffer.bytes = 131072
	socket.connection.setup.timeout.max.ms = 30000
	socket.connection.setup.timeout.ms = 10000
	ssl.cipher.suites = null
	ssl.enabled.protocols = [TLSv1.2, TLSv1.3]
	ssl.endpoint.identification.algorithm = https
	ssl.engine.factory.class = null
	ssl.key.password = null
	ssl.keymanager.algorithm = SunX509
	ssl.keystore.certificate.chain = null
	ssl.keystore.key = null
	ssl.keystore.location = null
	ssl.keystore.password = null
	ssl.keystore.type = JKS
	ssl.protocol = TLSv1.3
	ssl.provider = null
	ssl.secure.random.implementation = null
	ssl.trustmanager.algorithm = PKIX
	ssl.truststore.certificates = null
	ssl.truststore.location = null
	ssl.truststore.password = null
	ssl.truststore.type = JKS
	transaction.timeout.ms = 60000
	transactional.id = null
	value.serializer = class io.apicurio.registry.serde.avro.AvroKafkaSerializer

2025-07-31 17:05:18,918 INFO  [org.apa.kaf.com.tel.int.KafkaMetricsCollector] (main) initializing Kafka metrics collector
2025-07-31 17:05:18,923 INFO  [org.apa.kaf.cli.pro.KafkaProducer] (main) [Producer clientId=Producer-topic-5a4f971b_173a_42b0_87b7_2d2930e674fe] Instantiated an idempotent producer.
2025-07-31 17:05:18,935 INFO  [org.apa.kaf.cli.pro.ProducerConfig] (main) These configurations '[apicurio.registry.url, apicurio.registry.artifact-resolver-strategy]' were supplied but are not used yet.
2025-07-31 17:05:18,935 INFO  [org.apa.kaf.com.uti.AppInfoParser] (main) Kafka version: 3.9.1
2025-07-31 17:05:18,935 INFO  [org.apa.kaf.com.uti.AppInfoParser] (main) Kafka commitId: f745dfdcee2b9851
2025-07-31 17:05:18,935 INFO  [org.apa.kaf.com.uti.AppInfoParser] (main) Kafka startTimeMs: 1753981518935
2025-07-31 17:05:18,958 INFO  [io.api.tes.ser.api.KafkaSerdesTester] (Thread-723) Sending message {"keyB": "value-0"} to topic topic-5a4f971b_173a_42b0_87b7_2d2930e674fe
2025-07-31 17:05:18,981 WARN  [org.apa.kaf.cli.NetworkClient] (kafka-producer-network-thread | Producer-topic-5a4f971b_173a_42b0_87b7_2d2930e674fe) [Producer clientId=Producer-topic-5a4f971b_173a_42b0_87b7_2d2930e674fe] The metadata response from the cluster reported a recoverable issue with correlation id 2 : {topic-5a4f971b_173a_42b0_87b7_2d2930e674fe=LEADER_NOT_AVAILABLE}
2025-07-31 17:05:18,981 INFO  [org.apa.kaf.cli.Metadata] (kafka-producer-network-thread | Producer-topic-5a4f971b_173a_42b0_87b7_2d2930e674fe) [Producer clientId=Producer-topic-5a4f971b_173a_42b0_87b7_2d2930e674fe] Cluster ID: WpqyxNU-RHKB_ermmfvksw
2025-07-31 17:05:18,982 INFO  [org.apa.kaf.cli.pro.int.TransactionManager] (kafka-producer-network-thread | Producer-topic-5a4f971b_173a_42b0_87b7_2d2930e674fe) [Producer clientId=Producer-topic-5a4f971b_173a_42b0_87b7_2d2930e674fe] ProducerId set to 22 with epoch 0
2025-07-31 17:05:19,100 INFO  [DefaultSchemaResolver] (Thread-723) Retrieving schema content using string: {"type":"record","name":"myrecord","namespace":"mygroup","fields":[{"name":"keyB","type":"string"}]}
2025-07-31 17:05:19,298 INFO  [org.apa.kaf.cli.pro.KafkaProducer] (Thread-723) [Producer clientId=Producer-topic-5a4f971b_173a_42b0_87b7_2d2930e674fe] Closing the Kafka producer with timeoutMillis = 9223372036854775807 ms.
2025-07-31 17:05:19,301 INFO  [org.apa.kaf.com.met.Metrics] (Thread-723) Metrics scheduler closed
2025-07-31 17:05:19,301 INFO  [org.apa.kaf.com.met.Metrics] (Thread-723) Closing reporter org.apache.kafka.common.metrics.JmxReporter
2025-07-31 17:05:19,301 INFO  [org.apa.kaf.com.met.Metrics] (Thread-723) Closing reporter org.apache.kafka.common.telemetry.internals.ClientTelemetryReporter
2025-07-31 17:05:19,301 INFO  [org.apa.kaf.com.met.Metrics] (Thread-723) Metrics reporters closed
2025-07-31 17:05:19,302 INFO  [org.apa.kaf.com.uti.AppInfoParser] (Thread-723) App info kafka.producer for Producer-topic-5a4f971b_173a_42b0_87b7_2d2930e674fe unregistered
2025-07-31 17:05:19,307 INFO  [org.ecl.jet.ser.Server] (main) Stopped Server@5c512d91{STOPPING}[11.0.15,sto=1000]
2025-07-31 17:05:19,308 INFO  [org.ecl.jet.ser.Server] (main) Shutdown Server@5c512d91{STOPPING}[11.0.15,sto=1000]
2025-07-31 17:05:19,312 INFO  [org.ecl.jet.ser.AbstractConnector] (main) Stopped NetworkTrafficServerConnector@4e4892bf{HTTP/1.1, (http/1.1, h2c)}{0.0.0.0:0}
2025-07-31 17:05:19,314 INFO  [org.ecl.jet.ser.han.ContextHandler] (main) Stopped o.e.j.s.ServletContextHandler@fcdad9a{/,null,STOPPED}
2025-07-31 17:05:19,314 INFO  [org.ecl.jet.ser.han.ContextHandler] (main) Stopped o.e.j.s.ServletContextHandler@296a6a10{/__admin,null,STOPPED}
2025-07-31 17:05:19,316 INFO  [io.api.tes.uti.TestSeparator] (main) io.apicurio.tests.serdes.apicurio.AvroSerdeIT.testFirstRequestFailsRateLimited-FINISHED
2025-07-31 17:05:19,316 INFO  [io.api.tes.uti.TestSeparator] (main) ############################################################################
Test passed: testFirstRequestFailsRateLimited
]]></system-out>
    <system-err><![CDATA[com.microsoft.kiota.ApiException: the server returned an unexpected status code and no error class is registered for this code 429
	at com.microsoft.kiota.ApiExceptionBuilder.withMessage(ApiExceptionBuilder.java:45)
	at io.kiota.http.vertx.VertXRequestAdapter.throwIfFailedResponse(VertXRequestAdapter.java:370)
	at io.kiota.http.vertx.VertXRequestAdapter.send(VertXRequestAdapter.java:170)
	at io.apicurio.registry.rest.client.search.versions.VersionsRequestBuilder.post(VersionsRequestBuilder.java:94)
	at io.apicurio.registry.resolver.client.RegistryClientFacadeImpl.searchVersionsByContent(RegistryClientFacadeImpl.java:104)
	at io.apicurio.registry.resolver.DefaultSchemaResolver.lambda$handleResolveSchemaByContent$3(DefaultSchemaResolver.java:258)
	at io.apicurio.registry.resolver.cache.ERCache.lambda$getValue$0(ERCache.java:174)
	at io.apicurio.registry.resolver.cache.ERCache.retry(ERCache.java:227)
	at io.apicurio.registry.resolver.cache.ERCache.getValue(ERCache.java:173)
	at io.apicurio.registry.resolver.cache.ERCache.getByContent(ERCache.java:147)
	at io.apicurio.registry.resolver.DefaultSchemaResolver.handleResolveSchemaByContent(DefaultSchemaResolver.java:253)
	at io.apicurio.registry.resolver.DefaultSchemaResolver.getSchemaFromRegistry(DefaultSchemaResolver.java:138)
	at io.apicurio.registry.resolver.DefaultSchemaResolver.lambda$resolveSchema$0(DefaultSchemaResolver.java:84)
	at java.base/java.util.Optional.orElseGet(Optional.java:364)
	at io.apicurio.registry.resolver.DefaultSchemaResolver.resolveSchema(DefaultSchemaResolver.java:84)
	at io.apicurio.registry.serde.AbstractSerializer.serializeData(AbstractSerializer.java:62)
	at io.apicurio.registry.serde.KafkaSerializer.serialize(KafkaSerializer.java:77)
	at org.apache.kafka.clients.producer.KafkaProducer.doSend(KafkaProducer.java:1046)
	at org.apache.kafka.clients.producer.KafkaProducer.send(KafkaProducer.java:993)
	at org.apache.kafka.clients.producer.KafkaProducer.send(KafkaProducer.java:875)
	at io.apicurio.tests.serdes.apicurio.KafkaSerdesTester.lambda$produceMessages$3(KafkaSerdesTester.java:138)
	at java.base/java.util.concurrent.CompletableFuture$AsyncSupply.run(CompletableFuture.java:1768)
	at java.base/java.lang.Thread.run(Thread.java:840)
]]></system-err>
  </testcase>
  <testcase name="testFirstEmptyFieldConfusedAsMagicByte" classname="io.apicurio.tests.serdes.apicurio.AvroSerdeIT" time="0.916">
    <system-out><![CDATA[2025-07-31 17:05:19,318 INFO  [io.api.tes.uti.TestSeparator] (main) ############################################################################
2025-07-31 17:05:19,318 INFO  [io.api.tes.uti.TestSeparator] (main) io.apicurio.tests.serdes.apicurio.AvroSerdeIT.testFirstEmptyFieldConfusedAsMagicByte-STARTED
**** Registry Base URL: http://registry-app-kafkasql.apps.ci419.apicurio-testing.org:80
2025-07-31 17:05:19,326 INFO  [org.apa.kaf.cli.pro.ProducerConfig] (main) ProducerConfig values: 
	acks = -1
	auto.include.jmx.reporter = true
	batch.size = 16384
	bootstrap.servers = [PLAINTEXT://localhost:32770]
	buffer.memory = 33554432
	client.dns.lookup = use_all_dns_ips
	client.id = Producer-topic-e7c989e9_b48a_4ae4_8a37_b6acf4994d49
	compression.gzip.level = -1
	compression.lz4.level = 9
	compression.type = none
	compression.zstd.level = 3
	connections.max.idle.ms = 10000
	delivery.timeout.ms = 120000
	enable.idempotence = true
	enable.metrics.push = true
	interceptor.classes = []
	key.serializer = class org.apache.kafka.common.serialization.StringSerializer
	linger.ms = 0
	max.block.ms = 60000
	max.in.flight.requests.per.connection = 5
	max.request.size = 1048576
	metadata.max.age.ms = 300000
	metadata.max.idle.ms = 300000
	metadata.recovery.strategy = none
	metric.reporters = []
	metrics.num.samples = 2
	metrics.recording.level = INFO
	metrics.sample.window.ms = 30000
	partitioner.adaptive.partitioning.enable = true
	partitioner.availability.timeout.ms = 0
	partitioner.class = null
	partitioner.ignore.keys = false
	receive.buffer.bytes = 32768
	reconnect.backoff.max.ms = 1000
	reconnect.backoff.ms = 50
	request.timeout.ms = 5000
	retries = 2147483647
	retry.backoff.max.ms = 1000
	retry.backoff.ms = 100
	sasl.client.callback.handler.class = null
	sasl.jaas.config = null
	sasl.kerberos.kinit.cmd = /usr/bin/kinit
	sasl.kerberos.min.time.before.relogin = 60000
	sasl.kerberos.service.name = null
	sasl.kerberos.ticket.renew.jitter = 0.05
	sasl.kerberos.ticket.renew.window.factor = 0.8
	sasl.login.callback.handler.class = null
	sasl.login.class = null
	sasl.login.connect.timeout.ms = null
	sasl.login.read.timeout.ms = null
	sasl.login.refresh.buffer.seconds = 300
	sasl.login.refresh.min.period.seconds = 60
	sasl.login.refresh.window.factor = 0.8
	sasl.login.refresh.window.jitter = 0.05
	sasl.login.retry.backoff.max.ms = 10000
	sasl.login.retry.backoff.ms = 100
	sasl.mechanism = GSSAPI
	sasl.oauthbearer.clock.skew.seconds = 30
	sasl.oauthbearer.expected.audience = null
	sasl.oauthbearer.expected.issuer = null
	sasl.oauthbearer.header.urlencode = false
	sasl.oauthbearer.jwks.endpoint.refresh.ms = 3600000
	sasl.oauthbearer.jwks.endpoint.retry.backoff.max.ms = 10000
	sasl.oauthbearer.jwks.endpoint.retry.backoff.ms = 100
	sasl.oauthbearer.jwks.endpoint.url = null
	sasl.oauthbearer.scope.claim.name = scope
	sasl.oauthbearer.sub.claim.name = sub
	sasl.oauthbearer.token.endpoint.url = null
	security.protocol = PLAINTEXT
	security.providers = null
	send.buffer.bytes = 131072
	socket.connection.setup.timeout.max.ms = 30000
	socket.connection.setup.timeout.ms = 10000
	ssl.cipher.suites = null
	ssl.enabled.protocols = [TLSv1.2, TLSv1.3]
	ssl.endpoint.identification.algorithm = https
	ssl.engine.factory.class = null
	ssl.key.password = null
	ssl.keymanager.algorithm = SunX509
	ssl.keystore.certificate.chain = null
	ssl.keystore.key = null
	ssl.keystore.location = null
	ssl.keystore.password = null
	ssl.keystore.type = JKS
	ssl.protocol = TLSv1.3
	ssl.provider = null
	ssl.secure.random.implementation = null
	ssl.trustmanager.algorithm = PKIX
	ssl.truststore.certificates = null
	ssl.truststore.location = null
	ssl.truststore.password = null
	ssl.truststore.type = JKS
	transaction.timeout.ms = 60000
	transactional.id = null
	value.serializer = class io.apicurio.registry.serde.avro.AvroKafkaSerializer

2025-07-31 17:05:19,326 INFO  [org.apa.kaf.com.tel.int.KafkaMetricsCollector] (main) initializing Kafka metrics collector
2025-07-31 17:05:19,344 INFO  [org.apa.kaf.cli.pro.KafkaProducer] (main) [Producer clientId=Producer-topic-e7c989e9_b48a_4ae4_8a37_b6acf4994d49] Instantiated an idempotent producer.
2025-07-31 17:05:19,366 INFO  [org.apa.kaf.cli.pro.ProducerConfig] (main) These configurations '[apicurio.registry.url, apicurio.registry.auto-register, apicurio.registry.artifact-resolver-strategy]' were supplied but are not used yet.
2025-07-31 17:05:19,366 INFO  [org.apa.kaf.com.uti.AppInfoParser] (main) Kafka version: 3.9.1
2025-07-31 17:05:19,366 INFO  [org.apa.kaf.com.uti.AppInfoParser] (main) Kafka commitId: f745dfdcee2b9851
2025-07-31 17:05:19,366 INFO  [org.apa.kaf.com.uti.AppInfoParser] (main) Kafka startTimeMs: 1753981519366
2025-07-31 17:05:19,366 INFO  [io.api.tes.ser.api.SimpleSerdesTesterBuilder$SimpleSerdesTester] (main) Using producer configuration: {apicurio.registry.url=http://registry-app-kafkasql.apps.ci419.apicurio-testing.org:80/apis/registry/v3, apicurio.registry.auto-register=true, apicurio.registry.artifact-resolver-strategy=io.apicurio.registry.serde.strategy.SimpleTopicIdStrategy, value.serializer=io.apicurio.registry.serde.avro.AvroKafkaSerializer, request.timeout.ms=5000, acks=all, bootstrap.servers=PLAINTEXT://localhost:32770, connections.max.idle.ms=10000, key.serializer=org.apache.kafka.common.serialization.StringSerializer, client.id=Producer-topic-e7c989e9_b48a_4ae4_8a37_b6acf4994d49}
2025-07-31 17:05:19,366 INFO  [io.api.tes.ser.api.SimpleSerdesTesterBuilder$SimpleSerdesTester] (main) Using consumer configuration: {}
2025-07-31 17:05:19,373 INFO  [io.api.tes.ser.api.KafkaSerdesTester] (Thread-726) Sending message {"username": null} to topic topic-e7c989e9_b48a_4ae4_8a37_b6acf4994d49
2025-07-31 17:05:19,399 WARN  [org.apa.kaf.cli.NetworkClient] (kafka-producer-network-thread | Producer-topic-e7c989e9_b48a_4ae4_8a37_b6acf4994d49) [Producer clientId=Producer-topic-e7c989e9_b48a_4ae4_8a37_b6acf4994d49] The metadata response from the cluster reported a recoverable issue with correlation id 2 : {topic-e7c989e9_b48a_4ae4_8a37_b6acf4994d49=LEADER_NOT_AVAILABLE}
2025-07-31 17:05:19,399 INFO  [org.apa.kaf.cli.Metadata] (kafka-producer-network-thread | Producer-topic-e7c989e9_b48a_4ae4_8a37_b6acf4994d49) [Producer clientId=Producer-topic-e7c989e9_b48a_4ae4_8a37_b6acf4994d49] Cluster ID: WpqyxNU-RHKB_ermmfvksw
2025-07-31 17:05:19,401 INFO  [org.apa.kaf.cli.pro.int.TransactionManager] (kafka-producer-network-thread | Producer-topic-e7c989e9_b48a_4ae4_8a37_b6acf4994d49) [Producer clientId=Producer-topic-e7c989e9_b48a_4ae4_8a37_b6acf4994d49] ProducerId set to 23 with epoch 0
2025-07-31 17:05:19,596 INFO  [io.api.tes.ser.api.KafkaSerdesTester] (Thread-726) Sending message {"username": null} to topic topic-e7c989e9_b48a_4ae4_8a37_b6acf4994d49
2025-07-31 17:05:19,598 INFO  [io.api.tes.ser.api.KafkaSerdesTester] (Thread-726) Sending message {"username": "value-2"} to topic topic-e7c989e9_b48a_4ae4_8a37_b6acf4994d49
2025-07-31 17:05:19,600 INFO  [io.api.tes.ser.api.KafkaSerdesTester] (Thread-726) Sending message {"username": null} to topic topic-e7c989e9_b48a_4ae4_8a37_b6acf4994d49
2025-07-31 17:05:19,608 INFO  [io.api.tes.ser.api.KafkaSerdesTester] (Thread-726) Sending message {"username": "value-4"} to topic topic-e7c989e9_b48a_4ae4_8a37_b6acf4994d49
2025-07-31 17:05:19,610 INFO  [io.api.tes.ser.api.KafkaSerdesTester] (Thread-726) Sending message {"username": null} to topic topic-e7c989e9_b48a_4ae4_8a37_b6acf4994d49
2025-07-31 17:05:19,613 INFO  [io.api.tes.ser.api.KafkaSerdesTester] (Thread-726) Sending message {"username": "value-6"} to topic topic-e7c989e9_b48a_4ae4_8a37_b6acf4994d49
2025-07-31 17:05:19,616 INFO  [io.api.tes.ser.api.KafkaSerdesTester] (Thread-726) Sending message {"username": null} to topic topic-e7c989e9_b48a_4ae4_8a37_b6acf4994d49
2025-07-31 17:05:19,621 INFO  [io.api.tes.ser.api.KafkaSerdesTester] (Thread-726) Sending message {"username": "value-8"} to topic topic-e7c989e9_b48a_4ae4_8a37_b6acf4994d49
2025-07-31 17:05:19,622 INFO  [io.api.tes.ser.api.KafkaSerdesTester] (Thread-726) Sending message {"username": null} to topic topic-e7c989e9_b48a_4ae4_8a37_b6acf4994d49
2025-07-31 17:05:19,625 INFO  [io.api.tes.ser.api.KafkaSerdesTester] (Thread-726) Produced 10 messages
2025-07-31 17:05:19,625 INFO  [org.apa.kaf.cli.pro.KafkaProducer] (Thread-726) [Producer clientId=Producer-topic-e7c989e9_b48a_4ae4_8a37_b6acf4994d49] Closing the Kafka producer with timeoutMillis = 9223372036854775807 ms.
2025-07-31 17:05:19,628 INFO  [org.apa.kaf.com.met.Metrics] (Thread-726) Metrics scheduler closed
2025-07-31 17:05:19,628 INFO  [org.apa.kaf.com.met.Metrics] (Thread-726) Closing reporter org.apache.kafka.common.metrics.JmxReporter
2025-07-31 17:05:19,628 INFO  [org.apa.kaf.com.met.Metrics] (Thread-726) Closing reporter org.apache.kafka.common.telemetry.internals.ClientTelemetryReporter
2025-07-31 17:05:19,628 INFO  [org.apa.kaf.com.met.Metrics] (Thread-726) Metrics reporters closed
2025-07-31 17:05:19,628 INFO  [org.apa.kaf.com.uti.AppInfoParser] (Thread-726) App info kafka.producer for Producer-topic-e7c989e9_b48a_4ae4_8a37_b6acf4994d49 unregistered
**** Registry Base URL: http://registry-app-kafkasql.apps.ci419.apicurio-testing.org:80
2025-07-31 17:05:19,655 INFO  [org.apa.kaf.cli.con.ConsumerConfig] (main) ConsumerConfig values: 
	allow.auto.create.topics = true
	auto.commit.interval.ms = 500
	auto.include.jmx.reporter = true
	auto.offset.reset = earliest
	bootstrap.servers = [PLAINTEXT://localhost:32770]
	check.crcs = true
	client.dns.lookup = use_all_dns_ips
	client.id = consumer-Consumer-topic-e7c989e9_b48a_4ae4_8a37_b6acf4994d49-17
	client.rack = 
	connections.max.idle.ms = 10000
	default.api.timeout.ms = 60000
	enable.auto.commit = true
	enable.metrics.push = true
	exclude.internal.topics = true
	fetch.max.bytes = 52428800
	fetch.max.wait.ms = 500
	fetch.min.bytes = 1
	group.id = Consumer-topic-e7c989e9_b48a_4ae4_8a37_b6acf4994d49
	group.instance.id = null
	group.protocol = classic
	group.remote.assignor = null
	heartbeat.interval.ms = 3000
	interceptor.classes = []
	internal.leave.group.on.close = true
	internal.throw.on.fetch.stable.offset.unsupported = false
	isolation.level = read_uncommitted
	key.deserializer = class org.apache.kafka.common.serialization.StringDeserializer
	max.partition.fetch.bytes = 1048576
	max.poll.interval.ms = 300000
	max.poll.records = 500
	metadata.max.age.ms = 300000
	metadata.recovery.strategy = none
	metric.reporters = []
	metrics.num.samples = 2
	metrics.recording.level = INFO
	metrics.sample.window.ms = 30000
	partition.assignment.strategy = [class org.apache.kafka.clients.consumer.RangeAssignor, class org.apache.kafka.clients.consumer.CooperativeStickyAssignor]
	receive.buffer.bytes = 65536
	reconnect.backoff.max.ms = 1000
	reconnect.backoff.ms = 50
	request.timeout.ms = 5000
	retry.backoff.max.ms = 1000
	retry.backoff.ms = 100
	sasl.client.callback.handler.class = null
	sasl.jaas.config = null
	sasl.kerberos.kinit.cmd = /usr/bin/kinit
	sasl.kerberos.min.time.before.relogin = 60000
	sasl.kerberos.service.name = null
	sasl.kerberos.ticket.renew.jitter = 0.05
	sasl.kerberos.ticket.renew.window.factor = 0.8
	sasl.login.callback.handler.class = null
	sasl.login.class = null
	sasl.login.connect.timeout.ms = null
	sasl.login.read.timeout.ms = null
	sasl.login.refresh.buffer.seconds = 300
	sasl.login.refresh.min.period.seconds = 60
	sasl.login.refresh.window.factor = 0.8
	sasl.login.refresh.window.jitter = 0.05
	sasl.login.retry.backoff.max.ms = 10000
	sasl.login.retry.backoff.ms = 100
	sasl.mechanism = GSSAPI
	sasl.oauthbearer.clock.skew.seconds = 30
	sasl.oauthbearer.expected.audience = null
	sasl.oauthbearer.expected.issuer = null
	sasl.oauthbearer.header.urlencode = false
	sasl.oauthbearer.jwks.endpoint.refresh.ms = 3600000
	sasl.oauthbearer.jwks.endpoint.retry.backoff.max.ms = 10000
	sasl.oauthbearer.jwks.endpoint.retry.backoff.ms = 100
	sasl.oauthbearer.jwks.endpoint.url = null
	sasl.oauthbearer.scope.claim.name = scope
	sasl.oauthbearer.sub.claim.name = sub
	sasl.oauthbearer.token.endpoint.url = null
	security.protocol = PLAINTEXT
	security.providers = null
	send.buffer.bytes = 131072
	session.timeout.ms = 45000
	socket.connection.setup.timeout.max.ms = 30000
	socket.connection.setup.timeout.ms = 10000
	ssl.cipher.suites = null
	ssl.enabled.protocols = [TLSv1.2, TLSv1.3]
	ssl.endpoint.identification.algorithm = https
	ssl.engine.factory.class = null
	ssl.key.password = null
	ssl.keymanager.algorithm = SunX509
	ssl.keystore.certificate.chain = null
	ssl.keystore.key = null
	ssl.keystore.location = null
	ssl.keystore.password = null
	ssl.keystore.type = JKS
	ssl.protocol = TLSv1.3
	ssl.provider = null
	ssl.secure.random.implementation = null
	ssl.trustmanager.algorithm = PKIX
	ssl.truststore.certificates = null
	ssl.truststore.location = null
	ssl.truststore.password = null
	ssl.truststore.type = JKS
	value.deserializer = class io.apicurio.registry.serde.avro.AvroKafkaDeserializer

2025-07-31 17:05:19,655 INFO  [org.apa.kaf.com.tel.int.KafkaMetricsCollector] (main) initializing Kafka metrics collector
2025-07-31 17:05:19,660 INFO  [org.apa.kaf.cli.con.ConsumerConfig] (main) These configurations '[apicurio.registry.url]' were supplied but are not used yet.
2025-07-31 17:05:19,660 INFO  [org.apa.kaf.com.uti.AppInfoParser] (main) Kafka version: 3.9.1
2025-07-31 17:05:19,660 INFO  [org.apa.kaf.com.uti.AppInfoParser] (main) Kafka commitId: f745dfdcee2b9851
2025-07-31 17:05:19,660 INFO  [org.apa.kaf.com.uti.AppInfoParser] (main) Kafka startTimeMs: 1753981519660
2025-07-31 17:05:19,661 INFO  [org.apa.kaf.cli.con.int.ClassicKafkaConsumer] (Thread-729) [Consumer clientId=consumer-Consumer-topic-e7c989e9_b48a_4ae4_8a37_b6acf4994d49-17, groupId=Consumer-topic-e7c989e9_b48a_4ae4_8a37_b6acf4994d49] Subscribed to topic(s): topic-e7c989e9_b48a_4ae4_8a37_b6acf4994d49
2025-07-31 17:05:19,665 INFO  [org.apa.kaf.cli.Metadata] (Thread-729) [Consumer clientId=consumer-Consumer-topic-e7c989e9_b48a_4ae4_8a37_b6acf4994d49-17, groupId=Consumer-topic-e7c989e9_b48a_4ae4_8a37_b6acf4994d49] Cluster ID: WpqyxNU-RHKB_ermmfvksw
2025-07-31 17:05:19,665 INFO  [org.apa.kaf.cli.con.int.ConsumerCoordinator] (Thread-729) [Consumer clientId=consumer-Consumer-topic-e7c989e9_b48a_4ae4_8a37_b6acf4994d49-17, groupId=Consumer-topic-e7c989e9_b48a_4ae4_8a37_b6acf4994d49] Discovered group coordinator localhost:32770 (id: 2147483647 rack: null)
2025-07-31 17:05:19,666 INFO  [org.apa.kaf.cli.con.int.ConsumerCoordinator] (Thread-729) [Consumer clientId=consumer-Consumer-topic-e7c989e9_b48a_4ae4_8a37_b6acf4994d49-17, groupId=Consumer-topic-e7c989e9_b48a_4ae4_8a37_b6acf4994d49] (Re-)joining group
2025-07-31 17:05:19,668 INFO  [org.apa.kaf.cli.con.int.ConsumerCoordinator] (Thread-729) [Consumer clientId=consumer-Consumer-topic-e7c989e9_b48a_4ae4_8a37_b6acf4994d49-17, groupId=Consumer-topic-e7c989e9_b48a_4ae4_8a37_b6acf4994d49] Request joining group due to: need to re-join with the given member-id: consumer-Consumer-topic-e7c989e9_b48a_4ae4_8a37_b6acf4994d49-17-283793de-dbdc-4bc9-972c-463e641a907b
2025-07-31 17:05:19,668 INFO  [org.apa.kaf.cli.con.int.ConsumerCoordinator] (Thread-729) [Consumer clientId=consumer-Consumer-topic-e7c989e9_b48a_4ae4_8a37_b6acf4994d49-17, groupId=Consumer-topic-e7c989e9_b48a_4ae4_8a37_b6acf4994d49] (Re-)joining group
2025-07-31 17:05:19,670 INFO  [org.apa.kaf.cli.con.int.ConsumerCoordinator] (Thread-729) [Consumer clientId=consumer-Consumer-topic-e7c989e9_b48a_4ae4_8a37_b6acf4994d49-17, groupId=Consumer-topic-e7c989e9_b48a_4ae4_8a37_b6acf4994d49] Successfully joined group with generation Generation{generationId=1, memberId='consumer-Consumer-topic-e7c989e9_b48a_4ae4_8a37_b6acf4994d49-17-283793de-dbdc-4bc9-972c-463e641a907b', protocol='range'}
2025-07-31 17:05:19,670 INFO  [org.apa.kaf.cli.con.int.ConsumerCoordinator] (Thread-729) [Consumer clientId=consumer-Consumer-topic-e7c989e9_b48a_4ae4_8a37_b6acf4994d49-17, groupId=Consumer-topic-e7c989e9_b48a_4ae4_8a37_b6acf4994d49] Finished assignment for group at generation 1: {consumer-Consumer-topic-e7c989e9_b48a_4ae4_8a37_b6acf4994d49-17-283793de-dbdc-4bc9-972c-463e641a907b=Assignment(partitions=[topic-e7c989e9_b48a_4ae4_8a37_b6acf4994d49-0])}
2025-07-31 17:05:19,672 INFO  [org.apa.kaf.cli.con.int.ConsumerCoordinator] (Thread-729) [Consumer clientId=consumer-Consumer-topic-e7c989e9_b48a_4ae4_8a37_b6acf4994d49-17, groupId=Consumer-topic-e7c989e9_b48a_4ae4_8a37_b6acf4994d49] Successfully synced group in generation Generation{generationId=1, memberId='consumer-Consumer-topic-e7c989e9_b48a_4ae4_8a37_b6acf4994d49-17-283793de-dbdc-4bc9-972c-463e641a907b', protocol='range'}
2025-07-31 17:05:19,672 INFO  [org.apa.kaf.cli.con.int.ConsumerCoordinator] (Thread-729) [Consumer clientId=consumer-Consumer-topic-e7c989e9_b48a_4ae4_8a37_b6acf4994d49-17, groupId=Consumer-topic-e7c989e9_b48a_4ae4_8a37_b6acf4994d49] Notifying assignor about the new Assignment(partitions=[topic-e7c989e9_b48a_4ae4_8a37_b6acf4994d49-0])
2025-07-31 17:05:19,672 INFO  [org.apa.kaf.cli.con.int.ConsumerRebalanceListenerInvoker] (Thread-729) [Consumer clientId=consumer-Consumer-topic-e7c989e9_b48a_4ae4_8a37_b6acf4994d49-17, groupId=Consumer-topic-e7c989e9_b48a_4ae4_8a37_b6acf4994d49] Adding newly assigned partitions: topic-e7c989e9_b48a_4ae4_8a37_b6acf4994d49-0
2025-07-31 17:05:19,673 INFO  [org.apa.kaf.cli.con.int.ConsumerCoordinator] (Thread-729) [Consumer clientId=consumer-Consumer-topic-e7c989e9_b48a_4ae4_8a37_b6acf4994d49-17, groupId=Consumer-topic-e7c989e9_b48a_4ae4_8a37_b6acf4994d49] Found no committed offset for partition topic-e7c989e9_b48a_4ae4_8a37_b6acf4994d49-0
2025-07-31 17:05:19,676 INFO  [org.apa.kaf.cli.con.int.SubscriptionState] (Thread-729) [Consumer clientId=consumer-Consumer-topic-e7c989e9_b48a_4ae4_8a37_b6acf4994d49-17, groupId=Consumer-topic-e7c989e9_b48a_4ae4_8a37_b6acf4994d49] Resetting offset for partition topic-e7c989e9_b48a_4ae4_8a37_b6acf4994d49-0 to position FetchPosition{offset=0, offsetEpoch=Optional.empty, currentLeader=LeaderAndEpoch{leader=Optional[localhost:32770 (id: 0 rack: null)], epoch=0}}.
2025-07-31 17:05:19,721 INFO  [io.api.tes.ser.api.KafkaSerdesTester] (Thread-729) topic-e7c989e9_b48a_4ae4_8a37_b6acf4994d49 0 0 {"username": null}
2025-07-31 17:05:19,721 INFO  [io.api.tes.ser.api.KafkaSerdesTester] (Thread-729) topic-e7c989e9_b48a_4ae4_8a37_b6acf4994d49 0 1 {"username": null}
2025-07-31 17:05:19,721 INFO  [io.api.tes.ser.api.KafkaSerdesTester] (Thread-729) topic-e7c989e9_b48a_4ae4_8a37_b6acf4994d49 0 2 {"username": "value-2"}
2025-07-31 17:05:19,721 INFO  [io.api.tes.ser.api.KafkaSerdesTester] (Thread-729) topic-e7c989e9_b48a_4ae4_8a37_b6acf4994d49 0 3 {"username": null}
2025-07-31 17:05:19,721 INFO  [io.api.tes.ser.api.KafkaSerdesTester] (Thread-729) topic-e7c989e9_b48a_4ae4_8a37_b6acf4994d49 0 4 {"username": "value-4"}
2025-07-31 17:05:19,721 INFO  [io.api.tes.ser.api.KafkaSerdesTester] (Thread-729) topic-e7c989e9_b48a_4ae4_8a37_b6acf4994d49 0 5 {"username": null}
2025-07-31 17:05:19,721 INFO  [io.api.tes.ser.api.KafkaSerdesTester] (Thread-729) topic-e7c989e9_b48a_4ae4_8a37_b6acf4994d49 0 6 {"username": "value-6"}
2025-07-31 17:05:19,721 INFO  [io.api.tes.ser.api.KafkaSerdesTester] (Thread-729) topic-e7c989e9_b48a_4ae4_8a37_b6acf4994d49 0 7 {"username": null}
2025-07-31 17:05:19,722 INFO  [io.api.tes.ser.api.KafkaSerdesTester] (Thread-729) topic-e7c989e9_b48a_4ae4_8a37_b6acf4994d49 0 8 {"username": "value-8"}
2025-07-31 17:05:19,722 INFO  [io.api.tes.ser.api.KafkaSerdesTester] (Thread-729) topic-e7c989e9_b48a_4ae4_8a37_b6acf4994d49 0 9 {"username": null}
2025-07-31 17:05:19,722 INFO  [io.api.tes.ser.api.KafkaSerdesTester] (Thread-729) Consumed 10 messages
2025-07-31 17:05:19,725 INFO  [org.apa.kaf.cli.con.int.ConsumerRebalanceListenerInvoker] (Thread-729) [Consumer clientId=consumer-Consumer-topic-e7c989e9_b48a_4ae4_8a37_b6acf4994d49-17, groupId=Consumer-topic-e7c989e9_b48a_4ae4_8a37_b6acf4994d49] Revoke previously assigned partitions topic-e7c989e9_b48a_4ae4_8a37_b6acf4994d49-0
2025-07-31 17:05:19,725 INFO  [org.apa.kaf.cli.con.int.ConsumerCoordinator] (Thread-729) [Consumer clientId=consumer-Consumer-topic-e7c989e9_b48a_4ae4_8a37_b6acf4994d49-17, groupId=Consumer-topic-e7c989e9_b48a_4ae4_8a37_b6acf4994d49] Member consumer-Consumer-topic-e7c989e9_b48a_4ae4_8a37_b6acf4994d49-17-283793de-dbdc-4bc9-972c-463e641a907b sending LeaveGroup request to coordinator localhost:32770 (id: 2147483647 rack: null) due to the consumer is being closed
2025-07-31 17:05:19,725 INFO  [org.apa.kaf.cli.con.int.ConsumerCoordinator] (Thread-729) [Consumer clientId=consumer-Consumer-topic-e7c989e9_b48a_4ae4_8a37_b6acf4994d49-17, groupId=Consumer-topic-e7c989e9_b48a_4ae4_8a37_b6acf4994d49] Resetting generation and member id due to: consumer pro-actively leaving the group
2025-07-31 17:05:19,725 INFO  [org.apa.kaf.cli.con.int.ConsumerCoordinator] (Thread-729) [Consumer clientId=consumer-Consumer-topic-e7c989e9_b48a_4ae4_8a37_b6acf4994d49-17, groupId=Consumer-topic-e7c989e9_b48a_4ae4_8a37_b6acf4994d49] Request joining group due to: consumer pro-actively leaving the group
2025-07-31 17:05:20,224 INFO  [org.apa.kaf.com.met.Metrics] (Thread-729) Metrics scheduler closed
2025-07-31 17:05:20,225 INFO  [org.apa.kaf.com.met.Metrics] (Thread-729) Closing reporter org.apache.kafka.common.metrics.JmxReporter
2025-07-31 17:05:20,225 INFO  [org.apa.kaf.com.met.Metrics] (Thread-729) Closing reporter org.apache.kafka.common.telemetry.internals.ClientTelemetryReporter
2025-07-31 17:05:20,225 INFO  [org.apa.kaf.com.met.Metrics] (Thread-729) Metrics reporters closed
2025-07-31 17:05:20,228 INFO  [org.apa.kaf.com.uti.AppInfoParser] (Thread-729) App info kafka.consumer for consumer-Consumer-topic-e7c989e9_b48a_4ae4_8a37_b6acf4994d49-17 unregistered
2025-07-31 17:05:20,228 INFO  [io.api.tes.uti.TestSeparator] (main) io.apicurio.tests.serdes.apicurio.AvroSerdeIT.testFirstEmptyFieldConfusedAsMagicByte-FINISHED
2025-07-31 17:05:20,228 INFO  [io.api.tes.uti.TestSeparator] (main) ############################################################################
Test passed: testFirstEmptyFieldConfusedAsMagicByte
]]></system-out>
  </testcase>
  <testcase name="testAvroSerDesFailDifferentSchemaByContent" classname="io.apicurio.tests.serdes.apicurio.AvroSerdeIT" time="1.136">
    <system-out><![CDATA[2025-07-31 17:05:20,237 INFO  [io.api.tes.uti.TestSeparator] (main) ############################################################################
2025-07-31 17:05:20,238 INFO  [io.api.tes.uti.TestSeparator] (main) io.apicurio.tests.serdes.apicurio.AvroSerdeIT.testAvroSerDesFailDifferentSchemaByContent-STARTED
**** Registry Base URL: http://registry-app-kafkasql.apps.ci419.apicurio-testing.org:80
2025-07-31 17:05:21,315 INFO  [org.apa.kaf.cli.pro.ProducerConfig] (main) ProducerConfig values: 
	acks = -1
	auto.include.jmx.reporter = true
	batch.size = 16384
	bootstrap.servers = [PLAINTEXT://localhost:32770]
	buffer.memory = 33554432
	client.dns.lookup = use_all_dns_ips
	client.id = Producer-topic-ce3475cf_114d_429c_a13d_6964a66c3e6a
	compression.gzip.level = -1
	compression.lz4.level = 9
	compression.type = none
	compression.zstd.level = 3
	connections.max.idle.ms = 10000
	delivery.timeout.ms = 120000
	enable.idempotence = true
	enable.metrics.push = true
	interceptor.classes = []
	key.serializer = class org.apache.kafka.common.serialization.StringSerializer
	linger.ms = 0
	max.block.ms = 60000
	max.in.flight.requests.per.connection = 5
	max.request.size = 1048576
	metadata.max.age.ms = 300000
	metadata.max.idle.ms = 300000
	metadata.recovery.strategy = none
	metric.reporters = []
	metrics.num.samples = 2
	metrics.recording.level = INFO
	metrics.sample.window.ms = 30000
	partitioner.adaptive.partitioning.enable = true
	partitioner.availability.timeout.ms = 0
	partitioner.class = null
	partitioner.ignore.keys = false
	receive.buffer.bytes = 32768
	reconnect.backoff.max.ms = 1000
	reconnect.backoff.ms = 50
	request.timeout.ms = 5000
	retries = 2147483647
	retry.backoff.max.ms = 1000
	retry.backoff.ms = 100
	sasl.client.callback.handler.class = null
	sasl.jaas.config = null
	sasl.kerberos.kinit.cmd = /usr/bin/kinit
	sasl.kerberos.min.time.before.relogin = 60000
	sasl.kerberos.service.name = null
	sasl.kerberos.ticket.renew.jitter = 0.05
	sasl.kerberos.ticket.renew.window.factor = 0.8
	sasl.login.callback.handler.class = null
	sasl.login.class = null
	sasl.login.connect.timeout.ms = null
	sasl.login.read.timeout.ms = null
	sasl.login.refresh.buffer.seconds = 300
	sasl.login.refresh.min.period.seconds = 60
	sasl.login.refresh.window.factor = 0.8
	sasl.login.refresh.window.jitter = 0.05
	sasl.login.retry.backoff.max.ms = 10000
	sasl.login.retry.backoff.ms = 100
	sasl.mechanism = GSSAPI
	sasl.oauthbearer.clock.skew.seconds = 30
	sasl.oauthbearer.expected.audience = null
	sasl.oauthbearer.expected.issuer = null
	sasl.oauthbearer.header.urlencode = false
	sasl.oauthbearer.jwks.endpoint.refresh.ms = 3600000
	sasl.oauthbearer.jwks.endpoint.retry.backoff.max.ms = 10000
	sasl.oauthbearer.jwks.endpoint.retry.backoff.ms = 100
	sasl.oauthbearer.jwks.endpoint.url = null
	sasl.oauthbearer.scope.claim.name = scope
	sasl.oauthbearer.sub.claim.name = sub
	sasl.oauthbearer.token.endpoint.url = null
	security.protocol = PLAINTEXT
	security.providers = null
	send.buffer.bytes = 131072
	socket.connection.setup.timeout.max.ms = 30000
	socket.connection.setup.timeout.ms = 10000
	ssl.cipher.suites = null
	ssl.enabled.protocols = [TLSv1.2, TLSv1.3]
	ssl.endpoint.identification.algorithm = https
	ssl.engine.factory.class = null
	ssl.key.password = null
	ssl.keymanager.algorithm = SunX509
	ssl.keystore.certificate.chain = null
	ssl.keystore.key = null
	ssl.keystore.location = null
	ssl.keystore.password = null
	ssl.keystore.type = JKS
	ssl.protocol = TLSv1.3
	ssl.provider = null
	ssl.secure.random.implementation = null
	ssl.trustmanager.algorithm = PKIX
	ssl.truststore.certificates = null
	ssl.truststore.location = null
	ssl.truststore.password = null
	ssl.truststore.type = JKS
	transaction.timeout.ms = 60000
	transactional.id = null
	value.serializer = class io.apicurio.registry.serde.avro.AvroKafkaSerializer

2025-07-31 17:05:21,315 INFO  [org.apa.kaf.com.tel.int.KafkaMetricsCollector] (main) initializing Kafka metrics collector
2025-07-31 17:05:21,318 INFO  [org.apa.kaf.cli.pro.KafkaProducer] (main) [Producer clientId=Producer-topic-ce3475cf_114d_429c_a13d_6964a66c3e6a] Instantiated an idempotent producer.
2025-07-31 17:05:21,320 INFO  [org.apa.kaf.cli.pro.ProducerConfig] (main) These configurations '[apicurio.registry.url, apicurio.registry.artifact-resolver-strategy]' were supplied but are not used yet.
2025-07-31 17:05:21,320 INFO  [org.apa.kaf.com.uti.AppInfoParser] (main) Kafka version: 3.9.1
2025-07-31 17:05:21,320 INFO  [org.apa.kaf.com.uti.AppInfoParser] (main) Kafka commitId: f745dfdcee2b9851
2025-07-31 17:05:21,320 INFO  [org.apa.kaf.com.uti.AppInfoParser] (main) Kafka startTimeMs: 1753981521320
2025-07-31 17:05:21,321 INFO  [io.api.tes.ser.api.KafkaSerdesTester] (Thread-732) Sending message {"keyB": "value-0"} to topic topic-ce3475cf_114d_429c_a13d_6964a66c3e6a
2025-07-31 17:05:21,325 INFO  [org.apa.kaf.cli.Metadata] (kafka-producer-network-thread | Producer-topic-ce3475cf_114d_429c_a13d_6964a66c3e6a) [Producer clientId=Producer-topic-ce3475cf_114d_429c_a13d_6964a66c3e6a] Cluster ID: WpqyxNU-RHKB_ermmfvksw
2025-07-31 17:05:21,325 INFO  [DefaultSchemaResolver] (Thread-732) Retrieving schema content using string: {"type":"record","name":"s31d88d25xf48fx47b1x9b21x402f1ba862d4","namespace":"se523a023x6774x419dx8004x0ec553b91dcf","fields":[{"name":"keyB","type":"string"}]}
2025-07-31 17:05:21,327 INFO  [org.apa.kaf.cli.pro.int.TransactionManager] (kafka-producer-network-thread | Producer-topic-ce3475cf_114d_429c_a13d_6964a66c3e6a) [Producer clientId=Producer-topic-ce3475cf_114d_429c_a13d_6964a66c3e6a] ProducerId set to 24 with epoch 0
2025-07-31 17:05:21,367 INFO  [org.apa.kaf.cli.pro.KafkaProducer] (Thread-732) [Producer clientId=Producer-topic-ce3475cf_114d_429c_a13d_6964a66c3e6a] Closing the Kafka producer with timeoutMillis = 9223372036854775807 ms.
2025-07-31 17:05:21,369 INFO  [org.apa.kaf.com.met.Metrics] (Thread-732) Metrics scheduler closed
2025-07-31 17:05:21,369 INFO  [org.apa.kaf.com.met.Metrics] (Thread-732) Closing reporter org.apache.kafka.common.metrics.JmxReporter
2025-07-31 17:05:21,369 INFO  [org.apa.kaf.com.met.Metrics] (Thread-732) Closing reporter org.apache.kafka.common.telemetry.internals.ClientTelemetryReporter
2025-07-31 17:05:21,369 INFO  [org.apa.kaf.com.met.Metrics] (Thread-732) Metrics reporters closed
2025-07-31 17:05:21,369 INFO  [org.apa.kaf.com.uti.AppInfoParser] (Thread-732) App info kafka.producer for Producer-topic-ce3475cf_114d_429c_a13d_6964a66c3e6a unregistered
2025-07-31 17:05:21,370 INFO  [io.api.tes.uti.TestSeparator] (main) io.apicurio.tests.serdes.apicurio.AvroSerdeIT.testAvroSerDesFailDifferentSchemaByContent-FINISHED
2025-07-31 17:05:21,370 INFO  [io.api.tes.uti.TestSeparator] (main) ############################################################################
Test passed: testAvroSerDesFailDifferentSchemaByContent
]]></system-out>
    <system-err><![CDATA[java.lang.RuntimeException: Could not resolve artifact reference by content: {"type":"record","name":"s31d88d25xf48fx47b1x9b21x402f1ba862d4","namespace":"se523a023x6774x419dx8004x0ec553b91dcf","fields":[{"name":"keyB","type":"string"}]}&ArtifactReference [groupId=se523a023x6774x419dx8004x0ec553b91dcf, artifactId=s31d88d25xf48fx47b1x9b21x402f1ba862d4, version=null, globalId=null, contentId=null, contentHash=null]
	at io.apicurio.registry.resolver.DefaultSchemaResolver.lambda$handleResolveSchemaByContent$3(DefaultSchemaResolver.java:265)
	at io.apicurio.registry.resolver.cache.ERCache.lambda$getValue$0(ERCache.java:174)
	at io.apicurio.registry.resolver.cache.ERCache.retry(ERCache.java:227)
	at io.apicurio.registry.resolver.cache.ERCache.getValue(ERCache.java:173)
	at io.apicurio.registry.resolver.cache.ERCache.getByContent(ERCache.java:147)
	at io.apicurio.registry.resolver.DefaultSchemaResolver.handleResolveSchemaByContent(DefaultSchemaResolver.java:253)
	at io.apicurio.registry.resolver.DefaultSchemaResolver.getSchemaFromRegistry(DefaultSchemaResolver.java:138)
	at io.apicurio.registry.resolver.DefaultSchemaResolver.lambda$resolveSchema$0(DefaultSchemaResolver.java:84)
	at java.base/java.util.Optional.orElseGet(Optional.java:364)
	at io.apicurio.registry.resolver.DefaultSchemaResolver.resolveSchema(DefaultSchemaResolver.java:84)
	at io.apicurio.registry.serde.AbstractSerializer.serializeData(AbstractSerializer.java:62)
	at io.apicurio.registry.serde.KafkaSerializer.serialize(KafkaSerializer.java:77)
	at org.apache.kafka.clients.producer.KafkaProducer.doSend(KafkaProducer.java:1046)
	at org.apache.kafka.clients.producer.KafkaProducer.send(KafkaProducer.java:993)
	at org.apache.kafka.clients.producer.KafkaProducer.send(KafkaProducer.java:875)
	at io.apicurio.tests.serdes.apicurio.KafkaSerdesTester.lambda$produceMessages$3(KafkaSerdesTester.java:138)
	at java.base/java.util.concurrent.CompletableFuture$AsyncSupply.run(CompletableFuture.java:1768)
	at java.base/java.lang.Thread.run(Thread.java:840)
]]></system-err>
  </testcase>
  <testcase name="testGlobalIdInBody" classname="io.apicurio.tests.serdes.apicurio.AvroSerdeIT" time="0.895">
    <system-out><![CDATA[2025-07-31 17:05:21,374 INFO  [io.api.tes.uti.TestSeparator] (main) ############################################################################
2025-07-31 17:05:21,374 INFO  [io.api.tes.uti.TestSeparator] (main) io.apicurio.tests.serdes.apicurio.AvroSerdeIT.testGlobalIdInBody-STARTED
**** Registry Base URL: http://registry-app-kafkasql.apps.ci419.apicurio-testing.org:80
2025-07-31 17:05:21,380 INFO  [org.apa.kaf.cli.pro.ProducerConfig] (main) ProducerConfig values: 
	acks = -1
	auto.include.jmx.reporter = true
	batch.size = 16384
	bootstrap.servers = [PLAINTEXT://localhost:32770]
	buffer.memory = 33554432
	client.dns.lookup = use_all_dns_ips
	client.id = Producer-topic-3a7b99ce_0512_4a9a_bda3_251f26733f49
	compression.gzip.level = -1
	compression.lz4.level = 9
	compression.type = none
	compression.zstd.level = 3
	connections.max.idle.ms = 10000
	delivery.timeout.ms = 120000
	enable.idempotence = true
	enable.metrics.push = true
	interceptor.classes = []
	key.serializer = class org.apache.kafka.common.serialization.StringSerializer
	linger.ms = 0
	max.block.ms = 60000
	max.in.flight.requests.per.connection = 5
	max.request.size = 1048576
	metadata.max.age.ms = 300000
	metadata.max.idle.ms = 300000
	metadata.recovery.strategy = none
	metric.reporters = []
	metrics.num.samples = 2
	metrics.recording.level = INFO
	metrics.sample.window.ms = 30000
	partitioner.adaptive.partitioning.enable = true
	partitioner.availability.timeout.ms = 0
	partitioner.class = null
	partitioner.ignore.keys = false
	receive.buffer.bytes = 32768
	reconnect.backoff.max.ms = 1000
	reconnect.backoff.ms = 50
	request.timeout.ms = 5000
	retries = 2147483647
	retry.backoff.max.ms = 1000
	retry.backoff.ms = 100
	sasl.client.callback.handler.class = null
	sasl.jaas.config = null
	sasl.kerberos.kinit.cmd = /usr/bin/kinit
	sasl.kerberos.min.time.before.relogin = 60000
	sasl.kerberos.service.name = null
	sasl.kerberos.ticket.renew.jitter = 0.05
	sasl.kerberos.ticket.renew.window.factor = 0.8
	sasl.login.callback.handler.class = null
	sasl.login.class = null
	sasl.login.connect.timeout.ms = null
	sasl.login.read.timeout.ms = null
	sasl.login.refresh.buffer.seconds = 300
	sasl.login.refresh.min.period.seconds = 60
	sasl.login.refresh.window.factor = 0.8
	sasl.login.refresh.window.jitter = 0.05
	sasl.login.retry.backoff.max.ms = 10000
	sasl.login.retry.backoff.ms = 100
	sasl.mechanism = GSSAPI
	sasl.oauthbearer.clock.skew.seconds = 30
	sasl.oauthbearer.expected.audience = null
	sasl.oauthbearer.expected.issuer = null
	sasl.oauthbearer.header.urlencode = false
	sasl.oauthbearer.jwks.endpoint.refresh.ms = 3600000
	sasl.oauthbearer.jwks.endpoint.retry.backoff.max.ms = 10000
	sasl.oauthbearer.jwks.endpoint.retry.backoff.ms = 100
	sasl.oauthbearer.jwks.endpoint.url = null
	sasl.oauthbearer.scope.claim.name = scope
	sasl.oauthbearer.sub.claim.name = sub
	sasl.oauthbearer.token.endpoint.url = null
	security.protocol = PLAINTEXT
	security.providers = null
	send.buffer.bytes = 131072
	socket.connection.setup.timeout.max.ms = 30000
	socket.connection.setup.timeout.ms = 10000
	ssl.cipher.suites = null
	ssl.enabled.protocols = [TLSv1.2, TLSv1.3]
	ssl.endpoint.identification.algorithm = https
	ssl.engine.factory.class = null
	ssl.key.password = null
	ssl.keymanager.algorithm = SunX509
	ssl.keystore.certificate.chain = null
	ssl.keystore.key = null
	ssl.keystore.location = null
	ssl.keystore.password = null
	ssl.keystore.type = JKS
	ssl.protocol = TLSv1.3
	ssl.provider = null
	ssl.secure.random.implementation = null
	ssl.trustmanager.algorithm = PKIX
	ssl.truststore.certificates = null
	ssl.truststore.location = null
	ssl.truststore.password = null
	ssl.truststore.type = JKS
	transaction.timeout.ms = 60000
	transactional.id = null
	value.serializer = class io.apicurio.registry.serde.avro.AvroKafkaSerializer

2025-07-31 17:05:21,380 INFO  [org.apa.kaf.com.tel.int.KafkaMetricsCollector] (main) initializing Kafka metrics collector
2025-07-31 17:05:21,409 INFO  [org.apa.kaf.cli.pro.KafkaProducer] (main) [Producer clientId=Producer-topic-3a7b99ce_0512_4a9a_bda3_251f26733f49] Instantiated an idempotent producer.
2025-07-31 17:05:21,414 INFO  [org.apa.kaf.cli.pro.ProducerConfig] (main) These configurations '[apicurio.registry.url, apicurio.registry.auto-register, apicurio.registry.use-id, apicurio.registry.artifact-resolver-strategy]' were supplied but are not used yet.
2025-07-31 17:05:21,414 INFO  [org.apa.kaf.com.uti.AppInfoParser] (main) Kafka version: 3.9.1
2025-07-31 17:05:21,414 INFO  [org.apa.kaf.com.uti.AppInfoParser] (main) Kafka commitId: f745dfdcee2b9851
2025-07-31 17:05:21,414 INFO  [org.apa.kaf.com.uti.AppInfoParser] (main) Kafka startTimeMs: 1753981521414
2025-07-31 17:05:21,414 INFO  [io.api.tes.ser.api.SimpleSerdesTesterBuilder$SimpleSerdesTester] (main) Using producer configuration: {apicurio.registry.url=http://registry-app-kafkasql.apps.ci419.apicurio-testing.org:80/apis/registry/v3, apicurio.registry.auto-register=true, apicurio.registry.use-id=globalId, apicurio.registry.artifact-resolver-strategy=io.apicurio.registry.serde.strategy.TopicIdStrategy, value.serializer=io.apicurio.registry.serde.avro.AvroKafkaSerializer, request.timeout.ms=5000, acks=all, bootstrap.servers=PLAINTEXT://localhost:32770, connections.max.idle.ms=10000, key.serializer=org.apache.kafka.common.serialization.StringSerializer, client.id=Producer-topic-3a7b99ce_0512_4a9a_bda3_251f26733f49}
2025-07-31 17:05:21,414 INFO  [io.api.tes.ser.api.SimpleSerdesTesterBuilder$SimpleSerdesTester] (main) Using consumer configuration: {apicurio.registry.use-id=globalId}
2025-07-31 17:05:21,419 INFO  [io.api.tes.ser.api.KafkaSerdesTester] (Thread-735) Sending message {"key11753981521378": "value-0"} to topic topic-3a7b99ce_0512_4a9a_bda3_251f26733f49
2025-07-31 17:05:21,452 WARN  [org.apa.kaf.cli.NetworkClient] (kafka-producer-network-thread | Producer-topic-3a7b99ce_0512_4a9a_bda3_251f26733f49) [Producer clientId=Producer-topic-3a7b99ce_0512_4a9a_bda3_251f26733f49] The metadata response from the cluster reported a recoverable issue with correlation id 2 : {topic-3a7b99ce_0512_4a9a_bda3_251f26733f49=LEADER_NOT_AVAILABLE}
2025-07-31 17:05:21,452 INFO  [org.apa.kaf.cli.Metadata] (kafka-producer-network-thread | Producer-topic-3a7b99ce_0512_4a9a_bda3_251f26733f49) [Producer clientId=Producer-topic-3a7b99ce_0512_4a9a_bda3_251f26733f49] Cluster ID: WpqyxNU-RHKB_ermmfvksw
2025-07-31 17:05:21,453 INFO  [org.apa.kaf.cli.pro.int.TransactionManager] (kafka-producer-network-thread | Producer-topic-3a7b99ce_0512_4a9a_bda3_251f26733f49) [Producer clientId=Producer-topic-3a7b99ce_0512_4a9a_bda3_251f26733f49] ProducerId set to 25 with epoch 0
2025-07-31 17:05:21,640 INFO  [io.api.tes.ser.api.KafkaSerdesTester] (Thread-735) Sending message {"key11753981521378": "value-1"} to topic topic-3a7b99ce_0512_4a9a_bda3_251f26733f49
2025-07-31 17:05:21,642 INFO  [io.api.tes.ser.api.KafkaSerdesTester] (Thread-735) Sending message {"key11753981521378": "value-2"} to topic topic-3a7b99ce_0512_4a9a_bda3_251f26733f49
2025-07-31 17:05:21,644 INFO  [io.api.tes.ser.api.KafkaSerdesTester] (Thread-735) Sending message {"key11753981521378": "value-3"} to topic topic-3a7b99ce_0512_4a9a_bda3_251f26733f49
2025-07-31 17:05:21,645 INFO  [io.api.tes.ser.api.KafkaSerdesTester] (Thread-735) Sending message {"key11753981521378": "value-4"} to topic topic-3a7b99ce_0512_4a9a_bda3_251f26733f49
2025-07-31 17:05:21,647 INFO  [io.api.tes.ser.api.KafkaSerdesTester] (Thread-735) Sending message {"key11753981521378": "value-5"} to topic topic-3a7b99ce_0512_4a9a_bda3_251f26733f49
2025-07-31 17:05:21,651 INFO  [io.api.tes.ser.api.KafkaSerdesTester] (Thread-735) Sending message {"key11753981521378": "value-6"} to topic topic-3a7b99ce_0512_4a9a_bda3_251f26733f49
2025-07-31 17:05:21,653 INFO  [io.api.tes.ser.api.KafkaSerdesTester] (Thread-735) Sending message {"key11753981521378": "value-7"} to topic topic-3a7b99ce_0512_4a9a_bda3_251f26733f49
2025-07-31 17:05:21,654 INFO  [io.api.tes.ser.api.KafkaSerdesTester] (Thread-735) Sending message {"key11753981521378": "value-8"} to topic topic-3a7b99ce_0512_4a9a_bda3_251f26733f49
2025-07-31 17:05:21,656 INFO  [io.api.tes.ser.api.KafkaSerdesTester] (Thread-735) Sending message {"key11753981521378": "value-9"} to topic topic-3a7b99ce_0512_4a9a_bda3_251f26733f49
2025-07-31 17:05:21,658 INFO  [io.api.tes.ser.api.KafkaSerdesTester] (Thread-735) Produced 10 messages
2025-07-31 17:05:21,658 INFO  [org.apa.kaf.cli.pro.KafkaProducer] (Thread-735) [Producer clientId=Producer-topic-3a7b99ce_0512_4a9a_bda3_251f26733f49] Closing the Kafka producer with timeoutMillis = 9223372036854775807 ms.
2025-07-31 17:05:21,661 INFO  [org.apa.kaf.com.met.Metrics] (Thread-735) Metrics scheduler closed
2025-07-31 17:05:21,661 INFO  [org.apa.kaf.com.met.Metrics] (Thread-735) Closing reporter org.apache.kafka.common.metrics.JmxReporter
2025-07-31 17:05:21,661 INFO  [org.apa.kaf.com.met.Metrics] (Thread-735) Closing reporter org.apache.kafka.common.telemetry.internals.ClientTelemetryReporter
2025-07-31 17:05:21,661 INFO  [org.apa.kaf.com.met.Metrics] (Thread-735) Metrics reporters closed
2025-07-31 17:05:21,661 INFO  [org.apa.kaf.com.uti.AppInfoParser] (Thread-735) App info kafka.producer for Producer-topic-3a7b99ce_0512_4a9a_bda3_251f26733f49 unregistered
**** Registry Base URL: http://registry-app-kafkasql.apps.ci419.apicurio-testing.org:80
2025-07-31 17:05:21,687 INFO  [org.apa.kaf.cli.con.ConsumerConfig] (main) ConsumerConfig values: 
	allow.auto.create.topics = true
	auto.commit.interval.ms = 500
	auto.include.jmx.reporter = true
	auto.offset.reset = earliest
	bootstrap.servers = [PLAINTEXT://localhost:32770]
	check.crcs = true
	client.dns.lookup = use_all_dns_ips
	client.id = consumer-Consumer-topic-3a7b99ce_0512_4a9a_bda3_251f26733f49-18
	client.rack = 
	connections.max.idle.ms = 10000
	default.api.timeout.ms = 60000
	enable.auto.commit = true
	enable.metrics.push = true
	exclude.internal.topics = true
	fetch.max.bytes = 52428800
	fetch.max.wait.ms = 500
	fetch.min.bytes = 1
	group.id = Consumer-topic-3a7b99ce_0512_4a9a_bda3_251f26733f49
	group.instance.id = null
	group.protocol = classic
	group.remote.assignor = null
	heartbeat.interval.ms = 3000
	interceptor.classes = []
	internal.leave.group.on.close = true
	internal.throw.on.fetch.stable.offset.unsupported = false
	isolation.level = read_uncommitted
	key.deserializer = class org.apache.kafka.common.serialization.StringDeserializer
	max.partition.fetch.bytes = 1048576
	max.poll.interval.ms = 300000
	max.poll.records = 500
	metadata.max.age.ms = 300000
	metadata.recovery.strategy = none
	metric.reporters = []
	metrics.num.samples = 2
	metrics.recording.level = INFO
	metrics.sample.window.ms = 30000
	partition.assignment.strategy = [class org.apache.kafka.clients.consumer.RangeAssignor, class org.apache.kafka.clients.consumer.CooperativeStickyAssignor]
	receive.buffer.bytes = 65536
	reconnect.backoff.max.ms = 1000
	reconnect.backoff.ms = 50
	request.timeout.ms = 5000
	retry.backoff.max.ms = 1000
	retry.backoff.ms = 100
	sasl.client.callback.handler.class = null
	sasl.jaas.config = null
	sasl.kerberos.kinit.cmd = /usr/bin/kinit
	sasl.kerberos.min.time.before.relogin = 60000
	sasl.kerberos.service.name = null
	sasl.kerberos.ticket.renew.jitter = 0.05
	sasl.kerberos.ticket.renew.window.factor = 0.8
	sasl.login.callback.handler.class = null
	sasl.login.class = null
	sasl.login.connect.timeout.ms = null
	sasl.login.read.timeout.ms = null
	sasl.login.refresh.buffer.seconds = 300
	sasl.login.refresh.min.period.seconds = 60
	sasl.login.refresh.window.factor = 0.8
	sasl.login.refresh.window.jitter = 0.05
	sasl.login.retry.backoff.max.ms = 10000
	sasl.login.retry.backoff.ms = 100
	sasl.mechanism = GSSAPI
	sasl.oauthbearer.clock.skew.seconds = 30
	sasl.oauthbearer.expected.audience = null
	sasl.oauthbearer.expected.issuer = null
	sasl.oauthbearer.header.urlencode = false
	sasl.oauthbearer.jwks.endpoint.refresh.ms = 3600000
	sasl.oauthbearer.jwks.endpoint.retry.backoff.max.ms = 10000
	sasl.oauthbearer.jwks.endpoint.retry.backoff.ms = 100
	sasl.oauthbearer.jwks.endpoint.url = null
	sasl.oauthbearer.scope.claim.name = scope
	sasl.oauthbearer.sub.claim.name = sub
	sasl.oauthbearer.token.endpoint.url = null
	security.protocol = PLAINTEXT
	security.providers = null
	send.buffer.bytes = 131072
	session.timeout.ms = 45000
	socket.connection.setup.timeout.max.ms = 30000
	socket.connection.setup.timeout.ms = 10000
	ssl.cipher.suites = null
	ssl.enabled.protocols = [TLSv1.2, TLSv1.3]
	ssl.endpoint.identification.algorithm = https
	ssl.engine.factory.class = null
	ssl.key.password = null
	ssl.keymanager.algorithm = SunX509
	ssl.keystore.certificate.chain = null
	ssl.keystore.key = null
	ssl.keystore.location = null
	ssl.keystore.password = null
	ssl.keystore.type = JKS
	ssl.protocol = TLSv1.3
	ssl.provider = null
	ssl.secure.random.implementation = null
	ssl.trustmanager.algorithm = PKIX
	ssl.truststore.certificates = null
	ssl.truststore.location = null
	ssl.truststore.password = null
	ssl.truststore.type = JKS
	value.deserializer = class io.apicurio.registry.serde.avro.AvroKafkaDeserializer

2025-07-31 17:05:21,687 INFO  [org.apa.kaf.com.tel.int.KafkaMetricsCollector] (main) initializing Kafka metrics collector
2025-07-31 17:05:21,695 INFO  [org.apa.kaf.cli.con.ConsumerConfig] (main) These configurations '[apicurio.registry.url, apicurio.registry.use-id]' were supplied but are not used yet.
2025-07-31 17:05:21,695 INFO  [org.apa.kaf.com.uti.AppInfoParser] (main) Kafka version: 3.9.1
2025-07-31 17:05:21,695 INFO  [org.apa.kaf.com.uti.AppInfoParser] (main) Kafka commitId: f745dfdcee2b9851
2025-07-31 17:05:21,695 INFO  [org.apa.kaf.com.uti.AppInfoParser] (main) Kafka startTimeMs: 1753981521695
2025-07-31 17:05:21,696 INFO  [org.apa.kaf.cli.con.int.ClassicKafkaConsumer] (Thread-738) [Consumer clientId=consumer-Consumer-topic-3a7b99ce_0512_4a9a_bda3_251f26733f49-18, groupId=Consumer-topic-3a7b99ce_0512_4a9a_bda3_251f26733f49] Subscribed to topic(s): topic-3a7b99ce_0512_4a9a_bda3_251f26733f49
2025-07-31 17:05:21,700 INFO  [org.apa.kaf.cli.Metadata] (Thread-738) [Consumer clientId=consumer-Consumer-topic-3a7b99ce_0512_4a9a_bda3_251f26733f49-18, groupId=Consumer-topic-3a7b99ce_0512_4a9a_bda3_251f26733f49] Cluster ID: WpqyxNU-RHKB_ermmfvksw
2025-07-31 17:05:21,700 INFO  [org.apa.kaf.cli.con.int.ConsumerCoordinator] (Thread-738) [Consumer clientId=consumer-Consumer-topic-3a7b99ce_0512_4a9a_bda3_251f26733f49-18, groupId=Consumer-topic-3a7b99ce_0512_4a9a_bda3_251f26733f49] Discovered group coordinator localhost:32770 (id: 2147483647 rack: null)
2025-07-31 17:05:21,702 INFO  [org.apa.kaf.cli.con.int.ConsumerCoordinator] (Thread-738) [Consumer clientId=consumer-Consumer-topic-3a7b99ce_0512_4a9a_bda3_251f26733f49-18, groupId=Consumer-topic-3a7b99ce_0512_4a9a_bda3_251f26733f49] (Re-)joining group
2025-07-31 17:05:21,704 INFO  [org.apa.kaf.cli.con.int.ConsumerCoordinator] (Thread-738) [Consumer clientId=consumer-Consumer-topic-3a7b99ce_0512_4a9a_bda3_251f26733f49-18, groupId=Consumer-topic-3a7b99ce_0512_4a9a_bda3_251f26733f49] Request joining group due to: need to re-join with the given member-id: consumer-Consumer-topic-3a7b99ce_0512_4a9a_bda3_251f26733f49-18-c0ab4630-f6e1-4829-9136-f54bd2bddbb9
2025-07-31 17:05:21,704 INFO  [org.apa.kaf.cli.con.int.ConsumerCoordinator] (Thread-738) [Consumer clientId=consumer-Consumer-topic-3a7b99ce_0512_4a9a_bda3_251f26733f49-18, groupId=Consumer-topic-3a7b99ce_0512_4a9a_bda3_251f26733f49] (Re-)joining group
2025-07-31 17:05:21,708 INFO  [org.apa.kaf.cli.con.int.ConsumerCoordinator] (Thread-738) [Consumer clientId=consumer-Consumer-topic-3a7b99ce_0512_4a9a_bda3_251f26733f49-18, groupId=Consumer-topic-3a7b99ce_0512_4a9a_bda3_251f26733f49] Successfully joined group with generation Generation{generationId=1, memberId='consumer-Consumer-topic-3a7b99ce_0512_4a9a_bda3_251f26733f49-18-c0ab4630-f6e1-4829-9136-f54bd2bddbb9', protocol='range'}
2025-07-31 17:05:21,708 INFO  [org.apa.kaf.cli.con.int.ConsumerCoordinator] (Thread-738) [Consumer clientId=consumer-Consumer-topic-3a7b99ce_0512_4a9a_bda3_251f26733f49-18, groupId=Consumer-topic-3a7b99ce_0512_4a9a_bda3_251f26733f49] Finished assignment for group at generation 1: {consumer-Consumer-topic-3a7b99ce_0512_4a9a_bda3_251f26733f49-18-c0ab4630-f6e1-4829-9136-f54bd2bddbb9=Assignment(partitions=[topic-3a7b99ce_0512_4a9a_bda3_251f26733f49-0])}
2025-07-31 17:05:21,712 INFO  [org.apa.kaf.cli.con.int.ConsumerCoordinator] (Thread-738) [Consumer clientId=consumer-Consumer-topic-3a7b99ce_0512_4a9a_bda3_251f26733f49-18, groupId=Consumer-topic-3a7b99ce_0512_4a9a_bda3_251f26733f49] Successfully synced group in generation Generation{generationId=1, memberId='consumer-Consumer-topic-3a7b99ce_0512_4a9a_bda3_251f26733f49-18-c0ab4630-f6e1-4829-9136-f54bd2bddbb9', protocol='range'}
2025-07-31 17:05:21,712 INFO  [org.apa.kaf.cli.con.int.ConsumerCoordinator] (Thread-738) [Consumer clientId=consumer-Consumer-topic-3a7b99ce_0512_4a9a_bda3_251f26733f49-18, groupId=Consumer-topic-3a7b99ce_0512_4a9a_bda3_251f26733f49] Notifying assignor about the new Assignment(partitions=[topic-3a7b99ce_0512_4a9a_bda3_251f26733f49-0])
2025-07-31 17:05:21,712 INFO  [org.apa.kaf.cli.con.int.ConsumerRebalanceListenerInvoker] (Thread-738) [Consumer clientId=consumer-Consumer-topic-3a7b99ce_0512_4a9a_bda3_251f26733f49-18, groupId=Consumer-topic-3a7b99ce_0512_4a9a_bda3_251f26733f49] Adding newly assigned partitions: topic-3a7b99ce_0512_4a9a_bda3_251f26733f49-0
2025-07-31 17:05:21,714 INFO  [org.apa.kaf.cli.con.int.ConsumerCoordinator] (Thread-738) [Consumer clientId=consumer-Consumer-topic-3a7b99ce_0512_4a9a_bda3_251f26733f49-18, groupId=Consumer-topic-3a7b99ce_0512_4a9a_bda3_251f26733f49] Found no committed offset for partition topic-3a7b99ce_0512_4a9a_bda3_251f26733f49-0
2025-07-31 17:05:21,721 INFO  [org.apa.kaf.cli.con.int.SubscriptionState] (Thread-738) [Consumer clientId=consumer-Consumer-topic-3a7b99ce_0512_4a9a_bda3_251f26733f49-18, groupId=Consumer-topic-3a7b99ce_0512_4a9a_bda3_251f26733f49] Resetting offset for partition topic-3a7b99ce_0512_4a9a_bda3_251f26733f49-0 to position FetchPosition{offset=0, offsetEpoch=Optional.empty, currentLeader=LeaderAndEpoch{leader=Optional[localhost:32770 (id: 0 rack: null)], epoch=0}}.
2025-07-31 17:05:21,762 INFO  [io.api.tes.ser.api.KafkaSerdesTester] (Thread-738) topic-3a7b99ce_0512_4a9a_bda3_251f26733f49 0 0 {"key11753981521378": "value-0"}
2025-07-31 17:05:21,762 INFO  [io.api.tes.ser.api.KafkaSerdesTester] (Thread-738) topic-3a7b99ce_0512_4a9a_bda3_251f26733f49 0 1 {"key11753981521378": "value-1"}
2025-07-31 17:05:21,762 INFO  [io.api.tes.ser.api.KafkaSerdesTester] (Thread-738) topic-3a7b99ce_0512_4a9a_bda3_251f26733f49 0 2 {"key11753981521378": "value-2"}
2025-07-31 17:05:21,762 INFO  [io.api.tes.ser.api.KafkaSerdesTester] (Thread-738) topic-3a7b99ce_0512_4a9a_bda3_251f26733f49 0 3 {"key11753981521378": "value-3"}
2025-07-31 17:05:21,762 INFO  [io.api.tes.ser.api.KafkaSerdesTester] (Thread-738) topic-3a7b99ce_0512_4a9a_bda3_251f26733f49 0 4 {"key11753981521378": "value-4"}
2025-07-31 17:05:21,762 INFO  [io.api.tes.ser.api.KafkaSerdesTester] (Thread-738) topic-3a7b99ce_0512_4a9a_bda3_251f26733f49 0 5 {"key11753981521378": "value-5"}
2025-07-31 17:05:21,762 INFO  [io.api.tes.ser.api.KafkaSerdesTester] (Thread-738) topic-3a7b99ce_0512_4a9a_bda3_251f26733f49 0 6 {"key11753981521378": "value-6"}
2025-07-31 17:05:21,762 INFO  [io.api.tes.ser.api.KafkaSerdesTester] (Thread-738) topic-3a7b99ce_0512_4a9a_bda3_251f26733f49 0 7 {"key11753981521378": "value-7"}
2025-07-31 17:05:21,762 INFO  [io.api.tes.ser.api.KafkaSerdesTester] (Thread-738) topic-3a7b99ce_0512_4a9a_bda3_251f26733f49 0 8 {"key11753981521378": "value-8"}
2025-07-31 17:05:21,762 INFO  [io.api.tes.ser.api.KafkaSerdesTester] (Thread-738) topic-3a7b99ce_0512_4a9a_bda3_251f26733f49 0 9 {"key11753981521378": "value-9"}
2025-07-31 17:05:21,762 INFO  [io.api.tes.ser.api.KafkaSerdesTester] (Thread-738) Consumed 10 messages
2025-07-31 17:05:21,766 INFO  [org.apa.kaf.cli.con.int.ConsumerRebalanceListenerInvoker] (Thread-738) [Consumer clientId=consumer-Consumer-topic-3a7b99ce_0512_4a9a_bda3_251f26733f49-18, groupId=Consumer-topic-3a7b99ce_0512_4a9a_bda3_251f26733f49] Revoke previously assigned partitions topic-3a7b99ce_0512_4a9a_bda3_251f26733f49-0
2025-07-31 17:05:21,766 INFO  [org.apa.kaf.cli.con.int.ConsumerCoordinator] (Thread-738) [Consumer clientId=consumer-Consumer-topic-3a7b99ce_0512_4a9a_bda3_251f26733f49-18, groupId=Consumer-topic-3a7b99ce_0512_4a9a_bda3_251f26733f49] Member consumer-Consumer-topic-3a7b99ce_0512_4a9a_bda3_251f26733f49-18-c0ab4630-f6e1-4829-9136-f54bd2bddbb9 sending LeaveGroup request to coordinator localhost:32770 (id: 2147483647 rack: null) due to the consumer is being closed
2025-07-31 17:05:21,766 INFO  [org.apa.kaf.cli.con.int.ConsumerCoordinator] (Thread-738) [Consumer clientId=consumer-Consumer-topic-3a7b99ce_0512_4a9a_bda3_251f26733f49-18, groupId=Consumer-topic-3a7b99ce_0512_4a9a_bda3_251f26733f49] Resetting generation and member id due to: consumer pro-actively leaving the group
2025-07-31 17:05:21,766 INFO  [org.apa.kaf.cli.con.int.ConsumerCoordinator] (Thread-738) [Consumer clientId=consumer-Consumer-topic-3a7b99ce_0512_4a9a_bda3_251f26733f49-18, groupId=Consumer-topic-3a7b99ce_0512_4a9a_bda3_251f26733f49] Request joining group due to: consumer pro-actively leaving the group
2025-07-31 17:05:22,265 INFO  [org.apa.kaf.com.met.Metrics] (Thread-738) Metrics scheduler closed
2025-07-31 17:05:22,266 INFO  [org.apa.kaf.com.met.Metrics] (Thread-738) Closing reporter org.apache.kafka.common.metrics.JmxReporter
2025-07-31 17:05:22,266 INFO  [org.apa.kaf.com.met.Metrics] (Thread-738) Closing reporter org.apache.kafka.common.telemetry.internals.ClientTelemetryReporter
2025-07-31 17:05:22,266 INFO  [org.apa.kaf.com.met.Metrics] (Thread-738) Metrics reporters closed
2025-07-31 17:05:22,268 INFO  [org.apa.kaf.com.uti.AppInfoParser] (Thread-738) App info kafka.consumer for consumer-Consumer-topic-3a7b99ce_0512_4a9a_bda3_251f26733f49-18 unregistered
2025-07-31 17:05:22,269 INFO  [io.api.tes.uti.TestSeparator] (main) io.apicurio.tests.serdes.apicurio.AvroSerdeIT.testGlobalIdInBody-FINISHED
2025-07-31 17:05:22,269 INFO  [io.api.tes.uti.TestSeparator] (main) ############################################################################
Test passed: testGlobalIdInBody
]]></system-out>
  </testcase>
  <testcase name="testProducerUsesGlobalIdConsumerUsesDefault" classname="io.apicurio.tests.serdes.apicurio.AvroSerdeIT" time="0.0">
    <skipped message="void io.apicurio.tests.serdes.apicurio.AvroSerdeIT.testProducerUsesGlobalIdConsumerUsesDefault() throws java.lang.Exception is @Disabled"/>
  </testcase>
</testsuite>